<?xml version="1.0" encoding="UTF-8"?>
<testsuite xmlns:xsi="http://www.w3.org/2001/XMLSchema-instance" xsi:noNamespaceSchemaLocation="https://maven.apache.org/surefire/maven-surefire-plugin/xsd/surefire-test-report.xsd" name="org.apache.hadoop.ozone.client.rpc.TestDeleteWithSlowFollower" time="35.458" tests="1" errors="0" skipped="0" failures="1">
  <properties>
    <property name="awt.toolkit" value="sun.awt.X11.XToolkit"/>
    <property name="file.encoding.pkg" value="sun.io"/>
    <property name="java.specification.version" value="1.8"/>
    <property name="sun.cpu.isalist" value=""/>
    <property name="sun.jnu.encoding" value="ANSI_X3.4-1968"/>
    <property name="java.class.path" value="/github/workspace/mnt/ozone/hadoop-ozone/integration-test/target/test-classes:/github/workspace/mnt/ozone/hadoop-ozone/integration-test/target/classes:/home/user/.m2/repository/org/apache/hadoop/hadoop-ozone-common/0.6.0-SNAPSHOT/hadoop-ozone-common-0.6.0-SNAPSHOT.jar:/home/user/.m2/repository/org/apache/commons/commons-compress/1.4.1/commons-compress-1.4.1.jar:/home/user/.m2/repository/org/tukaani/xz/1.0/xz-1.0.jar:/home/user/.m2/repository/org/apache/hadoop/hadoop-hdds-common/0.6.0-SNAPSHOT/hadoop-hdds-common-0.6.0-SNAPSHOT.jar:/home/user/.m2/repository/org/apache/hadoop/hadoop-hdds-hadoop-dependency-client/0.6.0-SNAPSHOT/hadoop-hdds-hadoop-dependency-client-0.6.0-SNAPSHOT.jar:/home/user/.m2/repository/info/picocli/picocli/3.9.6/picocli-3.9.6.jar:/home/user/.m2/repository/com/fasterxml/jackson/core/jackson-annotations/2.10.3/jackson-annotations-2.10.3.jar:/home/user/.m2/repository/javax/annotation/javax.annotation-api/1.2/javax.annotation-api-1.2.jar:/home/user/.m2/repository/org/apache/ratis/ratis-server/1.0.0/ratis-server-1.0.0.jar:/home/user/.m2/repository/org/apache/ratis/ratis-client/1.0.0/ratis-client-1.0.0.jar:/home/user/.m2/repository/org/apache/ratis/ratis-metrics/1.0.0/ratis-metrics-1.0.0.jar:/home/user/.m2/repository/org/apache/ratis/ratis-netty/1.0.0/ratis-netty-1.0.0.jar:/home/user/.m2/repository/org/apache/ratis/ratis-grpc/1.0.0/ratis-grpc-1.0.0.jar:/home/user/.m2/repository/org/apache/logging/log4j/log4j-api/2.11.0/log4j-api-2.11.0.jar:/home/user/.m2/repository/org/apache/logging/log4j/log4j-core/2.11.0/log4j-core-2.11.0.jar:/home/user/.m2/repository/com/lmax/disruptor/3.4.2/disruptor-3.4.2.jar:/home/user/.m2/repository/org/apache/commons/commons-pool2/2.6.0/commons-pool2-2.6.0.jar:/home/user/.m2/repository/org/bouncycastle/bcpkix-jdk15on/1.60/bcpkix-jdk15on-1.60.jar:/home/user/.m2/repository/commons-validator/commons-validator/1.6/commons-validator-1.6.jar:/home/user/.m2/repository/commons-digester/commons-digester/1.8.1/commons-digester-1.8.1.jar:/home/user/.m2/repository/io/jaegertracing/jaeger-client/1.2.0/jaeger-client-1.2.0.jar:/home/user/.m2/repository/io/jaegertracing/jaeger-thrift/1.2.0/jaeger-thrift-1.2.0.jar:/home/user/.m2/repository/org/apache/thrift/libthrift/0.13.0/libthrift-0.13.0.jar:/home/user/.m2/repository/com/squareup/okhttp3/okhttp/4.2.2/okhttp-4.2.2.jar:/home/user/.m2/repository/com/squareup/okio/okio/2.2.2/okio-2.2.2.jar:/home/user/.m2/repository/org/jetbrains/kotlin/kotlin-stdlib/1.3.50/kotlin-stdlib-1.3.50.jar:/home/user/.m2/repository/org/jetbrains/kotlin/kotlin-stdlib-common/1.3.50/kotlin-stdlib-common-1.3.50.jar:/home/user/.m2/repository/org/jetbrains/annotations/13.0/annotations-13.0.jar:/home/user/.m2/repository/io/jaegertracing/jaeger-core/1.2.0/jaeger-core-1.2.0.jar:/home/user/.m2/repository/io/jaegertracing/jaeger-tracerresolver/1.2.0/jaeger-tracerresolver-1.2.0.jar:/home/user/.m2/repository/io/opentracing/contrib/opentracing-tracerresolver/0.1.8/opentracing-tracerresolver-0.1.8.jar:/home/user/.m2/repository/io/opentracing/opentracing-util/0.33.0/opentracing-util-0.33.0.jar:/home/user/.m2/repository/io/opentracing/opentracing-api/0.33.0/opentracing-api-0.33.0.jar:/home/user/.m2/repository/io/opentracing/opentracing-noop/0.33.0/opentracing-noop-0.33.0.jar:/home/user/.m2/repository/org/apache/hadoop/hadoop-hdds-client/0.6.0-SNAPSHOT/hadoop-hdds-client-0.6.0-SNAPSHOT.jar:/home/user/.m2/repository/org/apache/hadoop/hadoop-ozone-interface-client/0.6.0-SNAPSHOT/hadoop-ozone-interface-client-0.6.0-SNAPSHOT.jar:/home/user/.m2/repository/org/apache/hadoop/hadoop-hdds-test-utils/0.6.0-SNAPSHOT/hadoop-hdds-test-utils-0.6.0-SNAPSHOT.jar:/home/user/.m2/repository/com/google/guava/guava/28.2-jre/guava-28.2-jre.jar:/home/user/.m2/repository/com/google/guava/failureaccess/1.0.1/failureaccess-1.0.1.jar:/home/user/.m2/repository/com/google/guava/listenablefuture/9999.0-empty-to-avoid-conflict-with-guava/listenablefuture-9999.0-empty-to-avoid-conflict-with-guava.jar:/home/user/.m2/repository/com/google/code/findbugs/jsr305/3.0.0/jsr305-3.0.0.jar:/home/user/.m2/repository/org/checkerframework/checker-qual/2.10.0/checker-qual-2.10.0.jar:/home/user/.m2/repository/com/google/errorprone/error_prone_annotations/2.2.0/error_prone_annotations-2.2.0.jar:/home/user/.m2/repository/com/google/j2objc/j2objc-annotations/1.3/j2objc-annotations-1.3.jar:/home/user/.m2/repository/commons-io/commons-io/2.5/commons-io-2.5.jar:/home/user/.m2/repository/commons-logging/commons-logging/1.2/commons-logging-1.2.jar:/home/user/.m2/repository/log4j/log4j/1.2.17/log4j-1.2.17.jar:/home/user/.m2/repository/org/slf4j/slf4j-api/1.7.25/slf4j-api-1.7.25.jar:/home/user/.m2/repository/org/apache/hadoop/hadoop-hdds-server-scm/0.6.0-SNAPSHOT/hadoop-hdds-server-scm-0.6.0-SNAPSHOT.jar:/home/user/.m2/repository/org/apache/hadoop/hadoop-hdds-container-service/0.6.0-SNAPSHOT/hadoop-hdds-container-service-0.6.0-SNAPSHOT.jar:/home/user/.m2/repository/org/apache/hadoop/hadoop-hdds-hadoop-dependency-server/0.6.0-SNAPSHOT/hadoop-hdds-hadoop-dependency-server-0.6.0-SNAPSHOT.jar:/home/user/.m2/repository/org/apache/hadoop/hadoop-hdds-server-framework/0.6.0-SNAPSHOT/hadoop-hdds-server-framework-0.6.0-SNAPSHOT.jar:/home/user/.m2/repository/org/apache/hadoop/hadoop-hdds-interface-server/0.6.0-SNAPSHOT/hadoop-hdds-interface-server-0.6.0-SNAPSHOT.jar:/home/user/.m2/repository/org/apache/hadoop/hadoop-hdds-interface-admin/0.6.0-SNAPSHOT/hadoop-hdds-interface-admin-0.6.0-SNAPSHOT.jar:/home/user/.m2/repository/org/rocksdb/rocksdbjni/6.8.1/rocksdbjni-6.8.1.jar:/home/user/.m2/repository/io/prometheus/simpleclient_dropwizard/0.7.0/simpleclient_dropwizard-0.7.0.jar:/home/user/.m2/repository/io/prometheus/simpleclient/0.7.0/simpleclient-0.7.0.jar:/home/user/.m2/repository/io/prometheus/simpleclient_common/0.7.0/simpleclient_common-0.7.0.jar:/home/user/.m2/repository/com/fasterxml/jackson/datatype/jackson-datatype-jsr310/2.10.3/jackson-datatype-jsr310-2.10.3.jar:/home/user/.m2/repository/org/apache/hadoop/hadoop-hdds-docs/0.6.0-SNAPSHOT/hadoop-hdds-docs-0.6.0-SNAPSHOT.jar:/home/user/.m2/repository/io/dropwizard/metrics/metrics-core/3.2.4/metrics-core-3.2.4.jar:/home/user/.m2/repository/org/apache/hadoop/hadoop-hdfs-client/3.2.1/hadoop-hdfs-client-3.2.1.jar:/home/user/.m2/repository/org/bouncycastle/bcprov-jdk15on/1.60/bcprov-jdk15on-1.60.jar:/home/user/.m2/repository/org/apache/hadoop/hadoop-ozone-ozone-manager/0.6.0-SNAPSHOT/hadoop-ozone-ozone-manager-0.6.0-SNAPSHOT.jar:/home/user/.m2/repository/org/apache/hadoop/hadoop-hdds-interface-client/0.6.0-SNAPSHOT/hadoop-hdds-interface-client-0.6.0-SNAPSHOT.jar:/home/user/.m2/repository/org/apache/ratis/ratis-thirdparty-misc/0.5.0/ratis-thirdparty-misc-0.5.0.jar:/home/user/.m2/repository/org/apache/hadoop/hadoop-minikdc/3.2.1/hadoop-minikdc-3.2.1.jar:/home/user/.m2/repository/org/apache/kerby/kerb-simplekdc/1.0.1/kerb-simplekdc-1.0.1.jar:/home/user/.m2/repository/org/apache/kerby/kerb-client/1.0.1/kerb-client-1.0.1.jar:/home/user/.m2/repository/org/apache/kerby/kerby-config/1.0.1/kerby-config-1.0.1.jar:/home/user/.m2/repository/org/apache/kerby/kerb-core/1.0.1/kerb-core-1.0.1.jar:/home/user/.m2/repository/org/apache/kerby/kerby-pkix/1.0.1/kerby-pkix-1.0.1.jar:/home/user/.m2/repository/org/apache/kerby/kerby-asn1/1.0.1/kerby-asn1-1.0.1.jar:/home/user/.m2/repository/org/apache/kerby/kerby-util/1.0.1/kerby-util-1.0.1.jar:/home/user/.m2/repository/org/apache/kerby/kerb-common/1.0.1/kerb-common-1.0.1.jar:/home/user/.m2/repository/org/apache/kerby/kerb-crypto/1.0.1/kerb-crypto-1.0.1.jar:/home/user/.m2/repository/org/apache/kerby/kerb-util/1.0.1/kerb-util-1.0.1.jar:/home/user/.m2/repository/org/apache/kerby/token-provider/1.0.1/token-provider-1.0.1.jar:/home/user/.m2/repository/org/apache/kerby/kerb-admin/1.0.1/kerb-admin-1.0.1.jar:/home/user/.m2/repository/org/apache/kerby/kerb-server/1.0.1/kerb-server-1.0.1.jar:/home/user/.m2/repository/org/apache/kerby/kerb-identity/1.0.1/kerb-identity-1.0.1.jar:/home/user/.m2/repository/org/apache/kerby/kerby-xdr/1.0.1/kerby-xdr-1.0.1.jar:/home/user/.m2/repository/org/slf4j/slf4j-log4j12/1.7.25/slf4j-log4j12-1.7.25.jar:/home/user/.m2/repository/org/apache/hadoop/hadoop-ozone-s3gateway/0.6.0-SNAPSHOT/hadoop-ozone-s3gateway-0.6.0-SNAPSHOT.jar:/home/user/.m2/repository/org/jboss/weld/servlet/weld-servlet/2.4.7.Final/weld-servlet-2.4.7.Final.jar:/home/user/.m2/repository/org/glassfish/jersey/containers/jersey-container-servlet-core/2.27/jersey-container-servlet-core-2.27.jar:/home/user/.m2/repository/org/glassfish/hk2/external/javax.inject/2.5.0-b42/javax.inject-2.5.0-b42.jar:/home/user/.m2/repository/org/glassfish/jersey/core/jersey-common/2.27/jersey-common-2.27.jar:/home/user/.m2/repository/org/glassfish/hk2/osgi-resource-locator/1.0.1/osgi-resource-locator-1.0.1.jar:/home/user/.m2/repository/javax/ws/rs/javax.ws.rs-api/2.1/javax.ws.rs-api-2.1.jar:/home/user/.m2/repository/org/glassfish/jersey/ext/cdi/jersey-cdi1x/2.27/jersey-cdi1x-2.27.jar:/home/user/.m2/repository/org/glassfish/jersey/inject/jersey-hk2/2.27/jersey-hk2-2.27.jar:/home/user/.m2/repository/org/glassfish/hk2/hk2-locator/2.5.0-b42/hk2-locator-2.5.0-b42.jar:/home/user/.m2/repository/org/javassist/javassist/3.22.0-CR2/javassist-3.22.0-CR2.jar:/home/user/.m2/repository/org/glassfish/hk2/hk2-api/2.5.0/hk2-api-2.5.0.jar:/home/user/.m2/repository/org/glassfish/hk2/external/jakarta.inject/2.5.0/jakarta.inject-2.5.0.jar:/home/user/.m2/repository/org/glassfish/hk2/hk2-utils/2.5.0/hk2-utils-2.5.0.jar:/home/user/.m2/repository/jakarta/annotation/jakarta.annotation-api/1.3.4/jakarta.annotation-api-1.3.4.jar:/home/user/.m2/repository/org/glassfish/hk2/external/aopalliance-repackaged/2.5.0/aopalliance-repackaged-2.5.0.jar:/home/user/.m2/repository/com/fasterxml/jackson/dataformat/jackson-dataformat-xml/2.10.3/jackson-dataformat-xml-2.10.3.jar:/home/user/.m2/repository/com/fasterxml/jackson/core/jackson-core/2.10.3/jackson-core-2.10.3.jar:/home/user/.m2/repository/com/fasterxml/jackson/module/jackson-module-jaxb-annotations/2.10.3/jackson-module-jaxb-annotations-2.10.3.jar:/home/user/.m2/repository/jakarta/xml/bind/jakarta.xml.bind-api/2.3.2/jakarta.xml.bind-api-2.3.2.jar:/home/user/.m2/repository/jakarta/activation/jakarta.activation-api/1.2.1/jakarta.activation-api-1.2.1.jar:/home/user/.m2/repository/org/codehaus/woodstox/stax2-api/3.1.4/stax2-api-3.1.4.jar:/home/user/.m2/repository/com/fasterxml/woodstox/woodstox-core/5.0.3/woodstox-core-5.0.3.jar:/home/user/.m2/repository/javax/enterprise/cdi-api/1.2/cdi-api-1.2.jar:/home/user/.m2/repository/javax/el/javax.el-api/3.0.0/javax.el-api-3.0.0.jar:/home/user/.m2/repository/javax/interceptor/javax.interceptor-api/1.2/javax.interceptor-api-1.2.jar:/home/user/.m2/repository/javax/inject/javax.inject/1/javax.inject-1.jar:/home/user/.m2/repository/com/sun/xml/bind/jaxb-impl/2.3.0.1/jaxb-impl-2.3.0.1.jar:/home/user/.m2/repository/com/sun/xml/bind/jaxb-core/2.3.0.1/jaxb-core-2.3.0.1.jar:/home/user/.m2/repository/javax/xml/bind/jaxb-api/2.3.0/jaxb-api-2.3.0.jar:/home/user/.m2/repository/javax/activation/activation/1.1.1/activation-1.1.1.jar:/home/user/.m2/repository/org/apache/hadoop/hadoop-ozone-csi/0.6.0-SNAPSHOT/hadoop-ozone-csi-0.6.0-SNAPSHOT.jar:/home/user/.m2/repository/com/google/protobuf/protobuf-java-util/3.11.0/protobuf-java-util-3.11.0.jar:/home/user/.m2/repository/com/google/code/gson/gson/2.2.4/gson-2.2.4.jar:/home/user/.m2/repository/org/apache/hadoop/hadoop-hdds-config/0.6.0-SNAPSHOT/hadoop-hdds-config-0.6.0-SNAPSHOT.jar:/home/user/.m2/repository/com/google/protobuf/protobuf-java/2.5.0/protobuf-java-2.5.0.jar:/home/user/.m2/repository/io/grpc/grpc-netty/1.29.0/grpc-netty-1.29.0.jar:/home/user/.m2/repository/io/grpc/grpc-core/1.29.0/grpc-core-1.29.0.jar:/home/user/.m2/repository/com/google/android/annotations/4.1.1.4/annotations-4.1.1.4.jar:/home/user/.m2/repository/io/perfmark/perfmark-api/0.19.0/perfmark-api-0.19.0.jar:/home/user/.m2/repository/io/netty/netty-codec-http2/4.1.48.Final/netty-codec-http2-4.1.48.Final.jar:/home/user/.m2/repository/io/netty/netty-codec/4.1.48.Final/netty-codec-4.1.48.Final.jar:/home/user/.m2/repository/io/netty/netty-handler/4.1.48.Final/netty-handler-4.1.48.Final.jar:/home/user/.m2/repository/io/netty/netty-codec-http/4.1.48.Final/netty-codec-http-4.1.48.Final.jar:/home/user/.m2/repository/io/netty/netty-handler-proxy/4.1.48.Final/netty-handler-proxy-4.1.48.Final.jar:/home/user/.m2/repository/io/netty/netty-codec-socks/4.1.48.Final/netty-codec-socks-4.1.48.Final.jar:/home/user/.m2/repository/io/netty/netty-transport-native-epoll/4.1.48.Final/netty-transport-native-epoll-4.1.48.Final.jar:/home/user/.m2/repository/io/netty/netty-common/4.1.48.Final/netty-common-4.1.48.Final.jar:/home/user/.m2/repository/io/netty/netty-buffer/4.1.48.Final/netty-buffer-4.1.48.Final.jar:/home/user/.m2/repository/io/netty/netty-transport/4.1.48.Final/netty-transport-4.1.48.Final.jar:/home/user/.m2/repository/io/netty/netty-resolver/4.1.48.Final/netty-resolver-4.1.48.Final.jar:/home/user/.m2/repository/io/netty/netty-transport-native-unix-common/4.1.48.Final/netty-transport-native-unix-common-4.1.48.Final.jar:/home/user/.m2/repository/io/grpc/grpc-protobuf/1.29.0/grpc-protobuf-1.29.0.jar:/home/user/.m2/repository/io/grpc/grpc-api/1.29.0/grpc-api-1.29.0.jar:/home/user/.m2/repository/io/grpc/grpc-context/1.29.0/grpc-context-1.29.0.jar:/home/user/.m2/repository/org/codehaus/mojo/animal-sniffer-annotations/1.18/animal-sniffer-annotations-1.18.jar:/home/user/.m2/repository/com/google/api/grpc/proto-google-common-protos/1.17.0/proto-google-common-protos-1.17.0.jar:/home/user/.m2/repository/io/grpc/grpc-protobuf-lite/1.29.0/grpc-protobuf-lite-1.29.0.jar:/home/user/.m2/repository/io/grpc/grpc-stub/1.29.0/grpc-stub-1.29.0.jar:/home/user/.m2/repository/org/apache/hadoop/hadoop-ozone-recon/0.6.0-SNAPSHOT/hadoop-ozone-recon-0.6.0-SNAPSHOT.jar:/home/user/.m2/repository/org/apache/hadoop/hadoop-ozone-reconcodegen/0.6.0-SNAPSHOT/hadoop-ozone-reconcodegen-0.6.0-SNAPSHOT.jar:/home/user/.m2/repository/com/google/inject/extensions/guice-multibindings/4.0/guice-multibindings-4.0.jar:/home/user/.m2/repository/com/google/inject/guice/4.0/guice-4.0.jar:/home/user/.m2/repository/aopalliance/aopalliance/1.0/aopalliance-1.0.jar:/home/user/.m2/repository/com/google/inject/extensions/guice-assistedinject/4.0/guice-assistedinject-4.0.jar:/home/user/.m2/repository/com/google/inject/extensions/guice-servlet/4.0/guice-servlet-4.0.jar:/home/user/.m2/repository/org/glassfish/jersey/containers/jersey-container-servlet/2.27/jersey-container-servlet-2.27.jar:/home/user/.m2/repository/org/glassfish/hk2/guice-bridge/2.5.0/guice-bridge-2.5.0.jar:/home/user/.m2/repository/org/glassfish/jersey/core/jersey-server/2.27/jersey-server-2.27.jar:/home/user/.m2/repository/org/glassfish/jersey/core/jersey-client/2.27/jersey-client-2.27.jar:/home/user/.m2/repository/org/glassfish/jersey/media/jersey-media-jaxb/2.27/jersey-media-jaxb-2.27.jar:/home/user/.m2/repository/javax/validation/validation-api/1.1.0.Final/validation-api-1.1.0.Final.jar:/home/user/.m2/repository/org/glassfish/jersey/media/jersey-media-json-jackson/2.27/jersey-media-json-jackson-2.27.jar:/home/user/.m2/repository/org/glassfish/jersey/ext/jersey-entity-filtering/2.27/jersey-entity-filtering-2.27.jar:/home/user/.m2/repository/org/jooq/jooq/3.11.10/jooq-3.11.10.jar:/home/user/.m2/repository/org/jooq/jooq-meta/3.11.10/jooq-meta-3.11.10.jar:/home/user/.m2/repository/org/jooq/jooq-codegen/3.11.10/jooq-codegen-3.11.10.jar:/home/user/.m2/repository/com/jolbox/bonecp/0.8.0.RELEASE/bonecp-0.8.0.RELEASE.jar:/home/user/.m2/repository/org/apache/derby/derby/10.14.2.0/derby-10.14.2.0.jar:/home/user/.m2/repository/org/xerial/sqlite-jdbc/3.25.2/sqlite-jdbc-3.25.2.jar:/home/user/.m2/repository/org/springframework/spring-jdbc/5.2.5.RELEASE/spring-jdbc-5.2.5.RELEASE.jar:/home/user/.m2/repository/org/springframework/spring-beans/5.2.5.RELEASE/spring-beans-5.2.5.RELEASE.jar:/home/user/.m2/repository/org/springframework/spring-core/5.2.5.RELEASE/spring-core-5.2.5.RELEASE.jar:/home/user/.m2/repository/org/springframework/spring-jcl/5.2.5.RELEASE/spring-jcl-5.2.5.RELEASE.jar:/home/user/.m2/repository/org/springframework/spring-tx/5.2.5.RELEASE/spring-tx-5.2.5.RELEASE.jar:/home/user/.m2/repository/org/apache/hadoop/hadoop-ozone-client/0.6.0-SNAPSHOT/hadoop-ozone-client-0.6.0-SNAPSHOT.jar:/home/user/.m2/repository/org/apache/hadoop/hadoop-ozone-filesystem/0.6.0-SNAPSHOT/hadoop-ozone-filesystem-0.6.0-SNAPSHOT.jar:/home/user/.m2/repository/org/apache/hadoop/hadoop-ozone-filesystem-common/0.6.0-SNAPSHOT/hadoop-ozone-filesystem-common-0.6.0-SNAPSHOT.jar:/home/user/.m2/repository/org/apache/hadoop/hadoop-ozone-tools/0.6.0-SNAPSHOT/hadoop-ozone-tools-0.6.0-SNAPSHOT.jar:/home/user/.m2/repository/org/apache/hadoop/hadoop-hdfs/3.2.1/hadoop-hdfs-3.2.1.jar:/home/user/.m2/repository/org/apache/ratis/ratis-tools/1.0.0/ratis-tools-1.0.0.jar:/home/user/.m2/repository/org/apache/ratis/ratis-proto/1.0.0/ratis-proto-1.0.0.jar:/home/user/.m2/repository/org/apache/ratis/ratis-common/1.0.0/ratis-common-1.0.0.jar:/home/user/.m2/repository/com/amazonaws/aws-java-sdk-core/1.11.615/aws-java-sdk-core-1.11.615.jar:/home/user/.m2/repository/org/apache/httpcomponents/httpclient/4.5.2/httpclient-4.5.2.jar:/home/user/.m2/repository/org/apache/httpcomponents/httpcore/4.4.4/httpcore-4.4.4.jar:/home/user/.m2/repository/software/amazon/ion/ion-java/1.0.2/ion-java-1.0.2.jar:/home/user/.m2/repository/com/fasterxml/jackson/dataformat/jackson-dataformat-cbor/2.10.3/jackson-dataformat-cbor-2.10.3.jar:/home/user/.m2/repository/joda-time/joda-time/2.8.1/joda-time-2.8.1.jar:/home/user/.m2/repository/com/amazonaws/aws-java-sdk-s3/1.11.615/aws-java-sdk-s3-1.11.615.jar:/home/user/.m2/repository/com/amazonaws/aws-java-sdk-kms/1.11.615/aws-java-sdk-kms-1.11.615.jar:/home/user/.m2/repository/com/amazonaws/jmespath-java/1.11.615/jmespath-java-1.11.615.jar:/home/user/.m2/repository/org/apache/hadoop/hadoop-hdds-tools/0.6.0-SNAPSHOT/hadoop-hdds-tools-0.6.0-SNAPSHOT.jar:/home/user/.m2/repository/commons-cli/commons-cli/1.2/commons-cli-1.2.jar:/home/user/.m2/repository/org/apache/commons/commons-lang3/3.7/commons-lang3-3.7.jar:/home/user/.m2/repository/org/apache/hadoop/hadoop-ozone-ozone-manager/0.6.0-SNAPSHOT/hadoop-ozone-ozone-manager-0.6.0-SNAPSHOT-tests.jar:/home/user/.m2/repository/junit/junit/4.11/junit-4.11.jar:/home/user/.m2/repository/org/hamcrest/hamcrest-core/1.3/hamcrest-core-1.3.jar:/home/user/.m2/repository/org/openjdk/jmh/jmh-core/1.19/jmh-core-1.19.jar:/home/user/.m2/repository/net/sf/jopt-simple/jopt-simple/4.6/jopt-simple-4.6.jar:/home/user/.m2/repository/org/apache/commons/commons-math3/3.1.1/commons-math3-3.1.1.jar:/home/user/.m2/repository/org/openjdk/jmh/jmh-generator-annprocess/1.19/jmh-generator-annprocess-1.19.jar:/home/user/.m2/repository/org/mockito/mockito-all/1.8.5/mockito-all-1.8.5.jar:/home/user/.m2/repository/org/apache/hadoop/hadoop-kms/3.2.1/hadoop-kms-3.2.1.jar:/home/user/.m2/repository/org/apache/hadoop/hadoop-auth/3.2.1/hadoop-auth-3.2.1.jar:/home/user/.m2/repository/com/nimbusds/nimbus-jose-jwt/7.9/nimbus-jose-jwt-7.9.jar:/home/user/.m2/repository/com/github/stephenc/jcip/jcip-annotations/1.0-1/jcip-annotations-1.0-1.jar:/home/user/.m2/repository/net/minidev/json-smart/2.3/json-smart-2.3.jar:/home/user/.m2/repository/net/minidev/accessors-smart/1.2/accessors-smart-1.2.jar:/home/user/.m2/repository/org/ow2/asm/asm/5.0.4/asm-5.0.4.jar:/home/user/.m2/repository/org/apache/zookeeper/zookeeper/3.4.13/zookeeper-3.4.13.jar:/home/user/.m2/repository/org/apache/yetus/audience-annotations/0.5.0/audience-annotations-0.5.0.jar:/home/user/.m2/repository/org/apache/curator/curator-framework/2.13.0/curator-framework-2.13.0.jar:/home/user/.m2/repository/com/sun/jersey/jersey-core/1.19/jersey-core-1.19.jar:/home/user/.m2/repository/javax/ws/rs/jsr311-api/1.1.1/jsr311-api-1.1.1.jar:/home/user/.m2/repository/com/sun/jersey/jersey-server/1.19/jersey-server-1.19.jar:/home/user/.m2/repository/javax/servlet/javax.servlet-api/3.1.0/javax.servlet-api-3.1.0.jar:/home/user/.m2/repository/org/eclipse/jetty/jetty-server/9.4.26.v20200117/jetty-server-9.4.26.v20200117.jar:/home/user/.m2/repository/org/eclipse/jetty/jetty-http/9.4.26.v20200117/jetty-http-9.4.26.v20200117.jar:/home/user/.m2/repository/org/eclipse/jetty/jetty-io/9.4.26.v20200117/jetty-io-9.4.26.v20200117.jar:/home/user/.m2/repository/org/eclipse/jetty/jetty-webapp/9.4.26.v20200117/jetty-webapp-9.4.26.v20200117.jar:/home/user/.m2/repository/org/eclipse/jetty/jetty-xml/9.4.26.v20200117/jetty-xml-9.4.26.v20200117.jar:/home/user/.m2/repository/org/eclipse/jetty/jetty-servlet/9.4.26.v20200117/jetty-servlet-9.4.26.v20200117.jar:/home/user/.m2/repository/org/eclipse/jetty/jetty-security/9.4.26.v20200117/jetty-security-9.4.26.v20200117.jar:/home/user/.m2/repository/org/apache/hadoop/hadoop-common/3.2.1/hadoop-common-3.2.1.jar:/home/user/.m2/repository/commons-net/commons-net/3.6/commons-net-3.6.jar:/home/user/.m2/repository/commons-collections/commons-collections/3.2.2/commons-collections-3.2.2.jar:/home/user/.m2/repository/com/sun/jersey/jersey-servlet/1.19/jersey-servlet-1.19.jar:/home/user/.m2/repository/com/sun/jersey/jersey-json/1.19/jersey-json-1.19.jar:/home/user/.m2/repository/org/codehaus/jettison/jettison/1.1/jettison-1.1.jar:/home/user/.m2/repository/org/codehaus/jackson/jackson-jaxrs/1.9.2/jackson-jaxrs-1.9.2.jar:/home/user/.m2/repository/org/codehaus/jackson/jackson-xc/1.9.2/jackson-xc-1.9.2.jar:/home/user/.m2/repository/commons-beanutils/commons-beanutils/1.9.4/commons-beanutils-1.9.4.jar:/home/user/.m2/repository/org/apache/commons/commons-configuration2/2.1.1/commons-configuration2-2.1.1.jar:/home/user/.m2/repository/org/apache/commons/commons-text/1.4/commons-text-1.4.jar:/home/user/.m2/repository/com/google/re2j/re2j/1.1/re2j-1.1.jar:/home/user/.m2/repository/com/jcraft/jsch/0.1.54/jsch-0.1.54.jar:/home/user/.m2/repository/org/apache/curator/curator-client/2.13.0/curator-client-2.13.0.jar:/home/user/.m2/repository/org/apache/curator/curator-recipes/2.13.0/curator-recipes-2.13.0.jar:/home/user/.m2/repository/dnsjava/dnsjava/2.1.7/dnsjava-2.1.7.jar:/home/user/.m2/repository/org/slf4j/jul-to-slf4j/1.7.25/jul-to-slf4j-1.7.25.jar:/home/user/.m2/repository/org/eclipse/jetty/jetty-util/9.4.26.v20200117/jetty-util-9.4.26.v20200117.jar:/home/user/.m2/repository/com/fasterxml/jackson/core/jackson-databind/2.10.3/jackson-databind-2.10.3.jar:/home/user/.m2/repository/org/apache/hadoop/hadoop-kms/3.2.1/hadoop-kms-3.2.1-tests.jar:/home/user/.m2/repository/org/apache/hadoop/hadoop-hdds-server-scm/0.6.0-SNAPSHOT/hadoop-hdds-server-scm-0.6.0-SNAPSHOT-tests.jar:/home/user/.m2/repository/org/apache/hadoop/hadoop-hdds-container-service/0.6.0-SNAPSHOT/hadoop-hdds-container-service-0.6.0-SNAPSHOT-tests.jar:/home/user/.m2/repository/org/apache/hadoop/hadoop-hdds-common/0.6.0-SNAPSHOT/hadoop-hdds-common-0.6.0-SNAPSHOT-tests.jar:/home/user/.m2/repository/org/yaml/snakeyaml/1.16/snakeyaml-1.16.jar:/home/user/.m2/repository/org/apache/hadoop/hadoop-hdds-hadoop-dependency-test/0.6.0-SNAPSHOT/hadoop-hdds-hadoop-dependency-test-0.6.0-SNAPSHOT.jar:/home/user/.m2/repository/org/apache/hadoop/hadoop-common/3.2.1/hadoop-common-3.2.1-tests.jar:/home/user/.m2/repository/javax/servlet/jsp/jsp-api/2.1/jsp-api-2.1.jar:/home/user/.m2/repository/org/apache/hadoop/hadoop-hdfs/3.2.1/hadoop-hdfs-3.2.1-tests.jar:/home/user/.m2/repository/org/eclipse/jetty/jetty-util-ajax/9.4.26.v20200117/jetty-util-ajax-9.4.26.v20200117.jar:/home/user/.m2/repository/commons-codec/commons-codec/1.11/commons-codec-1.11.jar:/home/user/.m2/repository/commons-daemon/commons-daemon/1.0.13/commons-daemon-1.0.13.jar:/home/user/.m2/repository/io/netty/netty/3.10.5.Final/netty-3.10.5.Final.jar:/home/user/.m2/repository/io/netty/netty-all/4.1.48.Final/netty-all-4.1.48.Final.jar:/home/user/.m2/repository/org/apache/htrace/htrace-core4/4.1.0-incubating/htrace-core4-4.1.0-incubating.jar:/home/user/.m2/repository/org/fusesource/leveldbjni/leveldbjni-all/1.8/leveldbjni-all-1.8.jar:/home/user/.m2/repository/org/apache/hadoop/hadoop-distcp/3.2.1/hadoop-distcp-3.2.1.jar:/home/user/.m2/repository/org/apache/hadoop/hadoop-mapreduce-client-jobclient/3.2.1/hadoop-mapreduce-client-jobclient-3.2.1.jar:/home/user/.m2/repository/org/apache/hadoop/hadoop-mapreduce-client-common/3.2.1/hadoop-mapreduce-client-common-3.2.1.jar:/home/user/.m2/repository/org/apache/hadoop/hadoop-yarn-common/3.2.1/hadoop-yarn-common-3.2.1.jar:/home/user/.m2/repository/org/apache/hadoop/hadoop-yarn-api/3.2.1/hadoop-yarn-api-3.2.1.jar:/home/user/.m2/repository/com/sun/jersey/jersey-client/1.19/jersey-client-1.19.jar:/home/user/.m2/repository/com/sun/jersey/contribs/jersey-guice/1.19/jersey-guice-1.19.jar:/home/user/.m2/repository/com/fasterxml/jackson/jaxrs/jackson-jaxrs-json-provider/2.10.3/jackson-jaxrs-json-provider-2.10.3.jar:/home/user/.m2/repository/com/fasterxml/jackson/jaxrs/jackson-jaxrs-base/2.10.3/jackson-jaxrs-base-2.10.3.jar:/home/user/.m2/repository/org/apache/hadoop/hadoop-yarn-client/3.2.1/hadoop-yarn-client-3.2.1.jar:/home/user/.m2/repository/org/apache/hadoop/hadoop-mapreduce-client-core/3.2.1/hadoop-mapreduce-client-core-3.2.1.jar:/home/user/.m2/repository/org/apache/avro/avro/1.7.7/avro-1.7.7.jar:/home/user/.m2/repository/org/codehaus/jackson/jackson-core-asl/1.9.13/jackson-core-asl-1.9.13.jar:/home/user/.m2/repository/org/codehaus/jackson/jackson-mapper-asl/1.9.13/jackson-mapper-asl-1.9.13.jar:/home/user/.m2/repository/com/thoughtworks/paranamer/paranamer/2.3/paranamer-2.3.jar:/home/user/.m2/repository/org/xerial/snappy/snappy-java/1.0.5/snappy-java-1.0.5.jar:/home/user/.m2/repository/org/apache/hadoop/hadoop-annotations/3.2.1/hadoop-annotations-3.2.1.jar:/usr/lib/jvm/java-1.8.0-openjdk-1.8.0.232.b09-0.el7_7.x86_64/jre/../lib/tools.jar:/home/user/.m2/repository/org/apache/hadoop/hadoop-distcp/3.2.1/hadoop-distcp-3.2.1-tests.jar:"/>
    <property name="java.vm.vendor" value="Oracle Corporation"/>
    <property name="sun.arch.data.model" value="64"/>
    <property name="test.build.dir" value="/github/workspace/mnt/ozone/hadoop-ozone/integration-test/target/test-dir"/>
    <property name="test.cache.data" value=""/>
    <property name="java.vendor.url" value="http://java.oracle.com/"/>
    <property name="user.timezone" value=""/>
    <property name="java.vm.specification.version" value="1.8"/>
    <property name="os.name" value="Linux"/>
    <property name="test.build.data" value="/github/workspace/mnt/ozone/hadoop-ozone/integration-test/target/test-dir"/>
    <property name="user.country" value="US"/>
    <property name="sun.java.launcher" value="SUN_STANDARD"/>
    <property name="sun.boot.library.path" value="/usr/lib/jvm/java-1.8.0-openjdk-1.8.0.232.b09-0.el7_7.x86_64/jre/lib/amd64"/>
    <property name="sun.java.command" value="/github/workspace/mnt/ozone/hadoop-ozone/integration-test/target/surefire/surefirebooter8560306487815164889.jar /github/workspace/mnt/ozone/hadoop-ozone/integration-test/target/surefire 2020-08-02T00-57-30_710-jvmRun1 surefire129446349773136579tmp surefire_78014041816653151945tmp"/>
    <property name="surefire.test.class.path" value="/github/workspace/mnt/ozone/hadoop-ozone/integration-test/target/test-classes:/github/workspace/mnt/ozone/hadoop-ozone/integration-test/target/classes:/home/user/.m2/repository/org/apache/hadoop/hadoop-ozone-common/0.6.0-SNAPSHOT/hadoop-ozone-common-0.6.0-SNAPSHOT.jar:/home/user/.m2/repository/org/apache/commons/commons-compress/1.4.1/commons-compress-1.4.1.jar:/home/user/.m2/repository/org/tukaani/xz/1.0/xz-1.0.jar:/home/user/.m2/repository/org/apache/hadoop/hadoop-hdds-common/0.6.0-SNAPSHOT/hadoop-hdds-common-0.6.0-SNAPSHOT.jar:/home/user/.m2/repository/org/apache/hadoop/hadoop-hdds-hadoop-dependency-client/0.6.0-SNAPSHOT/hadoop-hdds-hadoop-dependency-client-0.6.0-SNAPSHOT.jar:/home/user/.m2/repository/info/picocli/picocli/3.9.6/picocli-3.9.6.jar:/home/user/.m2/repository/com/fasterxml/jackson/core/jackson-annotations/2.10.3/jackson-annotations-2.10.3.jar:/home/user/.m2/repository/javax/annotation/javax.annotation-api/1.2/javax.annotation-api-1.2.jar:/home/user/.m2/repository/org/apache/ratis/ratis-server/1.0.0/ratis-server-1.0.0.jar:/home/user/.m2/repository/org/apache/ratis/ratis-client/1.0.0/ratis-client-1.0.0.jar:/home/user/.m2/repository/org/apache/ratis/ratis-metrics/1.0.0/ratis-metrics-1.0.0.jar:/home/user/.m2/repository/org/apache/ratis/ratis-netty/1.0.0/ratis-netty-1.0.0.jar:/home/user/.m2/repository/org/apache/ratis/ratis-grpc/1.0.0/ratis-grpc-1.0.0.jar:/home/user/.m2/repository/org/apache/logging/log4j/log4j-api/2.11.0/log4j-api-2.11.0.jar:/home/user/.m2/repository/org/apache/logging/log4j/log4j-core/2.11.0/log4j-core-2.11.0.jar:/home/user/.m2/repository/com/lmax/disruptor/3.4.2/disruptor-3.4.2.jar:/home/user/.m2/repository/org/apache/commons/commons-pool2/2.6.0/commons-pool2-2.6.0.jar:/home/user/.m2/repository/org/bouncycastle/bcpkix-jdk15on/1.60/bcpkix-jdk15on-1.60.jar:/home/user/.m2/repository/commons-validator/commons-validator/1.6/commons-validator-1.6.jar:/home/user/.m2/repository/commons-digester/commons-digester/1.8.1/commons-digester-1.8.1.jar:/home/user/.m2/repository/io/jaegertracing/jaeger-client/1.2.0/jaeger-client-1.2.0.jar:/home/user/.m2/repository/io/jaegertracing/jaeger-thrift/1.2.0/jaeger-thrift-1.2.0.jar:/home/user/.m2/repository/org/apache/thrift/libthrift/0.13.0/libthrift-0.13.0.jar:/home/user/.m2/repository/com/squareup/okhttp3/okhttp/4.2.2/okhttp-4.2.2.jar:/home/user/.m2/repository/com/squareup/okio/okio/2.2.2/okio-2.2.2.jar:/home/user/.m2/repository/org/jetbrains/kotlin/kotlin-stdlib/1.3.50/kotlin-stdlib-1.3.50.jar:/home/user/.m2/repository/org/jetbrains/kotlin/kotlin-stdlib-common/1.3.50/kotlin-stdlib-common-1.3.50.jar:/home/user/.m2/repository/org/jetbrains/annotations/13.0/annotations-13.0.jar:/home/user/.m2/repository/io/jaegertracing/jaeger-core/1.2.0/jaeger-core-1.2.0.jar:/home/user/.m2/repository/io/jaegertracing/jaeger-tracerresolver/1.2.0/jaeger-tracerresolver-1.2.0.jar:/home/user/.m2/repository/io/opentracing/contrib/opentracing-tracerresolver/0.1.8/opentracing-tracerresolver-0.1.8.jar:/home/user/.m2/repository/io/opentracing/opentracing-util/0.33.0/opentracing-util-0.33.0.jar:/home/user/.m2/repository/io/opentracing/opentracing-api/0.33.0/opentracing-api-0.33.0.jar:/home/user/.m2/repository/io/opentracing/opentracing-noop/0.33.0/opentracing-noop-0.33.0.jar:/home/user/.m2/repository/org/apache/hadoop/hadoop-hdds-client/0.6.0-SNAPSHOT/hadoop-hdds-client-0.6.0-SNAPSHOT.jar:/home/user/.m2/repository/org/apache/hadoop/hadoop-ozone-interface-client/0.6.0-SNAPSHOT/hadoop-ozone-interface-client-0.6.0-SNAPSHOT.jar:/home/user/.m2/repository/org/apache/hadoop/hadoop-hdds-test-utils/0.6.0-SNAPSHOT/hadoop-hdds-test-utils-0.6.0-SNAPSHOT.jar:/home/user/.m2/repository/com/google/guava/guava/28.2-jre/guava-28.2-jre.jar:/home/user/.m2/repository/com/google/guava/failureaccess/1.0.1/failureaccess-1.0.1.jar:/home/user/.m2/repository/com/google/guava/listenablefuture/9999.0-empty-to-avoid-conflict-with-guava/listenablefuture-9999.0-empty-to-avoid-conflict-with-guava.jar:/home/user/.m2/repository/com/google/code/findbugs/jsr305/3.0.0/jsr305-3.0.0.jar:/home/user/.m2/repository/org/checkerframework/checker-qual/2.10.0/checker-qual-2.10.0.jar:/home/user/.m2/repository/com/google/errorprone/error_prone_annotations/2.2.0/error_prone_annotations-2.2.0.jar:/home/user/.m2/repository/com/google/j2objc/j2objc-annotations/1.3/j2objc-annotations-1.3.jar:/home/user/.m2/repository/commons-io/commons-io/2.5/commons-io-2.5.jar:/home/user/.m2/repository/commons-logging/commons-logging/1.2/commons-logging-1.2.jar:/home/user/.m2/repository/log4j/log4j/1.2.17/log4j-1.2.17.jar:/home/user/.m2/repository/org/slf4j/slf4j-api/1.7.25/slf4j-api-1.7.25.jar:/home/user/.m2/repository/org/apache/hadoop/hadoop-hdds-server-scm/0.6.0-SNAPSHOT/hadoop-hdds-server-scm-0.6.0-SNAPSHOT.jar:/home/user/.m2/repository/org/apache/hadoop/hadoop-hdds-container-service/0.6.0-SNAPSHOT/hadoop-hdds-container-service-0.6.0-SNAPSHOT.jar:/home/user/.m2/repository/org/apache/hadoop/hadoop-hdds-hadoop-dependency-server/0.6.0-SNAPSHOT/hadoop-hdds-hadoop-dependency-server-0.6.0-SNAPSHOT.jar:/home/user/.m2/repository/org/apache/hadoop/hadoop-hdds-server-framework/0.6.0-SNAPSHOT/hadoop-hdds-server-framework-0.6.0-SNAPSHOT.jar:/home/user/.m2/repository/org/apache/hadoop/hadoop-hdds-interface-server/0.6.0-SNAPSHOT/hadoop-hdds-interface-server-0.6.0-SNAPSHOT.jar:/home/user/.m2/repository/org/apache/hadoop/hadoop-hdds-interface-admin/0.6.0-SNAPSHOT/hadoop-hdds-interface-admin-0.6.0-SNAPSHOT.jar:/home/user/.m2/repository/org/rocksdb/rocksdbjni/6.8.1/rocksdbjni-6.8.1.jar:/home/user/.m2/repository/io/prometheus/simpleclient_dropwizard/0.7.0/simpleclient_dropwizard-0.7.0.jar:/home/user/.m2/repository/io/prometheus/simpleclient/0.7.0/simpleclient-0.7.0.jar:/home/user/.m2/repository/io/prometheus/simpleclient_common/0.7.0/simpleclient_common-0.7.0.jar:/home/user/.m2/repository/com/fasterxml/jackson/datatype/jackson-datatype-jsr310/2.10.3/jackson-datatype-jsr310-2.10.3.jar:/home/user/.m2/repository/org/apache/hadoop/hadoop-hdds-docs/0.6.0-SNAPSHOT/hadoop-hdds-docs-0.6.0-SNAPSHOT.jar:/home/user/.m2/repository/io/dropwizard/metrics/metrics-core/3.2.4/metrics-core-3.2.4.jar:/home/user/.m2/repository/org/apache/hadoop/hadoop-hdfs-client/3.2.1/hadoop-hdfs-client-3.2.1.jar:/home/user/.m2/repository/org/bouncycastle/bcprov-jdk15on/1.60/bcprov-jdk15on-1.60.jar:/home/user/.m2/repository/org/apache/hadoop/hadoop-ozone-ozone-manager/0.6.0-SNAPSHOT/hadoop-ozone-ozone-manager-0.6.0-SNAPSHOT.jar:/home/user/.m2/repository/org/apache/hadoop/hadoop-hdds-interface-client/0.6.0-SNAPSHOT/hadoop-hdds-interface-client-0.6.0-SNAPSHOT.jar:/home/user/.m2/repository/org/apache/ratis/ratis-thirdparty-misc/0.5.0/ratis-thirdparty-misc-0.5.0.jar:/home/user/.m2/repository/org/apache/hadoop/hadoop-minikdc/3.2.1/hadoop-minikdc-3.2.1.jar:/home/user/.m2/repository/org/apache/kerby/kerb-simplekdc/1.0.1/kerb-simplekdc-1.0.1.jar:/home/user/.m2/repository/org/apache/kerby/kerb-client/1.0.1/kerb-client-1.0.1.jar:/home/user/.m2/repository/org/apache/kerby/kerby-config/1.0.1/kerby-config-1.0.1.jar:/home/user/.m2/repository/org/apache/kerby/kerb-core/1.0.1/kerb-core-1.0.1.jar:/home/user/.m2/repository/org/apache/kerby/kerby-pkix/1.0.1/kerby-pkix-1.0.1.jar:/home/user/.m2/repository/org/apache/kerby/kerby-asn1/1.0.1/kerby-asn1-1.0.1.jar:/home/user/.m2/repository/org/apache/kerby/kerby-util/1.0.1/kerby-util-1.0.1.jar:/home/user/.m2/repository/org/apache/kerby/kerb-common/1.0.1/kerb-common-1.0.1.jar:/home/user/.m2/repository/org/apache/kerby/kerb-crypto/1.0.1/kerb-crypto-1.0.1.jar:/home/user/.m2/repository/org/apache/kerby/kerb-util/1.0.1/kerb-util-1.0.1.jar:/home/user/.m2/repository/org/apache/kerby/token-provider/1.0.1/token-provider-1.0.1.jar:/home/user/.m2/repository/org/apache/kerby/kerb-admin/1.0.1/kerb-admin-1.0.1.jar:/home/user/.m2/repository/org/apache/kerby/kerb-server/1.0.1/kerb-server-1.0.1.jar:/home/user/.m2/repository/org/apache/kerby/kerb-identity/1.0.1/kerb-identity-1.0.1.jar:/home/user/.m2/repository/org/apache/kerby/kerby-xdr/1.0.1/kerby-xdr-1.0.1.jar:/home/user/.m2/repository/org/slf4j/slf4j-log4j12/1.7.25/slf4j-log4j12-1.7.25.jar:/home/user/.m2/repository/org/apache/hadoop/hadoop-ozone-s3gateway/0.6.0-SNAPSHOT/hadoop-ozone-s3gateway-0.6.0-SNAPSHOT.jar:/home/user/.m2/repository/org/jboss/weld/servlet/weld-servlet/2.4.7.Final/weld-servlet-2.4.7.Final.jar:/home/user/.m2/repository/org/glassfish/jersey/containers/jersey-container-servlet-core/2.27/jersey-container-servlet-core-2.27.jar:/home/user/.m2/repository/org/glassfish/hk2/external/javax.inject/2.5.0-b42/javax.inject-2.5.0-b42.jar:/home/user/.m2/repository/org/glassfish/jersey/core/jersey-common/2.27/jersey-common-2.27.jar:/home/user/.m2/repository/org/glassfish/hk2/osgi-resource-locator/1.0.1/osgi-resource-locator-1.0.1.jar:/home/user/.m2/repository/javax/ws/rs/javax.ws.rs-api/2.1/javax.ws.rs-api-2.1.jar:/home/user/.m2/repository/org/glassfish/jersey/ext/cdi/jersey-cdi1x/2.27/jersey-cdi1x-2.27.jar:/home/user/.m2/repository/org/glassfish/jersey/inject/jersey-hk2/2.27/jersey-hk2-2.27.jar:/home/user/.m2/repository/org/glassfish/hk2/hk2-locator/2.5.0-b42/hk2-locator-2.5.0-b42.jar:/home/user/.m2/repository/org/javassist/javassist/3.22.0-CR2/javassist-3.22.0-CR2.jar:/home/user/.m2/repository/org/glassfish/hk2/hk2-api/2.5.0/hk2-api-2.5.0.jar:/home/user/.m2/repository/org/glassfish/hk2/external/jakarta.inject/2.5.0/jakarta.inject-2.5.0.jar:/home/user/.m2/repository/org/glassfish/hk2/hk2-utils/2.5.0/hk2-utils-2.5.0.jar:/home/user/.m2/repository/jakarta/annotation/jakarta.annotation-api/1.3.4/jakarta.annotation-api-1.3.4.jar:/home/user/.m2/repository/org/glassfish/hk2/external/aopalliance-repackaged/2.5.0/aopalliance-repackaged-2.5.0.jar:/home/user/.m2/repository/com/fasterxml/jackson/dataformat/jackson-dataformat-xml/2.10.3/jackson-dataformat-xml-2.10.3.jar:/home/user/.m2/repository/com/fasterxml/jackson/core/jackson-core/2.10.3/jackson-core-2.10.3.jar:/home/user/.m2/repository/com/fasterxml/jackson/module/jackson-module-jaxb-annotations/2.10.3/jackson-module-jaxb-annotations-2.10.3.jar:/home/user/.m2/repository/jakarta/xml/bind/jakarta.xml.bind-api/2.3.2/jakarta.xml.bind-api-2.3.2.jar:/home/user/.m2/repository/jakarta/activation/jakarta.activation-api/1.2.1/jakarta.activation-api-1.2.1.jar:/home/user/.m2/repository/org/codehaus/woodstox/stax2-api/3.1.4/stax2-api-3.1.4.jar:/home/user/.m2/repository/com/fasterxml/woodstox/woodstox-core/5.0.3/woodstox-core-5.0.3.jar:/home/user/.m2/repository/javax/enterprise/cdi-api/1.2/cdi-api-1.2.jar:/home/user/.m2/repository/javax/el/javax.el-api/3.0.0/javax.el-api-3.0.0.jar:/home/user/.m2/repository/javax/interceptor/javax.interceptor-api/1.2/javax.interceptor-api-1.2.jar:/home/user/.m2/repository/javax/inject/javax.inject/1/javax.inject-1.jar:/home/user/.m2/repository/com/sun/xml/bind/jaxb-impl/2.3.0.1/jaxb-impl-2.3.0.1.jar:/home/user/.m2/repository/com/sun/xml/bind/jaxb-core/2.3.0.1/jaxb-core-2.3.0.1.jar:/home/user/.m2/repository/javax/xml/bind/jaxb-api/2.3.0/jaxb-api-2.3.0.jar:/home/user/.m2/repository/javax/activation/activation/1.1.1/activation-1.1.1.jar:/home/user/.m2/repository/org/apache/hadoop/hadoop-ozone-csi/0.6.0-SNAPSHOT/hadoop-ozone-csi-0.6.0-SNAPSHOT.jar:/home/user/.m2/repository/com/google/protobuf/protobuf-java-util/3.11.0/protobuf-java-util-3.11.0.jar:/home/user/.m2/repository/com/google/code/gson/gson/2.2.4/gson-2.2.4.jar:/home/user/.m2/repository/org/apache/hadoop/hadoop-hdds-config/0.6.0-SNAPSHOT/hadoop-hdds-config-0.6.0-SNAPSHOT.jar:/home/user/.m2/repository/com/google/protobuf/protobuf-java/2.5.0/protobuf-java-2.5.0.jar:/home/user/.m2/repository/io/grpc/grpc-netty/1.29.0/grpc-netty-1.29.0.jar:/home/user/.m2/repository/io/grpc/grpc-core/1.29.0/grpc-core-1.29.0.jar:/home/user/.m2/repository/com/google/android/annotations/4.1.1.4/annotations-4.1.1.4.jar:/home/user/.m2/repository/io/perfmark/perfmark-api/0.19.0/perfmark-api-0.19.0.jar:/home/user/.m2/repository/io/netty/netty-codec-http2/4.1.48.Final/netty-codec-http2-4.1.48.Final.jar:/home/user/.m2/repository/io/netty/netty-codec/4.1.48.Final/netty-codec-4.1.48.Final.jar:/home/user/.m2/repository/io/netty/netty-handler/4.1.48.Final/netty-handler-4.1.48.Final.jar:/home/user/.m2/repository/io/netty/netty-codec-http/4.1.48.Final/netty-codec-http-4.1.48.Final.jar:/home/user/.m2/repository/io/netty/netty-handler-proxy/4.1.48.Final/netty-handler-proxy-4.1.48.Final.jar:/home/user/.m2/repository/io/netty/netty-codec-socks/4.1.48.Final/netty-codec-socks-4.1.48.Final.jar:/home/user/.m2/repository/io/netty/netty-transport-native-epoll/4.1.48.Final/netty-transport-native-epoll-4.1.48.Final.jar:/home/user/.m2/repository/io/netty/netty-common/4.1.48.Final/netty-common-4.1.48.Final.jar:/home/user/.m2/repository/io/netty/netty-buffer/4.1.48.Final/netty-buffer-4.1.48.Final.jar:/home/user/.m2/repository/io/netty/netty-transport/4.1.48.Final/netty-transport-4.1.48.Final.jar:/home/user/.m2/repository/io/netty/netty-resolver/4.1.48.Final/netty-resolver-4.1.48.Final.jar:/home/user/.m2/repository/io/netty/netty-transport-native-unix-common/4.1.48.Final/netty-transport-native-unix-common-4.1.48.Final.jar:/home/user/.m2/repository/io/grpc/grpc-protobuf/1.29.0/grpc-protobuf-1.29.0.jar:/home/user/.m2/repository/io/grpc/grpc-api/1.29.0/grpc-api-1.29.0.jar:/home/user/.m2/repository/io/grpc/grpc-context/1.29.0/grpc-context-1.29.0.jar:/home/user/.m2/repository/org/codehaus/mojo/animal-sniffer-annotations/1.18/animal-sniffer-annotations-1.18.jar:/home/user/.m2/repository/com/google/api/grpc/proto-google-common-protos/1.17.0/proto-google-common-protos-1.17.0.jar:/home/user/.m2/repository/io/grpc/grpc-protobuf-lite/1.29.0/grpc-protobuf-lite-1.29.0.jar:/home/user/.m2/repository/io/grpc/grpc-stub/1.29.0/grpc-stub-1.29.0.jar:/home/user/.m2/repository/org/apache/hadoop/hadoop-ozone-recon/0.6.0-SNAPSHOT/hadoop-ozone-recon-0.6.0-SNAPSHOT.jar:/home/user/.m2/repository/org/apache/hadoop/hadoop-ozone-reconcodegen/0.6.0-SNAPSHOT/hadoop-ozone-reconcodegen-0.6.0-SNAPSHOT.jar:/home/user/.m2/repository/com/google/inject/extensions/guice-multibindings/4.0/guice-multibindings-4.0.jar:/home/user/.m2/repository/com/google/inject/guice/4.0/guice-4.0.jar:/home/user/.m2/repository/aopalliance/aopalliance/1.0/aopalliance-1.0.jar:/home/user/.m2/repository/com/google/inject/extensions/guice-assistedinject/4.0/guice-assistedinject-4.0.jar:/home/user/.m2/repository/com/google/inject/extensions/guice-servlet/4.0/guice-servlet-4.0.jar:/home/user/.m2/repository/org/glassfish/jersey/containers/jersey-container-servlet/2.27/jersey-container-servlet-2.27.jar:/home/user/.m2/repository/org/glassfish/hk2/guice-bridge/2.5.0/guice-bridge-2.5.0.jar:/home/user/.m2/repository/org/glassfish/jersey/core/jersey-server/2.27/jersey-server-2.27.jar:/home/user/.m2/repository/org/glassfish/jersey/core/jersey-client/2.27/jersey-client-2.27.jar:/home/user/.m2/repository/org/glassfish/jersey/media/jersey-media-jaxb/2.27/jersey-media-jaxb-2.27.jar:/home/user/.m2/repository/javax/validation/validation-api/1.1.0.Final/validation-api-1.1.0.Final.jar:/home/user/.m2/repository/org/glassfish/jersey/media/jersey-media-json-jackson/2.27/jersey-media-json-jackson-2.27.jar:/home/user/.m2/repository/org/glassfish/jersey/ext/jersey-entity-filtering/2.27/jersey-entity-filtering-2.27.jar:/home/user/.m2/repository/org/jooq/jooq/3.11.10/jooq-3.11.10.jar:/home/user/.m2/repository/org/jooq/jooq-meta/3.11.10/jooq-meta-3.11.10.jar:/home/user/.m2/repository/org/jooq/jooq-codegen/3.11.10/jooq-codegen-3.11.10.jar:/home/user/.m2/repository/com/jolbox/bonecp/0.8.0.RELEASE/bonecp-0.8.0.RELEASE.jar:/home/user/.m2/repository/org/apache/derby/derby/10.14.2.0/derby-10.14.2.0.jar:/home/user/.m2/repository/org/xerial/sqlite-jdbc/3.25.2/sqlite-jdbc-3.25.2.jar:/home/user/.m2/repository/org/springframework/spring-jdbc/5.2.5.RELEASE/spring-jdbc-5.2.5.RELEASE.jar:/home/user/.m2/repository/org/springframework/spring-beans/5.2.5.RELEASE/spring-beans-5.2.5.RELEASE.jar:/home/user/.m2/repository/org/springframework/spring-core/5.2.5.RELEASE/spring-core-5.2.5.RELEASE.jar:/home/user/.m2/repository/org/springframework/spring-jcl/5.2.5.RELEASE/spring-jcl-5.2.5.RELEASE.jar:/home/user/.m2/repository/org/springframework/spring-tx/5.2.5.RELEASE/spring-tx-5.2.5.RELEASE.jar:/home/user/.m2/repository/org/apache/hadoop/hadoop-ozone-client/0.6.0-SNAPSHOT/hadoop-ozone-client-0.6.0-SNAPSHOT.jar:/home/user/.m2/repository/org/apache/hadoop/hadoop-ozone-filesystem/0.6.0-SNAPSHOT/hadoop-ozone-filesystem-0.6.0-SNAPSHOT.jar:/home/user/.m2/repository/org/apache/hadoop/hadoop-ozone-filesystem-common/0.6.0-SNAPSHOT/hadoop-ozone-filesystem-common-0.6.0-SNAPSHOT.jar:/home/user/.m2/repository/org/apache/hadoop/hadoop-ozone-tools/0.6.0-SNAPSHOT/hadoop-ozone-tools-0.6.0-SNAPSHOT.jar:/home/user/.m2/repository/org/apache/hadoop/hadoop-hdfs/3.2.1/hadoop-hdfs-3.2.1.jar:/home/user/.m2/repository/org/apache/ratis/ratis-tools/1.0.0/ratis-tools-1.0.0.jar:/home/user/.m2/repository/org/apache/ratis/ratis-proto/1.0.0/ratis-proto-1.0.0.jar:/home/user/.m2/repository/org/apache/ratis/ratis-common/1.0.0/ratis-common-1.0.0.jar:/home/user/.m2/repository/com/amazonaws/aws-java-sdk-core/1.11.615/aws-java-sdk-core-1.11.615.jar:/home/user/.m2/repository/org/apache/httpcomponents/httpclient/4.5.2/httpclient-4.5.2.jar:/home/user/.m2/repository/org/apache/httpcomponents/httpcore/4.4.4/httpcore-4.4.4.jar:/home/user/.m2/repository/software/amazon/ion/ion-java/1.0.2/ion-java-1.0.2.jar:/home/user/.m2/repository/com/fasterxml/jackson/dataformat/jackson-dataformat-cbor/2.10.3/jackson-dataformat-cbor-2.10.3.jar:/home/user/.m2/repository/joda-time/joda-time/2.8.1/joda-time-2.8.1.jar:/home/user/.m2/repository/com/amazonaws/aws-java-sdk-s3/1.11.615/aws-java-sdk-s3-1.11.615.jar:/home/user/.m2/repository/com/amazonaws/aws-java-sdk-kms/1.11.615/aws-java-sdk-kms-1.11.615.jar:/home/user/.m2/repository/com/amazonaws/jmespath-java/1.11.615/jmespath-java-1.11.615.jar:/home/user/.m2/repository/org/apache/hadoop/hadoop-hdds-tools/0.6.0-SNAPSHOT/hadoop-hdds-tools-0.6.0-SNAPSHOT.jar:/home/user/.m2/repository/commons-cli/commons-cli/1.2/commons-cli-1.2.jar:/home/user/.m2/repository/org/apache/commons/commons-lang3/3.7/commons-lang3-3.7.jar:/home/user/.m2/repository/org/apache/hadoop/hadoop-ozone-ozone-manager/0.6.0-SNAPSHOT/hadoop-ozone-ozone-manager-0.6.0-SNAPSHOT-tests.jar:/home/user/.m2/repository/junit/junit/4.11/junit-4.11.jar:/home/user/.m2/repository/org/hamcrest/hamcrest-core/1.3/hamcrest-core-1.3.jar:/home/user/.m2/repository/org/openjdk/jmh/jmh-core/1.19/jmh-core-1.19.jar:/home/user/.m2/repository/net/sf/jopt-simple/jopt-simple/4.6/jopt-simple-4.6.jar:/home/user/.m2/repository/org/apache/commons/commons-math3/3.1.1/commons-math3-3.1.1.jar:/home/user/.m2/repository/org/openjdk/jmh/jmh-generator-annprocess/1.19/jmh-generator-annprocess-1.19.jar:/home/user/.m2/repository/org/mockito/mockito-all/1.8.5/mockito-all-1.8.5.jar:/home/user/.m2/repository/org/apache/hadoop/hadoop-kms/3.2.1/hadoop-kms-3.2.1.jar:/home/user/.m2/repository/org/apache/hadoop/hadoop-auth/3.2.1/hadoop-auth-3.2.1.jar:/home/user/.m2/repository/com/nimbusds/nimbus-jose-jwt/7.9/nimbus-jose-jwt-7.9.jar:/home/user/.m2/repository/com/github/stephenc/jcip/jcip-annotations/1.0-1/jcip-annotations-1.0-1.jar:/home/user/.m2/repository/net/minidev/json-smart/2.3/json-smart-2.3.jar:/home/user/.m2/repository/net/minidev/accessors-smart/1.2/accessors-smart-1.2.jar:/home/user/.m2/repository/org/ow2/asm/asm/5.0.4/asm-5.0.4.jar:/home/user/.m2/repository/org/apache/zookeeper/zookeeper/3.4.13/zookeeper-3.4.13.jar:/home/user/.m2/repository/org/apache/yetus/audience-annotations/0.5.0/audience-annotations-0.5.0.jar:/home/user/.m2/repository/org/apache/curator/curator-framework/2.13.0/curator-framework-2.13.0.jar:/home/user/.m2/repository/com/sun/jersey/jersey-core/1.19/jersey-core-1.19.jar:/home/user/.m2/repository/javax/ws/rs/jsr311-api/1.1.1/jsr311-api-1.1.1.jar:/home/user/.m2/repository/com/sun/jersey/jersey-server/1.19/jersey-server-1.19.jar:/home/user/.m2/repository/javax/servlet/javax.servlet-api/3.1.0/javax.servlet-api-3.1.0.jar:/home/user/.m2/repository/org/eclipse/jetty/jetty-server/9.4.26.v20200117/jetty-server-9.4.26.v20200117.jar:/home/user/.m2/repository/org/eclipse/jetty/jetty-http/9.4.26.v20200117/jetty-http-9.4.26.v20200117.jar:/home/user/.m2/repository/org/eclipse/jetty/jetty-io/9.4.26.v20200117/jetty-io-9.4.26.v20200117.jar:/home/user/.m2/repository/org/eclipse/jetty/jetty-webapp/9.4.26.v20200117/jetty-webapp-9.4.26.v20200117.jar:/home/user/.m2/repository/org/eclipse/jetty/jetty-xml/9.4.26.v20200117/jetty-xml-9.4.26.v20200117.jar:/home/user/.m2/repository/org/eclipse/jetty/jetty-servlet/9.4.26.v20200117/jetty-servlet-9.4.26.v20200117.jar:/home/user/.m2/repository/org/eclipse/jetty/jetty-security/9.4.26.v20200117/jetty-security-9.4.26.v20200117.jar:/home/user/.m2/repository/org/apache/hadoop/hadoop-common/3.2.1/hadoop-common-3.2.1.jar:/home/user/.m2/repository/commons-net/commons-net/3.6/commons-net-3.6.jar:/home/user/.m2/repository/commons-collections/commons-collections/3.2.2/commons-collections-3.2.2.jar:/home/user/.m2/repository/com/sun/jersey/jersey-servlet/1.19/jersey-servlet-1.19.jar:/home/user/.m2/repository/com/sun/jersey/jersey-json/1.19/jersey-json-1.19.jar:/home/user/.m2/repository/org/codehaus/jettison/jettison/1.1/jettison-1.1.jar:/home/user/.m2/repository/org/codehaus/jackson/jackson-jaxrs/1.9.2/jackson-jaxrs-1.9.2.jar:/home/user/.m2/repository/org/codehaus/jackson/jackson-xc/1.9.2/jackson-xc-1.9.2.jar:/home/user/.m2/repository/commons-beanutils/commons-beanutils/1.9.4/commons-beanutils-1.9.4.jar:/home/user/.m2/repository/org/apache/commons/commons-configuration2/2.1.1/commons-configuration2-2.1.1.jar:/home/user/.m2/repository/org/apache/commons/commons-text/1.4/commons-text-1.4.jar:/home/user/.m2/repository/com/google/re2j/re2j/1.1/re2j-1.1.jar:/home/user/.m2/repository/com/jcraft/jsch/0.1.54/jsch-0.1.54.jar:/home/user/.m2/repository/org/apache/curator/curator-client/2.13.0/curator-client-2.13.0.jar:/home/user/.m2/repository/org/apache/curator/curator-recipes/2.13.0/curator-recipes-2.13.0.jar:/home/user/.m2/repository/dnsjava/dnsjava/2.1.7/dnsjava-2.1.7.jar:/home/user/.m2/repository/org/slf4j/jul-to-slf4j/1.7.25/jul-to-slf4j-1.7.25.jar:/home/user/.m2/repository/org/eclipse/jetty/jetty-util/9.4.26.v20200117/jetty-util-9.4.26.v20200117.jar:/home/user/.m2/repository/com/fasterxml/jackson/core/jackson-databind/2.10.3/jackson-databind-2.10.3.jar:/home/user/.m2/repository/org/apache/hadoop/hadoop-kms/3.2.1/hadoop-kms-3.2.1-tests.jar:/home/user/.m2/repository/org/apache/hadoop/hadoop-hdds-server-scm/0.6.0-SNAPSHOT/hadoop-hdds-server-scm-0.6.0-SNAPSHOT-tests.jar:/home/user/.m2/repository/org/apache/hadoop/hadoop-hdds-container-service/0.6.0-SNAPSHOT/hadoop-hdds-container-service-0.6.0-SNAPSHOT-tests.jar:/home/user/.m2/repository/org/apache/hadoop/hadoop-hdds-common/0.6.0-SNAPSHOT/hadoop-hdds-common-0.6.0-SNAPSHOT-tests.jar:/home/user/.m2/repository/org/yaml/snakeyaml/1.16/snakeyaml-1.16.jar:/home/user/.m2/repository/org/apache/hadoop/hadoop-hdds-hadoop-dependency-test/0.6.0-SNAPSHOT/hadoop-hdds-hadoop-dependency-test-0.6.0-SNAPSHOT.jar:/home/user/.m2/repository/org/apache/hadoop/hadoop-common/3.2.1/hadoop-common-3.2.1-tests.jar:/home/user/.m2/repository/javax/servlet/jsp/jsp-api/2.1/jsp-api-2.1.jar:/home/user/.m2/repository/org/apache/hadoop/hadoop-hdfs/3.2.1/hadoop-hdfs-3.2.1-tests.jar:/home/user/.m2/repository/org/eclipse/jetty/jetty-util-ajax/9.4.26.v20200117/jetty-util-ajax-9.4.26.v20200117.jar:/home/user/.m2/repository/commons-codec/commons-codec/1.11/commons-codec-1.11.jar:/home/user/.m2/repository/commons-daemon/commons-daemon/1.0.13/commons-daemon-1.0.13.jar:/home/user/.m2/repository/io/netty/netty/3.10.5.Final/netty-3.10.5.Final.jar:/home/user/.m2/repository/io/netty/netty-all/4.1.48.Final/netty-all-4.1.48.Final.jar:/home/user/.m2/repository/org/apache/htrace/htrace-core4/4.1.0-incubating/htrace-core4-4.1.0-incubating.jar:/home/user/.m2/repository/org/fusesource/leveldbjni/leveldbjni-all/1.8/leveldbjni-all-1.8.jar:/home/user/.m2/repository/org/apache/hadoop/hadoop-distcp/3.2.1/hadoop-distcp-3.2.1.jar:/home/user/.m2/repository/org/apache/hadoop/hadoop-mapreduce-client-jobclient/3.2.1/hadoop-mapreduce-client-jobclient-3.2.1.jar:/home/user/.m2/repository/org/apache/hadoop/hadoop-mapreduce-client-common/3.2.1/hadoop-mapreduce-client-common-3.2.1.jar:/home/user/.m2/repository/org/apache/hadoop/hadoop-yarn-common/3.2.1/hadoop-yarn-common-3.2.1.jar:/home/user/.m2/repository/org/apache/hadoop/hadoop-yarn-api/3.2.1/hadoop-yarn-api-3.2.1.jar:/home/user/.m2/repository/com/sun/jersey/jersey-client/1.19/jersey-client-1.19.jar:/home/user/.m2/repository/com/sun/jersey/contribs/jersey-guice/1.19/jersey-guice-1.19.jar:/home/user/.m2/repository/com/fasterxml/jackson/jaxrs/jackson-jaxrs-json-provider/2.10.3/jackson-jaxrs-json-provider-2.10.3.jar:/home/user/.m2/repository/com/fasterxml/jackson/jaxrs/jackson-jaxrs-base/2.10.3/jackson-jaxrs-base-2.10.3.jar:/home/user/.m2/repository/org/apache/hadoop/hadoop-yarn-client/3.2.1/hadoop-yarn-client-3.2.1.jar:/home/user/.m2/repository/org/apache/hadoop/hadoop-mapreduce-client-core/3.2.1/hadoop-mapreduce-client-core-3.2.1.jar:/home/user/.m2/repository/org/apache/avro/avro/1.7.7/avro-1.7.7.jar:/home/user/.m2/repository/org/codehaus/jackson/jackson-core-asl/1.9.13/jackson-core-asl-1.9.13.jar:/home/user/.m2/repository/org/codehaus/jackson/jackson-mapper-asl/1.9.13/jackson-mapper-asl-1.9.13.jar:/home/user/.m2/repository/com/thoughtworks/paranamer/paranamer/2.3/paranamer-2.3.jar:/home/user/.m2/repository/org/xerial/snappy/snappy-java/1.0.5/snappy-java-1.0.5.jar:/home/user/.m2/repository/org/apache/hadoop/hadoop-annotations/3.2.1/hadoop-annotations-3.2.1.jar:/usr/lib/jvm/java-1.8.0-openjdk-1.8.0.232.b09-0.el7_7.x86_64/jre/../lib/tools.jar:/home/user/.m2/repository/org/apache/hadoop/hadoop-distcp/3.2.1/hadoop-distcp-3.2.1-tests.jar:"/>
    <property name="sun.cpu.endian" value="little"/>
    <property name="user.home" value="/home/user"/>
    <property name="user.language" value="en"/>
    <property name="java.specification.vendor" value="Oracle Corporation"/>
    <property name="java.home" value="/usr/lib/jvm/java-1.8.0-openjdk-1.8.0.232.b09-0.el7_7.x86_64/jre"/>
    <property name="java.security.krb5.conf" value="/github/workspace/mnt/ozone/hadoop-ozone/integration-test/target/test-classes/krb5.conf"/>
    <property name="basedir" value="/github/workspace/mnt/ozone/hadoop-ozone/integration-test"/>
    <property name="file.separator" value="/"/>
    <property name="line.separator" value="&#10;"/>
    <property name="java.vm.specification.vendor" value="Oracle Corporation"/>
    <property name="java.specification.name" value="Java Platform API Specification"/>
    <property name="java.awt.graphicsenv" value="sun.awt.X11GraphicsEnvironment"/>
    <property name="skip.installnpx" value="true"/>
    <property name="surefire.real.class.path" value="/github/workspace/mnt/ozone/hadoop-ozone/integration-test/target/surefire/surefirebooter8560306487815164889.jar:/home/user/.m2/repository/org/jacoco/org.jacoco.agent/0.8.5/org.jacoco.agent-0.8.5-runtime.jar"/>
    <property name="hadoop.log.dir" value="/github/workspace/mnt/ozone/hadoop-ozone/integration-test/target/log"/>
    <property name="sun.boot.class.path" value="/usr/lib/jvm/java-1.8.0-openjdk-1.8.0.232.b09-0.el7_7.x86_64/jre/lib/resources.jar:/usr/lib/jvm/java-1.8.0-openjdk-1.8.0.232.b09-0.el7_7.x86_64/jre/lib/rt.jar:/usr/lib/jvm/java-1.8.0-openjdk-1.8.0.232.b09-0.el7_7.x86_64/jre/lib/sunrsasign.jar:/usr/lib/jvm/java-1.8.0-openjdk-1.8.0.232.b09-0.el7_7.x86_64/jre/lib/jsse.jar:/usr/lib/jvm/java-1.8.0-openjdk-1.8.0.232.b09-0.el7_7.x86_64/jre/lib/jce.jar:/usr/lib/jvm/java-1.8.0-openjdk-1.8.0.232.b09-0.el7_7.x86_64/jre/lib/charsets.jar:/usr/lib/jvm/java-1.8.0-openjdk-1.8.0.232.b09-0.el7_7.x86_64/jre/lib/jfr.jar:/usr/lib/jvm/java-1.8.0-openjdk-1.8.0.232.b09-0.el7_7.x86_64/jre/classes"/>
    <property name="sun.management.compiler" value="HotSpot 64-Bit Tiered Compilers"/>
    <property name="skip.npx" value="true"/>
    <property name="java.runtime.version" value="1.8.0_232-b09"/>
    <property name="java.net.preferIPv4Stack" value="true"/>
    <property name="user.name" value="jenkins1001"/>
    <property name="path.separator" value=":"/>
    <property name="java.security.egd" value="file:///dev/urandom"/>
    <property name="os.version" value="5.3.0-1032-azure"/>
    <property name="java.endorsed.dirs" value="/usr/lib/jvm/java-1.8.0-openjdk-1.8.0.232.b09-0.el7_7.x86_64/jre/lib/endorsed"/>
    <property name="java.runtime.name" value="OpenJDK Runtime Environment"/>
    <property name="file.encoding" value="ANSI_X3.4-1968"/>
    <property name="java.vm.name" value="OpenJDK 64-Bit Server VM"/>
    <property name="test.build.webapps" value=""/>
    <property name="localRepository" value="/home/user/.m2/repository"/>
    <property name="java.vendor.url.bug" value="http://bugreport.sun.com/bugreport/"/>
    <property name="java.io.tmpdir" value="/tmp"/>
    <property name="require.test.libhadoop" value=""/>
    <property name="java.version" value="1.8.0_232"/>
    <property name="user.dir" value="/github/workspace/mnt/ozone/hadoop-ozone/integration-test"/>
    <property name="os.arch" value="amd64"/>
    <property name="java.vm.specification.name" value="Java Virtual Machine Specification"/>
    <property name="test.build.classes" value="/github/workspace/mnt/ozone/hadoop-ozone/integration-test/target/test-classes"/>
    <property name="java.awt.printerjob" value="sun.print.PSPrinterJob"/>
    <property name="sun.os.patch.level" value="unknown"/>
    <property name="hadoop.tmp.dir" value="/github/workspace/mnt/ozone/hadoop-ozone/integration-test/target/tmp"/>
    <property name="java.library.path" value="/usr/lib:/usr/java/packages/lib/amd64:/usr/lib64:/lib64:/lib:/usr/lib"/>
    <property name="java.vm.info" value="mixed mode"/>
    <property name="java.vendor" value="Oracle Corporation"/>
    <property name="java.vm.version" value="25.232-b09"/>
    <property name="java.ext.dirs" value="/usr/lib/jvm/java-1.8.0-openjdk-1.8.0.232.b09-0.el7_7.x86_64/jre/lib/ext:/usr/java/packages/lib/ext"/>
    <property name="sun.io.unicode.encoding" value="UnicodeLittle"/>
    <property name="java.class.version" value="52.0"/>
  </properties>
  <testcase name="testDeleteKeyWithSlowFollower" classname="org.apache.hadoop.ozone.client.rpc.TestDeleteWithSlowFollower" time="11.63">
    <failure type="java.lang.AssertionError">java.lang.AssertionError
	at org.junit.Assert.fail(Assert.java:86)
	at org.junit.Assert.assertTrue(Assert.java:41)
	at org.junit.Assert.assertTrue(Assert.java:52)
	at org.apache.hadoop.ozone.client.rpc.TestDeleteWithSlowFollower.testDeleteKeyWithSlowFollower(TestDeleteWithSlowFollower.java:272)
	at sun.reflect.NativeMethodAccessorImpl.invoke0(Native Method)
	at sun.reflect.NativeMethodAccessorImpl.invoke(NativeMethodAccessorImpl.java:62)
	at sun.reflect.DelegatingMethodAccessorImpl.invoke(DelegatingMethodAccessorImpl.java:43)
	at java.lang.reflect.Method.invoke(Method.java:498)
	at org.junit.runners.model.FrameworkMethod$1.runReflectiveCall(FrameworkMethod.java:47)
	at org.junit.internal.runners.model.ReflectiveCallable.run(ReflectiveCallable.java:12)
	at org.junit.runners.model.FrameworkMethod.invokeExplosively(FrameworkMethod.java:44)
	at org.junit.internal.runners.statements.InvokeMethod.evaluate(InvokeMethod.java:17)
	at org.junit.runners.ParentRunner.runLeaf(ParentRunner.java:271)
	at org.junit.runners.BlockJUnit4ClassRunner.runChild(BlockJUnit4ClassRunner.java:70)
	at org.junit.runners.BlockJUnit4ClassRunner.runChild(BlockJUnit4ClassRunner.java:50)
	at org.junit.runners.ParentRunner$3.run(ParentRunner.java:238)
	at org.junit.runners.ParentRunner$1.schedule(ParentRunner.java:63)
	at org.junit.runners.ParentRunner.runChildren(ParentRunner.java:236)
	at org.junit.runners.ParentRunner.access$000(ParentRunner.java:53)
	at org.junit.runners.ParentRunner$2.evaluate(ParentRunner.java:229)
	at org.junit.internal.runners.statements.RunBefores.evaluate(RunBefores.java:26)
	at org.junit.internal.runners.statements.RunAfters.evaluate(RunAfters.java:27)
	at org.junit.runners.ParentRunner.run(ParentRunner.java:309)
	at org.apache.maven.surefire.junit4.JUnit4Provider.execute(JUnit4Provider.java:365)
	at org.apache.maven.surefire.junit4.JUnit4Provider.executeWithRerun(JUnit4Provider.java:273)
	at org.apache.maven.surefire.junit4.JUnit4Provider.executeTestSet(JUnit4Provider.java:238)
	at org.apache.maven.surefire.junit4.JUnit4Provider.invoke(JUnit4Provider.java:159)
	at org.apache.maven.surefire.booter.ForkedBooter.invokeProviderInSameClassLoader(ForkedBooter.java:384)
	at org.apache.maven.surefire.booter.ForkedBooter.runSuitesInProcess(ForkedBooter.java:345)
	at org.apache.maven.surefire.booter.ForkedBooter.execute(ForkedBooter.java:126)
	at org.apache.maven.surefire.booter.ForkedBooter.main(ForkedBooter.java:418)
</failure>
    <system-out><![CDATA[2020-08-02 01:05:59,357 [main] WARN  server.ServerUtils (ServerUtils.java:getScmDbDir(148)) - ozone.scm.db.dirs is not configured. We recommend adding this setting. Falling back to ozone.metadata.dirs instead.
2020-08-02 01:05:59,470 [main] WARN  server.ServerUtils (ServerUtils.java:getScmDbDir(148)) - ozone.scm.db.dirs is not configured. We recommend adding this setting. Falling back to ozone.metadata.dirs instead.
2020-08-02 01:05:59,645 [main] WARN  db.DBStoreBuilder (DBStoreBuilder.java:createDBStoreBuilder(277)) - ozone.scm.db.dirs is not configured. We recommend adding this setting. Falling back to ozone.metadata.dirs instead.
2020-08-02 01:05:59,817 [main] INFO  net.NodeSchemaLoader (NodeSchemaLoader.java:loadSchemaFromFile(126)) - Loading file from sun.misc.CompoundEnumeration@361c294e
2020-08-02 01:05:59,818 [main] INFO  net.NodeSchemaLoader (NodeSchemaLoader.java:loadSchema(172)) - Loading network topology layer schema file
2020-08-02 01:05:59,904 [main] WARN  server.ServerUtils (ServerUtils.java:sanitizeUserArgs(73)) - ozone.scm.stale.node.interval value = 1000000 is larger than max = 100000 based on the key value of ozone.scm.heartbeat.thread.interval, reset to the max value 100000.
2020-08-02 01:05:59,904 [main] WARN  server.ServerUtils (ServerUtils.java:sanitizeUserArgs(73)) - ozone.scm.stale.node.interval value = 1000000 is larger than max = 100000 based on the key value of ozone.scm.heartbeat.thread.interval, reset to the max value 100000.
2020-08-02 01:05:59,908 [main] INFO  node.SCMNodeManager (SCMNodeManager.java:<init>(117)) - Entering startup safe mode.
2020-08-02 01:06:00,071 [main] INFO  algorithms.ContainerPlacementPolicyFactory (ContainerPlacementPolicyFactory.java:getPolicy(60)) - Create container placement policy of type org.apache.hadoop.hdds.scm.container.placement.algorithms.SCMContainerPlacementRandom
2020-08-02 01:06:00,102 [main] INFO  pipeline.SCMPipelineManager (SCMPipelineManager.java:initializePipelineState(161)) - No pipeline exists in current db
2020-08-02 01:06:00,215 [main] INFO  safemode.HealthyPipelineSafeModeRule (HealthyPipelineSafeModeRule.java:<init>(89)) - Total pipeline count is 0, healthy pipeline threshold count is 0
2020-08-02 01:06:00,219 [main] INFO  safemode.OneReplicaPipelineSafeModeRule (OneReplicaPipelineSafeModeRule.java:<init>(79)) - Total pipeline count is 0, pipeline's with at least one datanode reported threshold count is 0
2020-08-02 01:06:00,606 [main] INFO  ipc.CallQueueManager (CallQueueManager.java:<init>(84)) - Using callQueue: class java.util.concurrent.LinkedBlockingQueue, queueCapacity: 2000, scheduler: class org.apache.hadoop.ipc.DefaultRpcScheduler, ipcBackoff: false.
2020-08-02 01:06:00,632 [Socket Reader #1 for port 0] INFO  ipc.Server (Server.java:run(1219)) - Starting Socket Reader #1 for port 0
2020-08-02 01:06:00,671 [Listener at 0.0.0.0/41555] INFO  ipc.CallQueueManager (CallQueueManager.java:<init>(84)) - Using callQueue: class java.util.concurrent.LinkedBlockingQueue, queueCapacity: 2000, scheduler: class org.apache.hadoop.ipc.DefaultRpcScheduler, ipcBackoff: false.
2020-08-02 01:06:00,672 [Socket Reader #1 for port 0] INFO  ipc.Server (Server.java:run(1219)) - Starting Socket Reader #1 for port 0
2020-08-02 01:06:00,691 [Listener at 0.0.0.0/43643] INFO  ipc.CallQueueManager (CallQueueManager.java:<init>(84)) - Using callQueue: class java.util.concurrent.LinkedBlockingQueue, queueCapacity: 2000, scheduler: class org.apache.hadoop.ipc.DefaultRpcScheduler, ipcBackoff: false.
2020-08-02 01:06:00,691 [Socket Reader #1 for port 0] INFO  ipc.Server (Server.java:run(1219)) - Starting Socket Reader #1 for port 0
2020-08-02 01:06:00,719 [Listener at 0.0.0.0/46507] INFO  http.BaseHttpServer (BaseHttpServer.java:newHttpServer2BuilderForOzone(207)) - Starting Web-server for scm at: http://0.0.0.0:0
2020-08-02 01:06:00,719 [Listener at 0.0.0.0/46507] INFO  http.BaseHttpServer (BaseHttpServer.java:<init>(106)) - Hadoop Security Enabled: false Ozone Security Enabled: false Ozone HTTP Security Enabled: false 
2020-08-02 01:06:00,746 [Listener at 0.0.0.0/46507] INFO  util.log (Log.java:initialized(169)) - Logging initialized @2595ms to org.eclipse.jetty.util.log.Slf4jLog
2020-08-02 01:06:00,894 [Listener at 0.0.0.0/46507] INFO  server.AuthenticationFilter (AuthenticationFilter.java:constructSecretProvider(240)) - Unable to initialize FileSignerSecretProvider, falling back to use random secrets.
2020-08-02 01:06:00,909 [Listener at 0.0.0.0/46507] WARN  http.HttpRequestLog (HttpRequestLog.java:getRequestLog(103)) - Jetty request log can only be enabled using Log4j
2020-08-02 01:06:00,914 [Listener at 0.0.0.0/46507] INFO  http.HttpServer2 (HttpServer2.java:addGlobalFilter(1019)) - Added global filter 'safety' (class=org.apache.hadoop.hdds.server.http.HttpServer2$QuotingInputFilter)
2020-08-02 01:06:00,917 [Listener at 0.0.0.0/46507] INFO  http.HttpServer2 (HttpServer2.java:addFilter(995)) - Added filter static_user_filter (class=org.apache.hadoop.http.lib.StaticUserWebFilter$StaticUserFilter) to context scm
2020-08-02 01:06:00,917 [Listener at 0.0.0.0/46507] INFO  http.HttpServer2 (HttpServer2.java:addFilter(1003)) - Added filter static_user_filter (class=org.apache.hadoop.http.lib.StaticUserWebFilter$StaticUserFilter) to context static
2020-08-02 01:06:00,917 [Listener at 0.0.0.0/46507] INFO  http.HttpServer2 (HttpServer2.java:addFilter(1003)) - Added filter static_user_filter (class=org.apache.hadoop.http.lib.StaticUserWebFilter$StaticUserFilter) to context logs
2020-08-02 01:06:00,973 [Listener at 0.0.0.0/46507] INFO  server.StorageContainerManager (StorageContainerManager.java:start(785)) - StorageContainerLocationProtocol RPC server is listening at /0.0.0.0:46507
2020-08-02 01:06:01,031 [Listener at 0.0.0.0/46507] WARN  impl.MetricsConfig (MetricsConfig.java:loadFirst(134)) - Cannot locate configuration: tried hadoop-metrics2-storagecontainermanager.properties,hadoop-metrics2.properties
2020-08-02 01:06:01,043 [Listener at 0.0.0.0/46507] INFO  impl.MetricsSystemImpl (MetricsSystemImpl.java:startTimer(374)) - Scheduled Metric snapshot period at 10 second(s).
2020-08-02 01:06:01,043 [Listener at 0.0.0.0/46507] INFO  impl.MetricsSystemImpl (MetricsSystemImpl.java:start(191)) - StorageContainerManager metrics system started
2020-08-02 01:06:01,274 [Listener at 0.0.0.0/46507] INFO  server.SCMClientProtocolServer (SCMClientProtocolServer.java:start(156)) - RPC server for Client  is listening at /0.0.0.0:46507
2020-08-02 01:06:01,275 [IPC Server Responder] INFO  ipc.Server (Server.java:run(1460)) - IPC Server Responder: starting
2020-08-02 01:06:01,277 [IPC Server listener on 0] INFO  ipc.Server (Server.java:run(1298)) - IPC Server listener on 0: starting
2020-08-02 01:06:01,286 [Listener at 0.0.0.0/46507] INFO  server.StorageContainerManager (StorageContainerManager.java:start(797)) - ScmBlockLocationProtocol RPC server is listening at /0.0.0.0:43643
2020-08-02 01:06:01,286 [Listener at 0.0.0.0/46507] INFO  server.SCMBlockProtocolServer (SCMBlockProtocolServer.java:start(149)) - RPC server for Block Protocol is listening at /0.0.0.0:43643
2020-08-02 01:06:01,288 [IPC Server Responder] INFO  ipc.Server (Server.java:run(1460)) - IPC Server Responder: starting
2020-08-02 01:06:01,288 [IPC Server listener on 0] INFO  ipc.Server (Server.java:run(1298)) - IPC Server listener on 0: starting
2020-08-02 01:06:01,293 [Listener at 0.0.0.0/46507] INFO  server.StorageContainerManager (StorageContainerManager.java:start(803)) - ScmDatanodeProtocl RPC server is listening at /0.0.0.0:41555
2020-08-02 01:06:01,293 [Listener at 0.0.0.0/46507] INFO  server.SCMDatanodeProtocolServer (SCMDatanodeProtocolServer.java:start(172)) - RPC server for DataNodes is listening at /0.0.0.0:41555
2020-08-02 01:06:01,294 [IPC Server Responder] INFO  ipc.Server (Server.java:run(1460)) - IPC Server Responder: starting
2020-08-02 01:06:01,295 [IPC Server listener on 0] INFO  ipc.Server (Server.java:run(1298)) - IPC Server listener on 0: starting
2020-08-02 01:06:01,301 [Listener at 0.0.0.0/46507] INFO  http.HttpServer2 (HttpServer2.java:bindListener(1237)) - Jetty bound to port 41381
2020-08-02 01:06:01,303 [Listener at 0.0.0.0/46507] INFO  server.Server (Server.java:doStart(359)) - jetty-9.4.26.v20200117; built: 2020-01-17T12:35:33.676Z; git: 7b38981d25d14afb4a12ff1f2596756144edf695; jvm 1.8.0_232-b09
2020-08-02 01:06:01,343 [Listener at 0.0.0.0/46507] INFO  server.session (DefaultSessionIdManager.java:doStart(333)) - DefaultSessionIdManager workerName=node0
2020-08-02 01:06:01,343 [Listener at 0.0.0.0/46507] INFO  server.session (DefaultSessionIdManager.java:doStart(338)) - No SessionScavenger set, using defaults
2020-08-02 01:06:01,345 [Listener at 0.0.0.0/46507] INFO  server.session (HouseKeeper.java:startScavenging(140)) - node0 Scavenging every 660000ms
2020-08-02 01:06:01,358 [Listener at 0.0.0.0/46507] INFO  handler.ContextHandler (ContextHandler.java:doStart(825)) - Started o.e.j.s.ServletContextHandler@1e225820{logs,/logs,file:///github/workspace/mnt/ozone/hadoop-ozone/integration-test/target/log,AVAILABLE}
2020-08-02 01:06:01,358 [Listener at 0.0.0.0/46507] INFO  handler.ContextHandler (ContextHandler.java:doStart(825)) - Started o.e.j.s.ServletContextHandler@5f366587{static,/static,file:///github/workspace/mnt/ozone/hadoop-ozone/integration-test/target/test-classes/webapps/static,AVAILABLE}
2020-08-02 01:06:01,400 [Listener at 0.0.0.0/46507] INFO  handler.ContextHandler (ContextHandler.java:doStart(825)) - Started o.e.j.w.WebAppContext@58b311ba{scm,/,file:///github/workspace/mnt/ozone/hadoop-ozone/integration-test/target/test-classes/webapps/scm/,AVAILABLE}{file:/github/workspace/mnt/ozone/hadoop-ozone/integration-test/target/test-classes/webapps/scm}
2020-08-02 01:06:01,410 [Listener at 0.0.0.0/46507] INFO  server.AbstractConnector (AbstractConnector.java:doStart(330)) - Started ServerConnector@21ae657b{HTTP/1.1,[http/1.1]}{0.0.0.0:41381}
2020-08-02 01:06:01,410 [Listener at 0.0.0.0/46507] INFO  server.Server (Server.java:doStart(399)) - Started @3258ms
2020-08-02 01:06:01,412 [Listener at 0.0.0.0/46507] INFO  impl.MetricsSinkAdapter (MetricsSinkAdapter.java:start(204)) - Sink prometheus started
2020-08-02 01:06:01,412 [Listener at 0.0.0.0/46507] INFO  impl.MetricsSystemImpl (MetricsSystemImpl.java:registerSink(301)) - Registered sink prometheus
2020-08-02 01:06:01,420 [Listener at 0.0.0.0/46507] INFO  http.BaseHttpServer (BaseHttpServer.java:updateConnectorAddress(327)) - HTTP server of scm listening at http://0.0.0.0:41381
2020-08-02 01:06:01,432 [Listener at 0.0.0.0/46507] WARN  server.ServerUtils (ServerUtils.java:getDBPath(225)) - ozone.om.db.dirs is not configured. We recommend adding this setting. Falling back to ozone.metadata.dirs instead.
2020-08-02 01:06:01,434 [org.apache.hadoop.util.JvmPauseMonitor$Monitor@6424e613] INFO  util.JvmPauseMonitor (JvmPauseMonitor.java:run(188)) - Starting JVM pause monitor
2020-08-02 01:06:01,534 [Listener at 0.0.0.0/46507] INFO  ha.OMHANodeDetails (OMHANodeDetails.java:loadOMHAConfig(104)) - ozone.om.internal.service.id is not defined, falling back to ozone.om.service.ids to find serviceID for OzoneManager if it is HA enabled cluster
2020-08-02 01:06:01,537 [Listener at 0.0.0.0/46507] INFO  ha.OMHANodeDetails (OMHANodeDetails.java:loadOMHAConfig(213)) - Configuration either no ozone.om.address set. Falling back to the default OM address /127.0.0.1:0
2020-08-02 01:06:01,537 [Listener at 0.0.0.0/46507] INFO  ha.OMHANodeDetails (OMHANodeDetails.java:getOMNodeDetails(241)) - OM Service ID is not set. Setting it to the default ID: omServiceIdDefault
2020-08-02 01:06:01,540 [Listener at 0.0.0.0/46507] WARN  server.ServerUtils (ServerUtils.java:getDBPath(225)) - ozone.om.db.dirs is not configured. We recommend adding this setting. Falling back to ozone.metadata.dirs instead.
2020-08-02 01:06:01,541 [Listener at 0.0.0.0/46507] WARN  server.ServerUtils (ServerUtils.java:getDBPath(225)) - ozone.om.db.dirs is not configured. We recommend adding this setting. Falling back to ozone.metadata.dirs instead.
2020-08-02 01:06:02,379 [Listener at 0.0.0.0/46507] WARN  server.ServerUtils (ServerUtils.java:getDBPath(225)) - ozone.om.db.dirs is not configured. We recommend adding this setting. Falling back to ozone.metadata.dirs instead.
2020-08-02 01:06:02,386 [Listener at 0.0.0.0/46507] INFO  codec.OmKeyInfoCodec (OmKeyInfoCodec.java:<init>(41)) - OmKeyInfoCodec ignorePipeline = true
2020-08-02 01:06:02,387 [Listener at 0.0.0.0/46507] INFO  codec.RepeatedOmKeyInfoCodec (RepeatedOmKeyInfoCodec.java:<init>(40)) - RepeatedOmKeyInfoCodec ignorePipeline = true
2020-08-02 01:06:02,540 [Listener at 0.0.0.0/46507] INFO  om.OzoneManager (OzoneManager.java:addS3GVolumeToDB(3576)) - Created Volume s3v With Owner jenkins1001 required for S3Gateway operations.
2020-08-02 01:06:02,564 [Listener at 0.0.0.0/46507] INFO  ipc.CallQueueManager (CallQueueManager.java:<init>(84)) - Using callQueue: class java.util.concurrent.LinkedBlockingQueue, queueCapacity: 2000, scheduler: class org.apache.hadoop.ipc.DefaultRpcScheduler, ipcBackoff: false.
2020-08-02 01:06:02,565 [Socket Reader #1 for port 0] INFO  ipc.Server (Server.java:run(1219)) - Starting Socket Reader #1 for port 0
2020-08-02 01:06:02,592 [Listener at 127.0.0.1/44857] INFO  impl.MetricsSystemImpl (MetricsSystemImpl.java:init(158)) - OzoneManager metrics system started (again)
2020-08-02 01:06:02,593 [Listener at 127.0.0.1/44857] INFO  om.OzoneManager (OzoneManager.java:start(1116)) - OzoneManager RPC server is listening at localhost/127.0.0.1:44857
2020-08-02 01:06:02,613 [Listener at 127.0.0.1/44857] INFO  http.BaseHttpServer (BaseHttpServer.java:newHttpServer2BuilderForOzone(207)) - Starting Web-server for ozoneManager at: http://0.0.0.0:0
2020-08-02 01:06:02,613 [Listener at 127.0.0.1/44857] INFO  http.BaseHttpServer (BaseHttpServer.java:<init>(106)) - Hadoop Security Enabled: false Ozone Security Enabled: false Ozone HTTP Security Enabled: false 
2020-08-02 01:06:02,615 [Listener at 127.0.0.1/44857] INFO  server.AuthenticationFilter (AuthenticationFilter.java:constructSecretProvider(240)) - Unable to initialize FileSignerSecretProvider, falling back to use random secrets.
2020-08-02 01:06:02,615 [Listener at 127.0.0.1/44857] WARN  http.HttpRequestLog (HttpRequestLog.java:getRequestLog(103)) - Jetty request log can only be enabled using Log4j
2020-08-02 01:06:02,617 [Listener at 127.0.0.1/44857] INFO  http.HttpServer2 (HttpServer2.java:addGlobalFilter(1019)) - Added global filter 'safety' (class=org.apache.hadoop.hdds.server.http.HttpServer2$QuotingInputFilter)
2020-08-02 01:06:02,618 [Listener at 127.0.0.1/44857] INFO  http.HttpServer2 (HttpServer2.java:addFilter(995)) - Added filter static_user_filter (class=org.apache.hadoop.http.lib.StaticUserWebFilter$StaticUserFilter) to context ozoneManager
2020-08-02 01:06:02,618 [Listener at 127.0.0.1/44857] INFO  http.HttpServer2 (HttpServer2.java:addFilter(1003)) - Added filter static_user_filter (class=org.apache.hadoop.http.lib.StaticUserWebFilter$StaticUserFilter) to context logs
2020-08-02 01:06:02,618 [Listener at 127.0.0.1/44857] INFO  http.HttpServer2 (HttpServer2.java:addFilter(1003)) - Added filter static_user_filter (class=org.apache.hadoop.http.lib.StaticUserWebFilter$StaticUserFilter) to context static
2020-08-02 01:06:02,620 [Listener at 127.0.0.1/44857] INFO  http.HttpServer2 (HttpServer2.java:bindListener(1237)) - Jetty bound to port 46265
2020-08-02 01:06:02,620 [Listener at 127.0.0.1/44857] INFO  server.Server (Server.java:doStart(359)) - jetty-9.4.26.v20200117; built: 2020-01-17T12:35:33.676Z; git: 7b38981d25d14afb4a12ff1f2596756144edf695; jvm 1.8.0_232-b09
2020-08-02 01:06:02,629 [Listener at 127.0.0.1/44857] INFO  server.session (DefaultSessionIdManager.java:doStart(333)) - DefaultSessionIdManager workerName=node0
2020-08-02 01:06:02,629 [Listener at 127.0.0.1/44857] INFO  server.session (DefaultSessionIdManager.java:doStart(338)) - No SessionScavenger set, using defaults
2020-08-02 01:06:02,630 [Listener at 127.0.0.1/44857] INFO  server.session (HouseKeeper.java:startScavenging(140)) - node0 Scavenging every 660000ms
2020-08-02 01:06:02,630 [Listener at 127.0.0.1/44857] INFO  handler.ContextHandler (ContextHandler.java:doStart(825)) - Started o.e.j.s.ServletContextHandler@862624f{logs,/logs,file:///github/workspace/mnt/ozone/hadoop-ozone/integration-test/target/log,AVAILABLE}
2020-08-02 01:06:02,631 [Listener at 127.0.0.1/44857] INFO  handler.ContextHandler (ContextHandler.java:doStart(825)) - Started o.e.j.s.ServletContextHandler@78e7b83{static,/static,file:///github/workspace/mnt/ozone/hadoop-ozone/integration-test/target/test-classes/webapps/static,AVAILABLE}
2020-08-02 01:06:02,635 [Listener at 127.0.0.1/44857] INFO  handler.ContextHandler (ContextHandler.java:doStart(825)) - Started o.e.j.w.WebAppContext@573f2e67{ozoneManager,/,file:///github/workspace/mnt/ozone/hadoop-ozone/integration-test/target/test-classes/webapps/ozoneManager/,AVAILABLE}{file:/github/workspace/mnt/ozone/hadoop-ozone/integration-test/target/test-classes/webapps/ozoneManager}
2020-08-02 01:06:02,641 [Listener at 127.0.0.1/44857] INFO  server.AbstractConnector (AbstractConnector.java:doStart(330)) - Started ServerConnector@34ff08c6{HTTP/1.1,[http/1.1]}{0.0.0.0:46265}
2020-08-02 01:06:02,641 [Listener at 127.0.0.1/44857] INFO  server.Server (Server.java:doStart(399)) - Started @4490ms
2020-08-02 01:06:02,642 [Listener at 127.0.0.1/44857] WARN  impl.MetricsSystemImpl (MetricsSystemImpl.java:register(276)) - Sink prometheus already exists!
2020-08-02 01:06:02,644 [Listener at 127.0.0.1/44857] INFO  http.BaseHttpServer (BaseHttpServer.java:updateConnectorAddress(327)) - HTTP server of ozoneManager listening at http://0.0.0.0:46265
2020-08-02 01:06:02,645 [IPC Server Responder] INFO  ipc.Server (Server.java:run(1460)) - IPC Server Responder: starting
2020-08-02 01:06:02,645 [IPC Server listener on 0] INFO  ipc.Server (Server.java:run(1298)) - IPC Server listener on 0: starting
2020-08-02 01:06:02,664 [org.apache.hadoop.util.JvmPauseMonitor$Monitor@9715d26] INFO  util.JvmPauseMonitor (JvmPauseMonitor.java:run(188)) - Starting JVM pause monitor
2020-08-02 01:06:02,796 [Listener at 127.0.0.1/44857] INFO  metrics.MetricRegistries (MetricRegistriesLoader.java:load(64)) - Loaded MetricRegistries class org.apache.ratis.metrics.impl.MetricRegistriesImpl
2020-08-02 01:06:02,799 [Listener at 127.0.0.1/44857] INFO  impl.MetricsSystemImpl (MetricsSystemImpl.java:init(158)) - HddsDatanode metrics system started (again)
2020-08-02 01:06:02,805 [Listener at 127.0.0.1/44857] INFO  ozone.HddsDatanodeService (HddsDatanodeService.java:start(217)) - HddsDatanodeService host:cde6132c9c6b ip:172.17.0.2
2020-08-02 01:06:02,865 [Listener at 127.0.0.1/44857] INFO  volume.HddsVolume (HddsVolume.java:<init>(176)) - Creating Volume: /github/workspace/mnt/ozone/hadoop-ozone/integration-test/target/test-dir/MiniOzoneClusterImpl-9d2a40a1-9d24-4090-95ed-d86fa5c4585c/datanode-0/data-0/containers/hdds of storage type : DISK and capacity : 9223372036854775807
2020-08-02 01:06:02,868 [Listener at 127.0.0.1/44857] INFO  volume.MutableVolumeSet (MutableVolumeSet.java:initializeVolumeSet(179)) - Added Volume : /github/workspace/mnt/ozone/hadoop-ozone/integration-test/target/test-dir/MiniOzoneClusterImpl-9d2a40a1-9d24-4090-95ed-d86fa5c4585c/datanode-0/data-0/containers/hdds to VolumeSet
2020-08-02 01:06:02,869 [Listener at 127.0.0.1/44857] INFO  volume.ThrottledAsyncChecker (ThrottledAsyncChecker.java:schedule(141)) - Scheduling a check for /github/workspace/mnt/ozone/hadoop-ozone/integration-test/target/test-dir/MiniOzoneClusterImpl-9d2a40a1-9d24-4090-95ed-d86fa5c4585c/datanode-0/data-0/containers/hdds
2020-08-02 01:06:02,893 [Listener at 127.0.0.1/44857] INFO  volume.HddsVolumeChecker (HddsVolumeChecker.java:checkAllVolumes(200)) - Scheduled health check for volume /github/workspace/mnt/ozone/hadoop-ozone/integration-test/target/test-dir/MiniOzoneClusterImpl-9d2a40a1-9d24-4090-95ed-d86fa5c4585c/datanode-0/data-0/containers/hdds
2020-08-02 01:06:02,921 [Thread-130] INFO  ozoneimpl.ContainerReader (ContainerReader.java:readVolume(123)) - Start to verify containers on volume /github/workspace/mnt/ozone/hadoop-ozone/integration-test/target/test-dir/MiniOzoneClusterImpl-9d2a40a1-9d24-4090-95ed-d86fa5c4585c/datanode-0/data-0/containers/hdds
2020-08-02 01:06:02,921 [Thread-130] INFO  ozoneimpl.ContainerReader (ContainerReader.java:readVolume(148)) - Finish verifying containers on volume /github/workspace/mnt/ozone/hadoop-ozone/integration-test/target/test-dir/MiniOzoneClusterImpl-9d2a40a1-9d24-4090-95ed-d86fa5c4585c/datanode-0/data-0/containers/hdds
2020-08-02 01:06:02,921 [Listener at 127.0.0.1/44857] INFO  ozoneimpl.OzoneContainer (OzoneContainer.java:buildContainerSet(196)) - Build ContainerSet costs 0s
2020-08-02 01:06:03,043 [Listener at 127.0.0.1/44857] INFO  impl.RaftServerProxy (ConfUtils.java:logGet(44)) - raft.rpc.type = GRPC (default)
2020-08-02 01:06:03,112 [Listener at 127.0.0.1/44857] INFO  grpc.GrpcFactory (GrpcFactory.java:checkPooledByteBufAllocatorUseCacheForAllThreads(45)) - PERFORMANCE WARNING: useCacheForAllThreads is true that may cause Netty to create a lot garbage objects and, as a result, trigger GC.
	It is recommended to disable useCacheForAllThreads by setting -Dorg.apache.ratis.thirdparty.io.netty.allocator.useCacheForAllThreads=false in command line.
2020-08-02 01:06:03,117 [Listener at 127.0.0.1/44857] INFO  grpc.GrpcConfigKeys (ConfUtils.java:logGet(44)) - raft.grpc.server.port = 0 (default)
2020-08-02 01:06:03,118 [Listener at 127.0.0.1/44857] INFO  server.GrpcService (ConfUtils.java:logGet(44)) - raft.grpc.message.size.max = 32MB (=33554432) (custom)
2020-08-02 01:06:03,118 [Listener at 127.0.0.1/44857] INFO  server.RaftServerConfigKeys (ConfUtils.java:logGet(44)) - raft.server.log.appender.buffer.byte-limit = 33554432 (custom)
2020-08-02 01:06:03,119 [Listener at 127.0.0.1/44857] INFO  server.GrpcService (ConfUtils.java:logGet(44)) - raft.grpc.flow.control.window = 5MB (=5242880) (custom)
2020-08-02 01:06:03,120 [Listener at 127.0.0.1/44857] INFO  server.RaftServerConfigKeys (ConfUtils.java:logGet(44)) - raft.server.rpc.request.timeout = 3000ms (default)
2020-08-02 01:06:03,335 [Listener at 127.0.0.1/44857] INFO  server.RaftServerConfigKeys (ConfUtils.java:logGet(44)) - raft.server.storage.dir = [/github/workspace/mnt/ozone/hadoop-ozone/integration-test/target/test-dir/MiniOzoneClusterImpl-9d2a40a1-9d24-4090-95ed-d86fa5c4585c/datanode-0/data/ratis] (custom)
2020-08-02 01:06:03,419 [Listener at 127.0.0.1/44857] INFO  http.BaseHttpServer (BaseHttpServer.java:newHttpServer2BuilderForOzone(207)) - Starting Web-server for hddsDatanode at: http://0.0.0.0:0
2020-08-02 01:06:03,419 [Listener at 127.0.0.1/44857] INFO  http.BaseHttpServer (BaseHttpServer.java:<init>(106)) - Hadoop Security Enabled: false Ozone Security Enabled: false Ozone HTTP Security Enabled: false 
2020-08-02 01:06:03,420 [Listener at 127.0.0.1/44857] INFO  server.AuthenticationFilter (AuthenticationFilter.java:constructSecretProvider(240)) - Unable to initialize FileSignerSecretProvider, falling back to use random secrets.
2020-08-02 01:06:03,421 [Listener at 127.0.0.1/44857] WARN  http.HttpRequestLog (HttpRequestLog.java:getRequestLog(103)) - Jetty request log can only be enabled using Log4j
2020-08-02 01:06:03,422 [Listener at 127.0.0.1/44857] INFO  http.HttpServer2 (HttpServer2.java:addGlobalFilter(1019)) - Added global filter 'safety' (class=org.apache.hadoop.hdds.server.http.HttpServer2$QuotingInputFilter)
2020-08-02 01:06:03,423 [Listener at 127.0.0.1/44857] INFO  http.HttpServer2 (HttpServer2.java:addFilter(995)) - Added filter static_user_filter (class=org.apache.hadoop.http.lib.StaticUserWebFilter$StaticUserFilter) to context hddsDatanode
2020-08-02 01:06:03,423 [Listener at 127.0.0.1/44857] INFO  http.HttpServer2 (HttpServer2.java:addFilter(1003)) - Added filter static_user_filter (class=org.apache.hadoop.http.lib.StaticUserWebFilter$StaticUserFilter) to context logs
2020-08-02 01:06:03,423 [Listener at 127.0.0.1/44857] INFO  http.HttpServer2 (HttpServer2.java:addFilter(1003)) - Added filter static_user_filter (class=org.apache.hadoop.http.lib.StaticUserWebFilter$StaticUserFilter) to context static
2020-08-02 01:06:03,424 [Listener at 127.0.0.1/44857] INFO  http.HttpServer2 (HttpServer2.java:bindListener(1237)) - Jetty bound to port 44897
2020-08-02 01:06:03,424 [Listener at 127.0.0.1/44857] INFO  server.Server (Server.java:doStart(359)) - jetty-9.4.26.v20200117; built: 2020-01-17T12:35:33.676Z; git: 7b38981d25d14afb4a12ff1f2596756144edf695; jvm 1.8.0_232-b09
2020-08-02 01:06:03,429 [Listener at 127.0.0.1/44857] INFO  server.session (DefaultSessionIdManager.java:doStart(333)) - DefaultSessionIdManager workerName=node0
2020-08-02 01:06:03,429 [Listener at 127.0.0.1/44857] INFO  server.session (DefaultSessionIdManager.java:doStart(338)) - No SessionScavenger set, using defaults
2020-08-02 01:06:03,429 [Listener at 127.0.0.1/44857] INFO  server.session (HouseKeeper.java:startScavenging(140)) - node0 Scavenging every 600000ms
2020-08-02 01:06:03,432 [Listener at 127.0.0.1/44857] INFO  handler.ContextHandler (ContextHandler.java:doStart(825)) - Started o.e.j.s.ServletContextHandler@75c36570{logs,/logs,file:///github/workspace/mnt/ozone/hadoop-ozone/integration-test/target/log,AVAILABLE}
2020-08-02 01:06:03,433 [Listener at 127.0.0.1/44857] INFO  handler.ContextHandler (ContextHandler.java:doStart(825)) - Started o.e.j.s.ServletContextHandler@238cac6{static,/static,jar:file:/home/user/.m2/repository/org/apache/hadoop/hadoop-hdds-container-service/0.6.0-SNAPSHOT/hadoop-hdds-container-service-0.6.0-SNAPSHOT.jar!/webapps/static,AVAILABLE}
2020-08-02 01:06:03,527 [Listener at 127.0.0.1/44857] INFO  handler.ContextHandler (ContextHandler.java:doStart(825)) - Started o.e.j.w.WebAppContext@fcee97c{hddsDatanode,/,file:///tmp/jetty-0_0_0_0-44897-hadoop-hdds-container-service-0_6_0-SNAPSHOT_jar-_-any-7663517368645291190.dir/webapp/,AVAILABLE}{jar:file:/home/user/.m2/repository/org/apache/hadoop/hadoop-hdds-container-service/0.6.0-SNAPSHOT/hadoop-hdds-container-service-0.6.0-SNAPSHOT.jar!/webapps/hddsDatanode}
2020-08-02 01:06:03,529 [Listener at 127.0.0.1/44857] INFO  server.AbstractConnector (AbstractConnector.java:doStart(330)) - Started ServerConnector@13617139{HTTP/1.1,[http/1.1]}{0.0.0.0:44897}
2020-08-02 01:06:03,529 [Listener at 127.0.0.1/44857] INFO  server.Server (Server.java:doStart(399)) - Started @5377ms
2020-08-02 01:06:03,529 [Listener at 127.0.0.1/44857] WARN  impl.MetricsSystemImpl (MetricsSystemImpl.java:register(276)) - Sink prometheus already exists!
2020-08-02 01:06:03,532 [Listener at 127.0.0.1/44857] INFO  http.BaseHttpServer (BaseHttpServer.java:updateConnectorAddress(327)) - HTTP server of hddsDatanode listening at http://0.0.0.0:44897
2020-08-02 01:06:03,534 [Listener at 127.0.0.1/44857] INFO  impl.MetricsSystemImpl (MetricsSystemImpl.java:init(158)) - HddsDatanode metrics system started (again)
2020-08-02 01:06:03,535 [Listener at 127.0.0.1/44857] INFO  ozone.HddsDatanodeService (HddsDatanodeService.java:start(217)) - HddsDatanodeService host:cde6132c9c6b ip:172.17.0.2
2020-08-02 01:06:03,540 [Listener at 127.0.0.1/44857] INFO  volume.HddsVolume (HddsVolume.java:<init>(176)) - Creating Volume: /github/workspace/mnt/ozone/hadoop-ozone/integration-test/target/test-dir/MiniOzoneClusterImpl-9d2a40a1-9d24-4090-95ed-d86fa5c4585c/datanode-1/data-0/containers/hdds of storage type : DISK and capacity : 9223372036854775807
2020-08-02 01:06:03,540 [Listener at 127.0.0.1/44857] INFO  volume.MutableVolumeSet (MutableVolumeSet.java:initializeVolumeSet(179)) - Added Volume : /github/workspace/mnt/ozone/hadoop-ozone/integration-test/target/test-dir/MiniOzoneClusterImpl-9d2a40a1-9d24-4090-95ed-d86fa5c4585c/datanode-1/data-0/containers/hdds to VolumeSet
2020-08-02 01:06:03,541 [Listener at 127.0.0.1/44857] INFO  volume.ThrottledAsyncChecker (ThrottledAsyncChecker.java:schedule(141)) - Scheduling a check for /github/workspace/mnt/ozone/hadoop-ozone/integration-test/target/test-dir/MiniOzoneClusterImpl-9d2a40a1-9d24-4090-95ed-d86fa5c4585c/datanode-1/data-0/containers/hdds
2020-08-02 01:06:03,542 [Listener at 127.0.0.1/44857] INFO  volume.HddsVolumeChecker (HddsVolumeChecker.java:checkAllVolumes(200)) - Scheduled health check for volume /github/workspace/mnt/ozone/hadoop-ozone/integration-test/target/test-dir/MiniOzoneClusterImpl-9d2a40a1-9d24-4090-95ed-d86fa5c4585c/datanode-1/data-0/containers/hdds
2020-08-02 01:06:03,578 [org.apache.hadoop.util.JvmPauseMonitor$Monitor@40ccfc74] INFO  util.JvmPauseMonitor (JvmPauseMonitor.java:run(188)) - Starting JVM pause monitor
2020-08-02 01:06:03,586 [Thread-141] INFO  ozoneimpl.ContainerReader (ContainerReader.java:readVolume(123)) - Start to verify containers on volume /github/workspace/mnt/ozone/hadoop-ozone/integration-test/target/test-dir/MiniOzoneClusterImpl-9d2a40a1-9d24-4090-95ed-d86fa5c4585c/datanode-1/data-0/containers/hdds
2020-08-02 01:06:03,588 [Thread-141] INFO  ozoneimpl.ContainerReader (ContainerReader.java:readVolume(148)) - Finish verifying containers on volume /github/workspace/mnt/ozone/hadoop-ozone/integration-test/target/test-dir/MiniOzoneClusterImpl-9d2a40a1-9d24-4090-95ed-d86fa5c4585c/datanode-1/data-0/containers/hdds
2020-08-02 01:06:03,589 [Listener at 127.0.0.1/44857] INFO  ozoneimpl.OzoneContainer (OzoneContainer.java:buildContainerSet(196)) - Build ContainerSet costs 0s
2020-08-02 01:06:03,591 [Listener at 127.0.0.1/44857] INFO  impl.RaftServerProxy (ConfUtils.java:logGet(44)) - raft.rpc.type = GRPC (default)
2020-08-02 01:06:03,592 [Listener at 127.0.0.1/44857] INFO  grpc.GrpcFactory (GrpcFactory.java:checkPooledByteBufAllocatorUseCacheForAllThreads(45)) - PERFORMANCE WARNING: useCacheForAllThreads is true that may cause Netty to create a lot garbage objects and, as a result, trigger GC.
	It is recommended to disable useCacheForAllThreads by setting -Dorg.apache.ratis.thirdparty.io.netty.allocator.useCacheForAllThreads=false in command line.
2020-08-02 01:06:03,592 [Listener at 127.0.0.1/44857] INFO  grpc.GrpcConfigKeys (ConfUtils.java:logGet(44)) - raft.grpc.server.port = 0 (default)
2020-08-02 01:06:03,592 [Listener at 127.0.0.1/44857] INFO  server.GrpcService (ConfUtils.java:logGet(44)) - raft.grpc.message.size.max = 32MB (=33554432) (custom)
2020-08-02 01:06:03,593 [Listener at 127.0.0.1/44857] INFO  server.RaftServerConfigKeys (ConfUtils.java:logGet(44)) - raft.server.log.appender.buffer.byte-limit = 33554432 (custom)
2020-08-02 01:06:03,593 [Listener at 127.0.0.1/44857] INFO  server.GrpcService (ConfUtils.java:logGet(44)) - raft.grpc.flow.control.window = 5MB (=5242880) (custom)
2020-08-02 01:06:03,594 [Listener at 127.0.0.1/44857] INFO  server.RaftServerConfigKeys (ConfUtils.java:logGet(44)) - raft.server.rpc.request.timeout = 3000ms (default)
2020-08-02 01:06:03,595 [Listener at 127.0.0.1/44857] INFO  server.RaftServerConfigKeys (ConfUtils.java:logGet(44)) - raft.server.storage.dir = [/github/workspace/mnt/ozone/hadoop-ozone/integration-test/target/test-dir/MiniOzoneClusterImpl-9d2a40a1-9d24-4090-95ed-d86fa5c4585c/datanode-1/data/ratis] (custom)
2020-08-02 01:06:03,604 [Listener at 127.0.0.1/44857] INFO  http.BaseHttpServer (BaseHttpServer.java:newHttpServer2BuilderForOzone(207)) - Starting Web-server for hddsDatanode at: http://0.0.0.0:0
2020-08-02 01:06:03,604 [Listener at 127.0.0.1/44857] INFO  http.BaseHttpServer (BaseHttpServer.java:<init>(106)) - Hadoop Security Enabled: false Ozone Security Enabled: false Ozone HTTP Security Enabled: false 
2020-08-02 01:06:03,610 [Listener at 127.0.0.1/44857] INFO  server.AuthenticationFilter (AuthenticationFilter.java:constructSecretProvider(240)) - Unable to initialize FileSignerSecretProvider, falling back to use random secrets.
2020-08-02 01:06:03,620 [Listener at 127.0.0.1/44857] WARN  http.HttpRequestLog (HttpRequestLog.java:getRequestLog(103)) - Jetty request log can only be enabled using Log4j
2020-08-02 01:06:03,621 [Listener at 127.0.0.1/44857] INFO  http.HttpServer2 (HttpServer2.java:addGlobalFilter(1019)) - Added global filter 'safety' (class=org.apache.hadoop.hdds.server.http.HttpServer2$QuotingInputFilter)
2020-08-02 01:06:03,622 [Listener at 127.0.0.1/44857] INFO  http.HttpServer2 (HttpServer2.java:addFilter(995)) - Added filter static_user_filter (class=org.apache.hadoop.http.lib.StaticUserWebFilter$StaticUserFilter) to context hddsDatanode
2020-08-02 01:06:03,622 [Listener at 127.0.0.1/44857] INFO  http.HttpServer2 (HttpServer2.java:addFilter(1003)) - Added filter static_user_filter (class=org.apache.hadoop.http.lib.StaticUserWebFilter$StaticUserFilter) to context logs
2020-08-02 01:06:03,622 [Listener at 127.0.0.1/44857] INFO  http.HttpServer2 (HttpServer2.java:addFilter(1003)) - Added filter static_user_filter (class=org.apache.hadoop.http.lib.StaticUserWebFilter$StaticUserFilter) to context static
2020-08-02 01:06:03,623 [Listener at 127.0.0.1/44857] INFO  http.HttpServer2 (HttpServer2.java:bindListener(1237)) - Jetty bound to port 42627
2020-08-02 01:06:03,623 [Listener at 127.0.0.1/44857] INFO  server.Server (Server.java:doStart(359)) - jetty-9.4.26.v20200117; built: 2020-01-17T12:35:33.676Z; git: 7b38981d25d14afb4a12ff1f2596756144edf695; jvm 1.8.0_232-b09
2020-08-02 01:06:03,646 [Listener at 127.0.0.1/44857] INFO  server.session (DefaultSessionIdManager.java:doStart(333)) - DefaultSessionIdManager workerName=node0
2020-08-02 01:06:03,646 [Listener at 127.0.0.1/44857] INFO  server.session (DefaultSessionIdManager.java:doStart(338)) - No SessionScavenger set, using defaults
2020-08-02 01:06:03,647 [Listener at 127.0.0.1/44857] INFO  server.session (HouseKeeper.java:startScavenging(140)) - node0 Scavenging every 660000ms
2020-08-02 01:06:03,649 [Listener at 127.0.0.1/44857] INFO  handler.ContextHandler (ContextHandler.java:doStart(825)) - Started o.e.j.s.ServletContextHandler@61f2bf3a{logs,/logs,file:///github/workspace/mnt/ozone/hadoop-ozone/integration-test/target/log,AVAILABLE}
2020-08-02 01:06:03,649 [Listener at 127.0.0.1/44857] INFO  handler.ContextHandler (ContextHandler.java:doStart(825)) - Started o.e.j.s.ServletContextHandler@293dd4b3{static,/static,jar:file:/home/user/.m2/repository/org/apache/hadoop/hadoop-hdds-container-service/0.6.0-SNAPSHOT/hadoop-hdds-container-service-0.6.0-SNAPSHOT.jar!/webapps/static,AVAILABLE}
2020-08-02 01:06:03,725 [Datanode State Machine Task Thread - 0] INFO  datanode.InitDatanodeState (InitDatanodeState.java:persistContainerDatanodeDetails(145)) - DatanodeDetails is persisted to /github/workspace/mnt/ozone/hadoop-ozone/integration-test/target/test-dir/MiniOzoneClusterImpl-9d2a40a1-9d24-4090-95ed-d86fa5c4585c/datanode-0/meta/datanode.id
2020-08-02 01:06:03,775 [Listener at 127.0.0.1/44857] INFO  handler.ContextHandler (ContextHandler.java:doStart(825)) - Started o.e.j.w.WebAppContext@769d0ef2{hddsDatanode,/,file:///tmp/jetty-0_0_0_0-42627-hadoop-hdds-container-service-0_6_0-SNAPSHOT_jar-_-any-6402315271023483345.dir/webapp/,AVAILABLE}{jar:file:/home/user/.m2/repository/org/apache/hadoop/hadoop-hdds-container-service/0.6.0-SNAPSHOT/hadoop-hdds-container-service-0.6.0-SNAPSHOT.jar!/webapps/hddsDatanode}
2020-08-02 01:06:03,780 [Listener at 127.0.0.1/44857] INFO  server.AbstractConnector (AbstractConnector.java:doStart(330)) - Started ServerConnector@3d94b49d{HTTP/1.1,[http/1.1]}{0.0.0.0:42627}
2020-08-02 01:06:03,780 [Listener at 127.0.0.1/44857] INFO  server.Server (Server.java:doStart(399)) - Started @5629ms
2020-08-02 01:06:03,781 [Listener at 127.0.0.1/44857] WARN  impl.MetricsSystemImpl (MetricsSystemImpl.java:register(276)) - Sink prometheus already exists!
2020-08-02 01:06:03,784 [Listener at 127.0.0.1/44857] INFO  http.BaseHttpServer (BaseHttpServer.java:updateConnectorAddress(327)) - HTTP server of hddsDatanode listening at http://0.0.0.0:42627
2020-08-02 01:06:03,785 [Listener at 127.0.0.1/44857] INFO  impl.MetricsSystemImpl (MetricsSystemImpl.java:init(158)) - HddsDatanode metrics system started (again)
2020-08-02 01:06:03,787 [Listener at 127.0.0.1/44857] INFO  ozone.HddsDatanodeService (HddsDatanodeService.java:start(217)) - HddsDatanodeService host:cde6132c9c6b ip:172.17.0.2
2020-08-02 01:06:03,790 [Listener at 127.0.0.1/44857] INFO  volume.HddsVolume (HddsVolume.java:<init>(176)) - Creating Volume: /github/workspace/mnt/ozone/hadoop-ozone/integration-test/target/test-dir/MiniOzoneClusterImpl-9d2a40a1-9d24-4090-95ed-d86fa5c4585c/datanode-2/data-0/containers/hdds of storage type : DISK and capacity : 9223372036854775807
2020-08-02 01:06:03,790 [Listener at 127.0.0.1/44857] INFO  volume.MutableVolumeSet (MutableVolumeSet.java:initializeVolumeSet(179)) - Added Volume : /github/workspace/mnt/ozone/hadoop-ozone/integration-test/target/test-dir/MiniOzoneClusterImpl-9d2a40a1-9d24-4090-95ed-d86fa5c4585c/datanode-2/data-0/containers/hdds to VolumeSet
2020-08-02 01:06:03,790 [Listener at 127.0.0.1/44857] INFO  volume.ThrottledAsyncChecker (ThrottledAsyncChecker.java:schedule(141)) - Scheduling a check for /github/workspace/mnt/ozone/hadoop-ozone/integration-test/target/test-dir/MiniOzoneClusterImpl-9d2a40a1-9d24-4090-95ed-d86fa5c4585c/datanode-2/data-0/containers/hdds
2020-08-02 01:06:03,792 [Listener at 127.0.0.1/44857] INFO  volume.HddsVolumeChecker (HddsVolumeChecker.java:checkAllVolumes(200)) - Scheduled health check for volume /github/workspace/mnt/ozone/hadoop-ozone/integration-test/target/test-dir/MiniOzoneClusterImpl-9d2a40a1-9d24-4090-95ed-d86fa5c4585c/datanode-2/data-0/containers/hdds
2020-08-02 01:06:03,808 [org.apache.hadoop.util.JvmPauseMonitor$Monitor@36acbd83] INFO  util.JvmPauseMonitor (JvmPauseMonitor.java:run(188)) - Starting JVM pause monitor
2020-08-02 01:06:03,823 [Datanode State Machine Task Thread - 0] INFO  datanode.InitDatanodeState (InitDatanodeState.java:persistContainerDatanodeDetails(145)) - DatanodeDetails is persisted to /github/workspace/mnt/ozone/hadoop-ozone/integration-test/target/test-dir/MiniOzoneClusterImpl-9d2a40a1-9d24-4090-95ed-d86fa5c4585c/datanode-1/meta/datanode.id
2020-08-02 01:06:03,828 [Thread-152] INFO  ozoneimpl.ContainerReader (ContainerReader.java:readVolume(123)) - Start to verify containers on volume /github/workspace/mnt/ozone/hadoop-ozone/integration-test/target/test-dir/MiniOzoneClusterImpl-9d2a40a1-9d24-4090-95ed-d86fa5c4585c/datanode-2/data-0/containers/hdds
2020-08-02 01:06:03,828 [Thread-152] INFO  ozoneimpl.ContainerReader (ContainerReader.java:readVolume(148)) - Finish verifying containers on volume /github/workspace/mnt/ozone/hadoop-ozone/integration-test/target/test-dir/MiniOzoneClusterImpl-9d2a40a1-9d24-4090-95ed-d86fa5c4585c/datanode-2/data-0/containers/hdds
2020-08-02 01:06:03,829 [Listener at 127.0.0.1/44857] INFO  ozoneimpl.OzoneContainer (OzoneContainer.java:buildContainerSet(196)) - Build ContainerSet costs 0s
2020-08-02 01:06:03,834 [Listener at 127.0.0.1/44857] INFO  impl.RaftServerProxy (ConfUtils.java:logGet(44)) - raft.rpc.type = GRPC (default)
2020-08-02 01:06:03,836 [Listener at 127.0.0.1/44857] INFO  grpc.GrpcFactory (GrpcFactory.java:checkPooledByteBufAllocatorUseCacheForAllThreads(45)) - PERFORMANCE WARNING: useCacheForAllThreads is true that may cause Netty to create a lot garbage objects and, as a result, trigger GC.
	It is recommended to disable useCacheForAllThreads by setting -Dorg.apache.ratis.thirdparty.io.netty.allocator.useCacheForAllThreads=false in command line.
2020-08-02 01:06:03,837 [Listener at 127.0.0.1/44857] INFO  grpc.GrpcConfigKeys (ConfUtils.java:logGet(44)) - raft.grpc.server.port = 0 (default)
2020-08-02 01:06:03,837 [Listener at 127.0.0.1/44857] INFO  server.GrpcService (ConfUtils.java:logGet(44)) - raft.grpc.message.size.max = 32MB (=33554432) (custom)
2020-08-02 01:06:03,837 [Listener at 127.0.0.1/44857] INFO  server.RaftServerConfigKeys (ConfUtils.java:logGet(44)) - raft.server.log.appender.buffer.byte-limit = 33554432 (custom)
2020-08-02 01:06:03,838 [Listener at 127.0.0.1/44857] INFO  server.GrpcService (ConfUtils.java:logGet(44)) - raft.grpc.flow.control.window = 5MB (=5242880) (custom)
2020-08-02 01:06:03,839 [Listener at 127.0.0.1/44857] INFO  server.RaftServerConfigKeys (ConfUtils.java:logGet(44)) - raft.server.rpc.request.timeout = 3000ms (default)
2020-08-02 01:06:03,840 [Listener at 127.0.0.1/44857] INFO  server.RaftServerConfigKeys (ConfUtils.java:logGet(44)) - raft.server.storage.dir = [/github/workspace/mnt/ozone/hadoop-ozone/integration-test/target/test-dir/MiniOzoneClusterImpl-9d2a40a1-9d24-4090-95ed-d86fa5c4585c/datanode-2/data/ratis] (custom)
2020-08-02 01:06:03,845 [Listener at 127.0.0.1/44857] INFO  http.BaseHttpServer (BaseHttpServer.java:newHttpServer2BuilderForOzone(207)) - Starting Web-server for hddsDatanode at: http://0.0.0.0:0
2020-08-02 01:06:03,845 [Listener at 127.0.0.1/44857] INFO  http.BaseHttpServer (BaseHttpServer.java:<init>(106)) - Hadoop Security Enabled: false Ozone Security Enabled: false Ozone HTTP Security Enabled: false 
2020-08-02 01:06:03,847 [Listener at 127.0.0.1/44857] INFO  server.AuthenticationFilter (AuthenticationFilter.java:constructSecretProvider(240)) - Unable to initialize FileSignerSecretProvider, falling back to use random secrets.
2020-08-02 01:06:03,848 [Listener at 127.0.0.1/44857] WARN  http.HttpRequestLog (HttpRequestLog.java:getRequestLog(103)) - Jetty request log can only be enabled using Log4j
2020-08-02 01:06:03,849 [Listener at 127.0.0.1/44857] INFO  http.HttpServer2 (HttpServer2.java:addGlobalFilter(1019)) - Added global filter 'safety' (class=org.apache.hadoop.hdds.server.http.HttpServer2$QuotingInputFilter)
2020-08-02 01:06:03,850 [Listener at 127.0.0.1/44857] INFO  http.HttpServer2 (HttpServer2.java:addFilter(995)) - Added filter static_user_filter (class=org.apache.hadoop.http.lib.StaticUserWebFilter$StaticUserFilter) to context hddsDatanode
2020-08-02 01:06:03,850 [Listener at 127.0.0.1/44857] INFO  http.HttpServer2 (HttpServer2.java:addFilter(1003)) - Added filter static_user_filter (class=org.apache.hadoop.http.lib.StaticUserWebFilter$StaticUserFilter) to context logs
2020-08-02 01:06:03,850 [Listener at 127.0.0.1/44857] INFO  http.HttpServer2 (HttpServer2.java:addFilter(1003)) - Added filter static_user_filter (class=org.apache.hadoop.http.lib.StaticUserWebFilter$StaticUserFilter) to context static
2020-08-02 01:06:03,851 [Listener at 127.0.0.1/44857] INFO  http.HttpServer2 (HttpServer2.java:bindListener(1237)) - Jetty bound to port 36067
2020-08-02 01:06:03,851 [Listener at 127.0.0.1/44857] INFO  server.Server (Server.java:doStart(359)) - jetty-9.4.26.v20200117; built: 2020-01-17T12:35:33.676Z; git: 7b38981d25d14afb4a12ff1f2596756144edf695; jvm 1.8.0_232-b09
2020-08-02 01:06:03,853 [Listener at 127.0.0.1/44857] INFO  server.session (DefaultSessionIdManager.java:doStart(333)) - DefaultSessionIdManager workerName=node0
2020-08-02 01:06:03,854 [Listener at 127.0.0.1/44857] INFO  server.session (DefaultSessionIdManager.java:doStart(338)) - No SessionScavenger set, using defaults
2020-08-02 01:06:03,854 [Listener at 127.0.0.1/44857] INFO  server.session (HouseKeeper.java:startScavenging(140)) - node0 Scavenging every 660000ms
2020-08-02 01:06:03,855 [Listener at 127.0.0.1/44857] INFO  handler.ContextHandler (ContextHandler.java:doStart(825)) - Started o.e.j.s.ServletContextHandler@13c36d48{logs,/logs,file:///github/workspace/mnt/ozone/hadoop-ozone/integration-test/target/log,AVAILABLE}
2020-08-02 01:06:03,856 [Listener at 127.0.0.1/44857] INFO  handler.ContextHandler (ContextHandler.java:doStart(825)) - Started o.e.j.s.ServletContextHandler@f1e8753{static,/static,jar:file:/home/user/.m2/repository/org/apache/hadoop/hadoop-hdds-container-service/0.6.0-SNAPSHOT/hadoop-hdds-container-service-0.6.0-SNAPSHOT.jar!/webapps/static,AVAILABLE}
2020-08-02 01:06:03,940 [Listener at 127.0.0.1/44857] INFO  handler.ContextHandler (ContextHandler.java:doStart(825)) - Started o.e.j.w.WebAppContext@6461c673{hddsDatanode,/,file:///tmp/jetty-0_0_0_0-36067-hadoop-hdds-container-service-0_6_0-SNAPSHOT_jar-_-any-9006678309225135551.dir/webapp/,AVAILABLE}{jar:file:/home/user/.m2/repository/org/apache/hadoop/hadoop-hdds-container-service/0.6.0-SNAPSHOT/hadoop-hdds-container-service-0.6.0-SNAPSHOT.jar!/webapps/hddsDatanode}
2020-08-02 01:06:03,943 [Listener at 127.0.0.1/44857] INFO  server.AbstractConnector (AbstractConnector.java:doStart(330)) - Started ServerConnector@76d654{HTTP/1.1,[http/1.1]}{0.0.0.0:36067}
2020-08-02 01:06:03,943 [Listener at 127.0.0.1/44857] INFO  server.Server (Server.java:doStart(399)) - Started @5791ms
2020-08-02 01:06:03,943 [Listener at 127.0.0.1/44857] WARN  impl.MetricsSystemImpl (MetricsSystemImpl.java:register(276)) - Sink prometheus already exists!
2020-08-02 01:06:03,962 [Listener at 127.0.0.1/44857] INFO  http.BaseHttpServer (BaseHttpServer.java:updateConnectorAddress(327)) - HTTP server of hddsDatanode listening at http://0.0.0.0:36067
2020-08-02 01:06:03,963 [Listener at 127.0.0.1/44857] INFO  ozone.MiniOzoneClusterImpl (MiniOzoneClusterImpl.java:lambda$waitForClusterToBeReady$0(177)) - Waiting for nodes to be ready. Got 0 of 3 DN Heartbeats.
2020-08-02 01:06:03,963 [Listener at 127.0.0.1/44857] INFO  ozone.MiniOzoneClusterImpl (MiniOzoneClusterImpl.java:lambda$waitForClusterToBeReady$0(180)) - Waiting for cluster to exit safe mode
2020-08-02 01:06:03,976 [org.apache.hadoop.util.JvmPauseMonitor$Monitor@56d6075e] INFO  util.JvmPauseMonitor (JvmPauseMonitor.java:run(188)) - Starting JVM pause monitor
2020-08-02 01:06:03,978 [Datanode State Machine Task Thread - 0] INFO  datanode.InitDatanodeState (InitDatanodeState.java:persistContainerDatanodeDetails(145)) - DatanodeDetails is persisted to /github/workspace/mnt/ozone/hadoop-ozone/integration-test/target/test-dir/MiniOzoneClusterImpl-9d2a40a1-9d24-4090-95ed-d86fa5c4585c/datanode-2/meta/datanode.id
2020-08-02 01:06:04,964 [Listener at 127.0.0.1/44857] INFO  ozone.MiniOzoneClusterImpl (MiniOzoneClusterImpl.java:lambda$waitForClusterToBeReady$0(177)) - Waiting for nodes to be ready. Got 0 of 3 DN Heartbeats.
2020-08-02 01:06:04,964 [Listener at 127.0.0.1/44857] INFO  ozone.MiniOzoneClusterImpl (MiniOzoneClusterImpl.java:lambda$waitForClusterToBeReady$0(180)) - Waiting for cluster to exit safe mode
2020-08-02 01:06:05,650 [Datanode State Machine Task Thread - 1] INFO  ozoneimpl.OzoneContainer (OzoneContainer.java:start(245)) - Attempting to start container services.
2020-08-02 01:06:05,651 [Datanode State Machine Task Thread - 1] INFO  ozoneimpl.OzoneContainer (OzoneContainer.java:startContainerScrub(209)) - Background container scanner has been disabled.
2020-08-02 01:06:05,651 [Datanode State Machine Task Thread - 1] INFO  ratis.XceiverServerRatis (XceiverServerRatis.java:start(440)) - Starting XceiverServerRatis 7bfd1728-d5ba-4078-b4fb-1a74dfc91dd2 at port 0
2020-08-02 01:06:05,662 [Datanode State Machine Task Thread - 1] INFO  impl.RaftServerProxy (RaftServerProxy.java:lambda$start$3(304)) - 7bfd1728-d5ba-4078-b4fb-1a74dfc91dd2: start RPC server
2020-08-02 01:06:05,724 [Datanode State Machine Task Thread - 1] INFO  server.GrpcService (GrpcService.java:startImpl(160)) - 7bfd1728-d5ba-4078-b4fb-1a74dfc91dd2: GrpcService started, listening on 0.0.0.0/0.0.0.0:34233
2020-08-02 01:06:05,725 [Datanode State Machine Task Thread - 1] INFO  ratis.XceiverServerRatis (XceiverServerRatis.java:start(452)) - XceiverServerRatis 7bfd1728-d5ba-4078-b4fb-1a74dfc91dd2 is started using port 34233
2020-08-02 01:06:05,730 [Datanode State Machine Task Thread - 1] INFO  server.XceiverServerGrpc (XceiverServerGrpc.java:start(145)) - XceiverServerGrpc 7bfd1728-d5ba-4078-b4fb-1a74dfc91dd2 is started using port 39557
2020-08-02 01:06:05,810 [Datanode State Machine Task Thread - 1] INFO  ozoneimpl.OzoneContainer (OzoneContainer.java:start(245)) - Attempting to start container services.
2020-08-02 01:06:05,814 [Datanode State Machine Task Thread - 1] INFO  ozoneimpl.OzoneContainer (OzoneContainer.java:startContainerScrub(209)) - Background container scanner has been disabled.
2020-08-02 01:06:05,814 [Datanode State Machine Task Thread - 1] INFO  ratis.XceiverServerRatis (XceiverServerRatis.java:start(440)) - Starting XceiverServerRatis 12bd2fc3-fdcb-4beb-b390-582baaaf27fd at port 0
2020-08-02 01:06:05,817 [Datanode State Machine Task Thread - 1] INFO  impl.RaftServerProxy (RaftServerProxy.java:lambda$start$3(304)) - 12bd2fc3-fdcb-4beb-b390-582baaaf27fd: start RPC server
2020-08-02 01:06:05,821 [Datanode State Machine Task Thread - 1] INFO  server.GrpcService (GrpcService.java:startImpl(160)) - 12bd2fc3-fdcb-4beb-b390-582baaaf27fd: GrpcService started, listening on 0.0.0.0/0.0.0.0:44863
2020-08-02 01:06:05,821 [Datanode State Machine Task Thread - 1] INFO  ratis.XceiverServerRatis (XceiverServerRatis.java:start(452)) - XceiverServerRatis 12bd2fc3-fdcb-4beb-b390-582baaaf27fd is started using port 44863
2020-08-02 01:06:05,822 [Datanode State Machine Task Thread - 1] INFO  server.XceiverServerGrpc (XceiverServerGrpc.java:start(145)) - XceiverServerGrpc 12bd2fc3-fdcb-4beb-b390-582baaaf27fd is started using port 39805
2020-08-02 01:06:05,964 [Listener at 127.0.0.1/44857] INFO  ozone.MiniOzoneClusterImpl (MiniOzoneClusterImpl.java:lambda$waitForClusterToBeReady$0(177)) - Waiting for nodes to be ready. Got 0 of 3 DN Heartbeats.
2020-08-02 01:06:05,964 [Listener at 127.0.0.1/44857] INFO  ozone.MiniOzoneClusterImpl (MiniOzoneClusterImpl.java:lambda$waitForClusterToBeReady$0(180)) - Waiting for cluster to exit safe mode
2020-08-02 01:06:05,975 [Datanode State Machine Task Thread - 1] INFO  ozoneimpl.OzoneContainer (OzoneContainer.java:start(245)) - Attempting to start container services.
2020-08-02 01:06:05,975 [Datanode State Machine Task Thread - 1] INFO  ozoneimpl.OzoneContainer (OzoneContainer.java:startContainerScrub(209)) - Background container scanner has been disabled.
2020-08-02 01:06:05,975 [Datanode State Machine Task Thread - 1] INFO  ratis.XceiverServerRatis (XceiverServerRatis.java:start(440)) - Starting XceiverServerRatis 941ad556-bd35-4628-89a8-a1d687f503e2 at port 0
2020-08-02 01:06:05,979 [Datanode State Machine Task Thread - 1] INFO  impl.RaftServerProxy (RaftServerProxy.java:lambda$start$3(304)) - 941ad556-bd35-4628-89a8-a1d687f503e2: start RPC server
2020-08-02 01:06:05,988 [Datanode State Machine Task Thread - 1] INFO  server.GrpcService (GrpcService.java:startImpl(160)) - 941ad556-bd35-4628-89a8-a1d687f503e2: GrpcService started, listening on 0.0.0.0/0.0.0.0:34823
2020-08-02 01:06:05,988 [Datanode State Machine Task Thread - 1] INFO  ratis.XceiverServerRatis (XceiverServerRatis.java:start(452)) - XceiverServerRatis 941ad556-bd35-4628-89a8-a1d687f503e2 is started using port 34823
2020-08-02 01:06:05,990 [Datanode State Machine Task Thread - 1] INFO  server.XceiverServerGrpc (XceiverServerGrpc.java:start(145)) - XceiverServerGrpc 941ad556-bd35-4628-89a8-a1d687f503e2 is started using port 41547
2020-08-02 01:06:06,965 [Listener at 127.0.0.1/44857] INFO  ozone.MiniOzoneClusterImpl (MiniOzoneClusterImpl.java:lambda$waitForClusterToBeReady$0(177)) - Waiting for nodes to be ready. Got 0 of 3 DN Heartbeats.
2020-08-02 01:06:06,965 [Listener at 127.0.0.1/44857] INFO  ozone.MiniOzoneClusterImpl (MiniOzoneClusterImpl.java:lambda$waitForClusterToBeReady$0(180)) - Waiting for cluster to exit safe mode
2020-08-02 01:06:07,615 [IPC Server handler 0 on default port 41555] INFO  net.NetworkTopology (NetworkTopologyImpl.java:add(111)) - Added a new node: /default-rack/7bfd1728-d5ba-4078-b4fb-1a74dfc91dd2
2020-08-02 01:06:07,618 [IPC Server handler 0 on default port 41555] INFO  node.SCMNodeManager (SCMNodeManager.java:register(274)) - Registered Data node : 7bfd1728-d5ba-4078-b4fb-1a74dfc91dd2{ip: 172.17.0.2, host: cde6132c9c6b, networkLocation: /default-rack, certSerialId: null}
2020-08-02 01:06:07,623 [EventQueue-NodeRegistrationContainerReportForContainerSafeModeRule] INFO  safemode.SCMSafeModeManager (SCMSafeModeManager.java:validateSafeModeExitRules(214)) - ContainerSafeModeRule rule is successfully validated
2020-08-02 01:06:07,625 [EventQueue-NodeRegistrationContainerReportForDataNodeSafeModeRule] INFO  safemode.SCMSafeModeManager (DataNodeSafeModeRule.java:process(71)) - SCM in safe mode. 1 DataNodes registered, 1 required.
2020-08-02 01:06:07,625 [EventQueue-NodeRegistrationContainerReportForDataNodeSafeModeRule] INFO  safemode.SCMSafeModeManager (SCMSafeModeManager.java:validateSafeModeExitRules(214)) - DataNodeSafeModeRule rule is successfully validated
2020-08-02 01:06:07,625 [EventQueue-NodeRegistrationContainerReportForDataNodeSafeModeRule] INFO  safemode.SCMSafeModeManager (SCMSafeModeManager.java:completePreCheck(242)) - All SCM safe mode pre check rules have passed
2020-08-02 01:06:07,633 [RatisPipelineUtilsThread] INFO  pipeline.RatisPipelineProvider (RatisPipelineProvider.java:lambda$create$0(138)) - Sending CreatePipelineCommand for pipeline:PipelineID=1dfc60a3-98b7-4c84-93b7-705f67eddae0 to datanode:7bfd1728-d5ba-4078-b4fb-1a74dfc91dd2
2020-08-02 01:06:07,649 [RatisPipelineUtilsThread] INFO  pipeline.PipelineStateManager (PipelineStateManager.java:addPipeline(54)) - Created pipeline Pipeline[ Id: 1dfc60a3-98b7-4c84-93b7-705f67eddae0, Nodes: 7bfd1728-d5ba-4078-b4fb-1a74dfc91dd2{ip: 172.17.0.2, host: cde6132c9c6b, networkLocation: /default-rack, certSerialId: null}, Type:RATIS, Factor:ONE, State:ALLOCATED, leaderId:, CreationTimestamp2020-08-02T01:06:07.629Z]
2020-08-02 01:06:07,652 [RatisPipelineUtilsThread] WARN  pipeline.PipelinePlacementPolicy (PipelinePlacementPolicy.java:filterViableNodes(133)) - Pipeline creation failed due to no sufficient healthy datanodes. Required 3. Found 1.
2020-08-02 01:06:07,809 [IPC Server handler 2 on default port 41555] INFO  net.NetworkTopology (NetworkTopologyImpl.java:add(111)) - Added a new node: /default-rack/12bd2fc3-fdcb-4beb-b390-582baaaf27fd
2020-08-02 01:06:07,809 [IPC Server handler 2 on default port 41555] INFO  node.SCMNodeManager (SCMNodeManager.java:register(274)) - Registered Data node : 12bd2fc3-fdcb-4beb-b390-582baaaf27fd{ip: 172.17.0.2, host: cde6132c9c6b, networkLocation: /default-rack, certSerialId: null}
2020-08-02 01:06:07,810 [EventQueue-NodeRegistrationContainerReportForContainerSafeModeRule] INFO  safemode.SCMSafeModeManager (SCMSafeModeManager.java:validateSafeModeExitRules(214)) - ContainerSafeModeRule rule is successfully validated
2020-08-02 01:06:07,810 [EventQueue-NodeRegistrationContainerReportForDataNodeSafeModeRule] INFO  safemode.SCMSafeModeManager (SCMSafeModeManager.java:validateSafeModeExitRules(214)) - DataNodeSafeModeRule rule is successfully validated
2020-08-02 01:06:07,812 [RatisPipelineUtilsThread] INFO  pipeline.RatisPipelineProvider (RatisPipelineProvider.java:lambda$create$0(138)) - Sending CreatePipelineCommand for pipeline:PipelineID=b8e2cd36-e57f-4809-b70f-7303a3bf1482 to datanode:12bd2fc3-fdcb-4beb-b390-582baaaf27fd
2020-08-02 01:06:07,812 [RatisPipelineUtilsThread] INFO  pipeline.PipelineStateManager (PipelineStateManager.java:addPipeline(54)) - Created pipeline Pipeline[ Id: b8e2cd36-e57f-4809-b70f-7303a3bf1482, Nodes: 12bd2fc3-fdcb-4beb-b390-582baaaf27fd{ip: 172.17.0.2, host: cde6132c9c6b, networkLocation: /default-rack, certSerialId: null}, Type:RATIS, Factor:ONE, State:ALLOCATED, leaderId:, CreationTimestamp2020-08-02T01:06:07.812Z]
2020-08-02 01:06:07,813 [RatisPipelineUtilsThread] WARN  pipeline.PipelinePlacementPolicy (PipelinePlacementPolicy.java:filterViableNodes(133)) - Pipeline creation failed due to no sufficient healthy datanodes. Required 3. Found 2.
2020-08-02 01:06:07,965 [Listener at 127.0.0.1/44857] INFO  ozone.MiniOzoneClusterImpl (MiniOzoneClusterImpl.java:lambda$waitForClusterToBeReady$0(177)) - Waiting for nodes to be ready. Got 2 of 3 DN Heartbeats.
2020-08-02 01:06:07,965 [Listener at 127.0.0.1/44857] INFO  ozone.MiniOzoneClusterImpl (MiniOzoneClusterImpl.java:lambda$waitForClusterToBeReady$0(180)) - Waiting for cluster to exit safe mode
2020-08-02 01:06:07,974 [IPC Server handler 3 on default port 41555] INFO  net.NetworkTopology (NetworkTopologyImpl.java:add(111)) - Added a new node: /default-rack/941ad556-bd35-4628-89a8-a1d687f503e2
2020-08-02 01:06:07,975 [IPC Server handler 3 on default port 41555] INFO  node.SCMNodeManager (SCMNodeManager.java:register(274)) - Registered Data node : 941ad556-bd35-4628-89a8-a1d687f503e2{ip: 172.17.0.2, host: cde6132c9c6b, networkLocation: /default-rack, certSerialId: null}
2020-08-02 01:06:07,975 [RatisPipelineUtilsThread] INFO  pipeline.RatisPipelineProvider (RatisPipelineProvider.java:lambda$create$0(138)) - Sending CreatePipelineCommand for pipeline:PipelineID=ff8efa9a-318f-4530-8956-2c4bdfe79c19 to datanode:941ad556-bd35-4628-89a8-a1d687f503e2
2020-08-02 01:06:07,976 [RatisPipelineUtilsThread] INFO  pipeline.PipelineStateManager (PipelineStateManager.java:addPipeline(54)) - Created pipeline Pipeline[ Id: ff8efa9a-318f-4530-8956-2c4bdfe79c19, Nodes: 941ad556-bd35-4628-89a8-a1d687f503e2{ip: 172.17.0.2, host: cde6132c9c6b, networkLocation: /default-rack, certSerialId: null}, Type:RATIS, Factor:ONE, State:ALLOCATED, leaderId:, CreationTimestamp2020-08-02T01:06:07.975Z]
2020-08-02 01:06:07,976 [EventQueue-NodeRegistrationContainerReportForContainerSafeModeRule] INFO  safemode.SCMSafeModeManager (SCMSafeModeManager.java:validateSafeModeExitRules(214)) - ContainerSafeModeRule rule is successfully validated
2020-08-02 01:06:07,976 [EventQueue-NodeRegistrationContainerReportForDataNodeSafeModeRule] INFO  safemode.SCMSafeModeManager (SCMSafeModeManager.java:validateSafeModeExitRules(214)) - DataNodeSafeModeRule rule is successfully validated
2020-08-02 01:06:07,981 [RatisPipelineUtilsThread] INFO  pipeline.RatisPipelineProvider (RatisPipelineProvider.java:lambda$create$0(138)) - Sending CreatePipelineCommand for pipeline:PipelineID=52a2303a-ddac-420b-be34-1fd2ac16806c to datanode:7bfd1728-d5ba-4078-b4fb-1a74dfc91dd2
2020-08-02 01:06:07,981 [RatisPipelineUtilsThread] INFO  pipeline.RatisPipelineProvider (RatisPipelineProvider.java:lambda$create$0(138)) - Sending CreatePipelineCommand for pipeline:PipelineID=52a2303a-ddac-420b-be34-1fd2ac16806c to datanode:12bd2fc3-fdcb-4beb-b390-582baaaf27fd
2020-08-02 01:06:07,981 [RatisPipelineUtilsThread] INFO  pipeline.RatisPipelineProvider (RatisPipelineProvider.java:lambda$create$0(138)) - Sending CreatePipelineCommand for pipeline:PipelineID=52a2303a-ddac-420b-be34-1fd2ac16806c to datanode:941ad556-bd35-4628-89a8-a1d687f503e2
2020-08-02 01:06:07,982 [RatisPipelineUtilsThread] INFO  pipeline.PipelineStateManager (PipelineStateManager.java:addPipeline(54)) - Created pipeline Pipeline[ Id: 52a2303a-ddac-420b-be34-1fd2ac16806c, Nodes: 7bfd1728-d5ba-4078-b4fb-1a74dfc91dd2{ip: 172.17.0.2, host: cde6132c9c6b, networkLocation: /default-rack, certSerialId: null}12bd2fc3-fdcb-4beb-b390-582baaaf27fd{ip: 172.17.0.2, host: cde6132c9c6b, networkLocation: /default-rack, certSerialId: null}941ad556-bd35-4628-89a8-a1d687f503e2{ip: 172.17.0.2, host: cde6132c9c6b, networkLocation: /default-rack, certSerialId: null}, Type:RATIS, Factor:THREE, State:ALLOCATED, leaderId:, CreationTimestamp2020-08-02T01:06:07.981Z]
2020-08-02 01:06:08,966 [Listener at 127.0.0.1/44857] INFO  ozone.MiniOzoneClusterImpl (MiniOzoneClusterImpl.java:lambda$waitForClusterToBeReady$0(177)) - Nodes are ready. Got 3 of 3 DN Heartbeats.
2020-08-02 01:06:08,966 [Listener at 127.0.0.1/44857] INFO  ozone.MiniOzoneClusterImpl (MiniOzoneClusterImpl.java:lambda$waitForClusterToBeReady$0(180)) - Waiting for cluster to exit safe mode
2020-08-02 01:06:09,966 [Listener at 127.0.0.1/44857] INFO  ozone.MiniOzoneClusterImpl (MiniOzoneClusterImpl.java:lambda$waitForClusterToBeReady$0(177)) - Nodes are ready. Got 3 of 3 DN Heartbeats.
2020-08-02 01:06:09,967 [Listener at 127.0.0.1/44857] INFO  ozone.MiniOzoneClusterImpl (MiniOzoneClusterImpl.java:lambda$waitForClusterToBeReady$0(180)) - Waiting for cluster to exit safe mode
2020-08-02 01:06:10,601 [Command processor thread] INFO  impl.RaftServerProxy (RaftServerProxy.java:addNew(89)) - 7bfd1728-d5ba-4078-b4fb-1a74dfc91dd2: addNew group-705F67EDDAE0:[7bfd1728-d5ba-4078-b4fb-1a74dfc91dd2:172.17.0.2:34233] returns group-705F67EDDAE0:java.util.concurrent.CompletableFuture@6a951474[Not completed]
2020-08-02 01:06:10,632 [pool-33-thread-1] INFO  impl.RaftServerImpl (RaftServerImpl.java:<init>(107)) - 7bfd1728-d5ba-4078-b4fb-1a74dfc91dd2: new RaftServerImpl for group-705F67EDDAE0:[7bfd1728-d5ba-4078-b4fb-1a74dfc91dd2:172.17.0.2:34233] with ContainerStateMachine:uninitialized
2020-08-02 01:06:10,633 [pool-33-thread-1] INFO  server.RaftServerConfigKeys (ConfUtils.java:logGet(44)) - raft.server.rpc.timeout.min = 5s (custom)
2020-08-02 01:06:10,634 [pool-33-thread-1] INFO  server.RaftServerConfigKeys (ConfUtils.java:logGet(44)) - raft.server.rpc.timeout.max = 5200ms (custom)
2020-08-02 01:06:10,634 [pool-33-thread-1] INFO  server.RaftServerConfigKeys (ConfUtils.java:logGet(44)) - raft.server.rpcslowness.timeout = 1000000ms (custom)
2020-08-02 01:06:10,634 [pool-33-thread-1] INFO  server.RaftServerConfigKeys (ConfUtils.java:logGet(44)) - raft.server.sleep.deviation.threshold = 300 (default)
2020-08-02 01:06:10,635 [pool-33-thread-1] INFO  server.RaftServerConfigKeys (ConfUtils.java:logGet(44)) - raft.server.log.appender.install.snapshot.enabled = false (custom)
2020-08-02 01:06:10,640 [pool-33-thread-1] INFO  impl.RaftServerImpl (ServerState.java:<init>(103)) - 7bfd1728-d5ba-4078-b4fb-1a74dfc91dd2@group-705F67EDDAE0: ConfigurationManager, init=-1: [7bfd1728-d5ba-4078-b4fb-1a74dfc91dd2:172.17.0.2:34233], old=null, confs=<EMPTY_MAP>
2020-08-02 01:06:10,641 [pool-33-thread-1] INFO  server.RaftServerConfigKeys (ConfUtils.java:logGet(44)) - raft.server.storage.dir = [/github/workspace/mnt/ozone/hadoop-ozone/integration-test/target/test-dir/MiniOzoneClusterImpl-9d2a40a1-9d24-4090-95ed-d86fa5c4585c/datanode-0/data/ratis] (custom)
2020-08-02 01:06:10,646 [pool-33-thread-1] INFO  server.RaftServerConfigKeys (ConfUtils.java:logGet(44)) - raft.server.log.corruption.policy = EXCEPTION (default)
2020-08-02 01:06:10,647 [pool-33-thread-1] INFO  storage.RaftStorageDirectory (RaftStorageDirectory.java:analyzeStorage(261)) - The storage directory /github/workspace/mnt/ozone/hadoop-ozone/integration-test/target/test-dir/MiniOzoneClusterImpl-9d2a40a1-9d24-4090-95ed-d86fa5c4585c/datanode-0/data/ratis/1dfc60a3-98b7-4c84-93b7-705f67eddae0 does not exist. Creating ...
2020-08-02 01:06:10,653 [pool-33-thread-1] INFO  storage.RaftStorageDirectory (RaftStorageDirectory.java:tryLock(343)) - Lock on /github/workspace/mnt/ozone/hadoop-ozone/integration-test/target/test-dir/MiniOzoneClusterImpl-9d2a40a1-9d24-4090-95ed-d86fa5c4585c/datanode-0/data/ratis/1dfc60a3-98b7-4c84-93b7-705f67eddae0/in_use.lock acquired by nodename 6912@cde6132c9c6b
2020-08-02 01:06:10,655 [pool-33-thread-1] INFO  storage.RaftStorage (RaftStorage.java:format(84)) - Storage directory /github/workspace/mnt/ozone/hadoop-ozone/integration-test/target/test-dir/MiniOzoneClusterImpl-9d2a40a1-9d24-4090-95ed-d86fa5c4585c/datanode-0/data/ratis/1dfc60a3-98b7-4c84-93b7-705f67eddae0 has been successfully formatted.
2020-08-02 01:06:10,659 [Datanode State Machine Thread - 0] WARN  statemachine.DatanodeStateMachine (DatanodeStateMachine.java:start(245)) - Interrupt the execution.
java.lang.InterruptedException: sleep interrupted
	at java.lang.Thread.sleep(Native Method)
	at org.apache.hadoop.ozone.container.common.statemachine.DatanodeStateMachine.start(DatanodeStateMachine.java:243)
	at org.apache.hadoop.ozone.container.common.statemachine.DatanodeStateMachine.lambda$startDaemon$0(DatanodeStateMachine.java:405)
	at java.lang.Thread.run(Thread.java:748)
2020-08-02 01:06:10,661 [pool-33-thread-1] INFO  ratis.ContainerStateMachine (ContainerStateMachine.java:loadSnapshot(225)) - group-705F67EDDAE0: The snapshot info is null. Setting the last applied indexto:(t:0, i:~)
2020-08-02 01:06:10,661 [pool-33-thread-1] INFO  server.RaftServerConfigKeys (ConfUtils.java:logGet(44)) - raft.server.notification.no-leader.timeout = 1000000ms (custom)
2020-08-02 01:06:10,663 [EventQueue-PipelineReportForPipelineReportHandler] INFO  pipeline.PipelineStateManager (PipelineStateManager.java:openPipeline(131)) - Pipeline Pipeline[ Id: 1dfc60a3-98b7-4c84-93b7-705f67eddae0, Nodes: 7bfd1728-d5ba-4078-b4fb-1a74dfc91dd2{ip: 172.17.0.2, host: cde6132c9c6b, networkLocation: /default-rack, certSerialId: null}, Type:RATIS, Factor:ONE, State:ALLOCATED, leaderId:7bfd1728-d5ba-4078-b4fb-1a74dfc91dd2, CreationTimestamp2020-08-02T01:06:07.629Z] moved to OPEN state
2020-08-02 01:06:10,668 [EventQueue-OpenPipelineForHealthyPipelineSafeModeRule] INFO  safemode.SCMSafeModeManager (HealthyPipelineSafeModeRule.java:process(129)) - SCM in safe mode. Healthy pipelines reported count is 0, required healthy pipeline reported count is 1
2020-08-02 01:06:10,669 [pool-33-thread-1] INFO  server.RaftServerConfigKeys (ConfUtils.java:logGet(44)) - raft.server.log.use.memory = false (default)
2020-08-02 01:06:10,673 [EventQueue-OpenPipelineForOneReplicaPipelineSafeModeRule] INFO  safemode.SCMSafeModeManager (SCMSafeModeManager.java:validateSafeModeExitRules(214)) - AtleastOneDatanodeReportedRule rule is successfully validated
2020-08-02 01:06:10,681 [pool-33-thread-1] INFO  server.RaftServerConfigKeys (ConfUtils.java:logGet(44)) - raft.server.log.purge.gap = 1000000 (custom)
2020-08-02 01:06:10,686 [pool-33-thread-1] INFO  metrics.RatisMetrics (RatisMetrics.java:lambda$create$0(36)) - Creating Metrics Registry : ratis.log_worker.7bfd1728-d5ba-4078-b4fb-1a74dfc91dd2@group-705F67EDDAE0
2020-08-02 01:06:10,701 [pool-33-thread-1] INFO  server.RaftServerConfigKeys (ConfUtils.java:logGet(44)) - raft.server.log.appender.buffer.byte-limit = 33554432 (custom)
2020-08-02 01:06:10,703 [pool-33-thread-1] INFO  server.RaftServerConfigKeys (ConfUtils.java:logGet(44)) - raft.server.log.segment.size.max = 1048576 (custom)
2020-08-02 01:06:10,715 [pool-33-thread-1] INFO  server.RaftServerConfigKeys (ConfUtils.java:logGet(44)) - raft.server.log.segment.cache.num.max = 2 (custom)
2020-08-02 01:06:10,721 [pool-33-thread-1] INFO  segmented.SegmentedRaftLogWorker (SegmentedRaftLogWorker.java:<init>(180)) - new 7bfd1728-d5ba-4078-b4fb-1a74dfc91dd2@group-705F67EDDAE0-SegmentedRaftLogWorker for RaftStorage:Storage Directory /github/workspace/mnt/ozone/hadoop-ozone/integration-test/target/test-dir/MiniOzoneClusterImpl-9d2a40a1-9d24-4090-95ed-d86fa5c4585c/datanode-0/data/ratis/1dfc60a3-98b7-4c84-93b7-705f67eddae0
2020-08-02 01:06:10,721 [pool-33-thread-1] INFO  server.RaftServerConfigKeys (ConfUtils.java:logGet(44)) - raft.server.log.queue.byte-limit = 2147483647 (custom)
2020-08-02 01:06:10,722 [pool-33-thread-1] INFO  server.RaftServerConfigKeys (ConfUtils.java:logGet(44)) - raft.server.log.queue.element-limit = 1024 (custom)
2020-08-02 01:06:10,723 [pool-33-thread-1] INFO  server.RaftServerConfigKeys (ConfUtils.java:logGet(44)) - raft.server.log.segment.size.max = 1048576 (custom)
2020-08-02 01:06:10,724 [pool-33-thread-1] INFO  server.RaftServerConfigKeys (ConfUtils.java:logGet(44)) - raft.server.log.preallocated.size = 16384 (custom)
2020-08-02 01:06:10,726 [pool-33-thread-1] INFO  server.RaftServerConfigKeys (ConfUtils.java:logGet(44)) - raft.server.log.write.buffer.size = 1048576 (custom)
2020-08-02 01:06:10,730 [pool-33-thread-1] INFO  server.RaftServerConfigKeys (ConfUtils.java:logGet(44)) - raft.server.log.force.sync.num = 128 (default)
2020-08-02 01:06:10,734 [pool-33-thread-1] INFO  server.RaftServerConfigKeys (ConfUtils.java:logGet(44)) - raft.server.log.statemachine.data.sync = true (default)
2020-08-02 01:06:10,734 [pool-33-thread-1] INFO  server.RaftServerConfigKeys (ConfUtils.java:logGet(44)) - raft.server.log.statemachine.data.sync.timeout = 10s (default)
2020-08-02 01:06:10,735 [pool-33-thread-1] INFO  server.RaftServerConfigKeys (ConfUtils.java:logGet(44)) - raft.server.log.statemachine.data.sync.timeout.retry = -1 (default)
2020-08-02 01:06:10,804 [pool-33-thread-1] INFO  server.RaftServerConfigKeys (ConfUtils.java:logGet(44)) - raft.server.log.statemachine.data.caching.enabled = true (custom)
2020-08-02 01:06:10,812 [Command processor thread] INFO  impl.RaftServerProxy (RaftServerProxy.java:addNew(89)) - 12bd2fc3-fdcb-4beb-b390-582baaaf27fd: addNew group-7303A3BF1482:[12bd2fc3-fdcb-4beb-b390-582baaaf27fd:172.17.0.2:44863] returns group-7303A3BF1482:java.util.concurrent.CompletableFuture@3d227a1a[Not completed]
2020-08-02 01:06:10,818 [pool-33-thread-1] INFO  segmented.SegmentedRaftLogWorker (SegmentedRaftLogWorker.java:lambda$new$0(129)) - 7bfd1728-d5ba-4078-b4fb-1a74dfc91dd2@group-705F67EDDAE0-SegmentedRaftLogWorker: flushIndex: setUnconditionally 0 -> -1
2020-08-02 01:06:10,819 [pool-33-thread-1] INFO  segmented.SegmentedRaftLogWorker (SegmentedRaftLogWorker.java:lambda$new$0(129)) - 7bfd1728-d5ba-4078-b4fb-1a74dfc91dd2@group-705F67EDDAE0-SegmentedRaftLogWorker: safeCacheEvictIndex: setUnconditionally 0 -> -1
2020-08-02 01:06:10,830 [pool-33-thread-1] INFO  server.RaftServerConfigKeys (ConfUtils.java:logGet(44)) - raft.server.snapshot.auto.trigger.enabled = true (custom)
2020-08-02 01:06:10,831 [pool-33-thread-1] INFO  server.RaftServerConfigKeys (ConfUtils.java:logGet(44)) - raft.server.snapshot.auto.trigger.threshold = 10000 (custom)
2020-08-02 01:06:10,831 [pool-33-thread-1] INFO  server.RaftServerConfigKeys (ConfUtils.java:logGet(44)) - raft.server.snapshot.retention.file.num = 5 (custom)
2020-08-02 01:06:10,832 [pool-33-thread-1] INFO  server.RaftServerConfigKeys (ConfUtils.java:logGet(44)) - raft.server.log.purge.upto.snapshot.index = false (default)
2020-08-02 01:06:10,840 [pool-33-thread-1] INFO  server.RaftServerConfigKeys (ConfUtils.java:logGet(44)) - raft.server.retrycache.expirytime = 600000ms (custom)
2020-08-02 01:06:10,868 [pool-48-thread-1] INFO  impl.RaftServerImpl (RaftServerImpl.java:<init>(107)) - 12bd2fc3-fdcb-4beb-b390-582baaaf27fd: new RaftServerImpl for group-7303A3BF1482:[12bd2fc3-fdcb-4beb-b390-582baaaf27fd:172.17.0.2:44863] with ContainerStateMachine:uninitialized
2020-08-02 01:06:10,869 [pool-48-thread-1] INFO  server.RaftServerConfigKeys (ConfUtils.java:logGet(44)) - raft.server.rpc.timeout.min = 5s (custom)
2020-08-02 01:06:10,869 [pool-48-thread-1] INFO  server.RaftServerConfigKeys (ConfUtils.java:logGet(44)) - raft.server.rpc.timeout.max = 5200ms (custom)
2020-08-02 01:06:10,869 [pool-48-thread-1] INFO  server.RaftServerConfigKeys (ConfUtils.java:logGet(44)) - raft.server.rpcslowness.timeout = 1000000ms (custom)
2020-08-02 01:06:10,869 [pool-48-thread-1] INFO  server.RaftServerConfigKeys (ConfUtils.java:logGet(44)) - raft.server.sleep.deviation.threshold = 300 (default)
2020-08-02 01:06:10,869 [pool-48-thread-1] INFO  server.RaftServerConfigKeys (ConfUtils.java:logGet(44)) - raft.server.log.appender.install.snapshot.enabled = false (custom)
2020-08-02 01:06:10,869 [pool-48-thread-1] INFO  impl.RaftServerImpl (ServerState.java:<init>(103)) - 12bd2fc3-fdcb-4beb-b390-582baaaf27fd@group-7303A3BF1482: ConfigurationManager, init=-1: [12bd2fc3-fdcb-4beb-b390-582baaaf27fd:172.17.0.2:44863], old=null, confs=<EMPTY_MAP>
2020-08-02 01:06:10,869 [pool-48-thread-1] INFO  server.RaftServerConfigKeys (ConfUtils.java:logGet(44)) - raft.server.storage.dir = [/github/workspace/mnt/ozone/hadoop-ozone/integration-test/target/test-dir/MiniOzoneClusterImpl-9d2a40a1-9d24-4090-95ed-d86fa5c4585c/datanode-1/data/ratis] (custom)
2020-08-02 01:06:10,870 [pool-48-thread-1] INFO  server.RaftServerConfigKeys (ConfUtils.java:logGet(44)) - raft.server.log.corruption.policy = EXCEPTION (default)
2020-08-02 01:06:10,870 [pool-48-thread-1] INFO  storage.RaftStorageDirectory (RaftStorageDirectory.java:analyzeStorage(261)) - The storage directory /github/workspace/mnt/ozone/hadoop-ozone/integration-test/target/test-dir/MiniOzoneClusterImpl-9d2a40a1-9d24-4090-95ed-d86fa5c4585c/datanode-1/data/ratis/b8e2cd36-e57f-4809-b70f-7303a3bf1482 does not exist. Creating ...
2020-08-02 01:06:10,875 [pool-48-thread-1] INFO  storage.RaftStorageDirectory (RaftStorageDirectory.java:tryLock(343)) - Lock on /github/workspace/mnt/ozone/hadoop-ozone/integration-test/target/test-dir/MiniOzoneClusterImpl-9d2a40a1-9d24-4090-95ed-d86fa5c4585c/datanode-1/data/ratis/b8e2cd36-e57f-4809-b70f-7303a3bf1482/in_use.lock acquired by nodename 6912@cde6132c9c6b
2020-08-02 01:06:10,878 [pool-48-thread-1] INFO  storage.RaftStorage (RaftStorage.java:format(84)) - Storage directory /github/workspace/mnt/ozone/hadoop-ozone/integration-test/target/test-dir/MiniOzoneClusterImpl-9d2a40a1-9d24-4090-95ed-d86fa5c4585c/datanode-1/data/ratis/b8e2cd36-e57f-4809-b70f-7303a3bf1482 has been successfully formatted.
2020-08-02 01:06:10,879 [Datanode State Machine Thread - 0] WARN  statemachine.DatanodeStateMachine (DatanodeStateMachine.java:start(245)) - Interrupt the execution.
java.lang.InterruptedException: sleep interrupted
	at java.lang.Thread.sleep(Native Method)
	at org.apache.hadoop.ozone.container.common.statemachine.DatanodeStateMachine.start(DatanodeStateMachine.java:243)
	at org.apache.hadoop.ozone.container.common.statemachine.DatanodeStateMachine.lambda$startDaemon$0(DatanodeStateMachine.java:405)
	at java.lang.Thread.run(Thread.java:748)
2020-08-02 01:06:10,880 [pool-48-thread-1] INFO  ratis.ContainerStateMachine (ContainerStateMachine.java:loadSnapshot(225)) - group-7303A3BF1482: The snapshot info is null. Setting the last applied indexto:(t:0, i:~)
2020-08-02 01:06:10,884 [pool-48-thread-1] INFO  server.RaftServerConfigKeys (ConfUtils.java:logGet(44)) - raft.server.notification.no-leader.timeout = 1000000ms (custom)
2020-08-02 01:06:10,884 [pool-48-thread-1] INFO  server.RaftServerConfigKeys (ConfUtils.java:logGet(44)) - raft.server.log.use.memory = false (default)
2020-08-02 01:06:10,884 [pool-48-thread-1] INFO  server.RaftServerConfigKeys (ConfUtils.java:logGet(44)) - raft.server.log.purge.gap = 1000000 (custom)
2020-08-02 01:06:10,884 [pool-48-thread-1] INFO  metrics.RatisMetrics (RatisMetrics.java:lambda$create$0(36)) - Creating Metrics Registry : ratis.log_worker.12bd2fc3-fdcb-4beb-b390-582baaaf27fd@group-7303A3BF1482
2020-08-02 01:06:10,897 [pool-48-thread-1] INFO  server.RaftServerConfigKeys (ConfUtils.java:logGet(44)) - raft.server.log.appender.buffer.byte-limit = 33554432 (custom)
2020-08-02 01:06:10,897 [pool-48-thread-1] INFO  server.RaftServerConfigKeys (ConfUtils.java:logGet(44)) - raft.server.log.segment.size.max = 1048576 (custom)
2020-08-02 01:06:10,901 [EventQueue-PipelineReportForPipelineReportHandler] INFO  pipeline.PipelineStateManager (PipelineStateManager.java:openPipeline(131)) - Pipeline Pipeline[ Id: b8e2cd36-e57f-4809-b70f-7303a3bf1482, Nodes: 12bd2fc3-fdcb-4beb-b390-582baaaf27fd{ip: 172.17.0.2, host: cde6132c9c6b, networkLocation: /default-rack, certSerialId: null}, Type:RATIS, Factor:ONE, State:ALLOCATED, leaderId:12bd2fc3-fdcb-4beb-b390-582baaaf27fd, CreationTimestamp2020-08-02T01:06:07.812Z] moved to OPEN state
2020-08-02 01:06:10,902 [pool-48-thread-1] INFO  server.RaftServerConfigKeys (ConfUtils.java:logGet(44)) - raft.server.log.segment.cache.num.max = 2 (custom)
2020-08-02 01:06:10,903 [pool-33-thread-1] INFO  metrics.RatisMetrics (RatisMetrics.java:lambda$create$0(36)) - Creating Metrics Registry : ratis.leader_election.7bfd1728-d5ba-4078-b4fb-1a74dfc91dd2@group-705F67EDDAE0
2020-08-02 01:06:10,906 [pool-33-thread-1] INFO  metrics.RatisMetrics (RatisMetrics.java:lambda$create$0(36)) - Creating Metrics Registry : ratis.server.7bfd1728-d5ba-4078-b4fb-1a74dfc91dd2@group-705F67EDDAE0
2020-08-02 01:06:10,906 [EventQueue-OpenPipelineForOneReplicaPipelineSafeModeRule] INFO  safemode.SCMSafeModeManager (SCMSafeModeManager.java:validateSafeModeExitRules(214)) - AtleastOneDatanodeReportedRule rule is successfully validated
2020-08-02 01:06:10,906 [EventQueue-OpenPipelineForHealthyPipelineSafeModeRule] INFO  safemode.SCMSafeModeManager (HealthyPipelineSafeModeRule.java:process(129)) - SCM in safe mode. Healthy pipelines reported count is 0, required healthy pipeline reported count is 1
2020-08-02 01:06:10,902 [pool-48-thread-1] INFO  segmented.SegmentedRaftLogWorker (SegmentedRaftLogWorker.java:<init>(180)) - new 12bd2fc3-fdcb-4beb-b390-582baaaf27fd@group-7303A3BF1482-SegmentedRaftLogWorker for RaftStorage:Storage Directory /github/workspace/mnt/ozone/hadoop-ozone/integration-test/target/test-dir/MiniOzoneClusterImpl-9d2a40a1-9d24-4090-95ed-d86fa5c4585c/datanode-1/data/ratis/b8e2cd36-e57f-4809-b70f-7303a3bf1482
2020-08-02 01:06:10,907 [pool-48-thread-1] INFO  server.RaftServerConfigKeys (ConfUtils.java:logGet(44)) - raft.server.log.queue.byte-limit = 2147483647 (custom)
2020-08-02 01:06:10,907 [pool-48-thread-1] INFO  server.RaftServerConfigKeys (ConfUtils.java:logGet(44)) - raft.server.log.queue.element-limit = 1024 (custom)
2020-08-02 01:06:10,907 [pool-48-thread-1] INFO  server.RaftServerConfigKeys (ConfUtils.java:logGet(44)) - raft.server.log.segment.size.max = 1048576 (custom)
2020-08-02 01:06:10,908 [pool-48-thread-1] INFO  server.RaftServerConfigKeys (ConfUtils.java:logGet(44)) - raft.server.log.preallocated.size = 16384 (custom)
2020-08-02 01:06:10,908 [pool-48-thread-1] INFO  server.RaftServerConfigKeys (ConfUtils.java:logGet(44)) - raft.server.log.write.buffer.size = 1048576 (custom)
2020-08-02 01:06:10,908 [pool-48-thread-1] INFO  server.RaftServerConfigKeys (ConfUtils.java:logGet(44)) - raft.server.log.force.sync.num = 128 (default)
2020-08-02 01:06:10,908 [pool-48-thread-1] INFO  server.RaftServerConfigKeys (ConfUtils.java:logGet(44)) - raft.server.log.statemachine.data.sync = true (default)
2020-08-02 01:06:10,908 [pool-48-thread-1] INFO  server.RaftServerConfigKeys (ConfUtils.java:logGet(44)) - raft.server.log.statemachine.data.sync.timeout = 10s (default)
2020-08-02 01:06:10,908 [pool-48-thread-1] INFO  server.RaftServerConfigKeys (ConfUtils.java:logGet(44)) - raft.server.log.statemachine.data.sync.timeout.retry = -1 (default)
2020-08-02 01:06:10,910 [pool-48-thread-1] INFO  server.RaftServerConfigKeys (ConfUtils.java:logGet(44)) - raft.server.log.statemachine.data.caching.enabled = true (custom)
2020-08-02 01:06:10,911 [pool-48-thread-1] INFO  segmented.SegmentedRaftLogWorker (SegmentedRaftLogWorker.java:lambda$new$0(129)) - 12bd2fc3-fdcb-4beb-b390-582baaaf27fd@group-7303A3BF1482-SegmentedRaftLogWorker: flushIndex: setUnconditionally 0 -> -1
2020-08-02 01:06:10,912 [pool-48-thread-1] INFO  segmented.SegmentedRaftLogWorker (SegmentedRaftLogWorker.java:lambda$new$0(129)) - 12bd2fc3-fdcb-4beb-b390-582baaaf27fd@group-7303A3BF1482-SegmentedRaftLogWorker: safeCacheEvictIndex: setUnconditionally 0 -> -1
2020-08-02 01:06:10,912 [pool-48-thread-1] INFO  server.RaftServerConfigKeys (ConfUtils.java:logGet(44)) - raft.server.snapshot.auto.trigger.enabled = true (custom)
2020-08-02 01:06:10,912 [pool-48-thread-1] INFO  server.RaftServerConfigKeys (ConfUtils.java:logGet(44)) - raft.server.snapshot.auto.trigger.threshold = 10000 (custom)
2020-08-02 01:06:10,912 [pool-48-thread-1] INFO  server.RaftServerConfigKeys (ConfUtils.java:logGet(44)) - raft.server.snapshot.retention.file.num = 5 (custom)
2020-08-02 01:06:10,912 [pool-48-thread-1] INFO  server.RaftServerConfigKeys (ConfUtils.java:logGet(44)) - raft.server.log.purge.upto.snapshot.index = false (default)
2020-08-02 01:06:10,912 [pool-48-thread-1] INFO  server.RaftServerConfigKeys (ConfUtils.java:logGet(44)) - raft.server.retrycache.expirytime = 600000ms (custom)
2020-08-02 01:06:10,913 [pool-48-thread-1] INFO  metrics.RatisMetrics (RatisMetrics.java:lambda$create$0(36)) - Creating Metrics Registry : ratis.leader_election.12bd2fc3-fdcb-4beb-b390-582baaaf27fd@group-7303A3BF1482
2020-08-02 01:06:10,913 [pool-48-thread-1] INFO  metrics.RatisMetrics (RatisMetrics.java:lambda$create$0(36)) - Creating Metrics Registry : ratis.server.12bd2fc3-fdcb-4beb-b390-582baaaf27fd@group-7303A3BF1482
2020-08-02 01:06:10,916 [pool-48-thread-1] INFO  impl.RaftServerImpl (RaftServerImpl.java:start(196)) - 12bd2fc3-fdcb-4beb-b390-582baaaf27fd@group-7303A3BF1482: start as a follower, conf=-1: [12bd2fc3-fdcb-4beb-b390-582baaaf27fd:172.17.0.2:44863], old=null
2020-08-02 01:06:10,916 [pool-33-thread-1] INFO  impl.RaftServerImpl (RaftServerImpl.java:start(196)) - 7bfd1728-d5ba-4078-b4fb-1a74dfc91dd2@group-705F67EDDAE0: start as a follower, conf=-1: [7bfd1728-d5ba-4078-b4fb-1a74dfc91dd2:172.17.0.2:34233], old=null
2020-08-02 01:06:10,920 [pool-33-thread-1] INFO  impl.RaftServerImpl (RaftServerImpl.java:setRole(185)) - 7bfd1728-d5ba-4078-b4fb-1a74dfc91dd2@group-705F67EDDAE0: changes role from      null to FOLLOWER at term 0 for startAsFollower
2020-08-02 01:06:10,920 [pool-48-thread-1] INFO  impl.RaftServerImpl (RaftServerImpl.java:setRole(185)) - 12bd2fc3-fdcb-4beb-b390-582baaaf27fd@group-7303A3BF1482: changes role from      null to FOLLOWER at term 0 for startAsFollower
2020-08-02 01:06:10,921 [pool-33-thread-1] INFO  impl.RoleInfo (RoleInfo.java:updateAndGet(143)) - 7bfd1728-d5ba-4078-b4fb-1a74dfc91dd2: start FollowerState
2020-08-02 01:06:10,921 [pool-48-thread-1] INFO  impl.RoleInfo (RoleInfo.java:updateAndGet(143)) - 12bd2fc3-fdcb-4beb-b390-582baaaf27fd: start FollowerState
2020-08-02 01:06:10,922 [pool-33-thread-1] INFO  util.JmxRegister (JmxRegister.java:tryRegister(44)) - Successfully registered JMX Bean with object name Ratis:service=RaftServer,group=group-705F67EDDAE0,id=7bfd1728-d5ba-4078-b4fb-1a74dfc91dd2
2020-08-02 01:06:10,925 [pool-33-thread-1] INFO  metrics.RatisMetrics (RatisMetrics.java:lambda$create$0(36)) - Creating Metrics Registry : ratis.state_machine.7bfd1728-d5ba-4078-b4fb-1a74dfc91dd2@group-705F67EDDAE0
2020-08-02 01:06:10,932 [pool-48-thread-1] INFO  util.JmxRegister (JmxRegister.java:tryRegister(44)) - Successfully registered JMX Bean with object name Ratis:service=RaftServer,group=group-7303A3BF1482,id=12bd2fc3-fdcb-4beb-b390-582baaaf27fd
2020-08-02 01:06:10,940 [pool-48-thread-1] INFO  metrics.RatisMetrics (RatisMetrics.java:lambda$create$0(36)) - Creating Metrics Registry : ratis.state_machine.12bd2fc3-fdcb-4beb-b390-582baaaf27fd@group-7303A3BF1482
2020-08-02 01:06:10,948 [Command processor thread] INFO  commandhandler.CreatePipelineCommandHandler (CreatePipelineCommandHandler.java:handle(110)) - Created Pipeline RATIS ONE #id: "1dfc60a3-98b7-4c84-93b7-705f67eddae0"
uuid128 {
  mostSigBits: 2160708176989080708
  leastSigBits: -7802644274328249632
}
.
2020-08-02 01:06:10,949 [Command processor thread] INFO  impl.RaftServerProxy (RaftServerProxy.java:addNew(89)) - 7bfd1728-d5ba-4078-b4fb-1a74dfc91dd2: addNew group-1FD2AC16806C:[12bd2fc3-fdcb-4beb-b390-582baaaf27fd:172.17.0.2:44863, 941ad556-bd35-4628-89a8-a1d687f503e2:172.17.0.2:34823, 7bfd1728-d5ba-4078-b4fb-1a74dfc91dd2:172.17.0.2:34233] returns group-1FD2AC16806C:java.util.concurrent.CompletableFuture@7e4be374[Not completed]
2020-08-02 01:06:10,949 [Command processor thread] INFO  commandhandler.CreatePipelineCommandHandler (CreatePipelineCommandHandler.java:handle(110)) - Created Pipeline RATIS ONE #id: "b8e2cd36-e57f-4809-b70f-7303a3bf1482"
uuid128 {
  mostSigBits: -5124307790331951095
  leastSigBits: -5255855780648774526
}
.
2020-08-02 01:06:10,950 [Command processor thread] INFO  impl.RaftServerProxy (RaftServerProxy.java:addNew(89)) - 12bd2fc3-fdcb-4beb-b390-582baaaf27fd: addNew group-1FD2AC16806C:[12bd2fc3-fdcb-4beb-b390-582baaaf27fd:172.17.0.2:44863, 941ad556-bd35-4628-89a8-a1d687f503e2:172.17.0.2:34823, 7bfd1728-d5ba-4078-b4fb-1a74dfc91dd2:172.17.0.2:34233] returns group-1FD2AC16806C:java.util.concurrent.CompletableFuture@4da9ec48[Not completed]
2020-08-02 01:06:10,957 [pool-48-thread-1] INFO  impl.RaftServerImpl (RaftServerImpl.java:<init>(107)) - 12bd2fc3-fdcb-4beb-b390-582baaaf27fd: new RaftServerImpl for group-1FD2AC16806C:[12bd2fc3-fdcb-4beb-b390-582baaaf27fd:172.17.0.2:44863, 941ad556-bd35-4628-89a8-a1d687f503e2:172.17.0.2:34823, 7bfd1728-d5ba-4078-b4fb-1a74dfc91dd2:172.17.0.2:34233] with ContainerStateMachine:uninitialized
2020-08-02 01:06:10,958 [pool-48-thread-1] INFO  server.RaftServerConfigKeys (ConfUtils.java:logGet(44)) - raft.server.rpc.timeout.min = 5s (custom)
2020-08-02 01:06:10,958 [pool-48-thread-1] INFO  server.RaftServerConfigKeys (ConfUtils.java:logGet(44)) - raft.server.rpc.timeout.max = 5200ms (custom)
2020-08-02 01:06:10,958 [pool-48-thread-1] INFO  server.RaftServerConfigKeys (ConfUtils.java:logGet(44)) - raft.server.rpcslowness.timeout = 1000000ms (custom)
2020-08-02 01:06:10,958 [pool-48-thread-1] INFO  server.RaftServerConfigKeys (ConfUtils.java:logGet(44)) - raft.server.sleep.deviation.threshold = 300 (default)
2020-08-02 01:06:10,958 [pool-48-thread-1] INFO  server.RaftServerConfigKeys (ConfUtils.java:logGet(44)) - raft.server.log.appender.install.snapshot.enabled = false (custom)
2020-08-02 01:06:10,958 [pool-48-thread-1] INFO  impl.RaftServerImpl (ServerState.java:<init>(103)) - 12bd2fc3-fdcb-4beb-b390-582baaaf27fd@group-1FD2AC16806C: ConfigurationManager, init=-1: [12bd2fc3-fdcb-4beb-b390-582baaaf27fd:172.17.0.2:44863, 941ad556-bd35-4628-89a8-a1d687f503e2:172.17.0.2:34823, 7bfd1728-d5ba-4078-b4fb-1a74dfc91dd2:172.17.0.2:34233], old=null, confs=<EMPTY_MAP>
2020-08-02 01:06:10,959 [pool-48-thread-1] INFO  server.RaftServerConfigKeys (ConfUtils.java:logGet(44)) - raft.server.storage.dir = [/github/workspace/mnt/ozone/hadoop-ozone/integration-test/target/test-dir/MiniOzoneClusterImpl-9d2a40a1-9d24-4090-95ed-d86fa5c4585c/datanode-1/data/ratis] (custom)
2020-08-02 01:06:10,959 [pool-48-thread-1] INFO  server.RaftServerConfigKeys (ConfUtils.java:logGet(44)) - raft.server.log.corruption.policy = EXCEPTION (default)
2020-08-02 01:06:10,959 [pool-48-thread-1] INFO  storage.RaftStorageDirectory (RaftStorageDirectory.java:analyzeStorage(261)) - The storage directory /github/workspace/mnt/ozone/hadoop-ozone/integration-test/target/test-dir/MiniOzoneClusterImpl-9d2a40a1-9d24-4090-95ed-d86fa5c4585c/datanode-1/data/ratis/52a2303a-ddac-420b-be34-1fd2ac16806c does not exist. Creating ...
2020-08-02 01:06:10,960 [pool-33-thread-1] INFO  impl.RaftServerImpl (RaftServerImpl.java:<init>(107)) - 7bfd1728-d5ba-4078-b4fb-1a74dfc91dd2: new RaftServerImpl for group-1FD2AC16806C:[12bd2fc3-fdcb-4beb-b390-582baaaf27fd:172.17.0.2:44863, 941ad556-bd35-4628-89a8-a1d687f503e2:172.17.0.2:34823, 7bfd1728-d5ba-4078-b4fb-1a74dfc91dd2:172.17.0.2:34233] with ContainerStateMachine:uninitialized
2020-08-02 01:06:10,960 [pool-33-thread-1] INFO  server.RaftServerConfigKeys (ConfUtils.java:logGet(44)) - raft.server.rpc.timeout.min = 5s (custom)
2020-08-02 01:06:10,960 [pool-48-thread-1] INFO  storage.RaftStorageDirectory (RaftStorageDirectory.java:tryLock(343)) - Lock on /github/workspace/mnt/ozone/hadoop-ozone/integration-test/target/test-dir/MiniOzoneClusterImpl-9d2a40a1-9d24-4090-95ed-d86fa5c4585c/datanode-1/data/ratis/52a2303a-ddac-420b-be34-1fd2ac16806c/in_use.lock acquired by nodename 6912@cde6132c9c6b
2020-08-02 01:06:10,960 [pool-33-thread-1] INFO  server.RaftServerConfigKeys (ConfUtils.java:logGet(44)) - raft.server.rpc.timeout.max = 5200ms (custom)
2020-08-02 01:06:10,962 [pool-33-thread-1] INFO  server.RaftServerConfigKeys (ConfUtils.java:logGet(44)) - raft.server.rpcslowness.timeout = 1000000ms (custom)
2020-08-02 01:06:10,962 [pool-33-thread-1] INFO  server.RaftServerConfigKeys (ConfUtils.java:logGet(44)) - raft.server.sleep.deviation.threshold = 300 (default)
2020-08-02 01:06:10,962 [pool-33-thread-1] INFO  server.RaftServerConfigKeys (ConfUtils.java:logGet(44)) - raft.server.log.appender.install.snapshot.enabled = false (custom)
2020-08-02 01:06:10,962 [pool-33-thread-1] INFO  impl.RaftServerImpl (ServerState.java:<init>(103)) - 7bfd1728-d5ba-4078-b4fb-1a74dfc91dd2@group-1FD2AC16806C: ConfigurationManager, init=-1: [12bd2fc3-fdcb-4beb-b390-582baaaf27fd:172.17.0.2:44863, 941ad556-bd35-4628-89a8-a1d687f503e2:172.17.0.2:34823, 7bfd1728-d5ba-4078-b4fb-1a74dfc91dd2:172.17.0.2:34233], old=null, confs=<EMPTY_MAP>
2020-08-02 01:06:10,962 [pool-48-thread-1] INFO  storage.RaftStorage (RaftStorage.java:format(84)) - Storage directory /github/workspace/mnt/ozone/hadoop-ozone/integration-test/target/test-dir/MiniOzoneClusterImpl-9d2a40a1-9d24-4090-95ed-d86fa5c4585c/datanode-1/data/ratis/52a2303a-ddac-420b-be34-1fd2ac16806c has been successfully formatted.
2020-08-02 01:06:10,962 [Datanode State Machine Thread - 0] WARN  statemachine.DatanodeStateMachine (DatanodeStateMachine.java:start(245)) - Interrupt the execution.
java.lang.InterruptedException: sleep interrupted
	at java.lang.Thread.sleep(Native Method)
	at org.apache.hadoop.ozone.container.common.statemachine.DatanodeStateMachine.start(DatanodeStateMachine.java:243)
	at org.apache.hadoop.ozone.container.common.statemachine.DatanodeStateMachine.lambda$startDaemon$0(DatanodeStateMachine.java:405)
	at java.lang.Thread.run(Thread.java:748)
2020-08-02 01:06:10,963 [pool-48-thread-1] INFO  ratis.ContainerStateMachine (ContainerStateMachine.java:loadSnapshot(225)) - group-1FD2AC16806C: The snapshot info is null. Setting the last applied indexto:(t:0, i:~)
2020-08-02 01:06:10,963 [pool-48-thread-1] INFO  server.RaftServerConfigKeys (ConfUtils.java:logGet(44)) - raft.server.notification.no-leader.timeout = 1000000ms (custom)
2020-08-02 01:06:10,964 [pool-48-thread-1] INFO  server.RaftServerConfigKeys (ConfUtils.java:logGet(44)) - raft.server.log.use.memory = false (default)
2020-08-02 01:06:10,964 [pool-48-thread-1] INFO  server.RaftServerConfigKeys (ConfUtils.java:logGet(44)) - raft.server.log.purge.gap = 1000000 (custom)
2020-08-02 01:06:10,964 [pool-48-thread-1] INFO  metrics.RatisMetrics (RatisMetrics.java:lambda$create$0(36)) - Creating Metrics Registry : ratis.log_worker.12bd2fc3-fdcb-4beb-b390-582baaaf27fd@group-1FD2AC16806C
2020-08-02 01:06:10,965 [pool-48-thread-1] INFO  server.RaftServerConfigKeys (ConfUtils.java:logGet(44)) - raft.server.log.appender.buffer.byte-limit = 33554432 (custom)
2020-08-02 01:06:10,965 [pool-48-thread-1] INFO  server.RaftServerConfigKeys (ConfUtils.java:logGet(44)) - raft.server.log.segment.size.max = 1048576 (custom)
2020-08-02 01:06:10,966 [pool-48-thread-1] INFO  server.RaftServerConfigKeys (ConfUtils.java:logGet(44)) - raft.server.log.segment.cache.num.max = 2 (custom)
2020-08-02 01:06:10,966 [pool-48-thread-1] INFO  segmented.SegmentedRaftLogWorker (SegmentedRaftLogWorker.java:<init>(180)) - new 12bd2fc3-fdcb-4beb-b390-582baaaf27fd@group-1FD2AC16806C-SegmentedRaftLogWorker for RaftStorage:Storage Directory /github/workspace/mnt/ozone/hadoop-ozone/integration-test/target/test-dir/MiniOzoneClusterImpl-9d2a40a1-9d24-4090-95ed-d86fa5c4585c/datanode-1/data/ratis/52a2303a-ddac-420b-be34-1fd2ac16806c
2020-08-02 01:06:10,962 [pool-33-thread-1] INFO  server.RaftServerConfigKeys (ConfUtils.java:logGet(44)) - raft.server.storage.dir = [/github/workspace/mnt/ozone/hadoop-ozone/integration-test/target/test-dir/MiniOzoneClusterImpl-9d2a40a1-9d24-4090-95ed-d86fa5c4585c/datanode-0/data/ratis] (custom)
2020-08-02 01:06:10,967 [Listener at 127.0.0.1/44857] INFO  ozone.MiniOzoneClusterImpl (MiniOzoneClusterImpl.java:lambda$waitForClusterToBeReady$0(177)) - Nodes are ready. Got 3 of 3 DN Heartbeats.
2020-08-02 01:06:10,967 [Listener at 127.0.0.1/44857] INFO  ozone.MiniOzoneClusterImpl (MiniOzoneClusterImpl.java:lambda$waitForClusterToBeReady$0(180)) - Waiting for cluster to exit safe mode
2020-08-02 01:06:10,967 [pool-48-thread-1] INFO  server.RaftServerConfigKeys (ConfUtils.java:logGet(44)) - raft.server.log.queue.byte-limit = 2147483647 (custom)
2020-08-02 01:06:10,967 [pool-33-thread-1] INFO  server.RaftServerConfigKeys (ConfUtils.java:logGet(44)) - raft.server.log.corruption.policy = EXCEPTION (default)
2020-08-02 01:06:10,967 [pool-48-thread-1] INFO  server.RaftServerConfigKeys (ConfUtils.java:logGet(44)) - raft.server.log.queue.element-limit = 1024 (custom)
2020-08-02 01:06:10,967 [pool-33-thread-1] INFO  storage.RaftStorageDirectory (RaftStorageDirectory.java:analyzeStorage(261)) - The storage directory /github/workspace/mnt/ozone/hadoop-ozone/integration-test/target/test-dir/MiniOzoneClusterImpl-9d2a40a1-9d24-4090-95ed-d86fa5c4585c/datanode-0/data/ratis/52a2303a-ddac-420b-be34-1fd2ac16806c does not exist. Creating ...
2020-08-02 01:06:10,967 [pool-48-thread-1] INFO  server.RaftServerConfigKeys (ConfUtils.java:logGet(44)) - raft.server.log.segment.size.max = 1048576 (custom)
2020-08-02 01:06:10,968 [pool-48-thread-1] INFO  server.RaftServerConfigKeys (ConfUtils.java:logGet(44)) - raft.server.log.preallocated.size = 16384 (custom)
2020-08-02 01:06:10,968 [pool-48-thread-1] INFO  server.RaftServerConfigKeys (ConfUtils.java:logGet(44)) - raft.server.log.write.buffer.size = 1048576 (custom)
2020-08-02 01:06:10,969 [pool-48-thread-1] INFO  server.RaftServerConfigKeys (ConfUtils.java:logGet(44)) - raft.server.log.force.sync.num = 128 (default)
2020-08-02 01:06:10,969 [pool-33-thread-1] INFO  storage.RaftStorageDirectory (RaftStorageDirectory.java:tryLock(343)) - Lock on /github/workspace/mnt/ozone/hadoop-ozone/integration-test/target/test-dir/MiniOzoneClusterImpl-9d2a40a1-9d24-4090-95ed-d86fa5c4585c/datanode-0/data/ratis/52a2303a-ddac-420b-be34-1fd2ac16806c/in_use.lock acquired by nodename 6912@cde6132c9c6b
2020-08-02 01:06:10,969 [pool-48-thread-1] INFO  server.RaftServerConfigKeys (ConfUtils.java:logGet(44)) - raft.server.log.statemachine.data.sync = true (default)
2020-08-02 01:06:10,969 [pool-48-thread-1] INFO  server.RaftServerConfigKeys (ConfUtils.java:logGet(44)) - raft.server.log.statemachine.data.sync.timeout = 10s (default)
2020-08-02 01:06:10,970 [pool-48-thread-1] INFO  server.RaftServerConfigKeys (ConfUtils.java:logGet(44)) - raft.server.log.statemachine.data.sync.timeout.retry = -1 (default)
2020-08-02 01:06:10,970 [pool-33-thread-1] INFO  storage.RaftStorage (RaftStorage.java:format(84)) - Storage directory /github/workspace/mnt/ozone/hadoop-ozone/integration-test/target/test-dir/MiniOzoneClusterImpl-9d2a40a1-9d24-4090-95ed-d86fa5c4585c/datanode-0/data/ratis/52a2303a-ddac-420b-be34-1fd2ac16806c has been successfully formatted.
2020-08-02 01:06:10,970 [Datanode State Machine Thread - 0] WARN  statemachine.DatanodeStateMachine (DatanodeStateMachine.java:start(245)) - Interrupt the execution.
java.lang.InterruptedException: sleep interrupted
	at java.lang.Thread.sleep(Native Method)
	at org.apache.hadoop.ozone.container.common.statemachine.DatanodeStateMachine.start(DatanodeStateMachine.java:243)
	at org.apache.hadoop.ozone.container.common.statemachine.DatanodeStateMachine.lambda$startDaemon$0(DatanodeStateMachine.java:405)
	at java.lang.Thread.run(Thread.java:748)
2020-08-02 01:06:10,971 [pool-33-thread-1] INFO  ratis.ContainerStateMachine (ContainerStateMachine.java:loadSnapshot(225)) - group-1FD2AC16806C: The snapshot info is null. Setting the last applied indexto:(t:0, i:~)
2020-08-02 01:06:10,971 [pool-33-thread-1] INFO  server.RaftServerConfigKeys (ConfUtils.java:logGet(44)) - raft.server.notification.no-leader.timeout = 1000000ms (custom)
2020-08-02 01:06:10,971 [pool-33-thread-1] INFO  server.RaftServerConfigKeys (ConfUtils.java:logGet(44)) - raft.server.log.use.memory = false (default)
2020-08-02 01:06:10,971 [pool-33-thread-1] INFO  server.RaftServerConfigKeys (ConfUtils.java:logGet(44)) - raft.server.log.purge.gap = 1000000 (custom)
2020-08-02 01:06:10,971 [pool-33-thread-1] INFO  metrics.RatisMetrics (RatisMetrics.java:lambda$create$0(36)) - Creating Metrics Registry : ratis.log_worker.7bfd1728-d5ba-4078-b4fb-1a74dfc91dd2@group-1FD2AC16806C
2020-08-02 01:06:10,971 [pool-33-thread-1] INFO  server.RaftServerConfigKeys (ConfUtils.java:logGet(44)) - raft.server.log.appender.buffer.byte-limit = 33554432 (custom)
2020-08-02 01:06:10,972 [pool-33-thread-1] INFO  server.RaftServerConfigKeys (ConfUtils.java:logGet(44)) - raft.server.log.segment.size.max = 1048576 (custom)
2020-08-02 01:06:10,972 [pool-33-thread-1] INFO  server.RaftServerConfigKeys (ConfUtils.java:logGet(44)) - raft.server.log.segment.cache.num.max = 2 (custom)
2020-08-02 01:06:10,972 [pool-33-thread-1] INFO  segmented.SegmentedRaftLogWorker (SegmentedRaftLogWorker.java:<init>(180)) - new 7bfd1728-d5ba-4078-b4fb-1a74dfc91dd2@group-1FD2AC16806C-SegmentedRaftLogWorker for RaftStorage:Storage Directory /github/workspace/mnt/ozone/hadoop-ozone/integration-test/target/test-dir/MiniOzoneClusterImpl-9d2a40a1-9d24-4090-95ed-d86fa5c4585c/datanode-0/data/ratis/52a2303a-ddac-420b-be34-1fd2ac16806c
2020-08-02 01:06:10,972 [pool-33-thread-1] INFO  server.RaftServerConfigKeys (ConfUtils.java:logGet(44)) - raft.server.log.queue.byte-limit = 2147483647 (custom)
2020-08-02 01:06:10,973 [pool-33-thread-1] INFO  server.RaftServerConfigKeys (ConfUtils.java:logGet(44)) - raft.server.log.queue.element-limit = 1024 (custom)
2020-08-02 01:06:10,973 [pool-33-thread-1] INFO  server.RaftServerConfigKeys (ConfUtils.java:logGet(44)) - raft.server.log.segment.size.max = 1048576 (custom)
2020-08-02 01:06:10,973 [pool-33-thread-1] INFO  server.RaftServerConfigKeys (ConfUtils.java:logGet(44)) - raft.server.log.preallocated.size = 16384 (custom)
2020-08-02 01:06:10,973 [pool-33-thread-1] INFO  server.RaftServerConfigKeys (ConfUtils.java:logGet(44)) - raft.server.log.write.buffer.size = 1048576 (custom)
2020-08-02 01:06:10,973 [pool-33-thread-1] INFO  server.RaftServerConfigKeys (ConfUtils.java:logGet(44)) - raft.server.log.force.sync.num = 128 (default)
2020-08-02 01:06:10,973 [pool-33-thread-1] INFO  server.RaftServerConfigKeys (ConfUtils.java:logGet(44)) - raft.server.log.statemachine.data.sync = true (default)
2020-08-02 01:06:10,973 [pool-33-thread-1] INFO  server.RaftServerConfigKeys (ConfUtils.java:logGet(44)) - raft.server.log.statemachine.data.sync.timeout = 10s (default)
2020-08-02 01:06:10,973 [pool-33-thread-1] INFO  server.RaftServerConfigKeys (ConfUtils.java:logGet(44)) - raft.server.log.statemachine.data.sync.timeout.retry = -1 (default)
2020-08-02 01:06:10,975 [Command processor thread] INFO  impl.RaftServerProxy (RaftServerProxy.java:addNew(89)) - 941ad556-bd35-4628-89a8-a1d687f503e2: addNew group-2C4BDFE79C19:[941ad556-bd35-4628-89a8-a1d687f503e2:172.17.0.2:34823] returns group-2C4BDFE79C19:java.util.concurrent.CompletableFuture@1c4420c9[Not completed]
2020-08-02 01:06:10,976 [pool-48-thread-1] INFO  server.RaftServerConfigKeys (ConfUtils.java:logGet(44)) - raft.server.log.statemachine.data.caching.enabled = true (custom)
2020-08-02 01:06:10,978 [pool-48-thread-1] INFO  segmented.SegmentedRaftLogWorker (SegmentedRaftLogWorker.java:lambda$new$0(129)) - 12bd2fc3-fdcb-4beb-b390-582baaaf27fd@group-1FD2AC16806C-SegmentedRaftLogWorker: flushIndex: setUnconditionally 0 -> -1
2020-08-02 01:06:10,977 [pool-33-thread-1] INFO  server.RaftServerConfigKeys (ConfUtils.java:logGet(44)) - raft.server.log.statemachine.data.caching.enabled = true (custom)
2020-08-02 01:06:10,982 [pool-48-thread-1] INFO  segmented.SegmentedRaftLogWorker (SegmentedRaftLogWorker.java:lambda$new$0(129)) - 12bd2fc3-fdcb-4beb-b390-582baaaf27fd@group-1FD2AC16806C-SegmentedRaftLogWorker: safeCacheEvictIndex: setUnconditionally 0 -> -1
2020-08-02 01:06:10,982 [pool-33-thread-1] INFO  segmented.SegmentedRaftLogWorker (SegmentedRaftLogWorker.java:lambda$new$0(129)) - 7bfd1728-d5ba-4078-b4fb-1a74dfc91dd2@group-1FD2AC16806C-SegmentedRaftLogWorker: flushIndex: setUnconditionally 0 -> -1
2020-08-02 01:06:10,983 [pool-33-thread-1] INFO  segmented.SegmentedRaftLogWorker (SegmentedRaftLogWorker.java:lambda$new$0(129)) - 7bfd1728-d5ba-4078-b4fb-1a74dfc91dd2@group-1FD2AC16806C-SegmentedRaftLogWorker: safeCacheEvictIndex: setUnconditionally 0 -> -1
2020-08-02 01:06:10,982 [pool-63-thread-1] INFO  impl.RaftServerImpl (RaftServerImpl.java:<init>(107)) - 941ad556-bd35-4628-89a8-a1d687f503e2: new RaftServerImpl for group-2C4BDFE79C19:[941ad556-bd35-4628-89a8-a1d687f503e2:172.17.0.2:34823] with ContainerStateMachine:uninitialized
2020-08-02 01:06:10,992 [pool-63-thread-1] INFO  server.RaftServerConfigKeys (ConfUtils.java:logGet(44)) - raft.server.rpc.timeout.min = 5s (custom)
2020-08-02 01:06:10,993 [pool-63-thread-1] INFO  server.RaftServerConfigKeys (ConfUtils.java:logGet(44)) - raft.server.rpc.timeout.max = 5200ms (custom)
2020-08-02 01:06:10,993 [pool-63-thread-1] INFO  server.RaftServerConfigKeys (ConfUtils.java:logGet(44)) - raft.server.rpcslowness.timeout = 1000000ms (custom)
2020-08-02 01:06:10,993 [pool-63-thread-1] INFO  server.RaftServerConfigKeys (ConfUtils.java:logGet(44)) - raft.server.sleep.deviation.threshold = 300 (default)
2020-08-02 01:06:10,993 [pool-63-thread-1] INFO  server.RaftServerConfigKeys (ConfUtils.java:logGet(44)) - raft.server.log.appender.install.snapshot.enabled = false (custom)
2020-08-02 01:06:10,993 [pool-63-thread-1] INFO  impl.RaftServerImpl (ServerState.java:<init>(103)) - 941ad556-bd35-4628-89a8-a1d687f503e2@group-2C4BDFE79C19: ConfigurationManager, init=-1: [941ad556-bd35-4628-89a8-a1d687f503e2:172.17.0.2:34823], old=null, confs=<EMPTY_MAP>
2020-08-02 01:06:10,993 [pool-63-thread-1] INFO  server.RaftServerConfigKeys (ConfUtils.java:logGet(44)) - raft.server.storage.dir = [/github/workspace/mnt/ozone/hadoop-ozone/integration-test/target/test-dir/MiniOzoneClusterImpl-9d2a40a1-9d24-4090-95ed-d86fa5c4585c/datanode-2/data/ratis] (custom)
2020-08-02 01:06:10,993 [pool-63-thread-1] INFO  server.RaftServerConfigKeys (ConfUtils.java:logGet(44)) - raft.server.log.corruption.policy = EXCEPTION (default)
2020-08-02 01:06:10,993 [pool-63-thread-1] INFO  storage.RaftStorageDirectory (RaftStorageDirectory.java:analyzeStorage(261)) - The storage directory /github/workspace/mnt/ozone/hadoop-ozone/integration-test/target/test-dir/MiniOzoneClusterImpl-9d2a40a1-9d24-4090-95ed-d86fa5c4585c/datanode-2/data/ratis/ff8efa9a-318f-4530-8956-2c4bdfe79c19 does not exist. Creating ...
2020-08-02 01:06:10,994 [pool-33-thread-1] INFO  server.RaftServerConfigKeys (ConfUtils.java:logGet(44)) - raft.server.snapshot.auto.trigger.enabled = true (custom)
2020-08-02 01:06:10,994 [pool-48-thread-1] INFO  server.RaftServerConfigKeys (ConfUtils.java:logGet(44)) - raft.server.snapshot.auto.trigger.enabled = true (custom)
2020-08-02 01:06:10,994 [pool-48-thread-1] INFO  server.RaftServerConfigKeys (ConfUtils.java:logGet(44)) - raft.server.snapshot.auto.trigger.threshold = 10000 (custom)
2020-08-02 01:06:10,995 [pool-48-thread-1] INFO  server.RaftServerConfigKeys (ConfUtils.java:logGet(44)) - raft.server.snapshot.retention.file.num = 5 (custom)
2020-08-02 01:06:10,995 [pool-48-thread-1] INFO  server.RaftServerConfigKeys (ConfUtils.java:logGet(44)) - raft.server.log.purge.upto.snapshot.index = false (default)
2020-08-02 01:06:10,995 [pool-48-thread-1] INFO  server.RaftServerConfigKeys (ConfUtils.java:logGet(44)) - raft.server.retrycache.expirytime = 600000ms (custom)
2020-08-02 01:06:10,995 [pool-48-thread-1] INFO  metrics.RatisMetrics (RatisMetrics.java:lambda$create$0(36)) - Creating Metrics Registry : ratis.leader_election.12bd2fc3-fdcb-4beb-b390-582baaaf27fd@group-1FD2AC16806C
2020-08-02 01:06:10,995 [pool-48-thread-1] INFO  metrics.RatisMetrics (RatisMetrics.java:lambda$create$0(36)) - Creating Metrics Registry : ratis.server.12bd2fc3-fdcb-4beb-b390-582baaaf27fd@group-1FD2AC16806C
2020-08-02 01:06:10,996 [pool-33-thread-1] INFO  server.RaftServerConfigKeys (ConfUtils.java:logGet(44)) - raft.server.snapshot.auto.trigger.threshold = 10000 (custom)
2020-08-02 01:06:10,996 [pool-33-thread-1] INFO  server.RaftServerConfigKeys (ConfUtils.java:logGet(44)) - raft.server.snapshot.retention.file.num = 5 (custom)
2020-08-02 01:06:10,996 [pool-48-thread-1] INFO  impl.RaftServerImpl (RaftServerImpl.java:start(196)) - 12bd2fc3-fdcb-4beb-b390-582baaaf27fd@group-1FD2AC16806C: start as a follower, conf=-1: [12bd2fc3-fdcb-4beb-b390-582baaaf27fd:172.17.0.2:44863, 941ad556-bd35-4628-89a8-a1d687f503e2:172.17.0.2:34823, 7bfd1728-d5ba-4078-b4fb-1a74dfc91dd2:172.17.0.2:34233], old=null
2020-08-02 01:06:10,996 [pool-63-thread-1] INFO  storage.RaftStorageDirectory (RaftStorageDirectory.java:tryLock(343)) - Lock on /github/workspace/mnt/ozone/hadoop-ozone/integration-test/target/test-dir/MiniOzoneClusterImpl-9d2a40a1-9d24-4090-95ed-d86fa5c4585c/datanode-2/data/ratis/ff8efa9a-318f-4530-8956-2c4bdfe79c19/in_use.lock acquired by nodename 6912@cde6132c9c6b
2020-08-02 01:06:10,996 [pool-33-thread-1] INFO  server.RaftServerConfigKeys (ConfUtils.java:logGet(44)) - raft.server.log.purge.upto.snapshot.index = false (default)
2020-08-02 01:06:10,996 [pool-48-thread-1] INFO  impl.RaftServerImpl (RaftServerImpl.java:setRole(185)) - 12bd2fc3-fdcb-4beb-b390-582baaaf27fd@group-1FD2AC16806C: changes role from      null to FOLLOWER at term 0 for startAsFollower
2020-08-02 01:06:10,997 [pool-33-thread-1] INFO  server.RaftServerConfigKeys (ConfUtils.java:logGet(44)) - raft.server.retrycache.expirytime = 600000ms (custom)
2020-08-02 01:06:10,997 [pool-48-thread-1] INFO  impl.RoleInfo (RoleInfo.java:updateAndGet(143)) - 12bd2fc3-fdcb-4beb-b390-582baaaf27fd: start FollowerState
2020-08-02 01:06:10,997 [pool-33-thread-1] INFO  metrics.RatisMetrics (RatisMetrics.java:lambda$create$0(36)) - Creating Metrics Registry : ratis.leader_election.7bfd1728-d5ba-4078-b4fb-1a74dfc91dd2@group-1FD2AC16806C
2020-08-02 01:06:10,998 [pool-33-thread-1] INFO  metrics.RatisMetrics (RatisMetrics.java:lambda$create$0(36)) - Creating Metrics Registry : ratis.server.7bfd1728-d5ba-4078-b4fb-1a74dfc91dd2@group-1FD2AC16806C
2020-08-02 01:06:10,999 [pool-33-thread-1] INFO  impl.RaftServerImpl (RaftServerImpl.java:start(196)) - 7bfd1728-d5ba-4078-b4fb-1a74dfc91dd2@group-1FD2AC16806C: start as a follower, conf=-1: [12bd2fc3-fdcb-4beb-b390-582baaaf27fd:172.17.0.2:44863, 941ad556-bd35-4628-89a8-a1d687f503e2:172.17.0.2:34823, 7bfd1728-d5ba-4078-b4fb-1a74dfc91dd2:172.17.0.2:34233], old=null
2020-08-02 01:06:10,999 [pool-33-thread-1] INFO  impl.RaftServerImpl (RaftServerImpl.java:setRole(185)) - 7bfd1728-d5ba-4078-b4fb-1a74dfc91dd2@group-1FD2AC16806C: changes role from      null to FOLLOWER at term 0 for startAsFollower
2020-08-02 01:06:11,001 [pool-63-thread-1] INFO  storage.RaftStorage (RaftStorage.java:format(84)) - Storage directory /github/workspace/mnt/ozone/hadoop-ozone/integration-test/target/test-dir/MiniOzoneClusterImpl-9d2a40a1-9d24-4090-95ed-d86fa5c4585c/datanode-2/data/ratis/ff8efa9a-318f-4530-8956-2c4bdfe79c19 has been successfully formatted.
2020-08-02 01:06:11,004 [pool-63-thread-1] INFO  ratis.ContainerStateMachine (ContainerStateMachine.java:loadSnapshot(225)) - group-2C4BDFE79C19: The snapshot info is null. Setting the last applied indexto:(t:0, i:~)
2020-08-02 01:06:11,004 [Datanode State Machine Thread - 0] WARN  statemachine.DatanodeStateMachine (DatanodeStateMachine.java:start(245)) - Interrupt the execution.
java.lang.InterruptedException: sleep interrupted
	at java.lang.Thread.sleep(Native Method)
	at org.apache.hadoop.ozone.container.common.statemachine.DatanodeStateMachine.start(DatanodeStateMachine.java:243)
	at org.apache.hadoop.ozone.container.common.statemachine.DatanodeStateMachine.lambda$startDaemon$0(DatanodeStateMachine.java:405)
	at java.lang.Thread.run(Thread.java:748)
2020-08-02 01:06:11,004 [pool-33-thread-1] INFO  impl.RoleInfo (RoleInfo.java:updateAndGet(143)) - 7bfd1728-d5ba-4078-b4fb-1a74dfc91dd2: start FollowerState
2020-08-02 01:06:11,004 [pool-48-thread-1] INFO  util.JmxRegister (JmxRegister.java:tryRegister(44)) - Successfully registered JMX Bean with object name Ratis:service=RaftServer,group=group-1FD2AC16806C,id=12bd2fc3-fdcb-4beb-b390-582baaaf27fd
2020-08-02 01:06:11,005 [pool-48-thread-1] INFO  metrics.RatisMetrics (RatisMetrics.java:lambda$create$0(36)) - Creating Metrics Registry : ratis.state_machine.12bd2fc3-fdcb-4beb-b390-582baaaf27fd@group-1FD2AC16806C
2020-08-02 01:06:11,006 [EventQueue-PipelineReportForPipelineReportHandler] INFO  pipeline.PipelineStateManager (PipelineStateManager.java:openPipeline(131)) - Pipeline Pipeline[ Id: ff8efa9a-318f-4530-8956-2c4bdfe79c19, Nodes: 941ad556-bd35-4628-89a8-a1d687f503e2{ip: 172.17.0.2, host: cde6132c9c6b, networkLocation: /default-rack, certSerialId: null}, Type:RATIS, Factor:ONE, State:ALLOCATED, leaderId:941ad556-bd35-4628-89a8-a1d687f503e2, CreationTimestamp2020-08-02T01:06:07.975Z] moved to OPEN state
2020-08-02 01:06:11,006 [EventQueue-OpenPipelineForHealthyPipelineSafeModeRule] INFO  safemode.SCMSafeModeManager (HealthyPipelineSafeModeRule.java:process(129)) - SCM in safe mode. Healthy pipelines reported count is 0, required healthy pipeline reported count is 1
2020-08-02 01:06:11,006 [EventQueue-OpenPipelineForOneReplicaPipelineSafeModeRule] INFO  safemode.SCMSafeModeManager (SCMSafeModeManager.java:validateSafeModeExitRules(214)) - AtleastOneDatanodeReportedRule rule is successfully validated
2020-08-02 01:06:11,004 [pool-63-thread-1] INFO  server.RaftServerConfigKeys (ConfUtils.java:logGet(44)) - raft.server.notification.no-leader.timeout = 1000000ms (custom)
2020-08-02 01:06:11,007 [pool-63-thread-1] INFO  server.RaftServerConfigKeys (ConfUtils.java:logGet(44)) - raft.server.log.use.memory = false (default)
2020-08-02 01:06:11,007 [pool-63-thread-1] INFO  server.RaftServerConfigKeys (ConfUtils.java:logGet(44)) - raft.server.log.purge.gap = 1000000 (custom)
2020-08-02 01:06:11,007 [pool-63-thread-1] INFO  metrics.RatisMetrics (RatisMetrics.java:lambda$create$0(36)) - Creating Metrics Registry : ratis.log_worker.941ad556-bd35-4628-89a8-a1d687f503e2@group-2C4BDFE79C19
2020-08-02 01:06:11,007 [pool-63-thread-1] INFO  server.RaftServerConfigKeys (ConfUtils.java:logGet(44)) - raft.server.log.appender.buffer.byte-limit = 33554432 (custom)
2020-08-02 01:06:11,008 [pool-63-thread-1] INFO  server.RaftServerConfigKeys (ConfUtils.java:logGet(44)) - raft.server.log.segment.size.max = 1048576 (custom)
2020-08-02 01:06:11,009 [pool-63-thread-1] INFO  server.RaftServerConfigKeys (ConfUtils.java:logGet(44)) - raft.server.log.segment.cache.num.max = 2 (custom)
2020-08-02 01:06:11,009 [pool-63-thread-1] INFO  segmented.SegmentedRaftLogWorker (SegmentedRaftLogWorker.java:<init>(180)) - new 941ad556-bd35-4628-89a8-a1d687f503e2@group-2C4BDFE79C19-SegmentedRaftLogWorker for RaftStorage:Storage Directory /github/workspace/mnt/ozone/hadoop-ozone/integration-test/target/test-dir/MiniOzoneClusterImpl-9d2a40a1-9d24-4090-95ed-d86fa5c4585c/datanode-2/data/ratis/ff8efa9a-318f-4530-8956-2c4bdfe79c19
2020-08-02 01:06:11,009 [pool-63-thread-1] INFO  server.RaftServerConfigKeys (ConfUtils.java:logGet(44)) - raft.server.log.queue.byte-limit = 2147483647 (custom)
2020-08-02 01:06:11,010 [pool-63-thread-1] INFO  server.RaftServerConfigKeys (ConfUtils.java:logGet(44)) - raft.server.log.queue.element-limit = 1024 (custom)
2020-08-02 01:06:11,010 [pool-63-thread-1] INFO  server.RaftServerConfigKeys (ConfUtils.java:logGet(44)) - raft.server.log.segment.size.max = 1048576 (custom)
2020-08-02 01:06:11,010 [pool-63-thread-1] INFO  server.RaftServerConfigKeys (ConfUtils.java:logGet(44)) - raft.server.log.preallocated.size = 16384 (custom)
2020-08-02 01:06:11,010 [pool-63-thread-1] INFO  server.RaftServerConfigKeys (ConfUtils.java:logGet(44)) - raft.server.log.write.buffer.size = 1048576 (custom)
2020-08-02 01:06:11,010 [pool-63-thread-1] INFO  server.RaftServerConfigKeys (ConfUtils.java:logGet(44)) - raft.server.log.force.sync.num = 128 (default)
2020-08-02 01:06:11,011 [pool-63-thread-1] INFO  server.RaftServerConfigKeys (ConfUtils.java:logGet(44)) - raft.server.log.statemachine.data.sync = true (default)
2020-08-02 01:06:11,011 [pool-63-thread-1] INFO  server.RaftServerConfigKeys (ConfUtils.java:logGet(44)) - raft.server.log.statemachine.data.sync.timeout = 10s (default)
2020-08-02 01:06:11,011 [pool-63-thread-1] INFO  server.RaftServerConfigKeys (ConfUtils.java:logGet(44)) - raft.server.log.statemachine.data.sync.timeout.retry = -1 (default)
2020-08-02 01:06:11,012 [pool-33-thread-1] INFO  util.JmxRegister (JmxRegister.java:tryRegister(44)) - Successfully registered JMX Bean with object name Ratis:service=RaftServer,group=group-1FD2AC16806C,id=7bfd1728-d5ba-4078-b4fb-1a74dfc91dd2
2020-08-02 01:06:11,012 [pool-33-thread-1] INFO  metrics.RatisMetrics (RatisMetrics.java:lambda$create$0(36)) - Creating Metrics Registry : ratis.state_machine.7bfd1728-d5ba-4078-b4fb-1a74dfc91dd2@group-1FD2AC16806C
2020-08-02 01:06:11,018 [pool-63-thread-1] INFO  server.RaftServerConfigKeys (ConfUtils.java:logGet(44)) - raft.server.log.statemachine.data.caching.enabled = true (custom)
2020-08-02 01:06:11,018 [pool-63-thread-1] INFO  segmented.SegmentedRaftLogWorker (SegmentedRaftLogWorker.java:lambda$new$0(129)) - 941ad556-bd35-4628-89a8-a1d687f503e2@group-2C4BDFE79C19-SegmentedRaftLogWorker: flushIndex: setUnconditionally 0 -> -1
2020-08-02 01:06:11,018 [pool-63-thread-1] INFO  segmented.SegmentedRaftLogWorker (SegmentedRaftLogWorker.java:lambda$new$0(129)) - 941ad556-bd35-4628-89a8-a1d687f503e2@group-2C4BDFE79C19-SegmentedRaftLogWorker: safeCacheEvictIndex: setUnconditionally 0 -> -1
2020-08-02 01:06:11,036 [pool-63-thread-1] INFO  server.RaftServerConfigKeys (ConfUtils.java:logGet(44)) - raft.server.snapshot.auto.trigger.enabled = true (custom)
2020-08-02 01:06:11,037 [pool-63-thread-1] INFO  server.RaftServerConfigKeys (ConfUtils.java:logGet(44)) - raft.server.snapshot.auto.trigger.threshold = 10000 (custom)
2020-08-02 01:06:11,037 [pool-63-thread-1] INFO  server.RaftServerConfigKeys (ConfUtils.java:logGet(44)) - raft.server.snapshot.retention.file.num = 5 (custom)
2020-08-02 01:06:11,040 [pool-63-thread-1] INFO  server.RaftServerConfigKeys (ConfUtils.java:logGet(44)) - raft.server.log.purge.upto.snapshot.index = false (default)
2020-08-02 01:06:11,041 [pool-63-thread-1] INFO  server.RaftServerConfigKeys (ConfUtils.java:logGet(44)) - raft.server.retrycache.expirytime = 600000ms (custom)
2020-08-02 01:06:11,041 [pool-63-thread-1] INFO  metrics.RatisMetrics (RatisMetrics.java:lambda$create$0(36)) - Creating Metrics Registry : ratis.leader_election.941ad556-bd35-4628-89a8-a1d687f503e2@group-2C4BDFE79C19
2020-08-02 01:06:11,042 [pool-63-thread-1] INFO  metrics.RatisMetrics (RatisMetrics.java:lambda$create$0(36)) - Creating Metrics Registry : ratis.server.941ad556-bd35-4628-89a8-a1d687f503e2@group-2C4BDFE79C19
2020-08-02 01:06:11,043 [pool-63-thread-1] INFO  impl.RaftServerImpl (RaftServerImpl.java:start(196)) - 941ad556-bd35-4628-89a8-a1d687f503e2@group-2C4BDFE79C19: start as a follower, conf=-1: [941ad556-bd35-4628-89a8-a1d687f503e2:172.17.0.2:34823], old=null
2020-08-02 01:06:11,044 [pool-63-thread-1] INFO  impl.RaftServerImpl (RaftServerImpl.java:setRole(185)) - 941ad556-bd35-4628-89a8-a1d687f503e2@group-2C4BDFE79C19: changes role from      null to FOLLOWER at term 0 for startAsFollower
2020-08-02 01:06:11,047 [pool-63-thread-1] INFO  impl.RoleInfo (RoleInfo.java:updateAndGet(143)) - 941ad556-bd35-4628-89a8-a1d687f503e2: start FollowerState
2020-08-02 01:06:11,066 [pool-63-thread-1] INFO  util.JmxRegister (JmxRegister.java:tryRegister(44)) - Successfully registered JMX Bean with object name Ratis:service=RaftServer,group=group-2C4BDFE79C19,id=941ad556-bd35-4628-89a8-a1d687f503e2
2020-08-02 01:06:11,066 [pool-63-thread-1] INFO  metrics.RatisMetrics (RatisMetrics.java:lambda$create$0(36)) - Creating Metrics Registry : ratis.state_machine.941ad556-bd35-4628-89a8-a1d687f503e2@group-2C4BDFE79C19
2020-08-02 01:06:11,092 [Command processor thread] INFO  commandhandler.CreatePipelineCommandHandler (CreatePipelineCommandHandler.java:handle(110)) - Created Pipeline RATIS ONE #id: "ff8efa9a-318f-4530-8956-2c4bdfe79c19"
uuid128 {
  mostSigBits: -31812607181634256
  leastSigBits: -8550598138125640679
}
.
2020-08-02 01:06:11,093 [Command processor thread] INFO  impl.RaftServerProxy (RaftServerProxy.java:addNew(89)) - 941ad556-bd35-4628-89a8-a1d687f503e2: addNew group-1FD2AC16806C:[12bd2fc3-fdcb-4beb-b390-582baaaf27fd:172.17.0.2:44863, 941ad556-bd35-4628-89a8-a1d687f503e2:172.17.0.2:34823, 7bfd1728-d5ba-4078-b4fb-1a74dfc91dd2:172.17.0.2:34233] returns group-1FD2AC16806C:java.util.concurrent.CompletableFuture@187bb799[Not completed]
2020-08-02 01:06:11,171 [pool-63-thread-1] INFO  impl.RaftServerImpl (RaftServerImpl.java:<init>(107)) - 941ad556-bd35-4628-89a8-a1d687f503e2: new RaftServerImpl for group-1FD2AC16806C:[12bd2fc3-fdcb-4beb-b390-582baaaf27fd:172.17.0.2:44863, 941ad556-bd35-4628-89a8-a1d687f503e2:172.17.0.2:34823, 7bfd1728-d5ba-4078-b4fb-1a74dfc91dd2:172.17.0.2:34233] with ContainerStateMachine:uninitialized
2020-08-02 01:06:11,171 [pool-63-thread-1] INFO  server.RaftServerConfigKeys (ConfUtils.java:logGet(44)) - raft.server.rpc.timeout.min = 5s (custom)
2020-08-02 01:06:11,171 [pool-63-thread-1] INFO  server.RaftServerConfigKeys (ConfUtils.java:logGet(44)) - raft.server.rpc.timeout.max = 5200ms (custom)
2020-08-02 01:06:11,171 [pool-63-thread-1] INFO  server.RaftServerConfigKeys (ConfUtils.java:logGet(44)) - raft.server.rpcslowness.timeout = 1000000ms (custom)
2020-08-02 01:06:11,171 [pool-63-thread-1] INFO  server.RaftServerConfigKeys (ConfUtils.java:logGet(44)) - raft.server.sleep.deviation.threshold = 300 (default)
2020-08-02 01:06:11,171 [pool-63-thread-1] INFO  server.RaftServerConfigKeys (ConfUtils.java:logGet(44)) - raft.server.log.appender.install.snapshot.enabled = false (custom)
2020-08-02 01:06:11,171 [pool-63-thread-1] INFO  impl.RaftServerImpl (ServerState.java:<init>(103)) - 941ad556-bd35-4628-89a8-a1d687f503e2@group-1FD2AC16806C: ConfigurationManager, init=-1: [12bd2fc3-fdcb-4beb-b390-582baaaf27fd:172.17.0.2:44863, 941ad556-bd35-4628-89a8-a1d687f503e2:172.17.0.2:34823, 7bfd1728-d5ba-4078-b4fb-1a74dfc91dd2:172.17.0.2:34233], old=null, confs=<EMPTY_MAP>
2020-08-02 01:06:11,171 [pool-63-thread-1] INFO  server.RaftServerConfigKeys (ConfUtils.java:logGet(44)) - raft.server.storage.dir = [/github/workspace/mnt/ozone/hadoop-ozone/integration-test/target/test-dir/MiniOzoneClusterImpl-9d2a40a1-9d24-4090-95ed-d86fa5c4585c/datanode-2/data/ratis] (custom)
2020-08-02 01:06:11,172 [pool-63-thread-1] INFO  server.RaftServerConfigKeys (ConfUtils.java:logGet(44)) - raft.server.log.corruption.policy = EXCEPTION (default)
2020-08-02 01:06:11,172 [pool-63-thread-1] INFO  storage.RaftStorageDirectory (RaftStorageDirectory.java:analyzeStorage(261)) - The storage directory /github/workspace/mnt/ozone/hadoop-ozone/integration-test/target/test-dir/MiniOzoneClusterImpl-9d2a40a1-9d24-4090-95ed-d86fa5c4585c/datanode-2/data/ratis/52a2303a-ddac-420b-be34-1fd2ac16806c does not exist. Creating ...
2020-08-02 01:06:11,177 [pool-63-thread-1] INFO  storage.RaftStorageDirectory (RaftStorageDirectory.java:tryLock(343)) - Lock on /github/workspace/mnt/ozone/hadoop-ozone/integration-test/target/test-dir/MiniOzoneClusterImpl-9d2a40a1-9d24-4090-95ed-d86fa5c4585c/datanode-2/data/ratis/52a2303a-ddac-420b-be34-1fd2ac16806c/in_use.lock acquired by nodename 6912@cde6132c9c6b
2020-08-02 01:06:11,178 [pool-63-thread-1] INFO  storage.RaftStorage (RaftStorage.java:format(84)) - Storage directory /github/workspace/mnt/ozone/hadoop-ozone/integration-test/target/test-dir/MiniOzoneClusterImpl-9d2a40a1-9d24-4090-95ed-d86fa5c4585c/datanode-2/data/ratis/52a2303a-ddac-420b-be34-1fd2ac16806c has been successfully formatted.
2020-08-02 01:06:11,178 [Datanode State Machine Thread - 0] WARN  statemachine.DatanodeStateMachine (DatanodeStateMachine.java:start(245)) - Interrupt the execution.
java.lang.InterruptedException: sleep interrupted
	at java.lang.Thread.sleep(Native Method)
	at org.apache.hadoop.ozone.container.common.statemachine.DatanodeStateMachine.start(DatanodeStateMachine.java:243)
	at org.apache.hadoop.ozone.container.common.statemachine.DatanodeStateMachine.lambda$startDaemon$0(DatanodeStateMachine.java:405)
	at java.lang.Thread.run(Thread.java:748)
2020-08-02 01:06:11,179 [pool-63-thread-1] INFO  ratis.ContainerStateMachine (ContainerStateMachine.java:loadSnapshot(225)) - group-1FD2AC16806C: The snapshot info is null. Setting the last applied indexto:(t:0, i:~)
2020-08-02 01:06:11,179 [pool-63-thread-1] INFO  server.RaftServerConfigKeys (ConfUtils.java:logGet(44)) - raft.server.notification.no-leader.timeout = 1000000ms (custom)
2020-08-02 01:06:11,179 [pool-63-thread-1] INFO  server.RaftServerConfigKeys (ConfUtils.java:logGet(44)) - raft.server.log.use.memory = false (default)
2020-08-02 01:06:11,179 [pool-63-thread-1] INFO  server.RaftServerConfigKeys (ConfUtils.java:logGet(44)) - raft.server.log.purge.gap = 1000000 (custom)
2020-08-02 01:06:11,179 [pool-63-thread-1] INFO  metrics.RatisMetrics (RatisMetrics.java:lambda$create$0(36)) - Creating Metrics Registry : ratis.log_worker.941ad556-bd35-4628-89a8-a1d687f503e2@group-1FD2AC16806C
2020-08-02 01:06:11,179 [pool-63-thread-1] INFO  server.RaftServerConfigKeys (ConfUtils.java:logGet(44)) - raft.server.log.appender.buffer.byte-limit = 33554432 (custom)
2020-08-02 01:06:11,179 [pool-63-thread-1] INFO  server.RaftServerConfigKeys (ConfUtils.java:logGet(44)) - raft.server.log.segment.size.max = 1048576 (custom)
2020-08-02 01:06:11,180 [pool-63-thread-1] INFO  server.RaftServerConfigKeys (ConfUtils.java:logGet(44)) - raft.server.log.segment.cache.num.max = 2 (custom)
2020-08-02 01:06:11,180 [pool-63-thread-1] INFO  segmented.SegmentedRaftLogWorker (SegmentedRaftLogWorker.java:<init>(180)) - new 941ad556-bd35-4628-89a8-a1d687f503e2@group-1FD2AC16806C-SegmentedRaftLogWorker for RaftStorage:Storage Directory /github/workspace/mnt/ozone/hadoop-ozone/integration-test/target/test-dir/MiniOzoneClusterImpl-9d2a40a1-9d24-4090-95ed-d86fa5c4585c/datanode-2/data/ratis/52a2303a-ddac-420b-be34-1fd2ac16806c
2020-08-02 01:06:11,180 [pool-63-thread-1] INFO  server.RaftServerConfigKeys (ConfUtils.java:logGet(44)) - raft.server.log.queue.byte-limit = 2147483647 (custom)
2020-08-02 01:06:11,180 [pool-63-thread-1] INFO  server.RaftServerConfigKeys (ConfUtils.java:logGet(44)) - raft.server.log.queue.element-limit = 1024 (custom)
2020-08-02 01:06:11,180 [pool-63-thread-1] INFO  server.RaftServerConfigKeys (ConfUtils.java:logGet(44)) - raft.server.log.segment.size.max = 1048576 (custom)
2020-08-02 01:06:11,180 [pool-63-thread-1] INFO  server.RaftServerConfigKeys (ConfUtils.java:logGet(44)) - raft.server.log.preallocated.size = 16384 (custom)
2020-08-02 01:06:11,180 [pool-63-thread-1] INFO  server.RaftServerConfigKeys (ConfUtils.java:logGet(44)) - raft.server.log.write.buffer.size = 1048576 (custom)
2020-08-02 01:06:11,180 [pool-63-thread-1] INFO  server.RaftServerConfigKeys (ConfUtils.java:logGet(44)) - raft.server.log.force.sync.num = 128 (default)
2020-08-02 01:06:11,181 [pool-63-thread-1] INFO  server.RaftServerConfigKeys (ConfUtils.java:logGet(44)) - raft.server.log.statemachine.data.sync = true (default)
2020-08-02 01:06:11,181 [pool-63-thread-1] INFO  server.RaftServerConfigKeys (ConfUtils.java:logGet(44)) - raft.server.log.statemachine.data.sync.timeout = 10s (default)
2020-08-02 01:06:11,181 [pool-63-thread-1] INFO  server.RaftServerConfigKeys (ConfUtils.java:logGet(44)) - raft.server.log.statemachine.data.sync.timeout.retry = -1 (default)
2020-08-02 01:06:11,182 [pool-63-thread-1] INFO  server.RaftServerConfigKeys (ConfUtils.java:logGet(44)) - raft.server.log.statemachine.data.caching.enabled = true (custom)
2020-08-02 01:06:11,183 [pool-63-thread-1] INFO  segmented.SegmentedRaftLogWorker (SegmentedRaftLogWorker.java:lambda$new$0(129)) - 941ad556-bd35-4628-89a8-a1d687f503e2@group-1FD2AC16806C-SegmentedRaftLogWorker: flushIndex: setUnconditionally 0 -> -1
2020-08-02 01:06:11,183 [pool-63-thread-1] INFO  segmented.SegmentedRaftLogWorker (SegmentedRaftLogWorker.java:lambda$new$0(129)) - 941ad556-bd35-4628-89a8-a1d687f503e2@group-1FD2AC16806C-SegmentedRaftLogWorker: safeCacheEvictIndex: setUnconditionally 0 -> -1
2020-08-02 01:06:11,195 [pool-63-thread-1] INFO  server.RaftServerConfigKeys (ConfUtils.java:logGet(44)) - raft.server.snapshot.auto.trigger.enabled = true (custom)
2020-08-02 01:06:11,195 [pool-63-thread-1] INFO  server.RaftServerConfigKeys (ConfUtils.java:logGet(44)) - raft.server.snapshot.auto.trigger.threshold = 10000 (custom)
2020-08-02 01:06:11,195 [pool-63-thread-1] INFO  server.RaftServerConfigKeys (ConfUtils.java:logGet(44)) - raft.server.snapshot.retention.file.num = 5 (custom)
2020-08-02 01:06:11,195 [pool-63-thread-1] INFO  server.RaftServerConfigKeys (ConfUtils.java:logGet(44)) - raft.server.log.purge.upto.snapshot.index = false (default)
2020-08-02 01:06:11,195 [pool-63-thread-1] INFO  server.RaftServerConfigKeys (ConfUtils.java:logGet(44)) - raft.server.retrycache.expirytime = 600000ms (custom)
2020-08-02 01:06:11,195 [pool-63-thread-1] INFO  metrics.RatisMetrics (RatisMetrics.java:lambda$create$0(36)) - Creating Metrics Registry : ratis.leader_election.941ad556-bd35-4628-89a8-a1d687f503e2@group-1FD2AC16806C
2020-08-02 01:06:11,196 [pool-63-thread-1] INFO  metrics.RatisMetrics (RatisMetrics.java:lambda$create$0(36)) - Creating Metrics Registry : ratis.server.941ad556-bd35-4628-89a8-a1d687f503e2@group-1FD2AC16806C
2020-08-02 01:06:11,197 [pool-63-thread-1] INFO  impl.RaftServerImpl (RaftServerImpl.java:start(196)) - 941ad556-bd35-4628-89a8-a1d687f503e2@group-1FD2AC16806C: start as a follower, conf=-1: [12bd2fc3-fdcb-4beb-b390-582baaaf27fd:172.17.0.2:44863, 941ad556-bd35-4628-89a8-a1d687f503e2:172.17.0.2:34823, 7bfd1728-d5ba-4078-b4fb-1a74dfc91dd2:172.17.0.2:34233], old=null
2020-08-02 01:06:11,197 [pool-63-thread-1] INFO  impl.RaftServerImpl (RaftServerImpl.java:setRole(185)) - 941ad556-bd35-4628-89a8-a1d687f503e2@group-1FD2AC16806C: changes role from      null to FOLLOWER at term 0 for startAsFollower
2020-08-02 01:06:11,197 [pool-63-thread-1] INFO  impl.RoleInfo (RoleInfo.java:updateAndGet(143)) - 941ad556-bd35-4628-89a8-a1d687f503e2: start FollowerState
2020-08-02 01:06:11,206 [pool-63-thread-1] INFO  util.JmxRegister (JmxRegister.java:tryRegister(44)) - Successfully registered JMX Bean with object name Ratis:service=RaftServer,group=group-1FD2AC16806C,id=941ad556-bd35-4628-89a8-a1d687f503e2
2020-08-02 01:06:11,206 [pool-63-thread-1] INFO  metrics.RatisMetrics (RatisMetrics.java:lambda$create$0(36)) - Creating Metrics Registry : ratis.state_machine.941ad556-bd35-4628-89a8-a1d687f503e2@group-1FD2AC16806C
2020-08-02 01:06:11,693 [Command processor thread] INFO  commandhandler.CreatePipelineCommandHandler (CreatePipelineCommandHandler.java:handle(110)) - Created Pipeline RATIS THREE #id: "52a2303a-ddac-420b-be34-1fd2ac16806c"
uuid128 {
  mostSigBits: 5954374686722507275
  leastSigBits: -4741129518023540628
}
.
2020-08-02 01:06:11,694 [Command processor thread] INFO  commandhandler.CreatePipelineCommandHandler (CreatePipelineCommandHandler.java:handle(110)) - Created Pipeline RATIS THREE #id: "52a2303a-ddac-420b-be34-1fd2ac16806c"
uuid128 {
  mostSigBits: 5954374686722507275
  leastSigBits: -4741129518023540628
}
.
2020-08-02 01:06:11,698 [Command processor thread] INFO  commandhandler.CreatePipelineCommandHandler (CreatePipelineCommandHandler.java:handle(110)) - Created Pipeline RATIS THREE #id: "52a2303a-ddac-420b-be34-1fd2ac16806c"
uuid128 {
  mostSigBits: 5954374686722507275
  leastSigBits: -4741129518023540628
}
.
2020-08-02 01:06:11,967 [Listener at 127.0.0.1/44857] INFO  ozone.MiniOzoneClusterImpl (MiniOzoneClusterImpl.java:lambda$waitForClusterToBeReady$0(177)) - Nodes are ready. Got 3 of 3 DN Heartbeats.
2020-08-02 01:06:11,967 [Listener at 127.0.0.1/44857] INFO  ozone.MiniOzoneClusterImpl (MiniOzoneClusterImpl.java:lambda$waitForClusterToBeReady$0(180)) - Waiting for cluster to exit safe mode
2020-08-02 01:06:12,968 [Listener at 127.0.0.1/44857] INFO  ozone.MiniOzoneClusterImpl (MiniOzoneClusterImpl.java:lambda$waitForClusterToBeReady$0(177)) - Nodes are ready. Got 3 of 3 DN Heartbeats.
2020-08-02 01:06:12,968 [Listener at 127.0.0.1/44857] INFO  ozone.MiniOzoneClusterImpl (MiniOzoneClusterImpl.java:lambda$waitForClusterToBeReady$0(180)) - Waiting for cluster to exit safe mode
2020-08-02 01:06:13,968 [Listener at 127.0.0.1/44857] INFO  ozone.MiniOzoneClusterImpl (MiniOzoneClusterImpl.java:lambda$waitForClusterToBeReady$0(177)) - Nodes are ready. Got 3 of 3 DN Heartbeats.
2020-08-02 01:06:13,968 [Listener at 127.0.0.1/44857] INFO  ozone.MiniOzoneClusterImpl (MiniOzoneClusterImpl.java:lambda$waitForClusterToBeReady$0(180)) - Waiting for cluster to exit safe mode
2020-08-02 01:06:14,969 [Listener at 127.0.0.1/44857] INFO  ozone.MiniOzoneClusterImpl (MiniOzoneClusterImpl.java:lambda$waitForClusterToBeReady$0(177)) - Nodes are ready. Got 3 of 3 DN Heartbeats.
2020-08-02 01:06:14,969 [Listener at 127.0.0.1/44857] INFO  ozone.MiniOzoneClusterImpl (MiniOzoneClusterImpl.java:lambda$waitForClusterToBeReady$0(180)) - Waiting for cluster to exit safe mode
2020-08-02 01:06:15,969 [Listener at 127.0.0.1/44857] INFO  ozone.MiniOzoneClusterImpl (MiniOzoneClusterImpl.java:lambda$waitForClusterToBeReady$0(177)) - Nodes are ready. Got 3 of 3 DN Heartbeats.
2020-08-02 01:06:15,969 [Listener at 127.0.0.1/44857] INFO  ozone.MiniOzoneClusterImpl (MiniOzoneClusterImpl.java:lambda$waitForClusterToBeReady$0(180)) - Waiting for cluster to exit safe mode
2020-08-02 01:06:15,995 [Thread-195] INFO  impl.FollowerState (FollowerState.java:run(108)) - 12bd2fc3-fdcb-4beb-b390-582baaaf27fd@group-7303A3BF1482-FollowerState: change to CANDIDATE, lastRpcTime:5074ms, electionTimeout:5054ms
2020-08-02 01:06:15,996 [Thread-195] INFO  impl.RoleInfo (RoleInfo.java:shutdownFollowerState(121)) - 12bd2fc3-fdcb-4beb-b390-582baaaf27fd: shutdown FollowerState
2020-08-02 01:06:15,996 [Thread-195] INFO  impl.RaftServerImpl (RaftServerImpl.java:setRole(185)) - 12bd2fc3-fdcb-4beb-b390-582baaaf27fd@group-7303A3BF1482: changes role from  FOLLOWER to CANDIDATE at term 0 for changeToCandidate
2020-08-02 01:06:15,998 [Thread-195] INFO  impl.RoleInfo (RoleInfo.java:updateAndGet(143)) - 12bd2fc3-fdcb-4beb-b390-582baaaf27fd: start LeaderElection
2020-08-02 01:06:16,002 [12bd2fc3-fdcb-4beb-b390-582baaaf27fd@group-7303A3BF1482-LeaderElection1] INFO  impl.LeaderElection (LeaderElection.java:askForVotes(209)) - 12bd2fc3-fdcb-4beb-b390-582baaaf27fd@group-7303A3BF1482-LeaderElection1: begin an election at term 1 for -1: [12bd2fc3-fdcb-4beb-b390-582baaaf27fd:172.17.0.2:44863], old=null
2020-08-02 01:06:16,003 [12bd2fc3-fdcb-4beb-b390-582baaaf27fd@group-7303A3BF1482-LeaderElection1] INFO  impl.RoleInfo (RoleInfo.java:shutdownLeaderElection(134)) - 12bd2fc3-fdcb-4beb-b390-582baaaf27fd: shutdown LeaderElection
2020-08-02 01:06:16,003 [12bd2fc3-fdcb-4beb-b390-582baaaf27fd@group-7303A3BF1482-LeaderElection1] INFO  impl.RaftServerImpl (RaftServerImpl.java:setRole(185)) - 12bd2fc3-fdcb-4beb-b390-582baaaf27fd@group-7303A3BF1482: changes role from CANDIDATE to LEADER at term 1 for changeToLeader
2020-08-02 01:06:16,003 [12bd2fc3-fdcb-4beb-b390-582baaaf27fd@group-7303A3BF1482-LeaderElection1] INFO  ratis.XceiverServerRatis (XceiverServerRatis.java:handleLeaderChangedNotification(822)) - Leader change notification received for group: group-7303A3BF1482 with new leaderId: 12bd2fc3-fdcb-4beb-b390-582baaaf27fd
2020-08-02 01:06:16,004 [12bd2fc3-fdcb-4beb-b390-582baaaf27fd@group-7303A3BF1482-LeaderElection1] INFO  impl.RaftServerImpl (ServerState.java:setLeader(255)) - 12bd2fc3-fdcb-4beb-b390-582baaaf27fd@group-7303A3BF1482: change Leader from null to 12bd2fc3-fdcb-4beb-b390-582baaaf27fd at term 1 for becomeLeader, leader elected after 5119ms
2020-08-02 01:06:16,007 [Datanode State Machine Thread - 0] WARN  statemachine.DatanodeStateMachine (DatanodeStateMachine.java:start(245)) - Interrupt the execution.
java.lang.InterruptedException: sleep interrupted
	at java.lang.Thread.sleep(Native Method)
	at org.apache.hadoop.ozone.container.common.statemachine.DatanodeStateMachine.start(DatanodeStateMachine.java:243)
	at org.apache.hadoop.ozone.container.common.statemachine.DatanodeStateMachine.lambda$startDaemon$0(DatanodeStateMachine.java:405)
	at java.lang.Thread.run(Thread.java:748)
2020-08-02 01:06:16,007 [12bd2fc3-fdcb-4beb-b390-582baaaf27fd@group-7303A3BF1482-LeaderElection1] INFO  server.RaftServerConfigKeys (ConfUtils.java:logGet(44)) - raft.server.staging.catchup.gap = 1000 (default)
2020-08-02 01:06:16,008 [12bd2fc3-fdcb-4beb-b390-582baaaf27fd@group-7303A3BF1482-LeaderElection1] INFO  server.RaftServerConfigKeys (ConfUtils.java:logGet(44)) - raft.server.rpc.sleep.time = 25ms (default)
2020-08-02 01:06:16,010 [12bd2fc3-fdcb-4beb-b390-582baaaf27fd@group-7303A3BF1482-LeaderElection1] INFO  metrics.RatisMetrics (RatisMetrics.java:lambda$create$0(36)) - Creating Metrics Registry : ratis.log_appender.12bd2fc3-fdcb-4beb-b390-582baaaf27fd@group-7303A3BF1482
2020-08-02 01:06:16,012 [12bd2fc3-fdcb-4beb-b390-582baaaf27fd@group-7303A3BF1482-LeaderElection1] INFO  server.RaftServerConfigKeys (ConfUtils.java:logGet(44)) - raft.server.write.element-limit = 1024 (custom)
2020-08-02 01:06:16,013 [12bd2fc3-fdcb-4beb-b390-582baaaf27fd@group-7303A3BF1482-LeaderElection1] INFO  server.RaftServerConfigKeys (ConfUtils.java:logGet(44)) - raft.server.write.byte-limit = 1073741824 (custom)
2020-08-02 01:06:16,018 [12bd2fc3-fdcb-4beb-b390-582baaaf27fd@group-7303A3BF1482-LeaderElection1] INFO  server.RaftServerConfigKeys (ConfUtils.java:logGet(44)) - raft.server.watch.timeout = 3000ms (custom)
2020-08-02 01:06:16,018 [12bd2fc3-fdcb-4beb-b390-582baaaf27fd@group-7303A3BF1482-LeaderElection1] INFO  server.RaftServerConfigKeys (ConfUtils.java:logGet(44)) - raft.server.watch.timeout.denomination = 1s (default)
2020-08-02 01:06:16,019 [12bd2fc3-fdcb-4beb-b390-582baaaf27fd@group-7303A3BF1482-LeaderElection1] INFO  server.RaftServerConfigKeys (ConfUtils.java:logGet(44)) - raft.server.watch.element-limit = 65536 (default)
2020-08-02 01:06:16,022 [Thread-200] INFO  impl.FollowerState (FollowerState.java:run(108)) - 7bfd1728-d5ba-4078-b4fb-1a74dfc91dd2@group-1FD2AC16806C-FollowerState: change to CANDIDATE, lastRpcTime:5017ms, electionTimeout:5004ms
2020-08-02 01:06:16,023 [Thread-200] INFO  impl.RoleInfo (RoleInfo.java:shutdownFollowerState(121)) - 7bfd1728-d5ba-4078-b4fb-1a74dfc91dd2: shutdown FollowerState
2020-08-02 01:06:16,023 [Thread-200] INFO  impl.RaftServerImpl (RaftServerImpl.java:setRole(185)) - 7bfd1728-d5ba-4078-b4fb-1a74dfc91dd2@group-1FD2AC16806C: changes role from  FOLLOWER to CANDIDATE at term 0 for changeToCandidate
2020-08-02 01:06:16,023 [Thread-200] INFO  impl.RoleInfo (RoleInfo.java:updateAndGet(143)) - 7bfd1728-d5ba-4078-b4fb-1a74dfc91dd2: start LeaderElection
2020-08-02 01:06:16,029 [12bd2fc3-fdcb-4beb-b390-582baaaf27fd@group-7303A3BF1482-LeaderElection1] INFO  impl.RoleInfo (RoleInfo.java:updateAndGet(143)) - 12bd2fc3-fdcb-4beb-b390-582baaaf27fd: start LeaderState
2020-08-02 01:06:16,036 [7bfd1728-d5ba-4078-b4fb-1a74dfc91dd2@group-1FD2AC16806C-LeaderElection2] INFO  impl.LeaderElection (LeaderElection.java:askForVotes(209)) - 7bfd1728-d5ba-4078-b4fb-1a74dfc91dd2@group-1FD2AC16806C-LeaderElection2: begin an election at term 1 for -1: [12bd2fc3-fdcb-4beb-b390-582baaaf27fd:172.17.0.2:44863, 941ad556-bd35-4628-89a8-a1d687f503e2:172.17.0.2:34823, 7bfd1728-d5ba-4078-b4fb-1a74dfc91dd2:172.17.0.2:34233], old=null
2020-08-02 01:06:16,057 [12bd2fc3-fdcb-4beb-b390-582baaaf27fd@group-7303A3BF1482-LeaderElection1] INFO  segmented.SegmentedRaftLogWorker (SegmentedRaftLogWorker.java:startLogSegment(397)) - 12bd2fc3-fdcb-4beb-b390-582baaaf27fd@group-7303A3BF1482-SegmentedRaftLogWorker: Starting segment from index:0
2020-08-02 01:06:16,068 [grpc-default-executor-1] INFO  impl.RaftServerImpl (RaftServerImpl.java:setRole(185)) - 941ad556-bd35-4628-89a8-a1d687f503e2@group-1FD2AC16806C: changes role from  FOLLOWER to FOLLOWER at term 1 for recognizeCandidate:7bfd1728-d5ba-4078-b4fb-1a74dfc91dd2
2020-08-02 01:06:16,069 [grpc-default-executor-1] INFO  impl.RoleInfo (RoleInfo.java:shutdownFollowerState(121)) - 941ad556-bd35-4628-89a8-a1d687f503e2: shutdown FollowerState
2020-08-02 01:06:16,069 [grpc-default-executor-1] INFO  impl.RoleInfo (RoleInfo.java:updateAndGet(143)) - 941ad556-bd35-4628-89a8-a1d687f503e2: start FollowerState
2020-08-02 01:06:16,069 [Thread-204] INFO  impl.FollowerState (FollowerState.java:run(117)) - 941ad556-bd35-4628-89a8-a1d687f503e2@group-1FD2AC16806C-FollowerState was interrupted: java.lang.InterruptedException: sleep interrupted
2020-08-02 01:06:16,080 [Thread-194] INFO  impl.FollowerState (FollowerState.java:run(108)) - 7bfd1728-d5ba-4078-b4fb-1a74dfc91dd2@group-705F67EDDAE0-FollowerState: change to CANDIDATE, lastRpcTime:5159ms, electionTimeout:5129ms
2020-08-02 01:06:16,080 [Thread-194] INFO  impl.RoleInfo (RoleInfo.java:shutdownFollowerState(121)) - 7bfd1728-d5ba-4078-b4fb-1a74dfc91dd2: shutdown FollowerState
2020-08-02 01:06:16,080 [Thread-194] INFO  impl.RaftServerImpl (RaftServerImpl.java:setRole(185)) - 7bfd1728-d5ba-4078-b4fb-1a74dfc91dd2@group-705F67EDDAE0: changes role from  FOLLOWER to CANDIDATE at term 0 for changeToCandidate
2020-08-02 01:06:16,080 [Thread-194] INFO  impl.RoleInfo (RoleInfo.java:updateAndGet(143)) - 7bfd1728-d5ba-4078-b4fb-1a74dfc91dd2: start LeaderElection
2020-08-02 01:06:16,080 [grpc-default-executor-0] INFO  impl.RaftServerImpl (RaftServerImpl.java:setRole(185)) - 12bd2fc3-fdcb-4beb-b390-582baaaf27fd@group-1FD2AC16806C: changes role from  FOLLOWER to FOLLOWER at term 1 for recognizeCandidate:7bfd1728-d5ba-4078-b4fb-1a74dfc91dd2
2020-08-02 01:06:16,081 [grpc-default-executor-0] INFO  impl.RoleInfo (RoleInfo.java:shutdownFollowerState(121)) - 12bd2fc3-fdcb-4beb-b390-582baaaf27fd: shutdown FollowerState
2020-08-02 01:06:16,093 [grpc-default-executor-0] INFO  impl.RoleInfo (RoleInfo.java:updateAndGet(143)) - 12bd2fc3-fdcb-4beb-b390-582baaaf27fd: start FollowerState
2020-08-02 01:06:16,109 [7bfd1728-d5ba-4078-b4fb-1a74dfc91dd2@group-705F67EDDAE0-LeaderElection3] INFO  impl.LeaderElection (LeaderElection.java:askForVotes(209)) - 7bfd1728-d5ba-4078-b4fb-1a74dfc91dd2@group-705F67EDDAE0-LeaderElection3: begin an election at term 1 for -1: [7bfd1728-d5ba-4078-b4fb-1a74dfc91dd2:172.17.0.2:34233], old=null
2020-08-02 01:06:16,110 [7bfd1728-d5ba-4078-b4fb-1a74dfc91dd2@group-705F67EDDAE0-LeaderElection3] INFO  impl.RoleInfo (RoleInfo.java:shutdownLeaderElection(134)) - 7bfd1728-d5ba-4078-b4fb-1a74dfc91dd2: shutdown LeaderElection
2020-08-02 01:06:16,110 [7bfd1728-d5ba-4078-b4fb-1a74dfc91dd2@group-705F67EDDAE0-LeaderElection3] INFO  impl.RaftServerImpl (RaftServerImpl.java:setRole(185)) - 7bfd1728-d5ba-4078-b4fb-1a74dfc91dd2@group-705F67EDDAE0: changes role from CANDIDATE to LEADER at term 1 for changeToLeader
2020-08-02 01:06:16,110 [7bfd1728-d5ba-4078-b4fb-1a74dfc91dd2@group-705F67EDDAE0-LeaderElection3] INFO  ratis.XceiverServerRatis (XceiverServerRatis.java:handleLeaderChangedNotification(822)) - Leader change notification received for group: group-705F67EDDAE0 with new leaderId: 7bfd1728-d5ba-4078-b4fb-1a74dfc91dd2
2020-08-02 01:06:16,117 [7bfd1728-d5ba-4078-b4fb-1a74dfc91dd2@group-1FD2AC16806C-LeaderElection2] INFO  impl.LeaderElection (LeaderElection.java:logAndReturn(61)) - 7bfd1728-d5ba-4078-b4fb-1a74dfc91dd2@group-1FD2AC16806C-LeaderElection2: Election PASSED; received 1 response(s) [7bfd1728-d5ba-4078-b4fb-1a74dfc91dd2<-941ad556-bd35-4628-89a8-a1d687f503e2#0:OK-t1] and 0 exception(s); 7bfd1728-d5ba-4078-b4fb-1a74dfc91dd2@group-1FD2AC16806C:t1, leader=null, voted=7bfd1728-d5ba-4078-b4fb-1a74dfc91dd2, raftlog=7bfd1728-d5ba-4078-b4fb-1a74dfc91dd2@group-1FD2AC16806C-SegmentedRaftLog:OPENED:c-1,f-1,i0, conf=-1: [12bd2fc3-fdcb-4beb-b390-582baaaf27fd:172.17.0.2:44863, 941ad556-bd35-4628-89a8-a1d687f503e2:172.17.0.2:34823, 7bfd1728-d5ba-4078-b4fb-1a74dfc91dd2:172.17.0.2:34233], old=null
2020-08-02 01:06:16,118 [7bfd1728-d5ba-4078-b4fb-1a74dfc91dd2@group-1FD2AC16806C-LeaderElection2] INFO  impl.RoleInfo (RoleInfo.java:shutdownLeaderElection(134)) - 7bfd1728-d5ba-4078-b4fb-1a74dfc91dd2: shutdown LeaderElection
2020-08-02 01:06:16,120 [12bd2fc3-fdcb-4beb-b390-582baaaf27fd@group-7303A3BF1482-LeaderElection1] INFO  impl.RaftServerImpl (ServerState.java:setRaftConf(356)) - 12bd2fc3-fdcb-4beb-b390-582baaaf27fd@group-7303A3BF1482: set configuration 0: [12bd2fc3-fdcb-4beb-b390-582baaaf27fd:172.17.0.2:44863], old=null at 0
2020-08-02 01:06:16,121 [Datanode State Machine Thread - 0] WARN  statemachine.DatanodeStateMachine (DatanodeStateMachine.java:start(245)) - Interrupt the execution.
java.lang.InterruptedException: sleep interrupted
	at java.lang.Thread.sleep(Native Method)
	at org.apache.hadoop.ozone.container.common.statemachine.DatanodeStateMachine.start(DatanodeStateMachine.java:243)
	at org.apache.hadoop.ozone.container.common.statemachine.DatanodeStateMachine.lambda$startDaemon$0(DatanodeStateMachine.java:405)
	at java.lang.Thread.run(Thread.java:748)
2020-08-02 01:06:16,120 [7bfd1728-d5ba-4078-b4fb-1a74dfc91dd2@group-705F67EDDAE0-LeaderElection3] INFO  impl.RaftServerImpl (ServerState.java:setLeader(255)) - 7bfd1728-d5ba-4078-b4fb-1a74dfc91dd2@group-705F67EDDAE0: change Leader from null to 7bfd1728-d5ba-4078-b4fb-1a74dfc91dd2 at term 1 for becomeLeader, leader elected after 5449ms
2020-08-02 01:06:16,120 [7bfd1728-d5ba-4078-b4fb-1a74dfc91dd2@group-1FD2AC16806C-LeaderElection2] INFO  impl.RaftServerImpl (RaftServerImpl.java:setRole(185)) - 7bfd1728-d5ba-4078-b4fb-1a74dfc91dd2@group-1FD2AC16806C: changes role from CANDIDATE to LEADER at term 1 for changeToLeader
2020-08-02 01:06:16,132 [7bfd1728-d5ba-4078-b4fb-1a74dfc91dd2@group-1FD2AC16806C-LeaderElection2] INFO  ratis.XceiverServerRatis (XceiverServerRatis.java:handleLeaderChangedNotification(822)) - Leader change notification received for group: group-1FD2AC16806C with new leaderId: 7bfd1728-d5ba-4078-b4fb-1a74dfc91dd2
2020-08-02 01:06:16,132 [7bfd1728-d5ba-4078-b4fb-1a74dfc91dd2@group-1FD2AC16806C-LeaderElection2] INFO  impl.RaftServerImpl (ServerState.java:setLeader(255)) - 7bfd1728-d5ba-4078-b4fb-1a74dfc91dd2@group-1FD2AC16806C: change Leader from null to 7bfd1728-d5ba-4078-b4fb-1a74dfc91dd2 at term 1 for becomeLeader, leader elected after 5161ms
2020-08-02 01:06:16,132 [7bfd1728-d5ba-4078-b4fb-1a74dfc91dd2@group-1FD2AC16806C-LeaderElection2] INFO  server.RaftServerConfigKeys (ConfUtils.java:logGet(44)) - raft.server.staging.catchup.gap = 1000 (default)
2020-08-02 01:06:16,133 [7bfd1728-d5ba-4078-b4fb-1a74dfc91dd2@group-1FD2AC16806C-LeaderElection2] INFO  server.RaftServerConfigKeys (ConfUtils.java:logGet(44)) - raft.server.rpc.sleep.time = 25ms (default)
2020-08-02 01:06:16,133 [7bfd1728-d5ba-4078-b4fb-1a74dfc91dd2@group-1FD2AC16806C-LeaderElection2] INFO  metrics.RatisMetrics (RatisMetrics.java:lambda$create$0(36)) - Creating Metrics Registry : ratis.log_appender.7bfd1728-d5ba-4078-b4fb-1a74dfc91dd2@group-1FD2AC16806C
2020-08-02 01:06:16,133 [7bfd1728-d5ba-4078-b4fb-1a74dfc91dd2@group-1FD2AC16806C-LeaderElection2] INFO  server.RaftServerConfigKeys (ConfUtils.java:logGet(44)) - raft.server.write.element-limit = 1024 (custom)
2020-08-02 01:06:16,133 [7bfd1728-d5ba-4078-b4fb-1a74dfc91dd2@group-1FD2AC16806C-LeaderElection2] INFO  server.RaftServerConfigKeys (ConfUtils.java:logGet(44)) - raft.server.write.byte-limit = 1073741824 (custom)
2020-08-02 01:06:16,133 [7bfd1728-d5ba-4078-b4fb-1a74dfc91dd2@group-705F67EDDAE0-LeaderElection3] INFO  server.RaftServerConfigKeys (ConfUtils.java:logGet(44)) - raft.server.staging.catchup.gap = 1000 (default)
2020-08-02 01:06:16,133 [7bfd1728-d5ba-4078-b4fb-1a74dfc91dd2@group-705F67EDDAE0-LeaderElection3] INFO  server.RaftServerConfigKeys (ConfUtils.java:logGet(44)) - raft.server.rpc.sleep.time = 25ms (default)
2020-08-02 01:06:16,133 [7bfd1728-d5ba-4078-b4fb-1a74dfc91dd2@group-705F67EDDAE0-LeaderElection3] INFO  metrics.RatisMetrics (RatisMetrics.java:lambda$create$0(36)) - Creating Metrics Registry : ratis.log_appender.7bfd1728-d5ba-4078-b4fb-1a74dfc91dd2@group-705F67EDDAE0
2020-08-02 01:06:16,134 [7bfd1728-d5ba-4078-b4fb-1a74dfc91dd2@group-705F67EDDAE0-LeaderElection3] INFO  server.RaftServerConfigKeys (ConfUtils.java:logGet(44)) - raft.server.write.element-limit = 1024 (custom)
2020-08-02 01:06:16,134 [7bfd1728-d5ba-4078-b4fb-1a74dfc91dd2@group-705F67EDDAE0-LeaderElection3] INFO  server.RaftServerConfigKeys (ConfUtils.java:logGet(44)) - raft.server.write.byte-limit = 1073741824 (custom)
2020-08-02 01:06:16,134 [7bfd1728-d5ba-4078-b4fb-1a74dfc91dd2@group-705F67EDDAE0-LeaderElection3] INFO  server.RaftServerConfigKeys (ConfUtils.java:logGet(44)) - raft.server.watch.timeout = 3000ms (custom)
2020-08-02 01:06:16,134 [7bfd1728-d5ba-4078-b4fb-1a74dfc91dd2@group-705F67EDDAE0-LeaderElection3] INFO  server.RaftServerConfigKeys (ConfUtils.java:logGet(44)) - raft.server.watch.timeout.denomination = 1s (default)
2020-08-02 01:06:16,134 [7bfd1728-d5ba-4078-b4fb-1a74dfc91dd2@group-705F67EDDAE0-LeaderElection3] INFO  server.RaftServerConfigKeys (ConfUtils.java:logGet(44)) - raft.server.watch.element-limit = 65536 (default)
2020-08-02 01:06:16,135 [7bfd1728-d5ba-4078-b4fb-1a74dfc91dd2@group-705F67EDDAE0-LeaderElection3] INFO  impl.RoleInfo (RoleInfo.java:updateAndGet(143)) - 7bfd1728-d5ba-4078-b4fb-1a74dfc91dd2: start LeaderState
2020-08-02 01:06:16,135 [7bfd1728-d5ba-4078-b4fb-1a74dfc91dd2@group-705F67EDDAE0-LeaderElection3] INFO  segmented.SegmentedRaftLogWorker (SegmentedRaftLogWorker.java:startLogSegment(397)) - 7bfd1728-d5ba-4078-b4fb-1a74dfc91dd2@group-705F67EDDAE0-SegmentedRaftLogWorker: Starting segment from index:0
2020-08-02 01:06:16,135 [Datanode State Machine Thread - 0] WARN  statemachine.DatanodeStateMachine (DatanodeStateMachine.java:start(233)) - Interrupt the execution.
java.lang.InterruptedException
	at java.util.concurrent.locks.AbstractQueuedSynchronizer$ConditionObject.reportInterruptAfterWait(AbstractQueuedSynchronizer.java:2014)
	at java.util.concurrent.locks.AbstractQueuedSynchronizer$ConditionObject.awaitNanos(AbstractQueuedSynchronizer.java:2088)
	at java.util.concurrent.LinkedBlockingQueue.poll(LinkedBlockingQueue.java:467)
	at java.util.concurrent.ExecutorCompletionService.poll(ExecutorCompletionService.java:202)
	at org.apache.hadoop.ozone.container.common.states.datanode.RunningDatanodeState.await(RunningDatanodeState.java:218)
	at org.apache.hadoop.ozone.container.common.states.datanode.RunningDatanodeState.await(RunningDatanodeState.java:50)
	at org.apache.hadoop.ozone.container.common.statemachine.StateContext.execute(StateContext.java:450)
	at org.apache.hadoop.ozone.container.common.statemachine.DatanodeStateMachine.start(DatanodeStateMachine.java:227)
	at org.apache.hadoop.ozone.container.common.statemachine.DatanodeStateMachine.lambda$startDaemon$0(DatanodeStateMachine.java:405)
	at java.lang.Thread.run(Thread.java:748)
2020-08-02 01:06:16,135 [Datanode State Machine Thread - 0] WARN  statemachine.StateContext (StateContext.java:execute(442)) - No available thread in pool for past 0 seconds.
2020-08-02 01:06:16,136 [7bfd1728-d5ba-4078-b4fb-1a74dfc91dd2@group-1FD2AC16806C-LeaderElection2] INFO  server.RaftServerConfigKeys (ConfUtils.java:logGet(44)) - raft.server.watch.timeout = 3000ms (custom)
2020-08-02 01:06:16,136 [7bfd1728-d5ba-4078-b4fb-1a74dfc91dd2@group-1FD2AC16806C-LeaderElection2] INFO  server.RaftServerConfigKeys (ConfUtils.java:logGet(44)) - raft.server.watch.timeout.denomination = 1s (default)
2020-08-02 01:06:16,136 [7bfd1728-d5ba-4078-b4fb-1a74dfc91dd2@group-1FD2AC16806C-LeaderElection2] INFO  server.RaftServerConfigKeys (ConfUtils.java:logGet(44)) - raft.server.watch.element-limit = 65536 (default)
2020-08-02 01:06:16,144 [7bfd1728-d5ba-4078-b4fb-1a74dfc91dd2@group-705F67EDDAE0-LeaderElection3] INFO  impl.RaftServerImpl (ServerState.java:setRaftConf(356)) - 7bfd1728-d5ba-4078-b4fb-1a74dfc91dd2@group-705F67EDDAE0: set configuration 0: [7bfd1728-d5ba-4078-b4fb-1a74dfc91dd2:172.17.0.2:34233], old=null at 0
2020-08-02 01:06:16,145 [7bfd1728-d5ba-4078-b4fb-1a74dfc91dd2@group-1FD2AC16806C-LeaderElection2] INFO  server.RaftServerConfigKeys (ConfUtils.java:logGet(44)) - raft.server.log.appender.snapshot.chunk.size.max = 16MB (=16777216) (default)
2020-08-02 01:06:16,145 [7bfd1728-d5ba-4078-b4fb-1a74dfc91dd2@group-1FD2AC16806C-LeaderElection2] INFO  server.RaftServerConfigKeys (ConfUtils.java:logGet(44)) - raft.server.log.appender.buffer.byte-limit = 33554432 (custom)
2020-08-02 01:06:16,146 [7bfd1728-d5ba-4078-b4fb-1a74dfc91dd2@group-1FD2AC16806C-LeaderElection2] INFO  server.RaftServerConfigKeys (ConfUtils.java:logGet(44)) - raft.server.log.appender.buffer.element-limit = 1 (custom)
2020-08-02 01:06:16,149 [EventQueue-PipelineReportForPipelineReportHandler] INFO  pipeline.PipelineStateManager (PipelineStateManager.java:openPipeline(131)) - Pipeline Pipeline[ Id: 52a2303a-ddac-420b-be34-1fd2ac16806c, Nodes: 7bfd1728-d5ba-4078-b4fb-1a74dfc91dd2{ip: 172.17.0.2, host: cde6132c9c6b, networkLocation: /default-rack, certSerialId: null}12bd2fc3-fdcb-4beb-b390-582baaaf27fd{ip: 172.17.0.2, host: cde6132c9c6b, networkLocation: /default-rack, certSerialId: null}941ad556-bd35-4628-89a8-a1d687f503e2{ip: 172.17.0.2, host: cde6132c9c6b, networkLocation: /default-rack, certSerialId: null}, Type:RATIS, Factor:THREE, State:ALLOCATED, leaderId:7bfd1728-d5ba-4078-b4fb-1a74dfc91dd2, CreationTimestamp2020-08-02T01:06:07.981Z] moved to OPEN state
2020-08-02 01:06:16,149 [EventQueue-OpenPipelineForHealthyPipelineSafeModeRule] INFO  safemode.SCMSafeModeManager (HealthyPipelineSafeModeRule.java:process(129)) - SCM in safe mode. Healthy pipelines reported count is 1, required healthy pipeline reported count is 1
2020-08-02 01:06:16,149 [EventQueue-OpenPipelineForHealthyPipelineSafeModeRule] INFO  safemode.SCMSafeModeManager (SCMSafeModeManager.java:validateSafeModeExitRules(214)) - HealthyPipelineSafeModeRule rule is successfully validated
2020-08-02 01:06:16,149 [EventQueue-OpenPipelineForHealthyPipelineSafeModeRule] INFO  safemode.SCMSafeModeManager (SCMSafeModeManager.java:validateSafeModeExitRules(228)) - ScmSafeModeManager, all rules are successfully validated
2020-08-02 01:06:16,149 [EventQueue-OpenPipelineForHealthyPipelineSafeModeRule] INFO  safemode.SCMSafeModeManager (SCMSafeModeManager.java:exitSafeMode(257)) - SCM exiting safe mode.
2020-08-02 01:06:16,150 [7bfd1728-d5ba-4078-b4fb-1a74dfc91dd2@group-1FD2AC16806C-LeaderElection2] INFO  grpc.GrpcConfigKeys (ConfUtils.java:logGet(44)) - raft.grpc.server.leader.outstanding.appends.max = 128 (default)
2020-08-02 01:06:16,161 [EventQueue-OpenPipelineForOneReplicaPipelineSafeModeRule] INFO  safemode.SCMSafeModeManager (SCMSafeModeManager.java:validateSafeModeExitRules(214)) - AtleastOneDatanodeReportedRule rule is successfully validated
2020-08-02 01:06:16,162 [EventQueue-OpenPipelineForOneReplicaPipelineSafeModeRule] INFO  safemode.SCMSafeModeManager (SCMSafeModeManager.java:validateSafeModeExitRules(228)) - ScmSafeModeManager, all rules are successfully validated
2020-08-02 01:06:16,162 [EventQueue-OpenPipelineForOneReplicaPipelineSafeModeRule] INFO  safemode.SCMSafeModeManager (SCMSafeModeManager.java:exitSafeMode(257)) - SCM exiting safe mode.
2020-08-02 01:06:16,162 [7bfd1728-d5ba-4078-b4fb-1a74dfc91dd2@group-1FD2AC16806C-LeaderElection2] INFO  server.RaftServerConfigKeys (ConfUtils.java:logGet(44)) - raft.server.rpc.request.timeout = 3000ms (default)
2020-08-02 01:06:16,162 [7bfd1728-d5ba-4078-b4fb-1a74dfc91dd2@group-1FD2AC16806C-LeaderElection2] INFO  server.RaftServerConfigKeys (ConfUtils.java:logGet(44)) - raft.server.log.appender.install.snapshot.enabled = false (custom)
2020-08-02 01:06:16,162 [7bfd1728-d5ba-4078-b4fb-1a74dfc91dd2@group-1FD2AC16806C-LeaderElection2] INFO  metrics.RatisMetrics (RatisMetrics.java:lambda$create$0(36)) - Creating Metrics Registry : ratis_grpc.log_appender.7bfd1728-d5ba-4078-b4fb-1a74dfc91dd2@group-1FD2AC16806C
2020-08-02 01:06:16,166 [7bfd1728-d5ba-4078-b4fb-1a74dfc91dd2@group-1FD2AC16806C-LeaderElection2] INFO  server.RaftServerConfigKeys (ConfUtils.java:logGet(44)) - raft.server.log.appender.snapshot.chunk.size.max = 16MB (=16777216) (default)
2020-08-02 01:06:16,166 [7bfd1728-d5ba-4078-b4fb-1a74dfc91dd2@group-1FD2AC16806C-LeaderElection2] INFO  server.RaftServerConfigKeys (ConfUtils.java:logGet(44)) - raft.server.log.appender.buffer.byte-limit = 33554432 (custom)
2020-08-02 01:06:16,166 [7bfd1728-d5ba-4078-b4fb-1a74dfc91dd2@group-1FD2AC16806C-LeaderElection2] INFO  server.RaftServerConfigKeys (ConfUtils.java:logGet(44)) - raft.server.log.appender.buffer.element-limit = 1 (custom)
2020-08-02 01:06:16,167 [7bfd1728-d5ba-4078-b4fb-1a74dfc91dd2@group-1FD2AC16806C-LeaderElection2] INFO  grpc.GrpcConfigKeys (ConfUtils.java:logGet(44)) - raft.grpc.server.leader.outstanding.appends.max = 128 (default)
2020-08-02 01:06:16,167 [7bfd1728-d5ba-4078-b4fb-1a74dfc91dd2@group-1FD2AC16806C-LeaderElection2] INFO  server.RaftServerConfigKeys (ConfUtils.java:logGet(44)) - raft.server.rpc.request.timeout = 3000ms (default)
2020-08-02 01:06:16,167 [7bfd1728-d5ba-4078-b4fb-1a74dfc91dd2@group-1FD2AC16806C-LeaderElection2] INFO  server.RaftServerConfigKeys (ConfUtils.java:logGet(44)) - raft.server.log.appender.install.snapshot.enabled = false (custom)
2020-08-02 01:06:16,169 [7bfd1728-d5ba-4078-b4fb-1a74dfc91dd2@group-1FD2AC16806C-LeaderElection2] INFO  impl.RoleInfo (RoleInfo.java:updateAndGet(143)) - 7bfd1728-d5ba-4078-b4fb-1a74dfc91dd2: start LeaderState
2020-08-02 01:06:16,172 [7bfd1728-d5ba-4078-b4fb-1a74dfc91dd2@group-1FD2AC16806C-LeaderElection2] INFO  segmented.SegmentedRaftLogWorker (SegmentedRaftLogWorker.java:startLogSegment(397)) - 7bfd1728-d5ba-4078-b4fb-1a74dfc91dd2@group-1FD2AC16806C-SegmentedRaftLogWorker: Starting segment from index:0
2020-08-02 01:06:16,179 [Thread-202] INFO  impl.FollowerState (FollowerState.java:run(108)) - 941ad556-bd35-4628-89a8-a1d687f503e2@group-2C4BDFE79C19-FollowerState: change to CANDIDATE, lastRpcTime:5132ms, electionTimeout:5111ms
2020-08-02 01:06:16,179 [Thread-202] INFO  impl.RoleInfo (RoleInfo.java:shutdownFollowerState(121)) - 941ad556-bd35-4628-89a8-a1d687f503e2: shutdown FollowerState
2020-08-02 01:06:16,180 [Thread-202] INFO  impl.RaftServerImpl (RaftServerImpl.java:setRole(185)) - 941ad556-bd35-4628-89a8-a1d687f503e2@group-2C4BDFE79C19: changes role from  FOLLOWER to CANDIDATE at term 0 for changeToCandidate
2020-08-02 01:06:16,182 [Thread-202] INFO  impl.RoleInfo (RoleInfo.java:updateAndGet(143)) - 941ad556-bd35-4628-89a8-a1d687f503e2: start LeaderElection
2020-08-02 01:06:16,183 [7bfd1728-d5ba-4078-b4fb-1a74dfc91dd2@group-1FD2AC16806C-LeaderElection2] INFO  impl.RaftServerImpl (ServerState.java:setRaftConf(356)) - 7bfd1728-d5ba-4078-b4fb-1a74dfc91dd2@group-1FD2AC16806C: set configuration 0: [12bd2fc3-fdcb-4beb-b390-582baaaf27fd:172.17.0.2:44863, 941ad556-bd35-4628-89a8-a1d687f503e2:172.17.0.2:34823, 7bfd1728-d5ba-4078-b4fb-1a74dfc91dd2:172.17.0.2:34233], old=null at 0
2020-08-02 01:06:16,202 [941ad556-bd35-4628-89a8-a1d687f503e2@group-2C4BDFE79C19-LeaderElection4] INFO  impl.LeaderElection (LeaderElection.java:askForVotes(209)) - 941ad556-bd35-4628-89a8-a1d687f503e2@group-2C4BDFE79C19-LeaderElection4: begin an election at term 1 for -1: [941ad556-bd35-4628-89a8-a1d687f503e2:172.17.0.2:34823], old=null
2020-08-02 01:06:16,202 [941ad556-bd35-4628-89a8-a1d687f503e2@group-2C4BDFE79C19-LeaderElection4] INFO  impl.RoleInfo (RoleInfo.java:shutdownLeaderElection(134)) - 941ad556-bd35-4628-89a8-a1d687f503e2: shutdown LeaderElection
2020-08-02 01:06:16,202 [941ad556-bd35-4628-89a8-a1d687f503e2@group-2C4BDFE79C19-LeaderElection4] INFO  impl.RaftServerImpl (RaftServerImpl.java:setRole(185)) - 941ad556-bd35-4628-89a8-a1d687f503e2@group-2C4BDFE79C19: changes role from CANDIDATE to LEADER at term 1 for changeToLeader
2020-08-02 01:06:16,202 [941ad556-bd35-4628-89a8-a1d687f503e2@group-2C4BDFE79C19-LeaderElection4] INFO  ratis.XceiverServerRatis (XceiverServerRatis.java:handleLeaderChangedNotification(822)) - Leader change notification received for group: group-2C4BDFE79C19 with new leaderId: 941ad556-bd35-4628-89a8-a1d687f503e2
2020-08-02 01:06:16,203 [941ad556-bd35-4628-89a8-a1d687f503e2@group-2C4BDFE79C19-LeaderElection4] INFO  impl.RaftServerImpl (ServerState.java:setLeader(255)) - 941ad556-bd35-4628-89a8-a1d687f503e2@group-2C4BDFE79C19: change Leader from null to 941ad556-bd35-4628-89a8-a1d687f503e2 at term 1 for becomeLeader, leader elected after 5198ms
2020-08-02 01:06:16,203 [Datanode State Machine Thread - 0] WARN  statemachine.DatanodeStateMachine (DatanodeStateMachine.java:start(245)) - Interrupt the execution.
java.lang.InterruptedException: sleep interrupted
	at java.lang.Thread.sleep(Native Method)
	at org.apache.hadoop.ozone.container.common.statemachine.DatanodeStateMachine.start(DatanodeStateMachine.java:243)
	at org.apache.hadoop.ozone.container.common.statemachine.DatanodeStateMachine.lambda$startDaemon$0(DatanodeStateMachine.java:405)
	at java.lang.Thread.run(Thread.java:748)
2020-08-02 01:06:16,208 [grpc-default-executor-0] INFO  ratis.XceiverServerRatis (XceiverServerRatis.java:handleLeaderChangedNotification(822)) - Leader change notification received for group: group-1FD2AC16806C with new leaderId: 7bfd1728-d5ba-4078-b4fb-1a74dfc91dd2
2020-08-02 01:06:16,208 [grpc-default-executor-0] INFO  impl.RaftServerImpl (ServerState.java:setLeader(255)) - 12bd2fc3-fdcb-4beb-b390-582baaaf27fd@group-1FD2AC16806C: change Leader from null to 7bfd1728-d5ba-4078-b4fb-1a74dfc91dd2 at term 1 for appendEntries, leader elected after 5244ms
2020-08-02 01:06:16,209 [grpc-default-executor-1] INFO  ratis.XceiverServerRatis (XceiverServerRatis.java:handleLeaderChangedNotification(822)) - Leader change notification received for group: group-1FD2AC16806C with new leaderId: 7bfd1728-d5ba-4078-b4fb-1a74dfc91dd2
2020-08-02 01:06:16,210 [grpc-default-executor-1] INFO  impl.RaftServerImpl (ServerState.java:setLeader(255)) - 941ad556-bd35-4628-89a8-a1d687f503e2@group-1FD2AC16806C: change Leader from null to 7bfd1728-d5ba-4078-b4fb-1a74dfc91dd2 at term 1 for appendEntries, leader elected after 5030ms
2020-08-02 01:06:16,204 [941ad556-bd35-4628-89a8-a1d687f503e2@group-2C4BDFE79C19-LeaderElection4] INFO  server.RaftServerConfigKeys (ConfUtils.java:logGet(44)) - raft.server.staging.catchup.gap = 1000 (default)
2020-08-02 01:06:16,214 [941ad556-bd35-4628-89a8-a1d687f503e2@group-2C4BDFE79C19-LeaderElection4] INFO  server.RaftServerConfigKeys (ConfUtils.java:logGet(44)) - raft.server.rpc.sleep.time = 25ms (default)
2020-08-02 01:06:16,228 [941ad556-bd35-4628-89a8-a1d687f503e2@group-2C4BDFE79C19-LeaderElection4] INFO  metrics.RatisMetrics (RatisMetrics.java:lambda$create$0(36)) - Creating Metrics Registry : ratis.log_appender.941ad556-bd35-4628-89a8-a1d687f503e2@group-2C4BDFE79C19
2020-08-02 01:06:16,228 [941ad556-bd35-4628-89a8-a1d687f503e2@group-2C4BDFE79C19-LeaderElection4] INFO  server.RaftServerConfigKeys (ConfUtils.java:logGet(44)) - raft.server.write.element-limit = 1024 (custom)
2020-08-02 01:06:16,229 [941ad556-bd35-4628-89a8-a1d687f503e2@group-2C4BDFE79C19-LeaderElection4] INFO  server.RaftServerConfigKeys (ConfUtils.java:logGet(44)) - raft.server.write.byte-limit = 1073741824 (custom)
2020-08-02 01:06:16,229 [941ad556-bd35-4628-89a8-a1d687f503e2@group-2C4BDFE79C19-LeaderElection4] INFO  server.RaftServerConfigKeys (ConfUtils.java:logGet(44)) - raft.server.watch.timeout = 3000ms (custom)
2020-08-02 01:06:16,229 [941ad556-bd35-4628-89a8-a1d687f503e2@group-2C4BDFE79C19-LeaderElection4] INFO  server.RaftServerConfigKeys (ConfUtils.java:logGet(44)) - raft.server.watch.timeout.denomination = 1s (default)
2020-08-02 01:06:16,229 [941ad556-bd35-4628-89a8-a1d687f503e2@group-2C4BDFE79C19-LeaderElection4] INFO  server.RaftServerConfigKeys (ConfUtils.java:logGet(44)) - raft.server.watch.element-limit = 65536 (default)
2020-08-02 01:06:16,229 [941ad556-bd35-4628-89a8-a1d687f503e2@group-2C4BDFE79C19-LeaderElection4] INFO  impl.RoleInfo (RoleInfo.java:updateAndGet(143)) - 941ad556-bd35-4628-89a8-a1d687f503e2: start LeaderState
2020-08-02 01:06:16,230 [941ad556-bd35-4628-89a8-a1d687f503e2@group-2C4BDFE79C19-LeaderElection4] INFO  segmented.SegmentedRaftLogWorker (SegmentedRaftLogWorker.java:startLogSegment(397)) - 941ad556-bd35-4628-89a8-a1d687f503e2@group-2C4BDFE79C19-SegmentedRaftLogWorker: Starting segment from index:0
2020-08-02 01:06:16,237 [grpc-default-executor-1] INFO  impl.RaftServerImpl (ServerState.java:setRaftConf(356)) - 941ad556-bd35-4628-89a8-a1d687f503e2@group-1FD2AC16806C: set configuration 0: [12bd2fc3-fdcb-4beb-b390-582baaaf27fd:172.17.0.2:44863, 941ad556-bd35-4628-89a8-a1d687f503e2:172.17.0.2:34823, 7bfd1728-d5ba-4078-b4fb-1a74dfc91dd2:172.17.0.2:34233], old=null at 0
2020-08-02 01:06:16,237 [grpc-default-executor-1] INFO  segmented.SegmentedRaftLogWorker (SegmentedRaftLogWorker.java:startLogSegment(397)) - 941ad556-bd35-4628-89a8-a1d687f503e2@group-1FD2AC16806C-SegmentedRaftLogWorker: Starting segment from index:0
2020-08-02 01:06:16,240 [941ad556-bd35-4628-89a8-a1d687f503e2@group-2C4BDFE79C19-LeaderElection4] INFO  impl.RaftServerImpl (ServerState.java:setRaftConf(356)) - 941ad556-bd35-4628-89a8-a1d687f503e2@group-2C4BDFE79C19: set configuration 0: [941ad556-bd35-4628-89a8-a1d687f503e2:172.17.0.2:34823], old=null at 0
2020-08-02 01:06:16,256 [grpc-default-executor-1] INFO  impl.RaftServerImpl (ServerState.java:setRaftConf(356)) - 12bd2fc3-fdcb-4beb-b390-582baaaf27fd@group-1FD2AC16806C: set configuration 0: [12bd2fc3-fdcb-4beb-b390-582baaaf27fd:172.17.0.2:44863, 941ad556-bd35-4628-89a8-a1d687f503e2:172.17.0.2:34823, 7bfd1728-d5ba-4078-b4fb-1a74dfc91dd2:172.17.0.2:34233], old=null at 0
2020-08-02 01:06:16,256 [grpc-default-executor-1] INFO  segmented.SegmentedRaftLogWorker (SegmentedRaftLogWorker.java:startLogSegment(397)) - 12bd2fc3-fdcb-4beb-b390-582baaaf27fd@group-1FD2AC16806C-SegmentedRaftLogWorker: Starting segment from index:0
2020-08-02 01:06:16,271 [7bfd1728-d5ba-4078-b4fb-1a74dfc91dd2@group-1FD2AC16806C-SegmentedRaftLogWorker] INFO  segmented.SegmentedRaftLogWorker (SegmentedRaftLogWorker.java:execute(596)) - 7bfd1728-d5ba-4078-b4fb-1a74dfc91dd2@group-1FD2AC16806C-SegmentedRaftLogWorker: created new log segment /github/workspace/mnt/ozone/hadoop-ozone/integration-test/target/test-dir/MiniOzoneClusterImpl-9d2a40a1-9d24-4090-95ed-d86fa5c4585c/datanode-0/data/ratis/52a2303a-ddac-420b-be34-1fd2ac16806c/current/log_inprogress_0
2020-08-02 01:06:16,272 [7bfd1728-d5ba-4078-b4fb-1a74dfc91dd2@group-705F67EDDAE0-SegmentedRaftLogWorker] INFO  segmented.SegmentedRaftLogWorker (SegmentedRaftLogWorker.java:execute(596)) - 7bfd1728-d5ba-4078-b4fb-1a74dfc91dd2@group-705F67EDDAE0-SegmentedRaftLogWorker: created new log segment /github/workspace/mnt/ozone/hadoop-ozone/integration-test/target/test-dir/MiniOzoneClusterImpl-9d2a40a1-9d24-4090-95ed-d86fa5c4585c/datanode-0/data/ratis/1dfc60a3-98b7-4c84-93b7-705f67eddae0/current/log_inprogress_0
2020-08-02 01:06:16,273 [12bd2fc3-fdcb-4beb-b390-582baaaf27fd@group-1FD2AC16806C-SegmentedRaftLogWorker] INFO  segmented.SegmentedRaftLogWorker (SegmentedRaftLogWorker.java:execute(596)) - 12bd2fc3-fdcb-4beb-b390-582baaaf27fd@group-1FD2AC16806C-SegmentedRaftLogWorker: created new log segment /github/workspace/mnt/ozone/hadoop-ozone/integration-test/target/test-dir/MiniOzoneClusterImpl-9d2a40a1-9d24-4090-95ed-d86fa5c4585c/datanode-1/data/ratis/52a2303a-ddac-420b-be34-1fd2ac16806c/current/log_inprogress_0
2020-08-02 01:06:16,273 [941ad556-bd35-4628-89a8-a1d687f503e2@group-2C4BDFE79C19-SegmentedRaftLogWorker] INFO  segmented.SegmentedRaftLogWorker (SegmentedRaftLogWorker.java:execute(596)) - 941ad556-bd35-4628-89a8-a1d687f503e2@group-2C4BDFE79C19-SegmentedRaftLogWorker: created new log segment /github/workspace/mnt/ozone/hadoop-ozone/integration-test/target/test-dir/MiniOzoneClusterImpl-9d2a40a1-9d24-4090-95ed-d86fa5c4585c/datanode-2/data/ratis/ff8efa9a-318f-4530-8956-2c4bdfe79c19/current/log_inprogress_0
2020-08-02 01:06:16,278 [12bd2fc3-fdcb-4beb-b390-582baaaf27fd@group-7303A3BF1482-SegmentedRaftLogWorker] INFO  segmented.SegmentedRaftLogWorker (SegmentedRaftLogWorker.java:execute(596)) - 12bd2fc3-fdcb-4beb-b390-582baaaf27fd@group-7303A3BF1482-SegmentedRaftLogWorker: created new log segment /github/workspace/mnt/ozone/hadoop-ozone/integration-test/target/test-dir/MiniOzoneClusterImpl-9d2a40a1-9d24-4090-95ed-d86fa5c4585c/datanode-1/data/ratis/b8e2cd36-e57f-4809-b70f-7303a3bf1482/current/log_inprogress_0
2020-08-02 01:06:16,279 [941ad556-bd35-4628-89a8-a1d687f503e2@group-1FD2AC16806C-SegmentedRaftLogWorker] INFO  segmented.SegmentedRaftLogWorker (SegmentedRaftLogWorker.java:execute(596)) - 941ad556-bd35-4628-89a8-a1d687f503e2@group-1FD2AC16806C-SegmentedRaftLogWorker: created new log segment /github/workspace/mnt/ozone/hadoop-ozone/integration-test/target/test-dir/MiniOzoneClusterImpl-9d2a40a1-9d24-4090-95ed-d86fa5c4585c/datanode-2/data/ratis/52a2303a-ddac-420b-be34-1fd2ac16806c/current/log_inprogress_0
2020-08-02 01:06:16,970 [Listener at 127.0.0.1/44857] INFO  ozone.MiniOzoneClusterImpl (MiniOzoneClusterImpl.java:lambda$waitForClusterToBeReady$0(177)) - Nodes are ready. Got 3 of 3 DN Heartbeats.
2020-08-02 01:06:16,970 [Listener at 127.0.0.1/44857] INFO  ozone.MiniOzoneClusterImpl (MiniOzoneClusterImpl.java:lambda$waitForClusterToBeReady$0(180)) - Cluster exits safe mode
2020-08-02 01:06:17,400 [Listener at 127.0.0.1/44857] INFO  rpc.RpcClient (RpcClient.java:createVolume(314)) - Creating Volume: testcontainerstatemachinefailures, with jenkins1001 as owner.
2020-08-02 01:06:17,467 [IPC Server handler 6 on default port 44857] INFO  volume.OMVolumeCreateRequest (OMVolumeCreateRequest.java:validateAndUpdateCache(195)) - created volume:testcontainerstatemachinefailures for user:jenkins1001
2020-08-02 01:06:17,487 [Listener at 127.0.0.1/44857] INFO  rpc.RpcClient (RpcClient.java:createBucket(459)) - Creating Bucket: testcontainerstatemachinefailures/testcontainerstatemachinefailures, with Versioning false and Storage Type set to DISK and Encryption set to false 
2020-08-02 01:06:17,656 [Listener at 127.0.0.1/44857] INFO  impl.MetricsSystemImpl (MetricsSystemImpl.java:init(158)) - XceiverClientMetrics metrics system started (again)
2020-08-02 01:06:17,721 [Datanode State Machine Thread - 0] INFO  statemachine.DatanodeStateMachine (DatanodeStateMachine.java:lambda$startDaemon$0(406)) - Ozone container server started.
2020-08-02 01:06:19,165 [EventQueue-Delayed safe mode statusForReplicationManager] INFO  container.ReplicationManager (ReplicationManager.java:start(177)) - Starting Replication Monitor Thread.
2020-08-02 01:06:19,167 [ReplicationMonitor] INFO  container.ReplicationManager (ReplicationManager.java:run(241)) - Replication Monitor Thread took 2 milliseconds for processing 1 containers.
2020-08-02 01:06:19,168 [EventQueue-CloseContainerForCloseContainerEventHandler] INFO  container.CloseContainerEventHandler (CloseContainerEventHandler.java:onMessage(61)) - Close container Event triggered for container : #1
2020-08-02 01:06:19,920 [Command processor thread] ERROR commandhandler.CloseContainerCommandHandler (CloseContainerCommandHandler.java:handle(85)) - Container #1 does not exist in datanode. Container close failed.
2020-08-02 01:06:20,021 [Command processor thread] ERROR commandhandler.CloseContainerCommandHandler (CloseContainerCommandHandler.java:handle(85)) - Container #1 does not exist in datanode. Container close failed.
2020-08-02 01:06:22,672 [Listener at 127.0.0.1/44857] INFO  ozoneimpl.OzoneContainer (OzoneContainer.java:stop(259)) - Attempting to stop container services.
2020-08-02 01:06:22,672 [Listener at 127.0.0.1/44857] INFO  impl.RaftServerProxy (RaftServerProxy.java:lambda$close$4(319)) - 941ad556-bd35-4628-89a8-a1d687f503e2: close
2020-08-02 01:06:22,674 [Listener at 127.0.0.1/44857] INFO  impl.RaftServerImpl (RaftServerImpl.java:lambda$shutdown$3(263)) - 941ad556-bd35-4628-89a8-a1d687f503e2@group-1FD2AC16806C: shutdown
2020-08-02 01:06:22,674 [ForkJoinPool.commonPool-worker-1] INFO  impl.RaftServerImpl (RaftServerImpl.java:lambda$shutdown$3(263)) - 941ad556-bd35-4628-89a8-a1d687f503e2@group-2C4BDFE79C19: shutdown
2020-08-02 01:06:22,674 [Listener at 127.0.0.1/44857] INFO  util.JmxRegister (JmxRegister.java:unregister(73)) - Successfully un-registered JMX Bean with object name Ratis:service=RaftServer,group=group-1FD2AC16806C,id=941ad556-bd35-4628-89a8-a1d687f503e2
2020-08-02 01:06:22,674 [Listener at 127.0.0.1/44857] INFO  impl.RoleInfo (RoleInfo.java:shutdownFollowerState(121)) - 941ad556-bd35-4628-89a8-a1d687f503e2: shutdown FollowerState
2020-08-02 01:06:22,674 [ForkJoinPool.commonPool-worker-1] INFO  util.JmxRegister (JmxRegister.java:unregister(73)) - Successfully un-registered JMX Bean with object name Ratis:service=RaftServer,group=group-2C4BDFE79C19,id=941ad556-bd35-4628-89a8-a1d687f503e2
2020-08-02 01:06:22,675 [Thread-225] INFO  impl.FollowerState (FollowerState.java:run(117)) - 941ad556-bd35-4628-89a8-a1d687f503e2@group-1FD2AC16806C-FollowerState was interrupted: java.lang.InterruptedException: sleep interrupted
2020-08-02 01:06:22,675 [ForkJoinPool.commonPool-worker-1] INFO  impl.RoleInfo (RoleInfo.java:shutdownLeaderState(104)) - 941ad556-bd35-4628-89a8-a1d687f503e2: shutdown LeaderState
2020-08-02 01:06:22,676 [941ad556-bd35-4628-89a8-a1d687f503e2@group-1FD2AC16806C-StateMachineUpdater] INFO  ratis.ContainerStateMachine (ContainerStateMachine.java:takeSnapshot(293)) - group-1FD2AC16806C: Taking a snapshot at:(t:1, i:0) file /github/workspace/mnt/ozone/hadoop-ozone/integration-test/target/test-dir/MiniOzoneClusterImpl-9d2a40a1-9d24-4090-95ed-d86fa5c4585c/datanode-2/data/ratis/52a2303a-ddac-420b-be34-1fd2ac16806c/sm/snapshot.1_0
2020-08-02 01:06:22,676 [ForkJoinPool.commonPool-worker-1] INFO  impl.PendingRequests (PendingRequests.java:sendNotLeaderResponses(249)) - 941ad556-bd35-4628-89a8-a1d687f503e2@group-2C4BDFE79C19-PendingRequests: sendNotLeaderResponses
2020-08-02 01:06:22,677 [ForkJoinPool.commonPool-worker-1] INFO  metrics.RatisMetrics (RatisMetrics.java:unregister(43)) - Unregistering Metrics Registry : ratis.log_appender.941ad556-bd35-4628-89a8-a1d687f503e2@group-2C4BDFE79C19
2020-08-02 01:06:22,678 [ForkJoinPool.commonPool-worker-1] INFO  metrics.RatisMetrics (RatisMetrics.java:unregister(43)) - Unregistering Metrics Registry : ratis.server.941ad556-bd35-4628-89a8-a1d687f503e2@group-2C4BDFE79C19
2020-08-02 01:06:22,680 [Listener at 127.0.0.1/44857] INFO  impl.StateMachineUpdater (StateMachineUpdater.java:stopAndJoin(142)) - 941ad556-bd35-4628-89a8-a1d687f503e2@group-1FD2AC16806C-StateMachineUpdater: set stopIndex = 0
2020-08-02 01:06:22,681 [941ad556-bd35-4628-89a8-a1d687f503e2@group-2C4BDFE79C19-StateMachineUpdater] INFO  ratis.ContainerStateMachine (ContainerStateMachine.java:takeSnapshot(293)) - group-2C4BDFE79C19: Taking a snapshot at:(t:1, i:0) file /github/workspace/mnt/ozone/hadoop-ozone/integration-test/target/test-dir/MiniOzoneClusterImpl-9d2a40a1-9d24-4090-95ed-d86fa5c4585c/datanode-2/data/ratis/ff8efa9a-318f-4530-8956-2c4bdfe79c19/sm/snapshot.1_0
2020-08-02 01:06:22,681 [ForkJoinPool.commonPool-worker-1] INFO  impl.StateMachineUpdater (StateMachineUpdater.java:stopAndJoin(142)) - 941ad556-bd35-4628-89a8-a1d687f503e2@group-2C4BDFE79C19-StateMachineUpdater: set stopIndex = 0
2020-08-02 01:06:22,743 [941ad556-bd35-4628-89a8-a1d687f503e2@group-1FD2AC16806C-StateMachineUpdater] INFO  ratis.ContainerStateMachine (ContainerStateMachine.java:takeSnapshot(304)) - group-1FD2AC16806C: Finished taking a snapshot at:(t:1, i:0) file:/github/workspace/mnt/ozone/hadoop-ozone/integration-test/target/test-dir/MiniOzoneClusterImpl-9d2a40a1-9d24-4090-95ed-d86fa5c4585c/datanode-2/data/ratis/52a2303a-ddac-420b-be34-1fd2ac16806c/sm/snapshot.1_0 time:67
2020-08-02 01:06:22,744 [941ad556-bd35-4628-89a8-a1d687f503e2@group-1FD2AC16806C-StateMachineUpdater] INFO  impl.StateMachineUpdater (StateMachineUpdater.java:takeSnapshot(277)) - 941ad556-bd35-4628-89a8-a1d687f503e2@group-1FD2AC16806C-StateMachineUpdater: Took a snapshot at index 0
2020-08-02 01:06:22,744 [941ad556-bd35-4628-89a8-a1d687f503e2@group-1FD2AC16806C-StateMachineUpdater] INFO  impl.StateMachineUpdater (StateMachineUpdater.java:lambda$new$0(87)) - 941ad556-bd35-4628-89a8-a1d687f503e2@group-1FD2AC16806C-StateMachineUpdater: snapshotIndex: updateIncreasingly -1 -> 0
2020-08-02 01:06:22,746 [941ad556-bd35-4628-89a8-a1d687f503e2@group-2C4BDFE79C19-StateMachineUpdater] INFO  ratis.ContainerStateMachine (ContainerStateMachine.java:takeSnapshot(304)) - group-2C4BDFE79C19: Finished taking a snapshot at:(t:1, i:0) file:/github/workspace/mnt/ozone/hadoop-ozone/integration-test/target/test-dir/MiniOzoneClusterImpl-9d2a40a1-9d24-4090-95ed-d86fa5c4585c/datanode-2/data/ratis/ff8efa9a-318f-4530-8956-2c4bdfe79c19/sm/snapshot.1_0 time:63
2020-08-02 01:06:22,747 [941ad556-bd35-4628-89a8-a1d687f503e2@group-1FD2AC16806C-StateMachineUpdater] INFO  metrics.RatisMetrics (RatisMetrics.java:unregister(43)) - Unregistering Metrics Registry : ratis.state_machine.941ad556-bd35-4628-89a8-a1d687f503e2@group-1FD2AC16806C
2020-08-02 01:06:22,747 [941ad556-bd35-4628-89a8-a1d687f503e2@group-2C4BDFE79C19-StateMachineUpdater] INFO  impl.StateMachineUpdater (StateMachineUpdater.java:takeSnapshot(277)) - 941ad556-bd35-4628-89a8-a1d687f503e2@group-2C4BDFE79C19-StateMachineUpdater: Took a snapshot at index 0
2020-08-02 01:06:22,747 [941ad556-bd35-4628-89a8-a1d687f503e2@group-2C4BDFE79C19-StateMachineUpdater] INFO  impl.StateMachineUpdater (StateMachineUpdater.java:lambda$new$0(87)) - 941ad556-bd35-4628-89a8-a1d687f503e2@group-2C4BDFE79C19-StateMachineUpdater: snapshotIndex: updateIncreasingly -1 -> 0
2020-08-02 01:06:22,748 [Listener at 127.0.0.1/44857] INFO  impl.RaftServerImpl (ServerState.java:close(387)) - 941ad556-bd35-4628-89a8-a1d687f503e2@group-1FD2AC16806C: closes. applyIndex: 0
2020-08-02 01:06:22,749 [941ad556-bd35-4628-89a8-a1d687f503e2@group-2C4BDFE79C19-StateMachineUpdater] INFO  metrics.RatisMetrics (RatisMetrics.java:unregister(43)) - Unregistering Metrics Registry : ratis.state_machine.941ad556-bd35-4628-89a8-a1d687f503e2@group-2C4BDFE79C19
2020-08-02 01:06:22,749 [941ad556-bd35-4628-89a8-a1d687f503e2@group-1FD2AC16806C-SegmentedRaftLogWorker] INFO  segmented.SegmentedRaftLogWorker (SegmentedRaftLogWorker.java:run(327)) - 941ad556-bd35-4628-89a8-a1d687f503e2@group-1FD2AC16806C-SegmentedRaftLogWorker was interrupted, exiting. There are 0 tasks remaining in the queue.
2020-08-02 01:06:22,750 [Listener at 127.0.0.1/44857] INFO  segmented.SegmentedRaftLogWorker (SegmentedRaftLogWorker.java:close(234)) - 941ad556-bd35-4628-89a8-a1d687f503e2@group-1FD2AC16806C-SegmentedRaftLogWorker close()
2020-08-02 01:06:22,751 [Listener at 127.0.0.1/44857] INFO  metrics.RatisMetrics (RatisMetrics.java:unregister(43)) - Unregistering Metrics Registry : ratis.log_worker.941ad556-bd35-4628-89a8-a1d687f503e2@group-1FD2AC16806C
2020-08-02 01:06:22,751 [Listener at 127.0.0.1/44857] INFO  metrics.RatisMetrics (RatisMetrics.java:unregister(43)) - Unregistering Metrics Registry : ratis.leader_election.941ad556-bd35-4628-89a8-a1d687f503e2@group-1FD2AC16806C
2020-08-02 01:06:22,751 [Listener at 127.0.0.1/44857] INFO  metrics.RatisMetrics (RatisMetrics.java:unregister(43)) - Unregistering Metrics Registry : ratis.server.941ad556-bd35-4628-89a8-a1d687f503e2@group-1FD2AC16806C
2020-08-02 01:06:22,752 [ForkJoinPool.commonPool-worker-1] INFO  impl.RaftServerImpl (ServerState.java:close(387)) - 941ad556-bd35-4628-89a8-a1d687f503e2@group-2C4BDFE79C19: closes. applyIndex: 0
2020-08-02 01:06:22,752 [941ad556-bd35-4628-89a8-a1d687f503e2@group-2C4BDFE79C19-SegmentedRaftLogWorker] INFO  segmented.SegmentedRaftLogWorker (SegmentedRaftLogWorker.java:run(327)) - 941ad556-bd35-4628-89a8-a1d687f503e2@group-2C4BDFE79C19-SegmentedRaftLogWorker was interrupted, exiting. There are 0 tasks remaining in the queue.
2020-08-02 01:06:22,753 [ForkJoinPool.commonPool-worker-1] INFO  segmented.SegmentedRaftLogWorker (SegmentedRaftLogWorker.java:close(234)) - 941ad556-bd35-4628-89a8-a1d687f503e2@group-2C4BDFE79C19-SegmentedRaftLogWorker close()
2020-08-02 01:06:22,753 [ForkJoinPool.commonPool-worker-1] INFO  metrics.RatisMetrics (RatisMetrics.java:unregister(43)) - Unregistering Metrics Registry : ratis.log_worker.941ad556-bd35-4628-89a8-a1d687f503e2@group-2C4BDFE79C19
2020-08-02 01:06:22,753 [ForkJoinPool.commonPool-worker-1] INFO  metrics.RatisMetrics (RatisMetrics.java:unregister(43)) - Unregistering Metrics Registry : ratis.leader_election.941ad556-bd35-4628-89a8-a1d687f503e2@group-2C4BDFE79C19
2020-08-02 01:06:22,753 [ForkJoinPool.commonPool-worker-1] INFO  metrics.RatisMetrics (RatisMetrics.java:unregister(43)) - Unregistering Metrics Registry : ratis.server.941ad556-bd35-4628-89a8-a1d687f503e2@group-2C4BDFE79C19
2020-08-02 01:06:22,754 [Listener at 127.0.0.1/44857] INFO  server.GrpcService (GrpcService.java:closeImpl(166)) - 941ad556-bd35-4628-89a8-a1d687f503e2: shutdown server with port 34823 now
2020-08-02 01:06:22,762 [grpc-default-executor-1] WARN  server.GrpcServerProtocolService (LogUtils.java:warn(122)) - 941ad556-bd35-4628-89a8-a1d687f503e2: installSnapshot onError, lastRequest: 7bfd1728-d5ba-4078-b4fb-1a74dfc91dd2->941ad556-bd35-4628-89a8-a1d687f503e2#1-t1, previous=(t:0, i:0), leaderCommit=-1, initializing? false, entries: size=1, first=(t:1, i:0), CONFIGURATIONENTRY: org.apache.ratis.thirdparty.io.grpc.StatusRuntimeException: CANCELLED: cancelled before receiving half close
2020-08-02 01:06:22,764 [Listener at 127.0.0.1/44857] INFO  server.GrpcService (GrpcService.java:closeImpl(174)) - 941ad556-bd35-4628-89a8-a1d687f503e2: shutdown server with port 34823 successfully
2020-08-02 01:06:22,765 [grpc-default-executor-1] WARN  server.GrpcLogAppender (LogUtils.java:warn(122)) - 7bfd1728-d5ba-4078-b4fb-1a74dfc91dd2@group-1FD2AC16806C->941ad556-bd35-4628-89a8-a1d687f503e2-AppendLogResponseHandler: Failed appendEntries: org.apache.ratis.thirdparty.io.grpc.StatusRuntimeException: CANCELLED: HTTP/2 error code: CANCEL
Received Rst Stream
2020-08-02 01:06:22,769 [grpc-default-executor-1] INFO  impl.FollowerInfo (FollowerInfo.java:lambda$new$0(51)) - 7bfd1728-d5ba-4078-b4fb-1a74dfc91dd2@group-1FD2AC16806C->941ad556-bd35-4628-89a8-a1d687f503e2: nextIndex: updateUnconditionally 1 -> 0
2020-08-02 01:06:22,769 [Listener at 127.0.0.1/44857] INFO  utils.BackgroundService (BackgroundService.java:shutdown(157)) - Shutting down service BlockDeletingService
2020-08-02 01:06:22,772 [Listener at 127.0.0.1/44857] INFO  statemachine.DatanodeStateMachine (DatanodeStateMachine.java:stopDaemon(454)) - Ozone container server stopped.
2020-08-02 01:06:22,780 [Listener at 127.0.0.1/44857] INFO  handler.ContextHandler (ContextHandler.java:doStop(1016)) - Stopped o.e.j.w.WebAppContext@6461c673{hddsDatanode,/,null,UNAVAILABLE}{jar:file:/home/user/.m2/repository/org/apache/hadoop/hadoop-hdds-container-service/0.6.0-SNAPSHOT/hadoop-hdds-container-service-0.6.0-SNAPSHOT.jar!/webapps/hddsDatanode}
2020-08-02 01:06:22,783 [Listener at 127.0.0.1/44857] INFO  server.AbstractConnector (AbstractConnector.java:doStop(380)) - Stopped ServerConnector@76d654{HTTP/1.1,[http/1.1]}{0.0.0.0:0}
2020-08-02 01:06:22,783 [Listener at 127.0.0.1/44857] INFO  server.session (HouseKeeper.java:stopScavenging(158)) - node0 Stopped scavenging
2020-08-02 01:06:22,784 [Listener at 127.0.0.1/44857] INFO  handler.ContextHandler (ContextHandler.java:doStop(1016)) - Stopped o.e.j.s.ServletContextHandler@f1e8753{static,/static,jar:file:/home/user/.m2/repository/org/apache/hadoop/hadoop-hdds-container-service/0.6.0-SNAPSHOT/hadoop-hdds-container-service-0.6.0-SNAPSHOT.jar!/webapps/static,UNAVAILABLE}
2020-08-02 01:06:22,784 [Listener at 127.0.0.1/44857] INFO  handler.ContextHandler (ContextHandler.java:doStop(1016)) - Stopped o.e.j.s.ServletContextHandler@13c36d48{logs,/logs,file:///github/workspace/mnt/ozone/hadoop-ozone/integration-test/target/log,UNAVAILABLE}
2020-08-02 01:06:22,960 [grpc-default-executor-1] WARN  server.GrpcLogAppender (LogUtils.java:warn(122)) - 7bfd1728-d5ba-4078-b4fb-1a74dfc91dd2@group-1FD2AC16806C->941ad556-bd35-4628-89a8-a1d687f503e2-AppendLogResponseHandler: Failed appendEntries: org.apache.ratis.thirdparty.io.grpc.StatusRuntimeException: UNAVAILABLE: io exception
2020-08-02 01:06:22,976 [grpc-default-executor-1] INFO  impl.FollowerInfo (FollowerInfo.java:lambda$new$0(51)) - 7bfd1728-d5ba-4078-b4fb-1a74dfc91dd2@group-1FD2AC16806C->941ad556-bd35-4628-89a8-a1d687f503e2: nextIndex: updateUnconditionally 1 -> 0
2020-08-02 01:06:23,049 [Datanode State Machine Thread - 0] WARN  statemachine.DatanodeStateMachine (DatanodeStateMachine.java:start(245)) - Interrupt the execution.
java.lang.InterruptedException: sleep interrupted
	at java.lang.Thread.sleep(Native Method)
	at org.apache.hadoop.ozone.container.common.statemachine.DatanodeStateMachine.start(DatanodeStateMachine.java:243)
	at org.apache.hadoop.ozone.container.common.statemachine.DatanodeStateMachine.lambda$startDaemon$0(DatanodeStateMachine.java:405)
	at java.lang.Thread.run(Thread.java:748)
2020-08-02 01:06:23,056 [Datanode State Machine Thread - 0] WARN  statemachine.DatanodeStateMachine (DatanodeStateMachine.java:start(245)) - Interrupt the execution.
java.lang.InterruptedException: sleep interrupted
	at java.lang.Thread.sleep(Native Method)
	at org.apache.hadoop.ozone.container.common.statemachine.DatanodeStateMachine.start(DatanodeStateMachine.java:243)
	at org.apache.hadoop.ozone.container.common.statemachine.DatanodeStateMachine.lambda$startDaemon$0(DatanodeStateMachine.java:405)
	at java.lang.Thread.run(Thread.java:748)
2020-08-02 01:06:23,113 [grpc-default-executor-0] WARN  server.GrpcLogAppender (LogUtils.java:warn(122)) - 7bfd1728-d5ba-4078-b4fb-1a74dfc91dd2@group-1FD2AC16806C->941ad556-bd35-4628-89a8-a1d687f503e2-AppendLogResponseHandler: Failed appendEntries: org.apache.ratis.thirdparty.io.grpc.StatusRuntimeException: UNAVAILABLE: io exception
2020-08-02 01:06:23,137 [grpc-default-executor-0] INFO  impl.FollowerInfo (FollowerInfo.java:lambda$new$0(51)) - 7bfd1728-d5ba-4078-b4fb-1a74dfc91dd2@group-1FD2AC16806C->941ad556-bd35-4628-89a8-a1d687f503e2: nextIndex: updateUnconditionally 1 -> 0
2020-08-02 01:06:23,145 [grpc-default-executor-2] WARN  server.GrpcLogAppender (LogUtils.java:warn(122)) - 7bfd1728-d5ba-4078-b4fb-1a74dfc91dd2@group-1FD2AC16806C->941ad556-bd35-4628-89a8-a1d687f503e2-AppendLogResponseHandler: Failed appendEntries: org.apache.ratis.thirdparty.io.grpc.StatusRuntimeException: UNAVAILABLE: io exception
2020-08-02 01:06:23,153 [grpc-default-executor-2] INFO  impl.FollowerInfo (FollowerInfo.java:lambda$new$0(51)) - 7bfd1728-d5ba-4078-b4fb-1a74dfc91dd2@group-1FD2AC16806C->941ad556-bd35-4628-89a8-a1d687f503e2: nextIndex: updateUnconditionally 1 -> 0
2020-08-02 01:06:23,163 [grpc-default-executor-2] WARN  server.GrpcLogAppender (LogUtils.java:warn(122)) - 7bfd1728-d5ba-4078-b4fb-1a74dfc91dd2@group-1FD2AC16806C->941ad556-bd35-4628-89a8-a1d687f503e2-AppendLogResponseHandler: Failed appendEntries: org.apache.ratis.thirdparty.io.grpc.StatusRuntimeException: UNAVAILABLE: io exception
2020-08-02 01:06:23,164 [grpc-default-executor-2] INFO  impl.FollowerInfo (FollowerInfo.java:lambda$new$0(51)) - 7bfd1728-d5ba-4078-b4fb-1a74dfc91dd2@group-1FD2AC16806C->941ad556-bd35-4628-89a8-a1d687f503e2: nextIndex: updateUnconditionally 1 -> 0
2020-08-02 01:06:25,665 [grpc-default-executor-0] WARN  server.GrpcLogAppender (LogUtils.java:warn(122)) - 7bfd1728-d5ba-4078-b4fb-1a74dfc91dd2@group-1FD2AC16806C->941ad556-bd35-4628-89a8-a1d687f503e2-AppendLogResponseHandler: Failed appendEntries: org.apache.ratis.thirdparty.io.grpc.StatusRuntimeException: UNAVAILABLE: io exception
2020-08-02 01:06:25,666 [grpc-default-executor-0] INFO  impl.FollowerInfo (FollowerInfo.java:lambda$new$0(51)) - 7bfd1728-d5ba-4078-b4fb-1a74dfc91dd2@group-1FD2AC16806C->941ad556-bd35-4628-89a8-a1d687f503e2: nextIndex: updateUnconditionally 1 -> 0
2020-08-02 01:06:26,927 [Thread-260] INFO  client.GrpcClientProtocolService (GrpcClientProtocolService.java:lambda$processClientRequest$0(283)) - Failed RaftClientRequest:client-1CEBDEDD72F3->7bfd1728-d5ba-4078-b4fb-1a74dfc91dd2@group-1FD2AC16806C, cid=9, seq=0, Watch-ALL_COMMITTED(2), Message:<EMPTY>, reply=RaftClientReply:client-1CEBDEDD72F3->7bfd1728-d5ba-4078-b4fb-1a74dfc91dd2@group-1FD2AC16806C, cid=9, FAILED org.apache.ratis.protocol.NotReplicatedException: Request with call Id 9 and log index 2 is not yet replicated to ALL_COMMITTED, logIndex=2, commits[7bfd1728-d5ba-4078-b4fb-1a74dfc91dd2:c4, 12bd2fc3-fdcb-4beb-b390-582baaaf27fd:c4, 941ad556-bd35-4628-89a8-a1d687f503e2:c0]
2020-08-02 01:06:26,933 [Listener at 127.0.0.1/44857] WARN  scm.XceiverClientRatis (XceiverClientRatis.java:watchForCommit(265)) - 3 way commit failed on pipeline Pipeline[ Id: 52a2303a-ddac-420b-be34-1fd2ac16806c, Nodes: 7bfd1728-d5ba-4078-b4fb-1a74dfc91dd2{ip: 172.17.0.2, host: cde6132c9c6b, networkLocation: /default-rack, certSerialId: null}12bd2fc3-fdcb-4beb-b390-582baaaf27fd{ip: 172.17.0.2, host: cde6132c9c6b, networkLocation: /default-rack, certSerialId: null}941ad556-bd35-4628-89a8-a1d687f503e2{ip: 172.17.0.2, host: cde6132c9c6b, networkLocation: /default-rack, certSerialId: null}, Type:RATIS, Factor:THREE, State:OPEN, leaderId:7bfd1728-d5ba-4078-b4fb-1a74dfc91dd2, CreationTimestamp2020-08-02T01:06:07.981Z]
java.util.concurrent.ExecutionException: org.apache.ratis.protocol.NotReplicatedException: Request with call Id 9 and log index 2 is not yet replicated to ALL_COMMITTED
	at java.util.concurrent.CompletableFuture.reportGet(CompletableFuture.java:357)
	at java.util.concurrent.CompletableFuture.get(CompletableFuture.java:1908)
	at org.apache.hadoop.hdds.scm.XceiverClientRatis.watchForCommit(XceiverClientRatis.java:262)
	at org.apache.hadoop.hdds.scm.storage.CommitWatcher.watchForCommit(CommitWatcher.java:190)
	at org.apache.hadoop.hdds.scm.storage.CommitWatcher.watchOnLastIndex(CommitWatcher.java:157)
	at org.apache.hadoop.hdds.scm.storage.BlockOutputStream.watchForCommit(BlockOutputStream.java:351)
	at org.apache.hadoop.hdds.scm.storage.BlockOutputStream.handleFlush(BlockOutputStream.java:500)
	at org.apache.hadoop.hdds.scm.storage.BlockOutputStream.close(BlockOutputStream.java:514)
	at org.apache.hadoop.ozone.client.io.BlockOutputStreamEntry.close(BlockOutputStreamEntry.java:149)
	at org.apache.hadoop.ozone.client.io.KeyOutputStream.handleStreamAction(KeyOutputStream.java:483)
	at org.apache.hadoop.ozone.client.io.KeyOutputStream.handleFlushOrClose(KeyOutputStream.java:457)
	at org.apache.hadoop.ozone.client.io.KeyOutputStream.close(KeyOutputStream.java:510)
	at org.apache.hadoop.ozone.client.io.OzoneOutputStream.close(OzoneOutputStream.java:60)
	at org.apache.hadoop.ozone.client.rpc.TestDeleteWithSlowFollower.testDeleteKeyWithSlowFollower(TestDeleteWithSlowFollower.java:224)
	at sun.reflect.NativeMethodAccessorImpl.invoke0(Native Method)
	at sun.reflect.NativeMethodAccessorImpl.invoke(NativeMethodAccessorImpl.java:62)
	at sun.reflect.DelegatingMethodAccessorImpl.invoke(DelegatingMethodAccessorImpl.java:43)
	at java.lang.reflect.Method.invoke(Method.java:498)
	at org.junit.runners.model.FrameworkMethod$1.runReflectiveCall(FrameworkMethod.java:47)
	at org.junit.internal.runners.model.ReflectiveCallable.run(ReflectiveCallable.java:12)
	at org.junit.runners.model.FrameworkMethod.invokeExplosively(FrameworkMethod.java:44)
	at org.junit.internal.runners.statements.InvokeMethod.evaluate(InvokeMethod.java:17)
	at org.junit.runners.ParentRunner.runLeaf(ParentRunner.java:271)
	at org.junit.runners.BlockJUnit4ClassRunner.runChild(BlockJUnit4ClassRunner.java:70)
	at org.junit.runners.BlockJUnit4ClassRunner.runChild(BlockJUnit4ClassRunner.java:50)
	at org.junit.runners.ParentRunner$3.run(ParentRunner.java:238)
	at org.junit.runners.ParentRunner$1.schedule(ParentRunner.java:63)
	at org.junit.runners.ParentRunner.runChildren(ParentRunner.java:236)
	at org.junit.runners.ParentRunner.access$000(ParentRunner.java:53)
	at org.junit.runners.ParentRunner$2.evaluate(ParentRunner.java:229)
	at org.junit.internal.runners.statements.RunBefores.evaluate(RunBefores.java:26)
	at org.junit.internal.runners.statements.RunAfters.evaluate(RunAfters.java:27)
	at org.junit.runners.ParentRunner.run(ParentRunner.java:309)
	at org.apache.maven.surefire.junit4.JUnit4Provider.execute(JUnit4Provider.java:365)
	at org.apache.maven.surefire.junit4.JUnit4Provider.executeWithRerun(JUnit4Provider.java:273)
	at org.apache.maven.surefire.junit4.JUnit4Provider.executeTestSet(JUnit4Provider.java:238)
	at org.apache.maven.surefire.junit4.JUnit4Provider.invoke(JUnit4Provider.java:159)
	at org.apache.maven.surefire.booter.ForkedBooter.invokeProviderInSameClassLoader(ForkedBooter.java:384)
	at org.apache.maven.surefire.booter.ForkedBooter.runSuitesInProcess(ForkedBooter.java:345)
	at org.apache.maven.surefire.booter.ForkedBooter.execute(ForkedBooter.java:126)
	at org.apache.maven.surefire.booter.ForkedBooter.main(ForkedBooter.java:418)
Caused by: org.apache.ratis.protocol.NotReplicatedException: Request with call Id 9 and log index 2 is not yet replicated to ALL_COMMITTED
	at org.apache.ratis.client.impl.ClientProtoUtils.toRaftClientReply(ClientProtoUtils.java:274)
	at org.apache.ratis.grpc.client.GrpcClientProtocolClient$AsyncStreamObservers$1.onNext(GrpcClientProtocolClient.java:268)
	at org.apache.ratis.grpc.client.GrpcClientProtocolClient$AsyncStreamObservers$1.onNext(GrpcClientProtocolClient.java:263)
	at org.apache.ratis.thirdparty.io.grpc.stub.ClientCalls$StreamObserverToCallListenerAdapter.onMessage(ClientCalls.java:440)
	at org.apache.ratis.thirdparty.io.grpc.internal.ClientCallImpl$ClientStreamListenerImpl$1MessagesAvailable.runInternal(ClientCallImpl.java:658)
	at org.apache.ratis.thirdparty.io.grpc.internal.ClientCallImpl$ClientStreamListenerImpl$1MessagesAvailable.runInContext(ClientCallImpl.java:643)
	at org.apache.ratis.thirdparty.io.grpc.internal.ContextRunnable.run(ContextRunnable.java:37)
	at org.apache.ratis.thirdparty.io.grpc.internal.SerializingExecutor.run(SerializingExecutor.java:123)
	at java.util.concurrent.ThreadPoolExecutor.runWorker(ThreadPoolExecutor.java:1149)
	at java.util.concurrent.ThreadPoolExecutor$Worker.run(ThreadPoolExecutor.java:624)
	at java.lang.Thread.run(Thread.java:748)
2020-08-02 01:06:26,937 [Listener at 127.0.0.1/44857] INFO  scm.XceiverClientRatis (XceiverClientRatis.java:lambda$watchForCommit$6(283)) - Could not commit index 2 on pipeline Pipeline[ Id: 52a2303a-ddac-420b-be34-1fd2ac16806c, Nodes: 7bfd1728-d5ba-4078-b4fb-1a74dfc91dd2{ip: 172.17.0.2, host: cde6132c9c6b, networkLocation: /default-rack, certSerialId: null}12bd2fc3-fdcb-4beb-b390-582baaaf27fd{ip: 172.17.0.2, host: cde6132c9c6b, networkLocation: /default-rack, certSerialId: null}941ad556-bd35-4628-89a8-a1d687f503e2{ip: 172.17.0.2, host: cde6132c9c6b, networkLocation: /default-rack, certSerialId: null}, Type:RATIS, Factor:THREE, State:OPEN, leaderId:7bfd1728-d5ba-4078-b4fb-1a74dfc91dd2, CreationTimestamp2020-08-02T01:06:07.981Z] to all the nodes. Server 941ad556-bd35-4628-89a8-a1d687f503e2 has failed. Committed by majority.
2020-08-02 01:06:26,938 [Listener at 127.0.0.1/44857] WARN  storage.BlockOutputStream (BlockOutputStream.java:watchForCommit(357)) - Failed to commit BlockId conID: 1 locID: 104617107624820736 bcsId: 2 on Pipeline[ Id: 52a2303a-ddac-420b-be34-1fd2ac16806c, Nodes: 7bfd1728-d5ba-4078-b4fb-1a74dfc91dd2{ip: 172.17.0.2, host: cde6132c9c6b, networkLocation: /default-rack, certSerialId: null}12bd2fc3-fdcb-4beb-b390-582baaaf27fd{ip: 172.17.0.2, host: cde6132c9c6b, networkLocation: /default-rack, certSerialId: null}941ad556-bd35-4628-89a8-a1d687f503e2{ip: 172.17.0.2, host: cde6132c9c6b, networkLocation: /default-rack, certSerialId: null}, Type:RATIS, Factor:THREE, State:OPEN, leaderId:7bfd1728-d5ba-4078-b4fb-1a74dfc91dd2, CreationTimestamp2020-08-02T01:06:07.981Z]. Failed nodes: [941ad556-bd35-4628-89a8-a1d687f503e2{ip: null, host: null, networkLocation: /default-rack, certSerialId: null}]
2020-08-02 01:06:26,971 [grpc-default-executor-2] WARN  server.GrpcLogAppender (LogUtils.java:warn(122)) - 7bfd1728-d5ba-4078-b4fb-1a74dfc91dd2@group-1FD2AC16806C->941ad556-bd35-4628-89a8-a1d687f503e2-AppendLogResponseHandler: Failed appendEntries: org.apache.ratis.thirdparty.io.grpc.StatusRuntimeException: UNAVAILABLE: io exception
2020-08-02 01:06:26,972 [grpc-default-executor-2] INFO  impl.FollowerInfo (FollowerInfo.java:lambda$new$0(51)) - 7bfd1728-d5ba-4078-b4fb-1a74dfc91dd2@group-1FD2AC16806C->941ad556-bd35-4628-89a8-a1d687f503e2: nextIndex: updateUnconditionally 1 -> 0
2020-08-02 01:06:26,979 [Datanode State Machine Thread - 0] WARN  statemachine.DatanodeStateMachine (DatanodeStateMachine.java:start(245)) - Interrupt the execution.
java.lang.InterruptedException: sleep interrupted
	at java.lang.Thread.sleep(Native Method)
	at org.apache.hadoop.ozone.container.common.statemachine.DatanodeStateMachine.start(DatanodeStateMachine.java:243)
	at org.apache.hadoop.ozone.container.common.statemachine.DatanodeStateMachine.lambda$startDaemon$0(DatanodeStateMachine.java:405)
	at java.lang.Thread.run(Thread.java:748)
2020-08-02 01:06:26,983 [grpc-default-executor-1] WARN  server.GrpcLogAppender (LogUtils.java:warn(122)) - 7bfd1728-d5ba-4078-b4fb-1a74dfc91dd2@group-1FD2AC16806C->941ad556-bd35-4628-89a8-a1d687f503e2-AppendLogResponseHandler: Failed appendEntries: org.apache.ratis.thirdparty.io.grpc.StatusRuntimeException: UNAVAILABLE: io exception
2020-08-02 01:06:26,983 [RatisApplyTransactionExecutor 1] INFO  interfaces.Container (KeyValueContainer.java:flushAndSyncDB(382)) - Container 1 is synced with bcsId 2.
2020-08-02 01:06:26,983 [grpc-default-executor-1] INFO  impl.FollowerInfo (FollowerInfo.java:lambda$new$0(51)) - 7bfd1728-d5ba-4078-b4fb-1a74dfc91dd2@group-1FD2AC16806C->941ad556-bd35-4628-89a8-a1d687f503e2: nextIndex: updateUnconditionally 1 -> 0
2020-08-02 01:06:26,984 [RatisApplyTransactionExecutor 1] INFO  interfaces.Container (KeyValueContainer.java:flushAndSyncDB(382)) - Container 1 is synced with bcsId 2.
2020-08-02 01:06:26,992 [Datanode State Machine Thread - 0] WARN  statemachine.DatanodeStateMachine (DatanodeStateMachine.java:start(245)) - Interrupt the execution.
java.lang.InterruptedException: sleep interrupted
	at java.lang.Thread.sleep(Native Method)
	at org.apache.hadoop.ozone.container.common.statemachine.DatanodeStateMachine.start(DatanodeStateMachine.java:243)
	at org.apache.hadoop.ozone.container.common.statemachine.DatanodeStateMachine.lambda$startDaemon$0(DatanodeStateMachine.java:405)
	at java.lang.Thread.run(Thread.java:748)
2020-08-02 01:06:26,993 [RatisApplyTransactionExecutor 1] INFO  interfaces.Container (KeyValueContainer.java:flushAndSyncDB(382)) - Container 1 is synced with bcsId 2.
2020-08-02 01:06:26,994 [RatisApplyTransactionExecutor 1] INFO  interfaces.Container (KeyValueContainer.java:flushAndSyncDB(382)) - Container 1 is synced with bcsId 2.
2020-08-02 01:06:27,005 [grpc-default-executor-0] WARN  server.GrpcLogAppender (LogUtils.java:warn(122)) - 7bfd1728-d5ba-4078-b4fb-1a74dfc91dd2@group-1FD2AC16806C->941ad556-bd35-4628-89a8-a1d687f503e2-AppendLogResponseHandler: Failed appendEntries: org.apache.ratis.thirdparty.io.grpc.StatusRuntimeException: UNAVAILABLE: io exception
2020-08-02 01:06:27,006 [RatisApplyTransactionExecutor 1] INFO  interfaces.Container (KeyValueContainer.java:close(320)) - Container 1 is closed with bcsId 2.
2020-08-02 01:06:27,006 [Datanode State Machine Thread - 0] WARN  statemachine.DatanodeStateMachine (DatanodeStateMachine.java:start(245)) - Interrupt the execution.
java.lang.InterruptedException: sleep interrupted
	at java.lang.Thread.sleep(Native Method)
	at org.apache.hadoop.ozone.container.common.statemachine.DatanodeStateMachine.start(DatanodeStateMachine.java:243)
	at org.apache.hadoop.ozone.container.common.statemachine.DatanodeStateMachine.lambda$startDaemon$0(DatanodeStateMachine.java:405)
	at java.lang.Thread.run(Thread.java:748)
2020-08-02 01:06:27,007 [EventQueue-IncrementalContainerReportForIncrementalContainerReportHandler] INFO  container.IncrementalContainerReportHandler (AbstractContainerReportHandler.java:updateContainerState(171)) - Moving container #1 to CLOSED state, datanode 7bfd1728-d5ba-4078-b4fb-1a74dfc91dd2{ip: 172.17.0.2, host: cde6132c9c6b, networkLocation: /default-rack, certSerialId: null} reported CLOSED replica.
2020-08-02 01:06:27,010 [grpc-default-executor-0] INFO  impl.FollowerInfo (FollowerInfo.java:lambda$new$0(51)) - 7bfd1728-d5ba-4078-b4fb-1a74dfc91dd2@group-1FD2AC16806C->941ad556-bd35-4628-89a8-a1d687f503e2: nextIndex: updateUnconditionally 1 -> 0
2020-08-02 01:06:27,011 [RatisApplyTransactionExecutor 1] INFO  interfaces.Container (KeyValueContainer.java:close(320)) - Container 1 is closed with bcsId 2.
2020-08-02 01:06:27,011 [Datanode State Machine Thread - 0] WARN  statemachine.DatanodeStateMachine (DatanodeStateMachine.java:start(245)) - Interrupt the execution.
java.lang.InterruptedException: sleep interrupted
	at java.lang.Thread.sleep(Native Method)
	at org.apache.hadoop.ozone.container.common.statemachine.DatanodeStateMachine.start(DatanodeStateMachine.java:243)
	at org.apache.hadoop.ozone.container.common.statemachine.DatanodeStateMachine.lambda$startDaemon$0(DatanodeStateMachine.java:405)
	at java.lang.Thread.run(Thread.java:748)
2020-08-02 01:06:27,656 [IPC Server handler 9 on default port 43643] INFO  server.SCMBlockProtocolServer (SCMBlockProtocolServer.java:deleteKeyBlocks(220)) - SCM is informed by OM to delete 1 blocks
2020-08-02 01:06:27,656 [IPC Server handler 9 on default port 43643] INFO  block.BlockManagerImpl (BlockManagerImpl.java:deleteBlocks(290)) - Deleting blocks conID: 1 locID: 104617107624820736 bcsId: 0
2020-08-02 01:06:27,755 [BlockDeletingService#2] WARN  background.BlockDeletingService (BlockDeletingService.java:isDeletionAllowed(186)) - Close Container log Index 2 is not replicated across all the servers in the pipeline 52a2303a-ddac-420b-be34-1fd2ac16806c as the min replicated index is 0. Deletion is not allowed in this container yet.
2020-08-02 01:06:27,835 [BlockDeletingService#2] WARN  background.BlockDeletingService (BlockDeletingService.java:isDeletionAllowed(186)) - Close Container log Index 2 is not replicated across all the servers in the pipeline 52a2303a-ddac-420b-be34-1fd2ac16806c as the min replicated index is 0. Deletion is not allowed in this container yet.
2020-08-02 01:06:28,465 [SCMBlockDeletingService#0] INFO  block.SCMBlockDeletingService (SCMBlockDeletingService.java:call(181)) - Totally added 2 delete blocks command for 2 datanodes, task elapsed time: 4ms
2020-08-02 01:06:28,466 [CommandWatcher-LeaseManager#LeaseMonitor] ERROR lease.LeaseManager (LeaseManager.java:run(238)) - Execution was interrupted 
java.lang.InterruptedException: sleep interrupted
	at java.lang.Thread.sleep(Native Method)
	at org.apache.hadoop.ozone.lease.LeaseManager$LeaseMonitor.run(LeaseManager.java:234)
	at java.lang.Thread.run(Thread.java:748)
2020-08-02 01:06:28,617 [EventQueue-PendingDeleteStatusForPendingDeleteHandler] INFO  block.SCMBlockDeletingService (SCMBlockDeletingService.java:handlePendingDeletes(112)) - Block deletion txnID mismatch in datanode 12bd2fc3-fdcb-4beb-b390-582baaaf27fd for containerID 1. Datanode delete txnID: 0, SCM txnID: 1
2020-08-02 01:06:28,712 [EventQueue-PendingDeleteStatusForPendingDeleteHandler] INFO  block.SCMBlockDeletingService (SCMBlockDeletingService.java:handlePendingDeletes(112)) - Block deletion txnID mismatch in datanode 7bfd1728-d5ba-4078-b4fb-1a74dfc91dd2 for containerID 1. Datanode delete txnID: 0, SCM txnID: 1
2020-08-02 01:06:28,756 [BlockDeletingService#2] WARN  background.BlockDeletingService (BlockDeletingService.java:isDeletionAllowed(186)) - Close Container log Index 2 is not replicated across all the servers in the pipeline 52a2303a-ddac-420b-be34-1fd2ac16806c as the min replicated index is 0. Deletion is not allowed in this container yet.
2020-08-02 01:06:28,816 [EventQueue-PendingDeleteStatusForPendingDeleteHandler] INFO  block.SCMBlockDeletingService (SCMBlockDeletingService.java:handlePendingDeletes(112)) - Block deletion txnID mismatch in datanode 12bd2fc3-fdcb-4beb-b390-582baaaf27fd for containerID 1. Datanode delete txnID: 0, SCM txnID: 1
2020-08-02 01:06:28,837 [BlockDeletingService#2] WARN  background.BlockDeletingService (BlockDeletingService.java:isDeletionAllowed(186)) - Close Container log Index 2 is not replicated across all the servers in the pipeline 52a2303a-ddac-420b-be34-1fd2ac16806c as the min replicated index is 0. Deletion is not allowed in this container yet.
2020-08-02 01:06:29,012 [EventQueue-PendingDeleteStatusForPendingDeleteHandler] INFO  block.SCMBlockDeletingService (SCMBlockDeletingService.java:handlePendingDeletes(112)) - Block deletion txnID mismatch in datanode 7bfd1728-d5ba-4078-b4fb-1a74dfc91dd2 for containerID 1. Datanode delete txnID: 0, SCM txnID: 1
2020-08-02 01:06:29,016 [EventQueue-PendingDeleteStatusForPendingDeleteHandler] INFO  block.SCMBlockDeletingService (SCMBlockDeletingService.java:handlePendingDeletes(112)) - Block deletion txnID mismatch in datanode 12bd2fc3-fdcb-4beb-b390-582baaaf27fd for containerID 1. Datanode delete txnID: 0, SCM txnID: 1
2020-08-02 01:06:29,114 [Command processor thread] INFO  commandhandler.DeleteBlocksCommandHandler (DeleteBlocksCommandHandler.java:handle(108)) - Start to delete container blocks, TXIDs=[1(0)], numOfContainers=1, numOfBlocks=1
]]></system-out>
    <system-err><![CDATA[ERROR StatusLogger No Log4j 2 configuration file found. Using default configuration (logging only errors to the console), or user programmatically provided configurations. Set system property 'log4j2.debug' to show Log4j 2 internal initialization logging. See https://logging.apache.org/log4j/2.x/manual/configuration.html for instructions on how to configure Log4j 2
]]></system-err>
  </testcase>
</testsuite>