<?xml version="1.0" encoding="UTF-8"?>
<testsuite xmlns:xsi="http://www.w3.org/2001/XMLSchema-instance" xsi:noNamespaceSchemaLocation="https://maven.apache.org/surefire/maven-surefire-plugin/xsd/surefire-test-report.xsd" name="org.apache.hadoop.ozone.client.rpc.TestCloseContainerHandlingByClient" time="158.985" tests="7" errors="1" skipped="0" failures="0">
  <properties>
    <property name="awt.toolkit" value="sun.awt.X11.XToolkit"/>
    <property name="file.encoding.pkg" value="sun.io"/>
    <property name="java.specification.version" value="1.8"/>
    <property name="sun.cpu.isalist" value=""/>
    <property name="sun.jnu.encoding" value="UTF-8"/>
    <property name="java.class.path" value="/home/runner/work/ozone/ozone/mnt/ozone/hadoop-ozone/integration-test/target/test-classes:/home/runner/work/ozone/ozone/mnt/ozone/hadoop-ozone/integration-test/target/classes:/home/runner/.m2/repository/org/apache/ozone/ozone-common/1.2.0-SNAPSHOT/ozone-common-1.2.0-SNAPSHOT.jar:/home/runner/.m2/repository/org/apache/commons/commons-compress/1.20/commons-compress-1.20.jar:/home/runner/.m2/repository/org/apache/ozone/hdds-common/1.2.0-SNAPSHOT/hdds-common-1.2.0-SNAPSHOT.jar:/home/runner/.m2/repository/org/apache/ozone/hdds-client/1.2.0-SNAPSHOT/hdds-client-1.2.0-SNAPSHOT.jar:/home/runner/.m2/repository/org/apache/ozone/ozone-interface-client/1.2.0-SNAPSHOT/ozone-interface-client-1.2.0-SNAPSHOT.jar:/home/runner/.m2/repository/org/apache/ozone/hdds-server-framework/1.2.0-SNAPSHOT/hdds-server-framework-1.2.0-SNAPSHOT.jar:/home/runner/.m2/repository/org/apache/ozone/hdds-interface-server/1.2.0-SNAPSHOT/hdds-interface-server-1.2.0-SNAPSHOT.jar:/home/runner/.m2/repository/org/eclipse/jetty/jetty-servlet/9.4.35.v20201120/jetty-servlet-9.4.35.v20201120.jar:/home/runner/.m2/repository/org/eclipse/jetty/jetty-security/9.4.35.v20201120/jetty-security-9.4.35.v20201120.jar:/home/runner/.m2/repository/org/rocksdb/rocksdbjni/6.20.3/rocksdbjni-6.20.3.jar:/home/runner/.m2/repository/io/prometheus/simpleclient_dropwizard/0.7.0/simpleclient_dropwizard-0.7.0.jar:/home/runner/.m2/repository/io/prometheus/simpleclient/0.7.0/simpleclient-0.7.0.jar:/home/runner/.m2/repository/io/prometheus/simpleclient_common/0.7.0/simpleclient_common-0.7.0.jar:/home/runner/.m2/repository/com/fasterxml/jackson/datatype/jackson-datatype-jsr310/2.12.1/jackson-datatype-jsr310-2.12.1.jar:/home/runner/.m2/repository/org/apache/ozone/hdds-test-utils/1.2.0-SNAPSHOT/hdds-test-utils-1.2.0-SNAPSHOT.jar:/home/runner/.m2/repository/com/google/guava/guava/30.1.1-jre/guava-30.1.1-jre.jar:/home/runner/.m2/repository/com/google/guava/failureaccess/1.0.1/failureaccess-1.0.1.jar:/home/runner/.m2/repository/com/google/guava/listenablefuture/9999.0-empty-to-avoid-conflict-with-guava/listenablefuture-9999.0-empty-to-avoid-conflict-with-guava.jar:/home/runner/.m2/repository/com/google/code/findbugs/jsr305/3.0.0/jsr305-3.0.0.jar:/home/runner/.m2/repository/org/checkerframework/checker-qual/3.8.0/checker-qual-3.8.0.jar:/home/runner/.m2/repository/com/google/errorprone/error_prone_annotations/2.2.0/error_prone_annotations-2.2.0.jar:/home/runner/.m2/repository/com/google/j2objc/j2objc-annotations/1.3/j2objc-annotations-1.3.jar:/home/runner/.m2/repository/commons-io/commons-io/2.8.0/commons-io-2.8.0.jar:/home/runner/.m2/repository/commons-logging/commons-logging/1.2/commons-logging-1.2.jar:/home/runner/.m2/repository/log4j/log4j/1.2.17/log4j-1.2.17.jar:/home/runner/.m2/repository/org/slf4j/slf4j-api/1.7.30/slf4j-api-1.7.30.jar:/home/runner/.m2/repository/org/apache/ozone/hdds-server-scm/1.2.0-SNAPSHOT/hdds-server-scm-1.2.0-SNAPSHOT.jar:/home/runner/.m2/repository/org/apache/ozone/hdds-container-service/1.2.0-SNAPSHOT/hdds-container-service-1.2.0-SNAPSHOT.jar:/home/runner/.m2/repository/org/apache/ozone/hdds-hadoop-dependency-server/1.2.0-SNAPSHOT/hdds-hadoop-dependency-server-1.2.0-SNAPSHOT.jar:/home/runner/.m2/repository/org/apache/hadoop/hadoop-hdfs/3.3.1/hadoop-hdfs-3.3.1.jar:/home/runner/.m2/repository/io/dropwizard/metrics/metrics-core/3.2.4/metrics-core-3.2.4.jar:/home/runner/.m2/repository/org/apache/hadoop/hadoop-hdfs-client/3.3.1/hadoop-hdfs-client-3.3.1.jar:/home/runner/.m2/repository/org/bouncycastle/bcprov-jdk15on/1.67/bcprov-jdk15on-1.67.jar:/home/runner/.m2/repository/com/google/protobuf/protobuf-java/2.5.0/protobuf-java-2.5.0.jar:/home/runner/.m2/repository/org/apache/ozone/ozone-manager/1.2.0-SNAPSHOT/ozone-manager-1.2.0-SNAPSHOT.jar:/home/runner/.m2/repository/org/aspectj/aspectjrt/1.8.9/aspectjrt-1.8.9.jar:/home/runner/.m2/repository/org/aspectj/aspectjweaver/1.8.9/aspectjweaver-1.8.9.jar:/home/runner/.m2/repository/org/apache/ozone/hdds-interface-client/1.2.0-SNAPSHOT/hdds-interface-client-1.2.0-SNAPSHOT.jar:/home/runner/.m2/repository/org/apache/hadoop/thirdparty/hadoop-shaded-protobuf_3_7/1.1.1/hadoop-shaded-protobuf_3_7-1.1.1.jar:/home/runner/.m2/repository/org/apache/ratis/ratis-thirdparty-misc/0.7.0/ratis-thirdparty-misc-0.7.0.jar:/home/runner/.m2/repository/org/apache/ozone/ozone-interface-storage/1.2.0-SNAPSHOT/ozone-interface-storage-1.2.0-SNAPSHOT.jar:/home/runner/.m2/repository/org/reflections/reflections/0.9.11/reflections-0.9.11.jar:/home/runner/.m2/repository/org/apache/hadoop/hadoop-minikdc/3.3.1/hadoop-minikdc-3.3.1.jar:/home/runner/.m2/repository/org/apache/kerby/kerb-simplekdc/1.0.1/kerb-simplekdc-1.0.1.jar:/home/runner/.m2/repository/org/apache/kerby/kerb-client/1.0.1/kerb-client-1.0.1.jar:/home/runner/.m2/repository/org/apache/kerby/kerby-config/1.0.1/kerby-config-1.0.1.jar:/home/runner/.m2/repository/org/apache/kerby/kerb-common/1.0.1/kerb-common-1.0.1.jar:/home/runner/.m2/repository/org/apache/kerby/kerb-crypto/1.0.1/kerb-crypto-1.0.1.jar:/home/runner/.m2/repository/org/apache/kerby/kerb-util/1.0.1/kerb-util-1.0.1.jar:/home/runner/.m2/repository/org/apache/kerby/token-provider/1.0.1/token-provider-1.0.1.jar:/home/runner/.m2/repository/org/apache/kerby/kerb-admin/1.0.1/kerb-admin-1.0.1.jar:/home/runner/.m2/repository/org/apache/kerby/kerb-server/1.0.1/kerb-server-1.0.1.jar:/home/runner/.m2/repository/org/apache/kerby/kerb-identity/1.0.1/kerb-identity-1.0.1.jar:/home/runner/.m2/repository/org/apache/kerby/kerby-xdr/1.0.1/kerby-xdr-1.0.1.jar:/home/runner/.m2/repository/org/slf4j/slf4j-log4j12/1.7.30/slf4j-log4j12-1.7.30.jar:/home/runner/.m2/repository/org/apache/ozone/ozone-s3gateway/1.2.0-SNAPSHOT/ozone-s3gateway-1.2.0-SNAPSHOT.jar:/home/runner/.m2/repository/org/javassist/javassist/3.21.0-GA/javassist-3.21.0-GA.jar:/home/runner/.m2/repository/org/jboss/weld/servlet/weld-servlet/2.4.7.Final/weld-servlet-2.4.7.Final.jar:/home/runner/.m2/repository/org/glassfish/jersey/containers/jersey-container-servlet-core/2.33/jersey-container-servlet-core-2.33.jar:/home/runner/.m2/repository/org/glassfish/hk2/external/jakarta.inject/2.6.1/jakarta.inject-2.6.1.jar:/home/runner/.m2/repository/org/glassfish/jersey/core/jersey-common/2.33/jersey-common-2.33.jar:/home/runner/.m2/repository/jakarta/ws/rs/jakarta.ws.rs-api/2.1.6/jakarta.ws.rs-api-2.1.6.jar:/home/runner/.m2/repository/org/glassfish/jersey/ext/cdi/jersey-cdi1x/2.33/jersey-cdi1x-2.33.jar:/home/runner/.m2/repository/org/glassfish/jersey/inject/jersey-hk2/2.33/jersey-hk2-2.33.jar:/home/runner/.m2/repository/org/glassfish/hk2/hk2-locator/2.6.1/hk2-locator-2.6.1.jar:/home/runner/.m2/repository/org/glassfish/jersey/media/jersey-media-jaxb/2.33/jersey-media-jaxb-2.33.jar:/home/runner/.m2/repository/org/glassfish/hk2/osgi-resource-locator/1.0.3/osgi-resource-locator-1.0.3.jar:/home/runner/.m2/repository/org/glassfish/hk2/hk2-api/2.5.0/hk2-api-2.5.0.jar:/home/runner/.m2/repository/org/glassfish/hk2/hk2-utils/2.5.0/hk2-utils-2.5.0.jar:/home/runner/.m2/repository/org/glassfish/hk2/external/aopalliance-repackaged/2.5.0/aopalliance-repackaged-2.5.0.jar:/home/runner/.m2/repository/com/fasterxml/jackson/dataformat/jackson-dataformat-xml/2.12.1/jackson-dataformat-xml-2.12.1.jar:/home/runner/.m2/repository/com/fasterxml/jackson/core/jackson-core/2.12.1/jackson-core-2.12.1.jar:/home/runner/.m2/repository/com/fasterxml/jackson/module/jackson-module-jaxb-annotations/2.12.1/jackson-module-jaxb-annotations-2.12.1.jar:/home/runner/.m2/repository/jakarta/xml/bind/jakarta.xml.bind-api/2.3.2/jakarta.xml.bind-api-2.3.2.jar:/home/runner/.m2/repository/org/codehaus/woodstox/stax2-api/3.1.4/stax2-api-3.1.4.jar:/home/runner/.m2/repository/com/fasterxml/woodstox/woodstox-core/5.0.3/woodstox-core-5.0.3.jar:/home/runner/.m2/repository/javax/enterprise/cdi-api/1.2/cdi-api-1.2.jar:/home/runner/.m2/repository/javax/el/javax.el-api/3.0.0/javax.el-api-3.0.0.jar:/home/runner/.m2/repository/javax/interceptor/javax.interceptor-api/1.2/javax.interceptor-api-1.2.jar:/home/runner/.m2/repository/javax/inject/javax.inject/1/javax.inject-1.jar:/home/runner/.m2/repository/javax/xml/bind/jaxb-api/2.3.0/jaxb-api-2.3.0.jar:/home/runner/.m2/repository/org/glassfish/jaxb/jaxb-runtime/2.3.0.1/jaxb-runtime-2.3.0.1.jar:/home/runner/.m2/repository/org/glassfish/jaxb/jaxb-core/2.3.0.1/jaxb-core-2.3.0.1.jar:/home/runner/.m2/repository/org/glassfish/jaxb/txw2/2.3.0.1/txw2-2.3.0.1.jar:/home/runner/.m2/repository/com/sun/istack/istack-commons-runtime/3.0.5/istack-commons-runtime-3.0.5.jar:/home/runner/.m2/repository/org/jvnet/staxex/stax-ex/1.7.8/stax-ex-1.7.8.jar:/home/runner/.m2/repository/com/sun/xml/fastinfoset/FastInfoset/1.2.13/FastInfoset-1.2.13.jar:/home/runner/.m2/repository/javax/activation/activation/1.1.1/activation-1.1.1.jar:/home/runner/.m2/repository/org/apache/ozone/ozone-csi/1.2.0-SNAPSHOT/ozone-csi-1.2.0-SNAPSHOT.jar:/home/runner/.m2/repository/com/google/protobuf/protobuf-java-util/3.12.0/protobuf-java-util-3.12.0.jar:/home/runner/.m2/repository/com/google/code/gson/gson/2.2.4/gson-2.2.4.jar:/home/runner/.m2/repository/org/apache/ozone/hdds-config/1.2.0-SNAPSHOT/hdds-config-1.2.0-SNAPSHOT.jar:/home/runner/.m2/repository/io/grpc/grpc-netty/1.33.0/grpc-netty-1.33.0.jar:/home/runner/.m2/repository/io/grpc/grpc-core/1.33.0/grpc-core-1.33.0.jar:/home/runner/.m2/repository/com/google/android/annotations/4.1.1.4/annotations-4.1.1.4.jar:/home/runner/.m2/repository/io/netty/netty-codec-http2/4.1.63.Final/netty-codec-http2-4.1.63.Final.jar:/home/runner/.m2/repository/io/netty/netty-codec-http/4.1.63.Final/netty-codec-http-4.1.63.Final.jar:/home/runner/.m2/repository/io/netty/netty-handler-proxy/4.1.63.Final/netty-handler-proxy-4.1.63.Final.jar:/home/runner/.m2/repository/io/netty/netty-codec-socks/4.1.63.Final/netty-codec-socks-4.1.63.Final.jar:/home/runner/.m2/repository/io/perfmark/perfmark-api/0.19.0/perfmark-api-0.19.0.jar:/home/runner/.m2/repository/org/codehaus/mojo/animal-sniffer-annotations/1.18/animal-sniffer-annotations-1.18.jar:/home/runner/.m2/repository/io/netty/netty-transport-native-epoll/4.1.63.Final/netty-transport-native-epoll-4.1.63.Final.jar:/home/runner/.m2/repository/io/netty/netty-common/4.1.63.Final/netty-common-4.1.63.Final.jar:/home/runner/.m2/repository/io/netty/netty-buffer/4.1.63.Final/netty-buffer-4.1.63.Final.jar:/home/runner/.m2/repository/io/netty/netty-transport-native-unix-common/4.1.63.Final/netty-transport-native-unix-common-4.1.63.Final.jar:/home/runner/.m2/repository/io/grpc/grpc-protobuf/1.33.0/grpc-protobuf-1.33.0.jar:/home/runner/.m2/repository/io/grpc/grpc-api/1.33.0/grpc-api-1.33.0.jar:/home/runner/.m2/repository/io/grpc/grpc-context/1.33.0/grpc-context-1.33.0.jar:/home/runner/.m2/repository/com/google/api/grpc/proto-google-common-protos/1.17.0/proto-google-common-protos-1.17.0.jar:/home/runner/.m2/repository/io/grpc/grpc-protobuf-lite/1.33.0/grpc-protobuf-lite-1.33.0.jar:/home/runner/.m2/repository/io/grpc/grpc-stub/1.33.0/grpc-stub-1.33.0.jar:/home/runner/.m2/repository/org/apache/ozone/ozone-recon/1.2.0-SNAPSHOT/ozone-recon-1.2.0-SNAPSHOT.jar:/home/runner/.m2/repository/org/apache/ozone/ozone-reconcodegen/1.2.0-SNAPSHOT/ozone-reconcodegen-1.2.0-SNAPSHOT.jar:/home/runner/.m2/repository/com/google/inject/extensions/guice-multibindings/4.0/guice-multibindings-4.0.jar:/home/runner/.m2/repository/com/google/inject/guice/4.0/guice-4.0.jar:/home/runner/.m2/repository/aopalliance/aopalliance/1.0/aopalliance-1.0.jar:/home/runner/.m2/repository/com/google/inject/extensions/guice-assistedinject/4.0/guice-assistedinject-4.0.jar:/home/runner/.m2/repository/com/google/inject/extensions/guice-servlet/4.0/guice-servlet-4.0.jar:/home/runner/.m2/repository/org/glassfish/jersey/containers/jersey-container-servlet/2.33/jersey-container-servlet-2.33.jar:/home/runner/.m2/repository/org/glassfish/hk2/guice-bridge/2.5.0/guice-bridge-2.5.0.jar:/home/runner/.m2/repository/org/glassfish/jersey/core/jersey-server/2.33/jersey-server-2.33.jar:/home/runner/.m2/repository/org/glassfish/jersey/core/jersey-client/2.33/jersey-client-2.33.jar:/home/runner/.m2/repository/jakarta/annotation/jakarta.annotation-api/1.3.5/jakarta.annotation-api-1.3.5.jar:/home/runner/.m2/repository/jakarta/validation/jakarta.validation-api/2.0.2/jakarta.validation-api-2.0.2.jar:/home/runner/.m2/repository/org/glassfish/jersey/media/jersey-media-json-jackson/2.33/jersey-media-json-jackson-2.33.jar:/home/runner/.m2/repository/org/glassfish/jersey/ext/jersey-entity-filtering/2.33/jersey-entity-filtering-2.33.jar:/home/runner/.m2/repository/org/jooq/jooq/3.11.10/jooq-3.11.10.jar:/home/runner/.m2/repository/org/jooq/jooq-meta/3.11.10/jooq-meta-3.11.10.jar:/home/runner/.m2/repository/org/jooq/jooq-codegen/3.11.10/jooq-codegen-3.11.10.jar:/home/runner/.m2/repository/com/jolbox/bonecp/0.8.0.RELEASE/bonecp-0.8.0.RELEASE.jar:/home/runner/.m2/repository/org/apache/derby/derby/10.14.2.0/derby-10.14.2.0.jar:/home/runner/.m2/repository/org/xerial/sqlite-jdbc/3.25.2/sqlite-jdbc-3.25.2.jar:/home/runner/.m2/repository/org/springframework/spring-jdbc/5.2.11.RELEASE/spring-jdbc-5.2.11.RELEASE.jar:/home/runner/.m2/repository/org/springframework/spring-beans/5.2.11.RELEASE/spring-beans-5.2.11.RELEASE.jar:/home/runner/.m2/repository/org/springframework/spring-core/5.2.11.RELEASE/spring-core-5.2.11.RELEASE.jar:/home/runner/.m2/repository/org/springframework/spring-jcl/5.2.11.RELEASE/spring-jcl-5.2.11.RELEASE.jar:/home/runner/.m2/repository/org/springframework/spring-tx/5.2.11.RELEASE/spring-tx-5.2.11.RELEASE.jar:/home/runner/.m2/repository/org/apache/ozone/ozone-client/1.2.0-SNAPSHOT/ozone-client-1.2.0-SNAPSHOT.jar:/home/runner/.m2/repository/org/apache/ozone/ozone-filesystem/1.2.0-SNAPSHOT/ozone-filesystem-1.2.0-SNAPSHOT.jar:/home/runner/.m2/repository/org/apache/ozone/ozone-filesystem-common/1.2.0-SNAPSHOT/ozone-filesystem-common-1.2.0-SNAPSHOT.jar:/home/runner/.m2/repository/org/apache/ozone/ozone-tools/1.2.0-SNAPSHOT/ozone-tools-1.2.0-SNAPSHOT.jar:/home/runner/.m2/repository/org/apache/ratis/ratis-tools/2.1.0/ratis-tools-2.1.0.jar:/home/runner/.m2/repository/org/apache/ratis/ratis-proto/2.1.0/ratis-proto-2.1.0.jar:/home/runner/.m2/repository/org/apache/ratis/ratis-common/2.1.0/ratis-common-2.1.0.jar:/home/runner/.m2/repository/com/amazonaws/aws-java-sdk-core/1.11.901/aws-java-sdk-core-1.11.901.jar:/home/runner/.m2/repository/org/apache/httpcomponents/httpclient/4.5.13/httpclient-4.5.13.jar:/home/runner/.m2/repository/org/apache/httpcomponents/httpcore/4.4.13/httpcore-4.4.13.jar:/home/runner/.m2/repository/software/amazon/ion/ion-java/1.0.2/ion-java-1.0.2.jar:/home/runner/.m2/repository/com/fasterxml/jackson/dataformat/jackson-dataformat-cbor/2.12.1/jackson-dataformat-cbor-2.12.1.jar:/home/runner/.m2/repository/joda-time/joda-time/2.8.1/joda-time-2.8.1.jar:/home/runner/.m2/repository/com/amazonaws/aws-java-sdk-s3/1.11.901/aws-java-sdk-s3-1.11.901.jar:/home/runner/.m2/repository/com/amazonaws/aws-java-sdk-kms/1.11.901/aws-java-sdk-kms-1.11.901.jar:/home/runner/.m2/repository/com/amazonaws/jmespath-java/1.11.901/jmespath-java-1.11.901.jar:/home/runner/.m2/repository/org/kohsuke/metainf-services/metainf-services/1.8/metainf-services-1.8.jar:/home/runner/.m2/repository/org/apache/ozone/hdds-tools/1.2.0-SNAPSHOT/hdds-tools-1.2.0-SNAPSHOT.jar:/home/runner/.m2/repository/commons-cli/commons-cli/1.2/commons-cli-1.2.jar:/home/runner/.m2/repository/org/apache/commons/commons-lang3/3.7/commons-lang3-3.7.jar:/home/runner/.m2/repository/org/apache/ozone/ozone-manager/1.2.0-SNAPSHOT/ozone-manager-1.2.0-SNAPSHOT-tests.jar:/home/runner/.m2/repository/org/apache/ozone/hdds-common/1.2.0-SNAPSHOT/hdds-common-1.2.0-SNAPSHOT-tests.jar:/home/runner/.m2/repository/org/apache/ozone/hdds-hadoop-dependency-client/1.2.0-SNAPSHOT/hdds-hadoop-dependency-client-1.2.0-SNAPSHOT.jar:/home/runner/.m2/repository/info/picocli/picocli/4.4.0/picocli-4.4.0.jar:/home/runner/.m2/repository/com/fasterxml/jackson/core/jackson-annotations/2.12.1/jackson-annotations-2.12.1.jar:/home/runner/.m2/repository/javax/annotation/javax.annotation-api/1.2/javax.annotation-api-1.2.jar:/home/runner/.m2/repository/org/apache/ratis/ratis-server/2.1.0/ratis-server-2.1.0.jar:/home/runner/.m2/repository/org/apache/ratis/ratis-client/2.1.0/ratis-client-2.1.0.jar:/home/runner/.m2/repository/org/apache/ratis/ratis-server-api/2.1.0/ratis-server-api-2.1.0.jar:/home/runner/.m2/repository/org/apache/ratis/ratis-metrics/2.1.0/ratis-metrics-2.1.0.jar:/home/runner/.m2/repository/org/apache/ratis/ratis-netty/2.1.0/ratis-netty-2.1.0.jar:/home/runner/.m2/repository/org/apache/ratis/ratis-grpc/2.1.0/ratis-grpc-2.1.0.jar:/home/runner/.m2/repository/org/apache/logging/log4j/log4j-api/2.13.3/log4j-api-2.13.3.jar:/home/runner/.m2/repository/org/apache/logging/log4j/log4j-core/2.13.3/log4j-core-2.13.3.jar:/home/runner/.m2/repository/com/lmax/disruptor/3.4.2/disruptor-3.4.2.jar:/home/runner/.m2/repository/org/apache/commons/commons-pool2/2.6.0/commons-pool2-2.6.0.jar:/home/runner/.m2/repository/org/bouncycastle/bcpkix-jdk15on/1.67/bcpkix-jdk15on-1.67.jar:/home/runner/.m2/repository/commons-validator/commons-validator/1.6/commons-validator-1.6.jar:/home/runner/.m2/repository/commons-beanutils/commons-beanutils/1.9.4/commons-beanutils-1.9.4.jar:/home/runner/.m2/repository/commons-digester/commons-digester/1.8.1/commons-digester-1.8.1.jar:/home/runner/.m2/repository/commons-collections/commons-collections/3.2.2/commons-collections-3.2.2.jar:/home/runner/.m2/repository/io/jaegertracing/jaeger-client/1.6.0/jaeger-client-1.6.0.jar:/home/runner/.m2/repository/io/jaegertracing/jaeger-thrift/1.6.0/jaeger-thrift-1.6.0.jar:/home/runner/.m2/repository/org/apache/thrift/libthrift/0.14.1/libthrift-0.14.1.jar:/home/runner/.m2/repository/com/squareup/okhttp3/okhttp/4.9.0/okhttp-4.9.0.jar:/home/runner/.m2/repository/com/squareup/okio/okio/2.8.0/okio-2.8.0.jar:/home/runner/.m2/repository/io/jaegertracing/jaeger-core/1.6.0/jaeger-core-1.6.0.jar:/home/runner/.m2/repository/io/jaegertracing/jaeger-tracerresolver/1.6.0/jaeger-tracerresolver-1.6.0.jar:/home/runner/.m2/repository/io/opentracing/contrib/opentracing-tracerresolver/0.1.8/opentracing-tracerresolver-0.1.8.jar:/home/runner/.m2/repository/org/jetbrains/kotlin/kotlin-stdlib/1.4.31/kotlin-stdlib-1.4.31.jar:/home/runner/.m2/repository/org/jetbrains/kotlin/kotlin-stdlib-common/1.4.31/kotlin-stdlib-common-1.4.31.jar:/home/runner/.m2/repository/org/jetbrains/annotations/13.0/annotations-13.0.jar:/home/runner/.m2/repository/io/opentracing/opentracing-util/0.33.0/opentracing-util-0.33.0.jar:/home/runner/.m2/repository/io/opentracing/opentracing-api/0.33.0/opentracing-api-0.33.0.jar:/home/runner/.m2/repository/io/opentracing/opentracing-noop/0.33.0/opentracing-noop-0.33.0.jar:/home/runner/.m2/repository/org/yaml/snakeyaml/1.26/snakeyaml-1.26.jar:/home/runner/.m2/repository/org/apache/ozone/hdds-interface-admin/1.2.0-SNAPSHOT/hdds-interface-admin-1.2.0-SNAPSHOT.jar:/home/runner/.m2/repository/junit/junit/4.13.1/junit-4.13.1.jar:/home/runner/.m2/repository/org/hamcrest/hamcrest-core/1.3/hamcrest-core-1.3.jar:/home/runner/.m2/repository/org/junit/jupiter/junit-jupiter-api/5.7.0/junit-jupiter-api-5.7.0.jar:/home/runner/.m2/repository/org/apiguardian/apiguardian-api/1.1.0/apiguardian-api-1.1.0.jar:/home/runner/.m2/repository/org/opentest4j/opentest4j/1.2.0/opentest4j-1.2.0.jar:/home/runner/.m2/repository/org/junit/platform/junit-platform-commons/1.7.0/junit-platform-commons-1.7.0.jar:/home/runner/.m2/repository/org/junit/jupiter/junit-jupiter-engine/5.7.0/junit-jupiter-engine-5.7.0.jar:/home/runner/.m2/repository/org/junit/platform/junit-platform-engine/1.7.0/junit-platform-engine-1.7.0.jar:/home/runner/.m2/repository/org/junit/vintage/junit-vintage-engine/5.7.0/junit-vintage-engine-5.7.0.jar:/home/runner/.m2/repository/org/junit/platform/junit-platform-launcher/1.7.0/junit-platform-launcher-1.7.0.jar:/home/runner/.m2/repository/org/openjdk/jmh/jmh-core/1.19/jmh-core-1.19.jar:/home/runner/.m2/repository/net/sf/jopt-simple/jopt-simple/4.6/jopt-simple-4.6.jar:/home/runner/.m2/repository/org/apache/commons/commons-math3/3.1.1/commons-math3-3.1.1.jar:/home/runner/.m2/repository/org/openjdk/jmh/jmh-generator-annprocess/1.19/jmh-generator-annprocess-1.19.jar:/home/runner/.m2/repository/org/mockito/mockito-core/2.28.2/mockito-core-2.28.2.jar:/home/runner/.m2/repository/net/bytebuddy/byte-buddy/1.9.10/byte-buddy-1.9.10.jar:/home/runner/.m2/repository/net/bytebuddy/byte-buddy-agent/1.9.10/byte-buddy-agent-1.9.10.jar:/home/runner/.m2/repository/org/objenesis/objenesis/1.0/objenesis-1.0.jar:/home/runner/.m2/repository/org/apache/hadoop/hadoop-kms/3.3.1/hadoop-kms-3.3.1.jar:/home/runner/.m2/repository/org/apache/hadoop/hadoop-auth/3.3.1/hadoop-auth-3.3.1.jar:/home/runner/.m2/repository/com/nimbusds/nimbus-jose-jwt/7.9/nimbus-jose-jwt-7.9.jar:/home/runner/.m2/repository/com/github/stephenc/jcip/jcip-annotations/1.0-1/jcip-annotations-1.0-1.jar:/home/runner/.m2/repository/net/minidev/json-smart/2.3/json-smart-2.3.jar:/home/runner/.m2/repository/net/minidev/accessors-smart/1.2/accessors-smart-1.2.jar:/home/runner/.m2/repository/org/ow2/asm/asm/5.0.4/asm-5.0.4.jar:/home/runner/.m2/repository/org/apache/zookeeper/zookeeper/3.5.6/zookeeper-3.5.6.jar:/home/runner/.m2/repository/org/apache/zookeeper/zookeeper-jute/3.5.6/zookeeper-jute-3.5.6.jar:/home/runner/.m2/repository/org/apache/yetus/audience-annotations/0.5.0/audience-annotations-0.5.0.jar:/home/runner/.m2/repository/org/apache/curator/curator-framework/4.2.0/curator-framework-4.2.0.jar:/home/runner/.m2/repository/org/apache/hadoop/thirdparty/hadoop-shaded-guava/1.1.1/hadoop-shaded-guava-1.1.1.jar:/home/runner/.m2/repository/com/sun/jersey/jersey-core/1.19/jersey-core-1.19.jar:/home/runner/.m2/repository/javax/ws/rs/jsr311-api/1.1.1/jsr311-api-1.1.1.jar:/home/runner/.m2/repository/com/sun/jersey/jersey-server/1.19/jersey-server-1.19.jar:/home/runner/.m2/repository/javax/servlet/javax.servlet-api/3.1.0/javax.servlet-api-3.1.0.jar:/home/runner/.m2/repository/org/eclipse/jetty/jetty-server/9.4.35.v20201120/jetty-server-9.4.35.v20201120.jar:/home/runner/.m2/repository/org/eclipse/jetty/jetty-http/9.4.35.v20201120/jetty-http-9.4.35.v20201120.jar:/home/runner/.m2/repository/org/eclipse/jetty/jetty-io/9.4.35.v20201120/jetty-io-9.4.35.v20201120.jar:/home/runner/.m2/repository/org/eclipse/jetty/jetty-webapp/9.4.35.v20201120/jetty-webapp-9.4.35.v20201120.jar:/home/runner/.m2/repository/org/eclipse/jetty/jetty-xml/9.4.35.v20201120/jetty-xml-9.4.35.v20201120.jar:/home/runner/.m2/repository/org/apache/hadoop/hadoop-common/3.3.1/hadoop-common-3.3.1.jar:/home/runner/.m2/repository/commons-net/commons-net/3.6/commons-net-3.6.jar:/home/runner/.m2/repository/jakarta/activation/jakarta.activation-api/1.2.1/jakarta.activation-api-1.2.1.jar:/home/runner/.m2/repository/com/sun/jersey/jersey-servlet/1.19/jersey-servlet-1.19.jar:/home/runner/.m2/repository/com/sun/jersey/jersey-json/1.19/jersey-json-1.19.jar:/home/runner/.m2/repository/org/codehaus/jettison/jettison/1.1/jettison-1.1.jar:/home/runner/.m2/repository/com/sun/xml/bind/jaxb-impl/2.2.3-1/jaxb-impl-2.2.3-1.jar:/home/runner/.m2/repository/org/codehaus/jackson/jackson-jaxrs/1.9.2/jackson-jaxrs-1.9.2.jar:/home/runner/.m2/repository/org/codehaus/jackson/jackson-xc/1.9.2/jackson-xc-1.9.2.jar:/home/runner/.m2/repository/org/apache/commons/commons-configuration2/2.1.1/commons-configuration2-2.1.1.jar:/home/runner/.m2/repository/org/apache/commons/commons-text/1.4/commons-text-1.4.jar:/home/runner/.m2/repository/com/google/re2j/re2j/1.1/re2j-1.1.jar:/home/runner/.m2/repository/com/jcraft/jsch/0.1.54/jsch-0.1.54.jar:/home/runner/.m2/repository/org/apache/curator/curator-client/4.2.0/curator-client-4.2.0.jar:/home/runner/.m2/repository/org/apache/curator/curator-recipes/4.2.0/curator-recipes-4.2.0.jar:/home/runner/.m2/repository/org/apache/kerby/kerb-core/1.0.1/kerb-core-1.0.1.jar:/home/runner/.m2/repository/org/apache/kerby/kerby-pkix/1.0.1/kerby-pkix-1.0.1.jar:/home/runner/.m2/repository/org/apache/kerby/kerby-asn1/1.0.1/kerby-asn1-1.0.1.jar:/home/runner/.m2/repository/org/apache/kerby/kerby-util/1.0.1/kerby-util-1.0.1.jar:/home/runner/.m2/repository/dnsjava/dnsjava/2.1.7/dnsjava-2.1.7.jar:/home/runner/.m2/repository/org/xerial/snappy/snappy-java/1.1.8.2/snappy-java-1.1.8.2.jar:/home/runner/.m2/repository/org/slf4j/jul-to-slf4j/1.7.30/jul-to-slf4j-1.7.30.jar:/home/runner/.m2/repository/org/eclipse/jetty/jetty-util/9.4.35.v20201120/jetty-util-9.4.35.v20201120.jar:/home/runner/.m2/repository/com/fasterxml/jackson/core/jackson-databind/2.12.1/jackson-databind-2.12.1.jar:/home/runner/.m2/repository/org/apache/hadoop/hadoop-kms/3.3.1/hadoop-kms-3.3.1-tests.jar:/home/runner/.m2/repository/org/apache/ozone/hdds-server-scm/1.2.0-SNAPSHOT/hdds-server-scm-1.2.0-SNAPSHOT-tests.jar:/home/runner/.m2/repository/org/apache/ozone/hdds-container-service/1.2.0-SNAPSHOT/hdds-container-service-1.2.0-SNAPSHOT-tests.jar:/home/runner/.m2/repository/commons-codec/commons-codec/1.11/commons-codec-1.11.jar:/home/runner/.m2/repository/io/netty/netty-transport/4.1.63.Final/netty-transport-4.1.63.Final.jar:/home/runner/.m2/repository/io/netty/netty-resolver/4.1.63.Final/netty-resolver-4.1.63.Final.jar:/home/runner/.m2/repository/io/netty/netty-codec/4.1.63.Final/netty-codec-4.1.63.Final.jar:/home/runner/.m2/repository/io/netty/netty-handler/4.1.63.Final/netty-handler-4.1.63.Final.jar:/home/runner/.m2/repository/org/apache/ozone/hdds-hadoop-dependency-test/1.2.0-SNAPSHOT/hdds-hadoop-dependency-test-1.2.0-SNAPSHOT.jar:/home/runner/.m2/repository/org/apache/hadoop/hadoop-common/3.3.1/hadoop-common-3.3.1-tests.jar:/home/runner/.m2/repository/org/assertj/assertj-core/3.12.2/assertj-core-3.12.2.jar:/home/runner/.m2/repository/org/apache/hadoop/hadoop-hdfs/3.3.1/hadoop-hdfs-3.3.1-tests.jar:/home/runner/.m2/repository/org/eclipse/jetty/jetty-util-ajax/9.4.35.v20201120/jetty-util-ajax-9.4.35.v20201120.jar:/home/runner/.m2/repository/commons-daemon/commons-daemon/1.0.13/commons-daemon-1.0.13.jar:/home/runner/.m2/repository/io/netty/netty/3.10.6.Final/netty-3.10.6.Final.jar:/home/runner/.m2/repository/io/netty/netty-all/4.1.63.Final/netty-all-4.1.63.Final.jar:/home/runner/.m2/repository/org/apache/htrace/htrace-core4/4.1.0-incubating/htrace-core4-4.1.0-incubating.jar:/home/runner/.m2/repository/org/fusesource/leveldbjni/leveldbjni-all/1.8/leveldbjni-all-1.8.jar:/home/runner/.m2/repository/org/apache/hadoop/hadoop-distcp/3.3.1/hadoop-distcp-3.3.1.jar:/home/runner/.m2/repository/org/apache/hadoop/hadoop-mapreduce-client-jobclient/3.3.1/hadoop-mapreduce-client-jobclient-3.3.1.jar:/home/runner/.m2/repository/org/apache/hadoop/hadoop-mapreduce-client-common/3.3.1/hadoop-mapreduce-client-common-3.3.1.jar:/home/runner/.m2/repository/org/apache/hadoop/hadoop-yarn-common/3.3.1/hadoop-yarn-common-3.3.1.jar:/home/runner/.m2/repository/org/apache/hadoop/hadoop-yarn-api/3.3.1/hadoop-yarn-api-3.3.1.jar:/home/runner/.m2/repository/com/sun/jersey/jersey-client/1.19/jersey-client-1.19.jar:/home/runner/.m2/repository/com/sun/jersey/contribs/jersey-guice/1.19/jersey-guice-1.19.jar:/home/runner/.m2/repository/com/fasterxml/jackson/jaxrs/jackson-jaxrs-json-provider/2.12.1/jackson-jaxrs-json-provider-2.12.1.jar:/home/runner/.m2/repository/com/fasterxml/jackson/jaxrs/jackson-jaxrs-base/2.12.1/jackson-jaxrs-base-2.12.1.jar:/home/runner/.m2/repository/org/apache/hadoop/hadoop-yarn-client/3.3.1/hadoop-yarn-client-3.3.1.jar:/home/runner/.m2/repository/org/eclipse/jetty/websocket/websocket-client/9.4.40.v20210413/websocket-client-9.4.40.v20210413.jar:/home/runner/.m2/repository/org/eclipse/jetty/jetty-client/9.4.40.v20210413/jetty-client-9.4.40.v20210413.jar:/home/runner/.m2/repository/org/eclipse/jetty/websocket/websocket-common/9.4.40.v20210413/websocket-common-9.4.40.v20210413.jar:/home/runner/.m2/repository/org/eclipse/jetty/websocket/websocket-api/9.4.40.v20210413/websocket-api-9.4.40.v20210413.jar:/home/runner/.m2/repository/org/jline/jline/3.9.0/jline-3.9.0.jar:/home/runner/.m2/repository/org/apache/hadoop/hadoop-mapreduce-client-core/3.3.1/hadoop-mapreduce-client-core-3.3.1.jar:/home/runner/.m2/repository/org/apache/avro/avro/1.7.7/avro-1.7.7.jar:/home/runner/.m2/repository/org/codehaus/jackson/jackson-core-asl/1.9.13/jackson-core-asl-1.9.13.jar:/home/runner/.m2/repository/org/codehaus/jackson/jackson-mapper-asl/1.9.13/jackson-mapper-asl-1.9.13.jar:/home/runner/.m2/repository/com/thoughtworks/paranamer/paranamer/2.3/paranamer-2.3.jar:/home/runner/.m2/repository/org/apache/hadoop/hadoop-annotations/3.3.1/hadoop-annotations-3.3.1.jar:/usr/lib/jvm/adoptopenjdk-8-hotspot-amd64/jre/../lib/tools.jar:/home/runner/.m2/repository/org/apache/hadoop/hadoop-distcp/3.3.1/hadoop-distcp-3.3.1-tests.jar:"/>
    <property name="java.vm.vendor" value="AdoptOpenJDK"/>
    <property name="sun.arch.data.model" value="64"/>
    <property name="test.build.dir" value="/home/runner/work/ozone/ozone/mnt/ozone/hadoop-ozone/integration-test/target/test-dir"/>
    <property name="test.cache.data" value=""/>
    <property name="java.vendor.url" value="https://adoptopenjdk.net/"/>
    <property name="user.timezone" value=""/>
    <property name="java.vm.specification.version" value="1.8"/>
    <property name="os.name" value="Linux"/>
    <property name="test.build.data" value="/home/runner/work/ozone/ozone/mnt/ozone/hadoop-ozone/integration-test/target/test-dir"/>
    <property name="sun.java.launcher" value="SUN_STANDARD"/>
    <property name="sun.boot.library.path" value="/usr/lib/jvm/adoptopenjdk-8-hotspot-amd64/jre/lib/amd64"/>
    <property name="sun.java.command" value="/home/runner/work/ozone/ozone/mnt/ozone/hadoop-ozone/integration-test/target/surefire/surefirebooter4400119266746477888.jar /home/runner/work/ozone/ozone/mnt/ozone/hadoop-ozone/integration-test/target/surefire 2021-07-27T15-34-10_468-jvmRun1 surefire3913959588451110087tmp surefire_019821217404291365tmp"/>
    <property name="surefire.test.class.path" value="/home/runner/work/ozone/ozone/mnt/ozone/hadoop-ozone/integration-test/target/test-classes:/home/runner/work/ozone/ozone/mnt/ozone/hadoop-ozone/integration-test/target/classes:/home/runner/.m2/repository/org/apache/ozone/ozone-common/1.2.0-SNAPSHOT/ozone-common-1.2.0-SNAPSHOT.jar:/home/runner/.m2/repository/org/apache/commons/commons-compress/1.20/commons-compress-1.20.jar:/home/runner/.m2/repository/org/apache/ozone/hdds-common/1.2.0-SNAPSHOT/hdds-common-1.2.0-SNAPSHOT.jar:/home/runner/.m2/repository/org/apache/ozone/hdds-client/1.2.0-SNAPSHOT/hdds-client-1.2.0-SNAPSHOT.jar:/home/runner/.m2/repository/org/apache/ozone/ozone-interface-client/1.2.0-SNAPSHOT/ozone-interface-client-1.2.0-SNAPSHOT.jar:/home/runner/.m2/repository/org/apache/ozone/hdds-server-framework/1.2.0-SNAPSHOT/hdds-server-framework-1.2.0-SNAPSHOT.jar:/home/runner/.m2/repository/org/apache/ozone/hdds-interface-server/1.2.0-SNAPSHOT/hdds-interface-server-1.2.0-SNAPSHOT.jar:/home/runner/.m2/repository/org/eclipse/jetty/jetty-servlet/9.4.35.v20201120/jetty-servlet-9.4.35.v20201120.jar:/home/runner/.m2/repository/org/eclipse/jetty/jetty-security/9.4.35.v20201120/jetty-security-9.4.35.v20201120.jar:/home/runner/.m2/repository/org/rocksdb/rocksdbjni/6.20.3/rocksdbjni-6.20.3.jar:/home/runner/.m2/repository/io/prometheus/simpleclient_dropwizard/0.7.0/simpleclient_dropwizard-0.7.0.jar:/home/runner/.m2/repository/io/prometheus/simpleclient/0.7.0/simpleclient-0.7.0.jar:/home/runner/.m2/repository/io/prometheus/simpleclient_common/0.7.0/simpleclient_common-0.7.0.jar:/home/runner/.m2/repository/com/fasterxml/jackson/datatype/jackson-datatype-jsr310/2.12.1/jackson-datatype-jsr310-2.12.1.jar:/home/runner/.m2/repository/org/apache/ozone/hdds-test-utils/1.2.0-SNAPSHOT/hdds-test-utils-1.2.0-SNAPSHOT.jar:/home/runner/.m2/repository/com/google/guava/guava/30.1.1-jre/guava-30.1.1-jre.jar:/home/runner/.m2/repository/com/google/guava/failureaccess/1.0.1/failureaccess-1.0.1.jar:/home/runner/.m2/repository/com/google/guava/listenablefuture/9999.0-empty-to-avoid-conflict-with-guava/listenablefuture-9999.0-empty-to-avoid-conflict-with-guava.jar:/home/runner/.m2/repository/com/google/code/findbugs/jsr305/3.0.0/jsr305-3.0.0.jar:/home/runner/.m2/repository/org/checkerframework/checker-qual/3.8.0/checker-qual-3.8.0.jar:/home/runner/.m2/repository/com/google/errorprone/error_prone_annotations/2.2.0/error_prone_annotations-2.2.0.jar:/home/runner/.m2/repository/com/google/j2objc/j2objc-annotations/1.3/j2objc-annotations-1.3.jar:/home/runner/.m2/repository/commons-io/commons-io/2.8.0/commons-io-2.8.0.jar:/home/runner/.m2/repository/commons-logging/commons-logging/1.2/commons-logging-1.2.jar:/home/runner/.m2/repository/log4j/log4j/1.2.17/log4j-1.2.17.jar:/home/runner/.m2/repository/org/slf4j/slf4j-api/1.7.30/slf4j-api-1.7.30.jar:/home/runner/.m2/repository/org/apache/ozone/hdds-server-scm/1.2.0-SNAPSHOT/hdds-server-scm-1.2.0-SNAPSHOT.jar:/home/runner/.m2/repository/org/apache/ozone/hdds-container-service/1.2.0-SNAPSHOT/hdds-container-service-1.2.0-SNAPSHOT.jar:/home/runner/.m2/repository/org/apache/ozone/hdds-hadoop-dependency-server/1.2.0-SNAPSHOT/hdds-hadoop-dependency-server-1.2.0-SNAPSHOT.jar:/home/runner/.m2/repository/org/apache/hadoop/hadoop-hdfs/3.3.1/hadoop-hdfs-3.3.1.jar:/home/runner/.m2/repository/io/dropwizard/metrics/metrics-core/3.2.4/metrics-core-3.2.4.jar:/home/runner/.m2/repository/org/apache/hadoop/hadoop-hdfs-client/3.3.1/hadoop-hdfs-client-3.3.1.jar:/home/runner/.m2/repository/org/bouncycastle/bcprov-jdk15on/1.67/bcprov-jdk15on-1.67.jar:/home/runner/.m2/repository/com/google/protobuf/protobuf-java/2.5.0/protobuf-java-2.5.0.jar:/home/runner/.m2/repository/org/apache/ozone/ozone-manager/1.2.0-SNAPSHOT/ozone-manager-1.2.0-SNAPSHOT.jar:/home/runner/.m2/repository/org/aspectj/aspectjrt/1.8.9/aspectjrt-1.8.9.jar:/home/runner/.m2/repository/org/aspectj/aspectjweaver/1.8.9/aspectjweaver-1.8.9.jar:/home/runner/.m2/repository/org/apache/ozone/hdds-interface-client/1.2.0-SNAPSHOT/hdds-interface-client-1.2.0-SNAPSHOT.jar:/home/runner/.m2/repository/org/apache/hadoop/thirdparty/hadoop-shaded-protobuf_3_7/1.1.1/hadoop-shaded-protobuf_3_7-1.1.1.jar:/home/runner/.m2/repository/org/apache/ratis/ratis-thirdparty-misc/0.7.0/ratis-thirdparty-misc-0.7.0.jar:/home/runner/.m2/repository/org/apache/ozone/ozone-interface-storage/1.2.0-SNAPSHOT/ozone-interface-storage-1.2.0-SNAPSHOT.jar:/home/runner/.m2/repository/org/reflections/reflections/0.9.11/reflections-0.9.11.jar:/home/runner/.m2/repository/org/apache/hadoop/hadoop-minikdc/3.3.1/hadoop-minikdc-3.3.1.jar:/home/runner/.m2/repository/org/apache/kerby/kerb-simplekdc/1.0.1/kerb-simplekdc-1.0.1.jar:/home/runner/.m2/repository/org/apache/kerby/kerb-client/1.0.1/kerb-client-1.0.1.jar:/home/runner/.m2/repository/org/apache/kerby/kerby-config/1.0.1/kerby-config-1.0.1.jar:/home/runner/.m2/repository/org/apache/kerby/kerb-common/1.0.1/kerb-common-1.0.1.jar:/home/runner/.m2/repository/org/apache/kerby/kerb-crypto/1.0.1/kerb-crypto-1.0.1.jar:/home/runner/.m2/repository/org/apache/kerby/kerb-util/1.0.1/kerb-util-1.0.1.jar:/home/runner/.m2/repository/org/apache/kerby/token-provider/1.0.1/token-provider-1.0.1.jar:/home/runner/.m2/repository/org/apache/kerby/kerb-admin/1.0.1/kerb-admin-1.0.1.jar:/home/runner/.m2/repository/org/apache/kerby/kerb-server/1.0.1/kerb-server-1.0.1.jar:/home/runner/.m2/repository/org/apache/kerby/kerb-identity/1.0.1/kerb-identity-1.0.1.jar:/home/runner/.m2/repository/org/apache/kerby/kerby-xdr/1.0.1/kerby-xdr-1.0.1.jar:/home/runner/.m2/repository/org/slf4j/slf4j-log4j12/1.7.30/slf4j-log4j12-1.7.30.jar:/home/runner/.m2/repository/org/apache/ozone/ozone-s3gateway/1.2.0-SNAPSHOT/ozone-s3gateway-1.2.0-SNAPSHOT.jar:/home/runner/.m2/repository/org/javassist/javassist/3.21.0-GA/javassist-3.21.0-GA.jar:/home/runner/.m2/repository/org/jboss/weld/servlet/weld-servlet/2.4.7.Final/weld-servlet-2.4.7.Final.jar:/home/runner/.m2/repository/org/glassfish/jersey/containers/jersey-container-servlet-core/2.33/jersey-container-servlet-core-2.33.jar:/home/runner/.m2/repository/org/glassfish/hk2/external/jakarta.inject/2.6.1/jakarta.inject-2.6.1.jar:/home/runner/.m2/repository/org/glassfish/jersey/core/jersey-common/2.33/jersey-common-2.33.jar:/home/runner/.m2/repository/jakarta/ws/rs/jakarta.ws.rs-api/2.1.6/jakarta.ws.rs-api-2.1.6.jar:/home/runner/.m2/repository/org/glassfish/jersey/ext/cdi/jersey-cdi1x/2.33/jersey-cdi1x-2.33.jar:/home/runner/.m2/repository/org/glassfish/jersey/inject/jersey-hk2/2.33/jersey-hk2-2.33.jar:/home/runner/.m2/repository/org/glassfish/hk2/hk2-locator/2.6.1/hk2-locator-2.6.1.jar:/home/runner/.m2/repository/org/glassfish/jersey/media/jersey-media-jaxb/2.33/jersey-media-jaxb-2.33.jar:/home/runner/.m2/repository/org/glassfish/hk2/osgi-resource-locator/1.0.3/osgi-resource-locator-1.0.3.jar:/home/runner/.m2/repository/org/glassfish/hk2/hk2-api/2.5.0/hk2-api-2.5.0.jar:/home/runner/.m2/repository/org/glassfish/hk2/hk2-utils/2.5.0/hk2-utils-2.5.0.jar:/home/runner/.m2/repository/org/glassfish/hk2/external/aopalliance-repackaged/2.5.0/aopalliance-repackaged-2.5.0.jar:/home/runner/.m2/repository/com/fasterxml/jackson/dataformat/jackson-dataformat-xml/2.12.1/jackson-dataformat-xml-2.12.1.jar:/home/runner/.m2/repository/com/fasterxml/jackson/core/jackson-core/2.12.1/jackson-core-2.12.1.jar:/home/runner/.m2/repository/com/fasterxml/jackson/module/jackson-module-jaxb-annotations/2.12.1/jackson-module-jaxb-annotations-2.12.1.jar:/home/runner/.m2/repository/jakarta/xml/bind/jakarta.xml.bind-api/2.3.2/jakarta.xml.bind-api-2.3.2.jar:/home/runner/.m2/repository/org/codehaus/woodstox/stax2-api/3.1.4/stax2-api-3.1.4.jar:/home/runner/.m2/repository/com/fasterxml/woodstox/woodstox-core/5.0.3/woodstox-core-5.0.3.jar:/home/runner/.m2/repository/javax/enterprise/cdi-api/1.2/cdi-api-1.2.jar:/home/runner/.m2/repository/javax/el/javax.el-api/3.0.0/javax.el-api-3.0.0.jar:/home/runner/.m2/repository/javax/interceptor/javax.interceptor-api/1.2/javax.interceptor-api-1.2.jar:/home/runner/.m2/repository/javax/inject/javax.inject/1/javax.inject-1.jar:/home/runner/.m2/repository/javax/xml/bind/jaxb-api/2.3.0/jaxb-api-2.3.0.jar:/home/runner/.m2/repository/org/glassfish/jaxb/jaxb-runtime/2.3.0.1/jaxb-runtime-2.3.0.1.jar:/home/runner/.m2/repository/org/glassfish/jaxb/jaxb-core/2.3.0.1/jaxb-core-2.3.0.1.jar:/home/runner/.m2/repository/org/glassfish/jaxb/txw2/2.3.0.1/txw2-2.3.0.1.jar:/home/runner/.m2/repository/com/sun/istack/istack-commons-runtime/3.0.5/istack-commons-runtime-3.0.5.jar:/home/runner/.m2/repository/org/jvnet/staxex/stax-ex/1.7.8/stax-ex-1.7.8.jar:/home/runner/.m2/repository/com/sun/xml/fastinfoset/FastInfoset/1.2.13/FastInfoset-1.2.13.jar:/home/runner/.m2/repository/javax/activation/activation/1.1.1/activation-1.1.1.jar:/home/runner/.m2/repository/org/apache/ozone/ozone-csi/1.2.0-SNAPSHOT/ozone-csi-1.2.0-SNAPSHOT.jar:/home/runner/.m2/repository/com/google/protobuf/protobuf-java-util/3.12.0/protobuf-java-util-3.12.0.jar:/home/runner/.m2/repository/com/google/code/gson/gson/2.2.4/gson-2.2.4.jar:/home/runner/.m2/repository/org/apache/ozone/hdds-config/1.2.0-SNAPSHOT/hdds-config-1.2.0-SNAPSHOT.jar:/home/runner/.m2/repository/io/grpc/grpc-netty/1.33.0/grpc-netty-1.33.0.jar:/home/runner/.m2/repository/io/grpc/grpc-core/1.33.0/grpc-core-1.33.0.jar:/home/runner/.m2/repository/com/google/android/annotations/4.1.1.4/annotations-4.1.1.4.jar:/home/runner/.m2/repository/io/netty/netty-codec-http2/4.1.63.Final/netty-codec-http2-4.1.63.Final.jar:/home/runner/.m2/repository/io/netty/netty-codec-http/4.1.63.Final/netty-codec-http-4.1.63.Final.jar:/home/runner/.m2/repository/io/netty/netty-handler-proxy/4.1.63.Final/netty-handler-proxy-4.1.63.Final.jar:/home/runner/.m2/repository/io/netty/netty-codec-socks/4.1.63.Final/netty-codec-socks-4.1.63.Final.jar:/home/runner/.m2/repository/io/perfmark/perfmark-api/0.19.0/perfmark-api-0.19.0.jar:/home/runner/.m2/repository/org/codehaus/mojo/animal-sniffer-annotations/1.18/animal-sniffer-annotations-1.18.jar:/home/runner/.m2/repository/io/netty/netty-transport-native-epoll/4.1.63.Final/netty-transport-native-epoll-4.1.63.Final.jar:/home/runner/.m2/repository/io/netty/netty-common/4.1.63.Final/netty-common-4.1.63.Final.jar:/home/runner/.m2/repository/io/netty/netty-buffer/4.1.63.Final/netty-buffer-4.1.63.Final.jar:/home/runner/.m2/repository/io/netty/netty-transport-native-unix-common/4.1.63.Final/netty-transport-native-unix-common-4.1.63.Final.jar:/home/runner/.m2/repository/io/grpc/grpc-protobuf/1.33.0/grpc-protobuf-1.33.0.jar:/home/runner/.m2/repository/io/grpc/grpc-api/1.33.0/grpc-api-1.33.0.jar:/home/runner/.m2/repository/io/grpc/grpc-context/1.33.0/grpc-context-1.33.0.jar:/home/runner/.m2/repository/com/google/api/grpc/proto-google-common-protos/1.17.0/proto-google-common-protos-1.17.0.jar:/home/runner/.m2/repository/io/grpc/grpc-protobuf-lite/1.33.0/grpc-protobuf-lite-1.33.0.jar:/home/runner/.m2/repository/io/grpc/grpc-stub/1.33.0/grpc-stub-1.33.0.jar:/home/runner/.m2/repository/org/apache/ozone/ozone-recon/1.2.0-SNAPSHOT/ozone-recon-1.2.0-SNAPSHOT.jar:/home/runner/.m2/repository/org/apache/ozone/ozone-reconcodegen/1.2.0-SNAPSHOT/ozone-reconcodegen-1.2.0-SNAPSHOT.jar:/home/runner/.m2/repository/com/google/inject/extensions/guice-multibindings/4.0/guice-multibindings-4.0.jar:/home/runner/.m2/repository/com/google/inject/guice/4.0/guice-4.0.jar:/home/runner/.m2/repository/aopalliance/aopalliance/1.0/aopalliance-1.0.jar:/home/runner/.m2/repository/com/google/inject/extensions/guice-assistedinject/4.0/guice-assistedinject-4.0.jar:/home/runner/.m2/repository/com/google/inject/extensions/guice-servlet/4.0/guice-servlet-4.0.jar:/home/runner/.m2/repository/org/glassfish/jersey/containers/jersey-container-servlet/2.33/jersey-container-servlet-2.33.jar:/home/runner/.m2/repository/org/glassfish/hk2/guice-bridge/2.5.0/guice-bridge-2.5.0.jar:/home/runner/.m2/repository/org/glassfish/jersey/core/jersey-server/2.33/jersey-server-2.33.jar:/home/runner/.m2/repository/org/glassfish/jersey/core/jersey-client/2.33/jersey-client-2.33.jar:/home/runner/.m2/repository/jakarta/annotation/jakarta.annotation-api/1.3.5/jakarta.annotation-api-1.3.5.jar:/home/runner/.m2/repository/jakarta/validation/jakarta.validation-api/2.0.2/jakarta.validation-api-2.0.2.jar:/home/runner/.m2/repository/org/glassfish/jersey/media/jersey-media-json-jackson/2.33/jersey-media-json-jackson-2.33.jar:/home/runner/.m2/repository/org/glassfish/jersey/ext/jersey-entity-filtering/2.33/jersey-entity-filtering-2.33.jar:/home/runner/.m2/repository/org/jooq/jooq/3.11.10/jooq-3.11.10.jar:/home/runner/.m2/repository/org/jooq/jooq-meta/3.11.10/jooq-meta-3.11.10.jar:/home/runner/.m2/repository/org/jooq/jooq-codegen/3.11.10/jooq-codegen-3.11.10.jar:/home/runner/.m2/repository/com/jolbox/bonecp/0.8.0.RELEASE/bonecp-0.8.0.RELEASE.jar:/home/runner/.m2/repository/org/apache/derby/derby/10.14.2.0/derby-10.14.2.0.jar:/home/runner/.m2/repository/org/xerial/sqlite-jdbc/3.25.2/sqlite-jdbc-3.25.2.jar:/home/runner/.m2/repository/org/springframework/spring-jdbc/5.2.11.RELEASE/spring-jdbc-5.2.11.RELEASE.jar:/home/runner/.m2/repository/org/springframework/spring-beans/5.2.11.RELEASE/spring-beans-5.2.11.RELEASE.jar:/home/runner/.m2/repository/org/springframework/spring-core/5.2.11.RELEASE/spring-core-5.2.11.RELEASE.jar:/home/runner/.m2/repository/org/springframework/spring-jcl/5.2.11.RELEASE/spring-jcl-5.2.11.RELEASE.jar:/home/runner/.m2/repository/org/springframework/spring-tx/5.2.11.RELEASE/spring-tx-5.2.11.RELEASE.jar:/home/runner/.m2/repository/org/apache/ozone/ozone-client/1.2.0-SNAPSHOT/ozone-client-1.2.0-SNAPSHOT.jar:/home/runner/.m2/repository/org/apache/ozone/ozone-filesystem/1.2.0-SNAPSHOT/ozone-filesystem-1.2.0-SNAPSHOT.jar:/home/runner/.m2/repository/org/apache/ozone/ozone-filesystem-common/1.2.0-SNAPSHOT/ozone-filesystem-common-1.2.0-SNAPSHOT.jar:/home/runner/.m2/repository/org/apache/ozone/ozone-tools/1.2.0-SNAPSHOT/ozone-tools-1.2.0-SNAPSHOT.jar:/home/runner/.m2/repository/org/apache/ratis/ratis-tools/2.1.0/ratis-tools-2.1.0.jar:/home/runner/.m2/repository/org/apache/ratis/ratis-proto/2.1.0/ratis-proto-2.1.0.jar:/home/runner/.m2/repository/org/apache/ratis/ratis-common/2.1.0/ratis-common-2.1.0.jar:/home/runner/.m2/repository/com/amazonaws/aws-java-sdk-core/1.11.901/aws-java-sdk-core-1.11.901.jar:/home/runner/.m2/repository/org/apache/httpcomponents/httpclient/4.5.13/httpclient-4.5.13.jar:/home/runner/.m2/repository/org/apache/httpcomponents/httpcore/4.4.13/httpcore-4.4.13.jar:/home/runner/.m2/repository/software/amazon/ion/ion-java/1.0.2/ion-java-1.0.2.jar:/home/runner/.m2/repository/com/fasterxml/jackson/dataformat/jackson-dataformat-cbor/2.12.1/jackson-dataformat-cbor-2.12.1.jar:/home/runner/.m2/repository/joda-time/joda-time/2.8.1/joda-time-2.8.1.jar:/home/runner/.m2/repository/com/amazonaws/aws-java-sdk-s3/1.11.901/aws-java-sdk-s3-1.11.901.jar:/home/runner/.m2/repository/com/amazonaws/aws-java-sdk-kms/1.11.901/aws-java-sdk-kms-1.11.901.jar:/home/runner/.m2/repository/com/amazonaws/jmespath-java/1.11.901/jmespath-java-1.11.901.jar:/home/runner/.m2/repository/org/kohsuke/metainf-services/metainf-services/1.8/metainf-services-1.8.jar:/home/runner/.m2/repository/org/apache/ozone/hdds-tools/1.2.0-SNAPSHOT/hdds-tools-1.2.0-SNAPSHOT.jar:/home/runner/.m2/repository/commons-cli/commons-cli/1.2/commons-cli-1.2.jar:/home/runner/.m2/repository/org/apache/commons/commons-lang3/3.7/commons-lang3-3.7.jar:/home/runner/.m2/repository/org/apache/ozone/ozone-manager/1.2.0-SNAPSHOT/ozone-manager-1.2.0-SNAPSHOT-tests.jar:/home/runner/.m2/repository/org/apache/ozone/hdds-common/1.2.0-SNAPSHOT/hdds-common-1.2.0-SNAPSHOT-tests.jar:/home/runner/.m2/repository/org/apache/ozone/hdds-hadoop-dependency-client/1.2.0-SNAPSHOT/hdds-hadoop-dependency-client-1.2.0-SNAPSHOT.jar:/home/runner/.m2/repository/info/picocli/picocli/4.4.0/picocli-4.4.0.jar:/home/runner/.m2/repository/com/fasterxml/jackson/core/jackson-annotations/2.12.1/jackson-annotations-2.12.1.jar:/home/runner/.m2/repository/javax/annotation/javax.annotation-api/1.2/javax.annotation-api-1.2.jar:/home/runner/.m2/repository/org/apache/ratis/ratis-server/2.1.0/ratis-server-2.1.0.jar:/home/runner/.m2/repository/org/apache/ratis/ratis-client/2.1.0/ratis-client-2.1.0.jar:/home/runner/.m2/repository/org/apache/ratis/ratis-server-api/2.1.0/ratis-server-api-2.1.0.jar:/home/runner/.m2/repository/org/apache/ratis/ratis-metrics/2.1.0/ratis-metrics-2.1.0.jar:/home/runner/.m2/repository/org/apache/ratis/ratis-netty/2.1.0/ratis-netty-2.1.0.jar:/home/runner/.m2/repository/org/apache/ratis/ratis-grpc/2.1.0/ratis-grpc-2.1.0.jar:/home/runner/.m2/repository/org/apache/logging/log4j/log4j-api/2.13.3/log4j-api-2.13.3.jar:/home/runner/.m2/repository/org/apache/logging/log4j/log4j-core/2.13.3/log4j-core-2.13.3.jar:/home/runner/.m2/repository/com/lmax/disruptor/3.4.2/disruptor-3.4.2.jar:/home/runner/.m2/repository/org/apache/commons/commons-pool2/2.6.0/commons-pool2-2.6.0.jar:/home/runner/.m2/repository/org/bouncycastle/bcpkix-jdk15on/1.67/bcpkix-jdk15on-1.67.jar:/home/runner/.m2/repository/commons-validator/commons-validator/1.6/commons-validator-1.6.jar:/home/runner/.m2/repository/commons-beanutils/commons-beanutils/1.9.4/commons-beanutils-1.9.4.jar:/home/runner/.m2/repository/commons-digester/commons-digester/1.8.1/commons-digester-1.8.1.jar:/home/runner/.m2/repository/commons-collections/commons-collections/3.2.2/commons-collections-3.2.2.jar:/home/runner/.m2/repository/io/jaegertracing/jaeger-client/1.6.0/jaeger-client-1.6.0.jar:/home/runner/.m2/repository/io/jaegertracing/jaeger-thrift/1.6.0/jaeger-thrift-1.6.0.jar:/home/runner/.m2/repository/org/apache/thrift/libthrift/0.14.1/libthrift-0.14.1.jar:/home/runner/.m2/repository/com/squareup/okhttp3/okhttp/4.9.0/okhttp-4.9.0.jar:/home/runner/.m2/repository/com/squareup/okio/okio/2.8.0/okio-2.8.0.jar:/home/runner/.m2/repository/io/jaegertracing/jaeger-core/1.6.0/jaeger-core-1.6.0.jar:/home/runner/.m2/repository/io/jaegertracing/jaeger-tracerresolver/1.6.0/jaeger-tracerresolver-1.6.0.jar:/home/runner/.m2/repository/io/opentracing/contrib/opentracing-tracerresolver/0.1.8/opentracing-tracerresolver-0.1.8.jar:/home/runner/.m2/repository/org/jetbrains/kotlin/kotlin-stdlib/1.4.31/kotlin-stdlib-1.4.31.jar:/home/runner/.m2/repository/org/jetbrains/kotlin/kotlin-stdlib-common/1.4.31/kotlin-stdlib-common-1.4.31.jar:/home/runner/.m2/repository/org/jetbrains/annotations/13.0/annotations-13.0.jar:/home/runner/.m2/repository/io/opentracing/opentracing-util/0.33.0/opentracing-util-0.33.0.jar:/home/runner/.m2/repository/io/opentracing/opentracing-api/0.33.0/opentracing-api-0.33.0.jar:/home/runner/.m2/repository/io/opentracing/opentracing-noop/0.33.0/opentracing-noop-0.33.0.jar:/home/runner/.m2/repository/org/yaml/snakeyaml/1.26/snakeyaml-1.26.jar:/home/runner/.m2/repository/org/apache/ozone/hdds-interface-admin/1.2.0-SNAPSHOT/hdds-interface-admin-1.2.0-SNAPSHOT.jar:/home/runner/.m2/repository/junit/junit/4.13.1/junit-4.13.1.jar:/home/runner/.m2/repository/org/hamcrest/hamcrest-core/1.3/hamcrest-core-1.3.jar:/home/runner/.m2/repository/org/junit/jupiter/junit-jupiter-api/5.7.0/junit-jupiter-api-5.7.0.jar:/home/runner/.m2/repository/org/apiguardian/apiguardian-api/1.1.0/apiguardian-api-1.1.0.jar:/home/runner/.m2/repository/org/opentest4j/opentest4j/1.2.0/opentest4j-1.2.0.jar:/home/runner/.m2/repository/org/junit/platform/junit-platform-commons/1.7.0/junit-platform-commons-1.7.0.jar:/home/runner/.m2/repository/org/junit/jupiter/junit-jupiter-engine/5.7.0/junit-jupiter-engine-5.7.0.jar:/home/runner/.m2/repository/org/junit/platform/junit-platform-engine/1.7.0/junit-platform-engine-1.7.0.jar:/home/runner/.m2/repository/org/junit/vintage/junit-vintage-engine/5.7.0/junit-vintage-engine-5.7.0.jar:/home/runner/.m2/repository/org/junit/platform/junit-platform-launcher/1.7.0/junit-platform-launcher-1.7.0.jar:/home/runner/.m2/repository/org/openjdk/jmh/jmh-core/1.19/jmh-core-1.19.jar:/home/runner/.m2/repository/net/sf/jopt-simple/jopt-simple/4.6/jopt-simple-4.6.jar:/home/runner/.m2/repository/org/apache/commons/commons-math3/3.1.1/commons-math3-3.1.1.jar:/home/runner/.m2/repository/org/openjdk/jmh/jmh-generator-annprocess/1.19/jmh-generator-annprocess-1.19.jar:/home/runner/.m2/repository/org/mockito/mockito-core/2.28.2/mockito-core-2.28.2.jar:/home/runner/.m2/repository/net/bytebuddy/byte-buddy/1.9.10/byte-buddy-1.9.10.jar:/home/runner/.m2/repository/net/bytebuddy/byte-buddy-agent/1.9.10/byte-buddy-agent-1.9.10.jar:/home/runner/.m2/repository/org/objenesis/objenesis/1.0/objenesis-1.0.jar:/home/runner/.m2/repository/org/apache/hadoop/hadoop-kms/3.3.1/hadoop-kms-3.3.1.jar:/home/runner/.m2/repository/org/apache/hadoop/hadoop-auth/3.3.1/hadoop-auth-3.3.1.jar:/home/runner/.m2/repository/com/nimbusds/nimbus-jose-jwt/7.9/nimbus-jose-jwt-7.9.jar:/home/runner/.m2/repository/com/github/stephenc/jcip/jcip-annotations/1.0-1/jcip-annotations-1.0-1.jar:/home/runner/.m2/repository/net/minidev/json-smart/2.3/json-smart-2.3.jar:/home/runner/.m2/repository/net/minidev/accessors-smart/1.2/accessors-smart-1.2.jar:/home/runner/.m2/repository/org/ow2/asm/asm/5.0.4/asm-5.0.4.jar:/home/runner/.m2/repository/org/apache/zookeeper/zookeeper/3.5.6/zookeeper-3.5.6.jar:/home/runner/.m2/repository/org/apache/zookeeper/zookeeper-jute/3.5.6/zookeeper-jute-3.5.6.jar:/home/runner/.m2/repository/org/apache/yetus/audience-annotations/0.5.0/audience-annotations-0.5.0.jar:/home/runner/.m2/repository/org/apache/curator/curator-framework/4.2.0/curator-framework-4.2.0.jar:/home/runner/.m2/repository/org/apache/hadoop/thirdparty/hadoop-shaded-guava/1.1.1/hadoop-shaded-guava-1.1.1.jar:/home/runner/.m2/repository/com/sun/jersey/jersey-core/1.19/jersey-core-1.19.jar:/home/runner/.m2/repository/javax/ws/rs/jsr311-api/1.1.1/jsr311-api-1.1.1.jar:/home/runner/.m2/repository/com/sun/jersey/jersey-server/1.19/jersey-server-1.19.jar:/home/runner/.m2/repository/javax/servlet/javax.servlet-api/3.1.0/javax.servlet-api-3.1.0.jar:/home/runner/.m2/repository/org/eclipse/jetty/jetty-server/9.4.35.v20201120/jetty-server-9.4.35.v20201120.jar:/home/runner/.m2/repository/org/eclipse/jetty/jetty-http/9.4.35.v20201120/jetty-http-9.4.35.v20201120.jar:/home/runner/.m2/repository/org/eclipse/jetty/jetty-io/9.4.35.v20201120/jetty-io-9.4.35.v20201120.jar:/home/runner/.m2/repository/org/eclipse/jetty/jetty-webapp/9.4.35.v20201120/jetty-webapp-9.4.35.v20201120.jar:/home/runner/.m2/repository/org/eclipse/jetty/jetty-xml/9.4.35.v20201120/jetty-xml-9.4.35.v20201120.jar:/home/runner/.m2/repository/org/apache/hadoop/hadoop-common/3.3.1/hadoop-common-3.3.1.jar:/home/runner/.m2/repository/commons-net/commons-net/3.6/commons-net-3.6.jar:/home/runner/.m2/repository/jakarta/activation/jakarta.activation-api/1.2.1/jakarta.activation-api-1.2.1.jar:/home/runner/.m2/repository/com/sun/jersey/jersey-servlet/1.19/jersey-servlet-1.19.jar:/home/runner/.m2/repository/com/sun/jersey/jersey-json/1.19/jersey-json-1.19.jar:/home/runner/.m2/repository/org/codehaus/jettison/jettison/1.1/jettison-1.1.jar:/home/runner/.m2/repository/com/sun/xml/bind/jaxb-impl/2.2.3-1/jaxb-impl-2.2.3-1.jar:/home/runner/.m2/repository/org/codehaus/jackson/jackson-jaxrs/1.9.2/jackson-jaxrs-1.9.2.jar:/home/runner/.m2/repository/org/codehaus/jackson/jackson-xc/1.9.2/jackson-xc-1.9.2.jar:/home/runner/.m2/repository/org/apache/commons/commons-configuration2/2.1.1/commons-configuration2-2.1.1.jar:/home/runner/.m2/repository/org/apache/commons/commons-text/1.4/commons-text-1.4.jar:/home/runner/.m2/repository/com/google/re2j/re2j/1.1/re2j-1.1.jar:/home/runner/.m2/repository/com/jcraft/jsch/0.1.54/jsch-0.1.54.jar:/home/runner/.m2/repository/org/apache/curator/curator-client/4.2.0/curator-client-4.2.0.jar:/home/runner/.m2/repository/org/apache/curator/curator-recipes/4.2.0/curator-recipes-4.2.0.jar:/home/runner/.m2/repository/org/apache/kerby/kerb-core/1.0.1/kerb-core-1.0.1.jar:/home/runner/.m2/repository/org/apache/kerby/kerby-pkix/1.0.1/kerby-pkix-1.0.1.jar:/home/runner/.m2/repository/org/apache/kerby/kerby-asn1/1.0.1/kerby-asn1-1.0.1.jar:/home/runner/.m2/repository/org/apache/kerby/kerby-util/1.0.1/kerby-util-1.0.1.jar:/home/runner/.m2/repository/dnsjava/dnsjava/2.1.7/dnsjava-2.1.7.jar:/home/runner/.m2/repository/org/xerial/snappy/snappy-java/1.1.8.2/snappy-java-1.1.8.2.jar:/home/runner/.m2/repository/org/slf4j/jul-to-slf4j/1.7.30/jul-to-slf4j-1.7.30.jar:/home/runner/.m2/repository/org/eclipse/jetty/jetty-util/9.4.35.v20201120/jetty-util-9.4.35.v20201120.jar:/home/runner/.m2/repository/com/fasterxml/jackson/core/jackson-databind/2.12.1/jackson-databind-2.12.1.jar:/home/runner/.m2/repository/org/apache/hadoop/hadoop-kms/3.3.1/hadoop-kms-3.3.1-tests.jar:/home/runner/.m2/repository/org/apache/ozone/hdds-server-scm/1.2.0-SNAPSHOT/hdds-server-scm-1.2.0-SNAPSHOT-tests.jar:/home/runner/.m2/repository/org/apache/ozone/hdds-container-service/1.2.0-SNAPSHOT/hdds-container-service-1.2.0-SNAPSHOT-tests.jar:/home/runner/.m2/repository/commons-codec/commons-codec/1.11/commons-codec-1.11.jar:/home/runner/.m2/repository/io/netty/netty-transport/4.1.63.Final/netty-transport-4.1.63.Final.jar:/home/runner/.m2/repository/io/netty/netty-resolver/4.1.63.Final/netty-resolver-4.1.63.Final.jar:/home/runner/.m2/repository/io/netty/netty-codec/4.1.63.Final/netty-codec-4.1.63.Final.jar:/home/runner/.m2/repository/io/netty/netty-handler/4.1.63.Final/netty-handler-4.1.63.Final.jar:/home/runner/.m2/repository/org/apache/ozone/hdds-hadoop-dependency-test/1.2.0-SNAPSHOT/hdds-hadoop-dependency-test-1.2.0-SNAPSHOT.jar:/home/runner/.m2/repository/org/apache/hadoop/hadoop-common/3.3.1/hadoop-common-3.3.1-tests.jar:/home/runner/.m2/repository/org/assertj/assertj-core/3.12.2/assertj-core-3.12.2.jar:/home/runner/.m2/repository/org/apache/hadoop/hadoop-hdfs/3.3.1/hadoop-hdfs-3.3.1-tests.jar:/home/runner/.m2/repository/org/eclipse/jetty/jetty-util-ajax/9.4.35.v20201120/jetty-util-ajax-9.4.35.v20201120.jar:/home/runner/.m2/repository/commons-daemon/commons-daemon/1.0.13/commons-daemon-1.0.13.jar:/home/runner/.m2/repository/io/netty/netty/3.10.6.Final/netty-3.10.6.Final.jar:/home/runner/.m2/repository/io/netty/netty-all/4.1.63.Final/netty-all-4.1.63.Final.jar:/home/runner/.m2/repository/org/apache/htrace/htrace-core4/4.1.0-incubating/htrace-core4-4.1.0-incubating.jar:/home/runner/.m2/repository/org/fusesource/leveldbjni/leveldbjni-all/1.8/leveldbjni-all-1.8.jar:/home/runner/.m2/repository/org/apache/hadoop/hadoop-distcp/3.3.1/hadoop-distcp-3.3.1.jar:/home/runner/.m2/repository/org/apache/hadoop/hadoop-mapreduce-client-jobclient/3.3.1/hadoop-mapreduce-client-jobclient-3.3.1.jar:/home/runner/.m2/repository/org/apache/hadoop/hadoop-mapreduce-client-common/3.3.1/hadoop-mapreduce-client-common-3.3.1.jar:/home/runner/.m2/repository/org/apache/hadoop/hadoop-yarn-common/3.3.1/hadoop-yarn-common-3.3.1.jar:/home/runner/.m2/repository/org/apache/hadoop/hadoop-yarn-api/3.3.1/hadoop-yarn-api-3.3.1.jar:/home/runner/.m2/repository/com/sun/jersey/jersey-client/1.19/jersey-client-1.19.jar:/home/runner/.m2/repository/com/sun/jersey/contribs/jersey-guice/1.19/jersey-guice-1.19.jar:/home/runner/.m2/repository/com/fasterxml/jackson/jaxrs/jackson-jaxrs-json-provider/2.12.1/jackson-jaxrs-json-provider-2.12.1.jar:/home/runner/.m2/repository/com/fasterxml/jackson/jaxrs/jackson-jaxrs-base/2.12.1/jackson-jaxrs-base-2.12.1.jar:/home/runner/.m2/repository/org/apache/hadoop/hadoop-yarn-client/3.3.1/hadoop-yarn-client-3.3.1.jar:/home/runner/.m2/repository/org/eclipse/jetty/websocket/websocket-client/9.4.40.v20210413/websocket-client-9.4.40.v20210413.jar:/home/runner/.m2/repository/org/eclipse/jetty/jetty-client/9.4.40.v20210413/jetty-client-9.4.40.v20210413.jar:/home/runner/.m2/repository/org/eclipse/jetty/websocket/websocket-common/9.4.40.v20210413/websocket-common-9.4.40.v20210413.jar:/home/runner/.m2/repository/org/eclipse/jetty/websocket/websocket-api/9.4.40.v20210413/websocket-api-9.4.40.v20210413.jar:/home/runner/.m2/repository/org/jline/jline/3.9.0/jline-3.9.0.jar:/home/runner/.m2/repository/org/apache/hadoop/hadoop-mapreduce-client-core/3.3.1/hadoop-mapreduce-client-core-3.3.1.jar:/home/runner/.m2/repository/org/apache/avro/avro/1.7.7/avro-1.7.7.jar:/home/runner/.m2/repository/org/codehaus/jackson/jackson-core-asl/1.9.13/jackson-core-asl-1.9.13.jar:/home/runner/.m2/repository/org/codehaus/jackson/jackson-mapper-asl/1.9.13/jackson-mapper-asl-1.9.13.jar:/home/runner/.m2/repository/com/thoughtworks/paranamer/paranamer/2.3/paranamer-2.3.jar:/home/runner/.m2/repository/org/apache/hadoop/hadoop-annotations/3.3.1/hadoop-annotations-3.3.1.jar:/usr/lib/jvm/adoptopenjdk-8-hotspot-amd64/jre/../lib/tools.jar:/home/runner/.m2/repository/org/apache/hadoop/hadoop-distcp/3.3.1/hadoop-distcp-3.3.1-tests.jar:"/>
    <property name="sun.cpu.endian" value="little"/>
    <property name="user.home" value="/home/runner"/>
    <property name="user.language" value="en"/>
    <property name="java.specification.vendor" value="Oracle Corporation"/>
    <property name="java.home" value="/usr/lib/jvm/adoptopenjdk-8-hotspot-amd64/jre"/>
    <property name="java.security.krb5.conf" value="/home/runner/work/ozone/ozone/mnt/ozone/hadoop-ozone/integration-test/target/test-classes/krb5.conf"/>
    <property name="basedir" value="/home/runner/work/ozone/ozone/mnt/ozone/hadoop-ozone/integration-test"/>
    <property name="file.separator" value="/"/>
    <property name="line.separator" value="&#10;"/>
    <property name="java.vm.specification.vendor" value="Oracle Corporation"/>
    <property name="java.specification.name" value="Java Platform API Specification"/>
    <property name="java.awt.graphicsenv" value="sun.awt.X11GraphicsEnvironment"/>
    <property name="skip.installnpx" value="true"/>
    <property name="surefire.real.class.path" value="/home/runner/work/ozone/ozone/mnt/ozone/hadoop-ozone/integration-test/target/surefire/surefirebooter4400119266746477888.jar:/home/runner/.m2/repository/org/jacoco/org.jacoco.agent/0.8.5/org.jacoco.agent-0.8.5-runtime.jar"/>
    <property name="hadoop.log.dir" value="/home/runner/work/ozone/ozone/mnt/ozone/hadoop-ozone/integration-test/target/log"/>
    <property name="sun.boot.class.path" value="/usr/lib/jvm/adoptopenjdk-8-hotspot-amd64/jre/lib/resources.jar:/usr/lib/jvm/adoptopenjdk-8-hotspot-amd64/jre/lib/rt.jar:/usr/lib/jvm/adoptopenjdk-8-hotspot-amd64/jre/lib/sunrsasign.jar:/usr/lib/jvm/adoptopenjdk-8-hotspot-amd64/jre/lib/jsse.jar:/usr/lib/jvm/adoptopenjdk-8-hotspot-amd64/jre/lib/jce.jar:/usr/lib/jvm/adoptopenjdk-8-hotspot-amd64/jre/lib/charsets.jar:/usr/lib/jvm/adoptopenjdk-8-hotspot-amd64/jre/lib/jfr.jar:/usr/lib/jvm/adoptopenjdk-8-hotspot-amd64/jre/classes"/>
    <property name="sun.management.compiler" value="HotSpot 64-Bit Tiered Compilers"/>
    <property name="skip.npx" value="true"/>
    <property name="java.runtime.version" value="1.8.0_292-b10"/>
    <property name="java.net.preferIPv4Stack" value="true"/>
    <property name="user.name" value="runner"/>
    <property name="path.separator" value=":"/>
    <property name="java.security.egd" value="file:///dev/urandom"/>
    <property name="os.version" value="5.4.0-1051-azure"/>
    <property name="java.endorsed.dirs" value="/usr/lib/jvm/adoptopenjdk-8-hotspot-amd64/jre/lib/endorsed"/>
    <property name="java.runtime.name" value="OpenJDK Runtime Environment"/>
    <property name="file.encoding" value="UTF-8"/>
    <property name="java.vm.name" value="OpenJDK 64-Bit Server VM"/>
    <property name="test.build.webapps" value=""/>
    <property name="localRepository" value="/home/runner/.m2/repository"/>
    <property name="java.vendor.url.bug" value="https://github.com/AdoptOpenJDK/openjdk-support/issues"/>
    <property name="java.io.tmpdir" value="/tmp"/>
    <property name="require.test.libhadoop" value=""/>
    <property name="java.version" value="1.8.0_292"/>
    <property name="user.dir" value="/home/runner/work/ozone/ozone/mnt/ozone/hadoop-ozone/integration-test"/>
    <property name="os.arch" value="amd64"/>
    <property name="java.vm.specification.name" value="Java Virtual Machine Specification"/>
    <property name="test.build.classes" value="/home/runner/work/ozone/ozone/mnt/ozone/hadoop-ozone/integration-test/target/test-classes"/>
    <property name="java.awt.printerjob" value="sun.print.PSPrinterJob"/>
    <property name="sun.os.patch.level" value="unknown"/>
    <property name="hadoop.tmp.dir" value="/home/runner/work/ozone/ozone/mnt/ozone/hadoop-ozone/integration-test/target/tmp"/>
    <property name="java.library.path" value="/usr/java/packages/lib/amd64:/usr/lib64:/lib64:/lib:/usr/lib"/>
    <property name="java.vm.info" value="mixed mode"/>
    <property name="java.vendor" value="AdoptOpenJDK"/>
    <property name="java.vm.version" value="25.292-b10"/>
    <property name="java.ext.dirs" value="/usr/lib/jvm/adoptopenjdk-8-hotspot-amd64/jre/lib/ext:/usr/java/packages/lib/ext"/>
    <property name="sun.io.unicode.encoding" value="UnicodeLittle"/>
    <property name="java.class.version" value="52.0"/>
  </properties>
  <testcase name="testBlockWriteViaRatis" classname="org.apache.hadoop.ozone.client.rpc.TestCloseContainerHandlingByClient" time="3.272"/>
  <testcase name="testBlockWritesWithFlushAndClose" classname="org.apache.hadoop.ozone.client.rpc.TestCloseContainerHandlingByClient" time="1.878"/>
  <testcase name="testBlockWritesCloseConsistency" classname="org.apache.hadoop.ozone.client.rpc.TestCloseContainerHandlingByClient" time="2.737"/>
  <testcase name="testMultiBlockWrites" classname="org.apache.hadoop.ozone.client.rpc.TestCloseContainerHandlingByClient" time="2.404"/>
  <testcase name="testBlockWrites" classname="org.apache.hadoop.ozone.client.rpc.TestCloseContainerHandlingByClient" time="2.459"/>
  <testcase name="testMultiBlockWrites2" classname="org.apache.hadoop.ozone.client.rpc.TestCloseContainerHandlingByClient" time="8.532"/>
  <testcase name="testMultiBlockWrites3" classname="org.apache.hadoop.ozone.client.rpc.TestCloseContainerHandlingByClient" time="88.228">
    <error message="java.io.IOException: java.io.IOException: java.io.IOException: INTERNAL_ERROR org.apache.hadoop.ozone.om.exceptions.OMException: Allocated 0 blocks. Requested 1 blocks" type="java.io.IOException">java.io.IOException: java.io.IOException: java.io.IOException: java.io.IOException: INTERNAL_ERROR org.apache.hadoop.ozone.om.exceptions.OMException: Allocated 0 blocks. Requested 1 blocks
	at org.apache.hadoop.ozone.client.io.KeyOutputStream.handleWrite(KeyOutputStream.java:250)
	at org.apache.hadoop.ozone.client.io.KeyOutputStream.write(KeyOutputStream.java:220)
	at org.apache.hadoop.ozone.client.io.OzoneOutputStream.write(OzoneOutputStream.java:50)
	at java.io.OutputStream.write(OutputStream.java:75)
	at org.apache.hadoop.ozone.client.rpc.TestCloseContainerHandlingByClient.testMultiBlockWrites3(TestCloseContainerHandlingByClient.java:330)
	at sun.reflect.NativeMethodAccessorImpl.invoke0(Native Method)
	at sun.reflect.NativeMethodAccessorImpl.invoke(NativeMethodAccessorImpl.java:62)
	at sun.reflect.DelegatingMethodAccessorImpl.invoke(DelegatingMethodAccessorImpl.java:43)
	at java.lang.reflect.Method.invoke(Method.java:498)
	at org.junit.runners.model.FrameworkMethod$1.runReflectiveCall(FrameworkMethod.java:59)
	at org.junit.internal.runners.model.ReflectiveCallable.run(ReflectiveCallable.java:12)
	at org.junit.runners.model.FrameworkMethod.invokeExplosively(FrameworkMethod.java:56)
	at org.junit.internal.runners.statements.InvokeMethod.evaluate(InvokeMethod.java:17)
	at org.junit.internal.runners.statements.FailOnTimeout$CallableStatement.call(FailOnTimeout.java:288)
	at org.junit.internal.runners.statements.FailOnTimeout$CallableStatement.call(FailOnTimeout.java:282)
	at java.util.concurrent.FutureTask.run(FutureTask.java:266)
	at java.lang.Thread.run(Thread.java:748)
Caused by: java.io.IOException: java.io.IOException: java.io.IOException: INTERNAL_ERROR org.apache.hadoop.ozone.om.exceptions.OMException: Allocated 0 blocks. Requested 1 blocks
	at org.apache.hadoop.ozone.client.io.KeyOutputStream.handleWrite(KeyOutputStream.java:250)
	at org.apache.hadoop.ozone.client.io.KeyOutputStream.handleRetry(KeyOutputStream.java:423)
	at org.apache.hadoop.ozone.client.io.KeyOutputStream.handleException(KeyOutputStream.java:368)
	at org.apache.hadoop.ozone.client.io.KeyOutputStream.writeToOutputStream(KeyOutputStream.java:282)
	at org.apache.hadoop.ozone.client.io.KeyOutputStream.handleWrite(KeyOutputStream.java:240)
	... 16 more
Caused by: java.io.IOException: java.io.IOException: INTERNAL_ERROR org.apache.hadoop.ozone.om.exceptions.OMException: Allocated 0 blocks. Requested 1 blocks
	at org.apache.hadoop.ozone.client.io.KeyOutputStream.handleWrite(KeyOutputStream.java:250)
	at org.apache.hadoop.ozone.client.io.KeyOutputStream.handleRetry(KeyOutputStream.java:423)
	at org.apache.hadoop.ozone.client.io.KeyOutputStream.handleException(KeyOutputStream.java:368)
	at org.apache.hadoop.ozone.client.io.KeyOutputStream.writeToOutputStream(KeyOutputStream.java:282)
	at org.apache.hadoop.ozone.client.io.KeyOutputStream.handleWrite(KeyOutputStream.java:240)
	... 20 more
Caused by: java.io.IOException: INTERNAL_ERROR org.apache.hadoop.ozone.om.exceptions.OMException: Allocated 0 blocks. Requested 1 blocks
	at org.apache.hadoop.ozone.client.io.KeyOutputStream.handleWrite(KeyOutputStream.java:250)
	at org.apache.hadoop.ozone.client.io.KeyOutputStream.handleRetry(KeyOutputStream.java:423)
	at org.apache.hadoop.ozone.client.io.KeyOutputStream.handleException(KeyOutputStream.java:368)
	at org.apache.hadoop.ozone.client.io.KeyOutputStream.writeToOutputStream(KeyOutputStream.java:282)
	at org.apache.hadoop.ozone.client.io.KeyOutputStream.handleWrite(KeyOutputStream.java:240)
	... 24 more
Caused by: INTERNAL_ERROR org.apache.hadoop.ozone.om.exceptions.OMException: Allocated 0 blocks. Requested 1 blocks
	at org.apache.hadoop.ozone.om.protocolPB.OzoneManagerProtocolClientSideTranslatorPB.handleError(OzoneManagerProtocolClientSideTranslatorPB.java:613)
	at org.apache.hadoop.ozone.om.protocolPB.OzoneManagerProtocolClientSideTranslatorPB.allocateBlock(OzoneManagerProtocolClientSideTranslatorPB.java:643)
	at org.apache.hadoop.ozone.client.io.BlockOutputStreamEntryPool.allocateNewBlock(BlockOutputStreamEntryPool.java:243)
	at org.apache.hadoop.ozone.client.io.BlockOutputStreamEntryPool.allocateBlockIfNeeded(BlockOutputStreamEntryPool.java:289)
	at org.apache.hadoop.ozone.client.io.KeyOutputStream.handleWrite(KeyOutputStream.java:229)
	... 28 more
</error>
    <system-out><![CDATA[2021-07-27 15:35:02,848 [Datanode State Machine Thread - 0] WARN  statemachine.StateContext (StateContext.java:execute(621)) - No available thread in pool for past 1 seconds.
2021-07-27 15:35:02,851 [Datanode State Machine Thread - 0] WARN  statemachine.StateContext (StateContext.java:execute(621)) - No available thread in pool for past 1 seconds.
2021-07-27 15:35:03,258 [EventQueue-CloseContainerForCloseContainerEventHandler] INFO  container.CloseContainerEventHandler (CloseContainerEventHandler.java:onMessage(69)) - Close container Event triggered for container : #14
2021-07-27 15:35:03,258 [EventQueue-CloseContainerForCloseContainerEventHandler] INFO  container.CloseContainerEventHandler (CloseContainerEventHandler.java:onMessage(69)) - Close container Event triggered for container : #14
2021-07-27 15:35:03,258 [EventQueue-CloseContainerForCloseContainerEventHandler] INFO  container.CloseContainerEventHandler (CloseContainerEventHandler.java:onMessage(69)) - Close container Event triggered for container : #14
2021-07-27 15:35:03,258 [EventQueue-CloseContainerForCloseContainerEventHandler] INFO  container.CloseContainerEventHandler (CloseContainerEventHandler.java:onMessage(69)) - Close container Event triggered for container : #8
2021-07-27 15:35:03,258 [EventQueue-CloseContainerForCloseContainerEventHandler] INFO  container.CloseContainerEventHandler (CloseContainerEventHandler.java:onMessage(69)) - Close container Event triggered for container : #8
2021-07-27 15:35:03,258 [EventQueue-CloseContainerForCloseContainerEventHandler] INFO  container.CloseContainerEventHandler (CloseContainerEventHandler.java:onMessage(69)) - Close container Event triggered for container : #8
2021-07-27 15:35:03,258 [EventQueue-CloseContainerForCloseContainerEventHandler] INFO  container.CloseContainerEventHandler (CloseContainerEventHandler.java:onMessage(69)) - Close container Event triggered for container : #15
2021-07-27 15:35:03,259 [EventQueue-CloseContainerForCloseContainerEventHandler] INFO  container.CloseContainerEventHandler (CloseContainerEventHandler.java:onMessage(69)) - Close container Event triggered for container : #15
2021-07-27 15:35:03,259 [EventQueue-CloseContainerForCloseContainerEventHandler] INFO  container.CloseContainerEventHandler (CloseContainerEventHandler.java:onMessage(69)) - Close container Event triggered for container : #15
2021-07-27 15:35:03,312 [Datanode State Machine Thread - 0] WARN  statemachine.StateContext (StateContext.java:execute(621)) - No available thread in pool for past 1 seconds.
2021-07-27 15:35:03,314 [Datanode State Machine Thread - 0] WARN  statemachine.StateContext (StateContext.java:execute(621)) - No available thread in pool for past 1 seconds.
2021-07-27 15:35:03,758 [EventQueue-CloseContainerForCloseContainerEventHandler] INFO  container.CloseContainerEventHandler (CloseContainerEventHandler.java:onMessage(69)) - Close container Event triggered for container : #16
2021-07-27 15:35:03,758 [EventQueue-CloseContainerForCloseContainerEventHandler] INFO  container.CloseContainerEventHandler (CloseContainerEventHandler.java:onMessage(69)) - Close container Event triggered for container : #16
2021-07-27 15:35:03,758 [EventQueue-CloseContainerForCloseContainerEventHandler] INFO  container.CloseContainerEventHandler (CloseContainerEventHandler.java:onMessage(69)) - Close container Event triggered for container : #16
2021-07-27 15:35:04,298 [Datanode State Machine Thread - 0] WARN  statemachine.StateContext (StateContext.java:execute(621)) - No available thread in pool for past 1 seconds.
2021-07-27 15:35:04,307 [Datanode State Machine Thread - 0] WARN  statemachine.StateContext (StateContext.java:execute(621)) - No available thread in pool for past 1 seconds.
2021-07-27 15:35:04,698 [Datanode State Machine Thread - 0] WARN  statemachine.StateContext (StateContext.java:execute(621)) - No available thread in pool for past 1 seconds.
2021-07-27 15:35:04,702 [pool-177-thread-7] INFO  keyvalue.KeyValueContainer (KeyValueContainer.java:flushAndSyncDB(397)) - Container 14 is synced with bcsId 126.
2021-07-27 15:35:04,702 [pool-177-thread-7] INFO  keyvalue.KeyValueContainer (KeyValueContainer.java:flushAndSyncDB(397)) - Container 14 is synced with bcsId 126.
2021-07-27 15:35:04,703 [pool-177-thread-7] INFO  keyvalue.KeyValueContainer (KeyValueContainer.java:close(334)) - Container 14 is closed with bcsId 126.
2021-07-27 15:35:04,704 [Datanode State Machine Thread - 0] WARN  statemachine.StateContext (StateContext.java:execute(621)) - No available thread in pool for past 1 seconds.
2021-07-27 15:35:04,706 [Datanode State Machine Thread - 0] WARN  statemachine.StateContext (StateContext.java:execute(621)) - No available thread in pool for past 1 seconds.
2021-07-27 15:35:04,706 [EventQueue-IncrementalContainerReportForIncrementalContainerReportHandler] INFO  container.IncrementalContainerReportHandler (AbstractContainerReportHandler.java:updateContainerState(223)) - Moving container #14 to CLOSED state, datanode 019b1b79-4eb1-4856-a72b-312c00737279{ip: 10.1.0.63, host: fv-az184-788.3ow45vhwbzuu5incsxmygykede.cx.internal.cloudapp.net, ports: [REPLICATION=45817, RATIS=38653, RATIS_ADMIN=38653, RATIS_SERVER=38653, STANDALONE=44541], networkLocation: /default-rack, certSerialId: null, persistedOpState: IN_SERVICE, persistedOpStateExpiryEpochSec: 0} reported CLOSED replica.
2021-07-27 15:35:04,707 [pool-176-thread-7] INFO  keyvalue.KeyValueContainer (KeyValueContainer.java:flushAndSyncDB(397)) - Container 14 is synced with bcsId 126.
2021-07-27 15:35:04,707 [pool-176-thread-7] INFO  keyvalue.KeyValueContainer (KeyValueContainer.java:flushAndSyncDB(397)) - Container 14 is synced with bcsId 126.
2021-07-27 15:35:04,708 [pool-176-thread-7] INFO  keyvalue.KeyValueContainer (KeyValueContainer.java:close(334)) - Container 14 is closed with bcsId 126.
2021-07-27 15:35:04,709 [pool-178-thread-7] INFO  keyvalue.KeyValueContainer (KeyValueContainer.java:flushAndSyncDB(397)) - Container 14 is synced with bcsId 126.
2021-07-27 15:35:04,709 [pool-178-thread-7] INFO  keyvalue.KeyValueContainer (KeyValueContainer.java:flushAndSyncDB(397)) - Container 14 is synced with bcsId 126.
2021-07-27 15:35:04,710 [Datanode State Machine Thread - 0] WARN  statemachine.StateContext (StateContext.java:execute(621)) - No available thread in pool for past 1 seconds.
2021-07-27 15:35:04,711 [pool-178-thread-7] INFO  keyvalue.KeyValueContainer (KeyValueContainer.java:close(334)) - Container 14 is closed with bcsId 126.
2021-07-27 15:35:05,156 [Datanode State Machine Thread - 0] WARN  statemachine.StateContext (StateContext.java:execute(621)) - No available thread in pool for past 1 seconds.
2021-07-27 15:35:05,161 [Datanode State Machine Thread - 0] WARN  statemachine.StateContext (StateContext.java:execute(621)) - No available thread in pool for past 1 seconds.
2021-07-27 15:35:05,163 [pool-172-thread-2] INFO  keyvalue.KeyValueContainer (KeyValueContainer.java:flushAndSyncDB(397)) - Container 8 is synced with bcsId 86.
2021-07-27 15:35:05,163 [pool-172-thread-2] INFO  keyvalue.KeyValueContainer (KeyValueContainer.java:flushAndSyncDB(397)) - Container 8 is synced with bcsId 86.
2021-07-27 15:35:05,165 [pool-170-thread-2] INFO  keyvalue.KeyValueContainer (KeyValueContainer.java:flushAndSyncDB(397)) - Container 8 is synced with bcsId 86.
2021-07-27 15:35:05,165 [pool-170-thread-2] INFO  keyvalue.KeyValueContainer (KeyValueContainer.java:flushAndSyncDB(397)) - Container 8 is synced with bcsId 86.
2021-07-27 15:35:05,166 [pool-172-thread-2] INFO  keyvalue.KeyValueContainer (KeyValueContainer.java:close(334)) - Container 8 is closed with bcsId 86.
2021-07-27 15:35:05,165 [Datanode State Machine Thread - 0] WARN  statemachine.StateContext (StateContext.java:execute(621)) - No available thread in pool for past 1 seconds.
2021-07-27 15:35:05,166 [Datanode State Machine Thread - 0] WARN  statemachine.StateContext (StateContext.java:execute(621)) - No available thread in pool for past 1 seconds.
2021-07-27 15:35:05,168 [EventQueue-IncrementalContainerReportForIncrementalContainerReportHandler] INFO  container.IncrementalContainerReportHandler (AbstractContainerReportHandler.java:updateContainerState(223)) - Moving container #8 to CLOSED state, datanode 81779055-ba29-4e92-9662-ae2ec67a510c{ip: 10.1.0.63, host: fv-az184-788.3ow45vhwbzuu5incsxmygykede.cx.internal.cloudapp.net, ports: [REPLICATION=41741, RATIS=34923, RATIS_ADMIN=34923, RATIS_SERVER=34923, STANDALONE=42043], networkLocation: /default-rack, certSerialId: null, persistedOpState: IN_SERVICE, persistedOpStateExpiryEpochSec: 0} reported CLOSED replica.
2021-07-27 15:35:05,168 [Datanode State Machine Thread - 0] WARN  statemachine.StateContext (StateContext.java:execute(621)) - No available thread in pool for past 1 seconds.
2021-07-27 15:35:05,169 [Datanode State Machine Thread - 0] WARN  statemachine.StateContext (StateContext.java:execute(621)) - No available thread in pool for past 1 seconds.
2021-07-27 15:35:05,171 [pool-170-thread-2] INFO  keyvalue.KeyValueContainer (KeyValueContainer.java:close(334)) - Container 8 is closed with bcsId 86.
2021-07-27 15:35:05,174 [pool-173-thread-2] INFO  keyvalue.KeyValueContainer (KeyValueContainer.java:flushAndSyncDB(397)) - Container 8 is synced with bcsId 86.
2021-07-27 15:35:05,174 [pool-173-thread-2] INFO  keyvalue.KeyValueContainer (KeyValueContainer.java:flushAndSyncDB(397)) - Container 8 is synced with bcsId 86.
2021-07-27 15:35:05,175 [pool-173-thread-2] INFO  keyvalue.KeyValueContainer (KeyValueContainer.java:close(334)) - Container 8 is closed with bcsId 86.
2021-07-27 15:35:05,178 [Datanode State Machine Thread - 0] WARN  statemachine.StateContext (StateContext.java:execute(621)) - No available thread in pool for past 1 seconds.
2021-07-27 15:35:05,180 [pool-172-thread-3] INFO  keyvalue.KeyValueContainer (KeyValueContainer.java:flushAndSyncDB(397)) - Container 15 is synced with bcsId 102.
2021-07-27 15:35:05,180 [pool-172-thread-3] INFO  keyvalue.KeyValueContainer (KeyValueContainer.java:flushAndSyncDB(397)) - Container 15 is synced with bcsId 102.
2021-07-27 15:35:05,183 [pool-172-thread-3] INFO  keyvalue.KeyValueContainer (KeyValueContainer.java:close(334)) - Container 15 is closed with bcsId 102.
2021-07-27 15:35:05,183 [pool-170-thread-4] INFO  keyvalue.KeyValueContainer (KeyValueContainer.java:flushAndSyncDB(397)) - Container 15 is synced with bcsId 102.
2021-07-27 15:35:05,184 [pool-170-thread-4] INFO  keyvalue.KeyValueContainer (KeyValueContainer.java:flushAndSyncDB(397)) - Container 15 is synced with bcsId 102.
2021-07-27 15:35:05,185 [pool-170-thread-4] INFO  keyvalue.KeyValueContainer (KeyValueContainer.java:close(334)) - Container 15 is closed with bcsId 102.
2021-07-27 15:35:05,186 [pool-173-thread-4] INFO  keyvalue.KeyValueContainer (KeyValueContainer.java:flushAndSyncDB(397)) - Container 15 is synced with bcsId 102.
2021-07-27 15:35:05,186 [pool-173-thread-4] INFO  keyvalue.KeyValueContainer (KeyValueContainer.java:flushAndSyncDB(397)) - Container 15 is synced with bcsId 102.
2021-07-27 15:35:05,186 [EventQueue-IncrementalContainerReportForIncrementalContainerReportHandler] INFO  container.IncrementalContainerReportHandler (AbstractContainerReportHandler.java:updateContainerState(223)) - Moving container #15 to CLOSED state, datanode 7e2e87a4-e2d9-4354-b1ee-fda8295f1a97{ip: 10.1.0.63, host: fv-az184-788.3ow45vhwbzuu5incsxmygykede.cx.internal.cloudapp.net, ports: [REPLICATION=40957, RATIS=33551, RATIS_ADMIN=33551, RATIS_SERVER=33551, STANDALONE=44133], networkLocation: /default-rack, certSerialId: null, persistedOpState: IN_SERVICE, persistedOpStateExpiryEpochSec: 0} reported CLOSED replica.
2021-07-27 15:35:05,187 [Datanode State Machine Thread - 0] WARN  statemachine.StateContext (StateContext.java:execute(621)) - No available thread in pool for past 1 seconds.
2021-07-27 15:35:05,189 [pool-173-thread-4] INFO  keyvalue.KeyValueContainer (KeyValueContainer.java:close(334)) - Container 15 is closed with bcsId 102.
2021-07-27 15:35:05,189 [Datanode State Machine Thread - 0] WARN  statemachine.StateContext (StateContext.java:execute(621)) - No available thread in pool for past 1 seconds.
2021-07-27 15:35:05,190 [Datanode State Machine Thread - 0] WARN  statemachine.StateContext (StateContext.java:execute(621)) - No available thread in pool for past 1 seconds.
2021-07-27 15:35:05,196 [pool-172-thread-4] INFO  keyvalue.KeyValueContainer (KeyValueContainer.java:flushAndSyncDB(397)) - Container 16 is synced with bcsId 105.
2021-07-27 15:35:05,196 [pool-172-thread-4] INFO  keyvalue.KeyValueContainer (KeyValueContainer.java:flushAndSyncDB(397)) - Container 16 is synced with bcsId 105.
2021-07-27 15:35:05,198 [pool-172-thread-4] INFO  keyvalue.KeyValueContainer (KeyValueContainer.java:close(334)) - Container 16 is closed with bcsId 105.
2021-07-27 15:35:05,205 [Datanode State Machine Thread - 0] WARN  statemachine.StateContext (StateContext.java:execute(621)) - No available thread in pool for past 1 seconds.
2021-07-27 15:35:05,206 [EventQueue-IncrementalContainerReportForIncrementalContainerReportHandler] INFO  container.IncrementalContainerReportHandler (AbstractContainerReportHandler.java:updateContainerState(223)) - Moving container #16 to CLOSED state, datanode 81779055-ba29-4e92-9662-ae2ec67a510c{ip: 10.1.0.63, host: fv-az184-788.3ow45vhwbzuu5incsxmygykede.cx.internal.cloudapp.net, ports: [REPLICATION=41741, RATIS=34923, RATIS_ADMIN=34923, RATIS_SERVER=34923, STANDALONE=42043], networkLocation: /default-rack, certSerialId: null, persistedOpState: IN_SERVICE, persistedOpStateExpiryEpochSec: 0} reported CLOSED replica.
2021-07-27 15:35:05,207 [pool-173-thread-3] INFO  keyvalue.KeyValueContainer (KeyValueContainer.java:flushAndSyncDB(397)) - Container 16 is synced with bcsId 105.
2021-07-27 15:35:05,207 [pool-173-thread-3] INFO  keyvalue.KeyValueContainer (KeyValueContainer.java:flushAndSyncDB(397)) - Container 16 is synced with bcsId 105.
2021-07-27 15:35:05,208 [pool-173-thread-3] INFO  keyvalue.KeyValueContainer (KeyValueContainer.java:close(334)) - Container 16 is closed with bcsId 105.
2021-07-27 15:35:05,208 [Datanode State Machine Thread - 0] WARN  statemachine.StateContext (StateContext.java:execute(621)) - No available thread in pool for past 1 seconds.
2021-07-27 15:35:05,210 [pool-170-thread-5] INFO  keyvalue.KeyValueContainer (KeyValueContainer.java:flushAndSyncDB(397)) - Container 16 is synced with bcsId 105.
2021-07-27 15:35:05,210 [pool-170-thread-5] INFO  keyvalue.KeyValueContainer (KeyValueContainer.java:flushAndSyncDB(397)) - Container 16 is synced with bcsId 105.
2021-07-27 15:35:05,211 [pool-170-thread-5] INFO  keyvalue.KeyValueContainer (KeyValueContainer.java:close(334)) - Container 16 is closed with bcsId 105.
2021-07-27 15:35:05,211 [Datanode State Machine Thread - 0] WARN  statemachine.StateContext (StateContext.java:execute(621)) - No available thread in pool for past 1 seconds.
15:35:05.261 [grpc-default-executor-1] ERROR DNAudit - user=null | ip=null | op=WRITE_CHUNK {blockData=conID: 16 locID: 107544261427200020 bcsId: 105} | ret=FAILURE
org.apache.hadoop.hdds.scm.container.common.helpers.ContainerNotOpenException: Container 16 in CLOSED state
	at org.apache.hadoop.ozone.container.common.impl.HddsDispatcher.validateContainerCommand(HddsDispatcher.java:480) ~[hdds-container-service-1.2.0-SNAPSHOT.jar:?]
	at org.apache.hadoop.ozone.container.common.transport.server.ratis.ContainerStateMachine.startTransaction(ContainerStateMachine.java:317) ~[hdds-container-service-1.2.0-SNAPSHOT.jar:?]
	at org.apache.ratis.server.impl.RaftServerImpl.submitClientRequestAsync(RaftServerImpl.java:794) ~[ratis-server-2.1.0.jar:2.1.0]
	at org.apache.ratis.server.impl.RaftServerProxy.lambda$submitClientRequestAsync$9(RaftServerProxy.java:417) ~[ratis-server-2.1.0.jar:2.1.0]
	at org.apache.ratis.server.impl.RaftServerProxy.lambda$null$7(RaftServerProxy.java:412) ~[ratis-server-2.1.0.jar:2.1.0]
	at org.apache.ratis.util.JavaUtils.callAsUnchecked(JavaUtils.java:115) ~[ratis-common-2.1.0.jar:2.1.0]
	at org.apache.ratis.server.impl.RaftServerProxy.lambda$submitRequest$8(RaftServerProxy.java:412) ~[ratis-server-2.1.0.jar:2.1.0]
	at java.util.concurrent.CompletableFuture.uniComposeStage(CompletableFuture.java:995) ~[?:1.8.0_292]
	at java.util.concurrent.CompletableFuture.thenCompose(CompletableFuture.java:2137) ~[?:1.8.0_292]
	at org.apache.ratis.server.impl.RaftServerProxy.submitRequest(RaftServerProxy.java:411) ~[ratis-server-2.1.0.jar:2.1.0]
	at org.apache.ratis.server.impl.RaftServerProxy.submitClientRequestAsync(RaftServerProxy.java:417) ~[ratis-server-2.1.0.jar:2.1.0]
	at org.apache.ratis.grpc.client.GrpcClientProtocolService$RequestStreamObserver.processClientRequest(GrpcClientProtocolService.java:222) ~[ratis-grpc-2.1.0.jar:2.1.0]
	at org.apache.ratis.grpc.client.GrpcClientProtocolService$OrderedRequestStreamObserver.processClientRequest(GrpcClientProtocolService.java:328) ~[ratis-grpc-2.1.0.jar:2.1.0]
	at org.apache.ratis.util.SlidingWindow$Server.processRequestsFromHead(SlidingWindow.java:431) [ratis-common-2.1.0.jar:2.1.0]
	at org.apache.ratis.util.SlidingWindow$Server.receivedRequest(SlidingWindow.java:423) [ratis-common-2.1.0.jar:2.1.0]
	at org.apache.ratis.grpc.client.GrpcClientProtocolService$OrderedRequestStreamObserver.processClientRequest(GrpcClientProtocolService.java:352) [ratis-grpc-2.1.0.jar:2.1.0]
	at org.apache.ratis.grpc.client.GrpcClientProtocolService$RequestStreamObserver.onNext(GrpcClientProtocolService.java:242) [ratis-grpc-2.1.0.jar:2.1.0]
	at org.apache.ratis.grpc.client.GrpcClientProtocolService$RequestStreamObserver.onNext(GrpcClientProtocolService.java:165) [ratis-grpc-2.1.0.jar:2.1.0]
	at org.apache.ratis.thirdparty.io.grpc.stub.ServerCalls$StreamingServerCallHandler$StreamingServerCallListener.onMessage(ServerCalls.java:255) [ratis-thirdparty-misc-0.7.0.jar:0.7.0]
	at org.apache.ratis.thirdparty.io.grpc.ForwardingServerCallListener.onMessage(ForwardingServerCallListener.java:33) [ratis-thirdparty-misc-0.7.0.jar:0.7.0]
	at org.apache.ratis.thirdparty.io.grpc.internal.ServerCallImpl$ServerStreamListenerImpl.messagesAvailableInternal(ServerCallImpl.java:309) [ratis-thirdparty-misc-0.7.0.jar:0.7.0]
	at org.apache.ratis.thirdparty.io.grpc.internal.ServerCallImpl$ServerStreamListenerImpl.messagesAvailable(ServerCallImpl.java:292) [ratis-thirdparty-misc-0.7.0.jar:0.7.0]
	at org.apache.ratis.thirdparty.io.grpc.internal.ServerImpl$JumpToApplicationThreadServerStreamListener$1MessagesAvailable.runInContext(ServerImpl.java:782) [ratis-thirdparty-misc-0.7.0.jar:0.7.0]
	at org.apache.ratis.thirdparty.io.grpc.internal.ContextRunnable.run(ContextRunnable.java:37) [ratis-thirdparty-misc-0.7.0.jar:0.7.0]
	at org.apache.ratis.thirdparty.io.grpc.internal.SerializingExecutor.run(SerializingExecutor.java:123) [ratis-thirdparty-misc-0.7.0.jar:0.7.0]
	at java.util.concurrent.ThreadPoolExecutor.runWorker(ThreadPoolExecutor.java:1149) [?:1.8.0_292]
	at java.util.concurrent.ThreadPoolExecutor$Worker.run(ThreadPoolExecutor.java:624) [?:1.8.0_292]
	at java.lang.Thread.run(Thread.java:748) [?:1.8.0_292]
15:35:05.266 [grpc-default-executor-1] ERROR DNAudit - user=null | ip=null | op=PUT_BLOCK {blockData=[blockId=conID: 16 locID: 107544261427200020 bcsId: 0, size=2097152]} | ret=FAILURE
org.apache.hadoop.hdds.scm.container.common.helpers.ContainerNotOpenException: Container 16 in CLOSED state
	at org.apache.hadoop.ozone.container.common.impl.HddsDispatcher.validateContainerCommand(HddsDispatcher.java:480) ~[hdds-container-service-1.2.0-SNAPSHOT.jar:?]
	at org.apache.hadoop.ozone.container.common.transport.server.ratis.ContainerStateMachine.startTransaction(ContainerStateMachine.java:317) ~[hdds-container-service-1.2.0-SNAPSHOT.jar:?]
	at org.apache.ratis.server.impl.RaftServerImpl.submitClientRequestAsync(RaftServerImpl.java:794) ~[ratis-server-2.1.0.jar:2.1.0]
	at org.apache.ratis.server.impl.RaftServerProxy.lambda$submitClientRequestAsync$9(RaftServerProxy.java:417) ~[ratis-server-2.1.0.jar:2.1.0]
	at org.apache.ratis.server.impl.RaftServerProxy.lambda$null$7(RaftServerProxy.java:412) ~[ratis-server-2.1.0.jar:2.1.0]
	at org.apache.ratis.util.JavaUtils.callAsUnchecked(JavaUtils.java:115) ~[ratis-common-2.1.0.jar:2.1.0]
	at org.apache.ratis.server.impl.RaftServerProxy.lambda$submitRequest$8(RaftServerProxy.java:412) ~[ratis-server-2.1.0.jar:2.1.0]
	at java.util.concurrent.CompletableFuture.uniComposeStage(CompletableFuture.java:995) ~[?:1.8.0_292]
	at java.util.concurrent.CompletableFuture.thenCompose(CompletableFuture.java:2137) ~[?:1.8.0_292]
	at org.apache.ratis.server.impl.RaftServerProxy.submitRequest(RaftServerProxy.java:411) ~[ratis-server-2.1.0.jar:2.1.0]
	at org.apache.ratis.server.impl.RaftServerProxy.submitClientRequestAsync(RaftServerProxy.java:417) ~[ratis-server-2.1.0.jar:2.1.0]
	at org.apache.ratis.grpc.client.GrpcClientProtocolService$RequestStreamObserver.processClientRequest(GrpcClientProtocolService.java:222) ~[ratis-grpc-2.1.0.jar:2.1.0]
	at org.apache.ratis.grpc.client.GrpcClientProtocolService$OrderedRequestStreamObserver.processClientRequest(GrpcClientProtocolService.java:328) ~[ratis-grpc-2.1.0.jar:2.1.0]
	at org.apache.ratis.util.SlidingWindow$Server.processRequestsFromHead(SlidingWindow.java:431) [ratis-common-2.1.0.jar:2.1.0]
	at org.apache.ratis.util.SlidingWindow$Server.receivedRequest(SlidingWindow.java:423) [ratis-common-2.1.0.jar:2.1.0]
	at org.apache.ratis.grpc.client.GrpcClientProtocolService$OrderedRequestStreamObserver.processClientRequest(GrpcClientProtocolService.java:352) [ratis-grpc-2.1.0.jar:2.1.0]
	at org.apache.ratis.grpc.client.GrpcClientProtocolService$RequestStreamObserver.onNext(GrpcClientProtocolService.java:242) [ratis-grpc-2.1.0.jar:2.1.0]
	at org.apache.ratis.grpc.client.GrpcClientProtocolService$RequestStreamObserver.onNext(GrpcClientProtocolService.java:165) [ratis-grpc-2.1.0.jar:2.1.0]
	at org.apache.ratis.thirdparty.io.grpc.stub.ServerCalls$StreamingServerCallHandler$StreamingServerCallListener.onMessage(ServerCalls.java:255) [ratis-thirdparty-misc-0.7.0.jar:0.7.0]
	at org.apache.ratis.thirdparty.io.grpc.ForwardingServerCallListener.onMessage(ForwardingServerCallListener.java:33) [ratis-thirdparty-misc-0.7.0.jar:0.7.0]
	at org.apache.ratis.thirdparty.io.grpc.internal.ServerCallImpl$ServerStreamListenerImpl.messagesAvailableInternal(ServerCallImpl.java:309) [ratis-thirdparty-misc-0.7.0.jar:0.7.0]
	at org.apache.ratis.thirdparty.io.grpc.internal.ServerCallImpl$ServerStreamListenerImpl.messagesAvailable(ServerCallImpl.java:292) [ratis-thirdparty-misc-0.7.0.jar:0.7.0]
	at org.apache.ratis.thirdparty.io.grpc.internal.ServerImpl$JumpToApplicationThreadServerStreamListener$1MessagesAvailable.runInContext(ServerImpl.java:782) [ratis-thirdparty-misc-0.7.0.jar:0.7.0]
	at org.apache.ratis.thirdparty.io.grpc.internal.ContextRunnable.run(ContextRunnable.java:37) [ratis-thirdparty-misc-0.7.0.jar:0.7.0]
	at org.apache.ratis.thirdparty.io.grpc.internal.SerializingExecutor.run(SerializingExecutor.java:123) [ratis-thirdparty-misc-0.7.0.jar:0.7.0]
	at java.util.concurrent.ThreadPoolExecutor.runWorker(ThreadPoolExecutor.java:1149) [?:1.8.0_292]
	at java.util.concurrent.ThreadPoolExecutor$Worker.run(ThreadPoolExecutor.java:624) [?:1.8.0_292]
	at java.lang.Thread.run(Thread.java:748) [?:1.8.0_292]
2021-07-27 15:35:05,326 [Datanode State Machine Thread - 0] WARN  statemachine.StateContext (StateContext.java:execute(621)) - No available thread in pool for past 1 seconds.
2021-07-27 15:35:05,335 [Datanode State Machine Thread - 0] WARN  statemachine.StateContext (StateContext.java:execute(621)) - No available thread in pool for past 1 seconds.
2021-07-27 15:35:05,336 [Datanode State Machine Thread - 0] WARN  statemachine.StateContext (StateContext.java:execute(621)) - No available thread in pool for past 1 seconds.
2021-07-27 15:35:07,855 [pool-170-thread-6] INFO  keyvalue.KeyValueHandler (ContainerUtils.java:logAndReturnError(89)) - Operation: PutBlock , Trace ID:  , Message: Put Key failed , Result: IO_EXCEPTION , StorageContainerException Occurred.
org.apache.hadoop.hdds.scm.container.common.helpers.StorageContainerException: Put Key failed
	at org.apache.hadoop.ozone.container.keyvalue.KeyValueHandler.handlePutBlock(KeyValueHandler.java:449)
	at org.apache.hadoop.ozone.container.keyvalue.KeyValueHandler.dispatchRequest(KeyValueHandler.java:194)
	at org.apache.hadoop.ozone.container.keyvalue.KeyValueHandler.handle(KeyValueHandler.java:170)
	at org.apache.hadoop.ozone.container.common.impl.HddsDispatcher.dispatchRequest(HddsDispatcher.java:307)
	at org.apache.hadoop.ozone.container.common.impl.HddsDispatcher.lambda$dispatch$0(HddsDispatcher.java:169)
	at org.apache.hadoop.hdds.server.OzoneProtocolMessageDispatcher.processRequest(OzoneProtocolMessageDispatcher.java:87)
	at org.apache.hadoop.ozone.container.common.impl.HddsDispatcher.dispatch(HddsDispatcher.java:168)
	at org.apache.hadoop.ozone.container.common.transport.server.ratis.ContainerStateMachine.dispatchCommand(ContainerStateMachine.java:398)
	at org.apache.hadoop.ozone.container.common.transport.server.ratis.ContainerStateMachine.runCommand(ContainerStateMachine.java:408)
	at org.apache.hadoop.ozone.container.common.transport.server.ratis.ContainerStateMachine.lambda$submitTask$6(ContainerStateMachine.java:722)
	at org.apache.ratis.util.TaskQueue.lambda$submit$0(TaskQueue.java:110)
	at org.apache.ratis.util.LogUtils.runAndLog(LogUtils.java:38)
	at org.apache.ratis.util.LogUtils$1.run(LogUtils.java:79)
	at java.util.concurrent.Executors$RunnableAdapter.call(Executors.java:511)
	at java.util.concurrent.FutureTask.run(FutureTask.java:266)
	at java.util.concurrent.ThreadPoolExecutor.runWorker(ThreadPoolExecutor.java:1149)
	at java.util.concurrent.ThreadPoolExecutor$Worker.run(ThreadPoolExecutor.java:624)
	at java.lang.Thread.run(Thread.java:748)
Caused by: java.io.IOException: Unable to write the batch.
	at org.apache.hadoop.hdds.utils.db.RDBBatchOperation.commit(RDBBatchOperation.java:48)
	at org.apache.hadoop.hdds.utils.db.RDBStore.commitBatchOperation(RDBStore.java:277)
	at org.apache.hadoop.ozone.container.keyvalue.impl.BlockManagerImpl.persistPutBlock(BlockManagerImpl.java:173)
	at org.apache.hadoop.ozone.container.keyvalue.impl.BlockManagerImpl.putBlock(BlockManagerImpl.java:106)
	at org.apache.hadoop.ozone.container.keyvalue.KeyValueHandler.handlePutBlock(KeyValueHandler.java:440)
	... 17 more
Caused by: org.rocksdb.RocksDBException: While appending to file: /home/runner/work/ozone/ozone/mnt/ozone/hadoop-ozone/integration-test/target/test-dir/MiniOzoneClusterImpl-c6f84d42-5853-4333-b7a0-bd2f0065fc62/datanode-0/data-0/containers/hdds/c6f84d42-5853-4333-b7a0-bd2f0065fc62/current/containerDir0/17/metadata/17-dn-container.db/000005.log: No space left on device
	at org.rocksdb.RocksDB.write0(Native Method)
	at org.rocksdb.RocksDB.write(RocksDB.java:1784)
	at org.apache.hadoop.hdds.utils.db.RDBBatchOperation.commit(RDBBatchOperation.java:46)
	... 21 more
2021-07-27 15:35:07,859 [pool-170-thread-6] ERROR ratis.ContainerStateMachine (ContainerStateMachine.java:lambda$applyTransaction$7(768)) - gid group-C4DEBC28EEF9 : ApplyTransaction failed. cmd PutBlock logIndex 114 exception {}
org.yaml.snakeyaml.error.YAMLException: java.io.IOException: No space left on device
	at org.yaml.snakeyaml.Yaml.dumpAll(Yaml.java:280)
	at org.yaml.snakeyaml.Yaml.dump(Yaml.java:256)
	at org.apache.hadoop.ozone.container.common.impl.ContainerDataYaml.createContainerFile(ContainerDataYaml.java:96)
	at org.apache.hadoop.ozone.container.keyvalue.KeyValueContainer.writeToContainerFile(KeyValueContainer.java:220)
	at org.apache.hadoop.ozone.container.keyvalue.KeyValueContainer.updateContainerFile(KeyValueContainer.java:255)
	at org.apache.hadoop.ozone.container.keyvalue.KeyValueContainer.updateContainerData(KeyValueContainer.java:366)
	at org.apache.hadoop.ozone.container.keyvalue.KeyValueContainer.markContainerUnhealthy(KeyValueContainer.java:297)
	at org.apache.hadoop.ozone.container.keyvalue.KeyValueHandler.markContainerUnhealthy(KeyValueHandler.java:947)
	at org.apache.hadoop.ozone.container.common.impl.HddsDispatcher.dispatchRequest(HddsDispatcher.java:350)
	at org.apache.hadoop.ozone.container.common.impl.HddsDispatcher.lambda$dispatch$0(HddsDispatcher.java:169)
	at org.apache.hadoop.hdds.server.OzoneProtocolMessageDispatcher.processRequest(OzoneProtocolMessageDispatcher.java:87)
	at org.apache.hadoop.ozone.container.common.impl.HddsDispatcher.dispatch(HddsDispatcher.java:168)
	at org.apache.hadoop.ozone.container.common.transport.server.ratis.ContainerStateMachine.dispatchCommand(ContainerStateMachine.java:398)
	at org.apache.hadoop.ozone.container.common.transport.server.ratis.ContainerStateMachine.runCommand(ContainerStateMachine.java:408)
	at org.apache.hadoop.ozone.container.common.transport.server.ratis.ContainerStateMachine.lambda$submitTask$6(ContainerStateMachine.java:722)
	at org.apache.ratis.util.TaskQueue.lambda$submit$0(TaskQueue.java:110)
	at org.apache.ratis.util.LogUtils.runAndLog(LogUtils.java:38)
	at org.apache.ratis.util.LogUtils$1.run(LogUtils.java:79)
	at java.util.concurrent.Executors$RunnableAdapter.call(Executors.java:511)
	at java.util.concurrent.FutureTask.run(FutureTask.java:266)
	at java.util.concurrent.ThreadPoolExecutor.runWorker(ThreadPoolExecutor.java:1149)
	at java.util.concurrent.ThreadPoolExecutor$Worker.run(ThreadPoolExecutor.java:624)
	at java.lang.Thread.run(Thread.java:748)
Caused by: java.io.IOException: No space left on device
	at java.io.FileOutputStream.writeBytes(Native Method)
	at java.io.FileOutputStream.write(FileOutputStream.java:326)
	at sun.nio.cs.StreamEncoder.writeBytes(StreamEncoder.java:221)
	at sun.nio.cs.StreamEncoder.implFlushBuffer(StreamEncoder.java:291)
	at sun.nio.cs.StreamEncoder.implFlush(StreamEncoder.java:295)
	at sun.nio.cs.StreamEncoder.flush(StreamEncoder.java:141)
	at java.io.OutputStreamWriter.flush(OutputStreamWriter.java:229)
	at org.yaml.snakeyaml.emitter.Emitter.flushStream(Emitter.java:1078)
	at org.yaml.snakeyaml.emitter.Emitter$ExpectDocumentEnd.expect(Emitter.java:368)
	at org.yaml.snakeyaml.emitter.Emitter.emit(Emitter.java:220)
	at org.yaml.snakeyaml.serializer.Serializer.serialize(Serializer.java:115)
	at org.yaml.snakeyaml.Yaml.dumpAll(Yaml.java:276)
	... 22 more
2021-07-27 15:35:07,860 [pool-170-thread-6] ERROR ratis.ContainerStateMachine (ContainerStateMachine.java:lambda$applyTransaction$9(832)) - gid group-C4DEBC28EEF9 : ApplyTransaction failed. cmd PutBlock logIndex 114 exception {}
java.util.concurrent.CompletionException: org.yaml.snakeyaml.error.YAMLException: java.io.IOException: No space left on device
	at java.util.concurrent.CompletableFuture.encodeThrowable(CompletableFuture.java:292)
	at java.util.concurrent.CompletableFuture.completeThrowable(CompletableFuture.java:308)
	at java.util.concurrent.CompletableFuture.uniApply(CompletableFuture.java:607)
	at java.util.concurrent.CompletableFuture$UniApply.tryFire(CompletableFuture.java:591)
	at java.util.concurrent.CompletableFuture.postComplete(CompletableFuture.java:488)
	at java.util.concurrent.CompletableFuture.completeExceptionally(CompletableFuture.java:1990)
	at org.apache.ratis.util.TaskQueue.lambda$submit$0(TaskQueue.java:112)
	at org.apache.ratis.util.LogUtils.runAndLog(LogUtils.java:38)
	at org.apache.ratis.util.LogUtils$1.run(LogUtils.java:79)
	at java.util.concurrent.Executors$RunnableAdapter.call(Executors.java:511)
	at java.util.concurrent.FutureTask.run(FutureTask.java:266)
	at java.util.concurrent.ThreadPoolExecutor.runWorker(ThreadPoolExecutor.java:1149)
	at java.util.concurrent.ThreadPoolExecutor$Worker.run(ThreadPoolExecutor.java:624)
	at java.lang.Thread.run(Thread.java:748)
Caused by: org.yaml.snakeyaml.error.YAMLException: java.io.IOException: No space left on device
	at org.yaml.snakeyaml.Yaml.dumpAll(Yaml.java:280)
	at org.yaml.snakeyaml.Yaml.dump(Yaml.java:256)
	at org.apache.hadoop.ozone.container.common.impl.ContainerDataYaml.createContainerFile(ContainerDataYaml.java:96)
	at org.apache.hadoop.ozone.container.keyvalue.KeyValueContainer.writeToContainerFile(KeyValueContainer.java:220)
	at org.apache.hadoop.ozone.container.keyvalue.KeyValueContainer.updateContainerFile(KeyValueContainer.java:255)
	at org.apache.hadoop.ozone.container.keyvalue.KeyValueContainer.updateContainerData(KeyValueContainer.java:366)
	at org.apache.hadoop.ozone.container.keyvalue.KeyValueContainer.markContainerUnhealthy(KeyValueContainer.java:297)
	at org.apache.hadoop.ozone.container.keyvalue.KeyValueHandler.markContainerUnhealthy(KeyValueHandler.java:947)
	at org.apache.hadoop.ozone.container.common.impl.HddsDispatcher.dispatchRequest(HddsDispatcher.java:350)
	at org.apache.hadoop.ozone.container.common.impl.HddsDispatcher.lambda$dispatch$0(HddsDispatcher.java:169)
	at org.apache.hadoop.hdds.server.OzoneProtocolMessageDispatcher.processRequest(OzoneProtocolMessageDispatcher.java:87)
	at org.apache.hadoop.ozone.container.common.impl.HddsDispatcher.dispatch(HddsDispatcher.java:168)
	at org.apache.hadoop.ozone.container.common.transport.server.ratis.ContainerStateMachine.dispatchCommand(ContainerStateMachine.java:398)
	at org.apache.hadoop.ozone.container.common.transport.server.ratis.ContainerStateMachine.runCommand(ContainerStateMachine.java:408)
	at org.apache.hadoop.ozone.container.common.transport.server.ratis.ContainerStateMachine.lambda$submitTask$6(ContainerStateMachine.java:722)
	at org.apache.ratis.util.TaskQueue.lambda$submit$0(TaskQueue.java:110)
	... 7 more
Caused by: java.io.IOException: No space left on device
	at java.io.FileOutputStream.writeBytes(Native Method)
	at java.io.FileOutputStream.write(FileOutputStream.java:326)
	at sun.nio.cs.StreamEncoder.writeBytes(StreamEncoder.java:221)
	at sun.nio.cs.StreamEncoder.implFlushBuffer(StreamEncoder.java:291)
	at sun.nio.cs.StreamEncoder.implFlush(StreamEncoder.java:295)
	at sun.nio.cs.StreamEncoder.flush(StreamEncoder.java:141)
	at java.io.OutputStreamWriter.flush(OutputStreamWriter.java:229)
	at org.yaml.snakeyaml.emitter.Emitter.flushStream(Emitter.java:1078)
	at org.yaml.snakeyaml.emitter.Emitter$ExpectDocumentEnd.expect(Emitter.java:368)
	at org.yaml.snakeyaml.emitter.Emitter.emit(Emitter.java:220)
	at org.yaml.snakeyaml.serializer.Serializer.serialize(Serializer.java:115)
	at org.yaml.snakeyaml.Yaml.dumpAll(Yaml.java:276)
	... 22 more
2021-07-27 15:35:07,859 [Datanode State Machine Thread - 0] WARN  statemachine.StateContext (StateContext.java:execute(621)) - No available thread in pool for past 1 seconds.
2021-07-27 15:35:07,862 [EventQueue-IncrementalContainerReportForIncrementalContainerReportHandler] WARN  container.IncrementalContainerReportHandler (AbstractContainerReportHandler.java:updateContainerState(190)) - Container #17 is in OPEN state, but the datanode 7e2e87a4-e2d9-4354-b1ee-fda8295f1a97{ip: 10.1.0.63, host: fv-az184-788.3ow45vhwbzuu5incsxmygykede.cx.internal.cloudapp.net, ports: [REPLICATION=40957, RATIS=33551, RATIS_ADMIN=33551, RATIS_SERVER=33551, STANDALONE=44133], networkLocation: /default-rack, certSerialId: null, persistedOpState: IN_SERVICE, persistedOpStateExpiryEpochSec: 0} reports an UNHEALTHY replica.
2021-07-27 15:35:07,866 [ChunkWriter-0-0] INFO  keyvalue.KeyValueHandler (ContainerUtils.java:logAndReturnError(89)) - Operation: WriteChunk , Trace ID:  , Message: java.io.IOException: No space left on device , Result: IO_EXCEPTION , StorageContainerException Occurred.
org.apache.hadoop.hdds.scm.container.common.helpers.StorageContainerException: java.io.IOException: No space left on device
	at org.apache.hadoop.ozone.container.keyvalue.helpers.ChunkUtils.wrapInStorageContainerException(ChunkUtils.java:357)
	at org.apache.hadoop.ozone.container.keyvalue.helpers.ChunkUtils.writeData(ChunkUtils.java:128)
	at org.apache.hadoop.ozone.container.keyvalue.helpers.ChunkUtils.writeData(ChunkUtils.java:112)
	at org.apache.hadoop.ozone.container.keyvalue.impl.FilePerBlockStrategy.writeChunk(FilePerBlockStrategy.java:138)
	at org.apache.hadoop.ozone.container.keyvalue.impl.ChunkManagerDispatcher.writeChunk(ChunkManagerDispatcher.java:74)
	at org.apache.hadoop.ozone.container.keyvalue.KeyValueHandler.handleWriteChunk(KeyValueHandler.java:703)
	at org.apache.hadoop.ozone.container.keyvalue.KeyValueHandler.dispatchRequest(KeyValueHandler.java:206)
	at org.apache.hadoop.ozone.container.keyvalue.KeyValueHandler.handle(KeyValueHandler.java:170)
	at org.apache.hadoop.ozone.container.common.impl.HddsDispatcher.dispatchRequest(HddsDispatcher.java:307)
	at org.apache.hadoop.ozone.container.common.impl.HddsDispatcher.lambda$dispatch$0(HddsDispatcher.java:169)
	at org.apache.hadoop.hdds.server.OzoneProtocolMessageDispatcher.processRequest(OzoneProtocolMessageDispatcher.java:87)
	at org.apache.hadoop.ozone.container.common.impl.HddsDispatcher.dispatch(HddsDispatcher.java:168)
	at org.apache.hadoop.ozone.container.common.transport.server.ratis.ContainerStateMachine.dispatchCommand(ContainerStateMachine.java:398)
	at org.apache.hadoop.ozone.container.common.transport.server.ratis.ContainerStateMachine.runCommand(ContainerStateMachine.java:408)
	at org.apache.hadoop.ozone.container.common.transport.server.ratis.ContainerStateMachine.lambda$handleWriteChunk$1(ContainerStateMachine.java:439)
	at java.util.concurrent.CompletableFuture$AsyncSupply.run(CompletableFuture.java:1604)
	at java.util.concurrent.ThreadPoolExecutor.runWorker(ThreadPoolExecutor.java:1149)
	at java.util.concurrent.ThreadPoolExecutor$Worker.run(ThreadPoolExecutor.java:624)
	at java.lang.Thread.run(Thread.java:748)
Caused by: java.io.IOException: No space left on device
	at sun.nio.ch.FileDispatcherImpl.writev0(Native Method)
	at sun.nio.ch.FileDispatcherImpl.writev(FileDispatcherImpl.java:72)
	at sun.nio.ch.IOUtil.write(IOUtil.java:148)
	at sun.nio.ch.FileChannelImpl.write(FileChannelImpl.java:239)
	at java.nio.channels.FileChannel.write(FileChannel.java:414)
	at org.apache.hadoop.ozone.common.ChunkBufferImplWithByteBufferList.writeTo(ChunkBufferImplWithByteBufferList.java:213)
	at org.apache.hadoop.ozone.container.keyvalue.helpers.ChunkUtils.writeDataToChannel(ChunkUtils.java:168)
	at org.apache.hadoop.ozone.container.keyvalue.helpers.ChunkUtils.lambda$writeData$1(ChunkUtils.java:113)
	at org.apache.hadoop.ozone.container.keyvalue.helpers.ChunkUtils.writeData(ChunkUtils.java:125)
	... 17 more
2021-07-27 15:35:07,871 [pool-170-thread-6] INFO  keyvalue.KeyValueHandler (ContainerUtils.java:logAndReturnError(89)) - Operation: WriteChunk , Trace ID:  , Message: Requested operation not allowed as ContainerState is UNHEALTHY , Result: CONTAINER_UNHEALTHY , StorageContainerException Occurred.
org.apache.hadoop.hdds.scm.container.common.helpers.StorageContainerException: Requested operation not allowed as ContainerState is UNHEALTHY
	at org.apache.hadoop.ozone.container.keyvalue.KeyValueHandler.checkContainerOpen(KeyValueHandler.java:894)
	at org.apache.hadoop.ozone.container.keyvalue.KeyValueHandler.handleWriteChunk(KeyValueHandler.java:683)
	at org.apache.hadoop.ozone.container.keyvalue.KeyValueHandler.dispatchRequest(KeyValueHandler.java:206)
	at org.apache.hadoop.ozone.container.keyvalue.KeyValueHandler.handle(KeyValueHandler.java:170)
	at org.apache.hadoop.ozone.container.common.impl.HddsDispatcher.dispatchRequest(HddsDispatcher.java:307)
	at org.apache.hadoop.ozone.container.common.impl.HddsDispatcher.lambda$dispatch$0(HddsDispatcher.java:169)
	at org.apache.hadoop.hdds.server.OzoneProtocolMessageDispatcher.processRequest(OzoneProtocolMessageDispatcher.java:87)
	at org.apache.hadoop.ozone.container.common.impl.HddsDispatcher.dispatch(HddsDispatcher.java:168)
	at org.apache.hadoop.ozone.container.common.transport.server.ratis.ContainerStateMachine.dispatchCommand(ContainerStateMachine.java:398)
	at org.apache.hadoop.ozone.container.common.transport.server.ratis.ContainerStateMachine.runCommand(ContainerStateMachine.java:408)
	at org.apache.hadoop.ozone.container.common.transport.server.ratis.ContainerStateMachine.lambda$submitTask$6(ContainerStateMachine.java:722)
	at org.apache.ratis.util.TaskQueue.lambda$submit$0(TaskQueue.java:110)
	at org.apache.ratis.util.LogUtils.runAndLog(LogUtils.java:38)
	at org.apache.ratis.util.LogUtils$1.run(LogUtils.java:79)
	at java.util.concurrent.Executors$RunnableAdapter.call(Executors.java:511)
	at java.util.concurrent.FutureTask.run(FutureTask.java:266)
	at java.util.concurrent.ThreadPoolExecutor.runWorker(ThreadPoolExecutor.java:1149)
	at java.util.concurrent.ThreadPoolExecutor$Worker.run(ThreadPoolExecutor.java:624)
	at java.lang.Thread.run(Thread.java:748)
15:35:07.879 [pool-170-thread-6] ERROR DNAudit - user=null | ip=null | op=WRITE_CHUNK {blockData=conID: 17 locID: 107544261427200021 bcsId: 0} | ret=FAILURE
java.lang.Exception: Requested operation not allowed as ContainerState is UNHEALTHY
	at org.apache.hadoop.ozone.container.common.impl.HddsDispatcher.dispatchRequest(HddsDispatcher.java:368) ~[hdds-container-service-1.2.0-SNAPSHOT.jar:?]
	at org.apache.hadoop.ozone.container.common.impl.HddsDispatcher.lambda$dispatch$0(HddsDispatcher.java:169) ~[hdds-container-service-1.2.0-SNAPSHOT.jar:?]
	at org.apache.hadoop.hdds.server.OzoneProtocolMessageDispatcher.processRequest(OzoneProtocolMessageDispatcher.java:87) ~[hdds-server-framework-1.2.0-SNAPSHOT.jar:?]
	at org.apache.hadoop.ozone.container.common.impl.HddsDispatcher.dispatch(HddsDispatcher.java:168) ~[hdds-container-service-1.2.0-SNAPSHOT.jar:?]
	at org.apache.hadoop.ozone.container.common.transport.server.ratis.ContainerStateMachine.dispatchCommand(ContainerStateMachine.java:398) ~[hdds-container-service-1.2.0-SNAPSHOT.jar:?]
	at org.apache.hadoop.ozone.container.common.transport.server.ratis.ContainerStateMachine.runCommand(ContainerStateMachine.java:408) ~[hdds-container-service-1.2.0-SNAPSHOT.jar:?]
	at org.apache.hadoop.ozone.container.common.transport.server.ratis.ContainerStateMachine.lambda$submitTask$6(ContainerStateMachine.java:722) ~[hdds-container-service-1.2.0-SNAPSHOT.jar:?]
	at org.apache.ratis.util.TaskQueue.lambda$submit$0(TaskQueue.java:110) ~[ratis-common-2.1.0.jar:2.1.0]
	at org.apache.ratis.util.LogUtils.runAndLog(LogUtils.java:38) [ratis-common-2.1.0.jar:2.1.0]
	at org.apache.ratis.util.LogUtils$1.run(LogUtils.java:79) [ratis-common-2.1.0.jar:2.1.0]
	at java.util.concurrent.Executors$RunnableAdapter.call(Executors.java:511) [?:1.8.0_292]
	at java.util.concurrent.FutureTask.run(FutureTask.java:266) [?:1.8.0_292]
	at java.util.concurrent.ThreadPoolExecutor.runWorker(ThreadPoolExecutor.java:1149) [?:1.8.0_292]
	at java.util.concurrent.ThreadPoolExecutor$Worker.run(ThreadPoolExecutor.java:624) [?:1.8.0_292]
	at java.lang.Thread.run(Thread.java:748) [?:1.8.0_292]
2021-07-27 15:35:07,879 [pool-170-thread-6] ERROR ratis.ContainerStateMachine (ContainerStateMachine.java:lambda$applyTransaction$8(794)) - gid group-C4DEBC28EEF9 : ApplyTransaction failed. cmd WriteChunk logIndex 115 msg : Requested operation not allowed as ContainerState is UNHEALTHY Container Result: CONTAINER_UNHEALTHY
2021-07-27 15:35:07,880 [ChunkWriter-0-0] INFO  keyvalue.KeyValueHandler (ContainerUtils.java:logAndReturnError(89)) - Operation: WriteChunk , Trace ID:  , Message: Requested operation not allowed as ContainerState is UNHEALTHY , Result: CONTAINER_UNHEALTHY , StorageContainerException Occurred.
org.apache.hadoop.hdds.scm.container.common.helpers.StorageContainerException: Requested operation not allowed as ContainerState is UNHEALTHY
	at org.apache.hadoop.ozone.container.keyvalue.KeyValueHandler.checkContainerOpen(KeyValueHandler.java:894)
	at org.apache.hadoop.ozone.container.keyvalue.KeyValueHandler.handleWriteChunk(KeyValueHandler.java:683)
	at org.apache.hadoop.ozone.container.keyvalue.KeyValueHandler.dispatchRequest(KeyValueHandler.java:206)
	at org.apache.hadoop.ozone.container.keyvalue.KeyValueHandler.handle(KeyValueHandler.java:170)
	at org.apache.hadoop.ozone.container.common.impl.HddsDispatcher.dispatchRequest(HddsDispatcher.java:307)
	at org.apache.hadoop.ozone.container.common.impl.HddsDispatcher.lambda$dispatch$0(HddsDispatcher.java:169)
	at org.apache.hadoop.hdds.server.OzoneProtocolMessageDispatcher.processRequest(OzoneProtocolMessageDispatcher.java:87)
	at org.apache.hadoop.ozone.container.common.impl.HddsDispatcher.dispatch(HddsDispatcher.java:168)
	at org.apache.hadoop.ozone.container.common.transport.server.ratis.ContainerStateMachine.dispatchCommand(ContainerStateMachine.java:398)
	at org.apache.hadoop.ozone.container.common.transport.server.ratis.ContainerStateMachine.runCommand(ContainerStateMachine.java:408)
	at org.apache.hadoop.ozone.container.common.transport.server.ratis.ContainerStateMachine.lambda$handleWriteChunk$1(ContainerStateMachine.java:439)
	at java.util.concurrent.CompletableFuture$AsyncSupply.run(CompletableFuture.java:1604)
	at java.util.concurrent.ThreadPoolExecutor.runWorker(ThreadPoolExecutor.java:1149)
	at java.util.concurrent.ThreadPoolExecutor$Worker.run(ThreadPoolExecutor.java:624)
	at java.lang.Thread.run(Thread.java:748)
15:35:07.881 [ChunkWriter-0-0] ERROR DNAudit - user=null | ip=null | op=WRITE_CHUNK {blockData=conID: 17 locID: 107544261427200021 bcsId: 116} | ret=FAILURE
java.lang.Exception: Requested operation not allowed as ContainerState is UNHEALTHY
	at org.apache.hadoop.ozone.container.common.impl.HddsDispatcher.dispatchRequest(HddsDispatcher.java:368) ~[hdds-container-service-1.2.0-SNAPSHOT.jar:?]
	at org.apache.hadoop.ozone.container.common.impl.HddsDispatcher.lambda$dispatch$0(HddsDispatcher.java:169) ~[hdds-container-service-1.2.0-SNAPSHOT.jar:?]
	at org.apache.hadoop.hdds.server.OzoneProtocolMessageDispatcher.processRequest(OzoneProtocolMessageDispatcher.java:87) ~[hdds-server-framework-1.2.0-SNAPSHOT.jar:?]
	at org.apache.hadoop.ozone.container.common.impl.HddsDispatcher.dispatch(HddsDispatcher.java:168) ~[hdds-container-service-1.2.0-SNAPSHOT.jar:?]
	at org.apache.hadoop.ozone.container.common.transport.server.ratis.ContainerStateMachine.dispatchCommand(ContainerStateMachine.java:398) ~[hdds-container-service-1.2.0-SNAPSHOT.jar:?]
	at org.apache.hadoop.ozone.container.common.transport.server.ratis.ContainerStateMachine.runCommand(ContainerStateMachine.java:408) ~[hdds-container-service-1.2.0-SNAPSHOT.jar:?]
	at org.apache.hadoop.ozone.container.common.transport.server.ratis.ContainerStateMachine.lambda$handleWriteChunk$1(ContainerStateMachine.java:439) ~[hdds-container-service-1.2.0-SNAPSHOT.jar:?]
	at java.util.concurrent.CompletableFuture$AsyncSupply.run(CompletableFuture.java:1604) [?:1.8.0_292]
	at java.util.concurrent.ThreadPoolExecutor.runWorker(ThreadPoolExecutor.java:1149) [?:1.8.0_292]
	at java.util.concurrent.ThreadPoolExecutor$Worker.run(ThreadPoolExecutor.java:624) [?:1.8.0_292]
	at java.lang.Thread.run(Thread.java:748) [?:1.8.0_292]
2021-07-27 15:35:07,881 [ChunkWriter-0-0] ERROR ratis.ContainerStateMachine (ContainerStateMachine.java:lambda$handleWriteChunk$2(467)) - group-C4DEBC28EEF9: writeChunk writeStateMachineData failed: blockIdcontainerID: 17
localID: 107544261427200021
blockCommitSequenceId: 116
 logIndex 118 chunkName 107544261427200021_chunk_3 Error message: Requested operation not allowed as ContainerState is UNHEALTHY Container Result: CONTAINER_UNHEALTHY
2021-07-27 15:35:07,883 [ChunkWriter-0-0] INFO  keyvalue.KeyValueHandler (ContainerUtils.java:logAndReturnError(89)) - Operation: WriteChunk , Trace ID:  , Message: java.io.IOException: No space left on device , Result: IO_EXCEPTION , StorageContainerException Occurred.
org.apache.hadoop.hdds.scm.container.common.helpers.StorageContainerException: java.io.IOException: No space left on device
	at org.apache.hadoop.ozone.container.keyvalue.helpers.ChunkUtils.wrapInStorageContainerException(ChunkUtils.java:357)
	at org.apache.hadoop.ozone.container.keyvalue.helpers.ChunkUtils.writeData(ChunkUtils.java:128)
	at org.apache.hadoop.ozone.container.keyvalue.helpers.ChunkUtils.writeData(ChunkUtils.java:112)
	at org.apache.hadoop.ozone.container.keyvalue.impl.FilePerBlockStrategy.writeChunk(FilePerBlockStrategy.java:138)
	at org.apache.hadoop.ozone.container.keyvalue.impl.ChunkManagerDispatcher.writeChunk(ChunkManagerDispatcher.java:74)
	at org.apache.hadoop.ozone.container.keyvalue.KeyValueHandler.handleWriteChunk(KeyValueHandler.java:703)
	at org.apache.hadoop.ozone.container.keyvalue.KeyValueHandler.dispatchRequest(KeyValueHandler.java:206)
	at org.apache.hadoop.ozone.container.keyvalue.KeyValueHandler.handle(KeyValueHandler.java:170)
	at org.apache.hadoop.ozone.container.common.impl.HddsDispatcher.dispatchRequest(HddsDispatcher.java:307)
	at org.apache.hadoop.ozone.container.common.impl.HddsDispatcher.lambda$dispatch$0(HddsDispatcher.java:169)
	at org.apache.hadoop.hdds.server.OzoneProtocolMessageDispatcher.processRequest(OzoneProtocolMessageDispatcher.java:87)
	at org.apache.hadoop.ozone.container.common.impl.HddsDispatcher.dispatch(HddsDispatcher.java:168)
	at org.apache.hadoop.ozone.container.common.transport.server.ratis.ContainerStateMachine.dispatchCommand(ContainerStateMachine.java:398)
	at org.apache.hadoop.ozone.container.common.transport.server.ratis.ContainerStateMachine.runCommand(ContainerStateMachine.java:408)
	at org.apache.hadoop.ozone.container.common.transport.server.ratis.ContainerStateMachine.lambda$handleWriteChunk$1(ContainerStateMachine.java:439)
	at java.util.concurrent.CompletableFuture$AsyncSupply.run(CompletableFuture.java:1604)
	at java.util.concurrent.ThreadPoolExecutor.runWorker(ThreadPoolExecutor.java:1149)
	at java.util.concurrent.ThreadPoolExecutor$Worker.run(ThreadPoolExecutor.java:624)
	at java.lang.Thread.run(Thread.java:748)
Caused by: java.io.IOException: No space left on device
	at sun.nio.ch.FileDispatcherImpl.writev0(Native Method)
	at sun.nio.ch.FileDispatcherImpl.writev(FileDispatcherImpl.java:72)
	at sun.nio.ch.IOUtil.write(IOUtil.java:148)
	at sun.nio.ch.FileChannelImpl.write(FileChannelImpl.java:239)
	at java.nio.channels.FileChannel.write(FileChannel.java:414)
	at org.apache.hadoop.ozone.common.ChunkBufferImplWithByteBufferList.writeTo(ChunkBufferImplWithByteBufferList.java:213)
	at org.apache.hadoop.ozone.container.keyvalue.helpers.ChunkUtils.writeDataToChannel(ChunkUtils.java:168)
	at org.apache.hadoop.ozone.container.keyvalue.helpers.ChunkUtils.lambda$writeData$1(ChunkUtils.java:113)
	at org.apache.hadoop.ozone.container.keyvalue.helpers.ChunkUtils.writeData(ChunkUtils.java:125)
	... 17 more
2021-07-27 15:35:07,892 [pool-170-thread-6] ERROR ratis.XceiverServerRatis (XceiverServerRatis.java:triggerPipelineClose(672)) - pipeline Action CLOSE on pipeline PipelineID=de558c62-75cb-4667-a4a5-c4debc28eef9.Reason : Ratis Transaction failure in datanode 7e2e87a4-e2d9-4354-b1ee-fda8295f1a97 with role FOLLOWER .Triggering pipeline close action.
2021-07-27 15:35:07,892 [pool-170-thread-9] INFO  keyvalue.KeyValueHandler (ContainerUtils.java:logAndReturnError(89)) - Operation: PutBlock , Trace ID:  , Message: Requested operation not allowed as ContainerState is UNHEALTHY , Result: CONTAINER_UNHEALTHY , StorageContainerException Occurred.
org.apache.hadoop.hdds.scm.container.common.helpers.StorageContainerException: Requested operation not allowed as ContainerState is UNHEALTHY
	at org.apache.hadoop.ozone.container.keyvalue.KeyValueHandler.checkContainerOpen(KeyValueHandler.java:894)
	at org.apache.hadoop.ozone.container.keyvalue.KeyValueHandler.handlePutBlock(KeyValueHandler.java:425)
	at org.apache.hadoop.ozone.container.keyvalue.KeyValueHandler.dispatchRequest(KeyValueHandler.java:194)
	at org.apache.hadoop.ozone.container.keyvalue.KeyValueHandler.handle(KeyValueHandler.java:170)
	at org.apache.hadoop.ozone.container.common.impl.HddsDispatcher.dispatchRequest(HddsDispatcher.java:307)
	at org.apache.hadoop.ozone.container.common.impl.HddsDispatcher.lambda$dispatch$0(HddsDispatcher.java:169)
	at org.apache.hadoop.hdds.server.OzoneProtocolMessageDispatcher.processRequest(OzoneProtocolMessageDispatcher.java:87)
	at org.apache.hadoop.ozone.container.common.impl.HddsDispatcher.dispatch(HddsDispatcher.java:168)
	at org.apache.hadoop.ozone.container.common.transport.server.ratis.ContainerStateMachine.dispatchCommand(ContainerStateMachine.java:398)
	at org.apache.hadoop.ozone.container.common.transport.server.ratis.ContainerStateMachine.runCommand(ContainerStateMachine.java:408)
	at org.apache.hadoop.ozone.container.common.transport.server.ratis.ContainerStateMachine.lambda$submitTask$6(ContainerStateMachine.java:722)
	at org.apache.ratis.util.TaskQueue.lambda$submit$0(TaskQueue.java:110)
	at org.apache.ratis.util.LogUtils.runAndLog(LogUtils.java:38)
	at org.apache.ratis.util.LogUtils$1.run(LogUtils.java:79)
	at java.util.concurrent.Executors$RunnableAdapter.call(Executors.java:511)
	at java.util.concurrent.FutureTask.run(FutureTask.java:266)
	at java.util.concurrent.ThreadPoolExecutor.runWorker(ThreadPoolExecutor.java:1149)
	at java.util.concurrent.ThreadPoolExecutor$Worker.run(ThreadPoolExecutor.java:624)
	at java.lang.Thread.run(Thread.java:748)
15:35:07.892 [pool-170-thread-9] ERROR DNAudit - user=null | ip=null | op=PUT_BLOCK {blockData=[blockId=conID: 17 locID: 107544261427200021 bcsId: 0, size=2097152]} | ret=FAILURE
java.lang.Exception: Requested operation not allowed as ContainerState is UNHEALTHY
	at org.apache.hadoop.ozone.container.common.impl.HddsDispatcher.dispatchRequest(HddsDispatcher.java:368) ~[hdds-container-service-1.2.0-SNAPSHOT.jar:?]
	at org.apache.hadoop.ozone.container.common.impl.HddsDispatcher.lambda$dispatch$0(HddsDispatcher.java:169) ~[hdds-container-service-1.2.0-SNAPSHOT.jar:?]
	at org.apache.hadoop.hdds.server.OzoneProtocolMessageDispatcher.processRequest(OzoneProtocolMessageDispatcher.java:87) ~[hdds-server-framework-1.2.0-SNAPSHOT.jar:?]
	at org.apache.hadoop.ozone.container.common.impl.HddsDispatcher.dispatch(HddsDispatcher.java:168) ~[hdds-container-service-1.2.0-SNAPSHOT.jar:?]
	at org.apache.hadoop.ozone.container.common.transport.server.ratis.ContainerStateMachine.dispatchCommand(ContainerStateMachine.java:398) ~[hdds-container-service-1.2.0-SNAPSHOT.jar:?]
	at org.apache.hadoop.ozone.container.common.transport.server.ratis.ContainerStateMachine.runCommand(ContainerStateMachine.java:408) ~[hdds-container-service-1.2.0-SNAPSHOT.jar:?]
	at org.apache.hadoop.ozone.container.common.transport.server.ratis.ContainerStateMachine.lambda$submitTask$6(ContainerStateMachine.java:722) ~[hdds-container-service-1.2.0-SNAPSHOT.jar:?]
	at org.apache.ratis.util.TaskQueue.lambda$submit$0(TaskQueue.java:110) ~[ratis-common-2.1.0.jar:2.1.0]
	at org.apache.ratis.util.LogUtils.runAndLog(LogUtils.java:38) [ratis-common-2.1.0.jar:2.1.0]
	at org.apache.ratis.util.LogUtils$1.run(LogUtils.java:79) [ratis-common-2.1.0.jar:2.1.0]
	at java.util.concurrent.Executors$RunnableAdapter.call(Executors.java:511) [?:1.8.0_292]
	at java.util.concurrent.FutureTask.run(FutureTask.java:266) [?:1.8.0_292]
	at java.util.concurrent.ThreadPoolExecutor.runWorker(ThreadPoolExecutor.java:1149) [?:1.8.0_292]
	at java.util.concurrent.ThreadPoolExecutor$Worker.run(ThreadPoolExecutor.java:624) [?:1.8.0_292]
	at java.lang.Thread.run(Thread.java:748) [?:1.8.0_292]
2021-07-27 15:35:07,892 [pool-170-thread-9] ERROR ratis.ContainerStateMachine (ContainerStateMachine.java:lambda$applyTransaction$8(794)) - gid group-C4DEBC28EEF9 : ApplyTransaction failed. cmd PutBlock logIndex 116 msg : Requested operation not allowed as ContainerState is UNHEALTHY Container Result: CONTAINER_UNHEALTHY
2021-07-27 15:35:07,898 [ChunkWriter-0-0] ERROR ratis.ContainerStateMachine (ContainerStateMachine.java:lambda$handleWriteChunk$1(441)) - group-C4DEBC28EEF9: writeChunk writeStateMachineData failed: blockIdcontainerID: 17
localID: 107544261427200021
blockCommitSequenceId: 116
 logIndex 118 chunkName 107544261427200021_chunk_3
org.yaml.snakeyaml.error.YAMLException: java.io.IOException: No space left on device
	at org.yaml.snakeyaml.Yaml.dumpAll(Yaml.java:280)
	at org.yaml.snakeyaml.Yaml.dump(Yaml.java:256)
	at org.apache.hadoop.ozone.container.common.impl.ContainerDataYaml.createContainerFile(ContainerDataYaml.java:96)
	at org.apache.hadoop.ozone.container.keyvalue.KeyValueContainer.writeToContainerFile(KeyValueContainer.java:220)
	at org.apache.hadoop.ozone.container.keyvalue.KeyValueContainer.updateContainerFile(KeyValueContainer.java:255)
	at org.apache.hadoop.ozone.container.keyvalue.KeyValueContainer.updateContainerData(KeyValueContainer.java:366)
	at org.apache.hadoop.ozone.container.keyvalue.KeyValueContainer.markContainerUnhealthy(KeyValueContainer.java:297)
	at org.apache.hadoop.ozone.container.keyvalue.KeyValueHandler.markContainerUnhealthy(KeyValueHandler.java:947)
	at org.apache.hadoop.ozone.container.common.impl.HddsDispatcher.dispatchRequest(HddsDispatcher.java:350)
	at org.apache.hadoop.ozone.container.common.impl.HddsDispatcher.lambda$dispatch$0(HddsDispatcher.java:169)
	at org.apache.hadoop.hdds.server.OzoneProtocolMessageDispatcher.processRequest(OzoneProtocolMessageDispatcher.java:87)
	at org.apache.hadoop.ozone.container.common.impl.HddsDispatcher.dispatch(HddsDispatcher.java:168)
	at org.apache.hadoop.ozone.container.common.transport.server.ratis.ContainerStateMachine.dispatchCommand(ContainerStateMachine.java:398)
	at org.apache.hadoop.ozone.container.common.transport.server.ratis.ContainerStateMachine.runCommand(ContainerStateMachine.java:408)
	at org.apache.hadoop.ozone.container.common.transport.server.ratis.ContainerStateMachine.lambda$handleWriteChunk$1(ContainerStateMachine.java:439)
	at java.util.concurrent.CompletableFuture$AsyncSupply.run(CompletableFuture.java:1604)
	at java.util.concurrent.ThreadPoolExecutor.runWorker(ThreadPoolExecutor.java:1149)
	at java.util.concurrent.ThreadPoolExecutor$Worker.run(ThreadPoolExecutor.java:624)
	at java.lang.Thread.run(Thread.java:748)
Caused by: java.io.IOException: No space left on device
	at java.io.FileOutputStream.writeBytes(Native Method)
	at java.io.FileOutputStream.write(FileOutputStream.java:326)
	at sun.nio.cs.StreamEncoder.writeBytes(StreamEncoder.java:221)
	at sun.nio.cs.StreamEncoder.implFlushBuffer(StreamEncoder.java:291)
	at sun.nio.cs.StreamEncoder.implFlush(StreamEncoder.java:295)
	at sun.nio.cs.StreamEncoder.flush(StreamEncoder.java:141)
	at java.io.OutputStreamWriter.flush(OutputStreamWriter.java:229)
	at org.yaml.snakeyaml.emitter.Emitter.flushStream(Emitter.java:1078)
	at org.yaml.snakeyaml.emitter.Emitter$ExpectDocumentEnd.expect(Emitter.java:368)
	at org.yaml.snakeyaml.emitter.Emitter.emit(Emitter.java:220)
	at org.yaml.snakeyaml.serializer.Serializer.serialize(Serializer.java:115)
	at org.yaml.snakeyaml.Yaml.dumpAll(Yaml.java:276)
	... 18 more
2021-07-27 15:35:07,899 [EventQueue-IncrementalContainerReportForIncrementalContainerReportHandler] WARN  container.IncrementalContainerReportHandler (AbstractContainerReportHandler.java:updateContainerState(190)) - Container #17 is in OPEN state, but the datanode 06176d23-931f-4bc0-889d-083490fc12b7{ip: 10.1.0.63, host: fv-az184-788.3ow45vhwbzuu5incsxmygykede.cx.internal.cloudapp.net, ports: [REPLICATION=34999, RATIS=42561, RATIS_ADMIN=42561, RATIS_SERVER=42561, STANDALONE=44409], networkLocation: /default-rack, certSerialId: null, persistedOpState: IN_SERVICE, persistedOpStateExpiryEpochSec: 0} reports an UNHEALTHY replica.
2021-07-27 15:35:07,902 [EventQueue-CloseContainerForCloseContainerEventHandler] INFO  container.CloseContainerEventHandler (CloseContainerEventHandler.java:onMessage(69)) - Close container Event triggered for container : #17
2021-07-27 15:35:07,904 [pool-170-thread-9] ERROR ratis.XceiverServerRatis (XceiverServerRatis.java:triggerPipelineClose(672)) - pipeline Action CLOSE on pipeline PipelineID=de558c62-75cb-4667-a4a5-c4debc28eef9.Reason : Ratis Transaction failure in datanode 7e2e87a4-e2d9-4354-b1ee-fda8295f1a97 with role FOLLOWER .Triggering pipeline close action.
2021-07-27 15:35:07,904 [ChunkWriter-0-0] ERROR ratis.ContainerStateMachine (ContainerStateMachine.java:lambda$handleWriteChunk$1(441)) - group-C4DEBC28EEF9: writeChunk writeStateMachineData failed: blockIdcontainerID: 17
localID: 107544261427200021
blockCommitSequenceId: 116
 logIndex 118 chunkName 107544261427200021_chunk_3
org.yaml.snakeyaml.error.YAMLException: java.io.IOException: No space left on device
	at org.yaml.snakeyaml.Yaml.dumpAll(Yaml.java:280)
	at org.yaml.snakeyaml.Yaml.dump(Yaml.java:256)
	at org.apache.hadoop.ozone.container.common.impl.ContainerDataYaml.createContainerFile(ContainerDataYaml.java:96)
	at org.apache.hadoop.ozone.container.keyvalue.KeyValueContainer.writeToContainerFile(KeyValueContainer.java:220)
	at org.apache.hadoop.ozone.container.keyvalue.KeyValueContainer.updateContainerFile(KeyValueContainer.java:255)
	at org.apache.hadoop.ozone.container.keyvalue.KeyValueContainer.updateContainerData(KeyValueContainer.java:366)
	at org.apache.hadoop.ozone.container.keyvalue.KeyValueContainer.markContainerUnhealthy(KeyValueContainer.java:297)
	at org.apache.hadoop.ozone.container.keyvalue.KeyValueHandler.markContainerUnhealthy(KeyValueHandler.java:947)
	at org.apache.hadoop.ozone.container.common.impl.HddsDispatcher.dispatchRequest(HddsDispatcher.java:350)
	at org.apache.hadoop.ozone.container.common.impl.HddsDispatcher.lambda$dispatch$0(HddsDispatcher.java:169)
	at org.apache.hadoop.hdds.server.OzoneProtocolMessageDispatcher.processRequest(OzoneProtocolMessageDispatcher.java:87)
	at org.apache.hadoop.ozone.container.common.impl.HddsDispatcher.dispatch(HddsDispatcher.java:168)
	at org.apache.hadoop.ozone.container.common.transport.server.ratis.ContainerStateMachine.dispatchCommand(ContainerStateMachine.java:398)
	at org.apache.hadoop.ozone.container.common.transport.server.ratis.ContainerStateMachine.runCommand(ContainerStateMachine.java:408)
	at org.apache.hadoop.ozone.container.common.transport.server.ratis.ContainerStateMachine.lambda$handleWriteChunk$1(ContainerStateMachine.java:439)
	at java.util.concurrent.CompletableFuture$AsyncSupply.run(CompletableFuture.java:1604)
	at java.util.concurrent.ThreadPoolExecutor.runWorker(ThreadPoolExecutor.java:1149)
	at java.util.concurrent.ThreadPoolExecutor$Worker.run(ThreadPoolExecutor.java:624)
	at java.lang.Thread.run(Thread.java:748)
Caused by: java.io.IOException: No space left on device
	at java.io.FileOutputStream.writeBytes(Native Method)
	at java.io.FileOutputStream.write(FileOutputStream.java:326)
	at sun.nio.cs.StreamEncoder.writeBytes(StreamEncoder.java:221)
	at sun.nio.cs.StreamEncoder.implFlushBuffer(StreamEncoder.java:291)
	at sun.nio.cs.StreamEncoder.implFlush(StreamEncoder.java:295)
	at sun.nio.cs.StreamEncoder.flush(StreamEncoder.java:141)
	at java.io.OutputStreamWriter.flush(OutputStreamWriter.java:229)
	at org.yaml.snakeyaml.emitter.Emitter.flushStream(Emitter.java:1078)
	at org.yaml.snakeyaml.emitter.Emitter$ExpectDocumentEnd.expect(Emitter.java:368)
	at org.yaml.snakeyaml.emitter.Emitter.emit(Emitter.java:220)
	at org.yaml.snakeyaml.serializer.Serializer.serialize(Serializer.java:115)
	at org.yaml.snakeyaml.Yaml.dumpAll(Yaml.java:276)
	... 18 more
2021-07-27 15:35:07,905 [06176d23-931f-4bc0-889d-083490fc12b7@group-C4DEBC28EEF9-SegmentedRaftLogWorker] ERROR ratis.XceiverServerRatis (XceiverServerRatis.java:triggerPipelineClose(672)) - pipeline Action CLOSE on pipeline PipelineID=de558c62-75cb-4667-a4a5-c4debc28eef9.Reason : org.yaml.snakeyaml.error.YAMLException: java.io.IOException: No space left on device
2021-07-27 15:35:07,911 [7e2e87a4-e2d9-4354-b1ee-fda8295f1a97@group-C4DEBC28EEF9-SegmentedRaftLogWorker] ERROR ratis.XceiverServerRatis (XceiverServerRatis.java:triggerPipelineClose(672)) - pipeline Action CLOSE on pipeline PipelineID=de558c62-75cb-4667-a4a5-c4debc28eef9.Reason : Requested operation not allowed as ContainerState is UNHEALTHY
2021-07-27 15:35:07,914 [EventQueue-PipelineActionsForPipelineActionHandler] INFO  pipeline.PipelineActionHandler (PipelineActionHandler.java:processPipelineAction(82)) - Received pipeline action CLOSE for PipelineID=de558c62-75cb-4667-a4a5-c4debc28eef9 from datanode 7e2e87a4-e2d9-4354-b1ee-fda8295f1a97. Reason : Ratis Transaction failure in datanode 7e2e87a4-e2d9-4354-b1ee-fda8295f1a97 with role FOLLOWER .Triggering pipeline close action.
2021-07-27 15:35:07,915 [EventQueue-PipelineActionsForPipelineActionHandler] INFO  pipeline.PipelineManagerV2Impl (PipelineManagerV2Impl.java:closePipeline(343)) - Pipeline Pipeline[ Id: de558c62-75cb-4667-a4a5-c4debc28eef9, Nodes: 81779055-ba29-4e92-9662-ae2ec67a510c{ip: 10.1.0.63, host: fv-az184-788.3ow45vhwbzuu5incsxmygykede.cx.internal.cloudapp.net, ports: [REPLICATION=41741, RATIS=34923, RATIS_ADMIN=34923, RATIS_SERVER=34923, STANDALONE=42043], networkLocation: /default-rack, certSerialId: null, persistedOpState: IN_SERVICE, persistedOpStateExpiryEpochSec: 0}06176d23-931f-4bc0-889d-083490fc12b7{ip: 10.1.0.63, host: fv-az184-788.3ow45vhwbzuu5incsxmygykede.cx.internal.cloudapp.net, ports: [REPLICATION=34999, RATIS=42561, RATIS_ADMIN=42561, RATIS_SERVER=42561, STANDALONE=44409], networkLocation: /default-rack, certSerialId: null, persistedOpState: IN_SERVICE, persistedOpStateExpiryEpochSec: 0}7e2e87a4-e2d9-4354-b1ee-fda8295f1a97{ip: 10.1.0.63, host: fv-az184-788.3ow45vhwbzuu5incsxmygykede.cx.internal.cloudapp.net, ports: [REPLICATION=40957, RATIS=33551, RATIS_ADMIN=33551, RATIS_SERVER=33551, STANDALONE=44133], networkLocation: /default-rack, certSerialId: null, persistedOpState: IN_SERVICE, persistedOpStateExpiryEpochSec: 0}, ReplicationConfig: RATIS/THREE, State:OPEN, leaderId:81779055-ba29-4e92-9662-ae2ec67a510c, CreationTimestamp2021-07-27T15:34:21.961Z[Etc/UTC]] moved to CLOSED state
2021-07-27 15:35:07,916 [EventQueue-PipelineActionsForPipelineActionHandler] INFO  pipeline.RatisPipelineProvider (RatisPipelineProvider.java:lambda$close$1(222)) - Send pipeline:PipelineID=de558c62-75cb-4667-a4a5-c4debc28eef9 close command to datanode 81779055-ba29-4e92-9662-ae2ec67a510c
2021-07-27 15:35:07,917 [EventQueue-PipelineActionsForPipelineActionHandler] INFO  pipeline.RatisPipelineProvider (RatisPipelineProvider.java:lambda$close$1(222)) - Send pipeline:PipelineID=de558c62-75cb-4667-a4a5-c4debc28eef9 close command to datanode 06176d23-931f-4bc0-889d-083490fc12b7
2021-07-27 15:35:07,917 [EventQueue-PipelineActionsForPipelineActionHandler] INFO  pipeline.RatisPipelineProvider (RatisPipelineProvider.java:lambda$close$1(222)) - Send pipeline:PipelineID=de558c62-75cb-4667-a4a5-c4debc28eef9 close command to datanode 7e2e87a4-e2d9-4354-b1ee-fda8295f1a97
2021-07-27 15:35:07,921 [EventQueue-PipelineActionsForPipelineActionHandler] INFO  pipeline.PipelineStateManager (PipelineStateManagerV2Impl.java:removePipeline(211)) - Pipeline Pipeline[ Id: de558c62-75cb-4667-a4a5-c4debc28eef9, Nodes: 81779055-ba29-4e92-9662-ae2ec67a510c{ip: 10.1.0.63, host: fv-az184-788.3ow45vhwbzuu5incsxmygykede.cx.internal.cloudapp.net, ports: [REPLICATION=41741, RATIS=34923, RATIS_ADMIN=34923, RATIS_SERVER=34923, STANDALONE=42043], networkLocation: /default-rack, certSerialId: null, persistedOpState: IN_SERVICE, persistedOpStateExpiryEpochSec: 0}06176d23-931f-4bc0-889d-083490fc12b7{ip: 10.1.0.63, host: fv-az184-788.3ow45vhwbzuu5incsxmygykede.cx.internal.cloudapp.net, ports: [REPLICATION=34999, RATIS=42561, RATIS_ADMIN=42561, RATIS_SERVER=42561, STANDALONE=44409], networkLocation: /default-rack, certSerialId: null, persistedOpState: IN_SERVICE, persistedOpStateExpiryEpochSec: 0}7e2e87a4-e2d9-4354-b1ee-fda8295f1a97{ip: 10.1.0.63, host: fv-az184-788.3ow45vhwbzuu5incsxmygykede.cx.internal.cloudapp.net, ports: [REPLICATION=40957, RATIS=33551, RATIS_ADMIN=33551, RATIS_SERVER=33551, STANDALONE=44133], networkLocation: /default-rack, certSerialId: null, persistedOpState: IN_SERVICE, persistedOpStateExpiryEpochSec: 0}, ReplicationConfig: RATIS/THREE, State:CLOSED, leaderId:81779055-ba29-4e92-9662-ae2ec67a510c, CreationTimestamp2021-07-27T15:34:21.961Z[Etc/UTC]] removed.
2021-07-27 15:35:07,921 [EventQueue-PipelineActionsForPipelineActionHandler] INFO  pipeline.PipelineActionHandler (PipelineActionHandler.java:processPipelineAction(82)) - Received pipeline action CLOSE for PipelineID=de558c62-75cb-4667-a4a5-c4debc28eef9 from datanode 06176d23-931f-4bc0-889d-083490fc12b7. Reason : org.yaml.snakeyaml.error.YAMLException: java.io.IOException: No space left on device
2021-07-27 15:35:07,921 [EventQueue-PipelineActionsForPipelineActionHandler] WARN  pipeline.PipelineActionHandler (PipelineActionHandler.java:processPipelineAction(93)) - Pipeline action CLOSE received for unknown pipeline PipelineID=de558c62-75cb-4667-a4a5-c4debc28eef9, firing close pipeline event.
2021-07-27 15:35:07,921 [EventQueue-PipelineActionsForPipelineActionHandler] INFO  pipeline.PipelineActionHandler (PipelineActionHandler.java:processPipelineAction(82)) - Received pipeline action CLOSE for PipelineID=de558c62-75cb-4667-a4a5-c4debc28eef9 from datanode 81779055-ba29-4e92-9662-ae2ec67a510c. Reason : org.yaml.snakeyaml.error.YAMLException: java.io.IOException: No space left on device
2021-07-27 15:35:07,921 [EventQueue-PipelineActionsForPipelineActionHandler] WARN  pipeline.PipelineActionHandler (PipelineActionHandler.java:processPipelineAction(93)) - Pipeline action CLOSE received for unknown pipeline PipelineID=de558c62-75cb-4667-a4a5-c4debc28eef9, firing close pipeline event.
2021-07-27 15:35:07,929 [81779055-ba29-4e92-9662-ae2ec67a510c@group-C4DEBC28EEF9-SegmentedRaftLogWorker] ERROR ratis.XceiverServerRatis (XceiverServerRatis.java:triggerPipelineClose(672)) - pipeline Action CLOSE on pipeline PipelineID=de558c62-75cb-4667-a4a5-c4debc28eef9.Reason : org.yaml.snakeyaml.error.YAMLException: java.io.IOException: No space left on device
2021-07-27 15:35:07,933 [Datanode State Machine Thread - 0] WARN  statemachine.StateContext (StateContext.java:execute(621)) - No available thread in pool for past 1 seconds.
2021-07-27 15:35:07,934 [EventQueue-PipelineActionsForPipelineActionHandler] INFO  pipeline.PipelineActionHandler (PipelineActionHandler.java:processPipelineAction(82)) - Received pipeline action CLOSE for PipelineID=de558c62-75cb-4667-a4a5-c4debc28eef9 from datanode 7e2e87a4-e2d9-4354-b1ee-fda8295f1a97. Reason : Ratis Transaction failure in datanode 7e2e87a4-e2d9-4354-b1ee-fda8295f1a97 with role FOLLOWER .Triggering pipeline close action.
2021-07-27 15:35:07,934 [EventQueue-PipelineActionsForPipelineActionHandler] WARN  pipeline.PipelineActionHandler (PipelineActionHandler.java:processPipelineAction(93)) - Pipeline action CLOSE received for unknown pipeline PipelineID=de558c62-75cb-4667-a4a5-c4debc28eef9, firing close pipeline event.
2021-07-27 15:35:07,934 [EventQueue-CloseContainerForCloseContainerEventHandler] INFO  container.CloseContainerEventHandler (CloseContainerEventHandler.java:onMessage(69)) - Close container Event triggered for container : #17
2021-07-27 15:35:07,937 [EventQueue-PipelineActionsForPipelineActionHandler] INFO  pipeline.PipelineActionHandler (PipelineActionHandler.java:processPipelineAction(82)) - Received pipeline action CLOSE for PipelineID=de558c62-75cb-4667-a4a5-c4debc28eef9 from datanode 7e2e87a4-e2d9-4354-b1ee-fda8295f1a97. Reason : Requested operation not allowed as ContainerState is UNHEALTHY
2021-07-27 15:35:07,937 [EventQueue-PipelineActionsForPipelineActionHandler] WARN  pipeline.PipelineActionHandler (PipelineActionHandler.java:processPipelineAction(93)) - Pipeline action CLOSE received for unknown pipeline PipelineID=de558c62-75cb-4667-a4a5-c4debc28eef9, firing close pipeline event.
2021-07-27 15:35:07,948 [Datanode State Machine Thread - 0] WARN  statemachine.StateContext (StateContext.java:execute(621)) - No available thread in pool for past 1 seconds.
2021-07-27 15:35:07,949 [EventQueue-PipelineActionsForPipelineActionHandler] INFO  pipeline.PipelineActionHandler (PipelineActionHandler.java:processPipelineAction(82)) - Received pipeline action CLOSE for PipelineID=de558c62-75cb-4667-a4a5-c4debc28eef9 from datanode 81779055-ba29-4e92-9662-ae2ec67a510c. Reason : Log already failed at index 118 for task WriteLog:118: (t:4, i:118), STATEMACHINELOGENTRY, cmdType: WriteChunk traceID: "" containerID: 17 datanodeUuid: "81779055-ba29-4e92-9662-ae2ec67a510c" pipelineID: "de558c62-75cb-4667-a4a5-c4debc28eef9" writeChunk { blockID { containerID: 17 localID: 107544261427200021 blockCommitSequenceId: 116 } chunkData { chunkName: "107544261427200021_chunk_3" offset: 2097152 len: 1048576 checksumData { type: NONE bytesPerChecksum: 1048576 } } }, container path=/home/runner/work/ozone/ozone/mnt/ozone/hadoop-ozone/integration-test/target/test-dir/MiniOzoneClusterImpl-c6f84d42-5853-4333-b7a0-bd2f0065fc62/datanode-1/data-0/containers/hdds/c6f84d42-5853-4333-b7a0-bd2f0065fc62/current/containerDir0/17
2021-07-27 15:35:07,949 [EventQueue-PipelineActionsForPipelineActionHandler] WARN  pipeline.PipelineActionHandler (PipelineActionHandler.java:processPipelineAction(93)) - Pipeline action CLOSE received for unknown pipeline PipelineID=de558c62-75cb-4667-a4a5-c4debc28eef9, firing close pipeline event.
2021-07-27 15:35:07,952 [EventQueue-PipelineActionsForPipelineActionHandler] INFO  pipeline.PipelineActionHandler (PipelineActionHandler.java:processPipelineAction(82)) - Received pipeline action CLOSE for PipelineID=de558c62-75cb-4667-a4a5-c4debc28eef9 from datanode 7e2e87a4-e2d9-4354-b1ee-fda8295f1a97. Reason : Log already failed at index 118 for task WriteLog:118: (t:4, i:118), STATEMACHINELOGENTRY, cmdType: WriteChunk traceID: "" containerID: 17 datanodeUuid: "81779055-ba29-4e92-9662-ae2ec67a510c" pipelineID: "de558c62-75cb-4667-a4a5-c4debc28eef9" writeChunk { blockID { containerID: 17 localID: 107544261427200021 blockCommitSequenceId: 116 } chunkData { chunkName: "107544261427200021_chunk_3" offset: 2097152 len: 1048576 checksumData { type: NONE bytesPerChecksum: 1048576 } } }, container path=/home/runner/work/ozone/ozone/mnt/ozone/hadoop-ozone/integration-test/target/test-dir/MiniOzoneClusterImpl-c6f84d42-5853-4333-b7a0-bd2f0065fc62/datanode-0/data-0/containers/hdds/c6f84d42-5853-4333-b7a0-bd2f0065fc62/current/containerDir0/17
2021-07-27 15:35:07,952 [EventQueue-PipelineActionsForPipelineActionHandler] WARN  pipeline.PipelineActionHandler (PipelineActionHandler.java:processPipelineAction(93)) - Pipeline action CLOSE received for unknown pipeline PipelineID=de558c62-75cb-4667-a4a5-c4debc28eef9, firing close pipeline event.
2021-07-27 15:35:07,952 [EventQueue-PipelineActionsForPipelineActionHandler] INFO  pipeline.PipelineActionHandler (PipelineActionHandler.java:processPipelineAction(82)) - Received pipeline action CLOSE for PipelineID=de558c62-75cb-4667-a4a5-c4debc28eef9 from datanode 06176d23-931f-4bc0-889d-083490fc12b7. Reason : Log already failed at index 118 for task WriteLog:118: (t:4, i:118), STATEMACHINELOGENTRY, cmdType: WriteChunk traceID: "" containerID: 17 datanodeUuid: "81779055-ba29-4e92-9662-ae2ec67a510c" pipelineID: "de558c62-75cb-4667-a4a5-c4debc28eef9" writeChunk { blockID { containerID: 17 localID: 107544261427200021 blockCommitSequenceId: 116 } chunkData { chunkName: "107544261427200021_chunk_3" offset: 2097152 len: 1048576 checksumData { type: NONE bytesPerChecksum: 1048576 } } }, container path=/home/runner/work/ozone/ozone/mnt/ozone/hadoop-ozone/integration-test/target/test-dir/MiniOzoneClusterImpl-c6f84d42-5853-4333-b7a0-bd2f0065fc62/datanode-2/data-0/containers/hdds/c6f84d42-5853-4333-b7a0-bd2f0065fc62/current/containerDir0/17
2021-07-27 15:35:07,952 [EventQueue-PipelineActionsForPipelineActionHandler] WARN  pipeline.PipelineActionHandler (PipelineActionHandler.java:processPipelineAction(93)) - Pipeline action CLOSE received for unknown pipeline PipelineID=de558c62-75cb-4667-a4a5-c4debc28eef9, firing close pipeline event.
2021-07-27 15:35:07,951 [Datanode State Machine Thread - 0] WARN  statemachine.StateContext (StateContext.java:execute(621)) - No available thread in pool for past 1 seconds.
2021-07-27 15:35:07,950 [Datanode State Machine Thread - 0] WARN  statemachine.StateContext (StateContext.java:execute(621)) - No available thread in pool for past 1 seconds.
2021-07-27 15:35:07,950 [7e2e87a4-e2d9-4354-b1ee-fda8295f1a97@group-C4DEBC28EEF9-SegmentedRaftLogWorker] ERROR ratis.XceiverServerRatis (XceiverServerRatis.java:triggerPipelineClose(672)) - pipeline Action CLOSE on pipeline PipelineID=de558c62-75cb-4667-a4a5-c4debc28eef9.Reason : Log already failed at index 118 for task WriteLog:118: (t:4, i:118), STATEMACHINELOGENTRY, cmdType: WriteChunk traceID: "" containerID: 17 datanodeUuid: "81779055-ba29-4e92-9662-ae2ec67a510c" pipelineID: "de558c62-75cb-4667-a4a5-c4debc28eef9" writeChunk { blockID { containerID: 17 localID: 107544261427200021 blockCommitSequenceId: 116 } chunkData { chunkName: "107544261427200021_chunk_3" offset: 2097152 len: 1048576 checksumData { type: NONE bytesPerChecksum: 1048576 } } }, container path=/home/runner/work/ozone/ozone/mnt/ozone/hadoop-ozone/integration-test/target/test-dir/MiniOzoneClusterImpl-c6f84d42-5853-4333-b7a0-bd2f0065fc62/datanode-0/data-0/containers/hdds/c6f84d42-5853-4333-b7a0-bd2f0065fc62/current/containerDir0/17
2021-07-27 15:35:07,950 [81779055-ba29-4e92-9662-ae2ec67a510c@group-C4DEBC28EEF9-SegmentedRaftLogWorker] ERROR ratis.XceiverServerRatis (XceiverServerRatis.java:triggerPipelineClose(672)) - pipeline Action CLOSE on pipeline PipelineID=de558c62-75cb-4667-a4a5-c4debc28eef9.Reason : Log already failed at index 118 for task WriteLog:118: (t:4, i:118), STATEMACHINELOGENTRY, cmdType: WriteChunk traceID: "" containerID: 17 datanodeUuid: "81779055-ba29-4e92-9662-ae2ec67a510c" pipelineID: "de558c62-75cb-4667-a4a5-c4debc28eef9" writeChunk { blockID { containerID: 17 localID: 107544261427200021 blockCommitSequenceId: 116 } chunkData { chunkName: "107544261427200021_chunk_3" offset: 2097152 len: 1048576 checksumData { type: NONE bytesPerChecksum: 1048576 } } }, container path=/home/runner/work/ozone/ozone/mnt/ozone/hadoop-ozone/integration-test/target/test-dir/MiniOzoneClusterImpl-c6f84d42-5853-4333-b7a0-bd2f0065fc62/datanode-1/data-0/containers/hdds/c6f84d42-5853-4333-b7a0-bd2f0065fc62/current/containerDir0/17
2021-07-27 15:35:07,953 [06176d23-931f-4bc0-889d-083490fc12b7@group-C4DEBC28EEF9-SegmentedRaftLogWorker] ERROR ratis.XceiverServerRatis (XceiverServerRatis.java:triggerPipelineClose(672)) - pipeline Action CLOSE on pipeline PipelineID=de558c62-75cb-4667-a4a5-c4debc28eef9.Reason : Log already failed at index 118 for task WriteLog:118: (t:4, i:118), STATEMACHINELOGENTRY, cmdType: WriteChunk traceID: "" containerID: 17 datanodeUuid: "81779055-ba29-4e92-9662-ae2ec67a510c" pipelineID: "de558c62-75cb-4667-a4a5-c4debc28eef9" writeChunk { blockID { containerID: 17 localID: 107544261427200021 blockCommitSequenceId: 116 } chunkData { chunkName: "107544261427200021_chunk_3" offset: 2097152 len: 1048576 checksumData { type: NONE bytesPerChecksum: 1048576 } } }, container path=/home/runner/work/ozone/ozone/mnt/ozone/hadoop-ozone/integration-test/target/test-dir/MiniOzoneClusterImpl-c6f84d42-5853-4333-b7a0-bd2f0065fc62/datanode-2/data-0/containers/hdds/c6f84d42-5853-4333-b7a0-bd2f0065fc62/current/containerDir0/17
2021-07-27 15:35:08,327 [Command processor thread] INFO  server.RaftServer (RaftServerProxy.java:remove(106)) - 81779055-ba29-4e92-9662-ae2ec67a510c: remove    LEADER 81779055-ba29-4e92-9662-ae2ec67a510c@group-C4DEBC28EEF9:t4, leader=81779055-ba29-4e92-9662-ae2ec67a510c, voted=81779055-ba29-4e92-9662-ae2ec67a510c, raftlog=81779055-ba29-4e92-9662-ae2ec67a510c@group-C4DEBC28EEF9-SegmentedRaftLog:OPENED:c117,f117,i119, conf=0: [06176d23-931f-4bc0-889d-083490fc12b7|rpc:10.1.0.63:42561|dataStream:|priority:0, 81779055-ba29-4e92-9662-ae2ec67a510c|rpc:10.1.0.63:34923|dataStream:|priority:1, 7e2e87a4-e2d9-4354-b1ee-fda8295f1a97|rpc:10.1.0.63:33551|dataStream:|priority:0], old=null RUNNING
2021-07-27 15:35:08,329 [Command processor thread] INFO  server.RaftServer$Division (RaftServerImpl.java:lambda$close$4(407)) - 81779055-ba29-4e92-9662-ae2ec67a510c@group-C4DEBC28EEF9: shutdown
2021-07-27 15:35:08,329 [Command processor thread] INFO  util.JmxRegister (JmxRegister.java:unregister(73)) - Successfully un-registered JMX Bean with object name Ratis:service=RaftServer,group=group-C4DEBC28EEF9,id=81779055-ba29-4e92-9662-ae2ec67a510c
2021-07-27 15:35:08,329 [Command processor thread] INFO  impl.RoleInfo (RoleInfo.java:shutdownLeaderState(91)) - 81779055-ba29-4e92-9662-ae2ec67a510c: shutdown 81779055-ba29-4e92-9662-ae2ec67a510c@group-C4DEBC28EEF9-LeaderStateImpl
2021-07-27 15:35:08,330 [Command processor thread] INFO  impl.PendingRequests (PendingRequests.java:sendNotLeaderResponses(249)) - 81779055-ba29-4e92-9662-ae2ec67a510c@group-C4DEBC28EEF9-PendingRequests: sendNotLeaderResponses
2021-07-27 15:35:08,330 [81779055-ba29-4e92-9662-ae2ec67a510c@group-C4DEBC28EEF9->06176d23-931f-4bc0-889d-083490fc12b7-GrpcLogAppender-LogAppenderDaemon] WARN  server.GrpcLogAppender (GrpcLogAppender.java:mayWait(175)) - 81779055-ba29-4e92-9662-ae2ec67a510c@group-C4DEBC28EEF9->06176d23-931f-4bc0-889d-083490fc12b7-GrpcLogAppender: Wait interrupted by java.lang.InterruptedException
2021-07-27 15:35:08,333 [grpc-default-executor-1] INFO  server.GrpcServerProtocolService (GrpcServerProtocolService.java:onCompleted(140)) - 06176d23-931f-4bc0-889d-083490fc12b7: Completed APPEND_ENTRIES, lastRequest: 81779055-ba29-4e92-9662-ae2ec67a510c->06176d23-931f-4bc0-889d-083490fc12b7#2194-t4,previous=(t:4, i:118),leaderCommit=117,initializing? true,entries: size=1, first=(t:4, i:119), STATEMACHINELOGENTRY, 159@client-0F4800C36157
2021-07-27 15:35:08,330 [81779055-ba29-4e92-9662-ae2ec67a510c@group-C4DEBC28EEF9->7e2e87a4-e2d9-4354-b1ee-fda8295f1a97-GrpcLogAppender-LogAppenderDaemon] WARN  server.GrpcLogAppender (GrpcLogAppender.java:mayWait(175)) - 81779055-ba29-4e92-9662-ae2ec67a510c@group-C4DEBC28EEF9->7e2e87a4-e2d9-4354-b1ee-fda8295f1a97-GrpcLogAppender: Wait interrupted by java.lang.InterruptedException
2021-07-27 15:35:08,337 [Command processor thread] INFO  server.RaftServer (RaftServerProxy.java:remove(106)) - 06176d23-931f-4bc0-889d-083490fc12b7: remove  FOLLOWER 06176d23-931f-4bc0-889d-083490fc12b7@group-C4DEBC28EEF9:t4, leader=81779055-ba29-4e92-9662-ae2ec67a510c, voted=81779055-ba29-4e92-9662-ae2ec67a510c, raftlog=06176d23-931f-4bc0-889d-083490fc12b7@group-C4DEBC28EEF9-SegmentedRaftLog:OPENED:c117,f117,i119, conf=0: [06176d23-931f-4bc0-889d-083490fc12b7|rpc:10.1.0.63:42561|dataStream:|priority:0, 81779055-ba29-4e92-9662-ae2ec67a510c|rpc:10.1.0.63:34923|dataStream:|priority:1, 7e2e87a4-e2d9-4354-b1ee-fda8295f1a97|rpc:10.1.0.63:33551|dataStream:|priority:0], old=null RUNNING
2021-07-27 15:35:08,337 [Command processor thread] INFO  server.RaftServer$Division (RaftServerImpl.java:lambda$close$4(407)) - 06176d23-931f-4bc0-889d-083490fc12b7@group-C4DEBC28EEF9: shutdown
2021-07-27 15:35:08,337 [Command processor thread] INFO  util.JmxRegister (JmxRegister.java:unregister(73)) - Successfully un-registered JMX Bean with object name Ratis:service=RaftServer,group=group-C4DEBC28EEF9,id=06176d23-931f-4bc0-889d-083490fc12b7
2021-07-27 15:35:08,337 [Command processor thread] INFO  impl.RoleInfo (RoleInfo.java:shutdownFollowerState(108)) - 06176d23-931f-4bc0-889d-083490fc12b7: shutdown 06176d23-931f-4bc0-889d-083490fc12b7@group-C4DEBC28EEF9-FollowerState
2021-07-27 15:35:08,337 [grpc-default-executor-1] INFO  server.GrpcLogAppender (GrpcLogAppender.java:onCompleted(344)) - 81779055-ba29-4e92-9662-ae2ec67a510c@group-C4DEBC28EEF9->06176d23-931f-4bc0-889d-083490fc12b7-AppendLogResponseHandler: follower responses appendEntries COMPLETED
2021-07-27 15:35:08,339 [grpc-default-executor-1] INFO  leader.FollowerInfo (FollowerInfoImpl.java:lambda$new$0(46)) - 81779055-ba29-4e92-9662-ae2ec67a510c@group-C4DEBC28EEF9->06176d23-931f-4bc0-889d-083490fc12b7: nextIndex: updateUnconditionally 120 -> 118
2021-07-27 15:35:08,340 [Command processor thread] INFO  impl.StateMachineUpdater (StateMachineUpdater.java:stopAndJoin(149)) - 81779055-ba29-4e92-9662-ae2ec67a510c@group-C4DEBC28EEF9-StateMachineUpdater: set stopIndex = 117
2021-07-27 15:35:08,340 [81779055-ba29-4e92-9662-ae2ec67a510c@group-C4DEBC28EEF9-StateMachineUpdater] ERROR ratis.ContainerStateMachine (ContainerStateMachine.java:takeSnapshot(285)) - Failed to take snapshot  for group-C4DEBC28EEF9 as the stateMachine is unhealthy. The last applied index is at (t:4, i:117)
2021-07-27 15:35:08,341 [06176d23-931f-4bc0-889d-083490fc12b7@group-C4DEBC28EEF9-FollowerState] INFO  impl.FollowerState (FollowerState.java:run(143)) - 06176d23-931f-4bc0-889d-083490fc12b7@group-C4DEBC28EEF9-FollowerState was interrupted: {}
java.lang.InterruptedException: sleep interrupted
	at java.lang.Thread.sleep(Native Method)
	at java.lang.Thread.sleep(Thread.java:340)
	at java.util.concurrent.TimeUnit.sleep(TimeUnit.java:386)
	at org.apache.ratis.util.TimeDuration.sleep(TimeDuration.java:324)
	at org.apache.ratis.util.TimeDuration.sleep(TimeDuration.java:309)
	at org.apache.ratis.server.impl.FollowerState.run(FollowerState.java:118)
2021-07-27 15:35:08,343 [06176d23-931f-4bc0-889d-083490fc12b7@group-C4DEBC28EEF9-StateMachineUpdater] ERROR ratis.ContainerStateMachine (ContainerStateMachine.java:takeSnapshot(285)) - Failed to take snapshot  for group-C4DEBC28EEF9 as the stateMachine is unhealthy. The last applied index is at (t:4, i:117)
2021-07-27 15:35:08,344 [06176d23-931f-4bc0-889d-083490fc12b7@group-C4DEBC28EEF9-StateMachineUpdater] ERROR impl.StateMachineUpdater (StateMachineUpdater.java:takeSnapshot(276)) - 06176d23-931f-4bc0-889d-083490fc12b7@group-C4DEBC28EEF9-StateMachineUpdater: Failed to take snapshot
org.apache.ratis.protocol.exceptions.StateMachineException: Failed to take snapshot  for group-C4DEBC28EEF9 as the stateMachine is unhealthy. The last applied index is at (t:4, i:117)
	at org.apache.hadoop.ozone.container.common.transport.server.ratis.ContainerStateMachine.takeSnapshot(ContainerStateMachine.java:284)
	at org.apache.ratis.server.impl.StateMachineUpdater.takeSnapshot(StateMachineUpdater.java:265)
	at org.apache.ratis.server.impl.StateMachineUpdater.checkAndTakeSnapshot(StateMachineUpdater.java:257)
	at org.apache.ratis.server.impl.StateMachineUpdater.run(StateMachineUpdater.java:180)
	at java.lang.Thread.run(Thread.java:748)
2021-07-27 15:35:08,344 [06176d23-931f-4bc0-889d-083490fc12b7@group-C4DEBC28EEF9-StateMachineUpdater] ERROR ratis.ContainerStateMachine (ContainerStateMachine.java:takeSnapshot(285)) - Failed to take snapshot  for group-C4DEBC28EEF9 as the stateMachine is unhealthy. The last applied index is at (t:4, i:117)
2021-07-27 15:35:08,344 [06176d23-931f-4bc0-889d-083490fc12b7@group-C4DEBC28EEF9-StateMachineUpdater] ERROR impl.StateMachineUpdater (StateMachineUpdater.java:takeSnapshot(276)) - 06176d23-931f-4bc0-889d-083490fc12b7@group-C4DEBC28EEF9-StateMachineUpdater: Failed to take snapshot
org.apache.ratis.protocol.exceptions.StateMachineException: Failed to take snapshot  for group-C4DEBC28EEF9 as the stateMachine is unhealthy. The last applied index is at (t:4, i:117)
	at org.apache.hadoop.ozone.container.common.transport.server.ratis.ContainerStateMachine.takeSnapshot(ContainerStateMachine.java:284)
	at org.apache.ratis.server.impl.StateMachineUpdater.takeSnapshot(StateMachineUpdater.java:265)
	at org.apache.ratis.server.impl.StateMachineUpdater.checkAndTakeSnapshot(StateMachineUpdater.java:257)
	at org.apache.ratis.server.impl.StateMachineUpdater.run(StateMachineUpdater.java:183)
	at java.lang.Thread.run(Thread.java:748)
2021-07-27 15:35:08,337 [grpc-default-executor-0] INFO  server.GrpcServerProtocolService (GrpcServerProtocolService.java:onCompleted(140)) - 7e2e87a4-e2d9-4354-b1ee-fda8295f1a97: Completed APPEND_ENTRIES, lastRequest: 81779055-ba29-4e92-9662-ae2ec67a510c->7e2e87a4-e2d9-4354-b1ee-fda8295f1a97#2201-t4,previous=(t:4, i:118),leaderCommit=117,initializing? true,entries: size=1, first=(t:4, i:119), STATEMACHINELOGENTRY, 159@client-0F4800C36157
2021-07-27 15:35:08,341 [Command processor thread] INFO  impl.StateMachineUpdater (StateMachineUpdater.java:stopAndJoin(149)) - 06176d23-931f-4bc0-889d-083490fc12b7@group-C4DEBC28EEF9-StateMachineUpdater: set stopIndex = 117
2021-07-27 15:35:08,345 [Command processor thread] INFO  server.RaftServer$Division (ServerState.java:close(419)) - 06176d23-931f-4bc0-889d-083490fc12b7@group-C4DEBC28EEF9: closes. applyIndex: 117
2021-07-27 15:35:08,346 [06176d23-931f-4bc0-889d-083490fc12b7@group-C4DEBC28EEF9-SegmentedRaftLogWorker] INFO  segmented.SegmentedRaftLogWorker (SegmentedRaftLogWorker.java:run(327)) - 06176d23-931f-4bc0-889d-083490fc12b7@group-C4DEBC28EEF9-SegmentedRaftLogWorker was interrupted, exiting. There are 0 tasks remaining in the queue.
2021-07-27 15:35:08,340 [81779055-ba29-4e92-9662-ae2ec67a510c@group-C4DEBC28EEF9-StateMachineUpdater] ERROR impl.StateMachineUpdater (StateMachineUpdater.java:takeSnapshot(276)) - 81779055-ba29-4e92-9662-ae2ec67a510c@group-C4DEBC28EEF9-StateMachineUpdater: Failed to take snapshot
org.apache.ratis.protocol.exceptions.StateMachineException: Failed to take snapshot  for group-C4DEBC28EEF9 as the stateMachine is unhealthy. The last applied index is at (t:4, i:117)
	at org.apache.hadoop.ozone.container.common.transport.server.ratis.ContainerStateMachine.takeSnapshot(ContainerStateMachine.java:284)
	at org.apache.ratis.server.impl.StateMachineUpdater.takeSnapshot(StateMachineUpdater.java:265)
	at org.apache.ratis.server.impl.StateMachineUpdater.checkAndTakeSnapshot(StateMachineUpdater.java:257)
	at org.apache.ratis.server.impl.StateMachineUpdater.run(StateMachineUpdater.java:180)
	at java.lang.Thread.run(Thread.java:748)
2021-07-27 15:35:08,346 [Command processor thread] INFO  segmented.SegmentedRaftLogWorker (SegmentedRaftLogWorker.java:close(237)) - 06176d23-931f-4bc0-889d-083490fc12b7@group-C4DEBC28EEF9-SegmentedRaftLogWorker close()
2021-07-27 15:35:08,354 [81779055-ba29-4e92-9662-ae2ec67a510c@group-C4DEBC28EEF9-StateMachineUpdater] ERROR ratis.ContainerStateMachine (ContainerStateMachine.java:takeSnapshot(285)) - Failed to take snapshot  for group-C4DEBC28EEF9 as the stateMachine is unhealthy. The last applied index is at (t:4, i:117)
2021-07-27 15:35:08,354 [81779055-ba29-4e92-9662-ae2ec67a510c@group-C4DEBC28EEF9-StateMachineUpdater] ERROR impl.StateMachineUpdater (StateMachineUpdater.java:takeSnapshot(276)) - 81779055-ba29-4e92-9662-ae2ec67a510c@group-C4DEBC28EEF9-StateMachineUpdater: Failed to take snapshot
org.apache.ratis.protocol.exceptions.StateMachineException: Failed to take snapshot  for group-C4DEBC28EEF9 as the stateMachine is unhealthy. The last applied index is at (t:4, i:117)
	at org.apache.hadoop.ozone.container.common.transport.server.ratis.ContainerStateMachine.takeSnapshot(ContainerStateMachine.java:284)
	at org.apache.ratis.server.impl.StateMachineUpdater.takeSnapshot(StateMachineUpdater.java:265)
	at org.apache.ratis.server.impl.StateMachineUpdater.checkAndTakeSnapshot(StateMachineUpdater.java:257)
	at org.apache.ratis.server.impl.StateMachineUpdater.run(StateMachineUpdater.java:183)
	at java.lang.Thread.run(Thread.java:748)
2021-07-27 15:35:08,346 [grpc-default-executor-0] INFO  server.GrpcLogAppender (GrpcLogAppender.java:onCompleted(344)) - 81779055-ba29-4e92-9662-ae2ec67a510c@group-C4DEBC28EEF9->7e2e87a4-e2d9-4354-b1ee-fda8295f1a97-AppendLogResponseHandler: follower responses appendEntries COMPLETED
2021-07-27 15:35:08,356 [Command processor thread] INFO  server.RaftServer$Division (ServerState.java:close(419)) - 81779055-ba29-4e92-9662-ae2ec67a510c@group-C4DEBC28EEF9: closes. applyIndex: 117
2021-07-27 15:35:08,357 [81779055-ba29-4e92-9662-ae2ec67a510c@group-C4DEBC28EEF9-SegmentedRaftLogWorker] INFO  segmented.SegmentedRaftLogWorker (SegmentedRaftLogWorker.java:run(327)) - 81779055-ba29-4e92-9662-ae2ec67a510c@group-C4DEBC28EEF9-SegmentedRaftLogWorker was interrupted, exiting. There are 0 tasks remaining in the queue.
2021-07-27 15:35:08,357 [Command processor thread] INFO  segmented.SegmentedRaftLogWorker (SegmentedRaftLogWorker.java:close(237)) - 81779055-ba29-4e92-9662-ae2ec67a510c@group-C4DEBC28EEF9-SegmentedRaftLogWorker close()
2021-07-27 15:35:08,364 [Command processor thread] INFO  server.RaftServer$Division (RaftServerImpl.java:groupRemove(377)) - 06176d23-931f-4bc0-889d-083490fc12b7@group-C4DEBC28EEF9: Succeed to remove RaftStorageDirectory Storage Directory /home/runner/work/ozone/ozone/mnt/ozone/hadoop-ozone/integration-test/target/test-dir/MiniOzoneClusterImpl-c6f84d42-5853-4333-b7a0-bd2f0065fc62/datanode-2/data/ratis/de558c62-75cb-4667-a4a5-c4debc28eef9
2021-07-27 15:35:08,364 [Command processor thread] INFO  commandhandler.ClosePipelineCommandHandler (ClosePipelineCommandHandler.java:handle(75)) - Close Pipeline PipelineID=de558c62-75cb-4667-a4a5-c4debc28eef9 command on datanode 06176d23-931f-4bc0-889d-083490fc12b7.
2021-07-27 15:35:08,364 [Command processor thread] WARN  server.RaftServer (RaftServerProxy.java:remove(101)) - 06176d23-931f-4bc0-889d-083490fc12b7: does not contain group: group-C4DEBC28EEF9
2021-07-27 15:35:08,365 [Command processor thread] ERROR commandhandler.ClosePipelineCommandHandler (ClosePipelineCommandHandler.java:handle(78)) - Can't close pipeline PipelineID=de558c62-75cb-4667-a4a5-c4debc28eef9
java.io.IOException: 06176d23-931f-4bc0-889d-083490fc12b7: Group group-C4DEBC28EEF9 not found.
	at org.apache.hadoop.ozone.container.common.transport.server.ratis.XceiverServerRatis.removeGroup(XceiverServerRatis.java:777)
	at org.apache.hadoop.ozone.container.common.statemachine.commandhandler.ClosePipelineCommandHandler.handle(ClosePipelineCommandHandler.java:74)
	at org.apache.hadoop.ozone.container.common.statemachine.commandhandler.CommandDispatcher.handle(CommandDispatcher.java:99)
	at org.apache.hadoop.ozone.container.common.statemachine.DatanodeStateMachine.lambda$initCommandHandlerThread$2(DatanodeStateMachine.java:551)
	at java.lang.Thread.run(Thread.java:748)
Caused by: org.apache.ratis.protocol.exceptions.GroupMismatchException: 06176d23-931f-4bc0-889d-083490fc12b7: Group group-C4DEBC28EEF9 not found.
	at org.apache.ratis.server.impl.RaftServerProxy.groupRemoveAsync(RaftServerProxy.java:504)
	at org.apache.ratis.server.impl.RaftServerProxy.groupManagementAsync(RaftServerProxy.java:460)
	at org.apache.ratis.server.impl.RaftServerProxy.groupManagement(RaftServerProxy.java:440)
	at org.apache.hadoop.ozone.container.common.transport.server.ratis.XceiverServerRatis.removeGroup(XceiverServerRatis.java:775)
	... 4 more
2021-07-27 15:35:08,356 [grpc-default-executor-0] INFO  leader.FollowerInfo (FollowerInfoImpl.java:lambda$new$0(46)) - 81779055-ba29-4e92-9662-ae2ec67a510c@group-C4DEBC28EEF9->7e2e87a4-e2d9-4354-b1ee-fda8295f1a97: nextIndex: updateUnconditionally 120 -> 118
2021-07-27 15:35:08,366 [Command processor thread] INFO  server.RaftServer$Division (RaftServerImpl.java:groupRemove(377)) - 81779055-ba29-4e92-9662-ae2ec67a510c@group-C4DEBC28EEF9: Succeed to remove RaftStorageDirectory Storage Directory /home/runner/work/ozone/ozone/mnt/ozone/hadoop-ozone/integration-test/target/test-dir/MiniOzoneClusterImpl-c6f84d42-5853-4333-b7a0-bd2f0065fc62/datanode-1/data/ratis/de558c62-75cb-4667-a4a5-c4debc28eef9
2021-07-27 15:35:08,366 [Command processor thread] INFO  commandhandler.ClosePipelineCommandHandler (ClosePipelineCommandHandler.java:handle(75)) - Close Pipeline PipelineID=de558c62-75cb-4667-a4a5-c4debc28eef9 command on datanode 81779055-ba29-4e92-9662-ae2ec67a510c.
2021-07-27 15:35:08,367 [Command processor thread] WARN  server.RaftServer (RaftServerProxy.java:remove(101)) - 81779055-ba29-4e92-9662-ae2ec67a510c: does not contain group: group-C4DEBC28EEF9
2021-07-27 15:35:08,369 [Command processor thread] ERROR commandhandler.ClosePipelineCommandHandler (ClosePipelineCommandHandler.java:handle(78)) - Can't close pipeline PipelineID=de558c62-75cb-4667-a4a5-c4debc28eef9
java.io.IOException: 81779055-ba29-4e92-9662-ae2ec67a510c: Group group-C4DEBC28EEF9 not found.
	at org.apache.hadoop.ozone.container.common.transport.server.ratis.XceiverServerRatis.removeGroup(XceiverServerRatis.java:777)
	at org.apache.hadoop.ozone.container.common.statemachine.commandhandler.ClosePipelineCommandHandler.handle(ClosePipelineCommandHandler.java:74)
	at org.apache.hadoop.ozone.container.common.statemachine.commandhandler.CommandDispatcher.handle(CommandDispatcher.java:99)
	at org.apache.hadoop.ozone.container.common.statemachine.DatanodeStateMachine.lambda$initCommandHandlerThread$2(DatanodeStateMachine.java:551)
	at java.lang.Thread.run(Thread.java:748)
Caused by: org.apache.ratis.protocol.exceptions.GroupMismatchException: 81779055-ba29-4e92-9662-ae2ec67a510c: Group group-C4DEBC28EEF9 not found.
	at org.apache.ratis.server.impl.RaftServerProxy.groupRemoveAsync(RaftServerProxy.java:504)
	at org.apache.ratis.server.impl.RaftServerProxy.groupManagementAsync(RaftServerProxy.java:460)
	at org.apache.ratis.server.impl.RaftServerProxy.groupManagement(RaftServerProxy.java:440)
	at org.apache.hadoop.ozone.container.common.transport.server.ratis.XceiverServerRatis.removeGroup(XceiverServerRatis.java:775)
	... 4 more
2021-07-27 15:35:09,335 [Command processor thread] INFO  server.RaftServer (RaftServerProxy.java:remove(106)) - 7e2e87a4-e2d9-4354-b1ee-fda8295f1a97: remove  FOLLOWER 7e2e87a4-e2d9-4354-b1ee-fda8295f1a97@group-C4DEBC28EEF9:t4, leader=81779055-ba29-4e92-9662-ae2ec67a510c, voted=7e2e87a4-e2d9-4354-b1ee-fda8295f1a97, raftlog=7e2e87a4-e2d9-4354-b1ee-fda8295f1a97@group-C4DEBC28EEF9-SegmentedRaftLog:OPENED:c117,f117,i119, conf=0: [06176d23-931f-4bc0-889d-083490fc12b7|rpc:10.1.0.63:42561|dataStream:|priority:0, 81779055-ba29-4e92-9662-ae2ec67a510c|rpc:10.1.0.63:34923|dataStream:|priority:1, 7e2e87a4-e2d9-4354-b1ee-fda8295f1a97|rpc:10.1.0.63:33551|dataStream:|priority:0], old=null RUNNING
2021-07-27 15:35:09,336 [Command processor thread] INFO  server.RaftServer$Division (RaftServerImpl.java:lambda$close$4(407)) - 7e2e87a4-e2d9-4354-b1ee-fda8295f1a97@group-C4DEBC28EEF9: shutdown
2021-07-27 15:35:09,336 [Command processor thread] INFO  util.JmxRegister (JmxRegister.java:unregister(73)) - Successfully un-registered JMX Bean with object name Ratis:service=RaftServer,group=group-C4DEBC28EEF9,id=7e2e87a4-e2d9-4354-b1ee-fda8295f1a97
2021-07-27 15:35:09,336 [Command processor thread] INFO  impl.RoleInfo (RoleInfo.java:shutdownFollowerState(108)) - 7e2e87a4-e2d9-4354-b1ee-fda8295f1a97: shutdown 7e2e87a4-e2d9-4354-b1ee-fda8295f1a97@group-C4DEBC28EEF9-FollowerState
2021-07-27 15:35:09,336 [Command processor thread] INFO  impl.StateMachineUpdater (StateMachineUpdater.java:stopAndJoin(149)) - 7e2e87a4-e2d9-4354-b1ee-fda8295f1a97@group-C4DEBC28EEF9-StateMachineUpdater: set stopIndex = 117
2021-07-27 15:35:09,336 [7e2e87a4-e2d9-4354-b1ee-fda8295f1a97@group-C4DEBC28EEF9-FollowerState] INFO  impl.FollowerState (FollowerState.java:run(143)) - 7e2e87a4-e2d9-4354-b1ee-fda8295f1a97@group-C4DEBC28EEF9-FollowerState was interrupted: {}
java.lang.InterruptedException: sleep interrupted
	at java.lang.Thread.sleep(Native Method)
	at java.lang.Thread.sleep(Thread.java:340)
	at java.util.concurrent.TimeUnit.sleep(TimeUnit.java:386)
	at org.apache.ratis.util.TimeDuration.sleep(TimeDuration.java:324)
	at org.apache.ratis.util.TimeDuration.sleep(TimeDuration.java:309)
	at org.apache.ratis.server.impl.FollowerState.run(FollowerState.java:118)
2021-07-27 15:35:09,336 [7e2e87a4-e2d9-4354-b1ee-fda8295f1a97@group-C4DEBC28EEF9-StateMachineUpdater] ERROR ratis.ContainerStateMachine (ContainerStateMachine.java:takeSnapshot(285)) - Failed to take snapshot  for group-C4DEBC28EEF9 as the stateMachine is unhealthy. The last applied index is at (t:4, i:113)
2021-07-27 15:35:09,336 [7e2e87a4-e2d9-4354-b1ee-fda8295f1a97@group-C4DEBC28EEF9-StateMachineUpdater] ERROR impl.StateMachineUpdater (StateMachineUpdater.java:takeSnapshot(276)) - 7e2e87a4-e2d9-4354-b1ee-fda8295f1a97@group-C4DEBC28EEF9-StateMachineUpdater: Failed to take snapshot
org.apache.ratis.protocol.exceptions.StateMachineException: Failed to take snapshot  for group-C4DEBC28EEF9 as the stateMachine is unhealthy. The last applied index is at (t:4, i:113)
	at org.apache.hadoop.ozone.container.common.transport.server.ratis.ContainerStateMachine.takeSnapshot(ContainerStateMachine.java:284)
	at org.apache.ratis.server.impl.StateMachineUpdater.takeSnapshot(StateMachineUpdater.java:265)
	at org.apache.ratis.server.impl.StateMachineUpdater.checkAndTakeSnapshot(StateMachineUpdater.java:257)
	at org.apache.ratis.server.impl.StateMachineUpdater.run(StateMachineUpdater.java:180)
	at java.lang.Thread.run(Thread.java:748)
2021-07-27 15:35:09,338 [7e2e87a4-e2d9-4354-b1ee-fda8295f1a97@group-C4DEBC28EEF9-StateMachineUpdater] ERROR ratis.ContainerStateMachine (ContainerStateMachine.java:takeSnapshot(285)) - Failed to take snapshot  for group-C4DEBC28EEF9 as the stateMachine is unhealthy. The last applied index is at (t:4, i:113)
2021-07-27 15:35:09,338 [7e2e87a4-e2d9-4354-b1ee-fda8295f1a97@group-C4DEBC28EEF9-StateMachineUpdater] ERROR impl.StateMachineUpdater (StateMachineUpdater.java:takeSnapshot(276)) - 7e2e87a4-e2d9-4354-b1ee-fda8295f1a97@group-C4DEBC28EEF9-StateMachineUpdater: Failed to take snapshot
org.apache.ratis.protocol.exceptions.StateMachineException: Failed to take snapshot  for group-C4DEBC28EEF9 as the stateMachine is unhealthy. The last applied index is at (t:4, i:113)
	at org.apache.hadoop.ozone.container.common.transport.server.ratis.ContainerStateMachine.takeSnapshot(ContainerStateMachine.java:284)
	at org.apache.ratis.server.impl.StateMachineUpdater.takeSnapshot(StateMachineUpdater.java:265)
	at org.apache.ratis.server.impl.StateMachineUpdater.checkAndTakeSnapshot(StateMachineUpdater.java:257)
	at org.apache.ratis.server.impl.StateMachineUpdater.run(StateMachineUpdater.java:183)
	at java.lang.Thread.run(Thread.java:748)
2021-07-27 15:35:09,338 [Command processor thread] INFO  server.RaftServer$Division (ServerState.java:close(419)) - 7e2e87a4-e2d9-4354-b1ee-fda8295f1a97@group-C4DEBC28EEF9: closes. applyIndex: 113
2021-07-27 15:35:09,339 [7e2e87a4-e2d9-4354-b1ee-fda8295f1a97@group-C4DEBC28EEF9-SegmentedRaftLogWorker] INFO  segmented.SegmentedRaftLogWorker (SegmentedRaftLogWorker.java:run(327)) - 7e2e87a4-e2d9-4354-b1ee-fda8295f1a97@group-C4DEBC28EEF9-SegmentedRaftLogWorker was interrupted, exiting. There are 0 tasks remaining in the queue.
2021-07-27 15:35:09,339 [Command processor thread] INFO  segmented.SegmentedRaftLogWorker (SegmentedRaftLogWorker.java:close(237)) - 7e2e87a4-e2d9-4354-b1ee-fda8295f1a97@group-C4DEBC28EEF9-SegmentedRaftLogWorker close()
2021-07-27 15:35:09,340 [Command processor thread] INFO  server.RaftServer$Division (RaftServerImpl.java:groupRemove(377)) - 7e2e87a4-e2d9-4354-b1ee-fda8295f1a97@group-C4DEBC28EEF9: Succeed to remove RaftStorageDirectory Storage Directory /home/runner/work/ozone/ozone/mnt/ozone/hadoop-ozone/integration-test/target/test-dir/MiniOzoneClusterImpl-c6f84d42-5853-4333-b7a0-bd2f0065fc62/datanode-0/data/ratis/de558c62-75cb-4667-a4a5-c4debc28eef9
2021-07-27 15:35:09,341 [Command processor thread] INFO  commandhandler.ClosePipelineCommandHandler (ClosePipelineCommandHandler.java:handle(75)) - Close Pipeline PipelineID=de558c62-75cb-4667-a4a5-c4debc28eef9 command on datanode 7e2e87a4-e2d9-4354-b1ee-fda8295f1a97.
2021-07-27 15:35:09,341 [Command processor thread] WARN  server.RaftServer (RaftServerProxy.java:remove(101)) - 7e2e87a4-e2d9-4354-b1ee-fda8295f1a97: does not contain group: group-C4DEBC28EEF9
2021-07-27 15:35:09,341 [Command processor thread] ERROR commandhandler.ClosePipelineCommandHandler (ClosePipelineCommandHandler.java:handle(78)) - Can't close pipeline PipelineID=de558c62-75cb-4667-a4a5-c4debc28eef9
java.io.IOException: 7e2e87a4-e2d9-4354-b1ee-fda8295f1a97: Group group-C4DEBC28EEF9 not found.
	at org.apache.hadoop.ozone.container.common.transport.server.ratis.XceiverServerRatis.removeGroup(XceiverServerRatis.java:777)
	at org.apache.hadoop.ozone.container.common.statemachine.commandhandler.ClosePipelineCommandHandler.handle(ClosePipelineCommandHandler.java:74)
	at org.apache.hadoop.ozone.container.common.statemachine.commandhandler.CommandDispatcher.handle(CommandDispatcher.java:99)
	at org.apache.hadoop.ozone.container.common.statemachine.DatanodeStateMachine.lambda$initCommandHandlerThread$2(DatanodeStateMachine.java:551)
	at java.lang.Thread.run(Thread.java:748)
Caused by: org.apache.ratis.protocol.exceptions.GroupMismatchException: 7e2e87a4-e2d9-4354-b1ee-fda8295f1a97: Group group-C4DEBC28EEF9 not found.
	at org.apache.ratis.server.impl.RaftServerProxy.groupRemoveAsync(RaftServerProxy.java:504)
	at org.apache.ratis.server.impl.RaftServerProxy.groupManagementAsync(RaftServerProxy.java:460)
	at org.apache.ratis.server.impl.RaftServerProxy.groupManagement(RaftServerProxy.java:440)
	at org.apache.hadoop.ozone.container.common.transport.server.ratis.XceiverServerRatis.removeGroup(XceiverServerRatis.java:775)
	... 4 more
2021-07-27 15:35:09,341 [Command processor thread] WARN  server.RaftServer (RaftServerProxy.java:remove(101)) - 7e2e87a4-e2d9-4354-b1ee-fda8295f1a97: does not contain group: group-C4DEBC28EEF9
2021-07-27 15:35:09,341 [Command processor thread] ERROR commandhandler.ClosePipelineCommandHandler (ClosePipelineCommandHandler.java:handle(78)) - Can't close pipeline PipelineID=de558c62-75cb-4667-a4a5-c4debc28eef9
java.io.IOException: 7e2e87a4-e2d9-4354-b1ee-fda8295f1a97: Group group-C4DEBC28EEF9 not found.
	at org.apache.hadoop.ozone.container.common.transport.server.ratis.XceiverServerRatis.removeGroup(XceiverServerRatis.java:777)
	at org.apache.hadoop.ozone.container.common.statemachine.commandhandler.ClosePipelineCommandHandler.handle(ClosePipelineCommandHandler.java:74)
	at org.apache.hadoop.ozone.container.common.statemachine.commandhandler.CommandDispatcher.handle(CommandDispatcher.java:99)
	at org.apache.hadoop.ozone.container.common.statemachine.DatanodeStateMachine.lambda$initCommandHandlerThread$2(DatanodeStateMachine.java:551)
	at java.lang.Thread.run(Thread.java:748)
Caused by: org.apache.ratis.protocol.exceptions.GroupMismatchException: 7e2e87a4-e2d9-4354-b1ee-fda8295f1a97: Group group-C4DEBC28EEF9 not found.
	at org.apache.ratis.server.impl.RaftServerProxy.groupRemoveAsync(RaftServerProxy.java:504)
	at org.apache.ratis.server.impl.RaftServerProxy.groupManagementAsync(RaftServerProxy.java:460)
	at org.apache.ratis.server.impl.RaftServerProxy.groupManagement(RaftServerProxy.java:440)
	at org.apache.hadoop.ozone.container.common.transport.server.ratis.XceiverServerRatis.removeGroup(XceiverServerRatis.java:775)
	... 4 more
2021-07-27 15:35:09,341 [Command processor thread] WARN  server.RaftServer (RaftServerProxy.java:remove(101)) - 7e2e87a4-e2d9-4354-b1ee-fda8295f1a97: does not contain group: group-C4DEBC28EEF9
2021-07-27 15:35:09,341 [Command processor thread] ERROR commandhandler.ClosePipelineCommandHandler (ClosePipelineCommandHandler.java:handle(78)) - Can't close pipeline PipelineID=de558c62-75cb-4667-a4a5-c4debc28eef9
java.io.IOException: 7e2e87a4-e2d9-4354-b1ee-fda8295f1a97: Group group-C4DEBC28EEF9 not found.
	at org.apache.hadoop.ozone.container.common.transport.server.ratis.XceiverServerRatis.removeGroup(XceiverServerRatis.java:777)
	at org.apache.hadoop.ozone.container.common.statemachine.commandhandler.ClosePipelineCommandHandler.handle(ClosePipelineCommandHandler.java:74)
	at org.apache.hadoop.ozone.container.common.statemachine.commandhandler.CommandDispatcher.handle(CommandDispatcher.java:99)
	at org.apache.hadoop.ozone.container.common.statemachine.DatanodeStateMachine.lambda$initCommandHandlerThread$2(DatanodeStateMachine.java:551)
	at java.lang.Thread.run(Thread.java:748)
Caused by: org.apache.ratis.protocol.exceptions.GroupMismatchException: 7e2e87a4-e2d9-4354-b1ee-fda8295f1a97: Group group-C4DEBC28EEF9 not found.
	at org.apache.ratis.server.impl.RaftServerProxy.groupRemoveAsync(RaftServerProxy.java:504)
	at org.apache.ratis.server.impl.RaftServerProxy.groupManagementAsync(RaftServerProxy.java:460)
	at org.apache.ratis.server.impl.RaftServerProxy.groupManagement(RaftServerProxy.java:440)
	at org.apache.hadoop.ozone.container.common.transport.server.ratis.XceiverServerRatis.removeGroup(XceiverServerRatis.java:775)
	... 4 more
2021-07-27 15:35:09,948 [Command processor thread] WARN  server.RaftServer (RaftServerProxy.java:remove(101)) - 81779055-ba29-4e92-9662-ae2ec67a510c: does not contain group: group-C4DEBC28EEF9
2021-07-27 15:35:09,948 [Command processor thread] ERROR commandhandler.ClosePipelineCommandHandler (ClosePipelineCommandHandler.java:handle(78)) - Can't close pipeline PipelineID=de558c62-75cb-4667-a4a5-c4debc28eef9
java.io.IOException: 81779055-ba29-4e92-9662-ae2ec67a510c: Group group-C4DEBC28EEF9 not found.
	at org.apache.hadoop.ozone.container.common.transport.server.ratis.XceiverServerRatis.removeGroup(XceiverServerRatis.java:777)
	at org.apache.hadoop.ozone.container.common.statemachine.commandhandler.ClosePipelineCommandHandler.handle(ClosePipelineCommandHandler.java:74)
	at org.apache.hadoop.ozone.container.common.statemachine.commandhandler.CommandDispatcher.handle(CommandDispatcher.java:99)
	at org.apache.hadoop.ozone.container.common.statemachine.DatanodeStateMachine.lambda$initCommandHandlerThread$2(DatanodeStateMachine.java:551)
	at java.lang.Thread.run(Thread.java:748)
Caused by: org.apache.ratis.protocol.exceptions.GroupMismatchException: 81779055-ba29-4e92-9662-ae2ec67a510c: Group group-C4DEBC28EEF9 not found.
	at org.apache.ratis.server.impl.RaftServerProxy.groupRemoveAsync(RaftServerProxy.java:504)
	at org.apache.ratis.server.impl.RaftServerProxy.groupManagementAsync(RaftServerProxy.java:460)
	at org.apache.ratis.server.impl.RaftServerProxy.groupManagement(RaftServerProxy.java:440)
	at org.apache.hadoop.ozone.container.common.transport.server.ratis.XceiverServerRatis.removeGroup(XceiverServerRatis.java:775)
	... 4 more
2021-07-27 15:35:09,951 [Command processor thread] WARN  server.RaftServer (RaftServerProxy.java:remove(101)) - 06176d23-931f-4bc0-889d-083490fc12b7: does not contain group: group-C4DEBC28EEF9
2021-07-27 15:35:09,951 [Command processor thread] ERROR commandhandler.ClosePipelineCommandHandler (ClosePipelineCommandHandler.java:handle(78)) - Can't close pipeline PipelineID=de558c62-75cb-4667-a4a5-c4debc28eef9
java.io.IOException: 06176d23-931f-4bc0-889d-083490fc12b7: Group group-C4DEBC28EEF9 not found.
	at org.apache.hadoop.ozone.container.common.transport.server.ratis.XceiverServerRatis.removeGroup(XceiverServerRatis.java:777)
	at org.apache.hadoop.ozone.container.common.statemachine.commandhandler.ClosePipelineCommandHandler.handle(ClosePipelineCommandHandler.java:74)
	at org.apache.hadoop.ozone.container.common.statemachine.commandhandler.CommandDispatcher.handle(CommandDispatcher.java:99)
	at org.apache.hadoop.ozone.container.common.statemachine.DatanodeStateMachine.lambda$initCommandHandlerThread$2(DatanodeStateMachine.java:551)
	at java.lang.Thread.run(Thread.java:748)
Caused by: org.apache.ratis.protocol.exceptions.GroupMismatchException: 06176d23-931f-4bc0-889d-083490fc12b7: Group group-C4DEBC28EEF9 not found.
	at org.apache.ratis.server.impl.RaftServerProxy.groupRemoveAsync(RaftServerProxy.java:504)
	at org.apache.ratis.server.impl.RaftServerProxy.groupManagementAsync(RaftServerProxy.java:460)
	at org.apache.ratis.server.impl.RaftServerProxy.groupManagement(RaftServerProxy.java:440)
	at org.apache.hadoop.ozone.container.common.transport.server.ratis.XceiverServerRatis.removeGroup(XceiverServerRatis.java:775)
	... 4 more
2021-07-27 15:35:11,296 [Time-limited test] WARN  io.KeyOutputStream (KeyOutputStream.java:handleException(318)) - Encountered exception java.io.IOException: Unexpected Storage Container Exception: java.util.concurrent.CompletionException: Failed to write chunk 107544261427200021_chunk_3 into block conID: 17 locID: 107544261427200021 bcsId: 116 on the pipeline Pipeline[ Id: de558c62-75cb-4667-a4a5-c4debc28eef9, Nodes: 81779055-ba29-4e92-9662-ae2ec67a510c{ip: 10.1.0.63, host: fv-az184-788.3ow45vhwbzuu5incsxmygykede.cx.internal.cloudapp.net, ports: [REPLICATION=41741, RATIS=34923, RATIS_ADMIN=34923, RATIS_SERVER=34923, STANDALONE=42043], networkLocation: /default-rack, certSerialId: null, persistedOpState: IN_SERVICE, persistedOpStateExpiryEpochSec: 0}06176d23-931f-4bc0-889d-083490fc12b7{ip: 10.1.0.63, host: fv-az184-788.3ow45vhwbzuu5incsxmygykede.cx.internal.cloudapp.net, ports: [REPLICATION=34999, RATIS=42561, RATIS_ADMIN=42561, RATIS_SERVER=42561, STANDALONE=44409], networkLocation: /default-rack, certSerialId: null, persistedOpState: IN_SERVICE, persistedOpStateExpiryEpochSec: 0}7e2e87a4-e2d9-4354-b1ee-fda8295f1a97{ip: 10.1.0.63, host: fv-az184-788.3ow45vhwbzuu5incsxmygykede.cx.internal.cloudapp.net, ports: [REPLICATION=40957, RATIS=33551, RATIS_ADMIN=33551, RATIS_SERVER=33551, STANDALONE=44133], networkLocation: /default-rack, certSerialId: null, persistedOpState: IN_SERVICE, persistedOpStateExpiryEpochSec: 0}, ReplicationConfig: RATIS/THREE, State:OPEN, leaderId:81779055-ba29-4e92-9662-ae2ec67a510c, CreationTimestamp2021-07-27T15:34:21.961Z[Etc/UTC]]. The last committed block length is 1048576, uncommitted data length is 2097152 retry count 0
2021-07-27 15:35:11,309 [ChunkWriter-0-0] INFO  keyvalue.KeyValueHandler (ContainerUtils.java:logAndReturnError(89)) - Operation: CreateContainer , Trace ID:  , Message: Container creation failed. Failed init RocksDB, db path : /home/runner/work/ozone/ozone/mnt/ozone/hadoop-ozone/integration-test/target/test-dir/MiniOzoneClusterImpl-c6f84d42-5853-4333-b7a0-bd2f0065fc62/datanode-4/data-0/containers/hdds/c6f84d42-5853-4333-b7a0-bd2f0065fc62/current/containerDir0/18/metadata/18-dn-container.db, exception :org.rocksdb.RocksDBException While appending to file: /home/runner/work/ozone/ozone/mnt/ozone/hadoop-ozone/integration-test/target/test-dir/MiniOzoneClusterImpl-c6f84d42-5853-4333-b7a0-bd2f0065fc62/datanode-4/data-0/containers/hdds/c6f84d42-5853-4333-b7a0-bd2f0065fc62/current/containerDir0/18/metadata/18-dn-container.db/000000.dbtmp: No space left on device; status : IOError(NoSpace); message : While appending to file: /home/runner/work/ozone/ozone/mnt/ozone/hadoop-ozone/integration-test/target/test-dir/MiniOzoneClusterImpl-c6f84d42-5853-4333-b7a0-bd2f0065fc62/datanode-4/data-0/containers/hdds/c6f84d42-5853-4333-b7a0-bd2f0065fc62/current/containerDir0/18/metadata/18-dn-container.db/000000.dbtmp: No space left on device , Result: CONTAINER_INTERNAL_ERROR , StorageContainerException Occurred.
org.apache.hadoop.hdds.scm.container.common.helpers.StorageContainerException: Container creation failed. Failed init RocksDB, db path : /home/runner/work/ozone/ozone/mnt/ozone/hadoop-ozone/integration-test/target/test-dir/MiniOzoneClusterImpl-c6f84d42-5853-4333-b7a0-bd2f0065fc62/datanode-4/data-0/containers/hdds/c6f84d42-5853-4333-b7a0-bd2f0065fc62/current/containerDir0/18/metadata/18-dn-container.db, exception :org.rocksdb.RocksDBException While appending to file: /home/runner/work/ozone/ozone/mnt/ozone/hadoop-ozone/integration-test/target/test-dir/MiniOzoneClusterImpl-c6f84d42-5853-4333-b7a0-bd2f0065fc62/datanode-4/data-0/containers/hdds/c6f84d42-5853-4333-b7a0-bd2f0065fc62/current/containerDir0/18/metadata/18-dn-container.db/000000.dbtmp: No space left on device; status : IOError(NoSpace); message : While appending to file: /home/runner/work/ozone/ozone/mnt/ozone/hadoop-ozone/integration-test/target/test-dir/MiniOzoneClusterImpl-c6f84d42-5853-4333-b7a0-bd2f0065fc62/datanode-4/data-0/containers/hdds/c6f84d42-5853-4333-b7a0-bd2f0065fc62/current/containerDir0/18/metadata/18-dn-container.db/000000.dbtmp: No space left on device
	at org.apache.hadoop.ozone.container.keyvalue.KeyValueContainer.create(KeyValueContainer.java:171)
	at org.apache.hadoop.ozone.container.keyvalue.KeyValueHandler.handleCreateContainer(KeyValueHandler.java:265)
	at org.apache.hadoop.ozone.container.keyvalue.KeyValueHandler.dispatchRequest(KeyValueHandler.java:182)
	at org.apache.hadoop.ozone.container.keyvalue.KeyValueHandler.handle(KeyValueHandler.java:170)
	at org.apache.hadoop.ozone.container.common.impl.HddsDispatcher.createContainer(HddsDispatcher.java:423)
	at org.apache.hadoop.ozone.container.common.impl.HddsDispatcher.dispatchRequest(HddsDispatcher.java:258)
	at org.apache.hadoop.ozone.container.common.impl.HddsDispatcher.lambda$dispatch$0(HddsDispatcher.java:169)
	at org.apache.hadoop.hdds.server.OzoneProtocolMessageDispatcher.processRequest(OzoneProtocolMessageDispatcher.java:87)
	at org.apache.hadoop.ozone.container.common.impl.HddsDispatcher.dispatch(HddsDispatcher.java:168)
	at org.apache.hadoop.ozone.container.common.transport.server.ratis.ContainerStateMachine.dispatchCommand(ContainerStateMachine.java:398)
	at org.apache.hadoop.ozone.container.common.transport.server.ratis.ContainerStateMachine.runCommand(ContainerStateMachine.java:408)
	at org.apache.hadoop.ozone.container.common.transport.server.ratis.ContainerStateMachine.lambda$handleWriteChunk$1(ContainerStateMachine.java:439)
	at java.util.concurrent.CompletableFuture$AsyncSupply.run(CompletableFuture.java:1604)
	at java.util.concurrent.ThreadPoolExecutor.runWorker(ThreadPoolExecutor.java:1149)
	at java.util.concurrent.ThreadPoolExecutor$Worker.run(ThreadPoolExecutor.java:624)
	at java.lang.Thread.run(Thread.java:748)
Caused by: java.io.IOException: Failed init RocksDB, db path : /home/runner/work/ozone/ozone/mnt/ozone/hadoop-ozone/integration-test/target/test-dir/MiniOzoneClusterImpl-c6f84d42-5853-4333-b7a0-bd2f0065fc62/datanode-4/data-0/containers/hdds/c6f84d42-5853-4333-b7a0-bd2f0065fc62/current/containerDir0/18/metadata/18-dn-container.db, exception :org.rocksdb.RocksDBException While appending to file: /home/runner/work/ozone/ozone/mnt/ozone/hadoop-ozone/integration-test/target/test-dir/MiniOzoneClusterImpl-c6f84d42-5853-4333-b7a0-bd2f0065fc62/datanode-4/data-0/containers/hdds/c6f84d42-5853-4333-b7a0-bd2f0065fc62/current/containerDir0/18/metadata/18-dn-container.db/000000.dbtmp: No space left on device; status : IOError(NoSpace); message : While appending to file: /home/runner/work/ozone/ozone/mnt/ozone/hadoop-ozone/integration-test/target/test-dir/MiniOzoneClusterImpl-c6f84d42-5853-4333-b7a0-bd2f0065fc62/datanode-4/data-0/containers/hdds/c6f84d42-5853-4333-b7a0-bd2f0065fc62/current/containerDir0/18/metadata/18-dn-container.db/000000.dbtmp: No space left on device
	at org.apache.hadoop.hdds.utils.HddsServerUtil.toIOException(HddsServerUtil.java:564)
	at org.apache.hadoop.hdds.utils.db.RDBStore.<init>(RDBStore.java:163)
	at org.apache.hadoop.hdds.utils.db.DBStoreBuilder.build(DBStoreBuilder.java:191)
	at org.apache.hadoop.ozone.container.metadata.AbstractDatanodeStore.start(AbstractDatanodeStore.java:131)
	at org.apache.hadoop.ozone.container.metadata.AbstractDatanodeStore.<init>(AbstractDatanodeStore.java:106)
	at org.apache.hadoop.ozone.container.metadata.DatanodeStoreSchemaTwoImpl.<init>(DatanodeStoreSchemaTwoImpl.java:48)
	at org.apache.hadoop.ozone.container.keyvalue.helpers.KeyValueContainerUtil.createContainerMetaData(KeyValueContainerUtil.java:112)
	at org.apache.hadoop.ozone.container.keyvalue.KeyValueContainer.create(KeyValueContainer.java:139)
	... 15 more
Caused by: org.rocksdb.RocksDBException: While appending to file: /home/runner/work/ozone/ozone/mnt/ozone/hadoop-ozone/integration-test/target/test-dir/MiniOzoneClusterImpl-c6f84d42-5853-4333-b7a0-bd2f0065fc62/datanode-4/data-0/containers/hdds/c6f84d42-5853-4333-b7a0-bd2f0065fc62/current/containerDir0/18/metadata/18-dn-container.db/000000.dbtmp: No space left on device
	at org.rocksdb.RocksDB.open(Native Method)
	at org.rocksdb.RocksDB.open(RocksDB.java:306)
	at org.apache.hadoop.hdds.utils.db.RDBStore.<init>(RDBStore.java:118)
	... 21 more
15:35:11.312 [ChunkWriter-0-0] ERROR DNAudit - user=null | ip=null | op=WRITE_CHUNK {blockData=conID: 18 locID: 107544261427200022 bcsId: 0} | ret=FAILURE
org.apache.hadoop.hdds.scm.container.common.helpers.StorageContainerException: ContainerID 18 creation failed
	at org.apache.hadoop.ozone.container.common.impl.HddsDispatcher.dispatchRequest(HddsDispatcher.java:262) ~[hdds-container-service-1.2.0-SNAPSHOT.jar:?]
	at org.apache.hadoop.ozone.container.common.impl.HddsDispatcher.lambda$dispatch$0(HddsDispatcher.java:169) ~[hdds-container-service-1.2.0-SNAPSHOT.jar:?]
	at org.apache.hadoop.hdds.server.OzoneProtocolMessageDispatcher.processRequest(OzoneProtocolMessageDispatcher.java:87) ~[hdds-server-framework-1.2.0-SNAPSHOT.jar:?]
	at org.apache.hadoop.ozone.container.common.impl.HddsDispatcher.dispatch(HddsDispatcher.java:168) ~[hdds-container-service-1.2.0-SNAPSHOT.jar:?]
	at org.apache.hadoop.ozone.container.common.transport.server.ratis.ContainerStateMachine.dispatchCommand(ContainerStateMachine.java:398) ~[hdds-container-service-1.2.0-SNAPSHOT.jar:?]
	at org.apache.hadoop.ozone.container.common.transport.server.ratis.ContainerStateMachine.runCommand(ContainerStateMachine.java:408) ~[hdds-container-service-1.2.0-SNAPSHOT.jar:?]
	at org.apache.hadoop.ozone.container.common.transport.server.ratis.ContainerStateMachine.lambda$handleWriteChunk$1(ContainerStateMachine.java:439) ~[hdds-container-service-1.2.0-SNAPSHOT.jar:?]
	at java.util.concurrent.CompletableFuture$AsyncSupply.run(CompletableFuture.java:1604) [?:1.8.0_292]
	at java.util.concurrent.ThreadPoolExecutor.runWorker(ThreadPoolExecutor.java:1149) [?:1.8.0_292]
	at java.util.concurrent.ThreadPoolExecutor$Worker.run(ThreadPoolExecutor.java:624) [?:1.8.0_292]
	at java.lang.Thread.run(Thread.java:748) [?:1.8.0_292]
2021-07-27 15:35:11,312 [ChunkWriter-0-0] INFO  impl.HddsDispatcher (ContainerUtils.java:logAndReturnError(89)) - Operation: WriteChunk , Trace ID:  , Message: ContainerID 18 creation failed , Result: CONTAINER_INTERNAL_ERROR , StorageContainerException Occurred.
org.apache.hadoop.hdds.scm.container.common.helpers.StorageContainerException: ContainerID 18 creation failed
	at org.apache.hadoop.ozone.container.common.impl.HddsDispatcher.dispatchRequest(HddsDispatcher.java:262)
	at org.apache.hadoop.ozone.container.common.impl.HddsDispatcher.lambda$dispatch$0(HddsDispatcher.java:169)
	at org.apache.hadoop.hdds.server.OzoneProtocolMessageDispatcher.processRequest(OzoneProtocolMessageDispatcher.java:87)
	at org.apache.hadoop.ozone.container.common.impl.HddsDispatcher.dispatch(HddsDispatcher.java:168)
	at org.apache.hadoop.ozone.container.common.transport.server.ratis.ContainerStateMachine.dispatchCommand(ContainerStateMachine.java:398)
	at org.apache.hadoop.ozone.container.common.transport.server.ratis.ContainerStateMachine.runCommand(ContainerStateMachine.java:408)
	at org.apache.hadoop.ozone.container.common.transport.server.ratis.ContainerStateMachine.lambda$handleWriteChunk$1(ContainerStateMachine.java:439)
	at java.util.concurrent.CompletableFuture$AsyncSupply.run(CompletableFuture.java:1604)
	at java.util.concurrent.ThreadPoolExecutor.runWorker(ThreadPoolExecutor.java:1149)
	at java.util.concurrent.ThreadPoolExecutor$Worker.run(ThreadPoolExecutor.java:624)
	at java.lang.Thread.run(Thread.java:748)
2021-07-27 15:35:11,312 [ChunkWriter-0-0] ERROR ratis.ContainerStateMachine (ContainerStateMachine.java:lambda$handleWriteChunk$2(467)) - group-4B7D70659643: writeChunk writeStateMachineData failed: blockIdcontainerID: 18
localID: 107544261427200022
blockCommitSequenceId: 0
 logIndex 130 chunkName 107544261427200022_chunk_1 Error message: ContainerID 18 creation failed Container Result: CONTAINER_INTERNAL_ERROR
2021-07-27 15:35:11,314 [019b1b79-4eb1-4856-a72b-312c00737279@group-4B7D70659643-SegmentedRaftLogWorker] ERROR ratis.XceiverServerRatis (XceiverServerRatis.java:triggerPipelineClose(672)) - pipeline Action CLOSE on pipeline PipelineID=f9b611fe-6543-4336-b8f8-4b7d70659643.Reason : ContainerID 18 creation failed
2021-07-27 15:35:11,314 [019b1b79-4eb1-4856-a72b-312c00737279@group-4B7D70659643-SegmentedRaftLogWorker] ERROR ratis.XceiverServerRatis (XceiverServerRatis.java:triggerPipelineClose(672)) - pipeline Action CLOSE on pipeline PipelineID=f9b611fe-6543-4336-b8f8-4b7d70659643.Reason : Log already failed at index 130 for task WriteLog:130: (t:3, i:130), STATEMACHINELOGENTRY, cmdType: WriteChunk traceID: "" containerID: 18 datanodeUuid: "019b1b79-4eb1-4856-a72b-312c00737279" pipelineID: "f9b611fe-6543-4336-b8f8-4b7d70659643" writeChunk { blockID { containerID: 18 localID: 107544261427200022 blockCommitSequenceId: 0 } chunkData { chunkName: "107544261427200022_chunk_1" offset: 0 len: 1048576 checksumData { type: NONE bytesPerChecksum: 1048576 } } }, container path=nonexistent
2021-07-27 15:35:11,315 [019b1b79-4eb1-4856-a72b-312c00737279@group-4B7D70659643-SegmentedRaftLogWorker] ERROR ratis.XceiverServerRatis (XceiverServerRatis.java:triggerPipelineClose(672)) - pipeline Action CLOSE on pipeline PipelineID=f9b611fe-6543-4336-b8f8-4b7d70659643.Reason : Log already failed at index 130 for task WriteLog:130: (t:3, i:130), STATEMACHINELOGENTRY, cmdType: WriteChunk traceID: "" containerID: 18 datanodeUuid: "019b1b79-4eb1-4856-a72b-312c00737279" pipelineID: "f9b611fe-6543-4336-b8f8-4b7d70659643" writeChunk { blockID { containerID: 18 localID: 107544261427200022 blockCommitSequenceId: 0 } chunkData { chunkName: "107544261427200022_chunk_1" offset: 0 len: 1048576 checksumData { type: NONE bytesPerChecksum: 1048576 } } }, container path=nonexistent
2021-07-27 15:35:11,315 [Datanode State Machine Thread - 0] WARN  statemachine.StateContext (StateContext.java:execute(621)) - No available thread in pool for past 1 seconds.
2021-07-27 15:35:11,318 [ChunkWriter-0-0] INFO  keyvalue.KeyValueHandler (ContainerUtils.java:logAndReturnError(89)) - Operation: CreateContainer , Trace ID:  , Message: Container creation failed. Failed init RocksDB, db path : /home/runner/work/ozone/ozone/mnt/ozone/hadoop-ozone/integration-test/target/test-dir/MiniOzoneClusterImpl-c6f84d42-5853-4333-b7a0-bd2f0065fc62/datanode-4/data-0/containers/hdds/c6f84d42-5853-4333-b7a0-bd2f0065fc62/current/containerDir0/18/metadata/18-dn-container.db, exception :org.rocksdb.RocksDBException While appending to file: /home/runner/work/ozone/ozone/mnt/ozone/hadoop-ozone/integration-test/target/test-dir/MiniOzoneClusterImpl-c6f84d42-5853-4333-b7a0-bd2f0065fc62/datanode-4/data-0/containers/hdds/c6f84d42-5853-4333-b7a0-bd2f0065fc62/current/containerDir0/18/metadata/18-dn-container.db/000000.dbtmp: No space left on device; status : IOError(NoSpace); message : While appending to file: /home/runner/work/ozone/ozone/mnt/ozone/hadoop-ozone/integration-test/target/test-dir/MiniOzoneClusterImpl-c6f84d42-5853-4333-b7a0-bd2f0065fc62/datanode-4/data-0/containers/hdds/c6f84d42-5853-4333-b7a0-bd2f0065fc62/current/containerDir0/18/metadata/18-dn-container.db/000000.dbtmp: No space left on device , Result: CONTAINER_INTERNAL_ERROR , StorageContainerException Occurred.
org.apache.hadoop.hdds.scm.container.common.helpers.StorageContainerException: Container creation failed. Failed init RocksDB, db path : /home/runner/work/ozone/ozone/mnt/ozone/hadoop-ozone/integration-test/target/test-dir/MiniOzoneClusterImpl-c6f84d42-5853-4333-b7a0-bd2f0065fc62/datanode-4/data-0/containers/hdds/c6f84d42-5853-4333-b7a0-bd2f0065fc62/current/containerDir0/18/metadata/18-dn-container.db, exception :org.rocksdb.RocksDBException While appending to file: /home/runner/work/ozone/ozone/mnt/ozone/hadoop-ozone/integration-test/target/test-dir/MiniOzoneClusterImpl-c6f84d42-5853-4333-b7a0-bd2f0065fc62/datanode-4/data-0/containers/hdds/c6f84d42-5853-4333-b7a0-bd2f0065fc62/current/containerDir0/18/metadata/18-dn-container.db/000000.dbtmp: No space left on device; status : IOError(NoSpace); message : While appending to file: /home/runner/work/ozone/ozone/mnt/ozone/hadoop-ozone/integration-test/target/test-dir/MiniOzoneClusterImpl-c6f84d42-5853-4333-b7a0-bd2f0065fc62/datanode-4/data-0/containers/hdds/c6f84d42-5853-4333-b7a0-bd2f0065fc62/current/containerDir0/18/metadata/18-dn-container.db/000000.dbtmp: No space left on device
	at org.apache.hadoop.ozone.container.keyvalue.KeyValueContainer.create(KeyValueContainer.java:171)
	at org.apache.hadoop.ozone.container.keyvalue.KeyValueHandler.handleCreateContainer(KeyValueHandler.java:265)
	at org.apache.hadoop.ozone.container.keyvalue.KeyValueHandler.dispatchRequest(KeyValueHandler.java:182)
	at org.apache.hadoop.ozone.container.keyvalue.KeyValueHandler.handle(KeyValueHandler.java:170)
	at org.apache.hadoop.ozone.container.common.impl.HddsDispatcher.createContainer(HddsDispatcher.java:423)
	at org.apache.hadoop.ozone.container.common.impl.HddsDispatcher.dispatchRequest(HddsDispatcher.java:258)
	at org.apache.hadoop.ozone.container.common.impl.HddsDispatcher.lambda$dispatch$0(HddsDispatcher.java:169)
	at org.apache.hadoop.hdds.server.OzoneProtocolMessageDispatcher.processRequest(OzoneProtocolMessageDispatcher.java:87)
	at org.apache.hadoop.ozone.container.common.impl.HddsDispatcher.dispatch(HddsDispatcher.java:168)
	at org.apache.hadoop.ozone.container.common.transport.server.ratis.ContainerStateMachine.dispatchCommand(ContainerStateMachine.java:398)
	at org.apache.hadoop.ozone.container.common.transport.server.ratis.ContainerStateMachine.runCommand(ContainerStateMachine.java:408)
	at org.apache.hadoop.ozone.container.common.transport.server.ratis.ContainerStateMachine.lambda$handleWriteChunk$1(ContainerStateMachine.java:439)
	at java.util.concurrent.CompletableFuture$AsyncSupply.run(CompletableFuture.java:1604)
	at java.util.concurrent.ThreadPoolExecutor.runWorker(ThreadPoolExecutor.java:1149)
	at java.util.concurrent.ThreadPoolExecutor$Worker.run(ThreadPoolExecutor.java:624)
	at java.lang.Thread.run(Thread.java:748)
Caused by: java.io.IOException: Failed init RocksDB, db path : /home/runner/work/ozone/ozone/mnt/ozone/hadoop-ozone/integration-test/target/test-dir/MiniOzoneClusterImpl-c6f84d42-5853-4333-b7a0-bd2f0065fc62/datanode-4/data-0/containers/hdds/c6f84d42-5853-4333-b7a0-bd2f0065fc62/current/containerDir0/18/metadata/18-dn-container.db, exception :org.rocksdb.RocksDBException While appending to file: /home/runner/work/ozone/ozone/mnt/ozone/hadoop-ozone/integration-test/target/test-dir/MiniOzoneClusterImpl-c6f84d42-5853-4333-b7a0-bd2f0065fc62/datanode-4/data-0/containers/hdds/c6f84d42-5853-4333-b7a0-bd2f0065fc62/current/containerDir0/18/metadata/18-dn-container.db/000000.dbtmp: No space left on device; status : IOError(NoSpace); message : While appending to file: /home/runner/work/ozone/ozone/mnt/ozone/hadoop-ozone/integration-test/target/test-dir/MiniOzoneClusterImpl-c6f84d42-5853-4333-b7a0-bd2f0065fc62/datanode-4/data-0/containers/hdds/c6f84d42-5853-4333-b7a0-bd2f0065fc62/current/containerDir0/18/metadata/18-dn-container.db/000000.dbtmp: No space left on device
	at org.apache.hadoop.hdds.utils.HddsServerUtil.toIOException(HddsServerUtil.java:564)
	at org.apache.hadoop.hdds.utils.db.RDBStore.<init>(RDBStore.java:163)
	at org.apache.hadoop.hdds.utils.db.DBStoreBuilder.build(DBStoreBuilder.java:191)
	at org.apache.hadoop.ozone.container.metadata.AbstractDatanodeStore.start(AbstractDatanodeStore.java:131)
	at org.apache.hadoop.ozone.container.metadata.AbstractDatanodeStore.<init>(AbstractDatanodeStore.java:106)
	at org.apache.hadoop.ozone.container.metadata.DatanodeStoreSchemaTwoImpl.<init>(DatanodeStoreSchemaTwoImpl.java:48)
	at org.apache.hadoop.ozone.container.keyvalue.helpers.KeyValueContainerUtil.createContainerMetaData(KeyValueContainerUtil.java:112)
	at org.apache.hadoop.ozone.container.keyvalue.KeyValueContainer.create(KeyValueContainer.java:139)
	... 15 more
Caused by: org.rocksdb.RocksDBException: While appending to file: /home/runner/work/ozone/ozone/mnt/ozone/hadoop-ozone/integration-test/target/test-dir/MiniOzoneClusterImpl-c6f84d42-5853-4333-b7a0-bd2f0065fc62/datanode-4/data-0/containers/hdds/c6f84d42-5853-4333-b7a0-bd2f0065fc62/current/containerDir0/18/metadata/18-dn-container.db/000000.dbtmp: No space left on device
	at org.rocksdb.RocksDB.open(Native Method)
	at org.rocksdb.RocksDB.open(RocksDB.java:306)
	at org.apache.hadoop.hdds.utils.db.RDBStore.<init>(RDBStore.java:118)
	... 21 more
2021-07-27 15:35:11,318 [EventQueue-PipelineActionsForPipelineActionHandler] INFO  pipeline.PipelineActionHandler (PipelineActionHandler.java:processPipelineAction(82)) - Received pipeline action CLOSE for PipelineID=f9b611fe-6543-4336-b8f8-4b7d70659643 from datanode 019b1b79-4eb1-4856-a72b-312c00737279. Reason : ContainerID 18 creation failed
15:35:11.319 [ChunkWriter-0-0] ERROR DNAudit - user=null | ip=null | op=WRITE_CHUNK {blockData=conID: 18 locID: 107544261427200022 bcsId: 0} | ret=FAILURE
org.apache.hadoop.hdds.scm.container.common.helpers.StorageContainerException: ContainerID 18 creation failed
	at org.apache.hadoop.ozone.container.common.impl.HddsDispatcher.dispatchRequest(HddsDispatcher.java:262) ~[hdds-container-service-1.2.0-SNAPSHOT.jar:?]
	at org.apache.hadoop.ozone.container.common.impl.HddsDispatcher.lambda$dispatch$0(HddsDispatcher.java:169) ~[hdds-container-service-1.2.0-SNAPSHOT.jar:?]
	at org.apache.hadoop.hdds.server.OzoneProtocolMessageDispatcher.processRequest(OzoneProtocolMessageDispatcher.java:87) ~[hdds-server-framework-1.2.0-SNAPSHOT.jar:?]
	at org.apache.hadoop.ozone.container.common.impl.HddsDispatcher.dispatch(HddsDispatcher.java:168) ~[hdds-container-service-1.2.0-SNAPSHOT.jar:?]
	at org.apache.hadoop.ozone.container.common.transport.server.ratis.ContainerStateMachine.dispatchCommand(ContainerStateMachine.java:398) ~[hdds-container-service-1.2.0-SNAPSHOT.jar:?]
	at org.apache.hadoop.ozone.container.common.transport.server.ratis.ContainerStateMachine.runCommand(ContainerStateMachine.java:408) ~[hdds-container-service-1.2.0-SNAPSHOT.jar:?]
	at org.apache.hadoop.ozone.container.common.transport.server.ratis.ContainerStateMachine.lambda$handleWriteChunk$1(ContainerStateMachine.java:439) ~[hdds-container-service-1.2.0-SNAPSHOT.jar:?]
	at java.util.concurrent.CompletableFuture$AsyncSupply.run(CompletableFuture.java:1604) [?:1.8.0_292]
	at java.util.concurrent.ThreadPoolExecutor.runWorker(ThreadPoolExecutor.java:1149) [?:1.8.0_292]
	at java.util.concurrent.ThreadPoolExecutor$Worker.run(ThreadPoolExecutor.java:624) [?:1.8.0_292]
	at java.lang.Thread.run(Thread.java:748) [?:1.8.0_292]
2021-07-27 15:35:11,319 [ChunkWriter-0-0] INFO  impl.HddsDispatcher (ContainerUtils.java:logAndReturnError(89)) - Operation: WriteChunk , Trace ID:  , Message: ContainerID 18 creation failed , Result: CONTAINER_INTERNAL_ERROR , StorageContainerException Occurred.
org.apache.hadoop.hdds.scm.container.common.helpers.StorageContainerException: ContainerID 18 creation failed
	at org.apache.hadoop.ozone.container.common.impl.HddsDispatcher.dispatchRequest(HddsDispatcher.java:262)
	at org.apache.hadoop.ozone.container.common.impl.HddsDispatcher.lambda$dispatch$0(HddsDispatcher.java:169)
	at org.apache.hadoop.hdds.server.OzoneProtocolMessageDispatcher.processRequest(OzoneProtocolMessageDispatcher.java:87)
	at org.apache.hadoop.ozone.container.common.impl.HddsDispatcher.dispatch(HddsDispatcher.java:168)
	at org.apache.hadoop.ozone.container.common.transport.server.ratis.ContainerStateMachine.dispatchCommand(ContainerStateMachine.java:398)
	at org.apache.hadoop.ozone.container.common.transport.server.ratis.ContainerStateMachine.runCommand(ContainerStateMachine.java:408)
	at org.apache.hadoop.ozone.container.common.transport.server.ratis.ContainerStateMachine.lambda$handleWriteChunk$1(ContainerStateMachine.java:439)
	at java.util.concurrent.CompletableFuture$AsyncSupply.run(CompletableFuture.java:1604)
	at java.util.concurrent.ThreadPoolExecutor.runWorker(ThreadPoolExecutor.java:1149)
	at java.util.concurrent.ThreadPoolExecutor$Worker.run(ThreadPoolExecutor.java:624)
	at java.lang.Thread.run(Thread.java:748)
2021-07-27 15:35:11,319 [ChunkWriter-0-0] ERROR ratis.ContainerStateMachine (ContainerStateMachine.java:lambda$handleWriteChunk$2(467)) - group-4B7D70659643: writeChunk writeStateMachineData failed: blockIdcontainerID: 18
localID: 107544261427200022
blockCommitSequenceId: 0
 logIndex 132 chunkName 107544261427200022_chunk_2 Error message: ContainerID 18 creation failed Container Result: CONTAINER_INTERNAL_ERROR
2021-07-27 15:35:11,319 [019b1b79-4eb1-4856-a72b-312c00737279@group-4B7D70659643-SegmentedRaftLogWorker] ERROR ratis.XceiverServerRatis (XceiverServerRatis.java:triggerPipelineClose(672)) - pipeline Action CLOSE on pipeline PipelineID=f9b611fe-6543-4336-b8f8-4b7d70659643.Reason : Log already failed at index 130 for task WriteLog:130: (t:3, i:130), STATEMACHINELOGENTRY, cmdType: WriteChunk traceID: "" containerID: 18 datanodeUuid: "019b1b79-4eb1-4856-a72b-312c00737279" pipelineID: "f9b611fe-6543-4336-b8f8-4b7d70659643" writeChunk { blockID { containerID: 18 localID: 107544261427200022 blockCommitSequenceId: 0 } chunkData { chunkName: "107544261427200022_chunk_1" offset: 0 len: 1048576 checksumData { type: NONE bytesPerChecksum: 1048576 } } }, container path=nonexistent
2021-07-27 15:35:11,320 [Datanode State Machine Thread - 0] WARN  statemachine.StateContext (StateContext.java:execute(621)) - No available thread in pool for past 1 seconds.
2021-07-27 15:35:11,322 [ChunkWriter-0-0] INFO  keyvalue.KeyValueHandler (ContainerUtils.java:logAndReturnError(89)) - Operation: CreateContainer , Trace ID:  , Message: Container creation failed. Failed init RocksDB, db path : /home/runner/work/ozone/ozone/mnt/ozone/hadoop-ozone/integration-test/target/test-dir/MiniOzoneClusterImpl-c6f84d42-5853-4333-b7a0-bd2f0065fc62/datanode-3/data-0/containers/hdds/c6f84d42-5853-4333-b7a0-bd2f0065fc62/current/containerDir0/18/metadata/18-dn-container.db, exception :org.rocksdb.RocksDBException While appending to file: /home/runner/work/ozone/ozone/mnt/ozone/hadoop-ozone/integration-test/target/test-dir/MiniOzoneClusterImpl-c6f84d42-5853-4333-b7a0-bd2f0065fc62/datanode-3/data-0/containers/hdds/c6f84d42-5853-4333-b7a0-bd2f0065fc62/current/containerDir0/18/metadata/18-dn-container.db/MANIFEST-000001: No space left on device; status : IOError(NoSpace); message : While appending to file: /home/runner/work/ozone/ozone/mnt/ozone/hadoop-ozone/integration-test/target/test-dir/MiniOzoneClusterImpl-c6f84d42-5853-4333-b7a0-bd2f0065fc62/datanode-3/data-0/containers/hdds/c6f84d42-5853-4333-b7a0-bd2f0065fc62/current/containerDir0/18/metadata/18-dn-container.db/MANIFEST-000001: No space left on device , Result: CONTAINER_INTERNAL_ERROR , StorageContainerException Occurred.
org.apache.hadoop.hdds.scm.container.common.helpers.StorageContainerException: Container creation failed. Failed init RocksDB, db path : /home/runner/work/ozone/ozone/mnt/ozone/hadoop-ozone/integration-test/target/test-dir/MiniOzoneClusterImpl-c6f84d42-5853-4333-b7a0-bd2f0065fc62/datanode-3/data-0/containers/hdds/c6f84d42-5853-4333-b7a0-bd2f0065fc62/current/containerDir0/18/metadata/18-dn-container.db, exception :org.rocksdb.RocksDBException While appending to file: /home/runner/work/ozone/ozone/mnt/ozone/hadoop-ozone/integration-test/target/test-dir/MiniOzoneClusterImpl-c6f84d42-5853-4333-b7a0-bd2f0065fc62/datanode-3/data-0/containers/hdds/c6f84d42-5853-4333-b7a0-bd2f0065fc62/current/containerDir0/18/metadata/18-dn-container.db/MANIFEST-000001: No space left on device; status : IOError(NoSpace); message : While appending to file: /home/runner/work/ozone/ozone/mnt/ozone/hadoop-ozone/integration-test/target/test-dir/MiniOzoneClusterImpl-c6f84d42-5853-4333-b7a0-bd2f0065fc62/datanode-3/data-0/containers/hdds/c6f84d42-5853-4333-b7a0-bd2f0065fc62/current/containerDir0/18/metadata/18-dn-container.db/MANIFEST-000001: No space left on device
	at org.apache.hadoop.ozone.container.keyvalue.KeyValueContainer.create(KeyValueContainer.java:171)
	at org.apache.hadoop.ozone.container.keyvalue.KeyValueHandler.handleCreateContainer(KeyValueHandler.java:265)
	at org.apache.hadoop.ozone.container.keyvalue.KeyValueHandler.dispatchRequest(KeyValueHandler.java:182)
	at org.apache.hadoop.ozone.container.keyvalue.KeyValueHandler.handle(KeyValueHandler.java:170)
	at org.apache.hadoop.ozone.container.common.impl.HddsDispatcher.createContainer(HddsDispatcher.java:423)
	at org.apache.hadoop.ozone.container.common.impl.HddsDispatcher.dispatchRequest(HddsDispatcher.java:258)
	at org.apache.hadoop.ozone.container.common.impl.HddsDispatcher.lambda$dispatch$0(HddsDispatcher.java:169)
	at org.apache.hadoop.hdds.server.OzoneProtocolMessageDispatcher.processRequest(OzoneProtocolMessageDispatcher.java:87)
	at org.apache.hadoop.ozone.container.common.impl.HddsDispatcher.dispatch(HddsDispatcher.java:168)
	at org.apache.hadoop.ozone.container.common.transport.server.ratis.ContainerStateMachine.dispatchCommand(ContainerStateMachine.java:398)
	at org.apache.hadoop.ozone.container.common.transport.server.ratis.ContainerStateMachine.runCommand(ContainerStateMachine.java:408)
	at org.apache.hadoop.ozone.container.common.transport.server.ratis.ContainerStateMachine.lambda$handleWriteChunk$1(ContainerStateMachine.java:439)
	at java.util.concurrent.CompletableFuture$AsyncSupply.run(CompletableFuture.java:1604)
	at java.util.concurrent.ThreadPoolExecutor.runWorker(ThreadPoolExecutor.java:1149)
	at java.util.concurrent.ThreadPoolExecutor$Worker.run(ThreadPoolExecutor.java:624)
	at java.lang.Thread.run(Thread.java:748)
Caused by: java.io.IOException: Failed init RocksDB, db path : /home/runner/work/ozone/ozone/mnt/ozone/hadoop-ozone/integration-test/target/test-dir/MiniOzoneClusterImpl-c6f84d42-5853-4333-b7a0-bd2f0065fc62/datanode-3/data-0/containers/hdds/c6f84d42-5853-4333-b7a0-bd2f0065fc62/current/containerDir0/18/metadata/18-dn-container.db, exception :org.rocksdb.RocksDBException While appending to file: /home/runner/work/ozone/ozone/mnt/ozone/hadoop-ozone/integration-test/target/test-dir/MiniOzoneClusterImpl-c6f84d42-5853-4333-b7a0-bd2f0065fc62/datanode-3/data-0/containers/hdds/c6f84d42-5853-4333-b7a0-bd2f0065fc62/current/containerDir0/18/metadata/18-dn-container.db/MANIFEST-000001: No space left on device; status : IOError(NoSpace); message : While appending to file: /home/runner/work/ozone/ozone/mnt/ozone/hadoop-ozone/integration-test/target/test-dir/MiniOzoneClusterImpl-c6f84d42-5853-4333-b7a0-bd2f0065fc62/datanode-3/data-0/containers/hdds/c6f84d42-5853-4333-b7a0-bd2f0065fc62/current/containerDir0/18/metadata/18-dn-container.db/MANIFEST-000001: No space left on device
	at org.apache.hadoop.hdds.utils.HddsServerUtil.toIOException(HddsServerUtil.java:564)
	at org.apache.hadoop.hdds.utils.db.RDBStore.<init>(RDBStore.java:163)
	at org.apache.hadoop.hdds.utils.db.DBStoreBuilder.build(DBStoreBuilder.java:191)
	at org.apache.hadoop.ozone.container.metadata.AbstractDatanodeStore.start(AbstractDatanodeStore.java:131)
	at org.apache.hadoop.ozone.container.metadata.AbstractDatanodeStore.<init>(AbstractDatanodeStore.java:106)
	at org.apache.hadoop.ozone.container.metadata.DatanodeStoreSchemaTwoImpl.<init>(DatanodeStoreSchemaTwoImpl.java:48)
	at org.apache.hadoop.ozone.container.keyvalue.helpers.KeyValueContainerUtil.createContainerMetaData(KeyValueContainerUtil.java:112)
	at org.apache.hadoop.ozone.container.keyvalue.KeyValueContainer.create(KeyValueContainer.java:139)
	... 15 more
Caused by: org.rocksdb.RocksDBException: While appending to file: /home/runner/work/ozone/ozone/mnt/ozone/hadoop-ozone/integration-test/target/test-dir/MiniOzoneClusterImpl-c6f84d42-5853-4333-b7a0-bd2f0065fc62/datanode-3/data-0/containers/hdds/c6f84d42-5853-4333-b7a0-bd2f0065fc62/current/containerDir0/18/metadata/18-dn-container.db/MANIFEST-000001: No space left on device
	at org.rocksdb.RocksDB.open(Native Method)
	at org.rocksdb.RocksDB.open(RocksDB.java:306)
	at org.apache.hadoop.hdds.utils.db.RDBStore.<init>(RDBStore.java:118)
	... 21 more
15:35:11.322 [ChunkWriter-0-0] ERROR DNAudit - user=null | ip=null | op=WRITE_CHUNK {blockData=conID: 18 locID: 107544261427200022 bcsId: 0} | ret=FAILURE
org.apache.hadoop.hdds.scm.container.common.helpers.StorageContainerException: ContainerID 18 creation failed
	at org.apache.hadoop.ozone.container.common.impl.HddsDispatcher.dispatchRequest(HddsDispatcher.java:262) ~[hdds-container-service-1.2.0-SNAPSHOT.jar:?]
	at org.apache.hadoop.ozone.container.common.impl.HddsDispatcher.lambda$dispatch$0(HddsDispatcher.java:169) ~[hdds-container-service-1.2.0-SNAPSHOT.jar:?]
	at org.apache.hadoop.hdds.server.OzoneProtocolMessageDispatcher.processRequest(OzoneProtocolMessageDispatcher.java:87) ~[hdds-server-framework-1.2.0-SNAPSHOT.jar:?]
	at org.apache.hadoop.ozone.container.common.impl.HddsDispatcher.dispatch(HddsDispatcher.java:168) ~[hdds-container-service-1.2.0-SNAPSHOT.jar:?]
	at org.apache.hadoop.ozone.container.common.transport.server.ratis.ContainerStateMachine.dispatchCommand(ContainerStateMachine.java:398) ~[hdds-container-service-1.2.0-SNAPSHOT.jar:?]
	at org.apache.hadoop.ozone.container.common.transport.server.ratis.ContainerStateMachine.runCommand(ContainerStateMachine.java:408) ~[hdds-container-service-1.2.0-SNAPSHOT.jar:?]
	at org.apache.hadoop.ozone.container.common.transport.server.ratis.ContainerStateMachine.lambda$handleWriteChunk$1(ContainerStateMachine.java:439) ~[hdds-container-service-1.2.0-SNAPSHOT.jar:?]
	at java.util.concurrent.CompletableFuture$AsyncSupply.run(CompletableFuture.java:1604) [?:1.8.0_292]
	at java.util.concurrent.ThreadPoolExecutor.runWorker(ThreadPoolExecutor.java:1149) [?:1.8.0_292]
	at java.util.concurrent.ThreadPoolExecutor$Worker.run(ThreadPoolExecutor.java:624) [?:1.8.0_292]
	at java.lang.Thread.run(Thread.java:748) [?:1.8.0_292]
2021-07-27 15:35:11,319 [EventQueue-PipelineActionsForPipelineActionHandler] INFO  pipeline.PipelineManagerV2Impl (PipelineManagerV2Impl.java:closePipeline(343)) - Pipeline Pipeline[ Id: f9b611fe-6543-4336-b8f8-4b7d70659643, Nodes: 019b1b79-4eb1-4856-a72b-312c00737279{ip: 10.1.0.63, host: fv-az184-788.3ow45vhwbzuu5incsxmygykede.cx.internal.cloudapp.net, ports: [REPLICATION=45817, RATIS=38653, RATIS_ADMIN=38653, RATIS_SERVER=38653, STANDALONE=44541], networkLocation: /default-rack, certSerialId: null, persistedOpState: IN_SERVICE, persistedOpStateExpiryEpochSec: 0}938cb054-8d0b-4cc2-9b0b-5cc4c6b5d6e7{ip: 10.1.0.63, host: fv-az184-788.3ow45vhwbzuu5incsxmygykede.cx.internal.cloudapp.net, ports: [REPLICATION=36383, RATIS=39293, RATIS_ADMIN=39293, RATIS_SERVER=39293, STANDALONE=41985], networkLocation: /default-rack, certSerialId: null, persistedOpState: IN_SERVICE, persistedOpStateExpiryEpochSec: 0}e12f8595-05e5-464c-bfb9-afa629e2a4c5{ip: 10.1.0.63, host: fv-az184-788.3ow45vhwbzuu5incsxmygykede.cx.internal.cloudapp.net, ports: [REPLICATION=43097, RATIS=36961, RATIS_ADMIN=36961, RATIS_SERVER=36961, STANDALONE=46151], networkLocation: /default-rack, certSerialId: null, persistedOpState: IN_SERVICE, persistedOpStateExpiryEpochSec: 0}, ReplicationConfig: RATIS/THREE, State:OPEN, leaderId:019b1b79-4eb1-4856-a72b-312c00737279, CreationTimestamp2021-07-27T15:34:22.605Z[Etc/UTC]] moved to CLOSED state
2021-07-27 15:35:11,323 [EventQueue-PipelineActionsForPipelineActionHandler] INFO  pipeline.RatisPipelineProvider (RatisPipelineProvider.java:lambda$close$1(222)) - Send pipeline:PipelineID=f9b611fe-6543-4336-b8f8-4b7d70659643 close command to datanode 019b1b79-4eb1-4856-a72b-312c00737279
2021-07-27 15:35:11,323 [EventQueue-PipelineActionsForPipelineActionHandler] INFO  pipeline.RatisPipelineProvider (RatisPipelineProvider.java:lambda$close$1(222)) - Send pipeline:PipelineID=f9b611fe-6543-4336-b8f8-4b7d70659643 close command to datanode 938cb054-8d0b-4cc2-9b0b-5cc4c6b5d6e7
2021-07-27 15:35:11,324 [EventQueue-PipelineActionsForPipelineActionHandler] INFO  pipeline.RatisPipelineProvider (RatisPipelineProvider.java:lambda$close$1(222)) - Send pipeline:PipelineID=f9b611fe-6543-4336-b8f8-4b7d70659643 close command to datanode e12f8595-05e5-464c-bfb9-afa629e2a4c5
2021-07-27 15:35:11,324 [EventQueue-PipelineActionsForPipelineActionHandler] INFO  pipeline.PipelineStateManager (PipelineStateManagerV2Impl.java:removePipeline(211)) - Pipeline Pipeline[ Id: f9b611fe-6543-4336-b8f8-4b7d70659643, Nodes: 019b1b79-4eb1-4856-a72b-312c00737279{ip: 10.1.0.63, host: fv-az184-788.3ow45vhwbzuu5incsxmygykede.cx.internal.cloudapp.net, ports: [REPLICATION=45817, RATIS=38653, RATIS_ADMIN=38653, RATIS_SERVER=38653, STANDALONE=44541], networkLocation: /default-rack, certSerialId: null, persistedOpState: IN_SERVICE, persistedOpStateExpiryEpochSec: 0}938cb054-8d0b-4cc2-9b0b-5cc4c6b5d6e7{ip: 10.1.0.63, host: fv-az184-788.3ow45vhwbzuu5incsxmygykede.cx.internal.cloudapp.net, ports: [REPLICATION=36383, RATIS=39293, RATIS_ADMIN=39293, RATIS_SERVER=39293, STANDALONE=41985], networkLocation: /default-rack, certSerialId: null, persistedOpState: IN_SERVICE, persistedOpStateExpiryEpochSec: 0}e12f8595-05e5-464c-bfb9-afa629e2a4c5{ip: 10.1.0.63, host: fv-az184-788.3ow45vhwbzuu5incsxmygykede.cx.internal.cloudapp.net, ports: [REPLICATION=43097, RATIS=36961, RATIS_ADMIN=36961, RATIS_SERVER=36961, STANDALONE=46151], networkLocation: /default-rack, certSerialId: null, persistedOpState: IN_SERVICE, persistedOpStateExpiryEpochSec: 0}, ReplicationConfig: RATIS/THREE, State:CLOSED, leaderId:019b1b79-4eb1-4856-a72b-312c00737279, CreationTimestamp2021-07-27T15:34:22.605Z[Etc/UTC]] removed.
2021-07-27 15:35:11,324 [EventQueue-PipelineActionsForPipelineActionHandler] INFO  pipeline.PipelineActionHandler (PipelineActionHandler.java:processPipelineAction(82)) - Received pipeline action CLOSE for PipelineID=f9b611fe-6543-4336-b8f8-4b7d70659643 from datanode 019b1b79-4eb1-4856-a72b-312c00737279. Reason : Log already failed at index 130 for task WriteLog:130: (t:3, i:130), STATEMACHINELOGENTRY, cmdType: WriteChunk traceID: "" containerID: 18 datanodeUuid: "019b1b79-4eb1-4856-a72b-312c00737279" pipelineID: "f9b611fe-6543-4336-b8f8-4b7d70659643" writeChunk { blockID { containerID: 18 localID: 107544261427200022 blockCommitSequenceId: 0 } chunkData { chunkName: "107544261427200022_chunk_1" offset: 0 len: 1048576 checksumData { type: NONE bytesPerChecksum: 1048576 } } }, container path=nonexistent
2021-07-27 15:35:11,324 [EventQueue-PipelineActionsForPipelineActionHandler] WARN  pipeline.PipelineActionHandler (PipelineActionHandler.java:processPipelineAction(93)) - Pipeline action CLOSE received for unknown pipeline PipelineID=f9b611fe-6543-4336-b8f8-4b7d70659643, firing close pipeline event.
2021-07-27 15:35:11,324 [EventQueue-CloseContainerForCloseContainerEventHandler] INFO  container.CloseContainerEventHandler (CloseContainerEventHandler.java:onMessage(69)) - Close container Event triggered for container : #10
2021-07-27 15:35:11,325 [EventQueue-CloseContainerForCloseContainerEventHandler] INFO  pipeline.PipelineStateManager (PipelineStateManagerV2Impl.java:removeContainerFromPipeline(237)) - Pipeline PipelineID=f9b611fe-6543-4336-b8f8-4b7d70659643 is not found in the pipeline2ContainerMap. Pipeline may have been closed already.
2021-07-27 15:35:11,325 [EventQueue-CloseContainerForCloseContainerEventHandler] INFO  container.CloseContainerEventHandler (CloseContainerEventHandler.java:onMessage(69)) - Close container Event triggered for container : #13
2021-07-27 15:35:11,325 [EventQueue-CloseContainerForCloseContainerEventHandler] INFO  pipeline.PipelineStateManager (PipelineStateManagerV2Impl.java:removeContainerFromPipeline(237)) - Pipeline PipelineID=f9b611fe-6543-4336-b8f8-4b7d70659643 is not found in the pipeline2ContainerMap. Pipeline may have been closed already.
2021-07-27 15:35:11,325 [EventQueue-CloseContainerForCloseContainerEventHandler] INFO  container.CloseContainerEventHandler (CloseContainerEventHandler.java:onMessage(69)) - Close container Event triggered for container : #18
2021-07-27 15:35:11,325 [EventQueue-CloseContainerForCloseContainerEventHandler] INFO  pipeline.PipelineStateManager (PipelineStateManagerV2Impl.java:removeContainerFromPipeline(237)) - Pipeline PipelineID=f9b611fe-6543-4336-b8f8-4b7d70659643 is not found in the pipeline2ContainerMap. Pipeline may have been closed already.
2021-07-27 15:35:11,322 [ChunkWriter-0-0] INFO  impl.HddsDispatcher (ContainerUtils.java:logAndReturnError(89)) - Operation: WriteChunk , Trace ID:  , Message: ContainerID 18 creation failed , Result: CONTAINER_INTERNAL_ERROR , StorageContainerException Occurred.
org.apache.hadoop.hdds.scm.container.common.helpers.StorageContainerException: ContainerID 18 creation failed
	at org.apache.hadoop.ozone.container.common.impl.HddsDispatcher.dispatchRequest(HddsDispatcher.java:262)
	at org.apache.hadoop.ozone.container.common.impl.HddsDispatcher.lambda$dispatch$0(HddsDispatcher.java:169)
	at org.apache.hadoop.hdds.server.OzoneProtocolMessageDispatcher.processRequest(OzoneProtocolMessageDispatcher.java:87)
	at org.apache.hadoop.ozone.container.common.impl.HddsDispatcher.dispatch(HddsDispatcher.java:168)
	at org.apache.hadoop.ozone.container.common.transport.server.ratis.ContainerStateMachine.dispatchCommand(ContainerStateMachine.java:398)
	at org.apache.hadoop.ozone.container.common.transport.server.ratis.ContainerStateMachine.runCommand(ContainerStateMachine.java:408)
	at org.apache.hadoop.ozone.container.common.transport.server.ratis.ContainerStateMachine.lambda$handleWriteChunk$1(ContainerStateMachine.java:439)
	at java.util.concurrent.CompletableFuture$AsyncSupply.run(CompletableFuture.java:1604)
	at java.util.concurrent.ThreadPoolExecutor.runWorker(ThreadPoolExecutor.java:1149)
	at java.util.concurrent.ThreadPoolExecutor$Worker.run(ThreadPoolExecutor.java:624)
	at java.lang.Thread.run(Thread.java:748)
2021-07-27 15:35:11,327 [ChunkWriter-0-0] ERROR ratis.ContainerStateMachine (ContainerStateMachine.java:lambda$handleWriteChunk$2(467)) - group-4B7D70659643: writeChunk writeStateMachineData failed: blockIdcontainerID: 18
localID: 107544261427200022
blockCommitSequenceId: 0
 logIndex 130 chunkName 107544261427200022_chunk_1 Error message: ContainerID 18 creation failed Container Result: CONTAINER_INTERNAL_ERROR
2021-07-27 15:35:11,327 [ChunkWriter-0-0] INFO  keyvalue.KeyValueHandler (ContainerUtils.java:logAndReturnError(89)) - Operation: CreateContainer , Trace ID:  , Message: Container creation failed. Failed init RocksDB, db path : /home/runner/work/ozone/ozone/mnt/ozone/hadoop-ozone/integration-test/target/test-dir/MiniOzoneClusterImpl-c6f84d42-5853-4333-b7a0-bd2f0065fc62/datanode-5/data-0/containers/hdds/c6f84d42-5853-4333-b7a0-bd2f0065fc62/current/containerDir0/18/metadata/18-dn-container.db, exception :org.rocksdb.RocksDBException While appending to file: /home/runner/work/ozone/ozone/mnt/ozone/hadoop-ozone/integration-test/target/test-dir/MiniOzoneClusterImpl-c6f84d42-5853-4333-b7a0-bd2f0065fc62/datanode-5/data-0/containers/hdds/c6f84d42-5853-4333-b7a0-bd2f0065fc62/current/containerDir0/18/metadata/18-dn-container.db/000000.dbtmp: No space left on device; status : IOError(NoSpace); message : While appending to file: /home/runner/work/ozone/ozone/mnt/ozone/hadoop-ozone/integration-test/target/test-dir/MiniOzoneClusterImpl-c6f84d42-5853-4333-b7a0-bd2f0065fc62/datanode-5/data-0/containers/hdds/c6f84d42-5853-4333-b7a0-bd2f0065fc62/current/containerDir0/18/metadata/18-dn-container.db/000000.dbtmp: No space left on device , Result: CONTAINER_INTERNAL_ERROR , StorageContainerException Occurred.
org.apache.hadoop.hdds.scm.container.common.helpers.StorageContainerException: Container creation failed. Failed init RocksDB, db path : /home/runner/work/ozone/ozone/mnt/ozone/hadoop-ozone/integration-test/target/test-dir/MiniOzoneClusterImpl-c6f84d42-5853-4333-b7a0-bd2f0065fc62/datanode-5/data-0/containers/hdds/c6f84d42-5853-4333-b7a0-bd2f0065fc62/current/containerDir0/18/metadata/18-dn-container.db, exception :org.rocksdb.RocksDBException While appending to file: /home/runner/work/ozone/ozone/mnt/ozone/hadoop-ozone/integration-test/target/test-dir/MiniOzoneClusterImpl-c6f84d42-5853-4333-b7a0-bd2f0065fc62/datanode-5/data-0/containers/hdds/c6f84d42-5853-4333-b7a0-bd2f0065fc62/current/containerDir0/18/metadata/18-dn-container.db/000000.dbtmp: No space left on device; status : IOError(NoSpace); message : While appending to file: /home/runner/work/ozone/ozone/mnt/ozone/hadoop-ozone/integration-test/target/test-dir/MiniOzoneClusterImpl-c6f84d42-5853-4333-b7a0-bd2f0065fc62/datanode-5/data-0/containers/hdds/c6f84d42-5853-4333-b7a0-bd2f0065fc62/current/containerDir0/18/metadata/18-dn-container.db/000000.dbtmp: No space left on device
	at org.apache.hadoop.ozone.container.keyvalue.KeyValueContainer.create(KeyValueContainer.java:171)
	at org.apache.hadoop.ozone.container.keyvalue.KeyValueHandler.handleCreateContainer(KeyValueHandler.java:265)
	at org.apache.hadoop.ozone.container.keyvalue.KeyValueHandler.dispatchRequest(KeyValueHandler.java:182)
	at org.apache.hadoop.ozone.container.keyvalue.KeyValueHandler.handle(KeyValueHandler.java:170)
	at org.apache.hadoop.ozone.container.common.impl.HddsDispatcher.createContainer(HddsDispatcher.java:423)
	at org.apache.hadoop.ozone.container.common.impl.HddsDispatcher.dispatchRequest(HddsDispatcher.java:258)
	at org.apache.hadoop.ozone.container.common.impl.HddsDispatcher.lambda$dispatch$0(HddsDispatcher.java:169)
	at org.apache.hadoop.hdds.server.OzoneProtocolMessageDispatcher.processRequest(OzoneProtocolMessageDispatcher.java:87)
	at org.apache.hadoop.ozone.container.common.impl.HddsDispatcher.dispatch(HddsDispatcher.java:168)
	at org.apache.hadoop.ozone.container.common.transport.server.ratis.ContainerStateMachine.dispatchCommand(ContainerStateMachine.java:398)
	at org.apache.hadoop.ozone.container.common.transport.server.ratis.ContainerStateMachine.runCommand(ContainerStateMachine.java:408)
	at org.apache.hadoop.ozone.container.common.transport.server.ratis.ContainerStateMachine.lambda$handleWriteChunk$1(ContainerStateMachine.java:439)
	at java.util.concurrent.CompletableFuture$AsyncSupply.run(CompletableFuture.java:1604)
	at java.util.concurrent.ThreadPoolExecutor.runWorker(ThreadPoolExecutor.java:1149)
	at java.util.concurrent.ThreadPoolExecutor$Worker.run(ThreadPoolExecutor.java:624)
	at java.lang.Thread.run(Thread.java:748)
Caused by: java.io.IOException: Failed init RocksDB, db path : /home/runner/work/ozone/ozone/mnt/ozone/hadoop-ozone/integration-test/target/test-dir/MiniOzoneClusterImpl-c6f84d42-5853-4333-b7a0-bd2f0065fc62/datanode-5/data-0/containers/hdds/c6f84d42-5853-4333-b7a0-bd2f0065fc62/current/containerDir0/18/metadata/18-dn-container.db, exception :org.rocksdb.RocksDBException While appending to file: /home/runner/work/ozone/ozone/mnt/ozone/hadoop-ozone/integration-test/target/test-dir/MiniOzoneClusterImpl-c6f84d42-5853-4333-b7a0-bd2f0065fc62/datanode-5/data-0/containers/hdds/c6f84d42-5853-4333-b7a0-bd2f0065fc62/current/containerDir0/18/metadata/18-dn-container.db/000000.dbtmp: No space left on device; status : IOError(NoSpace); message : While appending to file: /home/runner/work/ozone/ozone/mnt/ozone/hadoop-ozone/integration-test/target/test-dir/MiniOzoneClusterImpl-c6f84d42-5853-4333-b7a0-bd2f0065fc62/datanode-5/data-0/containers/hdds/c6f84d42-5853-4333-b7a0-bd2f0065fc62/current/containerDir0/18/metadata/18-dn-container.db/000000.dbtmp: No space left on device
	at org.apache.hadoop.hdds.utils.HddsServerUtil.toIOException(HddsServerUtil.java:564)
	at org.apache.hadoop.hdds.utils.db.RDBStore.<init>(RDBStore.java:163)
	at org.apache.hadoop.hdds.utils.db.DBStoreBuilder.build(DBStoreBuilder.java:191)
	at org.apache.hadoop.ozone.container.metadata.AbstractDatanodeStore.start(AbstractDatanodeStore.java:131)
	at org.apache.hadoop.ozone.container.metadata.AbstractDatanodeStore.<init>(AbstractDatanodeStore.java:106)
	at org.apache.hadoop.ozone.container.metadata.DatanodeStoreSchemaTwoImpl.<init>(DatanodeStoreSchemaTwoImpl.java:48)
	at org.apache.hadoop.ozone.container.keyvalue.helpers.KeyValueContainerUtil.createContainerMetaData(KeyValueContainerUtil.java:112)
	at org.apache.hadoop.ozone.container.keyvalue.KeyValueContainer.create(KeyValueContainer.java:139)
	... 15 more
Caused by: org.rocksdb.RocksDBException: While appending to file: /home/runner/work/ozone/ozone/mnt/ozone/hadoop-ozone/integration-test/target/test-dir/MiniOzoneClusterImpl-c6f84d42-5853-4333-b7a0-bd2f0065fc62/datanode-5/data-0/containers/hdds/c6f84d42-5853-4333-b7a0-bd2f0065fc62/current/containerDir0/18/metadata/18-dn-container.db/000000.dbtmp: No space left on device
	at org.rocksdb.RocksDB.open(Native Method)
	at org.rocksdb.RocksDB.open(RocksDB.java:306)
	at org.apache.hadoop.hdds.utils.db.RDBStore.<init>(RDBStore.java:118)
	... 21 more
15:35:11.329 [ChunkWriter-0-0] ERROR DNAudit - user=null | ip=null | op=WRITE_CHUNK {blockData=conID: 18 locID: 107544261427200022 bcsId: 0} | ret=FAILURE
org.apache.hadoop.hdds.scm.container.common.helpers.StorageContainerException: ContainerID 18 creation failed
	at org.apache.hadoop.ozone.container.common.impl.HddsDispatcher.dispatchRequest(HddsDispatcher.java:262) ~[hdds-container-service-1.2.0-SNAPSHOT.jar:?]
	at org.apache.hadoop.ozone.container.common.impl.HddsDispatcher.lambda$dispatch$0(HddsDispatcher.java:169) ~[hdds-container-service-1.2.0-SNAPSHOT.jar:?]
	at org.apache.hadoop.hdds.server.OzoneProtocolMessageDispatcher.processRequest(OzoneProtocolMessageDispatcher.java:87) ~[hdds-server-framework-1.2.0-SNAPSHOT.jar:?]
	at org.apache.hadoop.ozone.container.common.impl.HddsDispatcher.dispatch(HddsDispatcher.java:168) ~[hdds-container-service-1.2.0-SNAPSHOT.jar:?]
	at org.apache.hadoop.ozone.container.common.transport.server.ratis.ContainerStateMachine.dispatchCommand(ContainerStateMachine.java:398) ~[hdds-container-service-1.2.0-SNAPSHOT.jar:?]
	at org.apache.hadoop.ozone.container.common.transport.server.ratis.ContainerStateMachine.runCommand(ContainerStateMachine.java:408) ~[hdds-container-service-1.2.0-SNAPSHOT.jar:?]
	at org.apache.hadoop.ozone.container.common.transport.server.ratis.ContainerStateMachine.lambda$handleWriteChunk$1(ContainerStateMachine.java:439) ~[hdds-container-service-1.2.0-SNAPSHOT.jar:?]
	at java.util.concurrent.CompletableFuture$AsyncSupply.run(CompletableFuture.java:1604) [?:1.8.0_292]
	at java.util.concurrent.ThreadPoolExecutor.runWorker(ThreadPoolExecutor.java:1149) [?:1.8.0_292]
	at java.util.concurrent.ThreadPoolExecutor$Worker.run(ThreadPoolExecutor.java:624) [?:1.8.0_292]
	at java.lang.Thread.run(Thread.java:748) [?:1.8.0_292]
2021-07-27 15:35:11,329 [ChunkWriter-0-0] INFO  impl.HddsDispatcher (ContainerUtils.java:logAndReturnError(89)) - Operation: WriteChunk , Trace ID:  , Message: ContainerID 18 creation failed , Result: CONTAINER_INTERNAL_ERROR , StorageContainerException Occurred.
org.apache.hadoop.hdds.scm.container.common.helpers.StorageContainerException: ContainerID 18 creation failed
	at org.apache.hadoop.ozone.container.common.impl.HddsDispatcher.dispatchRequest(HddsDispatcher.java:262)
	at org.apache.hadoop.ozone.container.common.impl.HddsDispatcher.lambda$dispatch$0(HddsDispatcher.java:169)
	at org.apache.hadoop.hdds.server.OzoneProtocolMessageDispatcher.processRequest(OzoneProtocolMessageDispatcher.java:87)
	at org.apache.hadoop.ozone.container.common.impl.HddsDispatcher.dispatch(HddsDispatcher.java:168)
	at org.apache.hadoop.ozone.container.common.transport.server.ratis.ContainerStateMachine.dispatchCommand(ContainerStateMachine.java:398)
	at org.apache.hadoop.ozone.container.common.transport.server.ratis.ContainerStateMachine.runCommand(ContainerStateMachine.java:408)
	at org.apache.hadoop.ozone.container.common.transport.server.ratis.ContainerStateMachine.lambda$handleWriteChunk$1(ContainerStateMachine.java:439)
	at java.util.concurrent.CompletableFuture$AsyncSupply.run(CompletableFuture.java:1604)
	at java.util.concurrent.ThreadPoolExecutor.runWorker(ThreadPoolExecutor.java:1149)
	at java.util.concurrent.ThreadPoolExecutor$Worker.run(ThreadPoolExecutor.java:624)
	at java.lang.Thread.run(Thread.java:748)
2021-07-27 15:35:11,329 [ChunkWriter-0-0] ERROR ratis.ContainerStateMachine (ContainerStateMachine.java:lambda$handleWriteChunk$2(467)) - group-4B7D70659643: writeChunk writeStateMachineData failed: blockIdcontainerID: 18
localID: 107544261427200022
blockCommitSequenceId: 0
 logIndex 130 chunkName 107544261427200022_chunk_1 Error message: ContainerID 18 creation failed Container Result: CONTAINER_INTERNAL_ERROR
2021-07-27 15:35:11,331 [e12f8595-05e5-464c-bfb9-afa629e2a4c5@group-4B7D70659643-SegmentedRaftLogWorker] ERROR ratis.XceiverServerRatis (XceiverServerRatis.java:triggerPipelineClose(672)) - pipeline Action CLOSE on pipeline PipelineID=f9b611fe-6543-4336-b8f8-4b7d70659643.Reason : ContainerID 18 creation failed
2021-07-27 15:35:11,331 [Datanode State Machine Thread - 0] WARN  statemachine.StateContext (StateContext.java:execute(621)) - No available thread in pool for past 1 seconds.
2021-07-27 15:35:11,331 [ChunkWriter-0-0] INFO  keyvalue.KeyValueHandler (ContainerUtils.java:logAndReturnError(89)) - Operation: CreateContainer , Trace ID:  , Message: Container creation failed. Failed init RocksDB, db path : /home/runner/work/ozone/ozone/mnt/ozone/hadoop-ozone/integration-test/target/test-dir/MiniOzoneClusterImpl-c6f84d42-5853-4333-b7a0-bd2f0065fc62/datanode-3/data-0/containers/hdds/c6f84d42-5853-4333-b7a0-bd2f0065fc62/current/containerDir0/18/metadata/18-dn-container.db, exception :org.rocksdb.RocksDBException While appending to file: /home/runner/work/ozone/ozone/mnt/ozone/hadoop-ozone/integration-test/target/test-dir/MiniOzoneClusterImpl-c6f84d42-5853-4333-b7a0-bd2f0065fc62/datanode-3/data-0/containers/hdds/c6f84d42-5853-4333-b7a0-bd2f0065fc62/current/containerDir0/18/metadata/18-dn-container.db/000000.dbtmp: No space left on device; status : IOError(NoSpace); message : While appending to file: /home/runner/work/ozone/ozone/mnt/ozone/hadoop-ozone/integration-test/target/test-dir/MiniOzoneClusterImpl-c6f84d42-5853-4333-b7a0-bd2f0065fc62/datanode-3/data-0/containers/hdds/c6f84d42-5853-4333-b7a0-bd2f0065fc62/current/containerDir0/18/metadata/18-dn-container.db/000000.dbtmp: No space left on device , Result: CONTAINER_INTERNAL_ERROR , StorageContainerException Occurred.
org.apache.hadoop.hdds.scm.container.common.helpers.StorageContainerException: Container creation failed. Failed init RocksDB, db path : /home/runner/work/ozone/ozone/mnt/ozone/hadoop-ozone/integration-test/target/test-dir/MiniOzoneClusterImpl-c6f84d42-5853-4333-b7a0-bd2f0065fc62/datanode-3/data-0/containers/hdds/c6f84d42-5853-4333-b7a0-bd2f0065fc62/current/containerDir0/18/metadata/18-dn-container.db, exception :org.rocksdb.RocksDBException While appending to file: /home/runner/work/ozone/ozone/mnt/ozone/hadoop-ozone/integration-test/target/test-dir/MiniOzoneClusterImpl-c6f84d42-5853-4333-b7a0-bd2f0065fc62/datanode-3/data-0/containers/hdds/c6f84d42-5853-4333-b7a0-bd2f0065fc62/current/containerDir0/18/metadata/18-dn-container.db/000000.dbtmp: No space left on device; status : IOError(NoSpace); message : While appending to file: /home/runner/work/ozone/ozone/mnt/ozone/hadoop-ozone/integration-test/target/test-dir/MiniOzoneClusterImpl-c6f84d42-5853-4333-b7a0-bd2f0065fc62/datanode-3/data-0/containers/hdds/c6f84d42-5853-4333-b7a0-bd2f0065fc62/current/containerDir0/18/metadata/18-dn-container.db/000000.dbtmp: No space left on device
	at org.apache.hadoop.ozone.container.keyvalue.KeyValueContainer.create(KeyValueContainer.java:171)
	at org.apache.hadoop.ozone.container.keyvalue.KeyValueHandler.handleCreateContainer(KeyValueHandler.java:265)
	at org.apache.hadoop.ozone.container.keyvalue.KeyValueHandler.dispatchRequest(KeyValueHandler.java:182)
	at org.apache.hadoop.ozone.container.keyvalue.KeyValueHandler.handle(KeyValueHandler.java:170)
	at org.apache.hadoop.ozone.container.common.impl.HddsDispatcher.createContainer(HddsDispatcher.java:423)
	at org.apache.hadoop.ozone.container.common.impl.HddsDispatcher.dispatchRequest(HddsDispatcher.java:258)
	at org.apache.hadoop.ozone.container.common.impl.HddsDispatcher.lambda$dispatch$0(HddsDispatcher.java:169)
	at org.apache.hadoop.hdds.server.OzoneProtocolMessageDispatcher.processRequest(OzoneProtocolMessageDispatcher.java:87)
	at org.apache.hadoop.ozone.container.common.impl.HddsDispatcher.dispatch(HddsDispatcher.java:168)
	at org.apache.hadoop.ozone.container.common.transport.server.ratis.ContainerStateMachine.dispatchCommand(ContainerStateMachine.java:398)
	at org.apache.hadoop.ozone.container.common.transport.server.ratis.ContainerStateMachine.runCommand(ContainerStateMachine.java:408)
	at org.apache.hadoop.ozone.container.common.transport.server.ratis.ContainerStateMachine.lambda$handleWriteChunk$1(ContainerStateMachine.java:439)
	at java.util.concurrent.CompletableFuture$AsyncSupply.run(CompletableFuture.java:1604)
	at java.util.concurrent.ThreadPoolExecutor.runWorker(ThreadPoolExecutor.java:1149)
	at java.util.concurrent.ThreadPoolExecutor$Worker.run(ThreadPoolExecutor.java:624)
	at java.lang.Thread.run(Thread.java:748)
Caused by: java.io.IOException: Failed init RocksDB, db path : /home/runner/work/ozone/ozone/mnt/ozone/hadoop-ozone/integration-test/target/test-dir/MiniOzoneClusterImpl-c6f84d42-5853-4333-b7a0-bd2f0065fc62/datanode-3/data-0/containers/hdds/c6f84d42-5853-4333-b7a0-bd2f0065fc62/current/containerDir0/18/metadata/18-dn-container.db, exception :org.rocksdb.RocksDBException While appending to file: /home/runner/work/ozone/ozone/mnt/ozone/hadoop-ozone/integration-test/target/test-dir/MiniOzoneClusterImpl-c6f84d42-5853-4333-b7a0-bd2f0065fc62/datanode-3/data-0/containers/hdds/c6f84d42-5853-4333-b7a0-bd2f0065fc62/current/containerDir0/18/metadata/18-dn-container.db/000000.dbtmp: No space left on device; status : IOError(NoSpace); message : While appending to file: /home/runner/work/ozone/ozone/mnt/ozone/hadoop-ozone/integration-test/target/test-dir/MiniOzoneClusterImpl-c6f84d42-5853-4333-b7a0-bd2f0065fc62/datanode-3/data-0/containers/hdds/c6f84d42-5853-4333-b7a0-bd2f0065fc62/current/containerDir0/18/metadata/18-dn-container.db/000000.dbtmp: No space left on device
	at org.apache.hadoop.hdds.utils.HddsServerUtil.toIOException(HddsServerUtil.java:564)
	at org.apache.hadoop.hdds.utils.db.RDBStore.<init>(RDBStore.java:163)
	at org.apache.hadoop.hdds.utils.db.DBStoreBuilder.build(DBStoreBuilder.java:191)
	at org.apache.hadoop.ozone.container.metadata.AbstractDatanodeStore.start(AbstractDatanodeStore.java:131)
	at org.apache.hadoop.ozone.container.metadata.AbstractDatanodeStore.<init>(AbstractDatanodeStore.java:106)
	at org.apache.hadoop.ozone.container.metadata.DatanodeStoreSchemaTwoImpl.<init>(DatanodeStoreSchemaTwoImpl.java:48)
	at org.apache.hadoop.ozone.container.keyvalue.helpers.KeyValueContainerUtil.createContainerMetaData(KeyValueContainerUtil.java:112)
	at org.apache.hadoop.ozone.container.keyvalue.KeyValueContainer.create(KeyValueContainer.java:139)
	... 15 more
Caused by: org.rocksdb.RocksDBException: While appending to file: /home/runner/work/ozone/ozone/mnt/ozone/hadoop-ozone/integration-test/target/test-dir/MiniOzoneClusterImpl-c6f84d42-5853-4333-b7a0-bd2f0065fc62/datanode-3/data-0/containers/hdds/c6f84d42-5853-4333-b7a0-bd2f0065fc62/current/containerDir0/18/metadata/18-dn-container.db/000000.dbtmp: No space left on device
	at org.rocksdb.RocksDB.open(Native Method)
	at org.rocksdb.RocksDB.open(RocksDB.java:306)
	at org.apache.hadoop.hdds.utils.db.RDBStore.<init>(RDBStore.java:118)
	... 21 more
15:35:11.331 [ChunkWriter-0-0] ERROR DNAudit - user=null | ip=null | op=WRITE_CHUNK {blockData=conID: 18 locID: 107544261427200022 bcsId: 0} | ret=FAILURE
org.apache.hadoop.hdds.scm.container.common.helpers.StorageContainerException: ContainerID 18 creation failed
	at org.apache.hadoop.ozone.container.common.impl.HddsDispatcher.dispatchRequest(HddsDispatcher.java:262) ~[hdds-container-service-1.2.0-SNAPSHOT.jar:?]
	at org.apache.hadoop.ozone.container.common.impl.HddsDispatcher.lambda$dispatch$0(HddsDispatcher.java:169) ~[hdds-container-service-1.2.0-SNAPSHOT.jar:?]
	at org.apache.hadoop.hdds.server.OzoneProtocolMessageDispatcher.processRequest(OzoneProtocolMessageDispatcher.java:87) ~[hdds-server-framework-1.2.0-SNAPSHOT.jar:?]
	at org.apache.hadoop.ozone.container.common.impl.HddsDispatcher.dispatch(HddsDispatcher.java:168) ~[hdds-container-service-1.2.0-SNAPSHOT.jar:?]
	at org.apache.hadoop.ozone.container.common.transport.server.ratis.ContainerStateMachine.dispatchCommand(ContainerStateMachine.java:398) ~[hdds-container-service-1.2.0-SNAPSHOT.jar:?]
	at org.apache.hadoop.ozone.container.common.transport.server.ratis.ContainerStateMachine.runCommand(ContainerStateMachine.java:408) ~[hdds-container-service-1.2.0-SNAPSHOT.jar:?]
	at org.apache.hadoop.ozone.container.common.transport.server.ratis.ContainerStateMachine.lambda$handleWriteChunk$1(ContainerStateMachine.java:439) ~[hdds-container-service-1.2.0-SNAPSHOT.jar:?]
	at java.util.concurrent.CompletableFuture$AsyncSupply.run(CompletableFuture.java:1604) [?:1.8.0_292]
	at java.util.concurrent.ThreadPoolExecutor.runWorker(ThreadPoolExecutor.java:1149) [?:1.8.0_292]
	at java.util.concurrent.ThreadPoolExecutor$Worker.run(ThreadPoolExecutor.java:624) [?:1.8.0_292]
	at java.lang.Thread.run(Thread.java:748) [?:1.8.0_292]
2021-07-27 15:35:11,332 [ChunkWriter-0-0] INFO  impl.HddsDispatcher (ContainerUtils.java:logAndReturnError(89)) - Operation: WriteChunk , Trace ID:  , Message: ContainerID 18 creation failed , Result: CONTAINER_INTERNAL_ERROR , StorageContainerException Occurred.
org.apache.hadoop.hdds.scm.container.common.helpers.StorageContainerException: ContainerID 18 creation failed
	at org.apache.hadoop.ozone.container.common.impl.HddsDispatcher.dispatchRequest(HddsDispatcher.java:262)
	at org.apache.hadoop.ozone.container.common.impl.HddsDispatcher.lambda$dispatch$0(HddsDispatcher.java:169)
	at org.apache.hadoop.hdds.server.OzoneProtocolMessageDispatcher.processRequest(OzoneProtocolMessageDispatcher.java:87)
	at org.apache.hadoop.ozone.container.common.impl.HddsDispatcher.dispatch(HddsDispatcher.java:168)
	at org.apache.hadoop.ozone.container.common.transport.server.ratis.ContainerStateMachine.dispatchCommand(ContainerStateMachine.java:398)
	at org.apache.hadoop.ozone.container.common.transport.server.ratis.ContainerStateMachine.runCommand(ContainerStateMachine.java:408)
	at org.apache.hadoop.ozone.container.common.transport.server.ratis.ContainerStateMachine.lambda$handleWriteChunk$1(ContainerStateMachine.java:439)
	at java.util.concurrent.CompletableFuture$AsyncSupply.run(CompletableFuture.java:1604)
	at java.util.concurrent.ThreadPoolExecutor.runWorker(ThreadPoolExecutor.java:1149)
	at java.util.concurrent.ThreadPoolExecutor$Worker.run(ThreadPoolExecutor.java:624)
	at java.lang.Thread.run(Thread.java:748)
2021-07-27 15:35:11,332 [ChunkWriter-0-0] ERROR ratis.ContainerStateMachine (ContainerStateMachine.java:lambda$handleWriteChunk$2(467)) - group-4B7D70659643: writeChunk writeStateMachineData failed: blockIdcontainerID: 18
localID: 107544261427200022
blockCommitSequenceId: 0
 logIndex 132 chunkName 107544261427200022_chunk_2 Error message: ContainerID 18 creation failed Container Result: CONTAINER_INTERNAL_ERROR
2021-07-27 15:35:11,332 [e12f8595-05e5-464c-bfb9-afa629e2a4c5@group-4B7D70659643-SegmentedRaftLogWorker] ERROR ratis.XceiverServerRatis (XceiverServerRatis.java:triggerPipelineClose(672)) - pipeline Action CLOSE on pipeline PipelineID=f9b611fe-6543-4336-b8f8-4b7d70659643.Reason : Log already failed at index 130 for task WriteLog:130: (t:3, i:130), STATEMACHINELOGENTRY, cmdType: WriteChunk traceID: "" containerID: 18 datanodeUuid: "019b1b79-4eb1-4856-a72b-312c00737279" pipelineID: "f9b611fe-6543-4336-b8f8-4b7d70659643" writeChunk { blockID { containerID: 18 localID: 107544261427200022 blockCommitSequenceId: 0 } chunkData { chunkName: "107544261427200022_chunk_1" offset: 0 len: 1048576 checksumData { type: NONE bytesPerChecksum: 1048576 } } }, container path=nonexistent
2021-07-27 15:35:11,332 [Datanode State Machine Thread - 0] WARN  statemachine.StateContext (StateContext.java:execute(621)) - No available thread in pool for past 1 seconds.
2021-07-27 15:35:11,333 [e12f8595-05e5-464c-bfb9-afa629e2a4c5@group-4B7D70659643-SegmentedRaftLogWorker] ERROR ratis.XceiverServerRatis (XceiverServerRatis.java:triggerPipelineClose(672)) - pipeline Action CLOSE on pipeline PipelineID=f9b611fe-6543-4336-b8f8-4b7d70659643.Reason : Log already failed at index 130 for task WriteLog:130: (t:3, i:130), STATEMACHINELOGENTRY, cmdType: WriteChunk traceID: "" containerID: 18 datanodeUuid: "019b1b79-4eb1-4856-a72b-312c00737279" pipelineID: "f9b611fe-6543-4336-b8f8-4b7d70659643" writeChunk { blockID { containerID: 18 localID: 107544261427200022 blockCommitSequenceId: 0 } chunkData { chunkName: "107544261427200022_chunk_1" offset: 0 len: 1048576 checksumData { type: NONE bytesPerChecksum: 1048576 } } }, container path=nonexistent
2021-07-27 15:35:11,333 [Datanode State Machine Thread - 0] WARN  statemachine.StateContext (StateContext.java:execute(621)) - No available thread in pool for past 1 seconds.
2021-07-27 15:35:11,334 [ChunkWriter-0-0] INFO  keyvalue.KeyValueHandler (ContainerUtils.java:logAndReturnError(89)) - Operation: CreateContainer , Trace ID:  , Message: Container creation failed. Failed init RocksDB, db path : /home/runner/work/ozone/ozone/mnt/ozone/hadoop-ozone/integration-test/target/test-dir/MiniOzoneClusterImpl-c6f84d42-5853-4333-b7a0-bd2f0065fc62/datanode-5/data-0/containers/hdds/c6f84d42-5853-4333-b7a0-bd2f0065fc62/current/containerDir0/18/metadata/18-dn-container.db, exception :org.rocksdb.RocksDBException While appending to file: /home/runner/work/ozone/ozone/mnt/ozone/hadoop-ozone/integration-test/target/test-dir/MiniOzoneClusterImpl-c6f84d42-5853-4333-b7a0-bd2f0065fc62/datanode-5/data-0/containers/hdds/c6f84d42-5853-4333-b7a0-bd2f0065fc62/current/containerDir0/18/metadata/18-dn-container.db/000000.dbtmp: No space left on device; status : IOError(NoSpace); message : While appending to file: /home/runner/work/ozone/ozone/mnt/ozone/hadoop-ozone/integration-test/target/test-dir/MiniOzoneClusterImpl-c6f84d42-5853-4333-b7a0-bd2f0065fc62/datanode-5/data-0/containers/hdds/c6f84d42-5853-4333-b7a0-bd2f0065fc62/current/containerDir0/18/metadata/18-dn-container.db/000000.dbtmp: No space left on device , Result: CONTAINER_INTERNAL_ERROR , StorageContainerException Occurred.
org.apache.hadoop.hdds.scm.container.common.helpers.StorageContainerException: Container creation failed. Failed init RocksDB, db path : /home/runner/work/ozone/ozone/mnt/ozone/hadoop-ozone/integration-test/target/test-dir/MiniOzoneClusterImpl-c6f84d42-5853-4333-b7a0-bd2f0065fc62/datanode-5/data-0/containers/hdds/c6f84d42-5853-4333-b7a0-bd2f0065fc62/current/containerDir0/18/metadata/18-dn-container.db, exception :org.rocksdb.RocksDBException While appending to file: /home/runner/work/ozone/ozone/mnt/ozone/hadoop-ozone/integration-test/target/test-dir/MiniOzoneClusterImpl-c6f84d42-5853-4333-b7a0-bd2f0065fc62/datanode-5/data-0/containers/hdds/c6f84d42-5853-4333-b7a0-bd2f0065fc62/current/containerDir0/18/metadata/18-dn-container.db/000000.dbtmp: No space left on device; status : IOError(NoSpace); message : While appending to file: /home/runner/work/ozone/ozone/mnt/ozone/hadoop-ozone/integration-test/target/test-dir/MiniOzoneClusterImpl-c6f84d42-5853-4333-b7a0-bd2f0065fc62/datanode-5/data-0/containers/hdds/c6f84d42-5853-4333-b7a0-bd2f0065fc62/current/containerDir0/18/metadata/18-dn-container.db/000000.dbtmp: No space left on device
	at org.apache.hadoop.ozone.container.keyvalue.KeyValueContainer.create(KeyValueContainer.java:171)
	at org.apache.hadoop.ozone.container.keyvalue.KeyValueHandler.handleCreateContainer(KeyValueHandler.java:265)
	at org.apache.hadoop.ozone.container.keyvalue.KeyValueHandler.dispatchRequest(KeyValueHandler.java:182)
	at org.apache.hadoop.ozone.container.keyvalue.KeyValueHandler.handle(KeyValueHandler.java:170)
	at org.apache.hadoop.ozone.container.common.impl.HddsDispatcher.createContainer(HddsDispatcher.java:423)
	at org.apache.hadoop.ozone.container.common.impl.HddsDispatcher.dispatchRequest(HddsDispatcher.java:258)
	at org.apache.hadoop.ozone.container.common.impl.HddsDispatcher.lambda$dispatch$0(HddsDispatcher.java:169)
	at org.apache.hadoop.hdds.server.OzoneProtocolMessageDispatcher.processRequest(OzoneProtocolMessageDispatcher.java:87)
	at org.apache.hadoop.ozone.container.common.impl.HddsDispatcher.dispatch(HddsDispatcher.java:168)
	at org.apache.hadoop.ozone.container.common.transport.server.ratis.ContainerStateMachine.dispatchCommand(ContainerStateMachine.java:398)
	at org.apache.hadoop.ozone.container.common.transport.server.ratis.ContainerStateMachine.runCommand(ContainerStateMachine.java:408)
	at org.apache.hadoop.ozone.container.common.transport.server.ratis.ContainerStateMachine.lambda$handleWriteChunk$1(ContainerStateMachine.java:439)
	at java.util.concurrent.CompletableFuture$AsyncSupply.run(CompletableFuture.java:1604)
	at java.util.concurrent.ThreadPoolExecutor.runWorker(ThreadPoolExecutor.java:1149)
	at java.util.concurrent.ThreadPoolExecutor$Worker.run(ThreadPoolExecutor.java:624)
	at java.lang.Thread.run(Thread.java:748)
Caused by: java.io.IOException: Failed init RocksDB, db path : /home/runner/work/ozone/ozone/mnt/ozone/hadoop-ozone/integration-test/target/test-dir/MiniOzoneClusterImpl-c6f84d42-5853-4333-b7a0-bd2f0065fc62/datanode-5/data-0/containers/hdds/c6f84d42-5853-4333-b7a0-bd2f0065fc62/current/containerDir0/18/metadata/18-dn-container.db, exception :org.rocksdb.RocksDBException While appending to file: /home/runner/work/ozone/ozone/mnt/ozone/hadoop-ozone/integration-test/target/test-dir/MiniOzoneClusterImpl-c6f84d42-5853-4333-b7a0-bd2f0065fc62/datanode-5/data-0/containers/hdds/c6f84d42-5853-4333-b7a0-bd2f0065fc62/current/containerDir0/18/metadata/18-dn-container.db/000000.dbtmp: No space left on device; status : IOError(NoSpace); message : While appending to file: /home/runner/work/ozone/ozone/mnt/ozone/hadoop-ozone/integration-test/target/test-dir/MiniOzoneClusterImpl-c6f84d42-5853-4333-b7a0-bd2f0065fc62/datanode-5/data-0/containers/hdds/c6f84d42-5853-4333-b7a0-bd2f0065fc62/current/containerDir0/18/metadata/18-dn-container.db/000000.dbtmp: No space left on device
	at org.apache.hadoop.hdds.utils.HddsServerUtil.toIOException(HddsServerUtil.java:564)
	at org.apache.hadoop.hdds.utils.db.RDBStore.<init>(RDBStore.java:163)
	at org.apache.hadoop.hdds.utils.db.DBStoreBuilder.build(DBStoreBuilder.java:191)
	at org.apache.hadoop.ozone.container.metadata.AbstractDatanodeStore.start(AbstractDatanodeStore.java:131)
	at org.apache.hadoop.ozone.container.metadata.AbstractDatanodeStore.<init>(AbstractDatanodeStore.java:106)
	at org.apache.hadoop.ozone.container.metadata.DatanodeStoreSchemaTwoImpl.<init>(DatanodeStoreSchemaTwoImpl.java:48)
	at org.apache.hadoop.ozone.container.keyvalue.helpers.KeyValueContainerUtil.createContainerMetaData(KeyValueContainerUtil.java:112)
	at org.apache.hadoop.ozone.container.keyvalue.KeyValueContainer.create(KeyValueContainer.java:139)
	... 15 more
Caused by: org.rocksdb.RocksDBException: While appending to file: /home/runner/work/ozone/ozone/mnt/ozone/hadoop-ozone/integration-test/target/test-dir/MiniOzoneClusterImpl-c6f84d42-5853-4333-b7a0-bd2f0065fc62/datanode-5/data-0/containers/hdds/c6f84d42-5853-4333-b7a0-bd2f0065fc62/current/containerDir0/18/metadata/18-dn-container.db/000000.dbtmp: No space left on device
	at org.rocksdb.RocksDB.open(Native Method)
	at org.rocksdb.RocksDB.open(RocksDB.java:306)
	at org.apache.hadoop.hdds.utils.db.RDBStore.<init>(RDBStore.java:118)
	... 21 more
15:35:11.335 [ChunkWriter-0-0] ERROR DNAudit - user=null | ip=null | op=WRITE_CHUNK {blockData=conID: 18 locID: 107544261427200022 bcsId: 0} | ret=FAILURE
org.apache.hadoop.hdds.scm.container.common.helpers.StorageContainerException: ContainerID 18 creation failed
	at org.apache.hadoop.ozone.container.common.impl.HddsDispatcher.dispatchRequest(HddsDispatcher.java:262) ~[hdds-container-service-1.2.0-SNAPSHOT.jar:?]
	at org.apache.hadoop.ozone.container.common.impl.HddsDispatcher.lambda$dispatch$0(HddsDispatcher.java:169) ~[hdds-container-service-1.2.0-SNAPSHOT.jar:?]
	at org.apache.hadoop.hdds.server.OzoneProtocolMessageDispatcher.processRequest(OzoneProtocolMessageDispatcher.java:87) ~[hdds-server-framework-1.2.0-SNAPSHOT.jar:?]
	at org.apache.hadoop.ozone.container.common.impl.HddsDispatcher.dispatch(HddsDispatcher.java:168) ~[hdds-container-service-1.2.0-SNAPSHOT.jar:?]
	at org.apache.hadoop.ozone.container.common.transport.server.ratis.ContainerStateMachine.dispatchCommand(ContainerStateMachine.java:398) ~[hdds-container-service-1.2.0-SNAPSHOT.jar:?]
	at org.apache.hadoop.ozone.container.common.transport.server.ratis.ContainerStateMachine.runCommand(ContainerStateMachine.java:408) ~[hdds-container-service-1.2.0-SNAPSHOT.jar:?]
	at org.apache.hadoop.ozone.container.common.transport.server.ratis.ContainerStateMachine.lambda$handleWriteChunk$1(ContainerStateMachine.java:439) ~[hdds-container-service-1.2.0-SNAPSHOT.jar:?]
	at java.util.concurrent.CompletableFuture$AsyncSupply.run(CompletableFuture.java:1604) [?:1.8.0_292]
	at java.util.concurrent.ThreadPoolExecutor.runWorker(ThreadPoolExecutor.java:1149) [?:1.8.0_292]
	at java.util.concurrent.ThreadPoolExecutor$Worker.run(ThreadPoolExecutor.java:624) [?:1.8.0_292]
	at java.lang.Thread.run(Thread.java:748) [?:1.8.0_292]
2021-07-27 15:35:11,335 [ChunkWriter-0-0] INFO  impl.HddsDispatcher (ContainerUtils.java:logAndReturnError(89)) - Operation: WriteChunk , Trace ID:  , Message: ContainerID 18 creation failed , Result: CONTAINER_INTERNAL_ERROR , StorageContainerException Occurred.
org.apache.hadoop.hdds.scm.container.common.helpers.StorageContainerException: ContainerID 18 creation failed
	at org.apache.hadoop.ozone.container.common.impl.HddsDispatcher.dispatchRequest(HddsDispatcher.java:262)
	at org.apache.hadoop.ozone.container.common.impl.HddsDispatcher.lambda$dispatch$0(HddsDispatcher.java:169)
	at org.apache.hadoop.hdds.server.OzoneProtocolMessageDispatcher.processRequest(OzoneProtocolMessageDispatcher.java:87)
	at org.apache.hadoop.ozone.container.common.impl.HddsDispatcher.dispatch(HddsDispatcher.java:168)
	at org.apache.hadoop.ozone.container.common.transport.server.ratis.ContainerStateMachine.dispatchCommand(ContainerStateMachine.java:398)
	at org.apache.hadoop.ozone.container.common.transport.server.ratis.ContainerStateMachine.runCommand(ContainerStateMachine.java:408)
	at org.apache.hadoop.ozone.container.common.transport.server.ratis.ContainerStateMachine.lambda$handleWriteChunk$1(ContainerStateMachine.java:439)
	at java.util.concurrent.CompletableFuture$AsyncSupply.run(CompletableFuture.java:1604)
	at java.util.concurrent.ThreadPoolExecutor.runWorker(ThreadPoolExecutor.java:1149)
	at java.util.concurrent.ThreadPoolExecutor$Worker.run(ThreadPoolExecutor.java:624)
	at java.lang.Thread.run(Thread.java:748)
2021-07-27 15:35:11,335 [ChunkWriter-0-0] ERROR ratis.ContainerStateMachine (ContainerStateMachine.java:lambda$handleWriteChunk$2(467)) - group-4B7D70659643: writeChunk writeStateMachineData failed: blockIdcontainerID: 18
localID: 107544261427200022
blockCommitSequenceId: 0
 logIndex 132 chunkName 107544261427200022_chunk_2 Error message: ContainerID 18 creation failed Container Result: CONTAINER_INTERNAL_ERROR
2021-07-27 15:35:11,335 [e12f8595-05e5-464c-bfb9-afa629e2a4c5@group-4B7D70659643-SegmentedRaftLogWorker] ERROR ratis.XceiverServerRatis (XceiverServerRatis.java:triggerPipelineClose(672)) - pipeline Action CLOSE on pipeline PipelineID=f9b611fe-6543-4336-b8f8-4b7d70659643.Reason : Log already failed at index 130 for task WriteLog:130: (t:3, i:130), STATEMACHINELOGENTRY, cmdType: WriteChunk traceID: "" containerID: 18 datanodeUuid: "019b1b79-4eb1-4856-a72b-312c00737279" pipelineID: "f9b611fe-6543-4336-b8f8-4b7d70659643" writeChunk { blockID { containerID: 18 localID: 107544261427200022 blockCommitSequenceId: 0 } chunkData { chunkName: "107544261427200022_chunk_1" offset: 0 len: 1048576 checksumData { type: NONE bytesPerChecksum: 1048576 } } }, container path=nonexistent
2021-07-27 15:35:11,336 [EventQueue-PipelineActionsForPipelineActionHandler] INFO  pipeline.PipelineActionHandler (PipelineActionHandler.java:processPipelineAction(82)) - Received pipeline action CLOSE for PipelineID=f9b611fe-6543-4336-b8f8-4b7d70659643 from datanode e12f8595-05e5-464c-bfb9-afa629e2a4c5. Reason : ContainerID 18 creation failed
2021-07-27 15:35:11,337 [EventQueue-PipelineActionsForPipelineActionHandler] WARN  pipeline.PipelineActionHandler (PipelineActionHandler.java:processPipelineAction(93)) - Pipeline action CLOSE received for unknown pipeline PipelineID=f9b611fe-6543-4336-b8f8-4b7d70659643, firing close pipeline event.
2021-07-27 15:35:11,338 [EventQueue-PipelineActionsForPipelineActionHandler] INFO  pipeline.PipelineActionHandler (PipelineActionHandler.java:processPipelineAction(82)) - Received pipeline action CLOSE for PipelineID=f9b611fe-6543-4336-b8f8-4b7d70659643 from datanode e12f8595-05e5-464c-bfb9-afa629e2a4c5. Reason : Log already failed at index 130 for task WriteLog:130: (t:3, i:130), STATEMACHINELOGENTRY, cmdType: WriteChunk traceID: "" containerID: 18 datanodeUuid: "019b1b79-4eb1-4856-a72b-312c00737279" pipelineID: "f9b611fe-6543-4336-b8f8-4b7d70659643" writeChunk { blockID { containerID: 18 localID: 107544261427200022 blockCommitSequenceId: 0 } chunkData { chunkName: "107544261427200022_chunk_1" offset: 0 len: 1048576 checksumData { type: NONE bytesPerChecksum: 1048576 } } }, container path=nonexistent
2021-07-27 15:35:11,338 [EventQueue-PipelineActionsForPipelineActionHandler] WARN  pipeline.PipelineActionHandler (PipelineActionHandler.java:processPipelineAction(93)) - Pipeline action CLOSE received for unknown pipeline PipelineID=f9b611fe-6543-4336-b8f8-4b7d70659643, firing close pipeline event.
2021-07-27 15:35:11,339 [938cb054-8d0b-4cc2-9b0b-5cc4c6b5d6e7@group-4B7D70659643-SegmentedRaftLogWorker] ERROR ratis.XceiverServerRatis (XceiverServerRatis.java:triggerPipelineClose(672)) - pipeline Action CLOSE on pipeline PipelineID=f9b611fe-6543-4336-b8f8-4b7d70659643.Reason : ContainerID 18 creation failed
2021-07-27 15:35:11,339 [Datanode State Machine Thread - 0] WARN  statemachine.StateContext (StateContext.java:execute(621)) - No available thread in pool for past 1 seconds.
2021-07-27 15:35:11,340 [EventQueue-PipelineActionsForPipelineActionHandler] INFO  pipeline.PipelineActionHandler (PipelineActionHandler.java:processPipelineAction(82)) - Received pipeline action CLOSE for PipelineID=f9b611fe-6543-4336-b8f8-4b7d70659643 from datanode 938cb054-8d0b-4cc2-9b0b-5cc4c6b5d6e7. Reason : ContainerID 18 creation failed
2021-07-27 15:35:11,340 [EventQueue-PipelineActionsForPipelineActionHandler] WARN  pipeline.PipelineActionHandler (PipelineActionHandler.java:processPipelineAction(93)) - Pipeline action CLOSE received for unknown pipeline PipelineID=f9b611fe-6543-4336-b8f8-4b7d70659643, firing close pipeline event.
2021-07-27 15:35:11,344 [938cb054-8d0b-4cc2-9b0b-5cc4c6b5d6e7@group-4B7D70659643-SegmentedRaftLogWorker] ERROR ratis.XceiverServerRatis (XceiverServerRatis.java:triggerPipelineClose(672)) - pipeline Action CLOSE on pipeline PipelineID=f9b611fe-6543-4336-b8f8-4b7d70659643.Reason : Log already failed at index 130 for task WriteLog:130: (t:3, i:130), STATEMACHINELOGENTRY, cmdType: WriteChunk traceID: "" containerID: 18 datanodeUuid: "019b1b79-4eb1-4856-a72b-312c00737279" pipelineID: "f9b611fe-6543-4336-b8f8-4b7d70659643" writeChunk { blockID { containerID: 18 localID: 107544261427200022 blockCommitSequenceId: 0 } chunkData { chunkName: "107544261427200022_chunk_1" offset: 0 len: 1048576 checksumData { type: NONE bytesPerChecksum: 1048576 } } }, container path=nonexistent
2021-07-27 15:35:11,345 [EventQueue-PipelineActionsForPipelineActionHandler] INFO  pipeline.PipelineActionHandler (PipelineActionHandler.java:processPipelineAction(82)) - Received pipeline action CLOSE for PipelineID=f9b611fe-6543-4336-b8f8-4b7d70659643 from datanode 938cb054-8d0b-4cc2-9b0b-5cc4c6b5d6e7. Reason : Log already failed at index 130 for task WriteLog:130: (t:3, i:130), STATEMACHINELOGENTRY, cmdType: WriteChunk traceID: "" containerID: 18 datanodeUuid: "019b1b79-4eb1-4856-a72b-312c00737279" pipelineID: "f9b611fe-6543-4336-b8f8-4b7d70659643" writeChunk { blockID { containerID: 18 localID: 107544261427200022 blockCommitSequenceId: 0 } chunkData { chunkName: "107544261427200022_chunk_1" offset: 0 len: 1048576 checksumData { type: NONE bytesPerChecksum: 1048576 } } }, container path=nonexistent
2021-07-27 15:35:11,345 [EventQueue-PipelineActionsForPipelineActionHandler] WARN  pipeline.PipelineActionHandler (PipelineActionHandler.java:processPipelineAction(93)) - Pipeline action CLOSE received for unknown pipeline PipelineID=f9b611fe-6543-4336-b8f8-4b7d70659643, firing close pipeline event.
2021-07-27 15:35:11,349 [938cb054-8d0b-4cc2-9b0b-5cc4c6b5d6e7@group-4B7D70659643-SegmentedRaftLogWorker] ERROR ratis.XceiverServerRatis (XceiverServerRatis.java:triggerPipelineClose(672)) - pipeline Action CLOSE on pipeline PipelineID=f9b611fe-6543-4336-b8f8-4b7d70659643.Reason : Log already failed at index 130 for task WriteLog:130: (t:3, i:130), STATEMACHINELOGENTRY, cmdType: WriteChunk traceID: "" containerID: 18 datanodeUuid: "019b1b79-4eb1-4856-a72b-312c00737279" pipelineID: "f9b611fe-6543-4336-b8f8-4b7d70659643" writeChunk { blockID { containerID: 18 localID: 107544261427200022 blockCommitSequenceId: 0 } chunkData { chunkName: "107544261427200022_chunk_1" offset: 0 len: 1048576 checksumData { type: NONE bytesPerChecksum: 1048576 } } }, container path=nonexistent
2021-07-27 15:35:11,350 [EventQueue-PipelineActionsForPipelineActionHandler] INFO  pipeline.PipelineActionHandler (PipelineActionHandler.java:processPipelineAction(82)) - Received pipeline action CLOSE for PipelineID=f9b611fe-6543-4336-b8f8-4b7d70659643 from datanode 938cb054-8d0b-4cc2-9b0b-5cc4c6b5d6e7. Reason : Log already failed at index 130 for task WriteLog:130: (t:3, i:130), STATEMACHINELOGENTRY, cmdType: WriteChunk traceID: "" containerID: 18 datanodeUuid: "019b1b79-4eb1-4856-a72b-312c00737279" pipelineID: "f9b611fe-6543-4336-b8f8-4b7d70659643" writeChunk { blockID { containerID: 18 localID: 107544261427200022 blockCommitSequenceId: 0 } chunkData { chunkName: "107544261427200022_chunk_1" offset: 0 len: 1048576 checksumData { type: NONE bytesPerChecksum: 1048576 } } }, container path=nonexistent
2021-07-27 15:35:11,350 [EventQueue-PipelineActionsForPipelineActionHandler] WARN  pipeline.PipelineActionHandler (PipelineActionHandler.java:processPipelineAction(93)) - Pipeline action CLOSE received for unknown pipeline PipelineID=f9b611fe-6543-4336-b8f8-4b7d70659643, firing close pipeline event.
2021-07-27 15:35:11,352 [938cb054-8d0b-4cc2-9b0b-5cc4c6b5d6e7@group-4B7D70659643-SegmentedRaftLogWorker] ERROR ratis.XceiverServerRatis (XceiverServerRatis.java:triggerPipelineClose(672)) - pipeline Action CLOSE on pipeline PipelineID=f9b611fe-6543-4336-b8f8-4b7d70659643.Reason : Log already failed at index 130 for task WriteLog:130: (t:3, i:130), STATEMACHINELOGENTRY, cmdType: WriteChunk traceID: "" containerID: 18 datanodeUuid: "019b1b79-4eb1-4856-a72b-312c00737279" pipelineID: "f9b611fe-6543-4336-b8f8-4b7d70659643" writeChunk { blockID { containerID: 18 localID: 107544261427200022 blockCommitSequenceId: 0 } chunkData { chunkName: "107544261427200022_chunk_1" offset: 0 len: 1048576 checksumData { type: NONE bytesPerChecksum: 1048576 } } }, container path=nonexistent
2021-07-27 15:35:11,352 [Datanode State Machine Thread - 0] WARN  statemachine.StateContext (StateContext.java:execute(621)) - No available thread in pool for past 1 seconds.
2021-07-27 15:35:11,353 [EventQueue-PipelineActionsForPipelineActionHandler] INFO  pipeline.PipelineActionHandler (PipelineActionHandler.java:processPipelineAction(82)) - Received pipeline action CLOSE for PipelineID=f9b611fe-6543-4336-b8f8-4b7d70659643 from datanode 938cb054-8d0b-4cc2-9b0b-5cc4c6b5d6e7. Reason : Log already failed at index 130 for task WriteLog:130: (t:3, i:130), STATEMACHINELOGENTRY, cmdType: WriteChunk traceID: "" containerID: 18 datanodeUuid: "019b1b79-4eb1-4856-a72b-312c00737279" pipelineID: "f9b611fe-6543-4336-b8f8-4b7d70659643" writeChunk { blockID { containerID: 18 localID: 107544261427200022 blockCommitSequenceId: 0 } chunkData { chunkName: "107544261427200022_chunk_1" offset: 0 len: 1048576 checksumData { type: NONE bytesPerChecksum: 1048576 } } }, container path=nonexistent
2021-07-27 15:35:11,353 [EventQueue-PipelineActionsForPipelineActionHandler] WARN  pipeline.PipelineActionHandler (PipelineActionHandler.java:processPipelineAction(93)) - Pipeline action CLOSE received for unknown pipeline PipelineID=f9b611fe-6543-4336-b8f8-4b7d70659643, firing close pipeline event.
2021-07-27 15:35:12,709 [Command processor thread] INFO  server.RaftServer (RaftServerProxy.java:remove(106)) - e12f8595-05e5-464c-bfb9-afa629e2a4c5: remove  FOLLOWER e12f8595-05e5-464c-bfb9-afa629e2a4c5@group-4B7D70659643:t3, leader=019b1b79-4eb1-4856-a72b-312c00737279, voted=019b1b79-4eb1-4856-a72b-312c00737279, raftlog=e12f8595-05e5-464c-bfb9-afa629e2a4c5@group-4B7D70659643-SegmentedRaftLog:OPENED:c129,f129,i133, conf=0: [019b1b79-4eb1-4856-a72b-312c00737279|rpc:10.1.0.63:38653|dataStream:|priority:1, 938cb054-8d0b-4cc2-9b0b-5cc4c6b5d6e7|rpc:10.1.0.63:39293|dataStream:|priority:0, e12f8595-05e5-464c-bfb9-afa629e2a4c5|rpc:10.1.0.63:36961|dataStream:|priority:0], old=null RUNNING
2021-07-27 15:35:12,709 [Command processor thread] INFO  server.RaftServer$Division (RaftServerImpl.java:lambda$close$4(407)) - e12f8595-05e5-464c-bfb9-afa629e2a4c5@group-4B7D70659643: shutdown
2021-07-27 15:35:12,710 [Command processor thread] INFO  util.JmxRegister (JmxRegister.java:unregister(73)) - Successfully un-registered JMX Bean with object name Ratis:service=RaftServer,group=group-4B7D70659643,id=e12f8595-05e5-464c-bfb9-afa629e2a4c5
2021-07-27 15:35:12,710 [Command processor thread] INFO  impl.RoleInfo (RoleInfo.java:shutdownFollowerState(108)) - e12f8595-05e5-464c-bfb9-afa629e2a4c5: shutdown e12f8595-05e5-464c-bfb9-afa629e2a4c5@group-4B7D70659643-FollowerState
2021-07-27 15:35:12,710 [Command processor thread] INFO  impl.StateMachineUpdater (StateMachineUpdater.java:stopAndJoin(149)) - e12f8595-05e5-464c-bfb9-afa629e2a4c5@group-4B7D70659643-StateMachineUpdater: set stopIndex = 129
2021-07-27 15:35:12,710 [e12f8595-05e5-464c-bfb9-afa629e2a4c5@group-4B7D70659643-FollowerState] INFO  impl.FollowerState (FollowerState.java:run(143)) - e12f8595-05e5-464c-bfb9-afa629e2a4c5@group-4B7D70659643-FollowerState was interrupted: {}
java.lang.InterruptedException: sleep interrupted
	at java.lang.Thread.sleep(Native Method)
	at java.lang.Thread.sleep(Thread.java:340)
	at java.util.concurrent.TimeUnit.sleep(TimeUnit.java:386)
	at org.apache.ratis.util.TimeDuration.sleep(TimeDuration.java:324)
	at org.apache.ratis.util.TimeDuration.sleep(TimeDuration.java:309)
	at org.apache.ratis.server.impl.FollowerState.run(FollowerState.java:118)
2021-07-27 15:35:12,710 [e12f8595-05e5-464c-bfb9-afa629e2a4c5@group-4B7D70659643-StateMachineUpdater] ERROR ratis.ContainerStateMachine (ContainerStateMachine.java:takeSnapshot(285)) - Failed to take snapshot  for group-4B7D70659643 as the stateMachine is unhealthy. The last applied index is at (t:3, i:129)
2021-07-27 15:35:12,711 [e12f8595-05e5-464c-bfb9-afa629e2a4c5@group-4B7D70659643-StateMachineUpdater] ERROR impl.StateMachineUpdater (StateMachineUpdater.java:takeSnapshot(276)) - e12f8595-05e5-464c-bfb9-afa629e2a4c5@group-4B7D70659643-StateMachineUpdater: Failed to take snapshot
org.apache.ratis.protocol.exceptions.StateMachineException: Failed to take snapshot  for group-4B7D70659643 as the stateMachine is unhealthy. The last applied index is at (t:3, i:129)
	at org.apache.hadoop.ozone.container.common.transport.server.ratis.ContainerStateMachine.takeSnapshot(ContainerStateMachine.java:284)
	at org.apache.ratis.server.impl.StateMachineUpdater.takeSnapshot(StateMachineUpdater.java:265)
	at org.apache.ratis.server.impl.StateMachineUpdater.checkAndTakeSnapshot(StateMachineUpdater.java:257)
	at org.apache.ratis.server.impl.StateMachineUpdater.run(StateMachineUpdater.java:180)
	at java.lang.Thread.run(Thread.java:748)
2021-07-27 15:35:12,711 [e12f8595-05e5-464c-bfb9-afa629e2a4c5@group-4B7D70659643-StateMachineUpdater] ERROR ratis.ContainerStateMachine (ContainerStateMachine.java:takeSnapshot(285)) - Failed to take snapshot  for group-4B7D70659643 as the stateMachine is unhealthy. The last applied index is at (t:3, i:129)
2021-07-27 15:35:12,711 [e12f8595-05e5-464c-bfb9-afa629e2a4c5@group-4B7D70659643-StateMachineUpdater] ERROR impl.StateMachineUpdater (StateMachineUpdater.java:takeSnapshot(276)) - e12f8595-05e5-464c-bfb9-afa629e2a4c5@group-4B7D70659643-StateMachineUpdater: Failed to take snapshot
org.apache.ratis.protocol.exceptions.StateMachineException: Failed to take snapshot  for group-4B7D70659643 as the stateMachine is unhealthy. The last applied index is at (t:3, i:129)
	at org.apache.hadoop.ozone.container.common.transport.server.ratis.ContainerStateMachine.takeSnapshot(ContainerStateMachine.java:284)
	at org.apache.ratis.server.impl.StateMachineUpdater.takeSnapshot(StateMachineUpdater.java:265)
	at org.apache.ratis.server.impl.StateMachineUpdater.checkAndTakeSnapshot(StateMachineUpdater.java:257)
	at org.apache.ratis.server.impl.StateMachineUpdater.run(StateMachineUpdater.java:183)
	at java.lang.Thread.run(Thread.java:748)
2021-07-27 15:35:12,711 [Command processor thread] INFO  server.RaftServer (RaftServerProxy.java:remove(106)) - 938cb054-8d0b-4cc2-9b0b-5cc4c6b5d6e7: remove  FOLLOWER 938cb054-8d0b-4cc2-9b0b-5cc4c6b5d6e7@group-4B7D70659643:t3, leader=019b1b79-4eb1-4856-a72b-312c00737279, voted=019b1b79-4eb1-4856-a72b-312c00737279, raftlog=938cb054-8d0b-4cc2-9b0b-5cc4c6b5d6e7@group-4B7D70659643-SegmentedRaftLog:OPENED:c129,f129,i133, conf=0: [019b1b79-4eb1-4856-a72b-312c00737279|rpc:10.1.0.63:38653|dataStream:|priority:1, 938cb054-8d0b-4cc2-9b0b-5cc4c6b5d6e7|rpc:10.1.0.63:39293|dataStream:|priority:0, e12f8595-05e5-464c-bfb9-afa629e2a4c5|rpc:10.1.0.63:36961|dataStream:|priority:0], old=null RUNNING
2021-07-27 15:35:12,712 [Command processor thread] INFO  server.RaftServer$Division (RaftServerImpl.java:lambda$close$4(407)) - 938cb054-8d0b-4cc2-9b0b-5cc4c6b5d6e7@group-4B7D70659643: shutdown
2021-07-27 15:35:12,712 [Command processor thread] INFO  util.JmxRegister (JmxRegister.java:unregister(73)) - Successfully un-registered JMX Bean with object name Ratis:service=RaftServer,group=group-4B7D70659643,id=938cb054-8d0b-4cc2-9b0b-5cc4c6b5d6e7
2021-07-27 15:35:12,712 [Command processor thread] INFO  impl.RoleInfo (RoleInfo.java:shutdownFollowerState(108)) - 938cb054-8d0b-4cc2-9b0b-5cc4c6b5d6e7: shutdown 938cb054-8d0b-4cc2-9b0b-5cc4c6b5d6e7@group-4B7D70659643-FollowerState
2021-07-27 15:35:12,712 [Command processor thread] INFO  impl.StateMachineUpdater (StateMachineUpdater.java:stopAndJoin(149)) - 938cb054-8d0b-4cc2-9b0b-5cc4c6b5d6e7@group-4B7D70659643-StateMachineUpdater: set stopIndex = 129
2021-07-27 15:35:12,712 [938cb054-8d0b-4cc2-9b0b-5cc4c6b5d6e7@group-4B7D70659643-StateMachineUpdater] ERROR ratis.ContainerStateMachine (ContainerStateMachine.java:takeSnapshot(285)) - Failed to take snapshot  for group-4B7D70659643 as the stateMachine is unhealthy. The last applied index is at (t:3, i:129)
2021-07-27 15:35:12,713 [938cb054-8d0b-4cc2-9b0b-5cc4c6b5d6e7@group-4B7D70659643-StateMachineUpdater] ERROR impl.StateMachineUpdater (StateMachineUpdater.java:takeSnapshot(276)) - 938cb054-8d0b-4cc2-9b0b-5cc4c6b5d6e7@group-4B7D70659643-StateMachineUpdater: Failed to take snapshot
org.apache.ratis.protocol.exceptions.StateMachineException: Failed to take snapshot  for group-4B7D70659643 as the stateMachine is unhealthy. The last applied index is at (t:3, i:129)
	at org.apache.hadoop.ozone.container.common.transport.server.ratis.ContainerStateMachine.takeSnapshot(ContainerStateMachine.java:284)
	at org.apache.ratis.server.impl.StateMachineUpdater.takeSnapshot(StateMachineUpdater.java:265)
	at org.apache.ratis.server.impl.StateMachineUpdater.checkAndTakeSnapshot(StateMachineUpdater.java:257)
	at org.apache.ratis.server.impl.StateMachineUpdater.run(StateMachineUpdater.java:180)
	at java.lang.Thread.run(Thread.java:748)
2021-07-27 15:35:12,713 [938cb054-8d0b-4cc2-9b0b-5cc4c6b5d6e7@group-4B7D70659643-StateMachineUpdater] ERROR ratis.ContainerStateMachine (ContainerStateMachine.java:takeSnapshot(285)) - Failed to take snapshot  for group-4B7D70659643 as the stateMachine is unhealthy. The last applied index is at (t:3, i:129)
2021-07-27 15:35:12,713 [938cb054-8d0b-4cc2-9b0b-5cc4c6b5d6e7@group-4B7D70659643-StateMachineUpdater] ERROR impl.StateMachineUpdater (StateMachineUpdater.java:takeSnapshot(276)) - 938cb054-8d0b-4cc2-9b0b-5cc4c6b5d6e7@group-4B7D70659643-StateMachineUpdater: Failed to take snapshot
org.apache.ratis.protocol.exceptions.StateMachineException: Failed to take snapshot  for group-4B7D70659643 as the stateMachine is unhealthy. The last applied index is at (t:3, i:129)
	at org.apache.hadoop.ozone.container.common.transport.server.ratis.ContainerStateMachine.takeSnapshot(ContainerStateMachine.java:284)
	at org.apache.ratis.server.impl.StateMachineUpdater.takeSnapshot(StateMachineUpdater.java:265)
	at org.apache.ratis.server.impl.StateMachineUpdater.checkAndTakeSnapshot(StateMachineUpdater.java:257)
	at org.apache.ratis.server.impl.StateMachineUpdater.run(StateMachineUpdater.java:183)
	at java.lang.Thread.run(Thread.java:748)
2021-07-27 15:35:12,713 [938cb054-8d0b-4cc2-9b0b-5cc4c6b5d6e7@group-4B7D70659643-FollowerState] INFO  impl.FollowerState (FollowerState.java:run(143)) - 938cb054-8d0b-4cc2-9b0b-5cc4c6b5d6e7@group-4B7D70659643-FollowerState was interrupted: {}
java.lang.InterruptedException: sleep interrupted
	at java.lang.Thread.sleep(Native Method)
	at java.lang.Thread.sleep(Thread.java:340)
	at java.util.concurrent.TimeUnit.sleep(TimeUnit.java:386)
	at org.apache.ratis.util.TimeDuration.sleep(TimeDuration.java:324)
	at org.apache.ratis.util.TimeDuration.sleep(TimeDuration.java:309)
	at org.apache.ratis.server.impl.FollowerState.run(FollowerState.java:118)
2021-07-27 15:35:12,713 [Command processor thread] INFO  server.RaftServer$Division (ServerState.java:close(419)) - 938cb054-8d0b-4cc2-9b0b-5cc4c6b5d6e7@group-4B7D70659643: closes. applyIndex: 129
2021-07-27 15:35:12,714 [938cb054-8d0b-4cc2-9b0b-5cc4c6b5d6e7@group-4B7D70659643-SegmentedRaftLogWorker] INFO  segmented.SegmentedRaftLogWorker (SegmentedRaftLogWorker.java:run(327)) - 938cb054-8d0b-4cc2-9b0b-5cc4c6b5d6e7@group-4B7D70659643-SegmentedRaftLogWorker was interrupted, exiting. There are 0 tasks remaining in the queue.
2021-07-27 15:35:12,714 [Command processor thread] INFO  server.RaftServer$Division (ServerState.java:close(419)) - e12f8595-05e5-464c-bfb9-afa629e2a4c5@group-4B7D70659643: closes. applyIndex: 129
2021-07-27 15:35:12,714 [e12f8595-05e5-464c-bfb9-afa629e2a4c5@group-4B7D70659643-SegmentedRaftLogWorker] INFO  segmented.SegmentedRaftLogWorker (SegmentedRaftLogWorker.java:run(327)) - e12f8595-05e5-464c-bfb9-afa629e2a4c5@group-4B7D70659643-SegmentedRaftLogWorker was interrupted, exiting. There are 0 tasks remaining in the queue.
2021-07-27 15:35:12,714 [Command processor thread] INFO  segmented.SegmentedRaftLogWorker (SegmentedRaftLogWorker.java:close(237)) - 938cb054-8d0b-4cc2-9b0b-5cc4c6b5d6e7@group-4B7D70659643-SegmentedRaftLogWorker close()
2021-07-27 15:35:12,719 [Datanode State Machine Thread - 0] WARN  statemachine.StateContext (StateContext.java:execute(621)) - No available thread in pool for past 1 seconds.
2021-07-27 15:35:12,719 [Command processor thread] INFO  segmented.SegmentedRaftLogWorker (SegmentedRaftLogWorker.java:close(237)) - e12f8595-05e5-464c-bfb9-afa629e2a4c5@group-4B7D70659643-SegmentedRaftLogWorker close()
2021-07-27 15:35:12,720 [Command processor thread] INFO  keyvalue.KeyValueContainer (KeyValueContainer.java:flushAndSyncDB(397)) - Container 10 is synced with bcsId 97.
2021-07-27 15:35:12,721 [Command processor thread] INFO  keyvalue.KeyValueContainer (KeyValueContainer.java:flushAndSyncDB(397)) - Container 10 is synced with bcsId 97.
2021-07-27 15:35:12,722 [Datanode State Machine Thread - 0] WARN  statemachine.StateContext (StateContext.java:execute(621)) - No available thread in pool for past 1 seconds.
2021-07-27 15:35:12,724 [Datanode State Machine Thread - 0] WARN  statemachine.StateContext (StateContext.java:execute(621)) - No available thread in pool for past 1 seconds.
2021-07-27 15:35:12,724 [EventQueue-IncrementalContainerReportForIncrementalContainerReportHandler] INFO  container.IncrementalContainerReportHandler (AbstractContainerReportHandler.java:updateContainerState(216)) - Moving container #10 to QUASI_CLOSED state, datanode 938cb054-8d0b-4cc2-9b0b-5cc4c6b5d6e7{ip: 10.1.0.63, host: fv-az184-788.3ow45vhwbzuu5incsxmygykede.cx.internal.cloudapp.net, ports: [REPLICATION=36383, RATIS=39293, RATIS_ADMIN=39293, RATIS_SERVER=39293, STANDALONE=41985], networkLocation: /default-rack, certSerialId: null, persistedOpState: IN_SERVICE, persistedOpStateExpiryEpochSec: 0} reported QUASI_CLOSED replica.
2021-07-27 15:35:12,725 [Command processor thread] INFO  keyvalue.KeyValueContainer (KeyValueContainer.java:flushAndSyncDB(397)) - Container 10 is synced with bcsId 97.
2021-07-27 15:35:12,725 [Command processor thread] INFO  keyvalue.KeyValueContainer (KeyValueContainer.java:flushAndSyncDB(397)) - Container 10 is synced with bcsId 97.
2021-07-27 15:35:12,727 [Datanode State Machine Thread - 0] WARN  statemachine.StateContext (StateContext.java:execute(621)) - No available thread in pool for past 1 seconds.
2021-07-27 15:35:12,728 [Datanode State Machine Thread - 0] WARN  statemachine.StateContext (StateContext.java:execute(621)) - No available thread in pool for past 1 seconds.
2021-07-27 15:35:12,729 [Datanode State Machine Thread - 0] WARN  statemachine.StateContext (StateContext.java:execute(621)) - No available thread in pool for past 1 seconds.
2021-07-27 15:35:12,730 [Command processor thread] INFO  keyvalue.KeyValueContainer (KeyValueContainer.java:flushAndSyncDB(397)) - Container 13 is synced with bcsId 110.
2021-07-27 15:35:12,730 [Command processor thread] INFO  keyvalue.KeyValueContainer (KeyValueContainer.java:flushAndSyncDB(397)) - Container 13 is synced with bcsId 110.
2021-07-27 15:35:12,730 [Command processor thread] INFO  keyvalue.KeyValueContainer (KeyValueContainer.java:flushAndSyncDB(397)) - Container 13 is synced with bcsId 110.
2021-07-27 15:35:12,731 [Command processor thread] INFO  keyvalue.KeyValueContainer (KeyValueContainer.java:flushAndSyncDB(397)) - Container 13 is synced with bcsId 110.
2021-07-27 15:35:12,732 [Datanode State Machine Thread - 0] WARN  statemachine.StateContext (StateContext.java:execute(621)) - No available thread in pool for past 1 seconds.
2021-07-27 15:35:12,733 [Command processor thread] INFO  server.RaftServer$Division (RaftServerImpl.java:groupRemove(377)) - e12f8595-05e5-464c-bfb9-afa629e2a4c5@group-4B7D70659643: Succeed to remove RaftStorageDirectory Storage Directory /home/runner/work/ozone/ozone/mnt/ozone/hadoop-ozone/integration-test/target/test-dir/MiniOzoneClusterImpl-c6f84d42-5853-4333-b7a0-bd2f0065fc62/datanode-3/data/ratis/f9b611fe-6543-4336-b8f8-4b7d70659643
2021-07-27 15:35:12,733 [Datanode State Machine Thread - 0] WARN  statemachine.StateContext (StateContext.java:execute(621)) - No available thread in pool for past 1 seconds.
2021-07-27 15:35:12,734 [Command processor thread] INFO  commandhandler.ClosePipelineCommandHandler (ClosePipelineCommandHandler.java:handle(75)) - Close Pipeline PipelineID=f9b611fe-6543-4336-b8f8-4b7d70659643 command on datanode e12f8595-05e5-464c-bfb9-afa629e2a4c5.
2021-07-27 15:35:12,734 [Command processor thread] WARN  server.RaftServer (RaftServerProxy.java:remove(101)) - e12f8595-05e5-464c-bfb9-afa629e2a4c5: does not contain group: group-4B7D70659643
2021-07-27 15:35:12,734 [Command processor thread] ERROR commandhandler.ClosePipelineCommandHandler (ClosePipelineCommandHandler.java:handle(78)) - Can't close pipeline PipelineID=f9b611fe-6543-4336-b8f8-4b7d70659643
java.io.IOException: e12f8595-05e5-464c-bfb9-afa629e2a4c5: Group group-4B7D70659643 not found.
	at org.apache.hadoop.ozone.container.common.transport.server.ratis.XceiverServerRatis.removeGroup(XceiverServerRatis.java:777)
	at org.apache.hadoop.ozone.container.common.statemachine.commandhandler.ClosePipelineCommandHandler.handle(ClosePipelineCommandHandler.java:74)
	at org.apache.hadoop.ozone.container.common.statemachine.commandhandler.CommandDispatcher.handle(CommandDispatcher.java:99)
	at org.apache.hadoop.ozone.container.common.statemachine.DatanodeStateMachine.lambda$initCommandHandlerThread$2(DatanodeStateMachine.java:551)
	at java.lang.Thread.run(Thread.java:748)
Caused by: org.apache.ratis.protocol.exceptions.GroupMismatchException: e12f8595-05e5-464c-bfb9-afa629e2a4c5: Group group-4B7D70659643 not found.
	at org.apache.ratis.server.impl.RaftServerProxy.groupRemoveAsync(RaftServerProxy.java:504)
	at org.apache.ratis.server.impl.RaftServerProxy.groupManagementAsync(RaftServerProxy.java:460)
	at org.apache.ratis.server.impl.RaftServerProxy.groupManagement(RaftServerProxy.java:440)
	at org.apache.hadoop.ozone.container.common.transport.server.ratis.XceiverServerRatis.removeGroup(XceiverServerRatis.java:775)
	... 4 more
2021-07-27 15:35:12,734 [Command processor thread] WARN  server.RaftServer (RaftServerProxy.java:remove(101)) - e12f8595-05e5-464c-bfb9-afa629e2a4c5: does not contain group: group-4B7D70659643
2021-07-27 15:35:12,734 [Command processor thread] ERROR commandhandler.ClosePipelineCommandHandler (ClosePipelineCommandHandler.java:handle(78)) - Can't close pipeline PipelineID=f9b611fe-6543-4336-b8f8-4b7d70659643
java.io.IOException: e12f8595-05e5-464c-bfb9-afa629e2a4c5: Group group-4B7D70659643 not found.
	at org.apache.hadoop.ozone.container.common.transport.server.ratis.XceiverServerRatis.removeGroup(XceiverServerRatis.java:777)
	at org.apache.hadoop.ozone.container.common.statemachine.commandhandler.ClosePipelineCommandHandler.handle(ClosePipelineCommandHandler.java:74)
	at org.apache.hadoop.ozone.container.common.statemachine.commandhandler.CommandDispatcher.handle(CommandDispatcher.java:99)
	at org.apache.hadoop.ozone.container.common.statemachine.DatanodeStateMachine.lambda$initCommandHandlerThread$2(DatanodeStateMachine.java:551)
	at java.lang.Thread.run(Thread.java:748)
Caused by: org.apache.ratis.protocol.exceptions.GroupMismatchException: e12f8595-05e5-464c-bfb9-afa629e2a4c5: Group group-4B7D70659643 not found.
	at org.apache.ratis.server.impl.RaftServerProxy.groupRemoveAsync(RaftServerProxy.java:504)
	at org.apache.ratis.server.impl.RaftServerProxy.groupManagementAsync(RaftServerProxy.java:460)
	at org.apache.ratis.server.impl.RaftServerProxy.groupManagement(RaftServerProxy.java:440)
	at org.apache.hadoop.ozone.container.common.transport.server.ratis.XceiverServerRatis.removeGroup(XceiverServerRatis.java:775)
	... 4 more
2021-07-27 15:35:12,734 [Command processor thread] INFO  server.RaftServer$Division (RaftServerImpl.java:groupRemove(377)) - 938cb054-8d0b-4cc2-9b0b-5cc4c6b5d6e7@group-4B7D70659643: Succeed to remove RaftStorageDirectory Storage Directory /home/runner/work/ozone/ozone/mnt/ozone/hadoop-ozone/integration-test/target/test-dir/MiniOzoneClusterImpl-c6f84d42-5853-4333-b7a0-bd2f0065fc62/datanode-5/data/ratis/f9b611fe-6543-4336-b8f8-4b7d70659643
2021-07-27 15:35:12,735 [Command processor thread] INFO  commandhandler.ClosePipelineCommandHandler (ClosePipelineCommandHandler.java:handle(75)) - Close Pipeline PipelineID=f9b611fe-6543-4336-b8f8-4b7d70659643 command on datanode 938cb054-8d0b-4cc2-9b0b-5cc4c6b5d6e7.
2021-07-27 15:35:12,735 [Command processor thread] WARN  server.RaftServer (RaftServerProxy.java:remove(101)) - 938cb054-8d0b-4cc2-9b0b-5cc4c6b5d6e7: does not contain group: group-4B7D70659643
2021-07-27 15:35:12,735 [Command processor thread] ERROR commandhandler.ClosePipelineCommandHandler (ClosePipelineCommandHandler.java:handle(78)) - Can't close pipeline PipelineID=f9b611fe-6543-4336-b8f8-4b7d70659643
java.io.IOException: 938cb054-8d0b-4cc2-9b0b-5cc4c6b5d6e7: Group group-4B7D70659643 not found.
	at org.apache.hadoop.ozone.container.common.transport.server.ratis.XceiverServerRatis.removeGroup(XceiverServerRatis.java:777)
	at org.apache.hadoop.ozone.container.common.statemachine.commandhandler.ClosePipelineCommandHandler.handle(ClosePipelineCommandHandler.java:74)
	at org.apache.hadoop.ozone.container.common.statemachine.commandhandler.CommandDispatcher.handle(CommandDispatcher.java:99)
	at org.apache.hadoop.ozone.container.common.statemachine.DatanodeStateMachine.lambda$initCommandHandlerThread$2(DatanodeStateMachine.java:551)
	at java.lang.Thread.run(Thread.java:748)
Caused by: org.apache.ratis.protocol.exceptions.GroupMismatchException: 938cb054-8d0b-4cc2-9b0b-5cc4c6b5d6e7: Group group-4B7D70659643 not found.
	at org.apache.ratis.server.impl.RaftServerProxy.groupRemoveAsync(RaftServerProxy.java:504)
	at org.apache.ratis.server.impl.RaftServerProxy.groupManagementAsync(RaftServerProxy.java:460)
	at org.apache.ratis.server.impl.RaftServerProxy.groupManagement(RaftServerProxy.java:440)
	at org.apache.hadoop.ozone.container.common.transport.server.ratis.XceiverServerRatis.removeGroup(XceiverServerRatis.java:775)
	... 4 more
2021-07-27 15:35:12,735 [Command processor thread] WARN  server.RaftServer (RaftServerProxy.java:remove(101)) - 938cb054-8d0b-4cc2-9b0b-5cc4c6b5d6e7: does not contain group: group-4B7D70659643
2021-07-27 15:35:12,735 [Command processor thread] ERROR commandhandler.ClosePipelineCommandHandler (ClosePipelineCommandHandler.java:handle(78)) - Can't close pipeline PipelineID=f9b611fe-6543-4336-b8f8-4b7d70659643
java.io.IOException: 938cb054-8d0b-4cc2-9b0b-5cc4c6b5d6e7: Group group-4B7D70659643 not found.
	at org.apache.hadoop.ozone.container.common.transport.server.ratis.XceiverServerRatis.removeGroup(XceiverServerRatis.java:777)
	at org.apache.hadoop.ozone.container.common.statemachine.commandhandler.ClosePipelineCommandHandler.handle(ClosePipelineCommandHandler.java:74)
	at org.apache.hadoop.ozone.container.common.statemachine.commandhandler.CommandDispatcher.handle(CommandDispatcher.java:99)
	at org.apache.hadoop.ozone.container.common.statemachine.DatanodeStateMachine.lambda$initCommandHandlerThread$2(DatanodeStateMachine.java:551)
	at java.lang.Thread.run(Thread.java:748)
Caused by: org.apache.ratis.protocol.exceptions.GroupMismatchException: 938cb054-8d0b-4cc2-9b0b-5cc4c6b5d6e7: Group group-4B7D70659643 not found.
	at org.apache.ratis.server.impl.RaftServerProxy.groupRemoveAsync(RaftServerProxy.java:504)
	at org.apache.ratis.server.impl.RaftServerProxy.groupManagementAsync(RaftServerProxy.java:460)
	at org.apache.ratis.server.impl.RaftServerProxy.groupManagement(RaftServerProxy.java:440)
	at org.apache.hadoop.ozone.container.common.transport.server.ratis.XceiverServerRatis.removeGroup(XceiverServerRatis.java:775)
	... 4 more
2021-07-27 15:35:12,735 [Command processor thread] WARN  server.RaftServer (RaftServerProxy.java:remove(101)) - 938cb054-8d0b-4cc2-9b0b-5cc4c6b5d6e7: does not contain group: group-4B7D70659643
2021-07-27 15:35:12,735 [Command processor thread] ERROR commandhandler.ClosePipelineCommandHandler (ClosePipelineCommandHandler.java:handle(78)) - Can't close pipeline PipelineID=f9b611fe-6543-4336-b8f8-4b7d70659643
java.io.IOException: 938cb054-8d0b-4cc2-9b0b-5cc4c6b5d6e7: Group group-4B7D70659643 not found.
	at org.apache.hadoop.ozone.container.common.transport.server.ratis.XceiverServerRatis.removeGroup(XceiverServerRatis.java:777)
	at org.apache.hadoop.ozone.container.common.statemachine.commandhandler.ClosePipelineCommandHandler.handle(ClosePipelineCommandHandler.java:74)
	at org.apache.hadoop.ozone.container.common.statemachine.commandhandler.CommandDispatcher.handle(CommandDispatcher.java:99)
	at org.apache.hadoop.ozone.container.common.statemachine.DatanodeStateMachine.lambda$initCommandHandlerThread$2(DatanodeStateMachine.java:551)
	at java.lang.Thread.run(Thread.java:748)
Caused by: org.apache.ratis.protocol.exceptions.GroupMismatchException: 938cb054-8d0b-4cc2-9b0b-5cc4c6b5d6e7: Group group-4B7D70659643 not found.
	at org.apache.ratis.server.impl.RaftServerProxy.groupRemoveAsync(RaftServerProxy.java:504)
	at org.apache.ratis.server.impl.RaftServerProxy.groupManagementAsync(RaftServerProxy.java:460)
	at org.apache.ratis.server.impl.RaftServerProxy.groupManagement(RaftServerProxy.java:440)
	at org.apache.hadoop.ozone.container.common.transport.server.ratis.XceiverServerRatis.removeGroup(XceiverServerRatis.java:775)
	... 4 more
2021-07-27 15:35:12,736 [Command processor thread] WARN  server.RaftServer (RaftServerProxy.java:remove(101)) - 938cb054-8d0b-4cc2-9b0b-5cc4c6b5d6e7: does not contain group: group-4B7D70659643
2021-07-27 15:35:12,738 [Command processor thread] ERROR commandhandler.ClosePipelineCommandHandler (ClosePipelineCommandHandler.java:handle(78)) - Can't close pipeline PipelineID=f9b611fe-6543-4336-b8f8-4b7d70659643
java.io.IOException: 938cb054-8d0b-4cc2-9b0b-5cc4c6b5d6e7: Group group-4B7D70659643 not found.
	at org.apache.hadoop.ozone.container.common.transport.server.ratis.XceiverServerRatis.removeGroup(XceiverServerRatis.java:777)
	at org.apache.hadoop.ozone.container.common.statemachine.commandhandler.ClosePipelineCommandHandler.handle(ClosePipelineCommandHandler.java:74)
	at org.apache.hadoop.ozone.container.common.statemachine.commandhandler.CommandDispatcher.handle(CommandDispatcher.java:99)
	at org.apache.hadoop.ozone.container.common.statemachine.DatanodeStateMachine.lambda$initCommandHandlerThread$2(DatanodeStateMachine.java:551)
	at java.lang.Thread.run(Thread.java:748)
Caused by: org.apache.ratis.protocol.exceptions.GroupMismatchException: 938cb054-8d0b-4cc2-9b0b-5cc4c6b5d6e7: Group group-4B7D70659643 not found.
	at org.apache.ratis.server.impl.RaftServerProxy.groupRemoveAsync(RaftServerProxy.java:504)
	at org.apache.ratis.server.impl.RaftServerProxy.groupManagementAsync(RaftServerProxy.java:460)
	at org.apache.ratis.server.impl.RaftServerProxy.groupManagement(RaftServerProxy.java:440)
	at org.apache.hadoop.ozone.container.common.transport.server.ratis.XceiverServerRatis.removeGroup(XceiverServerRatis.java:775)
	... 4 more
2021-07-27 15:35:12,741 [EventQueue-IncrementalContainerReportForIncrementalContainerReportHandler] INFO  container.IncrementalContainerReportHandler (AbstractContainerReportHandler.java:updateContainerState(216)) - Moving container #13 to QUASI_CLOSED state, datanode e12f8595-05e5-464c-bfb9-afa629e2a4c5{ip: 10.1.0.63, host: fv-az184-788.3ow45vhwbzuu5incsxmygykede.cx.internal.cloudapp.net, ports: [REPLICATION=43097, RATIS=36961, RATIS_ADMIN=36961, RATIS_SERVER=36961, STANDALONE=46151], networkLocation: /default-rack, certSerialId: null, persistedOpState: IN_SERVICE, persistedOpStateExpiryEpochSec: 0} reported QUASI_CLOSED replica.
2021-07-27 15:35:13,320 [Command processor thread] INFO  server.RaftServer (RaftServerProxy.java:remove(106)) - 019b1b79-4eb1-4856-a72b-312c00737279: remove    LEADER 019b1b79-4eb1-4856-a72b-312c00737279@group-4B7D70659643:t3, leader=019b1b79-4eb1-4856-a72b-312c00737279, voted=019b1b79-4eb1-4856-a72b-312c00737279, raftlog=019b1b79-4eb1-4856-a72b-312c00737279@group-4B7D70659643-SegmentedRaftLog:OPENED:c129,f129,i133, conf=0: [019b1b79-4eb1-4856-a72b-312c00737279|rpc:10.1.0.63:38653|dataStream:|priority:1, 938cb054-8d0b-4cc2-9b0b-5cc4c6b5d6e7|rpc:10.1.0.63:39293|dataStream:|priority:0, e12f8595-05e5-464c-bfb9-afa629e2a4c5|rpc:10.1.0.63:36961|dataStream:|priority:0], old=null RUNNING
2021-07-27 15:35:13,320 [Command processor thread] INFO  server.RaftServer$Division (RaftServerImpl.java:lambda$close$4(407)) - 019b1b79-4eb1-4856-a72b-312c00737279@group-4B7D70659643: shutdown
2021-07-27 15:35:13,320 [Command processor thread] INFO  util.JmxRegister (JmxRegister.java:unregister(73)) - Successfully un-registered JMX Bean with object name Ratis:service=RaftServer,group=group-4B7D70659643,id=019b1b79-4eb1-4856-a72b-312c00737279
2021-07-27 15:35:13,321 [Command processor thread] INFO  impl.RoleInfo (RoleInfo.java:shutdownLeaderState(91)) - 019b1b79-4eb1-4856-a72b-312c00737279: shutdown 019b1b79-4eb1-4856-a72b-312c00737279@group-4B7D70659643-LeaderStateImpl
2021-07-27 15:35:13,321 [Command processor thread] INFO  impl.PendingRequests (PendingRequests.java:sendNotLeaderResponses(249)) - 019b1b79-4eb1-4856-a72b-312c00737279@group-4B7D70659643-PendingRequests: sendNotLeaderResponses
2021-07-27 15:35:13,322 [019b1b79-4eb1-4856-a72b-312c00737279@group-4B7D70659643->e12f8595-05e5-464c-bfb9-afa629e2a4c5-GrpcLogAppender-LogAppenderDaemon] WARN  server.GrpcLogAppender (GrpcLogAppender.java:mayWait(175)) - 019b1b79-4eb1-4856-a72b-312c00737279@group-4B7D70659643->e12f8595-05e5-464c-bfb9-afa629e2a4c5-GrpcLogAppender: Wait interrupted by java.lang.InterruptedException
2021-07-27 15:35:13,322 [grpc-default-executor-4] INFO  server.GrpcServerProtocolService (GrpcServerProtocolService.java:onCompleted(140)) - e12f8595-05e5-464c-bfb9-afa629e2a4c5: Completed APPEND_ENTRIES, lastRequest: 019b1b79-4eb1-4856-a72b-312c00737279->e12f8595-05e5-464c-bfb9-afa629e2a4c5#2560-t3,previous=(t:3, i:132),leaderCommit=129,initializing? true,entries: size=1, first=(t:3, i:133), STATEMACHINELOGENTRY, 163@client-A0E124567356
2021-07-27 15:35:13,323 [grpc-default-executor-0] INFO  server.GrpcLogAppender (GrpcLogAppender.java:onCompleted(344)) - 019b1b79-4eb1-4856-a72b-312c00737279@group-4B7D70659643->e12f8595-05e5-464c-bfb9-afa629e2a4c5-AppendLogResponseHandler: follower responses appendEntries COMPLETED
2021-07-27 15:35:13,323 [grpc-default-executor-0] INFO  leader.FollowerInfo (FollowerInfoImpl.java:lambda$new$0(46)) - 019b1b79-4eb1-4856-a72b-312c00737279@group-4B7D70659643->e12f8595-05e5-464c-bfb9-afa629e2a4c5: nextIndex: updateUnconditionally 134 -> 130
2021-07-27 15:35:13,324 [019b1b79-4eb1-4856-a72b-312c00737279@group-4B7D70659643->938cb054-8d0b-4cc2-9b0b-5cc4c6b5d6e7-GrpcLogAppender-LogAppenderDaemon] WARN  server.GrpcLogAppender (GrpcLogAppender.java:mayWait(175)) - 019b1b79-4eb1-4856-a72b-312c00737279@group-4B7D70659643->938cb054-8d0b-4cc2-9b0b-5cc4c6b5d6e7-GrpcLogAppender: Wait interrupted by java.lang.InterruptedException
2021-07-27 15:35:13,324 [grpc-default-executor-4] INFO  server.GrpcServerProtocolService (GrpcServerProtocolService.java:onCompleted(140)) - 938cb054-8d0b-4cc2-9b0b-5cc4c6b5d6e7: Completed APPEND_ENTRIES, lastRequest: 019b1b79-4eb1-4856-a72b-312c00737279->938cb054-8d0b-4cc2-9b0b-5cc4c6b5d6e7#2562-t3,previous=(t:3, i:132),leaderCommit=129,initializing? true,entries: size=1, first=(t:3, i:133), STATEMACHINELOGENTRY, 163@client-A0E124567356
2021-07-27 15:35:13,325 [grpc-default-executor-0] INFO  server.GrpcLogAppender (GrpcLogAppender.java:onCompleted(344)) - 019b1b79-4eb1-4856-a72b-312c00737279@group-4B7D70659643->938cb054-8d0b-4cc2-9b0b-5cc4c6b5d6e7-AppendLogResponseHandler: follower responses appendEntries COMPLETED
2021-07-27 15:35:13,325 [grpc-default-executor-0] INFO  leader.FollowerInfo (FollowerInfoImpl.java:lambda$new$0(46)) - 019b1b79-4eb1-4856-a72b-312c00737279@group-4B7D70659643->938cb054-8d0b-4cc2-9b0b-5cc4c6b5d6e7: nextIndex: updateUnconditionally 134 -> 130
2021-07-27 15:35:13,331 [Command processor thread] INFO  impl.StateMachineUpdater (StateMachineUpdater.java:stopAndJoin(149)) - 019b1b79-4eb1-4856-a72b-312c00737279@group-4B7D70659643-StateMachineUpdater: set stopIndex = 129
2021-07-27 15:35:13,332 [019b1b79-4eb1-4856-a72b-312c00737279@group-4B7D70659643-StateMachineUpdater] ERROR ratis.ContainerStateMachine (ContainerStateMachine.java:takeSnapshot(285)) - Failed to take snapshot  for group-4B7D70659643 as the stateMachine is unhealthy. The last applied index is at (t:3, i:129)
2021-07-27 15:35:13,332 [019b1b79-4eb1-4856-a72b-312c00737279@group-4B7D70659643-StateMachineUpdater] ERROR impl.StateMachineUpdater (StateMachineUpdater.java:takeSnapshot(276)) - 019b1b79-4eb1-4856-a72b-312c00737279@group-4B7D70659643-StateMachineUpdater: Failed to take snapshot
org.apache.ratis.protocol.exceptions.StateMachineException: Failed to take snapshot  for group-4B7D70659643 as the stateMachine is unhealthy. The last applied index is at (t:3, i:129)
	at org.apache.hadoop.ozone.container.common.transport.server.ratis.ContainerStateMachine.takeSnapshot(ContainerStateMachine.java:284)
	at org.apache.ratis.server.impl.StateMachineUpdater.takeSnapshot(StateMachineUpdater.java:265)
	at org.apache.ratis.server.impl.StateMachineUpdater.checkAndTakeSnapshot(StateMachineUpdater.java:257)
	at org.apache.ratis.server.impl.StateMachineUpdater.run(StateMachineUpdater.java:180)
	at java.lang.Thread.run(Thread.java:748)
2021-07-27 15:35:13,333 [019b1b79-4eb1-4856-a72b-312c00737279@group-4B7D70659643-StateMachineUpdater] ERROR ratis.ContainerStateMachine (ContainerStateMachine.java:takeSnapshot(285)) - Failed to take snapshot  for group-4B7D70659643 as the stateMachine is unhealthy. The last applied index is at (t:3, i:129)
2021-07-27 15:35:13,333 [019b1b79-4eb1-4856-a72b-312c00737279@group-4B7D70659643-StateMachineUpdater] ERROR impl.StateMachineUpdater (StateMachineUpdater.java:takeSnapshot(276)) - 019b1b79-4eb1-4856-a72b-312c00737279@group-4B7D70659643-StateMachineUpdater: Failed to take snapshot
org.apache.ratis.protocol.exceptions.StateMachineException: Failed to take snapshot  for group-4B7D70659643 as the stateMachine is unhealthy. The last applied index is at (t:3, i:129)
	at org.apache.hadoop.ozone.container.common.transport.server.ratis.ContainerStateMachine.takeSnapshot(ContainerStateMachine.java:284)
	at org.apache.ratis.server.impl.StateMachineUpdater.takeSnapshot(StateMachineUpdater.java:265)
	at org.apache.ratis.server.impl.StateMachineUpdater.checkAndTakeSnapshot(StateMachineUpdater.java:257)
	at org.apache.ratis.server.impl.StateMachineUpdater.run(StateMachineUpdater.java:183)
	at java.lang.Thread.run(Thread.java:748)
2021-07-27 15:35:13,337 [Command processor thread] INFO  server.RaftServer$Division (ServerState.java:close(419)) - 019b1b79-4eb1-4856-a72b-312c00737279@group-4B7D70659643: closes. applyIndex: 129
2021-07-27 15:35:13,337 [019b1b79-4eb1-4856-a72b-312c00737279@group-4B7D70659643-SegmentedRaftLogWorker] INFO  segmented.SegmentedRaftLogWorker (SegmentedRaftLogWorker.java:run(327)) - 019b1b79-4eb1-4856-a72b-312c00737279@group-4B7D70659643-SegmentedRaftLogWorker was interrupted, exiting. There are 0 tasks remaining in the queue.
2021-07-27 15:35:13,337 [Command processor thread] INFO  segmented.SegmentedRaftLogWorker (SegmentedRaftLogWorker.java:close(237)) - 019b1b79-4eb1-4856-a72b-312c00737279@group-4B7D70659643-SegmentedRaftLogWorker close()
2021-07-27 15:35:13,340 [Datanode State Machine Thread - 0] WARN  statemachine.StateContext (StateContext.java:execute(621)) - No available thread in pool for past 1 seconds.
2021-07-27 15:35:13,341 [Command processor thread] INFO  keyvalue.KeyValueContainer (KeyValueContainer.java:flushAndSyncDB(397)) - Container 10 is synced with bcsId 97.
2021-07-27 15:35:13,341 [Command processor thread] INFO  keyvalue.KeyValueContainer (KeyValueContainer.java:flushAndSyncDB(397)) - Container 10 is synced with bcsId 97.
2021-07-27 15:35:13,343 [Datanode State Machine Thread - 0] WARN  statemachine.StateContext (StateContext.java:execute(621)) - No available thread in pool for past 1 seconds.
2021-07-27 15:35:13,345 [Command processor thread] INFO  keyvalue.KeyValueContainer (KeyValueContainer.java:flushAndSyncDB(397)) - Container 13 is synced with bcsId 110.
2021-07-27 15:35:13,345 [Command processor thread] INFO  keyvalue.KeyValueContainer (KeyValueContainer.java:flushAndSyncDB(397)) - Container 13 is synced with bcsId 110.
2021-07-27 15:35:13,348 [Command processor thread] INFO  server.RaftServer$Division (RaftServerImpl.java:groupRemove(377)) - 019b1b79-4eb1-4856-a72b-312c00737279@group-4B7D70659643: Succeed to remove RaftStorageDirectory Storage Directory /home/runner/work/ozone/ozone/mnt/ozone/hadoop-ozone/integration-test/target/test-dir/MiniOzoneClusterImpl-c6f84d42-5853-4333-b7a0-bd2f0065fc62/datanode-4/data/ratis/f9b611fe-6543-4336-b8f8-4b7d70659643
2021-07-27 15:35:13,348 [Command processor thread] INFO  commandhandler.ClosePipelineCommandHandler (ClosePipelineCommandHandler.java:handle(75)) - Close Pipeline PipelineID=f9b611fe-6543-4336-b8f8-4b7d70659643 command on datanode 019b1b79-4eb1-4856-a72b-312c00737279.
2021-07-27 15:35:13,348 [Command processor thread] WARN  server.RaftServer (RaftServerProxy.java:remove(101)) - 019b1b79-4eb1-4856-a72b-312c00737279: does not contain group: group-4B7D70659643
2021-07-27 15:35:13,348 [Command processor thread] ERROR commandhandler.ClosePipelineCommandHandler (ClosePipelineCommandHandler.java:handle(78)) - Can't close pipeline PipelineID=f9b611fe-6543-4336-b8f8-4b7d70659643
java.io.IOException: 019b1b79-4eb1-4856-a72b-312c00737279: Group group-4B7D70659643 not found.
	at org.apache.hadoop.ozone.container.common.transport.server.ratis.XceiverServerRatis.removeGroup(XceiverServerRatis.java:777)
	at org.apache.hadoop.ozone.container.common.statemachine.commandhandler.ClosePipelineCommandHandler.handle(ClosePipelineCommandHandler.java:74)
	at org.apache.hadoop.ozone.container.common.statemachine.commandhandler.CommandDispatcher.handle(CommandDispatcher.java:99)
	at org.apache.hadoop.ozone.container.common.statemachine.DatanodeStateMachine.lambda$initCommandHandlerThread$2(DatanodeStateMachine.java:551)
	at java.lang.Thread.run(Thread.java:748)
Caused by: org.apache.ratis.protocol.exceptions.GroupMismatchException: 019b1b79-4eb1-4856-a72b-312c00737279: Group group-4B7D70659643 not found.
	at org.apache.ratis.server.impl.RaftServerProxy.groupRemoveAsync(RaftServerProxy.java:504)
	at org.apache.ratis.server.impl.RaftServerProxy.groupManagementAsync(RaftServerProxy.java:460)
	at org.apache.ratis.server.impl.RaftServerProxy.groupManagement(RaftServerProxy.java:440)
	at org.apache.hadoop.ozone.container.common.transport.server.ratis.XceiverServerRatis.removeGroup(XceiverServerRatis.java:775)
	... 4 more
2021-07-27 15:35:17,270 [Time-limited test] WARN  io.KeyOutputStream (KeyOutputStream.java:handleException(318)) - Encountered exception java.io.IOException: Unexpected Storage Container Exception: java.util.concurrent.CompletionException: Failed to write chunk 107544261427200022_chunk_1 into block conID: 18 locID: 107544261427200022 bcsId: 0 on the pipeline Pipeline[ Id: f9b611fe-6543-4336-b8f8-4b7d70659643, Nodes: 019b1b79-4eb1-4856-a72b-312c00737279{ip: 10.1.0.63, host: fv-az184-788.3ow45vhwbzuu5incsxmygykede.cx.internal.cloudapp.net, ports: [REPLICATION=45817, RATIS=38653, RATIS_ADMIN=38653, RATIS_SERVER=38653, STANDALONE=44541], networkLocation: /default-rack, certSerialId: null, persistedOpState: IN_SERVICE, persistedOpStateExpiryEpochSec: 0}938cb054-8d0b-4cc2-9b0b-5cc4c6b5d6e7{ip: 10.1.0.63, host: fv-az184-788.3ow45vhwbzuu5incsxmygykede.cx.internal.cloudapp.net, ports: [REPLICATION=36383, RATIS=39293, RATIS_ADMIN=39293, RATIS_SERVER=39293, STANDALONE=41985], networkLocation: /default-rack, certSerialId: null, persistedOpState: IN_SERVICE, persistedOpStateExpiryEpochSec: 0}e12f8595-05e5-464c-bfb9-afa629e2a4c5{ip: 10.1.0.63, host: fv-az184-788.3ow45vhwbzuu5incsxmygykede.cx.internal.cloudapp.net, ports: [REPLICATION=43097, RATIS=36961, RATIS_ADMIN=36961, RATIS_SERVER=36961, STANDALONE=46151], networkLocation: /default-rack, certSerialId: null, persistedOpState: IN_SERVICE, persistedOpStateExpiryEpochSec: 0}, ReplicationConfig: RATIS/THREE, State:OPEN, leaderId:019b1b79-4eb1-4856-a72b-312c00737279, CreationTimestamp2021-07-27T15:34:22.605Z[Etc/UTC]]. The last committed block length is 0, uncommitted data length is 2097152 retry count 1
2021-07-27 15:35:17,272 [IPC Server handler 9 on default port 38947] INFO  pipeline.RatisPipelineProvider (RatisPipelineProvider.java:lambda$create$0(183)) - Sending CreatePipelineCommand for pipeline:PipelineID=ded41929-1a6a-4db1-8452-19cdbb44ae46 to datanode:019b1b79-4eb1-4856-a72b-312c00737279
2021-07-27 15:35:17,272 [IPC Server handler 9 on default port 38947] INFO  pipeline.RatisPipelineProvider (RatisPipelineProvider.java:lambda$create$0(183)) - Sending CreatePipelineCommand for pipeline:PipelineID=ded41929-1a6a-4db1-8452-19cdbb44ae46 to datanode:06176d23-931f-4bc0-889d-083490fc12b7
2021-07-27 15:35:17,272 [IPC Server handler 9 on default port 38947] INFO  pipeline.RatisPipelineProvider (RatisPipelineProvider.java:lambda$create$0(183)) - Sending CreatePipelineCommand for pipeline:PipelineID=ded41929-1a6a-4db1-8452-19cdbb44ae46 to datanode:81779055-ba29-4e92-9662-ae2ec67a510c
2021-07-27 15:35:17,272 [IPC Server handler 9 on default port 38947] INFO  pipeline.PipelineStateManager (PipelineStateManagerV2Impl.java:addPipeline(101)) - Created pipeline Pipeline[ Id: ded41929-1a6a-4db1-8452-19cdbb44ae46, Nodes: 019b1b79-4eb1-4856-a72b-312c00737279{ip: 10.1.0.63, host: fv-az184-788.3ow45vhwbzuu5incsxmygykede.cx.internal.cloudapp.net, ports: [REPLICATION=45817, RATIS=38653, RATIS_ADMIN=38653, RATIS_SERVER=38653, STANDALONE=44541], networkLocation: /default-rack, certSerialId: null, persistedOpState: IN_SERVICE, persistedOpStateExpiryEpochSec: 0}06176d23-931f-4bc0-889d-083490fc12b7{ip: 10.1.0.63, host: fv-az184-788.3ow45vhwbzuu5incsxmygykede.cx.internal.cloudapp.net, ports: [REPLICATION=34999, RATIS=42561, RATIS_ADMIN=42561, RATIS_SERVER=42561, STANDALONE=44409], networkLocation: /default-rack, certSerialId: null, persistedOpState: IN_SERVICE, persistedOpStateExpiryEpochSec: 0}81779055-ba29-4e92-9662-ae2ec67a510c{ip: 10.1.0.63, host: fv-az184-788.3ow45vhwbzuu5incsxmygykede.cx.internal.cloudapp.net, ports: [REPLICATION=41741, RATIS=34923, RATIS_ADMIN=34923, RATIS_SERVER=34923, STANDALONE=42043], networkLocation: /default-rack, certSerialId: null, persistedOpState: IN_SERVICE, persistedOpStateExpiryEpochSec: 0}, ReplicationConfig: RATIS/THREE, State:ALLOCATED, leaderId:, CreationTimestamp2021-07-27T15:35:17.272Z[Etc/UTC]].
2021-07-27 15:35:18,949 [Command processor thread] INFO  server.RaftServer (RaftServerProxy.java:addNew(95)) - 81779055-ba29-4e92-9662-ae2ec67a510c: addNew group-19CDBB44AE46:[019b1b79-4eb1-4856-a72b-312c00737279|rpc:10.1.0.63:38653|priority:0, 06176d23-931f-4bc0-889d-083490fc12b7|rpc:10.1.0.63:42561|priority:0, 81779055-ba29-4e92-9662-ae2ec67a510c|rpc:10.1.0.63:34923|priority:1] returns group-19CDBB44AE46:java.util.concurrent.CompletableFuture@3694a97f[Not completed]
2021-07-27 15:35:18,950 [pool-72-thread-1] INFO  server.RaftServer$Division (RaftServerImpl.java:<init>(181)) - 81779055-ba29-4e92-9662-ae2ec67a510c: new RaftServerImpl for group-19CDBB44AE46:[019b1b79-4eb1-4856-a72b-312c00737279|rpc:10.1.0.63:38653|priority:0, 06176d23-931f-4bc0-889d-083490fc12b7|rpc:10.1.0.63:42561|priority:0, 81779055-ba29-4e92-9662-ae2ec67a510c|rpc:10.1.0.63:34923|priority:1] with ContainerStateMachine:uninitialized
2021-07-27 15:35:18,950 [pool-72-thread-1] INFO  server.RaftServerConfigKeys (ConfUtils.java:logGet(44)) - raft.server.rpc.timeout.min = 5s (custom)
2021-07-27 15:35:18,951 [pool-72-thread-1] INFO  server.RaftServerConfigKeys (ConfUtils.java:logGet(44)) - raft.server.rpc.timeout.max = 5200ms (custom)
2021-07-27 15:35:18,951 [pool-72-thread-1] INFO  server.RaftServerConfigKeys (ConfUtils.java:logGet(44)) - raft.server.rpc.sleep.time = 25ms (default)
2021-07-27 15:35:18,951 [pool-72-thread-1] INFO  server.RaftServerConfigKeys (ConfUtils.java:logGet(44)) - raft.server.rpc.slowness.timeout = 300s (custom)
2021-07-27 15:35:18,951 [pool-72-thread-1] INFO  server.RaftServerConfigKeys (ConfUtils.java:logGet(44)) - raft.server.leaderelection.leader.step-down.wait-time = 10s (default)
2021-07-27 15:35:18,951 [pool-72-thread-1] INFO  server.RaftServerConfigKeys (ConfUtils.java:logGet(44)) - raft.server.sleep.deviation.threshold = 300ms (default)
2021-07-27 15:35:18,951 [pool-72-thread-1] INFO  server.RaftServerConfigKeys (ConfUtils.java:logGet(44)) - raft.server.log.appender.install.snapshot.enabled = false (custom)
2021-07-27 15:35:18,951 [pool-72-thread-1] INFO  server.RaftServer$Division (ServerState.java:<init>(105)) - 81779055-ba29-4e92-9662-ae2ec67a510c@group-19CDBB44AE46: ConfigurationManager, init=-1: [019b1b79-4eb1-4856-a72b-312c00737279|rpc:10.1.0.63:38653|priority:0, 06176d23-931f-4bc0-889d-083490fc12b7|rpc:10.1.0.63:42561|priority:0, 81779055-ba29-4e92-9662-ae2ec67a510c|rpc:10.1.0.63:34923|priority:1], old=null, confs=<EMPTY_MAP>
2021-07-27 15:35:18,951 [pool-72-thread-1] INFO  server.RaftServerConfigKeys (ConfUtils.java:logGet(44)) - raft.server.storage.dir = [/home/runner/work/ozone/ozone/mnt/ozone/hadoop-ozone/integration-test/target/test-dir/MiniOzoneClusterImpl-c6f84d42-5853-4333-b7a0-bd2f0065fc62/datanode-1/data/ratis] (custom)
2021-07-27 15:35:18,951 [pool-72-thread-1] INFO  server.RaftServerConfigKeys (ConfUtils.java:logGet(44)) - raft.server.log.corruption.policy = EXCEPTION (default)
2021-07-27 15:35:18,951 [pool-72-thread-1] INFO  server.RaftServerConfigKeys (ConfUtils.java:logGet(44)) - raft.server.storage.free-space.min = 0MB (=0) (default)
2021-07-27 15:35:18,951 [pool-72-thread-1] INFO  storage.RaftStorageDirectory (RaftStorageDirectoryImpl.java:analyzeStorage(135)) - The storage directory /home/runner/work/ozone/ozone/mnt/ozone/hadoop-ozone/integration-test/target/test-dir/MiniOzoneClusterImpl-c6f84d42-5853-4333-b7a0-bd2f0065fc62/datanode-1/data/ratis/ded41929-1a6a-4db1-8452-19cdbb44ae46 does not exist. Creating ...
2021-07-27 15:35:18,954 [pool-72-thread-1] INFO  storage.RaftStorageDirectory (RaftStorageDirectoryImpl.java:tryLock(230)) - Lock on /home/runner/work/ozone/ozone/mnt/ozone/hadoop-ozone/integration-test/target/test-dir/MiniOzoneClusterImpl-c6f84d42-5853-4333-b7a0-bd2f0065fc62/datanode-1/data/ratis/ded41929-1a6a-4db1-8452-19cdbb44ae46/in_use.lock acquired by nodename 2732@fv-az184-788
2021-07-27 15:35:18,956 [pool-72-thread-1] INFO  storage.RaftStorage (RaftStorageImpl.java:format(89)) - Storage directory /home/runner/work/ozone/ozone/mnt/ozone/hadoop-ozone/integration-test/target/test-dir/MiniOzoneClusterImpl-c6f84d42-5853-4333-b7a0-bd2f0065fc62/datanode-1/data/ratis/ded41929-1a6a-4db1-8452-19cdbb44ae46 has been successfully formatted.
2021-07-27 15:35:18,956 [pool-72-thread-1] INFO  ratis.ContainerStateMachine (ContainerStateMachine.java:loadSnapshot(223)) - group-19CDBB44AE46: The snapshot info is null. Setting the last applied indexto:(t:0, i:~)
2021-07-27 15:35:18,956 [Datanode State Machine Thread - 0] WARN  statemachine.StateContext (StateContext.java:execute(621)) - No available thread in pool for past 1 seconds.
2021-07-27 15:35:18,956 [pool-72-thread-1] INFO  server.RaftServerConfigKeys (ConfUtils.java:logGet(44)) - raft.server.notification.no-leader.timeout = 300s (custom)
2021-07-27 15:35:18,956 [pool-72-thread-1] INFO  server.RaftServerConfigKeys (ConfUtils.java:logGet(44)) - raft.server.log.use.memory = false (default)
2021-07-27 15:35:18,956 [pool-72-thread-1] INFO  server.RaftServerConfigKeys (ConfUtils.java:logGet(44)) - raft.server.log.purge.gap = 1000000 (custom)
2021-07-27 15:35:18,957 [pool-72-thread-1] INFO  server.RaftServerConfigKeys (ConfUtils.java:logGet(44)) - raft.server.log.appender.buffer.byte-limit = 33554432 (custom)
2021-07-27 15:35:18,957 [pool-72-thread-1] INFO  server.RaftServerConfigKeys (ConfUtils.java:logGet(44)) - raft.server.log.segment.size.max = 1048576 (custom)
2021-07-27 15:35:18,957 [pool-72-thread-1] INFO  server.RaftServerConfigKeys (ConfUtils.java:logGet(44)) - raft.server.log.segment.cache.num.max = 2 (custom)
2021-07-27 15:35:18,957 [pool-72-thread-1] INFO  server.RaftServerConfigKeys (ConfUtils.java:logGet(44)) - raft.server.log.segment.cache.size.max = 200MB (=209715200) (default)
2021-07-27 15:35:18,957 [pool-72-thread-1] INFO  segmented.SegmentedRaftLogWorker (SegmentedRaftLogWorker.java:<init>(182)) - new 81779055-ba29-4e92-9662-ae2ec67a510c@group-19CDBB44AE46-SegmentedRaftLogWorker for RaftStorageImpl:Storage Directory /home/runner/work/ozone/ozone/mnt/ozone/hadoop-ozone/integration-test/target/test-dir/MiniOzoneClusterImpl-c6f84d42-5853-4333-b7a0-bd2f0065fc62/datanode-1/data/ratis/ded41929-1a6a-4db1-8452-19cdbb44ae46
2021-07-27 15:35:18,957 [pool-72-thread-1] INFO  server.RaftServerConfigKeys (ConfUtils.java:logGet(44)) - raft.server.log.queue.byte-limit = 2147483647 (custom)
2021-07-27 15:35:18,957 [pool-72-thread-1] INFO  server.RaftServerConfigKeys (ConfUtils.java:logGet(44)) - raft.server.log.queue.element-limit = 1024 (custom)
2021-07-27 15:35:18,957 [pool-72-thread-1] INFO  server.RaftServerConfigKeys (ConfUtils.java:logGet(44)) - raft.server.log.segment.size.max = 1048576 (custom)
2021-07-27 15:35:18,957 [pool-72-thread-1] INFO  server.RaftServerConfigKeys (ConfUtils.java:logGet(44)) - raft.server.log.preallocated.size = 16384 (custom)
2021-07-27 15:35:18,957 [pool-72-thread-1] INFO  server.RaftServerConfigKeys (ConfUtils.java:logGet(44)) - raft.server.log.force.sync.num = 128 (default)
2021-07-27 15:35:18,957 [pool-72-thread-1] INFO  server.RaftServerConfigKeys (ConfUtils.java:logGet(44)) - raft.server.log.statemachine.data.sync = true (default)
2021-07-27 15:35:18,957 [pool-72-thread-1] INFO  server.RaftServerConfigKeys (ConfUtils.java:logGet(44)) - raft.server.log.statemachine.data.sync.timeout = 10s (default)
2021-07-27 15:35:18,957 [pool-72-thread-1] INFO  server.RaftServerConfigKeys (ConfUtils.java:logGet(44)) - raft.server.log.statemachine.data.sync.timeout.retry = -1 (default)
2021-07-27 15:35:18,958 [pool-72-thread-1] INFO  server.RaftServerConfigKeys (ConfUtils.java:logGet(44)) - raft.server.log.write.buffer.size = 1048576 (custom)
2021-07-27 15:35:18,958 [pool-72-thread-1] INFO  server.RaftServerConfigKeys (ConfUtils.java:logGet(44)) - raft.server.log.statemachine.data.caching.enabled = true (custom)
2021-07-27 15:35:18,958 [pool-72-thread-1] INFO  segmented.SegmentedRaftLogWorker (SegmentedRaftLogWorker.java:lambda$new$0(133)) - 81779055-ba29-4e92-9662-ae2ec67a510c@group-19CDBB44AE46-SegmentedRaftLogWorker: flushIndex: setUnconditionally 0 -> -1
2021-07-27 15:35:18,958 [pool-72-thread-1] INFO  segmented.SegmentedRaftLogWorker (SegmentedRaftLogWorker.java:lambda$new$0(133)) - 81779055-ba29-4e92-9662-ae2ec67a510c@group-19CDBB44AE46-SegmentedRaftLogWorker: safeCacheEvictIndex: setUnconditionally 0 -> -1
2021-07-27 15:35:18,959 [pool-72-thread-1] INFO  server.RaftServerConfigKeys (ConfUtils.java:logGet(44)) - raft.server.snapshot.auto.trigger.enabled = true (custom)
2021-07-27 15:35:18,959 [pool-72-thread-1] INFO  server.RaftServerConfigKeys (ConfUtils.java:logGet(44)) - raft.server.snapshot.auto.trigger.threshold = 10000 (custom)
2021-07-27 15:35:18,959 [pool-72-thread-1] INFO  server.RaftServerConfigKeys (ConfUtils.java:logGet(44)) - raft.server.snapshot.retention.file.num = 5 (custom)
2021-07-27 15:35:18,959 [pool-72-thread-1] INFO  server.RaftServerConfigKeys (ConfUtils.java:logGet(44)) - raft.server.log.purge.upto.snapshot.index = false (default)
2021-07-27 15:35:18,959 [pool-72-thread-1] INFO  server.RaftServerConfigKeys (ConfUtils.java:logGet(44)) - raft.server.retrycache.expirytime = 600000ms (custom)
2021-07-27 15:35:18,959 [pool-72-thread-1] INFO  server.RaftServerConfigKeys (ConfUtils.java:logGet(44)) - raft.server.retrycache.statistics.expirytime = 100μs (default)
2021-07-27 15:35:18,960 [pool-72-thread-1] INFO  server.RaftServer$Division (RaftServerImpl.java:start(296)) - 81779055-ba29-4e92-9662-ae2ec67a510c@group-19CDBB44AE46: start as a follower, conf=-1: [019b1b79-4eb1-4856-a72b-312c00737279|rpc:10.1.0.63:38653|priority:0, 06176d23-931f-4bc0-889d-083490fc12b7|rpc:10.1.0.63:42561|priority:0, 81779055-ba29-4e92-9662-ae2ec67a510c|rpc:10.1.0.63:34923|priority:1], old=null
2021-07-27 15:35:18,960 [pool-72-thread-1] INFO  server.RaftServer$Division (RaftServerImpl.java:setRole(285)) - 81779055-ba29-4e92-9662-ae2ec67a510c@group-19CDBB44AE46: changes role from      null to FOLLOWER at term 0 for startAsFollower
2021-07-27 15:35:18,960 [pool-72-thread-1] INFO  impl.RoleInfo (RoleInfo.java:updateAndGet(130)) - 81779055-ba29-4e92-9662-ae2ec67a510c: start 81779055-ba29-4e92-9662-ae2ec67a510c@group-19CDBB44AE46-FollowerState
2021-07-27 15:35:18,960 [pool-72-thread-1] INFO  util.JmxRegister (JmxRegister.java:tryRegister(44)) - Successfully registered JMX Bean with object name Ratis:service=RaftServer,group=group-19CDBB44AE46,id=81779055-ba29-4e92-9662-ae2ec67a510c
2021-07-27 15:35:18,961 [Command processor thread] INFO  ratis.XceiverServerRatis (XceiverServerRatis.java:addGroup(759)) - Created group PipelineID=ded41929-1a6a-4db1-8452-19cdbb44ae46
2021-07-27 15:35:18,967 [grpc-default-executor-1] INFO  server.RaftServer (RaftServerProxy.java:addNew(95)) - 019b1b79-4eb1-4856-a72b-312c00737279: addNew group-19CDBB44AE46:[019b1b79-4eb1-4856-a72b-312c00737279|rpc:10.1.0.63:38653|dataStream:|priority:0, 06176d23-931f-4bc0-889d-083490fc12b7|rpc:10.1.0.63:42561|dataStream:|priority:0, 81779055-ba29-4e92-9662-ae2ec67a510c|rpc:10.1.0.63:34923|dataStream:|priority:1] returns group-19CDBB44AE46:java.util.concurrent.CompletableFuture@727d3d14[Not completed]
2021-07-27 15:35:18,967 [pool-126-thread-1] INFO  server.RaftServer$Division (RaftServerImpl.java:<init>(181)) - 019b1b79-4eb1-4856-a72b-312c00737279: new RaftServerImpl for group-19CDBB44AE46:[019b1b79-4eb1-4856-a72b-312c00737279|rpc:10.1.0.63:38653|dataStream:|priority:0, 06176d23-931f-4bc0-889d-083490fc12b7|rpc:10.1.0.63:42561|dataStream:|priority:0, 81779055-ba29-4e92-9662-ae2ec67a510c|rpc:10.1.0.63:34923|dataStream:|priority:1] with ContainerStateMachine:uninitialized
2021-07-27 15:35:18,967 [pool-126-thread-1] INFO  server.RaftServerConfigKeys (ConfUtils.java:logGet(44)) - raft.server.rpc.timeout.min = 5s (custom)
2021-07-27 15:35:18,968 [pool-126-thread-1] INFO  server.RaftServerConfigKeys (ConfUtils.java:logGet(44)) - raft.server.rpc.timeout.max = 5200ms (custom)
2021-07-27 15:35:18,968 [pool-126-thread-1] INFO  server.RaftServerConfigKeys (ConfUtils.java:logGet(44)) - raft.server.rpc.sleep.time = 25ms (default)
2021-07-27 15:35:18,968 [pool-126-thread-1] INFO  server.RaftServerConfigKeys (ConfUtils.java:logGet(44)) - raft.server.rpc.slowness.timeout = 300s (custom)
2021-07-27 15:35:18,968 [pool-126-thread-1] INFO  server.RaftServerConfigKeys (ConfUtils.java:logGet(44)) - raft.server.leaderelection.leader.step-down.wait-time = 10s (default)
2021-07-27 15:35:18,968 [pool-126-thread-1] INFO  server.RaftServerConfigKeys (ConfUtils.java:logGet(44)) - raft.server.sleep.deviation.threshold = 300ms (default)
2021-07-27 15:35:18,968 [pool-126-thread-1] INFO  server.RaftServerConfigKeys (ConfUtils.java:logGet(44)) - raft.server.log.appender.install.snapshot.enabled = false (custom)
2021-07-27 15:35:18,968 [pool-126-thread-1] INFO  server.RaftServer$Division (ServerState.java:<init>(105)) - 019b1b79-4eb1-4856-a72b-312c00737279@group-19CDBB44AE46: ConfigurationManager, init=-1: [019b1b79-4eb1-4856-a72b-312c00737279|rpc:10.1.0.63:38653|dataStream:|priority:0, 06176d23-931f-4bc0-889d-083490fc12b7|rpc:10.1.0.63:42561|dataStream:|priority:0, 81779055-ba29-4e92-9662-ae2ec67a510c|rpc:10.1.0.63:34923|dataStream:|priority:1], old=null, confs=<EMPTY_MAP>
2021-07-27 15:35:18,968 [pool-126-thread-1] INFO  server.RaftServerConfigKeys (ConfUtils.java:logGet(44)) - raft.server.storage.dir = [/home/runner/work/ozone/ozone/mnt/ozone/hadoop-ozone/integration-test/target/test-dir/MiniOzoneClusterImpl-c6f84d42-5853-4333-b7a0-bd2f0065fc62/datanode-4/data/ratis] (custom)
2021-07-27 15:35:18,968 [pool-126-thread-1] INFO  server.RaftServerConfigKeys (ConfUtils.java:logGet(44)) - raft.server.log.corruption.policy = EXCEPTION (default)
2021-07-27 15:35:18,968 [pool-126-thread-1] INFO  server.RaftServerConfigKeys (ConfUtils.java:logGet(44)) - raft.server.storage.free-space.min = 0MB (=0) (default)
2021-07-27 15:35:18,968 [pool-126-thread-1] INFO  storage.RaftStorageDirectory (RaftStorageDirectoryImpl.java:analyzeStorage(135)) - The storage directory /home/runner/work/ozone/ozone/mnt/ozone/hadoop-ozone/integration-test/target/test-dir/MiniOzoneClusterImpl-c6f84d42-5853-4333-b7a0-bd2f0065fc62/datanode-4/data/ratis/ded41929-1a6a-4db1-8452-19cdbb44ae46 does not exist. Creating ...
2021-07-27 15:35:18,969 [pool-126-thread-1] INFO  storage.RaftStorageDirectory (RaftStorageDirectoryImpl.java:tryLock(230)) - Lock on /home/runner/work/ozone/ozone/mnt/ozone/hadoop-ozone/integration-test/target/test-dir/MiniOzoneClusterImpl-c6f84d42-5853-4333-b7a0-bd2f0065fc62/datanode-4/data/ratis/ded41929-1a6a-4db1-8452-19cdbb44ae46/in_use.lock acquired by nodename 2732@fv-az184-788
2021-07-27 15:35:18,970 [pool-126-thread-1] INFO  storage.RaftStorage (RaftStorageImpl.java:format(89)) - Storage directory /home/runner/work/ozone/ozone/mnt/ozone/hadoop-ozone/integration-test/target/test-dir/MiniOzoneClusterImpl-c6f84d42-5853-4333-b7a0-bd2f0065fc62/datanode-4/data/ratis/ded41929-1a6a-4db1-8452-19cdbb44ae46 has been successfully formatted.
2021-07-27 15:35:18,970 [pool-126-thread-1] INFO  ratis.ContainerStateMachine (ContainerStateMachine.java:loadSnapshot(223)) - group-19CDBB44AE46: The snapshot info is null. Setting the last applied indexto:(t:0, i:~)
2021-07-27 15:35:18,970 [Datanode State Machine Thread - 0] WARN  statemachine.StateContext (StateContext.java:execute(621)) - No available thread in pool for past 1 seconds.
2021-07-27 15:35:18,970 [pool-126-thread-1] INFO  server.RaftServerConfigKeys (ConfUtils.java:logGet(44)) - raft.server.notification.no-leader.timeout = 300s (custom)
2021-07-27 15:35:18,970 [pool-126-thread-1] INFO  server.RaftServerConfigKeys (ConfUtils.java:logGet(44)) - raft.server.log.use.memory = false (default)
2021-07-27 15:35:18,971 [pool-126-thread-1] INFO  server.RaftServerConfigKeys (ConfUtils.java:logGet(44)) - raft.server.log.purge.gap = 1000000 (custom)
2021-07-27 15:35:18,971 [pool-126-thread-1] INFO  server.RaftServerConfigKeys (ConfUtils.java:logGet(44)) - raft.server.log.appender.buffer.byte-limit = 33554432 (custom)
2021-07-27 15:35:18,971 [pool-126-thread-1] INFO  server.RaftServerConfigKeys (ConfUtils.java:logGet(44)) - raft.server.log.segment.size.max = 1048576 (custom)
2021-07-27 15:35:18,972 [pool-126-thread-1] INFO  server.RaftServerConfigKeys (ConfUtils.java:logGet(44)) - raft.server.log.segment.cache.num.max = 2 (custom)
2021-07-27 15:35:18,972 [pool-126-thread-1] INFO  server.RaftServerConfigKeys (ConfUtils.java:logGet(44)) - raft.server.log.segment.cache.size.max = 200MB (=209715200) (default)
2021-07-27 15:35:18,972 [pool-126-thread-1] INFO  segmented.SegmentedRaftLogWorker (SegmentedRaftLogWorker.java:<init>(182)) - new 019b1b79-4eb1-4856-a72b-312c00737279@group-19CDBB44AE46-SegmentedRaftLogWorker for RaftStorageImpl:Storage Directory /home/runner/work/ozone/ozone/mnt/ozone/hadoop-ozone/integration-test/target/test-dir/MiniOzoneClusterImpl-c6f84d42-5853-4333-b7a0-bd2f0065fc62/datanode-4/data/ratis/ded41929-1a6a-4db1-8452-19cdbb44ae46
2021-07-27 15:35:18,972 [pool-126-thread-1] INFO  server.RaftServerConfigKeys (ConfUtils.java:logGet(44)) - raft.server.log.queue.byte-limit = 2147483647 (custom)
2021-07-27 15:35:18,972 [pool-126-thread-1] INFO  server.RaftServerConfigKeys (ConfUtils.java:logGet(44)) - raft.server.log.queue.element-limit = 1024 (custom)
2021-07-27 15:35:18,972 [pool-126-thread-1] INFO  server.RaftServerConfigKeys (ConfUtils.java:logGet(44)) - raft.server.log.segment.size.max = 1048576 (custom)
2021-07-27 15:35:18,972 [pool-126-thread-1] INFO  server.RaftServerConfigKeys (ConfUtils.java:logGet(44)) - raft.server.log.preallocated.size = 16384 (custom)
2021-07-27 15:35:18,972 [pool-126-thread-1] INFO  server.RaftServerConfigKeys (ConfUtils.java:logGet(44)) - raft.server.log.force.sync.num = 128 (default)
2021-07-27 15:35:18,972 [pool-126-thread-1] INFO  server.RaftServerConfigKeys (ConfUtils.java:logGet(44)) - raft.server.log.statemachine.data.sync = true (default)
2021-07-27 15:35:18,972 [pool-126-thread-1] INFO  server.RaftServerConfigKeys (ConfUtils.java:logGet(44)) - raft.server.log.statemachine.data.sync.timeout = 10s (default)
2021-07-27 15:35:18,972 [pool-126-thread-1] INFO  server.RaftServerConfigKeys (ConfUtils.java:logGet(44)) - raft.server.log.statemachine.data.sync.timeout.retry = -1 (default)
2021-07-27 15:35:18,973 [pool-126-thread-1] INFO  server.RaftServerConfigKeys (ConfUtils.java:logGet(44)) - raft.server.log.write.buffer.size = 1048576 (custom)
2021-07-27 15:35:18,973 [pool-126-thread-1] INFO  server.RaftServerConfigKeys (ConfUtils.java:logGet(44)) - raft.server.log.statemachine.data.caching.enabled = true (custom)
2021-07-27 15:35:18,973 [pool-126-thread-1] INFO  segmented.SegmentedRaftLogWorker (SegmentedRaftLogWorker.java:lambda$new$0(133)) - 019b1b79-4eb1-4856-a72b-312c00737279@group-19CDBB44AE46-SegmentedRaftLogWorker: flushIndex: setUnconditionally 0 -> -1
2021-07-27 15:35:18,973 [pool-126-thread-1] INFO  segmented.SegmentedRaftLogWorker (SegmentedRaftLogWorker.java:lambda$new$0(133)) - 019b1b79-4eb1-4856-a72b-312c00737279@group-19CDBB44AE46-SegmentedRaftLogWorker: safeCacheEvictIndex: setUnconditionally 0 -> -1
2021-07-27 15:35:18,976 [pool-126-thread-1] INFO  server.RaftServerConfigKeys (ConfUtils.java:logGet(44)) - raft.server.snapshot.auto.trigger.enabled = true (custom)
2021-07-27 15:35:18,976 [pool-126-thread-1] INFO  server.RaftServerConfigKeys (ConfUtils.java:logGet(44)) - raft.server.snapshot.auto.trigger.threshold = 10000 (custom)
2021-07-27 15:35:18,976 [pool-126-thread-1] INFO  server.RaftServerConfigKeys (ConfUtils.java:logGet(44)) - raft.server.snapshot.retention.file.num = 5 (custom)
2021-07-27 15:35:18,976 [pool-126-thread-1] INFO  server.RaftServerConfigKeys (ConfUtils.java:logGet(44)) - raft.server.log.purge.upto.snapshot.index = false (default)
2021-07-27 15:35:18,977 [pool-126-thread-1] INFO  server.RaftServerConfigKeys (ConfUtils.java:logGet(44)) - raft.server.retrycache.expirytime = 600000ms (custom)
2021-07-27 15:35:18,977 [pool-126-thread-1] INFO  server.RaftServerConfigKeys (ConfUtils.java:logGet(44)) - raft.server.retrycache.statistics.expirytime = 100μs (default)
2021-07-27 15:35:18,977 [pool-126-thread-1] INFO  server.RaftServer$Division (RaftServerImpl.java:start(296)) - 019b1b79-4eb1-4856-a72b-312c00737279@group-19CDBB44AE46: start as a follower, conf=-1: [019b1b79-4eb1-4856-a72b-312c00737279|rpc:10.1.0.63:38653|dataStream:|priority:0, 06176d23-931f-4bc0-889d-083490fc12b7|rpc:10.1.0.63:42561|dataStream:|priority:0, 81779055-ba29-4e92-9662-ae2ec67a510c|rpc:10.1.0.63:34923|dataStream:|priority:1], old=null
2021-07-27 15:35:18,977 [pool-126-thread-1] INFO  server.RaftServer$Division (RaftServerImpl.java:setRole(285)) - 019b1b79-4eb1-4856-a72b-312c00737279@group-19CDBB44AE46: changes role from      null to FOLLOWER at term 0 for startAsFollower
2021-07-27 15:35:18,978 [pool-126-thread-1] INFO  impl.RoleInfo (RoleInfo.java:updateAndGet(130)) - 019b1b79-4eb1-4856-a72b-312c00737279: start 019b1b79-4eb1-4856-a72b-312c00737279@group-19CDBB44AE46-FollowerState
2021-07-27 15:35:18,978 [pool-126-thread-1] INFO  util.JmxRegister (JmxRegister.java:tryRegister(44)) - Successfully registered JMX Bean with object name Ratis:service=RaftServer,group=group-19CDBB44AE46,id=019b1b79-4eb1-4856-a72b-312c00737279
2021-07-27 15:35:18,991 [grpc-default-executor-1] INFO  server.RaftServer (RaftServerProxy.java:addNew(95)) - 06176d23-931f-4bc0-889d-083490fc12b7: addNew group-19CDBB44AE46:[019b1b79-4eb1-4856-a72b-312c00737279|rpc:10.1.0.63:38653|dataStream:|priority:0, 06176d23-931f-4bc0-889d-083490fc12b7|rpc:10.1.0.63:42561|dataStream:|priority:0, 81779055-ba29-4e92-9662-ae2ec67a510c|rpc:10.1.0.63:34923|dataStream:|priority:1] returns group-19CDBB44AE46:java.util.concurrent.CompletableFuture@11f09824[Not completed]
2021-07-27 15:35:18,992 [pool-90-thread-1] INFO  server.RaftServer$Division (RaftServerImpl.java:<init>(181)) - 06176d23-931f-4bc0-889d-083490fc12b7: new RaftServerImpl for group-19CDBB44AE46:[019b1b79-4eb1-4856-a72b-312c00737279|rpc:10.1.0.63:38653|dataStream:|priority:0, 06176d23-931f-4bc0-889d-083490fc12b7|rpc:10.1.0.63:42561|dataStream:|priority:0, 81779055-ba29-4e92-9662-ae2ec67a510c|rpc:10.1.0.63:34923|dataStream:|priority:1] with ContainerStateMachine:uninitialized
2021-07-27 15:35:18,992 [pool-90-thread-1] INFO  server.RaftServerConfigKeys (ConfUtils.java:logGet(44)) - raft.server.rpc.timeout.min = 5s (custom)
2021-07-27 15:35:18,992 [pool-90-thread-1] INFO  server.RaftServerConfigKeys (ConfUtils.java:logGet(44)) - raft.server.rpc.timeout.max = 5200ms (custom)
2021-07-27 15:35:18,992 [pool-90-thread-1] INFO  server.RaftServerConfigKeys (ConfUtils.java:logGet(44)) - raft.server.rpc.sleep.time = 25ms (default)
2021-07-27 15:35:18,992 [pool-90-thread-1] INFO  server.RaftServerConfigKeys (ConfUtils.java:logGet(44)) - raft.server.rpc.slowness.timeout = 300s (custom)
2021-07-27 15:35:18,992 [pool-90-thread-1] INFO  server.RaftServerConfigKeys (ConfUtils.java:logGet(44)) - raft.server.leaderelection.leader.step-down.wait-time = 10s (default)
2021-07-27 15:35:18,992 [pool-90-thread-1] INFO  server.RaftServerConfigKeys (ConfUtils.java:logGet(44)) - raft.server.sleep.deviation.threshold = 300ms (default)
2021-07-27 15:35:18,992 [pool-90-thread-1] INFO  server.RaftServerConfigKeys (ConfUtils.java:logGet(44)) - raft.server.log.appender.install.snapshot.enabled = false (custom)
2021-07-27 15:35:18,992 [pool-90-thread-1] INFO  server.RaftServer$Division (ServerState.java:<init>(105)) - 06176d23-931f-4bc0-889d-083490fc12b7@group-19CDBB44AE46: ConfigurationManager, init=-1: [019b1b79-4eb1-4856-a72b-312c00737279|rpc:10.1.0.63:38653|dataStream:|priority:0, 06176d23-931f-4bc0-889d-083490fc12b7|rpc:10.1.0.63:42561|dataStream:|priority:0, 81779055-ba29-4e92-9662-ae2ec67a510c|rpc:10.1.0.63:34923|dataStream:|priority:1], old=null, confs=<EMPTY_MAP>
2021-07-27 15:35:18,992 [pool-90-thread-1] INFO  server.RaftServerConfigKeys (ConfUtils.java:logGet(44)) - raft.server.storage.dir = [/home/runner/work/ozone/ozone/mnt/ozone/hadoop-ozone/integration-test/target/test-dir/MiniOzoneClusterImpl-c6f84d42-5853-4333-b7a0-bd2f0065fc62/datanode-2/data/ratis] (custom)
2021-07-27 15:35:18,992 [pool-90-thread-1] INFO  server.RaftServerConfigKeys (ConfUtils.java:logGet(44)) - raft.server.log.corruption.policy = EXCEPTION (default)
2021-07-27 15:35:18,992 [pool-90-thread-1] INFO  server.RaftServerConfigKeys (ConfUtils.java:logGet(44)) - raft.server.storage.free-space.min = 0MB (=0) (default)
2021-07-27 15:35:18,992 [pool-90-thread-1] INFO  storage.RaftStorageDirectory (RaftStorageDirectoryImpl.java:analyzeStorage(135)) - The storage directory /home/runner/work/ozone/ozone/mnt/ozone/hadoop-ozone/integration-test/target/test-dir/MiniOzoneClusterImpl-c6f84d42-5853-4333-b7a0-bd2f0065fc62/datanode-2/data/ratis/ded41929-1a6a-4db1-8452-19cdbb44ae46 does not exist. Creating ...
2021-07-27 15:35:18,993 [pool-90-thread-1] INFO  storage.RaftStorageDirectory (RaftStorageDirectoryImpl.java:tryLock(230)) - Lock on /home/runner/work/ozone/ozone/mnt/ozone/hadoop-ozone/integration-test/target/test-dir/MiniOzoneClusterImpl-c6f84d42-5853-4333-b7a0-bd2f0065fc62/datanode-2/data/ratis/ded41929-1a6a-4db1-8452-19cdbb44ae46/in_use.lock acquired by nodename 2732@fv-az184-788
2021-07-27 15:35:18,994 [pool-90-thread-1] INFO  storage.RaftStorage (RaftStorageImpl.java:format(89)) - Storage directory /home/runner/work/ozone/ozone/mnt/ozone/hadoop-ozone/integration-test/target/test-dir/MiniOzoneClusterImpl-c6f84d42-5853-4333-b7a0-bd2f0065fc62/datanode-2/data/ratis/ded41929-1a6a-4db1-8452-19cdbb44ae46 has been successfully formatted.
2021-07-27 15:35:18,995 [pool-90-thread-1] INFO  ratis.ContainerStateMachine (ContainerStateMachine.java:loadSnapshot(223)) - group-19CDBB44AE46: The snapshot info is null. Setting the last applied indexto:(t:0, i:~)
2021-07-27 15:35:18,995 [pool-90-thread-1] INFO  server.RaftServerConfigKeys (ConfUtils.java:logGet(44)) - raft.server.notification.no-leader.timeout = 300s (custom)
2021-07-27 15:35:18,995 [pool-90-thread-1] INFO  server.RaftServerConfigKeys (ConfUtils.java:logGet(44)) - raft.server.log.use.memory = false (default)
2021-07-27 15:35:18,995 [pool-90-thread-1] INFO  server.RaftServerConfigKeys (ConfUtils.java:logGet(44)) - raft.server.log.purge.gap = 1000000 (custom)
2021-07-27 15:35:18,995 [pool-90-thread-1] INFO  server.RaftServerConfigKeys (ConfUtils.java:logGet(44)) - raft.server.log.appender.buffer.byte-limit = 33554432 (custom)
2021-07-27 15:35:18,996 [pool-90-thread-1] INFO  server.RaftServerConfigKeys (ConfUtils.java:logGet(44)) - raft.server.log.segment.size.max = 1048576 (custom)
2021-07-27 15:35:18,996 [pool-90-thread-1] INFO  server.RaftServerConfigKeys (ConfUtils.java:logGet(44)) - raft.server.log.segment.cache.num.max = 2 (custom)
2021-07-27 15:35:18,996 [pool-90-thread-1] INFO  server.RaftServerConfigKeys (ConfUtils.java:logGet(44)) - raft.server.log.segment.cache.size.max = 200MB (=209715200) (default)
2021-07-27 15:35:18,997 [pool-90-thread-1] INFO  segmented.SegmentedRaftLogWorker (SegmentedRaftLogWorker.java:<init>(182)) - new 06176d23-931f-4bc0-889d-083490fc12b7@group-19CDBB44AE46-SegmentedRaftLogWorker for RaftStorageImpl:Storage Directory /home/runner/work/ozone/ozone/mnt/ozone/hadoop-ozone/integration-test/target/test-dir/MiniOzoneClusterImpl-c6f84d42-5853-4333-b7a0-bd2f0065fc62/datanode-2/data/ratis/ded41929-1a6a-4db1-8452-19cdbb44ae46
2021-07-27 15:35:18,997 [pool-90-thread-1] INFO  server.RaftServerConfigKeys (ConfUtils.java:logGet(44)) - raft.server.log.queue.byte-limit = 2147483647 (custom)
2021-07-27 15:35:18,997 [pool-90-thread-1] INFO  server.RaftServerConfigKeys (ConfUtils.java:logGet(44)) - raft.server.log.queue.element-limit = 1024 (custom)
2021-07-27 15:35:18,997 [pool-90-thread-1] INFO  server.RaftServerConfigKeys (ConfUtils.java:logGet(44)) - raft.server.log.segment.size.max = 1048576 (custom)
2021-07-27 15:35:18,997 [pool-90-thread-1] INFO  server.RaftServerConfigKeys (ConfUtils.java:logGet(44)) - raft.server.log.preallocated.size = 16384 (custom)
2021-07-27 15:35:18,997 [pool-90-thread-1] INFO  server.RaftServerConfigKeys (ConfUtils.java:logGet(44)) - raft.server.log.force.sync.num = 128 (default)
2021-07-27 15:35:18,997 [pool-90-thread-1] INFO  server.RaftServerConfigKeys (ConfUtils.java:logGet(44)) - raft.server.log.statemachine.data.sync = true (default)
2021-07-27 15:35:18,997 [pool-90-thread-1] INFO  server.RaftServerConfigKeys (ConfUtils.java:logGet(44)) - raft.server.log.statemachine.data.sync.timeout = 10s (default)
2021-07-27 15:35:18,997 [pool-90-thread-1] INFO  server.RaftServerConfigKeys (ConfUtils.java:logGet(44)) - raft.server.log.statemachine.data.sync.timeout.retry = -1 (default)
2021-07-27 15:35:18,998 [pool-90-thread-1] INFO  server.RaftServerConfigKeys (ConfUtils.java:logGet(44)) - raft.server.log.write.buffer.size = 1048576 (custom)
2021-07-27 15:35:18,998 [pool-90-thread-1] INFO  server.RaftServerConfigKeys (ConfUtils.java:logGet(44)) - raft.server.log.statemachine.data.caching.enabled = true (custom)
2021-07-27 15:35:18,999 [pool-90-thread-1] INFO  segmented.SegmentedRaftLogWorker (SegmentedRaftLogWorker.java:lambda$new$0(133)) - 06176d23-931f-4bc0-889d-083490fc12b7@group-19CDBB44AE46-SegmentedRaftLogWorker: flushIndex: setUnconditionally 0 -> -1
2021-07-27 15:35:18,999 [pool-90-thread-1] INFO  segmented.SegmentedRaftLogWorker (SegmentedRaftLogWorker.java:lambda$new$0(133)) - 06176d23-931f-4bc0-889d-083490fc12b7@group-19CDBB44AE46-SegmentedRaftLogWorker: safeCacheEvictIndex: setUnconditionally 0 -> -1
2021-07-27 15:35:18,999 [pool-90-thread-1] INFO  server.RaftServerConfigKeys (ConfUtils.java:logGet(44)) - raft.server.snapshot.auto.trigger.enabled = true (custom)
2021-07-27 15:35:18,999 [pool-90-thread-1] INFO  server.RaftServerConfigKeys (ConfUtils.java:logGet(44)) - raft.server.snapshot.auto.trigger.threshold = 10000 (custom)
2021-07-27 15:35:18,999 [pool-90-thread-1] INFO  server.RaftServerConfigKeys (ConfUtils.java:logGet(44)) - raft.server.snapshot.retention.file.num = 5 (custom)
2021-07-27 15:35:18,999 [pool-90-thread-1] INFO  server.RaftServerConfigKeys (ConfUtils.java:logGet(44)) - raft.server.log.purge.upto.snapshot.index = false (default)
2021-07-27 15:35:18,999 [pool-90-thread-1] INFO  server.RaftServerConfigKeys (ConfUtils.java:logGet(44)) - raft.server.retrycache.expirytime = 600000ms (custom)
2021-07-27 15:35:18,999 [pool-90-thread-1] INFO  server.RaftServerConfigKeys (ConfUtils.java:logGet(44)) - raft.server.retrycache.statistics.expirytime = 100μs (default)
2021-07-27 15:35:19,000 [pool-90-thread-1] INFO  server.RaftServer$Division (RaftServerImpl.java:start(296)) - 06176d23-931f-4bc0-889d-083490fc12b7@group-19CDBB44AE46: start as a follower, conf=-1: [019b1b79-4eb1-4856-a72b-312c00737279|rpc:10.1.0.63:38653|dataStream:|priority:0, 06176d23-931f-4bc0-889d-083490fc12b7|rpc:10.1.0.63:42561|dataStream:|priority:0, 81779055-ba29-4e92-9662-ae2ec67a510c|rpc:10.1.0.63:34923|dataStream:|priority:1], old=null
2021-07-27 15:35:19,000 [pool-90-thread-1] INFO  server.RaftServer$Division (RaftServerImpl.java:setRole(285)) - 06176d23-931f-4bc0-889d-083490fc12b7@group-19CDBB44AE46: changes role from      null to FOLLOWER at term 0 for startAsFollower
2021-07-27 15:35:19,000 [pool-90-thread-1] INFO  impl.RoleInfo (RoleInfo.java:updateAndGet(130)) - 06176d23-931f-4bc0-889d-083490fc12b7: start 06176d23-931f-4bc0-889d-083490fc12b7@group-19CDBB44AE46-FollowerState
2021-07-27 15:35:19,000 [pool-90-thread-1] INFO  util.JmxRegister (JmxRegister.java:tryRegister(44)) - Successfully registered JMX Bean with object name Ratis:service=RaftServer,group=group-19CDBB44AE46,id=06176d23-931f-4bc0-889d-083490fc12b7
2021-07-27 15:35:19,004 [Command processor thread] INFO  commandhandler.CreatePipelineCommandHandler (CreatePipelineCommandHandler.java:handle(106)) - Created Pipeline RATIS THREE PipelineID=ded41929-1a6a-4db1-8452-19cdbb44ae46.
2021-07-27 15:35:24,034 [81779055-ba29-4e92-9662-ae2ec67a510c@group-19CDBB44AE46-FollowerState] INFO  impl.FollowerState (FollowerState.java:run(134)) - 81779055-ba29-4e92-9662-ae2ec67a510c@group-19CDBB44AE46-FollowerState: change to CANDIDATE, lastRpcElapsedTime:5073387488ns, electionTimeout:5073ms
2021-07-27 15:35:24,034 [81779055-ba29-4e92-9662-ae2ec67a510c@group-19CDBB44AE46-FollowerState] INFO  impl.RoleInfo (RoleInfo.java:shutdownFollowerState(108)) - 81779055-ba29-4e92-9662-ae2ec67a510c: shutdown 81779055-ba29-4e92-9662-ae2ec67a510c@group-19CDBB44AE46-FollowerState
2021-07-27 15:35:24,034 [81779055-ba29-4e92-9662-ae2ec67a510c@group-19CDBB44AE46-FollowerState] INFO  server.RaftServer$Division (RaftServerImpl.java:setRole(285)) - 81779055-ba29-4e92-9662-ae2ec67a510c@group-19CDBB44AE46: changes role from  FOLLOWER to CANDIDATE at term 0 for changeToCandidate
2021-07-27 15:35:24,034 [81779055-ba29-4e92-9662-ae2ec67a510c@group-19CDBB44AE46-FollowerState] INFO  server.RaftServerConfigKeys (ConfUtils.java:logGet(44)) - raft.server.leaderelection.pre-vote = false (custom)
2021-07-27 15:35:24,034 [81779055-ba29-4e92-9662-ae2ec67a510c@group-19CDBB44AE46-FollowerState] INFO  impl.RoleInfo (RoleInfo.java:updateAndGet(130)) - 81779055-ba29-4e92-9662-ae2ec67a510c: start 81779055-ba29-4e92-9662-ae2ec67a510c@group-19CDBB44AE46-LeaderElection20
2021-07-27 15:35:24,034 [019b1b79-4eb1-4856-a72b-312c00737279@group-19CDBB44AE46-FollowerState] INFO  impl.FollowerState (FollowerState.java:run(134)) - 019b1b79-4eb1-4856-a72b-312c00737279@group-19CDBB44AE46-FollowerState: change to CANDIDATE, lastRpcElapsedTime:5056871854ns, electionTimeout:5056ms
2021-07-27 15:35:24,035 [019b1b79-4eb1-4856-a72b-312c00737279@group-19CDBB44AE46-FollowerState] INFO  impl.RoleInfo (RoleInfo.java:shutdownFollowerState(108)) - 019b1b79-4eb1-4856-a72b-312c00737279: shutdown 019b1b79-4eb1-4856-a72b-312c00737279@group-19CDBB44AE46-FollowerState
2021-07-27 15:35:24,035 [019b1b79-4eb1-4856-a72b-312c00737279@group-19CDBB44AE46-FollowerState] INFO  server.RaftServer$Division (RaftServerImpl.java:setRole(285)) - 019b1b79-4eb1-4856-a72b-312c00737279@group-19CDBB44AE46: changes role from  FOLLOWER to CANDIDATE at term 0 for changeToCandidate
2021-07-27 15:35:24,035 [019b1b79-4eb1-4856-a72b-312c00737279@group-19CDBB44AE46-FollowerState] INFO  server.RaftServerConfigKeys (ConfUtils.java:logGet(44)) - raft.server.leaderelection.pre-vote = false (custom)
2021-07-27 15:35:24,035 [019b1b79-4eb1-4856-a72b-312c00737279@group-19CDBB44AE46-FollowerState] INFO  impl.RoleInfo (RoleInfo.java:updateAndGet(130)) - 019b1b79-4eb1-4856-a72b-312c00737279: start 019b1b79-4eb1-4856-a72b-312c00737279@group-19CDBB44AE46-LeaderElection21
2021-07-27 15:35:24,040 [81779055-ba29-4e92-9662-ae2ec67a510c@group-19CDBB44AE46-LeaderElection20] INFO  impl.LeaderElection (LeaderElection.java:askForVotes(306)) - 81779055-ba29-4e92-9662-ae2ec67a510c@group-19CDBB44AE46-LeaderElection20 ELECTION round 0: submit vote requests at term 1 for -1: [019b1b79-4eb1-4856-a72b-312c00737279|rpc:10.1.0.63:38653|priority:0, 06176d23-931f-4bc0-889d-083490fc12b7|rpc:10.1.0.63:42561|priority:0, 81779055-ba29-4e92-9662-ae2ec67a510c|rpc:10.1.0.63:34923|priority:1], old=null
2021-07-27 15:35:24,044 [019b1b79-4eb1-4856-a72b-312c00737279@group-19CDBB44AE46-LeaderElection21] INFO  impl.LeaderElection (LeaderElection.java:askForVotes(306)) - 019b1b79-4eb1-4856-a72b-312c00737279@group-19CDBB44AE46-LeaderElection21 ELECTION round 0: submit vote requests at term 1 for -1: [019b1b79-4eb1-4856-a72b-312c00737279|rpc:10.1.0.63:38653|dataStream:|priority:0, 06176d23-931f-4bc0-889d-083490fc12b7|rpc:10.1.0.63:42561|dataStream:|priority:0, 81779055-ba29-4e92-9662-ae2ec67a510c|rpc:10.1.0.63:34923|dataStream:|priority:1], old=null
2021-07-27 15:35:24,051 [grpc-default-executor-0] INFO  server.RaftServer$Division (RaftServerImpl.java:requestVote(1043)) - 06176d23-931f-4bc0-889d-083490fc12b7@group-19CDBB44AE46: receive requestVote(ELECTION, 81779055-ba29-4e92-9662-ae2ec67a510c, group-19CDBB44AE46, 1, (t:0, i:0))
2021-07-27 15:35:24,051 [grpc-default-executor-0] INFO  impl.VoteContext (VoteContext.java:log(48)) - 06176d23-931f-4bc0-889d-083490fc12b7@group-19CDBB44AE46-FOLLOWER: accept ELECTION from 81779055-ba29-4e92-9662-ae2ec67a510c: our priority 0 <= candidate's priority 1
2021-07-27 15:35:24,051 [grpc-default-executor-0] INFO  server.RaftServer$Division (RaftServerImpl.java:setRole(285)) - 06176d23-931f-4bc0-889d-083490fc12b7@group-19CDBB44AE46: changes role from  FOLLOWER to FOLLOWER at term 1 for candidate:81779055-ba29-4e92-9662-ae2ec67a510c
2021-07-27 15:35:24,051 [grpc-default-executor-0] INFO  impl.RoleInfo (RoleInfo.java:shutdownFollowerState(108)) - 06176d23-931f-4bc0-889d-083490fc12b7: shutdown 06176d23-931f-4bc0-889d-083490fc12b7@group-19CDBB44AE46-FollowerState
2021-07-27 15:35:24,053 [grpc-default-executor-0] INFO  impl.RoleInfo (RoleInfo.java:updateAndGet(130)) - 06176d23-931f-4bc0-889d-083490fc12b7: start 06176d23-931f-4bc0-889d-083490fc12b7@group-19CDBB44AE46-FollowerState
2021-07-27 15:35:24,053 [06176d23-931f-4bc0-889d-083490fc12b7@group-19CDBB44AE46-FollowerState] INFO  impl.FollowerState (FollowerState.java:run(143)) - 06176d23-931f-4bc0-889d-083490fc12b7@group-19CDBB44AE46-FollowerState was interrupted: {}
java.lang.InterruptedException: sleep interrupted
	at java.lang.Thread.sleep(Native Method)
	at java.lang.Thread.sleep(Thread.java:340)
	at java.util.concurrent.TimeUnit.sleep(TimeUnit.java:386)
	at org.apache.ratis.util.TimeDuration.sleep(TimeDuration.java:324)
	at org.apache.ratis.util.TimeDuration.sleep(TimeDuration.java:309)
	at org.apache.ratis.server.impl.FollowerState.run(FollowerState.java:118)
2021-07-27 15:35:24,067 [grpc-default-executor-0] INFO  server.RaftServer$Division (RaftServerImpl.java:requestVote(1075)) - 06176d23-931f-4bc0-889d-083490fc12b7@group-19CDBB44AE46 replies to ELECTION vote request: 81779055-ba29-4e92-9662-ae2ec67a510c<-06176d23-931f-4bc0-889d-083490fc12b7#0:OK-t1. Peer's state: 06176d23-931f-4bc0-889d-083490fc12b7@group-19CDBB44AE46:t1, leader=null, voted=81779055-ba29-4e92-9662-ae2ec67a510c, raftlog=06176d23-931f-4bc0-889d-083490fc12b7@group-19CDBB44AE46-SegmentedRaftLog:OPENED:c-1,f-1,i0, conf=-1: [019b1b79-4eb1-4856-a72b-312c00737279|rpc:10.1.0.63:38653|dataStream:|priority:0, 06176d23-931f-4bc0-889d-083490fc12b7|rpc:10.1.0.63:42561|dataStream:|priority:0, 81779055-ba29-4e92-9662-ae2ec67a510c|rpc:10.1.0.63:34923|dataStream:|priority:1], old=null
2021-07-27 15:35:24,068 [81779055-ba29-4e92-9662-ae2ec67a510c@group-19CDBB44AE46-LeaderElection20] INFO  impl.LeaderElection (LeaderElection.java:logAndReturn(89)) - 81779055-ba29-4e92-9662-ae2ec67a510c@group-19CDBB44AE46-LeaderElection20: ELECTION PASSED received 1 response(s) and 0 exception(s):
2021-07-27 15:35:24,068 [81779055-ba29-4e92-9662-ae2ec67a510c@group-19CDBB44AE46-LeaderElection20] INFO  impl.LeaderElection (LeaderElection.java:logAndReturn(93)) -   Response 0: 81779055-ba29-4e92-9662-ae2ec67a510c<-06176d23-931f-4bc0-889d-083490fc12b7#0:OK-t1
2021-07-27 15:35:24,068 [81779055-ba29-4e92-9662-ae2ec67a510c@group-19CDBB44AE46-LeaderElection20] INFO  impl.LeaderElection (LeaderElection.java:askForVotes(308)) - 81779055-ba29-4e92-9662-ae2ec67a510c@group-19CDBB44AE46-LeaderElection20 ELECTION round 0: result PASSED
2021-07-27 15:35:24,069 [81779055-ba29-4e92-9662-ae2ec67a510c@group-19CDBB44AE46-LeaderElection20] INFO  impl.RoleInfo (RoleInfo.java:shutdownLeaderElection(121)) - 81779055-ba29-4e92-9662-ae2ec67a510c: shutdown 81779055-ba29-4e92-9662-ae2ec67a510c@group-19CDBB44AE46-LeaderElection20
2021-07-27 15:35:24,069 [81779055-ba29-4e92-9662-ae2ec67a510c@group-19CDBB44AE46-LeaderElection20] INFO  server.RaftServer$Division (RaftServerImpl.java:setRole(285)) - 81779055-ba29-4e92-9662-ae2ec67a510c@group-19CDBB44AE46: changes role from CANDIDATE to LEADER at term 1 for changeToLeader
2021-07-27 15:35:24,069 [81779055-ba29-4e92-9662-ae2ec67a510c@group-19CDBB44AE46-LeaderElection20] INFO  ratis.XceiverServerRatis (XceiverServerRatis.java:handleLeaderChangedNotification(857)) - Leader change notification received for group: group-19CDBB44AE46 with new leaderId: 81779055-ba29-4e92-9662-ae2ec67a510c
2021-07-27 15:35:24,069 [81779055-ba29-4e92-9662-ae2ec67a510c@group-19CDBB44AE46-LeaderElection20] INFO  server.RaftServer$Division (ServerState.java:setLeader(285)) - 81779055-ba29-4e92-9662-ae2ec67a510c@group-19CDBB44AE46: change Leader from null to 81779055-ba29-4e92-9662-ae2ec67a510c at term 1 for becomeLeader, leader elected after 5112ms
2021-07-27 15:35:24,069 [81779055-ba29-4e92-9662-ae2ec67a510c@group-19CDBB44AE46-LeaderElection20] INFO  server.RaftServerConfigKeys (ConfUtils.java:logGet(44)) - raft.server.staging.catchup.gap = 1000 (default)
2021-07-27 15:35:24,069 [81779055-ba29-4e92-9662-ae2ec67a510c@group-19CDBB44AE46-LeaderElection20] INFO  server.RaftServerConfigKeys (ConfUtils.java:logGet(44)) - raft.server.write.element-limit = 1024 (custom)
2021-07-27 15:35:24,069 [81779055-ba29-4e92-9662-ae2ec67a510c@group-19CDBB44AE46-LeaderElection20] INFO  server.RaftServerConfigKeys (ConfUtils.java:logGet(44)) - raft.server.write.byte-limit = 1073741824 (custom)
2021-07-27 15:35:24,069 [81779055-ba29-4e92-9662-ae2ec67a510c@group-19CDBB44AE46-LeaderElection20] INFO  server.RaftServerConfigKeys (ConfUtils.java:logGet(44)) - raft.server.watch.timeout = 180s (custom)
2021-07-27 15:35:24,069 [81779055-ba29-4e92-9662-ae2ec67a510c@group-19CDBB44AE46-LeaderElection20] INFO  server.RaftServerConfigKeys (ConfUtils.java:logGet(44)) - raft.server.watch.timeout.denomination = 1s (default)
2021-07-27 15:35:24,069 [81779055-ba29-4e92-9662-ae2ec67a510c@group-19CDBB44AE46-LeaderElection20] INFO  server.RaftServerConfigKeys (ConfUtils.java:logGet(44)) - raft.server.watch.element-limit = 65536 (default)
2021-07-27 15:35:24,070 [81779055-ba29-4e92-9662-ae2ec67a510c@group-19CDBB44AE46-LeaderElection20] INFO  server.RaftServerConfigKeys (ConfUtils.java:logGet(44)) - raft.server.log.appender.snapshot.chunk.size.max = 16MB (=16777216) (default)
2021-07-27 15:35:24,070 [81779055-ba29-4e92-9662-ae2ec67a510c@group-19CDBB44AE46-LeaderElection20] INFO  server.RaftServerConfigKeys (ConfUtils.java:logGet(44)) - raft.server.log.appender.buffer.byte-limit = 33554432 (custom)
2021-07-27 15:35:24,070 [81779055-ba29-4e92-9662-ae2ec67a510c@group-19CDBB44AE46-LeaderElection20] INFO  server.RaftServerConfigKeys (ConfUtils.java:logGet(44)) - raft.server.log.appender.buffer.element-limit = 1 (custom)
2021-07-27 15:35:24,070 [81779055-ba29-4e92-9662-ae2ec67a510c@group-19CDBB44AE46-LeaderElection20] INFO  grpc.GrpcConfigKeys (ConfUtils.java:logGet(44)) - raft.grpc.server.leader.outstanding.appends.max = 128 (default)
2021-07-27 15:35:24,070 [81779055-ba29-4e92-9662-ae2ec67a510c@group-19CDBB44AE46-LeaderElection20] INFO  server.RaftServerConfigKeys (ConfUtils.java:logGet(44)) - raft.server.rpc.request.timeout = 60s (custom)
2021-07-27 15:35:24,070 [81779055-ba29-4e92-9662-ae2ec67a510c@group-19CDBB44AE46-LeaderElection20] INFO  server.RaftServerConfigKeys (ConfUtils.java:logGet(44)) - raft.server.log.appender.install.snapshot.enabled = false (custom)
2021-07-27 15:35:24,070 [81779055-ba29-4e92-9662-ae2ec67a510c@group-19CDBB44AE46-LeaderElection20] INFO  server.RaftServerConfigKeys (ConfUtils.java:logGet(44)) - raft.server.log.appender.snapshot.chunk.size.max = 16MB (=16777216) (default)
2021-07-27 15:35:24,070 [81779055-ba29-4e92-9662-ae2ec67a510c@group-19CDBB44AE46-LeaderElection20] INFO  server.RaftServerConfigKeys (ConfUtils.java:logGet(44)) - raft.server.log.appender.buffer.byte-limit = 33554432 (custom)
2021-07-27 15:35:24,071 [81779055-ba29-4e92-9662-ae2ec67a510c@group-19CDBB44AE46-LeaderElection20] INFO  server.RaftServerConfigKeys (ConfUtils.java:logGet(44)) - raft.server.log.appender.buffer.element-limit = 1 (custom)
2021-07-27 15:35:24,071 [81779055-ba29-4e92-9662-ae2ec67a510c@group-19CDBB44AE46-LeaderElection20] INFO  grpc.GrpcConfigKeys (ConfUtils.java:logGet(44)) - raft.grpc.server.leader.outstanding.appends.max = 128 (default)
2021-07-27 15:35:24,071 [81779055-ba29-4e92-9662-ae2ec67a510c@group-19CDBB44AE46-LeaderElection20] INFO  server.RaftServerConfigKeys (ConfUtils.java:logGet(44)) - raft.server.rpc.request.timeout = 60s (custom)
2021-07-27 15:35:24,071 [81779055-ba29-4e92-9662-ae2ec67a510c@group-19CDBB44AE46-LeaderElection20] INFO  server.RaftServerConfigKeys (ConfUtils.java:logGet(44)) - raft.server.log.appender.install.snapshot.enabled = false (custom)
2021-07-27 15:35:24,071 [81779055-ba29-4e92-9662-ae2ec67a510c@group-19CDBB44AE46-LeaderElection20] INFO  impl.RoleInfo (RoleInfo.java:updateAndGet(130)) - 81779055-ba29-4e92-9662-ae2ec67a510c: start 81779055-ba29-4e92-9662-ae2ec67a510c@group-19CDBB44AE46-LeaderStateImpl
2021-07-27 15:35:24,071 [81779055-ba29-4e92-9662-ae2ec67a510c@group-19CDBB44AE46-LeaderElection20] INFO  segmented.SegmentedRaftLogWorker (SegmentedRaftLogWorker.java:startLogSegment(394)) - 81779055-ba29-4e92-9662-ae2ec67a510c@group-19CDBB44AE46-SegmentedRaftLogWorker: Starting segment from index:0
2021-07-27 15:35:24,073 [grpc-default-executor-0] INFO  server.RaftServer$Division (RaftServerImpl.java:requestVote(1043)) - 06176d23-931f-4bc0-889d-083490fc12b7@group-19CDBB44AE46: receive requestVote(ELECTION, 019b1b79-4eb1-4856-a72b-312c00737279, group-19CDBB44AE46, 1, (t:0, i:0))
2021-07-27 15:35:24,073 [grpc-default-executor-0] INFO  impl.VoteContext (VoteContext.java:log(48)) - 06176d23-931f-4bc0-889d-083490fc12b7@group-19CDBB44AE46-FOLLOWER: reject ELECTION from 019b1b79-4eb1-4856-a72b-312c00737279: already has voted for 81779055-ba29-4e92-9662-ae2ec67a510c at current term 1
2021-07-27 15:35:24,073 [grpc-default-executor-0] INFO  server.RaftServer$Division (RaftServerImpl.java:requestVote(1075)) - 06176d23-931f-4bc0-889d-083490fc12b7@group-19CDBB44AE46 replies to ELECTION vote request: 019b1b79-4eb1-4856-a72b-312c00737279<-06176d23-931f-4bc0-889d-083490fc12b7#0:FAIL-t1. Peer's state: 06176d23-931f-4bc0-889d-083490fc12b7@group-19CDBB44AE46:t1, leader=null, voted=81779055-ba29-4e92-9662-ae2ec67a510c, raftlog=06176d23-931f-4bc0-889d-083490fc12b7@group-19CDBB44AE46-SegmentedRaftLog:OPENED:c-1,f-1,i0, conf=-1: [019b1b79-4eb1-4856-a72b-312c00737279|rpc:10.1.0.63:38653|dataStream:|priority:0, 06176d23-931f-4bc0-889d-083490fc12b7|rpc:10.1.0.63:42561|dataStream:|priority:0, 81779055-ba29-4e92-9662-ae2ec67a510c|rpc:10.1.0.63:34923|dataStream:|priority:1], old=null
2021-07-27 15:35:24,073 [Datanode State Machine Thread - 0] WARN  statemachine.StateContext (StateContext.java:execute(621)) - No available thread in pool for past 1 seconds.
2021-07-27 15:35:24,074 [81779055-ba29-4e92-9662-ae2ec67a510c@group-19CDBB44AE46-SegmentedRaftLogWorker] INFO  segmented.SegmentedRaftLogWorker (SegmentedRaftLogWorker.java:execute(601)) - 81779055-ba29-4e92-9662-ae2ec67a510c@group-19CDBB44AE46-SegmentedRaftLogWorker: created new log segment /home/runner/work/ozone/ozone/mnt/ozone/hadoop-ozone/integration-test/target/test-dir/MiniOzoneClusterImpl-c6f84d42-5853-4333-b7a0-bd2f0065fc62/datanode-1/data/ratis/ded41929-1a6a-4db1-8452-19cdbb44ae46/current/log_inprogress_0
2021-07-27 15:35:24,075 [EventQueue-PipelineReportForPipelineReportHandler] INFO  pipeline.PipelineManagerV2Impl (PipelineManagerV2Impl.java:openPipeline(283)) - Pipeline Pipeline[ Id: ded41929-1a6a-4db1-8452-19cdbb44ae46, Nodes: 019b1b79-4eb1-4856-a72b-312c00737279{ip: 10.1.0.63, host: fv-az184-788.3ow45vhwbzuu5incsxmygykede.cx.internal.cloudapp.net, ports: [REPLICATION=45817, RATIS=38653, RATIS_ADMIN=38653, RATIS_SERVER=38653, STANDALONE=44541], networkLocation: /default-rack, certSerialId: null, persistedOpState: IN_SERVICE, persistedOpStateExpiryEpochSec: 0}06176d23-931f-4bc0-889d-083490fc12b7{ip: 10.1.0.63, host: fv-az184-788.3ow45vhwbzuu5incsxmygykede.cx.internal.cloudapp.net, ports: [REPLICATION=34999, RATIS=42561, RATIS_ADMIN=42561, RATIS_SERVER=42561, STANDALONE=44409], networkLocation: /default-rack, certSerialId: null, persistedOpState: IN_SERVICE, persistedOpStateExpiryEpochSec: 0}81779055-ba29-4e92-9662-ae2ec67a510c{ip: 10.1.0.63, host: fv-az184-788.3ow45vhwbzuu5incsxmygykede.cx.internal.cloudapp.net, ports: [REPLICATION=41741, RATIS=34923, RATIS_ADMIN=34923, RATIS_SERVER=34923, STANDALONE=42043], networkLocation: /default-rack, certSerialId: null, persistedOpState: IN_SERVICE, persistedOpStateExpiryEpochSec: 0}, ReplicationConfig: RATIS/THREE, State:ALLOCATED, leaderId:81779055-ba29-4e92-9662-ae2ec67a510c, CreationTimestamp2021-07-27T15:35:17.272Z[Etc/UTC]] moved to OPEN state
2021-07-27 15:35:24,075 [grpc-default-executor-0] INFO  server.RaftServer$Division (RaftServerImpl.java:requestVote(1043)) - 019b1b79-4eb1-4856-a72b-312c00737279@group-19CDBB44AE46: receive requestVote(ELECTION, 81779055-ba29-4e92-9662-ae2ec67a510c, group-19CDBB44AE46, 1, (t:0, i:0))
2021-07-27 15:35:24,075 [grpc-default-executor-0] INFO  impl.VoteContext (VoteContext.java:log(48)) - 019b1b79-4eb1-4856-a72b-312c00737279@group-19CDBB44AE46-CANDIDATE: reject ELECTION from 81779055-ba29-4e92-9662-ae2ec67a510c: already has voted for 019b1b79-4eb1-4856-a72b-312c00737279 at current term 1
2021-07-27 15:35:24,075 [grpc-default-executor-0] INFO  server.RaftServer$Division (RaftServerImpl.java:requestVote(1075)) - 019b1b79-4eb1-4856-a72b-312c00737279@group-19CDBB44AE46 replies to ELECTION vote request: 81779055-ba29-4e92-9662-ae2ec67a510c<-019b1b79-4eb1-4856-a72b-312c00737279#0:FAIL-t1. Peer's state: 019b1b79-4eb1-4856-a72b-312c00737279@group-19CDBB44AE46:t1, leader=null, voted=019b1b79-4eb1-4856-a72b-312c00737279, raftlog=019b1b79-4eb1-4856-a72b-312c00737279@group-19CDBB44AE46-SegmentedRaftLog:OPENED:c-1,f-1,i0, conf=-1: [019b1b79-4eb1-4856-a72b-312c00737279|rpc:10.1.0.63:38653|dataStream:|priority:0, 06176d23-931f-4bc0-889d-083490fc12b7|rpc:10.1.0.63:42561|dataStream:|priority:0, 81779055-ba29-4e92-9662-ae2ec67a510c|rpc:10.1.0.63:34923|dataStream:|priority:1], old=null
2021-07-27 15:35:24,083 [81779055-ba29-4e92-9662-ae2ec67a510c@group-19CDBB44AE46-LeaderElection20] INFO  server.RaftServer$Division (ServerState.java:setRaftConf(387)) - 81779055-ba29-4e92-9662-ae2ec67a510c@group-19CDBB44AE46: set configuration 0: [019b1b79-4eb1-4856-a72b-312c00737279|rpc:10.1.0.63:38653|dataStream:|priority:0, 06176d23-931f-4bc0-889d-083490fc12b7|rpc:10.1.0.63:42561|dataStream:|priority:0, 81779055-ba29-4e92-9662-ae2ec67a510c|rpc:10.1.0.63:34923|dataStream:|priority:1], old=null
2021-07-27 15:35:24,084 [grpc-default-executor-4] INFO  server.RaftServer$Division (RaftServerImpl.java:requestVote(1043)) - 81779055-ba29-4e92-9662-ae2ec67a510c@group-19CDBB44AE46: receive requestVote(ELECTION, 019b1b79-4eb1-4856-a72b-312c00737279, group-19CDBB44AE46, 1, (t:0, i:0))
2021-07-27 15:35:24,084 [grpc-default-executor-4] INFO  impl.VoteContext (VoteContext.java:log(48)) - 81779055-ba29-4e92-9662-ae2ec67a510c@group-19CDBB44AE46-LEADER: reject ELECTION from 019b1b79-4eb1-4856-a72b-312c00737279: already has voted for 81779055-ba29-4e92-9662-ae2ec67a510c at current term 1
2021-07-27 15:35:24,084 [grpc-default-executor-4] INFO  server.RaftServer$Division (RaftServerImpl.java:requestVote(1075)) - 81779055-ba29-4e92-9662-ae2ec67a510c@group-19CDBB44AE46 replies to ELECTION vote request: 019b1b79-4eb1-4856-a72b-312c00737279<-81779055-ba29-4e92-9662-ae2ec67a510c#0:FAIL-t1. Peer's state: 81779055-ba29-4e92-9662-ae2ec67a510c@group-19CDBB44AE46:t1, leader=81779055-ba29-4e92-9662-ae2ec67a510c, voted=81779055-ba29-4e92-9662-ae2ec67a510c, raftlog=81779055-ba29-4e92-9662-ae2ec67a510c@group-19CDBB44AE46-SegmentedRaftLog:OPENED:c0,f0,i0, conf=0: [019b1b79-4eb1-4856-a72b-312c00737279|rpc:10.1.0.63:38653|dataStream:|priority:0, 06176d23-931f-4bc0-889d-083490fc12b7|rpc:10.1.0.63:42561|dataStream:|priority:0, 81779055-ba29-4e92-9662-ae2ec67a510c|rpc:10.1.0.63:34923|dataStream:|priority:1], old=null
2021-07-27 15:35:24,087 [grpc-default-executor-1] INFO  server.RaftServer$Division (RaftServerImpl.java:setRole(285)) - 019b1b79-4eb1-4856-a72b-312c00737279@group-19CDBB44AE46: changes role from CANDIDATE to FOLLOWER at term 1 for appendEntries
2021-07-27 15:35:24,087 [grpc-default-executor-1] INFO  impl.RoleInfo (RoleInfo.java:shutdownLeaderElection(121)) - 019b1b79-4eb1-4856-a72b-312c00737279: shutdown 019b1b79-4eb1-4856-a72b-312c00737279@group-19CDBB44AE46-LeaderElection21
2021-07-27 15:35:24,087 [grpc-default-executor-1] INFO  impl.RoleInfo (RoleInfo.java:updateAndGet(130)) - 019b1b79-4eb1-4856-a72b-312c00737279: start 019b1b79-4eb1-4856-a72b-312c00737279@group-19CDBB44AE46-FollowerState
2021-07-27 15:35:24,090 [grpc-default-executor-1] INFO  ratis.XceiverServerRatis (XceiverServerRatis.java:handleLeaderChangedNotification(857)) - Leader change notification received for group: group-19CDBB44AE46 with new leaderId: 81779055-ba29-4e92-9662-ae2ec67a510c
2021-07-27 15:35:24,090 [grpc-default-executor-1] INFO  server.RaftServer$Division (ServerState.java:setLeader(285)) - 019b1b79-4eb1-4856-a72b-312c00737279@group-19CDBB44AE46: change Leader from null to 81779055-ba29-4e92-9662-ae2ec67a510c at term 1 for appendEntries, leader elected after 5120ms
2021-07-27 15:35:24,098 [grpc-default-executor-4] INFO  ratis.XceiverServerRatis (XceiverServerRatis.java:handleLeaderChangedNotification(857)) - Leader change notification received for group: group-19CDBB44AE46 with new leaderId: 81779055-ba29-4e92-9662-ae2ec67a510c
2021-07-27 15:35:24,098 [grpc-default-executor-4] INFO  server.RaftServer$Division (ServerState.java:setLeader(285)) - 06176d23-931f-4bc0-889d-083490fc12b7@group-19CDBB44AE46: change Leader from null to 81779055-ba29-4e92-9662-ae2ec67a510c at term 1 for appendEntries, leader elected after 5102ms
2021-07-27 15:35:24,098 [019b1b79-4eb1-4856-a72b-312c00737279@group-19CDBB44AE46-LeaderElection21] INFO  impl.LeaderElection (LeaderElection.java:logAndReturn(89)) - 019b1b79-4eb1-4856-a72b-312c00737279@group-19CDBB44AE46-LeaderElection21: ELECTION REJECTED received 2 response(s) and 0 exception(s):
2021-07-27 15:35:24,098 [019b1b79-4eb1-4856-a72b-312c00737279@group-19CDBB44AE46-LeaderElection21] INFO  impl.LeaderElection (LeaderElection.java:logAndReturn(93)) -   Response 0: 019b1b79-4eb1-4856-a72b-312c00737279<-06176d23-931f-4bc0-889d-083490fc12b7#0:FAIL-t1
2021-07-27 15:35:24,099 [019b1b79-4eb1-4856-a72b-312c00737279@group-19CDBB44AE46-LeaderElection21] INFO  impl.LeaderElection (LeaderElection.java:logAndReturn(93)) -   Response 1: 019b1b79-4eb1-4856-a72b-312c00737279<-81779055-ba29-4e92-9662-ae2ec67a510c#0:FAIL-t1
2021-07-27 15:35:24,100 [019b1b79-4eb1-4856-a72b-312c00737279@group-19CDBB44AE46-LeaderElection21] INFO  impl.LeaderElection (LeaderElection.java:askForVotes(308)) - 019b1b79-4eb1-4856-a72b-312c00737279@group-19CDBB44AE46-LeaderElection21 ELECTION round 0: result REJECTED
2021-07-27 15:35:24,102 [grpc-default-executor-2] INFO  server.RaftServer$Division (ServerState.java:setRaftConf(387)) - 06176d23-931f-4bc0-889d-083490fc12b7@group-19CDBB44AE46: set configuration 0: [019b1b79-4eb1-4856-a72b-312c00737279|rpc:10.1.0.63:38653|dataStream:|priority:0, 06176d23-931f-4bc0-889d-083490fc12b7|rpc:10.1.0.63:42561|dataStream:|priority:0, 81779055-ba29-4e92-9662-ae2ec67a510c|rpc:10.1.0.63:34923|dataStream:|priority:1], old=null
2021-07-27 15:35:24,103 [grpc-default-executor-2] INFO  segmented.SegmentedRaftLogWorker (SegmentedRaftLogWorker.java:startLogSegment(394)) - 06176d23-931f-4bc0-889d-083490fc12b7@group-19CDBB44AE46-SegmentedRaftLogWorker: Starting segment from index:0
2021-07-27 15:35:24,105 [grpc-default-executor-4] INFO  server.RaftServer$Division (ServerState.java:setRaftConf(387)) - 019b1b79-4eb1-4856-a72b-312c00737279@group-19CDBB44AE46: set configuration 0: [019b1b79-4eb1-4856-a72b-312c00737279|rpc:10.1.0.63:38653|dataStream:|priority:0, 06176d23-931f-4bc0-889d-083490fc12b7|rpc:10.1.0.63:42561|dataStream:|priority:0, 81779055-ba29-4e92-9662-ae2ec67a510c|rpc:10.1.0.63:34923|dataStream:|priority:1], old=null
2021-07-27 15:35:24,106 [grpc-default-executor-4] INFO  segmented.SegmentedRaftLogWorker (SegmentedRaftLogWorker.java:startLogSegment(394)) - 019b1b79-4eb1-4856-a72b-312c00737279@group-19CDBB44AE46-SegmentedRaftLogWorker: Starting segment from index:0
2021-07-27 15:35:24,109 [06176d23-931f-4bc0-889d-083490fc12b7@group-19CDBB44AE46-SegmentedRaftLogWorker] ERROR ratis.XceiverServerRatis (XceiverServerRatis.java:triggerPipelineClose(672)) - pipeline Action CLOSE on pipeline PipelineID=ded41929-1a6a-4db1-8452-19cdbb44ae46.Reason : Log already failed at index 0 for task StartLogSegment:0
2021-07-27 15:35:24,110 [Datanode State Machine Thread - 0] WARN  statemachine.StateContext (StateContext.java:execute(621)) - No available thread in pool for past 1 seconds.
2021-07-27 15:35:24,111 [EventQueue-PipelineActionsForPipelineActionHandler] INFO  pipeline.PipelineActionHandler (PipelineActionHandler.java:processPipelineAction(82)) - Received pipeline action CLOSE for PipelineID=ded41929-1a6a-4db1-8452-19cdbb44ae46 from datanode 06176d23-931f-4bc0-889d-083490fc12b7. Reason : Log already failed at index 0 for task StartLogSegment:0
2021-07-27 15:35:24,111 [EventQueue-PipelineActionsForPipelineActionHandler] INFO  pipeline.PipelineManagerV2Impl (PipelineManagerV2Impl.java:closePipeline(343)) - Pipeline Pipeline[ Id: ded41929-1a6a-4db1-8452-19cdbb44ae46, Nodes: 019b1b79-4eb1-4856-a72b-312c00737279{ip: 10.1.0.63, host: fv-az184-788.3ow45vhwbzuu5incsxmygykede.cx.internal.cloudapp.net, ports: [REPLICATION=45817, RATIS=38653, RATIS_ADMIN=38653, RATIS_SERVER=38653, STANDALONE=44541], networkLocation: /default-rack, certSerialId: null, persistedOpState: IN_SERVICE, persistedOpStateExpiryEpochSec: 0}06176d23-931f-4bc0-889d-083490fc12b7{ip: 10.1.0.63, host: fv-az184-788.3ow45vhwbzuu5incsxmygykede.cx.internal.cloudapp.net, ports: [REPLICATION=34999, RATIS=42561, RATIS_ADMIN=42561, RATIS_SERVER=42561, STANDALONE=44409], networkLocation: /default-rack, certSerialId: null, persistedOpState: IN_SERVICE, persistedOpStateExpiryEpochSec: 0}81779055-ba29-4e92-9662-ae2ec67a510c{ip: 10.1.0.63, host: fv-az184-788.3ow45vhwbzuu5incsxmygykede.cx.internal.cloudapp.net, ports: [REPLICATION=41741, RATIS=34923, RATIS_ADMIN=34923, RATIS_SERVER=34923, STANDALONE=42043], networkLocation: /default-rack, certSerialId: null, persistedOpState: IN_SERVICE, persistedOpStateExpiryEpochSec: 0}, ReplicationConfig: RATIS/THREE, State:OPEN, leaderId:81779055-ba29-4e92-9662-ae2ec67a510c, CreationTimestamp2021-07-27T15:35:17.272Z[Etc/UTC]] moved to CLOSED state
2021-07-27 15:35:24,111 [EventQueue-PipelineActionsForPipelineActionHandler] INFO  pipeline.RatisPipelineProvider (RatisPipelineProvider.java:lambda$close$1(222)) - Send pipeline:PipelineID=ded41929-1a6a-4db1-8452-19cdbb44ae46 close command to datanode 019b1b79-4eb1-4856-a72b-312c00737279
2021-07-27 15:35:24,111 [EventQueue-PipelineActionsForPipelineActionHandler] INFO  pipeline.RatisPipelineProvider (RatisPipelineProvider.java:lambda$close$1(222)) - Send pipeline:PipelineID=ded41929-1a6a-4db1-8452-19cdbb44ae46 close command to datanode 06176d23-931f-4bc0-889d-083490fc12b7
2021-07-27 15:35:24,111 [EventQueue-PipelineActionsForPipelineActionHandler] INFO  pipeline.RatisPipelineProvider (RatisPipelineProvider.java:lambda$close$1(222)) - Send pipeline:PipelineID=ded41929-1a6a-4db1-8452-19cdbb44ae46 close command to datanode 81779055-ba29-4e92-9662-ae2ec67a510c
2021-07-27 15:35:24,111 [EventQueue-PipelineActionsForPipelineActionHandler] INFO  pipeline.PipelineStateManager (PipelineStateManagerV2Impl.java:removePipeline(211)) - Pipeline Pipeline[ Id: ded41929-1a6a-4db1-8452-19cdbb44ae46, Nodes: 019b1b79-4eb1-4856-a72b-312c00737279{ip: 10.1.0.63, host: fv-az184-788.3ow45vhwbzuu5incsxmygykede.cx.internal.cloudapp.net, ports: [REPLICATION=45817, RATIS=38653, RATIS_ADMIN=38653, RATIS_SERVER=38653, STANDALONE=44541], networkLocation: /default-rack, certSerialId: null, persistedOpState: IN_SERVICE, persistedOpStateExpiryEpochSec: 0}06176d23-931f-4bc0-889d-083490fc12b7{ip: 10.1.0.63, host: fv-az184-788.3ow45vhwbzuu5incsxmygykede.cx.internal.cloudapp.net, ports: [REPLICATION=34999, RATIS=42561, RATIS_ADMIN=42561, RATIS_SERVER=42561, STANDALONE=44409], networkLocation: /default-rack, certSerialId: null, persistedOpState: IN_SERVICE, persistedOpStateExpiryEpochSec: 0}81779055-ba29-4e92-9662-ae2ec67a510c{ip: 10.1.0.63, host: fv-az184-788.3ow45vhwbzuu5incsxmygykede.cx.internal.cloudapp.net, ports: [REPLICATION=41741, RATIS=34923, RATIS_ADMIN=34923, RATIS_SERVER=34923, STANDALONE=42043], networkLocation: /default-rack, certSerialId: null, persistedOpState: IN_SERVICE, persistedOpStateExpiryEpochSec: 0}, ReplicationConfig: RATIS/THREE, State:CLOSED, leaderId:81779055-ba29-4e92-9662-ae2ec67a510c, CreationTimestamp2021-07-27T15:35:17.272Z[Etc/UTC]] removed.
2021-07-27 15:35:24,111 [EventQueue-CloseContainerForCloseContainerEventHandler] INFO  container.CloseContainerEventHandler (CloseContainerEventHandler.java:onMessage(69)) - Close container Event triggered for container : #19
2021-07-27 15:35:24,112 [EventQueue-CloseContainerForCloseContainerEventHandler] INFO  pipeline.PipelineStateManager (PipelineStateManagerV2Impl.java:removeContainerFromPipeline(237)) - Pipeline PipelineID=ded41929-1a6a-4db1-8452-19cdbb44ae46 is not found in the pipeline2ContainerMap. Pipeline may have been closed already.
2021-07-27 15:35:24,112 [019b1b79-4eb1-4856-a72b-312c00737279@group-19CDBB44AE46-SegmentedRaftLogWorker] ERROR ratis.XceiverServerRatis (XceiverServerRatis.java:triggerPipelineClose(672)) - pipeline Action CLOSE on pipeline PipelineID=ded41929-1a6a-4db1-8452-19cdbb44ae46.Reason : Log already failed at index 0 for task StartLogSegment:0
2021-07-27 15:35:24,112 [Datanode State Machine Thread - 0] WARN  statemachine.StateContext (StateContext.java:execute(621)) - No available thread in pool for past 1 seconds.
2021-07-27 15:35:24,114 [EventQueue-PipelineActionsForPipelineActionHandler] INFO  pipeline.PipelineActionHandler (PipelineActionHandler.java:processPipelineAction(82)) - Received pipeline action CLOSE for PipelineID=ded41929-1a6a-4db1-8452-19cdbb44ae46 from datanode 019b1b79-4eb1-4856-a72b-312c00737279. Reason : Log already failed at index 0 for task StartLogSegment:0
2021-07-27 15:35:24,114 [EventQueue-PipelineActionsForPipelineActionHandler] WARN  pipeline.PipelineActionHandler (PipelineActionHandler.java:processPipelineAction(93)) - Pipeline action CLOSE received for unknown pipeline PipelineID=ded41929-1a6a-4db1-8452-19cdbb44ae46, firing close pipeline event.
2021-07-27 15:35:24,138 [ChunkWriter-0-0] ERROR helpers.KeyValueContainerUtil (KeyValueContainerUtil.java:createContainerMetaData(90)) - Unable to create directory for metadata storage. Path: /home/runner/work/ozone/ozone/mnt/ozone/hadoop-ozone/integration-test/target/test-dir/MiniOzoneClusterImpl-c6f84d42-5853-4333-b7a0-bd2f0065fc62/datanode-1/data-0/containers/hdds/c6f84d42-5853-4333-b7a0-bd2f0065fc62/current/containerDir0/19/metadata
2021-07-27 15:35:24,138 [ChunkWriter-0-0] INFO  keyvalue.KeyValueHandler (ContainerUtils.java:logAndReturnError(89)) - Operation: CreateContainer , Trace ID:  , Message: Container creation failed. Unable to create directory for metadata storage. Path: /home/runner/work/ozone/ozone/mnt/ozone/hadoop-ozone/integration-test/target/test-dir/MiniOzoneClusterImpl-c6f84d42-5853-4333-b7a0-bd2f0065fc62/datanode-1/data-0/containers/hdds/c6f84d42-5853-4333-b7a0-bd2f0065fc62/current/containerDir0/19/metadata , Result: CONTAINER_INTERNAL_ERROR , StorageContainerException Occurred.
org.apache.hadoop.hdds.scm.container.common.helpers.StorageContainerException: Container creation failed. Unable to create directory for metadata storage. Path: /home/runner/work/ozone/ozone/mnt/ozone/hadoop-ozone/integration-test/target/test-dir/MiniOzoneClusterImpl-c6f84d42-5853-4333-b7a0-bd2f0065fc62/datanode-1/data-0/containers/hdds/c6f84d42-5853-4333-b7a0-bd2f0065fc62/current/containerDir0/19/metadata
	at org.apache.hadoop.ozone.container.keyvalue.KeyValueContainer.create(KeyValueContainer.java:171)
	at org.apache.hadoop.ozone.container.keyvalue.KeyValueHandler.handleCreateContainer(KeyValueHandler.java:265)
	at org.apache.hadoop.ozone.container.keyvalue.KeyValueHandler.dispatchRequest(KeyValueHandler.java:182)
	at org.apache.hadoop.ozone.container.keyvalue.KeyValueHandler.handle(KeyValueHandler.java:170)
	at org.apache.hadoop.ozone.container.common.impl.HddsDispatcher.createContainer(HddsDispatcher.java:423)
	at org.apache.hadoop.ozone.container.common.impl.HddsDispatcher.dispatchRequest(HddsDispatcher.java:258)
	at org.apache.hadoop.ozone.container.common.impl.HddsDispatcher.lambda$dispatch$0(HddsDispatcher.java:169)
	at org.apache.hadoop.hdds.server.OzoneProtocolMessageDispatcher.processRequest(OzoneProtocolMessageDispatcher.java:87)
	at org.apache.hadoop.ozone.container.common.impl.HddsDispatcher.dispatch(HddsDispatcher.java:168)
	at org.apache.hadoop.ozone.container.common.transport.server.ratis.ContainerStateMachine.dispatchCommand(ContainerStateMachine.java:398)
	at org.apache.hadoop.ozone.container.common.transport.server.ratis.ContainerStateMachine.runCommand(ContainerStateMachine.java:408)
	at org.apache.hadoop.ozone.container.common.transport.server.ratis.ContainerStateMachine.lambda$handleWriteChunk$1(ContainerStateMachine.java:439)
	at java.util.concurrent.CompletableFuture$AsyncSupply.run(CompletableFuture.java:1604)
	at java.util.concurrent.ThreadPoolExecutor.runWorker(ThreadPoolExecutor.java:1149)
	at java.util.concurrent.ThreadPoolExecutor$Worker.run(ThreadPoolExecutor.java:624)
	at java.lang.Thread.run(Thread.java:748)
Caused by: java.io.IOException: Unable to create directory for metadata storage. Path: /home/runner/work/ozone/ozone/mnt/ozone/hadoop-ozone/integration-test/target/test-dir/MiniOzoneClusterImpl-c6f84d42-5853-4333-b7a0-bd2f0065fc62/datanode-1/data-0/containers/hdds/c6f84d42-5853-4333-b7a0-bd2f0065fc62/current/containerDir0/19/metadata
	at org.apache.hadoop.ozone.container.keyvalue.helpers.KeyValueContainerUtil.createContainerMetaData(KeyValueContainerUtil.java:92)
	at org.apache.hadoop.ozone.container.keyvalue.KeyValueContainer.create(KeyValueContainer.java:139)
	... 15 more
15:35:24.139 [ChunkWriter-0-0] ERROR DNAudit - user=null | ip=null | op=WRITE_CHUNK {blockData=conID: 19 locID: 107544261427200023 bcsId: 0} | ret=FAILURE
org.apache.hadoop.hdds.scm.container.common.helpers.StorageContainerException: ContainerID 19 creation failed
	at org.apache.hadoop.ozone.container.common.impl.HddsDispatcher.dispatchRequest(HddsDispatcher.java:262) ~[hdds-container-service-1.2.0-SNAPSHOT.jar:?]
	at org.apache.hadoop.ozone.container.common.impl.HddsDispatcher.lambda$dispatch$0(HddsDispatcher.java:169) ~[hdds-container-service-1.2.0-SNAPSHOT.jar:?]
	at org.apache.hadoop.hdds.server.OzoneProtocolMessageDispatcher.processRequest(OzoneProtocolMessageDispatcher.java:87) ~[hdds-server-framework-1.2.0-SNAPSHOT.jar:?]
	at org.apache.hadoop.ozone.container.common.impl.HddsDispatcher.dispatch(HddsDispatcher.java:168) ~[hdds-container-service-1.2.0-SNAPSHOT.jar:?]
	at org.apache.hadoop.ozone.container.common.transport.server.ratis.ContainerStateMachine.dispatchCommand(ContainerStateMachine.java:398) ~[hdds-container-service-1.2.0-SNAPSHOT.jar:?]
	at org.apache.hadoop.ozone.container.common.transport.server.ratis.ContainerStateMachine.runCommand(ContainerStateMachine.java:408) ~[hdds-container-service-1.2.0-SNAPSHOT.jar:?]
	at org.apache.hadoop.ozone.container.common.transport.server.ratis.ContainerStateMachine.lambda$handleWriteChunk$1(ContainerStateMachine.java:439) ~[hdds-container-service-1.2.0-SNAPSHOT.jar:?]
	at java.util.concurrent.CompletableFuture$AsyncSupply.run(CompletableFuture.java:1604) [?:1.8.0_292]
	at java.util.concurrent.ThreadPoolExecutor.runWorker(ThreadPoolExecutor.java:1149) [?:1.8.0_292]
	at java.util.concurrent.ThreadPoolExecutor$Worker.run(ThreadPoolExecutor.java:624) [?:1.8.0_292]
	at java.lang.Thread.run(Thread.java:748) [?:1.8.0_292]
2021-07-27 15:35:24,139 [ChunkWriter-0-0] INFO  impl.HddsDispatcher (ContainerUtils.java:logAndReturnError(89)) - Operation: WriteChunk , Trace ID:  , Message: ContainerID 19 creation failed , Result: CONTAINER_INTERNAL_ERROR , StorageContainerException Occurred.
org.apache.hadoop.hdds.scm.container.common.helpers.StorageContainerException: ContainerID 19 creation failed
	at org.apache.hadoop.ozone.container.common.impl.HddsDispatcher.dispatchRequest(HddsDispatcher.java:262)
	at org.apache.hadoop.ozone.container.common.impl.HddsDispatcher.lambda$dispatch$0(HddsDispatcher.java:169)
	at org.apache.hadoop.hdds.server.OzoneProtocolMessageDispatcher.processRequest(OzoneProtocolMessageDispatcher.java:87)
	at org.apache.hadoop.ozone.container.common.impl.HddsDispatcher.dispatch(HddsDispatcher.java:168)
	at org.apache.hadoop.ozone.container.common.transport.server.ratis.ContainerStateMachine.dispatchCommand(ContainerStateMachine.java:398)
	at org.apache.hadoop.ozone.container.common.transport.server.ratis.ContainerStateMachine.runCommand(ContainerStateMachine.java:408)
	at org.apache.hadoop.ozone.container.common.transport.server.ratis.ContainerStateMachine.lambda$handleWriteChunk$1(ContainerStateMachine.java:439)
	at java.util.concurrent.CompletableFuture$AsyncSupply.run(CompletableFuture.java:1604)
	at java.util.concurrent.ThreadPoolExecutor.runWorker(ThreadPoolExecutor.java:1149)
	at java.util.concurrent.ThreadPoolExecutor$Worker.run(ThreadPoolExecutor.java:624)
	at java.lang.Thread.run(Thread.java:748)
2021-07-27 15:35:24,143 [ChunkWriter-0-0] ERROR ratis.ContainerStateMachine (ContainerStateMachine.java:lambda$handleWriteChunk$2(467)) - group-19CDBB44AE46: writeChunk writeStateMachineData failed: blockIdcontainerID: 19
localID: 107544261427200023
blockCommitSequenceId: 0
 logIndex 1 chunkName 107544261427200023_chunk_1 Error message: ContainerID 19 creation failed Container Result: CONTAINER_INTERNAL_ERROR
2021-07-27 15:35:24,143 [81779055-ba29-4e92-9662-ae2ec67a510c@group-19CDBB44AE46-SegmentedRaftLogWorker] ERROR ratis.XceiverServerRatis (XceiverServerRatis.java:triggerPipelineClose(672)) - pipeline Action CLOSE on pipeline PipelineID=ded41929-1a6a-4db1-8452-19cdbb44ae46.Reason : ContainerID 19 creation failed
2021-07-27 15:35:24,144 [Datanode State Machine Thread - 0] WARN  statemachine.StateContext (StateContext.java:execute(621)) - No available thread in pool for past 1 seconds.
2021-07-27 15:35:24,144 [81779055-ba29-4e92-9662-ae2ec67a510c@group-19CDBB44AE46-SegmentedRaftLogWorker] ERROR ratis.XceiverServerRatis (XceiverServerRatis.java:triggerPipelineClose(672)) - pipeline Action CLOSE on pipeline PipelineID=ded41929-1a6a-4db1-8452-19cdbb44ae46.Reason : Log already failed at index 1 for task WriteLog:1: (t:1, i:1), STATEMACHINELOGENTRY, cmdType: WriteChunk traceID: "" containerID: 19 datanodeUuid: "019b1b79-4eb1-4856-a72b-312c00737279" pipelineID: "ded41929-1a6a-4db1-8452-19cdbb44ae46" writeChunk { blockID { containerID: 19 localID: 107544261427200023 blockCommitSequenceId: 0 } chunkData { chunkName: "107544261427200023_chunk_1" offset: 0 len: 1048576 checksumData { type: NONE bytesPerChecksum: 1048576 } } }, container path=nonexistent
2021-07-27 15:35:24,145 [06176d23-931f-4bc0-889d-083490fc12b7@group-19CDBB44AE46-SegmentedRaftLogWorker] ERROR ratis.XceiverServerRatis (XceiverServerRatis.java:triggerPipelineClose(672)) - pipeline Action CLOSE on pipeline PipelineID=ded41929-1a6a-4db1-8452-19cdbb44ae46.Reason : Log already failed at index 0 for task StartLogSegment:0
2021-07-27 15:35:24,145 [EventQueue-PipelineActionsForPipelineActionHandler] INFO  pipeline.PipelineActionHandler (PipelineActionHandler.java:processPipelineAction(82)) - Received pipeline action CLOSE for PipelineID=ded41929-1a6a-4db1-8452-19cdbb44ae46 from datanode 81779055-ba29-4e92-9662-ae2ec67a510c. Reason : ContainerID 19 creation failed
2021-07-27 15:35:24,145 [EventQueue-PipelineActionsForPipelineActionHandler] WARN  pipeline.PipelineActionHandler (PipelineActionHandler.java:processPipelineAction(93)) - Pipeline action CLOSE received for unknown pipeline PipelineID=ded41929-1a6a-4db1-8452-19cdbb44ae46, firing close pipeline event.
2021-07-27 15:35:24,146 [Datanode State Machine Thread - 0] WARN  statemachine.StateContext (StateContext.java:execute(621)) - No available thread in pool for past 1 seconds.
2021-07-27 15:35:24,146 [Datanode State Machine Thread - 0] WARN  statemachine.StateContext (StateContext.java:execute(621)) - No available thread in pool for past 1 seconds.
2021-07-27 15:35:24,147 [EventQueue-PipelineActionsForPipelineActionHandler] INFO  pipeline.PipelineActionHandler (PipelineActionHandler.java:processPipelineAction(82)) - Received pipeline action CLOSE for PipelineID=ded41929-1a6a-4db1-8452-19cdbb44ae46 from datanode 06176d23-931f-4bc0-889d-083490fc12b7. Reason : Log already failed at index 0 for task StartLogSegment:0
2021-07-27 15:35:24,147 [EventQueue-PipelineActionsForPipelineActionHandler] WARN  pipeline.PipelineActionHandler (PipelineActionHandler.java:processPipelineAction(93)) - Pipeline action CLOSE received for unknown pipeline PipelineID=ded41929-1a6a-4db1-8452-19cdbb44ae46, firing close pipeline event.
2021-07-27 15:35:24,146 [ChunkWriter-0-0] ERROR helpers.KeyValueContainerUtil (KeyValueContainerUtil.java:createContainerMetaData(90)) - Unable to create directory for metadata storage. Path: /home/runner/work/ozone/ozone/mnt/ozone/hadoop-ozone/integration-test/target/test-dir/MiniOzoneClusterImpl-c6f84d42-5853-4333-b7a0-bd2f0065fc62/datanode-4/data-0/containers/hdds/c6f84d42-5853-4333-b7a0-bd2f0065fc62/current/containerDir0/19/metadata
2021-07-27 15:35:24,162 [ChunkWriter-0-0] INFO  keyvalue.KeyValueHandler (ContainerUtils.java:logAndReturnError(89)) - Operation: CreateContainer , Trace ID:  , Message: Container creation failed. Unable to create directory for metadata storage. Path: /home/runner/work/ozone/ozone/mnt/ozone/hadoop-ozone/integration-test/target/test-dir/MiniOzoneClusterImpl-c6f84d42-5853-4333-b7a0-bd2f0065fc62/datanode-4/data-0/containers/hdds/c6f84d42-5853-4333-b7a0-bd2f0065fc62/current/containerDir0/19/metadata , Result: CONTAINER_INTERNAL_ERROR , StorageContainerException Occurred.
org.apache.hadoop.hdds.scm.container.common.helpers.StorageContainerException: Container creation failed. Unable to create directory for metadata storage. Path: /home/runner/work/ozone/ozone/mnt/ozone/hadoop-ozone/integration-test/target/test-dir/MiniOzoneClusterImpl-c6f84d42-5853-4333-b7a0-bd2f0065fc62/datanode-4/data-0/containers/hdds/c6f84d42-5853-4333-b7a0-bd2f0065fc62/current/containerDir0/19/metadata
	at org.apache.hadoop.ozone.container.keyvalue.KeyValueContainer.create(KeyValueContainer.java:171)
	at org.apache.hadoop.ozone.container.keyvalue.KeyValueHandler.handleCreateContainer(KeyValueHandler.java:265)
	at org.apache.hadoop.ozone.container.keyvalue.KeyValueHandler.dispatchRequest(KeyValueHandler.java:182)
	at org.apache.hadoop.ozone.container.keyvalue.KeyValueHandler.handle(KeyValueHandler.java:170)
	at org.apache.hadoop.ozone.container.common.impl.HddsDispatcher.createContainer(HddsDispatcher.java:423)
	at org.apache.hadoop.ozone.container.common.impl.HddsDispatcher.dispatchRequest(HddsDispatcher.java:258)
	at org.apache.hadoop.ozone.container.common.impl.HddsDispatcher.lambda$dispatch$0(HddsDispatcher.java:169)
	at org.apache.hadoop.hdds.server.OzoneProtocolMessageDispatcher.processRequest(OzoneProtocolMessageDispatcher.java:87)
	at org.apache.hadoop.ozone.container.common.impl.HddsDispatcher.dispatch(HddsDispatcher.java:168)
	at org.apache.hadoop.ozone.container.common.transport.server.ratis.ContainerStateMachine.dispatchCommand(ContainerStateMachine.java:398)
	at org.apache.hadoop.ozone.container.common.transport.server.ratis.ContainerStateMachine.runCommand(ContainerStateMachine.java:408)
	at org.apache.hadoop.ozone.container.common.transport.server.ratis.ContainerStateMachine.lambda$handleWriteChunk$1(ContainerStateMachine.java:439)
	at java.util.concurrent.CompletableFuture$AsyncSupply.run(CompletableFuture.java:1604)
	at java.util.concurrent.ThreadPoolExecutor.runWorker(ThreadPoolExecutor.java:1149)
	at java.util.concurrent.ThreadPoolExecutor$Worker.run(ThreadPoolExecutor.java:624)
	at java.lang.Thread.run(Thread.java:748)
Caused by: java.io.IOException: Unable to create directory for metadata storage. Path: /home/runner/work/ozone/ozone/mnt/ozone/hadoop-ozone/integration-test/target/test-dir/MiniOzoneClusterImpl-c6f84d42-5853-4333-b7a0-bd2f0065fc62/datanode-4/data-0/containers/hdds/c6f84d42-5853-4333-b7a0-bd2f0065fc62/current/containerDir0/19/metadata
	at org.apache.hadoop.ozone.container.keyvalue.helpers.KeyValueContainerUtil.createContainerMetaData(KeyValueContainerUtil.java:92)
	at org.apache.hadoop.ozone.container.keyvalue.KeyValueContainer.create(KeyValueContainer.java:139)
	... 15 more
2021-07-27 15:35:24,164 [ChunkWriter-0-0] ERROR helpers.KeyValueContainerUtil (KeyValueContainerUtil.java:createContainerMetaData(90)) - Unable to create directory for metadata storage. Path: /home/runner/work/ozone/ozone/mnt/ozone/hadoop-ozone/integration-test/target/test-dir/MiniOzoneClusterImpl-c6f84d42-5853-4333-b7a0-bd2f0065fc62/datanode-1/data-0/containers/hdds/c6f84d42-5853-4333-b7a0-bd2f0065fc62/current/containerDir0/19/metadata
15:35:24.164 [ChunkWriter-0-0] ERROR DNAudit - user=null | ip=null | op=WRITE_CHUNK {blockData=conID: 19 locID: 107544261427200023 bcsId: 0} | ret=FAILURE
org.apache.hadoop.hdds.scm.container.common.helpers.StorageContainerException: ContainerID 19 creation failed
	at org.apache.hadoop.ozone.container.common.impl.HddsDispatcher.dispatchRequest(HddsDispatcher.java:262) ~[hdds-container-service-1.2.0-SNAPSHOT.jar:?]
	at org.apache.hadoop.ozone.container.common.impl.HddsDispatcher.lambda$dispatch$0(HddsDispatcher.java:169) ~[hdds-container-service-1.2.0-SNAPSHOT.jar:?]
	at org.apache.hadoop.hdds.server.OzoneProtocolMessageDispatcher.processRequest(OzoneProtocolMessageDispatcher.java:87) ~[hdds-server-framework-1.2.0-SNAPSHOT.jar:?]
	at org.apache.hadoop.ozone.container.common.impl.HddsDispatcher.dispatch(HddsDispatcher.java:168) ~[hdds-container-service-1.2.0-SNAPSHOT.jar:?]
	at org.apache.hadoop.ozone.container.common.transport.server.ratis.ContainerStateMachine.dispatchCommand(ContainerStateMachine.java:398) ~[hdds-container-service-1.2.0-SNAPSHOT.jar:?]
	at org.apache.hadoop.ozone.container.common.transport.server.ratis.ContainerStateMachine.runCommand(ContainerStateMachine.java:408) ~[hdds-container-service-1.2.0-SNAPSHOT.jar:?]
	at org.apache.hadoop.ozone.container.common.transport.server.ratis.ContainerStateMachine.lambda$handleWriteChunk$1(ContainerStateMachine.java:439) ~[hdds-container-service-1.2.0-SNAPSHOT.jar:?]
	at java.util.concurrent.CompletableFuture$AsyncSupply.run(CompletableFuture.java:1604) [?:1.8.0_292]
	at java.util.concurrent.ThreadPoolExecutor.runWorker(ThreadPoolExecutor.java:1149) [?:1.8.0_292]
	at java.util.concurrent.ThreadPoolExecutor$Worker.run(ThreadPoolExecutor.java:624) [?:1.8.0_292]
	at java.lang.Thread.run(Thread.java:748) [?:1.8.0_292]
2021-07-27 15:35:24,164 [ChunkWriter-0-0] INFO  keyvalue.KeyValueHandler (ContainerUtils.java:logAndReturnError(89)) - Operation: CreateContainer , Trace ID:  , Message: Container creation failed. Unable to create directory for metadata storage. Path: /home/runner/work/ozone/ozone/mnt/ozone/hadoop-ozone/integration-test/target/test-dir/MiniOzoneClusterImpl-c6f84d42-5853-4333-b7a0-bd2f0065fc62/datanode-1/data-0/containers/hdds/c6f84d42-5853-4333-b7a0-bd2f0065fc62/current/containerDir0/19/metadata , Result: CONTAINER_INTERNAL_ERROR , StorageContainerException Occurred.
org.apache.hadoop.hdds.scm.container.common.helpers.StorageContainerException: Container creation failed. Unable to create directory for metadata storage. Path: /home/runner/work/ozone/ozone/mnt/ozone/hadoop-ozone/integration-test/target/test-dir/MiniOzoneClusterImpl-c6f84d42-5853-4333-b7a0-bd2f0065fc62/datanode-1/data-0/containers/hdds/c6f84d42-5853-4333-b7a0-bd2f0065fc62/current/containerDir0/19/metadata
	at org.apache.hadoop.ozone.container.keyvalue.KeyValueContainer.create(KeyValueContainer.java:171)
	at org.apache.hadoop.ozone.container.keyvalue.KeyValueHandler.handleCreateContainer(KeyValueHandler.java:265)
	at org.apache.hadoop.ozone.container.keyvalue.KeyValueHandler.dispatchRequest(KeyValueHandler.java:182)
	at org.apache.hadoop.ozone.container.keyvalue.KeyValueHandler.handle(KeyValueHandler.java:170)
	at org.apache.hadoop.ozone.container.common.impl.HddsDispatcher.createContainer(HddsDispatcher.java:423)
	at org.apache.hadoop.ozone.container.common.impl.HddsDispatcher.dispatchRequest(HddsDispatcher.java:258)
	at org.apache.hadoop.ozone.container.common.impl.HddsDispatcher.lambda$dispatch$0(HddsDispatcher.java:169)
	at org.apache.hadoop.hdds.server.OzoneProtocolMessageDispatcher.processRequest(OzoneProtocolMessageDispatcher.java:87)
	at org.apache.hadoop.ozone.container.common.impl.HddsDispatcher.dispatch(HddsDispatcher.java:168)
	at org.apache.hadoop.ozone.container.common.transport.server.ratis.ContainerStateMachine.dispatchCommand(ContainerStateMachine.java:398)
	at org.apache.hadoop.ozone.container.common.transport.server.ratis.ContainerStateMachine.runCommand(ContainerStateMachine.java:408)
	at org.apache.hadoop.ozone.container.common.transport.server.ratis.ContainerStateMachine.lambda$handleWriteChunk$1(ContainerStateMachine.java:439)
	at java.util.concurrent.CompletableFuture$AsyncSupply.run(CompletableFuture.java:1604)
	at java.util.concurrent.ThreadPoolExecutor.runWorker(ThreadPoolExecutor.java:1149)
	at java.util.concurrent.ThreadPoolExecutor$Worker.run(ThreadPoolExecutor.java:624)
	at java.lang.Thread.run(Thread.java:748)
Caused by: java.io.IOException: Unable to create directory for metadata storage. Path: /home/runner/work/ozone/ozone/mnt/ozone/hadoop-ozone/integration-test/target/test-dir/MiniOzoneClusterImpl-c6f84d42-5853-4333-b7a0-bd2f0065fc62/datanode-1/data-0/containers/hdds/c6f84d42-5853-4333-b7a0-bd2f0065fc62/current/containerDir0/19/metadata
	at org.apache.hadoop.ozone.container.keyvalue.helpers.KeyValueContainerUtil.createContainerMetaData(KeyValueContainerUtil.java:92)
	at org.apache.hadoop.ozone.container.keyvalue.KeyValueContainer.create(KeyValueContainer.java:139)
	... 15 more
15:35:24.164 [ChunkWriter-0-0] ERROR DNAudit - user=null | ip=null | op=WRITE_CHUNK {blockData=conID: 19 locID: 107544261427200023 bcsId: 0} | ret=FAILURE
org.apache.hadoop.hdds.scm.container.common.helpers.StorageContainerException: ContainerID 19 creation failed
	at org.apache.hadoop.ozone.container.common.impl.HddsDispatcher.dispatchRequest(HddsDispatcher.java:262) ~[hdds-container-service-1.2.0-SNAPSHOT.jar:?]
	at org.apache.hadoop.ozone.container.common.impl.HddsDispatcher.lambda$dispatch$0(HddsDispatcher.java:169) ~[hdds-container-service-1.2.0-SNAPSHOT.jar:?]
	at org.apache.hadoop.hdds.server.OzoneProtocolMessageDispatcher.processRequest(OzoneProtocolMessageDispatcher.java:87) ~[hdds-server-framework-1.2.0-SNAPSHOT.jar:?]
	at org.apache.hadoop.ozone.container.common.impl.HddsDispatcher.dispatch(HddsDispatcher.java:168) ~[hdds-container-service-1.2.0-SNAPSHOT.jar:?]
	at org.apache.hadoop.ozone.container.common.transport.server.ratis.ContainerStateMachine.dispatchCommand(ContainerStateMachine.java:398) ~[hdds-container-service-1.2.0-SNAPSHOT.jar:?]
	at org.apache.hadoop.ozone.container.common.transport.server.ratis.ContainerStateMachine.runCommand(ContainerStateMachine.java:408) ~[hdds-container-service-1.2.0-SNAPSHOT.jar:?]
	at org.apache.hadoop.ozone.container.common.transport.server.ratis.ContainerStateMachine.lambda$handleWriteChunk$1(ContainerStateMachine.java:439) ~[hdds-container-service-1.2.0-SNAPSHOT.jar:?]
	at java.util.concurrent.CompletableFuture$AsyncSupply.run(CompletableFuture.java:1604) [?:1.8.0_292]
	at java.util.concurrent.ThreadPoolExecutor.runWorker(ThreadPoolExecutor.java:1149) [?:1.8.0_292]
	at java.util.concurrent.ThreadPoolExecutor$Worker.run(ThreadPoolExecutor.java:624) [?:1.8.0_292]
	at java.lang.Thread.run(Thread.java:748) [?:1.8.0_292]
2021-07-27 15:35:24,164 [ChunkWriter-0-0] INFO  impl.HddsDispatcher (ContainerUtils.java:logAndReturnError(89)) - Operation: WriteChunk , Trace ID:  , Message: ContainerID 19 creation failed , Result: CONTAINER_INTERNAL_ERROR , StorageContainerException Occurred.
org.apache.hadoop.hdds.scm.container.common.helpers.StorageContainerException: ContainerID 19 creation failed
	at org.apache.hadoop.ozone.container.common.impl.HddsDispatcher.dispatchRequest(HddsDispatcher.java:262)
	at org.apache.hadoop.ozone.container.common.impl.HddsDispatcher.lambda$dispatch$0(HddsDispatcher.java:169)
	at org.apache.hadoop.hdds.server.OzoneProtocolMessageDispatcher.processRequest(OzoneProtocolMessageDispatcher.java:87)
	at org.apache.hadoop.ozone.container.common.impl.HddsDispatcher.dispatch(HddsDispatcher.java:168)
	at org.apache.hadoop.ozone.container.common.transport.server.ratis.ContainerStateMachine.dispatchCommand(ContainerStateMachine.java:398)
	at org.apache.hadoop.ozone.container.common.transport.server.ratis.ContainerStateMachine.runCommand(ContainerStateMachine.java:408)
	at org.apache.hadoop.ozone.container.common.transport.server.ratis.ContainerStateMachine.lambda$handleWriteChunk$1(ContainerStateMachine.java:439)
	at java.util.concurrent.CompletableFuture$AsyncSupply.run(CompletableFuture.java:1604)
	at java.util.concurrent.ThreadPoolExecutor.runWorker(ThreadPoolExecutor.java:1149)
	at java.util.concurrent.ThreadPoolExecutor$Worker.run(ThreadPoolExecutor.java:624)
	at java.lang.Thread.run(Thread.java:748)
2021-07-27 15:35:24,165 [ChunkWriter-0-0] ERROR ratis.ContainerStateMachine (ContainerStateMachine.java:lambda$handleWriteChunk$2(467)) - group-19CDBB44AE46: writeChunk writeStateMachineData failed: blockIdcontainerID: 19
localID: 107544261427200023
blockCommitSequenceId: 0
 logIndex 3 chunkName 107544261427200023_chunk_2 Error message: ContainerID 19 creation failed Container Result: CONTAINER_INTERNAL_ERROR
2021-07-27 15:35:24,162 [019b1b79-4eb1-4856-a72b-312c00737279@group-19CDBB44AE46-SegmentedRaftLogWorker] ERROR ratis.XceiverServerRatis (XceiverServerRatis.java:triggerPipelineClose(672)) - pipeline Action CLOSE on pipeline PipelineID=ded41929-1a6a-4db1-8452-19cdbb44ae46.Reason : Log already failed at index 0 for task StartLogSegment:0
2021-07-27 15:35:24,164 [ChunkWriter-0-0] INFO  impl.HddsDispatcher (ContainerUtils.java:logAndReturnError(89)) - Operation: WriteChunk , Trace ID:  , Message: ContainerID 19 creation failed , Result: CONTAINER_INTERNAL_ERROR , StorageContainerException Occurred.
org.apache.hadoop.hdds.scm.container.common.helpers.StorageContainerException: ContainerID 19 creation failed
	at org.apache.hadoop.ozone.container.common.impl.HddsDispatcher.dispatchRequest(HddsDispatcher.java:262)
	at org.apache.hadoop.ozone.container.common.impl.HddsDispatcher.lambda$dispatch$0(HddsDispatcher.java:169)
	at org.apache.hadoop.hdds.server.OzoneProtocolMessageDispatcher.processRequest(OzoneProtocolMessageDispatcher.java:87)
	at org.apache.hadoop.ozone.container.common.impl.HddsDispatcher.dispatch(HddsDispatcher.java:168)
	at org.apache.hadoop.ozone.container.common.transport.server.ratis.ContainerStateMachine.dispatchCommand(ContainerStateMachine.java:398)
	at org.apache.hadoop.ozone.container.common.transport.server.ratis.ContainerStateMachine.runCommand(ContainerStateMachine.java:408)
	at org.apache.hadoop.ozone.container.common.transport.server.ratis.ContainerStateMachine.lambda$handleWriteChunk$1(ContainerStateMachine.java:439)
	at java.util.concurrent.CompletableFuture$AsyncSupply.run(CompletableFuture.java:1604)
	at java.util.concurrent.ThreadPoolExecutor.runWorker(ThreadPoolExecutor.java:1149)
	at java.util.concurrent.ThreadPoolExecutor$Worker.run(ThreadPoolExecutor.java:624)
	at java.lang.Thread.run(Thread.java:748)
2021-07-27 15:35:24,168 [ChunkWriter-0-0] ERROR ratis.ContainerStateMachine (ContainerStateMachine.java:lambda$handleWriteChunk$2(467)) - group-19CDBB44AE46: writeChunk writeStateMachineData failed: blockIdcontainerID: 19
localID: 107544261427200023
blockCommitSequenceId: 0
 logIndex 1 chunkName 107544261427200023_chunk_1 Error message: ContainerID 19 creation failed Container Result: CONTAINER_INTERNAL_ERROR
2021-07-27 15:35:24,164 [Datanode State Machine Thread - 0] WARN  statemachine.StateContext (StateContext.java:execute(621)) - No available thread in pool for past 1 seconds.
2021-07-27 15:35:24,163 [EventQueue-PipelineActionsForPipelineActionHandler] INFO  pipeline.PipelineActionHandler (PipelineActionHandler.java:processPipelineAction(82)) - Received pipeline action CLOSE for PipelineID=ded41929-1a6a-4db1-8452-19cdbb44ae46 from datanode 06176d23-931f-4bc0-889d-083490fc12b7. Reason : Log already failed at index 0 for task StartLogSegment:0
2021-07-27 15:35:24,169 [EventQueue-PipelineActionsForPipelineActionHandler] WARN  pipeline.PipelineActionHandler (PipelineActionHandler.java:processPipelineAction(93)) - Pipeline action CLOSE received for unknown pipeline PipelineID=ded41929-1a6a-4db1-8452-19cdbb44ae46, firing close pipeline event.
2021-07-27 15:35:24,169 [EventQueue-PipelineActionsForPipelineActionHandler] INFO  pipeline.PipelineActionHandler (PipelineActionHandler.java:processPipelineAction(82)) - Received pipeline action CLOSE for PipelineID=ded41929-1a6a-4db1-8452-19cdbb44ae46 from datanode 019b1b79-4eb1-4856-a72b-312c00737279. Reason : Log already failed at index 0 for task StartLogSegment:0
2021-07-27 15:35:24,169 [EventQueue-PipelineActionsForPipelineActionHandler] WARN  pipeline.PipelineActionHandler (PipelineActionHandler.java:processPipelineAction(93)) - Pipeline action CLOSE received for unknown pipeline PipelineID=ded41929-1a6a-4db1-8452-19cdbb44ae46, firing close pipeline event.
2021-07-27 15:35:24,162 [06176d23-931f-4bc0-889d-083490fc12b7@group-19CDBB44AE46-SegmentedRaftLogWorker] ERROR ratis.XceiverServerRatis (XceiverServerRatis.java:triggerPipelineClose(672)) - pipeline Action CLOSE on pipeline PipelineID=ded41929-1a6a-4db1-8452-19cdbb44ae46.Reason : Log already failed at index 0 for task StartLogSegment:0
2021-07-27 15:35:24,146 [ChunkWriter-0-0] ERROR helpers.KeyValueContainerUtil (KeyValueContainerUtil.java:createContainerMetaData(90)) - Unable to create directory for metadata storage. Path: /home/runner/work/ozone/ozone/mnt/ozone/hadoop-ozone/integration-test/target/test-dir/MiniOzoneClusterImpl-c6f84d42-5853-4333-b7a0-bd2f0065fc62/datanode-2/data-0/containers/hdds/c6f84d42-5853-4333-b7a0-bd2f0065fc62/current/containerDir0/19/metadata
2021-07-27 15:35:24,162 [Datanode State Machine Thread - 0] WARN  statemachine.StateContext (StateContext.java:execute(621)) - No available thread in pool for past 1 seconds.
2021-07-27 15:35:24,169 [ChunkWriter-0-0] INFO  keyvalue.KeyValueHandler (ContainerUtils.java:logAndReturnError(89)) - Operation: CreateContainer , Trace ID:  , Message: Container creation failed. Unable to create directory for metadata storage. Path: /home/runner/work/ozone/ozone/mnt/ozone/hadoop-ozone/integration-test/target/test-dir/MiniOzoneClusterImpl-c6f84d42-5853-4333-b7a0-bd2f0065fc62/datanode-2/data-0/containers/hdds/c6f84d42-5853-4333-b7a0-bd2f0065fc62/current/containerDir0/19/metadata , Result: CONTAINER_INTERNAL_ERROR , StorageContainerException Occurred.
org.apache.hadoop.hdds.scm.container.common.helpers.StorageContainerException: Container creation failed. Unable to create directory for metadata storage. Path: /home/runner/work/ozone/ozone/mnt/ozone/hadoop-ozone/integration-test/target/test-dir/MiniOzoneClusterImpl-c6f84d42-5853-4333-b7a0-bd2f0065fc62/datanode-2/data-0/containers/hdds/c6f84d42-5853-4333-b7a0-bd2f0065fc62/current/containerDir0/19/metadata
	at org.apache.hadoop.ozone.container.keyvalue.KeyValueContainer.create(KeyValueContainer.java:171)
	at org.apache.hadoop.ozone.container.keyvalue.KeyValueHandler.handleCreateContainer(KeyValueHandler.java:265)
	at org.apache.hadoop.ozone.container.keyvalue.KeyValueHandler.dispatchRequest(KeyValueHandler.java:182)
	at org.apache.hadoop.ozone.container.keyvalue.KeyValueHandler.handle(KeyValueHandler.java:170)
	at org.apache.hadoop.ozone.container.common.impl.HddsDispatcher.createContainer(HddsDispatcher.java:423)
	at org.apache.hadoop.ozone.container.common.impl.HddsDispatcher.dispatchRequest(HddsDispatcher.java:258)
	at org.apache.hadoop.ozone.container.common.impl.HddsDispatcher.lambda$dispatch$0(HddsDispatcher.java:169)
	at org.apache.hadoop.hdds.server.OzoneProtocolMessageDispatcher.processRequest(OzoneProtocolMessageDispatcher.java:87)
	at org.apache.hadoop.ozone.container.common.impl.HddsDispatcher.dispatch(HddsDispatcher.java:168)
	at org.apache.hadoop.ozone.container.common.transport.server.ratis.ContainerStateMachine.dispatchCommand(ContainerStateMachine.java:398)
	at org.apache.hadoop.ozone.container.common.transport.server.ratis.ContainerStateMachine.runCommand(ContainerStateMachine.java:408)
	at org.apache.hadoop.ozone.container.common.transport.server.ratis.ContainerStateMachine.lambda$handleWriteChunk$1(ContainerStateMachine.java:439)
	at java.util.concurrent.CompletableFuture$AsyncSupply.run(CompletableFuture.java:1604)
	at java.util.concurrent.ThreadPoolExecutor.runWorker(ThreadPoolExecutor.java:1149)
	at java.util.concurrent.ThreadPoolExecutor$Worker.run(ThreadPoolExecutor.java:624)
	at java.lang.Thread.run(Thread.java:748)
Caused by: java.io.IOException: Unable to create directory for metadata storage. Path: /home/runner/work/ozone/ozone/mnt/ozone/hadoop-ozone/integration-test/target/test-dir/MiniOzoneClusterImpl-c6f84d42-5853-4333-b7a0-bd2f0065fc62/datanode-2/data-0/containers/hdds/c6f84d42-5853-4333-b7a0-bd2f0065fc62/current/containerDir0/19/metadata
	at org.apache.hadoop.ozone.container.keyvalue.helpers.KeyValueContainerUtil.createContainerMetaData(KeyValueContainerUtil.java:92)
	at org.apache.hadoop.ozone.container.keyvalue.KeyValueContainer.create(KeyValueContainer.java:139)
	... 15 more
15:35:24.170 [ChunkWriter-0-0] ERROR DNAudit - user=null | ip=null | op=WRITE_CHUNK {blockData=conID: 19 locID: 107544261427200023 bcsId: 0} | ret=FAILURE
org.apache.hadoop.hdds.scm.container.common.helpers.StorageContainerException: ContainerID 19 creation failed
	at org.apache.hadoop.ozone.container.common.impl.HddsDispatcher.dispatchRequest(HddsDispatcher.java:262) ~[hdds-container-service-1.2.0-SNAPSHOT.jar:?]
	at org.apache.hadoop.ozone.container.common.impl.HddsDispatcher.lambda$dispatch$0(HddsDispatcher.java:169) ~[hdds-container-service-1.2.0-SNAPSHOT.jar:?]
	at org.apache.hadoop.hdds.server.OzoneProtocolMessageDispatcher.processRequest(OzoneProtocolMessageDispatcher.java:87) ~[hdds-server-framework-1.2.0-SNAPSHOT.jar:?]
	at org.apache.hadoop.ozone.container.common.impl.HddsDispatcher.dispatch(HddsDispatcher.java:168) ~[hdds-container-service-1.2.0-SNAPSHOT.jar:?]
	at org.apache.hadoop.ozone.container.common.transport.server.ratis.ContainerStateMachine.dispatchCommand(ContainerStateMachine.java:398) ~[hdds-container-service-1.2.0-SNAPSHOT.jar:?]
	at org.apache.hadoop.ozone.container.common.transport.server.ratis.ContainerStateMachine.runCommand(ContainerStateMachine.java:408) ~[hdds-container-service-1.2.0-SNAPSHOT.jar:?]
	at org.apache.hadoop.ozone.container.common.transport.server.ratis.ContainerStateMachine.lambda$handleWriteChunk$1(ContainerStateMachine.java:439) ~[hdds-container-service-1.2.0-SNAPSHOT.jar:?]
	at java.util.concurrent.CompletableFuture$AsyncSupply.run(CompletableFuture.java:1604) [?:1.8.0_292]
	at java.util.concurrent.ThreadPoolExecutor.runWorker(ThreadPoolExecutor.java:1149) [?:1.8.0_292]
	at java.util.concurrent.ThreadPoolExecutor$Worker.run(ThreadPoolExecutor.java:624) [?:1.8.0_292]
	at java.lang.Thread.run(Thread.java:748) [?:1.8.0_292]
2021-07-27 15:35:24,170 [ChunkWriter-0-0] INFO  impl.HddsDispatcher (ContainerUtils.java:logAndReturnError(89)) - Operation: WriteChunk , Trace ID:  , Message: ContainerID 19 creation failed , Result: CONTAINER_INTERNAL_ERROR , StorageContainerException Occurred.
org.apache.hadoop.hdds.scm.container.common.helpers.StorageContainerException: ContainerID 19 creation failed
	at org.apache.hadoop.ozone.container.common.impl.HddsDispatcher.dispatchRequest(HddsDispatcher.java:262)
	at org.apache.hadoop.ozone.container.common.impl.HddsDispatcher.lambda$dispatch$0(HddsDispatcher.java:169)
	at org.apache.hadoop.hdds.server.OzoneProtocolMessageDispatcher.processRequest(OzoneProtocolMessageDispatcher.java:87)
	at org.apache.hadoop.ozone.container.common.impl.HddsDispatcher.dispatch(HddsDispatcher.java:168)
	at org.apache.hadoop.ozone.container.common.transport.server.ratis.ContainerStateMachine.dispatchCommand(ContainerStateMachine.java:398)
	at org.apache.hadoop.ozone.container.common.transport.server.ratis.ContainerStateMachine.runCommand(ContainerStateMachine.java:408)
	at org.apache.hadoop.ozone.container.common.transport.server.ratis.ContainerStateMachine.lambda$handleWriteChunk$1(ContainerStateMachine.java:439)
	at java.util.concurrent.CompletableFuture$AsyncSupply.run(CompletableFuture.java:1604)
	at java.util.concurrent.ThreadPoolExecutor.runWorker(ThreadPoolExecutor.java:1149)
	at java.util.concurrent.ThreadPoolExecutor$Worker.run(ThreadPoolExecutor.java:624)
	at java.lang.Thread.run(Thread.java:748)
2021-07-27 15:35:24,170 [ChunkWriter-0-0] ERROR ratis.ContainerStateMachine (ContainerStateMachine.java:lambda$handleWriteChunk$2(467)) - group-19CDBB44AE46: writeChunk writeStateMachineData failed: blockIdcontainerID: 19
localID: 107544261427200023
blockCommitSequenceId: 0
 logIndex 1 chunkName 107544261427200023_chunk_1 Error message: ContainerID 19 creation failed Container Result: CONTAINER_INTERNAL_ERROR
2021-07-27 15:35:24,170 [ChunkWriter-0-0] ERROR helpers.KeyValueContainerUtil (KeyValueContainerUtil.java:createContainerMetaData(90)) - Unable to create directory for metadata storage. Path: /home/runner/work/ozone/ozone/mnt/ozone/hadoop-ozone/integration-test/target/test-dir/MiniOzoneClusterImpl-c6f84d42-5853-4333-b7a0-bd2f0065fc62/datanode-4/data-0/containers/hdds/c6f84d42-5853-4333-b7a0-bd2f0065fc62/current/containerDir0/19/metadata
2021-07-27 15:35:24,171 [ChunkWriter-0-0] INFO  keyvalue.KeyValueHandler (ContainerUtils.java:logAndReturnError(89)) - Operation: CreateContainer , Trace ID:  , Message: Container creation failed. Unable to create directory for metadata storage. Path: /home/runner/work/ozone/ozone/mnt/ozone/hadoop-ozone/integration-test/target/test-dir/MiniOzoneClusterImpl-c6f84d42-5853-4333-b7a0-bd2f0065fc62/datanode-4/data-0/containers/hdds/c6f84d42-5853-4333-b7a0-bd2f0065fc62/current/containerDir0/19/metadata , Result: CONTAINER_INTERNAL_ERROR , StorageContainerException Occurred.
org.apache.hadoop.hdds.scm.container.common.helpers.StorageContainerException: Container creation failed. Unable to create directory for metadata storage. Path: /home/runner/work/ozone/ozone/mnt/ozone/hadoop-ozone/integration-test/target/test-dir/MiniOzoneClusterImpl-c6f84d42-5853-4333-b7a0-bd2f0065fc62/datanode-4/data-0/containers/hdds/c6f84d42-5853-4333-b7a0-bd2f0065fc62/current/containerDir0/19/metadata
	at org.apache.hadoop.ozone.container.keyvalue.KeyValueContainer.create(KeyValueContainer.java:171)
	at org.apache.hadoop.ozone.container.keyvalue.KeyValueHandler.handleCreateContainer(KeyValueHandler.java:265)
	at org.apache.hadoop.ozone.container.keyvalue.KeyValueHandler.dispatchRequest(KeyValueHandler.java:182)
	at org.apache.hadoop.ozone.container.keyvalue.KeyValueHandler.handle(KeyValueHandler.java:170)
	at org.apache.hadoop.ozone.container.common.impl.HddsDispatcher.createContainer(HddsDispatcher.java:423)
	at org.apache.hadoop.ozone.container.common.impl.HddsDispatcher.dispatchRequest(HddsDispatcher.java:258)
	at org.apache.hadoop.ozone.container.common.impl.HddsDispatcher.lambda$dispatch$0(HddsDispatcher.java:169)
	at org.apache.hadoop.hdds.server.OzoneProtocolMessageDispatcher.processRequest(OzoneProtocolMessageDispatcher.java:87)
	at org.apache.hadoop.ozone.container.common.impl.HddsDispatcher.dispatch(HddsDispatcher.java:168)
	at org.apache.hadoop.ozone.container.common.transport.server.ratis.ContainerStateMachine.dispatchCommand(ContainerStateMachine.java:398)
	at org.apache.hadoop.ozone.container.common.transport.server.ratis.ContainerStateMachine.runCommand(ContainerStateMachine.java:408)
	at org.apache.hadoop.ozone.container.common.transport.server.ratis.ContainerStateMachine.lambda$handleWriteChunk$1(ContainerStateMachine.java:439)
	at java.util.concurrent.CompletableFuture$AsyncSupply.run(CompletableFuture.java:1604)
	at java.util.concurrent.ThreadPoolExecutor.runWorker(ThreadPoolExecutor.java:1149)
	at java.util.concurrent.ThreadPoolExecutor$Worker.run(ThreadPoolExecutor.java:624)
	at java.lang.Thread.run(Thread.java:748)
Caused by: java.io.IOException: Unable to create directory for metadata storage. Path: /home/runner/work/ozone/ozone/mnt/ozone/hadoop-ozone/integration-test/target/test-dir/MiniOzoneClusterImpl-c6f84d42-5853-4333-b7a0-bd2f0065fc62/datanode-4/data-0/containers/hdds/c6f84d42-5853-4333-b7a0-bd2f0065fc62/current/containerDir0/19/metadata
	at org.apache.hadoop.ozone.container.keyvalue.helpers.KeyValueContainerUtil.createContainerMetaData(KeyValueContainerUtil.java:92)
	at org.apache.hadoop.ozone.container.keyvalue.KeyValueContainer.create(KeyValueContainer.java:139)
	... 15 more
15:35:24.171 [ChunkWriter-0-0] ERROR DNAudit - user=null | ip=null | op=WRITE_CHUNK {blockData=conID: 19 locID: 107544261427200023 bcsId: 0} | ret=FAILURE
org.apache.hadoop.hdds.scm.container.common.helpers.StorageContainerException: ContainerID 19 creation failed
	at org.apache.hadoop.ozone.container.common.impl.HddsDispatcher.dispatchRequest(HddsDispatcher.java:262) ~[hdds-container-service-1.2.0-SNAPSHOT.jar:?]
	at org.apache.hadoop.ozone.container.common.impl.HddsDispatcher.lambda$dispatch$0(HddsDispatcher.java:169) ~[hdds-container-service-1.2.0-SNAPSHOT.jar:?]
	at org.apache.hadoop.hdds.server.OzoneProtocolMessageDispatcher.processRequest(OzoneProtocolMessageDispatcher.java:87) ~[hdds-server-framework-1.2.0-SNAPSHOT.jar:?]
	at org.apache.hadoop.ozone.container.common.impl.HddsDispatcher.dispatch(HddsDispatcher.java:168) ~[hdds-container-service-1.2.0-SNAPSHOT.jar:?]
	at org.apache.hadoop.ozone.container.common.transport.server.ratis.ContainerStateMachine.dispatchCommand(ContainerStateMachine.java:398) ~[hdds-container-service-1.2.0-SNAPSHOT.jar:?]
	at org.apache.hadoop.ozone.container.common.transport.server.ratis.ContainerStateMachine.runCommand(ContainerStateMachine.java:408) ~[hdds-container-service-1.2.0-SNAPSHOT.jar:?]
	at org.apache.hadoop.ozone.container.common.transport.server.ratis.ContainerStateMachine.lambda$handleWriteChunk$1(ContainerStateMachine.java:439) ~[hdds-container-service-1.2.0-SNAPSHOT.jar:?]
	at java.util.concurrent.CompletableFuture$AsyncSupply.run(CompletableFuture.java:1604) [?:1.8.0_292]
	at java.util.concurrent.ThreadPoolExecutor.runWorker(ThreadPoolExecutor.java:1149) [?:1.8.0_292]
	at java.util.concurrent.ThreadPoolExecutor$Worker.run(ThreadPoolExecutor.java:624) [?:1.8.0_292]
	at java.lang.Thread.run(Thread.java:748) [?:1.8.0_292]
2021-07-27 15:35:24,171 [ChunkWriter-0-0] INFO  impl.HddsDispatcher (ContainerUtils.java:logAndReturnError(89)) - Operation: WriteChunk , Trace ID:  , Message: ContainerID 19 creation failed , Result: CONTAINER_INTERNAL_ERROR , StorageContainerException Occurred.
org.apache.hadoop.hdds.scm.container.common.helpers.StorageContainerException: ContainerID 19 creation failed
	at org.apache.hadoop.ozone.container.common.impl.HddsDispatcher.dispatchRequest(HddsDispatcher.java:262)
	at org.apache.hadoop.ozone.container.common.impl.HddsDispatcher.lambda$dispatch$0(HddsDispatcher.java:169)
	at org.apache.hadoop.hdds.server.OzoneProtocolMessageDispatcher.processRequest(OzoneProtocolMessageDispatcher.java:87)
	at org.apache.hadoop.ozone.container.common.impl.HddsDispatcher.dispatch(HddsDispatcher.java:168)
	at org.apache.hadoop.ozone.container.common.transport.server.ratis.ContainerStateMachine.dispatchCommand(ContainerStateMachine.java:398)
	at org.apache.hadoop.ozone.container.common.transport.server.ratis.ContainerStateMachine.runCommand(ContainerStateMachine.java:408)
	at org.apache.hadoop.ozone.container.common.transport.server.ratis.ContainerStateMachine.lambda$handleWriteChunk$1(ContainerStateMachine.java:439)
	at java.util.concurrent.CompletableFuture$AsyncSupply.run(CompletableFuture.java:1604)
	at java.util.concurrent.ThreadPoolExecutor.runWorker(ThreadPoolExecutor.java:1149)
	at java.util.concurrent.ThreadPoolExecutor$Worker.run(ThreadPoolExecutor.java:624)
	at java.lang.Thread.run(Thread.java:748)
2021-07-27 15:35:24,171 [ChunkWriter-0-0] ERROR ratis.ContainerStateMachine (ContainerStateMachine.java:lambda$handleWriteChunk$2(467)) - group-19CDBB44AE46: writeChunk writeStateMachineData failed: blockIdcontainerID: 19
localID: 107544261427200023
blockCommitSequenceId: 0
 logIndex 3 chunkName 107544261427200023_chunk_2 Error message: ContainerID 19 creation failed Container Result: CONTAINER_INTERNAL_ERROR
2021-07-27 15:35:24,171 [ChunkWriter-0-0] ERROR helpers.KeyValueContainerUtil (KeyValueContainerUtil.java:createContainerMetaData(90)) - Unable to create directory for metadata storage. Path: /home/runner/work/ozone/ozone/mnt/ozone/hadoop-ozone/integration-test/target/test-dir/MiniOzoneClusterImpl-c6f84d42-5853-4333-b7a0-bd2f0065fc62/datanode-2/data-0/containers/hdds/c6f84d42-5853-4333-b7a0-bd2f0065fc62/current/containerDir0/19/metadata
2021-07-27 15:35:24,171 [ChunkWriter-0-0] INFO  keyvalue.KeyValueHandler (ContainerUtils.java:logAndReturnError(89)) - Operation: CreateContainer , Trace ID:  , Message: Container creation failed. Unable to create directory for metadata storage. Path: /home/runner/work/ozone/ozone/mnt/ozone/hadoop-ozone/integration-test/target/test-dir/MiniOzoneClusterImpl-c6f84d42-5853-4333-b7a0-bd2f0065fc62/datanode-2/data-0/containers/hdds/c6f84d42-5853-4333-b7a0-bd2f0065fc62/current/containerDir0/19/metadata , Result: CONTAINER_INTERNAL_ERROR , StorageContainerException Occurred.
org.apache.hadoop.hdds.scm.container.common.helpers.StorageContainerException: Container creation failed. Unable to create directory for metadata storage. Path: /home/runner/work/ozone/ozone/mnt/ozone/hadoop-ozone/integration-test/target/test-dir/MiniOzoneClusterImpl-c6f84d42-5853-4333-b7a0-bd2f0065fc62/datanode-2/data-0/containers/hdds/c6f84d42-5853-4333-b7a0-bd2f0065fc62/current/containerDir0/19/metadata
	at org.apache.hadoop.ozone.container.keyvalue.KeyValueContainer.create(KeyValueContainer.java:171)
	at org.apache.hadoop.ozone.container.keyvalue.KeyValueHandler.handleCreateContainer(KeyValueHandler.java:265)
	at org.apache.hadoop.ozone.container.keyvalue.KeyValueHandler.dispatchRequest(KeyValueHandler.java:182)
	at org.apache.hadoop.ozone.container.keyvalue.KeyValueHandler.handle(KeyValueHandler.java:170)
	at org.apache.hadoop.ozone.container.common.impl.HddsDispatcher.createContainer(HddsDispatcher.java:423)
	at org.apache.hadoop.ozone.container.common.impl.HddsDispatcher.dispatchRequest(HddsDispatcher.java:258)
	at org.apache.hadoop.ozone.container.common.impl.HddsDispatcher.lambda$dispatch$0(HddsDispatcher.java:169)
	at org.apache.hadoop.hdds.server.OzoneProtocolMessageDispatcher.processRequest(OzoneProtocolMessageDispatcher.java:87)
	at org.apache.hadoop.ozone.container.common.impl.HddsDispatcher.dispatch(HddsDispatcher.java:168)
	at org.apache.hadoop.ozone.container.common.transport.server.ratis.ContainerStateMachine.dispatchCommand(ContainerStateMachine.java:398)
	at org.apache.hadoop.ozone.container.common.transport.server.ratis.ContainerStateMachine.runCommand(ContainerStateMachine.java:408)
	at org.apache.hadoop.ozone.container.common.transport.server.ratis.ContainerStateMachine.lambda$handleWriteChunk$1(ContainerStateMachine.java:439)
	at java.util.concurrent.CompletableFuture$AsyncSupply.run(CompletableFuture.java:1604)
	at java.util.concurrent.ThreadPoolExecutor.runWorker(ThreadPoolExecutor.java:1149)
	at java.util.concurrent.ThreadPoolExecutor$Worker.run(ThreadPoolExecutor.java:624)
	at java.lang.Thread.run(Thread.java:748)
Caused by: java.io.IOException: Unable to create directory for metadata storage. Path: /home/runner/work/ozone/ozone/mnt/ozone/hadoop-ozone/integration-test/target/test-dir/MiniOzoneClusterImpl-c6f84d42-5853-4333-b7a0-bd2f0065fc62/datanode-2/data-0/containers/hdds/c6f84d42-5853-4333-b7a0-bd2f0065fc62/current/containerDir0/19/metadata
	at org.apache.hadoop.ozone.container.keyvalue.helpers.KeyValueContainerUtil.createContainerMetaData(KeyValueContainerUtil.java:92)
	at org.apache.hadoop.ozone.container.keyvalue.KeyValueContainer.create(KeyValueContainer.java:139)
	... 15 more
15:35:24.172 [ChunkWriter-0-0] ERROR DNAudit - user=null | ip=null | op=WRITE_CHUNK {blockData=conID: 19 locID: 107544261427200023 bcsId: 0} | ret=FAILURE
org.apache.hadoop.hdds.scm.container.common.helpers.StorageContainerException: ContainerID 19 creation failed
	at org.apache.hadoop.ozone.container.common.impl.HddsDispatcher.dispatchRequest(HddsDispatcher.java:262) ~[hdds-container-service-1.2.0-SNAPSHOT.jar:?]
	at org.apache.hadoop.ozone.container.common.impl.HddsDispatcher.lambda$dispatch$0(HddsDispatcher.java:169) ~[hdds-container-service-1.2.0-SNAPSHOT.jar:?]
	at org.apache.hadoop.hdds.server.OzoneProtocolMessageDispatcher.processRequest(OzoneProtocolMessageDispatcher.java:87) ~[hdds-server-framework-1.2.0-SNAPSHOT.jar:?]
	at org.apache.hadoop.ozone.container.common.impl.HddsDispatcher.dispatch(HddsDispatcher.java:168) ~[hdds-container-service-1.2.0-SNAPSHOT.jar:?]
	at org.apache.hadoop.ozone.container.common.transport.server.ratis.ContainerStateMachine.dispatchCommand(ContainerStateMachine.java:398) ~[hdds-container-service-1.2.0-SNAPSHOT.jar:?]
	at org.apache.hadoop.ozone.container.common.transport.server.ratis.ContainerStateMachine.runCommand(ContainerStateMachine.java:408) ~[hdds-container-service-1.2.0-SNAPSHOT.jar:?]
	at org.apache.hadoop.ozone.container.common.transport.server.ratis.ContainerStateMachine.lambda$handleWriteChunk$1(ContainerStateMachine.java:439) ~[hdds-container-service-1.2.0-SNAPSHOT.jar:?]
	at java.util.concurrent.CompletableFuture$AsyncSupply.run(CompletableFuture.java:1604) [?:1.8.0_292]
	at java.util.concurrent.ThreadPoolExecutor.runWorker(ThreadPoolExecutor.java:1149) [?:1.8.0_292]
	at java.util.concurrent.ThreadPoolExecutor$Worker.run(ThreadPoolExecutor.java:624) [?:1.8.0_292]
	at java.lang.Thread.run(Thread.java:748) [?:1.8.0_292]
2021-07-27 15:35:24,172 [ChunkWriter-0-0] INFO  impl.HddsDispatcher (ContainerUtils.java:logAndReturnError(89)) - Operation: WriteChunk , Trace ID:  , Message: ContainerID 19 creation failed , Result: CONTAINER_INTERNAL_ERROR , StorageContainerException Occurred.
org.apache.hadoop.hdds.scm.container.common.helpers.StorageContainerException: ContainerID 19 creation failed
	at org.apache.hadoop.ozone.container.common.impl.HddsDispatcher.dispatchRequest(HddsDispatcher.java:262)
	at org.apache.hadoop.ozone.container.common.impl.HddsDispatcher.lambda$dispatch$0(HddsDispatcher.java:169)
	at org.apache.hadoop.hdds.server.OzoneProtocolMessageDispatcher.processRequest(OzoneProtocolMessageDispatcher.java:87)
	at org.apache.hadoop.ozone.container.common.impl.HddsDispatcher.dispatch(HddsDispatcher.java:168)
	at org.apache.hadoop.ozone.container.common.transport.server.ratis.ContainerStateMachine.dispatchCommand(ContainerStateMachine.java:398)
	at org.apache.hadoop.ozone.container.common.transport.server.ratis.ContainerStateMachine.runCommand(ContainerStateMachine.java:408)
	at org.apache.hadoop.ozone.container.common.transport.server.ratis.ContainerStateMachine.lambda$handleWriteChunk$1(ContainerStateMachine.java:439)
	at java.util.concurrent.CompletableFuture$AsyncSupply.run(CompletableFuture.java:1604)
	at java.util.concurrent.ThreadPoolExecutor.runWorker(ThreadPoolExecutor.java:1149)
	at java.util.concurrent.ThreadPoolExecutor$Worker.run(ThreadPoolExecutor.java:624)
	at java.lang.Thread.run(Thread.java:748)
2021-07-27 15:35:24,172 [ChunkWriter-0-0] ERROR ratis.ContainerStateMachine (ContainerStateMachine.java:lambda$handleWriteChunk$2(467)) - group-19CDBB44AE46: writeChunk writeStateMachineData failed: blockIdcontainerID: 19
localID: 107544261427200023
blockCommitSequenceId: 0
 logIndex 3 chunkName 107544261427200023_chunk_2 Error message: ContainerID 19 creation failed Container Result: CONTAINER_INTERNAL_ERROR
2021-07-27 15:35:24,181 [06176d23-931f-4bc0-889d-083490fc12b7@group-19CDBB44AE46-SegmentedRaftLogWorker] ERROR ratis.XceiverServerRatis (XceiverServerRatis.java:triggerPipelineClose(672)) - pipeline Action CLOSE on pipeline PipelineID=ded41929-1a6a-4db1-8452-19cdbb44ae46.Reason : Log already failed at index 0 for task StartLogSegment:0
2021-07-27 15:35:24,181 [Datanode State Machine Thread - 0] WARN  statemachine.StateContext (StateContext.java:execute(621)) - No available thread in pool for past 1 seconds.
2021-07-27 15:35:24,182 [EventQueue-PipelineActionsForPipelineActionHandler] INFO  pipeline.PipelineActionHandler (PipelineActionHandler.java:processPipelineAction(82)) - Received pipeline action CLOSE for PipelineID=ded41929-1a6a-4db1-8452-19cdbb44ae46 from datanode 06176d23-931f-4bc0-889d-083490fc12b7. Reason : Log already failed at index 0 for task StartLogSegment:0
2021-07-27 15:35:24,182 [EventQueue-PipelineActionsForPipelineActionHandler] WARN  pipeline.PipelineActionHandler (PipelineActionHandler.java:processPipelineAction(93)) - Pipeline action CLOSE received for unknown pipeline PipelineID=ded41929-1a6a-4db1-8452-19cdbb44ae46, firing close pipeline event.
2021-07-27 15:35:24,186 [06176d23-931f-4bc0-889d-083490fc12b7@group-19CDBB44AE46-SegmentedRaftLogWorker] ERROR ratis.XceiverServerRatis (XceiverServerRatis.java:triggerPipelineClose(672)) - pipeline Action CLOSE on pipeline PipelineID=ded41929-1a6a-4db1-8452-19cdbb44ae46.Reason : Log already failed at index 0 for task StartLogSegment:0
2021-07-27 15:35:24,186 [Datanode State Machine Thread - 0] WARN  statemachine.StateContext (StateContext.java:execute(621)) - No available thread in pool for past 1 seconds.
2021-07-27 15:35:24,189 [EventQueue-PipelineActionsForPipelineActionHandler] INFO  pipeline.PipelineActionHandler (PipelineActionHandler.java:processPipelineAction(82)) - Received pipeline action CLOSE for PipelineID=ded41929-1a6a-4db1-8452-19cdbb44ae46 from datanode 06176d23-931f-4bc0-889d-083490fc12b7. Reason : Log already failed at index 0 for task StartLogSegment:0
2021-07-27 15:35:24,189 [EventQueue-PipelineActionsForPipelineActionHandler] WARN  pipeline.PipelineActionHandler (PipelineActionHandler.java:processPipelineAction(93)) - Pipeline action CLOSE received for unknown pipeline PipelineID=ded41929-1a6a-4db1-8452-19cdbb44ae46, firing close pipeline event.
2021-07-27 15:35:24,190 [81779055-ba29-4e92-9662-ae2ec67a510c@group-19CDBB44AE46-SegmentedRaftLogWorker] ERROR ratis.XceiverServerRatis (XceiverServerRatis.java:triggerPipelineClose(672)) - pipeline Action CLOSE on pipeline PipelineID=ded41929-1a6a-4db1-8452-19cdbb44ae46.Reason : Log already failed at index 1 for task WriteLog:1: (t:1, i:1), STATEMACHINELOGENTRY, cmdType: WriteChunk traceID: "" containerID: 19 datanodeUuid: "019b1b79-4eb1-4856-a72b-312c00737279" pipelineID: "ded41929-1a6a-4db1-8452-19cdbb44ae46" writeChunk { blockID { containerID: 19 localID: 107544261427200023 blockCommitSequenceId: 0 } chunkData { chunkName: "107544261427200023_chunk_1" offset: 0 len: 1048576 checksumData { type: NONE bytesPerChecksum: 1048576 } } }, container path=nonexistent
2021-07-27 15:35:24,190 [019b1b79-4eb1-4856-a72b-312c00737279@group-19CDBB44AE46-SegmentedRaftLogWorker] ERROR ratis.XceiverServerRatis (XceiverServerRatis.java:triggerPipelineClose(672)) - pipeline Action CLOSE on pipeline PipelineID=ded41929-1a6a-4db1-8452-19cdbb44ae46.Reason : Log already failed at index 0 for task StartLogSegment:0
2021-07-27 15:35:24,190 [Datanode State Machine Thread - 0] WARN  statemachine.StateContext (StateContext.java:execute(621)) - No available thread in pool for past 1 seconds.
2021-07-27 15:35:24,190 [81779055-ba29-4e92-9662-ae2ec67a510c@group-19CDBB44AE46-SegmentedRaftLogWorker] ERROR ratis.XceiverServerRatis (XceiverServerRatis.java:triggerPipelineClose(672)) - pipeline Action CLOSE on pipeline PipelineID=ded41929-1a6a-4db1-8452-19cdbb44ae46.Reason : Log already failed at index 1 for task WriteLog:1: (t:1, i:1), STATEMACHINELOGENTRY, cmdType: WriteChunk traceID: "" containerID: 19 datanodeUuid: "019b1b79-4eb1-4856-a72b-312c00737279" pipelineID: "ded41929-1a6a-4db1-8452-19cdbb44ae46" writeChunk { blockID { containerID: 19 localID: 107544261427200023 blockCommitSequenceId: 0 } chunkData { chunkName: "107544261427200023_chunk_1" offset: 0 len: 1048576 checksumData { type: NONE bytesPerChecksum: 1048576 } } }, container path=nonexistent
2021-07-27 15:35:24,190 [Datanode State Machine Thread - 0] WARN  statemachine.StateContext (StateContext.java:execute(621)) - No available thread in pool for past 1 seconds.
2021-07-27 15:35:24,190 [EventQueue-PipelineActionsForPipelineActionHandler] INFO  pipeline.PipelineActionHandler (PipelineActionHandler.java:processPipelineAction(82)) - Received pipeline action CLOSE for PipelineID=ded41929-1a6a-4db1-8452-19cdbb44ae46 from datanode 81779055-ba29-4e92-9662-ae2ec67a510c. Reason : Log already failed at index 1 for task WriteLog:1: (t:1, i:1), STATEMACHINELOGENTRY, cmdType: WriteChunk traceID: "" containerID: 19 datanodeUuid: "019b1b79-4eb1-4856-a72b-312c00737279" pipelineID: "ded41929-1a6a-4db1-8452-19cdbb44ae46" writeChunk { blockID { containerID: 19 localID: 107544261427200023 blockCommitSequenceId: 0 } chunkData { chunkName: "107544261427200023_chunk_1" offset: 0 len: 1048576 checksumData { type: NONE bytesPerChecksum: 1048576 } } }, container path=nonexistent
2021-07-27 15:35:24,191 [EventQueue-PipelineActionsForPipelineActionHandler] WARN  pipeline.PipelineActionHandler (PipelineActionHandler.java:processPipelineAction(93)) - Pipeline action CLOSE received for unknown pipeline PipelineID=ded41929-1a6a-4db1-8452-19cdbb44ae46, firing close pipeline event.
2021-07-27 15:35:24,191 [EventQueue-PipelineActionsForPipelineActionHandler] INFO  pipeline.PipelineActionHandler (PipelineActionHandler.java:processPipelineAction(82)) - Received pipeline action CLOSE for PipelineID=ded41929-1a6a-4db1-8452-19cdbb44ae46 from datanode 019b1b79-4eb1-4856-a72b-312c00737279. Reason : Log already failed at index 0 for task StartLogSegment:0
2021-07-27 15:35:24,191 [EventQueue-PipelineActionsForPipelineActionHandler] WARN  pipeline.PipelineActionHandler (PipelineActionHandler.java:processPipelineAction(93)) - Pipeline action CLOSE received for unknown pipeline PipelineID=ded41929-1a6a-4db1-8452-19cdbb44ae46, firing close pipeline event.
2021-07-27 15:35:24,199 [019b1b79-4eb1-4856-a72b-312c00737279@group-19CDBB44AE46-SegmentedRaftLogWorker] ERROR ratis.XceiverServerRatis (XceiverServerRatis.java:triggerPipelineClose(672)) - pipeline Action CLOSE on pipeline PipelineID=ded41929-1a6a-4db1-8452-19cdbb44ae46.Reason : Log already failed at index 0 for task StartLogSegment:0
2021-07-27 15:35:24,199 [Datanode State Machine Thread - 0] WARN  statemachine.StateContext (StateContext.java:execute(621)) - No available thread in pool for past 1 seconds.
2021-07-27 15:35:24,200 [EventQueue-PipelineActionsForPipelineActionHandler] INFO  pipeline.PipelineActionHandler (PipelineActionHandler.java:processPipelineAction(82)) - Received pipeline action CLOSE for PipelineID=ded41929-1a6a-4db1-8452-19cdbb44ae46 from datanode 019b1b79-4eb1-4856-a72b-312c00737279. Reason : Log already failed at index 0 for task StartLogSegment:0
2021-07-27 15:35:24,200 [EventQueue-PipelineActionsForPipelineActionHandler] WARN  pipeline.PipelineActionHandler (PipelineActionHandler.java:processPipelineAction(93)) - Pipeline action CLOSE received for unknown pipeline PipelineID=ded41929-1a6a-4db1-8452-19cdbb44ae46, firing close pipeline event.
2021-07-27 15:35:24,201 [019b1b79-4eb1-4856-a72b-312c00737279@group-19CDBB44AE46-SegmentedRaftLogWorker] ERROR ratis.XceiverServerRatis (XceiverServerRatis.java:triggerPipelineClose(672)) - pipeline Action CLOSE on pipeline PipelineID=ded41929-1a6a-4db1-8452-19cdbb44ae46.Reason : Log already failed at index 0 for task StartLogSegment:0
2021-07-27 15:35:24,201 [Datanode State Machine Thread - 0] WARN  statemachine.StateContext (StateContext.java:execute(621)) - No available thread in pool for past 1 seconds.
2021-07-27 15:35:24,203 [EventQueue-PipelineActionsForPipelineActionHandler] INFO  pipeline.PipelineActionHandler (PipelineActionHandler.java:processPipelineAction(82)) - Received pipeline action CLOSE for PipelineID=ded41929-1a6a-4db1-8452-19cdbb44ae46 from datanode 019b1b79-4eb1-4856-a72b-312c00737279. Reason : Log already failed at index 0 for task StartLogSegment:0
2021-07-27 15:35:24,203 [EventQueue-PipelineActionsForPipelineActionHandler] WARN  pipeline.PipelineActionHandler (PipelineActionHandler.java:processPipelineAction(93)) - Pipeline action CLOSE received for unknown pipeline PipelineID=ded41929-1a6a-4db1-8452-19cdbb44ae46, firing close pipeline event.
2021-07-27 15:35:24,956 [Command processor thread] INFO  server.RaftServer (RaftServerProxy.java:remove(106)) - 81779055-ba29-4e92-9662-ae2ec67a510c: remove    LEADER 81779055-ba29-4e92-9662-ae2ec67a510c@group-19CDBB44AE46:t1, leader=81779055-ba29-4e92-9662-ae2ec67a510c, voted=81779055-ba29-4e92-9662-ae2ec67a510c, raftlog=81779055-ba29-4e92-9662-ae2ec67a510c@group-19CDBB44AE46-SegmentedRaftLog:OPENED:c0,f0,i4, conf=0: [019b1b79-4eb1-4856-a72b-312c00737279|rpc:10.1.0.63:38653|dataStream:|priority:0, 06176d23-931f-4bc0-889d-083490fc12b7|rpc:10.1.0.63:42561|dataStream:|priority:0, 81779055-ba29-4e92-9662-ae2ec67a510c|rpc:10.1.0.63:34923|dataStream:|priority:1], old=null RUNNING
2021-07-27 15:35:24,956 [Command processor thread] INFO  server.RaftServer$Division (RaftServerImpl.java:lambda$close$4(407)) - 81779055-ba29-4e92-9662-ae2ec67a510c@group-19CDBB44AE46: shutdown
2021-07-27 15:35:24,957 [Command processor thread] INFO  util.JmxRegister (JmxRegister.java:unregister(73)) - Successfully un-registered JMX Bean with object name Ratis:service=RaftServer,group=group-19CDBB44AE46,id=81779055-ba29-4e92-9662-ae2ec67a510c
2021-07-27 15:35:24,957 [Command processor thread] INFO  impl.RoleInfo (RoleInfo.java:shutdownLeaderState(91)) - 81779055-ba29-4e92-9662-ae2ec67a510c: shutdown 81779055-ba29-4e92-9662-ae2ec67a510c@group-19CDBB44AE46-LeaderStateImpl
2021-07-27 15:35:24,957 [Command processor thread] INFO  impl.PendingRequests (PendingRequests.java:sendNotLeaderResponses(249)) - 81779055-ba29-4e92-9662-ae2ec67a510c@group-19CDBB44AE46-PendingRequests: sendNotLeaderResponses
2021-07-27 15:35:24,957 [81779055-ba29-4e92-9662-ae2ec67a510c@group-19CDBB44AE46->019b1b79-4eb1-4856-a72b-312c00737279-GrpcLogAppender-LogAppenderDaemon] WARN  server.GrpcLogAppender (GrpcLogAppender.java:mayWait(175)) - 81779055-ba29-4e92-9662-ae2ec67a510c@group-19CDBB44AE46->019b1b79-4eb1-4856-a72b-312c00737279-GrpcLogAppender: Wait interrupted by java.lang.InterruptedException
2021-07-27 15:35:24,957 [grpc-default-executor-4] INFO  server.GrpcServerProtocolService (GrpcServerProtocolService.java:onCompleted(140)) - 019b1b79-4eb1-4856-a72b-312c00737279: Completed APPEND_ENTRIES, lastRequest: 81779055-ba29-4e92-9662-ae2ec67a510c->019b1b79-4eb1-4856-a72b-312c00737279#12-t1,previous=(t:1, i:3),leaderCommit=0,initializing? true,entries: size=1, first=(t:1, i:4), STATEMACHINELOGENTRY, 170@client-BA7D73BE2BB2
2021-07-27 15:35:24,958 [grpc-default-executor-1] INFO  server.GrpcLogAppender (GrpcLogAppender.java:onCompleted(344)) - 81779055-ba29-4e92-9662-ae2ec67a510c@group-19CDBB44AE46->019b1b79-4eb1-4856-a72b-312c00737279-AppendLogResponseHandler: follower responses appendEntries COMPLETED
2021-07-27 15:35:24,958 [grpc-default-executor-1] INFO  leader.FollowerInfo (FollowerInfoImpl.java:lambda$new$0(46)) - 81779055-ba29-4e92-9662-ae2ec67a510c@group-19CDBB44AE46->019b1b79-4eb1-4856-a72b-312c00737279: nextIndex: updateUnconditionally 5 -> 1
2021-07-27 15:35:24,959 [81779055-ba29-4e92-9662-ae2ec67a510c@group-19CDBB44AE46->06176d23-931f-4bc0-889d-083490fc12b7-GrpcLogAppender-LogAppenderDaemon] WARN  server.GrpcLogAppender (GrpcLogAppender.java:mayWait(175)) - 81779055-ba29-4e92-9662-ae2ec67a510c@group-19CDBB44AE46->06176d23-931f-4bc0-889d-083490fc12b7-GrpcLogAppender: Wait interrupted by java.lang.InterruptedException
2021-07-27 15:35:24,959 [grpc-default-executor-1] INFO  server.GrpcServerProtocolService (GrpcServerProtocolService.java:onCompleted(140)) - 06176d23-931f-4bc0-889d-083490fc12b7: Completed APPEND_ENTRIES, lastRequest: 81779055-ba29-4e92-9662-ae2ec67a510c->06176d23-931f-4bc0-889d-083490fc12b7#12-t1,previous=(t:1, i:3),leaderCommit=0,initializing? true,entries: size=1, first=(t:1, i:4), STATEMACHINELOGENTRY, 170@client-BA7D73BE2BB2
2021-07-27 15:35:24,959 [grpc-default-executor-1] INFO  server.GrpcLogAppender (GrpcLogAppender.java:onCompleted(344)) - 81779055-ba29-4e92-9662-ae2ec67a510c@group-19CDBB44AE46->06176d23-931f-4bc0-889d-083490fc12b7-AppendLogResponseHandler: follower responses appendEntries COMPLETED
2021-07-27 15:35:24,960 [grpc-default-executor-1] INFO  leader.FollowerInfo (FollowerInfoImpl.java:lambda$new$0(46)) - 81779055-ba29-4e92-9662-ae2ec67a510c@group-19CDBB44AE46->06176d23-931f-4bc0-889d-083490fc12b7: nextIndex: updateUnconditionally 5 -> 1
2021-07-27 15:35:24,966 [Command processor thread] INFO  impl.StateMachineUpdater (StateMachineUpdater.java:stopAndJoin(149)) - 81779055-ba29-4e92-9662-ae2ec67a510c@group-19CDBB44AE46-StateMachineUpdater: set stopIndex = 0
2021-07-27 15:35:24,966 [81779055-ba29-4e92-9662-ae2ec67a510c@group-19CDBB44AE46-StateMachineUpdater] ERROR ratis.ContainerStateMachine (ContainerStateMachine.java:takeSnapshot(285)) - Failed to take snapshot  for group-19CDBB44AE46 as the stateMachine is unhealthy. The last applied index is at (t:1, i:0)
2021-07-27 15:35:24,966 [81779055-ba29-4e92-9662-ae2ec67a510c@group-19CDBB44AE46-StateMachineUpdater] ERROR impl.StateMachineUpdater (StateMachineUpdater.java:takeSnapshot(276)) - 81779055-ba29-4e92-9662-ae2ec67a510c@group-19CDBB44AE46-StateMachineUpdater: Failed to take snapshot
org.apache.ratis.protocol.exceptions.StateMachineException: Failed to take snapshot  for group-19CDBB44AE46 as the stateMachine is unhealthy. The last applied index is at (t:1, i:0)
	at org.apache.hadoop.ozone.container.common.transport.server.ratis.ContainerStateMachine.takeSnapshot(ContainerStateMachine.java:284)
	at org.apache.ratis.server.impl.StateMachineUpdater.takeSnapshot(StateMachineUpdater.java:265)
	at org.apache.ratis.server.impl.StateMachineUpdater.checkAndTakeSnapshot(StateMachineUpdater.java:257)
	at org.apache.ratis.server.impl.StateMachineUpdater.run(StateMachineUpdater.java:180)
	at java.lang.Thread.run(Thread.java:748)
2021-07-27 15:35:24,967 [81779055-ba29-4e92-9662-ae2ec67a510c@group-19CDBB44AE46-StateMachineUpdater] ERROR ratis.ContainerStateMachine (ContainerStateMachine.java:takeSnapshot(285)) - Failed to take snapshot  for group-19CDBB44AE46 as the stateMachine is unhealthy. The last applied index is at (t:1, i:0)
2021-07-27 15:35:24,967 [81779055-ba29-4e92-9662-ae2ec67a510c@group-19CDBB44AE46-StateMachineUpdater] ERROR impl.StateMachineUpdater (StateMachineUpdater.java:takeSnapshot(276)) - 81779055-ba29-4e92-9662-ae2ec67a510c@group-19CDBB44AE46-StateMachineUpdater: Failed to take snapshot
org.apache.ratis.protocol.exceptions.StateMachineException: Failed to take snapshot  for group-19CDBB44AE46 as the stateMachine is unhealthy. The last applied index is at (t:1, i:0)
	at org.apache.hadoop.ozone.container.common.transport.server.ratis.ContainerStateMachine.takeSnapshot(ContainerStateMachine.java:284)
	at org.apache.ratis.server.impl.StateMachineUpdater.takeSnapshot(StateMachineUpdater.java:265)
	at org.apache.ratis.server.impl.StateMachineUpdater.checkAndTakeSnapshot(StateMachineUpdater.java:257)
	at org.apache.ratis.server.impl.StateMachineUpdater.run(StateMachineUpdater.java:183)
	at java.lang.Thread.run(Thread.java:748)
2021-07-27 15:35:24,968 [Command processor thread] INFO  server.RaftServer$Division (ServerState.java:close(419)) - 81779055-ba29-4e92-9662-ae2ec67a510c@group-19CDBB44AE46: closes. applyIndex: 0
2021-07-27 15:35:24,968 [81779055-ba29-4e92-9662-ae2ec67a510c@group-19CDBB44AE46-SegmentedRaftLogWorker] INFO  segmented.SegmentedRaftLogWorker (SegmentedRaftLogWorker.java:run(327)) - 81779055-ba29-4e92-9662-ae2ec67a510c@group-19CDBB44AE46-SegmentedRaftLogWorker was interrupted, exiting. There are 0 tasks remaining in the queue.
2021-07-27 15:35:24,968 [Command processor thread] INFO  segmented.SegmentedRaftLogWorker (SegmentedRaftLogWorker.java:close(237)) - 81779055-ba29-4e92-9662-ae2ec67a510c@group-19CDBB44AE46-SegmentedRaftLogWorker close()
2021-07-27 15:35:24,971 [Command processor thread] INFO  server.RaftServer (RaftServerProxy.java:remove(106)) - 019b1b79-4eb1-4856-a72b-312c00737279: remove  FOLLOWER 019b1b79-4eb1-4856-a72b-312c00737279@group-19CDBB44AE46:t1, leader=81779055-ba29-4e92-9662-ae2ec67a510c, voted=019b1b79-4eb1-4856-a72b-312c00737279, raftlog=019b1b79-4eb1-4856-a72b-312c00737279@group-19CDBB44AE46-SegmentedRaftLog:OPENED:c-1,f-1,i4, conf=0: [019b1b79-4eb1-4856-a72b-312c00737279|rpc:10.1.0.63:38653|dataStream:|priority:0, 06176d23-931f-4bc0-889d-083490fc12b7|rpc:10.1.0.63:42561|dataStream:|priority:0, 81779055-ba29-4e92-9662-ae2ec67a510c|rpc:10.1.0.63:34923|dataStream:|priority:1], old=null RUNNING
2021-07-27 15:35:24,971 [Command processor thread] INFO  server.RaftServer$Division (RaftServerImpl.java:lambda$close$4(407)) - 019b1b79-4eb1-4856-a72b-312c00737279@group-19CDBB44AE46: shutdown
2021-07-27 15:35:24,972 [Command processor thread] INFO  util.JmxRegister (JmxRegister.java:unregister(73)) - Successfully un-registered JMX Bean with object name Ratis:service=RaftServer,group=group-19CDBB44AE46,id=019b1b79-4eb1-4856-a72b-312c00737279
2021-07-27 15:35:24,972 [Command processor thread] INFO  impl.RoleInfo (RoleInfo.java:shutdownFollowerState(108)) - 019b1b79-4eb1-4856-a72b-312c00737279: shutdown 019b1b79-4eb1-4856-a72b-312c00737279@group-19CDBB44AE46-FollowerState
2021-07-27 15:35:24,972 [Command processor thread] INFO  server.RaftServer$Division (RaftServerImpl.java:groupRemove(377)) - 81779055-ba29-4e92-9662-ae2ec67a510c@group-19CDBB44AE46: Succeed to remove RaftStorageDirectory Storage Directory /home/runner/work/ozone/ozone/mnt/ozone/hadoop-ozone/integration-test/target/test-dir/MiniOzoneClusterImpl-c6f84d42-5853-4333-b7a0-bd2f0065fc62/datanode-1/data/ratis/ded41929-1a6a-4db1-8452-19cdbb44ae46
2021-07-27 15:35:24,972 [Command processor thread] INFO  commandhandler.ClosePipelineCommandHandler (ClosePipelineCommandHandler.java:handle(75)) - Close Pipeline PipelineID=ded41929-1a6a-4db1-8452-19cdbb44ae46 command on datanode 81779055-ba29-4e92-9662-ae2ec67a510c.
2021-07-27 15:35:24,972 [Command processor thread] WARN  server.RaftServer (RaftServerProxy.java:remove(101)) - 81779055-ba29-4e92-9662-ae2ec67a510c: does not contain group: group-19CDBB44AE46
2021-07-27 15:35:24,972 [Command processor thread] ERROR commandhandler.ClosePipelineCommandHandler (ClosePipelineCommandHandler.java:handle(78)) - Can't close pipeline PipelineID=ded41929-1a6a-4db1-8452-19cdbb44ae46
java.io.IOException: 81779055-ba29-4e92-9662-ae2ec67a510c: Group group-19CDBB44AE46 not found.
	at org.apache.hadoop.ozone.container.common.transport.server.ratis.XceiverServerRatis.removeGroup(XceiverServerRatis.java:777)
	at org.apache.hadoop.ozone.container.common.statemachine.commandhandler.ClosePipelineCommandHandler.handle(ClosePipelineCommandHandler.java:74)
	at org.apache.hadoop.ozone.container.common.statemachine.commandhandler.CommandDispatcher.handle(CommandDispatcher.java:99)
	at org.apache.hadoop.ozone.container.common.statemachine.DatanodeStateMachine.lambda$initCommandHandlerThread$2(DatanodeStateMachine.java:551)
	at java.lang.Thread.run(Thread.java:748)
Caused by: org.apache.ratis.protocol.exceptions.GroupMismatchException: 81779055-ba29-4e92-9662-ae2ec67a510c: Group group-19CDBB44AE46 not found.
	at org.apache.ratis.server.impl.RaftServerProxy.groupRemoveAsync(RaftServerProxy.java:504)
	at org.apache.ratis.server.impl.RaftServerProxy.groupManagementAsync(RaftServerProxy.java:460)
	at org.apache.ratis.server.impl.RaftServerProxy.groupManagement(RaftServerProxy.java:440)
	at org.apache.hadoop.ozone.container.common.transport.server.ratis.XceiverServerRatis.removeGroup(XceiverServerRatis.java:775)
	... 4 more
2021-07-27 15:35:24,973 [019b1b79-4eb1-4856-a72b-312c00737279@group-19CDBB44AE46-FollowerState] INFO  impl.FollowerState (FollowerState.java:run(143)) - 019b1b79-4eb1-4856-a72b-312c00737279@group-19CDBB44AE46-FollowerState was interrupted: {}
java.lang.InterruptedException: sleep interrupted
	at java.lang.Thread.sleep(Native Method)
	at java.lang.Thread.sleep(Thread.java:340)
	at java.util.concurrent.TimeUnit.sleep(TimeUnit.java:386)
	at org.apache.ratis.util.TimeDuration.sleep(TimeDuration.java:324)
	at org.apache.ratis.util.TimeDuration.sleep(TimeDuration.java:309)
	at org.apache.ratis.server.impl.FollowerState.run(FollowerState.java:118)
2021-07-27 15:35:24,973 [Command processor thread] INFO  impl.StateMachineUpdater (StateMachineUpdater.java:stopAndJoin(149)) - 019b1b79-4eb1-4856-a72b-312c00737279@group-19CDBB44AE46-StateMachineUpdater: set stopIndex = -1
2021-07-27 15:35:24,982 [Command processor thread] INFO  server.RaftServer$Division (ServerState.java:close(419)) - 019b1b79-4eb1-4856-a72b-312c00737279@group-19CDBB44AE46: closes. applyIndex: -1
2021-07-27 15:35:24,982 [019b1b79-4eb1-4856-a72b-312c00737279@group-19CDBB44AE46-SegmentedRaftLogWorker] INFO  segmented.SegmentedRaftLogWorker (SegmentedRaftLogWorker.java:run(327)) - 019b1b79-4eb1-4856-a72b-312c00737279@group-19CDBB44AE46-SegmentedRaftLogWorker was interrupted, exiting. There are 0 tasks remaining in the queue.
2021-07-27 15:35:24,982 [Command processor thread] INFO  segmented.SegmentedRaftLogWorker (SegmentedRaftLogWorker.java:close(237)) - 019b1b79-4eb1-4856-a72b-312c00737279@group-19CDBB44AE46-SegmentedRaftLogWorker close()
2021-07-27 15:35:24,983 [Command processor thread] INFO  server.RaftServer$Division (RaftServerImpl.java:groupRemove(377)) - 019b1b79-4eb1-4856-a72b-312c00737279@group-19CDBB44AE46: Succeed to remove RaftStorageDirectory Storage Directory /home/runner/work/ozone/ozone/mnt/ozone/hadoop-ozone/integration-test/target/test-dir/MiniOzoneClusterImpl-c6f84d42-5853-4333-b7a0-bd2f0065fc62/datanode-4/data/ratis/ded41929-1a6a-4db1-8452-19cdbb44ae46
2021-07-27 15:35:24,983 [Command processor thread] INFO  commandhandler.ClosePipelineCommandHandler (ClosePipelineCommandHandler.java:handle(75)) - Close Pipeline PipelineID=ded41929-1a6a-4db1-8452-19cdbb44ae46 command on datanode 019b1b79-4eb1-4856-a72b-312c00737279.
2021-07-27 15:35:24,984 [Command processor thread] WARN  server.RaftServer (RaftServerProxy.java:remove(101)) - 019b1b79-4eb1-4856-a72b-312c00737279: does not contain group: group-19CDBB44AE46
2021-07-27 15:35:24,984 [Command processor thread] ERROR commandhandler.ClosePipelineCommandHandler (ClosePipelineCommandHandler.java:handle(78)) - Can't close pipeline PipelineID=ded41929-1a6a-4db1-8452-19cdbb44ae46
java.io.IOException: 019b1b79-4eb1-4856-a72b-312c00737279: Group group-19CDBB44AE46 not found.
	at org.apache.hadoop.ozone.container.common.transport.server.ratis.XceiverServerRatis.removeGroup(XceiverServerRatis.java:777)
	at org.apache.hadoop.ozone.container.common.statemachine.commandhandler.ClosePipelineCommandHandler.handle(ClosePipelineCommandHandler.java:74)
	at org.apache.hadoop.ozone.container.common.statemachine.commandhandler.CommandDispatcher.handle(CommandDispatcher.java:99)
	at org.apache.hadoop.ozone.container.common.statemachine.DatanodeStateMachine.lambda$initCommandHandlerThread$2(DatanodeStateMachine.java:551)
	at java.lang.Thread.run(Thread.java:748)
Caused by: org.apache.ratis.protocol.exceptions.GroupMismatchException: 019b1b79-4eb1-4856-a72b-312c00737279: Group group-19CDBB44AE46 not found.
	at org.apache.ratis.server.impl.RaftServerProxy.groupRemoveAsync(RaftServerProxy.java:504)
	at org.apache.ratis.server.impl.RaftServerProxy.groupManagementAsync(RaftServerProxy.java:460)
	at org.apache.ratis.server.impl.RaftServerProxy.groupManagement(RaftServerProxy.java:440)
	at org.apache.hadoop.ozone.container.common.transport.server.ratis.XceiverServerRatis.removeGroup(XceiverServerRatis.java:775)
	... 4 more
2021-07-27 15:35:24,984 [Command processor thread] WARN  server.RaftServer (RaftServerProxy.java:remove(101)) - 019b1b79-4eb1-4856-a72b-312c00737279: does not contain group: group-19CDBB44AE46
2021-07-27 15:35:24,984 [Command processor thread] ERROR commandhandler.ClosePipelineCommandHandler (ClosePipelineCommandHandler.java:handle(78)) - Can't close pipeline PipelineID=ded41929-1a6a-4db1-8452-19cdbb44ae46
java.io.IOException: 019b1b79-4eb1-4856-a72b-312c00737279: Group group-19CDBB44AE46 not found.
	at org.apache.hadoop.ozone.container.common.transport.server.ratis.XceiverServerRatis.removeGroup(XceiverServerRatis.java:777)
	at org.apache.hadoop.ozone.container.common.statemachine.commandhandler.ClosePipelineCommandHandler.handle(ClosePipelineCommandHandler.java:74)
	at org.apache.hadoop.ozone.container.common.statemachine.commandhandler.CommandDispatcher.handle(CommandDispatcher.java:99)
	at org.apache.hadoop.ozone.container.common.statemachine.DatanodeStateMachine.lambda$initCommandHandlerThread$2(DatanodeStateMachine.java:551)
	at java.lang.Thread.run(Thread.java:748)
Caused by: org.apache.ratis.protocol.exceptions.GroupMismatchException: 019b1b79-4eb1-4856-a72b-312c00737279: Group group-19CDBB44AE46 not found.
	at org.apache.ratis.server.impl.RaftServerProxy.groupRemoveAsync(RaftServerProxy.java:504)
	at org.apache.ratis.server.impl.RaftServerProxy.groupManagementAsync(RaftServerProxy.java:460)
	at org.apache.ratis.server.impl.RaftServerProxy.groupManagement(RaftServerProxy.java:440)
	at org.apache.hadoop.ozone.container.common.transport.server.ratis.XceiverServerRatis.removeGroup(XceiverServerRatis.java:775)
	... 4 more
2021-07-27 15:35:24,984 [Command processor thread] WARN  server.RaftServer (RaftServerProxy.java:remove(101)) - 019b1b79-4eb1-4856-a72b-312c00737279: does not contain group: group-19CDBB44AE46
2021-07-27 15:35:24,984 [Command processor thread] ERROR commandhandler.ClosePipelineCommandHandler (ClosePipelineCommandHandler.java:handle(78)) - Can't close pipeline PipelineID=ded41929-1a6a-4db1-8452-19cdbb44ae46
java.io.IOException: 019b1b79-4eb1-4856-a72b-312c00737279: Group group-19CDBB44AE46 not found.
	at org.apache.hadoop.ozone.container.common.transport.server.ratis.XceiverServerRatis.removeGroup(XceiverServerRatis.java:777)
	at org.apache.hadoop.ozone.container.common.statemachine.commandhandler.ClosePipelineCommandHandler.handle(ClosePipelineCommandHandler.java:74)
	at org.apache.hadoop.ozone.container.common.statemachine.commandhandler.CommandDispatcher.handle(CommandDispatcher.java:99)
	at org.apache.hadoop.ozone.container.common.statemachine.DatanodeStateMachine.lambda$initCommandHandlerThread$2(DatanodeStateMachine.java:551)
	at java.lang.Thread.run(Thread.java:748)
Caused by: org.apache.ratis.protocol.exceptions.GroupMismatchException: 019b1b79-4eb1-4856-a72b-312c00737279: Group group-19CDBB44AE46 not found.
	at org.apache.ratis.server.impl.RaftServerProxy.groupRemoveAsync(RaftServerProxy.java:504)
	at org.apache.ratis.server.impl.RaftServerProxy.groupManagementAsync(RaftServerProxy.java:460)
	at org.apache.ratis.server.impl.RaftServerProxy.groupManagement(RaftServerProxy.java:440)
	at org.apache.hadoop.ozone.container.common.transport.server.ratis.XceiverServerRatis.removeGroup(XceiverServerRatis.java:775)
	... 4 more
2021-07-27 15:35:24,986 [Command processor thread] WARN  server.RaftServer (RaftServerProxy.java:remove(101)) - 019b1b79-4eb1-4856-a72b-312c00737279: does not contain group: group-19CDBB44AE46
2021-07-27 15:35:24,986 [Command processor thread] ERROR commandhandler.ClosePipelineCommandHandler (ClosePipelineCommandHandler.java:handle(78)) - Can't close pipeline PipelineID=ded41929-1a6a-4db1-8452-19cdbb44ae46
java.io.IOException: 019b1b79-4eb1-4856-a72b-312c00737279: Group group-19CDBB44AE46 not found.
	at org.apache.hadoop.ozone.container.common.transport.server.ratis.XceiverServerRatis.removeGroup(XceiverServerRatis.java:777)
	at org.apache.hadoop.ozone.container.common.statemachine.commandhandler.ClosePipelineCommandHandler.handle(ClosePipelineCommandHandler.java:74)
	at org.apache.hadoop.ozone.container.common.statemachine.commandhandler.CommandDispatcher.handle(CommandDispatcher.java:99)
	at org.apache.hadoop.ozone.container.common.statemachine.DatanodeStateMachine.lambda$initCommandHandlerThread$2(DatanodeStateMachine.java:551)
	at java.lang.Thread.run(Thread.java:748)
Caused by: org.apache.ratis.protocol.exceptions.GroupMismatchException: 019b1b79-4eb1-4856-a72b-312c00737279: Group group-19CDBB44AE46 not found.
	at org.apache.ratis.server.impl.RaftServerProxy.groupRemoveAsync(RaftServerProxy.java:504)
	at org.apache.ratis.server.impl.RaftServerProxy.groupManagementAsync(RaftServerProxy.java:460)
	at org.apache.ratis.server.impl.RaftServerProxy.groupManagement(RaftServerProxy.java:440)
	at org.apache.hadoop.ozone.container.common.transport.server.ratis.XceiverServerRatis.removeGroup(XceiverServerRatis.java:775)
	... 4 more
2021-07-27 15:35:24,995 [Command processor thread] INFO  server.RaftServer (RaftServerProxy.java:remove(106)) - 06176d23-931f-4bc0-889d-083490fc12b7: remove  FOLLOWER 06176d23-931f-4bc0-889d-083490fc12b7@group-19CDBB44AE46:t1, leader=81779055-ba29-4e92-9662-ae2ec67a510c, voted=81779055-ba29-4e92-9662-ae2ec67a510c, raftlog=06176d23-931f-4bc0-889d-083490fc12b7@group-19CDBB44AE46-SegmentedRaftLog:OPENED:c-1,f-1,i4, conf=0: [019b1b79-4eb1-4856-a72b-312c00737279|rpc:10.1.0.63:38653|dataStream:|priority:0, 06176d23-931f-4bc0-889d-083490fc12b7|rpc:10.1.0.63:42561|dataStream:|priority:0, 81779055-ba29-4e92-9662-ae2ec67a510c|rpc:10.1.0.63:34923|dataStream:|priority:1], old=null RUNNING
2021-07-27 15:35:24,995 [Command processor thread] INFO  server.RaftServer$Division (RaftServerImpl.java:lambda$close$4(407)) - 06176d23-931f-4bc0-889d-083490fc12b7@group-19CDBB44AE46: shutdown
2021-07-27 15:35:24,995 [Command processor thread] INFO  util.JmxRegister (JmxRegister.java:unregister(73)) - Successfully un-registered JMX Bean with object name Ratis:service=RaftServer,group=group-19CDBB44AE46,id=06176d23-931f-4bc0-889d-083490fc12b7
2021-07-27 15:35:24,995 [Command processor thread] INFO  impl.RoleInfo (RoleInfo.java:shutdownFollowerState(108)) - 06176d23-931f-4bc0-889d-083490fc12b7: shutdown 06176d23-931f-4bc0-889d-083490fc12b7@group-19CDBB44AE46-FollowerState
2021-07-27 15:35:24,995 [Command processor thread] INFO  impl.StateMachineUpdater (StateMachineUpdater.java:stopAndJoin(149)) - 06176d23-931f-4bc0-889d-083490fc12b7@group-19CDBB44AE46-StateMachineUpdater: set stopIndex = -1
2021-07-27 15:35:24,995 [06176d23-931f-4bc0-889d-083490fc12b7@group-19CDBB44AE46-FollowerState] INFO  impl.FollowerState (FollowerState.java:run(143)) - 06176d23-931f-4bc0-889d-083490fc12b7@group-19CDBB44AE46-FollowerState was interrupted: {}
java.lang.InterruptedException: sleep interrupted
	at java.lang.Thread.sleep(Native Method)
	at java.lang.Thread.sleep(Thread.java:340)
	at java.util.concurrent.TimeUnit.sleep(TimeUnit.java:386)
	at org.apache.ratis.util.TimeDuration.sleep(TimeDuration.java:324)
	at org.apache.ratis.util.TimeDuration.sleep(TimeDuration.java:309)
	at org.apache.ratis.server.impl.FollowerState.run(FollowerState.java:118)
2021-07-27 15:35:24,995 [Command processor thread] INFO  server.RaftServer$Division (ServerState.java:close(419)) - 06176d23-931f-4bc0-889d-083490fc12b7@group-19CDBB44AE46: closes. applyIndex: -1
2021-07-27 15:35:24,996 [06176d23-931f-4bc0-889d-083490fc12b7@group-19CDBB44AE46-SegmentedRaftLogWorker] INFO  segmented.SegmentedRaftLogWorker (SegmentedRaftLogWorker.java:run(327)) - 06176d23-931f-4bc0-889d-083490fc12b7@group-19CDBB44AE46-SegmentedRaftLogWorker was interrupted, exiting. There are 0 tasks remaining in the queue.
2021-07-27 15:35:24,996 [Command processor thread] INFO  segmented.SegmentedRaftLogWorker (SegmentedRaftLogWorker.java:close(237)) - 06176d23-931f-4bc0-889d-083490fc12b7@group-19CDBB44AE46-SegmentedRaftLogWorker close()
2021-07-27 15:35:24,997 [Command processor thread] INFO  server.RaftServer$Division (RaftServerImpl.java:groupRemove(377)) - 06176d23-931f-4bc0-889d-083490fc12b7@group-19CDBB44AE46: Succeed to remove RaftStorageDirectory Storage Directory /home/runner/work/ozone/ozone/mnt/ozone/hadoop-ozone/integration-test/target/test-dir/MiniOzoneClusterImpl-c6f84d42-5853-4333-b7a0-bd2f0065fc62/datanode-2/data/ratis/ded41929-1a6a-4db1-8452-19cdbb44ae46
2021-07-27 15:35:24,997 [Command processor thread] INFO  commandhandler.ClosePipelineCommandHandler (ClosePipelineCommandHandler.java:handle(75)) - Close Pipeline PipelineID=ded41929-1a6a-4db1-8452-19cdbb44ae46 command on datanode 06176d23-931f-4bc0-889d-083490fc12b7.
2021-07-27 15:35:24,997 [Command processor thread] WARN  server.RaftServer (RaftServerProxy.java:remove(101)) - 06176d23-931f-4bc0-889d-083490fc12b7: does not contain group: group-19CDBB44AE46
2021-07-27 15:35:24,997 [Command processor thread] ERROR commandhandler.ClosePipelineCommandHandler (ClosePipelineCommandHandler.java:handle(78)) - Can't close pipeline PipelineID=ded41929-1a6a-4db1-8452-19cdbb44ae46
java.io.IOException: 06176d23-931f-4bc0-889d-083490fc12b7: Group group-19CDBB44AE46 not found.
	at org.apache.hadoop.ozone.container.common.transport.server.ratis.XceiverServerRatis.removeGroup(XceiverServerRatis.java:777)
	at org.apache.hadoop.ozone.container.common.statemachine.commandhandler.ClosePipelineCommandHandler.handle(ClosePipelineCommandHandler.java:74)
	at org.apache.hadoop.ozone.container.common.statemachine.commandhandler.CommandDispatcher.handle(CommandDispatcher.java:99)
	at org.apache.hadoop.ozone.container.common.statemachine.DatanodeStateMachine.lambda$initCommandHandlerThread$2(DatanodeStateMachine.java:551)
	at java.lang.Thread.run(Thread.java:748)
Caused by: org.apache.ratis.protocol.exceptions.GroupMismatchException: 06176d23-931f-4bc0-889d-083490fc12b7: Group group-19CDBB44AE46 not found.
	at org.apache.ratis.server.impl.RaftServerProxy.groupRemoveAsync(RaftServerProxy.java:504)
	at org.apache.ratis.server.impl.RaftServerProxy.groupManagementAsync(RaftServerProxy.java:460)
	at org.apache.ratis.server.impl.RaftServerProxy.groupManagement(RaftServerProxy.java:440)
	at org.apache.hadoop.ozone.container.common.transport.server.ratis.XceiverServerRatis.removeGroup(XceiverServerRatis.java:775)
	... 4 more
2021-07-27 15:35:24,997 [Command processor thread] WARN  server.RaftServer (RaftServerProxy.java:remove(101)) - 06176d23-931f-4bc0-889d-083490fc12b7: does not contain group: group-19CDBB44AE46
2021-07-27 15:35:24,997 [Command processor thread] ERROR commandhandler.ClosePipelineCommandHandler (ClosePipelineCommandHandler.java:handle(78)) - Can't close pipeline PipelineID=ded41929-1a6a-4db1-8452-19cdbb44ae46
java.io.IOException: 06176d23-931f-4bc0-889d-083490fc12b7: Group group-19CDBB44AE46 not found.
	at org.apache.hadoop.ozone.container.common.transport.server.ratis.XceiverServerRatis.removeGroup(XceiverServerRatis.java:777)
	at org.apache.hadoop.ozone.container.common.statemachine.commandhandler.ClosePipelineCommandHandler.handle(ClosePipelineCommandHandler.java:74)
	at org.apache.hadoop.ozone.container.common.statemachine.commandhandler.CommandDispatcher.handle(CommandDispatcher.java:99)
	at org.apache.hadoop.ozone.container.common.statemachine.DatanodeStateMachine.lambda$initCommandHandlerThread$2(DatanodeStateMachine.java:551)
	at java.lang.Thread.run(Thread.java:748)
Caused by: org.apache.ratis.protocol.exceptions.GroupMismatchException: 06176d23-931f-4bc0-889d-083490fc12b7: Group group-19CDBB44AE46 not found.
	at org.apache.ratis.server.impl.RaftServerProxy.groupRemoveAsync(RaftServerProxy.java:504)
	at org.apache.ratis.server.impl.RaftServerProxy.groupManagementAsync(RaftServerProxy.java:460)
	at org.apache.ratis.server.impl.RaftServerProxy.groupManagement(RaftServerProxy.java:440)
	at org.apache.hadoop.ozone.container.common.transport.server.ratis.XceiverServerRatis.removeGroup(XceiverServerRatis.java:775)
	... 4 more
2021-07-27 15:35:24,998 [Command processor thread] WARN  server.RaftServer (RaftServerProxy.java:remove(101)) - 06176d23-931f-4bc0-889d-083490fc12b7: does not contain group: group-19CDBB44AE46
2021-07-27 15:35:24,998 [Command processor thread] ERROR commandhandler.ClosePipelineCommandHandler (ClosePipelineCommandHandler.java:handle(78)) - Can't close pipeline PipelineID=ded41929-1a6a-4db1-8452-19cdbb44ae46
java.io.IOException: 06176d23-931f-4bc0-889d-083490fc12b7: Group group-19CDBB44AE46 not found.
	at org.apache.hadoop.ozone.container.common.transport.server.ratis.XceiverServerRatis.removeGroup(XceiverServerRatis.java:777)
	at org.apache.hadoop.ozone.container.common.statemachine.commandhandler.ClosePipelineCommandHandler.handle(ClosePipelineCommandHandler.java:74)
	at org.apache.hadoop.ozone.container.common.statemachine.commandhandler.CommandDispatcher.handle(CommandDispatcher.java:99)
	at org.apache.hadoop.ozone.container.common.statemachine.DatanodeStateMachine.lambda$initCommandHandlerThread$2(DatanodeStateMachine.java:551)
	at java.lang.Thread.run(Thread.java:748)
Caused by: org.apache.ratis.protocol.exceptions.GroupMismatchException: 06176d23-931f-4bc0-889d-083490fc12b7: Group group-19CDBB44AE46 not found.
	at org.apache.ratis.server.impl.RaftServerProxy.groupRemoveAsync(RaftServerProxy.java:504)
	at org.apache.ratis.server.impl.RaftServerProxy.groupManagementAsync(RaftServerProxy.java:460)
	at org.apache.ratis.server.impl.RaftServerProxy.groupManagement(RaftServerProxy.java:440)
	at org.apache.hadoop.ozone.container.common.transport.server.ratis.XceiverServerRatis.removeGroup(XceiverServerRatis.java:775)
	... 4 more
2021-07-27 15:35:26,186 [Command processor thread] WARN  server.RaftServer (RaftServerProxy.java:remove(101)) - 06176d23-931f-4bc0-889d-083490fc12b7: does not contain group: group-19CDBB44AE46
2021-07-27 15:35:26,186 [Command processor thread] ERROR commandhandler.ClosePipelineCommandHandler (ClosePipelineCommandHandler.java:handle(78)) - Can't close pipeline PipelineID=ded41929-1a6a-4db1-8452-19cdbb44ae46
java.io.IOException: 06176d23-931f-4bc0-889d-083490fc12b7: Group group-19CDBB44AE46 not found.
	at org.apache.hadoop.ozone.container.common.transport.server.ratis.XceiverServerRatis.removeGroup(XceiverServerRatis.java:777)
	at org.apache.hadoop.ozone.container.common.statemachine.commandhandler.ClosePipelineCommandHandler.handle(ClosePipelineCommandHandler.java:74)
	at org.apache.hadoop.ozone.container.common.statemachine.commandhandler.CommandDispatcher.handle(CommandDispatcher.java:99)
	at org.apache.hadoop.ozone.container.common.statemachine.DatanodeStateMachine.lambda$initCommandHandlerThread$2(DatanodeStateMachine.java:551)
	at java.lang.Thread.run(Thread.java:748)
Caused by: org.apache.ratis.protocol.exceptions.GroupMismatchException: 06176d23-931f-4bc0-889d-083490fc12b7: Group group-19CDBB44AE46 not found.
	at org.apache.ratis.server.impl.RaftServerProxy.groupRemoveAsync(RaftServerProxy.java:504)
	at org.apache.ratis.server.impl.RaftServerProxy.groupManagementAsync(RaftServerProxy.java:460)
	at org.apache.ratis.server.impl.RaftServerProxy.groupManagement(RaftServerProxy.java:440)
	at org.apache.hadoop.ozone.container.common.transport.server.ratis.XceiverServerRatis.removeGroup(XceiverServerRatis.java:775)
	... 4 more
2021-07-27 15:35:26,189 [Command processor thread] WARN  server.RaftServer (RaftServerProxy.java:remove(101)) - 81779055-ba29-4e92-9662-ae2ec67a510c: does not contain group: group-19CDBB44AE46
2021-07-27 15:35:26,189 [Command processor thread] ERROR commandhandler.ClosePipelineCommandHandler (ClosePipelineCommandHandler.java:handle(78)) - Can't close pipeline PipelineID=ded41929-1a6a-4db1-8452-19cdbb44ae46
java.io.IOException: 81779055-ba29-4e92-9662-ae2ec67a510c: Group group-19CDBB44AE46 not found.
	at org.apache.hadoop.ozone.container.common.transport.server.ratis.XceiverServerRatis.removeGroup(XceiverServerRatis.java:777)
	at org.apache.hadoop.ozone.container.common.statemachine.commandhandler.ClosePipelineCommandHandler.handle(ClosePipelineCommandHandler.java:74)
	at org.apache.hadoop.ozone.container.common.statemachine.commandhandler.CommandDispatcher.handle(CommandDispatcher.java:99)
	at org.apache.hadoop.ozone.container.common.statemachine.DatanodeStateMachine.lambda$initCommandHandlerThread$2(DatanodeStateMachine.java:551)
	at java.lang.Thread.run(Thread.java:748)
Caused by: org.apache.ratis.protocol.exceptions.GroupMismatchException: 81779055-ba29-4e92-9662-ae2ec67a510c: Group group-19CDBB44AE46 not found.
	at org.apache.ratis.server.impl.RaftServerProxy.groupRemoveAsync(RaftServerProxy.java:504)
	at org.apache.ratis.server.impl.RaftServerProxy.groupManagementAsync(RaftServerProxy.java:460)
	at org.apache.ratis.server.impl.RaftServerProxy.groupManagement(RaftServerProxy.java:440)
	at org.apache.hadoop.ozone.container.common.transport.server.ratis.XceiverServerRatis.removeGroup(XceiverServerRatis.java:775)
	... 4 more
2021-07-27 15:35:26,201 [Command processor thread] WARN  server.RaftServer (RaftServerProxy.java:remove(101)) - 019b1b79-4eb1-4856-a72b-312c00737279: does not contain group: group-19CDBB44AE46
2021-07-27 15:35:26,201 [Command processor thread] ERROR commandhandler.ClosePipelineCommandHandler (ClosePipelineCommandHandler.java:handle(78)) - Can't close pipeline PipelineID=ded41929-1a6a-4db1-8452-19cdbb44ae46
java.io.IOException: 019b1b79-4eb1-4856-a72b-312c00737279: Group group-19CDBB44AE46 not found.
	at org.apache.hadoop.ozone.container.common.transport.server.ratis.XceiverServerRatis.removeGroup(XceiverServerRatis.java:777)
	at org.apache.hadoop.ozone.container.common.statemachine.commandhandler.ClosePipelineCommandHandler.handle(ClosePipelineCommandHandler.java:74)
	at org.apache.hadoop.ozone.container.common.statemachine.commandhandler.CommandDispatcher.handle(CommandDispatcher.java:99)
	at org.apache.hadoop.ozone.container.common.statemachine.DatanodeStateMachine.lambda$initCommandHandlerThread$2(DatanodeStateMachine.java:551)
	at java.lang.Thread.run(Thread.java:748)
Caused by: org.apache.ratis.protocol.exceptions.GroupMismatchException: 019b1b79-4eb1-4856-a72b-312c00737279: Group group-19CDBB44AE46 not found.
	at org.apache.ratis.server.impl.RaftServerProxy.groupRemoveAsync(RaftServerProxy.java:504)
	at org.apache.ratis.server.impl.RaftServerProxy.groupManagementAsync(RaftServerProxy.java:460)
	at org.apache.ratis.server.impl.RaftServerProxy.groupManagement(RaftServerProxy.java:440)
	at org.apache.hadoop.ozone.container.common.transport.server.ratis.XceiverServerRatis.removeGroup(XceiverServerRatis.java:775)
	... 4 more
2021-07-27 15:35:30,697 [Time-limited test] WARN  io.KeyOutputStream (KeyOutputStream.java:handleException(318)) - Encountered exception java.io.IOException: Unexpected Storage Container Exception: java.util.concurrent.CompletionException: Failed to write chunk 107544261427200023_chunk_1 into block conID: 19 locID: 107544261427200023 bcsId: 0 on the pipeline Pipeline[ Id: ded41929-1a6a-4db1-8452-19cdbb44ae46, Nodes: 019b1b79-4eb1-4856-a72b-312c00737279{ip: 10.1.0.63, host: fv-az184-788.3ow45vhwbzuu5incsxmygykede.cx.internal.cloudapp.net, ports: [REPLICATION=45817, RATIS=38653, RATIS_ADMIN=38653, RATIS_SERVER=38653, STANDALONE=44541], networkLocation: /default-rack, certSerialId: null, persistedOpState: IN_SERVICE, persistedOpStateExpiryEpochSec: 0}06176d23-931f-4bc0-889d-083490fc12b7{ip: 10.1.0.63, host: fv-az184-788.3ow45vhwbzuu5incsxmygykede.cx.internal.cloudapp.net, ports: [REPLICATION=34999, RATIS=42561, RATIS_ADMIN=42561, RATIS_SERVER=42561, STANDALONE=44409], networkLocation: /default-rack, certSerialId: null, persistedOpState: IN_SERVICE, persistedOpStateExpiryEpochSec: 0}81779055-ba29-4e92-9662-ae2ec67a510c{ip: 10.1.0.63, host: fv-az184-788.3ow45vhwbzuu5incsxmygykede.cx.internal.cloudapp.net, ports: [REPLICATION=41741, RATIS=34923, RATIS_ADMIN=34923, RATIS_SERVER=34923, STANDALONE=42043], networkLocation: /default-rack, certSerialId: null, persistedOpState: IN_SERVICE, persistedOpStateExpiryEpochSec: 0}, ReplicationConfig: RATIS/THREE, State:OPEN, leaderId:81779055-ba29-4e92-9662-ae2ec67a510c, CreationTimestamp2021-07-27T15:35:17.272Z[Etc/UTC]]. The last committed block length is 0, uncommitted data length is 2097152 retry count 2
2021-07-27 15:35:30,720 [IPC Server handler 11 on default port 38947] INFO  pipeline.RatisPipelineProvider (RatisPipelineProvider.java:lambda$create$0(183)) - Sending CreatePipelineCommand for pipeline:PipelineID=e9915100-a788-4100-ac82-7c865a9ec75e to datanode:6e7f89fa-cf6a-4953-b8bc-7c60dd05eddd
2021-07-27 15:35:30,720 [IPC Server handler 11 on default port 38947] INFO  pipeline.RatisPipelineProvider (RatisPipelineProvider.java:lambda$create$0(183)) - Sending CreatePipelineCommand for pipeline:PipelineID=e9915100-a788-4100-ac82-7c865a9ec75e to datanode:e12f8595-05e5-464c-bfb9-afa629e2a4c5
2021-07-27 15:35:30,720 [IPC Server handler 11 on default port 38947] INFO  pipeline.RatisPipelineProvider (RatisPipelineProvider.java:lambda$create$0(183)) - Sending CreatePipelineCommand for pipeline:PipelineID=e9915100-a788-4100-ac82-7c865a9ec75e to datanode:019b1b79-4eb1-4856-a72b-312c00737279
2021-07-27 15:35:30,720 [IPC Server handler 11 on default port 38947] INFO  pipeline.PipelineStateManager (PipelineStateManagerV2Impl.java:addPipeline(101)) - Created pipeline Pipeline[ Id: e9915100-a788-4100-ac82-7c865a9ec75e, Nodes: 6e7f89fa-cf6a-4953-b8bc-7c60dd05eddd{ip: 10.1.0.63, host: fv-az184-788.3ow45vhwbzuu5incsxmygykede.cx.internal.cloudapp.net, ports: [REPLICATION=38141, RATIS=37297, RATIS_ADMIN=37297, RATIS_SERVER=37297, STANDALONE=39133], networkLocation: /default-rack, certSerialId: null, persistedOpState: IN_SERVICE, persistedOpStateExpiryEpochSec: 0}e12f8595-05e5-464c-bfb9-afa629e2a4c5{ip: 10.1.0.63, host: fv-az184-788.3ow45vhwbzuu5incsxmygykede.cx.internal.cloudapp.net, ports: [REPLICATION=43097, RATIS=36961, RATIS_ADMIN=36961, RATIS_SERVER=36961, STANDALONE=46151], networkLocation: /default-rack, certSerialId: null, persistedOpState: IN_SERVICE, persistedOpStateExpiryEpochSec: 0}019b1b79-4eb1-4856-a72b-312c00737279{ip: 10.1.0.63, host: fv-az184-788.3ow45vhwbzuu5incsxmygykede.cx.internal.cloudapp.net, ports: [REPLICATION=45817, RATIS=38653, RATIS_ADMIN=38653, RATIS_SERVER=38653, STANDALONE=44541], networkLocation: /default-rack, certSerialId: null, persistedOpState: IN_SERVICE, persistedOpStateExpiryEpochSec: 0}, ReplicationConfig: RATIS/THREE, State:ALLOCATED, leaderId:, CreationTimestamp2021-07-27T15:35:30.720Z[Etc/UTC]].
2021-07-27 15:35:31,734 [Command processor thread] INFO  server.RaftServer (RaftServerProxy.java:addNew(95)) - e12f8595-05e5-464c-bfb9-afa629e2a4c5: addNew group-7C865A9EC75E:[019b1b79-4eb1-4856-a72b-312c00737279|rpc:10.1.0.63:38653|priority:0, 6e7f89fa-cf6a-4953-b8bc-7c60dd05eddd|rpc:10.1.0.63:37297|priority:1, e12f8595-05e5-464c-bfb9-afa629e2a4c5|rpc:10.1.0.63:36961|priority:0] returns group-7C865A9EC75E:java.util.concurrent.CompletableFuture@4e70f30c[Not completed]
2021-07-27 15:35:31,735 [pool-108-thread-1] INFO  server.RaftServer$Division (RaftServerImpl.java:<init>(181)) - e12f8595-05e5-464c-bfb9-afa629e2a4c5: new RaftServerImpl for group-7C865A9EC75E:[019b1b79-4eb1-4856-a72b-312c00737279|rpc:10.1.0.63:38653|priority:0, 6e7f89fa-cf6a-4953-b8bc-7c60dd05eddd|rpc:10.1.0.63:37297|priority:1, e12f8595-05e5-464c-bfb9-afa629e2a4c5|rpc:10.1.0.63:36961|priority:0] with ContainerStateMachine:uninitialized
2021-07-27 15:35:31,735 [pool-108-thread-1] INFO  server.RaftServerConfigKeys (ConfUtils.java:logGet(44)) - raft.server.rpc.timeout.min = 5s (custom)
2021-07-27 15:35:31,735 [pool-108-thread-1] INFO  server.RaftServerConfigKeys (ConfUtils.java:logGet(44)) - raft.server.rpc.timeout.max = 5200ms (custom)
2021-07-27 15:35:31,735 [pool-108-thread-1] INFO  server.RaftServerConfigKeys (ConfUtils.java:logGet(44)) - raft.server.rpc.sleep.time = 25ms (default)
2021-07-27 15:35:31,735 [pool-108-thread-1] INFO  server.RaftServerConfigKeys (ConfUtils.java:logGet(44)) - raft.server.rpc.slowness.timeout = 300s (custom)
2021-07-27 15:35:31,735 [pool-108-thread-1] INFO  server.RaftServerConfigKeys (ConfUtils.java:logGet(44)) - raft.server.leaderelection.leader.step-down.wait-time = 10s (default)
2021-07-27 15:35:31,735 [pool-108-thread-1] INFO  server.RaftServerConfigKeys (ConfUtils.java:logGet(44)) - raft.server.sleep.deviation.threshold = 300ms (default)
2021-07-27 15:35:31,735 [pool-108-thread-1] INFO  server.RaftServerConfigKeys (ConfUtils.java:logGet(44)) - raft.server.log.appender.install.snapshot.enabled = false (custom)
2021-07-27 15:35:31,735 [pool-108-thread-1] INFO  server.RaftServer$Division (ServerState.java:<init>(105)) - e12f8595-05e5-464c-bfb9-afa629e2a4c5@group-7C865A9EC75E: ConfigurationManager, init=-1: [019b1b79-4eb1-4856-a72b-312c00737279|rpc:10.1.0.63:38653|priority:0, 6e7f89fa-cf6a-4953-b8bc-7c60dd05eddd|rpc:10.1.0.63:37297|priority:1, e12f8595-05e5-464c-bfb9-afa629e2a4c5|rpc:10.1.0.63:36961|priority:0], old=null, confs=<EMPTY_MAP>
2021-07-27 15:35:31,735 [pool-108-thread-1] INFO  server.RaftServerConfigKeys (ConfUtils.java:logGet(44)) - raft.server.storage.dir = [/home/runner/work/ozone/ozone/mnt/ozone/hadoop-ozone/integration-test/target/test-dir/MiniOzoneClusterImpl-c6f84d42-5853-4333-b7a0-bd2f0065fc62/datanode-3/data/ratis] (custom)
2021-07-27 15:35:31,735 [pool-108-thread-1] INFO  server.RaftServerConfigKeys (ConfUtils.java:logGet(44)) - raft.server.log.corruption.policy = EXCEPTION (default)
2021-07-27 15:35:31,736 [pool-108-thread-1] INFO  server.RaftServerConfigKeys (ConfUtils.java:logGet(44)) - raft.server.storage.free-space.min = 0MB (=0) (default)
2021-07-27 15:35:31,736 [pool-108-thread-1] INFO  storage.RaftStorageDirectory (RaftStorageDirectoryImpl.java:analyzeStorage(135)) - The storage directory /home/runner/work/ozone/ozone/mnt/ozone/hadoop-ozone/integration-test/target/test-dir/MiniOzoneClusterImpl-c6f84d42-5853-4333-b7a0-bd2f0065fc62/datanode-3/data/ratis/e9915100-a788-4100-ac82-7c865a9ec75e does not exist. Creating ...
2021-07-27 15:35:31,739 [pool-108-thread-1] INFO  storage.RaftStorageDirectory (RaftStorageDirectoryImpl.java:tryLock(230)) - Lock on /home/runner/work/ozone/ozone/mnt/ozone/hadoop-ozone/integration-test/target/test-dir/MiniOzoneClusterImpl-c6f84d42-5853-4333-b7a0-bd2f0065fc62/datanode-3/data/ratis/e9915100-a788-4100-ac82-7c865a9ec75e/in_use.lock acquired by nodename 2732@fv-az184-788
2021-07-27 15:35:31,739 [pool-108-thread-1] WARN  util.FileUtils (LogUtils.java:runAndLog(43)) - Failed to Files.createDirectories /home/runner/work/ozone/ozone/mnt/ozone/hadoop-ozone/integration-test/target/test-dir/MiniOzoneClusterImpl-c6f84d42-5853-4333-b7a0-bd2f0065fc62/datanode-3/data/ratis/e9915100-a788-4100-ac82-7c865a9ec75e/current: java.nio.file.FileSystemException: /home/runner/work/ozone/ozone/mnt/ozone/hadoop-ozone/integration-test/target/test-dir/MiniOzoneClusterImpl-c6f84d42-5853-4333-b7a0-bd2f0065fc62/datanode-3/data/ratis/e9915100-a788-4100-ac82-7c865a9ec75e/current: No space left on device
2021-07-27 15:35:31,739 [pool-108-thread-1] WARN  server.RaftServer$Division (ServerState.java:<init>(121)) - Failed to init RaftStorage under /home/runner/work/ozone/ozone/mnt/ozone/hadoop-ozone/integration-test/target/test-dir/MiniOzoneClusterImpl-c6f84d42-5853-4333-b7a0-bd2f0065fc62/datanode-3/data/ratis for e9915100-a788-4100-ac82-7c865a9ec75e: {}
java.nio.file.FileSystemException: /home/runner/work/ozone/ozone/mnt/ozone/hadoop-ozone/integration-test/target/test-dir/MiniOzoneClusterImpl-c6f84d42-5853-4333-b7a0-bd2f0065fc62/datanode-3/data/ratis/e9915100-a788-4100-ac82-7c865a9ec75e/current: No space left on device
	at sun.nio.fs.UnixException.translateToIOException(UnixException.java:91)
	at sun.nio.fs.UnixException.rethrowAsIOException(UnixException.java:102)
	at sun.nio.fs.UnixException.rethrowAsIOException(UnixException.java:107)
	at sun.nio.fs.UnixFileSystemProvider.createDirectory(UnixFileSystemProvider.java:384)
	at java.nio.file.Files.createDirectory(Files.java:674)
	at java.nio.file.Files.createAndCheckIsDirectory(Files.java:781)
	at java.nio.file.Files.createDirectories(Files.java:767)
	at org.apache.ratis.util.FileUtils.lambda$createDirectories$4(FileUtils.java:71)
	at org.apache.ratis.util.LogUtils.runAndLog(LogUtils.java:38)
	at org.apache.ratis.util.FileUtils.createDirectories(FileUtils.java:70)
	at org.apache.ratis.util.FileUtils.createDirectories(FileUtils.java:66)
	at org.apache.ratis.server.storage.RaftStorageDirectoryImpl.clearDirectory(RaftStorageDirectoryImpl.java:90)
	at org.apache.ratis.server.storage.RaftStorageDirectoryImpl.clearDirectory(RaftStorageDirectoryImpl.java:81)
	at org.apache.ratis.server.storage.RaftStorageImpl.format(RaftStorageImpl.java:86)
	at org.apache.ratis.server.storage.RaftStorageImpl.analyzeAndRecoverStorage(RaftStorageImpl.java:114)
	at org.apache.ratis.server.storage.RaftStorageImpl.<init>(RaftStorageImpl.java:67)
	at org.apache.ratis.server.storage.RaftStorageImpl.<init>(RaftStorageImpl.java:52)
	at org.apache.ratis.server.impl.ServerState.<init>(ServerState.java:114)
	at org.apache.ratis.server.impl.RaftServerImpl.<init>(RaftServerImpl.java:194)
	at org.apache.ratis.server.impl.RaftServerProxy.lambda$newRaftServerImpl$4(RaftServerProxy.java:266)
	at java.util.concurrent.CompletableFuture$AsyncSupply.run(CompletableFuture.java:1604)
	at java.util.concurrent.ThreadPoolExecutor.runWorker(ThreadPoolExecutor.java:1149)
	at java.util.concurrent.ThreadPoolExecutor$Worker.run(ThreadPoolExecutor.java:624)
	at java.lang.Thread.run(Thread.java:748)
2021-07-27 15:35:31,740 [pool-108-thread-1] INFO  server.RaftServerConfigKeys (ConfUtils.java:logGet(44)) - raft.server.storage.dir = [/home/runner/work/ozone/ozone/mnt/ozone/hadoop-ozone/integration-test/target/test-dir/MiniOzoneClusterImpl-c6f84d42-5853-4333-b7a0-bd2f0065fc62/datanode-3/data/ratis] (custom)
2021-07-27 15:35:31,742 [Command processor thread] ERROR commandhandler.CreatePipelineCommandHandler (CreatePipelineCommandHandler.java:handle(111)) - Can't create pipeline RATIS THREE PipelineID=e9915100-a788-4100-ac82-7c865a9ec75e
java.io.IOException: No healthy directories found for RaftStorage among: [/home/runner/work/ozone/ozone/mnt/ozone/hadoop-ozone/integration-test/target/test-dir/MiniOzoneClusterImpl-c6f84d42-5853-4333-b7a0-bd2f0065fc62/datanode-3/data/ratis]
	at org.apache.hadoop.ozone.container.common.transport.server.ratis.XceiverServerRatis.addGroup(XceiverServerRatis.java:756)
	at org.apache.hadoop.ozone.container.common.statemachine.commandhandler.CreatePipelineCommandHandler.handle(CreatePipelineCommandHandler.java:92)
	at org.apache.hadoop.ozone.container.common.statemachine.commandhandler.CommandDispatcher.handle(CommandDispatcher.java:99)
	at org.apache.hadoop.ozone.container.common.statemachine.DatanodeStateMachine.lambda$initCommandHandlerThread$2(DatanodeStateMachine.java:551)
	at java.lang.Thread.run(Thread.java:748)
Caused by: java.io.IOException: No healthy directories found for RaftStorage among: [/home/runner/work/ozone/ozone/mnt/ozone/hadoop-ozone/integration-test/target/test-dir/MiniOzoneClusterImpl-c6f84d42-5853-4333-b7a0-bd2f0065fc62/datanode-3/data/ratis]
	at org.apache.ratis.server.impl.ServerState.<init>(ServerState.java:129)
	at org.apache.ratis.server.impl.RaftServerImpl.<init>(RaftServerImpl.java:194)
	at org.apache.ratis.server.impl.RaftServerProxy.lambda$newRaftServerImpl$4(RaftServerProxy.java:266)
	at java.util.concurrent.CompletableFuture$AsyncSupply.run(CompletableFuture.java:1604)
	at java.util.concurrent.ThreadPoolExecutor.runWorker(ThreadPoolExecutor.java:1149)
	at java.util.concurrent.ThreadPoolExecutor$Worker.run(ThreadPoolExecutor.java:624)
	... 1 more
2021-07-27 15:35:31,919 [Command processor thread] INFO  server.RaftServer (RaftServerProxy.java:addNew(95)) - 6e7f89fa-cf6a-4953-b8bc-7c60dd05eddd: addNew group-7C865A9EC75E:[019b1b79-4eb1-4856-a72b-312c00737279|rpc:10.1.0.63:38653|priority:0, 6e7f89fa-cf6a-4953-b8bc-7c60dd05eddd|rpc:10.1.0.63:37297|priority:1, e12f8595-05e5-464c-bfb9-afa629e2a4c5|rpc:10.1.0.63:36961|priority:0] returns group-7C865A9EC75E:java.util.concurrent.CompletableFuture@5bc3697d[Not completed]
2021-07-27 15:35:31,920 [pool-162-thread-1] INFO  server.RaftServer$Division (RaftServerImpl.java:<init>(181)) - 6e7f89fa-cf6a-4953-b8bc-7c60dd05eddd: new RaftServerImpl for group-7C865A9EC75E:[019b1b79-4eb1-4856-a72b-312c00737279|rpc:10.1.0.63:38653|priority:0, 6e7f89fa-cf6a-4953-b8bc-7c60dd05eddd|rpc:10.1.0.63:37297|priority:1, e12f8595-05e5-464c-bfb9-afa629e2a4c5|rpc:10.1.0.63:36961|priority:0] with ContainerStateMachine:uninitialized
2021-07-27 15:35:31,920 [pool-162-thread-1] INFO  server.RaftServerConfigKeys (ConfUtils.java:logGet(44)) - raft.server.rpc.timeout.min = 5s (custom)
2021-07-27 15:35:31,920 [pool-162-thread-1] INFO  server.RaftServerConfigKeys (ConfUtils.java:logGet(44)) - raft.server.rpc.timeout.max = 5200ms (custom)
2021-07-27 15:35:31,920 [pool-162-thread-1] INFO  server.RaftServerConfigKeys (ConfUtils.java:logGet(44)) - raft.server.rpc.sleep.time = 25ms (default)
2021-07-27 15:35:31,920 [pool-162-thread-1] INFO  server.RaftServerConfigKeys (ConfUtils.java:logGet(44)) - raft.server.rpc.slowness.timeout = 300s (custom)
2021-07-27 15:35:31,920 [pool-162-thread-1] INFO  server.RaftServerConfigKeys (ConfUtils.java:logGet(44)) - raft.server.leaderelection.leader.step-down.wait-time = 10s (default)
2021-07-27 15:35:31,920 [pool-162-thread-1] INFO  server.RaftServerConfigKeys (ConfUtils.java:logGet(44)) - raft.server.sleep.deviation.threshold = 300ms (default)
2021-07-27 15:35:31,920 [pool-162-thread-1] INFO  server.RaftServerConfigKeys (ConfUtils.java:logGet(44)) - raft.server.log.appender.install.snapshot.enabled = false (custom)
2021-07-27 15:35:31,920 [pool-162-thread-1] INFO  server.RaftServer$Division (ServerState.java:<init>(105)) - 6e7f89fa-cf6a-4953-b8bc-7c60dd05eddd@group-7C865A9EC75E: ConfigurationManager, init=-1: [019b1b79-4eb1-4856-a72b-312c00737279|rpc:10.1.0.63:38653|priority:0, 6e7f89fa-cf6a-4953-b8bc-7c60dd05eddd|rpc:10.1.0.63:37297|priority:1, e12f8595-05e5-464c-bfb9-afa629e2a4c5|rpc:10.1.0.63:36961|priority:0], old=null, confs=<EMPTY_MAP>
2021-07-27 15:35:31,921 [pool-162-thread-1] INFO  server.RaftServerConfigKeys (ConfUtils.java:logGet(44)) - raft.server.storage.dir = [/home/runner/work/ozone/ozone/mnt/ozone/hadoop-ozone/integration-test/target/test-dir/MiniOzoneClusterImpl-c6f84d42-5853-4333-b7a0-bd2f0065fc62/datanode-6/data/ratis] (custom)
2021-07-27 15:35:31,921 [pool-162-thread-1] INFO  server.RaftServerConfigKeys (ConfUtils.java:logGet(44)) - raft.server.log.corruption.policy = EXCEPTION (default)
2021-07-27 15:35:31,921 [pool-162-thread-1] INFO  server.RaftServerConfigKeys (ConfUtils.java:logGet(44)) - raft.server.storage.free-space.min = 0MB (=0) (default)
2021-07-27 15:35:31,921 [pool-162-thread-1] INFO  storage.RaftStorageDirectory (RaftStorageDirectoryImpl.java:analyzeStorage(135)) - The storage directory /home/runner/work/ozone/ozone/mnt/ozone/hadoop-ozone/integration-test/target/test-dir/MiniOzoneClusterImpl-c6f84d42-5853-4333-b7a0-bd2f0065fc62/datanode-6/data/ratis/e9915100-a788-4100-ac82-7c865a9ec75e does not exist. Creating ...
2021-07-27 15:35:31,922 [pool-162-thread-1] WARN  util.FileUtils (LogUtils.java:runAndLog(43)) - Failed to Files.createDirectories /home/runner/work/ozone/ozone/mnt/ozone/hadoop-ozone/integration-test/target/test-dir/MiniOzoneClusterImpl-c6f84d42-5853-4333-b7a0-bd2f0065fc62/datanode-6/data/ratis/e9915100-a788-4100-ac82-7c865a9ec75e: java.nio.file.FileSystemException: /home/runner/work/ozone/ozone/mnt/ozone/hadoop-ozone/integration-test/target/test-dir/MiniOzoneClusterImpl-c6f84d42-5853-4333-b7a0-bd2f0065fc62/datanode-6/data/ratis/e9915100-a788-4100-ac82-7c865a9ec75e: No space left on device
2021-07-27 15:35:31,923 [pool-162-thread-1] WARN  server.RaftServer$Division (ServerState.java:<init>(121)) - Failed to init RaftStorage under /home/runner/work/ozone/ozone/mnt/ozone/hadoop-ozone/integration-test/target/test-dir/MiniOzoneClusterImpl-c6f84d42-5853-4333-b7a0-bd2f0065fc62/datanode-6/data/ratis for e9915100-a788-4100-ac82-7c865a9ec75e: {}
java.nio.file.FileSystemException: /home/runner/work/ozone/ozone/mnt/ozone/hadoop-ozone/integration-test/target/test-dir/MiniOzoneClusterImpl-c6f84d42-5853-4333-b7a0-bd2f0065fc62/datanode-6/data/ratis/e9915100-a788-4100-ac82-7c865a9ec75e: No space left on device
	at sun.nio.fs.UnixException.translateToIOException(UnixException.java:91)
	at sun.nio.fs.UnixException.rethrowAsIOException(UnixException.java:102)
	at sun.nio.fs.UnixException.rethrowAsIOException(UnixException.java:107)
	at sun.nio.fs.UnixFileSystemProvider.createDirectory(UnixFileSystemProvider.java:384)
	at java.nio.file.Files.createDirectory(Files.java:674)
	at java.nio.file.Files.createAndCheckIsDirectory(Files.java:781)
	at java.nio.file.Files.createDirectories(Files.java:767)
	at org.apache.ratis.util.FileUtils.lambda$createDirectories$4(FileUtils.java:71)
	at org.apache.ratis.util.LogUtils.runAndLog(LogUtils.java:38)
	at org.apache.ratis.util.FileUtils.createDirectories(FileUtils.java:70)
	at org.apache.ratis.util.FileUtils.createDirectories(FileUtils.java:66)
	at org.apache.ratis.server.storage.RaftStorageDirectoryImpl.analyzeStorage(RaftStorageDirectoryImpl.java:136)
	at org.apache.ratis.server.storage.RaftStorageImpl.analyzeAndRecoverStorage(RaftStorageImpl.java:97)
	at org.apache.ratis.server.storage.RaftStorageImpl.<init>(RaftStorageImpl.java:67)
	at org.apache.ratis.server.storage.RaftStorageImpl.<init>(RaftStorageImpl.java:52)
	at org.apache.ratis.server.impl.ServerState.<init>(ServerState.java:114)
	at org.apache.ratis.server.impl.RaftServerImpl.<init>(RaftServerImpl.java:194)
	at org.apache.ratis.server.impl.RaftServerProxy.lambda$newRaftServerImpl$4(RaftServerProxy.java:266)
	at java.util.concurrent.CompletableFuture$AsyncSupply.run(CompletableFuture.java:1604)
	at java.util.concurrent.ThreadPoolExecutor.runWorker(ThreadPoolExecutor.java:1149)
	at java.util.concurrent.ThreadPoolExecutor$Worker.run(ThreadPoolExecutor.java:624)
	at java.lang.Thread.run(Thread.java:748)
2021-07-27 15:35:31,926 [pool-162-thread-1] INFO  server.RaftServerConfigKeys (ConfUtils.java:logGet(44)) - raft.server.storage.dir = [/home/runner/work/ozone/ozone/mnt/ozone/hadoop-ozone/integration-test/target/test-dir/MiniOzoneClusterImpl-c6f84d42-5853-4333-b7a0-bd2f0065fc62/datanode-6/data/ratis] (custom)
2021-07-27 15:35:31,929 [Command processor thread] ERROR commandhandler.CreatePipelineCommandHandler (CreatePipelineCommandHandler.java:handle(111)) - Can't create pipeline RATIS THREE PipelineID=e9915100-a788-4100-ac82-7c865a9ec75e
java.io.IOException: No healthy directories found for RaftStorage among: [/home/runner/work/ozone/ozone/mnt/ozone/hadoop-ozone/integration-test/target/test-dir/MiniOzoneClusterImpl-c6f84d42-5853-4333-b7a0-bd2f0065fc62/datanode-6/data/ratis]
	at org.apache.hadoop.ozone.container.common.transport.server.ratis.XceiverServerRatis.addGroup(XceiverServerRatis.java:756)
	at org.apache.hadoop.ozone.container.common.statemachine.commandhandler.CreatePipelineCommandHandler.handle(CreatePipelineCommandHandler.java:92)
	at org.apache.hadoop.ozone.container.common.statemachine.commandhandler.CommandDispatcher.handle(CommandDispatcher.java:99)
	at org.apache.hadoop.ozone.container.common.statemachine.DatanodeStateMachine.lambda$initCommandHandlerThread$2(DatanodeStateMachine.java:551)
	at java.lang.Thread.run(Thread.java:748)
Caused by: java.io.IOException: No healthy directories found for RaftStorage among: [/home/runner/work/ozone/ozone/mnt/ozone/hadoop-ozone/integration-test/target/test-dir/MiniOzoneClusterImpl-c6f84d42-5853-4333-b7a0-bd2f0065fc62/datanode-6/data/ratis]
	at org.apache.ratis.server.impl.ServerState.<init>(ServerState.java:129)
	at org.apache.ratis.server.impl.RaftServerImpl.<init>(RaftServerImpl.java:194)
	at org.apache.ratis.server.impl.RaftServerProxy.lambda$newRaftServerImpl$4(RaftServerProxy.java:266)
	at java.util.concurrent.CompletableFuture$AsyncSupply.run(CompletableFuture.java:1604)
	at java.util.concurrent.ThreadPoolExecutor.runWorker(ThreadPoolExecutor.java:1149)
	at java.util.concurrent.ThreadPoolExecutor$Worker.run(ThreadPoolExecutor.java:624)
	... 1 more
2021-07-27 15:35:32,201 [Command processor thread] INFO  server.RaftServer (RaftServerProxy.java:addNew(95)) - 019b1b79-4eb1-4856-a72b-312c00737279: addNew group-7C865A9EC75E:[019b1b79-4eb1-4856-a72b-312c00737279|rpc:10.1.0.63:38653|priority:0, 6e7f89fa-cf6a-4953-b8bc-7c60dd05eddd|rpc:10.1.0.63:37297|priority:1, e12f8595-05e5-464c-bfb9-afa629e2a4c5|rpc:10.1.0.63:36961|priority:0] returns group-7C865A9EC75E:java.util.concurrent.CompletableFuture@5a4963db[Not completed]
2021-07-27 15:35:32,202 [pool-126-thread-1] INFO  server.RaftServer$Division (RaftServerImpl.java:<init>(181)) - 019b1b79-4eb1-4856-a72b-312c00737279: new RaftServerImpl for group-7C865A9EC75E:[019b1b79-4eb1-4856-a72b-312c00737279|rpc:10.1.0.63:38653|priority:0, 6e7f89fa-cf6a-4953-b8bc-7c60dd05eddd|rpc:10.1.0.63:37297|priority:1, e12f8595-05e5-464c-bfb9-afa629e2a4c5|rpc:10.1.0.63:36961|priority:0] with ContainerStateMachine:uninitialized
2021-07-27 15:35:32,202 [pool-126-thread-1] INFO  server.RaftServerConfigKeys (ConfUtils.java:logGet(44)) - raft.server.rpc.timeout.min = 5s (custom)
2021-07-27 15:35:32,202 [pool-126-thread-1] INFO  server.RaftServerConfigKeys (ConfUtils.java:logGet(44)) - raft.server.rpc.timeout.max = 5200ms (custom)
2021-07-27 15:35:32,202 [pool-126-thread-1] INFO  server.RaftServerConfigKeys (ConfUtils.java:logGet(44)) - raft.server.rpc.sleep.time = 25ms (default)
2021-07-27 15:35:32,202 [pool-126-thread-1] INFO  server.RaftServerConfigKeys (ConfUtils.java:logGet(44)) - raft.server.rpc.slowness.timeout = 300s (custom)
2021-07-27 15:35:32,202 [pool-126-thread-1] INFO  server.RaftServerConfigKeys (ConfUtils.java:logGet(44)) - raft.server.leaderelection.leader.step-down.wait-time = 10s (default)
2021-07-27 15:35:32,203 [pool-126-thread-1] INFO  server.RaftServerConfigKeys (ConfUtils.java:logGet(44)) - raft.server.sleep.deviation.threshold = 300ms (default)
2021-07-27 15:35:32,203 [pool-126-thread-1] INFO  server.RaftServerConfigKeys (ConfUtils.java:logGet(44)) - raft.server.log.appender.install.snapshot.enabled = false (custom)
2021-07-27 15:35:32,203 [pool-126-thread-1] INFO  server.RaftServer$Division (ServerState.java:<init>(105)) - 019b1b79-4eb1-4856-a72b-312c00737279@group-7C865A9EC75E: ConfigurationManager, init=-1: [019b1b79-4eb1-4856-a72b-312c00737279|rpc:10.1.0.63:38653|priority:0, 6e7f89fa-cf6a-4953-b8bc-7c60dd05eddd|rpc:10.1.0.63:37297|priority:1, e12f8595-05e5-464c-bfb9-afa629e2a4c5|rpc:10.1.0.63:36961|priority:0], old=null, confs=<EMPTY_MAP>
2021-07-27 15:35:32,203 [pool-126-thread-1] INFO  server.RaftServerConfigKeys (ConfUtils.java:logGet(44)) - raft.server.storage.dir = [/home/runner/work/ozone/ozone/mnt/ozone/hadoop-ozone/integration-test/target/test-dir/MiniOzoneClusterImpl-c6f84d42-5853-4333-b7a0-bd2f0065fc62/datanode-4/data/ratis] (custom)
2021-07-27 15:35:32,203 [pool-126-thread-1] INFO  server.RaftServerConfigKeys (ConfUtils.java:logGet(44)) - raft.server.log.corruption.policy = EXCEPTION (default)
2021-07-27 15:35:32,203 [pool-126-thread-1] INFO  server.RaftServerConfigKeys (ConfUtils.java:logGet(44)) - raft.server.storage.free-space.min = 0MB (=0) (default)
2021-07-27 15:35:32,203 [pool-126-thread-1] INFO  storage.RaftStorageDirectory (RaftStorageDirectoryImpl.java:analyzeStorage(135)) - The storage directory /home/runner/work/ozone/ozone/mnt/ozone/hadoop-ozone/integration-test/target/test-dir/MiniOzoneClusterImpl-c6f84d42-5853-4333-b7a0-bd2f0065fc62/datanode-4/data/ratis/e9915100-a788-4100-ac82-7c865a9ec75e does not exist. Creating ...
2021-07-27 15:35:32,203 [pool-126-thread-1] WARN  util.FileUtils (LogUtils.java:runAndLog(43)) - Failed to Files.createDirectories /home/runner/work/ozone/ozone/mnt/ozone/hadoop-ozone/integration-test/target/test-dir/MiniOzoneClusterImpl-c6f84d42-5853-4333-b7a0-bd2f0065fc62/datanode-4/data/ratis/e9915100-a788-4100-ac82-7c865a9ec75e: java.nio.file.FileSystemException: /home/runner/work/ozone/ozone/mnt/ozone/hadoop-ozone/integration-test/target/test-dir/MiniOzoneClusterImpl-c6f84d42-5853-4333-b7a0-bd2f0065fc62/datanode-4/data/ratis/e9915100-a788-4100-ac82-7c865a9ec75e: No space left on device
2021-07-27 15:35:32,203 [pool-126-thread-1] WARN  server.RaftServer$Division (ServerState.java:<init>(121)) - Failed to init RaftStorage under /home/runner/work/ozone/ozone/mnt/ozone/hadoop-ozone/integration-test/target/test-dir/MiniOzoneClusterImpl-c6f84d42-5853-4333-b7a0-bd2f0065fc62/datanode-4/data/ratis for e9915100-a788-4100-ac82-7c865a9ec75e: {}
java.nio.file.FileSystemException: /home/runner/work/ozone/ozone/mnt/ozone/hadoop-ozone/integration-test/target/test-dir/MiniOzoneClusterImpl-c6f84d42-5853-4333-b7a0-bd2f0065fc62/datanode-4/data/ratis/e9915100-a788-4100-ac82-7c865a9ec75e: No space left on device
	at sun.nio.fs.UnixException.translateToIOException(UnixException.java:91)
	at sun.nio.fs.UnixException.rethrowAsIOException(UnixException.java:102)
	at sun.nio.fs.UnixException.rethrowAsIOException(UnixException.java:107)
	at sun.nio.fs.UnixFileSystemProvider.createDirectory(UnixFileSystemProvider.java:384)
	at java.nio.file.Files.createDirectory(Files.java:674)
	at java.nio.file.Files.createAndCheckIsDirectory(Files.java:781)
	at java.nio.file.Files.createDirectories(Files.java:767)
	at org.apache.ratis.util.FileUtils.lambda$createDirectories$4(FileUtils.java:71)
	at org.apache.ratis.util.LogUtils.runAndLog(LogUtils.java:38)
	at org.apache.ratis.util.FileUtils.createDirectories(FileUtils.java:70)
	at org.apache.ratis.util.FileUtils.createDirectories(FileUtils.java:66)
	at org.apache.ratis.server.storage.RaftStorageDirectoryImpl.analyzeStorage(RaftStorageDirectoryImpl.java:136)
	at org.apache.ratis.server.storage.RaftStorageImpl.analyzeAndRecoverStorage(RaftStorageImpl.java:97)
	at org.apache.ratis.server.storage.RaftStorageImpl.<init>(RaftStorageImpl.java:67)
	at org.apache.ratis.server.storage.RaftStorageImpl.<init>(RaftStorageImpl.java:52)
	at org.apache.ratis.server.impl.ServerState.<init>(ServerState.java:114)
	at org.apache.ratis.server.impl.RaftServerImpl.<init>(RaftServerImpl.java:194)
	at org.apache.ratis.server.impl.RaftServerProxy.lambda$newRaftServerImpl$4(RaftServerProxy.java:266)
	at java.util.concurrent.CompletableFuture$AsyncSupply.run(CompletableFuture.java:1604)
	at java.util.concurrent.ThreadPoolExecutor.runWorker(ThreadPoolExecutor.java:1149)
	at java.util.concurrent.ThreadPoolExecutor$Worker.run(ThreadPoolExecutor.java:624)
	at java.lang.Thread.run(Thread.java:748)
2021-07-27 15:35:32,204 [pool-126-thread-1] INFO  server.RaftServerConfigKeys (ConfUtils.java:logGet(44)) - raft.server.storage.dir = [/home/runner/work/ozone/ozone/mnt/ozone/hadoop-ozone/integration-test/target/test-dir/MiniOzoneClusterImpl-c6f84d42-5853-4333-b7a0-bd2f0065fc62/datanode-4/data/ratis] (custom)
2021-07-27 15:35:32,205 [Command processor thread] ERROR commandhandler.CreatePipelineCommandHandler (CreatePipelineCommandHandler.java:handle(111)) - Can't create pipeline RATIS THREE PipelineID=e9915100-a788-4100-ac82-7c865a9ec75e
java.io.IOException: No healthy directories found for RaftStorage among: [/home/runner/work/ozone/ozone/mnt/ozone/hadoop-ozone/integration-test/target/test-dir/MiniOzoneClusterImpl-c6f84d42-5853-4333-b7a0-bd2f0065fc62/datanode-4/data/ratis]
	at org.apache.hadoop.ozone.container.common.transport.server.ratis.XceiverServerRatis.addGroup(XceiverServerRatis.java:756)
	at org.apache.hadoop.ozone.container.common.statemachine.commandhandler.CreatePipelineCommandHandler.handle(CreatePipelineCommandHandler.java:92)
	at org.apache.hadoop.ozone.container.common.statemachine.commandhandler.CommandDispatcher.handle(CommandDispatcher.java:99)
	at org.apache.hadoop.ozone.container.common.statemachine.DatanodeStateMachine.lambda$initCommandHandlerThread$2(DatanodeStateMachine.java:551)
	at java.lang.Thread.run(Thread.java:748)
Caused by: java.io.IOException: No healthy directories found for RaftStorage among: [/home/runner/work/ozone/ozone/mnt/ozone/hadoop-ozone/integration-test/target/test-dir/MiniOzoneClusterImpl-c6f84d42-5853-4333-b7a0-bd2f0065fc62/datanode-4/data/ratis]
	at org.apache.ratis.server.impl.ServerState.<init>(ServerState.java:129)
	at org.apache.ratis.server.impl.RaftServerImpl.<init>(RaftServerImpl.java:194)
	at org.apache.ratis.server.impl.RaftServerProxy.lambda$newRaftServerImpl$4(RaftServerProxy.java:266)
	at java.util.concurrent.CompletableFuture$AsyncSupply.run(CompletableFuture.java:1604)
	at java.util.concurrent.ThreadPoolExecutor.runWorker(ThreadPoolExecutor.java:1149)
	at java.util.concurrent.ThreadPoolExecutor$Worker.run(ThreadPoolExecutor.java:624)
	... 1 more
2021-07-27 15:36:22,804 [RatisPipelineUtilsThread - 0] INFO  pipeline.RatisPipelineProvider (RatisPipelineProvider.java:lambda$create$0(183)) - Sending CreatePipelineCommand for pipeline:PipelineID=b8ad4e7f-83d5-48e1-aaac-4c1383a50995 to datanode:7e2e87a4-e2d9-4354-b1ee-fda8295f1a97
2021-07-27 15:36:22,805 [RatisPipelineUtilsThread - 0] INFO  pipeline.RatisPipelineProvider (RatisPipelineProvider.java:lambda$create$0(183)) - Sending CreatePipelineCommand for pipeline:PipelineID=b8ad4e7f-83d5-48e1-aaac-4c1383a50995 to datanode:938cb054-8d0b-4cc2-9b0b-5cc4c6b5d6e7
2021-07-27 15:36:22,805 [RatisPipelineUtilsThread - 0] INFO  pipeline.RatisPipelineProvider (RatisPipelineProvider.java:lambda$create$0(183)) - Sending CreatePipelineCommand for pipeline:PipelineID=b8ad4e7f-83d5-48e1-aaac-4c1383a50995 to datanode:81779055-ba29-4e92-9662-ae2ec67a510c
2021-07-27 15:36:22,805 [RatisPipelineUtilsThread - 0] INFO  pipeline.PipelineStateManager (PipelineStateManagerV2Impl.java:addPipeline(101)) - Created pipeline Pipeline[ Id: b8ad4e7f-83d5-48e1-aaac-4c1383a50995, Nodes: 7e2e87a4-e2d9-4354-b1ee-fda8295f1a97{ip: 10.1.0.63, host: fv-az184-788.3ow45vhwbzuu5incsxmygykede.cx.internal.cloudapp.net, ports: [REPLICATION=40957, RATIS=33551, RATIS_ADMIN=33551, RATIS_SERVER=33551, STANDALONE=44133], networkLocation: /default-rack, certSerialId: null, persistedOpState: IN_SERVICE, persistedOpStateExpiryEpochSec: 0}938cb054-8d0b-4cc2-9b0b-5cc4c6b5d6e7{ip: 10.1.0.63, host: fv-az184-788.3ow45vhwbzuu5incsxmygykede.cx.internal.cloudapp.net, ports: [REPLICATION=36383, RATIS=39293, RATIS_ADMIN=39293, RATIS_SERVER=39293, STANDALONE=41985], networkLocation: /default-rack, certSerialId: null, persistedOpState: IN_SERVICE, persistedOpStateExpiryEpochSec: 0}81779055-ba29-4e92-9662-ae2ec67a510c{ip: 10.1.0.63, host: fv-az184-788.3ow45vhwbzuu5incsxmygykede.cx.internal.cloudapp.net, ports: [REPLICATION=41741, RATIS=34923, RATIS_ADMIN=34923, RATIS_SERVER=34923, STANDALONE=42043], networkLocation: /default-rack, certSerialId: null, persistedOpState: IN_SERVICE, persistedOpStateExpiryEpochSec: 0}, ReplicationConfig: RATIS/THREE, State:ALLOCATED, leaderId:, CreationTimestamp2021-07-27T15:36:22.804Z[Etc/UTC]].
2021-07-27 15:36:24,194 [Command processor thread] INFO  server.RaftServer (RaftServerProxy.java:addNew(95)) - 81779055-ba29-4e92-9662-ae2ec67a510c: addNew group-4C1383A50995:[938cb054-8d0b-4cc2-9b0b-5cc4c6b5d6e7|rpc:10.1.0.63:39293|priority:0, 81779055-ba29-4e92-9662-ae2ec67a510c|rpc:10.1.0.63:34923|priority:1, 7e2e87a4-e2d9-4354-b1ee-fda8295f1a97|rpc:10.1.0.63:33551|priority:0] returns group-4C1383A50995:java.util.concurrent.CompletableFuture@7fcd14b5[Not completed]
2021-07-27 15:36:24,195 [pool-72-thread-1] INFO  server.RaftServer$Division (RaftServerImpl.java:<init>(181)) - 81779055-ba29-4e92-9662-ae2ec67a510c: new RaftServerImpl for group-4C1383A50995:[938cb054-8d0b-4cc2-9b0b-5cc4c6b5d6e7|rpc:10.1.0.63:39293|priority:0, 81779055-ba29-4e92-9662-ae2ec67a510c|rpc:10.1.0.63:34923|priority:1, 7e2e87a4-e2d9-4354-b1ee-fda8295f1a97|rpc:10.1.0.63:33551|priority:0] with ContainerStateMachine:uninitialized
2021-07-27 15:36:24,195 [pool-72-thread-1] INFO  server.RaftServerConfigKeys (ConfUtils.java:logGet(44)) - raft.server.rpc.timeout.min = 5s (custom)
2021-07-27 15:36:24,196 [pool-72-thread-1] INFO  server.RaftServerConfigKeys (ConfUtils.java:logGet(44)) - raft.server.rpc.timeout.max = 5200ms (custom)
2021-07-27 15:36:24,196 [pool-72-thread-1] INFO  server.RaftServerConfigKeys (ConfUtils.java:logGet(44)) - raft.server.rpc.sleep.time = 25ms (default)
2021-07-27 15:36:24,196 [pool-72-thread-1] INFO  server.RaftServerConfigKeys (ConfUtils.java:logGet(44)) - raft.server.rpc.slowness.timeout = 300s (custom)
2021-07-27 15:36:24,196 [pool-72-thread-1] INFO  server.RaftServerConfigKeys (ConfUtils.java:logGet(44)) - raft.server.leaderelection.leader.step-down.wait-time = 10s (default)
2021-07-27 15:36:24,196 [pool-72-thread-1] INFO  server.RaftServerConfigKeys (ConfUtils.java:logGet(44)) - raft.server.sleep.deviation.threshold = 300ms (default)
2021-07-27 15:36:24,196 [pool-72-thread-1] INFO  server.RaftServerConfigKeys (ConfUtils.java:logGet(44)) - raft.server.log.appender.install.snapshot.enabled = false (custom)
2021-07-27 15:36:24,196 [pool-72-thread-1] INFO  server.RaftServer$Division (ServerState.java:<init>(105)) - 81779055-ba29-4e92-9662-ae2ec67a510c@group-4C1383A50995: ConfigurationManager, init=-1: [938cb054-8d0b-4cc2-9b0b-5cc4c6b5d6e7|rpc:10.1.0.63:39293|priority:0, 81779055-ba29-4e92-9662-ae2ec67a510c|rpc:10.1.0.63:34923|priority:1, 7e2e87a4-e2d9-4354-b1ee-fda8295f1a97|rpc:10.1.0.63:33551|priority:0], old=null, confs=<EMPTY_MAP>
2021-07-27 15:36:24,196 [pool-72-thread-1] INFO  server.RaftServerConfigKeys (ConfUtils.java:logGet(44)) - raft.server.storage.dir = [/home/runner/work/ozone/ozone/mnt/ozone/hadoop-ozone/integration-test/target/test-dir/MiniOzoneClusterImpl-c6f84d42-5853-4333-b7a0-bd2f0065fc62/datanode-1/data/ratis] (custom)
2021-07-27 15:36:24,196 [pool-72-thread-1] INFO  server.RaftServerConfigKeys (ConfUtils.java:logGet(44)) - raft.server.log.corruption.policy = EXCEPTION (default)
2021-07-27 15:36:24,196 [pool-72-thread-1] INFO  server.RaftServerConfigKeys (ConfUtils.java:logGet(44)) - raft.server.storage.free-space.min = 0MB (=0) (default)
2021-07-27 15:36:24,196 [pool-72-thread-1] INFO  storage.RaftStorageDirectory (RaftStorageDirectoryImpl.java:analyzeStorage(135)) - The storage directory /home/runner/work/ozone/ozone/mnt/ozone/hadoop-ozone/integration-test/target/test-dir/MiniOzoneClusterImpl-c6f84d42-5853-4333-b7a0-bd2f0065fc62/datanode-1/data/ratis/b8ad4e7f-83d5-48e1-aaac-4c1383a50995 does not exist. Creating ...
2021-07-27 15:36:24,196 [pool-72-thread-1] WARN  util.FileUtils (LogUtils.java:runAndLog(43)) - Failed to Files.createDirectories /home/runner/work/ozone/ozone/mnt/ozone/hadoop-ozone/integration-test/target/test-dir/MiniOzoneClusterImpl-c6f84d42-5853-4333-b7a0-bd2f0065fc62/datanode-1/data/ratis/b8ad4e7f-83d5-48e1-aaac-4c1383a50995: java.nio.file.FileSystemException: /home/runner/work/ozone/ozone/mnt/ozone/hadoop-ozone/integration-test/target/test-dir/MiniOzoneClusterImpl-c6f84d42-5853-4333-b7a0-bd2f0065fc62/datanode-1/data/ratis/b8ad4e7f-83d5-48e1-aaac-4c1383a50995: No space left on device
2021-07-27 15:36:24,196 [pool-72-thread-1] WARN  server.RaftServer$Division (ServerState.java:<init>(121)) - Failed to init RaftStorage under /home/runner/work/ozone/ozone/mnt/ozone/hadoop-ozone/integration-test/target/test-dir/MiniOzoneClusterImpl-c6f84d42-5853-4333-b7a0-bd2f0065fc62/datanode-1/data/ratis for b8ad4e7f-83d5-48e1-aaac-4c1383a50995: {}
java.nio.file.FileSystemException: /home/runner/work/ozone/ozone/mnt/ozone/hadoop-ozone/integration-test/target/test-dir/MiniOzoneClusterImpl-c6f84d42-5853-4333-b7a0-bd2f0065fc62/datanode-1/data/ratis/b8ad4e7f-83d5-48e1-aaac-4c1383a50995: No space left on device
	at sun.nio.fs.UnixException.translateToIOException(UnixException.java:91)
	at sun.nio.fs.UnixException.rethrowAsIOException(UnixException.java:102)
	at sun.nio.fs.UnixException.rethrowAsIOException(UnixException.java:107)
	at sun.nio.fs.UnixFileSystemProvider.createDirectory(UnixFileSystemProvider.java:384)
	at java.nio.file.Files.createDirectory(Files.java:674)
	at java.nio.file.Files.createAndCheckIsDirectory(Files.java:781)
	at java.nio.file.Files.createDirectories(Files.java:767)
	at org.apache.ratis.util.FileUtils.lambda$createDirectories$4(FileUtils.java:71)
	at org.apache.ratis.util.LogUtils.runAndLog(LogUtils.java:38)
	at org.apache.ratis.util.FileUtils.createDirectories(FileUtils.java:70)
	at org.apache.ratis.util.FileUtils.createDirectories(FileUtils.java:66)
	at org.apache.ratis.server.storage.RaftStorageDirectoryImpl.analyzeStorage(RaftStorageDirectoryImpl.java:136)
	at org.apache.ratis.server.storage.RaftStorageImpl.analyzeAndRecoverStorage(RaftStorageImpl.java:97)
	at org.apache.ratis.server.storage.RaftStorageImpl.<init>(RaftStorageImpl.java:67)
	at org.apache.ratis.server.storage.RaftStorageImpl.<init>(RaftStorageImpl.java:52)
	at org.apache.ratis.server.impl.ServerState.<init>(ServerState.java:114)
	at org.apache.ratis.server.impl.RaftServerImpl.<init>(RaftServerImpl.java:194)
	at org.apache.ratis.server.impl.RaftServerProxy.lambda$newRaftServerImpl$4(RaftServerProxy.java:266)
	at java.util.concurrent.CompletableFuture$AsyncSupply.run(CompletableFuture.java:1604)
	at java.util.concurrent.ThreadPoolExecutor.runWorker(ThreadPoolExecutor.java:1149)
	at java.util.concurrent.ThreadPoolExecutor$Worker.run(ThreadPoolExecutor.java:624)
	at java.lang.Thread.run(Thread.java:748)
2021-07-27 15:36:24,197 [pool-72-thread-1] INFO  server.RaftServerConfigKeys (ConfUtils.java:logGet(44)) - raft.server.storage.dir = [/home/runner/work/ozone/ozone/mnt/ozone/hadoop-ozone/integration-test/target/test-dir/MiniOzoneClusterImpl-c6f84d42-5853-4333-b7a0-bd2f0065fc62/datanode-1/data/ratis] (custom)
2021-07-27 15:36:24,198 [Command processor thread] ERROR commandhandler.CreatePipelineCommandHandler (CreatePipelineCommandHandler.java:handle(111)) - Can't create pipeline RATIS THREE PipelineID=b8ad4e7f-83d5-48e1-aaac-4c1383a50995
java.io.IOException: No healthy directories found for RaftStorage among: [/home/runner/work/ozone/ozone/mnt/ozone/hadoop-ozone/integration-test/target/test-dir/MiniOzoneClusterImpl-c6f84d42-5853-4333-b7a0-bd2f0065fc62/datanode-1/data/ratis]
	at org.apache.hadoop.ozone.container.common.transport.server.ratis.XceiverServerRatis.addGroup(XceiverServerRatis.java:756)
	at org.apache.hadoop.ozone.container.common.statemachine.commandhandler.CreatePipelineCommandHandler.handle(CreatePipelineCommandHandler.java:92)
	at org.apache.hadoop.ozone.container.common.statemachine.commandhandler.CommandDispatcher.handle(CommandDispatcher.java:99)
	at org.apache.hadoop.ozone.container.common.statemachine.DatanodeStateMachine.lambda$initCommandHandlerThread$2(DatanodeStateMachine.java:551)
	at java.lang.Thread.run(Thread.java:748)
Caused by: java.io.IOException: No healthy directories found for RaftStorage among: [/home/runner/work/ozone/ozone/mnt/ozone/hadoop-ozone/integration-test/target/test-dir/MiniOzoneClusterImpl-c6f84d42-5853-4333-b7a0-bd2f0065fc62/datanode-1/data/ratis]
	at org.apache.ratis.server.impl.ServerState.<init>(ServerState.java:129)
	at org.apache.ratis.server.impl.RaftServerImpl.<init>(RaftServerImpl.java:194)
	at org.apache.ratis.server.impl.RaftServerProxy.lambda$newRaftServerImpl$4(RaftServerProxy.java:266)
	at java.util.concurrent.CompletableFuture$AsyncSupply.run(CompletableFuture.java:1604)
	at java.util.concurrent.ThreadPoolExecutor.runWorker(ThreadPoolExecutor.java:1149)
	at java.util.concurrent.ThreadPoolExecutor$Worker.run(ThreadPoolExecutor.java:624)
	... 1 more
2021-07-27 15:36:24,957 [Command processor thread] INFO  server.RaftServer (RaftServerProxy.java:addNew(95)) - 7e2e87a4-e2d9-4354-b1ee-fda8295f1a97: addNew group-4C1383A50995:[938cb054-8d0b-4cc2-9b0b-5cc4c6b5d6e7|rpc:10.1.0.63:39293|priority:0, 81779055-ba29-4e92-9662-ae2ec67a510c|rpc:10.1.0.63:34923|priority:1, 7e2e87a4-e2d9-4354-b1ee-fda8295f1a97|rpc:10.1.0.63:33551|priority:0] returns group-4C1383A50995:java.util.concurrent.CompletableFuture@6472a485[Not completed]
2021-07-27 15:36:24,959 [pool-54-thread-1] INFO  server.RaftServer$Division (RaftServerImpl.java:<init>(181)) - 7e2e87a4-e2d9-4354-b1ee-fda8295f1a97: new RaftServerImpl for group-4C1383A50995:[938cb054-8d0b-4cc2-9b0b-5cc4c6b5d6e7|rpc:10.1.0.63:39293|priority:0, 81779055-ba29-4e92-9662-ae2ec67a510c|rpc:10.1.0.63:34923|priority:1, 7e2e87a4-e2d9-4354-b1ee-fda8295f1a97|rpc:10.1.0.63:33551|priority:0] with ContainerStateMachine:uninitialized
2021-07-27 15:36:24,959 [pool-54-thread-1] INFO  server.RaftServerConfigKeys (ConfUtils.java:logGet(44)) - raft.server.rpc.timeout.min = 5s (custom)
2021-07-27 15:36:24,959 [pool-54-thread-1] INFO  server.RaftServerConfigKeys (ConfUtils.java:logGet(44)) - raft.server.rpc.timeout.max = 5200ms (custom)
2021-07-27 15:36:24,959 [pool-54-thread-1] INFO  server.RaftServerConfigKeys (ConfUtils.java:logGet(44)) - raft.server.rpc.sleep.time = 25ms (default)
2021-07-27 15:36:24,959 [pool-54-thread-1] INFO  server.RaftServerConfigKeys (ConfUtils.java:logGet(44)) - raft.server.rpc.slowness.timeout = 300s (custom)
2021-07-27 15:36:24,959 [pool-54-thread-1] INFO  server.RaftServerConfigKeys (ConfUtils.java:logGet(44)) - raft.server.leaderelection.leader.step-down.wait-time = 10s (default)
2021-07-27 15:36:24,959 [pool-54-thread-1] INFO  server.RaftServerConfigKeys (ConfUtils.java:logGet(44)) - raft.server.sleep.deviation.threshold = 300ms (default)
2021-07-27 15:36:24,959 [pool-54-thread-1] INFO  server.RaftServerConfigKeys (ConfUtils.java:logGet(44)) - raft.server.log.appender.install.snapshot.enabled = false (custom)
2021-07-27 15:36:24,959 [pool-54-thread-1] INFO  server.RaftServer$Division (ServerState.java:<init>(105)) - 7e2e87a4-e2d9-4354-b1ee-fda8295f1a97@group-4C1383A50995: ConfigurationManager, init=-1: [938cb054-8d0b-4cc2-9b0b-5cc4c6b5d6e7|rpc:10.1.0.63:39293|priority:0, 81779055-ba29-4e92-9662-ae2ec67a510c|rpc:10.1.0.63:34923|priority:1, 7e2e87a4-e2d9-4354-b1ee-fda8295f1a97|rpc:10.1.0.63:33551|priority:0], old=null, confs=<EMPTY_MAP>
2021-07-27 15:36:24,959 [pool-54-thread-1] INFO  server.RaftServerConfigKeys (ConfUtils.java:logGet(44)) - raft.server.storage.dir = [/home/runner/work/ozone/ozone/mnt/ozone/hadoop-ozone/integration-test/target/test-dir/MiniOzoneClusterImpl-c6f84d42-5853-4333-b7a0-bd2f0065fc62/datanode-0/data/ratis] (custom)
2021-07-27 15:36:24,959 [pool-54-thread-1] INFO  server.RaftServerConfigKeys (ConfUtils.java:logGet(44)) - raft.server.log.corruption.policy = EXCEPTION (default)
2021-07-27 15:36:24,959 [pool-54-thread-1] INFO  server.RaftServerConfigKeys (ConfUtils.java:logGet(44)) - raft.server.storage.free-space.min = 0MB (=0) (default)
2021-07-27 15:36:24,960 [pool-54-thread-1] INFO  storage.RaftStorageDirectory (RaftStorageDirectoryImpl.java:analyzeStorage(135)) - The storage directory /home/runner/work/ozone/ozone/mnt/ozone/hadoop-ozone/integration-test/target/test-dir/MiniOzoneClusterImpl-c6f84d42-5853-4333-b7a0-bd2f0065fc62/datanode-0/data/ratis/b8ad4e7f-83d5-48e1-aaac-4c1383a50995 does not exist. Creating ...
2021-07-27 15:36:24,960 [pool-54-thread-1] WARN  util.FileUtils (LogUtils.java:runAndLog(43)) - Failed to Files.createDirectories /home/runner/work/ozone/ozone/mnt/ozone/hadoop-ozone/integration-test/target/test-dir/MiniOzoneClusterImpl-c6f84d42-5853-4333-b7a0-bd2f0065fc62/datanode-0/data/ratis/b8ad4e7f-83d5-48e1-aaac-4c1383a50995: java.nio.file.FileSystemException: /home/runner/work/ozone/ozone/mnt/ozone/hadoop-ozone/integration-test/target/test-dir/MiniOzoneClusterImpl-c6f84d42-5853-4333-b7a0-bd2f0065fc62/datanode-0/data/ratis/b8ad4e7f-83d5-48e1-aaac-4c1383a50995: No space left on device
2021-07-27 15:36:24,960 [pool-54-thread-1] WARN  server.RaftServer$Division (ServerState.java:<init>(121)) - Failed to init RaftStorage under /home/runner/work/ozone/ozone/mnt/ozone/hadoop-ozone/integration-test/target/test-dir/MiniOzoneClusterImpl-c6f84d42-5853-4333-b7a0-bd2f0065fc62/datanode-0/data/ratis for b8ad4e7f-83d5-48e1-aaac-4c1383a50995: {}
java.nio.file.FileSystemException: /home/runner/work/ozone/ozone/mnt/ozone/hadoop-ozone/integration-test/target/test-dir/MiniOzoneClusterImpl-c6f84d42-5853-4333-b7a0-bd2f0065fc62/datanode-0/data/ratis/b8ad4e7f-83d5-48e1-aaac-4c1383a50995: No space left on device
	at sun.nio.fs.UnixException.translateToIOException(UnixException.java:91)
	at sun.nio.fs.UnixException.rethrowAsIOException(UnixException.java:102)
	at sun.nio.fs.UnixException.rethrowAsIOException(UnixException.java:107)
	at sun.nio.fs.UnixFileSystemProvider.createDirectory(UnixFileSystemProvider.java:384)
	at java.nio.file.Files.createDirectory(Files.java:674)
	at java.nio.file.Files.createAndCheckIsDirectory(Files.java:781)
	at java.nio.file.Files.createDirectories(Files.java:767)
	at org.apache.ratis.util.FileUtils.lambda$createDirectories$4(FileUtils.java:71)
	at org.apache.ratis.util.LogUtils.runAndLog(LogUtils.java:38)
	at org.apache.ratis.util.FileUtils.createDirectories(FileUtils.java:70)
	at org.apache.ratis.util.FileUtils.createDirectories(FileUtils.java:66)
	at org.apache.ratis.server.storage.RaftStorageDirectoryImpl.analyzeStorage(RaftStorageDirectoryImpl.java:136)
	at org.apache.ratis.server.storage.RaftStorageImpl.analyzeAndRecoverStorage(RaftStorageImpl.java:97)
	at org.apache.ratis.server.storage.RaftStorageImpl.<init>(RaftStorageImpl.java:67)
	at org.apache.ratis.server.storage.RaftStorageImpl.<init>(RaftStorageImpl.java:52)
	at org.apache.ratis.server.impl.ServerState.<init>(ServerState.java:114)
	at org.apache.ratis.server.impl.RaftServerImpl.<init>(RaftServerImpl.java:194)
	at org.apache.ratis.server.impl.RaftServerProxy.lambda$newRaftServerImpl$4(RaftServerProxy.java:266)
	at java.util.concurrent.CompletableFuture$AsyncSupply.run(CompletableFuture.java:1604)
	at java.util.concurrent.ThreadPoolExecutor.runWorker(ThreadPoolExecutor.java:1149)
	at java.util.concurrent.ThreadPoolExecutor$Worker.run(ThreadPoolExecutor.java:624)
	at java.lang.Thread.run(Thread.java:748)
2021-07-27 15:36:24,960 [pool-54-thread-1] INFO  server.RaftServerConfigKeys (ConfUtils.java:logGet(44)) - raft.server.storage.dir = [/home/runner/work/ozone/ozone/mnt/ozone/hadoop-ozone/integration-test/target/test-dir/MiniOzoneClusterImpl-c6f84d42-5853-4333-b7a0-bd2f0065fc62/datanode-0/data/ratis] (custom)
2021-07-27 15:36:24,963 [Command processor thread] ERROR commandhandler.CreatePipelineCommandHandler (CreatePipelineCommandHandler.java:handle(111)) - Can't create pipeline RATIS THREE PipelineID=b8ad4e7f-83d5-48e1-aaac-4c1383a50995
java.io.IOException: No healthy directories found for RaftStorage among: [/home/runner/work/ozone/ozone/mnt/ozone/hadoop-ozone/integration-test/target/test-dir/MiniOzoneClusterImpl-c6f84d42-5853-4333-b7a0-bd2f0065fc62/datanode-0/data/ratis]
	at org.apache.hadoop.ozone.container.common.transport.server.ratis.XceiverServerRatis.addGroup(XceiverServerRatis.java:756)
	at org.apache.hadoop.ozone.container.common.statemachine.commandhandler.CreatePipelineCommandHandler.handle(CreatePipelineCommandHandler.java:92)
	at org.apache.hadoop.ozone.container.common.statemachine.commandhandler.CommandDispatcher.handle(CommandDispatcher.java:99)
	at org.apache.hadoop.ozone.container.common.statemachine.DatanodeStateMachine.lambda$initCommandHandlerThread$2(DatanodeStateMachine.java:551)
	at java.lang.Thread.run(Thread.java:748)
Caused by: java.io.IOException: No healthy directories found for RaftStorage among: [/home/runner/work/ozone/ozone/mnt/ozone/hadoop-ozone/integration-test/target/test-dir/MiniOzoneClusterImpl-c6f84d42-5853-4333-b7a0-bd2f0065fc62/datanode-0/data/ratis]
	at org.apache.ratis.server.impl.ServerState.<init>(ServerState.java:129)
	at org.apache.ratis.server.impl.RaftServerImpl.<init>(RaftServerImpl.java:194)
	at org.apache.ratis.server.impl.RaftServerProxy.lambda$newRaftServerImpl$4(RaftServerProxy.java:266)
	at java.util.concurrent.CompletableFuture$AsyncSupply.run(CompletableFuture.java:1604)
	at java.util.concurrent.ThreadPoolExecutor.runWorker(ThreadPoolExecutor.java:1149)
	at java.util.concurrent.ThreadPoolExecutor$Worker.run(ThreadPoolExecutor.java:624)
	... 1 more
2021-07-27 15:36:25,739 [Command processor thread] INFO  server.RaftServer (RaftServerProxy.java:addNew(95)) - 938cb054-8d0b-4cc2-9b0b-5cc4c6b5d6e7: addNew group-4C1383A50995:[938cb054-8d0b-4cc2-9b0b-5cc4c6b5d6e7|rpc:10.1.0.63:39293|priority:0, 81779055-ba29-4e92-9662-ae2ec67a510c|rpc:10.1.0.63:34923|priority:1, 7e2e87a4-e2d9-4354-b1ee-fda8295f1a97|rpc:10.1.0.63:33551|priority:0] returns group-4C1383A50995:java.util.concurrent.CompletableFuture@5371c8b6[Not completed]
2021-07-27 15:36:25,740 [pool-144-thread-1] INFO  server.RaftServer$Division (RaftServerImpl.java:<init>(181)) - 938cb054-8d0b-4cc2-9b0b-5cc4c6b5d6e7: new RaftServerImpl for group-4C1383A50995:[938cb054-8d0b-4cc2-9b0b-5cc4c6b5d6e7|rpc:10.1.0.63:39293|priority:0, 81779055-ba29-4e92-9662-ae2ec67a510c|rpc:10.1.0.63:34923|priority:1, 7e2e87a4-e2d9-4354-b1ee-fda8295f1a97|rpc:10.1.0.63:33551|priority:0] with ContainerStateMachine:uninitialized
2021-07-27 15:36:25,740 [pool-144-thread-1] INFO  server.RaftServerConfigKeys (ConfUtils.java:logGet(44)) - raft.server.rpc.timeout.min = 5s (custom)
2021-07-27 15:36:25,740 [pool-144-thread-1] INFO  server.RaftServerConfigKeys (ConfUtils.java:logGet(44)) - raft.server.rpc.timeout.max = 5200ms (custom)
2021-07-27 15:36:25,740 [pool-144-thread-1] INFO  server.RaftServerConfigKeys (ConfUtils.java:logGet(44)) - raft.server.rpc.sleep.time = 25ms (default)
2021-07-27 15:36:25,740 [pool-144-thread-1] INFO  server.RaftServerConfigKeys (ConfUtils.java:logGet(44)) - raft.server.rpc.slowness.timeout = 300s (custom)
2021-07-27 15:36:25,740 [pool-144-thread-1] INFO  server.RaftServerConfigKeys (ConfUtils.java:logGet(44)) - raft.server.leaderelection.leader.step-down.wait-time = 10s (default)
2021-07-27 15:36:25,740 [pool-144-thread-1] INFO  server.RaftServerConfigKeys (ConfUtils.java:logGet(44)) - raft.server.sleep.deviation.threshold = 300ms (default)
2021-07-27 15:36:25,740 [pool-144-thread-1] INFO  server.RaftServerConfigKeys (ConfUtils.java:logGet(44)) - raft.server.log.appender.install.snapshot.enabled = false (custom)
2021-07-27 15:36:25,740 [pool-144-thread-1] INFO  server.RaftServer$Division (ServerState.java:<init>(105)) - 938cb054-8d0b-4cc2-9b0b-5cc4c6b5d6e7@group-4C1383A50995: ConfigurationManager, init=-1: [938cb054-8d0b-4cc2-9b0b-5cc4c6b5d6e7|rpc:10.1.0.63:39293|priority:0, 81779055-ba29-4e92-9662-ae2ec67a510c|rpc:10.1.0.63:34923|priority:1, 7e2e87a4-e2d9-4354-b1ee-fda8295f1a97|rpc:10.1.0.63:33551|priority:0], old=null, confs=<EMPTY_MAP>
2021-07-27 15:36:25,741 [pool-144-thread-1] INFO  server.RaftServerConfigKeys (ConfUtils.java:logGet(44)) - raft.server.storage.dir = [/home/runner/work/ozone/ozone/mnt/ozone/hadoop-ozone/integration-test/target/test-dir/MiniOzoneClusterImpl-c6f84d42-5853-4333-b7a0-bd2f0065fc62/datanode-5/data/ratis] (custom)
2021-07-27 15:36:25,741 [pool-144-thread-1] INFO  server.RaftServerConfigKeys (ConfUtils.java:logGet(44)) - raft.server.log.corruption.policy = EXCEPTION (default)
2021-07-27 15:36:25,741 [pool-144-thread-1] INFO  server.RaftServerConfigKeys (ConfUtils.java:logGet(44)) - raft.server.storage.free-space.min = 0MB (=0) (default)
2021-07-27 15:36:25,741 [pool-144-thread-1] INFO  storage.RaftStorageDirectory (RaftStorageDirectoryImpl.java:analyzeStorage(135)) - The storage directory /home/runner/work/ozone/ozone/mnt/ozone/hadoop-ozone/integration-test/target/test-dir/MiniOzoneClusterImpl-c6f84d42-5853-4333-b7a0-bd2f0065fc62/datanode-5/data/ratis/b8ad4e7f-83d5-48e1-aaac-4c1383a50995 does not exist. Creating ...
2021-07-27 15:36:25,741 [pool-144-thread-1] WARN  util.FileUtils (LogUtils.java:runAndLog(43)) - Failed to Files.createDirectories /home/runner/work/ozone/ozone/mnt/ozone/hadoop-ozone/integration-test/target/test-dir/MiniOzoneClusterImpl-c6f84d42-5853-4333-b7a0-bd2f0065fc62/datanode-5/data/ratis/b8ad4e7f-83d5-48e1-aaac-4c1383a50995: java.nio.file.FileSystemException: /home/runner/work/ozone/ozone/mnt/ozone/hadoop-ozone/integration-test/target/test-dir/MiniOzoneClusterImpl-c6f84d42-5853-4333-b7a0-bd2f0065fc62/datanode-5/data/ratis/b8ad4e7f-83d5-48e1-aaac-4c1383a50995: No space left on device
2021-07-27 15:36:25,741 [pool-144-thread-1] WARN  server.RaftServer$Division (ServerState.java:<init>(121)) - Failed to init RaftStorage under /home/runner/work/ozone/ozone/mnt/ozone/hadoop-ozone/integration-test/target/test-dir/MiniOzoneClusterImpl-c6f84d42-5853-4333-b7a0-bd2f0065fc62/datanode-5/data/ratis for b8ad4e7f-83d5-48e1-aaac-4c1383a50995: {}
java.nio.file.FileSystemException: /home/runner/work/ozone/ozone/mnt/ozone/hadoop-ozone/integration-test/target/test-dir/MiniOzoneClusterImpl-c6f84d42-5853-4333-b7a0-bd2f0065fc62/datanode-5/data/ratis/b8ad4e7f-83d5-48e1-aaac-4c1383a50995: No space left on device
	at sun.nio.fs.UnixException.translateToIOException(UnixException.java:91)
	at sun.nio.fs.UnixException.rethrowAsIOException(UnixException.java:102)
	at sun.nio.fs.UnixException.rethrowAsIOException(UnixException.java:107)
	at sun.nio.fs.UnixFileSystemProvider.createDirectory(UnixFileSystemProvider.java:384)
	at java.nio.file.Files.createDirectory(Files.java:674)
	at java.nio.file.Files.createAndCheckIsDirectory(Files.java:781)
	at java.nio.file.Files.createDirectories(Files.java:767)
	at org.apache.ratis.util.FileUtils.lambda$createDirectories$4(FileUtils.java:71)
	at org.apache.ratis.util.LogUtils.runAndLog(LogUtils.java:38)
	at org.apache.ratis.util.FileUtils.createDirectories(FileUtils.java:70)
	at org.apache.ratis.util.FileUtils.createDirectories(FileUtils.java:66)
	at org.apache.ratis.server.storage.RaftStorageDirectoryImpl.analyzeStorage(RaftStorageDirectoryImpl.java:136)
	at org.apache.ratis.server.storage.RaftStorageImpl.analyzeAndRecoverStorage(RaftStorageImpl.java:97)
	at org.apache.ratis.server.storage.RaftStorageImpl.<init>(RaftStorageImpl.java:67)
	at org.apache.ratis.server.storage.RaftStorageImpl.<init>(RaftStorageImpl.java:52)
	at org.apache.ratis.server.impl.ServerState.<init>(ServerState.java:114)
	at org.apache.ratis.server.impl.RaftServerImpl.<init>(RaftServerImpl.java:194)
	at org.apache.ratis.server.impl.RaftServerProxy.lambda$newRaftServerImpl$4(RaftServerProxy.java:266)
	at java.util.concurrent.CompletableFuture$AsyncSupply.run(CompletableFuture.java:1604)
	at java.util.concurrent.ThreadPoolExecutor.runWorker(ThreadPoolExecutor.java:1149)
	at java.util.concurrent.ThreadPoolExecutor$Worker.run(ThreadPoolExecutor.java:624)
	at java.lang.Thread.run(Thread.java:748)
2021-07-27 15:36:25,742 [pool-144-thread-1] INFO  server.RaftServerConfigKeys (ConfUtils.java:logGet(44)) - raft.server.storage.dir = [/home/runner/work/ozone/ozone/mnt/ozone/hadoop-ozone/integration-test/target/test-dir/MiniOzoneClusterImpl-c6f84d42-5853-4333-b7a0-bd2f0065fc62/datanode-5/data/ratis] (custom)
2021-07-27 15:36:25,743 [Command processor thread] ERROR commandhandler.CreatePipelineCommandHandler (CreatePipelineCommandHandler.java:handle(111)) - Can't create pipeline RATIS THREE PipelineID=b8ad4e7f-83d5-48e1-aaac-4c1383a50995
java.io.IOException: No healthy directories found for RaftStorage among: [/home/runner/work/ozone/ozone/mnt/ozone/hadoop-ozone/integration-test/target/test-dir/MiniOzoneClusterImpl-c6f84d42-5853-4333-b7a0-bd2f0065fc62/datanode-5/data/ratis]
	at org.apache.hadoop.ozone.container.common.transport.server.ratis.XceiverServerRatis.addGroup(XceiverServerRatis.java:756)
	at org.apache.hadoop.ozone.container.common.statemachine.commandhandler.CreatePipelineCommandHandler.handle(CreatePipelineCommandHandler.java:92)
	at org.apache.hadoop.ozone.container.common.statemachine.commandhandler.CommandDispatcher.handle(CommandDispatcher.java:99)
	at org.apache.hadoop.ozone.container.common.statemachine.DatanodeStateMachine.lambda$initCommandHandlerThread$2(DatanodeStateMachine.java:551)
	at java.lang.Thread.run(Thread.java:748)
Caused by: java.io.IOException: No healthy directories found for RaftStorage among: [/home/runner/work/ozone/ozone/mnt/ozone/hadoop-ozone/integration-test/target/test-dir/MiniOzoneClusterImpl-c6f84d42-5853-4333-b7a0-bd2f0065fc62/datanode-5/data/ratis]
	at org.apache.ratis.server.impl.ServerState.<init>(ServerState.java:129)
	at org.apache.ratis.server.impl.RaftServerImpl.<init>(RaftServerImpl.java:194)
	at org.apache.ratis.server.impl.RaftServerProxy.lambda$newRaftServerImpl$4(RaftServerProxy.java:266)
	at java.util.concurrent.CompletableFuture$AsyncSupply.run(CompletableFuture.java:1604)
	at java.util.concurrent.ThreadPoolExecutor.runWorker(ThreadPoolExecutor.java:1149)
	at java.util.concurrent.ThreadPoolExecutor$Worker.run(ThreadPoolExecutor.java:624)
	... 1 more
2021-07-27 15:36:30,814 [IPC Server handler 11 on default port 38947] WARN  pipeline.WritableRatisContainerProvider (WritableRatisContainerProvider.java:getContainer(111)) - Pipeline creation failed for repConfig: RATIS/THREE. Retrying get pipelines call once.
java.io.IOException: Pipeline PipelineID=e9915100-a788-4100-ac82-7c865a9ec75e is not ready in 60000 ms
	at org.apache.hadoop.hdds.scm.pipeline.PipelineManagerV2Impl.waitPipelineReady(PipelineManagerV2Impl.java:495)
	at org.apache.hadoop.hdds.scm.pipeline.WritableRatisContainerProvider.getContainer(WritableRatisContainerProvider.java:105)
	at org.apache.hadoop.hdds.scm.pipeline.WritableContainerFactory.getContainer(WritableContainerFactory.java:52)
	at org.apache.hadoop.hdds.scm.block.BlockManagerImpl.allocateBlock(BlockManagerImpl.java:179)
	at org.apache.hadoop.hdds.scm.server.SCMBlockProtocolServer.allocateBlock(SCMBlockProtocolServer.java:194)
	at org.apache.hadoop.hdds.scm.protocol.ScmBlockLocationProtocolServerSideTranslatorPB.allocateScmBlock(ScmBlockLocationProtocolServerSideTranslatorPB.java:180)
	at org.apache.hadoop.hdds.scm.protocol.ScmBlockLocationProtocolServerSideTranslatorPB.processMessage(ScmBlockLocationProtocolServerSideTranslatorPB.java:130)
	at org.apache.hadoop.hdds.server.OzoneProtocolMessageDispatcher.processRequest(OzoneProtocolMessageDispatcher.java:87)
	at org.apache.hadoop.hdds.scm.protocol.ScmBlockLocationProtocolServerSideTranslatorPB.send(ScmBlockLocationProtocolServerSideTranslatorPB.java:112)
	at org.apache.hadoop.hdds.protocol.proto.ScmBlockLocationProtocolProtos$ScmBlockLocationProtocolService$2.callBlockingMethod(ScmBlockLocationProtocolProtos.java:13937)
	at org.apache.hadoop.ipc.ProtobufRpcEngine$Server.processCall(ProtobufRpcEngine.java:466)
	at org.apache.hadoop.ipc.ProtobufRpcEngine2$Server$ProtoBufRpcInvoker.call(ProtobufRpcEngine2.java:574)
	at org.apache.hadoop.ipc.ProtobufRpcEngine2$Server$ProtoBufRpcInvoker.call(ProtobufRpcEngine2.java:552)
	at org.apache.hadoop.ipc.RPC$Server.call(RPC.java:1093)
	at org.apache.hadoop.ipc.Server$RpcCall.run(Server.java:1035)
	at org.apache.hadoop.ipc.Server$RpcCall.run(Server.java:963)
	at java.security.AccessController.doPrivileged(Native Method)
	at javax.security.auth.Subject.doAs(Subject.java:422)
	at org.apache.hadoop.security.UserGroupInformation.doAs(UserGroupInformation.java:1878)
	at org.apache.hadoop.ipc.Server$Handler.run(Server.java:2966)
2021-07-27 15:36:30,814 [IPC Server handler 11 on default port 38947] INFO  pipeline.WritableRatisContainerProvider (WritableRatisContainerProvider.java:getContainer(123)) - Could not find available pipeline of repConfig: RATIS/THREE even after retrying
2021-07-27 15:36:30,814 [IPC Server handler 11 on default port 38947] ERROR pipeline.WritableRatisContainerProvider (WritableRatisContainerProvider.java:getContainer(152)) - Unable to allocate a block for the size: 4194304, repConfig: RATIS/THREE
2021-07-27 15:36:30,814 [IPC Server handler 11 on default port 38947] ERROR block.BlockManagerImpl (BlockManagerImpl.java:allocateBlock(187)) - Unable to allocate a block for the size: 4194304, replicationConfig: RATIS/THREE
]]></system-out>
  </testcase>
</testsuite>