<?xml version="1.0" encoding="UTF-8"?>
<testsuite xmlns:xsi="http://www.w3.org/2001/XMLSchema-instance" xsi:noNamespaceSchemaLocation="https://maven.apache.org/surefire/maven-surefire-plugin/xsd/surefire-test-report-3.0.xsd" version="3.0" name="org.apache.hadoop.ozone.container.TestECContainerRecovery" time="182.645" tests="2" errors="1" skipped="0" failures="0">
  <properties>
    <property name="awt.toolkit" value="sun.awt.X11.XToolkit"/>
    <property name="file.encoding.pkg" value="sun.io"/>
    <property name="java.specification.version" value="1.8"/>
    <property name="sun.cpu.isalist" value=""/>
    <property name="sun.jnu.encoding" value="UTF-8"/>
    <property name="gradle.enterprise.listener.surefire.forkId" value="1"/>
    <property name="java.class.path" value="/home/runner/work/ozone/ozone/hadoop-ozone/integration-test/target/test-classes:/home/runner/work/ozone/ozone/hadoop-ozone/integration-test/target/classes:/home/runner/.m2/repository/org/apache/ozone/ozone-common/1.4.0-SNAPSHOT/ozone-common-1.4.0-SNAPSHOT.jar:/home/runner/.m2/repository/io/grpc/grpc-netty/1.51.1/grpc-netty-1.51.1.jar:/home/runner/.m2/repository/io/grpc/grpc-core/1.51.1/grpc-core-1.51.1.jar:/home/runner/.m2/repository/com/google/android/annotations/4.1.1.4/annotations-4.1.1.4.jar:/home/runner/.m2/repository/org/codehaus/mojo/animal-sniffer-annotations/1.21/animal-sniffer-annotations-1.21.jar:/home/runner/.m2/repository/com/google/errorprone/error_prone_annotations/2.2.0/error_prone_annotations-2.2.0.jar:/home/runner/.m2/repository/io/perfmark/perfmark-api/0.25.0/perfmark-api-0.25.0.jar:/home/runner/.m2/repository/io/netty/netty-codec-http2/4.1.100.Final/netty-codec-http2-4.1.100.Final.jar:/home/runner/.m2/repository/io/netty/netty-common/4.1.100.Final/netty-common-4.1.100.Final.jar:/home/runner/.m2/repository/io/netty/netty-buffer/4.1.100.Final/netty-buffer-4.1.100.Final.jar:/home/runner/.m2/repository/io/netty/netty-codec-http/4.1.100.Final/netty-codec-http-4.1.100.Final.jar:/home/runner/.m2/repository/io/netty/netty-handler-proxy/4.1.100.Final/netty-handler-proxy-4.1.100.Final.jar:/home/runner/.m2/repository/io/netty/netty-codec-socks/4.1.100.Final/netty-codec-socks-4.1.100.Final.jar:/home/runner/.m2/repository/io/netty/netty-tcnative-boringssl-static/2.0.61.Final/netty-tcnative-boringssl-static-2.0.61.Final.jar:/home/runner/.m2/repository/io/netty/netty-tcnative-classes/2.0.61.Final/netty-tcnative-classes-2.0.61.Final.jar:/home/runner/.m2/repository/io/netty/netty-tcnative-boringssl-static/2.0.61.Final/netty-tcnative-boringssl-static-2.0.61.Final-linux-x86_64.jar:/home/runner/.m2/repository/io/netty/netty-tcnative-boringssl-static/2.0.61.Final/netty-tcnative-boringssl-static-2.0.61.Final-linux-aarch_64.jar:/home/runner/.m2/repository/io/netty/netty-tcnative-boringssl-static/2.0.61.Final/netty-tcnative-boringssl-static-2.0.61.Final-osx-x86_64.jar:/home/runner/.m2/repository/io/netty/netty-tcnative-boringssl-static/2.0.61.Final/netty-tcnative-boringssl-static-2.0.61.Final-osx-aarch_64.jar:/home/runner/.m2/repository/io/netty/netty-tcnative-boringssl-static/2.0.61.Final/netty-tcnative-boringssl-static-2.0.61.Final-windows-x86_64.jar:/home/runner/.m2/repository/org/apache/commons/commons-compress/1.21/commons-compress-1.21.jar:/home/runner/.m2/repository/org/apache/ozone/hdds-common/1.4.0-SNAPSHOT/hdds-common-1.4.0-SNAPSHOT.jar:/home/runner/.m2/repository/org/apache/ozone/hdds-client/1.4.0-SNAPSHOT/hdds-client-1.4.0-SNAPSHOT.jar:/home/runner/.m2/repository/org/apache/ozone/ozone-interface-client/1.4.0-SNAPSHOT/ozone-interface-client-1.4.0-SNAPSHOT.jar:/home/runner/.m2/repository/org/apache/hadoop/hadoop-hdfs-client/3.3.6/hadoop-hdfs-client-3.3.6.jar:/home/runner/.m2/repository/com/squareup/okhttp3/okhttp/4.9.3/okhttp-4.9.3.jar:/home/runner/.m2/repository/com/squareup/okio/okio/3.4.0/okio-3.4.0.jar:/home/runner/.m2/repository/com/squareup/okio/okio-jvm/3.4.0/okio-jvm-3.4.0.jar:/home/runner/.m2/repository/org/jetbrains/kotlin/kotlin-stdlib-jdk8/1.8.0/kotlin-stdlib-jdk8-1.8.0.jar:/home/runner/.m2/repository/org/jetbrains/kotlin/kotlin-stdlib-jdk7/1.8.0/kotlin-stdlib-jdk7-1.8.0.jar:/home/runner/.m2/repository/org/jetbrains/kotlin/kotlin-stdlib-common/1.6.21/kotlin-stdlib-common-1.6.21.jar:/home/runner/.m2/repository/org/apache/ozone/hdds-test-utils/1.4.0-SNAPSHOT/hdds-test-utils-1.4.0-SNAPSHOT.jar:/home/runner/.m2/repository/com/google/guava/guava/32.0.0-jre/guava-32.0.0-jre.jar:/home/runner/.m2/repository/com/google/guava/failureaccess/1.0.1/failureaccess-1.0.1.jar:/home/runner/.m2/repository/com/google/guava/listenablefuture/9999.0-empty-to-avoid-conflict-with-guava/listenablefuture-9999.0-empty-to-avoid-conflict-with-guava.jar:/home/runner/.m2/repository/com/google/code/findbugs/jsr305/3.0.0/jsr305-3.0.0.jar:/home/runner/.m2/repository/org/checkerframework/checker-qual/3.33.0/checker-qual-3.33.0.jar:/home/runner/.m2/repository/com/google/j2objc/j2objc-annotations/2.8/j2objc-annotations-2.8.jar:/home/runner/.m2/repository/commons-io/commons-io/2.11.0/commons-io-2.11.0.jar:/home/runner/.m2/repository/commons-logging/commons-logging/1.2/commons-logging-1.2.jar:/home/runner/.m2/repository/ch/qos/reload4j/reload4j/1.2.22/reload4j-1.2.22.jar:/home/runner/.m2/repository/org/slf4j/slf4j-api/1.7.36/slf4j-api-1.7.36.jar:/home/runner/.m2/repository/org/apache/logging/log4j/log4j-api/2.17.1/log4j-api-2.17.1.jar:/home/runner/.m2/repository/org/apache/ozone/hdds-server-scm/1.4.0-SNAPSHOT/hdds-server-scm-1.4.0-SNAPSHOT.jar:/home/runner/.m2/repository/org/apache/ozone/hdds-container-service/1.4.0-SNAPSHOT/hdds-container-service-1.4.0-SNAPSHOT.jar:/home/runner/.m2/repository/org/apache/ozone/hdds-hadoop-dependency-server/1.4.0-SNAPSHOT/hdds-hadoop-dependency-server-1.4.0-SNAPSHOT.jar:/home/runner/.m2/repository/org/apache/hadoop/hadoop-hdfs/3.3.6/hadoop-hdfs-3.3.6.jar:/home/runner/.m2/repository/commons-daemon/commons-daemon/1.0.13/commons-daemon-1.0.13.jar:/home/runner/.m2/repository/org/apache/ozone/hdds-server-framework/1.4.0-SNAPSHOT/hdds-server-framework-1.4.0-SNAPSHOT.jar:/home/runner/.m2/repository/io/dropwizard/metrics/metrics-core/3.2.4/metrics-core-3.2.4.jar:/home/runner/.m2/repository/org/apache/commons/commons-text/1.10.0/commons-text-1.10.0.jar:/home/runner/.m2/repository/org/bouncycastle/bcprov-jdk15on/1.67/bcprov-jdk15on-1.67.jar:/home/runner/.m2/repository/com/google/protobuf/protobuf-java/2.5.0/protobuf-java-2.5.0.jar:/home/runner/.m2/repository/org/apache/ozone/hdds-server-framework/1.4.0-SNAPSHOT/hdds-server-framework-1.4.0-SNAPSHOT-tests.jar:/home/runner/.m2/repository/org/apache/ozone/hdds-interface-server/1.4.0-SNAPSHOT/hdds-interface-server-1.4.0-SNAPSHOT.jar:/home/runner/.m2/repository/org/apache/ozone/hdds-interface-admin/1.4.0-SNAPSHOT/hdds-interface-admin-1.4.0-SNAPSHOT.jar:/home/runner/.m2/repository/org/apache/ozone/hdds-managed-rocksdb/1.4.0-SNAPSHOT/hdds-managed-rocksdb-1.4.0-SNAPSHOT.jar:/home/runner/.m2/repository/org/rocksdb/rocksdbjni/7.7.3/rocksdbjni-7.7.3.jar:/home/runner/.m2/repository/org/slf4j/slf4j-reload4j/1.7.36/slf4j-reload4j-1.7.36.jar:/home/runner/.m2/repository/org/apache/commons/commons-configuration2/2.1.1/commons-configuration2-2.1.1.jar:/home/runner/.m2/repository/commons-fileupload/commons-fileupload/1.5/commons-fileupload-1.5.jar:/home/runner/.m2/repository/org/apache/logging/log4j/log4j-core/2.17.1/log4j-core-2.17.1.jar:/home/runner/.m2/repository/com/lmax/disruptor/3.4.2/disruptor-3.4.2.jar:/home/runner/.m2/repository/org/eclipse/jetty/jetty-util/9.4.53.v20231009/jetty-util-9.4.53.v20231009.jar:/home/runner/.m2/repository/org/eclipse/jetty/jetty-server/9.4.53.v20231009/jetty-server-9.4.53.v20231009.jar:/home/runner/.m2/repository/org/eclipse/jetty/jetty-http/9.4.53.v20231009/jetty-http-9.4.53.v20231009.jar:/home/runner/.m2/repository/org/eclipse/jetty/jetty-io/9.4.53.v20231009/jetty-io-9.4.53.v20231009.jar:/home/runner/.m2/repository/org/eclipse/jetty/jetty-servlet/9.4.53.v20231009/jetty-servlet-9.4.53.v20231009.jar:/home/runner/.m2/repository/org/eclipse/jetty/jetty-security/9.4.53.v20231009/jetty-security-9.4.53.v20231009.jar:/home/runner/.m2/repository/org/eclipse/jetty/jetty-util-ajax/9.4.53.v20231009/jetty-util-ajax-9.4.53.v20231009.jar:/home/runner/.m2/repository/org/eclipse/jetty/jetty-webapp/9.4.53.v20231009/jetty-webapp-9.4.53.v20231009.jar:/home/runner/.m2/repository/org/eclipse/jetty/jetty-xml/9.4.53.v20231009/jetty-xml-9.4.53.v20231009.jar:/home/runner/.m2/repository/org/apache/ratis/ratis-server/2.5.1/ratis-server-2.5.1.jar:/home/runner/.m2/repository/org/apache/ratis/ratis-thirdparty-misc/1.0.4/ratis-thirdparty-misc-1.0.4.jar:/home/runner/.m2/repository/org/apache/ratis/ratis-proto/2.5.1/ratis-proto-2.5.1.jar:/home/runner/.m2/repository/org/apache/ratis/ratis-common/2.5.1/ratis-common-2.5.1.jar:/home/runner/.m2/repository/org/apache/ratis/ratis-client/2.5.1/ratis-client-2.5.1.jar:/home/runner/.m2/repository/org/apache/ratis/ratis-server-api/2.5.1/ratis-server-api-2.5.1.jar:/home/runner/.m2/repository/org/apache/ratis/ratis-metrics/2.5.1/ratis-metrics-2.5.1.jar:/home/runner/.m2/repository/io/prometheus/simpleclient_dropwizard/0.7.0/simpleclient_dropwizard-0.7.0.jar:/home/runner/.m2/repository/io/prometheus/simpleclient/0.7.0/simpleclient-0.7.0.jar:/home/runner/.m2/repository/io/prometheus/simpleclient_common/0.7.0/simpleclient_common-0.7.0.jar:/home/runner/.m2/repository/com/fasterxml/jackson/datatype/jackson-datatype-jsr310/2.13.4/jackson-datatype-jsr310-2.13.4.jar:/home/runner/.m2/repository/com/fasterxml/jackson/core/jackson-core/2.13.4/jackson-core-2.13.4.jar:/home/runner/.m2/repository/com/github/spotbugs/spotbugs-annotations/3.1.12/spotbugs-annotations-3.1.12.jar:/home/runner/.m2/repository/org/apache/ozone/rocksdb-checkpoint-differ/1.4.0-SNAPSHOT/rocksdb-checkpoint-differ-1.4.0-SNAPSHOT.jar:/home/runner/.m2/repository/org/jgrapht/jgrapht-core/1.0.1/jgrapht-core-1.0.1.jar:/home/runner/.m2/repository/org/jgrapht/jgrapht-ext/1.0.1/jgrapht-ext-1.0.1.jar:/home/runner/.m2/repository/org/tinyjee/jgraphx/jgraphx/2.0.0.1/jgraphx-2.0.0.1.jar:/home/runner/.m2/repository/jgraph/jgraph/5.13.0.0/jgraph-5.13.0.0.jar:/home/runner/.m2/repository/org/antlr/antlr4-runtime/4.5.3/antlr4-runtime-4.5.3.jar:/home/runner/.m2/repository/org/awaitility/awaitility/4.2.0/awaitility-4.2.0.jar:/home/runner/.m2/repository/org/hamcrest/hamcrest/2.1/hamcrest-2.1.jar:/home/runner/.m2/repository/org/apache/ozone/ozone-manager/1.4.0-SNAPSHOT/ozone-manager-1.4.0-SNAPSHOT.jar:/home/runner/.m2/repository/org/aspectj/aspectjrt/1.9.7/aspectjrt-1.9.7.jar:/home/runner/.m2/repository/org/aspectj/aspectjweaver/1.9.7/aspectjweaver-1.9.7.jar:/home/runner/.m2/repository/org/apache/ozone/hdds-interface-client/1.4.0-SNAPSHOT/hdds-interface-client-1.4.0-SNAPSHOT.jar:/home/runner/.m2/repository/org/apache/hadoop/thirdparty/hadoop-shaded-protobuf_3_7/1.1.1/hadoop-shaded-protobuf_3_7-1.1.1.jar:/home/runner/.m2/repository/org/apache/ozone/ozone-interface-storage/1.4.0-SNAPSHOT/ozone-interface-storage-1.4.0-SNAPSHOT.jar:/home/runner/.m2/repository/org/reflections/reflections/0.9.11/reflections-0.9.11.jar:/home/runner/.m2/repository/com/sun/jersey/jersey-client/1.19/jersey-client-1.19.jar:/home/runner/.m2/repository/org/codehaus/jackson/jackson-core-asl/1.9.13/jackson-core-asl-1.9.13.jar:/home/runner/.m2/repository/org/codehaus/jackson/jackson-mapper-asl/1.9.13/jackson-mapper-asl-1.9.13.jar:/home/runner/.m2/repository/org/codehaus/jackson/jackson-jaxrs/1.9.13/jackson-jaxrs-1.9.13.jar:/home/runner/.m2/repository/org/apache/ranger/ranger-intg/2.3.0/ranger-intg-2.3.0.jar:/home/runner/.m2/repository/org/apache/ranger/ranger-plugins-common/2.3.0/ranger-plugins-common-2.3.0.jar:/home/runner/.m2/repository/commons-lang/commons-lang/2.6/commons-lang-2.6.jar:/home/runner/.m2/repository/org/apache/ranger/ranger-plugins-cred/2.3.0/ranger-plugins-cred-2.3.0.jar:/home/runner/.m2/repository/org/apache/ranger/ranger-plugins-audit/2.3.0/ranger-plugins-audit-2.3.0.jar:/home/runner/.m2/repository/org/eclipse/jetty/jetty-client/9.4.53.v20231009/jetty-client-9.4.53.v20231009.jar:/home/runner/.m2/repository/org/apache/httpcomponents/httpmime/4.5.6/httpmime-4.5.6.jar:/home/runner/.m2/repository/org/apache/httpcomponents/httpcore-nio/4.4.13/httpcore-nio-4.4.13.jar:/home/runner/.m2/repository/org/apache/httpcomponents/httpasyncclient/4.1.3/httpasyncclient-4.1.3.jar:/home/runner/.m2/repository/com/carrotsearch/hppc/0.8.0/hppc-0.8.0.jar:/home/runner/.m2/repository/org/apache/orc/orc-core/1.5.8/orc-core-1.5.8.jar:/home/runner/.m2/repository/net/java/dev/jna/jna/5.2.0/jna-5.2.0.jar:/home/runner/.m2/repository/net/java/dev/jna/jna-platform/5.2.0/jna-platform-5.2.0.jar:/home/runner/.m2/repository/com/kstruct/gethostname4j/0.0.2/gethostname4j-0.0.2.jar:/home/runner/.m2/repository/org/apache/ranger/ranger-plugin-classloader/2.3.0/ranger-plugin-classloader-2.3.0.jar:/home/runner/.m2/repository/org/apache/ozone/hdds-rocks-native/1.4.0-SNAPSHOT/hdds-rocks-native-1.4.0-SNAPSHOT.jar:/home/runner/.m2/repository/org/apache/hadoop/hadoop-minikdc/3.3.6/hadoop-minikdc-3.3.6.jar:/home/runner/.m2/repository/org/apache/kerby/kerb-simplekdc/1.0.1/kerb-simplekdc-1.0.1.jar:/home/runner/.m2/repository/org/apache/kerby/kerb-client/1.0.1/kerb-client-1.0.1.jar:/home/runner/.m2/repository/org/apache/kerby/kerby-config/1.0.1/kerby-config-1.0.1.jar:/home/runner/.m2/repository/org/apache/kerby/kerb-common/1.0.1/kerb-common-1.0.1.jar:/home/runner/.m2/repository/org/apache/kerby/kerb-crypto/1.0.1/kerb-crypto-1.0.1.jar:/home/runner/.m2/repository/org/apache/kerby/kerb-util/1.0.1/kerb-util-1.0.1.jar:/home/runner/.m2/repository/org/apache/kerby/token-provider/1.0.1/token-provider-1.0.1.jar:/home/runner/.m2/repository/org/apache/kerby/kerb-admin/1.0.1/kerb-admin-1.0.1.jar:/home/runner/.m2/repository/org/apache/kerby/kerb-server/1.0.1/kerb-server-1.0.1.jar:/home/runner/.m2/repository/org/apache/kerby/kerb-identity/1.0.1/kerb-identity-1.0.1.jar:/home/runner/.m2/repository/org/apache/kerby/kerby-xdr/1.0.1/kerby-xdr-1.0.1.jar:/home/runner/.m2/repository/org/apache/ozone/ozone-s3gateway/1.4.0-SNAPSHOT/ozone-s3gateway-1.4.0-SNAPSHOT.jar:/home/runner/.m2/repository/org/javassist/javassist/3.21.0-GA/javassist-3.21.0-GA.jar:/home/runner/.m2/repository/org/jboss/weld/servlet/weld-servlet-shaded/3.1.9.Final/weld-servlet-shaded-3.1.9.Final.jar:/home/runner/.m2/repository/org/glassfish/jersey/containers/jersey-container-servlet-core/2.34/jersey-container-servlet-core-2.34.jar:/home/runner/.m2/repository/org/glassfish/hk2/external/jakarta.inject/2.6.1/jakarta.inject-2.6.1.jar:/home/runner/.m2/repository/org/glassfish/jersey/core/jersey-common/2.34/jersey-common-2.34.jar:/home/runner/.m2/repository/jakarta/ws/rs/jakarta.ws.rs-api/2.1.6/jakarta.ws.rs-api-2.1.6.jar:/home/runner/.m2/repository/org/glassfish/jersey/ext/cdi/jersey-cdi1x/2.34/jersey-cdi1x-2.34.jar:/home/runner/.m2/repository/org/glassfish/jersey/inject/jersey-hk2/2.34/jersey-hk2-2.34.jar:/home/runner/.m2/repository/org/glassfish/hk2/hk2-locator/2.6.1/hk2-locator-2.6.1.jar:/home/runner/.m2/repository/org/glassfish/jersey/media/jersey-media-jaxb/2.34/jersey-media-jaxb-2.34.jar:/home/runner/.m2/repository/org/glassfish/hk2/osgi-resource-locator/1.0.3/osgi-resource-locator-1.0.3.jar:/home/runner/.m2/repository/org/glassfish/hk2/hk2-api/2.5.0/hk2-api-2.5.0.jar:/home/runner/.m2/repository/org/glassfish/hk2/hk2-utils/2.5.0/hk2-utils-2.5.0.jar:/home/runner/.m2/repository/org/glassfish/hk2/external/aopalliance-repackaged/2.5.0/aopalliance-repackaged-2.5.0.jar:/home/runner/.m2/repository/com/fasterxml/jackson/dataformat/jackson-dataformat-xml/2.13.4/jackson-dataformat-xml-2.13.4.jar:/home/runner/.m2/repository/org/codehaus/woodstox/stax2-api/4.2.1/stax2-api-4.2.1.jar:/home/runner/.m2/repository/com/fasterxml/woodstox/woodstox-core/5.4.0/woodstox-core-5.4.0.jar:/home/runner/.m2/repository/com/fasterxml/jackson/module/jackson-module-jaxb-annotations/2.13.4/jackson-module-jaxb-annotations-2.13.4.jar:/home/runner/.m2/repository/jakarta/xml/bind/jakarta.xml.bind-api/2.3.3/jakarta.xml.bind-api-2.3.3.jar:/home/runner/.m2/repository/jakarta/activation/jakarta.activation-api/1.2.2/jakarta.activation-api-1.2.2.jar:/home/runner/.m2/repository/javax/enterprise/cdi-api/2.0/cdi-api-2.0.jar:/home/runner/.m2/repository/javax/el/javax.el-api/3.0.0/javax.el-api-3.0.0.jar:/home/runner/.m2/repository/javax/interceptor/javax.interceptor-api/1.2/javax.interceptor-api-1.2.jar:/home/runner/.m2/repository/javax/inject/javax.inject/1/javax.inject-1.jar:/home/runner/.m2/repository/javax/xml/bind/jaxb-api/2.3.0/jaxb-api-2.3.0.jar:/home/runner/.m2/repository/org/glassfish/jaxb/jaxb-runtime/2.3.0.1/jaxb-runtime-2.3.0.1.jar:/home/runner/.m2/repository/org/glassfish/jaxb/jaxb-core/2.3.0.1/jaxb-core-2.3.0.1.jar:/home/runner/.m2/repository/org/glassfish/jaxb/txw2/2.3.0.1/txw2-2.3.0.1.jar:/home/runner/.m2/repository/com/sun/istack/istack-commons-runtime/3.0.5/istack-commons-runtime-3.0.5.jar:/home/runner/.m2/repository/org/jvnet/staxex/stax-ex/1.7.8/stax-ex-1.7.8.jar:/home/runner/.m2/repository/com/sun/xml/fastinfoset/FastInfoset/1.2.13/FastInfoset-1.2.13.jar:/home/runner/.m2/repository/javax/activation/activation/1.1.1/activation-1.1.1.jar:/home/runner/.m2/repository/io/grpc/grpc-protobuf/1.51.1/grpc-protobuf-1.51.1.jar:/home/runner/.m2/repository/com/google/api/grpc/proto-google-common-protos/2.9.0/proto-google-common-protos-2.9.0.jar:/home/runner/.m2/repository/io/grpc/grpc-protobuf-lite/1.51.1/grpc-protobuf-lite-1.51.1.jar:/home/runner/.m2/repository/io/grpc/grpc-stub/1.51.1/grpc-stub-1.51.1.jar:/home/runner/.m2/repository/io/netty/netty-transport/4.1.100.Final/netty-transport-4.1.100.Final.jar:/home/runner/.m2/repository/io/netty/netty-resolver/4.1.100.Final/netty-resolver-4.1.100.Final.jar:/home/runner/.m2/repository/org/apache/ozone/ozone-csi/1.4.0-SNAPSHOT/ozone-csi-1.4.0-SNAPSHOT.jar:/home/runner/.m2/repository/com/google/protobuf/protobuf-java-util/3.19.6/protobuf-java-util-3.19.6.jar:/home/runner/.m2/repository/com/google/code/gson/gson/2.9.0/gson-2.9.0.jar:/home/runner/.m2/repository/org/apache/ozone/hdds-config/1.4.0-SNAPSHOT/hdds-config-1.4.0-SNAPSHOT.jar:/home/runner/.m2/repository/io/netty/netty-transport-native-epoll/4.1.100.Final/netty-transport-native-epoll-4.1.100.Final-linux-x86_64.jar:/home/runner/.m2/repository/io/netty/netty-transport-classes-epoll/4.1.100.Final/netty-transport-classes-epoll-4.1.100.Final.jar:/home/runner/.m2/repository/io/netty/netty-transport-native-unix-common/4.1.100.Final/netty-transport-native-unix-common-4.1.100.Final.jar:/home/runner/.m2/repository/org/apache/ozone/ozone-recon/1.4.0-SNAPSHOT/ozone-recon-1.4.0-SNAPSHOT.jar:/home/runner/.m2/repository/org/apache/ozone/ozone-reconcodegen/1.4.0-SNAPSHOT/ozone-reconcodegen-1.4.0-SNAPSHOT.jar:/home/runner/.m2/repository/com/google/inject/guice/5.1.0/guice-5.1.0.jar:/home/runner/.m2/repository/aopalliance/aopalliance/1.0/aopalliance-1.0.jar:/home/runner/.m2/repository/com/google/inject/extensions/guice-assistedinject/5.1.0/guice-assistedinject-5.1.0.jar:/home/runner/.m2/repository/com/google/inject/extensions/guice-servlet/5.1.0/guice-servlet-5.1.0.jar:/home/runner/.m2/repository/org/glassfish/jersey/containers/jersey-container-servlet/2.34/jersey-container-servlet-2.34.jar:/home/runner/.m2/repository/org/glassfish/hk2/guice-bridge/2.5.0/guice-bridge-2.5.0.jar:/home/runner/.m2/repository/org/glassfish/jersey/core/jersey-server/2.34/jersey-server-2.34.jar:/home/runner/.m2/repository/org/glassfish/jersey/core/jersey-client/2.34/jersey-client-2.34.jar:/home/runner/.m2/repository/jakarta/annotation/jakarta.annotation-api/1.3.5/jakarta.annotation-api-1.3.5.jar:/home/runner/.m2/repository/jakarta/validation/jakarta.validation-api/2.0.2/jakarta.validation-api-2.0.2.jar:/home/runner/.m2/repository/org/glassfish/jersey/media/jersey-media-json-jackson/2.34/jersey-media-json-jackson-2.34.jar:/home/runner/.m2/repository/org/glassfish/jersey/ext/jersey-entity-filtering/2.34/jersey-entity-filtering-2.34.jar:/home/runner/.m2/repository/org/jooq/jooq/3.11.10/jooq-3.11.10.jar:/home/runner/.m2/repository/org/jooq/jooq-meta/3.11.10/jooq-meta-3.11.10.jar:/home/runner/.m2/repository/org/jooq/jooq-codegen/3.11.10/jooq-codegen-3.11.10.jar:/home/runner/.m2/repository/com/jolbox/bonecp/0.8.0.RELEASE/bonecp-0.8.0.RELEASE.jar:/home/runner/.m2/repository/org/apache/derby/derby/10.14.2.0/derby-10.14.2.0.jar:/home/runner/.m2/repository/org/xerial/sqlite-jdbc/3.41.2.2/sqlite-jdbc-3.41.2.2.jar:/home/runner/.m2/repository/org/springframework/spring-jdbc/5.3.27/spring-jdbc-5.3.27.jar:/home/runner/.m2/repository/org/springframework/spring-beans/5.3.27/spring-beans-5.3.27.jar:/home/runner/.m2/repository/org/springframework/spring-core/5.3.27/spring-core-5.3.27.jar:/home/runner/.m2/repository/org/springframework/spring-tx/5.3.27/spring-tx-5.3.27.jar:/home/runner/.m2/repository/org/apache/ozone/ozone-client/1.4.0-SNAPSHOT/ozone-client-1.4.0-SNAPSHOT.jar:/home/runner/.m2/repository/org/apache/ozone/hdds-erasurecode/1.4.0-SNAPSHOT/hdds-erasurecode-1.4.0-SNAPSHOT.jar:/home/runner/.m2/repository/org/apache/ozone/ozone-filesystem/1.4.0-SNAPSHOT/ozone-filesystem-1.4.0-SNAPSHOT.jar:/home/runner/.m2/repository/org/apache/ozone/ozone-filesystem-common/1.4.0-SNAPSHOT/ozone-filesystem-common-1.4.0-SNAPSHOT.jar:/home/runner/.m2/repository/org/apache/ozone/ozone-tools/1.4.0-SNAPSHOT/ozone-tools-1.4.0-SNAPSHOT.jar:/home/runner/.m2/repository/com/amazonaws/aws-java-sdk-core/1.12.261/aws-java-sdk-core-1.12.261.jar:/home/runner/.m2/repository/org/apache/httpcomponents/httpclient/4.5.13/httpclient-4.5.13.jar:/home/runner/.m2/repository/org/apache/httpcomponents/httpcore/4.4.13/httpcore-4.4.13.jar:/home/runner/.m2/repository/software/amazon/ion/ion-java/1.0.2/ion-java-1.0.2.jar:/home/runner/.m2/repository/com/fasterxml/jackson/dataformat/jackson-dataformat-cbor/2.13.4/jackson-dataformat-cbor-2.13.4.jar:/home/runner/.m2/repository/joda-time/joda-time/2.10.6/joda-time-2.10.6.jar:/home/runner/.m2/repository/com/amazonaws/aws-java-sdk-s3/1.12.261/aws-java-sdk-s3-1.12.261.jar:/home/runner/.m2/repository/com/amazonaws/aws-java-sdk-kms/1.12.261/aws-java-sdk-kms-1.12.261.jar:/home/runner/.m2/repository/com/amazonaws/jmespath-java/1.12.261/jmespath-java-1.12.261.jar:/home/runner/.m2/repository/org/kohsuke/metainf-services/metainf-services/1.8/metainf-services-1.8.jar:/home/runner/.m2/repository/org/apache/ozone/hdds-tools/1.4.0-SNAPSHOT/hdds-tools-1.4.0-SNAPSHOT.jar:/home/runner/.m2/repository/org/apache/ratis/ratis-tools/2.5.1/ratis-tools-2.5.1.jar:/home/runner/.m2/repository/commons-cli/commons-cli/1.2/commons-cli-1.2.jar:/home/runner/.m2/repository/org/apache/commons/commons-lang3/3.7/commons-lang3-3.7.jar:/home/runner/.m2/repository/org/apache/ozone/ozone-manager/1.4.0-SNAPSHOT/ozone-manager-1.4.0-SNAPSHOT-tests.jar:/home/runner/.m2/repository/org/apache/ozone/hdds-common/1.4.0-SNAPSHOT/hdds-common-1.4.0-SNAPSHOT-tests.jar:/home/runner/.m2/repository/org/apache/ozone/hdds-hadoop-dependency-client/1.4.0-SNAPSHOT/hdds-hadoop-dependency-client-1.4.0-SNAPSHOT.jar:/home/runner/.m2/repository/info/picocli/picocli/4.6.1/picocli-4.6.1.jar:/home/runner/.m2/repository/com/fasterxml/jackson/core/jackson-annotations/2.13.4/jackson-annotations-2.13.4.jar:/home/runner/.m2/repository/org/apache/ozone/hdds-annotation-processing/1.4.0-SNAPSHOT/hdds-annotation-processing-1.4.0-SNAPSHOT.jar:/home/runner/.m2/repository/javax/annotation/javax.annotation-api/1.2/javax.annotation-api-1.2.jar:/home/runner/.m2/repository/org/apache/ratis/ratis-netty/2.5.1/ratis-netty-2.5.1.jar:/home/runner/.m2/repository/org/apache/ratis/ratis-grpc/2.5.1/ratis-grpc-2.5.1.jar:/home/runner/.m2/repository/org/apache/commons/commons-pool2/2.6.0/commons-pool2-2.6.0.jar:/home/runner/.m2/repository/org/bouncycastle/bcpkix-jdk15on/1.67/bcpkix-jdk15on-1.67.jar:/home/runner/.m2/repository/commons-validator/commons-validator/1.6/commons-validator-1.6.jar:/home/runner/.m2/repository/commons-beanutils/commons-beanutils/1.9.4/commons-beanutils-1.9.4.jar:/home/runner/.m2/repository/commons-digester/commons-digester/1.8.1/commons-digester-1.8.1.jar:/home/runner/.m2/repository/commons-collections/commons-collections/3.2.2/commons-collections-3.2.2.jar:/home/runner/.m2/repository/io/jaegertracing/jaeger-client/1.6.0/jaeger-client-1.6.0.jar:/home/runner/.m2/repository/io/jaegertracing/jaeger-thrift/1.6.0/jaeger-thrift-1.6.0.jar:/home/runner/.m2/repository/org/apache/thrift/libthrift/0.14.1/libthrift-0.14.1.jar:/home/runner/.m2/repository/io/jaegertracing/jaeger-core/1.6.0/jaeger-core-1.6.0.jar:/home/runner/.m2/repository/io/jaegertracing/jaeger-tracerresolver/1.6.0/jaeger-tracerresolver-1.6.0.jar:/home/runner/.m2/repository/io/opentracing/contrib/opentracing-tracerresolver/0.1.8/opentracing-tracerresolver-0.1.8.jar:/home/runner/.m2/repository/org/jetbrains/kotlin/kotlin-stdlib/1.6.21/kotlin-stdlib-1.6.21.jar:/home/runner/.m2/repository/org/jetbrains/annotations/13.0/annotations-13.0.jar:/home/runner/.m2/repository/io/opentracing/opentracing-util/0.33.0/opentracing-util-0.33.0.jar:/home/runner/.m2/repository/io/opentracing/opentracing-api/0.33.0/opentracing-api-0.33.0.jar:/home/runner/.m2/repository/io/opentracing/opentracing-noop/0.33.0/opentracing-noop-0.33.0.jar:/home/runner/.m2/repository/org/yaml/snakeyaml/2.0/snakeyaml-2.0.jar:/home/runner/.m2/repository/io/grpc/grpc-api/1.51.1/grpc-api-1.51.1.jar:/home/runner/.m2/repository/io/grpc/grpc-context/1.51.1/grpc-context-1.51.1.jar:/home/runner/.m2/repository/com/fasterxml/uuid/java-uuid-generator/4.3.0/java-uuid-generator-4.3.0.jar:/home/runner/.m2/repository/junit/junit/4.13.1/junit-4.13.1.jar:/home/runner/.m2/repository/org/hamcrest/hamcrest-core/1.3/hamcrest-core-1.3.jar:/home/runner/.m2/repository/org/junit/jupiter/junit-jupiter-api/5.8.2/junit-jupiter-api-5.8.2.jar:/home/runner/.m2/repository/org/opentest4j/opentest4j/1.2.0/opentest4j-1.2.0.jar:/home/runner/.m2/repository/org/junit/platform/junit-platform-commons/1.8.2/junit-platform-commons-1.8.2.jar:/home/runner/.m2/repository/org/apiguardian/apiguardian-api/1.1.2/apiguardian-api-1.1.2.jar:/home/runner/.m2/repository/org/junit/jupiter/junit-jupiter-params/5.8.2/junit-jupiter-params-5.8.2.jar:/home/runner/.m2/repository/org/junit/jupiter/junit-jupiter-migrationsupport/5.8.2/junit-jupiter-migrationsupport-5.8.2.jar:/home/runner/.m2/repository/org/junit/jupiter/junit-jupiter-engine/5.8.2/junit-jupiter-engine-5.8.2.jar:/home/runner/.m2/repository/org/junit/platform/junit-platform-engine/1.8.2/junit-platform-engine-1.8.2.jar:/home/runner/.m2/repository/org/junit/vintage/junit-vintage-engine/5.8.2/junit-vintage-engine-5.8.2.jar:/home/runner/.m2/repository/org/junit/platform/junit-platform-launcher/1.8.2/junit-platform-launcher-1.8.2.jar:/home/runner/.m2/repository/org/mockito/mockito-core/3.5.9/mockito-core-3.5.9.jar:/home/runner/.m2/repository/net/bytebuddy/byte-buddy/1.10.13/byte-buddy-1.10.13.jar:/home/runner/.m2/repository/net/bytebuddy/byte-buddy-agent/1.10.13/byte-buddy-agent-1.10.13.jar:/home/runner/.m2/repository/org/objenesis/objenesis/1.0/objenesis-1.0.jar:/home/runner/.m2/repository/org/apache/hadoop/hadoop-kms/3.3.6/hadoop-kms-3.3.6.jar:/home/runner/.m2/repository/org/apache/hadoop/hadoop-auth/3.3.6/hadoop-auth-3.3.6.jar:/home/runner/.m2/repository/com/nimbusds/nimbus-jose-jwt/9.8.1/nimbus-jose-jwt-9.8.1.jar:/home/runner/.m2/repository/com/github/stephenc/jcip/jcip-annotations/1.0-1/jcip-annotations-1.0-1.jar:/home/runner/.m2/repository/org/apache/zookeeper/zookeeper/3.7.2/zookeeper-3.7.2.jar:/home/runner/.m2/repository/org/apache/zookeeper/zookeeper-jute/3.7.2/zookeeper-jute-3.7.2.jar:/home/runner/.m2/repository/org/apache/yetus/audience-annotations/0.12.0/audience-annotations-0.12.0.jar:/home/runner/.m2/repository/org/apache/curator/curator-framework/4.2.0/curator-framework-4.2.0.jar:/home/runner/.m2/repository/org/apache/hadoop/thirdparty/hadoop-shaded-guava/1.1.1/hadoop-shaded-guava-1.1.1.jar:/home/runner/.m2/repository/com/sun/jersey/jersey-core/1.19/jersey-core-1.19.jar:/home/runner/.m2/repository/javax/ws/rs/jsr311-api/1.1.1/jsr311-api-1.1.1.jar:/home/runner/.m2/repository/com/sun/jersey/jersey-server/1.19/jersey-server-1.19.jar:/home/runner/.m2/repository/javax/servlet/javax.servlet-api/3.1.0/javax.servlet-api-3.1.0.jar:/home/runner/.m2/repository/org/apache/hadoop/hadoop-common/3.3.6/hadoop-common-3.3.6.jar:/home/runner/.m2/repository/org/apache/commons/commons-math3/3.1.1/commons-math3-3.1.1.jar:/home/runner/.m2/repository/commons-net/commons-net/3.9.0/commons-net-3.9.0.jar:/home/runner/.m2/repository/com/sun/jersey/jersey-servlet/1.19/jersey-servlet-1.19.jar:/home/runner/.m2/repository/com/github/pjfanning/jersey-json/1.20/jersey-json-1.20.jar:/home/runner/.m2/repository/org/codehaus/jettison/jettison/1.1/jettison-1.1.jar:/home/runner/.m2/repository/com/sun/xml/bind/jaxb-impl/2.2.3-1/jaxb-impl-2.2.3-1.jar:/home/runner/.m2/repository/com/google/re2j/re2j/1.1/re2j-1.1.jar:/home/runner/.m2/repository/com/jcraft/jsch/0.1.54/jsch-0.1.54.jar:/home/runner/.m2/repository/org/apache/curator/curator-client/4.2.0/curator-client-4.2.0.jar:/home/runner/.m2/repository/org/apache/curator/curator-recipes/5.2.0/curator-recipes-5.2.0.jar:/home/runner/.m2/repository/org/apache/kerby/kerb-core/1.0.1/kerb-core-1.0.1.jar:/home/runner/.m2/repository/org/apache/kerby/kerby-pkix/1.0.1/kerby-pkix-1.0.1.jar:/home/runner/.m2/repository/org/apache/kerby/kerby-asn1/1.0.1/kerby-asn1-1.0.1.jar:/home/runner/.m2/repository/org/apache/kerby/kerby-util/1.0.1/kerby-util-1.0.1.jar:/home/runner/.m2/repository/dnsjava/dnsjava/2.1.7/dnsjava-2.1.7.jar:/home/runner/.m2/repository/org/xerial/snappy/snappy-java/1.1.8.2/snappy-java-1.1.8.2.jar:/home/runner/.m2/repository/com/fasterxml/jackson/core/jackson-databind/2.13.4.2/jackson-databind-2.13.4.2.jar:/home/runner/.m2/repository/org/apache/hadoop/hadoop-kms/3.3.6/hadoop-kms-3.3.6-tests.jar:/home/runner/.m2/repository/org/apache/ozone/hdds-server-scm/1.4.0-SNAPSHOT/hdds-server-scm-1.4.0-SNAPSHOT-tests.jar:/home/runner/.m2/repository/org/apache/ozone/hdds-container-service/1.4.0-SNAPSHOT/hdds-container-service-1.4.0-SNAPSHOT-tests.jar:/home/runner/.m2/repository/com/github/luben/zstd-jni/1.5.2-5/zstd-jni-1.5.2-5.jar:/home/runner/.m2/repository/commons-codec/commons-codec/1.15/commons-codec-1.15.jar:/home/runner/.m2/repository/io/netty/netty-codec/4.1.100.Final/netty-codec-4.1.100.Final.jar:/home/runner/.m2/repository/io/netty/netty-handler/4.1.100.Final/netty-handler-4.1.100.Final.jar:/home/runner/.m2/repository/org/apache/ozone/hdds-hadoop-dependency-test/1.4.0-SNAPSHOT/hdds-hadoop-dependency-test-1.4.0-SNAPSHOT.jar:/home/runner/.m2/repository/org/apache/hadoop/hadoop-common/3.3.6/hadoop-common-3.3.6-tests.jar:/home/runner/.m2/repository/org/apache/hadoop/hadoop-hdfs/3.3.6/hadoop-hdfs-3.3.6-tests.jar:/home/runner/.m2/repository/org/assertj/assertj-core/3.12.2/assertj-core-3.12.2.jar:/home/runner/.m2/repository/org/apache/hadoop/hadoop-distcp/3.3.6/hadoop-distcp-3.3.6.jar:/home/runner/.m2/repository/org/apache/hadoop/hadoop-mapreduce-client-jobclient/3.3.6/hadoop-mapreduce-client-jobclient-3.3.6.jar:/home/runner/.m2/repository/org/apache/hadoop/hadoop-mapreduce-client-common/3.3.6/hadoop-mapreduce-client-common-3.3.6.jar:/home/runner/.m2/repository/org/apache/hadoop/hadoop-yarn-common/3.3.6/hadoop-yarn-common-3.3.6.jar:/home/runner/.m2/repository/org/apache/hadoop/hadoop-yarn-api/3.3.6/hadoop-yarn-api-3.3.6.jar:/home/runner/.m2/repository/com/sun/jersey/contribs/jersey-guice/1.19/jersey-guice-1.19.jar:/home/runner/.m2/repository/com/fasterxml/jackson/jaxrs/jackson-jaxrs-json-provider/2.13.4/jackson-jaxrs-json-provider-2.13.4.jar:/home/runner/.m2/repository/com/fasterxml/jackson/jaxrs/jackson-jaxrs-base/2.13.4/jackson-jaxrs-base-2.13.4.jar:/home/runner/.m2/repository/org/apache/hadoop/hadoop-yarn-client/3.3.6/hadoop-yarn-client-3.3.6.jar:/home/runner/.m2/repository/org/eclipse/jetty/websocket/websocket-client/9.4.51.v20230217/websocket-client-9.4.51.v20230217.jar:/home/runner/.m2/repository/org/eclipse/jetty/websocket/websocket-common/9.4.51.v20230217/websocket-common-9.4.51.v20230217.jar:/home/runner/.m2/repository/org/eclipse/jetty/websocket/websocket-api/9.4.51.v20230217/websocket-api-9.4.51.v20230217.jar:/home/runner/.m2/repository/org/jline/jline/3.9.0/jline-3.9.0.jar:/home/runner/.m2/repository/org/apache/hadoop/hadoop-mapreduce-client-core/3.3.6/hadoop-mapreduce-client-core-3.3.6.jar:/home/runner/.m2/repository/org/apache/avro/avro/1.7.7/avro-1.7.7.jar:/home/runner/.m2/repository/com/thoughtworks/paranamer/paranamer/2.3/paranamer-2.3.jar:/home/runner/.m2/repository/org/apache/hadoop/hadoop-annotations/3.3.6/hadoop-annotations-3.3.6.jar:/usr/lib/jvm/temurin-8-jdk-amd64/jre/../lib/tools.jar:/home/runner/.m2/repository/io/netty/netty/3.10.6.Final/netty-3.10.6.Final.jar:/home/runner/.m2/repository/org/apache/hadoop/hadoop-distcp/3.3.6/hadoop-distcp-3.3.6-tests.jar:/home/runner/.m2/repository/org/slf4j/jul-to-slf4j/1.7.36/jul-to-slf4j-1.7.36.jar:/home/runner/work/ozone/ozone/hadoop-ozone/integration-test/target/gradle-enterprise/test-listeners.jar:"/>
    <property name="java.vm.vendor" value="Temurin"/>
    <property name="sun.arch.data.model" value="64"/>
    <property name="test.build.dir" value="/home/runner/work/ozone/ozone/hadoop-ozone/integration-test/target/test-dir"/>
    <property name="test.cache.data" value=""/>
    <property name="java.vendor.url" value="https://adoptium.net/"/>
    <property name="user.timezone" value="Etc/UTC"/>
    <property name="os.name" value="Linux"/>
    <property name="java.vm.specification.version" value="1.8"/>
    <property name="test.build.data" value="/home/runner/work/ozone/ozone/hadoop-ozone/integration-test/target/test-dir"/>
    <property name="sun.java.launcher" value="SUN_STANDARD"/>
    <property name="sun.boot.library.path" value="/usr/lib/jvm/temurin-8-jdk-amd64/jre/lib/amd64"/>
    <property name="sun.java.command" value="/home/runner/work/ozone/ozone/hadoop-ozone/integration-test/target/surefire/surefirebooter6383823324132544817.jar /home/runner/work/ozone/ozone/hadoop-ozone/integration-test/target/surefire 2023-11-06T09-14-05_412-jvmRun1 surefire5109749642733625525tmp surefire_14915217970114053120tmp"/>
    <property name="native.lib.tmp.dir" value="/tmp"/>
    <property name="surefire.test.class.path" value="/home/runner/work/ozone/ozone/hadoop-ozone/integration-test/target/test-classes:/home/runner/work/ozone/ozone/hadoop-ozone/integration-test/target/classes:/home/runner/.m2/repository/org/apache/ozone/ozone-common/1.4.0-SNAPSHOT/ozone-common-1.4.0-SNAPSHOT.jar:/home/runner/.m2/repository/io/grpc/grpc-netty/1.51.1/grpc-netty-1.51.1.jar:/home/runner/.m2/repository/io/grpc/grpc-core/1.51.1/grpc-core-1.51.1.jar:/home/runner/.m2/repository/com/google/android/annotations/4.1.1.4/annotations-4.1.1.4.jar:/home/runner/.m2/repository/org/codehaus/mojo/animal-sniffer-annotations/1.21/animal-sniffer-annotations-1.21.jar:/home/runner/.m2/repository/com/google/errorprone/error_prone_annotations/2.2.0/error_prone_annotations-2.2.0.jar:/home/runner/.m2/repository/io/perfmark/perfmark-api/0.25.0/perfmark-api-0.25.0.jar:/home/runner/.m2/repository/io/netty/netty-codec-http2/4.1.100.Final/netty-codec-http2-4.1.100.Final.jar:/home/runner/.m2/repository/io/netty/netty-common/4.1.100.Final/netty-common-4.1.100.Final.jar:/home/runner/.m2/repository/io/netty/netty-buffer/4.1.100.Final/netty-buffer-4.1.100.Final.jar:/home/runner/.m2/repository/io/netty/netty-codec-http/4.1.100.Final/netty-codec-http-4.1.100.Final.jar:/home/runner/.m2/repository/io/netty/netty-handler-proxy/4.1.100.Final/netty-handler-proxy-4.1.100.Final.jar:/home/runner/.m2/repository/io/netty/netty-codec-socks/4.1.100.Final/netty-codec-socks-4.1.100.Final.jar:/home/runner/.m2/repository/io/netty/netty-tcnative-boringssl-static/2.0.61.Final/netty-tcnative-boringssl-static-2.0.61.Final.jar:/home/runner/.m2/repository/io/netty/netty-tcnative-classes/2.0.61.Final/netty-tcnative-classes-2.0.61.Final.jar:/home/runner/.m2/repository/io/netty/netty-tcnative-boringssl-static/2.0.61.Final/netty-tcnative-boringssl-static-2.0.61.Final-linux-x86_64.jar:/home/runner/.m2/repository/io/netty/netty-tcnative-boringssl-static/2.0.61.Final/netty-tcnative-boringssl-static-2.0.61.Final-linux-aarch_64.jar:/home/runner/.m2/repository/io/netty/netty-tcnative-boringssl-static/2.0.61.Final/netty-tcnative-boringssl-static-2.0.61.Final-osx-x86_64.jar:/home/runner/.m2/repository/io/netty/netty-tcnative-boringssl-static/2.0.61.Final/netty-tcnative-boringssl-static-2.0.61.Final-osx-aarch_64.jar:/home/runner/.m2/repository/io/netty/netty-tcnative-boringssl-static/2.0.61.Final/netty-tcnative-boringssl-static-2.0.61.Final-windows-x86_64.jar:/home/runner/.m2/repository/org/apache/commons/commons-compress/1.21/commons-compress-1.21.jar:/home/runner/.m2/repository/org/apache/ozone/hdds-common/1.4.0-SNAPSHOT/hdds-common-1.4.0-SNAPSHOT.jar:/home/runner/.m2/repository/org/apache/ozone/hdds-client/1.4.0-SNAPSHOT/hdds-client-1.4.0-SNAPSHOT.jar:/home/runner/.m2/repository/org/apache/ozone/ozone-interface-client/1.4.0-SNAPSHOT/ozone-interface-client-1.4.0-SNAPSHOT.jar:/home/runner/.m2/repository/org/apache/hadoop/hadoop-hdfs-client/3.3.6/hadoop-hdfs-client-3.3.6.jar:/home/runner/.m2/repository/com/squareup/okhttp3/okhttp/4.9.3/okhttp-4.9.3.jar:/home/runner/.m2/repository/com/squareup/okio/okio/3.4.0/okio-3.4.0.jar:/home/runner/.m2/repository/com/squareup/okio/okio-jvm/3.4.0/okio-jvm-3.4.0.jar:/home/runner/.m2/repository/org/jetbrains/kotlin/kotlin-stdlib-jdk8/1.8.0/kotlin-stdlib-jdk8-1.8.0.jar:/home/runner/.m2/repository/org/jetbrains/kotlin/kotlin-stdlib-jdk7/1.8.0/kotlin-stdlib-jdk7-1.8.0.jar:/home/runner/.m2/repository/org/jetbrains/kotlin/kotlin-stdlib-common/1.6.21/kotlin-stdlib-common-1.6.21.jar:/home/runner/.m2/repository/org/apache/ozone/hdds-test-utils/1.4.0-SNAPSHOT/hdds-test-utils-1.4.0-SNAPSHOT.jar:/home/runner/.m2/repository/com/google/guava/guava/32.0.0-jre/guava-32.0.0-jre.jar:/home/runner/.m2/repository/com/google/guava/failureaccess/1.0.1/failureaccess-1.0.1.jar:/home/runner/.m2/repository/com/google/guava/listenablefuture/9999.0-empty-to-avoid-conflict-with-guava/listenablefuture-9999.0-empty-to-avoid-conflict-with-guava.jar:/home/runner/.m2/repository/com/google/code/findbugs/jsr305/3.0.0/jsr305-3.0.0.jar:/home/runner/.m2/repository/org/checkerframework/checker-qual/3.33.0/checker-qual-3.33.0.jar:/home/runner/.m2/repository/com/google/j2objc/j2objc-annotations/2.8/j2objc-annotations-2.8.jar:/home/runner/.m2/repository/commons-io/commons-io/2.11.0/commons-io-2.11.0.jar:/home/runner/.m2/repository/commons-logging/commons-logging/1.2/commons-logging-1.2.jar:/home/runner/.m2/repository/ch/qos/reload4j/reload4j/1.2.22/reload4j-1.2.22.jar:/home/runner/.m2/repository/org/slf4j/slf4j-api/1.7.36/slf4j-api-1.7.36.jar:/home/runner/.m2/repository/org/apache/logging/log4j/log4j-api/2.17.1/log4j-api-2.17.1.jar:/home/runner/.m2/repository/org/apache/ozone/hdds-server-scm/1.4.0-SNAPSHOT/hdds-server-scm-1.4.0-SNAPSHOT.jar:/home/runner/.m2/repository/org/apache/ozone/hdds-container-service/1.4.0-SNAPSHOT/hdds-container-service-1.4.0-SNAPSHOT.jar:/home/runner/.m2/repository/org/apache/ozone/hdds-hadoop-dependency-server/1.4.0-SNAPSHOT/hdds-hadoop-dependency-server-1.4.0-SNAPSHOT.jar:/home/runner/.m2/repository/org/apache/hadoop/hadoop-hdfs/3.3.6/hadoop-hdfs-3.3.6.jar:/home/runner/.m2/repository/commons-daemon/commons-daemon/1.0.13/commons-daemon-1.0.13.jar:/home/runner/.m2/repository/org/apache/ozone/hdds-server-framework/1.4.0-SNAPSHOT/hdds-server-framework-1.4.0-SNAPSHOT.jar:/home/runner/.m2/repository/io/dropwizard/metrics/metrics-core/3.2.4/metrics-core-3.2.4.jar:/home/runner/.m2/repository/org/apache/commons/commons-text/1.10.0/commons-text-1.10.0.jar:/home/runner/.m2/repository/org/bouncycastle/bcprov-jdk15on/1.67/bcprov-jdk15on-1.67.jar:/home/runner/.m2/repository/com/google/protobuf/protobuf-java/2.5.0/protobuf-java-2.5.0.jar:/home/runner/.m2/repository/org/apache/ozone/hdds-server-framework/1.4.0-SNAPSHOT/hdds-server-framework-1.4.0-SNAPSHOT-tests.jar:/home/runner/.m2/repository/org/apache/ozone/hdds-interface-server/1.4.0-SNAPSHOT/hdds-interface-server-1.4.0-SNAPSHOT.jar:/home/runner/.m2/repository/org/apache/ozone/hdds-interface-admin/1.4.0-SNAPSHOT/hdds-interface-admin-1.4.0-SNAPSHOT.jar:/home/runner/.m2/repository/org/apache/ozone/hdds-managed-rocksdb/1.4.0-SNAPSHOT/hdds-managed-rocksdb-1.4.0-SNAPSHOT.jar:/home/runner/.m2/repository/org/rocksdb/rocksdbjni/7.7.3/rocksdbjni-7.7.3.jar:/home/runner/.m2/repository/org/slf4j/slf4j-reload4j/1.7.36/slf4j-reload4j-1.7.36.jar:/home/runner/.m2/repository/org/apache/commons/commons-configuration2/2.1.1/commons-configuration2-2.1.1.jar:/home/runner/.m2/repository/commons-fileupload/commons-fileupload/1.5/commons-fileupload-1.5.jar:/home/runner/.m2/repository/org/apache/logging/log4j/log4j-core/2.17.1/log4j-core-2.17.1.jar:/home/runner/.m2/repository/com/lmax/disruptor/3.4.2/disruptor-3.4.2.jar:/home/runner/.m2/repository/org/eclipse/jetty/jetty-util/9.4.53.v20231009/jetty-util-9.4.53.v20231009.jar:/home/runner/.m2/repository/org/eclipse/jetty/jetty-server/9.4.53.v20231009/jetty-server-9.4.53.v20231009.jar:/home/runner/.m2/repository/org/eclipse/jetty/jetty-http/9.4.53.v20231009/jetty-http-9.4.53.v20231009.jar:/home/runner/.m2/repository/org/eclipse/jetty/jetty-io/9.4.53.v20231009/jetty-io-9.4.53.v20231009.jar:/home/runner/.m2/repository/org/eclipse/jetty/jetty-servlet/9.4.53.v20231009/jetty-servlet-9.4.53.v20231009.jar:/home/runner/.m2/repository/org/eclipse/jetty/jetty-security/9.4.53.v20231009/jetty-security-9.4.53.v20231009.jar:/home/runner/.m2/repository/org/eclipse/jetty/jetty-util-ajax/9.4.53.v20231009/jetty-util-ajax-9.4.53.v20231009.jar:/home/runner/.m2/repository/org/eclipse/jetty/jetty-webapp/9.4.53.v20231009/jetty-webapp-9.4.53.v20231009.jar:/home/runner/.m2/repository/org/eclipse/jetty/jetty-xml/9.4.53.v20231009/jetty-xml-9.4.53.v20231009.jar:/home/runner/.m2/repository/org/apache/ratis/ratis-server/2.5.1/ratis-server-2.5.1.jar:/home/runner/.m2/repository/org/apache/ratis/ratis-thirdparty-misc/1.0.4/ratis-thirdparty-misc-1.0.4.jar:/home/runner/.m2/repository/org/apache/ratis/ratis-proto/2.5.1/ratis-proto-2.5.1.jar:/home/runner/.m2/repository/org/apache/ratis/ratis-common/2.5.1/ratis-common-2.5.1.jar:/home/runner/.m2/repository/org/apache/ratis/ratis-client/2.5.1/ratis-client-2.5.1.jar:/home/runner/.m2/repository/org/apache/ratis/ratis-server-api/2.5.1/ratis-server-api-2.5.1.jar:/home/runner/.m2/repository/org/apache/ratis/ratis-metrics/2.5.1/ratis-metrics-2.5.1.jar:/home/runner/.m2/repository/io/prometheus/simpleclient_dropwizard/0.7.0/simpleclient_dropwizard-0.7.0.jar:/home/runner/.m2/repository/io/prometheus/simpleclient/0.7.0/simpleclient-0.7.0.jar:/home/runner/.m2/repository/io/prometheus/simpleclient_common/0.7.0/simpleclient_common-0.7.0.jar:/home/runner/.m2/repository/com/fasterxml/jackson/datatype/jackson-datatype-jsr310/2.13.4/jackson-datatype-jsr310-2.13.4.jar:/home/runner/.m2/repository/com/fasterxml/jackson/core/jackson-core/2.13.4/jackson-core-2.13.4.jar:/home/runner/.m2/repository/com/github/spotbugs/spotbugs-annotations/3.1.12/spotbugs-annotations-3.1.12.jar:/home/runner/.m2/repository/org/apache/ozone/rocksdb-checkpoint-differ/1.4.0-SNAPSHOT/rocksdb-checkpoint-differ-1.4.0-SNAPSHOT.jar:/home/runner/.m2/repository/org/jgrapht/jgrapht-core/1.0.1/jgrapht-core-1.0.1.jar:/home/runner/.m2/repository/org/jgrapht/jgrapht-ext/1.0.1/jgrapht-ext-1.0.1.jar:/home/runner/.m2/repository/org/tinyjee/jgraphx/jgraphx/2.0.0.1/jgraphx-2.0.0.1.jar:/home/runner/.m2/repository/jgraph/jgraph/5.13.0.0/jgraph-5.13.0.0.jar:/home/runner/.m2/repository/org/antlr/antlr4-runtime/4.5.3/antlr4-runtime-4.5.3.jar:/home/runner/.m2/repository/org/awaitility/awaitility/4.2.0/awaitility-4.2.0.jar:/home/runner/.m2/repository/org/hamcrest/hamcrest/2.1/hamcrest-2.1.jar:/home/runner/.m2/repository/org/apache/ozone/ozone-manager/1.4.0-SNAPSHOT/ozone-manager-1.4.0-SNAPSHOT.jar:/home/runner/.m2/repository/org/aspectj/aspectjrt/1.9.7/aspectjrt-1.9.7.jar:/home/runner/.m2/repository/org/aspectj/aspectjweaver/1.9.7/aspectjweaver-1.9.7.jar:/home/runner/.m2/repository/org/apache/ozone/hdds-interface-client/1.4.0-SNAPSHOT/hdds-interface-client-1.4.0-SNAPSHOT.jar:/home/runner/.m2/repository/org/apache/hadoop/thirdparty/hadoop-shaded-protobuf_3_7/1.1.1/hadoop-shaded-protobuf_3_7-1.1.1.jar:/home/runner/.m2/repository/org/apache/ozone/ozone-interface-storage/1.4.0-SNAPSHOT/ozone-interface-storage-1.4.0-SNAPSHOT.jar:/home/runner/.m2/repository/org/reflections/reflections/0.9.11/reflections-0.9.11.jar:/home/runner/.m2/repository/com/sun/jersey/jersey-client/1.19/jersey-client-1.19.jar:/home/runner/.m2/repository/org/codehaus/jackson/jackson-core-asl/1.9.13/jackson-core-asl-1.9.13.jar:/home/runner/.m2/repository/org/codehaus/jackson/jackson-mapper-asl/1.9.13/jackson-mapper-asl-1.9.13.jar:/home/runner/.m2/repository/org/codehaus/jackson/jackson-jaxrs/1.9.13/jackson-jaxrs-1.9.13.jar:/home/runner/.m2/repository/org/apache/ranger/ranger-intg/2.3.0/ranger-intg-2.3.0.jar:/home/runner/.m2/repository/org/apache/ranger/ranger-plugins-common/2.3.0/ranger-plugins-common-2.3.0.jar:/home/runner/.m2/repository/commons-lang/commons-lang/2.6/commons-lang-2.6.jar:/home/runner/.m2/repository/org/apache/ranger/ranger-plugins-cred/2.3.0/ranger-plugins-cred-2.3.0.jar:/home/runner/.m2/repository/org/apache/ranger/ranger-plugins-audit/2.3.0/ranger-plugins-audit-2.3.0.jar:/home/runner/.m2/repository/org/eclipse/jetty/jetty-client/9.4.53.v20231009/jetty-client-9.4.53.v20231009.jar:/home/runner/.m2/repository/org/apache/httpcomponents/httpmime/4.5.6/httpmime-4.5.6.jar:/home/runner/.m2/repository/org/apache/httpcomponents/httpcore-nio/4.4.13/httpcore-nio-4.4.13.jar:/home/runner/.m2/repository/org/apache/httpcomponents/httpasyncclient/4.1.3/httpasyncclient-4.1.3.jar:/home/runner/.m2/repository/com/carrotsearch/hppc/0.8.0/hppc-0.8.0.jar:/home/runner/.m2/repository/org/apache/orc/orc-core/1.5.8/orc-core-1.5.8.jar:/home/runner/.m2/repository/net/java/dev/jna/jna/5.2.0/jna-5.2.0.jar:/home/runner/.m2/repository/net/java/dev/jna/jna-platform/5.2.0/jna-platform-5.2.0.jar:/home/runner/.m2/repository/com/kstruct/gethostname4j/0.0.2/gethostname4j-0.0.2.jar:/home/runner/.m2/repository/org/apache/ranger/ranger-plugin-classloader/2.3.0/ranger-plugin-classloader-2.3.0.jar:/home/runner/.m2/repository/org/apache/ozone/hdds-rocks-native/1.4.0-SNAPSHOT/hdds-rocks-native-1.4.0-SNAPSHOT.jar:/home/runner/.m2/repository/org/apache/hadoop/hadoop-minikdc/3.3.6/hadoop-minikdc-3.3.6.jar:/home/runner/.m2/repository/org/apache/kerby/kerb-simplekdc/1.0.1/kerb-simplekdc-1.0.1.jar:/home/runner/.m2/repository/org/apache/kerby/kerb-client/1.0.1/kerb-client-1.0.1.jar:/home/runner/.m2/repository/org/apache/kerby/kerby-config/1.0.1/kerby-config-1.0.1.jar:/home/runner/.m2/repository/org/apache/kerby/kerb-common/1.0.1/kerb-common-1.0.1.jar:/home/runner/.m2/repository/org/apache/kerby/kerb-crypto/1.0.1/kerb-crypto-1.0.1.jar:/home/runner/.m2/repository/org/apache/kerby/kerb-util/1.0.1/kerb-util-1.0.1.jar:/home/runner/.m2/repository/org/apache/kerby/token-provider/1.0.1/token-provider-1.0.1.jar:/home/runner/.m2/repository/org/apache/kerby/kerb-admin/1.0.1/kerb-admin-1.0.1.jar:/home/runner/.m2/repository/org/apache/kerby/kerb-server/1.0.1/kerb-server-1.0.1.jar:/home/runner/.m2/repository/org/apache/kerby/kerb-identity/1.0.1/kerb-identity-1.0.1.jar:/home/runner/.m2/repository/org/apache/kerby/kerby-xdr/1.0.1/kerby-xdr-1.0.1.jar:/home/runner/.m2/repository/org/apache/ozone/ozone-s3gateway/1.4.0-SNAPSHOT/ozone-s3gateway-1.4.0-SNAPSHOT.jar:/home/runner/.m2/repository/org/javassist/javassist/3.21.0-GA/javassist-3.21.0-GA.jar:/home/runner/.m2/repository/org/jboss/weld/servlet/weld-servlet-shaded/3.1.9.Final/weld-servlet-shaded-3.1.9.Final.jar:/home/runner/.m2/repository/org/glassfish/jersey/containers/jersey-container-servlet-core/2.34/jersey-container-servlet-core-2.34.jar:/home/runner/.m2/repository/org/glassfish/hk2/external/jakarta.inject/2.6.1/jakarta.inject-2.6.1.jar:/home/runner/.m2/repository/org/glassfish/jersey/core/jersey-common/2.34/jersey-common-2.34.jar:/home/runner/.m2/repository/jakarta/ws/rs/jakarta.ws.rs-api/2.1.6/jakarta.ws.rs-api-2.1.6.jar:/home/runner/.m2/repository/org/glassfish/jersey/ext/cdi/jersey-cdi1x/2.34/jersey-cdi1x-2.34.jar:/home/runner/.m2/repository/org/glassfish/jersey/inject/jersey-hk2/2.34/jersey-hk2-2.34.jar:/home/runner/.m2/repository/org/glassfish/hk2/hk2-locator/2.6.1/hk2-locator-2.6.1.jar:/home/runner/.m2/repository/org/glassfish/jersey/media/jersey-media-jaxb/2.34/jersey-media-jaxb-2.34.jar:/home/runner/.m2/repository/org/glassfish/hk2/osgi-resource-locator/1.0.3/osgi-resource-locator-1.0.3.jar:/home/runner/.m2/repository/org/glassfish/hk2/hk2-api/2.5.0/hk2-api-2.5.0.jar:/home/runner/.m2/repository/org/glassfish/hk2/hk2-utils/2.5.0/hk2-utils-2.5.0.jar:/home/runner/.m2/repository/org/glassfish/hk2/external/aopalliance-repackaged/2.5.0/aopalliance-repackaged-2.5.0.jar:/home/runner/.m2/repository/com/fasterxml/jackson/dataformat/jackson-dataformat-xml/2.13.4/jackson-dataformat-xml-2.13.4.jar:/home/runner/.m2/repository/org/codehaus/woodstox/stax2-api/4.2.1/stax2-api-4.2.1.jar:/home/runner/.m2/repository/com/fasterxml/woodstox/woodstox-core/5.4.0/woodstox-core-5.4.0.jar:/home/runner/.m2/repository/com/fasterxml/jackson/module/jackson-module-jaxb-annotations/2.13.4/jackson-module-jaxb-annotations-2.13.4.jar:/home/runner/.m2/repository/jakarta/xml/bind/jakarta.xml.bind-api/2.3.3/jakarta.xml.bind-api-2.3.3.jar:/home/runner/.m2/repository/jakarta/activation/jakarta.activation-api/1.2.2/jakarta.activation-api-1.2.2.jar:/home/runner/.m2/repository/javax/enterprise/cdi-api/2.0/cdi-api-2.0.jar:/home/runner/.m2/repository/javax/el/javax.el-api/3.0.0/javax.el-api-3.0.0.jar:/home/runner/.m2/repository/javax/interceptor/javax.interceptor-api/1.2/javax.interceptor-api-1.2.jar:/home/runner/.m2/repository/javax/inject/javax.inject/1/javax.inject-1.jar:/home/runner/.m2/repository/javax/xml/bind/jaxb-api/2.3.0/jaxb-api-2.3.0.jar:/home/runner/.m2/repository/org/glassfish/jaxb/jaxb-runtime/2.3.0.1/jaxb-runtime-2.3.0.1.jar:/home/runner/.m2/repository/org/glassfish/jaxb/jaxb-core/2.3.0.1/jaxb-core-2.3.0.1.jar:/home/runner/.m2/repository/org/glassfish/jaxb/txw2/2.3.0.1/txw2-2.3.0.1.jar:/home/runner/.m2/repository/com/sun/istack/istack-commons-runtime/3.0.5/istack-commons-runtime-3.0.5.jar:/home/runner/.m2/repository/org/jvnet/staxex/stax-ex/1.7.8/stax-ex-1.7.8.jar:/home/runner/.m2/repository/com/sun/xml/fastinfoset/FastInfoset/1.2.13/FastInfoset-1.2.13.jar:/home/runner/.m2/repository/javax/activation/activation/1.1.1/activation-1.1.1.jar:/home/runner/.m2/repository/io/grpc/grpc-protobuf/1.51.1/grpc-protobuf-1.51.1.jar:/home/runner/.m2/repository/com/google/api/grpc/proto-google-common-protos/2.9.0/proto-google-common-protos-2.9.0.jar:/home/runner/.m2/repository/io/grpc/grpc-protobuf-lite/1.51.1/grpc-protobuf-lite-1.51.1.jar:/home/runner/.m2/repository/io/grpc/grpc-stub/1.51.1/grpc-stub-1.51.1.jar:/home/runner/.m2/repository/io/netty/netty-transport/4.1.100.Final/netty-transport-4.1.100.Final.jar:/home/runner/.m2/repository/io/netty/netty-resolver/4.1.100.Final/netty-resolver-4.1.100.Final.jar:/home/runner/.m2/repository/org/apache/ozone/ozone-csi/1.4.0-SNAPSHOT/ozone-csi-1.4.0-SNAPSHOT.jar:/home/runner/.m2/repository/com/google/protobuf/protobuf-java-util/3.19.6/protobuf-java-util-3.19.6.jar:/home/runner/.m2/repository/com/google/code/gson/gson/2.9.0/gson-2.9.0.jar:/home/runner/.m2/repository/org/apache/ozone/hdds-config/1.4.0-SNAPSHOT/hdds-config-1.4.0-SNAPSHOT.jar:/home/runner/.m2/repository/io/netty/netty-transport-native-epoll/4.1.100.Final/netty-transport-native-epoll-4.1.100.Final-linux-x86_64.jar:/home/runner/.m2/repository/io/netty/netty-transport-classes-epoll/4.1.100.Final/netty-transport-classes-epoll-4.1.100.Final.jar:/home/runner/.m2/repository/io/netty/netty-transport-native-unix-common/4.1.100.Final/netty-transport-native-unix-common-4.1.100.Final.jar:/home/runner/.m2/repository/org/apache/ozone/ozone-recon/1.4.0-SNAPSHOT/ozone-recon-1.4.0-SNAPSHOT.jar:/home/runner/.m2/repository/org/apache/ozone/ozone-reconcodegen/1.4.0-SNAPSHOT/ozone-reconcodegen-1.4.0-SNAPSHOT.jar:/home/runner/.m2/repository/com/google/inject/guice/5.1.0/guice-5.1.0.jar:/home/runner/.m2/repository/aopalliance/aopalliance/1.0/aopalliance-1.0.jar:/home/runner/.m2/repository/com/google/inject/extensions/guice-assistedinject/5.1.0/guice-assistedinject-5.1.0.jar:/home/runner/.m2/repository/com/google/inject/extensions/guice-servlet/5.1.0/guice-servlet-5.1.0.jar:/home/runner/.m2/repository/org/glassfish/jersey/containers/jersey-container-servlet/2.34/jersey-container-servlet-2.34.jar:/home/runner/.m2/repository/org/glassfish/hk2/guice-bridge/2.5.0/guice-bridge-2.5.0.jar:/home/runner/.m2/repository/org/glassfish/jersey/core/jersey-server/2.34/jersey-server-2.34.jar:/home/runner/.m2/repository/org/glassfish/jersey/core/jersey-client/2.34/jersey-client-2.34.jar:/home/runner/.m2/repository/jakarta/annotation/jakarta.annotation-api/1.3.5/jakarta.annotation-api-1.3.5.jar:/home/runner/.m2/repository/jakarta/validation/jakarta.validation-api/2.0.2/jakarta.validation-api-2.0.2.jar:/home/runner/.m2/repository/org/glassfish/jersey/media/jersey-media-json-jackson/2.34/jersey-media-json-jackson-2.34.jar:/home/runner/.m2/repository/org/glassfish/jersey/ext/jersey-entity-filtering/2.34/jersey-entity-filtering-2.34.jar:/home/runner/.m2/repository/org/jooq/jooq/3.11.10/jooq-3.11.10.jar:/home/runner/.m2/repository/org/jooq/jooq-meta/3.11.10/jooq-meta-3.11.10.jar:/home/runner/.m2/repository/org/jooq/jooq-codegen/3.11.10/jooq-codegen-3.11.10.jar:/home/runner/.m2/repository/com/jolbox/bonecp/0.8.0.RELEASE/bonecp-0.8.0.RELEASE.jar:/home/runner/.m2/repository/org/apache/derby/derby/10.14.2.0/derby-10.14.2.0.jar:/home/runner/.m2/repository/org/xerial/sqlite-jdbc/3.41.2.2/sqlite-jdbc-3.41.2.2.jar:/home/runner/.m2/repository/org/springframework/spring-jdbc/5.3.27/spring-jdbc-5.3.27.jar:/home/runner/.m2/repository/org/springframework/spring-beans/5.3.27/spring-beans-5.3.27.jar:/home/runner/.m2/repository/org/springframework/spring-core/5.3.27/spring-core-5.3.27.jar:/home/runner/.m2/repository/org/springframework/spring-tx/5.3.27/spring-tx-5.3.27.jar:/home/runner/.m2/repository/org/apache/ozone/ozone-client/1.4.0-SNAPSHOT/ozone-client-1.4.0-SNAPSHOT.jar:/home/runner/.m2/repository/org/apache/ozone/hdds-erasurecode/1.4.0-SNAPSHOT/hdds-erasurecode-1.4.0-SNAPSHOT.jar:/home/runner/.m2/repository/org/apache/ozone/ozone-filesystem/1.4.0-SNAPSHOT/ozone-filesystem-1.4.0-SNAPSHOT.jar:/home/runner/.m2/repository/org/apache/ozone/ozone-filesystem-common/1.4.0-SNAPSHOT/ozone-filesystem-common-1.4.0-SNAPSHOT.jar:/home/runner/.m2/repository/org/apache/ozone/ozone-tools/1.4.0-SNAPSHOT/ozone-tools-1.4.0-SNAPSHOT.jar:/home/runner/.m2/repository/com/amazonaws/aws-java-sdk-core/1.12.261/aws-java-sdk-core-1.12.261.jar:/home/runner/.m2/repository/org/apache/httpcomponents/httpclient/4.5.13/httpclient-4.5.13.jar:/home/runner/.m2/repository/org/apache/httpcomponents/httpcore/4.4.13/httpcore-4.4.13.jar:/home/runner/.m2/repository/software/amazon/ion/ion-java/1.0.2/ion-java-1.0.2.jar:/home/runner/.m2/repository/com/fasterxml/jackson/dataformat/jackson-dataformat-cbor/2.13.4/jackson-dataformat-cbor-2.13.4.jar:/home/runner/.m2/repository/joda-time/joda-time/2.10.6/joda-time-2.10.6.jar:/home/runner/.m2/repository/com/amazonaws/aws-java-sdk-s3/1.12.261/aws-java-sdk-s3-1.12.261.jar:/home/runner/.m2/repository/com/amazonaws/aws-java-sdk-kms/1.12.261/aws-java-sdk-kms-1.12.261.jar:/home/runner/.m2/repository/com/amazonaws/jmespath-java/1.12.261/jmespath-java-1.12.261.jar:/home/runner/.m2/repository/org/kohsuke/metainf-services/metainf-services/1.8/metainf-services-1.8.jar:/home/runner/.m2/repository/org/apache/ozone/hdds-tools/1.4.0-SNAPSHOT/hdds-tools-1.4.0-SNAPSHOT.jar:/home/runner/.m2/repository/org/apache/ratis/ratis-tools/2.5.1/ratis-tools-2.5.1.jar:/home/runner/.m2/repository/commons-cli/commons-cli/1.2/commons-cli-1.2.jar:/home/runner/.m2/repository/org/apache/commons/commons-lang3/3.7/commons-lang3-3.7.jar:/home/runner/.m2/repository/org/apache/ozone/ozone-manager/1.4.0-SNAPSHOT/ozone-manager-1.4.0-SNAPSHOT-tests.jar:/home/runner/.m2/repository/org/apache/ozone/hdds-common/1.4.0-SNAPSHOT/hdds-common-1.4.0-SNAPSHOT-tests.jar:/home/runner/.m2/repository/org/apache/ozone/hdds-hadoop-dependency-client/1.4.0-SNAPSHOT/hdds-hadoop-dependency-client-1.4.0-SNAPSHOT.jar:/home/runner/.m2/repository/info/picocli/picocli/4.6.1/picocli-4.6.1.jar:/home/runner/.m2/repository/com/fasterxml/jackson/core/jackson-annotations/2.13.4/jackson-annotations-2.13.4.jar:/home/runner/.m2/repository/org/apache/ozone/hdds-annotation-processing/1.4.0-SNAPSHOT/hdds-annotation-processing-1.4.0-SNAPSHOT.jar:/home/runner/.m2/repository/javax/annotation/javax.annotation-api/1.2/javax.annotation-api-1.2.jar:/home/runner/.m2/repository/org/apache/ratis/ratis-netty/2.5.1/ratis-netty-2.5.1.jar:/home/runner/.m2/repository/org/apache/ratis/ratis-grpc/2.5.1/ratis-grpc-2.5.1.jar:/home/runner/.m2/repository/org/apache/commons/commons-pool2/2.6.0/commons-pool2-2.6.0.jar:/home/runner/.m2/repository/org/bouncycastle/bcpkix-jdk15on/1.67/bcpkix-jdk15on-1.67.jar:/home/runner/.m2/repository/commons-validator/commons-validator/1.6/commons-validator-1.6.jar:/home/runner/.m2/repository/commons-beanutils/commons-beanutils/1.9.4/commons-beanutils-1.9.4.jar:/home/runner/.m2/repository/commons-digester/commons-digester/1.8.1/commons-digester-1.8.1.jar:/home/runner/.m2/repository/commons-collections/commons-collections/3.2.2/commons-collections-3.2.2.jar:/home/runner/.m2/repository/io/jaegertracing/jaeger-client/1.6.0/jaeger-client-1.6.0.jar:/home/runner/.m2/repository/io/jaegertracing/jaeger-thrift/1.6.0/jaeger-thrift-1.6.0.jar:/home/runner/.m2/repository/org/apache/thrift/libthrift/0.14.1/libthrift-0.14.1.jar:/home/runner/.m2/repository/io/jaegertracing/jaeger-core/1.6.0/jaeger-core-1.6.0.jar:/home/runner/.m2/repository/io/jaegertracing/jaeger-tracerresolver/1.6.0/jaeger-tracerresolver-1.6.0.jar:/home/runner/.m2/repository/io/opentracing/contrib/opentracing-tracerresolver/0.1.8/opentracing-tracerresolver-0.1.8.jar:/home/runner/.m2/repository/org/jetbrains/kotlin/kotlin-stdlib/1.6.21/kotlin-stdlib-1.6.21.jar:/home/runner/.m2/repository/org/jetbrains/annotations/13.0/annotations-13.0.jar:/home/runner/.m2/repository/io/opentracing/opentracing-util/0.33.0/opentracing-util-0.33.0.jar:/home/runner/.m2/repository/io/opentracing/opentracing-api/0.33.0/opentracing-api-0.33.0.jar:/home/runner/.m2/repository/io/opentracing/opentracing-noop/0.33.0/opentracing-noop-0.33.0.jar:/home/runner/.m2/repository/org/yaml/snakeyaml/2.0/snakeyaml-2.0.jar:/home/runner/.m2/repository/io/grpc/grpc-api/1.51.1/grpc-api-1.51.1.jar:/home/runner/.m2/repository/io/grpc/grpc-context/1.51.1/grpc-context-1.51.1.jar:/home/runner/.m2/repository/com/fasterxml/uuid/java-uuid-generator/4.3.0/java-uuid-generator-4.3.0.jar:/home/runner/.m2/repository/junit/junit/4.13.1/junit-4.13.1.jar:/home/runner/.m2/repository/org/hamcrest/hamcrest-core/1.3/hamcrest-core-1.3.jar:/home/runner/.m2/repository/org/junit/jupiter/junit-jupiter-api/5.8.2/junit-jupiter-api-5.8.2.jar:/home/runner/.m2/repository/org/opentest4j/opentest4j/1.2.0/opentest4j-1.2.0.jar:/home/runner/.m2/repository/org/junit/platform/junit-platform-commons/1.8.2/junit-platform-commons-1.8.2.jar:/home/runner/.m2/repository/org/apiguardian/apiguardian-api/1.1.2/apiguardian-api-1.1.2.jar:/home/runner/.m2/repository/org/junit/jupiter/junit-jupiter-params/5.8.2/junit-jupiter-params-5.8.2.jar:/home/runner/.m2/repository/org/junit/jupiter/junit-jupiter-migrationsupport/5.8.2/junit-jupiter-migrationsupport-5.8.2.jar:/home/runner/.m2/repository/org/junit/jupiter/junit-jupiter-engine/5.8.2/junit-jupiter-engine-5.8.2.jar:/home/runner/.m2/repository/org/junit/platform/junit-platform-engine/1.8.2/junit-platform-engine-1.8.2.jar:/home/runner/.m2/repository/org/junit/vintage/junit-vintage-engine/5.8.2/junit-vintage-engine-5.8.2.jar:/home/runner/.m2/repository/org/junit/platform/junit-platform-launcher/1.8.2/junit-platform-launcher-1.8.2.jar:/home/runner/.m2/repository/org/mockito/mockito-core/3.5.9/mockito-core-3.5.9.jar:/home/runner/.m2/repository/net/bytebuddy/byte-buddy/1.10.13/byte-buddy-1.10.13.jar:/home/runner/.m2/repository/net/bytebuddy/byte-buddy-agent/1.10.13/byte-buddy-agent-1.10.13.jar:/home/runner/.m2/repository/org/objenesis/objenesis/1.0/objenesis-1.0.jar:/home/runner/.m2/repository/org/apache/hadoop/hadoop-kms/3.3.6/hadoop-kms-3.3.6.jar:/home/runner/.m2/repository/org/apache/hadoop/hadoop-auth/3.3.6/hadoop-auth-3.3.6.jar:/home/runner/.m2/repository/com/nimbusds/nimbus-jose-jwt/9.8.1/nimbus-jose-jwt-9.8.1.jar:/home/runner/.m2/repository/com/github/stephenc/jcip/jcip-annotations/1.0-1/jcip-annotations-1.0-1.jar:/home/runner/.m2/repository/org/apache/zookeeper/zookeeper/3.7.2/zookeeper-3.7.2.jar:/home/runner/.m2/repository/org/apache/zookeeper/zookeeper-jute/3.7.2/zookeeper-jute-3.7.2.jar:/home/runner/.m2/repository/org/apache/yetus/audience-annotations/0.12.0/audience-annotations-0.12.0.jar:/home/runner/.m2/repository/org/apache/curator/curator-framework/4.2.0/curator-framework-4.2.0.jar:/home/runner/.m2/repository/org/apache/hadoop/thirdparty/hadoop-shaded-guava/1.1.1/hadoop-shaded-guava-1.1.1.jar:/home/runner/.m2/repository/com/sun/jersey/jersey-core/1.19/jersey-core-1.19.jar:/home/runner/.m2/repository/javax/ws/rs/jsr311-api/1.1.1/jsr311-api-1.1.1.jar:/home/runner/.m2/repository/com/sun/jersey/jersey-server/1.19/jersey-server-1.19.jar:/home/runner/.m2/repository/javax/servlet/javax.servlet-api/3.1.0/javax.servlet-api-3.1.0.jar:/home/runner/.m2/repository/org/apache/hadoop/hadoop-common/3.3.6/hadoop-common-3.3.6.jar:/home/runner/.m2/repository/org/apache/commons/commons-math3/3.1.1/commons-math3-3.1.1.jar:/home/runner/.m2/repository/commons-net/commons-net/3.9.0/commons-net-3.9.0.jar:/home/runner/.m2/repository/com/sun/jersey/jersey-servlet/1.19/jersey-servlet-1.19.jar:/home/runner/.m2/repository/com/github/pjfanning/jersey-json/1.20/jersey-json-1.20.jar:/home/runner/.m2/repository/org/codehaus/jettison/jettison/1.1/jettison-1.1.jar:/home/runner/.m2/repository/com/sun/xml/bind/jaxb-impl/2.2.3-1/jaxb-impl-2.2.3-1.jar:/home/runner/.m2/repository/com/google/re2j/re2j/1.1/re2j-1.1.jar:/home/runner/.m2/repository/com/jcraft/jsch/0.1.54/jsch-0.1.54.jar:/home/runner/.m2/repository/org/apache/curator/curator-client/4.2.0/curator-client-4.2.0.jar:/home/runner/.m2/repository/org/apache/curator/curator-recipes/5.2.0/curator-recipes-5.2.0.jar:/home/runner/.m2/repository/org/apache/kerby/kerb-core/1.0.1/kerb-core-1.0.1.jar:/home/runner/.m2/repository/org/apache/kerby/kerby-pkix/1.0.1/kerby-pkix-1.0.1.jar:/home/runner/.m2/repository/org/apache/kerby/kerby-asn1/1.0.1/kerby-asn1-1.0.1.jar:/home/runner/.m2/repository/org/apache/kerby/kerby-util/1.0.1/kerby-util-1.0.1.jar:/home/runner/.m2/repository/dnsjava/dnsjava/2.1.7/dnsjava-2.1.7.jar:/home/runner/.m2/repository/org/xerial/snappy/snappy-java/1.1.8.2/snappy-java-1.1.8.2.jar:/home/runner/.m2/repository/com/fasterxml/jackson/core/jackson-databind/2.13.4.2/jackson-databind-2.13.4.2.jar:/home/runner/.m2/repository/org/apache/hadoop/hadoop-kms/3.3.6/hadoop-kms-3.3.6-tests.jar:/home/runner/.m2/repository/org/apache/ozone/hdds-server-scm/1.4.0-SNAPSHOT/hdds-server-scm-1.4.0-SNAPSHOT-tests.jar:/home/runner/.m2/repository/org/apache/ozone/hdds-container-service/1.4.0-SNAPSHOT/hdds-container-service-1.4.0-SNAPSHOT-tests.jar:/home/runner/.m2/repository/com/github/luben/zstd-jni/1.5.2-5/zstd-jni-1.5.2-5.jar:/home/runner/.m2/repository/commons-codec/commons-codec/1.15/commons-codec-1.15.jar:/home/runner/.m2/repository/io/netty/netty-codec/4.1.100.Final/netty-codec-4.1.100.Final.jar:/home/runner/.m2/repository/io/netty/netty-handler/4.1.100.Final/netty-handler-4.1.100.Final.jar:/home/runner/.m2/repository/org/apache/ozone/hdds-hadoop-dependency-test/1.4.0-SNAPSHOT/hdds-hadoop-dependency-test-1.4.0-SNAPSHOT.jar:/home/runner/.m2/repository/org/apache/hadoop/hadoop-common/3.3.6/hadoop-common-3.3.6-tests.jar:/home/runner/.m2/repository/org/apache/hadoop/hadoop-hdfs/3.3.6/hadoop-hdfs-3.3.6-tests.jar:/home/runner/.m2/repository/org/assertj/assertj-core/3.12.2/assertj-core-3.12.2.jar:/home/runner/.m2/repository/org/apache/hadoop/hadoop-distcp/3.3.6/hadoop-distcp-3.3.6.jar:/home/runner/.m2/repository/org/apache/hadoop/hadoop-mapreduce-client-jobclient/3.3.6/hadoop-mapreduce-client-jobclient-3.3.6.jar:/home/runner/.m2/repository/org/apache/hadoop/hadoop-mapreduce-client-common/3.3.6/hadoop-mapreduce-client-common-3.3.6.jar:/home/runner/.m2/repository/org/apache/hadoop/hadoop-yarn-common/3.3.6/hadoop-yarn-common-3.3.6.jar:/home/runner/.m2/repository/org/apache/hadoop/hadoop-yarn-api/3.3.6/hadoop-yarn-api-3.3.6.jar:/home/runner/.m2/repository/com/sun/jersey/contribs/jersey-guice/1.19/jersey-guice-1.19.jar:/home/runner/.m2/repository/com/fasterxml/jackson/jaxrs/jackson-jaxrs-json-provider/2.13.4/jackson-jaxrs-json-provider-2.13.4.jar:/home/runner/.m2/repository/com/fasterxml/jackson/jaxrs/jackson-jaxrs-base/2.13.4/jackson-jaxrs-base-2.13.4.jar:/home/runner/.m2/repository/org/apache/hadoop/hadoop-yarn-client/3.3.6/hadoop-yarn-client-3.3.6.jar:/home/runner/.m2/repository/org/eclipse/jetty/websocket/websocket-client/9.4.51.v20230217/websocket-client-9.4.51.v20230217.jar:/home/runner/.m2/repository/org/eclipse/jetty/websocket/websocket-common/9.4.51.v20230217/websocket-common-9.4.51.v20230217.jar:/home/runner/.m2/repository/org/eclipse/jetty/websocket/websocket-api/9.4.51.v20230217/websocket-api-9.4.51.v20230217.jar:/home/runner/.m2/repository/org/jline/jline/3.9.0/jline-3.9.0.jar:/home/runner/.m2/repository/org/apache/hadoop/hadoop-mapreduce-client-core/3.3.6/hadoop-mapreduce-client-core-3.3.6.jar:/home/runner/.m2/repository/org/apache/avro/avro/1.7.7/avro-1.7.7.jar:/home/runner/.m2/repository/com/thoughtworks/paranamer/paranamer/2.3/paranamer-2.3.jar:/home/runner/.m2/repository/org/apache/hadoop/hadoop-annotations/3.3.6/hadoop-annotations-3.3.6.jar:/usr/lib/jvm/temurin-8-jdk-amd64/jre/../lib/tools.jar:/home/runner/.m2/repository/io/netty/netty/3.10.6.Final/netty-3.10.6.Final.jar:/home/runner/.m2/repository/org/apache/hadoop/hadoop-distcp/3.3.6/hadoop-distcp-3.3.6-tests.jar:/home/runner/.m2/repository/org/slf4j/jul-to-slf4j/1.7.36/jul-to-slf4j-1.7.36.jar:/home/runner/work/ozone/ozone/hadoop-ozone/integration-test/target/gradle-enterprise/test-listeners.jar:"/>
    <property name="sun.cpu.endian" value="little"/>
    <property name="user.home" value="/home/runner"/>
    <property name="user.language" value="en"/>
    <property name="java.specification.vendor" value="Oracle Corporation"/>
    <property name="java.home" value="/usr/lib/jvm/temurin-8-jdk-amd64/jre"/>
    <property name="java.security.krb5.conf" value="/home/runner/work/ozone/ozone/hadoop-ozone/integration-test/target/test-classes/krb5.conf"/>
    <property name="file.separator" value="/"/>
    <property name="basedir" value="/home/runner/work/ozone/ozone/hadoop-ozone/integration-test"/>
    <property name="line.separator" value="&#10;"/>
    <property name="java.vm.specification.vendor" value="Oracle Corporation"/>
    <property name="java.specification.name" value="Java Platform API Specification"/>
    <property name="skip.installnpx" value="true"/>
    <property name="java.awt.graphicsenv" value="sun.awt.X11GraphicsEnvironment"/>
    <property name="surefire.real.class.path" value="/home/runner/work/ozone/ozone/hadoop-ozone/integration-test/target/surefire/surefirebooter6383823324132544817.jar:/home/runner/.m2/repository/org/jacoco/org.jacoco.agent/0.8.5/org.jacoco.agent-0.8.5-runtime.jar"/>
    <property name="sun.boot.class.path" value="/usr/lib/jvm/temurin-8-jdk-amd64/jre/lib/resources.jar:/usr/lib/jvm/temurin-8-jdk-amd64/jre/lib/rt.jar:/usr/lib/jvm/temurin-8-jdk-amd64/jre/lib/sunrsasign.jar:/usr/lib/jvm/temurin-8-jdk-amd64/jre/lib/jsse.jar:/usr/lib/jvm/temurin-8-jdk-amd64/jre/lib/jce.jar:/usr/lib/jvm/temurin-8-jdk-amd64/jre/lib/charsets.jar:/usr/lib/jvm/temurin-8-jdk-amd64/jre/lib/jfr.jar:/usr/lib/jvm/temurin-8-jdk-amd64/jre/classes"/>
    <property name="hadoop.log.dir" value="/home/runner/work/ozone/ozone/hadoop-ozone/integration-test/target/log"/>
    <property name="sun.management.compiler" value="HotSpot 64-Bit Tiered Compilers"/>
    <property name="java.runtime.version" value="1.8.0_382-b05"/>
    <property name="skip.npx" value="true"/>
    <property name="user.name" value="runner"/>
    <property name="java.net.preferIPv4Stack" value="true"/>
    <property name="path.separator" value=":"/>
    <property name="java.security.egd" value="file:///dev/urandom"/>
    <property name="os.version" value="5.15.0-1050-azure"/>
    <property name="java.endorsed.dirs" value="/usr/lib/jvm/temurin-8-jdk-amd64/jre/lib/endorsed"/>
    <property name="java.runtime.name" value="OpenJDK Runtime Environment"/>
    <property name="com.gradle.maven.scan.extension.test.listener.junitplatform.NestedExecutionSafeDelegatingTestExecutionListener" value="4416d64f"/>
    <property name="file.encoding" value="UTF-8"/>
    <property name="java.vm.name" value="OpenJDK 64-Bit Server VM"/>
    <property name="test.build.webapps" value=""/>
    <property name="localRepository" value="/home/runner/.m2/repository"/>
    <property name="gradle.enterprise.listener.port" value="43631"/>
    <property name="jetty.git.hash" value="27bde00a0b95a1d5bbee0eae7984f891d2d0f8c9"/>
    <property name="java.vendor.url.bug" value="https://github.com/adoptium/adoptium-support/issues"/>
    <property name="require.test.libhadoop" value=""/>
    <property name="java.io.tmpdir" value="/tmp"/>
    <property name="java.version" value="1.8.0_382"/>
    <property name="user.dir" value="/home/runner/work/ozone/ozone/hadoop-ozone/integration-test"/>
    <property name="os.arch" value="amd64"/>
    <property name="test.build.classes" value="/home/runner/work/ozone/ozone/hadoop-ozone/integration-test/target/test-classes"/>
    <property name="java.vm.specification.name" value="Java Virtual Machine Specification"/>
    <property name="java.awt.printerjob" value="sun.print.PSPrinterJob"/>
    <property name="sun.os.patch.level" value="unknown"/>
    <property name="org.apache.ratis.thirdparty.io.netty.allocator.useCacheForAllThreads" value="false"/>
    <property name="hadoop.tmp.dir" value="/home/runner/work/ozone/ozone/hadoop-ozone/integration-test/target/tmp"/>
    <property name="java.library.path" value="/usr/java/packages/lib/amd64:/usr/lib64:/lib64:/lib:/usr/lib"/>
    <property name="java.vendor" value="Temurin"/>
    <property name="java.vm.info" value="mixed mode"/>
    <property name="java.vm.version" value="25.382-b05"/>
    <property name="java.specification.maintenance.version" value="5"/>
    <property name="sun.io.unicode.encoding" value="UnicodeLittle"/>
    <property name="java.ext.dirs" value="/usr/lib/jvm/temurin-8-jdk-amd64/jre/lib/ext:/usr/java/packages/lib/ext"/>
    <property name="java.class.version" value="52.0"/>
  </properties>
  <testcase name="testContainerRecoveryOverReplicationProcessing" classname="org.apache.hadoop.ozone.container.TestECContainerRecovery" time="39.339">
    <system-out><![CDATA[2023-11-06 09:26:31,917 [main] WARN  server.ServerUtils (ServerUtils.java:getScmDbDir(155)) - ozone.scm.db.dirs is not configured. We recommend adding this setting. Falling back to ozone.metadata.dirs instead.
2023-11-06 09:26:32,147 [main] INFO  reflections.Reflections (Reflections.java:scan(232)) - Reflections took 165 ms to scan 7 urls, producing 164 keys and 384 values 
2023-11-06 09:26:32,251 [main] WARN  server.ServerUtils (ServerUtils.java:getScmDbDir(155)) - ozone.scm.db.dirs is not configured. We recommend adding this setting. Falling back to ozone.metadata.dirs instead.
2023-11-06 09:26:32,255 [main] INFO  ha.SCMHANodeDetails (SCMHANodeDetails.java:loadSCMHAConfig(210)) - ServiceID for StorageContainerManager is null
2023-11-06 09:26:32,261 [main] WARN  ha.SCMHANodeDetails (SCMHANodeDetails.java:validateSCMHAConfig(183)) - Invalid config ozone.scm.ratis.enable. The config was not specified, but the default value true conflicts with the expected config value false. Falling back to the expected value. Current State of SCM: SCM is running in Non-HA without Ratis Ratis SCM -> Non Ratis SCM or Non HA SCM -> HA SCM is not supported
2023-11-06 09:26:32,262 [main] INFO  ha.SCMHANodeDetails (SCMHANodeDetails.java:loadSCMHAConfig(215)) - ozone.scm.default.service.id is not defined, falling back to ozone.scm.service.ids to find serviceID for StorageContainerManager if it is HA enabled cluster
2023-11-06 09:26:32,847 [main] WARN  utils.HAUtils (HAUtils.java:getMetaDir(339)) - ozone.scm.db.dirs is not configured. We recommend adding this setting. Falling back to ozone.metadata.dirs instead.
2023-11-06 09:26:32,998 [main] WARN  db.DBStoreBuilder (DBStoreBuilder.java:applyDBDefinition(167)) - ozone.scm.db.dirs is not configured. We recommend adding this setting. Falling back to ozone.metadata.dirs instead.
2023-11-06 09:26:33,231 [main] INFO  net.NodeSchemaLoader (NodeSchemaLoader.java:loadSchemaFromFile(129)) - Loading schema from [jar:file:/home/runner/.m2/repository/org/apache/ozone/hdds-common/1.4.0-SNAPSHOT/hdds-common-1.4.0-SNAPSHOT.jar!/network-topology-default.xml]
2023-11-06 09:26:33,234 [main] INFO  net.NodeSchemaLoader (NodeSchemaLoader.java:loadSchema(176)) - Loading network topology layer schema file
2023-11-06 09:26:33,281 [main] INFO  metrics.MetricRegistries (MetricRegistriesLoader.java:load(64)) - Loaded MetricRegistries class org.apache.ratis.metrics.impl.MetricRegistriesImpl
2023-11-06 09:26:33,295 [main] INFO  upgrade.AbstractLayoutVersionManager (AbstractLayoutVersionManager.java:init(83)) - Initializing Layout version manager with metadata layout = HADOOP_PRC_PORTS_IN_DATANODEDETAILS (version = 7), software layout = HADOOP_PRC_PORTS_IN_DATANODEDETAILS (version = 7)
2023-11-06 09:26:33,478 [main] INFO  ha.SequenceIdGenerator (SequenceIdGenerator.java:upgradeToSequenceId(370)) - upgrade localId to 111677748019200000
2023-11-06 09:26:33,481 [main] INFO  ha.SequenceIdGenerator (SequenceIdGenerator.java:upgradeToSequenceId(380)) - upgrade delTxnId to 0
2023-11-06 09:26:33,489 [main] INFO  ha.SequenceIdGenerator (SequenceIdGenerator.java:upgradeToSequenceId(397)) - upgrade containerId to 0
2023-11-06 09:26:33,493 [main] INFO  ha.SequenceIdGenerator (SequenceIdGenerator.java:upgradeToCertificateSequenceId(444)) - upgrade CertificateId to 2
2023-11-06 09:26:33,497 [main] INFO  ha.SequenceIdGenerator (SequenceIdGenerator.java:<init>(241)) - Init the HA SequenceIdGenerator.
2023-11-06 09:26:33,558 [main] WARN  server.ServerUtils (ServerUtils.java:sanitizeUserArgs(74)) - ozone.scm.stale.node.interval value = 1000 is smaller than min = 3000 based on the key value of hdds.heartbeat.interval, reset to the min value 3000.
2023-11-06 09:26:33,559 [main] WARN  server.ServerUtils (ServerUtils.java:sanitizeUserArgs(74)) - ozone.scm.stale.node.interval value = 1000 is smaller than min = 3000 based on the key value of hdds.heartbeat.interval, reset to the min value 3000.
2023-11-06 09:26:33,560 [main] WARN  server.ServerUtils (ServerUtils.java:sanitizeUserArgs(74)) - ozone.scm.dead.node.interval value = 1000 is smaller than min = 6000 based on the key value of ozone.scm.stale.node.interval, reset to the min value 6000.
2023-11-06 09:26:33,567 [main] INFO  node.SCMNodeManager (SCMNodeManager.java:<init>(157)) - Entering startup safe mode.
2023-11-06 09:26:33,586 [main] INFO  algorithms.ContainerPlacementPolicyFactory (ContainerPlacementPolicyFactory.java:getPolicyInternal(86)) - Create container placement policy of type org.apache.hadoop.hdds.scm.container.placement.algorithms.SCMContainerPlacementRackAware
2023-11-06 09:26:33,591 [main] INFO  algorithms.ContainerPlacementPolicyFactory (ContainerPlacementPolicyFactory.java:getPolicyInternal(86)) - Create container placement policy of type org.apache.hadoop.hdds.scm.container.placement.algorithms.SCMContainerPlacementRackScatter
2023-11-06 09:26:33,600 [main] INFO  pipeline.PipelineStateManagerImpl (PipelineStateManagerImpl.java:initialize(78)) - No pipeline exists in current db
2023-11-06 09:26:33,615 [main] INFO  algorithms.LeaderChoosePolicyFactory (LeaderChoosePolicyFactory.java:getPolicy(57)) - Create leader choose policy of type org.apache.hadoop.hdds.scm.pipeline.leader.choose.algorithms.MinLeaderCountChoosePolicy
2023-11-06 09:26:33,615 [main] INFO  algorithms.ContainerPlacementPolicyFactory (ContainerPlacementPolicyFactory.java:getPolicyInternal(86)) - Create container placement policy of type org.apache.hadoop.hdds.scm.container.placement.algorithms.SCMContainerPlacementRackScatter
2023-11-06 09:26:33,622 [main] INFO  ha.SCMServiceManager (SCMServiceManager.java:register(42)) - Registering service BackgroundPipelineCreator.
2023-11-06 09:26:33,624 [main] INFO  pipeline.BackgroundPipelineCreator (BackgroundPipelineCreator.java:start(127)) - Starting RatisPipelineUtilsThread.
2023-11-06 09:26:33,627 [main] INFO  BackgroundPipelineScrubber (BackgroundSCMService.java:start(68)) - Starting BackgroundPipelineScrubber Service.
2023-11-06 09:26:33,628 [main] INFO  ha.SCMServiceManager (SCMServiceManager.java:register(42)) - Registering service BackgroundPipelineScrubber.
2023-11-06 09:26:33,635 [main] INFO  ExpiredContainerReplicaOpScrubber (BackgroundSCMService.java:start(68)) - Starting ExpiredContainerReplicaOpScrubber Service.
2023-11-06 09:26:33,635 [main] INFO  ha.SCMServiceManager (SCMServiceManager.java:register(42)) - Registering service ExpiredContainerReplicaOpScrubber.
2023-11-06 09:26:33,657 [main] INFO  algorithms.PipelineChoosePolicyFactory (PipelineChoosePolicyFactory.java:createPipelineChoosePolicyFromClass(78)) - Create pipeline choose policy of type org.apache.hadoop.hdds.scm.pipeline.choose.algorithms.RandomPipelineChoosePolicy
2023-11-06 09:26:33,657 [main] INFO  algorithms.PipelineChoosePolicyFactory (PipelineChoosePolicyFactory.java:createPipelineChoosePolicyFromClass(78)) - Create pipeline choose policy of type org.apache.hadoop.hdds.scm.pipeline.choose.algorithms.RandomPipelineChoosePolicy
2023-11-06 09:26:33,674 [main] INFO  ha.SCMServiceManager (SCMServiceManager.java:register(42)) - Registering service SCMBlockDeletingService.
2023-11-06 09:26:33,735 [main] INFO  replication.ReplicationManager (ReplicationManager.java:start(291)) - Starting Replication Monitor Thread.
2023-11-06 09:26:33,737 [main] INFO  ha.SCMServiceManager (SCMServiceManager.java:register(42)) - Registering service ReplicationManager.
2023-11-06 09:26:33,739 [ReplicationMonitor] INFO  replication.ReplicationManager (ReplicationManager.java:processAll(366)) - Replication Manager is not ready to run until 3000ms after safemode exit
2023-11-06 09:26:33,748 [main] INFO  safemode.ContainerSafeModeRule (ContainerSafeModeRule.java:<init>(90)) - containers with one replica threshold count 0
2023-11-06 09:26:33,751 [main] INFO  safemode.HealthyPipelineSafeModeRule (HealthyPipelineSafeModeRule.java:initializeRule(169)) - Total pipeline count is 0, healthy pipeline threshold count is 1
2023-11-06 09:26:33,754 [main] INFO  safemode.OneReplicaPipelineSafeModeRule (OneReplicaPipelineSafeModeRule.java:initializeRule(180)) - Total pipeline count is 0, pipeline's with at least one datanode reported threshold count is 0
2023-11-06 09:26:33,795 [main] INFO  server.StorageContainerManager (StorageContainerManager.java:<init>(427)) - SCM start with adminUsers: [runner]
2023-11-06 09:26:34,160 [main] INFO  audit.AuditLogger (AuditLogger.java:refreshDebugCmdSet(126)) - Refresh DebugCmdSet for SCMAudit to [].
2023-11-06 09:26:34,193 [main] INFO  ipc.CallQueueManager (CallQueueManager.java:<init>(90)) - Using callQueue: class java.util.concurrent.LinkedBlockingQueue, queueCapacity: 2000, scheduler: class org.apache.hadoop.ipc.DefaultRpcScheduler, ipcBackoff: false.
2023-11-06 09:26:34,228 [main] INFO  ipc.Server (Server.java:<init>(1287)) - Listener at 0.0.0.0:15002
2023-11-06 09:26:34,232 [Socket Reader #1 for port 15002] INFO  ipc.Server (Server.java:run(1323)) - Starting Socket Reader #1 for port 15002
2023-11-06 09:26:34,290 [main] INFO  audit.AuditLogger (AuditLogger.java:refreshDebugCmdSet(126)) - Refresh DebugCmdSet for SCMAudit to [].
2023-11-06 09:26:34,296 [main] INFO  ipc.CallQueueManager (CallQueueManager.java:<init>(90)) - Using callQueue: class java.util.concurrent.LinkedBlockingQueue, queueCapacity: 2000, scheduler: class org.apache.hadoop.ipc.DefaultRpcScheduler, ipcBackoff: false.
2023-11-06 09:26:34,296 [main] INFO  ipc.Server (Server.java:<init>(1287)) - Listener at 0.0.0.0:15001
2023-11-06 09:26:34,297 [Socket Reader #1 for port 15001] INFO  ipc.Server (Server.java:run(1323)) - Starting Socket Reader #1 for port 15001
2023-11-06 09:26:34,338 [main] INFO  audit.AuditLogger (AuditLogger.java:refreshDebugCmdSet(126)) - Refresh DebugCmdSet for SCMAudit to [].
2023-11-06 09:26:34,356 [main] INFO  ipc.CallQueueManager (CallQueueManager.java:<init>(90)) - Using callQueue: class java.util.concurrent.LinkedBlockingQueue, queueCapacity: 2000, scheduler: class org.apache.hadoop.ipc.DefaultRpcScheduler, ipcBackoff: false.
2023-11-06 09:26:34,356 [main] INFO  ipc.Server (Server.java:<init>(1287)) - Listener at 0.0.0.0:15000
2023-11-06 09:26:34,357 [Socket Reader #1 for port 15000] INFO  ipc.Server (Server.java:run(1323)) - Starting Socket Reader #1 for port 15000
2023-11-06 09:26:34,401 [main] INFO  ha.SCMServiceManager (SCMServiceManager.java:register(42)) - Registering service ContainerBalancer.
2023-11-06 09:26:34,402 [main] INFO  server.StorageContainerManager (StorageContainerManager.java:<init>(440)) - 
Container Balancer status:
Key                            Value
Running                        false
Container Balancer Configuration values:
Key                                                Value
Threshold                                          10
Max Datanodes to Involve per Iteration(percent)    20
Max Size to Move per Iteration                     500GB
Max Size Entering Target per Iteration             26GB
Max Size Leaving Source per Iteration              26GB
Number of Iterations                               10
Time Limit for Single Container's Movement         65min
Time Limit for Single Container's Replication      50min
Interval between each Iteration                    70min
Whether to Enable Network Topology                 false
Whether to Trigger Refresh Datanode Usage Info     false
Container IDs to Exclude from Balancing            None
Datanodes Specified to be Balanced                 None
Datanodes Excluded from Balancing                  None

2023-11-06 09:26:34,402 [main] INFO  ha.SCMContext (SCMContext.java:updateSafeModeStatus(230)) - Update SafeModeStatus from SafeModeStatus{safeModeStatus=true, preCheckPassed=false} to SafeModeStatus{safeModeStatus=true, preCheckPassed=false}.
2023-11-06 09:26:34,405 [main] INFO  server.StorageContainerManager (StorageContainerManager.java:start(1494)) - StorageContainerLocationProtocol RPC server is listening at /0.0.0.0:15000
2023-11-06 09:26:34,467 [main] WARN  impl.MetricsConfig (MetricsConfig.java:loadFirst(136)) - Cannot locate configuration: tried hadoop-metrics2-storagecontainermanager.properties,hadoop-metrics2.properties
2023-11-06 09:26:34,478 [main] INFO  impl.MetricsSystemImpl (MetricsSystemImpl.java:startTimer(378)) - Scheduled Metric snapshot period at 10 second(s).
2023-11-06 09:26:34,478 [main] INFO  impl.MetricsSystemImpl (MetricsSystemImpl.java:start(191)) - StorageContainerManager metrics system started
2023-11-06 09:26:34,771 [main] INFO  server.SCMClientProtocolServer (SCMClientProtocolServer.java:start(201)) - RPC server for Client  is listening at /0.0.0.0:15000
2023-11-06 09:26:34,773 [IPC Server Responder] INFO  ipc.Server (Server.java:run(1562)) - IPC Server Responder: starting
2023-11-06 09:26:34,777 [IPC Server listener on 15000] INFO  ipc.Server (Server.java:run(1402)) - IPC Server listener on 15000: starting
2023-11-06 09:26:34,797 [main] INFO  server.StorageContainerManager (StorageContainerManager.java:start(1507)) - ScmBlockLocationProtocol RPC server is listening at /0.0.0.0:15001
2023-11-06 09:26:34,798 [main] INFO  server.SCMBlockProtocolServer (SCMBlockProtocolServer.java:start(154)) - RPC server for Block Protocol is listening at /0.0.0.0:15001
2023-11-06 09:26:34,799 [IPC Server Responder] INFO  ipc.Server (Server.java:run(1562)) - IPC Server Responder: starting
2023-11-06 09:26:34,799 [IPC Server listener on 15001] INFO  ipc.Server (Server.java:run(1402)) - IPC Server listener on 15001: starting
2023-11-06 09:26:34,807 [main] INFO  server.SCMDatanodeProtocolServer (SCMDatanodeProtocolServer.java:start(193)) - ScmDatanodeProtocol RPC server for DataNodes is listening at /0.0.0.0:15002
2023-11-06 09:26:34,808 [IPC Server Responder] INFO  ipc.Server (Server.java:run(1562)) - IPC Server Responder: starting
2023-11-06 09:26:34,809 [IPC Server listener on 15002] INFO  ipc.Server (Server.java:run(1402)) - IPC Server listener on 15002: starting
2023-11-06 09:26:34,829 [JvmPauseMonitor0] INFO  util.JvmPauseMonitor (JvmPauseMonitor.java:run(103)) - JvmPauseMonitor-1e50ab03-626f-4779-b962-83b5b6fbd211: Started
2023-11-06 09:26:34,837 [main] INFO  http.BaseHttpServer (BaseHttpServer.java:newHttpServer2BuilderForOzone(223)) - Starting Web-server for scm at: http://0.0.0.0:15003
2023-11-06 09:26:34,838 [main] INFO  http.BaseHttpServer (BaseHttpServer.java:<init>(110)) - Hadoop Security Enabled: false Ozone Security Enabled: false Ozone HTTP Security Enabled: false 
2023-11-06 09:26:34,864 [main] INFO  util.log (Log.java:initialized(170)) - Logging initialized @4426ms to org.eclipse.jetty.util.log.Slf4jLog
2023-11-06 09:26:34,960 [main] WARN  server.AuthenticationFilter (AuthenticationFilter.java:constructSecretProvider(240)) - Unable to initialize FileSignerSecretProvider, falling back to use random secrets. Reason: Could not read signature secret file: /home/runner/hadoop-http-auth-signature-secret
2023-11-06 09:26:34,967 [main] INFO  http.HttpRequestLog (HttpRequestLog.java:getRequestLog(86)) - Http request log for http.requests.scm is not defined
2023-11-06 09:26:34,974 [main] INFO  http.HttpServer2 (HttpServer2.java:addGlobalFilter(1031)) - Added global filter 'safety' (class=org.apache.hadoop.hdds.server.http.HttpServer2$QuotingInputFilter)
2023-11-06 09:26:34,978 [main] INFO  http.HttpServer2 (HttpServer2.java:addFilter(1007)) - Added filter static_user_filter (class=org.apache.hadoop.http.lib.StaticUserWebFilter$StaticUserFilter) to context scm
2023-11-06 09:26:34,979 [main] INFO  http.HttpServer2 (HttpServer2.java:addFilter(1015)) - Added filter static_user_filter (class=org.apache.hadoop.http.lib.StaticUserWebFilter$StaticUserFilter) to context logs
2023-11-06 09:26:34,979 [main] INFO  http.HttpServer2 (HttpServer2.java:addFilter(1015)) - Added filter static_user_filter (class=org.apache.hadoop.http.lib.StaticUserWebFilter$StaticUserFilter) to context static
2023-11-06 09:26:35,018 [main] INFO  http.BaseHttpServer (BaseHttpServer.java:<init>(189)) - HTTP server of scm uses base directory /home/runner/work/ozone/ozone/hadoop-ozone/integration-test/target/test-dir/MiniOzoneClusterImpl-938474ea-96d6-4bd3-a45f-678920fb0bb2/ozone-meta/webserver
2023-11-06 09:26:35,019 [main] INFO  http.HttpServer2 (HttpServer2.java:bindListener(1231)) - Jetty bound to port 15003
2023-11-06 09:26:35,021 [main] INFO  server.Server (Server.java:doStart(375)) - jetty-9.4.53.v20231009; built: 2023-10-09T12:29:09.265Z; git: 27bde00a0b95a1d5bbee0eae7984f891d2d0f8c9; jvm 1.8.0_382-b05
2023-11-06 09:26:35,051 [main] INFO  server.session (DefaultSessionIdManager.java:doStart(334)) - DefaultSessionIdManager workerName=node0
2023-11-06 09:26:35,052 [main] INFO  server.session (DefaultSessionIdManager.java:doStart(339)) - No SessionScavenger set, using defaults
2023-11-06 09:26:35,054 [main] INFO  server.session (HouseKeeper.java:startScavenging(132)) - node0 Scavenging every 600000ms
2023-11-06 09:26:35,066 [main] INFO  handler.ContextHandler (ContextHandler.java:doStart(921)) - Started o.e.j.s.ServletContextHandler@441c2d2a{logs,/logs,file:///home/runner/work/ozone/ozone/hadoop-ozone/integration-test/target/log,AVAILABLE}
2023-11-06 09:26:35,068 [main] INFO  handler.ContextHandler (ContextHandler.java:doStart(921)) - Started o.e.j.s.ServletContextHandler@51d50b5f{static,/static,file:///home/runner/work/ozone/ozone/hadoop-ozone/integration-test/target/test-classes/webapps/static,AVAILABLE}
2023-11-06 09:26:35,122 [main] INFO  handler.ContextHandler (ContextHandler.java:doStart(921)) - Started o.e.j.w.WebAppContext@7473cfe2{scm,/,file:///home/runner/work/ozone/ozone/hadoop-ozone/integration-test/target/test-classes/webapps/scm/,AVAILABLE}{file:/home/runner/work/ozone/ozone/hadoop-ozone/integration-test/target/test-classes/webapps/scm}
2023-11-06 09:26:35,132 [main] INFO  server.AbstractConnector (AbstractConnector.java:doStart(333)) - Started ServerConnector@17796f47{HTTP/1.1, (http/1.1)}{0.0.0.0:15003}
2023-11-06 09:26:35,133 [main] INFO  server.Server (Server.java:doStart(415)) - Started @4694ms
2023-11-06 09:26:35,136 [main] INFO  impl.MetricsSinkAdapter (MetricsSinkAdapter.java:start(204)) - Sink prometheus started
2023-11-06 09:26:35,136 [main] INFO  impl.MetricsSystemImpl (MetricsSystemImpl.java:registerSink(305)) - Registered sink prometheus
2023-11-06 09:26:35,139 [main] INFO  http.BaseHttpServer (BaseHttpServer.java:updateConnectorAddress(354)) - HTTP server of scm listening at http://0.0.0.0:15003
2023-11-06 09:26:35,143 [main] WARN  server.ServerUtils (ServerUtils.java:getDBPath(311)) - ozone.om.db.dirs is not configured. We recommend adding this setting. Falling back to ozone.metadata.dirs instead.
2023-11-06 09:26:35,220 [main] INFO  audit.AuditLogger (AuditLogger.java:refreshDebugCmdSet(126)) - Refresh DebugCmdSet for OMAudit to [].
2023-11-06 09:26:35,305 [main] INFO  ha.OMHANodeDetails (OMHANodeDetails.java:loadOMHAConfig(115)) - ozone.om.internal.service.id is not defined, falling back to ozone.om.service.ids to find serviceID for OzoneManager if it is HA enabled cluster
2023-11-06 09:26:35,310 [main] INFO  ha.OMHANodeDetails (OMHANodeDetails.java:loadOMHAConfig(226)) - Configuration does not have ozone.om.address set. Falling back to the default OM address /127.0.0.1:15004
2023-11-06 09:26:35,310 [main] INFO  ha.OMHANodeDetails (OMHANodeDetails.java:getOMNodeDetailsForNonHA(254)) - OM Service ID is not set. Setting it to the default ID: omServiceIdDefault
2023-11-06 09:26:35,312 [main] INFO  ha.OMHANodeDetails (OMHANodeDetails.java:getOMNodeDetailsForNonHA(261)) - OM Node ID is not set. Setting it to the default ID: om1
2023-11-06 09:26:35,316 [main] WARN  server.ServerUtils (ServerUtils.java:getDBPath(311)) - ozone.om.db.dirs is not configured. We recommend adding this setting. Falling back to ozone.metadata.dirs instead.
2023-11-06 09:26:35,321 [main] INFO  upgrade.AbstractLayoutVersionManager (AbstractLayoutVersionManager.java:init(83)) - Initializing Layout version manager with metadata layout = QUOTA (version = 6), software layout = QUOTA (version = 6)
2023-11-06 09:26:35,392 [main] INFO  reflections.Reflections (Reflections.java:scan(232)) - Reflections took 67 ms to scan 2 urls, producing 190 keys and 532 values [using 2 cores]
2023-11-06 09:26:35,402 [main] INFO  upgrade.OMLayoutVersionManager (OMLayoutVersionManager.java:lambda$0(115)) - Skipping Upgrade Action MockOmUpgradeAction since it has been finalized.
2023-11-06 09:26:35,404 [main] INFO  upgrade.OMLayoutVersionManager (OMLayoutVersionManager.java:lambda$0(115)) - Skipping Upgrade Action QuotaRepairUpgradeAction since it has been finalized.
2023-11-06 09:26:35,407 [main] WARN  server.ServerUtils (ServerUtils.java:getDBPath(311)) - ozone.om.db.dirs is not configured. We recommend adding this setting. Falling back to ozone.metadata.dirs instead.
2023-11-06 09:26:35,563 [main] INFO  proxy.SCMBlockLocationFailoverProxyProvider (SCMBlockLocationFailoverProxyProvider.java:<init>(114)) - Created block location fail-over proxy with 1 nodes: [nodeId=scmNodeId,nodeAddress=/0.0.0.0:15001]
2023-11-06 09:26:35,598 [main] INFO  proxy.SCMBlockLocationFailoverProxyProvider (SCMBlockLocationFailoverProxyProvider.java:<init>(114)) - Created block location fail-over proxy with 1 nodes: [nodeId=scmNodeId,nodeAddress=/0.0.0.0:15001]
2023-11-06 09:26:35,834 [main] INFO  om.OzoneManager (OzoneManager.java:<init>(673)) - OM start with adminUsers: [runner]
2023-11-06 09:26:35,850 [main] WARN  server.ServerUtils (ServerUtils.java:getDBPath(311)) - ozone.om.db.dirs is not configured. We recommend adding this setting. Falling back to ozone.metadata.dirs instead.
2023-11-06 09:26:35,877 [main] INFO  helpers.OmKeyInfo (OmKeyInfo.java:getCodec(71)) - OmKeyInfo.getCodec ignorePipeline = true
2023-11-06 09:26:36,160 [main] INFO  om.OzoneManager (OzoneManager.java:instantiateServices(807)) - S3 Multi-Tenancy is disabled
2023-11-06 09:26:36,192 [main] INFO  om.OmSnapshotManager (OmSnapshotManager.java:<init>(176)) - Ozone filesystem snapshot feature is enabled.
2023-11-06 09:26:36,200 [main] WARN  server.ServerUtils (ServerUtils.java:getDBPath(311)) - ozone.om.snapshot.diff.db.dir is not configured. We recommend adding this setting. Falling back to ozone.metadata.dirs instead.
2023-11-06 09:26:36,245 [main] INFO  utils.NativeLibraryLoader (NativeLibraryLoader.java:loadLibrary(108)) - Loading Library: ozone_rocksdb_tools
2023-11-06 09:26:36,246 [main] INFO  snapshot.SnapshotDiffManager (SnapshotDiffManager.java:closeExecutorService(1702)) - Shutting down executorService: 'SstDumpToolExecutor'
2023-11-06 09:26:36,327 [main] INFO  om.OzoneManager (OzoneManager.java:addS3GVolumeToDB(4415)) - Created Volume s3v With Owner runner required for S3Gateway operations.
2023-11-06 09:26:36,391 [main] WARN  server.ServerUtils (ServerUtils.java:getDefaultRatisDirectory(323)) - Storage directory for Ratis is not configured. It is a good idea to map this to an SSD disk. Falling back to ozone.metadata.dirs
2023-11-06 09:26:36,392 [main] WARN  utils.OzoneManagerRatisUtils (OzoneManagerRatisUtils.java:getOMRatisSnapshotDirectory(473)) - ozone.om.ratis.snapshot.dir is not configured. Falling back to ozone.metadata.dirs config
2023-11-06 09:26:36,407 [main] WARN  server.ServerUtils (ServerUtils.java:getDefaultRatisDirectory(323)) - Storage directory for Ratis is not configured. It is a good idea to map this to an SSD disk. Falling back to ozone.metadata.dirs
2023-11-06 09:26:36,431 [main] INFO  ratis.OzoneManagerRatisServer (OzoneManagerRatisServer.java:<init>(167)) - Instantiating OM Ratis server with groupID: omServiceIdDefault and peers: localhost:15007
2023-11-06 09:26:36,440 [main] INFO  ratis.OzoneManagerStateMachine (OzoneManagerStateMachine.java:loadSnapshotInfoFromDB(697)) - LastAppliedIndex is set from TransactionInfo from OM DB as (t:0, i:~)
2023-11-06 09:26:36,508 [main] INFO  server.RaftServer (ConfUtils.java:logGet(46)) - raft.rpc.type = GRPC (default)
2023-11-06 09:26:36,517 [main] INFO  grpc.GrpcConfigKeys (ConfUtils.java:logFallback(53)) - raft.grpc.admin.host = null (fallback to raft.grpc.server.host)
2023-11-06 09:26:36,519 [main] INFO  grpc.GrpcConfigKeys (ConfUtils.java:logFallback(53)) - raft.grpc.admin.port = 15007 (fallback to raft.grpc.server.port)
2023-11-06 09:26:36,520 [main] INFO  grpc.GrpcConfigKeys (ConfUtils.java:logFallback(53)) - raft.grpc.client.host = null (fallback to raft.grpc.server.host)
2023-11-06 09:26:36,521 [main] INFO  grpc.GrpcConfigKeys (ConfUtils.java:logFallback(53)) - raft.grpc.client.port = 15007 (fallback to raft.grpc.server.port)
2023-11-06 09:26:36,521 [main] INFO  grpc.GrpcConfigKeys (ConfUtils.java:logGet(46)) - raft.grpc.server.host = null (default)
2023-11-06 09:26:36,522 [main] INFO  grpc.GrpcConfigKeys (ConfUtils.java:logGet(46)) - raft.grpc.server.port = 15007 (custom)
2023-11-06 09:26:36,523 [main] INFO  server.GrpcService (ConfUtils.java:logGet(46)) - raft.grpc.message.size.max = 33554432 (custom)
2023-11-06 09:26:36,524 [main] INFO  server.RaftServerConfigKeys (ConfUtils.java:logGet(46)) - raft.server.log.appender.buffer.byte-limit = 33554432 (custom)
2023-11-06 09:26:36,525 [main] INFO  server.GrpcService (ConfUtils.java:logGet(46)) - raft.grpc.flow.control.window = 1MB (=1048576) (default)
2023-11-06 09:26:36,526 [main] INFO  server.RaftServerConfigKeys (ConfUtils.java:logGet(46)) - raft.server.rpc.request.timeout = 3000ms (default)
2023-11-06 09:26:36,537 [main] INFO  grpc.GrpcConfigKeys (ConfUtils.java:logGet(46)) - raft.grpc.server.heartbeat.channel = true (default)
2023-11-06 09:26:36,540 [main] INFO  grpc.GrpcConfigKeys (ConfUtils.java:logGet(46)) - raft.grpc.server.async.request.thread.pool.cached = true (default)
2023-11-06 09:26:36,541 [main] INFO  grpc.GrpcConfigKeys (ConfUtils.java:logGet(46)) - raft.grpc.server.async.request.thread.pool.size = 32 (default)
2023-11-06 09:26:36,889 [main] INFO  impl.DataStreamServerImpl (ConfUtils.java:logGet(46)) - raft.datastream.type = DISABLED (default)
2023-11-06 09:26:36,896 [main] INFO  server.RaftServerConfigKeys (ConfUtils.java:logGet(46)) - raft.server.threadpool.proxy.cached = true (default)
2023-11-06 09:26:36,897 [main] INFO  server.RaftServerConfigKeys (ConfUtils.java:logGet(46)) - raft.server.threadpool.proxy.size = 0 (default)
2023-11-06 09:26:36,897 [main] INFO  server.RaftServerConfigKeys (ConfUtils.java:logGet(46)) - raft.server.rpc.slowness.timeout = 120s (custom)
2023-11-06 09:26:36,898 [main] INFO  server.RaftServerConfigKeys (ConfUtils.java:logGet(46)) - raft.server.leaderelection.leader.step-down.wait-time = 10s (default)
2023-11-06 09:26:36,900 [main] INFO  server.RaftServerConfigKeys (ConfUtils.java:logGet(46)) - raft.server.storage.dir = [/home/runner/work/ozone/ozone/hadoop-ozone/integration-test/target/test-dir/MiniOzoneClusterImpl-938474ea-96d6-4bd3-a45f-678920fb0bb2/ozone-meta/ratis] (custom)
2023-11-06 09:26:36,908 [main] INFO  server.RaftServer (RaftServerProxy.java:addNew(98)) - om1: addNew group-C5BA1605619E:[om1|rpc:localhost:15007|priority:0|startupRole:FOLLOWER] returns group-C5BA1605619E:java.util.concurrent.CompletableFuture@160f8bfb[Not completed]
2023-11-06 09:26:36,908 [main] INFO  om.OzoneManager (OzoneManager.java:initializeRatisServer(2155)) - OzoneManager Ratis server initialized at port 15007
2023-11-06 09:26:36,912 [main] INFO  om.OzoneManager (OzoneManager.java:getRpcServer(1209)) - Creating RPC Server
2023-11-06 09:26:36,932 [om1-groupManagement] INFO  server.RaftServer$Division (RaftServerImpl.java:<init>(198)) - om1: new RaftServerImpl for group-C5BA1605619E:[om1|rpc:localhost:15007|priority:0|startupRole:FOLLOWER] with OzoneManagerStateMachine:uninitialized
2023-11-06 09:26:36,933 [om1-groupManagement] INFO  server.RaftServerConfigKeys (ConfUtils.java:logGet(46)) - raft.server.rpc.timeout.min = 1s (custom)
2023-11-06 09:26:36,938 [om1-groupManagement] INFO  server.RaftServerConfigKeys (ConfUtils.java:logGet(46)) - raft.server.rpc.timeout.max = 1200ms (custom)
2023-11-06 09:26:36,938 [om1-groupManagement] INFO  server.RaftServerConfigKeys (ConfUtils.java:logGet(46)) - raft.server.rpc.sleep.time = 25ms (default)
2023-11-06 09:26:36,939 [om1-groupManagement] INFO  server.RaftServerConfigKeys (ConfUtils.java:logGet(46)) - raft.server.rpc.slowness.timeout = 120s (custom)
2023-11-06 09:26:36,939 [om1-groupManagement] INFO  server.RaftServerConfigKeys (ConfUtils.java:logGet(46)) - raft.server.leaderelection.leader.step-down.wait-time = 10s (default)
2023-11-06 09:26:36,940 [om1-groupManagement] INFO  server.RaftServerConfigKeys (ConfUtils.java:logGet(46)) - raft.server.sleep.deviation.threshold = 300ms (default)
2023-11-06 09:26:36,955 [om1-groupManagement] INFO  server.RaftServer$Division (ServerState.java:<init>(120)) - om1@group-C5BA1605619E: ConfigurationManager, init=-1: peers:[om1|rpc:localhost:15007|priority:0|startupRole:FOLLOWER]|listeners:[], old=null, confs=<EMPTY_MAP>
2023-11-06 09:26:36,956 [om1-groupManagement] INFO  server.RaftServerConfigKeys (ConfUtils.java:logGet(46)) - raft.server.storage.dir = [/home/runner/work/ozone/ozone/hadoop-ozone/integration-test/target/test-dir/MiniOzoneClusterImpl-938474ea-96d6-4bd3-a45f-678920fb0bb2/ozone-meta/ratis] (custom)
2023-11-06 09:26:36,967 [om1-groupManagement] INFO  server.RaftServerConfigKeys (ConfUtils.java:logGet(46)) - raft.server.log.corruption.policy = EXCEPTION (default)
2023-11-06 09:26:36,968 [om1-groupManagement] INFO  server.RaftServerConfigKeys (ConfUtils.java:logGet(46)) - raft.server.storage.free-space.min = 0MB (=0) (default)
2023-11-06 09:26:36,989 [om1-groupManagement] INFO  server.RaftServerConfigKeys (ConfUtils.java:logGet(46)) - raft.server.notification.no-leader.timeout = 120s (custom)
2023-11-06 09:26:36,996 [om1-groupManagement] INFO  server.RaftServerConfigKeys (ConfUtils.java:logGet(46)) - raft.server.read.timeout = 10s (default)
2023-11-06 09:26:37,000 [om1-groupManagement] INFO  server.RaftServerConfigKeys (ConfUtils.java:logGet(46)) - raft.server.retrycache.expirytime = 300s (custom)
2023-11-06 09:26:37,000 [om1-groupManagement] INFO  server.RaftServerConfigKeys (ConfUtils.java:logGet(46)) - raft.server.retrycache.statistics.expirytime = 100μs (default)
2023-11-06 09:26:37,079 [om1-groupManagement] INFO  server.RaftServerConfigKeys (ConfUtils.java:logGet(46)) - raft.server.read.option = DEFAULT (default)
2023-11-06 09:26:37,146 [om1-groupManagement] INFO  server.RaftServerConfigKeys (ConfUtils.java:logGet(46)) - raft.server.rpc.request.timeout = 3000ms (default)
2023-11-06 09:26:37,154 [om1-groupManagement] INFO  server.RaftServerConfigKeys (ConfUtils.java:logGet(46)) - raft.server.log.appender.install.snapshot.enabled = false (custom)
2023-11-06 09:26:37,154 [om1-groupManagement] INFO  server.RaftServerConfigKeys (ConfUtils.java:logGet(46)) - raft.server.threadpool.server.cached = true (default)
2023-11-06 09:26:37,155 [om1-groupManagement] INFO  server.RaftServerConfigKeys (ConfUtils.java:logGet(46)) - raft.server.threadpool.server.size = 0 (default)
2023-11-06 09:26:37,159 [om1-groupManagement] INFO  server.RaftServerConfigKeys (ConfUtils.java:logGet(46)) - raft.server.threadpool.client.cached = true (default)
2023-11-06 09:26:37,160 [om1-groupManagement] INFO  server.RaftServerConfigKeys (ConfUtils.java:logGet(46)) - raft.server.threadpool.client.size = 0 (default)
2023-11-06 09:26:37,738 [main] INFO  reflections.Reflections (Reflections.java:scan(232)) - Reflections took 744 ms to scan 20 urls, producing 72 keys and 6066 values [using 2 cores]
2023-11-06 09:26:37,913 [main] INFO  ipc.CallQueueManager (CallQueueManager.java:<init>(90)) - Using callQueue: class java.util.concurrent.LinkedBlockingQueue, queueCapacity: 2000, scheduler: class org.apache.hadoop.ipc.DefaultRpcScheduler, ipcBackoff: false.
2023-11-06 09:26:37,914 [main] INFO  ipc.Server (Server.java:<init>(1287)) - Listener at 127.0.0.1:15004
2023-11-06 09:26:37,915 [Socket Reader #1 for port 15004] INFO  ipc.Server (Server.java:run(1323)) - Starting Socket Reader #1 for port 15004
2023-11-06 09:26:37,950 [main] INFO  impl.MetricsSystemImpl (MetricsSystemImpl.java:init(158)) - OzoneManager metrics system started (again)
2023-11-06 09:26:37,963 [main] INFO  om.OzoneManager (OzoneManager.java:start(1643)) - OzoneManager RPC server is listening at localhost/127.0.0.1:15004
2023-11-06 09:26:37,964 [main] INFO  ratis.OzoneManagerRatisServer (OzoneManagerRatisServer.java:start(583)) - Starting OzoneManagerRatisServer om1 at port 15007
2023-11-06 09:26:37,967 [om1-impl-thread1] INFO  storage.RaftStorageDirectory (RaftStorageDirectoryImpl.java:analyzeStorage(137)) - The storage directory /home/runner/work/ozone/ozone/hadoop-ozone/integration-test/target/test-dir/MiniOzoneClusterImpl-938474ea-96d6-4bd3-a45f-678920fb0bb2/ozone-meta/ratis/bf265839-605b-3f16-9796-c5ba1605619e does not exist. Creating ...
2023-11-06 09:26:37,972 [om1-impl-thread1] INFO  storage.RaftStorageDirectory (RaftStorageDirectoryImpl.java:tryLock(231)) - Lock on /home/runner/work/ozone/ozone/hadoop-ozone/integration-test/target/test-dir/MiniOzoneClusterImpl-938474ea-96d6-4bd3-a45f-678920fb0bb2/ozone-meta/ratis/bf265839-605b-3f16-9796-c5ba1605619e/in_use.lock acquired by nodename 20533@fv-az241-347
2023-11-06 09:26:37,977 [om1-impl-thread1] INFO  storage.RaftStorage (RaftStorageImpl.java:format(96)) - Storage directory /home/runner/work/ozone/ozone/hadoop-ozone/integration-test/target/test-dir/MiniOzoneClusterImpl-938474ea-96d6-4bd3-a45f-678920fb0bb2/ozone-meta/ratis/bf265839-605b-3f16-9796-c5ba1605619e has been successfully formatted.
2023-11-06 09:26:37,980 [om1-impl-thread1] INFO  server.RaftServerConfigKeys (ConfUtils.java:logGet(46)) - raft.server.log.use.memory = false (default)
2023-11-06 09:26:37,988 [om1-impl-thread1] INFO  server.RaftServerConfigKeys (ConfUtils.java:logGet(46)) - raft.server.log.purge.gap = 1000000 (custom)
2023-11-06 09:26:37,988 [om1-impl-thread1] INFO  server.RaftServerConfigKeys (ConfUtils.java:logGet(46)) - raft.server.log.appender.buffer.byte-limit = 33554432 (custom)
2023-11-06 09:26:37,990 [om1-impl-thread1] INFO  server.RaftServerConfigKeys (ConfUtils.java:logGet(46)) - raft.server.log.statemachine.data.read.timeout = 1000ms (default)
2023-11-06 09:26:37,991 [om1-impl-thread1] INFO  server.RaftServerConfigKeys (ConfUtils.java:logGet(46)) - raft.server.log.purge.preservation.log.num = 0 (default)
2023-11-06 09:26:37,994 [om1-impl-thread1] INFO  server.RaftServerConfigKeys (ConfUtils.java:logGet(46)) - raft.server.log.segment.size.max = 4194304 (custom)
2023-11-06 09:26:37,999 [om1-impl-thread1] INFO  server.RaftServerConfigKeys (ConfUtils.java:logGet(46)) - raft.server.log.segment.cache.num.max = 2 (custom)
2023-11-06 09:26:38,000 [om1-impl-thread1] INFO  server.RaftServerConfigKeys (ConfUtils.java:logGet(46)) - raft.server.log.segment.cache.size.max = 200MB (=209715200) (default)
2023-11-06 09:26:38,001 [om1-impl-thread1] INFO  server.RaftServerConfigKeys (ConfUtils.java:logGet(46)) - raft.server.log.appender.buffer.byte-limit = 33554432 (custom)
2023-11-06 09:26:38,007 [om1-impl-thread1] INFO  segmented.SegmentedRaftLogWorker (SegmentedRaftLogWorker.java:<init>(188)) - new om1@group-C5BA1605619E-SegmentedRaftLogWorker for RaftStorageImpl:Storage Directory /home/runner/work/ozone/ozone/hadoop-ozone/integration-test/target/test-dir/MiniOzoneClusterImpl-938474ea-96d6-4bd3-a45f-678920fb0bb2/ozone-meta/ratis/bf265839-605b-3f16-9796-c5ba1605619e
2023-11-06 09:26:38,008 [om1-impl-thread1] INFO  server.RaftServerConfigKeys (ConfUtils.java:logGet(46)) - raft.server.log.queue.byte-limit = 64MB (=67108864) (default)
2023-11-06 09:26:38,009 [om1-impl-thread1] INFO  server.RaftServerConfigKeys (ConfUtils.java:logGet(46)) - raft.server.log.queue.element-limit = 4096 (default)
2023-11-06 09:26:38,010 [om1-impl-thread1] INFO  server.RaftServerConfigKeys (ConfUtils.java:logGet(46)) - raft.server.log.segment.size.max = 4194304 (custom)
2023-11-06 09:26:38,011 [om1-impl-thread1] INFO  server.RaftServerConfigKeys (ConfUtils.java:logGet(46)) - raft.server.log.preallocated.size = 4194304 (custom)
2023-11-06 09:26:38,013 [om1-impl-thread1] INFO  server.RaftServerConfigKeys (ConfUtils.java:logGet(46)) - raft.server.log.force.sync.num = 128 (default)
2023-11-06 09:26:38,014 [om1-impl-thread1] INFO  server.RaftServerConfigKeys (ConfUtils.java:logGet(46)) - raft.server.log.statemachine.data.sync = true (default)
2023-11-06 09:26:38,015 [om1-impl-thread1] INFO  server.RaftServerConfigKeys (ConfUtils.java:logGet(46)) - raft.server.log.statemachine.data.sync.timeout = 10s (default)
2023-11-06 09:26:38,016 [om1-impl-thread1] INFO  server.RaftServerConfigKeys (ConfUtils.java:logGet(46)) - raft.server.log.statemachine.data.sync.timeout.retry = -1 (default)
2023-11-06 09:26:38,025 [om1-impl-thread1] INFO  server.RaftServerConfigKeys (ConfUtils.java:logGet(46)) - raft.server.log.write.buffer.size = 64KB (=65536) (default)
2023-11-06 09:26:38,026 [om1-impl-thread1] INFO  server.RaftServerConfigKeys (ConfUtils.java:logGet(46)) - raft.server.log.appender.buffer.byte-limit = 33554432 (custom)
2023-11-06 09:26:38,034 [om1-impl-thread1] INFO  server.RaftServerConfigKeys (ConfUtils.java:logGet(46)) - raft.server.log.unsafe-flush.enabled = false (default)
2023-11-06 09:26:38,035 [om1-impl-thread1] INFO  server.RaftServerConfigKeys (ConfUtils.java:logGet(46)) - raft.server.log.async-flush.enabled = false (default)
2023-11-06 09:26:38,037 [om1-impl-thread1] INFO  server.RaftServerConfigKeys (ConfUtils.java:logGet(46)) - raft.server.log.statemachine.data.caching.enabled = false (default)
2023-11-06 09:26:38,043 [om1-impl-thread1] INFO  segmented.SegmentedRaftLogWorker (SegmentedRaftLogWorker.java:lambda$new$0(135)) - om1@group-C5BA1605619E-SegmentedRaftLogWorker: flushIndex: setUnconditionally 0 -> -1
2023-11-06 09:26:38,043 [om1-impl-thread1] INFO  segmented.SegmentedRaftLogWorker (SegmentedRaftLogWorker.java:lambda$new$0(135)) - om1@group-C5BA1605619E-SegmentedRaftLogWorker: safeCacheEvictIndex: setUnconditionally 0 -> -1
2023-11-06 09:26:38,046 [om1-impl-thread1] INFO  server.RaftServer$Division (RaftServerImpl.java:start(342)) - om1@group-C5BA1605619E: start as a follower, conf=-1: peers:[om1|rpc:localhost:15007|priority:0|startupRole:FOLLOWER]|listeners:[], old=null
2023-11-06 09:26:38,046 [om1-impl-thread1] INFO  server.RaftServer$Division (RaftServerImpl.java:setRole(329)) - om1@group-C5BA1605619E: changes role from      null to FOLLOWER at term 0 for startAsFollower
2023-11-06 09:26:38,048 [om1-impl-thread1] INFO  impl.RoleInfo (RoleInfo.java:updateAndGet(139)) - om1: start om1@group-C5BA1605619E-FollowerState
2023-11-06 09:26:38,051 [om1-impl-thread1] INFO  util.JmxRegister (JmxRegister.java:tryRegister(44)) - Successfully registered JMX Bean with object name Ratis:service=RaftServer,group=group-C5BA1605619E,id=om1
2023-11-06 09:26:38,053 [om1-impl-thread1] INFO  server.RaftServerConfigKeys (ConfUtils.java:logGet(46)) - raft.server.snapshot.auto.trigger.enabled = true (custom)
2023-11-06 09:26:38,054 [om1-impl-thread1] INFO  server.RaftServerConfigKeys (ConfUtils.java:logGet(46)) - raft.server.snapshot.auto.trigger.threshold = 400000 (default)
2023-11-06 09:26:38,055 [om1-impl-thread1] INFO  server.RaftServerConfigKeys (ConfUtils.java:logGet(46)) - raft.server.snapshot.retention.file.num = -1 (default)
2023-11-06 09:26:38,053 [om1@group-C5BA1605619E-FollowerState] INFO  server.RaftServerConfigKeys (ConfUtils.java:logFallback(53)) - raft.server.rpc.first-election.timeout.min = 1s (fallback to raft.server.rpc.timeout.min)
2023-11-06 09:26:38,056 [om1@group-C5BA1605619E-FollowerState] INFO  server.RaftServerConfigKeys (ConfUtils.java:logFallback(53)) - raft.server.rpc.first-election.timeout.max = 1200ms (fallback to raft.server.rpc.timeout.max)
2023-11-06 09:26:38,059 [om1-impl-thread1] INFO  server.RaftServerConfigKeys (ConfUtils.java:logGet(46)) - raft.server.log.purge.upto.snapshot.index = true (custom)
2023-11-06 09:26:38,065 [main] INFO  server.RaftServer (RaftServerProxy.java:startImpl(400)) - om1: start RPC server
2023-11-06 09:26:38,118 [main] INFO  server.GrpcService (GrpcService.java:startImpl(302)) - om1: GrpcService started, listening on 15007
2023-11-06 09:26:38,124 [main] INFO  om.OzoneManager (OzoneManager.java:start(1659)) - Version File has different layout version (6) than OM DB (null). That is expected if this OM has never been finalized to a newer layout version.
2023-11-06 09:26:38,130 [JvmPauseMonitor1] INFO  util.JvmPauseMonitor (JvmPauseMonitor.java:run(103)) - JvmPauseMonitor-om1: Started
2023-11-06 09:26:38,164 [main] INFO  http.BaseHttpServer (BaseHttpServer.java:newHttpServer2BuilderForOzone(223)) - Starting Web-server for ozoneManager at: http://0.0.0.0:15005
2023-11-06 09:26:38,165 [main] INFO  http.BaseHttpServer (BaseHttpServer.java:<init>(110)) - Hadoop Security Enabled: false Ozone Security Enabled: false Ozone HTTP Security Enabled: false 
2023-11-06 09:26:38,166 [main] WARN  server.AuthenticationFilter (AuthenticationFilter.java:constructSecretProvider(240)) - Unable to initialize FileSignerSecretProvider, falling back to use random secrets. Reason: Could not read signature secret file: /home/runner/hadoop-http-auth-signature-secret
2023-11-06 09:26:38,170 [main] INFO  http.HttpRequestLog (HttpRequestLog.java:getRequestLog(86)) - Http request log for http.requests.ozoneManager is not defined
2023-11-06 09:26:38,172 [main] INFO  http.HttpServer2 (HttpServer2.java:addGlobalFilter(1031)) - Added global filter 'safety' (class=org.apache.hadoop.hdds.server.http.HttpServer2$QuotingInputFilter)
2023-11-06 09:26:38,173 [main] INFO  http.HttpServer2 (HttpServer2.java:addFilter(1007)) - Added filter static_user_filter (class=org.apache.hadoop.http.lib.StaticUserWebFilter$StaticUserFilter) to context ozoneManager
2023-11-06 09:26:38,173 [main] INFO  http.HttpServer2 (HttpServer2.java:addFilter(1015)) - Added filter static_user_filter (class=org.apache.hadoop.http.lib.StaticUserWebFilter$StaticUserFilter) to context static
2023-11-06 09:26:38,173 [main] INFO  http.HttpServer2 (HttpServer2.java:addFilter(1015)) - Added filter static_user_filter (class=org.apache.hadoop.http.lib.StaticUserWebFilter$StaticUserFilter) to context logs
2023-11-06 09:26:38,174 [main] INFO  http.BaseHttpServer (BaseHttpServer.java:<init>(189)) - HTTP server of ozoneManager uses base directory /home/runner/work/ozone/ozone/hadoop-ozone/integration-test/target/test-dir/MiniOzoneClusterImpl-938474ea-96d6-4bd3-a45f-678920fb0bb2/ozone-meta/webserver
2023-11-06 09:26:38,177 [main] INFO  http.HttpServer2 (HttpServer2.java:bindListener(1231)) - Jetty bound to port 15005
2023-11-06 09:26:38,177 [main] INFO  server.Server (Server.java:doStart(375)) - jetty-9.4.53.v20231009; built: 2023-10-09T12:29:09.265Z; git: 27bde00a0b95a1d5bbee0eae7984f891d2d0f8c9; jvm 1.8.0_382-b05
2023-11-06 09:26:38,186 [main] INFO  server.session (DefaultSessionIdManager.java:doStart(334)) - DefaultSessionIdManager workerName=node0
2023-11-06 09:26:38,187 [main] INFO  server.session (DefaultSessionIdManager.java:doStart(339)) - No SessionScavenger set, using defaults
2023-11-06 09:26:38,187 [main] INFO  server.session (HouseKeeper.java:startScavenging(132)) - node0 Scavenging every 600000ms
2023-11-06 09:26:38,188 [main] INFO  handler.ContextHandler (ContextHandler.java:doStart(921)) - Started o.e.j.s.ServletContextHandler@1f0526fc{logs,/logs,file:///home/runner/work/ozone/ozone/hadoop-ozone/integration-test/target/log,AVAILABLE}
2023-11-06 09:26:38,188 [main] INFO  handler.ContextHandler (ContextHandler.java:doStart(921)) - Started o.e.j.s.ServletContextHandler@78c7e153{static,/static,file:///home/runner/work/ozone/ozone/hadoop-ozone/integration-test/target/test-classes/webapps/static,AVAILABLE}
2023-11-06 09:26:38,193 [main] INFO  handler.ContextHandler (ContextHandler.java:doStart(921)) - Started o.e.j.w.WebAppContext@7ce6c004{ozoneManager,/,file:///home/runner/work/ozone/ozone/hadoop-ozone/integration-test/target/test-classes/webapps/ozoneManager/,AVAILABLE}{file:/home/runner/work/ozone/ozone/hadoop-ozone/integration-test/target/test-classes/webapps/ozoneManager}
2023-11-06 09:26:38,196 [main] INFO  server.AbstractConnector (AbstractConnector.java:doStart(333)) - Started ServerConnector@68e89c76{HTTP/1.1, (http/1.1)}{0.0.0.0:15005}
2023-11-06 09:26:38,196 [main] INFO  server.Server (Server.java:doStart(415)) - Started @7758ms
2023-11-06 09:26:38,197 [main] WARN  impl.MetricsSystemImpl (MetricsSystemImpl.java:register(279)) - Sink prometheus already exists!
2023-11-06 09:26:38,199 [main] INFO  http.BaseHttpServer (BaseHttpServer.java:updateConnectorAddress(354)) - HTTP server of ozoneManager listening at http://0.0.0.0:15005
2023-11-06 09:26:38,199 [IPC Server Responder] INFO  ipc.Server (Server.java:run(1562)) - IPC Server Responder: starting
2023-11-06 09:26:38,203 [IPC Server listener on 15004] INFO  ipc.Server (Server.java:run(1402)) - IPC Server listener on 15004: starting
2023-11-06 09:26:38,212 [main] INFO  om.OzoneManager (OzoneManager.java:startTrashEmptier(2108)) - Trash Interval set to 0. Files deleted won't move to trash
2023-11-06 09:26:38,428 [main] INFO  db.CodecBuffer (CodecBuffer.java:set(62)) - Successfully set constructor to org.apache.hadoop.hdds.utils.db.CodecBuffer$$Lambda$851/70089622@32e2e611
2023-11-06 09:26:38,429 [main] WARN  impl.MetricRegistriesImpl (MetricRegistriesImpl.java:addReporterRegistration(111)) - New reporters are added after registries were created. Some metrics will be missing from the reporter. Please add reporter before adding any new registry.
2023-11-06 09:26:38,430 [main] WARN  impl.MetricRegistriesImpl (MetricRegistriesImpl.java:addReporterRegistration(111)) - New reporters are added after registries were created. Some metrics will be missing from the reporter. Please add reporter before adding any new registry.
2023-11-06 09:26:38,430 [main] INFO  impl.MetricsSystemImpl (MetricsSystemImpl.java:init(158)) - HddsDatanode metrics system started (again)
2023-11-06 09:26:38,450 [main] INFO  ozone.HddsDatanodeService (HddsDatanodeService.java:start(240)) - HddsDatanodeService host:fv-az241-347.2tfxs3cvuluejhi1wdm4o5ef4c.bx.internal.cloudapp.net ip:10.1.0.6
2023-11-06 09:26:38,480 [main] INFO  upgrade.AbstractLayoutVersionManager (AbstractLayoutVersionManager.java:init(83)) - Initializing Layout version manager with metadata layout = HADOOP_PRC_PORTS_IN_DATANODEDETAILS (version = 7), software layout = HADOOP_PRC_PORTS_IN_DATANODEDETAILS (version = 7)
2023-11-06 09:26:38,485 [main] INFO  statemachine.DatanodeStateMachine (DatanodeStateMachine.java:getEndPointTaskThreadPoolSize(299)) - Datanode State Machine Task Thread Pool size 2
2023-11-06 09:26:38,561 [main] INFO  volume.HddsVolume (HddsVolume.java:<init>(126)) - Creating HddsVolume: /home/runner/work/ozone/ozone/hadoop-ozone/integration-test/target/test-dir/MiniOzoneClusterImpl-938474ea-96d6-4bd3-a45f-678920fb0bb2/datanode-0/data-0/containers/hdds of storage type : DISK capacity : 9223372036854775807
2023-11-06 09:26:38,564 [main] INFO  volume.MutableVolumeSet (MutableVolumeSet.java:initializeVolumeSet(173)) - Added Volume : /home/runner/work/ozone/ozone/hadoop-ozone/integration-test/target/test-dir/MiniOzoneClusterImpl-938474ea-96d6-4bd3-a45f-678920fb0bb2/datanode-0/data-0/containers/hdds to VolumeSet
2023-11-06 09:26:38,572 [main] INFO  volume.MutableVolumeSet (MutableVolumeSet.java:initializeVolumeSet(173)) - Added Volume : /home/runner/work/ozone/ozone/hadoop-ozone/integration-test/target/test-dir/MiniOzoneClusterImpl-938474ea-96d6-4bd3-a45f-678920fb0bb2/datanode-0/data/ratis to VolumeSet
2023-11-06 09:26:38,587 [fedf11b8-0957-422e-880a-91cc26979c7a-ContainerReader-0] INFO  ozoneimpl.ContainerReader (ContainerReader.java:readVolume(177)) - Finish verifying containers on volume /home/runner/work/ozone/ozone/hadoop-ozone/integration-test/target/test-dir/MiniOzoneClusterImpl-938474ea-96d6-4bd3-a45f-678920fb0bb2/datanode-0/data-0/containers/hdds
2023-11-06 09:26:38,588 [main] INFO  ozoneimpl.OzoneContainer (OzoneContainer.java:buildContainerSet(326)) - Build ContainerSet costs 0s
2023-11-06 09:26:38,641 [main] INFO  audit.AuditLogger (AuditLogger.java:refreshDebugCmdSet(126)) - Refresh DebugCmdSet for DNAudit to [].
2023-11-06 09:26:38,674 [main] INFO  server.RaftServer (ConfUtils.java:logGet(46)) - raft.rpc.type = GRPC (default)
2023-11-06 09:26:38,675 [main] INFO  grpc.GrpcConfigKeys (ConfUtils.java:logFallback(53)) - raft.grpc.admin.host = null (fallback to raft.grpc.server.host)
2023-11-06 09:26:38,676 [main] INFO  grpc.GrpcConfigKeys (ConfUtils.java:logGet(46)) - raft.grpc.admin.port = 15013 (custom)
2023-11-06 09:26:38,677 [main] INFO  grpc.GrpcConfigKeys (ConfUtils.java:logFallback(53)) - raft.grpc.client.host = null (fallback to raft.grpc.server.host)
2023-11-06 09:26:38,677 [main] INFO  grpc.GrpcConfigKeys (ConfUtils.java:logGet(46)) - raft.grpc.client.port = 15012 (custom)
2023-11-06 09:26:38,677 [main] INFO  grpc.GrpcConfigKeys (ConfUtils.java:logGet(46)) - raft.grpc.server.host = null (default)
2023-11-06 09:26:38,677 [main] INFO  grpc.GrpcConfigKeys (ConfUtils.java:logGet(46)) - raft.grpc.server.port = 15014 (custom)
2023-11-06 09:26:38,678 [main] INFO  server.GrpcService (ConfUtils.java:logGet(46)) - raft.grpc.message.size.max = 32MB (=33554432) (custom)
2023-11-06 09:26:38,679 [main] INFO  server.RaftServerConfigKeys (ConfUtils.java:logGet(46)) - raft.server.log.appender.buffer.byte-limit = 33554432 (custom)
2023-11-06 09:26:38,680 [main] INFO  server.GrpcService (ConfUtils.java:logGet(46)) - raft.grpc.flow.control.window = 5MB (=5242880) (custom)
2023-11-06 09:26:38,681 [main] INFO  server.RaftServerConfigKeys (ConfUtils.java:logGet(46)) - raft.server.rpc.request.timeout = 60s (custom)
2023-11-06 09:26:38,681 [main] INFO  grpc.GrpcConfigKeys (ConfUtils.java:logGet(46)) - raft.grpc.server.heartbeat.channel = true (default)
2023-11-06 09:26:38,682 [main] INFO  grpc.GrpcConfigKeys (ConfUtils.java:logGet(46)) - raft.grpc.server.async.request.thread.pool.cached = true (default)
2023-11-06 09:26:38,683 [main] INFO  grpc.GrpcConfigKeys (ConfUtils.java:logGet(46)) - raft.grpc.server.async.request.thread.pool.size = 32 (default)
2023-11-06 09:26:38,686 [main] INFO  impl.DataStreamServerImpl (ConfUtils.java:logGet(46)) - raft.datastream.type = NETTY (custom)
2023-11-06 09:26:38,695 [main] INFO  server.RaftServerConfigKeys (ConfUtils.java:logGet(46)) - raft.server.data-stream.async.request.thread.pool.cached = false (default)
2023-11-06 09:26:38,696 [main] INFO  server.RaftServerConfigKeys (ConfUtils.java:logGet(46)) - raft.server.data-stream.async.request.thread.pool.size = 20 (custom)
2023-11-06 09:26:38,697 [main] INFO  server.RaftServerConfigKeys (ConfUtils.java:logGet(46)) - raft.server.data-stream.async.write.thread.pool.size = 16 (default)
2023-11-06 09:26:38,698 [main] INFO  server.RaftServerConfigKeys (ConfUtils.java:logGet(46)) - raft.server.data-stream.client.pool.size = 10 (default)
2023-11-06 09:26:38,703 [main] INFO  netty.NettyConfigKeys$DataStream (ConfUtils.java:logGet(46)) - raft.netty.dataStream.server.use-epoll = false (default)
2023-11-06 09:26:38,704 [main] INFO  netty.NettyConfigKeys$DataStream (ConfUtils.java:logGet(46)) - raft.netty.dataStream.server.boss-group.size = 0 (default)
2023-11-06 09:26:38,710 [main] INFO  netty.NettyConfigKeys$DataStream (ConfUtils.java:logGet(46)) - raft.netty.dataStream.server.worker-group.size = 0 (default)
2023-11-06 09:26:38,725 [main] INFO  netty.NettyConfigKeys$DataStream (ConfUtils.java:logGet(46)) - raft.netty.dataStream.server.tls.conf = null (default)
2023-11-06 09:26:38,727 [main] INFO  netty.NettyConfigKeys$DataStream (ConfUtils.java:logGet(46)) - raft.netty.dataStream.host = null (default)
2023-11-06 09:26:38,727 [main] INFO  netty.NettyConfigKeys$DataStream (ConfUtils.java:logGet(46)) - raft.netty.dataStream.port = 15015 (custom)
2023-11-06 09:26:38,736 [main] INFO  server.RaftServerConfigKeys (ConfUtils.java:logGet(46)) - raft.server.threadpool.proxy.cached = true (default)
2023-11-06 09:26:38,737 [main] INFO  server.RaftServerConfigKeys (ConfUtils.java:logGet(46)) - raft.server.threadpool.proxy.size = 0 (default)
2023-11-06 09:26:38,737 [main] INFO  server.RaftServerConfigKeys (ConfUtils.java:logGet(46)) - raft.server.rpc.slowness.timeout = 300s (custom)
2023-11-06 09:26:38,737 [main] INFO  server.RaftServerConfigKeys (ConfUtils.java:logGet(46)) - raft.server.leaderelection.leader.step-down.wait-time = 10s (default)
2023-11-06 09:26:38,737 [main] INFO  server.RaftServerConfigKeys (ConfUtils.java:logGet(46)) - raft.server.storage.dir = [/home/runner/work/ozone/ozone/hadoop-ozone/integration-test/target/test-dir/MiniOzoneClusterImpl-938474ea-96d6-4bd3-a45f-678920fb0bb2/datanode-0/data/ratis] (custom)
2023-11-06 09:26:38,747 [fedf11b8-0957-422e-880a-91cc26979c7a-NettyServerStreamRpc-bossGroup--thread1] INFO  logging.LoggingHandler (AbstractInternalLogger.java:log(148)) - [id: 0x14724270] REGISTERED
2023-11-06 09:26:38,746 [fedf11b8-0957-422e-880a-91cc26979c7a-impl-thread1] INFO  server.RaftServer (RaftServerProxy.java:initGroupDir(258)) - fedf11b8-0957-422e-880a-91cc26979c7a: found a subdirectory /home/runner/work/ozone/ozone/hadoop-ozone/integration-test/target/test-dir/MiniOzoneClusterImpl-938474ea-96d6-4bd3-a45f-678920fb0bb2/datanode-0/data/ratis/tmp
2023-11-06 09:26:38,748 [fedf11b8-0957-422e-880a-91cc26979c7a-impl-thread1] INFO  server.RaftServer (RaftServerProxy.java:initGroupDir(263)) - fedf11b8-0957-422e-880a-91cc26979c7a: The directory /home/runner/work/ozone/ozone/hadoop-ozone/integration-test/target/test-dir/MiniOzoneClusterImpl-938474ea-96d6-4bd3-a45f-678920fb0bb2/datanode-0/data/ratis/tmp is not a group directory; ignoring it. 
2023-11-06 09:26:38,748 [fedf11b8-0957-422e-880a-91cc26979c7a-NettyServerStreamRpc-bossGroup--thread1] INFO  logging.LoggingHandler (AbstractInternalLogger.java:log(148)) - [id: 0x14724270] BIND: 0.0.0.0/0.0.0.0:15015
2023-11-06 09:26:38,749 [fedf11b8-0957-422e-880a-91cc26979c7a-NettyServerStreamRpc-bossGroup--thread1] INFO  logging.LoggingHandler (AbstractInternalLogger.java:log(148)) - [id: 0x14724270, L:/0:0:0:0:0:0:0:0:15015] ACTIVE
2023-11-06 09:26:38,751 [main] INFO  replication.ReplicationServer (ReplicationServer.java:<init>(85)) - Initializing replication server with thread count = 10 queue length = 4096
2023-11-06 09:26:38,774 [main] INFO  server.XceiverServerGrpc (XceiverServerGrpc.java:<init>(135)) - GrpcServer channel type EpollServerSocketChannel
2023-11-06 09:26:38,812 [main] INFO  replication.ReplicationSupervisor (ReplicationSupervisor.java:build(163)) - Initializing replication supervisor with thread count = 10
2023-11-06 09:26:38,813 [main] INFO  replication.ReplicationSupervisor (ReplicationSupervisor.java:nodeStateUpdated(317)) - Node state updated to IN_SERVICE, scaling executor pool size to 10
2023-11-06 09:26:38,878 [main] INFO  http.BaseHttpServer (BaseHttpServer.java:newHttpServer2BuilderForOzone(223)) - Starting Web-server for hddsDatanode at: http://0.0.0.0:15009
2023-11-06 09:26:38,878 [main] INFO  http.BaseHttpServer (BaseHttpServer.java:<init>(110)) - Hadoop Security Enabled: false Ozone Security Enabled: false Ozone HTTP Security Enabled: false 
2023-11-06 09:26:38,882 [main] WARN  server.AuthenticationFilter (AuthenticationFilter.java:constructSecretProvider(240)) - Unable to initialize FileSignerSecretProvider, falling back to use random secrets. Reason: Could not read signature secret file: /home/runner/hadoop-http-auth-signature-secret
2023-11-06 09:26:38,885 [main] INFO  http.HttpRequestLog (HttpRequestLog.java:getRequestLog(86)) - Http request log for http.requests.hddsDatanode is not defined
2023-11-06 09:26:38,887 [main] INFO  http.HttpServer2 (HttpServer2.java:addGlobalFilter(1031)) - Added global filter 'safety' (class=org.apache.hadoop.hdds.server.http.HttpServer2$QuotingInputFilter)
2023-11-06 09:26:38,888 [main] INFO  http.HttpServer2 (HttpServer2.java:addFilter(1007)) - Added filter static_user_filter (class=org.apache.hadoop.http.lib.StaticUserWebFilter$StaticUserFilter) to context hddsDatanode
2023-11-06 09:26:38,888 [main] INFO  http.HttpServer2 (HttpServer2.java:addFilter(1015)) - Added filter static_user_filter (class=org.apache.hadoop.http.lib.StaticUserWebFilter$StaticUserFilter) to context static
2023-11-06 09:26:38,888 [main] INFO  http.HttpServer2 (HttpServer2.java:addFilter(1015)) - Added filter static_user_filter (class=org.apache.hadoop.http.lib.StaticUserWebFilter$StaticUserFilter) to context logs
2023-11-06 09:26:38,889 [main] INFO  http.BaseHttpServer (BaseHttpServer.java:<init>(189)) - HTTP server of hddsDatanode uses base directory /home/runner/work/ozone/ozone/hadoop-ozone/integration-test/target/test-dir/MiniOzoneClusterImpl-938474ea-96d6-4bd3-a45f-678920fb0bb2/datanode-0/meta/webserver
2023-11-06 09:26:38,889 [main] INFO  http.HttpServer2 (HttpServer2.java:bindListener(1231)) - Jetty bound to port 15009
2023-11-06 09:26:38,890 [main] INFO  server.Server (Server.java:doStart(375)) - jetty-9.4.53.v20231009; built: 2023-10-09T12:29:09.265Z; git: 27bde00a0b95a1d5bbee0eae7984f891d2d0f8c9; jvm 1.8.0_382-b05
2023-11-06 09:26:38,893 [main] INFO  server.session (DefaultSessionIdManager.java:doStart(334)) - DefaultSessionIdManager workerName=node0
2023-11-06 09:26:38,893 [main] INFO  server.session (DefaultSessionIdManager.java:doStart(339)) - No SessionScavenger set, using defaults
2023-11-06 09:26:38,894 [main] INFO  server.session (HouseKeeper.java:startScavenging(132)) - node0 Scavenging every 600000ms
2023-11-06 09:26:38,894 [main] INFO  handler.ContextHandler (ContextHandler.java:doStart(921)) - Started o.e.j.s.ServletContextHandler@7697d54b{logs,/logs,file:///home/runner/work/ozone/ozone/hadoop-ozone/integration-test/target/log,AVAILABLE}
2023-11-06 09:26:38,895 [main] INFO  handler.ContextHandler (ContextHandler.java:doStart(921)) - Started o.e.j.s.ServletContextHandler@53e51744{static,/static,jar:file:/home/runner/.m2/repository/org/apache/ozone/hdds-container-service/1.4.0-SNAPSHOT/hdds-container-service-1.4.0-SNAPSHOT.jar!/webapps/static,AVAILABLE}
2023-11-06 09:26:38,952 [main] INFO  handler.ContextHandler (ContextHandler.java:doStart(921)) - Started o.e.j.w.WebAppContext@728a9b59{hddsDatanode,/,file:///home/runner/work/ozone/ozone/hadoop-ozone/integration-test/target/test-dir/MiniOzoneClusterImpl-938474ea-96d6-4bd3-a45f-678920fb0bb2/datanode-0/meta/webserver/jetty-0_0_0_0-15009-hdds-container-service-1_4_0-SNAPSHOT_jar-_-any-4885333599461627061/webapp/,AVAILABLE}{jar:file:/home/runner/.m2/repository/org/apache/ozone/hdds-container-service/1.4.0-SNAPSHOT/hdds-container-service-1.4.0-SNAPSHOT.jar!/webapps/hddsDatanode}
2023-11-06 09:26:38,954 [main] INFO  server.AbstractConnector (AbstractConnector.java:doStart(333)) - Started ServerConnector@2c4bcc40{HTTP/1.1, (http/1.1)}{0.0.0.0:15009}
2023-11-06 09:26:38,954 [main] INFO  server.Server (Server.java:doStart(415)) - Started @8516ms
2023-11-06 09:26:38,955 [main] WARN  impl.MetricsSystemImpl (MetricsSystemImpl.java:register(279)) - Sink prometheus already exists!
2023-11-06 09:26:38,955 [main] INFO  http.BaseHttpServer (BaseHttpServer.java:updateConnectorAddress(354)) - HTTP server of hddsDatanode listening at http://0.0.0.0:15009
2023-11-06 09:26:38,960 [main] INFO  ipc.CallQueueManager (CallQueueManager.java:<init>(90)) - Using callQueue: class java.util.concurrent.LinkedBlockingQueue, queueCapacity: 100, scheduler: class org.apache.hadoop.ipc.DefaultRpcScheduler, ipcBackoff: false.
2023-11-06 09:26:38,960 [main] INFO  ipc.Server (Server.java:<init>(1287)) - Listener at 0.0.0.0:15010
2023-11-06 09:26:38,961 [Socket Reader #1 for port 15010] INFO  ipc.Server (Server.java:run(1323)) - Starting Socket Reader #1 for port 15010
2023-11-06 09:26:38,966 [main] INFO  ozone.HddsDatanodeService (HddsDatanodeService.java:start(325)) - Datanode start with admins: [runner]
2023-11-06 09:26:38,967 [main] INFO  ozone.HddsDatanodeClientProtocolServer (HddsDatanodeClientProtocolServer.java:start(72)) - RPC server for Client /0.0.0.0:15010
2023-11-06 09:26:38,967 [IPC Server Responder] INFO  ipc.Server (Server.java:run(1562)) - IPC Server Responder: starting
2023-11-06 09:26:38,970 [IPC Server listener on 15010] INFO  ipc.Server (Server.java:run(1402)) - IPC Server listener on 15010: starting
2023-11-06 09:26:38,970 [main] WARN  impl.MetricRegistriesImpl (MetricRegistriesImpl.java:addReporterRegistration(111)) - New reporters are added after registries were created. Some metrics will be missing from the reporter. Please add reporter before adding any new registry.
2023-11-06 09:26:38,970 [main] WARN  impl.MetricRegistriesImpl (MetricRegistriesImpl.java:addReporterRegistration(111)) - New reporters are added after registries were created. Some metrics will be missing from the reporter. Please add reporter before adding any new registry.
2023-11-06 09:26:38,971 [main] INFO  impl.MetricsSystemImpl (MetricsSystemImpl.java:init(158)) - HddsDatanode metrics system started (again)
2023-11-06 09:26:38,983 [fedf11b8-0957-422e-880a-91cc26979c7a-DatanodeStateMachineDaemonThread] INFO  statemachine.DatanodeStateMachine (DatanodeStateMachine.java:lambda$startDaemon$1(555)) - Ozone container server started.
2023-11-06 09:26:38,994 [main] INFO  ozone.HddsDatanodeService (HddsDatanodeService.java:start(240)) - HddsDatanodeService host:fv-az241-347.2tfxs3cvuluejhi1wdm4o5ef4c.bx.internal.cloudapp.net ip:10.1.0.6
2023-11-06 09:26:39,036 [main] INFO  upgrade.AbstractLayoutVersionManager (AbstractLayoutVersionManager.java:init(83)) - Initializing Layout version manager with metadata layout = HADOOP_PRC_PORTS_IN_DATANODEDETAILS (version = 7), software layout = HADOOP_PRC_PORTS_IN_DATANODEDETAILS (version = 7)
2023-11-06 09:26:39,038 [main] INFO  statemachine.DatanodeStateMachine (DatanodeStateMachine.java:getEndPointTaskThreadPoolSize(299)) - Datanode State Machine Task Thread Pool size 2
2023-11-06 09:26:39,050 [main] INFO  volume.HddsVolume (HddsVolume.java:<init>(126)) - Creating HddsVolume: /home/runner/work/ozone/ozone/hadoop-ozone/integration-test/target/test-dir/MiniOzoneClusterImpl-938474ea-96d6-4bd3-a45f-678920fb0bb2/datanode-1/data-0/containers/hdds of storage type : DISK capacity : 9223372036854775807
2023-11-06 09:26:39,051 [main] INFO  volume.MutableVolumeSet (MutableVolumeSet.java:initializeVolumeSet(173)) - Added Volume : /home/runner/work/ozone/ozone/hadoop-ozone/integration-test/target/test-dir/MiniOzoneClusterImpl-938474ea-96d6-4bd3-a45f-678920fb0bb2/datanode-1/data-0/containers/hdds to VolumeSet
2023-11-06 09:26:39,053 [main] INFO  volume.MutableVolumeSet (MutableVolumeSet.java:initializeVolumeSet(173)) - Added Volume : /home/runner/work/ozone/ozone/hadoop-ozone/integration-test/target/test-dir/MiniOzoneClusterImpl-938474ea-96d6-4bd3-a45f-678920fb0bb2/datanode-1/data/ratis to VolumeSet
2023-11-06 09:26:39,067 [0eeb79a9-13fd-416c-b2a7-6f654c6b5029-ContainerReader-0] INFO  ozoneimpl.ContainerReader (ContainerReader.java:readVolume(177)) - Finish verifying containers on volume /home/runner/work/ozone/ozone/hadoop-ozone/integration-test/target/test-dir/MiniOzoneClusterImpl-938474ea-96d6-4bd3-a45f-678920fb0bb2/datanode-1/data-0/containers/hdds
2023-11-06 09:26:39,068 [main] INFO  ozoneimpl.OzoneContainer (OzoneContainer.java:buildContainerSet(326)) - Build ContainerSet costs 0s
2023-11-06 09:26:39,076 [main] INFO  server.RaftServer (ConfUtils.java:logGet(46)) - raft.rpc.type = GRPC (default)
2023-11-06 09:26:39,077 [main] INFO  grpc.GrpcConfigKeys (ConfUtils.java:logFallback(53)) - raft.grpc.admin.host = null (fallback to raft.grpc.server.host)
2023-11-06 09:26:39,078 [main] INFO  grpc.GrpcConfigKeys (ConfUtils.java:logGet(46)) - raft.grpc.admin.port = 15022 (custom)
2023-11-06 09:26:39,080 [main] INFO  grpc.GrpcConfigKeys (ConfUtils.java:logFallback(53)) - raft.grpc.client.host = null (fallback to raft.grpc.server.host)
2023-11-06 09:26:39,080 [main] INFO  grpc.GrpcConfigKeys (ConfUtils.java:logGet(46)) - raft.grpc.client.port = 15021 (custom)
2023-11-06 09:26:39,081 [main] INFO  grpc.GrpcConfigKeys (ConfUtils.java:logGet(46)) - raft.grpc.server.host = null (default)
2023-11-06 09:26:39,082 [main] INFO  grpc.GrpcConfigKeys (ConfUtils.java:logGet(46)) - raft.grpc.server.port = 15023 (custom)
2023-11-06 09:26:39,082 [main] INFO  server.GrpcService (ConfUtils.java:logGet(46)) - raft.grpc.message.size.max = 32MB (=33554432) (custom)
2023-11-06 09:26:39,084 [main] INFO  server.RaftServerConfigKeys (ConfUtils.java:logGet(46)) - raft.server.log.appender.buffer.byte-limit = 33554432 (custom)
2023-11-06 09:26:39,085 [main] INFO  server.GrpcService (ConfUtils.java:logGet(46)) - raft.grpc.flow.control.window = 5MB (=5242880) (custom)
2023-11-06 09:26:39,086 [main] INFO  server.RaftServerConfigKeys (ConfUtils.java:logGet(46)) - raft.server.rpc.request.timeout = 60s (custom)
2023-11-06 09:26:39,086 [main] INFO  grpc.GrpcConfigKeys (ConfUtils.java:logGet(46)) - raft.grpc.server.heartbeat.channel = true (default)
2023-11-06 09:26:39,087 [main] INFO  grpc.GrpcConfigKeys (ConfUtils.java:logGet(46)) - raft.grpc.server.async.request.thread.pool.cached = true (default)
2023-11-06 09:26:39,088 [main] INFO  grpc.GrpcConfigKeys (ConfUtils.java:logGet(46)) - raft.grpc.server.async.request.thread.pool.size = 32 (default)
2023-11-06 09:26:39,094 [main] INFO  impl.DataStreamServerImpl (ConfUtils.java:logGet(46)) - raft.datastream.type = NETTY (custom)
2023-11-06 09:26:39,095 [main] INFO  server.RaftServerConfigKeys (ConfUtils.java:logGet(46)) - raft.server.data-stream.async.request.thread.pool.cached = false (default)
2023-11-06 09:26:39,097 [main] INFO  server.RaftServerConfigKeys (ConfUtils.java:logGet(46)) - raft.server.data-stream.async.request.thread.pool.size = 20 (custom)
2023-11-06 09:26:39,098 [main] INFO  server.RaftServerConfigKeys (ConfUtils.java:logGet(46)) - raft.server.data-stream.async.write.thread.pool.size = 16 (default)
2023-11-06 09:26:39,098 [main] INFO  server.RaftServerConfigKeys (ConfUtils.java:logGet(46)) - raft.server.data-stream.client.pool.size = 10 (default)
2023-11-06 09:26:39,099 [main] INFO  netty.NettyConfigKeys$DataStream (ConfUtils.java:logGet(46)) - raft.netty.dataStream.server.use-epoll = false (default)
2023-11-06 09:26:39,101 [main] INFO  netty.NettyConfigKeys$DataStream (ConfUtils.java:logGet(46)) - raft.netty.dataStream.server.boss-group.size = 0 (default)
2023-11-06 09:26:39,103 [main] INFO  netty.NettyConfigKeys$DataStream (ConfUtils.java:logGet(46)) - raft.netty.dataStream.server.worker-group.size = 0 (default)
2023-11-06 09:26:39,104 [main] INFO  netty.NettyConfigKeys$DataStream (ConfUtils.java:logGet(46)) - raft.netty.dataStream.server.tls.conf = null (default)
2023-11-06 09:26:39,105 [main] INFO  netty.NettyConfigKeys$DataStream (ConfUtils.java:logGet(46)) - raft.netty.dataStream.host = null (default)
2023-11-06 09:26:39,106 [main] INFO  netty.NettyConfigKeys$DataStream (ConfUtils.java:logGet(46)) - raft.netty.dataStream.port = 15024 (custom)
2023-11-06 09:26:39,107 [main] INFO  server.RaftServerConfigKeys (ConfUtils.java:logGet(46)) - raft.server.threadpool.proxy.cached = true (default)
2023-11-06 09:26:39,107 [main] INFO  server.RaftServerConfigKeys (ConfUtils.java:logGet(46)) - raft.server.threadpool.proxy.size = 0 (default)
2023-11-06 09:26:39,108 [main] INFO  server.RaftServerConfigKeys (ConfUtils.java:logGet(46)) - raft.server.rpc.slowness.timeout = 300s (custom)
2023-11-06 09:26:39,108 [main] INFO  server.RaftServerConfigKeys (ConfUtils.java:logGet(46)) - raft.server.leaderelection.leader.step-down.wait-time = 10s (default)
2023-11-06 09:26:39,108 [main] INFO  server.RaftServerConfigKeys (ConfUtils.java:logGet(46)) - raft.server.storage.dir = [/home/runner/work/ozone/ozone/hadoop-ozone/integration-test/target/test-dir/MiniOzoneClusterImpl-938474ea-96d6-4bd3-a45f-678920fb0bb2/datanode-1/data/ratis] (custom)
2023-11-06 09:26:39,119 [0eeb79a9-13fd-416c-b2a7-6f654c6b5029-impl-thread1] INFO  server.RaftServer (RaftServerProxy.java:initGroupDir(258)) - 0eeb79a9-13fd-416c-b2a7-6f654c6b5029: found a subdirectory /home/runner/work/ozone/ozone/hadoop-ozone/integration-test/target/test-dir/MiniOzoneClusterImpl-938474ea-96d6-4bd3-a45f-678920fb0bb2/datanode-1/data/ratis/tmp
2023-11-06 09:26:39,120 [0eeb79a9-13fd-416c-b2a7-6f654c6b5029-impl-thread1] INFO  server.RaftServer (RaftServerProxy.java:initGroupDir(263)) - 0eeb79a9-13fd-416c-b2a7-6f654c6b5029: The directory /home/runner/work/ozone/ozone/hadoop-ozone/integration-test/target/test-dir/MiniOzoneClusterImpl-938474ea-96d6-4bd3-a45f-678920fb0bb2/datanode-1/data/ratis/tmp is not a group directory; ignoring it. 
2023-11-06 09:26:39,114 [0eeb79a9-13fd-416c-b2a7-6f654c6b5029-NettyServerStreamRpc-bossGroup--thread1] INFO  logging.LoggingHandler (AbstractInternalLogger.java:log(148)) - [id: 0xe35c9581] REGISTERED
2023-11-06 09:26:39,121 [main] INFO  replication.ReplicationServer (ReplicationServer.java:<init>(85)) - Initializing replication server with thread count = 10 queue length = 4096
2023-11-06 09:26:39,121 [0eeb79a9-13fd-416c-b2a7-6f654c6b5029-NettyServerStreamRpc-bossGroup--thread1] INFO  logging.LoggingHandler (AbstractInternalLogger.java:log(148)) - [id: 0xe35c9581] BIND: 0.0.0.0/0.0.0.0:15024
2023-11-06 09:26:39,122 [0eeb79a9-13fd-416c-b2a7-6f654c6b5029-NettyServerStreamRpc-bossGroup--thread1] INFO  logging.LoggingHandler (AbstractInternalLogger.java:log(148)) - [id: 0xe35c9581, L:/0:0:0:0:0:0:0:0:15024] ACTIVE
2023-11-06 09:26:39,123 [main] INFO  server.XceiverServerGrpc (XceiverServerGrpc.java:<init>(135)) - GrpcServer channel type EpollServerSocketChannel
2023-11-06 09:26:39,123 [om1@group-C5BA1605619E-FollowerState] INFO  impl.FollowerState (FollowerState.java:run(143)) - om1@group-C5BA1605619E-FollowerState: change to CANDIDATE, lastRpcElapsedTime:1074799019ns, electionTimeout:1065ms
2023-11-06 09:26:39,124 [om1@group-C5BA1605619E-FollowerState] INFO  impl.RoleInfo (RoleInfo.java:shutdownFollowerState(110)) - om1: shutdown om1@group-C5BA1605619E-FollowerState
2023-11-06 09:26:39,125 [om1@group-C5BA1605619E-FollowerState] INFO  server.RaftServer$Division (RaftServerImpl.java:setRole(329)) - om1@group-C5BA1605619E: changes role from  FOLLOWER to CANDIDATE at term 0 for changeToCandidate
2023-11-06 09:26:39,128 [om1@group-C5BA1605619E-FollowerState] INFO  server.RaftServerConfigKeys (ConfUtils.java:logGet(46)) - raft.server.leaderelection.pre-vote = true (default)
2023-11-06 09:26:39,130 [main] INFO  replication.ReplicationSupervisor (ReplicationSupervisor.java:build(163)) - Initializing replication supervisor with thread count = 10
2023-11-06 09:26:39,133 [main] INFO  replication.ReplicationSupervisor (ReplicationSupervisor.java:nodeStateUpdated(317)) - Node state updated to IN_SERVICE, scaling executor pool size to 10
2023-11-06 09:26:39,133 [om1@group-C5BA1605619E-FollowerState] INFO  impl.RoleInfo (RoleInfo.java:updateAndGet(139)) - om1: start om1@group-C5BA1605619E-LeaderElection1
2023-11-06 09:26:39,142 [main] INFO  http.BaseHttpServer (BaseHttpServer.java:newHttpServer2BuilderForOzone(223)) - Starting Web-server for hddsDatanode at: http://0.0.0.0:15018
2023-11-06 09:26:39,142 [main] INFO  http.BaseHttpServer (BaseHttpServer.java:<init>(110)) - Hadoop Security Enabled: false Ozone Security Enabled: false Ozone HTTP Security Enabled: false 
2023-11-06 09:26:39,144 [main] WARN  server.AuthenticationFilter (AuthenticationFilter.java:constructSecretProvider(240)) - Unable to initialize FileSignerSecretProvider, falling back to use random secrets. Reason: Could not read signature secret file: /home/runner/hadoop-http-auth-signature-secret
2023-11-06 09:26:39,157 [main] INFO  http.HttpRequestLog (HttpRequestLog.java:getRequestLog(86)) - Http request log for http.requests.hddsDatanode is not defined
2023-11-06 09:26:39,157 [om1@group-C5BA1605619E-LeaderElection1] INFO  impl.LeaderElection (LeaderElection.java:askForVotes(321)) - om1@group-C5BA1605619E-LeaderElection1 PRE_VOTE round 0: submit vote requests at term 0 for -1: peers:[om1|rpc:localhost:15007|priority:0|startupRole:FOLLOWER]|listeners:[], old=null
2023-11-06 09:26:39,158 [main] INFO  http.HttpServer2 (HttpServer2.java:addGlobalFilter(1031)) - Added global filter 'safety' (class=org.apache.hadoop.hdds.server.http.HttpServer2$QuotingInputFilter)
2023-11-06 09:26:39,158 [om1@group-C5BA1605619E-LeaderElection1] INFO  impl.LeaderElection (LeaderElection.java:askForVotes(323)) - om1@group-C5BA1605619E-LeaderElection1 PRE_VOTE round 0: result PASSED (term=0)
2023-11-06 09:26:39,159 [main] INFO  http.HttpServer2 (HttpServer2.java:addFilter(1007)) - Added filter static_user_filter (class=org.apache.hadoop.http.lib.StaticUserWebFilter$StaticUserFilter) to context hddsDatanode
2023-11-06 09:26:39,159 [main] INFO  http.HttpServer2 (HttpServer2.java:addFilter(1015)) - Added filter static_user_filter (class=org.apache.hadoop.http.lib.StaticUserWebFilter$StaticUserFilter) to context logs
2023-11-06 09:26:39,159 [main] INFO  http.HttpServer2 (HttpServer2.java:addFilter(1015)) - Added filter static_user_filter (class=org.apache.hadoop.http.lib.StaticUserWebFilter$StaticUserFilter) to context static
2023-11-06 09:26:39,161 [om1@group-C5BA1605619E-LeaderElection1] INFO  impl.LeaderElection (LeaderElection.java:askForVotes(321)) - om1@group-C5BA1605619E-LeaderElection1 ELECTION round 0: submit vote requests at term 1 for -1: peers:[om1|rpc:localhost:15007|priority:0|startupRole:FOLLOWER]|listeners:[], old=null
2023-11-06 09:26:39,162 [om1@group-C5BA1605619E-LeaderElection1] INFO  impl.LeaderElection (LeaderElection.java:askForVotes(323)) - om1@group-C5BA1605619E-LeaderElection1 ELECTION round 0: result PASSED (term=1)
2023-11-06 09:26:39,162 [om1@group-C5BA1605619E-LeaderElection1] INFO  impl.RoleInfo (RoleInfo.java:shutdownLeaderElection(130)) - om1: shutdown om1@group-C5BA1605619E-LeaderElection1
2023-11-06 09:26:39,163 [om1@group-C5BA1605619E-LeaderElection1] INFO  server.RaftServer$Division (RaftServerImpl.java:setRole(329)) - om1@group-C5BA1605619E: changes role from CANDIDATE to LEADER at term 1 for changeToLeader
2023-11-06 09:26:39,164 [main] INFO  http.BaseHttpServer (BaseHttpServer.java:<init>(189)) - HTTP server of hddsDatanode uses base directory /home/runner/work/ozone/ozone/hadoop-ozone/integration-test/target/test-dir/MiniOzoneClusterImpl-938474ea-96d6-4bd3-a45f-678920fb0bb2/datanode-1/meta/webserver
2023-11-06 09:26:39,164 [main] INFO  http.HttpServer2 (HttpServer2.java:bindListener(1231)) - Jetty bound to port 15018
2023-11-06 09:26:39,164 [main] INFO  server.Server (Server.java:doStart(375)) - jetty-9.4.53.v20231009; built: 2023-10-09T12:29:09.265Z; git: 27bde00a0b95a1d5bbee0eae7984f891d2d0f8c9; jvm 1.8.0_382-b05
2023-11-06 09:26:39,167 [om1@group-C5BA1605619E-LeaderElection1] INFO  server.RaftServer$Division (ServerState.java:setLeader(317)) - om1@group-C5BA1605619E: change Leader from null to om1 at term 1 for becomeLeader, leader elected after 2174ms
2023-11-06 09:26:39,177 [om1@group-C5BA1605619E-LeaderElection1] INFO  server.RaftServerConfigKeys (ConfUtils.java:logGet(46)) - raft.server.staging.catchup.gap = 1000 (default)
2023-11-06 09:26:39,182 [fedf11b8-0957-422e-880a-91cc26979c7a-DatanodeStateMachineTaskThread-0] INFO  datanode.InitDatanodeState (InitDatanodeState.java:persistContainerDatanodeDetails(139)) - DatanodeDetails is persisted to /home/runner/work/ozone/ozone/hadoop-ozone/integration-test/target/test-dir/MiniOzoneClusterImpl-938474ea-96d6-4bd3-a45f-678920fb0bb2/datanode-0/meta/datanode.id
2023-11-06 09:26:39,186 [main] INFO  server.session (DefaultSessionIdManager.java:doStart(334)) - DefaultSessionIdManager workerName=node0
2023-11-06 09:26:39,186 [main] INFO  server.session (DefaultSessionIdManager.java:doStart(339)) - No SessionScavenger set, using defaults
2023-11-06 09:26:39,186 [main] INFO  server.session (HouseKeeper.java:startScavenging(132)) - node0 Scavenging every 660000ms
2023-11-06 09:26:39,188 [main] INFO  handler.ContextHandler (ContextHandler.java:doStart(921)) - Started o.e.j.s.ServletContextHandler@71475df3{logs,/logs,file:///home/runner/work/ozone/ozone/hadoop-ozone/integration-test/target/log,AVAILABLE}
2023-11-06 09:26:39,189 [main] INFO  handler.ContextHandler (ContextHandler.java:doStart(921)) - Started o.e.j.s.ServletContextHandler@732ba741{static,/static,jar:file:/home/runner/.m2/repository/org/apache/ozone/hdds-container-service/1.4.0-SNAPSHOT/hdds-container-service-1.4.0-SNAPSHOT.jar!/webapps/static,AVAILABLE}
2023-11-06 09:26:39,196 [om1@group-C5BA1605619E-LeaderElection1] INFO  server.RaftServerConfigKeys (ConfUtils.java:logGet(46)) - raft.server.write.element-limit = 4096 (default)
2023-11-06 09:26:39,199 [om1@group-C5BA1605619E-LeaderElection1] INFO  server.RaftServerConfigKeys (ConfUtils.java:logGet(46)) - raft.server.write.byte-limit = 64MB (=67108864) (default)
2023-11-06 09:26:39,208 [om1@group-C5BA1605619E-LeaderElection1] INFO  server.RaftServerConfigKeys (ConfUtils.java:logGet(46)) - raft.server.watch.timeout = 10s (default)
2023-11-06 09:26:39,211 [om1@group-C5BA1605619E-LeaderElection1] INFO  server.RaftServerConfigKeys (ConfUtils.java:logGet(46)) - raft.server.watch.timeout.denomination = 1s (default)
2023-11-06 09:26:39,212 [om1@group-C5BA1605619E-LeaderElection1] INFO  server.RaftServerConfigKeys (ConfUtils.java:logGet(46)) - raft.server.watch.element-limit = 65536 (default)
2023-11-06 09:26:39,222 [om1@group-C5BA1605619E-LeaderElection1] INFO  server.RaftServerConfigKeys (ConfUtils.java:logGet(46)) - raft.server.write.element-limit = 4096 (default)
2023-11-06 09:26:39,226 [om1@group-C5BA1605619E-LeaderElection1] INFO  server.RaftServerConfigKeys (ConfUtils.java:logGet(46)) - raft.server.write.follower.gap.ratio.max = -1.0 (default)
2023-11-06 09:26:39,228 [om1@group-C5BA1605619E-LeaderElection1] INFO  impl.RoleInfo (RoleInfo.java:updateAndGet(139)) - om1: start om1@group-C5BA1605619E-LeaderStateImpl
2023-11-06 09:26:39,236 [main] INFO  handler.ContextHandler (ContextHandler.java:doStart(921)) - Started o.e.j.w.WebAppContext@3fa3b360{hddsDatanode,/,file:///home/runner/work/ozone/ozone/hadoop-ozone/integration-test/target/test-dir/MiniOzoneClusterImpl-938474ea-96d6-4bd3-a45f-678920fb0bb2/datanode-1/meta/webserver/jetty-0_0_0_0-15018-hdds-container-service-1_4_0-SNAPSHOT_jar-_-any-773481533943399787/webapp/,AVAILABLE}{jar:file:/home/runner/.m2/repository/org/apache/ozone/hdds-container-service/1.4.0-SNAPSHOT/hdds-container-service-1.4.0-SNAPSHOT.jar!/webapps/hddsDatanode}
2023-11-06 09:26:39,239 [main] INFO  server.AbstractConnector (AbstractConnector.java:doStart(333)) - Started ServerConnector@3463d5f7{HTTP/1.1, (http/1.1)}{0.0.0.0:15018}
2023-11-06 09:26:39,239 [main] INFO  server.Server (Server.java:doStart(415)) - Started @8801ms
2023-11-06 09:26:39,242 [main] WARN  impl.MetricsSystemImpl (MetricsSystemImpl.java:register(279)) - Sink prometheus already exists!
2023-11-06 09:26:39,243 [main] INFO  http.BaseHttpServer (BaseHttpServer.java:updateConnectorAddress(354)) - HTTP server of hddsDatanode listening at http://0.0.0.0:15018
2023-11-06 09:26:39,243 [main] INFO  ipc.CallQueueManager (CallQueueManager.java:<init>(90)) - Using callQueue: class java.util.concurrent.LinkedBlockingQueue, queueCapacity: 100, scheduler: class org.apache.hadoop.ipc.DefaultRpcScheduler, ipcBackoff: false.
2023-11-06 09:26:39,244 [main] INFO  ipc.Server (Server.java:<init>(1287)) - Listener at 0.0.0.0:15019
2023-11-06 09:26:39,245 [Socket Reader #1 for port 15019] INFO  ipc.Server (Server.java:run(1323)) - Starting Socket Reader #1 for port 15019
2023-11-06 09:26:39,249 [main] INFO  ozone.HddsDatanodeService (HddsDatanodeService.java:start(325)) - Datanode start with admins: [runner]
2023-11-06 09:26:39,249 [main] INFO  ozone.HddsDatanodeClientProtocolServer (HddsDatanodeClientProtocolServer.java:start(72)) - RPC server for Client /0.0.0.0:15019
2023-11-06 09:26:39,250 [IPC Server Responder] INFO  ipc.Server (Server.java:run(1562)) - IPC Server Responder: starting
2023-11-06 09:26:39,257 [om1@group-C5BA1605619E-LeaderElection1] INFO  segmented.SegmentedRaftLogWorker (SegmentedRaftLogWorker.java:startLogSegment(447)) - om1@group-C5BA1605619E-SegmentedRaftLogWorker: Starting segment from index:0
2023-11-06 09:26:39,258 [0eeb79a9-13fd-416c-b2a7-6f654c6b5029-DatanodeStateMachineDaemonThread] INFO  statemachine.DatanodeStateMachine (DatanodeStateMachine.java:lambda$startDaemon$1(555)) - Ozone container server started.
2023-11-06 09:26:39,254 [main] WARN  impl.MetricRegistriesImpl (MetricRegistriesImpl.java:addReporterRegistration(111)) - New reporters are added after registries were created. Some metrics will be missing from the reporter. Please add reporter before adding any new registry.
2023-11-06 09:26:39,264 [main] WARN  impl.MetricRegistriesImpl (MetricRegistriesImpl.java:addReporterRegistration(111)) - New reporters are added after registries were created. Some metrics will be missing from the reporter. Please add reporter before adding any new registry.
2023-11-06 09:26:39,264 [main] INFO  impl.MetricsSystemImpl (MetricsSystemImpl.java:init(158)) - HddsDatanode metrics system started (again)
2023-11-06 09:26:39,253 [IPC Server listener on 15019] INFO  ipc.Server (Server.java:run(1402)) - IPC Server listener on 15019: starting
2023-11-06 09:26:39,290 [main] INFO  ozone.HddsDatanodeService (HddsDatanodeService.java:start(240)) - HddsDatanodeService host:fv-az241-347.2tfxs3cvuluejhi1wdm4o5ef4c.bx.internal.cloudapp.net ip:10.1.0.6
2023-11-06 09:26:39,305 [0eeb79a9-13fd-416c-b2a7-6f654c6b5029-DatanodeStateMachineTaskThread-0] INFO  datanode.InitDatanodeState (InitDatanodeState.java:persistContainerDatanodeDetails(139)) - DatanodeDetails is persisted to /home/runner/work/ozone/ozone/hadoop-ozone/integration-test/target/test-dir/MiniOzoneClusterImpl-938474ea-96d6-4bd3-a45f-678920fb0bb2/datanode-1/meta/datanode.id
2023-11-06 09:26:39,328 [main] INFO  upgrade.AbstractLayoutVersionManager (AbstractLayoutVersionManager.java:init(83)) - Initializing Layout version manager with metadata layout = HADOOP_PRC_PORTS_IN_DATANODEDETAILS (version = 7), software layout = HADOOP_PRC_PORTS_IN_DATANODEDETAILS (version = 7)
2023-11-06 09:26:39,332 [main] INFO  statemachine.DatanodeStateMachine (DatanodeStateMachine.java:getEndPointTaskThreadPoolSize(299)) - Datanode State Machine Task Thread Pool size 2
2023-11-06 09:26:39,340 [om1@group-C5BA1605619E-LeaderElection1] INFO  server.RaftServer$Division (ServerState.java:setRaftConf(434)) - om1@group-C5BA1605619E: set configuration 0: peers:[om1|rpc:localhost:15007|admin:|client:|dataStream:|priority:0|startupRole:FOLLOWER]|listeners:[], old=null
2023-11-06 09:26:39,346 [main] INFO  volume.HddsVolume (HddsVolume.java:<init>(126)) - Creating HddsVolume: /home/runner/work/ozone/ozone/hadoop-ozone/integration-test/target/test-dir/MiniOzoneClusterImpl-938474ea-96d6-4bd3-a45f-678920fb0bb2/datanode-2/data-0/containers/hdds of storage type : DISK capacity : 9223372036854775807
2023-11-06 09:26:39,347 [main] INFO  volume.MutableVolumeSet (MutableVolumeSet.java:initializeVolumeSet(173)) - Added Volume : /home/runner/work/ozone/ozone/hadoop-ozone/integration-test/target/test-dir/MiniOzoneClusterImpl-938474ea-96d6-4bd3-a45f-678920fb0bb2/datanode-2/data-0/containers/hdds to VolumeSet
2023-11-06 09:26:39,350 [main] INFO  volume.MutableVolumeSet (MutableVolumeSet.java:initializeVolumeSet(173)) - Added Volume : /home/runner/work/ozone/ozone/hadoop-ozone/integration-test/target/test-dir/MiniOzoneClusterImpl-938474ea-96d6-4bd3-a45f-678920fb0bb2/datanode-2/data/ratis to VolumeSet
2023-11-06 09:26:39,354 [d9016e39-0130-4fd9-896a-cac3c2785d02-ContainerReader-0] INFO  ozoneimpl.ContainerReader (ContainerReader.java:readVolume(177)) - Finish verifying containers on volume /home/runner/work/ozone/ozone/hadoop-ozone/integration-test/target/test-dir/MiniOzoneClusterImpl-938474ea-96d6-4bd3-a45f-678920fb0bb2/datanode-2/data-0/containers/hdds
2023-11-06 09:26:39,355 [main] INFO  ozoneimpl.OzoneContainer (OzoneContainer.java:buildContainerSet(326)) - Build ContainerSet costs 0s
2023-11-06 09:26:39,361 [main] INFO  server.RaftServer (ConfUtils.java:logGet(46)) - raft.rpc.type = GRPC (default)
2023-11-06 09:26:39,362 [main] INFO  grpc.GrpcConfigKeys (ConfUtils.java:logFallback(53)) - raft.grpc.admin.host = null (fallback to raft.grpc.server.host)
2023-11-06 09:26:39,362 [main] INFO  grpc.GrpcConfigKeys (ConfUtils.java:logGet(46)) - raft.grpc.admin.port = 15031 (custom)
2023-11-06 09:26:39,363 [main] INFO  grpc.GrpcConfigKeys (ConfUtils.java:logFallback(53)) - raft.grpc.client.host = null (fallback to raft.grpc.server.host)
2023-11-06 09:26:39,363 [main] INFO  grpc.GrpcConfigKeys (ConfUtils.java:logGet(46)) - raft.grpc.client.port = 15030 (custom)
2023-11-06 09:26:39,364 [main] INFO  grpc.GrpcConfigKeys (ConfUtils.java:logGet(46)) - raft.grpc.server.host = null (default)
2023-11-06 09:26:39,364 [main] INFO  grpc.GrpcConfigKeys (ConfUtils.java:logGet(46)) - raft.grpc.server.port = 15032 (custom)
2023-11-06 09:26:39,365 [main] INFO  server.GrpcService (ConfUtils.java:logGet(46)) - raft.grpc.message.size.max = 32MB (=33554432) (custom)
2023-11-06 09:26:39,366 [main] INFO  server.RaftServerConfigKeys (ConfUtils.java:logGet(46)) - raft.server.log.appender.buffer.byte-limit = 33554432 (custom)
2023-11-06 09:26:39,367 [main] INFO  server.GrpcService (ConfUtils.java:logGet(46)) - raft.grpc.flow.control.window = 5MB (=5242880) (custom)
2023-11-06 09:26:39,367 [main] INFO  server.RaftServerConfigKeys (ConfUtils.java:logGet(46)) - raft.server.rpc.request.timeout = 60s (custom)
2023-11-06 09:26:39,368 [main] INFO  grpc.GrpcConfigKeys (ConfUtils.java:logGet(46)) - raft.grpc.server.heartbeat.channel = true (default)
2023-11-06 09:26:39,368 [main] INFO  grpc.GrpcConfigKeys (ConfUtils.java:logGet(46)) - raft.grpc.server.async.request.thread.pool.cached = true (default)
2023-11-06 09:26:39,369 [main] INFO  grpc.GrpcConfigKeys (ConfUtils.java:logGet(46)) - raft.grpc.server.async.request.thread.pool.size = 32 (default)
2023-11-06 09:26:39,372 [main] INFO  impl.DataStreamServerImpl (ConfUtils.java:logGet(46)) - raft.datastream.type = NETTY (custom)
2023-11-06 09:26:39,373 [main] INFO  server.RaftServerConfigKeys (ConfUtils.java:logGet(46)) - raft.server.data-stream.async.request.thread.pool.cached = false (default)
2023-11-06 09:26:39,374 [main] INFO  server.RaftServerConfigKeys (ConfUtils.java:logGet(46)) - raft.server.data-stream.async.request.thread.pool.size = 20 (custom)
2023-11-06 09:26:39,374 [main] INFO  server.RaftServerConfigKeys (ConfUtils.java:logGet(46)) - raft.server.data-stream.async.write.thread.pool.size = 16 (default)
2023-11-06 09:26:39,375 [main] INFO  server.RaftServerConfigKeys (ConfUtils.java:logGet(46)) - raft.server.data-stream.client.pool.size = 10 (default)
2023-11-06 09:26:39,375 [main] INFO  netty.NettyConfigKeys$DataStream (ConfUtils.java:logGet(46)) - raft.netty.dataStream.server.use-epoll = false (default)
2023-11-06 09:26:39,376 [main] INFO  netty.NettyConfigKeys$DataStream (ConfUtils.java:logGet(46)) - raft.netty.dataStream.server.boss-group.size = 0 (default)
2023-11-06 09:26:39,376 [main] INFO  netty.NettyConfigKeys$DataStream (ConfUtils.java:logGet(46)) - raft.netty.dataStream.server.worker-group.size = 0 (default)
2023-11-06 09:26:39,377 [main] INFO  netty.NettyConfigKeys$DataStream (ConfUtils.java:logGet(46)) - raft.netty.dataStream.server.tls.conf = null (default)
2023-11-06 09:26:39,378 [main] INFO  netty.NettyConfigKeys$DataStream (ConfUtils.java:logGet(46)) - raft.netty.dataStream.host = null (default)
2023-11-06 09:26:39,378 [main] INFO  netty.NettyConfigKeys$DataStream (ConfUtils.java:logGet(46)) - raft.netty.dataStream.port = 15033 (custom)
2023-11-06 09:26:39,379 [main] INFO  server.RaftServerConfigKeys (ConfUtils.java:logGet(46)) - raft.server.threadpool.proxy.cached = true (default)
2023-11-06 09:26:39,379 [main] INFO  server.RaftServerConfigKeys (ConfUtils.java:logGet(46)) - raft.server.threadpool.proxy.size = 0 (default)
2023-11-06 09:26:39,380 [main] INFO  server.RaftServerConfigKeys (ConfUtils.java:logGet(46)) - raft.server.rpc.slowness.timeout = 300s (custom)
2023-11-06 09:26:39,380 [main] INFO  server.RaftServerConfigKeys (ConfUtils.java:logGet(46)) - raft.server.leaderelection.leader.step-down.wait-time = 10s (default)
2023-11-06 09:26:39,380 [main] INFO  server.RaftServerConfigKeys (ConfUtils.java:logGet(46)) - raft.server.storage.dir = [/home/runner/work/ozone/ozone/hadoop-ozone/integration-test/target/test-dir/MiniOzoneClusterImpl-938474ea-96d6-4bd3-a45f-678920fb0bb2/datanode-2/data/ratis] (custom)
2023-11-06 09:26:39,382 [d9016e39-0130-4fd9-896a-cac3c2785d02-NettyServerStreamRpc-bossGroup--thread1] INFO  logging.LoggingHandler (AbstractInternalLogger.java:log(148)) - [id: 0xe9ba1a08] REGISTERED
2023-11-06 09:26:39,382 [d9016e39-0130-4fd9-896a-cac3c2785d02-NettyServerStreamRpc-bossGroup--thread1] INFO  logging.LoggingHandler (AbstractInternalLogger.java:log(148)) - [id: 0xe9ba1a08] BIND: 0.0.0.0/0.0.0.0:15033
2023-11-06 09:26:39,383 [d9016e39-0130-4fd9-896a-cac3c2785d02-NettyServerStreamRpc-bossGroup--thread1] INFO  logging.LoggingHandler (AbstractInternalLogger.java:log(148)) - [id: 0xe9ba1a08, L:/0:0:0:0:0:0:0:0:15033] ACTIVE
2023-11-06 09:26:39,384 [d9016e39-0130-4fd9-896a-cac3c2785d02-impl-thread1] INFO  server.RaftServer (RaftServerProxy.java:initGroupDir(258)) - d9016e39-0130-4fd9-896a-cac3c2785d02: found a subdirectory /home/runner/work/ozone/ozone/hadoop-ozone/integration-test/target/test-dir/MiniOzoneClusterImpl-938474ea-96d6-4bd3-a45f-678920fb0bb2/datanode-2/data/ratis/tmp
2023-11-06 09:26:39,384 [d9016e39-0130-4fd9-896a-cac3c2785d02-impl-thread1] INFO  server.RaftServer (RaftServerProxy.java:initGroupDir(263)) - d9016e39-0130-4fd9-896a-cac3c2785d02: The directory /home/runner/work/ozone/ozone/hadoop-ozone/integration-test/target/test-dir/MiniOzoneClusterImpl-938474ea-96d6-4bd3-a45f-678920fb0bb2/datanode-2/data/ratis/tmp is not a group directory; ignoring it. 
2023-11-06 09:26:39,385 [main] INFO  replication.ReplicationServer (ReplicationServer.java:<init>(85)) - Initializing replication server with thread count = 10 queue length = 4096
2023-11-06 09:26:39,386 [main] INFO  server.XceiverServerGrpc (XceiverServerGrpc.java:<init>(135)) - GrpcServer channel type EpollServerSocketChannel
2023-11-06 09:26:39,388 [main] INFO  replication.ReplicationSupervisor (ReplicationSupervisor.java:build(163)) - Initializing replication supervisor with thread count = 10
2023-11-06 09:26:39,390 [main] INFO  replication.ReplicationSupervisor (ReplicationSupervisor.java:nodeStateUpdated(317)) - Node state updated to IN_SERVICE, scaling executor pool size to 10
2023-11-06 09:26:39,402 [main] INFO  http.BaseHttpServer (BaseHttpServer.java:newHttpServer2BuilderForOzone(223)) - Starting Web-server for hddsDatanode at: http://0.0.0.0:15027
2023-11-06 09:26:39,403 [main] INFO  http.BaseHttpServer (BaseHttpServer.java:<init>(110)) - Hadoop Security Enabled: false Ozone Security Enabled: false Ozone HTTP Security Enabled: false 
2023-11-06 09:26:39,406 [main] WARN  server.AuthenticationFilter (AuthenticationFilter.java:constructSecretProvider(240)) - Unable to initialize FileSignerSecretProvider, falling back to use random secrets. Reason: Could not read signature secret file: /home/runner/hadoop-http-auth-signature-secret
2023-11-06 09:26:39,413 [main] INFO  http.HttpRequestLog (HttpRequestLog.java:getRequestLog(86)) - Http request log for http.requests.hddsDatanode is not defined
2023-11-06 09:26:39,415 [main] INFO  http.HttpServer2 (HttpServer2.java:addGlobalFilter(1031)) - Added global filter 'safety' (class=org.apache.hadoop.hdds.server.http.HttpServer2$QuotingInputFilter)
2023-11-06 09:26:39,416 [main] INFO  http.HttpServer2 (HttpServer2.java:addFilter(1007)) - Added filter static_user_filter (class=org.apache.hadoop.http.lib.StaticUserWebFilter$StaticUserFilter) to context hddsDatanode
2023-11-06 09:26:39,416 [main] INFO  http.HttpServer2 (HttpServer2.java:addFilter(1015)) - Added filter static_user_filter (class=org.apache.hadoop.http.lib.StaticUserWebFilter$StaticUserFilter) to context logs
2023-11-06 09:26:39,416 [main] INFO  http.HttpServer2 (HttpServer2.java:addFilter(1015)) - Added filter static_user_filter (class=org.apache.hadoop.http.lib.StaticUserWebFilter$StaticUserFilter) to context static
2023-11-06 09:26:39,417 [main] INFO  http.BaseHttpServer (BaseHttpServer.java:<init>(189)) - HTTP server of hddsDatanode uses base directory /home/runner/work/ozone/ozone/hadoop-ozone/integration-test/target/test-dir/MiniOzoneClusterImpl-938474ea-96d6-4bd3-a45f-678920fb0bb2/datanode-2/meta/webserver
2023-11-06 09:26:39,417 [main] INFO  http.HttpServer2 (HttpServer2.java:bindListener(1231)) - Jetty bound to port 15027
2023-11-06 09:26:39,417 [main] INFO  server.Server (Server.java:doStart(375)) - jetty-9.4.53.v20231009; built: 2023-10-09T12:29:09.265Z; git: 27bde00a0b95a1d5bbee0eae7984f891d2d0f8c9; jvm 1.8.0_382-b05
2023-11-06 09:26:39,438 [main] INFO  server.session (DefaultSessionIdManager.java:doStart(334)) - DefaultSessionIdManager workerName=node0
2023-11-06 09:26:39,438 [main] INFO  server.session (DefaultSessionIdManager.java:doStart(339)) - No SessionScavenger set, using defaults
2023-11-06 09:26:39,438 [main] INFO  server.session (HouseKeeper.java:startScavenging(132)) - node0 Scavenging every 660000ms
2023-11-06 09:26:39,439 [main] INFO  handler.ContextHandler (ContextHandler.java:doStart(921)) - Started o.e.j.s.ServletContextHandler@4c5b133e{logs,/logs,file:///home/runner/work/ozone/ozone/hadoop-ozone/integration-test/target/log,AVAILABLE}
2023-11-06 09:26:39,440 [main] INFO  handler.ContextHandler (ContextHandler.java:doStart(921)) - Started o.e.j.s.ServletContextHandler@78dbfc95{static,/static,jar:file:/home/runner/.m2/repository/org/apache/ozone/hdds-container-service/1.4.0-SNAPSHOT/hdds-container-service-1.4.0-SNAPSHOT.jar!/webapps/static,AVAILABLE}
2023-11-06 09:26:39,456 [om1@group-C5BA1605619E-SegmentedRaftLogWorker] INFO  segmented.SegmentedRaftLogWorker (SegmentedRaftLogWorker.java:execute(651)) - om1@group-C5BA1605619E-SegmentedRaftLogWorker: created new log segment /home/runner/work/ozone/ozone/hadoop-ozone/integration-test/target/test-dir/MiniOzoneClusterImpl-938474ea-96d6-4bd3-a45f-678920fb0bb2/ozone-meta/ratis/bf265839-605b-3f16-9796-c5ba1605619e/current/log_inprogress_0
2023-11-06 09:26:39,499 [main] INFO  handler.ContextHandler (ContextHandler.java:doStart(921)) - Started o.e.j.w.WebAppContext@4812cc88{hddsDatanode,/,file:///home/runner/work/ozone/ozone/hadoop-ozone/integration-test/target/test-dir/MiniOzoneClusterImpl-938474ea-96d6-4bd3-a45f-678920fb0bb2/datanode-2/meta/webserver/jetty-0_0_0_0-15027-hdds-container-service-1_4_0-SNAPSHOT_jar-_-any-4691648065274821104/webapp/,AVAILABLE}{jar:file:/home/runner/.m2/repository/org/apache/ozone/hdds-container-service/1.4.0-SNAPSHOT/hdds-container-service-1.4.0-SNAPSHOT.jar!/webapps/hddsDatanode}
2023-11-06 09:26:39,501 [main] INFO  server.AbstractConnector (AbstractConnector.java:doStart(333)) - Started ServerConnector@3f1d358d{HTTP/1.1, (http/1.1)}{0.0.0.0:15027}
2023-11-06 09:26:39,501 [main] INFO  server.Server (Server.java:doStart(415)) - Started @9063ms
2023-11-06 09:26:39,502 [main] WARN  impl.MetricsSystemImpl (MetricsSystemImpl.java:register(279)) - Sink prometheus already exists!
2023-11-06 09:26:39,509 [main] INFO  http.BaseHttpServer (BaseHttpServer.java:updateConnectorAddress(354)) - HTTP server of hddsDatanode listening at http://0.0.0.0:15027
2023-11-06 09:26:39,510 [main] INFO  ipc.CallQueueManager (CallQueueManager.java:<init>(90)) - Using callQueue: class java.util.concurrent.LinkedBlockingQueue, queueCapacity: 100, scheduler: class org.apache.hadoop.ipc.DefaultRpcScheduler, ipcBackoff: false.
2023-11-06 09:26:39,511 [main] INFO  ipc.Server (Server.java:<init>(1287)) - Listener at 0.0.0.0:15028
2023-11-06 09:26:39,514 [Socket Reader #1 for port 15028] INFO  ipc.Server (Server.java:run(1323)) - Starting Socket Reader #1 for port 15028
2023-11-06 09:26:39,522 [main] INFO  ozone.HddsDatanodeService (HddsDatanodeService.java:start(325)) - Datanode start with admins: [runner]
2023-11-06 09:26:39,523 [main] INFO  ozone.HddsDatanodeClientProtocolServer (HddsDatanodeClientProtocolServer.java:start(72)) - RPC server for Client /0.0.0.0:15028
2023-11-06 09:26:39,525 [IPC Server Responder] INFO  ipc.Server (Server.java:run(1562)) - IPC Server Responder: starting
2023-11-06 09:26:39,526 [IPC Server listener on 15028] INFO  ipc.Server (Server.java:run(1402)) - IPC Server listener on 15028: starting
2023-11-06 09:26:39,527 [d9016e39-0130-4fd9-896a-cac3c2785d02-DatanodeStateMachineDaemonThread] INFO  statemachine.DatanodeStateMachine (DatanodeStateMachine.java:lambda$startDaemon$1(555)) - Ozone container server started.
2023-11-06 09:26:39,527 [main] WARN  impl.MetricRegistriesImpl (MetricRegistriesImpl.java:addReporterRegistration(111)) - New reporters are added after registries were created. Some metrics will be missing from the reporter. Please add reporter before adding any new registry.
2023-11-06 09:26:39,532 [main] WARN  impl.MetricRegistriesImpl (MetricRegistriesImpl.java:addReporterRegistration(111)) - New reporters are added after registries were created. Some metrics will be missing from the reporter. Please add reporter before adding any new registry.
2023-11-06 09:26:39,533 [main] INFO  impl.MetricsSystemImpl (MetricsSystemImpl.java:init(158)) - HddsDatanode metrics system started (again)
2023-11-06 09:26:39,567 [main] INFO  ozone.HddsDatanodeService (HddsDatanodeService.java:start(240)) - HddsDatanodeService host:fv-az241-347.2tfxs3cvuluejhi1wdm4o5ef4c.bx.internal.cloudapp.net ip:10.1.0.6
2023-11-06 09:26:39,569 [d9016e39-0130-4fd9-896a-cac3c2785d02-DatanodeStateMachineTaskThread-0] INFO  datanode.InitDatanodeState (InitDatanodeState.java:persistContainerDatanodeDetails(139)) - DatanodeDetails is persisted to /home/runner/work/ozone/ozone/hadoop-ozone/integration-test/target/test-dir/MiniOzoneClusterImpl-938474ea-96d6-4bd3-a45f-678920fb0bb2/datanode-2/meta/datanode.id
2023-11-06 09:26:39,591 [main] INFO  upgrade.AbstractLayoutVersionManager (AbstractLayoutVersionManager.java:init(83)) - Initializing Layout version manager with metadata layout = HADOOP_PRC_PORTS_IN_DATANODEDETAILS (version = 7), software layout = HADOOP_PRC_PORTS_IN_DATANODEDETAILS (version = 7)
2023-11-06 09:26:39,593 [main] INFO  statemachine.DatanodeStateMachine (DatanodeStateMachine.java:getEndPointTaskThreadPoolSize(299)) - Datanode State Machine Task Thread Pool size 2
2023-11-06 09:26:39,596 [main] INFO  volume.HddsVolume (HddsVolume.java:<init>(126)) - Creating HddsVolume: /home/runner/work/ozone/ozone/hadoop-ozone/integration-test/target/test-dir/MiniOzoneClusterImpl-938474ea-96d6-4bd3-a45f-678920fb0bb2/datanode-3/data-0/containers/hdds of storage type : DISK capacity : 9223372036854775807
2023-11-06 09:26:39,597 [main] INFO  volume.MutableVolumeSet (MutableVolumeSet.java:initializeVolumeSet(173)) - Added Volume : /home/runner/work/ozone/ozone/hadoop-ozone/integration-test/target/test-dir/MiniOzoneClusterImpl-938474ea-96d6-4bd3-a45f-678920fb0bb2/datanode-3/data-0/containers/hdds to VolumeSet
2023-11-06 09:26:39,598 [main] INFO  volume.MutableVolumeSet (MutableVolumeSet.java:initializeVolumeSet(173)) - Added Volume : /home/runner/work/ozone/ozone/hadoop-ozone/integration-test/target/test-dir/MiniOzoneClusterImpl-938474ea-96d6-4bd3-a45f-678920fb0bb2/datanode-3/data/ratis to VolumeSet
2023-11-06 09:26:39,599 [fadd24ee-4463-4420-97cf-bdd350ad83ae-ContainerReader-0] INFO  ozoneimpl.ContainerReader (ContainerReader.java:readVolume(177)) - Finish verifying containers on volume /home/runner/work/ozone/ozone/hadoop-ozone/integration-test/target/test-dir/MiniOzoneClusterImpl-938474ea-96d6-4bd3-a45f-678920fb0bb2/datanode-3/data-0/containers/hdds
2023-11-06 09:26:39,600 [main] INFO  ozoneimpl.OzoneContainer (OzoneContainer.java:buildContainerSet(326)) - Build ContainerSet costs 0s
2023-11-06 09:26:39,604 [main] INFO  server.RaftServer (ConfUtils.java:logGet(46)) - raft.rpc.type = GRPC (default)
2023-11-06 09:26:39,604 [main] INFO  grpc.GrpcConfigKeys (ConfUtils.java:logFallback(53)) - raft.grpc.admin.host = null (fallback to raft.grpc.server.host)
2023-11-06 09:26:39,605 [main] INFO  grpc.GrpcConfigKeys (ConfUtils.java:logGet(46)) - raft.grpc.admin.port = 15040 (custom)
2023-11-06 09:26:39,605 [main] INFO  grpc.GrpcConfigKeys (ConfUtils.java:logFallback(53)) - raft.grpc.client.host = null (fallback to raft.grpc.server.host)
2023-11-06 09:26:39,606 [main] INFO  grpc.GrpcConfigKeys (ConfUtils.java:logGet(46)) - raft.grpc.client.port = 15039 (custom)
2023-11-06 09:26:39,606 [main] INFO  grpc.GrpcConfigKeys (ConfUtils.java:logGet(46)) - raft.grpc.server.host = null (default)
2023-11-06 09:26:39,607 [main] INFO  grpc.GrpcConfigKeys (ConfUtils.java:logGet(46)) - raft.grpc.server.port = 15041 (custom)
2023-11-06 09:26:39,607 [main] INFO  server.GrpcService (ConfUtils.java:logGet(46)) - raft.grpc.message.size.max = 32MB (=33554432) (custom)
2023-11-06 09:26:39,608 [main] INFO  server.RaftServerConfigKeys (ConfUtils.java:logGet(46)) - raft.server.log.appender.buffer.byte-limit = 33554432 (custom)
2023-11-06 09:26:39,608 [main] INFO  server.GrpcService (ConfUtils.java:logGet(46)) - raft.grpc.flow.control.window = 5MB (=5242880) (custom)
2023-11-06 09:26:39,609 [main] INFO  server.RaftServerConfigKeys (ConfUtils.java:logGet(46)) - raft.server.rpc.request.timeout = 60s (custom)
2023-11-06 09:26:39,609 [main] INFO  grpc.GrpcConfigKeys (ConfUtils.java:logGet(46)) - raft.grpc.server.heartbeat.channel = true (default)
2023-11-06 09:26:39,610 [main] INFO  grpc.GrpcConfigKeys (ConfUtils.java:logGet(46)) - raft.grpc.server.async.request.thread.pool.cached = true (default)
2023-11-06 09:26:39,610 [main] INFO  grpc.GrpcConfigKeys (ConfUtils.java:logGet(46)) - raft.grpc.server.async.request.thread.pool.size = 32 (default)
2023-11-06 09:26:39,614 [main] INFO  impl.DataStreamServerImpl (ConfUtils.java:logGet(46)) - raft.datastream.type = NETTY (custom)
2023-11-06 09:26:39,614 [main] INFO  server.RaftServerConfigKeys (ConfUtils.java:logGet(46)) - raft.server.data-stream.async.request.thread.pool.cached = false (default)
2023-11-06 09:26:39,615 [main] INFO  server.RaftServerConfigKeys (ConfUtils.java:logGet(46)) - raft.server.data-stream.async.request.thread.pool.size = 20 (custom)
2023-11-06 09:26:39,615 [main] INFO  server.RaftServerConfigKeys (ConfUtils.java:logGet(46)) - raft.server.data-stream.async.write.thread.pool.size = 16 (default)
2023-11-06 09:26:39,616 [main] INFO  server.RaftServerConfigKeys (ConfUtils.java:logGet(46)) - raft.server.data-stream.client.pool.size = 10 (default)
2023-11-06 09:26:39,616 [main] INFO  netty.NettyConfigKeys$DataStream (ConfUtils.java:logGet(46)) - raft.netty.dataStream.server.use-epoll = false (default)
2023-11-06 09:26:39,617 [main] INFO  netty.NettyConfigKeys$DataStream (ConfUtils.java:logGet(46)) - raft.netty.dataStream.server.boss-group.size = 0 (default)
2023-11-06 09:26:39,618 [main] INFO  netty.NettyConfigKeys$DataStream (ConfUtils.java:logGet(46)) - raft.netty.dataStream.server.worker-group.size = 0 (default)
2023-11-06 09:26:39,618 [main] INFO  netty.NettyConfigKeys$DataStream (ConfUtils.java:logGet(46)) - raft.netty.dataStream.server.tls.conf = null (default)
2023-11-06 09:26:39,619 [main] INFO  netty.NettyConfigKeys$DataStream (ConfUtils.java:logGet(46)) - raft.netty.dataStream.host = null (default)
2023-11-06 09:26:39,619 [main] INFO  netty.NettyConfigKeys$DataStream (ConfUtils.java:logGet(46)) - raft.netty.dataStream.port = 15042 (custom)
2023-11-06 09:26:39,620 [main] INFO  server.RaftServerConfigKeys (ConfUtils.java:logGet(46)) - raft.server.threadpool.proxy.cached = true (default)
2023-11-06 09:26:39,620 [main] INFO  server.RaftServerConfigKeys (ConfUtils.java:logGet(46)) - raft.server.threadpool.proxy.size = 0 (default)
2023-11-06 09:26:39,620 [main] INFO  server.RaftServerConfigKeys (ConfUtils.java:logGet(46)) - raft.server.rpc.slowness.timeout = 300s (custom)
2023-11-06 09:26:39,621 [main] INFO  server.RaftServerConfigKeys (ConfUtils.java:logGet(46)) - raft.server.leaderelection.leader.step-down.wait-time = 10s (default)
2023-11-06 09:26:39,621 [main] INFO  server.RaftServerConfigKeys (ConfUtils.java:logGet(46)) - raft.server.storage.dir = [/home/runner/work/ozone/ozone/hadoop-ozone/integration-test/target/test-dir/MiniOzoneClusterImpl-938474ea-96d6-4bd3-a45f-678920fb0bb2/datanode-3/data/ratis] (custom)
2023-11-06 09:26:39,626 [fadd24ee-4463-4420-97cf-bdd350ad83ae-impl-thread1] INFO  server.RaftServer (RaftServerProxy.java:initGroupDir(258)) - fadd24ee-4463-4420-97cf-bdd350ad83ae: found a subdirectory /home/runner/work/ozone/ozone/hadoop-ozone/integration-test/target/test-dir/MiniOzoneClusterImpl-938474ea-96d6-4bd3-a45f-678920fb0bb2/datanode-3/data/ratis/tmp
2023-11-06 09:26:39,626 [fadd24ee-4463-4420-97cf-bdd350ad83ae-impl-thread1] INFO  server.RaftServer (RaftServerProxy.java:initGroupDir(263)) - fadd24ee-4463-4420-97cf-bdd350ad83ae: The directory /home/runner/work/ozone/ozone/hadoop-ozone/integration-test/target/test-dir/MiniOzoneClusterImpl-938474ea-96d6-4bd3-a45f-678920fb0bb2/datanode-3/data/ratis/tmp is not a group directory; ignoring it. 
2023-11-06 09:26:39,627 [fadd24ee-4463-4420-97cf-bdd350ad83ae-NettyServerStreamRpc-bossGroup--thread1] INFO  logging.LoggingHandler (AbstractInternalLogger.java:log(148)) - [id: 0x16678d42] REGISTERED
2023-11-06 09:26:39,627 [fadd24ee-4463-4420-97cf-bdd350ad83ae-NettyServerStreamRpc-bossGroup--thread1] INFO  logging.LoggingHandler (AbstractInternalLogger.java:log(148)) - [id: 0x16678d42] BIND: 0.0.0.0/0.0.0.0:15042
2023-11-06 09:26:39,628 [main] INFO  replication.ReplicationServer (ReplicationServer.java:<init>(85)) - Initializing replication server with thread count = 10 queue length = 4096
2023-11-06 09:26:39,629 [main] INFO  server.XceiverServerGrpc (XceiverServerGrpc.java:<init>(135)) - GrpcServer channel type EpollServerSocketChannel
2023-11-06 09:26:39,631 [main] INFO  replication.ReplicationSupervisor (ReplicationSupervisor.java:build(163)) - Initializing replication supervisor with thread count = 10
2023-11-06 09:26:39,632 [main] INFO  replication.ReplicationSupervisor (ReplicationSupervisor.java:nodeStateUpdated(317)) - Node state updated to IN_SERVICE, scaling executor pool size to 10
2023-11-06 09:26:39,634 [fadd24ee-4463-4420-97cf-bdd350ad83ae-NettyServerStreamRpc-bossGroup--thread1] INFO  logging.LoggingHandler (AbstractInternalLogger.java:log(148)) - [id: 0x16678d42, L:/0:0:0:0:0:0:0:0:15042] ACTIVE
2023-11-06 09:26:39,638 [main] INFO  http.BaseHttpServer (BaseHttpServer.java:newHttpServer2BuilderForOzone(223)) - Starting Web-server for hddsDatanode at: http://0.0.0.0:15036
2023-11-06 09:26:39,639 [main] INFO  http.BaseHttpServer (BaseHttpServer.java:<init>(110)) - Hadoop Security Enabled: false Ozone Security Enabled: false Ozone HTTP Security Enabled: false 
2023-11-06 09:26:39,641 [main] WARN  server.AuthenticationFilter (AuthenticationFilter.java:constructSecretProvider(240)) - Unable to initialize FileSignerSecretProvider, falling back to use random secrets. Reason: Could not read signature secret file: /home/runner/hadoop-http-auth-signature-secret
2023-11-06 09:26:39,642 [main] INFO  http.HttpRequestLog (HttpRequestLog.java:getRequestLog(86)) - Http request log for http.requests.hddsDatanode is not defined
2023-11-06 09:26:39,640 [om1@group-C5BA1605619E-StateMachineUpdater] INFO  ratis.OzoneManagerStateMachine (OzoneManagerStateMachine.java:notifyConfigurationChanged(208)) - Received Configuration change notification from Ratis. New Peer list:
[id: "om1"
address: "localhost:15007"
startupRole: FOLLOWER
]
2023-11-06 09:26:39,644 [main] INFO  http.HttpServer2 (HttpServer2.java:addGlobalFilter(1031)) - Added global filter 'safety' (class=org.apache.hadoop.hdds.server.http.HttpServer2$QuotingInputFilter)
2023-11-06 09:26:39,645 [main] INFO  http.HttpServer2 (HttpServer2.java:addFilter(1007)) - Added filter static_user_filter (class=org.apache.hadoop.http.lib.StaticUserWebFilter$StaticUserFilter) to context hddsDatanode
2023-11-06 09:26:39,645 [main] INFO  http.HttpServer2 (HttpServer2.java:addFilter(1015)) - Added filter static_user_filter (class=org.apache.hadoop.http.lib.StaticUserWebFilter$StaticUserFilter) to context static
2023-11-06 09:26:39,645 [main] INFO  http.HttpServer2 (HttpServer2.java:addFilter(1015)) - Added filter static_user_filter (class=org.apache.hadoop.http.lib.StaticUserWebFilter$StaticUserFilter) to context logs
2023-11-06 09:26:39,646 [main] INFO  http.BaseHttpServer (BaseHttpServer.java:<init>(189)) - HTTP server of hddsDatanode uses base directory /home/runner/work/ozone/ozone/hadoop-ozone/integration-test/target/test-dir/MiniOzoneClusterImpl-938474ea-96d6-4bd3-a45f-678920fb0bb2/datanode-3/meta/webserver
2023-11-06 09:26:39,646 [main] INFO  http.HttpServer2 (HttpServer2.java:bindListener(1231)) - Jetty bound to port 15036
2023-11-06 09:26:39,647 [main] INFO  server.Server (Server.java:doStart(375)) - jetty-9.4.53.v20231009; built: 2023-10-09T12:29:09.265Z; git: 27bde00a0b95a1d5bbee0eae7984f891d2d0f8c9; jvm 1.8.0_382-b05
2023-11-06 09:26:39,651 [main] INFO  server.session (DefaultSessionIdManager.java:doStart(334)) - DefaultSessionIdManager workerName=node0
2023-11-06 09:26:39,652 [main] INFO  server.session (DefaultSessionIdManager.java:doStart(339)) - No SessionScavenger set, using defaults
2023-11-06 09:26:39,652 [main] INFO  server.session (HouseKeeper.java:startScavenging(132)) - node0 Scavenging every 660000ms
2023-11-06 09:26:39,653 [main] INFO  handler.ContextHandler (ContextHandler.java:doStart(921)) - Started o.e.j.s.ServletContextHandler@1f63fdf4{logs,/logs,file:///home/runner/work/ozone/ozone/hadoop-ozone/integration-test/target/log,AVAILABLE}
2023-11-06 09:26:39,654 [main] INFO  handler.ContextHandler (ContextHandler.java:doStart(921)) - Started o.e.j.s.ServletContextHandler@2c14eb95{static,/static,jar:file:/home/runner/.m2/repository/org/apache/ozone/hdds-container-service/1.4.0-SNAPSHOT/hdds-container-service-1.4.0-SNAPSHOT.jar!/webapps/static,AVAILABLE}
2023-11-06 09:26:39,704 [main] INFO  handler.ContextHandler (ContextHandler.java:doStart(921)) - Started o.e.j.w.WebAppContext@60496385{hddsDatanode,/,file:///home/runner/work/ozone/ozone/hadoop-ozone/integration-test/target/test-dir/MiniOzoneClusterImpl-938474ea-96d6-4bd3-a45f-678920fb0bb2/datanode-3/meta/webserver/jetty-0_0_0_0-15036-hdds-container-service-1_4_0-SNAPSHOT_jar-_-any-1706178055141081801/webapp/,AVAILABLE}{jar:file:/home/runner/.m2/repository/org/apache/ozone/hdds-container-service/1.4.0-SNAPSHOT/hdds-container-service-1.4.0-SNAPSHOT.jar!/webapps/hddsDatanode}
2023-11-06 09:26:39,706 [main] INFO  server.AbstractConnector (AbstractConnector.java:doStart(333)) - Started ServerConnector@74d3ed15{HTTP/1.1, (http/1.1)}{0.0.0.0:15036}
2023-11-06 09:26:39,707 [main] INFO  server.Server (Server.java:doStart(415)) - Started @9268ms
2023-11-06 09:26:39,707 [main] WARN  impl.MetricsSystemImpl (MetricsSystemImpl.java:register(279)) - Sink prometheus already exists!
2023-11-06 09:26:39,708 [main] INFO  http.BaseHttpServer (BaseHttpServer.java:updateConnectorAddress(354)) - HTTP server of hddsDatanode listening at http://0.0.0.0:15036
2023-11-06 09:26:39,708 [main] INFO  ipc.CallQueueManager (CallQueueManager.java:<init>(90)) - Using callQueue: class java.util.concurrent.LinkedBlockingQueue, queueCapacity: 100, scheduler: class org.apache.hadoop.ipc.DefaultRpcScheduler, ipcBackoff: false.
2023-11-06 09:26:39,709 [main] INFO  ipc.Server (Server.java:<init>(1287)) - Listener at 0.0.0.0:15037
2023-11-06 09:26:39,710 [Socket Reader #1 for port 15037] INFO  ipc.Server (Server.java:run(1323)) - Starting Socket Reader #1 for port 15037
2023-11-06 09:26:39,713 [main] INFO  ozone.HddsDatanodeService (HddsDatanodeService.java:start(325)) - Datanode start with admins: [runner]
2023-11-06 09:26:39,714 [main] INFO  ozone.HddsDatanodeClientProtocolServer (HddsDatanodeClientProtocolServer.java:start(72)) - RPC server for Client /0.0.0.0:15037
2023-11-06 09:26:39,716 [IPC Server Responder] INFO  ipc.Server (Server.java:run(1562)) - IPC Server Responder: starting
2023-11-06 09:26:39,717 [IPC Server listener on 15037] INFO  ipc.Server (Server.java:run(1402)) - IPC Server listener on 15037: starting
2023-11-06 09:26:39,720 [main] WARN  impl.MetricRegistriesImpl (MetricRegistriesImpl.java:addReporterRegistration(111)) - New reporters are added after registries were created. Some metrics will be missing from the reporter. Please add reporter before adding any new registry.
2023-11-06 09:26:39,721 [main] WARN  impl.MetricRegistriesImpl (MetricRegistriesImpl.java:addReporterRegistration(111)) - New reporters are added after registries were created. Some metrics will be missing from the reporter. Please add reporter before adding any new registry.
2023-11-06 09:26:39,722 [main] INFO  impl.MetricsSystemImpl (MetricsSystemImpl.java:init(158)) - HddsDatanode metrics system started (again)
2023-11-06 09:26:39,725 [fadd24ee-4463-4420-97cf-bdd350ad83ae-DatanodeStateMachineDaemonThread] INFO  statemachine.DatanodeStateMachine (DatanodeStateMachine.java:lambda$startDaemon$1(555)) - Ozone container server started.
2023-11-06 09:26:39,742 [fadd24ee-4463-4420-97cf-bdd350ad83ae-DatanodeStateMachineTaskThread-0] INFO  datanode.InitDatanodeState (InitDatanodeState.java:persistContainerDatanodeDetails(139)) - DatanodeDetails is persisted to /home/runner/work/ozone/ozone/hadoop-ozone/integration-test/target/test-dir/MiniOzoneClusterImpl-938474ea-96d6-4bd3-a45f-678920fb0bb2/datanode-3/meta/datanode.id
2023-11-06 09:26:39,745 [main] INFO  ozone.HddsDatanodeService (HddsDatanodeService.java:start(240)) - HddsDatanodeService host:fv-az241-347.2tfxs3cvuluejhi1wdm4o5ef4c.bx.internal.cloudapp.net ip:10.1.0.6
2023-11-06 09:26:39,767 [main] INFO  upgrade.AbstractLayoutVersionManager (AbstractLayoutVersionManager.java:init(83)) - Initializing Layout version manager with metadata layout = HADOOP_PRC_PORTS_IN_DATANODEDETAILS (version = 7), software layout = HADOOP_PRC_PORTS_IN_DATANODEDETAILS (version = 7)
2023-11-06 09:26:39,769 [main] INFO  statemachine.DatanodeStateMachine (DatanodeStateMachine.java:getEndPointTaskThreadPoolSize(299)) - Datanode State Machine Task Thread Pool size 2
2023-11-06 09:26:39,772 [main] INFO  volume.HddsVolume (HddsVolume.java:<init>(126)) - Creating HddsVolume: /home/runner/work/ozone/ozone/hadoop-ozone/integration-test/target/test-dir/MiniOzoneClusterImpl-938474ea-96d6-4bd3-a45f-678920fb0bb2/datanode-4/data-0/containers/hdds of storage type : DISK capacity : 9223372036854775807
2023-11-06 09:26:39,773 [main] INFO  volume.MutableVolumeSet (MutableVolumeSet.java:initializeVolumeSet(173)) - Added Volume : /home/runner/work/ozone/ozone/hadoop-ozone/integration-test/target/test-dir/MiniOzoneClusterImpl-938474ea-96d6-4bd3-a45f-678920fb0bb2/datanode-4/data-0/containers/hdds to VolumeSet
2023-11-06 09:26:39,774 [main] INFO  volume.MutableVolumeSet (MutableVolumeSet.java:initializeVolumeSet(173)) - Added Volume : /home/runner/work/ozone/ozone/hadoop-ozone/integration-test/target/test-dir/MiniOzoneClusterImpl-938474ea-96d6-4bd3-a45f-678920fb0bb2/datanode-4/data/ratis to VolumeSet
2023-11-06 09:26:39,777 [4cee0e49-9f18-41f8-8e67-157ccbc15955-ContainerReader-0] INFO  ozoneimpl.ContainerReader (ContainerReader.java:readVolume(177)) - Finish verifying containers on volume /home/runner/work/ozone/ozone/hadoop-ozone/integration-test/target/test-dir/MiniOzoneClusterImpl-938474ea-96d6-4bd3-a45f-678920fb0bb2/datanode-4/data-0/containers/hdds
2023-11-06 09:26:39,777 [main] INFO  ozoneimpl.OzoneContainer (OzoneContainer.java:buildContainerSet(326)) - Build ContainerSet costs 0s
2023-11-06 09:26:39,782 [main] INFO  server.RaftServer (ConfUtils.java:logGet(46)) - raft.rpc.type = GRPC (default)
2023-11-06 09:26:39,782 [main] INFO  grpc.GrpcConfigKeys (ConfUtils.java:logFallback(53)) - raft.grpc.admin.host = null (fallback to raft.grpc.server.host)
2023-11-06 09:26:39,783 [main] INFO  grpc.GrpcConfigKeys (ConfUtils.java:logGet(46)) - raft.grpc.admin.port = 15049 (custom)
2023-11-06 09:26:39,783 [main] INFO  grpc.GrpcConfigKeys (ConfUtils.java:logFallback(53)) - raft.grpc.client.host = null (fallback to raft.grpc.server.host)
2023-11-06 09:26:39,784 [main] INFO  grpc.GrpcConfigKeys (ConfUtils.java:logGet(46)) - raft.grpc.client.port = 15048 (custom)
2023-11-06 09:26:39,784 [main] INFO  grpc.GrpcConfigKeys (ConfUtils.java:logGet(46)) - raft.grpc.server.host = null (default)
2023-11-06 09:26:39,784 [main] INFO  grpc.GrpcConfigKeys (ConfUtils.java:logGet(46)) - raft.grpc.server.port = 15050 (custom)
2023-11-06 09:26:39,785 [main] INFO  server.GrpcService (ConfUtils.java:logGet(46)) - raft.grpc.message.size.max = 32MB (=33554432) (custom)
2023-11-06 09:26:39,785 [main] INFO  server.RaftServerConfigKeys (ConfUtils.java:logGet(46)) - raft.server.log.appender.buffer.byte-limit = 33554432 (custom)
2023-11-06 09:26:39,785 [main] INFO  server.GrpcService (ConfUtils.java:logGet(46)) - raft.grpc.flow.control.window = 5MB (=5242880) (custom)
2023-11-06 09:26:39,786 [main] INFO  server.RaftServerConfigKeys (ConfUtils.java:logGet(46)) - raft.server.rpc.request.timeout = 60s (custom)
2023-11-06 09:26:39,786 [main] INFO  grpc.GrpcConfigKeys (ConfUtils.java:logGet(46)) - raft.grpc.server.heartbeat.channel = true (default)
2023-11-06 09:26:39,786 [main] INFO  grpc.GrpcConfigKeys (ConfUtils.java:logGet(46)) - raft.grpc.server.async.request.thread.pool.cached = true (default)
2023-11-06 09:26:39,787 [main] INFO  grpc.GrpcConfigKeys (ConfUtils.java:logGet(46)) - raft.grpc.server.async.request.thread.pool.size = 32 (default)
2023-11-06 09:26:39,790 [main] INFO  impl.DataStreamServerImpl (ConfUtils.java:logGet(46)) - raft.datastream.type = NETTY (custom)
2023-11-06 09:26:39,790 [main] INFO  server.RaftServerConfigKeys (ConfUtils.java:logGet(46)) - raft.server.data-stream.async.request.thread.pool.cached = false (default)
2023-11-06 09:26:39,791 [main] INFO  server.RaftServerConfigKeys (ConfUtils.java:logGet(46)) - raft.server.data-stream.async.request.thread.pool.size = 20 (custom)
2023-11-06 09:26:39,791 [main] INFO  server.RaftServerConfigKeys (ConfUtils.java:logGet(46)) - raft.server.data-stream.async.write.thread.pool.size = 16 (default)
2023-11-06 09:26:39,792 [main] INFO  server.RaftServerConfigKeys (ConfUtils.java:logGet(46)) - raft.server.data-stream.client.pool.size = 10 (default)
2023-11-06 09:26:39,792 [main] INFO  netty.NettyConfigKeys$DataStream (ConfUtils.java:logGet(46)) - raft.netty.dataStream.server.use-epoll = false (default)
2023-11-06 09:26:39,793 [main] INFO  netty.NettyConfigKeys$DataStream (ConfUtils.java:logGet(46)) - raft.netty.dataStream.server.boss-group.size = 0 (default)
2023-11-06 09:26:39,793 [main] INFO  netty.NettyConfigKeys$DataStream (ConfUtils.java:logGet(46)) - raft.netty.dataStream.server.worker-group.size = 0 (default)
2023-11-06 09:26:39,794 [main] INFO  netty.NettyConfigKeys$DataStream (ConfUtils.java:logGet(46)) - raft.netty.dataStream.server.tls.conf = null (default)
2023-11-06 09:26:39,794 [main] INFO  netty.NettyConfigKeys$DataStream (ConfUtils.java:logGet(46)) - raft.netty.dataStream.host = null (default)
2023-11-06 09:26:39,794 [main] INFO  netty.NettyConfigKeys$DataStream (ConfUtils.java:logGet(46)) - raft.netty.dataStream.port = 15051 (custom)
2023-11-06 09:26:39,795 [main] INFO  server.RaftServerConfigKeys (ConfUtils.java:logGet(46)) - raft.server.threadpool.proxy.cached = true (default)
2023-11-06 09:26:39,795 [main] INFO  server.RaftServerConfigKeys (ConfUtils.java:logGet(46)) - raft.server.threadpool.proxy.size = 0 (default)
2023-11-06 09:26:39,795 [main] INFO  server.RaftServerConfigKeys (ConfUtils.java:logGet(46)) - raft.server.rpc.slowness.timeout = 300s (custom)
2023-11-06 09:26:39,796 [main] INFO  server.RaftServerConfigKeys (ConfUtils.java:logGet(46)) - raft.server.leaderelection.leader.step-down.wait-time = 10s (default)
2023-11-06 09:26:39,796 [main] INFO  server.RaftServerConfigKeys (ConfUtils.java:logGet(46)) - raft.server.storage.dir = [/home/runner/work/ozone/ozone/hadoop-ozone/integration-test/target/test-dir/MiniOzoneClusterImpl-938474ea-96d6-4bd3-a45f-678920fb0bb2/datanode-4/data/ratis] (custom)
2023-11-06 09:26:39,797 [4cee0e49-9f18-41f8-8e67-157ccbc15955-impl-thread1] INFO  server.RaftServer (RaftServerProxy.java:initGroupDir(258)) - 4cee0e49-9f18-41f8-8e67-157ccbc15955: found a subdirectory /home/runner/work/ozone/ozone/hadoop-ozone/integration-test/target/test-dir/MiniOzoneClusterImpl-938474ea-96d6-4bd3-a45f-678920fb0bb2/datanode-4/data/ratis/tmp
2023-11-06 09:26:39,797 [4cee0e49-9f18-41f8-8e67-157ccbc15955-impl-thread1] INFO  server.RaftServer (RaftServerProxy.java:initGroupDir(263)) - 4cee0e49-9f18-41f8-8e67-157ccbc15955: The directory /home/runner/work/ozone/ozone/hadoop-ozone/integration-test/target/test-dir/MiniOzoneClusterImpl-938474ea-96d6-4bd3-a45f-678920fb0bb2/datanode-4/data/ratis/tmp is not a group directory; ignoring it. 
2023-11-06 09:26:39,797 [main] INFO  replication.ReplicationServer (ReplicationServer.java:<init>(85)) - Initializing replication server with thread count = 10 queue length = 4096
2023-11-06 09:26:39,799 [main] INFO  server.XceiverServerGrpc (XceiverServerGrpc.java:<init>(135)) - GrpcServer channel type EpollServerSocketChannel
2023-11-06 09:26:39,802 [4cee0e49-9f18-41f8-8e67-157ccbc15955-NettyServerStreamRpc-bossGroup--thread1] INFO  logging.LoggingHandler (AbstractInternalLogger.java:log(148)) - [id: 0xb77127ce] REGISTERED
2023-11-06 09:26:39,803 [main] INFO  replication.ReplicationSupervisor (ReplicationSupervisor.java:build(163)) - Initializing replication supervisor with thread count = 10
2023-11-06 09:26:39,804 [main] INFO  replication.ReplicationSupervisor (ReplicationSupervisor.java:nodeStateUpdated(317)) - Node state updated to IN_SERVICE, scaling executor pool size to 10
2023-11-06 09:26:39,806 [4cee0e49-9f18-41f8-8e67-157ccbc15955-NettyServerStreamRpc-bossGroup--thread1] INFO  logging.LoggingHandler (AbstractInternalLogger.java:log(148)) - [id: 0xb77127ce] BIND: 0.0.0.0/0.0.0.0:15051
2023-11-06 09:26:39,806 [4cee0e49-9f18-41f8-8e67-157ccbc15955-NettyServerStreamRpc-bossGroup--thread1] INFO  logging.LoggingHandler (AbstractInternalLogger.java:log(148)) - [id: 0xb77127ce, L:/0:0:0:0:0:0:0:0:15051] ACTIVE
2023-11-06 09:26:39,808 [main] INFO  http.BaseHttpServer (BaseHttpServer.java:newHttpServer2BuilderForOzone(223)) - Starting Web-server for hddsDatanode at: http://0.0.0.0:15045
2023-11-06 09:26:39,808 [main] INFO  http.BaseHttpServer (BaseHttpServer.java:<init>(110)) - Hadoop Security Enabled: false Ozone Security Enabled: false Ozone HTTP Security Enabled: false 
2023-11-06 09:26:39,814 [main] WARN  server.AuthenticationFilter (AuthenticationFilter.java:constructSecretProvider(240)) - Unable to initialize FileSignerSecretProvider, falling back to use random secrets. Reason: Could not read signature secret file: /home/runner/hadoop-http-auth-signature-secret
2023-11-06 09:26:39,815 [main] INFO  http.HttpRequestLog (HttpRequestLog.java:getRequestLog(86)) - Http request log for http.requests.hddsDatanode is not defined
2023-11-06 09:26:39,817 [main] INFO  http.HttpServer2 (HttpServer2.java:addGlobalFilter(1031)) - Added global filter 'safety' (class=org.apache.hadoop.hdds.server.http.HttpServer2$QuotingInputFilter)
2023-11-06 09:26:39,819 [main] INFO  http.HttpServer2 (HttpServer2.java:addFilter(1007)) - Added filter static_user_filter (class=org.apache.hadoop.http.lib.StaticUserWebFilter$StaticUserFilter) to context hddsDatanode
2023-11-06 09:26:39,820 [main] INFO  http.HttpServer2 (HttpServer2.java:addFilter(1015)) - Added filter static_user_filter (class=org.apache.hadoop.http.lib.StaticUserWebFilter$StaticUserFilter) to context static
2023-11-06 09:26:39,820 [main] INFO  http.HttpServer2 (HttpServer2.java:addFilter(1015)) - Added filter static_user_filter (class=org.apache.hadoop.http.lib.StaticUserWebFilter$StaticUserFilter) to context logs
2023-11-06 09:26:39,822 [main] INFO  http.BaseHttpServer (BaseHttpServer.java:<init>(189)) - HTTP server of hddsDatanode uses base directory /home/runner/work/ozone/ozone/hadoop-ozone/integration-test/target/test-dir/MiniOzoneClusterImpl-938474ea-96d6-4bd3-a45f-678920fb0bb2/datanode-4/meta/webserver
2023-11-06 09:26:39,823 [main] INFO  http.HttpServer2 (HttpServer2.java:bindListener(1231)) - Jetty bound to port 15045
2023-11-06 09:26:39,824 [main] INFO  server.Server (Server.java:doStart(375)) - jetty-9.4.53.v20231009; built: 2023-10-09T12:29:09.265Z; git: 27bde00a0b95a1d5bbee0eae7984f891d2d0f8c9; jvm 1.8.0_382-b05
2023-11-06 09:26:39,825 [main] INFO  server.session (DefaultSessionIdManager.java:doStart(334)) - DefaultSessionIdManager workerName=node0
2023-11-06 09:26:39,825 [main] INFO  server.session (DefaultSessionIdManager.java:doStart(339)) - No SessionScavenger set, using defaults
2023-11-06 09:26:39,826 [main] INFO  server.session (HouseKeeper.java:startScavenging(132)) - node0 Scavenging every 660000ms
2023-11-06 09:26:39,827 [main] INFO  handler.ContextHandler (ContextHandler.java:doStart(921)) - Started o.e.j.s.ServletContextHandler@54415d35{logs,/logs,file:///home/runner/work/ozone/ozone/hadoop-ozone/integration-test/target/log,AVAILABLE}
2023-11-06 09:26:39,828 [main] INFO  handler.ContextHandler (ContextHandler.java:doStart(921)) - Started o.e.j.s.ServletContextHandler@56b7fcf6{static,/static,jar:file:/home/runner/.m2/repository/org/apache/ozone/hdds-container-service/1.4.0-SNAPSHOT/hdds-container-service-1.4.0-SNAPSHOT.jar!/webapps/static,AVAILABLE}
2023-11-06 09:26:39,881 [main] INFO  handler.ContextHandler (ContextHandler.java:doStart(921)) - Started o.e.j.w.WebAppContext@29cd44e3{hddsDatanode,/,file:///home/runner/work/ozone/ozone/hadoop-ozone/integration-test/target/test-dir/MiniOzoneClusterImpl-938474ea-96d6-4bd3-a45f-678920fb0bb2/datanode-4/meta/webserver/jetty-0_0_0_0-15045-hdds-container-service-1_4_0-SNAPSHOT_jar-_-any-8525671371489840788/webapp/,AVAILABLE}{jar:file:/home/runner/.m2/repository/org/apache/ozone/hdds-container-service/1.4.0-SNAPSHOT/hdds-container-service-1.4.0-SNAPSHOT.jar!/webapps/hddsDatanode}
2023-11-06 09:26:39,883 [main] INFO  server.AbstractConnector (AbstractConnector.java:doStart(333)) - Started ServerConnector@6f8efe9d{HTTP/1.1, (http/1.1)}{0.0.0.0:15045}
2023-11-06 09:26:39,883 [main] INFO  server.Server (Server.java:doStart(415)) - Started @9445ms
2023-11-06 09:26:39,883 [main] WARN  impl.MetricsSystemImpl (MetricsSystemImpl.java:register(279)) - Sink prometheus already exists!
2023-11-06 09:26:39,884 [main] INFO  http.BaseHttpServer (BaseHttpServer.java:updateConnectorAddress(354)) - HTTP server of hddsDatanode listening at http://0.0.0.0:15045
2023-11-06 09:26:39,884 [main] INFO  ipc.CallQueueManager (CallQueueManager.java:<init>(90)) - Using callQueue: class java.util.concurrent.LinkedBlockingQueue, queueCapacity: 100, scheduler: class org.apache.hadoop.ipc.DefaultRpcScheduler, ipcBackoff: false.
2023-11-06 09:26:39,885 [main] INFO  ipc.Server (Server.java:<init>(1287)) - Listener at 0.0.0.0:15046
2023-11-06 09:26:39,885 [Socket Reader #1 for port 15046] INFO  ipc.Server (Server.java:run(1323)) - Starting Socket Reader #1 for port 15046
2023-11-06 09:26:39,889 [main] INFO  ozone.HddsDatanodeService (HddsDatanodeService.java:start(325)) - Datanode start with admins: [runner]
2023-11-06 09:26:39,889 [main] INFO  ozone.HddsDatanodeClientProtocolServer (HddsDatanodeClientProtocolServer.java:start(72)) - RPC server for Client /0.0.0.0:15046
2023-11-06 09:26:39,890 [IPC Server Responder] INFO  ipc.Server (Server.java:run(1562)) - IPC Server Responder: starting
2023-11-06 09:26:39,893 [IPC Server listener on 15046] INFO  ipc.Server (Server.java:run(1402)) - IPC Server listener on 15046: starting
2023-11-06 09:26:39,894 [main] WARN  impl.MetricRegistriesImpl (MetricRegistriesImpl.java:addReporterRegistration(111)) - New reporters are added after registries were created. Some metrics will be missing from the reporter. Please add reporter before adding any new registry.
2023-11-06 09:26:39,894 [main] WARN  impl.MetricRegistriesImpl (MetricRegistriesImpl.java:addReporterRegistration(111)) - New reporters are added after registries were created. Some metrics will be missing from the reporter. Please add reporter before adding any new registry.
2023-11-06 09:26:39,894 [main] INFO  impl.MetricsSystemImpl (MetricsSystemImpl.java:init(158)) - HddsDatanode metrics system started (again)
2023-11-06 09:26:39,906 [4cee0e49-9f18-41f8-8e67-157ccbc15955-DatanodeStateMachineDaemonThread] INFO  statemachine.DatanodeStateMachine (DatanodeStateMachine.java:lambda$startDaemon$1(555)) - Ozone container server started.
2023-11-06 09:26:39,915 [main] INFO  ozone.HddsDatanodeService (HddsDatanodeService.java:start(240)) - HddsDatanodeService host:fv-az241-347.2tfxs3cvuluejhi1wdm4o5ef4c.bx.internal.cloudapp.net ip:10.1.0.6
2023-11-06 09:26:39,923 [4cee0e49-9f18-41f8-8e67-157ccbc15955-DatanodeStateMachineTaskThread-0] INFO  datanode.InitDatanodeState (InitDatanodeState.java:persistContainerDatanodeDetails(139)) - DatanodeDetails is persisted to /home/runner/work/ozone/ozone/hadoop-ozone/integration-test/target/test-dir/MiniOzoneClusterImpl-938474ea-96d6-4bd3-a45f-678920fb0bb2/datanode-4/meta/datanode.id
2023-11-06 09:26:39,942 [main] INFO  upgrade.AbstractLayoutVersionManager (AbstractLayoutVersionManager.java:init(83)) - Initializing Layout version manager with metadata layout = HADOOP_PRC_PORTS_IN_DATANODEDETAILS (version = 7), software layout = HADOOP_PRC_PORTS_IN_DATANODEDETAILS (version = 7)
2023-11-06 09:26:39,943 [main] INFO  statemachine.DatanodeStateMachine (DatanodeStateMachine.java:getEndPointTaskThreadPoolSize(299)) - Datanode State Machine Task Thread Pool size 2
2023-11-06 09:26:39,946 [main] INFO  volume.HddsVolume (HddsVolume.java:<init>(126)) - Creating HddsVolume: /home/runner/work/ozone/ozone/hadoop-ozone/integration-test/target/test-dir/MiniOzoneClusterImpl-938474ea-96d6-4bd3-a45f-678920fb0bb2/datanode-5/data-0/containers/hdds of storage type : DISK capacity : 9223372036854775807
2023-11-06 09:26:39,946 [main] INFO  volume.MutableVolumeSet (MutableVolumeSet.java:initializeVolumeSet(173)) - Added Volume : /home/runner/work/ozone/ozone/hadoop-ozone/integration-test/target/test-dir/MiniOzoneClusterImpl-938474ea-96d6-4bd3-a45f-678920fb0bb2/datanode-5/data-0/containers/hdds to VolumeSet
2023-11-06 09:26:39,949 [main] INFO  volume.MutableVolumeSet (MutableVolumeSet.java:initializeVolumeSet(173)) - Added Volume : /home/runner/work/ozone/ozone/hadoop-ozone/integration-test/target/test-dir/MiniOzoneClusterImpl-938474ea-96d6-4bd3-a45f-678920fb0bb2/datanode-5/data/ratis to VolumeSet
2023-11-06 09:26:39,952 [b7b1b697-3f82-4acb-89c8-f9bc2eccfa5a-ContainerReader-0] INFO  ozoneimpl.ContainerReader (ContainerReader.java:readVolume(177)) - Finish verifying containers on volume /home/runner/work/ozone/ozone/hadoop-ozone/integration-test/target/test-dir/MiniOzoneClusterImpl-938474ea-96d6-4bd3-a45f-678920fb0bb2/datanode-5/data-0/containers/hdds
2023-11-06 09:26:39,952 [main] INFO  ozoneimpl.OzoneContainer (OzoneContainer.java:buildContainerSet(326)) - Build ContainerSet costs 0s
2023-11-06 09:26:39,956 [main] INFO  server.RaftServer (ConfUtils.java:logGet(46)) - raft.rpc.type = GRPC (default)
2023-11-06 09:26:39,956 [main] INFO  grpc.GrpcConfigKeys (ConfUtils.java:logFallback(53)) - raft.grpc.admin.host = null (fallback to raft.grpc.server.host)
2023-11-06 09:26:39,956 [main] INFO  grpc.GrpcConfigKeys (ConfUtils.java:logGet(46)) - raft.grpc.admin.port = 15058 (custom)
2023-11-06 09:26:39,956 [main] INFO  grpc.GrpcConfigKeys (ConfUtils.java:logFallback(53)) - raft.grpc.client.host = null (fallback to raft.grpc.server.host)
2023-11-06 09:26:39,956 [main] INFO  grpc.GrpcConfigKeys (ConfUtils.java:logGet(46)) - raft.grpc.client.port = 15057 (custom)
2023-11-06 09:26:39,957 [main] INFO  grpc.GrpcConfigKeys (ConfUtils.java:logGet(46)) - raft.grpc.server.host = null (default)
2023-11-06 09:26:39,957 [main] INFO  grpc.GrpcConfigKeys (ConfUtils.java:logGet(46)) - raft.grpc.server.port = 15059 (custom)
2023-11-06 09:26:39,957 [main] INFO  server.GrpcService (ConfUtils.java:logGet(46)) - raft.grpc.message.size.max = 32MB (=33554432) (custom)
2023-11-06 09:26:39,957 [main] INFO  server.RaftServerConfigKeys (ConfUtils.java:logGet(46)) - raft.server.log.appender.buffer.byte-limit = 33554432 (custom)
2023-11-06 09:26:39,957 [main] INFO  server.GrpcService (ConfUtils.java:logGet(46)) - raft.grpc.flow.control.window = 5MB (=5242880) (custom)
2023-11-06 09:26:39,957 [main] INFO  server.RaftServerConfigKeys (ConfUtils.java:logGet(46)) - raft.server.rpc.request.timeout = 60s (custom)
2023-11-06 09:26:39,957 [main] INFO  grpc.GrpcConfigKeys (ConfUtils.java:logGet(46)) - raft.grpc.server.heartbeat.channel = true (default)
2023-11-06 09:26:39,958 [main] INFO  grpc.GrpcConfigKeys (ConfUtils.java:logGet(46)) - raft.grpc.server.async.request.thread.pool.cached = true (default)
2023-11-06 09:26:39,958 [main] INFO  grpc.GrpcConfigKeys (ConfUtils.java:logGet(46)) - raft.grpc.server.async.request.thread.pool.size = 32 (default)
2023-11-06 09:26:39,960 [main] INFO  impl.DataStreamServerImpl (ConfUtils.java:logGet(46)) - raft.datastream.type = NETTY (custom)
2023-11-06 09:26:39,961 [main] INFO  server.RaftServerConfigKeys (ConfUtils.java:logGet(46)) - raft.server.data-stream.async.request.thread.pool.cached = false (default)
2023-11-06 09:26:39,961 [main] INFO  server.RaftServerConfigKeys (ConfUtils.java:logGet(46)) - raft.server.data-stream.async.request.thread.pool.size = 20 (custom)
2023-11-06 09:26:39,961 [main] INFO  server.RaftServerConfigKeys (ConfUtils.java:logGet(46)) - raft.server.data-stream.async.write.thread.pool.size = 16 (default)
2023-11-06 09:26:39,964 [main] INFO  server.RaftServerConfigKeys (ConfUtils.java:logGet(46)) - raft.server.data-stream.client.pool.size = 10 (default)
2023-11-06 09:26:39,964 [main] INFO  netty.NettyConfigKeys$DataStream (ConfUtils.java:logGet(46)) - raft.netty.dataStream.server.use-epoll = false (default)
2023-11-06 09:26:39,964 [main] INFO  netty.NettyConfigKeys$DataStream (ConfUtils.java:logGet(46)) - raft.netty.dataStream.server.boss-group.size = 0 (default)
2023-11-06 09:26:39,964 [main] INFO  netty.NettyConfigKeys$DataStream (ConfUtils.java:logGet(46)) - raft.netty.dataStream.server.worker-group.size = 0 (default)
2023-11-06 09:26:39,966 [main] INFO  netty.NettyConfigKeys$DataStream (ConfUtils.java:logGet(46)) - raft.netty.dataStream.server.tls.conf = null (default)
2023-11-06 09:26:39,966 [main] INFO  netty.NettyConfigKeys$DataStream (ConfUtils.java:logGet(46)) - raft.netty.dataStream.host = null (default)
2023-11-06 09:26:39,966 [main] INFO  netty.NettyConfigKeys$DataStream (ConfUtils.java:logGet(46)) - raft.netty.dataStream.port = 15060 (custom)
2023-11-06 09:26:39,967 [main] INFO  server.RaftServerConfigKeys (ConfUtils.java:logGet(46)) - raft.server.threadpool.proxy.cached = true (default)
2023-11-06 09:26:39,967 [main] INFO  server.RaftServerConfigKeys (ConfUtils.java:logGet(46)) - raft.server.threadpool.proxy.size = 0 (default)
2023-11-06 09:26:39,967 [main] INFO  server.RaftServerConfigKeys (ConfUtils.java:logGet(46)) - raft.server.rpc.slowness.timeout = 300s (custom)
2023-11-06 09:26:39,967 [main] INFO  server.RaftServerConfigKeys (ConfUtils.java:logGet(46)) - raft.server.leaderelection.leader.step-down.wait-time = 10s (default)
2023-11-06 09:26:39,967 [main] INFO  server.RaftServerConfigKeys (ConfUtils.java:logGet(46)) - raft.server.storage.dir = [/home/runner/work/ozone/ozone/hadoop-ozone/integration-test/target/test-dir/MiniOzoneClusterImpl-938474ea-96d6-4bd3-a45f-678920fb0bb2/datanode-5/data/ratis] (custom)
2023-11-06 09:26:39,970 [b7b1b697-3f82-4acb-89c8-f9bc2eccfa5a-NettyServerStreamRpc-bossGroup--thread1] INFO  logging.LoggingHandler (AbstractInternalLogger.java:log(148)) - [id: 0x23503f24] REGISTERED
2023-11-06 09:26:39,970 [b7b1b697-3f82-4acb-89c8-f9bc2eccfa5a-NettyServerStreamRpc-bossGroup--thread1] INFO  logging.LoggingHandler (AbstractInternalLogger.java:log(148)) - [id: 0x23503f24] BIND: 0.0.0.0/0.0.0.0:15060
2023-11-06 09:26:39,971 [b7b1b697-3f82-4acb-89c8-f9bc2eccfa5a-NettyServerStreamRpc-bossGroup--thread1] INFO  logging.LoggingHandler (AbstractInternalLogger.java:log(148)) - [id: 0x23503f24, L:/0:0:0:0:0:0:0:0:15060] ACTIVE
2023-11-06 09:26:39,971 [b7b1b697-3f82-4acb-89c8-f9bc2eccfa5a-impl-thread1] INFO  server.RaftServer (RaftServerProxy.java:initGroupDir(258)) - b7b1b697-3f82-4acb-89c8-f9bc2eccfa5a: found a subdirectory /home/runner/work/ozone/ozone/hadoop-ozone/integration-test/target/test-dir/MiniOzoneClusterImpl-938474ea-96d6-4bd3-a45f-678920fb0bb2/datanode-5/data/ratis/tmp
2023-11-06 09:26:39,971 [b7b1b697-3f82-4acb-89c8-f9bc2eccfa5a-impl-thread1] INFO  server.RaftServer (RaftServerProxy.java:initGroupDir(263)) - b7b1b697-3f82-4acb-89c8-f9bc2eccfa5a: The directory /home/runner/work/ozone/ozone/hadoop-ozone/integration-test/target/test-dir/MiniOzoneClusterImpl-938474ea-96d6-4bd3-a45f-678920fb0bb2/datanode-5/data/ratis/tmp is not a group directory; ignoring it. 
2023-11-06 09:26:39,971 [main] INFO  replication.ReplicationServer (ReplicationServer.java:<init>(85)) - Initializing replication server with thread count = 10 queue length = 4096
2023-11-06 09:26:39,973 [main] INFO  server.XceiverServerGrpc (XceiverServerGrpc.java:<init>(135)) - GrpcServer channel type EpollServerSocketChannel
2023-11-06 09:26:39,975 [main] INFO  replication.ReplicationSupervisor (ReplicationSupervisor.java:build(163)) - Initializing replication supervisor with thread count = 10
2023-11-06 09:26:39,975 [main] INFO  replication.ReplicationSupervisor (ReplicationSupervisor.java:nodeStateUpdated(317)) - Node state updated to IN_SERVICE, scaling executor pool size to 10
2023-11-06 09:26:39,978 [main] INFO  http.BaseHttpServer (BaseHttpServer.java:newHttpServer2BuilderForOzone(223)) - Starting Web-server for hddsDatanode at: http://0.0.0.0:15054
2023-11-06 09:26:39,979 [main] INFO  http.BaseHttpServer (BaseHttpServer.java:<init>(110)) - Hadoop Security Enabled: false Ozone Security Enabled: false Ozone HTTP Security Enabled: false 
2023-11-06 09:26:39,980 [main] WARN  server.AuthenticationFilter (AuthenticationFilter.java:constructSecretProvider(240)) - Unable to initialize FileSignerSecretProvider, falling back to use random secrets. Reason: Could not read signature secret file: /home/runner/hadoop-http-auth-signature-secret
2023-11-06 09:26:39,981 [main] INFO  http.HttpRequestLog (HttpRequestLog.java:getRequestLog(86)) - Http request log for http.requests.hddsDatanode is not defined
2023-11-06 09:26:39,982 [main] INFO  http.HttpServer2 (HttpServer2.java:addGlobalFilter(1031)) - Added global filter 'safety' (class=org.apache.hadoop.hdds.server.http.HttpServer2$QuotingInputFilter)
2023-11-06 09:26:39,983 [main] INFO  http.HttpServer2 (HttpServer2.java:addFilter(1007)) - Added filter static_user_filter (class=org.apache.hadoop.http.lib.StaticUserWebFilter$StaticUserFilter) to context hddsDatanode
2023-11-06 09:26:39,984 [main] INFO  http.HttpServer2 (HttpServer2.java:addFilter(1015)) - Added filter static_user_filter (class=org.apache.hadoop.http.lib.StaticUserWebFilter$StaticUserFilter) to context logs
2023-11-06 09:26:39,984 [main] INFO  http.HttpServer2 (HttpServer2.java:addFilter(1015)) - Added filter static_user_filter (class=org.apache.hadoop.http.lib.StaticUserWebFilter$StaticUserFilter) to context static
2023-11-06 09:26:39,986 [main] INFO  http.BaseHttpServer (BaseHttpServer.java:<init>(189)) - HTTP server of hddsDatanode uses base directory /home/runner/work/ozone/ozone/hadoop-ozone/integration-test/target/test-dir/MiniOzoneClusterImpl-938474ea-96d6-4bd3-a45f-678920fb0bb2/datanode-5/meta/webserver
2023-11-06 09:26:39,986 [main] INFO  http.HttpServer2 (HttpServer2.java:bindListener(1231)) - Jetty bound to port 15054
2023-11-06 09:26:39,986 [main] INFO  server.Server (Server.java:doStart(375)) - jetty-9.4.53.v20231009; built: 2023-10-09T12:29:09.265Z; git: 27bde00a0b95a1d5bbee0eae7984f891d2d0f8c9; jvm 1.8.0_382-b05
2023-11-06 09:26:39,988 [main] INFO  server.session (DefaultSessionIdManager.java:doStart(334)) - DefaultSessionIdManager workerName=node0
2023-11-06 09:26:39,988 [main] INFO  server.session (DefaultSessionIdManager.java:doStart(339)) - No SessionScavenger set, using defaults
2023-11-06 09:26:39,989 [main] INFO  server.session (HouseKeeper.java:startScavenging(132)) - node0 Scavenging every 600000ms
2023-11-06 09:26:39,990 [main] INFO  handler.ContextHandler (ContextHandler.java:doStart(921)) - Started o.e.j.s.ServletContextHandler@4bc8b617{logs,/logs,file:///home/runner/work/ozone/ozone/hadoop-ozone/integration-test/target/log,AVAILABLE}
2023-11-06 09:26:39,991 [main] INFO  handler.ContextHandler (ContextHandler.java:doStart(921)) - Started o.e.j.s.ServletContextHandler@234c32b3{static,/static,jar:file:/home/runner/.m2/repository/org/apache/ozone/hdds-container-service/1.4.0-SNAPSHOT/hdds-container-service-1.4.0-SNAPSHOT.jar!/webapps/static,AVAILABLE}
2023-11-06 09:26:40,047 [main] INFO  handler.ContextHandler (ContextHandler.java:doStart(921)) - Started o.e.j.w.WebAppContext@505d75db{hddsDatanode,/,file:///home/runner/work/ozone/ozone/hadoop-ozone/integration-test/target/test-dir/MiniOzoneClusterImpl-938474ea-96d6-4bd3-a45f-678920fb0bb2/datanode-5/meta/webserver/jetty-0_0_0_0-15054-hdds-container-service-1_4_0-SNAPSHOT_jar-_-any-8056556270951089680/webapp/,AVAILABLE}{jar:file:/home/runner/.m2/repository/org/apache/ozone/hdds-container-service/1.4.0-SNAPSHOT/hdds-container-service-1.4.0-SNAPSHOT.jar!/webapps/hddsDatanode}
2023-11-06 09:26:40,050 [main] INFO  server.AbstractConnector (AbstractConnector.java:doStart(333)) - Started ServerConnector@56320892{HTTP/1.1, (http/1.1)}{0.0.0.0:15054}
2023-11-06 09:26:40,050 [main] INFO  server.Server (Server.java:doStart(415)) - Started @9612ms
2023-11-06 09:26:40,051 [main] WARN  impl.MetricsSystemImpl (MetricsSystemImpl.java:register(279)) - Sink prometheus already exists!
2023-11-06 09:26:40,052 [main] INFO  http.BaseHttpServer (BaseHttpServer.java:updateConnectorAddress(354)) - HTTP server of hddsDatanode listening at http://0.0.0.0:15054
2023-11-06 09:26:40,053 [main] INFO  ipc.CallQueueManager (CallQueueManager.java:<init>(90)) - Using callQueue: class java.util.concurrent.LinkedBlockingQueue, queueCapacity: 100, scheduler: class org.apache.hadoop.ipc.DefaultRpcScheduler, ipcBackoff: false.
2023-11-06 09:26:40,055 [main] INFO  ipc.Server (Server.java:<init>(1287)) - Listener at 0.0.0.0:15055
2023-11-06 09:26:40,056 [Socket Reader #1 for port 15055] INFO  ipc.Server (Server.java:run(1323)) - Starting Socket Reader #1 for port 15055
2023-11-06 09:26:40,059 [main] INFO  ozone.HddsDatanodeService (HddsDatanodeService.java:start(325)) - Datanode start with admins: [runner]
2023-11-06 09:26:40,064 [main] INFO  ozone.HddsDatanodeClientProtocolServer (HddsDatanodeClientProtocolServer.java:start(72)) - RPC server for Client /0.0.0.0:15055
2023-11-06 09:26:40,064 [IPC Server Responder] INFO  ipc.Server (Server.java:run(1562)) - IPC Server Responder: starting
2023-11-06 09:26:40,066 [IPC Server listener on 15055] INFO  ipc.Server (Server.java:run(1402)) - IPC Server listener on 15055: starting
2023-11-06 09:26:40,074 [main] WARN  impl.MetricRegistriesImpl (MetricRegistriesImpl.java:addReporterRegistration(111)) - New reporters are added after registries were created. Some metrics will be missing from the reporter. Please add reporter before adding any new registry.
2023-11-06 09:26:40,074 [main] WARN  impl.MetricRegistriesImpl (MetricRegistriesImpl.java:addReporterRegistration(111)) - New reporters are added after registries were created. Some metrics will be missing from the reporter. Please add reporter before adding any new registry.
2023-11-06 09:26:40,074 [main] INFO  impl.MetricsSystemImpl (MetricsSystemImpl.java:init(158)) - HddsDatanode metrics system started (again)
2023-11-06 09:26:40,080 [b7b1b697-3f82-4acb-89c8-f9bc2eccfa5a-DatanodeStateMachineDaemonThread] INFO  statemachine.DatanodeStateMachine (DatanodeStateMachine.java:lambda$startDaemon$1(555)) - Ozone container server started.
2023-11-06 09:26:40,087 [main] INFO  ozone.HddsDatanodeService (HddsDatanodeService.java:start(240)) - HddsDatanodeService host:fv-az241-347.2tfxs3cvuluejhi1wdm4o5ef4c.bx.internal.cloudapp.net ip:10.1.0.6
2023-11-06 09:26:40,095 [b7b1b697-3f82-4acb-89c8-f9bc2eccfa5a-DatanodeStateMachineTaskThread-0] INFO  datanode.InitDatanodeState (InitDatanodeState.java:persistContainerDatanodeDetails(139)) - DatanodeDetails is persisted to /home/runner/work/ozone/ozone/hadoop-ozone/integration-test/target/test-dir/MiniOzoneClusterImpl-938474ea-96d6-4bd3-a45f-678920fb0bb2/datanode-5/meta/datanode.id
2023-11-06 09:26:40,112 [main] INFO  upgrade.AbstractLayoutVersionManager (AbstractLayoutVersionManager.java:init(83)) - Initializing Layout version manager with metadata layout = HADOOP_PRC_PORTS_IN_DATANODEDETAILS (version = 7), software layout = HADOOP_PRC_PORTS_IN_DATANODEDETAILS (version = 7)
2023-11-06 09:26:40,113 [main] INFO  statemachine.DatanodeStateMachine (DatanodeStateMachine.java:getEndPointTaskThreadPoolSize(299)) - Datanode State Machine Task Thread Pool size 2
2023-11-06 09:26:40,116 [main] INFO  volume.HddsVolume (HddsVolume.java:<init>(126)) - Creating HddsVolume: /home/runner/work/ozone/ozone/hadoop-ozone/integration-test/target/test-dir/MiniOzoneClusterImpl-938474ea-96d6-4bd3-a45f-678920fb0bb2/datanode-6/data-0/containers/hdds of storage type : DISK capacity : 9223372036854775807
2023-11-06 09:26:40,116 [main] INFO  volume.MutableVolumeSet (MutableVolumeSet.java:initializeVolumeSet(173)) - Added Volume : /home/runner/work/ozone/ozone/hadoop-ozone/integration-test/target/test-dir/MiniOzoneClusterImpl-938474ea-96d6-4bd3-a45f-678920fb0bb2/datanode-6/data-0/containers/hdds to VolumeSet
2023-11-06 09:26:40,117 [main] INFO  volume.MutableVolumeSet (MutableVolumeSet.java:initializeVolumeSet(173)) - Added Volume : /home/runner/work/ozone/ozone/hadoop-ozone/integration-test/target/test-dir/MiniOzoneClusterImpl-938474ea-96d6-4bd3-a45f-678920fb0bb2/datanode-6/data/ratis to VolumeSet
2023-11-06 09:26:40,118 [92ba0aed-1dcc-4895-b5bb-fc45f440be2e-ContainerReader-0] INFO  ozoneimpl.ContainerReader (ContainerReader.java:readVolume(177)) - Finish verifying containers on volume /home/runner/work/ozone/ozone/hadoop-ozone/integration-test/target/test-dir/MiniOzoneClusterImpl-938474ea-96d6-4bd3-a45f-678920fb0bb2/datanode-6/data-0/containers/hdds
2023-11-06 09:26:40,118 [main] INFO  ozoneimpl.OzoneContainer (OzoneContainer.java:buildContainerSet(326)) - Build ContainerSet costs 0s
2023-11-06 09:26:40,122 [main] INFO  server.RaftServer (ConfUtils.java:logGet(46)) - raft.rpc.type = GRPC (default)
2023-11-06 09:26:40,123 [main] INFO  grpc.GrpcConfigKeys (ConfUtils.java:logFallback(53)) - raft.grpc.admin.host = null (fallback to raft.grpc.server.host)
2023-11-06 09:26:40,123 [main] INFO  grpc.GrpcConfigKeys (ConfUtils.java:logGet(46)) - raft.grpc.admin.port = 15067 (custom)
2023-11-06 09:26:40,123 [main] INFO  grpc.GrpcConfigKeys (ConfUtils.java:logFallback(53)) - raft.grpc.client.host = null (fallback to raft.grpc.server.host)
2023-11-06 09:26:40,123 [main] INFO  grpc.GrpcConfigKeys (ConfUtils.java:logGet(46)) - raft.grpc.client.port = 15066 (custom)
2023-11-06 09:26:40,123 [main] INFO  grpc.GrpcConfigKeys (ConfUtils.java:logGet(46)) - raft.grpc.server.host = null (default)
2023-11-06 09:26:40,123 [main] INFO  grpc.GrpcConfigKeys (ConfUtils.java:logGet(46)) - raft.grpc.server.port = 15068 (custom)
2023-11-06 09:26:40,124 [main] INFO  server.GrpcService (ConfUtils.java:logGet(46)) - raft.grpc.message.size.max = 32MB (=33554432) (custom)
2023-11-06 09:26:40,124 [main] INFO  server.RaftServerConfigKeys (ConfUtils.java:logGet(46)) - raft.server.log.appender.buffer.byte-limit = 33554432 (custom)
2023-11-06 09:26:40,124 [main] INFO  server.GrpcService (ConfUtils.java:logGet(46)) - raft.grpc.flow.control.window = 5MB (=5242880) (custom)
2023-11-06 09:26:40,124 [main] INFO  server.RaftServerConfigKeys (ConfUtils.java:logGet(46)) - raft.server.rpc.request.timeout = 60s (custom)
2023-11-06 09:26:40,124 [main] INFO  grpc.GrpcConfigKeys (ConfUtils.java:logGet(46)) - raft.grpc.server.heartbeat.channel = true (default)
2023-11-06 09:26:40,125 [main] INFO  grpc.GrpcConfigKeys (ConfUtils.java:logGet(46)) - raft.grpc.server.async.request.thread.pool.cached = true (default)
2023-11-06 09:26:40,125 [main] INFO  grpc.GrpcConfigKeys (ConfUtils.java:logGet(46)) - raft.grpc.server.async.request.thread.pool.size = 32 (default)
2023-11-06 09:26:40,128 [main] INFO  impl.DataStreamServerImpl (ConfUtils.java:logGet(46)) - raft.datastream.type = NETTY (custom)
2023-11-06 09:26:40,129 [main] INFO  server.RaftServerConfigKeys (ConfUtils.java:logGet(46)) - raft.server.data-stream.async.request.thread.pool.cached = false (default)
2023-11-06 09:26:40,129 [main] INFO  server.RaftServerConfigKeys (ConfUtils.java:logGet(46)) - raft.server.data-stream.async.request.thread.pool.size = 20 (custom)
2023-11-06 09:26:40,129 [main] INFO  server.RaftServerConfigKeys (ConfUtils.java:logGet(46)) - raft.server.data-stream.async.write.thread.pool.size = 16 (default)
2023-11-06 09:26:40,130 [main] INFO  server.RaftServerConfigKeys (ConfUtils.java:logGet(46)) - raft.server.data-stream.client.pool.size = 10 (default)
2023-11-06 09:26:40,130 [main] INFO  netty.NettyConfigKeys$DataStream (ConfUtils.java:logGet(46)) - raft.netty.dataStream.server.use-epoll = false (default)
2023-11-06 09:26:40,130 [main] INFO  netty.NettyConfigKeys$DataStream (ConfUtils.java:logGet(46)) - raft.netty.dataStream.server.boss-group.size = 0 (default)
2023-11-06 09:26:40,130 [main] INFO  netty.NettyConfigKeys$DataStream (ConfUtils.java:logGet(46)) - raft.netty.dataStream.server.worker-group.size = 0 (default)
2023-11-06 09:26:40,131 [main] INFO  netty.NettyConfigKeys$DataStream (ConfUtils.java:logGet(46)) - raft.netty.dataStream.server.tls.conf = null (default)
2023-11-06 09:26:40,131 [main] INFO  netty.NettyConfigKeys$DataStream (ConfUtils.java:logGet(46)) - raft.netty.dataStream.host = null (default)
2023-11-06 09:26:40,131 [main] INFO  netty.NettyConfigKeys$DataStream (ConfUtils.java:logGet(46)) - raft.netty.dataStream.port = 15069 (custom)
2023-11-06 09:26:40,132 [main] INFO  server.RaftServerConfigKeys (ConfUtils.java:logGet(46)) - raft.server.threadpool.proxy.cached = true (default)
2023-11-06 09:26:40,132 [main] INFO  server.RaftServerConfigKeys (ConfUtils.java:logGet(46)) - raft.server.threadpool.proxy.size = 0 (default)
2023-11-06 09:26:40,132 [main] INFO  server.RaftServerConfigKeys (ConfUtils.java:logGet(46)) - raft.server.rpc.slowness.timeout = 300s (custom)
2023-11-06 09:26:40,132 [main] INFO  server.RaftServerConfigKeys (ConfUtils.java:logGet(46)) - raft.server.leaderelection.leader.step-down.wait-time = 10s (default)
2023-11-06 09:26:40,132 [main] INFO  server.RaftServerConfigKeys (ConfUtils.java:logGet(46)) - raft.server.storage.dir = [/home/runner/work/ozone/ozone/hadoop-ozone/integration-test/target/test-dir/MiniOzoneClusterImpl-938474ea-96d6-4bd3-a45f-678920fb0bb2/datanode-6/data/ratis] (custom)
2023-11-06 09:26:40,137 [92ba0aed-1dcc-4895-b5bb-fc45f440be2e-NettyServerStreamRpc-bossGroup--thread1] INFO  logging.LoggingHandler (AbstractInternalLogger.java:log(148)) - [id: 0xb3fd6a43] REGISTERED
2023-11-06 09:26:40,137 [92ba0aed-1dcc-4895-b5bb-fc45f440be2e-NettyServerStreamRpc-bossGroup--thread1] INFO  logging.LoggingHandler (AbstractInternalLogger.java:log(148)) - [id: 0xb3fd6a43] BIND: 0.0.0.0/0.0.0.0:15069
2023-11-06 09:26:40,137 [92ba0aed-1dcc-4895-b5bb-fc45f440be2e-NettyServerStreamRpc-bossGroup--thread1] INFO  logging.LoggingHandler (AbstractInternalLogger.java:log(148)) - [id: 0xb3fd6a43, L:/0:0:0:0:0:0:0:0:15069] ACTIVE
2023-11-06 09:26:40,137 [92ba0aed-1dcc-4895-b5bb-fc45f440be2e-impl-thread1] INFO  server.RaftServer (RaftServerProxy.java:initGroupDir(258)) - 92ba0aed-1dcc-4895-b5bb-fc45f440be2e: found a subdirectory /home/runner/work/ozone/ozone/hadoop-ozone/integration-test/target/test-dir/MiniOzoneClusterImpl-938474ea-96d6-4bd3-a45f-678920fb0bb2/datanode-6/data/ratis/tmp
2023-11-06 09:26:40,137 [92ba0aed-1dcc-4895-b5bb-fc45f440be2e-impl-thread1] INFO  server.RaftServer (RaftServerProxy.java:initGroupDir(263)) - 92ba0aed-1dcc-4895-b5bb-fc45f440be2e: The directory /home/runner/work/ozone/ozone/hadoop-ozone/integration-test/target/test-dir/MiniOzoneClusterImpl-938474ea-96d6-4bd3-a45f-678920fb0bb2/datanode-6/data/ratis/tmp is not a group directory; ignoring it. 
2023-11-06 09:26:40,138 [main] INFO  replication.ReplicationServer (ReplicationServer.java:<init>(85)) - Initializing replication server with thread count = 10 queue length = 4096
2023-11-06 09:26:40,139 [main] INFO  server.XceiverServerGrpc (XceiverServerGrpc.java:<init>(135)) - GrpcServer channel type EpollServerSocketChannel
2023-11-06 09:26:40,145 [main] INFO  replication.ReplicationSupervisor (ReplicationSupervisor.java:build(163)) - Initializing replication supervisor with thread count = 10
2023-11-06 09:26:40,146 [main] INFO  replication.ReplicationSupervisor (ReplicationSupervisor.java:nodeStateUpdated(317)) - Node state updated to IN_SERVICE, scaling executor pool size to 10
2023-11-06 09:26:40,155 [main] INFO  http.BaseHttpServer (BaseHttpServer.java:newHttpServer2BuilderForOzone(223)) - Starting Web-server for hddsDatanode at: http://0.0.0.0:15063
2023-11-06 09:26:40,155 [main] INFO  http.BaseHttpServer (BaseHttpServer.java:<init>(110)) - Hadoop Security Enabled: false Ozone Security Enabled: false Ozone HTTP Security Enabled: false 
2023-11-06 09:26:40,158 [main] WARN  server.AuthenticationFilter (AuthenticationFilter.java:constructSecretProvider(240)) - Unable to initialize FileSignerSecretProvider, falling back to use random secrets. Reason: Could not read signature secret file: /home/runner/hadoop-http-auth-signature-secret
2023-11-06 09:26:40,160 [main] INFO  http.HttpRequestLog (HttpRequestLog.java:getRequestLog(86)) - Http request log for http.requests.hddsDatanode is not defined
2023-11-06 09:26:40,162 [main] INFO  http.HttpServer2 (HttpServer2.java:addGlobalFilter(1031)) - Added global filter 'safety' (class=org.apache.hadoop.hdds.server.http.HttpServer2$QuotingInputFilter)
2023-11-06 09:26:40,164 [main] INFO  http.HttpServer2 (HttpServer2.java:addFilter(1007)) - Added filter static_user_filter (class=org.apache.hadoop.http.lib.StaticUserWebFilter$StaticUserFilter) to context hddsDatanode
2023-11-06 09:26:40,165 [main] INFO  http.HttpServer2 (HttpServer2.java:addFilter(1015)) - Added filter static_user_filter (class=org.apache.hadoop.http.lib.StaticUserWebFilter$StaticUserFilter) to context static
2023-11-06 09:26:40,165 [main] INFO  http.HttpServer2 (HttpServer2.java:addFilter(1015)) - Added filter static_user_filter (class=org.apache.hadoop.http.lib.StaticUserWebFilter$StaticUserFilter) to context logs
2023-11-06 09:26:40,166 [main] INFO  http.BaseHttpServer (BaseHttpServer.java:<init>(189)) - HTTP server of hddsDatanode uses base directory /home/runner/work/ozone/ozone/hadoop-ozone/integration-test/target/test-dir/MiniOzoneClusterImpl-938474ea-96d6-4bd3-a45f-678920fb0bb2/datanode-6/meta/webserver
2023-11-06 09:26:40,168 [main] INFO  http.HttpServer2 (HttpServer2.java:bindListener(1231)) - Jetty bound to port 15063
2023-11-06 09:26:40,168 [main] INFO  server.Server (Server.java:doStart(375)) - jetty-9.4.53.v20231009; built: 2023-10-09T12:29:09.265Z; git: 27bde00a0b95a1d5bbee0eae7984f891d2d0f8c9; jvm 1.8.0_382-b05
2023-11-06 09:26:40,172 [main] INFO  server.session (DefaultSessionIdManager.java:doStart(334)) - DefaultSessionIdManager workerName=node0
2023-11-06 09:26:40,172 [main] INFO  server.session (DefaultSessionIdManager.java:doStart(339)) - No SessionScavenger set, using defaults
2023-11-06 09:26:40,173 [main] INFO  server.session (HouseKeeper.java:startScavenging(132)) - node0 Scavenging every 660000ms
2023-11-06 09:26:40,177 [main] INFO  handler.ContextHandler (ContextHandler.java:doStart(921)) - Started o.e.j.s.ServletContextHandler@cf9d7ee{logs,/logs,file:///home/runner/work/ozone/ozone/hadoop-ozone/integration-test/target/log,AVAILABLE}
2023-11-06 09:26:40,178 [main] INFO  handler.ContextHandler (ContextHandler.java:doStart(921)) - Started o.e.j.s.ServletContextHandler@3497d8b3{static,/static,jar:file:/home/runner/.m2/repository/org/apache/ozone/hdds-container-service/1.4.0-SNAPSHOT/hdds-container-service-1.4.0-SNAPSHOT.jar!/webapps/static,AVAILABLE}
2023-11-06 09:26:40,225 [main] INFO  handler.ContextHandler (ContextHandler.java:doStart(921)) - Started o.e.j.w.WebAppContext@559171b7{hddsDatanode,/,file:///home/runner/work/ozone/ozone/hadoop-ozone/integration-test/target/test-dir/MiniOzoneClusterImpl-938474ea-96d6-4bd3-a45f-678920fb0bb2/datanode-6/meta/webserver/jetty-0_0_0_0-15063-hdds-container-service-1_4_0-SNAPSHOT_jar-_-any-5445329890354142863/webapp/,AVAILABLE}{jar:file:/home/runner/.m2/repository/org/apache/ozone/hdds-container-service/1.4.0-SNAPSHOT/hdds-container-service-1.4.0-SNAPSHOT.jar!/webapps/hddsDatanode}
2023-11-06 09:26:40,227 [main] INFO  server.AbstractConnector (AbstractConnector.java:doStart(333)) - Started ServerConnector@7ed96efa{HTTP/1.1, (http/1.1)}{0.0.0.0:15063}
2023-11-06 09:26:40,228 [main] INFO  server.Server (Server.java:doStart(415)) - Started @9789ms
2023-11-06 09:26:40,228 [main] WARN  impl.MetricsSystemImpl (MetricsSystemImpl.java:register(279)) - Sink prometheus already exists!
2023-11-06 09:26:40,228 [main] INFO  http.BaseHttpServer (BaseHttpServer.java:updateConnectorAddress(354)) - HTTP server of hddsDatanode listening at http://0.0.0.0:15063
2023-11-06 09:26:40,229 [main] INFO  ipc.CallQueueManager (CallQueueManager.java:<init>(90)) - Using callQueue: class java.util.concurrent.LinkedBlockingQueue, queueCapacity: 100, scheduler: class org.apache.hadoop.ipc.DefaultRpcScheduler, ipcBackoff: false.
2023-11-06 09:26:40,229 [main] INFO  ipc.Server (Server.java:<init>(1287)) - Listener at 0.0.0.0:15064
2023-11-06 09:26:40,230 [Socket Reader #1 for port 15064] INFO  ipc.Server (Server.java:run(1323)) - Starting Socket Reader #1 for port 15064
2023-11-06 09:26:40,232 [main] INFO  ozone.HddsDatanodeService (HddsDatanodeService.java:start(325)) - Datanode start with admins: [runner]
2023-11-06 09:26:40,232 [main] INFO  ozone.HddsDatanodeClientProtocolServer (HddsDatanodeClientProtocolServer.java:start(72)) - RPC server for Client /0.0.0.0:15064
2023-11-06 09:26:40,232 [IPC Server Responder] INFO  ipc.Server (Server.java:run(1562)) - IPC Server Responder: starting
2023-11-06 09:26:40,233 [IPC Server listener on 15064] INFO  ipc.Server (Server.java:run(1402)) - IPC Server listener on 15064: starting
2023-11-06 09:26:40,236 [main] WARN  impl.MetricRegistriesImpl (MetricRegistriesImpl.java:addReporterRegistration(111)) - New reporters are added after registries were created. Some metrics will be missing from the reporter. Please add reporter before adding any new registry.
2023-11-06 09:26:40,236 [main] WARN  impl.MetricRegistriesImpl (MetricRegistriesImpl.java:addReporterRegistration(111)) - New reporters are added after registries were created. Some metrics will be missing from the reporter. Please add reporter before adding any new registry.
2023-11-06 09:26:40,236 [main] INFO  impl.MetricsSystemImpl (MetricsSystemImpl.java:init(158)) - HddsDatanode metrics system started (again)
2023-11-06 09:26:40,249 [92ba0aed-1dcc-4895-b5bb-fc45f440be2e-DatanodeStateMachineDaemonThread] INFO  statemachine.DatanodeStateMachine (DatanodeStateMachine.java:lambda$startDaemon$1(555)) - Ozone container server started.
2023-11-06 09:26:40,255 [main] INFO  ozone.HddsDatanodeService (HddsDatanodeService.java:start(240)) - HddsDatanodeService host:fv-az241-347.2tfxs3cvuluejhi1wdm4o5ef4c.bx.internal.cloudapp.net ip:10.1.0.6
2023-11-06 09:26:40,267 [92ba0aed-1dcc-4895-b5bb-fc45f440be2e-DatanodeStateMachineTaskThread-0] INFO  datanode.InitDatanodeState (InitDatanodeState.java:persistContainerDatanodeDetails(139)) - DatanodeDetails is persisted to /home/runner/work/ozone/ozone/hadoop-ozone/integration-test/target/test-dir/MiniOzoneClusterImpl-938474ea-96d6-4bd3-a45f-678920fb0bb2/datanode-6/meta/datanode.id
2023-11-06 09:26:40,280 [main] INFO  upgrade.AbstractLayoutVersionManager (AbstractLayoutVersionManager.java:init(83)) - Initializing Layout version manager with metadata layout = HADOOP_PRC_PORTS_IN_DATANODEDETAILS (version = 7), software layout = HADOOP_PRC_PORTS_IN_DATANODEDETAILS (version = 7)
2023-11-06 09:26:40,281 [main] INFO  statemachine.DatanodeStateMachine (DatanodeStateMachine.java:getEndPointTaskThreadPoolSize(299)) - Datanode State Machine Task Thread Pool size 2
2023-11-06 09:26:40,284 [main] INFO  volume.HddsVolume (HddsVolume.java:<init>(126)) - Creating HddsVolume: /home/runner/work/ozone/ozone/hadoop-ozone/integration-test/target/test-dir/MiniOzoneClusterImpl-938474ea-96d6-4bd3-a45f-678920fb0bb2/datanode-7/data-0/containers/hdds of storage type : DISK capacity : 9223372036854775807
2023-11-06 09:26:40,284 [main] INFO  volume.MutableVolumeSet (MutableVolumeSet.java:initializeVolumeSet(173)) - Added Volume : /home/runner/work/ozone/ozone/hadoop-ozone/integration-test/target/test-dir/MiniOzoneClusterImpl-938474ea-96d6-4bd3-a45f-678920fb0bb2/datanode-7/data-0/containers/hdds to VolumeSet
2023-11-06 09:26:40,288 [main] INFO  volume.MutableVolumeSet (MutableVolumeSet.java:initializeVolumeSet(173)) - Added Volume : /home/runner/work/ozone/ozone/hadoop-ozone/integration-test/target/test-dir/MiniOzoneClusterImpl-938474ea-96d6-4bd3-a45f-678920fb0bb2/datanode-7/data/ratis to VolumeSet
2023-11-06 09:26:40,289 [18227f38-d602-4438-971e-c9cd287df9cb-ContainerReader-0] INFO  ozoneimpl.ContainerReader (ContainerReader.java:readVolume(177)) - Finish verifying containers on volume /home/runner/work/ozone/ozone/hadoop-ozone/integration-test/target/test-dir/MiniOzoneClusterImpl-938474ea-96d6-4bd3-a45f-678920fb0bb2/datanode-7/data-0/containers/hdds
2023-11-06 09:26:40,289 [main] INFO  ozoneimpl.OzoneContainer (OzoneContainer.java:buildContainerSet(326)) - Build ContainerSet costs 0s
2023-11-06 09:26:40,292 [main] INFO  server.RaftServer (ConfUtils.java:logGet(46)) - raft.rpc.type = GRPC (default)
2023-11-06 09:26:40,293 [main] INFO  grpc.GrpcConfigKeys (ConfUtils.java:logFallback(53)) - raft.grpc.admin.host = null (fallback to raft.grpc.server.host)
2023-11-06 09:26:40,294 [main] INFO  grpc.GrpcConfigKeys (ConfUtils.java:logGet(46)) - raft.grpc.admin.port = 15076 (custom)
2023-11-06 09:26:40,294 [main] INFO  grpc.GrpcConfigKeys (ConfUtils.java:logFallback(53)) - raft.grpc.client.host = null (fallback to raft.grpc.server.host)
2023-11-06 09:26:40,295 [main] INFO  grpc.GrpcConfigKeys (ConfUtils.java:logGet(46)) - raft.grpc.client.port = 15075 (custom)
2023-11-06 09:26:40,295 [main] INFO  grpc.GrpcConfigKeys (ConfUtils.java:logGet(46)) - raft.grpc.server.host = null (default)
2023-11-06 09:26:40,296 [main] INFO  grpc.GrpcConfigKeys (ConfUtils.java:logGet(46)) - raft.grpc.server.port = 15077 (custom)
2023-11-06 09:26:40,297 [main] INFO  server.GrpcService (ConfUtils.java:logGet(46)) - raft.grpc.message.size.max = 32MB (=33554432) (custom)
2023-11-06 09:26:40,297 [main] INFO  server.RaftServerConfigKeys (ConfUtils.java:logGet(46)) - raft.server.log.appender.buffer.byte-limit = 33554432 (custom)
2023-11-06 09:26:40,298 [main] INFO  server.GrpcService (ConfUtils.java:logGet(46)) - raft.grpc.flow.control.window = 5MB (=5242880) (custom)
2023-11-06 09:26:40,298 [main] INFO  server.RaftServerConfigKeys (ConfUtils.java:logGet(46)) - raft.server.rpc.request.timeout = 60s (custom)
2023-11-06 09:26:40,299 [main] INFO  grpc.GrpcConfigKeys (ConfUtils.java:logGet(46)) - raft.grpc.server.heartbeat.channel = true (default)
2023-11-06 09:26:40,299 [main] INFO  grpc.GrpcConfigKeys (ConfUtils.java:logGet(46)) - raft.grpc.server.async.request.thread.pool.cached = true (default)
2023-11-06 09:26:40,300 [main] INFO  grpc.GrpcConfigKeys (ConfUtils.java:logGet(46)) - raft.grpc.server.async.request.thread.pool.size = 32 (default)
2023-11-06 09:26:40,303 [main] INFO  impl.DataStreamServerImpl (ConfUtils.java:logGet(46)) - raft.datastream.type = NETTY (custom)
2023-11-06 09:26:40,304 [main] INFO  server.RaftServerConfigKeys (ConfUtils.java:logGet(46)) - raft.server.data-stream.async.request.thread.pool.cached = false (default)
2023-11-06 09:26:40,305 [main] INFO  server.RaftServerConfigKeys (ConfUtils.java:logGet(46)) - raft.server.data-stream.async.request.thread.pool.size = 20 (custom)
2023-11-06 09:26:40,306 [main] INFO  server.RaftServerConfigKeys (ConfUtils.java:logGet(46)) - raft.server.data-stream.async.write.thread.pool.size = 16 (default)
2023-11-06 09:26:40,306 [main] INFO  server.RaftServerConfigKeys (ConfUtils.java:logGet(46)) - raft.server.data-stream.client.pool.size = 10 (default)
2023-11-06 09:26:40,307 [main] INFO  netty.NettyConfigKeys$DataStream (ConfUtils.java:logGet(46)) - raft.netty.dataStream.server.use-epoll = false (default)
2023-11-06 09:26:40,308 [main] INFO  netty.NettyConfigKeys$DataStream (ConfUtils.java:logGet(46)) - raft.netty.dataStream.server.boss-group.size = 0 (default)
2023-11-06 09:26:40,309 [main] INFO  netty.NettyConfigKeys$DataStream (ConfUtils.java:logGet(46)) - raft.netty.dataStream.server.worker-group.size = 0 (default)
2023-11-06 09:26:40,309 [main] INFO  netty.NettyConfigKeys$DataStream (ConfUtils.java:logGet(46)) - raft.netty.dataStream.server.tls.conf = null (default)
2023-11-06 09:26:40,310 [main] INFO  netty.NettyConfigKeys$DataStream (ConfUtils.java:logGet(46)) - raft.netty.dataStream.host = null (default)
2023-11-06 09:26:40,311 [main] INFO  netty.NettyConfigKeys$DataStream (ConfUtils.java:logGet(46)) - raft.netty.dataStream.port = 15078 (custom)
2023-11-06 09:26:40,312 [main] INFO  server.RaftServerConfigKeys (ConfUtils.java:logGet(46)) - raft.server.threadpool.proxy.cached = true (default)
2023-11-06 09:26:40,312 [main] INFO  server.RaftServerConfigKeys (ConfUtils.java:logGet(46)) - raft.server.threadpool.proxy.size = 0 (default)
2023-11-06 09:26:40,312 [main] INFO  server.RaftServerConfigKeys (ConfUtils.java:logGet(46)) - raft.server.rpc.slowness.timeout = 300s (custom)
2023-11-06 09:26:40,312 [main] INFO  server.RaftServerConfigKeys (ConfUtils.java:logGet(46)) - raft.server.leaderelection.leader.step-down.wait-time = 10s (default)
2023-11-06 09:26:40,312 [main] INFO  server.RaftServerConfigKeys (ConfUtils.java:logGet(46)) - raft.server.storage.dir = [/home/runner/work/ozone/ozone/hadoop-ozone/integration-test/target/test-dir/MiniOzoneClusterImpl-938474ea-96d6-4bd3-a45f-678920fb0bb2/datanode-7/data/ratis] (custom)
2023-11-06 09:26:40,317 [18227f38-d602-4438-971e-c9cd287df9cb-NettyServerStreamRpc-bossGroup--thread1] INFO  logging.LoggingHandler (AbstractInternalLogger.java:log(148)) - [id: 0x6f641353] REGISTERED
2023-11-06 09:26:40,318 [18227f38-d602-4438-971e-c9cd287df9cb-NettyServerStreamRpc-bossGroup--thread1] INFO  logging.LoggingHandler (AbstractInternalLogger.java:log(148)) - [id: 0x6f641353] BIND: 0.0.0.0/0.0.0.0:15078
2023-11-06 09:26:40,318 [18227f38-d602-4438-971e-c9cd287df9cb-NettyServerStreamRpc-bossGroup--thread1] INFO  logging.LoggingHandler (AbstractInternalLogger.java:log(148)) - [id: 0x6f641353, L:/0:0:0:0:0:0:0:0:15078] ACTIVE
2023-11-06 09:26:40,317 [18227f38-d602-4438-971e-c9cd287df9cb-impl-thread1] INFO  server.RaftServer (RaftServerProxy.java:initGroupDir(258)) - 18227f38-d602-4438-971e-c9cd287df9cb: found a subdirectory /home/runner/work/ozone/ozone/hadoop-ozone/integration-test/target/test-dir/MiniOzoneClusterImpl-938474ea-96d6-4bd3-a45f-678920fb0bb2/datanode-7/data/ratis/tmp
2023-11-06 09:26:40,319 [18227f38-d602-4438-971e-c9cd287df9cb-impl-thread1] INFO  server.RaftServer (RaftServerProxy.java:initGroupDir(263)) - 18227f38-d602-4438-971e-c9cd287df9cb: The directory /home/runner/work/ozone/ozone/hadoop-ozone/integration-test/target/test-dir/MiniOzoneClusterImpl-938474ea-96d6-4bd3-a45f-678920fb0bb2/datanode-7/data/ratis/tmp is not a group directory; ignoring it. 
2023-11-06 09:26:40,320 [main] INFO  replication.ReplicationServer (ReplicationServer.java:<init>(85)) - Initializing replication server with thread count = 10 queue length = 4096
2023-11-06 09:26:40,322 [main] INFO  server.XceiverServerGrpc (XceiverServerGrpc.java:<init>(135)) - GrpcServer channel type EpollServerSocketChannel
2023-11-06 09:26:40,324 [main] INFO  replication.ReplicationSupervisor (ReplicationSupervisor.java:build(163)) - Initializing replication supervisor with thread count = 10
2023-11-06 09:26:40,324 [main] INFO  replication.ReplicationSupervisor (ReplicationSupervisor.java:nodeStateUpdated(317)) - Node state updated to IN_SERVICE, scaling executor pool size to 10
2023-11-06 09:26:40,326 [main] INFO  http.BaseHttpServer (BaseHttpServer.java:newHttpServer2BuilderForOzone(223)) - Starting Web-server for hddsDatanode at: http://0.0.0.0:15072
2023-11-06 09:26:40,327 [main] INFO  http.BaseHttpServer (BaseHttpServer.java:<init>(110)) - Hadoop Security Enabled: false Ozone Security Enabled: false Ozone HTTP Security Enabled: false 
2023-11-06 09:26:40,328 [main] WARN  server.AuthenticationFilter (AuthenticationFilter.java:constructSecretProvider(240)) - Unable to initialize FileSignerSecretProvider, falling back to use random secrets. Reason: Could not read signature secret file: /home/runner/hadoop-http-auth-signature-secret
2023-11-06 09:26:40,329 [main] INFO  http.HttpRequestLog (HttpRequestLog.java:getRequestLog(86)) - Http request log for http.requests.hddsDatanode is not defined
2023-11-06 09:26:40,330 [main] INFO  http.HttpServer2 (HttpServer2.java:addGlobalFilter(1031)) - Added global filter 'safety' (class=org.apache.hadoop.hdds.server.http.HttpServer2$QuotingInputFilter)
2023-11-06 09:26:40,331 [main] INFO  http.HttpServer2 (HttpServer2.java:addFilter(1007)) - Added filter static_user_filter (class=org.apache.hadoop.http.lib.StaticUserWebFilter$StaticUserFilter) to context hddsDatanode
2023-11-06 09:26:40,332 [main] INFO  http.HttpServer2 (HttpServer2.java:addFilter(1015)) - Added filter static_user_filter (class=org.apache.hadoop.http.lib.StaticUserWebFilter$StaticUserFilter) to context static
2023-11-06 09:26:40,332 [main] INFO  http.HttpServer2 (HttpServer2.java:addFilter(1015)) - Added filter static_user_filter (class=org.apache.hadoop.http.lib.StaticUserWebFilter$StaticUserFilter) to context logs
2023-11-06 09:26:40,332 [main] INFO  http.BaseHttpServer (BaseHttpServer.java:<init>(189)) - HTTP server of hddsDatanode uses base directory /home/runner/work/ozone/ozone/hadoop-ozone/integration-test/target/test-dir/MiniOzoneClusterImpl-938474ea-96d6-4bd3-a45f-678920fb0bb2/datanode-7/meta/webserver
2023-11-06 09:26:40,333 [main] INFO  http.HttpServer2 (HttpServer2.java:bindListener(1231)) - Jetty bound to port 15072
2023-11-06 09:26:40,333 [main] INFO  server.Server (Server.java:doStart(375)) - jetty-9.4.53.v20231009; built: 2023-10-09T12:29:09.265Z; git: 27bde00a0b95a1d5bbee0eae7984f891d2d0f8c9; jvm 1.8.0_382-b05
2023-11-06 09:26:40,334 [main] INFO  server.session (DefaultSessionIdManager.java:doStart(334)) - DefaultSessionIdManager workerName=node0
2023-11-06 09:26:40,334 [main] INFO  server.session (DefaultSessionIdManager.java:doStart(339)) - No SessionScavenger set, using defaults
2023-11-06 09:26:40,334 [main] INFO  server.session (HouseKeeper.java:startScavenging(132)) - node0 Scavenging every 660000ms
2023-11-06 09:26:40,335 [main] INFO  handler.ContextHandler (ContextHandler.java:doStart(921)) - Started o.e.j.s.ServletContextHandler@7c4038be{logs,/logs,file:///home/runner/work/ozone/ozone/hadoop-ozone/integration-test/target/log,AVAILABLE}
2023-11-06 09:26:40,336 [main] INFO  handler.ContextHandler (ContextHandler.java:doStart(921)) - Started o.e.j.s.ServletContextHandler@3141366{static,/static,jar:file:/home/runner/.m2/repository/org/apache/ozone/hdds-container-service/1.4.0-SNAPSHOT/hdds-container-service-1.4.0-SNAPSHOT.jar!/webapps/static,AVAILABLE}
2023-11-06 09:26:40,381 [main] INFO  handler.ContextHandler (ContextHandler.java:doStart(921)) - Started o.e.j.w.WebAppContext@5bc184ab{hddsDatanode,/,file:///home/runner/work/ozone/ozone/hadoop-ozone/integration-test/target/test-dir/MiniOzoneClusterImpl-938474ea-96d6-4bd3-a45f-678920fb0bb2/datanode-7/meta/webserver/jetty-0_0_0_0-15072-hdds-container-service-1_4_0-SNAPSHOT_jar-_-any-252134557255664611/webapp/,AVAILABLE}{jar:file:/home/runner/.m2/repository/org/apache/ozone/hdds-container-service/1.4.0-SNAPSHOT/hdds-container-service-1.4.0-SNAPSHOT.jar!/webapps/hddsDatanode}
2023-11-06 09:26:40,382 [main] INFO  server.AbstractConnector (AbstractConnector.java:doStart(333)) - Started ServerConnector@775159cf{HTTP/1.1, (http/1.1)}{0.0.0.0:15072}
2023-11-06 09:26:40,383 [main] INFO  server.Server (Server.java:doStart(415)) - Started @9944ms
2023-11-06 09:26:40,383 [main] WARN  impl.MetricsSystemImpl (MetricsSystemImpl.java:register(279)) - Sink prometheus already exists!
2023-11-06 09:26:40,383 [main] INFO  http.BaseHttpServer (BaseHttpServer.java:updateConnectorAddress(354)) - HTTP server of hddsDatanode listening at http://0.0.0.0:15072
2023-11-06 09:26:40,384 [main] INFO  ipc.CallQueueManager (CallQueueManager.java:<init>(90)) - Using callQueue: class java.util.concurrent.LinkedBlockingQueue, queueCapacity: 100, scheduler: class org.apache.hadoop.ipc.DefaultRpcScheduler, ipcBackoff: false.
2023-11-06 09:26:40,384 [main] INFO  ipc.Server (Server.java:<init>(1287)) - Listener at 0.0.0.0:15073
2023-11-06 09:26:40,384 [Socket Reader #1 for port 15073] INFO  ipc.Server (Server.java:run(1323)) - Starting Socket Reader #1 for port 15073
2023-11-06 09:26:40,393 [main] INFO  ozone.HddsDatanodeService (HddsDatanodeService.java:start(325)) - Datanode start with admins: [runner]
2023-11-06 09:26:40,393 [main] INFO  ozone.HddsDatanodeClientProtocolServer (HddsDatanodeClientProtocolServer.java:start(72)) - RPC server for Client /0.0.0.0:15073
2023-11-06 09:26:40,395 [IPC Server Responder] INFO  ipc.Server (Server.java:run(1562)) - IPC Server Responder: starting
2023-11-06 09:26:40,396 [IPC Server listener on 15073] INFO  ipc.Server (Server.java:run(1402)) - IPC Server listener on 15073: starting
2023-11-06 09:26:40,400 [18227f38-d602-4438-971e-c9cd287df9cb-DatanodeStateMachineDaemonThread] INFO  statemachine.DatanodeStateMachine (DatanodeStateMachine.java:lambda$startDaemon$1(555)) - Ozone container server started.
2023-11-06 09:26:40,400 [main] WARN  impl.MetricRegistriesImpl (MetricRegistriesImpl.java:addReporterRegistration(111)) - New reporters are added after registries were created. Some metrics will be missing from the reporter. Please add reporter before adding any new registry.
2023-11-06 09:26:40,401 [main] WARN  impl.MetricRegistriesImpl (MetricRegistriesImpl.java:addReporterRegistration(111)) - New reporters are added after registries were created. Some metrics will be missing from the reporter. Please add reporter before adding any new registry.
2023-11-06 09:26:40,401 [main] INFO  impl.MetricsSystemImpl (MetricsSystemImpl.java:init(158)) - HddsDatanode metrics system started (again)
2023-11-06 09:26:40,414 [main] INFO  ozone.HddsDatanodeService (HddsDatanodeService.java:start(240)) - HddsDatanodeService host:fv-az241-347.2tfxs3cvuluejhi1wdm4o5ef4c.bx.internal.cloudapp.net ip:10.1.0.6
2023-11-06 09:26:40,417 [18227f38-d602-4438-971e-c9cd287df9cb-DatanodeStateMachineTaskThread-0] INFO  datanode.InitDatanodeState (InitDatanodeState.java:persistContainerDatanodeDetails(139)) - DatanodeDetails is persisted to /home/runner/work/ozone/ozone/hadoop-ozone/integration-test/target/test-dir/MiniOzoneClusterImpl-938474ea-96d6-4bd3-a45f-678920fb0bb2/datanode-7/meta/datanode.id
2023-11-06 09:26:40,437 [main] INFO  upgrade.AbstractLayoutVersionManager (AbstractLayoutVersionManager.java:init(83)) - Initializing Layout version manager with metadata layout = HADOOP_PRC_PORTS_IN_DATANODEDETAILS (version = 7), software layout = HADOOP_PRC_PORTS_IN_DATANODEDETAILS (version = 7)
2023-11-06 09:26:40,438 [main] INFO  statemachine.DatanodeStateMachine (DatanodeStateMachine.java:getEndPointTaskThreadPoolSize(299)) - Datanode State Machine Task Thread Pool size 2
2023-11-06 09:26:40,440 [main] INFO  volume.HddsVolume (HddsVolume.java:<init>(126)) - Creating HddsVolume: /home/runner/work/ozone/ozone/hadoop-ozone/integration-test/target/test-dir/MiniOzoneClusterImpl-938474ea-96d6-4bd3-a45f-678920fb0bb2/datanode-8/data-0/containers/hdds of storage type : DISK capacity : 9223372036854775807
2023-11-06 09:26:40,440 [main] INFO  volume.MutableVolumeSet (MutableVolumeSet.java:initializeVolumeSet(173)) - Added Volume : /home/runner/work/ozone/ozone/hadoop-ozone/integration-test/target/test-dir/MiniOzoneClusterImpl-938474ea-96d6-4bd3-a45f-678920fb0bb2/datanode-8/data-0/containers/hdds to VolumeSet
2023-11-06 09:26:40,441 [main] INFO  volume.MutableVolumeSet (MutableVolumeSet.java:initializeVolumeSet(173)) - Added Volume : /home/runner/work/ozone/ozone/hadoop-ozone/integration-test/target/test-dir/MiniOzoneClusterImpl-938474ea-96d6-4bd3-a45f-678920fb0bb2/datanode-8/data/ratis to VolumeSet
2023-11-06 09:26:40,442 [5f7d9b36-4620-4ba9-8a78-929bd6ddd1f9-ContainerReader-0] INFO  ozoneimpl.ContainerReader (ContainerReader.java:readVolume(177)) - Finish verifying containers on volume /home/runner/work/ozone/ozone/hadoop-ozone/integration-test/target/test-dir/MiniOzoneClusterImpl-938474ea-96d6-4bd3-a45f-678920fb0bb2/datanode-8/data-0/containers/hdds
2023-11-06 09:26:40,442 [main] INFO  ozoneimpl.OzoneContainer (OzoneContainer.java:buildContainerSet(326)) - Build ContainerSet costs 0s
2023-11-06 09:26:40,454 [main] INFO  server.RaftServer (ConfUtils.java:logGet(46)) - raft.rpc.type = GRPC (default)
2023-11-06 09:26:40,455 [main] INFO  grpc.GrpcConfigKeys (ConfUtils.java:logFallback(53)) - raft.grpc.admin.host = null (fallback to raft.grpc.server.host)
2023-11-06 09:26:40,455 [main] INFO  grpc.GrpcConfigKeys (ConfUtils.java:logGet(46)) - raft.grpc.admin.port = 15085 (custom)
2023-11-06 09:26:40,455 [main] INFO  grpc.GrpcConfigKeys (ConfUtils.java:logFallback(53)) - raft.grpc.client.host = null (fallback to raft.grpc.server.host)
2023-11-06 09:26:40,455 [main] INFO  grpc.GrpcConfigKeys (ConfUtils.java:logGet(46)) - raft.grpc.client.port = 15084 (custom)
2023-11-06 09:26:40,455 [main] INFO  grpc.GrpcConfigKeys (ConfUtils.java:logGet(46)) - raft.grpc.server.host = null (default)
2023-11-06 09:26:40,455 [main] INFO  grpc.GrpcConfigKeys (ConfUtils.java:logGet(46)) - raft.grpc.server.port = 15086 (custom)
2023-11-06 09:26:40,455 [main] INFO  server.GrpcService (ConfUtils.java:logGet(46)) - raft.grpc.message.size.max = 32MB (=33554432) (custom)
2023-11-06 09:26:40,456 [main] INFO  server.RaftServerConfigKeys (ConfUtils.java:logGet(46)) - raft.server.log.appender.buffer.byte-limit = 33554432 (custom)
2023-11-06 09:26:40,456 [main] INFO  server.GrpcService (ConfUtils.java:logGet(46)) - raft.grpc.flow.control.window = 5MB (=5242880) (custom)
2023-11-06 09:26:40,456 [main] INFO  server.RaftServerConfigKeys (ConfUtils.java:logGet(46)) - raft.server.rpc.request.timeout = 60s (custom)
2023-11-06 09:26:40,456 [main] INFO  grpc.GrpcConfigKeys (ConfUtils.java:logGet(46)) - raft.grpc.server.heartbeat.channel = true (default)
2023-11-06 09:26:40,457 [main] INFO  grpc.GrpcConfigKeys (ConfUtils.java:logGet(46)) - raft.grpc.server.async.request.thread.pool.cached = true (default)
2023-11-06 09:26:40,459 [main] INFO  grpc.GrpcConfigKeys (ConfUtils.java:logGet(46)) - raft.grpc.server.async.request.thread.pool.size = 32 (default)
2023-11-06 09:26:40,464 [main] INFO  impl.DataStreamServerImpl (ConfUtils.java:logGet(46)) - raft.datastream.type = NETTY (custom)
2023-11-06 09:26:40,466 [main] INFO  server.RaftServerConfigKeys (ConfUtils.java:logGet(46)) - raft.server.data-stream.async.request.thread.pool.cached = false (default)
2023-11-06 09:26:40,466 [main] INFO  server.RaftServerConfigKeys (ConfUtils.java:logGet(46)) - raft.server.data-stream.async.request.thread.pool.size = 20 (custom)
2023-11-06 09:26:40,466 [main] INFO  server.RaftServerConfigKeys (ConfUtils.java:logGet(46)) - raft.server.data-stream.async.write.thread.pool.size = 16 (default)
2023-11-06 09:26:40,466 [main] INFO  server.RaftServerConfigKeys (ConfUtils.java:logGet(46)) - raft.server.data-stream.client.pool.size = 10 (default)
2023-11-06 09:26:40,467 [main] INFO  netty.NettyConfigKeys$DataStream (ConfUtils.java:logGet(46)) - raft.netty.dataStream.server.use-epoll = false (default)
2023-11-06 09:26:40,467 [main] INFO  netty.NettyConfigKeys$DataStream (ConfUtils.java:logGet(46)) - raft.netty.dataStream.server.boss-group.size = 0 (default)
2023-11-06 09:26:40,468 [main] INFO  netty.NettyConfigKeys$DataStream (ConfUtils.java:logGet(46)) - raft.netty.dataStream.server.worker-group.size = 0 (default)
2023-11-06 09:26:40,469 [main] INFO  netty.NettyConfigKeys$DataStream (ConfUtils.java:logGet(46)) - raft.netty.dataStream.server.tls.conf = null (default)
2023-11-06 09:26:40,470 [main] INFO  netty.NettyConfigKeys$DataStream (ConfUtils.java:logGet(46)) - raft.netty.dataStream.host = null (default)
2023-11-06 09:26:40,470 [main] INFO  netty.NettyConfigKeys$DataStream (ConfUtils.java:logGet(46)) - raft.netty.dataStream.port = 15087 (custom)
2023-11-06 09:26:40,472 [main] INFO  server.RaftServerConfigKeys (ConfUtils.java:logGet(46)) - raft.server.threadpool.proxy.cached = true (default)
2023-11-06 09:26:40,472 [main] INFO  server.RaftServerConfigKeys (ConfUtils.java:logGet(46)) - raft.server.threadpool.proxy.size = 0 (default)
2023-11-06 09:26:40,472 [main] INFO  server.RaftServerConfigKeys (ConfUtils.java:logGet(46)) - raft.server.rpc.slowness.timeout = 300s (custom)
2023-11-06 09:26:40,472 [main] INFO  server.RaftServerConfigKeys (ConfUtils.java:logGet(46)) - raft.server.leaderelection.leader.step-down.wait-time = 10s (default)
2023-11-06 09:26:40,472 [main] INFO  server.RaftServerConfigKeys (ConfUtils.java:logGet(46)) - raft.server.storage.dir = [/home/runner/work/ozone/ozone/hadoop-ozone/integration-test/target/test-dir/MiniOzoneClusterImpl-938474ea-96d6-4bd3-a45f-678920fb0bb2/datanode-8/data/ratis] (custom)
2023-11-06 09:26:40,476 [5f7d9b36-4620-4ba9-8a78-929bd6ddd1f9-NettyServerStreamRpc-bossGroup--thread1] INFO  logging.LoggingHandler (AbstractInternalLogger.java:log(148)) - [id: 0xda60a800] REGISTERED
2023-11-06 09:26:40,477 [5f7d9b36-4620-4ba9-8a78-929bd6ddd1f9-NettyServerStreamRpc-bossGroup--thread1] INFO  logging.LoggingHandler (AbstractInternalLogger.java:log(148)) - [id: 0xda60a800] BIND: 0.0.0.0/0.0.0.0:15087
2023-11-06 09:26:40,477 [5f7d9b36-4620-4ba9-8a78-929bd6ddd1f9-NettyServerStreamRpc-bossGroup--thread1] INFO  logging.LoggingHandler (AbstractInternalLogger.java:log(148)) - [id: 0xda60a800, L:/0:0:0:0:0:0:0:0:15087] ACTIVE
2023-11-06 09:26:40,478 [5f7d9b36-4620-4ba9-8a78-929bd6ddd1f9-impl-thread1] INFO  server.RaftServer (RaftServerProxy.java:initGroupDir(258)) - 5f7d9b36-4620-4ba9-8a78-929bd6ddd1f9: found a subdirectory /home/runner/work/ozone/ozone/hadoop-ozone/integration-test/target/test-dir/MiniOzoneClusterImpl-938474ea-96d6-4bd3-a45f-678920fb0bb2/datanode-8/data/ratis/tmp
2023-11-06 09:26:40,479 [5f7d9b36-4620-4ba9-8a78-929bd6ddd1f9-impl-thread1] INFO  server.RaftServer (RaftServerProxy.java:initGroupDir(263)) - 5f7d9b36-4620-4ba9-8a78-929bd6ddd1f9: The directory /home/runner/work/ozone/ozone/hadoop-ozone/integration-test/target/test-dir/MiniOzoneClusterImpl-938474ea-96d6-4bd3-a45f-678920fb0bb2/datanode-8/data/ratis/tmp is not a group directory; ignoring it. 
2023-11-06 09:26:40,479 [main] INFO  replication.ReplicationServer (ReplicationServer.java:<init>(85)) - Initializing replication server with thread count = 10 queue length = 4096
2023-11-06 09:26:40,481 [main] INFO  server.XceiverServerGrpc (XceiverServerGrpc.java:<init>(135)) - GrpcServer channel type EpollServerSocketChannel
2023-11-06 09:26:40,483 [main] INFO  replication.ReplicationSupervisor (ReplicationSupervisor.java:build(163)) - Initializing replication supervisor with thread count = 10
2023-11-06 09:26:40,483 [main] INFO  replication.ReplicationSupervisor (ReplicationSupervisor.java:nodeStateUpdated(317)) - Node state updated to IN_SERVICE, scaling executor pool size to 10
2023-11-06 09:26:40,485 [main] INFO  http.BaseHttpServer (BaseHttpServer.java:newHttpServer2BuilderForOzone(223)) - Starting Web-server for hddsDatanode at: http://0.0.0.0:15081
2023-11-06 09:26:40,485 [main] INFO  http.BaseHttpServer (BaseHttpServer.java:<init>(110)) - Hadoop Security Enabled: false Ozone Security Enabled: false Ozone HTTP Security Enabled: false 
2023-11-06 09:26:40,487 [main] WARN  server.AuthenticationFilter (AuthenticationFilter.java:constructSecretProvider(240)) - Unable to initialize FileSignerSecretProvider, falling back to use random secrets. Reason: Could not read signature secret file: /home/runner/hadoop-http-auth-signature-secret
2023-11-06 09:26:40,487 [main] INFO  http.HttpRequestLog (HttpRequestLog.java:getRequestLog(86)) - Http request log for http.requests.hddsDatanode is not defined
2023-11-06 09:26:40,489 [main] INFO  http.HttpServer2 (HttpServer2.java:addGlobalFilter(1031)) - Added global filter 'safety' (class=org.apache.hadoop.hdds.server.http.HttpServer2$QuotingInputFilter)
2023-11-06 09:26:40,490 [main] INFO  http.HttpServer2 (HttpServer2.java:addFilter(1007)) - Added filter static_user_filter (class=org.apache.hadoop.http.lib.StaticUserWebFilter$StaticUserFilter) to context hddsDatanode
2023-11-06 09:26:40,490 [main] INFO  http.HttpServer2 (HttpServer2.java:addFilter(1015)) - Added filter static_user_filter (class=org.apache.hadoop.http.lib.StaticUserWebFilter$StaticUserFilter) to context logs
2023-11-06 09:26:40,490 [main] INFO  http.HttpServer2 (HttpServer2.java:addFilter(1015)) - Added filter static_user_filter (class=org.apache.hadoop.http.lib.StaticUserWebFilter$StaticUserFilter) to context static
2023-11-06 09:26:40,491 [main] INFO  http.BaseHttpServer (BaseHttpServer.java:<init>(189)) - HTTP server of hddsDatanode uses base directory /home/runner/work/ozone/ozone/hadoop-ozone/integration-test/target/test-dir/MiniOzoneClusterImpl-938474ea-96d6-4bd3-a45f-678920fb0bb2/datanode-8/meta/webserver
2023-11-06 09:26:40,491 [main] INFO  http.HttpServer2 (HttpServer2.java:bindListener(1231)) - Jetty bound to port 15081
2023-11-06 09:26:40,491 [main] INFO  server.Server (Server.java:doStart(375)) - jetty-9.4.53.v20231009; built: 2023-10-09T12:29:09.265Z; git: 27bde00a0b95a1d5bbee0eae7984f891d2d0f8c9; jvm 1.8.0_382-b05
2023-11-06 09:26:40,495 [main] INFO  server.session (DefaultSessionIdManager.java:doStart(334)) - DefaultSessionIdManager workerName=node0
2023-11-06 09:26:40,496 [main] INFO  server.session (DefaultSessionIdManager.java:doStart(339)) - No SessionScavenger set, using defaults
2023-11-06 09:26:40,496 [main] INFO  server.session (HouseKeeper.java:startScavenging(132)) - node0 Scavenging every 660000ms
2023-11-06 09:26:40,497 [main] INFO  handler.ContextHandler (ContextHandler.java:doStart(921)) - Started o.e.j.s.ServletContextHandler@203e9e36{logs,/logs,file:///home/runner/work/ozone/ozone/hadoop-ozone/integration-test/target/log,AVAILABLE}
2023-11-06 09:26:40,497 [main] INFO  handler.ContextHandler (ContextHandler.java:doStart(921)) - Started o.e.j.s.ServletContextHandler@2be48c1e{static,/static,jar:file:/home/runner/.m2/repository/org/apache/ozone/hdds-container-service/1.4.0-SNAPSHOT/hdds-container-service-1.4.0-SNAPSHOT.jar!/webapps/static,AVAILABLE}
2023-11-06 09:26:40,546 [main] INFO  handler.ContextHandler (ContextHandler.java:doStart(921)) - Started o.e.j.w.WebAppContext@18a1de5d{hddsDatanode,/,file:///home/runner/work/ozone/ozone/hadoop-ozone/integration-test/target/test-dir/MiniOzoneClusterImpl-938474ea-96d6-4bd3-a45f-678920fb0bb2/datanode-8/meta/webserver/jetty-0_0_0_0-15081-hdds-container-service-1_4_0-SNAPSHOT_jar-_-any-7346858948291050946/webapp/,AVAILABLE}{jar:file:/home/runner/.m2/repository/org/apache/ozone/hdds-container-service/1.4.0-SNAPSHOT/hdds-container-service-1.4.0-SNAPSHOT.jar!/webapps/hddsDatanode}
2023-11-06 09:26:40,548 [main] INFO  server.AbstractConnector (AbstractConnector.java:doStart(333)) - Started ServerConnector@5d3d8794{HTTP/1.1, (http/1.1)}{0.0.0.0:15081}
2023-11-06 09:26:40,549 [main] INFO  server.Server (Server.java:doStart(415)) - Started @10110ms
2023-11-06 09:26:40,549 [main] WARN  impl.MetricsSystemImpl (MetricsSystemImpl.java:register(279)) - Sink prometheus already exists!
2023-11-06 09:26:40,549 [main] INFO  http.BaseHttpServer (BaseHttpServer.java:updateConnectorAddress(354)) - HTTP server of hddsDatanode listening at http://0.0.0.0:15081
2023-11-06 09:26:40,550 [main] INFO  ipc.CallQueueManager (CallQueueManager.java:<init>(90)) - Using callQueue: class java.util.concurrent.LinkedBlockingQueue, queueCapacity: 100, scheduler: class org.apache.hadoop.ipc.DefaultRpcScheduler, ipcBackoff: false.
2023-11-06 09:26:40,550 [main] INFO  ipc.Server (Server.java:<init>(1287)) - Listener at 0.0.0.0:15082
2023-11-06 09:26:40,551 [Socket Reader #1 for port 15082] INFO  ipc.Server (Server.java:run(1323)) - Starting Socket Reader #1 for port 15082
2023-11-06 09:26:40,553 [main] INFO  ozone.HddsDatanodeService (HddsDatanodeService.java:start(325)) - Datanode start with admins: [runner]
2023-11-06 09:26:40,554 [main] INFO  ozone.HddsDatanodeClientProtocolServer (HddsDatanodeClientProtocolServer.java:start(72)) - RPC server for Client /0.0.0.0:15082
2023-11-06 09:26:40,554 [IPC Server Responder] INFO  ipc.Server (Server.java:run(1562)) - IPC Server Responder: starting
2023-11-06 09:26:40,555 [IPC Server listener on 15082] INFO  ipc.Server (Server.java:run(1402)) - IPC Server listener on 15082: starting
2023-11-06 09:26:40,555 [main] WARN  impl.MetricRegistriesImpl (MetricRegistriesImpl.java:addReporterRegistration(111)) - New reporters are added after registries were created. Some metrics will be missing from the reporter. Please add reporter before adding any new registry.
2023-11-06 09:26:40,555 [main] WARN  impl.MetricRegistriesImpl (MetricRegistriesImpl.java:addReporterRegistration(111)) - New reporters are added after registries were created. Some metrics will be missing from the reporter. Please add reporter before adding any new registry.
2023-11-06 09:26:40,556 [main] INFO  impl.MetricsSystemImpl (MetricsSystemImpl.java:init(158)) - HddsDatanode metrics system started (again)
2023-11-06 09:26:40,564 [5f7d9b36-4620-4ba9-8a78-929bd6ddd1f9-DatanodeStateMachineDaemonThread] INFO  statemachine.DatanodeStateMachine (DatanodeStateMachine.java:lambda$startDaemon$1(555)) - Ozone container server started.
2023-11-06 09:26:40,578 [main] INFO  ozone.HddsDatanodeService (HddsDatanodeService.java:start(240)) - HddsDatanodeService host:fv-az241-347.2tfxs3cvuluejhi1wdm4o5ef4c.bx.internal.cloudapp.net ip:10.1.0.6
2023-11-06 09:26:40,594 [5f7d9b36-4620-4ba9-8a78-929bd6ddd1f9-DatanodeStateMachineTaskThread-0] INFO  datanode.InitDatanodeState (InitDatanodeState.java:persistContainerDatanodeDetails(139)) - DatanodeDetails is persisted to /home/runner/work/ozone/ozone/hadoop-ozone/integration-test/target/test-dir/MiniOzoneClusterImpl-938474ea-96d6-4bd3-a45f-678920fb0bb2/datanode-8/meta/datanode.id
2023-11-06 09:26:40,608 [main] INFO  upgrade.AbstractLayoutVersionManager (AbstractLayoutVersionManager.java:init(83)) - Initializing Layout version manager with metadata layout = HADOOP_PRC_PORTS_IN_DATANODEDETAILS (version = 7), software layout = HADOOP_PRC_PORTS_IN_DATANODEDETAILS (version = 7)
2023-11-06 09:26:40,609 [main] INFO  statemachine.DatanodeStateMachine (DatanodeStateMachine.java:getEndPointTaskThreadPoolSize(299)) - Datanode State Machine Task Thread Pool size 2
2023-11-06 09:26:40,611 [main] INFO  volume.HddsVolume (HddsVolume.java:<init>(126)) - Creating HddsVolume: /home/runner/work/ozone/ozone/hadoop-ozone/integration-test/target/test-dir/MiniOzoneClusterImpl-938474ea-96d6-4bd3-a45f-678920fb0bb2/datanode-9/data-0/containers/hdds of storage type : DISK capacity : 9223372036854775807
2023-11-06 09:26:40,612 [main] INFO  volume.MutableVolumeSet (MutableVolumeSet.java:initializeVolumeSet(173)) - Added Volume : /home/runner/work/ozone/ozone/hadoop-ozone/integration-test/target/test-dir/MiniOzoneClusterImpl-938474ea-96d6-4bd3-a45f-678920fb0bb2/datanode-9/data-0/containers/hdds to VolumeSet
2023-11-06 09:26:40,613 [main] INFO  volume.MutableVolumeSet (MutableVolumeSet.java:initializeVolumeSet(173)) - Added Volume : /home/runner/work/ozone/ozone/hadoop-ozone/integration-test/target/test-dir/MiniOzoneClusterImpl-938474ea-96d6-4bd3-a45f-678920fb0bb2/datanode-9/data/ratis to VolumeSet
2023-11-06 09:26:40,614 [0e92623e-4dcf-4eff-ae25-f8b8c2de319b-ContainerReader-0] INFO  ozoneimpl.ContainerReader (ContainerReader.java:readVolume(177)) - Finish verifying containers on volume /home/runner/work/ozone/ozone/hadoop-ozone/integration-test/target/test-dir/MiniOzoneClusterImpl-938474ea-96d6-4bd3-a45f-678920fb0bb2/datanode-9/data-0/containers/hdds
2023-11-06 09:26:40,614 [main] INFO  ozoneimpl.OzoneContainer (OzoneContainer.java:buildContainerSet(326)) - Build ContainerSet costs 0s
2023-11-06 09:26:40,618 [main] INFO  server.RaftServer (ConfUtils.java:logGet(46)) - raft.rpc.type = GRPC (default)
2023-11-06 09:26:40,618 [main] INFO  grpc.GrpcConfigKeys (ConfUtils.java:logFallback(53)) - raft.grpc.admin.host = null (fallback to raft.grpc.server.host)
2023-11-06 09:26:40,618 [main] INFO  grpc.GrpcConfigKeys (ConfUtils.java:logGet(46)) - raft.grpc.admin.port = 15094 (custom)
2023-11-06 09:26:40,618 [main] INFO  grpc.GrpcConfigKeys (ConfUtils.java:logFallback(53)) - raft.grpc.client.host = null (fallback to raft.grpc.server.host)
2023-11-06 09:26:40,619 [main] INFO  grpc.GrpcConfigKeys (ConfUtils.java:logGet(46)) - raft.grpc.client.port = 15093 (custom)
2023-11-06 09:26:40,619 [main] INFO  grpc.GrpcConfigKeys (ConfUtils.java:logGet(46)) - raft.grpc.server.host = null (default)
2023-11-06 09:26:40,619 [main] INFO  grpc.GrpcConfigKeys (ConfUtils.java:logGet(46)) - raft.grpc.server.port = 15095 (custom)
2023-11-06 09:26:40,619 [main] INFO  server.GrpcService (ConfUtils.java:logGet(46)) - raft.grpc.message.size.max = 32MB (=33554432) (custom)
2023-11-06 09:26:40,619 [main] INFO  server.RaftServerConfigKeys (ConfUtils.java:logGet(46)) - raft.server.log.appender.buffer.byte-limit = 33554432 (custom)
2023-11-06 09:26:40,619 [main] INFO  server.GrpcService (ConfUtils.java:logGet(46)) - raft.grpc.flow.control.window = 5MB (=5242880) (custom)
2023-11-06 09:26:40,619 [main] INFO  server.RaftServerConfigKeys (ConfUtils.java:logGet(46)) - raft.server.rpc.request.timeout = 60s (custom)
2023-11-06 09:26:40,619 [main] INFO  grpc.GrpcConfigKeys (ConfUtils.java:logGet(46)) - raft.grpc.server.heartbeat.channel = true (default)
2023-11-06 09:26:40,620 [main] INFO  grpc.GrpcConfigKeys (ConfUtils.java:logGet(46)) - raft.grpc.server.async.request.thread.pool.cached = true (default)
2023-11-06 09:26:40,620 [main] INFO  grpc.GrpcConfigKeys (ConfUtils.java:logGet(46)) - raft.grpc.server.async.request.thread.pool.size = 32 (default)
2023-11-06 09:26:40,623 [main] INFO  impl.DataStreamServerImpl (ConfUtils.java:logGet(46)) - raft.datastream.type = NETTY (custom)
2023-11-06 09:26:40,624 [main] INFO  server.RaftServerConfigKeys (ConfUtils.java:logGet(46)) - raft.server.data-stream.async.request.thread.pool.cached = false (default)
2023-11-06 09:26:40,625 [main] INFO  server.RaftServerConfigKeys (ConfUtils.java:logGet(46)) - raft.server.data-stream.async.request.thread.pool.size = 20 (custom)
2023-11-06 09:26:40,625 [main] INFO  server.RaftServerConfigKeys (ConfUtils.java:logGet(46)) - raft.server.data-stream.async.write.thread.pool.size = 16 (default)
2023-11-06 09:26:40,626 [main] INFO  server.RaftServerConfigKeys (ConfUtils.java:logGet(46)) - raft.server.data-stream.client.pool.size = 10 (default)
2023-11-06 09:26:40,626 [main] INFO  netty.NettyConfigKeys$DataStream (ConfUtils.java:logGet(46)) - raft.netty.dataStream.server.use-epoll = false (default)
2023-11-06 09:26:40,627 [main] INFO  netty.NettyConfigKeys$DataStream (ConfUtils.java:logGet(46)) - raft.netty.dataStream.server.boss-group.size = 0 (default)
2023-11-06 09:26:40,627 [main] INFO  netty.NettyConfigKeys$DataStream (ConfUtils.java:logGet(46)) - raft.netty.dataStream.server.worker-group.size = 0 (default)
2023-11-06 09:26:40,628 [main] INFO  netty.NettyConfigKeys$DataStream (ConfUtils.java:logGet(46)) - raft.netty.dataStream.server.tls.conf = null (default)
2023-11-06 09:26:40,628 [main] INFO  netty.NettyConfigKeys$DataStream (ConfUtils.java:logGet(46)) - raft.netty.dataStream.host = null (default)
2023-11-06 09:26:40,629 [main] INFO  netty.NettyConfigKeys$DataStream (ConfUtils.java:logGet(46)) - raft.netty.dataStream.port = 15096 (custom)
2023-11-06 09:26:40,630 [main] INFO  server.RaftServerConfigKeys (ConfUtils.java:logGet(46)) - raft.server.threadpool.proxy.cached = true (default)
2023-11-06 09:26:40,630 [main] INFO  server.RaftServerConfigKeys (ConfUtils.java:logGet(46)) - raft.server.threadpool.proxy.size = 0 (default)
2023-11-06 09:26:40,630 [main] INFO  server.RaftServerConfigKeys (ConfUtils.java:logGet(46)) - raft.server.rpc.slowness.timeout = 300s (custom)
2023-11-06 09:26:40,630 [main] INFO  server.RaftServerConfigKeys (ConfUtils.java:logGet(46)) - raft.server.leaderelection.leader.step-down.wait-time = 10s (default)
2023-11-06 09:26:40,630 [main] INFO  server.RaftServerConfigKeys (ConfUtils.java:logGet(46)) - raft.server.storage.dir = [/home/runner/work/ozone/ozone/hadoop-ozone/integration-test/target/test-dir/MiniOzoneClusterImpl-938474ea-96d6-4bd3-a45f-678920fb0bb2/datanode-9/data/ratis] (custom)
2023-11-06 09:26:40,635 [0e92623e-4dcf-4eff-ae25-f8b8c2de319b-impl-thread1] INFO  server.RaftServer (RaftServerProxy.java:initGroupDir(258)) - 0e92623e-4dcf-4eff-ae25-f8b8c2de319b: found a subdirectory /home/runner/work/ozone/ozone/hadoop-ozone/integration-test/target/test-dir/MiniOzoneClusterImpl-938474ea-96d6-4bd3-a45f-678920fb0bb2/datanode-9/data/ratis/tmp
2023-11-06 09:26:40,635 [0e92623e-4dcf-4eff-ae25-f8b8c2de319b-impl-thread1] INFO  server.RaftServer (RaftServerProxy.java:initGroupDir(263)) - 0e92623e-4dcf-4eff-ae25-f8b8c2de319b: The directory /home/runner/work/ozone/ozone/hadoop-ozone/integration-test/target/test-dir/MiniOzoneClusterImpl-938474ea-96d6-4bd3-a45f-678920fb0bb2/datanode-9/data/ratis/tmp is not a group directory; ignoring it. 
2023-11-06 09:26:40,635 [0e92623e-4dcf-4eff-ae25-f8b8c2de319b-NettyServerStreamRpc-bossGroup--thread1] INFO  logging.LoggingHandler (AbstractInternalLogger.java:log(148)) - [id: 0x2dbf201b] REGISTERED
2023-11-06 09:26:40,636 [0e92623e-4dcf-4eff-ae25-f8b8c2de319b-NettyServerStreamRpc-bossGroup--thread1] INFO  logging.LoggingHandler (AbstractInternalLogger.java:log(148)) - [id: 0x2dbf201b] BIND: 0.0.0.0/0.0.0.0:15096
2023-11-06 09:26:40,636 [main] INFO  replication.ReplicationServer (ReplicationServer.java:<init>(85)) - Initializing replication server with thread count = 10 queue length = 4096
2023-11-06 09:26:40,638 [main] INFO  server.XceiverServerGrpc (XceiverServerGrpc.java:<init>(135)) - GrpcServer channel type EpollServerSocketChannel
2023-11-06 09:26:40,641 [main] INFO  replication.ReplicationSupervisor (ReplicationSupervisor.java:build(163)) - Initializing replication supervisor with thread count = 10
2023-11-06 09:26:40,641 [main] INFO  replication.ReplicationSupervisor (ReplicationSupervisor.java:nodeStateUpdated(317)) - Node state updated to IN_SERVICE, scaling executor pool size to 10
2023-11-06 09:26:40,643 [0e92623e-4dcf-4eff-ae25-f8b8c2de319b-NettyServerStreamRpc-bossGroup--thread1] INFO  logging.LoggingHandler (AbstractInternalLogger.java:log(148)) - [id: 0x2dbf201b, L:/0:0:0:0:0:0:0:0:15096] ACTIVE
2023-11-06 09:26:40,644 [main] INFO  http.BaseHttpServer (BaseHttpServer.java:newHttpServer2BuilderForOzone(223)) - Starting Web-server for hddsDatanode at: http://0.0.0.0:15090
2023-11-06 09:26:40,645 [main] INFO  http.BaseHttpServer (BaseHttpServer.java:<init>(110)) - Hadoop Security Enabled: false Ozone Security Enabled: false Ozone HTTP Security Enabled: false 
2023-11-06 09:26:40,647 [main] WARN  server.AuthenticationFilter (AuthenticationFilter.java:constructSecretProvider(240)) - Unable to initialize FileSignerSecretProvider, falling back to use random secrets. Reason: Could not read signature secret file: /home/runner/hadoop-http-auth-signature-secret
2023-11-06 09:26:40,648 [main] INFO  http.HttpRequestLog (HttpRequestLog.java:getRequestLog(86)) - Http request log for http.requests.hddsDatanode is not defined
2023-11-06 09:26:40,650 [main] INFO  http.HttpServer2 (HttpServer2.java:addGlobalFilter(1031)) - Added global filter 'safety' (class=org.apache.hadoop.hdds.server.http.HttpServer2$QuotingInputFilter)
2023-11-06 09:26:40,651 [main] INFO  http.HttpServer2 (HttpServer2.java:addFilter(1007)) - Added filter static_user_filter (class=org.apache.hadoop.http.lib.StaticUserWebFilter$StaticUserFilter) to context hddsDatanode
2023-11-06 09:26:40,651 [main] INFO  http.HttpServer2 (HttpServer2.java:addFilter(1015)) - Added filter static_user_filter (class=org.apache.hadoop.http.lib.StaticUserWebFilter$StaticUserFilter) to context static
2023-11-06 09:26:40,651 [main] INFO  http.HttpServer2 (HttpServer2.java:addFilter(1015)) - Added filter static_user_filter (class=org.apache.hadoop.http.lib.StaticUserWebFilter$StaticUserFilter) to context logs
2023-11-06 09:26:40,651 [main] INFO  http.BaseHttpServer (BaseHttpServer.java:<init>(189)) - HTTP server of hddsDatanode uses base directory /home/runner/work/ozone/ozone/hadoop-ozone/integration-test/target/test-dir/MiniOzoneClusterImpl-938474ea-96d6-4bd3-a45f-678920fb0bb2/datanode-9/meta/webserver
2023-11-06 09:26:40,652 [main] INFO  http.HttpServer2 (HttpServer2.java:bindListener(1231)) - Jetty bound to port 15090
2023-11-06 09:26:40,653 [main] INFO  server.Server (Server.java:doStart(375)) - jetty-9.4.53.v20231009; built: 2023-10-09T12:29:09.265Z; git: 27bde00a0b95a1d5bbee0eae7984f891d2d0f8c9; jvm 1.8.0_382-b05
2023-11-06 09:26:40,658 [main] INFO  server.session (DefaultSessionIdManager.java:doStart(334)) - DefaultSessionIdManager workerName=node0
2023-11-06 09:26:40,658 [main] INFO  server.session (DefaultSessionIdManager.java:doStart(339)) - No SessionScavenger set, using defaults
2023-11-06 09:26:40,658 [main] INFO  server.session (HouseKeeper.java:startScavenging(132)) - node0 Scavenging every 660000ms
2023-11-06 09:26:40,659 [main] INFO  handler.ContextHandler (ContextHandler.java:doStart(921)) - Started o.e.j.s.ServletContextHandler@29beabc4{logs,/logs,file:///home/runner/work/ozone/ozone/hadoop-ozone/integration-test/target/log,AVAILABLE}
2023-11-06 09:26:40,660 [main] INFO  handler.ContextHandler (ContextHandler.java:doStart(921)) - Started o.e.j.s.ServletContextHandler@2ec19b83{static,/static,jar:file:/home/runner/.m2/repository/org/apache/ozone/hdds-container-service/1.4.0-SNAPSHOT/hdds-container-service-1.4.0-SNAPSHOT.jar!/webapps/static,AVAILABLE}
2023-11-06 09:26:40,715 [main] INFO  handler.ContextHandler (ContextHandler.java:doStart(921)) - Started o.e.j.w.WebAppContext@59feea1c{hddsDatanode,/,file:///home/runner/work/ozone/ozone/hadoop-ozone/integration-test/target/test-dir/MiniOzoneClusterImpl-938474ea-96d6-4bd3-a45f-678920fb0bb2/datanode-9/meta/webserver/jetty-0_0_0_0-15090-hdds-container-service-1_4_0-SNAPSHOT_jar-_-any-8521531486285461285/webapp/,AVAILABLE}{jar:file:/home/runner/.m2/repository/org/apache/ozone/hdds-container-service/1.4.0-SNAPSHOT/hdds-container-service-1.4.0-SNAPSHOT.jar!/webapps/hddsDatanode}
2023-11-06 09:26:40,717 [main] INFO  server.AbstractConnector (AbstractConnector.java:doStart(333)) - Started ServerConnector@7075359c{HTTP/1.1, (http/1.1)}{0.0.0.0:15090}
2023-11-06 09:26:40,718 [main] INFO  server.Server (Server.java:doStart(415)) - Started @10279ms
2023-11-06 09:26:40,718 [main] WARN  impl.MetricsSystemImpl (MetricsSystemImpl.java:register(279)) - Sink prometheus already exists!
2023-11-06 09:26:40,719 [main] INFO  http.BaseHttpServer (BaseHttpServer.java:updateConnectorAddress(354)) - HTTP server of hddsDatanode listening at http://0.0.0.0:15090
2023-11-06 09:26:40,719 [main] INFO  ipc.CallQueueManager (CallQueueManager.java:<init>(90)) - Using callQueue: class java.util.concurrent.LinkedBlockingQueue, queueCapacity: 100, scheduler: class org.apache.hadoop.ipc.DefaultRpcScheduler, ipcBackoff: false.
2023-11-06 09:26:40,719 [main] INFO  ipc.Server (Server.java:<init>(1287)) - Listener at 0.0.0.0:15091
2023-11-06 09:26:40,720 [Socket Reader #1 for port 15091] INFO  ipc.Server (Server.java:run(1323)) - Starting Socket Reader #1 for port 15091
2023-11-06 09:26:40,734 [main] INFO  ozone.HddsDatanodeService (HddsDatanodeService.java:start(325)) - Datanode start with admins: [runner]
2023-11-06 09:26:40,734 [main] INFO  ozone.HddsDatanodeClientProtocolServer (HddsDatanodeClientProtocolServer.java:start(72)) - RPC server for Client /0.0.0.0:15091
2023-11-06 09:26:40,735 [IPC Server Responder] INFO  ipc.Server (Server.java:run(1562)) - IPC Server Responder: starting
2023-11-06 09:26:40,735 [IPC Server listener on 15091] INFO  ipc.Server (Server.java:run(1402)) - IPC Server listener on 15091: starting
2023-11-06 09:26:40,737 [main] INFO  ozone.MiniOzoneClusterImpl (MiniOzoneClusterImpl.java:lambda$waitForClusterToBeReady$0(229)) - Waiting for nodes to be ready. Got 0 of 10 DN Heartbeats.
2023-11-06 09:26:40,737 [main] INFO  ozone.MiniOzoneClusterImpl (MiniOzoneClusterImpl.java:lambda$waitForClusterToBeReady$0(232)) - Waiting for cluster to exit safe mode
2023-11-06 09:26:40,737 [main] INFO  ozone.MiniOzoneClusterImpl (MiniOzoneClusterImpl.java:lambda$waitForClusterToBeReady$0(234)) - SCM became leader
2023-11-06 09:26:40,742 [0e92623e-4dcf-4eff-ae25-f8b8c2de319b-DatanodeStateMachineDaemonThread] INFO  statemachine.DatanodeStateMachine (DatanodeStateMachine.java:lambda$startDaemon$1(555)) - Ozone container server started.
2023-11-06 09:26:40,748 [0e92623e-4dcf-4eff-ae25-f8b8c2de319b-DatanodeStateMachineTaskThread-0] INFO  datanode.InitDatanodeState (InitDatanodeState.java:persistContainerDatanodeDetails(139)) - DatanodeDetails is persisted to /home/runner/work/ozone/ozone/hadoop-ozone/integration-test/target/test-dir/MiniOzoneClusterImpl-938474ea-96d6-4bd3-a45f-678920fb0bb2/datanode-9/meta/datanode.id
2023-11-06 09:26:41,157 [fedf11b8-0957-422e-880a-91cc26979c7a-EndpointStateMachineTaskThread-/0.0.0.0:15002-0 ] INFO  utils.DatanodeStoreCache (DatanodeStoreCache.java:addDB(66)) - Added db /home/runner/work/ozone/ozone/hadoop-ozone/integration-test/target/test-dir/MiniOzoneClusterImpl-938474ea-96d6-4bd3-a45f-678920fb0bb2/datanode-0/data-0/containers/hdds/938474ea-96d6-4bd3-a45f-678920fb0bb2/DS-cc2320c9-17b4-4246-8443-fc51818b908b/container.db to cache
2023-11-06 09:26:41,158 [fedf11b8-0957-422e-880a-91cc26979c7a-EndpointStateMachineTaskThread-/0.0.0.0:15002-0 ] INFO  volume.HddsVolume (HddsVolume.java:createDbStore(422)) - SchemaV3 db is created and loaded at /home/runner/work/ozone/ozone/hadoop-ozone/integration-test/target/test-dir/MiniOzoneClusterImpl-938474ea-96d6-4bd3-a45f-678920fb0bb2/datanode-0/data-0/containers/hdds/938474ea-96d6-4bd3-a45f-678920fb0bb2/DS-cc2320c9-17b4-4246-8443-fc51818b908b/container.db for volume DS-cc2320c9-17b4-4246-8443-fc51818b908b
2023-11-06 09:26:41,161 [fedf11b8-0957-422e-880a-91cc26979c7a-EndpointStateMachineTaskThread-/0.0.0.0:15002-0 ] INFO  volume.ThrottledAsyncChecker (ThrottledAsyncChecker.java:schedule(141)) - Scheduling a check for /home/runner/work/ozone/ozone/hadoop-ozone/integration-test/target/test-dir/MiniOzoneClusterImpl-938474ea-96d6-4bd3-a45f-678920fb0bb2/datanode-0/data-0/containers/hdds
2023-11-06 09:26:41,181 [fedf11b8-0957-422e-880a-91cc26979c7a-EndpointStateMachineTaskThread-/0.0.0.0:15002-0 ] INFO  volume.StorageVolumeChecker (StorageVolumeChecker.java:checkAllVolumes(218)) - Scheduled health check for volume /home/runner/work/ozone/ozone/hadoop-ozone/integration-test/target/test-dir/MiniOzoneClusterImpl-938474ea-96d6-4bd3-a45f-678920fb0bb2/datanode-0/data-0/containers/hdds
2023-11-06 09:26:41,183 [fedf11b8-0957-422e-880a-91cc26979c7a-EndpointStateMachineTaskThread-/0.0.0.0:15002-0 ] INFO  volume.ThrottledAsyncChecker (ThrottledAsyncChecker.java:schedule(141)) - Scheduling a check for /home/runner/work/ozone/ozone/hadoop-ozone/integration-test/target/test-dir/MiniOzoneClusterImpl-938474ea-96d6-4bd3-a45f-678920fb0bb2/datanode-0/data/ratis
2023-11-06 09:26:41,184 [fedf11b8-0957-422e-880a-91cc26979c7a-EndpointStateMachineTaskThread-/0.0.0.0:15002-0 ] INFO  volume.StorageVolumeChecker (StorageVolumeChecker.java:checkAllVolumes(218)) - Scheduled health check for volume /home/runner/work/ozone/ozone/hadoop-ozone/integration-test/target/test-dir/MiniOzoneClusterImpl-938474ea-96d6-4bd3-a45f-678920fb0bb2/datanode-0/data/ratis
2023-11-06 09:26:41,185 [fedf11b8-0957-422e-880a-91cc26979c7a-EndpointStateMachineTaskThread-/0.0.0.0:15002-0 ] INFO  ozoneimpl.OzoneContainer (OzoneContainer.java:start(441)) - Attempting to start container services.
2023-11-06 09:26:41,188 [fedf11b8-0957-422e-880a-91cc26979c7a-EndpointStateMachineTaskThread-/0.0.0.0:15002-0 ] INFO  ozoneimpl.OzoneContainer (OzoneContainer.java:startContainerScrub(337)) - Scheduled background container scanners and the on-demand container scanner have been disabled.
2023-11-06 09:26:41,190 [fedf11b8-0957-422e-880a-91cc26979c7a-EndpointStateMachineTaskThread-/0.0.0.0:15002-0 ] INFO  replication.ReplicationServer (ReplicationServer.java:start(139)) - ReplicationServer is started using port 15016
2023-11-06 09:26:41,191 [fedf11b8-0957-422e-880a-91cc26979c7a-EndpointStateMachineTaskThread-/0.0.0.0:15002-0 ] INFO  ratis.XceiverServerRatis (XceiverServerRatis.java:start(518)) - Starting XceiverServerRatis fedf11b8-0957-422e-880a-91cc26979c7a
2023-11-06 09:26:41,192 [fedf11b8-0957-422e-880a-91cc26979c7a-EndpointStateMachineTaskThread-/0.0.0.0:15002-0 ] INFO  server.RaftServer (RaftServerProxy.java:startImpl(400)) - fedf11b8-0957-422e-880a-91cc26979c7a: start RPC server
2023-11-06 09:26:41,195 [fedf11b8-0957-422e-880a-91cc26979c7a-EndpointStateMachineTaskThread-/0.0.0.0:15002-0 ] INFO  server.GrpcService (GrpcService.java:startImpl(302)) - fedf11b8-0957-422e-880a-91cc26979c7a: GrpcService started, listening on 15012
2023-11-06 09:26:41,197 [fedf11b8-0957-422e-880a-91cc26979c7a-EndpointStateMachineTaskThread-/0.0.0.0:15002-0 ] INFO  server.GrpcService (GrpcService.java:startImpl(302)) - fedf11b8-0957-422e-880a-91cc26979c7a: GrpcService started, listening on 15014
2023-11-06 09:26:41,198 [fedf11b8-0957-422e-880a-91cc26979c7a-EndpointStateMachineTaskThread-/0.0.0.0:15002-0 ] INFO  server.GrpcService (GrpcService.java:startImpl(302)) - fedf11b8-0957-422e-880a-91cc26979c7a: GrpcService started, listening on 15013
2023-11-06 09:26:41,199 [fedf11b8-0957-422e-880a-91cc26979c7a-EndpointStateMachineTaskThread-/0.0.0.0:15002-0 ] INFO  ratis.XceiverServerRatis (XceiverServerRatis.java:getRealPort(544)) - XceiverServerRatis fedf11b8-0957-422e-880a-91cc26979c7a is started using port 15012 for RATIS
2023-11-06 09:26:41,199 [fedf11b8-0957-422e-880a-91cc26979c7a-EndpointStateMachineTaskThread-/0.0.0.0:15002-0 ] INFO  ratis.XceiverServerRatis (XceiverServerRatis.java:getRealPort(544)) - XceiverServerRatis fedf11b8-0957-422e-880a-91cc26979c7a is started using port 15013 for RATIS_ADMIN
2023-11-06 09:26:41,199 [fedf11b8-0957-422e-880a-91cc26979c7a-EndpointStateMachineTaskThread-/0.0.0.0:15002-0 ] INFO  ratis.XceiverServerRatis (XceiverServerRatis.java:getRealPort(544)) - XceiverServerRatis fedf11b8-0957-422e-880a-91cc26979c7a is started using port 15014 for RATIS_SERVER
2023-11-06 09:26:41,199 [fedf11b8-0957-422e-880a-91cc26979c7a-EndpointStateMachineTaskThread-/0.0.0.0:15002-0 ] INFO  ratis.XceiverServerRatis (XceiverServerRatis.java:getRealPort(544)) - XceiverServerRatis fedf11b8-0957-422e-880a-91cc26979c7a is started using port 15015 for RATIS_DATASTREAM
2023-11-06 09:26:41,199 [JvmPauseMonitor2] INFO  util.JvmPauseMonitor (JvmPauseMonitor.java:run(103)) - JvmPauseMonitor-fedf11b8-0957-422e-880a-91cc26979c7a: Started
2023-11-06 09:26:41,210 [fedf11b8-0957-422e-880a-91cc26979c7a-BlockDeletingService#0] INFO  interfaces.ContainerDeletionChoosingPolicyTemplate (ContainerDeletionChoosingPolicyTemplate.java:chooseContainerForBlockDeletion(85)) - Chosen 0/5000 blocks from 0 candidate containers.
2023-11-06 09:26:41,317 [0eeb79a9-13fd-416c-b2a7-6f654c6b5029-EndpointStateMachineTaskThread-/0.0.0.0:15002-0 ] INFO  utils.DatanodeStoreCache (DatanodeStoreCache.java:addDB(66)) - Added db /home/runner/work/ozone/ozone/hadoop-ozone/integration-test/target/test-dir/MiniOzoneClusterImpl-938474ea-96d6-4bd3-a45f-678920fb0bb2/datanode-1/data-0/containers/hdds/938474ea-96d6-4bd3-a45f-678920fb0bb2/DS-bfd1e993-798b-4f08-b940-34a8ee4fa9f4/container.db to cache
2023-11-06 09:26:41,317 [0eeb79a9-13fd-416c-b2a7-6f654c6b5029-EndpointStateMachineTaskThread-/0.0.0.0:15002-0 ] INFO  volume.HddsVolume (HddsVolume.java:createDbStore(422)) - SchemaV3 db is created and loaded at /home/runner/work/ozone/ozone/hadoop-ozone/integration-test/target/test-dir/MiniOzoneClusterImpl-938474ea-96d6-4bd3-a45f-678920fb0bb2/datanode-1/data-0/containers/hdds/938474ea-96d6-4bd3-a45f-678920fb0bb2/DS-bfd1e993-798b-4f08-b940-34a8ee4fa9f4/container.db for volume DS-bfd1e993-798b-4f08-b940-34a8ee4fa9f4
2023-11-06 09:26:41,337 [0eeb79a9-13fd-416c-b2a7-6f654c6b5029-EndpointStateMachineTaskThread-/0.0.0.0:15002-0 ] INFO  volume.ThrottledAsyncChecker (ThrottledAsyncChecker.java:schedule(141)) - Scheduling a check for /home/runner/work/ozone/ozone/hadoop-ozone/integration-test/target/test-dir/MiniOzoneClusterImpl-938474ea-96d6-4bd3-a45f-678920fb0bb2/datanode-1/data-0/containers/hdds
2023-11-06 09:26:41,339 [0eeb79a9-13fd-416c-b2a7-6f654c6b5029-EndpointStateMachineTaskThread-/0.0.0.0:15002-0 ] INFO  volume.StorageVolumeChecker (StorageVolumeChecker.java:checkAllVolumes(218)) - Scheduled health check for volume /home/runner/work/ozone/ozone/hadoop-ozone/integration-test/target/test-dir/MiniOzoneClusterImpl-938474ea-96d6-4bd3-a45f-678920fb0bb2/datanode-1/data-0/containers/hdds
2023-11-06 09:26:41,345 [0eeb79a9-13fd-416c-b2a7-6f654c6b5029-EndpointStateMachineTaskThread-/0.0.0.0:15002-0 ] INFO  volume.ThrottledAsyncChecker (ThrottledAsyncChecker.java:schedule(141)) - Scheduling a check for /home/runner/work/ozone/ozone/hadoop-ozone/integration-test/target/test-dir/MiniOzoneClusterImpl-938474ea-96d6-4bd3-a45f-678920fb0bb2/datanode-1/data/ratis
2023-11-06 09:26:41,345 [0eeb79a9-13fd-416c-b2a7-6f654c6b5029-EndpointStateMachineTaskThread-/0.0.0.0:15002-0 ] INFO  volume.StorageVolumeChecker (StorageVolumeChecker.java:checkAllVolumes(218)) - Scheduled health check for volume /home/runner/work/ozone/ozone/hadoop-ozone/integration-test/target/test-dir/MiniOzoneClusterImpl-938474ea-96d6-4bd3-a45f-678920fb0bb2/datanode-1/data/ratis
2023-11-06 09:26:41,346 [0eeb79a9-13fd-416c-b2a7-6f654c6b5029-EndpointStateMachineTaskThread-/0.0.0.0:15002-0 ] INFO  ozoneimpl.OzoneContainer (OzoneContainer.java:start(441)) - Attempting to start container services.
2023-11-06 09:26:41,346 [0eeb79a9-13fd-416c-b2a7-6f654c6b5029-EndpointStateMachineTaskThread-/0.0.0.0:15002-0 ] INFO  ozoneimpl.OzoneContainer (OzoneContainer.java:startContainerScrub(337)) - Scheduled background container scanners and the on-demand container scanner have been disabled.
2023-11-06 09:26:41,348 [0eeb79a9-13fd-416c-b2a7-6f654c6b5029-EndpointStateMachineTaskThread-/0.0.0.0:15002-0 ] INFO  replication.ReplicationServer (ReplicationServer.java:start(139)) - ReplicationServer is started using port 15025
2023-11-06 09:26:41,348 [0eeb79a9-13fd-416c-b2a7-6f654c6b5029-EndpointStateMachineTaskThread-/0.0.0.0:15002-0 ] INFO  ratis.XceiverServerRatis (XceiverServerRatis.java:start(518)) - Starting XceiverServerRatis 0eeb79a9-13fd-416c-b2a7-6f654c6b5029
2023-11-06 09:26:41,350 [0eeb79a9-13fd-416c-b2a7-6f654c6b5029-EndpointStateMachineTaskThread-/0.0.0.0:15002-0 ] INFO  server.RaftServer (RaftServerProxy.java:startImpl(400)) - 0eeb79a9-13fd-416c-b2a7-6f654c6b5029: start RPC server
2023-11-06 09:26:41,354 [0eeb79a9-13fd-416c-b2a7-6f654c6b5029-EndpointStateMachineTaskThread-/0.0.0.0:15002-0 ] INFO  server.GrpcService (GrpcService.java:startImpl(302)) - 0eeb79a9-13fd-416c-b2a7-6f654c6b5029: GrpcService started, listening on 15021
2023-11-06 09:26:41,356 [0eeb79a9-13fd-416c-b2a7-6f654c6b5029-EndpointStateMachineTaskThread-/0.0.0.0:15002-0 ] INFO  server.GrpcService (GrpcService.java:startImpl(302)) - 0eeb79a9-13fd-416c-b2a7-6f654c6b5029: GrpcService started, listening on 15023
2023-11-06 09:26:41,360 [0eeb79a9-13fd-416c-b2a7-6f654c6b5029-EndpointStateMachineTaskThread-/0.0.0.0:15002-0 ] INFO  server.GrpcService (GrpcService.java:startImpl(302)) - 0eeb79a9-13fd-416c-b2a7-6f654c6b5029: GrpcService started, listening on 15022
2023-11-06 09:26:41,365 [0eeb79a9-13fd-416c-b2a7-6f654c6b5029-EndpointStateMachineTaskThread-/0.0.0.0:15002-0 ] INFO  ratis.XceiverServerRatis (XceiverServerRatis.java:getRealPort(544)) - XceiverServerRatis 0eeb79a9-13fd-416c-b2a7-6f654c6b5029 is started using port 15021 for RATIS
2023-11-06 09:26:41,365 [0eeb79a9-13fd-416c-b2a7-6f654c6b5029-EndpointStateMachineTaskThread-/0.0.0.0:15002-0 ] INFO  ratis.XceiverServerRatis (XceiverServerRatis.java:getRealPort(544)) - XceiverServerRatis 0eeb79a9-13fd-416c-b2a7-6f654c6b5029 is started using port 15022 for RATIS_ADMIN
2023-11-06 09:26:41,365 [0eeb79a9-13fd-416c-b2a7-6f654c6b5029-EndpointStateMachineTaskThread-/0.0.0.0:15002-0 ] INFO  ratis.XceiverServerRatis (XceiverServerRatis.java:getRealPort(544)) - XceiverServerRatis 0eeb79a9-13fd-416c-b2a7-6f654c6b5029 is started using port 15023 for RATIS_SERVER
2023-11-06 09:26:41,365 [0eeb79a9-13fd-416c-b2a7-6f654c6b5029-EndpointStateMachineTaskThread-/0.0.0.0:15002-0 ] INFO  ratis.XceiverServerRatis (XceiverServerRatis.java:getRealPort(544)) - XceiverServerRatis 0eeb79a9-13fd-416c-b2a7-6f654c6b5029 is started using port 15024 for RATIS_DATASTREAM
2023-11-06 09:26:41,365 [JvmPauseMonitor3] INFO  util.JvmPauseMonitor (JvmPauseMonitor.java:run(103)) - JvmPauseMonitor-0eeb79a9-13fd-416c-b2a7-6f654c6b5029: Started
2023-11-06 09:26:41,380 [0eeb79a9-13fd-416c-b2a7-6f654c6b5029-BlockDeletingService#0] INFO  interfaces.ContainerDeletionChoosingPolicyTemplate (ContainerDeletionChoosingPolicyTemplate.java:chooseContainerForBlockDeletion(85)) - Chosen 0/5000 blocks from 0 candidate containers.
2023-11-06 09:26:41,595 [d9016e39-0130-4fd9-896a-cac3c2785d02-EndpointStateMachineTaskThread-/0.0.0.0:15002-0 ] INFO  utils.DatanodeStoreCache (DatanodeStoreCache.java:addDB(66)) - Added db /home/runner/work/ozone/ozone/hadoop-ozone/integration-test/target/test-dir/MiniOzoneClusterImpl-938474ea-96d6-4bd3-a45f-678920fb0bb2/datanode-2/data-0/containers/hdds/938474ea-96d6-4bd3-a45f-678920fb0bb2/DS-3af14cea-3173-4509-90c1-03d37a60f21e/container.db to cache
2023-11-06 09:26:41,595 [d9016e39-0130-4fd9-896a-cac3c2785d02-EndpointStateMachineTaskThread-/0.0.0.0:15002-0 ] INFO  volume.HddsVolume (HddsVolume.java:createDbStore(422)) - SchemaV3 db is created and loaded at /home/runner/work/ozone/ozone/hadoop-ozone/integration-test/target/test-dir/MiniOzoneClusterImpl-938474ea-96d6-4bd3-a45f-678920fb0bb2/datanode-2/data-0/containers/hdds/938474ea-96d6-4bd3-a45f-678920fb0bb2/DS-3af14cea-3173-4509-90c1-03d37a60f21e/container.db for volume DS-3af14cea-3173-4509-90c1-03d37a60f21e
2023-11-06 09:26:41,596 [d9016e39-0130-4fd9-896a-cac3c2785d02-EndpointStateMachineTaskThread-/0.0.0.0:15002-0 ] INFO  volume.ThrottledAsyncChecker (ThrottledAsyncChecker.java:schedule(141)) - Scheduling a check for /home/runner/work/ozone/ozone/hadoop-ozone/integration-test/target/test-dir/MiniOzoneClusterImpl-938474ea-96d6-4bd3-a45f-678920fb0bb2/datanode-2/data-0/containers/hdds
2023-11-06 09:26:41,596 [d9016e39-0130-4fd9-896a-cac3c2785d02-EndpointStateMachineTaskThread-/0.0.0.0:15002-0 ] INFO  volume.StorageVolumeChecker (StorageVolumeChecker.java:checkAllVolumes(218)) - Scheduled health check for volume /home/runner/work/ozone/ozone/hadoop-ozone/integration-test/target/test-dir/MiniOzoneClusterImpl-938474ea-96d6-4bd3-a45f-678920fb0bb2/datanode-2/data-0/containers/hdds
2023-11-06 09:26:41,599 [d9016e39-0130-4fd9-896a-cac3c2785d02-EndpointStateMachineTaskThread-/0.0.0.0:15002-0 ] INFO  volume.ThrottledAsyncChecker (ThrottledAsyncChecker.java:schedule(141)) - Scheduling a check for /home/runner/work/ozone/ozone/hadoop-ozone/integration-test/target/test-dir/MiniOzoneClusterImpl-938474ea-96d6-4bd3-a45f-678920fb0bb2/datanode-2/data/ratis
2023-11-06 09:26:41,599 [d9016e39-0130-4fd9-896a-cac3c2785d02-EndpointStateMachineTaskThread-/0.0.0.0:15002-0 ] INFO  volume.StorageVolumeChecker (StorageVolumeChecker.java:checkAllVolumes(218)) - Scheduled health check for volume /home/runner/work/ozone/ozone/hadoop-ozone/integration-test/target/test-dir/MiniOzoneClusterImpl-938474ea-96d6-4bd3-a45f-678920fb0bb2/datanode-2/data/ratis
2023-11-06 09:26:41,601 [d9016e39-0130-4fd9-896a-cac3c2785d02-EndpointStateMachineTaskThread-/0.0.0.0:15002-0 ] INFO  ozoneimpl.OzoneContainer (OzoneContainer.java:start(441)) - Attempting to start container services.
2023-11-06 09:26:41,601 [d9016e39-0130-4fd9-896a-cac3c2785d02-EndpointStateMachineTaskThread-/0.0.0.0:15002-0 ] INFO  ozoneimpl.OzoneContainer (OzoneContainer.java:startContainerScrub(337)) - Scheduled background container scanners and the on-demand container scanner have been disabled.
2023-11-06 09:26:41,603 [d9016e39-0130-4fd9-896a-cac3c2785d02-EndpointStateMachineTaskThread-/0.0.0.0:15002-0 ] INFO  replication.ReplicationServer (ReplicationServer.java:start(139)) - ReplicationServer is started using port 15034
2023-11-06 09:26:41,603 [d9016e39-0130-4fd9-896a-cac3c2785d02-EndpointStateMachineTaskThread-/0.0.0.0:15002-0 ] INFO  ratis.XceiverServerRatis (XceiverServerRatis.java:start(518)) - Starting XceiverServerRatis d9016e39-0130-4fd9-896a-cac3c2785d02
2023-11-06 09:26:41,604 [d9016e39-0130-4fd9-896a-cac3c2785d02-EndpointStateMachineTaskThread-/0.0.0.0:15002-0 ] INFO  server.RaftServer (RaftServerProxy.java:startImpl(400)) - d9016e39-0130-4fd9-896a-cac3c2785d02: start RPC server
2023-11-06 09:26:41,610 [d9016e39-0130-4fd9-896a-cac3c2785d02-EndpointStateMachineTaskThread-/0.0.0.0:15002-0 ] INFO  server.GrpcService (GrpcService.java:startImpl(302)) - d9016e39-0130-4fd9-896a-cac3c2785d02: GrpcService started, listening on 15030
2023-11-06 09:26:41,612 [d9016e39-0130-4fd9-896a-cac3c2785d02-EndpointStateMachineTaskThread-/0.0.0.0:15002-0 ] INFO  server.GrpcService (GrpcService.java:startImpl(302)) - d9016e39-0130-4fd9-896a-cac3c2785d02: GrpcService started, listening on 15032
2023-11-06 09:26:41,614 [d9016e39-0130-4fd9-896a-cac3c2785d02-EndpointStateMachineTaskThread-/0.0.0.0:15002-0 ] INFO  server.GrpcService (GrpcService.java:startImpl(302)) - d9016e39-0130-4fd9-896a-cac3c2785d02: GrpcService started, listening on 15031
2023-11-06 09:26:41,617 [d9016e39-0130-4fd9-896a-cac3c2785d02-EndpointStateMachineTaskThread-/0.0.0.0:15002-0 ] INFO  ratis.XceiverServerRatis (XceiverServerRatis.java:getRealPort(544)) - XceiverServerRatis d9016e39-0130-4fd9-896a-cac3c2785d02 is started using port 15030 for RATIS
2023-11-06 09:26:41,617 [d9016e39-0130-4fd9-896a-cac3c2785d02-EndpointStateMachineTaskThread-/0.0.0.0:15002-0 ] INFO  ratis.XceiverServerRatis (XceiverServerRatis.java:getRealPort(544)) - XceiverServerRatis d9016e39-0130-4fd9-896a-cac3c2785d02 is started using port 15031 for RATIS_ADMIN
2023-11-06 09:26:41,617 [d9016e39-0130-4fd9-896a-cac3c2785d02-EndpointStateMachineTaskThread-/0.0.0.0:15002-0 ] INFO  ratis.XceiverServerRatis (XceiverServerRatis.java:getRealPort(544)) - XceiverServerRatis d9016e39-0130-4fd9-896a-cac3c2785d02 is started using port 15032 for RATIS_SERVER
2023-11-06 09:26:41,617 [d9016e39-0130-4fd9-896a-cac3c2785d02-EndpointStateMachineTaskThread-/0.0.0.0:15002-0 ] INFO  ratis.XceiverServerRatis (XceiverServerRatis.java:getRealPort(544)) - XceiverServerRatis d9016e39-0130-4fd9-896a-cac3c2785d02 is started using port 15033 for RATIS_DATASTREAM
2023-11-06 09:26:41,617 [JvmPauseMonitor4] INFO  util.JvmPauseMonitor (JvmPauseMonitor.java:run(103)) - JvmPauseMonitor-d9016e39-0130-4fd9-896a-cac3c2785d02: Started
2023-11-06 09:26:41,633 [d9016e39-0130-4fd9-896a-cac3c2785d02-BlockDeletingService#0] INFO  interfaces.ContainerDeletionChoosingPolicyTemplate (ContainerDeletionChoosingPolicyTemplate.java:chooseContainerForBlockDeletion(85)) - Chosen 0/5000 blocks from 0 candidate containers.
2023-11-06 09:26:41,737 [main] INFO  ozone.MiniOzoneClusterImpl (MiniOzoneClusterImpl.java:lambda$waitForClusterToBeReady$0(229)) - Waiting for nodes to be ready. Got 0 of 10 DN Heartbeats.
2023-11-06 09:26:41,738 [main] INFO  ozone.MiniOzoneClusterImpl (MiniOzoneClusterImpl.java:lambda$waitForClusterToBeReady$0(232)) - Waiting for cluster to exit safe mode
2023-11-06 09:26:41,738 [main] INFO  ozone.MiniOzoneClusterImpl (MiniOzoneClusterImpl.java:lambda$waitForClusterToBeReady$0(234)) - SCM became leader
2023-11-06 09:26:41,774 [fadd24ee-4463-4420-97cf-bdd350ad83ae-EndpointStateMachineTaskThread-/0.0.0.0:15002-0 ] INFO  utils.DatanodeStoreCache (DatanodeStoreCache.java:addDB(66)) - Added db /home/runner/work/ozone/ozone/hadoop-ozone/integration-test/target/test-dir/MiniOzoneClusterImpl-938474ea-96d6-4bd3-a45f-678920fb0bb2/datanode-3/data-0/containers/hdds/938474ea-96d6-4bd3-a45f-678920fb0bb2/DS-c2c471ac-7ab4-49c8-af3a-f30a8f54691c/container.db to cache
2023-11-06 09:26:41,775 [fadd24ee-4463-4420-97cf-bdd350ad83ae-EndpointStateMachineTaskThread-/0.0.0.0:15002-0 ] INFO  volume.HddsVolume (HddsVolume.java:createDbStore(422)) - SchemaV3 db is created and loaded at /home/runner/work/ozone/ozone/hadoop-ozone/integration-test/target/test-dir/MiniOzoneClusterImpl-938474ea-96d6-4bd3-a45f-678920fb0bb2/datanode-3/data-0/containers/hdds/938474ea-96d6-4bd3-a45f-678920fb0bb2/DS-c2c471ac-7ab4-49c8-af3a-f30a8f54691c/container.db for volume DS-c2c471ac-7ab4-49c8-af3a-f30a8f54691c
2023-11-06 09:26:41,775 [fadd24ee-4463-4420-97cf-bdd350ad83ae-EndpointStateMachineTaskThread-/0.0.0.0:15002-0 ] INFO  volume.ThrottledAsyncChecker (ThrottledAsyncChecker.java:schedule(141)) - Scheduling a check for /home/runner/work/ozone/ozone/hadoop-ozone/integration-test/target/test-dir/MiniOzoneClusterImpl-938474ea-96d6-4bd3-a45f-678920fb0bb2/datanode-3/data-0/containers/hdds
2023-11-06 09:26:41,776 [fadd24ee-4463-4420-97cf-bdd350ad83ae-EndpointStateMachineTaskThread-/0.0.0.0:15002-0 ] INFO  volume.StorageVolumeChecker (StorageVolumeChecker.java:checkAllVolumes(218)) - Scheduled health check for volume /home/runner/work/ozone/ozone/hadoop-ozone/integration-test/target/test-dir/MiniOzoneClusterImpl-938474ea-96d6-4bd3-a45f-678920fb0bb2/datanode-3/data-0/containers/hdds
2023-11-06 09:26:41,779 [fadd24ee-4463-4420-97cf-bdd350ad83ae-EndpointStateMachineTaskThread-/0.0.0.0:15002-0 ] INFO  volume.ThrottledAsyncChecker (ThrottledAsyncChecker.java:schedule(141)) - Scheduling a check for /home/runner/work/ozone/ozone/hadoop-ozone/integration-test/target/test-dir/MiniOzoneClusterImpl-938474ea-96d6-4bd3-a45f-678920fb0bb2/datanode-3/data/ratis
2023-11-06 09:26:41,779 [fadd24ee-4463-4420-97cf-bdd350ad83ae-EndpointStateMachineTaskThread-/0.0.0.0:15002-0 ] INFO  volume.StorageVolumeChecker (StorageVolumeChecker.java:checkAllVolumes(218)) - Scheduled health check for volume /home/runner/work/ozone/ozone/hadoop-ozone/integration-test/target/test-dir/MiniOzoneClusterImpl-938474ea-96d6-4bd3-a45f-678920fb0bb2/datanode-3/data/ratis
2023-11-06 09:26:41,780 [fadd24ee-4463-4420-97cf-bdd350ad83ae-EndpointStateMachineTaskThread-/0.0.0.0:15002-0 ] INFO  ozoneimpl.OzoneContainer (OzoneContainer.java:start(441)) - Attempting to start container services.
2023-11-06 09:26:41,780 [fadd24ee-4463-4420-97cf-bdd350ad83ae-EndpointStateMachineTaskThread-/0.0.0.0:15002-0 ] INFO  ozoneimpl.OzoneContainer (OzoneContainer.java:startContainerScrub(337)) - Scheduled background container scanners and the on-demand container scanner have been disabled.
2023-11-06 09:26:41,782 [fadd24ee-4463-4420-97cf-bdd350ad83ae-EndpointStateMachineTaskThread-/0.0.0.0:15002-0 ] INFO  replication.ReplicationServer (ReplicationServer.java:start(139)) - ReplicationServer is started using port 15043
2023-11-06 09:26:41,782 [fadd24ee-4463-4420-97cf-bdd350ad83ae-EndpointStateMachineTaskThread-/0.0.0.0:15002-0 ] INFO  ratis.XceiverServerRatis (XceiverServerRatis.java:start(518)) - Starting XceiverServerRatis fadd24ee-4463-4420-97cf-bdd350ad83ae
2023-11-06 09:26:41,783 [fadd24ee-4463-4420-97cf-bdd350ad83ae-EndpointStateMachineTaskThread-/0.0.0.0:15002-0 ] INFO  server.RaftServer (RaftServerProxy.java:startImpl(400)) - fadd24ee-4463-4420-97cf-bdd350ad83ae: start RPC server
2023-11-06 09:26:41,785 [fadd24ee-4463-4420-97cf-bdd350ad83ae-EndpointStateMachineTaskThread-/0.0.0.0:15002-0 ] INFO  server.GrpcService (GrpcService.java:startImpl(302)) - fadd24ee-4463-4420-97cf-bdd350ad83ae: GrpcService started, listening on 15039
2023-11-06 09:26:41,787 [fadd24ee-4463-4420-97cf-bdd350ad83ae-EndpointStateMachineTaskThread-/0.0.0.0:15002-0 ] INFO  server.GrpcService (GrpcService.java:startImpl(302)) - fadd24ee-4463-4420-97cf-bdd350ad83ae: GrpcService started, listening on 15041
2023-11-06 09:26:41,792 [fadd24ee-4463-4420-97cf-bdd350ad83ae-EndpointStateMachineTaskThread-/0.0.0.0:15002-0 ] INFO  server.GrpcService (GrpcService.java:startImpl(302)) - fadd24ee-4463-4420-97cf-bdd350ad83ae: GrpcService started, listening on 15040
2023-11-06 09:26:41,793 [fadd24ee-4463-4420-97cf-bdd350ad83ae-EndpointStateMachineTaskThread-/0.0.0.0:15002-0 ] INFO  ratis.XceiverServerRatis (XceiverServerRatis.java:getRealPort(544)) - XceiverServerRatis fadd24ee-4463-4420-97cf-bdd350ad83ae is started using port 15039 for RATIS
2023-11-06 09:26:41,793 [fadd24ee-4463-4420-97cf-bdd350ad83ae-EndpointStateMachineTaskThread-/0.0.0.0:15002-0 ] INFO  ratis.XceiverServerRatis (XceiverServerRatis.java:getRealPort(544)) - XceiverServerRatis fadd24ee-4463-4420-97cf-bdd350ad83ae is started using port 15040 for RATIS_ADMIN
2023-11-06 09:26:41,793 [fadd24ee-4463-4420-97cf-bdd350ad83ae-EndpointStateMachineTaskThread-/0.0.0.0:15002-0 ] INFO  ratis.XceiverServerRatis (XceiverServerRatis.java:getRealPort(544)) - XceiverServerRatis fadd24ee-4463-4420-97cf-bdd350ad83ae is started using port 15041 for RATIS_SERVER
2023-11-06 09:26:41,793 [fadd24ee-4463-4420-97cf-bdd350ad83ae-EndpointStateMachineTaskThread-/0.0.0.0:15002-0 ] INFO  ratis.XceiverServerRatis (XceiverServerRatis.java:getRealPort(544)) - XceiverServerRatis fadd24ee-4463-4420-97cf-bdd350ad83ae is started using port 15042 for RATIS_DATASTREAM
2023-11-06 09:26:41,799 [JvmPauseMonitor5] INFO  util.JvmPauseMonitor (JvmPauseMonitor.java:run(103)) - JvmPauseMonitor-fadd24ee-4463-4420-97cf-bdd350ad83ae: Started
2023-11-06 09:26:41,810 [fadd24ee-4463-4420-97cf-bdd350ad83ae-BlockDeletingService#0] INFO  interfaces.ContainerDeletionChoosingPolicyTemplate (ContainerDeletionChoosingPolicyTemplate.java:chooseContainerForBlockDeletion(85)) - Chosen 0/5000 blocks from 0 candidate containers.
2023-11-06 09:26:41,958 [4cee0e49-9f18-41f8-8e67-157ccbc15955-EndpointStateMachineTaskThread-/0.0.0.0:15002-0 ] INFO  utils.DatanodeStoreCache (DatanodeStoreCache.java:addDB(66)) - Added db /home/runner/work/ozone/ozone/hadoop-ozone/integration-test/target/test-dir/MiniOzoneClusterImpl-938474ea-96d6-4bd3-a45f-678920fb0bb2/datanode-4/data-0/containers/hdds/938474ea-96d6-4bd3-a45f-678920fb0bb2/DS-a8ca1b05-0378-4e56-ba29-7112884dd6b8/container.db to cache
2023-11-06 09:26:41,958 [4cee0e49-9f18-41f8-8e67-157ccbc15955-EndpointStateMachineTaskThread-/0.0.0.0:15002-0 ] INFO  volume.HddsVolume (HddsVolume.java:createDbStore(422)) - SchemaV3 db is created and loaded at /home/runner/work/ozone/ozone/hadoop-ozone/integration-test/target/test-dir/MiniOzoneClusterImpl-938474ea-96d6-4bd3-a45f-678920fb0bb2/datanode-4/data-0/containers/hdds/938474ea-96d6-4bd3-a45f-678920fb0bb2/DS-a8ca1b05-0378-4e56-ba29-7112884dd6b8/container.db for volume DS-a8ca1b05-0378-4e56-ba29-7112884dd6b8
2023-11-06 09:26:41,959 [4cee0e49-9f18-41f8-8e67-157ccbc15955-EndpointStateMachineTaskThread-/0.0.0.0:15002-0 ] INFO  volume.ThrottledAsyncChecker (ThrottledAsyncChecker.java:schedule(141)) - Scheduling a check for /home/runner/work/ozone/ozone/hadoop-ozone/integration-test/target/test-dir/MiniOzoneClusterImpl-938474ea-96d6-4bd3-a45f-678920fb0bb2/datanode-4/data-0/containers/hdds
2023-11-06 09:26:41,960 [4cee0e49-9f18-41f8-8e67-157ccbc15955-EndpointStateMachineTaskThread-/0.0.0.0:15002-0 ] INFO  volume.StorageVolumeChecker (StorageVolumeChecker.java:checkAllVolumes(218)) - Scheduled health check for volume /home/runner/work/ozone/ozone/hadoop-ozone/integration-test/target/test-dir/MiniOzoneClusterImpl-938474ea-96d6-4bd3-a45f-678920fb0bb2/datanode-4/data-0/containers/hdds
2023-11-06 09:26:41,963 [4cee0e49-9f18-41f8-8e67-157ccbc15955-EndpointStateMachineTaskThread-/0.0.0.0:15002-0 ] INFO  volume.ThrottledAsyncChecker (ThrottledAsyncChecker.java:schedule(141)) - Scheduling a check for /home/runner/work/ozone/ozone/hadoop-ozone/integration-test/target/test-dir/MiniOzoneClusterImpl-938474ea-96d6-4bd3-a45f-678920fb0bb2/datanode-4/data/ratis
2023-11-06 09:26:41,964 [4cee0e49-9f18-41f8-8e67-157ccbc15955-EndpointStateMachineTaskThread-/0.0.0.0:15002-0 ] INFO  volume.StorageVolumeChecker (StorageVolumeChecker.java:checkAllVolumes(218)) - Scheduled health check for volume /home/runner/work/ozone/ozone/hadoop-ozone/integration-test/target/test-dir/MiniOzoneClusterImpl-938474ea-96d6-4bd3-a45f-678920fb0bb2/datanode-4/data/ratis
2023-11-06 09:26:41,965 [4cee0e49-9f18-41f8-8e67-157ccbc15955-EndpointStateMachineTaskThread-/0.0.0.0:15002-0 ] INFO  ozoneimpl.OzoneContainer (OzoneContainer.java:start(441)) - Attempting to start container services.
2023-11-06 09:26:41,965 [4cee0e49-9f18-41f8-8e67-157ccbc15955-EndpointStateMachineTaskThread-/0.0.0.0:15002-0 ] INFO  ozoneimpl.OzoneContainer (OzoneContainer.java:startContainerScrub(337)) - Scheduled background container scanners and the on-demand container scanner have been disabled.
2023-11-06 09:26:41,967 [4cee0e49-9f18-41f8-8e67-157ccbc15955-EndpointStateMachineTaskThread-/0.0.0.0:15002-0 ] INFO  replication.ReplicationServer (ReplicationServer.java:start(139)) - ReplicationServer is started using port 15052
2023-11-06 09:26:41,967 [4cee0e49-9f18-41f8-8e67-157ccbc15955-EndpointStateMachineTaskThread-/0.0.0.0:15002-0 ] INFO  ratis.XceiverServerRatis (XceiverServerRatis.java:start(518)) - Starting XceiverServerRatis 4cee0e49-9f18-41f8-8e67-157ccbc15955
2023-11-06 09:26:41,968 [4cee0e49-9f18-41f8-8e67-157ccbc15955-EndpointStateMachineTaskThread-/0.0.0.0:15002-0 ] INFO  server.RaftServer (RaftServerProxy.java:startImpl(400)) - 4cee0e49-9f18-41f8-8e67-157ccbc15955: start RPC server
2023-11-06 09:26:41,969 [4cee0e49-9f18-41f8-8e67-157ccbc15955-EndpointStateMachineTaskThread-/0.0.0.0:15002-0 ] INFO  server.GrpcService (GrpcService.java:startImpl(302)) - 4cee0e49-9f18-41f8-8e67-157ccbc15955: GrpcService started, listening on 15048
2023-11-06 09:26:41,971 [4cee0e49-9f18-41f8-8e67-157ccbc15955-EndpointStateMachineTaskThread-/0.0.0.0:15002-0 ] INFO  server.GrpcService (GrpcService.java:startImpl(302)) - 4cee0e49-9f18-41f8-8e67-157ccbc15955: GrpcService started, listening on 15050
2023-11-06 09:26:41,971 [4cee0e49-9f18-41f8-8e67-157ccbc15955-EndpointStateMachineTaskThread-/0.0.0.0:15002-0 ] INFO  server.GrpcService (GrpcService.java:startImpl(302)) - 4cee0e49-9f18-41f8-8e67-157ccbc15955: GrpcService started, listening on 15049
2023-11-06 09:26:41,972 [4cee0e49-9f18-41f8-8e67-157ccbc15955-EndpointStateMachineTaskThread-/0.0.0.0:15002-0 ] INFO  ratis.XceiverServerRatis (XceiverServerRatis.java:getRealPort(544)) - XceiverServerRatis 4cee0e49-9f18-41f8-8e67-157ccbc15955 is started using port 15048 for RATIS
2023-11-06 09:26:41,972 [4cee0e49-9f18-41f8-8e67-157ccbc15955-EndpointStateMachineTaskThread-/0.0.0.0:15002-0 ] INFO  ratis.XceiverServerRatis (XceiverServerRatis.java:getRealPort(544)) - XceiverServerRatis 4cee0e49-9f18-41f8-8e67-157ccbc15955 is started using port 15049 for RATIS_ADMIN
2023-11-06 09:26:41,972 [4cee0e49-9f18-41f8-8e67-157ccbc15955-EndpointStateMachineTaskThread-/0.0.0.0:15002-0 ] INFO  ratis.XceiverServerRatis (XceiverServerRatis.java:getRealPort(544)) - XceiverServerRatis 4cee0e49-9f18-41f8-8e67-157ccbc15955 is started using port 15050 for RATIS_SERVER
2023-11-06 09:26:41,972 [4cee0e49-9f18-41f8-8e67-157ccbc15955-EndpointStateMachineTaskThread-/0.0.0.0:15002-0 ] INFO  ratis.XceiverServerRatis (XceiverServerRatis.java:getRealPort(544)) - XceiverServerRatis 4cee0e49-9f18-41f8-8e67-157ccbc15955 is started using port 15051 for RATIS_DATASTREAM
2023-11-06 09:26:41,972 [JvmPauseMonitor6] INFO  util.JvmPauseMonitor (JvmPauseMonitor.java:run(103)) - JvmPauseMonitor-4cee0e49-9f18-41f8-8e67-157ccbc15955: Started
2023-11-06 09:26:41,986 [4cee0e49-9f18-41f8-8e67-157ccbc15955-BlockDeletingService#0] INFO  interfaces.ContainerDeletionChoosingPolicyTemplate (ContainerDeletionChoosingPolicyTemplate.java:chooseContainerForBlockDeletion(85)) - Chosen 0/5000 blocks from 0 candidate containers.
2023-11-06 09:26:42,125 [b7b1b697-3f82-4acb-89c8-f9bc2eccfa5a-EndpointStateMachineTaskThread-/0.0.0.0:15002-0 ] INFO  utils.DatanodeStoreCache (DatanodeStoreCache.java:addDB(66)) - Added db /home/runner/work/ozone/ozone/hadoop-ozone/integration-test/target/test-dir/MiniOzoneClusterImpl-938474ea-96d6-4bd3-a45f-678920fb0bb2/datanode-5/data-0/containers/hdds/938474ea-96d6-4bd3-a45f-678920fb0bb2/DS-fbdf0e51-07d0-4b55-8b50-0738357a95a1/container.db to cache
2023-11-06 09:26:42,126 [b7b1b697-3f82-4acb-89c8-f9bc2eccfa5a-EndpointStateMachineTaskThread-/0.0.0.0:15002-0 ] INFO  volume.HddsVolume (HddsVolume.java:createDbStore(422)) - SchemaV3 db is created and loaded at /home/runner/work/ozone/ozone/hadoop-ozone/integration-test/target/test-dir/MiniOzoneClusterImpl-938474ea-96d6-4bd3-a45f-678920fb0bb2/datanode-5/data-0/containers/hdds/938474ea-96d6-4bd3-a45f-678920fb0bb2/DS-fbdf0e51-07d0-4b55-8b50-0738357a95a1/container.db for volume DS-fbdf0e51-07d0-4b55-8b50-0738357a95a1
2023-11-06 09:26:42,127 [b7b1b697-3f82-4acb-89c8-f9bc2eccfa5a-EndpointStateMachineTaskThread-/0.0.0.0:15002-0 ] INFO  volume.ThrottledAsyncChecker (ThrottledAsyncChecker.java:schedule(141)) - Scheduling a check for /home/runner/work/ozone/ozone/hadoop-ozone/integration-test/target/test-dir/MiniOzoneClusterImpl-938474ea-96d6-4bd3-a45f-678920fb0bb2/datanode-5/data-0/containers/hdds
2023-11-06 09:26:42,128 [b7b1b697-3f82-4acb-89c8-f9bc2eccfa5a-EndpointStateMachineTaskThread-/0.0.0.0:15002-0 ] INFO  volume.StorageVolumeChecker (StorageVolumeChecker.java:checkAllVolumes(218)) - Scheduled health check for volume /home/runner/work/ozone/ozone/hadoop-ozone/integration-test/target/test-dir/MiniOzoneClusterImpl-938474ea-96d6-4bd3-a45f-678920fb0bb2/datanode-5/data-0/containers/hdds
2023-11-06 09:26:42,130 [b7b1b697-3f82-4acb-89c8-f9bc2eccfa5a-EndpointStateMachineTaskThread-/0.0.0.0:15002-0 ] INFO  volume.ThrottledAsyncChecker (ThrottledAsyncChecker.java:schedule(141)) - Scheduling a check for /home/runner/work/ozone/ozone/hadoop-ozone/integration-test/target/test-dir/MiniOzoneClusterImpl-938474ea-96d6-4bd3-a45f-678920fb0bb2/datanode-5/data/ratis
2023-11-06 09:26:42,131 [b7b1b697-3f82-4acb-89c8-f9bc2eccfa5a-EndpointStateMachineTaskThread-/0.0.0.0:15002-0 ] INFO  volume.StorageVolumeChecker (StorageVolumeChecker.java:checkAllVolumes(218)) - Scheduled health check for volume /home/runner/work/ozone/ozone/hadoop-ozone/integration-test/target/test-dir/MiniOzoneClusterImpl-938474ea-96d6-4bd3-a45f-678920fb0bb2/datanode-5/data/ratis
2023-11-06 09:26:42,133 [b7b1b697-3f82-4acb-89c8-f9bc2eccfa5a-EndpointStateMachineTaskThread-/0.0.0.0:15002-0 ] INFO  ozoneimpl.OzoneContainer (OzoneContainer.java:start(441)) - Attempting to start container services.
2023-11-06 09:26:42,133 [b7b1b697-3f82-4acb-89c8-f9bc2eccfa5a-EndpointStateMachineTaskThread-/0.0.0.0:15002-0 ] INFO  ozoneimpl.OzoneContainer (OzoneContainer.java:startContainerScrub(337)) - Scheduled background container scanners and the on-demand container scanner have been disabled.
2023-11-06 09:26:42,135 [b7b1b697-3f82-4acb-89c8-f9bc2eccfa5a-EndpointStateMachineTaskThread-/0.0.0.0:15002-0 ] INFO  replication.ReplicationServer (ReplicationServer.java:start(139)) - ReplicationServer is started using port 15061
2023-11-06 09:26:42,135 [b7b1b697-3f82-4acb-89c8-f9bc2eccfa5a-EndpointStateMachineTaskThread-/0.0.0.0:15002-0 ] INFO  ratis.XceiverServerRatis (XceiverServerRatis.java:start(518)) - Starting XceiverServerRatis b7b1b697-3f82-4acb-89c8-f9bc2eccfa5a
2023-11-06 09:26:42,136 [b7b1b697-3f82-4acb-89c8-f9bc2eccfa5a-EndpointStateMachineTaskThread-/0.0.0.0:15002-0 ] INFO  server.RaftServer (RaftServerProxy.java:startImpl(400)) - b7b1b697-3f82-4acb-89c8-f9bc2eccfa5a: start RPC server
2023-11-06 09:26:42,138 [b7b1b697-3f82-4acb-89c8-f9bc2eccfa5a-EndpointStateMachineTaskThread-/0.0.0.0:15002-0 ] INFO  server.GrpcService (GrpcService.java:startImpl(302)) - b7b1b697-3f82-4acb-89c8-f9bc2eccfa5a: GrpcService started, listening on 15057
2023-11-06 09:26:42,139 [b7b1b697-3f82-4acb-89c8-f9bc2eccfa5a-EndpointStateMachineTaskThread-/0.0.0.0:15002-0 ] INFO  server.GrpcService (GrpcService.java:startImpl(302)) - b7b1b697-3f82-4acb-89c8-f9bc2eccfa5a: GrpcService started, listening on 15059
2023-11-06 09:26:42,141 [b7b1b697-3f82-4acb-89c8-f9bc2eccfa5a-EndpointStateMachineTaskThread-/0.0.0.0:15002-0 ] INFO  server.GrpcService (GrpcService.java:startImpl(302)) - b7b1b697-3f82-4acb-89c8-f9bc2eccfa5a: GrpcService started, listening on 15058
2023-11-06 09:26:42,142 [b7b1b697-3f82-4acb-89c8-f9bc2eccfa5a-EndpointStateMachineTaskThread-/0.0.0.0:15002-0 ] INFO  ratis.XceiverServerRatis (XceiverServerRatis.java:getRealPort(544)) - XceiverServerRatis b7b1b697-3f82-4acb-89c8-f9bc2eccfa5a is started using port 15057 for RATIS
2023-11-06 09:26:42,142 [JvmPauseMonitor7] INFO  util.JvmPauseMonitor (JvmPauseMonitor.java:run(103)) - JvmPauseMonitor-b7b1b697-3f82-4acb-89c8-f9bc2eccfa5a: Started
2023-11-06 09:26:42,142 [b7b1b697-3f82-4acb-89c8-f9bc2eccfa5a-EndpointStateMachineTaskThread-/0.0.0.0:15002-0 ] INFO  ratis.XceiverServerRatis (XceiverServerRatis.java:getRealPort(544)) - XceiverServerRatis b7b1b697-3f82-4acb-89c8-f9bc2eccfa5a is started using port 15058 for RATIS_ADMIN
2023-11-06 09:26:42,144 [b7b1b697-3f82-4acb-89c8-f9bc2eccfa5a-EndpointStateMachineTaskThread-/0.0.0.0:15002-0 ] INFO  ratis.XceiverServerRatis (XceiverServerRatis.java:getRealPort(544)) - XceiverServerRatis b7b1b697-3f82-4acb-89c8-f9bc2eccfa5a is started using port 15059 for RATIS_SERVER
2023-11-06 09:26:42,144 [b7b1b697-3f82-4acb-89c8-f9bc2eccfa5a-EndpointStateMachineTaskThread-/0.0.0.0:15002-0 ] INFO  ratis.XceiverServerRatis (XceiverServerRatis.java:getRealPort(544)) - XceiverServerRatis b7b1b697-3f82-4acb-89c8-f9bc2eccfa5a is started using port 15060 for RATIS_DATASTREAM
2023-11-06 09:26:42,155 [b7b1b697-3f82-4acb-89c8-f9bc2eccfa5a-BlockDeletingService#0] INFO  interfaces.ContainerDeletionChoosingPolicyTemplate (ContainerDeletionChoosingPolicyTemplate.java:chooseContainerForBlockDeletion(85)) - Chosen 0/5000 blocks from 0 candidate containers.
2023-11-06 09:26:42,287 [92ba0aed-1dcc-4895-b5bb-fc45f440be2e-EndpointStateMachineTaskThread-/0.0.0.0:15002-0 ] INFO  utils.DatanodeStoreCache (DatanodeStoreCache.java:addDB(66)) - Added db /home/runner/work/ozone/ozone/hadoop-ozone/integration-test/target/test-dir/MiniOzoneClusterImpl-938474ea-96d6-4bd3-a45f-678920fb0bb2/datanode-6/data-0/containers/hdds/938474ea-96d6-4bd3-a45f-678920fb0bb2/DS-67d17c9c-9c32-4033-8a72-700936de3d29/container.db to cache
2023-11-06 09:26:42,287 [92ba0aed-1dcc-4895-b5bb-fc45f440be2e-EndpointStateMachineTaskThread-/0.0.0.0:15002-0 ] INFO  volume.HddsVolume (HddsVolume.java:createDbStore(422)) - SchemaV3 db is created and loaded at /home/runner/work/ozone/ozone/hadoop-ozone/integration-test/target/test-dir/MiniOzoneClusterImpl-938474ea-96d6-4bd3-a45f-678920fb0bb2/datanode-6/data-0/containers/hdds/938474ea-96d6-4bd3-a45f-678920fb0bb2/DS-67d17c9c-9c32-4033-8a72-700936de3d29/container.db for volume DS-67d17c9c-9c32-4033-8a72-700936de3d29
2023-11-06 09:26:42,288 [92ba0aed-1dcc-4895-b5bb-fc45f440be2e-EndpointStateMachineTaskThread-/0.0.0.0:15002-0 ] INFO  volume.ThrottledAsyncChecker (ThrottledAsyncChecker.java:schedule(141)) - Scheduling a check for /home/runner/work/ozone/ozone/hadoop-ozone/integration-test/target/test-dir/MiniOzoneClusterImpl-938474ea-96d6-4bd3-a45f-678920fb0bb2/datanode-6/data-0/containers/hdds
2023-11-06 09:26:42,289 [92ba0aed-1dcc-4895-b5bb-fc45f440be2e-EndpointStateMachineTaskThread-/0.0.0.0:15002-0 ] INFO  volume.StorageVolumeChecker (StorageVolumeChecker.java:checkAllVolumes(218)) - Scheduled health check for volume /home/runner/work/ozone/ozone/hadoop-ozone/integration-test/target/test-dir/MiniOzoneClusterImpl-938474ea-96d6-4bd3-a45f-678920fb0bb2/datanode-6/data-0/containers/hdds
2023-11-06 09:26:42,292 [92ba0aed-1dcc-4895-b5bb-fc45f440be2e-EndpointStateMachineTaskThread-/0.0.0.0:15002-0 ] INFO  volume.ThrottledAsyncChecker (ThrottledAsyncChecker.java:schedule(141)) - Scheduling a check for /home/runner/work/ozone/ozone/hadoop-ozone/integration-test/target/test-dir/MiniOzoneClusterImpl-938474ea-96d6-4bd3-a45f-678920fb0bb2/datanode-6/data/ratis
2023-11-06 09:26:42,292 [92ba0aed-1dcc-4895-b5bb-fc45f440be2e-EndpointStateMachineTaskThread-/0.0.0.0:15002-0 ] INFO  volume.StorageVolumeChecker (StorageVolumeChecker.java:checkAllVolumes(218)) - Scheduled health check for volume /home/runner/work/ozone/ozone/hadoop-ozone/integration-test/target/test-dir/MiniOzoneClusterImpl-938474ea-96d6-4bd3-a45f-678920fb0bb2/datanode-6/data/ratis
2023-11-06 09:26:42,293 [92ba0aed-1dcc-4895-b5bb-fc45f440be2e-EndpointStateMachineTaskThread-/0.0.0.0:15002-0 ] INFO  ozoneimpl.OzoneContainer (OzoneContainer.java:start(441)) - Attempting to start container services.
2023-11-06 09:26:42,293 [92ba0aed-1dcc-4895-b5bb-fc45f440be2e-EndpointStateMachineTaskThread-/0.0.0.0:15002-0 ] INFO  ozoneimpl.OzoneContainer (OzoneContainer.java:startContainerScrub(337)) - Scheduled background container scanners and the on-demand container scanner have been disabled.
2023-11-06 09:26:42,295 [92ba0aed-1dcc-4895-b5bb-fc45f440be2e-EndpointStateMachineTaskThread-/0.0.0.0:15002-0 ] INFO  replication.ReplicationServer (ReplicationServer.java:start(139)) - ReplicationServer is started using port 15070
2023-11-06 09:26:42,295 [92ba0aed-1dcc-4895-b5bb-fc45f440be2e-EndpointStateMachineTaskThread-/0.0.0.0:15002-0 ] INFO  ratis.XceiverServerRatis (XceiverServerRatis.java:start(518)) - Starting XceiverServerRatis 92ba0aed-1dcc-4895-b5bb-fc45f440be2e
2023-11-06 09:26:42,296 [92ba0aed-1dcc-4895-b5bb-fc45f440be2e-EndpointStateMachineTaskThread-/0.0.0.0:15002-0 ] INFO  server.RaftServer (RaftServerProxy.java:startImpl(400)) - 92ba0aed-1dcc-4895-b5bb-fc45f440be2e: start RPC server
2023-11-06 09:26:42,297 [92ba0aed-1dcc-4895-b5bb-fc45f440be2e-EndpointStateMachineTaskThread-/0.0.0.0:15002-0 ] INFO  server.GrpcService (GrpcService.java:startImpl(302)) - 92ba0aed-1dcc-4895-b5bb-fc45f440be2e: GrpcService started, listening on 15066
2023-11-06 09:26:42,298 [92ba0aed-1dcc-4895-b5bb-fc45f440be2e-EndpointStateMachineTaskThread-/0.0.0.0:15002-0 ] INFO  server.GrpcService (GrpcService.java:startImpl(302)) - 92ba0aed-1dcc-4895-b5bb-fc45f440be2e: GrpcService started, listening on 15068
2023-11-06 09:26:42,299 [92ba0aed-1dcc-4895-b5bb-fc45f440be2e-EndpointStateMachineTaskThread-/0.0.0.0:15002-0 ] INFO  server.GrpcService (GrpcService.java:startImpl(302)) - 92ba0aed-1dcc-4895-b5bb-fc45f440be2e: GrpcService started, listening on 15067
2023-11-06 09:26:42,299 [92ba0aed-1dcc-4895-b5bb-fc45f440be2e-EndpointStateMachineTaskThread-/0.0.0.0:15002-0 ] INFO  ratis.XceiverServerRatis (XceiverServerRatis.java:getRealPort(544)) - XceiverServerRatis 92ba0aed-1dcc-4895-b5bb-fc45f440be2e is started using port 15066 for RATIS
2023-11-06 09:26:42,300 [92ba0aed-1dcc-4895-b5bb-fc45f440be2e-EndpointStateMachineTaskThread-/0.0.0.0:15002-0 ] INFO  ratis.XceiverServerRatis (XceiverServerRatis.java:getRealPort(544)) - XceiverServerRatis 92ba0aed-1dcc-4895-b5bb-fc45f440be2e is started using port 15067 for RATIS_ADMIN
2023-11-06 09:26:42,300 [92ba0aed-1dcc-4895-b5bb-fc45f440be2e-EndpointStateMachineTaskThread-/0.0.0.0:15002-0 ] INFO  ratis.XceiverServerRatis (XceiverServerRatis.java:getRealPort(544)) - XceiverServerRatis 92ba0aed-1dcc-4895-b5bb-fc45f440be2e is started using port 15068 for RATIS_SERVER
2023-11-06 09:26:42,300 [92ba0aed-1dcc-4895-b5bb-fc45f440be2e-EndpointStateMachineTaskThread-/0.0.0.0:15002-0 ] INFO  ratis.XceiverServerRatis (XceiverServerRatis.java:getRealPort(544)) - XceiverServerRatis 92ba0aed-1dcc-4895-b5bb-fc45f440be2e is started using port 15069 for RATIS_DATASTREAM
2023-11-06 09:26:42,300 [JvmPauseMonitor8] INFO  util.JvmPauseMonitor (JvmPauseMonitor.java:run(103)) - JvmPauseMonitor-92ba0aed-1dcc-4895-b5bb-fc45f440be2e: Started
2023-11-06 09:26:42,303 [92ba0aed-1dcc-4895-b5bb-fc45f440be2e-BlockDeletingService#0] INFO  interfaces.ContainerDeletionChoosingPolicyTemplate (ContainerDeletionChoosingPolicyTemplate.java:chooseContainerForBlockDeletion(85)) - Chosen 0/5000 blocks from 0 candidate containers.
2023-11-06 09:26:42,450 [18227f38-d602-4438-971e-c9cd287df9cb-EndpointStateMachineTaskThread-/0.0.0.0:15002-0 ] INFO  utils.DatanodeStoreCache (DatanodeStoreCache.java:addDB(66)) - Added db /home/runner/work/ozone/ozone/hadoop-ozone/integration-test/target/test-dir/MiniOzoneClusterImpl-938474ea-96d6-4bd3-a45f-678920fb0bb2/datanode-7/data-0/containers/hdds/938474ea-96d6-4bd3-a45f-678920fb0bb2/DS-9e27d3b4-bec8-40d2-b9d2-5fc2f40feaf0/container.db to cache
2023-11-06 09:26:42,450 [18227f38-d602-4438-971e-c9cd287df9cb-EndpointStateMachineTaskThread-/0.0.0.0:15002-0 ] INFO  volume.HddsVolume (HddsVolume.java:createDbStore(422)) - SchemaV3 db is created and loaded at /home/runner/work/ozone/ozone/hadoop-ozone/integration-test/target/test-dir/MiniOzoneClusterImpl-938474ea-96d6-4bd3-a45f-678920fb0bb2/datanode-7/data-0/containers/hdds/938474ea-96d6-4bd3-a45f-678920fb0bb2/DS-9e27d3b4-bec8-40d2-b9d2-5fc2f40feaf0/container.db for volume DS-9e27d3b4-bec8-40d2-b9d2-5fc2f40feaf0
2023-11-06 09:26:42,450 [18227f38-d602-4438-971e-c9cd287df9cb-EndpointStateMachineTaskThread-/0.0.0.0:15002-0 ] INFO  volume.ThrottledAsyncChecker (ThrottledAsyncChecker.java:schedule(141)) - Scheduling a check for /home/runner/work/ozone/ozone/hadoop-ozone/integration-test/target/test-dir/MiniOzoneClusterImpl-938474ea-96d6-4bd3-a45f-678920fb0bb2/datanode-7/data-0/containers/hdds
2023-11-06 09:26:42,451 [18227f38-d602-4438-971e-c9cd287df9cb-EndpointStateMachineTaskThread-/0.0.0.0:15002-0 ] INFO  volume.StorageVolumeChecker (StorageVolumeChecker.java:checkAllVolumes(218)) - Scheduled health check for volume /home/runner/work/ozone/ozone/hadoop-ozone/integration-test/target/test-dir/MiniOzoneClusterImpl-938474ea-96d6-4bd3-a45f-678920fb0bb2/datanode-7/data-0/containers/hdds
2023-11-06 09:26:42,454 [18227f38-d602-4438-971e-c9cd287df9cb-EndpointStateMachineTaskThread-/0.0.0.0:15002-0 ] INFO  volume.ThrottledAsyncChecker (ThrottledAsyncChecker.java:schedule(141)) - Scheduling a check for /home/runner/work/ozone/ozone/hadoop-ozone/integration-test/target/test-dir/MiniOzoneClusterImpl-938474ea-96d6-4bd3-a45f-678920fb0bb2/datanode-7/data/ratis
2023-11-06 09:26:42,454 [18227f38-d602-4438-971e-c9cd287df9cb-EndpointStateMachineTaskThread-/0.0.0.0:15002-0 ] INFO  volume.StorageVolumeChecker (StorageVolumeChecker.java:checkAllVolumes(218)) - Scheduled health check for volume /home/runner/work/ozone/ozone/hadoop-ozone/integration-test/target/test-dir/MiniOzoneClusterImpl-938474ea-96d6-4bd3-a45f-678920fb0bb2/datanode-7/data/ratis
2023-11-06 09:26:42,456 [18227f38-d602-4438-971e-c9cd287df9cb-EndpointStateMachineTaskThread-/0.0.0.0:15002-0 ] INFO  ozoneimpl.OzoneContainer (OzoneContainer.java:start(441)) - Attempting to start container services.
2023-11-06 09:26:42,457 [18227f38-d602-4438-971e-c9cd287df9cb-EndpointStateMachineTaskThread-/0.0.0.0:15002-0 ] INFO  ozoneimpl.OzoneContainer (OzoneContainer.java:startContainerScrub(337)) - Scheduled background container scanners and the on-demand container scanner have been disabled.
2023-11-06 09:26:42,458 [18227f38-d602-4438-971e-c9cd287df9cb-EndpointStateMachineTaskThread-/0.0.0.0:15002-0 ] INFO  replication.ReplicationServer (ReplicationServer.java:start(139)) - ReplicationServer is started using port 15079
2023-11-06 09:26:42,458 [18227f38-d602-4438-971e-c9cd287df9cb-EndpointStateMachineTaskThread-/0.0.0.0:15002-0 ] INFO  ratis.XceiverServerRatis (XceiverServerRatis.java:start(518)) - Starting XceiverServerRatis 18227f38-d602-4438-971e-c9cd287df9cb
2023-11-06 09:26:42,461 [18227f38-d602-4438-971e-c9cd287df9cb-EndpointStateMachineTaskThread-/0.0.0.0:15002-0 ] INFO  server.RaftServer (RaftServerProxy.java:startImpl(400)) - 18227f38-d602-4438-971e-c9cd287df9cb: start RPC server
2023-11-06 09:26:42,462 [18227f38-d602-4438-971e-c9cd287df9cb-EndpointStateMachineTaskThread-/0.0.0.0:15002-0 ] INFO  server.GrpcService (GrpcService.java:startImpl(302)) - 18227f38-d602-4438-971e-c9cd287df9cb: GrpcService started, listening on 15075
2023-11-06 09:26:42,464 [18227f38-d602-4438-971e-c9cd287df9cb-EndpointStateMachineTaskThread-/0.0.0.0:15002-0 ] INFO  server.GrpcService (GrpcService.java:startImpl(302)) - 18227f38-d602-4438-971e-c9cd287df9cb: GrpcService started, listening on 15077
2023-11-06 09:26:42,467 [18227f38-d602-4438-971e-c9cd287df9cb-EndpointStateMachineTaskThread-/0.0.0.0:15002-0 ] INFO  server.GrpcService (GrpcService.java:startImpl(302)) - 18227f38-d602-4438-971e-c9cd287df9cb: GrpcService started, listening on 15076
2023-11-06 09:26:42,468 [18227f38-d602-4438-971e-c9cd287df9cb-EndpointStateMachineTaskThread-/0.0.0.0:15002-0 ] INFO  ratis.XceiverServerRatis (XceiverServerRatis.java:getRealPort(544)) - XceiverServerRatis 18227f38-d602-4438-971e-c9cd287df9cb is started using port 15075 for RATIS
2023-11-06 09:26:42,468 [JvmPauseMonitor9] INFO  util.JvmPauseMonitor (JvmPauseMonitor.java:run(103)) - JvmPauseMonitor-18227f38-d602-4438-971e-c9cd287df9cb: Started
2023-11-06 09:26:42,468 [18227f38-d602-4438-971e-c9cd287df9cb-EndpointStateMachineTaskThread-/0.0.0.0:15002-0 ] INFO  ratis.XceiverServerRatis (XceiverServerRatis.java:getRealPort(544)) - XceiverServerRatis 18227f38-d602-4438-971e-c9cd287df9cb is started using port 15076 for RATIS_ADMIN
2023-11-06 09:26:42,469 [18227f38-d602-4438-971e-c9cd287df9cb-EndpointStateMachineTaskThread-/0.0.0.0:15002-0 ] INFO  ratis.XceiverServerRatis (XceiverServerRatis.java:getRealPort(544)) - XceiverServerRatis 18227f38-d602-4438-971e-c9cd287df9cb is started using port 15077 for RATIS_SERVER
2023-11-06 09:26:42,469 [18227f38-d602-4438-971e-c9cd287df9cb-EndpointStateMachineTaskThread-/0.0.0.0:15002-0 ] INFO  ratis.XceiverServerRatis (XceiverServerRatis.java:getRealPort(544)) - XceiverServerRatis 18227f38-d602-4438-971e-c9cd287df9cb is started using port 15078 for RATIS_DATASTREAM
2023-11-06 09:26:42,481 [18227f38-d602-4438-971e-c9cd287df9cb-BlockDeletingService#0] INFO  interfaces.ContainerDeletionChoosingPolicyTemplate (ContainerDeletionChoosingPolicyTemplate.java:chooseContainerForBlockDeletion(85)) - Chosen 0/5000 blocks from 0 candidate containers.
2023-11-06 09:26:42,629 [5f7d9b36-4620-4ba9-8a78-929bd6ddd1f9-EndpointStateMachineTaskThread-/0.0.0.0:15002-0 ] INFO  utils.DatanodeStoreCache (DatanodeStoreCache.java:addDB(66)) - Added db /home/runner/work/ozone/ozone/hadoop-ozone/integration-test/target/test-dir/MiniOzoneClusterImpl-938474ea-96d6-4bd3-a45f-678920fb0bb2/datanode-8/data-0/containers/hdds/938474ea-96d6-4bd3-a45f-678920fb0bb2/DS-790f1cdc-31ba-4818-833b-3a9a09ddc624/container.db to cache
2023-11-06 09:26:42,629 [5f7d9b36-4620-4ba9-8a78-929bd6ddd1f9-EndpointStateMachineTaskThread-/0.0.0.0:15002-0 ] INFO  volume.HddsVolume (HddsVolume.java:createDbStore(422)) - SchemaV3 db is created and loaded at /home/runner/work/ozone/ozone/hadoop-ozone/integration-test/target/test-dir/MiniOzoneClusterImpl-938474ea-96d6-4bd3-a45f-678920fb0bb2/datanode-8/data-0/containers/hdds/938474ea-96d6-4bd3-a45f-678920fb0bb2/DS-790f1cdc-31ba-4818-833b-3a9a09ddc624/container.db for volume DS-790f1cdc-31ba-4818-833b-3a9a09ddc624
2023-11-06 09:26:42,630 [5f7d9b36-4620-4ba9-8a78-929bd6ddd1f9-EndpointStateMachineTaskThread-/0.0.0.0:15002-0 ] INFO  volume.ThrottledAsyncChecker (ThrottledAsyncChecker.java:schedule(141)) - Scheduling a check for /home/runner/work/ozone/ozone/hadoop-ozone/integration-test/target/test-dir/MiniOzoneClusterImpl-938474ea-96d6-4bd3-a45f-678920fb0bb2/datanode-8/data-0/containers/hdds
2023-11-06 09:26:42,633 [5f7d9b36-4620-4ba9-8a78-929bd6ddd1f9-EndpointStateMachineTaskThread-/0.0.0.0:15002-0 ] INFO  volume.StorageVolumeChecker (StorageVolumeChecker.java:checkAllVolumes(218)) - Scheduled health check for volume /home/runner/work/ozone/ozone/hadoop-ozone/integration-test/target/test-dir/MiniOzoneClusterImpl-938474ea-96d6-4bd3-a45f-678920fb0bb2/datanode-8/data-0/containers/hdds
2023-11-06 09:26:42,640 [5f7d9b36-4620-4ba9-8a78-929bd6ddd1f9-EndpointStateMachineTaskThread-/0.0.0.0:15002-0 ] INFO  volume.ThrottledAsyncChecker (ThrottledAsyncChecker.java:schedule(141)) - Scheduling a check for /home/runner/work/ozone/ozone/hadoop-ozone/integration-test/target/test-dir/MiniOzoneClusterImpl-938474ea-96d6-4bd3-a45f-678920fb0bb2/datanode-8/data/ratis
2023-11-06 09:26:42,640 [5f7d9b36-4620-4ba9-8a78-929bd6ddd1f9-EndpointStateMachineTaskThread-/0.0.0.0:15002-0 ] INFO  volume.StorageVolumeChecker (StorageVolumeChecker.java:checkAllVolumes(218)) - Scheduled health check for volume /home/runner/work/ozone/ozone/hadoop-ozone/integration-test/target/test-dir/MiniOzoneClusterImpl-938474ea-96d6-4bd3-a45f-678920fb0bb2/datanode-8/data/ratis
2023-11-06 09:26:42,641 [5f7d9b36-4620-4ba9-8a78-929bd6ddd1f9-EndpointStateMachineTaskThread-/0.0.0.0:15002-0 ] INFO  ozoneimpl.OzoneContainer (OzoneContainer.java:start(441)) - Attempting to start container services.
2023-11-06 09:26:42,641 [5f7d9b36-4620-4ba9-8a78-929bd6ddd1f9-EndpointStateMachineTaskThread-/0.0.0.0:15002-0 ] INFO  ozoneimpl.OzoneContainer (OzoneContainer.java:startContainerScrub(337)) - Scheduled background container scanners and the on-demand container scanner have been disabled.
2023-11-06 09:26:42,644 [5f7d9b36-4620-4ba9-8a78-929bd6ddd1f9-EndpointStateMachineTaskThread-/0.0.0.0:15002-0 ] INFO  replication.ReplicationServer (ReplicationServer.java:start(139)) - ReplicationServer is started using port 15088
2023-11-06 09:26:42,644 [5f7d9b36-4620-4ba9-8a78-929bd6ddd1f9-EndpointStateMachineTaskThread-/0.0.0.0:15002-0 ] INFO  ratis.XceiverServerRatis (XceiverServerRatis.java:start(518)) - Starting XceiverServerRatis 5f7d9b36-4620-4ba9-8a78-929bd6ddd1f9
2023-11-06 09:26:42,649 [5f7d9b36-4620-4ba9-8a78-929bd6ddd1f9-EndpointStateMachineTaskThread-/0.0.0.0:15002-0 ] INFO  server.RaftServer (RaftServerProxy.java:startImpl(400)) - 5f7d9b36-4620-4ba9-8a78-929bd6ddd1f9: start RPC server
2023-11-06 09:26:42,650 [5f7d9b36-4620-4ba9-8a78-929bd6ddd1f9-EndpointStateMachineTaskThread-/0.0.0.0:15002-0 ] INFO  server.GrpcService (GrpcService.java:startImpl(302)) - 5f7d9b36-4620-4ba9-8a78-929bd6ddd1f9: GrpcService started, listening on 15084
2023-11-06 09:26:42,651 [5f7d9b36-4620-4ba9-8a78-929bd6ddd1f9-EndpointStateMachineTaskThread-/0.0.0.0:15002-0 ] INFO  server.GrpcService (GrpcService.java:startImpl(302)) - 5f7d9b36-4620-4ba9-8a78-929bd6ddd1f9: GrpcService started, listening on 15086
2023-11-06 09:26:42,651 [5f7d9b36-4620-4ba9-8a78-929bd6ddd1f9-EndpointStateMachineTaskThread-/0.0.0.0:15002-0 ] INFO  server.GrpcService (GrpcService.java:startImpl(302)) - 5f7d9b36-4620-4ba9-8a78-929bd6ddd1f9: GrpcService started, listening on 15085
2023-11-06 09:26:42,652 [5f7d9b36-4620-4ba9-8a78-929bd6ddd1f9-EndpointStateMachineTaskThread-/0.0.0.0:15002-0 ] INFO  ratis.XceiverServerRatis (XceiverServerRatis.java:getRealPort(544)) - XceiverServerRatis 5f7d9b36-4620-4ba9-8a78-929bd6ddd1f9 is started using port 15084 for RATIS
2023-11-06 09:26:42,652 [5f7d9b36-4620-4ba9-8a78-929bd6ddd1f9-EndpointStateMachineTaskThread-/0.0.0.0:15002-0 ] INFO  ratis.XceiverServerRatis (XceiverServerRatis.java:getRealPort(544)) - XceiverServerRatis 5f7d9b36-4620-4ba9-8a78-929bd6ddd1f9 is started using port 15085 for RATIS_ADMIN
2023-11-06 09:26:42,652 [5f7d9b36-4620-4ba9-8a78-929bd6ddd1f9-EndpointStateMachineTaskThread-/0.0.0.0:15002-0 ] INFO  ratis.XceiverServerRatis (XceiverServerRatis.java:getRealPort(544)) - XceiverServerRatis 5f7d9b36-4620-4ba9-8a78-929bd6ddd1f9 is started using port 15086 for RATIS_SERVER
2023-11-06 09:26:42,652 [5f7d9b36-4620-4ba9-8a78-929bd6ddd1f9-EndpointStateMachineTaskThread-/0.0.0.0:15002-0 ] INFO  ratis.XceiverServerRatis (XceiverServerRatis.java:getRealPort(544)) - XceiverServerRatis 5f7d9b36-4620-4ba9-8a78-929bd6ddd1f9 is started using port 15087 for RATIS_DATASTREAM
2023-11-06 09:26:42,652 [JvmPauseMonitor10] INFO  util.JvmPauseMonitor (JvmPauseMonitor.java:run(103)) - JvmPauseMonitor-5f7d9b36-4620-4ba9-8a78-929bd6ddd1f9: Started
2023-11-06 09:26:42,666 [5f7d9b36-4620-4ba9-8a78-929bd6ddd1f9-BlockDeletingService#0] INFO  interfaces.ContainerDeletionChoosingPolicyTemplate (ContainerDeletionChoosingPolicyTemplate.java:chooseContainerForBlockDeletion(85)) - Chosen 0/5000 blocks from 0 candidate containers.
2023-11-06 09:26:42,738 [main] INFO  ozone.MiniOzoneClusterImpl (MiniOzoneClusterImpl.java:lambda$waitForClusterToBeReady$0(229)) - Waiting for nodes to be ready. Got 0 of 10 DN Heartbeats.
2023-11-06 09:26:42,738 [main] INFO  ozone.MiniOzoneClusterImpl (MiniOzoneClusterImpl.java:lambda$waitForClusterToBeReady$0(232)) - Waiting for cluster to exit safe mode
2023-11-06 09:26:42,738 [main] INFO  ozone.MiniOzoneClusterImpl (MiniOzoneClusterImpl.java:lambda$waitForClusterToBeReady$0(234)) - SCM became leader
2023-11-06 09:26:42,789 [0e92623e-4dcf-4eff-ae25-f8b8c2de319b-EndpointStateMachineTaskThread-/0.0.0.0:15002-0 ] INFO  utils.DatanodeStoreCache (DatanodeStoreCache.java:addDB(66)) - Added db /home/runner/work/ozone/ozone/hadoop-ozone/integration-test/target/test-dir/MiniOzoneClusterImpl-938474ea-96d6-4bd3-a45f-678920fb0bb2/datanode-9/data-0/containers/hdds/938474ea-96d6-4bd3-a45f-678920fb0bb2/DS-eb152dbd-12ac-4859-b6ea-41110337bb3d/container.db to cache
2023-11-06 09:26:42,790 [0e92623e-4dcf-4eff-ae25-f8b8c2de319b-EndpointStateMachineTaskThread-/0.0.0.0:15002-0 ] INFO  volume.HddsVolume (HddsVolume.java:createDbStore(422)) - SchemaV3 db is created and loaded at /home/runner/work/ozone/ozone/hadoop-ozone/integration-test/target/test-dir/MiniOzoneClusterImpl-938474ea-96d6-4bd3-a45f-678920fb0bb2/datanode-9/data-0/containers/hdds/938474ea-96d6-4bd3-a45f-678920fb0bb2/DS-eb152dbd-12ac-4859-b6ea-41110337bb3d/container.db for volume DS-eb152dbd-12ac-4859-b6ea-41110337bb3d
2023-11-06 09:26:42,791 [0e92623e-4dcf-4eff-ae25-f8b8c2de319b-EndpointStateMachineTaskThread-/0.0.0.0:15002-0 ] INFO  volume.ThrottledAsyncChecker (ThrottledAsyncChecker.java:schedule(141)) - Scheduling a check for /home/runner/work/ozone/ozone/hadoop-ozone/integration-test/target/test-dir/MiniOzoneClusterImpl-938474ea-96d6-4bd3-a45f-678920fb0bb2/datanode-9/data-0/containers/hdds
2023-11-06 09:26:42,791 [0e92623e-4dcf-4eff-ae25-f8b8c2de319b-EndpointStateMachineTaskThread-/0.0.0.0:15002-0 ] INFO  volume.StorageVolumeChecker (StorageVolumeChecker.java:checkAllVolumes(218)) - Scheduled health check for volume /home/runner/work/ozone/ozone/hadoop-ozone/integration-test/target/test-dir/MiniOzoneClusterImpl-938474ea-96d6-4bd3-a45f-678920fb0bb2/datanode-9/data-0/containers/hdds
2023-11-06 09:26:42,795 [0e92623e-4dcf-4eff-ae25-f8b8c2de319b-EndpointStateMachineTaskThread-/0.0.0.0:15002-0 ] INFO  volume.ThrottledAsyncChecker (ThrottledAsyncChecker.java:schedule(141)) - Scheduling a check for /home/runner/work/ozone/ozone/hadoop-ozone/integration-test/target/test-dir/MiniOzoneClusterImpl-938474ea-96d6-4bd3-a45f-678920fb0bb2/datanode-9/data/ratis
2023-11-06 09:26:42,795 [0e92623e-4dcf-4eff-ae25-f8b8c2de319b-EndpointStateMachineTaskThread-/0.0.0.0:15002-0 ] INFO  volume.StorageVolumeChecker (StorageVolumeChecker.java:checkAllVolumes(218)) - Scheduled health check for volume /home/runner/work/ozone/ozone/hadoop-ozone/integration-test/target/test-dir/MiniOzoneClusterImpl-938474ea-96d6-4bd3-a45f-678920fb0bb2/datanode-9/data/ratis
2023-11-06 09:26:42,796 [0e92623e-4dcf-4eff-ae25-f8b8c2de319b-EndpointStateMachineTaskThread-/0.0.0.0:15002-0 ] INFO  ozoneimpl.OzoneContainer (OzoneContainer.java:start(441)) - Attempting to start container services.
2023-11-06 09:26:42,796 [0e92623e-4dcf-4eff-ae25-f8b8c2de319b-EndpointStateMachineTaskThread-/0.0.0.0:15002-0 ] INFO  ozoneimpl.OzoneContainer (OzoneContainer.java:startContainerScrub(337)) - Scheduled background container scanners and the on-demand container scanner have been disabled.
2023-11-06 09:26:42,797 [0e92623e-4dcf-4eff-ae25-f8b8c2de319b-EndpointStateMachineTaskThread-/0.0.0.0:15002-0 ] INFO  replication.ReplicationServer (ReplicationServer.java:start(139)) - ReplicationServer is started using port 15097
2023-11-06 09:26:42,797 [0e92623e-4dcf-4eff-ae25-f8b8c2de319b-EndpointStateMachineTaskThread-/0.0.0.0:15002-0 ] INFO  ratis.XceiverServerRatis (XceiverServerRatis.java:start(518)) - Starting XceiverServerRatis 0e92623e-4dcf-4eff-ae25-f8b8c2de319b
2023-11-06 09:26:42,798 [0e92623e-4dcf-4eff-ae25-f8b8c2de319b-EndpointStateMachineTaskThread-/0.0.0.0:15002-0 ] INFO  server.RaftServer (RaftServerProxy.java:startImpl(400)) - 0e92623e-4dcf-4eff-ae25-f8b8c2de319b: start RPC server
2023-11-06 09:26:42,798 [0e92623e-4dcf-4eff-ae25-f8b8c2de319b-EndpointStateMachineTaskThread-/0.0.0.0:15002-0 ] INFO  server.GrpcService (GrpcService.java:startImpl(302)) - 0e92623e-4dcf-4eff-ae25-f8b8c2de319b: GrpcService started, listening on 15093
2023-11-06 09:26:42,799 [0e92623e-4dcf-4eff-ae25-f8b8c2de319b-EndpointStateMachineTaskThread-/0.0.0.0:15002-0 ] INFO  server.GrpcService (GrpcService.java:startImpl(302)) - 0e92623e-4dcf-4eff-ae25-f8b8c2de319b: GrpcService started, listening on 15095
2023-11-06 09:26:42,800 [0e92623e-4dcf-4eff-ae25-f8b8c2de319b-EndpointStateMachineTaskThread-/0.0.0.0:15002-0 ] INFO  server.GrpcService (GrpcService.java:startImpl(302)) - 0e92623e-4dcf-4eff-ae25-f8b8c2de319b: GrpcService started, listening on 15094
2023-11-06 09:26:42,800 [0e92623e-4dcf-4eff-ae25-f8b8c2de319b-EndpointStateMachineTaskThread-/0.0.0.0:15002-0 ] INFO  ratis.XceiverServerRatis (XceiverServerRatis.java:getRealPort(544)) - XceiverServerRatis 0e92623e-4dcf-4eff-ae25-f8b8c2de319b is started using port 15093 for RATIS
2023-11-06 09:26:42,800 [0e92623e-4dcf-4eff-ae25-f8b8c2de319b-EndpointStateMachineTaskThread-/0.0.0.0:15002-0 ] INFO  ratis.XceiverServerRatis (XceiverServerRatis.java:getRealPort(544)) - XceiverServerRatis 0e92623e-4dcf-4eff-ae25-f8b8c2de319b is started using port 15094 for RATIS_ADMIN
2023-11-06 09:26:42,800 [0e92623e-4dcf-4eff-ae25-f8b8c2de319b-EndpointStateMachineTaskThread-/0.0.0.0:15002-0 ] INFO  ratis.XceiverServerRatis (XceiverServerRatis.java:getRealPort(544)) - XceiverServerRatis 0e92623e-4dcf-4eff-ae25-f8b8c2de319b is started using port 15095 for RATIS_SERVER
2023-11-06 09:26:42,800 [0e92623e-4dcf-4eff-ae25-f8b8c2de319b-EndpointStateMachineTaskThread-/0.0.0.0:15002-0 ] INFO  ratis.XceiverServerRatis (XceiverServerRatis.java:getRealPort(544)) - XceiverServerRatis 0e92623e-4dcf-4eff-ae25-f8b8c2de319b is started using port 15096 for RATIS_DATASTREAM
2023-11-06 09:26:42,801 [JvmPauseMonitor11] INFO  util.JvmPauseMonitor (JvmPauseMonitor.java:run(103)) - JvmPauseMonitor-0e92623e-4dcf-4eff-ae25-f8b8c2de319b: Started
2023-11-06 09:26:42,811 [0e92623e-4dcf-4eff-ae25-f8b8c2de319b-BlockDeletingService#0] INFO  interfaces.ContainerDeletionChoosingPolicyTemplate (ContainerDeletionChoosingPolicyTemplate.java:chooseContainerForBlockDeletion(85)) - Chosen 0/5000 blocks from 0 candidate containers.
2023-11-06 09:26:43,037 [IPC Server handler 18 on default port 15002] INFO  net.NetworkTopologyImpl (NetworkTopologyImpl.java:add(112)) - Added a new node: /default-rack/fedf11b8-0957-422e-880a-91cc26979c7a
2023-11-06 09:26:43,040 [IPC Server handler 18 on default port 15002] INFO  node.SCMNodeManager (SCMNodeManager.java:register(405)) - Registered Data node : fedf11b8-0957-422e-880a-91cc26979c7a{ip: 10.1.0.6, host: fv-az241-347.2tfxs3cvuluejhi1wdm4o5ef4c.bx.internal.cloudapp.net, ports: [HTTP=15009, CLIENT_RPC=15010, REPLICATION=15016, RATIS=15012, RATIS_ADMIN=15013, RATIS_SERVER=15014, RATIS_DATASTREAM=15015, STANDALONE=15011], networkLocation: /default-rack, certSerialId: null, persistedOpState: null, persistedOpStateExpiryEpochSec: 0}
2023-11-06 09:26:43,043 [EventQueue-NewNodeForNewNodeHandler] INFO  pipeline.BackgroundPipelineCreator (BackgroundPipelineCreator.java:notifyEventTriggered(280)) - trigger a one-shot run on RatisPipelineUtilsThread.
2023-11-06 09:26:43,053 [RatisPipelineUtilsThread-0] INFO  pipeline.RatisPipelineProvider (RatisPipelineProvider.java:lambda$create$0(206)) - Sending CreatePipelineCommand for pipeline:PipelineID=937df6f7-db1d-471a-b4a9-bd96d7f114b6 to datanode:fedf11b8-0957-422e-880a-91cc26979c7a
2023-11-06 09:26:43,060 [EventQueue-NodeRegistrationContainerReportForContainerSafeModeRule] INFO  safemode.SCMSafeModeManager (SCMSafeModeManager.java:validateSafeModeExitRules(200)) - ContainerSafeModeRule rule is successfully validated
2023-11-06 09:26:43,065 [EventQueue-NodeRegistrationContainerReportForDataNodeSafeModeRule] INFO  safemode.SCMSafeModeManager (DataNodeSafeModeRule.java:process(71)) - SCM in safe mode. 1 DataNodes registered, 3 required.
2023-11-06 09:26:43,072 [EventQueue-PipelineReportForOneReplicaPipelineSafeModeRule] INFO  safemode.SCMSafeModeManager (SCMSafeModeManager.java:validateSafeModeExitRules(200)) - AtleastOneDatanodeReportedRule rule is successfully validated
2023-11-06 09:26:43,075 [RatisPipelineUtilsThread-0] INFO  pipeline.BackgroundPipelineCreator (BackgroundPipelineCreator.java:createPipelines(236)) - Created new pipeline Pipeline[ Id: 937df6f7-db1d-471a-b4a9-bd96d7f114b6, Nodes: fedf11b8-0957-422e-880a-91cc26979c7a(fv-az241-347.2tfxs3cvuluejhi1wdm4o5ef4c.bx.internal.cloudapp.net/10.1.0.6), ReplicationConfig: RATIS/ONE, State:ALLOCATED, leaderId:, CreationTimestamp2023-11-06T09:26:43.051Z[Etc/UTC]]
2023-11-06 09:26:43,287 [IPC Server handler 16 on default port 15002] INFO  net.NetworkTopologyImpl (NetworkTopologyImpl.java:add(112)) - Added a new node: /default-rack/0eeb79a9-13fd-416c-b2a7-6f654c6b5029
2023-11-06 09:26:43,288 [IPC Server handler 16 on default port 15002] INFO  node.SCMNodeManager (SCMNodeManager.java:register(405)) - Registered Data node : 0eeb79a9-13fd-416c-b2a7-6f654c6b5029{ip: 10.1.0.6, host: fv-az241-347.2tfxs3cvuluejhi1wdm4o5ef4c.bx.internal.cloudapp.net, ports: [HTTP=15018, CLIENT_RPC=15019, REPLICATION=15025, RATIS=15021, RATIS_ADMIN=15022, RATIS_SERVER=15023, RATIS_DATASTREAM=15024, STANDALONE=15020], networkLocation: /default-rack, certSerialId: null, persistedOpState: null, persistedOpStateExpiryEpochSec: 0}
2023-11-06 09:26:43,288 [EventQueue-NodeRegistrationContainerReportForDataNodeSafeModeRule] INFO  safemode.SCMSafeModeManager (DataNodeSafeModeRule.java:process(71)) - SCM in safe mode. 2 DataNodes registered, 3 required.
2023-11-06 09:26:43,289 [EventQueue-NewNodeForNewNodeHandler] INFO  pipeline.BackgroundPipelineCreator (BackgroundPipelineCreator.java:notifyEventTriggered(280)) - trigger a one-shot run on RatisPipelineUtilsThread.
2023-11-06 09:26:43,292 [RatisPipelineUtilsThread-0] INFO  pipeline.RatisPipelineProvider (RatisPipelineProvider.java:lambda$create$0(206)) - Sending CreatePipelineCommand for pipeline:PipelineID=2c2e71b0-cf69-4675-ac6c-5fd2b077acb6 to datanode:0eeb79a9-13fd-416c-b2a7-6f654c6b5029
2023-11-06 09:26:43,293 [RatisPipelineUtilsThread-0] INFO  pipeline.BackgroundPipelineCreator (BackgroundPipelineCreator.java:createPipelines(236)) - Created new pipeline Pipeline[ Id: 2c2e71b0-cf69-4675-ac6c-5fd2b077acb6, Nodes: 0eeb79a9-13fd-416c-b2a7-6f654c6b5029(fv-az241-347.2tfxs3cvuluejhi1wdm4o5ef4c.bx.internal.cloudapp.net/10.1.0.6), ReplicationConfig: RATIS/ONE, State:ALLOCATED, leaderId:, CreationTimestamp2023-11-06T09:26:43.292Z[Etc/UTC]]
2023-11-06 09:26:43,562 [IPC Server handler 14 on default port 15002] INFO  net.NetworkTopologyImpl (NetworkTopologyImpl.java:add(112)) - Added a new node: /default-rack/d9016e39-0130-4fd9-896a-cac3c2785d02
2023-11-06 09:26:43,562 [IPC Server handler 14 on default port 15002] INFO  node.SCMNodeManager (SCMNodeManager.java:register(405)) - Registered Data node : d9016e39-0130-4fd9-896a-cac3c2785d02{ip: 10.1.0.6, host: fv-az241-347.2tfxs3cvuluejhi1wdm4o5ef4c.bx.internal.cloudapp.net, ports: [HTTP=15027, CLIENT_RPC=15028, REPLICATION=15034, RATIS=15030, RATIS_ADMIN=15031, RATIS_SERVER=15032, RATIS_DATASTREAM=15033, STANDALONE=15029], networkLocation: /default-rack, certSerialId: null, persistedOpState: null, persistedOpStateExpiryEpochSec: 0}
2023-11-06 09:26:43,562 [EventQueue-NewNodeForNewNodeHandler] INFO  pipeline.BackgroundPipelineCreator (BackgroundPipelineCreator.java:notifyEventTriggered(280)) - trigger a one-shot run on RatisPipelineUtilsThread.
2023-11-06 09:26:43,563 [RatisPipelineUtilsThread-0] INFO  pipeline.RatisPipelineProvider (RatisPipelineProvider.java:lambda$create$0(206)) - Sending CreatePipelineCommand for pipeline:PipelineID=4a550c64-9968-4de5-acde-c449668a084e to datanode:d9016e39-0130-4fd9-896a-cac3c2785d02
2023-11-06 09:26:43,564 [EventQueue-NodeRegistrationContainerReportForDataNodeSafeModeRule] INFO  safemode.SCMSafeModeManager (DataNodeSafeModeRule.java:process(71)) - SCM in safe mode. 3 DataNodes registered, 3 required.
2023-11-06 09:26:43,564 [EventQueue-NodeRegistrationContainerReportForDataNodeSafeModeRule] INFO  safemode.SCMSafeModeManager (SCMSafeModeManager.java:validateSafeModeExitRules(200)) - DataNodeSafeModeRule rule is successfully validated
2023-11-06 09:26:43,564 [EventQueue-NodeRegistrationContainerReportForDataNodeSafeModeRule] INFO  safemode.SCMSafeModeManager (SCMSafeModeManager.java:completePreCheck(229)) - All SCM safe mode pre check rules have passed
2023-11-06 09:26:43,564 [EventQueue-NodeRegistrationContainerReportForDataNodeSafeModeRule] INFO  ha.SCMContext (SCMContext.java:updateSafeModeStatus(230)) - Update SafeModeStatus from SafeModeStatus{safeModeStatus=true, preCheckPassed=false} to SafeModeStatus{safeModeStatus=true, preCheckPassed=true}.
2023-11-06 09:26:43,564 [EventQueue-NodeRegistrationContainerReportForDataNodeSafeModeRule] INFO  pipeline.BackgroundPipelineCreator (BackgroundPipelineCreator.java:notifyEventTriggered(280)) - trigger a one-shot run on RatisPipelineUtilsThread.
2023-11-06 09:26:43,565 [RatisPipelineUtilsThread-0] INFO  pipeline.BackgroundPipelineCreator (BackgroundPipelineCreator.java:createPipelines(236)) - Created new pipeline Pipeline[ Id: 4a550c64-9968-4de5-acde-c449668a084e, Nodes: d9016e39-0130-4fd9-896a-cac3c2785d02(fv-az241-347.2tfxs3cvuluejhi1wdm4o5ef4c.bx.internal.cloudapp.net/10.1.0.6), ReplicationConfig: RATIS/ONE, State:ALLOCATED, leaderId:, CreationTimestamp2023-11-06T09:26:43.563Z[Etc/UTC]]
2023-11-06 09:26:43,569 [RatisPipelineUtilsThread-0] INFO  pipeline.RatisPipelineProvider (RatisPipelineProvider.java:lambda$create$0(206)) - Sending CreatePipelineCommand for pipeline:PipelineID=d6c272c6-0f48-426a-923d-3e664a0854e0 to datanode:fedf11b8-0957-422e-880a-91cc26979c7a
2023-11-06 09:26:43,569 [RatisPipelineUtilsThread-0] INFO  pipeline.RatisPipelineProvider (RatisPipelineProvider.java:lambda$create$0(206)) - Sending CreatePipelineCommand for pipeline:PipelineID=d6c272c6-0f48-426a-923d-3e664a0854e0 to datanode:d9016e39-0130-4fd9-896a-cac3c2785d02
2023-11-06 09:26:43,570 [RatisPipelineUtilsThread-0] INFO  pipeline.RatisPipelineProvider (RatisPipelineProvider.java:lambda$create$0(206)) - Sending CreatePipelineCommand for pipeline:PipelineID=d6c272c6-0f48-426a-923d-3e664a0854e0 to datanode:0eeb79a9-13fd-416c-b2a7-6f654c6b5029
2023-11-06 09:26:43,571 [RatisPipelineUtilsThread-0] INFO  pipeline.BackgroundPipelineCreator (BackgroundPipelineCreator.java:createPipelines(236)) - Created new pipeline Pipeline[ Id: d6c272c6-0f48-426a-923d-3e664a0854e0, Nodes: fedf11b8-0957-422e-880a-91cc26979c7a(fv-az241-347.2tfxs3cvuluejhi1wdm4o5ef4c.bx.internal.cloudapp.net/10.1.0.6)d9016e39-0130-4fd9-896a-cac3c2785d02(fv-az241-347.2tfxs3cvuluejhi1wdm4o5ef4c.bx.internal.cloudapp.net/10.1.0.6)0eeb79a9-13fd-416c-b2a7-6f654c6b5029(fv-az241-347.2tfxs3cvuluejhi1wdm4o5ef4c.bx.internal.cloudapp.net/10.1.0.6), ReplicationConfig: RATIS/THREE, State:ALLOCATED, leaderId:, CreationTimestamp2023-11-06T09:26:43.569Z[Etc/UTC]]
2023-11-06 09:26:43,572 [RatisPipelineUtilsThread-0] INFO  pipeline.RatisPipelineProvider (RatisPipelineProvider.java:lambda$create$0(206)) - Sending CreatePipelineCommand for pipeline:PipelineID=15f9db0e-4f6c-4380-b94d-0db81d4fe909 to datanode:d9016e39-0130-4fd9-896a-cac3c2785d02
2023-11-06 09:26:43,573 [RatisPipelineUtilsThread-0] INFO  pipeline.RatisPipelineProvider (RatisPipelineProvider.java:lambda$create$0(206)) - Sending CreatePipelineCommand for pipeline:PipelineID=15f9db0e-4f6c-4380-b94d-0db81d4fe909 to datanode:0eeb79a9-13fd-416c-b2a7-6f654c6b5029
2023-11-06 09:26:43,573 [RatisPipelineUtilsThread-0] INFO  pipeline.RatisPipelineProvider (RatisPipelineProvider.java:lambda$create$0(206)) - Sending CreatePipelineCommand for pipeline:PipelineID=15f9db0e-4f6c-4380-b94d-0db81d4fe909 to datanode:fedf11b8-0957-422e-880a-91cc26979c7a
2023-11-06 09:26:43,575 [RatisPipelineUtilsThread-0] INFO  pipeline.PipelineManagerImpl (PipelineManagerImpl.java:recordMetricsForPipeline(895)) - Pipeline: PipelineID=15f9db0e-4f6c-4380-b94d-0db81d4fe909 contains same datanodes as previous pipelines: PipelineID=d6c272c6-0f48-426a-923d-3e664a0854e0 nodeIds: d9016e39-0130-4fd9-896a-cac3c2785d02, 0eeb79a9-13fd-416c-b2a7-6f654c6b5029, fedf11b8-0957-422e-880a-91cc26979c7a
2023-11-06 09:26:43,575 [RatisPipelineUtilsThread-0] INFO  pipeline.BackgroundPipelineCreator (BackgroundPipelineCreator.java:createPipelines(236)) - Created new pipeline Pipeline[ Id: 15f9db0e-4f6c-4380-b94d-0db81d4fe909, Nodes: d9016e39-0130-4fd9-896a-cac3c2785d02(fv-az241-347.2tfxs3cvuluejhi1wdm4o5ef4c.bx.internal.cloudapp.net/10.1.0.6)0eeb79a9-13fd-416c-b2a7-6f654c6b5029(fv-az241-347.2tfxs3cvuluejhi1wdm4o5ef4c.bx.internal.cloudapp.net/10.1.0.6)fedf11b8-0957-422e-880a-91cc26979c7a(fv-az241-347.2tfxs3cvuluejhi1wdm4o5ef4c.bx.internal.cloudapp.net/10.1.0.6), ReplicationConfig: RATIS/THREE, State:ALLOCATED, leaderId:, CreationTimestamp2023-11-06T09:26:43.572Z[Etc/UTC]]
2023-11-06 09:26:43,738 [IPC Server handler 11 on default port 15002] INFO  net.NetworkTopologyImpl (NetworkTopologyImpl.java:add(112)) - Added a new node: /default-rack/fadd24ee-4463-4420-97cf-bdd350ad83ae
2023-11-06 09:26:43,739 [main] INFO  ozone.MiniOzoneClusterImpl (MiniOzoneClusterImpl.java:lambda$waitForClusterToBeReady$0(229)) - Waiting for nodes to be ready. Got 3 of 10 DN Heartbeats.
2023-11-06 09:26:43,740 [main] INFO  ozone.MiniOzoneClusterImpl (MiniOzoneClusterImpl.java:lambda$waitForClusterToBeReady$0(232)) - Waiting for cluster to exit safe mode
2023-11-06 09:26:43,740 [main] INFO  ozone.MiniOzoneClusterImpl (MiniOzoneClusterImpl.java:lambda$waitForClusterToBeReady$0(234)) - SCM became leader
2023-11-06 09:26:43,739 [IPC Server handler 11 on default port 15002] INFO  node.SCMNodeManager (SCMNodeManager.java:register(405)) - Registered Data node : fadd24ee-4463-4420-97cf-bdd350ad83ae{ip: 10.1.0.6, host: fv-az241-347.2tfxs3cvuluejhi1wdm4o5ef4c.bx.internal.cloudapp.net, ports: [HTTP=15036, CLIENT_RPC=15037, REPLICATION=15043, RATIS=15039, RATIS_ADMIN=15040, RATIS_SERVER=15041, RATIS_DATASTREAM=15042, STANDALONE=15038], networkLocation: /default-rack, certSerialId: null, persistedOpState: null, persistedOpStateExpiryEpochSec: 0}
2023-11-06 09:26:43,740 [ReplicationMonitor] INFO  replication.ReplicationManager (ReplicationManager.java:processAll(366)) - Replication Manager is not ready to run until 3000ms after safemode exit
2023-11-06 09:26:43,741 [EventQueue-NewNodeForNewNodeHandler] INFO  pipeline.BackgroundPipelineCreator (BackgroundPipelineCreator.java:notifyEventTriggered(280)) - trigger a one-shot run on RatisPipelineUtilsThread.
2023-11-06 09:26:43,743 [RatisPipelineUtilsThread-0] INFO  pipeline.RatisPipelineProvider (RatisPipelineProvider.java:lambda$create$0(206)) - Sending CreatePipelineCommand for pipeline:PipelineID=01012b0d-99a6-42ee-9976-bd8de2487517 to datanode:fadd24ee-4463-4420-97cf-bdd350ad83ae
2023-11-06 09:26:43,745 [RatisPipelineUtilsThread-0] INFO  pipeline.BackgroundPipelineCreator (BackgroundPipelineCreator.java:createPipelines(236)) - Created new pipeline Pipeline[ Id: 01012b0d-99a6-42ee-9976-bd8de2487517, Nodes: fadd24ee-4463-4420-97cf-bdd350ad83ae(fv-az241-347.2tfxs3cvuluejhi1wdm4o5ef4c.bx.internal.cloudapp.net/10.1.0.6), ReplicationConfig: RATIS/ONE, State:ALLOCATED, leaderId:, CreationTimestamp2023-11-06T09:26:43.743Z[Etc/UTC]]
2023-11-06 09:26:43,921 [IPC Server handler 19 on default port 15002] INFO  net.NetworkTopologyImpl (NetworkTopologyImpl.java:add(112)) - Added a new node: /default-rack/4cee0e49-9f18-41f8-8e67-157ccbc15955
2023-11-06 09:26:43,921 [IPC Server handler 19 on default port 15002] INFO  node.SCMNodeManager (SCMNodeManager.java:register(405)) - Registered Data node : 4cee0e49-9f18-41f8-8e67-157ccbc15955{ip: 10.1.0.6, host: fv-az241-347.2tfxs3cvuluejhi1wdm4o5ef4c.bx.internal.cloudapp.net, ports: [HTTP=15045, CLIENT_RPC=15046, REPLICATION=15052, RATIS=15048, RATIS_ADMIN=15049, RATIS_SERVER=15050, RATIS_DATASTREAM=15051, STANDALONE=15047], networkLocation: /default-rack, certSerialId: null, persistedOpState: null, persistedOpStateExpiryEpochSec: 0}
2023-11-06 09:26:43,921 [EventQueue-NewNodeForNewNodeHandler] INFO  pipeline.BackgroundPipelineCreator (BackgroundPipelineCreator.java:notifyEventTriggered(280)) - trigger a one-shot run on RatisPipelineUtilsThread.
2023-11-06 09:26:43,922 [RatisPipelineUtilsThread-0] INFO  pipeline.RatisPipelineProvider (RatisPipelineProvider.java:lambda$create$0(206)) - Sending CreatePipelineCommand for pipeline:PipelineID=195423ec-571f-40ba-bff8-c9eef1442432 to datanode:4cee0e49-9f18-41f8-8e67-157ccbc15955
2023-11-06 09:26:43,924 [RatisPipelineUtilsThread-0] INFO  pipeline.BackgroundPipelineCreator (BackgroundPipelineCreator.java:createPipelines(236)) - Created new pipeline Pipeline[ Id: 195423ec-571f-40ba-bff8-c9eef1442432, Nodes: 4cee0e49-9f18-41f8-8e67-157ccbc15955(fv-az241-347.2tfxs3cvuluejhi1wdm4o5ef4c.bx.internal.cloudapp.net/10.1.0.6), ReplicationConfig: RATIS/ONE, State:ALLOCATED, leaderId:, CreationTimestamp2023-11-06T09:26:43.922Z[Etc/UTC]]
2023-11-06 09:26:44,089 [IPC Server handler 17 on default port 15002] INFO  net.NetworkTopologyImpl (NetworkTopologyImpl.java:add(112)) - Added a new node: /default-rack/b7b1b697-3f82-4acb-89c8-f9bc2eccfa5a
2023-11-06 09:26:44,089 [IPC Server handler 17 on default port 15002] INFO  node.SCMNodeManager (SCMNodeManager.java:register(405)) - Registered Data node : b7b1b697-3f82-4acb-89c8-f9bc2eccfa5a{ip: 10.1.0.6, host: fv-az241-347.2tfxs3cvuluejhi1wdm4o5ef4c.bx.internal.cloudapp.net, ports: [HTTP=15054, CLIENT_RPC=15055, REPLICATION=15061, RATIS=15057, RATIS_ADMIN=15058, RATIS_SERVER=15059, RATIS_DATASTREAM=15060, STANDALONE=15056], networkLocation: /default-rack, certSerialId: null, persistedOpState: null, persistedOpStateExpiryEpochSec: 0}
2023-11-06 09:26:44,090 [EventQueue-NewNodeForNewNodeHandler] INFO  pipeline.BackgroundPipelineCreator (BackgroundPipelineCreator.java:notifyEventTriggered(280)) - trigger a one-shot run on RatisPipelineUtilsThread.
2023-11-06 09:26:44,090 [RatisPipelineUtilsThread-0] INFO  pipeline.RatisPipelineProvider (RatisPipelineProvider.java:lambda$create$0(206)) - Sending CreatePipelineCommand for pipeline:PipelineID=064f2d62-7b19-47a1-a020-4561348e29f9 to datanode:b7b1b697-3f82-4acb-89c8-f9bc2eccfa5a
2023-11-06 09:26:44,093 [RatisPipelineUtilsThread-0] INFO  pipeline.BackgroundPipelineCreator (BackgroundPipelineCreator.java:createPipelines(236)) - Created new pipeline Pipeline[ Id: 064f2d62-7b19-47a1-a020-4561348e29f9, Nodes: b7b1b697-3f82-4acb-89c8-f9bc2eccfa5a(fv-az241-347.2tfxs3cvuluejhi1wdm4o5ef4c.bx.internal.cloudapp.net/10.1.0.6), ReplicationConfig: RATIS/ONE, State:ALLOCATED, leaderId:, CreationTimestamp2023-11-06T09:26:44.090Z[Etc/UTC]]
2023-11-06 09:26:44,094 [RatisPipelineUtilsThread-0] INFO  pipeline.RatisPipelineProvider (RatisPipelineProvider.java:lambda$create$0(206)) - Sending CreatePipelineCommand for pipeline:PipelineID=20ad4e29-1d2c-4b5d-8722-67654037fcfa to datanode:b7b1b697-3f82-4acb-89c8-f9bc2eccfa5a
2023-11-06 09:26:44,094 [RatisPipelineUtilsThread-0] INFO  pipeline.RatisPipelineProvider (RatisPipelineProvider.java:lambda$create$0(206)) - Sending CreatePipelineCommand for pipeline:PipelineID=20ad4e29-1d2c-4b5d-8722-67654037fcfa to datanode:4cee0e49-9f18-41f8-8e67-157ccbc15955
2023-11-06 09:26:44,095 [RatisPipelineUtilsThread-0] INFO  pipeline.RatisPipelineProvider (RatisPipelineProvider.java:lambda$create$0(206)) - Sending CreatePipelineCommand for pipeline:PipelineID=20ad4e29-1d2c-4b5d-8722-67654037fcfa to datanode:fadd24ee-4463-4420-97cf-bdd350ad83ae
2023-11-06 09:26:44,096 [RatisPipelineUtilsThread-0] INFO  pipeline.BackgroundPipelineCreator (BackgroundPipelineCreator.java:createPipelines(236)) - Created new pipeline Pipeline[ Id: 20ad4e29-1d2c-4b5d-8722-67654037fcfa, Nodes: b7b1b697-3f82-4acb-89c8-f9bc2eccfa5a(fv-az241-347.2tfxs3cvuluejhi1wdm4o5ef4c.bx.internal.cloudapp.net/10.1.0.6)4cee0e49-9f18-41f8-8e67-157ccbc15955(fv-az241-347.2tfxs3cvuluejhi1wdm4o5ef4c.bx.internal.cloudapp.net/10.1.0.6)fadd24ee-4463-4420-97cf-bdd350ad83ae(fv-az241-347.2tfxs3cvuluejhi1wdm4o5ef4c.bx.internal.cloudapp.net/10.1.0.6), ReplicationConfig: RATIS/THREE, State:ALLOCATED, leaderId:, CreationTimestamp2023-11-06T09:26:44.094Z[Etc/UTC]]
2023-11-06 09:26:44,099 [RatisPipelineUtilsThread-0] INFO  pipeline.RatisPipelineProvider (RatisPipelineProvider.java:lambda$create$0(206)) - Sending CreatePipelineCommand for pipeline:PipelineID=87283212-8523-47a3-ab01-e7aca9f6e515 to datanode:4cee0e49-9f18-41f8-8e67-157ccbc15955
2023-11-06 09:26:44,100 [RatisPipelineUtilsThread-0] INFO  pipeline.RatisPipelineProvider (RatisPipelineProvider.java:lambda$create$0(206)) - Sending CreatePipelineCommand for pipeline:PipelineID=87283212-8523-47a3-ab01-e7aca9f6e515 to datanode:fadd24ee-4463-4420-97cf-bdd350ad83ae
2023-11-06 09:26:44,100 [RatisPipelineUtilsThread-0] INFO  pipeline.RatisPipelineProvider (RatisPipelineProvider.java:lambda$create$0(206)) - Sending CreatePipelineCommand for pipeline:PipelineID=87283212-8523-47a3-ab01-e7aca9f6e515 to datanode:b7b1b697-3f82-4acb-89c8-f9bc2eccfa5a
2023-11-06 09:26:44,102 [RatisPipelineUtilsThread-0] INFO  pipeline.PipelineManagerImpl (PipelineManagerImpl.java:recordMetricsForPipeline(895)) - Pipeline: PipelineID=87283212-8523-47a3-ab01-e7aca9f6e515 contains same datanodes as previous pipelines: PipelineID=20ad4e29-1d2c-4b5d-8722-67654037fcfa nodeIds: 4cee0e49-9f18-41f8-8e67-157ccbc15955, fadd24ee-4463-4420-97cf-bdd350ad83ae, b7b1b697-3f82-4acb-89c8-f9bc2eccfa5a
2023-11-06 09:26:44,102 [RatisPipelineUtilsThread-0] INFO  pipeline.BackgroundPipelineCreator (BackgroundPipelineCreator.java:createPipelines(236)) - Created new pipeline Pipeline[ Id: 87283212-8523-47a3-ab01-e7aca9f6e515, Nodes: 4cee0e49-9f18-41f8-8e67-157ccbc15955(fv-az241-347.2tfxs3cvuluejhi1wdm4o5ef4c.bx.internal.cloudapp.net/10.1.0.6)fadd24ee-4463-4420-97cf-bdd350ad83ae(fv-az241-347.2tfxs3cvuluejhi1wdm4o5ef4c.bx.internal.cloudapp.net/10.1.0.6)b7b1b697-3f82-4acb-89c8-f9bc2eccfa5a(fv-az241-347.2tfxs3cvuluejhi1wdm4o5ef4c.bx.internal.cloudapp.net/10.1.0.6), ReplicationConfig: RATIS/THREE, State:ALLOCATED, leaderId:, CreationTimestamp2023-11-06T09:26:44.099Z[Etc/UTC]]
2023-11-06 09:26:44,257 [IPC Server handler 16 on default port 15002] INFO  net.NetworkTopologyImpl (NetworkTopologyImpl.java:add(112)) - Added a new node: /default-rack/92ba0aed-1dcc-4895-b5bb-fc45f440be2e
2023-11-06 09:26:44,258 [IPC Server handler 16 on default port 15002] INFO  node.SCMNodeManager (SCMNodeManager.java:register(405)) - Registered Data node : 92ba0aed-1dcc-4895-b5bb-fc45f440be2e{ip: 10.1.0.6, host: fv-az241-347.2tfxs3cvuluejhi1wdm4o5ef4c.bx.internal.cloudapp.net, ports: [HTTP=15063, CLIENT_RPC=15064, REPLICATION=15070, RATIS=15066, RATIS_ADMIN=15067, RATIS_SERVER=15068, RATIS_DATASTREAM=15069, STANDALONE=15065], networkLocation: /default-rack, certSerialId: null, persistedOpState: null, persistedOpStateExpiryEpochSec: 0}
2023-11-06 09:26:44,258 [EventQueue-NewNodeForNewNodeHandler] INFO  pipeline.BackgroundPipelineCreator (BackgroundPipelineCreator.java:notifyEventTriggered(280)) - trigger a one-shot run on RatisPipelineUtilsThread.
2023-11-06 09:26:44,260 [RatisPipelineUtilsThread-0] INFO  pipeline.RatisPipelineProvider (RatisPipelineProvider.java:lambda$create$0(206)) - Sending CreatePipelineCommand for pipeline:PipelineID=4f521251-8ca6-43fd-aabb-b0f7bfbf7b06 to datanode:92ba0aed-1dcc-4895-b5bb-fc45f440be2e
2023-11-06 09:26:44,262 [RatisPipelineUtilsThread-0] INFO  pipeline.BackgroundPipelineCreator (BackgroundPipelineCreator.java:createPipelines(236)) - Created new pipeline Pipeline[ Id: 4f521251-8ca6-43fd-aabb-b0f7bfbf7b06, Nodes: 92ba0aed-1dcc-4895-b5bb-fc45f440be2e(fv-az241-347.2tfxs3cvuluejhi1wdm4o5ef4c.bx.internal.cloudapp.net/10.1.0.6), ReplicationConfig: RATIS/ONE, State:ALLOCATED, leaderId:, CreationTimestamp2023-11-06T09:26:44.260Z[Etc/UTC]]
2023-11-06 09:26:44,414 [IPC Server handler 14 on default port 15002] INFO  net.NetworkTopologyImpl (NetworkTopologyImpl.java:add(112)) - Added a new node: /default-rack/18227f38-d602-4438-971e-c9cd287df9cb
2023-11-06 09:26:44,414 [IPC Server handler 14 on default port 15002] INFO  node.SCMNodeManager (SCMNodeManager.java:register(405)) - Registered Data node : 18227f38-d602-4438-971e-c9cd287df9cb{ip: 10.1.0.6, host: fv-az241-347.2tfxs3cvuluejhi1wdm4o5ef4c.bx.internal.cloudapp.net, ports: [HTTP=15072, CLIENT_RPC=15073, REPLICATION=15079, RATIS=15075, RATIS_ADMIN=15076, RATIS_SERVER=15077, RATIS_DATASTREAM=15078, STANDALONE=15074], networkLocation: /default-rack, certSerialId: null, persistedOpState: null, persistedOpStateExpiryEpochSec: 0}
2023-11-06 09:26:44,415 [EventQueue-NewNodeForNewNodeHandler] INFO  pipeline.BackgroundPipelineCreator (BackgroundPipelineCreator.java:notifyEventTriggered(280)) - trigger a one-shot run on RatisPipelineUtilsThread.
2023-11-06 09:26:44,416 [RatisPipelineUtilsThread-0] INFO  pipeline.RatisPipelineProvider (RatisPipelineProvider.java:lambda$create$0(206)) - Sending CreatePipelineCommand for pipeline:PipelineID=a51bd1de-1284-4ef0-b707-a7771fb2ec2a to datanode:18227f38-d602-4438-971e-c9cd287df9cb
2023-11-06 09:26:44,418 [RatisPipelineUtilsThread-0] INFO  pipeline.BackgroundPipelineCreator (BackgroundPipelineCreator.java:createPipelines(236)) - Created new pipeline Pipeline[ Id: a51bd1de-1284-4ef0-b707-a7771fb2ec2a, Nodes: 18227f38-d602-4438-971e-c9cd287df9cb(fv-az241-347.2tfxs3cvuluejhi1wdm4o5ef4c.bx.internal.cloudapp.net/10.1.0.6), ReplicationConfig: RATIS/ONE, State:ALLOCATED, leaderId:, CreationTimestamp2023-11-06T09:26:44.416Z[Etc/UTC]]
2023-11-06 09:26:44,592 [IPC Server handler 11 on default port 15002] INFO  net.NetworkTopologyImpl (NetworkTopologyImpl.java:add(112)) - Added a new node: /default-rack/5f7d9b36-4620-4ba9-8a78-929bd6ddd1f9
2023-11-06 09:26:44,592 [IPC Server handler 11 on default port 15002] INFO  node.SCMNodeManager (SCMNodeManager.java:register(405)) - Registered Data node : 5f7d9b36-4620-4ba9-8a78-929bd6ddd1f9{ip: 10.1.0.6, host: fv-az241-347.2tfxs3cvuluejhi1wdm4o5ef4c.bx.internal.cloudapp.net, ports: [HTTP=15081, CLIENT_RPC=15082, REPLICATION=15088, RATIS=15084, RATIS_ADMIN=15085, RATIS_SERVER=15086, RATIS_DATASTREAM=15087, STANDALONE=15083], networkLocation: /default-rack, certSerialId: null, persistedOpState: null, persistedOpStateExpiryEpochSec: 0}
2023-11-06 09:26:44,593 [EventQueue-NewNodeForNewNodeHandler] INFO  pipeline.BackgroundPipelineCreator (BackgroundPipelineCreator.java:notifyEventTriggered(280)) - trigger a one-shot run on RatisPipelineUtilsThread.
2023-11-06 09:26:44,593 [RatisPipelineUtilsThread-0] INFO  pipeline.RatisPipelineProvider (RatisPipelineProvider.java:lambda$create$0(206)) - Sending CreatePipelineCommand for pipeline:PipelineID=183066f7-6764-45dc-9e19-b6dca21ae844 to datanode:5f7d9b36-4620-4ba9-8a78-929bd6ddd1f9
2023-11-06 09:26:44,597 [RatisPipelineUtilsThread-0] INFO  pipeline.BackgroundPipelineCreator (BackgroundPipelineCreator.java:createPipelines(236)) - Created new pipeline Pipeline[ Id: 183066f7-6764-45dc-9e19-b6dca21ae844, Nodes: 5f7d9b36-4620-4ba9-8a78-929bd6ddd1f9(fv-az241-347.2tfxs3cvuluejhi1wdm4o5ef4c.bx.internal.cloudapp.net/10.1.0.6), ReplicationConfig: RATIS/ONE, State:ALLOCATED, leaderId:, CreationTimestamp2023-11-06T09:26:44.593Z[Etc/UTC]]
2023-11-06 09:26:44,597 [RatisPipelineUtilsThread-0] INFO  pipeline.RatisPipelineProvider (RatisPipelineProvider.java:lambda$create$0(206)) - Sending CreatePipelineCommand for pipeline:PipelineID=09dbd412-9c40-45dd-ab24-df79f62058f4 to datanode:5f7d9b36-4620-4ba9-8a78-929bd6ddd1f9
2023-11-06 09:26:44,597 [RatisPipelineUtilsThread-0] INFO  pipeline.RatisPipelineProvider (RatisPipelineProvider.java:lambda$create$0(206)) - Sending CreatePipelineCommand for pipeline:PipelineID=09dbd412-9c40-45dd-ab24-df79f62058f4 to datanode:92ba0aed-1dcc-4895-b5bb-fc45f440be2e
2023-11-06 09:26:44,598 [RatisPipelineUtilsThread-0] INFO  pipeline.RatisPipelineProvider (RatisPipelineProvider.java:lambda$create$0(206)) - Sending CreatePipelineCommand for pipeline:PipelineID=09dbd412-9c40-45dd-ab24-df79f62058f4 to datanode:18227f38-d602-4438-971e-c9cd287df9cb
2023-11-06 09:26:44,598 [RatisPipelineUtilsThread-0] INFO  pipeline.BackgroundPipelineCreator (BackgroundPipelineCreator.java:createPipelines(236)) - Created new pipeline Pipeline[ Id: 09dbd412-9c40-45dd-ab24-df79f62058f4, Nodes: 5f7d9b36-4620-4ba9-8a78-929bd6ddd1f9(fv-az241-347.2tfxs3cvuluejhi1wdm4o5ef4c.bx.internal.cloudapp.net/10.1.0.6)92ba0aed-1dcc-4895-b5bb-fc45f440be2e(fv-az241-347.2tfxs3cvuluejhi1wdm4o5ef4c.bx.internal.cloudapp.net/10.1.0.6)18227f38-d602-4438-971e-c9cd287df9cb(fv-az241-347.2tfxs3cvuluejhi1wdm4o5ef4c.bx.internal.cloudapp.net/10.1.0.6), ReplicationConfig: RATIS/THREE, State:ALLOCATED, leaderId:, CreationTimestamp2023-11-06T09:26:44.597Z[Etc/UTC]]
2023-11-06 09:26:44,601 [RatisPipelineUtilsThread-0] INFO  pipeline.RatisPipelineProvider (RatisPipelineProvider.java:lambda$create$0(206)) - Sending CreatePipelineCommand for pipeline:PipelineID=fb9ddc8c-4fb4-4244-839f-6dbcdf991ecb to datanode:92ba0aed-1dcc-4895-b5bb-fc45f440be2e
2023-11-06 09:26:44,602 [RatisPipelineUtilsThread-0] INFO  pipeline.RatisPipelineProvider (RatisPipelineProvider.java:lambda$create$0(206)) - Sending CreatePipelineCommand for pipeline:PipelineID=fb9ddc8c-4fb4-4244-839f-6dbcdf991ecb to datanode:5f7d9b36-4620-4ba9-8a78-929bd6ddd1f9
2023-11-06 09:26:44,602 [RatisPipelineUtilsThread-0] INFO  pipeline.RatisPipelineProvider (RatisPipelineProvider.java:lambda$create$0(206)) - Sending CreatePipelineCommand for pipeline:PipelineID=fb9ddc8c-4fb4-4244-839f-6dbcdf991ecb to datanode:18227f38-d602-4438-971e-c9cd287df9cb
2023-11-06 09:26:44,602 [RatisPipelineUtilsThread-0] INFO  pipeline.PipelineManagerImpl (PipelineManagerImpl.java:recordMetricsForPipeline(895)) - Pipeline: PipelineID=fb9ddc8c-4fb4-4244-839f-6dbcdf991ecb contains same datanodes as previous pipelines: PipelineID=09dbd412-9c40-45dd-ab24-df79f62058f4 nodeIds: 92ba0aed-1dcc-4895-b5bb-fc45f440be2e, 5f7d9b36-4620-4ba9-8a78-929bd6ddd1f9, 18227f38-d602-4438-971e-c9cd287df9cb
2023-11-06 09:26:44,603 [RatisPipelineUtilsThread-0] INFO  pipeline.BackgroundPipelineCreator (BackgroundPipelineCreator.java:createPipelines(236)) - Created new pipeline Pipeline[ Id: fb9ddc8c-4fb4-4244-839f-6dbcdf991ecb, Nodes: 92ba0aed-1dcc-4895-b5bb-fc45f440be2e(fv-az241-347.2tfxs3cvuluejhi1wdm4o5ef4c.bx.internal.cloudapp.net/10.1.0.6)5f7d9b36-4620-4ba9-8a78-929bd6ddd1f9(fv-az241-347.2tfxs3cvuluejhi1wdm4o5ef4c.bx.internal.cloudapp.net/10.1.0.6)18227f38-d602-4438-971e-c9cd287df9cb(fv-az241-347.2tfxs3cvuluejhi1wdm4o5ef4c.bx.internal.cloudapp.net/10.1.0.6), ReplicationConfig: RATIS/THREE, State:ALLOCATED, leaderId:, CreationTimestamp2023-11-06T09:26:44.601Z[Etc/UTC]]
2023-11-06 09:26:44,740 [main] INFO  ozone.MiniOzoneClusterImpl (MiniOzoneClusterImpl.java:lambda$waitForClusterToBeReady$0(229)) - Waiting for nodes to be ready. Got 9 of 10 DN Heartbeats.
2023-11-06 09:26:44,742 [main] INFO  ozone.MiniOzoneClusterImpl (MiniOzoneClusterImpl.java:lambda$waitForClusterToBeReady$0(232)) - Waiting for cluster to exit safe mode
2023-11-06 09:26:44,742 [main] INFO  ozone.MiniOzoneClusterImpl (MiniOzoneClusterImpl.java:lambda$waitForClusterToBeReady$0(234)) - SCM became leader
2023-11-06 09:26:44,749 [IPC Server handler 10 on default port 15002] INFO  net.NetworkTopologyImpl (NetworkTopologyImpl.java:add(112)) - Added a new node: /default-rack/0e92623e-4dcf-4eff-ae25-f8b8c2de319b
2023-11-06 09:26:44,750 [IPC Server handler 10 on default port 15002] INFO  node.SCMNodeManager (SCMNodeManager.java:register(405)) - Registered Data node : 0e92623e-4dcf-4eff-ae25-f8b8c2de319b{ip: 10.1.0.6, host: fv-az241-347.2tfxs3cvuluejhi1wdm4o5ef4c.bx.internal.cloudapp.net, ports: [HTTP=15090, CLIENT_RPC=15091, REPLICATION=15097, RATIS=15093, RATIS_ADMIN=15094, RATIS_SERVER=15095, RATIS_DATASTREAM=15096, STANDALONE=15092], networkLocation: /default-rack, certSerialId: null, persistedOpState: null, persistedOpStateExpiryEpochSec: 0}
2023-11-06 09:26:44,750 [EventQueue-NewNodeForNewNodeHandler] INFO  pipeline.BackgroundPipelineCreator (BackgroundPipelineCreator.java:notifyEventTriggered(280)) - trigger a one-shot run on RatisPipelineUtilsThread.
2023-11-06 09:26:44,751 [RatisPipelineUtilsThread-0] INFO  pipeline.RatisPipelineProvider (RatisPipelineProvider.java:lambda$create$0(206)) - Sending CreatePipelineCommand for pipeline:PipelineID=7117164c-cd12-410d-8962-d7f06cc11252 to datanode:0e92623e-4dcf-4eff-ae25-f8b8c2de319b
2023-11-06 09:26:44,754 [RatisPipelineUtilsThread-0] INFO  pipeline.BackgroundPipelineCreator (BackgroundPipelineCreator.java:createPipelines(236)) - Created new pipeline Pipeline[ Id: 7117164c-cd12-410d-8962-d7f06cc11252, Nodes: 0e92623e-4dcf-4eff-ae25-f8b8c2de319b(fv-az241-347.2tfxs3cvuluejhi1wdm4o5ef4c.bx.internal.cloudapp.net/10.1.0.6), ReplicationConfig: RATIS/ONE, State:ALLOCATED, leaderId:, CreationTimestamp2023-11-06T09:26:44.751Z[Etc/UTC]]
2023-11-06 09:26:45,742 [main] INFO  ozone.MiniOzoneClusterImpl (MiniOzoneClusterImpl.java:lambda$waitForClusterToBeReady$0(229)) - Nodes are ready. Got 10 of 10 DN Heartbeats.
2023-11-06 09:26:45,742 [main] INFO  ozone.MiniOzoneClusterImpl (MiniOzoneClusterImpl.java:lambda$waitForClusterToBeReady$0(232)) - Waiting for cluster to exit safe mode
2023-11-06 09:26:45,742 [main] INFO  ozone.MiniOzoneClusterImpl (MiniOzoneClusterImpl.java:lambda$waitForClusterToBeReady$0(234)) - SCM became leader
2023-11-06 09:26:46,032 [fedf11b8-0957-422e-880a-91cc26979c7a-PipelineCommandHandlerThread-0] INFO  server.RaftServer (RaftServerProxy.java:addNew(98)) - fedf11b8-0957-422e-880a-91cc26979c7a: addNew group-BD96D7F114B6:[fedf11b8-0957-422e-880a-91cc26979c7a|rpc:10.1.0.6:15014|admin:10.1.0.6:15013|client:10.1.0.6:15012|dataStream:10.1.0.6:15015|priority:1|startupRole:FOLLOWER] returns group-BD96D7F114B6:java.util.concurrent.CompletableFuture@63043392[Not completed]
2023-11-06 09:26:46,044 [fedf11b8-0957-422e-880a-91cc26979c7a-groupManagement] INFO  server.RaftServer$Division (RaftServerImpl.java:<init>(198)) - fedf11b8-0957-422e-880a-91cc26979c7a: new RaftServerImpl for group-BD96D7F114B6:[fedf11b8-0957-422e-880a-91cc26979c7a|rpc:10.1.0.6:15014|admin:10.1.0.6:15013|client:10.1.0.6:15012|dataStream:10.1.0.6:15015|priority:1|startupRole:FOLLOWER] with ContainerStateMachine:uninitialized
2023-11-06 09:26:46,045 [fedf11b8-0957-422e-880a-91cc26979c7a-groupManagement] INFO  server.RaftServerConfigKeys (ConfUtils.java:logGet(46)) - raft.server.rpc.timeout.min = 5s (custom)
2023-11-06 09:26:46,045 [fedf11b8-0957-422e-880a-91cc26979c7a-groupManagement] INFO  server.RaftServerConfigKeys (ConfUtils.java:logGet(46)) - raft.server.rpc.timeout.max = 5200ms (custom)
2023-11-06 09:26:46,045 [fedf11b8-0957-422e-880a-91cc26979c7a-groupManagement] INFO  server.RaftServerConfigKeys (ConfUtils.java:logGet(46)) - raft.server.rpc.sleep.time = 25ms (default)
2023-11-06 09:26:46,045 [fedf11b8-0957-422e-880a-91cc26979c7a-groupManagement] INFO  server.RaftServerConfigKeys (ConfUtils.java:logGet(46)) - raft.server.rpc.slowness.timeout = 300s (custom)
2023-11-06 09:26:46,045 [fedf11b8-0957-422e-880a-91cc26979c7a-groupManagement] INFO  server.RaftServerConfigKeys (ConfUtils.java:logGet(46)) - raft.server.leaderelection.leader.step-down.wait-time = 10s (default)
2023-11-06 09:26:46,045 [fedf11b8-0957-422e-880a-91cc26979c7a-groupManagement] INFO  server.RaftServerConfigKeys (ConfUtils.java:logGet(46)) - raft.server.sleep.deviation.threshold = 300ms (default)
2023-11-06 09:26:46,045 [fedf11b8-0957-422e-880a-91cc26979c7a-groupManagement] INFO  server.RaftServer$Division (ServerState.java:<init>(120)) - fedf11b8-0957-422e-880a-91cc26979c7a@group-BD96D7F114B6: ConfigurationManager, init=-1: peers:[fedf11b8-0957-422e-880a-91cc26979c7a|rpc:10.1.0.6:15014|admin:10.1.0.6:15013|client:10.1.0.6:15012|dataStream:10.1.0.6:15015|priority:1|startupRole:FOLLOWER]|listeners:[], old=null, confs=<EMPTY_MAP>
2023-11-06 09:26:46,045 [fedf11b8-0957-422e-880a-91cc26979c7a-groupManagement] INFO  server.RaftServerConfigKeys (ConfUtils.java:logGet(46)) - raft.server.storage.dir = [/home/runner/work/ozone/ozone/hadoop-ozone/integration-test/target/test-dir/MiniOzoneClusterImpl-938474ea-96d6-4bd3-a45f-678920fb0bb2/datanode-0/data/ratis] (custom)
2023-11-06 09:26:46,045 [fedf11b8-0957-422e-880a-91cc26979c7a-groupManagement] INFO  server.RaftServerConfigKeys (ConfUtils.java:logGet(46)) - raft.server.log.corruption.policy = EXCEPTION (default)
2023-11-06 09:26:46,046 [fedf11b8-0957-422e-880a-91cc26979c7a-groupManagement] INFO  server.RaftServerConfigKeys (ConfUtils.java:logGet(46)) - raft.server.storage.free-space.min = 0MB (=0) (default)
2023-11-06 09:26:46,046 [fedf11b8-0957-422e-880a-91cc26979c7a-groupManagement] INFO  server.RaftServerConfigKeys (ConfUtils.java:logGet(46)) - raft.server.notification.no-leader.timeout = 300s (custom)
2023-11-06 09:26:46,046 [fedf11b8-0957-422e-880a-91cc26979c7a-groupManagement] INFO  server.RaftServerConfigKeys (ConfUtils.java:logGet(46)) - raft.server.read.timeout = 10s (default)
2023-11-06 09:26:46,046 [fedf11b8-0957-422e-880a-91cc26979c7a-groupManagement] INFO  server.RaftServerConfigKeys (ConfUtils.java:logGet(46)) - raft.server.retrycache.expirytime = 600000ms (custom)
2023-11-06 09:26:46,046 [fedf11b8-0957-422e-880a-91cc26979c7a-groupManagement] INFO  server.RaftServerConfigKeys (ConfUtils.java:logGet(46)) - raft.server.retrycache.statistics.expirytime = 100μs (default)
2023-11-06 09:26:46,046 [fedf11b8-0957-422e-880a-91cc26979c7a-groupManagement] INFO  server.RaftServerConfigKeys (ConfUtils.java:logGet(46)) - raft.server.read.option = DEFAULT (default)
2023-11-06 09:26:46,050 [fedf11b8-0957-422e-880a-91cc26979c7a-groupManagement] INFO  server.RaftServerConfigKeys (ConfUtils.java:logGet(46)) - raft.server.rpc.request.timeout = 60s (custom)
2023-11-06 09:26:46,050 [fedf11b8-0957-422e-880a-91cc26979c7a-groupManagement] INFO  server.RaftServerConfigKeys (ConfUtils.java:logGet(46)) - raft.server.log.appender.install.snapshot.enabled = false (custom)
2023-11-06 09:26:46,050 [fedf11b8-0957-422e-880a-91cc26979c7a-groupManagement] INFO  server.RaftServerConfigKeys (ConfUtils.java:logGet(46)) - raft.server.threadpool.server.cached = true (default)
2023-11-06 09:26:46,050 [fedf11b8-0957-422e-880a-91cc26979c7a-groupManagement] INFO  server.RaftServerConfigKeys (ConfUtils.java:logGet(46)) - raft.server.threadpool.server.size = 0 (default)
2023-11-06 09:26:46,050 [fedf11b8-0957-422e-880a-91cc26979c7a-groupManagement] INFO  server.RaftServerConfigKeys (ConfUtils.java:logGet(46)) - raft.server.threadpool.client.cached = true (default)
2023-11-06 09:26:46,050 [fedf11b8-0957-422e-880a-91cc26979c7a-groupManagement] INFO  server.RaftServerConfigKeys (ConfUtils.java:logGet(46)) - raft.server.threadpool.client.size = 0 (default)
2023-11-06 09:26:46,050 [fedf11b8-0957-422e-880a-91cc26979c7a-groupManagement] INFO  storage.RaftStorageDirectory (RaftStorageDirectoryImpl.java:analyzeStorage(137)) - The storage directory /home/runner/work/ozone/ozone/hadoop-ozone/integration-test/target/test-dir/MiniOzoneClusterImpl-938474ea-96d6-4bd3-a45f-678920fb0bb2/datanode-0/data/ratis/937df6f7-db1d-471a-b4a9-bd96d7f114b6 does not exist. Creating ...
2023-11-06 09:26:46,053 [fedf11b8-0957-422e-880a-91cc26979c7a-groupManagement] INFO  storage.RaftStorageDirectory (RaftStorageDirectoryImpl.java:tryLock(231)) - Lock on /home/runner/work/ozone/ozone/hadoop-ozone/integration-test/target/test-dir/MiniOzoneClusterImpl-938474ea-96d6-4bd3-a45f-678920fb0bb2/datanode-0/data/ratis/937df6f7-db1d-471a-b4a9-bd96d7f114b6/in_use.lock acquired by nodename 20533@fv-az241-347
2023-11-06 09:26:46,054 [fedf11b8-0957-422e-880a-91cc26979c7a-groupManagement] INFO  storage.RaftStorage (RaftStorageImpl.java:format(96)) - Storage directory /home/runner/work/ozone/ozone/hadoop-ozone/integration-test/target/test-dir/MiniOzoneClusterImpl-938474ea-96d6-4bd3-a45f-678920fb0bb2/datanode-0/data/ratis/937df6f7-db1d-471a-b4a9-bd96d7f114b6 has been successfully formatted.
2023-11-06 09:26:46,060 [fedf11b8-0957-422e-880a-91cc26979c7a-groupManagement] INFO  ratis.ContainerStateMachine (ContainerStateMachine.java:loadSnapshot(269)) - group-BD96D7F114B6: The snapshot info is null. Setting the last applied indexto:(t:0, i:~)
2023-11-06 09:26:46,060 [fedf11b8-0957-422e-880a-91cc26979c7a-groupManagement] INFO  server.RaftServerConfigKeys (ConfUtils.java:logGet(46)) - raft.server.log.use.memory = false (default)
2023-11-06 09:26:46,060 [fedf11b8-0957-422e-880a-91cc26979c7a-groupManagement] INFO  server.RaftServerConfigKeys (ConfUtils.java:logGet(46)) - raft.server.log.purge.gap = 1000000 (custom)
2023-11-06 09:26:46,060 [fedf11b8-0957-422e-880a-91cc26979c7a-groupManagement] INFO  server.RaftServerConfigKeys (ConfUtils.java:logGet(46)) - raft.server.log.appender.buffer.byte-limit = 33554432 (custom)
2023-11-06 09:26:46,060 [fedf11b8-0957-422e-880a-91cc26979c7a-groupManagement] INFO  server.RaftServerConfigKeys (ConfUtils.java:logGet(46)) - raft.server.log.statemachine.data.read.timeout = 1000ms (default)
2023-11-06 09:26:46,060 [fedf11b8-0957-422e-880a-91cc26979c7a-groupManagement] INFO  server.RaftServerConfigKeys (ConfUtils.java:logGet(46)) - raft.server.log.purge.preservation.log.num = 0 (default)
2023-11-06 09:26:46,065 [fedf11b8-0957-422e-880a-91cc26979c7a-groupManagement] INFO  server.RaftServerConfigKeys (ConfUtils.java:logGet(46)) - raft.server.log.segment.size.max = 1048576 (custom)
2023-11-06 09:26:46,068 [EventQueue-PipelineReportForPipelineReportHandler] INFO  pipeline.PipelineReportHandler (PipelineReportHandler.java:processPipelineReport(136)) - Opened pipeline PipelineID=937df6f7-db1d-471a-b4a9-bd96d7f114b6
2023-11-06 09:26:46,071 [fedf11b8-0957-422e-880a-91cc26979c7a-groupManagement] INFO  server.RaftServerConfigKeys (ConfUtils.java:logGet(46)) - raft.server.log.segment.cache.num.max = 2 (custom)
2023-11-06 09:26:46,071 [fedf11b8-0957-422e-880a-91cc26979c7a-groupManagement] INFO  server.RaftServerConfigKeys (ConfUtils.java:logGet(46)) - raft.server.log.segment.cache.size.max = 200MB (=209715200) (default)
2023-11-06 09:26:46,071 [fedf11b8-0957-422e-880a-91cc26979c7a-groupManagement] INFO  server.RaftServerConfigKeys (ConfUtils.java:logGet(46)) - raft.server.log.appender.buffer.byte-limit = 33554432 (custom)
2023-11-06 09:26:46,071 [fedf11b8-0957-422e-880a-91cc26979c7a-groupManagement] INFO  segmented.SegmentedRaftLogWorker (SegmentedRaftLogWorker.java:<init>(188)) - new fedf11b8-0957-422e-880a-91cc26979c7a@group-BD96D7F114B6-SegmentedRaftLogWorker for RaftStorageImpl:Storage Directory /home/runner/work/ozone/ozone/hadoop-ozone/integration-test/target/test-dir/MiniOzoneClusterImpl-938474ea-96d6-4bd3-a45f-678920fb0bb2/datanode-0/data/ratis/937df6f7-db1d-471a-b4a9-bd96d7f114b6
2023-11-06 09:26:46,072 [fedf11b8-0957-422e-880a-91cc26979c7a-groupManagement] INFO  server.RaftServerConfigKeys (ConfUtils.java:logGet(46)) - raft.server.log.queue.byte-limit = 4294967296 (custom)
2023-11-06 09:26:46,072 [fedf11b8-0957-422e-880a-91cc26979c7a-groupManagement] INFO  server.RaftServerConfigKeys (ConfUtils.java:logGet(46)) - raft.server.log.queue.element-limit = 1024 (custom)
2023-11-06 09:26:46,072 [fedf11b8-0957-422e-880a-91cc26979c7a-groupManagement] INFO  server.RaftServerConfigKeys (ConfUtils.java:logGet(46)) - raft.server.log.segment.size.max = 1048576 (custom)
2023-11-06 09:26:46,072 [fedf11b8-0957-422e-880a-91cc26979c7a-groupManagement] INFO  server.RaftServerConfigKeys (ConfUtils.java:logGet(46)) - raft.server.log.preallocated.size = 16384 (custom)
2023-11-06 09:26:46,072 [fedf11b8-0957-422e-880a-91cc26979c7a-groupManagement] INFO  server.RaftServerConfigKeys (ConfUtils.java:logGet(46)) - raft.server.log.force.sync.num = 128 (default)
2023-11-06 09:26:46,072 [fedf11b8-0957-422e-880a-91cc26979c7a-groupManagement] INFO  server.RaftServerConfigKeys (ConfUtils.java:logGet(46)) - raft.server.log.statemachine.data.sync = true (default)
2023-11-06 09:26:46,072 [fedf11b8-0957-422e-880a-91cc26979c7a-groupManagement] INFO  server.RaftServerConfigKeys (ConfUtils.java:logGet(46)) - raft.server.log.statemachine.data.sync.timeout = 10s (default)
2023-11-06 09:26:46,072 [fedf11b8-0957-422e-880a-91cc26979c7a-groupManagement] INFO  server.RaftServerConfigKeys (ConfUtils.java:logGet(46)) - raft.server.log.statemachine.data.sync.timeout.retry = -1 (default)
2023-11-06 09:26:46,073 [EventQueue-OpenPipelineForHealthyPipelineSafeModeRule] INFO  safemode.SCMSafeModeManager (HealthyPipelineSafeModeRule.java:process(137)) - SCM in safe mode. Healthy pipelines reported count is 0, required healthy pipeline reported count is 1
2023-11-06 09:26:46,076 [fedf11b8-0957-422e-880a-91cc26979c7a-groupManagement] INFO  server.RaftServerConfigKeys (ConfUtils.java:logGet(46)) - raft.server.log.write.buffer.size = 1048576 (custom)
2023-11-06 09:26:46,077 [fedf11b8-0957-422e-880a-91cc26979c7a-groupManagement] INFO  server.RaftServerConfigKeys (ConfUtils.java:logGet(46)) - raft.server.log.appender.buffer.byte-limit = 33554432 (custom)
2023-11-06 09:26:46,082 [fedf11b8-0957-422e-880a-91cc26979c7a-groupManagement] INFO  server.RaftServerConfigKeys (ConfUtils.java:logGet(46)) - raft.server.log.unsafe-flush.enabled = false (default)
2023-11-06 09:26:46,082 [fedf11b8-0957-422e-880a-91cc26979c7a-groupManagement] INFO  server.RaftServerConfigKeys (ConfUtils.java:logGet(46)) - raft.server.log.async-flush.enabled = false (default)
2023-11-06 09:26:46,082 [fedf11b8-0957-422e-880a-91cc26979c7a-groupManagement] INFO  server.RaftServerConfigKeys (ConfUtils.java:logGet(46)) - raft.server.log.statemachine.data.caching.enabled = true (custom)
2023-11-06 09:26:46,082 [fedf11b8-0957-422e-880a-91cc26979c7a-groupManagement] INFO  segmented.SegmentedRaftLogWorker (SegmentedRaftLogWorker.java:lambda$new$0(135)) - fedf11b8-0957-422e-880a-91cc26979c7a@group-BD96D7F114B6-SegmentedRaftLogWorker: flushIndex: setUnconditionally 0 -> -1
2023-11-06 09:26:46,082 [fedf11b8-0957-422e-880a-91cc26979c7a-groupManagement] INFO  segmented.SegmentedRaftLogWorker (SegmentedRaftLogWorker.java:lambda$new$0(135)) - fedf11b8-0957-422e-880a-91cc26979c7a@group-BD96D7F114B6-SegmentedRaftLogWorker: safeCacheEvictIndex: setUnconditionally 0 -> -1
2023-11-06 09:26:46,083 [fedf11b8-0957-422e-880a-91cc26979c7a-groupManagement] INFO  server.RaftServer$Division (RaftServerImpl.java:start(342)) - fedf11b8-0957-422e-880a-91cc26979c7a@group-BD96D7F114B6: start as a follower, conf=-1: peers:[fedf11b8-0957-422e-880a-91cc26979c7a|rpc:10.1.0.6:15014|admin:10.1.0.6:15013|client:10.1.0.6:15012|dataStream:10.1.0.6:15015|priority:1|startupRole:FOLLOWER]|listeners:[], old=null
2023-11-06 09:26:46,083 [fedf11b8-0957-422e-880a-91cc26979c7a-groupManagement] INFO  server.RaftServer$Division (RaftServerImpl.java:setRole(329)) - fedf11b8-0957-422e-880a-91cc26979c7a@group-BD96D7F114B6: changes role from      null to FOLLOWER at term 0 for startAsFollower
2023-11-06 09:26:46,083 [fedf11b8-0957-422e-880a-91cc26979c7a-groupManagement] INFO  impl.RoleInfo (RoleInfo.java:updateAndGet(139)) - fedf11b8-0957-422e-880a-91cc26979c7a: start fedf11b8-0957-422e-880a-91cc26979c7a@group-BD96D7F114B6-FollowerState
2023-11-06 09:26:46,083 [fedf11b8-0957-422e-880a-91cc26979c7a-groupManagement] INFO  util.JmxRegister (JmxRegister.java:tryRegister(44)) - Successfully registered JMX Bean with object name Ratis:service=RaftServer,group=group-BD96D7F114B6,id=fedf11b8-0957-422e-880a-91cc26979c7a
2023-11-06 09:26:46,083 [fedf11b8-0957-422e-880a-91cc26979c7a-groupManagement] INFO  server.RaftServerConfigKeys (ConfUtils.java:logGet(46)) - raft.server.snapshot.auto.trigger.enabled = true (custom)
2023-11-06 09:26:46,083 [fedf11b8-0957-422e-880a-91cc26979c7a-groupManagement] INFO  server.RaftServerConfigKeys (ConfUtils.java:logGet(46)) - raft.server.snapshot.auto.trigger.threshold = 10000 (custom)
2023-11-06 09:26:46,084 [fedf11b8-0957-422e-880a-91cc26979c7a-groupManagement] INFO  server.RaftServerConfigKeys (ConfUtils.java:logGet(46)) - raft.server.snapshot.retention.file.num = 5 (custom)
2023-11-06 09:26:46,084 [fedf11b8-0957-422e-880a-91cc26979c7a-groupManagement] INFO  server.RaftServerConfigKeys (ConfUtils.java:logGet(46)) - raft.server.log.purge.upto.snapshot.index = false (default)
2023-11-06 09:26:46,097 [fedf11b8-0957-422e-880a-91cc26979c7a@group-BD96D7F114B6-FollowerState] INFO  server.RaftServerConfigKeys (ConfUtils.java:logFallback(53)) - raft.server.rpc.first-election.timeout.min = 5s (fallback to raft.server.rpc.timeout.min)
2023-11-06 09:26:46,097 [fedf11b8-0957-422e-880a-91cc26979c7a@group-BD96D7F114B6-FollowerState] INFO  server.RaftServerConfigKeys (ConfUtils.java:logFallback(53)) - raft.server.rpc.first-election.timeout.max = 5200ms (fallback to raft.server.rpc.timeout.max)
2023-11-06 09:26:46,103 [fedf11b8-0957-422e-880a-91cc26979c7a-PipelineCommandHandlerThread-0] INFO  ratis.XceiverServerRatis (XceiverServerRatis.java:addGroup(805)) - Created group PipelineID=937df6f7-db1d-471a-b4a9-bd96d7f114b6
2023-11-06 09:26:46,103 [fedf11b8-0957-422e-880a-91cc26979c7a-PipelineCommandHandlerThread-0] INFO  commandhandler.CreatePipelineCommandHandler (CreatePipelineCommandHandler.java:lambda$handle$2(124)) - Created Pipeline RATIS ONE PipelineID=937df6f7-db1d-471a-b4a9-bd96d7f114b6.
2023-11-06 09:26:46,104 [fedf11b8-0957-422e-880a-91cc26979c7a-PipelineCommandHandlerThread-0] INFO  server.RaftServer (RaftServerProxy.java:addNew(98)) - fedf11b8-0957-422e-880a-91cc26979c7a: addNew group-3E664A0854E0:[d9016e39-0130-4fd9-896a-cac3c2785d02|rpc:10.1.0.6:15032|admin:10.1.0.6:15031|client:10.1.0.6:15030|dataStream:10.1.0.6:15033|priority:1|startupRole:FOLLOWER, fedf11b8-0957-422e-880a-91cc26979c7a|rpc:10.1.0.6:15014|admin:10.1.0.6:15013|client:10.1.0.6:15012|dataStream:10.1.0.6:15015|priority:0|startupRole:FOLLOWER, 0eeb79a9-13fd-416c-b2a7-6f654c6b5029|rpc:10.1.0.6:15023|admin:10.1.0.6:15022|client:10.1.0.6:15021|dataStream:10.1.0.6:15024|priority:0|startupRole:FOLLOWER] returns group-3E664A0854E0:java.util.concurrent.CompletableFuture@156b0190[Not completed]
2023-11-06 09:26:46,105 [fedf11b8-0957-422e-880a-91cc26979c7a-groupManagement] INFO  server.RaftServer$Division (RaftServerImpl.java:<init>(198)) - fedf11b8-0957-422e-880a-91cc26979c7a: new RaftServerImpl for group-3E664A0854E0:[d9016e39-0130-4fd9-896a-cac3c2785d02|rpc:10.1.0.6:15032|admin:10.1.0.6:15031|client:10.1.0.6:15030|dataStream:10.1.0.6:15033|priority:1|startupRole:FOLLOWER, fedf11b8-0957-422e-880a-91cc26979c7a|rpc:10.1.0.6:15014|admin:10.1.0.6:15013|client:10.1.0.6:15012|dataStream:10.1.0.6:15015|priority:0|startupRole:FOLLOWER, 0eeb79a9-13fd-416c-b2a7-6f654c6b5029|rpc:10.1.0.6:15023|admin:10.1.0.6:15022|client:10.1.0.6:15021|dataStream:10.1.0.6:15024|priority:0|startupRole:FOLLOWER] with ContainerStateMachine:uninitialized
2023-11-06 09:26:46,105 [fedf11b8-0957-422e-880a-91cc26979c7a-groupManagement] INFO  server.RaftServerConfigKeys (ConfUtils.java:logGet(46)) - raft.server.rpc.timeout.min = 5s (custom)
2023-11-06 09:26:46,105 [fedf11b8-0957-422e-880a-91cc26979c7a-groupManagement] INFO  server.RaftServerConfigKeys (ConfUtils.java:logGet(46)) - raft.server.rpc.timeout.max = 5200ms (custom)
2023-11-06 09:26:46,105 [fedf11b8-0957-422e-880a-91cc26979c7a-groupManagement] INFO  server.RaftServerConfigKeys (ConfUtils.java:logGet(46)) - raft.server.rpc.sleep.time = 25ms (default)
2023-11-06 09:26:46,105 [fedf11b8-0957-422e-880a-91cc26979c7a-groupManagement] INFO  server.RaftServerConfigKeys (ConfUtils.java:logGet(46)) - raft.server.rpc.slowness.timeout = 300s (custom)
2023-11-06 09:26:46,105 [fedf11b8-0957-422e-880a-91cc26979c7a-groupManagement] INFO  server.RaftServerConfigKeys (ConfUtils.java:logGet(46)) - raft.server.leaderelection.leader.step-down.wait-time = 10s (default)
2023-11-06 09:26:46,105 [fedf11b8-0957-422e-880a-91cc26979c7a-groupManagement] INFO  server.RaftServerConfigKeys (ConfUtils.java:logGet(46)) - raft.server.sleep.deviation.threshold = 300ms (default)
2023-11-06 09:26:46,105 [fedf11b8-0957-422e-880a-91cc26979c7a-groupManagement] INFO  server.RaftServer$Division (ServerState.java:<init>(120)) - fedf11b8-0957-422e-880a-91cc26979c7a@group-3E664A0854E0: ConfigurationManager, init=-1: peers:[d9016e39-0130-4fd9-896a-cac3c2785d02|rpc:10.1.0.6:15032|admin:10.1.0.6:15031|client:10.1.0.6:15030|dataStream:10.1.0.6:15033|priority:1|startupRole:FOLLOWER, fedf11b8-0957-422e-880a-91cc26979c7a|rpc:10.1.0.6:15014|admin:10.1.0.6:15013|client:10.1.0.6:15012|dataStream:10.1.0.6:15015|priority:0|startupRole:FOLLOWER, 0eeb79a9-13fd-416c-b2a7-6f654c6b5029|rpc:10.1.0.6:15023|admin:10.1.0.6:15022|client:10.1.0.6:15021|dataStream:10.1.0.6:15024|priority:0|startupRole:FOLLOWER]|listeners:[], old=null, confs=<EMPTY_MAP>
2023-11-06 09:26:46,106 [fedf11b8-0957-422e-880a-91cc26979c7a-groupManagement] INFO  server.RaftServerConfigKeys (ConfUtils.java:logGet(46)) - raft.server.storage.dir = [/home/runner/work/ozone/ozone/hadoop-ozone/integration-test/target/test-dir/MiniOzoneClusterImpl-938474ea-96d6-4bd3-a45f-678920fb0bb2/datanode-0/data/ratis] (custom)
2023-11-06 09:26:46,106 [fedf11b8-0957-422e-880a-91cc26979c7a-groupManagement] INFO  server.RaftServerConfigKeys (ConfUtils.java:logGet(46)) - raft.server.log.corruption.policy = EXCEPTION (default)
2023-11-06 09:26:46,106 [fedf11b8-0957-422e-880a-91cc26979c7a-groupManagement] INFO  server.RaftServerConfigKeys (ConfUtils.java:logGet(46)) - raft.server.storage.free-space.min = 0MB (=0) (default)
2023-11-06 09:26:46,106 [fedf11b8-0957-422e-880a-91cc26979c7a-groupManagement] INFO  server.RaftServerConfigKeys (ConfUtils.java:logGet(46)) - raft.server.notification.no-leader.timeout = 300s (custom)
2023-11-06 09:26:46,106 [fedf11b8-0957-422e-880a-91cc26979c7a-groupManagement] INFO  server.RaftServerConfigKeys (ConfUtils.java:logGet(46)) - raft.server.read.timeout = 10s (default)
2023-11-06 09:26:46,106 [fedf11b8-0957-422e-880a-91cc26979c7a-groupManagement] INFO  server.RaftServerConfigKeys (ConfUtils.java:logGet(46)) - raft.server.retrycache.expirytime = 600000ms (custom)
2023-11-06 09:26:46,106 [fedf11b8-0957-422e-880a-91cc26979c7a-groupManagement] INFO  server.RaftServerConfigKeys (ConfUtils.java:logGet(46)) - raft.server.retrycache.statistics.expirytime = 100μs (default)
2023-11-06 09:26:46,106 [fedf11b8-0957-422e-880a-91cc26979c7a-groupManagement] INFO  server.RaftServerConfigKeys (ConfUtils.java:logGet(46)) - raft.server.read.option = DEFAULT (default)
2023-11-06 09:26:46,109 [fedf11b8-0957-422e-880a-91cc26979c7a-groupManagement] INFO  server.RaftServerConfigKeys (ConfUtils.java:logGet(46)) - raft.server.rpc.request.timeout = 60s (custom)
2023-11-06 09:26:46,109 [fedf11b8-0957-422e-880a-91cc26979c7a-groupManagement] INFO  server.RaftServerConfigKeys (ConfUtils.java:logGet(46)) - raft.server.log.appender.install.snapshot.enabled = false (custom)
2023-11-06 09:26:46,109 [fedf11b8-0957-422e-880a-91cc26979c7a-groupManagement] INFO  server.RaftServerConfigKeys (ConfUtils.java:logGet(46)) - raft.server.threadpool.server.cached = true (default)
2023-11-06 09:26:46,109 [fedf11b8-0957-422e-880a-91cc26979c7a-groupManagement] INFO  server.RaftServerConfigKeys (ConfUtils.java:logGet(46)) - raft.server.threadpool.server.size = 0 (default)
2023-11-06 09:26:46,109 [fedf11b8-0957-422e-880a-91cc26979c7a-groupManagement] INFO  server.RaftServerConfigKeys (ConfUtils.java:logGet(46)) - raft.server.threadpool.client.cached = true (default)
2023-11-06 09:26:46,109 [fedf11b8-0957-422e-880a-91cc26979c7a-groupManagement] INFO  server.RaftServerConfigKeys (ConfUtils.java:logGet(46)) - raft.server.threadpool.client.size = 0 (default)
2023-11-06 09:26:46,109 [fedf11b8-0957-422e-880a-91cc26979c7a-groupManagement] INFO  storage.RaftStorageDirectory (RaftStorageDirectoryImpl.java:analyzeStorage(137)) - The storage directory /home/runner/work/ozone/ozone/hadoop-ozone/integration-test/target/test-dir/MiniOzoneClusterImpl-938474ea-96d6-4bd3-a45f-678920fb0bb2/datanode-0/data/ratis/d6c272c6-0f48-426a-923d-3e664a0854e0 does not exist. Creating ...
2023-11-06 09:26:46,110 [fedf11b8-0957-422e-880a-91cc26979c7a-groupManagement] INFO  storage.RaftStorageDirectory (RaftStorageDirectoryImpl.java:tryLock(231)) - Lock on /home/runner/work/ozone/ozone/hadoop-ozone/integration-test/target/test-dir/MiniOzoneClusterImpl-938474ea-96d6-4bd3-a45f-678920fb0bb2/datanode-0/data/ratis/d6c272c6-0f48-426a-923d-3e664a0854e0/in_use.lock acquired by nodename 20533@fv-az241-347
2023-11-06 09:26:46,111 [fedf11b8-0957-422e-880a-91cc26979c7a-groupManagement] INFO  storage.RaftStorage (RaftStorageImpl.java:format(96)) - Storage directory /home/runner/work/ozone/ozone/hadoop-ozone/integration-test/target/test-dir/MiniOzoneClusterImpl-938474ea-96d6-4bd3-a45f-678920fb0bb2/datanode-0/data/ratis/d6c272c6-0f48-426a-923d-3e664a0854e0 has been successfully formatted.
2023-11-06 09:26:46,113 [fedf11b8-0957-422e-880a-91cc26979c7a-groupManagement] INFO  ratis.ContainerStateMachine (ContainerStateMachine.java:loadSnapshot(269)) - group-3E664A0854E0: The snapshot info is null. Setting the last applied indexto:(t:0, i:~)
2023-11-06 09:26:46,113 [fedf11b8-0957-422e-880a-91cc26979c7a-groupManagement] INFO  server.RaftServerConfigKeys (ConfUtils.java:logGet(46)) - raft.server.log.use.memory = false (default)
2023-11-06 09:26:46,114 [fedf11b8-0957-422e-880a-91cc26979c7a-groupManagement] INFO  server.RaftServerConfigKeys (ConfUtils.java:logGet(46)) - raft.server.log.purge.gap = 1000000 (custom)
2023-11-06 09:26:46,114 [fedf11b8-0957-422e-880a-91cc26979c7a-groupManagement] INFO  server.RaftServerConfigKeys (ConfUtils.java:logGet(46)) - raft.server.log.appender.buffer.byte-limit = 33554432 (custom)
2023-11-06 09:26:46,114 [fedf11b8-0957-422e-880a-91cc26979c7a-groupManagement] INFO  server.RaftServerConfigKeys (ConfUtils.java:logGet(46)) - raft.server.log.statemachine.data.read.timeout = 1000ms (default)
2023-11-06 09:26:46,114 [fedf11b8-0957-422e-880a-91cc26979c7a-groupManagement] INFO  server.RaftServerConfigKeys (ConfUtils.java:logGet(46)) - raft.server.log.purge.preservation.log.num = 0 (default)
2023-11-06 09:26:46,114 [fedf11b8-0957-422e-880a-91cc26979c7a-groupManagement] INFO  server.RaftServerConfigKeys (ConfUtils.java:logGet(46)) - raft.server.log.segment.size.max = 1048576 (custom)
2023-11-06 09:26:46,114 [EventQueue-OpenPipelineForHealthyPipelineSafeModeRule] INFO  safemode.SCMSafeModeManager (HealthyPipelineSafeModeRule.java:process(137)) - SCM in safe mode. Healthy pipelines reported count is 0, required healthy pipeline reported count is 1
2023-11-06 09:26:46,118 [fedf11b8-0957-422e-880a-91cc26979c7a-groupManagement] INFO  server.RaftServerConfigKeys (ConfUtils.java:logGet(46)) - raft.server.log.segment.cache.num.max = 2 (custom)
2023-11-06 09:26:46,118 [fedf11b8-0957-422e-880a-91cc26979c7a-groupManagement] INFO  server.RaftServerConfigKeys (ConfUtils.java:logGet(46)) - raft.server.log.segment.cache.size.max = 200MB (=209715200) (default)
2023-11-06 09:26:46,118 [fedf11b8-0957-422e-880a-91cc26979c7a-groupManagement] INFO  server.RaftServerConfigKeys (ConfUtils.java:logGet(46)) - raft.server.log.appender.buffer.byte-limit = 33554432 (custom)
2023-11-06 09:26:46,118 [fedf11b8-0957-422e-880a-91cc26979c7a-groupManagement] INFO  segmented.SegmentedRaftLogWorker (SegmentedRaftLogWorker.java:<init>(188)) - new fedf11b8-0957-422e-880a-91cc26979c7a@group-3E664A0854E0-SegmentedRaftLogWorker for RaftStorageImpl:Storage Directory /home/runner/work/ozone/ozone/hadoop-ozone/integration-test/target/test-dir/MiniOzoneClusterImpl-938474ea-96d6-4bd3-a45f-678920fb0bb2/datanode-0/data/ratis/d6c272c6-0f48-426a-923d-3e664a0854e0
2023-11-06 09:26:46,118 [fedf11b8-0957-422e-880a-91cc26979c7a-groupManagement] INFO  server.RaftServerConfigKeys (ConfUtils.java:logGet(46)) - raft.server.log.queue.byte-limit = 4294967296 (custom)
2023-11-06 09:26:46,118 [fedf11b8-0957-422e-880a-91cc26979c7a-groupManagement] INFO  server.RaftServerConfigKeys (ConfUtils.java:logGet(46)) - raft.server.log.queue.element-limit = 1024 (custom)
2023-11-06 09:26:46,118 [fedf11b8-0957-422e-880a-91cc26979c7a-groupManagement] INFO  server.RaftServerConfigKeys (ConfUtils.java:logGet(46)) - raft.server.log.segment.size.max = 1048576 (custom)
2023-11-06 09:26:46,119 [fedf11b8-0957-422e-880a-91cc26979c7a-groupManagement] INFO  server.RaftServerConfigKeys (ConfUtils.java:logGet(46)) - raft.server.log.preallocated.size = 16384 (custom)
2023-11-06 09:26:46,119 [fedf11b8-0957-422e-880a-91cc26979c7a-groupManagement] INFO  server.RaftServerConfigKeys (ConfUtils.java:logGet(46)) - raft.server.log.force.sync.num = 128 (default)
2023-11-06 09:26:46,119 [fedf11b8-0957-422e-880a-91cc26979c7a-groupManagement] INFO  server.RaftServerConfigKeys (ConfUtils.java:logGet(46)) - raft.server.log.statemachine.data.sync = true (default)
2023-11-06 09:26:46,119 [fedf11b8-0957-422e-880a-91cc26979c7a-groupManagement] INFO  server.RaftServerConfigKeys (ConfUtils.java:logGet(46)) - raft.server.log.statemachine.data.sync.timeout = 10s (default)
2023-11-06 09:26:46,119 [fedf11b8-0957-422e-880a-91cc26979c7a-groupManagement] INFO  server.RaftServerConfigKeys (ConfUtils.java:logGet(46)) - raft.server.log.statemachine.data.sync.timeout.retry = -1 (default)
2023-11-06 09:26:46,124 [fedf11b8-0957-422e-880a-91cc26979c7a-groupManagement] INFO  server.RaftServerConfigKeys (ConfUtils.java:logGet(46)) - raft.server.log.write.buffer.size = 1048576 (custom)
2023-11-06 09:26:46,124 [fedf11b8-0957-422e-880a-91cc26979c7a-groupManagement] INFO  server.RaftServerConfigKeys (ConfUtils.java:logGet(46)) - raft.server.log.appender.buffer.byte-limit = 33554432 (custom)
2023-11-06 09:26:46,130 [fedf11b8-0957-422e-880a-91cc26979c7a-groupManagement] INFO  server.RaftServerConfigKeys (ConfUtils.java:logGet(46)) - raft.server.log.unsafe-flush.enabled = false (default)
2023-11-06 09:26:46,131 [fedf11b8-0957-422e-880a-91cc26979c7a-groupManagement] INFO  server.RaftServerConfigKeys (ConfUtils.java:logGet(46)) - raft.server.log.async-flush.enabled = false (default)
2023-11-06 09:26:46,131 [fedf11b8-0957-422e-880a-91cc26979c7a-groupManagement] INFO  server.RaftServerConfigKeys (ConfUtils.java:logGet(46)) - raft.server.log.statemachine.data.caching.enabled = true (custom)
2023-11-06 09:26:46,131 [fedf11b8-0957-422e-880a-91cc26979c7a-groupManagement] INFO  segmented.SegmentedRaftLogWorker (SegmentedRaftLogWorker.java:lambda$new$0(135)) - fedf11b8-0957-422e-880a-91cc26979c7a@group-3E664A0854E0-SegmentedRaftLogWorker: flushIndex: setUnconditionally 0 -> -1
2023-11-06 09:26:46,131 [fedf11b8-0957-422e-880a-91cc26979c7a-groupManagement] INFO  segmented.SegmentedRaftLogWorker (SegmentedRaftLogWorker.java:lambda$new$0(135)) - fedf11b8-0957-422e-880a-91cc26979c7a@group-3E664A0854E0-SegmentedRaftLogWorker: safeCacheEvictIndex: setUnconditionally 0 -> -1
2023-11-06 09:26:46,131 [fedf11b8-0957-422e-880a-91cc26979c7a-groupManagement] INFO  server.RaftServer$Division (RaftServerImpl.java:start(342)) - fedf11b8-0957-422e-880a-91cc26979c7a@group-3E664A0854E0: start as a follower, conf=-1: peers:[d9016e39-0130-4fd9-896a-cac3c2785d02|rpc:10.1.0.6:15032|admin:10.1.0.6:15031|client:10.1.0.6:15030|dataStream:10.1.0.6:15033|priority:1|startupRole:FOLLOWER, fedf11b8-0957-422e-880a-91cc26979c7a|rpc:10.1.0.6:15014|admin:10.1.0.6:15013|client:10.1.0.6:15012|dataStream:10.1.0.6:15015|priority:0|startupRole:FOLLOWER, 0eeb79a9-13fd-416c-b2a7-6f654c6b5029|rpc:10.1.0.6:15023|admin:10.1.0.6:15022|client:10.1.0.6:15021|dataStream:10.1.0.6:15024|priority:0|startupRole:FOLLOWER]|listeners:[], old=null
2023-11-06 09:26:46,131 [fedf11b8-0957-422e-880a-91cc26979c7a-groupManagement] INFO  server.RaftServer$Division (RaftServerImpl.java:setRole(329)) - fedf11b8-0957-422e-880a-91cc26979c7a@group-3E664A0854E0: changes role from      null to FOLLOWER at term 0 for startAsFollower
2023-11-06 09:26:46,131 [fedf11b8-0957-422e-880a-91cc26979c7a-groupManagement] INFO  impl.RoleInfo (RoleInfo.java:updateAndGet(139)) - fedf11b8-0957-422e-880a-91cc26979c7a: start fedf11b8-0957-422e-880a-91cc26979c7a@group-3E664A0854E0-FollowerState
2023-11-06 09:26:46,132 [fedf11b8-0957-422e-880a-91cc26979c7a-groupManagement] INFO  util.JmxRegister (JmxRegister.java:tryRegister(44)) - Successfully registered JMX Bean with object name Ratis:service=RaftServer,group=group-3E664A0854E0,id=fedf11b8-0957-422e-880a-91cc26979c7a
2023-11-06 09:26:46,132 [fedf11b8-0957-422e-880a-91cc26979c7a-groupManagement] INFO  server.RaftServerConfigKeys (ConfUtils.java:logGet(46)) - raft.server.snapshot.auto.trigger.enabled = true (custom)
2023-11-06 09:26:46,132 [fedf11b8-0957-422e-880a-91cc26979c7a-groupManagement] INFO  server.RaftServerConfigKeys (ConfUtils.java:logGet(46)) - raft.server.snapshot.auto.trigger.threshold = 10000 (custom)
2023-11-06 09:26:46,132 [fedf11b8-0957-422e-880a-91cc26979c7a-groupManagement] INFO  server.RaftServerConfigKeys (ConfUtils.java:logGet(46)) - raft.server.snapshot.retention.file.num = 5 (custom)
2023-11-06 09:26:46,132 [fedf11b8-0957-422e-880a-91cc26979c7a-groupManagement] INFO  server.RaftServerConfigKeys (ConfUtils.java:logGet(46)) - raft.server.log.purge.upto.snapshot.index = false (default)
2023-11-06 09:26:46,134 [fedf11b8-0957-422e-880a-91cc26979c7a@group-3E664A0854E0-FollowerState] INFO  server.RaftServerConfigKeys (ConfUtils.java:logFallback(53)) - raft.server.rpc.first-election.timeout.min = 5s (fallback to raft.server.rpc.timeout.min)
2023-11-06 09:26:46,138 [fedf11b8-0957-422e-880a-91cc26979c7a@group-3E664A0854E0-FollowerState] INFO  server.RaftServerConfigKeys (ConfUtils.java:logFallback(53)) - raft.server.rpc.first-election.timeout.max = 5200ms (fallback to raft.server.rpc.timeout.max)
2023-11-06 09:26:46,138 [fedf11b8-0957-422e-880a-91cc26979c7a-PipelineCommandHandlerThread-0] INFO  ratis.XceiverServerRatis (XceiverServerRatis.java:addGroup(805)) - Created group PipelineID=d6c272c6-0f48-426a-923d-3e664a0854e0
2023-11-06 09:26:46,296 [0eeb79a9-13fd-416c-b2a7-6f654c6b5029-PipelineCommandHandlerThread-0] INFO  server.RaftServer (RaftServerProxy.java:addNew(98)) - 0eeb79a9-13fd-416c-b2a7-6f654c6b5029: addNew group-5FD2B077ACB6:[0eeb79a9-13fd-416c-b2a7-6f654c6b5029|rpc:10.1.0.6:15023|admin:10.1.0.6:15022|client:10.1.0.6:15021|dataStream:10.1.0.6:15024|priority:1|startupRole:FOLLOWER] returns group-5FD2B077ACB6:java.util.concurrent.CompletableFuture@349ee897[Not completed]
2023-11-06 09:26:46,298 [0eeb79a9-13fd-416c-b2a7-6f654c6b5029-groupManagement] INFO  server.RaftServer$Division (RaftServerImpl.java:<init>(198)) - 0eeb79a9-13fd-416c-b2a7-6f654c6b5029: new RaftServerImpl for group-5FD2B077ACB6:[0eeb79a9-13fd-416c-b2a7-6f654c6b5029|rpc:10.1.0.6:15023|admin:10.1.0.6:15022|client:10.1.0.6:15021|dataStream:10.1.0.6:15024|priority:1|startupRole:FOLLOWER] with ContainerStateMachine:uninitialized
2023-11-06 09:26:46,299 [0eeb79a9-13fd-416c-b2a7-6f654c6b5029-groupManagement] INFO  server.RaftServerConfigKeys (ConfUtils.java:logGet(46)) - raft.server.rpc.timeout.min = 5s (custom)
2023-11-06 09:26:46,299 [0eeb79a9-13fd-416c-b2a7-6f654c6b5029-groupManagement] INFO  server.RaftServerConfigKeys (ConfUtils.java:logGet(46)) - raft.server.rpc.timeout.max = 5200ms (custom)
2023-11-06 09:26:46,299 [0eeb79a9-13fd-416c-b2a7-6f654c6b5029-groupManagement] INFO  server.RaftServerConfigKeys (ConfUtils.java:logGet(46)) - raft.server.rpc.sleep.time = 25ms (default)
2023-11-06 09:26:46,300 [0eeb79a9-13fd-416c-b2a7-6f654c6b5029-groupManagement] INFO  server.RaftServerConfigKeys (ConfUtils.java:logGet(46)) - raft.server.rpc.slowness.timeout = 300s (custom)
2023-11-06 09:26:46,300 [0eeb79a9-13fd-416c-b2a7-6f654c6b5029-groupManagement] INFO  server.RaftServerConfigKeys (ConfUtils.java:logGet(46)) - raft.server.leaderelection.leader.step-down.wait-time = 10s (default)
2023-11-06 09:26:46,300 [0eeb79a9-13fd-416c-b2a7-6f654c6b5029-groupManagement] INFO  server.RaftServerConfigKeys (ConfUtils.java:logGet(46)) - raft.server.sleep.deviation.threshold = 300ms (default)
2023-11-06 09:26:46,301 [0eeb79a9-13fd-416c-b2a7-6f654c6b5029-groupManagement] INFO  server.RaftServer$Division (ServerState.java:<init>(120)) - 0eeb79a9-13fd-416c-b2a7-6f654c6b5029@group-5FD2B077ACB6: ConfigurationManager, init=-1: peers:[0eeb79a9-13fd-416c-b2a7-6f654c6b5029|rpc:10.1.0.6:15023|admin:10.1.0.6:15022|client:10.1.0.6:15021|dataStream:10.1.0.6:15024|priority:1|startupRole:FOLLOWER]|listeners:[], old=null, confs=<EMPTY_MAP>
2023-11-06 09:26:46,301 [0eeb79a9-13fd-416c-b2a7-6f654c6b5029-groupManagement] INFO  server.RaftServerConfigKeys (ConfUtils.java:logGet(46)) - raft.server.storage.dir = [/home/runner/work/ozone/ozone/hadoop-ozone/integration-test/target/test-dir/MiniOzoneClusterImpl-938474ea-96d6-4bd3-a45f-678920fb0bb2/datanode-1/data/ratis] (custom)
2023-11-06 09:26:46,302 [0eeb79a9-13fd-416c-b2a7-6f654c6b5029-groupManagement] INFO  server.RaftServerConfigKeys (ConfUtils.java:logGet(46)) - raft.server.log.corruption.policy = EXCEPTION (default)
2023-11-06 09:26:46,302 [0eeb79a9-13fd-416c-b2a7-6f654c6b5029-groupManagement] INFO  server.RaftServerConfigKeys (ConfUtils.java:logGet(46)) - raft.server.storage.free-space.min = 0MB (=0) (default)
2023-11-06 09:26:46,302 [0eeb79a9-13fd-416c-b2a7-6f654c6b5029-groupManagement] INFO  server.RaftServerConfigKeys (ConfUtils.java:logGet(46)) - raft.server.notification.no-leader.timeout = 300s (custom)
2023-11-06 09:26:46,303 [0eeb79a9-13fd-416c-b2a7-6f654c6b5029-groupManagement] INFO  server.RaftServerConfigKeys (ConfUtils.java:logGet(46)) - raft.server.read.timeout = 10s (default)
2023-11-06 09:26:46,303 [0eeb79a9-13fd-416c-b2a7-6f654c6b5029-groupManagement] INFO  server.RaftServerConfigKeys (ConfUtils.java:logGet(46)) - raft.server.retrycache.expirytime = 600000ms (custom)
2023-11-06 09:26:46,304 [0eeb79a9-13fd-416c-b2a7-6f654c6b5029-groupManagement] INFO  server.RaftServerConfigKeys (ConfUtils.java:logGet(46)) - raft.server.retrycache.statistics.expirytime = 100μs (default)
2023-11-06 09:26:46,304 [0eeb79a9-13fd-416c-b2a7-6f654c6b5029-groupManagement] INFO  server.RaftServerConfigKeys (ConfUtils.java:logGet(46)) - raft.server.read.option = DEFAULT (default)
2023-11-06 09:26:46,308 [0eeb79a9-13fd-416c-b2a7-6f654c6b5029-groupManagement] INFO  server.RaftServerConfigKeys (ConfUtils.java:logGet(46)) - raft.server.rpc.request.timeout = 60s (custom)
2023-11-06 09:26:46,311 [0eeb79a9-13fd-416c-b2a7-6f654c6b5029-groupManagement] INFO  server.RaftServerConfigKeys (ConfUtils.java:logGet(46)) - raft.server.log.appender.install.snapshot.enabled = false (custom)
2023-11-06 09:26:46,316 [0eeb79a9-13fd-416c-b2a7-6f654c6b5029-groupManagement] INFO  server.RaftServerConfigKeys (ConfUtils.java:logGet(46)) - raft.server.threadpool.server.cached = true (default)
2023-11-06 09:26:46,316 [0eeb79a9-13fd-416c-b2a7-6f654c6b5029-groupManagement] INFO  server.RaftServerConfigKeys (ConfUtils.java:logGet(46)) - raft.server.threadpool.server.size = 0 (default)
2023-11-06 09:26:46,316 [0eeb79a9-13fd-416c-b2a7-6f654c6b5029-groupManagement] INFO  server.RaftServerConfigKeys (ConfUtils.java:logGet(46)) - raft.server.threadpool.client.cached = true (default)
2023-11-06 09:26:46,317 [0eeb79a9-13fd-416c-b2a7-6f654c6b5029-groupManagement] INFO  server.RaftServerConfigKeys (ConfUtils.java:logGet(46)) - raft.server.threadpool.client.size = 0 (default)
2023-11-06 09:26:46,320 [0eeb79a9-13fd-416c-b2a7-6f654c6b5029-groupManagement] INFO  storage.RaftStorageDirectory (RaftStorageDirectoryImpl.java:analyzeStorage(137)) - The storage directory /home/runner/work/ozone/ozone/hadoop-ozone/integration-test/target/test-dir/MiniOzoneClusterImpl-938474ea-96d6-4bd3-a45f-678920fb0bb2/datanode-1/data/ratis/2c2e71b0-cf69-4675-ac6c-5fd2b077acb6 does not exist. Creating ...
2023-11-06 09:26:46,324 [0eeb79a9-13fd-416c-b2a7-6f654c6b5029-groupManagement] INFO  storage.RaftStorageDirectory (RaftStorageDirectoryImpl.java:tryLock(231)) - Lock on /home/runner/work/ozone/ozone/hadoop-ozone/integration-test/target/test-dir/MiniOzoneClusterImpl-938474ea-96d6-4bd3-a45f-678920fb0bb2/datanode-1/data/ratis/2c2e71b0-cf69-4675-ac6c-5fd2b077acb6/in_use.lock acquired by nodename 20533@fv-az241-347
2023-11-06 09:26:46,325 [0eeb79a9-13fd-416c-b2a7-6f654c6b5029-groupManagement] INFO  storage.RaftStorage (RaftStorageImpl.java:format(96)) - Storage directory /home/runner/work/ozone/ozone/hadoop-ozone/integration-test/target/test-dir/MiniOzoneClusterImpl-938474ea-96d6-4bd3-a45f-678920fb0bb2/datanode-1/data/ratis/2c2e71b0-cf69-4675-ac6c-5fd2b077acb6 has been successfully formatted.
2023-11-06 09:26:46,331 [EventQueue-PipelineReportForPipelineReportHandler] INFO  pipeline.PipelineReportHandler (PipelineReportHandler.java:processPipelineReport(136)) - Opened pipeline PipelineID=2c2e71b0-cf69-4675-ac6c-5fd2b077acb6
2023-11-06 09:26:46,331 [EventQueue-OpenPipelineForHealthyPipelineSafeModeRule] INFO  safemode.SCMSafeModeManager (HealthyPipelineSafeModeRule.java:process(137)) - SCM in safe mode. Healthy pipelines reported count is 0, required healthy pipeline reported count is 1
2023-11-06 09:26:46,330 [0eeb79a9-13fd-416c-b2a7-6f654c6b5029-groupManagement] INFO  ratis.ContainerStateMachine (ContainerStateMachine.java:loadSnapshot(269)) - group-5FD2B077ACB6: The snapshot info is null. Setting the last applied indexto:(t:0, i:~)
2023-11-06 09:26:46,337 [0eeb79a9-13fd-416c-b2a7-6f654c6b5029-groupManagement] INFO  server.RaftServerConfigKeys (ConfUtils.java:logGet(46)) - raft.server.log.use.memory = false (default)
2023-11-06 09:26:46,337 [0eeb79a9-13fd-416c-b2a7-6f654c6b5029-groupManagement] INFO  server.RaftServerConfigKeys (ConfUtils.java:logGet(46)) - raft.server.log.purge.gap = 1000000 (custom)
2023-11-06 09:26:46,337 [0eeb79a9-13fd-416c-b2a7-6f654c6b5029-groupManagement] INFO  server.RaftServerConfigKeys (ConfUtils.java:logGet(46)) - raft.server.log.appender.buffer.byte-limit = 33554432 (custom)
2023-11-06 09:26:46,337 [0eeb79a9-13fd-416c-b2a7-6f654c6b5029-groupManagement] INFO  server.RaftServerConfigKeys (ConfUtils.java:logGet(46)) - raft.server.log.statemachine.data.read.timeout = 1000ms (default)
2023-11-06 09:26:46,338 [0eeb79a9-13fd-416c-b2a7-6f654c6b5029-groupManagement] INFO  server.RaftServerConfigKeys (ConfUtils.java:logGet(46)) - raft.server.log.purge.preservation.log.num = 0 (default)
2023-11-06 09:26:46,338 [0eeb79a9-13fd-416c-b2a7-6f654c6b5029-groupManagement] INFO  server.RaftServerConfigKeys (ConfUtils.java:logGet(46)) - raft.server.log.segment.size.max = 1048576 (custom)
2023-11-06 09:26:46,338 [0eeb79a9-13fd-416c-b2a7-6f654c6b5029-groupManagement] INFO  server.RaftServerConfigKeys (ConfUtils.java:logGet(46)) - raft.server.log.segment.cache.num.max = 2 (custom)
2023-11-06 09:26:46,339 [0eeb79a9-13fd-416c-b2a7-6f654c6b5029-groupManagement] INFO  server.RaftServerConfigKeys (ConfUtils.java:logGet(46)) - raft.server.log.segment.cache.size.max = 200MB (=209715200) (default)
2023-11-06 09:26:46,339 [0eeb79a9-13fd-416c-b2a7-6f654c6b5029-groupManagement] INFO  server.RaftServerConfigKeys (ConfUtils.java:logGet(46)) - raft.server.log.appender.buffer.byte-limit = 33554432 (custom)
2023-11-06 09:26:46,339 [0eeb79a9-13fd-416c-b2a7-6f654c6b5029-groupManagement] INFO  segmented.SegmentedRaftLogWorker (SegmentedRaftLogWorker.java:<init>(188)) - new 0eeb79a9-13fd-416c-b2a7-6f654c6b5029@group-5FD2B077ACB6-SegmentedRaftLogWorker for RaftStorageImpl:Storage Directory /home/runner/work/ozone/ozone/hadoop-ozone/integration-test/target/test-dir/MiniOzoneClusterImpl-938474ea-96d6-4bd3-a45f-678920fb0bb2/datanode-1/data/ratis/2c2e71b0-cf69-4675-ac6c-5fd2b077acb6
2023-11-06 09:26:46,339 [0eeb79a9-13fd-416c-b2a7-6f654c6b5029-groupManagement] INFO  server.RaftServerConfigKeys (ConfUtils.java:logGet(46)) - raft.server.log.queue.byte-limit = 4294967296 (custom)
2023-11-06 09:26:46,340 [0eeb79a9-13fd-416c-b2a7-6f654c6b5029-groupManagement] INFO  server.RaftServerConfigKeys (ConfUtils.java:logGet(46)) - raft.server.log.queue.element-limit = 1024 (custom)
2023-11-06 09:26:46,340 [0eeb79a9-13fd-416c-b2a7-6f654c6b5029-groupManagement] INFO  server.RaftServerConfigKeys (ConfUtils.java:logGet(46)) - raft.server.log.segment.size.max = 1048576 (custom)
2023-11-06 09:26:46,340 [0eeb79a9-13fd-416c-b2a7-6f654c6b5029-groupManagement] INFO  server.RaftServerConfigKeys (ConfUtils.java:logGet(46)) - raft.server.log.preallocated.size = 16384 (custom)
2023-11-06 09:26:46,340 [0eeb79a9-13fd-416c-b2a7-6f654c6b5029-groupManagement] INFO  server.RaftServerConfigKeys (ConfUtils.java:logGet(46)) - raft.server.log.force.sync.num = 128 (default)
2023-11-06 09:26:46,340 [0eeb79a9-13fd-416c-b2a7-6f654c6b5029-groupManagement] INFO  server.RaftServerConfigKeys (ConfUtils.java:logGet(46)) - raft.server.log.statemachine.data.sync = true (default)
2023-11-06 09:26:46,340 [0eeb79a9-13fd-416c-b2a7-6f654c6b5029-groupManagement] INFO  server.RaftServerConfigKeys (ConfUtils.java:logGet(46)) - raft.server.log.statemachine.data.sync.timeout = 10s (default)
2023-11-06 09:26:46,340 [0eeb79a9-13fd-416c-b2a7-6f654c6b5029-groupManagement] INFO  server.RaftServerConfigKeys (ConfUtils.java:logGet(46)) - raft.server.log.statemachine.data.sync.timeout.retry = -1 (default)
2023-11-06 09:26:46,341 [0eeb79a9-13fd-416c-b2a7-6f654c6b5029-groupManagement] INFO  server.RaftServerConfigKeys (ConfUtils.java:logGet(46)) - raft.server.log.write.buffer.size = 1048576 (custom)
2023-11-06 09:26:46,342 [0eeb79a9-13fd-416c-b2a7-6f654c6b5029-groupManagement] INFO  server.RaftServerConfigKeys (ConfUtils.java:logGet(46)) - raft.server.log.appender.buffer.byte-limit = 33554432 (custom)
2023-11-06 09:26:46,358 [0eeb79a9-13fd-416c-b2a7-6f654c6b5029-groupManagement] INFO  server.RaftServerConfigKeys (ConfUtils.java:logGet(46)) - raft.server.log.unsafe-flush.enabled = false (default)
2023-11-06 09:26:46,358 [0eeb79a9-13fd-416c-b2a7-6f654c6b5029-groupManagement] INFO  server.RaftServerConfigKeys (ConfUtils.java:logGet(46)) - raft.server.log.async-flush.enabled = false (default)
2023-11-06 09:26:46,358 [0eeb79a9-13fd-416c-b2a7-6f654c6b5029-groupManagement] INFO  server.RaftServerConfigKeys (ConfUtils.java:logGet(46)) - raft.server.log.statemachine.data.caching.enabled = true (custom)
2023-11-06 09:26:46,359 [0eeb79a9-13fd-416c-b2a7-6f654c6b5029-groupManagement] INFO  segmented.SegmentedRaftLogWorker (SegmentedRaftLogWorker.java:lambda$new$0(135)) - 0eeb79a9-13fd-416c-b2a7-6f654c6b5029@group-5FD2B077ACB6-SegmentedRaftLogWorker: flushIndex: setUnconditionally 0 -> -1
2023-11-06 09:26:46,359 [0eeb79a9-13fd-416c-b2a7-6f654c6b5029-groupManagement] INFO  segmented.SegmentedRaftLogWorker (SegmentedRaftLogWorker.java:lambda$new$0(135)) - 0eeb79a9-13fd-416c-b2a7-6f654c6b5029@group-5FD2B077ACB6-SegmentedRaftLogWorker: safeCacheEvictIndex: setUnconditionally 0 -> -1
2023-11-06 09:26:46,359 [0eeb79a9-13fd-416c-b2a7-6f654c6b5029-groupManagement] INFO  server.RaftServer$Division (RaftServerImpl.java:start(342)) - 0eeb79a9-13fd-416c-b2a7-6f654c6b5029@group-5FD2B077ACB6: start as a follower, conf=-1: peers:[0eeb79a9-13fd-416c-b2a7-6f654c6b5029|rpc:10.1.0.6:15023|admin:10.1.0.6:15022|client:10.1.0.6:15021|dataStream:10.1.0.6:15024|priority:1|startupRole:FOLLOWER]|listeners:[], old=null
2023-11-06 09:26:46,359 [0eeb79a9-13fd-416c-b2a7-6f654c6b5029-groupManagement] INFO  server.RaftServer$Division (RaftServerImpl.java:setRole(329)) - 0eeb79a9-13fd-416c-b2a7-6f654c6b5029@group-5FD2B077ACB6: changes role from      null to FOLLOWER at term 0 for startAsFollower
2023-11-06 09:26:46,359 [0eeb79a9-13fd-416c-b2a7-6f654c6b5029-groupManagement] INFO  impl.RoleInfo (RoleInfo.java:updateAndGet(139)) - 0eeb79a9-13fd-416c-b2a7-6f654c6b5029: start 0eeb79a9-13fd-416c-b2a7-6f654c6b5029@group-5FD2B077ACB6-FollowerState
2023-11-06 09:26:46,360 [0eeb79a9-13fd-416c-b2a7-6f654c6b5029-groupManagement] INFO  util.JmxRegister (JmxRegister.java:tryRegister(44)) - Successfully registered JMX Bean with object name Ratis:service=RaftServer,group=group-5FD2B077ACB6,id=0eeb79a9-13fd-416c-b2a7-6f654c6b5029
2023-11-06 09:26:46,362 [0eeb79a9-13fd-416c-b2a7-6f654c6b5029-groupManagement] INFO  server.RaftServerConfigKeys (ConfUtils.java:logGet(46)) - raft.server.snapshot.auto.trigger.enabled = true (custom)
2023-11-06 09:26:46,362 [0eeb79a9-13fd-416c-b2a7-6f654c6b5029-groupManagement] INFO  server.RaftServerConfigKeys (ConfUtils.java:logGet(46)) - raft.server.snapshot.auto.trigger.threshold = 10000 (custom)
2023-11-06 09:26:46,362 [0eeb79a9-13fd-416c-b2a7-6f654c6b5029-groupManagement] INFO  server.RaftServerConfigKeys (ConfUtils.java:logGet(46)) - raft.server.snapshot.retention.file.num = 5 (custom)
2023-11-06 09:26:46,362 [0eeb79a9-13fd-416c-b2a7-6f654c6b5029-groupManagement] INFO  server.RaftServerConfigKeys (ConfUtils.java:logGet(46)) - raft.server.log.purge.upto.snapshot.index = false (default)
2023-11-06 09:26:46,362 [0eeb79a9-13fd-416c-b2a7-6f654c6b5029@group-5FD2B077ACB6-FollowerState] INFO  server.RaftServerConfigKeys (ConfUtils.java:logFallback(53)) - raft.server.rpc.first-election.timeout.min = 5s (fallback to raft.server.rpc.timeout.min)
2023-11-06 09:26:46,365 [0eeb79a9-13fd-416c-b2a7-6f654c6b5029-PipelineCommandHandlerThread-0] INFO  ratis.XceiverServerRatis (XceiverServerRatis.java:addGroup(805)) - Created group PipelineID=2c2e71b0-cf69-4675-ac6c-5fd2b077acb6
2023-11-06 09:26:46,366 [0eeb79a9-13fd-416c-b2a7-6f654c6b5029-PipelineCommandHandlerThread-0] INFO  commandhandler.CreatePipelineCommandHandler (CreatePipelineCommandHandler.java:lambda$handle$2(124)) - Created Pipeline RATIS ONE PipelineID=2c2e71b0-cf69-4675-ac6c-5fd2b077acb6.
2023-11-06 09:26:46,367 [0eeb79a9-13fd-416c-b2a7-6f654c6b5029-PipelineCommandHandlerThread-0] INFO  server.RaftServer (RaftServerProxy.java:addNew(98)) - 0eeb79a9-13fd-416c-b2a7-6f654c6b5029: addNew group-3E664A0854E0:[d9016e39-0130-4fd9-896a-cac3c2785d02|rpc:10.1.0.6:15032|admin:10.1.0.6:15031|client:10.1.0.6:15030|dataStream:10.1.0.6:15033|priority:1|startupRole:FOLLOWER, fedf11b8-0957-422e-880a-91cc26979c7a|rpc:10.1.0.6:15014|admin:10.1.0.6:15013|client:10.1.0.6:15012|dataStream:10.1.0.6:15015|priority:0|startupRole:FOLLOWER, 0eeb79a9-13fd-416c-b2a7-6f654c6b5029|rpc:10.1.0.6:15023|admin:10.1.0.6:15022|client:10.1.0.6:15021|dataStream:10.1.0.6:15024|priority:0|startupRole:FOLLOWER] returns group-3E664A0854E0:java.util.concurrent.CompletableFuture@30a17adc[Not completed]
2023-11-06 09:26:46,367 [0eeb79a9-13fd-416c-b2a7-6f654c6b5029@group-5FD2B077ACB6-FollowerState] INFO  server.RaftServerConfigKeys (ConfUtils.java:logFallback(53)) - raft.server.rpc.first-election.timeout.max = 5200ms (fallback to raft.server.rpc.timeout.max)
2023-11-06 09:26:46,368 [0eeb79a9-13fd-416c-b2a7-6f654c6b5029-groupManagement] INFO  server.RaftServer$Division (RaftServerImpl.java:<init>(198)) - 0eeb79a9-13fd-416c-b2a7-6f654c6b5029: new RaftServerImpl for group-3E664A0854E0:[d9016e39-0130-4fd9-896a-cac3c2785d02|rpc:10.1.0.6:15032|admin:10.1.0.6:15031|client:10.1.0.6:15030|dataStream:10.1.0.6:15033|priority:1|startupRole:FOLLOWER, fedf11b8-0957-422e-880a-91cc26979c7a|rpc:10.1.0.6:15014|admin:10.1.0.6:15013|client:10.1.0.6:15012|dataStream:10.1.0.6:15015|priority:0|startupRole:FOLLOWER, 0eeb79a9-13fd-416c-b2a7-6f654c6b5029|rpc:10.1.0.6:15023|admin:10.1.0.6:15022|client:10.1.0.6:15021|dataStream:10.1.0.6:15024|priority:0|startupRole:FOLLOWER] with ContainerStateMachine:uninitialized
2023-11-06 09:26:46,373 [0eeb79a9-13fd-416c-b2a7-6f654c6b5029-groupManagement] INFO  server.RaftServerConfigKeys (ConfUtils.java:logGet(46)) - raft.server.rpc.timeout.min = 5s (custom)
2023-11-06 09:26:46,373 [0eeb79a9-13fd-416c-b2a7-6f654c6b5029-groupManagement] INFO  server.RaftServerConfigKeys (ConfUtils.java:logGet(46)) - raft.server.rpc.timeout.max = 5200ms (custom)
2023-11-06 09:26:46,373 [0eeb79a9-13fd-416c-b2a7-6f654c6b5029-groupManagement] INFO  server.RaftServerConfigKeys (ConfUtils.java:logGet(46)) - raft.server.rpc.sleep.time = 25ms (default)
2023-11-06 09:26:46,373 [0eeb79a9-13fd-416c-b2a7-6f654c6b5029-groupManagement] INFO  server.RaftServerConfigKeys (ConfUtils.java:logGet(46)) - raft.server.rpc.slowness.timeout = 300s (custom)
2023-11-06 09:26:46,373 [0eeb79a9-13fd-416c-b2a7-6f654c6b5029-groupManagement] INFO  server.RaftServerConfigKeys (ConfUtils.java:logGet(46)) - raft.server.leaderelection.leader.step-down.wait-time = 10s (default)
2023-11-06 09:26:46,373 [0eeb79a9-13fd-416c-b2a7-6f654c6b5029-groupManagement] INFO  server.RaftServerConfigKeys (ConfUtils.java:logGet(46)) - raft.server.sleep.deviation.threshold = 300ms (default)
2023-11-06 09:26:46,373 [0eeb79a9-13fd-416c-b2a7-6f654c6b5029-groupManagement] INFO  server.RaftServer$Division (ServerState.java:<init>(120)) - 0eeb79a9-13fd-416c-b2a7-6f654c6b5029@group-3E664A0854E0: ConfigurationManager, init=-1: peers:[d9016e39-0130-4fd9-896a-cac3c2785d02|rpc:10.1.0.6:15032|admin:10.1.0.6:15031|client:10.1.0.6:15030|dataStream:10.1.0.6:15033|priority:1|startupRole:FOLLOWER, fedf11b8-0957-422e-880a-91cc26979c7a|rpc:10.1.0.6:15014|admin:10.1.0.6:15013|client:10.1.0.6:15012|dataStream:10.1.0.6:15015|priority:0|startupRole:FOLLOWER, 0eeb79a9-13fd-416c-b2a7-6f654c6b5029|rpc:10.1.0.6:15023|admin:10.1.0.6:15022|client:10.1.0.6:15021|dataStream:10.1.0.6:15024|priority:0|startupRole:FOLLOWER]|listeners:[], old=null, confs=<EMPTY_MAP>
2023-11-06 09:26:46,373 [0eeb79a9-13fd-416c-b2a7-6f654c6b5029-groupManagement] INFO  server.RaftServerConfigKeys (ConfUtils.java:logGet(46)) - raft.server.storage.dir = [/home/runner/work/ozone/ozone/hadoop-ozone/integration-test/target/test-dir/MiniOzoneClusterImpl-938474ea-96d6-4bd3-a45f-678920fb0bb2/datanode-1/data/ratis] (custom)
2023-11-06 09:26:46,373 [0eeb79a9-13fd-416c-b2a7-6f654c6b5029-groupManagement] INFO  server.RaftServerConfigKeys (ConfUtils.java:logGet(46)) - raft.server.log.corruption.policy = EXCEPTION (default)
2023-11-06 09:26:46,373 [0eeb79a9-13fd-416c-b2a7-6f654c6b5029-groupManagement] INFO  server.RaftServerConfigKeys (ConfUtils.java:logGet(46)) - raft.server.storage.free-space.min = 0MB (=0) (default)
2023-11-06 09:26:46,373 [0eeb79a9-13fd-416c-b2a7-6f654c6b5029-groupManagement] INFO  server.RaftServerConfigKeys (ConfUtils.java:logGet(46)) - raft.server.notification.no-leader.timeout = 300s (custom)
2023-11-06 09:26:46,373 [0eeb79a9-13fd-416c-b2a7-6f654c6b5029-groupManagement] INFO  server.RaftServerConfigKeys (ConfUtils.java:logGet(46)) - raft.server.read.timeout = 10s (default)
2023-11-06 09:26:46,374 [0eeb79a9-13fd-416c-b2a7-6f654c6b5029-groupManagement] INFO  server.RaftServerConfigKeys (ConfUtils.java:logGet(46)) - raft.server.retrycache.expirytime = 600000ms (custom)
2023-11-06 09:26:46,374 [0eeb79a9-13fd-416c-b2a7-6f654c6b5029-groupManagement] INFO  server.RaftServerConfigKeys (ConfUtils.java:logGet(46)) - raft.server.retrycache.statistics.expirytime = 100μs (default)
2023-11-06 09:26:46,374 [0eeb79a9-13fd-416c-b2a7-6f654c6b5029-groupManagement] INFO  server.RaftServerConfigKeys (ConfUtils.java:logGet(46)) - raft.server.read.option = DEFAULT (default)
2023-11-06 09:26:46,375 [0eeb79a9-13fd-416c-b2a7-6f654c6b5029-groupManagement] INFO  server.RaftServerConfigKeys (ConfUtils.java:logGet(46)) - raft.server.rpc.request.timeout = 60s (custom)
2023-11-06 09:26:46,375 [0eeb79a9-13fd-416c-b2a7-6f654c6b5029-groupManagement] INFO  server.RaftServerConfigKeys (ConfUtils.java:logGet(46)) - raft.server.log.appender.install.snapshot.enabled = false (custom)
2023-11-06 09:26:46,375 [0eeb79a9-13fd-416c-b2a7-6f654c6b5029-groupManagement] INFO  server.RaftServerConfigKeys (ConfUtils.java:logGet(46)) - raft.server.threadpool.server.cached = true (default)
2023-11-06 09:26:46,375 [0eeb79a9-13fd-416c-b2a7-6f654c6b5029-groupManagement] INFO  server.RaftServerConfigKeys (ConfUtils.java:logGet(46)) - raft.server.threadpool.server.size = 0 (default)
2023-11-06 09:26:46,375 [0eeb79a9-13fd-416c-b2a7-6f654c6b5029-groupManagement] INFO  server.RaftServerConfigKeys (ConfUtils.java:logGet(46)) - raft.server.threadpool.client.cached = true (default)
2023-11-06 09:26:46,376 [0eeb79a9-13fd-416c-b2a7-6f654c6b5029-groupManagement] INFO  server.RaftServerConfigKeys (ConfUtils.java:logGet(46)) - raft.server.threadpool.client.size = 0 (default)
2023-11-06 09:26:46,376 [0eeb79a9-13fd-416c-b2a7-6f654c6b5029-groupManagement] INFO  storage.RaftStorageDirectory (RaftStorageDirectoryImpl.java:analyzeStorage(137)) - The storage directory /home/runner/work/ozone/ozone/hadoop-ozone/integration-test/target/test-dir/MiniOzoneClusterImpl-938474ea-96d6-4bd3-a45f-678920fb0bb2/datanode-1/data/ratis/d6c272c6-0f48-426a-923d-3e664a0854e0 does not exist. Creating ...
2023-11-06 09:26:46,379 [0eeb79a9-13fd-416c-b2a7-6f654c6b5029-groupManagement] INFO  storage.RaftStorageDirectory (RaftStorageDirectoryImpl.java:tryLock(231)) - Lock on /home/runner/work/ozone/ozone/hadoop-ozone/integration-test/target/test-dir/MiniOzoneClusterImpl-938474ea-96d6-4bd3-a45f-678920fb0bb2/datanode-1/data/ratis/d6c272c6-0f48-426a-923d-3e664a0854e0/in_use.lock acquired by nodename 20533@fv-az241-347
2023-11-06 09:26:46,380 [0eeb79a9-13fd-416c-b2a7-6f654c6b5029-groupManagement] INFO  storage.RaftStorage (RaftStorageImpl.java:format(96)) - Storage directory /home/runner/work/ozone/ozone/hadoop-ozone/integration-test/target/test-dir/MiniOzoneClusterImpl-938474ea-96d6-4bd3-a45f-678920fb0bb2/datanode-1/data/ratis/d6c272c6-0f48-426a-923d-3e664a0854e0 has been successfully formatted.
2023-11-06 09:26:46,382 [0eeb79a9-13fd-416c-b2a7-6f654c6b5029-groupManagement] INFO  ratis.ContainerStateMachine (ContainerStateMachine.java:loadSnapshot(269)) - group-3E664A0854E0: The snapshot info is null. Setting the last applied indexto:(t:0, i:~)
2023-11-06 09:26:46,382 [0eeb79a9-13fd-416c-b2a7-6f654c6b5029-groupManagement] INFO  server.RaftServerConfigKeys (ConfUtils.java:logGet(46)) - raft.server.log.use.memory = false (default)
2023-11-06 09:26:46,382 [0eeb79a9-13fd-416c-b2a7-6f654c6b5029-groupManagement] INFO  server.RaftServerConfigKeys (ConfUtils.java:logGet(46)) - raft.server.log.purge.gap = 1000000 (custom)
2023-11-06 09:26:46,382 [0eeb79a9-13fd-416c-b2a7-6f654c6b5029-groupManagement] INFO  server.RaftServerConfigKeys (ConfUtils.java:logGet(46)) - raft.server.log.appender.buffer.byte-limit = 33554432 (custom)
2023-11-06 09:26:46,382 [0eeb79a9-13fd-416c-b2a7-6f654c6b5029-groupManagement] INFO  server.RaftServerConfigKeys (ConfUtils.java:logGet(46)) - raft.server.log.statemachine.data.read.timeout = 1000ms (default)
2023-11-06 09:26:46,382 [0eeb79a9-13fd-416c-b2a7-6f654c6b5029-groupManagement] INFO  server.RaftServerConfigKeys (ConfUtils.java:logGet(46)) - raft.server.log.purge.preservation.log.num = 0 (default)
2023-11-06 09:26:46,383 [0eeb79a9-13fd-416c-b2a7-6f654c6b5029-groupManagement] INFO  server.RaftServerConfigKeys (ConfUtils.java:logGet(46)) - raft.server.log.segment.size.max = 1048576 (custom)
2023-11-06 09:26:46,383 [EventQueue-OpenPipelineForHealthyPipelineSafeModeRule] INFO  safemode.SCMSafeModeManager (HealthyPipelineSafeModeRule.java:process(137)) - SCM in safe mode. Healthy pipelines reported count is 0, required healthy pipeline reported count is 1
2023-11-06 09:26:46,383 [0eeb79a9-13fd-416c-b2a7-6f654c6b5029-groupManagement] INFO  server.RaftServerConfigKeys (ConfUtils.java:logGet(46)) - raft.server.log.segment.cache.num.max = 2 (custom)
2023-11-06 09:26:46,384 [0eeb79a9-13fd-416c-b2a7-6f654c6b5029-groupManagement] INFO  server.RaftServerConfigKeys (ConfUtils.java:logGet(46)) - raft.server.log.segment.cache.size.max = 200MB (=209715200) (default)
2023-11-06 09:26:46,384 [0eeb79a9-13fd-416c-b2a7-6f654c6b5029-groupManagement] INFO  server.RaftServerConfigKeys (ConfUtils.java:logGet(46)) - raft.server.log.appender.buffer.byte-limit = 33554432 (custom)
2023-11-06 09:26:46,384 [0eeb79a9-13fd-416c-b2a7-6f654c6b5029-groupManagement] INFO  segmented.SegmentedRaftLogWorker (SegmentedRaftLogWorker.java:<init>(188)) - new 0eeb79a9-13fd-416c-b2a7-6f654c6b5029@group-3E664A0854E0-SegmentedRaftLogWorker for RaftStorageImpl:Storage Directory /home/runner/work/ozone/ozone/hadoop-ozone/integration-test/target/test-dir/MiniOzoneClusterImpl-938474ea-96d6-4bd3-a45f-678920fb0bb2/datanode-1/data/ratis/d6c272c6-0f48-426a-923d-3e664a0854e0
2023-11-06 09:26:46,384 [0eeb79a9-13fd-416c-b2a7-6f654c6b5029-groupManagement] INFO  server.RaftServerConfigKeys (ConfUtils.java:logGet(46)) - raft.server.log.queue.byte-limit = 4294967296 (custom)
2023-11-06 09:26:46,384 [0eeb79a9-13fd-416c-b2a7-6f654c6b5029-groupManagement] INFO  server.RaftServerConfigKeys (ConfUtils.java:logGet(46)) - raft.server.log.queue.element-limit = 1024 (custom)
2023-11-06 09:26:46,384 [0eeb79a9-13fd-416c-b2a7-6f654c6b5029-groupManagement] INFO  server.RaftServerConfigKeys (ConfUtils.java:logGet(46)) - raft.server.log.segment.size.max = 1048576 (custom)
2023-11-06 09:26:46,384 [0eeb79a9-13fd-416c-b2a7-6f654c6b5029-groupManagement] INFO  server.RaftServerConfigKeys (ConfUtils.java:logGet(46)) - raft.server.log.preallocated.size = 16384 (custom)
2023-11-06 09:26:46,384 [0eeb79a9-13fd-416c-b2a7-6f654c6b5029-groupManagement] INFO  server.RaftServerConfigKeys (ConfUtils.java:logGet(46)) - raft.server.log.force.sync.num = 128 (default)
2023-11-06 09:26:46,384 [0eeb79a9-13fd-416c-b2a7-6f654c6b5029-groupManagement] INFO  server.RaftServerConfigKeys (ConfUtils.java:logGet(46)) - raft.server.log.statemachine.data.sync = true (default)
2023-11-06 09:26:46,384 [0eeb79a9-13fd-416c-b2a7-6f654c6b5029-groupManagement] INFO  server.RaftServerConfigKeys (ConfUtils.java:logGet(46)) - raft.server.log.statemachine.data.sync.timeout = 10s (default)
2023-11-06 09:26:46,384 [0eeb79a9-13fd-416c-b2a7-6f654c6b5029-groupManagement] INFO  server.RaftServerConfigKeys (ConfUtils.java:logGet(46)) - raft.server.log.statemachine.data.sync.timeout.retry = -1 (default)
2023-11-06 09:26:46,387 [0eeb79a9-13fd-416c-b2a7-6f654c6b5029-groupManagement] INFO  server.RaftServerConfigKeys (ConfUtils.java:logGet(46)) - raft.server.log.write.buffer.size = 1048576 (custom)
2023-11-06 09:26:46,388 [0eeb79a9-13fd-416c-b2a7-6f654c6b5029-groupManagement] INFO  server.RaftServerConfigKeys (ConfUtils.java:logGet(46)) - raft.server.log.appender.buffer.byte-limit = 33554432 (custom)
2023-11-06 09:26:46,394 [0eeb79a9-13fd-416c-b2a7-6f654c6b5029-groupManagement] INFO  server.RaftServerConfigKeys (ConfUtils.java:logGet(46)) - raft.server.log.unsafe-flush.enabled = false (default)
2023-11-06 09:26:46,394 [0eeb79a9-13fd-416c-b2a7-6f654c6b5029-groupManagement] INFO  server.RaftServerConfigKeys (ConfUtils.java:logGet(46)) - raft.server.log.async-flush.enabled = false (default)
2023-11-06 09:26:46,394 [0eeb79a9-13fd-416c-b2a7-6f654c6b5029-groupManagement] INFO  server.RaftServerConfigKeys (ConfUtils.java:logGet(46)) - raft.server.log.statemachine.data.caching.enabled = true (custom)
2023-11-06 09:26:46,394 [0eeb79a9-13fd-416c-b2a7-6f654c6b5029-groupManagement] INFO  segmented.SegmentedRaftLogWorker (SegmentedRaftLogWorker.java:lambda$new$0(135)) - 0eeb79a9-13fd-416c-b2a7-6f654c6b5029@group-3E664A0854E0-SegmentedRaftLogWorker: flushIndex: setUnconditionally 0 -> -1
2023-11-06 09:26:46,394 [0eeb79a9-13fd-416c-b2a7-6f654c6b5029-groupManagement] INFO  segmented.SegmentedRaftLogWorker (SegmentedRaftLogWorker.java:lambda$new$0(135)) - 0eeb79a9-13fd-416c-b2a7-6f654c6b5029@group-3E664A0854E0-SegmentedRaftLogWorker: safeCacheEvictIndex: setUnconditionally 0 -> -1
2023-11-06 09:26:46,395 [0eeb79a9-13fd-416c-b2a7-6f654c6b5029-groupManagement] INFO  server.RaftServer$Division (RaftServerImpl.java:start(342)) - 0eeb79a9-13fd-416c-b2a7-6f654c6b5029@group-3E664A0854E0: start as a follower, conf=-1: peers:[d9016e39-0130-4fd9-896a-cac3c2785d02|rpc:10.1.0.6:15032|admin:10.1.0.6:15031|client:10.1.0.6:15030|dataStream:10.1.0.6:15033|priority:1|startupRole:FOLLOWER, fedf11b8-0957-422e-880a-91cc26979c7a|rpc:10.1.0.6:15014|admin:10.1.0.6:15013|client:10.1.0.6:15012|dataStream:10.1.0.6:15015|priority:0|startupRole:FOLLOWER, 0eeb79a9-13fd-416c-b2a7-6f654c6b5029|rpc:10.1.0.6:15023|admin:10.1.0.6:15022|client:10.1.0.6:15021|dataStream:10.1.0.6:15024|priority:0|startupRole:FOLLOWER]|listeners:[], old=null
2023-11-06 09:26:46,395 [0eeb79a9-13fd-416c-b2a7-6f654c6b5029-groupManagement] INFO  server.RaftServer$Division (RaftServerImpl.java:setRole(329)) - 0eeb79a9-13fd-416c-b2a7-6f654c6b5029@group-3E664A0854E0: changes role from      null to FOLLOWER at term 0 for startAsFollower
2023-11-06 09:26:46,395 [0eeb79a9-13fd-416c-b2a7-6f654c6b5029-groupManagement] INFO  impl.RoleInfo (RoleInfo.java:updateAndGet(139)) - 0eeb79a9-13fd-416c-b2a7-6f654c6b5029: start 0eeb79a9-13fd-416c-b2a7-6f654c6b5029@group-3E664A0854E0-FollowerState
2023-11-06 09:26:46,395 [0eeb79a9-13fd-416c-b2a7-6f654c6b5029-groupManagement] INFO  util.JmxRegister (JmxRegister.java:tryRegister(44)) - Successfully registered JMX Bean with object name Ratis:service=RaftServer,group=group-3E664A0854E0,id=0eeb79a9-13fd-416c-b2a7-6f654c6b5029
2023-11-06 09:26:46,396 [0eeb79a9-13fd-416c-b2a7-6f654c6b5029-groupManagement] INFO  server.RaftServerConfigKeys (ConfUtils.java:logGet(46)) - raft.server.snapshot.auto.trigger.enabled = true (custom)
2023-11-06 09:26:46,396 [0eeb79a9-13fd-416c-b2a7-6f654c6b5029-groupManagement] INFO  server.RaftServerConfigKeys (ConfUtils.java:logGet(46)) - raft.server.snapshot.auto.trigger.threshold = 10000 (custom)
2023-11-06 09:26:46,396 [0eeb79a9-13fd-416c-b2a7-6f654c6b5029-groupManagement] INFO  server.RaftServerConfigKeys (ConfUtils.java:logGet(46)) - raft.server.snapshot.retention.file.num = 5 (custom)
2023-11-06 09:26:46,396 [0eeb79a9-13fd-416c-b2a7-6f654c6b5029-groupManagement] INFO  server.RaftServerConfigKeys (ConfUtils.java:logGet(46)) - raft.server.log.purge.upto.snapshot.index = false (default)
2023-11-06 09:26:46,400 [0eeb79a9-13fd-416c-b2a7-6f654c6b5029@group-3E664A0854E0-FollowerState] INFO  server.RaftServerConfigKeys (ConfUtils.java:logFallback(53)) - raft.server.rpc.first-election.timeout.min = 5s (fallback to raft.server.rpc.timeout.min)
2023-11-06 09:26:46,400 [0eeb79a9-13fd-416c-b2a7-6f654c6b5029@group-3E664A0854E0-FollowerState] INFO  server.RaftServerConfigKeys (ConfUtils.java:logFallback(53)) - raft.server.rpc.first-election.timeout.max = 5200ms (fallback to raft.server.rpc.timeout.max)
2023-11-06 09:26:46,401 [0eeb79a9-13fd-416c-b2a7-6f654c6b5029-PipelineCommandHandlerThread-0] INFO  ratis.XceiverServerRatis (XceiverServerRatis.java:addGroup(805)) - Created group PipelineID=d6c272c6-0f48-426a-923d-3e664a0854e0
2023-11-06 09:26:46,571 [d9016e39-0130-4fd9-896a-cac3c2785d02-PipelineCommandHandlerThread-0] INFO  server.RaftServer (RaftServerProxy.java:addNew(98)) - d9016e39-0130-4fd9-896a-cac3c2785d02: addNew group-C449668A084E:[d9016e39-0130-4fd9-896a-cac3c2785d02|rpc:10.1.0.6:15032|admin:10.1.0.6:15031|client:10.1.0.6:15030|dataStream:10.1.0.6:15033|priority:1|startupRole:FOLLOWER] returns group-C449668A084E:java.util.concurrent.CompletableFuture@f4494ff[Not completed]
2023-11-06 09:26:46,573 [d9016e39-0130-4fd9-896a-cac3c2785d02-groupManagement] INFO  server.RaftServer$Division (RaftServerImpl.java:<init>(198)) - d9016e39-0130-4fd9-896a-cac3c2785d02: new RaftServerImpl for group-C449668A084E:[d9016e39-0130-4fd9-896a-cac3c2785d02|rpc:10.1.0.6:15032|admin:10.1.0.6:15031|client:10.1.0.6:15030|dataStream:10.1.0.6:15033|priority:1|startupRole:FOLLOWER] with ContainerStateMachine:uninitialized
2023-11-06 09:26:46,573 [d9016e39-0130-4fd9-896a-cac3c2785d02-groupManagement] INFO  server.RaftServerConfigKeys (ConfUtils.java:logGet(46)) - raft.server.rpc.timeout.min = 5s (custom)
2023-11-06 09:26:46,574 [d9016e39-0130-4fd9-896a-cac3c2785d02-groupManagement] INFO  server.RaftServerConfigKeys (ConfUtils.java:logGet(46)) - raft.server.rpc.timeout.max = 5200ms (custom)
2023-11-06 09:26:46,575 [d9016e39-0130-4fd9-896a-cac3c2785d02-groupManagement] INFO  server.RaftServerConfigKeys (ConfUtils.java:logGet(46)) - raft.server.rpc.sleep.time = 25ms (default)
2023-11-06 09:26:46,575 [d9016e39-0130-4fd9-896a-cac3c2785d02-groupManagement] INFO  server.RaftServerConfigKeys (ConfUtils.java:logGet(46)) - raft.server.rpc.slowness.timeout = 300s (custom)
2023-11-06 09:26:46,575 [d9016e39-0130-4fd9-896a-cac3c2785d02-groupManagement] INFO  server.RaftServerConfigKeys (ConfUtils.java:logGet(46)) - raft.server.leaderelection.leader.step-down.wait-time = 10s (default)
2023-11-06 09:26:46,575 [d9016e39-0130-4fd9-896a-cac3c2785d02-groupManagement] INFO  server.RaftServerConfigKeys (ConfUtils.java:logGet(46)) - raft.server.sleep.deviation.threshold = 300ms (default)
2023-11-06 09:26:46,575 [d9016e39-0130-4fd9-896a-cac3c2785d02-groupManagement] INFO  server.RaftServer$Division (ServerState.java:<init>(120)) - d9016e39-0130-4fd9-896a-cac3c2785d02@group-C449668A084E: ConfigurationManager, init=-1: peers:[d9016e39-0130-4fd9-896a-cac3c2785d02|rpc:10.1.0.6:15032|admin:10.1.0.6:15031|client:10.1.0.6:15030|dataStream:10.1.0.6:15033|priority:1|startupRole:FOLLOWER]|listeners:[], old=null, confs=<EMPTY_MAP>
2023-11-06 09:26:46,575 [d9016e39-0130-4fd9-896a-cac3c2785d02-groupManagement] INFO  server.RaftServerConfigKeys (ConfUtils.java:logGet(46)) - raft.server.storage.dir = [/home/runner/work/ozone/ozone/hadoop-ozone/integration-test/target/test-dir/MiniOzoneClusterImpl-938474ea-96d6-4bd3-a45f-678920fb0bb2/datanode-2/data/ratis] (custom)
2023-11-06 09:26:46,575 [d9016e39-0130-4fd9-896a-cac3c2785d02-groupManagement] INFO  server.RaftServerConfigKeys (ConfUtils.java:logGet(46)) - raft.server.log.corruption.policy = EXCEPTION (default)
2023-11-06 09:26:46,575 [d9016e39-0130-4fd9-896a-cac3c2785d02-groupManagement] INFO  server.RaftServerConfigKeys (ConfUtils.java:logGet(46)) - raft.server.storage.free-space.min = 0MB (=0) (default)
2023-11-06 09:26:46,576 [d9016e39-0130-4fd9-896a-cac3c2785d02-groupManagement] INFO  server.RaftServerConfigKeys (ConfUtils.java:logGet(46)) - raft.server.notification.no-leader.timeout = 300s (custom)
2023-11-06 09:26:46,576 [d9016e39-0130-4fd9-896a-cac3c2785d02-groupManagement] INFO  server.RaftServerConfigKeys (ConfUtils.java:logGet(46)) - raft.server.read.timeout = 10s (default)
2023-11-06 09:26:46,576 [d9016e39-0130-4fd9-896a-cac3c2785d02-groupManagement] INFO  server.RaftServerConfigKeys (ConfUtils.java:logGet(46)) - raft.server.retrycache.expirytime = 600000ms (custom)
2023-11-06 09:26:46,576 [d9016e39-0130-4fd9-896a-cac3c2785d02-groupManagement] INFO  server.RaftServerConfigKeys (ConfUtils.java:logGet(46)) - raft.server.retrycache.statistics.expirytime = 100μs (default)
2023-11-06 09:26:46,577 [d9016e39-0130-4fd9-896a-cac3c2785d02-groupManagement] INFO  server.RaftServerConfigKeys (ConfUtils.java:logGet(46)) - raft.server.read.option = DEFAULT (default)
2023-11-06 09:26:46,583 [d9016e39-0130-4fd9-896a-cac3c2785d02-groupManagement] INFO  server.RaftServerConfigKeys (ConfUtils.java:logGet(46)) - raft.server.rpc.request.timeout = 60s (custom)
2023-11-06 09:26:46,583 [d9016e39-0130-4fd9-896a-cac3c2785d02-groupManagement] INFO  server.RaftServerConfigKeys (ConfUtils.java:logGet(46)) - raft.server.log.appender.install.snapshot.enabled = false (custom)
2023-11-06 09:26:46,583 [d9016e39-0130-4fd9-896a-cac3c2785d02-groupManagement] INFO  server.RaftServerConfigKeys (ConfUtils.java:logGet(46)) - raft.server.threadpool.server.cached = true (default)
2023-11-06 09:26:46,584 [d9016e39-0130-4fd9-896a-cac3c2785d02-groupManagement] INFO  server.RaftServerConfigKeys (ConfUtils.java:logGet(46)) - raft.server.threadpool.server.size = 0 (default)
2023-11-06 09:26:46,584 [d9016e39-0130-4fd9-896a-cac3c2785d02-groupManagement] INFO  server.RaftServerConfigKeys (ConfUtils.java:logGet(46)) - raft.server.threadpool.client.cached = true (default)
2023-11-06 09:26:46,584 [d9016e39-0130-4fd9-896a-cac3c2785d02-groupManagement] INFO  server.RaftServerConfigKeys (ConfUtils.java:logGet(46)) - raft.server.threadpool.client.size = 0 (default)
2023-11-06 09:26:46,584 [d9016e39-0130-4fd9-896a-cac3c2785d02-groupManagement] INFO  storage.RaftStorageDirectory (RaftStorageDirectoryImpl.java:analyzeStorage(137)) - The storage directory /home/runner/work/ozone/ozone/hadoop-ozone/integration-test/target/test-dir/MiniOzoneClusterImpl-938474ea-96d6-4bd3-a45f-678920fb0bb2/datanode-2/data/ratis/4a550c64-9968-4de5-acde-c449668a084e does not exist. Creating ...
2023-11-06 09:26:46,586 [d9016e39-0130-4fd9-896a-cac3c2785d02-groupManagement] INFO  storage.RaftStorageDirectory (RaftStorageDirectoryImpl.java:tryLock(231)) - Lock on /home/runner/work/ozone/ozone/hadoop-ozone/integration-test/target/test-dir/MiniOzoneClusterImpl-938474ea-96d6-4bd3-a45f-678920fb0bb2/datanode-2/data/ratis/4a550c64-9968-4de5-acde-c449668a084e/in_use.lock acquired by nodename 20533@fv-az241-347
2023-11-06 09:26:46,595 [d9016e39-0130-4fd9-896a-cac3c2785d02-groupManagement] INFO  storage.RaftStorage (RaftStorageImpl.java:format(96)) - Storage directory /home/runner/work/ozone/ozone/hadoop-ozone/integration-test/target/test-dir/MiniOzoneClusterImpl-938474ea-96d6-4bd3-a45f-678920fb0bb2/datanode-2/data/ratis/4a550c64-9968-4de5-acde-c449668a084e has been successfully formatted.
2023-11-06 09:26:46,595 [d9016e39-0130-4fd9-896a-cac3c2785d02-groupManagement] INFO  ratis.ContainerStateMachine (ContainerStateMachine.java:loadSnapshot(269)) - group-C449668A084E: The snapshot info is null. Setting the last applied indexto:(t:0, i:~)
2023-11-06 09:26:46,595 [d9016e39-0130-4fd9-896a-cac3c2785d02-groupManagement] INFO  server.RaftServerConfigKeys (ConfUtils.java:logGet(46)) - raft.server.log.use.memory = false (default)
2023-11-06 09:26:46,595 [d9016e39-0130-4fd9-896a-cac3c2785d02-groupManagement] INFO  server.RaftServerConfigKeys (ConfUtils.java:logGet(46)) - raft.server.log.purge.gap = 1000000 (custom)
2023-11-06 09:26:46,602 [d9016e39-0130-4fd9-896a-cac3c2785d02-groupManagement] INFO  server.RaftServerConfigKeys (ConfUtils.java:logGet(46)) - raft.server.log.appender.buffer.byte-limit = 33554432 (custom)
2023-11-06 09:26:46,602 [d9016e39-0130-4fd9-896a-cac3c2785d02-groupManagement] INFO  server.RaftServerConfigKeys (ConfUtils.java:logGet(46)) - raft.server.log.statemachine.data.read.timeout = 1000ms (default)
2023-11-06 09:26:46,602 [d9016e39-0130-4fd9-896a-cac3c2785d02-groupManagement] INFO  server.RaftServerConfigKeys (ConfUtils.java:logGet(46)) - raft.server.log.purge.preservation.log.num = 0 (default)
2023-11-06 09:26:46,603 [d9016e39-0130-4fd9-896a-cac3c2785d02-groupManagement] INFO  server.RaftServerConfigKeys (ConfUtils.java:logGet(46)) - raft.server.log.segment.size.max = 1048576 (custom)
2023-11-06 09:26:46,603 [d9016e39-0130-4fd9-896a-cac3c2785d02-groupManagement] INFO  server.RaftServerConfigKeys (ConfUtils.java:logGet(46)) - raft.server.log.segment.cache.num.max = 2 (custom)
2023-11-06 09:26:46,606 [d9016e39-0130-4fd9-896a-cac3c2785d02-groupManagement] INFO  server.RaftServerConfigKeys (ConfUtils.java:logGet(46)) - raft.server.log.segment.cache.size.max = 200MB (=209715200) (default)
2023-11-06 09:26:46,607 [d9016e39-0130-4fd9-896a-cac3c2785d02-groupManagement] INFO  server.RaftServerConfigKeys (ConfUtils.java:logGet(46)) - raft.server.log.appender.buffer.byte-limit = 33554432 (custom)
2023-11-06 09:26:46,607 [d9016e39-0130-4fd9-896a-cac3c2785d02-groupManagement] INFO  segmented.SegmentedRaftLogWorker (SegmentedRaftLogWorker.java:<init>(188)) - new d9016e39-0130-4fd9-896a-cac3c2785d02@group-C449668A084E-SegmentedRaftLogWorker for RaftStorageImpl:Storage Directory /home/runner/work/ozone/ozone/hadoop-ozone/integration-test/target/test-dir/MiniOzoneClusterImpl-938474ea-96d6-4bd3-a45f-678920fb0bb2/datanode-2/data/ratis/4a550c64-9968-4de5-acde-c449668a084e
2023-11-06 09:26:46,607 [d9016e39-0130-4fd9-896a-cac3c2785d02-groupManagement] INFO  server.RaftServerConfigKeys (ConfUtils.java:logGet(46)) - raft.server.log.queue.byte-limit = 4294967296 (custom)
2023-11-06 09:26:46,607 [d9016e39-0130-4fd9-896a-cac3c2785d02-groupManagement] INFO  server.RaftServerConfigKeys (ConfUtils.java:logGet(46)) - raft.server.log.queue.element-limit = 1024 (custom)
2023-11-06 09:26:46,607 [d9016e39-0130-4fd9-896a-cac3c2785d02-groupManagement] INFO  server.RaftServerConfigKeys (ConfUtils.java:logGet(46)) - raft.server.log.segment.size.max = 1048576 (custom)
2023-11-06 09:26:46,607 [d9016e39-0130-4fd9-896a-cac3c2785d02-groupManagement] INFO  server.RaftServerConfigKeys (ConfUtils.java:logGet(46)) - raft.server.log.preallocated.size = 16384 (custom)
2023-11-06 09:26:46,607 [d9016e39-0130-4fd9-896a-cac3c2785d02-groupManagement] INFO  server.RaftServerConfigKeys (ConfUtils.java:logGet(46)) - raft.server.log.force.sync.num = 128 (default)
2023-11-06 09:26:46,607 [d9016e39-0130-4fd9-896a-cac3c2785d02-groupManagement] INFO  server.RaftServerConfigKeys (ConfUtils.java:logGet(46)) - raft.server.log.statemachine.data.sync = true (default)
2023-11-06 09:26:46,607 [d9016e39-0130-4fd9-896a-cac3c2785d02-groupManagement] INFO  server.RaftServerConfigKeys (ConfUtils.java:logGet(46)) - raft.server.log.statemachine.data.sync.timeout = 10s (default)
2023-11-06 09:26:46,607 [d9016e39-0130-4fd9-896a-cac3c2785d02-groupManagement] INFO  server.RaftServerConfigKeys (ConfUtils.java:logGet(46)) - raft.server.log.statemachine.data.sync.timeout.retry = -1 (default)
2023-11-06 09:26:46,607 [EventQueue-PipelineReportForPipelineReportHandler] INFO  pipeline.PipelineReportHandler (PipelineReportHandler.java:processPipelineReport(136)) - Opened pipeline PipelineID=4a550c64-9968-4de5-acde-c449668a084e
2023-11-06 09:26:46,608 [EventQueue-OpenPipelineForHealthyPipelineSafeModeRule] INFO  safemode.SCMSafeModeManager (HealthyPipelineSafeModeRule.java:process(137)) - SCM in safe mode. Healthy pipelines reported count is 0, required healthy pipeline reported count is 1
2023-11-06 09:26:46,609 [d9016e39-0130-4fd9-896a-cac3c2785d02-groupManagement] INFO  server.RaftServerConfigKeys (ConfUtils.java:logGet(46)) - raft.server.log.write.buffer.size = 1048576 (custom)
2023-11-06 09:26:46,610 [d9016e39-0130-4fd9-896a-cac3c2785d02-groupManagement] INFO  server.RaftServerConfigKeys (ConfUtils.java:logGet(46)) - raft.server.log.appender.buffer.byte-limit = 33554432 (custom)
2023-11-06 09:26:47,032 [JvmPauseMonitor0] WARN  util.JvmPauseMonitor (JvmPauseMonitor.java:detectPause(124)) - JvmPauseMonitor-1e50ab03-626f-4779-b962-83b5b6fbd211: Detected pause in JVM or host machine approximately 0.151s with 0.416s GC time.
GC pool 'PS MarkSweep' had collection(s): count=1 time=318ms
GC pool 'PS Scavenge' had collection(s): count=1 time=98ms
2023-11-06 09:26:47,033 [JvmPauseMonitor3] WARN  util.JvmPauseMonitor (JvmPauseMonitor.java:detectPause(124)) - JvmPauseMonitor-0eeb79a9-13fd-416c-b2a7-6f654c6b5029: Detected pause in JVM or host machine approximately 0.165s with 0.416s GC time.
GC pool 'PS MarkSweep' had collection(s): count=1 time=318ms
GC pool 'PS Scavenge' had collection(s): count=1 time=98ms
2023-11-06 09:26:47,034 [JvmPauseMonitor8] WARN  util.JvmPauseMonitor (JvmPauseMonitor.java:detectPause(124)) - JvmPauseMonitor-92ba0aed-1dcc-4895-b5bb-fc45f440be2e: Detected pause in JVM or host machine approximately 0.223s with 0.416s GC time.
GC pool 'PS MarkSweep' had collection(s): count=1 time=318ms
GC pool 'PS Scavenge' had collection(s): count=1 time=98ms
2023-11-06 09:26:47,034 [JvmPauseMonitor11] WARN  util.JvmPauseMonitor (JvmPauseMonitor.java:detectPause(124)) - JvmPauseMonitor-0e92623e-4dcf-4eff-ae25-f8b8c2de319b: Detected pause in JVM or host machine approximately 0.224s with 0.416s GC time.
GC pool 'PS MarkSweep' had collection(s): count=1 time=318ms
GC pool 'PS Scavenge' had collection(s): count=1 time=98ms
2023-11-06 09:26:47,034 [JvmPauseMonitor5] WARN  util.JvmPauseMonitor (JvmPauseMonitor.java:detectPause(124)) - JvmPauseMonitor-fadd24ee-4463-4420-97cf-bdd350ad83ae: Detected pause in JVM or host machine approximately 0.229s with 0.416s GC time.
GC pool 'PS MarkSweep' had collection(s): count=1 time=318ms
GC pool 'PS Scavenge' had collection(s): count=1 time=98ms
2023-11-06 09:26:47,034 [main] INFO  ozone.MiniOzoneClusterImpl (MiniOzoneClusterImpl.java:lambda$waitForClusterToBeReady$0(229)) - Nodes are ready. Got 10 of 10 DN Heartbeats.
2023-11-06 09:26:47,034 [main] INFO  ozone.MiniOzoneClusterImpl (MiniOzoneClusterImpl.java:lambda$waitForClusterToBeReady$0(232)) - Waiting for cluster to exit safe mode
2023-11-06 09:26:47,034 [main] INFO  ozone.MiniOzoneClusterImpl (MiniOzoneClusterImpl.java:lambda$waitForClusterToBeReady$0(234)) - SCM became leader
2023-11-06 09:26:47,035 [JvmPauseMonitor2] WARN  util.JvmPauseMonitor (JvmPauseMonitor.java:detectPause(124)) - JvmPauseMonitor-fedf11b8-0957-422e-880a-91cc26979c7a: Detected pause in JVM or host machine approximately 0.334s with 0.416s GC time.
GC pool 'PS MarkSweep' had collection(s): count=1 time=318ms
GC pool 'PS Scavenge' had collection(s): count=1 time=98ms
2023-11-06 09:26:47,035 [JvmPauseMonitor10] WARN  util.JvmPauseMonitor (JvmPauseMonitor.java:detectPause(124)) - JvmPauseMonitor-5f7d9b36-4620-4ba9-8a78-929bd6ddd1f9: Detected pause in JVM or host machine approximately 0.380s with 0.416s GC time.
GC pool 'PS MarkSweep' had collection(s): count=1 time=318ms
GC pool 'PS Scavenge' had collection(s): count=1 time=98ms
2023-11-06 09:26:47,035 [JvmPauseMonitor7] WARN  util.JvmPauseMonitor (JvmPauseMonitor.java:detectPause(124)) - JvmPauseMonitor-b7b1b697-3f82-4acb-89c8-f9bc2eccfa5a: Detected pause in JVM or host machine approximately 0.392s with 0.416s GC time.
GC pool 'PS MarkSweep' had collection(s): count=1 time=318ms
GC pool 'PS Scavenge' had collection(s): count=1 time=98ms
2023-11-06 09:26:47,036 [JvmPauseMonitor1] WARN  util.JvmPauseMonitor (JvmPauseMonitor.java:detectPause(124)) - JvmPauseMonitor-om1: Detected pause in JVM or host machine approximately 0.395s with 0.416s GC time.
GC pool 'PS MarkSweep' had collection(s): count=1 time=318ms
GC pool 'PS Scavenge' had collection(s): count=1 time=98ms
2023-11-06 09:26:47,037 [JvmPauseMonitor4] WARN  util.JvmPauseMonitor (JvmPauseMonitor.java:detectPause(124)) - JvmPauseMonitor-d9016e39-0130-4fd9-896a-cac3c2785d02: Detected pause in JVM or host machine approximately 0.410s with 0.416s GC time.
GC pool 'PS MarkSweep' had collection(s): count=1 time=318ms
GC pool 'PS Scavenge' had collection(s): count=1 time=98ms
2023-11-06 09:26:47,051 [d9016e39-0130-4fd9-896a-cac3c2785d02-groupManagement] INFO  server.RaftServerConfigKeys (ConfUtils.java:logGet(46)) - raft.server.log.unsafe-flush.enabled = false (default)
2023-11-06 09:26:47,052 [d9016e39-0130-4fd9-896a-cac3c2785d02-groupManagement] INFO  server.RaftServerConfigKeys (ConfUtils.java:logGet(46)) - raft.server.log.async-flush.enabled = false (default)
2023-11-06 09:26:47,052 [d9016e39-0130-4fd9-896a-cac3c2785d02-groupManagement] INFO  server.RaftServerConfigKeys (ConfUtils.java:logGet(46)) - raft.server.log.statemachine.data.caching.enabled = true (custom)
2023-11-06 09:26:47,052 [d9016e39-0130-4fd9-896a-cac3c2785d02-groupManagement] INFO  segmented.SegmentedRaftLogWorker (SegmentedRaftLogWorker.java:lambda$new$0(135)) - d9016e39-0130-4fd9-896a-cac3c2785d02@group-C449668A084E-SegmentedRaftLogWorker: flushIndex: setUnconditionally 0 -> -1
2023-11-06 09:26:47,052 [d9016e39-0130-4fd9-896a-cac3c2785d02-groupManagement] INFO  segmented.SegmentedRaftLogWorker (SegmentedRaftLogWorker.java:lambda$new$0(135)) - d9016e39-0130-4fd9-896a-cac3c2785d02@group-C449668A084E-SegmentedRaftLogWorker: safeCacheEvictIndex: setUnconditionally 0 -> -1
2023-11-06 09:26:47,057 [d9016e39-0130-4fd9-896a-cac3c2785d02-groupManagement] INFO  server.RaftServer$Division (RaftServerImpl.java:start(342)) - d9016e39-0130-4fd9-896a-cac3c2785d02@group-C449668A084E: start as a follower, conf=-1: peers:[d9016e39-0130-4fd9-896a-cac3c2785d02|rpc:10.1.0.6:15032|admin:10.1.0.6:15031|client:10.1.0.6:15030|dataStream:10.1.0.6:15033|priority:1|startupRole:FOLLOWER]|listeners:[], old=null
2023-11-06 09:26:47,057 [d9016e39-0130-4fd9-896a-cac3c2785d02-groupManagement] INFO  server.RaftServer$Division (RaftServerImpl.java:setRole(329)) - d9016e39-0130-4fd9-896a-cac3c2785d02@group-C449668A084E: changes role from      null to FOLLOWER at term 0 for startAsFollower
2023-11-06 09:26:47,057 [d9016e39-0130-4fd9-896a-cac3c2785d02-groupManagement] INFO  impl.RoleInfo (RoleInfo.java:updateAndGet(139)) - d9016e39-0130-4fd9-896a-cac3c2785d02: start d9016e39-0130-4fd9-896a-cac3c2785d02@group-C449668A084E-FollowerState
2023-11-06 09:26:47,060 [d9016e39-0130-4fd9-896a-cac3c2785d02-groupManagement] INFO  util.JmxRegister (JmxRegister.java:tryRegister(44)) - Successfully registered JMX Bean with object name Ratis:service=RaftServer,group=group-C449668A084E,id=d9016e39-0130-4fd9-896a-cac3c2785d02
2023-11-06 09:26:47,061 [d9016e39-0130-4fd9-896a-cac3c2785d02-groupManagement] INFO  server.RaftServerConfigKeys (ConfUtils.java:logGet(46)) - raft.server.snapshot.auto.trigger.enabled = true (custom)
2023-11-06 09:26:47,061 [d9016e39-0130-4fd9-896a-cac3c2785d02-groupManagement] INFO  server.RaftServerConfigKeys (ConfUtils.java:logGet(46)) - raft.server.snapshot.auto.trigger.threshold = 10000 (custom)
2023-11-06 09:26:47,061 [d9016e39-0130-4fd9-896a-cac3c2785d02-groupManagement] INFO  server.RaftServerConfigKeys (ConfUtils.java:logGet(46)) - raft.server.snapshot.retention.file.num = 5 (custom)
2023-11-06 09:26:47,064 [d9016e39-0130-4fd9-896a-cac3c2785d02-groupManagement] INFO  server.RaftServerConfigKeys (ConfUtils.java:logGet(46)) - raft.server.log.purge.upto.snapshot.index = false (default)
2023-11-06 09:26:47,065 [4cee0e49-9f18-41f8-8e67-157ccbc15955-PipelineCommandHandlerThread-0] INFO  server.RaftServer (RaftServerProxy.java:addNew(98)) - 4cee0e49-9f18-41f8-8e67-157ccbc15955: addNew group-C9EEF1442432:[4cee0e49-9f18-41f8-8e67-157ccbc15955|rpc:10.1.0.6:15050|admin:10.1.0.6:15049|client:10.1.0.6:15048|dataStream:10.1.0.6:15051|priority:1|startupRole:FOLLOWER] returns group-C9EEF1442432:java.util.concurrent.CompletableFuture@4290266e[Not completed]
2023-11-06 09:26:47,074 [d9016e39-0130-4fd9-896a-cac3c2785d02@group-C449668A084E-FollowerState] INFO  server.RaftServerConfigKeys (ConfUtils.java:logFallback(53)) - raft.server.rpc.first-election.timeout.min = 5s (fallback to raft.server.rpc.timeout.min)
2023-11-06 09:26:47,074 [d9016e39-0130-4fd9-896a-cac3c2785d02@group-C449668A084E-FollowerState] INFO  server.RaftServerConfigKeys (ConfUtils.java:logFallback(53)) - raft.server.rpc.first-election.timeout.max = 5200ms (fallback to raft.server.rpc.timeout.max)
2023-11-06 09:26:47,076 [d9016e39-0130-4fd9-896a-cac3c2785d02-PipelineCommandHandlerThread-0] INFO  ratis.XceiverServerRatis (XceiverServerRatis.java:addGroup(805)) - Created group PipelineID=4a550c64-9968-4de5-acde-c449668a084e
2023-11-06 09:26:47,076 [d9016e39-0130-4fd9-896a-cac3c2785d02-PipelineCommandHandlerThread-0] INFO  commandhandler.CreatePipelineCommandHandler (CreatePipelineCommandHandler.java:lambda$handle$2(124)) - Created Pipeline RATIS ONE PipelineID=4a550c64-9968-4de5-acde-c449668a084e.
2023-11-06 09:26:47,076 [d9016e39-0130-4fd9-896a-cac3c2785d02-PipelineCommandHandlerThread-0] INFO  server.RaftServer (RaftServerProxy.java:addNew(98)) - d9016e39-0130-4fd9-896a-cac3c2785d02: addNew group-3E664A0854E0:[d9016e39-0130-4fd9-896a-cac3c2785d02|rpc:10.1.0.6:15032|admin:10.1.0.6:15031|client:10.1.0.6:15030|dataStream:10.1.0.6:15033|priority:1|startupRole:FOLLOWER, fedf11b8-0957-422e-880a-91cc26979c7a|rpc:10.1.0.6:15014|admin:10.1.0.6:15013|client:10.1.0.6:15012|dataStream:10.1.0.6:15015|priority:0|startupRole:FOLLOWER, 0eeb79a9-13fd-416c-b2a7-6f654c6b5029|rpc:10.1.0.6:15023|admin:10.1.0.6:15022|client:10.1.0.6:15021|dataStream:10.1.0.6:15024|priority:0|startupRole:FOLLOWER] returns group-3E664A0854E0:java.util.concurrent.CompletableFuture@b7b11cf[Not completed]
2023-11-06 09:26:47,077 [d9016e39-0130-4fd9-896a-cac3c2785d02-groupManagement] INFO  server.RaftServer$Division (RaftServerImpl.java:<init>(198)) - d9016e39-0130-4fd9-896a-cac3c2785d02: new RaftServerImpl for group-3E664A0854E0:[d9016e39-0130-4fd9-896a-cac3c2785d02|rpc:10.1.0.6:15032|admin:10.1.0.6:15031|client:10.1.0.6:15030|dataStream:10.1.0.6:15033|priority:1|startupRole:FOLLOWER, fedf11b8-0957-422e-880a-91cc26979c7a|rpc:10.1.0.6:15014|admin:10.1.0.6:15013|client:10.1.0.6:15012|dataStream:10.1.0.6:15015|priority:0|startupRole:FOLLOWER, 0eeb79a9-13fd-416c-b2a7-6f654c6b5029|rpc:10.1.0.6:15023|admin:10.1.0.6:15022|client:10.1.0.6:15021|dataStream:10.1.0.6:15024|priority:0|startupRole:FOLLOWER] with ContainerStateMachine:uninitialized
2023-11-06 09:26:47,078 [d9016e39-0130-4fd9-896a-cac3c2785d02-groupManagement] INFO  server.RaftServerConfigKeys (ConfUtils.java:logGet(46)) - raft.server.rpc.timeout.min = 5s (custom)
2023-11-06 09:26:47,078 [d9016e39-0130-4fd9-896a-cac3c2785d02-groupManagement] INFO  server.RaftServerConfigKeys (ConfUtils.java:logGet(46)) - raft.server.rpc.timeout.max = 5200ms (custom)
2023-11-06 09:26:47,078 [d9016e39-0130-4fd9-896a-cac3c2785d02-groupManagement] INFO  server.RaftServerConfigKeys (ConfUtils.java:logGet(46)) - raft.server.rpc.sleep.time = 25ms (default)
2023-11-06 09:26:47,078 [d9016e39-0130-4fd9-896a-cac3c2785d02-groupManagement] INFO  server.RaftServerConfigKeys (ConfUtils.java:logGet(46)) - raft.server.rpc.slowness.timeout = 300s (custom)
2023-11-06 09:26:47,078 [d9016e39-0130-4fd9-896a-cac3c2785d02-groupManagement] INFO  server.RaftServerConfigKeys (ConfUtils.java:logGet(46)) - raft.server.leaderelection.leader.step-down.wait-time = 10s (default)
2023-11-06 09:26:47,078 [d9016e39-0130-4fd9-896a-cac3c2785d02-groupManagement] INFO  server.RaftServerConfigKeys (ConfUtils.java:logGet(46)) - raft.server.sleep.deviation.threshold = 300ms (default)
2023-11-06 09:26:47,078 [d9016e39-0130-4fd9-896a-cac3c2785d02-groupManagement] INFO  server.RaftServer$Division (ServerState.java:<init>(120)) - d9016e39-0130-4fd9-896a-cac3c2785d02@group-3E664A0854E0: ConfigurationManager, init=-1: peers:[d9016e39-0130-4fd9-896a-cac3c2785d02|rpc:10.1.0.6:15032|admin:10.1.0.6:15031|client:10.1.0.6:15030|dataStream:10.1.0.6:15033|priority:1|startupRole:FOLLOWER, fedf11b8-0957-422e-880a-91cc26979c7a|rpc:10.1.0.6:15014|admin:10.1.0.6:15013|client:10.1.0.6:15012|dataStream:10.1.0.6:15015|priority:0|startupRole:FOLLOWER, 0eeb79a9-13fd-416c-b2a7-6f654c6b5029|rpc:10.1.0.6:15023|admin:10.1.0.6:15022|client:10.1.0.6:15021|dataStream:10.1.0.6:15024|priority:0|startupRole:FOLLOWER]|listeners:[], old=null, confs=<EMPTY_MAP>
2023-11-06 09:26:47,078 [d9016e39-0130-4fd9-896a-cac3c2785d02-groupManagement] INFO  server.RaftServerConfigKeys (ConfUtils.java:logGet(46)) - raft.server.storage.dir = [/home/runner/work/ozone/ozone/hadoop-ozone/integration-test/target/test-dir/MiniOzoneClusterImpl-938474ea-96d6-4bd3-a45f-678920fb0bb2/datanode-2/data/ratis] (custom)
2023-11-06 09:26:47,078 [d9016e39-0130-4fd9-896a-cac3c2785d02-groupManagement] INFO  server.RaftServerConfigKeys (ConfUtils.java:logGet(46)) - raft.server.log.corruption.policy = EXCEPTION (default)
2023-11-06 09:26:47,078 [d9016e39-0130-4fd9-896a-cac3c2785d02-groupManagement] INFO  server.RaftServerConfigKeys (ConfUtils.java:logGet(46)) - raft.server.storage.free-space.min = 0MB (=0) (default)
2023-11-06 09:26:47,078 [d9016e39-0130-4fd9-896a-cac3c2785d02-groupManagement] INFO  server.RaftServerConfigKeys (ConfUtils.java:logGet(46)) - raft.server.notification.no-leader.timeout = 300s (custom)
2023-11-06 09:26:47,078 [d9016e39-0130-4fd9-896a-cac3c2785d02-groupManagement] INFO  server.RaftServerConfigKeys (ConfUtils.java:logGet(46)) - raft.server.read.timeout = 10s (default)
2023-11-06 09:26:47,079 [d9016e39-0130-4fd9-896a-cac3c2785d02-groupManagement] INFO  server.RaftServerConfigKeys (ConfUtils.java:logGet(46)) - raft.server.retrycache.expirytime = 600000ms (custom)
2023-11-06 09:26:47,079 [d9016e39-0130-4fd9-896a-cac3c2785d02-groupManagement] INFO  server.RaftServerConfigKeys (ConfUtils.java:logGet(46)) - raft.server.retrycache.statistics.expirytime = 100μs (default)
2023-11-06 09:26:47,079 [d9016e39-0130-4fd9-896a-cac3c2785d02-groupManagement] INFO  server.RaftServerConfigKeys (ConfUtils.java:logGet(46)) - raft.server.read.option = DEFAULT (default)
2023-11-06 09:26:47,080 [d9016e39-0130-4fd9-896a-cac3c2785d02-groupManagement] INFO  server.RaftServerConfigKeys (ConfUtils.java:logGet(46)) - raft.server.rpc.request.timeout = 60s (custom)
2023-11-06 09:26:47,080 [d9016e39-0130-4fd9-896a-cac3c2785d02-groupManagement] INFO  server.RaftServerConfigKeys (ConfUtils.java:logGet(46)) - raft.server.log.appender.install.snapshot.enabled = false (custom)
2023-11-06 09:26:47,080 [d9016e39-0130-4fd9-896a-cac3c2785d02-groupManagement] INFO  server.RaftServerConfigKeys (ConfUtils.java:logGet(46)) - raft.server.threadpool.server.cached = true (default)
2023-11-06 09:26:47,080 [d9016e39-0130-4fd9-896a-cac3c2785d02-groupManagement] INFO  server.RaftServerConfigKeys (ConfUtils.java:logGet(46)) - raft.server.threadpool.server.size = 0 (default)
2023-11-06 09:26:47,080 [d9016e39-0130-4fd9-896a-cac3c2785d02-groupManagement] INFO  server.RaftServerConfigKeys (ConfUtils.java:logGet(46)) - raft.server.threadpool.client.cached = true (default)
2023-11-06 09:26:47,080 [d9016e39-0130-4fd9-896a-cac3c2785d02-groupManagement] INFO  server.RaftServerConfigKeys (ConfUtils.java:logGet(46)) - raft.server.threadpool.client.size = 0 (default)
2023-11-06 09:26:47,080 [d9016e39-0130-4fd9-896a-cac3c2785d02-groupManagement] INFO  storage.RaftStorageDirectory (RaftStorageDirectoryImpl.java:analyzeStorage(137)) - The storage directory /home/runner/work/ozone/ozone/hadoop-ozone/integration-test/target/test-dir/MiniOzoneClusterImpl-938474ea-96d6-4bd3-a45f-678920fb0bb2/datanode-2/data/ratis/d6c272c6-0f48-426a-923d-3e664a0854e0 does not exist. Creating ...
2023-11-06 09:26:47,075 [4cee0e49-9f18-41f8-8e67-157ccbc15955-groupManagement] INFO  server.RaftServer$Division (RaftServerImpl.java:<init>(198)) - 4cee0e49-9f18-41f8-8e67-157ccbc15955: new RaftServerImpl for group-C9EEF1442432:[4cee0e49-9f18-41f8-8e67-157ccbc15955|rpc:10.1.0.6:15050|admin:10.1.0.6:15049|client:10.1.0.6:15048|dataStream:10.1.0.6:15051|priority:1|startupRole:FOLLOWER] with ContainerStateMachine:uninitialized
2023-11-06 09:26:47,081 [4cee0e49-9f18-41f8-8e67-157ccbc15955-groupManagement] INFO  server.RaftServerConfigKeys (ConfUtils.java:logGet(46)) - raft.server.rpc.timeout.min = 5s (custom)
2023-11-06 09:26:47,081 [4cee0e49-9f18-41f8-8e67-157ccbc15955-groupManagement] INFO  server.RaftServerConfigKeys (ConfUtils.java:logGet(46)) - raft.server.rpc.timeout.max = 5200ms (custom)
2023-11-06 09:26:47,081 [4cee0e49-9f18-41f8-8e67-157ccbc15955-groupManagement] INFO  server.RaftServerConfigKeys (ConfUtils.java:logGet(46)) - raft.server.rpc.sleep.time = 25ms (default)
2023-11-06 09:26:47,081 [4cee0e49-9f18-41f8-8e67-157ccbc15955-groupManagement] INFO  server.RaftServerConfigKeys (ConfUtils.java:logGet(46)) - raft.server.rpc.slowness.timeout = 300s (custom)
2023-11-06 09:26:47,081 [4cee0e49-9f18-41f8-8e67-157ccbc15955-groupManagement] INFO  server.RaftServerConfigKeys (ConfUtils.java:logGet(46)) - raft.server.leaderelection.leader.step-down.wait-time = 10s (default)
2023-11-06 09:26:47,081 [4cee0e49-9f18-41f8-8e67-157ccbc15955-groupManagement] INFO  server.RaftServerConfigKeys (ConfUtils.java:logGet(46)) - raft.server.sleep.deviation.threshold = 300ms (default)
2023-11-06 09:26:47,081 [4cee0e49-9f18-41f8-8e67-157ccbc15955-groupManagement] INFO  server.RaftServer$Division (ServerState.java:<init>(120)) - 4cee0e49-9f18-41f8-8e67-157ccbc15955@group-C9EEF1442432: ConfigurationManager, init=-1: peers:[4cee0e49-9f18-41f8-8e67-157ccbc15955|rpc:10.1.0.6:15050|admin:10.1.0.6:15049|client:10.1.0.6:15048|dataStream:10.1.0.6:15051|priority:1|startupRole:FOLLOWER]|listeners:[], old=null, confs=<EMPTY_MAP>
2023-11-06 09:26:47,081 [4cee0e49-9f18-41f8-8e67-157ccbc15955-groupManagement] INFO  server.RaftServerConfigKeys (ConfUtils.java:logGet(46)) - raft.server.storage.dir = [/home/runner/work/ozone/ozone/hadoop-ozone/integration-test/target/test-dir/MiniOzoneClusterImpl-938474ea-96d6-4bd3-a45f-678920fb0bb2/datanode-4/data/ratis] (custom)
2023-11-06 09:26:47,082 [4cee0e49-9f18-41f8-8e67-157ccbc15955-groupManagement] INFO  server.RaftServerConfigKeys (ConfUtils.java:logGet(46)) - raft.server.log.corruption.policy = EXCEPTION (default)
2023-11-06 09:26:47,082 [4cee0e49-9f18-41f8-8e67-157ccbc15955-groupManagement] INFO  server.RaftServerConfigKeys (ConfUtils.java:logGet(46)) - raft.server.storage.free-space.min = 0MB (=0) (default)
2023-11-06 09:26:47,082 [4cee0e49-9f18-41f8-8e67-157ccbc15955-groupManagement] INFO  server.RaftServerConfigKeys (ConfUtils.java:logGet(46)) - raft.server.notification.no-leader.timeout = 300s (custom)
2023-11-06 09:26:47,082 [4cee0e49-9f18-41f8-8e67-157ccbc15955-groupManagement] INFO  server.RaftServerConfigKeys (ConfUtils.java:logGet(46)) - raft.server.read.timeout = 10s (default)
2023-11-06 09:26:47,082 [4cee0e49-9f18-41f8-8e67-157ccbc15955-groupManagement] INFO  server.RaftServerConfigKeys (ConfUtils.java:logGet(46)) - raft.server.retrycache.expirytime = 600000ms (custom)
2023-11-06 09:26:47,082 [4cee0e49-9f18-41f8-8e67-157ccbc15955-groupManagement] INFO  server.RaftServerConfigKeys (ConfUtils.java:logGet(46)) - raft.server.retrycache.statistics.expirytime = 100μs (default)
2023-11-06 09:26:47,082 [4cee0e49-9f18-41f8-8e67-157ccbc15955-groupManagement] INFO  server.RaftServerConfigKeys (ConfUtils.java:logGet(46)) - raft.server.read.option = DEFAULT (default)
2023-11-06 09:26:47,082 [d9016e39-0130-4fd9-896a-cac3c2785d02-groupManagement] INFO  storage.RaftStorageDirectory (RaftStorageDirectoryImpl.java:tryLock(231)) - Lock on /home/runner/work/ozone/ozone/hadoop-ozone/integration-test/target/test-dir/MiniOzoneClusterImpl-938474ea-96d6-4bd3-a45f-678920fb0bb2/datanode-2/data/ratis/d6c272c6-0f48-426a-923d-3e664a0854e0/in_use.lock acquired by nodename 20533@fv-az241-347
2023-11-06 09:26:47,084 [d9016e39-0130-4fd9-896a-cac3c2785d02-groupManagement] INFO  storage.RaftStorage (RaftStorageImpl.java:format(96)) - Storage directory /home/runner/work/ozone/ozone/hadoop-ozone/integration-test/target/test-dir/MiniOzoneClusterImpl-938474ea-96d6-4bd3-a45f-678920fb0bb2/datanode-2/data/ratis/d6c272c6-0f48-426a-923d-3e664a0854e0 has been successfully formatted.
2023-11-06 09:26:47,084 [d9016e39-0130-4fd9-896a-cac3c2785d02-groupManagement] INFO  ratis.ContainerStateMachine (ContainerStateMachine.java:loadSnapshot(269)) - group-3E664A0854E0: The snapshot info is null. Setting the last applied indexto:(t:0, i:~)
2023-11-06 09:26:47,084 [d9016e39-0130-4fd9-896a-cac3c2785d02-groupManagement] INFO  server.RaftServerConfigKeys (ConfUtils.java:logGet(46)) - raft.server.log.use.memory = false (default)
2023-11-06 09:26:47,085 [d9016e39-0130-4fd9-896a-cac3c2785d02-groupManagement] INFO  server.RaftServerConfigKeys (ConfUtils.java:logGet(46)) - raft.server.log.purge.gap = 1000000 (custom)
2023-11-06 09:26:47,085 [d9016e39-0130-4fd9-896a-cac3c2785d02-groupManagement] INFO  server.RaftServerConfigKeys (ConfUtils.java:logGet(46)) - raft.server.log.appender.buffer.byte-limit = 33554432 (custom)
2023-11-06 09:26:47,085 [d9016e39-0130-4fd9-896a-cac3c2785d02-groupManagement] INFO  server.RaftServerConfigKeys (ConfUtils.java:logGet(46)) - raft.server.log.statemachine.data.read.timeout = 1000ms (default)
2023-11-06 09:26:47,085 [d9016e39-0130-4fd9-896a-cac3c2785d02-groupManagement] INFO  server.RaftServerConfigKeys (ConfUtils.java:logGet(46)) - raft.server.log.purge.preservation.log.num = 0 (default)
2023-11-06 09:26:47,085 [d9016e39-0130-4fd9-896a-cac3c2785d02-groupManagement] INFO  server.RaftServerConfigKeys (ConfUtils.java:logGet(46)) - raft.server.log.segment.size.max = 1048576 (custom)
2023-11-06 09:26:47,086 [EventQueue-OpenPipelineForHealthyPipelineSafeModeRule] INFO  safemode.SCMSafeModeManager (HealthyPipelineSafeModeRule.java:process(137)) - SCM in safe mode. Healthy pipelines reported count is 0, required healthy pipeline reported count is 1
2023-11-06 09:26:47,086 [d9016e39-0130-4fd9-896a-cac3c2785d02-groupManagement] INFO  server.RaftServerConfigKeys (ConfUtils.java:logGet(46)) - raft.server.log.segment.cache.num.max = 2 (custom)
2023-11-06 09:26:47,087 [d9016e39-0130-4fd9-896a-cac3c2785d02-groupManagement] INFO  server.RaftServerConfigKeys (ConfUtils.java:logGet(46)) - raft.server.log.segment.cache.size.max = 200MB (=209715200) (default)
2023-11-06 09:26:47,087 [d9016e39-0130-4fd9-896a-cac3c2785d02-groupManagement] INFO  server.RaftServerConfigKeys (ConfUtils.java:logGet(46)) - raft.server.log.appender.buffer.byte-limit = 33554432 (custom)
2023-11-06 09:26:47,087 [d9016e39-0130-4fd9-896a-cac3c2785d02-groupManagement] INFO  segmented.SegmentedRaftLogWorker (SegmentedRaftLogWorker.java:<init>(188)) - new d9016e39-0130-4fd9-896a-cac3c2785d02@group-3E664A0854E0-SegmentedRaftLogWorker for RaftStorageImpl:Storage Directory /home/runner/work/ozone/ozone/hadoop-ozone/integration-test/target/test-dir/MiniOzoneClusterImpl-938474ea-96d6-4bd3-a45f-678920fb0bb2/datanode-2/data/ratis/d6c272c6-0f48-426a-923d-3e664a0854e0
2023-11-06 09:26:47,087 [d9016e39-0130-4fd9-896a-cac3c2785d02-groupManagement] INFO  server.RaftServerConfigKeys (ConfUtils.java:logGet(46)) - raft.server.log.queue.byte-limit = 4294967296 (custom)
2023-11-06 09:26:47,087 [d9016e39-0130-4fd9-896a-cac3c2785d02-groupManagement] INFO  server.RaftServerConfigKeys (ConfUtils.java:logGet(46)) - raft.server.log.queue.element-limit = 1024 (custom)
2023-11-06 09:26:47,087 [d9016e39-0130-4fd9-896a-cac3c2785d02-groupManagement] INFO  server.RaftServerConfigKeys (ConfUtils.java:logGet(46)) - raft.server.log.segment.size.max = 1048576 (custom)
2023-11-06 09:26:47,087 [d9016e39-0130-4fd9-896a-cac3c2785d02-groupManagement] INFO  server.RaftServerConfigKeys (ConfUtils.java:logGet(46)) - raft.server.log.preallocated.size = 16384 (custom)
2023-11-06 09:26:47,087 [d9016e39-0130-4fd9-896a-cac3c2785d02-groupManagement] INFO  server.RaftServerConfigKeys (ConfUtils.java:logGet(46)) - raft.server.log.force.sync.num = 128 (default)
2023-11-06 09:26:47,087 [d9016e39-0130-4fd9-896a-cac3c2785d02-groupManagement] INFO  server.RaftServerConfigKeys (ConfUtils.java:logGet(46)) - raft.server.log.statemachine.data.sync = true (default)
2023-11-06 09:26:47,087 [d9016e39-0130-4fd9-896a-cac3c2785d02-groupManagement] INFO  server.RaftServerConfigKeys (ConfUtils.java:logGet(46)) - raft.server.log.statemachine.data.sync.timeout = 10s (default)
2023-11-06 09:26:47,087 [d9016e39-0130-4fd9-896a-cac3c2785d02-groupManagement] INFO  server.RaftServerConfigKeys (ConfUtils.java:logGet(46)) - raft.server.log.statemachine.data.sync.timeout.retry = -1 (default)
2023-11-06 09:26:47,092 [4cee0e49-9f18-41f8-8e67-157ccbc15955-groupManagement] INFO  server.RaftServerConfigKeys (ConfUtils.java:logGet(46)) - raft.server.rpc.request.timeout = 60s (custom)
2023-11-06 09:26:47,092 [4cee0e49-9f18-41f8-8e67-157ccbc15955-groupManagement] INFO  server.RaftServerConfigKeys (ConfUtils.java:logGet(46)) - raft.server.log.appender.install.snapshot.enabled = false (custom)
2023-11-06 09:26:47,092 [4cee0e49-9f18-41f8-8e67-157ccbc15955-groupManagement] INFO  server.RaftServerConfigKeys (ConfUtils.java:logGet(46)) - raft.server.threadpool.server.cached = true (default)
2023-11-06 09:26:47,092 [4cee0e49-9f18-41f8-8e67-157ccbc15955-groupManagement] INFO  server.RaftServerConfigKeys (ConfUtils.java:logGet(46)) - raft.server.threadpool.server.size = 0 (default)
2023-11-06 09:26:47,092 [4cee0e49-9f18-41f8-8e67-157ccbc15955-groupManagement] INFO  server.RaftServerConfigKeys (ConfUtils.java:logGet(46)) - raft.server.threadpool.client.cached = true (default)
2023-11-06 09:26:47,092 [4cee0e49-9f18-41f8-8e67-157ccbc15955-groupManagement] INFO  server.RaftServerConfigKeys (ConfUtils.java:logGet(46)) - raft.server.threadpool.client.size = 0 (default)
2023-11-06 09:26:47,092 [4cee0e49-9f18-41f8-8e67-157ccbc15955-groupManagement] INFO  storage.RaftStorageDirectory (RaftStorageDirectoryImpl.java:analyzeStorage(137)) - The storage directory /home/runner/work/ozone/ozone/hadoop-ozone/integration-test/target/test-dir/MiniOzoneClusterImpl-938474ea-96d6-4bd3-a45f-678920fb0bb2/datanode-4/data/ratis/195423ec-571f-40ba-bff8-c9eef1442432 does not exist. Creating ...
2023-11-06 09:26:47,093 [b7b1b697-3f82-4acb-89c8-f9bc2eccfa5a-PipelineCommandHandlerThread-0] INFO  server.RaftServer (RaftServerProxy.java:addNew(98)) - b7b1b697-3f82-4acb-89c8-f9bc2eccfa5a: addNew group-4561348E29F9:[b7b1b697-3f82-4acb-89c8-f9bc2eccfa5a|rpc:10.1.0.6:15059|admin:10.1.0.6:15058|client:10.1.0.6:15057|dataStream:10.1.0.6:15060|priority:1|startupRole:FOLLOWER] returns group-4561348E29F9:java.util.concurrent.CompletableFuture@4da10052[Not completed]
2023-11-06 09:26:47,094 [d9016e39-0130-4fd9-896a-cac3c2785d02-groupManagement] INFO  server.RaftServerConfigKeys (ConfUtils.java:logGet(46)) - raft.server.log.write.buffer.size = 1048576 (custom)
2023-11-06 09:26:47,093 [4cee0e49-9f18-41f8-8e67-157ccbc15955-groupManagement] INFO  storage.RaftStorageDirectory (RaftStorageDirectoryImpl.java:tryLock(231)) - Lock on /home/runner/work/ozone/ozone/hadoop-ozone/integration-test/target/test-dir/MiniOzoneClusterImpl-938474ea-96d6-4bd3-a45f-678920fb0bb2/datanode-4/data/ratis/195423ec-571f-40ba-bff8-c9eef1442432/in_use.lock acquired by nodename 20533@fv-az241-347
2023-11-06 09:26:47,098 [d9016e39-0130-4fd9-896a-cac3c2785d02-groupManagement] INFO  server.RaftServerConfigKeys (ConfUtils.java:logGet(46)) - raft.server.log.appender.buffer.byte-limit = 33554432 (custom)
2023-11-06 09:26:47,099 [4cee0e49-9f18-41f8-8e67-157ccbc15955-groupManagement] INFO  storage.RaftStorage (RaftStorageImpl.java:format(96)) - Storage directory /home/runner/work/ozone/ozone/hadoop-ozone/integration-test/target/test-dir/MiniOzoneClusterImpl-938474ea-96d6-4bd3-a45f-678920fb0bb2/datanode-4/data/ratis/195423ec-571f-40ba-bff8-c9eef1442432 has been successfully formatted.
2023-11-06 09:26:47,099 [4cee0e49-9f18-41f8-8e67-157ccbc15955-groupManagement] INFO  ratis.ContainerStateMachine (ContainerStateMachine.java:loadSnapshot(269)) - group-C9EEF1442432: The snapshot info is null. Setting the last applied indexto:(t:0, i:~)
2023-11-06 09:26:47,099 [4cee0e49-9f18-41f8-8e67-157ccbc15955-groupManagement] INFO  server.RaftServerConfigKeys (ConfUtils.java:logGet(46)) - raft.server.log.use.memory = false (default)
2023-11-06 09:26:47,099 [4cee0e49-9f18-41f8-8e67-157ccbc15955-groupManagement] INFO  server.RaftServerConfigKeys (ConfUtils.java:logGet(46)) - raft.server.log.purge.gap = 1000000 (custom)
2023-11-06 09:26:47,099 [4cee0e49-9f18-41f8-8e67-157ccbc15955-groupManagement] INFO  server.RaftServerConfigKeys (ConfUtils.java:logGet(46)) - raft.server.log.appender.buffer.byte-limit = 33554432 (custom)
2023-11-06 09:26:47,100 [4cee0e49-9f18-41f8-8e67-157ccbc15955-groupManagement] INFO  server.RaftServerConfigKeys (ConfUtils.java:logGet(46)) - raft.server.log.statemachine.data.read.timeout = 1000ms (default)
2023-11-06 09:26:47,100 [4cee0e49-9f18-41f8-8e67-157ccbc15955-groupManagement] INFO  server.RaftServerConfigKeys (ConfUtils.java:logGet(46)) - raft.server.log.purge.preservation.log.num = 0 (default)
2023-11-06 09:26:47,097 [fadd24ee-4463-4420-97cf-bdd350ad83ae-PipelineCommandHandlerThread-0] INFO  server.RaftServer (RaftServerProxy.java:addNew(98)) - fadd24ee-4463-4420-97cf-bdd350ad83ae: addNew group-BD8DE2487517:[fadd24ee-4463-4420-97cf-bdd350ad83ae|rpc:10.1.0.6:15041|admin:10.1.0.6:15040|client:10.1.0.6:15039|dataStream:10.1.0.6:15042|priority:1|startupRole:FOLLOWER] returns group-BD8DE2487517:java.util.concurrent.CompletableFuture@7067e757[Not completed]
2023-11-06 09:26:47,104 [4cee0e49-9f18-41f8-8e67-157ccbc15955-groupManagement] INFO  server.RaftServerConfigKeys (ConfUtils.java:logGet(46)) - raft.server.log.segment.size.max = 1048576 (custom)
2023-11-06 09:26:47,105 [4cee0e49-9f18-41f8-8e67-157ccbc15955-groupManagement] INFO  server.RaftServerConfigKeys (ConfUtils.java:logGet(46)) - raft.server.log.segment.cache.num.max = 2 (custom)
2023-11-06 09:26:47,105 [4cee0e49-9f18-41f8-8e67-157ccbc15955-groupManagement] INFO  server.RaftServerConfigKeys (ConfUtils.java:logGet(46)) - raft.server.log.segment.cache.size.max = 200MB (=209715200) (default)
2023-11-06 09:26:47,105 [4cee0e49-9f18-41f8-8e67-157ccbc15955-groupManagement] INFO  server.RaftServerConfigKeys (ConfUtils.java:logGet(46)) - raft.server.log.appender.buffer.byte-limit = 33554432 (custom)
2023-11-06 09:26:47,105 [4cee0e49-9f18-41f8-8e67-157ccbc15955-groupManagement] INFO  segmented.SegmentedRaftLogWorker (SegmentedRaftLogWorker.java:<init>(188)) - new 4cee0e49-9f18-41f8-8e67-157ccbc15955@group-C9EEF1442432-SegmentedRaftLogWorker for RaftStorageImpl:Storage Directory /home/runner/work/ozone/ozone/hadoop-ozone/integration-test/target/test-dir/MiniOzoneClusterImpl-938474ea-96d6-4bd3-a45f-678920fb0bb2/datanode-4/data/ratis/195423ec-571f-40ba-bff8-c9eef1442432
2023-11-06 09:26:47,110 [4cee0e49-9f18-41f8-8e67-157ccbc15955-groupManagement] INFO  server.RaftServerConfigKeys (ConfUtils.java:logGet(46)) - raft.server.log.queue.byte-limit = 4294967296 (custom)
2023-11-06 09:26:47,110 [4cee0e49-9f18-41f8-8e67-157ccbc15955-groupManagement] INFO  server.RaftServerConfigKeys (ConfUtils.java:logGet(46)) - raft.server.log.queue.element-limit = 1024 (custom)
2023-11-06 09:26:47,110 [4cee0e49-9f18-41f8-8e67-157ccbc15955-groupManagement] INFO  server.RaftServerConfigKeys (ConfUtils.java:logGet(46)) - raft.server.log.segment.size.max = 1048576 (custom)
2023-11-06 09:26:47,110 [4cee0e49-9f18-41f8-8e67-157ccbc15955-groupManagement] INFO  server.RaftServerConfigKeys (ConfUtils.java:logGet(46)) - raft.server.log.preallocated.size = 16384 (custom)
2023-11-06 09:26:47,110 [4cee0e49-9f18-41f8-8e67-157ccbc15955-groupManagement] INFO  server.RaftServerConfigKeys (ConfUtils.java:logGet(46)) - raft.server.log.force.sync.num = 128 (default)
2023-11-06 09:26:47,110 [4cee0e49-9f18-41f8-8e67-157ccbc15955-groupManagement] INFO  server.RaftServerConfigKeys (ConfUtils.java:logGet(46)) - raft.server.log.statemachine.data.sync = true (default)
2023-11-06 09:26:47,110 [4cee0e49-9f18-41f8-8e67-157ccbc15955-groupManagement] INFO  server.RaftServerConfigKeys (ConfUtils.java:logGet(46)) - raft.server.log.statemachine.data.sync.timeout = 10s (default)
2023-11-06 09:26:47,110 [4cee0e49-9f18-41f8-8e67-157ccbc15955-groupManagement] INFO  server.RaftServerConfigKeys (ConfUtils.java:logGet(46)) - raft.server.log.statemachine.data.sync.timeout.retry = -1 (default)
2023-11-06 09:26:47,108 [fadd24ee-4463-4420-97cf-bdd350ad83ae-groupManagement] INFO  server.RaftServer$Division (RaftServerImpl.java:<init>(198)) - fadd24ee-4463-4420-97cf-bdd350ad83ae: new RaftServerImpl for group-BD8DE2487517:[fadd24ee-4463-4420-97cf-bdd350ad83ae|rpc:10.1.0.6:15041|admin:10.1.0.6:15040|client:10.1.0.6:15039|dataStream:10.1.0.6:15042|priority:1|startupRole:FOLLOWER] with ContainerStateMachine:uninitialized
2023-11-06 09:26:47,111 [fadd24ee-4463-4420-97cf-bdd350ad83ae-groupManagement] INFO  server.RaftServerConfigKeys (ConfUtils.java:logGet(46)) - raft.server.rpc.timeout.min = 5s (custom)
2023-11-06 09:26:47,111 [fadd24ee-4463-4420-97cf-bdd350ad83ae-groupManagement] INFO  server.RaftServerConfigKeys (ConfUtils.java:logGet(46)) - raft.server.rpc.timeout.max = 5200ms (custom)
2023-11-06 09:26:47,111 [fadd24ee-4463-4420-97cf-bdd350ad83ae-groupManagement] INFO  server.RaftServerConfigKeys (ConfUtils.java:logGet(46)) - raft.server.rpc.sleep.time = 25ms (default)
2023-11-06 09:26:47,111 [fadd24ee-4463-4420-97cf-bdd350ad83ae-groupManagement] INFO  server.RaftServerConfigKeys (ConfUtils.java:logGet(46)) - raft.server.rpc.slowness.timeout = 300s (custom)
2023-11-06 09:26:47,111 [fadd24ee-4463-4420-97cf-bdd350ad83ae-groupManagement] INFO  server.RaftServerConfigKeys (ConfUtils.java:logGet(46)) - raft.server.leaderelection.leader.step-down.wait-time = 10s (default)
2023-11-06 09:26:47,111 [fadd24ee-4463-4420-97cf-bdd350ad83ae-groupManagement] INFO  server.RaftServerConfigKeys (ConfUtils.java:logGet(46)) - raft.server.sleep.deviation.threshold = 300ms (default)
2023-11-06 09:26:47,111 [fadd24ee-4463-4420-97cf-bdd350ad83ae-groupManagement] INFO  server.RaftServer$Division (ServerState.java:<init>(120)) - fadd24ee-4463-4420-97cf-bdd350ad83ae@group-BD8DE2487517: ConfigurationManager, init=-1: peers:[fadd24ee-4463-4420-97cf-bdd350ad83ae|rpc:10.1.0.6:15041|admin:10.1.0.6:15040|client:10.1.0.6:15039|dataStream:10.1.0.6:15042|priority:1|startupRole:FOLLOWER]|listeners:[], old=null, confs=<EMPTY_MAP>
2023-11-06 09:26:47,111 [fadd24ee-4463-4420-97cf-bdd350ad83ae-groupManagement] INFO  server.RaftServerConfigKeys (ConfUtils.java:logGet(46)) - raft.server.storage.dir = [/home/runner/work/ozone/ozone/hadoop-ozone/integration-test/target/test-dir/MiniOzoneClusterImpl-938474ea-96d6-4bd3-a45f-678920fb0bb2/datanode-3/data/ratis] (custom)
2023-11-06 09:26:47,112 [fadd24ee-4463-4420-97cf-bdd350ad83ae-groupManagement] INFO  server.RaftServerConfigKeys (ConfUtils.java:logGet(46)) - raft.server.log.corruption.policy = EXCEPTION (default)
2023-11-06 09:26:47,112 [fadd24ee-4463-4420-97cf-bdd350ad83ae-groupManagement] INFO  server.RaftServerConfigKeys (ConfUtils.java:logGet(46)) - raft.server.storage.free-space.min = 0MB (=0) (default)
2023-11-06 09:26:47,112 [fadd24ee-4463-4420-97cf-bdd350ad83ae-groupManagement] INFO  server.RaftServerConfigKeys (ConfUtils.java:logGet(46)) - raft.server.notification.no-leader.timeout = 300s (custom)
2023-11-06 09:26:47,112 [fadd24ee-4463-4420-97cf-bdd350ad83ae-groupManagement] INFO  server.RaftServerConfigKeys (ConfUtils.java:logGet(46)) - raft.server.read.timeout = 10s (default)
2023-11-06 09:26:47,112 [fadd24ee-4463-4420-97cf-bdd350ad83ae-groupManagement] INFO  server.RaftServerConfigKeys (ConfUtils.java:logGet(46)) - raft.server.retrycache.expirytime = 600000ms (custom)
2023-11-06 09:26:47,113 [fadd24ee-4463-4420-97cf-bdd350ad83ae-groupManagement] INFO  server.RaftServerConfigKeys (ConfUtils.java:logGet(46)) - raft.server.retrycache.statistics.expirytime = 100μs (default)
2023-11-06 09:26:47,116 [fadd24ee-4463-4420-97cf-bdd350ad83ae-groupManagement] INFO  server.RaftServerConfigKeys (ConfUtils.java:logGet(46)) - raft.server.read.option = DEFAULT (default)
2023-11-06 09:26:47,108 [b7b1b697-3f82-4acb-89c8-f9bc2eccfa5a-groupManagement] INFO  server.RaftServer$Division (RaftServerImpl.java:<init>(198)) - b7b1b697-3f82-4acb-89c8-f9bc2eccfa5a: new RaftServerImpl for group-4561348E29F9:[b7b1b697-3f82-4acb-89c8-f9bc2eccfa5a|rpc:10.1.0.6:15059|admin:10.1.0.6:15058|client:10.1.0.6:15057|dataStream:10.1.0.6:15060|priority:1|startupRole:FOLLOWER] with ContainerStateMachine:uninitialized
2023-11-06 09:26:47,107 [EventQueue-PipelineReportForPipelineReportHandler] INFO  pipeline.PipelineReportHandler (PipelineReportHandler.java:processPipelineReport(136)) - Opened pipeline PipelineID=195423ec-571f-40ba-bff8-c9eef1442432
2023-11-06 09:26:47,117 [EventQueue-OpenPipelineForHealthyPipelineSafeModeRule] INFO  safemode.SCMSafeModeManager (HealthyPipelineSafeModeRule.java:process(137)) - SCM in safe mode. Healthy pipelines reported count is 0, required healthy pipeline reported count is 1
2023-11-06 09:26:47,117 [b7b1b697-3f82-4acb-89c8-f9bc2eccfa5a-groupManagement] INFO  server.RaftServerConfigKeys (ConfUtils.java:logGet(46)) - raft.server.rpc.timeout.min = 5s (custom)
2023-11-06 09:26:47,122 [d9016e39-0130-4fd9-896a-cac3c2785d02-groupManagement] INFO  server.RaftServerConfigKeys (ConfUtils.java:logGet(46)) - raft.server.log.unsafe-flush.enabled = false (default)
2023-11-06 09:26:47,129 [d9016e39-0130-4fd9-896a-cac3c2785d02-groupManagement] INFO  server.RaftServerConfigKeys (ConfUtils.java:logGet(46)) - raft.server.log.async-flush.enabled = false (default)
2023-11-06 09:26:47,129 [d9016e39-0130-4fd9-896a-cac3c2785d02-groupManagement] INFO  server.RaftServerConfigKeys (ConfUtils.java:logGet(46)) - raft.server.log.statemachine.data.caching.enabled = true (custom)
2023-11-06 09:26:47,125 [b7b1b697-3f82-4acb-89c8-f9bc2eccfa5a-groupManagement] INFO  server.RaftServerConfigKeys (ConfUtils.java:logGet(46)) - raft.server.rpc.timeout.max = 5200ms (custom)
2023-11-06 09:26:47,129 [b7b1b697-3f82-4acb-89c8-f9bc2eccfa5a-groupManagement] INFO  server.RaftServerConfigKeys (ConfUtils.java:logGet(46)) - raft.server.rpc.sleep.time = 25ms (default)
2023-11-06 09:26:47,129 [b7b1b697-3f82-4acb-89c8-f9bc2eccfa5a-groupManagement] INFO  server.RaftServerConfigKeys (ConfUtils.java:logGet(46)) - raft.server.rpc.slowness.timeout = 300s (custom)
2023-11-06 09:26:47,129 [b7b1b697-3f82-4acb-89c8-f9bc2eccfa5a-groupManagement] INFO  server.RaftServerConfigKeys (ConfUtils.java:logGet(46)) - raft.server.leaderelection.leader.step-down.wait-time = 10s (default)
2023-11-06 09:26:47,129 [b7b1b697-3f82-4acb-89c8-f9bc2eccfa5a-groupManagement] INFO  server.RaftServerConfigKeys (ConfUtils.java:logGet(46)) - raft.server.sleep.deviation.threshold = 300ms (default)
2023-11-06 09:26:47,130 [b7b1b697-3f82-4acb-89c8-f9bc2eccfa5a-groupManagement] INFO  server.RaftServer$Division (ServerState.java:<init>(120)) - b7b1b697-3f82-4acb-89c8-f9bc2eccfa5a@group-4561348E29F9: ConfigurationManager, init=-1: peers:[b7b1b697-3f82-4acb-89c8-f9bc2eccfa5a|rpc:10.1.0.6:15059|admin:10.1.0.6:15058|client:10.1.0.6:15057|dataStream:10.1.0.6:15060|priority:1|startupRole:FOLLOWER]|listeners:[], old=null, confs=<EMPTY_MAP>
2023-11-06 09:26:47,130 [b7b1b697-3f82-4acb-89c8-f9bc2eccfa5a-groupManagement] INFO  server.RaftServerConfigKeys (ConfUtils.java:logGet(46)) - raft.server.storage.dir = [/home/runner/work/ozone/ozone/hadoop-ozone/integration-test/target/test-dir/MiniOzoneClusterImpl-938474ea-96d6-4bd3-a45f-678920fb0bb2/datanode-5/data/ratis] (custom)
2023-11-06 09:26:47,130 [b7b1b697-3f82-4acb-89c8-f9bc2eccfa5a-groupManagement] INFO  server.RaftServerConfigKeys (ConfUtils.java:logGet(46)) - raft.server.log.corruption.policy = EXCEPTION (default)
2023-11-06 09:26:47,130 [b7b1b697-3f82-4acb-89c8-f9bc2eccfa5a-groupManagement] INFO  server.RaftServerConfigKeys (ConfUtils.java:logGet(46)) - raft.server.storage.free-space.min = 0MB (=0) (default)
2023-11-06 09:26:47,131 [b7b1b697-3f82-4acb-89c8-f9bc2eccfa5a-groupManagement] INFO  server.RaftServerConfigKeys (ConfUtils.java:logGet(46)) - raft.server.notification.no-leader.timeout = 300s (custom)
2023-11-06 09:26:47,131 [b7b1b697-3f82-4acb-89c8-f9bc2eccfa5a-groupManagement] INFO  server.RaftServerConfigKeys (ConfUtils.java:logGet(46)) - raft.server.read.timeout = 10s (default)
2023-11-06 09:26:47,131 [b7b1b697-3f82-4acb-89c8-f9bc2eccfa5a-groupManagement] INFO  server.RaftServerConfigKeys (ConfUtils.java:logGet(46)) - raft.server.retrycache.expirytime = 600000ms (custom)
2023-11-06 09:26:47,129 [d9016e39-0130-4fd9-896a-cac3c2785d02-groupManagement] INFO  segmented.SegmentedRaftLogWorker (SegmentedRaftLogWorker.java:lambda$new$0(135)) - d9016e39-0130-4fd9-896a-cac3c2785d02@group-3E664A0854E0-SegmentedRaftLogWorker: flushIndex: setUnconditionally 0 -> -1
2023-11-06 09:26:47,134 [d9016e39-0130-4fd9-896a-cac3c2785d02-groupManagement] INFO  segmented.SegmentedRaftLogWorker (SegmentedRaftLogWorker.java:lambda$new$0(135)) - d9016e39-0130-4fd9-896a-cac3c2785d02@group-3E664A0854E0-SegmentedRaftLogWorker: safeCacheEvictIndex: setUnconditionally 0 -> -1
2023-11-06 09:26:47,134 [b7b1b697-3f82-4acb-89c8-f9bc2eccfa5a-groupManagement] INFO  server.RaftServerConfigKeys (ConfUtils.java:logGet(46)) - raft.server.retrycache.statistics.expirytime = 100μs (default)
2023-11-06 09:26:47,135 [b7b1b697-3f82-4acb-89c8-f9bc2eccfa5a-groupManagement] INFO  server.RaftServerConfigKeys (ConfUtils.java:logGet(46)) - raft.server.read.option = DEFAULT (default)
2023-11-06 09:26:47,135 [4cee0e49-9f18-41f8-8e67-157ccbc15955-groupManagement] INFO  server.RaftServerConfigKeys (ConfUtils.java:logGet(46)) - raft.server.log.write.buffer.size = 1048576 (custom)
2023-11-06 09:26:47,137 [4cee0e49-9f18-41f8-8e67-157ccbc15955-groupManagement] INFO  server.RaftServerConfigKeys (ConfUtils.java:logGet(46)) - raft.server.log.appender.buffer.byte-limit = 33554432 (custom)
2023-11-06 09:26:47,140 [d9016e39-0130-4fd9-896a-cac3c2785d02-groupManagement] INFO  server.RaftServer$Division (RaftServerImpl.java:start(342)) - d9016e39-0130-4fd9-896a-cac3c2785d02@group-3E664A0854E0: start as a follower, conf=-1: peers:[d9016e39-0130-4fd9-896a-cac3c2785d02|rpc:10.1.0.6:15032|admin:10.1.0.6:15031|client:10.1.0.6:15030|dataStream:10.1.0.6:15033|priority:1|startupRole:FOLLOWER, fedf11b8-0957-422e-880a-91cc26979c7a|rpc:10.1.0.6:15014|admin:10.1.0.6:15013|client:10.1.0.6:15012|dataStream:10.1.0.6:15015|priority:0|startupRole:FOLLOWER, 0eeb79a9-13fd-416c-b2a7-6f654c6b5029|rpc:10.1.0.6:15023|admin:10.1.0.6:15022|client:10.1.0.6:15021|dataStream:10.1.0.6:15024|priority:0|startupRole:FOLLOWER]|listeners:[], old=null
2023-11-06 09:26:47,140 [d9016e39-0130-4fd9-896a-cac3c2785d02-groupManagement] INFO  server.RaftServer$Division (RaftServerImpl.java:setRole(329)) - d9016e39-0130-4fd9-896a-cac3c2785d02@group-3E664A0854E0: changes role from      null to FOLLOWER at term 0 for startAsFollower
2023-11-06 09:26:47,140 [d9016e39-0130-4fd9-896a-cac3c2785d02-groupManagement] INFO  impl.RoleInfo (RoleInfo.java:updateAndGet(139)) - d9016e39-0130-4fd9-896a-cac3c2785d02: start d9016e39-0130-4fd9-896a-cac3c2785d02@group-3E664A0854E0-FollowerState
2023-11-06 09:26:47,141 [d9016e39-0130-4fd9-896a-cac3c2785d02-groupManagement] INFO  util.JmxRegister (JmxRegister.java:tryRegister(44)) - Successfully registered JMX Bean with object name Ratis:service=RaftServer,group=group-3E664A0854E0,id=d9016e39-0130-4fd9-896a-cac3c2785d02
2023-11-06 09:26:47,141 [d9016e39-0130-4fd9-896a-cac3c2785d02-groupManagement] INFO  server.RaftServerConfigKeys (ConfUtils.java:logGet(46)) - raft.server.snapshot.auto.trigger.enabled = true (custom)
2023-11-06 09:26:47,141 [d9016e39-0130-4fd9-896a-cac3c2785d02-groupManagement] INFO  server.RaftServerConfigKeys (ConfUtils.java:logGet(46)) - raft.server.snapshot.auto.trigger.threshold = 10000 (custom)
2023-11-06 09:26:47,142 [d9016e39-0130-4fd9-896a-cac3c2785d02-groupManagement] INFO  server.RaftServerConfigKeys (ConfUtils.java:logGet(46)) - raft.server.snapshot.retention.file.num = 5 (custom)
2023-11-06 09:26:47,142 [d9016e39-0130-4fd9-896a-cac3c2785d02-groupManagement] INFO  server.RaftServerConfigKeys (ConfUtils.java:logGet(46)) - raft.server.log.purge.upto.snapshot.index = false (default)
2023-11-06 09:26:47,144 [4cee0e49-9f18-41f8-8e67-157ccbc15955-groupManagement] INFO  server.RaftServerConfigKeys (ConfUtils.java:logGet(46)) - raft.server.log.unsafe-flush.enabled = false (default)
2023-11-06 09:26:47,146 [d9016e39-0130-4fd9-896a-cac3c2785d02-PipelineCommandHandlerThread-0] INFO  ratis.XceiverServerRatis (XceiverServerRatis.java:addGroup(805)) - Created group PipelineID=d6c272c6-0f48-426a-923d-3e664a0854e0
2023-11-06 09:26:47,144 [d9016e39-0130-4fd9-896a-cac3c2785d02@group-3E664A0854E0-FollowerState] INFO  server.RaftServerConfigKeys (ConfUtils.java:logFallback(53)) - raft.server.rpc.first-election.timeout.min = 5s (fallback to raft.server.rpc.timeout.min)
2023-11-06 09:26:47,155 [4cee0e49-9f18-41f8-8e67-157ccbc15955-groupManagement] INFO  server.RaftServerConfigKeys (ConfUtils.java:logGet(46)) - raft.server.log.async-flush.enabled = false (default)
2023-11-06 09:26:47,154 [b7b1b697-3f82-4acb-89c8-f9bc2eccfa5a-groupManagement] INFO  server.RaftServerConfigKeys (ConfUtils.java:logGet(46)) - raft.server.rpc.request.timeout = 60s (custom)
2023-11-06 09:26:47,154 [fadd24ee-4463-4420-97cf-bdd350ad83ae-groupManagement] INFO  server.RaftServerConfigKeys (ConfUtils.java:logGet(46)) - raft.server.rpc.request.timeout = 60s (custom)
2023-11-06 09:26:47,156 [fadd24ee-4463-4420-97cf-bdd350ad83ae-groupManagement] INFO  server.RaftServerConfigKeys (ConfUtils.java:logGet(46)) - raft.server.log.appender.install.snapshot.enabled = false (custom)
2023-11-06 09:26:47,156 [fadd24ee-4463-4420-97cf-bdd350ad83ae-groupManagement] INFO  server.RaftServerConfigKeys (ConfUtils.java:logGet(46)) - raft.server.threadpool.server.cached = true (default)
2023-11-06 09:26:47,156 [fadd24ee-4463-4420-97cf-bdd350ad83ae-groupManagement] INFO  server.RaftServerConfigKeys (ConfUtils.java:logGet(46)) - raft.server.threadpool.server.size = 0 (default)
2023-11-06 09:26:47,156 [fadd24ee-4463-4420-97cf-bdd350ad83ae-groupManagement] INFO  server.RaftServerConfigKeys (ConfUtils.java:logGet(46)) - raft.server.threadpool.client.cached = true (default)
2023-11-06 09:26:47,156 [fadd24ee-4463-4420-97cf-bdd350ad83ae-groupManagement] INFO  server.RaftServerConfigKeys (ConfUtils.java:logGet(46)) - raft.server.threadpool.client.size = 0 (default)
2023-11-06 09:26:47,156 [fadd24ee-4463-4420-97cf-bdd350ad83ae-groupManagement] INFO  storage.RaftStorageDirectory (RaftStorageDirectoryImpl.java:analyzeStorage(137)) - The storage directory /home/runner/work/ozone/ozone/hadoop-ozone/integration-test/target/test-dir/MiniOzoneClusterImpl-938474ea-96d6-4bd3-a45f-678920fb0bb2/datanode-3/data/ratis/01012b0d-99a6-42ee-9976-bd8de2487517 does not exist. Creating ...
2023-11-06 09:26:47,157 [b7b1b697-3f82-4acb-89c8-f9bc2eccfa5a-groupManagement] INFO  server.RaftServerConfigKeys (ConfUtils.java:logGet(46)) - raft.server.log.appender.install.snapshot.enabled = false (custom)
2023-11-06 09:26:47,157 [b7b1b697-3f82-4acb-89c8-f9bc2eccfa5a-groupManagement] INFO  server.RaftServerConfigKeys (ConfUtils.java:logGet(46)) - raft.server.threadpool.server.cached = true (default)
2023-11-06 09:26:47,157 [b7b1b697-3f82-4acb-89c8-f9bc2eccfa5a-groupManagement] INFO  server.RaftServerConfigKeys (ConfUtils.java:logGet(46)) - raft.server.threadpool.server.size = 0 (default)
2023-11-06 09:26:47,157 [b7b1b697-3f82-4acb-89c8-f9bc2eccfa5a-groupManagement] INFO  server.RaftServerConfigKeys (ConfUtils.java:logGet(46)) - raft.server.threadpool.client.cached = true (default)
2023-11-06 09:26:47,157 [b7b1b697-3f82-4acb-89c8-f9bc2eccfa5a-groupManagement] INFO  server.RaftServerConfigKeys (ConfUtils.java:logGet(46)) - raft.server.threadpool.client.size = 0 (default)
2023-11-06 09:26:47,157 [b7b1b697-3f82-4acb-89c8-f9bc2eccfa5a-groupManagement] INFO  storage.RaftStorageDirectory (RaftStorageDirectoryImpl.java:analyzeStorage(137)) - The storage directory /home/runner/work/ozone/ozone/hadoop-ozone/integration-test/target/test-dir/MiniOzoneClusterImpl-938474ea-96d6-4bd3-a45f-678920fb0bb2/datanode-5/data/ratis/064f2d62-7b19-47a1-a020-4561348e29f9 does not exist. Creating ...
2023-11-06 09:26:47,157 [fadd24ee-4463-4420-97cf-bdd350ad83ae-groupManagement] INFO  storage.RaftStorageDirectory (RaftStorageDirectoryImpl.java:tryLock(231)) - Lock on /home/runner/work/ozone/ozone/hadoop-ozone/integration-test/target/test-dir/MiniOzoneClusterImpl-938474ea-96d6-4bd3-a45f-678920fb0bb2/datanode-3/data/ratis/01012b0d-99a6-42ee-9976-bd8de2487517/in_use.lock acquired by nodename 20533@fv-az241-347
2023-11-06 09:26:47,158 [d9016e39-0130-4fd9-896a-cac3c2785d02@group-3E664A0854E0-FollowerState] INFO  server.RaftServerConfigKeys (ConfUtils.java:logFallback(53)) - raft.server.rpc.first-election.timeout.max = 5200ms (fallback to raft.server.rpc.timeout.max)
2023-11-06 09:26:47,158 [4cee0e49-9f18-41f8-8e67-157ccbc15955-groupManagement] INFO  server.RaftServerConfigKeys (ConfUtils.java:logGet(46)) - raft.server.log.statemachine.data.caching.enabled = true (custom)
2023-11-06 09:26:47,159 [4cee0e49-9f18-41f8-8e67-157ccbc15955-groupManagement] INFO  segmented.SegmentedRaftLogWorker (SegmentedRaftLogWorker.java:lambda$new$0(135)) - 4cee0e49-9f18-41f8-8e67-157ccbc15955@group-C9EEF1442432-SegmentedRaftLogWorker: flushIndex: setUnconditionally 0 -> -1
2023-11-06 09:26:47,159 [4cee0e49-9f18-41f8-8e67-157ccbc15955-groupManagement] INFO  segmented.SegmentedRaftLogWorker (SegmentedRaftLogWorker.java:lambda$new$0(135)) - 4cee0e49-9f18-41f8-8e67-157ccbc15955@group-C9EEF1442432-SegmentedRaftLogWorker: safeCacheEvictIndex: setUnconditionally 0 -> -1
2023-11-06 09:26:47,160 [fadd24ee-4463-4420-97cf-bdd350ad83ae-groupManagement] INFO  storage.RaftStorage (RaftStorageImpl.java:format(96)) - Storage directory /home/runner/work/ozone/ozone/hadoop-ozone/integration-test/target/test-dir/MiniOzoneClusterImpl-938474ea-96d6-4bd3-a45f-678920fb0bb2/datanode-3/data/ratis/01012b0d-99a6-42ee-9976-bd8de2487517 has been successfully formatted.
2023-11-06 09:26:47,160 [b7b1b697-3f82-4acb-89c8-f9bc2eccfa5a-groupManagement] INFO  storage.RaftStorageDirectory (RaftStorageDirectoryImpl.java:tryLock(231)) - Lock on /home/runner/work/ozone/ozone/hadoop-ozone/integration-test/target/test-dir/MiniOzoneClusterImpl-938474ea-96d6-4bd3-a45f-678920fb0bb2/datanode-5/data/ratis/064f2d62-7b19-47a1-a020-4561348e29f9/in_use.lock acquired by nodename 20533@fv-az241-347
2023-11-06 09:26:47,161 [b7b1b697-3f82-4acb-89c8-f9bc2eccfa5a-groupManagement] INFO  storage.RaftStorage (RaftStorageImpl.java:format(96)) - Storage directory /home/runner/work/ozone/ozone/hadoop-ozone/integration-test/target/test-dir/MiniOzoneClusterImpl-938474ea-96d6-4bd3-a45f-678920fb0bb2/datanode-5/data/ratis/064f2d62-7b19-47a1-a020-4561348e29f9 has been successfully formatted.
2023-11-06 09:26:47,162 [4cee0e49-9f18-41f8-8e67-157ccbc15955-groupManagement] INFO  server.RaftServer$Division (RaftServerImpl.java:start(342)) - 4cee0e49-9f18-41f8-8e67-157ccbc15955@group-C9EEF1442432: start as a follower, conf=-1: peers:[4cee0e49-9f18-41f8-8e67-157ccbc15955|rpc:10.1.0.6:15050|admin:10.1.0.6:15049|client:10.1.0.6:15048|dataStream:10.1.0.6:15051|priority:1|startupRole:FOLLOWER]|listeners:[], old=null
2023-11-06 09:26:47,162 [4cee0e49-9f18-41f8-8e67-157ccbc15955-groupManagement] INFO  server.RaftServer$Division (RaftServerImpl.java:setRole(329)) - 4cee0e49-9f18-41f8-8e67-157ccbc15955@group-C9EEF1442432: changes role from      null to FOLLOWER at term 0 for startAsFollower
2023-11-06 09:26:47,162 [4cee0e49-9f18-41f8-8e67-157ccbc15955-groupManagement] INFO  impl.RoleInfo (RoleInfo.java:updateAndGet(139)) - 4cee0e49-9f18-41f8-8e67-157ccbc15955: start 4cee0e49-9f18-41f8-8e67-157ccbc15955@group-C9EEF1442432-FollowerState
2023-11-06 09:26:47,163 [b7b1b697-3f82-4acb-89c8-f9bc2eccfa5a-groupManagement] INFO  ratis.ContainerStateMachine (ContainerStateMachine.java:loadSnapshot(269)) - group-4561348E29F9: The snapshot info is null. Setting the last applied indexto:(t:0, i:~)
2023-11-06 09:26:47,163 [b7b1b697-3f82-4acb-89c8-f9bc2eccfa5a-groupManagement] INFO  server.RaftServerConfigKeys (ConfUtils.java:logGet(46)) - raft.server.log.use.memory = false (default)
2023-11-06 09:26:47,163 [b7b1b697-3f82-4acb-89c8-f9bc2eccfa5a-groupManagement] INFO  server.RaftServerConfigKeys (ConfUtils.java:logGet(46)) - raft.server.log.purge.gap = 1000000 (custom)
2023-11-06 09:26:47,163 [b7b1b697-3f82-4acb-89c8-f9bc2eccfa5a-groupManagement] INFO  server.RaftServerConfigKeys (ConfUtils.java:logGet(46)) - raft.server.log.appender.buffer.byte-limit = 33554432 (custom)
2023-11-06 09:26:47,163 [b7b1b697-3f82-4acb-89c8-f9bc2eccfa5a-groupManagement] INFO  server.RaftServerConfigKeys (ConfUtils.java:logGet(46)) - raft.server.log.statemachine.data.read.timeout = 1000ms (default)
2023-11-06 09:26:47,163 [b7b1b697-3f82-4acb-89c8-f9bc2eccfa5a-groupManagement] INFO  server.RaftServerConfigKeys (ConfUtils.java:logGet(46)) - raft.server.log.purge.preservation.log.num = 0 (default)
2023-11-06 09:26:47,163 [b7b1b697-3f82-4acb-89c8-f9bc2eccfa5a-groupManagement] INFO  server.RaftServerConfigKeys (ConfUtils.java:logGet(46)) - raft.server.log.segment.size.max = 1048576 (custom)
2023-11-06 09:26:47,166 [fadd24ee-4463-4420-97cf-bdd350ad83ae-groupManagement] INFO  ratis.ContainerStateMachine (ContainerStateMachine.java:loadSnapshot(269)) - group-BD8DE2487517: The snapshot info is null. Setting the last applied indexto:(t:0, i:~)
2023-11-06 09:26:47,168 [fadd24ee-4463-4420-97cf-bdd350ad83ae-groupManagement] INFO  server.RaftServerConfigKeys (ConfUtils.java:logGet(46)) - raft.server.log.use.memory = false (default)
2023-11-06 09:26:47,168 [fadd24ee-4463-4420-97cf-bdd350ad83ae-groupManagement] INFO  server.RaftServerConfigKeys (ConfUtils.java:logGet(46)) - raft.server.log.purge.gap = 1000000 (custom)
2023-11-06 09:26:47,168 [fadd24ee-4463-4420-97cf-bdd350ad83ae-groupManagement] INFO  server.RaftServerConfigKeys (ConfUtils.java:logGet(46)) - raft.server.log.appender.buffer.byte-limit = 33554432 (custom)
2023-11-06 09:26:47,168 [fadd24ee-4463-4420-97cf-bdd350ad83ae-groupManagement] INFO  server.RaftServerConfigKeys (ConfUtils.java:logGet(46)) - raft.server.log.statemachine.data.read.timeout = 1000ms (default)
2023-11-06 09:26:47,168 [fadd24ee-4463-4420-97cf-bdd350ad83ae-groupManagement] INFO  server.RaftServerConfigKeys (ConfUtils.java:logGet(46)) - raft.server.log.purge.preservation.log.num = 0 (default)
2023-11-06 09:26:47,168 [fadd24ee-4463-4420-97cf-bdd350ad83ae-groupManagement] INFO  server.RaftServerConfigKeys (ConfUtils.java:logGet(46)) - raft.server.log.segment.size.max = 1048576 (custom)
2023-11-06 09:26:47,169 [fadd24ee-4463-4420-97cf-bdd350ad83ae-groupManagement] INFO  server.RaftServerConfigKeys (ConfUtils.java:logGet(46)) - raft.server.log.segment.cache.num.max = 2 (custom)
2023-11-06 09:26:47,169 [fadd24ee-4463-4420-97cf-bdd350ad83ae-groupManagement] INFO  server.RaftServerConfigKeys (ConfUtils.java:logGet(46)) - raft.server.log.segment.cache.size.max = 200MB (=209715200) (default)
2023-11-06 09:26:47,169 [fadd24ee-4463-4420-97cf-bdd350ad83ae-groupManagement] INFO  server.RaftServerConfigKeys (ConfUtils.java:logGet(46)) - raft.server.log.appender.buffer.byte-limit = 33554432 (custom)
2023-11-06 09:26:47,169 [fadd24ee-4463-4420-97cf-bdd350ad83ae-groupManagement] INFO  segmented.SegmentedRaftLogWorker (SegmentedRaftLogWorker.java:<init>(188)) - new fadd24ee-4463-4420-97cf-bdd350ad83ae@group-BD8DE2487517-SegmentedRaftLogWorker for RaftStorageImpl:Storage Directory /home/runner/work/ozone/ozone/hadoop-ozone/integration-test/target/test-dir/MiniOzoneClusterImpl-938474ea-96d6-4bd3-a45f-678920fb0bb2/datanode-3/data/ratis/01012b0d-99a6-42ee-9976-bd8de2487517
2023-11-06 09:26:47,169 [fadd24ee-4463-4420-97cf-bdd350ad83ae-groupManagement] INFO  server.RaftServerConfigKeys (ConfUtils.java:logGet(46)) - raft.server.log.queue.byte-limit = 4294967296 (custom)
2023-11-06 09:26:47,169 [fadd24ee-4463-4420-97cf-bdd350ad83ae-groupManagement] INFO  server.RaftServerConfigKeys (ConfUtils.java:logGet(46)) - raft.server.log.queue.element-limit = 1024 (custom)
2023-11-06 09:26:47,169 [fadd24ee-4463-4420-97cf-bdd350ad83ae-groupManagement] INFO  server.RaftServerConfigKeys (ConfUtils.java:logGet(46)) - raft.server.log.segment.size.max = 1048576 (custom)
2023-11-06 09:26:47,169 [fadd24ee-4463-4420-97cf-bdd350ad83ae-groupManagement] INFO  server.RaftServerConfigKeys (ConfUtils.java:logGet(46)) - raft.server.log.preallocated.size = 16384 (custom)
2023-11-06 09:26:47,169 [fadd24ee-4463-4420-97cf-bdd350ad83ae-groupManagement] INFO  server.RaftServerConfigKeys (ConfUtils.java:logGet(46)) - raft.server.log.force.sync.num = 128 (default)
2023-11-06 09:26:47,169 [fadd24ee-4463-4420-97cf-bdd350ad83ae-groupManagement] INFO  server.RaftServerConfigKeys (ConfUtils.java:logGet(46)) - raft.server.log.statemachine.data.sync = true (default)
2023-11-06 09:26:47,169 [fadd24ee-4463-4420-97cf-bdd350ad83ae-groupManagement] INFO  server.RaftServerConfigKeys (ConfUtils.java:logGet(46)) - raft.server.log.statemachine.data.sync.timeout = 10s (default)
2023-11-06 09:26:47,169 [fadd24ee-4463-4420-97cf-bdd350ad83ae-groupManagement] INFO  server.RaftServerConfigKeys (ConfUtils.java:logGet(46)) - raft.server.log.statemachine.data.sync.timeout.retry = -1 (default)
2023-11-06 09:26:47,170 [fadd24ee-4463-4420-97cf-bdd350ad83ae-groupManagement] INFO  server.RaftServerConfigKeys (ConfUtils.java:logGet(46)) - raft.server.log.write.buffer.size = 1048576 (custom)
2023-11-06 09:26:47,171 [fadd24ee-4463-4420-97cf-bdd350ad83ae-groupManagement] INFO  server.RaftServerConfigKeys (ConfUtils.java:logGet(46)) - raft.server.log.appender.buffer.byte-limit = 33554432 (custom)
2023-11-06 09:26:47,166 [4cee0e49-9f18-41f8-8e67-157ccbc15955@group-C9EEF1442432-FollowerState] INFO  server.RaftServerConfigKeys (ConfUtils.java:logFallback(53)) - raft.server.rpc.first-election.timeout.min = 5s (fallback to raft.server.rpc.timeout.min)
2023-11-06 09:26:47,165 [4cee0e49-9f18-41f8-8e67-157ccbc15955-groupManagement] INFO  util.JmxRegister (JmxRegister.java:tryRegister(44)) - Successfully registered JMX Bean with object name Ratis:service=RaftServer,group=group-C9EEF1442432,id=4cee0e49-9f18-41f8-8e67-157ccbc15955
2023-11-06 09:26:47,164 [EventQueue-PipelineReportForPipelineReportHandler] INFO  pipeline.PipelineReportHandler (PipelineReportHandler.java:processPipelineReport(136)) - Opened pipeline PipelineID=064f2d62-7b19-47a1-a020-4561348e29f9
2023-11-06 09:26:47,183 [4cee0e49-9f18-41f8-8e67-157ccbc15955-groupManagement] INFO  server.RaftServerConfigKeys (ConfUtils.java:logGet(46)) - raft.server.snapshot.auto.trigger.enabled = true (custom)
2023-11-06 09:26:47,183 [4cee0e49-9f18-41f8-8e67-157ccbc15955-groupManagement] INFO  server.RaftServerConfigKeys (ConfUtils.java:logGet(46)) - raft.server.snapshot.auto.trigger.threshold = 10000 (custom)
2023-11-06 09:26:47,183 [4cee0e49-9f18-41f8-8e67-157ccbc15955-groupManagement] INFO  server.RaftServerConfigKeys (ConfUtils.java:logGet(46)) - raft.server.snapshot.retention.file.num = 5 (custom)
2023-11-06 09:26:47,183 [4cee0e49-9f18-41f8-8e67-157ccbc15955-groupManagement] INFO  server.RaftServerConfigKeys (ConfUtils.java:logGet(46)) - raft.server.log.purge.upto.snapshot.index = false (default)
2023-11-06 09:26:47,183 [EventQueue-PipelineReportForPipelineReportHandler] INFO  pipeline.PipelineReportHandler (PipelineReportHandler.java:processPipelineReport(136)) - Opened pipeline PipelineID=01012b0d-99a6-42ee-9976-bd8de2487517
2023-11-06 09:26:47,184 [EventQueue-OpenPipelineForHealthyPipelineSafeModeRule] INFO  safemode.SCMSafeModeManager (HealthyPipelineSafeModeRule.java:process(137)) - SCM in safe mode. Healthy pipelines reported count is 0, required healthy pipeline reported count is 1
2023-11-06 09:26:47,184 [EventQueue-OpenPipelineForHealthyPipelineSafeModeRule] INFO  safemode.SCMSafeModeManager (HealthyPipelineSafeModeRule.java:process(137)) - SCM in safe mode. Healthy pipelines reported count is 0, required healthy pipeline reported count is 1
2023-11-06 09:26:47,184 [4cee0e49-9f18-41f8-8e67-157ccbc15955@group-C9EEF1442432-FollowerState] INFO  server.RaftServerConfigKeys (ConfUtils.java:logFallback(53)) - raft.server.rpc.first-election.timeout.max = 5200ms (fallback to raft.server.rpc.timeout.max)
2023-11-06 09:26:47,178 [fadd24ee-4463-4420-97cf-bdd350ad83ae-groupManagement] INFO  server.RaftServerConfigKeys (ConfUtils.java:logGet(46)) - raft.server.log.unsafe-flush.enabled = false (default)
2023-11-06 09:26:47,178 [b7b1b697-3f82-4acb-89c8-f9bc2eccfa5a-groupManagement] INFO  server.RaftServerConfigKeys (ConfUtils.java:logGet(46)) - raft.server.log.segment.cache.num.max = 2 (custom)
2023-11-06 09:26:47,191 [b7b1b697-3f82-4acb-89c8-f9bc2eccfa5a-groupManagement] INFO  server.RaftServerConfigKeys (ConfUtils.java:logGet(46)) - raft.server.log.segment.cache.size.max = 200MB (=209715200) (default)
2023-11-06 09:26:47,191 [b7b1b697-3f82-4acb-89c8-f9bc2eccfa5a-groupManagement] INFO  server.RaftServerConfigKeys (ConfUtils.java:logGet(46)) - raft.server.log.appender.buffer.byte-limit = 33554432 (custom)
2023-11-06 09:26:47,191 [b7b1b697-3f82-4acb-89c8-f9bc2eccfa5a-groupManagement] INFO  segmented.SegmentedRaftLogWorker (SegmentedRaftLogWorker.java:<init>(188)) - new b7b1b697-3f82-4acb-89c8-f9bc2eccfa5a@group-4561348E29F9-SegmentedRaftLogWorker for RaftStorageImpl:Storage Directory /home/runner/work/ozone/ozone/hadoop-ozone/integration-test/target/test-dir/MiniOzoneClusterImpl-938474ea-96d6-4bd3-a45f-678920fb0bb2/datanode-5/data/ratis/064f2d62-7b19-47a1-a020-4561348e29f9
2023-11-06 09:26:47,191 [b7b1b697-3f82-4acb-89c8-f9bc2eccfa5a-groupManagement] INFO  server.RaftServerConfigKeys (ConfUtils.java:logGet(46)) - raft.server.log.queue.byte-limit = 4294967296 (custom)
2023-11-06 09:26:47,191 [b7b1b697-3f82-4acb-89c8-f9bc2eccfa5a-groupManagement] INFO  server.RaftServerConfigKeys (ConfUtils.java:logGet(46)) - raft.server.log.queue.element-limit = 1024 (custom)
2023-11-06 09:26:47,191 [b7b1b697-3f82-4acb-89c8-f9bc2eccfa5a-groupManagement] INFO  server.RaftServerConfigKeys (ConfUtils.java:logGet(46)) - raft.server.log.segment.size.max = 1048576 (custom)
2023-11-06 09:26:47,191 [b7b1b697-3f82-4acb-89c8-f9bc2eccfa5a-groupManagement] INFO  server.RaftServerConfigKeys (ConfUtils.java:logGet(46)) - raft.server.log.preallocated.size = 16384 (custom)
2023-11-06 09:26:47,191 [b7b1b697-3f82-4acb-89c8-f9bc2eccfa5a-groupManagement] INFO  server.RaftServerConfigKeys (ConfUtils.java:logGet(46)) - raft.server.log.force.sync.num = 128 (default)
2023-11-06 09:26:47,191 [b7b1b697-3f82-4acb-89c8-f9bc2eccfa5a-groupManagement] INFO  server.RaftServerConfigKeys (ConfUtils.java:logGet(46)) - raft.server.log.statemachine.data.sync = true (default)
2023-11-06 09:26:47,191 [b7b1b697-3f82-4acb-89c8-f9bc2eccfa5a-groupManagement] INFO  server.RaftServerConfigKeys (ConfUtils.java:logGet(46)) - raft.server.log.statemachine.data.sync.timeout = 10s (default)
2023-11-06 09:26:47,191 [b7b1b697-3f82-4acb-89c8-f9bc2eccfa5a-groupManagement] INFO  server.RaftServerConfigKeys (ConfUtils.java:logGet(46)) - raft.server.log.statemachine.data.sync.timeout.retry = -1 (default)
2023-11-06 09:26:47,185 [4cee0e49-9f18-41f8-8e67-157ccbc15955-PipelineCommandHandlerThread-0] INFO  ratis.XceiverServerRatis (XceiverServerRatis.java:addGroup(805)) - Created group PipelineID=195423ec-571f-40ba-bff8-c9eef1442432
2023-11-06 09:26:47,191 [4cee0e49-9f18-41f8-8e67-157ccbc15955-PipelineCommandHandlerThread-0] INFO  commandhandler.CreatePipelineCommandHandler (CreatePipelineCommandHandler.java:lambda$handle$2(124)) - Created Pipeline RATIS ONE PipelineID=195423ec-571f-40ba-bff8-c9eef1442432.
2023-11-06 09:26:47,192 [4cee0e49-9f18-41f8-8e67-157ccbc15955-PipelineCommandHandlerThread-0] INFO  server.RaftServer (RaftServerProxy.java:addNew(98)) - 4cee0e49-9f18-41f8-8e67-157ccbc15955: addNew group-67654037FCFA:[fadd24ee-4463-4420-97cf-bdd350ad83ae|rpc:10.1.0.6:15041|admin:10.1.0.6:15040|client:10.1.0.6:15039|dataStream:10.1.0.6:15042|priority:0|startupRole:FOLLOWER, b7b1b697-3f82-4acb-89c8-f9bc2eccfa5a|rpc:10.1.0.6:15059|admin:10.1.0.6:15058|client:10.1.0.6:15057|dataStream:10.1.0.6:15060|priority:0|startupRole:FOLLOWER, 4cee0e49-9f18-41f8-8e67-157ccbc15955|rpc:10.1.0.6:15050|admin:10.1.0.6:15049|client:10.1.0.6:15048|dataStream:10.1.0.6:15051|priority:1|startupRole:FOLLOWER] returns group-67654037FCFA:java.util.concurrent.CompletableFuture@46afaae4[Not completed]
2023-11-06 09:26:47,192 [fadd24ee-4463-4420-97cf-bdd350ad83ae-groupManagement] INFO  server.RaftServerConfigKeys (ConfUtils.java:logGet(46)) - raft.server.log.async-flush.enabled = false (default)
2023-11-06 09:26:47,192 [fadd24ee-4463-4420-97cf-bdd350ad83ae-groupManagement] INFO  server.RaftServerConfigKeys (ConfUtils.java:logGet(46)) - raft.server.log.statemachine.data.caching.enabled = true (custom)
2023-11-06 09:26:47,193 [fadd24ee-4463-4420-97cf-bdd350ad83ae-groupManagement] INFO  segmented.SegmentedRaftLogWorker (SegmentedRaftLogWorker.java:lambda$new$0(135)) - fadd24ee-4463-4420-97cf-bdd350ad83ae@group-BD8DE2487517-SegmentedRaftLogWorker: flushIndex: setUnconditionally 0 -> -1
2023-11-06 09:26:47,193 [fadd24ee-4463-4420-97cf-bdd350ad83ae-groupManagement] INFO  segmented.SegmentedRaftLogWorker (SegmentedRaftLogWorker.java:lambda$new$0(135)) - fadd24ee-4463-4420-97cf-bdd350ad83ae@group-BD8DE2487517-SegmentedRaftLogWorker: safeCacheEvictIndex: setUnconditionally 0 -> -1
2023-11-06 09:26:47,193 [fadd24ee-4463-4420-97cf-bdd350ad83ae-groupManagement] INFO  server.RaftServer$Division (RaftServerImpl.java:start(342)) - fadd24ee-4463-4420-97cf-bdd350ad83ae@group-BD8DE2487517: start as a follower, conf=-1: peers:[fadd24ee-4463-4420-97cf-bdd350ad83ae|rpc:10.1.0.6:15041|admin:10.1.0.6:15040|client:10.1.0.6:15039|dataStream:10.1.0.6:15042|priority:1|startupRole:FOLLOWER]|listeners:[], old=null
2023-11-06 09:26:47,193 [fadd24ee-4463-4420-97cf-bdd350ad83ae-groupManagement] INFO  server.RaftServer$Division (RaftServerImpl.java:setRole(329)) - fadd24ee-4463-4420-97cf-bdd350ad83ae@group-BD8DE2487517: changes role from      null to FOLLOWER at term 0 for startAsFollower
2023-11-06 09:26:47,193 [fadd24ee-4463-4420-97cf-bdd350ad83ae-groupManagement] INFO  impl.RoleInfo (RoleInfo.java:updateAndGet(139)) - fadd24ee-4463-4420-97cf-bdd350ad83ae: start fadd24ee-4463-4420-97cf-bdd350ad83ae@group-BD8DE2487517-FollowerState
2023-11-06 09:26:47,194 [fadd24ee-4463-4420-97cf-bdd350ad83ae@group-BD8DE2487517-FollowerState] INFO  server.RaftServerConfigKeys (ConfUtils.java:logFallback(53)) - raft.server.rpc.first-election.timeout.min = 5s (fallback to raft.server.rpc.timeout.min)
2023-11-06 09:26:47,194 [fadd24ee-4463-4420-97cf-bdd350ad83ae@group-BD8DE2487517-FollowerState] INFO  server.RaftServerConfigKeys (ConfUtils.java:logFallback(53)) - raft.server.rpc.first-election.timeout.max = 5200ms (fallback to raft.server.rpc.timeout.max)
2023-11-06 09:26:47,203 [4cee0e49-9f18-41f8-8e67-157ccbc15955-groupManagement] INFO  server.RaftServer$Division (RaftServerImpl.java:<init>(198)) - 4cee0e49-9f18-41f8-8e67-157ccbc15955: new RaftServerImpl for group-67654037FCFA:[fadd24ee-4463-4420-97cf-bdd350ad83ae|rpc:10.1.0.6:15041|admin:10.1.0.6:15040|client:10.1.0.6:15039|dataStream:10.1.0.6:15042|priority:0|startupRole:FOLLOWER, b7b1b697-3f82-4acb-89c8-f9bc2eccfa5a|rpc:10.1.0.6:15059|admin:10.1.0.6:15058|client:10.1.0.6:15057|dataStream:10.1.0.6:15060|priority:0|startupRole:FOLLOWER, 4cee0e49-9f18-41f8-8e67-157ccbc15955|rpc:10.1.0.6:15050|admin:10.1.0.6:15049|client:10.1.0.6:15048|dataStream:10.1.0.6:15051|priority:1|startupRole:FOLLOWER] with ContainerStateMachine:uninitialized
2023-11-06 09:26:47,203 [4cee0e49-9f18-41f8-8e67-157ccbc15955-groupManagement] INFO  server.RaftServerConfigKeys (ConfUtils.java:logGet(46)) - raft.server.rpc.timeout.min = 5s (custom)
2023-11-06 09:26:47,204 [4cee0e49-9f18-41f8-8e67-157ccbc15955-groupManagement] INFO  server.RaftServerConfigKeys (ConfUtils.java:logGet(46)) - raft.server.rpc.timeout.max = 5200ms (custom)
2023-11-06 09:26:47,204 [4cee0e49-9f18-41f8-8e67-157ccbc15955-groupManagement] INFO  server.RaftServerConfigKeys (ConfUtils.java:logGet(46)) - raft.server.rpc.sleep.time = 25ms (default)
2023-11-06 09:26:47,204 [4cee0e49-9f18-41f8-8e67-157ccbc15955-groupManagement] INFO  server.RaftServerConfigKeys (ConfUtils.java:logGet(46)) - raft.server.rpc.slowness.timeout = 300s (custom)
2023-11-06 09:26:47,204 [4cee0e49-9f18-41f8-8e67-157ccbc15955-groupManagement] INFO  server.RaftServerConfigKeys (ConfUtils.java:logGet(46)) - raft.server.leaderelection.leader.step-down.wait-time = 10s (default)
2023-11-06 09:26:47,204 [4cee0e49-9f18-41f8-8e67-157ccbc15955-groupManagement] INFO  server.RaftServerConfigKeys (ConfUtils.java:logGet(46)) - raft.server.sleep.deviation.threshold = 300ms (default)
2023-11-06 09:26:47,204 [4cee0e49-9f18-41f8-8e67-157ccbc15955-groupManagement] INFO  server.RaftServer$Division (ServerState.java:<init>(120)) - 4cee0e49-9f18-41f8-8e67-157ccbc15955@group-67654037FCFA: ConfigurationManager, init=-1: peers:[fadd24ee-4463-4420-97cf-bdd350ad83ae|rpc:10.1.0.6:15041|admin:10.1.0.6:15040|client:10.1.0.6:15039|dataStream:10.1.0.6:15042|priority:0|startupRole:FOLLOWER, b7b1b697-3f82-4acb-89c8-f9bc2eccfa5a|rpc:10.1.0.6:15059|admin:10.1.0.6:15058|client:10.1.0.6:15057|dataStream:10.1.0.6:15060|priority:0|startupRole:FOLLOWER, 4cee0e49-9f18-41f8-8e67-157ccbc15955|rpc:10.1.0.6:15050|admin:10.1.0.6:15049|client:10.1.0.6:15048|dataStream:10.1.0.6:15051|priority:1|startupRole:FOLLOWER]|listeners:[], old=null, confs=<EMPTY_MAP>
2023-11-06 09:26:47,204 [4cee0e49-9f18-41f8-8e67-157ccbc15955-groupManagement] INFO  server.RaftServerConfigKeys (ConfUtils.java:logGet(46)) - raft.server.storage.dir = [/home/runner/work/ozone/ozone/hadoop-ozone/integration-test/target/test-dir/MiniOzoneClusterImpl-938474ea-96d6-4bd3-a45f-678920fb0bb2/datanode-4/data/ratis] (custom)
2023-11-06 09:26:47,204 [4cee0e49-9f18-41f8-8e67-157ccbc15955-groupManagement] INFO  server.RaftServerConfigKeys (ConfUtils.java:logGet(46)) - raft.server.log.corruption.policy = EXCEPTION (default)
2023-11-06 09:26:47,204 [4cee0e49-9f18-41f8-8e67-157ccbc15955-groupManagement] INFO  server.RaftServerConfigKeys (ConfUtils.java:logGet(46)) - raft.server.storage.free-space.min = 0MB (=0) (default)
2023-11-06 09:26:47,204 [4cee0e49-9f18-41f8-8e67-157ccbc15955-groupManagement] INFO  server.RaftServerConfigKeys (ConfUtils.java:logGet(46)) - raft.server.notification.no-leader.timeout = 300s (custom)
2023-11-06 09:26:47,204 [4cee0e49-9f18-41f8-8e67-157ccbc15955-groupManagement] INFO  server.RaftServerConfigKeys (ConfUtils.java:logGet(46)) - raft.server.read.timeout = 10s (default)
2023-11-06 09:26:47,204 [4cee0e49-9f18-41f8-8e67-157ccbc15955-groupManagement] INFO  server.RaftServerConfigKeys (ConfUtils.java:logGet(46)) - raft.server.retrycache.expirytime = 600000ms (custom)
2023-11-06 09:26:47,205 [4cee0e49-9f18-41f8-8e67-157ccbc15955-groupManagement] INFO  server.RaftServerConfigKeys (ConfUtils.java:logGet(46)) - raft.server.retrycache.statistics.expirytime = 100μs (default)
2023-11-06 09:26:47,205 [4cee0e49-9f18-41f8-8e67-157ccbc15955-groupManagement] INFO  server.RaftServerConfigKeys (ConfUtils.java:logGet(46)) - raft.server.read.option = DEFAULT (default)
2023-11-06 09:26:47,205 [fadd24ee-4463-4420-97cf-bdd350ad83ae-groupManagement] INFO  util.JmxRegister (JmxRegister.java:tryRegister(44)) - Successfully registered JMX Bean with object name Ratis:service=RaftServer,group=group-BD8DE2487517,id=fadd24ee-4463-4420-97cf-bdd350ad83ae
2023-11-06 09:26:47,205 [fadd24ee-4463-4420-97cf-bdd350ad83ae-groupManagement] INFO  server.RaftServerConfigKeys (ConfUtils.java:logGet(46)) - raft.server.snapshot.auto.trigger.enabled = true (custom)
2023-11-06 09:26:47,205 [fadd24ee-4463-4420-97cf-bdd350ad83ae-groupManagement] INFO  server.RaftServerConfigKeys (ConfUtils.java:logGet(46)) - raft.server.snapshot.auto.trigger.threshold = 10000 (custom)
2023-11-06 09:26:47,205 [fadd24ee-4463-4420-97cf-bdd350ad83ae-groupManagement] INFO  server.RaftServerConfigKeys (ConfUtils.java:logGet(46)) - raft.server.snapshot.retention.file.num = 5 (custom)
2023-11-06 09:26:47,205 [fadd24ee-4463-4420-97cf-bdd350ad83ae-groupManagement] INFO  server.RaftServerConfigKeys (ConfUtils.java:logGet(46)) - raft.server.log.purge.upto.snapshot.index = false (default)
2023-11-06 09:26:47,210 [fadd24ee-4463-4420-97cf-bdd350ad83ae-PipelineCommandHandlerThread-0] INFO  ratis.XceiverServerRatis (XceiverServerRatis.java:addGroup(805)) - Created group PipelineID=01012b0d-99a6-42ee-9976-bd8de2487517
2023-11-06 09:26:47,211 [fadd24ee-4463-4420-97cf-bdd350ad83ae-PipelineCommandHandlerThread-0] INFO  commandhandler.CreatePipelineCommandHandler (CreatePipelineCommandHandler.java:lambda$handle$2(124)) - Created Pipeline RATIS ONE PipelineID=01012b0d-99a6-42ee-9976-bd8de2487517.
2023-11-06 09:26:47,211 [fadd24ee-4463-4420-97cf-bdd350ad83ae-PipelineCommandHandlerThread-0] INFO  server.RaftServer (RaftServerProxy.java:addNew(98)) - fadd24ee-4463-4420-97cf-bdd350ad83ae: addNew group-67654037FCFA:[fadd24ee-4463-4420-97cf-bdd350ad83ae|rpc:10.1.0.6:15041|admin:10.1.0.6:15040|client:10.1.0.6:15039|dataStream:10.1.0.6:15042|priority:0|startupRole:FOLLOWER, b7b1b697-3f82-4acb-89c8-f9bc2eccfa5a|rpc:10.1.0.6:15059|admin:10.1.0.6:15058|client:10.1.0.6:15057|dataStream:10.1.0.6:15060|priority:0|startupRole:FOLLOWER, 4cee0e49-9f18-41f8-8e67-157ccbc15955|rpc:10.1.0.6:15050|admin:10.1.0.6:15049|client:10.1.0.6:15048|dataStream:10.1.0.6:15051|priority:1|startupRole:FOLLOWER] returns group-67654037FCFA:java.util.concurrent.CompletableFuture@74587d83[Not completed]
2023-11-06 09:26:47,215 [fadd24ee-4463-4420-97cf-bdd350ad83ae-groupManagement] INFO  server.RaftServer$Division (RaftServerImpl.java:<init>(198)) - fadd24ee-4463-4420-97cf-bdd350ad83ae: new RaftServerImpl for group-67654037FCFA:[fadd24ee-4463-4420-97cf-bdd350ad83ae|rpc:10.1.0.6:15041|admin:10.1.0.6:15040|client:10.1.0.6:15039|dataStream:10.1.0.6:15042|priority:0|startupRole:FOLLOWER, b7b1b697-3f82-4acb-89c8-f9bc2eccfa5a|rpc:10.1.0.6:15059|admin:10.1.0.6:15058|client:10.1.0.6:15057|dataStream:10.1.0.6:15060|priority:0|startupRole:FOLLOWER, 4cee0e49-9f18-41f8-8e67-157ccbc15955|rpc:10.1.0.6:15050|admin:10.1.0.6:15049|client:10.1.0.6:15048|dataStream:10.1.0.6:15051|priority:1|startupRole:FOLLOWER] with ContainerStateMachine:uninitialized
2023-11-06 09:26:47,215 [fadd24ee-4463-4420-97cf-bdd350ad83ae-groupManagement] INFO  server.RaftServerConfigKeys (ConfUtils.java:logGet(46)) - raft.server.rpc.timeout.min = 5s (custom)
2023-11-06 09:26:47,215 [fadd24ee-4463-4420-97cf-bdd350ad83ae-groupManagement] INFO  server.RaftServerConfigKeys (ConfUtils.java:logGet(46)) - raft.server.rpc.timeout.max = 5200ms (custom)
2023-11-06 09:26:47,215 [fadd24ee-4463-4420-97cf-bdd350ad83ae-groupManagement] INFO  server.RaftServerConfigKeys (ConfUtils.java:logGet(46)) - raft.server.rpc.sleep.time = 25ms (default)
2023-11-06 09:26:47,215 [fadd24ee-4463-4420-97cf-bdd350ad83ae-groupManagement] INFO  server.RaftServerConfigKeys (ConfUtils.java:logGet(46)) - raft.server.rpc.slowness.timeout = 300s (custom)
2023-11-06 09:26:47,215 [fadd24ee-4463-4420-97cf-bdd350ad83ae-groupManagement] INFO  server.RaftServerConfigKeys (ConfUtils.java:logGet(46)) - raft.server.leaderelection.leader.step-down.wait-time = 10s (default)
2023-11-06 09:26:47,215 [fadd24ee-4463-4420-97cf-bdd350ad83ae-groupManagement] INFO  server.RaftServerConfigKeys (ConfUtils.java:logGet(46)) - raft.server.sleep.deviation.threshold = 300ms (default)
2023-11-06 09:26:47,215 [fadd24ee-4463-4420-97cf-bdd350ad83ae-groupManagement] INFO  server.RaftServer$Division (ServerState.java:<init>(120)) - fadd24ee-4463-4420-97cf-bdd350ad83ae@group-67654037FCFA: ConfigurationManager, init=-1: peers:[fadd24ee-4463-4420-97cf-bdd350ad83ae|rpc:10.1.0.6:15041|admin:10.1.0.6:15040|client:10.1.0.6:15039|dataStream:10.1.0.6:15042|priority:0|startupRole:FOLLOWER, b7b1b697-3f82-4acb-89c8-f9bc2eccfa5a|rpc:10.1.0.6:15059|admin:10.1.0.6:15058|client:10.1.0.6:15057|dataStream:10.1.0.6:15060|priority:0|startupRole:FOLLOWER, 4cee0e49-9f18-41f8-8e67-157ccbc15955|rpc:10.1.0.6:15050|admin:10.1.0.6:15049|client:10.1.0.6:15048|dataStream:10.1.0.6:15051|priority:1|startupRole:FOLLOWER]|listeners:[], old=null, confs=<EMPTY_MAP>
2023-11-06 09:26:47,216 [fadd24ee-4463-4420-97cf-bdd350ad83ae-groupManagement] INFO  server.RaftServerConfigKeys (ConfUtils.java:logGet(46)) - raft.server.storage.dir = [/home/runner/work/ozone/ozone/hadoop-ozone/integration-test/target/test-dir/MiniOzoneClusterImpl-938474ea-96d6-4bd3-a45f-678920fb0bb2/datanode-3/data/ratis] (custom)
2023-11-06 09:26:47,216 [fadd24ee-4463-4420-97cf-bdd350ad83ae-groupManagement] INFO  server.RaftServerConfigKeys (ConfUtils.java:logGet(46)) - raft.server.log.corruption.policy = EXCEPTION (default)
2023-11-06 09:26:47,216 [fadd24ee-4463-4420-97cf-bdd350ad83ae-groupManagement] INFO  server.RaftServerConfigKeys (ConfUtils.java:logGet(46)) - raft.server.storage.free-space.min = 0MB (=0) (default)
2023-11-06 09:26:47,216 [fadd24ee-4463-4420-97cf-bdd350ad83ae-groupManagement] INFO  server.RaftServerConfigKeys (ConfUtils.java:logGet(46)) - raft.server.notification.no-leader.timeout = 300s (custom)
2023-11-06 09:26:47,216 [fadd24ee-4463-4420-97cf-bdd350ad83ae-groupManagement] INFO  server.RaftServerConfigKeys (ConfUtils.java:logGet(46)) - raft.server.read.timeout = 10s (default)
2023-11-06 09:26:47,218 [fadd24ee-4463-4420-97cf-bdd350ad83ae-groupManagement] INFO  server.RaftServerConfigKeys (ConfUtils.java:logGet(46)) - raft.server.retrycache.expirytime = 600000ms (custom)
2023-11-06 09:26:47,221 [fadd24ee-4463-4420-97cf-bdd350ad83ae-groupManagement] INFO  server.RaftServerConfigKeys (ConfUtils.java:logGet(46)) - raft.server.retrycache.statistics.expirytime = 100μs (default)
2023-11-06 09:26:47,218 [b7b1b697-3f82-4acb-89c8-f9bc2eccfa5a-groupManagement] INFO  server.RaftServerConfigKeys (ConfUtils.java:logGet(46)) - raft.server.log.write.buffer.size = 1048576 (custom)
2023-11-06 09:26:47,222 [b7b1b697-3f82-4acb-89c8-f9bc2eccfa5a-groupManagement] INFO  server.RaftServerConfigKeys (ConfUtils.java:logGet(46)) - raft.server.log.appender.buffer.byte-limit = 33554432 (custom)
2023-11-06 09:26:47,217 [4cee0e49-9f18-41f8-8e67-157ccbc15955-groupManagement] INFO  server.RaftServerConfigKeys (ConfUtils.java:logGet(46)) - raft.server.rpc.request.timeout = 60s (custom)
2023-11-06 09:26:47,226 [4cee0e49-9f18-41f8-8e67-157ccbc15955-groupManagement] INFO  server.RaftServerConfigKeys (ConfUtils.java:logGet(46)) - raft.server.log.appender.install.snapshot.enabled = false (custom)
2023-11-06 09:26:47,226 [4cee0e49-9f18-41f8-8e67-157ccbc15955-groupManagement] INFO  server.RaftServerConfigKeys (ConfUtils.java:logGet(46)) - raft.server.threadpool.server.cached = true (default)
2023-11-06 09:26:47,226 [4cee0e49-9f18-41f8-8e67-157ccbc15955-groupManagement] INFO  server.RaftServerConfigKeys (ConfUtils.java:logGet(46)) - raft.server.threadpool.server.size = 0 (default)
2023-11-06 09:26:47,226 [4cee0e49-9f18-41f8-8e67-157ccbc15955-groupManagement] INFO  server.RaftServerConfigKeys (ConfUtils.java:logGet(46)) - raft.server.threadpool.client.cached = true (default)
2023-11-06 09:26:47,227 [4cee0e49-9f18-41f8-8e67-157ccbc15955-groupManagement] INFO  server.RaftServerConfigKeys (ConfUtils.java:logGet(46)) - raft.server.threadpool.client.size = 0 (default)
2023-11-06 09:26:47,227 [4cee0e49-9f18-41f8-8e67-157ccbc15955-groupManagement] INFO  storage.RaftStorageDirectory (RaftStorageDirectoryImpl.java:analyzeStorage(137)) - The storage directory /home/runner/work/ozone/ozone/hadoop-ozone/integration-test/target/test-dir/MiniOzoneClusterImpl-938474ea-96d6-4bd3-a45f-678920fb0bb2/datanode-4/data/ratis/20ad4e29-1d2c-4b5d-8722-67654037fcfa does not exist. Creating ...
2023-11-06 09:26:47,227 [fadd24ee-4463-4420-97cf-bdd350ad83ae-groupManagement] INFO  server.RaftServerConfigKeys (ConfUtils.java:logGet(46)) - raft.server.read.option = DEFAULT (default)
2023-11-06 09:26:47,228 [fadd24ee-4463-4420-97cf-bdd350ad83ae-groupManagement] INFO  server.RaftServerConfigKeys (ConfUtils.java:logGet(46)) - raft.server.rpc.request.timeout = 60s (custom)
2023-11-06 09:26:47,229 [fadd24ee-4463-4420-97cf-bdd350ad83ae-groupManagement] INFO  server.RaftServerConfigKeys (ConfUtils.java:logGet(46)) - raft.server.log.appender.install.snapshot.enabled = false (custom)
2023-11-06 09:26:47,229 [fadd24ee-4463-4420-97cf-bdd350ad83ae-groupManagement] INFO  server.RaftServerConfigKeys (ConfUtils.java:logGet(46)) - raft.server.threadpool.server.cached = true (default)
2023-11-06 09:26:47,229 [fadd24ee-4463-4420-97cf-bdd350ad83ae-groupManagement] INFO  server.RaftServerConfigKeys (ConfUtils.java:logGet(46)) - raft.server.threadpool.server.size = 0 (default)
2023-11-06 09:26:47,229 [fadd24ee-4463-4420-97cf-bdd350ad83ae-groupManagement] INFO  server.RaftServerConfigKeys (ConfUtils.java:logGet(46)) - raft.server.threadpool.client.cached = true (default)
2023-11-06 09:26:47,229 [fadd24ee-4463-4420-97cf-bdd350ad83ae-groupManagement] INFO  server.RaftServerConfigKeys (ConfUtils.java:logGet(46)) - raft.server.threadpool.client.size = 0 (default)
2023-11-06 09:26:47,229 [fadd24ee-4463-4420-97cf-bdd350ad83ae-groupManagement] INFO  storage.RaftStorageDirectory (RaftStorageDirectoryImpl.java:analyzeStorage(137)) - The storage directory /home/runner/work/ozone/ozone/hadoop-ozone/integration-test/target/test-dir/MiniOzoneClusterImpl-938474ea-96d6-4bd3-a45f-678920fb0bb2/datanode-3/data/ratis/20ad4e29-1d2c-4b5d-8722-67654037fcfa does not exist. Creating ...
2023-11-06 09:26:47,235 [4cee0e49-9f18-41f8-8e67-157ccbc15955-groupManagement] INFO  storage.RaftStorageDirectory (RaftStorageDirectoryImpl.java:tryLock(231)) - Lock on /home/runner/work/ozone/ozone/hadoop-ozone/integration-test/target/test-dir/MiniOzoneClusterImpl-938474ea-96d6-4bd3-a45f-678920fb0bb2/datanode-4/data/ratis/20ad4e29-1d2c-4b5d-8722-67654037fcfa/in_use.lock acquired by nodename 20533@fv-az241-347
2023-11-06 09:26:47,238 [4cee0e49-9f18-41f8-8e67-157ccbc15955-groupManagement] INFO  storage.RaftStorage (RaftStorageImpl.java:format(96)) - Storage directory /home/runner/work/ozone/ozone/hadoop-ozone/integration-test/target/test-dir/MiniOzoneClusterImpl-938474ea-96d6-4bd3-a45f-678920fb0bb2/datanode-4/data/ratis/20ad4e29-1d2c-4b5d-8722-67654037fcfa has been successfully formatted.
2023-11-06 09:26:47,239 [4cee0e49-9f18-41f8-8e67-157ccbc15955-groupManagement] INFO  ratis.ContainerStateMachine (ContainerStateMachine.java:loadSnapshot(269)) - group-67654037FCFA: The snapshot info is null. Setting the last applied indexto:(t:0, i:~)
2023-11-06 09:26:47,239 [4cee0e49-9f18-41f8-8e67-157ccbc15955-groupManagement] INFO  server.RaftServerConfigKeys (ConfUtils.java:logGet(46)) - raft.server.log.use.memory = false (default)
2023-11-06 09:26:47,239 [4cee0e49-9f18-41f8-8e67-157ccbc15955-groupManagement] INFO  server.RaftServerConfigKeys (ConfUtils.java:logGet(46)) - raft.server.log.purge.gap = 1000000 (custom)
2023-11-06 09:26:47,239 [4cee0e49-9f18-41f8-8e67-157ccbc15955-groupManagement] INFO  server.RaftServerConfigKeys (ConfUtils.java:logGet(46)) - raft.server.log.appender.buffer.byte-limit = 33554432 (custom)
2023-11-06 09:26:47,239 [4cee0e49-9f18-41f8-8e67-157ccbc15955-groupManagement] INFO  server.RaftServerConfigKeys (ConfUtils.java:logGet(46)) - raft.server.log.statemachine.data.read.timeout = 1000ms (default)
2023-11-06 09:26:47,239 [4cee0e49-9f18-41f8-8e67-157ccbc15955-groupManagement] INFO  server.RaftServerConfigKeys (ConfUtils.java:logGet(46)) - raft.server.log.purge.preservation.log.num = 0 (default)
2023-11-06 09:26:47,240 [fadd24ee-4463-4420-97cf-bdd350ad83ae-groupManagement] INFO  storage.RaftStorageDirectory (RaftStorageDirectoryImpl.java:tryLock(231)) - Lock on /home/runner/work/ozone/ozone/hadoop-ozone/integration-test/target/test-dir/MiniOzoneClusterImpl-938474ea-96d6-4bd3-a45f-678920fb0bb2/datanode-3/data/ratis/20ad4e29-1d2c-4b5d-8722-67654037fcfa/in_use.lock acquired by nodename 20533@fv-az241-347
2023-11-06 09:26:47,239 [EventQueue-OpenPipelineForHealthyPipelineSafeModeRule] INFO  safemode.SCMSafeModeManager (HealthyPipelineSafeModeRule.java:process(137)) - SCM in safe mode. Healthy pipelines reported count is 0, required healthy pipeline reported count is 1
2023-11-06 09:26:47,240 [4cee0e49-9f18-41f8-8e67-157ccbc15955-groupManagement] INFO  server.RaftServerConfigKeys (ConfUtils.java:logGet(46)) - raft.server.log.segment.size.max = 1048576 (custom)
2023-11-06 09:26:47,241 [4cee0e49-9f18-41f8-8e67-157ccbc15955-groupManagement] INFO  server.RaftServerConfigKeys (ConfUtils.java:logGet(46)) - raft.server.log.segment.cache.num.max = 2 (custom)
2023-11-06 09:26:47,241 [4cee0e49-9f18-41f8-8e67-157ccbc15955-groupManagement] INFO  server.RaftServerConfigKeys (ConfUtils.java:logGet(46)) - raft.server.log.segment.cache.size.max = 200MB (=209715200) (default)
2023-11-06 09:26:47,241 [4cee0e49-9f18-41f8-8e67-157ccbc15955-groupManagement] INFO  server.RaftServerConfigKeys (ConfUtils.java:logGet(46)) - raft.server.log.appender.buffer.byte-limit = 33554432 (custom)
2023-11-06 09:26:47,241 [4cee0e49-9f18-41f8-8e67-157ccbc15955-groupManagement] INFO  segmented.SegmentedRaftLogWorker (SegmentedRaftLogWorker.java:<init>(188)) - new 4cee0e49-9f18-41f8-8e67-157ccbc15955@group-67654037FCFA-SegmentedRaftLogWorker for RaftStorageImpl:Storage Directory /home/runner/work/ozone/ozone/hadoop-ozone/integration-test/target/test-dir/MiniOzoneClusterImpl-938474ea-96d6-4bd3-a45f-678920fb0bb2/datanode-4/data/ratis/20ad4e29-1d2c-4b5d-8722-67654037fcfa
2023-11-06 09:26:47,241 [4cee0e49-9f18-41f8-8e67-157ccbc15955-groupManagement] INFO  server.RaftServerConfigKeys (ConfUtils.java:logGet(46)) - raft.server.log.queue.byte-limit = 4294967296 (custom)
2023-11-06 09:26:47,241 [4cee0e49-9f18-41f8-8e67-157ccbc15955-groupManagement] INFO  server.RaftServerConfigKeys (ConfUtils.java:logGet(46)) - raft.server.log.queue.element-limit = 1024 (custom)
2023-11-06 09:26:47,241 [4cee0e49-9f18-41f8-8e67-157ccbc15955-groupManagement] INFO  server.RaftServerConfigKeys (ConfUtils.java:logGet(46)) - raft.server.log.segment.size.max = 1048576 (custom)
2023-11-06 09:26:47,241 [4cee0e49-9f18-41f8-8e67-157ccbc15955-groupManagement] INFO  server.RaftServerConfigKeys (ConfUtils.java:logGet(46)) - raft.server.log.preallocated.size = 16384 (custom)
2023-11-06 09:26:47,241 [4cee0e49-9f18-41f8-8e67-157ccbc15955-groupManagement] INFO  server.RaftServerConfigKeys (ConfUtils.java:logGet(46)) - raft.server.log.force.sync.num = 128 (default)
2023-11-06 09:26:47,241 [4cee0e49-9f18-41f8-8e67-157ccbc15955-groupManagement] INFO  server.RaftServerConfigKeys (ConfUtils.java:logGet(46)) - raft.server.log.statemachine.data.sync = true (default)
2023-11-06 09:26:47,241 [4cee0e49-9f18-41f8-8e67-157ccbc15955-groupManagement] INFO  server.RaftServerConfigKeys (ConfUtils.java:logGet(46)) - raft.server.log.statemachine.data.sync.timeout = 10s (default)
2023-11-06 09:26:47,241 [4cee0e49-9f18-41f8-8e67-157ccbc15955-groupManagement] INFO  server.RaftServerConfigKeys (ConfUtils.java:logGet(46)) - raft.server.log.statemachine.data.sync.timeout.retry = -1 (default)
2023-11-06 09:26:47,243 [b7b1b697-3f82-4acb-89c8-f9bc2eccfa5a-groupManagement] INFO  server.RaftServerConfigKeys (ConfUtils.java:logGet(46)) - raft.server.log.unsafe-flush.enabled = false (default)
2023-11-06 09:26:47,243 [b7b1b697-3f82-4acb-89c8-f9bc2eccfa5a-groupManagement] INFO  server.RaftServerConfigKeys (ConfUtils.java:logGet(46)) - raft.server.log.async-flush.enabled = false (default)
2023-11-06 09:26:47,243 [b7b1b697-3f82-4acb-89c8-f9bc2eccfa5a-groupManagement] INFO  server.RaftServerConfigKeys (ConfUtils.java:logGet(46)) - raft.server.log.statemachine.data.caching.enabled = true (custom)
2023-11-06 09:26:47,243 [b7b1b697-3f82-4acb-89c8-f9bc2eccfa5a-groupManagement] INFO  segmented.SegmentedRaftLogWorker (SegmentedRaftLogWorker.java:lambda$new$0(135)) - b7b1b697-3f82-4acb-89c8-f9bc2eccfa5a@group-4561348E29F9-SegmentedRaftLogWorker: flushIndex: setUnconditionally 0 -> -1
2023-11-06 09:26:47,243 [b7b1b697-3f82-4acb-89c8-f9bc2eccfa5a-groupManagement] INFO  segmented.SegmentedRaftLogWorker (SegmentedRaftLogWorker.java:lambda$new$0(135)) - b7b1b697-3f82-4acb-89c8-f9bc2eccfa5a@group-4561348E29F9-SegmentedRaftLogWorker: safeCacheEvictIndex: setUnconditionally 0 -> -1
2023-11-06 09:26:47,244 [4cee0e49-9f18-41f8-8e67-157ccbc15955-groupManagement] INFO  server.RaftServerConfigKeys (ConfUtils.java:logGet(46)) - raft.server.log.write.buffer.size = 1048576 (custom)
2023-11-06 09:26:47,244 [4cee0e49-9f18-41f8-8e67-157ccbc15955-groupManagement] INFO  server.RaftServerConfigKeys (ConfUtils.java:logGet(46)) - raft.server.log.appender.buffer.byte-limit = 33554432 (custom)
2023-11-06 09:26:47,246 [fadd24ee-4463-4420-97cf-bdd350ad83ae-groupManagement] INFO  storage.RaftStorage (RaftStorageImpl.java:format(96)) - Storage directory /home/runner/work/ozone/ozone/hadoop-ozone/integration-test/target/test-dir/MiniOzoneClusterImpl-938474ea-96d6-4bd3-a45f-678920fb0bb2/datanode-3/data/ratis/20ad4e29-1d2c-4b5d-8722-67654037fcfa has been successfully formatted.
2023-11-06 09:26:47,249 [fadd24ee-4463-4420-97cf-bdd350ad83ae-groupManagement] INFO  ratis.ContainerStateMachine (ContainerStateMachine.java:loadSnapshot(269)) - group-67654037FCFA: The snapshot info is null. Setting the last applied indexto:(t:0, i:~)
2023-11-06 09:26:47,250 [fadd24ee-4463-4420-97cf-bdd350ad83ae-groupManagement] INFO  server.RaftServerConfigKeys (ConfUtils.java:logGet(46)) - raft.server.log.use.memory = false (default)
2023-11-06 09:26:47,250 [fadd24ee-4463-4420-97cf-bdd350ad83ae-groupManagement] INFO  server.RaftServerConfigKeys (ConfUtils.java:logGet(46)) - raft.server.log.purge.gap = 1000000 (custom)
2023-11-06 09:26:47,250 [fadd24ee-4463-4420-97cf-bdd350ad83ae-groupManagement] INFO  server.RaftServerConfigKeys (ConfUtils.java:logGet(46)) - raft.server.log.appender.buffer.byte-limit = 33554432 (custom)
2023-11-06 09:26:47,250 [fadd24ee-4463-4420-97cf-bdd350ad83ae-groupManagement] INFO  server.RaftServerConfigKeys (ConfUtils.java:logGet(46)) - raft.server.log.statemachine.data.read.timeout = 1000ms (default)
2023-11-06 09:26:47,250 [fadd24ee-4463-4420-97cf-bdd350ad83ae-groupManagement] INFO  server.RaftServerConfigKeys (ConfUtils.java:logGet(46)) - raft.server.log.purge.preservation.log.num = 0 (default)
2023-11-06 09:26:47,250 [fadd24ee-4463-4420-97cf-bdd350ad83ae-groupManagement] INFO  server.RaftServerConfigKeys (ConfUtils.java:logGet(46)) - raft.server.log.segment.size.max = 1048576 (custom)
2023-11-06 09:26:47,251 [fadd24ee-4463-4420-97cf-bdd350ad83ae-groupManagement] INFO  server.RaftServerConfigKeys (ConfUtils.java:logGet(46)) - raft.server.log.segment.cache.num.max = 2 (custom)
2023-11-06 09:26:47,251 [fadd24ee-4463-4420-97cf-bdd350ad83ae-groupManagement] INFO  server.RaftServerConfigKeys (ConfUtils.java:logGet(46)) - raft.server.log.segment.cache.size.max = 200MB (=209715200) (default)
2023-11-06 09:26:47,251 [fadd24ee-4463-4420-97cf-bdd350ad83ae-groupManagement] INFO  server.RaftServerConfigKeys (ConfUtils.java:logGet(46)) - raft.server.log.appender.buffer.byte-limit = 33554432 (custom)
2023-11-06 09:26:47,251 [fadd24ee-4463-4420-97cf-bdd350ad83ae-groupManagement] INFO  segmented.SegmentedRaftLogWorker (SegmentedRaftLogWorker.java:<init>(188)) - new fadd24ee-4463-4420-97cf-bdd350ad83ae@group-67654037FCFA-SegmentedRaftLogWorker for RaftStorageImpl:Storage Directory /home/runner/work/ozone/ozone/hadoop-ozone/integration-test/target/test-dir/MiniOzoneClusterImpl-938474ea-96d6-4bd3-a45f-678920fb0bb2/datanode-3/data/ratis/20ad4e29-1d2c-4b5d-8722-67654037fcfa
2023-11-06 09:26:47,251 [fadd24ee-4463-4420-97cf-bdd350ad83ae-groupManagement] INFO  server.RaftServerConfigKeys (ConfUtils.java:logGet(46)) - raft.server.log.queue.byte-limit = 4294967296 (custom)
2023-11-06 09:26:47,251 [fadd24ee-4463-4420-97cf-bdd350ad83ae-groupManagement] INFO  server.RaftServerConfigKeys (ConfUtils.java:logGet(46)) - raft.server.log.queue.element-limit = 1024 (custom)
2023-11-06 09:26:47,251 [fadd24ee-4463-4420-97cf-bdd350ad83ae-groupManagement] INFO  server.RaftServerConfigKeys (ConfUtils.java:logGet(46)) - raft.server.log.segment.size.max = 1048576 (custom)
2023-11-06 09:26:47,251 [fadd24ee-4463-4420-97cf-bdd350ad83ae-groupManagement] INFO  server.RaftServerConfigKeys (ConfUtils.java:logGet(46)) - raft.server.log.preallocated.size = 16384 (custom)
2023-11-06 09:26:47,251 [fadd24ee-4463-4420-97cf-bdd350ad83ae-groupManagement] INFO  server.RaftServerConfigKeys (ConfUtils.java:logGet(46)) - raft.server.log.force.sync.num = 128 (default)
2023-11-06 09:26:47,251 [fadd24ee-4463-4420-97cf-bdd350ad83ae-groupManagement] INFO  server.RaftServerConfigKeys (ConfUtils.java:logGet(46)) - raft.server.log.statemachine.data.sync = true (default)
2023-11-06 09:26:47,251 [fadd24ee-4463-4420-97cf-bdd350ad83ae-groupManagement] INFO  server.RaftServerConfigKeys (ConfUtils.java:logGet(46)) - raft.server.log.statemachine.data.sync.timeout = 10s (default)
2023-11-06 09:26:47,251 [fadd24ee-4463-4420-97cf-bdd350ad83ae-groupManagement] INFO  server.RaftServerConfigKeys (ConfUtils.java:logGet(46)) - raft.server.log.statemachine.data.sync.timeout.retry = -1 (default)
2023-11-06 09:26:47,262 [b7b1b697-3f82-4acb-89c8-f9bc2eccfa5a-groupManagement] INFO  server.RaftServer$Division (RaftServerImpl.java:start(342)) - b7b1b697-3f82-4acb-89c8-f9bc2eccfa5a@group-4561348E29F9: start as a follower, conf=-1: peers:[b7b1b697-3f82-4acb-89c8-f9bc2eccfa5a|rpc:10.1.0.6:15059|admin:10.1.0.6:15058|client:10.1.0.6:15057|dataStream:10.1.0.6:15060|priority:1|startupRole:FOLLOWER]|listeners:[], old=null
2023-11-06 09:26:47,262 [b7b1b697-3f82-4acb-89c8-f9bc2eccfa5a-groupManagement] INFO  server.RaftServer$Division (RaftServerImpl.java:setRole(329)) - b7b1b697-3f82-4acb-89c8-f9bc2eccfa5a@group-4561348E29F9: changes role from      null to FOLLOWER at term 0 for startAsFollower
2023-11-06 09:26:47,262 [b7b1b697-3f82-4acb-89c8-f9bc2eccfa5a-groupManagement] INFO  impl.RoleInfo (RoleInfo.java:updateAndGet(139)) - b7b1b697-3f82-4acb-89c8-f9bc2eccfa5a: start b7b1b697-3f82-4acb-89c8-f9bc2eccfa5a@group-4561348E29F9-FollowerState
2023-11-06 09:26:47,263 [b7b1b697-3f82-4acb-89c8-f9bc2eccfa5a-groupManagement] INFO  util.JmxRegister (JmxRegister.java:tryRegister(44)) - Successfully registered JMX Bean with object name Ratis:service=RaftServer,group=group-4561348E29F9,id=b7b1b697-3f82-4acb-89c8-f9bc2eccfa5a
2023-11-06 09:26:47,263 [b7b1b697-3f82-4acb-89c8-f9bc2eccfa5a-groupManagement] INFO  server.RaftServerConfigKeys (ConfUtils.java:logGet(46)) - raft.server.snapshot.auto.trigger.enabled = true (custom)
2023-11-06 09:26:47,263 [b7b1b697-3f82-4acb-89c8-f9bc2eccfa5a-groupManagement] INFO  server.RaftServerConfigKeys (ConfUtils.java:logGet(46)) - raft.server.snapshot.auto.trigger.threshold = 10000 (custom)
2023-11-06 09:26:47,263 [b7b1b697-3f82-4acb-89c8-f9bc2eccfa5a-groupManagement] INFO  server.RaftServerConfigKeys (ConfUtils.java:logGet(46)) - raft.server.snapshot.retention.file.num = 5 (custom)
2023-11-06 09:26:47,263 [b7b1b697-3f82-4acb-89c8-f9bc2eccfa5a-groupManagement] INFO  server.RaftServerConfigKeys (ConfUtils.java:logGet(46)) - raft.server.log.purge.upto.snapshot.index = false (default)
2023-11-06 09:26:47,264 [b7b1b697-3f82-4acb-89c8-f9bc2eccfa5a@group-4561348E29F9-FollowerState] INFO  server.RaftServerConfigKeys (ConfUtils.java:logFallback(53)) - raft.server.rpc.first-election.timeout.min = 5s (fallback to raft.server.rpc.timeout.min)
2023-11-06 09:26:47,264 [b7b1b697-3f82-4acb-89c8-f9bc2eccfa5a@group-4561348E29F9-FollowerState] INFO  server.RaftServerConfigKeys (ConfUtils.java:logFallback(53)) - raft.server.rpc.first-election.timeout.max = 5200ms (fallback to raft.server.rpc.timeout.max)
2023-11-06 09:26:47,264 [b7b1b697-3f82-4acb-89c8-f9bc2eccfa5a-PipelineCommandHandlerThread-0] INFO  ratis.XceiverServerRatis (XceiverServerRatis.java:addGroup(805)) - Created group PipelineID=064f2d62-7b19-47a1-a020-4561348e29f9
2023-11-06 09:26:47,264 [b7b1b697-3f82-4acb-89c8-f9bc2eccfa5a-PipelineCommandHandlerThread-0] INFO  commandhandler.CreatePipelineCommandHandler (CreatePipelineCommandHandler.java:lambda$handle$2(124)) - Created Pipeline RATIS ONE PipelineID=064f2d62-7b19-47a1-a020-4561348e29f9.
2023-11-06 09:26:47,265 [b7b1b697-3f82-4acb-89c8-f9bc2eccfa5a-PipelineCommandHandlerThread-0] INFO  server.RaftServer (RaftServerProxy.java:addNew(98)) - b7b1b697-3f82-4acb-89c8-f9bc2eccfa5a: addNew group-67654037FCFA:[fadd24ee-4463-4420-97cf-bdd350ad83ae|rpc:10.1.0.6:15041|admin:10.1.0.6:15040|client:10.1.0.6:15039|dataStream:10.1.0.6:15042|priority:0|startupRole:FOLLOWER, b7b1b697-3f82-4acb-89c8-f9bc2eccfa5a|rpc:10.1.0.6:15059|admin:10.1.0.6:15058|client:10.1.0.6:15057|dataStream:10.1.0.6:15060|priority:0|startupRole:FOLLOWER, 4cee0e49-9f18-41f8-8e67-157ccbc15955|rpc:10.1.0.6:15050|admin:10.1.0.6:15049|client:10.1.0.6:15048|dataStream:10.1.0.6:15051|priority:1|startupRole:FOLLOWER] returns group-67654037FCFA:java.util.concurrent.CompletableFuture@499e9d3e[Not completed]
2023-11-06 09:26:47,266 [b7b1b697-3f82-4acb-89c8-f9bc2eccfa5a-groupManagement] INFO  server.RaftServer$Division (RaftServerImpl.java:<init>(198)) - b7b1b697-3f82-4acb-89c8-f9bc2eccfa5a: new RaftServerImpl for group-67654037FCFA:[fadd24ee-4463-4420-97cf-bdd350ad83ae|rpc:10.1.0.6:15041|admin:10.1.0.6:15040|client:10.1.0.6:15039|dataStream:10.1.0.6:15042|priority:0|startupRole:FOLLOWER, b7b1b697-3f82-4acb-89c8-f9bc2eccfa5a|rpc:10.1.0.6:15059|admin:10.1.0.6:15058|client:10.1.0.6:15057|dataStream:10.1.0.6:15060|priority:0|startupRole:FOLLOWER, 4cee0e49-9f18-41f8-8e67-157ccbc15955|rpc:10.1.0.6:15050|admin:10.1.0.6:15049|client:10.1.0.6:15048|dataStream:10.1.0.6:15051|priority:1|startupRole:FOLLOWER] with ContainerStateMachine:uninitialized
2023-11-06 09:26:47,266 [b7b1b697-3f82-4acb-89c8-f9bc2eccfa5a-groupManagement] INFO  server.RaftServerConfigKeys (ConfUtils.java:logGet(46)) - raft.server.rpc.timeout.min = 5s (custom)
2023-11-06 09:26:47,266 [b7b1b697-3f82-4acb-89c8-f9bc2eccfa5a-groupManagement] INFO  server.RaftServerConfigKeys (ConfUtils.java:logGet(46)) - raft.server.rpc.timeout.max = 5200ms (custom)
2023-11-06 09:26:47,266 [b7b1b697-3f82-4acb-89c8-f9bc2eccfa5a-groupManagement] INFO  server.RaftServerConfigKeys (ConfUtils.java:logGet(46)) - raft.server.rpc.sleep.time = 25ms (default)
2023-11-06 09:26:47,266 [b7b1b697-3f82-4acb-89c8-f9bc2eccfa5a-groupManagement] INFO  server.RaftServerConfigKeys (ConfUtils.java:logGet(46)) - raft.server.rpc.slowness.timeout = 300s (custom)
2023-11-06 09:26:47,266 [b7b1b697-3f82-4acb-89c8-f9bc2eccfa5a-groupManagement] INFO  server.RaftServerConfigKeys (ConfUtils.java:logGet(46)) - raft.server.leaderelection.leader.step-down.wait-time = 10s (default)
2023-11-06 09:26:47,266 [b7b1b697-3f82-4acb-89c8-f9bc2eccfa5a-groupManagement] INFO  server.RaftServerConfigKeys (ConfUtils.java:logGet(46)) - raft.server.sleep.deviation.threshold = 300ms (default)
2023-11-06 09:26:47,266 [b7b1b697-3f82-4acb-89c8-f9bc2eccfa5a-groupManagement] INFO  server.RaftServer$Division (ServerState.java:<init>(120)) - b7b1b697-3f82-4acb-89c8-f9bc2eccfa5a@group-67654037FCFA: ConfigurationManager, init=-1: peers:[fadd24ee-4463-4420-97cf-bdd350ad83ae|rpc:10.1.0.6:15041|admin:10.1.0.6:15040|client:10.1.0.6:15039|dataStream:10.1.0.6:15042|priority:0|startupRole:FOLLOWER, b7b1b697-3f82-4acb-89c8-f9bc2eccfa5a|rpc:10.1.0.6:15059|admin:10.1.0.6:15058|client:10.1.0.6:15057|dataStream:10.1.0.6:15060|priority:0|startupRole:FOLLOWER, 4cee0e49-9f18-41f8-8e67-157ccbc15955|rpc:10.1.0.6:15050|admin:10.1.0.6:15049|client:10.1.0.6:15048|dataStream:10.1.0.6:15051|priority:1|startupRole:FOLLOWER]|listeners:[], old=null, confs=<EMPTY_MAP>
2023-11-06 09:26:47,266 [b7b1b697-3f82-4acb-89c8-f9bc2eccfa5a-groupManagement] INFO  server.RaftServerConfigKeys (ConfUtils.java:logGet(46)) - raft.server.storage.dir = [/home/runner/work/ozone/ozone/hadoop-ozone/integration-test/target/test-dir/MiniOzoneClusterImpl-938474ea-96d6-4bd3-a45f-678920fb0bb2/datanode-5/data/ratis] (custom)
2023-11-06 09:26:47,266 [b7b1b697-3f82-4acb-89c8-f9bc2eccfa5a-groupManagement] INFO  server.RaftServerConfigKeys (ConfUtils.java:logGet(46)) - raft.server.log.corruption.policy = EXCEPTION (default)
2023-11-06 09:26:47,266 [b7b1b697-3f82-4acb-89c8-f9bc2eccfa5a-groupManagement] INFO  server.RaftServerConfigKeys (ConfUtils.java:logGet(46)) - raft.server.storage.free-space.min = 0MB (=0) (default)
2023-11-06 09:26:47,266 [b7b1b697-3f82-4acb-89c8-f9bc2eccfa5a-groupManagement] INFO  server.RaftServerConfigKeys (ConfUtils.java:logGet(46)) - raft.server.notification.no-leader.timeout = 300s (custom)
2023-11-06 09:26:47,266 [b7b1b697-3f82-4acb-89c8-f9bc2eccfa5a-groupManagement] INFO  server.RaftServerConfigKeys (ConfUtils.java:logGet(46)) - raft.server.read.timeout = 10s (default)
2023-11-06 09:26:47,267 [b7b1b697-3f82-4acb-89c8-f9bc2eccfa5a-groupManagement] INFO  server.RaftServerConfigKeys (ConfUtils.java:logGet(46)) - raft.server.retrycache.expirytime = 600000ms (custom)
2023-11-06 09:26:47,267 [b7b1b697-3f82-4acb-89c8-f9bc2eccfa5a-groupManagement] INFO  server.RaftServerConfigKeys (ConfUtils.java:logGet(46)) - raft.server.retrycache.statistics.expirytime = 100μs (default)
2023-11-06 09:26:47,267 [b7b1b697-3f82-4acb-89c8-f9bc2eccfa5a-groupManagement] INFO  server.RaftServerConfigKeys (ConfUtils.java:logGet(46)) - raft.server.read.option = DEFAULT (default)
2023-11-06 09:26:47,268 [b7b1b697-3f82-4acb-89c8-f9bc2eccfa5a-groupManagement] INFO  server.RaftServerConfigKeys (ConfUtils.java:logGet(46)) - raft.server.rpc.request.timeout = 60s (custom)
2023-11-06 09:26:47,268 [b7b1b697-3f82-4acb-89c8-f9bc2eccfa5a-groupManagement] INFO  server.RaftServerConfigKeys (ConfUtils.java:logGet(46)) - raft.server.log.appender.install.snapshot.enabled = false (custom)
2023-11-06 09:26:47,268 [b7b1b697-3f82-4acb-89c8-f9bc2eccfa5a-groupManagement] INFO  server.RaftServerConfigKeys (ConfUtils.java:logGet(46)) - raft.server.threadpool.server.cached = true (default)
2023-11-06 09:26:47,268 [b7b1b697-3f82-4acb-89c8-f9bc2eccfa5a-groupManagement] INFO  server.RaftServerConfigKeys (ConfUtils.java:logGet(46)) - raft.server.threadpool.server.size = 0 (default)
2023-11-06 09:26:47,268 [b7b1b697-3f82-4acb-89c8-f9bc2eccfa5a-groupManagement] INFO  server.RaftServerConfigKeys (ConfUtils.java:logGet(46)) - raft.server.threadpool.client.cached = true (default)
2023-11-06 09:26:47,268 [b7b1b697-3f82-4acb-89c8-f9bc2eccfa5a-groupManagement] INFO  server.RaftServerConfigKeys (ConfUtils.java:logGet(46)) - raft.server.threadpool.client.size = 0 (default)
2023-11-06 09:26:47,268 [b7b1b697-3f82-4acb-89c8-f9bc2eccfa5a-groupManagement] INFO  storage.RaftStorageDirectory (RaftStorageDirectoryImpl.java:analyzeStorage(137)) - The storage directory /home/runner/work/ozone/ozone/hadoop-ozone/integration-test/target/test-dir/MiniOzoneClusterImpl-938474ea-96d6-4bd3-a45f-678920fb0bb2/datanode-5/data/ratis/20ad4e29-1d2c-4b5d-8722-67654037fcfa does not exist. Creating ...
2023-11-06 09:26:47,269 [fadd24ee-4463-4420-97cf-bdd350ad83ae-groupManagement] INFO  server.RaftServerConfigKeys (ConfUtils.java:logGet(46)) - raft.server.log.write.buffer.size = 1048576 (custom)
2023-11-06 09:26:47,269 [fadd24ee-4463-4420-97cf-bdd350ad83ae-groupManagement] INFO  server.RaftServerConfigKeys (ConfUtils.java:logGet(46)) - raft.server.log.appender.buffer.byte-limit = 33554432 (custom)
2023-11-06 09:26:47,271 [EventQueue-OpenPipelineForHealthyPipelineSafeModeRule] INFO  safemode.SCMSafeModeManager (HealthyPipelineSafeModeRule.java:process(137)) - SCM in safe mode. Healthy pipelines reported count is 0, required healthy pipeline reported count is 1
2023-11-06 09:26:47,271 [b7b1b697-3f82-4acb-89c8-f9bc2eccfa5a-groupManagement] INFO  storage.RaftStorageDirectory (RaftStorageDirectoryImpl.java:tryLock(231)) - Lock on /home/runner/work/ozone/ozone/hadoop-ozone/integration-test/target/test-dir/MiniOzoneClusterImpl-938474ea-96d6-4bd3-a45f-678920fb0bb2/datanode-5/data/ratis/20ad4e29-1d2c-4b5d-8722-67654037fcfa/in_use.lock acquired by nodename 20533@fv-az241-347
2023-11-06 09:26:47,278 [fadd24ee-4463-4420-97cf-bdd350ad83ae-groupManagement] INFO  server.RaftServerConfigKeys (ConfUtils.java:logGet(46)) - raft.server.log.unsafe-flush.enabled = false (default)
2023-11-06 09:26:47,279 [fadd24ee-4463-4420-97cf-bdd350ad83ae-groupManagement] INFO  server.RaftServerConfigKeys (ConfUtils.java:logGet(46)) - raft.server.log.async-flush.enabled = false (default)
2023-11-06 09:26:47,279 [fadd24ee-4463-4420-97cf-bdd350ad83ae-groupManagement] INFO  server.RaftServerConfigKeys (ConfUtils.java:logGet(46)) - raft.server.log.statemachine.data.caching.enabled = true (custom)
2023-11-06 09:26:47,279 [fadd24ee-4463-4420-97cf-bdd350ad83ae-groupManagement] INFO  segmented.SegmentedRaftLogWorker (SegmentedRaftLogWorker.java:lambda$new$0(135)) - fadd24ee-4463-4420-97cf-bdd350ad83ae@group-67654037FCFA-SegmentedRaftLogWorker: flushIndex: setUnconditionally 0 -> -1
2023-11-06 09:26:47,279 [fadd24ee-4463-4420-97cf-bdd350ad83ae-groupManagement] INFO  segmented.SegmentedRaftLogWorker (SegmentedRaftLogWorker.java:lambda$new$0(135)) - fadd24ee-4463-4420-97cf-bdd350ad83ae@group-67654037FCFA-SegmentedRaftLogWorker: safeCacheEvictIndex: setUnconditionally 0 -> -1
2023-11-06 09:26:47,279 [fadd24ee-4463-4420-97cf-bdd350ad83ae-groupManagement] INFO  server.RaftServer$Division (RaftServerImpl.java:start(342)) - fadd24ee-4463-4420-97cf-bdd350ad83ae@group-67654037FCFA: start as a follower, conf=-1: peers:[fadd24ee-4463-4420-97cf-bdd350ad83ae|rpc:10.1.0.6:15041|admin:10.1.0.6:15040|client:10.1.0.6:15039|dataStream:10.1.0.6:15042|priority:0|startupRole:FOLLOWER, b7b1b697-3f82-4acb-89c8-f9bc2eccfa5a|rpc:10.1.0.6:15059|admin:10.1.0.6:15058|client:10.1.0.6:15057|dataStream:10.1.0.6:15060|priority:0|startupRole:FOLLOWER, 4cee0e49-9f18-41f8-8e67-157ccbc15955|rpc:10.1.0.6:15050|admin:10.1.0.6:15049|client:10.1.0.6:15048|dataStream:10.1.0.6:15051|priority:1|startupRole:FOLLOWER]|listeners:[], old=null
2023-11-06 09:26:47,279 [fadd24ee-4463-4420-97cf-bdd350ad83ae-groupManagement] INFO  server.RaftServer$Division (RaftServerImpl.java:setRole(329)) - fadd24ee-4463-4420-97cf-bdd350ad83ae@group-67654037FCFA: changes role from      null to FOLLOWER at term 0 for startAsFollower
2023-11-06 09:26:47,279 [fadd24ee-4463-4420-97cf-bdd350ad83ae-groupManagement] INFO  impl.RoleInfo (RoleInfo.java:updateAndGet(139)) - fadd24ee-4463-4420-97cf-bdd350ad83ae: start fadd24ee-4463-4420-97cf-bdd350ad83ae@group-67654037FCFA-FollowerState
2023-11-06 09:26:47,280 [fadd24ee-4463-4420-97cf-bdd350ad83ae-groupManagement] INFO  util.JmxRegister (JmxRegister.java:tryRegister(44)) - Successfully registered JMX Bean with object name Ratis:service=RaftServer,group=group-67654037FCFA,id=fadd24ee-4463-4420-97cf-bdd350ad83ae
2023-11-06 09:26:47,280 [fadd24ee-4463-4420-97cf-bdd350ad83ae-groupManagement] INFO  server.RaftServerConfigKeys (ConfUtils.java:logGet(46)) - raft.server.snapshot.auto.trigger.enabled = true (custom)
2023-11-06 09:26:47,280 [fadd24ee-4463-4420-97cf-bdd350ad83ae-groupManagement] INFO  server.RaftServerConfigKeys (ConfUtils.java:logGet(46)) - raft.server.snapshot.auto.trigger.threshold = 10000 (custom)
2023-11-06 09:26:47,280 [fadd24ee-4463-4420-97cf-bdd350ad83ae-groupManagement] INFO  server.RaftServerConfigKeys (ConfUtils.java:logGet(46)) - raft.server.snapshot.retention.file.num = 5 (custom)
2023-11-06 09:26:47,280 [fadd24ee-4463-4420-97cf-bdd350ad83ae-groupManagement] INFO  server.RaftServerConfigKeys (ConfUtils.java:logGet(46)) - raft.server.log.purge.upto.snapshot.index = false (default)
2023-11-06 09:26:47,281 [fadd24ee-4463-4420-97cf-bdd350ad83ae-PipelineCommandHandlerThread-0] INFO  ratis.XceiverServerRatis (XceiverServerRatis.java:addGroup(805)) - Created group PipelineID=20ad4e29-1d2c-4b5d-8722-67654037fcfa
2023-11-06 09:26:47,286 [fadd24ee-4463-4420-97cf-bdd350ad83ae@group-67654037FCFA-FollowerState] INFO  server.RaftServerConfigKeys (ConfUtils.java:logFallback(53)) - raft.server.rpc.first-election.timeout.min = 5s (fallback to raft.server.rpc.timeout.min)
2023-11-06 09:26:47,286 [fadd24ee-4463-4420-97cf-bdd350ad83ae@group-67654037FCFA-FollowerState] INFO  server.RaftServerConfigKeys (ConfUtils.java:logFallback(53)) - raft.server.rpc.first-election.timeout.max = 5200ms (fallback to raft.server.rpc.timeout.max)
2023-11-06 09:26:47,290 [4cee0e49-9f18-41f8-8e67-157ccbc15955-groupManagement] INFO  server.RaftServerConfigKeys (ConfUtils.java:logGet(46)) - raft.server.log.unsafe-flush.enabled = false (default)
2023-11-06 09:26:47,290 [4cee0e49-9f18-41f8-8e67-157ccbc15955-groupManagement] INFO  server.RaftServerConfigKeys (ConfUtils.java:logGet(46)) - raft.server.log.async-flush.enabled = false (default)
2023-11-06 09:26:47,290 [4cee0e49-9f18-41f8-8e67-157ccbc15955-groupManagement] INFO  server.RaftServerConfigKeys (ConfUtils.java:logGet(46)) - raft.server.log.statemachine.data.caching.enabled = true (custom)
2023-11-06 09:26:47,290 [92ba0aed-1dcc-4895-b5bb-fc45f440be2e-PipelineCommandHandlerThread-0] INFO  server.RaftServer (RaftServerProxy.java:addNew(98)) - 92ba0aed-1dcc-4895-b5bb-fc45f440be2e: addNew group-B0F7BFBF7B06:[92ba0aed-1dcc-4895-b5bb-fc45f440be2e|rpc:10.1.0.6:15068|admin:10.1.0.6:15067|client:10.1.0.6:15066|dataStream:10.1.0.6:15069|priority:1|startupRole:FOLLOWER] returns group-B0F7BFBF7B06:java.util.concurrent.CompletableFuture@69800e17[Not completed]
2023-11-06 09:26:47,290 [4cee0e49-9f18-41f8-8e67-157ccbc15955-groupManagement] INFO  segmented.SegmentedRaftLogWorker (SegmentedRaftLogWorker.java:lambda$new$0(135)) - 4cee0e49-9f18-41f8-8e67-157ccbc15955@group-67654037FCFA-SegmentedRaftLogWorker: flushIndex: setUnconditionally 0 -> -1
2023-11-06 09:26:47,290 [4cee0e49-9f18-41f8-8e67-157ccbc15955-groupManagement] INFO  segmented.SegmentedRaftLogWorker (SegmentedRaftLogWorker.java:lambda$new$0(135)) - 4cee0e49-9f18-41f8-8e67-157ccbc15955@group-67654037FCFA-SegmentedRaftLogWorker: safeCacheEvictIndex: setUnconditionally 0 -> -1
2023-11-06 09:26:47,290 [b7b1b697-3f82-4acb-89c8-f9bc2eccfa5a-groupManagement] INFO  storage.RaftStorage (RaftStorageImpl.java:format(96)) - Storage directory /home/runner/work/ozone/ozone/hadoop-ozone/integration-test/target/test-dir/MiniOzoneClusterImpl-938474ea-96d6-4bd3-a45f-678920fb0bb2/datanode-5/data/ratis/20ad4e29-1d2c-4b5d-8722-67654037fcfa has been successfully formatted.
2023-11-06 09:26:47,292 [92ba0aed-1dcc-4895-b5bb-fc45f440be2e-groupManagement] INFO  server.RaftServer$Division (RaftServerImpl.java:<init>(198)) - 92ba0aed-1dcc-4895-b5bb-fc45f440be2e: new RaftServerImpl for group-B0F7BFBF7B06:[92ba0aed-1dcc-4895-b5bb-fc45f440be2e|rpc:10.1.0.6:15068|admin:10.1.0.6:15067|client:10.1.0.6:15066|dataStream:10.1.0.6:15069|priority:1|startupRole:FOLLOWER] with ContainerStateMachine:uninitialized
2023-11-06 09:26:47,292 [92ba0aed-1dcc-4895-b5bb-fc45f440be2e-groupManagement] INFO  server.RaftServerConfigKeys (ConfUtils.java:logGet(46)) - raft.server.rpc.timeout.min = 5s (custom)
2023-11-06 09:26:47,292 [92ba0aed-1dcc-4895-b5bb-fc45f440be2e-groupManagement] INFO  server.RaftServerConfigKeys (ConfUtils.java:logGet(46)) - raft.server.rpc.timeout.max = 5200ms (custom)
2023-11-06 09:26:47,292 [92ba0aed-1dcc-4895-b5bb-fc45f440be2e-groupManagement] INFO  server.RaftServerConfigKeys (ConfUtils.java:logGet(46)) - raft.server.rpc.sleep.time = 25ms (default)
2023-11-06 09:26:47,292 [92ba0aed-1dcc-4895-b5bb-fc45f440be2e-groupManagement] INFO  server.RaftServerConfigKeys (ConfUtils.java:logGet(46)) - raft.server.rpc.slowness.timeout = 300s (custom)
2023-11-06 09:26:47,292 [92ba0aed-1dcc-4895-b5bb-fc45f440be2e-groupManagement] INFO  server.RaftServerConfigKeys (ConfUtils.java:logGet(46)) - raft.server.leaderelection.leader.step-down.wait-time = 10s (default)
2023-11-06 09:26:47,292 [92ba0aed-1dcc-4895-b5bb-fc45f440be2e-groupManagement] INFO  server.RaftServerConfigKeys (ConfUtils.java:logGet(46)) - raft.server.sleep.deviation.threshold = 300ms (default)
2023-11-06 09:26:47,292 [92ba0aed-1dcc-4895-b5bb-fc45f440be2e-groupManagement] INFO  server.RaftServer$Division (ServerState.java:<init>(120)) - 92ba0aed-1dcc-4895-b5bb-fc45f440be2e@group-B0F7BFBF7B06: ConfigurationManager, init=-1: peers:[92ba0aed-1dcc-4895-b5bb-fc45f440be2e|rpc:10.1.0.6:15068|admin:10.1.0.6:15067|client:10.1.0.6:15066|dataStream:10.1.0.6:15069|priority:1|startupRole:FOLLOWER]|listeners:[], old=null, confs=<EMPTY_MAP>
2023-11-06 09:26:47,292 [92ba0aed-1dcc-4895-b5bb-fc45f440be2e-groupManagement] INFO  server.RaftServerConfigKeys (ConfUtils.java:logGet(46)) - raft.server.storage.dir = [/home/runner/work/ozone/ozone/hadoop-ozone/integration-test/target/test-dir/MiniOzoneClusterImpl-938474ea-96d6-4bd3-a45f-678920fb0bb2/datanode-6/data/ratis] (custom)
2023-11-06 09:26:47,292 [92ba0aed-1dcc-4895-b5bb-fc45f440be2e-groupManagement] INFO  server.RaftServerConfigKeys (ConfUtils.java:logGet(46)) - raft.server.log.corruption.policy = EXCEPTION (default)
2023-11-06 09:26:47,292 [92ba0aed-1dcc-4895-b5bb-fc45f440be2e-groupManagement] INFO  server.RaftServerConfigKeys (ConfUtils.java:logGet(46)) - raft.server.storage.free-space.min = 0MB (=0) (default)
2023-11-06 09:26:47,293 [92ba0aed-1dcc-4895-b5bb-fc45f440be2e-groupManagement] INFO  server.RaftServerConfigKeys (ConfUtils.java:logGet(46)) - raft.server.notification.no-leader.timeout = 300s (custom)
2023-11-06 09:26:47,293 [92ba0aed-1dcc-4895-b5bb-fc45f440be2e-groupManagement] INFO  server.RaftServerConfigKeys (ConfUtils.java:logGet(46)) - raft.server.read.timeout = 10s (default)
2023-11-06 09:26:47,293 [92ba0aed-1dcc-4895-b5bb-fc45f440be2e-groupManagement] INFO  server.RaftServerConfigKeys (ConfUtils.java:logGet(46)) - raft.server.retrycache.expirytime = 600000ms (custom)
2023-11-06 09:26:47,293 [92ba0aed-1dcc-4895-b5bb-fc45f440be2e-groupManagement] INFO  server.RaftServerConfigKeys (ConfUtils.java:logGet(46)) - raft.server.retrycache.statistics.expirytime = 100μs (default)
2023-11-06 09:26:47,293 [92ba0aed-1dcc-4895-b5bb-fc45f440be2e-groupManagement] INFO  server.RaftServerConfigKeys (ConfUtils.java:logGet(46)) - raft.server.read.option = DEFAULT (default)
2023-11-06 09:26:47,294 [4cee0e49-9f18-41f8-8e67-157ccbc15955-groupManagement] INFO  server.RaftServer$Division (RaftServerImpl.java:start(342)) - 4cee0e49-9f18-41f8-8e67-157ccbc15955@group-67654037FCFA: start as a follower, conf=-1: peers:[fadd24ee-4463-4420-97cf-bdd350ad83ae|rpc:10.1.0.6:15041|admin:10.1.0.6:15040|client:10.1.0.6:15039|dataStream:10.1.0.6:15042|priority:0|startupRole:FOLLOWER, b7b1b697-3f82-4acb-89c8-f9bc2eccfa5a|rpc:10.1.0.6:15059|admin:10.1.0.6:15058|client:10.1.0.6:15057|dataStream:10.1.0.6:15060|priority:0|startupRole:FOLLOWER, 4cee0e49-9f18-41f8-8e67-157ccbc15955|rpc:10.1.0.6:15050|admin:10.1.0.6:15049|client:10.1.0.6:15048|dataStream:10.1.0.6:15051|priority:1|startupRole:FOLLOWER]|listeners:[], old=null
2023-11-06 09:26:47,294 [4cee0e49-9f18-41f8-8e67-157ccbc15955-groupManagement] INFO  server.RaftServer$Division (RaftServerImpl.java:setRole(329)) - 4cee0e49-9f18-41f8-8e67-157ccbc15955@group-67654037FCFA: changes role from      null to FOLLOWER at term 0 for startAsFollower
2023-11-06 09:26:47,294 [4cee0e49-9f18-41f8-8e67-157ccbc15955-groupManagement] INFO  impl.RoleInfo (RoleInfo.java:updateAndGet(139)) - 4cee0e49-9f18-41f8-8e67-157ccbc15955: start 4cee0e49-9f18-41f8-8e67-157ccbc15955@group-67654037FCFA-FollowerState
2023-11-06 09:26:47,299 [4cee0e49-9f18-41f8-8e67-157ccbc15955-groupManagement] INFO  util.JmxRegister (JmxRegister.java:tryRegister(44)) - Successfully registered JMX Bean with object name Ratis:service=RaftServer,group=group-67654037FCFA,id=4cee0e49-9f18-41f8-8e67-157ccbc15955
2023-11-06 09:26:47,299 [b7b1b697-3f82-4acb-89c8-f9bc2eccfa5a-groupManagement] INFO  ratis.ContainerStateMachine (ContainerStateMachine.java:loadSnapshot(269)) - group-67654037FCFA: The snapshot info is null. Setting the last applied indexto:(t:0, i:~)
2023-11-06 09:26:47,299 [b7b1b697-3f82-4acb-89c8-f9bc2eccfa5a-groupManagement] INFO  server.RaftServerConfigKeys (ConfUtils.java:logGet(46)) - raft.server.log.use.memory = false (default)
2023-11-06 09:26:47,299 [b7b1b697-3f82-4acb-89c8-f9bc2eccfa5a-groupManagement] INFO  server.RaftServerConfigKeys (ConfUtils.java:logGet(46)) - raft.server.log.purge.gap = 1000000 (custom)
2023-11-06 09:26:47,299 [b7b1b697-3f82-4acb-89c8-f9bc2eccfa5a-groupManagement] INFO  server.RaftServerConfigKeys (ConfUtils.java:logGet(46)) - raft.server.log.appender.buffer.byte-limit = 33554432 (custom)
2023-11-06 09:26:47,299 [b7b1b697-3f82-4acb-89c8-f9bc2eccfa5a-groupManagement] INFO  server.RaftServerConfigKeys (ConfUtils.java:logGet(46)) - raft.server.log.statemachine.data.read.timeout = 1000ms (default)
2023-11-06 09:26:47,299 [b7b1b697-3f82-4acb-89c8-f9bc2eccfa5a-groupManagement] INFO  server.RaftServerConfigKeys (ConfUtils.java:logGet(46)) - raft.server.log.purge.preservation.log.num = 0 (default)
2023-11-06 09:26:47,299 [4cee0e49-9f18-41f8-8e67-157ccbc15955@group-67654037FCFA-FollowerState] INFO  server.RaftServerConfigKeys (ConfUtils.java:logFallback(53)) - raft.server.rpc.first-election.timeout.min = 5s (fallback to raft.server.rpc.timeout.min)
2023-11-06 09:26:47,300 [b7b1b697-3f82-4acb-89c8-f9bc2eccfa5a-groupManagement] INFO  server.RaftServerConfigKeys (ConfUtils.java:logGet(46)) - raft.server.log.segment.size.max = 1048576 (custom)
2023-11-06 09:26:47,300 [4cee0e49-9f18-41f8-8e67-157ccbc15955@group-67654037FCFA-FollowerState] INFO  server.RaftServerConfigKeys (ConfUtils.java:logFallback(53)) - raft.server.rpc.first-election.timeout.max = 5200ms (fallback to raft.server.rpc.timeout.max)
2023-11-06 09:26:47,299 [4cee0e49-9f18-41f8-8e67-157ccbc15955-groupManagement] INFO  server.RaftServerConfigKeys (ConfUtils.java:logGet(46)) - raft.server.snapshot.auto.trigger.enabled = true (custom)
2023-11-06 09:26:47,300 [4cee0e49-9f18-41f8-8e67-157ccbc15955-groupManagement] INFO  server.RaftServerConfigKeys (ConfUtils.java:logGet(46)) - raft.server.snapshot.auto.trigger.threshold = 10000 (custom)
2023-11-06 09:26:47,300 [4cee0e49-9f18-41f8-8e67-157ccbc15955-groupManagement] INFO  server.RaftServerConfigKeys (ConfUtils.java:logGet(46)) - raft.server.snapshot.retention.file.num = 5 (custom)
2023-11-06 09:26:47,300 [4cee0e49-9f18-41f8-8e67-157ccbc15955-groupManagement] INFO  server.RaftServerConfigKeys (ConfUtils.java:logGet(46)) - raft.server.log.purge.upto.snapshot.index = false (default)
2023-11-06 09:26:47,307 [EventQueue-OpenPipelineForHealthyPipelineSafeModeRule] INFO  safemode.SCMSafeModeManager (HealthyPipelineSafeModeRule.java:process(137)) - SCM in safe mode. Healthy pipelines reported count is 0, required healthy pipeline reported count is 1
2023-11-06 09:26:47,312 [92ba0aed-1dcc-4895-b5bb-fc45f440be2e-groupManagement] INFO  server.RaftServerConfigKeys (ConfUtils.java:logGet(46)) - raft.server.rpc.request.timeout = 60s (custom)
2023-11-06 09:26:47,313 [92ba0aed-1dcc-4895-b5bb-fc45f440be2e-groupManagement] INFO  server.RaftServerConfigKeys (ConfUtils.java:logGet(46)) - raft.server.log.appender.install.snapshot.enabled = false (custom)
2023-11-06 09:26:47,313 [92ba0aed-1dcc-4895-b5bb-fc45f440be2e-groupManagement] INFO  server.RaftServerConfigKeys (ConfUtils.java:logGet(46)) - raft.server.threadpool.server.cached = true (default)
2023-11-06 09:26:47,315 [92ba0aed-1dcc-4895-b5bb-fc45f440be2e-groupManagement] INFO  server.RaftServerConfigKeys (ConfUtils.java:logGet(46)) - raft.server.threadpool.server.size = 0 (default)
2023-11-06 09:26:47,315 [92ba0aed-1dcc-4895-b5bb-fc45f440be2e-groupManagement] INFO  server.RaftServerConfigKeys (ConfUtils.java:logGet(46)) - raft.server.threadpool.client.cached = true (default)
2023-11-06 09:26:47,315 [92ba0aed-1dcc-4895-b5bb-fc45f440be2e-groupManagement] INFO  server.RaftServerConfigKeys (ConfUtils.java:logGet(46)) - raft.server.threadpool.client.size = 0 (default)
2023-11-06 09:26:47,316 [92ba0aed-1dcc-4895-b5bb-fc45f440be2e-groupManagement] INFO  storage.RaftStorageDirectory (RaftStorageDirectoryImpl.java:analyzeStorage(137)) - The storage directory /home/runner/work/ozone/ozone/hadoop-ozone/integration-test/target/test-dir/MiniOzoneClusterImpl-938474ea-96d6-4bd3-a45f-678920fb0bb2/datanode-6/data/ratis/4f521251-8ca6-43fd-aabb-b0f7bfbf7b06 does not exist. Creating ...
2023-11-06 09:26:47,318 [b7b1b697-3f82-4acb-89c8-f9bc2eccfa5a-groupManagement] INFO  server.RaftServerConfigKeys (ConfUtils.java:logGet(46)) - raft.server.log.segment.cache.num.max = 2 (custom)
2023-11-06 09:26:47,318 [b7b1b697-3f82-4acb-89c8-f9bc2eccfa5a-groupManagement] INFO  server.RaftServerConfigKeys (ConfUtils.java:logGet(46)) - raft.server.log.segment.cache.size.max = 200MB (=209715200) (default)
2023-11-06 09:26:47,318 [b7b1b697-3f82-4acb-89c8-f9bc2eccfa5a-groupManagement] INFO  server.RaftServerConfigKeys (ConfUtils.java:logGet(46)) - raft.server.log.appender.buffer.byte-limit = 33554432 (custom)
2023-11-06 09:26:47,318 [b7b1b697-3f82-4acb-89c8-f9bc2eccfa5a-groupManagement] INFO  segmented.SegmentedRaftLogWorker (SegmentedRaftLogWorker.java:<init>(188)) - new b7b1b697-3f82-4acb-89c8-f9bc2eccfa5a@group-67654037FCFA-SegmentedRaftLogWorker for RaftStorageImpl:Storage Directory /home/runner/work/ozone/ozone/hadoop-ozone/integration-test/target/test-dir/MiniOzoneClusterImpl-938474ea-96d6-4bd3-a45f-678920fb0bb2/datanode-5/data/ratis/20ad4e29-1d2c-4b5d-8722-67654037fcfa
2023-11-06 09:26:47,318 [b7b1b697-3f82-4acb-89c8-f9bc2eccfa5a-groupManagement] INFO  server.RaftServerConfigKeys (ConfUtils.java:logGet(46)) - raft.server.log.queue.byte-limit = 4294967296 (custom)
2023-11-06 09:26:47,318 [b7b1b697-3f82-4acb-89c8-f9bc2eccfa5a-groupManagement] INFO  server.RaftServerConfigKeys (ConfUtils.java:logGet(46)) - raft.server.log.queue.element-limit = 1024 (custom)
2023-11-06 09:26:47,318 [b7b1b697-3f82-4acb-89c8-f9bc2eccfa5a-groupManagement] INFO  server.RaftServerConfigKeys (ConfUtils.java:logGet(46)) - raft.server.log.segment.size.max = 1048576 (custom)
2023-11-06 09:26:47,319 [b7b1b697-3f82-4acb-89c8-f9bc2eccfa5a-groupManagement] INFO  server.RaftServerConfigKeys (ConfUtils.java:logGet(46)) - raft.server.log.preallocated.size = 16384 (custom)
2023-11-06 09:26:47,319 [b7b1b697-3f82-4acb-89c8-f9bc2eccfa5a-groupManagement] INFO  server.RaftServerConfigKeys (ConfUtils.java:logGet(46)) - raft.server.log.force.sync.num = 128 (default)
2023-11-06 09:26:47,319 [b7b1b697-3f82-4acb-89c8-f9bc2eccfa5a-groupManagement] INFO  server.RaftServerConfigKeys (ConfUtils.java:logGet(46)) - raft.server.log.statemachine.data.sync = true (default)
2023-11-06 09:26:47,319 [b7b1b697-3f82-4acb-89c8-f9bc2eccfa5a-groupManagement] INFO  server.RaftServerConfigKeys (ConfUtils.java:logGet(46)) - raft.server.log.statemachine.data.sync.timeout = 10s (default)
2023-11-06 09:26:47,319 [b7b1b697-3f82-4acb-89c8-f9bc2eccfa5a-groupManagement] INFO  server.RaftServerConfigKeys (ConfUtils.java:logGet(46)) - raft.server.log.statemachine.data.sync.timeout.retry = -1 (default)
2023-11-06 09:26:47,320 [b7b1b697-3f82-4acb-89c8-f9bc2eccfa5a-groupManagement] INFO  server.RaftServerConfigKeys (ConfUtils.java:logGet(46)) - raft.server.log.write.buffer.size = 1048576 (custom)
2023-11-06 09:26:47,322 [92ba0aed-1dcc-4895-b5bb-fc45f440be2e-groupManagement] INFO  storage.RaftStorageDirectory (RaftStorageDirectoryImpl.java:tryLock(231)) - Lock on /home/runner/work/ozone/ozone/hadoop-ozone/integration-test/target/test-dir/MiniOzoneClusterImpl-938474ea-96d6-4bd3-a45f-678920fb0bb2/datanode-6/data/ratis/4f521251-8ca6-43fd-aabb-b0f7bfbf7b06/in_use.lock acquired by nodename 20533@fv-az241-347
2023-11-06 09:26:47,323 [b7b1b697-3f82-4acb-89c8-f9bc2eccfa5a-groupManagement] INFO  server.RaftServerConfigKeys (ConfUtils.java:logGet(46)) - raft.server.log.appender.buffer.byte-limit = 33554432 (custom)
2023-11-06 09:26:47,325 [92ba0aed-1dcc-4895-b5bb-fc45f440be2e-groupManagement] INFO  storage.RaftStorage (RaftStorageImpl.java:format(96)) - Storage directory /home/runner/work/ozone/ozone/hadoop-ozone/integration-test/target/test-dir/MiniOzoneClusterImpl-938474ea-96d6-4bd3-a45f-678920fb0bb2/datanode-6/data/ratis/4f521251-8ca6-43fd-aabb-b0f7bfbf7b06 has been successfully formatted.
2023-11-06 09:26:47,334 [92ba0aed-1dcc-4895-b5bb-fc45f440be2e-groupManagement] INFO  ratis.ContainerStateMachine (ContainerStateMachine.java:loadSnapshot(269)) - group-B0F7BFBF7B06: The snapshot info is null. Setting the last applied indexto:(t:0, i:~)
2023-11-06 09:26:47,334 [92ba0aed-1dcc-4895-b5bb-fc45f440be2e-groupManagement] INFO  server.RaftServerConfigKeys (ConfUtils.java:logGet(46)) - raft.server.log.use.memory = false (default)
2023-11-06 09:26:47,334 [92ba0aed-1dcc-4895-b5bb-fc45f440be2e-groupManagement] INFO  server.RaftServerConfigKeys (ConfUtils.java:logGet(46)) - raft.server.log.purge.gap = 1000000 (custom)
2023-11-06 09:26:47,334 [92ba0aed-1dcc-4895-b5bb-fc45f440be2e-groupManagement] INFO  server.RaftServerConfigKeys (ConfUtils.java:logGet(46)) - raft.server.log.appender.buffer.byte-limit = 33554432 (custom)
2023-11-06 09:26:47,334 [92ba0aed-1dcc-4895-b5bb-fc45f440be2e-groupManagement] INFO  server.RaftServerConfigKeys (ConfUtils.java:logGet(46)) - raft.server.log.statemachine.data.read.timeout = 1000ms (default)
2023-11-06 09:26:47,334 [92ba0aed-1dcc-4895-b5bb-fc45f440be2e-groupManagement] INFO  server.RaftServerConfigKeys (ConfUtils.java:logGet(46)) - raft.server.log.purge.preservation.log.num = 0 (default)
2023-11-06 09:26:47,334 [92ba0aed-1dcc-4895-b5bb-fc45f440be2e-groupManagement] INFO  server.RaftServerConfigKeys (ConfUtils.java:logGet(46)) - raft.server.log.segment.size.max = 1048576 (custom)
2023-11-06 09:26:47,335 [92ba0aed-1dcc-4895-b5bb-fc45f440be2e-groupManagement] INFO  server.RaftServerConfigKeys (ConfUtils.java:logGet(46)) - raft.server.log.segment.cache.num.max = 2 (custom)
2023-11-06 09:26:47,335 [92ba0aed-1dcc-4895-b5bb-fc45f440be2e-groupManagement] INFO  server.RaftServerConfigKeys (ConfUtils.java:logGet(46)) - raft.server.log.segment.cache.size.max = 200MB (=209715200) (default)
2023-11-06 09:26:47,335 [92ba0aed-1dcc-4895-b5bb-fc45f440be2e-groupManagement] INFO  server.RaftServerConfigKeys (ConfUtils.java:logGet(46)) - raft.server.log.appender.buffer.byte-limit = 33554432 (custom)
2023-11-06 09:26:47,335 [92ba0aed-1dcc-4895-b5bb-fc45f440be2e-groupManagement] INFO  segmented.SegmentedRaftLogWorker (SegmentedRaftLogWorker.java:<init>(188)) - new 92ba0aed-1dcc-4895-b5bb-fc45f440be2e@group-B0F7BFBF7B06-SegmentedRaftLogWorker for RaftStorageImpl:Storage Directory /home/runner/work/ozone/ozone/hadoop-ozone/integration-test/target/test-dir/MiniOzoneClusterImpl-938474ea-96d6-4bd3-a45f-678920fb0bb2/datanode-6/data/ratis/4f521251-8ca6-43fd-aabb-b0f7bfbf7b06
2023-11-06 09:26:47,335 [92ba0aed-1dcc-4895-b5bb-fc45f440be2e-groupManagement] INFO  server.RaftServerConfigKeys (ConfUtils.java:logGet(46)) - raft.server.log.queue.byte-limit = 4294967296 (custom)
2023-11-06 09:26:47,335 [92ba0aed-1dcc-4895-b5bb-fc45f440be2e-groupManagement] INFO  server.RaftServerConfigKeys (ConfUtils.java:logGet(46)) - raft.server.log.queue.element-limit = 1024 (custom)
2023-11-06 09:26:47,335 [92ba0aed-1dcc-4895-b5bb-fc45f440be2e-groupManagement] INFO  server.RaftServerConfigKeys (ConfUtils.java:logGet(46)) - raft.server.log.segment.size.max = 1048576 (custom)
2023-11-06 09:26:47,335 [92ba0aed-1dcc-4895-b5bb-fc45f440be2e-groupManagement] INFO  server.RaftServerConfigKeys (ConfUtils.java:logGet(46)) - raft.server.log.preallocated.size = 16384 (custom)
2023-11-06 09:26:47,335 [92ba0aed-1dcc-4895-b5bb-fc45f440be2e-groupManagement] INFO  server.RaftServerConfigKeys (ConfUtils.java:logGet(46)) - raft.server.log.force.sync.num = 128 (default)
2023-11-06 09:26:47,335 [92ba0aed-1dcc-4895-b5bb-fc45f440be2e-groupManagement] INFO  server.RaftServerConfigKeys (ConfUtils.java:logGet(46)) - raft.server.log.statemachine.data.sync = true (default)
2023-11-06 09:26:47,336 [92ba0aed-1dcc-4895-b5bb-fc45f440be2e-groupManagement] INFO  server.RaftServerConfigKeys (ConfUtils.java:logGet(46)) - raft.server.log.statemachine.data.sync.timeout = 10s (default)
2023-11-06 09:26:47,336 [92ba0aed-1dcc-4895-b5bb-fc45f440be2e-groupManagement] INFO  server.RaftServerConfigKeys (ConfUtils.java:logGet(46)) - raft.server.log.statemachine.data.sync.timeout.retry = -1 (default)
2023-11-06 09:26:47,336 [EventQueue-PipelineReportForPipelineReportHandler] INFO  pipeline.PipelineReportHandler (PipelineReportHandler.java:processPipelineReport(136)) - Opened pipeline PipelineID=4f521251-8ca6-43fd-aabb-b0f7bfbf7b06
2023-11-06 09:26:47,336 [EventQueue-OpenPipelineForHealthyPipelineSafeModeRule] INFO  safemode.SCMSafeModeManager (HealthyPipelineSafeModeRule.java:process(137)) - SCM in safe mode. Healthy pipelines reported count is 0, required healthy pipeline reported count is 1
2023-11-06 09:26:47,336 [92ba0aed-1dcc-4895-b5bb-fc45f440be2e-groupManagement] INFO  server.RaftServerConfigKeys (ConfUtils.java:logGet(46)) - raft.server.log.write.buffer.size = 1048576 (custom)
2023-11-06 09:26:47,337 [92ba0aed-1dcc-4895-b5bb-fc45f440be2e-groupManagement] INFO  server.RaftServerConfigKeys (ConfUtils.java:logGet(46)) - raft.server.log.appender.buffer.byte-limit = 33554432 (custom)
2023-11-06 09:26:47,344 [b7b1b697-3f82-4acb-89c8-f9bc2eccfa5a-groupManagement] INFO  server.RaftServerConfigKeys (ConfUtils.java:logGet(46)) - raft.server.log.unsafe-flush.enabled = false (default)
2023-11-06 09:26:47,344 [b7b1b697-3f82-4acb-89c8-f9bc2eccfa5a-groupManagement] INFO  server.RaftServerConfigKeys (ConfUtils.java:logGet(46)) - raft.server.log.async-flush.enabled = false (default)
2023-11-06 09:26:47,345 [b7b1b697-3f82-4acb-89c8-f9bc2eccfa5a-groupManagement] INFO  server.RaftServerConfigKeys (ConfUtils.java:logGet(46)) - raft.server.log.statemachine.data.caching.enabled = true (custom)
2023-11-06 09:26:47,350 [92ba0aed-1dcc-4895-b5bb-fc45f440be2e-groupManagement] INFO  server.RaftServerConfigKeys (ConfUtils.java:logGet(46)) - raft.server.log.unsafe-flush.enabled = false (default)
2023-11-06 09:26:47,345 [4cee0e49-9f18-41f8-8e67-157ccbc15955-PipelineCommandHandlerThread-0] INFO  ratis.XceiverServerRatis (XceiverServerRatis.java:addGroup(805)) - Created group PipelineID=20ad4e29-1d2c-4b5d-8722-67654037fcfa
2023-11-06 09:26:47,357 [92ba0aed-1dcc-4895-b5bb-fc45f440be2e-groupManagement] INFO  server.RaftServerConfigKeys (ConfUtils.java:logGet(46)) - raft.server.log.async-flush.enabled = false (default)
2023-11-06 09:26:47,357 [92ba0aed-1dcc-4895-b5bb-fc45f440be2e-groupManagement] INFO  server.RaftServerConfigKeys (ConfUtils.java:logGet(46)) - raft.server.log.statemachine.data.caching.enabled = true (custom)
2023-11-06 09:26:47,358 [b7b1b697-3f82-4acb-89c8-f9bc2eccfa5a-groupManagement] INFO  segmented.SegmentedRaftLogWorker (SegmentedRaftLogWorker.java:lambda$new$0(135)) - b7b1b697-3f82-4acb-89c8-f9bc2eccfa5a@group-67654037FCFA-SegmentedRaftLogWorker: flushIndex: setUnconditionally 0 -> -1
2023-11-06 09:26:47,358 [b7b1b697-3f82-4acb-89c8-f9bc2eccfa5a-groupManagement] INFO  segmented.SegmentedRaftLogWorker (SegmentedRaftLogWorker.java:lambda$new$0(135)) - b7b1b697-3f82-4acb-89c8-f9bc2eccfa5a@group-67654037FCFA-SegmentedRaftLogWorker: safeCacheEvictIndex: setUnconditionally 0 -> -1
2023-11-06 09:26:47,360 [92ba0aed-1dcc-4895-b5bb-fc45f440be2e-groupManagement] INFO  segmented.SegmentedRaftLogWorker (SegmentedRaftLogWorker.java:lambda$new$0(135)) - 92ba0aed-1dcc-4895-b5bb-fc45f440be2e@group-B0F7BFBF7B06-SegmentedRaftLogWorker: flushIndex: setUnconditionally 0 -> -1
2023-11-06 09:26:47,360 [92ba0aed-1dcc-4895-b5bb-fc45f440be2e-groupManagement] INFO  segmented.SegmentedRaftLogWorker (SegmentedRaftLogWorker.java:lambda$new$0(135)) - 92ba0aed-1dcc-4895-b5bb-fc45f440be2e@group-B0F7BFBF7B06-SegmentedRaftLogWorker: safeCacheEvictIndex: setUnconditionally 0 -> -1
2023-11-06 09:26:47,364 [92ba0aed-1dcc-4895-b5bb-fc45f440be2e-groupManagement] INFO  server.RaftServer$Division (RaftServerImpl.java:start(342)) - 92ba0aed-1dcc-4895-b5bb-fc45f440be2e@group-B0F7BFBF7B06: start as a follower, conf=-1: peers:[92ba0aed-1dcc-4895-b5bb-fc45f440be2e|rpc:10.1.0.6:15068|admin:10.1.0.6:15067|client:10.1.0.6:15066|dataStream:10.1.0.6:15069|priority:1|startupRole:FOLLOWER]|listeners:[], old=null
2023-11-06 09:26:47,364 [92ba0aed-1dcc-4895-b5bb-fc45f440be2e-groupManagement] INFO  server.RaftServer$Division (RaftServerImpl.java:setRole(329)) - 92ba0aed-1dcc-4895-b5bb-fc45f440be2e@group-B0F7BFBF7B06: changes role from      null to FOLLOWER at term 0 for startAsFollower
2023-11-06 09:26:47,364 [92ba0aed-1dcc-4895-b5bb-fc45f440be2e-groupManagement] INFO  impl.RoleInfo (RoleInfo.java:updateAndGet(139)) - 92ba0aed-1dcc-4895-b5bb-fc45f440be2e: start 92ba0aed-1dcc-4895-b5bb-fc45f440be2e@group-B0F7BFBF7B06-FollowerState
2023-11-06 09:26:47,365 [92ba0aed-1dcc-4895-b5bb-fc45f440be2e-groupManagement] INFO  util.JmxRegister (JmxRegister.java:tryRegister(44)) - Successfully registered JMX Bean with object name Ratis:service=RaftServer,group=group-B0F7BFBF7B06,id=92ba0aed-1dcc-4895-b5bb-fc45f440be2e
2023-11-06 09:26:47,365 [92ba0aed-1dcc-4895-b5bb-fc45f440be2e-groupManagement] INFO  server.RaftServerConfigKeys (ConfUtils.java:logGet(46)) - raft.server.snapshot.auto.trigger.enabled = true (custom)
2023-11-06 09:26:47,366 [92ba0aed-1dcc-4895-b5bb-fc45f440be2e-groupManagement] INFO  server.RaftServerConfigKeys (ConfUtils.java:logGet(46)) - raft.server.snapshot.auto.trigger.threshold = 10000 (custom)
2023-11-06 09:26:47,366 [92ba0aed-1dcc-4895-b5bb-fc45f440be2e-groupManagement] INFO  server.RaftServerConfigKeys (ConfUtils.java:logGet(46)) - raft.server.snapshot.retention.file.num = 5 (custom)
2023-11-06 09:26:47,366 [92ba0aed-1dcc-4895-b5bb-fc45f440be2e-groupManagement] INFO  server.RaftServerConfigKeys (ConfUtils.java:logGet(46)) - raft.server.log.purge.upto.snapshot.index = false (default)
2023-11-06 09:26:47,366 [92ba0aed-1dcc-4895-b5bb-fc45f440be2e@group-B0F7BFBF7B06-FollowerState] INFO  server.RaftServerConfigKeys (ConfUtils.java:logFallback(53)) - raft.server.rpc.first-election.timeout.min = 5s (fallback to raft.server.rpc.timeout.min)
2023-11-06 09:26:47,366 [92ba0aed-1dcc-4895-b5bb-fc45f440be2e@group-B0F7BFBF7B06-FollowerState] INFO  server.RaftServerConfigKeys (ConfUtils.java:logFallback(53)) - raft.server.rpc.first-election.timeout.max = 5200ms (fallback to raft.server.rpc.timeout.max)
2023-11-06 09:26:47,368 [92ba0aed-1dcc-4895-b5bb-fc45f440be2e-PipelineCommandHandlerThread-0] INFO  ratis.XceiverServerRatis (XceiverServerRatis.java:addGroup(805)) - Created group PipelineID=4f521251-8ca6-43fd-aabb-b0f7bfbf7b06
2023-11-06 09:26:47,368 [92ba0aed-1dcc-4895-b5bb-fc45f440be2e-PipelineCommandHandlerThread-0] INFO  commandhandler.CreatePipelineCommandHandler (CreatePipelineCommandHandler.java:lambda$handle$2(124)) - Created Pipeline RATIS ONE PipelineID=4f521251-8ca6-43fd-aabb-b0f7bfbf7b06.
2023-11-06 09:26:47,369 [92ba0aed-1dcc-4895-b5bb-fc45f440be2e-PipelineCommandHandlerThread-0] INFO  server.RaftServer (RaftServerProxy.java:addNew(98)) - 92ba0aed-1dcc-4895-b5bb-fc45f440be2e: addNew group-DF79F62058F4:[92ba0aed-1dcc-4895-b5bb-fc45f440be2e|rpc:10.1.0.6:15068|admin:10.1.0.6:15067|client:10.1.0.6:15066|dataStream:10.1.0.6:15069|priority:0|startupRole:FOLLOWER, 18227f38-d602-4438-971e-c9cd287df9cb|rpc:10.1.0.6:15077|admin:10.1.0.6:15076|client:10.1.0.6:15075|dataStream:10.1.0.6:15078|priority:0|startupRole:FOLLOWER, 5f7d9b36-4620-4ba9-8a78-929bd6ddd1f9|rpc:10.1.0.6:15086|admin:10.1.0.6:15085|client:10.1.0.6:15084|dataStream:10.1.0.6:15087|priority:1|startupRole:FOLLOWER] returns group-DF79F62058F4:java.util.concurrent.CompletableFuture@6dbf87ff[Not completed]
2023-11-06 09:26:47,370 [92ba0aed-1dcc-4895-b5bb-fc45f440be2e-groupManagement] INFO  server.RaftServer$Division (RaftServerImpl.java:<init>(198)) - 92ba0aed-1dcc-4895-b5bb-fc45f440be2e: new RaftServerImpl for group-DF79F62058F4:[92ba0aed-1dcc-4895-b5bb-fc45f440be2e|rpc:10.1.0.6:15068|admin:10.1.0.6:15067|client:10.1.0.6:15066|dataStream:10.1.0.6:15069|priority:0|startupRole:FOLLOWER, 18227f38-d602-4438-971e-c9cd287df9cb|rpc:10.1.0.6:15077|admin:10.1.0.6:15076|client:10.1.0.6:15075|dataStream:10.1.0.6:15078|priority:0|startupRole:FOLLOWER, 5f7d9b36-4620-4ba9-8a78-929bd6ddd1f9|rpc:10.1.0.6:15086|admin:10.1.0.6:15085|client:10.1.0.6:15084|dataStream:10.1.0.6:15087|priority:1|startupRole:FOLLOWER] with ContainerStateMachine:uninitialized
2023-11-06 09:26:47,370 [92ba0aed-1dcc-4895-b5bb-fc45f440be2e-groupManagement] INFO  server.RaftServerConfigKeys (ConfUtils.java:logGet(46)) - raft.server.rpc.timeout.min = 5s (custom)
2023-11-06 09:26:47,370 [92ba0aed-1dcc-4895-b5bb-fc45f440be2e-groupManagement] INFO  server.RaftServerConfigKeys (ConfUtils.java:logGet(46)) - raft.server.rpc.timeout.max = 5200ms (custom)
2023-11-06 09:26:47,370 [92ba0aed-1dcc-4895-b5bb-fc45f440be2e-groupManagement] INFO  server.RaftServerConfigKeys (ConfUtils.java:logGet(46)) - raft.server.rpc.sleep.time = 25ms (default)
2023-11-06 09:26:47,370 [92ba0aed-1dcc-4895-b5bb-fc45f440be2e-groupManagement] INFO  server.RaftServerConfigKeys (ConfUtils.java:logGet(46)) - raft.server.rpc.slowness.timeout = 300s (custom)
2023-11-06 09:26:47,370 [92ba0aed-1dcc-4895-b5bb-fc45f440be2e-groupManagement] INFO  server.RaftServerConfigKeys (ConfUtils.java:logGet(46)) - raft.server.leaderelection.leader.step-down.wait-time = 10s (default)
2023-11-06 09:26:47,370 [92ba0aed-1dcc-4895-b5bb-fc45f440be2e-groupManagement] INFO  server.RaftServerConfigKeys (ConfUtils.java:logGet(46)) - raft.server.sleep.deviation.threshold = 300ms (default)
2023-11-06 09:26:47,370 [92ba0aed-1dcc-4895-b5bb-fc45f440be2e-groupManagement] INFO  server.RaftServer$Division (ServerState.java:<init>(120)) - 92ba0aed-1dcc-4895-b5bb-fc45f440be2e@group-DF79F62058F4: ConfigurationManager, init=-1: peers:[92ba0aed-1dcc-4895-b5bb-fc45f440be2e|rpc:10.1.0.6:15068|admin:10.1.0.6:15067|client:10.1.0.6:15066|dataStream:10.1.0.6:15069|priority:0|startupRole:FOLLOWER, 18227f38-d602-4438-971e-c9cd287df9cb|rpc:10.1.0.6:15077|admin:10.1.0.6:15076|client:10.1.0.6:15075|dataStream:10.1.0.6:15078|priority:0|startupRole:FOLLOWER, 5f7d9b36-4620-4ba9-8a78-929bd6ddd1f9|rpc:10.1.0.6:15086|admin:10.1.0.6:15085|client:10.1.0.6:15084|dataStream:10.1.0.6:15087|priority:1|startupRole:FOLLOWER]|listeners:[], old=null, confs=<EMPTY_MAP>
2023-11-06 09:26:47,370 [92ba0aed-1dcc-4895-b5bb-fc45f440be2e-groupManagement] INFO  server.RaftServerConfigKeys (ConfUtils.java:logGet(46)) - raft.server.storage.dir = [/home/runner/work/ozone/ozone/hadoop-ozone/integration-test/target/test-dir/MiniOzoneClusterImpl-938474ea-96d6-4bd3-a45f-678920fb0bb2/datanode-6/data/ratis] (custom)
2023-11-06 09:26:47,370 [92ba0aed-1dcc-4895-b5bb-fc45f440be2e-groupManagement] INFO  server.RaftServerConfigKeys (ConfUtils.java:logGet(46)) - raft.server.log.corruption.policy = EXCEPTION (default)
2023-11-06 09:26:47,370 [92ba0aed-1dcc-4895-b5bb-fc45f440be2e-groupManagement] INFO  server.RaftServerConfigKeys (ConfUtils.java:logGet(46)) - raft.server.storage.free-space.min = 0MB (=0) (default)
2023-11-06 09:26:47,371 [92ba0aed-1dcc-4895-b5bb-fc45f440be2e-groupManagement] INFO  server.RaftServerConfigKeys (ConfUtils.java:logGet(46)) - raft.server.notification.no-leader.timeout = 300s (custom)
2023-11-06 09:26:47,371 [92ba0aed-1dcc-4895-b5bb-fc45f440be2e-groupManagement] INFO  server.RaftServerConfigKeys (ConfUtils.java:logGet(46)) - raft.server.read.timeout = 10s (default)
2023-11-06 09:26:47,371 [92ba0aed-1dcc-4895-b5bb-fc45f440be2e-groupManagement] INFO  server.RaftServerConfigKeys (ConfUtils.java:logGet(46)) - raft.server.retrycache.expirytime = 600000ms (custom)
2023-11-06 09:26:47,371 [92ba0aed-1dcc-4895-b5bb-fc45f440be2e-groupManagement] INFO  server.RaftServerConfigKeys (ConfUtils.java:logGet(46)) - raft.server.retrycache.statistics.expirytime = 100μs (default)
2023-11-06 09:26:47,371 [92ba0aed-1dcc-4895-b5bb-fc45f440be2e-groupManagement] INFO  server.RaftServerConfigKeys (ConfUtils.java:logGet(46)) - raft.server.read.option = DEFAULT (default)
2023-11-06 09:26:47,372 [92ba0aed-1dcc-4895-b5bb-fc45f440be2e-groupManagement] INFO  server.RaftServerConfigKeys (ConfUtils.java:logGet(46)) - raft.server.rpc.request.timeout = 60s (custom)
2023-11-06 09:26:47,372 [92ba0aed-1dcc-4895-b5bb-fc45f440be2e-groupManagement] INFO  server.RaftServerConfigKeys (ConfUtils.java:logGet(46)) - raft.server.log.appender.install.snapshot.enabled = false (custom)
2023-11-06 09:26:47,372 [92ba0aed-1dcc-4895-b5bb-fc45f440be2e-groupManagement] INFO  server.RaftServerConfigKeys (ConfUtils.java:logGet(46)) - raft.server.threadpool.server.cached = true (default)
2023-11-06 09:26:47,372 [92ba0aed-1dcc-4895-b5bb-fc45f440be2e-groupManagement] INFO  server.RaftServerConfigKeys (ConfUtils.java:logGet(46)) - raft.server.threadpool.server.size = 0 (default)
2023-11-06 09:26:47,372 [92ba0aed-1dcc-4895-b5bb-fc45f440be2e-groupManagement] INFO  server.RaftServerConfigKeys (ConfUtils.java:logGet(46)) - raft.server.threadpool.client.cached = true (default)
2023-11-06 09:26:47,372 [92ba0aed-1dcc-4895-b5bb-fc45f440be2e-groupManagement] INFO  server.RaftServerConfigKeys (ConfUtils.java:logGet(46)) - raft.server.threadpool.client.size = 0 (default)
2023-11-06 09:26:47,372 [92ba0aed-1dcc-4895-b5bb-fc45f440be2e-groupManagement] INFO  storage.RaftStorageDirectory (RaftStorageDirectoryImpl.java:analyzeStorage(137)) - The storage directory /home/runner/work/ozone/ozone/hadoop-ozone/integration-test/target/test-dir/MiniOzoneClusterImpl-938474ea-96d6-4bd3-a45f-678920fb0bb2/datanode-6/data/ratis/09dbd412-9c40-45dd-ab24-df79f62058f4 does not exist. Creating ...
2023-11-06 09:26:47,373 [b7b1b697-3f82-4acb-89c8-f9bc2eccfa5a-groupManagement] INFO  server.RaftServer$Division (RaftServerImpl.java:start(342)) - b7b1b697-3f82-4acb-89c8-f9bc2eccfa5a@group-67654037FCFA: start as a follower, conf=-1: peers:[fadd24ee-4463-4420-97cf-bdd350ad83ae|rpc:10.1.0.6:15041|admin:10.1.0.6:15040|client:10.1.0.6:15039|dataStream:10.1.0.6:15042|priority:0|startupRole:FOLLOWER, b7b1b697-3f82-4acb-89c8-f9bc2eccfa5a|rpc:10.1.0.6:15059|admin:10.1.0.6:15058|client:10.1.0.6:15057|dataStream:10.1.0.6:15060|priority:0|startupRole:FOLLOWER, 4cee0e49-9f18-41f8-8e67-157ccbc15955|rpc:10.1.0.6:15050|admin:10.1.0.6:15049|client:10.1.0.6:15048|dataStream:10.1.0.6:15051|priority:1|startupRole:FOLLOWER]|listeners:[], old=null
2023-11-06 09:26:47,373 [b7b1b697-3f82-4acb-89c8-f9bc2eccfa5a-groupManagement] INFO  server.RaftServer$Division (RaftServerImpl.java:setRole(329)) - b7b1b697-3f82-4acb-89c8-f9bc2eccfa5a@group-67654037FCFA: changes role from      null to FOLLOWER at term 0 for startAsFollower
2023-11-06 09:26:47,373 [b7b1b697-3f82-4acb-89c8-f9bc2eccfa5a-groupManagement] INFO  impl.RoleInfo (RoleInfo.java:updateAndGet(139)) - b7b1b697-3f82-4acb-89c8-f9bc2eccfa5a: start b7b1b697-3f82-4acb-89c8-f9bc2eccfa5a@group-67654037FCFA-FollowerState
2023-11-06 09:26:47,380 [92ba0aed-1dcc-4895-b5bb-fc45f440be2e-groupManagement] INFO  storage.RaftStorageDirectory (RaftStorageDirectoryImpl.java:tryLock(231)) - Lock on /home/runner/work/ozone/ozone/hadoop-ozone/integration-test/target/test-dir/MiniOzoneClusterImpl-938474ea-96d6-4bd3-a45f-678920fb0bb2/datanode-6/data/ratis/09dbd412-9c40-45dd-ab24-df79f62058f4/in_use.lock acquired by nodename 20533@fv-az241-347
2023-11-06 09:26:47,383 [92ba0aed-1dcc-4895-b5bb-fc45f440be2e-groupManagement] INFO  storage.RaftStorage (RaftStorageImpl.java:format(96)) - Storage directory /home/runner/work/ozone/ozone/hadoop-ozone/integration-test/target/test-dir/MiniOzoneClusterImpl-938474ea-96d6-4bd3-a45f-678920fb0bb2/datanode-6/data/ratis/09dbd412-9c40-45dd-ab24-df79f62058f4 has been successfully formatted.
2023-11-06 09:26:47,381 [b7b1b697-3f82-4acb-89c8-f9bc2eccfa5a-groupManagement] INFO  util.JmxRegister (JmxRegister.java:tryRegister(44)) - Successfully registered JMX Bean with object name Ratis:service=RaftServer,group=group-67654037FCFA,id=b7b1b697-3f82-4acb-89c8-f9bc2eccfa5a
2023-11-06 09:26:47,385 [b7b1b697-3f82-4acb-89c8-f9bc2eccfa5a-groupManagement] INFO  server.RaftServerConfigKeys (ConfUtils.java:logGet(46)) - raft.server.snapshot.auto.trigger.enabled = true (custom)
2023-11-06 09:26:47,385 [b7b1b697-3f82-4acb-89c8-f9bc2eccfa5a-groupManagement] INFO  server.RaftServerConfigKeys (ConfUtils.java:logGet(46)) - raft.server.snapshot.auto.trigger.threshold = 10000 (custom)
2023-11-06 09:26:47,385 [b7b1b697-3f82-4acb-89c8-f9bc2eccfa5a-groupManagement] INFO  server.RaftServerConfigKeys (ConfUtils.java:logGet(46)) - raft.server.snapshot.retention.file.num = 5 (custom)
2023-11-06 09:26:47,385 [b7b1b697-3f82-4acb-89c8-f9bc2eccfa5a-groupManagement] INFO  server.RaftServerConfigKeys (ConfUtils.java:logGet(46)) - raft.server.log.purge.upto.snapshot.index = false (default)
2023-11-06 09:26:47,385 [92ba0aed-1dcc-4895-b5bb-fc45f440be2e-groupManagement] INFO  ratis.ContainerStateMachine (ContainerStateMachine.java:loadSnapshot(269)) - group-DF79F62058F4: The snapshot info is null. Setting the last applied indexto:(t:0, i:~)
2023-11-06 09:26:47,385 [92ba0aed-1dcc-4895-b5bb-fc45f440be2e-groupManagement] INFO  server.RaftServerConfigKeys (ConfUtils.java:logGet(46)) - raft.server.log.use.memory = false (default)
2023-11-06 09:26:47,385 [92ba0aed-1dcc-4895-b5bb-fc45f440be2e-groupManagement] INFO  server.RaftServerConfigKeys (ConfUtils.java:logGet(46)) - raft.server.log.purge.gap = 1000000 (custom)
2023-11-06 09:26:47,385 [92ba0aed-1dcc-4895-b5bb-fc45f440be2e-groupManagement] INFO  server.RaftServerConfigKeys (ConfUtils.java:logGet(46)) - raft.server.log.appender.buffer.byte-limit = 33554432 (custom)
2023-11-06 09:26:47,385 [92ba0aed-1dcc-4895-b5bb-fc45f440be2e-groupManagement] INFO  server.RaftServerConfigKeys (ConfUtils.java:logGet(46)) - raft.server.log.statemachine.data.read.timeout = 1000ms (default)
2023-11-06 09:26:47,385 [92ba0aed-1dcc-4895-b5bb-fc45f440be2e-groupManagement] INFO  server.RaftServerConfigKeys (ConfUtils.java:logGet(46)) - raft.server.log.purge.preservation.log.num = 0 (default)
2023-11-06 09:26:47,385 [92ba0aed-1dcc-4895-b5bb-fc45f440be2e-groupManagement] INFO  server.RaftServerConfigKeys (ConfUtils.java:logGet(46)) - raft.server.log.segment.size.max = 1048576 (custom)
2023-11-06 09:26:47,386 [92ba0aed-1dcc-4895-b5bb-fc45f440be2e-groupManagement] INFO  server.RaftServerConfigKeys (ConfUtils.java:logGet(46)) - raft.server.log.segment.cache.num.max = 2 (custom)
2023-11-06 09:26:47,386 [92ba0aed-1dcc-4895-b5bb-fc45f440be2e-groupManagement] INFO  server.RaftServerConfigKeys (ConfUtils.java:logGet(46)) - raft.server.log.segment.cache.size.max = 200MB (=209715200) (default)
2023-11-06 09:26:47,386 [92ba0aed-1dcc-4895-b5bb-fc45f440be2e-groupManagement] INFO  server.RaftServerConfigKeys (ConfUtils.java:logGet(46)) - raft.server.log.appender.buffer.byte-limit = 33554432 (custom)
2023-11-06 09:26:47,386 [92ba0aed-1dcc-4895-b5bb-fc45f440be2e-groupManagement] INFO  segmented.SegmentedRaftLogWorker (SegmentedRaftLogWorker.java:<init>(188)) - new 92ba0aed-1dcc-4895-b5bb-fc45f440be2e@group-DF79F62058F4-SegmentedRaftLogWorker for RaftStorageImpl:Storage Directory /home/runner/work/ozone/ozone/hadoop-ozone/integration-test/target/test-dir/MiniOzoneClusterImpl-938474ea-96d6-4bd3-a45f-678920fb0bb2/datanode-6/data/ratis/09dbd412-9c40-45dd-ab24-df79f62058f4
2023-11-06 09:26:47,386 [92ba0aed-1dcc-4895-b5bb-fc45f440be2e-groupManagement] INFO  server.RaftServerConfigKeys (ConfUtils.java:logGet(46)) - raft.server.log.queue.byte-limit = 4294967296 (custom)
2023-11-06 09:26:47,386 [92ba0aed-1dcc-4895-b5bb-fc45f440be2e-groupManagement] INFO  server.RaftServerConfigKeys (ConfUtils.java:logGet(46)) - raft.server.log.queue.element-limit = 1024 (custom)
2023-11-06 09:26:47,386 [92ba0aed-1dcc-4895-b5bb-fc45f440be2e-groupManagement] INFO  server.RaftServerConfigKeys (ConfUtils.java:logGet(46)) - raft.server.log.segment.size.max = 1048576 (custom)
2023-11-06 09:26:47,386 [92ba0aed-1dcc-4895-b5bb-fc45f440be2e-groupManagement] INFO  server.RaftServerConfigKeys (ConfUtils.java:logGet(46)) - raft.server.log.preallocated.size = 16384 (custom)
2023-11-06 09:26:47,386 [92ba0aed-1dcc-4895-b5bb-fc45f440be2e-groupManagement] INFO  server.RaftServerConfigKeys (ConfUtils.java:logGet(46)) - raft.server.log.force.sync.num = 128 (default)
2023-11-06 09:26:47,386 [92ba0aed-1dcc-4895-b5bb-fc45f440be2e-groupManagement] INFO  server.RaftServerConfigKeys (ConfUtils.java:logGet(46)) - raft.server.log.statemachine.data.sync = true (default)
2023-11-06 09:26:47,386 [92ba0aed-1dcc-4895-b5bb-fc45f440be2e-groupManagement] INFO  server.RaftServerConfigKeys (ConfUtils.java:logGet(46)) - raft.server.log.statemachine.data.sync.timeout = 10s (default)
2023-11-06 09:26:47,386 [92ba0aed-1dcc-4895-b5bb-fc45f440be2e-groupManagement] INFO  server.RaftServerConfigKeys (ConfUtils.java:logGet(46)) - raft.server.log.statemachine.data.sync.timeout.retry = -1 (default)
2023-11-06 09:26:47,387 [92ba0aed-1dcc-4895-b5bb-fc45f440be2e-groupManagement] INFO  server.RaftServerConfigKeys (ConfUtils.java:logGet(46)) - raft.server.log.write.buffer.size = 1048576 (custom)
2023-11-06 09:26:47,388 [92ba0aed-1dcc-4895-b5bb-fc45f440be2e-groupManagement] INFO  server.RaftServerConfigKeys (ConfUtils.java:logGet(46)) - raft.server.log.appender.buffer.byte-limit = 33554432 (custom)
2023-11-06 09:26:47,392 [b7b1b697-3f82-4acb-89c8-f9bc2eccfa5a@group-67654037FCFA-FollowerState] INFO  server.RaftServerConfigKeys (ConfUtils.java:logFallback(53)) - raft.server.rpc.first-election.timeout.min = 5s (fallback to raft.server.rpc.timeout.min)
2023-11-06 09:26:47,394 [b7b1b697-3f82-4acb-89c8-f9bc2eccfa5a@group-67654037FCFA-FollowerState] INFO  server.RaftServerConfigKeys (ConfUtils.java:logFallback(53)) - raft.server.rpc.first-election.timeout.max = 5200ms (fallback to raft.server.rpc.timeout.max)
2023-11-06 09:26:47,394 [92ba0aed-1dcc-4895-b5bb-fc45f440be2e-groupManagement] INFO  server.RaftServerConfigKeys (ConfUtils.java:logGet(46)) - raft.server.log.unsafe-flush.enabled = false (default)
2023-11-06 09:26:47,395 [92ba0aed-1dcc-4895-b5bb-fc45f440be2e-groupManagement] INFO  server.RaftServerConfigKeys (ConfUtils.java:logGet(46)) - raft.server.log.async-flush.enabled = false (default)
2023-11-06 09:26:47,395 [92ba0aed-1dcc-4895-b5bb-fc45f440be2e-groupManagement] INFO  server.RaftServerConfigKeys (ConfUtils.java:logGet(46)) - raft.server.log.statemachine.data.caching.enabled = true (custom)
2023-11-06 09:26:47,395 [92ba0aed-1dcc-4895-b5bb-fc45f440be2e-groupManagement] INFO  segmented.SegmentedRaftLogWorker (SegmentedRaftLogWorker.java:lambda$new$0(135)) - 92ba0aed-1dcc-4895-b5bb-fc45f440be2e@group-DF79F62058F4-SegmentedRaftLogWorker: flushIndex: setUnconditionally 0 -> -1
2023-11-06 09:26:47,395 [92ba0aed-1dcc-4895-b5bb-fc45f440be2e-groupManagement] INFO  segmented.SegmentedRaftLogWorker (SegmentedRaftLogWorker.java:lambda$new$0(135)) - 92ba0aed-1dcc-4895-b5bb-fc45f440be2e@group-DF79F62058F4-SegmentedRaftLogWorker: safeCacheEvictIndex: setUnconditionally 0 -> -1
2023-11-06 09:26:47,396 [b7b1b697-3f82-4acb-89c8-f9bc2eccfa5a-PipelineCommandHandlerThread-0] INFO  ratis.XceiverServerRatis (XceiverServerRatis.java:addGroup(805)) - Created group PipelineID=20ad4e29-1d2c-4b5d-8722-67654037fcfa
2023-11-06 09:26:47,408 [92ba0aed-1dcc-4895-b5bb-fc45f440be2e-groupManagement] INFO  server.RaftServer$Division (RaftServerImpl.java:start(342)) - 92ba0aed-1dcc-4895-b5bb-fc45f440be2e@group-DF79F62058F4: start as a follower, conf=-1: peers:[92ba0aed-1dcc-4895-b5bb-fc45f440be2e|rpc:10.1.0.6:15068|admin:10.1.0.6:15067|client:10.1.0.6:15066|dataStream:10.1.0.6:15069|priority:0|startupRole:FOLLOWER, 18227f38-d602-4438-971e-c9cd287df9cb|rpc:10.1.0.6:15077|admin:10.1.0.6:15076|client:10.1.0.6:15075|dataStream:10.1.0.6:15078|priority:0|startupRole:FOLLOWER, 5f7d9b36-4620-4ba9-8a78-929bd6ddd1f9|rpc:10.1.0.6:15086|admin:10.1.0.6:15085|client:10.1.0.6:15084|dataStream:10.1.0.6:15087|priority:1|startupRole:FOLLOWER]|listeners:[], old=null
2023-11-06 09:26:47,408 [92ba0aed-1dcc-4895-b5bb-fc45f440be2e-groupManagement] INFO  server.RaftServer$Division (RaftServerImpl.java:setRole(329)) - 92ba0aed-1dcc-4895-b5bb-fc45f440be2e@group-DF79F62058F4: changes role from      null to FOLLOWER at term 0 for startAsFollower
2023-11-06 09:26:47,408 [92ba0aed-1dcc-4895-b5bb-fc45f440be2e-groupManagement] INFO  impl.RoleInfo (RoleInfo.java:updateAndGet(139)) - 92ba0aed-1dcc-4895-b5bb-fc45f440be2e: start 92ba0aed-1dcc-4895-b5bb-fc45f440be2e@group-DF79F62058F4-FollowerState
2023-11-06 09:26:47,408 [92ba0aed-1dcc-4895-b5bb-fc45f440be2e-groupManagement] INFO  util.JmxRegister (JmxRegister.java:tryRegister(44)) - Successfully registered JMX Bean with object name Ratis:service=RaftServer,group=group-DF79F62058F4,id=92ba0aed-1dcc-4895-b5bb-fc45f440be2e
2023-11-06 09:26:47,408 [92ba0aed-1dcc-4895-b5bb-fc45f440be2e-groupManagement] INFO  server.RaftServerConfigKeys (ConfUtils.java:logGet(46)) - raft.server.snapshot.auto.trigger.enabled = true (custom)
2023-11-06 09:26:47,408 [92ba0aed-1dcc-4895-b5bb-fc45f440be2e-groupManagement] INFO  server.RaftServerConfigKeys (ConfUtils.java:logGet(46)) - raft.server.snapshot.auto.trigger.threshold = 10000 (custom)
2023-11-06 09:26:47,408 [92ba0aed-1dcc-4895-b5bb-fc45f440be2e-groupManagement] INFO  server.RaftServerConfigKeys (ConfUtils.java:logGet(46)) - raft.server.snapshot.retention.file.num = 5 (custom)
2023-11-06 09:26:47,408 [92ba0aed-1dcc-4895-b5bb-fc45f440be2e-groupManagement] INFO  server.RaftServerConfigKeys (ConfUtils.java:logGet(46)) - raft.server.log.purge.upto.snapshot.index = false (default)
2023-11-06 09:26:47,409 [92ba0aed-1dcc-4895-b5bb-fc45f440be2e@group-DF79F62058F4-FollowerState] INFO  server.RaftServerConfigKeys (ConfUtils.java:logFallback(53)) - raft.server.rpc.first-election.timeout.min = 5s (fallback to raft.server.rpc.timeout.min)
2023-11-06 09:26:47,409 [92ba0aed-1dcc-4895-b5bb-fc45f440be2e@group-DF79F62058F4-FollowerState] INFO  server.RaftServerConfigKeys (ConfUtils.java:logFallback(53)) - raft.server.rpc.first-election.timeout.max = 5200ms (fallback to raft.server.rpc.timeout.max)
2023-11-06 09:26:47,411 [EventQueue-OpenPipelineForHealthyPipelineSafeModeRule] INFO  safemode.SCMSafeModeManager (HealthyPipelineSafeModeRule.java:process(137)) - SCM in safe mode. Healthy pipelines reported count is 0, required healthy pipeline reported count is 1
2023-11-06 09:26:47,423 [92ba0aed-1dcc-4895-b5bb-fc45f440be2e-PipelineCommandHandlerThread-0] INFO  ratis.XceiverServerRatis (XceiverServerRatis.java:addGroup(805)) - Created group PipelineID=09dbd412-9c40-45dd-ab24-df79f62058f4
2023-11-06 09:26:47,450 [18227f38-d602-4438-971e-c9cd287df9cb-PipelineCommandHandlerThread-0] INFO  server.RaftServer (RaftServerProxy.java:addNew(98)) - 18227f38-d602-4438-971e-c9cd287df9cb: addNew group-A7771FB2EC2A:[18227f38-d602-4438-971e-c9cd287df9cb|rpc:10.1.0.6:15077|admin:10.1.0.6:15076|client:10.1.0.6:15075|dataStream:10.1.0.6:15078|priority:1|startupRole:FOLLOWER] returns group-A7771FB2EC2A:java.util.concurrent.CompletableFuture@4169b3b8[Not completed]
2023-11-06 09:26:47,464 [18227f38-d602-4438-971e-c9cd287df9cb-groupManagement] INFO  server.RaftServer$Division (RaftServerImpl.java:<init>(198)) - 18227f38-d602-4438-971e-c9cd287df9cb: new RaftServerImpl for group-A7771FB2EC2A:[18227f38-d602-4438-971e-c9cd287df9cb|rpc:10.1.0.6:15077|admin:10.1.0.6:15076|client:10.1.0.6:15075|dataStream:10.1.0.6:15078|priority:1|startupRole:FOLLOWER] with ContainerStateMachine:uninitialized
2023-11-06 09:26:47,464 [18227f38-d602-4438-971e-c9cd287df9cb-groupManagement] INFO  server.RaftServerConfigKeys (ConfUtils.java:logGet(46)) - raft.server.rpc.timeout.min = 5s (custom)
2023-11-06 09:26:47,465 [18227f38-d602-4438-971e-c9cd287df9cb-groupManagement] INFO  server.RaftServerConfigKeys (ConfUtils.java:logGet(46)) - raft.server.rpc.timeout.max = 5200ms (custom)
2023-11-06 09:26:47,465 [18227f38-d602-4438-971e-c9cd287df9cb-groupManagement] INFO  server.RaftServerConfigKeys (ConfUtils.java:logGet(46)) - raft.server.rpc.sleep.time = 25ms (default)
2023-11-06 09:26:47,466 [18227f38-d602-4438-971e-c9cd287df9cb-groupManagement] INFO  server.RaftServerConfigKeys (ConfUtils.java:logGet(46)) - raft.server.rpc.slowness.timeout = 300s (custom)
2023-11-06 09:26:47,466 [18227f38-d602-4438-971e-c9cd287df9cb-groupManagement] INFO  server.RaftServerConfigKeys (ConfUtils.java:logGet(46)) - raft.server.leaderelection.leader.step-down.wait-time = 10s (default)
2023-11-06 09:26:47,466 [18227f38-d602-4438-971e-c9cd287df9cb-groupManagement] INFO  server.RaftServerConfigKeys (ConfUtils.java:logGet(46)) - raft.server.sleep.deviation.threshold = 300ms (default)
2023-11-06 09:26:47,467 [18227f38-d602-4438-971e-c9cd287df9cb-groupManagement] INFO  server.RaftServer$Division (ServerState.java:<init>(120)) - 18227f38-d602-4438-971e-c9cd287df9cb@group-A7771FB2EC2A: ConfigurationManager, init=-1: peers:[18227f38-d602-4438-971e-c9cd287df9cb|rpc:10.1.0.6:15077|admin:10.1.0.6:15076|client:10.1.0.6:15075|dataStream:10.1.0.6:15078|priority:1|startupRole:FOLLOWER]|listeners:[], old=null, confs=<EMPTY_MAP>
2023-11-06 09:26:47,467 [18227f38-d602-4438-971e-c9cd287df9cb-groupManagement] INFO  server.RaftServerConfigKeys (ConfUtils.java:logGet(46)) - raft.server.storage.dir = [/home/runner/work/ozone/ozone/hadoop-ozone/integration-test/target/test-dir/MiniOzoneClusterImpl-938474ea-96d6-4bd3-a45f-678920fb0bb2/datanode-7/data/ratis] (custom)
2023-11-06 09:26:47,467 [18227f38-d602-4438-971e-c9cd287df9cb-groupManagement] INFO  server.RaftServerConfigKeys (ConfUtils.java:logGet(46)) - raft.server.log.corruption.policy = EXCEPTION (default)
2023-11-06 09:26:47,468 [18227f38-d602-4438-971e-c9cd287df9cb-groupManagement] INFO  server.RaftServerConfigKeys (ConfUtils.java:logGet(46)) - raft.server.storage.free-space.min = 0MB (=0) (default)
2023-11-06 09:26:47,470 [18227f38-d602-4438-971e-c9cd287df9cb-groupManagement] INFO  server.RaftServerConfigKeys (ConfUtils.java:logGet(46)) - raft.server.notification.no-leader.timeout = 300s (custom)
2023-11-06 09:26:47,471 [18227f38-d602-4438-971e-c9cd287df9cb-groupManagement] INFO  server.RaftServerConfigKeys (ConfUtils.java:logGet(46)) - raft.server.read.timeout = 10s (default)
2023-11-06 09:26:47,472 [18227f38-d602-4438-971e-c9cd287df9cb-groupManagement] INFO  server.RaftServerConfigKeys (ConfUtils.java:logGet(46)) - raft.server.retrycache.expirytime = 600000ms (custom)
2023-11-06 09:26:47,472 [18227f38-d602-4438-971e-c9cd287df9cb-groupManagement] INFO  server.RaftServerConfigKeys (ConfUtils.java:logGet(46)) - raft.server.retrycache.statistics.expirytime = 100μs (default)
2023-11-06 09:26:47,472 [18227f38-d602-4438-971e-c9cd287df9cb-groupManagement] INFO  server.RaftServerConfigKeys (ConfUtils.java:logGet(46)) - raft.server.read.option = DEFAULT (default)
2023-11-06 09:26:47,483 [18227f38-d602-4438-971e-c9cd287df9cb-groupManagement] INFO  server.RaftServerConfigKeys (ConfUtils.java:logGet(46)) - raft.server.rpc.request.timeout = 60s (custom)
2023-11-06 09:26:47,483 [18227f38-d602-4438-971e-c9cd287df9cb-groupManagement] INFO  server.RaftServerConfigKeys (ConfUtils.java:logGet(46)) - raft.server.log.appender.install.snapshot.enabled = false (custom)
2023-11-06 09:26:47,484 [18227f38-d602-4438-971e-c9cd287df9cb-groupManagement] INFO  server.RaftServerConfigKeys (ConfUtils.java:logGet(46)) - raft.server.threadpool.server.cached = true (default)
2023-11-06 09:26:47,484 [18227f38-d602-4438-971e-c9cd287df9cb-groupManagement] INFO  server.RaftServerConfigKeys (ConfUtils.java:logGet(46)) - raft.server.threadpool.server.size = 0 (default)
2023-11-06 09:26:47,485 [18227f38-d602-4438-971e-c9cd287df9cb-groupManagement] INFO  server.RaftServerConfigKeys (ConfUtils.java:logGet(46)) - raft.server.threadpool.client.cached = true (default)
2023-11-06 09:26:47,485 [18227f38-d602-4438-971e-c9cd287df9cb-groupManagement] INFO  server.RaftServerConfigKeys (ConfUtils.java:logGet(46)) - raft.server.threadpool.client.size = 0 (default)
2023-11-06 09:26:47,485 [18227f38-d602-4438-971e-c9cd287df9cb-groupManagement] INFO  storage.RaftStorageDirectory (RaftStorageDirectoryImpl.java:analyzeStorage(137)) - The storage directory /home/runner/work/ozone/ozone/hadoop-ozone/integration-test/target/test-dir/MiniOzoneClusterImpl-938474ea-96d6-4bd3-a45f-678920fb0bb2/datanode-7/data/ratis/a51bd1de-1284-4ef0-b707-a7771fb2ec2a does not exist. Creating ...
2023-11-06 09:26:47,871 [18227f38-d602-4438-971e-c9cd287df9cb-groupManagement] INFO  storage.RaftStorageDirectory (RaftStorageDirectoryImpl.java:tryLock(231)) - Lock on /home/runner/work/ozone/ozone/hadoop-ozone/integration-test/target/test-dir/MiniOzoneClusterImpl-938474ea-96d6-4bd3-a45f-678920fb0bb2/datanode-7/data/ratis/a51bd1de-1284-4ef0-b707-a7771fb2ec2a/in_use.lock acquired by nodename 20533@fv-az241-347
2023-11-06 09:26:47,873 [JvmPauseMonitor4] WARN  util.JvmPauseMonitor (JvmPauseMonitor.java:detectPause(124)) - JvmPauseMonitor-d9016e39-0130-4fd9-896a-cac3c2785d02: Detected pause in JVM or host machine approximately 0.337s with 0.374s GC time.
GC pool 'PS MarkSweep' had collection(s): count=1 time=265ms
GC pool 'PS Scavenge' had collection(s): count=1 time=109ms
2023-11-06 09:26:47,874 [18227f38-d602-4438-971e-c9cd287df9cb-groupManagement] INFO  storage.RaftStorage (RaftStorageImpl.java:format(96)) - Storage directory /home/runner/work/ozone/ozone/hadoop-ozone/integration-test/target/test-dir/MiniOzoneClusterImpl-938474ea-96d6-4bd3-a45f-678920fb0bb2/datanode-7/data/ratis/a51bd1de-1284-4ef0-b707-a7771fb2ec2a has been successfully formatted.
2023-11-06 09:26:47,874 [18227f38-d602-4438-971e-c9cd287df9cb-groupManagement] INFO  ratis.ContainerStateMachine (ContainerStateMachine.java:loadSnapshot(269)) - group-A7771FB2EC2A: The snapshot info is null. Setting the last applied indexto:(t:0, i:~)
2023-11-06 09:26:47,874 [18227f38-d602-4438-971e-c9cd287df9cb-groupManagement] INFO  server.RaftServerConfigKeys (ConfUtils.java:logGet(46)) - raft.server.log.use.memory = false (default)
2023-11-06 09:26:47,874 [18227f38-d602-4438-971e-c9cd287df9cb-groupManagement] INFO  server.RaftServerConfigKeys (ConfUtils.java:logGet(46)) - raft.server.log.purge.gap = 1000000 (custom)
2023-11-06 09:26:47,874 [18227f38-d602-4438-971e-c9cd287df9cb-groupManagement] INFO  server.RaftServerConfigKeys (ConfUtils.java:logGet(46)) - raft.server.log.appender.buffer.byte-limit = 33554432 (custom)
2023-11-06 09:26:47,874 [18227f38-d602-4438-971e-c9cd287df9cb-groupManagement] INFO  server.RaftServerConfigKeys (ConfUtils.java:logGet(46)) - raft.server.log.statemachine.data.read.timeout = 1000ms (default)
2023-11-06 09:26:47,875 [18227f38-d602-4438-971e-c9cd287df9cb-groupManagement] INFO  server.RaftServerConfigKeys (ConfUtils.java:logGet(46)) - raft.server.log.purge.preservation.log.num = 0 (default)
2023-11-06 09:26:47,875 [18227f38-d602-4438-971e-c9cd287df9cb-groupManagement] INFO  server.RaftServerConfigKeys (ConfUtils.java:logGet(46)) - raft.server.log.segment.size.max = 1048576 (custom)
2023-11-06 09:26:47,876 [JvmPauseMonitor1] WARN  util.JvmPauseMonitor (JvmPauseMonitor.java:detectPause(124)) - JvmPauseMonitor-om1: Detected pause in JVM or host machine approximately 0.339s with 0.374s GC time.
GC pool 'PS MarkSweep' had collection(s): count=1 time=265ms
GC pool 'PS Scavenge' had collection(s): count=1 time=109ms
2023-11-06 09:26:47,876 [JvmPauseMonitor7] WARN  util.JvmPauseMonitor (JvmPauseMonitor.java:detectPause(124)) - JvmPauseMonitor-b7b1b697-3f82-4acb-89c8-f9bc2eccfa5a: Detected pause in JVM or host machine approximately 0.340s with 0.374s GC time.
GC pool 'PS MarkSweep' had collection(s): count=1 time=265ms
GC pool 'PS Scavenge' had collection(s): count=1 time=109ms
2023-11-06 09:26:47,876 [JvmPauseMonitor10] WARN  util.JvmPauseMonitor (JvmPauseMonitor.java:detectPause(124)) - JvmPauseMonitor-5f7d9b36-4620-4ba9-8a78-929bd6ddd1f9: Detected pause in JVM or host machine approximately 0.341s with 0.374s GC time.
GC pool 'PS MarkSweep' had collection(s): count=1 time=265ms
GC pool 'PS Scavenge' had collection(s): count=1 time=109ms
2023-11-06 09:26:47,877 [JvmPauseMonitor2] WARN  util.JvmPauseMonitor (JvmPauseMonitor.java:detectPause(124)) - JvmPauseMonitor-fedf11b8-0957-422e-880a-91cc26979c7a: Detected pause in JVM or host machine approximately 0.342s with 0.374s GC time.
GC pool 'PS MarkSweep' had collection(s): count=1 time=265ms
GC pool 'PS Scavenge' had collection(s): count=1 time=109ms
2023-11-06 09:26:47,877 [18227f38-d602-4438-971e-c9cd287df9cb-groupManagement] INFO  server.RaftServerConfigKeys (ConfUtils.java:logGet(46)) - raft.server.log.segment.cache.num.max = 2 (custom)
2023-11-06 09:26:47,878 [18227f38-d602-4438-971e-c9cd287df9cb-groupManagement] INFO  server.RaftServerConfigKeys (ConfUtils.java:logGet(46)) - raft.server.log.segment.cache.size.max = 200MB (=209715200) (default)
2023-11-06 09:26:47,878 [18227f38-d602-4438-971e-c9cd287df9cb-groupManagement] INFO  server.RaftServerConfigKeys (ConfUtils.java:logGet(46)) - raft.server.log.appender.buffer.byte-limit = 33554432 (custom)
2023-11-06 09:26:47,878 [18227f38-d602-4438-971e-c9cd287df9cb-groupManagement] INFO  segmented.SegmentedRaftLogWorker (SegmentedRaftLogWorker.java:<init>(188)) - new 18227f38-d602-4438-971e-c9cd287df9cb@group-A7771FB2EC2A-SegmentedRaftLogWorker for RaftStorageImpl:Storage Directory /home/runner/work/ozone/ozone/hadoop-ozone/integration-test/target/test-dir/MiniOzoneClusterImpl-938474ea-96d6-4bd3-a45f-678920fb0bb2/datanode-7/data/ratis/a51bd1de-1284-4ef0-b707-a7771fb2ec2a
2023-11-06 09:26:47,878 [18227f38-d602-4438-971e-c9cd287df9cb-groupManagement] INFO  server.RaftServerConfigKeys (ConfUtils.java:logGet(46)) - raft.server.log.queue.byte-limit = 4294967296 (custom)
2023-11-06 09:26:47,878 [18227f38-d602-4438-971e-c9cd287df9cb-groupManagement] INFO  server.RaftServerConfigKeys (ConfUtils.java:logGet(46)) - raft.server.log.queue.element-limit = 1024 (custom)
2023-11-06 09:26:47,878 [18227f38-d602-4438-971e-c9cd287df9cb-groupManagement] INFO  server.RaftServerConfigKeys (ConfUtils.java:logGet(46)) - raft.server.log.segment.size.max = 1048576 (custom)
2023-11-06 09:26:47,878 [18227f38-d602-4438-971e-c9cd287df9cb-groupManagement] INFO  server.RaftServerConfigKeys (ConfUtils.java:logGet(46)) - raft.server.log.preallocated.size = 16384 (custom)
2023-11-06 09:26:47,878 [18227f38-d602-4438-971e-c9cd287df9cb-groupManagement] INFO  server.RaftServerConfigKeys (ConfUtils.java:logGet(46)) - raft.server.log.force.sync.num = 128 (default)
2023-11-06 09:26:47,878 [18227f38-d602-4438-971e-c9cd287df9cb-groupManagement] INFO  server.RaftServerConfigKeys (ConfUtils.java:logGet(46)) - raft.server.log.statemachine.data.sync = true (default)
2023-11-06 09:26:47,878 [18227f38-d602-4438-971e-c9cd287df9cb-groupManagement] INFO  server.RaftServerConfigKeys (ConfUtils.java:logGet(46)) - raft.server.log.statemachine.data.sync.timeout = 10s (default)
2023-11-06 09:26:47,878 [18227f38-d602-4438-971e-c9cd287df9cb-groupManagement] INFO  server.RaftServerConfigKeys (ConfUtils.java:logGet(46)) - raft.server.log.statemachine.data.sync.timeout.retry = -1 (default)
2023-11-06 09:26:47,878 [JvmPauseMonitor5] WARN  util.JvmPauseMonitor (JvmPauseMonitor.java:detectPause(124)) - JvmPauseMonitor-fadd24ee-4463-4420-97cf-bdd350ad83ae: Detected pause in JVM or host machine approximately 0.344s with 0.374s GC time.
GC pool 'PS MarkSweep' had collection(s): count=1 time=265ms
GC pool 'PS Scavenge' had collection(s): count=1 time=109ms
2023-11-06 09:26:47,879 [18227f38-d602-4438-971e-c9cd287df9cb-groupManagement] INFO  server.RaftServerConfigKeys (ConfUtils.java:logGet(46)) - raft.server.log.write.buffer.size = 1048576 (custom)
2023-11-06 09:26:47,880 [JvmPauseMonitor11] WARN  util.JvmPauseMonitor (JvmPauseMonitor.java:detectPause(124)) - JvmPauseMonitor-0e92623e-4dcf-4eff-ae25-f8b8c2de319b: Detected pause in JVM or host machine approximately 0.346s with 0.374s GC time.
GC pool 'PS MarkSweep' had collection(s): count=1 time=265ms
GC pool 'PS Scavenge' had collection(s): count=1 time=109ms
2023-11-06 09:26:47,880 [JvmPauseMonitor8] WARN  util.JvmPauseMonitor (JvmPauseMonitor.java:detectPause(124)) - JvmPauseMonitor-92ba0aed-1dcc-4895-b5bb-fc45f440be2e: Detected pause in JVM or host machine approximately 0.346s with 0.374s GC time.
GC pool 'PS MarkSweep' had collection(s): count=1 time=265ms
GC pool 'PS Scavenge' had collection(s): count=1 time=109ms
2023-11-06 09:26:47,880 [JvmPauseMonitor3] WARN  util.JvmPauseMonitor (JvmPauseMonitor.java:detectPause(124)) - JvmPauseMonitor-0eeb79a9-13fd-416c-b2a7-6f654c6b5029: Detected pause in JVM or host machine approximately 0.346s with 0.374s GC time.
GC pool 'PS MarkSweep' had collection(s): count=1 time=265ms
GC pool 'PS Scavenge' had collection(s): count=1 time=109ms
2023-11-06 09:26:47,880 [JvmPauseMonitor0] WARN  util.JvmPauseMonitor (JvmPauseMonitor.java:detectPause(124)) - JvmPauseMonitor-1e50ab03-626f-4779-b962-83b5b6fbd211: Detected pause in JVM or host machine approximately 0.347s with 0.374s GC time.
GC pool 'PS MarkSweep' had collection(s): count=1 time=265ms
GC pool 'PS Scavenge' had collection(s): count=1 time=109ms
2023-11-06 09:26:47,880 [JvmPauseMonitor9] WARN  util.JvmPauseMonitor (JvmPauseMonitor.java:detectPause(124)) - JvmPauseMonitor-18227f38-d602-4438-971e-c9cd287df9cb: Detected pause in JVM or host machine approximately 0.351s with 0.374s GC time.
GC pool 'PS MarkSweep' had collection(s): count=1 time=265ms
GC pool 'PS Scavenge' had collection(s): count=1 time=109ms
2023-11-06 09:26:47,880 [18227f38-d602-4438-971e-c9cd287df9cb-groupManagement] INFO  server.RaftServerConfigKeys (ConfUtils.java:logGet(46)) - raft.server.log.appender.buffer.byte-limit = 33554432 (custom)
2023-11-06 09:26:47,880 [JvmPauseMonitor6] WARN  util.JvmPauseMonitor (JvmPauseMonitor.java:detectPause(124)) - JvmPauseMonitor-4cee0e49-9f18-41f8-8e67-157ccbc15955: Detected pause in JVM or host machine approximately 0.352s with 0.374s GC time.
GC pool 'PS MarkSweep' had collection(s): count=1 time=265ms
GC pool 'PS Scavenge' had collection(s): count=1 time=109ms
2023-11-06 09:26:47,888 [18227f38-d602-4438-971e-c9cd287df9cb-groupManagement] INFO  server.RaftServerConfigKeys (ConfUtils.java:logGet(46)) - raft.server.log.unsafe-flush.enabled = false (default)
2023-11-06 09:26:47,888 [18227f38-d602-4438-971e-c9cd287df9cb-groupManagement] INFO  server.RaftServerConfigKeys (ConfUtils.java:logGet(46)) - raft.server.log.async-flush.enabled = false (default)
2023-11-06 09:26:47,889 [18227f38-d602-4438-971e-c9cd287df9cb-groupManagement] INFO  server.RaftServerConfigKeys (ConfUtils.java:logGet(46)) - raft.server.log.statemachine.data.caching.enabled = true (custom)
2023-11-06 09:26:47,889 [18227f38-d602-4438-971e-c9cd287df9cb-groupManagement] INFO  segmented.SegmentedRaftLogWorker (SegmentedRaftLogWorker.java:lambda$new$0(135)) - 18227f38-d602-4438-971e-c9cd287df9cb@group-A7771FB2EC2A-SegmentedRaftLogWorker: flushIndex: setUnconditionally 0 -> -1
2023-11-06 09:26:47,889 [18227f38-d602-4438-971e-c9cd287df9cb-groupManagement] INFO  segmented.SegmentedRaftLogWorker (SegmentedRaftLogWorker.java:lambda$new$0(135)) - 18227f38-d602-4438-971e-c9cd287df9cb@group-A7771FB2EC2A-SegmentedRaftLogWorker: safeCacheEvictIndex: setUnconditionally 0 -> -1
2023-11-06 09:26:47,895 [EventQueue-PipelineReportForPipelineReportHandler] INFO  pipeline.PipelineReportHandler (PipelineReportHandler.java:processPipelineReport(136)) - Opened pipeline PipelineID=a51bd1de-1284-4ef0-b707-a7771fb2ec2a
2023-11-06 09:26:47,895 [EventQueue-OpenPipelineForHealthyPipelineSafeModeRule] INFO  safemode.SCMSafeModeManager (HealthyPipelineSafeModeRule.java:process(137)) - SCM in safe mode. Healthy pipelines reported count is 0, required healthy pipeline reported count is 1
2023-11-06 09:26:47,895 [5f7d9b36-4620-4ba9-8a78-929bd6ddd1f9-PipelineCommandHandlerThread-0] INFO  server.RaftServer (RaftServerProxy.java:addNew(98)) - 5f7d9b36-4620-4ba9-8a78-929bd6ddd1f9: addNew group-B6DCA21AE844:[5f7d9b36-4620-4ba9-8a78-929bd6ddd1f9|rpc:10.1.0.6:15086|admin:10.1.0.6:15085|client:10.1.0.6:15084|dataStream:10.1.0.6:15087|priority:1|startupRole:FOLLOWER] returns group-B6DCA21AE844:java.util.concurrent.CompletableFuture@37a2aec4[Not completed]
2023-11-06 09:26:47,899 [18227f38-d602-4438-971e-c9cd287df9cb-groupManagement] INFO  server.RaftServer$Division (RaftServerImpl.java:start(342)) - 18227f38-d602-4438-971e-c9cd287df9cb@group-A7771FB2EC2A: start as a follower, conf=-1: peers:[18227f38-d602-4438-971e-c9cd287df9cb|rpc:10.1.0.6:15077|admin:10.1.0.6:15076|client:10.1.0.6:15075|dataStream:10.1.0.6:15078|priority:1|startupRole:FOLLOWER]|listeners:[], old=null
2023-11-06 09:26:47,899 [18227f38-d602-4438-971e-c9cd287df9cb-groupManagement] INFO  server.RaftServer$Division (RaftServerImpl.java:setRole(329)) - 18227f38-d602-4438-971e-c9cd287df9cb@group-A7771FB2EC2A: changes role from      null to FOLLOWER at term 0 for startAsFollower
2023-11-06 09:26:47,899 [18227f38-d602-4438-971e-c9cd287df9cb-groupManagement] INFO  impl.RoleInfo (RoleInfo.java:updateAndGet(139)) - 18227f38-d602-4438-971e-c9cd287df9cb: start 18227f38-d602-4438-971e-c9cd287df9cb@group-A7771FB2EC2A-FollowerState
2023-11-06 09:26:47,900 [18227f38-d602-4438-971e-c9cd287df9cb-groupManagement] INFO  util.JmxRegister (JmxRegister.java:tryRegister(44)) - Successfully registered JMX Bean with object name Ratis:service=RaftServer,group=group-A7771FB2EC2A,id=18227f38-d602-4438-971e-c9cd287df9cb
2023-11-06 09:26:47,900 [18227f38-d602-4438-971e-c9cd287df9cb-groupManagement] INFO  server.RaftServerConfigKeys (ConfUtils.java:logGet(46)) - raft.server.snapshot.auto.trigger.enabled = true (custom)
2023-11-06 09:26:47,900 [18227f38-d602-4438-971e-c9cd287df9cb-groupManagement] INFO  server.RaftServerConfigKeys (ConfUtils.java:logGet(46)) - raft.server.snapshot.auto.trigger.threshold = 10000 (custom)
2023-11-06 09:26:47,900 [18227f38-d602-4438-971e-c9cd287df9cb-groupManagement] INFO  server.RaftServerConfigKeys (ConfUtils.java:logGet(46)) - raft.server.snapshot.retention.file.num = 5 (custom)
2023-11-06 09:26:47,900 [18227f38-d602-4438-971e-c9cd287df9cb-groupManagement] INFO  server.RaftServerConfigKeys (ConfUtils.java:logGet(46)) - raft.server.log.purge.upto.snapshot.index = false (default)
2023-11-06 09:26:47,900 [5f7d9b36-4620-4ba9-8a78-929bd6ddd1f9-groupManagement] INFO  server.RaftServer$Division (RaftServerImpl.java:<init>(198)) - 5f7d9b36-4620-4ba9-8a78-929bd6ddd1f9: new RaftServerImpl for group-B6DCA21AE844:[5f7d9b36-4620-4ba9-8a78-929bd6ddd1f9|rpc:10.1.0.6:15086|admin:10.1.0.6:15085|client:10.1.0.6:15084|dataStream:10.1.0.6:15087|priority:1|startupRole:FOLLOWER] with ContainerStateMachine:uninitialized
2023-11-06 09:26:47,901 [5f7d9b36-4620-4ba9-8a78-929bd6ddd1f9-groupManagement] INFO  server.RaftServerConfigKeys (ConfUtils.java:logGet(46)) - raft.server.rpc.timeout.min = 5s (custom)
2023-11-06 09:26:47,901 [5f7d9b36-4620-4ba9-8a78-929bd6ddd1f9-groupManagement] INFO  server.RaftServerConfigKeys (ConfUtils.java:logGet(46)) - raft.server.rpc.timeout.max = 5200ms (custom)
2023-11-06 09:26:47,901 [5f7d9b36-4620-4ba9-8a78-929bd6ddd1f9-groupManagement] INFO  server.RaftServerConfigKeys (ConfUtils.java:logGet(46)) - raft.server.rpc.sleep.time = 25ms (default)
2023-11-06 09:26:47,901 [5f7d9b36-4620-4ba9-8a78-929bd6ddd1f9-groupManagement] INFO  server.RaftServerConfigKeys (ConfUtils.java:logGet(46)) - raft.server.rpc.slowness.timeout = 300s (custom)
2023-11-06 09:26:47,901 [5f7d9b36-4620-4ba9-8a78-929bd6ddd1f9-groupManagement] INFO  server.RaftServerConfigKeys (ConfUtils.java:logGet(46)) - raft.server.leaderelection.leader.step-down.wait-time = 10s (default)
2023-11-06 09:26:47,901 [5f7d9b36-4620-4ba9-8a78-929bd6ddd1f9-groupManagement] INFO  server.RaftServerConfigKeys (ConfUtils.java:logGet(46)) - raft.server.sleep.deviation.threshold = 300ms (default)
2023-11-06 09:26:47,901 [5f7d9b36-4620-4ba9-8a78-929bd6ddd1f9-groupManagement] INFO  server.RaftServer$Division (ServerState.java:<init>(120)) - 5f7d9b36-4620-4ba9-8a78-929bd6ddd1f9@group-B6DCA21AE844: ConfigurationManager, init=-1: peers:[5f7d9b36-4620-4ba9-8a78-929bd6ddd1f9|rpc:10.1.0.6:15086|admin:10.1.0.6:15085|client:10.1.0.6:15084|dataStream:10.1.0.6:15087|priority:1|startupRole:FOLLOWER]|listeners:[], old=null, confs=<EMPTY_MAP>
2023-11-06 09:26:47,901 [18227f38-d602-4438-971e-c9cd287df9cb@group-A7771FB2EC2A-FollowerState] INFO  server.RaftServerConfigKeys (ConfUtils.java:logFallback(53)) - raft.server.rpc.first-election.timeout.min = 5s (fallback to raft.server.rpc.timeout.min)
2023-11-06 09:26:47,901 [18227f38-d602-4438-971e-c9cd287df9cb@group-A7771FB2EC2A-FollowerState] INFO  server.RaftServerConfigKeys (ConfUtils.java:logFallback(53)) - raft.server.rpc.first-election.timeout.max = 5200ms (fallback to raft.server.rpc.timeout.max)
2023-11-06 09:26:47,902 [18227f38-d602-4438-971e-c9cd287df9cb-PipelineCommandHandlerThread-0] INFO  ratis.XceiverServerRatis (XceiverServerRatis.java:addGroup(805)) - Created group PipelineID=a51bd1de-1284-4ef0-b707-a7771fb2ec2a
2023-11-06 09:26:47,902 [18227f38-d602-4438-971e-c9cd287df9cb-PipelineCommandHandlerThread-0] INFO  commandhandler.CreatePipelineCommandHandler (CreatePipelineCommandHandler.java:lambda$handle$2(124)) - Created Pipeline RATIS ONE PipelineID=a51bd1de-1284-4ef0-b707-a7771fb2ec2a.
2023-11-06 09:26:47,903 [18227f38-d602-4438-971e-c9cd287df9cb-PipelineCommandHandlerThread-0] INFO  server.RaftServer (RaftServerProxy.java:addNew(98)) - 18227f38-d602-4438-971e-c9cd287df9cb: addNew group-DF79F62058F4:[92ba0aed-1dcc-4895-b5bb-fc45f440be2e|rpc:10.1.0.6:15068|admin:10.1.0.6:15067|client:10.1.0.6:15066|dataStream:10.1.0.6:15069|priority:0|startupRole:FOLLOWER, 18227f38-d602-4438-971e-c9cd287df9cb|rpc:10.1.0.6:15077|admin:10.1.0.6:15076|client:10.1.0.6:15075|dataStream:10.1.0.6:15078|priority:0|startupRole:FOLLOWER, 5f7d9b36-4620-4ba9-8a78-929bd6ddd1f9|rpc:10.1.0.6:15086|admin:10.1.0.6:15085|client:10.1.0.6:15084|dataStream:10.1.0.6:15087|priority:1|startupRole:FOLLOWER] returns group-DF79F62058F4:java.util.concurrent.CompletableFuture@45563f4d[Not completed]
2023-11-06 09:26:47,904 [18227f38-d602-4438-971e-c9cd287df9cb-groupManagement] INFO  server.RaftServer$Division (RaftServerImpl.java:<init>(198)) - 18227f38-d602-4438-971e-c9cd287df9cb: new RaftServerImpl for group-DF79F62058F4:[92ba0aed-1dcc-4895-b5bb-fc45f440be2e|rpc:10.1.0.6:15068|admin:10.1.0.6:15067|client:10.1.0.6:15066|dataStream:10.1.0.6:15069|priority:0|startupRole:FOLLOWER, 18227f38-d602-4438-971e-c9cd287df9cb|rpc:10.1.0.6:15077|admin:10.1.0.6:15076|client:10.1.0.6:15075|dataStream:10.1.0.6:15078|priority:0|startupRole:FOLLOWER, 5f7d9b36-4620-4ba9-8a78-929bd6ddd1f9|rpc:10.1.0.6:15086|admin:10.1.0.6:15085|client:10.1.0.6:15084|dataStream:10.1.0.6:15087|priority:1|startupRole:FOLLOWER] with ContainerStateMachine:uninitialized
2023-11-06 09:26:47,904 [18227f38-d602-4438-971e-c9cd287df9cb-groupManagement] INFO  server.RaftServerConfigKeys (ConfUtils.java:logGet(46)) - raft.server.rpc.timeout.min = 5s (custom)
2023-11-06 09:26:47,904 [18227f38-d602-4438-971e-c9cd287df9cb-groupManagement] INFO  server.RaftServerConfigKeys (ConfUtils.java:logGet(46)) - raft.server.rpc.timeout.max = 5200ms (custom)
2023-11-06 09:26:47,904 [18227f38-d602-4438-971e-c9cd287df9cb-groupManagement] INFO  server.RaftServerConfigKeys (ConfUtils.java:logGet(46)) - raft.server.rpc.sleep.time = 25ms (default)
2023-11-06 09:26:47,904 [18227f38-d602-4438-971e-c9cd287df9cb-groupManagement] INFO  server.RaftServerConfigKeys (ConfUtils.java:logGet(46)) - raft.server.rpc.slowness.timeout = 300s (custom)
2023-11-06 09:26:47,904 [18227f38-d602-4438-971e-c9cd287df9cb-groupManagement] INFO  server.RaftServerConfigKeys (ConfUtils.java:logGet(46)) - raft.server.leaderelection.leader.step-down.wait-time = 10s (default)
2023-11-06 09:26:47,904 [18227f38-d602-4438-971e-c9cd287df9cb-groupManagement] INFO  server.RaftServerConfigKeys (ConfUtils.java:logGet(46)) - raft.server.sleep.deviation.threshold = 300ms (default)
2023-11-06 09:26:47,904 [18227f38-d602-4438-971e-c9cd287df9cb-groupManagement] INFO  server.RaftServer$Division (ServerState.java:<init>(120)) - 18227f38-d602-4438-971e-c9cd287df9cb@group-DF79F62058F4: ConfigurationManager, init=-1: peers:[92ba0aed-1dcc-4895-b5bb-fc45f440be2e|rpc:10.1.0.6:15068|admin:10.1.0.6:15067|client:10.1.0.6:15066|dataStream:10.1.0.6:15069|priority:0|startupRole:FOLLOWER, 18227f38-d602-4438-971e-c9cd287df9cb|rpc:10.1.0.6:15077|admin:10.1.0.6:15076|client:10.1.0.6:15075|dataStream:10.1.0.6:15078|priority:0|startupRole:FOLLOWER, 5f7d9b36-4620-4ba9-8a78-929bd6ddd1f9|rpc:10.1.0.6:15086|admin:10.1.0.6:15085|client:10.1.0.6:15084|dataStream:10.1.0.6:15087|priority:1|startupRole:FOLLOWER]|listeners:[], old=null, confs=<EMPTY_MAP>
2023-11-06 09:26:47,904 [18227f38-d602-4438-971e-c9cd287df9cb-groupManagement] INFO  server.RaftServerConfigKeys (ConfUtils.java:logGet(46)) - raft.server.storage.dir = [/home/runner/work/ozone/ozone/hadoop-ozone/integration-test/target/test-dir/MiniOzoneClusterImpl-938474ea-96d6-4bd3-a45f-678920fb0bb2/datanode-7/data/ratis] (custom)
2023-11-06 09:26:47,904 [18227f38-d602-4438-971e-c9cd287df9cb-groupManagement] INFO  server.RaftServerConfigKeys (ConfUtils.java:logGet(46)) - raft.server.log.corruption.policy = EXCEPTION (default)
2023-11-06 09:26:47,904 [18227f38-d602-4438-971e-c9cd287df9cb-groupManagement] INFO  server.RaftServerConfigKeys (ConfUtils.java:logGet(46)) - raft.server.storage.free-space.min = 0MB (=0) (default)
2023-11-06 09:26:47,904 [18227f38-d602-4438-971e-c9cd287df9cb-groupManagement] INFO  server.RaftServerConfigKeys (ConfUtils.java:logGet(46)) - raft.server.notification.no-leader.timeout = 300s (custom)
2023-11-06 09:26:47,905 [18227f38-d602-4438-971e-c9cd287df9cb-groupManagement] INFO  server.RaftServerConfigKeys (ConfUtils.java:logGet(46)) - raft.server.read.timeout = 10s (default)
2023-11-06 09:26:47,905 [18227f38-d602-4438-971e-c9cd287df9cb-groupManagement] INFO  server.RaftServerConfigKeys (ConfUtils.java:logGet(46)) - raft.server.retrycache.expirytime = 600000ms (custom)
2023-11-06 09:26:47,905 [18227f38-d602-4438-971e-c9cd287df9cb-groupManagement] INFO  server.RaftServerConfigKeys (ConfUtils.java:logGet(46)) - raft.server.retrycache.statistics.expirytime = 100μs (default)
2023-11-06 09:26:47,905 [18227f38-d602-4438-971e-c9cd287df9cb-groupManagement] INFO  server.RaftServerConfigKeys (ConfUtils.java:logGet(46)) - raft.server.read.option = DEFAULT (default)
2023-11-06 09:26:47,906 [18227f38-d602-4438-971e-c9cd287df9cb-groupManagement] INFO  server.RaftServerConfigKeys (ConfUtils.java:logGet(46)) - raft.server.rpc.request.timeout = 60s (custom)
2023-11-06 09:26:47,906 [18227f38-d602-4438-971e-c9cd287df9cb-groupManagement] INFO  server.RaftServerConfigKeys (ConfUtils.java:logGet(46)) - raft.server.log.appender.install.snapshot.enabled = false (custom)
2023-11-06 09:26:47,906 [18227f38-d602-4438-971e-c9cd287df9cb-groupManagement] INFO  server.RaftServerConfigKeys (ConfUtils.java:logGet(46)) - raft.server.threadpool.server.cached = true (default)
2023-11-06 09:26:47,906 [18227f38-d602-4438-971e-c9cd287df9cb-groupManagement] INFO  server.RaftServerConfigKeys (ConfUtils.java:logGet(46)) - raft.server.threadpool.server.size = 0 (default)
2023-11-06 09:26:47,906 [18227f38-d602-4438-971e-c9cd287df9cb-groupManagement] INFO  server.RaftServerConfigKeys (ConfUtils.java:logGet(46)) - raft.server.threadpool.client.cached = true (default)
2023-11-06 09:26:47,906 [18227f38-d602-4438-971e-c9cd287df9cb-groupManagement] INFO  server.RaftServerConfigKeys (ConfUtils.java:logGet(46)) - raft.server.threadpool.client.size = 0 (default)
2023-11-06 09:26:47,901 [5f7d9b36-4620-4ba9-8a78-929bd6ddd1f9-groupManagement] INFO  server.RaftServerConfigKeys (ConfUtils.java:logGet(46)) - raft.server.storage.dir = [/home/runner/work/ozone/ozone/hadoop-ozone/integration-test/target/test-dir/MiniOzoneClusterImpl-938474ea-96d6-4bd3-a45f-678920fb0bb2/datanode-8/data/ratis] (custom)
2023-11-06 09:26:47,906 [5f7d9b36-4620-4ba9-8a78-929bd6ddd1f9-groupManagement] INFO  server.RaftServerConfigKeys (ConfUtils.java:logGet(46)) - raft.server.log.corruption.policy = EXCEPTION (default)
2023-11-06 09:26:47,906 [5f7d9b36-4620-4ba9-8a78-929bd6ddd1f9-groupManagement] INFO  server.RaftServerConfigKeys (ConfUtils.java:logGet(46)) - raft.server.storage.free-space.min = 0MB (=0) (default)
2023-11-06 09:26:47,907 [5f7d9b36-4620-4ba9-8a78-929bd6ddd1f9-groupManagement] INFO  server.RaftServerConfigKeys (ConfUtils.java:logGet(46)) - raft.server.notification.no-leader.timeout = 300s (custom)
2023-11-06 09:26:47,907 [5f7d9b36-4620-4ba9-8a78-929bd6ddd1f9-groupManagement] INFO  server.RaftServerConfigKeys (ConfUtils.java:logGet(46)) - raft.server.read.timeout = 10s (default)
2023-11-06 09:26:47,907 [5f7d9b36-4620-4ba9-8a78-929bd6ddd1f9-groupManagement] INFO  server.RaftServerConfigKeys (ConfUtils.java:logGet(46)) - raft.server.retrycache.expirytime = 600000ms (custom)
2023-11-06 09:26:47,907 [5f7d9b36-4620-4ba9-8a78-929bd6ddd1f9-groupManagement] INFO  server.RaftServerConfigKeys (ConfUtils.java:logGet(46)) - raft.server.retrycache.statistics.expirytime = 100μs (default)
2023-11-06 09:26:47,907 [5f7d9b36-4620-4ba9-8a78-929bd6ddd1f9-groupManagement] INFO  server.RaftServerConfigKeys (ConfUtils.java:logGet(46)) - raft.server.read.option = DEFAULT (default)
2023-11-06 09:26:47,910 [0e92623e-4dcf-4eff-ae25-f8b8c2de319b-PipelineCommandHandlerThread-0] INFO  server.RaftServer (RaftServerProxy.java:addNew(98)) - 0e92623e-4dcf-4eff-ae25-f8b8c2de319b: addNew group-D7F06CC11252:[0e92623e-4dcf-4eff-ae25-f8b8c2de319b|rpc:10.1.0.6:15095|admin:10.1.0.6:15094|client:10.1.0.6:15093|dataStream:10.1.0.6:15096|priority:1|startupRole:FOLLOWER] returns group-D7F06CC11252:java.util.concurrent.CompletableFuture@379edde6[Not completed]
2023-11-06 09:26:47,910 [18227f38-d602-4438-971e-c9cd287df9cb-groupManagement] INFO  storage.RaftStorageDirectory (RaftStorageDirectoryImpl.java:analyzeStorage(137)) - The storage directory /home/runner/work/ozone/ozone/hadoop-ozone/integration-test/target/test-dir/MiniOzoneClusterImpl-938474ea-96d6-4bd3-a45f-678920fb0bb2/datanode-7/data/ratis/09dbd412-9c40-45dd-ab24-df79f62058f4 does not exist. Creating ...
2023-11-06 09:26:47,913 [18227f38-d602-4438-971e-c9cd287df9cb-groupManagement] INFO  storage.RaftStorageDirectory (RaftStorageDirectoryImpl.java:tryLock(231)) - Lock on /home/runner/work/ozone/ozone/hadoop-ozone/integration-test/target/test-dir/MiniOzoneClusterImpl-938474ea-96d6-4bd3-a45f-678920fb0bb2/datanode-7/data/ratis/09dbd412-9c40-45dd-ab24-df79f62058f4/in_use.lock acquired by nodename 20533@fv-az241-347
2023-11-06 09:26:47,914 [0e92623e-4dcf-4eff-ae25-f8b8c2de319b-groupManagement] INFO  server.RaftServer$Division (RaftServerImpl.java:<init>(198)) - 0e92623e-4dcf-4eff-ae25-f8b8c2de319b: new RaftServerImpl for group-D7F06CC11252:[0e92623e-4dcf-4eff-ae25-f8b8c2de319b|rpc:10.1.0.6:15095|admin:10.1.0.6:15094|client:10.1.0.6:15093|dataStream:10.1.0.6:15096|priority:1|startupRole:FOLLOWER] with ContainerStateMachine:uninitialized
2023-11-06 09:26:47,914 [0e92623e-4dcf-4eff-ae25-f8b8c2de319b-groupManagement] INFO  server.RaftServerConfigKeys (ConfUtils.java:logGet(46)) - raft.server.rpc.timeout.min = 5s (custom)
2023-11-06 09:26:47,915 [0e92623e-4dcf-4eff-ae25-f8b8c2de319b-groupManagement] INFO  server.RaftServerConfigKeys (ConfUtils.java:logGet(46)) - raft.server.rpc.timeout.max = 5200ms (custom)
2023-11-06 09:26:47,915 [0e92623e-4dcf-4eff-ae25-f8b8c2de319b-groupManagement] INFO  server.RaftServerConfigKeys (ConfUtils.java:logGet(46)) - raft.server.rpc.sleep.time = 25ms (default)
2023-11-06 09:26:47,915 [0e92623e-4dcf-4eff-ae25-f8b8c2de319b-groupManagement] INFO  server.RaftServerConfigKeys (ConfUtils.java:logGet(46)) - raft.server.rpc.slowness.timeout = 300s (custom)
2023-11-06 09:26:47,915 [0e92623e-4dcf-4eff-ae25-f8b8c2de319b-groupManagement] INFO  server.RaftServerConfigKeys (ConfUtils.java:logGet(46)) - raft.server.leaderelection.leader.step-down.wait-time = 10s (default)
2023-11-06 09:26:47,915 [0e92623e-4dcf-4eff-ae25-f8b8c2de319b-groupManagement] INFO  server.RaftServerConfigKeys (ConfUtils.java:logGet(46)) - raft.server.sleep.deviation.threshold = 300ms (default)
2023-11-06 09:26:47,915 [0e92623e-4dcf-4eff-ae25-f8b8c2de319b-groupManagement] INFO  server.RaftServer$Division (ServerState.java:<init>(120)) - 0e92623e-4dcf-4eff-ae25-f8b8c2de319b@group-D7F06CC11252: ConfigurationManager, init=-1: peers:[0e92623e-4dcf-4eff-ae25-f8b8c2de319b|rpc:10.1.0.6:15095|admin:10.1.0.6:15094|client:10.1.0.6:15093|dataStream:10.1.0.6:15096|priority:1|startupRole:FOLLOWER]|listeners:[], old=null, confs=<EMPTY_MAP>
2023-11-06 09:26:47,915 [0e92623e-4dcf-4eff-ae25-f8b8c2de319b-groupManagement] INFO  server.RaftServerConfigKeys (ConfUtils.java:logGet(46)) - raft.server.storage.dir = [/home/runner/work/ozone/ozone/hadoop-ozone/integration-test/target/test-dir/MiniOzoneClusterImpl-938474ea-96d6-4bd3-a45f-678920fb0bb2/datanode-9/data/ratis] (custom)
2023-11-06 09:26:47,916 [0e92623e-4dcf-4eff-ae25-f8b8c2de319b-groupManagement] INFO  server.RaftServerConfigKeys (ConfUtils.java:logGet(46)) - raft.server.log.corruption.policy = EXCEPTION (default)
2023-11-06 09:26:47,916 [0e92623e-4dcf-4eff-ae25-f8b8c2de319b-groupManagement] INFO  server.RaftServerConfigKeys (ConfUtils.java:logGet(46)) - raft.server.storage.free-space.min = 0MB (=0) (default)
2023-11-06 09:26:47,916 [0e92623e-4dcf-4eff-ae25-f8b8c2de319b-groupManagement] INFO  server.RaftServerConfigKeys (ConfUtils.java:logGet(46)) - raft.server.notification.no-leader.timeout = 300s (custom)
2023-11-06 09:26:47,916 [0e92623e-4dcf-4eff-ae25-f8b8c2de319b-groupManagement] INFO  server.RaftServerConfigKeys (ConfUtils.java:logGet(46)) - raft.server.read.timeout = 10s (default)
2023-11-06 09:26:47,916 [18227f38-d602-4438-971e-c9cd287df9cb-groupManagement] INFO  storage.RaftStorage (RaftStorageImpl.java:format(96)) - Storage directory /home/runner/work/ozone/ozone/hadoop-ozone/integration-test/target/test-dir/MiniOzoneClusterImpl-938474ea-96d6-4bd3-a45f-678920fb0bb2/datanode-7/data/ratis/09dbd412-9c40-45dd-ab24-df79f62058f4 has been successfully formatted.
2023-11-06 09:26:47,916 [0e92623e-4dcf-4eff-ae25-f8b8c2de319b-groupManagement] INFO  server.RaftServerConfigKeys (ConfUtils.java:logGet(46)) - raft.server.retrycache.expirytime = 600000ms (custom)
2023-11-06 09:26:47,917 [0e92623e-4dcf-4eff-ae25-f8b8c2de319b-groupManagement] INFO  server.RaftServerConfigKeys (ConfUtils.java:logGet(46)) - raft.server.retrycache.statistics.expirytime = 100μs (default)
2023-11-06 09:26:47,917 [18227f38-d602-4438-971e-c9cd287df9cb-groupManagement] INFO  ratis.ContainerStateMachine (ContainerStateMachine.java:loadSnapshot(269)) - group-DF79F62058F4: The snapshot info is null. Setting the last applied indexto:(t:0, i:~)
2023-11-06 09:26:47,917 [18227f38-d602-4438-971e-c9cd287df9cb-groupManagement] INFO  server.RaftServerConfigKeys (ConfUtils.java:logGet(46)) - raft.server.log.use.memory = false (default)
2023-11-06 09:26:47,917 [0e92623e-4dcf-4eff-ae25-f8b8c2de319b-groupManagement] INFO  server.RaftServerConfigKeys (ConfUtils.java:logGet(46)) - raft.server.read.option = DEFAULT (default)
2023-11-06 09:26:47,917 [18227f38-d602-4438-971e-c9cd287df9cb-groupManagement] INFO  server.RaftServerConfigKeys (ConfUtils.java:logGet(46)) - raft.server.log.purge.gap = 1000000 (custom)
2023-11-06 09:26:47,917 [18227f38-d602-4438-971e-c9cd287df9cb-groupManagement] INFO  server.RaftServerConfigKeys (ConfUtils.java:logGet(46)) - raft.server.log.appender.buffer.byte-limit = 33554432 (custom)
2023-11-06 09:26:47,917 [18227f38-d602-4438-971e-c9cd287df9cb-groupManagement] INFO  server.RaftServerConfigKeys (ConfUtils.java:logGet(46)) - raft.server.log.statemachine.data.read.timeout = 1000ms (default)
2023-11-06 09:26:47,917 [18227f38-d602-4438-971e-c9cd287df9cb-groupManagement] INFO  server.RaftServerConfigKeys (ConfUtils.java:logGet(46)) - raft.server.log.purge.preservation.log.num = 0 (default)
2023-11-06 09:26:47,917 [18227f38-d602-4438-971e-c9cd287df9cb-groupManagement] INFO  server.RaftServerConfigKeys (ConfUtils.java:logGet(46)) - raft.server.log.segment.size.max = 1048576 (custom)
2023-11-06 09:26:47,924 [EventQueue-OpenPipelineForHealthyPipelineSafeModeRule] INFO  safemode.SCMSafeModeManager (HealthyPipelineSafeModeRule.java:process(137)) - SCM in safe mode. Healthy pipelines reported count is 0, required healthy pipeline reported count is 1
2023-11-06 09:26:47,957 [5f7d9b36-4620-4ba9-8a78-929bd6ddd1f9-groupManagement] INFO  server.RaftServerConfigKeys (ConfUtils.java:logGet(46)) - raft.server.rpc.request.timeout = 60s (custom)
2023-11-06 09:26:47,957 [5f7d9b36-4620-4ba9-8a78-929bd6ddd1f9-groupManagement] INFO  server.RaftServerConfigKeys (ConfUtils.java:logGet(46)) - raft.server.log.appender.install.snapshot.enabled = false (custom)
2023-11-06 09:26:47,957 [5f7d9b36-4620-4ba9-8a78-929bd6ddd1f9-groupManagement] INFO  server.RaftServerConfigKeys (ConfUtils.java:logGet(46)) - raft.server.threadpool.server.cached = true (default)
2023-11-06 09:26:47,957 [5f7d9b36-4620-4ba9-8a78-929bd6ddd1f9-groupManagement] INFO  server.RaftServerConfigKeys (ConfUtils.java:logGet(46)) - raft.server.threadpool.server.size = 0 (default)
2023-11-06 09:26:47,957 [5f7d9b36-4620-4ba9-8a78-929bd6ddd1f9-groupManagement] INFO  server.RaftServerConfigKeys (ConfUtils.java:logGet(46)) - raft.server.threadpool.client.cached = true (default)
2023-11-06 09:26:47,957 [5f7d9b36-4620-4ba9-8a78-929bd6ddd1f9-groupManagement] INFO  server.RaftServerConfigKeys (ConfUtils.java:logGet(46)) - raft.server.threadpool.client.size = 0 (default)
2023-11-06 09:26:47,957 [5f7d9b36-4620-4ba9-8a78-929bd6ddd1f9-groupManagement] INFO  storage.RaftStorageDirectory (RaftStorageDirectoryImpl.java:analyzeStorage(137)) - The storage directory /home/runner/work/ozone/ozone/hadoop-ozone/integration-test/target/test-dir/MiniOzoneClusterImpl-938474ea-96d6-4bd3-a45f-678920fb0bb2/datanode-8/data/ratis/183066f7-6764-45dc-9e19-b6dca21ae844 does not exist. Creating ...
2023-11-06 09:26:47,960 [5f7d9b36-4620-4ba9-8a78-929bd6ddd1f9-groupManagement] INFO  storage.RaftStorageDirectory (RaftStorageDirectoryImpl.java:tryLock(231)) - Lock on /home/runner/work/ozone/ozone/hadoop-ozone/integration-test/target/test-dir/MiniOzoneClusterImpl-938474ea-96d6-4bd3-a45f-678920fb0bb2/datanode-8/data/ratis/183066f7-6764-45dc-9e19-b6dca21ae844/in_use.lock acquired by nodename 20533@fv-az241-347
2023-11-06 09:26:47,961 [5f7d9b36-4620-4ba9-8a78-929bd6ddd1f9-groupManagement] INFO  storage.RaftStorage (RaftStorageImpl.java:format(96)) - Storage directory /home/runner/work/ozone/ozone/hadoop-ozone/integration-test/target/test-dir/MiniOzoneClusterImpl-938474ea-96d6-4bd3-a45f-678920fb0bb2/datanode-8/data/ratis/183066f7-6764-45dc-9e19-b6dca21ae844 has been successfully formatted.
2023-11-06 09:26:47,961 [5f7d9b36-4620-4ba9-8a78-929bd6ddd1f9-groupManagement] INFO  ratis.ContainerStateMachine (ContainerStateMachine.java:loadSnapshot(269)) - group-B6DCA21AE844: The snapshot info is null. Setting the last applied indexto:(t:0, i:~)
2023-11-06 09:26:47,961 [5f7d9b36-4620-4ba9-8a78-929bd6ddd1f9-groupManagement] INFO  server.RaftServerConfigKeys (ConfUtils.java:logGet(46)) - raft.server.log.use.memory = false (default)
2023-11-06 09:26:47,962 [5f7d9b36-4620-4ba9-8a78-929bd6ddd1f9-groupManagement] INFO  server.RaftServerConfigKeys (ConfUtils.java:logGet(46)) - raft.server.log.purge.gap = 1000000 (custom)
2023-11-06 09:26:47,962 [5f7d9b36-4620-4ba9-8a78-929bd6ddd1f9-groupManagement] INFO  server.RaftServerConfigKeys (ConfUtils.java:logGet(46)) - raft.server.log.appender.buffer.byte-limit = 33554432 (custom)
2023-11-06 09:26:47,967 [5f7d9b36-4620-4ba9-8a78-929bd6ddd1f9-groupManagement] INFO  server.RaftServerConfigKeys (ConfUtils.java:logGet(46)) - raft.server.log.statemachine.data.read.timeout = 1000ms (default)
2023-11-06 09:26:47,967 [5f7d9b36-4620-4ba9-8a78-929bd6ddd1f9-groupManagement] INFO  server.RaftServerConfigKeys (ConfUtils.java:logGet(46)) - raft.server.log.purge.preservation.log.num = 0 (default)
2023-11-06 09:26:47,967 [5f7d9b36-4620-4ba9-8a78-929bd6ddd1f9-groupManagement] INFO  server.RaftServerConfigKeys (ConfUtils.java:logGet(46)) - raft.server.log.segment.size.max = 1048576 (custom)
2023-11-06 09:26:47,970 [EventQueue-PipelineReportForPipelineReportHandler] INFO  pipeline.PipelineReportHandler (PipelineReportHandler.java:processPipelineReport(136)) - Opened pipeline PipelineID=183066f7-6764-45dc-9e19-b6dca21ae844
2023-11-06 09:26:47,970 [EventQueue-OpenPipelineForHealthyPipelineSafeModeRule] INFO  safemode.SCMSafeModeManager (HealthyPipelineSafeModeRule.java:process(137)) - SCM in safe mode. Healthy pipelines reported count is 0, required healthy pipeline reported count is 1
2023-11-06 09:26:47,973 [18227f38-d602-4438-971e-c9cd287df9cb-groupManagement] INFO  server.RaftServerConfigKeys (ConfUtils.java:logGet(46)) - raft.server.log.segment.cache.num.max = 2 (custom)
2023-11-06 09:26:47,973 [18227f38-d602-4438-971e-c9cd287df9cb-groupManagement] INFO  server.RaftServerConfigKeys (ConfUtils.java:logGet(46)) - raft.server.log.segment.cache.size.max = 200MB (=209715200) (default)
2023-11-06 09:26:47,973 [18227f38-d602-4438-971e-c9cd287df9cb-groupManagement] INFO  server.RaftServerConfigKeys (ConfUtils.java:logGet(46)) - raft.server.log.appender.buffer.byte-limit = 33554432 (custom)
2023-11-06 09:26:47,973 [18227f38-d602-4438-971e-c9cd287df9cb-groupManagement] INFO  segmented.SegmentedRaftLogWorker (SegmentedRaftLogWorker.java:<init>(188)) - new 18227f38-d602-4438-971e-c9cd287df9cb@group-DF79F62058F4-SegmentedRaftLogWorker for RaftStorageImpl:Storage Directory /home/runner/work/ozone/ozone/hadoop-ozone/integration-test/target/test-dir/MiniOzoneClusterImpl-938474ea-96d6-4bd3-a45f-678920fb0bb2/datanode-7/data/ratis/09dbd412-9c40-45dd-ab24-df79f62058f4
2023-11-06 09:26:47,973 [18227f38-d602-4438-971e-c9cd287df9cb-groupManagement] INFO  server.RaftServerConfigKeys (ConfUtils.java:logGet(46)) - raft.server.log.queue.byte-limit = 4294967296 (custom)
2023-11-06 09:26:47,973 [18227f38-d602-4438-971e-c9cd287df9cb-groupManagement] INFO  server.RaftServerConfigKeys (ConfUtils.java:logGet(46)) - raft.server.log.queue.element-limit = 1024 (custom)
2023-11-06 09:26:47,973 [18227f38-d602-4438-971e-c9cd287df9cb-groupManagement] INFO  server.RaftServerConfigKeys (ConfUtils.java:logGet(46)) - raft.server.log.segment.size.max = 1048576 (custom)
2023-11-06 09:26:47,973 [18227f38-d602-4438-971e-c9cd287df9cb-groupManagement] INFO  server.RaftServerConfigKeys (ConfUtils.java:logGet(46)) - raft.server.log.preallocated.size = 16384 (custom)
2023-11-06 09:26:47,973 [18227f38-d602-4438-971e-c9cd287df9cb-groupManagement] INFO  server.RaftServerConfigKeys (ConfUtils.java:logGet(46)) - raft.server.log.force.sync.num = 128 (default)
2023-11-06 09:26:47,973 [18227f38-d602-4438-971e-c9cd287df9cb-groupManagement] INFO  server.RaftServerConfigKeys (ConfUtils.java:logGet(46)) - raft.server.log.statemachine.data.sync = true (default)
2023-11-06 09:26:47,973 [18227f38-d602-4438-971e-c9cd287df9cb-groupManagement] INFO  server.RaftServerConfigKeys (ConfUtils.java:logGet(46)) - raft.server.log.statemachine.data.sync.timeout = 10s (default)
2023-11-06 09:26:47,973 [18227f38-d602-4438-971e-c9cd287df9cb-groupManagement] INFO  server.RaftServerConfigKeys (ConfUtils.java:logGet(46)) - raft.server.log.statemachine.data.sync.timeout.retry = -1 (default)
2023-11-06 09:26:47,974 [5f7d9b36-4620-4ba9-8a78-929bd6ddd1f9-groupManagement] INFO  server.RaftServerConfigKeys (ConfUtils.java:logGet(46)) - raft.server.log.segment.cache.num.max = 2 (custom)
2023-11-06 09:26:47,975 [5f7d9b36-4620-4ba9-8a78-929bd6ddd1f9-groupManagement] INFO  server.RaftServerConfigKeys (ConfUtils.java:logGet(46)) - raft.server.log.segment.cache.size.max = 200MB (=209715200) (default)
2023-11-06 09:26:47,975 [5f7d9b36-4620-4ba9-8a78-929bd6ddd1f9-groupManagement] INFO  server.RaftServerConfigKeys (ConfUtils.java:logGet(46)) - raft.server.log.appender.buffer.byte-limit = 33554432 (custom)
2023-11-06 09:26:47,975 [5f7d9b36-4620-4ba9-8a78-929bd6ddd1f9-groupManagement] INFO  segmented.SegmentedRaftLogWorker (SegmentedRaftLogWorker.java:<init>(188)) - new 5f7d9b36-4620-4ba9-8a78-929bd6ddd1f9@group-B6DCA21AE844-SegmentedRaftLogWorker for RaftStorageImpl:Storage Directory /home/runner/work/ozone/ozone/hadoop-ozone/integration-test/target/test-dir/MiniOzoneClusterImpl-938474ea-96d6-4bd3-a45f-678920fb0bb2/datanode-8/data/ratis/183066f7-6764-45dc-9e19-b6dca21ae844
2023-11-06 09:26:47,978 [5f7d9b36-4620-4ba9-8a78-929bd6ddd1f9-groupManagement] INFO  server.RaftServerConfigKeys (ConfUtils.java:logGet(46)) - raft.server.log.queue.byte-limit = 4294967296 (custom)
2023-11-06 09:26:47,978 [5f7d9b36-4620-4ba9-8a78-929bd6ddd1f9-groupManagement] INFO  server.RaftServerConfigKeys (ConfUtils.java:logGet(46)) - raft.server.log.queue.element-limit = 1024 (custom)
2023-11-06 09:26:47,978 [5f7d9b36-4620-4ba9-8a78-929bd6ddd1f9-groupManagement] INFO  server.RaftServerConfigKeys (ConfUtils.java:logGet(46)) - raft.server.log.segment.size.max = 1048576 (custom)
2023-11-06 09:26:47,978 [5f7d9b36-4620-4ba9-8a78-929bd6ddd1f9-groupManagement] INFO  server.RaftServerConfigKeys (ConfUtils.java:logGet(46)) - raft.server.log.preallocated.size = 16384 (custom)
2023-11-06 09:26:47,978 [5f7d9b36-4620-4ba9-8a78-929bd6ddd1f9-groupManagement] INFO  server.RaftServerConfigKeys (ConfUtils.java:logGet(46)) - raft.server.log.force.sync.num = 128 (default)
2023-11-06 09:26:47,978 [5f7d9b36-4620-4ba9-8a78-929bd6ddd1f9-groupManagement] INFO  server.RaftServerConfigKeys (ConfUtils.java:logGet(46)) - raft.server.log.statemachine.data.sync = true (default)
2023-11-06 09:26:47,978 [5f7d9b36-4620-4ba9-8a78-929bd6ddd1f9-groupManagement] INFO  server.RaftServerConfigKeys (ConfUtils.java:logGet(46)) - raft.server.log.statemachine.data.sync.timeout = 10s (default)
2023-11-06 09:26:47,978 [5f7d9b36-4620-4ba9-8a78-929bd6ddd1f9-groupManagement] INFO  server.RaftServerConfigKeys (ConfUtils.java:logGet(46)) - raft.server.log.statemachine.data.sync.timeout.retry = -1 (default)
2023-11-06 09:26:47,979 [5f7d9b36-4620-4ba9-8a78-929bd6ddd1f9-groupManagement] INFO  server.RaftServerConfigKeys (ConfUtils.java:logGet(46)) - raft.server.log.write.buffer.size = 1048576 (custom)
2023-11-06 09:26:47,977 [0e92623e-4dcf-4eff-ae25-f8b8c2de319b-groupManagement] INFO  server.RaftServerConfigKeys (ConfUtils.java:logGet(46)) - raft.server.rpc.request.timeout = 60s (custom)
2023-11-06 09:26:47,980 [0e92623e-4dcf-4eff-ae25-f8b8c2de319b-groupManagement] INFO  server.RaftServerConfigKeys (ConfUtils.java:logGet(46)) - raft.server.log.appender.install.snapshot.enabled = false (custom)
2023-11-06 09:26:47,980 [0e92623e-4dcf-4eff-ae25-f8b8c2de319b-groupManagement] INFO  server.RaftServerConfigKeys (ConfUtils.java:logGet(46)) - raft.server.threadpool.server.cached = true (default)
2023-11-06 09:26:47,981 [0e92623e-4dcf-4eff-ae25-f8b8c2de319b-groupManagement] INFO  server.RaftServerConfigKeys (ConfUtils.java:logGet(46)) - raft.server.threadpool.server.size = 0 (default)
2023-11-06 09:26:47,981 [0e92623e-4dcf-4eff-ae25-f8b8c2de319b-groupManagement] INFO  server.RaftServerConfigKeys (ConfUtils.java:logGet(46)) - raft.server.threadpool.client.cached = true (default)
2023-11-06 09:26:47,981 [0e92623e-4dcf-4eff-ae25-f8b8c2de319b-groupManagement] INFO  server.RaftServerConfigKeys (ConfUtils.java:logGet(46)) - raft.server.threadpool.client.size = 0 (default)
2023-11-06 09:26:47,981 [0e92623e-4dcf-4eff-ae25-f8b8c2de319b-groupManagement] INFO  storage.RaftStorageDirectory (RaftStorageDirectoryImpl.java:analyzeStorage(137)) - The storage directory /home/runner/work/ozone/ozone/hadoop-ozone/integration-test/target/test-dir/MiniOzoneClusterImpl-938474ea-96d6-4bd3-a45f-678920fb0bb2/datanode-9/data/ratis/7117164c-cd12-410d-8962-d7f06cc11252 does not exist. Creating ...
2023-11-06 09:26:47,979 [18227f38-d602-4438-971e-c9cd287df9cb-groupManagement] INFO  server.RaftServerConfigKeys (ConfUtils.java:logGet(46)) - raft.server.log.write.buffer.size = 1048576 (custom)
2023-11-06 09:26:47,984 [18227f38-d602-4438-971e-c9cd287df9cb-groupManagement] INFO  server.RaftServerConfigKeys (ConfUtils.java:logGet(46)) - raft.server.log.appender.buffer.byte-limit = 33554432 (custom)
2023-11-06 09:26:47,985 [0e92623e-4dcf-4eff-ae25-f8b8c2de319b-groupManagement] INFO  storage.RaftStorageDirectory (RaftStorageDirectoryImpl.java:tryLock(231)) - Lock on /home/runner/work/ozone/ozone/hadoop-ozone/integration-test/target/test-dir/MiniOzoneClusterImpl-938474ea-96d6-4bd3-a45f-678920fb0bb2/datanode-9/data/ratis/7117164c-cd12-410d-8962-d7f06cc11252/in_use.lock acquired by nodename 20533@fv-az241-347
2023-11-06 09:26:47,985 [5f7d9b36-4620-4ba9-8a78-929bd6ddd1f9-groupManagement] INFO  server.RaftServerConfigKeys (ConfUtils.java:logGet(46)) - raft.server.log.appender.buffer.byte-limit = 33554432 (custom)
2023-11-06 09:26:47,987 [0e92623e-4dcf-4eff-ae25-f8b8c2de319b-groupManagement] INFO  storage.RaftStorage (RaftStorageImpl.java:format(96)) - Storage directory /home/runner/work/ozone/ozone/hadoop-ozone/integration-test/target/test-dir/MiniOzoneClusterImpl-938474ea-96d6-4bd3-a45f-678920fb0bb2/datanode-9/data/ratis/7117164c-cd12-410d-8962-d7f06cc11252 has been successfully formatted.
2023-11-06 09:26:47,987 [0e92623e-4dcf-4eff-ae25-f8b8c2de319b-groupManagement] INFO  ratis.ContainerStateMachine (ContainerStateMachine.java:loadSnapshot(269)) - group-D7F06CC11252: The snapshot info is null. Setting the last applied indexto:(t:0, i:~)
2023-11-06 09:26:47,987 [0e92623e-4dcf-4eff-ae25-f8b8c2de319b-groupManagement] INFO  server.RaftServerConfigKeys (ConfUtils.java:logGet(46)) - raft.server.log.use.memory = false (default)
2023-11-06 09:26:47,987 [0e92623e-4dcf-4eff-ae25-f8b8c2de319b-groupManagement] INFO  server.RaftServerConfigKeys (ConfUtils.java:logGet(46)) - raft.server.log.purge.gap = 1000000 (custom)
2023-11-06 09:26:47,988 [0e92623e-4dcf-4eff-ae25-f8b8c2de319b-groupManagement] INFO  server.RaftServerConfigKeys (ConfUtils.java:logGet(46)) - raft.server.log.appender.buffer.byte-limit = 33554432 (custom)
2023-11-06 09:26:47,988 [0e92623e-4dcf-4eff-ae25-f8b8c2de319b-groupManagement] INFO  server.RaftServerConfigKeys (ConfUtils.java:logGet(46)) - raft.server.log.statemachine.data.read.timeout = 1000ms (default)
2023-11-06 09:26:47,988 [0e92623e-4dcf-4eff-ae25-f8b8c2de319b-groupManagement] INFO  server.RaftServerConfigKeys (ConfUtils.java:logGet(46)) - raft.server.log.purge.preservation.log.num = 0 (default)
2023-11-06 09:26:47,988 [0e92623e-4dcf-4eff-ae25-f8b8c2de319b-groupManagement] INFO  server.RaftServerConfigKeys (ConfUtils.java:logGet(46)) - raft.server.log.segment.size.max = 1048576 (custom)
2023-11-06 09:26:47,989 [EventQueue-PipelineReportForPipelineReportHandler] INFO  pipeline.PipelineReportHandler (PipelineReportHandler.java:processPipelineReport(136)) - Opened pipeline PipelineID=7117164c-cd12-410d-8962-d7f06cc11252
2023-11-06 09:26:47,990 [EventQueue-OpenPipelineForHealthyPipelineSafeModeRule] INFO  safemode.SCMSafeModeManager (HealthyPipelineSafeModeRule.java:process(137)) - SCM in safe mode. Healthy pipelines reported count is 0, required healthy pipeline reported count is 1
2023-11-06 09:26:47,990 [0e92623e-4dcf-4eff-ae25-f8b8c2de319b-groupManagement] INFO  server.RaftServerConfigKeys (ConfUtils.java:logGet(46)) - raft.server.log.segment.cache.num.max = 2 (custom)
2023-11-06 09:26:47,990 [0e92623e-4dcf-4eff-ae25-f8b8c2de319b-groupManagement] INFO  server.RaftServerConfigKeys (ConfUtils.java:logGet(46)) - raft.server.log.segment.cache.size.max = 200MB (=209715200) (default)
2023-11-06 09:26:47,990 [0e92623e-4dcf-4eff-ae25-f8b8c2de319b-groupManagement] INFO  server.RaftServerConfigKeys (ConfUtils.java:logGet(46)) - raft.server.log.appender.buffer.byte-limit = 33554432 (custom)
2023-11-06 09:26:47,990 [0e92623e-4dcf-4eff-ae25-f8b8c2de319b-groupManagement] INFO  segmented.SegmentedRaftLogWorker (SegmentedRaftLogWorker.java:<init>(188)) - new 0e92623e-4dcf-4eff-ae25-f8b8c2de319b@group-D7F06CC11252-SegmentedRaftLogWorker for RaftStorageImpl:Storage Directory /home/runner/work/ozone/ozone/hadoop-ozone/integration-test/target/test-dir/MiniOzoneClusterImpl-938474ea-96d6-4bd3-a45f-678920fb0bb2/datanode-9/data/ratis/7117164c-cd12-410d-8962-d7f06cc11252
2023-11-06 09:26:47,990 [0e92623e-4dcf-4eff-ae25-f8b8c2de319b-groupManagement] INFO  server.RaftServerConfigKeys (ConfUtils.java:logGet(46)) - raft.server.log.queue.byte-limit = 4294967296 (custom)
2023-11-06 09:26:47,990 [0e92623e-4dcf-4eff-ae25-f8b8c2de319b-groupManagement] INFO  server.RaftServerConfigKeys (ConfUtils.java:logGet(46)) - raft.server.log.queue.element-limit = 1024 (custom)
2023-11-06 09:26:47,990 [0e92623e-4dcf-4eff-ae25-f8b8c2de319b-groupManagement] INFO  server.RaftServerConfigKeys (ConfUtils.java:logGet(46)) - raft.server.log.segment.size.max = 1048576 (custom)
2023-11-06 09:26:47,990 [0e92623e-4dcf-4eff-ae25-f8b8c2de319b-groupManagement] INFO  server.RaftServerConfigKeys (ConfUtils.java:logGet(46)) - raft.server.log.preallocated.size = 16384 (custom)
2023-11-06 09:26:47,990 [0e92623e-4dcf-4eff-ae25-f8b8c2de319b-groupManagement] INFO  server.RaftServerConfigKeys (ConfUtils.java:logGet(46)) - raft.server.log.force.sync.num = 128 (default)
2023-11-06 09:26:47,990 [0e92623e-4dcf-4eff-ae25-f8b8c2de319b-groupManagement] INFO  server.RaftServerConfigKeys (ConfUtils.java:logGet(46)) - raft.server.log.statemachine.data.sync = true (default)
2023-11-06 09:26:47,991 [0e92623e-4dcf-4eff-ae25-f8b8c2de319b-groupManagement] INFO  server.RaftServerConfigKeys (ConfUtils.java:logGet(46)) - raft.server.log.statemachine.data.sync.timeout = 10s (default)
2023-11-06 09:26:47,991 [0e92623e-4dcf-4eff-ae25-f8b8c2de319b-groupManagement] INFO  server.RaftServerConfigKeys (ConfUtils.java:logGet(46)) - raft.server.log.statemachine.data.sync.timeout.retry = -1 (default)
2023-11-06 09:26:47,991 [5f7d9b36-4620-4ba9-8a78-929bd6ddd1f9-groupManagement] INFO  server.RaftServerConfigKeys (ConfUtils.java:logGet(46)) - raft.server.log.unsafe-flush.enabled = false (default)
2023-11-06 09:26:48,003 [5f7d9b36-4620-4ba9-8a78-929bd6ddd1f9-groupManagement] INFO  server.RaftServerConfigKeys (ConfUtils.java:logGet(46)) - raft.server.log.async-flush.enabled = false (default)
2023-11-06 09:26:48,003 [5f7d9b36-4620-4ba9-8a78-929bd6ddd1f9-groupManagement] INFO  server.RaftServerConfigKeys (ConfUtils.java:logGet(46)) - raft.server.log.statemachine.data.caching.enabled = true (custom)
2023-11-06 09:26:48,003 [5f7d9b36-4620-4ba9-8a78-929bd6ddd1f9-groupManagement] INFO  segmented.SegmentedRaftLogWorker (SegmentedRaftLogWorker.java:lambda$new$0(135)) - 5f7d9b36-4620-4ba9-8a78-929bd6ddd1f9@group-B6DCA21AE844-SegmentedRaftLogWorker: flushIndex: setUnconditionally 0 -> -1
2023-11-06 09:26:48,002 [grpc-default-executor-2] INFO  server.RaftServer (RaftServerProxy.java:addNew(98)) - 5f7d9b36-4620-4ba9-8a78-929bd6ddd1f9: addNew group-DF79F62058F4:[92ba0aed-1dcc-4895-b5bb-fc45f440be2e|rpc:10.1.0.6:15068|admin:10.1.0.6:15067|client:10.1.0.6:15066|dataStream:10.1.0.6:15069|priority:0|startupRole:FOLLOWER, 18227f38-d602-4438-971e-c9cd287df9cb|rpc:10.1.0.6:15077|admin:10.1.0.6:15076|client:10.1.0.6:15075|dataStream:10.1.0.6:15078|priority:0|startupRole:FOLLOWER, 5f7d9b36-4620-4ba9-8a78-929bd6ddd1f9|rpc:10.1.0.6:15086|admin:10.1.0.6:15085|client:10.1.0.6:15084|dataStream:10.1.0.6:15087|priority:1|startupRole:FOLLOWER] returns group-DF79F62058F4:java.util.concurrent.CompletableFuture@6441e49b[Not completed]
2023-11-06 09:26:47,997 [18227f38-d602-4438-971e-c9cd287df9cb-groupManagement] INFO  server.RaftServerConfigKeys (ConfUtils.java:logGet(46)) - raft.server.log.unsafe-flush.enabled = false (default)
2023-11-06 09:26:47,993 [0e92623e-4dcf-4eff-ae25-f8b8c2de319b-groupManagement] INFO  server.RaftServerConfigKeys (ConfUtils.java:logGet(46)) - raft.server.log.write.buffer.size = 1048576 (custom)
2023-11-06 09:26:48,005 [0e92623e-4dcf-4eff-ae25-f8b8c2de319b-groupManagement] INFO  server.RaftServerConfigKeys (ConfUtils.java:logGet(46)) - raft.server.log.appender.buffer.byte-limit = 33554432 (custom)
2023-11-06 09:26:48,003 [5f7d9b36-4620-4ba9-8a78-929bd6ddd1f9-groupManagement] INFO  segmented.SegmentedRaftLogWorker (SegmentedRaftLogWorker.java:lambda$new$0(135)) - 5f7d9b36-4620-4ba9-8a78-929bd6ddd1f9@group-B6DCA21AE844-SegmentedRaftLogWorker: safeCacheEvictIndex: setUnconditionally 0 -> -1
2023-11-06 09:26:48,011 [18227f38-d602-4438-971e-c9cd287df9cb-groupManagement] INFO  server.RaftServerConfigKeys (ConfUtils.java:logGet(46)) - raft.server.log.async-flush.enabled = false (default)
2023-11-06 09:26:48,015 [18227f38-d602-4438-971e-c9cd287df9cb-groupManagement] INFO  server.RaftServerConfigKeys (ConfUtils.java:logGet(46)) - raft.server.log.statemachine.data.caching.enabled = true (custom)
2023-11-06 09:26:48,016 [18227f38-d602-4438-971e-c9cd287df9cb-groupManagement] INFO  segmented.SegmentedRaftLogWorker (SegmentedRaftLogWorker.java:lambda$new$0(135)) - 18227f38-d602-4438-971e-c9cd287df9cb@group-DF79F62058F4-SegmentedRaftLogWorker: flushIndex: setUnconditionally 0 -> -1
2023-11-06 09:26:48,016 [18227f38-d602-4438-971e-c9cd287df9cb-groupManagement] INFO  segmented.SegmentedRaftLogWorker (SegmentedRaftLogWorker.java:lambda$new$0(135)) - 18227f38-d602-4438-971e-c9cd287df9cb@group-DF79F62058F4-SegmentedRaftLogWorker: safeCacheEvictIndex: setUnconditionally 0 -> -1
2023-11-06 09:26:48,011 [0e92623e-4dcf-4eff-ae25-f8b8c2de319b-groupManagement] INFO  server.RaftServerConfigKeys (ConfUtils.java:logGet(46)) - raft.server.log.unsafe-flush.enabled = false (default)
2023-11-06 09:26:48,016 [0e92623e-4dcf-4eff-ae25-f8b8c2de319b-groupManagement] INFO  server.RaftServerConfigKeys (ConfUtils.java:logGet(46)) - raft.server.log.async-flush.enabled = false (default)
2023-11-06 09:26:48,016 [0e92623e-4dcf-4eff-ae25-f8b8c2de319b-groupManagement] INFO  server.RaftServerConfigKeys (ConfUtils.java:logGet(46)) - raft.server.log.statemachine.data.caching.enabled = true (custom)
2023-11-06 09:26:48,016 [0e92623e-4dcf-4eff-ae25-f8b8c2de319b-groupManagement] INFO  segmented.SegmentedRaftLogWorker (SegmentedRaftLogWorker.java:lambda$new$0(135)) - 0e92623e-4dcf-4eff-ae25-f8b8c2de319b@group-D7F06CC11252-SegmentedRaftLogWorker: flushIndex: setUnconditionally 0 -> -1
2023-11-06 09:26:48,017 [0e92623e-4dcf-4eff-ae25-f8b8c2de319b-groupManagement] INFO  segmented.SegmentedRaftLogWorker (SegmentedRaftLogWorker.java:lambda$new$0(135)) - 0e92623e-4dcf-4eff-ae25-f8b8c2de319b@group-D7F06CC11252-SegmentedRaftLogWorker: safeCacheEvictIndex: setUnconditionally 0 -> -1
2023-11-06 09:26:48,018 [5f7d9b36-4620-4ba9-8a78-929bd6ddd1f9-groupManagement] INFO  server.RaftServer$Division (RaftServerImpl.java:start(342)) - 5f7d9b36-4620-4ba9-8a78-929bd6ddd1f9@group-B6DCA21AE844: start as a follower, conf=-1: peers:[5f7d9b36-4620-4ba9-8a78-929bd6ddd1f9|rpc:10.1.0.6:15086|admin:10.1.0.6:15085|client:10.1.0.6:15084|dataStream:10.1.0.6:15087|priority:1|startupRole:FOLLOWER]|listeners:[], old=null
2023-11-06 09:26:48,018 [5f7d9b36-4620-4ba9-8a78-929bd6ddd1f9-groupManagement] INFO  server.RaftServer$Division (RaftServerImpl.java:setRole(329)) - 5f7d9b36-4620-4ba9-8a78-929bd6ddd1f9@group-B6DCA21AE844: changes role from      null to FOLLOWER at term 0 for startAsFollower
2023-11-06 09:26:48,018 [5f7d9b36-4620-4ba9-8a78-929bd6ddd1f9-groupManagement] INFO  impl.RoleInfo (RoleInfo.java:updateAndGet(139)) - 5f7d9b36-4620-4ba9-8a78-929bd6ddd1f9: start 5f7d9b36-4620-4ba9-8a78-929bd6ddd1f9@group-B6DCA21AE844-FollowerState
2023-11-06 09:26:48,019 [5f7d9b36-4620-4ba9-8a78-929bd6ddd1f9-groupManagement] INFO  util.JmxRegister (JmxRegister.java:tryRegister(44)) - Successfully registered JMX Bean with object name Ratis:service=RaftServer,group=group-B6DCA21AE844,id=5f7d9b36-4620-4ba9-8a78-929bd6ddd1f9
2023-11-06 09:26:48,019 [5f7d9b36-4620-4ba9-8a78-929bd6ddd1f9-groupManagement] INFO  server.RaftServerConfigKeys (ConfUtils.java:logGet(46)) - raft.server.snapshot.auto.trigger.enabled = true (custom)
2023-11-06 09:26:48,019 [5f7d9b36-4620-4ba9-8a78-929bd6ddd1f9@group-B6DCA21AE844-FollowerState] INFO  server.RaftServerConfigKeys (ConfUtils.java:logFallback(53)) - raft.server.rpc.first-election.timeout.min = 5s (fallback to raft.server.rpc.timeout.min)
2023-11-06 09:26:48,021 [0e92623e-4dcf-4eff-ae25-f8b8c2de319b-groupManagement] INFO  server.RaftServer$Division (RaftServerImpl.java:start(342)) - 0e92623e-4dcf-4eff-ae25-f8b8c2de319b@group-D7F06CC11252: start as a follower, conf=-1: peers:[0e92623e-4dcf-4eff-ae25-f8b8c2de319b|rpc:10.1.0.6:15095|admin:10.1.0.6:15094|client:10.1.0.6:15093|dataStream:10.1.0.6:15096|priority:1|startupRole:FOLLOWER]|listeners:[], old=null
2023-11-06 09:26:48,022 [0e92623e-4dcf-4eff-ae25-f8b8c2de319b-groupManagement] INFO  server.RaftServer$Division (RaftServerImpl.java:setRole(329)) - 0e92623e-4dcf-4eff-ae25-f8b8c2de319b@group-D7F06CC11252: changes role from      null to FOLLOWER at term 0 for startAsFollower
2023-11-06 09:26:48,019 [5f7d9b36-4620-4ba9-8a78-929bd6ddd1f9-groupManagement] INFO  server.RaftServerConfigKeys (ConfUtils.java:logGet(46)) - raft.server.snapshot.auto.trigger.threshold = 10000 (custom)
2023-11-06 09:26:48,023 [5f7d9b36-4620-4ba9-8a78-929bd6ddd1f9-groupManagement] INFO  server.RaftServerConfigKeys (ConfUtils.java:logGet(46)) - raft.server.snapshot.retention.file.num = 5 (custom)
2023-11-06 09:26:48,023 [5f7d9b36-4620-4ba9-8a78-929bd6ddd1f9-groupManagement] INFO  server.RaftServerConfigKeys (ConfUtils.java:logGet(46)) - raft.server.log.purge.upto.snapshot.index = false (default)
2023-11-06 09:26:48,023 [18227f38-d602-4438-971e-c9cd287df9cb-groupManagement] INFO  server.RaftServer$Division (RaftServerImpl.java:start(342)) - 18227f38-d602-4438-971e-c9cd287df9cb@group-DF79F62058F4: start as a follower, conf=-1: peers:[92ba0aed-1dcc-4895-b5bb-fc45f440be2e|rpc:10.1.0.6:15068|admin:10.1.0.6:15067|client:10.1.0.6:15066|dataStream:10.1.0.6:15069|priority:0|startupRole:FOLLOWER, 18227f38-d602-4438-971e-c9cd287df9cb|rpc:10.1.0.6:15077|admin:10.1.0.6:15076|client:10.1.0.6:15075|dataStream:10.1.0.6:15078|priority:0|startupRole:FOLLOWER, 5f7d9b36-4620-4ba9-8a78-929bd6ddd1f9|rpc:10.1.0.6:15086|admin:10.1.0.6:15085|client:10.1.0.6:15084|dataStream:10.1.0.6:15087|priority:1|startupRole:FOLLOWER]|listeners:[], old=null
2023-11-06 09:26:48,024 [18227f38-d602-4438-971e-c9cd287df9cb-groupManagement] INFO  server.RaftServer$Division (RaftServerImpl.java:setRole(329)) - 18227f38-d602-4438-971e-c9cd287df9cb@group-DF79F62058F4: changes role from      null to FOLLOWER at term 0 for startAsFollower
2023-11-06 09:26:48,027 [5f7d9b36-4620-4ba9-8a78-929bd6ddd1f9-groupManagement] INFO  server.RaftServer$Division (RaftServerImpl.java:<init>(198)) - 5f7d9b36-4620-4ba9-8a78-929bd6ddd1f9: new RaftServerImpl for group-DF79F62058F4:[92ba0aed-1dcc-4895-b5bb-fc45f440be2e|rpc:10.1.0.6:15068|admin:10.1.0.6:15067|client:10.1.0.6:15066|dataStream:10.1.0.6:15069|priority:0|startupRole:FOLLOWER, 18227f38-d602-4438-971e-c9cd287df9cb|rpc:10.1.0.6:15077|admin:10.1.0.6:15076|client:10.1.0.6:15075|dataStream:10.1.0.6:15078|priority:0|startupRole:FOLLOWER, 5f7d9b36-4620-4ba9-8a78-929bd6ddd1f9|rpc:10.1.0.6:15086|admin:10.1.0.6:15085|client:10.1.0.6:15084|dataStream:10.1.0.6:15087|priority:1|startupRole:FOLLOWER] with ContainerStateMachine:uninitialized
2023-11-06 09:26:48,028 [5f7d9b36-4620-4ba9-8a78-929bd6ddd1f9-groupManagement] INFO  server.RaftServerConfigKeys (ConfUtils.java:logGet(46)) - raft.server.rpc.timeout.min = 5s (custom)
2023-11-06 09:26:48,028 [5f7d9b36-4620-4ba9-8a78-929bd6ddd1f9-groupManagement] INFO  server.RaftServerConfigKeys (ConfUtils.java:logGet(46)) - raft.server.rpc.timeout.max = 5200ms (custom)
2023-11-06 09:26:48,028 [5f7d9b36-4620-4ba9-8a78-929bd6ddd1f9-groupManagement] INFO  server.RaftServerConfigKeys (ConfUtils.java:logGet(46)) - raft.server.rpc.sleep.time = 25ms (default)
2023-11-06 09:26:48,028 [5f7d9b36-4620-4ba9-8a78-929bd6ddd1f9-groupManagement] INFO  server.RaftServerConfigKeys (ConfUtils.java:logGet(46)) - raft.server.rpc.slowness.timeout = 300s (custom)
2023-11-06 09:26:48,028 [5f7d9b36-4620-4ba9-8a78-929bd6ddd1f9-groupManagement] INFO  server.RaftServerConfigKeys (ConfUtils.java:logGet(46)) - raft.server.leaderelection.leader.step-down.wait-time = 10s (default)
2023-11-06 09:26:48,028 [5f7d9b36-4620-4ba9-8a78-929bd6ddd1f9-groupManagement] INFO  server.RaftServerConfigKeys (ConfUtils.java:logGet(46)) - raft.server.sleep.deviation.threshold = 300ms (default)
2023-11-06 09:26:48,028 [5f7d9b36-4620-4ba9-8a78-929bd6ddd1f9-groupManagement] INFO  server.RaftServer$Division (ServerState.java:<init>(120)) - 5f7d9b36-4620-4ba9-8a78-929bd6ddd1f9@group-DF79F62058F4: ConfigurationManager, init=-1: peers:[92ba0aed-1dcc-4895-b5bb-fc45f440be2e|rpc:10.1.0.6:15068|admin:10.1.0.6:15067|client:10.1.0.6:15066|dataStream:10.1.0.6:15069|priority:0|startupRole:FOLLOWER, 18227f38-d602-4438-971e-c9cd287df9cb|rpc:10.1.0.6:15077|admin:10.1.0.6:15076|client:10.1.0.6:15075|dataStream:10.1.0.6:15078|priority:0|startupRole:FOLLOWER, 5f7d9b36-4620-4ba9-8a78-929bd6ddd1f9|rpc:10.1.0.6:15086|admin:10.1.0.6:15085|client:10.1.0.6:15084|dataStream:10.1.0.6:15087|priority:1|startupRole:FOLLOWER]|listeners:[], old=null, confs=<EMPTY_MAP>
2023-11-06 09:26:48,028 [5f7d9b36-4620-4ba9-8a78-929bd6ddd1f9-groupManagement] INFO  server.RaftServerConfigKeys (ConfUtils.java:logGet(46)) - raft.server.storage.dir = [/home/runner/work/ozone/ozone/hadoop-ozone/integration-test/target/test-dir/MiniOzoneClusterImpl-938474ea-96d6-4bd3-a45f-678920fb0bb2/datanode-8/data/ratis] (custom)
2023-11-06 09:26:48,028 [5f7d9b36-4620-4ba9-8a78-929bd6ddd1f9-groupManagement] INFO  server.RaftServerConfigKeys (ConfUtils.java:logGet(46)) - raft.server.log.corruption.policy = EXCEPTION (default)
2023-11-06 09:26:48,028 [5f7d9b36-4620-4ba9-8a78-929bd6ddd1f9-groupManagement] INFO  server.RaftServerConfigKeys (ConfUtils.java:logGet(46)) - raft.server.storage.free-space.min = 0MB (=0) (default)
2023-11-06 09:26:48,028 [5f7d9b36-4620-4ba9-8a78-929bd6ddd1f9-groupManagement] INFO  server.RaftServerConfigKeys (ConfUtils.java:logGet(46)) - raft.server.notification.no-leader.timeout = 300s (custom)
2023-11-06 09:26:48,028 [5f7d9b36-4620-4ba9-8a78-929bd6ddd1f9-groupManagement] INFO  server.RaftServerConfigKeys (ConfUtils.java:logGet(46)) - raft.server.read.timeout = 10s (default)
2023-11-06 09:26:48,028 [5f7d9b36-4620-4ba9-8a78-929bd6ddd1f9-groupManagement] INFO  server.RaftServerConfigKeys (ConfUtils.java:logGet(46)) - raft.server.retrycache.expirytime = 600000ms (custom)
2023-11-06 09:26:48,028 [5f7d9b36-4620-4ba9-8a78-929bd6ddd1f9-groupManagement] INFO  server.RaftServerConfigKeys (ConfUtils.java:logGet(46)) - raft.server.retrycache.statistics.expirytime = 100μs (default)
2023-11-06 09:26:48,029 [5f7d9b36-4620-4ba9-8a78-929bd6ddd1f9-groupManagement] INFO  server.RaftServerConfigKeys (ConfUtils.java:logGet(46)) - raft.server.read.option = DEFAULT (default)
2023-11-06 09:26:48,029 [0e92623e-4dcf-4eff-ae25-f8b8c2de319b-groupManagement] INFO  impl.RoleInfo (RoleInfo.java:updateAndGet(139)) - 0e92623e-4dcf-4eff-ae25-f8b8c2de319b: start 0e92623e-4dcf-4eff-ae25-f8b8c2de319b@group-D7F06CC11252-FollowerState
2023-11-06 09:26:48,030 [5f7d9b36-4620-4ba9-8a78-929bd6ddd1f9-groupManagement] INFO  server.RaftServerConfigKeys (ConfUtils.java:logGet(46)) - raft.server.rpc.request.timeout = 60s (custom)
2023-11-06 09:26:48,030 [5f7d9b36-4620-4ba9-8a78-929bd6ddd1f9-groupManagement] INFO  server.RaftServerConfigKeys (ConfUtils.java:logGet(46)) - raft.server.log.appender.install.snapshot.enabled = false (custom)
2023-11-06 09:26:48,030 [5f7d9b36-4620-4ba9-8a78-929bd6ddd1f9-groupManagement] INFO  server.RaftServerConfigKeys (ConfUtils.java:logGet(46)) - raft.server.threadpool.server.cached = true (default)
2023-11-06 09:26:48,031 [5f7d9b36-4620-4ba9-8a78-929bd6ddd1f9-groupManagement] INFO  server.RaftServerConfigKeys (ConfUtils.java:logGet(46)) - raft.server.threadpool.server.size = 0 (default)
2023-11-06 09:26:48,031 [5f7d9b36-4620-4ba9-8a78-929bd6ddd1f9-groupManagement] INFO  server.RaftServerConfigKeys (ConfUtils.java:logGet(46)) - raft.server.threadpool.client.cached = true (default)
2023-11-06 09:26:48,031 [5f7d9b36-4620-4ba9-8a78-929bd6ddd1f9-groupManagement] INFO  server.RaftServerConfigKeys (ConfUtils.java:logGet(46)) - raft.server.threadpool.client.size = 0 (default)
2023-11-06 09:26:48,031 [5f7d9b36-4620-4ba9-8a78-929bd6ddd1f9-groupManagement] INFO  storage.RaftStorageDirectory (RaftStorageDirectoryImpl.java:analyzeStorage(137)) - The storage directory /home/runner/work/ozone/ozone/hadoop-ozone/integration-test/target/test-dir/MiniOzoneClusterImpl-938474ea-96d6-4bd3-a45f-678920fb0bb2/datanode-8/data/ratis/09dbd412-9c40-45dd-ab24-df79f62058f4 does not exist. Creating ...
2023-11-06 09:26:48,032 [5f7d9b36-4620-4ba9-8a78-929bd6ddd1f9-PipelineCommandHandlerThread-0] INFO  ratis.XceiverServerRatis (XceiverServerRatis.java:addGroup(805)) - Created group PipelineID=183066f7-6764-45dc-9e19-b6dca21ae844
2023-11-06 09:26:48,032 [5f7d9b36-4620-4ba9-8a78-929bd6ddd1f9-PipelineCommandHandlerThread-0] INFO  commandhandler.CreatePipelineCommandHandler (CreatePipelineCommandHandler.java:lambda$handle$2(124)) - Created Pipeline RATIS ONE PipelineID=183066f7-6764-45dc-9e19-b6dca21ae844.
2023-11-06 09:26:48,032 [5f7d9b36-4620-4ba9-8a78-929bd6ddd1f9-groupManagement] INFO  storage.RaftStorageDirectory (RaftStorageDirectoryImpl.java:tryLock(231)) - Lock on /home/runner/work/ozone/ozone/hadoop-ozone/integration-test/target/test-dir/MiniOzoneClusterImpl-938474ea-96d6-4bd3-a45f-678920fb0bb2/datanode-8/data/ratis/09dbd412-9c40-45dd-ab24-df79f62058f4/in_use.lock acquired by nodename 20533@fv-az241-347
2023-11-06 09:26:48,032 [5f7d9b36-4620-4ba9-8a78-929bd6ddd1f9-PipelineCommandHandlerThread-0] INFO  server.RaftServer (RaftServerProxy.java:addNew(98)) - 5f7d9b36-4620-4ba9-8a78-929bd6ddd1f9: addNew group-6DBCDF991ECB:[92ba0aed-1dcc-4895-b5bb-fc45f440be2e|rpc:10.1.0.6:15068|admin:10.1.0.6:15067|client:10.1.0.6:15066|dataStream:10.1.0.6:15069|priority:0|startupRole:FOLLOWER, 18227f38-d602-4438-971e-c9cd287df9cb|rpc:10.1.0.6:15077|admin:10.1.0.6:15076|client:10.1.0.6:15075|dataStream:10.1.0.6:15078|priority:1|startupRole:FOLLOWER, 5f7d9b36-4620-4ba9-8a78-929bd6ddd1f9|rpc:10.1.0.6:15086|admin:10.1.0.6:15085|client:10.1.0.6:15084|dataStream:10.1.0.6:15087|priority:0|startupRole:FOLLOWER] returns group-6DBCDF991ECB:java.util.concurrent.CompletableFuture@339d2ce8[Not completed]
2023-11-06 09:26:48,021 [5f7d9b36-4620-4ba9-8a78-929bd6ddd1f9@group-B6DCA21AE844-FollowerState] INFO  server.RaftServerConfigKeys (ConfUtils.java:logFallback(53)) - raft.server.rpc.first-election.timeout.max = 5200ms (fallback to raft.server.rpc.timeout.max)
2023-11-06 09:26:48,034 [5f7d9b36-4620-4ba9-8a78-929bd6ddd1f9-groupManagement] INFO  storage.RaftStorage (RaftStorageImpl.java:format(96)) - Storage directory /home/runner/work/ozone/ozone/hadoop-ozone/integration-test/target/test-dir/MiniOzoneClusterImpl-938474ea-96d6-4bd3-a45f-678920fb0bb2/datanode-8/data/ratis/09dbd412-9c40-45dd-ab24-df79f62058f4 has been successfully formatted.
2023-11-06 09:26:48,035 [main] INFO  ozone.MiniOzoneClusterImpl (MiniOzoneClusterImpl.java:lambda$waitForClusterToBeReady$0(229)) - Nodes are ready. Got 10 of 10 DN Heartbeats.
2023-11-06 09:26:48,036 [main] INFO  ozone.MiniOzoneClusterImpl (MiniOzoneClusterImpl.java:lambda$waitForClusterToBeReady$0(232)) - Waiting for cluster to exit safe mode
2023-11-06 09:26:48,036 [main] INFO  ozone.MiniOzoneClusterImpl (MiniOzoneClusterImpl.java:lambda$waitForClusterToBeReady$0(234)) - SCM became leader
2023-11-06 09:26:48,042 [0e92623e-4dcf-4eff-ae25-f8b8c2de319b-groupManagement] INFO  util.JmxRegister (JmxRegister.java:tryRegister(44)) - Successfully registered JMX Bean with object name Ratis:service=RaftServer,group=group-D7F06CC11252,id=0e92623e-4dcf-4eff-ae25-f8b8c2de319b
2023-11-06 09:26:48,043 [0e92623e-4dcf-4eff-ae25-f8b8c2de319b@group-D7F06CC11252-FollowerState] INFO  server.RaftServerConfigKeys (ConfUtils.java:logFallback(53)) - raft.server.rpc.first-election.timeout.min = 5s (fallback to raft.server.rpc.timeout.min)
2023-11-06 09:26:48,061 [0e92623e-4dcf-4eff-ae25-f8b8c2de319b@group-D7F06CC11252-FollowerState] INFO  server.RaftServerConfigKeys (ConfUtils.java:logFallback(53)) - raft.server.rpc.first-election.timeout.max = 5200ms (fallback to raft.server.rpc.timeout.max)
2023-11-06 09:26:48,053 [EventQueue-OpenPipelineForHealthyPipelineSafeModeRule] INFO  safemode.SCMSafeModeManager (HealthyPipelineSafeModeRule.java:process(137)) - SCM in safe mode. Healthy pipelines reported count is 0, required healthy pipeline reported count is 1
2023-11-06 09:26:48,043 [5f7d9b36-4620-4ba9-8a78-929bd6ddd1f9-groupManagement] INFO  ratis.ContainerStateMachine (ContainerStateMachine.java:loadSnapshot(269)) - group-DF79F62058F4: The snapshot info is null. Setting the last applied indexto:(t:0, i:~)
2023-11-06 09:26:48,061 [5f7d9b36-4620-4ba9-8a78-929bd6ddd1f9-groupManagement] INFO  server.RaftServerConfigKeys (ConfUtils.java:logGet(46)) - raft.server.log.use.memory = false (default)
2023-11-06 09:26:48,062 [5f7d9b36-4620-4ba9-8a78-929bd6ddd1f9-groupManagement] INFO  server.RaftServerConfigKeys (ConfUtils.java:logGet(46)) - raft.server.log.purge.gap = 1000000 (custom)
2023-11-06 09:26:48,062 [5f7d9b36-4620-4ba9-8a78-929bd6ddd1f9-groupManagement] INFO  server.RaftServerConfigKeys (ConfUtils.java:logGet(46)) - raft.server.log.appender.buffer.byte-limit = 33554432 (custom)
2023-11-06 09:26:48,062 [5f7d9b36-4620-4ba9-8a78-929bd6ddd1f9-groupManagement] INFO  server.RaftServerConfigKeys (ConfUtils.java:logGet(46)) - raft.server.log.statemachine.data.read.timeout = 1000ms (default)
2023-11-06 09:26:48,062 [5f7d9b36-4620-4ba9-8a78-929bd6ddd1f9-groupManagement] INFO  server.RaftServerConfigKeys (ConfUtils.java:logGet(46)) - raft.server.log.purge.preservation.log.num = 0 (default)
2023-11-06 09:26:48,043 [18227f38-d602-4438-971e-c9cd287df9cb-groupManagement] INFO  impl.RoleInfo (RoleInfo.java:updateAndGet(139)) - 18227f38-d602-4438-971e-c9cd287df9cb: start 18227f38-d602-4438-971e-c9cd287df9cb@group-DF79F62058F4-FollowerState
2023-11-06 09:26:48,043 [0e92623e-4dcf-4eff-ae25-f8b8c2de319b-groupManagement] INFO  server.RaftServerConfigKeys (ConfUtils.java:logGet(46)) - raft.server.snapshot.auto.trigger.enabled = true (custom)
2023-11-06 09:26:48,071 [0e92623e-4dcf-4eff-ae25-f8b8c2de319b-groupManagement] INFO  server.RaftServerConfigKeys (ConfUtils.java:logGet(46)) - raft.server.snapshot.auto.trigger.threshold = 10000 (custom)
2023-11-06 09:26:48,071 [0e92623e-4dcf-4eff-ae25-f8b8c2de319b-groupManagement] INFO  server.RaftServerConfigKeys (ConfUtils.java:logGet(46)) - raft.server.snapshot.retention.file.num = 5 (custom)
2023-11-06 09:26:48,071 [0e92623e-4dcf-4eff-ae25-f8b8c2de319b-groupManagement] INFO  server.RaftServerConfigKeys (ConfUtils.java:logGet(46)) - raft.server.log.purge.upto.snapshot.index = false (default)
2023-11-06 09:26:48,071 [18227f38-d602-4438-971e-c9cd287df9cb-groupManagement] INFO  util.JmxRegister (JmxRegister.java:tryRegister(44)) - Successfully registered JMX Bean with object name Ratis:service=RaftServer,group=group-DF79F62058F4,id=18227f38-d602-4438-971e-c9cd287df9cb
2023-11-06 09:26:48,071 [18227f38-d602-4438-971e-c9cd287df9cb-groupManagement] INFO  server.RaftServerConfigKeys (ConfUtils.java:logGet(46)) - raft.server.snapshot.auto.trigger.enabled = true (custom)
2023-11-06 09:26:48,071 [18227f38-d602-4438-971e-c9cd287df9cb-groupManagement] INFO  server.RaftServerConfigKeys (ConfUtils.java:logGet(46)) - raft.server.snapshot.auto.trigger.threshold = 10000 (custom)
2023-11-06 09:26:48,071 [18227f38-d602-4438-971e-c9cd287df9cb-groupManagement] INFO  server.RaftServerConfigKeys (ConfUtils.java:logGet(46)) - raft.server.snapshot.retention.file.num = 5 (custom)
2023-11-06 09:26:48,071 [18227f38-d602-4438-971e-c9cd287df9cb-groupManagement] INFO  server.RaftServerConfigKeys (ConfUtils.java:logGet(46)) - raft.server.log.purge.upto.snapshot.index = false (default)
2023-11-06 09:26:48,072 [5f7d9b36-4620-4ba9-8a78-929bd6ddd1f9-groupManagement] INFO  server.RaftServerConfigKeys (ConfUtils.java:logGet(46)) - raft.server.log.segment.size.max = 1048576 (custom)
2023-11-06 09:26:48,072 [5f7d9b36-4620-4ba9-8a78-929bd6ddd1f9-groupManagement] INFO  server.RaftServerConfigKeys (ConfUtils.java:logGet(46)) - raft.server.log.segment.cache.num.max = 2 (custom)
2023-11-06 09:26:48,072 [5f7d9b36-4620-4ba9-8a78-929bd6ddd1f9-groupManagement] INFO  server.RaftServerConfigKeys (ConfUtils.java:logGet(46)) - raft.server.log.segment.cache.size.max = 200MB (=209715200) (default)
2023-11-06 09:26:48,072 [5f7d9b36-4620-4ba9-8a78-929bd6ddd1f9-groupManagement] INFO  server.RaftServerConfigKeys (ConfUtils.java:logGet(46)) - raft.server.log.appender.buffer.byte-limit = 33554432 (custom)
2023-11-06 09:26:48,072 [5f7d9b36-4620-4ba9-8a78-929bd6ddd1f9-groupManagement] INFO  segmented.SegmentedRaftLogWorker (SegmentedRaftLogWorker.java:<init>(188)) - new 5f7d9b36-4620-4ba9-8a78-929bd6ddd1f9@group-DF79F62058F4-SegmentedRaftLogWorker for RaftStorageImpl:Storage Directory /home/runner/work/ozone/ozone/hadoop-ozone/integration-test/target/test-dir/MiniOzoneClusterImpl-938474ea-96d6-4bd3-a45f-678920fb0bb2/datanode-8/data/ratis/09dbd412-9c40-45dd-ab24-df79f62058f4
2023-11-06 09:26:48,072 [5f7d9b36-4620-4ba9-8a78-929bd6ddd1f9-groupManagement] INFO  server.RaftServerConfigKeys (ConfUtils.java:logGet(46)) - raft.server.log.queue.byte-limit = 4294967296 (custom)
2023-11-06 09:26:48,072 [5f7d9b36-4620-4ba9-8a78-929bd6ddd1f9-groupManagement] INFO  server.RaftServerConfigKeys (ConfUtils.java:logGet(46)) - raft.server.log.queue.element-limit = 1024 (custom)
2023-11-06 09:26:48,072 [5f7d9b36-4620-4ba9-8a78-929bd6ddd1f9-groupManagement] INFO  server.RaftServerConfigKeys (ConfUtils.java:logGet(46)) - raft.server.log.segment.size.max = 1048576 (custom)
2023-11-06 09:26:48,072 [5f7d9b36-4620-4ba9-8a78-929bd6ddd1f9-groupManagement] INFO  server.RaftServerConfigKeys (ConfUtils.java:logGet(46)) - raft.server.log.preallocated.size = 16384 (custom)
2023-11-06 09:26:48,072 [5f7d9b36-4620-4ba9-8a78-929bd6ddd1f9-groupManagement] INFO  server.RaftServerConfigKeys (ConfUtils.java:logGet(46)) - raft.server.log.force.sync.num = 128 (default)
2023-11-06 09:26:48,073 [5f7d9b36-4620-4ba9-8a78-929bd6ddd1f9-groupManagement] INFO  server.RaftServerConfigKeys (ConfUtils.java:logGet(46)) - raft.server.log.statemachine.data.sync = true (default)
2023-11-06 09:26:48,073 [5f7d9b36-4620-4ba9-8a78-929bd6ddd1f9-groupManagement] INFO  server.RaftServerConfigKeys (ConfUtils.java:logGet(46)) - raft.server.log.statemachine.data.sync.timeout = 10s (default)
2023-11-06 09:26:48,073 [5f7d9b36-4620-4ba9-8a78-929bd6ddd1f9-groupManagement] INFO  server.RaftServerConfigKeys (ConfUtils.java:logGet(46)) - raft.server.log.statemachine.data.sync.timeout.retry = -1 (default)
2023-11-06 09:26:48,082 [5f7d9b36-4620-4ba9-8a78-929bd6ddd1f9-groupManagement] INFO  server.RaftServerConfigKeys (ConfUtils.java:logGet(46)) - raft.server.log.write.buffer.size = 1048576 (custom)
2023-11-06 09:26:48,083 [5f7d9b36-4620-4ba9-8a78-929bd6ddd1f9-groupManagement] INFO  server.RaftServerConfigKeys (ConfUtils.java:logGet(46)) - raft.server.log.appender.buffer.byte-limit = 33554432 (custom)
2023-11-06 09:26:48,088 [fedf11b8-0957-422e-880a-91cc26979c7a-PipelineCommandHandlerThread-0] INFO  commandhandler.CreatePipelineCommandHandler (CreatePipelineCommandHandler.java:lambda$handle$2(124)) - Created Pipeline RATIS THREE PipelineID=d6c272c6-0f48-426a-923d-3e664a0854e0.
2023-11-06 09:26:48,088 [fedf11b8-0957-422e-880a-91cc26979c7a-PipelineCommandHandlerThread-0] INFO  server.RaftServer (RaftServerProxy.java:addNew(98)) - fedf11b8-0957-422e-880a-91cc26979c7a: addNew group-0DB81D4FE909:[d9016e39-0130-4fd9-896a-cac3c2785d02|rpc:10.1.0.6:15032|admin:10.1.0.6:15031|client:10.1.0.6:15030|dataStream:10.1.0.6:15033|priority:0|startupRole:FOLLOWER, fedf11b8-0957-422e-880a-91cc26979c7a|rpc:10.1.0.6:15014|admin:10.1.0.6:15013|client:10.1.0.6:15012|dataStream:10.1.0.6:15015|priority:0|startupRole:FOLLOWER, 0eeb79a9-13fd-416c-b2a7-6f654c6b5029|rpc:10.1.0.6:15023|admin:10.1.0.6:15022|client:10.1.0.6:15021|dataStream:10.1.0.6:15024|priority:1|startupRole:FOLLOWER] returns group-0DB81D4FE909:java.util.concurrent.CompletableFuture@3b991ace[Not completed]
2023-11-06 09:26:48,089 [fedf11b8-0957-422e-880a-91cc26979c7a-groupManagement] INFO  server.RaftServer$Division (RaftServerImpl.java:<init>(198)) - fedf11b8-0957-422e-880a-91cc26979c7a: new RaftServerImpl for group-0DB81D4FE909:[d9016e39-0130-4fd9-896a-cac3c2785d02|rpc:10.1.0.6:15032|admin:10.1.0.6:15031|client:10.1.0.6:15030|dataStream:10.1.0.6:15033|priority:0|startupRole:FOLLOWER, fedf11b8-0957-422e-880a-91cc26979c7a|rpc:10.1.0.6:15014|admin:10.1.0.6:15013|client:10.1.0.6:15012|dataStream:10.1.0.6:15015|priority:0|startupRole:FOLLOWER, 0eeb79a9-13fd-416c-b2a7-6f654c6b5029|rpc:10.1.0.6:15023|admin:10.1.0.6:15022|client:10.1.0.6:15021|dataStream:10.1.0.6:15024|priority:1|startupRole:FOLLOWER] with ContainerStateMachine:uninitialized
2023-11-06 09:26:48,089 [fedf11b8-0957-422e-880a-91cc26979c7a-groupManagement] INFO  server.RaftServerConfigKeys (ConfUtils.java:logGet(46)) - raft.server.rpc.timeout.min = 5s (custom)
2023-11-06 09:26:48,089 [fedf11b8-0957-422e-880a-91cc26979c7a-groupManagement] INFO  server.RaftServerConfigKeys (ConfUtils.java:logGet(46)) - raft.server.rpc.timeout.max = 5200ms (custom)
2023-11-06 09:26:48,089 [fedf11b8-0957-422e-880a-91cc26979c7a-groupManagement] INFO  server.RaftServerConfigKeys (ConfUtils.java:logGet(46)) - raft.server.rpc.sleep.time = 25ms (default)
2023-11-06 09:26:48,089 [fedf11b8-0957-422e-880a-91cc26979c7a-groupManagement] INFO  server.RaftServerConfigKeys (ConfUtils.java:logGet(46)) - raft.server.rpc.slowness.timeout = 300s (custom)
2023-11-06 09:26:48,089 [fedf11b8-0957-422e-880a-91cc26979c7a-groupManagement] INFO  server.RaftServerConfigKeys (ConfUtils.java:logGet(46)) - raft.server.leaderelection.leader.step-down.wait-time = 10s (default)
2023-11-06 09:26:48,089 [fedf11b8-0957-422e-880a-91cc26979c7a-groupManagement] INFO  server.RaftServerConfigKeys (ConfUtils.java:logGet(46)) - raft.server.sleep.deviation.threshold = 300ms (default)
2023-11-06 09:26:48,089 [fedf11b8-0957-422e-880a-91cc26979c7a-groupManagement] INFO  server.RaftServer$Division (ServerState.java:<init>(120)) - fedf11b8-0957-422e-880a-91cc26979c7a@group-0DB81D4FE909: ConfigurationManager, init=-1: peers:[d9016e39-0130-4fd9-896a-cac3c2785d02|rpc:10.1.0.6:15032|admin:10.1.0.6:15031|client:10.1.0.6:15030|dataStream:10.1.0.6:15033|priority:0|startupRole:FOLLOWER, fedf11b8-0957-422e-880a-91cc26979c7a|rpc:10.1.0.6:15014|admin:10.1.0.6:15013|client:10.1.0.6:15012|dataStream:10.1.0.6:15015|priority:0|startupRole:FOLLOWER, 0eeb79a9-13fd-416c-b2a7-6f654c6b5029|rpc:10.1.0.6:15023|admin:10.1.0.6:15022|client:10.1.0.6:15021|dataStream:10.1.0.6:15024|priority:1|startupRole:FOLLOWER]|listeners:[], old=null, confs=<EMPTY_MAP>
2023-11-06 09:26:48,089 [fedf11b8-0957-422e-880a-91cc26979c7a-groupManagement] INFO  server.RaftServerConfigKeys (ConfUtils.java:logGet(46)) - raft.server.storage.dir = [/home/runner/work/ozone/ozone/hadoop-ozone/integration-test/target/test-dir/MiniOzoneClusterImpl-938474ea-96d6-4bd3-a45f-678920fb0bb2/datanode-0/data/ratis] (custom)
2023-11-06 09:26:48,090 [fedf11b8-0957-422e-880a-91cc26979c7a-groupManagement] INFO  server.RaftServerConfigKeys (ConfUtils.java:logGet(46)) - raft.server.log.corruption.policy = EXCEPTION (default)
2023-11-06 09:26:48,090 [fedf11b8-0957-422e-880a-91cc26979c7a-groupManagement] INFO  server.RaftServerConfigKeys (ConfUtils.java:logGet(46)) - raft.server.storage.free-space.min = 0MB (=0) (default)
2023-11-06 09:26:48,090 [18227f38-d602-4438-971e-c9cd287df9cb@group-DF79F62058F4-FollowerState] INFO  server.RaftServerConfigKeys (ConfUtils.java:logFallback(53)) - raft.server.rpc.first-election.timeout.min = 5s (fallback to raft.server.rpc.timeout.min)
2023-11-06 09:26:48,090 [18227f38-d602-4438-971e-c9cd287df9cb@group-DF79F62058F4-FollowerState] INFO  server.RaftServerConfigKeys (ConfUtils.java:logFallback(53)) - raft.server.rpc.first-election.timeout.max = 5200ms (fallback to raft.server.rpc.timeout.max)
2023-11-06 09:26:48,090 [18227f38-d602-4438-971e-c9cd287df9cb-PipelineCommandHandlerThread-0] INFO  ratis.XceiverServerRatis (XceiverServerRatis.java:addGroup(805)) - Created group PipelineID=09dbd412-9c40-45dd-ab24-df79f62058f4
2023-11-06 09:26:48,090 [fedf11b8-0957-422e-880a-91cc26979c7a-groupManagement] INFO  server.RaftServerConfigKeys (ConfUtils.java:logGet(46)) - raft.server.notification.no-leader.timeout = 300s (custom)
2023-11-06 09:26:48,091 [fedf11b8-0957-422e-880a-91cc26979c7a-groupManagement] INFO  server.RaftServerConfigKeys (ConfUtils.java:logGet(46)) - raft.server.read.timeout = 10s (default)
2023-11-06 09:26:48,091 [fedf11b8-0957-422e-880a-91cc26979c7a-groupManagement] INFO  server.RaftServerConfigKeys (ConfUtils.java:logGet(46)) - raft.server.retrycache.expirytime = 600000ms (custom)
2023-11-06 09:26:48,091 [fedf11b8-0957-422e-880a-91cc26979c7a-groupManagement] INFO  server.RaftServerConfigKeys (ConfUtils.java:logGet(46)) - raft.server.retrycache.statistics.expirytime = 100μs (default)
2023-11-06 09:26:48,091 [fedf11b8-0957-422e-880a-91cc26979c7a-groupManagement] INFO  server.RaftServerConfigKeys (ConfUtils.java:logGet(46)) - raft.server.read.option = DEFAULT (default)
2023-11-06 09:26:48,092 [fedf11b8-0957-422e-880a-91cc26979c7a-groupManagement] INFO  server.RaftServerConfigKeys (ConfUtils.java:logGet(46)) - raft.server.rpc.request.timeout = 60s (custom)
2023-11-06 09:26:48,093 [fedf11b8-0957-422e-880a-91cc26979c7a-groupManagement] INFO  server.RaftServerConfigKeys (ConfUtils.java:logGet(46)) - raft.server.log.appender.install.snapshot.enabled = false (custom)
2023-11-06 09:26:48,093 [fedf11b8-0957-422e-880a-91cc26979c7a-groupManagement] INFO  server.RaftServerConfigKeys (ConfUtils.java:logGet(46)) - raft.server.threadpool.server.cached = true (default)
2023-11-06 09:26:48,093 [fedf11b8-0957-422e-880a-91cc26979c7a-groupManagement] INFO  server.RaftServerConfigKeys (ConfUtils.java:logGet(46)) - raft.server.threadpool.server.size = 0 (default)
2023-11-06 09:26:48,093 [fedf11b8-0957-422e-880a-91cc26979c7a-groupManagement] INFO  server.RaftServerConfigKeys (ConfUtils.java:logGet(46)) - raft.server.threadpool.client.cached = true (default)
2023-11-06 09:26:48,093 [fedf11b8-0957-422e-880a-91cc26979c7a-groupManagement] INFO  server.RaftServerConfigKeys (ConfUtils.java:logGet(46)) - raft.server.threadpool.client.size = 0 (default)
2023-11-06 09:26:48,094 [fedf11b8-0957-422e-880a-91cc26979c7a-groupManagement] INFO  storage.RaftStorageDirectory (RaftStorageDirectoryImpl.java:analyzeStorage(137)) - The storage directory /home/runner/work/ozone/ozone/hadoop-ozone/integration-test/target/test-dir/MiniOzoneClusterImpl-938474ea-96d6-4bd3-a45f-678920fb0bb2/datanode-0/data/ratis/15f9db0e-4f6c-4380-b94d-0db81d4fe909 does not exist. Creating ...
2023-11-06 09:26:48,095 [fedf11b8-0957-422e-880a-91cc26979c7a-groupManagement] INFO  storage.RaftStorageDirectory (RaftStorageDirectoryImpl.java:tryLock(231)) - Lock on /home/runner/work/ozone/ozone/hadoop-ozone/integration-test/target/test-dir/MiniOzoneClusterImpl-938474ea-96d6-4bd3-a45f-678920fb0bb2/datanode-0/data/ratis/15f9db0e-4f6c-4380-b94d-0db81d4fe909/in_use.lock acquired by nodename 20533@fv-az241-347
2023-11-06 09:26:48,096 [fedf11b8-0957-422e-880a-91cc26979c7a-groupManagement] INFO  storage.RaftStorage (RaftStorageImpl.java:format(96)) - Storage directory /home/runner/work/ozone/ozone/hadoop-ozone/integration-test/target/test-dir/MiniOzoneClusterImpl-938474ea-96d6-4bd3-a45f-678920fb0bb2/datanode-0/data/ratis/15f9db0e-4f6c-4380-b94d-0db81d4fe909 has been successfully formatted.
2023-11-06 09:26:48,098 [5f7d9b36-4620-4ba9-8a78-929bd6ddd1f9-groupManagement] INFO  server.RaftServerConfigKeys (ConfUtils.java:logGet(46)) - raft.server.log.unsafe-flush.enabled = false (default)
2023-11-06 09:26:48,098 [5f7d9b36-4620-4ba9-8a78-929bd6ddd1f9-groupManagement] INFO  server.RaftServerConfigKeys (ConfUtils.java:logGet(46)) - raft.server.log.async-flush.enabled = false (default)
2023-11-06 09:26:48,099 [5f7d9b36-4620-4ba9-8a78-929bd6ddd1f9-groupManagement] INFO  server.RaftServerConfigKeys (ConfUtils.java:logGet(46)) - raft.server.log.statemachine.data.caching.enabled = true (custom)
2023-11-06 09:26:48,100 [0e92623e-4dcf-4eff-ae25-f8b8c2de319b-PipelineCommandHandlerThread-0] INFO  ratis.XceiverServerRatis (XceiverServerRatis.java:addGroup(805)) - Created group PipelineID=7117164c-cd12-410d-8962-d7f06cc11252
2023-11-06 09:26:48,109 [0e92623e-4dcf-4eff-ae25-f8b8c2de319b-PipelineCommandHandlerThread-0] INFO  commandhandler.CreatePipelineCommandHandler (CreatePipelineCommandHandler.java:lambda$handle$2(124)) - Created Pipeline RATIS ONE PipelineID=7117164c-cd12-410d-8962-d7f06cc11252.
2023-11-06 09:26:48,104 [d9016e39-0130-4fd9-896a-cac3c2785d02-PipelineCommandHandlerThread-0] INFO  commandhandler.CreatePipelineCommandHandler (CreatePipelineCommandHandler.java:lambda$handle$2(124)) - Created Pipeline RATIS THREE PipelineID=d6c272c6-0f48-426a-923d-3e664a0854e0.
2023-11-06 09:26:48,109 [d9016e39-0130-4fd9-896a-cac3c2785d02-PipelineCommandHandlerThread-0] INFO  server.RaftServer (RaftServerProxy.java:addNew(98)) - d9016e39-0130-4fd9-896a-cac3c2785d02: addNew group-0DB81D4FE909:[d9016e39-0130-4fd9-896a-cac3c2785d02|rpc:10.1.0.6:15032|admin:10.1.0.6:15031|client:10.1.0.6:15030|dataStream:10.1.0.6:15033|priority:0|startupRole:FOLLOWER, fedf11b8-0957-422e-880a-91cc26979c7a|rpc:10.1.0.6:15014|admin:10.1.0.6:15013|client:10.1.0.6:15012|dataStream:10.1.0.6:15015|priority:0|startupRole:FOLLOWER, 0eeb79a9-13fd-416c-b2a7-6f654c6b5029|rpc:10.1.0.6:15023|admin:10.1.0.6:15022|client:10.1.0.6:15021|dataStream:10.1.0.6:15024|priority:1|startupRole:FOLLOWER] returns group-0DB81D4FE909:java.util.concurrent.CompletableFuture@1f7d035a[Not completed]
2023-11-06 09:26:48,110 [d9016e39-0130-4fd9-896a-cac3c2785d02-groupManagement] INFO  server.RaftServer$Division (RaftServerImpl.java:<init>(198)) - d9016e39-0130-4fd9-896a-cac3c2785d02: new RaftServerImpl for group-0DB81D4FE909:[d9016e39-0130-4fd9-896a-cac3c2785d02|rpc:10.1.0.6:15032|admin:10.1.0.6:15031|client:10.1.0.6:15030|dataStream:10.1.0.6:15033|priority:0|startupRole:FOLLOWER, fedf11b8-0957-422e-880a-91cc26979c7a|rpc:10.1.0.6:15014|admin:10.1.0.6:15013|client:10.1.0.6:15012|dataStream:10.1.0.6:15015|priority:0|startupRole:FOLLOWER, 0eeb79a9-13fd-416c-b2a7-6f654c6b5029|rpc:10.1.0.6:15023|admin:10.1.0.6:15022|client:10.1.0.6:15021|dataStream:10.1.0.6:15024|priority:1|startupRole:FOLLOWER] with ContainerStateMachine:uninitialized
2023-11-06 09:26:48,110 [d9016e39-0130-4fd9-896a-cac3c2785d02-groupManagement] INFO  server.RaftServerConfigKeys (ConfUtils.java:logGet(46)) - raft.server.rpc.timeout.min = 5s (custom)
2023-11-06 09:26:48,110 [d9016e39-0130-4fd9-896a-cac3c2785d02-groupManagement] INFO  server.RaftServerConfigKeys (ConfUtils.java:logGet(46)) - raft.server.rpc.timeout.max = 5200ms (custom)
2023-11-06 09:26:48,110 [d9016e39-0130-4fd9-896a-cac3c2785d02-groupManagement] INFO  server.RaftServerConfigKeys (ConfUtils.java:logGet(46)) - raft.server.rpc.sleep.time = 25ms (default)
2023-11-06 09:26:48,110 [d9016e39-0130-4fd9-896a-cac3c2785d02-groupManagement] INFO  server.RaftServerConfigKeys (ConfUtils.java:logGet(46)) - raft.server.rpc.slowness.timeout = 300s (custom)
2023-11-06 09:26:48,110 [d9016e39-0130-4fd9-896a-cac3c2785d02-groupManagement] INFO  server.RaftServerConfigKeys (ConfUtils.java:logGet(46)) - raft.server.leaderelection.leader.step-down.wait-time = 10s (default)
2023-11-06 09:26:48,111 [d9016e39-0130-4fd9-896a-cac3c2785d02-groupManagement] INFO  server.RaftServerConfigKeys (ConfUtils.java:logGet(46)) - raft.server.sleep.deviation.threshold = 300ms (default)
2023-11-06 09:26:48,111 [d9016e39-0130-4fd9-896a-cac3c2785d02-groupManagement] INFO  server.RaftServer$Division (ServerState.java:<init>(120)) - d9016e39-0130-4fd9-896a-cac3c2785d02@group-0DB81D4FE909: ConfigurationManager, init=-1: peers:[d9016e39-0130-4fd9-896a-cac3c2785d02|rpc:10.1.0.6:15032|admin:10.1.0.6:15031|client:10.1.0.6:15030|dataStream:10.1.0.6:15033|priority:0|startupRole:FOLLOWER, fedf11b8-0957-422e-880a-91cc26979c7a|rpc:10.1.0.6:15014|admin:10.1.0.6:15013|client:10.1.0.6:15012|dataStream:10.1.0.6:15015|priority:0|startupRole:FOLLOWER, 0eeb79a9-13fd-416c-b2a7-6f654c6b5029|rpc:10.1.0.6:15023|admin:10.1.0.6:15022|client:10.1.0.6:15021|dataStream:10.1.0.6:15024|priority:1|startupRole:FOLLOWER]|listeners:[], old=null, confs=<EMPTY_MAP>
2023-11-06 09:26:48,111 [d9016e39-0130-4fd9-896a-cac3c2785d02-groupManagement] INFO  server.RaftServerConfigKeys (ConfUtils.java:logGet(46)) - raft.server.storage.dir = [/home/runner/work/ozone/ozone/hadoop-ozone/integration-test/target/test-dir/MiniOzoneClusterImpl-938474ea-96d6-4bd3-a45f-678920fb0bb2/datanode-2/data/ratis] (custom)
2023-11-06 09:26:48,111 [d9016e39-0130-4fd9-896a-cac3c2785d02-groupManagement] INFO  server.RaftServerConfigKeys (ConfUtils.java:logGet(46)) - raft.server.log.corruption.policy = EXCEPTION (default)
2023-11-06 09:26:48,111 [d9016e39-0130-4fd9-896a-cac3c2785d02-groupManagement] INFO  server.RaftServerConfigKeys (ConfUtils.java:logGet(46)) - raft.server.storage.free-space.min = 0MB (=0) (default)
2023-11-06 09:26:48,111 [d9016e39-0130-4fd9-896a-cac3c2785d02-groupManagement] INFO  server.RaftServerConfigKeys (ConfUtils.java:logGet(46)) - raft.server.notification.no-leader.timeout = 300s (custom)
2023-11-06 09:26:48,111 [d9016e39-0130-4fd9-896a-cac3c2785d02-groupManagement] INFO  server.RaftServerConfigKeys (ConfUtils.java:logGet(46)) - raft.server.read.timeout = 10s (default)
2023-11-06 09:26:48,111 [d9016e39-0130-4fd9-896a-cac3c2785d02-groupManagement] INFO  server.RaftServerConfigKeys (ConfUtils.java:logGet(46)) - raft.server.retrycache.expirytime = 600000ms (custom)
2023-11-06 09:26:48,111 [d9016e39-0130-4fd9-896a-cac3c2785d02-groupManagement] INFO  server.RaftServerConfigKeys (ConfUtils.java:logGet(46)) - raft.server.retrycache.statistics.expirytime = 100μs (default)
2023-11-06 09:26:48,104 [fedf11b8-0957-422e-880a-91cc26979c7a-groupManagement] INFO  ratis.ContainerStateMachine (ContainerStateMachine.java:loadSnapshot(269)) - group-0DB81D4FE909: The snapshot info is null. Setting the last applied indexto:(t:0, i:~)
2023-11-06 09:26:48,111 [fedf11b8-0957-422e-880a-91cc26979c7a-groupManagement] INFO  server.RaftServerConfigKeys (ConfUtils.java:logGet(46)) - raft.server.log.use.memory = false (default)
2023-11-06 09:26:48,112 [fedf11b8-0957-422e-880a-91cc26979c7a-groupManagement] INFO  server.RaftServerConfigKeys (ConfUtils.java:logGet(46)) - raft.server.log.purge.gap = 1000000 (custom)
2023-11-06 09:26:48,112 [fedf11b8-0957-422e-880a-91cc26979c7a-groupManagement] INFO  server.RaftServerConfigKeys (ConfUtils.java:logGet(46)) - raft.server.log.appender.buffer.byte-limit = 33554432 (custom)
2023-11-06 09:26:48,113 [fedf11b8-0957-422e-880a-91cc26979c7a-groupManagement] INFO  server.RaftServerConfigKeys (ConfUtils.java:logGet(46)) - raft.server.log.statemachine.data.read.timeout = 1000ms (default)
2023-11-06 09:26:48,113 [fedf11b8-0957-422e-880a-91cc26979c7a-groupManagement] INFO  server.RaftServerConfigKeys (ConfUtils.java:logGet(46)) - raft.server.log.purge.preservation.log.num = 0 (default)
2023-11-06 09:26:48,114 [fedf11b8-0957-422e-880a-91cc26979c7a-groupManagement] INFO  server.RaftServerConfigKeys (ConfUtils.java:logGet(46)) - raft.server.log.segment.size.max = 1048576 (custom)
2023-11-06 09:26:48,114 [fedf11b8-0957-422e-880a-91cc26979c7a-groupManagement] INFO  server.RaftServerConfigKeys (ConfUtils.java:logGet(46)) - raft.server.log.segment.cache.num.max = 2 (custom)
2023-11-06 09:26:48,114 [fedf11b8-0957-422e-880a-91cc26979c7a-groupManagement] INFO  server.RaftServerConfigKeys (ConfUtils.java:logGet(46)) - raft.server.log.segment.cache.size.max = 200MB (=209715200) (default)
2023-11-06 09:26:48,114 [fedf11b8-0957-422e-880a-91cc26979c7a-groupManagement] INFO  server.RaftServerConfigKeys (ConfUtils.java:logGet(46)) - raft.server.log.appender.buffer.byte-limit = 33554432 (custom)
2023-11-06 09:26:48,114 [fedf11b8-0957-422e-880a-91cc26979c7a-groupManagement] INFO  segmented.SegmentedRaftLogWorker (SegmentedRaftLogWorker.java:<init>(188)) - new fedf11b8-0957-422e-880a-91cc26979c7a@group-0DB81D4FE909-SegmentedRaftLogWorker for RaftStorageImpl:Storage Directory /home/runner/work/ozone/ozone/hadoop-ozone/integration-test/target/test-dir/MiniOzoneClusterImpl-938474ea-96d6-4bd3-a45f-678920fb0bb2/datanode-0/data/ratis/15f9db0e-4f6c-4380-b94d-0db81d4fe909
2023-11-06 09:26:48,114 [fedf11b8-0957-422e-880a-91cc26979c7a-groupManagement] INFO  server.RaftServerConfigKeys (ConfUtils.java:logGet(46)) - raft.server.log.queue.byte-limit = 4294967296 (custom)
2023-11-06 09:26:48,114 [fedf11b8-0957-422e-880a-91cc26979c7a-groupManagement] INFO  server.RaftServerConfigKeys (ConfUtils.java:logGet(46)) - raft.server.log.queue.element-limit = 1024 (custom)
2023-11-06 09:26:48,114 [fedf11b8-0957-422e-880a-91cc26979c7a-groupManagement] INFO  server.RaftServerConfigKeys (ConfUtils.java:logGet(46)) - raft.server.log.segment.size.max = 1048576 (custom)
2023-11-06 09:26:48,114 [fedf11b8-0957-422e-880a-91cc26979c7a-groupManagement] INFO  server.RaftServerConfigKeys (ConfUtils.java:logGet(46)) - raft.server.log.preallocated.size = 16384 (custom)
2023-11-06 09:26:48,114 [fedf11b8-0957-422e-880a-91cc26979c7a-groupManagement] INFO  server.RaftServerConfigKeys (ConfUtils.java:logGet(46)) - raft.server.log.force.sync.num = 128 (default)
2023-11-06 09:26:48,114 [fedf11b8-0957-422e-880a-91cc26979c7a-groupManagement] INFO  server.RaftServerConfigKeys (ConfUtils.java:logGet(46)) - raft.server.log.statemachine.data.sync = true (default)
2023-11-06 09:26:48,114 [fedf11b8-0957-422e-880a-91cc26979c7a-groupManagement] INFO  server.RaftServerConfigKeys (ConfUtils.java:logGet(46)) - raft.server.log.statemachine.data.sync.timeout = 10s (default)
2023-11-06 09:26:48,115 [fedf11b8-0957-422e-880a-91cc26979c7a-groupManagement] INFO  server.RaftServerConfigKeys (ConfUtils.java:logGet(46)) - raft.server.log.statemachine.data.sync.timeout.retry = -1 (default)
2023-11-06 09:26:48,115 [fedf11b8-0957-422e-880a-91cc26979c7a-groupManagement] INFO  server.RaftServerConfigKeys (ConfUtils.java:logGet(46)) - raft.server.log.write.buffer.size = 1048576 (custom)
2023-11-06 09:26:48,100 [5f7d9b36-4620-4ba9-8a78-929bd6ddd1f9-groupManagement] INFO  segmented.SegmentedRaftLogWorker (SegmentedRaftLogWorker.java:lambda$new$0(135)) - 5f7d9b36-4620-4ba9-8a78-929bd6ddd1f9@group-DF79F62058F4-SegmentedRaftLogWorker: flushIndex: setUnconditionally 0 -> -1
2023-11-06 09:26:48,111 [d9016e39-0130-4fd9-896a-cac3c2785d02-groupManagement] INFO  server.RaftServerConfigKeys (ConfUtils.java:logGet(46)) - raft.server.read.option = DEFAULT (default)
2023-11-06 09:26:48,117 [EventQueue-OpenPipelineForHealthyPipelineSafeModeRule] INFO  safemode.SCMSafeModeManager (HealthyPipelineSafeModeRule.java:process(137)) - SCM in safe mode. Healthy pipelines reported count is 0, required healthy pipeline reported count is 1
2023-11-06 09:26:48,117 [d9016e39-0130-4fd9-896a-cac3c2785d02-groupManagement] INFO  server.RaftServerConfigKeys (ConfUtils.java:logGet(46)) - raft.server.rpc.request.timeout = 60s (custom)
2023-11-06 09:26:48,117 [d9016e39-0130-4fd9-896a-cac3c2785d02-groupManagement] INFO  server.RaftServerConfigKeys (ConfUtils.java:logGet(46)) - raft.server.log.appender.install.snapshot.enabled = false (custom)
2023-11-06 09:26:48,117 [d9016e39-0130-4fd9-896a-cac3c2785d02-groupManagement] INFO  server.RaftServerConfigKeys (ConfUtils.java:logGet(46)) - raft.server.threadpool.server.cached = true (default)
2023-11-06 09:26:48,117 [d9016e39-0130-4fd9-896a-cac3c2785d02-groupManagement] INFO  server.RaftServerConfigKeys (ConfUtils.java:logGet(46)) - raft.server.threadpool.server.size = 0 (default)
2023-11-06 09:26:48,118 [d9016e39-0130-4fd9-896a-cac3c2785d02-groupManagement] INFO  server.RaftServerConfigKeys (ConfUtils.java:logGet(46)) - raft.server.threadpool.client.cached = true (default)
2023-11-06 09:26:48,118 [d9016e39-0130-4fd9-896a-cac3c2785d02-groupManagement] INFO  server.RaftServerConfigKeys (ConfUtils.java:logGet(46)) - raft.server.threadpool.client.size = 0 (default)
2023-11-06 09:26:48,118 [d9016e39-0130-4fd9-896a-cac3c2785d02-groupManagement] INFO  storage.RaftStorageDirectory (RaftStorageDirectoryImpl.java:analyzeStorage(137)) - The storage directory /home/runner/work/ozone/ozone/hadoop-ozone/integration-test/target/test-dir/MiniOzoneClusterImpl-938474ea-96d6-4bd3-a45f-678920fb0bb2/datanode-2/data/ratis/15f9db0e-4f6c-4380-b94d-0db81d4fe909 does not exist. Creating ...
2023-11-06 09:26:48,118 [5f7d9b36-4620-4ba9-8a78-929bd6ddd1f9-groupManagement] INFO  segmented.SegmentedRaftLogWorker (SegmentedRaftLogWorker.java:lambda$new$0(135)) - 5f7d9b36-4620-4ba9-8a78-929bd6ddd1f9@group-DF79F62058F4-SegmentedRaftLogWorker: safeCacheEvictIndex: setUnconditionally 0 -> -1
2023-11-06 09:26:48,119 [fedf11b8-0957-422e-880a-91cc26979c7a-groupManagement] INFO  server.RaftServerConfigKeys (ConfUtils.java:logGet(46)) - raft.server.log.appender.buffer.byte-limit = 33554432 (custom)
2023-11-06 09:26:48,119 [d9016e39-0130-4fd9-896a-cac3c2785d02-groupManagement] INFO  storage.RaftStorageDirectory (RaftStorageDirectoryImpl.java:tryLock(231)) - Lock on /home/runner/work/ozone/ozone/hadoop-ozone/integration-test/target/test-dir/MiniOzoneClusterImpl-938474ea-96d6-4bd3-a45f-678920fb0bb2/datanode-2/data/ratis/15f9db0e-4f6c-4380-b94d-0db81d4fe909/in_use.lock acquired by nodename 20533@fv-az241-347
2023-11-06 09:26:48,121 [d9016e39-0130-4fd9-896a-cac3c2785d02-groupManagement] INFO  storage.RaftStorage (RaftStorageImpl.java:format(96)) - Storage directory /home/runner/work/ozone/ozone/hadoop-ozone/integration-test/target/test-dir/MiniOzoneClusterImpl-938474ea-96d6-4bd3-a45f-678920fb0bb2/datanode-2/data/ratis/15f9db0e-4f6c-4380-b94d-0db81d4fe909 has been successfully formatted.
2023-11-06 09:26:48,131 [d9016e39-0130-4fd9-896a-cac3c2785d02-groupManagement] INFO  ratis.ContainerStateMachine (ContainerStateMachine.java:loadSnapshot(269)) - group-0DB81D4FE909: The snapshot info is null. Setting the last applied indexto:(t:0, i:~)
2023-11-06 09:26:48,131 [d9016e39-0130-4fd9-896a-cac3c2785d02-groupManagement] INFO  server.RaftServerConfigKeys (ConfUtils.java:logGet(46)) - raft.server.log.use.memory = false (default)
2023-11-06 09:26:48,131 [d9016e39-0130-4fd9-896a-cac3c2785d02-groupManagement] INFO  server.RaftServerConfigKeys (ConfUtils.java:logGet(46)) - raft.server.log.purge.gap = 1000000 (custom)
2023-11-06 09:26:48,131 [d9016e39-0130-4fd9-896a-cac3c2785d02-groupManagement] INFO  server.RaftServerConfigKeys (ConfUtils.java:logGet(46)) - raft.server.log.appender.buffer.byte-limit = 33554432 (custom)
2023-11-06 09:26:48,131 [d9016e39-0130-4fd9-896a-cac3c2785d02-groupManagement] INFO  server.RaftServerConfigKeys (ConfUtils.java:logGet(46)) - raft.server.log.statemachine.data.read.timeout = 1000ms (default)
2023-11-06 09:26:48,131 [d9016e39-0130-4fd9-896a-cac3c2785d02-groupManagement] INFO  server.RaftServerConfigKeys (ConfUtils.java:logGet(46)) - raft.server.log.purge.preservation.log.num = 0 (default)
2023-11-06 09:26:48,131 [d9016e39-0130-4fd9-896a-cac3c2785d02-groupManagement] INFO  server.RaftServerConfigKeys (ConfUtils.java:logGet(46)) - raft.server.log.segment.size.max = 1048576 (custom)
2023-11-06 09:26:48,132 [d9016e39-0130-4fd9-896a-cac3c2785d02-groupManagement] INFO  server.RaftServerConfigKeys (ConfUtils.java:logGet(46)) - raft.server.log.segment.cache.num.max = 2 (custom)
2023-11-06 09:26:48,132 [d9016e39-0130-4fd9-896a-cac3c2785d02-groupManagement] INFO  server.RaftServerConfigKeys (ConfUtils.java:logGet(46)) - raft.server.log.segment.cache.size.max = 200MB (=209715200) (default)
2023-11-06 09:26:48,132 [d9016e39-0130-4fd9-896a-cac3c2785d02-groupManagement] INFO  server.RaftServerConfigKeys (ConfUtils.java:logGet(46)) - raft.server.log.appender.buffer.byte-limit = 33554432 (custom)
2023-11-06 09:26:48,132 [d9016e39-0130-4fd9-896a-cac3c2785d02-groupManagement] INFO  segmented.SegmentedRaftLogWorker (SegmentedRaftLogWorker.java:<init>(188)) - new d9016e39-0130-4fd9-896a-cac3c2785d02@group-0DB81D4FE909-SegmentedRaftLogWorker for RaftStorageImpl:Storage Directory /home/runner/work/ozone/ozone/hadoop-ozone/integration-test/target/test-dir/MiniOzoneClusterImpl-938474ea-96d6-4bd3-a45f-678920fb0bb2/datanode-2/data/ratis/15f9db0e-4f6c-4380-b94d-0db81d4fe909
2023-11-06 09:26:48,132 [d9016e39-0130-4fd9-896a-cac3c2785d02-groupManagement] INFO  server.RaftServerConfigKeys (ConfUtils.java:logGet(46)) - raft.server.log.queue.byte-limit = 4294967296 (custom)
2023-11-06 09:26:48,132 [d9016e39-0130-4fd9-896a-cac3c2785d02-groupManagement] INFO  server.RaftServerConfigKeys (ConfUtils.java:logGet(46)) - raft.server.log.queue.element-limit = 1024 (custom)
2023-11-06 09:26:48,132 [d9016e39-0130-4fd9-896a-cac3c2785d02-groupManagement] INFO  server.RaftServerConfigKeys (ConfUtils.java:logGet(46)) - raft.server.log.segment.size.max = 1048576 (custom)
2023-11-06 09:26:48,132 [d9016e39-0130-4fd9-896a-cac3c2785d02-groupManagement] INFO  server.RaftServerConfigKeys (ConfUtils.java:logGet(46)) - raft.server.log.preallocated.size = 16384 (custom)
2023-11-06 09:26:48,132 [d9016e39-0130-4fd9-896a-cac3c2785d02-groupManagement] INFO  server.RaftServerConfigKeys (ConfUtils.java:logGet(46)) - raft.server.log.force.sync.num = 128 (default)
2023-11-06 09:26:48,132 [d9016e39-0130-4fd9-896a-cac3c2785d02-groupManagement] INFO  server.RaftServerConfigKeys (ConfUtils.java:logGet(46)) - raft.server.log.statemachine.data.sync = true (default)
2023-11-06 09:26:48,132 [d9016e39-0130-4fd9-896a-cac3c2785d02-groupManagement] INFO  server.RaftServerConfigKeys (ConfUtils.java:logGet(46)) - raft.server.log.statemachine.data.sync.timeout = 10s (default)
2023-11-06 09:26:48,132 [d9016e39-0130-4fd9-896a-cac3c2785d02-groupManagement] INFO  server.RaftServerConfigKeys (ConfUtils.java:logGet(46)) - raft.server.log.statemachine.data.sync.timeout.retry = -1 (default)
2023-11-06 09:26:48,134 [EventQueue-OpenPipelineForHealthyPipelineSafeModeRule] INFO  safemode.SCMSafeModeManager (HealthyPipelineSafeModeRule.java:process(137)) - SCM in safe mode. Healthy pipelines reported count is 0, required healthy pipeline reported count is 1
2023-11-06 09:26:48,135 [d9016e39-0130-4fd9-896a-cac3c2785d02-groupManagement] INFO  server.RaftServerConfigKeys (ConfUtils.java:logGet(46)) - raft.server.log.write.buffer.size = 1048576 (custom)
2023-11-06 09:26:48,135 [d9016e39-0130-4fd9-896a-cac3c2785d02-groupManagement] INFO  server.RaftServerConfigKeys (ConfUtils.java:logGet(46)) - raft.server.log.appender.buffer.byte-limit = 33554432 (custom)
2023-11-06 09:26:48,140 [d9016e39-0130-4fd9-896a-cac3c2785d02-groupManagement] INFO  server.RaftServerConfigKeys (ConfUtils.java:logGet(46)) - raft.server.log.unsafe-flush.enabled = false (default)
2023-11-06 09:26:48,140 [d9016e39-0130-4fd9-896a-cac3c2785d02-groupManagement] INFO  server.RaftServerConfigKeys (ConfUtils.java:logGet(46)) - raft.server.log.async-flush.enabled = false (default)
2023-11-06 09:26:48,140 [d9016e39-0130-4fd9-896a-cac3c2785d02-groupManagement] INFO  server.RaftServerConfigKeys (ConfUtils.java:logGet(46)) - raft.server.log.statemachine.data.caching.enabled = true (custom)
2023-11-06 09:26:48,140 [d9016e39-0130-4fd9-896a-cac3c2785d02-groupManagement] INFO  segmented.SegmentedRaftLogWorker (SegmentedRaftLogWorker.java:lambda$new$0(135)) - d9016e39-0130-4fd9-896a-cac3c2785d02@group-0DB81D4FE909-SegmentedRaftLogWorker: flushIndex: setUnconditionally 0 -> -1
2023-11-06 09:26:48,140 [d9016e39-0130-4fd9-896a-cac3c2785d02-groupManagement] INFO  segmented.SegmentedRaftLogWorker (SegmentedRaftLogWorker.java:lambda$new$0(135)) - d9016e39-0130-4fd9-896a-cac3c2785d02@group-0DB81D4FE909-SegmentedRaftLogWorker: safeCacheEvictIndex: setUnconditionally 0 -> -1
2023-11-06 09:26:48,141 [5f7d9b36-4620-4ba9-8a78-929bd6ddd1f9-groupManagement] INFO  server.RaftServer$Division (RaftServerImpl.java:start(342)) - 5f7d9b36-4620-4ba9-8a78-929bd6ddd1f9@group-DF79F62058F4: start as a follower, conf=-1: peers:[92ba0aed-1dcc-4895-b5bb-fc45f440be2e|rpc:10.1.0.6:15068|admin:10.1.0.6:15067|client:10.1.0.6:15066|dataStream:10.1.0.6:15069|priority:0|startupRole:FOLLOWER, 18227f38-d602-4438-971e-c9cd287df9cb|rpc:10.1.0.6:15077|admin:10.1.0.6:15076|client:10.1.0.6:15075|dataStream:10.1.0.6:15078|priority:0|startupRole:FOLLOWER, 5f7d9b36-4620-4ba9-8a78-929bd6ddd1f9|rpc:10.1.0.6:15086|admin:10.1.0.6:15085|client:10.1.0.6:15084|dataStream:10.1.0.6:15087|priority:1|startupRole:FOLLOWER]|listeners:[], old=null
2023-11-06 09:26:48,141 [5f7d9b36-4620-4ba9-8a78-929bd6ddd1f9-groupManagement] INFO  server.RaftServer$Division (RaftServerImpl.java:setRole(329)) - 5f7d9b36-4620-4ba9-8a78-929bd6ddd1f9@group-DF79F62058F4: changes role from      null to FOLLOWER at term 0 for startAsFollower
2023-11-06 09:26:48,141 [5f7d9b36-4620-4ba9-8a78-929bd6ddd1f9-groupManagement] INFO  impl.RoleInfo (RoleInfo.java:updateAndGet(139)) - 5f7d9b36-4620-4ba9-8a78-929bd6ddd1f9: start 5f7d9b36-4620-4ba9-8a78-929bd6ddd1f9@group-DF79F62058F4-FollowerState
2023-11-06 09:26:48,142 [fedf11b8-0957-422e-880a-91cc26979c7a-groupManagement] INFO  server.RaftServerConfigKeys (ConfUtils.java:logGet(46)) - raft.server.log.unsafe-flush.enabled = false (default)
2023-11-06 09:26:48,142 [fedf11b8-0957-422e-880a-91cc26979c7a-groupManagement] INFO  server.RaftServerConfigKeys (ConfUtils.java:logGet(46)) - raft.server.log.async-flush.enabled = false (default)
2023-11-06 09:26:48,142 [fedf11b8-0957-422e-880a-91cc26979c7a-groupManagement] INFO  server.RaftServerConfigKeys (ConfUtils.java:logGet(46)) - raft.server.log.statemachine.data.caching.enabled = true (custom)
2023-11-06 09:26:48,143 [fedf11b8-0957-422e-880a-91cc26979c7a-groupManagement] INFO  segmented.SegmentedRaftLogWorker (SegmentedRaftLogWorker.java:lambda$new$0(135)) - fedf11b8-0957-422e-880a-91cc26979c7a@group-0DB81D4FE909-SegmentedRaftLogWorker: flushIndex: setUnconditionally 0 -> -1
2023-11-06 09:26:48,143 [fedf11b8-0957-422e-880a-91cc26979c7a-groupManagement] INFO  segmented.SegmentedRaftLogWorker (SegmentedRaftLogWorker.java:lambda$new$0(135)) - fedf11b8-0957-422e-880a-91cc26979c7a@group-0DB81D4FE909-SegmentedRaftLogWorker: safeCacheEvictIndex: setUnconditionally 0 -> -1
2023-11-06 09:26:48,144 [5f7d9b36-4620-4ba9-8a78-929bd6ddd1f9@group-DF79F62058F4-FollowerState] INFO  server.RaftServerConfigKeys (ConfUtils.java:logFallback(53)) - raft.server.rpc.first-election.timeout.min = 5s (fallback to raft.server.rpc.timeout.min)
2023-11-06 09:26:48,144 [5f7d9b36-4620-4ba9-8a78-929bd6ddd1f9@group-DF79F62058F4-FollowerState] INFO  server.RaftServerConfigKeys (ConfUtils.java:logFallback(53)) - raft.server.rpc.first-election.timeout.max = 5200ms (fallback to raft.server.rpc.timeout.max)
2023-11-06 09:26:48,145 [d9016e39-0130-4fd9-896a-cac3c2785d02-groupManagement] INFO  server.RaftServer$Division (RaftServerImpl.java:start(342)) - d9016e39-0130-4fd9-896a-cac3c2785d02@group-0DB81D4FE909: start as a follower, conf=-1: peers:[d9016e39-0130-4fd9-896a-cac3c2785d02|rpc:10.1.0.6:15032|admin:10.1.0.6:15031|client:10.1.0.6:15030|dataStream:10.1.0.6:15033|priority:0|startupRole:FOLLOWER, fedf11b8-0957-422e-880a-91cc26979c7a|rpc:10.1.0.6:15014|admin:10.1.0.6:15013|client:10.1.0.6:15012|dataStream:10.1.0.6:15015|priority:0|startupRole:FOLLOWER, 0eeb79a9-13fd-416c-b2a7-6f654c6b5029|rpc:10.1.0.6:15023|admin:10.1.0.6:15022|client:10.1.0.6:15021|dataStream:10.1.0.6:15024|priority:1|startupRole:FOLLOWER]|listeners:[], old=null
2023-11-06 09:26:48,145 [d9016e39-0130-4fd9-896a-cac3c2785d02-groupManagement] INFO  server.RaftServer$Division (RaftServerImpl.java:setRole(329)) - d9016e39-0130-4fd9-896a-cac3c2785d02@group-0DB81D4FE909: changes role from      null to FOLLOWER at term 0 for startAsFollower
2023-11-06 09:26:48,145 [d9016e39-0130-4fd9-896a-cac3c2785d02-groupManagement] INFO  impl.RoleInfo (RoleInfo.java:updateAndGet(139)) - d9016e39-0130-4fd9-896a-cac3c2785d02: start d9016e39-0130-4fd9-896a-cac3c2785d02@group-0DB81D4FE909-FollowerState
2023-11-06 09:26:48,151 [d9016e39-0130-4fd9-896a-cac3c2785d02@group-0DB81D4FE909-FollowerState] INFO  server.RaftServerConfigKeys (ConfUtils.java:logFallback(53)) - raft.server.rpc.first-election.timeout.min = 5s (fallback to raft.server.rpc.timeout.min)
2023-11-06 09:26:48,151 [d9016e39-0130-4fd9-896a-cac3c2785d02@group-0DB81D4FE909-FollowerState] INFO  server.RaftServerConfigKeys (ConfUtils.java:logFallback(53)) - raft.server.rpc.first-election.timeout.max = 5200ms (fallback to raft.server.rpc.timeout.max)
2023-11-06 09:26:48,153 [5f7d9b36-4620-4ba9-8a78-929bd6ddd1f9-groupManagement] INFO  util.JmxRegister (JmxRegister.java:tryRegister(44)) - Successfully registered JMX Bean with object name Ratis:service=RaftServer,group=group-DF79F62058F4,id=5f7d9b36-4620-4ba9-8a78-929bd6ddd1f9
2023-11-06 09:26:48,153 [d9016e39-0130-4fd9-896a-cac3c2785d02-groupManagement] INFO  util.JmxRegister (JmxRegister.java:tryRegister(44)) - Successfully registered JMX Bean with object name Ratis:service=RaftServer,group=group-0DB81D4FE909,id=d9016e39-0130-4fd9-896a-cac3c2785d02
2023-11-06 09:26:48,153 [d9016e39-0130-4fd9-896a-cac3c2785d02-groupManagement] INFO  server.RaftServerConfigKeys (ConfUtils.java:logGet(46)) - raft.server.snapshot.auto.trigger.enabled = true (custom)
2023-11-06 09:26:48,153 [d9016e39-0130-4fd9-896a-cac3c2785d02-groupManagement] INFO  server.RaftServerConfigKeys (ConfUtils.java:logGet(46)) - raft.server.snapshot.auto.trigger.threshold = 10000 (custom)
2023-11-06 09:26:48,153 [d9016e39-0130-4fd9-896a-cac3c2785d02-groupManagement] INFO  server.RaftServerConfigKeys (ConfUtils.java:logGet(46)) - raft.server.snapshot.retention.file.num = 5 (custom)
2023-11-06 09:26:48,153 [d9016e39-0130-4fd9-896a-cac3c2785d02-groupManagement] INFO  server.RaftServerConfigKeys (ConfUtils.java:logGet(46)) - raft.server.log.purge.upto.snapshot.index = false (default)
2023-11-06 09:26:48,153 [5f7d9b36-4620-4ba9-8a78-929bd6ddd1f9-groupManagement] INFO  server.RaftServerConfigKeys (ConfUtils.java:logGet(46)) - raft.server.snapshot.auto.trigger.enabled = true (custom)
2023-11-06 09:26:48,154 [5f7d9b36-4620-4ba9-8a78-929bd6ddd1f9-groupManagement] INFO  server.RaftServerConfigKeys (ConfUtils.java:logGet(46)) - raft.server.snapshot.auto.trigger.threshold = 10000 (custom)
2023-11-06 09:26:48,154 [5f7d9b36-4620-4ba9-8a78-929bd6ddd1f9-groupManagement] INFO  server.RaftServerConfigKeys (ConfUtils.java:logGet(46)) - raft.server.snapshot.retention.file.num = 5 (custom)
2023-11-06 09:26:48,154 [5f7d9b36-4620-4ba9-8a78-929bd6ddd1f9-groupManagement] INFO  server.RaftServerConfigKeys (ConfUtils.java:logGet(46)) - raft.server.log.purge.upto.snapshot.index = false (default)
2023-11-06 09:26:48,155 [fedf11b8-0957-422e-880a-91cc26979c7a-groupManagement] INFO  server.RaftServer$Division (RaftServerImpl.java:start(342)) - fedf11b8-0957-422e-880a-91cc26979c7a@group-0DB81D4FE909: start as a follower, conf=-1: peers:[d9016e39-0130-4fd9-896a-cac3c2785d02|rpc:10.1.0.6:15032|admin:10.1.0.6:15031|client:10.1.0.6:15030|dataStream:10.1.0.6:15033|priority:0|startupRole:FOLLOWER, fedf11b8-0957-422e-880a-91cc26979c7a|rpc:10.1.0.6:15014|admin:10.1.0.6:15013|client:10.1.0.6:15012|dataStream:10.1.0.6:15015|priority:0|startupRole:FOLLOWER, 0eeb79a9-13fd-416c-b2a7-6f654c6b5029|rpc:10.1.0.6:15023|admin:10.1.0.6:15022|client:10.1.0.6:15021|dataStream:10.1.0.6:15024|priority:1|startupRole:FOLLOWER]|listeners:[], old=null
2023-11-06 09:26:48,155 [fedf11b8-0957-422e-880a-91cc26979c7a-groupManagement] INFO  server.RaftServer$Division (RaftServerImpl.java:setRole(329)) - fedf11b8-0957-422e-880a-91cc26979c7a@group-0DB81D4FE909: changes role from      null to FOLLOWER at term 0 for startAsFollower
2023-11-06 09:26:48,155 [fedf11b8-0957-422e-880a-91cc26979c7a-groupManagement] INFO  impl.RoleInfo (RoleInfo.java:updateAndGet(139)) - fedf11b8-0957-422e-880a-91cc26979c7a: start fedf11b8-0957-422e-880a-91cc26979c7a@group-0DB81D4FE909-FollowerState
2023-11-06 09:26:48,155 [fedf11b8-0957-422e-880a-91cc26979c7a-groupManagement] INFO  util.JmxRegister (JmxRegister.java:tryRegister(44)) - Successfully registered JMX Bean with object name Ratis:service=RaftServer,group=group-0DB81D4FE909,id=fedf11b8-0957-422e-880a-91cc26979c7a
2023-11-06 09:26:48,155 [fedf11b8-0957-422e-880a-91cc26979c7a-groupManagement] INFO  server.RaftServerConfigKeys (ConfUtils.java:logGet(46)) - raft.server.snapshot.auto.trigger.enabled = true (custom)
2023-11-06 09:26:48,156 [fedf11b8-0957-422e-880a-91cc26979c7a-groupManagement] INFO  server.RaftServerConfigKeys (ConfUtils.java:logGet(46)) - raft.server.snapshot.auto.trigger.threshold = 10000 (custom)
2023-11-06 09:26:48,156 [fedf11b8-0957-422e-880a-91cc26979c7a-groupManagement] INFO  server.RaftServerConfigKeys (ConfUtils.java:logGet(46)) - raft.server.snapshot.retention.file.num = 5 (custom)
2023-11-06 09:26:48,156 [fedf11b8-0957-422e-880a-91cc26979c7a-groupManagement] INFO  server.RaftServerConfigKeys (ConfUtils.java:logGet(46)) - raft.server.log.purge.upto.snapshot.index = false (default)
2023-11-06 09:26:48,156 [fedf11b8-0957-422e-880a-91cc26979c7a@group-0DB81D4FE909-FollowerState] INFO  server.RaftServerConfigKeys (ConfUtils.java:logFallback(53)) - raft.server.rpc.first-election.timeout.min = 5s (fallback to raft.server.rpc.timeout.min)
2023-11-06 09:26:48,156 [fedf11b8-0957-422e-880a-91cc26979c7a@group-0DB81D4FE909-FollowerState] INFO  server.RaftServerConfigKeys (ConfUtils.java:logFallback(53)) - raft.server.rpc.first-election.timeout.max = 5200ms (fallback to raft.server.rpc.timeout.max)
2023-11-06 09:26:48,158 [5f7d9b36-4620-4ba9-8a78-929bd6ddd1f9-groupManagement] INFO  server.RaftServer$Division (RaftServerImpl.java:<init>(198)) - 5f7d9b36-4620-4ba9-8a78-929bd6ddd1f9: new RaftServerImpl for group-6DBCDF991ECB:[92ba0aed-1dcc-4895-b5bb-fc45f440be2e|rpc:10.1.0.6:15068|admin:10.1.0.6:15067|client:10.1.0.6:15066|dataStream:10.1.0.6:15069|priority:0|startupRole:FOLLOWER, 18227f38-d602-4438-971e-c9cd287df9cb|rpc:10.1.0.6:15077|admin:10.1.0.6:15076|client:10.1.0.6:15075|dataStream:10.1.0.6:15078|priority:1|startupRole:FOLLOWER, 5f7d9b36-4620-4ba9-8a78-929bd6ddd1f9|rpc:10.1.0.6:15086|admin:10.1.0.6:15085|client:10.1.0.6:15084|dataStream:10.1.0.6:15087|priority:0|startupRole:FOLLOWER] with ContainerStateMachine:uninitialized
2023-11-06 09:26:48,158 [5f7d9b36-4620-4ba9-8a78-929bd6ddd1f9-groupManagement] INFO  server.RaftServerConfigKeys (ConfUtils.java:logGet(46)) - raft.server.rpc.timeout.min = 5s (custom)
2023-11-06 09:26:48,158 [5f7d9b36-4620-4ba9-8a78-929bd6ddd1f9-groupManagement] INFO  server.RaftServerConfigKeys (ConfUtils.java:logGet(46)) - raft.server.rpc.timeout.max = 5200ms (custom)
2023-11-06 09:26:48,158 [5f7d9b36-4620-4ba9-8a78-929bd6ddd1f9-groupManagement] INFO  server.RaftServerConfigKeys (ConfUtils.java:logGet(46)) - raft.server.rpc.sleep.time = 25ms (default)
2023-11-06 09:26:48,158 [5f7d9b36-4620-4ba9-8a78-929bd6ddd1f9-groupManagement] INFO  server.RaftServerConfigKeys (ConfUtils.java:logGet(46)) - raft.server.rpc.slowness.timeout = 300s (custom)
2023-11-06 09:26:48,158 [5f7d9b36-4620-4ba9-8a78-929bd6ddd1f9-groupManagement] INFO  server.RaftServerConfigKeys (ConfUtils.java:logGet(46)) - raft.server.leaderelection.leader.step-down.wait-time = 10s (default)
2023-11-06 09:26:48,158 [5f7d9b36-4620-4ba9-8a78-929bd6ddd1f9-groupManagement] INFO  server.RaftServerConfigKeys (ConfUtils.java:logGet(46)) - raft.server.sleep.deviation.threshold = 300ms (default)
2023-11-06 09:26:48,158 [5f7d9b36-4620-4ba9-8a78-929bd6ddd1f9-groupManagement] INFO  server.RaftServer$Division (ServerState.java:<init>(120)) - 5f7d9b36-4620-4ba9-8a78-929bd6ddd1f9@group-6DBCDF991ECB: ConfigurationManager, init=-1: peers:[92ba0aed-1dcc-4895-b5bb-fc45f440be2e|rpc:10.1.0.6:15068|admin:10.1.0.6:15067|client:10.1.0.6:15066|dataStream:10.1.0.6:15069|priority:0|startupRole:FOLLOWER, 18227f38-d602-4438-971e-c9cd287df9cb|rpc:10.1.0.6:15077|admin:10.1.0.6:15076|client:10.1.0.6:15075|dataStream:10.1.0.6:15078|priority:1|startupRole:FOLLOWER, 5f7d9b36-4620-4ba9-8a78-929bd6ddd1f9|rpc:10.1.0.6:15086|admin:10.1.0.6:15085|client:10.1.0.6:15084|dataStream:10.1.0.6:15087|priority:0|startupRole:FOLLOWER]|listeners:[], old=null, confs=<EMPTY_MAP>
2023-11-06 09:26:48,158 [5f7d9b36-4620-4ba9-8a78-929bd6ddd1f9-groupManagement] INFO  server.RaftServerConfigKeys (ConfUtils.java:logGet(46)) - raft.server.storage.dir = [/home/runner/work/ozone/ozone/hadoop-ozone/integration-test/target/test-dir/MiniOzoneClusterImpl-938474ea-96d6-4bd3-a45f-678920fb0bb2/datanode-8/data/ratis] (custom)
2023-11-06 09:26:48,158 [5f7d9b36-4620-4ba9-8a78-929bd6ddd1f9-groupManagement] INFO  server.RaftServerConfigKeys (ConfUtils.java:logGet(46)) - raft.server.log.corruption.policy = EXCEPTION (default)
2023-11-06 09:26:48,158 [5f7d9b36-4620-4ba9-8a78-929bd6ddd1f9-groupManagement] INFO  server.RaftServerConfigKeys (ConfUtils.java:logGet(46)) - raft.server.storage.free-space.min = 0MB (=0) (default)
2023-11-06 09:26:48,158 [5f7d9b36-4620-4ba9-8a78-929bd6ddd1f9-groupManagement] INFO  server.RaftServerConfigKeys (ConfUtils.java:logGet(46)) - raft.server.notification.no-leader.timeout = 300s (custom)
2023-11-06 09:26:48,158 [5f7d9b36-4620-4ba9-8a78-929bd6ddd1f9-groupManagement] INFO  server.RaftServerConfigKeys (ConfUtils.java:logGet(46)) - raft.server.read.timeout = 10s (default)
2023-11-06 09:26:48,158 [5f7d9b36-4620-4ba9-8a78-929bd6ddd1f9-groupManagement] INFO  server.RaftServerConfigKeys (ConfUtils.java:logGet(46)) - raft.server.retrycache.expirytime = 600000ms (custom)
2023-11-06 09:26:48,158 [5f7d9b36-4620-4ba9-8a78-929bd6ddd1f9-groupManagement] INFO  server.RaftServerConfigKeys (ConfUtils.java:logGet(46)) - raft.server.retrycache.statistics.expirytime = 100μs (default)
2023-11-06 09:26:48,159 [5f7d9b36-4620-4ba9-8a78-929bd6ddd1f9-groupManagement] INFO  server.RaftServerConfigKeys (ConfUtils.java:logGet(46)) - raft.server.read.option = DEFAULT (default)
2023-11-06 09:26:48,159 [5f7d9b36-4620-4ba9-8a78-929bd6ddd1f9-groupManagement] INFO  server.RaftServerConfigKeys (ConfUtils.java:logGet(46)) - raft.server.rpc.request.timeout = 60s (custom)
2023-11-06 09:26:48,160 [5f7d9b36-4620-4ba9-8a78-929bd6ddd1f9-groupManagement] INFO  server.RaftServerConfigKeys (ConfUtils.java:logGet(46)) - raft.server.log.appender.install.snapshot.enabled = false (custom)
2023-11-06 09:26:48,160 [5f7d9b36-4620-4ba9-8a78-929bd6ddd1f9-groupManagement] INFO  server.RaftServerConfigKeys (ConfUtils.java:logGet(46)) - raft.server.threadpool.server.cached = true (default)
2023-11-06 09:26:48,160 [5f7d9b36-4620-4ba9-8a78-929bd6ddd1f9-groupManagement] INFO  server.RaftServerConfigKeys (ConfUtils.java:logGet(46)) - raft.server.threadpool.server.size = 0 (default)
2023-11-06 09:26:48,160 [5f7d9b36-4620-4ba9-8a78-929bd6ddd1f9-groupManagement] INFO  server.RaftServerConfigKeys (ConfUtils.java:logGet(46)) - raft.server.threadpool.client.cached = true (default)
2023-11-06 09:26:48,160 [5f7d9b36-4620-4ba9-8a78-929bd6ddd1f9-groupManagement] INFO  server.RaftServerConfigKeys (ConfUtils.java:logGet(46)) - raft.server.threadpool.client.size = 0 (default)
2023-11-06 09:26:48,160 [5f7d9b36-4620-4ba9-8a78-929bd6ddd1f9-groupManagement] INFO  storage.RaftStorageDirectory (RaftStorageDirectoryImpl.java:analyzeStorage(137)) - The storage directory /home/runner/work/ozone/ozone/hadoop-ozone/integration-test/target/test-dir/MiniOzoneClusterImpl-938474ea-96d6-4bd3-a45f-678920fb0bb2/datanode-8/data/ratis/fb9ddc8c-4fb4-4244-839f-6dbcdf991ecb does not exist. Creating ...
2023-11-06 09:26:48,161 [5f7d9b36-4620-4ba9-8a78-929bd6ddd1f9-groupManagement] INFO  storage.RaftStorageDirectory (RaftStorageDirectoryImpl.java:tryLock(231)) - Lock on /home/runner/work/ozone/ozone/hadoop-ozone/integration-test/target/test-dir/MiniOzoneClusterImpl-938474ea-96d6-4bd3-a45f-678920fb0bb2/datanode-8/data/ratis/fb9ddc8c-4fb4-4244-839f-6dbcdf991ecb/in_use.lock acquired by nodename 20533@fv-az241-347
2023-11-06 09:26:48,168 [fedf11b8-0957-422e-880a-91cc26979c7a-PipelineCommandHandlerThread-0] INFO  ratis.XceiverServerRatis (XceiverServerRatis.java:addGroup(805)) - Created group PipelineID=15f9db0e-4f6c-4380-b94d-0db81d4fe909
2023-11-06 09:26:48,170 [5f7d9b36-4620-4ba9-8a78-929bd6ddd1f9-groupManagement] INFO  storage.RaftStorage (RaftStorageImpl.java:format(96)) - Storage directory /home/runner/work/ozone/ozone/hadoop-ozone/integration-test/target/test-dir/MiniOzoneClusterImpl-938474ea-96d6-4bd3-a45f-678920fb0bb2/datanode-8/data/ratis/fb9ddc8c-4fb4-4244-839f-6dbcdf991ecb has been successfully formatted.
2023-11-06 09:26:48,171 [5f7d9b36-4620-4ba9-8a78-929bd6ddd1f9-groupManagement] INFO  ratis.ContainerStateMachine (ContainerStateMachine.java:loadSnapshot(269)) - group-6DBCDF991ECB: The snapshot info is null. Setting the last applied indexto:(t:0, i:~)
2023-11-06 09:26:48,171 [5f7d9b36-4620-4ba9-8a78-929bd6ddd1f9-groupManagement] INFO  server.RaftServerConfigKeys (ConfUtils.java:logGet(46)) - raft.server.log.use.memory = false (default)
2023-11-06 09:26:48,171 [5f7d9b36-4620-4ba9-8a78-929bd6ddd1f9-groupManagement] INFO  server.RaftServerConfigKeys (ConfUtils.java:logGet(46)) - raft.server.log.purge.gap = 1000000 (custom)
2023-11-06 09:26:48,171 [5f7d9b36-4620-4ba9-8a78-929bd6ddd1f9-groupManagement] INFO  server.RaftServerConfigKeys (ConfUtils.java:logGet(46)) - raft.server.log.appender.buffer.byte-limit = 33554432 (custom)
2023-11-06 09:26:48,171 [5f7d9b36-4620-4ba9-8a78-929bd6ddd1f9-groupManagement] INFO  server.RaftServerConfigKeys (ConfUtils.java:logGet(46)) - raft.server.log.statemachine.data.read.timeout = 1000ms (default)
2023-11-06 09:26:48,171 [5f7d9b36-4620-4ba9-8a78-929bd6ddd1f9-groupManagement] INFO  server.RaftServerConfigKeys (ConfUtils.java:logGet(46)) - raft.server.log.purge.preservation.log.num = 0 (default)
2023-11-06 09:26:48,171 [5f7d9b36-4620-4ba9-8a78-929bd6ddd1f9-groupManagement] INFO  server.RaftServerConfigKeys (ConfUtils.java:logGet(46)) - raft.server.log.segment.size.max = 1048576 (custom)
2023-11-06 09:26:48,171 [5f7d9b36-4620-4ba9-8a78-929bd6ddd1f9-groupManagement] INFO  server.RaftServerConfigKeys (ConfUtils.java:logGet(46)) - raft.server.log.segment.cache.num.max = 2 (custom)
2023-11-06 09:26:48,171 [5f7d9b36-4620-4ba9-8a78-929bd6ddd1f9-groupManagement] INFO  server.RaftServerConfigKeys (ConfUtils.java:logGet(46)) - raft.server.log.segment.cache.size.max = 200MB (=209715200) (default)
2023-11-06 09:26:48,171 [5f7d9b36-4620-4ba9-8a78-929bd6ddd1f9-groupManagement] INFO  server.RaftServerConfigKeys (ConfUtils.java:logGet(46)) - raft.server.log.appender.buffer.byte-limit = 33554432 (custom)
2023-11-06 09:26:48,172 [5f7d9b36-4620-4ba9-8a78-929bd6ddd1f9-groupManagement] INFO  segmented.SegmentedRaftLogWorker (SegmentedRaftLogWorker.java:<init>(188)) - new 5f7d9b36-4620-4ba9-8a78-929bd6ddd1f9@group-6DBCDF991ECB-SegmentedRaftLogWorker for RaftStorageImpl:Storage Directory /home/runner/work/ozone/ozone/hadoop-ozone/integration-test/target/test-dir/MiniOzoneClusterImpl-938474ea-96d6-4bd3-a45f-678920fb0bb2/datanode-8/data/ratis/fb9ddc8c-4fb4-4244-839f-6dbcdf991ecb
2023-11-06 09:26:48,172 [5f7d9b36-4620-4ba9-8a78-929bd6ddd1f9-groupManagement] INFO  server.RaftServerConfigKeys (ConfUtils.java:logGet(46)) - raft.server.log.queue.byte-limit = 4294967296 (custom)
2023-11-06 09:26:48,172 [5f7d9b36-4620-4ba9-8a78-929bd6ddd1f9-groupManagement] INFO  server.RaftServerConfigKeys (ConfUtils.java:logGet(46)) - raft.server.log.queue.element-limit = 1024 (custom)
2023-11-06 09:26:48,172 [5f7d9b36-4620-4ba9-8a78-929bd6ddd1f9-groupManagement] INFO  server.RaftServerConfigKeys (ConfUtils.java:logGet(46)) - raft.server.log.segment.size.max = 1048576 (custom)
2023-11-06 09:26:48,172 [5f7d9b36-4620-4ba9-8a78-929bd6ddd1f9-groupManagement] INFO  server.RaftServerConfigKeys (ConfUtils.java:logGet(46)) - raft.server.log.preallocated.size = 16384 (custom)
2023-11-06 09:26:48,172 [5f7d9b36-4620-4ba9-8a78-929bd6ddd1f9-groupManagement] INFO  server.RaftServerConfigKeys (ConfUtils.java:logGet(46)) - raft.server.log.force.sync.num = 128 (default)
2023-11-06 09:26:48,172 [5f7d9b36-4620-4ba9-8a78-929bd6ddd1f9-groupManagement] INFO  server.RaftServerConfigKeys (ConfUtils.java:logGet(46)) - raft.server.log.statemachine.data.sync = true (default)
2023-11-06 09:26:48,172 [5f7d9b36-4620-4ba9-8a78-929bd6ddd1f9-groupManagement] INFO  server.RaftServerConfigKeys (ConfUtils.java:logGet(46)) - raft.server.log.statemachine.data.sync.timeout = 10s (default)
2023-11-06 09:26:48,172 [5f7d9b36-4620-4ba9-8a78-929bd6ddd1f9-groupManagement] INFO  server.RaftServerConfigKeys (ConfUtils.java:logGet(46)) - raft.server.log.statemachine.data.sync.timeout.retry = -1 (default)
2023-11-06 09:26:48,173 [5f7d9b36-4620-4ba9-8a78-929bd6ddd1f9-groupManagement] INFO  server.RaftServerConfigKeys (ConfUtils.java:logGet(46)) - raft.server.log.write.buffer.size = 1048576 (custom)
2023-11-06 09:26:48,174 [EventQueue-OpenPipelineForHealthyPipelineSafeModeRule] INFO  safemode.SCMSafeModeManager (HealthyPipelineSafeModeRule.java:process(137)) - SCM in safe mode. Healthy pipelines reported count is 0, required healthy pipeline reported count is 1
2023-11-06 09:26:48,174 [5f7d9b36-4620-4ba9-8a78-929bd6ddd1f9-groupManagement] INFO  server.RaftServerConfigKeys (ConfUtils.java:logGet(46)) - raft.server.log.appender.buffer.byte-limit = 33554432 (custom)
2023-11-06 09:26:48,184 [5f7d9b36-4620-4ba9-8a78-929bd6ddd1f9-groupManagement] INFO  server.RaftServerConfigKeys (ConfUtils.java:logGet(46)) - raft.server.log.unsafe-flush.enabled = false (default)
2023-11-06 09:26:48,184 [5f7d9b36-4620-4ba9-8a78-929bd6ddd1f9-groupManagement] INFO  server.RaftServerConfigKeys (ConfUtils.java:logGet(46)) - raft.server.log.async-flush.enabled = false (default)
2023-11-06 09:26:48,184 [5f7d9b36-4620-4ba9-8a78-929bd6ddd1f9-groupManagement] INFO  server.RaftServerConfigKeys (ConfUtils.java:logGet(46)) - raft.server.log.statemachine.data.caching.enabled = true (custom)
2023-11-06 09:26:48,186 [5f7d9b36-4620-4ba9-8a78-929bd6ddd1f9-groupManagement] INFO  segmented.SegmentedRaftLogWorker (SegmentedRaftLogWorker.java:lambda$new$0(135)) - 5f7d9b36-4620-4ba9-8a78-929bd6ddd1f9@group-6DBCDF991ECB-SegmentedRaftLogWorker: flushIndex: setUnconditionally 0 -> -1
2023-11-06 09:26:48,187 [d9016e39-0130-4fd9-896a-cac3c2785d02-PipelineCommandHandlerThread-0] INFO  ratis.XceiverServerRatis (XceiverServerRatis.java:addGroup(805)) - Created group PipelineID=15f9db0e-4f6c-4380-b94d-0db81d4fe909
2023-11-06 09:26:48,187 [5f7d9b36-4620-4ba9-8a78-929bd6ddd1f9-groupManagement] INFO  segmented.SegmentedRaftLogWorker (SegmentedRaftLogWorker.java:lambda$new$0(135)) - 5f7d9b36-4620-4ba9-8a78-929bd6ddd1f9@group-6DBCDF991ECB-SegmentedRaftLogWorker: safeCacheEvictIndex: setUnconditionally 0 -> -1
2023-11-06 09:26:48,190 [5f7d9b36-4620-4ba9-8a78-929bd6ddd1f9-groupManagement] INFO  server.RaftServer$Division (RaftServerImpl.java:start(342)) - 5f7d9b36-4620-4ba9-8a78-929bd6ddd1f9@group-6DBCDF991ECB: start as a follower, conf=-1: peers:[92ba0aed-1dcc-4895-b5bb-fc45f440be2e|rpc:10.1.0.6:15068|admin:10.1.0.6:15067|client:10.1.0.6:15066|dataStream:10.1.0.6:15069|priority:0|startupRole:FOLLOWER, 18227f38-d602-4438-971e-c9cd287df9cb|rpc:10.1.0.6:15077|admin:10.1.0.6:15076|client:10.1.0.6:15075|dataStream:10.1.0.6:15078|priority:1|startupRole:FOLLOWER, 5f7d9b36-4620-4ba9-8a78-929bd6ddd1f9|rpc:10.1.0.6:15086|admin:10.1.0.6:15085|client:10.1.0.6:15084|dataStream:10.1.0.6:15087|priority:0|startupRole:FOLLOWER]|listeners:[], old=null
2023-11-06 09:26:48,190 [5f7d9b36-4620-4ba9-8a78-929bd6ddd1f9-groupManagement] INFO  server.RaftServer$Division (RaftServerImpl.java:setRole(329)) - 5f7d9b36-4620-4ba9-8a78-929bd6ddd1f9@group-6DBCDF991ECB: changes role from      null to FOLLOWER at term 0 for startAsFollower
2023-11-06 09:26:48,190 [5f7d9b36-4620-4ba9-8a78-929bd6ddd1f9-groupManagement] INFO  impl.RoleInfo (RoleInfo.java:updateAndGet(139)) - 5f7d9b36-4620-4ba9-8a78-929bd6ddd1f9: start 5f7d9b36-4620-4ba9-8a78-929bd6ddd1f9@group-6DBCDF991ECB-FollowerState
2023-11-06 09:26:48,190 [5f7d9b36-4620-4ba9-8a78-929bd6ddd1f9-groupManagement] INFO  util.JmxRegister (JmxRegister.java:tryRegister(44)) - Successfully registered JMX Bean with object name Ratis:service=RaftServer,group=group-6DBCDF991ECB,id=5f7d9b36-4620-4ba9-8a78-929bd6ddd1f9
2023-11-06 09:26:48,190 [5f7d9b36-4620-4ba9-8a78-929bd6ddd1f9-groupManagement] INFO  server.RaftServerConfigKeys (ConfUtils.java:logGet(46)) - raft.server.snapshot.auto.trigger.enabled = true (custom)
2023-11-06 09:26:48,190 [5f7d9b36-4620-4ba9-8a78-929bd6ddd1f9-groupManagement] INFO  server.RaftServerConfigKeys (ConfUtils.java:logGet(46)) - raft.server.snapshot.auto.trigger.threshold = 10000 (custom)
2023-11-06 09:26:48,190 [5f7d9b36-4620-4ba9-8a78-929bd6ddd1f9-groupManagement] INFO  server.RaftServerConfigKeys (ConfUtils.java:logGet(46)) - raft.server.snapshot.retention.file.num = 5 (custom)
2023-11-06 09:26:48,190 [5f7d9b36-4620-4ba9-8a78-929bd6ddd1f9-groupManagement] INFO  server.RaftServerConfigKeys (ConfUtils.java:logGet(46)) - raft.server.log.purge.upto.snapshot.index = false (default)
2023-11-06 09:26:48,191 [5f7d9b36-4620-4ba9-8a78-929bd6ddd1f9-PipelineCommandHandlerThread-0] INFO  ratis.XceiverServerRatis (XceiverServerRatis.java:addGroup(805)) - Created group PipelineID=fb9ddc8c-4fb4-4244-839f-6dbcdf991ecb
2023-11-06 09:26:48,199 [5f7d9b36-4620-4ba9-8a78-929bd6ddd1f9@group-6DBCDF991ECB-FollowerState] INFO  server.RaftServerConfigKeys (ConfUtils.java:logFallback(53)) - raft.server.rpc.first-election.timeout.min = 5s (fallback to raft.server.rpc.timeout.min)
2023-11-06 09:26:48,199 [5f7d9b36-4620-4ba9-8a78-929bd6ddd1f9@group-6DBCDF991ECB-FollowerState] INFO  server.RaftServerConfigKeys (ConfUtils.java:logFallback(53)) - raft.server.rpc.first-election.timeout.max = 5200ms (fallback to raft.server.rpc.timeout.max)
2023-11-06 09:26:48,207 [0eeb79a9-13fd-416c-b2a7-6f654c6b5029-PipelineCommandHandlerThread-0] INFO  commandhandler.CreatePipelineCommandHandler (CreatePipelineCommandHandler.java:lambda$handle$2(124)) - Created Pipeline RATIS THREE PipelineID=d6c272c6-0f48-426a-923d-3e664a0854e0.
2023-11-06 09:26:48,207 [0eeb79a9-13fd-416c-b2a7-6f654c6b5029-PipelineCommandHandlerThread-0] INFO  server.RaftServer (RaftServerProxy.java:addNew(98)) - 0eeb79a9-13fd-416c-b2a7-6f654c6b5029: addNew group-0DB81D4FE909:[d9016e39-0130-4fd9-896a-cac3c2785d02|rpc:10.1.0.6:15032|admin:10.1.0.6:15031|client:10.1.0.6:15030|dataStream:10.1.0.6:15033|priority:0|startupRole:FOLLOWER, fedf11b8-0957-422e-880a-91cc26979c7a|rpc:10.1.0.6:15014|admin:10.1.0.6:15013|client:10.1.0.6:15012|dataStream:10.1.0.6:15015|priority:0|startupRole:FOLLOWER, 0eeb79a9-13fd-416c-b2a7-6f654c6b5029|rpc:10.1.0.6:15023|admin:10.1.0.6:15022|client:10.1.0.6:15021|dataStream:10.1.0.6:15024|priority:1|startupRole:FOLLOWER] returns group-0DB81D4FE909:java.util.concurrent.CompletableFuture@29033e94[Not completed]
2023-11-06 09:26:48,208 [0eeb79a9-13fd-416c-b2a7-6f654c6b5029-groupManagement] INFO  server.RaftServer$Division (RaftServerImpl.java:<init>(198)) - 0eeb79a9-13fd-416c-b2a7-6f654c6b5029: new RaftServerImpl for group-0DB81D4FE909:[d9016e39-0130-4fd9-896a-cac3c2785d02|rpc:10.1.0.6:15032|admin:10.1.0.6:15031|client:10.1.0.6:15030|dataStream:10.1.0.6:15033|priority:0|startupRole:FOLLOWER, fedf11b8-0957-422e-880a-91cc26979c7a|rpc:10.1.0.6:15014|admin:10.1.0.6:15013|client:10.1.0.6:15012|dataStream:10.1.0.6:15015|priority:0|startupRole:FOLLOWER, 0eeb79a9-13fd-416c-b2a7-6f654c6b5029|rpc:10.1.0.6:15023|admin:10.1.0.6:15022|client:10.1.0.6:15021|dataStream:10.1.0.6:15024|priority:1|startupRole:FOLLOWER] with ContainerStateMachine:uninitialized
2023-11-06 09:26:48,208 [0eeb79a9-13fd-416c-b2a7-6f654c6b5029-groupManagement] INFO  server.RaftServerConfigKeys (ConfUtils.java:logGet(46)) - raft.server.rpc.timeout.min = 5s (custom)
2023-11-06 09:26:48,209 [0eeb79a9-13fd-416c-b2a7-6f654c6b5029-groupManagement] INFO  server.RaftServerConfigKeys (ConfUtils.java:logGet(46)) - raft.server.rpc.timeout.max = 5200ms (custom)
2023-11-06 09:26:48,209 [0eeb79a9-13fd-416c-b2a7-6f654c6b5029-groupManagement] INFO  server.RaftServerConfigKeys (ConfUtils.java:logGet(46)) - raft.server.rpc.sleep.time = 25ms (default)
2023-11-06 09:26:48,209 [0eeb79a9-13fd-416c-b2a7-6f654c6b5029-groupManagement] INFO  server.RaftServerConfigKeys (ConfUtils.java:logGet(46)) - raft.server.rpc.slowness.timeout = 300s (custom)
2023-11-06 09:26:48,209 [0eeb79a9-13fd-416c-b2a7-6f654c6b5029-groupManagement] INFO  server.RaftServerConfigKeys (ConfUtils.java:logGet(46)) - raft.server.leaderelection.leader.step-down.wait-time = 10s (default)
2023-11-06 09:26:48,209 [0eeb79a9-13fd-416c-b2a7-6f654c6b5029-groupManagement] INFO  server.RaftServerConfigKeys (ConfUtils.java:logGet(46)) - raft.server.sleep.deviation.threshold = 300ms (default)
2023-11-06 09:26:48,209 [0eeb79a9-13fd-416c-b2a7-6f654c6b5029-groupManagement] INFO  server.RaftServer$Division (ServerState.java:<init>(120)) - 0eeb79a9-13fd-416c-b2a7-6f654c6b5029@group-0DB81D4FE909: ConfigurationManager, init=-1: peers:[d9016e39-0130-4fd9-896a-cac3c2785d02|rpc:10.1.0.6:15032|admin:10.1.0.6:15031|client:10.1.0.6:15030|dataStream:10.1.0.6:15033|priority:0|startupRole:FOLLOWER, fedf11b8-0957-422e-880a-91cc26979c7a|rpc:10.1.0.6:15014|admin:10.1.0.6:15013|client:10.1.0.6:15012|dataStream:10.1.0.6:15015|priority:0|startupRole:FOLLOWER, 0eeb79a9-13fd-416c-b2a7-6f654c6b5029|rpc:10.1.0.6:15023|admin:10.1.0.6:15022|client:10.1.0.6:15021|dataStream:10.1.0.6:15024|priority:1|startupRole:FOLLOWER]|listeners:[], old=null, confs=<EMPTY_MAP>
2023-11-06 09:26:48,209 [0eeb79a9-13fd-416c-b2a7-6f654c6b5029-groupManagement] INFO  server.RaftServerConfigKeys (ConfUtils.java:logGet(46)) - raft.server.storage.dir = [/home/runner/work/ozone/ozone/hadoop-ozone/integration-test/target/test-dir/MiniOzoneClusterImpl-938474ea-96d6-4bd3-a45f-678920fb0bb2/datanode-1/data/ratis] (custom)
2023-11-06 09:26:48,209 [0eeb79a9-13fd-416c-b2a7-6f654c6b5029-groupManagement] INFO  server.RaftServerConfigKeys (ConfUtils.java:logGet(46)) - raft.server.log.corruption.policy = EXCEPTION (default)
2023-11-06 09:26:48,209 [0eeb79a9-13fd-416c-b2a7-6f654c6b5029-groupManagement] INFO  server.RaftServerConfigKeys (ConfUtils.java:logGet(46)) - raft.server.storage.free-space.min = 0MB (=0) (default)
2023-11-06 09:26:48,209 [0eeb79a9-13fd-416c-b2a7-6f654c6b5029-groupManagement] INFO  server.RaftServerConfigKeys (ConfUtils.java:logGet(46)) - raft.server.notification.no-leader.timeout = 300s (custom)
2023-11-06 09:26:48,209 [0eeb79a9-13fd-416c-b2a7-6f654c6b5029-groupManagement] INFO  server.RaftServerConfigKeys (ConfUtils.java:logGet(46)) - raft.server.read.timeout = 10s (default)
2023-11-06 09:26:48,209 [0eeb79a9-13fd-416c-b2a7-6f654c6b5029-groupManagement] INFO  server.RaftServerConfigKeys (ConfUtils.java:logGet(46)) - raft.server.retrycache.expirytime = 600000ms (custom)
2023-11-06 09:26:48,209 [0eeb79a9-13fd-416c-b2a7-6f654c6b5029-groupManagement] INFO  server.RaftServerConfigKeys (ConfUtils.java:logGet(46)) - raft.server.retrycache.statistics.expirytime = 100μs (default)
2023-11-06 09:26:48,209 [0eeb79a9-13fd-416c-b2a7-6f654c6b5029-groupManagement] INFO  server.RaftServerConfigKeys (ConfUtils.java:logGet(46)) - raft.server.read.option = DEFAULT (default)
2023-11-06 09:26:48,211 [0eeb79a9-13fd-416c-b2a7-6f654c6b5029-groupManagement] INFO  server.RaftServerConfigKeys (ConfUtils.java:logGet(46)) - raft.server.rpc.request.timeout = 60s (custom)
2023-11-06 09:26:48,211 [0eeb79a9-13fd-416c-b2a7-6f654c6b5029-groupManagement] INFO  server.RaftServerConfigKeys (ConfUtils.java:logGet(46)) - raft.server.log.appender.install.snapshot.enabled = false (custom)
2023-11-06 09:26:48,211 [0eeb79a9-13fd-416c-b2a7-6f654c6b5029-groupManagement] INFO  server.RaftServerConfigKeys (ConfUtils.java:logGet(46)) - raft.server.threadpool.server.cached = true (default)
2023-11-06 09:26:48,211 [0eeb79a9-13fd-416c-b2a7-6f654c6b5029-groupManagement] INFO  server.RaftServerConfigKeys (ConfUtils.java:logGet(46)) - raft.server.threadpool.server.size = 0 (default)
2023-11-06 09:26:48,211 [0eeb79a9-13fd-416c-b2a7-6f654c6b5029-groupManagement] INFO  server.RaftServerConfigKeys (ConfUtils.java:logGet(46)) - raft.server.threadpool.client.cached = true (default)
2023-11-06 09:26:48,211 [0eeb79a9-13fd-416c-b2a7-6f654c6b5029-groupManagement] INFO  server.RaftServerConfigKeys (ConfUtils.java:logGet(46)) - raft.server.threadpool.client.size = 0 (default)
2023-11-06 09:26:48,211 [0eeb79a9-13fd-416c-b2a7-6f654c6b5029-groupManagement] INFO  storage.RaftStorageDirectory (RaftStorageDirectoryImpl.java:analyzeStorage(137)) - The storage directory /home/runner/work/ozone/ozone/hadoop-ozone/integration-test/target/test-dir/MiniOzoneClusterImpl-938474ea-96d6-4bd3-a45f-678920fb0bb2/datanode-1/data/ratis/15f9db0e-4f6c-4380-b94d-0db81d4fe909 does not exist. Creating ...
2023-11-06 09:26:48,213 [0eeb79a9-13fd-416c-b2a7-6f654c6b5029-groupManagement] INFO  storage.RaftStorageDirectory (RaftStorageDirectoryImpl.java:tryLock(231)) - Lock on /home/runner/work/ozone/ozone/hadoop-ozone/integration-test/target/test-dir/MiniOzoneClusterImpl-938474ea-96d6-4bd3-a45f-678920fb0bb2/datanode-1/data/ratis/15f9db0e-4f6c-4380-b94d-0db81d4fe909/in_use.lock acquired by nodename 20533@fv-az241-347
2023-11-06 09:26:48,216 [0eeb79a9-13fd-416c-b2a7-6f654c6b5029-groupManagement] INFO  storage.RaftStorage (RaftStorageImpl.java:format(96)) - Storage directory /home/runner/work/ozone/ozone/hadoop-ozone/integration-test/target/test-dir/MiniOzoneClusterImpl-938474ea-96d6-4bd3-a45f-678920fb0bb2/datanode-1/data/ratis/15f9db0e-4f6c-4380-b94d-0db81d4fe909 has been successfully formatted.
2023-11-06 09:26:48,216 [0eeb79a9-13fd-416c-b2a7-6f654c6b5029-groupManagement] INFO  ratis.ContainerStateMachine (ContainerStateMachine.java:loadSnapshot(269)) - group-0DB81D4FE909: The snapshot info is null. Setting the last applied indexto:(t:0, i:~)
2023-11-06 09:26:48,217 [0eeb79a9-13fd-416c-b2a7-6f654c6b5029-groupManagement] INFO  server.RaftServerConfigKeys (ConfUtils.java:logGet(46)) - raft.server.log.use.memory = false (default)
2023-11-06 09:26:48,217 [0eeb79a9-13fd-416c-b2a7-6f654c6b5029-groupManagement] INFO  server.RaftServerConfigKeys (ConfUtils.java:logGet(46)) - raft.server.log.purge.gap = 1000000 (custom)
2023-11-06 09:26:48,218 [EventQueue-OpenPipelineForHealthyPipelineSafeModeRule] INFO  safemode.SCMSafeModeManager (HealthyPipelineSafeModeRule.java:process(137)) - SCM in safe mode. Healthy pipelines reported count is 0, required healthy pipeline reported count is 1
2023-11-06 09:26:48,218 [0eeb79a9-13fd-416c-b2a7-6f654c6b5029-groupManagement] INFO  server.RaftServerConfigKeys (ConfUtils.java:logGet(46)) - raft.server.log.appender.buffer.byte-limit = 33554432 (custom)
2023-11-06 09:26:48,219 [0eeb79a9-13fd-416c-b2a7-6f654c6b5029-groupManagement] INFO  server.RaftServerConfigKeys (ConfUtils.java:logGet(46)) - raft.server.log.statemachine.data.read.timeout = 1000ms (default)
2023-11-06 09:26:48,219 [0eeb79a9-13fd-416c-b2a7-6f654c6b5029-groupManagement] INFO  server.RaftServerConfigKeys (ConfUtils.java:logGet(46)) - raft.server.log.purge.preservation.log.num = 0 (default)
2023-11-06 09:26:48,219 [0eeb79a9-13fd-416c-b2a7-6f654c6b5029-groupManagement] INFO  server.RaftServerConfigKeys (ConfUtils.java:logGet(46)) - raft.server.log.segment.size.max = 1048576 (custom)
2023-11-06 09:26:48,220 [0eeb79a9-13fd-416c-b2a7-6f654c6b5029-groupManagement] INFO  server.RaftServerConfigKeys (ConfUtils.java:logGet(46)) - raft.server.log.segment.cache.num.max = 2 (custom)
2023-11-06 09:26:48,222 [0eeb79a9-13fd-416c-b2a7-6f654c6b5029-groupManagement] INFO  server.RaftServerConfigKeys (ConfUtils.java:logGet(46)) - raft.server.log.segment.cache.size.max = 200MB (=209715200) (default)
2023-11-06 09:26:48,222 [0eeb79a9-13fd-416c-b2a7-6f654c6b5029-groupManagement] INFO  server.RaftServerConfigKeys (ConfUtils.java:logGet(46)) - raft.server.log.appender.buffer.byte-limit = 33554432 (custom)
2023-11-06 09:26:48,222 [0eeb79a9-13fd-416c-b2a7-6f654c6b5029-groupManagement] INFO  segmented.SegmentedRaftLogWorker (SegmentedRaftLogWorker.java:<init>(188)) - new 0eeb79a9-13fd-416c-b2a7-6f654c6b5029@group-0DB81D4FE909-SegmentedRaftLogWorker for RaftStorageImpl:Storage Directory /home/runner/work/ozone/ozone/hadoop-ozone/integration-test/target/test-dir/MiniOzoneClusterImpl-938474ea-96d6-4bd3-a45f-678920fb0bb2/datanode-1/data/ratis/15f9db0e-4f6c-4380-b94d-0db81d4fe909
2023-11-06 09:26:48,223 [0eeb79a9-13fd-416c-b2a7-6f654c6b5029-groupManagement] INFO  server.RaftServerConfigKeys (ConfUtils.java:logGet(46)) - raft.server.log.queue.byte-limit = 4294967296 (custom)
2023-11-06 09:26:48,223 [0eeb79a9-13fd-416c-b2a7-6f654c6b5029-groupManagement] INFO  server.RaftServerConfigKeys (ConfUtils.java:logGet(46)) - raft.server.log.queue.element-limit = 1024 (custom)
2023-11-06 09:26:48,223 [0eeb79a9-13fd-416c-b2a7-6f654c6b5029-groupManagement] INFO  server.RaftServerConfigKeys (ConfUtils.java:logGet(46)) - raft.server.log.segment.size.max = 1048576 (custom)
2023-11-06 09:26:48,224 [0eeb79a9-13fd-416c-b2a7-6f654c6b5029-groupManagement] INFO  server.RaftServerConfigKeys (ConfUtils.java:logGet(46)) - raft.server.log.preallocated.size = 16384 (custom)
2023-11-06 09:26:48,227 [0eeb79a9-13fd-416c-b2a7-6f654c6b5029-groupManagement] INFO  server.RaftServerConfigKeys (ConfUtils.java:logGet(46)) - raft.server.log.force.sync.num = 128 (default)
2023-11-06 09:26:48,227 [0eeb79a9-13fd-416c-b2a7-6f654c6b5029-groupManagement] INFO  server.RaftServerConfigKeys (ConfUtils.java:logGet(46)) - raft.server.log.statemachine.data.sync = true (default)
2023-11-06 09:26:48,227 [0eeb79a9-13fd-416c-b2a7-6f654c6b5029-groupManagement] INFO  server.RaftServerConfigKeys (ConfUtils.java:logGet(46)) - raft.server.log.statemachine.data.sync.timeout = 10s (default)
2023-11-06 09:26:48,227 [0eeb79a9-13fd-416c-b2a7-6f654c6b5029-groupManagement] INFO  server.RaftServerConfigKeys (ConfUtils.java:logGet(46)) - raft.server.log.statemachine.data.sync.timeout.retry = -1 (default)
2023-11-06 09:26:48,228 [0eeb79a9-13fd-416c-b2a7-6f654c6b5029-groupManagement] INFO  server.RaftServerConfigKeys (ConfUtils.java:logGet(46)) - raft.server.log.write.buffer.size = 1048576 (custom)
2023-11-06 09:26:48,229 [0eeb79a9-13fd-416c-b2a7-6f654c6b5029-groupManagement] INFO  server.RaftServerConfigKeys (ConfUtils.java:logGet(46)) - raft.server.log.appender.buffer.byte-limit = 33554432 (custom)
2023-11-06 09:26:48,238 [0eeb79a9-13fd-416c-b2a7-6f654c6b5029-groupManagement] INFO  server.RaftServerConfigKeys (ConfUtils.java:logGet(46)) - raft.server.log.unsafe-flush.enabled = false (default)
2023-11-06 09:26:48,238 [0eeb79a9-13fd-416c-b2a7-6f654c6b5029-groupManagement] INFO  server.RaftServerConfigKeys (ConfUtils.java:logGet(46)) - raft.server.log.async-flush.enabled = false (default)
2023-11-06 09:26:48,238 [0eeb79a9-13fd-416c-b2a7-6f654c6b5029-groupManagement] INFO  server.RaftServerConfigKeys (ConfUtils.java:logGet(46)) - raft.server.log.statemachine.data.caching.enabled = true (custom)
2023-11-06 09:26:48,239 [0eeb79a9-13fd-416c-b2a7-6f654c6b5029-groupManagement] INFO  segmented.SegmentedRaftLogWorker (SegmentedRaftLogWorker.java:lambda$new$0(135)) - 0eeb79a9-13fd-416c-b2a7-6f654c6b5029@group-0DB81D4FE909-SegmentedRaftLogWorker: flushIndex: setUnconditionally 0 -> -1
2023-11-06 09:26:48,239 [0eeb79a9-13fd-416c-b2a7-6f654c6b5029-groupManagement] INFO  segmented.SegmentedRaftLogWorker (SegmentedRaftLogWorker.java:lambda$new$0(135)) - 0eeb79a9-13fd-416c-b2a7-6f654c6b5029@group-0DB81D4FE909-SegmentedRaftLogWorker: safeCacheEvictIndex: setUnconditionally 0 -> -1
2023-11-06 09:26:48,244 [0eeb79a9-13fd-416c-b2a7-6f654c6b5029-groupManagement] INFO  server.RaftServer$Division (RaftServerImpl.java:start(342)) - 0eeb79a9-13fd-416c-b2a7-6f654c6b5029@group-0DB81D4FE909: start as a follower, conf=-1: peers:[d9016e39-0130-4fd9-896a-cac3c2785d02|rpc:10.1.0.6:15032|admin:10.1.0.6:15031|client:10.1.0.6:15030|dataStream:10.1.0.6:15033|priority:0|startupRole:FOLLOWER, fedf11b8-0957-422e-880a-91cc26979c7a|rpc:10.1.0.6:15014|admin:10.1.0.6:15013|client:10.1.0.6:15012|dataStream:10.1.0.6:15015|priority:0|startupRole:FOLLOWER, 0eeb79a9-13fd-416c-b2a7-6f654c6b5029|rpc:10.1.0.6:15023|admin:10.1.0.6:15022|client:10.1.0.6:15021|dataStream:10.1.0.6:15024|priority:1|startupRole:FOLLOWER]|listeners:[], old=null
2023-11-06 09:26:48,244 [0eeb79a9-13fd-416c-b2a7-6f654c6b5029-groupManagement] INFO  server.RaftServer$Division (RaftServerImpl.java:setRole(329)) - 0eeb79a9-13fd-416c-b2a7-6f654c6b5029@group-0DB81D4FE909: changes role from      null to FOLLOWER at term 0 for startAsFollower
2023-11-06 09:26:48,244 [0eeb79a9-13fd-416c-b2a7-6f654c6b5029-groupManagement] INFO  impl.RoleInfo (RoleInfo.java:updateAndGet(139)) - 0eeb79a9-13fd-416c-b2a7-6f654c6b5029: start 0eeb79a9-13fd-416c-b2a7-6f654c6b5029@group-0DB81D4FE909-FollowerState
2023-11-06 09:26:48,245 [0eeb79a9-13fd-416c-b2a7-6f654c6b5029-groupManagement] INFO  util.JmxRegister (JmxRegister.java:tryRegister(44)) - Successfully registered JMX Bean with object name Ratis:service=RaftServer,group=group-0DB81D4FE909,id=0eeb79a9-13fd-416c-b2a7-6f654c6b5029
2023-11-06 09:26:48,245 [0eeb79a9-13fd-416c-b2a7-6f654c6b5029-groupManagement] INFO  server.RaftServerConfigKeys (ConfUtils.java:logGet(46)) - raft.server.snapshot.auto.trigger.enabled = true (custom)
2023-11-06 09:26:48,245 [0eeb79a9-13fd-416c-b2a7-6f654c6b5029-groupManagement] INFO  server.RaftServerConfigKeys (ConfUtils.java:logGet(46)) - raft.server.snapshot.auto.trigger.threshold = 10000 (custom)
2023-11-06 09:26:48,245 [0eeb79a9-13fd-416c-b2a7-6f654c6b5029-groupManagement] INFO  server.RaftServerConfigKeys (ConfUtils.java:logGet(46)) - raft.server.snapshot.retention.file.num = 5 (custom)
2023-11-06 09:26:48,245 [0eeb79a9-13fd-416c-b2a7-6f654c6b5029-groupManagement] INFO  server.RaftServerConfigKeys (ConfUtils.java:logGet(46)) - raft.server.log.purge.upto.snapshot.index = false (default)
2023-11-06 09:26:48,250 [0eeb79a9-13fd-416c-b2a7-6f654c6b5029@group-0DB81D4FE909-FollowerState] INFO  server.RaftServerConfigKeys (ConfUtils.java:logFallback(53)) - raft.server.rpc.first-election.timeout.min = 5s (fallback to raft.server.rpc.timeout.min)
2023-11-06 09:26:48,250 [0eeb79a9-13fd-416c-b2a7-6f654c6b5029@group-0DB81D4FE909-FollowerState] INFO  server.RaftServerConfigKeys (ConfUtils.java:logFallback(53)) - raft.server.rpc.first-election.timeout.max = 5200ms (fallback to raft.server.rpc.timeout.max)
2023-11-06 09:26:48,251 [0eeb79a9-13fd-416c-b2a7-6f654c6b5029-PipelineCommandHandlerThread-0] INFO  ratis.XceiverServerRatis (XceiverServerRatis.java:addGroup(805)) - Created group PipelineID=15f9db0e-4f6c-4380-b94d-0db81d4fe909
2023-11-06 09:26:48,288 [fadd24ee-4463-4420-97cf-bdd350ad83ae-PipelineCommandHandlerThread-0] INFO  commandhandler.CreatePipelineCommandHandler (CreatePipelineCommandHandler.java:lambda$handle$2(124)) - Created Pipeline RATIS THREE PipelineID=20ad4e29-1d2c-4b5d-8722-67654037fcfa.
2023-11-06 09:26:48,289 [fadd24ee-4463-4420-97cf-bdd350ad83ae-PipelineCommandHandlerThread-0] INFO  server.RaftServer (RaftServerProxy.java:addNew(98)) - fadd24ee-4463-4420-97cf-bdd350ad83ae: addNew group-E7ACA9F6E515:[fadd24ee-4463-4420-97cf-bdd350ad83ae|rpc:10.1.0.6:15041|admin:10.1.0.6:15040|client:10.1.0.6:15039|dataStream:10.1.0.6:15042|priority:0|startupRole:FOLLOWER, 4cee0e49-9f18-41f8-8e67-157ccbc15955|rpc:10.1.0.6:15050|admin:10.1.0.6:15049|client:10.1.0.6:15048|dataStream:10.1.0.6:15051|priority:0|startupRole:FOLLOWER, b7b1b697-3f82-4acb-89c8-f9bc2eccfa5a|rpc:10.1.0.6:15059|admin:10.1.0.6:15058|client:10.1.0.6:15057|dataStream:10.1.0.6:15060|priority:1|startupRole:FOLLOWER] returns group-E7ACA9F6E515:java.util.concurrent.CompletableFuture@1f5baa[Not completed]
2023-11-06 09:26:48,290 [fadd24ee-4463-4420-97cf-bdd350ad83ae-groupManagement] INFO  server.RaftServer$Division (RaftServerImpl.java:<init>(198)) - fadd24ee-4463-4420-97cf-bdd350ad83ae: new RaftServerImpl for group-E7ACA9F6E515:[fadd24ee-4463-4420-97cf-bdd350ad83ae|rpc:10.1.0.6:15041|admin:10.1.0.6:15040|client:10.1.0.6:15039|dataStream:10.1.0.6:15042|priority:0|startupRole:FOLLOWER, 4cee0e49-9f18-41f8-8e67-157ccbc15955|rpc:10.1.0.6:15050|admin:10.1.0.6:15049|client:10.1.0.6:15048|dataStream:10.1.0.6:15051|priority:0|startupRole:FOLLOWER, b7b1b697-3f82-4acb-89c8-f9bc2eccfa5a|rpc:10.1.0.6:15059|admin:10.1.0.6:15058|client:10.1.0.6:15057|dataStream:10.1.0.6:15060|priority:1|startupRole:FOLLOWER] with ContainerStateMachine:uninitialized
2023-11-06 09:26:48,290 [fadd24ee-4463-4420-97cf-bdd350ad83ae-groupManagement] INFO  server.RaftServerConfigKeys (ConfUtils.java:logGet(46)) - raft.server.rpc.timeout.min = 5s (custom)
2023-11-06 09:26:48,290 [fadd24ee-4463-4420-97cf-bdd350ad83ae-groupManagement] INFO  server.RaftServerConfigKeys (ConfUtils.java:logGet(46)) - raft.server.rpc.timeout.max = 5200ms (custom)
2023-11-06 09:26:48,290 [fadd24ee-4463-4420-97cf-bdd350ad83ae-groupManagement] INFO  server.RaftServerConfigKeys (ConfUtils.java:logGet(46)) - raft.server.rpc.sleep.time = 25ms (default)
2023-11-06 09:26:48,290 [fadd24ee-4463-4420-97cf-bdd350ad83ae-groupManagement] INFO  server.RaftServerConfigKeys (ConfUtils.java:logGet(46)) - raft.server.rpc.slowness.timeout = 300s (custom)
2023-11-06 09:26:48,290 [fadd24ee-4463-4420-97cf-bdd350ad83ae-groupManagement] INFO  server.RaftServerConfigKeys (ConfUtils.java:logGet(46)) - raft.server.leaderelection.leader.step-down.wait-time = 10s (default)
2023-11-06 09:26:48,290 [fadd24ee-4463-4420-97cf-bdd350ad83ae-groupManagement] INFO  server.RaftServerConfigKeys (ConfUtils.java:logGet(46)) - raft.server.sleep.deviation.threshold = 300ms (default)
2023-11-06 09:26:48,290 [fadd24ee-4463-4420-97cf-bdd350ad83ae-groupManagement] INFO  server.RaftServer$Division (ServerState.java:<init>(120)) - fadd24ee-4463-4420-97cf-bdd350ad83ae@group-E7ACA9F6E515: ConfigurationManager, init=-1: peers:[fadd24ee-4463-4420-97cf-bdd350ad83ae|rpc:10.1.0.6:15041|admin:10.1.0.6:15040|client:10.1.0.6:15039|dataStream:10.1.0.6:15042|priority:0|startupRole:FOLLOWER, 4cee0e49-9f18-41f8-8e67-157ccbc15955|rpc:10.1.0.6:15050|admin:10.1.0.6:15049|client:10.1.0.6:15048|dataStream:10.1.0.6:15051|priority:0|startupRole:FOLLOWER, b7b1b697-3f82-4acb-89c8-f9bc2eccfa5a|rpc:10.1.0.6:15059|admin:10.1.0.6:15058|client:10.1.0.6:15057|dataStream:10.1.0.6:15060|priority:1|startupRole:FOLLOWER]|listeners:[], old=null, confs=<EMPTY_MAP>
2023-11-06 09:26:48,290 [fadd24ee-4463-4420-97cf-bdd350ad83ae-groupManagement] INFO  server.RaftServerConfigKeys (ConfUtils.java:logGet(46)) - raft.server.storage.dir = [/home/runner/work/ozone/ozone/hadoop-ozone/integration-test/target/test-dir/MiniOzoneClusterImpl-938474ea-96d6-4bd3-a45f-678920fb0bb2/datanode-3/data/ratis] (custom)
2023-11-06 09:26:48,290 [fadd24ee-4463-4420-97cf-bdd350ad83ae-groupManagement] INFO  server.RaftServerConfigKeys (ConfUtils.java:logGet(46)) - raft.server.log.corruption.policy = EXCEPTION (default)
2023-11-06 09:26:48,290 [fadd24ee-4463-4420-97cf-bdd350ad83ae-groupManagement] INFO  server.RaftServerConfigKeys (ConfUtils.java:logGet(46)) - raft.server.storage.free-space.min = 0MB (=0) (default)
2023-11-06 09:26:48,291 [fadd24ee-4463-4420-97cf-bdd350ad83ae-groupManagement] INFO  server.RaftServerConfigKeys (ConfUtils.java:logGet(46)) - raft.server.notification.no-leader.timeout = 300s (custom)
2023-11-06 09:26:48,291 [fadd24ee-4463-4420-97cf-bdd350ad83ae-groupManagement] INFO  server.RaftServerConfigKeys (ConfUtils.java:logGet(46)) - raft.server.read.timeout = 10s (default)
2023-11-06 09:26:48,291 [fadd24ee-4463-4420-97cf-bdd350ad83ae-groupManagement] INFO  server.RaftServerConfigKeys (ConfUtils.java:logGet(46)) - raft.server.retrycache.expirytime = 600000ms (custom)
2023-11-06 09:26:48,291 [fadd24ee-4463-4420-97cf-bdd350ad83ae-groupManagement] INFO  server.RaftServerConfigKeys (ConfUtils.java:logGet(46)) - raft.server.retrycache.statistics.expirytime = 100μs (default)
2023-11-06 09:26:48,291 [fadd24ee-4463-4420-97cf-bdd350ad83ae-groupManagement] INFO  server.RaftServerConfigKeys (ConfUtils.java:logGet(46)) - raft.server.read.option = DEFAULT (default)
2023-11-06 09:26:48,292 [fadd24ee-4463-4420-97cf-bdd350ad83ae-groupManagement] INFO  server.RaftServerConfigKeys (ConfUtils.java:logGet(46)) - raft.server.rpc.request.timeout = 60s (custom)
2023-11-06 09:26:48,292 [fadd24ee-4463-4420-97cf-bdd350ad83ae-groupManagement] INFO  server.RaftServerConfigKeys (ConfUtils.java:logGet(46)) - raft.server.log.appender.install.snapshot.enabled = false (custom)
2023-11-06 09:26:48,292 [fadd24ee-4463-4420-97cf-bdd350ad83ae-groupManagement] INFO  server.RaftServerConfigKeys (ConfUtils.java:logGet(46)) - raft.server.threadpool.server.cached = true (default)
2023-11-06 09:26:48,292 [fadd24ee-4463-4420-97cf-bdd350ad83ae-groupManagement] INFO  server.RaftServerConfigKeys (ConfUtils.java:logGet(46)) - raft.server.threadpool.server.size = 0 (default)
2023-11-06 09:26:48,292 [fadd24ee-4463-4420-97cf-bdd350ad83ae-groupManagement] INFO  server.RaftServerConfigKeys (ConfUtils.java:logGet(46)) - raft.server.threadpool.client.cached = true (default)
2023-11-06 09:26:48,292 [fadd24ee-4463-4420-97cf-bdd350ad83ae-groupManagement] INFO  server.RaftServerConfigKeys (ConfUtils.java:logGet(46)) - raft.server.threadpool.client.size = 0 (default)
2023-11-06 09:26:48,292 [fadd24ee-4463-4420-97cf-bdd350ad83ae-groupManagement] INFO  storage.RaftStorageDirectory (RaftStorageDirectoryImpl.java:analyzeStorage(137)) - The storage directory /home/runner/work/ozone/ozone/hadoop-ozone/integration-test/target/test-dir/MiniOzoneClusterImpl-938474ea-96d6-4bd3-a45f-678920fb0bb2/datanode-3/data/ratis/87283212-8523-47a3-ab01-e7aca9f6e515 does not exist. Creating ...
2023-11-06 09:26:48,293 [fadd24ee-4463-4420-97cf-bdd350ad83ae-groupManagement] INFO  storage.RaftStorageDirectory (RaftStorageDirectoryImpl.java:tryLock(231)) - Lock on /home/runner/work/ozone/ozone/hadoop-ozone/integration-test/target/test-dir/MiniOzoneClusterImpl-938474ea-96d6-4bd3-a45f-678920fb0bb2/datanode-3/data/ratis/87283212-8523-47a3-ab01-e7aca9f6e515/in_use.lock acquired by nodename 20533@fv-az241-347
2023-11-06 09:26:48,294 [fadd24ee-4463-4420-97cf-bdd350ad83ae-groupManagement] INFO  storage.RaftStorage (RaftStorageImpl.java:format(96)) - Storage directory /home/runner/work/ozone/ozone/hadoop-ozone/integration-test/target/test-dir/MiniOzoneClusterImpl-938474ea-96d6-4bd3-a45f-678920fb0bb2/datanode-3/data/ratis/87283212-8523-47a3-ab01-e7aca9f6e515 has been successfully formatted.
2023-11-06 09:26:48,297 [fadd24ee-4463-4420-97cf-bdd350ad83ae-groupManagement] INFO  ratis.ContainerStateMachine (ContainerStateMachine.java:loadSnapshot(269)) - group-E7ACA9F6E515: The snapshot info is null. Setting the last applied indexto:(t:0, i:~)
2023-11-06 09:26:48,297 [fadd24ee-4463-4420-97cf-bdd350ad83ae-groupManagement] INFO  server.RaftServerConfigKeys (ConfUtils.java:logGet(46)) - raft.server.log.use.memory = false (default)
2023-11-06 09:26:48,297 [fadd24ee-4463-4420-97cf-bdd350ad83ae-groupManagement] INFO  server.RaftServerConfigKeys (ConfUtils.java:logGet(46)) - raft.server.log.purge.gap = 1000000 (custom)
2023-11-06 09:26:48,297 [fadd24ee-4463-4420-97cf-bdd350ad83ae-groupManagement] INFO  server.RaftServerConfigKeys (ConfUtils.java:logGet(46)) - raft.server.log.appender.buffer.byte-limit = 33554432 (custom)
2023-11-06 09:26:48,298 [fadd24ee-4463-4420-97cf-bdd350ad83ae-groupManagement] INFO  server.RaftServerConfigKeys (ConfUtils.java:logGet(46)) - raft.server.log.statemachine.data.read.timeout = 1000ms (default)
2023-11-06 09:26:48,298 [fadd24ee-4463-4420-97cf-bdd350ad83ae-groupManagement] INFO  server.RaftServerConfigKeys (ConfUtils.java:logGet(46)) - raft.server.log.purge.preservation.log.num = 0 (default)
2023-11-06 09:26:48,298 [fadd24ee-4463-4420-97cf-bdd350ad83ae-groupManagement] INFO  server.RaftServerConfigKeys (ConfUtils.java:logGet(46)) - raft.server.log.segment.size.max = 1048576 (custom)
2023-11-06 09:26:48,298 [fadd24ee-4463-4420-97cf-bdd350ad83ae-groupManagement] INFO  server.RaftServerConfigKeys (ConfUtils.java:logGet(46)) - raft.server.log.segment.cache.num.max = 2 (custom)
2023-11-06 09:26:48,298 [fadd24ee-4463-4420-97cf-bdd350ad83ae-groupManagement] INFO  server.RaftServerConfigKeys (ConfUtils.java:logGet(46)) - raft.server.log.segment.cache.size.max = 200MB (=209715200) (default)
2023-11-06 09:26:48,298 [fadd24ee-4463-4420-97cf-bdd350ad83ae-groupManagement] INFO  server.RaftServerConfigKeys (ConfUtils.java:logGet(46)) - raft.server.log.appender.buffer.byte-limit = 33554432 (custom)
2023-11-06 09:26:48,298 [fadd24ee-4463-4420-97cf-bdd350ad83ae-groupManagement] INFO  segmented.SegmentedRaftLogWorker (SegmentedRaftLogWorker.java:<init>(188)) - new fadd24ee-4463-4420-97cf-bdd350ad83ae@group-E7ACA9F6E515-SegmentedRaftLogWorker for RaftStorageImpl:Storage Directory /home/runner/work/ozone/ozone/hadoop-ozone/integration-test/target/test-dir/MiniOzoneClusterImpl-938474ea-96d6-4bd3-a45f-678920fb0bb2/datanode-3/data/ratis/87283212-8523-47a3-ab01-e7aca9f6e515
2023-11-06 09:26:48,298 [fadd24ee-4463-4420-97cf-bdd350ad83ae-groupManagement] INFO  server.RaftServerConfigKeys (ConfUtils.java:logGet(46)) - raft.server.log.queue.byte-limit = 4294967296 (custom)
2023-11-06 09:26:48,298 [fadd24ee-4463-4420-97cf-bdd350ad83ae-groupManagement] INFO  server.RaftServerConfigKeys (ConfUtils.java:logGet(46)) - raft.server.log.queue.element-limit = 1024 (custom)
2023-11-06 09:26:48,298 [fadd24ee-4463-4420-97cf-bdd350ad83ae-groupManagement] INFO  server.RaftServerConfigKeys (ConfUtils.java:logGet(46)) - raft.server.log.segment.size.max = 1048576 (custom)
2023-11-06 09:26:48,298 [fadd24ee-4463-4420-97cf-bdd350ad83ae-groupManagement] INFO  server.RaftServerConfigKeys (ConfUtils.java:logGet(46)) - raft.server.log.preallocated.size = 16384 (custom)
2023-11-06 09:26:48,299 [fadd24ee-4463-4420-97cf-bdd350ad83ae-groupManagement] INFO  server.RaftServerConfigKeys (ConfUtils.java:logGet(46)) - raft.server.log.force.sync.num = 128 (default)
2023-11-06 09:26:48,299 [fadd24ee-4463-4420-97cf-bdd350ad83ae-groupManagement] INFO  server.RaftServerConfigKeys (ConfUtils.java:logGet(46)) - raft.server.log.statemachine.data.sync = true (default)
2023-11-06 09:26:48,299 [fadd24ee-4463-4420-97cf-bdd350ad83ae-groupManagement] INFO  server.RaftServerConfigKeys (ConfUtils.java:logGet(46)) - raft.server.log.statemachine.data.sync.timeout = 10s (default)
2023-11-06 09:26:48,299 [fadd24ee-4463-4420-97cf-bdd350ad83ae-groupManagement] INFO  server.RaftServerConfigKeys (ConfUtils.java:logGet(46)) - raft.server.log.statemachine.data.sync.timeout.retry = -1 (default)
2023-11-06 09:26:48,299 [fadd24ee-4463-4420-97cf-bdd350ad83ae-groupManagement] INFO  server.RaftServerConfigKeys (ConfUtils.java:logGet(46)) - raft.server.log.write.buffer.size = 1048576 (custom)
2023-11-06 09:26:48,303 [fadd24ee-4463-4420-97cf-bdd350ad83ae-groupManagement] INFO  server.RaftServerConfigKeys (ConfUtils.java:logGet(46)) - raft.server.log.appender.buffer.byte-limit = 33554432 (custom)
2023-11-06 09:26:48,306 [EventQueue-OpenPipelineForHealthyPipelineSafeModeRule] INFO  safemode.SCMSafeModeManager (HealthyPipelineSafeModeRule.java:process(137)) - SCM in safe mode. Healthy pipelines reported count is 0, required healthy pipeline reported count is 1
2023-11-06 09:26:48,314 [fadd24ee-4463-4420-97cf-bdd350ad83ae-groupManagement] INFO  server.RaftServerConfigKeys (ConfUtils.java:logGet(46)) - raft.server.log.unsafe-flush.enabled = false (default)
2023-11-06 09:26:48,320 [fadd24ee-4463-4420-97cf-bdd350ad83ae-groupManagement] INFO  server.RaftServerConfigKeys (ConfUtils.java:logGet(46)) - raft.server.log.async-flush.enabled = false (default)
2023-11-06 09:26:48,320 [fadd24ee-4463-4420-97cf-bdd350ad83ae-groupManagement] INFO  server.RaftServerConfigKeys (ConfUtils.java:logGet(46)) - raft.server.log.statemachine.data.caching.enabled = true (custom)
2023-11-06 09:26:48,320 [fadd24ee-4463-4420-97cf-bdd350ad83ae-groupManagement] INFO  segmented.SegmentedRaftLogWorker (SegmentedRaftLogWorker.java:lambda$new$0(135)) - fadd24ee-4463-4420-97cf-bdd350ad83ae@group-E7ACA9F6E515-SegmentedRaftLogWorker: flushIndex: setUnconditionally 0 -> -1
2023-11-06 09:26:48,320 [fadd24ee-4463-4420-97cf-bdd350ad83ae-groupManagement] INFO  segmented.SegmentedRaftLogWorker (SegmentedRaftLogWorker.java:lambda$new$0(135)) - fadd24ee-4463-4420-97cf-bdd350ad83ae@group-E7ACA9F6E515-SegmentedRaftLogWorker: safeCacheEvictIndex: setUnconditionally 0 -> -1
2023-11-06 09:26:48,338 [grpc-default-executor-0] INFO  server.RaftServer (RaftServerProxy.java:addNew(98)) - 92ba0aed-1dcc-4895-b5bb-fc45f440be2e: addNew group-6DBCDF991ECB:[92ba0aed-1dcc-4895-b5bb-fc45f440be2e|rpc:10.1.0.6:15068|admin:10.1.0.6:15067|client:10.1.0.6:15066|dataStream:10.1.0.6:15069|priority:0|startupRole:FOLLOWER, 18227f38-d602-4438-971e-c9cd287df9cb|rpc:10.1.0.6:15077|admin:10.1.0.6:15076|client:10.1.0.6:15075|dataStream:10.1.0.6:15078|priority:1|startupRole:FOLLOWER, 5f7d9b36-4620-4ba9-8a78-929bd6ddd1f9|rpc:10.1.0.6:15086|admin:10.1.0.6:15085|client:10.1.0.6:15084|dataStream:10.1.0.6:15087|priority:0|startupRole:FOLLOWER] returns group-6DBCDF991ECB:java.util.concurrent.CompletableFuture@cd0d734[Not completed]
2023-11-06 09:26:48,339 [92ba0aed-1dcc-4895-b5bb-fc45f440be2e-groupManagement] INFO  server.RaftServer$Division (RaftServerImpl.java:<init>(198)) - 92ba0aed-1dcc-4895-b5bb-fc45f440be2e: new RaftServerImpl for group-6DBCDF991ECB:[92ba0aed-1dcc-4895-b5bb-fc45f440be2e|rpc:10.1.0.6:15068|admin:10.1.0.6:15067|client:10.1.0.6:15066|dataStream:10.1.0.6:15069|priority:0|startupRole:FOLLOWER, 18227f38-d602-4438-971e-c9cd287df9cb|rpc:10.1.0.6:15077|admin:10.1.0.6:15076|client:10.1.0.6:15075|dataStream:10.1.0.6:15078|priority:1|startupRole:FOLLOWER, 5f7d9b36-4620-4ba9-8a78-929bd6ddd1f9|rpc:10.1.0.6:15086|admin:10.1.0.6:15085|client:10.1.0.6:15084|dataStream:10.1.0.6:15087|priority:0|startupRole:FOLLOWER] with ContainerStateMachine:uninitialized
2023-11-06 09:26:48,339 [92ba0aed-1dcc-4895-b5bb-fc45f440be2e-groupManagement] INFO  server.RaftServerConfigKeys (ConfUtils.java:logGet(46)) - raft.server.rpc.timeout.min = 5s (custom)
2023-11-06 09:26:48,339 [92ba0aed-1dcc-4895-b5bb-fc45f440be2e-groupManagement] INFO  server.RaftServerConfigKeys (ConfUtils.java:logGet(46)) - raft.server.rpc.timeout.max = 5200ms (custom)
2023-11-06 09:26:48,340 [92ba0aed-1dcc-4895-b5bb-fc45f440be2e-groupManagement] INFO  server.RaftServerConfigKeys (ConfUtils.java:logGet(46)) - raft.server.rpc.sleep.time = 25ms (default)
2023-11-06 09:26:48,340 [92ba0aed-1dcc-4895-b5bb-fc45f440be2e-groupManagement] INFO  server.RaftServerConfigKeys (ConfUtils.java:logGet(46)) - raft.server.rpc.slowness.timeout = 300s (custom)
2023-11-06 09:26:48,340 [92ba0aed-1dcc-4895-b5bb-fc45f440be2e-groupManagement] INFO  server.RaftServerConfigKeys (ConfUtils.java:logGet(46)) - raft.server.leaderelection.leader.step-down.wait-time = 10s (default)
2023-11-06 09:26:48,340 [92ba0aed-1dcc-4895-b5bb-fc45f440be2e-groupManagement] INFO  server.RaftServerConfigKeys (ConfUtils.java:logGet(46)) - raft.server.sleep.deviation.threshold = 300ms (default)
2023-11-06 09:26:48,340 [92ba0aed-1dcc-4895-b5bb-fc45f440be2e-groupManagement] INFO  server.RaftServer$Division (ServerState.java:<init>(120)) - 92ba0aed-1dcc-4895-b5bb-fc45f440be2e@group-6DBCDF991ECB: ConfigurationManager, init=-1: peers:[92ba0aed-1dcc-4895-b5bb-fc45f440be2e|rpc:10.1.0.6:15068|admin:10.1.0.6:15067|client:10.1.0.6:15066|dataStream:10.1.0.6:15069|priority:0|startupRole:FOLLOWER, 18227f38-d602-4438-971e-c9cd287df9cb|rpc:10.1.0.6:15077|admin:10.1.0.6:15076|client:10.1.0.6:15075|dataStream:10.1.0.6:15078|priority:1|startupRole:FOLLOWER, 5f7d9b36-4620-4ba9-8a78-929bd6ddd1f9|rpc:10.1.0.6:15086|admin:10.1.0.6:15085|client:10.1.0.6:15084|dataStream:10.1.0.6:15087|priority:0|startupRole:FOLLOWER]|listeners:[], old=null, confs=<EMPTY_MAP>
2023-11-06 09:26:48,340 [92ba0aed-1dcc-4895-b5bb-fc45f440be2e-groupManagement] INFO  server.RaftServerConfigKeys (ConfUtils.java:logGet(46)) - raft.server.storage.dir = [/home/runner/work/ozone/ozone/hadoop-ozone/integration-test/target/test-dir/MiniOzoneClusterImpl-938474ea-96d6-4bd3-a45f-678920fb0bb2/datanode-6/data/ratis] (custom)
2023-11-06 09:26:48,340 [92ba0aed-1dcc-4895-b5bb-fc45f440be2e-groupManagement] INFO  server.RaftServerConfigKeys (ConfUtils.java:logGet(46)) - raft.server.log.corruption.policy = EXCEPTION (default)
2023-11-06 09:26:48,340 [92ba0aed-1dcc-4895-b5bb-fc45f440be2e-groupManagement] INFO  server.RaftServerConfigKeys (ConfUtils.java:logGet(46)) - raft.server.storage.free-space.min = 0MB (=0) (default)
2023-11-06 09:26:48,340 [92ba0aed-1dcc-4895-b5bb-fc45f440be2e-groupManagement] INFO  server.RaftServerConfigKeys (ConfUtils.java:logGet(46)) - raft.server.notification.no-leader.timeout = 300s (custom)
2023-11-06 09:26:48,340 [92ba0aed-1dcc-4895-b5bb-fc45f440be2e-groupManagement] INFO  server.RaftServerConfigKeys (ConfUtils.java:logGet(46)) - raft.server.read.timeout = 10s (default)
2023-11-06 09:26:48,340 [92ba0aed-1dcc-4895-b5bb-fc45f440be2e-groupManagement] INFO  server.RaftServerConfigKeys (ConfUtils.java:logGet(46)) - raft.server.retrycache.expirytime = 600000ms (custom)
2023-11-06 09:26:48,340 [92ba0aed-1dcc-4895-b5bb-fc45f440be2e-groupManagement] INFO  server.RaftServerConfigKeys (ConfUtils.java:logGet(46)) - raft.server.retrycache.statistics.expirytime = 100μs (default)
2023-11-06 09:26:48,340 [92ba0aed-1dcc-4895-b5bb-fc45f440be2e-groupManagement] INFO  server.RaftServerConfigKeys (ConfUtils.java:logGet(46)) - raft.server.read.option = DEFAULT (default)
2023-11-06 09:26:48,346 [fadd24ee-4463-4420-97cf-bdd350ad83ae-groupManagement] INFO  server.RaftServer$Division (RaftServerImpl.java:start(342)) - fadd24ee-4463-4420-97cf-bdd350ad83ae@group-E7ACA9F6E515: start as a follower, conf=-1: peers:[fadd24ee-4463-4420-97cf-bdd350ad83ae|rpc:10.1.0.6:15041|admin:10.1.0.6:15040|client:10.1.0.6:15039|dataStream:10.1.0.6:15042|priority:0|startupRole:FOLLOWER, 4cee0e49-9f18-41f8-8e67-157ccbc15955|rpc:10.1.0.6:15050|admin:10.1.0.6:15049|client:10.1.0.6:15048|dataStream:10.1.0.6:15051|priority:0|startupRole:FOLLOWER, b7b1b697-3f82-4acb-89c8-f9bc2eccfa5a|rpc:10.1.0.6:15059|admin:10.1.0.6:15058|client:10.1.0.6:15057|dataStream:10.1.0.6:15060|priority:1|startupRole:FOLLOWER]|listeners:[], old=null
2023-11-06 09:26:48,347 [fadd24ee-4463-4420-97cf-bdd350ad83ae-groupManagement] INFO  server.RaftServer$Division (RaftServerImpl.java:setRole(329)) - fadd24ee-4463-4420-97cf-bdd350ad83ae@group-E7ACA9F6E515: changes role from      null to FOLLOWER at term 0 for startAsFollower
2023-11-06 09:26:48,347 [fadd24ee-4463-4420-97cf-bdd350ad83ae-groupManagement] INFO  impl.RoleInfo (RoleInfo.java:updateAndGet(139)) - fadd24ee-4463-4420-97cf-bdd350ad83ae: start fadd24ee-4463-4420-97cf-bdd350ad83ae@group-E7ACA9F6E515-FollowerState
2023-11-06 09:26:48,348 [fadd24ee-4463-4420-97cf-bdd350ad83ae-groupManagement] INFO  util.JmxRegister (JmxRegister.java:tryRegister(44)) - Successfully registered JMX Bean with object name Ratis:service=RaftServer,group=group-E7ACA9F6E515,id=fadd24ee-4463-4420-97cf-bdd350ad83ae
2023-11-06 09:26:48,348 [fadd24ee-4463-4420-97cf-bdd350ad83ae-groupManagement] INFO  server.RaftServerConfigKeys (ConfUtils.java:logGet(46)) - raft.server.snapshot.auto.trigger.enabled = true (custom)
2023-11-06 09:26:48,348 [fadd24ee-4463-4420-97cf-bdd350ad83ae-groupManagement] INFO  server.RaftServerConfigKeys (ConfUtils.java:logGet(46)) - raft.server.snapshot.auto.trigger.threshold = 10000 (custom)
2023-11-06 09:26:48,348 [fadd24ee-4463-4420-97cf-bdd350ad83ae-groupManagement] INFO  server.RaftServerConfigKeys (ConfUtils.java:logGet(46)) - raft.server.snapshot.retention.file.num = 5 (custom)
2023-11-06 09:26:48,348 [fadd24ee-4463-4420-97cf-bdd350ad83ae-groupManagement] INFO  server.RaftServerConfigKeys (ConfUtils.java:logGet(46)) - raft.server.log.purge.upto.snapshot.index = false (default)
2023-11-06 09:26:48,348 [fadd24ee-4463-4420-97cf-bdd350ad83ae@group-E7ACA9F6E515-FollowerState] INFO  server.RaftServerConfigKeys (ConfUtils.java:logFallback(53)) - raft.server.rpc.first-election.timeout.min = 5s (fallback to raft.server.rpc.timeout.min)
2023-11-06 09:26:48,349 [fadd24ee-4463-4420-97cf-bdd350ad83ae@group-E7ACA9F6E515-FollowerState] INFO  server.RaftServerConfigKeys (ConfUtils.java:logFallback(53)) - raft.server.rpc.first-election.timeout.max = 5200ms (fallback to raft.server.rpc.timeout.max)
2023-11-06 09:26:48,353 [92ba0aed-1dcc-4895-b5bb-fc45f440be2e-groupManagement] INFO  server.RaftServerConfigKeys (ConfUtils.java:logGet(46)) - raft.server.rpc.request.timeout = 60s (custom)
2023-11-06 09:26:48,353 [92ba0aed-1dcc-4895-b5bb-fc45f440be2e-groupManagement] INFO  server.RaftServerConfigKeys (ConfUtils.java:logGet(46)) - raft.server.log.appender.install.snapshot.enabled = false (custom)
2023-11-06 09:26:48,353 [92ba0aed-1dcc-4895-b5bb-fc45f440be2e-groupManagement] INFO  server.RaftServerConfigKeys (ConfUtils.java:logGet(46)) - raft.server.threadpool.server.cached = true (default)
2023-11-06 09:26:48,353 [92ba0aed-1dcc-4895-b5bb-fc45f440be2e-groupManagement] INFO  server.RaftServerConfigKeys (ConfUtils.java:logGet(46)) - raft.server.threadpool.server.size = 0 (default)
2023-11-06 09:26:48,353 [92ba0aed-1dcc-4895-b5bb-fc45f440be2e-groupManagement] INFO  server.RaftServerConfigKeys (ConfUtils.java:logGet(46)) - raft.server.threadpool.client.cached = true (default)
2023-11-06 09:26:48,353 [92ba0aed-1dcc-4895-b5bb-fc45f440be2e-groupManagement] INFO  server.RaftServerConfigKeys (ConfUtils.java:logGet(46)) - raft.server.threadpool.client.size = 0 (default)
2023-11-06 09:26:48,353 [92ba0aed-1dcc-4895-b5bb-fc45f440be2e-groupManagement] INFO  storage.RaftStorageDirectory (RaftStorageDirectoryImpl.java:analyzeStorage(137)) - The storage directory /home/runner/work/ozone/ozone/hadoop-ozone/integration-test/target/test-dir/MiniOzoneClusterImpl-938474ea-96d6-4bd3-a45f-678920fb0bb2/datanode-6/data/ratis/fb9ddc8c-4fb4-4244-839f-6dbcdf991ecb does not exist. Creating ...
2023-11-06 09:26:48,354 [92ba0aed-1dcc-4895-b5bb-fc45f440be2e-groupManagement] INFO  storage.RaftStorageDirectory (RaftStorageDirectoryImpl.java:tryLock(231)) - Lock on /home/runner/work/ozone/ozone/hadoop-ozone/integration-test/target/test-dir/MiniOzoneClusterImpl-938474ea-96d6-4bd3-a45f-678920fb0bb2/datanode-6/data/ratis/fb9ddc8c-4fb4-4244-839f-6dbcdf991ecb/in_use.lock acquired by nodename 20533@fv-az241-347
2023-11-06 09:26:48,355 [92ba0aed-1dcc-4895-b5bb-fc45f440be2e-groupManagement] INFO  storage.RaftStorage (RaftStorageImpl.java:format(96)) - Storage directory /home/runner/work/ozone/ozone/hadoop-ozone/integration-test/target/test-dir/MiniOzoneClusterImpl-938474ea-96d6-4bd3-a45f-678920fb0bb2/datanode-6/data/ratis/fb9ddc8c-4fb4-4244-839f-6dbcdf991ecb has been successfully formatted.
2023-11-06 09:26:48,357 [92ba0aed-1dcc-4895-b5bb-fc45f440be2e-groupManagement] INFO  ratis.ContainerStateMachine (ContainerStateMachine.java:loadSnapshot(269)) - group-6DBCDF991ECB: The snapshot info is null. Setting the last applied indexto:(t:0, i:~)
2023-11-06 09:26:48,357 [92ba0aed-1dcc-4895-b5bb-fc45f440be2e-groupManagement] INFO  server.RaftServerConfigKeys (ConfUtils.java:logGet(46)) - raft.server.log.use.memory = false (default)
2023-11-06 09:26:48,358 [92ba0aed-1dcc-4895-b5bb-fc45f440be2e-groupManagement] INFO  server.RaftServerConfigKeys (ConfUtils.java:logGet(46)) - raft.server.log.purge.gap = 1000000 (custom)
2023-11-06 09:26:48,359 [92ba0aed-1dcc-4895-b5bb-fc45f440be2e-groupManagement] INFO  server.RaftServerConfigKeys (ConfUtils.java:logGet(46)) - raft.server.log.appender.buffer.byte-limit = 33554432 (custom)
2023-11-06 09:26:48,359 [92ba0aed-1dcc-4895-b5bb-fc45f440be2e-groupManagement] INFO  server.RaftServerConfigKeys (ConfUtils.java:logGet(46)) - raft.server.log.statemachine.data.read.timeout = 1000ms (default)
2023-11-06 09:26:48,359 [92ba0aed-1dcc-4895-b5bb-fc45f440be2e-groupManagement] INFO  server.RaftServerConfigKeys (ConfUtils.java:logGet(46)) - raft.server.log.purge.preservation.log.num = 0 (default)
2023-11-06 09:26:48,360 [92ba0aed-1dcc-4895-b5bb-fc45f440be2e-groupManagement] INFO  server.RaftServerConfigKeys (ConfUtils.java:logGet(46)) - raft.server.log.segment.size.max = 1048576 (custom)
2023-11-06 09:26:48,361 [92ba0aed-1dcc-4895-b5bb-fc45f440be2e-groupManagement] INFO  server.RaftServerConfigKeys (ConfUtils.java:logGet(46)) - raft.server.log.segment.cache.num.max = 2 (custom)
2023-11-06 09:26:48,361 [92ba0aed-1dcc-4895-b5bb-fc45f440be2e-groupManagement] INFO  server.RaftServerConfigKeys (ConfUtils.java:logGet(46)) - raft.server.log.segment.cache.size.max = 200MB (=209715200) (default)
2023-11-06 09:26:48,361 [92ba0aed-1dcc-4895-b5bb-fc45f440be2e-groupManagement] INFO  server.RaftServerConfigKeys (ConfUtils.java:logGet(46)) - raft.server.log.appender.buffer.byte-limit = 33554432 (custom)
2023-11-06 09:26:48,362 [92ba0aed-1dcc-4895-b5bb-fc45f440be2e-groupManagement] INFO  segmented.SegmentedRaftLogWorker (SegmentedRaftLogWorker.java:<init>(188)) - new 92ba0aed-1dcc-4895-b5bb-fc45f440be2e@group-6DBCDF991ECB-SegmentedRaftLogWorker for RaftStorageImpl:Storage Directory /home/runner/work/ozone/ozone/hadoop-ozone/integration-test/target/test-dir/MiniOzoneClusterImpl-938474ea-96d6-4bd3-a45f-678920fb0bb2/datanode-6/data/ratis/fb9ddc8c-4fb4-4244-839f-6dbcdf991ecb
2023-11-06 09:26:48,362 [EventQueue-OpenPipelineForHealthyPipelineSafeModeRule] INFO  safemode.SCMSafeModeManager (HealthyPipelineSafeModeRule.java:process(137)) - SCM in safe mode. Healthy pipelines reported count is 0, required healthy pipeline reported count is 1
2023-11-06 09:26:48,373 [92ba0aed-1dcc-4895-b5bb-fc45f440be2e-groupManagement] INFO  server.RaftServerConfigKeys (ConfUtils.java:logGet(46)) - raft.server.log.queue.byte-limit = 4294967296 (custom)
2023-11-06 09:26:48,374 [92ba0aed-1dcc-4895-b5bb-fc45f440be2e-groupManagement] INFO  server.RaftServerConfigKeys (ConfUtils.java:logGet(46)) - raft.server.log.queue.element-limit = 1024 (custom)
2023-11-06 09:26:48,371 [fadd24ee-4463-4420-97cf-bdd350ad83ae-PipelineCommandHandlerThread-0] INFO  ratis.XceiverServerRatis (XceiverServerRatis.java:addGroup(805)) - Created group PipelineID=87283212-8523-47a3-ab01-e7aca9f6e515
2023-11-06 09:26:48,374 [92ba0aed-1dcc-4895-b5bb-fc45f440be2e-groupManagement] INFO  server.RaftServerConfigKeys (ConfUtils.java:logGet(46)) - raft.server.log.segment.size.max = 1048576 (custom)
2023-11-06 09:26:48,374 [92ba0aed-1dcc-4895-b5bb-fc45f440be2e-groupManagement] INFO  server.RaftServerConfigKeys (ConfUtils.java:logGet(46)) - raft.server.log.preallocated.size = 16384 (custom)
2023-11-06 09:26:48,374 [92ba0aed-1dcc-4895-b5bb-fc45f440be2e-groupManagement] INFO  server.RaftServerConfigKeys (ConfUtils.java:logGet(46)) - raft.server.log.force.sync.num = 128 (default)
2023-11-06 09:26:48,375 [92ba0aed-1dcc-4895-b5bb-fc45f440be2e-groupManagement] INFO  server.RaftServerConfigKeys (ConfUtils.java:logGet(46)) - raft.server.log.statemachine.data.sync = true (default)
2023-11-06 09:26:48,375 [92ba0aed-1dcc-4895-b5bb-fc45f440be2e-groupManagement] INFO  server.RaftServerConfigKeys (ConfUtils.java:logGet(46)) - raft.server.log.statemachine.data.sync.timeout = 10s (default)
2023-11-06 09:26:48,375 [92ba0aed-1dcc-4895-b5bb-fc45f440be2e-groupManagement] INFO  server.RaftServerConfigKeys (ConfUtils.java:logGet(46)) - raft.server.log.statemachine.data.sync.timeout.retry = -1 (default)
2023-11-06 09:26:48,375 [92ba0aed-1dcc-4895-b5bb-fc45f440be2e-groupManagement] INFO  server.RaftServerConfigKeys (ConfUtils.java:logGet(46)) - raft.server.log.write.buffer.size = 1048576 (custom)
2023-11-06 09:26:48,377 [92ba0aed-1dcc-4895-b5bb-fc45f440be2e-groupManagement] INFO  server.RaftServerConfigKeys (ConfUtils.java:logGet(46)) - raft.server.log.appender.buffer.byte-limit = 33554432 (custom)
2023-11-06 09:26:48,379 [4cee0e49-9f18-41f8-8e67-157ccbc15955-PipelineCommandHandlerThread-0] INFO  commandhandler.CreatePipelineCommandHandler (CreatePipelineCommandHandler.java:lambda$handle$2(124)) - Created Pipeline RATIS THREE PipelineID=20ad4e29-1d2c-4b5d-8722-67654037fcfa.
2023-11-06 09:26:48,382 [4cee0e49-9f18-41f8-8e67-157ccbc15955-PipelineCommandHandlerThread-0] INFO  server.RaftServer (RaftServerProxy.java:addNew(98)) - 4cee0e49-9f18-41f8-8e67-157ccbc15955: addNew group-E7ACA9F6E515:[fadd24ee-4463-4420-97cf-bdd350ad83ae|rpc:10.1.0.6:15041|admin:10.1.0.6:15040|client:10.1.0.6:15039|dataStream:10.1.0.6:15042|priority:0|startupRole:FOLLOWER, 4cee0e49-9f18-41f8-8e67-157ccbc15955|rpc:10.1.0.6:15050|admin:10.1.0.6:15049|client:10.1.0.6:15048|dataStream:10.1.0.6:15051|priority:0|startupRole:FOLLOWER, b7b1b697-3f82-4acb-89c8-f9bc2eccfa5a|rpc:10.1.0.6:15059|admin:10.1.0.6:15058|client:10.1.0.6:15057|dataStream:10.1.0.6:15060|priority:1|startupRole:FOLLOWER] returns group-E7ACA9F6E515:java.util.concurrent.CompletableFuture@37850677[Not completed]
2023-11-06 09:26:48,383 [4cee0e49-9f18-41f8-8e67-157ccbc15955-groupManagement] INFO  server.RaftServer$Division (RaftServerImpl.java:<init>(198)) - 4cee0e49-9f18-41f8-8e67-157ccbc15955: new RaftServerImpl for group-E7ACA9F6E515:[fadd24ee-4463-4420-97cf-bdd350ad83ae|rpc:10.1.0.6:15041|admin:10.1.0.6:15040|client:10.1.0.6:15039|dataStream:10.1.0.6:15042|priority:0|startupRole:FOLLOWER, 4cee0e49-9f18-41f8-8e67-157ccbc15955|rpc:10.1.0.6:15050|admin:10.1.0.6:15049|client:10.1.0.6:15048|dataStream:10.1.0.6:15051|priority:0|startupRole:FOLLOWER, b7b1b697-3f82-4acb-89c8-f9bc2eccfa5a|rpc:10.1.0.6:15059|admin:10.1.0.6:15058|client:10.1.0.6:15057|dataStream:10.1.0.6:15060|priority:1|startupRole:FOLLOWER] with ContainerStateMachine:uninitialized
2023-11-06 09:26:48,383 [4cee0e49-9f18-41f8-8e67-157ccbc15955-groupManagement] INFO  server.RaftServerConfigKeys (ConfUtils.java:logGet(46)) - raft.server.rpc.timeout.min = 5s (custom)
2023-11-06 09:26:48,383 [4cee0e49-9f18-41f8-8e67-157ccbc15955-groupManagement] INFO  server.RaftServerConfigKeys (ConfUtils.java:logGet(46)) - raft.server.rpc.timeout.max = 5200ms (custom)
2023-11-06 09:26:48,383 [4cee0e49-9f18-41f8-8e67-157ccbc15955-groupManagement] INFO  server.RaftServerConfigKeys (ConfUtils.java:logGet(46)) - raft.server.rpc.sleep.time = 25ms (default)
2023-11-06 09:26:48,383 [4cee0e49-9f18-41f8-8e67-157ccbc15955-groupManagement] INFO  server.RaftServerConfigKeys (ConfUtils.java:logGet(46)) - raft.server.rpc.slowness.timeout = 300s (custom)
2023-11-06 09:26:48,383 [4cee0e49-9f18-41f8-8e67-157ccbc15955-groupManagement] INFO  server.RaftServerConfigKeys (ConfUtils.java:logGet(46)) - raft.server.leaderelection.leader.step-down.wait-time = 10s (default)
2023-11-06 09:26:48,383 [4cee0e49-9f18-41f8-8e67-157ccbc15955-groupManagement] INFO  server.RaftServerConfigKeys (ConfUtils.java:logGet(46)) - raft.server.sleep.deviation.threshold = 300ms (default)
2023-11-06 09:26:48,383 [4cee0e49-9f18-41f8-8e67-157ccbc15955-groupManagement] INFO  server.RaftServer$Division (ServerState.java:<init>(120)) - 4cee0e49-9f18-41f8-8e67-157ccbc15955@group-E7ACA9F6E515: ConfigurationManager, init=-1: peers:[fadd24ee-4463-4420-97cf-bdd350ad83ae|rpc:10.1.0.6:15041|admin:10.1.0.6:15040|client:10.1.0.6:15039|dataStream:10.1.0.6:15042|priority:0|startupRole:FOLLOWER, 4cee0e49-9f18-41f8-8e67-157ccbc15955|rpc:10.1.0.6:15050|admin:10.1.0.6:15049|client:10.1.0.6:15048|dataStream:10.1.0.6:15051|priority:0|startupRole:FOLLOWER, b7b1b697-3f82-4acb-89c8-f9bc2eccfa5a|rpc:10.1.0.6:15059|admin:10.1.0.6:15058|client:10.1.0.6:15057|dataStream:10.1.0.6:15060|priority:1|startupRole:FOLLOWER]|listeners:[], old=null, confs=<EMPTY_MAP>
2023-11-06 09:26:48,383 [4cee0e49-9f18-41f8-8e67-157ccbc15955-groupManagement] INFO  server.RaftServerConfigKeys (ConfUtils.java:logGet(46)) - raft.server.storage.dir = [/home/runner/work/ozone/ozone/hadoop-ozone/integration-test/target/test-dir/MiniOzoneClusterImpl-938474ea-96d6-4bd3-a45f-678920fb0bb2/datanode-4/data/ratis] (custom)
2023-11-06 09:26:48,383 [4cee0e49-9f18-41f8-8e67-157ccbc15955-groupManagement] INFO  server.RaftServerConfigKeys (ConfUtils.java:logGet(46)) - raft.server.log.corruption.policy = EXCEPTION (default)
2023-11-06 09:26:48,383 [4cee0e49-9f18-41f8-8e67-157ccbc15955-groupManagement] INFO  server.RaftServerConfigKeys (ConfUtils.java:logGet(46)) - raft.server.storage.free-space.min = 0MB (=0) (default)
2023-11-06 09:26:48,384 [4cee0e49-9f18-41f8-8e67-157ccbc15955-groupManagement] INFO  server.RaftServerConfigKeys (ConfUtils.java:logGet(46)) - raft.server.notification.no-leader.timeout = 300s (custom)
2023-11-06 09:26:48,384 [4cee0e49-9f18-41f8-8e67-157ccbc15955-groupManagement] INFO  server.RaftServerConfigKeys (ConfUtils.java:logGet(46)) - raft.server.read.timeout = 10s (default)
2023-11-06 09:26:48,384 [4cee0e49-9f18-41f8-8e67-157ccbc15955-groupManagement] INFO  server.RaftServerConfigKeys (ConfUtils.java:logGet(46)) - raft.server.retrycache.expirytime = 600000ms (custom)
2023-11-06 09:26:48,384 [4cee0e49-9f18-41f8-8e67-157ccbc15955-groupManagement] INFO  server.RaftServerConfigKeys (ConfUtils.java:logGet(46)) - raft.server.retrycache.statistics.expirytime = 100μs (default)
2023-11-06 09:26:48,384 [4cee0e49-9f18-41f8-8e67-157ccbc15955-groupManagement] INFO  server.RaftServerConfigKeys (ConfUtils.java:logGet(46)) - raft.server.read.option = DEFAULT (default)
2023-11-06 09:26:48,385 [4cee0e49-9f18-41f8-8e67-157ccbc15955-groupManagement] INFO  server.RaftServerConfigKeys (ConfUtils.java:logGet(46)) - raft.server.rpc.request.timeout = 60s (custom)
2023-11-06 09:26:48,386 [4cee0e49-9f18-41f8-8e67-157ccbc15955-groupManagement] INFO  server.RaftServerConfigKeys (ConfUtils.java:logGet(46)) - raft.server.log.appender.install.snapshot.enabled = false (custom)
2023-11-06 09:26:48,386 [4cee0e49-9f18-41f8-8e67-157ccbc15955-groupManagement] INFO  server.RaftServerConfigKeys (ConfUtils.java:logGet(46)) - raft.server.threadpool.server.cached = true (default)
2023-11-06 09:26:48,386 [4cee0e49-9f18-41f8-8e67-157ccbc15955-groupManagement] INFO  server.RaftServerConfigKeys (ConfUtils.java:logGet(46)) - raft.server.threadpool.server.size = 0 (default)
2023-11-06 09:26:48,387 [4cee0e49-9f18-41f8-8e67-157ccbc15955-groupManagement] INFO  server.RaftServerConfigKeys (ConfUtils.java:logGet(46)) - raft.server.threadpool.client.cached = true (default)
2023-11-06 09:26:48,387 [4cee0e49-9f18-41f8-8e67-157ccbc15955-groupManagement] INFO  server.RaftServerConfigKeys (ConfUtils.java:logGet(46)) - raft.server.threadpool.client.size = 0 (default)
2023-11-06 09:26:48,387 [4cee0e49-9f18-41f8-8e67-157ccbc15955-groupManagement] INFO  storage.RaftStorageDirectory (RaftStorageDirectoryImpl.java:analyzeStorage(137)) - The storage directory /home/runner/work/ozone/ozone/hadoop-ozone/integration-test/target/test-dir/MiniOzoneClusterImpl-938474ea-96d6-4bd3-a45f-678920fb0bb2/datanode-4/data/ratis/87283212-8523-47a3-ab01-e7aca9f6e515 does not exist. Creating ...
2023-11-06 09:26:48,392 [4cee0e49-9f18-41f8-8e67-157ccbc15955-groupManagement] INFO  storage.RaftStorageDirectory (RaftStorageDirectoryImpl.java:tryLock(231)) - Lock on /home/runner/work/ozone/ozone/hadoop-ozone/integration-test/target/test-dir/MiniOzoneClusterImpl-938474ea-96d6-4bd3-a45f-678920fb0bb2/datanode-4/data/ratis/87283212-8523-47a3-ab01-e7aca9f6e515/in_use.lock acquired by nodename 20533@fv-az241-347
2023-11-06 09:26:48,395 [4cee0e49-9f18-41f8-8e67-157ccbc15955-groupManagement] INFO  storage.RaftStorage (RaftStorageImpl.java:format(96)) - Storage directory /home/runner/work/ozone/ozone/hadoop-ozone/integration-test/target/test-dir/MiniOzoneClusterImpl-938474ea-96d6-4bd3-a45f-678920fb0bb2/datanode-4/data/ratis/87283212-8523-47a3-ab01-e7aca9f6e515 has been successfully formatted.
2023-11-06 09:26:48,398 [92ba0aed-1dcc-4895-b5bb-fc45f440be2e-groupManagement] INFO  server.RaftServerConfigKeys (ConfUtils.java:logGet(46)) - raft.server.log.unsafe-flush.enabled = false (default)
2023-11-06 09:26:48,398 [92ba0aed-1dcc-4895-b5bb-fc45f440be2e-groupManagement] INFO  server.RaftServerConfigKeys (ConfUtils.java:logGet(46)) - raft.server.log.async-flush.enabled = false (default)
2023-11-06 09:26:48,398 [92ba0aed-1dcc-4895-b5bb-fc45f440be2e-groupManagement] INFO  server.RaftServerConfigKeys (ConfUtils.java:logGet(46)) - raft.server.log.statemachine.data.caching.enabled = true (custom)
2023-11-06 09:26:48,399 [92ba0aed-1dcc-4895-b5bb-fc45f440be2e-groupManagement] INFO  segmented.SegmentedRaftLogWorker (SegmentedRaftLogWorker.java:lambda$new$0(135)) - 92ba0aed-1dcc-4895-b5bb-fc45f440be2e@group-6DBCDF991ECB-SegmentedRaftLogWorker: flushIndex: setUnconditionally 0 -> -1
2023-11-06 09:26:48,399 [92ba0aed-1dcc-4895-b5bb-fc45f440be2e-groupManagement] INFO  segmented.SegmentedRaftLogWorker (SegmentedRaftLogWorker.java:lambda$new$0(135)) - 92ba0aed-1dcc-4895-b5bb-fc45f440be2e@group-6DBCDF991ECB-SegmentedRaftLogWorker: safeCacheEvictIndex: setUnconditionally 0 -> -1
2023-11-06 09:26:48,399 [92ba0aed-1dcc-4895-b5bb-fc45f440be2e-groupManagement] INFO  server.RaftServer$Division (RaftServerImpl.java:start(342)) - 92ba0aed-1dcc-4895-b5bb-fc45f440be2e@group-6DBCDF991ECB: start as a follower, conf=-1: peers:[92ba0aed-1dcc-4895-b5bb-fc45f440be2e|rpc:10.1.0.6:15068|admin:10.1.0.6:15067|client:10.1.0.6:15066|dataStream:10.1.0.6:15069|priority:0|startupRole:FOLLOWER, 18227f38-d602-4438-971e-c9cd287df9cb|rpc:10.1.0.6:15077|admin:10.1.0.6:15076|client:10.1.0.6:15075|dataStream:10.1.0.6:15078|priority:1|startupRole:FOLLOWER, 5f7d9b36-4620-4ba9-8a78-929bd6ddd1f9|rpc:10.1.0.6:15086|admin:10.1.0.6:15085|client:10.1.0.6:15084|dataStream:10.1.0.6:15087|priority:0|startupRole:FOLLOWER]|listeners:[], old=null
2023-11-06 09:26:48,399 [92ba0aed-1dcc-4895-b5bb-fc45f440be2e-groupManagement] INFO  server.RaftServer$Division (RaftServerImpl.java:setRole(329)) - 92ba0aed-1dcc-4895-b5bb-fc45f440be2e@group-6DBCDF991ECB: changes role from      null to FOLLOWER at term 0 for startAsFollower
2023-11-06 09:26:48,399 [92ba0aed-1dcc-4895-b5bb-fc45f440be2e-groupManagement] INFO  impl.RoleInfo (RoleInfo.java:updateAndGet(139)) - 92ba0aed-1dcc-4895-b5bb-fc45f440be2e: start 92ba0aed-1dcc-4895-b5bb-fc45f440be2e@group-6DBCDF991ECB-FollowerState
2023-11-06 09:26:48,403 [92ba0aed-1dcc-4895-b5bb-fc45f440be2e-groupManagement] INFO  util.JmxRegister (JmxRegister.java:tryRegister(44)) - Successfully registered JMX Bean with object name Ratis:service=RaftServer,group=group-6DBCDF991ECB,id=92ba0aed-1dcc-4895-b5bb-fc45f440be2e
2023-11-06 09:26:48,403 [92ba0aed-1dcc-4895-b5bb-fc45f440be2e-groupManagement] INFO  server.RaftServerConfigKeys (ConfUtils.java:logGet(46)) - raft.server.snapshot.auto.trigger.enabled = true (custom)
2023-11-06 09:26:48,403 [92ba0aed-1dcc-4895-b5bb-fc45f440be2e-groupManagement] INFO  server.RaftServerConfigKeys (ConfUtils.java:logGet(46)) - raft.server.snapshot.auto.trigger.threshold = 10000 (custom)
2023-11-06 09:26:48,403 [92ba0aed-1dcc-4895-b5bb-fc45f440be2e-groupManagement] INFO  server.RaftServerConfigKeys (ConfUtils.java:logGet(46)) - raft.server.snapshot.retention.file.num = 5 (custom)
2023-11-06 09:26:48,403 [92ba0aed-1dcc-4895-b5bb-fc45f440be2e-groupManagement] INFO  server.RaftServerConfigKeys (ConfUtils.java:logGet(46)) - raft.server.log.purge.upto.snapshot.index = false (default)
2023-11-06 09:26:48,404 [92ba0aed-1dcc-4895-b5bb-fc45f440be2e@group-6DBCDF991ECB-FollowerState] INFO  server.RaftServerConfigKeys (ConfUtils.java:logFallback(53)) - raft.server.rpc.first-election.timeout.min = 5s (fallback to raft.server.rpc.timeout.min)
2023-11-06 09:26:48,404 [92ba0aed-1dcc-4895-b5bb-fc45f440be2e@group-6DBCDF991ECB-FollowerState] INFO  server.RaftServerConfigKeys (ConfUtils.java:logFallback(53)) - raft.server.rpc.first-election.timeout.max = 5200ms (fallback to raft.server.rpc.timeout.max)
2023-11-06 09:26:48,412 [4cee0e49-9f18-41f8-8e67-157ccbc15955-groupManagement] INFO  ratis.ContainerStateMachine (ContainerStateMachine.java:loadSnapshot(269)) - group-E7ACA9F6E515: The snapshot info is null. Setting the last applied indexto:(t:0, i:~)
2023-11-06 09:26:48,412 [4cee0e49-9f18-41f8-8e67-157ccbc15955-groupManagement] INFO  server.RaftServerConfigKeys (ConfUtils.java:logGet(46)) - raft.server.log.use.memory = false (default)
2023-11-06 09:26:48,413 [4cee0e49-9f18-41f8-8e67-157ccbc15955-groupManagement] INFO  server.RaftServerConfigKeys (ConfUtils.java:logGet(46)) - raft.server.log.purge.gap = 1000000 (custom)
2023-11-06 09:26:48,413 [4cee0e49-9f18-41f8-8e67-157ccbc15955-groupManagement] INFO  server.RaftServerConfigKeys (ConfUtils.java:logGet(46)) - raft.server.log.appender.buffer.byte-limit = 33554432 (custom)
2023-11-06 09:26:48,413 [4cee0e49-9f18-41f8-8e67-157ccbc15955-groupManagement] INFO  server.RaftServerConfigKeys (ConfUtils.java:logGet(46)) - raft.server.log.statemachine.data.read.timeout = 1000ms (default)
2023-11-06 09:26:48,413 [4cee0e49-9f18-41f8-8e67-157ccbc15955-groupManagement] INFO  server.RaftServerConfigKeys (ConfUtils.java:logGet(46)) - raft.server.log.purge.preservation.log.num = 0 (default)
2023-11-06 09:26:48,437 [4cee0e49-9f18-41f8-8e67-157ccbc15955-groupManagement] INFO  server.RaftServerConfigKeys (ConfUtils.java:logGet(46)) - raft.server.log.segment.size.max = 1048576 (custom)
2023-11-06 09:26:48,437 [4cee0e49-9f18-41f8-8e67-157ccbc15955-groupManagement] INFO  server.RaftServerConfigKeys (ConfUtils.java:logGet(46)) - raft.server.log.segment.cache.num.max = 2 (custom)
2023-11-06 09:26:48,437 [4cee0e49-9f18-41f8-8e67-157ccbc15955-groupManagement] INFO  server.RaftServerConfigKeys (ConfUtils.java:logGet(46)) - raft.server.log.segment.cache.size.max = 200MB (=209715200) (default)
2023-11-06 09:26:48,437 [4cee0e49-9f18-41f8-8e67-157ccbc15955-groupManagement] INFO  server.RaftServerConfigKeys (ConfUtils.java:logGet(46)) - raft.server.log.appender.buffer.byte-limit = 33554432 (custom)
2023-11-06 09:26:48,437 [4cee0e49-9f18-41f8-8e67-157ccbc15955-groupManagement] INFO  segmented.SegmentedRaftLogWorker (SegmentedRaftLogWorker.java:<init>(188)) - new 4cee0e49-9f18-41f8-8e67-157ccbc15955@group-E7ACA9F6E515-SegmentedRaftLogWorker for RaftStorageImpl:Storage Directory /home/runner/work/ozone/ozone/hadoop-ozone/integration-test/target/test-dir/MiniOzoneClusterImpl-938474ea-96d6-4bd3-a45f-678920fb0bb2/datanode-4/data/ratis/87283212-8523-47a3-ab01-e7aca9f6e515
2023-11-06 09:26:48,437 [4cee0e49-9f18-41f8-8e67-157ccbc15955-groupManagement] INFO  server.RaftServerConfigKeys (ConfUtils.java:logGet(46)) - raft.server.log.queue.byte-limit = 4294967296 (custom)
2023-11-06 09:26:48,437 [4cee0e49-9f18-41f8-8e67-157ccbc15955-groupManagement] INFO  server.RaftServerConfigKeys (ConfUtils.java:logGet(46)) - raft.server.log.queue.element-limit = 1024 (custom)
2023-11-06 09:26:48,437 [4cee0e49-9f18-41f8-8e67-157ccbc15955-groupManagement] INFO  server.RaftServerConfigKeys (ConfUtils.java:logGet(46)) - raft.server.log.segment.size.max = 1048576 (custom)
2023-11-06 09:26:48,437 [4cee0e49-9f18-41f8-8e67-157ccbc15955-groupManagement] INFO  server.RaftServerConfigKeys (ConfUtils.java:logGet(46)) - raft.server.log.preallocated.size = 16384 (custom)
2023-11-06 09:26:48,437 [4cee0e49-9f18-41f8-8e67-157ccbc15955-groupManagement] INFO  server.RaftServerConfigKeys (ConfUtils.java:logGet(46)) - raft.server.log.force.sync.num = 128 (default)
2023-11-06 09:26:48,437 [4cee0e49-9f18-41f8-8e67-157ccbc15955-groupManagement] INFO  server.RaftServerConfigKeys (ConfUtils.java:logGet(46)) - raft.server.log.statemachine.data.sync = true (default)
2023-11-06 09:26:48,438 [4cee0e49-9f18-41f8-8e67-157ccbc15955-groupManagement] INFO  server.RaftServerConfigKeys (ConfUtils.java:logGet(46)) - raft.server.log.statemachine.data.sync.timeout = 10s (default)
2023-11-06 09:26:48,438 [4cee0e49-9f18-41f8-8e67-157ccbc15955-groupManagement] INFO  server.RaftServerConfigKeys (ConfUtils.java:logGet(46)) - raft.server.log.statemachine.data.sync.timeout.retry = -1 (default)
2023-11-06 09:26:48,438 [4cee0e49-9f18-41f8-8e67-157ccbc15955-groupManagement] INFO  server.RaftServerConfigKeys (ConfUtils.java:logGet(46)) - raft.server.log.write.buffer.size = 1048576 (custom)
2023-11-06 09:26:48,439 [4cee0e49-9f18-41f8-8e67-157ccbc15955-groupManagement] INFO  server.RaftServerConfigKeys (ConfUtils.java:logGet(46)) - raft.server.log.appender.buffer.byte-limit = 33554432 (custom)
2023-11-06 09:26:48,440 [EventQueue-OpenPipelineForHealthyPipelineSafeModeRule] INFO  safemode.SCMSafeModeManager (HealthyPipelineSafeModeRule.java:process(137)) - SCM in safe mode. Healthy pipelines reported count is 0, required healthy pipeline reported count is 1
2023-11-06 09:26:48,873 [4cee0e49-9f18-41f8-8e67-157ccbc15955-groupManagement] INFO  server.RaftServerConfigKeys (ConfUtils.java:logGet(46)) - raft.server.log.unsafe-flush.enabled = false (default)
2023-11-06 09:26:48,873 [4cee0e49-9f18-41f8-8e67-157ccbc15955-groupManagement] INFO  server.RaftServerConfigKeys (ConfUtils.java:logGet(46)) - raft.server.log.async-flush.enabled = false (default)
2023-11-06 09:26:48,873 [4cee0e49-9f18-41f8-8e67-157ccbc15955-groupManagement] INFO  server.RaftServerConfigKeys (ConfUtils.java:logGet(46)) - raft.server.log.statemachine.data.caching.enabled = true (custom)
2023-11-06 09:26:48,874 [4cee0e49-9f18-41f8-8e67-157ccbc15955-groupManagement] INFO  segmented.SegmentedRaftLogWorker (SegmentedRaftLogWorker.java:lambda$new$0(135)) - 4cee0e49-9f18-41f8-8e67-157ccbc15955@group-E7ACA9F6E515-SegmentedRaftLogWorker: flushIndex: setUnconditionally 0 -> -1
2023-11-06 09:26:48,874 [4cee0e49-9f18-41f8-8e67-157ccbc15955-groupManagement] INFO  segmented.SegmentedRaftLogWorker (SegmentedRaftLogWorker.java:lambda$new$0(135)) - 4cee0e49-9f18-41f8-8e67-157ccbc15955@group-E7ACA9F6E515-SegmentedRaftLogWorker: safeCacheEvictIndex: setUnconditionally 0 -> -1
2023-11-06 09:26:48,874 [4cee0e49-9f18-41f8-8e67-157ccbc15955-groupManagement] INFO  server.RaftServer$Division (RaftServerImpl.java:start(342)) - 4cee0e49-9f18-41f8-8e67-157ccbc15955@group-E7ACA9F6E515: start as a follower, conf=-1: peers:[fadd24ee-4463-4420-97cf-bdd350ad83ae|rpc:10.1.0.6:15041|admin:10.1.0.6:15040|client:10.1.0.6:15039|dataStream:10.1.0.6:15042|priority:0|startupRole:FOLLOWER, 4cee0e49-9f18-41f8-8e67-157ccbc15955|rpc:10.1.0.6:15050|admin:10.1.0.6:15049|client:10.1.0.6:15048|dataStream:10.1.0.6:15051|priority:0|startupRole:FOLLOWER, b7b1b697-3f82-4acb-89c8-f9bc2eccfa5a|rpc:10.1.0.6:15059|admin:10.1.0.6:15058|client:10.1.0.6:15057|dataStream:10.1.0.6:15060|priority:1|startupRole:FOLLOWER]|listeners:[], old=null
2023-11-06 09:26:48,874 [4cee0e49-9f18-41f8-8e67-157ccbc15955-groupManagement] INFO  server.RaftServer$Division (RaftServerImpl.java:setRole(329)) - 4cee0e49-9f18-41f8-8e67-157ccbc15955@group-E7ACA9F6E515: changes role from      null to FOLLOWER at term 0 for startAsFollower
2023-11-06 09:26:48,874 [4cee0e49-9f18-41f8-8e67-157ccbc15955-groupManagement] INFO  impl.RoleInfo (RoleInfo.java:updateAndGet(139)) - 4cee0e49-9f18-41f8-8e67-157ccbc15955: start 4cee0e49-9f18-41f8-8e67-157ccbc15955@group-E7ACA9F6E515-FollowerState
2023-11-06 09:26:48,875 [4cee0e49-9f18-41f8-8e67-157ccbc15955-groupManagement] INFO  util.JmxRegister (JmxRegister.java:tryRegister(44)) - Successfully registered JMX Bean with object name Ratis:service=RaftServer,group=group-E7ACA9F6E515,id=4cee0e49-9f18-41f8-8e67-157ccbc15955
2023-11-06 09:26:48,875 [4cee0e49-9f18-41f8-8e67-157ccbc15955-groupManagement] INFO  server.RaftServerConfigKeys (ConfUtils.java:logGet(46)) - raft.server.snapshot.auto.trigger.enabled = true (custom)
2023-11-06 09:26:48,875 [4cee0e49-9f18-41f8-8e67-157ccbc15955-groupManagement] INFO  server.RaftServerConfigKeys (ConfUtils.java:logGet(46)) - raft.server.snapshot.auto.trigger.threshold = 10000 (custom)
2023-11-06 09:26:48,875 [4cee0e49-9f18-41f8-8e67-157ccbc15955-groupManagement] INFO  server.RaftServerConfigKeys (ConfUtils.java:logGet(46)) - raft.server.snapshot.retention.file.num = 5 (custom)
2023-11-06 09:26:48,875 [4cee0e49-9f18-41f8-8e67-157ccbc15955-groupManagement] INFO  server.RaftServerConfigKeys (ConfUtils.java:logGet(46)) - raft.server.log.purge.upto.snapshot.index = false (default)
2023-11-06 09:26:48,876 [4cee0e49-9f18-41f8-8e67-157ccbc15955@group-E7ACA9F6E515-FollowerState] INFO  server.RaftServerConfigKeys (ConfUtils.java:logFallback(53)) - raft.server.rpc.first-election.timeout.min = 5s (fallback to raft.server.rpc.timeout.min)
2023-11-06 09:26:48,876 [4cee0e49-9f18-41f8-8e67-157ccbc15955@group-E7ACA9F6E515-FollowerState] INFO  server.RaftServerConfigKeys (ConfUtils.java:logFallback(53)) - raft.server.rpc.first-election.timeout.max = 5200ms (fallback to raft.server.rpc.timeout.max)
2023-11-06 09:26:48,876 [4cee0e49-9f18-41f8-8e67-157ccbc15955-PipelineCommandHandlerThread-0] INFO  ratis.XceiverServerRatis (XceiverServerRatis.java:addGroup(805)) - Created group PipelineID=87283212-8523-47a3-ab01-e7aca9f6e515
2023-11-06 09:26:48,899 [b7b1b697-3f82-4acb-89c8-f9bc2eccfa5a-PipelineCommandHandlerThread-0] INFO  commandhandler.CreatePipelineCommandHandler (CreatePipelineCommandHandler.java:lambda$handle$2(124)) - Created Pipeline RATIS THREE PipelineID=20ad4e29-1d2c-4b5d-8722-67654037fcfa.
2023-11-06 09:26:48,899 [b7b1b697-3f82-4acb-89c8-f9bc2eccfa5a-PipelineCommandHandlerThread-0] INFO  server.RaftServer (RaftServerProxy.java:addNew(98)) - b7b1b697-3f82-4acb-89c8-f9bc2eccfa5a: addNew group-E7ACA9F6E515:[fadd24ee-4463-4420-97cf-bdd350ad83ae|rpc:10.1.0.6:15041|admin:10.1.0.6:15040|client:10.1.0.6:15039|dataStream:10.1.0.6:15042|priority:0|startupRole:FOLLOWER, 4cee0e49-9f18-41f8-8e67-157ccbc15955|rpc:10.1.0.6:15050|admin:10.1.0.6:15049|client:10.1.0.6:15048|dataStream:10.1.0.6:15051|priority:0|startupRole:FOLLOWER, b7b1b697-3f82-4acb-89c8-f9bc2eccfa5a|rpc:10.1.0.6:15059|admin:10.1.0.6:15058|client:10.1.0.6:15057|dataStream:10.1.0.6:15060|priority:1|startupRole:FOLLOWER] returns group-E7ACA9F6E515:java.util.concurrent.CompletableFuture@773974bf[Not completed]
2023-11-06 09:26:48,901 [b7b1b697-3f82-4acb-89c8-f9bc2eccfa5a-groupManagement] INFO  server.RaftServer$Division (RaftServerImpl.java:<init>(198)) - b7b1b697-3f82-4acb-89c8-f9bc2eccfa5a: new RaftServerImpl for group-E7ACA9F6E515:[fadd24ee-4463-4420-97cf-bdd350ad83ae|rpc:10.1.0.6:15041|admin:10.1.0.6:15040|client:10.1.0.6:15039|dataStream:10.1.0.6:15042|priority:0|startupRole:FOLLOWER, 4cee0e49-9f18-41f8-8e67-157ccbc15955|rpc:10.1.0.6:15050|admin:10.1.0.6:15049|client:10.1.0.6:15048|dataStream:10.1.0.6:15051|priority:0|startupRole:FOLLOWER, b7b1b697-3f82-4acb-89c8-f9bc2eccfa5a|rpc:10.1.0.6:15059|admin:10.1.0.6:15058|client:10.1.0.6:15057|dataStream:10.1.0.6:15060|priority:1|startupRole:FOLLOWER] with ContainerStateMachine:uninitialized
2023-11-06 09:26:48,901 [b7b1b697-3f82-4acb-89c8-f9bc2eccfa5a-groupManagement] INFO  server.RaftServerConfigKeys (ConfUtils.java:logGet(46)) - raft.server.rpc.timeout.min = 5s (custom)
2023-11-06 09:26:48,901 [b7b1b697-3f82-4acb-89c8-f9bc2eccfa5a-groupManagement] INFO  server.RaftServerConfigKeys (ConfUtils.java:logGet(46)) - raft.server.rpc.timeout.max = 5200ms (custom)
2023-11-06 09:26:48,901 [b7b1b697-3f82-4acb-89c8-f9bc2eccfa5a-groupManagement] INFO  server.RaftServerConfigKeys (ConfUtils.java:logGet(46)) - raft.server.rpc.sleep.time = 25ms (default)
2023-11-06 09:26:48,901 [b7b1b697-3f82-4acb-89c8-f9bc2eccfa5a-groupManagement] INFO  server.RaftServerConfigKeys (ConfUtils.java:logGet(46)) - raft.server.rpc.slowness.timeout = 300s (custom)
2023-11-06 09:26:48,902 [b7b1b697-3f82-4acb-89c8-f9bc2eccfa5a-groupManagement] INFO  server.RaftServerConfigKeys (ConfUtils.java:logGet(46)) - raft.server.leaderelection.leader.step-down.wait-time = 10s (default)
2023-11-06 09:26:48,902 [b7b1b697-3f82-4acb-89c8-f9bc2eccfa5a-groupManagement] INFO  server.RaftServerConfigKeys (ConfUtils.java:logGet(46)) - raft.server.sleep.deviation.threshold = 300ms (default)
2023-11-06 09:26:48,902 [b7b1b697-3f82-4acb-89c8-f9bc2eccfa5a-groupManagement] INFO  server.RaftServer$Division (ServerState.java:<init>(120)) - b7b1b697-3f82-4acb-89c8-f9bc2eccfa5a@group-E7ACA9F6E515: ConfigurationManager, init=-1: peers:[fadd24ee-4463-4420-97cf-bdd350ad83ae|rpc:10.1.0.6:15041|admin:10.1.0.6:15040|client:10.1.0.6:15039|dataStream:10.1.0.6:15042|priority:0|startupRole:FOLLOWER, 4cee0e49-9f18-41f8-8e67-157ccbc15955|rpc:10.1.0.6:15050|admin:10.1.0.6:15049|client:10.1.0.6:15048|dataStream:10.1.0.6:15051|priority:0|startupRole:FOLLOWER, b7b1b697-3f82-4acb-89c8-f9bc2eccfa5a|rpc:10.1.0.6:15059|admin:10.1.0.6:15058|client:10.1.0.6:15057|dataStream:10.1.0.6:15060|priority:1|startupRole:FOLLOWER]|listeners:[], old=null, confs=<EMPTY_MAP>
2023-11-06 09:26:48,902 [b7b1b697-3f82-4acb-89c8-f9bc2eccfa5a-groupManagement] INFO  server.RaftServerConfigKeys (ConfUtils.java:logGet(46)) - raft.server.storage.dir = [/home/runner/work/ozone/ozone/hadoop-ozone/integration-test/target/test-dir/MiniOzoneClusterImpl-938474ea-96d6-4bd3-a45f-678920fb0bb2/datanode-5/data/ratis] (custom)
2023-11-06 09:26:48,902 [b7b1b697-3f82-4acb-89c8-f9bc2eccfa5a-groupManagement] INFO  server.RaftServerConfigKeys (ConfUtils.java:logGet(46)) - raft.server.log.corruption.policy = EXCEPTION (default)
2023-11-06 09:26:48,902 [b7b1b697-3f82-4acb-89c8-f9bc2eccfa5a-groupManagement] INFO  server.RaftServerConfigKeys (ConfUtils.java:logGet(46)) - raft.server.storage.free-space.min = 0MB (=0) (default)
2023-11-06 09:26:48,902 [b7b1b697-3f82-4acb-89c8-f9bc2eccfa5a-groupManagement] INFO  server.RaftServerConfigKeys (ConfUtils.java:logGet(46)) - raft.server.notification.no-leader.timeout = 300s (custom)
2023-11-06 09:26:48,902 [b7b1b697-3f82-4acb-89c8-f9bc2eccfa5a-groupManagement] INFO  server.RaftServerConfigKeys (ConfUtils.java:logGet(46)) - raft.server.read.timeout = 10s (default)
2023-11-06 09:26:48,902 [b7b1b697-3f82-4acb-89c8-f9bc2eccfa5a-groupManagement] INFO  server.RaftServerConfigKeys (ConfUtils.java:logGet(46)) - raft.server.retrycache.expirytime = 600000ms (custom)
2023-11-06 09:26:48,902 [b7b1b697-3f82-4acb-89c8-f9bc2eccfa5a-groupManagement] INFO  server.RaftServerConfigKeys (ConfUtils.java:logGet(46)) - raft.server.retrycache.statistics.expirytime = 100μs (default)
2023-11-06 09:26:48,902 [b7b1b697-3f82-4acb-89c8-f9bc2eccfa5a-groupManagement] INFO  server.RaftServerConfigKeys (ConfUtils.java:logGet(46)) - raft.server.read.option = DEFAULT (default)
2023-11-06 09:26:48,903 [b7b1b697-3f82-4acb-89c8-f9bc2eccfa5a-groupManagement] INFO  server.RaftServerConfigKeys (ConfUtils.java:logGet(46)) - raft.server.rpc.request.timeout = 60s (custom)
2023-11-06 09:26:48,903 [b7b1b697-3f82-4acb-89c8-f9bc2eccfa5a-groupManagement] INFO  server.RaftServerConfigKeys (ConfUtils.java:logGet(46)) - raft.server.log.appender.install.snapshot.enabled = false (custom)
2023-11-06 09:26:48,903 [b7b1b697-3f82-4acb-89c8-f9bc2eccfa5a-groupManagement] INFO  server.RaftServerConfigKeys (ConfUtils.java:logGet(46)) - raft.server.threadpool.server.cached = true (default)
2023-11-06 09:26:48,903 [b7b1b697-3f82-4acb-89c8-f9bc2eccfa5a-groupManagement] INFO  server.RaftServerConfigKeys (ConfUtils.java:logGet(46)) - raft.server.threadpool.server.size = 0 (default)
2023-11-06 09:26:48,903 [b7b1b697-3f82-4acb-89c8-f9bc2eccfa5a-groupManagement] INFO  server.RaftServerConfigKeys (ConfUtils.java:logGet(46)) - raft.server.threadpool.client.cached = true (default)
2023-11-06 09:26:48,903 [b7b1b697-3f82-4acb-89c8-f9bc2eccfa5a-groupManagement] INFO  server.RaftServerConfigKeys (ConfUtils.java:logGet(46)) - raft.server.threadpool.client.size = 0 (default)
2023-11-06 09:26:48,904 [b7b1b697-3f82-4acb-89c8-f9bc2eccfa5a-groupManagement] INFO  storage.RaftStorageDirectory (RaftStorageDirectoryImpl.java:analyzeStorage(137)) - The storage directory /home/runner/work/ozone/ozone/hadoop-ozone/integration-test/target/test-dir/MiniOzoneClusterImpl-938474ea-96d6-4bd3-a45f-678920fb0bb2/datanode-5/data/ratis/87283212-8523-47a3-ab01-e7aca9f6e515 does not exist. Creating ...
2023-11-06 09:26:48,912 [b7b1b697-3f82-4acb-89c8-f9bc2eccfa5a-groupManagement] INFO  storage.RaftStorageDirectory (RaftStorageDirectoryImpl.java:tryLock(231)) - Lock on /home/runner/work/ozone/ozone/hadoop-ozone/integration-test/target/test-dir/MiniOzoneClusterImpl-938474ea-96d6-4bd3-a45f-678920fb0bb2/datanode-5/data/ratis/87283212-8523-47a3-ab01-e7aca9f6e515/in_use.lock acquired by nodename 20533@fv-az241-347
2023-11-06 09:26:48,923 [92ba0aed-1dcc-4895-b5bb-fc45f440be2e-PipelineCommandHandlerThread-0] INFO  commandhandler.CreatePipelineCommandHandler (CreatePipelineCommandHandler.java:lambda$handle$2(124)) - Created Pipeline RATIS THREE PipelineID=09dbd412-9c40-45dd-ab24-df79f62058f4.
2023-11-06 09:26:48,941 [b7b1b697-3f82-4acb-89c8-f9bc2eccfa5a-groupManagement] INFO  storage.RaftStorage (RaftStorageImpl.java:format(96)) - Storage directory /home/runner/work/ozone/ozone/hadoop-ozone/integration-test/target/test-dir/MiniOzoneClusterImpl-938474ea-96d6-4bd3-a45f-678920fb0bb2/datanode-5/data/ratis/87283212-8523-47a3-ab01-e7aca9f6e515 has been successfully formatted.
2023-11-06 09:26:48,944 [EventQueue-OpenPipelineForHealthyPipelineSafeModeRule] INFO  safemode.SCMSafeModeManager (HealthyPipelineSafeModeRule.java:process(137)) - SCM in safe mode. Healthy pipelines reported count is 0, required healthy pipeline reported count is 1
2023-11-06 09:26:48,945 [b7b1b697-3f82-4acb-89c8-f9bc2eccfa5a-groupManagement] INFO  ratis.ContainerStateMachine (ContainerStateMachine.java:loadSnapshot(269)) - group-E7ACA9F6E515: The snapshot info is null. Setting the last applied indexto:(t:0, i:~)
2023-11-06 09:26:48,945 [b7b1b697-3f82-4acb-89c8-f9bc2eccfa5a-groupManagement] INFO  server.RaftServerConfigKeys (ConfUtils.java:logGet(46)) - raft.server.log.use.memory = false (default)
2023-11-06 09:26:48,945 [b7b1b697-3f82-4acb-89c8-f9bc2eccfa5a-groupManagement] INFO  server.RaftServerConfigKeys (ConfUtils.java:logGet(46)) - raft.server.log.purge.gap = 1000000 (custom)
2023-11-06 09:26:48,945 [b7b1b697-3f82-4acb-89c8-f9bc2eccfa5a-groupManagement] INFO  server.RaftServerConfigKeys (ConfUtils.java:logGet(46)) - raft.server.log.appender.buffer.byte-limit = 33554432 (custom)
2023-11-06 09:26:48,945 [b7b1b697-3f82-4acb-89c8-f9bc2eccfa5a-groupManagement] INFO  server.RaftServerConfigKeys (ConfUtils.java:logGet(46)) - raft.server.log.statemachine.data.read.timeout = 1000ms (default)
2023-11-06 09:26:48,945 [b7b1b697-3f82-4acb-89c8-f9bc2eccfa5a-groupManagement] INFO  server.RaftServerConfigKeys (ConfUtils.java:logGet(46)) - raft.server.log.purge.preservation.log.num = 0 (default)
2023-11-06 09:26:48,945 [b7b1b697-3f82-4acb-89c8-f9bc2eccfa5a-groupManagement] INFO  server.RaftServerConfigKeys (ConfUtils.java:logGet(46)) - raft.server.log.segment.size.max = 1048576 (custom)
2023-11-06 09:26:48,946 [b7b1b697-3f82-4acb-89c8-f9bc2eccfa5a-groupManagement] INFO  server.RaftServerConfigKeys (ConfUtils.java:logGet(46)) - raft.server.log.segment.cache.num.max = 2 (custom)
2023-11-06 09:26:48,946 [b7b1b697-3f82-4acb-89c8-f9bc2eccfa5a-groupManagement] INFO  server.RaftServerConfigKeys (ConfUtils.java:logGet(46)) - raft.server.log.segment.cache.size.max = 200MB (=209715200) (default)
2023-11-06 09:26:48,946 [b7b1b697-3f82-4acb-89c8-f9bc2eccfa5a-groupManagement] INFO  server.RaftServerConfigKeys (ConfUtils.java:logGet(46)) - raft.server.log.appender.buffer.byte-limit = 33554432 (custom)
2023-11-06 09:26:48,946 [b7b1b697-3f82-4acb-89c8-f9bc2eccfa5a-groupManagement] INFO  segmented.SegmentedRaftLogWorker (SegmentedRaftLogWorker.java:<init>(188)) - new b7b1b697-3f82-4acb-89c8-f9bc2eccfa5a@group-E7ACA9F6E515-SegmentedRaftLogWorker for RaftStorageImpl:Storage Directory /home/runner/work/ozone/ozone/hadoop-ozone/integration-test/target/test-dir/MiniOzoneClusterImpl-938474ea-96d6-4bd3-a45f-678920fb0bb2/datanode-5/data/ratis/87283212-8523-47a3-ab01-e7aca9f6e515
2023-11-06 09:26:48,946 [b7b1b697-3f82-4acb-89c8-f9bc2eccfa5a-groupManagement] INFO  server.RaftServerConfigKeys (ConfUtils.java:logGet(46)) - raft.server.log.queue.byte-limit = 4294967296 (custom)
2023-11-06 09:26:48,946 [b7b1b697-3f82-4acb-89c8-f9bc2eccfa5a-groupManagement] INFO  server.RaftServerConfigKeys (ConfUtils.java:logGet(46)) - raft.server.log.queue.element-limit = 1024 (custom)
2023-11-06 09:26:48,946 [b7b1b697-3f82-4acb-89c8-f9bc2eccfa5a-groupManagement] INFO  server.RaftServerConfigKeys (ConfUtils.java:logGet(46)) - raft.server.log.segment.size.max = 1048576 (custom)
2023-11-06 09:26:48,946 [b7b1b697-3f82-4acb-89c8-f9bc2eccfa5a-groupManagement] INFO  server.RaftServerConfigKeys (ConfUtils.java:logGet(46)) - raft.server.log.preallocated.size = 16384 (custom)
2023-11-06 09:26:48,946 [b7b1b697-3f82-4acb-89c8-f9bc2eccfa5a-groupManagement] INFO  server.RaftServerConfigKeys (ConfUtils.java:logGet(46)) - raft.server.log.force.sync.num = 128 (default)
2023-11-06 09:26:48,946 [b7b1b697-3f82-4acb-89c8-f9bc2eccfa5a-groupManagement] INFO  server.RaftServerConfigKeys (ConfUtils.java:logGet(46)) - raft.server.log.statemachine.data.sync = true (default)
2023-11-06 09:26:48,946 [b7b1b697-3f82-4acb-89c8-f9bc2eccfa5a-groupManagement] INFO  server.RaftServerConfigKeys (ConfUtils.java:logGet(46)) - raft.server.log.statemachine.data.sync.timeout = 10s (default)
2023-11-06 09:26:48,946 [b7b1b697-3f82-4acb-89c8-f9bc2eccfa5a-groupManagement] INFO  server.RaftServerConfigKeys (ConfUtils.java:logGet(46)) - raft.server.log.statemachine.data.sync.timeout.retry = -1 (default)
2023-11-06 09:26:48,947 [b7b1b697-3f82-4acb-89c8-f9bc2eccfa5a-groupManagement] INFO  server.RaftServerConfigKeys (ConfUtils.java:logGet(46)) - raft.server.log.write.buffer.size = 1048576 (custom)
2023-11-06 09:26:48,948 [b7b1b697-3f82-4acb-89c8-f9bc2eccfa5a-groupManagement] INFO  server.RaftServerConfigKeys (ConfUtils.java:logGet(46)) - raft.server.log.appender.buffer.byte-limit = 33554432 (custom)
2023-11-06 09:26:48,960 [b7b1b697-3f82-4acb-89c8-f9bc2eccfa5a-groupManagement] INFO  server.RaftServerConfigKeys (ConfUtils.java:logGet(46)) - raft.server.log.unsafe-flush.enabled = false (default)
2023-11-06 09:26:48,960 [b7b1b697-3f82-4acb-89c8-f9bc2eccfa5a-groupManagement] INFO  server.RaftServerConfigKeys (ConfUtils.java:logGet(46)) - raft.server.log.async-flush.enabled = false (default)
2023-11-06 09:26:48,960 [b7b1b697-3f82-4acb-89c8-f9bc2eccfa5a-groupManagement] INFO  server.RaftServerConfigKeys (ConfUtils.java:logGet(46)) - raft.server.log.statemachine.data.caching.enabled = true (custom)
2023-11-06 09:26:48,960 [b7b1b697-3f82-4acb-89c8-f9bc2eccfa5a-groupManagement] INFO  segmented.SegmentedRaftLogWorker (SegmentedRaftLogWorker.java:lambda$new$0(135)) - b7b1b697-3f82-4acb-89c8-f9bc2eccfa5a@group-E7ACA9F6E515-SegmentedRaftLogWorker: flushIndex: setUnconditionally 0 -> -1
2023-11-06 09:26:48,960 [b7b1b697-3f82-4acb-89c8-f9bc2eccfa5a-groupManagement] INFO  segmented.SegmentedRaftLogWorker (SegmentedRaftLogWorker.java:lambda$new$0(135)) - b7b1b697-3f82-4acb-89c8-f9bc2eccfa5a@group-E7ACA9F6E515-SegmentedRaftLogWorker: safeCacheEvictIndex: setUnconditionally 0 -> -1
2023-11-06 09:26:48,962 [b7b1b697-3f82-4acb-89c8-f9bc2eccfa5a-groupManagement] INFO  server.RaftServer$Division (RaftServerImpl.java:start(342)) - b7b1b697-3f82-4acb-89c8-f9bc2eccfa5a@group-E7ACA9F6E515: start as a follower, conf=-1: peers:[fadd24ee-4463-4420-97cf-bdd350ad83ae|rpc:10.1.0.6:15041|admin:10.1.0.6:15040|client:10.1.0.6:15039|dataStream:10.1.0.6:15042|priority:0|startupRole:FOLLOWER, 4cee0e49-9f18-41f8-8e67-157ccbc15955|rpc:10.1.0.6:15050|admin:10.1.0.6:15049|client:10.1.0.6:15048|dataStream:10.1.0.6:15051|priority:0|startupRole:FOLLOWER, b7b1b697-3f82-4acb-89c8-f9bc2eccfa5a|rpc:10.1.0.6:15059|admin:10.1.0.6:15058|client:10.1.0.6:15057|dataStream:10.1.0.6:15060|priority:1|startupRole:FOLLOWER]|listeners:[], old=null
2023-11-06 09:26:48,962 [b7b1b697-3f82-4acb-89c8-f9bc2eccfa5a-groupManagement] INFO  server.RaftServer$Division (RaftServerImpl.java:setRole(329)) - b7b1b697-3f82-4acb-89c8-f9bc2eccfa5a@group-E7ACA9F6E515: changes role from      null to FOLLOWER at term 0 for startAsFollower
2023-11-06 09:26:48,962 [b7b1b697-3f82-4acb-89c8-f9bc2eccfa5a-groupManagement] INFO  impl.RoleInfo (RoleInfo.java:updateAndGet(139)) - b7b1b697-3f82-4acb-89c8-f9bc2eccfa5a: start b7b1b697-3f82-4acb-89c8-f9bc2eccfa5a@group-E7ACA9F6E515-FollowerState
2023-11-06 09:26:48,962 [b7b1b697-3f82-4acb-89c8-f9bc2eccfa5a-groupManagement] INFO  util.JmxRegister (JmxRegister.java:tryRegister(44)) - Successfully registered JMX Bean with object name Ratis:service=RaftServer,group=group-E7ACA9F6E515,id=b7b1b697-3f82-4acb-89c8-f9bc2eccfa5a
2023-11-06 09:26:48,963 [b7b1b697-3f82-4acb-89c8-f9bc2eccfa5a-groupManagement] INFO  server.RaftServerConfigKeys (ConfUtils.java:logGet(46)) - raft.server.snapshot.auto.trigger.enabled = true (custom)
2023-11-06 09:26:48,963 [b7b1b697-3f82-4acb-89c8-f9bc2eccfa5a-groupManagement] INFO  server.RaftServerConfigKeys (ConfUtils.java:logGet(46)) - raft.server.snapshot.auto.trigger.threshold = 10000 (custom)
2023-11-06 09:26:48,963 [b7b1b697-3f82-4acb-89c8-f9bc2eccfa5a-groupManagement] INFO  server.RaftServerConfigKeys (ConfUtils.java:logGet(46)) - raft.server.snapshot.retention.file.num = 5 (custom)
2023-11-06 09:26:48,963 [b7b1b697-3f82-4acb-89c8-f9bc2eccfa5a-groupManagement] INFO  server.RaftServerConfigKeys (ConfUtils.java:logGet(46)) - raft.server.log.purge.upto.snapshot.index = false (default)
2023-11-06 09:26:48,964 [b7b1b697-3f82-4acb-89c8-f9bc2eccfa5a@group-E7ACA9F6E515-FollowerState] INFO  server.RaftServerConfigKeys (ConfUtils.java:logFallback(53)) - raft.server.rpc.first-election.timeout.min = 5s (fallback to raft.server.rpc.timeout.min)
2023-11-06 09:26:48,964 [b7b1b697-3f82-4acb-89c8-f9bc2eccfa5a@group-E7ACA9F6E515-FollowerState] INFO  server.RaftServerConfigKeys (ConfUtils.java:logFallback(53)) - raft.server.rpc.first-election.timeout.max = 5200ms (fallback to raft.server.rpc.timeout.max)
2023-11-06 09:26:48,964 [b7b1b697-3f82-4acb-89c8-f9bc2eccfa5a-PipelineCommandHandlerThread-0] INFO  ratis.XceiverServerRatis (XceiverServerRatis.java:addGroup(805)) - Created group PipelineID=87283212-8523-47a3-ab01-e7aca9f6e515
2023-11-06 09:26:48,968 [grpc-default-executor-2] INFO  server.RaftServer (RaftServerProxy.java:addNew(98)) - 18227f38-d602-4438-971e-c9cd287df9cb: addNew group-6DBCDF991ECB:[92ba0aed-1dcc-4895-b5bb-fc45f440be2e|rpc:10.1.0.6:15068|admin:10.1.0.6:15067|client:10.1.0.6:15066|dataStream:10.1.0.6:15069|priority:0|startupRole:FOLLOWER, 18227f38-d602-4438-971e-c9cd287df9cb|rpc:10.1.0.6:15077|admin:10.1.0.6:15076|client:10.1.0.6:15075|dataStream:10.1.0.6:15078|priority:1|startupRole:FOLLOWER, 5f7d9b36-4620-4ba9-8a78-929bd6ddd1f9|rpc:10.1.0.6:15086|admin:10.1.0.6:15085|client:10.1.0.6:15084|dataStream:10.1.0.6:15087|priority:0|startupRole:FOLLOWER] returns group-6DBCDF991ECB:java.util.concurrent.CompletableFuture@1ad709cb[Not completed]
2023-11-06 09:26:48,970 [18227f38-d602-4438-971e-c9cd287df9cb-groupManagement] INFO  server.RaftServer$Division (RaftServerImpl.java:<init>(198)) - 18227f38-d602-4438-971e-c9cd287df9cb: new RaftServerImpl for group-6DBCDF991ECB:[92ba0aed-1dcc-4895-b5bb-fc45f440be2e|rpc:10.1.0.6:15068|admin:10.1.0.6:15067|client:10.1.0.6:15066|dataStream:10.1.0.6:15069|priority:0|startupRole:FOLLOWER, 18227f38-d602-4438-971e-c9cd287df9cb|rpc:10.1.0.6:15077|admin:10.1.0.6:15076|client:10.1.0.6:15075|dataStream:10.1.0.6:15078|priority:1|startupRole:FOLLOWER, 5f7d9b36-4620-4ba9-8a78-929bd6ddd1f9|rpc:10.1.0.6:15086|admin:10.1.0.6:15085|client:10.1.0.6:15084|dataStream:10.1.0.6:15087|priority:0|startupRole:FOLLOWER] with ContainerStateMachine:uninitialized
2023-11-06 09:26:48,970 [18227f38-d602-4438-971e-c9cd287df9cb-groupManagement] INFO  server.RaftServerConfigKeys (ConfUtils.java:logGet(46)) - raft.server.rpc.timeout.min = 5s (custom)
2023-11-06 09:26:48,970 [18227f38-d602-4438-971e-c9cd287df9cb-groupManagement] INFO  server.RaftServerConfigKeys (ConfUtils.java:logGet(46)) - raft.server.rpc.timeout.max = 5200ms (custom)
2023-11-06 09:26:48,970 [18227f38-d602-4438-971e-c9cd287df9cb-groupManagement] INFO  server.RaftServerConfigKeys (ConfUtils.java:logGet(46)) - raft.server.rpc.sleep.time = 25ms (default)
2023-11-06 09:26:48,970 [18227f38-d602-4438-971e-c9cd287df9cb-groupManagement] INFO  server.RaftServerConfigKeys (ConfUtils.java:logGet(46)) - raft.server.rpc.slowness.timeout = 300s (custom)
2023-11-06 09:26:48,970 [18227f38-d602-4438-971e-c9cd287df9cb-groupManagement] INFO  server.RaftServerConfigKeys (ConfUtils.java:logGet(46)) - raft.server.leaderelection.leader.step-down.wait-time = 10s (default)
2023-11-06 09:26:48,970 [18227f38-d602-4438-971e-c9cd287df9cb-groupManagement] INFO  server.RaftServerConfigKeys (ConfUtils.java:logGet(46)) - raft.server.sleep.deviation.threshold = 300ms (default)
2023-11-06 09:26:48,970 [18227f38-d602-4438-971e-c9cd287df9cb-groupManagement] INFO  server.RaftServer$Division (ServerState.java:<init>(120)) - 18227f38-d602-4438-971e-c9cd287df9cb@group-6DBCDF991ECB: ConfigurationManager, init=-1: peers:[92ba0aed-1dcc-4895-b5bb-fc45f440be2e|rpc:10.1.0.6:15068|admin:10.1.0.6:15067|client:10.1.0.6:15066|dataStream:10.1.0.6:15069|priority:0|startupRole:FOLLOWER, 18227f38-d602-4438-971e-c9cd287df9cb|rpc:10.1.0.6:15077|admin:10.1.0.6:15076|client:10.1.0.6:15075|dataStream:10.1.0.6:15078|priority:1|startupRole:FOLLOWER, 5f7d9b36-4620-4ba9-8a78-929bd6ddd1f9|rpc:10.1.0.6:15086|admin:10.1.0.6:15085|client:10.1.0.6:15084|dataStream:10.1.0.6:15087|priority:0|startupRole:FOLLOWER]|listeners:[], old=null, confs=<EMPTY_MAP>
2023-11-06 09:26:48,971 [18227f38-d602-4438-971e-c9cd287df9cb-groupManagement] INFO  server.RaftServerConfigKeys (ConfUtils.java:logGet(46)) - raft.server.storage.dir = [/home/runner/work/ozone/ozone/hadoop-ozone/integration-test/target/test-dir/MiniOzoneClusterImpl-938474ea-96d6-4bd3-a45f-678920fb0bb2/datanode-7/data/ratis] (custom)
2023-11-06 09:26:48,971 [18227f38-d602-4438-971e-c9cd287df9cb-groupManagement] INFO  server.RaftServerConfigKeys (ConfUtils.java:logGet(46)) - raft.server.log.corruption.policy = EXCEPTION (default)
2023-11-06 09:26:48,971 [18227f38-d602-4438-971e-c9cd287df9cb-groupManagement] INFO  server.RaftServerConfigKeys (ConfUtils.java:logGet(46)) - raft.server.storage.free-space.min = 0MB (=0) (default)
2023-11-06 09:26:48,971 [18227f38-d602-4438-971e-c9cd287df9cb-groupManagement] INFO  server.RaftServerConfigKeys (ConfUtils.java:logGet(46)) - raft.server.notification.no-leader.timeout = 300s (custom)
2023-11-06 09:26:48,971 [18227f38-d602-4438-971e-c9cd287df9cb-groupManagement] INFO  server.RaftServerConfigKeys (ConfUtils.java:logGet(46)) - raft.server.read.timeout = 10s (default)
2023-11-06 09:26:48,971 [18227f38-d602-4438-971e-c9cd287df9cb-groupManagement] INFO  server.RaftServerConfigKeys (ConfUtils.java:logGet(46)) - raft.server.retrycache.expirytime = 600000ms (custom)
2023-11-06 09:26:48,971 [18227f38-d602-4438-971e-c9cd287df9cb-groupManagement] INFO  server.RaftServerConfigKeys (ConfUtils.java:logGet(46)) - raft.server.retrycache.statistics.expirytime = 100μs (default)
2023-11-06 09:26:48,971 [18227f38-d602-4438-971e-c9cd287df9cb-groupManagement] INFO  server.RaftServerConfigKeys (ConfUtils.java:logGet(46)) - raft.server.read.option = DEFAULT (default)
2023-11-06 09:26:48,977 [18227f38-d602-4438-971e-c9cd287df9cb-groupManagement] INFO  server.RaftServerConfigKeys (ConfUtils.java:logGet(46)) - raft.server.rpc.request.timeout = 60s (custom)
2023-11-06 09:26:48,978 [18227f38-d602-4438-971e-c9cd287df9cb-groupManagement] INFO  server.RaftServerConfigKeys (ConfUtils.java:logGet(46)) - raft.server.log.appender.install.snapshot.enabled = false (custom)
2023-11-06 09:26:48,978 [18227f38-d602-4438-971e-c9cd287df9cb-groupManagement] INFO  server.RaftServerConfigKeys (ConfUtils.java:logGet(46)) - raft.server.threadpool.server.cached = true (default)
2023-11-06 09:26:48,979 [18227f38-d602-4438-971e-c9cd287df9cb-groupManagement] INFO  server.RaftServerConfigKeys (ConfUtils.java:logGet(46)) - raft.server.threadpool.server.size = 0 (default)
2023-11-06 09:26:48,980 [18227f38-d602-4438-971e-c9cd287df9cb-groupManagement] INFO  server.RaftServerConfigKeys (ConfUtils.java:logGet(46)) - raft.server.threadpool.client.cached = true (default)
2023-11-06 09:26:48,980 [18227f38-d602-4438-971e-c9cd287df9cb-groupManagement] INFO  server.RaftServerConfigKeys (ConfUtils.java:logGet(46)) - raft.server.threadpool.client.size = 0 (default)
2023-11-06 09:26:48,980 [18227f38-d602-4438-971e-c9cd287df9cb-groupManagement] INFO  storage.RaftStorageDirectory (RaftStorageDirectoryImpl.java:analyzeStorage(137)) - The storage directory /home/runner/work/ozone/ozone/hadoop-ozone/integration-test/target/test-dir/MiniOzoneClusterImpl-938474ea-96d6-4bd3-a45f-678920fb0bb2/datanode-7/data/ratis/fb9ddc8c-4fb4-4244-839f-6dbcdf991ecb does not exist. Creating ...
2023-11-06 09:26:48,981 [d9016e39-0130-4fd9-896a-cac3c2785d02-PipelineCommandHandlerThread-0] INFO  commandhandler.CreatePipelineCommandHandler (CreatePipelineCommandHandler.java:lambda$handle$2(124)) - Created Pipeline RATIS THREE PipelineID=15f9db0e-4f6c-4380-b94d-0db81d4fe909.
2023-11-06 09:26:48,982 [18227f38-d602-4438-971e-c9cd287df9cb-PipelineCommandHandlerThread-0] INFO  commandhandler.CreatePipelineCommandHandler (CreatePipelineCommandHandler.java:lambda$handle$2(124)) - Created Pipeline RATIS THREE PipelineID=09dbd412-9c40-45dd-ab24-df79f62058f4.
2023-11-06 09:26:48,984 [18227f38-d602-4438-971e-c9cd287df9cb-groupManagement] INFO  storage.RaftStorageDirectory (RaftStorageDirectoryImpl.java:tryLock(231)) - Lock on /home/runner/work/ozone/ozone/hadoop-ozone/integration-test/target/test-dir/MiniOzoneClusterImpl-938474ea-96d6-4bd3-a45f-678920fb0bb2/datanode-7/data/ratis/fb9ddc8c-4fb4-4244-839f-6dbcdf991ecb/in_use.lock acquired by nodename 20533@fv-az241-347
2023-11-06 09:26:48,988 [18227f38-d602-4438-971e-c9cd287df9cb-groupManagement] INFO  storage.RaftStorage (RaftStorageImpl.java:format(96)) - Storage directory /home/runner/work/ozone/ozone/hadoop-ozone/integration-test/target/test-dir/MiniOzoneClusterImpl-938474ea-96d6-4bd3-a45f-678920fb0bb2/datanode-7/data/ratis/fb9ddc8c-4fb4-4244-839f-6dbcdf991ecb has been successfully formatted.
2023-11-06 09:26:48,993 [18227f38-d602-4438-971e-c9cd287df9cb-groupManagement] INFO  ratis.ContainerStateMachine (ContainerStateMachine.java:loadSnapshot(269)) - group-6DBCDF991ECB: The snapshot info is null. Setting the last applied indexto:(t:0, i:~)
2023-11-06 09:26:48,994 [18227f38-d602-4438-971e-c9cd287df9cb-groupManagement] INFO  server.RaftServerConfigKeys (ConfUtils.java:logGet(46)) - raft.server.log.use.memory = false (default)
2023-11-06 09:26:48,994 [18227f38-d602-4438-971e-c9cd287df9cb-groupManagement] INFO  server.RaftServerConfigKeys (ConfUtils.java:logGet(46)) - raft.server.log.purge.gap = 1000000 (custom)
2023-11-06 09:26:48,994 [18227f38-d602-4438-971e-c9cd287df9cb-groupManagement] INFO  server.RaftServerConfigKeys (ConfUtils.java:logGet(46)) - raft.server.log.appender.buffer.byte-limit = 33554432 (custom)
2023-11-06 09:26:48,994 [18227f38-d602-4438-971e-c9cd287df9cb-groupManagement] INFO  server.RaftServerConfigKeys (ConfUtils.java:logGet(46)) - raft.server.log.statemachine.data.read.timeout = 1000ms (default)
2023-11-06 09:26:48,994 [18227f38-d602-4438-971e-c9cd287df9cb-groupManagement] INFO  server.RaftServerConfigKeys (ConfUtils.java:logGet(46)) - raft.server.log.purge.preservation.log.num = 0 (default)
2023-11-06 09:26:48,994 [18227f38-d602-4438-971e-c9cd287df9cb-groupManagement] INFO  server.RaftServerConfigKeys (ConfUtils.java:logGet(46)) - raft.server.log.segment.size.max = 1048576 (custom)
2023-11-06 09:26:48,994 [18227f38-d602-4438-971e-c9cd287df9cb-groupManagement] INFO  server.RaftServerConfigKeys (ConfUtils.java:logGet(46)) - raft.server.log.segment.cache.num.max = 2 (custom)
2023-11-06 09:26:48,994 [18227f38-d602-4438-971e-c9cd287df9cb-groupManagement] INFO  server.RaftServerConfigKeys (ConfUtils.java:logGet(46)) - raft.server.log.segment.cache.size.max = 200MB (=209715200) (default)
2023-11-06 09:26:48,994 [18227f38-d602-4438-971e-c9cd287df9cb-groupManagement] INFO  server.RaftServerConfigKeys (ConfUtils.java:logGet(46)) - raft.server.log.appender.buffer.byte-limit = 33554432 (custom)
2023-11-06 09:26:48,995 [18227f38-d602-4438-971e-c9cd287df9cb-groupManagement] INFO  segmented.SegmentedRaftLogWorker (SegmentedRaftLogWorker.java:<init>(188)) - new 18227f38-d602-4438-971e-c9cd287df9cb@group-6DBCDF991ECB-SegmentedRaftLogWorker for RaftStorageImpl:Storage Directory /home/runner/work/ozone/ozone/hadoop-ozone/integration-test/target/test-dir/MiniOzoneClusterImpl-938474ea-96d6-4bd3-a45f-678920fb0bb2/datanode-7/data/ratis/fb9ddc8c-4fb4-4244-839f-6dbcdf991ecb
2023-11-06 09:26:48,995 [18227f38-d602-4438-971e-c9cd287df9cb-groupManagement] INFO  server.RaftServerConfigKeys (ConfUtils.java:logGet(46)) - raft.server.log.queue.byte-limit = 4294967296 (custom)
2023-11-06 09:26:48,995 [18227f38-d602-4438-971e-c9cd287df9cb-groupManagement] INFO  server.RaftServerConfigKeys (ConfUtils.java:logGet(46)) - raft.server.log.queue.element-limit = 1024 (custom)
2023-11-06 09:26:48,995 [18227f38-d602-4438-971e-c9cd287df9cb-groupManagement] INFO  server.RaftServerConfigKeys (ConfUtils.java:logGet(46)) - raft.server.log.segment.size.max = 1048576 (custom)
2023-11-06 09:26:48,995 [18227f38-d602-4438-971e-c9cd287df9cb-groupManagement] INFO  server.RaftServerConfigKeys (ConfUtils.java:logGet(46)) - raft.server.log.preallocated.size = 16384 (custom)
2023-11-06 09:26:48,995 [18227f38-d602-4438-971e-c9cd287df9cb-groupManagement] INFO  server.RaftServerConfigKeys (ConfUtils.java:logGet(46)) - raft.server.log.force.sync.num = 128 (default)
2023-11-06 09:26:48,995 [18227f38-d602-4438-971e-c9cd287df9cb-groupManagement] INFO  server.RaftServerConfigKeys (ConfUtils.java:logGet(46)) - raft.server.log.statemachine.data.sync = true (default)
2023-11-06 09:26:48,995 [18227f38-d602-4438-971e-c9cd287df9cb-groupManagement] INFO  server.RaftServerConfigKeys (ConfUtils.java:logGet(46)) - raft.server.log.statemachine.data.sync.timeout = 10s (default)
2023-11-06 09:26:48,995 [18227f38-d602-4438-971e-c9cd287df9cb-groupManagement] INFO  server.RaftServerConfigKeys (ConfUtils.java:logGet(46)) - raft.server.log.statemachine.data.sync.timeout.retry = -1 (default)
2023-11-06 09:26:48,997 [EventQueue-OpenPipelineForHealthyPipelineSafeModeRule] INFO  safemode.SCMSafeModeManager (HealthyPipelineSafeModeRule.java:process(137)) - SCM in safe mode. Healthy pipelines reported count is 0, required healthy pipeline reported count is 1
2023-11-06 09:26:48,998 [18227f38-d602-4438-971e-c9cd287df9cb-groupManagement] INFO  server.RaftServerConfigKeys (ConfUtils.java:logGet(46)) - raft.server.log.write.buffer.size = 1048576 (custom)
2023-11-06 09:26:48,998 [18227f38-d602-4438-971e-c9cd287df9cb-groupManagement] INFO  server.RaftServerConfigKeys (ConfUtils.java:logGet(46)) - raft.server.log.appender.buffer.byte-limit = 33554432 (custom)
2023-11-06 09:26:49,004 [18227f38-d602-4438-971e-c9cd287df9cb-groupManagement] INFO  server.RaftServerConfigKeys (ConfUtils.java:logGet(46)) - raft.server.log.unsafe-flush.enabled = false (default)
2023-11-06 09:26:49,004 [18227f38-d602-4438-971e-c9cd287df9cb-groupManagement] INFO  server.RaftServerConfigKeys (ConfUtils.java:logGet(46)) - raft.server.log.async-flush.enabled = false (default)
2023-11-06 09:26:49,005 [18227f38-d602-4438-971e-c9cd287df9cb-groupManagement] INFO  server.RaftServerConfigKeys (ConfUtils.java:logGet(46)) - raft.server.log.statemachine.data.caching.enabled = true (custom)
2023-11-06 09:26:49,005 [18227f38-d602-4438-971e-c9cd287df9cb-groupManagement] INFO  segmented.SegmentedRaftLogWorker (SegmentedRaftLogWorker.java:lambda$new$0(135)) - 18227f38-d602-4438-971e-c9cd287df9cb@group-6DBCDF991ECB-SegmentedRaftLogWorker: flushIndex: setUnconditionally 0 -> -1
2023-11-06 09:26:49,006 [18227f38-d602-4438-971e-c9cd287df9cb-groupManagement] INFO  segmented.SegmentedRaftLogWorker (SegmentedRaftLogWorker.java:lambda$new$0(135)) - 18227f38-d602-4438-971e-c9cd287df9cb@group-6DBCDF991ECB-SegmentedRaftLogWorker: safeCacheEvictIndex: setUnconditionally 0 -> -1
2023-11-06 09:26:49,006 [18227f38-d602-4438-971e-c9cd287df9cb-groupManagement] INFO  server.RaftServer$Division (RaftServerImpl.java:start(342)) - 18227f38-d602-4438-971e-c9cd287df9cb@group-6DBCDF991ECB: start as a follower, conf=-1: peers:[92ba0aed-1dcc-4895-b5bb-fc45f440be2e|rpc:10.1.0.6:15068|admin:10.1.0.6:15067|client:10.1.0.6:15066|dataStream:10.1.0.6:15069|priority:0|startupRole:FOLLOWER, 18227f38-d602-4438-971e-c9cd287df9cb|rpc:10.1.0.6:15077|admin:10.1.0.6:15076|client:10.1.0.6:15075|dataStream:10.1.0.6:15078|priority:1|startupRole:FOLLOWER, 5f7d9b36-4620-4ba9-8a78-929bd6ddd1f9|rpc:10.1.0.6:15086|admin:10.1.0.6:15085|client:10.1.0.6:15084|dataStream:10.1.0.6:15087|priority:0|startupRole:FOLLOWER]|listeners:[], old=null
2023-11-06 09:26:49,006 [18227f38-d602-4438-971e-c9cd287df9cb-groupManagement] INFO  server.RaftServer$Division (RaftServerImpl.java:setRole(329)) - 18227f38-d602-4438-971e-c9cd287df9cb@group-6DBCDF991ECB: changes role from      null to FOLLOWER at term 0 for startAsFollower
2023-11-06 09:26:49,006 [18227f38-d602-4438-971e-c9cd287df9cb-groupManagement] INFO  impl.RoleInfo (RoleInfo.java:updateAndGet(139)) - 18227f38-d602-4438-971e-c9cd287df9cb: start 18227f38-d602-4438-971e-c9cd287df9cb@group-6DBCDF991ECB-FollowerState
2023-11-06 09:26:49,007 [18227f38-d602-4438-971e-c9cd287df9cb-groupManagement] INFO  util.JmxRegister (JmxRegister.java:tryRegister(44)) - Successfully registered JMX Bean with object name Ratis:service=RaftServer,group=group-6DBCDF991ECB,id=18227f38-d602-4438-971e-c9cd287df9cb
2023-11-06 09:26:49,007 [18227f38-d602-4438-971e-c9cd287df9cb-groupManagement] INFO  server.RaftServerConfigKeys (ConfUtils.java:logGet(46)) - raft.server.snapshot.auto.trigger.enabled = true (custom)
2023-11-06 09:26:49,007 [18227f38-d602-4438-971e-c9cd287df9cb-groupManagement] INFO  server.RaftServerConfigKeys (ConfUtils.java:logGet(46)) - raft.server.snapshot.auto.trigger.threshold = 10000 (custom)
2023-11-06 09:26:49,007 [18227f38-d602-4438-971e-c9cd287df9cb-groupManagement] INFO  server.RaftServerConfigKeys (ConfUtils.java:logGet(46)) - raft.server.snapshot.retention.file.num = 5 (custom)
2023-11-06 09:26:49,007 [18227f38-d602-4438-971e-c9cd287df9cb-groupManagement] INFO  server.RaftServerConfigKeys (ConfUtils.java:logGet(46)) - raft.server.log.purge.upto.snapshot.index = false (default)
2023-11-06 09:26:49,008 [18227f38-d602-4438-971e-c9cd287df9cb@group-6DBCDF991ECB-FollowerState] INFO  server.RaftServerConfigKeys (ConfUtils.java:logFallback(53)) - raft.server.rpc.first-election.timeout.min = 5s (fallback to raft.server.rpc.timeout.min)
2023-11-06 09:26:49,008 [18227f38-d602-4438-971e-c9cd287df9cb@group-6DBCDF991ECB-FollowerState] INFO  server.RaftServerConfigKeys (ConfUtils.java:logFallback(53)) - raft.server.rpc.first-election.timeout.max = 5200ms (fallback to raft.server.rpc.timeout.max)
2023-11-06 09:26:49,015 [fedf11b8-0957-422e-880a-91cc26979c7a-PipelineCommandHandlerThread-0] INFO  commandhandler.CreatePipelineCommandHandler (CreatePipelineCommandHandler.java:lambda$handle$2(124)) - Created Pipeline RATIS THREE PipelineID=15f9db0e-4f6c-4380-b94d-0db81d4fe909.
2023-11-06 09:26:49,036 [main] INFO  ozone.MiniOzoneClusterImpl (MiniOzoneClusterImpl.java:lambda$waitForClusterToBeReady$0(229)) - Nodes are ready. Got 10 of 10 DN Heartbeats.
2023-11-06 09:26:49,036 [main] INFO  ozone.MiniOzoneClusterImpl (MiniOzoneClusterImpl.java:lambda$waitForClusterToBeReady$0(232)) - Waiting for cluster to exit safe mode
2023-11-06 09:26:49,036 [main] INFO  ozone.MiniOzoneClusterImpl (MiniOzoneClusterImpl.java:lambda$waitForClusterToBeReady$0(234)) - SCM became leader
2023-11-06 09:26:49,051 [5f7d9b36-4620-4ba9-8a78-929bd6ddd1f9-PipelineCommandHandlerThread-0] INFO  commandhandler.CreatePipelineCommandHandler (CreatePipelineCommandHandler.java:lambda$handle$2(124)) - Created Pipeline RATIS THREE PipelineID=fb9ddc8c-4fb4-4244-839f-6dbcdf991ecb.
2023-11-06 09:26:49,053 [fadd24ee-4463-4420-97cf-bdd350ad83ae-PipelineCommandHandlerThread-0] INFO  commandhandler.CreatePipelineCommandHandler (CreatePipelineCommandHandler.java:lambda$handle$2(124)) - Created Pipeline RATIS THREE PipelineID=87283212-8523-47a3-ab01-e7aca9f6e515.
2023-11-06 09:26:49,057 [0eeb79a9-13fd-416c-b2a7-6f654c6b5029-PipelineCommandHandlerThread-0] INFO  commandhandler.CreatePipelineCommandHandler (CreatePipelineCommandHandler.java:lambda$handle$2(124)) - Created Pipeline RATIS THREE PipelineID=15f9db0e-4f6c-4380-b94d-0db81d4fe909.
2023-11-06 09:26:49,112 [4cee0e49-9f18-41f8-8e67-157ccbc15955-PipelineCommandHandlerThread-0] INFO  commandhandler.CreatePipelineCommandHandler (CreatePipelineCommandHandler.java:lambda$handle$2(124)) - Created Pipeline RATIS THREE PipelineID=87283212-8523-47a3-ab01-e7aca9f6e515.
2023-11-06 09:26:49,128 [b7b1b697-3f82-4acb-89c8-f9bc2eccfa5a-PipelineCommandHandlerThread-0] INFO  commandhandler.CreatePipelineCommandHandler (CreatePipelineCommandHandler.java:lambda$handle$2(124)) - Created Pipeline RATIS THREE PipelineID=87283212-8523-47a3-ab01-e7aca9f6e515.
2023-11-06 09:26:50,036 [main] INFO  ozone.MiniOzoneClusterImpl (MiniOzoneClusterImpl.java:lambda$waitForClusterToBeReady$0(229)) - Nodes are ready. Got 10 of 10 DN Heartbeats.
2023-11-06 09:26:50,037 [main] INFO  ozone.MiniOzoneClusterImpl (MiniOzoneClusterImpl.java:lambda$waitForClusterToBeReady$0(232)) - Waiting for cluster to exit safe mode
2023-11-06 09:26:50,037 [main] INFO  ozone.MiniOzoneClusterImpl (MiniOzoneClusterImpl.java:lambda$waitForClusterToBeReady$0(234)) - SCM became leader
2023-11-06 09:26:51,037 [main] INFO  ozone.MiniOzoneClusterImpl (MiniOzoneClusterImpl.java:lambda$waitForClusterToBeReady$0(229)) - Nodes are ready. Got 10 of 10 DN Heartbeats.
2023-11-06 09:26:51,037 [main] INFO  ozone.MiniOzoneClusterImpl (MiniOzoneClusterImpl.java:lambda$waitForClusterToBeReady$0(232)) - Waiting for cluster to exit safe mode
2023-11-06 09:26:51,038 [main] INFO  ozone.MiniOzoneClusterImpl (MiniOzoneClusterImpl.java:lambda$waitForClusterToBeReady$0(234)) - SCM became leader
2023-11-06 09:26:51,187 [fedf11b8-0957-422e-880a-91cc26979c7a@group-3E664A0854E0-FollowerState] INFO  impl.FollowerState (FollowerState.java:run(143)) - fedf11b8-0957-422e-880a-91cc26979c7a@group-3E664A0854E0-FollowerState: change to CANDIDATE, lastRpcElapsedTime:5055275594ns, electionTimeout:5048ms
2023-11-06 09:26:51,187 [fedf11b8-0957-422e-880a-91cc26979c7a@group-3E664A0854E0-FollowerState] INFO  impl.RoleInfo (RoleInfo.java:shutdownFollowerState(110)) - fedf11b8-0957-422e-880a-91cc26979c7a: shutdown fedf11b8-0957-422e-880a-91cc26979c7a@group-3E664A0854E0-FollowerState
2023-11-06 09:26:51,187 [fedf11b8-0957-422e-880a-91cc26979c7a@group-3E664A0854E0-FollowerState] INFO  server.RaftServer$Division (RaftServerImpl.java:setRole(329)) - fedf11b8-0957-422e-880a-91cc26979c7a@group-3E664A0854E0: changes role from  FOLLOWER to CANDIDATE at term 0 for changeToCandidate
2023-11-06 09:26:51,189 [fedf11b8-0957-422e-880a-91cc26979c7a@group-3E664A0854E0-FollowerState] INFO  server.RaftServerConfigKeys (ConfUtils.java:logGet(46)) - raft.server.leaderelection.pre-vote = true (default)
2023-11-06 09:26:51,189 [fedf11b8-0957-422e-880a-91cc26979c7a@group-3E664A0854E0-FollowerState] INFO  impl.RoleInfo (RoleInfo.java:updateAndGet(139)) - fedf11b8-0957-422e-880a-91cc26979c7a: start fedf11b8-0957-422e-880a-91cc26979c7a@group-3E664A0854E0-LeaderElection2
2023-11-06 09:26:51,191 [fedf11b8-0957-422e-880a-91cc26979c7a@group-3E664A0854E0-LeaderElection2] INFO  impl.LeaderElection (LeaderElection.java:askForVotes(321)) - fedf11b8-0957-422e-880a-91cc26979c7a@group-3E664A0854E0-LeaderElection2 PRE_VOTE round 0: submit vote requests at term 0 for -1: peers:[d9016e39-0130-4fd9-896a-cac3c2785d02|rpc:10.1.0.6:15032|admin:10.1.0.6:15031|client:10.1.0.6:15030|dataStream:10.1.0.6:15033|priority:1|startupRole:FOLLOWER, fedf11b8-0957-422e-880a-91cc26979c7a|rpc:10.1.0.6:15014|admin:10.1.0.6:15013|client:10.1.0.6:15012|dataStream:10.1.0.6:15015|priority:0|startupRole:FOLLOWER, 0eeb79a9-13fd-416c-b2a7-6f654c6b5029|rpc:10.1.0.6:15023|admin:10.1.0.6:15022|client:10.1.0.6:15021|dataStream:10.1.0.6:15024|priority:0|startupRole:FOLLOWER]|listeners:[], old=null
2023-11-06 09:26:51,197 [fedf11b8-0957-422e-880a-91cc26979c7a@group-3E664A0854E0-LeaderElection2] INFO  server.RaftServerConfigKeys (ConfUtils.java:logFallback(53)) - raft.server.rpc.first-election.timeout.min = 5s (fallback to raft.server.rpc.timeout.min)
2023-11-06 09:26:51,197 [fedf11b8-0957-422e-880a-91cc26979c7a@group-3E664A0854E0-LeaderElection2] INFO  server.RaftServerConfigKeys (ConfUtils.java:logFallback(53)) - raft.server.rpc.first-election.timeout.max = 5200ms (fallback to raft.server.rpc.timeout.max)
2023-11-06 09:26:51,200 [fedf11b8-0957-422e-880a-91cc26979c7a@group-3E664A0854E0-LeaderElection2-2] INFO  server.GrpcServerProtocolClient (GrpcServerProtocolClient.java:<init>(65)) - Build channel for 0eeb79a9-13fd-416c-b2a7-6f654c6b5029
2023-11-06 09:26:51,207 [fedf11b8-0957-422e-880a-91cc26979c7a@group-3E664A0854E0-LeaderElection2-1] INFO  server.GrpcServerProtocolClient (GrpcServerProtocolClient.java:<init>(65)) - Build channel for d9016e39-0130-4fd9-896a-cac3c2785d02
2023-11-06 09:26:51,230 [grpc-default-executor-3] INFO  server.RaftServer$Division (RaftServerImpl.java:requestVote(1302)) - 0eeb79a9-13fd-416c-b2a7-6f654c6b5029@group-3E664A0854E0: receive requestVote(PRE_VOTE, fedf11b8-0957-422e-880a-91cc26979c7a, group-3E664A0854E0, 0, (t:0, i:0))
2023-11-06 09:26:51,232 [grpc-default-executor-3] INFO  impl.VoteContext (VoteContext.java:log(49)) - 0eeb79a9-13fd-416c-b2a7-6f654c6b5029@group-3E664A0854E0-FOLLOWER: accept PRE_VOTE from fedf11b8-0957-422e-880a-91cc26979c7a: our priority 0 <= candidate's priority 0
2023-11-06 09:26:51,237 [grpc-default-executor-3] INFO  server.RaftServer$Division (RaftServerImpl.java:requestVote(1335)) - 0eeb79a9-13fd-416c-b2a7-6f654c6b5029@group-3E664A0854E0 replies to PRE_VOTE vote request: fedf11b8-0957-422e-880a-91cc26979c7a<-0eeb79a9-13fd-416c-b2a7-6f654c6b5029#0:OK-t0. Peer's state: 0eeb79a9-13fd-416c-b2a7-6f654c6b5029@group-3E664A0854E0:t0, leader=null, voted=, raftlog=Memoized:0eeb79a9-13fd-416c-b2a7-6f654c6b5029@group-3E664A0854E0-SegmentedRaftLog:OPENED:c-1, conf=-1: peers:[d9016e39-0130-4fd9-896a-cac3c2785d02|rpc:10.1.0.6:15032|admin:10.1.0.6:15031|client:10.1.0.6:15030|dataStream:10.1.0.6:15033|priority:1|startupRole:FOLLOWER, fedf11b8-0957-422e-880a-91cc26979c7a|rpc:10.1.0.6:15014|admin:10.1.0.6:15013|client:10.1.0.6:15012|dataStream:10.1.0.6:15015|priority:0|startupRole:FOLLOWER, 0eeb79a9-13fd-416c-b2a7-6f654c6b5029|rpc:10.1.0.6:15023|admin:10.1.0.6:15022|client:10.1.0.6:15021|dataStream:10.1.0.6:15024|priority:0|startupRole:FOLLOWER]|listeners:[], old=null
2023-11-06 09:26:51,238 [grpc-default-executor-4] INFO  server.RaftServer$Division (RaftServerImpl.java:requestVote(1302)) - d9016e39-0130-4fd9-896a-cac3c2785d02@group-3E664A0854E0: receive requestVote(PRE_VOTE, fedf11b8-0957-422e-880a-91cc26979c7a, group-3E664A0854E0, 0, (t:0, i:0))
2023-11-06 09:26:51,238 [grpc-default-executor-4] INFO  impl.VoteContext (VoteContext.java:log(49)) - d9016e39-0130-4fd9-896a-cac3c2785d02@group-3E664A0854E0-FOLLOWER: reject PRE_VOTE from fedf11b8-0957-422e-880a-91cc26979c7a: our priority 1 > candidate's priority 0
2023-11-06 09:26:51,242 [grpc-default-executor-4] INFO  server.RaftServer$Division (RaftServerImpl.java:requestVote(1335)) - d9016e39-0130-4fd9-896a-cac3c2785d02@group-3E664A0854E0 replies to PRE_VOTE vote request: fedf11b8-0957-422e-880a-91cc26979c7a<-d9016e39-0130-4fd9-896a-cac3c2785d02#0:FAIL-t0. Peer's state: d9016e39-0130-4fd9-896a-cac3c2785d02@group-3E664A0854E0:t0, leader=null, voted=, raftlog=Memoized:d9016e39-0130-4fd9-896a-cac3c2785d02@group-3E664A0854E0-SegmentedRaftLog:OPENED:c-1, conf=-1: peers:[d9016e39-0130-4fd9-896a-cac3c2785d02|rpc:10.1.0.6:15032|admin:10.1.0.6:15031|client:10.1.0.6:15030|dataStream:10.1.0.6:15033|priority:1|startupRole:FOLLOWER, fedf11b8-0957-422e-880a-91cc26979c7a|rpc:10.1.0.6:15014|admin:10.1.0.6:15013|client:10.1.0.6:15012|dataStream:10.1.0.6:15015|priority:0|startupRole:FOLLOWER, 0eeb79a9-13fd-416c-b2a7-6f654c6b5029|rpc:10.1.0.6:15023|admin:10.1.0.6:15022|client:10.1.0.6:15021|dataStream:10.1.0.6:15024|priority:0|startupRole:FOLLOWER]|listeners:[], old=null
2023-11-06 09:26:51,247 [fedf11b8-0957-422e-880a-91cc26979c7a@group-3E664A0854E0-LeaderElection2] INFO  impl.LeaderElection (LeaderElection.java:logAndReturn(90)) - fedf11b8-0957-422e-880a-91cc26979c7a@group-3E664A0854E0-LeaderElection2: PRE_VOTE REJECTED received 2 response(s) and 0 exception(s):
2023-11-06 09:26:51,247 [fedf11b8-0957-422e-880a-91cc26979c7a@group-3E664A0854E0-LeaderElection2] INFO  impl.LeaderElection (LeaderElection.java:logAndReturn(94)) -   Response 0: fedf11b8-0957-422e-880a-91cc26979c7a<-d9016e39-0130-4fd9-896a-cac3c2785d02#0:FAIL-t0
2023-11-06 09:26:51,247 [fedf11b8-0957-422e-880a-91cc26979c7a@group-3E664A0854E0-LeaderElection2] INFO  impl.LeaderElection (LeaderElection.java:logAndReturn(94)) -   Response 1: fedf11b8-0957-422e-880a-91cc26979c7a<-0eeb79a9-13fd-416c-b2a7-6f654c6b5029#0:OK-t0
2023-11-06 09:26:51,247 [fedf11b8-0957-422e-880a-91cc26979c7a@group-3E664A0854E0-LeaderElection2] INFO  impl.LeaderElection (LeaderElection.java:askForVotes(323)) - fedf11b8-0957-422e-880a-91cc26979c7a@group-3E664A0854E0-LeaderElection2 PRE_VOTE round 0: result REJECTED
2023-11-06 09:26:51,248 [fedf11b8-0957-422e-880a-91cc26979c7a@group-3E664A0854E0-LeaderElection2] INFO  server.RaftServer$Division (RaftServerImpl.java:setRole(329)) - fedf11b8-0957-422e-880a-91cc26979c7a@group-3E664A0854E0: changes role from CANDIDATE to FOLLOWER at term 0 for REJECTED
2023-11-06 09:26:51,248 [fedf11b8-0957-422e-880a-91cc26979c7a@group-3E664A0854E0-LeaderElection2] INFO  impl.RoleInfo (RoleInfo.java:shutdownLeaderElection(130)) - fedf11b8-0957-422e-880a-91cc26979c7a: shutdown fedf11b8-0957-422e-880a-91cc26979c7a@group-3E664A0854E0-LeaderElection2
2023-11-06 09:26:51,248 [fedf11b8-0957-422e-880a-91cc26979c7a@group-3E664A0854E0-LeaderElection2] INFO  impl.RoleInfo (RoleInfo.java:updateAndGet(139)) - fedf11b8-0957-422e-880a-91cc26979c7a: start fedf11b8-0957-422e-880a-91cc26979c7a@group-3E664A0854E0-FollowerState
2023-11-06 09:26:51,273 [fedf11b8-0957-422e-880a-91cc26979c7a@group-BD96D7F114B6-FollowerState] INFO  impl.FollowerState (FollowerState.java:run(143)) - fedf11b8-0957-422e-880a-91cc26979c7a@group-BD96D7F114B6-FollowerState: change to CANDIDATE, lastRpcElapsedTime:5190228937ns, electionTimeout:5176ms
2023-11-06 09:26:51,274 [fedf11b8-0957-422e-880a-91cc26979c7a@group-BD96D7F114B6-FollowerState] INFO  impl.RoleInfo (RoleInfo.java:shutdownFollowerState(110)) - fedf11b8-0957-422e-880a-91cc26979c7a: shutdown fedf11b8-0957-422e-880a-91cc26979c7a@group-BD96D7F114B6-FollowerState
2023-11-06 09:26:51,274 [fedf11b8-0957-422e-880a-91cc26979c7a@group-BD96D7F114B6-FollowerState] INFO  server.RaftServer$Division (RaftServerImpl.java:setRole(329)) - fedf11b8-0957-422e-880a-91cc26979c7a@group-BD96D7F114B6: changes role from  FOLLOWER to CANDIDATE at term 0 for changeToCandidate
2023-11-06 09:26:51,275 [fedf11b8-0957-422e-880a-91cc26979c7a@group-BD96D7F114B6-FollowerState] INFO  server.RaftServerConfigKeys (ConfUtils.java:logGet(46)) - raft.server.leaderelection.pre-vote = true (default)
2023-11-06 09:26:51,275 [fedf11b8-0957-422e-880a-91cc26979c7a@group-BD96D7F114B6-FollowerState] INFO  impl.RoleInfo (RoleInfo.java:updateAndGet(139)) - fedf11b8-0957-422e-880a-91cc26979c7a: start fedf11b8-0957-422e-880a-91cc26979c7a@group-BD96D7F114B6-LeaderElection3
2023-11-06 09:26:51,278 [fedf11b8-0957-422e-880a-91cc26979c7a@group-BD96D7F114B6-LeaderElection3] INFO  impl.LeaderElection (LeaderElection.java:askForVotes(321)) - fedf11b8-0957-422e-880a-91cc26979c7a@group-BD96D7F114B6-LeaderElection3 PRE_VOTE round 0: submit vote requests at term 0 for -1: peers:[fedf11b8-0957-422e-880a-91cc26979c7a|rpc:10.1.0.6:15014|admin:10.1.0.6:15013|client:10.1.0.6:15012|dataStream:10.1.0.6:15015|priority:1|startupRole:FOLLOWER]|listeners:[], old=null
2023-11-06 09:26:51,279 [fedf11b8-0957-422e-880a-91cc26979c7a@group-BD96D7F114B6-LeaderElection3] INFO  impl.LeaderElection (LeaderElection.java:askForVotes(323)) - fedf11b8-0957-422e-880a-91cc26979c7a@group-BD96D7F114B6-LeaderElection3 PRE_VOTE round 0: result PASSED (term=0)
2023-11-06 09:26:51,282 [fedf11b8-0957-422e-880a-91cc26979c7a@group-BD96D7F114B6-LeaderElection3] INFO  impl.LeaderElection (LeaderElection.java:askForVotes(321)) - fedf11b8-0957-422e-880a-91cc26979c7a@group-BD96D7F114B6-LeaderElection3 ELECTION round 0: submit vote requests at term 1 for -1: peers:[fedf11b8-0957-422e-880a-91cc26979c7a|rpc:10.1.0.6:15014|admin:10.1.0.6:15013|client:10.1.0.6:15012|dataStream:10.1.0.6:15015|priority:1|startupRole:FOLLOWER]|listeners:[], old=null
2023-11-06 09:26:51,282 [fedf11b8-0957-422e-880a-91cc26979c7a@group-BD96D7F114B6-LeaderElection3] INFO  impl.LeaderElection (LeaderElection.java:askForVotes(323)) - fedf11b8-0957-422e-880a-91cc26979c7a@group-BD96D7F114B6-LeaderElection3 ELECTION round 0: result PASSED (term=1)
2023-11-06 09:26:51,282 [fedf11b8-0957-422e-880a-91cc26979c7a@group-BD96D7F114B6-LeaderElection3] INFO  impl.RoleInfo (RoleInfo.java:shutdownLeaderElection(130)) - fedf11b8-0957-422e-880a-91cc26979c7a: shutdown fedf11b8-0957-422e-880a-91cc26979c7a@group-BD96D7F114B6-LeaderElection3
2023-11-06 09:26:51,283 [fedf11b8-0957-422e-880a-91cc26979c7a@group-BD96D7F114B6-LeaderElection3] INFO  server.RaftServer$Division (RaftServerImpl.java:setRole(329)) - fedf11b8-0957-422e-880a-91cc26979c7a@group-BD96D7F114B6: changes role from CANDIDATE to LEADER at term 1 for changeToLeader
2023-11-06 09:26:51,283 [fedf11b8-0957-422e-880a-91cc26979c7a@group-BD96D7F114B6-LeaderElection3] INFO  ratis.XceiverServerRatis (XceiverServerRatis.java:handleLeaderChangedNotification(903)) - Leader change notification received for group: group-BD96D7F114B6 with new leaderId: fedf11b8-0957-422e-880a-91cc26979c7a
2023-11-06 09:26:51,284 [fedf11b8-0957-422e-880a-91cc26979c7a@group-BD96D7F114B6-LeaderElection3] INFO  server.RaftServer$Division (ServerState.java:setLeader(317)) - fedf11b8-0957-422e-880a-91cc26979c7a@group-BD96D7F114B6: change Leader from null to fedf11b8-0957-422e-880a-91cc26979c7a at term 1 for becomeLeader, leader elected after 5237ms
2023-11-06 09:26:51,287 [EventQueue-OpenPipelineForHealthyPipelineSafeModeRule] INFO  safemode.SCMSafeModeManager (HealthyPipelineSafeModeRule.java:process(137)) - SCM in safe mode. Healthy pipelines reported count is 0, required healthy pipeline reported count is 1
2023-11-06 09:26:51,291 [fedf11b8-0957-422e-880a-91cc26979c7a@group-BD96D7F114B6-LeaderElection3] INFO  server.RaftServerConfigKeys (ConfUtils.java:logGet(46)) - raft.server.staging.catchup.gap = 1000 (default)
2023-11-06 09:26:51,291 [fedf11b8-0957-422e-880a-91cc26979c7a@group-BD96D7F114B6-LeaderElection3] INFO  server.RaftServerConfigKeys (ConfUtils.java:logGet(46)) - raft.server.write.element-limit = 1024 (custom)
2023-11-06 09:26:51,292 [fedf11b8-0957-422e-880a-91cc26979c7a@group-BD96D7F114B6-LeaderElection3] INFO  server.RaftServerConfigKeys (ConfUtils.java:logGet(46)) - raft.server.write.byte-limit = 1024 M (=1073741824) (custom)
2023-11-06 09:26:51,293 [fedf11b8-0957-422e-880a-91cc26979c7a@group-BD96D7F114B6-LeaderElection3] INFO  server.RaftServerConfigKeys (ConfUtils.java:logGet(46)) - raft.server.watch.timeout = 180s (custom)
2023-11-06 09:26:51,293 [fedf11b8-0957-422e-880a-91cc26979c7a@group-BD96D7F114B6-LeaderElection3] INFO  server.RaftServerConfigKeys (ConfUtils.java:logGet(46)) - raft.server.watch.timeout.denomination = 1s (default)
2023-11-06 09:26:51,293 [fedf11b8-0957-422e-880a-91cc26979c7a@group-BD96D7F114B6-LeaderElection3] INFO  server.RaftServerConfigKeys (ConfUtils.java:logGet(46)) - raft.server.watch.element-limit = 65536 (default)
2023-11-06 09:26:51,294 [fedf11b8-0957-422e-880a-91cc26979c7a@group-BD96D7F114B6-LeaderElection3] INFO  server.RaftServerConfigKeys (ConfUtils.java:logGet(46)) - raft.server.write.element-limit = 1024 (custom)
2023-11-06 09:26:51,294 [fedf11b8-0957-422e-880a-91cc26979c7a@group-BD96D7F114B6-LeaderElection3] INFO  server.RaftServerConfigKeys (ConfUtils.java:logGet(46)) - raft.server.write.follower.gap.ratio.max = -1.0 (default)
2023-11-06 09:26:51,295 [fedf11b8-0957-422e-880a-91cc26979c7a@group-BD96D7F114B6-LeaderElection3] INFO  impl.RoleInfo (RoleInfo.java:updateAndGet(139)) - fedf11b8-0957-422e-880a-91cc26979c7a: start fedf11b8-0957-422e-880a-91cc26979c7a@group-BD96D7F114B6-LeaderStateImpl
2023-11-06 09:26:51,295 [fedf11b8-0957-422e-880a-91cc26979c7a@group-BD96D7F114B6-LeaderElection3] INFO  segmented.SegmentedRaftLogWorker (SegmentedRaftLogWorker.java:startLogSegment(447)) - fedf11b8-0957-422e-880a-91cc26979c7a@group-BD96D7F114B6-SegmentedRaftLogWorker: Starting segment from index:0
2023-11-06 09:26:51,298 [fedf11b8-0957-422e-880a-91cc26979c7a@group-BD96D7F114B6-SegmentedRaftLogWorker] INFO  segmented.SegmentedRaftLogWorker (SegmentedRaftLogWorker.java:execute(651)) - fedf11b8-0957-422e-880a-91cc26979c7a@group-BD96D7F114B6-SegmentedRaftLogWorker: created new log segment /home/runner/work/ozone/ozone/hadoop-ozone/integration-test/target/test-dir/MiniOzoneClusterImpl-938474ea-96d6-4bd3-a45f-678920fb0bb2/datanode-0/data/ratis/937df6f7-db1d-471a-b4a9-bd96d7f114b6/current/log_inprogress_0
2023-11-06 09:26:51,300 [fedf11b8-0957-422e-880a-91cc26979c7a@group-BD96D7F114B6-LeaderElection3] INFO  server.RaftServer$Division (ServerState.java:setRaftConf(434)) - fedf11b8-0957-422e-880a-91cc26979c7a@group-BD96D7F114B6: set configuration 0: peers:[fedf11b8-0957-422e-880a-91cc26979c7a|rpc:10.1.0.6:15014|admin:10.1.0.6:15013|client:10.1.0.6:15012|dataStream:10.1.0.6:15015|priority:1|startupRole:FOLLOWER]|listeners:[], old=null
2023-11-06 09:26:51,369 [0eeb79a9-13fd-416c-b2a7-6f654c6b5029@group-5FD2B077ACB6-FollowerState] INFO  impl.FollowerState (FollowerState.java:run(143)) - 0eeb79a9-13fd-416c-b2a7-6f654c6b5029@group-5FD2B077ACB6-FollowerState: change to CANDIDATE, lastRpcElapsedTime:5009272983ns, electionTimeout:5001ms
2023-11-06 09:26:51,369 [0eeb79a9-13fd-416c-b2a7-6f654c6b5029@group-5FD2B077ACB6-FollowerState] INFO  impl.RoleInfo (RoleInfo.java:shutdownFollowerState(110)) - 0eeb79a9-13fd-416c-b2a7-6f654c6b5029: shutdown 0eeb79a9-13fd-416c-b2a7-6f654c6b5029@group-5FD2B077ACB6-FollowerState
2023-11-06 09:26:51,369 [0eeb79a9-13fd-416c-b2a7-6f654c6b5029@group-5FD2B077ACB6-FollowerState] INFO  server.RaftServer$Division (RaftServerImpl.java:setRole(329)) - 0eeb79a9-13fd-416c-b2a7-6f654c6b5029@group-5FD2B077ACB6: changes role from  FOLLOWER to CANDIDATE at term 0 for changeToCandidate
2023-11-06 09:26:51,371 [0eeb79a9-13fd-416c-b2a7-6f654c6b5029@group-5FD2B077ACB6-FollowerState] INFO  server.RaftServerConfigKeys (ConfUtils.java:logGet(46)) - raft.server.leaderelection.pre-vote = true (default)
2023-11-06 09:26:51,371 [0eeb79a9-13fd-416c-b2a7-6f654c6b5029@group-5FD2B077ACB6-FollowerState] INFO  impl.RoleInfo (RoleInfo.java:updateAndGet(139)) - 0eeb79a9-13fd-416c-b2a7-6f654c6b5029: start 0eeb79a9-13fd-416c-b2a7-6f654c6b5029@group-5FD2B077ACB6-LeaderElection4
2023-11-06 09:26:51,375 [0eeb79a9-13fd-416c-b2a7-6f654c6b5029@group-5FD2B077ACB6-LeaderElection4] INFO  impl.LeaderElection (LeaderElection.java:askForVotes(321)) - 0eeb79a9-13fd-416c-b2a7-6f654c6b5029@group-5FD2B077ACB6-LeaderElection4 PRE_VOTE round 0: submit vote requests at term 0 for -1: peers:[0eeb79a9-13fd-416c-b2a7-6f654c6b5029|rpc:10.1.0.6:15023|admin:10.1.0.6:15022|client:10.1.0.6:15021|dataStream:10.1.0.6:15024|priority:1|startupRole:FOLLOWER]|listeners:[], old=null
2023-11-06 09:26:51,375 [0eeb79a9-13fd-416c-b2a7-6f654c6b5029@group-5FD2B077ACB6-LeaderElection4] INFO  impl.LeaderElection (LeaderElection.java:askForVotes(323)) - 0eeb79a9-13fd-416c-b2a7-6f654c6b5029@group-5FD2B077ACB6-LeaderElection4 PRE_VOTE round 0: result PASSED (term=0)
2023-11-06 09:26:51,379 [0eeb79a9-13fd-416c-b2a7-6f654c6b5029@group-5FD2B077ACB6-LeaderElection4] INFO  impl.LeaderElection (LeaderElection.java:askForVotes(321)) - 0eeb79a9-13fd-416c-b2a7-6f654c6b5029@group-5FD2B077ACB6-LeaderElection4 ELECTION round 0: submit vote requests at term 1 for -1: peers:[0eeb79a9-13fd-416c-b2a7-6f654c6b5029|rpc:10.1.0.6:15023|admin:10.1.0.6:15022|client:10.1.0.6:15021|dataStream:10.1.0.6:15024|priority:1|startupRole:FOLLOWER]|listeners:[], old=null
2023-11-06 09:26:51,379 [0eeb79a9-13fd-416c-b2a7-6f654c6b5029@group-5FD2B077ACB6-LeaderElection4] INFO  impl.LeaderElection (LeaderElection.java:askForVotes(323)) - 0eeb79a9-13fd-416c-b2a7-6f654c6b5029@group-5FD2B077ACB6-LeaderElection4 ELECTION round 0: result PASSED (term=1)
2023-11-06 09:26:51,379 [0eeb79a9-13fd-416c-b2a7-6f654c6b5029@group-5FD2B077ACB6-LeaderElection4] INFO  impl.RoleInfo (RoleInfo.java:shutdownLeaderElection(130)) - 0eeb79a9-13fd-416c-b2a7-6f654c6b5029: shutdown 0eeb79a9-13fd-416c-b2a7-6f654c6b5029@group-5FD2B077ACB6-LeaderElection4
2023-11-06 09:26:51,380 [0eeb79a9-13fd-416c-b2a7-6f654c6b5029@group-5FD2B077ACB6-LeaderElection4] INFO  server.RaftServer$Division (RaftServerImpl.java:setRole(329)) - 0eeb79a9-13fd-416c-b2a7-6f654c6b5029@group-5FD2B077ACB6: changes role from CANDIDATE to LEADER at term 1 for changeToLeader
2023-11-06 09:26:51,380 [0eeb79a9-13fd-416c-b2a7-6f654c6b5029@group-5FD2B077ACB6-LeaderElection4] INFO  ratis.XceiverServerRatis (XceiverServerRatis.java:handleLeaderChangedNotification(903)) - Leader change notification received for group: group-5FD2B077ACB6 with new leaderId: 0eeb79a9-13fd-416c-b2a7-6f654c6b5029
2023-11-06 09:26:51,380 [0eeb79a9-13fd-416c-b2a7-6f654c6b5029@group-5FD2B077ACB6-LeaderElection4] INFO  server.RaftServer$Division (ServerState.java:setLeader(317)) - 0eeb79a9-13fd-416c-b2a7-6f654c6b5029@group-5FD2B077ACB6: change Leader from null to 0eeb79a9-13fd-416c-b2a7-6f654c6b5029 at term 1 for becomeLeader, leader elected after 5077ms
2023-11-06 09:26:51,380 [0eeb79a9-13fd-416c-b2a7-6f654c6b5029@group-5FD2B077ACB6-LeaderElection4] INFO  server.RaftServerConfigKeys (ConfUtils.java:logGet(46)) - raft.server.staging.catchup.gap = 1000 (default)
2023-11-06 09:26:51,381 [0eeb79a9-13fd-416c-b2a7-6f654c6b5029@group-5FD2B077ACB6-LeaderElection4] INFO  server.RaftServerConfigKeys (ConfUtils.java:logGet(46)) - raft.server.write.element-limit = 1024 (custom)
2023-11-06 09:26:51,381 [0eeb79a9-13fd-416c-b2a7-6f654c6b5029@group-5FD2B077ACB6-LeaderElection4] INFO  server.RaftServerConfigKeys (ConfUtils.java:logGet(46)) - raft.server.write.byte-limit = 1024 M (=1073741824) (custom)
2023-11-06 09:26:51,381 [0eeb79a9-13fd-416c-b2a7-6f654c6b5029@group-5FD2B077ACB6-LeaderElection4] INFO  server.RaftServerConfigKeys (ConfUtils.java:logGet(46)) - raft.server.watch.timeout = 180s (custom)
2023-11-06 09:26:51,381 [0eeb79a9-13fd-416c-b2a7-6f654c6b5029@group-5FD2B077ACB6-LeaderElection4] INFO  server.RaftServerConfigKeys (ConfUtils.java:logGet(46)) - raft.server.watch.timeout.denomination = 1s (default)
2023-11-06 09:26:51,381 [0eeb79a9-13fd-416c-b2a7-6f654c6b5029@group-5FD2B077ACB6-LeaderElection4] INFO  server.RaftServerConfigKeys (ConfUtils.java:logGet(46)) - raft.server.watch.element-limit = 65536 (default)
2023-11-06 09:26:51,382 [0eeb79a9-13fd-416c-b2a7-6f654c6b5029@group-5FD2B077ACB6-LeaderElection4] INFO  server.RaftServerConfigKeys (ConfUtils.java:logGet(46)) - raft.server.write.element-limit = 1024 (custom)
2023-11-06 09:26:51,382 [0eeb79a9-13fd-416c-b2a7-6f654c6b5029@group-5FD2B077ACB6-LeaderElection4] INFO  server.RaftServerConfigKeys (ConfUtils.java:logGet(46)) - raft.server.write.follower.gap.ratio.max = -1.0 (default)
2023-11-06 09:26:51,382 [0eeb79a9-13fd-416c-b2a7-6f654c6b5029@group-5FD2B077ACB6-LeaderElection4] INFO  impl.RoleInfo (RoleInfo.java:updateAndGet(139)) - 0eeb79a9-13fd-416c-b2a7-6f654c6b5029: start 0eeb79a9-13fd-416c-b2a7-6f654c6b5029@group-5FD2B077ACB6-LeaderStateImpl
2023-11-06 09:26:51,382 [0eeb79a9-13fd-416c-b2a7-6f654c6b5029@group-5FD2B077ACB6-LeaderElection4] INFO  segmented.SegmentedRaftLogWorker (SegmentedRaftLogWorker.java:startLogSegment(447)) - 0eeb79a9-13fd-416c-b2a7-6f654c6b5029@group-5FD2B077ACB6-SegmentedRaftLogWorker: Starting segment from index:0
2023-11-06 09:26:51,383 [EventQueue-OpenPipelineForHealthyPipelineSafeModeRule] INFO  safemode.SCMSafeModeManager (HealthyPipelineSafeModeRule.java:process(137)) - SCM in safe mode. Healthy pipelines reported count is 0, required healthy pipeline reported count is 1
2023-11-06 09:26:51,384 [0eeb79a9-13fd-416c-b2a7-6f654c6b5029@group-5FD2B077ACB6-SegmentedRaftLogWorker] INFO  segmented.SegmentedRaftLogWorker (SegmentedRaftLogWorker.java:execute(651)) - 0eeb79a9-13fd-416c-b2a7-6f654c6b5029@group-5FD2B077ACB6-SegmentedRaftLogWorker: created new log segment /home/runner/work/ozone/ozone/hadoop-ozone/integration-test/target/test-dir/MiniOzoneClusterImpl-938474ea-96d6-4bd3-a45f-678920fb0bb2/datanode-1/data/ratis/2c2e71b0-cf69-4675-ac6c-5fd2b077acb6/current/log_inprogress_0
2023-11-06 09:26:51,389 [0eeb79a9-13fd-416c-b2a7-6f654c6b5029@group-5FD2B077ACB6-LeaderElection4] INFO  server.RaftServer$Division (ServerState.java:setRaftConf(434)) - 0eeb79a9-13fd-416c-b2a7-6f654c6b5029@group-5FD2B077ACB6: set configuration 0: peers:[0eeb79a9-13fd-416c-b2a7-6f654c6b5029|rpc:10.1.0.6:15023|admin:10.1.0.6:15022|client:10.1.0.6:15021|dataStream:10.1.0.6:15024|priority:1|startupRole:FOLLOWER]|listeners:[], old=null
2023-11-06 09:26:51,558 [0eeb79a9-13fd-416c-b2a7-6f654c6b5029@group-3E664A0854E0-FollowerState] INFO  server.RaftServerConfigKeys (ConfUtils.java:logFallback(53)) - raft.server.rpc.first-election.timeout.min = 5s (fallback to raft.server.rpc.timeout.min)
2023-11-06 09:26:51,558 [0eeb79a9-13fd-416c-b2a7-6f654c6b5029@group-3E664A0854E0-FollowerState] INFO  server.RaftServerConfigKeys (ConfUtils.java:logFallback(53)) - raft.server.rpc.first-election.timeout.max = 5200ms (fallback to raft.server.rpc.timeout.max)
2023-11-06 09:26:52,038 [main] INFO  ozone.MiniOzoneClusterImpl (MiniOzoneClusterImpl.java:lambda$waitForClusterToBeReady$0(229)) - Nodes are ready. Got 10 of 10 DN Heartbeats.
2023-11-06 09:26:52,038 [main] INFO  ozone.MiniOzoneClusterImpl (MiniOzoneClusterImpl.java:lambda$waitForClusterToBeReady$0(232)) - Waiting for cluster to exit safe mode
2023-11-06 09:26:52,038 [main] INFO  ozone.MiniOzoneClusterImpl (MiniOzoneClusterImpl.java:lambda$waitForClusterToBeReady$0(234)) - SCM became leader
2023-11-06 09:26:52,178 [d9016e39-0130-4fd9-896a-cac3c2785d02@group-C449668A084E-FollowerState] INFO  impl.FollowerState (FollowerState.java:run(143)) - d9016e39-0130-4fd9-896a-cac3c2785d02@group-C449668A084E-FollowerState: change to CANDIDATE, lastRpcElapsedTime:5120439572ns, electionTimeout:5094ms
2023-11-06 09:26:52,178 [d9016e39-0130-4fd9-896a-cac3c2785d02@group-C449668A084E-FollowerState] INFO  impl.RoleInfo (RoleInfo.java:shutdownFollowerState(110)) - d9016e39-0130-4fd9-896a-cac3c2785d02: shutdown d9016e39-0130-4fd9-896a-cac3c2785d02@group-C449668A084E-FollowerState
2023-11-06 09:26:52,178 [d9016e39-0130-4fd9-896a-cac3c2785d02@group-C449668A084E-FollowerState] INFO  server.RaftServer$Division (RaftServerImpl.java:setRole(329)) - d9016e39-0130-4fd9-896a-cac3c2785d02@group-C449668A084E: changes role from  FOLLOWER to CANDIDATE at term 0 for changeToCandidate
2023-11-06 09:26:52,180 [d9016e39-0130-4fd9-896a-cac3c2785d02@group-C449668A084E-FollowerState] INFO  server.RaftServerConfigKeys (ConfUtils.java:logGet(46)) - raft.server.leaderelection.pre-vote = true (default)
2023-11-06 09:26:52,180 [d9016e39-0130-4fd9-896a-cac3c2785d02@group-C449668A084E-FollowerState] INFO  impl.RoleInfo (RoleInfo.java:updateAndGet(139)) - d9016e39-0130-4fd9-896a-cac3c2785d02: start d9016e39-0130-4fd9-896a-cac3c2785d02@group-C449668A084E-LeaderElection5
2023-11-06 09:26:52,183 [d9016e39-0130-4fd9-896a-cac3c2785d02@group-C449668A084E-LeaderElection5] INFO  impl.LeaderElection (LeaderElection.java:askForVotes(321)) - d9016e39-0130-4fd9-896a-cac3c2785d02@group-C449668A084E-LeaderElection5 PRE_VOTE round 0: submit vote requests at term 0 for -1: peers:[d9016e39-0130-4fd9-896a-cac3c2785d02|rpc:10.1.0.6:15032|admin:10.1.0.6:15031|client:10.1.0.6:15030|dataStream:10.1.0.6:15033|priority:1|startupRole:FOLLOWER]|listeners:[], old=null
2023-11-06 09:26:52,183 [d9016e39-0130-4fd9-896a-cac3c2785d02@group-C449668A084E-LeaderElection5] INFO  impl.LeaderElection (LeaderElection.java:askForVotes(323)) - d9016e39-0130-4fd9-896a-cac3c2785d02@group-C449668A084E-LeaderElection5 PRE_VOTE round 0: result PASSED (term=0)
2023-11-06 09:26:52,185 [d9016e39-0130-4fd9-896a-cac3c2785d02@group-C449668A084E-LeaderElection5] INFO  impl.LeaderElection (LeaderElection.java:askForVotes(321)) - d9016e39-0130-4fd9-896a-cac3c2785d02@group-C449668A084E-LeaderElection5 ELECTION round 0: submit vote requests at term 1 for -1: peers:[d9016e39-0130-4fd9-896a-cac3c2785d02|rpc:10.1.0.6:15032|admin:10.1.0.6:15031|client:10.1.0.6:15030|dataStream:10.1.0.6:15033|priority:1|startupRole:FOLLOWER]|listeners:[], old=null
2023-11-06 09:26:52,185 [d9016e39-0130-4fd9-896a-cac3c2785d02@group-C449668A084E-LeaderElection5] INFO  impl.LeaderElection (LeaderElection.java:askForVotes(323)) - d9016e39-0130-4fd9-896a-cac3c2785d02@group-C449668A084E-LeaderElection5 ELECTION round 0: result PASSED (term=1)
2023-11-06 09:26:52,185 [d9016e39-0130-4fd9-896a-cac3c2785d02@group-C449668A084E-LeaderElection5] INFO  impl.RoleInfo (RoleInfo.java:shutdownLeaderElection(130)) - d9016e39-0130-4fd9-896a-cac3c2785d02: shutdown d9016e39-0130-4fd9-896a-cac3c2785d02@group-C449668A084E-LeaderElection5
2023-11-06 09:26:52,186 [d9016e39-0130-4fd9-896a-cac3c2785d02@group-C449668A084E-LeaderElection5] INFO  server.RaftServer$Division (RaftServerImpl.java:setRole(329)) - d9016e39-0130-4fd9-896a-cac3c2785d02@group-C449668A084E: changes role from CANDIDATE to LEADER at term 1 for changeToLeader
2023-11-06 09:26:52,186 [d9016e39-0130-4fd9-896a-cac3c2785d02@group-C449668A084E-LeaderElection5] INFO  ratis.XceiverServerRatis (XceiverServerRatis.java:handleLeaderChangedNotification(903)) - Leader change notification received for group: group-C449668A084E with new leaderId: d9016e39-0130-4fd9-896a-cac3c2785d02
2023-11-06 09:26:52,187 [d9016e39-0130-4fd9-896a-cac3c2785d02@group-C449668A084E-LeaderElection5] INFO  server.RaftServer$Division (ServerState.java:setLeader(317)) - d9016e39-0130-4fd9-896a-cac3c2785d02@group-C449668A084E: change Leader from null to d9016e39-0130-4fd9-896a-cac3c2785d02 at term 1 for becomeLeader, leader elected after 5610ms
2023-11-06 09:26:52,187 [d9016e39-0130-4fd9-896a-cac3c2785d02@group-C449668A084E-LeaderElection5] INFO  server.RaftServerConfigKeys (ConfUtils.java:logGet(46)) - raft.server.staging.catchup.gap = 1000 (default)
2023-11-06 09:26:52,187 [d9016e39-0130-4fd9-896a-cac3c2785d02@group-C449668A084E-LeaderElection5] INFO  server.RaftServerConfigKeys (ConfUtils.java:logGet(46)) - raft.server.write.element-limit = 1024 (custom)
2023-11-06 09:26:52,187 [d9016e39-0130-4fd9-896a-cac3c2785d02@group-C449668A084E-LeaderElection5] INFO  server.RaftServerConfigKeys (ConfUtils.java:logGet(46)) - raft.server.write.byte-limit = 1024 M (=1073741824) (custom)
2023-11-06 09:26:52,188 [d9016e39-0130-4fd9-896a-cac3c2785d02@group-C449668A084E-LeaderElection5] INFO  server.RaftServerConfigKeys (ConfUtils.java:logGet(46)) - raft.server.watch.timeout = 180s (custom)
2023-11-06 09:26:52,188 [d9016e39-0130-4fd9-896a-cac3c2785d02@group-C449668A084E-LeaderElection5] INFO  server.RaftServerConfigKeys (ConfUtils.java:logGet(46)) - raft.server.watch.timeout.denomination = 1s (default)
2023-11-06 09:26:52,188 [d9016e39-0130-4fd9-896a-cac3c2785d02@group-C449668A084E-LeaderElection5] INFO  server.RaftServerConfigKeys (ConfUtils.java:logGet(46)) - raft.server.watch.element-limit = 65536 (default)
2023-11-06 09:26:52,188 [d9016e39-0130-4fd9-896a-cac3c2785d02@group-C449668A084E-LeaderElection5] INFO  server.RaftServerConfigKeys (ConfUtils.java:logGet(46)) - raft.server.write.element-limit = 1024 (custom)
2023-11-06 09:26:52,188 [d9016e39-0130-4fd9-896a-cac3c2785d02@group-C449668A084E-LeaderElection5] INFO  server.RaftServerConfigKeys (ConfUtils.java:logGet(46)) - raft.server.write.follower.gap.ratio.max = -1.0 (default)
2023-11-06 09:26:52,188 [d9016e39-0130-4fd9-896a-cac3c2785d02@group-C449668A084E-LeaderElection5] INFO  impl.RoleInfo (RoleInfo.java:updateAndGet(139)) - d9016e39-0130-4fd9-896a-cac3c2785d02: start d9016e39-0130-4fd9-896a-cac3c2785d02@group-C449668A084E-LeaderStateImpl
2023-11-06 09:26:52,188 [d9016e39-0130-4fd9-896a-cac3c2785d02@group-C449668A084E-LeaderElection5] INFO  segmented.SegmentedRaftLogWorker (SegmentedRaftLogWorker.java:startLogSegment(447)) - d9016e39-0130-4fd9-896a-cac3c2785d02@group-C449668A084E-SegmentedRaftLogWorker: Starting segment from index:0
2023-11-06 09:26:52,189 [EventQueue-OpenPipelineForHealthyPipelineSafeModeRule] INFO  safemode.SCMSafeModeManager (HealthyPipelineSafeModeRule.java:process(137)) - SCM in safe mode. Healthy pipelines reported count is 0, required healthy pipeline reported count is 1
2023-11-06 09:26:52,190 [d9016e39-0130-4fd9-896a-cac3c2785d02@group-C449668A084E-SegmentedRaftLogWorker] INFO  segmented.SegmentedRaftLogWorker (SegmentedRaftLogWorker.java:execute(651)) - d9016e39-0130-4fd9-896a-cac3c2785d02@group-C449668A084E-SegmentedRaftLogWorker: created new log segment /home/runner/work/ozone/ozone/hadoop-ozone/integration-test/target/test-dir/MiniOzoneClusterImpl-938474ea-96d6-4bd3-a45f-678920fb0bb2/datanode-2/data/ratis/4a550c64-9968-4de5-acde-c449668a084e/current/log_inprogress_0
2023-11-06 09:26:52,197 [d9016e39-0130-4fd9-896a-cac3c2785d02@group-C449668A084E-LeaderElection5] INFO  server.RaftServer$Division (ServerState.java:setRaftConf(434)) - d9016e39-0130-4fd9-896a-cac3c2785d02@group-C449668A084E: set configuration 0: peers:[d9016e39-0130-4fd9-896a-cac3c2785d02|rpc:10.1.0.6:15032|admin:10.1.0.6:15031|client:10.1.0.6:15030|dataStream:10.1.0.6:15033|priority:1|startupRole:FOLLOWER]|listeners:[], old=null
2023-11-06 09:26:52,219 [d9016e39-0130-4fd9-896a-cac3c2785d02@group-3E664A0854E0-FollowerState] INFO  impl.FollowerState (FollowerState.java:run(143)) - d9016e39-0130-4fd9-896a-cac3c2785d02@group-3E664A0854E0-FollowerState: change to CANDIDATE, lastRpcElapsedTime:5078791485ns, electionTimeout:5060ms
2023-11-06 09:26:52,219 [d9016e39-0130-4fd9-896a-cac3c2785d02@group-3E664A0854E0-FollowerState] INFO  impl.RoleInfo (RoleInfo.java:shutdownFollowerState(110)) - d9016e39-0130-4fd9-896a-cac3c2785d02: shutdown d9016e39-0130-4fd9-896a-cac3c2785d02@group-3E664A0854E0-FollowerState
2023-11-06 09:26:52,219 [d9016e39-0130-4fd9-896a-cac3c2785d02@group-3E664A0854E0-FollowerState] INFO  server.RaftServer$Division (RaftServerImpl.java:setRole(329)) - d9016e39-0130-4fd9-896a-cac3c2785d02@group-3E664A0854E0: changes role from  FOLLOWER to CANDIDATE at term 0 for changeToCandidate
2023-11-06 09:26:52,220 [d9016e39-0130-4fd9-896a-cac3c2785d02@group-3E664A0854E0-FollowerState] INFO  server.RaftServerConfigKeys (ConfUtils.java:logGet(46)) - raft.server.leaderelection.pre-vote = true (default)
2023-11-06 09:26:52,220 [d9016e39-0130-4fd9-896a-cac3c2785d02@group-3E664A0854E0-FollowerState] INFO  impl.RoleInfo (RoleInfo.java:updateAndGet(139)) - d9016e39-0130-4fd9-896a-cac3c2785d02: start d9016e39-0130-4fd9-896a-cac3c2785d02@group-3E664A0854E0-LeaderElection6
2023-11-06 09:26:52,221 [d9016e39-0130-4fd9-896a-cac3c2785d02@group-3E664A0854E0-LeaderElection6] INFO  impl.LeaderElection (LeaderElection.java:askForVotes(321)) - d9016e39-0130-4fd9-896a-cac3c2785d02@group-3E664A0854E0-LeaderElection6 PRE_VOTE round 0: submit vote requests at term 0 for -1: peers:[d9016e39-0130-4fd9-896a-cac3c2785d02|rpc:10.1.0.6:15032|admin:10.1.0.6:15031|client:10.1.0.6:15030|dataStream:10.1.0.6:15033|priority:1|startupRole:FOLLOWER, fedf11b8-0957-422e-880a-91cc26979c7a|rpc:10.1.0.6:15014|admin:10.1.0.6:15013|client:10.1.0.6:15012|dataStream:10.1.0.6:15015|priority:0|startupRole:FOLLOWER, 0eeb79a9-13fd-416c-b2a7-6f654c6b5029|rpc:10.1.0.6:15023|admin:10.1.0.6:15022|client:10.1.0.6:15021|dataStream:10.1.0.6:15024|priority:0|startupRole:FOLLOWER]|listeners:[], old=null
2023-11-06 09:26:52,226 [d9016e39-0130-4fd9-896a-cac3c2785d02@group-3E664A0854E0-LeaderElection6-1] INFO  server.GrpcServerProtocolClient (GrpcServerProtocolClient.java:<init>(65)) - Build channel for fedf11b8-0957-422e-880a-91cc26979c7a
2023-11-06 09:26:52,227 [d9016e39-0130-4fd9-896a-cac3c2785d02@group-3E664A0854E0-LeaderElection6] INFO  server.RaftServerConfigKeys (ConfUtils.java:logFallback(53)) - raft.server.rpc.first-election.timeout.min = 5s (fallback to raft.server.rpc.timeout.min)
2023-11-06 09:26:52,227 [d9016e39-0130-4fd9-896a-cac3c2785d02@group-3E664A0854E0-LeaderElection6] INFO  server.RaftServerConfigKeys (ConfUtils.java:logFallback(53)) - raft.server.rpc.first-election.timeout.max = 5200ms (fallback to raft.server.rpc.timeout.max)
2023-11-06 09:26:52,231 [d9016e39-0130-4fd9-896a-cac3c2785d02@group-3E664A0854E0-LeaderElection6-2] INFO  server.GrpcServerProtocolClient (GrpcServerProtocolClient.java:<init>(65)) - Build channel for 0eeb79a9-13fd-416c-b2a7-6f654c6b5029
2023-11-06 09:26:52,241 [grpc-default-executor-4] INFO  server.RaftServer$Division (RaftServerImpl.java:requestVote(1302)) - fedf11b8-0957-422e-880a-91cc26979c7a@group-3E664A0854E0: receive requestVote(PRE_VOTE, d9016e39-0130-4fd9-896a-cac3c2785d02, group-3E664A0854E0, 0, (t:0, i:0))
2023-11-06 09:26:52,241 [grpc-default-executor-4] INFO  impl.VoteContext (VoteContext.java:log(49)) - fedf11b8-0957-422e-880a-91cc26979c7a@group-3E664A0854E0-FOLLOWER: accept PRE_VOTE from d9016e39-0130-4fd9-896a-cac3c2785d02: our priority 0 <= candidate's priority 1
2023-11-06 09:26:52,241 [grpc-default-executor-4] INFO  server.RaftServer$Division (RaftServerImpl.java:requestVote(1335)) - fedf11b8-0957-422e-880a-91cc26979c7a@group-3E664A0854E0 replies to PRE_VOTE vote request: d9016e39-0130-4fd9-896a-cac3c2785d02<-fedf11b8-0957-422e-880a-91cc26979c7a#0:OK-t0. Peer's state: fedf11b8-0957-422e-880a-91cc26979c7a@group-3E664A0854E0:t0, leader=null, voted=, raftlog=Memoized:fedf11b8-0957-422e-880a-91cc26979c7a@group-3E664A0854E0-SegmentedRaftLog:OPENED:c-1, conf=-1: peers:[d9016e39-0130-4fd9-896a-cac3c2785d02|rpc:10.1.0.6:15032|admin:10.1.0.6:15031|client:10.1.0.6:15030|dataStream:10.1.0.6:15033|priority:1|startupRole:FOLLOWER, fedf11b8-0957-422e-880a-91cc26979c7a|rpc:10.1.0.6:15014|admin:10.1.0.6:15013|client:10.1.0.6:15012|dataStream:10.1.0.6:15015|priority:0|startupRole:FOLLOWER, 0eeb79a9-13fd-416c-b2a7-6f654c6b5029|rpc:10.1.0.6:15023|admin:10.1.0.6:15022|client:10.1.0.6:15021|dataStream:10.1.0.6:15024|priority:0|startupRole:FOLLOWER]|listeners:[], old=null
2023-11-06 09:26:52,243 [d9016e39-0130-4fd9-896a-cac3c2785d02@group-3E664A0854E0-LeaderElection6] INFO  impl.LeaderElection (LeaderElection.java:logAndReturn(90)) - d9016e39-0130-4fd9-896a-cac3c2785d02@group-3E664A0854E0-LeaderElection6: PRE_VOTE PASSED received 1 response(s) and 0 exception(s):
2023-11-06 09:26:52,243 [d9016e39-0130-4fd9-896a-cac3c2785d02@group-3E664A0854E0-LeaderElection6] INFO  impl.LeaderElection (LeaderElection.java:logAndReturn(94)) -   Response 0: d9016e39-0130-4fd9-896a-cac3c2785d02<-fedf11b8-0957-422e-880a-91cc26979c7a#0:OK-t0
2023-11-06 09:26:52,243 [d9016e39-0130-4fd9-896a-cac3c2785d02@group-3E664A0854E0-LeaderElection6] INFO  impl.LeaderElection (LeaderElection.java:askForVotes(323)) - d9016e39-0130-4fd9-896a-cac3c2785d02@group-3E664A0854E0-LeaderElection6 PRE_VOTE round 0: result PASSED
2023-11-06 09:26:52,247 [d9016e39-0130-4fd9-896a-cac3c2785d02@group-3E664A0854E0-LeaderElection6] INFO  impl.LeaderElection (LeaderElection.java:askForVotes(321)) - d9016e39-0130-4fd9-896a-cac3c2785d02@group-3E664A0854E0-LeaderElection6 ELECTION round 0: submit vote requests at term 1 for -1: peers:[d9016e39-0130-4fd9-896a-cac3c2785d02|rpc:10.1.0.6:15032|admin:10.1.0.6:15031|client:10.1.0.6:15030|dataStream:10.1.0.6:15033|priority:1|startupRole:FOLLOWER, fedf11b8-0957-422e-880a-91cc26979c7a|rpc:10.1.0.6:15014|admin:10.1.0.6:15013|client:10.1.0.6:15012|dataStream:10.1.0.6:15015|priority:0|startupRole:FOLLOWER, 0eeb79a9-13fd-416c-b2a7-6f654c6b5029|rpc:10.1.0.6:15023|admin:10.1.0.6:15022|client:10.1.0.6:15021|dataStream:10.1.0.6:15024|priority:0|startupRole:FOLLOWER]|listeners:[], old=null
2023-11-06 09:26:52,247 [d9016e39-0130-4fd9-896a-cac3c2785d02@group-3E664A0854E0-LeaderElection6] INFO  server.RaftServerConfigKeys (ConfUtils.java:logFallback(53)) - raft.server.rpc.first-election.timeout.min = 5s (fallback to raft.server.rpc.timeout.min)
2023-11-06 09:26:52,248 [d9016e39-0130-4fd9-896a-cac3c2785d02@group-3E664A0854E0-LeaderElection6] INFO  server.RaftServerConfigKeys (ConfUtils.java:logFallback(53)) - raft.server.rpc.first-election.timeout.max = 5200ms (fallback to raft.server.rpc.timeout.max)
2023-11-06 09:26:52,257 [grpc-default-executor-3] INFO  server.RaftServer$Division (RaftServerImpl.java:requestVote(1302)) - 0eeb79a9-13fd-416c-b2a7-6f654c6b5029@group-3E664A0854E0: receive requestVote(ELECTION, d9016e39-0130-4fd9-896a-cac3c2785d02, group-3E664A0854E0, 1, (t:0, i:0))
2023-11-06 09:26:52,257 [grpc-default-executor-3] INFO  impl.VoteContext (VoteContext.java:log(49)) - 0eeb79a9-13fd-416c-b2a7-6f654c6b5029@group-3E664A0854E0-FOLLOWER: accept ELECTION from d9016e39-0130-4fd9-896a-cac3c2785d02: our priority 0 <= candidate's priority 1
2023-11-06 09:26:52,257 [grpc-default-executor-3] INFO  server.RaftServer$Division (RaftServerImpl.java:setRole(329)) - 0eeb79a9-13fd-416c-b2a7-6f654c6b5029@group-3E664A0854E0: changes role from  FOLLOWER to FOLLOWER at term 1 for candidate:d9016e39-0130-4fd9-896a-cac3c2785d02
2023-11-06 09:26:52,257 [grpc-default-executor-3] INFO  impl.RoleInfo (RoleInfo.java:shutdownFollowerState(110)) - 0eeb79a9-13fd-416c-b2a7-6f654c6b5029: shutdown 0eeb79a9-13fd-416c-b2a7-6f654c6b5029@group-3E664A0854E0-FollowerState
2023-11-06 09:26:52,257 [0eeb79a9-13fd-416c-b2a7-6f654c6b5029@group-3E664A0854E0-FollowerState] INFO  impl.FollowerState (FollowerState.java:run(152)) - 0eeb79a9-13fd-416c-b2a7-6f654c6b5029@group-3E664A0854E0-FollowerState was interrupted
2023-11-06 09:26:52,262 [grpc-default-executor-3] INFO  impl.RoleInfo (RoleInfo.java:updateAndGet(139)) - 0eeb79a9-13fd-416c-b2a7-6f654c6b5029: start 0eeb79a9-13fd-416c-b2a7-6f654c6b5029@group-3E664A0854E0-FollowerState
2023-11-06 09:26:52,265 [grpc-default-executor-4] INFO  server.RaftServer$Division (RaftServerImpl.java:requestVote(1302)) - fedf11b8-0957-422e-880a-91cc26979c7a@group-3E664A0854E0: receive requestVote(ELECTION, d9016e39-0130-4fd9-896a-cac3c2785d02, group-3E664A0854E0, 1, (t:0, i:0))
2023-11-06 09:26:52,265 [grpc-default-executor-4] INFO  impl.VoteContext (VoteContext.java:log(49)) - fedf11b8-0957-422e-880a-91cc26979c7a@group-3E664A0854E0-FOLLOWER: accept ELECTION from d9016e39-0130-4fd9-896a-cac3c2785d02: our priority 0 <= candidate's priority 1
2023-11-06 09:26:52,265 [grpc-default-executor-4] INFO  server.RaftServer$Division (RaftServerImpl.java:setRole(329)) - fedf11b8-0957-422e-880a-91cc26979c7a@group-3E664A0854E0: changes role from  FOLLOWER to FOLLOWER at term 1 for candidate:d9016e39-0130-4fd9-896a-cac3c2785d02
2023-11-06 09:26:52,265 [grpc-default-executor-4] INFO  impl.RoleInfo (RoleInfo.java:shutdownFollowerState(110)) - fedf11b8-0957-422e-880a-91cc26979c7a: shutdown fedf11b8-0957-422e-880a-91cc26979c7a@group-3E664A0854E0-FollowerState
2023-11-06 09:26:52,265 [grpc-default-executor-4] INFO  impl.RoleInfo (RoleInfo.java:updateAndGet(139)) - fedf11b8-0957-422e-880a-91cc26979c7a: start fedf11b8-0957-422e-880a-91cc26979c7a@group-3E664A0854E0-FollowerState
2023-11-06 09:26:52,266 [fedf11b8-0957-422e-880a-91cc26979c7a@group-3E664A0854E0-FollowerState] INFO  impl.FollowerState (FollowerState.java:run(152)) - fedf11b8-0957-422e-880a-91cc26979c7a@group-3E664A0854E0-FollowerState was interrupted
2023-11-06 09:26:52,265 [grpc-default-executor-2] INFO  server.RaftServer$Division (RaftServerImpl.java:requestVote(1302)) - 0eeb79a9-13fd-416c-b2a7-6f654c6b5029@group-3E664A0854E0: receive requestVote(PRE_VOTE, d9016e39-0130-4fd9-896a-cac3c2785d02, group-3E664A0854E0, 0, (t:0, i:0))
2023-11-06 09:26:52,268 [grpc-default-executor-4] INFO  server.RaftServer$Division (RaftServerImpl.java:requestVote(1335)) - fedf11b8-0957-422e-880a-91cc26979c7a@group-3E664A0854E0 replies to ELECTION vote request: d9016e39-0130-4fd9-896a-cac3c2785d02<-fedf11b8-0957-422e-880a-91cc26979c7a#0:OK-t1. Peer's state: fedf11b8-0957-422e-880a-91cc26979c7a@group-3E664A0854E0:t1, leader=null, voted=d9016e39-0130-4fd9-896a-cac3c2785d02, raftlog=Memoized:fedf11b8-0957-422e-880a-91cc26979c7a@group-3E664A0854E0-SegmentedRaftLog:OPENED:c-1, conf=-1: peers:[d9016e39-0130-4fd9-896a-cac3c2785d02|rpc:10.1.0.6:15032|admin:10.1.0.6:15031|client:10.1.0.6:15030|dataStream:10.1.0.6:15033|priority:1|startupRole:FOLLOWER, fedf11b8-0957-422e-880a-91cc26979c7a|rpc:10.1.0.6:15014|admin:10.1.0.6:15013|client:10.1.0.6:15012|dataStream:10.1.0.6:15015|priority:0|startupRole:FOLLOWER, 0eeb79a9-13fd-416c-b2a7-6f654c6b5029|rpc:10.1.0.6:15023|admin:10.1.0.6:15022|client:10.1.0.6:15021|dataStream:10.1.0.6:15024|priority:0|startupRole:FOLLOWER]|listeners:[], old=null
2023-11-06 09:26:52,269 [d9016e39-0130-4fd9-896a-cac3c2785d02@group-3E664A0854E0-LeaderElection6] INFO  impl.LeaderElection (LeaderElection.java:logAndReturn(90)) - d9016e39-0130-4fd9-896a-cac3c2785d02@group-3E664A0854E0-LeaderElection6: ELECTION PASSED received 1 response(s) and 0 exception(s):
2023-11-06 09:26:52,269 [d9016e39-0130-4fd9-896a-cac3c2785d02@group-3E664A0854E0-LeaderElection6] INFO  impl.LeaderElection (LeaderElection.java:logAndReturn(94)) -   Response 0: d9016e39-0130-4fd9-896a-cac3c2785d02<-fedf11b8-0957-422e-880a-91cc26979c7a#0:OK-t1
2023-11-06 09:26:52,269 [grpc-default-executor-3] INFO  server.RaftServer$Division (RaftServerImpl.java:requestVote(1335)) - 0eeb79a9-13fd-416c-b2a7-6f654c6b5029@group-3E664A0854E0 replies to ELECTION vote request: d9016e39-0130-4fd9-896a-cac3c2785d02<-0eeb79a9-13fd-416c-b2a7-6f654c6b5029#0:OK-t1. Peer's state: 0eeb79a9-13fd-416c-b2a7-6f654c6b5029@group-3E664A0854E0:t1, leader=null, voted=d9016e39-0130-4fd9-896a-cac3c2785d02, raftlog=Memoized:0eeb79a9-13fd-416c-b2a7-6f654c6b5029@group-3E664A0854E0-SegmentedRaftLog:OPENED:c-1, conf=-1: peers:[d9016e39-0130-4fd9-896a-cac3c2785d02|rpc:10.1.0.6:15032|admin:10.1.0.6:15031|client:10.1.0.6:15030|dataStream:10.1.0.6:15033|priority:1|startupRole:FOLLOWER, fedf11b8-0957-422e-880a-91cc26979c7a|rpc:10.1.0.6:15014|admin:10.1.0.6:15013|client:10.1.0.6:15012|dataStream:10.1.0.6:15015|priority:0|startupRole:FOLLOWER, 0eeb79a9-13fd-416c-b2a7-6f654c6b5029|rpc:10.1.0.6:15023|admin:10.1.0.6:15022|client:10.1.0.6:15021|dataStream:10.1.0.6:15024|priority:0|startupRole:FOLLOWER]|listeners:[], old=null
2023-11-06 09:26:52,269 [d9016e39-0130-4fd9-896a-cac3c2785d02@group-3E664A0854E0-LeaderElection6] INFO  impl.LeaderElection (LeaderElection.java:askForVotes(323)) - d9016e39-0130-4fd9-896a-cac3c2785d02@group-3E664A0854E0-LeaderElection6 ELECTION round 0: result PASSED
2023-11-06 09:26:52,269 [d9016e39-0130-4fd9-896a-cac3c2785d02@group-3E664A0854E0-LeaderElection6] INFO  impl.RoleInfo (RoleInfo.java:shutdownLeaderElection(130)) - d9016e39-0130-4fd9-896a-cac3c2785d02: shutdown d9016e39-0130-4fd9-896a-cac3c2785d02@group-3E664A0854E0-LeaderElection6
2023-11-06 09:26:52,269 [grpc-default-executor-2] INFO  impl.VoteContext (VoteContext.java:log(49)) - 0eeb79a9-13fd-416c-b2a7-6f654c6b5029@group-3E664A0854E0-FOLLOWER: accept PRE_VOTE from d9016e39-0130-4fd9-896a-cac3c2785d02: our priority 0 <= candidate's priority 1
2023-11-06 09:26:52,269 [grpc-default-executor-2] INFO  server.RaftServer$Division (RaftServerImpl.java:requestVote(1335)) - 0eeb79a9-13fd-416c-b2a7-6f654c6b5029@group-3E664A0854E0 replies to PRE_VOTE vote request: d9016e39-0130-4fd9-896a-cac3c2785d02<-0eeb79a9-13fd-416c-b2a7-6f654c6b5029#0:OK-t1. Peer's state: 0eeb79a9-13fd-416c-b2a7-6f654c6b5029@group-3E664A0854E0:t1, leader=null, voted=d9016e39-0130-4fd9-896a-cac3c2785d02, raftlog=Memoized:0eeb79a9-13fd-416c-b2a7-6f654c6b5029@group-3E664A0854E0-SegmentedRaftLog:OPENED:c-1, conf=-1: peers:[d9016e39-0130-4fd9-896a-cac3c2785d02|rpc:10.1.0.6:15032|admin:10.1.0.6:15031|client:10.1.0.6:15030|dataStream:10.1.0.6:15033|priority:1|startupRole:FOLLOWER, fedf11b8-0957-422e-880a-91cc26979c7a|rpc:10.1.0.6:15014|admin:10.1.0.6:15013|client:10.1.0.6:15012|dataStream:10.1.0.6:15015|priority:0|startupRole:FOLLOWER, 0eeb79a9-13fd-416c-b2a7-6f654c6b5029|rpc:10.1.0.6:15023|admin:10.1.0.6:15022|client:10.1.0.6:15021|dataStream:10.1.0.6:15024|priority:0|startupRole:FOLLOWER]|listeners:[], old=null
2023-11-06 09:26:52,269 [d9016e39-0130-4fd9-896a-cac3c2785d02@group-3E664A0854E0-LeaderElection6] INFO  server.RaftServer$Division (RaftServerImpl.java:setRole(329)) - d9016e39-0130-4fd9-896a-cac3c2785d02@group-3E664A0854E0: changes role from CANDIDATE to LEADER at term 1 for changeToLeader
2023-11-06 09:26:52,270 [d9016e39-0130-4fd9-896a-cac3c2785d02@group-3E664A0854E0-LeaderElection6] INFO  ratis.XceiverServerRatis (XceiverServerRatis.java:handleLeaderChangedNotification(903)) - Leader change notification received for group: group-3E664A0854E0 with new leaderId: d9016e39-0130-4fd9-896a-cac3c2785d02
2023-11-06 09:26:52,270 [d9016e39-0130-4fd9-896a-cac3c2785d02@group-3E664A0854E0-LeaderElection6] INFO  server.RaftServer$Division (ServerState.java:setLeader(317)) - d9016e39-0130-4fd9-896a-cac3c2785d02@group-3E664A0854E0: change Leader from null to d9016e39-0130-4fd9-896a-cac3c2785d02 at term 1 for becomeLeader, leader elected after 5191ms
2023-11-06 09:26:52,270 [d9016e39-0130-4fd9-896a-cac3c2785d02@group-3E664A0854E0-LeaderElection6] INFO  server.RaftServerConfigKeys (ConfUtils.java:logGet(46)) - raft.server.staging.catchup.gap = 1000 (default)
2023-11-06 09:26:52,270 [d9016e39-0130-4fd9-896a-cac3c2785d02@group-3E664A0854E0-LeaderElection6] INFO  server.RaftServerConfigKeys (ConfUtils.java:logGet(46)) - raft.server.write.element-limit = 1024 (custom)
2023-11-06 09:26:52,270 [d9016e39-0130-4fd9-896a-cac3c2785d02@group-3E664A0854E0-LeaderElection6] INFO  server.RaftServerConfigKeys (ConfUtils.java:logGet(46)) - raft.server.write.byte-limit = 1024 M (=1073741824) (custom)
2023-11-06 09:26:52,270 [d9016e39-0130-4fd9-896a-cac3c2785d02@group-3E664A0854E0-LeaderElection6] INFO  server.RaftServerConfigKeys (ConfUtils.java:logGet(46)) - raft.server.watch.timeout = 180s (custom)
2023-11-06 09:26:52,270 [d9016e39-0130-4fd9-896a-cac3c2785d02@group-3E664A0854E0-LeaderElection6] INFO  server.RaftServerConfigKeys (ConfUtils.java:logGet(46)) - raft.server.watch.timeout.denomination = 1s (default)
2023-11-06 09:26:52,271 [d9016e39-0130-4fd9-896a-cac3c2785d02@group-3E664A0854E0-LeaderElection6] INFO  server.RaftServerConfigKeys (ConfUtils.java:logGet(46)) - raft.server.watch.element-limit = 65536 (default)
2023-11-06 09:26:52,271 [d9016e39-0130-4fd9-896a-cac3c2785d02@group-3E664A0854E0-LeaderElection6] INFO  server.RaftServerConfigKeys (ConfUtils.java:logGet(46)) - raft.server.write.element-limit = 1024 (custom)
2023-11-06 09:26:52,271 [d9016e39-0130-4fd9-896a-cac3c2785d02@group-3E664A0854E0-LeaderElection6] INFO  server.RaftServerConfigKeys (ConfUtils.java:logGet(46)) - raft.server.write.follower.gap.ratio.max = -1.0 (default)
2023-11-06 09:26:52,275 [EventQueue-PipelineReportForPipelineReportHandler] INFO  pipeline.PipelineReportHandler (PipelineReportHandler.java:processPipelineReport(136)) - Opened pipeline PipelineID=d6c272c6-0f48-426a-923d-3e664a0854e0
2023-11-06 09:26:52,276 [EventQueue-OpenPipelineForHealthyPipelineSafeModeRule] INFO  safemode.SCMSafeModeManager (HealthyPipelineSafeModeRule.java:process(137)) - SCM in safe mode. Healthy pipelines reported count is 1, required healthy pipeline reported count is 1
2023-11-06 09:26:52,276 [EventQueue-OpenPipelineForHealthyPipelineSafeModeRule] INFO  safemode.SCMSafeModeManager (SCMSafeModeManager.java:validateSafeModeExitRules(200)) - HealthyPipelineSafeModeRule rule is successfully validated
2023-11-06 09:26:52,276 [EventQueue-OpenPipelineForHealthyPipelineSafeModeRule] INFO  safemode.SCMSafeModeManager (SCMSafeModeManager.java:validateSafeModeExitRules(215)) - ScmSafeModeManager, all rules are successfully validated
2023-11-06 09:26:52,276 [EventQueue-OpenPipelineForHealthyPipelineSafeModeRule] INFO  safemode.SCMSafeModeManager (SCMSafeModeManager.java:exitSafeMode(244)) - SCM exiting safe mode.
2023-11-06 09:26:52,276 [EventQueue-OpenPipelineForHealthyPipelineSafeModeRule] INFO  ha.SCMContext (SCMContext.java:updateSafeModeStatus(230)) - Update SafeModeStatus from SafeModeStatus{safeModeStatus=true, preCheckPassed=true} to SafeModeStatus{safeModeStatus=false, preCheckPassed=true}.
2023-11-06 09:26:52,276 [EventQueue-OpenPipelineForHealthyPipelineSafeModeRule] INFO  pipeline.BackgroundPipelineCreator (BackgroundPipelineCreator.java:notifyStatusChanged(258)) - Service BackgroundPipelineCreator transitions to RUNNING.
2023-11-06 09:26:52,276 [EventQueue-OpenPipelineForHealthyPipelineSafeModeRule] INFO  BackgroundPipelineScrubber (BackgroundSCMService.java:notifyStatusChanged(82)) - Service BackgroundPipelineScrubber transitions to RUNNING.
2023-11-06 09:26:52,276 [EventQueue-OpenPipelineForHealthyPipelineSafeModeRule] INFO  ExpiredContainerReplicaOpScrubber (BackgroundSCMService.java:notifyStatusChanged(82)) - Service ExpiredContainerReplicaOpScrubber transitions to RUNNING.
2023-11-06 09:26:52,276 [EventQueue-OpenPipelineForHealthyPipelineSafeModeRule] INFO  replication.ReplicationManager (ReplicationManager.java:notifyStatusChanged(1371)) - Service ReplicationManager transitions to RUNNING.
2023-11-06 09:26:52,280 [EventQueue-OpenPipelineForHealthyPipelineSafeModeRule] WARN  balancer.ContainerBalancer (ContainerBalancer.java:shouldRun(134)) - Could not find persisted configuration for ContainerBalancer when checking if ContainerBalancer should run. ContainerBalancer should not run now.
2023-11-06 09:26:52,280 [b7b1b697-3f82-4acb-89c8-f9bc2eccfa5a@group-4561348E29F9-FollowerState] INFO  impl.FollowerState (FollowerState.java:run(143)) - b7b1b697-3f82-4acb-89c8-f9bc2eccfa5a@group-4561348E29F9-FollowerState: change to CANDIDATE, lastRpcElapsedTime:5017375572ns, electionTimeout:5012ms
2023-11-06 09:26:52,280 [b7b1b697-3f82-4acb-89c8-f9bc2eccfa5a@group-4561348E29F9-FollowerState] INFO  impl.RoleInfo (RoleInfo.java:shutdownFollowerState(110)) - b7b1b697-3f82-4acb-89c8-f9bc2eccfa5a: shutdown b7b1b697-3f82-4acb-89c8-f9bc2eccfa5a@group-4561348E29F9-FollowerState
2023-11-06 09:26:52,280 [b7b1b697-3f82-4acb-89c8-f9bc2eccfa5a@group-4561348E29F9-FollowerState] INFO  server.RaftServer$Division (RaftServerImpl.java:setRole(329)) - b7b1b697-3f82-4acb-89c8-f9bc2eccfa5a@group-4561348E29F9: changes role from  FOLLOWER to CANDIDATE at term 0 for changeToCandidate
2023-11-06 09:26:52,280 [b7b1b697-3f82-4acb-89c8-f9bc2eccfa5a@group-4561348E29F9-FollowerState] INFO  server.RaftServerConfigKeys (ConfUtils.java:logGet(46)) - raft.server.leaderelection.pre-vote = true (default)
2023-11-06 09:26:52,280 [b7b1b697-3f82-4acb-89c8-f9bc2eccfa5a@group-4561348E29F9-FollowerState] INFO  impl.RoleInfo (RoleInfo.java:updateAndGet(139)) - b7b1b697-3f82-4acb-89c8-f9bc2eccfa5a: start b7b1b697-3f82-4acb-89c8-f9bc2eccfa5a@group-4561348E29F9-LeaderElection7
2023-11-06 09:26:52,288 [b7b1b697-3f82-4acb-89c8-f9bc2eccfa5a@group-4561348E29F9-LeaderElection7] INFO  impl.LeaderElection (LeaderElection.java:askForVotes(321)) - b7b1b697-3f82-4acb-89c8-f9bc2eccfa5a@group-4561348E29F9-LeaderElection7 PRE_VOTE round 0: submit vote requests at term 0 for -1: peers:[b7b1b697-3f82-4acb-89c8-f9bc2eccfa5a|rpc:10.1.0.6:15059|admin:10.1.0.6:15058|client:10.1.0.6:15057|dataStream:10.1.0.6:15060|priority:1|startupRole:FOLLOWER]|listeners:[], old=null
2023-11-06 09:26:52,288 [b7b1b697-3f82-4acb-89c8-f9bc2eccfa5a@group-4561348E29F9-LeaderElection7] INFO  impl.LeaderElection (LeaderElection.java:askForVotes(323)) - b7b1b697-3f82-4acb-89c8-f9bc2eccfa5a@group-4561348E29F9-LeaderElection7 PRE_VOTE round 0: result PASSED (term=0)
2023-11-06 09:26:52,289 [b7b1b697-3f82-4acb-89c8-f9bc2eccfa5a@group-4561348E29F9-LeaderElection7] INFO  impl.LeaderElection (LeaderElection.java:askForVotes(321)) - b7b1b697-3f82-4acb-89c8-f9bc2eccfa5a@group-4561348E29F9-LeaderElection7 ELECTION round 0: submit vote requests at term 1 for -1: peers:[b7b1b697-3f82-4acb-89c8-f9bc2eccfa5a|rpc:10.1.0.6:15059|admin:10.1.0.6:15058|client:10.1.0.6:15057|dataStream:10.1.0.6:15060|priority:1|startupRole:FOLLOWER]|listeners:[], old=null
2023-11-06 09:26:52,289 [b7b1b697-3f82-4acb-89c8-f9bc2eccfa5a@group-4561348E29F9-LeaderElection7] INFO  impl.LeaderElection (LeaderElection.java:askForVotes(323)) - b7b1b697-3f82-4acb-89c8-f9bc2eccfa5a@group-4561348E29F9-LeaderElection7 ELECTION round 0: result PASSED (term=1)
2023-11-06 09:26:52,289 [b7b1b697-3f82-4acb-89c8-f9bc2eccfa5a@group-4561348E29F9-LeaderElection7] INFO  impl.RoleInfo (RoleInfo.java:shutdownLeaderElection(130)) - b7b1b697-3f82-4acb-89c8-f9bc2eccfa5a: shutdown b7b1b697-3f82-4acb-89c8-f9bc2eccfa5a@group-4561348E29F9-LeaderElection7
2023-11-06 09:26:52,289 [b7b1b697-3f82-4acb-89c8-f9bc2eccfa5a@group-4561348E29F9-LeaderElection7] INFO  server.RaftServer$Division (RaftServerImpl.java:setRole(329)) - b7b1b697-3f82-4acb-89c8-f9bc2eccfa5a@group-4561348E29F9: changes role from CANDIDATE to LEADER at term 1 for changeToLeader
2023-11-06 09:26:52,289 [b7b1b697-3f82-4acb-89c8-f9bc2eccfa5a@group-4561348E29F9-LeaderElection7] INFO  ratis.XceiverServerRatis (XceiverServerRatis.java:handleLeaderChangedNotification(903)) - Leader change notification received for group: group-4561348E29F9 with new leaderId: b7b1b697-3f82-4acb-89c8-f9bc2eccfa5a
2023-11-06 09:26:52,290 [b7b1b697-3f82-4acb-89c8-f9bc2eccfa5a@group-4561348E29F9-LeaderElection7] INFO  server.RaftServer$Division (ServerState.java:setLeader(317)) - b7b1b697-3f82-4acb-89c8-f9bc2eccfa5a@group-4561348E29F9: change Leader from null to b7b1b697-3f82-4acb-89c8-f9bc2eccfa5a at term 1 for becomeLeader, leader elected after 5158ms
2023-11-06 09:26:52,290 [b7b1b697-3f82-4acb-89c8-f9bc2eccfa5a@group-4561348E29F9-LeaderElection7] INFO  server.RaftServerConfigKeys (ConfUtils.java:logGet(46)) - raft.server.staging.catchup.gap = 1000 (default)
2023-11-06 09:26:52,291 [b7b1b697-3f82-4acb-89c8-f9bc2eccfa5a@group-4561348E29F9-LeaderElection7] INFO  server.RaftServerConfigKeys (ConfUtils.java:logGet(46)) - raft.server.write.element-limit = 1024 (custom)
2023-11-06 09:26:52,291 [b7b1b697-3f82-4acb-89c8-f9bc2eccfa5a@group-4561348E29F9-LeaderElection7] INFO  server.RaftServerConfigKeys (ConfUtils.java:logGet(46)) - raft.server.write.byte-limit = 1024 M (=1073741824) (custom)
2023-11-06 09:26:52,292 [d9016e39-0130-4fd9-896a-cac3c2785d02@group-3E664A0854E0-LeaderElection6] INFO  server.RaftServerConfigKeys (ConfUtils.java:logGet(46)) - raft.server.log.appender.snapshot.chunk.size.max = 16MB (=16777216) (default)
2023-11-06 09:26:52,293 [d9016e39-0130-4fd9-896a-cac3c2785d02@group-3E664A0854E0-LeaderElection6] INFO  server.RaftServerConfigKeys (ConfUtils.java:logGet(46)) - raft.server.log.appender.buffer.byte-limit = 33554432 (custom)
2023-11-06 09:26:52,293 [b7b1b697-3f82-4acb-89c8-f9bc2eccfa5a@group-4561348E29F9-LeaderElection7] INFO  server.RaftServerConfigKeys (ConfUtils.java:logGet(46)) - raft.server.watch.timeout = 180s (custom)
2023-11-06 09:26:52,293 [b7b1b697-3f82-4acb-89c8-f9bc2eccfa5a@group-4561348E29F9-LeaderElection7] INFO  server.RaftServerConfigKeys (ConfUtils.java:logGet(46)) - raft.server.watch.timeout.denomination = 1s (default)
2023-11-06 09:26:52,293 [b7b1b697-3f82-4acb-89c8-f9bc2eccfa5a@group-4561348E29F9-LeaderElection7] INFO  server.RaftServerConfigKeys (ConfUtils.java:logGet(46)) - raft.server.watch.element-limit = 65536 (default)
2023-11-06 09:26:52,294 [b7b1b697-3f82-4acb-89c8-f9bc2eccfa5a@group-4561348E29F9-LeaderElection7] INFO  server.RaftServerConfigKeys (ConfUtils.java:logGet(46)) - raft.server.write.element-limit = 1024 (custom)
2023-11-06 09:26:52,294 [b7b1b697-3f82-4acb-89c8-f9bc2eccfa5a@group-4561348E29F9-LeaderElection7] INFO  server.RaftServerConfigKeys (ConfUtils.java:logGet(46)) - raft.server.write.follower.gap.ratio.max = -1.0 (default)
2023-11-06 09:26:52,294 [b7b1b697-3f82-4acb-89c8-f9bc2eccfa5a@group-4561348E29F9-LeaderElection7] INFO  impl.RoleInfo (RoleInfo.java:updateAndGet(139)) - b7b1b697-3f82-4acb-89c8-f9bc2eccfa5a: start b7b1b697-3f82-4acb-89c8-f9bc2eccfa5a@group-4561348E29F9-LeaderStateImpl
2023-11-06 09:26:52,295 [b7b1b697-3f82-4acb-89c8-f9bc2eccfa5a@group-4561348E29F9-LeaderElection7] INFO  segmented.SegmentedRaftLogWorker (SegmentedRaftLogWorker.java:startLogSegment(447)) - b7b1b697-3f82-4acb-89c8-f9bc2eccfa5a@group-4561348E29F9-SegmentedRaftLogWorker: Starting segment from index:0
2023-11-06 09:26:52,295 [d9016e39-0130-4fd9-896a-cac3c2785d02@group-3E664A0854E0-LeaderElection6] INFO  server.RaftServerConfigKeys (ConfUtils.java:logGet(46)) - raft.server.log.appender.buffer.element-limit = 1 (custom)
2023-11-06 09:26:52,297 [fadd24ee-4463-4420-97cf-bdd350ad83ae@group-BD8DE2487517-FollowerState] INFO  impl.FollowerState (FollowerState.java:run(143)) - fadd24ee-4463-4420-97cf-bdd350ad83ae@group-BD8DE2487517-FollowerState: change to CANDIDATE, lastRpcElapsedTime:5103792859ns, electionTimeout:5103ms
2023-11-06 09:26:52,297 [b7b1b697-3f82-4acb-89c8-f9bc2eccfa5a@group-4561348E29F9-SegmentedRaftLogWorker] INFO  segmented.SegmentedRaftLogWorker (SegmentedRaftLogWorker.java:execute(651)) - b7b1b697-3f82-4acb-89c8-f9bc2eccfa5a@group-4561348E29F9-SegmentedRaftLogWorker: created new log segment /home/runner/work/ozone/ozone/hadoop-ozone/integration-test/target/test-dir/MiniOzoneClusterImpl-938474ea-96d6-4bd3-a45f-678920fb0bb2/datanode-5/data/ratis/064f2d62-7b19-47a1-a020-4561348e29f9/current/log_inprogress_0
2023-11-06 09:26:52,298 [fadd24ee-4463-4420-97cf-bdd350ad83ae@group-BD8DE2487517-FollowerState] INFO  impl.RoleInfo (RoleInfo.java:shutdownFollowerState(110)) - fadd24ee-4463-4420-97cf-bdd350ad83ae: shutdown fadd24ee-4463-4420-97cf-bdd350ad83ae@group-BD8DE2487517-FollowerState
2023-11-06 09:26:52,298 [fadd24ee-4463-4420-97cf-bdd350ad83ae@group-BD8DE2487517-FollowerState] INFO  server.RaftServer$Division (RaftServerImpl.java:setRole(329)) - fadd24ee-4463-4420-97cf-bdd350ad83ae@group-BD8DE2487517: changes role from  FOLLOWER to CANDIDATE at term 0 for changeToCandidate
2023-11-06 09:26:52,300 [fadd24ee-4463-4420-97cf-bdd350ad83ae@group-BD8DE2487517-FollowerState] INFO  server.RaftServerConfigKeys (ConfUtils.java:logGet(46)) - raft.server.leaderelection.pre-vote = true (default)
2023-11-06 09:26:52,300 [fadd24ee-4463-4420-97cf-bdd350ad83ae@group-BD8DE2487517-FollowerState] INFO  impl.RoleInfo (RoleInfo.java:updateAndGet(139)) - fadd24ee-4463-4420-97cf-bdd350ad83ae: start fadd24ee-4463-4420-97cf-bdd350ad83ae@group-BD8DE2487517-LeaderElection8
2023-11-06 09:26:52,305 [b7b1b697-3f82-4acb-89c8-f9bc2eccfa5a@group-4561348E29F9-LeaderElection7] INFO  server.RaftServer$Division (ServerState.java:setRaftConf(434)) - b7b1b697-3f82-4acb-89c8-f9bc2eccfa5a@group-4561348E29F9: set configuration 0: peers:[b7b1b697-3f82-4acb-89c8-f9bc2eccfa5a|rpc:10.1.0.6:15059|admin:10.1.0.6:15058|client:10.1.0.6:15057|dataStream:10.1.0.6:15060|priority:1|startupRole:FOLLOWER]|listeners:[], old=null
2023-11-06 09:26:52,314 [d9016e39-0130-4fd9-896a-cac3c2785d02@group-3E664A0854E0-LeaderElection6] INFO  server.RaftServerConfigKeys (ConfUtils.java:logGet(46)) - raft.server.log.appender.wait-time.min = 1ms (custom)
2023-11-06 09:26:52,315 [4cee0e49-9f18-41f8-8e67-157ccbc15955@group-C9EEF1442432-FollowerState] INFO  impl.FollowerState (FollowerState.java:run(143)) - 4cee0e49-9f18-41f8-8e67-157ccbc15955@group-C9EEF1442432-FollowerState: change to CANDIDATE, lastRpcElapsedTime:5152832943ns, electionTimeout:5129ms
2023-11-06 09:26:52,315 [4cee0e49-9f18-41f8-8e67-157ccbc15955@group-C9EEF1442432-FollowerState] INFO  impl.RoleInfo (RoleInfo.java:shutdownFollowerState(110)) - 4cee0e49-9f18-41f8-8e67-157ccbc15955: shutdown 4cee0e49-9f18-41f8-8e67-157ccbc15955@group-C9EEF1442432-FollowerState
2023-11-06 09:26:52,315 [4cee0e49-9f18-41f8-8e67-157ccbc15955@group-C9EEF1442432-FollowerState] INFO  server.RaftServer$Division (RaftServerImpl.java:setRole(329)) - 4cee0e49-9f18-41f8-8e67-157ccbc15955@group-C9EEF1442432: changes role from  FOLLOWER to CANDIDATE at term 0 for changeToCandidate
2023-11-06 09:26:52,316 [4cee0e49-9f18-41f8-8e67-157ccbc15955@group-C9EEF1442432-FollowerState] INFO  server.RaftServerConfigKeys (ConfUtils.java:logGet(46)) - raft.server.leaderelection.pre-vote = true (default)
2023-11-06 09:26:52,316 [4cee0e49-9f18-41f8-8e67-157ccbc15955@group-C9EEF1442432-FollowerState] INFO  impl.RoleInfo (RoleInfo.java:updateAndGet(139)) - 4cee0e49-9f18-41f8-8e67-157ccbc15955: start 4cee0e49-9f18-41f8-8e67-157ccbc15955@group-C9EEF1442432-LeaderElection9
2023-11-06 09:26:52,315 [d9016e39-0130-4fd9-896a-cac3c2785d02@group-3E664A0854E0-LeaderElection6] INFO  grpc.GrpcConfigKeys (ConfUtils.java:logGet(46)) - raft.grpc.server.leader.outstanding.appends.max = 128 (default)
2023-11-06 09:26:52,318 [d9016e39-0130-4fd9-896a-cac3c2785d02@group-3E664A0854E0-LeaderElection6] INFO  server.RaftServerConfigKeys (ConfUtils.java:logGet(46)) - raft.server.rpc.request.timeout = 60s (custom)
2023-11-06 09:26:52,319 [d9016e39-0130-4fd9-896a-cac3c2785d02@group-3E664A0854E0-LeaderElection6] INFO  grpc.GrpcConfigKeys (ConfUtils.java:logGet(46)) - raft.grpc.server.install_snapshot.request.element-limit = 8 (default)
2023-11-06 09:26:52,319 [d9016e39-0130-4fd9-896a-cac3c2785d02@group-3E664A0854E0-LeaderElection6] INFO  grpc.GrpcConfigKeys (ConfUtils.java:logGet(46)) - raft.grpc.server.install_snapshot.request.timeout = 3000ms (default)
2023-11-06 09:26:52,320 [d9016e39-0130-4fd9-896a-cac3c2785d02@group-3E664A0854E0-LeaderElection6] INFO  server.RaftServerConfigKeys (ConfUtils.java:logGet(46)) - raft.server.log.appender.install.snapshot.enabled = false (custom)
2023-11-06 09:26:52,320 [d9016e39-0130-4fd9-896a-cac3c2785d02@group-3E664A0854E0-LeaderElection6] INFO  grpc.GrpcConfigKeys (ConfUtils.java:logGet(46)) - raft.grpc.server.heartbeat.channel = true (default)
2023-11-06 09:26:52,325 [fadd24ee-4463-4420-97cf-bdd350ad83ae@group-BD8DE2487517-LeaderElection8] INFO  impl.LeaderElection (LeaderElection.java:askForVotes(321)) - fadd24ee-4463-4420-97cf-bdd350ad83ae@group-BD8DE2487517-LeaderElection8 PRE_VOTE round 0: submit vote requests at term 0 for -1: peers:[fadd24ee-4463-4420-97cf-bdd350ad83ae|rpc:10.1.0.6:15041|admin:10.1.0.6:15040|client:10.1.0.6:15039|dataStream:10.1.0.6:15042|priority:1|startupRole:FOLLOWER]|listeners:[], old=null
2023-11-06 09:26:52,325 [fadd24ee-4463-4420-97cf-bdd350ad83ae@group-BD8DE2487517-LeaderElection8] INFO  impl.LeaderElection (LeaderElection.java:askForVotes(323)) - fadd24ee-4463-4420-97cf-bdd350ad83ae@group-BD8DE2487517-LeaderElection8 PRE_VOTE round 0: result PASSED (term=0)
2023-11-06 09:26:52,326 [fadd24ee-4463-4420-97cf-bdd350ad83ae@group-BD8DE2487517-LeaderElection8] INFO  impl.LeaderElection (LeaderElection.java:askForVotes(321)) - fadd24ee-4463-4420-97cf-bdd350ad83ae@group-BD8DE2487517-LeaderElection8 ELECTION round 0: submit vote requests at term 1 for -1: peers:[fadd24ee-4463-4420-97cf-bdd350ad83ae|rpc:10.1.0.6:15041|admin:10.1.0.6:15040|client:10.1.0.6:15039|dataStream:10.1.0.6:15042|priority:1|startupRole:FOLLOWER]|listeners:[], old=null
2023-11-06 09:26:52,326 [fadd24ee-4463-4420-97cf-bdd350ad83ae@group-BD8DE2487517-LeaderElection8] INFO  impl.LeaderElection (LeaderElection.java:askForVotes(323)) - fadd24ee-4463-4420-97cf-bdd350ad83ae@group-BD8DE2487517-LeaderElection8 ELECTION round 0: result PASSED (term=1)
2023-11-06 09:26:52,326 [fadd24ee-4463-4420-97cf-bdd350ad83ae@group-BD8DE2487517-LeaderElection8] INFO  impl.RoleInfo (RoleInfo.java:shutdownLeaderElection(130)) - fadd24ee-4463-4420-97cf-bdd350ad83ae: shutdown fadd24ee-4463-4420-97cf-bdd350ad83ae@group-BD8DE2487517-LeaderElection8
2023-11-06 09:26:52,326 [fadd24ee-4463-4420-97cf-bdd350ad83ae@group-BD8DE2487517-LeaderElection8] INFO  server.RaftServer$Division (RaftServerImpl.java:setRole(329)) - fadd24ee-4463-4420-97cf-bdd350ad83ae@group-BD8DE2487517: changes role from CANDIDATE to LEADER at term 1 for changeToLeader
2023-11-06 09:26:52,326 [fadd24ee-4463-4420-97cf-bdd350ad83ae@group-BD8DE2487517-LeaderElection8] INFO  ratis.XceiverServerRatis (XceiverServerRatis.java:handleLeaderChangedNotification(903)) - Leader change notification received for group: group-BD8DE2487517 with new leaderId: fadd24ee-4463-4420-97cf-bdd350ad83ae
2023-11-06 09:26:52,327 [fadd24ee-4463-4420-97cf-bdd350ad83ae@group-BD8DE2487517-LeaderElection8] INFO  server.RaftServer$Division (ServerState.java:setLeader(317)) - fadd24ee-4463-4420-97cf-bdd350ad83ae@group-BD8DE2487517: change Leader from null to fadd24ee-4463-4420-97cf-bdd350ad83ae at term 1 for becomeLeader, leader elected after 5214ms
2023-11-06 09:26:52,327 [fadd24ee-4463-4420-97cf-bdd350ad83ae@group-BD8DE2487517-LeaderElection8] INFO  server.RaftServerConfigKeys (ConfUtils.java:logGet(46)) - raft.server.staging.catchup.gap = 1000 (default)
2023-11-06 09:26:52,327 [fadd24ee-4463-4420-97cf-bdd350ad83ae@group-BD8DE2487517-LeaderElection8] INFO  server.RaftServerConfigKeys (ConfUtils.java:logGet(46)) - raft.server.write.element-limit = 1024 (custom)
2023-11-06 09:26:52,327 [fadd24ee-4463-4420-97cf-bdd350ad83ae@group-BD8DE2487517-LeaderElection8] INFO  server.RaftServerConfigKeys (ConfUtils.java:logGet(46)) - raft.server.write.byte-limit = 1024 M (=1073741824) (custom)
2023-11-06 09:26:52,327 [fadd24ee-4463-4420-97cf-bdd350ad83ae@group-BD8DE2487517-LeaderElection8] INFO  server.RaftServerConfigKeys (ConfUtils.java:logGet(46)) - raft.server.watch.timeout = 180s (custom)
2023-11-06 09:26:52,327 [fadd24ee-4463-4420-97cf-bdd350ad83ae@group-BD8DE2487517-LeaderElection8] INFO  server.RaftServerConfigKeys (ConfUtils.java:logGet(46)) - raft.server.watch.timeout.denomination = 1s (default)
2023-11-06 09:26:52,327 [fadd24ee-4463-4420-97cf-bdd350ad83ae@group-BD8DE2487517-LeaderElection8] INFO  server.RaftServerConfigKeys (ConfUtils.java:logGet(46)) - raft.server.watch.element-limit = 65536 (default)
2023-11-06 09:26:52,327 [fadd24ee-4463-4420-97cf-bdd350ad83ae@group-BD8DE2487517-LeaderElection8] INFO  server.RaftServerConfigKeys (ConfUtils.java:logGet(46)) - raft.server.write.element-limit = 1024 (custom)
2023-11-06 09:26:52,327 [fadd24ee-4463-4420-97cf-bdd350ad83ae@group-BD8DE2487517-LeaderElection8] INFO  server.RaftServerConfigKeys (ConfUtils.java:logGet(46)) - raft.server.write.follower.gap.ratio.max = -1.0 (default)
2023-11-06 09:26:52,328 [fadd24ee-4463-4420-97cf-bdd350ad83ae@group-BD8DE2487517-LeaderElection8] INFO  impl.RoleInfo (RoleInfo.java:updateAndGet(139)) - fadd24ee-4463-4420-97cf-bdd350ad83ae: start fadd24ee-4463-4420-97cf-bdd350ad83ae@group-BD8DE2487517-LeaderStateImpl
2023-11-06 09:26:52,328 [fadd24ee-4463-4420-97cf-bdd350ad83ae@group-BD8DE2487517-LeaderElection8] INFO  segmented.SegmentedRaftLogWorker (SegmentedRaftLogWorker.java:startLogSegment(447)) - fadd24ee-4463-4420-97cf-bdd350ad83ae@group-BD8DE2487517-SegmentedRaftLogWorker: Starting segment from index:0
2023-11-06 09:26:52,329 [d9016e39-0130-4fd9-896a-cac3c2785d02@group-3E664A0854E0-LeaderElection6] INFO  server.RaftServerConfigKeys (ConfUtils.java:logGet(46)) - raft.server.log.appender.snapshot.chunk.size.max = 16MB (=16777216) (default)
2023-11-06 09:26:52,330 [fadd24ee-4463-4420-97cf-bdd350ad83ae@group-BD8DE2487517-SegmentedRaftLogWorker] INFO  segmented.SegmentedRaftLogWorker (SegmentedRaftLogWorker.java:execute(651)) - fadd24ee-4463-4420-97cf-bdd350ad83ae@group-BD8DE2487517-SegmentedRaftLogWorker: created new log segment /home/runner/work/ozone/ozone/hadoop-ozone/integration-test/target/test-dir/MiniOzoneClusterImpl-938474ea-96d6-4bd3-a45f-678920fb0bb2/datanode-3/data/ratis/01012b0d-99a6-42ee-9976-bd8de2487517/current/log_inprogress_0
2023-11-06 09:26:52,332 [d9016e39-0130-4fd9-896a-cac3c2785d02@group-3E664A0854E0-LeaderElection6] INFO  server.RaftServerConfigKeys (ConfUtils.java:logGet(46)) - raft.server.log.appender.buffer.byte-limit = 33554432 (custom)
2023-11-06 09:26:52,334 [d9016e39-0130-4fd9-896a-cac3c2785d02@group-3E664A0854E0-LeaderElection6] INFO  server.RaftServerConfigKeys (ConfUtils.java:logGet(46)) - raft.server.log.appender.buffer.element-limit = 1 (custom)
2023-11-06 09:26:52,335 [d9016e39-0130-4fd9-896a-cac3c2785d02@group-3E664A0854E0-LeaderElection6] INFO  server.RaftServerConfigKeys (ConfUtils.java:logGet(46)) - raft.server.log.appender.wait-time.min = 1ms (custom)
2023-11-06 09:26:52,335 [d9016e39-0130-4fd9-896a-cac3c2785d02@group-3E664A0854E0-LeaderElection6] INFO  grpc.GrpcConfigKeys (ConfUtils.java:logGet(46)) - raft.grpc.server.leader.outstanding.appends.max = 128 (default)
2023-11-06 09:26:52,336 [d9016e39-0130-4fd9-896a-cac3c2785d02@group-3E664A0854E0-LeaderElection6] INFO  server.RaftServerConfigKeys (ConfUtils.java:logGet(46)) - raft.server.rpc.request.timeout = 60s (custom)
2023-11-06 09:26:52,336 [4cee0e49-9f18-41f8-8e67-157ccbc15955@group-67654037FCFA-FollowerState] INFO  impl.FollowerState (FollowerState.java:run(143)) - 4cee0e49-9f18-41f8-8e67-157ccbc15955@group-67654037FCFA-FollowerState: change to CANDIDATE, lastRpcElapsedTime:5041491140ns, electionTimeout:5035ms
2023-11-06 09:26:52,336 [4cee0e49-9f18-41f8-8e67-157ccbc15955@group-67654037FCFA-FollowerState] INFO  impl.RoleInfo (RoleInfo.java:shutdownFollowerState(110)) - 4cee0e49-9f18-41f8-8e67-157ccbc15955: shutdown 4cee0e49-9f18-41f8-8e67-157ccbc15955@group-67654037FCFA-FollowerState
2023-11-06 09:26:52,336 [4cee0e49-9f18-41f8-8e67-157ccbc15955@group-67654037FCFA-FollowerState] INFO  server.RaftServer$Division (RaftServerImpl.java:setRole(329)) - 4cee0e49-9f18-41f8-8e67-157ccbc15955@group-67654037FCFA: changes role from  FOLLOWER to CANDIDATE at term 0 for changeToCandidate
2023-11-06 09:26:52,336 [4cee0e49-9f18-41f8-8e67-157ccbc15955@group-67654037FCFA-FollowerState] INFO  server.RaftServerConfigKeys (ConfUtils.java:logGet(46)) - raft.server.leaderelection.pre-vote = true (default)
2023-11-06 09:26:52,336 [4cee0e49-9f18-41f8-8e67-157ccbc15955@group-67654037FCFA-FollowerState] INFO  impl.RoleInfo (RoleInfo.java:updateAndGet(139)) - 4cee0e49-9f18-41f8-8e67-157ccbc15955: start 4cee0e49-9f18-41f8-8e67-157ccbc15955@group-67654037FCFA-LeaderElection10
2023-11-06 09:26:52,337 [d9016e39-0130-4fd9-896a-cac3c2785d02@group-3E664A0854E0-LeaderElection6] INFO  grpc.GrpcConfigKeys (ConfUtils.java:logGet(46)) - raft.grpc.server.install_snapshot.request.element-limit = 8 (default)
2023-11-06 09:26:52,338 [d9016e39-0130-4fd9-896a-cac3c2785d02@group-3E664A0854E0-LeaderElection6] INFO  grpc.GrpcConfigKeys (ConfUtils.java:logGet(46)) - raft.grpc.server.install_snapshot.request.timeout = 3000ms (default)
2023-11-06 09:26:52,338 [d9016e39-0130-4fd9-896a-cac3c2785d02@group-3E664A0854E0-LeaderElection6] INFO  server.RaftServerConfigKeys (ConfUtils.java:logGet(46)) - raft.server.log.appender.install.snapshot.enabled = false (custom)
2023-11-06 09:26:52,339 [d9016e39-0130-4fd9-896a-cac3c2785d02@group-3E664A0854E0-LeaderElection6] INFO  grpc.GrpcConfigKeys (ConfUtils.java:logGet(46)) - raft.grpc.server.heartbeat.channel = true (default)
2023-11-06 09:26:52,341 [d9016e39-0130-4fd9-896a-cac3c2785d02@group-3E664A0854E0-LeaderElection6] INFO  impl.RoleInfo (RoleInfo.java:updateAndGet(139)) - d9016e39-0130-4fd9-896a-cac3c2785d02: start d9016e39-0130-4fd9-896a-cac3c2785d02@group-3E664A0854E0-LeaderStateImpl
2023-11-06 09:26:52,342 [d9016e39-0130-4fd9-896a-cac3c2785d02@group-3E664A0854E0-LeaderElection6] INFO  segmented.SegmentedRaftLogWorker (SegmentedRaftLogWorker.java:startLogSegment(447)) - d9016e39-0130-4fd9-896a-cac3c2785d02@group-3E664A0854E0-SegmentedRaftLogWorker: Starting segment from index:0
2023-11-06 09:26:52,344 [4cee0e49-9f18-41f8-8e67-157ccbc15955@group-67654037FCFA-LeaderElection10] INFO  impl.LeaderElection (LeaderElection.java:askForVotes(321)) - 4cee0e49-9f18-41f8-8e67-157ccbc15955@group-67654037FCFA-LeaderElection10 PRE_VOTE round 0: submit vote requests at term 0 for -1: peers:[fadd24ee-4463-4420-97cf-bdd350ad83ae|rpc:10.1.0.6:15041|admin:10.1.0.6:15040|client:10.1.0.6:15039|dataStream:10.1.0.6:15042|priority:0|startupRole:FOLLOWER, b7b1b697-3f82-4acb-89c8-f9bc2eccfa5a|rpc:10.1.0.6:15059|admin:10.1.0.6:15058|client:10.1.0.6:15057|dataStream:10.1.0.6:15060|priority:0|startupRole:FOLLOWER, 4cee0e49-9f18-41f8-8e67-157ccbc15955|rpc:10.1.0.6:15050|admin:10.1.0.6:15049|client:10.1.0.6:15048|dataStream:10.1.0.6:15051|priority:1|startupRole:FOLLOWER]|listeners:[], old=null
2023-11-06 09:26:52,344 [fadd24ee-4463-4420-97cf-bdd350ad83ae@group-BD8DE2487517-LeaderElection8] INFO  server.RaftServer$Division (ServerState.java:setRaftConf(434)) - fadd24ee-4463-4420-97cf-bdd350ad83ae@group-BD8DE2487517: set configuration 0: peers:[fadd24ee-4463-4420-97cf-bdd350ad83ae|rpc:10.1.0.6:15041|admin:10.1.0.6:15040|client:10.1.0.6:15039|dataStream:10.1.0.6:15042|priority:1|startupRole:FOLLOWER]|listeners:[], old=null
2023-11-06 09:26:52,343 [4cee0e49-9f18-41f8-8e67-157ccbc15955@group-C9EEF1442432-LeaderElection9] INFO  impl.LeaderElection (LeaderElection.java:askForVotes(321)) - 4cee0e49-9f18-41f8-8e67-157ccbc15955@group-C9EEF1442432-LeaderElection9 PRE_VOTE round 0: submit vote requests at term 0 for -1: peers:[4cee0e49-9f18-41f8-8e67-157ccbc15955|rpc:10.1.0.6:15050|admin:10.1.0.6:15049|client:10.1.0.6:15048|dataStream:10.1.0.6:15051|priority:1|startupRole:FOLLOWER]|listeners:[], old=null
2023-11-06 09:26:52,345 [4cee0e49-9f18-41f8-8e67-157ccbc15955@group-C9EEF1442432-LeaderElection9] INFO  impl.LeaderElection (LeaderElection.java:askForVotes(323)) - 4cee0e49-9f18-41f8-8e67-157ccbc15955@group-C9EEF1442432-LeaderElection9 PRE_VOTE round 0: result PASSED (term=0)
2023-11-06 09:26:52,345 [d9016e39-0130-4fd9-896a-cac3c2785d02@group-3E664A0854E0-SegmentedRaftLogWorker] INFO  segmented.SegmentedRaftLogWorker (SegmentedRaftLogWorker.java:execute(651)) - d9016e39-0130-4fd9-896a-cac3c2785d02@group-3E664A0854E0-SegmentedRaftLogWorker: created new log segment /home/runner/work/ozone/ozone/hadoop-ozone/integration-test/target/test-dir/MiniOzoneClusterImpl-938474ea-96d6-4bd3-a45f-678920fb0bb2/datanode-2/data/ratis/d6c272c6-0f48-426a-923d-3e664a0854e0/current/log_inprogress_0
2023-11-06 09:26:52,346 [4cee0e49-9f18-41f8-8e67-157ccbc15955@group-C9EEF1442432-LeaderElection9] INFO  impl.LeaderElection (LeaderElection.java:askForVotes(321)) - 4cee0e49-9f18-41f8-8e67-157ccbc15955@group-C9EEF1442432-LeaderElection9 ELECTION round 0: submit vote requests at term 1 for -1: peers:[4cee0e49-9f18-41f8-8e67-157ccbc15955|rpc:10.1.0.6:15050|admin:10.1.0.6:15049|client:10.1.0.6:15048|dataStream:10.1.0.6:15051|priority:1|startupRole:FOLLOWER]|listeners:[], old=null
2023-11-06 09:26:52,346 [4cee0e49-9f18-41f8-8e67-157ccbc15955@group-C9EEF1442432-LeaderElection9] INFO  impl.LeaderElection (LeaderElection.java:askForVotes(323)) - 4cee0e49-9f18-41f8-8e67-157ccbc15955@group-C9EEF1442432-LeaderElection9 ELECTION round 0: result PASSED (term=1)
2023-11-06 09:26:52,346 [4cee0e49-9f18-41f8-8e67-157ccbc15955@group-C9EEF1442432-LeaderElection9] INFO  impl.RoleInfo (RoleInfo.java:shutdownLeaderElection(130)) - 4cee0e49-9f18-41f8-8e67-157ccbc15955: shutdown 4cee0e49-9f18-41f8-8e67-157ccbc15955@group-C9EEF1442432-LeaderElection9
2023-11-06 09:26:52,346 [4cee0e49-9f18-41f8-8e67-157ccbc15955@group-C9EEF1442432-LeaderElection9] INFO  server.RaftServer$Division (RaftServerImpl.java:setRole(329)) - 4cee0e49-9f18-41f8-8e67-157ccbc15955@group-C9EEF1442432: changes role from CANDIDATE to LEADER at term 1 for changeToLeader
2023-11-06 09:26:52,346 [4cee0e49-9f18-41f8-8e67-157ccbc15955@group-C9EEF1442432-LeaderElection9] INFO  ratis.XceiverServerRatis (XceiverServerRatis.java:handleLeaderChangedNotification(903)) - Leader change notification received for group: group-C9EEF1442432 with new leaderId: 4cee0e49-9f18-41f8-8e67-157ccbc15955
2023-11-06 09:26:52,354 [4cee0e49-9f18-41f8-8e67-157ccbc15955@group-C9EEF1442432-LeaderElection9] INFO  server.RaftServer$Division (ServerState.java:setLeader(317)) - 4cee0e49-9f18-41f8-8e67-157ccbc15955@group-C9EEF1442432: change Leader from null to 4cee0e49-9f18-41f8-8e67-157ccbc15955 at term 1 for becomeLeader, leader elected after 5264ms
2023-11-06 09:26:52,354 [4cee0e49-9f18-41f8-8e67-157ccbc15955@group-C9EEF1442432-LeaderElection9] INFO  server.RaftServerConfigKeys (ConfUtils.java:logGet(46)) - raft.server.staging.catchup.gap = 1000 (default)
2023-11-06 09:26:52,359 [4cee0e49-9f18-41f8-8e67-157ccbc15955@group-C9EEF1442432-LeaderElection9] INFO  server.RaftServerConfigKeys (ConfUtils.java:logGet(46)) - raft.server.write.element-limit = 1024 (custom)
2023-11-06 09:26:52,359 [4cee0e49-9f18-41f8-8e67-157ccbc15955@group-C9EEF1442432-LeaderElection9] INFO  server.RaftServerConfigKeys (ConfUtils.java:logGet(46)) - raft.server.write.byte-limit = 1024 M (=1073741824) (custom)
2023-11-06 09:26:52,361 [4cee0e49-9f18-41f8-8e67-157ccbc15955@group-67654037FCFA-LeaderElection10] INFO  server.RaftServerConfigKeys (ConfUtils.java:logFallback(53)) - raft.server.rpc.first-election.timeout.min = 5s (fallback to raft.server.rpc.timeout.min)
2023-11-06 09:26:52,361 [4cee0e49-9f18-41f8-8e67-157ccbc15955@group-67654037FCFA-LeaderElection10] INFO  server.RaftServerConfigKeys (ConfUtils.java:logFallback(53)) - raft.server.rpc.first-election.timeout.max = 5200ms (fallback to raft.server.rpc.timeout.max)
2023-11-06 09:26:52,361 [4cee0e49-9f18-41f8-8e67-157ccbc15955@group-67654037FCFA-LeaderElection10-1] INFO  server.GrpcServerProtocolClient (GrpcServerProtocolClient.java:<init>(65)) - Build channel for fadd24ee-4463-4420-97cf-bdd350ad83ae
2023-11-06 09:26:52,363 [d9016e39-0130-4fd9-896a-cac3c2785d02@group-3E664A0854E0-LeaderElection6] INFO  server.RaftServer$Division (ServerState.java:setRaftConf(434)) - d9016e39-0130-4fd9-896a-cac3c2785d02@group-3E664A0854E0: set configuration 0: peers:[d9016e39-0130-4fd9-896a-cac3c2785d02|rpc:10.1.0.6:15032|admin:10.1.0.6:15031|client:10.1.0.6:15030|dataStream:10.1.0.6:15033|priority:1|startupRole:FOLLOWER, fedf11b8-0957-422e-880a-91cc26979c7a|rpc:10.1.0.6:15014|admin:10.1.0.6:15013|client:10.1.0.6:15012|dataStream:10.1.0.6:15015|priority:0|startupRole:FOLLOWER, 0eeb79a9-13fd-416c-b2a7-6f654c6b5029|rpc:10.1.0.6:15023|admin:10.1.0.6:15022|client:10.1.0.6:15021|dataStream:10.1.0.6:15024|priority:0|startupRole:FOLLOWER]|listeners:[], old=null
2023-11-06 09:26:52,367 [4cee0e49-9f18-41f8-8e67-157ccbc15955@group-C9EEF1442432-LeaderElection9] INFO  server.RaftServerConfigKeys (ConfUtils.java:logGet(46)) - raft.server.watch.timeout = 180s (custom)
2023-11-06 09:26:52,368 [4cee0e49-9f18-41f8-8e67-157ccbc15955@group-C9EEF1442432-LeaderElection9] INFO  server.RaftServerConfigKeys (ConfUtils.java:logGet(46)) - raft.server.watch.timeout.denomination = 1s (default)
2023-11-06 09:26:52,368 [4cee0e49-9f18-41f8-8e67-157ccbc15955@group-C9EEF1442432-LeaderElection9] INFO  server.RaftServerConfigKeys (ConfUtils.java:logGet(46)) - raft.server.watch.element-limit = 65536 (default)
2023-11-06 09:26:52,368 [4cee0e49-9f18-41f8-8e67-157ccbc15955@group-C9EEF1442432-LeaderElection9] INFO  server.RaftServerConfigKeys (ConfUtils.java:logGet(46)) - raft.server.write.element-limit = 1024 (custom)
2023-11-06 09:26:52,368 [4cee0e49-9f18-41f8-8e67-157ccbc15955@group-C9EEF1442432-LeaderElection9] INFO  server.RaftServerConfigKeys (ConfUtils.java:logGet(46)) - raft.server.write.follower.gap.ratio.max = -1.0 (default)
2023-11-06 09:26:52,368 [4cee0e49-9f18-41f8-8e67-157ccbc15955@group-C9EEF1442432-LeaderElection9] INFO  impl.RoleInfo (RoleInfo.java:updateAndGet(139)) - 4cee0e49-9f18-41f8-8e67-157ccbc15955: start 4cee0e49-9f18-41f8-8e67-157ccbc15955@group-C9EEF1442432-LeaderStateImpl
2023-11-06 09:26:52,368 [4cee0e49-9f18-41f8-8e67-157ccbc15955@group-C9EEF1442432-LeaderElection9] INFO  segmented.SegmentedRaftLogWorker (SegmentedRaftLogWorker.java:startLogSegment(447)) - 4cee0e49-9f18-41f8-8e67-157ccbc15955@group-C9EEF1442432-SegmentedRaftLogWorker: Starting segment from index:0
2023-11-06 09:26:52,369 [4cee0e49-9f18-41f8-8e67-157ccbc15955@group-C9EEF1442432-SegmentedRaftLogWorker] INFO  segmented.SegmentedRaftLogWorker (SegmentedRaftLogWorker.java:execute(651)) - 4cee0e49-9f18-41f8-8e67-157ccbc15955@group-C9EEF1442432-SegmentedRaftLogWorker: created new log segment /home/runner/work/ozone/ozone/hadoop-ozone/integration-test/target/test-dir/MiniOzoneClusterImpl-938474ea-96d6-4bd3-a45f-678920fb0bb2/datanode-4/data/ratis/195423ec-571f-40ba-bff8-c9eef1442432/current/log_inprogress_0
2023-11-06 09:26:52,361 [4cee0e49-9f18-41f8-8e67-157ccbc15955@group-67654037FCFA-LeaderElection10-2] INFO  server.GrpcServerProtocolClient (GrpcServerProtocolClient.java:<init>(65)) - Build channel for b7b1b697-3f82-4acb-89c8-f9bc2eccfa5a
2023-11-06 09:26:52,404 [grpc-default-executor-4] INFO  server.RaftServer$Division (RaftServerImpl.java:requestVote(1302)) - fadd24ee-4463-4420-97cf-bdd350ad83ae@group-67654037FCFA: receive requestVote(PRE_VOTE, 4cee0e49-9f18-41f8-8e67-157ccbc15955, group-67654037FCFA, 0, (t:0, i:0))
2023-11-06 09:26:52,406 [4cee0e49-9f18-41f8-8e67-157ccbc15955@group-C9EEF1442432-LeaderElection9] INFO  server.RaftServer$Division (ServerState.java:setRaftConf(434)) - 4cee0e49-9f18-41f8-8e67-157ccbc15955@group-C9EEF1442432: set configuration 0: peers:[4cee0e49-9f18-41f8-8e67-157ccbc15955|rpc:10.1.0.6:15050|admin:10.1.0.6:15049|client:10.1.0.6:15048|dataStream:10.1.0.6:15051|priority:1|startupRole:FOLLOWER]|listeners:[], old=null
2023-11-06 09:26:52,408 [grpc-default-executor-4] INFO  impl.VoteContext (VoteContext.java:log(49)) - fadd24ee-4463-4420-97cf-bdd350ad83ae@group-67654037FCFA-FOLLOWER: accept PRE_VOTE from 4cee0e49-9f18-41f8-8e67-157ccbc15955: our priority 0 <= candidate's priority 1
2023-11-06 09:26:52,408 [grpc-default-executor-4] INFO  server.RaftServer$Division (RaftServerImpl.java:requestVote(1335)) - fadd24ee-4463-4420-97cf-bdd350ad83ae@group-67654037FCFA replies to PRE_VOTE vote request: 4cee0e49-9f18-41f8-8e67-157ccbc15955<-fadd24ee-4463-4420-97cf-bdd350ad83ae#0:OK-t0. Peer's state: fadd24ee-4463-4420-97cf-bdd350ad83ae@group-67654037FCFA:t0, leader=null, voted=, raftlog=Memoized:fadd24ee-4463-4420-97cf-bdd350ad83ae@group-67654037FCFA-SegmentedRaftLog:OPENED:c-1, conf=-1: peers:[fadd24ee-4463-4420-97cf-bdd350ad83ae|rpc:10.1.0.6:15041|admin:10.1.0.6:15040|client:10.1.0.6:15039|dataStream:10.1.0.6:15042|priority:0|startupRole:FOLLOWER, b7b1b697-3f82-4acb-89c8-f9bc2eccfa5a|rpc:10.1.0.6:15059|admin:10.1.0.6:15058|client:10.1.0.6:15057|dataStream:10.1.0.6:15060|priority:0|startupRole:FOLLOWER, 4cee0e49-9f18-41f8-8e67-157ccbc15955|rpc:10.1.0.6:15050|admin:10.1.0.6:15049|client:10.1.0.6:15048|dataStream:10.1.0.6:15051|priority:1|startupRole:FOLLOWER]|listeners:[], old=null
2023-11-06 09:26:52,426 [4cee0e49-9f18-41f8-8e67-157ccbc15955@group-67654037FCFA-LeaderElection10] INFO  impl.LeaderElection (LeaderElection.java:logAndReturn(90)) - 4cee0e49-9f18-41f8-8e67-157ccbc15955@group-67654037FCFA-LeaderElection10: PRE_VOTE PASSED received 1 response(s) and 0 exception(s):
2023-11-06 09:26:52,426 [4cee0e49-9f18-41f8-8e67-157ccbc15955@group-67654037FCFA-LeaderElection10] INFO  impl.LeaderElection (LeaderElection.java:logAndReturn(94)) -   Response 0: 4cee0e49-9f18-41f8-8e67-157ccbc15955<-fadd24ee-4463-4420-97cf-bdd350ad83ae#0:OK-t0
2023-11-06 09:26:52,426 [4cee0e49-9f18-41f8-8e67-157ccbc15955@group-67654037FCFA-LeaderElection10] INFO  impl.LeaderElection (LeaderElection.java:askForVotes(323)) - 4cee0e49-9f18-41f8-8e67-157ccbc15955@group-67654037FCFA-LeaderElection10 PRE_VOTE round 0: result PASSED
2023-11-06 09:26:52,429 [4cee0e49-9f18-41f8-8e67-157ccbc15955@group-67654037FCFA-LeaderElection10] INFO  impl.LeaderElection (LeaderElection.java:askForVotes(321)) - 4cee0e49-9f18-41f8-8e67-157ccbc15955@group-67654037FCFA-LeaderElection10 ELECTION round 0: submit vote requests at term 1 for -1: peers:[fadd24ee-4463-4420-97cf-bdd350ad83ae|rpc:10.1.0.6:15041|admin:10.1.0.6:15040|client:10.1.0.6:15039|dataStream:10.1.0.6:15042|priority:0|startupRole:FOLLOWER, b7b1b697-3f82-4acb-89c8-f9bc2eccfa5a|rpc:10.1.0.6:15059|admin:10.1.0.6:15058|client:10.1.0.6:15057|dataStream:10.1.0.6:15060|priority:0|startupRole:FOLLOWER, 4cee0e49-9f18-41f8-8e67-157ccbc15955|rpc:10.1.0.6:15050|admin:10.1.0.6:15049|client:10.1.0.6:15048|dataStream:10.1.0.6:15051|priority:1|startupRole:FOLLOWER]|listeners:[], old=null
2023-11-06 09:26:52,432 [fedf11b8-0957-422e-880a-91cc26979c7a-server-thread1] INFO  ratis.XceiverServerRatis (XceiverServerRatis.java:handleLeaderChangedNotification(903)) - Leader change notification received for group: group-3E664A0854E0 with new leaderId: d9016e39-0130-4fd9-896a-cac3c2785d02
2023-11-06 09:26:52,433 [fedf11b8-0957-422e-880a-91cc26979c7a-server-thread1] INFO  server.RaftServer$Division (ServerState.java:setLeader(317)) - fedf11b8-0957-422e-880a-91cc26979c7a@group-3E664A0854E0: change Leader from null to d9016e39-0130-4fd9-896a-cac3c2785d02 at term 1 for appendEntries, leader elected after 6326ms
2023-11-06 09:26:52,433 [4cee0e49-9f18-41f8-8e67-157ccbc15955@group-67654037FCFA-LeaderElection10] INFO  server.RaftServerConfigKeys (ConfUtils.java:logFallback(53)) - raft.server.rpc.first-election.timeout.min = 5s (fallback to raft.server.rpc.timeout.min)
2023-11-06 09:26:52,433 [4cee0e49-9f18-41f8-8e67-157ccbc15955@group-67654037FCFA-LeaderElection10] INFO  server.RaftServerConfigKeys (ConfUtils.java:logFallback(53)) - raft.server.rpc.first-election.timeout.max = 5200ms (fallback to raft.server.rpc.timeout.max)
2023-11-06 09:26:52,444 [grpc-default-executor-3] INFO  server.RaftServer$Division (RaftServerImpl.java:requestVote(1302)) - b7b1b697-3f82-4acb-89c8-f9bc2eccfa5a@group-67654037FCFA: receive requestVote(PRE_VOTE, 4cee0e49-9f18-41f8-8e67-157ccbc15955, group-67654037FCFA, 0, (t:0, i:0))
2023-11-06 09:26:52,444 [grpc-default-executor-3] INFO  impl.VoteContext (VoteContext.java:log(49)) - b7b1b697-3f82-4acb-89c8-f9bc2eccfa5a@group-67654037FCFA-FOLLOWER: accept PRE_VOTE from 4cee0e49-9f18-41f8-8e67-157ccbc15955: our priority 0 <= candidate's priority 1
2023-11-06 09:26:52,445 [grpc-default-executor-3] INFO  server.RaftServer$Division (RaftServerImpl.java:requestVote(1335)) - b7b1b697-3f82-4acb-89c8-f9bc2eccfa5a@group-67654037FCFA replies to PRE_VOTE vote request: 4cee0e49-9f18-41f8-8e67-157ccbc15955<-b7b1b697-3f82-4acb-89c8-f9bc2eccfa5a#0:OK-t0. Peer's state: b7b1b697-3f82-4acb-89c8-f9bc2eccfa5a@group-67654037FCFA:t0, leader=null, voted=, raftlog=Memoized:b7b1b697-3f82-4acb-89c8-f9bc2eccfa5a@group-67654037FCFA-SegmentedRaftLog:OPENED:c-1, conf=-1: peers:[fadd24ee-4463-4420-97cf-bdd350ad83ae|rpc:10.1.0.6:15041|admin:10.1.0.6:15040|client:10.1.0.6:15039|dataStream:10.1.0.6:15042|priority:0|startupRole:FOLLOWER, b7b1b697-3f82-4acb-89c8-f9bc2eccfa5a|rpc:10.1.0.6:15059|admin:10.1.0.6:15058|client:10.1.0.6:15057|dataStream:10.1.0.6:15060|priority:0|startupRole:FOLLOWER, 4cee0e49-9f18-41f8-8e67-157ccbc15955|rpc:10.1.0.6:15050|admin:10.1.0.6:15049|client:10.1.0.6:15048|dataStream:10.1.0.6:15051|priority:1|startupRole:FOLLOWER]|listeners:[], old=null
2023-11-06 09:26:52,454 [0eeb79a9-13fd-416c-b2a7-6f654c6b5029-server-thread1] INFO  ratis.XceiverServerRatis (XceiverServerRatis.java:handleLeaderChangedNotification(903)) - Leader change notification received for group: group-3E664A0854E0 with new leaderId: d9016e39-0130-4fd9-896a-cac3c2785d02
2023-11-06 09:26:52,454 [0eeb79a9-13fd-416c-b2a7-6f654c6b5029-server-thread1] INFO  server.RaftServer$Division (ServerState.java:setLeader(317)) - 0eeb79a9-13fd-416c-b2a7-6f654c6b5029@group-3E664A0854E0: change Leader from null to d9016e39-0130-4fd9-896a-cac3c2785d02 at term 1 for appendEntries, leader elected after 6080ms
2023-11-06 09:26:52,458 [fadd24ee-4463-4420-97cf-bdd350ad83ae@group-67654037FCFA-FollowerState] INFO  server.RaftServerConfigKeys (ConfUtils.java:logFallback(53)) - raft.server.rpc.first-election.timeout.min = 5s (fallback to raft.server.rpc.timeout.min)
2023-11-06 09:26:52,458 [fadd24ee-4463-4420-97cf-bdd350ad83ae@group-67654037FCFA-FollowerState] INFO  server.RaftServerConfigKeys (ConfUtils.java:logFallback(53)) - raft.server.rpc.first-election.timeout.max = 5200ms (fallback to raft.server.rpc.timeout.max)
2023-11-06 09:26:52,460 [fedf11b8-0957-422e-880a-91cc26979c7a-server-thread3] INFO  server.RaftServer$Division (ServerState.java:setRaftConf(434)) - fedf11b8-0957-422e-880a-91cc26979c7a@group-3E664A0854E0: set configuration 0: peers:[d9016e39-0130-4fd9-896a-cac3c2785d02|rpc:10.1.0.6:15032|admin:10.1.0.6:15031|client:10.1.0.6:15030|dataStream:10.1.0.6:15033|priority:1|startupRole:FOLLOWER, fedf11b8-0957-422e-880a-91cc26979c7a|rpc:10.1.0.6:15014|admin:10.1.0.6:15013|client:10.1.0.6:15012|dataStream:10.1.0.6:15015|priority:0|startupRole:FOLLOWER, 0eeb79a9-13fd-416c-b2a7-6f654c6b5029|rpc:10.1.0.6:15023|admin:10.1.0.6:15022|client:10.1.0.6:15021|dataStream:10.1.0.6:15024|priority:0|startupRole:FOLLOWER]|listeners:[], old=null
2023-11-06 09:26:52,460 [fedf11b8-0957-422e-880a-91cc26979c7a-server-thread3] INFO  segmented.SegmentedRaftLogWorker (SegmentedRaftLogWorker.java:startLogSegment(447)) - fedf11b8-0957-422e-880a-91cc26979c7a@group-3E664A0854E0-SegmentedRaftLogWorker: Starting segment from index:0
2023-11-06 09:26:52,469 [grpc-default-executor-2] INFO  server.RaftServer$Division (RaftServerImpl.java:requestVote(1302)) - fadd24ee-4463-4420-97cf-bdd350ad83ae@group-67654037FCFA: receive requestVote(ELECTION, 4cee0e49-9f18-41f8-8e67-157ccbc15955, group-67654037FCFA, 1, (t:0, i:0))
2023-11-06 09:26:52,470 [grpc-default-executor-2] INFO  impl.VoteContext (VoteContext.java:log(49)) - fadd24ee-4463-4420-97cf-bdd350ad83ae@group-67654037FCFA-FOLLOWER: accept ELECTION from 4cee0e49-9f18-41f8-8e67-157ccbc15955: our priority 0 <= candidate's priority 1
2023-11-06 09:26:52,470 [grpc-default-executor-2] INFO  server.RaftServer$Division (RaftServerImpl.java:setRole(329)) - fadd24ee-4463-4420-97cf-bdd350ad83ae@group-67654037FCFA: changes role from  FOLLOWER to FOLLOWER at term 1 for candidate:4cee0e49-9f18-41f8-8e67-157ccbc15955
2023-11-06 09:26:52,470 [grpc-default-executor-2] INFO  impl.RoleInfo (RoleInfo.java:shutdownFollowerState(110)) - fadd24ee-4463-4420-97cf-bdd350ad83ae: shutdown fadd24ee-4463-4420-97cf-bdd350ad83ae@group-67654037FCFA-FollowerState
2023-11-06 09:26:52,470 [grpc-default-executor-2] INFO  impl.RoleInfo (RoleInfo.java:updateAndGet(139)) - fadd24ee-4463-4420-97cf-bdd350ad83ae: start fadd24ee-4463-4420-97cf-bdd350ad83ae@group-67654037FCFA-FollowerState
2023-11-06 09:26:52,470 [fadd24ee-4463-4420-97cf-bdd350ad83ae@group-67654037FCFA-FollowerState] INFO  impl.FollowerState (FollowerState.java:run(152)) - fadd24ee-4463-4420-97cf-bdd350ad83ae@group-67654037FCFA-FollowerState was interrupted
2023-11-06 09:26:52,471 [fedf11b8-0957-422e-880a-91cc26979c7a@group-3E664A0854E0-SegmentedRaftLogWorker] INFO  segmented.SegmentedRaftLogWorker (SegmentedRaftLogWorker.java:execute(651)) - fedf11b8-0957-422e-880a-91cc26979c7a@group-3E664A0854E0-SegmentedRaftLogWorker: created new log segment /home/runner/work/ozone/ozone/hadoop-ozone/integration-test/target/test-dir/MiniOzoneClusterImpl-938474ea-96d6-4bd3-a45f-678920fb0bb2/datanode-0/data/ratis/d6c272c6-0f48-426a-923d-3e664a0854e0/current/log_inprogress_0
2023-11-06 09:26:52,479 [b7b1b697-3f82-4acb-89c8-f9bc2eccfa5a@group-67654037FCFA-FollowerState] INFO  server.RaftServerConfigKeys (ConfUtils.java:logFallback(53)) - raft.server.rpc.first-election.timeout.min = 5s (fallback to raft.server.rpc.timeout.min)
2023-11-06 09:26:52,479 [b7b1b697-3f82-4acb-89c8-f9bc2eccfa5a@group-67654037FCFA-FollowerState] INFO  server.RaftServerConfigKeys (ConfUtils.java:logFallback(53)) - raft.server.rpc.first-election.timeout.max = 5200ms (fallback to raft.server.rpc.timeout.max)
2023-11-06 09:26:52,481 [grpc-default-executor-2] INFO  server.RaftServer$Division (RaftServerImpl.java:requestVote(1335)) - fadd24ee-4463-4420-97cf-bdd350ad83ae@group-67654037FCFA replies to ELECTION vote request: 4cee0e49-9f18-41f8-8e67-157ccbc15955<-fadd24ee-4463-4420-97cf-bdd350ad83ae#0:OK-t1. Peer's state: fadd24ee-4463-4420-97cf-bdd350ad83ae@group-67654037FCFA:t1, leader=null, voted=4cee0e49-9f18-41f8-8e67-157ccbc15955, raftlog=Memoized:fadd24ee-4463-4420-97cf-bdd350ad83ae@group-67654037FCFA-SegmentedRaftLog:OPENED:c-1, conf=-1: peers:[fadd24ee-4463-4420-97cf-bdd350ad83ae|rpc:10.1.0.6:15041|admin:10.1.0.6:15040|client:10.1.0.6:15039|dataStream:10.1.0.6:15042|priority:0|startupRole:FOLLOWER, b7b1b697-3f82-4acb-89c8-f9bc2eccfa5a|rpc:10.1.0.6:15059|admin:10.1.0.6:15058|client:10.1.0.6:15057|dataStream:10.1.0.6:15060|priority:0|startupRole:FOLLOWER, 4cee0e49-9f18-41f8-8e67-157ccbc15955|rpc:10.1.0.6:15050|admin:10.1.0.6:15049|client:10.1.0.6:15048|dataStream:10.1.0.6:15051|priority:1|startupRole:FOLLOWER]|listeners:[], old=null
2023-11-06 09:26:52,483 [4cee0e49-9f18-41f8-8e67-157ccbc15955@group-67654037FCFA-LeaderElection10] INFO  impl.LeaderElection (LeaderElection.java:logAndReturn(90)) - 4cee0e49-9f18-41f8-8e67-157ccbc15955@group-67654037FCFA-LeaderElection10: ELECTION PASSED received 1 response(s) and 0 exception(s):
2023-11-06 09:26:52,483 [4cee0e49-9f18-41f8-8e67-157ccbc15955@group-67654037FCFA-LeaderElection10] INFO  impl.LeaderElection (LeaderElection.java:logAndReturn(94)) -   Response 0: 4cee0e49-9f18-41f8-8e67-157ccbc15955<-fadd24ee-4463-4420-97cf-bdd350ad83ae#0:OK-t1
2023-11-06 09:26:52,483 [4cee0e49-9f18-41f8-8e67-157ccbc15955@group-67654037FCFA-LeaderElection10] INFO  impl.LeaderElection (LeaderElection.java:askForVotes(323)) - 4cee0e49-9f18-41f8-8e67-157ccbc15955@group-67654037FCFA-LeaderElection10 ELECTION round 0: result PASSED
2023-11-06 09:26:52,483 [4cee0e49-9f18-41f8-8e67-157ccbc15955@group-67654037FCFA-LeaderElection10] INFO  impl.RoleInfo (RoleInfo.java:shutdownLeaderElection(130)) - 4cee0e49-9f18-41f8-8e67-157ccbc15955: shutdown 4cee0e49-9f18-41f8-8e67-157ccbc15955@group-67654037FCFA-LeaderElection10
2023-11-06 09:26:52,483 [4cee0e49-9f18-41f8-8e67-157ccbc15955@group-67654037FCFA-LeaderElection10] INFO  server.RaftServer$Division (RaftServerImpl.java:setRole(329)) - 4cee0e49-9f18-41f8-8e67-157ccbc15955@group-67654037FCFA: changes role from CANDIDATE to LEADER at term 1 for changeToLeader
2023-11-06 09:26:52,483 [4cee0e49-9f18-41f8-8e67-157ccbc15955@group-67654037FCFA-LeaderElection10] INFO  ratis.XceiverServerRatis (XceiverServerRatis.java:handleLeaderChangedNotification(903)) - Leader change notification received for group: group-67654037FCFA with new leaderId: 4cee0e49-9f18-41f8-8e67-157ccbc15955
2023-11-06 09:26:52,483 [4cee0e49-9f18-41f8-8e67-157ccbc15955@group-67654037FCFA-LeaderElection10] INFO  server.RaftServer$Division (ServerState.java:setLeader(317)) - 4cee0e49-9f18-41f8-8e67-157ccbc15955@group-67654037FCFA: change Leader from null to 4cee0e49-9f18-41f8-8e67-157ccbc15955 at term 1 for becomeLeader, leader elected after 5278ms
2023-11-06 09:26:52,483 [4cee0e49-9f18-41f8-8e67-157ccbc15955@group-67654037FCFA-LeaderElection10] INFO  server.RaftServerConfigKeys (ConfUtils.java:logGet(46)) - raft.server.staging.catchup.gap = 1000 (default)
2023-11-06 09:26:52,483 [4cee0e49-9f18-41f8-8e67-157ccbc15955@group-67654037FCFA-LeaderElection10] INFO  server.RaftServerConfigKeys (ConfUtils.java:logGet(46)) - raft.server.write.element-limit = 1024 (custom)
2023-11-06 09:26:52,483 [4cee0e49-9f18-41f8-8e67-157ccbc15955@group-67654037FCFA-LeaderElection10] INFO  server.RaftServerConfigKeys (ConfUtils.java:logGet(46)) - raft.server.write.byte-limit = 1024 M (=1073741824) (custom)
2023-11-06 09:26:52,486 [EventQueue-PipelineReportForPipelineReportHandler] INFO  pipeline.PipelineReportHandler (PipelineReportHandler.java:processPipelineReport(136)) - Opened pipeline PipelineID=20ad4e29-1d2c-4b5d-8722-67654037fcfa
2023-11-06 09:26:52,487 [grpc-default-executor-2] INFO  server.RaftServer$Division (RaftServerImpl.java:requestVote(1302)) - b7b1b697-3f82-4acb-89c8-f9bc2eccfa5a@group-67654037FCFA: receive requestVote(ELECTION, 4cee0e49-9f18-41f8-8e67-157ccbc15955, group-67654037FCFA, 1, (t:0, i:0))
2023-11-06 09:26:52,488 [grpc-default-executor-2] INFO  impl.VoteContext (VoteContext.java:log(49)) - b7b1b697-3f82-4acb-89c8-f9bc2eccfa5a@group-67654037FCFA-FOLLOWER: accept ELECTION from 4cee0e49-9f18-41f8-8e67-157ccbc15955: our priority 0 <= candidate's priority 1
2023-11-06 09:26:52,488 [grpc-default-executor-2] INFO  server.RaftServer$Division (RaftServerImpl.java:setRole(329)) - b7b1b697-3f82-4acb-89c8-f9bc2eccfa5a@group-67654037FCFA: changes role from  FOLLOWER to FOLLOWER at term 1 for candidate:4cee0e49-9f18-41f8-8e67-157ccbc15955
2023-11-06 09:26:52,488 [grpc-default-executor-2] INFO  impl.RoleInfo (RoleInfo.java:shutdownFollowerState(110)) - b7b1b697-3f82-4acb-89c8-f9bc2eccfa5a: shutdown b7b1b697-3f82-4acb-89c8-f9bc2eccfa5a@group-67654037FCFA-FollowerState
2023-11-06 09:26:52,488 [grpc-default-executor-2] INFO  impl.RoleInfo (RoleInfo.java:updateAndGet(139)) - b7b1b697-3f82-4acb-89c8-f9bc2eccfa5a: start b7b1b697-3f82-4acb-89c8-f9bc2eccfa5a@group-67654037FCFA-FollowerState
2023-11-06 09:26:52,488 [b7b1b697-3f82-4acb-89c8-f9bc2eccfa5a@group-67654037FCFA-FollowerState] INFO  impl.FollowerState (FollowerState.java:run(152)) - b7b1b697-3f82-4acb-89c8-f9bc2eccfa5a@group-67654037FCFA-FollowerState was interrupted
2023-11-06 09:26:52,493 [grpc-default-executor-2] INFO  server.RaftServer$Division (RaftServerImpl.java:requestVote(1335)) - b7b1b697-3f82-4acb-89c8-f9bc2eccfa5a@group-67654037FCFA replies to ELECTION vote request: 4cee0e49-9f18-41f8-8e67-157ccbc15955<-b7b1b697-3f82-4acb-89c8-f9bc2eccfa5a#0:OK-t1. Peer's state: b7b1b697-3f82-4acb-89c8-f9bc2eccfa5a@group-67654037FCFA:t1, leader=null, voted=4cee0e49-9f18-41f8-8e67-157ccbc15955, raftlog=Memoized:b7b1b697-3f82-4acb-89c8-f9bc2eccfa5a@group-67654037FCFA-SegmentedRaftLog:OPENED:c-1, conf=-1: peers:[fadd24ee-4463-4420-97cf-bdd350ad83ae|rpc:10.1.0.6:15041|admin:10.1.0.6:15040|client:10.1.0.6:15039|dataStream:10.1.0.6:15042|priority:0|startupRole:FOLLOWER, b7b1b697-3f82-4acb-89c8-f9bc2eccfa5a|rpc:10.1.0.6:15059|admin:10.1.0.6:15058|client:10.1.0.6:15057|dataStream:10.1.0.6:15060|priority:0|startupRole:FOLLOWER, 4cee0e49-9f18-41f8-8e67-157ccbc15955|rpc:10.1.0.6:15050|admin:10.1.0.6:15049|client:10.1.0.6:15048|dataStream:10.1.0.6:15051|priority:1|startupRole:FOLLOWER]|listeners:[], old=null
2023-11-06 09:26:52,493 [4cee0e49-9f18-41f8-8e67-157ccbc15955@group-67654037FCFA-LeaderElection10] INFO  server.RaftServerConfigKeys (ConfUtils.java:logGet(46)) - raft.server.watch.timeout = 180s (custom)
2023-11-06 09:26:52,493 [4cee0e49-9f18-41f8-8e67-157ccbc15955@group-67654037FCFA-LeaderElection10] INFO  server.RaftServerConfigKeys (ConfUtils.java:logGet(46)) - raft.server.watch.timeout.denomination = 1s (default)
2023-11-06 09:26:52,493 [4cee0e49-9f18-41f8-8e67-157ccbc15955@group-67654037FCFA-LeaderElection10] INFO  server.RaftServerConfigKeys (ConfUtils.java:logGet(46)) - raft.server.watch.element-limit = 65536 (default)
2023-11-06 09:26:52,493 [4cee0e49-9f18-41f8-8e67-157ccbc15955@group-67654037FCFA-LeaderElection10] INFO  server.RaftServerConfigKeys (ConfUtils.java:logGet(46)) - raft.server.write.element-limit = 1024 (custom)
2023-11-06 09:26:52,494 [4cee0e49-9f18-41f8-8e67-157ccbc15955@group-67654037FCFA-LeaderElection10] INFO  server.RaftServerConfigKeys (ConfUtils.java:logGet(46)) - raft.server.write.follower.gap.ratio.max = -1.0 (default)
2023-11-06 09:26:52,494 [4cee0e49-9f18-41f8-8e67-157ccbc15955@group-67654037FCFA-LeaderElection10] INFO  server.RaftServerConfigKeys (ConfUtils.java:logGet(46)) - raft.server.log.appender.snapshot.chunk.size.max = 16MB (=16777216) (default)
2023-11-06 09:26:52,494 [4cee0e49-9f18-41f8-8e67-157ccbc15955@group-67654037FCFA-LeaderElection10] INFO  server.RaftServerConfigKeys (ConfUtils.java:logGet(46)) - raft.server.log.appender.buffer.byte-limit = 33554432 (custom)
2023-11-06 09:26:52,494 [4cee0e49-9f18-41f8-8e67-157ccbc15955@group-67654037FCFA-LeaderElection10] INFO  server.RaftServerConfigKeys (ConfUtils.java:logGet(46)) - raft.server.log.appender.buffer.element-limit = 1 (custom)
2023-11-06 09:26:52,494 [4cee0e49-9f18-41f8-8e67-157ccbc15955@group-67654037FCFA-LeaderElection10] INFO  server.RaftServerConfigKeys (ConfUtils.java:logGet(46)) - raft.server.log.appender.wait-time.min = 1ms (custom)
2023-11-06 09:26:52,494 [4cee0e49-9f18-41f8-8e67-157ccbc15955@group-67654037FCFA-LeaderElection10] INFO  grpc.GrpcConfigKeys (ConfUtils.java:logGet(46)) - raft.grpc.server.leader.outstanding.appends.max = 128 (default)
2023-11-06 09:26:52,499 [0eeb79a9-13fd-416c-b2a7-6f654c6b5029-server-thread2] INFO  server.RaftServer$Division (ServerState.java:setRaftConf(434)) - 0eeb79a9-13fd-416c-b2a7-6f654c6b5029@group-3E664A0854E0: set configuration 0: peers:[d9016e39-0130-4fd9-896a-cac3c2785d02|rpc:10.1.0.6:15032|admin:10.1.0.6:15031|client:10.1.0.6:15030|dataStream:10.1.0.6:15033|priority:1|startupRole:FOLLOWER, fedf11b8-0957-422e-880a-91cc26979c7a|rpc:10.1.0.6:15014|admin:10.1.0.6:15013|client:10.1.0.6:15012|dataStream:10.1.0.6:15015|priority:0|startupRole:FOLLOWER, 0eeb79a9-13fd-416c-b2a7-6f654c6b5029|rpc:10.1.0.6:15023|admin:10.1.0.6:15022|client:10.1.0.6:15021|dataStream:10.1.0.6:15024|priority:0|startupRole:FOLLOWER]|listeners:[], old=null
2023-11-06 09:26:52,500 [0eeb79a9-13fd-416c-b2a7-6f654c6b5029-server-thread2] INFO  segmented.SegmentedRaftLogWorker (SegmentedRaftLogWorker.java:startLogSegment(447)) - 0eeb79a9-13fd-416c-b2a7-6f654c6b5029@group-3E664A0854E0-SegmentedRaftLogWorker: Starting segment from index:0
2023-11-06 09:26:52,499 [4cee0e49-9f18-41f8-8e67-157ccbc15955@group-67654037FCFA-LeaderElection10] INFO  server.RaftServerConfigKeys (ConfUtils.java:logGet(46)) - raft.server.rpc.request.timeout = 60s (custom)
2023-11-06 09:26:52,500 [4cee0e49-9f18-41f8-8e67-157ccbc15955@group-67654037FCFA-LeaderElection10] INFO  grpc.GrpcConfigKeys (ConfUtils.java:logGet(46)) - raft.grpc.server.install_snapshot.request.element-limit = 8 (default)
2023-11-06 09:26:52,500 [4cee0e49-9f18-41f8-8e67-157ccbc15955@group-67654037FCFA-LeaderElection10] INFO  grpc.GrpcConfigKeys (ConfUtils.java:logGet(46)) - raft.grpc.server.install_snapshot.request.timeout = 3000ms (default)
2023-11-06 09:26:52,500 [4cee0e49-9f18-41f8-8e67-157ccbc15955@group-67654037FCFA-LeaderElection10] INFO  server.RaftServerConfigKeys (ConfUtils.java:logGet(46)) - raft.server.log.appender.install.snapshot.enabled = false (custom)
2023-11-06 09:26:52,500 [4cee0e49-9f18-41f8-8e67-157ccbc15955@group-67654037FCFA-LeaderElection10] INFO  grpc.GrpcConfigKeys (ConfUtils.java:logGet(46)) - raft.grpc.server.heartbeat.channel = true (default)
2023-11-06 09:26:52,501 [0eeb79a9-13fd-416c-b2a7-6f654c6b5029@group-3E664A0854E0-SegmentedRaftLogWorker] INFO  segmented.SegmentedRaftLogWorker (SegmentedRaftLogWorker.java:execute(651)) - 0eeb79a9-13fd-416c-b2a7-6f654c6b5029@group-3E664A0854E0-SegmentedRaftLogWorker: created new log segment /home/runner/work/ozone/ozone/hadoop-ozone/integration-test/target/test-dir/MiniOzoneClusterImpl-938474ea-96d6-4bd3-a45f-678920fb0bb2/datanode-1/data/ratis/d6c272c6-0f48-426a-923d-3e664a0854e0/current/log_inprogress_0
2023-11-06 09:26:52,504 [4cee0e49-9f18-41f8-8e67-157ccbc15955@group-67654037FCFA-LeaderElection10] INFO  server.RaftServerConfigKeys (ConfUtils.java:logGet(46)) - raft.server.log.appender.snapshot.chunk.size.max = 16MB (=16777216) (default)
2023-11-06 09:26:52,505 [4cee0e49-9f18-41f8-8e67-157ccbc15955@group-67654037FCFA-LeaderElection10] INFO  server.RaftServerConfigKeys (ConfUtils.java:logGet(46)) - raft.server.log.appender.buffer.byte-limit = 33554432 (custom)
2023-11-06 09:26:52,505 [4cee0e49-9f18-41f8-8e67-157ccbc15955@group-67654037FCFA-LeaderElection10] INFO  server.RaftServerConfigKeys (ConfUtils.java:logGet(46)) - raft.server.log.appender.buffer.element-limit = 1 (custom)
2023-11-06 09:26:52,505 [4cee0e49-9f18-41f8-8e67-157ccbc15955@group-67654037FCFA-LeaderElection10] INFO  server.RaftServerConfigKeys (ConfUtils.java:logGet(46)) - raft.server.log.appender.wait-time.min = 1ms (custom)
2023-11-06 09:26:52,506 [4cee0e49-9f18-41f8-8e67-157ccbc15955@group-67654037FCFA-LeaderElection10] INFO  grpc.GrpcConfigKeys (ConfUtils.java:logGet(46)) - raft.grpc.server.leader.outstanding.appends.max = 128 (default)
2023-11-06 09:26:52,506 [4cee0e49-9f18-41f8-8e67-157ccbc15955@group-67654037FCFA-LeaderElection10] INFO  server.RaftServerConfigKeys (ConfUtils.java:logGet(46)) - raft.server.rpc.request.timeout = 60s (custom)
2023-11-06 09:26:52,506 [4cee0e49-9f18-41f8-8e67-157ccbc15955@group-67654037FCFA-LeaderElection10] INFO  grpc.GrpcConfigKeys (ConfUtils.java:logGet(46)) - raft.grpc.server.install_snapshot.request.element-limit = 8 (default)
2023-11-06 09:26:52,507 [4cee0e49-9f18-41f8-8e67-157ccbc15955@group-67654037FCFA-LeaderElection10] INFO  grpc.GrpcConfigKeys (ConfUtils.java:logGet(46)) - raft.grpc.server.install_snapshot.request.timeout = 3000ms (default)
2023-11-06 09:26:52,507 [4cee0e49-9f18-41f8-8e67-157ccbc15955@group-67654037FCFA-LeaderElection10] INFO  server.RaftServerConfigKeys (ConfUtils.java:logGet(46)) - raft.server.log.appender.install.snapshot.enabled = false (custom)
2023-11-06 09:26:52,507 [4cee0e49-9f18-41f8-8e67-157ccbc15955@group-67654037FCFA-LeaderElection10] INFO  grpc.GrpcConfigKeys (ConfUtils.java:logGet(46)) - raft.grpc.server.heartbeat.channel = true (default)
2023-11-06 09:26:52,508 [4cee0e49-9f18-41f8-8e67-157ccbc15955@group-67654037FCFA-LeaderElection10] INFO  impl.RoleInfo (RoleInfo.java:updateAndGet(139)) - 4cee0e49-9f18-41f8-8e67-157ccbc15955: start 4cee0e49-9f18-41f8-8e67-157ccbc15955@group-67654037FCFA-LeaderStateImpl
2023-11-06 09:26:52,508 [4cee0e49-9f18-41f8-8e67-157ccbc15955@group-67654037FCFA-LeaderElection10] INFO  segmented.SegmentedRaftLogWorker (SegmentedRaftLogWorker.java:startLogSegment(447)) - 4cee0e49-9f18-41f8-8e67-157ccbc15955@group-67654037FCFA-SegmentedRaftLogWorker: Starting segment from index:0
2023-11-06 09:26:52,510 [4cee0e49-9f18-41f8-8e67-157ccbc15955@group-67654037FCFA-SegmentedRaftLogWorker] INFO  segmented.SegmentedRaftLogWorker (SegmentedRaftLogWorker.java:execute(651)) - 4cee0e49-9f18-41f8-8e67-157ccbc15955@group-67654037FCFA-SegmentedRaftLogWorker: created new log segment /home/runner/work/ozone/ozone/hadoop-ozone/integration-test/target/test-dir/MiniOzoneClusterImpl-938474ea-96d6-4bd3-a45f-678920fb0bb2/datanode-4/data/ratis/20ad4e29-1d2c-4b5d-8722-67654037fcfa/current/log_inprogress_0
2023-11-06 09:26:52,528 [4cee0e49-9f18-41f8-8e67-157ccbc15955@group-67654037FCFA-LeaderElection10] INFO  server.RaftServer$Division (ServerState.java:setRaftConf(434)) - 4cee0e49-9f18-41f8-8e67-157ccbc15955@group-67654037FCFA: set configuration 0: peers:[fadd24ee-4463-4420-97cf-bdd350ad83ae|rpc:10.1.0.6:15041|admin:10.1.0.6:15040|client:10.1.0.6:15039|dataStream:10.1.0.6:15042|priority:0|startupRole:FOLLOWER, b7b1b697-3f82-4acb-89c8-f9bc2eccfa5a|rpc:10.1.0.6:15059|admin:10.1.0.6:15058|client:10.1.0.6:15057|dataStream:10.1.0.6:15060|priority:0|startupRole:FOLLOWER, 4cee0e49-9f18-41f8-8e67-157ccbc15955|rpc:10.1.0.6:15050|admin:10.1.0.6:15049|client:10.1.0.6:15048|dataStream:10.1.0.6:15051|priority:1|startupRole:FOLLOWER]|listeners:[], old=null
2023-11-06 09:26:52,530 [b7b1b697-3f82-4acb-89c8-f9bc2eccfa5a-server-thread1] INFO  ratis.XceiverServerRatis (XceiverServerRatis.java:handleLeaderChangedNotification(903)) - Leader change notification received for group: group-67654037FCFA with new leaderId: 4cee0e49-9f18-41f8-8e67-157ccbc15955
2023-11-06 09:26:52,530 [b7b1b697-3f82-4acb-89c8-f9bc2eccfa5a-server-thread1] INFO  server.RaftServer$Division (ServerState.java:setLeader(317)) - b7b1b697-3f82-4acb-89c8-f9bc2eccfa5a@group-67654037FCFA: change Leader from null to 4cee0e49-9f18-41f8-8e67-157ccbc15955 at term 1 for appendEntries, leader elected after 5263ms
2023-11-06 09:26:52,538 [fadd24ee-4463-4420-97cf-bdd350ad83ae-server-thread1] INFO  ratis.XceiverServerRatis (XceiverServerRatis.java:handleLeaderChangedNotification(903)) - Leader change notification received for group: group-67654037FCFA with new leaderId: 4cee0e49-9f18-41f8-8e67-157ccbc15955
2023-11-06 09:26:52,538 [fadd24ee-4463-4420-97cf-bdd350ad83ae-server-thread1] INFO  server.RaftServer$Division (ServerState.java:setLeader(317)) - fadd24ee-4463-4420-97cf-bdd350ad83ae@group-67654037FCFA: change Leader from null to 4cee0e49-9f18-41f8-8e67-157ccbc15955 at term 1 for appendEntries, leader elected after 5322ms
2023-11-06 09:26:52,548 [fadd24ee-4463-4420-97cf-bdd350ad83ae-server-thread2] INFO  server.RaftServer$Division (ServerState.java:setRaftConf(434)) - fadd24ee-4463-4420-97cf-bdd350ad83ae@group-67654037FCFA: set configuration 0: peers:[fadd24ee-4463-4420-97cf-bdd350ad83ae|rpc:10.1.0.6:15041|admin:10.1.0.6:15040|client:10.1.0.6:15039|dataStream:10.1.0.6:15042|priority:0|startupRole:FOLLOWER, b7b1b697-3f82-4acb-89c8-f9bc2eccfa5a|rpc:10.1.0.6:15059|admin:10.1.0.6:15058|client:10.1.0.6:15057|dataStream:10.1.0.6:15060|priority:0|startupRole:FOLLOWER, 4cee0e49-9f18-41f8-8e67-157ccbc15955|rpc:10.1.0.6:15050|admin:10.1.0.6:15049|client:10.1.0.6:15048|dataStream:10.1.0.6:15051|priority:1|startupRole:FOLLOWER]|listeners:[], old=null
2023-11-06 09:26:52,549 [fadd24ee-4463-4420-97cf-bdd350ad83ae-server-thread2] INFO  segmented.SegmentedRaftLogWorker (SegmentedRaftLogWorker.java:startLogSegment(447)) - fadd24ee-4463-4420-97cf-bdd350ad83ae@group-67654037FCFA-SegmentedRaftLogWorker: Starting segment from index:0
2023-11-06 09:26:52,549 [b7b1b697-3f82-4acb-89c8-f9bc2eccfa5a-server-thread2] INFO  server.RaftServer$Division (ServerState.java:setRaftConf(434)) - b7b1b697-3f82-4acb-89c8-f9bc2eccfa5a@group-67654037FCFA: set configuration 0: peers:[fadd24ee-4463-4420-97cf-bdd350ad83ae|rpc:10.1.0.6:15041|admin:10.1.0.6:15040|client:10.1.0.6:15039|dataStream:10.1.0.6:15042|priority:0|startupRole:FOLLOWER, b7b1b697-3f82-4acb-89c8-f9bc2eccfa5a|rpc:10.1.0.6:15059|admin:10.1.0.6:15058|client:10.1.0.6:15057|dataStream:10.1.0.6:15060|priority:0|startupRole:FOLLOWER, 4cee0e49-9f18-41f8-8e67-157ccbc15955|rpc:10.1.0.6:15050|admin:10.1.0.6:15049|client:10.1.0.6:15048|dataStream:10.1.0.6:15051|priority:1|startupRole:FOLLOWER]|listeners:[], old=null
2023-11-06 09:26:52,550 [b7b1b697-3f82-4acb-89c8-f9bc2eccfa5a-server-thread2] INFO  segmented.SegmentedRaftLogWorker (SegmentedRaftLogWorker.java:startLogSegment(447)) - b7b1b697-3f82-4acb-89c8-f9bc2eccfa5a@group-67654037FCFA-SegmentedRaftLogWorker: Starting segment from index:0
2023-11-06 09:26:52,550 [fadd24ee-4463-4420-97cf-bdd350ad83ae@group-67654037FCFA-SegmentedRaftLogWorker] INFO  segmented.SegmentedRaftLogWorker (SegmentedRaftLogWorker.java:execute(651)) - fadd24ee-4463-4420-97cf-bdd350ad83ae@group-67654037FCFA-SegmentedRaftLogWorker: created new log segment /home/runner/work/ozone/ozone/hadoop-ozone/integration-test/target/test-dir/MiniOzoneClusterImpl-938474ea-96d6-4bd3-a45f-678920fb0bb2/datanode-3/data/ratis/20ad4e29-1d2c-4b5d-8722-67654037fcfa/current/log_inprogress_0
2023-11-06 09:26:52,553 [b7b1b697-3f82-4acb-89c8-f9bc2eccfa5a@group-67654037FCFA-SegmentedRaftLogWorker] INFO  segmented.SegmentedRaftLogWorker (SegmentedRaftLogWorker.java:execute(651)) - b7b1b697-3f82-4acb-89c8-f9bc2eccfa5a@group-67654037FCFA-SegmentedRaftLogWorker: created new log segment /home/runner/work/ozone/ozone/hadoop-ozone/integration-test/target/test-dir/MiniOzoneClusterImpl-938474ea-96d6-4bd3-a45f-678920fb0bb2/datanode-5/data/ratis/20ad4e29-1d2c-4b5d-8722-67654037fcfa/current/log_inprogress_0
2023-11-06 09:26:52,565 [92ba0aed-1dcc-4895-b5bb-fc45f440be2e@group-B0F7BFBF7B06-FollowerState] INFO  impl.FollowerState (FollowerState.java:run(143)) - 92ba0aed-1dcc-4895-b5bb-fc45f440be2e@group-B0F7BFBF7B06-FollowerState: change to CANDIDATE, lastRpcElapsedTime:5200209614ns, electionTimeout:5198ms
2023-11-06 09:26:52,565 [92ba0aed-1dcc-4895-b5bb-fc45f440be2e@group-B0F7BFBF7B06-FollowerState] INFO  impl.RoleInfo (RoleInfo.java:shutdownFollowerState(110)) - 92ba0aed-1dcc-4895-b5bb-fc45f440be2e: shutdown 92ba0aed-1dcc-4895-b5bb-fc45f440be2e@group-B0F7BFBF7B06-FollowerState
2023-11-06 09:26:52,565 [92ba0aed-1dcc-4895-b5bb-fc45f440be2e@group-B0F7BFBF7B06-FollowerState] INFO  server.RaftServer$Division (RaftServerImpl.java:setRole(329)) - 92ba0aed-1dcc-4895-b5bb-fc45f440be2e@group-B0F7BFBF7B06: changes role from  FOLLOWER to CANDIDATE at term 0 for changeToCandidate
2023-11-06 09:26:52,567 [92ba0aed-1dcc-4895-b5bb-fc45f440be2e@group-B0F7BFBF7B06-FollowerState] INFO  server.RaftServerConfigKeys (ConfUtils.java:logGet(46)) - raft.server.leaderelection.pre-vote = true (default)
2023-11-06 09:26:52,579 [92ba0aed-1dcc-4895-b5bb-fc45f440be2e@group-B0F7BFBF7B06-FollowerState] INFO  impl.RoleInfo (RoleInfo.java:updateAndGet(139)) - 92ba0aed-1dcc-4895-b5bb-fc45f440be2e: start 92ba0aed-1dcc-4895-b5bb-fc45f440be2e@group-B0F7BFBF7B06-LeaderElection11
2023-11-06 09:26:52,587 [92ba0aed-1dcc-4895-b5bb-fc45f440be2e@group-B0F7BFBF7B06-LeaderElection11] INFO  impl.LeaderElection (LeaderElection.java:askForVotes(321)) - 92ba0aed-1dcc-4895-b5bb-fc45f440be2e@group-B0F7BFBF7B06-LeaderElection11 PRE_VOTE round 0: submit vote requests at term 0 for -1: peers:[92ba0aed-1dcc-4895-b5bb-fc45f440be2e|rpc:10.1.0.6:15068|admin:10.1.0.6:15067|client:10.1.0.6:15066|dataStream:10.1.0.6:15069|priority:1|startupRole:FOLLOWER]|listeners:[], old=null
2023-11-06 09:26:52,587 [92ba0aed-1dcc-4895-b5bb-fc45f440be2e@group-B0F7BFBF7B06-LeaderElection11] INFO  impl.LeaderElection (LeaderElection.java:askForVotes(323)) - 92ba0aed-1dcc-4895-b5bb-fc45f440be2e@group-B0F7BFBF7B06-LeaderElection11 PRE_VOTE round 0: result PASSED (term=0)
2023-11-06 09:26:52,588 [92ba0aed-1dcc-4895-b5bb-fc45f440be2e@group-B0F7BFBF7B06-LeaderElection11] INFO  impl.LeaderElection (LeaderElection.java:askForVotes(321)) - 92ba0aed-1dcc-4895-b5bb-fc45f440be2e@group-B0F7BFBF7B06-LeaderElection11 ELECTION round 0: submit vote requests at term 1 for -1: peers:[92ba0aed-1dcc-4895-b5bb-fc45f440be2e|rpc:10.1.0.6:15068|admin:10.1.0.6:15067|client:10.1.0.6:15066|dataStream:10.1.0.6:15069|priority:1|startupRole:FOLLOWER]|listeners:[], old=null
2023-11-06 09:26:52,589 [92ba0aed-1dcc-4895-b5bb-fc45f440be2e@group-B0F7BFBF7B06-LeaderElection11] INFO  impl.LeaderElection (LeaderElection.java:askForVotes(323)) - 92ba0aed-1dcc-4895-b5bb-fc45f440be2e@group-B0F7BFBF7B06-LeaderElection11 ELECTION round 0: result PASSED (term=1)
2023-11-06 09:26:52,589 [92ba0aed-1dcc-4895-b5bb-fc45f440be2e@group-B0F7BFBF7B06-LeaderElection11] INFO  impl.RoleInfo (RoleInfo.java:shutdownLeaderElection(130)) - 92ba0aed-1dcc-4895-b5bb-fc45f440be2e: shutdown 92ba0aed-1dcc-4895-b5bb-fc45f440be2e@group-B0F7BFBF7B06-LeaderElection11
2023-11-06 09:26:52,590 [92ba0aed-1dcc-4895-b5bb-fc45f440be2e@group-B0F7BFBF7B06-LeaderElection11] INFO  server.RaftServer$Division (RaftServerImpl.java:setRole(329)) - 92ba0aed-1dcc-4895-b5bb-fc45f440be2e@group-B0F7BFBF7B06: changes role from CANDIDATE to LEADER at term 1 for changeToLeader
2023-11-06 09:26:52,590 [92ba0aed-1dcc-4895-b5bb-fc45f440be2e@group-B0F7BFBF7B06-LeaderElection11] INFO  ratis.XceiverServerRatis (XceiverServerRatis.java:handleLeaderChangedNotification(903)) - Leader change notification received for group: group-B0F7BFBF7B06 with new leaderId: 92ba0aed-1dcc-4895-b5bb-fc45f440be2e
2023-11-06 09:26:52,592 [92ba0aed-1dcc-4895-b5bb-fc45f440be2e@group-B0F7BFBF7B06-LeaderElection11] INFO  server.RaftServer$Division (ServerState.java:setLeader(317)) - 92ba0aed-1dcc-4895-b5bb-fc45f440be2e@group-B0F7BFBF7B06: change Leader from null to 92ba0aed-1dcc-4895-b5bb-fc45f440be2e at term 1 for becomeLeader, leader elected after 5297ms
2023-11-06 09:26:52,592 [92ba0aed-1dcc-4895-b5bb-fc45f440be2e@group-DF79F62058F4-FollowerState] INFO  impl.FollowerState (FollowerState.java:run(143)) - 92ba0aed-1dcc-4895-b5bb-fc45f440be2e@group-DF79F62058F4-FollowerState: change to CANDIDATE, lastRpcElapsedTime:5184478949ns, electionTimeout:5183ms
2023-11-06 09:26:52,593 [92ba0aed-1dcc-4895-b5bb-fc45f440be2e@group-DF79F62058F4-FollowerState] INFO  impl.RoleInfo (RoleInfo.java:shutdownFollowerState(110)) - 92ba0aed-1dcc-4895-b5bb-fc45f440be2e: shutdown 92ba0aed-1dcc-4895-b5bb-fc45f440be2e@group-DF79F62058F4-FollowerState
2023-11-06 09:26:52,593 [92ba0aed-1dcc-4895-b5bb-fc45f440be2e@group-DF79F62058F4-FollowerState] INFO  server.RaftServer$Division (RaftServerImpl.java:setRole(329)) - 92ba0aed-1dcc-4895-b5bb-fc45f440be2e@group-DF79F62058F4: changes role from  FOLLOWER to CANDIDATE at term 0 for changeToCandidate
2023-11-06 09:26:52,593 [92ba0aed-1dcc-4895-b5bb-fc45f440be2e@group-DF79F62058F4-FollowerState] INFO  server.RaftServerConfigKeys (ConfUtils.java:logGet(46)) - raft.server.leaderelection.pre-vote = true (default)
2023-11-06 09:26:52,593 [92ba0aed-1dcc-4895-b5bb-fc45f440be2e@group-DF79F62058F4-FollowerState] INFO  impl.RoleInfo (RoleInfo.java:updateAndGet(139)) - 92ba0aed-1dcc-4895-b5bb-fc45f440be2e: start 92ba0aed-1dcc-4895-b5bb-fc45f440be2e@group-DF79F62058F4-LeaderElection12
2023-11-06 09:26:52,593 [92ba0aed-1dcc-4895-b5bb-fc45f440be2e@group-B0F7BFBF7B06-LeaderElection11] INFO  server.RaftServerConfigKeys (ConfUtils.java:logGet(46)) - raft.server.staging.catchup.gap = 1000 (default)
2023-11-06 09:26:52,606 [92ba0aed-1dcc-4895-b5bb-fc45f440be2e@group-DF79F62058F4-LeaderElection12] INFO  impl.LeaderElection (LeaderElection.java:askForVotes(321)) - 92ba0aed-1dcc-4895-b5bb-fc45f440be2e@group-DF79F62058F4-LeaderElection12 PRE_VOTE round 0: submit vote requests at term 0 for -1: peers:[92ba0aed-1dcc-4895-b5bb-fc45f440be2e|rpc:10.1.0.6:15068|admin:10.1.0.6:15067|client:10.1.0.6:15066|dataStream:10.1.0.6:15069|priority:0|startupRole:FOLLOWER, 18227f38-d602-4438-971e-c9cd287df9cb|rpc:10.1.0.6:15077|admin:10.1.0.6:15076|client:10.1.0.6:15075|dataStream:10.1.0.6:15078|priority:0|startupRole:FOLLOWER, 5f7d9b36-4620-4ba9-8a78-929bd6ddd1f9|rpc:10.1.0.6:15086|admin:10.1.0.6:15085|client:10.1.0.6:15084|dataStream:10.1.0.6:15087|priority:1|startupRole:FOLLOWER]|listeners:[], old=null
2023-11-06 09:26:52,607 [92ba0aed-1dcc-4895-b5bb-fc45f440be2e@group-B0F7BFBF7B06-LeaderElection11] INFO  server.RaftServerConfigKeys (ConfUtils.java:logGet(46)) - raft.server.write.element-limit = 1024 (custom)
2023-11-06 09:26:52,607 [92ba0aed-1dcc-4895-b5bb-fc45f440be2e@group-B0F7BFBF7B06-LeaderElection11] INFO  server.RaftServerConfigKeys (ConfUtils.java:logGet(46)) - raft.server.write.byte-limit = 1024 M (=1073741824) (custom)
2023-11-06 09:26:52,607 [92ba0aed-1dcc-4895-b5bb-fc45f440be2e@group-B0F7BFBF7B06-LeaderElection11] INFO  server.RaftServerConfigKeys (ConfUtils.java:logGet(46)) - raft.server.watch.timeout = 180s (custom)
2023-11-06 09:26:52,607 [92ba0aed-1dcc-4895-b5bb-fc45f440be2e@group-B0F7BFBF7B06-LeaderElection11] INFO  server.RaftServerConfigKeys (ConfUtils.java:logGet(46)) - raft.server.watch.timeout.denomination = 1s (default)
2023-11-06 09:26:52,607 [92ba0aed-1dcc-4895-b5bb-fc45f440be2e@group-B0F7BFBF7B06-LeaderElection11] INFO  server.RaftServerConfigKeys (ConfUtils.java:logGet(46)) - raft.server.watch.element-limit = 65536 (default)
2023-11-06 09:26:52,607 [92ba0aed-1dcc-4895-b5bb-fc45f440be2e@group-B0F7BFBF7B06-LeaderElection11] INFO  server.RaftServerConfigKeys (ConfUtils.java:logGet(46)) - raft.server.write.element-limit = 1024 (custom)
2023-11-06 09:26:52,607 [92ba0aed-1dcc-4895-b5bb-fc45f440be2e@group-B0F7BFBF7B06-LeaderElection11] INFO  server.RaftServerConfigKeys (ConfUtils.java:logGet(46)) - raft.server.write.follower.gap.ratio.max = -1.0 (default)
2023-11-06 09:26:52,607 [92ba0aed-1dcc-4895-b5bb-fc45f440be2e@group-DF79F62058F4-LeaderElection12] INFO  server.RaftServerConfigKeys (ConfUtils.java:logFallback(53)) - raft.server.rpc.first-election.timeout.min = 5s (fallback to raft.server.rpc.timeout.min)
2023-11-06 09:26:52,607 [92ba0aed-1dcc-4895-b5bb-fc45f440be2e@group-B0F7BFBF7B06-LeaderElection11] INFO  impl.RoleInfo (RoleInfo.java:updateAndGet(139)) - 92ba0aed-1dcc-4895-b5bb-fc45f440be2e: start 92ba0aed-1dcc-4895-b5bb-fc45f440be2e@group-B0F7BFBF7B06-LeaderStateImpl
2023-11-06 09:26:52,607 [92ba0aed-1dcc-4895-b5bb-fc45f440be2e@group-DF79F62058F4-LeaderElection12] INFO  server.RaftServerConfigKeys (ConfUtils.java:logFallback(53)) - raft.server.rpc.first-election.timeout.max = 5200ms (fallback to raft.server.rpc.timeout.max)
2023-11-06 09:26:52,607 [92ba0aed-1dcc-4895-b5bb-fc45f440be2e@group-B0F7BFBF7B06-LeaderElection11] INFO  segmented.SegmentedRaftLogWorker (SegmentedRaftLogWorker.java:startLogSegment(447)) - 92ba0aed-1dcc-4895-b5bb-fc45f440be2e@group-B0F7BFBF7B06-SegmentedRaftLogWorker: Starting segment from index:0
2023-11-06 09:26:52,607 [92ba0aed-1dcc-4895-b5bb-fc45f440be2e@group-DF79F62058F4-LeaderElection12-1] INFO  server.GrpcServerProtocolClient (GrpcServerProtocolClient.java:<init>(65)) - Build channel for 18227f38-d602-4438-971e-c9cd287df9cb
2023-11-06 09:26:52,609 [92ba0aed-1dcc-4895-b5bb-fc45f440be2e@group-B0F7BFBF7B06-SegmentedRaftLogWorker] INFO  segmented.SegmentedRaftLogWorker (SegmentedRaftLogWorker.java:execute(651)) - 92ba0aed-1dcc-4895-b5bb-fc45f440be2e@group-B0F7BFBF7B06-SegmentedRaftLogWorker: created new log segment /home/runner/work/ozone/ozone/hadoop-ozone/integration-test/target/test-dir/MiniOzoneClusterImpl-938474ea-96d6-4bd3-a45f-678920fb0bb2/datanode-6/data/ratis/4f521251-8ca6-43fd-aabb-b0f7bfbf7b06/current/log_inprogress_0
2023-11-06 09:26:52,620 [92ba0aed-1dcc-4895-b5bb-fc45f440be2e@group-B0F7BFBF7B06-LeaderElection11] INFO  server.RaftServer$Division (ServerState.java:setRaftConf(434)) - 92ba0aed-1dcc-4895-b5bb-fc45f440be2e@group-B0F7BFBF7B06: set configuration 0: peers:[92ba0aed-1dcc-4895-b5bb-fc45f440be2e|rpc:10.1.0.6:15068|admin:10.1.0.6:15067|client:10.1.0.6:15066|dataStream:10.1.0.6:15069|priority:1|startupRole:FOLLOWER]|listeners:[], old=null
2023-11-06 09:26:52,621 [92ba0aed-1dcc-4895-b5bb-fc45f440be2e@group-DF79F62058F4-LeaderElection12-2] INFO  server.GrpcServerProtocolClient (GrpcServerProtocolClient.java:<init>(65)) - Build channel for 5f7d9b36-4620-4ba9-8a78-929bd6ddd1f9
2023-11-06 09:26:52,627 [grpc-default-executor-5] INFO  server.RaftServer$Division (RaftServerImpl.java:requestVote(1302)) - 18227f38-d602-4438-971e-c9cd287df9cb@group-DF79F62058F4: receive requestVote(PRE_VOTE, 92ba0aed-1dcc-4895-b5bb-fc45f440be2e, group-DF79F62058F4, 0, (t:0, i:0))
2023-11-06 09:26:52,627 [grpc-default-executor-5] INFO  impl.VoteContext (VoteContext.java:log(49)) - 18227f38-d602-4438-971e-c9cd287df9cb@group-DF79F62058F4-FOLLOWER: accept PRE_VOTE from 92ba0aed-1dcc-4895-b5bb-fc45f440be2e: our priority 0 <= candidate's priority 0
2023-11-06 09:26:52,627 [grpc-default-executor-5] INFO  server.RaftServer$Division (RaftServerImpl.java:requestVote(1335)) - 18227f38-d602-4438-971e-c9cd287df9cb@group-DF79F62058F4 replies to PRE_VOTE vote request: 92ba0aed-1dcc-4895-b5bb-fc45f440be2e<-18227f38-d602-4438-971e-c9cd287df9cb#0:OK-t0. Peer's state: 18227f38-d602-4438-971e-c9cd287df9cb@group-DF79F62058F4:t0, leader=null, voted=, raftlog=Memoized:18227f38-d602-4438-971e-c9cd287df9cb@group-DF79F62058F4-SegmentedRaftLog:OPENED:c-1, conf=-1: peers:[92ba0aed-1dcc-4895-b5bb-fc45f440be2e|rpc:10.1.0.6:15068|admin:10.1.0.6:15067|client:10.1.0.6:15066|dataStream:10.1.0.6:15069|priority:0|startupRole:FOLLOWER, 18227f38-d602-4438-971e-c9cd287df9cb|rpc:10.1.0.6:15077|admin:10.1.0.6:15076|client:10.1.0.6:15075|dataStream:10.1.0.6:15078|priority:0|startupRole:FOLLOWER, 5f7d9b36-4620-4ba9-8a78-929bd6ddd1f9|rpc:10.1.0.6:15086|admin:10.1.0.6:15085|client:10.1.0.6:15084|dataStream:10.1.0.6:15087|priority:1|startupRole:FOLLOWER]|listeners:[], old=null
2023-11-06 09:26:52,636 [grpc-default-executor-5] INFO  server.RaftServer$Division (RaftServerImpl.java:requestVote(1302)) - 5f7d9b36-4620-4ba9-8a78-929bd6ddd1f9@group-DF79F62058F4: receive requestVote(PRE_VOTE, 92ba0aed-1dcc-4895-b5bb-fc45f440be2e, group-DF79F62058F4, 0, (t:0, i:0))
2023-11-06 09:26:52,636 [grpc-default-executor-5] INFO  impl.VoteContext (VoteContext.java:log(49)) - 5f7d9b36-4620-4ba9-8a78-929bd6ddd1f9@group-DF79F62058F4-FOLLOWER: reject PRE_VOTE from 92ba0aed-1dcc-4895-b5bb-fc45f440be2e: our priority 1 > candidate's priority 0
2023-11-06 09:26:52,636 [grpc-default-executor-5] INFO  server.RaftServer$Division (RaftServerImpl.java:requestVote(1335)) - 5f7d9b36-4620-4ba9-8a78-929bd6ddd1f9@group-DF79F62058F4 replies to PRE_VOTE vote request: 92ba0aed-1dcc-4895-b5bb-fc45f440be2e<-5f7d9b36-4620-4ba9-8a78-929bd6ddd1f9#0:FAIL-t0. Peer's state: 5f7d9b36-4620-4ba9-8a78-929bd6ddd1f9@group-DF79F62058F4:t0, leader=null, voted=, raftlog=Memoized:5f7d9b36-4620-4ba9-8a78-929bd6ddd1f9@group-DF79F62058F4-SegmentedRaftLog:OPENED:c-1, conf=-1: peers:[92ba0aed-1dcc-4895-b5bb-fc45f440be2e|rpc:10.1.0.6:15068|admin:10.1.0.6:15067|client:10.1.0.6:15066|dataStream:10.1.0.6:15069|priority:0|startupRole:FOLLOWER, 18227f38-d602-4438-971e-c9cd287df9cb|rpc:10.1.0.6:15077|admin:10.1.0.6:15076|client:10.1.0.6:15075|dataStream:10.1.0.6:15078|priority:0|startupRole:FOLLOWER, 5f7d9b36-4620-4ba9-8a78-929bd6ddd1f9|rpc:10.1.0.6:15086|admin:10.1.0.6:15085|client:10.1.0.6:15084|dataStream:10.1.0.6:15087|priority:1|startupRole:FOLLOWER]|listeners:[], old=null
2023-11-06 09:26:52,642 [92ba0aed-1dcc-4895-b5bb-fc45f440be2e@group-DF79F62058F4-LeaderElection12] INFO  impl.LeaderElection (LeaderElection.java:logAndReturn(90)) - 92ba0aed-1dcc-4895-b5bb-fc45f440be2e@group-DF79F62058F4-LeaderElection12: PRE_VOTE REJECTED received 2 response(s) and 0 exception(s):
2023-11-06 09:26:52,642 [92ba0aed-1dcc-4895-b5bb-fc45f440be2e@group-DF79F62058F4-LeaderElection12] INFO  impl.LeaderElection (LeaderElection.java:logAndReturn(94)) -   Response 0: 92ba0aed-1dcc-4895-b5bb-fc45f440be2e<-18227f38-d602-4438-971e-c9cd287df9cb#0:OK-t0
2023-11-06 09:26:52,642 [92ba0aed-1dcc-4895-b5bb-fc45f440be2e@group-DF79F62058F4-LeaderElection12] INFO  impl.LeaderElection (LeaderElection.java:logAndReturn(94)) -   Response 1: 92ba0aed-1dcc-4895-b5bb-fc45f440be2e<-5f7d9b36-4620-4ba9-8a78-929bd6ddd1f9#0:FAIL-t0
2023-11-06 09:26:52,642 [92ba0aed-1dcc-4895-b5bb-fc45f440be2e@group-DF79F62058F4-LeaderElection12] INFO  impl.LeaderElection (LeaderElection.java:askForVotes(323)) - 92ba0aed-1dcc-4895-b5bb-fc45f440be2e@group-DF79F62058F4-LeaderElection12 PRE_VOTE round 0: result REJECTED
2023-11-06 09:26:52,642 [92ba0aed-1dcc-4895-b5bb-fc45f440be2e@group-DF79F62058F4-LeaderElection12] INFO  server.RaftServer$Division (RaftServerImpl.java:setRole(329)) - 92ba0aed-1dcc-4895-b5bb-fc45f440be2e@group-DF79F62058F4: changes role from CANDIDATE to FOLLOWER at term 0 for REJECTED
2023-11-06 09:26:52,642 [92ba0aed-1dcc-4895-b5bb-fc45f440be2e@group-DF79F62058F4-LeaderElection12] INFO  impl.RoleInfo (RoleInfo.java:shutdownLeaderElection(130)) - 92ba0aed-1dcc-4895-b5bb-fc45f440be2e: shutdown 92ba0aed-1dcc-4895-b5bb-fc45f440be2e@group-DF79F62058F4-LeaderElection12
2023-11-06 09:26:52,642 [92ba0aed-1dcc-4895-b5bb-fc45f440be2e@group-DF79F62058F4-LeaderElection12] INFO  impl.RoleInfo (RoleInfo.java:updateAndGet(139)) - 92ba0aed-1dcc-4895-b5bb-fc45f440be2e: start 92ba0aed-1dcc-4895-b5bb-fc45f440be2e@group-DF79F62058F4-FollowerState
2023-11-06 09:26:52,911 [18227f38-d602-4438-971e-c9cd287df9cb@group-A7771FB2EC2A-FollowerState] INFO  impl.FollowerState (FollowerState.java:run(143)) - 18227f38-d602-4438-971e-c9cd287df9cb@group-A7771FB2EC2A-FollowerState: change to CANDIDATE, lastRpcElapsedTime:5012097450ns, electionTimeout:5010ms
2023-11-06 09:26:52,912 [18227f38-d602-4438-971e-c9cd287df9cb@group-A7771FB2EC2A-FollowerState] INFO  impl.RoleInfo (RoleInfo.java:shutdownFollowerState(110)) - 18227f38-d602-4438-971e-c9cd287df9cb: shutdown 18227f38-d602-4438-971e-c9cd287df9cb@group-A7771FB2EC2A-FollowerState
2023-11-06 09:26:52,912 [18227f38-d602-4438-971e-c9cd287df9cb@group-A7771FB2EC2A-FollowerState] INFO  server.RaftServer$Division (RaftServerImpl.java:setRole(329)) - 18227f38-d602-4438-971e-c9cd287df9cb@group-A7771FB2EC2A: changes role from  FOLLOWER to CANDIDATE at term 0 for changeToCandidate
2023-11-06 09:26:52,912 [18227f38-d602-4438-971e-c9cd287df9cb@group-A7771FB2EC2A-FollowerState] INFO  server.RaftServerConfigKeys (ConfUtils.java:logGet(46)) - raft.server.leaderelection.pre-vote = true (default)
2023-11-06 09:26:52,912 [18227f38-d602-4438-971e-c9cd287df9cb@group-A7771FB2EC2A-FollowerState] INFO  impl.RoleInfo (RoleInfo.java:updateAndGet(139)) - 18227f38-d602-4438-971e-c9cd287df9cb: start 18227f38-d602-4438-971e-c9cd287df9cb@group-A7771FB2EC2A-LeaderElection13
2023-11-06 09:26:52,916 [18227f38-d602-4438-971e-c9cd287df9cb@group-A7771FB2EC2A-LeaderElection13] INFO  impl.LeaderElection (LeaderElection.java:askForVotes(321)) - 18227f38-d602-4438-971e-c9cd287df9cb@group-A7771FB2EC2A-LeaderElection13 PRE_VOTE round 0: submit vote requests at term 0 for -1: peers:[18227f38-d602-4438-971e-c9cd287df9cb|rpc:10.1.0.6:15077|admin:10.1.0.6:15076|client:10.1.0.6:15075|dataStream:10.1.0.6:15078|priority:1|startupRole:FOLLOWER]|listeners:[], old=null
2023-11-06 09:26:52,916 [18227f38-d602-4438-971e-c9cd287df9cb@group-A7771FB2EC2A-LeaderElection13] INFO  impl.LeaderElection (LeaderElection.java:askForVotes(323)) - 18227f38-d602-4438-971e-c9cd287df9cb@group-A7771FB2EC2A-LeaderElection13 PRE_VOTE round 0: result PASSED (term=0)
2023-11-06 09:26:52,918 [18227f38-d602-4438-971e-c9cd287df9cb@group-A7771FB2EC2A-LeaderElection13] INFO  impl.LeaderElection (LeaderElection.java:askForVotes(321)) - 18227f38-d602-4438-971e-c9cd287df9cb@group-A7771FB2EC2A-LeaderElection13 ELECTION round 0: submit vote requests at term 1 for -1: peers:[18227f38-d602-4438-971e-c9cd287df9cb|rpc:10.1.0.6:15077|admin:10.1.0.6:15076|client:10.1.0.6:15075|dataStream:10.1.0.6:15078|priority:1|startupRole:FOLLOWER]|listeners:[], old=null
2023-11-06 09:26:52,918 [18227f38-d602-4438-971e-c9cd287df9cb@group-A7771FB2EC2A-LeaderElection13] INFO  impl.LeaderElection (LeaderElection.java:askForVotes(323)) - 18227f38-d602-4438-971e-c9cd287df9cb@group-A7771FB2EC2A-LeaderElection13 ELECTION round 0: result PASSED (term=1)
2023-11-06 09:26:52,918 [18227f38-d602-4438-971e-c9cd287df9cb@group-A7771FB2EC2A-LeaderElection13] INFO  impl.RoleInfo (RoleInfo.java:shutdownLeaderElection(130)) - 18227f38-d602-4438-971e-c9cd287df9cb: shutdown 18227f38-d602-4438-971e-c9cd287df9cb@group-A7771FB2EC2A-LeaderElection13
2023-11-06 09:26:52,918 [18227f38-d602-4438-971e-c9cd287df9cb@group-A7771FB2EC2A-LeaderElection13] INFO  server.RaftServer$Division (RaftServerImpl.java:setRole(329)) - 18227f38-d602-4438-971e-c9cd287df9cb@group-A7771FB2EC2A: changes role from CANDIDATE to LEADER at term 1 for changeToLeader
2023-11-06 09:26:52,918 [18227f38-d602-4438-971e-c9cd287df9cb@group-A7771FB2EC2A-LeaderElection13] INFO  ratis.XceiverServerRatis (XceiverServerRatis.java:handleLeaderChangedNotification(903)) - Leader change notification received for group: group-A7771FB2EC2A with new leaderId: 18227f38-d602-4438-971e-c9cd287df9cb
2023-11-06 09:26:52,919 [18227f38-d602-4438-971e-c9cd287df9cb@group-A7771FB2EC2A-LeaderElection13] INFO  server.RaftServer$Division (ServerState.java:setLeader(317)) - 18227f38-d602-4438-971e-c9cd287df9cb@group-A7771FB2EC2A: change Leader from null to 18227f38-d602-4438-971e-c9cd287df9cb at term 1 for becomeLeader, leader elected after 5447ms
2023-11-06 09:26:52,919 [18227f38-d602-4438-971e-c9cd287df9cb@group-A7771FB2EC2A-LeaderElection13] INFO  server.RaftServerConfigKeys (ConfUtils.java:logGet(46)) - raft.server.staging.catchup.gap = 1000 (default)
2023-11-06 09:26:52,919 [18227f38-d602-4438-971e-c9cd287df9cb@group-A7771FB2EC2A-LeaderElection13] INFO  server.RaftServerConfigKeys (ConfUtils.java:logGet(46)) - raft.server.write.element-limit = 1024 (custom)
2023-11-06 09:26:52,919 [18227f38-d602-4438-971e-c9cd287df9cb@group-A7771FB2EC2A-LeaderElection13] INFO  server.RaftServerConfigKeys (ConfUtils.java:logGet(46)) - raft.server.write.byte-limit = 1024 M (=1073741824) (custom)
2023-11-06 09:26:52,920 [18227f38-d602-4438-971e-c9cd287df9cb@group-A7771FB2EC2A-LeaderElection13] INFO  server.RaftServerConfigKeys (ConfUtils.java:logGet(46)) - raft.server.watch.timeout = 180s (custom)
2023-11-06 09:26:52,920 [18227f38-d602-4438-971e-c9cd287df9cb@group-A7771FB2EC2A-LeaderElection13] INFO  server.RaftServerConfigKeys (ConfUtils.java:logGet(46)) - raft.server.watch.timeout.denomination = 1s (default)
2023-11-06 09:26:52,920 [18227f38-d602-4438-971e-c9cd287df9cb@group-A7771FB2EC2A-LeaderElection13] INFO  server.RaftServerConfigKeys (ConfUtils.java:logGet(46)) - raft.server.watch.element-limit = 65536 (default)
2023-11-06 09:26:52,920 [18227f38-d602-4438-971e-c9cd287df9cb@group-A7771FB2EC2A-LeaderElection13] INFO  server.RaftServerConfigKeys (ConfUtils.java:logGet(46)) - raft.server.write.element-limit = 1024 (custom)
2023-11-06 09:26:52,920 [18227f38-d602-4438-971e-c9cd287df9cb@group-A7771FB2EC2A-LeaderElection13] INFO  server.RaftServerConfigKeys (ConfUtils.java:logGet(46)) - raft.server.write.follower.gap.ratio.max = -1.0 (default)
2023-11-06 09:26:52,920 [18227f38-d602-4438-971e-c9cd287df9cb@group-A7771FB2EC2A-LeaderElection13] INFO  impl.RoleInfo (RoleInfo.java:updateAndGet(139)) - 18227f38-d602-4438-971e-c9cd287df9cb: start 18227f38-d602-4438-971e-c9cd287df9cb@group-A7771FB2EC2A-LeaderStateImpl
2023-11-06 09:26:52,921 [18227f38-d602-4438-971e-c9cd287df9cb@group-A7771FB2EC2A-LeaderElection13] INFO  segmented.SegmentedRaftLogWorker (SegmentedRaftLogWorker.java:startLogSegment(447)) - 18227f38-d602-4438-971e-c9cd287df9cb@group-A7771FB2EC2A-SegmentedRaftLogWorker: Starting segment from index:0
2023-11-06 09:26:52,922 [18227f38-d602-4438-971e-c9cd287df9cb@group-A7771FB2EC2A-SegmentedRaftLogWorker] INFO  segmented.SegmentedRaftLogWorker (SegmentedRaftLogWorker.java:execute(651)) - 18227f38-d602-4438-971e-c9cd287df9cb@group-A7771FB2EC2A-SegmentedRaftLogWorker: created new log segment /home/runner/work/ozone/ozone/hadoop-ozone/integration-test/target/test-dir/MiniOzoneClusterImpl-938474ea-96d6-4bd3-a45f-678920fb0bb2/datanode-7/data/ratis/a51bd1de-1284-4ef0-b707-a7771fb2ec2a/current/log_inprogress_0
2023-11-06 09:26:52,924 [18227f38-d602-4438-971e-c9cd287df9cb@group-A7771FB2EC2A-LeaderElection13] INFO  server.RaftServer$Division (ServerState.java:setRaftConf(434)) - 18227f38-d602-4438-971e-c9cd287df9cb@group-A7771FB2EC2A: set configuration 0: peers:[18227f38-d602-4438-971e-c9cd287df9cb|rpc:10.1.0.6:15077|admin:10.1.0.6:15076|client:10.1.0.6:15075|dataStream:10.1.0.6:15078|priority:1|startupRole:FOLLOWER]|listeners:[], old=null
2023-11-06 09:26:53,038 [main] INFO  ozone.MiniOzoneClusterImpl (MiniOzoneClusterImpl.java:lambda$waitForClusterToBeReady$0(229)) - Nodes are ready. Got 10 of 10 DN Heartbeats.
2023-11-06 09:26:53,039 [main] INFO  ozone.MiniOzoneClusterImpl (MiniOzoneClusterImpl.java:lambda$waitForClusterToBeReady$0(232)) - Cluster exits safe mode
2023-11-06 09:26:53,039 [main] INFO  ozone.MiniOzoneClusterImpl (MiniOzoneClusterImpl.java:lambda$waitForClusterToBeReady$0(234)) - SCM became leader
2023-11-06 09:26:53,113 [5f7d9b36-4620-4ba9-8a78-929bd6ddd1f9@group-B6DCA21AE844-FollowerState] INFO  impl.FollowerState (FollowerState.java:run(143)) - 5f7d9b36-4620-4ba9-8a78-929bd6ddd1f9@group-B6DCA21AE844-FollowerState: change to CANDIDATE, lastRpcElapsedTime:5094614305ns, electionTimeout:5076ms
2023-11-06 09:26:53,113 [5f7d9b36-4620-4ba9-8a78-929bd6ddd1f9@group-B6DCA21AE844-FollowerState] INFO  impl.RoleInfo (RoleInfo.java:shutdownFollowerState(110)) - 5f7d9b36-4620-4ba9-8a78-929bd6ddd1f9: shutdown 5f7d9b36-4620-4ba9-8a78-929bd6ddd1f9@group-B6DCA21AE844-FollowerState
2023-11-06 09:26:53,113 [5f7d9b36-4620-4ba9-8a78-929bd6ddd1f9@group-B6DCA21AE844-FollowerState] INFO  server.RaftServer$Division (RaftServerImpl.java:setRole(329)) - 5f7d9b36-4620-4ba9-8a78-929bd6ddd1f9@group-B6DCA21AE844: changes role from  FOLLOWER to CANDIDATE at term 0 for changeToCandidate
2023-11-06 09:26:53,113 [5f7d9b36-4620-4ba9-8a78-929bd6ddd1f9@group-B6DCA21AE844-FollowerState] INFO  server.RaftServerConfigKeys (ConfUtils.java:logGet(46)) - raft.server.leaderelection.pre-vote = true (default)
2023-11-06 09:26:53,113 [5f7d9b36-4620-4ba9-8a78-929bd6ddd1f9@group-B6DCA21AE844-FollowerState] INFO  impl.RoleInfo (RoleInfo.java:updateAndGet(139)) - 5f7d9b36-4620-4ba9-8a78-929bd6ddd1f9: start 5f7d9b36-4620-4ba9-8a78-929bd6ddd1f9@group-B6DCA21AE844-LeaderElection14
2023-11-06 09:26:53,114 [0e92623e-4dcf-4eff-ae25-f8b8c2de319b@group-D7F06CC11252-FollowerState] INFO  impl.FollowerState (FollowerState.java:run(143)) - 0e92623e-4dcf-4eff-ae25-f8b8c2de319b@group-D7F06CC11252-FollowerState: change to CANDIDATE, lastRpcElapsedTime:5085434357ns, electionTimeout:5053ms
2023-11-06 09:26:53,114 [0e92623e-4dcf-4eff-ae25-f8b8c2de319b@group-D7F06CC11252-FollowerState] INFO  impl.RoleInfo (RoleInfo.java:shutdownFollowerState(110)) - 0e92623e-4dcf-4eff-ae25-f8b8c2de319b: shutdown 0e92623e-4dcf-4eff-ae25-f8b8c2de319b@group-D7F06CC11252-FollowerState
2023-11-06 09:26:53,114 [0e92623e-4dcf-4eff-ae25-f8b8c2de319b@group-D7F06CC11252-FollowerState] INFO  server.RaftServer$Division (RaftServerImpl.java:setRole(329)) - 0e92623e-4dcf-4eff-ae25-f8b8c2de319b@group-D7F06CC11252: changes role from  FOLLOWER to CANDIDATE at term 0 for changeToCandidate
2023-11-06 09:26:53,122 [5f7d9b36-4620-4ba9-8a78-929bd6ddd1f9@group-B6DCA21AE844-LeaderElection14] INFO  impl.LeaderElection (LeaderElection.java:askForVotes(321)) - 5f7d9b36-4620-4ba9-8a78-929bd6ddd1f9@group-B6DCA21AE844-LeaderElection14 PRE_VOTE round 0: submit vote requests at term 0 for -1: peers:[5f7d9b36-4620-4ba9-8a78-929bd6ddd1f9|rpc:10.1.0.6:15086|admin:10.1.0.6:15085|client:10.1.0.6:15084|dataStream:10.1.0.6:15087|priority:1|startupRole:FOLLOWER]|listeners:[], old=null
2023-11-06 09:26:53,122 [5f7d9b36-4620-4ba9-8a78-929bd6ddd1f9@group-B6DCA21AE844-LeaderElection14] INFO  impl.LeaderElection (LeaderElection.java:askForVotes(323)) - 5f7d9b36-4620-4ba9-8a78-929bd6ddd1f9@group-B6DCA21AE844-LeaderElection14 PRE_VOTE round 0: result PASSED (term=0)
2023-11-06 09:26:53,122 [0e92623e-4dcf-4eff-ae25-f8b8c2de319b@group-D7F06CC11252-FollowerState] INFO  server.RaftServerConfigKeys (ConfUtils.java:logGet(46)) - raft.server.leaderelection.pre-vote = true (default)
2023-11-06 09:26:53,122 [0e92623e-4dcf-4eff-ae25-f8b8c2de319b@group-D7F06CC11252-FollowerState] INFO  impl.RoleInfo (RoleInfo.java:updateAndGet(139)) - 0e92623e-4dcf-4eff-ae25-f8b8c2de319b: start 0e92623e-4dcf-4eff-ae25-f8b8c2de319b@group-D7F06CC11252-LeaderElection15
2023-11-06 09:26:53,123 [5f7d9b36-4620-4ba9-8a78-929bd6ddd1f9@group-B6DCA21AE844-LeaderElection14] INFO  impl.LeaderElection (LeaderElection.java:askForVotes(321)) - 5f7d9b36-4620-4ba9-8a78-929bd6ddd1f9@group-B6DCA21AE844-LeaderElection14 ELECTION round 0: submit vote requests at term 1 for -1: peers:[5f7d9b36-4620-4ba9-8a78-929bd6ddd1f9|rpc:10.1.0.6:15086|admin:10.1.0.6:15085|client:10.1.0.6:15084|dataStream:10.1.0.6:15087|priority:1|startupRole:FOLLOWER]|listeners:[], old=null
2023-11-06 09:26:53,123 [5f7d9b36-4620-4ba9-8a78-929bd6ddd1f9@group-B6DCA21AE844-LeaderElection14] INFO  impl.LeaderElection (LeaderElection.java:askForVotes(323)) - 5f7d9b36-4620-4ba9-8a78-929bd6ddd1f9@group-B6DCA21AE844-LeaderElection14 ELECTION round 0: result PASSED (term=1)
2023-11-06 09:26:53,123 [5f7d9b36-4620-4ba9-8a78-929bd6ddd1f9@group-B6DCA21AE844-LeaderElection14] INFO  impl.RoleInfo (RoleInfo.java:shutdownLeaderElection(130)) - 5f7d9b36-4620-4ba9-8a78-929bd6ddd1f9: shutdown 5f7d9b36-4620-4ba9-8a78-929bd6ddd1f9@group-B6DCA21AE844-LeaderElection14
2023-11-06 09:26:53,123 [5f7d9b36-4620-4ba9-8a78-929bd6ddd1f9@group-B6DCA21AE844-LeaderElection14] INFO  server.RaftServer$Division (RaftServerImpl.java:setRole(329)) - 5f7d9b36-4620-4ba9-8a78-929bd6ddd1f9@group-B6DCA21AE844: changes role from CANDIDATE to LEADER at term 1 for changeToLeader
2023-11-06 09:26:53,123 [5f7d9b36-4620-4ba9-8a78-929bd6ddd1f9@group-B6DCA21AE844-LeaderElection14] INFO  ratis.XceiverServerRatis (XceiverServerRatis.java:handleLeaderChangedNotification(903)) - Leader change notification received for group: group-B6DCA21AE844 with new leaderId: 5f7d9b36-4620-4ba9-8a78-929bd6ddd1f9
2023-11-06 09:26:53,125 [5f7d9b36-4620-4ba9-8a78-929bd6ddd1f9@group-B6DCA21AE844-LeaderElection14] INFO  server.RaftServer$Division (ServerState.java:setLeader(317)) - 5f7d9b36-4620-4ba9-8a78-929bd6ddd1f9@group-B6DCA21AE844: change Leader from null to 5f7d9b36-4620-4ba9-8a78-929bd6ddd1f9 at term 1 for becomeLeader, leader elected after 5216ms
2023-11-06 09:26:53,126 [5f7d9b36-4620-4ba9-8a78-929bd6ddd1f9@group-B6DCA21AE844-LeaderElection14] INFO  server.RaftServerConfigKeys (ConfUtils.java:logGet(46)) - raft.server.staging.catchup.gap = 1000 (default)
2023-11-06 09:26:53,126 [5f7d9b36-4620-4ba9-8a78-929bd6ddd1f9@group-B6DCA21AE844-LeaderElection14] INFO  server.RaftServerConfigKeys (ConfUtils.java:logGet(46)) - raft.server.write.element-limit = 1024 (custom)
2023-11-06 09:26:53,126 [5f7d9b36-4620-4ba9-8a78-929bd6ddd1f9@group-B6DCA21AE844-LeaderElection14] INFO  server.RaftServerConfigKeys (ConfUtils.java:logGet(46)) - raft.server.write.byte-limit = 1024 M (=1073741824) (custom)
2023-11-06 09:26:53,127 [5f7d9b36-4620-4ba9-8a78-929bd6ddd1f9@group-B6DCA21AE844-LeaderElection14] INFO  server.RaftServerConfigKeys (ConfUtils.java:logGet(46)) - raft.server.watch.timeout = 180s (custom)
2023-11-06 09:26:53,127 [5f7d9b36-4620-4ba9-8a78-929bd6ddd1f9@group-B6DCA21AE844-LeaderElection14] INFO  server.RaftServerConfigKeys (ConfUtils.java:logGet(46)) - raft.server.watch.timeout.denomination = 1s (default)
2023-11-06 09:26:53,127 [5f7d9b36-4620-4ba9-8a78-929bd6ddd1f9@group-B6DCA21AE844-LeaderElection14] INFO  server.RaftServerConfigKeys (ConfUtils.java:logGet(46)) - raft.server.watch.element-limit = 65536 (default)
2023-11-06 09:26:53,127 [5f7d9b36-4620-4ba9-8a78-929bd6ddd1f9@group-B6DCA21AE844-LeaderElection14] INFO  server.RaftServerConfigKeys (ConfUtils.java:logGet(46)) - raft.server.write.element-limit = 1024 (custom)
2023-11-06 09:26:53,127 [5f7d9b36-4620-4ba9-8a78-929bd6ddd1f9@group-B6DCA21AE844-LeaderElection14] INFO  server.RaftServerConfigKeys (ConfUtils.java:logGet(46)) - raft.server.write.follower.gap.ratio.max = -1.0 (default)
2023-11-06 09:26:53,128 [5f7d9b36-4620-4ba9-8a78-929bd6ddd1f9@group-B6DCA21AE844-LeaderElection14] INFO  impl.RoleInfo (RoleInfo.java:updateAndGet(139)) - 5f7d9b36-4620-4ba9-8a78-929bd6ddd1f9: start 5f7d9b36-4620-4ba9-8a78-929bd6ddd1f9@group-B6DCA21AE844-LeaderStateImpl
2023-11-06 09:26:53,129 [5f7d9b36-4620-4ba9-8a78-929bd6ddd1f9@group-B6DCA21AE844-LeaderElection14] INFO  segmented.SegmentedRaftLogWorker (SegmentedRaftLogWorker.java:startLogSegment(447)) - 5f7d9b36-4620-4ba9-8a78-929bd6ddd1f9@group-B6DCA21AE844-SegmentedRaftLogWorker: Starting segment from index:0
2023-11-06 09:26:53,130 [5f7d9b36-4620-4ba9-8a78-929bd6ddd1f9@group-B6DCA21AE844-SegmentedRaftLogWorker] INFO  segmented.SegmentedRaftLogWorker (SegmentedRaftLogWorker.java:execute(651)) - 5f7d9b36-4620-4ba9-8a78-929bd6ddd1f9@group-B6DCA21AE844-SegmentedRaftLogWorker: created new log segment /home/runner/work/ozone/ozone/hadoop-ozone/integration-test/target/test-dir/MiniOzoneClusterImpl-938474ea-96d6-4bd3-a45f-678920fb0bb2/datanode-8/data/ratis/183066f7-6764-45dc-9e19-b6dca21ae844/current/log_inprogress_0
2023-11-06 09:26:53,137 [5f7d9b36-4620-4ba9-8a78-929bd6ddd1f9@group-B6DCA21AE844-LeaderElection14] INFO  server.RaftServer$Division (ServerState.java:setRaftConf(434)) - 5f7d9b36-4620-4ba9-8a78-929bd6ddd1f9@group-B6DCA21AE844: set configuration 0: peers:[5f7d9b36-4620-4ba9-8a78-929bd6ddd1f9|rpc:10.1.0.6:15086|admin:10.1.0.6:15085|client:10.1.0.6:15084|dataStream:10.1.0.6:15087|priority:1|startupRole:FOLLOWER]|listeners:[], old=null
2023-11-06 09:26:53,139 [0e92623e-4dcf-4eff-ae25-f8b8c2de319b@group-D7F06CC11252-LeaderElection15] INFO  impl.LeaderElection (LeaderElection.java:askForVotes(321)) - 0e92623e-4dcf-4eff-ae25-f8b8c2de319b@group-D7F06CC11252-LeaderElection15 PRE_VOTE round 0: submit vote requests at term 0 for -1: peers:[0e92623e-4dcf-4eff-ae25-f8b8c2de319b|rpc:10.1.0.6:15095|admin:10.1.0.6:15094|client:10.1.0.6:15093|dataStream:10.1.0.6:15096|priority:1|startupRole:FOLLOWER]|listeners:[], old=null
2023-11-06 09:26:53,139 [0e92623e-4dcf-4eff-ae25-f8b8c2de319b@group-D7F06CC11252-LeaderElection15] INFO  impl.LeaderElection (LeaderElection.java:askForVotes(323)) - 0e92623e-4dcf-4eff-ae25-f8b8c2de319b@group-D7F06CC11252-LeaderElection15 PRE_VOTE round 0: result PASSED (term=0)
2023-11-06 09:26:53,140 [0e92623e-4dcf-4eff-ae25-f8b8c2de319b@group-D7F06CC11252-LeaderElection15] INFO  impl.LeaderElection (LeaderElection.java:askForVotes(321)) - 0e92623e-4dcf-4eff-ae25-f8b8c2de319b@group-D7F06CC11252-LeaderElection15 ELECTION round 0: submit vote requests at term 1 for -1: peers:[0e92623e-4dcf-4eff-ae25-f8b8c2de319b|rpc:10.1.0.6:15095|admin:10.1.0.6:15094|client:10.1.0.6:15093|dataStream:10.1.0.6:15096|priority:1|startupRole:FOLLOWER]|listeners:[], old=null
2023-11-06 09:26:53,140 [0e92623e-4dcf-4eff-ae25-f8b8c2de319b@group-D7F06CC11252-LeaderElection15] INFO  impl.LeaderElection (LeaderElection.java:askForVotes(323)) - 0e92623e-4dcf-4eff-ae25-f8b8c2de319b@group-D7F06CC11252-LeaderElection15 ELECTION round 0: result PASSED (term=1)
2023-11-06 09:26:53,140 [0e92623e-4dcf-4eff-ae25-f8b8c2de319b@group-D7F06CC11252-LeaderElection15] INFO  impl.RoleInfo (RoleInfo.java:shutdownLeaderElection(130)) - 0e92623e-4dcf-4eff-ae25-f8b8c2de319b: shutdown 0e92623e-4dcf-4eff-ae25-f8b8c2de319b@group-D7F06CC11252-LeaderElection15
2023-11-06 09:26:53,141 [0e92623e-4dcf-4eff-ae25-f8b8c2de319b@group-D7F06CC11252-LeaderElection15] INFO  server.RaftServer$Division (RaftServerImpl.java:setRole(329)) - 0e92623e-4dcf-4eff-ae25-f8b8c2de319b@group-D7F06CC11252: changes role from CANDIDATE to LEADER at term 1 for changeToLeader
2023-11-06 09:26:53,141 [0e92623e-4dcf-4eff-ae25-f8b8c2de319b@group-D7F06CC11252-LeaderElection15] INFO  ratis.XceiverServerRatis (XceiverServerRatis.java:handleLeaderChangedNotification(903)) - Leader change notification received for group: group-D7F06CC11252 with new leaderId: 0e92623e-4dcf-4eff-ae25-f8b8c2de319b
2023-11-06 09:26:53,141 [0e92623e-4dcf-4eff-ae25-f8b8c2de319b@group-D7F06CC11252-LeaderElection15] INFO  server.RaftServer$Division (ServerState.java:setLeader(317)) - 0e92623e-4dcf-4eff-ae25-f8b8c2de319b@group-D7F06CC11252: change Leader from null to 0e92623e-4dcf-4eff-ae25-f8b8c2de319b at term 1 for becomeLeader, leader elected after 5224ms
2023-11-06 09:26:53,141 [0e92623e-4dcf-4eff-ae25-f8b8c2de319b@group-D7F06CC11252-LeaderElection15] INFO  server.RaftServerConfigKeys (ConfUtils.java:logGet(46)) - raft.server.staging.catchup.gap = 1000 (default)
2023-11-06 09:26:53,145 [0e92623e-4dcf-4eff-ae25-f8b8c2de319b@group-D7F06CC11252-LeaderElection15] INFO  server.RaftServerConfigKeys (ConfUtils.java:logGet(46)) - raft.server.write.element-limit = 1024 (custom)
2023-11-06 09:26:53,145 [0e92623e-4dcf-4eff-ae25-f8b8c2de319b@group-D7F06CC11252-LeaderElection15] INFO  server.RaftServerConfigKeys (ConfUtils.java:logGet(46)) - raft.server.write.byte-limit = 1024 M (=1073741824) (custom)
2023-11-06 09:26:53,145 [0e92623e-4dcf-4eff-ae25-f8b8c2de319b@group-D7F06CC11252-LeaderElection15] INFO  server.RaftServerConfigKeys (ConfUtils.java:logGet(46)) - raft.server.watch.timeout = 180s (custom)
2023-11-06 09:26:53,145 [0e92623e-4dcf-4eff-ae25-f8b8c2de319b@group-D7F06CC11252-LeaderElection15] INFO  server.RaftServerConfigKeys (ConfUtils.java:logGet(46)) - raft.server.watch.timeout.denomination = 1s (default)
2023-11-06 09:26:53,145 [0e92623e-4dcf-4eff-ae25-f8b8c2de319b@group-D7F06CC11252-LeaderElection15] INFO  server.RaftServerConfigKeys (ConfUtils.java:logGet(46)) - raft.server.watch.element-limit = 65536 (default)
2023-11-06 09:26:53,145 [0e92623e-4dcf-4eff-ae25-f8b8c2de319b@group-D7F06CC11252-LeaderElection15] INFO  server.RaftServerConfigKeys (ConfUtils.java:logGet(46)) - raft.server.write.element-limit = 1024 (custom)
2023-11-06 09:26:53,145 [0e92623e-4dcf-4eff-ae25-f8b8c2de319b@group-D7F06CC11252-LeaderElection15] INFO  server.RaftServerConfigKeys (ConfUtils.java:logGet(46)) - raft.server.write.follower.gap.ratio.max = -1.0 (default)
2023-11-06 09:26:53,146 [0e92623e-4dcf-4eff-ae25-f8b8c2de319b@group-D7F06CC11252-LeaderElection15] INFO  impl.RoleInfo (RoleInfo.java:updateAndGet(139)) - 0e92623e-4dcf-4eff-ae25-f8b8c2de319b: start 0e92623e-4dcf-4eff-ae25-f8b8c2de319b@group-D7F06CC11252-LeaderStateImpl
2023-11-06 09:26:53,146 [0e92623e-4dcf-4eff-ae25-f8b8c2de319b@group-D7F06CC11252-LeaderElection15] INFO  segmented.SegmentedRaftLogWorker (SegmentedRaftLogWorker.java:startLogSegment(447)) - 0e92623e-4dcf-4eff-ae25-f8b8c2de319b@group-D7F06CC11252-SegmentedRaftLogWorker: Starting segment from index:0
2023-11-06 09:26:53,147 [0e92623e-4dcf-4eff-ae25-f8b8c2de319b@group-D7F06CC11252-SegmentedRaftLogWorker] INFO  segmented.SegmentedRaftLogWorker (SegmentedRaftLogWorker.java:execute(651)) - 0e92623e-4dcf-4eff-ae25-f8b8c2de319b@group-D7F06CC11252-SegmentedRaftLogWorker: created new log segment /home/runner/work/ozone/ozone/hadoop-ozone/integration-test/target/test-dir/MiniOzoneClusterImpl-938474ea-96d6-4bd3-a45f-678920fb0bb2/datanode-9/data/ratis/7117164c-cd12-410d-8962-d7f06cc11252/current/log_inprogress_0
2023-11-06 09:26:53,150 [0e92623e-4dcf-4eff-ae25-f8b8c2de319b@group-D7F06CC11252-LeaderElection15] INFO  server.RaftServer$Division (ServerState.java:setRaftConf(434)) - 0e92623e-4dcf-4eff-ae25-f8b8c2de319b@group-D7F06CC11252: set configuration 0: peers:[0e92623e-4dcf-4eff-ae25-f8b8c2de319b|rpc:10.1.0.6:15095|admin:10.1.0.6:15094|client:10.1.0.6:15093|dataStream:10.1.0.6:15096|priority:1|startupRole:FOLLOWER]|listeners:[], old=null
2023-11-06 09:26:53,186 [fedf11b8-0957-422e-880a-91cc26979c7a@group-0DB81D4FE909-FollowerState] INFO  impl.FollowerState (FollowerState.java:run(143)) - fedf11b8-0957-422e-880a-91cc26979c7a@group-0DB81D4FE909-FollowerState: change to CANDIDATE, lastRpcElapsedTime:5031717763ns, electionTimeout:5030ms
2023-11-06 09:26:53,187 [fedf11b8-0957-422e-880a-91cc26979c7a@group-0DB81D4FE909-FollowerState] INFO  impl.RoleInfo (RoleInfo.java:shutdownFollowerState(110)) - fedf11b8-0957-422e-880a-91cc26979c7a: shutdown fedf11b8-0957-422e-880a-91cc26979c7a@group-0DB81D4FE909-FollowerState
2023-11-06 09:26:53,187 [fedf11b8-0957-422e-880a-91cc26979c7a@group-0DB81D4FE909-FollowerState] INFO  server.RaftServer$Division (RaftServerImpl.java:setRole(329)) - fedf11b8-0957-422e-880a-91cc26979c7a@group-0DB81D4FE909: changes role from  FOLLOWER to CANDIDATE at term 0 for changeToCandidate
2023-11-06 09:26:53,187 [fedf11b8-0957-422e-880a-91cc26979c7a@group-0DB81D4FE909-FollowerState] INFO  server.RaftServerConfigKeys (ConfUtils.java:logGet(46)) - raft.server.leaderelection.pre-vote = true (default)
2023-11-06 09:26:53,187 [fedf11b8-0957-422e-880a-91cc26979c7a@group-0DB81D4FE909-FollowerState] INFO  impl.RoleInfo (RoleInfo.java:updateAndGet(139)) - fedf11b8-0957-422e-880a-91cc26979c7a: start fedf11b8-0957-422e-880a-91cc26979c7a@group-0DB81D4FE909-LeaderElection16
2023-11-06 09:26:53,194 [fedf11b8-0957-422e-880a-91cc26979c7a@group-0DB81D4FE909-LeaderElection16] INFO  impl.LeaderElection (LeaderElection.java:askForVotes(321)) - fedf11b8-0957-422e-880a-91cc26979c7a@group-0DB81D4FE909-LeaderElection16 PRE_VOTE round 0: submit vote requests at term 0 for -1: peers:[d9016e39-0130-4fd9-896a-cac3c2785d02|rpc:10.1.0.6:15032|admin:10.1.0.6:15031|client:10.1.0.6:15030|dataStream:10.1.0.6:15033|priority:0|startupRole:FOLLOWER, fedf11b8-0957-422e-880a-91cc26979c7a|rpc:10.1.0.6:15014|admin:10.1.0.6:15013|client:10.1.0.6:15012|dataStream:10.1.0.6:15015|priority:0|startupRole:FOLLOWER, 0eeb79a9-13fd-416c-b2a7-6f654c6b5029|rpc:10.1.0.6:15023|admin:10.1.0.6:15022|client:10.1.0.6:15021|dataStream:10.1.0.6:15024|priority:1|startupRole:FOLLOWER]|listeners:[], old=null
2023-11-06 09:26:53,197 [grpc-default-executor-5] INFO  server.RaftServer$Division (RaftServerImpl.java:requestVote(1302)) - d9016e39-0130-4fd9-896a-cac3c2785d02@group-0DB81D4FE909: receive requestVote(PRE_VOTE, fedf11b8-0957-422e-880a-91cc26979c7a, group-0DB81D4FE909, 0, (t:0, i:0))
2023-11-06 09:26:53,197 [grpc-default-executor-5] INFO  impl.VoteContext (VoteContext.java:log(49)) - d9016e39-0130-4fd9-896a-cac3c2785d02@group-0DB81D4FE909-FOLLOWER: accept PRE_VOTE from fedf11b8-0957-422e-880a-91cc26979c7a: our priority 0 <= candidate's priority 0
2023-11-06 09:26:53,197 [grpc-default-executor-5] INFO  server.RaftServer$Division (RaftServerImpl.java:requestVote(1335)) - d9016e39-0130-4fd9-896a-cac3c2785d02@group-0DB81D4FE909 replies to PRE_VOTE vote request: fedf11b8-0957-422e-880a-91cc26979c7a<-d9016e39-0130-4fd9-896a-cac3c2785d02#0:OK-t0. Peer's state: d9016e39-0130-4fd9-896a-cac3c2785d02@group-0DB81D4FE909:t0, leader=null, voted=, raftlog=Memoized:d9016e39-0130-4fd9-896a-cac3c2785d02@group-0DB81D4FE909-SegmentedRaftLog:OPENED:c-1, conf=-1: peers:[d9016e39-0130-4fd9-896a-cac3c2785d02|rpc:10.1.0.6:15032|admin:10.1.0.6:15031|client:10.1.0.6:15030|dataStream:10.1.0.6:15033|priority:0|startupRole:FOLLOWER, fedf11b8-0957-422e-880a-91cc26979c7a|rpc:10.1.0.6:15014|admin:10.1.0.6:15013|client:10.1.0.6:15012|dataStream:10.1.0.6:15015|priority:0|startupRole:FOLLOWER, 0eeb79a9-13fd-416c-b2a7-6f654c6b5029|rpc:10.1.0.6:15023|admin:10.1.0.6:15022|client:10.1.0.6:15021|dataStream:10.1.0.6:15024|priority:1|startupRole:FOLLOWER]|listeners:[], old=null
2023-11-06 09:26:53,200 [fedf11b8-0957-422e-880a-91cc26979c7a@group-0DB81D4FE909-LeaderElection16] INFO  server.RaftServerConfigKeys (ConfUtils.java:logFallback(53)) - raft.server.rpc.first-election.timeout.min = 5s (fallback to raft.server.rpc.timeout.min)
2023-11-06 09:26:53,200 [fedf11b8-0957-422e-880a-91cc26979c7a@group-0DB81D4FE909-LeaderElection16] INFO  server.RaftServerConfigKeys (ConfUtils.java:logFallback(53)) - raft.server.rpc.first-election.timeout.max = 5200ms (fallback to raft.server.rpc.timeout.max)
2023-11-06 09:26:53,203 [grpc-default-executor-5] INFO  server.RaftServer$Division (RaftServerImpl.java:requestVote(1302)) - 0eeb79a9-13fd-416c-b2a7-6f654c6b5029@group-0DB81D4FE909: receive requestVote(PRE_VOTE, fedf11b8-0957-422e-880a-91cc26979c7a, group-0DB81D4FE909, 0, (t:0, i:0))
2023-11-06 09:26:53,203 [grpc-default-executor-5] INFO  impl.VoteContext (VoteContext.java:log(49)) - 0eeb79a9-13fd-416c-b2a7-6f654c6b5029@group-0DB81D4FE909-FOLLOWER: reject PRE_VOTE from fedf11b8-0957-422e-880a-91cc26979c7a: our priority 1 > candidate's priority 0
2023-11-06 09:26:53,203 [grpc-default-executor-5] INFO  server.RaftServer$Division (RaftServerImpl.java:requestVote(1335)) - 0eeb79a9-13fd-416c-b2a7-6f654c6b5029@group-0DB81D4FE909 replies to PRE_VOTE vote request: fedf11b8-0957-422e-880a-91cc26979c7a<-0eeb79a9-13fd-416c-b2a7-6f654c6b5029#0:FAIL-t0. Peer's state: 0eeb79a9-13fd-416c-b2a7-6f654c6b5029@group-0DB81D4FE909:t0, leader=null, voted=, raftlog=Memoized:0eeb79a9-13fd-416c-b2a7-6f654c6b5029@group-0DB81D4FE909-SegmentedRaftLog:OPENED:c-1, conf=-1: peers:[d9016e39-0130-4fd9-896a-cac3c2785d02|rpc:10.1.0.6:15032|admin:10.1.0.6:15031|client:10.1.0.6:15030|dataStream:10.1.0.6:15033|priority:0|startupRole:FOLLOWER, fedf11b8-0957-422e-880a-91cc26979c7a|rpc:10.1.0.6:15014|admin:10.1.0.6:15013|client:10.1.0.6:15012|dataStream:10.1.0.6:15015|priority:0|startupRole:FOLLOWER, 0eeb79a9-13fd-416c-b2a7-6f654c6b5029|rpc:10.1.0.6:15023|admin:10.1.0.6:15022|client:10.1.0.6:15021|dataStream:10.1.0.6:15024|priority:1|startupRole:FOLLOWER]|listeners:[], old=null
2023-11-06 09:26:53,206 [fedf11b8-0957-422e-880a-91cc26979c7a@group-0DB81D4FE909-LeaderElection16] INFO  impl.LeaderElection (LeaderElection.java:logAndReturn(90)) - fedf11b8-0957-422e-880a-91cc26979c7a@group-0DB81D4FE909-LeaderElection16: PRE_VOTE REJECTED received 2 response(s) and 0 exception(s):
2023-11-06 09:26:53,206 [fedf11b8-0957-422e-880a-91cc26979c7a@group-0DB81D4FE909-LeaderElection16] INFO  impl.LeaderElection (LeaderElection.java:logAndReturn(94)) -   Response 0: fedf11b8-0957-422e-880a-91cc26979c7a<-d9016e39-0130-4fd9-896a-cac3c2785d02#0:OK-t0
2023-11-06 09:26:53,206 [fedf11b8-0957-422e-880a-91cc26979c7a@group-0DB81D4FE909-LeaderElection16] INFO  impl.LeaderElection (LeaderElection.java:logAndReturn(94)) -   Response 1: fedf11b8-0957-422e-880a-91cc26979c7a<-0eeb79a9-13fd-416c-b2a7-6f654c6b5029#0:FAIL-t0
2023-11-06 09:26:53,206 [fedf11b8-0957-422e-880a-91cc26979c7a@group-0DB81D4FE909-LeaderElection16] INFO  impl.LeaderElection (LeaderElection.java:askForVotes(323)) - fedf11b8-0957-422e-880a-91cc26979c7a@group-0DB81D4FE909-LeaderElection16 PRE_VOTE round 0: result REJECTED
2023-11-06 09:26:53,206 [fedf11b8-0957-422e-880a-91cc26979c7a@group-0DB81D4FE909-LeaderElection16] INFO  server.RaftServer$Division (RaftServerImpl.java:setRole(329)) - fedf11b8-0957-422e-880a-91cc26979c7a@group-0DB81D4FE909: changes role from CANDIDATE to FOLLOWER at term 0 for REJECTED
2023-11-06 09:26:53,206 [fedf11b8-0957-422e-880a-91cc26979c7a@group-0DB81D4FE909-LeaderElection16] INFO  impl.RoleInfo (RoleInfo.java:shutdownLeaderElection(130)) - fedf11b8-0957-422e-880a-91cc26979c7a: shutdown fedf11b8-0957-422e-880a-91cc26979c7a@group-0DB81D4FE909-LeaderElection16
2023-11-06 09:26:53,206 [fedf11b8-0957-422e-880a-91cc26979c7a@group-0DB81D4FE909-LeaderElection16] INFO  impl.RoleInfo (RoleInfo.java:updateAndGet(139)) - fedf11b8-0957-422e-880a-91cc26979c7a: start fedf11b8-0957-422e-880a-91cc26979c7a@group-0DB81D4FE909-FollowerState
2023-11-06 09:26:53,224 [d9016e39-0130-4fd9-896a-cac3c2785d02@group-0DB81D4FE909-FollowerState] INFO  server.RaftServerConfigKeys (ConfUtils.java:logFallback(53)) - raft.server.rpc.first-election.timeout.min = 5s (fallback to raft.server.rpc.timeout.min)
2023-11-06 09:26:53,225 [d9016e39-0130-4fd9-896a-cac3c2785d02@group-0DB81D4FE909-FollowerState] INFO  server.RaftServerConfigKeys (ConfUtils.java:logFallback(53)) - raft.server.rpc.first-election.timeout.max = 5200ms (fallback to raft.server.rpc.timeout.max)
2023-11-06 09:26:53,253 [5f7d9b36-4620-4ba9-8a78-929bd6ddd1f9@group-6DBCDF991ECB-FollowerState] INFO  impl.FollowerState (FollowerState.java:run(143)) - 5f7d9b36-4620-4ba9-8a78-929bd6ddd1f9@group-6DBCDF991ECB-FollowerState: change to CANDIDATE, lastRpcElapsedTime:5063082845ns, electionTimeout:5054ms
2023-11-06 09:26:53,253 [5f7d9b36-4620-4ba9-8a78-929bd6ddd1f9@group-6DBCDF991ECB-FollowerState] INFO  impl.RoleInfo (RoleInfo.java:shutdownFollowerState(110)) - 5f7d9b36-4620-4ba9-8a78-929bd6ddd1f9: shutdown 5f7d9b36-4620-4ba9-8a78-929bd6ddd1f9@group-6DBCDF991ECB-FollowerState
2023-11-06 09:26:53,253 [5f7d9b36-4620-4ba9-8a78-929bd6ddd1f9@group-6DBCDF991ECB-FollowerState] INFO  server.RaftServer$Division (RaftServerImpl.java:setRole(329)) - 5f7d9b36-4620-4ba9-8a78-929bd6ddd1f9@group-6DBCDF991ECB: changes role from  FOLLOWER to CANDIDATE at term 0 for changeToCandidate
2023-11-06 09:26:53,253 [5f7d9b36-4620-4ba9-8a78-929bd6ddd1f9@group-6DBCDF991ECB-FollowerState] INFO  server.RaftServerConfigKeys (ConfUtils.java:logGet(46)) - raft.server.leaderelection.pre-vote = true (default)
2023-11-06 09:26:53,253 [5f7d9b36-4620-4ba9-8a78-929bd6ddd1f9@group-6DBCDF991ECB-FollowerState] INFO  impl.RoleInfo (RoleInfo.java:updateAndGet(139)) - 5f7d9b36-4620-4ba9-8a78-929bd6ddd1f9: start 5f7d9b36-4620-4ba9-8a78-929bd6ddd1f9@group-6DBCDF991ECB-LeaderElection17
2023-11-06 09:26:53,259 [18227f38-d602-4438-971e-c9cd287df9cb@group-DF79F62058F4-FollowerState] INFO  server.RaftServerConfigKeys (ConfUtils.java:logFallback(53)) - raft.server.rpc.first-election.timeout.min = 5s (fallback to raft.server.rpc.timeout.min)
2023-11-06 09:26:53,259 [18227f38-d602-4438-971e-c9cd287df9cb@group-DF79F62058F4-FollowerState] INFO  server.RaftServerConfigKeys (ConfUtils.java:logFallback(53)) - raft.server.rpc.first-election.timeout.max = 5200ms (fallback to raft.server.rpc.timeout.max)
2023-11-06 09:26:53,262 [5f7d9b36-4620-4ba9-8a78-929bd6ddd1f9@group-6DBCDF991ECB-LeaderElection17] INFO  impl.LeaderElection (LeaderElection.java:askForVotes(321)) - 5f7d9b36-4620-4ba9-8a78-929bd6ddd1f9@group-6DBCDF991ECB-LeaderElection17 PRE_VOTE round 0: submit vote requests at term 0 for -1: peers:[92ba0aed-1dcc-4895-b5bb-fc45f440be2e|rpc:10.1.0.6:15068|admin:10.1.0.6:15067|client:10.1.0.6:15066|dataStream:10.1.0.6:15069|priority:0|startupRole:FOLLOWER, 18227f38-d602-4438-971e-c9cd287df9cb|rpc:10.1.0.6:15077|admin:10.1.0.6:15076|client:10.1.0.6:15075|dataStream:10.1.0.6:15078|priority:1|startupRole:FOLLOWER, 5f7d9b36-4620-4ba9-8a78-929bd6ddd1f9|rpc:10.1.0.6:15086|admin:10.1.0.6:15085|client:10.1.0.6:15084|dataStream:10.1.0.6:15087|priority:0|startupRole:FOLLOWER]|listeners:[], old=null
2023-11-06 09:26:53,270 [5f7d9b36-4620-4ba9-8a78-929bd6ddd1f9@group-6DBCDF991ECB-LeaderElection17-1] INFO  server.GrpcServerProtocolClient (GrpcServerProtocolClient.java:<init>(65)) - Build channel for 92ba0aed-1dcc-4895-b5bb-fc45f440be2e
2023-11-06 09:26:53,275 [5f7d9b36-4620-4ba9-8a78-929bd6ddd1f9@group-6DBCDF991ECB-LeaderElection17-2] INFO  server.GrpcServerProtocolClient (GrpcServerProtocolClient.java:<init>(65)) - Build channel for 18227f38-d602-4438-971e-c9cd287df9cb
2023-11-06 09:26:53,275 [5f7d9b36-4620-4ba9-8a78-929bd6ddd1f9@group-6DBCDF991ECB-LeaderElection17] INFO  server.RaftServerConfigKeys (ConfUtils.java:logFallback(53)) - raft.server.rpc.first-election.timeout.min = 5s (fallback to raft.server.rpc.timeout.min)
2023-11-06 09:26:53,278 [5f7d9b36-4620-4ba9-8a78-929bd6ddd1f9@group-6DBCDF991ECB-LeaderElection17] INFO  server.RaftServerConfigKeys (ConfUtils.java:logFallback(53)) - raft.server.rpc.first-election.timeout.max = 5200ms (fallback to raft.server.rpc.timeout.max)
2023-11-06 09:26:53,288 [grpc-default-executor-5] INFO  server.RaftServer$Division (RaftServerImpl.java:requestVote(1302)) - 18227f38-d602-4438-971e-c9cd287df9cb@group-6DBCDF991ECB: receive requestVote(PRE_VOTE, 5f7d9b36-4620-4ba9-8a78-929bd6ddd1f9, group-6DBCDF991ECB, 0, (t:0, i:0))
2023-11-06 09:26:53,289 [grpc-default-executor-5] INFO  impl.VoteContext (VoteContext.java:log(49)) - 18227f38-d602-4438-971e-c9cd287df9cb@group-6DBCDF991ECB-FOLLOWER: reject PRE_VOTE from 5f7d9b36-4620-4ba9-8a78-929bd6ddd1f9: our priority 1 > candidate's priority 0
2023-11-06 09:26:53,289 [grpc-default-executor-5] INFO  server.RaftServer$Division (RaftServerImpl.java:requestVote(1335)) - 18227f38-d602-4438-971e-c9cd287df9cb@group-6DBCDF991ECB replies to PRE_VOTE vote request: 5f7d9b36-4620-4ba9-8a78-929bd6ddd1f9<-18227f38-d602-4438-971e-c9cd287df9cb#0:FAIL-t0. Peer's state: 18227f38-d602-4438-971e-c9cd287df9cb@group-6DBCDF991ECB:t0, leader=null, voted=, raftlog=Memoized:18227f38-d602-4438-971e-c9cd287df9cb@group-6DBCDF991ECB-SegmentedRaftLog:OPENED:c-1, conf=-1: peers:[92ba0aed-1dcc-4895-b5bb-fc45f440be2e|rpc:10.1.0.6:15068|admin:10.1.0.6:15067|client:10.1.0.6:15066|dataStream:10.1.0.6:15069|priority:0|startupRole:FOLLOWER, 18227f38-d602-4438-971e-c9cd287df9cb|rpc:10.1.0.6:15077|admin:10.1.0.6:15076|client:10.1.0.6:15075|dataStream:10.1.0.6:15078|priority:1|startupRole:FOLLOWER, 5f7d9b36-4620-4ba9-8a78-929bd6ddd1f9|rpc:10.1.0.6:15086|admin:10.1.0.6:15085|client:10.1.0.6:15084|dataStream:10.1.0.6:15087|priority:0|startupRole:FOLLOWER]|listeners:[], old=null
2023-11-06 09:26:53,291 [5f7d9b36-4620-4ba9-8a78-929bd6ddd1f9@group-6DBCDF991ECB-LeaderElection17] INFO  impl.LeaderElection (LeaderElection.java:logAndReturn(90)) - 5f7d9b36-4620-4ba9-8a78-929bd6ddd1f9@group-6DBCDF991ECB-LeaderElection17: PRE_VOTE REJECTED received 1 response(s) and 0 exception(s):
2023-11-06 09:26:53,291 [5f7d9b36-4620-4ba9-8a78-929bd6ddd1f9@group-6DBCDF991ECB-LeaderElection17] INFO  impl.LeaderElection (LeaderElection.java:logAndReturn(94)) -   Response 0: 5f7d9b36-4620-4ba9-8a78-929bd6ddd1f9<-18227f38-d602-4438-971e-c9cd287df9cb#0:FAIL-t0
2023-11-06 09:26:53,291 [5f7d9b36-4620-4ba9-8a78-929bd6ddd1f9@group-6DBCDF991ECB-LeaderElection17] INFO  impl.LeaderElection (LeaderElection.java:askForVotes(323)) - 5f7d9b36-4620-4ba9-8a78-929bd6ddd1f9@group-6DBCDF991ECB-LeaderElection17 PRE_VOTE round 0: result REJECTED
2023-11-06 09:26:53,291 [5f7d9b36-4620-4ba9-8a78-929bd6ddd1f9@group-6DBCDF991ECB-LeaderElection17] INFO  server.RaftServer$Division (RaftServerImpl.java:setRole(329)) - 5f7d9b36-4620-4ba9-8a78-929bd6ddd1f9@group-6DBCDF991ECB: changes role from CANDIDATE to FOLLOWER at term 0 for REJECTED
2023-11-06 09:26:53,291 [5f7d9b36-4620-4ba9-8a78-929bd6ddd1f9@group-6DBCDF991ECB-LeaderElection17] INFO  impl.RoleInfo (RoleInfo.java:shutdownLeaderElection(130)) - 5f7d9b36-4620-4ba9-8a78-929bd6ddd1f9: shutdown 5f7d9b36-4620-4ba9-8a78-929bd6ddd1f9@group-6DBCDF991ECB-LeaderElection17
2023-11-06 09:26:53,291 [5f7d9b36-4620-4ba9-8a78-929bd6ddd1f9@group-6DBCDF991ECB-LeaderElection17] INFO  impl.RoleInfo (RoleInfo.java:updateAndGet(139)) - 5f7d9b36-4620-4ba9-8a78-929bd6ddd1f9: start 5f7d9b36-4620-4ba9-8a78-929bd6ddd1f9@group-6DBCDF991ECB-FollowerState
2023-11-06 09:26:53,313 [grpc-default-executor-5] INFO  server.RaftServer$Division (RaftServerImpl.java:requestVote(1302)) - 92ba0aed-1dcc-4895-b5bb-fc45f440be2e@group-6DBCDF991ECB: receive requestVote(PRE_VOTE, 5f7d9b36-4620-4ba9-8a78-929bd6ddd1f9, group-6DBCDF991ECB, 0, (t:0, i:0))
2023-11-06 09:26:53,314 [grpc-default-executor-5] INFO  impl.VoteContext (VoteContext.java:log(49)) - 92ba0aed-1dcc-4895-b5bb-fc45f440be2e@group-6DBCDF991ECB-FOLLOWER: accept PRE_VOTE from 5f7d9b36-4620-4ba9-8a78-929bd6ddd1f9: our priority 0 <= candidate's priority 0
2023-11-06 09:26:53,314 [grpc-default-executor-5] INFO  server.RaftServer$Division (RaftServerImpl.java:requestVote(1335)) - 92ba0aed-1dcc-4895-b5bb-fc45f440be2e@group-6DBCDF991ECB replies to PRE_VOTE vote request: 5f7d9b36-4620-4ba9-8a78-929bd6ddd1f9<-92ba0aed-1dcc-4895-b5bb-fc45f440be2e#0:OK-t0. Peer's state: 92ba0aed-1dcc-4895-b5bb-fc45f440be2e@group-6DBCDF991ECB:t0, leader=null, voted=, raftlog=Memoized:92ba0aed-1dcc-4895-b5bb-fc45f440be2e@group-6DBCDF991ECB-SegmentedRaftLog:OPENED:c-1, conf=-1: peers:[92ba0aed-1dcc-4895-b5bb-fc45f440be2e|rpc:10.1.0.6:15068|admin:10.1.0.6:15067|client:10.1.0.6:15066|dataStream:10.1.0.6:15069|priority:0|startupRole:FOLLOWER, 18227f38-d602-4438-971e-c9cd287df9cb|rpc:10.1.0.6:15077|admin:10.1.0.6:15076|client:10.1.0.6:15075|dataStream:10.1.0.6:15078|priority:1|startupRole:FOLLOWER, 5f7d9b36-4620-4ba9-8a78-929bd6ddd1f9|rpc:10.1.0.6:15086|admin:10.1.0.6:15085|client:10.1.0.6:15084|dataStream:10.1.0.6:15087|priority:0|startupRole:FOLLOWER]|listeners:[], old=null
2023-11-06 09:26:53,329 [5f7d9b36-4620-4ba9-8a78-929bd6ddd1f9@group-DF79F62058F4-FollowerState] INFO  impl.FollowerState (FollowerState.java:run(143)) - 5f7d9b36-4620-4ba9-8a78-929bd6ddd1f9@group-DF79F62058F4-FollowerState: change to CANDIDATE, lastRpcElapsedTime:5187657424ns, electionTimeout:5184ms
2023-11-06 09:26:53,329 [5f7d9b36-4620-4ba9-8a78-929bd6ddd1f9@group-DF79F62058F4-FollowerState] INFO  impl.RoleInfo (RoleInfo.java:shutdownFollowerState(110)) - 5f7d9b36-4620-4ba9-8a78-929bd6ddd1f9: shutdown 5f7d9b36-4620-4ba9-8a78-929bd6ddd1f9@group-DF79F62058F4-FollowerState
2023-11-06 09:26:53,329 [5f7d9b36-4620-4ba9-8a78-929bd6ddd1f9@group-DF79F62058F4-FollowerState] INFO  server.RaftServer$Division (RaftServerImpl.java:setRole(329)) - 5f7d9b36-4620-4ba9-8a78-929bd6ddd1f9@group-DF79F62058F4: changes role from  FOLLOWER to CANDIDATE at term 0 for changeToCandidate
2023-11-06 09:26:53,329 [5f7d9b36-4620-4ba9-8a78-929bd6ddd1f9@group-DF79F62058F4-FollowerState] INFO  server.RaftServerConfigKeys (ConfUtils.java:logGet(46)) - raft.server.leaderelection.pre-vote = true (default)
2023-11-06 09:26:53,329 [5f7d9b36-4620-4ba9-8a78-929bd6ddd1f9@group-DF79F62058F4-FollowerState] INFO  impl.RoleInfo (RoleInfo.java:updateAndGet(139)) - 5f7d9b36-4620-4ba9-8a78-929bd6ddd1f9: start 5f7d9b36-4620-4ba9-8a78-929bd6ddd1f9@group-DF79F62058F4-LeaderElection18
2023-11-06 09:26:53,335 [5f7d9b36-4620-4ba9-8a78-929bd6ddd1f9@group-DF79F62058F4-LeaderElection18] INFO  impl.LeaderElection (LeaderElection.java:askForVotes(321)) - 5f7d9b36-4620-4ba9-8a78-929bd6ddd1f9@group-DF79F62058F4-LeaderElection18 PRE_VOTE round 0: submit vote requests at term 0 for -1: peers:[92ba0aed-1dcc-4895-b5bb-fc45f440be2e|rpc:10.1.0.6:15068|admin:10.1.0.6:15067|client:10.1.0.6:15066|dataStream:10.1.0.6:15069|priority:0|startupRole:FOLLOWER, 18227f38-d602-4438-971e-c9cd287df9cb|rpc:10.1.0.6:15077|admin:10.1.0.6:15076|client:10.1.0.6:15075|dataStream:10.1.0.6:15078|priority:0|startupRole:FOLLOWER, 5f7d9b36-4620-4ba9-8a78-929bd6ddd1f9|rpc:10.1.0.6:15086|admin:10.1.0.6:15085|client:10.1.0.6:15084|dataStream:10.1.0.6:15087|priority:1|startupRole:FOLLOWER]|listeners:[], old=null
2023-11-06 09:26:53,346 [5f7d9b36-4620-4ba9-8a78-929bd6ddd1f9@group-DF79F62058F4-LeaderElection18] INFO  server.RaftServerConfigKeys (ConfUtils.java:logFallback(53)) - raft.server.rpc.first-election.timeout.min = 5s (fallback to raft.server.rpc.timeout.min)
2023-11-06 09:26:53,347 [5f7d9b36-4620-4ba9-8a78-929bd6ddd1f9@group-DF79F62058F4-LeaderElection18] INFO  server.RaftServerConfigKeys (ConfUtils.java:logFallback(53)) - raft.server.rpc.first-election.timeout.max = 5200ms (fallback to raft.server.rpc.timeout.max)
2023-11-06 09:26:53,349 [grpc-default-executor-5] INFO  server.RaftServer$Division (RaftServerImpl.java:requestVote(1302)) - 18227f38-d602-4438-971e-c9cd287df9cb@group-DF79F62058F4: receive requestVote(PRE_VOTE, 5f7d9b36-4620-4ba9-8a78-929bd6ddd1f9, group-DF79F62058F4, 0, (t:0, i:0))
2023-11-06 09:26:53,354 [grpc-default-executor-5] INFO  impl.VoteContext (VoteContext.java:log(49)) - 18227f38-d602-4438-971e-c9cd287df9cb@group-DF79F62058F4-FOLLOWER: accept PRE_VOTE from 5f7d9b36-4620-4ba9-8a78-929bd6ddd1f9: our priority 0 <= candidate's priority 1
2023-11-06 09:26:53,354 [grpc-default-executor-5] INFO  server.RaftServer$Division (RaftServerImpl.java:requestVote(1335)) - 18227f38-d602-4438-971e-c9cd287df9cb@group-DF79F62058F4 replies to PRE_VOTE vote request: 5f7d9b36-4620-4ba9-8a78-929bd6ddd1f9<-18227f38-d602-4438-971e-c9cd287df9cb#0:OK-t0. Peer's state: 18227f38-d602-4438-971e-c9cd287df9cb@group-DF79F62058F4:t0, leader=null, voted=, raftlog=Memoized:18227f38-d602-4438-971e-c9cd287df9cb@group-DF79F62058F4-SegmentedRaftLog:OPENED:c-1, conf=-1: peers:[92ba0aed-1dcc-4895-b5bb-fc45f440be2e|rpc:10.1.0.6:15068|admin:10.1.0.6:15067|client:10.1.0.6:15066|dataStream:10.1.0.6:15069|priority:0|startupRole:FOLLOWER, 18227f38-d602-4438-971e-c9cd287df9cb|rpc:10.1.0.6:15077|admin:10.1.0.6:15076|client:10.1.0.6:15075|dataStream:10.1.0.6:15078|priority:0|startupRole:FOLLOWER, 5f7d9b36-4620-4ba9-8a78-929bd6ddd1f9|rpc:10.1.0.6:15086|admin:10.1.0.6:15085|client:10.1.0.6:15084|dataStream:10.1.0.6:15087|priority:1|startupRole:FOLLOWER]|listeners:[], old=null
2023-11-06 09:26:53,357 [grpc-default-executor-5] INFO  server.RaftServer$Division (RaftServerImpl.java:requestVote(1302)) - 92ba0aed-1dcc-4895-b5bb-fc45f440be2e@group-DF79F62058F4: receive requestVote(PRE_VOTE, 5f7d9b36-4620-4ba9-8a78-929bd6ddd1f9, group-DF79F62058F4, 0, (t:0, i:0))
2023-11-06 09:26:53,358 [grpc-default-executor-5] INFO  impl.VoteContext (VoteContext.java:log(49)) - 92ba0aed-1dcc-4895-b5bb-fc45f440be2e@group-DF79F62058F4-FOLLOWER: accept PRE_VOTE from 5f7d9b36-4620-4ba9-8a78-929bd6ddd1f9: our priority 0 <= candidate's priority 1
2023-11-06 09:26:53,358 [grpc-default-executor-5] INFO  server.RaftServer$Division (RaftServerImpl.java:requestVote(1335)) - 92ba0aed-1dcc-4895-b5bb-fc45f440be2e@group-DF79F62058F4 replies to PRE_VOTE vote request: 5f7d9b36-4620-4ba9-8a78-929bd6ddd1f9<-92ba0aed-1dcc-4895-b5bb-fc45f440be2e#0:OK-t0. Peer's state: 92ba0aed-1dcc-4895-b5bb-fc45f440be2e@group-DF79F62058F4:t0, leader=null, voted=, raftlog=Memoized:92ba0aed-1dcc-4895-b5bb-fc45f440be2e@group-DF79F62058F4-SegmentedRaftLog:OPENED:c-1, conf=-1: peers:[92ba0aed-1dcc-4895-b5bb-fc45f440be2e|rpc:10.1.0.6:15068|admin:10.1.0.6:15067|client:10.1.0.6:15066|dataStream:10.1.0.6:15069|priority:0|startupRole:FOLLOWER, 18227f38-d602-4438-971e-c9cd287df9cb|rpc:10.1.0.6:15077|admin:10.1.0.6:15076|client:10.1.0.6:15075|dataStream:10.1.0.6:15078|priority:0|startupRole:FOLLOWER, 5f7d9b36-4620-4ba9-8a78-929bd6ddd1f9|rpc:10.1.0.6:15086|admin:10.1.0.6:15085|client:10.1.0.6:15084|dataStream:10.1.0.6:15087|priority:1|startupRole:FOLLOWER]|listeners:[], old=null
2023-11-06 09:26:53,357 [5f7d9b36-4620-4ba9-8a78-929bd6ddd1f9@group-DF79F62058F4-LeaderElection18] INFO  impl.LeaderElection (LeaderElection.java:logAndReturn(90)) - 5f7d9b36-4620-4ba9-8a78-929bd6ddd1f9@group-DF79F62058F4-LeaderElection18: PRE_VOTE PASSED received 1 response(s) and 0 exception(s):
2023-11-06 09:26:53,359 [5f7d9b36-4620-4ba9-8a78-929bd6ddd1f9@group-DF79F62058F4-LeaderElection18] INFO  impl.LeaderElection (LeaderElection.java:logAndReturn(94)) -   Response 0: 5f7d9b36-4620-4ba9-8a78-929bd6ddd1f9<-18227f38-d602-4438-971e-c9cd287df9cb#0:OK-t0
2023-11-06 09:26:53,359 [5f7d9b36-4620-4ba9-8a78-929bd6ddd1f9@group-DF79F62058F4-LeaderElection18] INFO  impl.LeaderElection (LeaderElection.java:askForVotes(323)) - 5f7d9b36-4620-4ba9-8a78-929bd6ddd1f9@group-DF79F62058F4-LeaderElection18 PRE_VOTE round 0: result PASSED
2023-11-06 09:26:53,363 [5f7d9b36-4620-4ba9-8a78-929bd6ddd1f9@group-DF79F62058F4-LeaderElection18] INFO  impl.LeaderElection (LeaderElection.java:askForVotes(321)) - 5f7d9b36-4620-4ba9-8a78-929bd6ddd1f9@group-DF79F62058F4-LeaderElection18 ELECTION round 0: submit vote requests at term 1 for -1: peers:[92ba0aed-1dcc-4895-b5bb-fc45f440be2e|rpc:10.1.0.6:15068|admin:10.1.0.6:15067|client:10.1.0.6:15066|dataStream:10.1.0.6:15069|priority:0|startupRole:FOLLOWER, 18227f38-d602-4438-971e-c9cd287df9cb|rpc:10.1.0.6:15077|admin:10.1.0.6:15076|client:10.1.0.6:15075|dataStream:10.1.0.6:15078|priority:0|startupRole:FOLLOWER, 5f7d9b36-4620-4ba9-8a78-929bd6ddd1f9|rpc:10.1.0.6:15086|admin:10.1.0.6:15085|client:10.1.0.6:15084|dataStream:10.1.0.6:15087|priority:1|startupRole:FOLLOWER]|listeners:[], old=null
2023-11-06 09:26:53,364 [grpc-default-executor-5] INFO  server.RaftServer$Division (RaftServerImpl.java:requestVote(1302)) - 92ba0aed-1dcc-4895-b5bb-fc45f440be2e@group-DF79F62058F4: receive requestVote(ELECTION, 5f7d9b36-4620-4ba9-8a78-929bd6ddd1f9, group-DF79F62058F4, 1, (t:0, i:0))
2023-11-06 09:26:53,365 [grpc-default-executor-5] INFO  impl.VoteContext (VoteContext.java:log(49)) - 92ba0aed-1dcc-4895-b5bb-fc45f440be2e@group-DF79F62058F4-FOLLOWER: accept ELECTION from 5f7d9b36-4620-4ba9-8a78-929bd6ddd1f9: our priority 0 <= candidate's priority 1
2023-11-06 09:26:53,365 [grpc-default-executor-5] INFO  server.RaftServer$Division (RaftServerImpl.java:setRole(329)) - 92ba0aed-1dcc-4895-b5bb-fc45f440be2e@group-DF79F62058F4: changes role from  FOLLOWER to FOLLOWER at term 1 for candidate:5f7d9b36-4620-4ba9-8a78-929bd6ddd1f9
2023-11-06 09:26:53,365 [grpc-default-executor-5] INFO  impl.RoleInfo (RoleInfo.java:shutdownFollowerState(110)) - 92ba0aed-1dcc-4895-b5bb-fc45f440be2e: shutdown 92ba0aed-1dcc-4895-b5bb-fc45f440be2e@group-DF79F62058F4-FollowerState
2023-11-06 09:26:53,365 [5f7d9b36-4620-4ba9-8a78-929bd6ddd1f9@group-DF79F62058F4-LeaderElection18] INFO  server.RaftServerConfigKeys (ConfUtils.java:logFallback(53)) - raft.server.rpc.first-election.timeout.min = 5s (fallback to raft.server.rpc.timeout.min)
2023-11-06 09:26:53,365 [5f7d9b36-4620-4ba9-8a78-929bd6ddd1f9@group-DF79F62058F4-LeaderElection18] INFO  server.RaftServerConfigKeys (ConfUtils.java:logFallback(53)) - raft.server.rpc.first-election.timeout.max = 5200ms (fallback to raft.server.rpc.timeout.max)
2023-11-06 09:26:53,365 [grpc-default-executor-5] INFO  impl.RoleInfo (RoleInfo.java:updateAndGet(139)) - 92ba0aed-1dcc-4895-b5bb-fc45f440be2e: start 92ba0aed-1dcc-4895-b5bb-fc45f440be2e@group-DF79F62058F4-FollowerState
2023-11-06 09:26:53,367 [grpc-default-executor-0] INFO  server.RaftServer$Division (RaftServerImpl.java:requestVote(1302)) - 18227f38-d602-4438-971e-c9cd287df9cb@group-DF79F62058F4: receive requestVote(ELECTION, 5f7d9b36-4620-4ba9-8a78-929bd6ddd1f9, group-DF79F62058F4, 1, (t:0, i:0))
2023-11-06 09:26:53,367 [grpc-default-executor-0] INFO  impl.VoteContext (VoteContext.java:log(49)) - 18227f38-d602-4438-971e-c9cd287df9cb@group-DF79F62058F4-FOLLOWER: accept ELECTION from 5f7d9b36-4620-4ba9-8a78-929bd6ddd1f9: our priority 0 <= candidate's priority 1
2023-11-06 09:26:53,367 [grpc-default-executor-0] INFO  server.RaftServer$Division (RaftServerImpl.java:setRole(329)) - 18227f38-d602-4438-971e-c9cd287df9cb@group-DF79F62058F4: changes role from  FOLLOWER to FOLLOWER at term 1 for candidate:5f7d9b36-4620-4ba9-8a78-929bd6ddd1f9
2023-11-06 09:26:53,367 [grpc-default-executor-0] INFO  impl.RoleInfo (RoleInfo.java:shutdownFollowerState(110)) - 18227f38-d602-4438-971e-c9cd287df9cb: shutdown 18227f38-d602-4438-971e-c9cd287df9cb@group-DF79F62058F4-FollowerState
2023-11-06 09:26:53,368 [92ba0aed-1dcc-4895-b5bb-fc45f440be2e@group-DF79F62058F4-FollowerState] INFO  impl.FollowerState (FollowerState.java:run(152)) - 92ba0aed-1dcc-4895-b5bb-fc45f440be2e@group-DF79F62058F4-FollowerState was interrupted
2023-11-06 09:26:53,369 [grpc-default-executor-0] INFO  impl.RoleInfo (RoleInfo.java:updateAndGet(139)) - 18227f38-d602-4438-971e-c9cd287df9cb: start 18227f38-d602-4438-971e-c9cd287df9cb@group-DF79F62058F4-FollowerState
2023-11-06 09:26:53,369 [18227f38-d602-4438-971e-c9cd287df9cb@group-DF79F62058F4-FollowerState] INFO  impl.FollowerState (FollowerState.java:run(152)) - 18227f38-d602-4438-971e-c9cd287df9cb@group-DF79F62058F4-FollowerState was interrupted
2023-11-06 09:26:53,371 [0eeb79a9-13fd-416c-b2a7-6f654c6b5029@group-0DB81D4FE909-FollowerState] INFO  impl.FollowerState (FollowerState.java:run(143)) - 0eeb79a9-13fd-416c-b2a7-6f654c6b5029@group-0DB81D4FE909-FollowerState: change to CANDIDATE, lastRpcElapsedTime:5126758727ns, electionTimeout:5120ms
2023-11-06 09:26:53,371 [0eeb79a9-13fd-416c-b2a7-6f654c6b5029@group-0DB81D4FE909-FollowerState] INFO  impl.RoleInfo (RoleInfo.java:shutdownFollowerState(110)) - 0eeb79a9-13fd-416c-b2a7-6f654c6b5029: shutdown 0eeb79a9-13fd-416c-b2a7-6f654c6b5029@group-0DB81D4FE909-FollowerState
2023-11-06 09:26:53,371 [0eeb79a9-13fd-416c-b2a7-6f654c6b5029@group-0DB81D4FE909-FollowerState] INFO  server.RaftServer$Division (RaftServerImpl.java:setRole(329)) - 0eeb79a9-13fd-416c-b2a7-6f654c6b5029@group-0DB81D4FE909: changes role from  FOLLOWER to CANDIDATE at term 0 for changeToCandidate
2023-11-06 09:26:53,372 [grpc-default-executor-5] INFO  server.RaftServer$Division (RaftServerImpl.java:requestVote(1335)) - 92ba0aed-1dcc-4895-b5bb-fc45f440be2e@group-DF79F62058F4 replies to ELECTION vote request: 5f7d9b36-4620-4ba9-8a78-929bd6ddd1f9<-92ba0aed-1dcc-4895-b5bb-fc45f440be2e#0:OK-t1. Peer's state: 92ba0aed-1dcc-4895-b5bb-fc45f440be2e@group-DF79F62058F4:t1, leader=null, voted=5f7d9b36-4620-4ba9-8a78-929bd6ddd1f9, raftlog=Memoized:92ba0aed-1dcc-4895-b5bb-fc45f440be2e@group-DF79F62058F4-SegmentedRaftLog:OPENED:c-1, conf=-1: peers:[92ba0aed-1dcc-4895-b5bb-fc45f440be2e|rpc:10.1.0.6:15068|admin:10.1.0.6:15067|client:10.1.0.6:15066|dataStream:10.1.0.6:15069|priority:0|startupRole:FOLLOWER, 18227f38-d602-4438-971e-c9cd287df9cb|rpc:10.1.0.6:15077|admin:10.1.0.6:15076|client:10.1.0.6:15075|dataStream:10.1.0.6:15078|priority:0|startupRole:FOLLOWER, 5f7d9b36-4620-4ba9-8a78-929bd6ddd1f9|rpc:10.1.0.6:15086|admin:10.1.0.6:15085|client:10.1.0.6:15084|dataStream:10.1.0.6:15087|priority:1|startupRole:FOLLOWER]|listeners:[], old=null
2023-11-06 09:26:53,374 [5f7d9b36-4620-4ba9-8a78-929bd6ddd1f9@group-DF79F62058F4-LeaderElection18] INFO  impl.LeaderElection (LeaderElection.java:logAndReturn(90)) - 5f7d9b36-4620-4ba9-8a78-929bd6ddd1f9@group-DF79F62058F4-LeaderElection18: ELECTION PASSED received 1 response(s) and 0 exception(s):
2023-11-06 09:26:53,374 [5f7d9b36-4620-4ba9-8a78-929bd6ddd1f9@group-DF79F62058F4-LeaderElection18] INFO  impl.LeaderElection (LeaderElection.java:logAndReturn(94)) -   Response 0: 5f7d9b36-4620-4ba9-8a78-929bd6ddd1f9<-92ba0aed-1dcc-4895-b5bb-fc45f440be2e#0:OK-t1
2023-11-06 09:26:53,374 [5f7d9b36-4620-4ba9-8a78-929bd6ddd1f9@group-DF79F62058F4-LeaderElection18] INFO  impl.LeaderElection (LeaderElection.java:askForVotes(323)) - 5f7d9b36-4620-4ba9-8a78-929bd6ddd1f9@group-DF79F62058F4-LeaderElection18 ELECTION round 0: result PASSED
2023-11-06 09:26:53,374 [5f7d9b36-4620-4ba9-8a78-929bd6ddd1f9@group-DF79F62058F4-LeaderElection18] INFO  impl.RoleInfo (RoleInfo.java:shutdownLeaderElection(130)) - 5f7d9b36-4620-4ba9-8a78-929bd6ddd1f9: shutdown 5f7d9b36-4620-4ba9-8a78-929bd6ddd1f9@group-DF79F62058F4-LeaderElection18
2023-11-06 09:26:53,374 [5f7d9b36-4620-4ba9-8a78-929bd6ddd1f9@group-DF79F62058F4-LeaderElection18] INFO  server.RaftServer$Division (RaftServerImpl.java:setRole(329)) - 5f7d9b36-4620-4ba9-8a78-929bd6ddd1f9@group-DF79F62058F4: changes role from CANDIDATE to LEADER at term 1 for changeToLeader
2023-11-06 09:26:53,374 [5f7d9b36-4620-4ba9-8a78-929bd6ddd1f9@group-DF79F62058F4-LeaderElection18] INFO  ratis.XceiverServerRatis (XceiverServerRatis.java:handleLeaderChangedNotification(903)) - Leader change notification received for group: group-DF79F62058F4 with new leaderId: 5f7d9b36-4620-4ba9-8a78-929bd6ddd1f9
2023-11-06 09:26:53,375 [5f7d9b36-4620-4ba9-8a78-929bd6ddd1f9@group-DF79F62058F4-LeaderElection18] INFO  server.RaftServer$Division (ServerState.java:setLeader(317)) - 5f7d9b36-4620-4ba9-8a78-929bd6ddd1f9@group-DF79F62058F4: change Leader from null to 5f7d9b36-4620-4ba9-8a78-929bd6ddd1f9 at term 1 for becomeLeader, leader elected after 5346ms
2023-11-06 09:26:53,375 [5f7d9b36-4620-4ba9-8a78-929bd6ddd1f9@group-DF79F62058F4-LeaderElection18] INFO  server.RaftServerConfigKeys (ConfUtils.java:logGet(46)) - raft.server.staging.catchup.gap = 1000 (default)
2023-11-06 09:26:53,375 [5f7d9b36-4620-4ba9-8a78-929bd6ddd1f9@group-DF79F62058F4-LeaderElection18] INFO  server.RaftServerConfigKeys (ConfUtils.java:logGet(46)) - raft.server.write.element-limit = 1024 (custom)
2023-11-06 09:26:53,375 [5f7d9b36-4620-4ba9-8a78-929bd6ddd1f9@group-DF79F62058F4-LeaderElection18] INFO  server.RaftServerConfigKeys (ConfUtils.java:logGet(46)) - raft.server.write.byte-limit = 1024 M (=1073741824) (custom)
2023-11-06 09:26:53,375 [5f7d9b36-4620-4ba9-8a78-929bd6ddd1f9@group-DF79F62058F4-LeaderElection18] INFO  server.RaftServerConfigKeys (ConfUtils.java:logGet(46)) - raft.server.watch.timeout = 180s (custom)
2023-11-06 09:26:53,375 [5f7d9b36-4620-4ba9-8a78-929bd6ddd1f9@group-DF79F62058F4-LeaderElection18] INFO  server.RaftServerConfigKeys (ConfUtils.java:logGet(46)) - raft.server.watch.timeout.denomination = 1s (default)
2023-11-06 09:26:53,375 [5f7d9b36-4620-4ba9-8a78-929bd6ddd1f9@group-DF79F62058F4-LeaderElection18] INFO  server.RaftServerConfigKeys (ConfUtils.java:logGet(46)) - raft.server.watch.element-limit = 65536 (default)
2023-11-06 09:26:53,375 [5f7d9b36-4620-4ba9-8a78-929bd6ddd1f9@group-DF79F62058F4-LeaderElection18] INFO  server.RaftServerConfigKeys (ConfUtils.java:logGet(46)) - raft.server.write.element-limit = 1024 (custom)
2023-11-06 09:26:53,375 [5f7d9b36-4620-4ba9-8a78-929bd6ddd1f9@group-DF79F62058F4-LeaderElection18] INFO  server.RaftServerConfigKeys (ConfUtils.java:logGet(46)) - raft.server.write.follower.gap.ratio.max = -1.0 (default)
2023-11-06 09:26:53,376 [5f7d9b36-4620-4ba9-8a78-929bd6ddd1f9@group-DF79F62058F4-LeaderElection18] INFO  server.RaftServerConfigKeys (ConfUtils.java:logGet(46)) - raft.server.log.appender.snapshot.chunk.size.max = 16MB (=16777216) (default)
2023-11-06 09:26:53,376 [5f7d9b36-4620-4ba9-8a78-929bd6ddd1f9@group-DF79F62058F4-LeaderElection18] INFO  server.RaftServerConfigKeys (ConfUtils.java:logGet(46)) - raft.server.log.appender.buffer.byte-limit = 33554432 (custom)
2023-11-06 09:26:53,376 [5f7d9b36-4620-4ba9-8a78-929bd6ddd1f9@group-DF79F62058F4-LeaderElection18] INFO  server.RaftServerConfigKeys (ConfUtils.java:logGet(46)) - raft.server.log.appender.buffer.element-limit = 1 (custom)
2023-11-06 09:26:53,376 [5f7d9b36-4620-4ba9-8a78-929bd6ddd1f9@group-DF79F62058F4-LeaderElection18] INFO  server.RaftServerConfigKeys (ConfUtils.java:logGet(46)) - raft.server.log.appender.wait-time.min = 1ms (custom)
2023-11-06 09:26:53,376 [5f7d9b36-4620-4ba9-8a78-929bd6ddd1f9@group-DF79F62058F4-LeaderElection18] INFO  grpc.GrpcConfigKeys (ConfUtils.java:logGet(46)) - raft.grpc.server.leader.outstanding.appends.max = 128 (default)
2023-11-06 09:26:53,376 [5f7d9b36-4620-4ba9-8a78-929bd6ddd1f9@group-DF79F62058F4-LeaderElection18] INFO  server.RaftServerConfigKeys (ConfUtils.java:logGet(46)) - raft.server.rpc.request.timeout = 60s (custom)
2023-11-06 09:26:53,376 [5f7d9b36-4620-4ba9-8a78-929bd6ddd1f9@group-DF79F62058F4-LeaderElection18] INFO  grpc.GrpcConfigKeys (ConfUtils.java:logGet(46)) - raft.grpc.server.install_snapshot.request.element-limit = 8 (default)
2023-11-06 09:26:53,376 [5f7d9b36-4620-4ba9-8a78-929bd6ddd1f9@group-DF79F62058F4-LeaderElection18] INFO  grpc.GrpcConfigKeys (ConfUtils.java:logGet(46)) - raft.grpc.server.install_snapshot.request.timeout = 3000ms (default)
2023-11-06 09:26:53,376 [5f7d9b36-4620-4ba9-8a78-929bd6ddd1f9@group-DF79F62058F4-LeaderElection18] INFO  server.RaftServerConfigKeys (ConfUtils.java:logGet(46)) - raft.server.log.appender.install.snapshot.enabled = false (custom)
2023-11-06 09:26:53,376 [5f7d9b36-4620-4ba9-8a78-929bd6ddd1f9@group-DF79F62058F4-LeaderElection18] INFO  grpc.GrpcConfigKeys (ConfUtils.java:logGet(46)) - raft.grpc.server.heartbeat.channel = true (default)
2023-11-06 09:26:53,379 [0eeb79a9-13fd-416c-b2a7-6f654c6b5029@group-0DB81D4FE909-FollowerState] INFO  server.RaftServerConfigKeys (ConfUtils.java:logGet(46)) - raft.server.leaderelection.pre-vote = true (default)
2023-11-06 09:26:53,379 [0eeb79a9-13fd-416c-b2a7-6f654c6b5029@group-0DB81D4FE909-FollowerState] INFO  impl.RoleInfo (RoleInfo.java:updateAndGet(139)) - 0eeb79a9-13fd-416c-b2a7-6f654c6b5029: start 0eeb79a9-13fd-416c-b2a7-6f654c6b5029@group-0DB81D4FE909-LeaderElection19
2023-11-06 09:26:53,379 [grpc-default-executor-0] INFO  server.RaftServer$Division (RaftServerImpl.java:requestVote(1335)) - 18227f38-d602-4438-971e-c9cd287df9cb@group-DF79F62058F4 replies to ELECTION vote request: 5f7d9b36-4620-4ba9-8a78-929bd6ddd1f9<-18227f38-d602-4438-971e-c9cd287df9cb#0:OK-t1. Peer's state: 18227f38-d602-4438-971e-c9cd287df9cb@group-DF79F62058F4:t1, leader=null, voted=5f7d9b36-4620-4ba9-8a78-929bd6ddd1f9, raftlog=Memoized:18227f38-d602-4438-971e-c9cd287df9cb@group-DF79F62058F4-SegmentedRaftLog:OPENED:c-1, conf=-1: peers:[92ba0aed-1dcc-4895-b5bb-fc45f440be2e|rpc:10.1.0.6:15068|admin:10.1.0.6:15067|client:10.1.0.6:15066|dataStream:10.1.0.6:15069|priority:0|startupRole:FOLLOWER, 18227f38-d602-4438-971e-c9cd287df9cb|rpc:10.1.0.6:15077|admin:10.1.0.6:15076|client:10.1.0.6:15075|dataStream:10.1.0.6:15078|priority:0|startupRole:FOLLOWER, 5f7d9b36-4620-4ba9-8a78-929bd6ddd1f9|rpc:10.1.0.6:15086|admin:10.1.0.6:15085|client:10.1.0.6:15084|dataStream:10.1.0.6:15087|priority:1|startupRole:FOLLOWER]|listeners:[], old=null
2023-11-06 09:26:53,383 [5f7d9b36-4620-4ba9-8a78-929bd6ddd1f9@group-DF79F62058F4-LeaderElection18] INFO  server.RaftServerConfigKeys (ConfUtils.java:logGet(46)) - raft.server.log.appender.snapshot.chunk.size.max = 16MB (=16777216) (default)
2023-11-06 09:26:53,382 [EventQueue-PipelineReportForPipelineReportHandler] INFO  pipeline.PipelineReportHandler (PipelineReportHandler.java:processPipelineReport(136)) - Opened pipeline PipelineID=09dbd412-9c40-45dd-ab24-df79f62058f4
2023-11-06 09:26:53,390 [5f7d9b36-4620-4ba9-8a78-929bd6ddd1f9@group-DF79F62058F4-LeaderElection18] INFO  server.RaftServerConfigKeys (ConfUtils.java:logGet(46)) - raft.server.log.appender.buffer.byte-limit = 33554432 (custom)
2023-11-06 09:26:53,391 [5f7d9b36-4620-4ba9-8a78-929bd6ddd1f9@group-DF79F62058F4-LeaderElection18] INFO  server.RaftServerConfigKeys (ConfUtils.java:logGet(46)) - raft.server.log.appender.buffer.element-limit = 1 (custom)
2023-11-06 09:26:53,391 [5f7d9b36-4620-4ba9-8a78-929bd6ddd1f9@group-DF79F62058F4-LeaderElection18] INFO  server.RaftServerConfigKeys (ConfUtils.java:logGet(46)) - raft.server.log.appender.wait-time.min = 1ms (custom)
2023-11-06 09:26:53,392 [5f7d9b36-4620-4ba9-8a78-929bd6ddd1f9@group-DF79F62058F4-LeaderElection18] INFO  grpc.GrpcConfigKeys (ConfUtils.java:logGet(46)) - raft.grpc.server.leader.outstanding.appends.max = 128 (default)
2023-11-06 09:26:53,392 [5f7d9b36-4620-4ba9-8a78-929bd6ddd1f9@group-DF79F62058F4-LeaderElection18] INFO  server.RaftServerConfigKeys (ConfUtils.java:logGet(46)) - raft.server.rpc.request.timeout = 60s (custom)
2023-11-06 09:26:53,399 [5f7d9b36-4620-4ba9-8a78-929bd6ddd1f9@group-DF79F62058F4-LeaderElection18] INFO  grpc.GrpcConfigKeys (ConfUtils.java:logGet(46)) - raft.grpc.server.install_snapshot.request.element-limit = 8 (default)
2023-11-06 09:26:53,398 [0eeb79a9-13fd-416c-b2a7-6f654c6b5029@group-0DB81D4FE909-LeaderElection19] INFO  impl.LeaderElection (LeaderElection.java:askForVotes(321)) - 0eeb79a9-13fd-416c-b2a7-6f654c6b5029@group-0DB81D4FE909-LeaderElection19 PRE_VOTE round 0: submit vote requests at term 0 for -1: peers:[d9016e39-0130-4fd9-896a-cac3c2785d02|rpc:10.1.0.6:15032|admin:10.1.0.6:15031|client:10.1.0.6:15030|dataStream:10.1.0.6:15033|priority:0|startupRole:FOLLOWER, fedf11b8-0957-422e-880a-91cc26979c7a|rpc:10.1.0.6:15014|admin:10.1.0.6:15013|client:10.1.0.6:15012|dataStream:10.1.0.6:15015|priority:0|startupRole:FOLLOWER, 0eeb79a9-13fd-416c-b2a7-6f654c6b5029|rpc:10.1.0.6:15023|admin:10.1.0.6:15022|client:10.1.0.6:15021|dataStream:10.1.0.6:15024|priority:1|startupRole:FOLLOWER]|listeners:[], old=null
2023-11-06 09:26:53,399 [5f7d9b36-4620-4ba9-8a78-929bd6ddd1f9@group-DF79F62058F4-LeaderElection18] INFO  grpc.GrpcConfigKeys (ConfUtils.java:logGet(46)) - raft.grpc.server.install_snapshot.request.timeout = 3000ms (default)
2023-11-06 09:26:53,401 [5f7d9b36-4620-4ba9-8a78-929bd6ddd1f9@group-DF79F62058F4-LeaderElection18] INFO  server.RaftServerConfigKeys (ConfUtils.java:logGet(46)) - raft.server.log.appender.install.snapshot.enabled = false (custom)
2023-11-06 09:26:53,401 [5f7d9b36-4620-4ba9-8a78-929bd6ddd1f9@group-DF79F62058F4-LeaderElection18] INFO  grpc.GrpcConfigKeys (ConfUtils.java:logGet(46)) - raft.grpc.server.heartbeat.channel = true (default)
2023-11-06 09:26:53,401 [5f7d9b36-4620-4ba9-8a78-929bd6ddd1f9@group-DF79F62058F4-LeaderElection18] INFO  impl.RoleInfo (RoleInfo.java:updateAndGet(139)) - 5f7d9b36-4620-4ba9-8a78-929bd6ddd1f9: start 5f7d9b36-4620-4ba9-8a78-929bd6ddd1f9@group-DF79F62058F4-LeaderStateImpl
2023-11-06 09:26:53,401 [5f7d9b36-4620-4ba9-8a78-929bd6ddd1f9@group-DF79F62058F4-LeaderElection18] INFO  segmented.SegmentedRaftLogWorker (SegmentedRaftLogWorker.java:startLogSegment(447)) - 5f7d9b36-4620-4ba9-8a78-929bd6ddd1f9@group-DF79F62058F4-SegmentedRaftLogWorker: Starting segment from index:0
2023-11-06 09:26:53,408 [0eeb79a9-13fd-416c-b2a7-6f654c6b5029@group-0DB81D4FE909-LeaderElection19-1] INFO  server.GrpcServerProtocolClient (GrpcServerProtocolClient.java:<init>(65)) - Build channel for d9016e39-0130-4fd9-896a-cac3c2785d02
2023-11-06 09:26:53,408 [5f7d9b36-4620-4ba9-8a78-929bd6ddd1f9@group-DF79F62058F4-SegmentedRaftLogWorker] INFO  segmented.SegmentedRaftLogWorker (SegmentedRaftLogWorker.java:execute(651)) - 5f7d9b36-4620-4ba9-8a78-929bd6ddd1f9@group-DF79F62058F4-SegmentedRaftLogWorker: created new log segment /home/runner/work/ozone/ozone/hadoop-ozone/integration-test/target/test-dir/MiniOzoneClusterImpl-938474ea-96d6-4bd3-a45f-678920fb0bb2/datanode-8/data/ratis/09dbd412-9c40-45dd-ab24-df79f62058f4/current/log_inprogress_0
2023-11-06 09:26:53,412 [0eeb79a9-13fd-416c-b2a7-6f654c6b5029@group-0DB81D4FE909-LeaderElection19] INFO  server.RaftServerConfigKeys (ConfUtils.java:logFallback(53)) - raft.server.rpc.first-election.timeout.min = 5s (fallback to raft.server.rpc.timeout.min)
2023-11-06 09:26:53,412 [0eeb79a9-13fd-416c-b2a7-6f654c6b5029@group-0DB81D4FE909-LeaderElection19] INFO  server.RaftServerConfigKeys (ConfUtils.java:logFallback(53)) - raft.server.rpc.first-election.timeout.max = 5200ms (fallback to raft.server.rpc.timeout.max)
2023-11-06 09:26:53,413 [0eeb79a9-13fd-416c-b2a7-6f654c6b5029@group-0DB81D4FE909-LeaderElection19-2] INFO  server.GrpcServerProtocolClient (GrpcServerProtocolClient.java:<init>(65)) - Build channel for fedf11b8-0957-422e-880a-91cc26979c7a
2023-11-06 09:26:53,430 [5f7d9b36-4620-4ba9-8a78-929bd6ddd1f9@group-DF79F62058F4-LeaderElection18] INFO  server.RaftServer$Division (ServerState.java:setRaftConf(434)) - 5f7d9b36-4620-4ba9-8a78-929bd6ddd1f9@group-DF79F62058F4: set configuration 0: peers:[92ba0aed-1dcc-4895-b5bb-fc45f440be2e|rpc:10.1.0.6:15068|admin:10.1.0.6:15067|client:10.1.0.6:15066|dataStream:10.1.0.6:15069|priority:0|startupRole:FOLLOWER, 18227f38-d602-4438-971e-c9cd287df9cb|rpc:10.1.0.6:15077|admin:10.1.0.6:15076|client:10.1.0.6:15075|dataStream:10.1.0.6:15078|priority:0|startupRole:FOLLOWER, 5f7d9b36-4620-4ba9-8a78-929bd6ddd1f9|rpc:10.1.0.6:15086|admin:10.1.0.6:15085|client:10.1.0.6:15084|dataStream:10.1.0.6:15087|priority:1|startupRole:FOLLOWER]|listeners:[], old=null
2023-11-06 09:26:53,443 [grpc-default-executor-0] INFO  server.RaftServer$Division (RaftServerImpl.java:requestVote(1302)) - d9016e39-0130-4fd9-896a-cac3c2785d02@group-0DB81D4FE909: receive requestVote(PRE_VOTE, 0eeb79a9-13fd-416c-b2a7-6f654c6b5029, group-0DB81D4FE909, 0, (t:0, i:0))
2023-11-06 09:26:53,446 [grpc-default-executor-2] INFO  server.RaftServer$Division (RaftServerImpl.java:requestVote(1302)) - fedf11b8-0957-422e-880a-91cc26979c7a@group-0DB81D4FE909: receive requestVote(PRE_VOTE, 0eeb79a9-13fd-416c-b2a7-6f654c6b5029, group-0DB81D4FE909, 0, (t:0, i:0))
2023-11-06 09:26:53,446 [grpc-default-executor-2] INFO  impl.VoteContext (VoteContext.java:log(49)) - fedf11b8-0957-422e-880a-91cc26979c7a@group-0DB81D4FE909-FOLLOWER: accept PRE_VOTE from 0eeb79a9-13fd-416c-b2a7-6f654c6b5029: our priority 0 <= candidate's priority 1
2023-11-06 09:26:53,446 [grpc-default-executor-2] INFO  server.RaftServer$Division (RaftServerImpl.java:requestVote(1335)) - fedf11b8-0957-422e-880a-91cc26979c7a@group-0DB81D4FE909 replies to PRE_VOTE vote request: 0eeb79a9-13fd-416c-b2a7-6f654c6b5029<-fedf11b8-0957-422e-880a-91cc26979c7a#0:OK-t0. Peer's state: fedf11b8-0957-422e-880a-91cc26979c7a@group-0DB81D4FE909:t0, leader=null, voted=, raftlog=Memoized:fedf11b8-0957-422e-880a-91cc26979c7a@group-0DB81D4FE909-SegmentedRaftLog:OPENED:c-1, conf=-1: peers:[d9016e39-0130-4fd9-896a-cac3c2785d02|rpc:10.1.0.6:15032|admin:10.1.0.6:15031|client:10.1.0.6:15030|dataStream:10.1.0.6:15033|priority:0|startupRole:FOLLOWER, fedf11b8-0957-422e-880a-91cc26979c7a|rpc:10.1.0.6:15014|admin:10.1.0.6:15013|client:10.1.0.6:15012|dataStream:10.1.0.6:15015|priority:0|startupRole:FOLLOWER, 0eeb79a9-13fd-416c-b2a7-6f654c6b5029|rpc:10.1.0.6:15023|admin:10.1.0.6:15022|client:10.1.0.6:15021|dataStream:10.1.0.6:15024|priority:1|startupRole:FOLLOWER]|listeners:[], old=null
2023-11-06 09:26:53,449 [18227f38-d602-4438-971e-c9cd287df9cb-server-thread1] INFO  ratis.XceiverServerRatis (XceiverServerRatis.java:handleLeaderChangedNotification(903)) - Leader change notification received for group: group-DF79F62058F4 with new leaderId: 5f7d9b36-4620-4ba9-8a78-929bd6ddd1f9
2023-11-06 09:26:53,449 [18227f38-d602-4438-971e-c9cd287df9cb-server-thread1] INFO  server.RaftServer$Division (ServerState.java:setLeader(317)) - 18227f38-d602-4438-971e-c9cd287df9cb@group-DF79F62058F4: change Leader from null to 5f7d9b36-4620-4ba9-8a78-929bd6ddd1f9 at term 1 for appendEntries, leader elected after 5544ms
2023-11-06 09:26:53,461 [92ba0aed-1dcc-4895-b5bb-fc45f440be2e-server-thread2] INFO  ratis.XceiverServerRatis (XceiverServerRatis.java:handleLeaderChangedNotification(903)) - Leader change notification received for group: group-DF79F62058F4 with new leaderId: 5f7d9b36-4620-4ba9-8a78-929bd6ddd1f9
2023-11-06 09:26:53,462 [92ba0aed-1dcc-4895-b5bb-fc45f440be2e-server-thread2] INFO  server.RaftServer$Division (ServerState.java:setLeader(317)) - 92ba0aed-1dcc-4895-b5bb-fc45f440be2e@group-DF79F62058F4: change Leader from null to 5f7d9b36-4620-4ba9-8a78-929bd6ddd1f9 at term 1 for appendEntries, leader elected after 6090ms
2023-11-06 09:26:53,474 [grpc-default-executor-0] INFO  impl.VoteContext (VoteContext.java:log(49)) - d9016e39-0130-4fd9-896a-cac3c2785d02@group-0DB81D4FE909-FOLLOWER: accept PRE_VOTE from 0eeb79a9-13fd-416c-b2a7-6f654c6b5029: our priority 0 <= candidate's priority 1
2023-11-06 09:26:53,475 [grpc-default-executor-0] INFO  server.RaftServer$Division (RaftServerImpl.java:requestVote(1335)) - d9016e39-0130-4fd9-896a-cac3c2785d02@group-0DB81D4FE909 replies to PRE_VOTE vote request: 0eeb79a9-13fd-416c-b2a7-6f654c6b5029<-d9016e39-0130-4fd9-896a-cac3c2785d02#0:OK-t0. Peer's state: d9016e39-0130-4fd9-896a-cac3c2785d02@group-0DB81D4FE909:t0, leader=null, voted=, raftlog=Memoized:d9016e39-0130-4fd9-896a-cac3c2785d02@group-0DB81D4FE909-SegmentedRaftLog:OPENED:c-1, conf=-1: peers:[d9016e39-0130-4fd9-896a-cac3c2785d02|rpc:10.1.0.6:15032|admin:10.1.0.6:15031|client:10.1.0.6:15030|dataStream:10.1.0.6:15033|priority:0|startupRole:FOLLOWER, fedf11b8-0957-422e-880a-91cc26979c7a|rpc:10.1.0.6:15014|admin:10.1.0.6:15013|client:10.1.0.6:15012|dataStream:10.1.0.6:15015|priority:0|startupRole:FOLLOWER, 0eeb79a9-13fd-416c-b2a7-6f654c6b5029|rpc:10.1.0.6:15023|admin:10.1.0.6:15022|client:10.1.0.6:15021|dataStream:10.1.0.6:15024|priority:1|startupRole:FOLLOWER]|listeners:[], old=null
2023-11-06 09:26:53,475 [18227f38-d602-4438-971e-c9cd287df9cb-server-thread1] INFO  server.RaftServer$Division (ServerState.java:setRaftConf(434)) - 18227f38-d602-4438-971e-c9cd287df9cb@group-DF79F62058F4: set configuration 0: peers:[92ba0aed-1dcc-4895-b5bb-fc45f440be2e|rpc:10.1.0.6:15068|admin:10.1.0.6:15067|client:10.1.0.6:15066|dataStream:10.1.0.6:15069|priority:0|startupRole:FOLLOWER, 18227f38-d602-4438-971e-c9cd287df9cb|rpc:10.1.0.6:15077|admin:10.1.0.6:15076|client:10.1.0.6:15075|dataStream:10.1.0.6:15078|priority:0|startupRole:FOLLOWER, 5f7d9b36-4620-4ba9-8a78-929bd6ddd1f9|rpc:10.1.0.6:15086|admin:10.1.0.6:15085|client:10.1.0.6:15084|dataStream:10.1.0.6:15087|priority:1|startupRole:FOLLOWER]|listeners:[], old=null
2023-11-06 09:26:53,475 [18227f38-d602-4438-971e-c9cd287df9cb-server-thread1] INFO  segmented.SegmentedRaftLogWorker (SegmentedRaftLogWorker.java:startLogSegment(447)) - 18227f38-d602-4438-971e-c9cd287df9cb@group-DF79F62058F4-SegmentedRaftLogWorker: Starting segment from index:0
2023-11-06 09:26:53,476 [0eeb79a9-13fd-416c-b2a7-6f654c6b5029@group-0DB81D4FE909-LeaderElection19] INFO  impl.LeaderElection (LeaderElection.java:logAndReturn(90)) - 0eeb79a9-13fd-416c-b2a7-6f654c6b5029@group-0DB81D4FE909-LeaderElection19: PRE_VOTE PASSED received 1 response(s) and 0 exception(s):
2023-11-06 09:26:53,476 [0eeb79a9-13fd-416c-b2a7-6f654c6b5029@group-0DB81D4FE909-LeaderElection19] INFO  impl.LeaderElection (LeaderElection.java:logAndReturn(94)) -   Response 0: 0eeb79a9-13fd-416c-b2a7-6f654c6b5029<-fedf11b8-0957-422e-880a-91cc26979c7a#0:OK-t0
2023-11-06 09:26:53,476 [0eeb79a9-13fd-416c-b2a7-6f654c6b5029@group-0DB81D4FE909-LeaderElection19] INFO  impl.LeaderElection (LeaderElection.java:askForVotes(323)) - 0eeb79a9-13fd-416c-b2a7-6f654c6b5029@group-0DB81D4FE909-LeaderElection19 PRE_VOTE round 0: result PASSED
2023-11-06 09:26:53,477 [fadd24ee-4463-4420-97cf-bdd350ad83ae@group-E7ACA9F6E515-FollowerState] INFO  impl.FollowerState (FollowerState.java:run(143)) - fadd24ee-4463-4420-97cf-bdd350ad83ae@group-E7ACA9F6E515-FollowerState: change to CANDIDATE, lastRpcElapsedTime:5130211942ns, electionTimeout:5119ms
2023-11-06 09:26:53,477 [fadd24ee-4463-4420-97cf-bdd350ad83ae@group-E7ACA9F6E515-FollowerState] INFO  impl.RoleInfo (RoleInfo.java:shutdownFollowerState(110)) - fadd24ee-4463-4420-97cf-bdd350ad83ae: shutdown fadd24ee-4463-4420-97cf-bdd350ad83ae@group-E7ACA9F6E515-FollowerState
2023-11-06 09:26:53,477 [fadd24ee-4463-4420-97cf-bdd350ad83ae@group-E7ACA9F6E515-FollowerState] INFO  server.RaftServer$Division (RaftServerImpl.java:setRole(329)) - fadd24ee-4463-4420-97cf-bdd350ad83ae@group-E7ACA9F6E515: changes role from  FOLLOWER to CANDIDATE at term 0 for changeToCandidate
2023-11-06 09:26:53,477 [fadd24ee-4463-4420-97cf-bdd350ad83ae@group-E7ACA9F6E515-FollowerState] INFO  server.RaftServerConfigKeys (ConfUtils.java:logGet(46)) - raft.server.leaderelection.pre-vote = true (default)
2023-11-06 09:26:53,477 [fadd24ee-4463-4420-97cf-bdd350ad83ae@group-E7ACA9F6E515-FollowerState] INFO  impl.RoleInfo (RoleInfo.java:updateAndGet(139)) - fadd24ee-4463-4420-97cf-bdd350ad83ae: start fadd24ee-4463-4420-97cf-bdd350ad83ae@group-E7ACA9F6E515-LeaderElection20
2023-11-06 09:26:53,478 [18227f38-d602-4438-971e-c9cd287df9cb@group-DF79F62058F4-SegmentedRaftLogWorker] INFO  segmented.SegmentedRaftLogWorker (SegmentedRaftLogWorker.java:execute(651)) - 18227f38-d602-4438-971e-c9cd287df9cb@group-DF79F62058F4-SegmentedRaftLogWorker: created new log segment /home/runner/work/ozone/ozone/hadoop-ozone/integration-test/target/test-dir/MiniOzoneClusterImpl-938474ea-96d6-4bd3-a45f-678920fb0bb2/datanode-7/data/ratis/09dbd412-9c40-45dd-ab24-df79f62058f4/current/log_inprogress_0
2023-11-06 09:26:53,478 [0eeb79a9-13fd-416c-b2a7-6f654c6b5029@group-0DB81D4FE909-LeaderElection19] INFO  impl.LeaderElection (LeaderElection.java:askForVotes(321)) - 0eeb79a9-13fd-416c-b2a7-6f654c6b5029@group-0DB81D4FE909-LeaderElection19 ELECTION round 0: submit vote requests at term 1 for -1: peers:[d9016e39-0130-4fd9-896a-cac3c2785d02|rpc:10.1.0.6:15032|admin:10.1.0.6:15031|client:10.1.0.6:15030|dataStream:10.1.0.6:15033|priority:0|startupRole:FOLLOWER, fedf11b8-0957-422e-880a-91cc26979c7a|rpc:10.1.0.6:15014|admin:10.1.0.6:15013|client:10.1.0.6:15012|dataStream:10.1.0.6:15015|priority:0|startupRole:FOLLOWER, 0eeb79a9-13fd-416c-b2a7-6f654c6b5029|rpc:10.1.0.6:15023|admin:10.1.0.6:15022|client:10.1.0.6:15021|dataStream:10.1.0.6:15024|priority:1|startupRole:FOLLOWER]|listeners:[], old=null
2023-11-06 09:26:53,489 [92ba0aed-1dcc-4895-b5bb-fc45f440be2e-server-thread1] INFO  server.RaftServer$Division (ServerState.java:setRaftConf(434)) - 92ba0aed-1dcc-4895-b5bb-fc45f440be2e@group-DF79F62058F4: set configuration 0: peers:[92ba0aed-1dcc-4895-b5bb-fc45f440be2e|rpc:10.1.0.6:15068|admin:10.1.0.6:15067|client:10.1.0.6:15066|dataStream:10.1.0.6:15069|priority:0|startupRole:FOLLOWER, 18227f38-d602-4438-971e-c9cd287df9cb|rpc:10.1.0.6:15077|admin:10.1.0.6:15076|client:10.1.0.6:15075|dataStream:10.1.0.6:15078|priority:0|startupRole:FOLLOWER, 5f7d9b36-4620-4ba9-8a78-929bd6ddd1f9|rpc:10.1.0.6:15086|admin:10.1.0.6:15085|client:10.1.0.6:15084|dataStream:10.1.0.6:15087|priority:1|startupRole:FOLLOWER]|listeners:[], old=null
2023-11-06 09:26:53,489 [92ba0aed-1dcc-4895-b5bb-fc45f440be2e-server-thread1] INFO  segmented.SegmentedRaftLogWorker (SegmentedRaftLogWorker.java:startLogSegment(447)) - 92ba0aed-1dcc-4895-b5bb-fc45f440be2e@group-DF79F62058F4-SegmentedRaftLogWorker: Starting segment from index:0
2023-11-06 09:26:53,491 [fadd24ee-4463-4420-97cf-bdd350ad83ae@group-E7ACA9F6E515-LeaderElection20] INFO  impl.LeaderElection (LeaderElection.java:askForVotes(321)) - fadd24ee-4463-4420-97cf-bdd350ad83ae@group-E7ACA9F6E515-LeaderElection20 PRE_VOTE round 0: submit vote requests at term 0 for -1: peers:[fadd24ee-4463-4420-97cf-bdd350ad83ae|rpc:10.1.0.6:15041|admin:10.1.0.6:15040|client:10.1.0.6:15039|dataStream:10.1.0.6:15042|priority:0|startupRole:FOLLOWER, 4cee0e49-9f18-41f8-8e67-157ccbc15955|rpc:10.1.0.6:15050|admin:10.1.0.6:15049|client:10.1.0.6:15048|dataStream:10.1.0.6:15051|priority:0|startupRole:FOLLOWER, b7b1b697-3f82-4acb-89c8-f9bc2eccfa5a|rpc:10.1.0.6:15059|admin:10.1.0.6:15058|client:10.1.0.6:15057|dataStream:10.1.0.6:15060|priority:1|startupRole:FOLLOWER]|listeners:[], old=null
2023-11-06 09:26:53,492 [0eeb79a9-13fd-416c-b2a7-6f654c6b5029@group-0DB81D4FE909-LeaderElection19] INFO  server.RaftServerConfigKeys (ConfUtils.java:logFallback(53)) - raft.server.rpc.first-election.timeout.min = 5s (fallback to raft.server.rpc.timeout.min)
2023-11-06 09:26:53,492 [0eeb79a9-13fd-416c-b2a7-6f654c6b5029@group-0DB81D4FE909-LeaderElection19] INFO  server.RaftServerConfigKeys (ConfUtils.java:logFallback(53)) - raft.server.rpc.first-election.timeout.max = 5200ms (fallback to raft.server.rpc.timeout.max)
2023-11-06 09:26:53,494 [fadd24ee-4463-4420-97cf-bdd350ad83ae@group-E7ACA9F6E515-LeaderElection20-1] INFO  server.GrpcServerProtocolClient (GrpcServerProtocolClient.java:<init>(65)) - Build channel for 4cee0e49-9f18-41f8-8e67-157ccbc15955
2023-11-06 09:26:53,494 [fadd24ee-4463-4420-97cf-bdd350ad83ae@group-E7ACA9F6E515-LeaderElection20] INFO  server.RaftServerConfigKeys (ConfUtils.java:logFallback(53)) - raft.server.rpc.first-election.timeout.min = 5s (fallback to raft.server.rpc.timeout.min)
2023-11-06 09:26:53,494 [fadd24ee-4463-4420-97cf-bdd350ad83ae@group-E7ACA9F6E515-LeaderElection20] INFO  server.RaftServerConfigKeys (ConfUtils.java:logFallback(53)) - raft.server.rpc.first-election.timeout.max = 5200ms (fallback to raft.server.rpc.timeout.max)
2023-11-06 09:26:53,494 [92ba0aed-1dcc-4895-b5bb-fc45f440be2e@group-DF79F62058F4-SegmentedRaftLogWorker] INFO  segmented.SegmentedRaftLogWorker (SegmentedRaftLogWorker.java:execute(651)) - 92ba0aed-1dcc-4895-b5bb-fc45f440be2e@group-DF79F62058F4-SegmentedRaftLogWorker: created new log segment /home/runner/work/ozone/ozone/hadoop-ozone/integration-test/target/test-dir/MiniOzoneClusterImpl-938474ea-96d6-4bd3-a45f-678920fb0bb2/datanode-6/data/ratis/09dbd412-9c40-45dd-ab24-df79f62058f4/current/log_inprogress_0
2023-11-06 09:26:53,498 [grpc-default-executor-3] INFO  server.RaftServer$Division (RaftServerImpl.java:requestVote(1302)) - fedf11b8-0957-422e-880a-91cc26979c7a@group-0DB81D4FE909: receive requestVote(ELECTION, 0eeb79a9-13fd-416c-b2a7-6f654c6b5029, group-0DB81D4FE909, 1, (t:0, i:0))
2023-11-06 09:26:53,498 [grpc-default-executor-3] INFO  impl.VoteContext (VoteContext.java:log(49)) - fedf11b8-0957-422e-880a-91cc26979c7a@group-0DB81D4FE909-FOLLOWER: accept ELECTION from 0eeb79a9-13fd-416c-b2a7-6f654c6b5029: our priority 0 <= candidate's priority 1
2023-11-06 09:26:53,498 [grpc-default-executor-3] INFO  server.RaftServer$Division (RaftServerImpl.java:setRole(329)) - fedf11b8-0957-422e-880a-91cc26979c7a@group-0DB81D4FE909: changes role from  FOLLOWER to FOLLOWER at term 1 for candidate:0eeb79a9-13fd-416c-b2a7-6f654c6b5029
2023-11-06 09:26:53,498 [grpc-default-executor-3] INFO  impl.RoleInfo (RoleInfo.java:shutdownFollowerState(110)) - fedf11b8-0957-422e-880a-91cc26979c7a: shutdown fedf11b8-0957-422e-880a-91cc26979c7a@group-0DB81D4FE909-FollowerState
2023-11-06 09:26:53,499 [grpc-default-executor-3] INFO  impl.RoleInfo (RoleInfo.java:updateAndGet(139)) - fedf11b8-0957-422e-880a-91cc26979c7a: start fedf11b8-0957-422e-880a-91cc26979c7a@group-0DB81D4FE909-FollowerState
2023-11-06 09:26:53,499 [fedf11b8-0957-422e-880a-91cc26979c7a@group-0DB81D4FE909-FollowerState] INFO  impl.FollowerState (FollowerState.java:run(152)) - fedf11b8-0957-422e-880a-91cc26979c7a@group-0DB81D4FE909-FollowerState was interrupted
2023-11-06 09:26:53,500 [grpc-default-executor-0] INFO  server.RaftServer$Division (RaftServerImpl.java:requestVote(1302)) - d9016e39-0130-4fd9-896a-cac3c2785d02@group-0DB81D4FE909: receive requestVote(ELECTION, 0eeb79a9-13fd-416c-b2a7-6f654c6b5029, group-0DB81D4FE909, 1, (t:0, i:0))
2023-11-06 09:26:53,501 [grpc-default-executor-0] INFO  impl.VoteContext (VoteContext.java:log(49)) - d9016e39-0130-4fd9-896a-cac3c2785d02@group-0DB81D4FE909-FOLLOWER: accept ELECTION from 0eeb79a9-13fd-416c-b2a7-6f654c6b5029: our priority 0 <= candidate's priority 1
2023-11-06 09:26:53,501 [grpc-default-executor-0] INFO  server.RaftServer$Division (RaftServerImpl.java:setRole(329)) - d9016e39-0130-4fd9-896a-cac3c2785d02@group-0DB81D4FE909: changes role from  FOLLOWER to FOLLOWER at term 1 for candidate:0eeb79a9-13fd-416c-b2a7-6f654c6b5029
2023-11-06 09:26:53,501 [grpc-default-executor-0] INFO  impl.RoleInfo (RoleInfo.java:shutdownFollowerState(110)) - d9016e39-0130-4fd9-896a-cac3c2785d02: shutdown d9016e39-0130-4fd9-896a-cac3c2785d02@group-0DB81D4FE909-FollowerState
2023-11-06 09:26:53,502 [fadd24ee-4463-4420-97cf-bdd350ad83ae@group-E7ACA9F6E515-LeaderElection20-2] INFO  server.GrpcServerProtocolClient (GrpcServerProtocolClient.java:<init>(65)) - Build channel for b7b1b697-3f82-4acb-89c8-f9bc2eccfa5a
2023-11-06 09:26:53,504 [grpc-default-executor-3] INFO  server.RaftServer$Division (RaftServerImpl.java:requestVote(1335)) - fedf11b8-0957-422e-880a-91cc26979c7a@group-0DB81D4FE909 replies to ELECTION vote request: 0eeb79a9-13fd-416c-b2a7-6f654c6b5029<-fedf11b8-0957-422e-880a-91cc26979c7a#0:OK-t1. Peer's state: fedf11b8-0957-422e-880a-91cc26979c7a@group-0DB81D4FE909:t1, leader=null, voted=0eeb79a9-13fd-416c-b2a7-6f654c6b5029, raftlog=Memoized:fedf11b8-0957-422e-880a-91cc26979c7a@group-0DB81D4FE909-SegmentedRaftLog:OPENED:c-1, conf=-1: peers:[d9016e39-0130-4fd9-896a-cac3c2785d02|rpc:10.1.0.6:15032|admin:10.1.0.6:15031|client:10.1.0.6:15030|dataStream:10.1.0.6:15033|priority:0|startupRole:FOLLOWER, fedf11b8-0957-422e-880a-91cc26979c7a|rpc:10.1.0.6:15014|admin:10.1.0.6:15013|client:10.1.0.6:15012|dataStream:10.1.0.6:15015|priority:0|startupRole:FOLLOWER, 0eeb79a9-13fd-416c-b2a7-6f654c6b5029|rpc:10.1.0.6:15023|admin:10.1.0.6:15022|client:10.1.0.6:15021|dataStream:10.1.0.6:15024|priority:1|startupRole:FOLLOWER]|listeners:[], old=null
2023-11-06 09:26:53,509 [d9016e39-0130-4fd9-896a-cac3c2785d02@group-0DB81D4FE909-FollowerState] INFO  impl.FollowerState (FollowerState.java:run(152)) - d9016e39-0130-4fd9-896a-cac3c2785d02@group-0DB81D4FE909-FollowerState was interrupted
2023-11-06 09:26:53,509 [grpc-default-executor-0] INFO  impl.RoleInfo (RoleInfo.java:updateAndGet(139)) - d9016e39-0130-4fd9-896a-cac3c2785d02: start d9016e39-0130-4fd9-896a-cac3c2785d02@group-0DB81D4FE909-FollowerState
2023-11-06 09:26:53,511 [92ba0aed-1dcc-4895-b5bb-fc45f440be2e@group-6DBCDF991ECB-FollowerState] INFO  server.RaftServerConfigKeys (ConfUtils.java:logFallback(53)) - raft.server.rpc.first-election.timeout.min = 5s (fallback to raft.server.rpc.timeout.min)
2023-11-06 09:26:53,511 [92ba0aed-1dcc-4895-b5bb-fc45f440be2e@group-6DBCDF991ECB-FollowerState] INFO  server.RaftServerConfigKeys (ConfUtils.java:logFallback(53)) - raft.server.rpc.first-election.timeout.max = 5200ms (fallback to raft.server.rpc.timeout.max)
2023-11-06 09:26:53,513 [grpc-default-executor-0] INFO  server.RaftServer$Division (RaftServerImpl.java:requestVote(1335)) - d9016e39-0130-4fd9-896a-cac3c2785d02@group-0DB81D4FE909 replies to ELECTION vote request: 0eeb79a9-13fd-416c-b2a7-6f654c6b5029<-d9016e39-0130-4fd9-896a-cac3c2785d02#0:OK-t1. Peer's state: d9016e39-0130-4fd9-896a-cac3c2785d02@group-0DB81D4FE909:t1, leader=null, voted=0eeb79a9-13fd-416c-b2a7-6f654c6b5029, raftlog=Memoized:d9016e39-0130-4fd9-896a-cac3c2785d02@group-0DB81D4FE909-SegmentedRaftLog:OPENED:c-1, conf=-1: peers:[d9016e39-0130-4fd9-896a-cac3c2785d02|rpc:10.1.0.6:15032|admin:10.1.0.6:15031|client:10.1.0.6:15030|dataStream:10.1.0.6:15033|priority:0|startupRole:FOLLOWER, fedf11b8-0957-422e-880a-91cc26979c7a|rpc:10.1.0.6:15014|admin:10.1.0.6:15013|client:10.1.0.6:15012|dataStream:10.1.0.6:15015|priority:0|startupRole:FOLLOWER, 0eeb79a9-13fd-416c-b2a7-6f654c6b5029|rpc:10.1.0.6:15023|admin:10.1.0.6:15022|client:10.1.0.6:15021|dataStream:10.1.0.6:15024|priority:1|startupRole:FOLLOWER]|listeners:[], old=null
2023-11-06 09:26:53,514 [0eeb79a9-13fd-416c-b2a7-6f654c6b5029@group-0DB81D4FE909-LeaderElection19] INFO  impl.LeaderElection (LeaderElection.java:logAndReturn(90)) - 0eeb79a9-13fd-416c-b2a7-6f654c6b5029@group-0DB81D4FE909-LeaderElection19: ELECTION PASSED received 1 response(s) and 0 exception(s):
2023-11-06 09:26:53,514 [0eeb79a9-13fd-416c-b2a7-6f654c6b5029@group-0DB81D4FE909-LeaderElection19] INFO  impl.LeaderElection (LeaderElection.java:logAndReturn(94)) -   Response 0: 0eeb79a9-13fd-416c-b2a7-6f654c6b5029<-d9016e39-0130-4fd9-896a-cac3c2785d02#0:OK-t1
2023-11-06 09:26:53,514 [0eeb79a9-13fd-416c-b2a7-6f654c6b5029@group-0DB81D4FE909-LeaderElection19] INFO  impl.LeaderElection (LeaderElection.java:askForVotes(323)) - 0eeb79a9-13fd-416c-b2a7-6f654c6b5029@group-0DB81D4FE909-LeaderElection19 ELECTION round 0: result PASSED
2023-11-06 09:26:53,514 [0eeb79a9-13fd-416c-b2a7-6f654c6b5029@group-0DB81D4FE909-LeaderElection19] INFO  impl.RoleInfo (RoleInfo.java:shutdownLeaderElection(130)) - 0eeb79a9-13fd-416c-b2a7-6f654c6b5029: shutdown 0eeb79a9-13fd-416c-b2a7-6f654c6b5029@group-0DB81D4FE909-LeaderElection19
2023-11-06 09:26:53,514 [0eeb79a9-13fd-416c-b2a7-6f654c6b5029@group-0DB81D4FE909-LeaderElection19] INFO  server.RaftServer$Division (RaftServerImpl.java:setRole(329)) - 0eeb79a9-13fd-416c-b2a7-6f654c6b5029@group-0DB81D4FE909: changes role from CANDIDATE to LEADER at term 1 for changeToLeader
2023-11-06 09:26:53,514 [0eeb79a9-13fd-416c-b2a7-6f654c6b5029@group-0DB81D4FE909-LeaderElection19] INFO  ratis.XceiverServerRatis (XceiverServerRatis.java:handleLeaderChangedNotification(903)) - Leader change notification received for group: group-0DB81D4FE909 with new leaderId: 0eeb79a9-13fd-416c-b2a7-6f654c6b5029
2023-11-06 09:26:53,524 [0eeb79a9-13fd-416c-b2a7-6f654c6b5029@group-0DB81D4FE909-LeaderElection19] INFO  server.RaftServer$Division (ServerState.java:setLeader(317)) - 0eeb79a9-13fd-416c-b2a7-6f654c6b5029@group-0DB81D4FE909: change Leader from null to 0eeb79a9-13fd-416c-b2a7-6f654c6b5029 at term 1 for becomeLeader, leader elected after 5305ms
2023-11-06 09:26:53,524 [0eeb79a9-13fd-416c-b2a7-6f654c6b5029@group-0DB81D4FE909-LeaderElection19] INFO  server.RaftServerConfigKeys (ConfUtils.java:logGet(46)) - raft.server.staging.catchup.gap = 1000 (default)
2023-11-06 09:26:53,524 [0eeb79a9-13fd-416c-b2a7-6f654c6b5029@group-0DB81D4FE909-LeaderElection19] INFO  server.RaftServerConfigKeys (ConfUtils.java:logGet(46)) - raft.server.write.element-limit = 1024 (custom)
2023-11-06 09:26:53,524 [0eeb79a9-13fd-416c-b2a7-6f654c6b5029@group-0DB81D4FE909-LeaderElection19] INFO  server.RaftServerConfigKeys (ConfUtils.java:logGet(46)) - raft.server.write.byte-limit = 1024 M (=1073741824) (custom)
2023-11-06 09:26:53,524 [0eeb79a9-13fd-416c-b2a7-6f654c6b5029@group-0DB81D4FE909-LeaderElection19] INFO  server.RaftServerConfigKeys (ConfUtils.java:logGet(46)) - raft.server.watch.timeout = 180s (custom)
2023-11-06 09:26:53,524 [0eeb79a9-13fd-416c-b2a7-6f654c6b5029@group-0DB81D4FE909-LeaderElection19] INFO  server.RaftServerConfigKeys (ConfUtils.java:logGet(46)) - raft.server.watch.timeout.denomination = 1s (default)
2023-11-06 09:26:53,524 [0eeb79a9-13fd-416c-b2a7-6f654c6b5029@group-0DB81D4FE909-LeaderElection19] INFO  server.RaftServerConfigKeys (ConfUtils.java:logGet(46)) - raft.server.watch.element-limit = 65536 (default)
2023-11-06 09:26:53,524 [0eeb79a9-13fd-416c-b2a7-6f654c6b5029@group-0DB81D4FE909-LeaderElection19] INFO  server.RaftServerConfigKeys (ConfUtils.java:logGet(46)) - raft.server.write.element-limit = 1024 (custom)
2023-11-06 09:26:53,524 [0eeb79a9-13fd-416c-b2a7-6f654c6b5029@group-0DB81D4FE909-LeaderElection19] INFO  server.RaftServerConfigKeys (ConfUtils.java:logGet(46)) - raft.server.write.follower.gap.ratio.max = -1.0 (default)
2023-11-06 09:26:53,526 [EventQueue-PipelineReportForPipelineReportHandler] INFO  pipeline.PipelineReportHandler (PipelineReportHandler.java:processPipelineReport(136)) - Opened pipeline PipelineID=15f9db0e-4f6c-4380-b94d-0db81d4fe909
2023-11-06 09:26:53,526 [0eeb79a9-13fd-416c-b2a7-6f654c6b5029@group-0DB81D4FE909-LeaderElection19] INFO  server.RaftServerConfigKeys (ConfUtils.java:logGet(46)) - raft.server.log.appender.snapshot.chunk.size.max = 16MB (=16777216) (default)
2023-11-06 09:26:53,527 [0eeb79a9-13fd-416c-b2a7-6f654c6b5029@group-0DB81D4FE909-LeaderElection19] INFO  server.RaftServerConfigKeys (ConfUtils.java:logGet(46)) - raft.server.log.appender.buffer.byte-limit = 33554432 (custom)
2023-11-06 09:26:53,527 [0eeb79a9-13fd-416c-b2a7-6f654c6b5029@group-0DB81D4FE909-LeaderElection19] INFO  server.RaftServerConfigKeys (ConfUtils.java:logGet(46)) - raft.server.log.appender.buffer.element-limit = 1 (custom)
2023-11-06 09:26:53,527 [0eeb79a9-13fd-416c-b2a7-6f654c6b5029@group-0DB81D4FE909-LeaderElection19] INFO  server.RaftServerConfigKeys (ConfUtils.java:logGet(46)) - raft.server.log.appender.wait-time.min = 1ms (custom)
2023-11-06 09:26:53,527 [0eeb79a9-13fd-416c-b2a7-6f654c6b5029@group-0DB81D4FE909-LeaderElection19] INFO  grpc.GrpcConfigKeys (ConfUtils.java:logGet(46)) - raft.grpc.server.leader.outstanding.appends.max = 128 (default)
2023-11-06 09:26:53,527 [0eeb79a9-13fd-416c-b2a7-6f654c6b5029@group-0DB81D4FE909-LeaderElection19] INFO  server.RaftServerConfigKeys (ConfUtils.java:logGet(46)) - raft.server.rpc.request.timeout = 60s (custom)
2023-11-06 09:26:53,527 [0eeb79a9-13fd-416c-b2a7-6f654c6b5029@group-0DB81D4FE909-LeaderElection19] INFO  grpc.GrpcConfigKeys (ConfUtils.java:logGet(46)) - raft.grpc.server.install_snapshot.request.element-limit = 8 (default)
2023-11-06 09:26:53,527 [0eeb79a9-13fd-416c-b2a7-6f654c6b5029@group-0DB81D4FE909-LeaderElection19] INFO  grpc.GrpcConfigKeys (ConfUtils.java:logGet(46)) - raft.grpc.server.install_snapshot.request.timeout = 3000ms (default)
2023-11-06 09:26:53,527 [0eeb79a9-13fd-416c-b2a7-6f654c6b5029@group-0DB81D4FE909-LeaderElection19] INFO  server.RaftServerConfigKeys (ConfUtils.java:logGet(46)) - raft.server.log.appender.install.snapshot.enabled = false (custom)
2023-11-06 09:26:53,527 [0eeb79a9-13fd-416c-b2a7-6f654c6b5029@group-0DB81D4FE909-LeaderElection19] INFO  grpc.GrpcConfigKeys (ConfUtils.java:logGet(46)) - raft.grpc.server.heartbeat.channel = true (default)
2023-11-06 09:26:53,528 [0eeb79a9-13fd-416c-b2a7-6f654c6b5029@group-0DB81D4FE909-LeaderElection19] INFO  server.RaftServerConfigKeys (ConfUtils.java:logGet(46)) - raft.server.log.appender.snapshot.chunk.size.max = 16MB (=16777216) (default)
2023-11-06 09:26:53,528 [0eeb79a9-13fd-416c-b2a7-6f654c6b5029@group-0DB81D4FE909-LeaderElection19] INFO  server.RaftServerConfigKeys (ConfUtils.java:logGet(46)) - raft.server.log.appender.buffer.byte-limit = 33554432 (custom)
2023-11-06 09:26:53,528 [0eeb79a9-13fd-416c-b2a7-6f654c6b5029@group-0DB81D4FE909-LeaderElection19] INFO  server.RaftServerConfigKeys (ConfUtils.java:logGet(46)) - raft.server.log.appender.buffer.element-limit = 1 (custom)
2023-11-06 09:26:53,528 [0eeb79a9-13fd-416c-b2a7-6f654c6b5029@group-0DB81D4FE909-LeaderElection19] INFO  server.RaftServerConfigKeys (ConfUtils.java:logGet(46)) - raft.server.log.appender.wait-time.min = 1ms (custom)
2023-11-06 09:26:53,528 [0eeb79a9-13fd-416c-b2a7-6f654c6b5029@group-0DB81D4FE909-LeaderElection19] INFO  grpc.GrpcConfigKeys (ConfUtils.java:logGet(46)) - raft.grpc.server.leader.outstanding.appends.max = 128 (default)
2023-11-06 09:26:53,528 [0eeb79a9-13fd-416c-b2a7-6f654c6b5029@group-0DB81D4FE909-LeaderElection19] INFO  server.RaftServerConfigKeys (ConfUtils.java:logGet(46)) - raft.server.rpc.request.timeout = 60s (custom)
2023-11-06 09:26:53,528 [0eeb79a9-13fd-416c-b2a7-6f654c6b5029@group-0DB81D4FE909-LeaderElection19] INFO  grpc.GrpcConfigKeys (ConfUtils.java:logGet(46)) - raft.grpc.server.install_snapshot.request.element-limit = 8 (default)
2023-11-06 09:26:53,528 [0eeb79a9-13fd-416c-b2a7-6f654c6b5029@group-0DB81D4FE909-LeaderElection19] INFO  grpc.GrpcConfigKeys (ConfUtils.java:logGet(46)) - raft.grpc.server.install_snapshot.request.timeout = 3000ms (default)
2023-11-06 09:26:53,528 [0eeb79a9-13fd-416c-b2a7-6f654c6b5029@group-0DB81D4FE909-LeaderElection19] INFO  server.RaftServerConfigKeys (ConfUtils.java:logGet(46)) - raft.server.log.appender.install.snapshot.enabled = false (custom)
2023-11-06 09:26:53,528 [0eeb79a9-13fd-416c-b2a7-6f654c6b5029@group-0DB81D4FE909-LeaderElection19] INFO  grpc.GrpcConfigKeys (ConfUtils.java:logGet(46)) - raft.grpc.server.heartbeat.channel = true (default)
2023-11-06 09:26:53,528 [0eeb79a9-13fd-416c-b2a7-6f654c6b5029@group-0DB81D4FE909-LeaderElection19] INFO  impl.RoleInfo (RoleInfo.java:updateAndGet(139)) - 0eeb79a9-13fd-416c-b2a7-6f654c6b5029: start 0eeb79a9-13fd-416c-b2a7-6f654c6b5029@group-0DB81D4FE909-LeaderStateImpl
2023-11-06 09:26:53,529 [0eeb79a9-13fd-416c-b2a7-6f654c6b5029@group-0DB81D4FE909-LeaderElection19] INFO  segmented.SegmentedRaftLogWorker (SegmentedRaftLogWorker.java:startLogSegment(447)) - 0eeb79a9-13fd-416c-b2a7-6f654c6b5029@group-0DB81D4FE909-SegmentedRaftLogWorker: Starting segment from index:0
2023-11-06 09:26:53,530 [0eeb79a9-13fd-416c-b2a7-6f654c6b5029@group-0DB81D4FE909-SegmentedRaftLogWorker] INFO  segmented.SegmentedRaftLogWorker (SegmentedRaftLogWorker.java:execute(651)) - 0eeb79a9-13fd-416c-b2a7-6f654c6b5029@group-0DB81D4FE909-SegmentedRaftLogWorker: created new log segment /home/runner/work/ozone/ozone/hadoop-ozone/integration-test/target/test-dir/MiniOzoneClusterImpl-938474ea-96d6-4bd3-a45f-678920fb0bb2/datanode-1/data/ratis/15f9db0e-4f6c-4380-b94d-0db81d4fe909/current/log_inprogress_0
2023-11-06 09:26:53,533 [0eeb79a9-13fd-416c-b2a7-6f654c6b5029@group-0DB81D4FE909-LeaderElection19] INFO  server.RaftServer$Division (ServerState.java:setRaftConf(434)) - 0eeb79a9-13fd-416c-b2a7-6f654c6b5029@group-0DB81D4FE909: set configuration 0: peers:[d9016e39-0130-4fd9-896a-cac3c2785d02|rpc:10.1.0.6:15032|admin:10.1.0.6:15031|client:10.1.0.6:15030|dataStream:10.1.0.6:15033|priority:0|startupRole:FOLLOWER, fedf11b8-0957-422e-880a-91cc26979c7a|rpc:10.1.0.6:15014|admin:10.1.0.6:15013|client:10.1.0.6:15012|dataStream:10.1.0.6:15015|priority:0|startupRole:FOLLOWER, 0eeb79a9-13fd-416c-b2a7-6f654c6b5029|rpc:10.1.0.6:15023|admin:10.1.0.6:15022|client:10.1.0.6:15021|dataStream:10.1.0.6:15024|priority:1|startupRole:FOLLOWER]|listeners:[], old=null
2023-11-06 09:26:53,537 [d9016e39-0130-4fd9-896a-cac3c2785d02-server-thread1] INFO  ratis.XceiverServerRatis (XceiverServerRatis.java:handleLeaderChangedNotification(903)) - Leader change notification received for group: group-0DB81D4FE909 with new leaderId: 0eeb79a9-13fd-416c-b2a7-6f654c6b5029
2023-11-06 09:26:53,538 [d9016e39-0130-4fd9-896a-cac3c2785d02-server-thread1] INFO  server.RaftServer$Division (ServerState.java:setLeader(317)) - d9016e39-0130-4fd9-896a-cac3c2785d02@group-0DB81D4FE909: change Leader from null to 0eeb79a9-13fd-416c-b2a7-6f654c6b5029 at term 1 for appendEntries, leader elected after 5426ms
2023-11-06 09:26:53,539 [d9016e39-0130-4fd9-896a-cac3c2785d02-server-thread1] INFO  server.RaftServer$Division (ServerState.java:setRaftConf(434)) - d9016e39-0130-4fd9-896a-cac3c2785d02@group-0DB81D4FE909: set configuration 0: peers:[d9016e39-0130-4fd9-896a-cac3c2785d02|rpc:10.1.0.6:15032|admin:10.1.0.6:15031|client:10.1.0.6:15030|dataStream:10.1.0.6:15033|priority:0|startupRole:FOLLOWER, fedf11b8-0957-422e-880a-91cc26979c7a|rpc:10.1.0.6:15014|admin:10.1.0.6:15013|client:10.1.0.6:15012|dataStream:10.1.0.6:15015|priority:0|startupRole:FOLLOWER, 0eeb79a9-13fd-416c-b2a7-6f654c6b5029|rpc:10.1.0.6:15023|admin:10.1.0.6:15022|client:10.1.0.6:15021|dataStream:10.1.0.6:15024|priority:1|startupRole:FOLLOWER]|listeners:[], old=null
2023-11-06 09:26:53,539 [d9016e39-0130-4fd9-896a-cac3c2785d02-server-thread1] INFO  segmented.SegmentedRaftLogWorker (SegmentedRaftLogWorker.java:startLogSegment(447)) - d9016e39-0130-4fd9-896a-cac3c2785d02@group-0DB81D4FE909-SegmentedRaftLogWorker: Starting segment from index:0
2023-11-06 09:26:53,541 [d9016e39-0130-4fd9-896a-cac3c2785d02@group-0DB81D4FE909-SegmentedRaftLogWorker] INFO  segmented.SegmentedRaftLogWorker (SegmentedRaftLogWorker.java:execute(651)) - d9016e39-0130-4fd9-896a-cac3c2785d02@group-0DB81D4FE909-SegmentedRaftLogWorker: created new log segment /home/runner/work/ozone/ozone/hadoop-ozone/integration-test/target/test-dir/MiniOzoneClusterImpl-938474ea-96d6-4bd3-a45f-678920fb0bb2/datanode-2/data/ratis/15f9db0e-4f6c-4380-b94d-0db81d4fe909/current/log_inprogress_0
2023-11-06 09:26:53,549 [grpc-default-executor-0] INFO  server.RaftServer$Division (RaftServerImpl.java:requestVote(1302)) - b7b1b697-3f82-4acb-89c8-f9bc2eccfa5a@group-E7ACA9F6E515: receive requestVote(PRE_VOTE, fadd24ee-4463-4420-97cf-bdd350ad83ae, group-E7ACA9F6E515, 0, (t:0, i:0))
2023-11-06 09:26:53,549 [fedf11b8-0957-422e-880a-91cc26979c7a-server-thread1] INFO  ratis.XceiverServerRatis (XceiverServerRatis.java:handleLeaderChangedNotification(903)) - Leader change notification received for group: group-0DB81D4FE909 with new leaderId: 0eeb79a9-13fd-416c-b2a7-6f654c6b5029
2023-11-06 09:26:53,550 [grpc-default-executor-0] INFO  impl.VoteContext (VoteContext.java:log(49)) - b7b1b697-3f82-4acb-89c8-f9bc2eccfa5a@group-E7ACA9F6E515-FOLLOWER: reject PRE_VOTE from fadd24ee-4463-4420-97cf-bdd350ad83ae: our priority 1 > candidate's priority 0
2023-11-06 09:26:53,550 [fedf11b8-0957-422e-880a-91cc26979c7a-server-thread1] INFO  server.RaftServer$Division (ServerState.java:setLeader(317)) - fedf11b8-0957-422e-880a-91cc26979c7a@group-0DB81D4FE909: change Leader from null to 0eeb79a9-13fd-416c-b2a7-6f654c6b5029 at term 1 for appendEntries, leader elected after 5459ms
2023-11-06 09:26:53,550 [grpc-default-executor-0] INFO  server.RaftServer$Division (RaftServerImpl.java:requestVote(1335)) - b7b1b697-3f82-4acb-89c8-f9bc2eccfa5a@group-E7ACA9F6E515 replies to PRE_VOTE vote request: fadd24ee-4463-4420-97cf-bdd350ad83ae<-b7b1b697-3f82-4acb-89c8-f9bc2eccfa5a#0:FAIL-t0. Peer's state: b7b1b697-3f82-4acb-89c8-f9bc2eccfa5a@group-E7ACA9F6E515:t0, leader=null, voted=, raftlog=Memoized:b7b1b697-3f82-4acb-89c8-f9bc2eccfa5a@group-E7ACA9F6E515-SegmentedRaftLog:OPENED:c-1, conf=-1: peers:[fadd24ee-4463-4420-97cf-bdd350ad83ae|rpc:10.1.0.6:15041|admin:10.1.0.6:15040|client:10.1.0.6:15039|dataStream:10.1.0.6:15042|priority:0|startupRole:FOLLOWER, 4cee0e49-9f18-41f8-8e67-157ccbc15955|rpc:10.1.0.6:15050|admin:10.1.0.6:15049|client:10.1.0.6:15048|dataStream:10.1.0.6:15051|priority:0|startupRole:FOLLOWER, b7b1b697-3f82-4acb-89c8-f9bc2eccfa5a|rpc:10.1.0.6:15059|admin:10.1.0.6:15058|client:10.1.0.6:15057|dataStream:10.1.0.6:15060|priority:1|startupRole:FOLLOWER]|listeners:[], old=null
2023-11-06 09:26:53,552 [fedf11b8-0957-422e-880a-91cc26979c7a-server-thread1] INFO  server.RaftServer$Division (ServerState.java:setRaftConf(434)) - fedf11b8-0957-422e-880a-91cc26979c7a@group-0DB81D4FE909: set configuration 0: peers:[d9016e39-0130-4fd9-896a-cac3c2785d02|rpc:10.1.0.6:15032|admin:10.1.0.6:15031|client:10.1.0.6:15030|dataStream:10.1.0.6:15033|priority:0|startupRole:FOLLOWER, fedf11b8-0957-422e-880a-91cc26979c7a|rpc:10.1.0.6:15014|admin:10.1.0.6:15013|client:10.1.0.6:15012|dataStream:10.1.0.6:15015|priority:0|startupRole:FOLLOWER, 0eeb79a9-13fd-416c-b2a7-6f654c6b5029|rpc:10.1.0.6:15023|admin:10.1.0.6:15022|client:10.1.0.6:15021|dataStream:10.1.0.6:15024|priority:1|startupRole:FOLLOWER]|listeners:[], old=null
2023-11-06 09:26:53,552 [fedf11b8-0957-422e-880a-91cc26979c7a-server-thread1] INFO  segmented.SegmentedRaftLogWorker (SegmentedRaftLogWorker.java:startLogSegment(447)) - fedf11b8-0957-422e-880a-91cc26979c7a@group-0DB81D4FE909-SegmentedRaftLogWorker: Starting segment from index:0
2023-11-06 09:26:53,553 [grpc-default-executor-0] INFO  server.RaftServer$Division (RaftServerImpl.java:requestVote(1302)) - 4cee0e49-9f18-41f8-8e67-157ccbc15955@group-E7ACA9F6E515: receive requestVote(PRE_VOTE, fadd24ee-4463-4420-97cf-bdd350ad83ae, group-E7ACA9F6E515, 0, (t:0, i:0))
2023-11-06 09:26:53,553 [grpc-default-executor-0] INFO  impl.VoteContext (VoteContext.java:log(49)) - 4cee0e49-9f18-41f8-8e67-157ccbc15955@group-E7ACA9F6E515-FOLLOWER: accept PRE_VOTE from fadd24ee-4463-4420-97cf-bdd350ad83ae: our priority 0 <= candidate's priority 0
2023-11-06 09:26:53,553 [grpc-default-executor-0] INFO  server.RaftServer$Division (RaftServerImpl.java:requestVote(1335)) - 4cee0e49-9f18-41f8-8e67-157ccbc15955@group-E7ACA9F6E515 replies to PRE_VOTE vote request: fadd24ee-4463-4420-97cf-bdd350ad83ae<-4cee0e49-9f18-41f8-8e67-157ccbc15955#0:OK-t0. Peer's state: 4cee0e49-9f18-41f8-8e67-157ccbc15955@group-E7ACA9F6E515:t0, leader=null, voted=, raftlog=Memoized:4cee0e49-9f18-41f8-8e67-157ccbc15955@group-E7ACA9F6E515-SegmentedRaftLog:OPENED:c-1, conf=-1: peers:[fadd24ee-4463-4420-97cf-bdd350ad83ae|rpc:10.1.0.6:15041|admin:10.1.0.6:15040|client:10.1.0.6:15039|dataStream:10.1.0.6:15042|priority:0|startupRole:FOLLOWER, 4cee0e49-9f18-41f8-8e67-157ccbc15955|rpc:10.1.0.6:15050|admin:10.1.0.6:15049|client:10.1.0.6:15048|dataStream:10.1.0.6:15051|priority:0|startupRole:FOLLOWER, b7b1b697-3f82-4acb-89c8-f9bc2eccfa5a|rpc:10.1.0.6:15059|admin:10.1.0.6:15058|client:10.1.0.6:15057|dataStream:10.1.0.6:15060|priority:1|startupRole:FOLLOWER]|listeners:[], old=null
2023-11-06 09:26:53,554 [fedf11b8-0957-422e-880a-91cc26979c7a@group-0DB81D4FE909-SegmentedRaftLogWorker] INFO  segmented.SegmentedRaftLogWorker (SegmentedRaftLogWorker.java:execute(651)) - fedf11b8-0957-422e-880a-91cc26979c7a@group-0DB81D4FE909-SegmentedRaftLogWorker: created new log segment /home/runner/work/ozone/ozone/hadoop-ozone/integration-test/target/test-dir/MiniOzoneClusterImpl-938474ea-96d6-4bd3-a45f-678920fb0bb2/datanode-0/data/ratis/15f9db0e-4f6c-4380-b94d-0db81d4fe909/current/log_inprogress_0
2023-11-06 09:26:53,562 [fadd24ee-4463-4420-97cf-bdd350ad83ae@group-E7ACA9F6E515-LeaderElection20] INFO  impl.LeaderElection (LeaderElection.java:logAndReturn(90)) - fadd24ee-4463-4420-97cf-bdd350ad83ae@group-E7ACA9F6E515-LeaderElection20: PRE_VOTE REJECTED received 1 response(s) and 0 exception(s):
2023-11-06 09:26:53,562 [fadd24ee-4463-4420-97cf-bdd350ad83ae@group-E7ACA9F6E515-LeaderElection20] INFO  impl.LeaderElection (LeaderElection.java:logAndReturn(94)) -   Response 0: fadd24ee-4463-4420-97cf-bdd350ad83ae<-b7b1b697-3f82-4acb-89c8-f9bc2eccfa5a#0:FAIL-t0
2023-11-06 09:26:53,562 [fadd24ee-4463-4420-97cf-bdd350ad83ae@group-E7ACA9F6E515-LeaderElection20] INFO  impl.LeaderElection (LeaderElection.java:askForVotes(323)) - fadd24ee-4463-4420-97cf-bdd350ad83ae@group-E7ACA9F6E515-LeaderElection20 PRE_VOTE round 0: result REJECTED
2023-11-06 09:26:53,562 [fadd24ee-4463-4420-97cf-bdd350ad83ae@group-E7ACA9F6E515-LeaderElection20] INFO  server.RaftServer$Division (RaftServerImpl.java:setRole(329)) - fadd24ee-4463-4420-97cf-bdd350ad83ae@group-E7ACA9F6E515: changes role from CANDIDATE to FOLLOWER at term 0 for REJECTED
2023-11-06 09:26:53,562 [fadd24ee-4463-4420-97cf-bdd350ad83ae@group-E7ACA9F6E515-LeaderElection20] INFO  impl.RoleInfo (RoleInfo.java:shutdownLeaderElection(130)) - fadd24ee-4463-4420-97cf-bdd350ad83ae: shutdown fadd24ee-4463-4420-97cf-bdd350ad83ae@group-E7ACA9F6E515-LeaderElection20
2023-11-06 09:26:53,562 [fadd24ee-4463-4420-97cf-bdd350ad83ae@group-E7ACA9F6E515-LeaderElection20] INFO  impl.RoleInfo (RoleInfo.java:updateAndGet(139)) - fadd24ee-4463-4420-97cf-bdd350ad83ae: start fadd24ee-4463-4420-97cf-bdd350ad83ae@group-E7ACA9F6E515-FollowerState
2023-11-06 09:26:53,741 [ReplicationMonitor] INFO  replication.ReplicationManager (ReplicationManager.java:processAll(366)) - Replication Manager is not ready to run until 3000ms after safemode exit
2023-11-06 09:26:53,808 [main] INFO  rpc.RpcClient (RpcClient.java:createVolume(461)) - Creating Volume: 6dadd1b1-d562-4e6b-b1c9-e7415216fe76, with runner as owner and space quota set to -1 bytes, counts quota set to -1
2023-11-06 09:26:53,857 [om1-OMStateMachineApplyTransactionThread - 0] INFO  volume.OMVolumeCreateRequest (OMVolumeCreateRequest.java:validateAndUpdateCache(197)) - created volume:6dadd1b1-d562-4e6b-b1c9-e7415216fe76 for user:runner
2023-11-06 09:26:53,883 [4cee0e49-9f18-41f8-8e67-157ccbc15955@group-E7ACA9F6E515-FollowerState] INFO  server.RaftServerConfigKeys (ConfUtils.java:logFallback(53)) - raft.server.rpc.first-election.timeout.min = 5s (fallback to raft.server.rpc.timeout.min)
2023-11-06 09:26:53,883 [4cee0e49-9f18-41f8-8e67-157ccbc15955@group-E7ACA9F6E515-FollowerState] INFO  server.RaftServerConfigKeys (ConfUtils.java:logFallback(53)) - raft.server.rpc.first-election.timeout.max = 5200ms (fallback to raft.server.rpc.timeout.max)
2023-11-06 09:26:53,886 [main] INFO  rpc.RpcClient (RpcClient.java:createBucket(688)) - Creating Bucket: 6dadd1b1-d562-4e6b-b1c9-e7415216fe76/6dadd1b1-d562-4e6b-b1c9-e7415216fe76, with server-side default bucket layout, runner as owner, Versioning false, Storage Type set to DISK and Encryption set to false, Replication Type set to server-side default replication type, Namespace Quota set to -1, Space Quota set to -1 
2023-11-06 09:26:53,900 [om1-OMStateMachineApplyTransactionThread - 0] INFO  bucket.OMBucketCreateRequest (OMBucketCreateRequest.java:validateAndUpdateCache(271)) - created bucket: 6dadd1b1-d562-4e6b-b1c9-e7415216fe76 of layout FILE_SYSTEM_OPTIMIZED in volume: 6dadd1b1-d562-4e6b-b1c9-e7415216fe76
2023-11-06 09:26:53,977 [main] INFO  rpc.RpcClient (RpcClient.java:createBucket(688)) - Creating Bucket: 6dadd1b1-d562-4e6b-b1c9-e7415216fe76/2b5e68b2-457e-46d3-99be-19776f5d9dd5, with server-side default bucket layout, runner as owner, Versioning false, Storage Type set to DISK and Encryption set to false, Replication Type set to EC, Namespace Quota set to -1, Space Quota set to -1 
2023-11-06 09:26:53,985 [om1-OMStateMachineApplyTransactionThread - 0] INFO  bucket.OMBucketCreateRequest (OMBucketCreateRequest.java:validateAndUpdateCache(271)) - created bucket: 2b5e68b2-457e-46d3-99be-19776f5d9dd5 of layout FILE_SYSTEM_OPTIMIZED in volume: 6dadd1b1-d562-4e6b-b1c9-e7415216fe76
2023-11-06 09:26:54,027 [b7b1b697-3f82-4acb-89c8-f9bc2eccfa5a@group-E7ACA9F6E515-FollowerState] INFO  impl.FollowerState (FollowerState.java:run(143)) - b7b1b697-3f82-4acb-89c8-f9bc2eccfa5a@group-E7ACA9F6E515-FollowerState: change to CANDIDATE, lastRpcElapsedTime:5065430592ns, electionTimeout:5061ms
2023-11-06 09:26:54,027 [b7b1b697-3f82-4acb-89c8-f9bc2eccfa5a@group-E7ACA9F6E515-FollowerState] INFO  impl.RoleInfo (RoleInfo.java:shutdownFollowerState(110)) - b7b1b697-3f82-4acb-89c8-f9bc2eccfa5a: shutdown b7b1b697-3f82-4acb-89c8-f9bc2eccfa5a@group-E7ACA9F6E515-FollowerState
2023-11-06 09:26:54,027 [b7b1b697-3f82-4acb-89c8-f9bc2eccfa5a@group-E7ACA9F6E515-FollowerState] INFO  server.RaftServer$Division (RaftServerImpl.java:setRole(329)) - b7b1b697-3f82-4acb-89c8-f9bc2eccfa5a@group-E7ACA9F6E515: changes role from  FOLLOWER to CANDIDATE at term 0 for changeToCandidate
2023-11-06 09:26:54,028 [b7b1b697-3f82-4acb-89c8-f9bc2eccfa5a@group-E7ACA9F6E515-FollowerState] INFO  server.RaftServerConfigKeys (ConfUtils.java:logGet(46)) - raft.server.leaderelection.pre-vote = true (default)
2023-11-06 09:26:54,028 [b7b1b697-3f82-4acb-89c8-f9bc2eccfa5a@group-E7ACA9F6E515-FollowerState] INFO  impl.RoleInfo (RoleInfo.java:updateAndGet(139)) - b7b1b697-3f82-4acb-89c8-f9bc2eccfa5a: start b7b1b697-3f82-4acb-89c8-f9bc2eccfa5a@group-E7ACA9F6E515-LeaderElection21
2023-11-06 09:26:54,032 [b7b1b697-3f82-4acb-89c8-f9bc2eccfa5a@group-E7ACA9F6E515-LeaderElection21] INFO  impl.LeaderElection (LeaderElection.java:askForVotes(321)) - b7b1b697-3f82-4acb-89c8-f9bc2eccfa5a@group-E7ACA9F6E515-LeaderElection21 PRE_VOTE round 0: submit vote requests at term 0 for -1: peers:[fadd24ee-4463-4420-97cf-bdd350ad83ae|rpc:10.1.0.6:15041|admin:10.1.0.6:15040|client:10.1.0.6:15039|dataStream:10.1.0.6:15042|priority:0|startupRole:FOLLOWER, 4cee0e49-9f18-41f8-8e67-157ccbc15955|rpc:10.1.0.6:15050|admin:10.1.0.6:15049|client:10.1.0.6:15048|dataStream:10.1.0.6:15051|priority:0|startupRole:FOLLOWER, b7b1b697-3f82-4acb-89c8-f9bc2eccfa5a|rpc:10.1.0.6:15059|admin:10.1.0.6:15058|client:10.1.0.6:15057|dataStream:10.1.0.6:15060|priority:1|startupRole:FOLLOWER]|listeners:[], old=null
2023-11-06 09:26:54,036 [b7b1b697-3f82-4acb-89c8-f9bc2eccfa5a@group-E7ACA9F6E515-LeaderElection21-1] INFO  server.GrpcServerProtocolClient (GrpcServerProtocolClient.java:<init>(65)) - Build channel for fadd24ee-4463-4420-97cf-bdd350ad83ae
2023-11-06 09:26:54,041 [b7b1b697-3f82-4acb-89c8-f9bc2eccfa5a@group-E7ACA9F6E515-LeaderElection21] INFO  server.RaftServerConfigKeys (ConfUtils.java:logFallback(53)) - raft.server.rpc.first-election.timeout.min = 5s (fallback to raft.server.rpc.timeout.min)
2023-11-06 09:26:54,041 [b7b1b697-3f82-4acb-89c8-f9bc2eccfa5a@group-E7ACA9F6E515-LeaderElection21] INFO  server.RaftServerConfigKeys (ConfUtils.java:logFallback(53)) - raft.server.rpc.first-election.timeout.max = 5200ms (fallback to raft.server.rpc.timeout.max)
2023-11-06 09:26:54,043 [b7b1b697-3f82-4acb-89c8-f9bc2eccfa5a@group-E7ACA9F6E515-LeaderElection21-2] INFO  server.GrpcServerProtocolClient (GrpcServerProtocolClient.java:<init>(65)) - Build channel for 4cee0e49-9f18-41f8-8e67-157ccbc15955
2023-11-06 09:26:54,046 [grpc-default-executor-0] INFO  server.RaftServer$Division (RaftServerImpl.java:requestVote(1302)) - fadd24ee-4463-4420-97cf-bdd350ad83ae@group-E7ACA9F6E515: receive requestVote(PRE_VOTE, b7b1b697-3f82-4acb-89c8-f9bc2eccfa5a, group-E7ACA9F6E515, 0, (t:0, i:0))
2023-11-06 09:26:54,046 [grpc-default-executor-0] INFO  impl.VoteContext (VoteContext.java:log(49)) - fadd24ee-4463-4420-97cf-bdd350ad83ae@group-E7ACA9F6E515-FOLLOWER: accept PRE_VOTE from b7b1b697-3f82-4acb-89c8-f9bc2eccfa5a: our priority 0 <= candidate's priority 1
2023-11-06 09:26:54,046 [grpc-default-executor-0] INFO  server.RaftServer$Division (RaftServerImpl.java:requestVote(1335)) - fadd24ee-4463-4420-97cf-bdd350ad83ae@group-E7ACA9F6E515 replies to PRE_VOTE vote request: b7b1b697-3f82-4acb-89c8-f9bc2eccfa5a<-fadd24ee-4463-4420-97cf-bdd350ad83ae#0:OK-t0. Peer's state: fadd24ee-4463-4420-97cf-bdd350ad83ae@group-E7ACA9F6E515:t0, leader=null, voted=, raftlog=Memoized:fadd24ee-4463-4420-97cf-bdd350ad83ae@group-E7ACA9F6E515-SegmentedRaftLog:OPENED:c-1, conf=-1: peers:[fadd24ee-4463-4420-97cf-bdd350ad83ae|rpc:10.1.0.6:15041|admin:10.1.0.6:15040|client:10.1.0.6:15039|dataStream:10.1.0.6:15042|priority:0|startupRole:FOLLOWER, 4cee0e49-9f18-41f8-8e67-157ccbc15955|rpc:10.1.0.6:15050|admin:10.1.0.6:15049|client:10.1.0.6:15048|dataStream:10.1.0.6:15051|priority:0|startupRole:FOLLOWER, b7b1b697-3f82-4acb-89c8-f9bc2eccfa5a|rpc:10.1.0.6:15059|admin:10.1.0.6:15058|client:10.1.0.6:15057|dataStream:10.1.0.6:15060|priority:1|startupRole:FOLLOWER]|listeners:[], old=null
2023-11-06 09:26:54,054 [b7b1b697-3f82-4acb-89c8-f9bc2eccfa5a@group-E7ACA9F6E515-LeaderElection21] INFO  impl.LeaderElection (LeaderElection.java:logAndReturn(90)) - b7b1b697-3f82-4acb-89c8-f9bc2eccfa5a@group-E7ACA9F6E515-LeaderElection21: PRE_VOTE PASSED received 1 response(s) and 0 exception(s):
2023-11-06 09:26:54,054 [b7b1b697-3f82-4acb-89c8-f9bc2eccfa5a@group-E7ACA9F6E515-LeaderElection21] INFO  impl.LeaderElection (LeaderElection.java:logAndReturn(94)) -   Response 0: b7b1b697-3f82-4acb-89c8-f9bc2eccfa5a<-fadd24ee-4463-4420-97cf-bdd350ad83ae#0:OK-t0
2023-11-06 09:26:54,054 [b7b1b697-3f82-4acb-89c8-f9bc2eccfa5a@group-E7ACA9F6E515-LeaderElection21] INFO  impl.LeaderElection (LeaderElection.java:askForVotes(323)) - b7b1b697-3f82-4acb-89c8-f9bc2eccfa5a@group-E7ACA9F6E515-LeaderElection21 PRE_VOTE round 0: result PASSED
2023-11-06 09:26:54,056 [b7b1b697-3f82-4acb-89c8-f9bc2eccfa5a@group-E7ACA9F6E515-LeaderElection21] INFO  impl.LeaderElection (LeaderElection.java:askForVotes(321)) - b7b1b697-3f82-4acb-89c8-f9bc2eccfa5a@group-E7ACA9F6E515-LeaderElection21 ELECTION round 0: submit vote requests at term 1 for -1: peers:[fadd24ee-4463-4420-97cf-bdd350ad83ae|rpc:10.1.0.6:15041|admin:10.1.0.6:15040|client:10.1.0.6:15039|dataStream:10.1.0.6:15042|priority:0|startupRole:FOLLOWER, 4cee0e49-9f18-41f8-8e67-157ccbc15955|rpc:10.1.0.6:15050|admin:10.1.0.6:15049|client:10.1.0.6:15048|dataStream:10.1.0.6:15051|priority:0|startupRole:FOLLOWER, b7b1b697-3f82-4acb-89c8-f9bc2eccfa5a|rpc:10.1.0.6:15059|admin:10.1.0.6:15058|client:10.1.0.6:15057|dataStream:10.1.0.6:15060|priority:1|startupRole:FOLLOWER]|listeners:[], old=null
2023-11-06 09:26:54,057 [grpc-default-executor-5] INFO  server.RaftServer$Division (RaftServerImpl.java:requestVote(1302)) - 4cee0e49-9f18-41f8-8e67-157ccbc15955@group-E7ACA9F6E515: receive requestVote(PRE_VOTE, b7b1b697-3f82-4acb-89c8-f9bc2eccfa5a, group-E7ACA9F6E515, 0, (t:0, i:0))
2023-11-06 09:26:54,057 [grpc-default-executor-5] INFO  impl.VoteContext (VoteContext.java:log(49)) - 4cee0e49-9f18-41f8-8e67-157ccbc15955@group-E7ACA9F6E515-FOLLOWER: accept PRE_VOTE from b7b1b697-3f82-4acb-89c8-f9bc2eccfa5a: our priority 0 <= candidate's priority 1
2023-11-06 09:26:54,057 [grpc-default-executor-5] INFO  server.RaftServer$Division (RaftServerImpl.java:requestVote(1335)) - 4cee0e49-9f18-41f8-8e67-157ccbc15955@group-E7ACA9F6E515 replies to PRE_VOTE vote request: b7b1b697-3f82-4acb-89c8-f9bc2eccfa5a<-4cee0e49-9f18-41f8-8e67-157ccbc15955#0:OK-t0. Peer's state: 4cee0e49-9f18-41f8-8e67-157ccbc15955@group-E7ACA9F6E515:t0, leader=null, voted=, raftlog=Memoized:4cee0e49-9f18-41f8-8e67-157ccbc15955@group-E7ACA9F6E515-SegmentedRaftLog:OPENED:c-1, conf=-1: peers:[fadd24ee-4463-4420-97cf-bdd350ad83ae|rpc:10.1.0.6:15041|admin:10.1.0.6:15040|client:10.1.0.6:15039|dataStream:10.1.0.6:15042|priority:0|startupRole:FOLLOWER, 4cee0e49-9f18-41f8-8e67-157ccbc15955|rpc:10.1.0.6:15050|admin:10.1.0.6:15049|client:10.1.0.6:15048|dataStream:10.1.0.6:15051|priority:0|startupRole:FOLLOWER, b7b1b697-3f82-4acb-89c8-f9bc2eccfa5a|rpc:10.1.0.6:15059|admin:10.1.0.6:15058|client:10.1.0.6:15057|dataStream:10.1.0.6:15060|priority:1|startupRole:FOLLOWER]|listeners:[], old=null
2023-11-06 09:26:54,059 [b7b1b697-3f82-4acb-89c8-f9bc2eccfa5a@group-E7ACA9F6E515-LeaderElection21] INFO  server.RaftServerConfigKeys (ConfUtils.java:logFallback(53)) - raft.server.rpc.first-election.timeout.min = 5s (fallback to raft.server.rpc.timeout.min)
2023-11-06 09:26:54,059 [b7b1b697-3f82-4acb-89c8-f9bc2eccfa5a@group-E7ACA9F6E515-LeaderElection21] INFO  server.RaftServerConfigKeys (ConfUtils.java:logFallback(53)) - raft.server.rpc.first-election.timeout.max = 5200ms (fallback to raft.server.rpc.timeout.max)
2023-11-06 09:26:54,064 [grpc-default-executor-5] INFO  server.RaftServer$Division (RaftServerImpl.java:requestVote(1302)) - fadd24ee-4463-4420-97cf-bdd350ad83ae@group-E7ACA9F6E515: receive requestVote(ELECTION, b7b1b697-3f82-4acb-89c8-f9bc2eccfa5a, group-E7ACA9F6E515, 1, (t:0, i:0))
2023-11-06 09:26:54,064 [grpc-default-executor-5] INFO  impl.VoteContext (VoteContext.java:log(49)) - fadd24ee-4463-4420-97cf-bdd350ad83ae@group-E7ACA9F6E515-FOLLOWER: accept ELECTION from b7b1b697-3f82-4acb-89c8-f9bc2eccfa5a: our priority 0 <= candidate's priority 1
2023-11-06 09:26:54,064 [grpc-default-executor-5] INFO  server.RaftServer$Division (RaftServerImpl.java:setRole(329)) - fadd24ee-4463-4420-97cf-bdd350ad83ae@group-E7ACA9F6E515: changes role from  FOLLOWER to FOLLOWER at term 1 for candidate:b7b1b697-3f82-4acb-89c8-f9bc2eccfa5a
2023-11-06 09:26:54,064 [grpc-default-executor-5] INFO  impl.RoleInfo (RoleInfo.java:shutdownFollowerState(110)) - fadd24ee-4463-4420-97cf-bdd350ad83ae: shutdown fadd24ee-4463-4420-97cf-bdd350ad83ae@group-E7ACA9F6E515-FollowerState
2023-11-06 09:26:54,064 [grpc-default-executor-5] INFO  impl.RoleInfo (RoleInfo.java:updateAndGet(139)) - fadd24ee-4463-4420-97cf-bdd350ad83ae: start fadd24ee-4463-4420-97cf-bdd350ad83ae@group-E7ACA9F6E515-FollowerState
2023-11-06 09:26:54,064 [fadd24ee-4463-4420-97cf-bdd350ad83ae@group-E7ACA9F6E515-FollowerState] INFO  impl.FollowerState (FollowerState.java:run(152)) - fadd24ee-4463-4420-97cf-bdd350ad83ae@group-E7ACA9F6E515-FollowerState was interrupted
2023-11-06 09:26:54,069 [IPC Server handler 4 on default port 15001] INFO  algorithms.SCMContainerPlacementRackScatter (SCMContainerPlacementRackScatter.java:chooseDatanodesInternal(370)) - Chosen nodes: [d9016e39-0130-4fd9-896a-cac3c2785d02(fv-az241-347.2tfxs3cvuluejhi1wdm4o5ef4c.bx.internal.cloudapp.net/10.1.0.6), 4cee0e49-9f18-41f8-8e67-157ccbc15955(fv-az241-347.2tfxs3cvuluejhi1wdm4o5ef4c.bx.internal.cloudapp.net/10.1.0.6), b7b1b697-3f82-4acb-89c8-f9bc2eccfa5a(fv-az241-347.2tfxs3cvuluejhi1wdm4o5ef4c.bx.internal.cloudapp.net/10.1.0.6), 92ba0aed-1dcc-4895-b5bb-fc45f440be2e(fv-az241-347.2tfxs3cvuluejhi1wdm4o5ef4c.bx.internal.cloudapp.net/10.1.0.6), 0e92623e-4dcf-4eff-ae25-f8b8c2de319b(fv-az241-347.2tfxs3cvuluejhi1wdm4o5ef4c.bx.internal.cloudapp.net/10.1.0.6)]. isPolicySatisfied: true.
2023-11-06 09:26:54,072 [grpc-default-executor-0] INFO  server.RaftServer$Division (RaftServerImpl.java:requestVote(1302)) - 4cee0e49-9f18-41f8-8e67-157ccbc15955@group-E7ACA9F6E515: receive requestVote(ELECTION, b7b1b697-3f82-4acb-89c8-f9bc2eccfa5a, group-E7ACA9F6E515, 1, (t:0, i:0))
2023-11-06 09:26:54,072 [grpc-default-executor-0] INFO  impl.VoteContext (VoteContext.java:log(49)) - 4cee0e49-9f18-41f8-8e67-157ccbc15955@group-E7ACA9F6E515-FOLLOWER: accept ELECTION from b7b1b697-3f82-4acb-89c8-f9bc2eccfa5a: our priority 0 <= candidate's priority 1
2023-11-06 09:26:54,072 [grpc-default-executor-0] INFO  server.RaftServer$Division (RaftServerImpl.java:setRole(329)) - 4cee0e49-9f18-41f8-8e67-157ccbc15955@group-E7ACA9F6E515: changes role from  FOLLOWER to FOLLOWER at term 1 for candidate:b7b1b697-3f82-4acb-89c8-f9bc2eccfa5a
2023-11-06 09:26:54,072 [grpc-default-executor-0] INFO  impl.RoleInfo (RoleInfo.java:shutdownFollowerState(110)) - 4cee0e49-9f18-41f8-8e67-157ccbc15955: shutdown 4cee0e49-9f18-41f8-8e67-157ccbc15955@group-E7ACA9F6E515-FollowerState
2023-11-06 09:26:54,072 [grpc-default-executor-0] INFO  impl.RoleInfo (RoleInfo.java:updateAndGet(139)) - 4cee0e49-9f18-41f8-8e67-157ccbc15955: start 4cee0e49-9f18-41f8-8e67-157ccbc15955@group-E7ACA9F6E515-FollowerState
2023-11-06 09:26:54,072 [4cee0e49-9f18-41f8-8e67-157ccbc15955@group-E7ACA9F6E515-FollowerState] INFO  impl.FollowerState (FollowerState.java:run(152)) - 4cee0e49-9f18-41f8-8e67-157ccbc15955@group-E7ACA9F6E515-FollowerState was interrupted
2023-11-06 09:26:54,073 [grpc-default-executor-5] INFO  server.RaftServer$Division (RaftServerImpl.java:requestVote(1335)) - fadd24ee-4463-4420-97cf-bdd350ad83ae@group-E7ACA9F6E515 replies to ELECTION vote request: b7b1b697-3f82-4acb-89c8-f9bc2eccfa5a<-fadd24ee-4463-4420-97cf-bdd350ad83ae#0:OK-t1. Peer's state: fadd24ee-4463-4420-97cf-bdd350ad83ae@group-E7ACA9F6E515:t1, leader=null, voted=b7b1b697-3f82-4acb-89c8-f9bc2eccfa5a, raftlog=Memoized:fadd24ee-4463-4420-97cf-bdd350ad83ae@group-E7ACA9F6E515-SegmentedRaftLog:OPENED:c-1, conf=-1: peers:[fadd24ee-4463-4420-97cf-bdd350ad83ae|rpc:10.1.0.6:15041|admin:10.1.0.6:15040|client:10.1.0.6:15039|dataStream:10.1.0.6:15042|priority:0|startupRole:FOLLOWER, 4cee0e49-9f18-41f8-8e67-157ccbc15955|rpc:10.1.0.6:15050|admin:10.1.0.6:15049|client:10.1.0.6:15048|dataStream:10.1.0.6:15051|priority:0|startupRole:FOLLOWER, b7b1b697-3f82-4acb-89c8-f9bc2eccfa5a|rpc:10.1.0.6:15059|admin:10.1.0.6:15058|client:10.1.0.6:15057|dataStream:10.1.0.6:15060|priority:1|startupRole:FOLLOWER]|listeners:[], old=null
2023-11-06 09:26:54,081 [IPC Server handler 4 on default port 15001] INFO  ha.SequenceIdGenerator (SequenceIdGenerator.java:getNextId(145)) - Allocate a batch for containerId, change lastId from 0 to 1000.
2023-11-06 09:26:54,082 [grpc-default-executor-0] INFO  server.RaftServer$Division (RaftServerImpl.java:requestVote(1335)) - 4cee0e49-9f18-41f8-8e67-157ccbc15955@group-E7ACA9F6E515 replies to ELECTION vote request: b7b1b697-3f82-4acb-89c8-f9bc2eccfa5a<-4cee0e49-9f18-41f8-8e67-157ccbc15955#0:OK-t1. Peer's state: 4cee0e49-9f18-41f8-8e67-157ccbc15955@group-E7ACA9F6E515:t1, leader=null, voted=b7b1b697-3f82-4acb-89c8-f9bc2eccfa5a, raftlog=Memoized:4cee0e49-9f18-41f8-8e67-157ccbc15955@group-E7ACA9F6E515-SegmentedRaftLog:OPENED:c-1, conf=-1: peers:[fadd24ee-4463-4420-97cf-bdd350ad83ae|rpc:10.1.0.6:15041|admin:10.1.0.6:15040|client:10.1.0.6:15039|dataStream:10.1.0.6:15042|priority:0|startupRole:FOLLOWER, 4cee0e49-9f18-41f8-8e67-157ccbc15955|rpc:10.1.0.6:15050|admin:10.1.0.6:15049|client:10.1.0.6:15048|dataStream:10.1.0.6:15051|priority:0|startupRole:FOLLOWER, b7b1b697-3f82-4acb-89c8-f9bc2eccfa5a|rpc:10.1.0.6:15059|admin:10.1.0.6:15058|client:10.1.0.6:15057|dataStream:10.1.0.6:15060|priority:1|startupRole:FOLLOWER]|listeners:[], old=null
2023-11-06 09:26:54,082 [b7b1b697-3f82-4acb-89c8-f9bc2eccfa5a@group-E7ACA9F6E515-LeaderElection21] INFO  impl.LeaderElection (LeaderElection.java:logAndReturn(90)) - b7b1b697-3f82-4acb-89c8-f9bc2eccfa5a@group-E7ACA9F6E515-LeaderElection21: ELECTION PASSED received 1 response(s) and 0 exception(s):
2023-11-06 09:26:54,082 [b7b1b697-3f82-4acb-89c8-f9bc2eccfa5a@group-E7ACA9F6E515-LeaderElection21] INFO  impl.LeaderElection (LeaderElection.java:logAndReturn(94)) -   Response 0: b7b1b697-3f82-4acb-89c8-f9bc2eccfa5a<-fadd24ee-4463-4420-97cf-bdd350ad83ae#0:OK-t1
2023-11-06 09:26:54,082 [b7b1b697-3f82-4acb-89c8-f9bc2eccfa5a@group-E7ACA9F6E515-LeaderElection21] INFO  impl.LeaderElection (LeaderElection.java:askForVotes(323)) - b7b1b697-3f82-4acb-89c8-f9bc2eccfa5a@group-E7ACA9F6E515-LeaderElection21 ELECTION round 0: result PASSED
2023-11-06 09:26:54,082 [b7b1b697-3f82-4acb-89c8-f9bc2eccfa5a@group-E7ACA9F6E515-LeaderElection21] INFO  impl.RoleInfo (RoleInfo.java:shutdownLeaderElection(130)) - b7b1b697-3f82-4acb-89c8-f9bc2eccfa5a: shutdown b7b1b697-3f82-4acb-89c8-f9bc2eccfa5a@group-E7ACA9F6E515-LeaderElection21
2023-11-06 09:26:54,082 [b7b1b697-3f82-4acb-89c8-f9bc2eccfa5a@group-E7ACA9F6E515-LeaderElection21] INFO  server.RaftServer$Division (RaftServerImpl.java:setRole(329)) - b7b1b697-3f82-4acb-89c8-f9bc2eccfa5a@group-E7ACA9F6E515: changes role from CANDIDATE to LEADER at term 1 for changeToLeader
2023-11-06 09:26:54,082 [b7b1b697-3f82-4acb-89c8-f9bc2eccfa5a@group-E7ACA9F6E515-LeaderElection21] INFO  ratis.XceiverServerRatis (XceiverServerRatis.java:handleLeaderChangedNotification(903)) - Leader change notification received for group: group-E7ACA9F6E515 with new leaderId: b7b1b697-3f82-4acb-89c8-f9bc2eccfa5a
2023-11-06 09:26:54,082 [b7b1b697-3f82-4acb-89c8-f9bc2eccfa5a@group-E7ACA9F6E515-LeaderElection21] INFO  server.RaftServer$Division (ServerState.java:setLeader(317)) - b7b1b697-3f82-4acb-89c8-f9bc2eccfa5a@group-E7ACA9F6E515: change Leader from null to b7b1b697-3f82-4acb-89c8-f9bc2eccfa5a at term 1 for becomeLeader, leader elected after 5180ms
2023-11-06 09:26:54,083 [b7b1b697-3f82-4acb-89c8-f9bc2eccfa5a@group-E7ACA9F6E515-LeaderElection21] INFO  server.RaftServerConfigKeys (ConfUtils.java:logGet(46)) - raft.server.staging.catchup.gap = 1000 (default)
2023-11-06 09:26:54,083 [b7b1b697-3f82-4acb-89c8-f9bc2eccfa5a@group-E7ACA9F6E515-LeaderElection21] INFO  server.RaftServerConfigKeys (ConfUtils.java:logGet(46)) - raft.server.write.element-limit = 1024 (custom)
2023-11-06 09:26:54,083 [b7b1b697-3f82-4acb-89c8-f9bc2eccfa5a@group-E7ACA9F6E515-LeaderElection21] INFO  server.RaftServerConfigKeys (ConfUtils.java:logGet(46)) - raft.server.write.byte-limit = 1024 M (=1073741824) (custom)
2023-11-06 09:26:54,083 [b7b1b697-3f82-4acb-89c8-f9bc2eccfa5a@group-E7ACA9F6E515-LeaderElection21] INFO  server.RaftServerConfigKeys (ConfUtils.java:logGet(46)) - raft.server.watch.timeout = 180s (custom)
2023-11-06 09:26:54,083 [b7b1b697-3f82-4acb-89c8-f9bc2eccfa5a@group-E7ACA9F6E515-LeaderElection21] INFO  server.RaftServerConfigKeys (ConfUtils.java:logGet(46)) - raft.server.watch.timeout.denomination = 1s (default)
2023-11-06 09:26:54,083 [b7b1b697-3f82-4acb-89c8-f9bc2eccfa5a@group-E7ACA9F6E515-LeaderElection21] INFO  server.RaftServerConfigKeys (ConfUtils.java:logGet(46)) - raft.server.watch.element-limit = 65536 (default)
2023-11-06 09:26:54,083 [b7b1b697-3f82-4acb-89c8-f9bc2eccfa5a@group-E7ACA9F6E515-LeaderElection21] INFO  server.RaftServerConfigKeys (ConfUtils.java:logGet(46)) - raft.server.write.element-limit = 1024 (custom)
2023-11-06 09:26:54,083 [b7b1b697-3f82-4acb-89c8-f9bc2eccfa5a@group-E7ACA9F6E515-LeaderElection21] INFO  server.RaftServerConfigKeys (ConfUtils.java:logGet(46)) - raft.server.write.follower.gap.ratio.max = -1.0 (default)
2023-11-06 09:26:54,084 [b7b1b697-3f82-4acb-89c8-f9bc2eccfa5a@group-E7ACA9F6E515-LeaderElection21] INFO  server.RaftServerConfigKeys (ConfUtils.java:logGet(46)) - raft.server.log.appender.snapshot.chunk.size.max = 16MB (=16777216) (default)
2023-11-06 09:26:54,084 [b7b1b697-3f82-4acb-89c8-f9bc2eccfa5a@group-E7ACA9F6E515-LeaderElection21] INFO  server.RaftServerConfigKeys (ConfUtils.java:logGet(46)) - raft.server.log.appender.buffer.byte-limit = 33554432 (custom)
2023-11-06 09:26:54,084 [b7b1b697-3f82-4acb-89c8-f9bc2eccfa5a@group-E7ACA9F6E515-LeaderElection21] INFO  server.RaftServerConfigKeys (ConfUtils.java:logGet(46)) - raft.server.log.appender.buffer.element-limit = 1 (custom)
2023-11-06 09:26:54,084 [b7b1b697-3f82-4acb-89c8-f9bc2eccfa5a@group-E7ACA9F6E515-LeaderElection21] INFO  server.RaftServerConfigKeys (ConfUtils.java:logGet(46)) - raft.server.log.appender.wait-time.min = 1ms (custom)
2023-11-06 09:26:54,084 [b7b1b697-3f82-4acb-89c8-f9bc2eccfa5a@group-E7ACA9F6E515-LeaderElection21] INFO  grpc.GrpcConfigKeys (ConfUtils.java:logGet(46)) - raft.grpc.server.leader.outstanding.appends.max = 128 (default)
2023-11-06 09:26:54,084 [b7b1b697-3f82-4acb-89c8-f9bc2eccfa5a@group-E7ACA9F6E515-LeaderElection21] INFO  server.RaftServerConfigKeys (ConfUtils.java:logGet(46)) - raft.server.rpc.request.timeout = 60s (custom)
2023-11-06 09:26:54,084 [b7b1b697-3f82-4acb-89c8-f9bc2eccfa5a@group-E7ACA9F6E515-LeaderElection21] INFO  grpc.GrpcConfigKeys (ConfUtils.java:logGet(46)) - raft.grpc.server.install_snapshot.request.element-limit = 8 (default)
2023-11-06 09:26:54,084 [b7b1b697-3f82-4acb-89c8-f9bc2eccfa5a@group-E7ACA9F6E515-LeaderElection21] INFO  grpc.GrpcConfigKeys (ConfUtils.java:logGet(46)) - raft.grpc.server.install_snapshot.request.timeout = 3000ms (default)
2023-11-06 09:26:54,084 [b7b1b697-3f82-4acb-89c8-f9bc2eccfa5a@group-E7ACA9F6E515-LeaderElection21] INFO  server.RaftServerConfigKeys (ConfUtils.java:logGet(46)) - raft.server.log.appender.install.snapshot.enabled = false (custom)
2023-11-06 09:26:54,084 [b7b1b697-3f82-4acb-89c8-f9bc2eccfa5a@group-E7ACA9F6E515-LeaderElection21] INFO  grpc.GrpcConfigKeys (ConfUtils.java:logGet(46)) - raft.grpc.server.heartbeat.channel = true (default)
2023-11-06 09:26:54,087 [EventQueue-PipelineReportForPipelineReportHandler] INFO  pipeline.PipelineReportHandler (PipelineReportHandler.java:processPipelineReport(136)) - Opened pipeline PipelineID=87283212-8523-47a3-ab01-e7aca9f6e515
2023-11-06 09:26:54,088 [b7b1b697-3f82-4acb-89c8-f9bc2eccfa5a@group-E7ACA9F6E515-LeaderElection21] INFO  server.RaftServerConfigKeys (ConfUtils.java:logGet(46)) - raft.server.log.appender.snapshot.chunk.size.max = 16MB (=16777216) (default)
2023-11-06 09:26:54,088 [b7b1b697-3f82-4acb-89c8-f9bc2eccfa5a@group-E7ACA9F6E515-LeaderElection21] INFO  server.RaftServerConfigKeys (ConfUtils.java:logGet(46)) - raft.server.log.appender.buffer.byte-limit = 33554432 (custom)
2023-11-06 09:26:54,091 [b7b1b697-3f82-4acb-89c8-f9bc2eccfa5a@group-E7ACA9F6E515-LeaderElection21] INFO  server.RaftServerConfigKeys (ConfUtils.java:logGet(46)) - raft.server.log.appender.buffer.element-limit = 1 (custom)
2023-11-06 09:26:54,092 [b7b1b697-3f82-4acb-89c8-f9bc2eccfa5a@group-E7ACA9F6E515-LeaderElection21] INFO  server.RaftServerConfigKeys (ConfUtils.java:logGet(46)) - raft.server.log.appender.wait-time.min = 1ms (custom)
2023-11-06 09:26:54,093 [b7b1b697-3f82-4acb-89c8-f9bc2eccfa5a@group-E7ACA9F6E515-LeaderElection21] INFO  grpc.GrpcConfigKeys (ConfUtils.java:logGet(46)) - raft.grpc.server.leader.outstanding.appends.max = 128 (default)
2023-11-06 09:26:54,093 [b7b1b697-3f82-4acb-89c8-f9bc2eccfa5a@group-E7ACA9F6E515-LeaderElection21] INFO  server.RaftServerConfigKeys (ConfUtils.java:logGet(46)) - raft.server.rpc.request.timeout = 60s (custom)
2023-11-06 09:26:54,093 [b7b1b697-3f82-4acb-89c8-f9bc2eccfa5a@group-E7ACA9F6E515-LeaderElection21] INFO  grpc.GrpcConfigKeys (ConfUtils.java:logGet(46)) - raft.grpc.server.install_snapshot.request.element-limit = 8 (default)
2023-11-06 09:26:54,093 [b7b1b697-3f82-4acb-89c8-f9bc2eccfa5a@group-E7ACA9F6E515-LeaderElection21] INFO  grpc.GrpcConfigKeys (ConfUtils.java:logGet(46)) - raft.grpc.server.install_snapshot.request.timeout = 3000ms (default)
2023-11-06 09:26:54,093 [b7b1b697-3f82-4acb-89c8-f9bc2eccfa5a@group-E7ACA9F6E515-LeaderElection21] INFO  server.RaftServerConfigKeys (ConfUtils.java:logGet(46)) - raft.server.log.appender.install.snapshot.enabled = false (custom)
2023-11-06 09:26:54,093 [b7b1b697-3f82-4acb-89c8-f9bc2eccfa5a@group-E7ACA9F6E515-LeaderElection21] INFO  grpc.GrpcConfigKeys (ConfUtils.java:logGet(46)) - raft.grpc.server.heartbeat.channel = true (default)
2023-11-06 09:26:54,093 [b7b1b697-3f82-4acb-89c8-f9bc2eccfa5a@group-E7ACA9F6E515-LeaderElection21] INFO  impl.RoleInfo (RoleInfo.java:updateAndGet(139)) - b7b1b697-3f82-4acb-89c8-f9bc2eccfa5a: start b7b1b697-3f82-4acb-89c8-f9bc2eccfa5a@group-E7ACA9F6E515-LeaderStateImpl
2023-11-06 09:26:54,093 [b7b1b697-3f82-4acb-89c8-f9bc2eccfa5a@group-E7ACA9F6E515-LeaderElection21] INFO  segmented.SegmentedRaftLogWorker (SegmentedRaftLogWorker.java:startLogSegment(447)) - b7b1b697-3f82-4acb-89c8-f9bc2eccfa5a@group-E7ACA9F6E515-SegmentedRaftLogWorker: Starting segment from index:0
2023-11-06 09:26:54,094 [b7b1b697-3f82-4acb-89c8-f9bc2eccfa5a@group-E7ACA9F6E515-SegmentedRaftLogWorker] INFO  segmented.SegmentedRaftLogWorker (SegmentedRaftLogWorker.java:execute(651)) - b7b1b697-3f82-4acb-89c8-f9bc2eccfa5a@group-E7ACA9F6E515-SegmentedRaftLogWorker: created new log segment /home/runner/work/ozone/ozone/hadoop-ozone/integration-test/target/test-dir/MiniOzoneClusterImpl-938474ea-96d6-4bd3-a45f-678920fb0bb2/datanode-5/data/ratis/87283212-8523-47a3-ab01-e7aca9f6e515/current/log_inprogress_0
2023-11-06 09:26:54,110 [b7b1b697-3f82-4acb-89c8-f9bc2eccfa5a@group-E7ACA9F6E515-LeaderElection21] INFO  server.RaftServer$Division (ServerState.java:setRaftConf(434)) - b7b1b697-3f82-4acb-89c8-f9bc2eccfa5a@group-E7ACA9F6E515: set configuration 0: peers:[fadd24ee-4463-4420-97cf-bdd350ad83ae|rpc:10.1.0.6:15041|admin:10.1.0.6:15040|client:10.1.0.6:15039|dataStream:10.1.0.6:15042|priority:0|startupRole:FOLLOWER, 4cee0e49-9f18-41f8-8e67-157ccbc15955|rpc:10.1.0.6:15050|admin:10.1.0.6:15049|client:10.1.0.6:15048|dataStream:10.1.0.6:15051|priority:0|startupRole:FOLLOWER, b7b1b697-3f82-4acb-89c8-f9bc2eccfa5a|rpc:10.1.0.6:15059|admin:10.1.0.6:15058|client:10.1.0.6:15057|dataStream:10.1.0.6:15060|priority:1|startupRole:FOLLOWER]|listeners:[], old=null
2023-11-06 09:26:54,118 [IPC Server handler 4 on default port 15001] INFO  pipeline.WritableECContainerProvider (WritableECContainerProvider.java:allocateContainer(211)) - Created and opened new pipeline Pipeline[ Id: eeacec12-a8fc-4b02-b8b5-af221b05ce3a, Nodes: d9016e39-0130-4fd9-896a-cac3c2785d02(fv-az241-347.2tfxs3cvuluejhi1wdm4o5ef4c.bx.internal.cloudapp.net/10.1.0.6)4cee0e49-9f18-41f8-8e67-157ccbc15955(fv-az241-347.2tfxs3cvuluejhi1wdm4o5ef4c.bx.internal.cloudapp.net/10.1.0.6)b7b1b697-3f82-4acb-89c8-f9bc2eccfa5a(fv-az241-347.2tfxs3cvuluejhi1wdm4o5ef4c.bx.internal.cloudapp.net/10.1.0.6)92ba0aed-1dcc-4895-b5bb-fc45f440be2e(fv-az241-347.2tfxs3cvuluejhi1wdm4o5ef4c.bx.internal.cloudapp.net/10.1.0.6)0e92623e-4dcf-4eff-ae25-f8b8c2de319b(fv-az241-347.2tfxs3cvuluejhi1wdm4o5ef4c.bx.internal.cloudapp.net/10.1.0.6), ReplicationConfig: EC{rs-3-2-1024k}, State:ALLOCATED, leaderId:, CreationTimestamp2023-11-06T09:26:54.070Z[Etc/UTC]]
2023-11-06 09:26:54,125 [fadd24ee-4463-4420-97cf-bdd350ad83ae-server-thread1] INFO  ratis.XceiverServerRatis (XceiverServerRatis.java:handleLeaderChangedNotification(903)) - Leader change notification received for group: group-E7ACA9F6E515 with new leaderId: b7b1b697-3f82-4acb-89c8-f9bc2eccfa5a
2023-11-06 09:26:54,126 [fadd24ee-4463-4420-97cf-bdd350ad83ae-server-thread1] INFO  server.RaftServer$Division (ServerState.java:setLeader(317)) - fadd24ee-4463-4420-97cf-bdd350ad83ae@group-E7ACA9F6E515: change Leader from null to b7b1b697-3f82-4acb-89c8-f9bc2eccfa5a at term 1 for appendEntries, leader elected after 5834ms
2023-11-06 09:26:54,127 [fadd24ee-4463-4420-97cf-bdd350ad83ae-server-thread1] INFO  server.RaftServer$Division (ServerState.java:setRaftConf(434)) - fadd24ee-4463-4420-97cf-bdd350ad83ae@group-E7ACA9F6E515: set configuration 0: peers:[fadd24ee-4463-4420-97cf-bdd350ad83ae|rpc:10.1.0.6:15041|admin:10.1.0.6:15040|client:10.1.0.6:15039|dataStream:10.1.0.6:15042|priority:0|startupRole:FOLLOWER, 4cee0e49-9f18-41f8-8e67-157ccbc15955|rpc:10.1.0.6:15050|admin:10.1.0.6:15049|client:10.1.0.6:15048|dataStream:10.1.0.6:15051|priority:0|startupRole:FOLLOWER, b7b1b697-3f82-4acb-89c8-f9bc2eccfa5a|rpc:10.1.0.6:15059|admin:10.1.0.6:15058|client:10.1.0.6:15057|dataStream:10.1.0.6:15060|priority:1|startupRole:FOLLOWER]|listeners:[], old=null
2023-11-06 09:26:54,127 [fadd24ee-4463-4420-97cf-bdd350ad83ae-server-thread1] INFO  segmented.SegmentedRaftLogWorker (SegmentedRaftLogWorker.java:startLogSegment(447)) - fadd24ee-4463-4420-97cf-bdd350ad83ae@group-E7ACA9F6E515-SegmentedRaftLogWorker: Starting segment from index:0
2023-11-06 09:26:54,126 [IPC Server handler 4 on default port 15001] WARN  ha.SequenceIdGenerator (SequenceIdGenerator.java:allocateBatch(258)) - Failed to allocate a batch for localId, expected lastId is 0, actual lastId is 111677748019200000.
2023-11-06 09:26:54,129 [IPC Server handler 4 on default port 15001] INFO  ha.SequenceIdGenerator (SequenceIdGenerator.java:getNextId(145)) - Allocate a batch for localId, change lastId from 111677748019200000 to 111677748019201000.
2023-11-06 09:26:54,131 [18227f38-d602-4438-971e-c9cd287df9cb@group-6DBCDF991ECB-FollowerState] INFO  impl.FollowerState (FollowerState.java:run(143)) - 18227f38-d602-4438-971e-c9cd287df9cb@group-6DBCDF991ECB-FollowerState: change to CANDIDATE, lastRpcElapsedTime:5125112315ns, electionTimeout:5114ms
2023-11-06 09:26:54,131 [18227f38-d602-4438-971e-c9cd287df9cb@group-6DBCDF991ECB-FollowerState] INFO  impl.RoleInfo (RoleInfo.java:shutdownFollowerState(110)) - 18227f38-d602-4438-971e-c9cd287df9cb: shutdown 18227f38-d602-4438-971e-c9cd287df9cb@group-6DBCDF991ECB-FollowerState
2023-11-06 09:26:54,131 [18227f38-d602-4438-971e-c9cd287df9cb@group-6DBCDF991ECB-FollowerState] INFO  server.RaftServer$Division (RaftServerImpl.java:setRole(329)) - 18227f38-d602-4438-971e-c9cd287df9cb@group-6DBCDF991ECB: changes role from  FOLLOWER to CANDIDATE at term 0 for changeToCandidate
2023-11-06 09:26:54,132 [18227f38-d602-4438-971e-c9cd287df9cb@group-6DBCDF991ECB-FollowerState] INFO  server.RaftServerConfigKeys (ConfUtils.java:logGet(46)) - raft.server.leaderelection.pre-vote = true (default)
2023-11-06 09:26:54,132 [18227f38-d602-4438-971e-c9cd287df9cb@group-6DBCDF991ECB-FollowerState] INFO  impl.RoleInfo (RoleInfo.java:updateAndGet(139)) - 18227f38-d602-4438-971e-c9cd287df9cb: start 18227f38-d602-4438-971e-c9cd287df9cb@group-6DBCDF991ECB-LeaderElection22
2023-11-06 09:26:54,133 [4cee0e49-9f18-41f8-8e67-157ccbc15955-server-thread1] INFO  ratis.XceiverServerRatis (XceiverServerRatis.java:handleLeaderChangedNotification(903)) - Leader change notification received for group: group-E7ACA9F6E515 with new leaderId: b7b1b697-3f82-4acb-89c8-f9bc2eccfa5a
2023-11-06 09:26:54,133 [4cee0e49-9f18-41f8-8e67-157ccbc15955-server-thread1] INFO  server.RaftServer$Division (ServerState.java:setLeader(317)) - 4cee0e49-9f18-41f8-8e67-157ccbc15955@group-E7ACA9F6E515: change Leader from null to b7b1b697-3f82-4acb-89c8-f9bc2eccfa5a at term 1 for appendEntries, leader elected after 5749ms
2023-11-06 09:26:54,135 [18227f38-d602-4438-971e-c9cd287df9cb@group-6DBCDF991ECB-LeaderElection22] INFO  impl.LeaderElection (LeaderElection.java:askForVotes(321)) - 18227f38-d602-4438-971e-c9cd287df9cb@group-6DBCDF991ECB-LeaderElection22 PRE_VOTE round 0: submit vote requests at term 0 for -1: peers:[92ba0aed-1dcc-4895-b5bb-fc45f440be2e|rpc:10.1.0.6:15068|admin:10.1.0.6:15067|client:10.1.0.6:15066|dataStream:10.1.0.6:15069|priority:0|startupRole:FOLLOWER, 18227f38-d602-4438-971e-c9cd287df9cb|rpc:10.1.0.6:15077|admin:10.1.0.6:15076|client:10.1.0.6:15075|dataStream:10.1.0.6:15078|priority:1|startupRole:FOLLOWER, 5f7d9b36-4620-4ba9-8a78-929bd6ddd1f9|rpc:10.1.0.6:15086|admin:10.1.0.6:15085|client:10.1.0.6:15084|dataStream:10.1.0.6:15087|priority:0|startupRole:FOLLOWER]|listeners:[], old=null
2023-11-06 09:26:54,137 [fadd24ee-4463-4420-97cf-bdd350ad83ae@group-E7ACA9F6E515-SegmentedRaftLogWorker] INFO  segmented.SegmentedRaftLogWorker (SegmentedRaftLogWorker.java:execute(651)) - fadd24ee-4463-4420-97cf-bdd350ad83ae@group-E7ACA9F6E515-SegmentedRaftLogWorker: created new log segment /home/runner/work/ozone/ozone/hadoop-ozone/integration-test/target/test-dir/MiniOzoneClusterImpl-938474ea-96d6-4bd3-a45f-678920fb0bb2/datanode-3/data/ratis/87283212-8523-47a3-ab01-e7aca9f6e515/current/log_inprogress_0
2023-11-06 09:26:54,140 [4cee0e49-9f18-41f8-8e67-157ccbc15955-server-thread2] INFO  server.RaftServer$Division (ServerState.java:setRaftConf(434)) - 4cee0e49-9f18-41f8-8e67-157ccbc15955@group-E7ACA9F6E515: set configuration 0: peers:[fadd24ee-4463-4420-97cf-bdd350ad83ae|rpc:10.1.0.6:15041|admin:10.1.0.6:15040|client:10.1.0.6:15039|dataStream:10.1.0.6:15042|priority:0|startupRole:FOLLOWER, 4cee0e49-9f18-41f8-8e67-157ccbc15955|rpc:10.1.0.6:15050|admin:10.1.0.6:15049|client:10.1.0.6:15048|dataStream:10.1.0.6:15051|priority:0|startupRole:FOLLOWER, b7b1b697-3f82-4acb-89c8-f9bc2eccfa5a|rpc:10.1.0.6:15059|admin:10.1.0.6:15058|client:10.1.0.6:15057|dataStream:10.1.0.6:15060|priority:1|startupRole:FOLLOWER]|listeners:[], old=null
2023-11-06 09:26:54,142 [4cee0e49-9f18-41f8-8e67-157ccbc15955-server-thread2] INFO  segmented.SegmentedRaftLogWorker (SegmentedRaftLogWorker.java:startLogSegment(447)) - 4cee0e49-9f18-41f8-8e67-157ccbc15955@group-E7ACA9F6E515-SegmentedRaftLogWorker: Starting segment from index:0
2023-11-06 09:26:54,149 [18227f38-d602-4438-971e-c9cd287df9cb@group-6DBCDF991ECB-LeaderElection22] INFO  server.RaftServerConfigKeys (ConfUtils.java:logFallback(53)) - raft.server.rpc.first-election.timeout.min = 5s (fallback to raft.server.rpc.timeout.min)
2023-11-06 09:26:54,149 [18227f38-d602-4438-971e-c9cd287df9cb@group-6DBCDF991ECB-LeaderElection22] INFO  server.RaftServerConfigKeys (ConfUtils.java:logFallback(53)) - raft.server.rpc.first-election.timeout.max = 5200ms (fallback to raft.server.rpc.timeout.max)
2023-11-06 09:26:54,151 [18227f38-d602-4438-971e-c9cd287df9cb@group-6DBCDF991ECB-LeaderElection22-2] INFO  server.GrpcServerProtocolClient (GrpcServerProtocolClient.java:<init>(65)) - Build channel for 5f7d9b36-4620-4ba9-8a78-929bd6ddd1f9
2023-11-06 09:26:54,151 [18227f38-d602-4438-971e-c9cd287df9cb@group-6DBCDF991ECB-LeaderElection22-1] INFO  server.GrpcServerProtocolClient (GrpcServerProtocolClient.java:<init>(65)) - Build channel for 92ba0aed-1dcc-4895-b5bb-fc45f440be2e
2023-11-06 09:26:54,153 [4cee0e49-9f18-41f8-8e67-157ccbc15955@group-E7ACA9F6E515-SegmentedRaftLogWorker] INFO  segmented.SegmentedRaftLogWorker (SegmentedRaftLogWorker.java:execute(651)) - 4cee0e49-9f18-41f8-8e67-157ccbc15955@group-E7ACA9F6E515-SegmentedRaftLogWorker: created new log segment /home/runner/work/ozone/ozone/hadoop-ozone/integration-test/target/test-dir/MiniOzoneClusterImpl-938474ea-96d6-4bd3-a45f-678920fb0bb2/datanode-4/data/ratis/87283212-8523-47a3-ab01-e7aca9f6e515/current/log_inprogress_0
2023-11-06 09:26:54,166 [grpc-default-executor-2] INFO  server.RaftServer$Division (RaftServerImpl.java:requestVote(1302)) - 5f7d9b36-4620-4ba9-8a78-929bd6ddd1f9@group-6DBCDF991ECB: receive requestVote(PRE_VOTE, 18227f38-d602-4438-971e-c9cd287df9cb, group-6DBCDF991ECB, 0, (t:0, i:0))
2023-11-06 09:26:54,167 [grpc-default-executor-2] INFO  impl.VoteContext (VoteContext.java:log(49)) - 5f7d9b36-4620-4ba9-8a78-929bd6ddd1f9@group-6DBCDF991ECB-FOLLOWER: accept PRE_VOTE from 18227f38-d602-4438-971e-c9cd287df9cb: our priority 0 <= candidate's priority 1
2023-11-06 09:26:54,167 [grpc-default-executor-2] INFO  server.RaftServer$Division (RaftServerImpl.java:requestVote(1335)) - 5f7d9b36-4620-4ba9-8a78-929bd6ddd1f9@group-6DBCDF991ECB replies to PRE_VOTE vote request: 18227f38-d602-4438-971e-c9cd287df9cb<-5f7d9b36-4620-4ba9-8a78-929bd6ddd1f9#0:OK-t0. Peer's state: 5f7d9b36-4620-4ba9-8a78-929bd6ddd1f9@group-6DBCDF991ECB:t0, leader=null, voted=, raftlog=Memoized:5f7d9b36-4620-4ba9-8a78-929bd6ddd1f9@group-6DBCDF991ECB-SegmentedRaftLog:OPENED:c-1, conf=-1: peers:[92ba0aed-1dcc-4895-b5bb-fc45f440be2e|rpc:10.1.0.6:15068|admin:10.1.0.6:15067|client:10.1.0.6:15066|dataStream:10.1.0.6:15069|priority:0|startupRole:FOLLOWER, 18227f38-d602-4438-971e-c9cd287df9cb|rpc:10.1.0.6:15077|admin:10.1.0.6:15076|client:10.1.0.6:15075|dataStream:10.1.0.6:15078|priority:1|startupRole:FOLLOWER, 5f7d9b36-4620-4ba9-8a78-929bd6ddd1f9|rpc:10.1.0.6:15086|admin:10.1.0.6:15085|client:10.1.0.6:15084|dataStream:10.1.0.6:15087|priority:0|startupRole:FOLLOWER]|listeners:[], old=null
2023-11-06 09:26:54,166 [grpc-default-executor-0] INFO  server.RaftServer$Division (RaftServerImpl.java:requestVote(1302)) - 92ba0aed-1dcc-4895-b5bb-fc45f440be2e@group-6DBCDF991ECB: receive requestVote(PRE_VOTE, 18227f38-d602-4438-971e-c9cd287df9cb, group-6DBCDF991ECB, 0, (t:0, i:0))
2023-11-06 09:26:54,167 [grpc-default-executor-0] INFO  impl.VoteContext (VoteContext.java:log(49)) - 92ba0aed-1dcc-4895-b5bb-fc45f440be2e@group-6DBCDF991ECB-FOLLOWER: accept PRE_VOTE from 18227f38-d602-4438-971e-c9cd287df9cb: our priority 0 <= candidate's priority 1
2023-11-06 09:26:54,167 [grpc-default-executor-0] INFO  server.RaftServer$Division (RaftServerImpl.java:requestVote(1335)) - 92ba0aed-1dcc-4895-b5bb-fc45f440be2e@group-6DBCDF991ECB replies to PRE_VOTE vote request: 18227f38-d602-4438-971e-c9cd287df9cb<-92ba0aed-1dcc-4895-b5bb-fc45f440be2e#0:OK-t0. Peer's state: 92ba0aed-1dcc-4895-b5bb-fc45f440be2e@group-6DBCDF991ECB:t0, leader=null, voted=, raftlog=Memoized:92ba0aed-1dcc-4895-b5bb-fc45f440be2e@group-6DBCDF991ECB-SegmentedRaftLog:OPENED:c-1, conf=-1: peers:[92ba0aed-1dcc-4895-b5bb-fc45f440be2e|rpc:10.1.0.6:15068|admin:10.1.0.6:15067|client:10.1.0.6:15066|dataStream:10.1.0.6:15069|priority:0|startupRole:FOLLOWER, 18227f38-d602-4438-971e-c9cd287df9cb|rpc:10.1.0.6:15077|admin:10.1.0.6:15076|client:10.1.0.6:15075|dataStream:10.1.0.6:15078|priority:1|startupRole:FOLLOWER, 5f7d9b36-4620-4ba9-8a78-929bd6ddd1f9|rpc:10.1.0.6:15086|admin:10.1.0.6:15085|client:10.1.0.6:15084|dataStream:10.1.0.6:15087|priority:0|startupRole:FOLLOWER]|listeners:[], old=null
2023-11-06 09:26:54,169 [18227f38-d602-4438-971e-c9cd287df9cb@group-6DBCDF991ECB-LeaderElection22] INFO  impl.LeaderElection (LeaderElection.java:logAndReturn(90)) - 18227f38-d602-4438-971e-c9cd287df9cb@group-6DBCDF991ECB-LeaderElection22: PRE_VOTE PASSED received 1 response(s) and 0 exception(s):
2023-11-06 09:26:54,169 [18227f38-d602-4438-971e-c9cd287df9cb@group-6DBCDF991ECB-LeaderElection22] INFO  impl.LeaderElection (LeaderElection.java:logAndReturn(94)) -   Response 0: 18227f38-d602-4438-971e-c9cd287df9cb<-5f7d9b36-4620-4ba9-8a78-929bd6ddd1f9#0:OK-t0
2023-11-06 09:26:54,169 [18227f38-d602-4438-971e-c9cd287df9cb@group-6DBCDF991ECB-LeaderElection22] INFO  impl.LeaderElection (LeaderElection.java:askForVotes(323)) - 18227f38-d602-4438-971e-c9cd287df9cb@group-6DBCDF991ECB-LeaderElection22 PRE_VOTE round 0: result PASSED
2023-11-06 09:26:54,171 [18227f38-d602-4438-971e-c9cd287df9cb@group-6DBCDF991ECB-LeaderElection22] INFO  impl.LeaderElection (LeaderElection.java:askForVotes(321)) - 18227f38-d602-4438-971e-c9cd287df9cb@group-6DBCDF991ECB-LeaderElection22 ELECTION round 0: submit vote requests at term 1 for -1: peers:[92ba0aed-1dcc-4895-b5bb-fc45f440be2e|rpc:10.1.0.6:15068|admin:10.1.0.6:15067|client:10.1.0.6:15066|dataStream:10.1.0.6:15069|priority:0|startupRole:FOLLOWER, 18227f38-d602-4438-971e-c9cd287df9cb|rpc:10.1.0.6:15077|admin:10.1.0.6:15076|client:10.1.0.6:15075|dataStream:10.1.0.6:15078|priority:1|startupRole:FOLLOWER, 5f7d9b36-4620-4ba9-8a78-929bd6ddd1f9|rpc:10.1.0.6:15086|admin:10.1.0.6:15085|client:10.1.0.6:15084|dataStream:10.1.0.6:15087|priority:0|startupRole:FOLLOWER]|listeners:[], old=null
2023-11-06 09:26:54,172 [18227f38-d602-4438-971e-c9cd287df9cb@group-6DBCDF991ECB-LeaderElection22] INFO  server.RaftServerConfigKeys (ConfUtils.java:logFallback(53)) - raft.server.rpc.first-election.timeout.min = 5s (fallback to raft.server.rpc.timeout.min)
2023-11-06 09:26:54,172 [18227f38-d602-4438-971e-c9cd287df9cb@group-6DBCDF991ECB-LeaderElection22] INFO  server.RaftServerConfigKeys (ConfUtils.java:logFallback(53)) - raft.server.rpc.first-election.timeout.max = 5200ms (fallback to raft.server.rpc.timeout.max)
2023-11-06 09:26:54,174 [grpc-default-executor-0] INFO  server.RaftServer$Division (RaftServerImpl.java:requestVote(1302)) - 5f7d9b36-4620-4ba9-8a78-929bd6ddd1f9@group-6DBCDF991ECB: receive requestVote(ELECTION, 18227f38-d602-4438-971e-c9cd287df9cb, group-6DBCDF991ECB, 1, (t:0, i:0))
2023-11-06 09:26:54,174 [grpc-default-executor-0] INFO  impl.VoteContext (VoteContext.java:log(49)) - 5f7d9b36-4620-4ba9-8a78-929bd6ddd1f9@group-6DBCDF991ECB-FOLLOWER: accept ELECTION from 18227f38-d602-4438-971e-c9cd287df9cb: our priority 0 <= candidate's priority 1
2023-11-06 09:26:54,174 [grpc-default-executor-0] INFO  server.RaftServer$Division (RaftServerImpl.java:setRole(329)) - 5f7d9b36-4620-4ba9-8a78-929bd6ddd1f9@group-6DBCDF991ECB: changes role from  FOLLOWER to FOLLOWER at term 1 for candidate:18227f38-d602-4438-971e-c9cd287df9cb
2023-11-06 09:26:54,174 [grpc-default-executor-0] INFO  impl.RoleInfo (RoleInfo.java:shutdownFollowerState(110)) - 5f7d9b36-4620-4ba9-8a78-929bd6ddd1f9: shutdown 5f7d9b36-4620-4ba9-8a78-929bd6ddd1f9@group-6DBCDF991ECB-FollowerState
2023-11-06 09:26:54,174 [grpc-default-executor-0] INFO  impl.RoleInfo (RoleInfo.java:updateAndGet(139)) - 5f7d9b36-4620-4ba9-8a78-929bd6ddd1f9: start 5f7d9b36-4620-4ba9-8a78-929bd6ddd1f9@group-6DBCDF991ECB-FollowerState
2023-11-06 09:26:54,174 [5f7d9b36-4620-4ba9-8a78-929bd6ddd1f9@group-6DBCDF991ECB-FollowerState] INFO  impl.FollowerState (FollowerState.java:run(152)) - 5f7d9b36-4620-4ba9-8a78-929bd6ddd1f9@group-6DBCDF991ECB-FollowerState was interrupted
2023-11-06 09:26:54,174 [grpc-default-executor-2] INFO  server.RaftServer$Division (RaftServerImpl.java:requestVote(1302)) - 92ba0aed-1dcc-4895-b5bb-fc45f440be2e@group-6DBCDF991ECB: receive requestVote(ELECTION, 18227f38-d602-4438-971e-c9cd287df9cb, group-6DBCDF991ECB, 1, (t:0, i:0))
2023-11-06 09:26:54,184 [grpc-default-executor-2] INFO  impl.VoteContext (VoteContext.java:log(49)) - 92ba0aed-1dcc-4895-b5bb-fc45f440be2e@group-6DBCDF991ECB-FOLLOWER: accept ELECTION from 18227f38-d602-4438-971e-c9cd287df9cb: our priority 0 <= candidate's priority 1
2023-11-06 09:26:54,184 [grpc-default-executor-2] INFO  server.RaftServer$Division (RaftServerImpl.java:setRole(329)) - 92ba0aed-1dcc-4895-b5bb-fc45f440be2e@group-6DBCDF991ECB: changes role from  FOLLOWER to FOLLOWER at term 1 for candidate:18227f38-d602-4438-971e-c9cd287df9cb
2023-11-06 09:26:54,184 [grpc-default-executor-2] INFO  impl.RoleInfo (RoleInfo.java:shutdownFollowerState(110)) - 92ba0aed-1dcc-4895-b5bb-fc45f440be2e: shutdown 92ba0aed-1dcc-4895-b5bb-fc45f440be2e@group-6DBCDF991ECB-FollowerState
2023-11-06 09:26:54,184 [grpc-default-executor-2] INFO  impl.RoleInfo (RoleInfo.java:updateAndGet(139)) - 92ba0aed-1dcc-4895-b5bb-fc45f440be2e: start 92ba0aed-1dcc-4895-b5bb-fc45f440be2e@group-6DBCDF991ECB-FollowerState
2023-11-06 09:26:54,184 [92ba0aed-1dcc-4895-b5bb-fc45f440be2e@group-6DBCDF991ECB-FollowerState] INFO  impl.FollowerState (FollowerState.java:run(152)) - 92ba0aed-1dcc-4895-b5bb-fc45f440be2e@group-6DBCDF991ECB-FollowerState was interrupted
2023-11-06 09:26:54,186 [grpc-default-executor-2] INFO  server.RaftServer$Division (RaftServerImpl.java:requestVote(1335)) - 92ba0aed-1dcc-4895-b5bb-fc45f440be2e@group-6DBCDF991ECB replies to ELECTION vote request: 18227f38-d602-4438-971e-c9cd287df9cb<-92ba0aed-1dcc-4895-b5bb-fc45f440be2e#0:OK-t1. Peer's state: 92ba0aed-1dcc-4895-b5bb-fc45f440be2e@group-6DBCDF991ECB:t1, leader=null, voted=18227f38-d602-4438-971e-c9cd287df9cb, raftlog=Memoized:92ba0aed-1dcc-4895-b5bb-fc45f440be2e@group-6DBCDF991ECB-SegmentedRaftLog:OPENED:c-1, conf=-1: peers:[92ba0aed-1dcc-4895-b5bb-fc45f440be2e|rpc:10.1.0.6:15068|admin:10.1.0.6:15067|client:10.1.0.6:15066|dataStream:10.1.0.6:15069|priority:0|startupRole:FOLLOWER, 18227f38-d602-4438-971e-c9cd287df9cb|rpc:10.1.0.6:15077|admin:10.1.0.6:15076|client:10.1.0.6:15075|dataStream:10.1.0.6:15078|priority:1|startupRole:FOLLOWER, 5f7d9b36-4620-4ba9-8a78-929bd6ddd1f9|rpc:10.1.0.6:15086|admin:10.1.0.6:15085|client:10.1.0.6:15084|dataStream:10.1.0.6:15087|priority:0|startupRole:FOLLOWER]|listeners:[], old=null
2023-11-06 09:26:54,187 [18227f38-d602-4438-971e-c9cd287df9cb@group-6DBCDF991ECB-LeaderElection22] INFO  impl.LeaderElection (LeaderElection.java:logAndReturn(90)) - 18227f38-d602-4438-971e-c9cd287df9cb@group-6DBCDF991ECB-LeaderElection22: ELECTION PASSED received 1 response(s) and 0 exception(s):
2023-11-06 09:26:54,188 [18227f38-d602-4438-971e-c9cd287df9cb@group-6DBCDF991ECB-LeaderElection22] INFO  impl.LeaderElection (LeaderElection.java:logAndReturn(94)) -   Response 0: 18227f38-d602-4438-971e-c9cd287df9cb<-92ba0aed-1dcc-4895-b5bb-fc45f440be2e#0:OK-t1
2023-11-06 09:26:54,188 [grpc-default-executor-0] INFO  server.RaftServer$Division (RaftServerImpl.java:requestVote(1335)) - 5f7d9b36-4620-4ba9-8a78-929bd6ddd1f9@group-6DBCDF991ECB replies to ELECTION vote request: 18227f38-d602-4438-971e-c9cd287df9cb<-5f7d9b36-4620-4ba9-8a78-929bd6ddd1f9#0:OK-t1. Peer's state: 5f7d9b36-4620-4ba9-8a78-929bd6ddd1f9@group-6DBCDF991ECB:t1, leader=null, voted=18227f38-d602-4438-971e-c9cd287df9cb, raftlog=Memoized:5f7d9b36-4620-4ba9-8a78-929bd6ddd1f9@group-6DBCDF991ECB-SegmentedRaftLog:OPENED:c-1, conf=-1: peers:[92ba0aed-1dcc-4895-b5bb-fc45f440be2e|rpc:10.1.0.6:15068|admin:10.1.0.6:15067|client:10.1.0.6:15066|dataStream:10.1.0.6:15069|priority:0|startupRole:FOLLOWER, 18227f38-d602-4438-971e-c9cd287df9cb|rpc:10.1.0.6:15077|admin:10.1.0.6:15076|client:10.1.0.6:15075|dataStream:10.1.0.6:15078|priority:1|startupRole:FOLLOWER, 5f7d9b36-4620-4ba9-8a78-929bd6ddd1f9|rpc:10.1.0.6:15086|admin:10.1.0.6:15085|client:10.1.0.6:15084|dataStream:10.1.0.6:15087|priority:0|startupRole:FOLLOWER]|listeners:[], old=null
2023-11-06 09:26:54,188 [18227f38-d602-4438-971e-c9cd287df9cb@group-6DBCDF991ECB-LeaderElection22] INFO  impl.LeaderElection (LeaderElection.java:askForVotes(323)) - 18227f38-d602-4438-971e-c9cd287df9cb@group-6DBCDF991ECB-LeaderElection22 ELECTION round 0: result PASSED
2023-11-06 09:26:54,189 [18227f38-d602-4438-971e-c9cd287df9cb@group-6DBCDF991ECB-LeaderElection22] INFO  impl.RoleInfo (RoleInfo.java:shutdownLeaderElection(130)) - 18227f38-d602-4438-971e-c9cd287df9cb: shutdown 18227f38-d602-4438-971e-c9cd287df9cb@group-6DBCDF991ECB-LeaderElection22
2023-11-06 09:26:54,189 [18227f38-d602-4438-971e-c9cd287df9cb@group-6DBCDF991ECB-LeaderElection22] INFO  server.RaftServer$Division (RaftServerImpl.java:setRole(329)) - 18227f38-d602-4438-971e-c9cd287df9cb@group-6DBCDF991ECB: changes role from CANDIDATE to LEADER at term 1 for changeToLeader
2023-11-06 09:26:54,189 [18227f38-d602-4438-971e-c9cd287df9cb@group-6DBCDF991ECB-LeaderElection22] INFO  ratis.XceiverServerRatis (XceiverServerRatis.java:handleLeaderChangedNotification(903)) - Leader change notification received for group: group-6DBCDF991ECB with new leaderId: 18227f38-d602-4438-971e-c9cd287df9cb
2023-11-06 09:26:54,189 [18227f38-d602-4438-971e-c9cd287df9cb@group-6DBCDF991ECB-LeaderElection22] INFO  server.RaftServer$Division (ServerState.java:setLeader(317)) - 18227f38-d602-4438-971e-c9cd287df9cb@group-6DBCDF991ECB: change Leader from null to 18227f38-d602-4438-971e-c9cd287df9cb at term 1 for becomeLeader, leader elected after 5218ms
2023-11-06 09:26:54,189 [18227f38-d602-4438-971e-c9cd287df9cb@group-6DBCDF991ECB-LeaderElection22] INFO  server.RaftServerConfigKeys (ConfUtils.java:logGet(46)) - raft.server.staging.catchup.gap = 1000 (default)
2023-11-06 09:26:54,189 [18227f38-d602-4438-971e-c9cd287df9cb@group-6DBCDF991ECB-LeaderElection22] INFO  server.RaftServerConfigKeys (ConfUtils.java:logGet(46)) - raft.server.write.element-limit = 1024 (custom)
2023-11-06 09:26:54,189 [18227f38-d602-4438-971e-c9cd287df9cb@group-6DBCDF991ECB-LeaderElection22] INFO  server.RaftServerConfigKeys (ConfUtils.java:logGet(46)) - raft.server.write.byte-limit = 1024 M (=1073741824) (custom)
2023-11-06 09:26:54,190 [18227f38-d602-4438-971e-c9cd287df9cb@group-6DBCDF991ECB-LeaderElection22] INFO  server.RaftServerConfigKeys (ConfUtils.java:logGet(46)) - raft.server.watch.timeout = 180s (custom)
2023-11-06 09:26:54,190 [18227f38-d602-4438-971e-c9cd287df9cb@group-6DBCDF991ECB-LeaderElection22] INFO  server.RaftServerConfigKeys (ConfUtils.java:logGet(46)) - raft.server.watch.timeout.denomination = 1s (default)
2023-11-06 09:26:54,190 [18227f38-d602-4438-971e-c9cd287df9cb@group-6DBCDF991ECB-LeaderElection22] INFO  server.RaftServerConfigKeys (ConfUtils.java:logGet(46)) - raft.server.watch.element-limit = 65536 (default)
2023-11-06 09:26:54,190 [18227f38-d602-4438-971e-c9cd287df9cb@group-6DBCDF991ECB-LeaderElection22] INFO  server.RaftServerConfigKeys (ConfUtils.java:logGet(46)) - raft.server.write.element-limit = 1024 (custom)
2023-11-06 09:26:54,190 [18227f38-d602-4438-971e-c9cd287df9cb@group-6DBCDF991ECB-LeaderElection22] INFO  server.RaftServerConfigKeys (ConfUtils.java:logGet(46)) - raft.server.write.follower.gap.ratio.max = -1.0 (default)
2023-11-06 09:26:54,190 [18227f38-d602-4438-971e-c9cd287df9cb@group-6DBCDF991ECB-LeaderElection22] INFO  server.RaftServerConfigKeys (ConfUtils.java:logGet(46)) - raft.server.log.appender.snapshot.chunk.size.max = 16MB (=16777216) (default)
2023-11-06 09:26:54,190 [18227f38-d602-4438-971e-c9cd287df9cb@group-6DBCDF991ECB-LeaderElection22] INFO  server.RaftServerConfigKeys (ConfUtils.java:logGet(46)) - raft.server.log.appender.buffer.byte-limit = 33554432 (custom)
2023-11-06 09:26:54,190 [18227f38-d602-4438-971e-c9cd287df9cb@group-6DBCDF991ECB-LeaderElection22] INFO  server.RaftServerConfigKeys (ConfUtils.java:logGet(46)) - raft.server.log.appender.buffer.element-limit = 1 (custom)
2023-11-06 09:26:54,191 [18227f38-d602-4438-971e-c9cd287df9cb@group-6DBCDF991ECB-LeaderElection22] INFO  server.RaftServerConfigKeys (ConfUtils.java:logGet(46)) - raft.server.log.appender.wait-time.min = 1ms (custom)
2023-11-06 09:26:54,191 [18227f38-d602-4438-971e-c9cd287df9cb@group-6DBCDF991ECB-LeaderElection22] INFO  grpc.GrpcConfigKeys (ConfUtils.java:logGet(46)) - raft.grpc.server.leader.outstanding.appends.max = 128 (default)
2023-11-06 09:26:54,191 [18227f38-d602-4438-971e-c9cd287df9cb@group-6DBCDF991ECB-LeaderElection22] INFO  server.RaftServerConfigKeys (ConfUtils.java:logGet(46)) - raft.server.rpc.request.timeout = 60s (custom)
2023-11-06 09:26:54,191 [18227f38-d602-4438-971e-c9cd287df9cb@group-6DBCDF991ECB-LeaderElection22] INFO  grpc.GrpcConfigKeys (ConfUtils.java:logGet(46)) - raft.grpc.server.install_snapshot.request.element-limit = 8 (default)
2023-11-06 09:26:54,191 [18227f38-d602-4438-971e-c9cd287df9cb@group-6DBCDF991ECB-LeaderElection22] INFO  grpc.GrpcConfigKeys (ConfUtils.java:logGet(46)) - raft.grpc.server.install_snapshot.request.timeout = 3000ms (default)
2023-11-06 09:26:54,191 [18227f38-d602-4438-971e-c9cd287df9cb@group-6DBCDF991ECB-LeaderElection22] INFO  server.RaftServerConfigKeys (ConfUtils.java:logGet(46)) - raft.server.log.appender.install.snapshot.enabled = false (custom)
2023-11-06 09:26:54,191 [18227f38-d602-4438-971e-c9cd287df9cb@group-6DBCDF991ECB-LeaderElection22] INFO  grpc.GrpcConfigKeys (ConfUtils.java:logGet(46)) - raft.grpc.server.heartbeat.channel = true (default)
2023-11-06 09:26:54,193 [EventQueue-PipelineReportForPipelineReportHandler] INFO  pipeline.PipelineReportHandler (PipelineReportHandler.java:processPipelineReport(136)) - Opened pipeline PipelineID=fb9ddc8c-4fb4-4244-839f-6dbcdf991ecb
2023-11-06 09:26:54,196 [18227f38-d602-4438-971e-c9cd287df9cb@group-6DBCDF991ECB-LeaderElection22] INFO  server.RaftServerConfigKeys (ConfUtils.java:logGet(46)) - raft.server.log.appender.snapshot.chunk.size.max = 16MB (=16777216) (default)
2023-11-06 09:26:54,196 [18227f38-d602-4438-971e-c9cd287df9cb@group-6DBCDF991ECB-LeaderElection22] INFO  server.RaftServerConfigKeys (ConfUtils.java:logGet(46)) - raft.server.log.appender.buffer.byte-limit = 33554432 (custom)
2023-11-06 09:26:54,196 [18227f38-d602-4438-971e-c9cd287df9cb@group-6DBCDF991ECB-LeaderElection22] INFO  server.RaftServerConfigKeys (ConfUtils.java:logGet(46)) - raft.server.log.appender.buffer.element-limit = 1 (custom)
2023-11-06 09:26:54,196 [18227f38-d602-4438-971e-c9cd287df9cb@group-6DBCDF991ECB-LeaderElection22] INFO  server.RaftServerConfigKeys (ConfUtils.java:logGet(46)) - raft.server.log.appender.wait-time.min = 1ms (custom)
2023-11-06 09:26:54,196 [18227f38-d602-4438-971e-c9cd287df9cb@group-6DBCDF991ECB-LeaderElection22] INFO  grpc.GrpcConfigKeys (ConfUtils.java:logGet(46)) - raft.grpc.server.leader.outstanding.appends.max = 128 (default)
2023-11-06 09:26:54,197 [18227f38-d602-4438-971e-c9cd287df9cb@group-6DBCDF991ECB-LeaderElection22] INFO  server.RaftServerConfigKeys (ConfUtils.java:logGet(46)) - raft.server.rpc.request.timeout = 60s (custom)
2023-11-06 09:26:54,197 [18227f38-d602-4438-971e-c9cd287df9cb@group-6DBCDF991ECB-LeaderElection22] INFO  grpc.GrpcConfigKeys (ConfUtils.java:logGet(46)) - raft.grpc.server.install_snapshot.request.element-limit = 8 (default)
2023-11-06 09:26:54,197 [18227f38-d602-4438-971e-c9cd287df9cb@group-6DBCDF991ECB-LeaderElection22] INFO  grpc.GrpcConfigKeys (ConfUtils.java:logGet(46)) - raft.grpc.server.install_snapshot.request.timeout = 3000ms (default)
2023-11-06 09:26:54,197 [18227f38-d602-4438-971e-c9cd287df9cb@group-6DBCDF991ECB-LeaderElection22] INFO  server.RaftServerConfigKeys (ConfUtils.java:logGet(46)) - raft.server.log.appender.install.snapshot.enabled = false (custom)
2023-11-06 09:26:54,197 [18227f38-d602-4438-971e-c9cd287df9cb@group-6DBCDF991ECB-LeaderElection22] INFO  grpc.GrpcConfigKeys (ConfUtils.java:logGet(46)) - raft.grpc.server.heartbeat.channel = true (default)
2023-11-06 09:26:54,197 [18227f38-d602-4438-971e-c9cd287df9cb@group-6DBCDF991ECB-LeaderElection22] INFO  impl.RoleInfo (RoleInfo.java:updateAndGet(139)) - 18227f38-d602-4438-971e-c9cd287df9cb: start 18227f38-d602-4438-971e-c9cd287df9cb@group-6DBCDF991ECB-LeaderStateImpl
2023-11-06 09:26:54,197 [18227f38-d602-4438-971e-c9cd287df9cb@group-6DBCDF991ECB-LeaderElection22] INFO  segmented.SegmentedRaftLogWorker (SegmentedRaftLogWorker.java:startLogSegment(447)) - 18227f38-d602-4438-971e-c9cd287df9cb@group-6DBCDF991ECB-SegmentedRaftLogWorker: Starting segment from index:0
2023-11-06 09:26:54,199 [18227f38-d602-4438-971e-c9cd287df9cb@group-6DBCDF991ECB-SegmentedRaftLogWorker] INFO  segmented.SegmentedRaftLogWorker (SegmentedRaftLogWorker.java:execute(651)) - 18227f38-d602-4438-971e-c9cd287df9cb@group-6DBCDF991ECB-SegmentedRaftLogWorker: created new log segment /home/runner/work/ozone/ozone/hadoop-ozone/integration-test/target/test-dir/MiniOzoneClusterImpl-938474ea-96d6-4bd3-a45f-678920fb0bb2/datanode-7/data/ratis/fb9ddc8c-4fb4-4244-839f-6dbcdf991ecb/current/log_inprogress_0
2023-11-06 09:26:54,210 [18227f38-d602-4438-971e-c9cd287df9cb@group-6DBCDF991ECB-LeaderElection22] INFO  server.RaftServer$Division (ServerState.java:setRaftConf(434)) - 18227f38-d602-4438-971e-c9cd287df9cb@group-6DBCDF991ECB: set configuration 0: peers:[92ba0aed-1dcc-4895-b5bb-fc45f440be2e|rpc:10.1.0.6:15068|admin:10.1.0.6:15067|client:10.1.0.6:15066|dataStream:10.1.0.6:15069|priority:0|startupRole:FOLLOWER, 18227f38-d602-4438-971e-c9cd287df9cb|rpc:10.1.0.6:15077|admin:10.1.0.6:15076|client:10.1.0.6:15075|dataStream:10.1.0.6:15078|priority:1|startupRole:FOLLOWER, 5f7d9b36-4620-4ba9-8a78-929bd6ddd1f9|rpc:10.1.0.6:15086|admin:10.1.0.6:15085|client:10.1.0.6:15084|dataStream:10.1.0.6:15087|priority:0|startupRole:FOLLOWER]|listeners:[], old=null
2023-11-06 09:26:54,215 [92ba0aed-1dcc-4895-b5bb-fc45f440be2e-server-thread2] INFO  ratis.XceiverServerRatis (XceiverServerRatis.java:handleLeaderChangedNotification(903)) - Leader change notification received for group: group-6DBCDF991ECB with new leaderId: 18227f38-d602-4438-971e-c9cd287df9cb
2023-11-06 09:26:54,215 [92ba0aed-1dcc-4895-b5bb-fc45f440be2e-server-thread2] INFO  server.RaftServer$Division (ServerState.java:setLeader(317)) - 92ba0aed-1dcc-4895-b5bb-fc45f440be2e@group-6DBCDF991ECB: change Leader from null to 18227f38-d602-4438-971e-c9cd287df9cb at term 1 for appendEntries, leader elected after 5874ms
2023-11-06 09:26:54,219 [92ba0aed-1dcc-4895-b5bb-fc45f440be2e-server-thread1] INFO  server.RaftServer$Division (ServerState.java:setRaftConf(434)) - 92ba0aed-1dcc-4895-b5bb-fc45f440be2e@group-6DBCDF991ECB: set configuration 0: peers:[92ba0aed-1dcc-4895-b5bb-fc45f440be2e|rpc:10.1.0.6:15068|admin:10.1.0.6:15067|client:10.1.0.6:15066|dataStream:10.1.0.6:15069|priority:0|startupRole:FOLLOWER, 18227f38-d602-4438-971e-c9cd287df9cb|rpc:10.1.0.6:15077|admin:10.1.0.6:15076|client:10.1.0.6:15075|dataStream:10.1.0.6:15078|priority:1|startupRole:FOLLOWER, 5f7d9b36-4620-4ba9-8a78-929bd6ddd1f9|rpc:10.1.0.6:15086|admin:10.1.0.6:15085|client:10.1.0.6:15084|dataStream:10.1.0.6:15087|priority:0|startupRole:FOLLOWER]|listeners:[], old=null
2023-11-06 09:26:54,220 [92ba0aed-1dcc-4895-b5bb-fc45f440be2e-server-thread1] INFO  segmented.SegmentedRaftLogWorker (SegmentedRaftLogWorker.java:startLogSegment(447)) - 92ba0aed-1dcc-4895-b5bb-fc45f440be2e@group-6DBCDF991ECB-SegmentedRaftLogWorker: Starting segment from index:0
2023-11-06 09:26:54,221 [5f7d9b36-4620-4ba9-8a78-929bd6ddd1f9-server-thread2] INFO  ratis.XceiverServerRatis (XceiverServerRatis.java:handleLeaderChangedNotification(903)) - Leader change notification received for group: group-6DBCDF991ECB with new leaderId: 18227f38-d602-4438-971e-c9cd287df9cb
2023-11-06 09:26:54,222 [5f7d9b36-4620-4ba9-8a78-929bd6ddd1f9-server-thread2] INFO  server.RaftServer$Division (ServerState.java:setLeader(317)) - 5f7d9b36-4620-4ba9-8a78-929bd6ddd1f9@group-6DBCDF991ECB: change Leader from null to 18227f38-d602-4438-971e-c9cd287df9cb at term 1 for appendEntries, leader elected after 6062ms
2023-11-06 09:26:54,222 [5f7d9b36-4620-4ba9-8a78-929bd6ddd1f9-server-thread2] INFO  server.RaftServer$Division (ServerState.java:setRaftConf(434)) - 5f7d9b36-4620-4ba9-8a78-929bd6ddd1f9@group-6DBCDF991ECB: set configuration 0: peers:[92ba0aed-1dcc-4895-b5bb-fc45f440be2e|rpc:10.1.0.6:15068|admin:10.1.0.6:15067|client:10.1.0.6:15066|dataStream:10.1.0.6:15069|priority:0|startupRole:FOLLOWER, 18227f38-d602-4438-971e-c9cd287df9cb|rpc:10.1.0.6:15077|admin:10.1.0.6:15076|client:10.1.0.6:15075|dataStream:10.1.0.6:15078|priority:1|startupRole:FOLLOWER, 5f7d9b36-4620-4ba9-8a78-929bd6ddd1f9|rpc:10.1.0.6:15086|admin:10.1.0.6:15085|client:10.1.0.6:15084|dataStream:10.1.0.6:15087|priority:0|startupRole:FOLLOWER]|listeners:[], old=null
2023-11-06 09:26:54,223 [5f7d9b36-4620-4ba9-8a78-929bd6ddd1f9-server-thread2] INFO  segmented.SegmentedRaftLogWorker (SegmentedRaftLogWorker.java:startLogSegment(447)) - 5f7d9b36-4620-4ba9-8a78-929bd6ddd1f9@group-6DBCDF991ECB-SegmentedRaftLogWorker: Starting segment from index:0
2023-11-06 09:26:54,224 [5f7d9b36-4620-4ba9-8a78-929bd6ddd1f9@group-6DBCDF991ECB-SegmentedRaftLogWorker] INFO  segmented.SegmentedRaftLogWorker (SegmentedRaftLogWorker.java:execute(651)) - 5f7d9b36-4620-4ba9-8a78-929bd6ddd1f9@group-6DBCDF991ECB-SegmentedRaftLogWorker: created new log segment /home/runner/work/ozone/ozone/hadoop-ozone/integration-test/target/test-dir/MiniOzoneClusterImpl-938474ea-96d6-4bd3-a45f-678920fb0bb2/datanode-8/data/ratis/fb9ddc8c-4fb4-4244-839f-6dbcdf991ecb/current/log_inprogress_0
2023-11-06 09:26:54,228 [92ba0aed-1dcc-4895-b5bb-fc45f440be2e@group-6DBCDF991ECB-SegmentedRaftLogWorker] INFO  segmented.SegmentedRaftLogWorker (SegmentedRaftLogWorker.java:execute(651)) - 92ba0aed-1dcc-4895-b5bb-fc45f440be2e@group-6DBCDF991ECB-SegmentedRaftLogWorker: created new log segment /home/runner/work/ozone/ozone/hadoop-ozone/integration-test/target/test-dir/MiniOzoneClusterImpl-938474ea-96d6-4bd3-a45f-678920fb0bb2/datanode-6/data/ratis/fb9ddc8c-4fb4-4244-839f-6dbcdf991ecb/current/log_inprogress_0
2023-11-06 09:26:54,381 [main] WARN  erasurecode.ErasureCodeNative (ErasureCodeNative.java:<clinit>(55)) - ISA-L support is not available in your platform... using builtin-java codec where applicable
2023-11-06 09:26:54,652 [pool-396-thread-1] INFO  impl.MetricsSystemImpl (MetricsSystemImpl.java:init(158)) - XceiverClientMetrics metrics system started (again)
2023-11-06 09:26:54,653 [pool-396-thread-1] INFO  lib.Interns (Interns.java:removeEldestEntry(50)) - Metrics intern cache overflow at 2011 for MetricsSystem={MetricsSystem=MetricsInfoImpl{name=MetricsSystem, description=MetricsSystem}, MetricsSystem record=MetricsInfoImpl{name=MetricsSystem, description=MetricsSystem record}}
2023-11-06 09:26:54,985 [main] INFO  ozoneimpl.OzoneContainer (OzoneContainer.java:stop(463)) - Attempting to stop container services.
2023-11-06 09:26:54,991 [main] INFO  server.RaftServer (RaftServerProxy.java:lambda$close$6(416)) - d9016e39-0130-4fd9-896a-cac3c2785d02: close
2023-11-06 09:26:54,992 [d9016e39-0130-4fd9-896a-cac3c2785d02-impl-thread1] INFO  server.RaftServer$Division (RaftServerImpl.java:lambda$close$4(466)) - d9016e39-0130-4fd9-896a-cac3c2785d02@group-3E664A0854E0: shutdown
2023-11-06 09:26:54,992 [d9016e39-0130-4fd9-896a-cac3c2785d02-impl-thread1] INFO  util.JmxRegister (JmxRegister.java:unregister(73)) - Successfully un-registered JMX Bean with object name Ratis:service=RaftServer,group=group-3E664A0854E0,id=d9016e39-0130-4fd9-896a-cac3c2785d02
2023-11-06 09:26:54,992 [d9016e39-0130-4fd9-896a-cac3c2785d02-impl-thread1] INFO  impl.RoleInfo (RoleInfo.java:shutdownLeaderState(93)) - d9016e39-0130-4fd9-896a-cac3c2785d02: shutdown d9016e39-0130-4fd9-896a-cac3c2785d02@group-3E664A0854E0-LeaderStateImpl
2023-11-06 09:26:54,993 [d9016e39-0130-4fd9-896a-cac3c2785d02-impl-thread1] INFO  impl.PendingRequests (PendingRequests.java:sendNotLeaderResponses(289)) - d9016e39-0130-4fd9-896a-cac3c2785d02@group-3E664A0854E0-PendingRequests: sendNotLeaderResponses
2023-11-06 09:26:54,993 [d9016e39-0130-4fd9-896a-cac3c2785d02@group-3E664A0854E0->0eeb79a9-13fd-416c-b2a7-6f654c6b5029-GrpcLogAppender-LogAppenderDaemon] WARN  server.GrpcLogAppender (GrpcLogAppender.java:mayWait(199)) - d9016e39-0130-4fd9-896a-cac3c2785d02@group-3E664A0854E0->0eeb79a9-13fd-416c-b2a7-6f654c6b5029-GrpcLogAppender: Wait interrupted by java.lang.InterruptedException
2023-11-06 09:26:54,996 [grpc-default-executor-3] INFO  server.GrpcServerProtocolService (GrpcServerProtocolService.java:onCompleted(155)) - 0eeb79a9-13fd-416c-b2a7-6f654c6b5029: Completed APPEND_ENTRIES, lastRequest: null
2023-11-06 09:26:54,994 [d9016e39-0130-4fd9-896a-cac3c2785d02@group-3E664A0854E0->fedf11b8-0957-422e-880a-91cc26979c7a-GrpcLogAppender-LogAppenderDaemon] WARN  server.GrpcLogAppender (GrpcLogAppender.java:mayWait(199)) - d9016e39-0130-4fd9-896a-cac3c2785d02@group-3E664A0854E0->fedf11b8-0957-422e-880a-91cc26979c7a-GrpcLogAppender: Wait interrupted by java.lang.InterruptedException
2023-11-06 09:26:54,998 [d9016e39-0130-4fd9-896a-cac3c2785d02-impl-thread1] INFO  impl.StateMachineUpdater (StateMachineUpdater.java:stopAndJoin(155)) - d9016e39-0130-4fd9-896a-cac3c2785d02@group-3E664A0854E0-StateMachineUpdater: set stopIndex = 0
2023-11-06 09:26:54,998 [d9016e39-0130-4fd9-896a-cac3c2785d02-impl-thread2] INFO  server.RaftServer$Division (RaftServerImpl.java:lambda$close$4(466)) - d9016e39-0130-4fd9-896a-cac3c2785d02@group-0DB81D4FE909: shutdown
2023-11-06 09:26:54,998 [d9016e39-0130-4fd9-896a-cac3c2785d02-impl-thread2] INFO  util.JmxRegister (JmxRegister.java:unregister(73)) - Successfully un-registered JMX Bean with object name Ratis:service=RaftServer,group=group-0DB81D4FE909,id=d9016e39-0130-4fd9-896a-cac3c2785d02
2023-11-06 09:26:55,002 [d9016e39-0130-4fd9-896a-cac3c2785d02-impl-thread2] INFO  impl.RoleInfo (RoleInfo.java:shutdownFollowerState(110)) - d9016e39-0130-4fd9-896a-cac3c2785d02: shutdown d9016e39-0130-4fd9-896a-cac3c2785d02@group-0DB81D4FE909-FollowerState
2023-11-06 09:26:55,001 [grpc-default-executor-2] INFO  server.GrpcServerProtocolService (GrpcServerProtocolService.java:onCompleted(155)) - fedf11b8-0957-422e-880a-91cc26979c7a: Completed APPEND_ENTRIES, lastRequest: null
2023-11-06 09:26:55,001 [grpc-default-executor-0] INFO  server.GrpcServerProtocolService (GrpcServerProtocolService.java:onCompleted(155)) - 0eeb79a9-13fd-416c-b2a7-6f654c6b5029: Completed APPEND_ENTRIES, lastRequest: d9016e39-0130-4fd9-896a-cac3c2785d02->0eeb79a9-13fd-416c-b2a7-6f654c6b5029#1-t1,previous=(t:0, i:0),leaderCommit=-1,initializing? true,entries: size=1, first=(t:1, i:0), CONFIGURATIONENTRY(current:id: "d9016e39-0130-4fd9-896a-cac3c2785d02"
address: "10.1.0.6:15032"
priority: 1
dataStreamAddress: "10.1.0.6:15033"
clientAddress: "10.1.0.6:15030"
adminAddress: "10.1.0.6:15031"
startupRole: FOLLOWER
,id: "fedf11b8-0957-422e-880a-91cc26979c7a"
address: "10.1.0.6:15014"
dataStreamAddress: "10.1.0.6:15015"
clientAddress: "10.1.0.6:15012"
adminAddress: "10.1.0.6:15013"
startupRole: FOLLOWER
,id: "0eeb79a9-13fd-416c-b2a7-6f654c6b5029"
address: "10.1.0.6:15023"
dataStreamAddress: "10.1.0.6:15024"
clientAddress: "10.1.0.6:15021"
adminAddress: "10.1.0.6:15022"
startupRole: FOLLOWER
, old:)
2023-11-06 09:26:55,006 [grpc-default-executor-0] INFO  server.GrpcServerProtocolService (GrpcServerProtocolService.java:lambda$onCompleted$5(157)) - 0eeb79a9-13fd-416c-b2a7-6f654c6b5029: Completed APPEND_ENTRIES, lastReply: null
2023-11-06 09:26:55,007 [d9016e39-0130-4fd9-896a-cac3c2785d02@group-0DB81D4FE909-FollowerState] INFO  impl.FollowerState (FollowerState.java:run(152)) - d9016e39-0130-4fd9-896a-cac3c2785d02@group-0DB81D4FE909-FollowerState was interrupted
2023-11-06 09:26:54,999 [grpc-default-executor-3] INFO  server.GrpcServerProtocolService (GrpcServerProtocolService.java:lambda$onCompleted$5(157)) - 0eeb79a9-13fd-416c-b2a7-6f654c6b5029: Completed APPEND_ENTRIES, lastReply: serverReply {
  requestorId: "d9016e39-0130-4fd9-896a-cac3c2785d02"
  replyId: "0eeb79a9-13fd-416c-b2a7-6f654c6b5029"
  raftGroupId {
    id: "\326\302r\306\017HBj\222=>fJ\bT\340"
  }
  success: true
}
term: 1
followerCommit: 18446744073709551615
matchIndex: 18446744073709551615
isHearbeat: true

2023-11-06 09:26:54,999 [d9016e39-0130-4fd9-896a-cac3c2785d02-impl-thread3] INFO  server.RaftServer$Division (RaftServerImpl.java:lambda$close$4(466)) - d9016e39-0130-4fd9-896a-cac3c2785d02@group-C449668A084E: shutdown
2023-11-06 09:26:54,998 [main] INFO  server.GrpcService (GrpcService.java:closeImpl(311)) - d9016e39-0130-4fd9-896a-cac3c2785d02: shutdown server org.apache.ratis.grpc.server.GrpcClientProtocolService now
2023-11-06 09:26:55,009 [grpc-default-executor-5] INFO  server.GrpcLogAppender (GrpcLogAppender.java:onCompleted(428)) - d9016e39-0130-4fd9-896a-cac3c2785d02@group-3E664A0854E0->0eeb79a9-13fd-416c-b2a7-6f654c6b5029-AppendLogResponseHandler: follower responses appendEntries COMPLETED
2023-11-06 09:26:55,008 [grpc-default-executor-2] INFO  server.GrpcServerProtocolService (GrpcServerProtocolService.java:lambda$onCompleted$5(157)) - fedf11b8-0957-422e-880a-91cc26979c7a: Completed APPEND_ENTRIES, lastReply: serverReply {
  requestorId: "d9016e39-0130-4fd9-896a-cac3c2785d02"
  replyId: "fedf11b8-0957-422e-880a-91cc26979c7a"
  raftGroupId {
    id: "\326\302r\306\017HBj\222=>fJ\bT\340"
  }
  callId: 3
  success: true
}
term: 1
nextIndex: 1
matchIndex: 18446744073709551615
isHearbeat: true

2023-11-06 09:26:55,005 [d9016e39-0130-4fd9-896a-cac3c2785d02-impl-thread2] INFO  impl.StateMachineUpdater (StateMachineUpdater.java:stopAndJoin(155)) - d9016e39-0130-4fd9-896a-cac3c2785d02@group-0DB81D4FE909-StateMachineUpdater: set stopIndex = -1
2023-11-06 09:26:55,016 [d9016e39-0130-4fd9-896a-cac3c2785d02-impl-thread2] INFO  server.RaftServer$Division (ServerState.java:close(472)) - d9016e39-0130-4fd9-896a-cac3c2785d02@group-0DB81D4FE909: closes. applyIndex: -1
2023-11-06 09:26:55,003 [d9016e39-0130-4fd9-896a-cac3c2785d02@group-3E664A0854E0-StateMachineUpdater] INFO  ratis.ContainerStateMachine (ContainerStateMachine.java:takeSnapshot(337)) - group-3E664A0854E0: Taking a snapshot at:(t:1, i:0) file /home/runner/work/ozone/ozone/hadoop-ozone/integration-test/target/test-dir/MiniOzoneClusterImpl-938474ea-96d6-4bd3-a45f-678920fb0bb2/datanode-2/data/ratis/d6c272c6-0f48-426a-923d-3e664a0854e0/sm/snapshot.1_0
2023-11-06 09:26:55,003 [grpc-default-executor-4] INFO  server.GrpcServerProtocolService (GrpcServerProtocolService.java:onCompleted(155)) - fedf11b8-0957-422e-880a-91cc26979c7a: Completed APPEND_ENTRIES, lastRequest: d9016e39-0130-4fd9-896a-cac3c2785d02->fedf11b8-0957-422e-880a-91cc26979c7a#1-t1,previous=(t:0, i:0),leaderCommit=-1,initializing? true,entries: size=1, first=(t:1, i:0), CONFIGURATIONENTRY(current:id: "d9016e39-0130-4fd9-896a-cac3c2785d02"
address: "10.1.0.6:15032"
priority: 1
dataStreamAddress: "10.1.0.6:15033"
clientAddress: "10.1.0.6:15030"
adminAddress: "10.1.0.6:15031"
startupRole: FOLLOWER
,id: "fedf11b8-0957-422e-880a-91cc26979c7a"
address: "10.1.0.6:15014"
dataStreamAddress: "10.1.0.6:15015"
clientAddress: "10.1.0.6:15012"
adminAddress: "10.1.0.6:15013"
startupRole: FOLLOWER
,id: "0eeb79a9-13fd-416c-b2a7-6f654c6b5029"
address: "10.1.0.6:15023"
dataStreamAddress: "10.1.0.6:15024"
clientAddress: "10.1.0.6:15021"
adminAddress: "10.1.0.6:15022"
startupRole: FOLLOWER
, old:)
2023-11-06 09:26:55,017 [grpc-default-executor-4] INFO  server.GrpcServerProtocolService (GrpcServerProtocolService.java:lambda$onCompleted$5(157)) - fedf11b8-0957-422e-880a-91cc26979c7a: Completed APPEND_ENTRIES, lastReply: null
2023-11-06 09:26:55,015 [d9016e39-0130-4fd9-896a-cac3c2785d02-impl-thread3] INFO  util.JmxRegister (JmxRegister.java:unregister(73)) - Successfully un-registered JMX Bean with object name Ratis:service=RaftServer,group=group-C449668A084E,id=d9016e39-0130-4fd9-896a-cac3c2785d02
2023-11-06 09:26:55,015 [grpc-default-executor-5] INFO  leader.FollowerInfo (FollowerInfoImpl.java:lambda$new$0(52)) - d9016e39-0130-4fd9-896a-cac3c2785d02@group-3E664A0854E0->0eeb79a9-13fd-416c-b2a7-6f654c6b5029: decreaseNextIndex nextIndex: updateUnconditionally 1 -> 0
2023-11-06 09:26:55,028 [d9016e39-0130-4fd9-896a-cac3c2785d02-impl-thread3] INFO  impl.RoleInfo (RoleInfo.java:shutdownLeaderState(93)) - d9016e39-0130-4fd9-896a-cac3c2785d02: shutdown d9016e39-0130-4fd9-896a-cac3c2785d02@group-C449668A084E-LeaderStateImpl
2023-11-06 09:26:55,022 [Thread-737] INFO  server.GrpcServerProtocolClient (GrpcServerProtocolClient.java:close(103)) - 0eeb79a9-13fd-416c-b2a7-6f654c6b5029 Close channels
2023-11-06 09:26:55,022 [Thread-736] INFO  server.GrpcServerProtocolClient (GrpcServerProtocolClient.java:close(103)) - fedf11b8-0957-422e-880a-91cc26979c7a Close channels
2023-11-06 09:26:55,030 [grpc-default-executor-5] INFO  server.GrpcLogAppender (GrpcLogAppender.java:onCompleted(428)) - d9016e39-0130-4fd9-896a-cac3c2785d02@group-3E664A0854E0->fedf11b8-0957-422e-880a-91cc26979c7a-AppendLogResponseHandler: follower responses appendEntries COMPLETED
2023-11-06 09:26:55,030 [grpc-default-executor-4] INFO  server.GrpcLogAppender (GrpcLogAppender.java:onCompleted(428)) - d9016e39-0130-4fd9-896a-cac3c2785d02@group-3E664A0854E0->fedf11b8-0957-422e-880a-91cc26979c7a-AppendLogResponseHandler: follower responses appendEntries COMPLETED
2023-11-06 09:26:55,034 [grpc-default-executor-5] WARN  server.GrpcLogAppender (GrpcLogAppender.java:resetClient(137)) - d9016e39-0130-4fd9-896a-cac3c2785d02@group-3E664A0854E0->fedf11b8-0957-422e-880a-91cc26979c7a-GrpcLogAppender: Failed to getClient for fedf11b8-0957-422e-880a-91cc26979c7a
org.apache.ratis.protocol.exceptions.AlreadyClosedException: d9016e39-0130-4fd9-896a-cac3c2785d02 is already CLOSED
	at org.apache.ratis.util.PeerProxyMap$PeerAndProxy.getProxy(PeerProxyMap.java:61)
	at org.apache.ratis.util.PeerProxyMap.getProxy(PeerProxyMap.java:115)
	at org.apache.ratis.grpc.server.GrpcLogAppender.getClient(GrpcLogAppender.java:112)
	at org.apache.ratis.grpc.server.GrpcLogAppender.resetClient(GrpcLogAppender.java:117)
	at org.apache.ratis.grpc.server.GrpcLogAppender.access$500(GrpcLogAppender.java:56)
	at org.apache.ratis.grpc.server.GrpcLogAppender$AppendLogResponseHandler.onCompleted(GrpcLogAppender.java:429)
	at org.apache.ratis.thirdparty.io.grpc.stub.ClientCalls$StreamObserverToCallListenerAdapter.onClose(ClientCalls.java:485)
	at org.apache.ratis.thirdparty.io.grpc.internal.ClientCallImpl.closeObserver(ClientCallImpl.java:563)
	at org.apache.ratis.thirdparty.io.grpc.internal.ClientCallImpl.access$300(ClientCallImpl.java:70)
	at org.apache.ratis.thirdparty.io.grpc.internal.ClientCallImpl$ClientStreamListenerImpl$1StreamClosed.runInternal(ClientCallImpl.java:744)
	at org.apache.ratis.thirdparty.io.grpc.internal.ClientCallImpl$ClientStreamListenerImpl$1StreamClosed.runInContext(ClientCallImpl.java:723)
	at org.apache.ratis.thirdparty.io.grpc.internal.ContextRunnable.run(ContextRunnable.java:37)
	at org.apache.ratis.thirdparty.io.grpc.internal.SerializingExecutor.run(SerializingExecutor.java:133)
	at java.util.concurrent.ThreadPoolExecutor.runWorker(ThreadPoolExecutor.java:1149)
	at java.util.concurrent.ThreadPoolExecutor$Worker.run(ThreadPoolExecutor.java:624)
	at java.lang.Thread.run(Thread.java:750)
2023-11-06 09:26:55,030 [grpc-default-executor-1] INFO  server.GrpcLogAppender (GrpcLogAppender.java:onCompleted(428)) - d9016e39-0130-4fd9-896a-cac3c2785d02@group-3E664A0854E0->0eeb79a9-13fd-416c-b2a7-6f654c6b5029-AppendLogResponseHandler: follower responses appendEntries COMPLETED
2023-11-06 09:26:55,028 [d9016e39-0130-4fd9-896a-cac3c2785d02-impl-thread3] INFO  impl.PendingRequests (PendingRequests.java:sendNotLeaderResponses(289)) - d9016e39-0130-4fd9-896a-cac3c2785d02@group-C449668A084E-PendingRequests: sendNotLeaderResponses
2023-11-06 09:26:55,042 [d9016e39-0130-4fd9-896a-cac3c2785d02-impl-thread3] INFO  impl.StateMachineUpdater (StateMachineUpdater.java:stopAndJoin(155)) - d9016e39-0130-4fd9-896a-cac3c2785d02@group-C449668A084E-StateMachineUpdater: set stopIndex = 0
2023-11-06 09:26:55,042 [d9016e39-0130-4fd9-896a-cac3c2785d02@group-C449668A084E-StateMachineUpdater] INFO  ratis.ContainerStateMachine (ContainerStateMachine.java:takeSnapshot(337)) - group-C449668A084E: Taking a snapshot at:(t:1, i:0) file /home/runner/work/ozone/ozone/hadoop-ozone/integration-test/target/test-dir/MiniOzoneClusterImpl-938474ea-96d6-4bd3-a45f-678920fb0bb2/datanode-2/data/ratis/4a550c64-9968-4de5-acde-c449668a084e/sm/snapshot.1_0
2023-11-06 09:26:55,041 [grpc-default-executor-1] WARN  server.GrpcLogAppender (GrpcLogAppender.java:resetClient(137)) - d9016e39-0130-4fd9-896a-cac3c2785d02@group-3E664A0854E0->0eeb79a9-13fd-416c-b2a7-6f654c6b5029-GrpcLogAppender: Failed to getClient for 0eeb79a9-13fd-416c-b2a7-6f654c6b5029
org.apache.ratis.protocol.exceptions.AlreadyClosedException: d9016e39-0130-4fd9-896a-cac3c2785d02 is already CLOSED
	at org.apache.ratis.util.PeerProxyMap$PeerAndProxy.getProxy(PeerProxyMap.java:61)
	at org.apache.ratis.util.PeerProxyMap.getProxy(PeerProxyMap.java:115)
	at org.apache.ratis.grpc.server.GrpcLogAppender.getClient(GrpcLogAppender.java:112)
	at org.apache.ratis.grpc.server.GrpcLogAppender.resetClient(GrpcLogAppender.java:117)
	at org.apache.ratis.grpc.server.GrpcLogAppender.access$500(GrpcLogAppender.java:56)
	at org.apache.ratis.grpc.server.GrpcLogAppender$AppendLogResponseHandler.onCompleted(GrpcLogAppender.java:429)
	at org.apache.ratis.thirdparty.io.grpc.stub.ClientCalls$StreamObserverToCallListenerAdapter.onClose(ClientCalls.java:485)
	at org.apache.ratis.thirdparty.io.grpc.internal.ClientCallImpl.closeObserver(ClientCallImpl.java:563)
	at org.apache.ratis.thirdparty.io.grpc.internal.ClientCallImpl.access$300(ClientCallImpl.java:70)
	at org.apache.ratis.thirdparty.io.grpc.internal.ClientCallImpl$ClientStreamListenerImpl$1StreamClosed.runInternal(ClientCallImpl.java:744)
	at org.apache.ratis.thirdparty.io.grpc.internal.ClientCallImpl$ClientStreamListenerImpl$1StreamClosed.runInContext(ClientCallImpl.java:723)
	at org.apache.ratis.thirdparty.io.grpc.internal.ContextRunnable.run(ContextRunnable.java:37)
	at org.apache.ratis.thirdparty.io.grpc.internal.SerializingExecutor.run(SerializingExecutor.java:133)
	at java.util.concurrent.ThreadPoolExecutor.runWorker(ThreadPoolExecutor.java:1149)
	at java.util.concurrent.ThreadPoolExecutor$Worker.run(ThreadPoolExecutor.java:624)
	at java.lang.Thread.run(Thread.java:750)
2023-11-06 09:26:55,042 [grpc-default-executor-4] WARN  server.GrpcLogAppender (GrpcLogAppender.java:resetClient(137)) - d9016e39-0130-4fd9-896a-cac3c2785d02@group-3E664A0854E0->fedf11b8-0957-422e-880a-91cc26979c7a-GrpcLogAppender: Failed to getClient for fedf11b8-0957-422e-880a-91cc26979c7a
org.apache.ratis.protocol.exceptions.AlreadyClosedException: d9016e39-0130-4fd9-896a-cac3c2785d02 is already CLOSED
	at org.apache.ratis.util.PeerProxyMap$PeerAndProxy.getProxy(PeerProxyMap.java:61)
	at org.apache.ratis.util.PeerProxyMap.getProxy(PeerProxyMap.java:115)
	at org.apache.ratis.grpc.server.GrpcLogAppender.getClient(GrpcLogAppender.java:112)
	at org.apache.ratis.grpc.server.GrpcLogAppender.resetClient(GrpcLogAppender.java:117)
	at org.apache.ratis.grpc.server.GrpcLogAppender.access$500(GrpcLogAppender.java:56)
	at org.apache.ratis.grpc.server.GrpcLogAppender$AppendLogResponseHandler.onCompleted(GrpcLogAppender.java:429)
	at org.apache.ratis.thirdparty.io.grpc.stub.ClientCalls$StreamObserverToCallListenerAdapter.onClose(ClientCalls.java:485)
	at org.apache.ratis.thirdparty.io.grpc.internal.ClientCallImpl.closeObserver(ClientCallImpl.java:563)
	at org.apache.ratis.thirdparty.io.grpc.internal.ClientCallImpl.access$300(ClientCallImpl.java:70)
	at org.apache.ratis.thirdparty.io.grpc.internal.ClientCallImpl$ClientStreamListenerImpl$1StreamClosed.runInternal(ClientCallImpl.java:744)
	at org.apache.ratis.thirdparty.io.grpc.internal.ClientCallImpl$ClientStreamListenerImpl$1StreamClosed.runInContext(ClientCallImpl.java:723)
	at org.apache.ratis.thirdparty.io.grpc.internal.ContextRunnable.run(ContextRunnable.java:37)
	at org.apache.ratis.thirdparty.io.grpc.internal.SerializingExecutor.run(SerializingExecutor.java:133)
	at java.util.concurrent.ThreadPoolExecutor.runWorker(ThreadPoolExecutor.java:1149)
	at java.util.concurrent.ThreadPoolExecutor$Worker.run(ThreadPoolExecutor.java:624)
	at java.lang.Thread.run(Thread.java:750)
2023-11-06 09:26:55,044 [main] INFO  server.GrpcService (GrpcService.java:closeImpl(320)) - d9016e39-0130-4fd9-896a-cac3c2785d02: shutdown server org.apache.ratis.grpc.server.GrpcClientProtocolService successfully
2023-11-06 09:26:55,045 [main] INFO  server.GrpcService (GrpcService.java:closeImpl(311)) - d9016e39-0130-4fd9-896a-cac3c2785d02: shutdown server GrpcServerProtocolService now
2023-11-06 09:26:55,050 [grpc-default-executor-4] WARN  server.GrpcServerProtocolService (LogUtils.java:warn(122)) - d9016e39-0130-4fd9-896a-cac3c2785d02: APPEND_ENTRIES onError, lastRequest: null: org.apache.ratis.thirdparty.io.grpc.StatusRuntimeException: CANCELLED: client cancelled
2023-11-06 09:26:55,051 [grpc-default-executor-5] WARN  server.GrpcServerProtocolService (LogUtils.java:warn(122)) - d9016e39-0130-4fd9-896a-cac3c2785d02: APPEND_ENTRIES onError, lastRequest: 0eeb79a9-13fd-416c-b2a7-6f654c6b5029->d9016e39-0130-4fd9-896a-cac3c2785d02#1-t1,previous=(t:0, i:0),leaderCommit=-1,initializing? true,entries: size=1, first=(t:1, i:0), CONFIGURATIONENTRY(current:id: "d9016e39-0130-4fd9-896a-cac3c2785d02"
address: "10.1.0.6:15032"
dataStreamAddress: "10.1.0.6:15033"
clientAddress: "10.1.0.6:15030"
adminAddress: "10.1.0.6:15031"
startupRole: FOLLOWER
,id: "fedf11b8-0957-422e-880a-91cc26979c7a"
address: "10.1.0.6:15014"
dataStreamAddress: "10.1.0.6:15015"
clientAddress: "10.1.0.6:15012"
adminAddress: "10.1.0.6:15013"
startupRole: FOLLOWER
,id: "0eeb79a9-13fd-416c-b2a7-6f654c6b5029"
address: "10.1.0.6:15023"
priority: 1
dataStreamAddress: "10.1.0.6:15024"
clientAddress: "10.1.0.6:15021"
adminAddress: "10.1.0.6:15022"
startupRole: FOLLOWER
, old:): org.apache.ratis.thirdparty.io.grpc.StatusRuntimeException: CANCELLED: client cancelled
2023-11-06 09:26:55,052 [grpc-default-executor-4] WARN  server.GrpcLogAppender (LogUtils.java:warn(122)) - 0eeb79a9-13fd-416c-b2a7-6f654c6b5029@group-0DB81D4FE909->d9016e39-0130-4fd9-896a-cac3c2785d02-AppendLogResponseHandler: Failed appendEntries: org.apache.ratis.thirdparty.io.grpc.StatusRuntimeException: CANCELLED: RST_STREAM closed stream. HTTP/2 error code: CANCEL
2023-11-06 09:26:55,052 [grpc-default-executor-4] WARN  server.GrpcLogAppender (GrpcLogAppender.java:resetClient(128)) - 0eeb79a9-13fd-416c-b2a7-6f654c6b5029@group-0DB81D4FE909->d9016e39-0130-4fd9-896a-cac3c2785d02-GrpcLogAppender: Follower failed when matchIndex == 0,  keep nextIndex (1) unchanged and retry.
2023-11-06 09:26:55,053 [grpc-default-executor-5] WARN  server.GrpcLogAppender (LogUtils.java:warn(122)) - 0eeb79a9-13fd-416c-b2a7-6f654c6b5029@group-0DB81D4FE909->d9016e39-0130-4fd9-896a-cac3c2785d02-AppendLogResponseHandler: Failed appendEntries: org.apache.ratis.thirdparty.io.grpc.StatusRuntimeException: CANCELLED: RST_STREAM closed stream. HTTP/2 error code: CANCEL
2023-11-06 09:26:55,053 [grpc-default-executor-5] WARN  server.GrpcLogAppender (GrpcLogAppender.java:resetClient(128)) - 0eeb79a9-13fd-416c-b2a7-6f654c6b5029@group-0DB81D4FE909->d9016e39-0130-4fd9-896a-cac3c2785d02-GrpcLogAppender: Follower failed when matchIndex == 0,  keep nextIndex (1) unchanged and retry.
2023-11-06 09:26:55,068 [main] INFO  server.GrpcService (GrpcService.java:closeImpl(320)) - d9016e39-0130-4fd9-896a-cac3c2785d02: shutdown server GrpcServerProtocolService successfully
2023-11-06 09:26:55,068 [main] INFO  server.GrpcService (GrpcService.java:closeImpl(311)) - d9016e39-0130-4fd9-896a-cac3c2785d02: shutdown server org.apache.ratis.grpc.server.GrpcAdminProtocolService now
2023-11-06 09:26:55,079 [main] INFO  server.GrpcService (GrpcService.java:closeImpl(320)) - d9016e39-0130-4fd9-896a-cac3c2785d02: shutdown server org.apache.ratis.grpc.server.GrpcAdminProtocolService successfully
2023-11-06 09:26:55,079 [d9016e39-0130-4fd9-896a-cac3c2785d02-NettyServerStreamRpc-bossGroup--thread1] INFO  logging.LoggingHandler (AbstractInternalLogger.java:log(148)) - [id: 0xe9ba1a08, L:/0:0:0:0:0:0:0:0:15033] CLOSE
2023-11-06 09:26:55,080 [d9016e39-0130-4fd9-896a-cac3c2785d02-NettyServerStreamRpc-bossGroup--thread1] INFO  logging.LoggingHandler (AbstractInternalLogger.java:log(148)) - [id: 0xe9ba1a08, L:/0:0:0:0:0:0:0:0:15033] INACTIVE
2023-11-06 09:26:55,080 [d9016e39-0130-4fd9-896a-cac3c2785d02-NettyServerStreamRpc-bossGroup--thread1] INFO  logging.LoggingHandler (AbstractInternalLogger.java:log(148)) - [id: 0xe9ba1a08, L:/0:0:0:0:0:0:0:0:15033] UNREGISTERED
2023-11-06 09:26:55,109 [d9016e39-0130-4fd9-896a-cac3c2785d02@group-3E664A0854E0-StateMachineUpdater] INFO  ratis.ContainerStateMachine (ContainerStateMachine.java:takeSnapshot(348)) - group-3E664A0854E0: Finished taking a snapshot at:(t:1, i:0) file:/home/runner/work/ozone/ozone/hadoop-ozone/integration-test/target/test-dir/MiniOzoneClusterImpl-938474ea-96d6-4bd3-a45f-678920fb0bb2/datanode-2/data/ratis/d6c272c6-0f48-426a-923d-3e664a0854e0/sm/snapshot.1_0 took: 106 ms
2023-11-06 09:26:55,109 [d9016e39-0130-4fd9-896a-cac3c2785d02@group-C449668A084E-StateMachineUpdater] INFO  ratis.ContainerStateMachine (ContainerStateMachine.java:takeSnapshot(348)) - group-C449668A084E: Finished taking a snapshot at:(t:1, i:0) file:/home/runner/work/ozone/ozone/hadoop-ozone/integration-test/target/test-dir/MiniOzoneClusterImpl-938474ea-96d6-4bd3-a45f-678920fb0bb2/datanode-2/data/ratis/4a550c64-9968-4de5-acde-c449668a084e/sm/snapshot.1_0 took: 67 ms
2023-11-06 09:26:55,111 [d9016e39-0130-4fd9-896a-cac3c2785d02@group-C449668A084E-StateMachineUpdater] INFO  impl.StateMachineUpdater (StateMachineUpdater.java:takeSnapshot(291)) - d9016e39-0130-4fd9-896a-cac3c2785d02@group-C449668A084E-StateMachineUpdater: Took a snapshot at index 0
2023-11-06 09:26:55,111 [d9016e39-0130-4fd9-896a-cac3c2785d02@group-C449668A084E-StateMachineUpdater] INFO  impl.StateMachineUpdater (StateMachineUpdater.java:lambda$new$0(97)) - d9016e39-0130-4fd9-896a-cac3c2785d02@group-C449668A084E-StateMachineUpdater: snapshotIndex: updateIncreasingly -1 -> 0
2023-11-06 09:26:55,111 [d9016e39-0130-4fd9-896a-cac3c2785d02@group-3E664A0854E0-StateMachineUpdater] INFO  impl.StateMachineUpdater (StateMachineUpdater.java:takeSnapshot(291)) - d9016e39-0130-4fd9-896a-cac3c2785d02@group-3E664A0854E0-StateMachineUpdater: Took a snapshot at index 0
2023-11-06 09:26:55,112 [d9016e39-0130-4fd9-896a-cac3c2785d02@group-3E664A0854E0-StateMachineUpdater] INFO  impl.StateMachineUpdater (StateMachineUpdater.java:lambda$new$0(97)) - d9016e39-0130-4fd9-896a-cac3c2785d02@group-3E664A0854E0-StateMachineUpdater: snapshotIndex: updateIncreasingly -1 -> 0
2023-11-06 09:26:55,114 [d9016e39-0130-4fd9-896a-cac3c2785d02-impl-thread3] INFO  server.RaftServer$Division (ServerState.java:close(472)) - d9016e39-0130-4fd9-896a-cac3c2785d02@group-C449668A084E: closes. applyIndex: 0
2023-11-06 09:26:55,115 [d9016e39-0130-4fd9-896a-cac3c2785d02-impl-thread1] INFO  server.RaftServer$Division (ServerState.java:close(472)) - d9016e39-0130-4fd9-896a-cac3c2785d02@group-3E664A0854E0: closes. applyIndex: 0
2023-11-06 09:26:55,199 [d9016e39-0130-4fd9-896a-cac3c2785d02-impl-thread3] INFO  segmented.SegmentedRaftLogWorker (SegmentedRaftLogWorker.java:close(252)) - d9016e39-0130-4fd9-896a-cac3c2785d02@group-C449668A084E-SegmentedRaftLogWorker close()
2023-11-06 09:26:55,368 [d9016e39-0130-4fd9-896a-cac3c2785d02-impl-thread1] INFO  segmented.SegmentedRaftLogWorker (SegmentedRaftLogWorker.java:close(252)) - d9016e39-0130-4fd9-896a-cac3c2785d02@group-3E664A0854E0-SegmentedRaftLogWorker close()
2023-11-06 09:26:55,545 [d9016e39-0130-4fd9-896a-cac3c2785d02-impl-thread2] INFO  segmented.SegmentedRaftLogWorker (SegmentedRaftLogWorker.java:close(252)) - d9016e39-0130-4fd9-896a-cac3c2785d02@group-0DB81D4FE909-SegmentedRaftLogWorker close()
2023-11-06 09:26:55,547 [JvmPauseMonitor4] INFO  util.JvmPauseMonitor (JvmPauseMonitor.java:run(109)) - JvmPauseMonitor-d9016e39-0130-4fd9-896a-cac3c2785d02: Stopped
2023-11-06 09:26:56,074 [grpc-default-executor-4] WARN  server.GrpcLogAppender (LogUtils.java:warn(122)) - 0eeb79a9-13fd-416c-b2a7-6f654c6b5029@group-0DB81D4FE909->d9016e39-0130-4fd9-896a-cac3c2785d02-AppendLogResponseHandler: Failed appendEntries: org.apache.ratis.thirdparty.io.grpc.StatusRuntimeException: UNAVAILABLE: io exception
2023-11-06 09:26:56,075 [grpc-default-executor-4] WARN  server.GrpcLogAppender (GrpcLogAppender.java:resetClient(128)) - 0eeb79a9-13fd-416c-b2a7-6f654c6b5029@group-0DB81D4FE909->d9016e39-0130-4fd9-896a-cac3c2785d02-GrpcLogAppender: Follower failed when matchIndex == 0,  keep nextIndex (1) unchanged and retry.
2023-11-06 09:26:56,076 [grpc-default-executor-5] WARN  server.GrpcLogAppender (LogUtils.java:warn(122)) - 0eeb79a9-13fd-416c-b2a7-6f654c6b5029@group-0DB81D4FE909->d9016e39-0130-4fd9-896a-cac3c2785d02-AppendLogResponseHandler: Failed appendEntries: org.apache.ratis.thirdparty.io.grpc.StatusRuntimeException: UNAVAILABLE: io exception
2023-11-06 09:26:56,076 [grpc-default-executor-5] WARN  server.GrpcLogAppender (GrpcLogAppender.java:resetClient(128)) - 0eeb79a9-13fd-416c-b2a7-6f654c6b5029@group-0DB81D4FE909->d9016e39-0130-4fd9-896a-cac3c2785d02-GrpcLogAppender: Follower failed when matchIndex == 0,  keep nextIndex (1) unchanged and retry.
2023-11-06 09:26:57,320 [grpc-default-executor-5] WARN  server.GrpcLogAppender (LogUtils.java:warn(122)) - 0eeb79a9-13fd-416c-b2a7-6f654c6b5029@group-0DB81D4FE909->d9016e39-0130-4fd9-896a-cac3c2785d02-AppendLogResponseHandler: Failed appendEntries: org.apache.ratis.thirdparty.io.grpc.StatusRuntimeException: UNAVAILABLE: io exception
2023-11-06 09:26:57,321 [grpc-default-executor-4] WARN  server.GrpcLogAppender (LogUtils.java:warn(122)) - 0eeb79a9-13fd-416c-b2a7-6f654c6b5029@group-0DB81D4FE909->d9016e39-0130-4fd9-896a-cac3c2785d02-AppendLogResponseHandler: Failed appendEntries: org.apache.ratis.thirdparty.io.grpc.StatusRuntimeException: UNAVAILABLE: io exception
2023-11-06 09:26:57,322 [grpc-default-executor-5] WARN  server.GrpcLogAppender (GrpcLogAppender.java:resetClient(128)) - 0eeb79a9-13fd-416c-b2a7-6f654c6b5029@group-0DB81D4FE909->d9016e39-0130-4fd9-896a-cac3c2785d02-GrpcLogAppender: Follower failed when matchIndex == 0,  keep nextIndex (1) unchanged and retry.
2023-11-06 09:26:57,322 [grpc-default-executor-4] WARN  server.GrpcLogAppender (GrpcLogAppender.java:resetClient(128)) - 0eeb79a9-13fd-416c-b2a7-6f654c6b5029@group-0DB81D4FE909->d9016e39-0130-4fd9-896a-cac3c2785d02-GrpcLogAppender: Follower failed when matchIndex == 0,  keep nextIndex (1) unchanged and retry.
2023-11-06 09:26:57,582 [main] INFO  utils.DatanodeStoreCache (DatanodeStoreCache.java:shutdownCache(110)) - Skip clearing cache in mini cluster mode. Entries left: [/home/runner/work/ozone/ozone/hadoop-ozone/integration-test/target/test-dir/MiniOzoneClusterImpl-938474ea-96d6-4bd3-a45f-678920fb0bb2/datanode-0/data-0/containers/hdds/938474ea-96d6-4bd3-a45f-678920fb0bb2/DS-cc2320c9-17b4-4246-8443-fc51818b908b/container.db, /home/runner/work/ozone/ozone/hadoop-ozone/integration-test/target/test-dir/MiniOzoneClusterImpl-938474ea-96d6-4bd3-a45f-678920fb0bb2/datanode-1/data-0/containers/hdds/938474ea-96d6-4bd3-a45f-678920fb0bb2/DS-bfd1e993-798b-4f08-b940-34a8ee4fa9f4/container.db, /home/runner/work/ozone/ozone/hadoop-ozone/integration-test/target/test-dir/MiniOzoneClusterImpl-938474ea-96d6-4bd3-a45f-678920fb0bb2/datanode-2/data-0/containers/hdds/938474ea-96d6-4bd3-a45f-678920fb0bb2/DS-3af14cea-3173-4509-90c1-03d37a60f21e/container.db, /home/runner/work/ozone/ozone/hadoop-ozone/integration-test/target/test-dir/MiniOzoneClusterImpl-938474ea-96d6-4bd3-a45f-678920fb0bb2/datanode-3/data-0/containers/hdds/938474ea-96d6-4bd3-a45f-678920fb0bb2/DS-c2c471ac-7ab4-49c8-af3a-f30a8f54691c/container.db, /home/runner/work/ozone/ozone/hadoop-ozone/integration-test/target/test-dir/MiniOzoneClusterImpl-938474ea-96d6-4bd3-a45f-678920fb0bb2/datanode-4/data-0/containers/hdds/938474ea-96d6-4bd3-a45f-678920fb0bb2/DS-a8ca1b05-0378-4e56-ba29-7112884dd6b8/container.db, /home/runner/work/ozone/ozone/hadoop-ozone/integration-test/target/test-dir/MiniOzoneClusterImpl-938474ea-96d6-4bd3-a45f-678920fb0bb2/datanode-5/data-0/containers/hdds/938474ea-96d6-4bd3-a45f-678920fb0bb2/DS-fbdf0e51-07d0-4b55-8b50-0738357a95a1/container.db, /home/runner/work/ozone/ozone/hadoop-ozone/integration-test/target/test-dir/MiniOzoneClusterImpl-938474ea-96d6-4bd3-a45f-678920fb0bb2/datanode-6/data-0/containers/hdds/938474ea-96d6-4bd3-a45f-678920fb0bb2/DS-67d17c9c-9c32-4033-8a72-700936de3d29/container.db, /home/runner/work/ozone/ozone/hadoop-ozone/integration-test/target/test-dir/MiniOzoneClusterImpl-938474ea-96d6-4bd3-a45f-678920fb0bb2/datanode-7/data-0/containers/hdds/938474ea-96d6-4bd3-a45f-678920fb0bb2/DS-9e27d3b4-bec8-40d2-b9d2-5fc2f40feaf0/container.db, /home/runner/work/ozone/ozone/hadoop-ozone/integration-test/target/test-dir/MiniOzoneClusterImpl-938474ea-96d6-4bd3-a45f-678920fb0bb2/datanode-8/data-0/containers/hdds/938474ea-96d6-4bd3-a45f-678920fb0bb2/DS-790f1cdc-31ba-4818-833b-3a9a09ddc624/container.db, /home/runner/work/ozone/ozone/hadoop-ozone/integration-test/target/test-dir/MiniOzoneClusterImpl-938474ea-96d6-4bd3-a45f-678920fb0bb2/datanode-9/data-0/containers/hdds/938474ea-96d6-4bd3-a45f-678920fb0bb2/DS-eb152dbd-12ac-4859-b6ea-41110337bb3d/container.db]
2023-11-06 09:26:57,589 [main] INFO  utils.DatanodeStoreCache (DatanodeStoreCache.java:removeDB(104)) - Removed db /home/runner/work/ozone/ozone/hadoop-ozone/integration-test/target/test-dir/MiniOzoneClusterImpl-938474ea-96d6-4bd3-a45f-678920fb0bb2/datanode-2/data-0/containers/hdds/938474ea-96d6-4bd3-a45f-678920fb0bb2/DS-3af14cea-3173-4509-90c1-03d37a60f21e/container.db from cache
2023-11-06 09:26:57,589 [main] INFO  volume.HddsVolume (HddsVolume.java:closeDbStore(453)) - SchemaV3 db is stopped at /home/runner/work/ozone/ozone/hadoop-ozone/integration-test/target/test-dir/MiniOzoneClusterImpl-938474ea-96d6-4bd3-a45f-678920fb0bb2/datanode-2/data-0/containers/hdds/938474ea-96d6-4bd3-a45f-678920fb0bb2/DS-3af14cea-3173-4509-90c1-03d37a60f21e/container.db for volume DS-3af14cea-3173-4509-90c1-03d37a60f21e
2023-11-06 09:26:57,589 [main] INFO  utils.BackgroundService (BackgroundService.java:shutdown(160)) - Shutting down service BlockDeletingService
2023-11-06 09:26:57,590 [main] INFO  utils.BackgroundService (BackgroundService.java:shutdown(160)) - Shutting down service StaleRecoveringContainerScrubbingService
2023-11-06 09:26:57,591 [main] INFO  statemachine.DatanodeStateMachine (DatanodeStateMachine.java:stopDaemon(638)) - Ozone container server stopped.
2023-11-06 09:26:57,594 [main] INFO  handler.ContextHandler (ContextHandler.java:doStop(1159)) - Stopped o.e.j.w.WebAppContext@4812cc88{hddsDatanode,/,null,STOPPED}{jar:file:/home/runner/.m2/repository/org/apache/ozone/hdds-container-service/1.4.0-SNAPSHOT/hdds-container-service-1.4.0-SNAPSHOT.jar!/webapps/hddsDatanode}
2023-11-06 09:26:57,597 [main] INFO  server.AbstractConnector (AbstractConnector.java:doStop(383)) - Stopped ServerConnector@3f1d358d{HTTP/1.1, (http/1.1)}{0.0.0.0:15027}
2023-11-06 09:26:57,597 [main] INFO  server.session (HouseKeeper.java:stopScavenging(149)) - node0 Stopped scavenging
2023-11-06 09:26:57,598 [main] INFO  handler.ContextHandler (ContextHandler.java:doStop(1159)) - Stopped o.e.j.s.ServletContextHandler@78dbfc95{static,/static,jar:file:/home/runner/.m2/repository/org/apache/ozone/hdds-container-service/1.4.0-SNAPSHOT/hdds-container-service-1.4.0-SNAPSHOT.jar!/webapps/static,STOPPED}
2023-11-06 09:26:57,598 [main] INFO  handler.ContextHandler (ContextHandler.java:doStop(1159)) - Stopped o.e.j.s.ServletContextHandler@4c5b133e{logs,/logs,file:///home/runner/work/ozone/ozone/hadoop-ozone/integration-test/target/log,STOPPED}
2023-11-06 09:26:57,603 [main] INFO  ozone.HddsDatanodeClientProtocolServer (HddsDatanodeClientProtocolServer.java:stop(78)) - Stopping the RPC server for Client Protocol
2023-11-06 09:26:57,603 [main] INFO  ipc.Server (Server.java:stop(3523)) - Stopping server on 15028
2023-11-06 09:26:57,603 [IPC Server listener on 15028] INFO  ipc.Server (Server.java:run(1434)) - Stopping IPC Server listener on 15028
2023-11-06 09:26:57,606 [IPC Server Responder] INFO  ipc.Server (Server.java:run(1567)) - Stopping IPC Server Responder
2023-11-06 09:26:57,909 [EventQueue-StaleNodeForStaleNodeHandler] INFO  node.StaleNodeHandler (StaleNodeHandler.java:onMessage(58)) - Datanode d9016e39-0130-4fd9-896a-cac3c2785d02(fv-az241-347.2tfxs3cvuluejhi1wdm4o5ef4c.bx.internal.cloudapp.net/10.1.0.6) moved to stale state. Finalizing its pipelines [PipelineID=d6c272c6-0f48-426a-923d-3e664a0854e0, PipelineID=15f9db0e-4f6c-4380-b94d-0db81d4fe909, PipelineID=eeacec12-a8fc-4b02-b8b5-af221b05ce3a, PipelineID=4a550c64-9968-4de5-acde-c449668a084e]
2023-11-06 09:26:57,910 [EventQueue-StaleNodeForStaleNodeHandler] INFO  pipeline.PipelineManagerImpl (PipelineManagerImpl.java:closePipeline(510)) - Pipeline Pipeline[ Id: d6c272c6-0f48-426a-923d-3e664a0854e0, Nodes: fedf11b8-0957-422e-880a-91cc26979c7a(fv-az241-347.2tfxs3cvuluejhi1wdm4o5ef4c.bx.internal.cloudapp.net/10.1.0.6)d9016e39-0130-4fd9-896a-cac3c2785d02(fv-az241-347.2tfxs3cvuluejhi1wdm4o5ef4c.bx.internal.cloudapp.net/10.1.0.6)0eeb79a9-13fd-416c-b2a7-6f654c6b5029(fv-az241-347.2tfxs3cvuluejhi1wdm4o5ef4c.bx.internal.cloudapp.net/10.1.0.6), ReplicationConfig: RATIS/THREE, State:OPEN, leaderId:d9016e39-0130-4fd9-896a-cac3c2785d02, CreationTimestamp2023-11-06T09:26:43.569Z[Etc/UTC]] moved to CLOSED state
2023-11-06 09:26:57,911 [EventQueue-StaleNodeForStaleNodeHandler] INFO  pipeline.PipelineManagerImpl (PipelineManagerImpl.java:closePipeline(510)) - Pipeline Pipeline[ Id: 15f9db0e-4f6c-4380-b94d-0db81d4fe909, Nodes: d9016e39-0130-4fd9-896a-cac3c2785d02(fv-az241-347.2tfxs3cvuluejhi1wdm4o5ef4c.bx.internal.cloudapp.net/10.1.0.6)0eeb79a9-13fd-416c-b2a7-6f654c6b5029(fv-az241-347.2tfxs3cvuluejhi1wdm4o5ef4c.bx.internal.cloudapp.net/10.1.0.6)fedf11b8-0957-422e-880a-91cc26979c7a(fv-az241-347.2tfxs3cvuluejhi1wdm4o5ef4c.bx.internal.cloudapp.net/10.1.0.6), ReplicationConfig: RATIS/THREE, State:OPEN, leaderId:0eeb79a9-13fd-416c-b2a7-6f654c6b5029, CreationTimestamp2023-11-06T09:26:43.572Z[Etc/UTC]] moved to CLOSED state
2023-11-06 09:26:57,915 [EventQueue-StaleNodeForStaleNodeHandler] INFO  pipeline.PipelineManagerImpl (PipelineManagerImpl.java:closeContainersForPipeline(484)) - Container #1 closed for pipeline=PipelineID=eeacec12-a8fc-4b02-b8b5-af221b05ce3a
2023-11-06 09:26:57,915 [EventQueue-StaleNodeForStaleNodeHandler] INFO  pipeline.PipelineManagerImpl (PipelineManagerImpl.java:closePipeline(510)) - Pipeline Pipeline[ Id: eeacec12-a8fc-4b02-b8b5-af221b05ce3a, Nodes: d9016e39-0130-4fd9-896a-cac3c2785d02(fv-az241-347.2tfxs3cvuluejhi1wdm4o5ef4c.bx.internal.cloudapp.net/10.1.0.6)4cee0e49-9f18-41f8-8e67-157ccbc15955(fv-az241-347.2tfxs3cvuluejhi1wdm4o5ef4c.bx.internal.cloudapp.net/10.1.0.6)b7b1b697-3f82-4acb-89c8-f9bc2eccfa5a(fv-az241-347.2tfxs3cvuluejhi1wdm4o5ef4c.bx.internal.cloudapp.net/10.1.0.6)92ba0aed-1dcc-4895-b5bb-fc45f440be2e(fv-az241-347.2tfxs3cvuluejhi1wdm4o5ef4c.bx.internal.cloudapp.net/10.1.0.6)0e92623e-4dcf-4eff-ae25-f8b8c2de319b(fv-az241-347.2tfxs3cvuluejhi1wdm4o5ef4c.bx.internal.cloudapp.net/10.1.0.6), ReplicationConfig: EC{rs-3-2-1024k}, State:OPEN, leaderId:, CreationTimestamp2023-11-06T09:26:54.070Z[Etc/UTC]] moved to CLOSED state
2023-11-06 09:26:57,916 [EventQueue-StaleNodeForStaleNodeHandler] INFO  pipeline.PipelineManagerImpl (PipelineManagerImpl.java:closePipeline(510)) - Pipeline Pipeline[ Id: 4a550c64-9968-4de5-acde-c449668a084e, Nodes: d9016e39-0130-4fd9-896a-cac3c2785d02(fv-az241-347.2tfxs3cvuluejhi1wdm4o5ef4c.bx.internal.cloudapp.net/10.1.0.6), ReplicationConfig: RATIS/ONE, State:OPEN, leaderId:d9016e39-0130-4fd9-896a-cac3c2785d02, CreationTimestamp2023-11-06T09:26:43.563Z[Etc/UTC]] moved to CLOSED state
2023-11-06 09:26:57,916 [EventQueue-CloseContainerForCloseContainerEventHandler] INFO  container.CloseContainerEventHandler (CloseContainerEventHandler.java:onMessage(88)) - Close container Event triggered for container : #1, current state: CLOSING
2023-11-06 09:26:58,571 [grpc-default-executor-5] WARN  server.GrpcLogAppender (LogUtils.java:warn(122)) - 0eeb79a9-13fd-416c-b2a7-6f654c6b5029@group-0DB81D4FE909->d9016e39-0130-4fd9-896a-cac3c2785d02-AppendLogResponseHandler: Failed appendEntries: org.apache.ratis.thirdparty.io.grpc.StatusRuntimeException: UNAVAILABLE: io exception
2023-11-06 09:26:58,572 [grpc-default-executor-5] WARN  server.GrpcLogAppender (GrpcLogAppender.java:resetClient(128)) - 0eeb79a9-13fd-416c-b2a7-6f654c6b5029@group-0DB81D4FE909->d9016e39-0130-4fd9-896a-cac3c2785d02-GrpcLogAppender: Follower failed when matchIndex == 0,  keep nextIndex (1) unchanged and retry.
2023-11-06 09:26:58,573 [grpc-default-executor-4] WARN  server.GrpcLogAppender (LogUtils.java:warn(122)) - 0eeb79a9-13fd-416c-b2a7-6f654c6b5029@group-0DB81D4FE909->d9016e39-0130-4fd9-896a-cac3c2785d02-AppendLogResponseHandler: Failed appendEntries: org.apache.ratis.thirdparty.io.grpc.StatusRuntimeException: UNAVAILABLE: io exception
2023-11-06 09:26:58,574 [grpc-default-executor-4] WARN  server.GrpcLogAppender (GrpcLogAppender.java:resetClient(128)) - 0eeb79a9-13fd-416c-b2a7-6f654c6b5029@group-0DB81D4FE909->d9016e39-0130-4fd9-896a-cac3c2785d02-GrpcLogAppender: Follower failed when matchIndex == 0,  keep nextIndex (1) unchanged and retry.
2023-11-06 09:26:59,821 [grpc-default-executor-5] WARN  server.GrpcLogAppender (LogUtils.java:warn(122)) - 0eeb79a9-13fd-416c-b2a7-6f654c6b5029@group-0DB81D4FE909->d9016e39-0130-4fd9-896a-cac3c2785d02-AppendLogResponseHandler: Failed appendEntries: org.apache.ratis.thirdparty.io.grpc.StatusRuntimeException: UNAVAILABLE: io exception
2023-11-06 09:26:59,821 [grpc-default-executor-4] WARN  server.GrpcLogAppender (LogUtils.java:warn(122)) - 0eeb79a9-13fd-416c-b2a7-6f654c6b5029@group-0DB81D4FE909->d9016e39-0130-4fd9-896a-cac3c2785d02-AppendLogResponseHandler: Failed appendEntries: org.apache.ratis.thirdparty.io.grpc.StatusRuntimeException: UNAVAILABLE: io exception
2023-11-06 09:26:59,822 [grpc-default-executor-5] WARN  server.GrpcLogAppender (GrpcLogAppender.java:resetClient(128)) - 0eeb79a9-13fd-416c-b2a7-6f654c6b5029@group-0DB81D4FE909->d9016e39-0130-4fd9-896a-cac3c2785d02-GrpcLogAppender: Follower failed when matchIndex == 0,  keep nextIndex (1) unchanged and retry.
2023-11-06 09:26:59,823 [grpc-default-executor-4] WARN  server.GrpcLogAppender (GrpcLogAppender.java:resetClient(128)) - 0eeb79a9-13fd-416c-b2a7-6f654c6b5029@group-0DB81D4FE909->d9016e39-0130-4fd9-896a-cac3c2785d02-GrpcLogAppender: Follower failed when matchIndex == 0,  keep nextIndex (1) unchanged and retry.
2023-11-06 09:27:00,850 [0e92623e-4dcf-4eff-ae25-f8b8c2de319b-CloseContainerThread-0] INFO  keyvalue.KeyValueContainer (KeyValueContainer.java:flushAndSyncDB(522)) - Container 1 is synced with bcsId 0.
2023-11-06 09:27:00,851 [0e92623e-4dcf-4eff-ae25-f8b8c2de319b-CloseContainerThread-0] INFO  keyvalue.KeyValueContainer (KeyValueContainer.java:flushAndSyncDB(522)) - Container 1 is synced with bcsId 0.
2023-11-06 09:27:00,853 [0e92623e-4dcf-4eff-ae25-f8b8c2de319b-CloseContainerThread-0] INFO  keyvalue.KeyValueContainer (KeyValueContainer.java:close(437)) - Container 1 is closed with bcsId 0.
2023-11-06 09:27:00,854 [FixedThreadPoolWithAffinityExecutor-0-0] INFO  container.IncrementalContainerReportHandler (AbstractContainerReportHandler.java:updateContainerState(312)) - Moving container #1 to CLOSED state, datanode 0e92623e-4dcf-4eff-ae25-f8b8c2de319b(fv-az241-347.2tfxs3cvuluejhi1wdm4o5ef4c.bx.internal.cloudapp.net/10.1.0.6) reported CLOSED replica with index 5.
2023-11-06 09:27:00,913 [main] INFO  replication.ReplicationManager (ReplicationManager.java:stop(323)) - Stopping Replication Monitor Thread.
2023-11-06 09:27:00,914 [UnderReplicatedProcessor] WARN  replication.UnhealthyReplicationProcessor (UnhealthyReplicationProcessor.java:run(180)) - UnderReplicatedProcessor interrupted. Exiting...
2023-11-06 09:27:00,915 [OverReplicatedProcessor] WARN  replication.UnhealthyReplicationProcessor (UnhealthyReplicationProcessor.java:run(180)) - OverReplicatedProcessor interrupted. Exiting...
2023-11-06 09:27:00,915 [ReplicationMonitor] INFO  replication.ReplicationManager (ReplicationManager.java:run(922)) - Replication Monitor Thread is stopped
2023-11-06 09:27:00,916 [EventQueue-DeadNodeForDeadNodeHandler] INFO  node.DeadNodeHandler (DeadNodeHandler.java:onMessage(82)) - A dead datanode is detected. d9016e39-0130-4fd9-896a-cac3c2785d02(fv-az241-347.2tfxs3cvuluejhi1wdm4o5ef4c.bx.internal.cloudapp.net/10.1.0.6)
2023-11-06 09:27:00,917 [EventQueue-DeadNodeForDeadNodeHandler] INFO  pipeline.RatisPipelineProvider (RatisPipelineProvider.java:lambda$close$4(272)) - Send pipeline:PipelineID=d6c272c6-0f48-426a-923d-3e664a0854e0 close command to datanode fedf11b8-0957-422e-880a-91cc26979c7a
2023-11-06 09:27:00,918 [EventQueue-DeadNodeForDeadNodeHandler] INFO  pipeline.RatisPipelineProvider (RatisPipelineProvider.java:lambda$close$4(272)) - Send pipeline:PipelineID=d6c272c6-0f48-426a-923d-3e664a0854e0 close command to datanode d9016e39-0130-4fd9-896a-cac3c2785d02
2023-11-06 09:27:00,918 [EventQueue-DeadNodeForDeadNodeHandler] INFO  pipeline.RatisPipelineProvider (RatisPipelineProvider.java:lambda$close$4(272)) - Send pipeline:PipelineID=d6c272c6-0f48-426a-923d-3e664a0854e0 close command to datanode 0eeb79a9-13fd-416c-b2a7-6f654c6b5029
2023-11-06 09:27:00,919 [EventQueue-DeadNodeForDeadNodeHandler] INFO  pipeline.PipelineManagerImpl (PipelineManagerImpl.java:removePipeline(459)) - Pipeline Pipeline[ Id: d6c272c6-0f48-426a-923d-3e664a0854e0, Nodes: fedf11b8-0957-422e-880a-91cc26979c7a(fv-az241-347.2tfxs3cvuluejhi1wdm4o5ef4c.bx.internal.cloudapp.net/10.1.0.6)d9016e39-0130-4fd9-896a-cac3c2785d02(fv-az241-347.2tfxs3cvuluejhi1wdm4o5ef4c.bx.internal.cloudapp.net/10.1.0.6)0eeb79a9-13fd-416c-b2a7-6f654c6b5029(fv-az241-347.2tfxs3cvuluejhi1wdm4o5ef4c.bx.internal.cloudapp.net/10.1.0.6), ReplicationConfig: RATIS/THREE, State:CLOSED, leaderId:d9016e39-0130-4fd9-896a-cac3c2785d02, CreationTimestamp2023-11-06T09:26:43.569Z[Etc/UTC]] removed.
2023-11-06 09:27:00,919 [EventQueue-DeadNodeForDeadNodeHandler] INFO  pipeline.RatisPipelineProvider (RatisPipelineProvider.java:lambda$close$4(272)) - Send pipeline:PipelineID=15f9db0e-4f6c-4380-b94d-0db81d4fe909 close command to datanode d9016e39-0130-4fd9-896a-cac3c2785d02
2023-11-06 09:27:00,920 [EventQueue-DeadNodeForDeadNodeHandler] INFO  pipeline.RatisPipelineProvider (RatisPipelineProvider.java:lambda$close$4(272)) - Send pipeline:PipelineID=15f9db0e-4f6c-4380-b94d-0db81d4fe909 close command to datanode 0eeb79a9-13fd-416c-b2a7-6f654c6b5029
2023-11-06 09:27:00,920 [EventQueue-DeadNodeForDeadNodeHandler] INFO  pipeline.RatisPipelineProvider (RatisPipelineProvider.java:lambda$close$4(272)) - Send pipeline:PipelineID=15f9db0e-4f6c-4380-b94d-0db81d4fe909 close command to datanode fedf11b8-0957-422e-880a-91cc26979c7a
2023-11-06 09:27:00,920 [EventQueue-DeadNodeForDeadNodeHandler] INFO  pipeline.PipelineManagerImpl (PipelineManagerImpl.java:removePipeline(459)) - Pipeline Pipeline[ Id: 15f9db0e-4f6c-4380-b94d-0db81d4fe909, Nodes: d9016e39-0130-4fd9-896a-cac3c2785d02(fv-az241-347.2tfxs3cvuluejhi1wdm4o5ef4c.bx.internal.cloudapp.net/10.1.0.6)0eeb79a9-13fd-416c-b2a7-6f654c6b5029(fv-az241-347.2tfxs3cvuluejhi1wdm4o5ef4c.bx.internal.cloudapp.net/10.1.0.6)fedf11b8-0957-422e-880a-91cc26979c7a(fv-az241-347.2tfxs3cvuluejhi1wdm4o5ef4c.bx.internal.cloudapp.net/10.1.0.6), ReplicationConfig: RATIS/THREE, State:CLOSED, leaderId:0eeb79a9-13fd-416c-b2a7-6f654c6b5029, CreationTimestamp2023-11-06T09:26:43.572Z[Etc/UTC]] removed.
2023-11-06 09:27:00,921 [EventQueue-DeadNodeForDeadNodeHandler] INFO  pipeline.PipelineManagerImpl (PipelineManagerImpl.java:removePipeline(459)) - Pipeline Pipeline[ Id: eeacec12-a8fc-4b02-b8b5-af221b05ce3a, Nodes: d9016e39-0130-4fd9-896a-cac3c2785d02(fv-az241-347.2tfxs3cvuluejhi1wdm4o5ef4c.bx.internal.cloudapp.net/10.1.0.6)4cee0e49-9f18-41f8-8e67-157ccbc15955(fv-az241-347.2tfxs3cvuluejhi1wdm4o5ef4c.bx.internal.cloudapp.net/10.1.0.6)b7b1b697-3f82-4acb-89c8-f9bc2eccfa5a(fv-az241-347.2tfxs3cvuluejhi1wdm4o5ef4c.bx.internal.cloudapp.net/10.1.0.6)92ba0aed-1dcc-4895-b5bb-fc45f440be2e(fv-az241-347.2tfxs3cvuluejhi1wdm4o5ef4c.bx.internal.cloudapp.net/10.1.0.6)0e92623e-4dcf-4eff-ae25-f8b8c2de319b(fv-az241-347.2tfxs3cvuluejhi1wdm4o5ef4c.bx.internal.cloudapp.net/10.1.0.6), ReplicationConfig: EC{rs-3-2-1024k}, State:CLOSED, leaderId:, CreationTimestamp2023-11-06T09:26:54.070Z[Etc/UTC]] removed.
2023-11-06 09:27:00,921 [EventQueue-DeadNodeForDeadNodeHandler] INFO  pipeline.RatisPipelineProvider (RatisPipelineProvider.java:lambda$close$4(272)) - Send pipeline:PipelineID=4a550c64-9968-4de5-acde-c449668a084e close command to datanode d9016e39-0130-4fd9-896a-cac3c2785d02
2023-11-06 09:27:00,922 [EventQueue-DeadNodeForDeadNodeHandler] INFO  pipeline.PipelineManagerImpl (PipelineManagerImpl.java:removePipeline(459)) - Pipeline Pipeline[ Id: 4a550c64-9968-4de5-acde-c449668a084e, Nodes: d9016e39-0130-4fd9-896a-cac3c2785d02(fv-az241-347.2tfxs3cvuluejhi1wdm4o5ef4c.bx.internal.cloudapp.net/10.1.0.6), ReplicationConfig: RATIS/ONE, State:CLOSED, leaderId:d9016e39-0130-4fd9-896a-cac3c2785d02, CreationTimestamp2023-11-06T09:26:43.563Z[Etc/UTC]] removed.
2023-11-06 09:27:00,923 [EventQueue-DeadNodeForDeadNodeHandler] INFO  node.DeadNodeHandler (DeadNodeHandler.java:onMessage(95)) - Clearing command queue of size 4 for DN d9016e39-0130-4fd9-896a-cac3c2785d02(fv-az241-347.2tfxs3cvuluejhi1wdm4o5ef4c.bx.internal.cloudapp.net/10.1.0.6)
2023-11-06 09:27:00,923 [EventQueue-DeadNodeForDeadNodeHandler] INFO  net.NetworkTopologyImpl (NetworkTopologyImpl.java:remove(190)) - Removed a node: /default-rack/d9016e39-0130-4fd9-896a-cac3c2785d02
2023-11-06 09:27:01,017 [main] INFO  replication.ReplicationManager (ReplicationManager.java:start(291)) - Starting Replication Monitor Thread.
2023-11-06 09:27:01,021 [ReplicationMonitor] INFO  replication.ReplicationManager (ReplicationManager.java:sendDatanodeCommand(674)) - Sending command [closeContainerCommand: containerID: 1, pipelineID: PipelineID=eeacec12-a8fc-4b02-b8b5-af221b05ce3a, force: true] for container ContainerInfo{id=#1, state=CLOSED, stateEnterTime=2023-11-06T09:27:00.855Z, pipelineID=PipelineID=eeacec12-a8fc-4b02-b8b5-af221b05ce3a, owner=omServiceIdDefault} to 4cee0e49-9f18-41f8-8e67-157ccbc15955(fv-az241-347.2tfxs3cvuluejhi1wdm4o5ef4c.bx.internal.cloudapp.net/10.1.0.6) with datanode deadline 1699263391020 and scm deadline 1699263421020
2023-11-06 09:27:01,022 [ReplicationMonitor] INFO  replication.ReplicationManager (ReplicationManager.java:sendDatanodeCommand(674)) - Sending command [closeContainerCommand: containerID: 1, pipelineID: PipelineID=eeacec12-a8fc-4b02-b8b5-af221b05ce3a, force: true] for container ContainerInfo{id=#1, state=CLOSED, stateEnterTime=2023-11-06T09:27:00.855Z, pipelineID=PipelineID=eeacec12-a8fc-4b02-b8b5-af221b05ce3a, owner=omServiceIdDefault} to 92ba0aed-1dcc-4895-b5bb-fc45f440be2e(fv-az241-347.2tfxs3cvuluejhi1wdm4o5ef4c.bx.internal.cloudapp.net/10.1.0.6) with datanode deadline 1699263391022 and scm deadline 1699263421022
2023-11-06 09:27:01,023 [ReplicationMonitor] INFO  replication.ReplicationManager (ReplicationManager.java:sendDatanodeCommand(674)) - Sending command [closeContainerCommand: containerID: 1, pipelineID: PipelineID=eeacec12-a8fc-4b02-b8b5-af221b05ce3a, force: true] for container ContainerInfo{id=#1, state=CLOSED, stateEnterTime=2023-11-06T09:27:00.855Z, pipelineID=PipelineID=eeacec12-a8fc-4b02-b8b5-af221b05ce3a, owner=omServiceIdDefault} to b7b1b697-3f82-4acb-89c8-f9bc2eccfa5a(fv-az241-347.2tfxs3cvuluejhi1wdm4o5ef4c.bx.internal.cloudapp.net/10.1.0.6) with datanode deadline 1699263391022 and scm deadline 1699263421022
2023-11-06 09:27:01,028 [ReplicationMonitor] INFO  replication.ReplicationManager (ReplicationManager.java:processAll(394)) - Replication Monitor Thread took 9 milliseconds for processing 1 containers.
2023-11-06 09:27:01,072 [grpc-default-executor-4] WARN  server.GrpcLogAppender (LogUtils.java:warn(122)) - 0eeb79a9-13fd-416c-b2a7-6f654c6b5029@group-0DB81D4FE909->d9016e39-0130-4fd9-896a-cac3c2785d02-AppendLogResponseHandler: Failed appendEntries: org.apache.ratis.thirdparty.io.grpc.StatusRuntimeException: UNAVAILABLE: io exception
2023-11-06 09:27:01,073 [grpc-default-executor-5] WARN  server.GrpcLogAppender (LogUtils.java:warn(122)) - 0eeb79a9-13fd-416c-b2a7-6f654c6b5029@group-0DB81D4FE909->d9016e39-0130-4fd9-896a-cac3c2785d02-AppendLogResponseHandler: Failed appendEntries: org.apache.ratis.thirdparty.io.grpc.StatusRuntimeException: UNAVAILABLE: io exception
2023-11-06 09:27:01,073 [grpc-default-executor-4] WARN  server.GrpcLogAppender (GrpcLogAppender.java:resetClient(128)) - 0eeb79a9-13fd-416c-b2a7-6f654c6b5029@group-0DB81D4FE909->d9016e39-0130-4fd9-896a-cac3c2785d02-GrpcLogAppender: Follower failed when matchIndex == 0,  keep nextIndex (1) unchanged and retry.
2023-11-06 09:27:01,074 [grpc-default-executor-5] WARN  server.GrpcLogAppender (GrpcLogAppender.java:resetClient(128)) - 0eeb79a9-13fd-416c-b2a7-6f654c6b5029@group-0DB81D4FE909->d9016e39-0130-4fd9-896a-cac3c2785d02-GrpcLogAppender: Follower failed when matchIndex == 0,  keep nextIndex (1) unchanged and retry.
2023-11-06 09:27:01,836 [92ba0aed-1dcc-4895-b5bb-fc45f440be2e-CloseContainerThread-0] INFO  keyvalue.KeyValueContainer (KeyValueContainer.java:flushAndSyncDB(522)) - Container 1 is synced with bcsId 0.
2023-11-06 09:27:01,838 [92ba0aed-1dcc-4895-b5bb-fc45f440be2e-CloseContainerThread-0] INFO  keyvalue.KeyValueContainer (KeyValueContainer.java:flushAndSyncDB(522)) - Container 1 is synced with bcsId 0.
2023-11-06 09:27:01,841 [92ba0aed-1dcc-4895-b5bb-fc45f440be2e-CloseContainerThread-0] INFO  keyvalue.KeyValueContainer (KeyValueContainer.java:close(437)) - Container 1 is closed with bcsId 0.
2023-11-06 09:27:01,845 [4cee0e49-9f18-41f8-8e67-157ccbc15955-CloseContainerThread-0] INFO  keyvalue.KeyValueContainer (KeyValueContainer.java:flushAndSyncDB(522)) - Container 1 is synced with bcsId 0.
2023-11-06 09:27:01,846 [4cee0e49-9f18-41f8-8e67-157ccbc15955-CloseContainerThread-0] INFO  keyvalue.KeyValueContainer (KeyValueContainer.java:flushAndSyncDB(522)) - Container 1 is synced with bcsId 0.
2023-11-06 09:27:01,850 [4cee0e49-9f18-41f8-8e67-157ccbc15955-CloseContainerThread-0] INFO  keyvalue.KeyValueContainer (KeyValueContainer.java:close(437)) - Container 1 is closed with bcsId 0.
2023-11-06 09:27:01,864 [b7b1b697-3f82-4acb-89c8-f9bc2eccfa5a-CloseContainerThread-0] INFO  keyvalue.KeyValueContainer (KeyValueContainer.java:flushAndSyncDB(522)) - Container 1 is synced with bcsId 0.
2023-11-06 09:27:01,865 [b7b1b697-3f82-4acb-89c8-f9bc2eccfa5a-CloseContainerThread-0] INFO  keyvalue.KeyValueContainer (KeyValueContainer.java:flushAndSyncDB(522)) - Container 1 is synced with bcsId 0.
2023-11-06 09:27:01,867 [b7b1b697-3f82-4acb-89c8-f9bc2eccfa5a-CloseContainerThread-0] INFO  keyvalue.KeyValueContainer (KeyValueContainer.java:close(437)) - Container 1 is closed with bcsId 0.
2023-11-06 09:27:02,322 [grpc-default-executor-5] WARN  server.GrpcLogAppender (LogUtils.java:warn(122)) - 0eeb79a9-13fd-416c-b2a7-6f654c6b5029@group-0DB81D4FE909->d9016e39-0130-4fd9-896a-cac3c2785d02-AppendLogResponseHandler: Failed appendEntries: org.apache.ratis.thirdparty.io.grpc.StatusRuntimeException: UNAVAILABLE: io exception
2023-11-06 09:27:02,323 [grpc-default-executor-5] WARN  server.GrpcLogAppender (GrpcLogAppender.java:resetClient(128)) - 0eeb79a9-13fd-416c-b2a7-6f654c6b5029@group-0DB81D4FE909->d9016e39-0130-4fd9-896a-cac3c2785d02-GrpcLogAppender: Follower failed when matchIndex == 0,  keep nextIndex (1) unchanged and retry.
2023-11-06 09:27:02,324 [grpc-default-executor-4] WARN  server.GrpcLogAppender (LogUtils.java:warn(122)) - 0eeb79a9-13fd-416c-b2a7-6f654c6b5029@group-0DB81D4FE909->d9016e39-0130-4fd9-896a-cac3c2785d02-AppendLogResponseHandler: Failed appendEntries: org.apache.ratis.thirdparty.io.grpc.StatusRuntimeException: UNAVAILABLE: io exception
2023-11-06 09:27:02,324 [grpc-default-executor-4] WARN  server.GrpcLogAppender (GrpcLogAppender.java:resetClient(128)) - 0eeb79a9-13fd-416c-b2a7-6f654c6b5029@group-0DB81D4FE909->d9016e39-0130-4fd9-896a-cac3c2785d02-GrpcLogAppender: Follower failed when matchIndex == 0,  keep nextIndex (1) unchanged and retry.
2023-11-06 09:27:02,440 [0eeb79a9-13fd-416c-b2a7-6f654c6b5029@group-3E664A0854E0-FollowerState] INFO  impl.FollowerState (FollowerState.java:run(143)) - 0eeb79a9-13fd-416c-b2a7-6f654c6b5029@group-3E664A0854E0-FollowerState: change to CANDIDATE, lastRpcElapsedTime:9935207424ns, electionTimeout:5118ms
2023-11-06 09:27:02,440 [0eeb79a9-13fd-416c-b2a7-6f654c6b5029@group-3E664A0854E0-FollowerState] INFO  impl.RoleInfo (RoleInfo.java:shutdownFollowerState(110)) - 0eeb79a9-13fd-416c-b2a7-6f654c6b5029: shutdown 0eeb79a9-13fd-416c-b2a7-6f654c6b5029@group-3E664A0854E0-FollowerState
2023-11-06 09:27:02,440 [0eeb79a9-13fd-416c-b2a7-6f654c6b5029@group-3E664A0854E0-FollowerState] INFO  server.RaftServer$Division (RaftServerImpl.java:setRole(329)) - 0eeb79a9-13fd-416c-b2a7-6f654c6b5029@group-3E664A0854E0: changes role from  FOLLOWER to CANDIDATE at term 1 for changeToCandidate
2023-11-06 09:27:02,440 [0eeb79a9-13fd-416c-b2a7-6f654c6b5029@group-3E664A0854E0-FollowerState] INFO  server.RaftServerConfigKeys (ConfUtils.java:logGet(46)) - raft.server.leaderelection.pre-vote = true (default)
2023-11-06 09:27:02,440 [0eeb79a9-13fd-416c-b2a7-6f654c6b5029@group-3E664A0854E0-FollowerState] INFO  impl.RoleInfo (RoleInfo.java:updateAndGet(139)) - 0eeb79a9-13fd-416c-b2a7-6f654c6b5029: start 0eeb79a9-13fd-416c-b2a7-6f654c6b5029@group-3E664A0854E0-LeaderElection23
2023-11-06 09:27:02,441 [0eeb79a9-13fd-416c-b2a7-6f654c6b5029@group-3E664A0854E0-LeaderElection23] INFO  server.RaftServer$Division (ServerState.java:setLeader(317)) - 0eeb79a9-13fd-416c-b2a7-6f654c6b5029@group-3E664A0854E0: change Leader from d9016e39-0130-4fd9-896a-cac3c2785d02 to null at term 1 for PRE_VOTE
2023-11-06 09:27:02,441 [0eeb79a9-13fd-416c-b2a7-6f654c6b5029@group-3E664A0854E0-LeaderElection23] INFO  impl.LeaderElection (LeaderElection.java:askForVotes(321)) - 0eeb79a9-13fd-416c-b2a7-6f654c6b5029@group-3E664A0854E0-LeaderElection23 PRE_VOTE round 0: submit vote requests at term 1 for 0: peers:[d9016e39-0130-4fd9-896a-cac3c2785d02|rpc:10.1.0.6:15032|admin:10.1.0.6:15031|client:10.1.0.6:15030|dataStream:10.1.0.6:15033|priority:1|startupRole:FOLLOWER, fedf11b8-0957-422e-880a-91cc26979c7a|rpc:10.1.0.6:15014|admin:10.1.0.6:15013|client:10.1.0.6:15012|dataStream:10.1.0.6:15015|priority:0|startupRole:FOLLOWER, 0eeb79a9-13fd-416c-b2a7-6f654c6b5029|rpc:10.1.0.6:15023|admin:10.1.0.6:15022|client:10.1.0.6:15021|dataStream:10.1.0.6:15024|priority:0|startupRole:FOLLOWER]|listeners:[], old=null
2023-11-06 09:27:02,442 [0eeb79a9-13fd-416c-b2a7-6f654c6b5029@group-3E664A0854E0-LeaderElection23] INFO  impl.LeaderElection (LogUtils.java:infoOrTrace(137)) - 0eeb79a9-13fd-416c-b2a7-6f654c6b5029@group-3E664A0854E0-LeaderElection23 got exception when requesting votes: java.util.concurrent.ExecutionException: org.apache.ratis.thirdparty.io.grpc.StatusRuntimeException: UNAVAILABLE: io exception
2023-11-06 09:27:02,443 [grpc-default-executor-4] INFO  server.RaftServer$Division (RaftServerImpl.java:requestVote(1302)) - fedf11b8-0957-422e-880a-91cc26979c7a@group-3E664A0854E0: receive requestVote(PRE_VOTE, 0eeb79a9-13fd-416c-b2a7-6f654c6b5029, group-3E664A0854E0, 1, (t:1, i:0))
2023-11-06 09:27:02,444 [grpc-default-executor-4] INFO  impl.VoteContext (VoteContext.java:log(49)) - fedf11b8-0957-422e-880a-91cc26979c7a@group-3E664A0854E0-FOLLOWER: accept PRE_VOTE from 0eeb79a9-13fd-416c-b2a7-6f654c6b5029: our priority 0 <= candidate's priority 0
2023-11-06 09:27:02,444 [grpc-default-executor-4] INFO  server.RaftServer$Division (RaftServerImpl.java:requestVote(1335)) - fedf11b8-0957-422e-880a-91cc26979c7a@group-3E664A0854E0 replies to PRE_VOTE vote request: 0eeb79a9-13fd-416c-b2a7-6f654c6b5029<-fedf11b8-0957-422e-880a-91cc26979c7a#0:OK-t1. Peer's state: fedf11b8-0957-422e-880a-91cc26979c7a@group-3E664A0854E0:t1, leader=d9016e39-0130-4fd9-896a-cac3c2785d02, voted=d9016e39-0130-4fd9-896a-cac3c2785d02, raftlog=Memoized:fedf11b8-0957-422e-880a-91cc26979c7a@group-3E664A0854E0-SegmentedRaftLog:OPENED:c0, conf=0: peers:[d9016e39-0130-4fd9-896a-cac3c2785d02|rpc:10.1.0.6:15032|admin:10.1.0.6:15031|client:10.1.0.6:15030|dataStream:10.1.0.6:15033|priority:1|startupRole:FOLLOWER, fedf11b8-0957-422e-880a-91cc26979c7a|rpc:10.1.0.6:15014|admin:10.1.0.6:15013|client:10.1.0.6:15012|dataStream:10.1.0.6:15015|priority:0|startupRole:FOLLOWER, 0eeb79a9-13fd-416c-b2a7-6f654c6b5029|rpc:10.1.0.6:15023|admin:10.1.0.6:15022|client:10.1.0.6:15021|dataStream:10.1.0.6:15024|priority:0|startupRole:FOLLOWER]|listeners:[], old=null
2023-11-06 09:27:02,446 [0eeb79a9-13fd-416c-b2a7-6f654c6b5029@group-3E664A0854E0-LeaderElection23] INFO  impl.LeaderElection (LeaderElection.java:logAndReturn(90)) - 0eeb79a9-13fd-416c-b2a7-6f654c6b5029@group-3E664A0854E0-LeaderElection23: PRE_VOTE PASSED received 1 response(s) and 1 exception(s):
2023-11-06 09:27:02,446 [0eeb79a9-13fd-416c-b2a7-6f654c6b5029@group-3E664A0854E0-LeaderElection23] INFO  impl.LeaderElection (LeaderElection.java:logAndReturn(94)) -   Response 0: 0eeb79a9-13fd-416c-b2a7-6f654c6b5029<-fedf11b8-0957-422e-880a-91cc26979c7a#0:OK-t1
2023-11-06 09:27:02,447 [0eeb79a9-13fd-416c-b2a7-6f654c6b5029@group-3E664A0854E0-LeaderElection23] INFO  impl.LeaderElection (LogUtils.java:infoOrTrace(137)) -   Exception 1: java.util.concurrent.ExecutionException: org.apache.ratis.thirdparty.io.grpc.StatusRuntimeException: UNAVAILABLE: io exception
2023-11-06 09:27:02,447 [0eeb79a9-13fd-416c-b2a7-6f654c6b5029@group-3E664A0854E0-LeaderElection23] INFO  impl.LeaderElection (LeaderElection.java:askForVotes(323)) - 0eeb79a9-13fd-416c-b2a7-6f654c6b5029@group-3E664A0854E0-LeaderElection23 PRE_VOTE round 0: result PASSED
2023-11-06 09:27:02,448 [0eeb79a9-13fd-416c-b2a7-6f654c6b5029@group-3E664A0854E0-LeaderElection23] INFO  impl.LeaderElection (LeaderElection.java:askForVotes(321)) - 0eeb79a9-13fd-416c-b2a7-6f654c6b5029@group-3E664A0854E0-LeaderElection23 ELECTION round 0: submit vote requests at term 2 for 0: peers:[d9016e39-0130-4fd9-896a-cac3c2785d02|rpc:10.1.0.6:15032|admin:10.1.0.6:15031|client:10.1.0.6:15030|dataStream:10.1.0.6:15033|priority:1|startupRole:FOLLOWER, fedf11b8-0957-422e-880a-91cc26979c7a|rpc:10.1.0.6:15014|admin:10.1.0.6:15013|client:10.1.0.6:15012|dataStream:10.1.0.6:15015|priority:0|startupRole:FOLLOWER, 0eeb79a9-13fd-416c-b2a7-6f654c6b5029|rpc:10.1.0.6:15023|admin:10.1.0.6:15022|client:10.1.0.6:15021|dataStream:10.1.0.6:15024|priority:0|startupRole:FOLLOWER]|listeners:[], old=null
2023-11-06 09:27:02,449 [0eeb79a9-13fd-416c-b2a7-6f654c6b5029@group-3E664A0854E0-LeaderElection23] INFO  impl.LeaderElection (LogUtils.java:infoOrTrace(137)) - 0eeb79a9-13fd-416c-b2a7-6f654c6b5029@group-3E664A0854E0-LeaderElection23 got exception when requesting votes: java.util.concurrent.ExecutionException: org.apache.ratis.thirdparty.io.grpc.StatusRuntimeException: UNAVAILABLE: io exception
2023-11-06 09:27:02,450 [grpc-default-executor-4] INFO  server.RaftServer$Division (RaftServerImpl.java:requestVote(1302)) - fedf11b8-0957-422e-880a-91cc26979c7a@group-3E664A0854E0: receive requestVote(ELECTION, 0eeb79a9-13fd-416c-b2a7-6f654c6b5029, group-3E664A0854E0, 2, (t:1, i:0))
2023-11-06 09:27:02,450 [grpc-default-executor-4] INFO  impl.VoteContext (VoteContext.java:log(49)) - fedf11b8-0957-422e-880a-91cc26979c7a@group-3E664A0854E0-FOLLOWER: accept ELECTION from 0eeb79a9-13fd-416c-b2a7-6f654c6b5029: our priority 0 <= candidate's priority 0
2023-11-06 09:27:02,450 [grpc-default-executor-4] INFO  server.RaftServer$Division (ServerState.java:setLeader(317)) - fedf11b8-0957-422e-880a-91cc26979c7a@group-3E664A0854E0: change Leader from d9016e39-0130-4fd9-896a-cac3c2785d02 to null at term 2 for updateCurrentTerm
2023-11-06 09:27:02,450 [grpc-default-executor-4] INFO  server.RaftServer$Division (RaftServerImpl.java:setRole(329)) - fedf11b8-0957-422e-880a-91cc26979c7a@group-3E664A0854E0: changes role from  FOLLOWER to FOLLOWER at term 2 for candidate:0eeb79a9-13fd-416c-b2a7-6f654c6b5029
2023-11-06 09:27:02,450 [grpc-default-executor-4] INFO  impl.RoleInfo (RoleInfo.java:shutdownFollowerState(110)) - fedf11b8-0957-422e-880a-91cc26979c7a: shutdown fedf11b8-0957-422e-880a-91cc26979c7a@group-3E664A0854E0-FollowerState
2023-11-06 09:27:02,450 [grpc-default-executor-4] INFO  impl.RoleInfo (RoleInfo.java:updateAndGet(139)) - fedf11b8-0957-422e-880a-91cc26979c7a: start fedf11b8-0957-422e-880a-91cc26979c7a@group-3E664A0854E0-FollowerState
2023-11-06 09:27:02,450 [fedf11b8-0957-422e-880a-91cc26979c7a@group-3E664A0854E0-FollowerState] INFO  impl.FollowerState (FollowerState.java:run(152)) - fedf11b8-0957-422e-880a-91cc26979c7a@group-3E664A0854E0-FollowerState was interrupted
2023-11-06 09:27:02,452 [grpc-default-executor-4] INFO  server.RaftServer$Division (RaftServerImpl.java:requestVote(1335)) - fedf11b8-0957-422e-880a-91cc26979c7a@group-3E664A0854E0 replies to ELECTION vote request: 0eeb79a9-13fd-416c-b2a7-6f654c6b5029<-fedf11b8-0957-422e-880a-91cc26979c7a#0:OK-t2. Peer's state: fedf11b8-0957-422e-880a-91cc26979c7a@group-3E664A0854E0:t2, leader=null, voted=0eeb79a9-13fd-416c-b2a7-6f654c6b5029, raftlog=Memoized:fedf11b8-0957-422e-880a-91cc26979c7a@group-3E664A0854E0-SegmentedRaftLog:OPENED:c0, conf=0: peers:[d9016e39-0130-4fd9-896a-cac3c2785d02|rpc:10.1.0.6:15032|admin:10.1.0.6:15031|client:10.1.0.6:15030|dataStream:10.1.0.6:15033|priority:1|startupRole:FOLLOWER, fedf11b8-0957-422e-880a-91cc26979c7a|rpc:10.1.0.6:15014|admin:10.1.0.6:15013|client:10.1.0.6:15012|dataStream:10.1.0.6:15015|priority:0|startupRole:FOLLOWER, 0eeb79a9-13fd-416c-b2a7-6f654c6b5029|rpc:10.1.0.6:15023|admin:10.1.0.6:15022|client:10.1.0.6:15021|dataStream:10.1.0.6:15024|priority:0|startupRole:FOLLOWER]|listeners:[], old=null
2023-11-06 09:27:02,453 [0eeb79a9-13fd-416c-b2a7-6f654c6b5029@group-3E664A0854E0-LeaderElection23] INFO  impl.LeaderElection (LeaderElection.java:logAndReturn(90)) - 0eeb79a9-13fd-416c-b2a7-6f654c6b5029@group-3E664A0854E0-LeaderElection23: ELECTION PASSED received 1 response(s) and 1 exception(s):
2023-11-06 09:27:02,453 [0eeb79a9-13fd-416c-b2a7-6f654c6b5029@group-3E664A0854E0-LeaderElection23] INFO  impl.LeaderElection (LeaderElection.java:logAndReturn(94)) -   Response 0: 0eeb79a9-13fd-416c-b2a7-6f654c6b5029<-fedf11b8-0957-422e-880a-91cc26979c7a#0:OK-t2
2023-11-06 09:27:02,453 [0eeb79a9-13fd-416c-b2a7-6f654c6b5029@group-3E664A0854E0-LeaderElection23] INFO  impl.LeaderElection (LogUtils.java:infoOrTrace(137)) -   Exception 1: java.util.concurrent.ExecutionException: org.apache.ratis.thirdparty.io.grpc.StatusRuntimeException: UNAVAILABLE: io exception
2023-11-06 09:27:02,453 [0eeb79a9-13fd-416c-b2a7-6f654c6b5029@group-3E664A0854E0-LeaderElection23] INFO  impl.LeaderElection (LeaderElection.java:askForVotes(323)) - 0eeb79a9-13fd-416c-b2a7-6f654c6b5029@group-3E664A0854E0-LeaderElection23 ELECTION round 0: result PASSED
2023-11-06 09:27:02,453 [0eeb79a9-13fd-416c-b2a7-6f654c6b5029@group-3E664A0854E0-LeaderElection23] INFO  impl.RoleInfo (RoleInfo.java:shutdownLeaderElection(130)) - 0eeb79a9-13fd-416c-b2a7-6f654c6b5029: shutdown 0eeb79a9-13fd-416c-b2a7-6f654c6b5029@group-3E664A0854E0-LeaderElection23
2023-11-06 09:27:02,453 [0eeb79a9-13fd-416c-b2a7-6f654c6b5029@group-3E664A0854E0-LeaderElection23] INFO  server.RaftServer$Division (RaftServerImpl.java:setRole(329)) - 0eeb79a9-13fd-416c-b2a7-6f654c6b5029@group-3E664A0854E0: changes role from CANDIDATE to LEADER at term 2 for changeToLeader
2023-11-06 09:27:02,453 [0eeb79a9-13fd-416c-b2a7-6f654c6b5029@group-3E664A0854E0-LeaderElection23] INFO  ratis.XceiverServerRatis (XceiverServerRatis.java:handleLeaderChangedNotification(903)) - Leader change notification received for group: group-3E664A0854E0 with new leaderId: 0eeb79a9-13fd-416c-b2a7-6f654c6b5029
2023-11-06 09:27:02,454 [0eeb79a9-13fd-416c-b2a7-6f654c6b5029@group-3E664A0854E0-LeaderElection23] INFO  server.RaftServer$Division (ServerState.java:setLeader(317)) - 0eeb79a9-13fd-416c-b2a7-6f654c6b5029@group-3E664A0854E0: change Leader from null to 0eeb79a9-13fd-416c-b2a7-6f654c6b5029 at term 2 for becomeLeader, leader elected after 12ms
2023-11-06 09:27:02,454 [0eeb79a9-13fd-416c-b2a7-6f654c6b5029@group-3E664A0854E0-LeaderElection23] INFO  server.RaftServerConfigKeys (ConfUtils.java:logGet(46)) - raft.server.staging.catchup.gap = 1000 (default)
2023-11-06 09:27:02,454 [0eeb79a9-13fd-416c-b2a7-6f654c6b5029@group-3E664A0854E0-LeaderElection23] INFO  server.RaftServerConfigKeys (ConfUtils.java:logGet(46)) - raft.server.write.element-limit = 1024 (custom)
2023-11-06 09:27:02,454 [0eeb79a9-13fd-416c-b2a7-6f654c6b5029@group-3E664A0854E0-LeaderElection23] INFO  server.RaftServerConfigKeys (ConfUtils.java:logGet(46)) - raft.server.write.byte-limit = 1024 M (=1073741824) (custom)
2023-11-06 09:27:02,454 [0eeb79a9-13fd-416c-b2a7-6f654c6b5029@group-3E664A0854E0-LeaderElection23] INFO  server.RaftServerConfigKeys (ConfUtils.java:logGet(46)) - raft.server.watch.timeout = 180s (custom)
2023-11-06 09:27:02,454 [0eeb79a9-13fd-416c-b2a7-6f654c6b5029@group-3E664A0854E0-LeaderElection23] INFO  server.RaftServerConfigKeys (ConfUtils.java:logGet(46)) - raft.server.watch.timeout.denomination = 1s (default)
2023-11-06 09:27:02,454 [0eeb79a9-13fd-416c-b2a7-6f654c6b5029@group-3E664A0854E0-LeaderElection23] INFO  server.RaftServerConfigKeys (ConfUtils.java:logGet(46)) - raft.server.watch.element-limit = 65536 (default)
2023-11-06 09:27:02,454 [0eeb79a9-13fd-416c-b2a7-6f654c6b5029@group-3E664A0854E0-LeaderElection23] INFO  server.RaftServerConfigKeys (ConfUtils.java:logGet(46)) - raft.server.write.element-limit = 1024 (custom)
2023-11-06 09:27:02,454 [0eeb79a9-13fd-416c-b2a7-6f654c6b5029@group-3E664A0854E0-LeaderElection23] INFO  server.RaftServerConfigKeys (ConfUtils.java:logGet(46)) - raft.server.write.follower.gap.ratio.max = -1.0 (default)
2023-11-06 09:27:02,455 [0eeb79a9-13fd-416c-b2a7-6f654c6b5029@group-3E664A0854E0-LeaderElection23] INFO  server.RaftServerConfigKeys (ConfUtils.java:logGet(46)) - raft.server.log.appender.snapshot.chunk.size.max = 16MB (=16777216) (default)
2023-11-06 09:27:02,455 [0eeb79a9-13fd-416c-b2a7-6f654c6b5029@group-3E664A0854E0-LeaderElection23] INFO  server.RaftServerConfigKeys (ConfUtils.java:logGet(46)) - raft.server.log.appender.buffer.byte-limit = 33554432 (custom)
2023-11-06 09:27:02,455 [0eeb79a9-13fd-416c-b2a7-6f654c6b5029@group-3E664A0854E0-LeaderElection23] INFO  server.RaftServerConfigKeys (ConfUtils.java:logGet(46)) - raft.server.log.appender.buffer.element-limit = 1 (custom)
2023-11-06 09:27:02,455 [0eeb79a9-13fd-416c-b2a7-6f654c6b5029@group-3E664A0854E0-LeaderElection23] INFO  server.RaftServerConfigKeys (ConfUtils.java:logGet(46)) - raft.server.log.appender.wait-time.min = 1ms (custom)
2023-11-06 09:27:02,455 [0eeb79a9-13fd-416c-b2a7-6f654c6b5029@group-3E664A0854E0-LeaderElection23] INFO  grpc.GrpcConfigKeys (ConfUtils.java:logGet(46)) - raft.grpc.server.leader.outstanding.appends.max = 128 (default)
2023-11-06 09:27:02,455 [0eeb79a9-13fd-416c-b2a7-6f654c6b5029@group-3E664A0854E0-LeaderElection23] INFO  server.RaftServerConfigKeys (ConfUtils.java:logGet(46)) - raft.server.rpc.request.timeout = 60s (custom)
2023-11-06 09:27:02,455 [0eeb79a9-13fd-416c-b2a7-6f654c6b5029@group-3E664A0854E0-LeaderElection23] INFO  grpc.GrpcConfigKeys (ConfUtils.java:logGet(46)) - raft.grpc.server.install_snapshot.request.element-limit = 8 (default)
2023-11-06 09:27:02,455 [0eeb79a9-13fd-416c-b2a7-6f654c6b5029@group-3E664A0854E0-LeaderElection23] INFO  grpc.GrpcConfigKeys (ConfUtils.java:logGet(46)) - raft.grpc.server.install_snapshot.request.timeout = 3000ms (default)
2023-11-06 09:27:02,455 [0eeb79a9-13fd-416c-b2a7-6f654c6b5029@group-3E664A0854E0-LeaderElection23] INFO  server.RaftServerConfigKeys (ConfUtils.java:logGet(46)) - raft.server.log.appender.install.snapshot.enabled = false (custom)
2023-11-06 09:27:02,457 [0eeb79a9-13fd-416c-b2a7-6f654c6b5029@group-3E664A0854E0-LeaderElection23] INFO  grpc.GrpcConfigKeys (ConfUtils.java:logGet(46)) - raft.grpc.server.heartbeat.channel = true (default)
2023-11-06 09:27:02,459 [EventQueue-PipelineReportForPipelineReportHandler] INFO  pipeline.PipelineReportHandler (PipelineReportHandler.java:processPipelineReport(115)) - Reported pipeline PipelineID=d6c272c6-0f48-426a-923d-3e664a0854e0 is not found
2023-11-06 09:27:02,459 [EventQueue-PipelineReportForPipelineReportHandler] INFO  pipeline.PipelineReportHandler (PipelineReportHandler.java:processPipelineReport(115)) - Reported pipeline PipelineID=15f9db0e-4f6c-4380-b94d-0db81d4fe909 is not found
2023-11-06 09:27:02,460 [0eeb79a9-13fd-416c-b2a7-6f654c6b5029@group-3E664A0854E0-LeaderElection23] INFO  server.RaftServerConfigKeys (ConfUtils.java:logGet(46)) - raft.server.log.appender.snapshot.chunk.size.max = 16MB (=16777216) (default)
2023-11-06 09:27:02,460 [0eeb79a9-13fd-416c-b2a7-6f654c6b5029@group-3E664A0854E0-LeaderElection23] INFO  server.RaftServerConfigKeys (ConfUtils.java:logGet(46)) - raft.server.log.appender.buffer.byte-limit = 33554432 (custom)
2023-11-06 09:27:02,460 [0eeb79a9-13fd-416c-b2a7-6f654c6b5029@group-3E664A0854E0-LeaderElection23] INFO  server.RaftServerConfigKeys (ConfUtils.java:logGet(46)) - raft.server.log.appender.buffer.element-limit = 1 (custom)
2023-11-06 09:27:02,460 [0eeb79a9-13fd-416c-b2a7-6f654c6b5029@group-3E664A0854E0-LeaderElection23] INFO  server.RaftServerConfigKeys (ConfUtils.java:logGet(46)) - raft.server.log.appender.wait-time.min = 1ms (custom)
2023-11-06 09:27:02,460 [0eeb79a9-13fd-416c-b2a7-6f654c6b5029@group-3E664A0854E0-LeaderElection23] INFO  grpc.GrpcConfigKeys (ConfUtils.java:logGet(46)) - raft.grpc.server.leader.outstanding.appends.max = 128 (default)
2023-11-06 09:27:02,460 [0eeb79a9-13fd-416c-b2a7-6f654c6b5029@group-3E664A0854E0-LeaderElection23] INFO  server.RaftServerConfigKeys (ConfUtils.java:logGet(46)) - raft.server.rpc.request.timeout = 60s (custom)
2023-11-06 09:27:02,460 [0eeb79a9-13fd-416c-b2a7-6f654c6b5029@group-3E664A0854E0-LeaderElection23] INFO  grpc.GrpcConfigKeys (ConfUtils.java:logGet(46)) - raft.grpc.server.install_snapshot.request.element-limit = 8 (default)
2023-11-06 09:27:02,460 [0eeb79a9-13fd-416c-b2a7-6f654c6b5029@group-3E664A0854E0-LeaderElection23] INFO  grpc.GrpcConfigKeys (ConfUtils.java:logGet(46)) - raft.grpc.server.install_snapshot.request.timeout = 3000ms (default)
2023-11-06 09:27:02,460 [0eeb79a9-13fd-416c-b2a7-6f654c6b5029@group-3E664A0854E0-LeaderElection23] INFO  server.RaftServerConfigKeys (ConfUtils.java:logGet(46)) - raft.server.log.appender.install.snapshot.enabled = false (custom)
2023-11-06 09:27:02,460 [0eeb79a9-13fd-416c-b2a7-6f654c6b5029@group-3E664A0854E0-LeaderElection23] INFO  grpc.GrpcConfigKeys (ConfUtils.java:logGet(46)) - raft.grpc.server.heartbeat.channel = true (default)
2023-11-06 09:27:02,461 [0eeb79a9-13fd-416c-b2a7-6f654c6b5029@group-3E664A0854E0-LeaderElection23] INFO  impl.RoleInfo (RoleInfo.java:updateAndGet(139)) - 0eeb79a9-13fd-416c-b2a7-6f654c6b5029: start 0eeb79a9-13fd-416c-b2a7-6f654c6b5029@group-3E664A0854E0-LeaderStateImpl
2023-11-06 09:27:02,461 [0eeb79a9-13fd-416c-b2a7-6f654c6b5029@group-3E664A0854E0-LeaderElection23] INFO  segmented.SegmentedRaftLogWorker (SegmentedRaftLogWorker.java:rollLogSegment(452)) - 0eeb79a9-13fd-416c-b2a7-6f654c6b5029@group-3E664A0854E0-SegmentedRaftLogWorker: Rolling segment log-0_0 to index:0
2023-11-06 09:27:02,462 [0eeb79a9-13fd-416c-b2a7-6f654c6b5029@group-3E664A0854E0-SegmentedRaftLogWorker] INFO  segmented.SegmentedRaftLogWorker (SegmentedRaftLogWorker.java:execute(608)) - 0eeb79a9-13fd-416c-b2a7-6f654c6b5029@group-3E664A0854E0-SegmentedRaftLogWorker: Rolled log segment from /home/runner/work/ozone/ozone/hadoop-ozone/integration-test/target/test-dir/MiniOzoneClusterImpl-938474ea-96d6-4bd3-a45f-678920fb0bb2/datanode-1/data/ratis/d6c272c6-0f48-426a-923d-3e664a0854e0/current/log_inprogress_0 to /home/runner/work/ozone/ozone/hadoop-ozone/integration-test/target/test-dir/MiniOzoneClusterImpl-938474ea-96d6-4bd3-a45f-678920fb0bb2/datanode-1/data/ratis/d6c272c6-0f48-426a-923d-3e664a0854e0/current/log_0-0
2023-11-06 09:27:02,463 [grpc-default-executor-4] WARN  server.GrpcLogAppender (LogUtils.java:warn(122)) - 0eeb79a9-13fd-416c-b2a7-6f654c6b5029@group-3E664A0854E0->d9016e39-0130-4fd9-896a-cac3c2785d02-AppendLogResponseHandler: Failed appendEntries: org.apache.ratis.thirdparty.io.grpc.StatusRuntimeException: UNAVAILABLE: io exception
2023-11-06 09:27:02,463 [grpc-default-executor-5] WARN  server.GrpcLogAppender (LogUtils.java:warn(122)) - 0eeb79a9-13fd-416c-b2a7-6f654c6b5029@group-3E664A0854E0->d9016e39-0130-4fd9-896a-cac3c2785d02-AppendLogResponseHandler: Failed appendEntries: org.apache.ratis.thirdparty.io.grpc.StatusRuntimeException: UNAVAILABLE: io exception
2023-11-06 09:27:02,464 [0eeb79a9-13fd-416c-b2a7-6f654c6b5029@group-3E664A0854E0-SegmentedRaftLogWorker] INFO  segmented.SegmentedRaftLogWorker (SegmentedRaftLogWorker.java:execute(651)) - 0eeb79a9-13fd-416c-b2a7-6f654c6b5029@group-3E664A0854E0-SegmentedRaftLogWorker: created new log segment /home/runner/work/ozone/ozone/hadoop-ozone/integration-test/target/test-dir/MiniOzoneClusterImpl-938474ea-96d6-4bd3-a45f-678920fb0bb2/datanode-1/data/ratis/d6c272c6-0f48-426a-923d-3e664a0854e0/current/log_inprogress_1
2023-11-06 09:27:02,464 [grpc-default-executor-4] INFO  leader.FollowerInfo (FollowerInfoImpl.java:lambda$new$0(52)) - 0eeb79a9-13fd-416c-b2a7-6f654c6b5029@group-3E664A0854E0->d9016e39-0130-4fd9-896a-cac3c2785d02: decreaseNextIndex nextIndex: updateUnconditionally 1 -> 0
2023-11-06 09:27:02,469 [0eeb79a9-13fd-416c-b2a7-6f654c6b5029@group-3E664A0854E0-LeaderElection23] INFO  server.RaftServer$Division (ServerState.java:setRaftConf(434)) - 0eeb79a9-13fd-416c-b2a7-6f654c6b5029@group-3E664A0854E0: set configuration 1: peers:[d9016e39-0130-4fd9-896a-cac3c2785d02|rpc:10.1.0.6:15032|admin:10.1.0.6:15031|client:10.1.0.6:15030|dataStream:10.1.0.6:15033|priority:1|startupRole:FOLLOWER, fedf11b8-0957-422e-880a-91cc26979c7a|rpc:10.1.0.6:15014|admin:10.1.0.6:15013|client:10.1.0.6:15012|dataStream:10.1.0.6:15015|priority:0|startupRole:FOLLOWER, 0eeb79a9-13fd-416c-b2a7-6f654c6b5029|rpc:10.1.0.6:15023|admin:10.1.0.6:15022|client:10.1.0.6:15021|dataStream:10.1.0.6:15024|priority:0|startupRole:FOLLOWER]|listeners:[], old=null
2023-11-06 09:27:02,471 [grpc-default-executor-1] WARN  server.GrpcLogAppender (LogUtils.java:warn(122)) - 0eeb79a9-13fd-416c-b2a7-6f654c6b5029@group-3E664A0854E0->d9016e39-0130-4fd9-896a-cac3c2785d02-AppendLogResponseHandler: Failed appendEntries: org.apache.ratis.thirdparty.io.grpc.StatusRuntimeException: UNAVAILABLE: io exception
2023-11-06 09:27:02,471 [grpc-default-executor-4] WARN  server.GrpcLogAppender (LogUtils.java:warn(122)) - 0eeb79a9-13fd-416c-b2a7-6f654c6b5029@group-3E664A0854E0->d9016e39-0130-4fd9-896a-cac3c2785d02-AppendLogResponseHandler: Failed appendEntries: org.apache.ratis.thirdparty.io.grpc.StatusRuntimeException: UNAVAILABLE: io exception
2023-11-06 09:27:02,472 [fedf11b8-0957-422e-880a-91cc26979c7a-server-thread2] INFO  ratis.XceiverServerRatis (XceiverServerRatis.java:handleLeaderChangedNotification(903)) - Leader change notification received for group: group-3E664A0854E0 with new leaderId: 0eeb79a9-13fd-416c-b2a7-6f654c6b5029
2023-11-06 09:27:02,472 [fedf11b8-0957-422e-880a-91cc26979c7a-server-thread2] INFO  server.RaftServer$Division (ServerState.java:setLeader(317)) - fedf11b8-0957-422e-880a-91cc26979c7a@group-3E664A0854E0: change Leader from null to 0eeb79a9-13fd-416c-b2a7-6f654c6b5029 at term 2 for appendEntries, leader elected after 22ms
2023-11-06 09:27:02,474 [grpc-default-executor-4] WARN  server.GrpcLogAppender (LogUtils.java:warn(122)) - 0eeb79a9-13fd-416c-b2a7-6f654c6b5029@group-3E664A0854E0->d9016e39-0130-4fd9-896a-cac3c2785d02-AppendLogResponseHandler: Failed appendEntries: org.apache.ratis.thirdparty.io.grpc.StatusRuntimeException: UNAVAILABLE: io exception
2023-11-06 09:27:02,474 [grpc-default-executor-4] INFO  leader.FollowerInfo (FollowerInfoImpl.java:lambda$new$0(52)) - 0eeb79a9-13fd-416c-b2a7-6f654c6b5029@group-3E664A0854E0->d9016e39-0130-4fd9-896a-cac3c2785d02: decreaseNextIndex nextIndex: updateUnconditionally 1 -> 0
2023-11-06 09:27:02,474 [grpc-default-executor-5] WARN  server.GrpcLogAppender (LogUtils.java:warn(122)) - 0eeb79a9-13fd-416c-b2a7-6f654c6b5029@group-3E664A0854E0->d9016e39-0130-4fd9-896a-cac3c2785d02-AppendLogResponseHandler: Failed appendEntries: org.apache.ratis.thirdparty.io.grpc.StatusRuntimeException: UNAVAILABLE: io exception
2023-11-06 09:27:02,479 [grpc-default-executor-1] WARN  server.GrpcLogAppender (LogUtils.java:warn(122)) - 0eeb79a9-13fd-416c-b2a7-6f654c6b5029@group-3E664A0854E0->d9016e39-0130-4fd9-896a-cac3c2785d02-AppendLogResponseHandler: Failed appendEntries: org.apache.ratis.thirdparty.io.grpc.StatusRuntimeException: UNAVAILABLE: io exception
2023-11-06 09:27:02,480 [grpc-default-executor-1] INFO  leader.FollowerInfo (FollowerInfoImpl.java:lambda$new$0(52)) - 0eeb79a9-13fd-416c-b2a7-6f654c6b5029@group-3E664A0854E0->d9016e39-0130-4fd9-896a-cac3c2785d02: decreaseNextIndex nextIndex: updateUnconditionally 1 -> 0
2023-11-06 09:27:02,480 [grpc-default-executor-5] WARN  server.GrpcLogAppender (LogUtils.java:warn(122)) - 0eeb79a9-13fd-416c-b2a7-6f654c6b5029@group-3E664A0854E0->d9016e39-0130-4fd9-896a-cac3c2785d02-AppendLogResponseHandler: Failed appendEntries: org.apache.ratis.thirdparty.io.grpc.StatusRuntimeException: UNAVAILABLE: io exception
2023-11-06 09:27:02,488 [fedf11b8-0957-422e-880a-91cc26979c7a-server-thread3] INFO  server.RaftServer$Division (ServerState.java:setRaftConf(434)) - fedf11b8-0957-422e-880a-91cc26979c7a@group-3E664A0854E0: set configuration 1: peers:[d9016e39-0130-4fd9-896a-cac3c2785d02|rpc:10.1.0.6:15032|admin:10.1.0.6:15031|client:10.1.0.6:15030|dataStream:10.1.0.6:15033|priority:1|startupRole:FOLLOWER, fedf11b8-0957-422e-880a-91cc26979c7a|rpc:10.1.0.6:15014|admin:10.1.0.6:15013|client:10.1.0.6:15012|dataStream:10.1.0.6:15015|priority:0|startupRole:FOLLOWER, 0eeb79a9-13fd-416c-b2a7-6f654c6b5029|rpc:10.1.0.6:15023|admin:10.1.0.6:15022|client:10.1.0.6:15021|dataStream:10.1.0.6:15024|priority:0|startupRole:FOLLOWER]|listeners:[], old=null
2023-11-06 09:27:02,488 [fedf11b8-0957-422e-880a-91cc26979c7a-server-thread3] INFO  segmented.SegmentedRaftLogWorker (SegmentedRaftLogWorker.java:rollLogSegment(452)) - fedf11b8-0957-422e-880a-91cc26979c7a@group-3E664A0854E0-SegmentedRaftLogWorker: Rolling segment log-0_0 to index:0
2023-11-06 09:27:02,489 [fedf11b8-0957-422e-880a-91cc26979c7a@group-3E664A0854E0-SegmentedRaftLogWorker] INFO  segmented.SegmentedRaftLogWorker (SegmentedRaftLogWorker.java:execute(608)) - fedf11b8-0957-422e-880a-91cc26979c7a@group-3E664A0854E0-SegmentedRaftLogWorker: Rolled log segment from /home/runner/work/ozone/ozone/hadoop-ozone/integration-test/target/test-dir/MiniOzoneClusterImpl-938474ea-96d6-4bd3-a45f-678920fb0bb2/datanode-0/data/ratis/d6c272c6-0f48-426a-923d-3e664a0854e0/current/log_inprogress_0 to /home/runner/work/ozone/ozone/hadoop-ozone/integration-test/target/test-dir/MiniOzoneClusterImpl-938474ea-96d6-4bd3-a45f-678920fb0bb2/datanode-0/data/ratis/d6c272c6-0f48-426a-923d-3e664a0854e0/current/log_0-0
2023-11-06 09:27:02,490 [fedf11b8-0957-422e-880a-91cc26979c7a@group-3E664A0854E0-SegmentedRaftLogWorker] INFO  segmented.SegmentedRaftLogWorker (SegmentedRaftLogWorker.java:execute(651)) - fedf11b8-0957-422e-880a-91cc26979c7a@group-3E664A0854E0-SegmentedRaftLogWorker: created new log segment /home/runner/work/ozone/ozone/hadoop-ozone/integration-test/target/test-dir/MiniOzoneClusterImpl-938474ea-96d6-4bd3-a45f-678920fb0bb2/datanode-0/data/ratis/d6c272c6-0f48-426a-923d-3e664a0854e0/current/log_inprogress_1
2023-11-06 09:27:02,493 [grpc-default-executor-5] WARN  server.GrpcLogAppender (LogUtils.java:warn(122)) - 0eeb79a9-13fd-416c-b2a7-6f654c6b5029@group-3E664A0854E0->d9016e39-0130-4fd9-896a-cac3c2785d02-AppendLogResponseHandler: Failed appendEntries: org.apache.ratis.thirdparty.io.grpc.StatusRuntimeException: UNAVAILABLE: io exception
2023-11-06 09:27:02,493 [grpc-default-executor-1] WARN  server.GrpcLogAppender (LogUtils.java:warn(122)) - 0eeb79a9-13fd-416c-b2a7-6f654c6b5029@group-3E664A0854E0->d9016e39-0130-4fd9-896a-cac3c2785d02-AppendLogResponseHandler: Failed appendEntries: org.apache.ratis.thirdparty.io.grpc.StatusRuntimeException: UNAVAILABLE: io exception
2023-11-06 09:27:02,494 [grpc-default-executor-5] INFO  leader.FollowerInfo (FollowerInfoImpl.java:lambda$new$0(52)) - 0eeb79a9-13fd-416c-b2a7-6f654c6b5029@group-3E664A0854E0->d9016e39-0130-4fd9-896a-cac3c2785d02: decreaseNextIndex nextIndex: updateUnconditionally 1 -> 0
2023-11-06 09:27:02,499 [grpc-default-executor-1] WARN  server.GrpcLogAppender (LogUtils.java:warn(122)) - 0eeb79a9-13fd-416c-b2a7-6f654c6b5029@group-3E664A0854E0->d9016e39-0130-4fd9-896a-cac3c2785d02-AppendLogResponseHandler: Failed appendEntries: org.apache.ratis.thirdparty.io.grpc.StatusRuntimeException: UNAVAILABLE: io exception
2023-11-06 09:27:02,500 [grpc-default-executor-1] INFO  leader.FollowerInfo (FollowerInfoImpl.java:lambda$new$0(52)) - 0eeb79a9-13fd-416c-b2a7-6f654c6b5029@group-3E664A0854E0->d9016e39-0130-4fd9-896a-cac3c2785d02: decreaseNextIndex nextIndex: updateUnconditionally 1 -> 0
2023-11-06 09:27:02,500 [grpc-default-executor-5] WARN  server.GrpcLogAppender (LogUtils.java:warn(122)) - 0eeb79a9-13fd-416c-b2a7-6f654c6b5029@group-3E664A0854E0->d9016e39-0130-4fd9-896a-cac3c2785d02-AppendLogResponseHandler: Failed appendEntries: org.apache.ratis.thirdparty.io.grpc.StatusRuntimeException: UNAVAILABLE: io exception
2023-11-06 09:27:02,502 [grpc-default-executor-0] WARN  server.GrpcLogAppender (LogUtils.java:warn(122)) - 0eeb79a9-13fd-416c-b2a7-6f654c6b5029@group-3E664A0854E0->d9016e39-0130-4fd9-896a-cac3c2785d02-AppendLogResponseHandler: Failed appendEntries: org.apache.ratis.thirdparty.io.grpc.StatusRuntimeException: UNAVAILABLE: io exception
2023-11-06 09:27:02,503 [grpc-default-executor-0] WARN  server.GrpcLogAppender (LogUtils.java:warn(122)) - 0eeb79a9-13fd-416c-b2a7-6f654c6b5029@group-3E664A0854E0->d9016e39-0130-4fd9-896a-cac3c2785d02-AppendLogResponseHandler: Failed appendEntries: org.apache.ratis.thirdparty.io.grpc.StatusRuntimeException: UNAVAILABLE: io exception
2023-11-06 09:27:02,503 [grpc-default-executor-0] INFO  leader.FollowerInfo (FollowerInfoImpl.java:lambda$new$0(52)) - 0eeb79a9-13fd-416c-b2a7-6f654c6b5029@group-3E664A0854E0->d9016e39-0130-4fd9-896a-cac3c2785d02: decreaseNextIndex nextIndex: updateUnconditionally 1 -> 0
2023-11-06 09:27:02,504 [grpc-default-executor-0] WARN  server.GrpcLogAppender (LogUtils.java:warn(122)) - 0eeb79a9-13fd-416c-b2a7-6f654c6b5029@group-3E664A0854E0->d9016e39-0130-4fd9-896a-cac3c2785d02-AppendLogResponseHandler: Failed appendEntries: org.apache.ratis.thirdparty.io.grpc.StatusRuntimeException: UNAVAILABLE: io exception
2023-11-06 09:27:02,505 [grpc-default-executor-0] WARN  server.GrpcLogAppender (LogUtils.java:warn(122)) - 0eeb79a9-13fd-416c-b2a7-6f654c6b5029@group-3E664A0854E0->d9016e39-0130-4fd9-896a-cac3c2785d02-AppendLogResponseHandler: Failed appendEntries: org.apache.ratis.thirdparty.io.grpc.StatusRuntimeException: UNAVAILABLE: io exception
2023-11-06 09:27:02,526 [0eeb79a9-13fd-416c-b2a7-6f654c6b5029-PipelineCommandHandlerThread-0] INFO  server.RaftServer (RaftServerProxy.java:remove(109)) - 0eeb79a9-13fd-416c-b2a7-6f654c6b5029: remove    LEADER 0eeb79a9-13fd-416c-b2a7-6f654c6b5029@group-3E664A0854E0:t2, leader=0eeb79a9-13fd-416c-b2a7-6f654c6b5029, voted=0eeb79a9-13fd-416c-b2a7-6f654c6b5029, raftlog=Memoized:0eeb79a9-13fd-416c-b2a7-6f654c6b5029@group-3E664A0854E0-SegmentedRaftLog:OPENED:c2, conf=1: peers:[d9016e39-0130-4fd9-896a-cac3c2785d02|rpc:10.1.0.6:15032|admin:10.1.0.6:15031|client:10.1.0.6:15030|dataStream:10.1.0.6:15033|priority:1|startupRole:FOLLOWER, fedf11b8-0957-422e-880a-91cc26979c7a|rpc:10.1.0.6:15014|admin:10.1.0.6:15013|client:10.1.0.6:15012|dataStream:10.1.0.6:15015|priority:0|startupRole:FOLLOWER, 0eeb79a9-13fd-416c-b2a7-6f654c6b5029|rpc:10.1.0.6:15023|admin:10.1.0.6:15022|client:10.1.0.6:15021|dataStream:10.1.0.6:15024|priority:0|startupRole:FOLLOWER]|listeners:[], old=null RUNNING
2023-11-06 09:27:02,528 [0eeb79a9-13fd-416c-b2a7-6f654c6b5029-PipelineCommandHandlerThread-0] INFO  server.RaftServer$Division (RaftServerImpl.java:lambda$close$4(466)) - 0eeb79a9-13fd-416c-b2a7-6f654c6b5029@group-3E664A0854E0: shutdown
2023-11-06 09:27:02,528 [0eeb79a9-13fd-416c-b2a7-6f654c6b5029-PipelineCommandHandlerThread-0] INFO  util.JmxRegister (JmxRegister.java:unregister(73)) - Successfully un-registered JMX Bean with object name Ratis:service=RaftServer,group=group-3E664A0854E0,id=0eeb79a9-13fd-416c-b2a7-6f654c6b5029
2023-11-06 09:27:02,528 [0eeb79a9-13fd-416c-b2a7-6f654c6b5029-PipelineCommandHandlerThread-0] INFO  impl.RoleInfo (RoleInfo.java:shutdownLeaderState(93)) - 0eeb79a9-13fd-416c-b2a7-6f654c6b5029: shutdown 0eeb79a9-13fd-416c-b2a7-6f654c6b5029@group-3E664A0854E0-LeaderStateImpl
2023-11-06 09:27:02,528 [0eeb79a9-13fd-416c-b2a7-6f654c6b5029@group-3E664A0854E0->d9016e39-0130-4fd9-896a-cac3c2785d02-GrpcLogAppender-LogAppenderDaemon] WARN  server.GrpcLogAppender (GrpcLogAppender.java:mayWait(199)) - 0eeb79a9-13fd-416c-b2a7-6f654c6b5029@group-3E664A0854E0->d9016e39-0130-4fd9-896a-cac3c2785d02-GrpcLogAppender: Wait interrupted by java.lang.InterruptedException
2023-11-06 09:27:02,528 [0eeb79a9-13fd-416c-b2a7-6f654c6b5029@group-3E664A0854E0->fedf11b8-0957-422e-880a-91cc26979c7a-GrpcLogAppender-LogAppenderDaemon] WARN  server.GrpcLogAppender (GrpcLogAppender.java:mayWait(199)) - 0eeb79a9-13fd-416c-b2a7-6f654c6b5029@group-3E664A0854E0->fedf11b8-0957-422e-880a-91cc26979c7a-GrpcLogAppender: Wait interrupted by java.lang.InterruptedException
2023-11-06 09:27:02,529 [grpc-default-executor-1] INFO  server.GrpcServerProtocolService (GrpcServerProtocolService.java:onCompleted(155)) - fedf11b8-0957-422e-880a-91cc26979c7a: Completed APPEND_ENTRIES, lastRequest: 0eeb79a9-13fd-416c-b2a7-6f654c6b5029->fedf11b8-0957-422e-880a-91cc26979c7a#2-t2,previous=(t:2, i:1),leaderCommit=1,initializing? true,entries: size=1, first=(t:2, i:2), METADATAENTRY(c:1)
2023-11-06 09:27:02,529 [grpc-default-executor-1] INFO  server.GrpcServerProtocolService (GrpcServerProtocolService.java:lambda$onCompleted$5(157)) - fedf11b8-0957-422e-880a-91cc26979c7a: Completed APPEND_ENTRIES, lastReply: null
2023-11-06 09:27:02,530 [grpc-default-executor-0] INFO  server.GrpcServerProtocolService (GrpcServerProtocolService.java:onCompleted(155)) - fedf11b8-0957-422e-880a-91cc26979c7a: Completed APPEND_ENTRIES, lastRequest: null
2023-11-06 09:27:02,530 [grpc-default-executor-1] INFO  server.GrpcLogAppender (GrpcLogAppender.java:onCompleted(428)) - 0eeb79a9-13fd-416c-b2a7-6f654c6b5029@group-3E664A0854E0->fedf11b8-0957-422e-880a-91cc26979c7a-AppendLogResponseHandler: follower responses appendEntries COMPLETED
2023-11-06 09:27:02,530 [grpc-default-executor-1] INFO  leader.FollowerInfo (FollowerInfoImpl.java:lambda$new$0(52)) - 0eeb79a9-13fd-416c-b2a7-6f654c6b5029@group-3E664A0854E0->fedf11b8-0957-422e-880a-91cc26979c7a: decreaseNextIndex nextIndex: updateUnconditionally 3 -> 2
2023-11-06 09:27:02,530 [0eeb79a9-13fd-416c-b2a7-6f654c6b5029-PipelineCommandHandlerThread-0] INFO  impl.PendingRequests (PendingRequests.java:sendNotLeaderResponses(289)) - 0eeb79a9-13fd-416c-b2a7-6f654c6b5029@group-3E664A0854E0-PendingRequests: sendNotLeaderResponses
2023-11-06 09:27:02,532 [grpc-default-executor-0] INFO  server.GrpcServerProtocolService (GrpcServerProtocolService.java:lambda$onCompleted$5(157)) - fedf11b8-0957-422e-880a-91cc26979c7a: Completed APPEND_ENTRIES, lastReply: serverReply {
  requestorId: "0eeb79a9-13fd-416c-b2a7-6f654c6b5029"
  replyId: "fedf11b8-0957-422e-880a-91cc26979c7a"
  raftGroupId {
    id: "\326\302r\306\017HBj\222=>fJ\bT\340"
  }
  success: true
}
term: 2
nextIndex: 1
matchIndex: 18446744073709551615
isHearbeat: true

2023-11-06 09:27:02,533 [grpc-default-executor-1] INFO  server.GrpcLogAppender (GrpcLogAppender.java:onCompleted(428)) - 0eeb79a9-13fd-416c-b2a7-6f654c6b5029@group-3E664A0854E0->fedf11b8-0957-422e-880a-91cc26979c7a-AppendLogResponseHandler: follower responses appendEntries COMPLETED
2023-11-06 09:27:02,533 [grpc-default-executor-1] INFO  leader.FollowerInfo (FollowerInfoImpl.java:lambda$new$0(52)) - 0eeb79a9-13fd-416c-b2a7-6f654c6b5029@group-3E664A0854E0->fedf11b8-0957-422e-880a-91cc26979c7a: decreaseNextIndex nextIndex: updateUnconditionally 2 -> 1
2023-11-06 09:27:02,538 [0eeb79a9-13fd-416c-b2a7-6f654c6b5029-PipelineCommandHandlerThread-0] INFO  impl.StateMachineUpdater (StateMachineUpdater.java:stopAndJoin(155)) - 0eeb79a9-13fd-416c-b2a7-6f654c6b5029@group-3E664A0854E0-StateMachineUpdater: set stopIndex = 2
2023-11-06 09:27:02,538 [0eeb79a9-13fd-416c-b2a7-6f654c6b5029@group-3E664A0854E0-StateMachineUpdater] INFO  ratis.ContainerStateMachine (ContainerStateMachine.java:takeSnapshot(337)) - group-3E664A0854E0: Taking a snapshot at:(t:2, i:2) file /home/runner/work/ozone/ozone/hadoop-ozone/integration-test/target/test-dir/MiniOzoneClusterImpl-938474ea-96d6-4bd3-a45f-678920fb0bb2/datanode-1/data/ratis/d6c272c6-0f48-426a-923d-3e664a0854e0/sm/snapshot.2_2
2023-11-06 09:27:02,539 [0eeb79a9-13fd-416c-b2a7-6f654c6b5029@group-3E664A0854E0-StateMachineUpdater] INFO  ratis.ContainerStateMachine (ContainerStateMachine.java:takeSnapshot(348)) - group-3E664A0854E0: Finished taking a snapshot at:(t:2, i:2) file:/home/runner/work/ozone/ozone/hadoop-ozone/integration-test/target/test-dir/MiniOzoneClusterImpl-938474ea-96d6-4bd3-a45f-678920fb0bb2/datanode-1/data/ratis/d6c272c6-0f48-426a-923d-3e664a0854e0/sm/snapshot.2_2 took: 1 ms
2023-11-06 09:27:02,539 [0eeb79a9-13fd-416c-b2a7-6f654c6b5029@group-3E664A0854E0-StateMachineUpdater] INFO  impl.StateMachineUpdater (StateMachineUpdater.java:takeSnapshot(291)) - 0eeb79a9-13fd-416c-b2a7-6f654c6b5029@group-3E664A0854E0-StateMachineUpdater: Took a snapshot at index 2
2023-11-06 09:27:02,539 [0eeb79a9-13fd-416c-b2a7-6f654c6b5029@group-3E664A0854E0-StateMachineUpdater] INFO  impl.StateMachineUpdater (StateMachineUpdater.java:lambda$new$0(97)) - 0eeb79a9-13fd-416c-b2a7-6f654c6b5029@group-3E664A0854E0-StateMachineUpdater: snapshotIndex: updateIncreasingly -1 -> 2
2023-11-06 09:27:02,540 [0eeb79a9-13fd-416c-b2a7-6f654c6b5029-PipelineCommandHandlerThread-0] INFO  server.RaftServer$Division (ServerState.java:close(472)) - 0eeb79a9-13fd-416c-b2a7-6f654c6b5029@group-3E664A0854E0: closes. applyIndex: 2
2023-11-06 09:27:03,373 [fedf11b8-0957-422e-880a-91cc26979c7a-PipelineCommandHandlerThread-0] INFO  server.RaftServer (RaftServerProxy.java:remove(109)) - fedf11b8-0957-422e-880a-91cc26979c7a: remove  FOLLOWER fedf11b8-0957-422e-880a-91cc26979c7a@group-3E664A0854E0:t2, leader=0eeb79a9-13fd-416c-b2a7-6f654c6b5029, voted=0eeb79a9-13fd-416c-b2a7-6f654c6b5029, raftlog=Memoized:fedf11b8-0957-422e-880a-91cc26979c7a@group-3E664A0854E0-SegmentedRaftLog:OPENED:c1, conf=1: peers:[d9016e39-0130-4fd9-896a-cac3c2785d02|rpc:10.1.0.6:15032|admin:10.1.0.6:15031|client:10.1.0.6:15030|dataStream:10.1.0.6:15033|priority:1|startupRole:FOLLOWER, fedf11b8-0957-422e-880a-91cc26979c7a|rpc:10.1.0.6:15014|admin:10.1.0.6:15013|client:10.1.0.6:15012|dataStream:10.1.0.6:15015|priority:0|startupRole:FOLLOWER, 0eeb79a9-13fd-416c-b2a7-6f654c6b5029|rpc:10.1.0.6:15023|admin:10.1.0.6:15022|client:10.1.0.6:15021|dataStream:10.1.0.6:15024|priority:0|startupRole:FOLLOWER]|listeners:[], old=null RUNNING
2023-11-06 09:27:03,373 [fedf11b8-0957-422e-880a-91cc26979c7a-PipelineCommandHandlerThread-0] INFO  server.RaftServer$Division (RaftServerImpl.java:lambda$close$4(466)) - fedf11b8-0957-422e-880a-91cc26979c7a@group-3E664A0854E0: shutdown
2023-11-06 09:27:03,373 [fedf11b8-0957-422e-880a-91cc26979c7a-PipelineCommandHandlerThread-0] INFO  util.JmxRegister (JmxRegister.java:unregister(73)) - Successfully un-registered JMX Bean with object name Ratis:service=RaftServer,group=group-3E664A0854E0,id=fedf11b8-0957-422e-880a-91cc26979c7a
2023-11-06 09:27:03,373 [fedf11b8-0957-422e-880a-91cc26979c7a-PipelineCommandHandlerThread-0] INFO  impl.RoleInfo (RoleInfo.java:shutdownFollowerState(110)) - fedf11b8-0957-422e-880a-91cc26979c7a: shutdown fedf11b8-0957-422e-880a-91cc26979c7a@group-3E664A0854E0-FollowerState
2023-11-06 09:27:03,373 [fedf11b8-0957-422e-880a-91cc26979c7a-PipelineCommandHandlerThread-0] INFO  impl.StateMachineUpdater (StateMachineUpdater.java:stopAndJoin(155)) - fedf11b8-0957-422e-880a-91cc26979c7a@group-3E664A0854E0-StateMachineUpdater: set stopIndex = 1
2023-11-06 09:27:03,373 [fedf11b8-0957-422e-880a-91cc26979c7a@group-3E664A0854E0-FollowerState] INFO  impl.FollowerState (FollowerState.java:run(152)) - fedf11b8-0957-422e-880a-91cc26979c7a@group-3E664A0854E0-FollowerState was interrupted
2023-11-06 09:27:03,374 [fedf11b8-0957-422e-880a-91cc26979c7a@group-3E664A0854E0-StateMachineUpdater] INFO  ratis.ContainerStateMachine (ContainerStateMachine.java:takeSnapshot(337)) - group-3E664A0854E0: Taking a snapshot at:(t:2, i:1) file /home/runner/work/ozone/ozone/hadoop-ozone/integration-test/target/test-dir/MiniOzoneClusterImpl-938474ea-96d6-4bd3-a45f-678920fb0bb2/datanode-0/data/ratis/d6c272c6-0f48-426a-923d-3e664a0854e0/sm/snapshot.2_1
2023-11-06 09:27:03,376 [fedf11b8-0957-422e-880a-91cc26979c7a@group-3E664A0854E0-StateMachineUpdater] INFO  ratis.ContainerStateMachine (ContainerStateMachine.java:takeSnapshot(348)) - group-3E664A0854E0: Finished taking a snapshot at:(t:2, i:1) file:/home/runner/work/ozone/ozone/hadoop-ozone/integration-test/target/test-dir/MiniOzoneClusterImpl-938474ea-96d6-4bd3-a45f-678920fb0bb2/datanode-0/data/ratis/d6c272c6-0f48-426a-923d-3e664a0854e0/sm/snapshot.2_1 took: 3 ms
2023-11-06 09:27:03,376 [fedf11b8-0957-422e-880a-91cc26979c7a@group-3E664A0854E0-StateMachineUpdater] INFO  impl.StateMachineUpdater (StateMachineUpdater.java:takeSnapshot(291)) - fedf11b8-0957-422e-880a-91cc26979c7a@group-3E664A0854E0-StateMachineUpdater: Took a snapshot at index 1
2023-11-06 09:27:03,376 [fedf11b8-0957-422e-880a-91cc26979c7a@group-3E664A0854E0-StateMachineUpdater] INFO  impl.StateMachineUpdater (StateMachineUpdater.java:lambda$new$0(97)) - fedf11b8-0957-422e-880a-91cc26979c7a@group-3E664A0854E0-StateMachineUpdater: snapshotIndex: updateIncreasingly -1 -> 1
2023-11-06 09:27:03,377 [fedf11b8-0957-422e-880a-91cc26979c7a-PipelineCommandHandlerThread-0] INFO  server.RaftServer$Division (ServerState.java:close(472)) - fedf11b8-0957-422e-880a-91cc26979c7a@group-3E664A0854E0: closes. applyIndex: 1
2023-11-06 09:27:03,496 [0eeb79a9-13fd-416c-b2a7-6f654c6b5029-PipelineCommandHandlerThread-0] INFO  segmented.SegmentedRaftLogWorker (SegmentedRaftLogWorker.java:close(252)) - 0eeb79a9-13fd-416c-b2a7-6f654c6b5029@group-3E664A0854E0-SegmentedRaftLogWorker close()
2023-11-06 09:27:03,499 [fedf11b8-0957-422e-880a-91cc26979c7a-PipelineCommandHandlerThread-0] INFO  segmented.SegmentedRaftLogWorker (SegmentedRaftLogWorker.java:close(252)) - fedf11b8-0957-422e-880a-91cc26979c7a@group-3E664A0854E0-SegmentedRaftLogWorker close()
2023-11-06 09:27:03,506 [fedf11b8-0957-422e-880a-91cc26979c7a-PipelineCommandHandlerThread-0] INFO  server.RaftServer$Division (RaftServerImpl.java:groupRemove(436)) - fedf11b8-0957-422e-880a-91cc26979c7a@group-3E664A0854E0: Succeed to remove RaftStorageDirectory Storage Directory /home/runner/work/ozone/ozone/hadoop-ozone/integration-test/target/test-dir/MiniOzoneClusterImpl-938474ea-96d6-4bd3-a45f-678920fb0bb2/datanode-0/data/ratis/d6c272c6-0f48-426a-923d-3e664a0854e0
2023-11-06 09:27:03,506 [0eeb79a9-13fd-416c-b2a7-6f654c6b5029-PipelineCommandHandlerThread-0] INFO  server.RaftServer$Division (RaftServerImpl.java:groupRemove(436)) - 0eeb79a9-13fd-416c-b2a7-6f654c6b5029@group-3E664A0854E0: Succeed to remove RaftStorageDirectory Storage Directory /home/runner/work/ozone/ozone/hadoop-ozone/integration-test/target/test-dir/MiniOzoneClusterImpl-938474ea-96d6-4bd3-a45f-678920fb0bb2/datanode-1/data/ratis/d6c272c6-0f48-426a-923d-3e664a0854e0
2023-11-06 09:27:03,506 [0eeb79a9-13fd-416c-b2a7-6f654c6b5029-PipelineCommandHandlerThread-0] INFO  commandhandler.ClosePipelineCommandHandler (ClosePipelineCommandHandler.java:lambda$handle$0(87)) - Close Pipeline PipelineID=d6c272c6-0f48-426a-923d-3e664a0854e0 command on datanode 0eeb79a9-13fd-416c-b2a7-6f654c6b5029.
2023-11-06 09:27:03,507 [0eeb79a9-13fd-416c-b2a7-6f654c6b5029-PipelineCommandHandlerThread-0] INFO  server.RaftServer (RaftServerProxy.java:remove(109)) - 0eeb79a9-13fd-416c-b2a7-6f654c6b5029: remove    LEADER 0eeb79a9-13fd-416c-b2a7-6f654c6b5029@group-0DB81D4FE909:t1, leader=0eeb79a9-13fd-416c-b2a7-6f654c6b5029, voted=0eeb79a9-13fd-416c-b2a7-6f654c6b5029, raftlog=Memoized:0eeb79a9-13fd-416c-b2a7-6f654c6b5029@group-0DB81D4FE909-SegmentedRaftLog:OPENED:c0, conf=0: peers:[d9016e39-0130-4fd9-896a-cac3c2785d02|rpc:10.1.0.6:15032|admin:10.1.0.6:15031|client:10.1.0.6:15030|dataStream:10.1.0.6:15033|priority:0|startupRole:FOLLOWER, fedf11b8-0957-422e-880a-91cc26979c7a|rpc:10.1.0.6:15014|admin:10.1.0.6:15013|client:10.1.0.6:15012|dataStream:10.1.0.6:15015|priority:0|startupRole:FOLLOWER, 0eeb79a9-13fd-416c-b2a7-6f654c6b5029|rpc:10.1.0.6:15023|admin:10.1.0.6:15022|client:10.1.0.6:15021|dataStream:10.1.0.6:15024|priority:1|startupRole:FOLLOWER]|listeners:[], old=null RUNNING
2023-11-06 09:27:03,507 [0eeb79a9-13fd-416c-b2a7-6f654c6b5029-PipelineCommandHandlerThread-0] INFO  server.RaftServer$Division (RaftServerImpl.java:lambda$close$4(466)) - 0eeb79a9-13fd-416c-b2a7-6f654c6b5029@group-0DB81D4FE909: shutdown
2023-11-06 09:27:03,507 [0eeb79a9-13fd-416c-b2a7-6f654c6b5029-PipelineCommandHandlerThread-0] INFO  util.JmxRegister (JmxRegister.java:unregister(73)) - Successfully un-registered JMX Bean with object name Ratis:service=RaftServer,group=group-0DB81D4FE909,id=0eeb79a9-13fd-416c-b2a7-6f654c6b5029
2023-11-06 09:27:03,507 [0eeb79a9-13fd-416c-b2a7-6f654c6b5029-PipelineCommandHandlerThread-0] INFO  impl.RoleInfo (RoleInfo.java:shutdownLeaderState(93)) - 0eeb79a9-13fd-416c-b2a7-6f654c6b5029: shutdown 0eeb79a9-13fd-416c-b2a7-6f654c6b5029@group-0DB81D4FE909-LeaderStateImpl
2023-11-06 09:27:03,507 [0eeb79a9-13fd-416c-b2a7-6f654c6b5029@group-0DB81D4FE909->d9016e39-0130-4fd9-896a-cac3c2785d02-GrpcLogAppender-LogAppenderDaemon] WARN  server.GrpcLogAppender (GrpcLogAppender.java:mayWait(199)) - 0eeb79a9-13fd-416c-b2a7-6f654c6b5029@group-0DB81D4FE909->d9016e39-0130-4fd9-896a-cac3c2785d02-GrpcLogAppender: Wait interrupted by java.lang.InterruptedException
2023-11-06 09:27:03,507 [0eeb79a9-13fd-416c-b2a7-6f654c6b5029@group-0DB81D4FE909->fedf11b8-0957-422e-880a-91cc26979c7a-GrpcLogAppender-LogAppenderDaemon] WARN  server.GrpcLogAppender (GrpcLogAppender.java:mayWait(199)) - 0eeb79a9-13fd-416c-b2a7-6f654c6b5029@group-0DB81D4FE909->fedf11b8-0957-422e-880a-91cc26979c7a-GrpcLogAppender: Wait interrupted by java.lang.InterruptedException
2023-11-06 09:27:03,508 [grpc-default-executor-0] INFO  server.GrpcServerProtocolService (GrpcServerProtocolService.java:onCompleted(155)) - fedf11b8-0957-422e-880a-91cc26979c7a: Completed APPEND_ENTRIES, lastRequest: null
2023-11-06 09:27:03,508 [grpc-default-executor-0] INFO  server.GrpcServerProtocolService (GrpcServerProtocolService.java:lambda$onCompleted$5(157)) - fedf11b8-0957-422e-880a-91cc26979c7a: Completed APPEND_ENTRIES, lastReply: serverReply {
  requestorId: "0eeb79a9-13fd-416c-b2a7-6f654c6b5029"
  replyId: "fedf11b8-0957-422e-880a-91cc26979c7a"
  raftGroupId {
    id: "\025\371\333\016OlC\200\271M\r\270\035O\351\t"
  }
  callId: 7
  success: true
}
term: 1
nextIndex: 1
matchIndex: 18446744073709551615
isHearbeat: true

2023-11-06 09:27:03,509 [grpc-default-executor-0] INFO  server.GrpcServerProtocolService (GrpcServerProtocolService.java:onCompleted(155)) - fedf11b8-0957-422e-880a-91cc26979c7a: Completed APPEND_ENTRIES, lastRequest: 0eeb79a9-13fd-416c-b2a7-6f654c6b5029->fedf11b8-0957-422e-880a-91cc26979c7a#1-t1,previous=(t:0, i:0),leaderCommit=-1,initializing? true,entries: size=1, first=(t:1, i:0), CONFIGURATIONENTRY(current:id: "d9016e39-0130-4fd9-896a-cac3c2785d02"
address: "10.1.0.6:15032"
dataStreamAddress: "10.1.0.6:15033"
clientAddress: "10.1.0.6:15030"
adminAddress: "10.1.0.6:15031"
startupRole: FOLLOWER
,id: "fedf11b8-0957-422e-880a-91cc26979c7a"
address: "10.1.0.6:15014"
dataStreamAddress: "10.1.0.6:15015"
clientAddress: "10.1.0.6:15012"
adminAddress: "10.1.0.6:15013"
startupRole: FOLLOWER
,id: "0eeb79a9-13fd-416c-b2a7-6f654c6b5029"
address: "10.1.0.6:15023"
priority: 1
dataStreamAddress: "10.1.0.6:15024"
clientAddress: "10.1.0.6:15021"
adminAddress: "10.1.0.6:15022"
startupRole: FOLLOWER
, old:)
2023-11-06 09:27:03,510 [grpc-default-executor-0] INFO  server.GrpcServerProtocolService (GrpcServerProtocolService.java:lambda$onCompleted$5(157)) - fedf11b8-0957-422e-880a-91cc26979c7a: Completed APPEND_ENTRIES, lastReply: null
2023-11-06 09:27:03,507 [0eeb79a9-13fd-416c-b2a7-6f654c6b5029-PipelineCommandHandlerThread-0] INFO  impl.PendingRequests (PendingRequests.java:sendNotLeaderResponses(289)) - 0eeb79a9-13fd-416c-b2a7-6f654c6b5029@group-0DB81D4FE909-PendingRequests: sendNotLeaderResponses
2023-11-06 09:27:03,511 [0eeb79a9-13fd-416c-b2a7-6f654c6b5029-PipelineCommandHandlerThread-0] INFO  impl.StateMachineUpdater (StateMachineUpdater.java:stopAndJoin(155)) - 0eeb79a9-13fd-416c-b2a7-6f654c6b5029@group-0DB81D4FE909-StateMachineUpdater: set stopIndex = 0
2023-11-06 09:27:03,511 [0eeb79a9-13fd-416c-b2a7-6f654c6b5029@group-0DB81D4FE909-StateMachineUpdater] INFO  ratis.ContainerStateMachine (ContainerStateMachine.java:takeSnapshot(337)) - group-0DB81D4FE909: Taking a snapshot at:(t:1, i:0) file /home/runner/work/ozone/ozone/hadoop-ozone/integration-test/target/test-dir/MiniOzoneClusterImpl-938474ea-96d6-4bd3-a45f-678920fb0bb2/datanode-1/data/ratis/15f9db0e-4f6c-4380-b94d-0db81d4fe909/sm/snapshot.1_0
2023-11-06 09:27:03,509 [fedf11b8-0957-422e-880a-91cc26979c7a-PipelineCommandHandlerThread-0] INFO  commandhandler.ClosePipelineCommandHandler (ClosePipelineCommandHandler.java:lambda$handle$0(87)) - Close Pipeline PipelineID=d6c272c6-0f48-426a-923d-3e664a0854e0 command on datanode fedf11b8-0957-422e-880a-91cc26979c7a.
2023-11-06 09:27:03,510 [grpc-default-executor-1] INFO  server.GrpcLogAppender (GrpcLogAppender.java:onCompleted(428)) - 0eeb79a9-13fd-416c-b2a7-6f654c6b5029@group-0DB81D4FE909->fedf11b8-0957-422e-880a-91cc26979c7a-AppendLogResponseHandler: follower responses appendEntries COMPLETED
2023-11-06 09:27:03,512 [fedf11b8-0957-422e-880a-91cc26979c7a-PipelineCommandHandlerThread-0] INFO  server.RaftServer (RaftServerProxy.java:remove(109)) - fedf11b8-0957-422e-880a-91cc26979c7a: remove  FOLLOWER fedf11b8-0957-422e-880a-91cc26979c7a@group-0DB81D4FE909:t1, leader=0eeb79a9-13fd-416c-b2a7-6f654c6b5029, voted=0eeb79a9-13fd-416c-b2a7-6f654c6b5029, raftlog=Memoized:fedf11b8-0957-422e-880a-91cc26979c7a@group-0DB81D4FE909-SegmentedRaftLog:OPENED:c0, conf=0: peers:[d9016e39-0130-4fd9-896a-cac3c2785d02|rpc:10.1.0.6:15032|admin:10.1.0.6:15031|client:10.1.0.6:15030|dataStream:10.1.0.6:15033|priority:0|startupRole:FOLLOWER, fedf11b8-0957-422e-880a-91cc26979c7a|rpc:10.1.0.6:15014|admin:10.1.0.6:15013|client:10.1.0.6:15012|dataStream:10.1.0.6:15015|priority:0|startupRole:FOLLOWER, 0eeb79a9-13fd-416c-b2a7-6f654c6b5029|rpc:10.1.0.6:15023|admin:10.1.0.6:15022|client:10.1.0.6:15021|dataStream:10.1.0.6:15024|priority:1|startupRole:FOLLOWER]|listeners:[], old=null RUNNING
2023-11-06 09:27:03,512 [grpc-default-executor-1] INFO  leader.FollowerInfo (FollowerInfoImpl.java:lambda$new$0(52)) - 0eeb79a9-13fd-416c-b2a7-6f654c6b5029@group-0DB81D4FE909->fedf11b8-0957-422e-880a-91cc26979c7a: decreaseNextIndex nextIndex: updateUnconditionally 1 -> 0
2023-11-06 09:27:03,511 [grpc-default-executor-5] INFO  server.GrpcLogAppender (GrpcLogAppender.java:onCompleted(428)) - 0eeb79a9-13fd-416c-b2a7-6f654c6b5029@group-0DB81D4FE909->fedf11b8-0957-422e-880a-91cc26979c7a-AppendLogResponseHandler: follower responses appendEntries COMPLETED
2023-11-06 09:27:03,512 [fedf11b8-0957-422e-880a-91cc26979c7a-PipelineCommandHandlerThread-0] INFO  server.RaftServer$Division (RaftServerImpl.java:lambda$close$4(466)) - fedf11b8-0957-422e-880a-91cc26979c7a@group-0DB81D4FE909: shutdown
2023-11-06 09:27:03,512 [0eeb79a9-13fd-416c-b2a7-6f654c6b5029@group-0DB81D4FE909-StateMachineUpdater] INFO  ratis.ContainerStateMachine (ContainerStateMachine.java:takeSnapshot(348)) - group-0DB81D4FE909: Finished taking a snapshot at:(t:1, i:0) file:/home/runner/work/ozone/ozone/hadoop-ozone/integration-test/target/test-dir/MiniOzoneClusterImpl-938474ea-96d6-4bd3-a45f-678920fb0bb2/datanode-1/data/ratis/15f9db0e-4f6c-4380-b94d-0db81d4fe909/sm/snapshot.1_0 took: 1 ms
2023-11-06 09:27:03,513 [fedf11b8-0957-422e-880a-91cc26979c7a-PipelineCommandHandlerThread-0] INFO  util.JmxRegister (JmxRegister.java:unregister(73)) - Successfully un-registered JMX Bean with object name Ratis:service=RaftServer,group=group-0DB81D4FE909,id=fedf11b8-0957-422e-880a-91cc26979c7a
2023-11-06 09:27:03,513 [fedf11b8-0957-422e-880a-91cc26979c7a-PipelineCommandHandlerThread-0] INFO  impl.RoleInfo (RoleInfo.java:shutdownFollowerState(110)) - fedf11b8-0957-422e-880a-91cc26979c7a: shutdown fedf11b8-0957-422e-880a-91cc26979c7a@group-0DB81D4FE909-FollowerState
2023-11-06 09:27:03,513 [fedf11b8-0957-422e-880a-91cc26979c7a-PipelineCommandHandlerThread-0] INFO  impl.StateMachineUpdater (StateMachineUpdater.java:stopAndJoin(155)) - fedf11b8-0957-422e-880a-91cc26979c7a@group-0DB81D4FE909-StateMachineUpdater: set stopIndex = 0
2023-11-06 09:27:03,513 [fedf11b8-0957-422e-880a-91cc26979c7a@group-0DB81D4FE909-StateMachineUpdater] INFO  ratis.ContainerStateMachine (ContainerStateMachine.java:takeSnapshot(337)) - group-0DB81D4FE909: Taking a snapshot at:(t:1, i:0) file /home/runner/work/ozone/ozone/hadoop-ozone/integration-test/target/test-dir/MiniOzoneClusterImpl-938474ea-96d6-4bd3-a45f-678920fb0bb2/datanode-0/data/ratis/15f9db0e-4f6c-4380-b94d-0db81d4fe909/sm/snapshot.1_0
2023-11-06 09:27:03,513 [fedf11b8-0957-422e-880a-91cc26979c7a@group-0DB81D4FE909-FollowerState] INFO  impl.FollowerState (FollowerState.java:run(152)) - fedf11b8-0957-422e-880a-91cc26979c7a@group-0DB81D4FE909-FollowerState was interrupted
2023-11-06 09:27:03,514 [0eeb79a9-13fd-416c-b2a7-6f654c6b5029@group-0DB81D4FE909-StateMachineUpdater] INFO  impl.StateMachineUpdater (StateMachineUpdater.java:takeSnapshot(291)) - 0eeb79a9-13fd-416c-b2a7-6f654c6b5029@group-0DB81D4FE909-StateMachineUpdater: Took a snapshot at index 0
2023-11-06 09:27:03,514 [0eeb79a9-13fd-416c-b2a7-6f654c6b5029@group-0DB81D4FE909-StateMachineUpdater] INFO  impl.StateMachineUpdater (StateMachineUpdater.java:lambda$new$0(97)) - 0eeb79a9-13fd-416c-b2a7-6f654c6b5029@group-0DB81D4FE909-StateMachineUpdater: snapshotIndex: updateIncreasingly -1 -> 0
2023-11-06 09:27:03,514 [fedf11b8-0957-422e-880a-91cc26979c7a@group-0DB81D4FE909-StateMachineUpdater] INFO  ratis.ContainerStateMachine (ContainerStateMachine.java:takeSnapshot(348)) - group-0DB81D4FE909: Finished taking a snapshot at:(t:1, i:0) file:/home/runner/work/ozone/ozone/hadoop-ozone/integration-test/target/test-dir/MiniOzoneClusterImpl-938474ea-96d6-4bd3-a45f-678920fb0bb2/datanode-0/data/ratis/15f9db0e-4f6c-4380-b94d-0db81d4fe909/sm/snapshot.1_0 took: 1 ms
2023-11-06 09:27:03,515 [0eeb79a9-13fd-416c-b2a7-6f654c6b5029-PipelineCommandHandlerThread-0] INFO  server.RaftServer$Division (ServerState.java:close(472)) - 0eeb79a9-13fd-416c-b2a7-6f654c6b5029@group-0DB81D4FE909: closes. applyIndex: 0
2023-11-06 09:27:03,515 [fedf11b8-0957-422e-880a-91cc26979c7a@group-0DB81D4FE909-StateMachineUpdater] INFO  impl.StateMachineUpdater (StateMachineUpdater.java:takeSnapshot(291)) - fedf11b8-0957-422e-880a-91cc26979c7a@group-0DB81D4FE909-StateMachineUpdater: Took a snapshot at index 0
2023-11-06 09:27:03,516 [fedf11b8-0957-422e-880a-91cc26979c7a@group-0DB81D4FE909-StateMachineUpdater] INFO  impl.StateMachineUpdater (StateMachineUpdater.java:lambda$new$0(97)) - fedf11b8-0957-422e-880a-91cc26979c7a@group-0DB81D4FE909-StateMachineUpdater: snapshotIndex: updateIncreasingly -1 -> 0
2023-11-06 09:27:03,516 [fedf11b8-0957-422e-880a-91cc26979c7a-PipelineCommandHandlerThread-0] INFO  server.RaftServer$Division (ServerState.java:close(472)) - fedf11b8-0957-422e-880a-91cc26979c7a@group-0DB81D4FE909: closes. applyIndex: 0
2023-11-06 09:27:03,540 [0eeb79a9-13fd-416c-b2a7-6f654c6b5029-PipelineCommandHandlerThread-0] INFO  segmented.SegmentedRaftLogWorker (SegmentedRaftLogWorker.java:close(252)) - 0eeb79a9-13fd-416c-b2a7-6f654c6b5029@group-0DB81D4FE909-SegmentedRaftLogWorker close()
2023-11-06 09:27:03,543 [0eeb79a9-13fd-416c-b2a7-6f654c6b5029-PipelineCommandHandlerThread-0] INFO  server.RaftServer$Division (RaftServerImpl.java:groupRemove(436)) - 0eeb79a9-13fd-416c-b2a7-6f654c6b5029@group-0DB81D4FE909: Succeed to remove RaftStorageDirectory Storage Directory /home/runner/work/ozone/ozone/hadoop-ozone/integration-test/target/test-dir/MiniOzoneClusterImpl-938474ea-96d6-4bd3-a45f-678920fb0bb2/datanode-1/data/ratis/15f9db0e-4f6c-4380-b94d-0db81d4fe909
2023-11-06 09:27:03,543 [0eeb79a9-13fd-416c-b2a7-6f654c6b5029-PipelineCommandHandlerThread-0] INFO  commandhandler.ClosePipelineCommandHandler (ClosePipelineCommandHandler.java:lambda$handle$0(87)) - Close Pipeline PipelineID=15f9db0e-4f6c-4380-b94d-0db81d4fe909 command on datanode 0eeb79a9-13fd-416c-b2a7-6f654c6b5029.
2023-11-06 09:27:03,566 [fedf11b8-0957-422e-880a-91cc26979c7a-PipelineCommandHandlerThread-0] INFO  segmented.SegmentedRaftLogWorker (SegmentedRaftLogWorker.java:close(252)) - fedf11b8-0957-422e-880a-91cc26979c7a@group-0DB81D4FE909-SegmentedRaftLogWorker close()
2023-11-06 09:27:03,569 [fedf11b8-0957-422e-880a-91cc26979c7a-PipelineCommandHandlerThread-0] INFO  server.RaftServer$Division (RaftServerImpl.java:groupRemove(436)) - fedf11b8-0957-422e-880a-91cc26979c7a@group-0DB81D4FE909: Succeed to remove RaftStorageDirectory Storage Directory /home/runner/work/ozone/ozone/hadoop-ozone/integration-test/target/test-dir/MiniOzoneClusterImpl-938474ea-96d6-4bd3-a45f-678920fb0bb2/datanode-0/data/ratis/15f9db0e-4f6c-4380-b94d-0db81d4fe909
2023-11-06 09:27:03,569 [fedf11b8-0957-422e-880a-91cc26979c7a-PipelineCommandHandlerThread-0] INFO  commandhandler.ClosePipelineCommandHandler (ClosePipelineCommandHandler.java:lambda$handle$0(87)) - Close Pipeline PipelineID=15f9db0e-4f6c-4380-b94d-0db81d4fe909 command on datanode fedf11b8-0957-422e-880a-91cc26979c7a.
2023-11-06 09:27:11,026 [UnderReplicatedProcessor] INFO  algorithms.SCMContainerPlacementRackScatter (SCMContainerPlacementRackScatter.java:chooseDatanodesInternal(370)) - Chosen nodes: [5f7d9b36-4620-4ba9-8a78-929bd6ddd1f9(fv-az241-347.2tfxs3cvuluejhi1wdm4o5ef4c.bx.internal.cloudapp.net/10.1.0.6)]. isPolicySatisfied: true.
2023-11-06 09:27:11,030 [UnderReplicatedProcessor] INFO  replication.ReplicationManager (ReplicationManager.java:sendDatanodeCommand(674)) - Sending command [reconstructECContainersCommand: containerID: 1, replicationConfig: EC{rs-3-2-1024k}, sources: [4cee0e49-9f18-41f8-8e67-157ccbc15955(fv-az241-347.2tfxs3cvuluejhi1wdm4o5ef4c.bx.internal.cloudapp.net/10.1.0.6) replicaIndex: 2, b7b1b697-3f82-4acb-89c8-f9bc2eccfa5a(fv-az241-347.2tfxs3cvuluejhi1wdm4o5ef4c.bx.internal.cloudapp.net/10.1.0.6) replicaIndex: 3, 92ba0aed-1dcc-4895-b5bb-fc45f440be2e(fv-az241-347.2tfxs3cvuluejhi1wdm4o5ef4c.bx.internal.cloudapp.net/10.1.0.6) replicaIndex: 4, 0e92623e-4dcf-4eff-ae25-f8b8c2de319b(fv-az241-347.2tfxs3cvuluejhi1wdm4o5ef4c.bx.internal.cloudapp.net/10.1.0.6) replicaIndex: 5], targets: [5f7d9b36-4620-4ba9-8a78-929bd6ddd1f9(fv-az241-347.2tfxs3cvuluejhi1wdm4o5ef4c.bx.internal.cloudapp.net/10.1.0.6)], missingIndexes: [1]] for container ContainerInfo{id=#1, state=CLOSED, stateEnterTime=2023-11-06T09:27:00.855Z, pipelineID=PipelineID=eeacec12-a8fc-4b02-b8b5-af221b05ce3a, owner=omServiceIdDefault} to 5f7d9b36-4620-4ba9-8a78-929bd6ddd1f9(fv-az241-347.2tfxs3cvuluejhi1wdm4o5ef4c.bx.internal.cloudapp.net/10.1.0.6) with datanode deadline 1699263401030 and scm deadline 1699263431030
2023-11-06 09:27:11,034 [UnderReplicatedProcessor] INFO  replication.UnhealthyReplicationProcessor (UnhealthyReplicationProcessor.java:processAll(138)) - Processed 1 containers with health state counts {UNDER_REPLICATED=1}, failed processing 0, deferred due to load 0
2023-11-06 09:27:11,034 [ReplicationMonitor] INFO  replication.ReplicationManager (ReplicationManager.java:processAll(394)) - Replication Monitor Thread took 6 milliseconds for processing 1 containers.
2023-11-06 09:27:13,388 [nullContainerReplicationThread-0] INFO  reconstruction.ECReconstructionCoordinatorTask (ECReconstructionCoordinatorTask.java:runTask(65)) - IN_PROGRESS reconstructECContainersCommand: containerID=1, replication=rs-3-2-1024k, missingIndexes=[1], sources={2=4cee0e49-9f18-41f8-8e67-157ccbc15955(fv-az241-347.2tfxs3cvuluejhi1wdm4o5ef4c.bx.internal.cloudapp.net/10.1.0.6), 3=b7b1b697-3f82-4acb-89c8-f9bc2eccfa5a(fv-az241-347.2tfxs3cvuluejhi1wdm4o5ef4c.bx.internal.cloudapp.net/10.1.0.6), 4=92ba0aed-1dcc-4895-b5bb-fc45f440be2e(fv-az241-347.2tfxs3cvuluejhi1wdm4o5ef4c.bx.internal.cloudapp.net/10.1.0.6), 5=0e92623e-4dcf-4eff-ae25-f8b8c2de319b(fv-az241-347.2tfxs3cvuluejhi1wdm4o5ef4c.bx.internal.cloudapp.net/10.1.0.6)}, targets={1=5f7d9b36-4620-4ba9-8a78-929bd6ddd1f9(fv-az241-347.2tfxs3cvuluejhi1wdm4o5ef4c.bx.internal.cloudapp.net/10.1.0.6)}
2023-11-06 09:27:13,592 [nullContainerReplicationThread-0] INFO  reconstruction.ECReconstructionCoordinator (ECReconstructionCoordinator.java:logBlockGroupDetails(348)) - Block group details for conID: 1 locID: 111677748019200001 bcsId: 0. Replication Config EC{rs-3-2-1024k}. Calculated safe length: 3145728. 
2023-11-06 09:27:13,593 [nullContainerReplicationThread-0] INFO  reconstruction.ECReconstructionCoordinator (ECReconstructionCoordinator.java:logBlockGroupDetails(379)) - Block Data for: conID: 1 locID: 111677748019200001 bcsId: 0 replica Index: 2 block length: 1048576 block group length: 3145728 chunk list: 
  chunkNum: 1 length: 1048576 offset: 0
2023-11-06 09:27:13,593 [nullContainerReplicationThread-0] INFO  reconstruction.ECReconstructionCoordinator (ECReconstructionCoordinator.java:logBlockGroupDetails(379)) - Block Data for: conID: 1 locID: 111677748019200001 bcsId: 0 replica Index: 3 block length: 1048576 block group length: 3145728 chunk list: 
  chunkNum: 1 length: 1048576 offset: 0
2023-11-06 09:27:13,593 [nullContainerReplicationThread-0] INFO  reconstruction.ECReconstructionCoordinator (ECReconstructionCoordinator.java:logBlockGroupDetails(379)) - Block Data for: conID: 1 locID: 111677748019200001 bcsId: 0 replica Index: 4 block length: 1048576 block group length: 3145728 chunk list: 
  chunkNum: 1 length: 1048576 offset: 0
2023-11-06 09:27:13,593 [nullContainerReplicationThread-0] INFO  reconstruction.ECReconstructionCoordinator (ECReconstructionCoordinator.java:logBlockGroupDetails(379)) - Block Data for: conID: 1 locID: 111677748019200001 bcsId: 0 replica Index: 5 block length: 1048576 block group length: 3145728 chunk list: 
  chunkNum: 1 length: 1048576 offset: 0
2023-11-06 09:27:13,634 [5f7d9b36-4620-4ba9-8a78-929bd6ddd1f9-ChunkReader-4] INFO  keyvalue.KeyValueContainer (KeyValueContainer.java:flushAndSyncDB(522)) - Container 1 is synced with bcsId 0.
2023-11-06 09:27:13,635 [5f7d9b36-4620-4ba9-8a78-929bd6ddd1f9-ChunkReader-4] INFO  keyvalue.KeyValueContainer (KeyValueContainer.java:flushAndSyncDB(522)) - Container 1 is synced with bcsId 0.
2023-11-06 09:27:13,637 [5f7d9b36-4620-4ba9-8a78-929bd6ddd1f9-ChunkReader-4] INFO  keyvalue.KeyValueContainer (KeyValueContainer.java:close(437)) - Container 1 is closed with bcsId 0.
2023-11-06 09:27:13,637 [main] INFO  replication.ReplicationManager (ReplicationManager.java:stop(323)) - Stopping Replication Monitor Thread.
2023-11-06 09:27:13,638 [ReplicationMonitor] INFO  replication.ReplicationManager (ReplicationManager.java:run(922)) - Replication Monitor Thread is stopped
2023-11-06 09:27:13,638 [UnderReplicatedProcessor] WARN  replication.UnhealthyReplicationProcessor (UnhealthyReplicationProcessor.java:run(180)) - UnderReplicatedProcessor interrupted. Exiting...
2023-11-06 09:27:13,638 [OverReplicatedProcessor] WARN  replication.UnhealthyReplicationProcessor (UnhealthyReplicationProcessor.java:run(180)) - OverReplicatedProcessor interrupted. Exiting...
2023-11-06 09:27:13,640 [nullContainerReplicationThread-0] INFO  reconstruction.ECReconstructionCoordinatorTask (ECReconstructionCoordinatorTask.java:runTask(75)) - DONE reconstructECContainersCommand: containerID=1, replication=rs-3-2-1024k, missingIndexes=[1], sources={2=4cee0e49-9f18-41f8-8e67-157ccbc15955(fv-az241-347.2tfxs3cvuluejhi1wdm4o5ef4c.bx.internal.cloudapp.net/10.1.0.6), 3=b7b1b697-3f82-4acb-89c8-f9bc2eccfa5a(fv-az241-347.2tfxs3cvuluejhi1wdm4o5ef4c.bx.internal.cloudapp.net/10.1.0.6), 4=92ba0aed-1dcc-4895-b5bb-fc45f440be2e(fv-az241-347.2tfxs3cvuluejhi1wdm4o5ef4c.bx.internal.cloudapp.net/10.1.0.6), 5=0e92623e-4dcf-4eff-ae25-f8b8c2de319b(fv-az241-347.2tfxs3cvuluejhi1wdm4o5ef4c.bx.internal.cloudapp.net/10.1.0.6)}, targets={1=5f7d9b36-4620-4ba9-8a78-929bd6ddd1f9(fv-az241-347.2tfxs3cvuluejhi1wdm4o5ef4c.bx.internal.cloudapp.net/10.1.0.6)} in 252 ms
2023-11-06 09:27:13,640 [nullContainerReplicationThread-0] INFO  replication.ReplicationSupervisor (ReplicationSupervisor.java:run(374)) - Successful DONE reconstructECContainersCommand: containerID=1, replication=rs-3-2-1024k, missingIndexes=[1], sources={2=4cee0e49-9f18-41f8-8e67-157ccbc15955(fv-az241-347.2tfxs3cvuluejhi1wdm4o5ef4c.bx.internal.cloudapp.net/10.1.0.6), 3=b7b1b697-3f82-4acb-89c8-f9bc2eccfa5a(fv-az241-347.2tfxs3cvuluejhi1wdm4o5ef4c.bx.internal.cloudapp.net/10.1.0.6), 4=92ba0aed-1dcc-4895-b5bb-fc45f440be2e(fv-az241-347.2tfxs3cvuluejhi1wdm4o5ef4c.bx.internal.cloudapp.net/10.1.0.6), 5=0e92623e-4dcf-4eff-ae25-f8b8c2de319b(fv-az241-347.2tfxs3cvuluejhi1wdm4o5ef4c.bx.internal.cloudapp.net/10.1.0.6)}, targets={1=5f7d9b36-4620-4ba9-8a78-929bd6ddd1f9(fv-az241-347.2tfxs3cvuluejhi1wdm4o5ef4c.bx.internal.cloudapp.net/10.1.0.6)}
2023-11-06 09:27:13,740 [main] INFO  impl.MetricsSystemImpl (MetricsSystemImpl.java:init(158)) - HddsDatanode metrics system started (again)
2023-11-06 09:27:13,780 [main] INFO  ozone.HddsDatanodeService (HddsDatanodeService.java:start(240)) - HddsDatanodeService host:fv-az241-347.2tfxs3cvuluejhi1wdm4o5ef4c.bx.internal.cloudapp.net ip:10.1.0.6
2023-11-06 09:27:13,794 [main] INFO  upgrade.AbstractLayoutVersionManager (AbstractLayoutVersionManager.java:init(83)) - Initializing Layout version manager with metadata layout = HADOOP_PRC_PORTS_IN_DATANODEDETAILS (version = 7), software layout = HADOOP_PRC_PORTS_IN_DATANODEDETAILS (version = 7)
2023-11-06 09:27:13,798 [main] INFO  statemachine.DatanodeStateMachine (DatanodeStateMachine.java:getEndPointTaskThreadPoolSize(299)) - Datanode State Machine Task Thread Pool size 2
2023-11-06 09:27:13,801 [main] INFO  volume.HddsVolume (HddsVolume.java:<init>(126)) - Creating HddsVolume: /home/runner/work/ozone/ozone/hadoop-ozone/integration-test/target/test-dir/MiniOzoneClusterImpl-938474ea-96d6-4bd3-a45f-678920fb0bb2/datanode-2/data-0/containers/hdds of storage type : DISK capacity : 9223372036854775807
2023-11-06 09:27:13,801 [main] INFO  volume.MutableVolumeSet (MutableVolumeSet.java:initializeVolumeSet(173)) - Added Volume : /home/runner/work/ozone/ozone/hadoop-ozone/integration-test/target/test-dir/MiniOzoneClusterImpl-938474ea-96d6-4bd3-a45f-678920fb0bb2/datanode-2/data-0/containers/hdds to VolumeSet
2023-11-06 09:27:13,802 [main] INFO  volume.MutableVolumeSet (MutableVolumeSet.java:initializeVolumeSet(173)) - Added Volume : /home/runner/work/ozone/ozone/hadoop-ozone/integration-test/target/test-dir/MiniOzoneClusterImpl-938474ea-96d6-4bd3-a45f-678920fb0bb2/datanode-2/data/ratis to VolumeSet
2023-11-06 09:27:13,820 [main] INFO  utils.DatanodeStoreCache (DatanodeStoreCache.java:addDB(66)) - Added db /home/runner/work/ozone/ozone/hadoop-ozone/integration-test/target/test-dir/MiniOzoneClusterImpl-938474ea-96d6-4bd3-a45f-678920fb0bb2/datanode-2/data-0/containers/hdds/938474ea-96d6-4bd3-a45f-678920fb0bb2/DS-3af14cea-3173-4509-90c1-03d37a60f21e/container.db to cache
2023-11-06 09:27:13,820 [main] INFO  volume.HddsVolume (HddsVolume.java:loadDbStore(375)) - SchemaV3 db is loaded at /home/runner/work/ozone/ozone/hadoop-ozone/integration-test/target/test-dir/MiniOzoneClusterImpl-938474ea-96d6-4bd3-a45f-678920fb0bb2/datanode-2/data-0/containers/hdds/938474ea-96d6-4bd3-a45f-678920fb0bb2/DS-3af14cea-3173-4509-90c1-03d37a60f21e/container.db for volume DS-3af14cea-3173-4509-90c1-03d37a60f21e
2023-11-06 09:27:13,825 [d9016e39-0130-4fd9-896a-cac3c2785d02-ContainerReader-0] INFO  ozoneimpl.ContainerReader (ContainerReader.java:readVolume(147)) - Start to verify containers on volume /home/runner/work/ozone/ozone/hadoop-ozone/integration-test/target/test-dir/MiniOzoneClusterImpl-938474ea-96d6-4bd3-a45f-678920fb0bb2/datanode-2/data-0/containers/hdds
2023-11-06 09:27:13,833 [d9016e39-0130-4fd9-896a-cac3c2785d02-ContainerReader-0] INFO  ozoneimpl.ContainerReader (ContainerReader.java:readVolume(177)) - Finish verifying containers on volume /home/runner/work/ozone/ozone/hadoop-ozone/integration-test/target/test-dir/MiniOzoneClusterImpl-938474ea-96d6-4bd3-a45f-678920fb0bb2/datanode-2/data-0/containers/hdds
2023-11-06 09:27:13,833 [main] INFO  ozoneimpl.OzoneContainer (OzoneContainer.java:buildContainerSet(326)) - Build ContainerSet costs 0s
2023-11-06 09:27:13,836 [main] INFO  server.RaftServer (ConfUtils.java:logGet(46)) - raft.rpc.type = GRPC (default)
2023-11-06 09:27:13,837 [main] INFO  grpc.GrpcConfigKeys (ConfUtils.java:logFallback(53)) - raft.grpc.admin.host = null (fallback to raft.grpc.server.host)
2023-11-06 09:27:13,837 [main] INFO  grpc.GrpcConfigKeys (ConfUtils.java:logGet(46)) - raft.grpc.admin.port = 15031 (custom)
2023-11-06 09:27:13,838 [main] INFO  grpc.GrpcConfigKeys (ConfUtils.java:logFallback(53)) - raft.grpc.client.host = null (fallback to raft.grpc.server.host)
2023-11-06 09:27:13,838 [main] INFO  grpc.GrpcConfigKeys (ConfUtils.java:logGet(46)) - raft.grpc.client.port = 15030 (custom)
2023-11-06 09:27:13,839 [main] INFO  grpc.GrpcConfigKeys (ConfUtils.java:logGet(46)) - raft.grpc.server.host = null (default)
2023-11-06 09:27:13,839 [main] INFO  grpc.GrpcConfigKeys (ConfUtils.java:logGet(46)) - raft.grpc.server.port = 15032 (custom)
2023-11-06 09:27:13,840 [main] INFO  server.GrpcService (ConfUtils.java:logGet(46)) - raft.grpc.message.size.max = 32MB (=33554432) (custom)
2023-11-06 09:27:13,840 [main] INFO  server.RaftServerConfigKeys (ConfUtils.java:logGet(46)) - raft.server.log.appender.buffer.byte-limit = 33554432 (custom)
2023-11-06 09:27:13,841 [main] INFO  server.GrpcService (ConfUtils.java:logGet(46)) - raft.grpc.flow.control.window = 5MB (=5242880) (custom)
2023-11-06 09:27:13,842 [main] INFO  server.RaftServerConfigKeys (ConfUtils.java:logGet(46)) - raft.server.rpc.request.timeout = 60s (custom)
2023-11-06 09:27:13,842 [main] INFO  grpc.GrpcConfigKeys (ConfUtils.java:logGet(46)) - raft.grpc.server.heartbeat.channel = true (default)
2023-11-06 09:27:13,843 [main] INFO  grpc.GrpcConfigKeys (ConfUtils.java:logGet(46)) - raft.grpc.server.async.request.thread.pool.cached = true (default)
2023-11-06 09:27:13,847 [main] INFO  grpc.GrpcConfigKeys (ConfUtils.java:logGet(46)) - raft.grpc.server.async.request.thread.pool.size = 32 (default)
2023-11-06 09:27:13,851 [main] INFO  impl.DataStreamServerImpl (ConfUtils.java:logGet(46)) - raft.datastream.type = NETTY (custom)
2023-11-06 09:27:13,851 [main] INFO  server.RaftServerConfigKeys (ConfUtils.java:logGet(46)) - raft.server.data-stream.async.request.thread.pool.cached = false (default)
2023-11-06 09:27:13,852 [main] INFO  server.RaftServerConfigKeys (ConfUtils.java:logGet(46)) - raft.server.data-stream.async.request.thread.pool.size = 20 (custom)
2023-11-06 09:27:13,852 [main] INFO  server.RaftServerConfigKeys (ConfUtils.java:logGet(46)) - raft.server.data-stream.async.write.thread.pool.size = 16 (default)
2023-11-06 09:27:13,853 [main] INFO  server.RaftServerConfigKeys (ConfUtils.java:logGet(46)) - raft.server.data-stream.client.pool.size = 10 (default)
2023-11-06 09:27:13,854 [main] INFO  netty.NettyConfigKeys$DataStream (ConfUtils.java:logGet(46)) - raft.netty.dataStream.server.use-epoll = false (default)
2023-11-06 09:27:13,857 [main] INFO  netty.NettyConfigKeys$DataStream (ConfUtils.java:logGet(46)) - raft.netty.dataStream.server.boss-group.size = 0 (default)
2023-11-06 09:27:13,857 [main] INFO  netty.NettyConfigKeys$DataStream (ConfUtils.java:logGet(46)) - raft.netty.dataStream.server.worker-group.size = 0 (default)
2023-11-06 09:27:13,859 [main] INFO  netty.NettyConfigKeys$DataStream (ConfUtils.java:logGet(46)) - raft.netty.dataStream.server.tls.conf = null (default)
2023-11-06 09:27:13,860 [main] INFO  netty.NettyConfigKeys$DataStream (ConfUtils.java:logGet(46)) - raft.netty.dataStream.host = null (default)
2023-11-06 09:27:13,860 [main] INFO  netty.NettyConfigKeys$DataStream (ConfUtils.java:logGet(46)) - raft.netty.dataStream.port = 15033 (custom)
2023-11-06 09:27:13,865 [main] INFO  server.RaftServerConfigKeys (ConfUtils.java:logGet(46)) - raft.server.threadpool.proxy.cached = true (default)
2023-11-06 09:27:13,865 [main] INFO  server.RaftServerConfigKeys (ConfUtils.java:logGet(46)) - raft.server.threadpool.proxy.size = 0 (default)
2023-11-06 09:27:13,867 [main] INFO  server.RaftServerConfigKeys (ConfUtils.java:logGet(46)) - raft.server.rpc.slowness.timeout = 300s (custom)
2023-11-06 09:27:13,867 [main] INFO  server.RaftServerConfigKeys (ConfUtils.java:logGet(46)) - raft.server.leaderelection.leader.step-down.wait-time = 10s (default)
2023-11-06 09:27:13,868 [main] INFO  server.RaftServerConfigKeys (ConfUtils.java:logGet(46)) - raft.server.storage.dir = [/home/runner/work/ozone/ozone/hadoop-ozone/integration-test/target/test-dir/MiniOzoneClusterImpl-938474ea-96d6-4bd3-a45f-678920fb0bb2/datanode-2/data/ratis] (custom)
2023-11-06 09:27:13,868 [d9016e39-0130-4fd9-896a-cac3c2785d02-NettyServerStreamRpc-bossGroup--thread1] INFO  logging.LoggingHandler (AbstractInternalLogger.java:log(148)) - [id: 0x280c363b] REGISTERED
2023-11-06 09:27:13,869 [d9016e39-0130-4fd9-896a-cac3c2785d02-NettyServerStreamRpc-bossGroup--thread1] INFO  logging.LoggingHandler (AbstractInternalLogger.java:log(148)) - [id: 0x280c363b] BIND: 0.0.0.0/0.0.0.0:15033
2023-11-06 09:27:13,870 [d9016e39-0130-4fd9-896a-cac3c2785d02-NettyServerStreamRpc-bossGroup--thread1] INFO  logging.LoggingHandler (AbstractInternalLogger.java:log(148)) - [id: 0x280c363b, L:/0:0:0:0:0:0:0:0:15033] ACTIVE
2023-11-06 09:27:13,873 [d9016e39-0130-4fd9-896a-cac3c2785d02-impl-thread1] INFO  server.RaftServer (RaftServerProxy.java:initGroupDir(258)) - d9016e39-0130-4fd9-896a-cac3c2785d02: found a subdirectory /home/runner/work/ozone/ozone/hadoop-ozone/integration-test/target/test-dir/MiniOzoneClusterImpl-938474ea-96d6-4bd3-a45f-678920fb0bb2/datanode-2/data/ratis/tmp
2023-11-06 09:27:13,874 [d9016e39-0130-4fd9-896a-cac3c2785d02-impl-thread1] INFO  server.RaftServer (RaftServerProxy.java:initGroupDir(263)) - d9016e39-0130-4fd9-896a-cac3c2785d02: The directory /home/runner/work/ozone/ozone/hadoop-ozone/integration-test/target/test-dir/MiniOzoneClusterImpl-938474ea-96d6-4bd3-a45f-678920fb0bb2/datanode-2/data/ratis/tmp is not a group directory; ignoring it. 
2023-11-06 09:27:13,874 [d9016e39-0130-4fd9-896a-cac3c2785d02-impl-thread1] INFO  server.RaftServer (RaftServerProxy.java:initGroupDir(258)) - d9016e39-0130-4fd9-896a-cac3c2785d02: found a subdirectory /home/runner/work/ozone/ozone/hadoop-ozone/integration-test/target/test-dir/MiniOzoneClusterImpl-938474ea-96d6-4bd3-a45f-678920fb0bb2/datanode-2/data/ratis/4a550c64-9968-4de5-acde-c449668a084e
2023-11-06 09:27:13,875 [d9016e39-0130-4fd9-896a-cac3c2785d02-impl-thread1] INFO  server.RaftServer (RaftServerProxy.java:addNew(98)) - d9016e39-0130-4fd9-896a-cac3c2785d02: addNew group-C449668A084E:[] returns group-C449668A084E:java.util.concurrent.CompletableFuture@4907ada[Not completed]
2023-11-06 09:27:13,875 [d9016e39-0130-4fd9-896a-cac3c2785d02-impl-thread1] INFO  server.RaftServer (RaftServerProxy.java:initGroupDir(258)) - d9016e39-0130-4fd9-896a-cac3c2785d02: found a subdirectory /home/runner/work/ozone/ozone/hadoop-ozone/integration-test/target/test-dir/MiniOzoneClusterImpl-938474ea-96d6-4bd3-a45f-678920fb0bb2/datanode-2/data/ratis/15f9db0e-4f6c-4380-b94d-0db81d4fe909
2023-11-06 09:27:13,875 [d9016e39-0130-4fd9-896a-cac3c2785d02-impl-thread1] INFO  server.RaftServer (RaftServerProxy.java:addNew(98)) - d9016e39-0130-4fd9-896a-cac3c2785d02: addNew group-0DB81D4FE909:[] returns group-0DB81D4FE909:java.util.concurrent.CompletableFuture@afee90[Not completed]
2023-11-06 09:27:13,875 [d9016e39-0130-4fd9-896a-cac3c2785d02-impl-thread1] INFO  server.RaftServer (RaftServerProxy.java:initGroupDir(258)) - d9016e39-0130-4fd9-896a-cac3c2785d02: found a subdirectory /home/runner/work/ozone/ozone/hadoop-ozone/integration-test/target/test-dir/MiniOzoneClusterImpl-938474ea-96d6-4bd3-a45f-678920fb0bb2/datanode-2/data/ratis/d6c272c6-0f48-426a-923d-3e664a0854e0
2023-11-06 09:27:13,876 [d9016e39-0130-4fd9-896a-cac3c2785d02-impl-thread1] INFO  server.RaftServer (RaftServerProxy.java:addNew(98)) - d9016e39-0130-4fd9-896a-cac3c2785d02: addNew group-3E664A0854E0:[] returns group-3E664A0854E0:java.util.concurrent.CompletableFuture@45ad70e1[Not completed]
2023-11-06 09:27:13,876 [main] INFO  replication.ReplicationServer (ReplicationServer.java:<init>(85)) - Initializing replication server with thread count = 10 queue length = 4096
2023-11-06 09:27:13,880 [main] INFO  server.XceiverServerGrpc (XceiverServerGrpc.java:<init>(135)) - GrpcServer channel type EpollServerSocketChannel
2023-11-06 09:27:13,893 [d9016e39-0130-4fd9-896a-cac3c2785d02-groupManagement] INFO  server.RaftServer$Division (RaftServerImpl.java:<init>(198)) - d9016e39-0130-4fd9-896a-cac3c2785d02: new RaftServerImpl for group-C449668A084E:[] with ContainerStateMachine:uninitialized
2023-11-06 09:27:13,894 [d9016e39-0130-4fd9-896a-cac3c2785d02-groupManagement] INFO  server.RaftServerConfigKeys (ConfUtils.java:logGet(46)) - raft.server.rpc.timeout.min = 5s (custom)
2023-11-06 09:27:13,894 [d9016e39-0130-4fd9-896a-cac3c2785d02-groupManagement] INFO  server.RaftServerConfigKeys (ConfUtils.java:logGet(46)) - raft.server.rpc.timeout.max = 5200ms (custom)
2023-11-06 09:27:13,894 [d9016e39-0130-4fd9-896a-cac3c2785d02-groupManagement] INFO  server.RaftServerConfigKeys (ConfUtils.java:logGet(46)) - raft.server.rpc.sleep.time = 25ms (default)
2023-11-06 09:27:13,895 [d9016e39-0130-4fd9-896a-cac3c2785d02-groupManagement] INFO  server.RaftServerConfigKeys (ConfUtils.java:logGet(46)) - raft.server.rpc.slowness.timeout = 300s (custom)
2023-11-06 09:27:13,895 [d9016e39-0130-4fd9-896a-cac3c2785d02-groupManagement] INFO  server.RaftServerConfigKeys (ConfUtils.java:logGet(46)) - raft.server.leaderelection.leader.step-down.wait-time = 10s (default)
2023-11-06 09:27:13,895 [d9016e39-0130-4fd9-896a-cac3c2785d02-groupManagement] INFO  server.RaftServerConfigKeys (ConfUtils.java:logGet(46)) - raft.server.sleep.deviation.threshold = 300ms (default)
2023-11-06 09:27:13,896 [d9016e39-0130-4fd9-896a-cac3c2785d02-groupManagement] INFO  server.RaftServer$Division (ServerState.java:<init>(120)) - d9016e39-0130-4fd9-896a-cac3c2785d02@group-C449668A084E: ConfigurationManager, init=-1: peers:[]|listeners:[], old=null, confs=<EMPTY_MAP>
2023-11-06 09:27:13,896 [d9016e39-0130-4fd9-896a-cac3c2785d02-groupManagement] INFO  server.RaftServerConfigKeys (ConfUtils.java:logGet(46)) - raft.server.storage.dir = [/home/runner/work/ozone/ozone/hadoop-ozone/integration-test/target/test-dir/MiniOzoneClusterImpl-938474ea-96d6-4bd3-a45f-678920fb0bb2/datanode-2/data/ratis] (custom)
2023-11-06 09:27:13,897 [d9016e39-0130-4fd9-896a-cac3c2785d02-groupManagement] INFO  server.RaftServerConfigKeys (ConfUtils.java:logGet(46)) - raft.server.log.corruption.policy = EXCEPTION (default)
2023-11-06 09:27:13,897 [d9016e39-0130-4fd9-896a-cac3c2785d02-groupManagement] INFO  server.RaftServerConfigKeys (ConfUtils.java:logGet(46)) - raft.server.storage.free-space.min = 0MB (=0) (default)
2023-11-06 09:27:13,897 [d9016e39-0130-4fd9-896a-cac3c2785d02-groupManagement] INFO  server.RaftServerConfigKeys (ConfUtils.java:logGet(46)) - raft.server.notification.no-leader.timeout = 300s (custom)
2023-11-06 09:27:13,898 [d9016e39-0130-4fd9-896a-cac3c2785d02-groupManagement] INFO  server.RaftServerConfigKeys (ConfUtils.java:logGet(46)) - raft.server.read.timeout = 10s (default)
2023-11-06 09:27:13,898 [d9016e39-0130-4fd9-896a-cac3c2785d02-groupManagement] INFO  server.RaftServerConfigKeys (ConfUtils.java:logGet(46)) - raft.server.retrycache.expirytime = 600000ms (custom)
2023-11-06 09:27:13,898 [d9016e39-0130-4fd9-896a-cac3c2785d02-groupManagement] INFO  server.RaftServerConfigKeys (ConfUtils.java:logGet(46)) - raft.server.retrycache.statistics.expirytime = 100μs (default)
2023-11-06 09:27:13,899 [d9016e39-0130-4fd9-896a-cac3c2785d02-groupManagement] INFO  server.RaftServerConfigKeys (ConfUtils.java:logGet(46)) - raft.server.read.option = DEFAULT (default)
2023-11-06 09:27:13,883 [main] INFO  replication.ReplicationSupervisor (ReplicationSupervisor.java:build(163)) - Initializing replication supervisor with thread count = 10
2023-11-06 09:27:13,900 [main] INFO  replication.ReplicationSupervisor (ReplicationSupervisor.java:nodeStateUpdated(317)) - Node state updated to IN_SERVICE, scaling executor pool size to 10
2023-11-06 09:27:13,902 [d9016e39-0130-4fd9-896a-cac3c2785d02-groupManagement] INFO  server.RaftServerConfigKeys (ConfUtils.java:logGet(46)) - raft.server.rpc.request.timeout = 60s (custom)
2023-11-06 09:27:13,902 [d9016e39-0130-4fd9-896a-cac3c2785d02-groupManagement] INFO  server.RaftServerConfigKeys (ConfUtils.java:logGet(46)) - raft.server.log.appender.install.snapshot.enabled = false (custom)
2023-11-06 09:27:13,903 [d9016e39-0130-4fd9-896a-cac3c2785d02-groupManagement] INFO  server.RaftServerConfigKeys (ConfUtils.java:logGet(46)) - raft.server.threadpool.server.cached = true (default)
2023-11-06 09:27:13,903 [d9016e39-0130-4fd9-896a-cac3c2785d02-groupManagement] INFO  server.RaftServerConfigKeys (ConfUtils.java:logGet(46)) - raft.server.threadpool.server.size = 0 (default)
2023-11-06 09:27:13,903 [d9016e39-0130-4fd9-896a-cac3c2785d02-groupManagement] INFO  server.RaftServerConfigKeys (ConfUtils.java:logGet(46)) - raft.server.threadpool.client.cached = true (default)
2023-11-06 09:27:13,904 [d9016e39-0130-4fd9-896a-cac3c2785d02-groupManagement] INFO  server.RaftServerConfigKeys (ConfUtils.java:logGet(46)) - raft.server.threadpool.client.size = 0 (default)
2023-11-06 09:27:13,905 [d9016e39-0130-4fd9-896a-cac3c2785d02-groupManagement] INFO  server.RaftServer$Division (RaftServerImpl.java:<init>(198)) - d9016e39-0130-4fd9-896a-cac3c2785d02: new RaftServerImpl for group-0DB81D4FE909:[] with ContainerStateMachine:uninitialized
2023-11-06 09:27:13,907 [main] INFO  http.BaseHttpServer (BaseHttpServer.java:newHttpServer2BuilderForOzone(223)) - Starting Web-server for hddsDatanode at: http://0.0.0.0:15027
2023-11-06 09:27:13,908 [main] INFO  http.BaseHttpServer (BaseHttpServer.java:<init>(110)) - Hadoop Security Enabled: false Ozone Security Enabled: false Ozone HTTP Security Enabled: false 
2023-11-06 09:27:13,910 [main] WARN  server.AuthenticationFilter (AuthenticationFilter.java:constructSecretProvider(240)) - Unable to initialize FileSignerSecretProvider, falling back to use random secrets. Reason: Could not read signature secret file: /home/runner/hadoop-http-auth-signature-secret
2023-11-06 09:27:13,911 [d9016e39-0130-4fd9-896a-cac3c2785d02-groupManagement] INFO  server.RaftServerConfigKeys (ConfUtils.java:logGet(46)) - raft.server.rpc.timeout.min = 5s (custom)
2023-11-06 09:27:13,911 [d9016e39-0130-4fd9-896a-cac3c2785d02-groupManagement] INFO  server.RaftServerConfigKeys (ConfUtils.java:logGet(46)) - raft.server.rpc.timeout.max = 5200ms (custom)
2023-11-06 09:27:13,912 [d9016e39-0130-4fd9-896a-cac3c2785d02-groupManagement] INFO  server.RaftServerConfigKeys (ConfUtils.java:logGet(46)) - raft.server.rpc.sleep.time = 25ms (default)
2023-11-06 09:27:13,912 [d9016e39-0130-4fd9-896a-cac3c2785d02-groupManagement] INFO  server.RaftServerConfigKeys (ConfUtils.java:logGet(46)) - raft.server.rpc.slowness.timeout = 300s (custom)
2023-11-06 09:27:13,912 [d9016e39-0130-4fd9-896a-cac3c2785d02-groupManagement] INFO  server.RaftServerConfigKeys (ConfUtils.java:logGet(46)) - raft.server.leaderelection.leader.step-down.wait-time = 10s (default)
2023-11-06 09:27:13,913 [d9016e39-0130-4fd9-896a-cac3c2785d02-groupManagement] INFO  server.RaftServerConfigKeys (ConfUtils.java:logGet(46)) - raft.server.sleep.deviation.threshold = 300ms (default)
2023-11-06 09:27:13,913 [d9016e39-0130-4fd9-896a-cac3c2785d02-groupManagement] INFO  server.RaftServer$Division (ServerState.java:<init>(120)) - d9016e39-0130-4fd9-896a-cac3c2785d02@group-0DB81D4FE909: ConfigurationManager, init=-1: peers:[]|listeners:[], old=null, confs=<EMPTY_MAP>
2023-11-06 09:27:13,913 [d9016e39-0130-4fd9-896a-cac3c2785d02-groupManagement] INFO  server.RaftServerConfigKeys (ConfUtils.java:logGet(46)) - raft.server.storage.dir = [/home/runner/work/ozone/ozone/hadoop-ozone/integration-test/target/test-dir/MiniOzoneClusterImpl-938474ea-96d6-4bd3-a45f-678920fb0bb2/datanode-2/data/ratis] (custom)
2023-11-06 09:27:13,914 [d9016e39-0130-4fd9-896a-cac3c2785d02-groupManagement] INFO  server.RaftServerConfigKeys (ConfUtils.java:logGet(46)) - raft.server.log.corruption.policy = EXCEPTION (default)
2023-11-06 09:27:13,914 [d9016e39-0130-4fd9-896a-cac3c2785d02-groupManagement] INFO  server.RaftServerConfigKeys (ConfUtils.java:logGet(46)) - raft.server.storage.free-space.min = 0MB (=0) (default)
2023-11-06 09:27:13,914 [d9016e39-0130-4fd9-896a-cac3c2785d02-groupManagement] INFO  server.RaftServerConfigKeys (ConfUtils.java:logGet(46)) - raft.server.notification.no-leader.timeout = 300s (custom)
2023-11-06 09:27:13,915 [d9016e39-0130-4fd9-896a-cac3c2785d02-groupManagement] INFO  server.RaftServerConfigKeys (ConfUtils.java:logGet(46)) - raft.server.read.timeout = 10s (default)
2023-11-06 09:27:13,915 [d9016e39-0130-4fd9-896a-cac3c2785d02-groupManagement] INFO  server.RaftServerConfigKeys (ConfUtils.java:logGet(46)) - raft.server.retrycache.expirytime = 600000ms (custom)
2023-11-06 09:27:13,915 [d9016e39-0130-4fd9-896a-cac3c2785d02-groupManagement] INFO  server.RaftServerConfigKeys (ConfUtils.java:logGet(46)) - raft.server.retrycache.statistics.expirytime = 100μs (default)
2023-11-06 09:27:13,916 [main] INFO  http.HttpRequestLog (HttpRequestLog.java:getRequestLog(86)) - Http request log for http.requests.hddsDatanode is not defined
2023-11-06 09:27:13,918 [main] INFO  http.HttpServer2 (HttpServer2.java:addGlobalFilter(1031)) - Added global filter 'safety' (class=org.apache.hadoop.hdds.server.http.HttpServer2$QuotingInputFilter)
2023-11-06 09:27:13,919 [d9016e39-0130-4fd9-896a-cac3c2785d02-groupManagement] INFO  server.RaftServerConfigKeys (ConfUtils.java:logGet(46)) - raft.server.read.option = DEFAULT (default)
2023-11-06 09:27:13,920 [d9016e39-0130-4fd9-896a-cac3c2785d02-groupManagement] INFO  server.RaftServerConfigKeys (ConfUtils.java:logGet(46)) - raft.server.rpc.request.timeout = 60s (custom)
2023-11-06 09:27:13,921 [d9016e39-0130-4fd9-896a-cac3c2785d02-groupManagement] INFO  server.RaftServerConfigKeys (ConfUtils.java:logGet(46)) - raft.server.log.appender.install.snapshot.enabled = false (custom)
2023-11-06 09:27:13,922 [d9016e39-0130-4fd9-896a-cac3c2785d02-groupManagement] INFO  server.RaftServerConfigKeys (ConfUtils.java:logGet(46)) - raft.server.threadpool.server.cached = true (default)
2023-11-06 09:27:13,922 [d9016e39-0130-4fd9-896a-cac3c2785d02-groupManagement] INFO  server.RaftServerConfigKeys (ConfUtils.java:logGet(46)) - raft.server.threadpool.server.size = 0 (default)
2023-11-06 09:27:13,922 [d9016e39-0130-4fd9-896a-cac3c2785d02-groupManagement] INFO  server.RaftServerConfigKeys (ConfUtils.java:logGet(46)) - raft.server.threadpool.client.cached = true (default)
2023-11-06 09:27:13,923 [d9016e39-0130-4fd9-896a-cac3c2785d02-groupManagement] INFO  server.RaftServerConfigKeys (ConfUtils.java:logGet(46)) - raft.server.threadpool.client.size = 0 (default)
2023-11-06 09:27:13,921 [main] INFO  http.HttpServer2 (HttpServer2.java:addFilter(1007)) - Added filter static_user_filter (class=org.apache.hadoop.http.lib.StaticUserWebFilter$StaticUserFilter) to context hddsDatanode
2023-11-06 09:27:13,924 [main] INFO  http.HttpServer2 (HttpServer2.java:addFilter(1015)) - Added filter static_user_filter (class=org.apache.hadoop.http.lib.StaticUserWebFilter$StaticUserFilter) to context static
2023-11-06 09:27:13,924 [main] INFO  http.HttpServer2 (HttpServer2.java:addFilter(1015)) - Added filter static_user_filter (class=org.apache.hadoop.http.lib.StaticUserWebFilter$StaticUserFilter) to context logs
2023-11-06 09:27:13,926 [main] INFO  http.BaseHttpServer (BaseHttpServer.java:<init>(189)) - HTTP server of hddsDatanode uses base directory /home/runner/work/ozone/ozone/hadoop-ozone/integration-test/target/test-dir/MiniOzoneClusterImpl-938474ea-96d6-4bd3-a45f-678920fb0bb2/datanode-2/meta/webserver
2023-11-06 09:27:13,927 [main] INFO  http.HttpServer2 (HttpServer2.java:bindListener(1231)) - Jetty bound to port 15027
2023-11-06 09:27:13,927 [main] INFO  server.Server (Server.java:doStart(375)) - jetty-9.4.53.v20231009; built: 2023-10-09T12:29:09.265Z; git: 27bde00a0b95a1d5bbee0eae7984f891d2d0f8c9; jvm 1.8.0_382-b05
2023-11-06 09:27:13,926 [d9016e39-0130-4fd9-896a-cac3c2785d02-groupManagement] INFO  server.RaftServer$Division (RaftServerImpl.java:<init>(198)) - d9016e39-0130-4fd9-896a-cac3c2785d02: new RaftServerImpl for group-3E664A0854E0:[] with ContainerStateMachine:uninitialized
2023-11-06 09:27:13,928 [d9016e39-0130-4fd9-896a-cac3c2785d02-groupManagement] INFO  server.RaftServerConfigKeys (ConfUtils.java:logGet(46)) - raft.server.rpc.timeout.min = 5s (custom)
2023-11-06 09:27:13,928 [d9016e39-0130-4fd9-896a-cac3c2785d02-groupManagement] INFO  server.RaftServerConfigKeys (ConfUtils.java:logGet(46)) - raft.server.rpc.timeout.max = 5200ms (custom)
2023-11-06 09:27:13,929 [d9016e39-0130-4fd9-896a-cac3c2785d02-groupManagement] INFO  server.RaftServerConfigKeys (ConfUtils.java:logGet(46)) - raft.server.rpc.sleep.time = 25ms (default)
2023-11-06 09:27:13,929 [d9016e39-0130-4fd9-896a-cac3c2785d02-groupManagement] INFO  server.RaftServerConfigKeys (ConfUtils.java:logGet(46)) - raft.server.rpc.slowness.timeout = 300s (custom)
2023-11-06 09:27:13,929 [d9016e39-0130-4fd9-896a-cac3c2785d02-groupManagement] INFO  server.RaftServerConfigKeys (ConfUtils.java:logGet(46)) - raft.server.leaderelection.leader.step-down.wait-time = 10s (default)
2023-11-06 09:27:13,930 [d9016e39-0130-4fd9-896a-cac3c2785d02-groupManagement] INFO  server.RaftServerConfigKeys (ConfUtils.java:logGet(46)) - raft.server.sleep.deviation.threshold = 300ms (default)
2023-11-06 09:27:13,931 [d9016e39-0130-4fd9-896a-cac3c2785d02-groupManagement] INFO  server.RaftServer$Division (ServerState.java:<init>(120)) - d9016e39-0130-4fd9-896a-cac3c2785d02@group-3E664A0854E0: ConfigurationManager, init=-1: peers:[]|listeners:[], old=null, confs=<EMPTY_MAP>
2023-11-06 09:27:13,931 [d9016e39-0130-4fd9-896a-cac3c2785d02-groupManagement] INFO  server.RaftServerConfigKeys (ConfUtils.java:logGet(46)) - raft.server.storage.dir = [/home/runner/work/ozone/ozone/hadoop-ozone/integration-test/target/test-dir/MiniOzoneClusterImpl-938474ea-96d6-4bd3-a45f-678920fb0bb2/datanode-2/data/ratis] (custom)
2023-11-06 09:27:13,932 [d9016e39-0130-4fd9-896a-cac3c2785d02-groupManagement] INFO  server.RaftServerConfigKeys (ConfUtils.java:logGet(46)) - raft.server.log.corruption.policy = EXCEPTION (default)
2023-11-06 09:27:13,932 [d9016e39-0130-4fd9-896a-cac3c2785d02-groupManagement] INFO  server.RaftServerConfigKeys (ConfUtils.java:logGet(46)) - raft.server.storage.free-space.min = 0MB (=0) (default)
2023-11-06 09:27:13,933 [d9016e39-0130-4fd9-896a-cac3c2785d02-groupManagement] INFO  server.RaftServerConfigKeys (ConfUtils.java:logGet(46)) - raft.server.notification.no-leader.timeout = 300s (custom)
2023-11-06 09:27:13,933 [d9016e39-0130-4fd9-896a-cac3c2785d02-groupManagement] INFO  server.RaftServerConfigKeys (ConfUtils.java:logGet(46)) - raft.server.read.timeout = 10s (default)
2023-11-06 09:27:13,935 [d9016e39-0130-4fd9-896a-cac3c2785d02-groupManagement] INFO  server.RaftServerConfigKeys (ConfUtils.java:logGet(46)) - raft.server.retrycache.expirytime = 600000ms (custom)
2023-11-06 09:27:13,935 [d9016e39-0130-4fd9-896a-cac3c2785d02-groupManagement] INFO  server.RaftServerConfigKeys (ConfUtils.java:logGet(46)) - raft.server.retrycache.statistics.expirytime = 100μs (default)
2023-11-06 09:27:13,935 [d9016e39-0130-4fd9-896a-cac3c2785d02-groupManagement] INFO  server.RaftServerConfigKeys (ConfUtils.java:logGet(46)) - raft.server.read.option = DEFAULT (default)
2023-11-06 09:27:13,935 [main] INFO  server.session (DefaultSessionIdManager.java:doStart(334)) - DefaultSessionIdManager workerName=node0
2023-11-06 09:27:13,937 [main] INFO  server.session (DefaultSessionIdManager.java:doStart(339)) - No SessionScavenger set, using defaults
2023-11-06 09:27:13,937 [main] INFO  server.session (HouseKeeper.java:startScavenging(132)) - node0 Scavenging every 600000ms
2023-11-06 09:27:13,938 [d9016e39-0130-4fd9-896a-cac3c2785d02-groupManagement] INFO  server.RaftServerConfigKeys (ConfUtils.java:logGet(46)) - raft.server.rpc.request.timeout = 60s (custom)
2023-11-06 09:27:13,939 [d9016e39-0130-4fd9-896a-cac3c2785d02-groupManagement] INFO  server.RaftServerConfigKeys (ConfUtils.java:logGet(46)) - raft.server.log.appender.install.snapshot.enabled = false (custom)
2023-11-06 09:27:13,939 [d9016e39-0130-4fd9-896a-cac3c2785d02-groupManagement] INFO  server.RaftServerConfigKeys (ConfUtils.java:logGet(46)) - raft.server.threadpool.server.cached = true (default)
2023-11-06 09:27:13,939 [d9016e39-0130-4fd9-896a-cac3c2785d02-groupManagement] INFO  server.RaftServerConfigKeys (ConfUtils.java:logGet(46)) - raft.server.threadpool.server.size = 0 (default)
2023-11-06 09:27:13,939 [d9016e39-0130-4fd9-896a-cac3c2785d02-groupManagement] INFO  server.RaftServerConfigKeys (ConfUtils.java:logGet(46)) - raft.server.threadpool.client.cached = true (default)
2023-11-06 09:27:13,939 [d9016e39-0130-4fd9-896a-cac3c2785d02-groupManagement] INFO  server.RaftServerConfigKeys (ConfUtils.java:logGet(46)) - raft.server.threadpool.client.size = 0 (default)
2023-11-06 09:27:13,941 [main] INFO  handler.ContextHandler (ContextHandler.java:doStart(921)) - Started o.e.j.s.ServletContextHandler@4c8372f4{logs,/logs,file:///home/runner/work/ozone/ozone/hadoop-ozone/integration-test/target/log,AVAILABLE}
2023-11-06 09:27:13,942 [main] INFO  handler.ContextHandler (ContextHandler.java:doStart(921)) - Started o.e.j.s.ServletContextHandler@4fd777c1{static,/static,jar:file:/home/runner/.m2/repository/org/apache/ozone/hdds-container-service/1.4.0-SNAPSHOT/hdds-container-service-1.4.0-SNAPSHOT.jar!/webapps/static,AVAILABLE}
2023-11-06 09:27:13,990 [main] INFO  handler.ContextHandler (ContextHandler.java:doStart(921)) - Started o.e.j.w.WebAppContext@73c21415{hddsDatanode,/,file:///home/runner/work/ozone/ozone/hadoop-ozone/integration-test/target/test-dir/MiniOzoneClusterImpl-938474ea-96d6-4bd3-a45f-678920fb0bb2/datanode-2/meta/webserver/jetty-0_0_0_0-15027-hdds-container-service-1_4_0-SNAPSHOT_jar-_-any-8777941223200456470/webapp/,AVAILABLE}{jar:file:/home/runner/.m2/repository/org/apache/ozone/hdds-container-service/1.4.0-SNAPSHOT/hdds-container-service-1.4.0-SNAPSHOT.jar!/webapps/hddsDatanode}
2023-11-06 09:27:13,993 [main] INFO  server.AbstractConnector (AbstractConnector.java:doStart(333)) - Started ServerConnector@56e898b6{HTTP/1.1, (http/1.1)}{0.0.0.0:15027}
2023-11-06 09:27:13,993 [main] INFO  server.Server (Server.java:doStart(415)) - Started @43555ms
2023-11-06 09:27:13,993 [main] WARN  impl.MetricsSystemImpl (MetricsSystemImpl.java:register(279)) - Sink prometheus already exists!
2023-11-06 09:27:13,994 [main] INFO  http.BaseHttpServer (BaseHttpServer.java:updateConnectorAddress(354)) - HTTP server of hddsDatanode listening at http://0.0.0.0:15027
2023-11-06 09:27:13,994 [main] INFO  ipc.CallQueueManager (CallQueueManager.java:<init>(90)) - Using callQueue: class java.util.concurrent.LinkedBlockingQueue, queueCapacity: 100, scheduler: class org.apache.hadoop.ipc.DefaultRpcScheduler, ipcBackoff: false.
2023-11-06 09:27:13,995 [main] INFO  ipc.Server (Server.java:<init>(1287)) - Listener at 0.0.0.0:15028
2023-11-06 09:27:13,995 [Socket Reader #1 for port 15028] INFO  ipc.Server (Server.java:run(1323)) - Starting Socket Reader #1 for port 15028
2023-11-06 09:27:13,998 [main] INFO  ozone.HddsDatanodeService (HddsDatanodeService.java:start(325)) - Datanode start with admins: [runner]
2023-11-06 09:27:13,998 [main] INFO  ozone.HddsDatanodeClientProtocolServer (HddsDatanodeClientProtocolServer.java:start(72)) - RPC server for Client /0.0.0.0:15028
2023-11-06 09:27:13,999 [IPC Server Responder] INFO  ipc.Server (Server.java:run(1562)) - IPC Server Responder: starting
2023-11-06 09:27:13,999 [IPC Server listener on 15028] INFO  ipc.Server (Server.java:run(1402)) - IPC Server listener on 15028: starting
2023-11-06 09:27:13,999 [main] INFO  ozone.MiniOzoneClusterImpl (MiniOzoneClusterImpl.java:lambda$waitForClusterToBeReady$0(229)) - Waiting for nodes to be ready. Got 9 of 10 DN Heartbeats.
2023-11-06 09:27:13,999 [main] INFO  ozone.MiniOzoneClusterImpl (MiniOzoneClusterImpl.java:lambda$waitForClusterToBeReady$0(232)) - Cluster exits safe mode
2023-11-06 09:27:13,999 [main] INFO  ozone.MiniOzoneClusterImpl (MiniOzoneClusterImpl.java:lambda$waitForClusterToBeReady$0(234)) - SCM became leader
2023-11-06 09:27:14,000 [d9016e39-0130-4fd9-896a-cac3c2785d02-DatanodeStateMachineDaemonThread] INFO  statemachine.DatanodeStateMachine (DatanodeStateMachine.java:lambda$startDaemon$1(555)) - Ozone container server started.
2023-11-06 09:27:14,006 [d9016e39-0130-4fd9-896a-cac3c2785d02-DatanodeStateMachineTaskThread-0] INFO  datanode.InitDatanodeState (InitDatanodeState.java:persistContainerDatanodeDetails(139)) - DatanodeDetails is persisted to /home/runner/work/ozone/ozone/hadoop-ozone/integration-test/target/test-dir/MiniOzoneClusterImpl-938474ea-96d6-4bd3-a45f-678920fb0bb2/datanode-2/meta/datanode.id
2023-11-06 09:27:15,000 [main] INFO  ozone.MiniOzoneClusterImpl (MiniOzoneClusterImpl.java:lambda$waitForClusterToBeReady$0(229)) - Waiting for nodes to be ready. Got 9 of 10 DN Heartbeats.
2023-11-06 09:27:15,000 [main] INFO  ozone.MiniOzoneClusterImpl (MiniOzoneClusterImpl.java:lambda$waitForClusterToBeReady$0(232)) - Cluster exits safe mode
2023-11-06 09:27:15,000 [main] INFO  ozone.MiniOzoneClusterImpl (MiniOzoneClusterImpl.java:lambda$waitForClusterToBeReady$0(234)) - SCM became leader
2023-11-06 09:27:16,000 [main] INFO  ozone.MiniOzoneClusterImpl (MiniOzoneClusterImpl.java:lambda$waitForClusterToBeReady$0(229)) - Waiting for nodes to be ready. Got 9 of 10 DN Heartbeats.
2023-11-06 09:27:16,001 [main] INFO  ozone.MiniOzoneClusterImpl (MiniOzoneClusterImpl.java:lambda$waitForClusterToBeReady$0(232)) - Cluster exits safe mode
2023-11-06 09:27:16,001 [main] INFO  ozone.MiniOzoneClusterImpl (MiniOzoneClusterImpl.java:lambda$waitForClusterToBeReady$0(234)) - SCM became leader
2023-11-06 09:27:16,007 [d9016e39-0130-4fd9-896a-cac3c2785d02-EndpointStateMachineTaskThread-/0.0.0.0:15002-0 ] INFO  volume.ThrottledAsyncChecker (ThrottledAsyncChecker.java:schedule(141)) - Scheduling a check for /home/runner/work/ozone/ozone/hadoop-ozone/integration-test/target/test-dir/MiniOzoneClusterImpl-938474ea-96d6-4bd3-a45f-678920fb0bb2/datanode-2/data-0/containers/hdds
2023-11-06 09:27:16,011 [d9016e39-0130-4fd9-896a-cac3c2785d02-EndpointStateMachineTaskThread-/0.0.0.0:15002-0 ] INFO  volume.StorageVolumeChecker (StorageVolumeChecker.java:checkAllVolumes(218)) - Scheduled health check for volume /home/runner/work/ozone/ozone/hadoop-ozone/integration-test/target/test-dir/MiniOzoneClusterImpl-938474ea-96d6-4bd3-a45f-678920fb0bb2/datanode-2/data-0/containers/hdds
2023-11-06 09:27:16,015 [d9016e39-0130-4fd9-896a-cac3c2785d02-EndpointStateMachineTaskThread-/0.0.0.0:15002-0 ] INFO  volume.ThrottledAsyncChecker (ThrottledAsyncChecker.java:schedule(141)) - Scheduling a check for /home/runner/work/ozone/ozone/hadoop-ozone/integration-test/target/test-dir/MiniOzoneClusterImpl-938474ea-96d6-4bd3-a45f-678920fb0bb2/datanode-2/data/ratis
2023-11-06 09:27:16,015 [d9016e39-0130-4fd9-896a-cac3c2785d02-EndpointStateMachineTaskThread-/0.0.0.0:15002-0 ] INFO  volume.StorageVolumeChecker (StorageVolumeChecker.java:checkAllVolumes(218)) - Scheduled health check for volume /home/runner/work/ozone/ozone/hadoop-ozone/integration-test/target/test-dir/MiniOzoneClusterImpl-938474ea-96d6-4bd3-a45f-678920fb0bb2/datanode-2/data/ratis
2023-11-06 09:27:16,018 [d9016e39-0130-4fd9-896a-cac3c2785d02-EndpointStateMachineTaskThread-/0.0.0.0:15002-0 ] INFO  ozoneimpl.OzoneContainer (OzoneContainer.java:start(441)) - Attempting to start container services.
2023-11-06 09:27:16,019 [d9016e39-0130-4fd9-896a-cac3c2785d02-EndpointStateMachineTaskThread-/0.0.0.0:15002-0 ] INFO  ozoneimpl.OzoneContainer (OzoneContainer.java:startContainerScrub(337)) - Scheduled background container scanners and the on-demand container scanner have been disabled.
2023-11-06 09:27:16,020 [d9016e39-0130-4fd9-896a-cac3c2785d02-EndpointStateMachineTaskThread-/0.0.0.0:15002-0 ] INFO  replication.ReplicationServer (ReplicationServer.java:start(139)) - ReplicationServer is started using port 15034
2023-11-06 09:27:16,020 [d9016e39-0130-4fd9-896a-cac3c2785d02-EndpointStateMachineTaskThread-/0.0.0.0:15002-0 ] INFO  ratis.XceiverServerRatis (XceiverServerRatis.java:start(518)) - Starting XceiverServerRatis d9016e39-0130-4fd9-896a-cac3c2785d02
2023-11-06 09:27:16,028 [d9016e39-0130-4fd9-896a-cac3c2785d02-impl-thread1] INFO  storage.RaftStorageDirectory (RaftStorageDirectoryImpl.java:tryLock(231)) - Lock on /home/runner/work/ozone/ozone/hadoop-ozone/integration-test/target/test-dir/MiniOzoneClusterImpl-938474ea-96d6-4bd3-a45f-678920fb0bb2/datanode-2/data/ratis/d6c272c6-0f48-426a-923d-3e664a0854e0/in_use.lock acquired by nodename 20533@fv-az241-347
2023-11-06 09:27:16,028 [d9016e39-0130-4fd9-896a-cac3c2785d02-impl-thread2] INFO  storage.RaftStorageDirectory (RaftStorageDirectoryImpl.java:tryLock(231)) - Lock on /home/runner/work/ozone/ozone/hadoop-ozone/integration-test/target/test-dir/MiniOzoneClusterImpl-938474ea-96d6-4bd3-a45f-678920fb0bb2/datanode-2/data/ratis/15f9db0e-4f6c-4380-b94d-0db81d4fe909/in_use.lock acquired by nodename 20533@fv-az241-347
2023-11-06 09:27:16,029 [d9016e39-0130-4fd9-896a-cac3c2785d02-impl-thread1] INFO  storage.RaftStorage (RaftStorageImpl.java:analyzeAndRecoverStorage(117)) - Read RaftStorageMetadata{term=1, votedFor=d9016e39-0130-4fd9-896a-cac3c2785d02} from /home/runner/work/ozone/ozone/hadoop-ozone/integration-test/target/test-dir/MiniOzoneClusterImpl-938474ea-96d6-4bd3-a45f-678920fb0bb2/datanode-2/data/ratis/d6c272c6-0f48-426a-923d-3e664a0854e0/current/raft-meta
2023-11-06 09:27:16,030 [d9016e39-0130-4fd9-896a-cac3c2785d02-impl-thread3] INFO  storage.RaftStorageDirectory (RaftStorageDirectoryImpl.java:tryLock(231)) - Lock on /home/runner/work/ozone/ozone/hadoop-ozone/integration-test/target/test-dir/MiniOzoneClusterImpl-938474ea-96d6-4bd3-a45f-678920fb0bb2/datanode-2/data/ratis/4a550c64-9968-4de5-acde-c449668a084e/in_use.lock acquired by nodename 20533@fv-az241-347
2023-11-06 09:27:16,030 [d9016e39-0130-4fd9-896a-cac3c2785d02-impl-thread3] INFO  storage.RaftStorage (RaftStorageImpl.java:analyzeAndRecoverStorage(117)) - Read RaftStorageMetadata{term=1, votedFor=d9016e39-0130-4fd9-896a-cac3c2785d02} from /home/runner/work/ozone/ozone/hadoop-ozone/integration-test/target/test-dir/MiniOzoneClusterImpl-938474ea-96d6-4bd3-a45f-678920fb0bb2/datanode-2/data/ratis/4a550c64-9968-4de5-acde-c449668a084e/current/raft-meta
2023-11-06 09:27:16,032 [d9016e39-0130-4fd9-896a-cac3c2785d02-impl-thread1] INFO  server.RaftServer$Division (ServerState.java:setRaftConf(434)) - d9016e39-0130-4fd9-896a-cac3c2785d02@group-3E664A0854E0: set configuration 0: peers:[d9016e39-0130-4fd9-896a-cac3c2785d02|rpc:10.1.0.6:15032|admin:10.1.0.6:15031|client:10.1.0.6:15030|dataStream:10.1.0.6:15033|priority:1|startupRole:FOLLOWER, fedf11b8-0957-422e-880a-91cc26979c7a|rpc:10.1.0.6:15014|admin:10.1.0.6:15013|client:10.1.0.6:15012|dataStream:10.1.0.6:15015|priority:0|startupRole:FOLLOWER, 0eeb79a9-13fd-416c-b2a7-6f654c6b5029|rpc:10.1.0.6:15023|admin:10.1.0.6:15022|client:10.1.0.6:15021|dataStream:10.1.0.6:15024|priority:0|startupRole:FOLLOWER]|listeners:[], old=null
2023-11-06 09:27:16,033 [d9016e39-0130-4fd9-896a-cac3c2785d02-impl-thread3] INFO  server.RaftServer$Division (ServerState.java:setRaftConf(434)) - d9016e39-0130-4fd9-896a-cac3c2785d02@group-C449668A084E: set configuration 0: peers:[d9016e39-0130-4fd9-896a-cac3c2785d02|rpc:10.1.0.6:15032|admin:10.1.0.6:15031|client:10.1.0.6:15030|dataStream:10.1.0.6:15033|priority:1|startupRole:FOLLOWER]|listeners:[], old=null
2023-11-06 09:27:16,033 [d9016e39-0130-4fd9-896a-cac3c2785d02-impl-thread2] INFO  storage.RaftStorage (RaftStorageImpl.java:analyzeAndRecoverStorage(117)) - Read RaftStorageMetadata{term=1, votedFor=0eeb79a9-13fd-416c-b2a7-6f654c6b5029} from /home/runner/work/ozone/ozone/hadoop-ozone/integration-test/target/test-dir/MiniOzoneClusterImpl-938474ea-96d6-4bd3-a45f-678920fb0bb2/datanode-2/data/ratis/15f9db0e-4f6c-4380-b94d-0db81d4fe909/current/raft-meta
2023-11-06 09:27:16,037 [d9016e39-0130-4fd9-896a-cac3c2785d02-impl-thread2] INFO  ratis.ContainerStateMachine (ContainerStateMachine.java:loadSnapshot(269)) - group-0DB81D4FE909: The snapshot info is null. Setting the last applied indexto:(t:0, i:~)
2023-11-06 09:27:16,037 [d9016e39-0130-4fd9-896a-cac3c2785d02-impl-thread2] INFO  server.RaftServerConfigKeys (ConfUtils.java:logGet(46)) - raft.server.log.use.memory = false (default)
2023-11-06 09:27:16,037 [d9016e39-0130-4fd9-896a-cac3c2785d02-impl-thread2] INFO  server.RaftServerConfigKeys (ConfUtils.java:logGet(46)) - raft.server.log.purge.gap = 1000000 (custom)
2023-11-06 09:27:16,037 [d9016e39-0130-4fd9-896a-cac3c2785d02-impl-thread2] INFO  server.RaftServerConfigKeys (ConfUtils.java:logGet(46)) - raft.server.log.appender.buffer.byte-limit = 33554432 (custom)
2023-11-06 09:27:16,038 [d9016e39-0130-4fd9-896a-cac3c2785d02-impl-thread2] INFO  server.RaftServerConfigKeys (ConfUtils.java:logGet(46)) - raft.server.log.statemachine.data.read.timeout = 1000ms (default)
2023-11-06 09:27:16,038 [d9016e39-0130-4fd9-896a-cac3c2785d02-impl-thread2] INFO  server.RaftServerConfigKeys (ConfUtils.java:logGet(46)) - raft.server.log.purge.preservation.log.num = 0 (default)
2023-11-06 09:27:16,039 [d9016e39-0130-4fd9-896a-cac3c2785d02-impl-thread1] INFO  ratis.ContainerStateMachine (ContainerStateMachine.java:loadSnapshot(278)) - group-3E664A0854E0: Setting the last applied index to (t:1, i:0)
2023-11-06 09:27:16,040 [d9016e39-0130-4fd9-896a-cac3c2785d02-impl-thread1] INFO  server.RaftServerConfigKeys (ConfUtils.java:logGet(46)) - raft.server.log.use.memory = false (default)
2023-11-06 09:27:16,041 [d9016e39-0130-4fd9-896a-cac3c2785d02-impl-thread1] INFO  server.RaftServerConfigKeys (ConfUtils.java:logGet(46)) - raft.server.log.purge.gap = 1000000 (custom)
2023-11-06 09:27:16,041 [d9016e39-0130-4fd9-896a-cac3c2785d02-impl-thread1] INFO  server.RaftServerConfigKeys (ConfUtils.java:logGet(46)) - raft.server.log.appender.buffer.byte-limit = 33554432 (custom)
2023-11-06 09:27:16,041 [d9016e39-0130-4fd9-896a-cac3c2785d02-impl-thread1] INFO  server.RaftServerConfigKeys (ConfUtils.java:logGet(46)) - raft.server.log.statemachine.data.read.timeout = 1000ms (default)
2023-11-06 09:27:16,041 [d9016e39-0130-4fd9-896a-cac3c2785d02-impl-thread1] INFO  server.RaftServerConfigKeys (ConfUtils.java:logGet(46)) - raft.server.log.purge.preservation.log.num = 0 (default)
2023-11-06 09:27:16,041 [d9016e39-0130-4fd9-896a-cac3c2785d02-impl-thread1] INFO  server.RaftServerConfigKeys (ConfUtils.java:logGet(46)) - raft.server.log.segment.size.max = 1048576 (custom)
2023-11-06 09:27:16,044 [d9016e39-0130-4fd9-896a-cac3c2785d02-impl-thread1] INFO  server.RaftServerConfigKeys (ConfUtils.java:logGet(46)) - raft.server.log.segment.cache.num.max = 2 (custom)
2023-11-06 09:27:16,044 [d9016e39-0130-4fd9-896a-cac3c2785d02-impl-thread1] INFO  server.RaftServerConfigKeys (ConfUtils.java:logGet(46)) - raft.server.log.segment.cache.size.max = 200MB (=209715200) (default)
2023-11-06 09:27:16,044 [d9016e39-0130-4fd9-896a-cac3c2785d02-impl-thread1] INFO  server.RaftServerConfigKeys (ConfUtils.java:logGet(46)) - raft.server.log.appender.buffer.byte-limit = 33554432 (custom)
2023-11-06 09:27:16,044 [d9016e39-0130-4fd9-896a-cac3c2785d02-impl-thread1] INFO  segmented.SegmentedRaftLogWorker (SegmentedRaftLogWorker.java:<init>(188)) - new d9016e39-0130-4fd9-896a-cac3c2785d02@group-3E664A0854E0-SegmentedRaftLogWorker for RaftStorageImpl:Storage Directory /home/runner/work/ozone/ozone/hadoop-ozone/integration-test/target/test-dir/MiniOzoneClusterImpl-938474ea-96d6-4bd3-a45f-678920fb0bb2/datanode-2/data/ratis/d6c272c6-0f48-426a-923d-3e664a0854e0
2023-11-06 09:27:16,044 [d9016e39-0130-4fd9-896a-cac3c2785d02-impl-thread1] INFO  server.RaftServerConfigKeys (ConfUtils.java:logGet(46)) - raft.server.log.queue.byte-limit = 4294967296 (custom)
2023-11-06 09:27:16,044 [d9016e39-0130-4fd9-896a-cac3c2785d02-impl-thread1] INFO  server.RaftServerConfigKeys (ConfUtils.java:logGet(46)) - raft.server.log.queue.element-limit = 1024 (custom)
2023-11-06 09:27:16,044 [d9016e39-0130-4fd9-896a-cac3c2785d02-impl-thread1] INFO  server.RaftServerConfigKeys (ConfUtils.java:logGet(46)) - raft.server.log.segment.size.max = 1048576 (custom)
2023-11-06 09:27:16,045 [d9016e39-0130-4fd9-896a-cac3c2785d02-impl-thread1] INFO  server.RaftServerConfigKeys (ConfUtils.java:logGet(46)) - raft.server.log.preallocated.size = 16384 (custom)
2023-11-06 09:27:16,045 [d9016e39-0130-4fd9-896a-cac3c2785d02-impl-thread1] INFO  server.RaftServerConfigKeys (ConfUtils.java:logGet(46)) - raft.server.log.force.sync.num = 128 (default)
2023-11-06 09:27:16,045 [d9016e39-0130-4fd9-896a-cac3c2785d02-impl-thread1] INFO  server.RaftServerConfigKeys (ConfUtils.java:logGet(46)) - raft.server.log.statemachine.data.sync = true (default)
2023-11-06 09:27:16,045 [d9016e39-0130-4fd9-896a-cac3c2785d02-impl-thread1] INFO  server.RaftServerConfigKeys (ConfUtils.java:logGet(46)) - raft.server.log.statemachine.data.sync.timeout = 10s (default)
2023-11-06 09:27:16,046 [d9016e39-0130-4fd9-896a-cac3c2785d02-impl-thread1] INFO  server.RaftServerConfigKeys (ConfUtils.java:logGet(46)) - raft.server.log.statemachine.data.sync.timeout.retry = -1 (default)
2023-11-06 09:27:16,045 [d9016e39-0130-4fd9-896a-cac3c2785d02-impl-thread3] INFO  ratis.ContainerStateMachine (ContainerStateMachine.java:loadSnapshot(278)) - group-C449668A084E: Setting the last applied index to (t:1, i:0)
2023-11-06 09:27:16,046 [d9016e39-0130-4fd9-896a-cac3c2785d02-impl-thread3] INFO  server.RaftServerConfigKeys (ConfUtils.java:logGet(46)) - raft.server.log.use.memory = false (default)
2023-11-06 09:27:16,046 [d9016e39-0130-4fd9-896a-cac3c2785d02-impl-thread3] INFO  server.RaftServerConfigKeys (ConfUtils.java:logGet(46)) - raft.server.log.purge.gap = 1000000 (custom)
2023-11-06 09:27:16,046 [d9016e39-0130-4fd9-896a-cac3c2785d02-impl-thread3] INFO  server.RaftServerConfigKeys (ConfUtils.java:logGet(46)) - raft.server.log.appender.buffer.byte-limit = 33554432 (custom)
2023-11-06 09:27:16,046 [d9016e39-0130-4fd9-896a-cac3c2785d02-impl-thread3] INFO  server.RaftServerConfigKeys (ConfUtils.java:logGet(46)) - raft.server.log.statemachine.data.read.timeout = 1000ms (default)
2023-11-06 09:27:16,046 [d9016e39-0130-4fd9-896a-cac3c2785d02-impl-thread3] INFO  server.RaftServerConfigKeys (ConfUtils.java:logGet(46)) - raft.server.log.purge.preservation.log.num = 0 (default)
2023-11-06 09:27:16,046 [d9016e39-0130-4fd9-896a-cac3c2785d02-impl-thread3] INFO  server.RaftServerConfigKeys (ConfUtils.java:logGet(46)) - raft.server.log.segment.size.max = 1048576 (custom)
2023-11-06 09:27:16,045 [d9016e39-0130-4fd9-896a-cac3c2785d02-impl-thread2] INFO  server.RaftServerConfigKeys (ConfUtils.java:logGet(46)) - raft.server.log.segment.size.max = 1048576 (custom)
2023-11-06 09:27:16,047 [d9016e39-0130-4fd9-896a-cac3c2785d02-impl-thread2] INFO  server.RaftServerConfigKeys (ConfUtils.java:logGet(46)) - raft.server.log.segment.cache.num.max = 2 (custom)
2023-11-06 09:27:16,047 [d9016e39-0130-4fd9-896a-cac3c2785d02-impl-thread2] INFO  server.RaftServerConfigKeys (ConfUtils.java:logGet(46)) - raft.server.log.segment.cache.size.max = 200MB (=209715200) (default)
2023-11-06 09:27:16,047 [d9016e39-0130-4fd9-896a-cac3c2785d02-impl-thread2] INFO  server.RaftServerConfigKeys (ConfUtils.java:logGet(46)) - raft.server.log.appender.buffer.byte-limit = 33554432 (custom)
2023-11-06 09:27:16,047 [d9016e39-0130-4fd9-896a-cac3c2785d02-impl-thread2] INFO  segmented.SegmentedRaftLogWorker (SegmentedRaftLogWorker.java:<init>(188)) - new d9016e39-0130-4fd9-896a-cac3c2785d02@group-0DB81D4FE909-SegmentedRaftLogWorker for RaftStorageImpl:Storage Directory /home/runner/work/ozone/ozone/hadoop-ozone/integration-test/target/test-dir/MiniOzoneClusterImpl-938474ea-96d6-4bd3-a45f-678920fb0bb2/datanode-2/data/ratis/15f9db0e-4f6c-4380-b94d-0db81d4fe909
2023-11-06 09:27:16,047 [d9016e39-0130-4fd9-896a-cac3c2785d02-impl-thread2] INFO  server.RaftServerConfigKeys (ConfUtils.java:logGet(46)) - raft.server.log.queue.byte-limit = 4294967296 (custom)
2023-11-06 09:27:16,047 [d9016e39-0130-4fd9-896a-cac3c2785d02-impl-thread2] INFO  server.RaftServerConfigKeys (ConfUtils.java:logGet(46)) - raft.server.log.queue.element-limit = 1024 (custom)
2023-11-06 09:27:16,047 [d9016e39-0130-4fd9-896a-cac3c2785d02-impl-thread2] INFO  server.RaftServerConfigKeys (ConfUtils.java:logGet(46)) - raft.server.log.segment.size.max = 1048576 (custom)
2023-11-06 09:27:16,047 [d9016e39-0130-4fd9-896a-cac3c2785d02-impl-thread2] INFO  server.RaftServerConfigKeys (ConfUtils.java:logGet(46)) - raft.server.log.preallocated.size = 16384 (custom)
2023-11-06 09:27:16,047 [d9016e39-0130-4fd9-896a-cac3c2785d02-impl-thread2] INFO  server.RaftServerConfigKeys (ConfUtils.java:logGet(46)) - raft.server.log.force.sync.num = 128 (default)
2023-11-06 09:27:16,047 [d9016e39-0130-4fd9-896a-cac3c2785d02-impl-thread2] INFO  server.RaftServerConfigKeys (ConfUtils.java:logGet(46)) - raft.server.log.statemachine.data.sync = true (default)
2023-11-06 09:27:16,047 [d9016e39-0130-4fd9-896a-cac3c2785d02-impl-thread2] INFO  server.RaftServerConfigKeys (ConfUtils.java:logGet(46)) - raft.server.log.statemachine.data.sync.timeout = 10s (default)
2023-11-06 09:27:16,047 [d9016e39-0130-4fd9-896a-cac3c2785d02-impl-thread2] INFO  server.RaftServerConfigKeys (ConfUtils.java:logGet(46)) - raft.server.log.statemachine.data.sync.timeout.retry = -1 (default)
2023-11-06 09:27:16,048 [d9016e39-0130-4fd9-896a-cac3c2785d02-impl-thread3] INFO  server.RaftServerConfigKeys (ConfUtils.java:logGet(46)) - raft.server.log.segment.cache.num.max = 2 (custom)
2023-11-06 09:27:16,048 [d9016e39-0130-4fd9-896a-cac3c2785d02-impl-thread3] INFO  server.RaftServerConfigKeys (ConfUtils.java:logGet(46)) - raft.server.log.segment.cache.size.max = 200MB (=209715200) (default)
2023-11-06 09:27:16,049 [d9016e39-0130-4fd9-896a-cac3c2785d02-impl-thread3] INFO  server.RaftServerConfigKeys (ConfUtils.java:logGet(46)) - raft.server.log.appender.buffer.byte-limit = 33554432 (custom)
2023-11-06 09:27:16,049 [d9016e39-0130-4fd9-896a-cac3c2785d02-impl-thread3] INFO  segmented.SegmentedRaftLogWorker (SegmentedRaftLogWorker.java:<init>(188)) - new d9016e39-0130-4fd9-896a-cac3c2785d02@group-C449668A084E-SegmentedRaftLogWorker for RaftStorageImpl:Storage Directory /home/runner/work/ozone/ozone/hadoop-ozone/integration-test/target/test-dir/MiniOzoneClusterImpl-938474ea-96d6-4bd3-a45f-678920fb0bb2/datanode-2/data/ratis/4a550c64-9968-4de5-acde-c449668a084e
2023-11-06 09:27:16,049 [d9016e39-0130-4fd9-896a-cac3c2785d02-impl-thread3] INFO  server.RaftServerConfigKeys (ConfUtils.java:logGet(46)) - raft.server.log.queue.byte-limit = 4294967296 (custom)
2023-11-06 09:27:16,049 [d9016e39-0130-4fd9-896a-cac3c2785d02-impl-thread3] INFO  server.RaftServerConfigKeys (ConfUtils.java:logGet(46)) - raft.server.log.queue.element-limit = 1024 (custom)
2023-11-06 09:27:16,049 [d9016e39-0130-4fd9-896a-cac3c2785d02-impl-thread3] INFO  server.RaftServerConfigKeys (ConfUtils.java:logGet(46)) - raft.server.log.segment.size.max = 1048576 (custom)
2023-11-06 09:27:16,049 [d9016e39-0130-4fd9-896a-cac3c2785d02-impl-thread3] INFO  server.RaftServerConfigKeys (ConfUtils.java:logGet(46)) - raft.server.log.preallocated.size = 16384 (custom)
2023-11-06 09:27:16,049 [d9016e39-0130-4fd9-896a-cac3c2785d02-impl-thread3] INFO  server.RaftServerConfigKeys (ConfUtils.java:logGet(46)) - raft.server.log.force.sync.num = 128 (default)
2023-11-06 09:27:16,049 [d9016e39-0130-4fd9-896a-cac3c2785d02-impl-thread3] INFO  server.RaftServerConfigKeys (ConfUtils.java:logGet(46)) - raft.server.log.statemachine.data.sync = true (default)
2023-11-06 09:27:16,049 [d9016e39-0130-4fd9-896a-cac3c2785d02-impl-thread3] INFO  server.RaftServerConfigKeys (ConfUtils.java:logGet(46)) - raft.server.log.statemachine.data.sync.timeout = 10s (default)
2023-11-06 09:27:16,049 [d9016e39-0130-4fd9-896a-cac3c2785d02-impl-thread3] INFO  server.RaftServerConfigKeys (ConfUtils.java:logGet(46)) - raft.server.log.statemachine.data.sync.timeout.retry = -1 (default)
2023-11-06 09:27:16,049 [d9016e39-0130-4fd9-896a-cac3c2785d02-impl-thread2] INFO  server.RaftServerConfigKeys (ConfUtils.java:logGet(46)) - raft.server.log.write.buffer.size = 1048576 (custom)
2023-11-06 09:27:16,050 [d9016e39-0130-4fd9-896a-cac3c2785d02-impl-thread1] INFO  server.RaftServerConfigKeys (ConfUtils.java:logGet(46)) - raft.server.log.write.buffer.size = 1048576 (custom)
2023-11-06 09:27:16,051 [d9016e39-0130-4fd9-896a-cac3c2785d02-impl-thread1] INFO  server.RaftServerConfigKeys (ConfUtils.java:logGet(46)) - raft.server.log.appender.buffer.byte-limit = 33554432 (custom)
2023-11-06 09:27:16,051 [d9016e39-0130-4fd9-896a-cac3c2785d02-impl-thread3] INFO  server.RaftServerConfigKeys (ConfUtils.java:logGet(46)) - raft.server.log.write.buffer.size = 1048576 (custom)
2023-11-06 09:27:16,051 [d9016e39-0130-4fd9-896a-cac3c2785d02-impl-thread3] INFO  server.RaftServerConfigKeys (ConfUtils.java:logGet(46)) - raft.server.log.appender.buffer.byte-limit = 33554432 (custom)
2023-11-06 09:27:16,053 [d9016e39-0130-4fd9-896a-cac3c2785d02-impl-thread2] INFO  server.RaftServerConfigKeys (ConfUtils.java:logGet(46)) - raft.server.log.appender.buffer.byte-limit = 33554432 (custom)
2023-11-06 09:27:16,065 [d9016e39-0130-4fd9-896a-cac3c2785d02-impl-thread1] INFO  server.RaftServerConfigKeys (ConfUtils.java:logGet(46)) - raft.server.log.unsafe-flush.enabled = false (default)
2023-11-06 09:27:16,065 [d9016e39-0130-4fd9-896a-cac3c2785d02-impl-thread1] INFO  server.RaftServerConfigKeys (ConfUtils.java:logGet(46)) - raft.server.log.async-flush.enabled = false (default)
2023-11-06 09:27:16,065 [d9016e39-0130-4fd9-896a-cac3c2785d02-impl-thread1] INFO  server.RaftServerConfigKeys (ConfUtils.java:logGet(46)) - raft.server.log.statemachine.data.caching.enabled = true (custom)
2023-11-06 09:27:16,066 [d9016e39-0130-4fd9-896a-cac3c2785d02-impl-thread3] INFO  server.RaftServerConfigKeys (ConfUtils.java:logGet(46)) - raft.server.log.unsafe-flush.enabled = false (default)
2023-11-06 09:27:16,066 [d9016e39-0130-4fd9-896a-cac3c2785d02-impl-thread3] INFO  server.RaftServerConfigKeys (ConfUtils.java:logGet(46)) - raft.server.log.async-flush.enabled = false (default)
2023-11-06 09:27:16,066 [d9016e39-0130-4fd9-896a-cac3c2785d02-impl-thread3] INFO  server.RaftServerConfigKeys (ConfUtils.java:logGet(46)) - raft.server.log.statemachine.data.caching.enabled = true (custom)
2023-11-06 09:27:16,067 [d9016e39-0130-4fd9-896a-cac3c2785d02-impl-thread2] INFO  server.RaftServerConfigKeys (ConfUtils.java:logGet(46)) - raft.server.log.unsafe-flush.enabled = false (default)
2023-11-06 09:27:16,067 [d9016e39-0130-4fd9-896a-cac3c2785d02-impl-thread2] INFO  server.RaftServerConfigKeys (ConfUtils.java:logGet(46)) - raft.server.log.async-flush.enabled = false (default)
2023-11-06 09:27:16,067 [d9016e39-0130-4fd9-896a-cac3c2785d02-impl-thread2] INFO  server.RaftServerConfigKeys (ConfUtils.java:logGet(46)) - raft.server.log.statemachine.data.caching.enabled = true (custom)
2023-11-06 09:27:16,074 [d9016e39-0130-4fd9-896a-cac3c2785d02-impl-thread3] INFO  server.RaftServer$Division (ServerState.java:setRaftConf(434)) - d9016e39-0130-4fd9-896a-cac3c2785d02@group-C449668A084E: set configuration 0: peers:[d9016e39-0130-4fd9-896a-cac3c2785d02|rpc:10.1.0.6:15032|admin:10.1.0.6:15031|client:10.1.0.6:15030|dataStream:10.1.0.6:15033|priority:1|startupRole:FOLLOWER]|listeners:[], old=null
2023-11-06 09:27:16,075 [d9016e39-0130-4fd9-896a-cac3c2785d02-impl-thread3] INFO  segmented.LogSegment (LogSegment.java:loadSegment(170)) - Successfully read 1 entries from segment file /home/runner/work/ozone/ozone/hadoop-ozone/integration-test/target/test-dir/MiniOzoneClusterImpl-938474ea-96d6-4bd3-a45f-678920fb0bb2/datanode-2/data/ratis/4a550c64-9968-4de5-acde-c449668a084e/current/log_inprogress_0
2023-11-06 09:27:16,075 [d9016e39-0130-4fd9-896a-cac3c2785d02-impl-thread3] INFO  segmented.SegmentedRaftLogWorker (SegmentedRaftLogWorker.java:lambda$new$0(135)) - d9016e39-0130-4fd9-896a-cac3c2785d02@group-C449668A084E-SegmentedRaftLogWorker: safeCacheEvictIndex: setUnconditionally 0 -> -1
2023-11-06 09:27:16,075 [d9016e39-0130-4fd9-896a-cac3c2785d02-impl-thread3] INFO  server.RaftServer$Division (RaftServerImpl.java:start(342)) - d9016e39-0130-4fd9-896a-cac3c2785d02@group-C449668A084E: start as a follower, conf=0: peers:[d9016e39-0130-4fd9-896a-cac3c2785d02|rpc:10.1.0.6:15032|admin:10.1.0.6:15031|client:10.1.0.6:15030|dataStream:10.1.0.6:15033|priority:1|startupRole:FOLLOWER]|listeners:[], old=null
2023-11-06 09:27:16,076 [d9016e39-0130-4fd9-896a-cac3c2785d02-impl-thread3] INFO  server.RaftServer$Division (RaftServerImpl.java:setRole(329)) - d9016e39-0130-4fd9-896a-cac3c2785d02@group-C449668A084E: changes role from      null to FOLLOWER at term 1 for startAsFollower
2023-11-06 09:27:16,076 [d9016e39-0130-4fd9-896a-cac3c2785d02-impl-thread3] INFO  impl.RoleInfo (RoleInfo.java:updateAndGet(139)) - d9016e39-0130-4fd9-896a-cac3c2785d02: start d9016e39-0130-4fd9-896a-cac3c2785d02@group-C449668A084E-FollowerState
2023-11-06 09:27:16,076 [d9016e39-0130-4fd9-896a-cac3c2785d02-impl-thread3] INFO  util.JmxRegister (JmxRegister.java:tryRegister(44)) - Successfully registered JMX Bean with object name Ratis:service=RaftServer,group=group-C449668A084E,id=d9016e39-0130-4fd9-896a-cac3c2785d02
2023-11-06 09:27:16,076 [d9016e39-0130-4fd9-896a-cac3c2785d02-impl-thread3] INFO  server.RaftServerConfigKeys (ConfUtils.java:logGet(46)) - raft.server.snapshot.auto.trigger.enabled = true (custom)
2023-11-06 09:27:16,076 [d9016e39-0130-4fd9-896a-cac3c2785d02-impl-thread3] INFO  server.RaftServerConfigKeys (ConfUtils.java:logGet(46)) - raft.server.snapshot.auto.trigger.threshold = 10000 (custom)
2023-11-06 09:27:16,076 [d9016e39-0130-4fd9-896a-cac3c2785d02-impl-thread3] INFO  server.RaftServerConfigKeys (ConfUtils.java:logGet(46)) - raft.server.snapshot.retention.file.num = 5 (custom)
2023-11-06 09:27:16,076 [d9016e39-0130-4fd9-896a-cac3c2785d02-impl-thread3] INFO  server.RaftServerConfigKeys (ConfUtils.java:logGet(46)) - raft.server.log.purge.upto.snapshot.index = false (default)
2023-11-06 09:27:16,077 [d9016e39-0130-4fd9-896a-cac3c2785d02@group-C449668A084E-FollowerState] INFO  server.RaftServerConfigKeys (ConfUtils.java:logFallback(53)) - raft.server.rpc.first-election.timeout.min = 5s (fallback to raft.server.rpc.timeout.min)
2023-11-06 09:27:16,077 [d9016e39-0130-4fd9-896a-cac3c2785d02@group-C449668A084E-FollowerState] INFO  server.RaftServerConfigKeys (ConfUtils.java:logFallback(53)) - raft.server.rpc.first-election.timeout.max = 5200ms (fallback to raft.server.rpc.timeout.max)
2023-11-06 09:27:16,084 [d9016e39-0130-4fd9-896a-cac3c2785d02-impl-thread2] INFO  server.RaftServer$Division (ServerState.java:setRaftConf(434)) - d9016e39-0130-4fd9-896a-cac3c2785d02@group-0DB81D4FE909: set configuration 0: peers:[d9016e39-0130-4fd9-896a-cac3c2785d02|rpc:10.1.0.6:15032|admin:10.1.0.6:15031|client:10.1.0.6:15030|dataStream:10.1.0.6:15033|priority:0|startupRole:FOLLOWER, fedf11b8-0957-422e-880a-91cc26979c7a|rpc:10.1.0.6:15014|admin:10.1.0.6:15013|client:10.1.0.6:15012|dataStream:10.1.0.6:15015|priority:0|startupRole:FOLLOWER, 0eeb79a9-13fd-416c-b2a7-6f654c6b5029|rpc:10.1.0.6:15023|admin:10.1.0.6:15022|client:10.1.0.6:15021|dataStream:10.1.0.6:15024|priority:1|startupRole:FOLLOWER]|listeners:[], old=null
2023-11-06 09:27:16,084 [d9016e39-0130-4fd9-896a-cac3c2785d02-impl-thread2] INFO  segmented.LogSegment (LogSegment.java:loadSegment(170)) - Successfully read 1 entries from segment file /home/runner/work/ozone/ozone/hadoop-ozone/integration-test/target/test-dir/MiniOzoneClusterImpl-938474ea-96d6-4bd3-a45f-678920fb0bb2/datanode-2/data/ratis/15f9db0e-4f6c-4380-b94d-0db81d4fe909/current/log_inprogress_0
2023-11-06 09:27:16,086 [d9016e39-0130-4fd9-896a-cac3c2785d02-impl-thread2] INFO  segmented.SegmentedRaftLogWorker (SegmentedRaftLogWorker.java:lambda$new$0(135)) - d9016e39-0130-4fd9-896a-cac3c2785d02@group-0DB81D4FE909-SegmentedRaftLogWorker: safeCacheEvictIndex: setUnconditionally 0 -> -1
2023-11-06 09:27:16,087 [d9016e39-0130-4fd9-896a-cac3c2785d02-impl-thread1] INFO  server.RaftServer$Division (ServerState.java:setRaftConf(434)) - d9016e39-0130-4fd9-896a-cac3c2785d02@group-3E664A0854E0: set configuration 0: peers:[d9016e39-0130-4fd9-896a-cac3c2785d02|rpc:10.1.0.6:15032|admin:10.1.0.6:15031|client:10.1.0.6:15030|dataStream:10.1.0.6:15033|priority:1|startupRole:FOLLOWER, fedf11b8-0957-422e-880a-91cc26979c7a|rpc:10.1.0.6:15014|admin:10.1.0.6:15013|client:10.1.0.6:15012|dataStream:10.1.0.6:15015|priority:0|startupRole:FOLLOWER, 0eeb79a9-13fd-416c-b2a7-6f654c6b5029|rpc:10.1.0.6:15023|admin:10.1.0.6:15022|client:10.1.0.6:15021|dataStream:10.1.0.6:15024|priority:0|startupRole:FOLLOWER]|listeners:[], old=null
2023-11-06 09:27:16,088 [d9016e39-0130-4fd9-896a-cac3c2785d02-impl-thread1] INFO  segmented.LogSegment (LogSegment.java:loadSegment(170)) - Successfully read 1 entries from segment file /home/runner/work/ozone/ozone/hadoop-ozone/integration-test/target/test-dir/MiniOzoneClusterImpl-938474ea-96d6-4bd3-a45f-678920fb0bb2/datanode-2/data/ratis/d6c272c6-0f48-426a-923d-3e664a0854e0/current/log_inprogress_0
2023-11-06 09:27:16,088 [d9016e39-0130-4fd9-896a-cac3c2785d02-impl-thread1] INFO  segmented.SegmentedRaftLogWorker (SegmentedRaftLogWorker.java:lambda$new$0(135)) - d9016e39-0130-4fd9-896a-cac3c2785d02@group-3E664A0854E0-SegmentedRaftLogWorker: safeCacheEvictIndex: setUnconditionally 0 -> -1
2023-11-06 09:27:16,089 [d9016e39-0130-4fd9-896a-cac3c2785d02-impl-thread2] INFO  server.RaftServer$Division (RaftServerImpl.java:start(342)) - d9016e39-0130-4fd9-896a-cac3c2785d02@group-0DB81D4FE909: start as a follower, conf=0: peers:[d9016e39-0130-4fd9-896a-cac3c2785d02|rpc:10.1.0.6:15032|admin:10.1.0.6:15031|client:10.1.0.6:15030|dataStream:10.1.0.6:15033|priority:0|startupRole:FOLLOWER, fedf11b8-0957-422e-880a-91cc26979c7a|rpc:10.1.0.6:15014|admin:10.1.0.6:15013|client:10.1.0.6:15012|dataStream:10.1.0.6:15015|priority:0|startupRole:FOLLOWER, 0eeb79a9-13fd-416c-b2a7-6f654c6b5029|rpc:10.1.0.6:15023|admin:10.1.0.6:15022|client:10.1.0.6:15021|dataStream:10.1.0.6:15024|priority:1|startupRole:FOLLOWER]|listeners:[], old=null
2023-11-06 09:27:16,089 [d9016e39-0130-4fd9-896a-cac3c2785d02-impl-thread2] INFO  server.RaftServer$Division (RaftServerImpl.java:setRole(329)) - d9016e39-0130-4fd9-896a-cac3c2785d02@group-0DB81D4FE909: changes role from      null to FOLLOWER at term 1 for startAsFollower
2023-11-06 09:27:16,094 [d9016e39-0130-4fd9-896a-cac3c2785d02-impl-thread2] INFO  impl.RoleInfo (RoleInfo.java:updateAndGet(139)) - d9016e39-0130-4fd9-896a-cac3c2785d02: start d9016e39-0130-4fd9-896a-cac3c2785d02@group-0DB81D4FE909-FollowerState
2023-11-06 09:27:16,094 [d9016e39-0130-4fd9-896a-cac3c2785d02-impl-thread1] INFO  server.RaftServer$Division (RaftServerImpl.java:start(342)) - d9016e39-0130-4fd9-896a-cac3c2785d02@group-3E664A0854E0: start as a follower, conf=0: peers:[d9016e39-0130-4fd9-896a-cac3c2785d02|rpc:10.1.0.6:15032|admin:10.1.0.6:15031|client:10.1.0.6:15030|dataStream:10.1.0.6:15033|priority:1|startupRole:FOLLOWER, fedf11b8-0957-422e-880a-91cc26979c7a|rpc:10.1.0.6:15014|admin:10.1.0.6:15013|client:10.1.0.6:15012|dataStream:10.1.0.6:15015|priority:0|startupRole:FOLLOWER, 0eeb79a9-13fd-416c-b2a7-6f654c6b5029|rpc:10.1.0.6:15023|admin:10.1.0.6:15022|client:10.1.0.6:15021|dataStream:10.1.0.6:15024|priority:0|startupRole:FOLLOWER]|listeners:[], old=null
2023-11-06 09:27:16,094 [d9016e39-0130-4fd9-896a-cac3c2785d02-impl-thread1] INFO  server.RaftServer$Division (RaftServerImpl.java:setRole(329)) - d9016e39-0130-4fd9-896a-cac3c2785d02@group-3E664A0854E0: changes role from      null to FOLLOWER at term 1 for startAsFollower
2023-11-06 09:27:16,095 [d9016e39-0130-4fd9-896a-cac3c2785d02-impl-thread2] INFO  util.JmxRegister (JmxRegister.java:tryRegister(44)) - Successfully registered JMX Bean with object name Ratis:service=RaftServer,group=group-0DB81D4FE909,id=d9016e39-0130-4fd9-896a-cac3c2785d02
2023-11-06 09:27:16,095 [d9016e39-0130-4fd9-896a-cac3c2785d02-impl-thread2] INFO  server.RaftServerConfigKeys (ConfUtils.java:logGet(46)) - raft.server.snapshot.auto.trigger.enabled = true (custom)
2023-11-06 09:27:16,095 [d9016e39-0130-4fd9-896a-cac3c2785d02-impl-thread2] INFO  server.RaftServerConfigKeys (ConfUtils.java:logGet(46)) - raft.server.snapshot.auto.trigger.threshold = 10000 (custom)
2023-11-06 09:27:16,095 [d9016e39-0130-4fd9-896a-cac3c2785d02-impl-thread2] INFO  server.RaftServerConfigKeys (ConfUtils.java:logGet(46)) - raft.server.snapshot.retention.file.num = 5 (custom)
2023-11-06 09:27:16,095 [d9016e39-0130-4fd9-896a-cac3c2785d02-impl-thread2] INFO  server.RaftServerConfigKeys (ConfUtils.java:logGet(46)) - raft.server.log.purge.upto.snapshot.index = false (default)
2023-11-06 09:27:16,096 [d9016e39-0130-4fd9-896a-cac3c2785d02@group-0DB81D4FE909-FollowerState] INFO  server.RaftServerConfigKeys (ConfUtils.java:logFallback(53)) - raft.server.rpc.first-election.timeout.min = 5s (fallback to raft.server.rpc.timeout.min)
2023-11-06 09:27:16,096 [d9016e39-0130-4fd9-896a-cac3c2785d02@group-0DB81D4FE909-FollowerState] INFO  server.RaftServerConfigKeys (ConfUtils.java:logFallback(53)) - raft.server.rpc.first-election.timeout.max = 5200ms (fallback to raft.server.rpc.timeout.max)
2023-11-06 09:27:16,096 [d9016e39-0130-4fd9-896a-cac3c2785d02-impl-thread1] INFO  impl.RoleInfo (RoleInfo.java:updateAndGet(139)) - d9016e39-0130-4fd9-896a-cac3c2785d02: start d9016e39-0130-4fd9-896a-cac3c2785d02@group-3E664A0854E0-FollowerState
2023-11-06 09:27:16,096 [d9016e39-0130-4fd9-896a-cac3c2785d02-impl-thread1] INFO  util.JmxRegister (JmxRegister.java:tryRegister(44)) - Successfully registered JMX Bean with object name Ratis:service=RaftServer,group=group-3E664A0854E0,id=d9016e39-0130-4fd9-896a-cac3c2785d02
2023-11-06 09:27:16,096 [d9016e39-0130-4fd9-896a-cac3c2785d02-impl-thread1] INFO  server.RaftServerConfigKeys (ConfUtils.java:logGet(46)) - raft.server.snapshot.auto.trigger.enabled = true (custom)
2023-11-06 09:27:16,097 [d9016e39-0130-4fd9-896a-cac3c2785d02-impl-thread1] INFO  server.RaftServerConfigKeys (ConfUtils.java:logGet(46)) - raft.server.snapshot.auto.trigger.threshold = 10000 (custom)
2023-11-06 09:27:16,097 [d9016e39-0130-4fd9-896a-cac3c2785d02-impl-thread1] INFO  server.RaftServerConfigKeys (ConfUtils.java:logGet(46)) - raft.server.snapshot.retention.file.num = 5 (custom)
2023-11-06 09:27:16,097 [d9016e39-0130-4fd9-896a-cac3c2785d02-impl-thread1] INFO  server.RaftServerConfigKeys (ConfUtils.java:logGet(46)) - raft.server.log.purge.upto.snapshot.index = false (default)
2023-11-06 09:27:16,097 [d9016e39-0130-4fd9-896a-cac3c2785d02@group-3E664A0854E0-FollowerState] INFO  server.RaftServerConfigKeys (ConfUtils.java:logFallback(53)) - raft.server.rpc.first-election.timeout.min = 5s (fallback to raft.server.rpc.timeout.min)
2023-11-06 09:27:16,097 [d9016e39-0130-4fd9-896a-cac3c2785d02@group-3E664A0854E0-FollowerState] INFO  server.RaftServerConfigKeys (ConfUtils.java:logFallback(53)) - raft.server.rpc.first-election.timeout.max = 5200ms (fallback to raft.server.rpc.timeout.max)
2023-11-06 09:27:16,097 [d9016e39-0130-4fd9-896a-cac3c2785d02-EndpointStateMachineTaskThread-/0.0.0.0:15002-0 ] INFO  server.RaftServer (RaftServerProxy.java:startImpl(400)) - d9016e39-0130-4fd9-896a-cac3c2785d02: start RPC server
2023-11-06 09:27:16,098 [d9016e39-0130-4fd9-896a-cac3c2785d02-EndpointStateMachineTaskThread-/0.0.0.0:15002-0 ] INFO  server.GrpcService (GrpcService.java:startImpl(302)) - d9016e39-0130-4fd9-896a-cac3c2785d02: GrpcService started, listening on 15030
2023-11-06 09:27:16,098 [d9016e39-0130-4fd9-896a-cac3c2785d02-EndpointStateMachineTaskThread-/0.0.0.0:15002-0 ] INFO  server.GrpcService (GrpcService.java:startImpl(302)) - d9016e39-0130-4fd9-896a-cac3c2785d02: GrpcService started, listening on 15032
2023-11-06 09:27:16,099 [d9016e39-0130-4fd9-896a-cac3c2785d02-EndpointStateMachineTaskThread-/0.0.0.0:15002-0 ] INFO  server.GrpcService (GrpcService.java:startImpl(302)) - d9016e39-0130-4fd9-896a-cac3c2785d02: GrpcService started, listening on 15031
2023-11-06 09:27:16,099 [d9016e39-0130-4fd9-896a-cac3c2785d02-EndpointStateMachineTaskThread-/0.0.0.0:15002-0 ] INFO  ratis.XceiverServerRatis (XceiverServerRatis.java:getRealPort(544)) - XceiverServerRatis d9016e39-0130-4fd9-896a-cac3c2785d02 is started using port 15030 for RATIS
2023-11-06 09:27:16,099 [d9016e39-0130-4fd9-896a-cac3c2785d02-EndpointStateMachineTaskThread-/0.0.0.0:15002-0 ] INFO  ratis.XceiverServerRatis (XceiverServerRatis.java:getRealPort(544)) - XceiverServerRatis d9016e39-0130-4fd9-896a-cac3c2785d02 is started using port 15031 for RATIS_ADMIN
2023-11-06 09:27:16,099 [d9016e39-0130-4fd9-896a-cac3c2785d02-EndpointStateMachineTaskThread-/0.0.0.0:15002-0 ] INFO  ratis.XceiverServerRatis (XceiverServerRatis.java:getRealPort(544)) - XceiverServerRatis d9016e39-0130-4fd9-896a-cac3c2785d02 is started using port 15032 for RATIS_SERVER
2023-11-06 09:27:16,099 [d9016e39-0130-4fd9-896a-cac3c2785d02-EndpointStateMachineTaskThread-/0.0.0.0:15002-0 ] INFO  ratis.XceiverServerRatis (XceiverServerRatis.java:getRealPort(544)) - XceiverServerRatis d9016e39-0130-4fd9-896a-cac3c2785d02 is started using port 15033 for RATIS_DATASTREAM
2023-11-06 09:27:16,099 [JvmPauseMonitor12] INFO  util.JvmPauseMonitor (JvmPauseMonitor.java:run(103)) - JvmPauseMonitor-d9016e39-0130-4fd9-896a-cac3c2785d02: Started
2023-11-06 09:27:16,100 [d9016e39-0130-4fd9-896a-cac3c2785d02-BlockDeletingService#0] INFO  interfaces.ContainerDeletionChoosingPolicyTemplate (ContainerDeletionChoosingPolicyTemplate.java:chooseContainerForBlockDeletion(85)) - Chosen 0/5000 blocks from 0 candidate containers.
2023-11-06 09:27:17,001 [main] INFO  ozone.MiniOzoneClusterImpl (MiniOzoneClusterImpl.java:lambda$waitForClusterToBeReady$0(229)) - Waiting for nodes to be ready. Got 9 of 10 DN Heartbeats.
2023-11-06 09:27:17,001 [main] INFO  ozone.MiniOzoneClusterImpl (MiniOzoneClusterImpl.java:lambda$waitForClusterToBeReady$0(232)) - Cluster exits safe mode
2023-11-06 09:27:17,001 [main] INFO  ozone.MiniOzoneClusterImpl (MiniOzoneClusterImpl.java:lambda$waitForClusterToBeReady$0(234)) - SCM became leader
2023-11-06 09:27:18,002 [main] INFO  ozone.MiniOzoneClusterImpl (MiniOzoneClusterImpl.java:lambda$waitForClusterToBeReady$0(229)) - Waiting for nodes to be ready. Got 9 of 10 DN Heartbeats.
2023-11-06 09:27:18,002 [main] INFO  ozone.MiniOzoneClusterImpl (MiniOzoneClusterImpl.java:lambda$waitForClusterToBeReady$0(232)) - Cluster exits safe mode
2023-11-06 09:27:18,002 [main] INFO  ozone.MiniOzoneClusterImpl (MiniOzoneClusterImpl.java:lambda$waitForClusterToBeReady$0(234)) - SCM became leader
2023-11-06 09:27:18,047 [EventQueue-PipelineReportForPipelineReportHandler] INFO  pipeline.PipelineReportHandler (PipelineReportHandler.java:processPipelineReport(115)) - Reported pipeline PipelineID=d6c272c6-0f48-426a-923d-3e664a0854e0 is not found
2023-11-06 09:27:18,047 [EventQueue-PipelineReportForPipelineReportHandler] INFO  pipeline.PipelineReportHandler (PipelineReportHandler.java:processPipelineReport(115)) - Reported pipeline PipelineID=15f9db0e-4f6c-4380-b94d-0db81d4fe909 is not found
2023-11-06 09:27:18,047 [EventQueue-PipelineReportForPipelineReportHandler] INFO  pipeline.PipelineReportHandler (PipelineReportHandler.java:processPipelineReport(115)) - Reported pipeline PipelineID=4a550c64-9968-4de5-acde-c449668a084e is not found
2023-11-06 09:27:19,002 [main] INFO  ozone.MiniOzoneClusterImpl (MiniOzoneClusterImpl.java:lambda$waitForClusterToBeReady$0(229)) - Waiting for nodes to be ready. Got 9 of 10 DN Heartbeats.
2023-11-06 09:27:19,003 [main] INFO  ozone.MiniOzoneClusterImpl (MiniOzoneClusterImpl.java:lambda$waitForClusterToBeReady$0(232)) - Cluster exits safe mode
2023-11-06 09:27:19,003 [main] INFO  ozone.MiniOzoneClusterImpl (MiniOzoneClusterImpl.java:lambda$waitForClusterToBeReady$0(234)) - SCM became leader
2023-11-06 09:27:20,003 [main] INFO  ozone.MiniOzoneClusterImpl (MiniOzoneClusterImpl.java:lambda$waitForClusterToBeReady$0(229)) - Waiting for nodes to be ready. Got 9 of 10 DN Heartbeats.
2023-11-06 09:27:20,003 [main] INFO  ozone.MiniOzoneClusterImpl (MiniOzoneClusterImpl.java:lambda$waitForClusterToBeReady$0(232)) - Cluster exits safe mode
2023-11-06 09:27:20,003 [main] INFO  ozone.MiniOzoneClusterImpl (MiniOzoneClusterImpl.java:lambda$waitForClusterToBeReady$0(234)) - SCM became leader
2023-11-06 09:27:20,047 [EventQueue-PipelineReportForPipelineReportHandler] INFO  pipeline.PipelineReportHandler (PipelineReportHandler.java:processPipelineReport(115)) - Reported pipeline PipelineID=d6c272c6-0f48-426a-923d-3e664a0854e0 is not found
2023-11-06 09:27:20,047 [EventQueue-HealthyReadonlyNodeForHealthyReadOnlyNodeHandler] INFO  node.HealthyReadOnlyNodeHandler (HealthyReadOnlyNodeHandler.java:onMessage(55)) - Datanode d9016e39-0130-4fd9-896a-cac3c2785d02(fv-az241-347.2tfxs3cvuluejhi1wdm4o5ef4c.bx.internal.cloudapp.net/10.1.0.6) moved to HEALTHY READONLY state.
2023-11-06 09:27:20,047 [EventQueue-PipelineReportForPipelineReportHandler] INFO  pipeline.PipelineReportHandler (PipelineReportHandler.java:processPipelineReport(115)) - Reported pipeline PipelineID=15f9db0e-4f6c-4380-b94d-0db81d4fe909 is not found
2023-11-06 09:27:20,048 [EventQueue-PipelineReportForPipelineReportHandler] INFO  pipeline.PipelineReportHandler (PipelineReportHandler.java:processPipelineReport(115)) - Reported pipeline PipelineID=4a550c64-9968-4de5-acde-c449668a084e is not found
2023-11-06 09:27:20,049 [EventQueue-HealthyReadonlyNodeForHealthyReadOnlyNodeHandler] INFO  net.NetworkTopologyImpl (NetworkTopologyImpl.java:add(112)) - Added a new node: /default-rack/d9016e39-0130-4fd9-896a-cac3c2785d02
2023-11-06 09:27:20,148 [EventQueue-HealthyReadonlyToHealthyNodeForReadOnlyHealthyToHealthyNodeHandler] INFO  node.ReadOnlyHealthyToHealthyNodeHandler (ReadOnlyHealthyToHealthyNodeHandler.java:onMessage(51)) - Datanode d9016e39-0130-4fd9-896a-cac3c2785d02(fv-az241-347.2tfxs3cvuluejhi1wdm4o5ef4c.bx.internal.cloudapp.net/10.1.0.6) moved to HEALTHY state.
2023-11-06 09:27:20,148 [EventQueue-HealthyReadonlyToHealthyNodeForReadOnlyHealthyToHealthyNodeHandler] INFO  pipeline.BackgroundPipelineCreator (BackgroundPipelineCreator.java:notifyEventTriggered(280)) - trigger a one-shot run on RatisPipelineUtilsThread.
2023-11-06 09:27:20,149 [RatisPipelineUtilsThread-0] INFO  pipeline.RatisPipelineProvider (RatisPipelineProvider.java:lambda$create$0(206)) - Sending CreatePipelineCommand for pipeline:PipelineID=58b15d99-4006-45ad-b08f-f4ec317f4a3c to datanode:d9016e39-0130-4fd9-896a-cac3c2785d02
2023-11-06 09:27:20,149 [RatisPipelineUtilsThread-0] INFO  pipeline.BackgroundPipelineCreator (BackgroundPipelineCreator.java:createPipelines(236)) - Created new pipeline Pipeline[ Id: 58b15d99-4006-45ad-b08f-f4ec317f4a3c, Nodes: d9016e39-0130-4fd9-896a-cac3c2785d02(fv-az241-347.2tfxs3cvuluejhi1wdm4o5ef4c.bx.internal.cloudapp.net/10.1.0.6), ReplicationConfig: RATIS/ONE, State:ALLOCATED, leaderId:, CreationTimestamp2023-11-06T09:27:20.149Z[Etc/UTC]]
2023-11-06 09:27:20,150 [RatisPipelineUtilsThread-0] INFO  pipeline.RatisPipelineProvider (RatisPipelineProvider.java:lambda$create$0(206)) - Sending CreatePipelineCommand for pipeline:PipelineID=7b0a982b-f016-45dd-88ed-09a8159b88d0 to datanode:fedf11b8-0957-422e-880a-91cc26979c7a
2023-11-06 09:27:20,150 [RatisPipelineUtilsThread-0] INFO  pipeline.RatisPipelineProvider (RatisPipelineProvider.java:lambda$create$0(206)) - Sending CreatePipelineCommand for pipeline:PipelineID=7b0a982b-f016-45dd-88ed-09a8159b88d0 to datanode:d9016e39-0130-4fd9-896a-cac3c2785d02
2023-11-06 09:27:20,150 [RatisPipelineUtilsThread-0] INFO  pipeline.RatisPipelineProvider (RatisPipelineProvider.java:lambda$create$0(206)) - Sending CreatePipelineCommand for pipeline:PipelineID=7b0a982b-f016-45dd-88ed-09a8159b88d0 to datanode:0e92623e-4dcf-4eff-ae25-f8b8c2de319b
2023-11-06 09:27:20,151 [RatisPipelineUtilsThread-0] INFO  pipeline.BackgroundPipelineCreator (BackgroundPipelineCreator.java:createPipelines(236)) - Created new pipeline Pipeline[ Id: 7b0a982b-f016-45dd-88ed-09a8159b88d0, Nodes: fedf11b8-0957-422e-880a-91cc26979c7a(fv-az241-347.2tfxs3cvuluejhi1wdm4o5ef4c.bx.internal.cloudapp.net/10.1.0.6)d9016e39-0130-4fd9-896a-cac3c2785d02(fv-az241-347.2tfxs3cvuluejhi1wdm4o5ef4c.bx.internal.cloudapp.net/10.1.0.6)0e92623e-4dcf-4eff-ae25-f8b8c2de319b(fv-az241-347.2tfxs3cvuluejhi1wdm4o5ef4c.bx.internal.cloudapp.net/10.1.0.6), ReplicationConfig: RATIS/THREE, State:ALLOCATED, leaderId:, CreationTimestamp2023-11-06T09:27:20.150Z[Etc/UTC]]
2023-11-06 09:27:20,152 [RatisPipelineUtilsThread-0] INFO  pipeline.RatisPipelineProvider (RatisPipelineProvider.java:lambda$create$0(206)) - Sending CreatePipelineCommand for pipeline:PipelineID=7f2ae790-e99e-4dfb-a7e1-52af94be594d to datanode:0eeb79a9-13fd-416c-b2a7-6f654c6b5029
2023-11-06 09:27:20,152 [RatisPipelineUtilsThread-0] INFO  pipeline.RatisPipelineProvider (RatisPipelineProvider.java:lambda$create$0(206)) - Sending CreatePipelineCommand for pipeline:PipelineID=7f2ae790-e99e-4dfb-a7e1-52af94be594d to datanode:fedf11b8-0957-422e-880a-91cc26979c7a
2023-11-06 09:27:20,152 [RatisPipelineUtilsThread-0] INFO  pipeline.RatisPipelineProvider (RatisPipelineProvider.java:lambda$create$0(206)) - Sending CreatePipelineCommand for pipeline:PipelineID=7f2ae790-e99e-4dfb-a7e1-52af94be594d to datanode:d9016e39-0130-4fd9-896a-cac3c2785d02
2023-11-06 09:27:20,153 [RatisPipelineUtilsThread-0] INFO  pipeline.BackgroundPipelineCreator (BackgroundPipelineCreator.java:createPipelines(236)) - Created new pipeline Pipeline[ Id: 7f2ae790-e99e-4dfb-a7e1-52af94be594d, Nodes: 0eeb79a9-13fd-416c-b2a7-6f654c6b5029(fv-az241-347.2tfxs3cvuluejhi1wdm4o5ef4c.bx.internal.cloudapp.net/10.1.0.6)fedf11b8-0957-422e-880a-91cc26979c7a(fv-az241-347.2tfxs3cvuluejhi1wdm4o5ef4c.bx.internal.cloudapp.net/10.1.0.6)d9016e39-0130-4fd9-896a-cac3c2785d02(fv-az241-347.2tfxs3cvuluejhi1wdm4o5ef4c.bx.internal.cloudapp.net/10.1.0.6), ReplicationConfig: RATIS/THREE, State:ALLOCATED, leaderId:, CreationTimestamp2023-11-06T09:27:20.152Z[Etc/UTC]]
2023-11-06 09:27:21,004 [main] INFO  ozone.MiniOzoneClusterImpl (MiniOzoneClusterImpl.java:lambda$waitForClusterToBeReady$0(229)) - Nodes are ready. Got 10 of 10 DN Heartbeats.
2023-11-06 09:27:21,004 [main] INFO  ozone.MiniOzoneClusterImpl (MiniOzoneClusterImpl.java:lambda$waitForClusterToBeReady$0(232)) - Cluster exits safe mode
2023-11-06 09:27:21,004 [main] INFO  ozone.MiniOzoneClusterImpl (MiniOzoneClusterImpl.java:lambda$waitForClusterToBeReady$0(234)) - SCM became leader
2023-11-06 09:27:21,004 [main] INFO  replication.ReplicationManager (ReplicationManager.java:start(291)) - Starting Replication Monitor Thread.
2023-11-06 09:27:21,005 [ReplicationMonitor] INFO  replication.ReplicationManager (ReplicationManager.java:sendDatanodeCommand(674)) - Sending command [closeContainerCommand: containerID: 1, pipelineID: PipelineID=eeacec12-a8fc-4b02-b8b5-af221b05ce3a, force: true] for container ContainerInfo{id=#1, state=CLOSED, stateEnterTime=2023-11-06T09:27:00.855Z, pipelineID=PipelineID=eeacec12-a8fc-4b02-b8b5-af221b05ce3a, owner=omServiceIdDefault} to d9016e39-0130-4fd9-896a-cac3c2785d02(fv-az241-347.2tfxs3cvuluejhi1wdm4o5ef4c.bx.internal.cloudapp.net/10.1.0.6) with datanode deadline 1699263411005 and scm deadline 1699263441005
2023-11-06 09:27:21,006 [ReplicationMonitor] INFO  replication.ReplicationManager (ReplicationManager.java:processAll(394)) - Replication Monitor Thread took 1 milliseconds for processing 1 containers.
2023-11-06 09:27:21,010 [OverReplicatedProcessor] WARN  replication.ECOverReplicationHandler (ECOverReplicationHandler.java:processAndSendCommands(142)) - The container ContainerInfo{id=#1, state=CLOSED, stateEnterTime=2023-11-06T09:27:00.855Z, pipelineID=PipelineID=eeacec12-a8fc-4b02-b8b5-af221b05ce3a, owner=omServiceIdDefault} is over replicated, but no replicas were selected to remove by the placement policy. Replicas: [ContainerReplica{containerID=#1, state=CLOSED, datanodeDetails=4cee0e49-9f18-41f8-8e67-157ccbc15955(fv-az241-347.2tfxs3cvuluejhi1wdm4o5ef4c.bx.internal.cloudapp.net/10.1.0.6), placeOfBirth=4cee0e49-9f18-41f8-8e67-157ccbc15955, sequenceId=0, keyCount=1, bytesUsed=1048576,replicaIndex=2, isEmpty=false}, ContainerReplica{containerID=#1, state=CLOSED, datanodeDetails=92ba0aed-1dcc-4895-b5bb-fc45f440be2e(fv-az241-347.2tfxs3cvuluejhi1wdm4o5ef4c.bx.internal.cloudapp.net/10.1.0.6), placeOfBirth=92ba0aed-1dcc-4895-b5bb-fc45f440be2e, sequenceId=0, keyCount=1, bytesUsed=1048576,replicaIndex=4, isEmpty=false}, ContainerReplica{containerID=#1, state=CLOSED, datanodeDetails=0e92623e-4dcf-4eff-ae25-f8b8c2de319b(fv-az241-347.2tfxs3cvuluejhi1wdm4o5ef4c.bx.internal.cloudapp.net/10.1.0.6), placeOfBirth=0e92623e-4dcf-4eff-ae25-f8b8c2de319b, sequenceId=0, keyCount=1, bytesUsed=1048576,replicaIndex=5, isEmpty=false}, ContainerReplica{containerID=#1, state=CLOSED, datanodeDetails=b7b1b697-3f82-4acb-89c8-f9bc2eccfa5a(fv-az241-347.2tfxs3cvuluejhi1wdm4o5ef4c.bx.internal.cloudapp.net/10.1.0.6), placeOfBirth=b7b1b697-3f82-4acb-89c8-f9bc2eccfa5a, sequenceId=0, keyCount=1, bytesUsed=1048576,replicaIndex=3, isEmpty=false}, ContainerReplica{containerID=#1, state=OPEN, datanodeDetails=d9016e39-0130-4fd9-896a-cac3c2785d02(fv-az241-347.2tfxs3cvuluejhi1wdm4o5ef4c.bx.internal.cloudapp.net/10.1.0.6), placeOfBirth=d9016e39-0130-4fd9-896a-cac3c2785d02, sequenceId=0, keyCount=1, bytesUsed=1048576,replicaIndex=1, isEmpty=false}, ContainerReplica{containerID=#1, state=CLOSED, datanodeDetails=5f7d9b36-4620-4ba9-8a78-929bd6ddd1f9(fv-az241-347.2tfxs3cvuluejhi1wdm4o5ef4c.bx.internal.cloudapp.net/10.1.0.6), placeOfBirth=5f7d9b36-4620-4ba9-8a78-929bd6ddd1f9, sequenceId=0, keyCount=1, bytesUsed=1048576,replicaIndex=1, isEmpty=false}]
2023-11-06 09:27:21,010 [OverReplicatedProcessor] INFO  replication.UnhealthyReplicationProcessor (UnhealthyReplicationProcessor.java:processAll(138)) - Processed 1 containers with health state counts {OVER_REPLICATED=1}, failed processing 0, deferred due to load 0
2023-11-06 09:27:21,049 [d9016e39-0130-4fd9-896a-cac3c2785d02-PipelineCommandHandlerThread-0] INFO  server.RaftServer (RaftServerProxy.java:remove(109)) - d9016e39-0130-4fd9-896a-cac3c2785d02: remove  FOLLOWER d9016e39-0130-4fd9-896a-cac3c2785d02@group-3E664A0854E0:t1, leader=null, voted=d9016e39-0130-4fd9-896a-cac3c2785d02, raftlog=Memoized:d9016e39-0130-4fd9-896a-cac3c2785d02@group-3E664A0854E0-SegmentedRaftLog:OPENED:c0, conf=0: peers:[d9016e39-0130-4fd9-896a-cac3c2785d02|rpc:10.1.0.6:15032|admin:10.1.0.6:15031|client:10.1.0.6:15030|dataStream:10.1.0.6:15033|priority:1|startupRole:FOLLOWER, fedf11b8-0957-422e-880a-91cc26979c7a|rpc:10.1.0.6:15014|admin:10.1.0.6:15013|client:10.1.0.6:15012|dataStream:10.1.0.6:15015|priority:0|startupRole:FOLLOWER, 0eeb79a9-13fd-416c-b2a7-6f654c6b5029|rpc:10.1.0.6:15023|admin:10.1.0.6:15022|client:10.1.0.6:15021|dataStream:10.1.0.6:15024|priority:0|startupRole:FOLLOWER]|listeners:[], old=null RUNNING
2023-11-06 09:27:21,052 [d9016e39-0130-4fd9-896a-cac3c2785d02-PipelineCommandHandlerThread-0] INFO  server.RaftServer$Division (RaftServerImpl.java:lambda$close$4(466)) - d9016e39-0130-4fd9-896a-cac3c2785d02@group-3E664A0854E0: shutdown
2023-11-06 09:27:21,052 [d9016e39-0130-4fd9-896a-cac3c2785d02-PipelineCommandHandlerThread-0] INFO  util.JmxRegister (JmxRegister.java:unregister(73)) - Successfully un-registered JMX Bean with object name Ratis:service=RaftServer,group=group-3E664A0854E0,id=d9016e39-0130-4fd9-896a-cac3c2785d02
2023-11-06 09:27:21,053 [d9016e39-0130-4fd9-896a-cac3c2785d02-PipelineCommandHandlerThread-0] INFO  impl.RoleInfo (RoleInfo.java:shutdownFollowerState(110)) - d9016e39-0130-4fd9-896a-cac3c2785d02: shutdown d9016e39-0130-4fd9-896a-cac3c2785d02@group-3E664A0854E0-FollowerState
2023-11-06 09:27:21,053 [d9016e39-0130-4fd9-896a-cac3c2785d02@group-3E664A0854E0-FollowerState] INFO  impl.FollowerState (FollowerState.java:run(152)) - d9016e39-0130-4fd9-896a-cac3c2785d02@group-3E664A0854E0-FollowerState was interrupted
2023-11-06 09:27:21,056 [d9016e39-0130-4fd9-896a-cac3c2785d02-PipelineCommandHandlerThread-0] INFO  impl.StateMachineUpdater (StateMachineUpdater.java:stopAndJoin(155)) - d9016e39-0130-4fd9-896a-cac3c2785d02@group-3E664A0854E0-StateMachineUpdater: set stopIndex = 0
2023-11-06 09:27:21,057 [d9016e39-0130-4fd9-896a-cac3c2785d02-PipelineCommandHandlerThread-0] INFO  server.RaftServer$Division (ServerState.java:close(472)) - d9016e39-0130-4fd9-896a-cac3c2785d02@group-3E664A0854E0: closes. applyIndex: 0
2023-11-06 09:27:21,098 [d9016e39-0130-4fd9-896a-cac3c2785d02-PipelineCommandHandlerThread-0] INFO  segmented.SegmentedRaftLogWorker (SegmentedRaftLogWorker.java:close(252)) - d9016e39-0130-4fd9-896a-cac3c2785d02@group-3E664A0854E0-SegmentedRaftLogWorker close()
2023-11-06 09:27:21,102 [d9016e39-0130-4fd9-896a-cac3c2785d02-PipelineCommandHandlerThread-0] INFO  server.RaftServer$Division (RaftServerImpl.java:groupRemove(436)) - d9016e39-0130-4fd9-896a-cac3c2785d02@group-3E664A0854E0: Succeed to remove RaftStorageDirectory Storage Directory /home/runner/work/ozone/ozone/hadoop-ozone/integration-test/target/test-dir/MiniOzoneClusterImpl-938474ea-96d6-4bd3-a45f-678920fb0bb2/datanode-2/data/ratis/d6c272c6-0f48-426a-923d-3e664a0854e0
2023-11-06 09:27:21,103 [d9016e39-0130-4fd9-896a-cac3c2785d02-PipelineCommandHandlerThread-0] INFO  commandhandler.ClosePipelineCommandHandler (ClosePipelineCommandHandler.java:lambda$handle$0(87)) - Close Pipeline PipelineID=d6c272c6-0f48-426a-923d-3e664a0854e0 command on datanode d9016e39-0130-4fd9-896a-cac3c2785d02.
2023-11-06 09:27:21,103 [d9016e39-0130-4fd9-896a-cac3c2785d02-PipelineCommandHandlerThread-0] INFO  server.RaftServer (RaftServerProxy.java:remove(109)) - d9016e39-0130-4fd9-896a-cac3c2785d02: remove  FOLLOWER d9016e39-0130-4fd9-896a-cac3c2785d02@group-0DB81D4FE909:t1, leader=null, voted=0eeb79a9-13fd-416c-b2a7-6f654c6b5029, raftlog=Memoized:d9016e39-0130-4fd9-896a-cac3c2785d02@group-0DB81D4FE909-SegmentedRaftLog:OPENED:c-1, conf=0: peers:[d9016e39-0130-4fd9-896a-cac3c2785d02|rpc:10.1.0.6:15032|admin:10.1.0.6:15031|client:10.1.0.6:15030|dataStream:10.1.0.6:15033|priority:0|startupRole:FOLLOWER, fedf11b8-0957-422e-880a-91cc26979c7a|rpc:10.1.0.6:15014|admin:10.1.0.6:15013|client:10.1.0.6:15012|dataStream:10.1.0.6:15015|priority:0|startupRole:FOLLOWER, 0eeb79a9-13fd-416c-b2a7-6f654c6b5029|rpc:10.1.0.6:15023|admin:10.1.0.6:15022|client:10.1.0.6:15021|dataStream:10.1.0.6:15024|priority:1|startupRole:FOLLOWER]|listeners:[], old=null RUNNING
2023-11-06 09:27:21,104 [d9016e39-0130-4fd9-896a-cac3c2785d02-PipelineCommandHandlerThread-0] INFO  server.RaftServer$Division (RaftServerImpl.java:lambda$close$4(466)) - d9016e39-0130-4fd9-896a-cac3c2785d02@group-0DB81D4FE909: shutdown
2023-11-06 09:27:21,104 [d9016e39-0130-4fd9-896a-cac3c2785d02-PipelineCommandHandlerThread-0] INFO  util.JmxRegister (JmxRegister.java:unregister(73)) - Successfully un-registered JMX Bean with object name Ratis:service=RaftServer,group=group-0DB81D4FE909,id=d9016e39-0130-4fd9-896a-cac3c2785d02
2023-11-06 09:27:21,104 [d9016e39-0130-4fd9-896a-cac3c2785d02-PipelineCommandHandlerThread-0] INFO  impl.RoleInfo (RoleInfo.java:shutdownFollowerState(110)) - d9016e39-0130-4fd9-896a-cac3c2785d02: shutdown d9016e39-0130-4fd9-896a-cac3c2785d02@group-0DB81D4FE909-FollowerState
2023-11-06 09:27:21,104 [d9016e39-0130-4fd9-896a-cac3c2785d02@group-0DB81D4FE909-FollowerState] INFO  impl.FollowerState (FollowerState.java:run(152)) - d9016e39-0130-4fd9-896a-cac3c2785d02@group-0DB81D4FE909-FollowerState was interrupted
2023-11-06 09:27:21,106 [d9016e39-0130-4fd9-896a-cac3c2785d02-PipelineCommandHandlerThread-0] INFO  impl.StateMachineUpdater (StateMachineUpdater.java:stopAndJoin(155)) - d9016e39-0130-4fd9-896a-cac3c2785d02@group-0DB81D4FE909-StateMachineUpdater: set stopIndex = -1
2023-11-06 09:27:21,106 [d9016e39-0130-4fd9-896a-cac3c2785d02-PipelineCommandHandlerThread-0] INFO  server.RaftServer$Division (ServerState.java:close(472)) - d9016e39-0130-4fd9-896a-cac3c2785d02@group-0DB81D4FE909: closes. applyIndex: -1
2023-11-06 09:27:21,144 [d9016e39-0130-4fd9-896a-cac3c2785d02@group-C449668A084E-FollowerState] INFO  impl.FollowerState (FollowerState.java:run(143)) - d9016e39-0130-4fd9-896a-cac3c2785d02@group-C449668A084E-FollowerState: change to CANDIDATE, lastRpcElapsedTime:5068460604ns, electionTimeout:5067ms
2023-11-06 09:27:21,144 [d9016e39-0130-4fd9-896a-cac3c2785d02@group-C449668A084E-FollowerState] INFO  impl.RoleInfo (RoleInfo.java:shutdownFollowerState(110)) - d9016e39-0130-4fd9-896a-cac3c2785d02: shutdown d9016e39-0130-4fd9-896a-cac3c2785d02@group-C449668A084E-FollowerState
2023-11-06 09:27:21,144 [d9016e39-0130-4fd9-896a-cac3c2785d02@group-C449668A084E-FollowerState] INFO  server.RaftServer$Division (RaftServerImpl.java:setRole(329)) - d9016e39-0130-4fd9-896a-cac3c2785d02@group-C449668A084E: changes role from  FOLLOWER to CANDIDATE at term 1 for changeToCandidate
2023-11-06 09:27:21,145 [d9016e39-0130-4fd9-896a-cac3c2785d02@group-C449668A084E-FollowerState] INFO  server.RaftServerConfigKeys (ConfUtils.java:logGet(46)) - raft.server.leaderelection.pre-vote = true (default)
2023-11-06 09:27:21,145 [d9016e39-0130-4fd9-896a-cac3c2785d02@group-C449668A084E-FollowerState] INFO  impl.RoleInfo (RoleInfo.java:updateAndGet(139)) - d9016e39-0130-4fd9-896a-cac3c2785d02: start d9016e39-0130-4fd9-896a-cac3c2785d02@group-C449668A084E-LeaderElection24
2023-11-06 09:27:21,155 [d9016e39-0130-4fd9-896a-cac3c2785d02@group-C449668A084E-LeaderElection24] INFO  impl.LeaderElection (LeaderElection.java:askForVotes(321)) - d9016e39-0130-4fd9-896a-cac3c2785d02@group-C449668A084E-LeaderElection24 PRE_VOTE round 0: submit vote requests at term 1 for 0: peers:[d9016e39-0130-4fd9-896a-cac3c2785d02|rpc:10.1.0.6:15032|admin:10.1.0.6:15031|client:10.1.0.6:15030|dataStream:10.1.0.6:15033|priority:1|startupRole:FOLLOWER]|listeners:[], old=null
2023-11-06 09:27:21,156 [d9016e39-0130-4fd9-896a-cac3c2785d02@group-C449668A084E-LeaderElection24] INFO  impl.LeaderElection (LeaderElection.java:askForVotes(323)) - d9016e39-0130-4fd9-896a-cac3c2785d02@group-C449668A084E-LeaderElection24 PRE_VOTE round 0: result PASSED (term=1)
2023-11-06 09:27:21,158 [d9016e39-0130-4fd9-896a-cac3c2785d02@group-C449668A084E-LeaderElection24] INFO  impl.LeaderElection (LeaderElection.java:askForVotes(321)) - d9016e39-0130-4fd9-896a-cac3c2785d02@group-C449668A084E-LeaderElection24 ELECTION round 0: submit vote requests at term 2 for 0: peers:[d9016e39-0130-4fd9-896a-cac3c2785d02|rpc:10.1.0.6:15032|admin:10.1.0.6:15031|client:10.1.0.6:15030|dataStream:10.1.0.6:15033|priority:1|startupRole:FOLLOWER]|listeners:[], old=null
2023-11-06 09:27:21,159 [d9016e39-0130-4fd9-896a-cac3c2785d02@group-C449668A084E-LeaderElection24] INFO  impl.LeaderElection (LeaderElection.java:askForVotes(323)) - d9016e39-0130-4fd9-896a-cac3c2785d02@group-C449668A084E-LeaderElection24 ELECTION round 0: result PASSED (term=2)
2023-11-06 09:27:21,159 [d9016e39-0130-4fd9-896a-cac3c2785d02@group-C449668A084E-LeaderElection24] INFO  impl.RoleInfo (RoleInfo.java:shutdownLeaderElection(130)) - d9016e39-0130-4fd9-896a-cac3c2785d02: shutdown d9016e39-0130-4fd9-896a-cac3c2785d02@group-C449668A084E-LeaderElection24
2023-11-06 09:27:21,159 [d9016e39-0130-4fd9-896a-cac3c2785d02@group-C449668A084E-LeaderElection24] INFO  server.RaftServer$Division (RaftServerImpl.java:setRole(329)) - d9016e39-0130-4fd9-896a-cac3c2785d02@group-C449668A084E: changes role from CANDIDATE to LEADER at term 2 for changeToLeader
2023-11-06 09:27:21,159 [d9016e39-0130-4fd9-896a-cac3c2785d02@group-C449668A084E-LeaderElection24] INFO  ratis.XceiverServerRatis (XceiverServerRatis.java:handleLeaderChangedNotification(903)) - Leader change notification received for group: group-C449668A084E with new leaderId: d9016e39-0130-4fd9-896a-cac3c2785d02
2023-11-06 09:27:21,159 [d9016e39-0130-4fd9-896a-cac3c2785d02@group-C449668A084E-LeaderElection24] INFO  server.RaftServer$Division (ServerState.java:setLeader(317)) - d9016e39-0130-4fd9-896a-cac3c2785d02@group-C449668A084E: change Leader from null to d9016e39-0130-4fd9-896a-cac3c2785d02 at term 2 for becomeLeader, leader elected after 7261ms
2023-11-06 09:27:21,160 [d9016e39-0130-4fd9-896a-cac3c2785d02@group-C449668A084E-LeaderElection24] INFO  server.RaftServerConfigKeys (ConfUtils.java:logGet(46)) - raft.server.staging.catchup.gap = 1000 (default)
2023-11-06 09:27:21,160 [d9016e39-0130-4fd9-896a-cac3c2785d02@group-C449668A084E-LeaderElection24] INFO  server.RaftServerConfigKeys (ConfUtils.java:logGet(46)) - raft.server.write.element-limit = 1024 (custom)
2023-11-06 09:27:21,160 [d9016e39-0130-4fd9-896a-cac3c2785d02@group-C449668A084E-LeaderElection24] INFO  server.RaftServerConfigKeys (ConfUtils.java:logGet(46)) - raft.server.write.byte-limit = 1024 M (=1073741824) (custom)
2023-11-06 09:27:21,160 [d9016e39-0130-4fd9-896a-cac3c2785d02@group-C449668A084E-LeaderElection24] INFO  server.RaftServerConfigKeys (ConfUtils.java:logGet(46)) - raft.server.watch.timeout = 180s (custom)
2023-11-06 09:27:21,160 [d9016e39-0130-4fd9-896a-cac3c2785d02@group-C449668A084E-LeaderElection24] INFO  server.RaftServerConfigKeys (ConfUtils.java:logGet(46)) - raft.server.watch.timeout.denomination = 1s (default)
2023-11-06 09:27:21,160 [d9016e39-0130-4fd9-896a-cac3c2785d02@group-C449668A084E-LeaderElection24] INFO  server.RaftServerConfigKeys (ConfUtils.java:logGet(46)) - raft.server.watch.element-limit = 65536 (default)
2023-11-06 09:27:21,161 [d9016e39-0130-4fd9-896a-cac3c2785d02@group-C449668A084E-LeaderElection24] INFO  server.RaftServerConfigKeys (ConfUtils.java:logGet(46)) - raft.server.write.element-limit = 1024 (custom)
2023-11-06 09:27:21,161 [d9016e39-0130-4fd9-896a-cac3c2785d02@group-C449668A084E-LeaderElection24] INFO  server.RaftServerConfigKeys (ConfUtils.java:logGet(46)) - raft.server.write.follower.gap.ratio.max = -1.0 (default)
2023-11-06 09:27:21,161 [d9016e39-0130-4fd9-896a-cac3c2785d02@group-C449668A084E-LeaderElection24] INFO  impl.RoleInfo (RoleInfo.java:updateAndGet(139)) - d9016e39-0130-4fd9-896a-cac3c2785d02: start d9016e39-0130-4fd9-896a-cac3c2785d02@group-C449668A084E-LeaderStateImpl
2023-11-06 09:27:21,163 [EventQueue-PipelineReportForPipelineReportHandler] INFO  pipeline.PipelineReportHandler (PipelineReportHandler.java:processPipelineReport(115)) - Reported pipeline PipelineID=4a550c64-9968-4de5-acde-c449668a084e is not found
2023-11-06 09:27:21,164 [d9016e39-0130-4fd9-896a-cac3c2785d02@group-C449668A084E-LeaderElection24] INFO  segmented.SegmentedRaftLogWorker (SegmentedRaftLogWorker.java:rollLogSegment(452)) - d9016e39-0130-4fd9-896a-cac3c2785d02@group-C449668A084E-SegmentedRaftLogWorker: Rolling segment log-0_0 to index:0
2023-11-06 09:27:21,165 [d9016e39-0130-4fd9-896a-cac3c2785d02@group-C449668A084E-LeaderElection24] INFO  server.RaftServer$Division (ServerState.java:setRaftConf(434)) - d9016e39-0130-4fd9-896a-cac3c2785d02@group-C449668A084E: set configuration 1: peers:[d9016e39-0130-4fd9-896a-cac3c2785d02|rpc:10.1.0.6:15032|admin:10.1.0.6:15031|client:10.1.0.6:15030|dataStream:10.1.0.6:15033|priority:1|startupRole:FOLLOWER]|listeners:[], old=null
2023-11-06 09:27:21,171 [d9016e39-0130-4fd9-896a-cac3c2785d02@group-C449668A084E-SegmentedRaftLogWorker] INFO  segmented.SegmentedRaftLogWorker (SegmentedRaftLogWorker.java:execute(608)) - d9016e39-0130-4fd9-896a-cac3c2785d02@group-C449668A084E-SegmentedRaftLogWorker: Rolled log segment from /home/runner/work/ozone/ozone/hadoop-ozone/integration-test/target/test-dir/MiniOzoneClusterImpl-938474ea-96d6-4bd3-a45f-678920fb0bb2/datanode-2/data/ratis/4a550c64-9968-4de5-acde-c449668a084e/current/log_inprogress_0 to /home/runner/work/ozone/ozone/hadoop-ozone/integration-test/target/test-dir/MiniOzoneClusterImpl-938474ea-96d6-4bd3-a45f-678920fb0bb2/datanode-2/data/ratis/4a550c64-9968-4de5-acde-c449668a084e/current/log_0-0
2023-11-06 09:27:21,172 [d9016e39-0130-4fd9-896a-cac3c2785d02@group-C449668A084E-SegmentedRaftLogWorker] INFO  segmented.SegmentedRaftLogWorker (SegmentedRaftLogWorker.java:execute(651)) - d9016e39-0130-4fd9-896a-cac3c2785d02@group-C449668A084E-SegmentedRaftLogWorker: created new log segment /home/runner/work/ozone/ozone/hadoop-ozone/integration-test/target/test-dir/MiniOzoneClusterImpl-938474ea-96d6-4bd3-a45f-678920fb0bb2/datanode-2/data/ratis/4a550c64-9968-4de5-acde-c449668a084e/current/log_inprogress_1
2023-11-06 09:27:21,854 [0e92623e-4dcf-4eff-ae25-f8b8c2de319b-PipelineCommandHandlerThread-0] INFO  server.RaftServer (RaftServerProxy.java:addNew(98)) - 0e92623e-4dcf-4eff-ae25-f8b8c2de319b: addNew group-09A8159B88D0:[d9016e39-0130-4fd9-896a-cac3c2785d02|rpc:10.1.0.6:15032|admin:10.1.0.6:15031|client:10.1.0.6:15030|dataStream:10.1.0.6:15033|priority:1|startupRole:FOLLOWER, fedf11b8-0957-422e-880a-91cc26979c7a|rpc:10.1.0.6:15014|admin:10.1.0.6:15013|client:10.1.0.6:15012|dataStream:10.1.0.6:15015|priority:0|startupRole:FOLLOWER, 0e92623e-4dcf-4eff-ae25-f8b8c2de319b|rpc:10.1.0.6:15095|admin:10.1.0.6:15094|client:10.1.0.6:15093|dataStream:10.1.0.6:15096|priority:0|startupRole:FOLLOWER] returns group-09A8159B88D0:java.util.concurrent.CompletableFuture@33a15fcd[Not completed]
2023-11-06 09:27:21,855 [0e92623e-4dcf-4eff-ae25-f8b8c2de319b-groupManagement] INFO  server.RaftServer$Division (RaftServerImpl.java:<init>(198)) - 0e92623e-4dcf-4eff-ae25-f8b8c2de319b: new RaftServerImpl for group-09A8159B88D0:[d9016e39-0130-4fd9-896a-cac3c2785d02|rpc:10.1.0.6:15032|admin:10.1.0.6:15031|client:10.1.0.6:15030|dataStream:10.1.0.6:15033|priority:1|startupRole:FOLLOWER, fedf11b8-0957-422e-880a-91cc26979c7a|rpc:10.1.0.6:15014|admin:10.1.0.6:15013|client:10.1.0.6:15012|dataStream:10.1.0.6:15015|priority:0|startupRole:FOLLOWER, 0e92623e-4dcf-4eff-ae25-f8b8c2de319b|rpc:10.1.0.6:15095|admin:10.1.0.6:15094|client:10.1.0.6:15093|dataStream:10.1.0.6:15096|priority:0|startupRole:FOLLOWER] with ContainerStateMachine:uninitialized
2023-11-06 09:27:21,855 [0e92623e-4dcf-4eff-ae25-f8b8c2de319b-groupManagement] INFO  server.RaftServerConfigKeys (ConfUtils.java:logGet(46)) - raft.server.rpc.timeout.min = 5s (custom)
2023-11-06 09:27:21,855 [0e92623e-4dcf-4eff-ae25-f8b8c2de319b-groupManagement] INFO  server.RaftServerConfigKeys (ConfUtils.java:logGet(46)) - raft.server.rpc.timeout.max = 5200ms (custom)
2023-11-06 09:27:21,855 [0e92623e-4dcf-4eff-ae25-f8b8c2de319b-groupManagement] INFO  server.RaftServerConfigKeys (ConfUtils.java:logGet(46)) - raft.server.rpc.sleep.time = 25ms (default)
2023-11-06 09:27:21,855 [0e92623e-4dcf-4eff-ae25-f8b8c2de319b-groupManagement] INFO  server.RaftServerConfigKeys (ConfUtils.java:logGet(46)) - raft.server.rpc.slowness.timeout = 300s (custom)
2023-11-06 09:27:21,855 [0e92623e-4dcf-4eff-ae25-f8b8c2de319b-groupManagement] INFO  server.RaftServerConfigKeys (ConfUtils.java:logGet(46)) - raft.server.leaderelection.leader.step-down.wait-time = 10s (default)
2023-11-06 09:27:21,855 [0e92623e-4dcf-4eff-ae25-f8b8c2de319b-groupManagement] INFO  server.RaftServerConfigKeys (ConfUtils.java:logGet(46)) - raft.server.sleep.deviation.threshold = 300ms (default)
2023-11-06 09:27:21,855 [0e92623e-4dcf-4eff-ae25-f8b8c2de319b-groupManagement] INFO  server.RaftServer$Division (ServerState.java:<init>(120)) - 0e92623e-4dcf-4eff-ae25-f8b8c2de319b@group-09A8159B88D0: ConfigurationManager, init=-1: peers:[d9016e39-0130-4fd9-896a-cac3c2785d02|rpc:10.1.0.6:15032|admin:10.1.0.6:15031|client:10.1.0.6:15030|dataStream:10.1.0.6:15033|priority:1|startupRole:FOLLOWER, fedf11b8-0957-422e-880a-91cc26979c7a|rpc:10.1.0.6:15014|admin:10.1.0.6:15013|client:10.1.0.6:15012|dataStream:10.1.0.6:15015|priority:0|startupRole:FOLLOWER, 0e92623e-4dcf-4eff-ae25-f8b8c2de319b|rpc:10.1.0.6:15095|admin:10.1.0.6:15094|client:10.1.0.6:15093|dataStream:10.1.0.6:15096|priority:0|startupRole:FOLLOWER]|listeners:[], old=null, confs=<EMPTY_MAP>
2023-11-06 09:27:21,856 [0e92623e-4dcf-4eff-ae25-f8b8c2de319b-groupManagement] INFO  server.RaftServerConfigKeys (ConfUtils.java:logGet(46)) - raft.server.storage.dir = [/home/runner/work/ozone/ozone/hadoop-ozone/integration-test/target/test-dir/MiniOzoneClusterImpl-938474ea-96d6-4bd3-a45f-678920fb0bb2/datanode-9/data/ratis] (custom)
2023-11-06 09:27:21,856 [0e92623e-4dcf-4eff-ae25-f8b8c2de319b-groupManagement] INFO  server.RaftServerConfigKeys (ConfUtils.java:logGet(46)) - raft.server.log.corruption.policy = EXCEPTION (default)
2023-11-06 09:27:21,856 [0e92623e-4dcf-4eff-ae25-f8b8c2de319b-groupManagement] INFO  server.RaftServerConfigKeys (ConfUtils.java:logGet(46)) - raft.server.storage.free-space.min = 0MB (=0) (default)
2023-11-06 09:27:21,856 [0e92623e-4dcf-4eff-ae25-f8b8c2de319b-groupManagement] INFO  server.RaftServerConfigKeys (ConfUtils.java:logGet(46)) - raft.server.notification.no-leader.timeout = 300s (custom)
2023-11-06 09:27:21,856 [0e92623e-4dcf-4eff-ae25-f8b8c2de319b-groupManagement] INFO  server.RaftServerConfigKeys (ConfUtils.java:logGet(46)) - raft.server.read.timeout = 10s (default)
2023-11-06 09:27:21,856 [0e92623e-4dcf-4eff-ae25-f8b8c2de319b-groupManagement] INFO  server.RaftServerConfigKeys (ConfUtils.java:logGet(46)) - raft.server.retrycache.expirytime = 600000ms (custom)
2023-11-06 09:27:21,856 [0e92623e-4dcf-4eff-ae25-f8b8c2de319b-groupManagement] INFO  server.RaftServerConfigKeys (ConfUtils.java:logGet(46)) - raft.server.retrycache.statistics.expirytime = 100μs (default)
2023-11-06 09:27:21,856 [0e92623e-4dcf-4eff-ae25-f8b8c2de319b-groupManagement] INFO  server.RaftServerConfigKeys (ConfUtils.java:logGet(46)) - raft.server.read.option = DEFAULT (default)
2023-11-06 09:27:21,858 [0e92623e-4dcf-4eff-ae25-f8b8c2de319b-groupManagement] INFO  server.RaftServerConfigKeys (ConfUtils.java:logGet(46)) - raft.server.rpc.request.timeout = 60s (custom)
2023-11-06 09:27:21,858 [0e92623e-4dcf-4eff-ae25-f8b8c2de319b-groupManagement] INFO  server.RaftServerConfigKeys (ConfUtils.java:logGet(46)) - raft.server.log.appender.install.snapshot.enabled = false (custom)
2023-11-06 09:27:21,858 [0e92623e-4dcf-4eff-ae25-f8b8c2de319b-groupManagement] INFO  server.RaftServerConfigKeys (ConfUtils.java:logGet(46)) - raft.server.threadpool.server.cached = true (default)
2023-11-06 09:27:21,858 [0e92623e-4dcf-4eff-ae25-f8b8c2de319b-groupManagement] INFO  server.RaftServerConfigKeys (ConfUtils.java:logGet(46)) - raft.server.threadpool.server.size = 0 (default)
2023-11-06 09:27:21,859 [0e92623e-4dcf-4eff-ae25-f8b8c2de319b-groupManagement] INFO  server.RaftServerConfigKeys (ConfUtils.java:logGet(46)) - raft.server.threadpool.client.cached = true (default)
2023-11-06 09:27:21,859 [0e92623e-4dcf-4eff-ae25-f8b8c2de319b-groupManagement] INFO  server.RaftServerConfigKeys (ConfUtils.java:logGet(46)) - raft.server.threadpool.client.size = 0 (default)
2023-11-06 09:27:21,859 [0e92623e-4dcf-4eff-ae25-f8b8c2de319b-groupManagement] INFO  storage.RaftStorageDirectory (RaftStorageDirectoryImpl.java:analyzeStorage(137)) - The storage directory /home/runner/work/ozone/ozone/hadoop-ozone/integration-test/target/test-dir/MiniOzoneClusterImpl-938474ea-96d6-4bd3-a45f-678920fb0bb2/datanode-9/data/ratis/7b0a982b-f016-45dd-88ed-09a8159b88d0 does not exist. Creating ...
2023-11-06 09:27:21,863 [0e92623e-4dcf-4eff-ae25-f8b8c2de319b-groupManagement] INFO  storage.RaftStorageDirectory (RaftStorageDirectoryImpl.java:tryLock(231)) - Lock on /home/runner/work/ozone/ozone/hadoop-ozone/integration-test/target/test-dir/MiniOzoneClusterImpl-938474ea-96d6-4bd3-a45f-678920fb0bb2/datanode-9/data/ratis/7b0a982b-f016-45dd-88ed-09a8159b88d0/in_use.lock acquired by nodename 20533@fv-az241-347
2023-11-06 09:27:21,865 [0e92623e-4dcf-4eff-ae25-f8b8c2de319b-groupManagement] INFO  storage.RaftStorage (RaftStorageImpl.java:format(96)) - Storage directory /home/runner/work/ozone/ozone/hadoop-ozone/integration-test/target/test-dir/MiniOzoneClusterImpl-938474ea-96d6-4bd3-a45f-678920fb0bb2/datanode-9/data/ratis/7b0a982b-f016-45dd-88ed-09a8159b88d0 has been successfully formatted.
2023-11-06 09:27:21,865 [0e92623e-4dcf-4eff-ae25-f8b8c2de319b-groupManagement] INFO  ratis.ContainerStateMachine (ContainerStateMachine.java:loadSnapshot(269)) - group-09A8159B88D0: The snapshot info is null. Setting the last applied indexto:(t:0, i:~)
2023-11-06 09:27:21,865 [0e92623e-4dcf-4eff-ae25-f8b8c2de319b-groupManagement] INFO  server.RaftServerConfigKeys (ConfUtils.java:logGet(46)) - raft.server.log.use.memory = false (default)
2023-11-06 09:27:21,866 [0e92623e-4dcf-4eff-ae25-f8b8c2de319b-groupManagement] INFO  server.RaftServerConfigKeys (ConfUtils.java:logGet(46)) - raft.server.log.purge.gap = 1000000 (custom)
2023-11-06 09:27:21,867 [0e92623e-4dcf-4eff-ae25-f8b8c2de319b-groupManagement] INFO  server.RaftServerConfigKeys (ConfUtils.java:logGet(46)) - raft.server.log.appender.buffer.byte-limit = 33554432 (custom)
2023-11-06 09:27:21,867 [0e92623e-4dcf-4eff-ae25-f8b8c2de319b-groupManagement] INFO  server.RaftServerConfigKeys (ConfUtils.java:logGet(46)) - raft.server.log.statemachine.data.read.timeout = 1000ms (default)
2023-11-06 09:27:21,867 [0e92623e-4dcf-4eff-ae25-f8b8c2de319b-groupManagement] INFO  server.RaftServerConfigKeys (ConfUtils.java:logGet(46)) - raft.server.log.purge.preservation.log.num = 0 (default)
2023-11-06 09:27:21,867 [0e92623e-4dcf-4eff-ae25-f8b8c2de319b-groupManagement] INFO  server.RaftServerConfigKeys (ConfUtils.java:logGet(46)) - raft.server.log.segment.size.max = 1048576 (custom)
2023-11-06 09:27:21,867 [0e92623e-4dcf-4eff-ae25-f8b8c2de319b-groupManagement] INFO  server.RaftServerConfigKeys (ConfUtils.java:logGet(46)) - raft.server.log.segment.cache.num.max = 2 (custom)
2023-11-06 09:27:21,867 [0e92623e-4dcf-4eff-ae25-f8b8c2de319b-groupManagement] INFO  server.RaftServerConfigKeys (ConfUtils.java:logGet(46)) - raft.server.log.segment.cache.size.max = 200MB (=209715200) (default)
2023-11-06 09:27:21,867 [0e92623e-4dcf-4eff-ae25-f8b8c2de319b-groupManagement] INFO  server.RaftServerConfigKeys (ConfUtils.java:logGet(46)) - raft.server.log.appender.buffer.byte-limit = 33554432 (custom)
2023-11-06 09:27:21,867 [0e92623e-4dcf-4eff-ae25-f8b8c2de319b-groupManagement] INFO  segmented.SegmentedRaftLogWorker (SegmentedRaftLogWorker.java:<init>(188)) - new 0e92623e-4dcf-4eff-ae25-f8b8c2de319b@group-09A8159B88D0-SegmentedRaftLogWorker for RaftStorageImpl:Storage Directory /home/runner/work/ozone/ozone/hadoop-ozone/integration-test/target/test-dir/MiniOzoneClusterImpl-938474ea-96d6-4bd3-a45f-678920fb0bb2/datanode-9/data/ratis/7b0a982b-f016-45dd-88ed-09a8159b88d0
2023-11-06 09:27:21,868 [0e92623e-4dcf-4eff-ae25-f8b8c2de319b-groupManagement] INFO  server.RaftServerConfigKeys (ConfUtils.java:logGet(46)) - raft.server.log.queue.byte-limit = 4294967296 (custom)
2023-11-06 09:27:21,868 [0e92623e-4dcf-4eff-ae25-f8b8c2de319b-groupManagement] INFO  server.RaftServerConfigKeys (ConfUtils.java:logGet(46)) - raft.server.log.queue.element-limit = 1024 (custom)
2023-11-06 09:27:21,868 [0e92623e-4dcf-4eff-ae25-f8b8c2de319b-groupManagement] INFO  server.RaftServerConfigKeys (ConfUtils.java:logGet(46)) - raft.server.log.segment.size.max = 1048576 (custom)
2023-11-06 09:27:21,868 [0e92623e-4dcf-4eff-ae25-f8b8c2de319b-groupManagement] INFO  server.RaftServerConfigKeys (ConfUtils.java:logGet(46)) - raft.server.log.preallocated.size = 16384 (custom)
2023-11-06 09:27:21,868 [0e92623e-4dcf-4eff-ae25-f8b8c2de319b-groupManagement] INFO  server.RaftServerConfigKeys (ConfUtils.java:logGet(46)) - raft.server.log.force.sync.num = 128 (default)
2023-11-06 09:27:21,868 [0e92623e-4dcf-4eff-ae25-f8b8c2de319b-groupManagement] INFO  server.RaftServerConfigKeys (ConfUtils.java:logGet(46)) - raft.server.log.statemachine.data.sync = true (default)
2023-11-06 09:27:21,868 [0e92623e-4dcf-4eff-ae25-f8b8c2de319b-groupManagement] INFO  server.RaftServerConfigKeys (ConfUtils.java:logGet(46)) - raft.server.log.statemachine.data.sync.timeout = 10s (default)
2023-11-06 09:27:21,868 [0e92623e-4dcf-4eff-ae25-f8b8c2de319b-groupManagement] INFO  server.RaftServerConfigKeys (ConfUtils.java:logGet(46)) - raft.server.log.statemachine.data.sync.timeout.retry = -1 (default)
2023-11-06 09:27:21,868 [0e92623e-4dcf-4eff-ae25-f8b8c2de319b-groupManagement] INFO  server.RaftServerConfigKeys (ConfUtils.java:logGet(46)) - raft.server.log.write.buffer.size = 1048576 (custom)
2023-11-06 09:27:21,870 [0e92623e-4dcf-4eff-ae25-f8b8c2de319b-groupManagement] INFO  server.RaftServerConfigKeys (ConfUtils.java:logGet(46)) - raft.server.log.appender.buffer.byte-limit = 33554432 (custom)
2023-11-06 09:27:21,961 [0e92623e-4dcf-4eff-ae25-f8b8c2de319b-groupManagement] INFO  server.RaftServerConfigKeys (ConfUtils.java:logGet(46)) - raft.server.log.unsafe-flush.enabled = false (default)
2023-11-06 09:27:21,961 [0e92623e-4dcf-4eff-ae25-f8b8c2de319b-groupManagement] INFO  server.RaftServerConfigKeys (ConfUtils.java:logGet(46)) - raft.server.log.async-flush.enabled = false (default)
2023-11-06 09:27:21,961 [0e92623e-4dcf-4eff-ae25-f8b8c2de319b-groupManagement] INFO  server.RaftServerConfigKeys (ConfUtils.java:logGet(46)) - raft.server.log.statemachine.data.caching.enabled = true (custom)
2023-11-06 09:27:21,961 [0e92623e-4dcf-4eff-ae25-f8b8c2de319b-groupManagement] INFO  segmented.SegmentedRaftLogWorker (SegmentedRaftLogWorker.java:lambda$new$0(135)) - 0e92623e-4dcf-4eff-ae25-f8b8c2de319b@group-09A8159B88D0-SegmentedRaftLogWorker: flushIndex: setUnconditionally 0 -> -1
2023-11-06 09:27:21,961 [0e92623e-4dcf-4eff-ae25-f8b8c2de319b-groupManagement] INFO  segmented.SegmentedRaftLogWorker (SegmentedRaftLogWorker.java:lambda$new$0(135)) - 0e92623e-4dcf-4eff-ae25-f8b8c2de319b@group-09A8159B88D0-SegmentedRaftLogWorker: safeCacheEvictIndex: setUnconditionally 0 -> -1
2023-11-06 09:27:21,963 [0e92623e-4dcf-4eff-ae25-f8b8c2de319b-groupManagement] INFO  server.RaftServer$Division (RaftServerImpl.java:start(342)) - 0e92623e-4dcf-4eff-ae25-f8b8c2de319b@group-09A8159B88D0: start as a follower, conf=-1: peers:[d9016e39-0130-4fd9-896a-cac3c2785d02|rpc:10.1.0.6:15032|admin:10.1.0.6:15031|client:10.1.0.6:15030|dataStream:10.1.0.6:15033|priority:1|startupRole:FOLLOWER, fedf11b8-0957-422e-880a-91cc26979c7a|rpc:10.1.0.6:15014|admin:10.1.0.6:15013|client:10.1.0.6:15012|dataStream:10.1.0.6:15015|priority:0|startupRole:FOLLOWER, 0e92623e-4dcf-4eff-ae25-f8b8c2de319b|rpc:10.1.0.6:15095|admin:10.1.0.6:15094|client:10.1.0.6:15093|dataStream:10.1.0.6:15096|priority:0|startupRole:FOLLOWER]|listeners:[], old=null
2023-11-06 09:27:21,963 [0e92623e-4dcf-4eff-ae25-f8b8c2de319b-groupManagement] INFO  server.RaftServer$Division (RaftServerImpl.java:setRole(329)) - 0e92623e-4dcf-4eff-ae25-f8b8c2de319b@group-09A8159B88D0: changes role from      null to FOLLOWER at term 0 for startAsFollower
2023-11-06 09:27:21,964 [0e92623e-4dcf-4eff-ae25-f8b8c2de319b-groupManagement] INFO  impl.RoleInfo (RoleInfo.java:updateAndGet(139)) - 0e92623e-4dcf-4eff-ae25-f8b8c2de319b: start 0e92623e-4dcf-4eff-ae25-f8b8c2de319b@group-09A8159B88D0-FollowerState
2023-11-06 09:27:21,964 [0e92623e-4dcf-4eff-ae25-f8b8c2de319b-groupManagement] INFO  util.JmxRegister (JmxRegister.java:tryRegister(44)) - Successfully registered JMX Bean with object name Ratis:service=RaftServer,group=group-09A8159B88D0,id=0e92623e-4dcf-4eff-ae25-f8b8c2de319b
2023-11-06 09:27:21,964 [0e92623e-4dcf-4eff-ae25-f8b8c2de319b-groupManagement] INFO  server.RaftServerConfigKeys (ConfUtils.java:logGet(46)) - raft.server.snapshot.auto.trigger.enabled = true (custom)
2023-11-06 09:27:21,964 [0e92623e-4dcf-4eff-ae25-f8b8c2de319b-groupManagement] INFO  server.RaftServerConfigKeys (ConfUtils.java:logGet(46)) - raft.server.snapshot.auto.trigger.threshold = 10000 (custom)
2023-11-06 09:27:21,964 [0e92623e-4dcf-4eff-ae25-f8b8c2de319b-groupManagement] INFO  server.RaftServerConfigKeys (ConfUtils.java:logGet(46)) - raft.server.snapshot.retention.file.num = 5 (custom)
2023-11-06 09:27:21,964 [0e92623e-4dcf-4eff-ae25-f8b8c2de319b-groupManagement] INFO  server.RaftServerConfigKeys (ConfUtils.java:logGet(46)) - raft.server.log.purge.upto.snapshot.index = false (default)
2023-11-06 09:27:21,965 [0e92623e-4dcf-4eff-ae25-f8b8c2de319b-PipelineCommandHandlerThread-0] INFO  ratis.XceiverServerRatis (XceiverServerRatis.java:addGroup(805)) - Created group PipelineID=7b0a982b-f016-45dd-88ed-09a8159b88d0
2023-11-06 09:27:21,973 [0e92623e-4dcf-4eff-ae25-f8b8c2de319b@group-09A8159B88D0-FollowerState] INFO  server.RaftServerConfigKeys (ConfUtils.java:logFallback(53)) - raft.server.rpc.first-election.timeout.min = 5s (fallback to raft.server.rpc.timeout.min)
2023-11-06 09:27:21,974 [0e92623e-4dcf-4eff-ae25-f8b8c2de319b@group-09A8159B88D0-FollowerState] INFO  server.RaftServerConfigKeys (ConfUtils.java:logFallback(53)) - raft.server.rpc.first-election.timeout.max = 5200ms (fallback to raft.server.rpc.timeout.max)
2023-11-06 09:27:21,976 [grpc-default-executor-0] INFO  server.RaftServer (RaftServerProxy.java:addNew(98)) - fedf11b8-0957-422e-880a-91cc26979c7a: addNew group-09A8159B88D0:[d9016e39-0130-4fd9-896a-cac3c2785d02|rpc:10.1.0.6:15032|admin:10.1.0.6:15031|client:10.1.0.6:15030|dataStream:10.1.0.6:15033|priority:1|startupRole:FOLLOWER, fedf11b8-0957-422e-880a-91cc26979c7a|rpc:10.1.0.6:15014|admin:10.1.0.6:15013|client:10.1.0.6:15012|dataStream:10.1.0.6:15015|priority:0|startupRole:FOLLOWER, 0e92623e-4dcf-4eff-ae25-f8b8c2de319b|rpc:10.1.0.6:15095|admin:10.1.0.6:15094|client:10.1.0.6:15093|dataStream:10.1.0.6:15096|priority:0|startupRole:FOLLOWER] returns group-09A8159B88D0:java.util.concurrent.CompletableFuture@1a09d474[Not completed]
2023-11-06 09:27:21,978 [fedf11b8-0957-422e-880a-91cc26979c7a-groupManagement] INFO  server.RaftServer$Division (RaftServerImpl.java:<init>(198)) - fedf11b8-0957-422e-880a-91cc26979c7a: new RaftServerImpl for group-09A8159B88D0:[d9016e39-0130-4fd9-896a-cac3c2785d02|rpc:10.1.0.6:15032|admin:10.1.0.6:15031|client:10.1.0.6:15030|dataStream:10.1.0.6:15033|priority:1|startupRole:FOLLOWER, fedf11b8-0957-422e-880a-91cc26979c7a|rpc:10.1.0.6:15014|admin:10.1.0.6:15013|client:10.1.0.6:15012|dataStream:10.1.0.6:15015|priority:0|startupRole:FOLLOWER, 0e92623e-4dcf-4eff-ae25-f8b8c2de319b|rpc:10.1.0.6:15095|admin:10.1.0.6:15094|client:10.1.0.6:15093|dataStream:10.1.0.6:15096|priority:0|startupRole:FOLLOWER] with ContainerStateMachine:uninitialized
2023-11-06 09:27:21,978 [fedf11b8-0957-422e-880a-91cc26979c7a-groupManagement] INFO  server.RaftServerConfigKeys (ConfUtils.java:logGet(46)) - raft.server.rpc.timeout.min = 5s (custom)
2023-11-06 09:27:21,978 [fedf11b8-0957-422e-880a-91cc26979c7a-groupManagement] INFO  server.RaftServerConfigKeys (ConfUtils.java:logGet(46)) - raft.server.rpc.timeout.max = 5200ms (custom)
2023-11-06 09:27:21,978 [fedf11b8-0957-422e-880a-91cc26979c7a-groupManagement] INFO  server.RaftServerConfigKeys (ConfUtils.java:logGet(46)) - raft.server.rpc.sleep.time = 25ms (default)
2023-11-06 09:27:21,978 [fedf11b8-0957-422e-880a-91cc26979c7a-groupManagement] INFO  server.RaftServerConfigKeys (ConfUtils.java:logGet(46)) - raft.server.rpc.slowness.timeout = 300s (custom)
2023-11-06 09:27:21,978 [fedf11b8-0957-422e-880a-91cc26979c7a-groupManagement] INFO  server.RaftServerConfigKeys (ConfUtils.java:logGet(46)) - raft.server.leaderelection.leader.step-down.wait-time = 10s (default)
2023-11-06 09:27:21,978 [fedf11b8-0957-422e-880a-91cc26979c7a-groupManagement] INFO  server.RaftServerConfigKeys (ConfUtils.java:logGet(46)) - raft.server.sleep.deviation.threshold = 300ms (default)
2023-11-06 09:27:21,978 [fedf11b8-0957-422e-880a-91cc26979c7a-groupManagement] INFO  server.RaftServer$Division (ServerState.java:<init>(120)) - fedf11b8-0957-422e-880a-91cc26979c7a@group-09A8159B88D0: ConfigurationManager, init=-1: peers:[d9016e39-0130-4fd9-896a-cac3c2785d02|rpc:10.1.0.6:15032|admin:10.1.0.6:15031|client:10.1.0.6:15030|dataStream:10.1.0.6:15033|priority:1|startupRole:FOLLOWER, fedf11b8-0957-422e-880a-91cc26979c7a|rpc:10.1.0.6:15014|admin:10.1.0.6:15013|client:10.1.0.6:15012|dataStream:10.1.0.6:15015|priority:0|startupRole:FOLLOWER, 0e92623e-4dcf-4eff-ae25-f8b8c2de319b|rpc:10.1.0.6:15095|admin:10.1.0.6:15094|client:10.1.0.6:15093|dataStream:10.1.0.6:15096|priority:0|startupRole:FOLLOWER]|listeners:[], old=null, confs=<EMPTY_MAP>
2023-11-06 09:27:21,978 [fedf11b8-0957-422e-880a-91cc26979c7a-groupManagement] INFO  server.RaftServerConfigKeys (ConfUtils.java:logGet(46)) - raft.server.storage.dir = [/home/runner/work/ozone/ozone/hadoop-ozone/integration-test/target/test-dir/MiniOzoneClusterImpl-938474ea-96d6-4bd3-a45f-678920fb0bb2/datanode-0/data/ratis] (custom)
2023-11-06 09:27:21,978 [fedf11b8-0957-422e-880a-91cc26979c7a-groupManagement] INFO  server.RaftServerConfigKeys (ConfUtils.java:logGet(46)) - raft.server.log.corruption.policy = EXCEPTION (default)
2023-11-06 09:27:21,978 [fedf11b8-0957-422e-880a-91cc26979c7a-groupManagement] INFO  server.RaftServerConfigKeys (ConfUtils.java:logGet(46)) - raft.server.storage.free-space.min = 0MB (=0) (default)
2023-11-06 09:27:21,978 [fedf11b8-0957-422e-880a-91cc26979c7a-groupManagement] INFO  server.RaftServerConfigKeys (ConfUtils.java:logGet(46)) - raft.server.notification.no-leader.timeout = 300s (custom)
2023-11-06 09:27:21,979 [fedf11b8-0957-422e-880a-91cc26979c7a-groupManagement] INFO  server.RaftServerConfigKeys (ConfUtils.java:logGet(46)) - raft.server.read.timeout = 10s (default)
2023-11-06 09:27:21,979 [fedf11b8-0957-422e-880a-91cc26979c7a-groupManagement] INFO  server.RaftServerConfigKeys (ConfUtils.java:logGet(46)) - raft.server.retrycache.expirytime = 600000ms (custom)
2023-11-06 09:27:21,979 [fedf11b8-0957-422e-880a-91cc26979c7a-groupManagement] INFO  server.RaftServerConfigKeys (ConfUtils.java:logGet(46)) - raft.server.retrycache.statistics.expirytime = 100μs (default)
2023-11-06 09:27:21,979 [fedf11b8-0957-422e-880a-91cc26979c7a-groupManagement] INFO  server.RaftServerConfigKeys (ConfUtils.java:logGet(46)) - raft.server.read.option = DEFAULT (default)
2023-11-06 09:27:21,980 [fedf11b8-0957-422e-880a-91cc26979c7a-groupManagement] INFO  server.RaftServerConfigKeys (ConfUtils.java:logGet(46)) - raft.server.rpc.request.timeout = 60s (custom)
2023-11-06 09:27:21,981 [fedf11b8-0957-422e-880a-91cc26979c7a-groupManagement] INFO  server.RaftServerConfigKeys (ConfUtils.java:logGet(46)) - raft.server.log.appender.install.snapshot.enabled = false (custom)
2023-11-06 09:27:21,981 [fedf11b8-0957-422e-880a-91cc26979c7a-groupManagement] INFO  server.RaftServerConfigKeys (ConfUtils.java:logGet(46)) - raft.server.threadpool.server.cached = true (default)
2023-11-06 09:27:21,981 [fedf11b8-0957-422e-880a-91cc26979c7a-groupManagement] INFO  server.RaftServerConfigKeys (ConfUtils.java:logGet(46)) - raft.server.threadpool.server.size = 0 (default)
2023-11-06 09:27:21,982 [fedf11b8-0957-422e-880a-91cc26979c7a-groupManagement] INFO  server.RaftServerConfigKeys (ConfUtils.java:logGet(46)) - raft.server.threadpool.client.cached = true (default)
2023-11-06 09:27:21,982 [fedf11b8-0957-422e-880a-91cc26979c7a-groupManagement] INFO  server.RaftServerConfigKeys (ConfUtils.java:logGet(46)) - raft.server.threadpool.client.size = 0 (default)
2023-11-06 09:27:21,985 [fedf11b8-0957-422e-880a-91cc26979c7a-groupManagement] INFO  storage.RaftStorageDirectory (RaftStorageDirectoryImpl.java:analyzeStorage(137)) - The storage directory /home/runner/work/ozone/ozone/hadoop-ozone/integration-test/target/test-dir/MiniOzoneClusterImpl-938474ea-96d6-4bd3-a45f-678920fb0bb2/datanode-0/data/ratis/7b0a982b-f016-45dd-88ed-09a8159b88d0 does not exist. Creating ...
2023-11-06 09:27:21,986 [fedf11b8-0957-422e-880a-91cc26979c7a-groupManagement] INFO  storage.RaftStorageDirectory (RaftStorageDirectoryImpl.java:tryLock(231)) - Lock on /home/runner/work/ozone/ozone/hadoop-ozone/integration-test/target/test-dir/MiniOzoneClusterImpl-938474ea-96d6-4bd3-a45f-678920fb0bb2/datanode-0/data/ratis/7b0a982b-f016-45dd-88ed-09a8159b88d0/in_use.lock acquired by nodename 20533@fv-az241-347
2023-11-06 09:27:21,988 [fedf11b8-0957-422e-880a-91cc26979c7a-groupManagement] INFO  storage.RaftStorage (RaftStorageImpl.java:format(96)) - Storage directory /home/runner/work/ozone/ozone/hadoop-ozone/integration-test/target/test-dir/MiniOzoneClusterImpl-938474ea-96d6-4bd3-a45f-678920fb0bb2/datanode-0/data/ratis/7b0a982b-f016-45dd-88ed-09a8159b88d0 has been successfully formatted.
2023-11-06 09:27:21,992 [fedf11b8-0957-422e-880a-91cc26979c7a-groupManagement] INFO  ratis.ContainerStateMachine (ContainerStateMachine.java:loadSnapshot(269)) - group-09A8159B88D0: The snapshot info is null. Setting the last applied indexto:(t:0, i:~)
2023-11-06 09:27:21,994 [fedf11b8-0957-422e-880a-91cc26979c7a-groupManagement] INFO  server.RaftServerConfigKeys (ConfUtils.java:logGet(46)) - raft.server.log.use.memory = false (default)
2023-11-06 09:27:21,994 [fedf11b8-0957-422e-880a-91cc26979c7a-groupManagement] INFO  server.RaftServerConfigKeys (ConfUtils.java:logGet(46)) - raft.server.log.purge.gap = 1000000 (custom)
2023-11-06 09:27:21,995 [fedf11b8-0957-422e-880a-91cc26979c7a-groupManagement] INFO  server.RaftServerConfigKeys (ConfUtils.java:logGet(46)) - raft.server.log.appender.buffer.byte-limit = 33554432 (custom)
2023-11-06 09:27:21,995 [fedf11b8-0957-422e-880a-91cc26979c7a-groupManagement] INFO  server.RaftServerConfigKeys (ConfUtils.java:logGet(46)) - raft.server.log.statemachine.data.read.timeout = 1000ms (default)
2023-11-06 09:27:21,995 [fedf11b8-0957-422e-880a-91cc26979c7a-groupManagement] INFO  server.RaftServerConfigKeys (ConfUtils.java:logGet(46)) - raft.server.log.purge.preservation.log.num = 0 (default)
2023-11-06 09:27:21,996 [fedf11b8-0957-422e-880a-91cc26979c7a-groupManagement] INFO  server.RaftServerConfigKeys (ConfUtils.java:logGet(46)) - raft.server.log.segment.size.max = 1048576 (custom)
2023-11-06 09:27:21,997 [fedf11b8-0957-422e-880a-91cc26979c7a-groupManagement] INFO  server.RaftServerConfigKeys (ConfUtils.java:logGet(46)) - raft.server.log.segment.cache.num.max = 2 (custom)
2023-11-06 09:27:21,997 [fedf11b8-0957-422e-880a-91cc26979c7a-groupManagement] INFO  server.RaftServerConfigKeys (ConfUtils.java:logGet(46)) - raft.server.log.segment.cache.size.max = 200MB (=209715200) (default)
2023-11-06 09:27:21,997 [fedf11b8-0957-422e-880a-91cc26979c7a-groupManagement] INFO  server.RaftServerConfigKeys (ConfUtils.java:logGet(46)) - raft.server.log.appender.buffer.byte-limit = 33554432 (custom)
2023-11-06 09:27:21,997 [fedf11b8-0957-422e-880a-91cc26979c7a-groupManagement] INFO  segmented.SegmentedRaftLogWorker (SegmentedRaftLogWorker.java:<init>(188)) - new fedf11b8-0957-422e-880a-91cc26979c7a@group-09A8159B88D0-SegmentedRaftLogWorker for RaftStorageImpl:Storage Directory /home/runner/work/ozone/ozone/hadoop-ozone/integration-test/target/test-dir/MiniOzoneClusterImpl-938474ea-96d6-4bd3-a45f-678920fb0bb2/datanode-0/data/ratis/7b0a982b-f016-45dd-88ed-09a8159b88d0
2023-11-06 09:27:21,997 [fedf11b8-0957-422e-880a-91cc26979c7a-groupManagement] INFO  server.RaftServerConfigKeys (ConfUtils.java:logGet(46)) - raft.server.log.queue.byte-limit = 4294967296 (custom)
2023-11-06 09:27:21,997 [fedf11b8-0957-422e-880a-91cc26979c7a-groupManagement] INFO  server.RaftServerConfigKeys (ConfUtils.java:logGet(46)) - raft.server.log.queue.element-limit = 1024 (custom)
2023-11-06 09:27:21,997 [fedf11b8-0957-422e-880a-91cc26979c7a-groupManagement] INFO  server.RaftServerConfigKeys (ConfUtils.java:logGet(46)) - raft.server.log.segment.size.max = 1048576 (custom)
2023-11-06 09:27:21,998 [fedf11b8-0957-422e-880a-91cc26979c7a-groupManagement] INFO  server.RaftServerConfigKeys (ConfUtils.java:logGet(46)) - raft.server.log.preallocated.size = 16384 (custom)
2023-11-06 09:27:21,998 [fedf11b8-0957-422e-880a-91cc26979c7a-groupManagement] INFO  server.RaftServerConfigKeys (ConfUtils.java:logGet(46)) - raft.server.log.force.sync.num = 128 (default)
2023-11-06 09:27:21,998 [fedf11b8-0957-422e-880a-91cc26979c7a-groupManagement] INFO  server.RaftServerConfigKeys (ConfUtils.java:logGet(46)) - raft.server.log.statemachine.data.sync = true (default)
2023-11-06 09:27:21,998 [fedf11b8-0957-422e-880a-91cc26979c7a-groupManagement] INFO  server.RaftServerConfigKeys (ConfUtils.java:logGet(46)) - raft.server.log.statemachine.data.sync.timeout = 10s (default)
2023-11-06 09:27:21,998 [fedf11b8-0957-422e-880a-91cc26979c7a-groupManagement] INFO  server.RaftServerConfigKeys (ConfUtils.java:logGet(46)) - raft.server.log.statemachine.data.sync.timeout.retry = -1 (default)
2023-11-06 09:27:21,998 [fedf11b8-0957-422e-880a-91cc26979c7a-groupManagement] INFO  server.RaftServerConfigKeys (ConfUtils.java:logGet(46)) - raft.server.log.write.buffer.size = 1048576 (custom)
2023-11-06 09:27:21,999 [fedf11b8-0957-422e-880a-91cc26979c7a-groupManagement] INFO  server.RaftServerConfigKeys (ConfUtils.java:logGet(46)) - raft.server.log.appender.buffer.byte-limit = 33554432 (custom)
2023-11-06 09:27:22,003 [fedf11b8-0957-422e-880a-91cc26979c7a-groupManagement] INFO  server.RaftServerConfigKeys (ConfUtils.java:logGet(46)) - raft.server.log.unsafe-flush.enabled = false (default)
2023-11-06 09:27:22,004 [fedf11b8-0957-422e-880a-91cc26979c7a-groupManagement] INFO  server.RaftServerConfigKeys (ConfUtils.java:logGet(46)) - raft.server.log.async-flush.enabled = false (default)
2023-11-06 09:27:22,004 [fedf11b8-0957-422e-880a-91cc26979c7a-groupManagement] INFO  server.RaftServerConfigKeys (ConfUtils.java:logGet(46)) - raft.server.log.statemachine.data.caching.enabled = true (custom)
2023-11-06 09:27:22,004 [fedf11b8-0957-422e-880a-91cc26979c7a-groupManagement] INFO  segmented.SegmentedRaftLogWorker (SegmentedRaftLogWorker.java:lambda$new$0(135)) - fedf11b8-0957-422e-880a-91cc26979c7a@group-09A8159B88D0-SegmentedRaftLogWorker: flushIndex: setUnconditionally 0 -> -1
2023-11-06 09:27:22,004 [fedf11b8-0957-422e-880a-91cc26979c7a-groupManagement] INFO  segmented.SegmentedRaftLogWorker (SegmentedRaftLogWorker.java:lambda$new$0(135)) - fedf11b8-0957-422e-880a-91cc26979c7a@group-09A8159B88D0-SegmentedRaftLogWorker: safeCacheEvictIndex: setUnconditionally 0 -> -1
2023-11-06 09:27:22,004 [fedf11b8-0957-422e-880a-91cc26979c7a-groupManagement] INFO  server.RaftServer$Division (RaftServerImpl.java:start(342)) - fedf11b8-0957-422e-880a-91cc26979c7a@group-09A8159B88D0: start as a follower, conf=-1: peers:[d9016e39-0130-4fd9-896a-cac3c2785d02|rpc:10.1.0.6:15032|admin:10.1.0.6:15031|client:10.1.0.6:15030|dataStream:10.1.0.6:15033|priority:1|startupRole:FOLLOWER, fedf11b8-0957-422e-880a-91cc26979c7a|rpc:10.1.0.6:15014|admin:10.1.0.6:15013|client:10.1.0.6:15012|dataStream:10.1.0.6:15015|priority:0|startupRole:FOLLOWER, 0e92623e-4dcf-4eff-ae25-f8b8c2de319b|rpc:10.1.0.6:15095|admin:10.1.0.6:15094|client:10.1.0.6:15093|dataStream:10.1.0.6:15096|priority:0|startupRole:FOLLOWER]|listeners:[], old=null
2023-11-06 09:27:22,004 [fedf11b8-0957-422e-880a-91cc26979c7a-groupManagement] INFO  server.RaftServer$Division (RaftServerImpl.java:setRole(329)) - fedf11b8-0957-422e-880a-91cc26979c7a@group-09A8159B88D0: changes role from      null to FOLLOWER at term 0 for startAsFollower
2023-11-06 09:27:22,004 [fedf11b8-0957-422e-880a-91cc26979c7a-groupManagement] INFO  impl.RoleInfo (RoleInfo.java:updateAndGet(139)) - fedf11b8-0957-422e-880a-91cc26979c7a: start fedf11b8-0957-422e-880a-91cc26979c7a@group-09A8159B88D0-FollowerState
2023-11-06 09:27:22,005 [fedf11b8-0957-422e-880a-91cc26979c7a-groupManagement] INFO  util.JmxRegister (JmxRegister.java:tryRegister(44)) - Successfully registered JMX Bean with object name Ratis:service=RaftServer,group=group-09A8159B88D0,id=fedf11b8-0957-422e-880a-91cc26979c7a
2023-11-06 09:27:22,005 [fedf11b8-0957-422e-880a-91cc26979c7a-groupManagement] INFO  server.RaftServerConfigKeys (ConfUtils.java:logGet(46)) - raft.server.snapshot.auto.trigger.enabled = true (custom)
2023-11-06 09:27:22,005 [fedf11b8-0957-422e-880a-91cc26979c7a-groupManagement] INFO  server.RaftServerConfigKeys (ConfUtils.java:logGet(46)) - raft.server.snapshot.auto.trigger.threshold = 10000 (custom)
2023-11-06 09:27:22,005 [fedf11b8-0957-422e-880a-91cc26979c7a-groupManagement] INFO  server.RaftServerConfigKeys (ConfUtils.java:logGet(46)) - raft.server.snapshot.retention.file.num = 5 (custom)
2023-11-06 09:27:22,005 [fedf11b8-0957-422e-880a-91cc26979c7a-groupManagement] INFO  server.RaftServerConfigKeys (ConfUtils.java:logGet(46)) - raft.server.log.purge.upto.snapshot.index = false (default)
2023-11-06 09:27:22,005 [fedf11b8-0957-422e-880a-91cc26979c7a@group-09A8159B88D0-FollowerState] INFO  server.RaftServerConfigKeys (ConfUtils.java:logFallback(53)) - raft.server.rpc.first-election.timeout.min = 5s (fallback to raft.server.rpc.timeout.min)
2023-11-06 09:27:22,005 [fedf11b8-0957-422e-880a-91cc26979c7a@group-09A8159B88D0-FollowerState] INFO  server.RaftServerConfigKeys (ConfUtils.java:logFallback(53)) - raft.server.rpc.first-election.timeout.max = 5200ms (fallback to raft.server.rpc.timeout.max)
2023-11-06 09:27:22,026 [grpc-default-executor-0] INFO  server.RaftServer (RaftServerProxy.java:addNew(98)) - d9016e39-0130-4fd9-896a-cac3c2785d02: addNew group-09A8159B88D0:[d9016e39-0130-4fd9-896a-cac3c2785d02|rpc:10.1.0.6:15032|admin:10.1.0.6:15031|client:10.1.0.6:15030|dataStream:10.1.0.6:15033|priority:1|startupRole:FOLLOWER, fedf11b8-0957-422e-880a-91cc26979c7a|rpc:10.1.0.6:15014|admin:10.1.0.6:15013|client:10.1.0.6:15012|dataStream:10.1.0.6:15015|priority:0|startupRole:FOLLOWER, 0e92623e-4dcf-4eff-ae25-f8b8c2de319b|rpc:10.1.0.6:15095|admin:10.1.0.6:15094|client:10.1.0.6:15093|dataStream:10.1.0.6:15096|priority:0|startupRole:FOLLOWER] returns group-09A8159B88D0:java.util.concurrent.CompletableFuture@7a3833f5[Not completed]
2023-11-06 09:27:22,027 [d9016e39-0130-4fd9-896a-cac3c2785d02-groupManagement] INFO  server.RaftServer$Division (RaftServerImpl.java:<init>(198)) - d9016e39-0130-4fd9-896a-cac3c2785d02: new RaftServerImpl for group-09A8159B88D0:[d9016e39-0130-4fd9-896a-cac3c2785d02|rpc:10.1.0.6:15032|admin:10.1.0.6:15031|client:10.1.0.6:15030|dataStream:10.1.0.6:15033|priority:1|startupRole:FOLLOWER, fedf11b8-0957-422e-880a-91cc26979c7a|rpc:10.1.0.6:15014|admin:10.1.0.6:15013|client:10.1.0.6:15012|dataStream:10.1.0.6:15015|priority:0|startupRole:FOLLOWER, 0e92623e-4dcf-4eff-ae25-f8b8c2de319b|rpc:10.1.0.6:15095|admin:10.1.0.6:15094|client:10.1.0.6:15093|dataStream:10.1.0.6:15096|priority:0|startupRole:FOLLOWER] with ContainerStateMachine:uninitialized
2023-11-06 09:27:22,027 [d9016e39-0130-4fd9-896a-cac3c2785d02-groupManagement] INFO  server.RaftServerConfigKeys (ConfUtils.java:logGet(46)) - raft.server.rpc.timeout.min = 5s (custom)
2023-11-06 09:27:22,027 [d9016e39-0130-4fd9-896a-cac3c2785d02-groupManagement] INFO  server.RaftServerConfigKeys (ConfUtils.java:logGet(46)) - raft.server.rpc.timeout.max = 5200ms (custom)
2023-11-06 09:27:22,027 [d9016e39-0130-4fd9-896a-cac3c2785d02-groupManagement] INFO  server.RaftServerConfigKeys (ConfUtils.java:logGet(46)) - raft.server.rpc.sleep.time = 25ms (default)
2023-11-06 09:27:22,027 [d9016e39-0130-4fd9-896a-cac3c2785d02-groupManagement] INFO  server.RaftServerConfigKeys (ConfUtils.java:logGet(46)) - raft.server.rpc.slowness.timeout = 300s (custom)
2023-11-06 09:27:22,027 [d9016e39-0130-4fd9-896a-cac3c2785d02-groupManagement] INFO  server.RaftServerConfigKeys (ConfUtils.java:logGet(46)) - raft.server.leaderelection.leader.step-down.wait-time = 10s (default)
2023-11-06 09:27:22,027 [d9016e39-0130-4fd9-896a-cac3c2785d02-groupManagement] INFO  server.RaftServerConfigKeys (ConfUtils.java:logGet(46)) - raft.server.sleep.deviation.threshold = 300ms (default)
2023-11-06 09:27:22,027 [d9016e39-0130-4fd9-896a-cac3c2785d02-groupManagement] INFO  server.RaftServer$Division (ServerState.java:<init>(120)) - d9016e39-0130-4fd9-896a-cac3c2785d02@group-09A8159B88D0: ConfigurationManager, init=-1: peers:[d9016e39-0130-4fd9-896a-cac3c2785d02|rpc:10.1.0.6:15032|admin:10.1.0.6:15031|client:10.1.0.6:15030|dataStream:10.1.0.6:15033|priority:1|startupRole:FOLLOWER, fedf11b8-0957-422e-880a-91cc26979c7a|rpc:10.1.0.6:15014|admin:10.1.0.6:15013|client:10.1.0.6:15012|dataStream:10.1.0.6:15015|priority:0|startupRole:FOLLOWER, 0e92623e-4dcf-4eff-ae25-f8b8c2de319b|rpc:10.1.0.6:15095|admin:10.1.0.6:15094|client:10.1.0.6:15093|dataStream:10.1.0.6:15096|priority:0|startupRole:FOLLOWER]|listeners:[], old=null, confs=<EMPTY_MAP>
2023-11-06 09:27:22,027 [d9016e39-0130-4fd9-896a-cac3c2785d02-groupManagement] INFO  server.RaftServerConfigKeys (ConfUtils.java:logGet(46)) - raft.server.storage.dir = [/home/runner/work/ozone/ozone/hadoop-ozone/integration-test/target/test-dir/MiniOzoneClusterImpl-938474ea-96d6-4bd3-a45f-678920fb0bb2/datanode-2/data/ratis] (custom)
2023-11-06 09:27:22,027 [d9016e39-0130-4fd9-896a-cac3c2785d02-groupManagement] INFO  server.RaftServerConfigKeys (ConfUtils.java:logGet(46)) - raft.server.log.corruption.policy = EXCEPTION (default)
2023-11-06 09:27:22,027 [d9016e39-0130-4fd9-896a-cac3c2785d02-groupManagement] INFO  server.RaftServerConfigKeys (ConfUtils.java:logGet(46)) - raft.server.storage.free-space.min = 0MB (=0) (default)
2023-11-06 09:27:22,027 [d9016e39-0130-4fd9-896a-cac3c2785d02-groupManagement] INFO  server.RaftServerConfigKeys (ConfUtils.java:logGet(46)) - raft.server.notification.no-leader.timeout = 300s (custom)
2023-11-06 09:27:22,027 [d9016e39-0130-4fd9-896a-cac3c2785d02-groupManagement] INFO  server.RaftServerConfigKeys (ConfUtils.java:logGet(46)) - raft.server.read.timeout = 10s (default)
2023-11-06 09:27:22,028 [d9016e39-0130-4fd9-896a-cac3c2785d02-groupManagement] INFO  server.RaftServerConfigKeys (ConfUtils.java:logGet(46)) - raft.server.retrycache.expirytime = 600000ms (custom)
2023-11-06 09:27:22,028 [d9016e39-0130-4fd9-896a-cac3c2785d02-groupManagement] INFO  server.RaftServerConfigKeys (ConfUtils.java:logGet(46)) - raft.server.retrycache.statistics.expirytime = 100μs (default)
2023-11-06 09:27:22,028 [d9016e39-0130-4fd9-896a-cac3c2785d02-groupManagement] INFO  server.RaftServerConfigKeys (ConfUtils.java:logGet(46)) - raft.server.read.option = DEFAULT (default)
2023-11-06 09:27:22,028 [d9016e39-0130-4fd9-896a-cac3c2785d02-groupManagement] INFO  server.RaftServerConfigKeys (ConfUtils.java:logGet(46)) - raft.server.rpc.request.timeout = 60s (custom)
2023-11-06 09:27:22,028 [d9016e39-0130-4fd9-896a-cac3c2785d02-groupManagement] INFO  server.RaftServerConfigKeys (ConfUtils.java:logGet(46)) - raft.server.log.appender.install.snapshot.enabled = false (custom)
2023-11-06 09:27:22,028 [d9016e39-0130-4fd9-896a-cac3c2785d02-groupManagement] INFO  server.RaftServerConfigKeys (ConfUtils.java:logGet(46)) - raft.server.threadpool.server.cached = true (default)
2023-11-06 09:27:22,029 [d9016e39-0130-4fd9-896a-cac3c2785d02-groupManagement] INFO  server.RaftServerConfigKeys (ConfUtils.java:logGet(46)) - raft.server.threadpool.server.size = 0 (default)
2023-11-06 09:27:22,029 [d9016e39-0130-4fd9-896a-cac3c2785d02-groupManagement] INFO  server.RaftServerConfigKeys (ConfUtils.java:logGet(46)) - raft.server.threadpool.client.cached = true (default)
2023-11-06 09:27:22,029 [d9016e39-0130-4fd9-896a-cac3c2785d02-groupManagement] INFO  server.RaftServerConfigKeys (ConfUtils.java:logGet(46)) - raft.server.threadpool.client.size = 0 (default)
2023-11-06 09:27:22,035 [d9016e39-0130-4fd9-896a-cac3c2785d02-groupManagement] INFO  storage.RaftStorageDirectory (RaftStorageDirectoryImpl.java:analyzeStorage(137)) - The storage directory /home/runner/work/ozone/ozone/hadoop-ozone/integration-test/target/test-dir/MiniOzoneClusterImpl-938474ea-96d6-4bd3-a45f-678920fb0bb2/datanode-2/data/ratis/7b0a982b-f016-45dd-88ed-09a8159b88d0 does not exist. Creating ...
2023-11-06 09:27:22,037 [d9016e39-0130-4fd9-896a-cac3c2785d02-groupManagement] INFO  storage.RaftStorageDirectory (RaftStorageDirectoryImpl.java:tryLock(231)) - Lock on /home/runner/work/ozone/ozone/hadoop-ozone/integration-test/target/test-dir/MiniOzoneClusterImpl-938474ea-96d6-4bd3-a45f-678920fb0bb2/datanode-2/data/ratis/7b0a982b-f016-45dd-88ed-09a8159b88d0/in_use.lock acquired by nodename 20533@fv-az241-347
2023-11-06 09:27:22,041 [d9016e39-0130-4fd9-896a-cac3c2785d02-groupManagement] INFO  storage.RaftStorage (RaftStorageImpl.java:format(96)) - Storage directory /home/runner/work/ozone/ozone/hadoop-ozone/integration-test/target/test-dir/MiniOzoneClusterImpl-938474ea-96d6-4bd3-a45f-678920fb0bb2/datanode-2/data/ratis/7b0a982b-f016-45dd-88ed-09a8159b88d0 has been successfully formatted.
2023-11-06 09:27:22,043 [d9016e39-0130-4fd9-896a-cac3c2785d02-groupManagement] INFO  ratis.ContainerStateMachine (ContainerStateMachine.java:loadSnapshot(269)) - group-09A8159B88D0: The snapshot info is null. Setting the last applied indexto:(t:0, i:~)
2023-11-06 09:27:22,043 [d9016e39-0130-4fd9-896a-cac3c2785d02-groupManagement] INFO  server.RaftServerConfigKeys (ConfUtils.java:logGet(46)) - raft.server.log.use.memory = false (default)
2023-11-06 09:27:22,043 [d9016e39-0130-4fd9-896a-cac3c2785d02-groupManagement] INFO  server.RaftServerConfigKeys (ConfUtils.java:logGet(46)) - raft.server.log.purge.gap = 1000000 (custom)
2023-11-06 09:27:22,043 [d9016e39-0130-4fd9-896a-cac3c2785d02-groupManagement] INFO  server.RaftServerConfigKeys (ConfUtils.java:logGet(46)) - raft.server.log.appender.buffer.byte-limit = 33554432 (custom)
2023-11-06 09:27:22,043 [d9016e39-0130-4fd9-896a-cac3c2785d02-groupManagement] INFO  server.RaftServerConfigKeys (ConfUtils.java:logGet(46)) - raft.server.log.statemachine.data.read.timeout = 1000ms (default)
2023-11-06 09:27:22,043 [d9016e39-0130-4fd9-896a-cac3c2785d02-groupManagement] INFO  server.RaftServerConfigKeys (ConfUtils.java:logGet(46)) - raft.server.log.purge.preservation.log.num = 0 (default)
2023-11-06 09:27:22,043 [EventQueue-PipelineReportForPipelineReportHandler] INFO  pipeline.PipelineReportHandler (PipelineReportHandler.java:processPipelineReport(115)) - Reported pipeline PipelineID=4a550c64-9968-4de5-acde-c449668a084e is not found
2023-11-06 09:27:22,044 [d9016e39-0130-4fd9-896a-cac3c2785d02-groupManagement] INFO  server.RaftServerConfigKeys (ConfUtils.java:logGet(46)) - raft.server.log.segment.size.max = 1048576 (custom)
2023-11-06 09:27:22,044 [d9016e39-0130-4fd9-896a-cac3c2785d02-groupManagement] INFO  server.RaftServerConfigKeys (ConfUtils.java:logGet(46)) - raft.server.log.segment.cache.num.max = 2 (custom)
2023-11-06 09:27:22,044 [d9016e39-0130-4fd9-896a-cac3c2785d02-groupManagement] INFO  server.RaftServerConfigKeys (ConfUtils.java:logGet(46)) - raft.server.log.segment.cache.size.max = 200MB (=209715200) (default)
2023-11-06 09:27:22,044 [d9016e39-0130-4fd9-896a-cac3c2785d02-groupManagement] INFO  server.RaftServerConfigKeys (ConfUtils.java:logGet(46)) - raft.server.log.appender.buffer.byte-limit = 33554432 (custom)
2023-11-06 09:27:22,044 [d9016e39-0130-4fd9-896a-cac3c2785d02-groupManagement] INFO  segmented.SegmentedRaftLogWorker (SegmentedRaftLogWorker.java:<init>(188)) - new d9016e39-0130-4fd9-896a-cac3c2785d02@group-09A8159B88D0-SegmentedRaftLogWorker for RaftStorageImpl:Storage Directory /home/runner/work/ozone/ozone/hadoop-ozone/integration-test/target/test-dir/MiniOzoneClusterImpl-938474ea-96d6-4bd3-a45f-678920fb0bb2/datanode-2/data/ratis/7b0a982b-f016-45dd-88ed-09a8159b88d0
2023-11-06 09:27:22,044 [d9016e39-0130-4fd9-896a-cac3c2785d02-groupManagement] INFO  server.RaftServerConfigKeys (ConfUtils.java:logGet(46)) - raft.server.log.queue.byte-limit = 4294967296 (custom)
2023-11-06 09:27:22,044 [d9016e39-0130-4fd9-896a-cac3c2785d02-groupManagement] INFO  server.RaftServerConfigKeys (ConfUtils.java:logGet(46)) - raft.server.log.queue.element-limit = 1024 (custom)
2023-11-06 09:27:22,044 [d9016e39-0130-4fd9-896a-cac3c2785d02-groupManagement] INFO  server.RaftServerConfigKeys (ConfUtils.java:logGet(46)) - raft.server.log.segment.size.max = 1048576 (custom)
2023-11-06 09:27:22,044 [d9016e39-0130-4fd9-896a-cac3c2785d02-groupManagement] INFO  server.RaftServerConfigKeys (ConfUtils.java:logGet(46)) - raft.server.log.preallocated.size = 16384 (custom)
2023-11-06 09:27:22,045 [d9016e39-0130-4fd9-896a-cac3c2785d02-groupManagement] INFO  server.RaftServerConfigKeys (ConfUtils.java:logGet(46)) - raft.server.log.force.sync.num = 128 (default)
2023-11-06 09:27:22,045 [d9016e39-0130-4fd9-896a-cac3c2785d02-groupManagement] INFO  server.RaftServerConfigKeys (ConfUtils.java:logGet(46)) - raft.server.log.statemachine.data.sync = true (default)
2023-11-06 09:27:22,046 [d9016e39-0130-4fd9-896a-cac3c2785d02-groupManagement] INFO  server.RaftServerConfigKeys (ConfUtils.java:logGet(46)) - raft.server.log.statemachine.data.sync.timeout = 10s (default)
2023-11-06 09:27:22,046 [d9016e39-0130-4fd9-896a-cac3c2785d02-groupManagement] INFO  server.RaftServerConfigKeys (ConfUtils.java:logGet(46)) - raft.server.log.statemachine.data.sync.timeout.retry = -1 (default)
2023-11-06 09:27:22,046 [d9016e39-0130-4fd9-896a-cac3c2785d02-groupManagement] INFO  server.RaftServerConfigKeys (ConfUtils.java:logGet(46)) - raft.server.log.write.buffer.size = 1048576 (custom)
2023-11-06 09:27:22,047 [d9016e39-0130-4fd9-896a-cac3c2785d02-groupManagement] INFO  server.RaftServerConfigKeys (ConfUtils.java:logGet(46)) - raft.server.log.appender.buffer.byte-limit = 33554432 (custom)
2023-11-06 09:27:22,053 [d9016e39-0130-4fd9-896a-cac3c2785d02-groupManagement] INFO  server.RaftServerConfigKeys (ConfUtils.java:logGet(46)) - raft.server.log.unsafe-flush.enabled = false (default)
2023-11-06 09:27:22,053 [d9016e39-0130-4fd9-896a-cac3c2785d02-groupManagement] INFO  server.RaftServerConfigKeys (ConfUtils.java:logGet(46)) - raft.server.log.async-flush.enabled = false (default)
2023-11-06 09:27:22,053 [d9016e39-0130-4fd9-896a-cac3c2785d02-groupManagement] INFO  server.RaftServerConfigKeys (ConfUtils.java:logGet(46)) - raft.server.log.statemachine.data.caching.enabled = true (custom)
2023-11-06 09:27:22,054 [d9016e39-0130-4fd9-896a-cac3c2785d02-groupManagement] INFO  segmented.SegmentedRaftLogWorker (SegmentedRaftLogWorker.java:lambda$new$0(135)) - d9016e39-0130-4fd9-896a-cac3c2785d02@group-09A8159B88D0-SegmentedRaftLogWorker: flushIndex: setUnconditionally 0 -> -1
2023-11-06 09:27:22,054 [d9016e39-0130-4fd9-896a-cac3c2785d02-groupManagement] INFO  segmented.SegmentedRaftLogWorker (SegmentedRaftLogWorker.java:lambda$new$0(135)) - d9016e39-0130-4fd9-896a-cac3c2785d02@group-09A8159B88D0-SegmentedRaftLogWorker: safeCacheEvictIndex: setUnconditionally 0 -> -1
2023-11-06 09:27:22,054 [d9016e39-0130-4fd9-896a-cac3c2785d02-groupManagement] INFO  server.RaftServer$Division (RaftServerImpl.java:start(342)) - d9016e39-0130-4fd9-896a-cac3c2785d02@group-09A8159B88D0: start as a follower, conf=-1: peers:[d9016e39-0130-4fd9-896a-cac3c2785d02|rpc:10.1.0.6:15032|admin:10.1.0.6:15031|client:10.1.0.6:15030|dataStream:10.1.0.6:15033|priority:1|startupRole:FOLLOWER, fedf11b8-0957-422e-880a-91cc26979c7a|rpc:10.1.0.6:15014|admin:10.1.0.6:15013|client:10.1.0.6:15012|dataStream:10.1.0.6:15015|priority:0|startupRole:FOLLOWER, 0e92623e-4dcf-4eff-ae25-f8b8c2de319b|rpc:10.1.0.6:15095|admin:10.1.0.6:15094|client:10.1.0.6:15093|dataStream:10.1.0.6:15096|priority:0|startupRole:FOLLOWER]|listeners:[], old=null
2023-11-06 09:27:22,054 [d9016e39-0130-4fd9-896a-cac3c2785d02-groupManagement] INFO  server.RaftServer$Division (RaftServerImpl.java:setRole(329)) - d9016e39-0130-4fd9-896a-cac3c2785d02@group-09A8159B88D0: changes role from      null to FOLLOWER at term 0 for startAsFollower
2023-11-06 09:27:22,054 [d9016e39-0130-4fd9-896a-cac3c2785d02-groupManagement] INFO  impl.RoleInfo (RoleInfo.java:updateAndGet(139)) - d9016e39-0130-4fd9-896a-cac3c2785d02: start d9016e39-0130-4fd9-896a-cac3c2785d02@group-09A8159B88D0-FollowerState
2023-11-06 09:27:22,055 [d9016e39-0130-4fd9-896a-cac3c2785d02-groupManagement] INFO  util.JmxRegister (JmxRegister.java:tryRegister(44)) - Successfully registered JMX Bean with object name Ratis:service=RaftServer,group=group-09A8159B88D0,id=d9016e39-0130-4fd9-896a-cac3c2785d02
2023-11-06 09:27:22,055 [d9016e39-0130-4fd9-896a-cac3c2785d02-groupManagement] INFO  server.RaftServerConfigKeys (ConfUtils.java:logGet(46)) - raft.server.snapshot.auto.trigger.enabled = true (custom)
2023-11-06 09:27:22,055 [d9016e39-0130-4fd9-896a-cac3c2785d02-groupManagement] INFO  server.RaftServerConfigKeys (ConfUtils.java:logGet(46)) - raft.server.snapshot.auto.trigger.threshold = 10000 (custom)
2023-11-06 09:27:22,055 [d9016e39-0130-4fd9-896a-cac3c2785d02-groupManagement] INFO  server.RaftServerConfigKeys (ConfUtils.java:logGet(46)) - raft.server.snapshot.retention.file.num = 5 (custom)
2023-11-06 09:27:22,055 [d9016e39-0130-4fd9-896a-cac3c2785d02-groupManagement] INFO  server.RaftServerConfigKeys (ConfUtils.java:logGet(46)) - raft.server.log.purge.upto.snapshot.index = false (default)
2023-11-06 09:27:22,055 [d9016e39-0130-4fd9-896a-cac3c2785d02@group-09A8159B88D0-FollowerState] INFO  server.RaftServerConfigKeys (ConfUtils.java:logFallback(53)) - raft.server.rpc.first-election.timeout.min = 5s (fallback to raft.server.rpc.timeout.min)
2023-11-06 09:27:22,055 [d9016e39-0130-4fd9-896a-cac3c2785d02@group-09A8159B88D0-FollowerState] INFO  server.RaftServerConfigKeys (ConfUtils.java:logFallback(53)) - raft.server.rpc.first-election.timeout.max = 5200ms (fallback to raft.server.rpc.timeout.max)
2023-11-06 09:27:22,063 [0e92623e-4dcf-4eff-ae25-f8b8c2de319b-PipelineCommandHandlerThread-0] INFO  commandhandler.CreatePipelineCommandHandler (CreatePipelineCommandHandler.java:lambda$handle$2(124)) - Created Pipeline RATIS THREE PipelineID=7b0a982b-f016-45dd-88ed-09a8159b88d0.
2023-11-06 09:27:22,093 [d9016e39-0130-4fd9-896a-cac3c2785d02-PipelineCommandHandlerThread-0] INFO  segmented.SegmentedRaftLogWorker (SegmentedRaftLogWorker.java:close(252)) - d9016e39-0130-4fd9-896a-cac3c2785d02@group-0DB81D4FE909-SegmentedRaftLogWorker close()
2023-11-06 09:27:22,096 [d9016e39-0130-4fd9-896a-cac3c2785d02-PipelineCommandHandlerThread-0] INFO  server.RaftServer$Division (RaftServerImpl.java:groupRemove(436)) - d9016e39-0130-4fd9-896a-cac3c2785d02@group-0DB81D4FE909: Succeed to remove RaftStorageDirectory Storage Directory /home/runner/work/ozone/ozone/hadoop-ozone/integration-test/target/test-dir/MiniOzoneClusterImpl-938474ea-96d6-4bd3-a45f-678920fb0bb2/datanode-2/data/ratis/15f9db0e-4f6c-4380-b94d-0db81d4fe909
2023-11-06 09:27:22,096 [d9016e39-0130-4fd9-896a-cac3c2785d02-PipelineCommandHandlerThread-0] INFO  commandhandler.ClosePipelineCommandHandler (ClosePipelineCommandHandler.java:lambda$handle$0(87)) - Close Pipeline PipelineID=15f9db0e-4f6c-4380-b94d-0db81d4fe909 command on datanode d9016e39-0130-4fd9-896a-cac3c2785d02.
2023-11-06 09:27:22,097 [d9016e39-0130-4fd9-896a-cac3c2785d02-PipelineCommandHandlerThread-0] INFO  server.RaftServer (RaftServerProxy.java:remove(109)) - d9016e39-0130-4fd9-896a-cac3c2785d02: remove    LEADER d9016e39-0130-4fd9-896a-cac3c2785d02@group-C449668A084E:t2, leader=d9016e39-0130-4fd9-896a-cac3c2785d02, voted=d9016e39-0130-4fd9-896a-cac3c2785d02, raftlog=Memoized:d9016e39-0130-4fd9-896a-cac3c2785d02@group-C449668A084E-SegmentedRaftLog:OPENED:c2, conf=1: peers:[d9016e39-0130-4fd9-896a-cac3c2785d02|rpc:10.1.0.6:15032|admin:10.1.0.6:15031|client:10.1.0.6:15030|dataStream:10.1.0.6:15033|priority:1|startupRole:FOLLOWER]|listeners:[], old=null RUNNING
2023-11-06 09:27:22,097 [d9016e39-0130-4fd9-896a-cac3c2785d02-PipelineCommandHandlerThread-0] INFO  server.RaftServer$Division (RaftServerImpl.java:lambda$close$4(466)) - d9016e39-0130-4fd9-896a-cac3c2785d02@group-C449668A084E: shutdown
2023-11-06 09:27:22,097 [d9016e39-0130-4fd9-896a-cac3c2785d02-PipelineCommandHandlerThread-0] INFO  util.JmxRegister (JmxRegister.java:unregister(73)) - Successfully un-registered JMX Bean with object name Ratis:service=RaftServer,group=group-C449668A084E,id=d9016e39-0130-4fd9-896a-cac3c2785d02
2023-11-06 09:27:22,097 [d9016e39-0130-4fd9-896a-cac3c2785d02-PipelineCommandHandlerThread-0] INFO  impl.RoleInfo (RoleInfo.java:shutdownLeaderState(93)) - d9016e39-0130-4fd9-896a-cac3c2785d02: shutdown d9016e39-0130-4fd9-896a-cac3c2785d02@group-C449668A084E-LeaderStateImpl
2023-11-06 09:27:22,097 [d9016e39-0130-4fd9-896a-cac3c2785d02-PipelineCommandHandlerThread-0] INFO  impl.PendingRequests (PendingRequests.java:sendNotLeaderResponses(289)) - d9016e39-0130-4fd9-896a-cac3c2785d02@group-C449668A084E-PendingRequests: sendNotLeaderResponses
2023-11-06 09:27:22,101 [d9016e39-0130-4fd9-896a-cac3c2785d02-PipelineCommandHandlerThread-0] INFO  impl.StateMachineUpdater (StateMachineUpdater.java:stopAndJoin(155)) - d9016e39-0130-4fd9-896a-cac3c2785d02@group-C449668A084E-StateMachineUpdater: set stopIndex = 2
2023-11-06 09:27:22,105 [d9016e39-0130-4fd9-896a-cac3c2785d02@group-C449668A084E-StateMachineUpdater] INFO  ratis.ContainerStateMachine (ContainerStateMachine.java:takeSnapshot(337)) - group-C449668A084E: Taking a snapshot at:(t:2, i:2) file /home/runner/work/ozone/ozone/hadoop-ozone/integration-test/target/test-dir/MiniOzoneClusterImpl-938474ea-96d6-4bd3-a45f-678920fb0bb2/datanode-2/data/ratis/4a550c64-9968-4de5-acde-c449668a084e/sm/snapshot.2_2
2023-11-06 09:27:22,106 [d9016e39-0130-4fd9-896a-cac3c2785d02@group-C449668A084E-StateMachineUpdater] INFO  ratis.ContainerStateMachine (ContainerStateMachine.java:takeSnapshot(348)) - group-C449668A084E: Finished taking a snapshot at:(t:2, i:2) file:/home/runner/work/ozone/ozone/hadoop-ozone/integration-test/target/test-dir/MiniOzoneClusterImpl-938474ea-96d6-4bd3-a45f-678920fb0bb2/datanode-2/data/ratis/4a550c64-9968-4de5-acde-c449668a084e/sm/snapshot.2_2 took: 5 ms
2023-11-06 09:27:22,106 [d9016e39-0130-4fd9-896a-cac3c2785d02@group-C449668A084E-StateMachineUpdater] INFO  impl.StateMachineUpdater (StateMachineUpdater.java:takeSnapshot(291)) - d9016e39-0130-4fd9-896a-cac3c2785d02@group-C449668A084E-StateMachineUpdater: Took a snapshot at index 2
2023-11-06 09:27:22,107 [d9016e39-0130-4fd9-896a-cac3c2785d02@group-C449668A084E-StateMachineUpdater] INFO  impl.StateMachineUpdater (StateMachineUpdater.java:lambda$new$0(97)) - d9016e39-0130-4fd9-896a-cac3c2785d02@group-C449668A084E-StateMachineUpdater: snapshotIndex: updateIncreasingly 0 -> 2
2023-11-06 09:27:22,108 [d9016e39-0130-4fd9-896a-cac3c2785d02-PipelineCommandHandlerThread-0] INFO  server.RaftServer$Division (ServerState.java:close(472)) - d9016e39-0130-4fd9-896a-cac3c2785d02@group-C449668A084E: closes. applyIndex: 2
2023-11-06 09:27:22,181 [d9016e39-0130-4fd9-896a-cac3c2785d02-PipelineCommandHandlerThread-0] INFO  segmented.SegmentedRaftLogWorker (SegmentedRaftLogWorker.java:close(252)) - d9016e39-0130-4fd9-896a-cac3c2785d02@group-C449668A084E-SegmentedRaftLogWorker close()
2023-11-06 09:27:22,184 [d9016e39-0130-4fd9-896a-cac3c2785d02-PipelineCommandHandlerThread-0] INFO  server.RaftServer$Division (RaftServerImpl.java:groupRemove(436)) - d9016e39-0130-4fd9-896a-cac3c2785d02@group-C449668A084E: Succeed to remove RaftStorageDirectory Storage Directory /home/runner/work/ozone/ozone/hadoop-ozone/integration-test/target/test-dir/MiniOzoneClusterImpl-938474ea-96d6-4bd3-a45f-678920fb0bb2/datanode-2/data/ratis/4a550c64-9968-4de5-acde-c449668a084e
2023-11-06 09:27:22,184 [d9016e39-0130-4fd9-896a-cac3c2785d02-PipelineCommandHandlerThread-0] INFO  commandhandler.ClosePipelineCommandHandler (ClosePipelineCommandHandler.java:lambda$handle$0(87)) - Close Pipeline PipelineID=4a550c64-9968-4de5-acde-c449668a084e command on datanode d9016e39-0130-4fd9-896a-cac3c2785d02.
2023-11-06 09:27:22,374 [fedf11b8-0957-422e-880a-91cc26979c7a-PipelineCommandHandlerThread-0] INFO  server.RaftServer (RaftServerProxy.java:addNew(98)) - fedf11b8-0957-422e-880a-91cc26979c7a: addNew group-52AF94BE594D:[d9016e39-0130-4fd9-896a-cac3c2785d02|rpc:10.1.0.6:15032|admin:10.1.0.6:15031|client:10.1.0.6:15030|dataStream:10.1.0.6:15033|priority:0|startupRole:FOLLOWER, fedf11b8-0957-422e-880a-91cc26979c7a|rpc:10.1.0.6:15014|admin:10.1.0.6:15013|client:10.1.0.6:15012|dataStream:10.1.0.6:15015|priority:0|startupRole:FOLLOWER, 0eeb79a9-13fd-416c-b2a7-6f654c6b5029|rpc:10.1.0.6:15023|admin:10.1.0.6:15022|client:10.1.0.6:15021|dataStream:10.1.0.6:15024|priority:1|startupRole:FOLLOWER] returns group-52AF94BE594D:java.util.concurrent.CompletableFuture@466e6c21[Not completed]
2023-11-06 09:27:22,375 [fedf11b8-0957-422e-880a-91cc26979c7a-groupManagement] INFO  server.RaftServer$Division (RaftServerImpl.java:<init>(198)) - fedf11b8-0957-422e-880a-91cc26979c7a: new RaftServerImpl for group-52AF94BE594D:[d9016e39-0130-4fd9-896a-cac3c2785d02|rpc:10.1.0.6:15032|admin:10.1.0.6:15031|client:10.1.0.6:15030|dataStream:10.1.0.6:15033|priority:0|startupRole:FOLLOWER, fedf11b8-0957-422e-880a-91cc26979c7a|rpc:10.1.0.6:15014|admin:10.1.0.6:15013|client:10.1.0.6:15012|dataStream:10.1.0.6:15015|priority:0|startupRole:FOLLOWER, 0eeb79a9-13fd-416c-b2a7-6f654c6b5029|rpc:10.1.0.6:15023|admin:10.1.0.6:15022|client:10.1.0.6:15021|dataStream:10.1.0.6:15024|priority:1|startupRole:FOLLOWER] with ContainerStateMachine:uninitialized
2023-11-06 09:27:22,375 [fedf11b8-0957-422e-880a-91cc26979c7a-groupManagement] INFO  server.RaftServerConfigKeys (ConfUtils.java:logGet(46)) - raft.server.rpc.timeout.min = 5s (custom)
2023-11-06 09:27:22,375 [fedf11b8-0957-422e-880a-91cc26979c7a-groupManagement] INFO  server.RaftServerConfigKeys (ConfUtils.java:logGet(46)) - raft.server.rpc.timeout.max = 5200ms (custom)
2023-11-06 09:27:22,375 [fedf11b8-0957-422e-880a-91cc26979c7a-groupManagement] INFO  server.RaftServerConfigKeys (ConfUtils.java:logGet(46)) - raft.server.rpc.sleep.time = 25ms (default)
2023-11-06 09:27:22,375 [fedf11b8-0957-422e-880a-91cc26979c7a-groupManagement] INFO  server.RaftServerConfigKeys (ConfUtils.java:logGet(46)) - raft.server.rpc.slowness.timeout = 300s (custom)
2023-11-06 09:27:22,375 [fedf11b8-0957-422e-880a-91cc26979c7a-groupManagement] INFO  server.RaftServerConfigKeys (ConfUtils.java:logGet(46)) - raft.server.leaderelection.leader.step-down.wait-time = 10s (default)
2023-11-06 09:27:22,375 [fedf11b8-0957-422e-880a-91cc26979c7a-groupManagement] INFO  server.RaftServerConfigKeys (ConfUtils.java:logGet(46)) - raft.server.sleep.deviation.threshold = 300ms (default)
2023-11-06 09:27:22,375 [fedf11b8-0957-422e-880a-91cc26979c7a-groupManagement] INFO  server.RaftServer$Division (ServerState.java:<init>(120)) - fedf11b8-0957-422e-880a-91cc26979c7a@group-52AF94BE594D: ConfigurationManager, init=-1: peers:[d9016e39-0130-4fd9-896a-cac3c2785d02|rpc:10.1.0.6:15032|admin:10.1.0.6:15031|client:10.1.0.6:15030|dataStream:10.1.0.6:15033|priority:0|startupRole:FOLLOWER, fedf11b8-0957-422e-880a-91cc26979c7a|rpc:10.1.0.6:15014|admin:10.1.0.6:15013|client:10.1.0.6:15012|dataStream:10.1.0.6:15015|priority:0|startupRole:FOLLOWER, 0eeb79a9-13fd-416c-b2a7-6f654c6b5029|rpc:10.1.0.6:15023|admin:10.1.0.6:15022|client:10.1.0.6:15021|dataStream:10.1.0.6:15024|priority:1|startupRole:FOLLOWER]|listeners:[], old=null, confs=<EMPTY_MAP>
2023-11-06 09:27:22,375 [fedf11b8-0957-422e-880a-91cc26979c7a-groupManagement] INFO  server.RaftServerConfigKeys (ConfUtils.java:logGet(46)) - raft.server.storage.dir = [/home/runner/work/ozone/ozone/hadoop-ozone/integration-test/target/test-dir/MiniOzoneClusterImpl-938474ea-96d6-4bd3-a45f-678920fb0bb2/datanode-0/data/ratis] (custom)
2023-11-06 09:27:22,376 [fedf11b8-0957-422e-880a-91cc26979c7a-groupManagement] INFO  server.RaftServerConfigKeys (ConfUtils.java:logGet(46)) - raft.server.log.corruption.policy = EXCEPTION (default)
2023-11-06 09:27:22,376 [fedf11b8-0957-422e-880a-91cc26979c7a-groupManagement] INFO  server.RaftServerConfigKeys (ConfUtils.java:logGet(46)) - raft.server.storage.free-space.min = 0MB (=0) (default)
2023-11-06 09:27:22,376 [fedf11b8-0957-422e-880a-91cc26979c7a-groupManagement] INFO  server.RaftServerConfigKeys (ConfUtils.java:logGet(46)) - raft.server.notification.no-leader.timeout = 300s (custom)
2023-11-06 09:27:22,376 [fedf11b8-0957-422e-880a-91cc26979c7a-groupManagement] INFO  server.RaftServerConfigKeys (ConfUtils.java:logGet(46)) - raft.server.read.timeout = 10s (default)
2023-11-06 09:27:22,376 [fedf11b8-0957-422e-880a-91cc26979c7a-groupManagement] INFO  server.RaftServerConfigKeys (ConfUtils.java:logGet(46)) - raft.server.retrycache.expirytime = 600000ms (custom)
2023-11-06 09:27:22,376 [fedf11b8-0957-422e-880a-91cc26979c7a-groupManagement] INFO  server.RaftServerConfigKeys (ConfUtils.java:logGet(46)) - raft.server.retrycache.statistics.expirytime = 100μs (default)
2023-11-06 09:27:22,376 [fedf11b8-0957-422e-880a-91cc26979c7a-groupManagement] INFO  server.RaftServerConfigKeys (ConfUtils.java:logGet(46)) - raft.server.read.option = DEFAULT (default)
2023-11-06 09:27:22,377 [fedf11b8-0957-422e-880a-91cc26979c7a-groupManagement] INFO  server.RaftServerConfigKeys (ConfUtils.java:logGet(46)) - raft.server.rpc.request.timeout = 60s (custom)
2023-11-06 09:27:22,377 [fedf11b8-0957-422e-880a-91cc26979c7a-groupManagement] INFO  server.RaftServerConfigKeys (ConfUtils.java:logGet(46)) - raft.server.log.appender.install.snapshot.enabled = false (custom)
2023-11-06 09:27:22,377 [fedf11b8-0957-422e-880a-91cc26979c7a-groupManagement] INFO  server.RaftServerConfigKeys (ConfUtils.java:logGet(46)) - raft.server.threadpool.server.cached = true (default)
2023-11-06 09:27:22,377 [fedf11b8-0957-422e-880a-91cc26979c7a-groupManagement] INFO  server.RaftServerConfigKeys (ConfUtils.java:logGet(46)) - raft.server.threadpool.server.size = 0 (default)
2023-11-06 09:27:22,377 [fedf11b8-0957-422e-880a-91cc26979c7a-groupManagement] INFO  server.RaftServerConfigKeys (ConfUtils.java:logGet(46)) - raft.server.threadpool.client.cached = true (default)
2023-11-06 09:27:22,377 [fedf11b8-0957-422e-880a-91cc26979c7a-groupManagement] INFO  server.RaftServerConfigKeys (ConfUtils.java:logGet(46)) - raft.server.threadpool.client.size = 0 (default)
2023-11-06 09:27:22,377 [fedf11b8-0957-422e-880a-91cc26979c7a-groupManagement] INFO  storage.RaftStorageDirectory (RaftStorageDirectoryImpl.java:analyzeStorage(137)) - The storage directory /home/runner/work/ozone/ozone/hadoop-ozone/integration-test/target/test-dir/MiniOzoneClusterImpl-938474ea-96d6-4bd3-a45f-678920fb0bb2/datanode-0/data/ratis/7f2ae790-e99e-4dfb-a7e1-52af94be594d does not exist. Creating ...
2023-11-06 09:27:22,380 [fedf11b8-0957-422e-880a-91cc26979c7a-groupManagement] INFO  storage.RaftStorageDirectory (RaftStorageDirectoryImpl.java:tryLock(231)) - Lock on /home/runner/work/ozone/ozone/hadoop-ozone/integration-test/target/test-dir/MiniOzoneClusterImpl-938474ea-96d6-4bd3-a45f-678920fb0bb2/datanode-0/data/ratis/7f2ae790-e99e-4dfb-a7e1-52af94be594d/in_use.lock acquired by nodename 20533@fv-az241-347
2023-11-06 09:27:22,381 [fedf11b8-0957-422e-880a-91cc26979c7a-groupManagement] INFO  storage.RaftStorage (RaftStorageImpl.java:format(96)) - Storage directory /home/runner/work/ozone/ozone/hadoop-ozone/integration-test/target/test-dir/MiniOzoneClusterImpl-938474ea-96d6-4bd3-a45f-678920fb0bb2/datanode-0/data/ratis/7f2ae790-e99e-4dfb-a7e1-52af94be594d has been successfully formatted.
2023-11-06 09:27:22,382 [fedf11b8-0957-422e-880a-91cc26979c7a-groupManagement] INFO  ratis.ContainerStateMachine (ContainerStateMachine.java:loadSnapshot(269)) - group-52AF94BE594D: The snapshot info is null. Setting the last applied indexto:(t:0, i:~)
2023-11-06 09:27:22,383 [fedf11b8-0957-422e-880a-91cc26979c7a-groupManagement] INFO  server.RaftServerConfigKeys (ConfUtils.java:logGet(46)) - raft.server.log.use.memory = false (default)
2023-11-06 09:27:22,383 [fedf11b8-0957-422e-880a-91cc26979c7a-groupManagement] INFO  server.RaftServerConfigKeys (ConfUtils.java:logGet(46)) - raft.server.log.purge.gap = 1000000 (custom)
2023-11-06 09:27:22,383 [fedf11b8-0957-422e-880a-91cc26979c7a-groupManagement] INFO  server.RaftServerConfigKeys (ConfUtils.java:logGet(46)) - raft.server.log.appender.buffer.byte-limit = 33554432 (custom)
2023-11-06 09:27:22,384 [fedf11b8-0957-422e-880a-91cc26979c7a-groupManagement] INFO  server.RaftServerConfigKeys (ConfUtils.java:logGet(46)) - raft.server.log.statemachine.data.read.timeout = 1000ms (default)
2023-11-06 09:27:22,384 [fedf11b8-0957-422e-880a-91cc26979c7a-groupManagement] INFO  server.RaftServerConfigKeys (ConfUtils.java:logGet(46)) - raft.server.log.purge.preservation.log.num = 0 (default)
2023-11-06 09:27:22,385 [fedf11b8-0957-422e-880a-91cc26979c7a-groupManagement] INFO  server.RaftServerConfigKeys (ConfUtils.java:logGet(46)) - raft.server.log.segment.size.max = 1048576 (custom)
2023-11-06 09:27:22,385 [fedf11b8-0957-422e-880a-91cc26979c7a-groupManagement] INFO  server.RaftServerConfigKeys (ConfUtils.java:logGet(46)) - raft.server.log.segment.cache.num.max = 2 (custom)
2023-11-06 09:27:22,385 [fedf11b8-0957-422e-880a-91cc26979c7a-groupManagement] INFO  server.RaftServerConfigKeys (ConfUtils.java:logGet(46)) - raft.server.log.segment.cache.size.max = 200MB (=209715200) (default)
2023-11-06 09:27:22,386 [fedf11b8-0957-422e-880a-91cc26979c7a-groupManagement] INFO  server.RaftServerConfigKeys (ConfUtils.java:logGet(46)) - raft.server.log.appender.buffer.byte-limit = 33554432 (custom)
2023-11-06 09:27:22,386 [fedf11b8-0957-422e-880a-91cc26979c7a-groupManagement] INFO  segmented.SegmentedRaftLogWorker (SegmentedRaftLogWorker.java:<init>(188)) - new fedf11b8-0957-422e-880a-91cc26979c7a@group-52AF94BE594D-SegmentedRaftLogWorker for RaftStorageImpl:Storage Directory /home/runner/work/ozone/ozone/hadoop-ozone/integration-test/target/test-dir/MiniOzoneClusterImpl-938474ea-96d6-4bd3-a45f-678920fb0bb2/datanode-0/data/ratis/7f2ae790-e99e-4dfb-a7e1-52af94be594d
2023-11-06 09:27:22,386 [fedf11b8-0957-422e-880a-91cc26979c7a-groupManagement] INFO  server.RaftServerConfigKeys (ConfUtils.java:logGet(46)) - raft.server.log.queue.byte-limit = 4294967296 (custom)
2023-11-06 09:27:22,386 [fedf11b8-0957-422e-880a-91cc26979c7a-groupManagement] INFO  server.RaftServerConfigKeys (ConfUtils.java:logGet(46)) - raft.server.log.queue.element-limit = 1024 (custom)
2023-11-06 09:27:22,386 [fedf11b8-0957-422e-880a-91cc26979c7a-groupManagement] INFO  server.RaftServerConfigKeys (ConfUtils.java:logGet(46)) - raft.server.log.segment.size.max = 1048576 (custom)
2023-11-06 09:27:22,386 [fedf11b8-0957-422e-880a-91cc26979c7a-groupManagement] INFO  server.RaftServerConfigKeys (ConfUtils.java:logGet(46)) - raft.server.log.preallocated.size = 16384 (custom)
2023-11-06 09:27:22,386 [fedf11b8-0957-422e-880a-91cc26979c7a-groupManagement] INFO  server.RaftServerConfigKeys (ConfUtils.java:logGet(46)) - raft.server.log.force.sync.num = 128 (default)
2023-11-06 09:27:22,386 [fedf11b8-0957-422e-880a-91cc26979c7a-groupManagement] INFO  server.RaftServerConfigKeys (ConfUtils.java:logGet(46)) - raft.server.log.statemachine.data.sync = true (default)
2023-11-06 09:27:22,386 [fedf11b8-0957-422e-880a-91cc26979c7a-groupManagement] INFO  server.RaftServerConfigKeys (ConfUtils.java:logGet(46)) - raft.server.log.statemachine.data.sync.timeout = 10s (default)
2023-11-06 09:27:22,386 [fedf11b8-0957-422e-880a-91cc26979c7a-groupManagement] INFO  server.RaftServerConfigKeys (ConfUtils.java:logGet(46)) - raft.server.log.statemachine.data.sync.timeout.retry = -1 (default)
2023-11-06 09:27:22,387 [fedf11b8-0957-422e-880a-91cc26979c7a-groupManagement] INFO  server.RaftServerConfigKeys (ConfUtils.java:logGet(46)) - raft.server.log.write.buffer.size = 1048576 (custom)
2023-11-06 09:27:22,388 [fedf11b8-0957-422e-880a-91cc26979c7a-groupManagement] INFO  server.RaftServerConfigKeys (ConfUtils.java:logGet(46)) - raft.server.log.appender.buffer.byte-limit = 33554432 (custom)
2023-11-06 09:27:22,393 [fedf11b8-0957-422e-880a-91cc26979c7a-groupManagement] INFO  server.RaftServerConfigKeys (ConfUtils.java:logGet(46)) - raft.server.log.unsafe-flush.enabled = false (default)
2023-11-06 09:27:22,393 [fedf11b8-0957-422e-880a-91cc26979c7a-groupManagement] INFO  server.RaftServerConfigKeys (ConfUtils.java:logGet(46)) - raft.server.log.async-flush.enabled = false (default)
2023-11-06 09:27:22,393 [fedf11b8-0957-422e-880a-91cc26979c7a-groupManagement] INFO  server.RaftServerConfigKeys (ConfUtils.java:logGet(46)) - raft.server.log.statemachine.data.caching.enabled = true (custom)
2023-11-06 09:27:22,394 [fedf11b8-0957-422e-880a-91cc26979c7a-groupManagement] INFO  segmented.SegmentedRaftLogWorker (SegmentedRaftLogWorker.java:lambda$new$0(135)) - fedf11b8-0957-422e-880a-91cc26979c7a@group-52AF94BE594D-SegmentedRaftLogWorker: flushIndex: setUnconditionally 0 -> -1
2023-11-06 09:27:22,394 [fedf11b8-0957-422e-880a-91cc26979c7a-groupManagement] INFO  segmented.SegmentedRaftLogWorker (SegmentedRaftLogWorker.java:lambda$new$0(135)) - fedf11b8-0957-422e-880a-91cc26979c7a@group-52AF94BE594D-SegmentedRaftLogWorker: safeCacheEvictIndex: setUnconditionally 0 -> -1
2023-11-06 09:27:22,395 [fedf11b8-0957-422e-880a-91cc26979c7a-groupManagement] INFO  server.RaftServer$Division (RaftServerImpl.java:start(342)) - fedf11b8-0957-422e-880a-91cc26979c7a@group-52AF94BE594D: start as a follower, conf=-1: peers:[d9016e39-0130-4fd9-896a-cac3c2785d02|rpc:10.1.0.6:15032|admin:10.1.0.6:15031|client:10.1.0.6:15030|dataStream:10.1.0.6:15033|priority:0|startupRole:FOLLOWER, fedf11b8-0957-422e-880a-91cc26979c7a|rpc:10.1.0.6:15014|admin:10.1.0.6:15013|client:10.1.0.6:15012|dataStream:10.1.0.6:15015|priority:0|startupRole:FOLLOWER, 0eeb79a9-13fd-416c-b2a7-6f654c6b5029|rpc:10.1.0.6:15023|admin:10.1.0.6:15022|client:10.1.0.6:15021|dataStream:10.1.0.6:15024|priority:1|startupRole:FOLLOWER]|listeners:[], old=null
2023-11-06 09:27:22,395 [fedf11b8-0957-422e-880a-91cc26979c7a-groupManagement] INFO  server.RaftServer$Division (RaftServerImpl.java:setRole(329)) - fedf11b8-0957-422e-880a-91cc26979c7a@group-52AF94BE594D: changes role from      null to FOLLOWER at term 0 for startAsFollower
2023-11-06 09:27:22,395 [fedf11b8-0957-422e-880a-91cc26979c7a-groupManagement] INFO  impl.RoleInfo (RoleInfo.java:updateAndGet(139)) - fedf11b8-0957-422e-880a-91cc26979c7a: start fedf11b8-0957-422e-880a-91cc26979c7a@group-52AF94BE594D-FollowerState
2023-11-06 09:27:22,396 [fedf11b8-0957-422e-880a-91cc26979c7a-groupManagement] INFO  util.JmxRegister (JmxRegister.java:tryRegister(44)) - Successfully registered JMX Bean with object name Ratis:service=RaftServer,group=group-52AF94BE594D,id=fedf11b8-0957-422e-880a-91cc26979c7a
2023-11-06 09:27:22,396 [fedf11b8-0957-422e-880a-91cc26979c7a-groupManagement] INFO  server.RaftServerConfigKeys (ConfUtils.java:logGet(46)) - raft.server.snapshot.auto.trigger.enabled = true (custom)
2023-11-06 09:27:22,396 [fedf11b8-0957-422e-880a-91cc26979c7a-groupManagement] INFO  server.RaftServerConfigKeys (ConfUtils.java:logGet(46)) - raft.server.snapshot.auto.trigger.threshold = 10000 (custom)
2023-11-06 09:27:22,396 [fedf11b8-0957-422e-880a-91cc26979c7a-groupManagement] INFO  server.RaftServerConfigKeys (ConfUtils.java:logGet(46)) - raft.server.snapshot.retention.file.num = 5 (custom)
2023-11-06 09:27:22,396 [fedf11b8-0957-422e-880a-91cc26979c7a-groupManagement] INFO  server.RaftServerConfigKeys (ConfUtils.java:logGet(46)) - raft.server.log.purge.upto.snapshot.index = false (default)
2023-11-06 09:27:22,396 [fedf11b8-0957-422e-880a-91cc26979c7a@group-52AF94BE594D-FollowerState] INFO  server.RaftServerConfigKeys (ConfUtils.java:logFallback(53)) - raft.server.rpc.first-election.timeout.min = 5s (fallback to raft.server.rpc.timeout.min)
2023-11-06 09:27:22,397 [fedf11b8-0957-422e-880a-91cc26979c7a@group-52AF94BE594D-FollowerState] INFO  server.RaftServerConfigKeys (ConfUtils.java:logFallback(53)) - raft.server.rpc.first-election.timeout.max = 5200ms (fallback to raft.server.rpc.timeout.max)
2023-11-06 09:27:22,397 [fedf11b8-0957-422e-880a-91cc26979c7a-PipelineCommandHandlerThread-0] INFO  ratis.XceiverServerRatis (XceiverServerRatis.java:addGroup(805)) - Created group PipelineID=7f2ae790-e99e-4dfb-a7e1-52af94be594d
2023-11-06 09:27:22,405 [grpc-default-executor-0] INFO  server.RaftServer (RaftServerProxy.java:addNew(98)) - 0eeb79a9-13fd-416c-b2a7-6f654c6b5029: addNew group-52AF94BE594D:[d9016e39-0130-4fd9-896a-cac3c2785d02|rpc:10.1.0.6:15032|admin:10.1.0.6:15031|client:10.1.0.6:15030|dataStream:10.1.0.6:15033|priority:0|startupRole:FOLLOWER, fedf11b8-0957-422e-880a-91cc26979c7a|rpc:10.1.0.6:15014|admin:10.1.0.6:15013|client:10.1.0.6:15012|dataStream:10.1.0.6:15015|priority:0|startupRole:FOLLOWER, 0eeb79a9-13fd-416c-b2a7-6f654c6b5029|rpc:10.1.0.6:15023|admin:10.1.0.6:15022|client:10.1.0.6:15021|dataStream:10.1.0.6:15024|priority:1|startupRole:FOLLOWER] returns group-52AF94BE594D:java.util.concurrent.CompletableFuture@22c120b7[Not completed]
2023-11-06 09:27:22,406 [0eeb79a9-13fd-416c-b2a7-6f654c6b5029-groupManagement] INFO  server.RaftServer$Division (RaftServerImpl.java:<init>(198)) - 0eeb79a9-13fd-416c-b2a7-6f654c6b5029: new RaftServerImpl for group-52AF94BE594D:[d9016e39-0130-4fd9-896a-cac3c2785d02|rpc:10.1.0.6:15032|admin:10.1.0.6:15031|client:10.1.0.6:15030|dataStream:10.1.0.6:15033|priority:0|startupRole:FOLLOWER, fedf11b8-0957-422e-880a-91cc26979c7a|rpc:10.1.0.6:15014|admin:10.1.0.6:15013|client:10.1.0.6:15012|dataStream:10.1.0.6:15015|priority:0|startupRole:FOLLOWER, 0eeb79a9-13fd-416c-b2a7-6f654c6b5029|rpc:10.1.0.6:15023|admin:10.1.0.6:15022|client:10.1.0.6:15021|dataStream:10.1.0.6:15024|priority:1|startupRole:FOLLOWER] with ContainerStateMachine:uninitialized
2023-11-06 09:27:22,406 [0eeb79a9-13fd-416c-b2a7-6f654c6b5029-groupManagement] INFO  server.RaftServerConfigKeys (ConfUtils.java:logGet(46)) - raft.server.rpc.timeout.min = 5s (custom)
2023-11-06 09:27:22,406 [0eeb79a9-13fd-416c-b2a7-6f654c6b5029-groupManagement] INFO  server.RaftServerConfigKeys (ConfUtils.java:logGet(46)) - raft.server.rpc.timeout.max = 5200ms (custom)
2023-11-06 09:27:22,406 [0eeb79a9-13fd-416c-b2a7-6f654c6b5029-groupManagement] INFO  server.RaftServerConfigKeys (ConfUtils.java:logGet(46)) - raft.server.rpc.sleep.time = 25ms (default)
2023-11-06 09:27:22,406 [0eeb79a9-13fd-416c-b2a7-6f654c6b5029-groupManagement] INFO  server.RaftServerConfigKeys (ConfUtils.java:logGet(46)) - raft.server.rpc.slowness.timeout = 300s (custom)
2023-11-06 09:27:22,406 [0eeb79a9-13fd-416c-b2a7-6f654c6b5029-groupManagement] INFO  server.RaftServerConfigKeys (ConfUtils.java:logGet(46)) - raft.server.leaderelection.leader.step-down.wait-time = 10s (default)
2023-11-06 09:27:22,406 [0eeb79a9-13fd-416c-b2a7-6f654c6b5029-groupManagement] INFO  server.RaftServerConfigKeys (ConfUtils.java:logGet(46)) - raft.server.sleep.deviation.threshold = 300ms (default)
2023-11-06 09:27:22,407 [0eeb79a9-13fd-416c-b2a7-6f654c6b5029-groupManagement] INFO  server.RaftServer$Division (ServerState.java:<init>(120)) - 0eeb79a9-13fd-416c-b2a7-6f654c6b5029@group-52AF94BE594D: ConfigurationManager, init=-1: peers:[d9016e39-0130-4fd9-896a-cac3c2785d02|rpc:10.1.0.6:15032|admin:10.1.0.6:15031|client:10.1.0.6:15030|dataStream:10.1.0.6:15033|priority:0|startupRole:FOLLOWER, fedf11b8-0957-422e-880a-91cc26979c7a|rpc:10.1.0.6:15014|admin:10.1.0.6:15013|client:10.1.0.6:15012|dataStream:10.1.0.6:15015|priority:0|startupRole:FOLLOWER, 0eeb79a9-13fd-416c-b2a7-6f654c6b5029|rpc:10.1.0.6:15023|admin:10.1.0.6:15022|client:10.1.0.6:15021|dataStream:10.1.0.6:15024|priority:1|startupRole:FOLLOWER]|listeners:[], old=null, confs=<EMPTY_MAP>
2023-11-06 09:27:22,407 [0eeb79a9-13fd-416c-b2a7-6f654c6b5029-groupManagement] INFO  server.RaftServerConfigKeys (ConfUtils.java:logGet(46)) - raft.server.storage.dir = [/home/runner/work/ozone/ozone/hadoop-ozone/integration-test/target/test-dir/MiniOzoneClusterImpl-938474ea-96d6-4bd3-a45f-678920fb0bb2/datanode-1/data/ratis] (custom)
2023-11-06 09:27:22,407 [0eeb79a9-13fd-416c-b2a7-6f654c6b5029-groupManagement] INFO  server.RaftServerConfigKeys (ConfUtils.java:logGet(46)) - raft.server.log.corruption.policy = EXCEPTION (default)
2023-11-06 09:27:22,407 [0eeb79a9-13fd-416c-b2a7-6f654c6b5029-groupManagement] INFO  server.RaftServerConfigKeys (ConfUtils.java:logGet(46)) - raft.server.storage.free-space.min = 0MB (=0) (default)
2023-11-06 09:27:22,407 [0eeb79a9-13fd-416c-b2a7-6f654c6b5029-groupManagement] INFO  server.RaftServerConfigKeys (ConfUtils.java:logGet(46)) - raft.server.notification.no-leader.timeout = 300s (custom)
2023-11-06 09:27:22,407 [0eeb79a9-13fd-416c-b2a7-6f654c6b5029-groupManagement] INFO  server.RaftServerConfigKeys (ConfUtils.java:logGet(46)) - raft.server.read.timeout = 10s (default)
2023-11-06 09:27:22,407 [0eeb79a9-13fd-416c-b2a7-6f654c6b5029-groupManagement] INFO  server.RaftServerConfigKeys (ConfUtils.java:logGet(46)) - raft.server.retrycache.expirytime = 600000ms (custom)
2023-11-06 09:27:22,407 [0eeb79a9-13fd-416c-b2a7-6f654c6b5029-groupManagement] INFO  server.RaftServerConfigKeys (ConfUtils.java:logGet(46)) - raft.server.retrycache.statistics.expirytime = 100μs (default)
2023-11-06 09:27:22,407 [0eeb79a9-13fd-416c-b2a7-6f654c6b5029-groupManagement] INFO  server.RaftServerConfigKeys (ConfUtils.java:logGet(46)) - raft.server.read.option = DEFAULT (default)
2023-11-06 09:27:22,408 [0eeb79a9-13fd-416c-b2a7-6f654c6b5029-groupManagement] INFO  server.RaftServerConfigKeys (ConfUtils.java:logGet(46)) - raft.server.rpc.request.timeout = 60s (custom)
2023-11-06 09:27:22,408 [0eeb79a9-13fd-416c-b2a7-6f654c6b5029-groupManagement] INFO  server.RaftServerConfigKeys (ConfUtils.java:logGet(46)) - raft.server.log.appender.install.snapshot.enabled = false (custom)
2023-11-06 09:27:22,408 [0eeb79a9-13fd-416c-b2a7-6f654c6b5029-groupManagement] INFO  server.RaftServerConfigKeys (ConfUtils.java:logGet(46)) - raft.server.threadpool.server.cached = true (default)
2023-11-06 09:27:22,408 [0eeb79a9-13fd-416c-b2a7-6f654c6b5029-groupManagement] INFO  server.RaftServerConfigKeys (ConfUtils.java:logGet(46)) - raft.server.threadpool.server.size = 0 (default)
2023-11-06 09:27:22,408 [0eeb79a9-13fd-416c-b2a7-6f654c6b5029-groupManagement] INFO  server.RaftServerConfigKeys (ConfUtils.java:logGet(46)) - raft.server.threadpool.client.cached = true (default)
2023-11-06 09:27:22,408 [0eeb79a9-13fd-416c-b2a7-6f654c6b5029-groupManagement] INFO  server.RaftServerConfigKeys (ConfUtils.java:logGet(46)) - raft.server.threadpool.client.size = 0 (default)
2023-11-06 09:27:22,408 [0eeb79a9-13fd-416c-b2a7-6f654c6b5029-groupManagement] INFO  storage.RaftStorageDirectory (RaftStorageDirectoryImpl.java:analyzeStorage(137)) - The storage directory /home/runner/work/ozone/ozone/hadoop-ozone/integration-test/target/test-dir/MiniOzoneClusterImpl-938474ea-96d6-4bd3-a45f-678920fb0bb2/datanode-1/data/ratis/7f2ae790-e99e-4dfb-a7e1-52af94be594d does not exist. Creating ...
2023-11-06 09:27:22,410 [0eeb79a9-13fd-416c-b2a7-6f654c6b5029-groupManagement] INFO  storage.RaftStorageDirectory (RaftStorageDirectoryImpl.java:tryLock(231)) - Lock on /home/runner/work/ozone/ozone/hadoop-ozone/integration-test/target/test-dir/MiniOzoneClusterImpl-938474ea-96d6-4bd3-a45f-678920fb0bb2/datanode-1/data/ratis/7f2ae790-e99e-4dfb-a7e1-52af94be594d/in_use.lock acquired by nodename 20533@fv-az241-347
2023-11-06 09:27:22,411 [0eeb79a9-13fd-416c-b2a7-6f654c6b5029-groupManagement] INFO  storage.RaftStorage (RaftStorageImpl.java:format(96)) - Storage directory /home/runner/work/ozone/ozone/hadoop-ozone/integration-test/target/test-dir/MiniOzoneClusterImpl-938474ea-96d6-4bd3-a45f-678920fb0bb2/datanode-1/data/ratis/7f2ae790-e99e-4dfb-a7e1-52af94be594d has been successfully formatted.
2023-11-06 09:27:22,413 [0eeb79a9-13fd-416c-b2a7-6f654c6b5029-groupManagement] INFO  ratis.ContainerStateMachine (ContainerStateMachine.java:loadSnapshot(269)) - group-52AF94BE594D: The snapshot info is null. Setting the last applied indexto:(t:0, i:~)
2023-11-06 09:27:22,414 [0eeb79a9-13fd-416c-b2a7-6f654c6b5029-groupManagement] INFO  server.RaftServerConfigKeys (ConfUtils.java:logGet(46)) - raft.server.log.use.memory = false (default)
2023-11-06 09:27:22,414 [0eeb79a9-13fd-416c-b2a7-6f654c6b5029-groupManagement] INFO  server.RaftServerConfigKeys (ConfUtils.java:logGet(46)) - raft.server.log.purge.gap = 1000000 (custom)
2023-11-06 09:27:22,414 [0eeb79a9-13fd-416c-b2a7-6f654c6b5029-groupManagement] INFO  server.RaftServerConfigKeys (ConfUtils.java:logGet(46)) - raft.server.log.appender.buffer.byte-limit = 33554432 (custom)
2023-11-06 09:27:22,415 [0eeb79a9-13fd-416c-b2a7-6f654c6b5029-groupManagement] INFO  server.RaftServerConfigKeys (ConfUtils.java:logGet(46)) - raft.server.log.statemachine.data.read.timeout = 1000ms (default)
2023-11-06 09:27:22,415 [0eeb79a9-13fd-416c-b2a7-6f654c6b5029-groupManagement] INFO  server.RaftServerConfigKeys (ConfUtils.java:logGet(46)) - raft.server.log.purge.preservation.log.num = 0 (default)
2023-11-06 09:27:22,415 [0eeb79a9-13fd-416c-b2a7-6f654c6b5029-groupManagement] INFO  server.RaftServerConfigKeys (ConfUtils.java:logGet(46)) - raft.server.log.segment.size.max = 1048576 (custom)
2023-11-06 09:27:22,416 [0eeb79a9-13fd-416c-b2a7-6f654c6b5029-groupManagement] INFO  server.RaftServerConfigKeys (ConfUtils.java:logGet(46)) - raft.server.log.segment.cache.num.max = 2 (custom)
2023-11-06 09:27:22,416 [0eeb79a9-13fd-416c-b2a7-6f654c6b5029-groupManagement] INFO  server.RaftServerConfigKeys (ConfUtils.java:logGet(46)) - raft.server.log.segment.cache.size.max = 200MB (=209715200) (default)
2023-11-06 09:27:22,417 [0eeb79a9-13fd-416c-b2a7-6f654c6b5029-groupManagement] INFO  server.RaftServerConfigKeys (ConfUtils.java:logGet(46)) - raft.server.log.appender.buffer.byte-limit = 33554432 (custom)
2023-11-06 09:27:22,417 [0eeb79a9-13fd-416c-b2a7-6f654c6b5029-groupManagement] INFO  segmented.SegmentedRaftLogWorker (SegmentedRaftLogWorker.java:<init>(188)) - new 0eeb79a9-13fd-416c-b2a7-6f654c6b5029@group-52AF94BE594D-SegmentedRaftLogWorker for RaftStorageImpl:Storage Directory /home/runner/work/ozone/ozone/hadoop-ozone/integration-test/target/test-dir/MiniOzoneClusterImpl-938474ea-96d6-4bd3-a45f-678920fb0bb2/datanode-1/data/ratis/7f2ae790-e99e-4dfb-a7e1-52af94be594d
2023-11-06 09:27:22,417 [0eeb79a9-13fd-416c-b2a7-6f654c6b5029-groupManagement] INFO  server.RaftServerConfigKeys (ConfUtils.java:logGet(46)) - raft.server.log.queue.byte-limit = 4294967296 (custom)
2023-11-06 09:27:22,418 [0eeb79a9-13fd-416c-b2a7-6f654c6b5029-groupManagement] INFO  server.RaftServerConfigKeys (ConfUtils.java:logGet(46)) - raft.server.log.queue.element-limit = 1024 (custom)
2023-11-06 09:27:22,418 [0eeb79a9-13fd-416c-b2a7-6f654c6b5029-groupManagement] INFO  server.RaftServerConfigKeys (ConfUtils.java:logGet(46)) - raft.server.log.segment.size.max = 1048576 (custom)
2023-11-06 09:27:22,418 [0eeb79a9-13fd-416c-b2a7-6f654c6b5029-groupManagement] INFO  server.RaftServerConfigKeys (ConfUtils.java:logGet(46)) - raft.server.log.preallocated.size = 16384 (custom)
2023-11-06 09:27:22,419 [0eeb79a9-13fd-416c-b2a7-6f654c6b5029-groupManagement] INFO  server.RaftServerConfigKeys (ConfUtils.java:logGet(46)) - raft.server.log.force.sync.num = 128 (default)
2023-11-06 09:27:22,419 [0eeb79a9-13fd-416c-b2a7-6f654c6b5029-groupManagement] INFO  server.RaftServerConfigKeys (ConfUtils.java:logGet(46)) - raft.server.log.statemachine.data.sync = true (default)
2023-11-06 09:27:22,419 [0eeb79a9-13fd-416c-b2a7-6f654c6b5029-groupManagement] INFO  server.RaftServerConfigKeys (ConfUtils.java:logGet(46)) - raft.server.log.statemachine.data.sync.timeout = 10s (default)
2023-11-06 09:27:22,420 [0eeb79a9-13fd-416c-b2a7-6f654c6b5029-groupManagement] INFO  server.RaftServerConfigKeys (ConfUtils.java:logGet(46)) - raft.server.log.statemachine.data.sync.timeout.retry = -1 (default)
2023-11-06 09:27:22,421 [0eeb79a9-13fd-416c-b2a7-6f654c6b5029-groupManagement] INFO  server.RaftServerConfigKeys (ConfUtils.java:logGet(46)) - raft.server.log.write.buffer.size = 1048576 (custom)
2023-11-06 09:27:22,422 [0eeb79a9-13fd-416c-b2a7-6f654c6b5029-groupManagement] INFO  server.RaftServerConfigKeys (ConfUtils.java:logGet(46)) - raft.server.log.appender.buffer.byte-limit = 33554432 (custom)
2023-11-06 09:27:22,427 [0eeb79a9-13fd-416c-b2a7-6f654c6b5029-groupManagement] INFO  server.RaftServerConfigKeys (ConfUtils.java:logGet(46)) - raft.server.log.unsafe-flush.enabled = false (default)
2023-11-06 09:27:22,427 [0eeb79a9-13fd-416c-b2a7-6f654c6b5029-groupManagement] INFO  server.RaftServerConfigKeys (ConfUtils.java:logGet(46)) - raft.server.log.async-flush.enabled = false (default)
2023-11-06 09:27:22,427 [0eeb79a9-13fd-416c-b2a7-6f654c6b5029-groupManagement] INFO  server.RaftServerConfigKeys (ConfUtils.java:logGet(46)) - raft.server.log.statemachine.data.caching.enabled = true (custom)
2023-11-06 09:27:22,428 [0eeb79a9-13fd-416c-b2a7-6f654c6b5029-groupManagement] INFO  segmented.SegmentedRaftLogWorker (SegmentedRaftLogWorker.java:lambda$new$0(135)) - 0eeb79a9-13fd-416c-b2a7-6f654c6b5029@group-52AF94BE594D-SegmentedRaftLogWorker: flushIndex: setUnconditionally 0 -> -1
2023-11-06 09:27:22,428 [0eeb79a9-13fd-416c-b2a7-6f654c6b5029-groupManagement] INFO  segmented.SegmentedRaftLogWorker (SegmentedRaftLogWorker.java:lambda$new$0(135)) - 0eeb79a9-13fd-416c-b2a7-6f654c6b5029@group-52AF94BE594D-SegmentedRaftLogWorker: safeCacheEvictIndex: setUnconditionally 0 -> -1
2023-11-06 09:27:22,428 [0eeb79a9-13fd-416c-b2a7-6f654c6b5029-groupManagement] INFO  server.RaftServer$Division (RaftServerImpl.java:start(342)) - 0eeb79a9-13fd-416c-b2a7-6f654c6b5029@group-52AF94BE594D: start as a follower, conf=-1: peers:[d9016e39-0130-4fd9-896a-cac3c2785d02|rpc:10.1.0.6:15032|admin:10.1.0.6:15031|client:10.1.0.6:15030|dataStream:10.1.0.6:15033|priority:0|startupRole:FOLLOWER, fedf11b8-0957-422e-880a-91cc26979c7a|rpc:10.1.0.6:15014|admin:10.1.0.6:15013|client:10.1.0.6:15012|dataStream:10.1.0.6:15015|priority:0|startupRole:FOLLOWER, 0eeb79a9-13fd-416c-b2a7-6f654c6b5029|rpc:10.1.0.6:15023|admin:10.1.0.6:15022|client:10.1.0.6:15021|dataStream:10.1.0.6:15024|priority:1|startupRole:FOLLOWER]|listeners:[], old=null
2023-11-06 09:27:22,429 [0eeb79a9-13fd-416c-b2a7-6f654c6b5029-groupManagement] INFO  server.RaftServer$Division (RaftServerImpl.java:setRole(329)) - 0eeb79a9-13fd-416c-b2a7-6f654c6b5029@group-52AF94BE594D: changes role from      null to FOLLOWER at term 0 for startAsFollower
2023-11-06 09:27:22,429 [0eeb79a9-13fd-416c-b2a7-6f654c6b5029-groupManagement] INFO  impl.RoleInfo (RoleInfo.java:updateAndGet(139)) - 0eeb79a9-13fd-416c-b2a7-6f654c6b5029: start 0eeb79a9-13fd-416c-b2a7-6f654c6b5029@group-52AF94BE594D-FollowerState
2023-11-06 09:27:22,430 [0eeb79a9-13fd-416c-b2a7-6f654c6b5029-groupManagement] INFO  util.JmxRegister (JmxRegister.java:tryRegister(44)) - Successfully registered JMX Bean with object name Ratis:service=RaftServer,group=group-52AF94BE594D,id=0eeb79a9-13fd-416c-b2a7-6f654c6b5029
2023-11-06 09:27:22,430 [0eeb79a9-13fd-416c-b2a7-6f654c6b5029@group-52AF94BE594D-FollowerState] INFO  server.RaftServerConfigKeys (ConfUtils.java:logFallback(53)) - raft.server.rpc.first-election.timeout.min = 5s (fallback to raft.server.rpc.timeout.min)
2023-11-06 09:27:22,430 [0eeb79a9-13fd-416c-b2a7-6f654c6b5029@group-52AF94BE594D-FollowerState] INFO  server.RaftServerConfigKeys (ConfUtils.java:logFallback(53)) - raft.server.rpc.first-election.timeout.max = 5200ms (fallback to raft.server.rpc.timeout.max)
2023-11-06 09:27:22,430 [0eeb79a9-13fd-416c-b2a7-6f654c6b5029-groupManagement] INFO  server.RaftServerConfigKeys (ConfUtils.java:logGet(46)) - raft.server.snapshot.auto.trigger.enabled = true (custom)
2023-11-06 09:27:22,430 [0eeb79a9-13fd-416c-b2a7-6f654c6b5029-groupManagement] INFO  server.RaftServerConfigKeys (ConfUtils.java:logGet(46)) - raft.server.snapshot.auto.trigger.threshold = 10000 (custom)
2023-11-06 09:27:22,431 [0eeb79a9-13fd-416c-b2a7-6f654c6b5029-groupManagement] INFO  server.RaftServerConfigKeys (ConfUtils.java:logGet(46)) - raft.server.snapshot.retention.file.num = 5 (custom)
2023-11-06 09:27:22,431 [0eeb79a9-13fd-416c-b2a7-6f654c6b5029-groupManagement] INFO  server.RaftServerConfigKeys (ConfUtils.java:logGet(46)) - raft.server.log.purge.upto.snapshot.index = false (default)
2023-11-06 09:27:22,452 [grpc-default-executor-0] INFO  server.RaftServer (RaftServerProxy.java:addNew(98)) - d9016e39-0130-4fd9-896a-cac3c2785d02: addNew group-52AF94BE594D:[d9016e39-0130-4fd9-896a-cac3c2785d02|rpc:10.1.0.6:15032|admin:10.1.0.6:15031|client:10.1.0.6:15030|dataStream:10.1.0.6:15033|priority:0|startupRole:FOLLOWER, fedf11b8-0957-422e-880a-91cc26979c7a|rpc:10.1.0.6:15014|admin:10.1.0.6:15013|client:10.1.0.6:15012|dataStream:10.1.0.6:15015|priority:0|startupRole:FOLLOWER, 0eeb79a9-13fd-416c-b2a7-6f654c6b5029|rpc:10.1.0.6:15023|admin:10.1.0.6:15022|client:10.1.0.6:15021|dataStream:10.1.0.6:15024|priority:1|startupRole:FOLLOWER] returns group-52AF94BE594D:java.util.concurrent.CompletableFuture@6687c61b[Not completed]
2023-11-06 09:27:22,453 [d9016e39-0130-4fd9-896a-cac3c2785d02-groupManagement] INFO  server.RaftServer$Division (RaftServerImpl.java:<init>(198)) - d9016e39-0130-4fd9-896a-cac3c2785d02: new RaftServerImpl for group-52AF94BE594D:[d9016e39-0130-4fd9-896a-cac3c2785d02|rpc:10.1.0.6:15032|admin:10.1.0.6:15031|client:10.1.0.6:15030|dataStream:10.1.0.6:15033|priority:0|startupRole:FOLLOWER, fedf11b8-0957-422e-880a-91cc26979c7a|rpc:10.1.0.6:15014|admin:10.1.0.6:15013|client:10.1.0.6:15012|dataStream:10.1.0.6:15015|priority:0|startupRole:FOLLOWER, 0eeb79a9-13fd-416c-b2a7-6f654c6b5029|rpc:10.1.0.6:15023|admin:10.1.0.6:15022|client:10.1.0.6:15021|dataStream:10.1.0.6:15024|priority:1|startupRole:FOLLOWER] with ContainerStateMachine:uninitialized
2023-11-06 09:27:22,453 [d9016e39-0130-4fd9-896a-cac3c2785d02-groupManagement] INFO  server.RaftServerConfigKeys (ConfUtils.java:logGet(46)) - raft.server.rpc.timeout.min = 5s (custom)
2023-11-06 09:27:22,453 [d9016e39-0130-4fd9-896a-cac3c2785d02-groupManagement] INFO  server.RaftServerConfigKeys (ConfUtils.java:logGet(46)) - raft.server.rpc.timeout.max = 5200ms (custom)
2023-11-06 09:27:22,453 [d9016e39-0130-4fd9-896a-cac3c2785d02-groupManagement] INFO  server.RaftServerConfigKeys (ConfUtils.java:logGet(46)) - raft.server.rpc.sleep.time = 25ms (default)
2023-11-06 09:27:22,453 [d9016e39-0130-4fd9-896a-cac3c2785d02-groupManagement] INFO  server.RaftServerConfigKeys (ConfUtils.java:logGet(46)) - raft.server.rpc.slowness.timeout = 300s (custom)
2023-11-06 09:27:22,453 [d9016e39-0130-4fd9-896a-cac3c2785d02-groupManagement] INFO  server.RaftServerConfigKeys (ConfUtils.java:logGet(46)) - raft.server.leaderelection.leader.step-down.wait-time = 10s (default)
2023-11-06 09:27:22,453 [d9016e39-0130-4fd9-896a-cac3c2785d02-groupManagement] INFO  server.RaftServerConfigKeys (ConfUtils.java:logGet(46)) - raft.server.sleep.deviation.threshold = 300ms (default)
2023-11-06 09:27:22,453 [d9016e39-0130-4fd9-896a-cac3c2785d02-groupManagement] INFO  server.RaftServer$Division (ServerState.java:<init>(120)) - d9016e39-0130-4fd9-896a-cac3c2785d02@group-52AF94BE594D: ConfigurationManager, init=-1: peers:[d9016e39-0130-4fd9-896a-cac3c2785d02|rpc:10.1.0.6:15032|admin:10.1.0.6:15031|client:10.1.0.6:15030|dataStream:10.1.0.6:15033|priority:0|startupRole:FOLLOWER, fedf11b8-0957-422e-880a-91cc26979c7a|rpc:10.1.0.6:15014|admin:10.1.0.6:15013|client:10.1.0.6:15012|dataStream:10.1.0.6:15015|priority:0|startupRole:FOLLOWER, 0eeb79a9-13fd-416c-b2a7-6f654c6b5029|rpc:10.1.0.6:15023|admin:10.1.0.6:15022|client:10.1.0.6:15021|dataStream:10.1.0.6:15024|priority:1|startupRole:FOLLOWER]|listeners:[], old=null, confs=<EMPTY_MAP>
2023-11-06 09:27:22,453 [d9016e39-0130-4fd9-896a-cac3c2785d02-groupManagement] INFO  server.RaftServerConfigKeys (ConfUtils.java:logGet(46)) - raft.server.storage.dir = [/home/runner/work/ozone/ozone/hadoop-ozone/integration-test/target/test-dir/MiniOzoneClusterImpl-938474ea-96d6-4bd3-a45f-678920fb0bb2/datanode-2/data/ratis] (custom)
2023-11-06 09:27:22,453 [d9016e39-0130-4fd9-896a-cac3c2785d02-groupManagement] INFO  server.RaftServerConfigKeys (ConfUtils.java:logGet(46)) - raft.server.log.corruption.policy = EXCEPTION (default)
2023-11-06 09:27:22,454 [d9016e39-0130-4fd9-896a-cac3c2785d02-groupManagement] INFO  server.RaftServerConfigKeys (ConfUtils.java:logGet(46)) - raft.server.storage.free-space.min = 0MB (=0) (default)
2023-11-06 09:27:22,454 [d9016e39-0130-4fd9-896a-cac3c2785d02-groupManagement] INFO  server.RaftServerConfigKeys (ConfUtils.java:logGet(46)) - raft.server.notification.no-leader.timeout = 300s (custom)
2023-11-06 09:27:22,454 [d9016e39-0130-4fd9-896a-cac3c2785d02-groupManagement] INFO  server.RaftServerConfigKeys (ConfUtils.java:logGet(46)) - raft.server.read.timeout = 10s (default)
2023-11-06 09:27:22,454 [d9016e39-0130-4fd9-896a-cac3c2785d02-groupManagement] INFO  server.RaftServerConfigKeys (ConfUtils.java:logGet(46)) - raft.server.retrycache.expirytime = 600000ms (custom)
2023-11-06 09:27:22,454 [d9016e39-0130-4fd9-896a-cac3c2785d02-groupManagement] INFO  server.RaftServerConfigKeys (ConfUtils.java:logGet(46)) - raft.server.retrycache.statistics.expirytime = 100μs (default)
2023-11-06 09:27:22,454 [d9016e39-0130-4fd9-896a-cac3c2785d02-groupManagement] INFO  server.RaftServerConfigKeys (ConfUtils.java:logGet(46)) - raft.server.read.option = DEFAULT (default)
2023-11-06 09:27:22,454 [d9016e39-0130-4fd9-896a-cac3c2785d02-groupManagement] INFO  server.RaftServerConfigKeys (ConfUtils.java:logGet(46)) - raft.server.rpc.request.timeout = 60s (custom)
2023-11-06 09:27:22,455 [d9016e39-0130-4fd9-896a-cac3c2785d02-groupManagement] INFO  server.RaftServerConfigKeys (ConfUtils.java:logGet(46)) - raft.server.log.appender.install.snapshot.enabled = false (custom)
2023-11-06 09:27:22,455 [d9016e39-0130-4fd9-896a-cac3c2785d02-groupManagement] INFO  server.RaftServerConfigKeys (ConfUtils.java:logGet(46)) - raft.server.threadpool.server.cached = true (default)
2023-11-06 09:27:22,455 [d9016e39-0130-4fd9-896a-cac3c2785d02-groupManagement] INFO  server.RaftServerConfigKeys (ConfUtils.java:logGet(46)) - raft.server.threadpool.server.size = 0 (default)
2023-11-06 09:27:22,455 [d9016e39-0130-4fd9-896a-cac3c2785d02-groupManagement] INFO  server.RaftServerConfigKeys (ConfUtils.java:logGet(46)) - raft.server.threadpool.client.cached = true (default)
2023-11-06 09:27:22,455 [d9016e39-0130-4fd9-896a-cac3c2785d02-groupManagement] INFO  server.RaftServerConfigKeys (ConfUtils.java:logGet(46)) - raft.server.threadpool.client.size = 0 (default)
2023-11-06 09:27:22,455 [d9016e39-0130-4fd9-896a-cac3c2785d02-groupManagement] INFO  storage.RaftStorageDirectory (RaftStorageDirectoryImpl.java:analyzeStorage(137)) - The storage directory /home/runner/work/ozone/ozone/hadoop-ozone/integration-test/target/test-dir/MiniOzoneClusterImpl-938474ea-96d6-4bd3-a45f-678920fb0bb2/datanode-2/data/ratis/7f2ae790-e99e-4dfb-a7e1-52af94be594d does not exist. Creating ...
2023-11-06 09:27:22,461 [d9016e39-0130-4fd9-896a-cac3c2785d02-groupManagement] INFO  storage.RaftStorageDirectory (RaftStorageDirectoryImpl.java:tryLock(231)) - Lock on /home/runner/work/ozone/ozone/hadoop-ozone/integration-test/target/test-dir/MiniOzoneClusterImpl-938474ea-96d6-4bd3-a45f-678920fb0bb2/datanode-2/data/ratis/7f2ae790-e99e-4dfb-a7e1-52af94be594d/in_use.lock acquired by nodename 20533@fv-az241-347
2023-11-06 09:27:22,463 [d9016e39-0130-4fd9-896a-cac3c2785d02-groupManagement] INFO  storage.RaftStorage (RaftStorageImpl.java:format(96)) - Storage directory /home/runner/work/ozone/ozone/hadoop-ozone/integration-test/target/test-dir/MiniOzoneClusterImpl-938474ea-96d6-4bd3-a45f-678920fb0bb2/datanode-2/data/ratis/7f2ae790-e99e-4dfb-a7e1-52af94be594d has been successfully formatted.
2023-11-06 09:27:22,464 [d9016e39-0130-4fd9-896a-cac3c2785d02-groupManagement] INFO  ratis.ContainerStateMachine (ContainerStateMachine.java:loadSnapshot(269)) - group-52AF94BE594D: The snapshot info is null. Setting the last applied indexto:(t:0, i:~)
2023-11-06 09:27:22,465 [d9016e39-0130-4fd9-896a-cac3c2785d02-groupManagement] INFO  server.RaftServerConfigKeys (ConfUtils.java:logGet(46)) - raft.server.log.use.memory = false (default)
2023-11-06 09:27:22,465 [d9016e39-0130-4fd9-896a-cac3c2785d02-groupManagement] INFO  server.RaftServerConfigKeys (ConfUtils.java:logGet(46)) - raft.server.log.purge.gap = 1000000 (custom)
2023-11-06 09:27:22,465 [d9016e39-0130-4fd9-896a-cac3c2785d02-groupManagement] INFO  server.RaftServerConfigKeys (ConfUtils.java:logGet(46)) - raft.server.log.appender.buffer.byte-limit = 33554432 (custom)
2023-11-06 09:27:22,466 [d9016e39-0130-4fd9-896a-cac3c2785d02-groupManagement] INFO  server.RaftServerConfigKeys (ConfUtils.java:logGet(46)) - raft.server.log.statemachine.data.read.timeout = 1000ms (default)
2023-11-06 09:27:22,466 [d9016e39-0130-4fd9-896a-cac3c2785d02-groupManagement] INFO  server.RaftServerConfigKeys (ConfUtils.java:logGet(46)) - raft.server.log.purge.preservation.log.num = 0 (default)
2023-11-06 09:27:22,466 [d9016e39-0130-4fd9-896a-cac3c2785d02-groupManagement] INFO  server.RaftServerConfigKeys (ConfUtils.java:logGet(46)) - raft.server.log.segment.size.max = 1048576 (custom)
2023-11-06 09:27:22,467 [d9016e39-0130-4fd9-896a-cac3c2785d02-groupManagement] INFO  server.RaftServerConfigKeys (ConfUtils.java:logGet(46)) - raft.server.log.segment.cache.num.max = 2 (custom)
2023-11-06 09:27:22,467 [d9016e39-0130-4fd9-896a-cac3c2785d02-groupManagement] INFO  server.RaftServerConfigKeys (ConfUtils.java:logGet(46)) - raft.server.log.segment.cache.size.max = 200MB (=209715200) (default)
2023-11-06 09:27:22,467 [d9016e39-0130-4fd9-896a-cac3c2785d02-groupManagement] INFO  server.RaftServerConfigKeys (ConfUtils.java:logGet(46)) - raft.server.log.appender.buffer.byte-limit = 33554432 (custom)
2023-11-06 09:27:22,468 [d9016e39-0130-4fd9-896a-cac3c2785d02-groupManagement] INFO  segmented.SegmentedRaftLogWorker (SegmentedRaftLogWorker.java:<init>(188)) - new d9016e39-0130-4fd9-896a-cac3c2785d02@group-52AF94BE594D-SegmentedRaftLogWorker for RaftStorageImpl:Storage Directory /home/runner/work/ozone/ozone/hadoop-ozone/integration-test/target/test-dir/MiniOzoneClusterImpl-938474ea-96d6-4bd3-a45f-678920fb0bb2/datanode-2/data/ratis/7f2ae790-e99e-4dfb-a7e1-52af94be594d
2023-11-06 09:27:22,468 [d9016e39-0130-4fd9-896a-cac3c2785d02-groupManagement] INFO  server.RaftServerConfigKeys (ConfUtils.java:logGet(46)) - raft.server.log.queue.byte-limit = 4294967296 (custom)
2023-11-06 09:27:22,468 [d9016e39-0130-4fd9-896a-cac3c2785d02-groupManagement] INFO  server.RaftServerConfigKeys (ConfUtils.java:logGet(46)) - raft.server.log.queue.element-limit = 1024 (custom)
2023-11-06 09:27:22,468 [d9016e39-0130-4fd9-896a-cac3c2785d02-groupManagement] INFO  server.RaftServerConfigKeys (ConfUtils.java:logGet(46)) - raft.server.log.segment.size.max = 1048576 (custom)
2023-11-06 09:27:22,469 [d9016e39-0130-4fd9-896a-cac3c2785d02-groupManagement] INFO  server.RaftServerConfigKeys (ConfUtils.java:logGet(46)) - raft.server.log.preallocated.size = 16384 (custom)
2023-11-06 09:27:22,469 [d9016e39-0130-4fd9-896a-cac3c2785d02-groupManagement] INFO  server.RaftServerConfigKeys (ConfUtils.java:logGet(46)) - raft.server.log.force.sync.num = 128 (default)
2023-11-06 09:27:22,469 [d9016e39-0130-4fd9-896a-cac3c2785d02-groupManagement] INFO  server.RaftServerConfigKeys (ConfUtils.java:logGet(46)) - raft.server.log.statemachine.data.sync = true (default)
2023-11-06 09:27:22,469 [d9016e39-0130-4fd9-896a-cac3c2785d02-groupManagement] INFO  server.RaftServerConfigKeys (ConfUtils.java:logGet(46)) - raft.server.log.statemachine.data.sync.timeout = 10s (default)
2023-11-06 09:27:22,469 [d9016e39-0130-4fd9-896a-cac3c2785d02-groupManagement] INFO  server.RaftServerConfigKeys (ConfUtils.java:logGet(46)) - raft.server.log.statemachine.data.sync.timeout.retry = -1 (default)
2023-11-06 09:27:22,470 [d9016e39-0130-4fd9-896a-cac3c2785d02-groupManagement] INFO  server.RaftServerConfigKeys (ConfUtils.java:logGet(46)) - raft.server.log.write.buffer.size = 1048576 (custom)
2023-11-06 09:27:22,470 [d9016e39-0130-4fd9-896a-cac3c2785d02-groupManagement] INFO  server.RaftServerConfigKeys (ConfUtils.java:logGet(46)) - raft.server.log.appender.buffer.byte-limit = 33554432 (custom)
2023-11-06 09:27:22,475 [d9016e39-0130-4fd9-896a-cac3c2785d02-groupManagement] INFO  server.RaftServerConfigKeys (ConfUtils.java:logGet(46)) - raft.server.log.unsafe-flush.enabled = false (default)
2023-11-06 09:27:22,475 [d9016e39-0130-4fd9-896a-cac3c2785d02-groupManagement] INFO  server.RaftServerConfigKeys (ConfUtils.java:logGet(46)) - raft.server.log.async-flush.enabled = false (default)
2023-11-06 09:27:22,475 [d9016e39-0130-4fd9-896a-cac3c2785d02-groupManagement] INFO  server.RaftServerConfigKeys (ConfUtils.java:logGet(46)) - raft.server.log.statemachine.data.caching.enabled = true (custom)
2023-11-06 09:27:22,475 [d9016e39-0130-4fd9-896a-cac3c2785d02-groupManagement] INFO  segmented.SegmentedRaftLogWorker (SegmentedRaftLogWorker.java:lambda$new$0(135)) - d9016e39-0130-4fd9-896a-cac3c2785d02@group-52AF94BE594D-SegmentedRaftLogWorker: flushIndex: setUnconditionally 0 -> -1
2023-11-06 09:27:22,475 [d9016e39-0130-4fd9-896a-cac3c2785d02-groupManagement] INFO  segmented.SegmentedRaftLogWorker (SegmentedRaftLogWorker.java:lambda$new$0(135)) - d9016e39-0130-4fd9-896a-cac3c2785d02@group-52AF94BE594D-SegmentedRaftLogWorker: safeCacheEvictIndex: setUnconditionally 0 -> -1
2023-11-06 09:27:22,477 [d9016e39-0130-4fd9-896a-cac3c2785d02-groupManagement] INFO  server.RaftServer$Division (RaftServerImpl.java:start(342)) - d9016e39-0130-4fd9-896a-cac3c2785d02@group-52AF94BE594D: start as a follower, conf=-1: peers:[d9016e39-0130-4fd9-896a-cac3c2785d02|rpc:10.1.0.6:15032|admin:10.1.0.6:15031|client:10.1.0.6:15030|dataStream:10.1.0.6:15033|priority:0|startupRole:FOLLOWER, fedf11b8-0957-422e-880a-91cc26979c7a|rpc:10.1.0.6:15014|admin:10.1.0.6:15013|client:10.1.0.6:15012|dataStream:10.1.0.6:15015|priority:0|startupRole:FOLLOWER, 0eeb79a9-13fd-416c-b2a7-6f654c6b5029|rpc:10.1.0.6:15023|admin:10.1.0.6:15022|client:10.1.0.6:15021|dataStream:10.1.0.6:15024|priority:1|startupRole:FOLLOWER]|listeners:[], old=null
2023-11-06 09:27:22,477 [d9016e39-0130-4fd9-896a-cac3c2785d02-groupManagement] INFO  server.RaftServer$Division (RaftServerImpl.java:setRole(329)) - d9016e39-0130-4fd9-896a-cac3c2785d02@group-52AF94BE594D: changes role from      null to FOLLOWER at term 0 for startAsFollower
2023-11-06 09:27:22,478 [d9016e39-0130-4fd9-896a-cac3c2785d02-groupManagement] INFO  impl.RoleInfo (RoleInfo.java:updateAndGet(139)) - d9016e39-0130-4fd9-896a-cac3c2785d02: start d9016e39-0130-4fd9-896a-cac3c2785d02@group-52AF94BE594D-FollowerState
2023-11-06 09:27:22,478 [d9016e39-0130-4fd9-896a-cac3c2785d02-groupManagement] INFO  util.JmxRegister (JmxRegister.java:tryRegister(44)) - Successfully registered JMX Bean with object name Ratis:service=RaftServer,group=group-52AF94BE594D,id=d9016e39-0130-4fd9-896a-cac3c2785d02
2023-11-06 09:27:22,478 [d9016e39-0130-4fd9-896a-cac3c2785d02@group-52AF94BE594D-FollowerState] INFO  server.RaftServerConfigKeys (ConfUtils.java:logFallback(53)) - raft.server.rpc.first-election.timeout.min = 5s (fallback to raft.server.rpc.timeout.min)
2023-11-06 09:27:22,479 [d9016e39-0130-4fd9-896a-cac3c2785d02@group-52AF94BE594D-FollowerState] INFO  server.RaftServerConfigKeys (ConfUtils.java:logFallback(53)) - raft.server.rpc.first-election.timeout.max = 5200ms (fallback to raft.server.rpc.timeout.max)
2023-11-06 09:27:22,479 [d9016e39-0130-4fd9-896a-cac3c2785d02-groupManagement] INFO  server.RaftServerConfigKeys (ConfUtils.java:logGet(46)) - raft.server.snapshot.auto.trigger.enabled = true (custom)
2023-11-06 09:27:22,479 [d9016e39-0130-4fd9-896a-cac3c2785d02-groupManagement] INFO  server.RaftServerConfigKeys (ConfUtils.java:logGet(46)) - raft.server.snapshot.auto.trigger.threshold = 10000 (custom)
2023-11-06 09:27:22,479 [d9016e39-0130-4fd9-896a-cac3c2785d02-groupManagement] INFO  server.RaftServerConfigKeys (ConfUtils.java:logGet(46)) - raft.server.snapshot.retention.file.num = 5 (custom)
2023-11-06 09:27:22,480 [d9016e39-0130-4fd9-896a-cac3c2785d02-groupManagement] INFO  server.RaftServerConfigKeys (ConfUtils.java:logGet(46)) - raft.server.log.purge.upto.snapshot.index = false (default)
2023-11-06 09:27:22,488 [fedf11b8-0957-422e-880a-91cc26979c7a-PipelineCommandHandlerThread-0] INFO  commandhandler.CreatePipelineCommandHandler (CreatePipelineCommandHandler.java:lambda$handle$2(124)) - Created Pipeline RATIS THREE PipelineID=7f2ae790-e99e-4dfb-a7e1-52af94be594d.
2023-11-06 09:27:23,049 [d9016e39-0130-4fd9-896a-cac3c2785d02-PipelineCommandHandlerThread-0] INFO  server.RaftServer (RaftServerProxy.java:addNew(98)) - d9016e39-0130-4fd9-896a-cac3c2785d02: addNew group-F4EC317F4A3C:[d9016e39-0130-4fd9-896a-cac3c2785d02|rpc:10.1.0.6:15032|admin:10.1.0.6:15031|client:10.1.0.6:15030|dataStream:10.1.0.6:15033|priority:1|startupRole:FOLLOWER] returns group-F4EC317F4A3C:java.util.concurrent.CompletableFuture@554e9005[Not completed]
2023-11-06 09:27:23,050 [d9016e39-0130-4fd9-896a-cac3c2785d02-groupManagement] INFO  server.RaftServer$Division (RaftServerImpl.java:<init>(198)) - d9016e39-0130-4fd9-896a-cac3c2785d02: new RaftServerImpl for group-F4EC317F4A3C:[d9016e39-0130-4fd9-896a-cac3c2785d02|rpc:10.1.0.6:15032|admin:10.1.0.6:15031|client:10.1.0.6:15030|dataStream:10.1.0.6:15033|priority:1|startupRole:FOLLOWER] with ContainerStateMachine:uninitialized
2023-11-06 09:27:23,051 [d9016e39-0130-4fd9-896a-cac3c2785d02-groupManagement] INFO  server.RaftServerConfigKeys (ConfUtils.java:logGet(46)) - raft.server.rpc.timeout.min = 5s (custom)
2023-11-06 09:27:23,051 [d9016e39-0130-4fd9-896a-cac3c2785d02-groupManagement] INFO  server.RaftServerConfigKeys (ConfUtils.java:logGet(46)) - raft.server.rpc.timeout.max = 5200ms (custom)
2023-11-06 09:27:23,051 [d9016e39-0130-4fd9-896a-cac3c2785d02-groupManagement] INFO  server.RaftServerConfigKeys (ConfUtils.java:logGet(46)) - raft.server.rpc.sleep.time = 25ms (default)
2023-11-06 09:27:23,051 [d9016e39-0130-4fd9-896a-cac3c2785d02-groupManagement] INFO  server.RaftServerConfigKeys (ConfUtils.java:logGet(46)) - raft.server.rpc.slowness.timeout = 300s (custom)
2023-11-06 09:27:23,051 [d9016e39-0130-4fd9-896a-cac3c2785d02-groupManagement] INFO  server.RaftServerConfigKeys (ConfUtils.java:logGet(46)) - raft.server.leaderelection.leader.step-down.wait-time = 10s (default)
2023-11-06 09:27:23,051 [d9016e39-0130-4fd9-896a-cac3c2785d02-groupManagement] INFO  server.RaftServerConfigKeys (ConfUtils.java:logGet(46)) - raft.server.sleep.deviation.threshold = 300ms (default)
2023-11-06 09:27:23,051 [d9016e39-0130-4fd9-896a-cac3c2785d02-groupManagement] INFO  server.RaftServer$Division (ServerState.java:<init>(120)) - d9016e39-0130-4fd9-896a-cac3c2785d02@group-F4EC317F4A3C: ConfigurationManager, init=-1: peers:[d9016e39-0130-4fd9-896a-cac3c2785d02|rpc:10.1.0.6:15032|admin:10.1.0.6:15031|client:10.1.0.6:15030|dataStream:10.1.0.6:15033|priority:1|startupRole:FOLLOWER]|listeners:[], old=null, confs=<EMPTY_MAP>
2023-11-06 09:27:23,051 [d9016e39-0130-4fd9-896a-cac3c2785d02-groupManagement] INFO  server.RaftServerConfigKeys (ConfUtils.java:logGet(46)) - raft.server.storage.dir = [/home/runner/work/ozone/ozone/hadoop-ozone/integration-test/target/test-dir/MiniOzoneClusterImpl-938474ea-96d6-4bd3-a45f-678920fb0bb2/datanode-2/data/ratis] (custom)
2023-11-06 09:27:23,051 [d9016e39-0130-4fd9-896a-cac3c2785d02-groupManagement] INFO  server.RaftServerConfigKeys (ConfUtils.java:logGet(46)) - raft.server.log.corruption.policy = EXCEPTION (default)
2023-11-06 09:27:23,053 [d9016e39-0130-4fd9-896a-cac3c2785d02-groupManagement] INFO  server.RaftServerConfigKeys (ConfUtils.java:logGet(46)) - raft.server.storage.free-space.min = 0MB (=0) (default)
2023-11-06 09:27:23,053 [d9016e39-0130-4fd9-896a-cac3c2785d02-groupManagement] INFO  server.RaftServerConfigKeys (ConfUtils.java:logGet(46)) - raft.server.notification.no-leader.timeout = 300s (custom)
2023-11-06 09:27:23,053 [d9016e39-0130-4fd9-896a-cac3c2785d02-groupManagement] INFO  server.RaftServerConfigKeys (ConfUtils.java:logGet(46)) - raft.server.read.timeout = 10s (default)
2023-11-06 09:27:23,053 [d9016e39-0130-4fd9-896a-cac3c2785d02-groupManagement] INFO  server.RaftServerConfigKeys (ConfUtils.java:logGet(46)) - raft.server.retrycache.expirytime = 600000ms (custom)
2023-11-06 09:27:23,053 [d9016e39-0130-4fd9-896a-cac3c2785d02-groupManagement] INFO  server.RaftServerConfigKeys (ConfUtils.java:logGet(46)) - raft.server.retrycache.statistics.expirytime = 100μs (default)
2023-11-06 09:27:23,053 [d9016e39-0130-4fd9-896a-cac3c2785d02-groupManagement] INFO  server.RaftServerConfigKeys (ConfUtils.java:logGet(46)) - raft.server.read.option = DEFAULT (default)
2023-11-06 09:27:23,057 [d9016e39-0130-4fd9-896a-cac3c2785d02-groupManagement] INFO  server.RaftServerConfigKeys (ConfUtils.java:logGet(46)) - raft.server.rpc.request.timeout = 60s (custom)
2023-11-06 09:27:23,057 [d9016e39-0130-4fd9-896a-cac3c2785d02-groupManagement] INFO  server.RaftServerConfigKeys (ConfUtils.java:logGet(46)) - raft.server.log.appender.install.snapshot.enabled = false (custom)
2023-11-06 09:27:23,058 [d9016e39-0130-4fd9-896a-cac3c2785d02-groupManagement] INFO  server.RaftServerConfigKeys (ConfUtils.java:logGet(46)) - raft.server.threadpool.server.cached = true (default)
2023-11-06 09:27:23,058 [d9016e39-0130-4fd9-896a-cac3c2785d02-groupManagement] INFO  server.RaftServerConfigKeys (ConfUtils.java:logGet(46)) - raft.server.threadpool.server.size = 0 (default)
2023-11-06 09:27:23,059 [d9016e39-0130-4fd9-896a-cac3c2785d02-groupManagement] INFO  server.RaftServerConfigKeys (ConfUtils.java:logGet(46)) - raft.server.threadpool.client.cached = true (default)
2023-11-06 09:27:23,059 [d9016e39-0130-4fd9-896a-cac3c2785d02-groupManagement] INFO  server.RaftServerConfigKeys (ConfUtils.java:logGet(46)) - raft.server.threadpool.client.size = 0 (default)
2023-11-06 09:27:23,059 [d9016e39-0130-4fd9-896a-cac3c2785d02-groupManagement] INFO  storage.RaftStorageDirectory (RaftStorageDirectoryImpl.java:analyzeStorage(137)) - The storage directory /home/runner/work/ozone/ozone/hadoop-ozone/integration-test/target/test-dir/MiniOzoneClusterImpl-938474ea-96d6-4bd3-a45f-678920fb0bb2/datanode-2/data/ratis/58b15d99-4006-45ad-b08f-f4ec317f4a3c does not exist. Creating ...
2023-11-06 09:27:23,053 [d9016e39-0130-4fd9-896a-cac3c2785d02-CloseContainerThread-0] INFO  keyvalue.KeyValueContainer (KeyValueContainer.java:flushAndSyncDB(522)) - Container 1 is synced with bcsId 0.
2023-11-06 09:27:23,060 [d9016e39-0130-4fd9-896a-cac3c2785d02-CloseContainerThread-0] INFO  keyvalue.KeyValueContainer (KeyValueContainer.java:flushAndSyncDB(522)) - Container 1 is synced with bcsId 0.
2023-11-06 09:27:23,061 [d9016e39-0130-4fd9-896a-cac3c2785d02-groupManagement] INFO  storage.RaftStorageDirectory (RaftStorageDirectoryImpl.java:tryLock(231)) - Lock on /home/runner/work/ozone/ozone/hadoop-ozone/integration-test/target/test-dir/MiniOzoneClusterImpl-938474ea-96d6-4bd3-a45f-678920fb0bb2/datanode-2/data/ratis/58b15d99-4006-45ad-b08f-f4ec317f4a3c/in_use.lock acquired by nodename 20533@fv-az241-347
2023-11-06 09:27:23,063 [d9016e39-0130-4fd9-896a-cac3c2785d02-groupManagement] INFO  storage.RaftStorage (RaftStorageImpl.java:format(96)) - Storage directory /home/runner/work/ozone/ozone/hadoop-ozone/integration-test/target/test-dir/MiniOzoneClusterImpl-938474ea-96d6-4bd3-a45f-678920fb0bb2/datanode-2/data/ratis/58b15d99-4006-45ad-b08f-f4ec317f4a3c has been successfully formatted.
2023-11-06 09:27:23,064 [d9016e39-0130-4fd9-896a-cac3c2785d02-groupManagement] INFO  ratis.ContainerStateMachine (ContainerStateMachine.java:loadSnapshot(269)) - group-F4EC317F4A3C: The snapshot info is null. Setting the last applied indexto:(t:0, i:~)
2023-11-06 09:27:23,064 [d9016e39-0130-4fd9-896a-cac3c2785d02-groupManagement] INFO  server.RaftServerConfigKeys (ConfUtils.java:logGet(46)) - raft.server.log.use.memory = false (default)
2023-11-06 09:27:23,064 [d9016e39-0130-4fd9-896a-cac3c2785d02-groupManagement] INFO  server.RaftServerConfigKeys (ConfUtils.java:logGet(46)) - raft.server.log.purge.gap = 1000000 (custom)
2023-11-06 09:27:23,064 [d9016e39-0130-4fd9-896a-cac3c2785d02-groupManagement] INFO  server.RaftServerConfigKeys (ConfUtils.java:logGet(46)) - raft.server.log.appender.buffer.byte-limit = 33554432 (custom)
2023-11-06 09:27:23,064 [d9016e39-0130-4fd9-896a-cac3c2785d02-groupManagement] INFO  server.RaftServerConfigKeys (ConfUtils.java:logGet(46)) - raft.server.log.statemachine.data.read.timeout = 1000ms (default)
2023-11-06 09:27:23,064 [d9016e39-0130-4fd9-896a-cac3c2785d02-groupManagement] INFO  server.RaftServerConfigKeys (ConfUtils.java:logGet(46)) - raft.server.log.purge.preservation.log.num = 0 (default)
2023-11-06 09:27:23,064 [d9016e39-0130-4fd9-896a-cac3c2785d02-groupManagement] INFO  server.RaftServerConfigKeys (ConfUtils.java:logGet(46)) - raft.server.log.segment.size.max = 1048576 (custom)
2023-11-06 09:27:23,065 [d9016e39-0130-4fd9-896a-cac3c2785d02-groupManagement] INFO  server.RaftServerConfigKeys (ConfUtils.java:logGet(46)) - raft.server.log.segment.cache.num.max = 2 (custom)
2023-11-06 09:27:23,065 [d9016e39-0130-4fd9-896a-cac3c2785d02-groupManagement] INFO  server.RaftServerConfigKeys (ConfUtils.java:logGet(46)) - raft.server.log.segment.cache.size.max = 200MB (=209715200) (default)
2023-11-06 09:27:23,065 [d9016e39-0130-4fd9-896a-cac3c2785d02-groupManagement] INFO  server.RaftServerConfigKeys (ConfUtils.java:logGet(46)) - raft.server.log.appender.buffer.byte-limit = 33554432 (custom)
2023-11-06 09:27:23,065 [d9016e39-0130-4fd9-896a-cac3c2785d02-groupManagement] INFO  segmented.SegmentedRaftLogWorker (SegmentedRaftLogWorker.java:<init>(188)) - new d9016e39-0130-4fd9-896a-cac3c2785d02@group-F4EC317F4A3C-SegmentedRaftLogWorker for RaftStorageImpl:Storage Directory /home/runner/work/ozone/ozone/hadoop-ozone/integration-test/target/test-dir/MiniOzoneClusterImpl-938474ea-96d6-4bd3-a45f-678920fb0bb2/datanode-2/data/ratis/58b15d99-4006-45ad-b08f-f4ec317f4a3c
2023-11-06 09:27:23,065 [d9016e39-0130-4fd9-896a-cac3c2785d02-groupManagement] INFO  server.RaftServerConfigKeys (ConfUtils.java:logGet(46)) - raft.server.log.queue.byte-limit = 4294967296 (custom)
2023-11-06 09:27:23,065 [d9016e39-0130-4fd9-896a-cac3c2785d02-groupManagement] INFO  server.RaftServerConfigKeys (ConfUtils.java:logGet(46)) - raft.server.log.queue.element-limit = 1024 (custom)
2023-11-06 09:27:23,065 [d9016e39-0130-4fd9-896a-cac3c2785d02-groupManagement] INFO  server.RaftServerConfigKeys (ConfUtils.java:logGet(46)) - raft.server.log.segment.size.max = 1048576 (custom)
2023-11-06 09:27:23,065 [d9016e39-0130-4fd9-896a-cac3c2785d02-groupManagement] INFO  server.RaftServerConfigKeys (ConfUtils.java:logGet(46)) - raft.server.log.preallocated.size = 16384 (custom)
2023-11-06 09:27:23,065 [d9016e39-0130-4fd9-896a-cac3c2785d02-groupManagement] INFO  server.RaftServerConfigKeys (ConfUtils.java:logGet(46)) - raft.server.log.force.sync.num = 128 (default)
2023-11-06 09:27:23,065 [d9016e39-0130-4fd9-896a-cac3c2785d02-groupManagement] INFO  server.RaftServerConfigKeys (ConfUtils.java:logGet(46)) - raft.server.log.statemachine.data.sync = true (default)
2023-11-06 09:27:23,065 [d9016e39-0130-4fd9-896a-cac3c2785d02-groupManagement] INFO  server.RaftServerConfigKeys (ConfUtils.java:logGet(46)) - raft.server.log.statemachine.data.sync.timeout = 10s (default)
2023-11-06 09:27:23,065 [d9016e39-0130-4fd9-896a-cac3c2785d02-groupManagement] INFO  server.RaftServerConfigKeys (ConfUtils.java:logGet(46)) - raft.server.log.statemachine.data.sync.timeout.retry = -1 (default)
2023-11-06 09:27:23,066 [EventQueue-PipelineReportForPipelineReportHandler] INFO  pipeline.PipelineReportHandler (PipelineReportHandler.java:processPipelineReport(136)) - Opened pipeline PipelineID=58b15d99-4006-45ad-b08f-f4ec317f4a3c
2023-11-06 09:27:23,067 [d9016e39-0130-4fd9-896a-cac3c2785d02-groupManagement] INFO  server.RaftServerConfigKeys (ConfUtils.java:logGet(46)) - raft.server.log.write.buffer.size = 1048576 (custom)
2023-11-06 09:27:23,067 [d9016e39-0130-4fd9-896a-cac3c2785d02-groupManagement] INFO  server.RaftServerConfigKeys (ConfUtils.java:logGet(46)) - raft.server.log.appender.buffer.byte-limit = 33554432 (custom)
2023-11-06 09:27:23,067 [d9016e39-0130-4fd9-896a-cac3c2785d02-CloseContainerThread-0] INFO  keyvalue.KeyValueContainer (KeyValueContainer.java:close(437)) - Container 1 is closed with bcsId 0.
2023-11-06 09:27:23,073 [d9016e39-0130-4fd9-896a-cac3c2785d02-groupManagement] INFO  server.RaftServerConfigKeys (ConfUtils.java:logGet(46)) - raft.server.log.unsafe-flush.enabled = false (default)
2023-11-06 09:27:23,073 [d9016e39-0130-4fd9-896a-cac3c2785d02-groupManagement] INFO  server.RaftServerConfigKeys (ConfUtils.java:logGet(46)) - raft.server.log.async-flush.enabled = false (default)
2023-11-06 09:27:23,074 [d9016e39-0130-4fd9-896a-cac3c2785d02-groupManagement] INFO  server.RaftServerConfigKeys (ConfUtils.java:logGet(46)) - raft.server.log.statemachine.data.caching.enabled = true (custom)
2023-11-06 09:27:23,074 [d9016e39-0130-4fd9-896a-cac3c2785d02-groupManagement] INFO  segmented.SegmentedRaftLogWorker (SegmentedRaftLogWorker.java:lambda$new$0(135)) - d9016e39-0130-4fd9-896a-cac3c2785d02@group-F4EC317F4A3C-SegmentedRaftLogWorker: flushIndex: setUnconditionally 0 -> -1
2023-11-06 09:27:23,074 [d9016e39-0130-4fd9-896a-cac3c2785d02-groupManagement] INFO  segmented.SegmentedRaftLogWorker (SegmentedRaftLogWorker.java:lambda$new$0(135)) - d9016e39-0130-4fd9-896a-cac3c2785d02@group-F4EC317F4A3C-SegmentedRaftLogWorker: safeCacheEvictIndex: setUnconditionally 0 -> -1
2023-11-06 09:27:23,075 [d9016e39-0130-4fd9-896a-cac3c2785d02-groupManagement] INFO  server.RaftServer$Division (RaftServerImpl.java:start(342)) - d9016e39-0130-4fd9-896a-cac3c2785d02@group-F4EC317F4A3C: start as a follower, conf=-1: peers:[d9016e39-0130-4fd9-896a-cac3c2785d02|rpc:10.1.0.6:15032|admin:10.1.0.6:15031|client:10.1.0.6:15030|dataStream:10.1.0.6:15033|priority:1|startupRole:FOLLOWER]|listeners:[], old=null
2023-11-06 09:27:23,075 [d9016e39-0130-4fd9-896a-cac3c2785d02-groupManagement] INFO  server.RaftServer$Division (RaftServerImpl.java:setRole(329)) - d9016e39-0130-4fd9-896a-cac3c2785d02@group-F4EC317F4A3C: changes role from      null to FOLLOWER at term 0 for startAsFollower
2023-11-06 09:27:23,075 [d9016e39-0130-4fd9-896a-cac3c2785d02-groupManagement] INFO  impl.RoleInfo (RoleInfo.java:updateAndGet(139)) - d9016e39-0130-4fd9-896a-cac3c2785d02: start d9016e39-0130-4fd9-896a-cac3c2785d02@group-F4EC317F4A3C-FollowerState
2023-11-06 09:27:23,076 [d9016e39-0130-4fd9-896a-cac3c2785d02-groupManagement] INFO  util.JmxRegister (JmxRegister.java:tryRegister(44)) - Successfully registered JMX Bean with object name Ratis:service=RaftServer,group=group-F4EC317F4A3C,id=d9016e39-0130-4fd9-896a-cac3c2785d02
2023-11-06 09:27:23,076 [d9016e39-0130-4fd9-896a-cac3c2785d02@group-F4EC317F4A3C-FollowerState] INFO  server.RaftServerConfigKeys (ConfUtils.java:logFallback(53)) - raft.server.rpc.first-election.timeout.min = 5s (fallback to raft.server.rpc.timeout.min)
2023-11-06 09:27:23,076 [d9016e39-0130-4fd9-896a-cac3c2785d02@group-F4EC317F4A3C-FollowerState] INFO  server.RaftServerConfigKeys (ConfUtils.java:logFallback(53)) - raft.server.rpc.first-election.timeout.max = 5200ms (fallback to raft.server.rpc.timeout.max)
2023-11-06 09:27:23,076 [d9016e39-0130-4fd9-896a-cac3c2785d02-groupManagement] INFO  server.RaftServerConfigKeys (ConfUtils.java:logGet(46)) - raft.server.snapshot.auto.trigger.enabled = true (custom)
2023-11-06 09:27:23,077 [d9016e39-0130-4fd9-896a-cac3c2785d02-groupManagement] INFO  server.RaftServerConfigKeys (ConfUtils.java:logGet(46)) - raft.server.snapshot.auto.trigger.threshold = 10000 (custom)
2023-11-06 09:27:23,077 [d9016e39-0130-4fd9-896a-cac3c2785d02-groupManagement] INFO  server.RaftServerConfigKeys (ConfUtils.java:logGet(46)) - raft.server.snapshot.retention.file.num = 5 (custom)
2023-11-06 09:27:23,077 [d9016e39-0130-4fd9-896a-cac3c2785d02-groupManagement] INFO  server.RaftServerConfigKeys (ConfUtils.java:logGet(46)) - raft.server.log.purge.upto.snapshot.index = false (default)
2023-11-06 09:27:23,078 [d9016e39-0130-4fd9-896a-cac3c2785d02-PipelineCommandHandlerThread-0] INFO  ratis.XceiverServerRatis (XceiverServerRatis.java:addGroup(805)) - Created group PipelineID=58b15d99-4006-45ad-b08f-f4ec317f4a3c
2023-11-06 09:27:23,078 [d9016e39-0130-4fd9-896a-cac3c2785d02-PipelineCommandHandlerThread-0] INFO  commandhandler.CreatePipelineCommandHandler (CreatePipelineCommandHandler.java:lambda$handle$2(124)) - Created Pipeline RATIS ONE PipelineID=58b15d99-4006-45ad-b08f-f4ec317f4a3c.
2023-11-06 09:27:27,024 [0e92623e-4dcf-4eff-ae25-f8b8c2de319b@group-09A8159B88D0-FollowerState] INFO  impl.FollowerState (FollowerState.java:run(143)) - 0e92623e-4dcf-4eff-ae25-f8b8c2de319b@group-09A8159B88D0-FollowerState: change to CANDIDATE, lastRpcElapsedTime:5060154411ns, electionTimeout:5050ms
2023-11-06 09:27:27,024 [0e92623e-4dcf-4eff-ae25-f8b8c2de319b@group-09A8159B88D0-FollowerState] INFO  impl.RoleInfo (RoleInfo.java:shutdownFollowerState(110)) - 0e92623e-4dcf-4eff-ae25-f8b8c2de319b: shutdown 0e92623e-4dcf-4eff-ae25-f8b8c2de319b@group-09A8159B88D0-FollowerState
2023-11-06 09:27:27,024 [0e92623e-4dcf-4eff-ae25-f8b8c2de319b@group-09A8159B88D0-FollowerState] INFO  server.RaftServer$Division (RaftServerImpl.java:setRole(329)) - 0e92623e-4dcf-4eff-ae25-f8b8c2de319b@group-09A8159B88D0: changes role from  FOLLOWER to CANDIDATE at term 0 for changeToCandidate
2023-11-06 09:27:27,024 [0e92623e-4dcf-4eff-ae25-f8b8c2de319b@group-09A8159B88D0-FollowerState] INFO  server.RaftServerConfigKeys (ConfUtils.java:logGet(46)) - raft.server.leaderelection.pre-vote = true (default)
2023-11-06 09:27:27,024 [0e92623e-4dcf-4eff-ae25-f8b8c2de319b@group-09A8159B88D0-FollowerState] INFO  impl.RoleInfo (RoleInfo.java:updateAndGet(139)) - 0e92623e-4dcf-4eff-ae25-f8b8c2de319b: start 0e92623e-4dcf-4eff-ae25-f8b8c2de319b@group-09A8159B88D0-LeaderElection25
2023-11-06 09:27:27,031 [0e92623e-4dcf-4eff-ae25-f8b8c2de319b@group-09A8159B88D0-LeaderElection25] INFO  impl.LeaderElection (LeaderElection.java:askForVotes(321)) - 0e92623e-4dcf-4eff-ae25-f8b8c2de319b@group-09A8159B88D0-LeaderElection25 PRE_VOTE round 0: submit vote requests at term 0 for -1: peers:[d9016e39-0130-4fd9-896a-cac3c2785d02|rpc:10.1.0.6:15032|admin:10.1.0.6:15031|client:10.1.0.6:15030|dataStream:10.1.0.6:15033|priority:1|startupRole:FOLLOWER, fedf11b8-0957-422e-880a-91cc26979c7a|rpc:10.1.0.6:15014|admin:10.1.0.6:15013|client:10.1.0.6:15012|dataStream:10.1.0.6:15015|priority:0|startupRole:FOLLOWER, 0e92623e-4dcf-4eff-ae25-f8b8c2de319b|rpc:10.1.0.6:15095|admin:10.1.0.6:15094|client:10.1.0.6:15093|dataStream:10.1.0.6:15096|priority:0|startupRole:FOLLOWER]|listeners:[], old=null
2023-11-06 09:27:27,032 [0e92623e-4dcf-4eff-ae25-f8b8c2de319b@group-09A8159B88D0-LeaderElection25-1] INFO  server.GrpcServerProtocolClient (GrpcServerProtocolClient.java:<init>(65)) - Build channel for d9016e39-0130-4fd9-896a-cac3c2785d02
2023-11-06 09:27:27,033 [0e92623e-4dcf-4eff-ae25-f8b8c2de319b@group-09A8159B88D0-LeaderElection25] INFO  server.RaftServerConfigKeys (ConfUtils.java:logFallback(53)) - raft.server.rpc.first-election.timeout.min = 5s (fallback to raft.server.rpc.timeout.min)
2023-11-06 09:27:27,033 [0e92623e-4dcf-4eff-ae25-f8b8c2de319b@group-09A8159B88D0-LeaderElection25] INFO  server.RaftServerConfigKeys (ConfUtils.java:logFallback(53)) - raft.server.rpc.first-election.timeout.max = 5200ms (fallback to raft.server.rpc.timeout.max)
2023-11-06 09:27:27,033 [0e92623e-4dcf-4eff-ae25-f8b8c2de319b@group-09A8159B88D0-LeaderElection25-2] INFO  server.GrpcServerProtocolClient (GrpcServerProtocolClient.java:<init>(65)) - Build channel for fedf11b8-0957-422e-880a-91cc26979c7a
2023-11-06 09:27:27,045 [grpc-default-executor-0] INFO  server.RaftServer$Division (RaftServerImpl.java:requestVote(1302)) - d9016e39-0130-4fd9-896a-cac3c2785d02@group-09A8159B88D0: receive requestVote(PRE_VOTE, 0e92623e-4dcf-4eff-ae25-f8b8c2de319b, group-09A8159B88D0, 0, (t:0, i:0))
2023-11-06 09:27:27,045 [grpc-default-executor-0] INFO  impl.VoteContext (VoteContext.java:log(49)) - d9016e39-0130-4fd9-896a-cac3c2785d02@group-09A8159B88D0-FOLLOWER: reject PRE_VOTE from 0e92623e-4dcf-4eff-ae25-f8b8c2de319b: our priority 1 > candidate's priority 0
2023-11-06 09:27:27,045 [grpc-default-executor-0] INFO  server.RaftServer$Division (RaftServerImpl.java:requestVote(1335)) - d9016e39-0130-4fd9-896a-cac3c2785d02@group-09A8159B88D0 replies to PRE_VOTE vote request: 0e92623e-4dcf-4eff-ae25-f8b8c2de319b<-d9016e39-0130-4fd9-896a-cac3c2785d02#0:FAIL-t0. Peer's state: d9016e39-0130-4fd9-896a-cac3c2785d02@group-09A8159B88D0:t0, leader=null, voted=, raftlog=Memoized:d9016e39-0130-4fd9-896a-cac3c2785d02@group-09A8159B88D0-SegmentedRaftLog:OPENED:c-1, conf=-1: peers:[d9016e39-0130-4fd9-896a-cac3c2785d02|rpc:10.1.0.6:15032|admin:10.1.0.6:15031|client:10.1.0.6:15030|dataStream:10.1.0.6:15033|priority:1|startupRole:FOLLOWER, fedf11b8-0957-422e-880a-91cc26979c7a|rpc:10.1.0.6:15014|admin:10.1.0.6:15013|client:10.1.0.6:15012|dataStream:10.1.0.6:15015|priority:0|startupRole:FOLLOWER, 0e92623e-4dcf-4eff-ae25-f8b8c2de319b|rpc:10.1.0.6:15095|admin:10.1.0.6:15094|client:10.1.0.6:15093|dataStream:10.1.0.6:15096|priority:0|startupRole:FOLLOWER]|listeners:[], old=null
2023-11-06 09:27:27,047 [0e92623e-4dcf-4eff-ae25-f8b8c2de319b@group-09A8159B88D0-LeaderElection25] INFO  impl.LeaderElection (LeaderElection.java:logAndReturn(90)) - 0e92623e-4dcf-4eff-ae25-f8b8c2de319b@group-09A8159B88D0-LeaderElection25: PRE_VOTE REJECTED received 1 response(s) and 0 exception(s):
2023-11-06 09:27:27,047 [0e92623e-4dcf-4eff-ae25-f8b8c2de319b@group-09A8159B88D0-LeaderElection25] INFO  impl.LeaderElection (LeaderElection.java:logAndReturn(94)) -   Response 0: 0e92623e-4dcf-4eff-ae25-f8b8c2de319b<-d9016e39-0130-4fd9-896a-cac3c2785d02#0:FAIL-t0
2023-11-06 09:27:27,047 [0e92623e-4dcf-4eff-ae25-f8b8c2de319b@group-09A8159B88D0-LeaderElection25] INFO  impl.LeaderElection (LeaderElection.java:askForVotes(323)) - 0e92623e-4dcf-4eff-ae25-f8b8c2de319b@group-09A8159B88D0-LeaderElection25 PRE_VOTE round 0: result REJECTED
2023-11-06 09:27:27,047 [0e92623e-4dcf-4eff-ae25-f8b8c2de319b@group-09A8159B88D0-LeaderElection25] INFO  server.RaftServer$Division (RaftServerImpl.java:setRole(329)) - 0e92623e-4dcf-4eff-ae25-f8b8c2de319b@group-09A8159B88D0: changes role from CANDIDATE to FOLLOWER at term 0 for REJECTED
2023-11-06 09:27:27,047 [0e92623e-4dcf-4eff-ae25-f8b8c2de319b@group-09A8159B88D0-LeaderElection25] INFO  impl.RoleInfo (RoleInfo.java:shutdownLeaderElection(130)) - 0e92623e-4dcf-4eff-ae25-f8b8c2de319b: shutdown 0e92623e-4dcf-4eff-ae25-f8b8c2de319b@group-09A8159B88D0-LeaderElection25
2023-11-06 09:27:27,047 [0e92623e-4dcf-4eff-ae25-f8b8c2de319b@group-09A8159B88D0-LeaderElection25] INFO  impl.RoleInfo (RoleInfo.java:updateAndGet(139)) - 0e92623e-4dcf-4eff-ae25-f8b8c2de319b: start 0e92623e-4dcf-4eff-ae25-f8b8c2de319b@group-09A8159B88D0-FollowerState
2023-11-06 09:27:27,051 [grpc-default-executor-5] INFO  server.RaftServer$Division (RaftServerImpl.java:requestVote(1302)) - fedf11b8-0957-422e-880a-91cc26979c7a@group-09A8159B88D0: receive requestVote(PRE_VOTE, 0e92623e-4dcf-4eff-ae25-f8b8c2de319b, group-09A8159B88D0, 0, (t:0, i:0))
2023-11-06 09:27:27,051 [grpc-default-executor-5] INFO  impl.VoteContext (VoteContext.java:log(49)) - fedf11b8-0957-422e-880a-91cc26979c7a@group-09A8159B88D0-FOLLOWER: accept PRE_VOTE from 0e92623e-4dcf-4eff-ae25-f8b8c2de319b: our priority 0 <= candidate's priority 0
2023-11-06 09:27:27,051 [grpc-default-executor-5] INFO  server.RaftServer$Division (RaftServerImpl.java:requestVote(1335)) - fedf11b8-0957-422e-880a-91cc26979c7a@group-09A8159B88D0 replies to PRE_VOTE vote request: 0e92623e-4dcf-4eff-ae25-f8b8c2de319b<-fedf11b8-0957-422e-880a-91cc26979c7a#0:OK-t0. Peer's state: fedf11b8-0957-422e-880a-91cc26979c7a@group-09A8159B88D0:t0, leader=null, voted=, raftlog=Memoized:fedf11b8-0957-422e-880a-91cc26979c7a@group-09A8159B88D0-SegmentedRaftLog:OPENED:c-1, conf=-1: peers:[d9016e39-0130-4fd9-896a-cac3c2785d02|rpc:10.1.0.6:15032|admin:10.1.0.6:15031|client:10.1.0.6:15030|dataStream:10.1.0.6:15033|priority:1|startupRole:FOLLOWER, fedf11b8-0957-422e-880a-91cc26979c7a|rpc:10.1.0.6:15014|admin:10.1.0.6:15013|client:10.1.0.6:15012|dataStream:10.1.0.6:15015|priority:0|startupRole:FOLLOWER, 0e92623e-4dcf-4eff-ae25-f8b8c2de319b|rpc:10.1.0.6:15095|admin:10.1.0.6:15094|client:10.1.0.6:15093|dataStream:10.1.0.6:15096|priority:0|startupRole:FOLLOWER]|listeners:[], old=null
2023-11-06 09:27:27,106 [fedf11b8-0957-422e-880a-91cc26979c7a@group-09A8159B88D0-FollowerState] INFO  server.RaftServerConfigKeys (ConfUtils.java:logFallback(53)) - raft.server.rpc.first-election.timeout.min = 5s (fallback to raft.server.rpc.timeout.min)
2023-11-06 09:27:27,107 [fedf11b8-0957-422e-880a-91cc26979c7a@group-09A8159B88D0-FollowerState] INFO  server.RaftServerConfigKeys (ConfUtils.java:logFallback(53)) - raft.server.rpc.first-election.timeout.max = 5200ms (fallback to raft.server.rpc.timeout.max)
2023-11-06 09:27:27,173 [d9016e39-0130-4fd9-896a-cac3c2785d02@group-09A8159B88D0-FollowerState] INFO  impl.FollowerState (FollowerState.java:run(143)) - d9016e39-0130-4fd9-896a-cac3c2785d02@group-09A8159B88D0-FollowerState: change to CANDIDATE, lastRpcElapsedTime:5119048935ns, electionTimeout:5116ms
2023-11-06 09:27:27,174 [d9016e39-0130-4fd9-896a-cac3c2785d02@group-09A8159B88D0-FollowerState] INFO  impl.RoleInfo (RoleInfo.java:shutdownFollowerState(110)) - d9016e39-0130-4fd9-896a-cac3c2785d02: shutdown d9016e39-0130-4fd9-896a-cac3c2785d02@group-09A8159B88D0-FollowerState
2023-11-06 09:27:27,174 [d9016e39-0130-4fd9-896a-cac3c2785d02@group-09A8159B88D0-FollowerState] INFO  server.RaftServer$Division (RaftServerImpl.java:setRole(329)) - d9016e39-0130-4fd9-896a-cac3c2785d02@group-09A8159B88D0: changes role from  FOLLOWER to CANDIDATE at term 0 for changeToCandidate
2023-11-06 09:27:27,174 [d9016e39-0130-4fd9-896a-cac3c2785d02@group-09A8159B88D0-FollowerState] INFO  server.RaftServerConfigKeys (ConfUtils.java:logGet(46)) - raft.server.leaderelection.pre-vote = true (default)
2023-11-06 09:27:27,174 [d9016e39-0130-4fd9-896a-cac3c2785d02@group-09A8159B88D0-FollowerState] INFO  impl.RoleInfo (RoleInfo.java:updateAndGet(139)) - d9016e39-0130-4fd9-896a-cac3c2785d02: start d9016e39-0130-4fd9-896a-cac3c2785d02@group-09A8159B88D0-LeaderElection26
2023-11-06 09:27:27,174 [d9016e39-0130-4fd9-896a-cac3c2785d02@group-09A8159B88D0-LeaderElection26] INFO  impl.LeaderElection (LeaderElection.java:askForVotes(321)) - d9016e39-0130-4fd9-896a-cac3c2785d02@group-09A8159B88D0-LeaderElection26 PRE_VOTE round 0: submit vote requests at term 0 for -1: peers:[d9016e39-0130-4fd9-896a-cac3c2785d02|rpc:10.1.0.6:15032|admin:10.1.0.6:15031|client:10.1.0.6:15030|dataStream:10.1.0.6:15033|priority:1|startupRole:FOLLOWER, fedf11b8-0957-422e-880a-91cc26979c7a|rpc:10.1.0.6:15014|admin:10.1.0.6:15013|client:10.1.0.6:15012|dataStream:10.1.0.6:15015|priority:0|startupRole:FOLLOWER, 0e92623e-4dcf-4eff-ae25-f8b8c2de319b|rpc:10.1.0.6:15095|admin:10.1.0.6:15094|client:10.1.0.6:15093|dataStream:10.1.0.6:15096|priority:0|startupRole:FOLLOWER]|listeners:[], old=null
2023-11-06 09:27:27,177 [d9016e39-0130-4fd9-896a-cac3c2785d02@group-09A8159B88D0-LeaderElection26] INFO  server.RaftServerConfigKeys (ConfUtils.java:logFallback(53)) - raft.server.rpc.first-election.timeout.min = 5s (fallback to raft.server.rpc.timeout.min)
2023-11-06 09:27:27,177 [d9016e39-0130-4fd9-896a-cac3c2785d02@group-09A8159B88D0-LeaderElection26] INFO  server.RaftServerConfigKeys (ConfUtils.java:logFallback(53)) - raft.server.rpc.first-election.timeout.max = 5200ms (fallback to raft.server.rpc.timeout.max)
2023-11-06 09:27:27,177 [d9016e39-0130-4fd9-896a-cac3c2785d02@group-09A8159B88D0-LeaderElection26-2] INFO  server.GrpcServerProtocolClient (GrpcServerProtocolClient.java:<init>(65)) - Build channel for 0e92623e-4dcf-4eff-ae25-f8b8c2de319b
2023-11-06 09:27:27,185 [grpc-default-executor-5] INFO  server.RaftServer$Division (RaftServerImpl.java:requestVote(1302)) - 0e92623e-4dcf-4eff-ae25-f8b8c2de319b@group-09A8159B88D0: receive requestVote(PRE_VOTE, d9016e39-0130-4fd9-896a-cac3c2785d02, group-09A8159B88D0, 0, (t:0, i:0))
2023-11-06 09:27:27,185 [grpc-default-executor-5] INFO  impl.VoteContext (VoteContext.java:log(49)) - 0e92623e-4dcf-4eff-ae25-f8b8c2de319b@group-09A8159B88D0-FOLLOWER: accept PRE_VOTE from d9016e39-0130-4fd9-896a-cac3c2785d02: our priority 0 <= candidate's priority 1
2023-11-06 09:27:27,185 [grpc-default-executor-5] INFO  server.RaftServer$Division (RaftServerImpl.java:requestVote(1335)) - 0e92623e-4dcf-4eff-ae25-f8b8c2de319b@group-09A8159B88D0 replies to PRE_VOTE vote request: d9016e39-0130-4fd9-896a-cac3c2785d02<-0e92623e-4dcf-4eff-ae25-f8b8c2de319b#0:OK-t0. Peer's state: 0e92623e-4dcf-4eff-ae25-f8b8c2de319b@group-09A8159B88D0:t0, leader=null, voted=, raftlog=Memoized:0e92623e-4dcf-4eff-ae25-f8b8c2de319b@group-09A8159B88D0-SegmentedRaftLog:OPENED:c-1, conf=-1: peers:[d9016e39-0130-4fd9-896a-cac3c2785d02|rpc:10.1.0.6:15032|admin:10.1.0.6:15031|client:10.1.0.6:15030|dataStream:10.1.0.6:15033|priority:1|startupRole:FOLLOWER, fedf11b8-0957-422e-880a-91cc26979c7a|rpc:10.1.0.6:15014|admin:10.1.0.6:15013|client:10.1.0.6:15012|dataStream:10.1.0.6:15015|priority:0|startupRole:FOLLOWER, 0e92623e-4dcf-4eff-ae25-f8b8c2de319b|rpc:10.1.0.6:15095|admin:10.1.0.6:15094|client:10.1.0.6:15093|dataStream:10.1.0.6:15096|priority:0|startupRole:FOLLOWER]|listeners:[], old=null
2023-11-06 09:27:27,186 [d9016e39-0130-4fd9-896a-cac3c2785d02@group-09A8159B88D0-LeaderElection26] INFO  impl.LeaderElection (LeaderElection.java:logAndReturn(90)) - d9016e39-0130-4fd9-896a-cac3c2785d02@group-09A8159B88D0-LeaderElection26: PRE_VOTE PASSED received 1 response(s) and 0 exception(s):
2023-11-06 09:27:27,186 [d9016e39-0130-4fd9-896a-cac3c2785d02@group-09A8159B88D0-LeaderElection26] INFO  impl.LeaderElection (LeaderElection.java:logAndReturn(94)) -   Response 0: d9016e39-0130-4fd9-896a-cac3c2785d02<-0e92623e-4dcf-4eff-ae25-f8b8c2de319b#0:OK-t0
2023-11-06 09:27:27,186 [d9016e39-0130-4fd9-896a-cac3c2785d02@group-09A8159B88D0-LeaderElection26] INFO  impl.LeaderElection (LeaderElection.java:askForVotes(323)) - d9016e39-0130-4fd9-896a-cac3c2785d02@group-09A8159B88D0-LeaderElection26 PRE_VOTE round 0: result PASSED
2023-11-06 09:27:27,188 [d9016e39-0130-4fd9-896a-cac3c2785d02@group-09A8159B88D0-LeaderElection26] INFO  impl.LeaderElection (LeaderElection.java:askForVotes(321)) - d9016e39-0130-4fd9-896a-cac3c2785d02@group-09A8159B88D0-LeaderElection26 ELECTION round 0: submit vote requests at term 1 for -1: peers:[d9016e39-0130-4fd9-896a-cac3c2785d02|rpc:10.1.0.6:15032|admin:10.1.0.6:15031|client:10.1.0.6:15030|dataStream:10.1.0.6:15033|priority:1|startupRole:FOLLOWER, fedf11b8-0957-422e-880a-91cc26979c7a|rpc:10.1.0.6:15014|admin:10.1.0.6:15013|client:10.1.0.6:15012|dataStream:10.1.0.6:15015|priority:0|startupRole:FOLLOWER, 0e92623e-4dcf-4eff-ae25-f8b8c2de319b|rpc:10.1.0.6:15095|admin:10.1.0.6:15094|client:10.1.0.6:15093|dataStream:10.1.0.6:15096|priority:0|startupRole:FOLLOWER]|listeners:[], old=null
2023-11-06 09:27:27,177 [d9016e39-0130-4fd9-896a-cac3c2785d02@group-09A8159B88D0-LeaderElection26-1] INFO  server.GrpcServerProtocolClient (GrpcServerProtocolClient.java:<init>(65)) - Build channel for fedf11b8-0957-422e-880a-91cc26979c7a
2023-11-06 09:27:27,196 [d9016e39-0130-4fd9-896a-cac3c2785d02@group-09A8159B88D0-LeaderElection26] INFO  server.RaftServerConfigKeys (ConfUtils.java:logFallback(53)) - raft.server.rpc.first-election.timeout.min = 5s (fallback to raft.server.rpc.timeout.min)
2023-11-06 09:27:27,196 [d9016e39-0130-4fd9-896a-cac3c2785d02@group-09A8159B88D0-LeaderElection26] INFO  server.RaftServerConfigKeys (ConfUtils.java:logFallback(53)) - raft.server.rpc.first-election.timeout.max = 5200ms (fallback to raft.server.rpc.timeout.max)
2023-11-06 09:27:27,201 [grpc-default-executor-5] INFO  server.RaftServer$Division (RaftServerImpl.java:requestVote(1302)) - 0e92623e-4dcf-4eff-ae25-f8b8c2de319b@group-09A8159B88D0: receive requestVote(ELECTION, d9016e39-0130-4fd9-896a-cac3c2785d02, group-09A8159B88D0, 1, (t:0, i:0))
2023-11-06 09:27:27,201 [grpc-default-executor-5] INFO  impl.VoteContext (VoteContext.java:log(49)) - 0e92623e-4dcf-4eff-ae25-f8b8c2de319b@group-09A8159B88D0-FOLLOWER: accept ELECTION from d9016e39-0130-4fd9-896a-cac3c2785d02: our priority 0 <= candidate's priority 1
2023-11-06 09:27:27,201 [grpc-default-executor-5] INFO  server.RaftServer$Division (RaftServerImpl.java:setRole(329)) - 0e92623e-4dcf-4eff-ae25-f8b8c2de319b@group-09A8159B88D0: changes role from  FOLLOWER to FOLLOWER at term 1 for candidate:d9016e39-0130-4fd9-896a-cac3c2785d02
2023-11-06 09:27:27,201 [grpc-default-executor-5] INFO  impl.RoleInfo (RoleInfo.java:shutdownFollowerState(110)) - 0e92623e-4dcf-4eff-ae25-f8b8c2de319b: shutdown 0e92623e-4dcf-4eff-ae25-f8b8c2de319b@group-09A8159B88D0-FollowerState
2023-11-06 09:27:27,201 [grpc-default-executor-5] INFO  impl.RoleInfo (RoleInfo.java:updateAndGet(139)) - 0e92623e-4dcf-4eff-ae25-f8b8c2de319b: start 0e92623e-4dcf-4eff-ae25-f8b8c2de319b@group-09A8159B88D0-FollowerState
2023-11-06 09:27:27,201 [0e92623e-4dcf-4eff-ae25-f8b8c2de319b@group-09A8159B88D0-FollowerState] INFO  impl.FollowerState (FollowerState.java:run(152)) - 0e92623e-4dcf-4eff-ae25-f8b8c2de319b@group-09A8159B88D0-FollowerState was interrupted
2023-11-06 09:27:27,217 [grpc-default-executor-1] INFO  server.RaftServer$Division (RaftServerImpl.java:requestVote(1302)) - fedf11b8-0957-422e-880a-91cc26979c7a@group-09A8159B88D0: receive requestVote(PRE_VOTE, d9016e39-0130-4fd9-896a-cac3c2785d02, group-09A8159B88D0, 0, (t:0, i:0))
2023-11-06 09:27:27,217 [grpc-default-executor-1] INFO  impl.VoteContext (VoteContext.java:log(49)) - fedf11b8-0957-422e-880a-91cc26979c7a@group-09A8159B88D0-FOLLOWER: accept PRE_VOTE from d9016e39-0130-4fd9-896a-cac3c2785d02: our priority 0 <= candidate's priority 1
2023-11-06 09:27:27,217 [grpc-default-executor-1] INFO  server.RaftServer$Division (RaftServerImpl.java:requestVote(1335)) - fedf11b8-0957-422e-880a-91cc26979c7a@group-09A8159B88D0 replies to PRE_VOTE vote request: d9016e39-0130-4fd9-896a-cac3c2785d02<-fedf11b8-0957-422e-880a-91cc26979c7a#0:OK-t0. Peer's state: fedf11b8-0957-422e-880a-91cc26979c7a@group-09A8159B88D0:t0, leader=null, voted=, raftlog=Memoized:fedf11b8-0957-422e-880a-91cc26979c7a@group-09A8159B88D0-SegmentedRaftLog:OPENED:c-1, conf=-1: peers:[d9016e39-0130-4fd9-896a-cac3c2785d02|rpc:10.1.0.6:15032|admin:10.1.0.6:15031|client:10.1.0.6:15030|dataStream:10.1.0.6:15033|priority:1|startupRole:FOLLOWER, fedf11b8-0957-422e-880a-91cc26979c7a|rpc:10.1.0.6:15014|admin:10.1.0.6:15013|client:10.1.0.6:15012|dataStream:10.1.0.6:15015|priority:0|startupRole:FOLLOWER, 0e92623e-4dcf-4eff-ae25-f8b8c2de319b|rpc:10.1.0.6:15095|admin:10.1.0.6:15094|client:10.1.0.6:15093|dataStream:10.1.0.6:15096|priority:0|startupRole:FOLLOWER]|listeners:[], old=null
2023-11-06 09:27:27,218 [grpc-default-executor-0] INFO  server.RaftServer$Division (RaftServerImpl.java:requestVote(1302)) - fedf11b8-0957-422e-880a-91cc26979c7a@group-09A8159B88D0: receive requestVote(ELECTION, d9016e39-0130-4fd9-896a-cac3c2785d02, group-09A8159B88D0, 1, (t:0, i:0))
2023-11-06 09:27:27,219 [grpc-default-executor-0] INFO  impl.VoteContext (VoteContext.java:log(49)) - fedf11b8-0957-422e-880a-91cc26979c7a@group-09A8159B88D0-FOLLOWER: accept ELECTION from d9016e39-0130-4fd9-896a-cac3c2785d02: our priority 0 <= candidate's priority 1
2023-11-06 09:27:27,219 [grpc-default-executor-0] INFO  server.RaftServer$Division (RaftServerImpl.java:setRole(329)) - fedf11b8-0957-422e-880a-91cc26979c7a@group-09A8159B88D0: changes role from  FOLLOWER to FOLLOWER at term 1 for candidate:d9016e39-0130-4fd9-896a-cac3c2785d02
2023-11-06 09:27:27,219 [grpc-default-executor-0] INFO  impl.RoleInfo (RoleInfo.java:shutdownFollowerState(110)) - fedf11b8-0957-422e-880a-91cc26979c7a: shutdown fedf11b8-0957-422e-880a-91cc26979c7a@group-09A8159B88D0-FollowerState
2023-11-06 09:27:27,227 [grpc-default-executor-0] INFO  impl.RoleInfo (RoleInfo.java:updateAndGet(139)) - fedf11b8-0957-422e-880a-91cc26979c7a: start fedf11b8-0957-422e-880a-91cc26979c7a@group-09A8159B88D0-FollowerState
2023-11-06 09:27:27,227 [fedf11b8-0957-422e-880a-91cc26979c7a@group-09A8159B88D0-FollowerState] INFO  impl.FollowerState (FollowerState.java:run(152)) - fedf11b8-0957-422e-880a-91cc26979c7a@group-09A8159B88D0-FollowerState was interrupted
2023-11-06 09:27:27,228 [grpc-default-executor-5] INFO  server.RaftServer$Division (RaftServerImpl.java:requestVote(1335)) - 0e92623e-4dcf-4eff-ae25-f8b8c2de319b@group-09A8159B88D0 replies to ELECTION vote request: d9016e39-0130-4fd9-896a-cac3c2785d02<-0e92623e-4dcf-4eff-ae25-f8b8c2de319b#0:OK-t1. Peer's state: 0e92623e-4dcf-4eff-ae25-f8b8c2de319b@group-09A8159B88D0:t1, leader=null, voted=d9016e39-0130-4fd9-896a-cac3c2785d02, raftlog=Memoized:0e92623e-4dcf-4eff-ae25-f8b8c2de319b@group-09A8159B88D0-SegmentedRaftLog:OPENED:c-1, conf=-1: peers:[d9016e39-0130-4fd9-896a-cac3c2785d02|rpc:10.1.0.6:15032|admin:10.1.0.6:15031|client:10.1.0.6:15030|dataStream:10.1.0.6:15033|priority:1|startupRole:FOLLOWER, fedf11b8-0957-422e-880a-91cc26979c7a|rpc:10.1.0.6:15014|admin:10.1.0.6:15013|client:10.1.0.6:15012|dataStream:10.1.0.6:15015|priority:0|startupRole:FOLLOWER, 0e92623e-4dcf-4eff-ae25-f8b8c2de319b|rpc:10.1.0.6:15095|admin:10.1.0.6:15094|client:10.1.0.6:15093|dataStream:10.1.0.6:15096|priority:0|startupRole:FOLLOWER]|listeners:[], old=null
2023-11-06 09:27:27,249 [grpc-default-executor-0] INFO  server.RaftServer$Division (RaftServerImpl.java:requestVote(1335)) - fedf11b8-0957-422e-880a-91cc26979c7a@group-09A8159B88D0 replies to ELECTION vote request: d9016e39-0130-4fd9-896a-cac3c2785d02<-fedf11b8-0957-422e-880a-91cc26979c7a#0:OK-t1. Peer's state: fedf11b8-0957-422e-880a-91cc26979c7a@group-09A8159B88D0:t1, leader=null, voted=d9016e39-0130-4fd9-896a-cac3c2785d02, raftlog=Memoized:fedf11b8-0957-422e-880a-91cc26979c7a@group-09A8159B88D0-SegmentedRaftLog:OPENED:c-1, conf=-1: peers:[d9016e39-0130-4fd9-896a-cac3c2785d02|rpc:10.1.0.6:15032|admin:10.1.0.6:15031|client:10.1.0.6:15030|dataStream:10.1.0.6:15033|priority:1|startupRole:FOLLOWER, fedf11b8-0957-422e-880a-91cc26979c7a|rpc:10.1.0.6:15014|admin:10.1.0.6:15013|client:10.1.0.6:15012|dataStream:10.1.0.6:15015|priority:0|startupRole:FOLLOWER, 0e92623e-4dcf-4eff-ae25-f8b8c2de319b|rpc:10.1.0.6:15095|admin:10.1.0.6:15094|client:10.1.0.6:15093|dataStream:10.1.0.6:15096|priority:0|startupRole:FOLLOWER]|listeners:[], old=null
2023-11-06 09:27:27,249 [d9016e39-0130-4fd9-896a-cac3c2785d02@group-09A8159B88D0-LeaderElection26] INFO  impl.LeaderElection (LeaderElection.java:logAndReturn(90)) - d9016e39-0130-4fd9-896a-cac3c2785d02@group-09A8159B88D0-LeaderElection26: ELECTION PASSED received 1 response(s) and 0 exception(s):
2023-11-06 09:27:27,250 [d9016e39-0130-4fd9-896a-cac3c2785d02@group-09A8159B88D0-LeaderElection26] INFO  impl.LeaderElection (LeaderElection.java:logAndReturn(94)) -   Response 0: d9016e39-0130-4fd9-896a-cac3c2785d02<-0e92623e-4dcf-4eff-ae25-f8b8c2de319b#0:OK-t1
2023-11-06 09:27:27,250 [d9016e39-0130-4fd9-896a-cac3c2785d02@group-09A8159B88D0-LeaderElection26] INFO  impl.LeaderElection (LeaderElection.java:askForVotes(323)) - d9016e39-0130-4fd9-896a-cac3c2785d02@group-09A8159B88D0-LeaderElection26 ELECTION round 0: result PASSED
2023-11-06 09:27:27,250 [d9016e39-0130-4fd9-896a-cac3c2785d02@group-09A8159B88D0-LeaderElection26] INFO  impl.RoleInfo (RoleInfo.java:shutdownLeaderElection(130)) - d9016e39-0130-4fd9-896a-cac3c2785d02: shutdown d9016e39-0130-4fd9-896a-cac3c2785d02@group-09A8159B88D0-LeaderElection26
2023-11-06 09:27:27,250 [d9016e39-0130-4fd9-896a-cac3c2785d02@group-09A8159B88D0-LeaderElection26] INFO  server.RaftServer$Division (RaftServerImpl.java:setRole(329)) - d9016e39-0130-4fd9-896a-cac3c2785d02@group-09A8159B88D0: changes role from CANDIDATE to LEADER at term 1 for changeToLeader
2023-11-06 09:27:27,250 [d9016e39-0130-4fd9-896a-cac3c2785d02@group-09A8159B88D0-LeaderElection26] INFO  ratis.XceiverServerRatis (XceiverServerRatis.java:handleLeaderChangedNotification(903)) - Leader change notification received for group: group-09A8159B88D0 with new leaderId: d9016e39-0130-4fd9-896a-cac3c2785d02
2023-11-06 09:27:27,250 [d9016e39-0130-4fd9-896a-cac3c2785d02@group-09A8159B88D0-LeaderElection26] INFO  server.RaftServer$Division (ServerState.java:setLeader(317)) - d9016e39-0130-4fd9-896a-cac3c2785d02@group-09A8159B88D0: change Leader from null to d9016e39-0130-4fd9-896a-cac3c2785d02 at term 1 for becomeLeader, leader elected after 5222ms
2023-11-06 09:27:27,250 [d9016e39-0130-4fd9-896a-cac3c2785d02@group-09A8159B88D0-LeaderElection26] INFO  server.RaftServerConfigKeys (ConfUtils.java:logGet(46)) - raft.server.staging.catchup.gap = 1000 (default)
2023-11-06 09:27:27,250 [d9016e39-0130-4fd9-896a-cac3c2785d02@group-09A8159B88D0-LeaderElection26] INFO  server.RaftServerConfigKeys (ConfUtils.java:logGet(46)) - raft.server.write.element-limit = 1024 (custom)
2023-11-06 09:27:27,250 [d9016e39-0130-4fd9-896a-cac3c2785d02@group-09A8159B88D0-LeaderElection26] INFO  server.RaftServerConfigKeys (ConfUtils.java:logGet(46)) - raft.server.write.byte-limit = 1024 M (=1073741824) (custom)
2023-11-06 09:27:27,251 [d9016e39-0130-4fd9-896a-cac3c2785d02@group-09A8159B88D0-LeaderElection26] INFO  server.RaftServerConfigKeys (ConfUtils.java:logGet(46)) - raft.server.watch.timeout = 180s (custom)
2023-11-06 09:27:27,251 [d9016e39-0130-4fd9-896a-cac3c2785d02@group-09A8159B88D0-LeaderElection26] INFO  server.RaftServerConfigKeys (ConfUtils.java:logGet(46)) - raft.server.watch.timeout.denomination = 1s (default)
2023-11-06 09:27:27,251 [d9016e39-0130-4fd9-896a-cac3c2785d02@group-09A8159B88D0-LeaderElection26] INFO  server.RaftServerConfigKeys (ConfUtils.java:logGet(46)) - raft.server.watch.element-limit = 65536 (default)
2023-11-06 09:27:27,251 [d9016e39-0130-4fd9-896a-cac3c2785d02@group-09A8159B88D0-LeaderElection26] INFO  server.RaftServerConfigKeys (ConfUtils.java:logGet(46)) - raft.server.write.element-limit = 1024 (custom)
2023-11-06 09:27:27,251 [d9016e39-0130-4fd9-896a-cac3c2785d02@group-09A8159B88D0-LeaderElection26] INFO  server.RaftServerConfigKeys (ConfUtils.java:logGet(46)) - raft.server.write.follower.gap.ratio.max = -1.0 (default)
2023-11-06 09:27:27,251 [d9016e39-0130-4fd9-896a-cac3c2785d02@group-09A8159B88D0-LeaderElection26] INFO  server.RaftServerConfigKeys (ConfUtils.java:logGet(46)) - raft.server.log.appender.snapshot.chunk.size.max = 16MB (=16777216) (default)
2023-11-06 09:27:27,251 [d9016e39-0130-4fd9-896a-cac3c2785d02@group-09A8159B88D0-LeaderElection26] INFO  server.RaftServerConfigKeys (ConfUtils.java:logGet(46)) - raft.server.log.appender.buffer.byte-limit = 33554432 (custom)
2023-11-06 09:27:27,251 [d9016e39-0130-4fd9-896a-cac3c2785d02@group-09A8159B88D0-LeaderElection26] INFO  server.RaftServerConfigKeys (ConfUtils.java:logGet(46)) - raft.server.log.appender.buffer.element-limit = 1 (custom)
2023-11-06 09:27:27,251 [d9016e39-0130-4fd9-896a-cac3c2785d02@group-09A8159B88D0-LeaderElection26] INFO  server.RaftServerConfigKeys (ConfUtils.java:logGet(46)) - raft.server.log.appender.wait-time.min = 1ms (custom)
2023-11-06 09:27:27,251 [d9016e39-0130-4fd9-896a-cac3c2785d02@group-09A8159B88D0-LeaderElection26] INFO  grpc.GrpcConfigKeys (ConfUtils.java:logGet(46)) - raft.grpc.server.leader.outstanding.appends.max = 128 (default)
2023-11-06 09:27:27,252 [d9016e39-0130-4fd9-896a-cac3c2785d02@group-09A8159B88D0-LeaderElection26] INFO  server.RaftServerConfigKeys (ConfUtils.java:logGet(46)) - raft.server.rpc.request.timeout = 60s (custom)
2023-11-06 09:27:27,252 [d9016e39-0130-4fd9-896a-cac3c2785d02@group-09A8159B88D0-LeaderElection26] INFO  grpc.GrpcConfigKeys (ConfUtils.java:logGet(46)) - raft.grpc.server.install_snapshot.request.element-limit = 8 (default)
2023-11-06 09:27:27,252 [d9016e39-0130-4fd9-896a-cac3c2785d02@group-09A8159B88D0-LeaderElection26] INFO  grpc.GrpcConfigKeys (ConfUtils.java:logGet(46)) - raft.grpc.server.install_snapshot.request.timeout = 3000ms (default)
2023-11-06 09:27:27,252 [d9016e39-0130-4fd9-896a-cac3c2785d02@group-09A8159B88D0-LeaderElection26] INFO  server.RaftServerConfigKeys (ConfUtils.java:logGet(46)) - raft.server.log.appender.install.snapshot.enabled = false (custom)
2023-11-06 09:27:27,252 [d9016e39-0130-4fd9-896a-cac3c2785d02@group-09A8159B88D0-LeaderElection26] INFO  grpc.GrpcConfigKeys (ConfUtils.java:logGet(46)) - raft.grpc.server.heartbeat.channel = true (default)
2023-11-06 09:27:27,252 [d9016e39-0130-4fd9-896a-cac3c2785d02@group-09A8159B88D0-LeaderElection26] INFO  server.RaftServerConfigKeys (ConfUtils.java:logGet(46)) - raft.server.log.appender.snapshot.chunk.size.max = 16MB (=16777216) (default)
2023-11-06 09:27:27,252 [d9016e39-0130-4fd9-896a-cac3c2785d02@group-09A8159B88D0-LeaderElection26] INFO  server.RaftServerConfigKeys (ConfUtils.java:logGet(46)) - raft.server.log.appender.buffer.byte-limit = 33554432 (custom)
2023-11-06 09:27:27,252 [d9016e39-0130-4fd9-896a-cac3c2785d02@group-09A8159B88D0-LeaderElection26] INFO  server.RaftServerConfigKeys (ConfUtils.java:logGet(46)) - raft.server.log.appender.buffer.element-limit = 1 (custom)
2023-11-06 09:27:27,253 [d9016e39-0130-4fd9-896a-cac3c2785d02@group-09A8159B88D0-LeaderElection26] INFO  server.RaftServerConfigKeys (ConfUtils.java:logGet(46)) - raft.server.log.appender.wait-time.min = 1ms (custom)
2023-11-06 09:27:27,253 [d9016e39-0130-4fd9-896a-cac3c2785d02@group-09A8159B88D0-LeaderElection26] INFO  grpc.GrpcConfigKeys (ConfUtils.java:logGet(46)) - raft.grpc.server.leader.outstanding.appends.max = 128 (default)
2023-11-06 09:27:27,253 [d9016e39-0130-4fd9-896a-cac3c2785d02@group-09A8159B88D0-LeaderElection26] INFO  server.RaftServerConfigKeys (ConfUtils.java:logGet(46)) - raft.server.rpc.request.timeout = 60s (custom)
2023-11-06 09:27:27,254 [EventQueue-PipelineReportForPipelineReportHandler] INFO  pipeline.PipelineReportHandler (PipelineReportHandler.java:processPipelineReport(136)) - Opened pipeline PipelineID=7b0a982b-f016-45dd-88ed-09a8159b88d0
2023-11-06 09:27:27,254 [d9016e39-0130-4fd9-896a-cac3c2785d02@group-09A8159B88D0-LeaderElection26] INFO  grpc.GrpcConfigKeys (ConfUtils.java:logGet(46)) - raft.grpc.server.install_snapshot.request.element-limit = 8 (default)
2023-11-06 09:27:27,254 [d9016e39-0130-4fd9-896a-cac3c2785d02@group-09A8159B88D0-LeaderElection26] INFO  grpc.GrpcConfigKeys (ConfUtils.java:logGet(46)) - raft.grpc.server.install_snapshot.request.timeout = 3000ms (default)
2023-11-06 09:27:27,254 [d9016e39-0130-4fd9-896a-cac3c2785d02@group-09A8159B88D0-LeaderElection26] INFO  server.RaftServerConfigKeys (ConfUtils.java:logGet(46)) - raft.server.log.appender.install.snapshot.enabled = false (custom)
2023-11-06 09:27:27,254 [d9016e39-0130-4fd9-896a-cac3c2785d02@group-09A8159B88D0-LeaderElection26] INFO  grpc.GrpcConfigKeys (ConfUtils.java:logGet(46)) - raft.grpc.server.heartbeat.channel = true (default)
2023-11-06 09:27:27,255 [d9016e39-0130-4fd9-896a-cac3c2785d02@group-09A8159B88D0-LeaderElection26] INFO  impl.RoleInfo (RoleInfo.java:updateAndGet(139)) - d9016e39-0130-4fd9-896a-cac3c2785d02: start d9016e39-0130-4fd9-896a-cac3c2785d02@group-09A8159B88D0-LeaderStateImpl
2023-11-06 09:27:27,255 [d9016e39-0130-4fd9-896a-cac3c2785d02@group-09A8159B88D0-LeaderElection26] INFO  segmented.SegmentedRaftLogWorker (SegmentedRaftLogWorker.java:startLogSegment(447)) - d9016e39-0130-4fd9-896a-cac3c2785d02@group-09A8159B88D0-SegmentedRaftLogWorker: Starting segment from index:0
2023-11-06 09:27:27,256 [d9016e39-0130-4fd9-896a-cac3c2785d02@group-09A8159B88D0-SegmentedRaftLogWorker] INFO  segmented.SegmentedRaftLogWorker (SegmentedRaftLogWorker.java:execute(651)) - d9016e39-0130-4fd9-896a-cac3c2785d02@group-09A8159B88D0-SegmentedRaftLogWorker: created new log segment /home/runner/work/ozone/ozone/hadoop-ozone/integration-test/target/test-dir/MiniOzoneClusterImpl-938474ea-96d6-4bd3-a45f-678920fb0bb2/datanode-2/data/ratis/7b0a982b-f016-45dd-88ed-09a8159b88d0/current/log_inprogress_0
2023-11-06 09:27:27,270 [d9016e39-0130-4fd9-896a-cac3c2785d02@group-09A8159B88D0-LeaderElection26] INFO  server.RaftServer$Division (ServerState.java:setRaftConf(434)) - d9016e39-0130-4fd9-896a-cac3c2785d02@group-09A8159B88D0: set configuration 0: peers:[d9016e39-0130-4fd9-896a-cac3c2785d02|rpc:10.1.0.6:15032|admin:10.1.0.6:15031|client:10.1.0.6:15030|dataStream:10.1.0.6:15033|priority:1|startupRole:FOLLOWER, fedf11b8-0957-422e-880a-91cc26979c7a|rpc:10.1.0.6:15014|admin:10.1.0.6:15013|client:10.1.0.6:15012|dataStream:10.1.0.6:15015|priority:0|startupRole:FOLLOWER, 0e92623e-4dcf-4eff-ae25-f8b8c2de319b|rpc:10.1.0.6:15095|admin:10.1.0.6:15094|client:10.1.0.6:15093|dataStream:10.1.0.6:15096|priority:0|startupRole:FOLLOWER]|listeners:[], old=null
2023-11-06 09:27:27,279 [fedf11b8-0957-422e-880a-91cc26979c7a-server-thread1] INFO  ratis.XceiverServerRatis (XceiverServerRatis.java:handleLeaderChangedNotification(903)) - Leader change notification received for group: group-09A8159B88D0 with new leaderId: d9016e39-0130-4fd9-896a-cac3c2785d02
2023-11-06 09:27:27,279 [fedf11b8-0957-422e-880a-91cc26979c7a-server-thread1] INFO  server.RaftServer$Division (ServerState.java:setLeader(317)) - fedf11b8-0957-422e-880a-91cc26979c7a@group-09A8159B88D0: change Leader from null to d9016e39-0130-4fd9-896a-cac3c2785d02 at term 1 for appendEntries, leader elected after 5300ms
2023-11-06 09:27:27,281 [0e92623e-4dcf-4eff-ae25-f8b8c2de319b-server-thread1] INFO  ratis.XceiverServerRatis (XceiverServerRatis.java:handleLeaderChangedNotification(903)) - Leader change notification received for group: group-09A8159B88D0 with new leaderId: d9016e39-0130-4fd9-896a-cac3c2785d02
2023-11-06 09:27:27,281 [0e92623e-4dcf-4eff-ae25-f8b8c2de319b-server-thread1] INFO  server.RaftServer$Division (ServerState.java:setLeader(317)) - 0e92623e-4dcf-4eff-ae25-f8b8c2de319b@group-09A8159B88D0: change Leader from null to d9016e39-0130-4fd9-896a-cac3c2785d02 at term 1 for appendEntries, leader elected after 5424ms
2023-11-06 09:27:27,285 [0e92623e-4dcf-4eff-ae25-f8b8c2de319b-server-thread1] INFO  server.RaftServer$Division (ServerState.java:setRaftConf(434)) - 0e92623e-4dcf-4eff-ae25-f8b8c2de319b@group-09A8159B88D0: set configuration 0: peers:[d9016e39-0130-4fd9-896a-cac3c2785d02|rpc:10.1.0.6:15032|admin:10.1.0.6:15031|client:10.1.0.6:15030|dataStream:10.1.0.6:15033|priority:1|startupRole:FOLLOWER, fedf11b8-0957-422e-880a-91cc26979c7a|rpc:10.1.0.6:15014|admin:10.1.0.6:15013|client:10.1.0.6:15012|dataStream:10.1.0.6:15015|priority:0|startupRole:FOLLOWER, 0e92623e-4dcf-4eff-ae25-f8b8c2de319b|rpc:10.1.0.6:15095|admin:10.1.0.6:15094|client:10.1.0.6:15093|dataStream:10.1.0.6:15096|priority:0|startupRole:FOLLOWER]|listeners:[], old=null
2023-11-06 09:27:27,285 [0e92623e-4dcf-4eff-ae25-f8b8c2de319b-server-thread1] INFO  segmented.SegmentedRaftLogWorker (SegmentedRaftLogWorker.java:startLogSegment(447)) - 0e92623e-4dcf-4eff-ae25-f8b8c2de319b@group-09A8159B88D0-SegmentedRaftLogWorker: Starting segment from index:0
2023-11-06 09:27:27,289 [fedf11b8-0957-422e-880a-91cc26979c7a-server-thread3] INFO  server.RaftServer$Division (ServerState.java:setRaftConf(434)) - fedf11b8-0957-422e-880a-91cc26979c7a@group-09A8159B88D0: set configuration 0: peers:[d9016e39-0130-4fd9-896a-cac3c2785d02|rpc:10.1.0.6:15032|admin:10.1.0.6:15031|client:10.1.0.6:15030|dataStream:10.1.0.6:15033|priority:1|startupRole:FOLLOWER, fedf11b8-0957-422e-880a-91cc26979c7a|rpc:10.1.0.6:15014|admin:10.1.0.6:15013|client:10.1.0.6:15012|dataStream:10.1.0.6:15015|priority:0|startupRole:FOLLOWER, 0e92623e-4dcf-4eff-ae25-f8b8c2de319b|rpc:10.1.0.6:15095|admin:10.1.0.6:15094|client:10.1.0.6:15093|dataStream:10.1.0.6:15096|priority:0|startupRole:FOLLOWER]|listeners:[], old=null
2023-11-06 09:27:27,290 [fedf11b8-0957-422e-880a-91cc26979c7a-server-thread3] INFO  segmented.SegmentedRaftLogWorker (SegmentedRaftLogWorker.java:startLogSegment(447)) - fedf11b8-0957-422e-880a-91cc26979c7a@group-09A8159B88D0-SegmentedRaftLogWorker: Starting segment from index:0
2023-11-06 09:27:27,291 [0e92623e-4dcf-4eff-ae25-f8b8c2de319b@group-09A8159B88D0-SegmentedRaftLogWorker] INFO  segmented.SegmentedRaftLogWorker (SegmentedRaftLogWorker.java:execute(651)) - 0e92623e-4dcf-4eff-ae25-f8b8c2de319b@group-09A8159B88D0-SegmentedRaftLogWorker: created new log segment /home/runner/work/ozone/ozone/hadoop-ozone/integration-test/target/test-dir/MiniOzoneClusterImpl-938474ea-96d6-4bd3-a45f-678920fb0bb2/datanode-9/data/ratis/7b0a982b-f016-45dd-88ed-09a8159b88d0/current/log_inprogress_0
2023-11-06 09:27:27,292 [fedf11b8-0957-422e-880a-91cc26979c7a@group-09A8159B88D0-SegmentedRaftLogWorker] INFO  segmented.SegmentedRaftLogWorker (SegmentedRaftLogWorker.java:execute(651)) - fedf11b8-0957-422e-880a-91cc26979c7a@group-09A8159B88D0-SegmentedRaftLogWorker: created new log segment /home/runner/work/ozone/ozone/hadoop-ozone/integration-test/target/test-dir/MiniOzoneClusterImpl-938474ea-96d6-4bd3-a45f-678920fb0bb2/datanode-0/data/ratis/7b0a982b-f016-45dd-88ed-09a8159b88d0/current/log_inprogress_0
2023-11-06 09:27:27,434 [0eeb79a9-13fd-416c-b2a7-6f654c6b5029@group-52AF94BE594D-FollowerState] INFO  impl.FollowerState (FollowerState.java:run(143)) - 0eeb79a9-13fd-416c-b2a7-6f654c6b5029@group-52AF94BE594D-FollowerState: change to CANDIDATE, lastRpcElapsedTime:5004922644ns, electionTimeout:5004ms
2023-11-06 09:27:27,434 [0eeb79a9-13fd-416c-b2a7-6f654c6b5029@group-52AF94BE594D-FollowerState] INFO  impl.RoleInfo (RoleInfo.java:shutdownFollowerState(110)) - 0eeb79a9-13fd-416c-b2a7-6f654c6b5029: shutdown 0eeb79a9-13fd-416c-b2a7-6f654c6b5029@group-52AF94BE594D-FollowerState
2023-11-06 09:27:27,434 [0eeb79a9-13fd-416c-b2a7-6f654c6b5029@group-52AF94BE594D-FollowerState] INFO  server.RaftServer$Division (RaftServerImpl.java:setRole(329)) - 0eeb79a9-13fd-416c-b2a7-6f654c6b5029@group-52AF94BE594D: changes role from  FOLLOWER to CANDIDATE at term 0 for changeToCandidate
2023-11-06 09:27:27,434 [0eeb79a9-13fd-416c-b2a7-6f654c6b5029@group-52AF94BE594D-FollowerState] INFO  server.RaftServerConfigKeys (ConfUtils.java:logGet(46)) - raft.server.leaderelection.pre-vote = true (default)
2023-11-06 09:27:27,435 [0eeb79a9-13fd-416c-b2a7-6f654c6b5029@group-52AF94BE594D-FollowerState] INFO  impl.RoleInfo (RoleInfo.java:updateAndGet(139)) - 0eeb79a9-13fd-416c-b2a7-6f654c6b5029: start 0eeb79a9-13fd-416c-b2a7-6f654c6b5029@group-52AF94BE594D-LeaderElection27
2023-11-06 09:27:27,439 [0eeb79a9-13fd-416c-b2a7-6f654c6b5029@group-52AF94BE594D-LeaderElection27] INFO  impl.LeaderElection (LeaderElection.java:askForVotes(321)) - 0eeb79a9-13fd-416c-b2a7-6f654c6b5029@group-52AF94BE594D-LeaderElection27 PRE_VOTE round 0: submit vote requests at term 0 for -1: peers:[d9016e39-0130-4fd9-896a-cac3c2785d02|rpc:10.1.0.6:15032|admin:10.1.0.6:15031|client:10.1.0.6:15030|dataStream:10.1.0.6:15033|priority:0|startupRole:FOLLOWER, fedf11b8-0957-422e-880a-91cc26979c7a|rpc:10.1.0.6:15014|admin:10.1.0.6:15013|client:10.1.0.6:15012|dataStream:10.1.0.6:15015|priority:0|startupRole:FOLLOWER, 0eeb79a9-13fd-416c-b2a7-6f654c6b5029|rpc:10.1.0.6:15023|admin:10.1.0.6:15022|client:10.1.0.6:15021|dataStream:10.1.0.6:15024|priority:1|startupRole:FOLLOWER]|listeners:[], old=null
2023-11-06 09:27:27,440 [0eeb79a9-13fd-416c-b2a7-6f654c6b5029@group-52AF94BE594D-LeaderElection27] INFO  server.RaftServerConfigKeys (ConfUtils.java:logFallback(53)) - raft.server.rpc.first-election.timeout.min = 5s (fallback to raft.server.rpc.timeout.min)
2023-11-06 09:27:27,441 [0eeb79a9-13fd-416c-b2a7-6f654c6b5029@group-52AF94BE594D-LeaderElection27] INFO  server.RaftServerConfigKeys (ConfUtils.java:logFallback(53)) - raft.server.rpc.first-election.timeout.max = 5200ms (fallback to raft.server.rpc.timeout.max)
2023-11-06 09:27:27,441 [grpc-default-executor-0] INFO  server.RaftServer$Division (RaftServerImpl.java:requestVote(1302)) - d9016e39-0130-4fd9-896a-cac3c2785d02@group-52AF94BE594D: receive requestVote(PRE_VOTE, 0eeb79a9-13fd-416c-b2a7-6f654c6b5029, group-52AF94BE594D, 0, (t:0, i:0))
2023-11-06 09:27:27,442 [grpc-default-executor-0] INFO  impl.VoteContext (VoteContext.java:log(49)) - d9016e39-0130-4fd9-896a-cac3c2785d02@group-52AF94BE594D-FOLLOWER: accept PRE_VOTE from 0eeb79a9-13fd-416c-b2a7-6f654c6b5029: our priority 0 <= candidate's priority 1
2023-11-06 09:27:27,442 [grpc-default-executor-5] INFO  server.RaftServer$Division (RaftServerImpl.java:requestVote(1302)) - fedf11b8-0957-422e-880a-91cc26979c7a@group-52AF94BE594D: receive requestVote(PRE_VOTE, 0eeb79a9-13fd-416c-b2a7-6f654c6b5029, group-52AF94BE594D, 0, (t:0, i:0))
2023-11-06 09:27:27,442 [grpc-default-executor-5] INFO  impl.VoteContext (VoteContext.java:log(49)) - fedf11b8-0957-422e-880a-91cc26979c7a@group-52AF94BE594D-FOLLOWER: accept PRE_VOTE from 0eeb79a9-13fd-416c-b2a7-6f654c6b5029: our priority 0 <= candidate's priority 1
2023-11-06 09:27:27,442 [grpc-default-executor-5] INFO  server.RaftServer$Division (RaftServerImpl.java:requestVote(1335)) - fedf11b8-0957-422e-880a-91cc26979c7a@group-52AF94BE594D replies to PRE_VOTE vote request: 0eeb79a9-13fd-416c-b2a7-6f654c6b5029<-fedf11b8-0957-422e-880a-91cc26979c7a#0:OK-t0. Peer's state: fedf11b8-0957-422e-880a-91cc26979c7a@group-52AF94BE594D:t0, leader=null, voted=, raftlog=Memoized:fedf11b8-0957-422e-880a-91cc26979c7a@group-52AF94BE594D-SegmentedRaftLog:OPENED:c-1, conf=-1: peers:[d9016e39-0130-4fd9-896a-cac3c2785d02|rpc:10.1.0.6:15032|admin:10.1.0.6:15031|client:10.1.0.6:15030|dataStream:10.1.0.6:15033|priority:0|startupRole:FOLLOWER, fedf11b8-0957-422e-880a-91cc26979c7a|rpc:10.1.0.6:15014|admin:10.1.0.6:15013|client:10.1.0.6:15012|dataStream:10.1.0.6:15015|priority:0|startupRole:FOLLOWER, 0eeb79a9-13fd-416c-b2a7-6f654c6b5029|rpc:10.1.0.6:15023|admin:10.1.0.6:15022|client:10.1.0.6:15021|dataStream:10.1.0.6:15024|priority:1|startupRole:FOLLOWER]|listeners:[], old=null
2023-11-06 09:27:27,442 [grpc-default-executor-0] INFO  server.RaftServer$Division (RaftServerImpl.java:requestVote(1335)) - d9016e39-0130-4fd9-896a-cac3c2785d02@group-52AF94BE594D replies to PRE_VOTE vote request: 0eeb79a9-13fd-416c-b2a7-6f654c6b5029<-d9016e39-0130-4fd9-896a-cac3c2785d02#0:OK-t0. Peer's state: d9016e39-0130-4fd9-896a-cac3c2785d02@group-52AF94BE594D:t0, leader=null, voted=, raftlog=Memoized:d9016e39-0130-4fd9-896a-cac3c2785d02@group-52AF94BE594D-SegmentedRaftLog:OPENED:c-1, conf=-1: peers:[d9016e39-0130-4fd9-896a-cac3c2785d02|rpc:10.1.0.6:15032|admin:10.1.0.6:15031|client:10.1.0.6:15030|dataStream:10.1.0.6:15033|priority:0|startupRole:FOLLOWER, fedf11b8-0957-422e-880a-91cc26979c7a|rpc:10.1.0.6:15014|admin:10.1.0.6:15013|client:10.1.0.6:15012|dataStream:10.1.0.6:15015|priority:0|startupRole:FOLLOWER, 0eeb79a9-13fd-416c-b2a7-6f654c6b5029|rpc:10.1.0.6:15023|admin:10.1.0.6:15022|client:10.1.0.6:15021|dataStream:10.1.0.6:15024|priority:1|startupRole:FOLLOWER]|listeners:[], old=null
2023-11-06 09:27:27,443 [0eeb79a9-13fd-416c-b2a7-6f654c6b5029@group-52AF94BE594D-LeaderElection27] INFO  impl.LeaderElection (LeaderElection.java:logAndReturn(90)) - 0eeb79a9-13fd-416c-b2a7-6f654c6b5029@group-52AF94BE594D-LeaderElection27: PRE_VOTE PASSED received 1 response(s) and 0 exception(s):
2023-11-06 09:27:27,443 [0eeb79a9-13fd-416c-b2a7-6f654c6b5029@group-52AF94BE594D-LeaderElection27] INFO  impl.LeaderElection (LeaderElection.java:logAndReturn(94)) -   Response 0: 0eeb79a9-13fd-416c-b2a7-6f654c6b5029<-fedf11b8-0957-422e-880a-91cc26979c7a#0:OK-t0
2023-11-06 09:27:27,443 [0eeb79a9-13fd-416c-b2a7-6f654c6b5029@group-52AF94BE594D-LeaderElection27] INFO  impl.LeaderElection (LeaderElection.java:askForVotes(323)) - 0eeb79a9-13fd-416c-b2a7-6f654c6b5029@group-52AF94BE594D-LeaderElection27 PRE_VOTE round 0: result PASSED
2023-11-06 09:27:27,446 [0eeb79a9-13fd-416c-b2a7-6f654c6b5029@group-52AF94BE594D-LeaderElection27] INFO  impl.LeaderElection (LeaderElection.java:askForVotes(321)) - 0eeb79a9-13fd-416c-b2a7-6f654c6b5029@group-52AF94BE594D-LeaderElection27 ELECTION round 0: submit vote requests at term 1 for -1: peers:[d9016e39-0130-4fd9-896a-cac3c2785d02|rpc:10.1.0.6:15032|admin:10.1.0.6:15031|client:10.1.0.6:15030|dataStream:10.1.0.6:15033|priority:0|startupRole:FOLLOWER, fedf11b8-0957-422e-880a-91cc26979c7a|rpc:10.1.0.6:15014|admin:10.1.0.6:15013|client:10.1.0.6:15012|dataStream:10.1.0.6:15015|priority:0|startupRole:FOLLOWER, 0eeb79a9-13fd-416c-b2a7-6f654c6b5029|rpc:10.1.0.6:15023|admin:10.1.0.6:15022|client:10.1.0.6:15021|dataStream:10.1.0.6:15024|priority:1|startupRole:FOLLOWER]|listeners:[], old=null
2023-11-06 09:27:27,446 [0eeb79a9-13fd-416c-b2a7-6f654c6b5029@group-52AF94BE594D-LeaderElection27] INFO  server.RaftServerConfigKeys (ConfUtils.java:logFallback(53)) - raft.server.rpc.first-election.timeout.min = 5s (fallback to raft.server.rpc.timeout.min)
2023-11-06 09:27:27,446 [0eeb79a9-13fd-416c-b2a7-6f654c6b5029@group-52AF94BE594D-LeaderElection27] INFO  server.RaftServerConfigKeys (ConfUtils.java:logFallback(53)) - raft.server.rpc.first-election.timeout.max = 5200ms (fallback to raft.server.rpc.timeout.max)
2023-11-06 09:27:27,447 [grpc-default-executor-0] INFO  server.RaftServer$Division (RaftServerImpl.java:requestVote(1302)) - d9016e39-0130-4fd9-896a-cac3c2785d02@group-52AF94BE594D: receive requestVote(ELECTION, 0eeb79a9-13fd-416c-b2a7-6f654c6b5029, group-52AF94BE594D, 1, (t:0, i:0))
2023-11-06 09:27:27,447 [grpc-default-executor-0] INFO  impl.VoteContext (VoteContext.java:log(49)) - d9016e39-0130-4fd9-896a-cac3c2785d02@group-52AF94BE594D-FOLLOWER: accept ELECTION from 0eeb79a9-13fd-416c-b2a7-6f654c6b5029: our priority 0 <= candidate's priority 1
2023-11-06 09:27:27,448 [grpc-default-executor-0] INFO  server.RaftServer$Division (RaftServerImpl.java:setRole(329)) - d9016e39-0130-4fd9-896a-cac3c2785d02@group-52AF94BE594D: changes role from  FOLLOWER to FOLLOWER at term 1 for candidate:0eeb79a9-13fd-416c-b2a7-6f654c6b5029
2023-11-06 09:27:27,448 [grpc-default-executor-0] INFO  impl.RoleInfo (RoleInfo.java:shutdownFollowerState(110)) - d9016e39-0130-4fd9-896a-cac3c2785d02: shutdown d9016e39-0130-4fd9-896a-cac3c2785d02@group-52AF94BE594D-FollowerState
2023-11-06 09:27:27,448 [grpc-default-executor-0] INFO  impl.RoleInfo (RoleInfo.java:updateAndGet(139)) - d9016e39-0130-4fd9-896a-cac3c2785d02: start d9016e39-0130-4fd9-896a-cac3c2785d02@group-52AF94BE594D-FollowerState
2023-11-06 09:27:27,448 [d9016e39-0130-4fd9-896a-cac3c2785d02@group-52AF94BE594D-FollowerState] INFO  impl.FollowerState (FollowerState.java:run(152)) - d9016e39-0130-4fd9-896a-cac3c2785d02@group-52AF94BE594D-FollowerState was interrupted
2023-11-06 09:27:27,449 [grpc-default-executor-5] INFO  server.RaftServer$Division (RaftServerImpl.java:requestVote(1302)) - fedf11b8-0957-422e-880a-91cc26979c7a@group-52AF94BE594D: receive requestVote(ELECTION, 0eeb79a9-13fd-416c-b2a7-6f654c6b5029, group-52AF94BE594D, 1, (t:0, i:0))
2023-11-06 09:27:27,449 [grpc-default-executor-5] INFO  impl.VoteContext (VoteContext.java:log(49)) - fedf11b8-0957-422e-880a-91cc26979c7a@group-52AF94BE594D-FOLLOWER: accept ELECTION from 0eeb79a9-13fd-416c-b2a7-6f654c6b5029: our priority 0 <= candidate's priority 1
2023-11-06 09:27:27,449 [grpc-default-executor-5] INFO  server.RaftServer$Division (RaftServerImpl.java:setRole(329)) - fedf11b8-0957-422e-880a-91cc26979c7a@group-52AF94BE594D: changes role from  FOLLOWER to FOLLOWER at term 1 for candidate:0eeb79a9-13fd-416c-b2a7-6f654c6b5029
2023-11-06 09:27:27,458 [grpc-default-executor-5] INFO  impl.RoleInfo (RoleInfo.java:shutdownFollowerState(110)) - fedf11b8-0957-422e-880a-91cc26979c7a: shutdown fedf11b8-0957-422e-880a-91cc26979c7a@group-52AF94BE594D-FollowerState
2023-11-06 09:27:27,459 [grpc-default-executor-5] INFO  impl.RoleInfo (RoleInfo.java:updateAndGet(139)) - fedf11b8-0957-422e-880a-91cc26979c7a: start fedf11b8-0957-422e-880a-91cc26979c7a@group-52AF94BE594D-FollowerState
2023-11-06 09:27:27,459 [fedf11b8-0957-422e-880a-91cc26979c7a@group-52AF94BE594D-FollowerState] INFO  impl.FollowerState (FollowerState.java:run(152)) - fedf11b8-0957-422e-880a-91cc26979c7a@group-52AF94BE594D-FollowerState was interrupted
2023-11-06 09:27:27,460 [grpc-default-executor-0] INFO  server.RaftServer$Division (RaftServerImpl.java:requestVote(1335)) - d9016e39-0130-4fd9-896a-cac3c2785d02@group-52AF94BE594D replies to ELECTION vote request: 0eeb79a9-13fd-416c-b2a7-6f654c6b5029<-d9016e39-0130-4fd9-896a-cac3c2785d02#0:OK-t1. Peer's state: d9016e39-0130-4fd9-896a-cac3c2785d02@group-52AF94BE594D:t1, leader=null, voted=0eeb79a9-13fd-416c-b2a7-6f654c6b5029, raftlog=Memoized:d9016e39-0130-4fd9-896a-cac3c2785d02@group-52AF94BE594D-SegmentedRaftLog:OPENED:c-1, conf=-1: peers:[d9016e39-0130-4fd9-896a-cac3c2785d02|rpc:10.1.0.6:15032|admin:10.1.0.6:15031|client:10.1.0.6:15030|dataStream:10.1.0.6:15033|priority:0|startupRole:FOLLOWER, fedf11b8-0957-422e-880a-91cc26979c7a|rpc:10.1.0.6:15014|admin:10.1.0.6:15013|client:10.1.0.6:15012|dataStream:10.1.0.6:15015|priority:0|startupRole:FOLLOWER, 0eeb79a9-13fd-416c-b2a7-6f654c6b5029|rpc:10.1.0.6:15023|admin:10.1.0.6:15022|client:10.1.0.6:15021|dataStream:10.1.0.6:15024|priority:1|startupRole:FOLLOWER]|listeners:[], old=null
2023-11-06 09:27:27,462 [0eeb79a9-13fd-416c-b2a7-6f654c6b5029@group-52AF94BE594D-LeaderElection27] INFO  impl.LeaderElection (LeaderElection.java:logAndReturn(90)) - 0eeb79a9-13fd-416c-b2a7-6f654c6b5029@group-52AF94BE594D-LeaderElection27: ELECTION PASSED received 1 response(s) and 0 exception(s):
2023-11-06 09:27:27,462 [0eeb79a9-13fd-416c-b2a7-6f654c6b5029@group-52AF94BE594D-LeaderElection27] INFO  impl.LeaderElection (LeaderElection.java:logAndReturn(94)) -   Response 0: 0eeb79a9-13fd-416c-b2a7-6f654c6b5029<-d9016e39-0130-4fd9-896a-cac3c2785d02#0:OK-t1
2023-11-06 09:27:27,462 [0eeb79a9-13fd-416c-b2a7-6f654c6b5029@group-52AF94BE594D-LeaderElection27] INFO  impl.LeaderElection (LeaderElection.java:askForVotes(323)) - 0eeb79a9-13fd-416c-b2a7-6f654c6b5029@group-52AF94BE594D-LeaderElection27 ELECTION round 0: result PASSED
2023-11-06 09:27:27,462 [0eeb79a9-13fd-416c-b2a7-6f654c6b5029@group-52AF94BE594D-LeaderElection27] INFO  impl.RoleInfo (RoleInfo.java:shutdownLeaderElection(130)) - 0eeb79a9-13fd-416c-b2a7-6f654c6b5029: shutdown 0eeb79a9-13fd-416c-b2a7-6f654c6b5029@group-52AF94BE594D-LeaderElection27
2023-11-06 09:27:27,462 [0eeb79a9-13fd-416c-b2a7-6f654c6b5029@group-52AF94BE594D-LeaderElection27] INFO  server.RaftServer$Division (RaftServerImpl.java:setRole(329)) - 0eeb79a9-13fd-416c-b2a7-6f654c6b5029@group-52AF94BE594D: changes role from CANDIDATE to LEADER at term 1 for changeToLeader
2023-11-06 09:27:27,462 [0eeb79a9-13fd-416c-b2a7-6f654c6b5029@group-52AF94BE594D-LeaderElection27] INFO  ratis.XceiverServerRatis (XceiverServerRatis.java:handleLeaderChangedNotification(903)) - Leader change notification received for group: group-52AF94BE594D with new leaderId: 0eeb79a9-13fd-416c-b2a7-6f654c6b5029
2023-11-06 09:27:27,463 [0eeb79a9-13fd-416c-b2a7-6f654c6b5029@group-52AF94BE594D-LeaderElection27] INFO  server.RaftServer$Division (ServerState.java:setLeader(317)) - 0eeb79a9-13fd-416c-b2a7-6f654c6b5029@group-52AF94BE594D: change Leader from null to 0eeb79a9-13fd-416c-b2a7-6f654c6b5029 at term 1 for becomeLeader, leader elected after 5055ms
2023-11-06 09:27:27,463 [0eeb79a9-13fd-416c-b2a7-6f654c6b5029@group-52AF94BE594D-LeaderElection27] INFO  server.RaftServerConfigKeys (ConfUtils.java:logGet(46)) - raft.server.staging.catchup.gap = 1000 (default)
2023-11-06 09:27:27,463 [0eeb79a9-13fd-416c-b2a7-6f654c6b5029@group-52AF94BE594D-LeaderElection27] INFO  server.RaftServerConfigKeys (ConfUtils.java:logGet(46)) - raft.server.write.element-limit = 1024 (custom)
2023-11-06 09:27:27,463 [0eeb79a9-13fd-416c-b2a7-6f654c6b5029@group-52AF94BE594D-LeaderElection27] INFO  server.RaftServerConfigKeys (ConfUtils.java:logGet(46)) - raft.server.write.byte-limit = 1024 M (=1073741824) (custom)
2023-11-06 09:27:27,463 [0eeb79a9-13fd-416c-b2a7-6f654c6b5029@group-52AF94BE594D-LeaderElection27] INFO  server.RaftServerConfigKeys (ConfUtils.java:logGet(46)) - raft.server.watch.timeout = 180s (custom)
2023-11-06 09:27:27,463 [0eeb79a9-13fd-416c-b2a7-6f654c6b5029@group-52AF94BE594D-LeaderElection27] INFO  server.RaftServerConfigKeys (ConfUtils.java:logGet(46)) - raft.server.watch.timeout.denomination = 1s (default)
2023-11-06 09:27:27,463 [0eeb79a9-13fd-416c-b2a7-6f654c6b5029@group-52AF94BE594D-LeaderElection27] INFO  server.RaftServerConfigKeys (ConfUtils.java:logGet(46)) - raft.server.watch.element-limit = 65536 (default)
2023-11-06 09:27:27,463 [0eeb79a9-13fd-416c-b2a7-6f654c6b5029@group-52AF94BE594D-LeaderElection27] INFO  server.RaftServerConfigKeys (ConfUtils.java:logGet(46)) - raft.server.write.element-limit = 1024 (custom)
2023-11-06 09:27:27,463 [0eeb79a9-13fd-416c-b2a7-6f654c6b5029@group-52AF94BE594D-LeaderElection27] INFO  server.RaftServerConfigKeys (ConfUtils.java:logGet(46)) - raft.server.write.follower.gap.ratio.max = -1.0 (default)
2023-11-06 09:27:27,464 [0eeb79a9-13fd-416c-b2a7-6f654c6b5029@group-52AF94BE594D-LeaderElection27] INFO  server.RaftServerConfigKeys (ConfUtils.java:logGet(46)) - raft.server.log.appender.snapshot.chunk.size.max = 16MB (=16777216) (default)
2023-11-06 09:27:27,464 [0eeb79a9-13fd-416c-b2a7-6f654c6b5029@group-52AF94BE594D-LeaderElection27] INFO  server.RaftServerConfigKeys (ConfUtils.java:logGet(46)) - raft.server.log.appender.buffer.byte-limit = 33554432 (custom)
2023-11-06 09:27:27,464 [0eeb79a9-13fd-416c-b2a7-6f654c6b5029@group-52AF94BE594D-LeaderElection27] INFO  server.RaftServerConfigKeys (ConfUtils.java:logGet(46)) - raft.server.log.appender.buffer.element-limit = 1 (custom)
2023-11-06 09:27:27,464 [0eeb79a9-13fd-416c-b2a7-6f654c6b5029@group-52AF94BE594D-LeaderElection27] INFO  server.RaftServerConfigKeys (ConfUtils.java:logGet(46)) - raft.server.log.appender.wait-time.min = 1ms (custom)
2023-11-06 09:27:27,464 [0eeb79a9-13fd-416c-b2a7-6f654c6b5029@group-52AF94BE594D-LeaderElection27] INFO  grpc.GrpcConfigKeys (ConfUtils.java:logGet(46)) - raft.grpc.server.leader.outstanding.appends.max = 128 (default)
2023-11-06 09:27:27,464 [0eeb79a9-13fd-416c-b2a7-6f654c6b5029@group-52AF94BE594D-LeaderElection27] INFO  server.RaftServerConfigKeys (ConfUtils.java:logGet(46)) - raft.server.rpc.request.timeout = 60s (custom)
2023-11-06 09:27:27,464 [0eeb79a9-13fd-416c-b2a7-6f654c6b5029@group-52AF94BE594D-LeaderElection27] INFO  grpc.GrpcConfigKeys (ConfUtils.java:logGet(46)) - raft.grpc.server.install_snapshot.request.element-limit = 8 (default)
2023-11-06 09:27:27,464 [0eeb79a9-13fd-416c-b2a7-6f654c6b5029@group-52AF94BE594D-LeaderElection27] INFO  grpc.GrpcConfigKeys (ConfUtils.java:logGet(46)) - raft.grpc.server.install_snapshot.request.timeout = 3000ms (default)
2023-11-06 09:27:27,464 [0eeb79a9-13fd-416c-b2a7-6f654c6b5029@group-52AF94BE594D-LeaderElection27] INFO  server.RaftServerConfigKeys (ConfUtils.java:logGet(46)) - raft.server.log.appender.install.snapshot.enabled = false (custom)
2023-11-06 09:27:27,464 [0eeb79a9-13fd-416c-b2a7-6f654c6b5029@group-52AF94BE594D-LeaderElection27] INFO  grpc.GrpcConfigKeys (ConfUtils.java:logGet(46)) - raft.grpc.server.heartbeat.channel = true (default)
2023-11-06 09:27:27,465 [0eeb79a9-13fd-416c-b2a7-6f654c6b5029@group-52AF94BE594D-LeaderElection27] INFO  server.RaftServerConfigKeys (ConfUtils.java:logGet(46)) - raft.server.log.appender.snapshot.chunk.size.max = 16MB (=16777216) (default)
2023-11-06 09:27:27,465 [0eeb79a9-13fd-416c-b2a7-6f654c6b5029@group-52AF94BE594D-LeaderElection27] INFO  server.RaftServerConfigKeys (ConfUtils.java:logGet(46)) - raft.server.log.appender.buffer.byte-limit = 33554432 (custom)
2023-11-06 09:27:27,465 [0eeb79a9-13fd-416c-b2a7-6f654c6b5029@group-52AF94BE594D-LeaderElection27] INFO  server.RaftServerConfigKeys (ConfUtils.java:logGet(46)) - raft.server.log.appender.buffer.element-limit = 1 (custom)
2023-11-06 09:27:27,468 [grpc-default-executor-5] INFO  server.RaftServer$Division (RaftServerImpl.java:requestVote(1335)) - fedf11b8-0957-422e-880a-91cc26979c7a@group-52AF94BE594D replies to ELECTION vote request: 0eeb79a9-13fd-416c-b2a7-6f654c6b5029<-fedf11b8-0957-422e-880a-91cc26979c7a#0:OK-t1. Peer's state: fedf11b8-0957-422e-880a-91cc26979c7a@group-52AF94BE594D:t1, leader=null, voted=0eeb79a9-13fd-416c-b2a7-6f654c6b5029, raftlog=Memoized:fedf11b8-0957-422e-880a-91cc26979c7a@group-52AF94BE594D-SegmentedRaftLog:OPENED:c-1, conf=-1: peers:[d9016e39-0130-4fd9-896a-cac3c2785d02|rpc:10.1.0.6:15032|admin:10.1.0.6:15031|client:10.1.0.6:15030|dataStream:10.1.0.6:15033|priority:0|startupRole:FOLLOWER, fedf11b8-0957-422e-880a-91cc26979c7a|rpc:10.1.0.6:15014|admin:10.1.0.6:15013|client:10.1.0.6:15012|dataStream:10.1.0.6:15015|priority:0|startupRole:FOLLOWER, 0eeb79a9-13fd-416c-b2a7-6f654c6b5029|rpc:10.1.0.6:15023|admin:10.1.0.6:15022|client:10.1.0.6:15021|dataStream:10.1.0.6:15024|priority:1|startupRole:FOLLOWER]|listeners:[], old=null
2023-11-06 09:27:27,466 [EventQueue-PipelineReportForPipelineReportHandler] INFO  pipeline.PipelineReportHandler (PipelineReportHandler.java:processPipelineReport(136)) - Opened pipeline PipelineID=7f2ae790-e99e-4dfb-a7e1-52af94be594d
2023-11-06 09:27:27,470 [0eeb79a9-13fd-416c-b2a7-6f654c6b5029@group-52AF94BE594D-LeaderElection27] INFO  server.RaftServerConfigKeys (ConfUtils.java:logGet(46)) - raft.server.log.appender.wait-time.min = 1ms (custom)
2023-11-06 09:27:27,471 [0eeb79a9-13fd-416c-b2a7-6f654c6b5029@group-52AF94BE594D-LeaderElection27] INFO  grpc.GrpcConfigKeys (ConfUtils.java:logGet(46)) - raft.grpc.server.leader.outstanding.appends.max = 128 (default)
2023-11-06 09:27:27,471 [0eeb79a9-13fd-416c-b2a7-6f654c6b5029@group-52AF94BE594D-LeaderElection27] INFO  server.RaftServerConfigKeys (ConfUtils.java:logGet(46)) - raft.server.rpc.request.timeout = 60s (custom)
2023-11-06 09:27:27,471 [0eeb79a9-13fd-416c-b2a7-6f654c6b5029@group-52AF94BE594D-LeaderElection27] INFO  grpc.GrpcConfigKeys (ConfUtils.java:logGet(46)) - raft.grpc.server.install_snapshot.request.element-limit = 8 (default)
2023-11-06 09:27:27,472 [0eeb79a9-13fd-416c-b2a7-6f654c6b5029@group-52AF94BE594D-LeaderElection27] INFO  grpc.GrpcConfigKeys (ConfUtils.java:logGet(46)) - raft.grpc.server.install_snapshot.request.timeout = 3000ms (default)
2023-11-06 09:27:27,472 [0eeb79a9-13fd-416c-b2a7-6f654c6b5029@group-52AF94BE594D-LeaderElection27] INFO  server.RaftServerConfigKeys (ConfUtils.java:logGet(46)) - raft.server.log.appender.install.snapshot.enabled = false (custom)
2023-11-06 09:27:27,472 [0eeb79a9-13fd-416c-b2a7-6f654c6b5029@group-52AF94BE594D-LeaderElection27] INFO  grpc.GrpcConfigKeys (ConfUtils.java:logGet(46)) - raft.grpc.server.heartbeat.channel = true (default)
2023-11-06 09:27:27,473 [0eeb79a9-13fd-416c-b2a7-6f654c6b5029@group-52AF94BE594D-LeaderElection27] INFO  impl.RoleInfo (RoleInfo.java:updateAndGet(139)) - 0eeb79a9-13fd-416c-b2a7-6f654c6b5029: start 0eeb79a9-13fd-416c-b2a7-6f654c6b5029@group-52AF94BE594D-LeaderStateImpl
2023-11-06 09:27:27,474 [0eeb79a9-13fd-416c-b2a7-6f654c6b5029@group-52AF94BE594D-LeaderElection27] INFO  segmented.SegmentedRaftLogWorker (SegmentedRaftLogWorker.java:startLogSegment(447)) - 0eeb79a9-13fd-416c-b2a7-6f654c6b5029@group-52AF94BE594D-SegmentedRaftLogWorker: Starting segment from index:0
2023-11-06 09:27:27,478 [0eeb79a9-13fd-416c-b2a7-6f654c6b5029@group-52AF94BE594D-LeaderElection27] INFO  server.RaftServer$Division (ServerState.java:setRaftConf(434)) - 0eeb79a9-13fd-416c-b2a7-6f654c6b5029@group-52AF94BE594D: set configuration 0: peers:[d9016e39-0130-4fd9-896a-cac3c2785d02|rpc:10.1.0.6:15032|admin:10.1.0.6:15031|client:10.1.0.6:15030|dataStream:10.1.0.6:15033|priority:0|startupRole:FOLLOWER, fedf11b8-0957-422e-880a-91cc26979c7a|rpc:10.1.0.6:15014|admin:10.1.0.6:15013|client:10.1.0.6:15012|dataStream:10.1.0.6:15015|priority:0|startupRole:FOLLOWER, 0eeb79a9-13fd-416c-b2a7-6f654c6b5029|rpc:10.1.0.6:15023|admin:10.1.0.6:15022|client:10.1.0.6:15021|dataStream:10.1.0.6:15024|priority:1|startupRole:FOLLOWER]|listeners:[], old=null
2023-11-06 09:27:27,479 [0eeb79a9-13fd-416c-b2a7-6f654c6b5029@group-52AF94BE594D-SegmentedRaftLogWorker] INFO  segmented.SegmentedRaftLogWorker (SegmentedRaftLogWorker.java:execute(651)) - 0eeb79a9-13fd-416c-b2a7-6f654c6b5029@group-52AF94BE594D-SegmentedRaftLogWorker: created new log segment /home/runner/work/ozone/ozone/hadoop-ozone/integration-test/target/test-dir/MiniOzoneClusterImpl-938474ea-96d6-4bd3-a45f-678920fb0bb2/datanode-1/data/ratis/7f2ae790-e99e-4dfb-a7e1-52af94be594d/current/log_inprogress_0
2023-11-06 09:27:27,486 [d9016e39-0130-4fd9-896a-cac3c2785d02-server-thread1] INFO  ratis.XceiverServerRatis (XceiverServerRatis.java:handleLeaderChangedNotification(903)) - Leader change notification received for group: group-52AF94BE594D with new leaderId: 0eeb79a9-13fd-416c-b2a7-6f654c6b5029
2023-11-06 09:27:27,486 [d9016e39-0130-4fd9-896a-cac3c2785d02-server-thread1] INFO  server.RaftServer$Division (ServerState.java:setLeader(317)) - d9016e39-0130-4fd9-896a-cac3c2785d02@group-52AF94BE594D: change Leader from null to 0eeb79a9-13fd-416c-b2a7-6f654c6b5029 at term 1 for appendEntries, leader elected after 5032ms
2023-11-06 09:27:27,490 [fedf11b8-0957-422e-880a-91cc26979c7a-server-thread1] INFO  ratis.XceiverServerRatis (XceiverServerRatis.java:handleLeaderChangedNotification(903)) - Leader change notification received for group: group-52AF94BE594D with new leaderId: 0eeb79a9-13fd-416c-b2a7-6f654c6b5029
2023-11-06 09:27:27,490 [fedf11b8-0957-422e-880a-91cc26979c7a-server-thread1] INFO  server.RaftServer$Division (ServerState.java:setLeader(317)) - fedf11b8-0957-422e-880a-91cc26979c7a@group-52AF94BE594D: change Leader from null to 0eeb79a9-13fd-416c-b2a7-6f654c6b5029 at term 1 for appendEntries, leader elected after 5114ms
2023-11-06 09:27:27,491 [fedf11b8-0957-422e-880a-91cc26979c7a-server-thread1] INFO  server.RaftServer$Division (ServerState.java:setRaftConf(434)) - fedf11b8-0957-422e-880a-91cc26979c7a@group-52AF94BE594D: set configuration 0: peers:[d9016e39-0130-4fd9-896a-cac3c2785d02|rpc:10.1.0.6:15032|admin:10.1.0.6:15031|client:10.1.0.6:15030|dataStream:10.1.0.6:15033|priority:0|startupRole:FOLLOWER, fedf11b8-0957-422e-880a-91cc26979c7a|rpc:10.1.0.6:15014|admin:10.1.0.6:15013|client:10.1.0.6:15012|dataStream:10.1.0.6:15015|priority:0|startupRole:FOLLOWER, 0eeb79a9-13fd-416c-b2a7-6f654c6b5029|rpc:10.1.0.6:15023|admin:10.1.0.6:15022|client:10.1.0.6:15021|dataStream:10.1.0.6:15024|priority:1|startupRole:FOLLOWER]|listeners:[], old=null
2023-11-06 09:27:27,492 [fedf11b8-0957-422e-880a-91cc26979c7a-server-thread1] INFO  segmented.SegmentedRaftLogWorker (SegmentedRaftLogWorker.java:startLogSegment(447)) - fedf11b8-0957-422e-880a-91cc26979c7a@group-52AF94BE594D-SegmentedRaftLogWorker: Starting segment from index:0
2023-11-06 09:27:27,493 [d9016e39-0130-4fd9-896a-cac3c2785d02-server-thread2] INFO  server.RaftServer$Division (ServerState.java:setRaftConf(434)) - d9016e39-0130-4fd9-896a-cac3c2785d02@group-52AF94BE594D: set configuration 0: peers:[d9016e39-0130-4fd9-896a-cac3c2785d02|rpc:10.1.0.6:15032|admin:10.1.0.6:15031|client:10.1.0.6:15030|dataStream:10.1.0.6:15033|priority:0|startupRole:FOLLOWER, fedf11b8-0957-422e-880a-91cc26979c7a|rpc:10.1.0.6:15014|admin:10.1.0.6:15013|client:10.1.0.6:15012|dataStream:10.1.0.6:15015|priority:0|startupRole:FOLLOWER, 0eeb79a9-13fd-416c-b2a7-6f654c6b5029|rpc:10.1.0.6:15023|admin:10.1.0.6:15022|client:10.1.0.6:15021|dataStream:10.1.0.6:15024|priority:1|startupRole:FOLLOWER]|listeners:[], old=null
2023-11-06 09:27:27,493 [d9016e39-0130-4fd9-896a-cac3c2785d02-server-thread2] INFO  segmented.SegmentedRaftLogWorker (SegmentedRaftLogWorker.java:startLogSegment(447)) - d9016e39-0130-4fd9-896a-cac3c2785d02@group-52AF94BE594D-SegmentedRaftLogWorker: Starting segment from index:0
2023-11-06 09:27:27,494 [d9016e39-0130-4fd9-896a-cac3c2785d02@group-52AF94BE594D-SegmentedRaftLogWorker] INFO  segmented.SegmentedRaftLogWorker (SegmentedRaftLogWorker.java:execute(651)) - d9016e39-0130-4fd9-896a-cac3c2785d02@group-52AF94BE594D-SegmentedRaftLogWorker: created new log segment /home/runner/work/ozone/ozone/hadoop-ozone/integration-test/target/test-dir/MiniOzoneClusterImpl-938474ea-96d6-4bd3-a45f-678920fb0bb2/datanode-2/data/ratis/7f2ae790-e99e-4dfb-a7e1-52af94be594d/current/log_inprogress_0
2023-11-06 09:27:27,494 [fedf11b8-0957-422e-880a-91cc26979c7a@group-52AF94BE594D-SegmentedRaftLogWorker] INFO  segmented.SegmentedRaftLogWorker (SegmentedRaftLogWorker.java:execute(651)) - fedf11b8-0957-422e-880a-91cc26979c7a@group-52AF94BE594D-SegmentedRaftLogWorker: created new log segment /home/runner/work/ozone/ozone/hadoop-ozone/integration-test/target/test-dir/MiniOzoneClusterImpl-938474ea-96d6-4bd3-a45f-678920fb0bb2/datanode-0/data/ratis/7f2ae790-e99e-4dfb-a7e1-52af94be594d/current/log_inprogress_0
2023-11-06 09:27:28,181 [d9016e39-0130-4fd9-896a-cac3c2785d02@group-F4EC317F4A3C-FollowerState] INFO  impl.FollowerState (FollowerState.java:run(143)) - d9016e39-0130-4fd9-896a-cac3c2785d02@group-F4EC317F4A3C-FollowerState: change to CANDIDATE, lastRpcElapsedTime:5106057531ns, electionTimeout:5105ms
2023-11-06 09:27:28,182 [d9016e39-0130-4fd9-896a-cac3c2785d02@group-F4EC317F4A3C-FollowerState] INFO  impl.RoleInfo (RoleInfo.java:shutdownFollowerState(110)) - d9016e39-0130-4fd9-896a-cac3c2785d02: shutdown d9016e39-0130-4fd9-896a-cac3c2785d02@group-F4EC317F4A3C-FollowerState
2023-11-06 09:27:28,182 [d9016e39-0130-4fd9-896a-cac3c2785d02@group-F4EC317F4A3C-FollowerState] INFO  server.RaftServer$Division (RaftServerImpl.java:setRole(329)) - d9016e39-0130-4fd9-896a-cac3c2785d02@group-F4EC317F4A3C: changes role from  FOLLOWER to CANDIDATE at term 0 for changeToCandidate
2023-11-06 09:27:28,182 [d9016e39-0130-4fd9-896a-cac3c2785d02@group-F4EC317F4A3C-FollowerState] INFO  server.RaftServerConfigKeys (ConfUtils.java:logGet(46)) - raft.server.leaderelection.pre-vote = true (default)
2023-11-06 09:27:28,182 [d9016e39-0130-4fd9-896a-cac3c2785d02@group-F4EC317F4A3C-FollowerState] INFO  impl.RoleInfo (RoleInfo.java:updateAndGet(139)) - d9016e39-0130-4fd9-896a-cac3c2785d02: start d9016e39-0130-4fd9-896a-cac3c2785d02@group-F4EC317F4A3C-LeaderElection28
2023-11-06 09:27:28,187 [d9016e39-0130-4fd9-896a-cac3c2785d02@group-F4EC317F4A3C-LeaderElection28] INFO  impl.LeaderElection (LeaderElection.java:askForVotes(321)) - d9016e39-0130-4fd9-896a-cac3c2785d02@group-F4EC317F4A3C-LeaderElection28 PRE_VOTE round 0: submit vote requests at term 0 for -1: peers:[d9016e39-0130-4fd9-896a-cac3c2785d02|rpc:10.1.0.6:15032|admin:10.1.0.6:15031|client:10.1.0.6:15030|dataStream:10.1.0.6:15033|priority:1|startupRole:FOLLOWER]|listeners:[], old=null
2023-11-06 09:27:28,187 [d9016e39-0130-4fd9-896a-cac3c2785d02@group-F4EC317F4A3C-LeaderElection28] INFO  impl.LeaderElection (LeaderElection.java:askForVotes(323)) - d9016e39-0130-4fd9-896a-cac3c2785d02@group-F4EC317F4A3C-LeaderElection28 PRE_VOTE round 0: result PASSED (term=0)
2023-11-06 09:27:28,192 [d9016e39-0130-4fd9-896a-cac3c2785d02@group-F4EC317F4A3C-LeaderElection28] INFO  impl.LeaderElection (LeaderElection.java:askForVotes(321)) - d9016e39-0130-4fd9-896a-cac3c2785d02@group-F4EC317F4A3C-LeaderElection28 ELECTION round 0: submit vote requests at term 1 for -1: peers:[d9016e39-0130-4fd9-896a-cac3c2785d02|rpc:10.1.0.6:15032|admin:10.1.0.6:15031|client:10.1.0.6:15030|dataStream:10.1.0.6:15033|priority:1|startupRole:FOLLOWER]|listeners:[], old=null
2023-11-06 09:27:28,192 [d9016e39-0130-4fd9-896a-cac3c2785d02@group-F4EC317F4A3C-LeaderElection28] INFO  impl.LeaderElection (LeaderElection.java:askForVotes(323)) - d9016e39-0130-4fd9-896a-cac3c2785d02@group-F4EC317F4A3C-LeaderElection28 ELECTION round 0: result PASSED (term=1)
2023-11-06 09:27:28,192 [d9016e39-0130-4fd9-896a-cac3c2785d02@group-F4EC317F4A3C-LeaderElection28] INFO  impl.RoleInfo (RoleInfo.java:shutdownLeaderElection(130)) - d9016e39-0130-4fd9-896a-cac3c2785d02: shutdown d9016e39-0130-4fd9-896a-cac3c2785d02@group-F4EC317F4A3C-LeaderElection28
2023-11-06 09:27:28,192 [d9016e39-0130-4fd9-896a-cac3c2785d02@group-F4EC317F4A3C-LeaderElection28] INFO  server.RaftServer$Division (RaftServerImpl.java:setRole(329)) - d9016e39-0130-4fd9-896a-cac3c2785d02@group-F4EC317F4A3C: changes role from CANDIDATE to LEADER at term 1 for changeToLeader
2023-11-06 09:27:28,192 [d9016e39-0130-4fd9-896a-cac3c2785d02@group-F4EC317F4A3C-LeaderElection28] INFO  ratis.XceiverServerRatis (XceiverServerRatis.java:handleLeaderChangedNotification(903)) - Leader change notification received for group: group-F4EC317F4A3C with new leaderId: d9016e39-0130-4fd9-896a-cac3c2785d02
2023-11-06 09:27:28,193 [d9016e39-0130-4fd9-896a-cac3c2785d02@group-F4EC317F4A3C-LeaderElection28] INFO  server.RaftServer$Division (ServerState.java:setLeader(317)) - d9016e39-0130-4fd9-896a-cac3c2785d02@group-F4EC317F4A3C: change Leader from null to d9016e39-0130-4fd9-896a-cac3c2785d02 at term 1 for becomeLeader, leader elected after 5139ms
2023-11-06 09:27:28,193 [d9016e39-0130-4fd9-896a-cac3c2785d02@group-F4EC317F4A3C-LeaderElection28] INFO  server.RaftServerConfigKeys (ConfUtils.java:logGet(46)) - raft.server.staging.catchup.gap = 1000 (default)
2023-11-06 09:27:28,193 [d9016e39-0130-4fd9-896a-cac3c2785d02@group-F4EC317F4A3C-LeaderElection28] INFO  server.RaftServerConfigKeys (ConfUtils.java:logGet(46)) - raft.server.write.element-limit = 1024 (custom)
2023-11-06 09:27:28,193 [d9016e39-0130-4fd9-896a-cac3c2785d02@group-F4EC317F4A3C-LeaderElection28] INFO  server.RaftServerConfigKeys (ConfUtils.java:logGet(46)) - raft.server.write.byte-limit = 1024 M (=1073741824) (custom)
2023-11-06 09:27:28,194 [d9016e39-0130-4fd9-896a-cac3c2785d02@group-F4EC317F4A3C-LeaderElection28] INFO  server.RaftServerConfigKeys (ConfUtils.java:logGet(46)) - raft.server.watch.timeout = 180s (custom)
2023-11-06 09:27:28,194 [d9016e39-0130-4fd9-896a-cac3c2785d02@group-F4EC317F4A3C-LeaderElection28] INFO  server.RaftServerConfigKeys (ConfUtils.java:logGet(46)) - raft.server.watch.timeout.denomination = 1s (default)
2023-11-06 09:27:28,194 [d9016e39-0130-4fd9-896a-cac3c2785d02@group-F4EC317F4A3C-LeaderElection28] INFO  server.RaftServerConfigKeys (ConfUtils.java:logGet(46)) - raft.server.watch.element-limit = 65536 (default)
2023-11-06 09:27:28,194 [d9016e39-0130-4fd9-896a-cac3c2785d02@group-F4EC317F4A3C-LeaderElection28] INFO  server.RaftServerConfigKeys (ConfUtils.java:logGet(46)) - raft.server.write.element-limit = 1024 (custom)
2023-11-06 09:27:28,194 [d9016e39-0130-4fd9-896a-cac3c2785d02@group-F4EC317F4A3C-LeaderElection28] INFO  server.RaftServerConfigKeys (ConfUtils.java:logGet(46)) - raft.server.write.follower.gap.ratio.max = -1.0 (default)
2023-11-06 09:27:28,194 [d9016e39-0130-4fd9-896a-cac3c2785d02@group-F4EC317F4A3C-LeaderElection28] INFO  impl.RoleInfo (RoleInfo.java:updateAndGet(139)) - d9016e39-0130-4fd9-896a-cac3c2785d02: start d9016e39-0130-4fd9-896a-cac3c2785d02@group-F4EC317F4A3C-LeaderStateImpl
2023-11-06 09:27:28,196 [d9016e39-0130-4fd9-896a-cac3c2785d02@group-F4EC317F4A3C-LeaderElection28] INFO  segmented.SegmentedRaftLogWorker (SegmentedRaftLogWorker.java:startLogSegment(447)) - d9016e39-0130-4fd9-896a-cac3c2785d02@group-F4EC317F4A3C-SegmentedRaftLogWorker: Starting segment from index:0
2023-11-06 09:27:28,199 [d9016e39-0130-4fd9-896a-cac3c2785d02@group-F4EC317F4A3C-LeaderElection28] INFO  server.RaftServer$Division (ServerState.java:setRaftConf(434)) - d9016e39-0130-4fd9-896a-cac3c2785d02@group-F4EC317F4A3C: set configuration 0: peers:[d9016e39-0130-4fd9-896a-cac3c2785d02|rpc:10.1.0.6:15032|admin:10.1.0.6:15031|client:10.1.0.6:15030|dataStream:10.1.0.6:15033|priority:1|startupRole:FOLLOWER]|listeners:[], old=null
2023-11-06 09:27:28,199 [d9016e39-0130-4fd9-896a-cac3c2785d02@group-F4EC317F4A3C-SegmentedRaftLogWorker] INFO  segmented.SegmentedRaftLogWorker (SegmentedRaftLogWorker.java:execute(651)) - d9016e39-0130-4fd9-896a-cac3c2785d02@group-F4EC317F4A3C-SegmentedRaftLogWorker: created new log segment /home/runner/work/ozone/ozone/hadoop-ozone/integration-test/target/test-dir/MiniOzoneClusterImpl-938474ea-96d6-4bd3-a45f-678920fb0bb2/datanode-2/data/ratis/58b15d99-4006-45ad-b08f-f4ec317f4a3c/current/log_inprogress_0
2023-11-06 09:27:31,006 [ReplicationMonitor] INFO  replication.ReplicationManager (ReplicationManager.java:processAll(394)) - Replication Monitor Thread took 0 milliseconds for processing 1 containers.
2023-11-06 09:27:31,015 [OverReplicatedProcessor] INFO  replication.ReplicationManager (ReplicationManager.java:sendDatanodeCommand(674)) - Sending command [deleteContainerCommand: containerID: 1, replicaIndex: 1, force: true] for container ContainerInfo{id=#1, state=CLOSED, stateEnterTime=2023-11-06T09:27:00.855Z, pipelineID=PipelineID=eeacec12-a8fc-4b02-b8b5-af221b05ce3a, owner=omServiceIdDefault} to d9016e39-0130-4fd9-896a-cac3c2785d02(fv-az241-347.2tfxs3cvuluejhi1wdm4o5ef4c.bx.internal.cloudapp.net/10.1.0.6) with datanode deadline 1699263421014 and scm deadline 1699263451014
2023-11-06 09:27:31,015 [OverReplicatedProcessor] INFO  replication.UnhealthyReplicationProcessor (UnhealthyReplicationProcessor.java:processAll(138)) - Processed 1 containers with health state counts {OVER_REPLICATED=1}, failed processing 0, deferred due to load 0
2023-11-06 09:27:33,196 [d9016e39-0130-4fd9-896a-cac3c2785d02-DeleteContainerThread-0] INFO  keyvalue.KeyValueContainer (KeyValueContainer.java:markContainerForDelete(424)) - Moving container /home/runner/work/ozone/ozone/hadoop-ozone/integration-test/target/test-dir/MiniOzoneClusterImpl-938474ea-96d6-4bd3-a45f-678920fb0bb2/datanode-2/data-0/containers/hdds/938474ea-96d6-4bd3-a45f-678920fb0bb2/current/containerDir0/1 to state DELETED from state:CLOSED
]]></system-out>
  </testcase>
  <testcase name="testECContainerRecoveryWithTimedOutRecovery" classname="org.apache.hadoop.ozone.container.TestECContainerRecovery" time="107.448">
    <error type="java.util.concurrent.TimeoutException"><![CDATA[java.util.concurrent.TimeoutException: 
Timed out waiting for condition. Thread diagnostics:
Timestamp: 2023-11-06 09:29:20,653

"fedf11b8-0957-422e-880a-91cc26979c7a-DatanodeReportManager-2" daemon prio=5 tid=209 timed_waiting
java.lang.Thread.State: TIMED_WAITING
        at sun.misc.Unsafe.park(Native Method)
        at java.util.concurrent.locks.LockSupport.parkNanos(LockSupport.java:215)
        at java.util.concurrent.locks.AbstractQueuedSynchronizer$ConditionObject.awaitNanos(AbstractQueuedSynchronizer.java:2078)
        at java.util.concurrent.ScheduledThreadPoolExecutor$DelayedWorkQueue.take(ScheduledThreadPoolExecutor.java:1093)
        at java.util.concurrent.ScheduledThreadPoolExecutor$DelayedWorkQueue.take(ScheduledThreadPoolExecutor.java:809)
        at java.util.concurrent.ThreadPoolExecutor.getTask(ThreadPoolExecutor.java:1074)
        at java.util.concurrent.ThreadPoolExecutor.runWorker(ThreadPoolExecutor.java:1134)
        at java.util.concurrent.ThreadPoolExecutor$Worker.run(ThreadPoolExecutor.java:624)
        at java.lang.Thread.run(Thread.java:750)
"92ba0aed-1dcc-4895-b5bb-fc45f440be2e-ChunkWriter-1-0" daemon prio=5 tid=575 in Object.wait()
java.lang.Thread.State: WAITING (on object monitor)
        at sun.misc.Unsafe.park(Native Method)
        at java.util.concurrent.locks.LockSupport.park(LockSupport.java:175)
        at java.util.concurrent.locks.AbstractQueuedSynchronizer$ConditionObject.await(AbstractQueuedSynchronizer.java:2039)
        at java.util.concurrent.LinkedBlockingDeque.takeFirst(LinkedBlockingDeque.java:492)
        at java.util.concurrent.LinkedBlockingDeque.take(LinkedBlockingDeque.java:680)
        at java.util.concurrent.ThreadPoolExecutor.getTask(ThreadPoolExecutor.java:1074)
        at java.util.concurrent.ThreadPoolExecutor.runWorker(ThreadPoolExecutor.java:1134)
        at java.util.concurrent.ThreadPoolExecutor$Worker.run(ThreadPoolExecutor.java:624)
        at java.lang.Thread.run(Thread.java:750)
"qtp1022583148-192-acceptor-0@1adbfd61-ServerConnector@2c4bcc40{HTTP/1.1, (http/1.1)}{0.0.0.0:15009}" daemon prio=3 tid=192 runnable
java.lang.Thread.State: RUNNABLE
        at sun.nio.ch.ServerSocketChannelImpl.accept0(Native Method)
        at sun.nio.ch.ServerSocketChannelImpl.accept(ServerSocketChannelImpl.java:421)
        at sun.nio.ch.ServerSocketChannelImpl.accept(ServerSocketChannelImpl.java:249)
        at org.eclipse.jetty.server.ServerConnector.accept(ServerConnector.java:388)
        at org.eclipse.jetty.server.AbstractConnector$Acceptor.run(AbstractConnector.java:704)
        at org.eclipse.jetty.util.thread.QueuedThreadPool.runJob(QueuedThreadPool.java:883)
        at org.eclipse.jetty.util.thread.QueuedThreadPool$Runner.run(QueuedThreadPool.java:1034)
        at java.lang.Thread.run(Thread.java:750)
"StaleRecoveringContainerScrubbingService#7" daemon prio=5 tid=1430 in Object.wait()
java.lang.Thread.State: WAITING (on object monitor)
        at sun.misc.Unsafe.park(Native Method)
        at java.util.concurrent.locks.LockSupport.park(LockSupport.java:175)
        at java.util.concurrent.locks.AbstractQueuedSynchronizer$ConditionObject.await(AbstractQueuedSynchronizer.java:2039)
        at java.util.concurrent.ScheduledThreadPoolExecutor$DelayedWorkQueue.take(ScheduledThreadPoolExecutor.java:1088)
        at java.util.concurrent.ScheduledThreadPoolExecutor$DelayedWorkQueue.take(ScheduledThreadPoolExecutor.java:809)
        at java.util.concurrent.ThreadPoolExecutor.getTask(ThreadPoolExecutor.java:1074)
        at java.util.concurrent.ThreadPoolExecutor.runWorker(ThreadPoolExecutor.java:1134)
        at java.util.concurrent.ThreadPoolExecutor$Worker.run(ThreadPoolExecutor.java:624)
        at java.lang.Thread.run(Thread.java:750)
"pool-72-thread-1" daemon prio=5 tid=483 timed_waiting
java.lang.Thread.State: TIMED_WAITING
        at sun.misc.Unsafe.park(Native Method)
        at java.util.concurrent.locks.LockSupport.parkNanos(LockSupport.java:215)
        at java.util.concurrent.locks.AbstractQueuedSynchronizer$ConditionObject.awaitNanos(AbstractQueuedSynchronizer.java:2078)
        at java.util.concurrent.ScheduledThreadPoolExecutor$DelayedWorkQueue.take(ScheduledThreadPoolExecutor.java:1093)
        at java.util.concurrent.ScheduledThreadPoolExecutor$DelayedWorkQueue.take(ScheduledThreadPoolExecutor.java:809)
        at java.util.concurrent.ThreadPoolExecutor.getTask(ThreadPoolExecutor.java:1074)
        at java.util.concurrent.ThreadPoolExecutor.runWorker(ThreadPoolExecutor.java:1134)
        at java.util.concurrent.ThreadPoolExecutor$Worker.run(ThreadPoolExecutor.java:624)
        at java.lang.Thread.run(Thread.java:750)
"5f7d9b36-4620-4ba9-8a78-929bd6ddd1f9-NettyServerStreamRpc-bossGroup--thread1"  prio=5 tid=421 runnable
java.lang.Thread.State: RUNNABLE
        at sun.nio.ch.EPollArrayWrapper.epollWait(Native Method)
        at sun.nio.ch.EPollArrayWrapper.poll(EPollArrayWrapper.java:269)
        at sun.nio.ch.EPollSelectorImpl.doSelect(EPollSelectorImpl.java:93)
        at sun.nio.ch.SelectorImpl.lockAndDoSelect(SelectorImpl.java:86)
        at sun.nio.ch.SelectorImpl.select(SelectorImpl.java:97)
        at sun.nio.ch.SelectorImpl.select(SelectorImpl.java:101)
        at org.apache.ratis.thirdparty.io.netty.channel.nio.SelectedSelectionKeySetSelector.select(SelectedSelectionKeySetSelector.java:68)
        at org.apache.ratis.thirdparty.io.netty.channel.nio.NioEventLoop.select(NioEventLoop.java:879)
        at org.apache.ratis.thirdparty.io.netty.channel.nio.NioEventLoop.run(NioEventLoop.java:526)
        at org.apache.ratis.thirdparty.io.netty.util.concurrent.SingleThreadEventExecutor$4.run(SingleThreadEventExecutor.java:997)
        at org.apache.ratis.thirdparty.io.netty.util.internal.ThreadExecutorMap$2.run(ThreadExecutorMap.java:74)
        at java.lang.Thread.run(Thread.java:750)
"18227f38-d602-4438-971e-c9cd287df9cb@group-DF79F62058F4-SegmentedRaftLogWorker"  prio=5 tid=735 timed_waiting
java.lang.Thread.State: TIMED_WAITING
        at sun.misc.Unsafe.park(Native Method)
        at java.util.concurrent.locks.LockSupport.parkNanos(LockSupport.java:215)
        at java.util.concurrent.locks.AbstractQueuedSynchronizer$ConditionObject.awaitNanos(AbstractQueuedSynchronizer.java:2078)
        at org.apache.ratis.util.DataBlockingQueue.poll(DataBlockingQueue.java:148)
        at org.apache.ratis.server.raftlog.segmented.SegmentedRaftLogWorker.run(SegmentedRaftLogWorker.java:307)
        at org.apache.ratis.server.raftlog.segmented.SegmentedRaftLogWorker$$Lambda$819/704615668.run(Unknown Source)
        at java.util.concurrent.Executors$RunnableAdapter.call(Executors.java:511)
        at java.util.concurrent.FutureTask.run(FutureTask.java:266)
        at java.util.concurrent.ThreadPoolExecutor.runWorker(ThreadPoolExecutor.java:1149)
        at java.util.concurrent.ThreadPoolExecutor$Worker.run(ThreadPoolExecutor.java:624)
        at java.lang.Thread.run(Thread.java:750)
"qtp830753455-367" daemon prio=5 tid=367 runnable
java.lang.Thread.State: RUNNABLE
        at sun.nio.ch.EPollArrayWrapper.epollWait(Native Method)
        at sun.nio.ch.EPollArrayWrapper.poll(EPollArrayWrapper.java:269)
        at sun.nio.ch.EPollSelectorImpl.doSelect(EPollSelectorImpl.java:93)
        at sun.nio.ch.SelectorImpl.lockAndDoSelect(SelectorImpl.java:86)
        at sun.nio.ch.SelectorImpl.select(SelectorImpl.java:97)
        at sun.nio.ch.SelectorImpl.select(SelectorImpl.java:101)
        at org.eclipse.jetty.io.ManagedSelector.nioSelect(ManagedSelector.java:183)
        at org.eclipse.jetty.io.ManagedSelector.select(ManagedSelector.java:190)
        at org.eclipse.jetty.io.ManagedSelector$SelectorProducer.select(ManagedSelector.java:606)
        at org.eclipse.jetty.io.ManagedSelector$SelectorProducer.produce(ManagedSelector.java:543)
        at org.eclipse.jetty.util.thread.strategy.EatWhatYouKill.produceTask(EatWhatYouKill.java:362)
        at org.eclipse.jetty.util.thread.strategy.EatWhatYouKill.doProduce(EatWhatYouKill.java:186)
        at org.eclipse.jetty.util.thread.strategy.EatWhatYouKill.tryProduce(EatWhatYouKill.java:173)
        at org.eclipse.jetty.util.thread.strategy.EatWhatYouKill.produce(EatWhatYouKill.java:137)
        at org.eclipse.jetty.io.ManagedSelector$$Lambda$519/57301464.run(Unknown Source)
        at org.eclipse.jetty.util.thread.QueuedThreadPool.runJob(QueuedThreadPool.java:883)
        at org.eclipse.jetty.util.thread.QueuedThreadPool$Runner.run(QueuedThreadPool.java:1034)
        at java.lang.Thread.run(Thread.java:750)
"5f7d9b36-4620-4ba9-8a78-929bd6ddd1f9-ChunkWriter-3-0" daemon prio=5 tid=608 in Object.wait()
java.lang.Thread.State: WAITING (on object monitor)
        at sun.misc.Unsafe.park(Native Method)
        at java.util.concurrent.locks.LockSupport.park(LockSupport.java:175)
        at java.util.concurrent.locks.AbstractQueuedSynchronizer$ConditionObject.await(AbstractQueuedSynchronizer.java:2039)
        at java.util.concurrent.LinkedBlockingDeque.takeFirst(LinkedBlockingDeque.java:492)
        at java.util.concurrent.LinkedBlockingDeque.take(LinkedBlockingDeque.java:680)
        at java.util.concurrent.ThreadPoolExecutor.getTask(ThreadPoolExecutor.java:1074)
        at java.util.concurrent.ThreadPoolExecutor.runWorker(ThreadPoolExecutor.java:1134)
        at java.util.concurrent.ThreadPoolExecutor$Worker.run(ThreadPoolExecutor.java:624)
        at java.lang.Thread.run(Thread.java:750)
"fedf11b8-0957-422e-880a-91cc26979c7a@group-09A8159B88D0-StateMachineUpdater" daemon prio=5 tid=1245 timed_waiting
java.lang.Thread.State: TIMED_WAITING
        at sun.misc.Unsafe.park(Native Method)
        at java.util.concurrent.locks.LockSupport.parkNanos(LockSupport.java:215)
        at java.util.concurrent.locks.AbstractQueuedSynchronizer$ConditionObject.await(AbstractQueuedSynchronizer.java:2163)
        at org.apache.ratis.util.AwaitForSignal.await(AwaitForSignal.java:62)
        at org.apache.ratis.server.impl.StateMachineUpdater.waitForCommit(StateMachineUpdater.java:209)
        at org.apache.ratis.server.impl.StateMachineUpdater.run(StateMachineUpdater.java:178)
        at java.lang.Thread.run(Thread.java:750)
"IPC Server handler 0 on default port 15037" daemon prio=5 tid=294 timed_waiting
java.lang.Thread.State: TIMED_WAITING
        at sun.misc.Unsafe.park(Native Method)
        at java.util.concurrent.locks.LockSupport.parkNanos(LockSupport.java:215)
        at java.util.concurrent.locks.AbstractQueuedSynchronizer$ConditionObject.awaitNanos(AbstractQueuedSynchronizer.java:2078)
        at java.util.concurrent.LinkedBlockingQueue.poll(LinkedBlockingQueue.java:467)
        at org.apache.hadoop.ipc.CallQueueManager.take(CallQueueManager.java:317)
        at org.apache.hadoop.ipc.Server$Handler.run(Server.java:3014)
"qtp1908574814-162" daemon prio=5 tid=162 timed_waiting
java.lang.Thread.State: TIMED_WAITING
        at sun.misc.Unsafe.park(Native Method)
        at java.util.concurrent.locks.LockSupport.parkNanos(LockSupport.java:215)
        at java.util.concurrent.locks.AbstractQueuedSynchronizer$ConditionObject.awaitNanos(AbstractQueuedSynchronizer.java:2078)
        at org.eclipse.jetty.util.BlockingArrayQueue.poll(BlockingArrayQueue.java:382)
        at org.eclipse.jetty.util.thread.QueuedThreadPool$Runner.idleJobPoll(QueuedThreadPool.java:974)
        at org.eclipse.jetty.util.thread.QueuedThreadPool$Runner.run(QueuedThreadPool.java:1018)
        at java.lang.Thread.run(Thread.java:750)
"IPC Server listener on 15001" daemon prio=5 tid=30 runnable
java.lang.Thread.State: RUNNABLE
        at sun.nio.ch.EPollArrayWrapper.epollWait(Native Method)
        at sun.nio.ch.EPollArrayWrapper.poll(EPollArrayWrapper.java:269)
        at sun.nio.ch.EPollSelectorImpl.doSelect(EPollSelectorImpl.java:93)
        at sun.nio.ch.SelectorImpl.lockAndDoSelect(SelectorImpl.java:86)
        at sun.nio.ch.SelectorImpl.select(SelectorImpl.java:97)
        at sun.nio.ch.SelectorImpl.select(SelectorImpl.java:101)
        at org.apache.hadoop.ipc.Server$Listener.run(Server.java:1408)
"fadd24ee-4463-4420-97cf-bdd350ad83ae-ChunkWriter-1-0" daemon prio=5 tid=530 in Object.wait()
java.lang.Thread.State: WAITING (on object monitor)
        at sun.misc.Unsafe.park(Native Method)
        at java.util.concurrent.locks.LockSupport.park(LockSupport.java:175)
        at java.util.concurrent.locks.AbstractQueuedSynchronizer$ConditionObject.await(AbstractQueuedSynchronizer.java:2039)
        at java.util.concurrent.LinkedBlockingDeque.takeFirst(LinkedBlockingDeque.java:492)
        at java.util.concurrent.LinkedBlockingDeque.take(LinkedBlockingDeque.java:680)
        at java.util.concurrent.ThreadPoolExecutor.getTask(ThreadPoolExecutor.java:1074)
        at java.util.concurrent.ThreadPoolExecutor.runWorker(ThreadPoolExecutor.java:1134)
        at java.util.concurrent.ThreadPoolExecutor$Worker.run(ThreadPoolExecutor.java:624)
        at java.lang.Thread.run(Thread.java:750)
"StaleRecoveringContainerScrubbingService#4" daemon prio=5 tid=1140 in Object.wait()
java.lang.Thread.State: WAITING (on object monitor)
        at sun.misc.Unsafe.park(Native Method)
        at java.util.concurrent.locks.LockSupport.park(LockSupport.java:175)
        at java.util.concurrent.locks.AbstractQueuedSynchronizer$ConditionObject.await(AbstractQueuedSynchronizer.java:2039)
        at java.util.concurrent.ScheduledThreadPoolExecutor$DelayedWorkQueue.take(ScheduledThreadPoolExecutor.java:1088)
        at java.util.concurrent.ScheduledThreadPoolExecutor$DelayedWorkQueue.take(ScheduledThreadPoolExecutor.java:809)
        at java.util.concurrent.ThreadPoolExecutor.getTask(ThreadPoolExecutor.java:1074)
        at java.util.concurrent.ThreadPoolExecutor.runWorker(ThreadPoolExecutor.java:1134)
        at java.util.concurrent.ThreadPoolExecutor$Worker.run(ThreadPoolExecutor.java:624)
        at java.lang.Thread.run(Thread.java:750)
"Socket Reader #1 for port 15000"  prio=5 tid=36 runnable
java.lang.Thread.State: RUNNABLE
        at sun.nio.ch.EPollArrayWrapper.epollWait(Native Method)
        at sun.nio.ch.EPollArrayWrapper.poll(EPollArrayWrapper.java:269)
        at sun.nio.ch.EPollSelectorImpl.doSelect(EPollSelectorImpl.java:93)
        at sun.nio.ch.SelectorImpl.lockAndDoSelect(SelectorImpl.java:86)
        at sun.nio.ch.SelectorImpl.select(SelectorImpl.java:97)
        at sun.nio.ch.SelectorImpl.select(SelectorImpl.java:101)
        at org.apache.hadoop.ipc.Server$Listener$Reader.doRunLoop(Server.java:1346)
        at org.apache.hadoop.ipc.Server$Listener$Reader.run(Server.java:1325)
"IPC Server handler 15 on default port 15001" daemon prio=5 tid=86 timed_waiting
java.lang.Thread.State: TIMED_WAITING
        at sun.misc.Unsafe.park(Native Method)
        at java.util.concurrent.locks.LockSupport.parkNanos(LockSupport.java:215)
        at java.util.concurrent.locks.AbstractQueuedSynchronizer$ConditionObject.awaitNanos(AbstractQueuedSynchronizer.java:2078)
        at java.util.concurrent.LinkedBlockingQueue.poll(LinkedBlockingQueue.java:467)
        at org.apache.hadoop.ipc.CallQueueManager.take(CallQueueManager.java:317)
        at org.apache.hadoop.ipc.Server$Handler.run(Server.java:3014)
"StaleRecoveringContainerScrubbingService#4" daemon prio=5 tid=1142 in Object.wait()
java.lang.Thread.State: WAITING (on object monitor)
        at sun.misc.Unsafe.park(Native Method)
        at java.util.concurrent.locks.LockSupport.park(LockSupport.java:175)
        at java.util.concurrent.locks.AbstractQueuedSynchronizer$ConditionObject.await(AbstractQueuedSynchronizer.java:2039)
        at java.util.concurrent.ScheduledThreadPoolExecutor$DelayedWorkQueue.take(ScheduledThreadPoolExecutor.java:1088)
        at java.util.concurrent.ScheduledThreadPoolExecutor$DelayedWorkQueue.take(ScheduledThreadPoolExecutor.java:809)
        at java.util.concurrent.ThreadPoolExecutor.getTask(ThreadPoolExecutor.java:1074)
        at java.util.concurrent.ThreadPoolExecutor.runWorker(ThreadPoolExecutor.java:1134)
        at java.util.concurrent.ThreadPoolExecutor$Worker.run(ThreadPoolExecutor.java:624)
        at java.lang.Thread.run(Thread.java:750)
"StaleRecoveringContainerScrubbingService#1" daemon prio=5 tid=613 in Object.wait()
java.lang.Thread.State: WAITING (on object monitor)
        at sun.misc.Unsafe.park(Native Method)
        at java.util.concurrent.locks.LockSupport.park(LockSupport.java:175)
        at java.util.concurrent.locks.AbstractQueuedSynchronizer$ConditionObject.await(AbstractQueuedSynchronizer.java:2039)
        at java.util.concurrent.ScheduledThreadPoolExecutor$DelayedWorkQueue.take(ScheduledThreadPoolExecutor.java:1088)
        at java.util.concurrent.ScheduledThreadPoolExecutor$DelayedWorkQueue.take(ScheduledThreadPoolExecutor.java:809)
        at java.util.concurrent.ThreadPoolExecutor.getTask(ThreadPoolExecutor.java:1074)
        at java.util.concurrent.ThreadPoolExecutor.runWorker(ThreadPoolExecutor.java:1134)
        at java.util.concurrent.ThreadPoolExecutor$Worker.run(ThreadPoolExecutor.java:624)
        at java.lang.Thread.run(Thread.java:750)
"StaleRecoveringContainerScrubbingService#9" daemon prio=5 tid=1467 in Object.wait()
java.lang.Thread.State: WAITING (on object monitor)
        at sun.misc.Unsafe.park(Native Method)
        at java.util.concurrent.locks.LockSupport.park(LockSupport.java:175)
        at java.util.concurrent.locks.AbstractQueuedSynchronizer$ConditionObject.await(AbstractQueuedSynchronizer.java:2039)
        at java.util.concurrent.ScheduledThreadPoolExecutor$DelayedWorkQueue.take(ScheduledThreadPoolExecutor.java:1088)
        at java.util.concurrent.ScheduledThreadPoolExecutor$DelayedWorkQueue.take(ScheduledThreadPoolExecutor.java:809)
        at java.util.concurrent.ThreadPoolExecutor.getTask(ThreadPoolExecutor.java:1074)
        at java.util.concurrent.ThreadPoolExecutor.runWorker(ThreadPoolExecutor.java:1134)
        at java.util.concurrent.ThreadPoolExecutor$Worker.run(ThreadPoolExecutor.java:624)
        at java.lang.Thread.run(Thread.java:750)
"StaleRecoveringContainerScrubbingService#6" daemon prio=5 tid=1468 in Object.wait()
java.lang.Thread.State: WAITING (on object monitor)
        at sun.misc.Unsafe.park(Native Method)
        at java.util.concurrent.locks.LockSupport.park(LockSupport.java:175)
        at java.util.concurrent.locks.AbstractQueuedSynchronizer$ConditionObject.await(AbstractQueuedSynchronizer.java:2039)
        at java.util.concurrent.ScheduledThreadPoolExecutor$DelayedWorkQueue.take(ScheduledThreadPoolExecutor.java:1088)
        at java.util.concurrent.ScheduledThreadPoolExecutor$DelayedWorkQueue.take(ScheduledThreadPoolExecutor.java:809)
        at java.util.concurrent.ThreadPoolExecutor.getTask(ThreadPoolExecutor.java:1074)
        at java.util.concurrent.ThreadPoolExecutor.runWorker(ThreadPoolExecutor.java:1134)
        at java.util.concurrent.ThreadPoolExecutor$Worker.run(ThreadPoolExecutor.java:624)
        at java.lang.Thread.run(Thread.java:750)
"IPC Server idle connection scanner for port 15001" daemon prio=5 tid=32 timed_waiting
java.lang.Thread.State: TIMED_WAITING
        at java.lang.Object.wait(Native Method)
        at java.util.TimerThread.mainLoop(Timer.java:552)
        at java.util.TimerThread.run(Timer.java:505)
"IPC Server handler 14 on default port 15002" daemon prio=5 tid=105 timed_waiting
java.lang.Thread.State: TIMED_WAITING
        at sun.misc.Unsafe.park(Native Method)
        at java.util.concurrent.locks.LockSupport.parkNanos(LockSupport.java:215)
        at java.util.concurrent.locks.AbstractQueuedSynchronizer$ConditionObject.awaitNanos(AbstractQueuedSynchronizer.java:2078)
        at java.util.concurrent.LinkedBlockingQueue.poll(LinkedBlockingQueue.java:467)
        at org.apache.hadoop.ipc.CallQueueManager.take(CallQueueManager.java:317)
        at org.apache.hadoop.ipc.Server$Handler.run(Server.java:3014)
"IPC Server handler 7 on default port 15002" daemon prio=5 tid=98 timed_waiting
java.lang.Thread.State: TIMED_WAITING
        at sun.misc.Unsafe.park(Native Method)
        at java.util.concurrent.locks.LockSupport.parkNanos(LockSupport.java:215)
        at java.util.concurrent.locks.AbstractQueuedSynchronizer$ConditionObject.awaitNanos(AbstractQueuedSynchronizer.java:2078)
        at java.util.concurrent.LinkedBlockingQueue.poll(LinkedBlockingQueue.java:467)
        at org.apache.hadoop.ipc.CallQueueManager.take(CallQueueManager.java:317)
        at org.apache.hadoop.ipc.Server$Handler.run(Server.java:3014)
"FixedThreadPoolWithAffinityExecutor-6-0" daemon prio=5 tid=46 timed_waiting
java.lang.Thread.State: TIMED_WAITING
        at sun.misc.Unsafe.park(Native Method)
        at java.util.concurrent.locks.LockSupport.parkNanos(LockSupport.java:215)
        at java.util.concurrent.locks.AbstractQueuedSynchronizer$ConditionObject.awaitNanos(AbstractQueuedSynchronizer.java:2078)
        at java.util.concurrent.LinkedBlockingQueue.poll(LinkedBlockingQueue.java:467)
        at org.apache.hadoop.hdds.scm.server.ContainerReportQueue.poll(ContainerReportQueue.java:266)
        at org.apache.hadoop.hdds.scm.server.ContainerReportQueue.poll(ContainerReportQueue.java:42)
        at org.apache.hadoop.hdds.server.events.FixedThreadPoolWithAffinityExecutor$ContainerReportProcessTask.run(FixedThreadPoolWithAffinityExecutor.java:253)
        at java.util.concurrent.Executors$RunnableAdapter.call(Executors.java:511)
        at java.util.concurrent.FutureTask.run(FutureTask.java:266)
        at java.util.concurrent.ThreadPoolExecutor.runWorker(ThreadPoolExecutor.java:1149)
        at java.util.concurrent.ThreadPoolExecutor$Worker.run(ThreadPoolExecutor.java:624)
        at java.lang.Thread.run(Thread.java:750)
"grpc-default-boss-ELG-1-1" daemon prio=5 tid=146 runnable
java.lang.Thread.State: RUNNABLE
        at org.apache.ratis.thirdparty.io.netty.channel.epoll.Native.epollWait(Native Method)
        at org.apache.ratis.thirdparty.io.netty.channel.epoll.Native.epollWait(Native.java:209)
        at org.apache.ratis.thirdparty.io.netty.channel.epoll.Native.epollWait(Native.java:202)
        at org.apache.ratis.thirdparty.io.netty.channel.epoll.EpollEventLoop.epollWaitNoTimerChange(EpollEventLoop.java:306)
        at org.apache.ratis.thirdparty.io.netty.channel.epoll.EpollEventLoop.run(EpollEventLoop.java:363)
        at org.apache.ratis.thirdparty.io.netty.util.concurrent.SingleThreadEventExecutor$4.run(SingleThreadEventExecutor.java:997)
        at org.apache.ratis.thirdparty.io.netty.util.internal.ThreadExecutorMap$2.run(ThreadExecutorMap.java:74)
        at org.apache.ratis.thirdparty.io.netty.util.concurrent.FastThreadLocalRunnable.run(FastThreadLocalRunnable.java:30)
        at java.lang.Thread.run(Thread.java:750)
"d9016e39-0130-4fd9-896a-cac3c2785d02-CloseContainerThread-0"  prio=5 tid=1279 in Object.wait()
java.lang.Thread.State: WAITING (on object monitor)
        at sun.misc.Unsafe.park(Native Method)
        at java.util.concurrent.locks.LockSupport.park(LockSupport.java:175)
        at java.util.concurrent.locks.AbstractQueuedSynchronizer$ConditionObject.await(AbstractQueuedSynchronizer.java:2039)
        at java.util.concurrent.LinkedBlockingQueue.take(LinkedBlockingQueue.java:442)
        at java.util.concurrent.ThreadPoolExecutor.getTask(ThreadPoolExecutor.java:1074)
        at java.util.concurrent.ThreadPoolExecutor.runWorker(ThreadPoolExecutor.java:1134)
        at java.util.concurrent.ThreadPoolExecutor$Worker.run(ThreadPoolExecutor.java:624)
        at java.lang.Thread.run(Thread.java:750)
"fedf11b8-0957-422e-880a-91cc26979c7a-DatanodeStateMachineDaemonThread" daemon prio=5 tid=206 timed_waiting
java.lang.Thread.State: TIMED_WAITING
        at java.lang.Thread.sleep(Native Method)
        at org.apache.hadoop.ozone.container.common.statemachine.DatanodeStateMachine.startStateMachineThread(DatanodeStateMachine.java:369)
        at org.apache.hadoop.ozone.container.common.statemachine.DatanodeStateMachine.lambda$startDaemon$1(DatanodeStateMachine.java:556)
        at org.apache.hadoop.ozone.container.common.statemachine.DatanodeStateMachine$$Lambda$925/1394721877.run(Unknown Source)
        at java.lang.Thread.run(Thread.java:750)
"qtp2015427223-285" daemon prio=5 tid=285 timed_waiting
java.lang.Thread.State: TIMED_WAITING
        at sun.misc.Unsafe.park(Native Method)
        at java.util.concurrent.locks.LockSupport.parkNanos(LockSupport.java:215)
        at java.util.concurrent.locks.AbstractQueuedSynchronizer$ConditionObject.awaitNanos(AbstractQueuedSynchronizer.java:2078)
        at org.eclipse.jetty.util.BlockingArrayQueue.poll(BlockingArrayQueue.java:382)
        at org.eclipse.jetty.util.thread.QueuedThreadPool$Runner.idleJobPoll(QueuedThreadPool.java:974)
        at org.eclipse.jetty.util.thread.QueuedThreadPool$Runner.run(QueuedThreadPool.java:1018)
        at java.lang.Thread.run(Thread.java:750)
"fadd24ee-4463-4420-97cf-bdd350ad83ae-DatanodeStateMachineTaskThread-1"  prio=5 tid=524 in Object.wait()
java.lang.Thread.State: WAITING (on object monitor)
        at sun.misc.Unsafe.park(Native Method)
        at java.util.concurrent.locks.LockSupport.park(LockSupport.java:175)
        at java.util.concurrent.locks.AbstractQueuedSynchronizer$ConditionObject.await(AbstractQueuedSynchronizer.java:2039)
        at java.util.concurrent.LinkedBlockingQueue.take(LinkedBlockingQueue.java:442)
        at java.util.concurrent.ThreadPoolExecutor.getTask(ThreadPoolExecutor.java:1074)
        at java.util.concurrent.ThreadPoolExecutor.runWorker(ThreadPoolExecutor.java:1134)
        at java.util.concurrent.ThreadPoolExecutor$Worker.run(ThreadPoolExecutor.java:624)
        at java.lang.Thread.run(Thread.java:750)
"org.apache.hadoop.ozone.container.common.statemachine.commandhandler.DeleteBlocksCommandHandler$DeleteCmdWorker@3cb2b2de" daemon prio=5 tid=394 timed_waiting
java.lang.Thread.State: TIMED_WAITING
        at java.lang.Thread.sleep(Native Method)
        at org.apache.hadoop.ozone.container.common.statemachine.commandhandler.DeleteBlocksCommandHandler$DeleteCmdWorker.run(DeleteBlocksCommandHandler.java:237)
        at java.lang.Thread.run(Thread.java:750)
"5f7d9b36-4620-4ba9-8a78-929bd6ddd1f9-DatanodeStateMachineDaemonThread" daemon prio=5 tid=440 timed_waiting
java.lang.Thread.State: TIMED_WAITING
        at java.lang.Thread.sleep(Native Method)
        at org.apache.hadoop.ozone.container.common.statemachine.DatanodeStateMachine.startStateMachineThread(DatanodeStateMachine.java:369)
        at org.apache.hadoop.ozone.container.common.statemachine.DatanodeStateMachine.lambda$startDaemon$1(DatanodeStateMachine.java:556)
        at org.apache.hadoop.ozone.container.common.statemachine.DatanodeStateMachine$$Lambda$925/1394721877.run(Unknown Source)
        at java.lang.Thread.run(Thread.java:750)
"18227f38-d602-4438-971e-c9cd287df9cb-DatanodeReportManager-4" daemon prio=5 tid=416 in Object.wait()
java.lang.Thread.State: WAITING (on object monitor)
        at sun.misc.Unsafe.park(Native Method)
        at java.util.concurrent.locks.LockSupport.park(LockSupport.java:175)
        at java.util.concurrent.locks.AbstractQueuedSynchronizer$ConditionObject.await(AbstractQueuedSynchronizer.java:2039)
        at java.util.concurrent.ScheduledThreadPoolExecutor$DelayedWorkQueue.take(ScheduledThreadPoolExecutor.java:1088)
        at java.util.concurrent.ScheduledThreadPoolExecutor$DelayedWorkQueue.take(ScheduledThreadPoolExecutor.java:809)
        at java.util.concurrent.ThreadPoolExecutor.getTask(ThreadPoolExecutor.java:1074)
        at java.util.concurrent.ThreadPoolExecutor.runWorker(ThreadPoolExecutor.java:1134)
        at java.util.concurrent.ThreadPoolExecutor$Worker.run(ThreadPoolExecutor.java:624)
        at java.lang.Thread.run(Thread.java:750)
"92ba0aed-1dcc-4895-b5bb-fc45f440be2e-ChunkReader-5" daemon prio=5 tid=1151 in Object.wait()
java.lang.Thread.State: WAITING (on object monitor)
        at sun.misc.Unsafe.park(Native Method)
        at java.util.concurrent.locks.LockSupport.park(LockSupport.java:175)
        at java.util.concurrent.locks.AbstractQueuedSynchronizer$ConditionObject.await(AbstractQueuedSynchronizer.java:2039)
        at java.util.concurrent.LinkedBlockingQueue.take(LinkedBlockingQueue.java:442)
        at java.util.concurrent.ThreadPoolExecutor.getTask(ThreadPoolExecutor.java:1074)
        at java.util.concurrent.ThreadPoolExecutor.runWorker(ThreadPoolExecutor.java:1134)
        at java.util.concurrent.ThreadPoolExecutor$Worker.run(ThreadPoolExecutor.java:624)
        at java.lang.Thread.run(Thread.java:750)
"StaleRecoveringContainerScrubbingService#6" daemon prio=5 tid=1324 in Object.wait()
java.lang.Thread.State: WAITING (on object monitor)
        at sun.misc.Unsafe.park(Native Method)
        at java.util.concurrent.locks.LockSupport.park(LockSupport.java:175)
        at java.util.concurrent.locks.AbstractQueuedSynchronizer$ConditionObject.await(AbstractQueuedSynchronizer.java:2039)
        at java.util.concurrent.ScheduledThreadPoolExecutor$DelayedWorkQueue.take(ScheduledThreadPoolExecutor.java:1088)
        at java.util.concurrent.ScheduledThreadPoolExecutor$DelayedWorkQueue.take(ScheduledThreadPoolExecutor.java:809)
        at java.util.concurrent.ThreadPoolExecutor.getTask(ThreadPoolExecutor.java:1074)
        at java.util.concurrent.ThreadPoolExecutor.runWorker(ThreadPoolExecutor.java:1134)
        at java.util.concurrent.ThreadPoolExecutor$Worker.run(ThreadPoolExecutor.java:624)
        at java.lang.Thread.run(Thread.java:750)
"surefire-forkedjvm-command-thread" daemon prio=5 tid=10 runnable
java.lang.Thread.State: RUNNABLE
        at java.io.FileInputStream.readBytes(Native Method)
        at java.io.FileInputStream.read(FileInputStream.java:255)
        at java.io.BufferedInputStream.read1(BufferedInputStream.java:284)
        at java.io.BufferedInputStream.read(BufferedInputStream.java:345)
        at java.io.BufferedInputStream.fill(BufferedInputStream.java:246)
        at java.io.BufferedInputStream.read1(BufferedInputStream.java:286)
        at java.io.BufferedInputStream.read(BufferedInputStream.java:345)
        at org.apache.maven.surefire.api.util.internal.Channels$3.readImpl(Channels.java:214)
        at org.apache.maven.surefire.api.util.internal.AbstractNoninterruptibleReadableChannel.read(AbstractNoninterruptibleReadableChannel.java:54)
        at org.apache.maven.surefire.booter.spi.LegacyMasterProcessChannelDecoder.decode(LegacyMasterProcessChannelDecoder.java:80)
        at org.apache.maven.surefire.booter.CommandReader$CommandRunnable.run(CommandReader.java:343)
        at java.lang.Thread.run(Thread.java:750)
"qtp1789087814-1182" daemon prio=5 tid=1182 timed_waiting
java.lang.Thread.State: TIMED_WAITING
        at sun.misc.Unsafe.park(Native Method)
        at java.util.concurrent.locks.LockSupport.parkNanos(LockSupport.java:215)
        at java.util.concurrent.locks.AbstractQueuedSynchronizer$ConditionObject.awaitNanos(AbstractQueuedSynchronizer.java:2078)
        at org.eclipse.jetty.util.BlockingArrayQueue.poll(BlockingArrayQueue.java:382)
        at org.eclipse.jetty.util.thread.QueuedThreadPool$Runner.idleJobPoll(QueuedThreadPool.java:974)
        at org.eclipse.jetty.util.thread.QueuedThreadPool$Runner.run(QueuedThreadPool.java:1018)
        at java.lang.Thread.run(Thread.java:750)
"DatanodeAdminManager-0" daemon prio=5 tid=23 timed_waiting
java.lang.Thread.State: TIMED_WAITING
        at sun.misc.Unsafe.park(Native Method)
        at java.util.concurrent.locks.LockSupport.parkNanos(LockSupport.java:215)
        at java.util.concurrent.locks.AbstractQueuedSynchronizer$ConditionObject.awaitNanos(AbstractQueuedSynchronizer.java:2078)
        at java.util.concurrent.ScheduledThreadPoolExecutor$DelayedWorkQueue.take(ScheduledThreadPoolExecutor.java:1093)
        at java.util.concurrent.ScheduledThreadPoolExecutor$DelayedWorkQueue.take(ScheduledThreadPoolExecutor.java:809)
        at java.util.concurrent.ThreadPoolExecutor.getTask(ThreadPoolExecutor.java:1074)
        at java.util.concurrent.ThreadPoolExecutor.runWorker(ThreadPoolExecutor.java:1134)
        at java.util.concurrent.ThreadPoolExecutor$Worker.run(ThreadPoolExecutor.java:624)
        at java.lang.Thread.run(Thread.java:750)
"StaleRecoveringContainerScrubbingService#4" daemon prio=5 tid=1137 in Object.wait()
java.lang.Thread.State: WAITING (on object monitor)
        at sun.misc.Unsafe.park(Native Method)
        at java.util.concurrent.locks.LockSupport.park(LockSupport.java:175)
        at java.util.concurrent.locks.AbstractQueuedSynchronizer$ConditionObject.await(AbstractQueuedSynchronizer.java:2039)
        at java.util.concurrent.ScheduledThreadPoolExecutor$DelayedWorkQueue.take(ScheduledThreadPoolExecutor.java:1088)
        at java.util.concurrent.ScheduledThreadPoolExecutor$DelayedWorkQueue.take(ScheduledThreadPoolExecutor.java:809)
        at java.util.concurrent.ThreadPoolExecutor.getTask(ThreadPoolExecutor.java:1074)
        at java.util.concurrent.ThreadPoolExecutor.runWorker(ThreadPoolExecutor.java:1134)
        at java.util.concurrent.ThreadPoolExecutor$Worker.run(ThreadPoolExecutor.java:624)
        at java.lang.Thread.run(Thread.java:750)
"om1-OMDoubleBufferFlushThread" daemon prio=5 tid=132 timed_waiting
java.lang.Thread.State: TIMED_WAITING
        at java.lang.Object.wait(Native Method)
        at org.apache.hadoop.ozone.om.ratis.OzoneManagerDoubleBuffer.canFlush(OzoneManagerDoubleBuffer.java:635)
        at org.apache.hadoop.ozone.om.ratis.OzoneManagerDoubleBuffer.flushTransactions(OzoneManagerDoubleBuffer.java:286)
        at org.apache.hadoop.ozone.om.ratis.OzoneManagerDoubleBuffer$$Lambda$632/1025959866.run(Unknown Source)
        at java.lang.Thread.run(Thread.java:750)
"Session-HouseKeeper-5723efaa-1"  prio=5 tid=230 timed_waiting
java.lang.Thread.State: TIMED_WAITING
        at sun.misc.Unsafe.park(Native Method)
        at java.util.concurrent.locks.LockSupport.parkNanos(LockSupport.java:215)
        at java.util.concurrent.locks.AbstractQueuedSynchronizer$ConditionObject.awaitNanos(AbstractQueuedSynchronizer.java:2078)
        at java.util.concurrent.ScheduledThreadPoolExecutor$DelayedWorkQueue.take(ScheduledThreadPoolExecutor.java:1093)
        at java.util.concurrent.ScheduledThreadPoolExecutor$DelayedWorkQueue.take(ScheduledThreadPoolExecutor.java:809)
        at java.util.concurrent.ThreadPoolExecutor.getTask(ThreadPoolExecutor.java:1074)
        at java.util.concurrent.ThreadPoolExecutor.runWorker(ThreadPoolExecutor.java:1134)
        at java.util.concurrent.ThreadPoolExecutor$Worker.run(ThreadPoolExecutor.java:624)
        at java.lang.Thread.run(Thread.java:750)
"d9016e39-0130-4fd9-896a-cac3c2785d02-PeriodicHDDSVolumeChecker" daemon prio=5 tid=1203 timed_waiting
java.lang.Thread.State: TIMED_WAITING
        at sun.misc.Unsafe.park(Native Method)
        at java.util.concurrent.locks.LockSupport.parkNanos(LockSupport.java:215)
        at java.util.concurrent.locks.AbstractQueuedSynchronizer$ConditionObject.awaitNanos(AbstractQueuedSynchronizer.java:2078)
        at java.util.concurrent.ScheduledThreadPoolExecutor$DelayedWorkQueue.take(ScheduledThreadPoolExecutor.java:1093)
        at java.util.concurrent.ScheduledThreadPoolExecutor$DelayedWorkQueue.take(ScheduledThreadPoolExecutor.java:809)
        at java.util.concurrent.ThreadPoolExecutor.getTask(ThreadPoolExecutor.java:1074)
        at java.util.concurrent.ThreadPoolExecutor.runWorker(ThreadPoolExecutor.java:1134)
        at java.util.concurrent.ThreadPoolExecutor$Worker.run(ThreadPoolExecutor.java:624)
        at java.lang.Thread.run(Thread.java:750)
"4cee0e49-9f18-41f8-8e67-157ccbc15955-ChunkReader-4" daemon prio=5 tid=1145 in Object.wait()
java.lang.Thread.State: WAITING (on object monitor)
        at sun.misc.Unsafe.park(Native Method)
        at java.util.concurrent.locks.LockSupport.park(LockSupport.java:175)
        at java.util.concurrent.locks.AbstractQueuedSynchronizer$ConditionObject.await(AbstractQueuedSynchronizer.java:2039)
        at java.util.concurrent.LinkedBlockingQueue.take(LinkedBlockingQueue.java:442)
        at java.util.concurrent.ThreadPoolExecutor.getTask(ThreadPoolExecutor.java:1074)
        at java.util.concurrent.ThreadPoolExecutor.runWorker(ThreadPoolExecutor.java:1134)
        at java.util.concurrent.ThreadPoolExecutor$Worker.run(ThreadPoolExecutor.java:624)
        at java.lang.Thread.run(Thread.java:750)
"StaleRecoveringContainerScrubbingService#8" daemon prio=5 tid=1475 in Object.wait()
java.lang.Thread.State: WAITING (on object monitor)
        at sun.misc.Unsafe.park(Native Method)
        at java.util.concurrent.locks.LockSupport.park(LockSupport.java:175)
        at java.util.concurrent.locks.AbstractQueuedSynchronizer$ConditionObject.await(AbstractQueuedSynchronizer.java:2039)
        at java.util.concurrent.ScheduledThreadPoolExecutor$DelayedWorkQueue.take(ScheduledThreadPoolExecutor.java:1088)
        at java.util.concurrent.ScheduledThreadPoolExecutor$DelayedWorkQueue.take(ScheduledThreadPoolExecutor.java:809)
        at java.util.concurrent.ThreadPoolExecutor.getTask(ThreadPoolExecutor.java:1074)
        at java.util.concurrent.ThreadPoolExecutor.runWorker(ThreadPoolExecutor.java:1134)
        at java.util.concurrent.ThreadPoolExecutor$Worker.run(ThreadPoolExecutor.java:624)
        at java.lang.Thread.run(Thread.java:750)
"qtp1362677814-222-acceptor-0@25abcafc-ServerConnector@3463d5f7{HTTP/1.1, (http/1.1)}{0.0.0.0:15018}" daemon prio=3 tid=222 runnable
java.lang.Thread.State: RUNNABLE
        at sun.nio.ch.ServerSocketChannelImpl.accept0(Native Method)
        at sun.nio.ch.ServerSocketChannelImpl.accept(ServerSocketChannelImpl.java:421)
        at sun.nio.ch.ServerSocketChannelImpl.accept(ServerSocketChannelImpl.java:249)
        at org.eclipse.jetty.server.ServerConnector.accept(ServerConnector.java:388)
        at org.eclipse.jetty.server.AbstractConnector$Acceptor.run(AbstractConnector.java:704)
        at org.eclipse.jetty.util.thread.QueuedThreadPool.runJob(QueuedThreadPool.java:883)
        at org.eclipse.jetty.util.thread.QueuedThreadPool$Runner.run(QueuedThreadPool.java:1034)
        at java.lang.Thread.run(Thread.java:750)
"org.apache.hadoop.ozone.container.common.statemachine.commandhandler.DeleteBlocksCommandHandler$DeleteCmdWorker@47c2ba49" daemon prio=5 tid=452 timed_waiting
java.lang.Thread.State: TIMED_WAITING
        at java.lang.Thread.sleep(Native Method)
        at org.apache.hadoop.ozone.container.common.statemachine.commandhandler.DeleteBlocksCommandHandler$DeleteCmdWorker.run(DeleteBlocksCommandHandler.java:237)
        at java.lang.Thread.run(Thread.java:750)
"IPC Server listener on 15037" daemon prio=5 tid=289 runnable
java.lang.Thread.State: RUNNABLE
        at sun.nio.ch.EPollArrayWrapper.epollWait(Native Method)
        at sun.nio.ch.EPollArrayWrapper.poll(EPollArrayWrapper.java:269)
        at sun.nio.ch.EPollSelectorImpl.doSelect(EPollSelectorImpl.java:93)
        at sun.nio.ch.SelectorImpl.lockAndDoSelect(SelectorImpl.java:86)
        at sun.nio.ch.SelectorImpl.select(SelectorImpl.java:97)
        at sun.nio.ch.SelectorImpl.select(SelectorImpl.java:101)
        at org.apache.hadoop.ipc.Server$Listener.run(Server.java:1408)
"gradle-enterprise-test-client-gradle-enterprise-test-listener"  prio=5 tid=12 in Object.wait()
java.lang.Thread.State: WAITING (on object monitor)
        at sun.misc.Unsafe.park(Native Method)
        at java.util.concurrent.locks.LockSupport.park(LockSupport.java:175)
        at java.util.concurrent.locks.AbstractQueuedSynchronizer$ConditionObject.await(AbstractQueuedSynchronizer.java:2039)
        at java.util.concurrent.ArrayBlockingQueue.take(ArrayBlockingQueue.java:403)
        at com.gradle.maven.scan.extension.test.listener.obfuscated.j.a.a(SourceFile:113)
        at com.gradle.maven.scan.extension.test.listener.obfuscated.j.a.b(SourceFile:73)
        at com.gradle.maven.scan.extension.test.listener.obfuscated.j.a$$Lambda$225/636782475.run(Unknown Source)
        at java.util.concurrent.Executors$RunnableAdapter.call(Executors.java:511)
        at java.util.concurrent.FutureTask.run(FutureTask.java:266)
        at java.util.concurrent.ThreadPoolExecutor.runWorker(ThreadPoolExecutor.java:1149)
        at java.util.concurrent.ThreadPoolExecutor$Worker.run(ThreadPoolExecutor.java:624)
        at java.lang.Thread.run(Thread.java:750)
"StaleRecoveringContainerScrubbingService#0" daemon prio=5 tid=536 in Object.wait()
java.lang.Thread.State: WAITING (on object monitor)
        at sun.misc.Unsafe.park(Native Method)
        at java.util.concurrent.locks.LockSupport.park(LockSupport.java:175)
        at java.util.concurrent.locks.AbstractQueuedSynchronizer$ConditionObject.await(AbstractQueuedSynchronizer.java:2039)
        at java.util.concurrent.ScheduledThreadPoolExecutor$DelayedWorkQueue.take(ScheduledThreadPoolExecutor.java:1088)
        at java.util.concurrent.ScheduledThreadPoolExecutor$DelayedWorkQueue.take(ScheduledThreadPoolExecutor.java:809)
        at java.util.concurrent.ThreadPoolExecutor.getTask(ThreadPoolExecutor.java:1074)
        at java.util.concurrent.ThreadPoolExecutor.runWorker(ThreadPoolExecutor.java:1134)
        at java.util.concurrent.ThreadPoolExecutor$Worker.run(ThreadPoolExecutor.java:624)
        at java.lang.Thread.run(Thread.java:750)
"0e92623e-4dcf-4eff-ae25-f8b8c2de319b-CommandProcessorThread" daemon prio=5 tid=475 timed_waiting
java.lang.Thread.State: TIMED_WAITING
        at java.lang.Thread.sleep(Native Method)
        at org.apache.hadoop.ozone.container.common.statemachine.DatanodeStateMachine.lambda$initCommandHandlerThread$4(DatanodeStateMachine.java:684)
        at org.apache.hadoop.ozone.container.common.statemachine.DatanodeStateMachine$$Lambda$927/756418972.run(Unknown Source)
        at java.lang.Thread.run(Thread.java:750)
"18227f38-d602-4438-971e-c9cd287df9cb-DatanodeReportManager-2" daemon prio=5 tid=414 in Object.wait()
java.lang.Thread.State: WAITING (on object monitor)
        at sun.misc.Unsafe.park(Native Method)
        at java.util.concurrent.locks.LockSupport.park(LockSupport.java:175)
        at java.util.concurrent.locks.AbstractQueuedSynchronizer$ConditionObject.await(AbstractQueuedSynchronizer.java:2039)
        at java.util.concurrent.ScheduledThreadPoolExecutor$DelayedWorkQueue.take(ScheduledThreadPoolExecutor.java:1088)
        at java.util.concurrent.ScheduledThreadPoolExecutor$DelayedWorkQueue.take(ScheduledThreadPoolExecutor.java:809)
        at java.util.concurrent.ThreadPoolExecutor.getTask(ThreadPoolExecutor.java:1074)
        at java.util.concurrent.ThreadPoolExecutor.runWorker(ThreadPoolExecutor.java:1134)
        at java.util.concurrent.ThreadPoolExecutor$Worker.run(ThreadPoolExecutor.java:624)
        at java.lang.Thread.run(Thread.java:750)
"IPC Server handler 9 on default port 15000" daemon prio=5 tid=60 timed_waiting
java.lang.Thread.State: TIMED_WAITING
        at sun.misc.Unsafe.park(Native Method)
        at java.util.concurrent.locks.LockSupport.parkNanos(LockSupport.java:215)
        at java.util.concurrent.locks.AbstractQueuedSynchronizer$ConditionObject.awaitNanos(AbstractQueuedSynchronizer.java:2078)
        at java.util.concurrent.LinkedBlockingQueue.poll(LinkedBlockingQueue.java:467)
        at org.apache.hadoop.ipc.CallQueueManager.take(CallQueueManager.java:317)
        at org.apache.hadoop.ipc.Server$Handler.run(Server.java:3014)
"EventQueue-DatanodeCommandQueueUpdatedForDatanodeCommandCountUpdatedHandler" daemon prio=5 tid=637 in Object.wait()
java.lang.Thread.State: WAITING (on object monitor)
        at sun.misc.Unsafe.park(Native Method)
        at java.util.concurrent.locks.LockSupport.park(LockSupport.java:175)
        at java.util.concurrent.locks.AbstractQueuedSynchronizer$ConditionObject.await(AbstractQueuedSynchronizer.java:2039)
        at java.util.concurrent.LinkedBlockingQueue.take(LinkedBlockingQueue.java:442)
        at java.util.concurrent.ThreadPoolExecutor.getTask(ThreadPoolExecutor.java:1074)
        at java.util.concurrent.ThreadPoolExecutor.runWorker(ThreadPoolExecutor.java:1134)
        at java.util.concurrent.ThreadPoolExecutor$Worker.run(ThreadPoolExecutor.java:624)
        at java.lang.Thread.run(Thread.java:750)
"StaleRecoveringContainerScrubbingService#1" daemon prio=5 tid=538 in Object.wait()
java.lang.Thread.State: WAITING (on object monitor)
        at sun.misc.Unsafe.park(Native Method)
        at java.util.concurrent.locks.LockSupport.park(LockSupport.java:175)
        at java.util.concurrent.locks.AbstractQueuedSynchronizer$ConditionObject.await(AbstractQueuedSynchronizer.java:2039)
        at java.util.concurrent.ScheduledThreadPoolExecutor$DelayedWorkQueue.take(ScheduledThreadPoolExecutor.java:1088)
        at java.util.concurrent.ScheduledThreadPoolExecutor$DelayedWorkQueue.take(ScheduledThreadPoolExecutor.java:809)
        at java.util.concurrent.ThreadPoolExecutor.getTask(ThreadPoolExecutor.java:1074)
        at java.util.concurrent.ThreadPoolExecutor.runWorker(ThreadPoolExecutor.java:1134)
        at java.util.concurrent.ThreadPoolExecutor$Worker.run(ThreadPoolExecutor.java:624)
        at java.lang.Thread.run(Thread.java:750)
"StaleRecoveringContainerScrubbingService#8" daemon prio=5 tid=1438 in Object.wait()
java.lang.Thread.State: WAITING (on object monitor)
        at sun.misc.Unsafe.park(Native Method)
        at java.util.concurrent.locks.LockSupport.park(LockSupport.java:175)
        at java.util.concurrent.locks.AbstractQueuedSynchronizer$ConditionObject.await(AbstractQueuedSynchronizer.java:2039)
        at java.util.concurrent.ScheduledThreadPoolExecutor$DelayedWorkQueue.take(ScheduledThreadPoolExecutor.java:1088)
        at java.util.concurrent.ScheduledThreadPoolExecutor$DelayedWorkQueue.take(ScheduledThreadPoolExecutor.java:809)
        at java.util.concurrent.ThreadPoolExecutor.getTask(ThreadPoolExecutor.java:1074)
        at java.util.concurrent.ThreadPoolExecutor.runWorker(ThreadPoolExecutor.java:1134)
        at java.util.concurrent.ThreadPoolExecutor$Worker.run(ThreadPoolExecutor.java:624)
        at java.lang.Thread.run(Thread.java:750)
"pool-298-thread-1"  prio=5 tid=424 timed_waiting
java.lang.Thread.State: TIMED_WAITING
        at sun.misc.Unsafe.park(Native Method)
        at java.util.concurrent.locks.LockSupport.parkNanos(LockSupport.java:215)
        at java.util.concurrent.locks.AbstractQueuedSynchronizer$ConditionObject.awaitNanos(AbstractQueuedSynchronizer.java:2078)
        at java.util.concurrent.ScheduledThreadPoolExecutor$DelayedWorkQueue.take(ScheduledThreadPoolExecutor.java:1093)
        at java.util.concurrent.ScheduledThreadPoolExecutor$DelayedWorkQueue.take(ScheduledThreadPoolExecutor.java:809)
        at java.util.concurrent.ThreadPoolExecutor.getTask(ThreadPoolExecutor.java:1074)
        at java.util.concurrent.ThreadPoolExecutor.runWorker(ThreadPoolExecutor.java:1134)
        at java.util.concurrent.ThreadPoolExecutor$Worker.run(ThreadPoolExecutor.java:624)
        at java.lang.Thread.run(Thread.java:750)
"Session-HouseKeeper-7635c841-1"  prio=5 tid=1186 timed_waiting
java.lang.Thread.State: TIMED_WAITING
        at sun.misc.Unsafe.park(Native Method)
        at java.util.concurrent.locks.LockSupport.parkNanos(LockSupport.java:215)
        at java.util.concurrent.locks.AbstractQueuedSynchronizer$ConditionObject.awaitNanos(AbstractQueuedSynchronizer.java:2078)
        at java.util.concurrent.ScheduledThreadPoolExecutor$DelayedWorkQueue.take(ScheduledThreadPoolExecutor.java:1093)
        at java.util.concurrent.ScheduledThreadPoolExecutor$DelayedWorkQueue.take(ScheduledThreadPoolExecutor.java:809)
        at java.util.concurrent.ThreadPoolExecutor.getTask(ThreadPoolExecutor.java:1074)
        at java.util.concurrent.ThreadPoolExecutor.runWorker(ThreadPoolExecutor.java:1134)
        at java.util.concurrent.ThreadPoolExecutor$Worker.run(ThreadPoolExecutor.java:624)
        at java.lang.Thread.run(Thread.java:750)
"Hadoop-Metrics-Updater-0" daemon prio=5 tid=409 timed_waiting
java.lang.Thread.State: TIMED_WAITING
        at sun.misc.Unsafe.park(Native Method)
        at java.util.concurrent.locks.LockSupport.parkNanos(LockSupport.java:215)
        at java.util.concurrent.locks.AbstractQueuedSynchronizer$ConditionObject.awaitNanos(AbstractQueuedSynchronizer.java:2078)
        at java.util.concurrent.ScheduledThreadPoolExecutor$DelayedWorkQueue.take(ScheduledThreadPoolExecutor.java:1093)
        at java.util.concurrent.ScheduledThreadPoolExecutor$DelayedWorkQueue.take(ScheduledThreadPoolExecutor.java:809)
        at java.util.concurrent.ThreadPoolExecutor.getTask(ThreadPoolExecutor.java:1074)
        at java.util.concurrent.ThreadPoolExecutor.runWorker(ThreadPoolExecutor.java:1134)
        at java.util.concurrent.ThreadPoolExecutor$Worker.run(ThreadPoolExecutor.java:624)
        at java.lang.Thread.run(Thread.java:750)
"fedf11b8-0957-422e-880a-91cc26979c7a-BlockDeletingService#3" daemon prio=5 tid=1477 in Object.wait()
java.lang.Thread.State: WAITING (on object monitor)
        at sun.misc.Unsafe.park(Native Method)
        at java.util.concurrent.locks.LockSupport.park(LockSupport.java:175)
        at java.util.concurrent.locks.AbstractQueuedSynchronizer$ConditionObject.await(AbstractQueuedSynchronizer.java:2039)
        at java.util.concurrent.ScheduledThreadPoolExecutor$DelayedWorkQueue.take(ScheduledThreadPoolExecutor.java:1088)
        at java.util.concurrent.ScheduledThreadPoolExecutor$DelayedWorkQueue.take(ScheduledThreadPoolExecutor.java:809)
        at java.util.concurrent.ThreadPoolExecutor.getTask(ThreadPoolExecutor.java:1074)
        at java.util.concurrent.ThreadPoolExecutor.runWorker(ThreadPoolExecutor.java:1134)
        at java.util.concurrent.ThreadPoolExecutor$Worker.run(ThreadPoolExecutor.java:624)
        at java.lang.Thread.run(Thread.java:750)
"Session-HouseKeeper-536889a8-1"  prio=5 tid=317 timed_waiting
java.lang.Thread.State: TIMED_WAITING
        at sun.misc.Unsafe.park(Native Method)
        at java.util.concurrent.locks.LockSupport.parkNanos(LockSupport.java:215)
        at java.util.concurrent.locks.AbstractQueuedSynchronizer$ConditionObject.awaitNanos(AbstractQueuedSynchronizer.java:2078)
        at java.util.concurrent.ScheduledThreadPoolExecutor$DelayedWorkQueue.take(ScheduledThreadPoolExecutor.java:1093)
        at java.util.concurrent.ScheduledThreadPoolExecutor$DelayedWorkQueue.take(ScheduledThreadPoolExecutor.java:809)
        at java.util.concurrent.ThreadPoolExecutor.getTask(ThreadPoolExecutor.java:1074)
        at java.util.concurrent.ThreadPoolExecutor.runWorker(ThreadPoolExecutor.java:1134)
        at java.util.concurrent.ThreadPoolExecutor$Worker.run(ThreadPoolExecutor.java:624)
        at java.lang.Thread.run(Thread.java:750)
"5f7d9b36-4620-4ba9-8a78-929bd6ddd1f9@group-DF79F62058F4->92ba0aed-1dcc-4895-b5bb-fc45f440be2e-GrpcLogAppender-LogAppenderDaemon" daemon prio=5 tid=966 timed_waiting
java.lang.Thread.State: TIMED_WAITING
        at sun.misc.Unsafe.park(Native Method)
        at java.util.concurrent.locks.LockSupport.parkNanos(LockSupport.java:215)
        at java.util.concurrent.locks.AbstractQueuedSynchronizer$ConditionObject.await(AbstractQueuedSynchronizer.java:2163)
        at org.apache.ratis.util.AwaitForSignal.await(AwaitForSignal.java:62)
        at org.apache.ratis.grpc.server.GrpcLogAppender.mayWait(GrpcLogAppender.java:197)
        at org.apache.ratis.grpc.server.GrpcLogAppender.run(GrpcLogAppender.java:148)
        at org.apache.ratis.server.leader.LogAppenderDaemon.run(LogAppenderDaemon.java:78)
        at org.apache.ratis.server.leader.LogAppenderDaemon$$Lambda$1246/2075727611.run(Unknown Source)
        at java.lang.Thread.run(Thread.java:750)
"IPC Server listener on 15028" daemon prio=5 tid=1187 runnable
java.lang.Thread.State: RUNNABLE
        at sun.nio.ch.EPollArrayWrapper.epollWait(Native Method)
        at sun.nio.ch.EPollArrayWrapper.poll(EPollArrayWrapper.java:269)
        at sun.nio.ch.EPollSelectorImpl.doSelect(EPollSelectorImpl.java:93)
        at sun.nio.ch.SelectorImpl.lockAndDoSelect(SelectorImpl.java:86)
        at sun.nio.ch.SelectorImpl.select(SelectorImpl.java:97)
        at sun.nio.ch.SelectorImpl.select(SelectorImpl.java:101)
        at org.apache.hadoop.ipc.Server$Listener.run(Server.java:1408)
"Session-HouseKeeper-50770e90-1"  prio=5 tid=288 timed_waiting
java.lang.Thread.State: TIMED_WAITING
        at sun.misc.Unsafe.park(Native Method)
        at java.util.concurrent.locks.LockSupport.parkNanos(LockSupport.java:215)
        at java.util.concurrent.locks.AbstractQueuedSynchronizer$ConditionObject.awaitNanos(AbstractQueuedSynchronizer.java:2078)
        at java.util.concurrent.ScheduledThreadPoolExecutor$DelayedWorkQueue.take(ScheduledThreadPoolExecutor.java:1093)
        at java.util.concurrent.ScheduledThreadPoolExecutor$DelayedWorkQueue.take(ScheduledThreadPoolExecutor.java:809)
        at java.util.concurrent.ThreadPoolExecutor.getTask(ThreadPoolExecutor.java:1074)
        at java.util.concurrent.ThreadPoolExecutor.runWorker(ThreadPoolExecutor.java:1134)
        at java.util.concurrent.ThreadPoolExecutor$Worker.run(ThreadPoolExecutor.java:624)
        at java.lang.Thread.run(Thread.java:750)
"IPC Server handler 18 on default port 15001" daemon prio=5 tid=89 timed_waiting
java.lang.Thread.State: TIMED_WAITING
        at sun.misc.Unsafe.park(Native Method)
        at java.util.concurrent.locks.LockSupport.parkNanos(LockSupport.java:215)
        at java.util.concurrent.locks.AbstractQueuedSynchronizer$ConditionObject.awaitNanos(AbstractQueuedSynchronizer.java:2078)
        at java.util.concurrent.LinkedBlockingQueue.poll(LinkedBlockingQueue.java:467)
        at org.apache.hadoop.ipc.CallQueueManager.take(CallQueueManager.java:317)
        at org.apache.hadoop.ipc.Server$Handler.run(Server.java:3014)
"0e92623e-4dcf-4eff-ae25-f8b8c2de319b-ChunkReader-1" daemon prio=5 tid=1041 in Object.wait()
java.lang.Thread.State: WAITING (on object monitor)
        at sun.misc.Unsafe.park(Native Method)
        at java.util.concurrent.locks.LockSupport.park(LockSupport.java:175)
        at java.util.concurrent.locks.AbstractQueuedSynchronizer$ConditionObject.await(AbstractQueuedSynchronizer.java:2039)
        at java.util.concurrent.LinkedBlockingQueue.take(LinkedBlockingQueue.java:442)
        at java.util.concurrent.ThreadPoolExecutor.getTask(ThreadPoolExecutor.java:1074)
        at java.util.concurrent.ThreadPoolExecutor.runWorker(ThreadPoolExecutor.java:1134)
        at java.util.concurrent.ThreadPoolExecutor$Worker.run(ThreadPoolExecutor.java:624)
        at java.lang.Thread.run(Thread.java:750)
"0e92623e-4dcf-4eff-ae25-f8b8c2de319b-BlockDeletingService#0" daemon prio=5 tid=626 timed_waiting
java.lang.Thread.State: TIMED_WAITING
        at sun.misc.Unsafe.park(Native Method)
        at java.util.concurrent.locks.LockSupport.parkNanos(LockSupport.java:215)
        at java.util.concurrent.locks.AbstractQueuedSynchronizer$ConditionObject.awaitNanos(AbstractQueuedSynchronizer.java:2078)
        at java.util.concurrent.ScheduledThreadPoolExecutor$DelayedWorkQueue.take(ScheduledThreadPoolExecutor.java:1093)
        at java.util.concurrent.ScheduledThreadPoolExecutor$DelayedWorkQueue.take(ScheduledThreadPoolExecutor.java:809)
        at java.util.concurrent.ThreadPoolExecutor.getTask(ThreadPoolExecutor.java:1074)
        at java.util.concurrent.ThreadPoolExecutor.runWorker(ThreadPoolExecutor.java:1134)
        at java.util.concurrent.ThreadPoolExecutor$Worker.run(ThreadPoolExecutor.java:624)
        at java.lang.Thread.run(Thread.java:750)
"IPC Server handler 5 on default port 15000" daemon prio=5 tid=56 timed_waiting
java.lang.Thread.State: TIMED_WAITING
        at sun.misc.Unsafe.park(Native Method)
        at java.util.concurrent.locks.LockSupport.parkNanos(LockSupport.java:215)
        at java.util.concurrent.locks.AbstractQueuedSynchronizer$ConditionObject.awaitNanos(AbstractQueuedSynchronizer.java:2078)
        at java.util.concurrent.LinkedBlockingQueue.poll(LinkedBlockingQueue.java:467)
        at org.apache.hadoop.ipc.CallQueueManager.take(CallQueueManager.java:317)
        at org.apache.hadoop.ipc.Server$Handler.run(Server.java:3014)
"0e92623e-4dcf-4eff-ae25-f8b8c2de319b-BlockDeletingService#2" daemon prio=5 tid=1431 in Object.wait()
java.lang.Thread.State: WAITING (on object monitor)
        at sun.misc.Unsafe.park(Native Method)
        at java.util.concurrent.locks.LockSupport.park(LockSupport.java:175)
        at java.util.concurrent.locks.AbstractQueuedSynchronizer$ConditionObject.await(AbstractQueuedSynchronizer.java:2039)
        at java.util.concurrent.ScheduledThreadPoolExecutor$DelayedWorkQueue.take(ScheduledThreadPoolExecutor.java:1088)
        at java.util.concurrent.ScheduledThreadPoolExecutor$DelayedWorkQueue.take(ScheduledThreadPoolExecutor.java:809)
        at java.util.concurrent.ThreadPoolExecutor.getTask(ThreadPoolExecutor.java:1074)
        at java.util.concurrent.ThreadPoolExecutor.runWorker(ThreadPoolExecutor.java:1134)
        at java.util.concurrent.ThreadPoolExecutor$Worker.run(ThreadPoolExecutor.java:624)
        at java.lang.Thread.run(Thread.java:750)
"IPC Server Responder" daemon prio=5 tid=466 runnable
java.lang.Thread.State: RUNNABLE
        at sun.nio.ch.EPollArrayWrapper.epollWait(Native Method)
        at sun.nio.ch.EPollArrayWrapper.poll(EPollArrayWrapper.java:269)
        at sun.nio.ch.EPollSelectorImpl.doSelect(EPollSelectorImpl.java:93)
        at sun.nio.ch.SelectorImpl.lockAndDoSelect(SelectorImpl.java:86)
        at sun.nio.ch.SelectorImpl.select(SelectorImpl.java:97)
        at org.apache.hadoop.ipc.Server$Responder.doRunLoop(Server.java:1582)
        at org.apache.hadoop.ipc.Server$Responder.run(Server.java:1565)
"18227f38-d602-4438-971e-c9cd287df9cb-DatanodeReportManager-0" daemon prio=5 tid=412 timed_waiting
java.lang.Thread.State: TIMED_WAITING
        at sun.misc.Unsafe.park(Native Method)
        at java.util.concurrent.locks.LockSupport.parkNanos(LockSupport.java:215)
        at java.util.concurrent.locks.AbstractQueuedSynchronizer$ConditionObject.awaitNanos(AbstractQueuedSynchronizer.java:2078)
        at java.util.concurrent.ScheduledThreadPoolExecutor$DelayedWorkQueue.take(ScheduledThreadPoolExecutor.java:1093)
        at java.util.concurrent.ScheduledThreadPoolExecutor$DelayedWorkQueue.take(ScheduledThreadPoolExecutor.java:809)
        at java.util.concurrent.ThreadPoolExecutor.getTask(ThreadPoolExecutor.java:1074)
        at java.util.concurrent.ThreadPoolExecutor.runWorker(ThreadPoolExecutor.java:1134)
        at java.util.concurrent.ThreadPoolExecutor$Worker.run(ThreadPoolExecutor.java:624)
        at java.lang.Thread.run(Thread.java:750)
"0eeb79a9-13fd-416c-b2a7-6f654c6b5029-groupManagement"  prio=5 tid=651 in Object.wait()
java.lang.Thread.State: WAITING (on object monitor)
        at sun.misc.Unsafe.park(Native Method)
        at java.util.concurrent.locks.LockSupport.park(LockSupport.java:175)
        at java.util.concurrent.locks.AbstractQueuedSynchronizer$ConditionObject.await(AbstractQueuedSynchronizer.java:2039)
        at java.util.concurrent.LinkedBlockingQueue.take(LinkedBlockingQueue.java:442)
        at java.util.concurrent.ThreadPoolExecutor.getTask(ThreadPoolExecutor.java:1074)
        at java.util.concurrent.ThreadPoolExecutor.runWorker(ThreadPoolExecutor.java:1134)
        at java.util.concurrent.ThreadPoolExecutor$Worker.run(ThreadPoolExecutor.java:624)
        at java.lang.Thread.run(Thread.java:750)
"qtp1362677814-221" daemon prio=5 tid=221 runnable
java.lang.Thread.State: RUNNABLE
        at sun.nio.ch.EPollArrayWrapper.epollWait(Native Method)
        at sun.nio.ch.EPollArrayWrapper.poll(EPollArrayWrapper.java:269)
        at sun.nio.ch.EPollSelectorImpl.doSelect(EPollSelectorImpl.java:93)
        at sun.nio.ch.SelectorImpl.lockAndDoSelect(SelectorImpl.java:86)
        at sun.nio.ch.SelectorImpl.select(SelectorImpl.java:97)
        at sun.nio.ch.SelectorImpl.select(SelectorImpl.java:101)
        at org.eclipse.jetty.io.ManagedSelector.nioSelect(ManagedSelector.java:183)
        at org.eclipse.jetty.io.ManagedSelector.select(ManagedSelector.java:190)
        at org.eclipse.jetty.io.ManagedSelector$SelectorProducer.select(ManagedSelector.java:606)
        at org.eclipse.jetty.io.ManagedSelector$SelectorProducer.produce(ManagedSelector.java:543)
        at org.eclipse.jetty.util.thread.strategy.EatWhatYouKill.produceTask(EatWhatYouKill.java:362)
        at org.eclipse.jetty.util.thread.strategy.EatWhatYouKill.doProduce(EatWhatYouKill.java:186)
        at org.eclipse.jetty.util.thread.strategy.EatWhatYouKill.tryProduce(EatWhatYouKill.java:173)
        at org.eclipse.jetty.util.thread.strategy.EatWhatYouKill.produce(EatWhatYouKill.java:137)
        at org.eclipse.jetty.io.ManagedSelector$$Lambda$519/57301464.run(Unknown Source)
        at org.eclipse.jetty.util.thread.QueuedThreadPool.runJob(QueuedThreadPool.java:883)
        at org.eclipse.jetty.util.thread.QueuedThreadPool$Runner.run(QueuedThreadPool.java:1034)
        at java.lang.Thread.run(Thread.java:750)
"5f7d9b36-4620-4ba9-8a78-929bd6ddd1f9-ChunkReader-2" daemon prio=5 tid=1167 in Object.wait()
java.lang.Thread.State: WAITING (on object monitor)
        at sun.misc.Unsafe.park(Native Method)
        at java.util.concurrent.locks.LockSupport.park(LockSupport.java:175)
        at java.util.concurrent.locks.AbstractQueuedSynchronizer$ConditionObject.await(AbstractQueuedSynchronizer.java:2039)
        at java.util.concurrent.LinkedBlockingQueue.take(LinkedBlockingQueue.java:442)
        at java.util.concurrent.ThreadPoolExecutor.getTask(ThreadPoolExecutor.java:1074)
        at java.util.concurrent.ThreadPoolExecutor.runWorker(ThreadPoolExecutor.java:1134)
        at java.util.concurrent.ThreadPoolExecutor$Worker.run(ThreadPoolExecutor.java:624)
        at java.lang.Thread.run(Thread.java:750)
"18227f38-d602-4438-971e-c9cd287df9cb-ChunkWriter-1-0" daemon prio=5 tid=591 in Object.wait()
java.lang.Thread.State: WAITING (on object monitor)
        at sun.misc.Unsafe.park(Native Method)
        at java.util.concurrent.locks.LockSupport.park(LockSupport.java:175)
        at java.util.concurrent.locks.AbstractQueuedSynchronizer$ConditionObject.await(AbstractQueuedSynchronizer.java:2039)
        at java.util.concurrent.LinkedBlockingDeque.takeFirst(LinkedBlockingDeque.java:492)
        at java.util.concurrent.LinkedBlockingDeque.take(LinkedBlockingDeque.java:680)
        at java.util.concurrent.ThreadPoolExecutor.getTask(ThreadPoolExecutor.java:1074)
        at java.util.concurrent.ThreadPoolExecutor.runWorker(ThreadPoolExecutor.java:1134)
        at java.util.concurrent.ThreadPoolExecutor$Worker.run(ThreadPoolExecutor.java:624)
        at java.lang.Thread.run(Thread.java:750)
"18227f38-d602-4438-971e-c9cd287df9cb-BlockDeletingService#1" daemon prio=5 tid=599 in Object.wait()
java.lang.Thread.State: WAITING (on object monitor)
        at sun.misc.Unsafe.park(Native Method)
        at java.util.concurrent.locks.LockSupport.park(LockSupport.java:175)
        at java.util.concurrent.locks.AbstractQueuedSynchronizer$ConditionObject.await(AbstractQueuedSynchronizer.java:2039)
        at java.util.concurrent.ScheduledThreadPoolExecutor$DelayedWorkQueue.take(ScheduledThreadPoolExecutor.java:1088)
        at java.util.concurrent.ScheduledThreadPoolExecutor$DelayedWorkQueue.take(ScheduledThreadPoolExecutor.java:809)
        at java.util.concurrent.ThreadPoolExecutor.getTask(ThreadPoolExecutor.java:1074)
        at java.util.concurrent.ThreadPoolExecutor.runWorker(ThreadPoolExecutor.java:1134)
        at java.util.concurrent.ThreadPoolExecutor$Worker.run(ThreadPoolExecutor.java:624)
        at java.lang.Thread.run(Thread.java:750)
"IPC Server handler 13 on default port 15001" daemon prio=5 tid=84 timed_waiting
java.lang.Thread.State: TIMED_WAITING
        at sun.misc.Unsafe.park(Native Method)
        at java.util.concurrent.locks.LockSupport.parkNanos(LockSupport.java:215)
        at java.util.concurrent.locks.AbstractQueuedSynchronizer$ConditionObject.awaitNanos(AbstractQueuedSynchronizer.java:2078)
        at java.util.concurrent.LinkedBlockingQueue.poll(LinkedBlockingQueue.java:467)
        at org.apache.hadoop.ipc.CallQueueManager.take(CallQueueManager.java:317)
        at org.apache.hadoop.ipc.Server$Handler.run(Server.java:3014)
"StaleRecoveringContainerScrubbingService#5" daemon prio=5 tid=1258 in Object.wait()
java.lang.Thread.State: WAITING (on object monitor)
        at sun.misc.Unsafe.park(Native Method)
        at java.util.concurrent.locks.LockSupport.park(LockSupport.java:175)
        at java.util.concurrent.locks.AbstractQueuedSynchronizer$ConditionObject.await(AbstractQueuedSynchronizer.java:2039)
        at java.util.concurrent.ScheduledThreadPoolExecutor$DelayedWorkQueue.take(ScheduledThreadPoolExecutor.java:1088)
        at java.util.concurrent.ScheduledThreadPoolExecutor$DelayedWorkQueue.take(ScheduledThreadPoolExecutor.java:809)
        at java.util.concurrent.ThreadPoolExecutor.getTask(ThreadPoolExecutor.java:1074)
        at java.util.concurrent.ThreadPoolExecutor.runWorker(ThreadPoolExecutor.java:1134)
        at java.util.concurrent.ThreadPoolExecutor$Worker.run(ThreadPoolExecutor.java:624)
        at java.lang.Thread.run(Thread.java:750)
"IPC Server handler 12 on default port 15000" daemon prio=5 tid=63 timed_waiting
java.lang.Thread.State: TIMED_WAITING
        at sun.misc.Unsafe.park(Native Method)
        at java.util.concurrent.locks.LockSupport.parkNanos(LockSupport.java:215)
        at java.util.concurrent.locks.AbstractQueuedSynchronizer$ConditionObject.awaitNanos(AbstractQueuedSynchronizer.java:2078)
        at java.util.concurrent.LinkedBlockingQueue.poll(LinkedBlockingQueue.java:467)
        at org.apache.hadoop.ipc.CallQueueManager.take(CallQueueManager.java:317)
        at org.apache.hadoop.ipc.Server$Handler.run(Server.java:3014)
"StaleRecoveringContainerScrubbingService#4" daemon prio=5 tid=1141 in Object.wait()
java.lang.Thread.State: WAITING (on object monitor)
        at sun.misc.Unsafe.park(Native Method)
        at java.util.concurrent.locks.LockSupport.park(LockSupport.java:175)
        at java.util.concurrent.locks.AbstractQueuedSynchronizer$ConditionObject.await(AbstractQueuedSynchronizer.java:2039)
        at java.util.concurrent.ScheduledThreadPoolExecutor$DelayedWorkQueue.take(ScheduledThreadPoolExecutor.java:1088)
        at java.util.concurrent.ScheduledThreadPoolExecutor$DelayedWorkQueue.take(ScheduledThreadPoolExecutor.java:809)
        at java.util.concurrent.ThreadPoolExecutor.getTask(ThreadPoolExecutor.java:1074)
        at java.util.concurrent.ThreadPoolExecutor.runWorker(ThreadPoolExecutor.java:1134)
        at java.util.concurrent.ThreadPoolExecutor$Worker.run(ThreadPoolExecutor.java:624)
        at java.lang.Thread.run(Thread.java:750)
"Socket Reader #1 for port 15019"  prio=5 tid=232 runnable
java.lang.Thread.State: RUNNABLE
        at sun.nio.ch.EPollArrayWrapper.epollWait(Native Method)
        at sun.nio.ch.EPollArrayWrapper.poll(EPollArrayWrapper.java:269)
        at sun.nio.ch.EPollSelectorImpl.doSelect(EPollSelectorImpl.java:93)
        at sun.nio.ch.SelectorImpl.lockAndDoSelect(SelectorImpl.java:86)
        at sun.nio.ch.SelectorImpl.select(SelectorImpl.java:97)
        at sun.nio.ch.SelectorImpl.select(SelectorImpl.java:101)
        at org.apache.hadoop.ipc.Server$Listener$Reader.doRunLoop(Server.java:1346)
        at org.apache.hadoop.ipc.Server$Listener$Reader.run(Server.java:1325)
"IPC Server handler 4 on default port 15002" daemon prio=5 tid=95 timed_waiting
java.lang.Thread.State: TIMED_WAITING
        at sun.misc.Unsafe.park(Native Method)
        at java.util.concurrent.locks.LockSupport.parkNanos(LockSupport.java:215)
        at java.util.concurrent.locks.AbstractQueuedSynchronizer$ConditionObject.awaitNanos(AbstractQueuedSynchronizer.java:2078)
        at java.util.concurrent.LinkedBlockingQueue.poll(LinkedBlockingQueue.java:467)
        at org.apache.hadoop.ipc.CallQueueManager.take(CallQueueManager.java:317)
        at org.apache.hadoop.ipc.Server$Handler.run(Server.java:3014)
"b7b1b697-3f82-4acb-89c8-f9bc2eccfa5a-CloseContainerThread-0"  prio=5 tid=1116 in Object.wait()
java.lang.Thread.State: WAITING (on object monitor)
        at sun.misc.Unsafe.park(Native Method)
        at java.util.concurrent.locks.LockSupport.park(LockSupport.java:175)
        at java.util.concurrent.locks.AbstractQueuedSynchronizer$ConditionObject.await(AbstractQueuedSynchronizer.java:2039)
        at java.util.concurrent.LinkedBlockingQueue.take(LinkedBlockingQueue.java:442)
        at java.util.concurrent.ThreadPoolExecutor.getTask(ThreadPoolExecutor.java:1074)
        at java.util.concurrent.ThreadPoolExecutor.runWorker(ThreadPoolExecutor.java:1134)
        at java.util.concurrent.ThreadPoolExecutor$Worker.run(ThreadPoolExecutor.java:624)
        at java.lang.Thread.run(Thread.java:750)
"StaleRecoveringContainerScrubbingService#2" daemon prio=5 tid=881 timed_waiting
java.lang.Thread.State: TIMED_WAITING
        at sun.misc.Unsafe.park(Native Method)
        at java.util.concurrent.locks.LockSupport.parkNanos(LockSupport.java:215)
        at java.util.concurrent.locks.AbstractQueuedSynchronizer$ConditionObject.awaitNanos(AbstractQueuedSynchronizer.java:2078)
        at java.util.concurrent.ScheduledThreadPoolExecutor$DelayedWorkQueue.take(ScheduledThreadPoolExecutor.java:1093)
        at java.util.concurrent.ScheduledThreadPoolExecutor$DelayedWorkQueue.take(ScheduledThreadPoolExecutor.java:809)
        at java.util.concurrent.ThreadPoolExecutor.getTask(ThreadPoolExecutor.java:1074)
        at java.util.concurrent.ThreadPoolExecutor.runWorker(ThreadPoolExecutor.java:1134)
        at java.util.concurrent.ThreadPoolExecutor$Worker.run(ThreadPoolExecutor.java:624)
        at java.lang.Thread.run(Thread.java:750)
"IPC Server handler 7 on default port 15004" daemon prio=5 tid=172 timed_waiting
java.lang.Thread.State: TIMED_WAITING
        at sun.misc.Unsafe.park(Native Method)
        at java.util.concurrent.locks.LockSupport.parkNanos(LockSupport.java:215)
        at java.util.concurrent.locks.AbstractQueuedSynchronizer$ConditionObject.awaitNanos(AbstractQueuedSynchronizer.java:2078)
        at java.util.concurrent.LinkedBlockingQueue.poll(LinkedBlockingQueue.java:467)
        at org.apache.hadoop.ipc.CallQueueManager.take(CallQueueManager.java:317)
        at org.apache.hadoop.ipc.Server$Handler.run(Server.java:3014)
"Socket Reader #1 for port 15073"  prio=5 tid=406 runnable
java.lang.Thread.State: RUNNABLE
        at sun.nio.ch.EPollArrayWrapper.epollWait(Native Method)
        at sun.nio.ch.EPollArrayWrapper.poll(EPollArrayWrapper.java:269)
        at sun.nio.ch.EPollSelectorImpl.doSelect(EPollSelectorImpl.java:93)
        at sun.nio.ch.SelectorImpl.lockAndDoSelect(SelectorImpl.java:86)
        at sun.nio.ch.SelectorImpl.select(SelectorImpl.java:97)
        at sun.nio.ch.SelectorImpl.select(SelectorImpl.java:101)
        at org.apache.hadoop.ipc.Server$Listener$Reader.doRunLoop(Server.java:1346)
        at org.apache.hadoop.ipc.Server$Listener$Reader.run(Server.java:1325)
"EventQueue-DeadNodeForDeadNodeHandler" daemon prio=5 tid=1107 in Object.wait()
java.lang.Thread.State: WAITING (on object monitor)
        at sun.misc.Unsafe.park(Native Method)
        at java.util.concurrent.locks.LockSupport.park(LockSupport.java:175)
        at java.util.concurrent.locks.AbstractQueuedSynchronizer$ConditionObject.await(AbstractQueuedSynchronizer.java:2039)
        at java.util.concurrent.LinkedBlockingQueue.take(LinkedBlockingQueue.java:442)
        at java.util.concurrent.ThreadPoolExecutor.getTask(ThreadPoolExecutor.java:1074)
        at java.util.concurrent.ThreadPoolExecutor.runWorker(ThreadPoolExecutor.java:1134)
        at java.util.concurrent.ThreadPoolExecutor$Worker.run(ThreadPoolExecutor.java:624)
        at java.lang.Thread.run(Thread.java:750)
"ReplicationMonitor" daemon prio=5 tid=1410 timed_waiting
java.lang.Thread.State: TIMED_WAITING
        at java.lang.Object.wait(Native Method)
        at org.apache.hadoop.hdds.scm.container.replication.ReplicationManager.run(ReplicationManager.java:918)
        at org.apache.hadoop.hdds.scm.container.replication.ReplicationManager$$Lambda$451/2006114639.run(Unknown Source)
        at java.lang.Thread.run(Thread.java:750)
"IPC Server listener on 15082" daemon prio=5 tid=434 runnable
java.lang.Thread.State: RUNNABLE
        at sun.nio.ch.EPollArrayWrapper.epollWait(Native Method)
        at sun.nio.ch.EPollArrayWrapper.poll(EPollArrayWrapper.java:269)
        at sun.nio.ch.EPollSelectorImpl.doSelect(EPollSelectorImpl.java:93)
        at sun.nio.ch.SelectorImpl.lockAndDoSelect(SelectorImpl.java:86)
        at sun.nio.ch.SelectorImpl.select(SelectorImpl.java:97)
        at sun.nio.ch.SelectorImpl.select(SelectorImpl.java:101)
        at org.apache.hadoop.ipc.Server$Listener.run(Server.java:1408)
"d9016e39-0130-4fd9-896a-cac3c2785d02-ChunkWriter-1-0" daemon prio=5 tid=1207 in Object.wait()
java.lang.Thread.State: WAITING (on object monitor)
        at sun.misc.Unsafe.park(Native Method)
        at java.util.concurrent.locks.LockSupport.park(LockSupport.java:175)
        at java.util.concurrent.locks.AbstractQueuedSynchronizer$ConditionObject.await(AbstractQueuedSynchronizer.java:2039)
        at java.util.concurrent.LinkedBlockingDeque.takeFirst(LinkedBlockingDeque.java:492)
        at java.util.concurrent.LinkedBlockingDeque.take(LinkedBlockingDeque.java:680)
        at java.util.concurrent.ThreadPoolExecutor.getTask(ThreadPoolExecutor.java:1074)
        at java.util.concurrent.ThreadPoolExecutor.runWorker(ThreadPoolExecutor.java:1134)
        at java.util.concurrent.ThreadPoolExecutor$Worker.run(ThreadPoolExecutor.java:624)
        at java.lang.Thread.run(Thread.java:750)
"IPC Server handler 9 on default port 15004" daemon prio=5 tid=174 timed_waiting
java.lang.Thread.State: TIMED_WAITING
        at sun.misc.Unsafe.park(Native Method)
        at java.util.concurrent.locks.LockSupport.parkNanos(LockSupport.java:215)
        at java.util.concurrent.locks.AbstractQueuedSynchronizer$ConditionObject.awaitNanos(AbstractQueuedSynchronizer.java:2078)
        at java.util.concurrent.LinkedBlockingQueue.poll(LinkedBlockingQueue.java:467)
        at org.apache.hadoop.ipc.CallQueueManager.take(CallQueueManager.java:317)
        at org.apache.hadoop.ipc.Server$Handler.run(Server.java:3014)
"0eeb79a9-13fd-416c-b2a7-6f654c6b5029-PeriodicHDDSVolumeChecker" daemon prio=5 tid=496 timed_waiting
java.lang.Thread.State: TIMED_WAITING
        at sun.misc.Unsafe.park(Native Method)
        at java.util.concurrent.locks.LockSupport.parkNanos(LockSupport.java:215)
        at java.util.concurrent.locks.AbstractQueuedSynchronizer$ConditionObject.awaitNanos(AbstractQueuedSynchronizer.java:2078)
        at java.util.concurrent.ScheduledThreadPoolExecutor$DelayedWorkQueue.take(ScheduledThreadPoolExecutor.java:1093)
        at java.util.concurrent.ScheduledThreadPoolExecutor$DelayedWorkQueue.take(ScheduledThreadPoolExecutor.java:809)
        at java.util.concurrent.ThreadPoolExecutor.getTask(ThreadPoolExecutor.java:1074)
        at java.util.concurrent.ThreadPoolExecutor.runWorker(ThreadPoolExecutor.java:1134)
        at java.util.concurrent.ThreadPoolExecutor$Worker.run(ThreadPoolExecutor.java:624)
        at java.lang.Thread.run(Thread.java:750)
"IPC Server handler 0 on default port 15004" daemon prio=5 tid=165 timed_waiting
java.lang.Thread.State: TIMED_WAITING
        at sun.misc.Unsafe.park(Native Method)
        at java.util.concurrent.locks.LockSupport.parkNanos(LockSupport.java:215)
        at java.util.concurrent.locks.AbstractQueuedSynchronizer$ConditionObject.awaitNanos(AbstractQueuedSynchronizer.java:2078)
        at java.util.concurrent.LinkedBlockingQueue.poll(LinkedBlockingQueue.java:467)
        at org.apache.hadoop.ipc.CallQueueManager.take(CallQueueManager.java:317)
        at org.apache.hadoop.ipc.Server$Handler.run(Server.java:3014)
"fadd24ee-4463-4420-97cf-bdd350ad83ae-ChunkReader-2" daemon prio=5 tid=1454 in Object.wait()
java.lang.Thread.State: WAITING (on object monitor)
        at sun.misc.Unsafe.park(Native Method)
        at java.util.concurrent.locks.LockSupport.park(LockSupport.java:175)
        at java.util.concurrent.locks.AbstractQueuedSynchronizer$ConditionObject.await(AbstractQueuedSynchronizer.java:2039)
        at java.util.concurrent.LinkedBlockingQueue.take(LinkedBlockingQueue.java:442)
        at java.util.concurrent.ThreadPoolExecutor.getTask(ThreadPoolExecutor.java:1074)
        at java.util.concurrent.ThreadPoolExecutor.runWorker(ThreadPoolExecutor.java:1134)
        at java.util.concurrent.ThreadPoolExecutor$Worker.run(ThreadPoolExecutor.java:624)
        at java.lang.Thread.run(Thread.java:750)
"qtp1342466480-402" daemon prio=5 tid=402 timed_waiting
java.lang.Thread.State: TIMED_WAITING
        at sun.misc.Unsafe.park(Native Method)
        at java.util.concurrent.locks.LockSupport.parkNanos(LockSupport.java:215)
        at java.util.concurrent.locks.AbstractQueuedSynchronizer$ConditionObject.awaitNanos(AbstractQueuedSynchronizer.java:2078)
        at org.eclipse.jetty.util.BlockingArrayQueue.poll(BlockingArrayQueue.java:382)
        at org.eclipse.jetty.util.thread.QueuedThreadPool$Runner.idleJobPoll(QueuedThreadPool.java:974)
        at org.eclipse.jetty.util.thread.QueuedThreadPool$Runner.run(QueuedThreadPool.java:1018)
        at java.lang.Thread.run(Thread.java:750)
"qtp896731725-315" daemon prio=5 tid=315 timed_waiting
java.lang.Thread.State: TIMED_WAITING
        at sun.misc.Unsafe.park(Native Method)
        at java.util.concurrent.locks.LockSupport.parkNanos(LockSupport.java:215)
        at java.util.concurrent.locks.AbstractQueuedSynchronizer$ConditionObject.awaitNanos(AbstractQueuedSynchronizer.java:2078)
        at org.eclipse.jetty.util.BlockingArrayQueue.poll(BlockingArrayQueue.java:382)
        at org.eclipse.jetty.util.thread.QueuedThreadPool$Runner.idleJobPoll(QueuedThreadPool.java:974)
        at org.eclipse.jetty.util.thread.QueuedThreadPool$Runner.run(QueuedThreadPool.java:1018)
        at java.lang.Thread.run(Thread.java:750)
"IPC Server handler 0 on default port 15064" daemon prio=5 tid=381 timed_waiting
java.lang.Thread.State: TIMED_WAITING
        at sun.misc.Unsafe.park(Native Method)
        at java.util.concurrent.locks.LockSupport.parkNanos(LockSupport.java:215)
        at java.util.concurrent.locks.AbstractQueuedSynchronizer$ConditionObject.awaitNanos(AbstractQueuedSynchronizer.java:2078)
        at java.util.concurrent.LinkedBlockingQueue.poll(LinkedBlockingQueue.java:467)
        at org.apache.hadoop.ipc.CallQueueManager.take(CallQueueManager.java:317)
        at org.apache.hadoop.ipc.Server$Handler.run(Server.java:3014)
"92ba0aed-1dcc-4895-b5bb-fc45f440be2e@group-6DBCDF991ECB-FollowerState" daemon prio=5 tid=1022 timed_waiting
java.lang.Thread.State: TIMED_WAITING
        at java.lang.Thread.sleep(Native Method)
        at java.lang.Thread.sleep(Thread.java:342)
        at java.util.concurrent.TimeUnit.sleep(TimeUnit.java:386)
        at org.apache.ratis.util.TimeDuration.sleep(TimeDuration.java:325)
        at org.apache.ratis.util.TimeDuration.sleep(TimeDuration.java:310)
        at org.apache.ratis.server.impl.FollowerState.run(FollowerState.java:128)
"StaleRecoveringContainerScrubbingService#1" daemon prio=5 tid=629 in Object.wait()
java.lang.Thread.State: WAITING (on object monitor)
        at sun.misc.Unsafe.park(Native Method)
        at java.util.concurrent.locks.LockSupport.park(LockSupport.java:175)
        at java.util.concurrent.locks.AbstractQueuedSynchronizer$ConditionObject.await(AbstractQueuedSynchronizer.java:2039)
        at java.util.concurrent.ScheduledThreadPoolExecutor$DelayedWorkQueue.take(ScheduledThreadPoolExecutor.java:1088)
        at java.util.concurrent.ScheduledThreadPoolExecutor$DelayedWorkQueue.take(ScheduledThreadPoolExecutor.java:809)
        at java.util.concurrent.ThreadPoolExecutor.getTask(ThreadPoolExecutor.java:1074)
        at java.util.concurrent.ThreadPoolExecutor.runWorker(ThreadPoolExecutor.java:1134)
        at java.util.concurrent.ThreadPoolExecutor$Worker.run(ThreadPoolExecutor.java:624)
        at java.lang.Thread.run(Thread.java:750)
"PartialTableCache-Cleanup-0" daemon prio=5 tid=1032 in Object.wait()
java.lang.Thread.State: WAITING (on object monitor)
        at sun.misc.Unsafe.park(Native Method)
        at java.util.concurrent.locks.LockSupport.park(LockSupport.java:175)
        at java.util.concurrent.locks.AbstractQueuedSynchronizer$ConditionObject.await(AbstractQueuedSynchronizer.java:2039)
        at java.util.concurrent.LinkedBlockingQueue.take(LinkedBlockingQueue.java:442)
        at java.util.concurrent.ThreadPoolExecutor.getTask(ThreadPoolExecutor.java:1074)
        at java.util.concurrent.ThreadPoolExecutor.runWorker(ThreadPoolExecutor.java:1134)
        at java.util.concurrent.ThreadPoolExecutor$Worker.run(ThreadPoolExecutor.java:624)
        at java.lang.Thread.run(Thread.java:750)
"Socket Reader #1 for port 15046"  prio=5 tid=319 runnable
java.lang.Thread.State: RUNNABLE
        at sun.nio.ch.EPollArrayWrapper.epollWait(Native Method)
        at sun.nio.ch.EPollArrayWrapper.poll(EPollArrayWrapper.java:269)
        at sun.nio.ch.EPollSelectorImpl.doSelect(EPollSelectorImpl.java:93)
        at sun.nio.ch.SelectorImpl.lockAndDoSelect(SelectorImpl.java:86)
        at sun.nio.ch.SelectorImpl.select(SelectorImpl.java:97)
        at sun.nio.ch.SelectorImpl.select(SelectorImpl.java:101)
        at org.apache.hadoop.ipc.Server$Listener$Reader.doRunLoop(Server.java:1346)
        at org.apache.hadoop.ipc.Server$Listener$Reader.run(Server.java:1325)
"0eeb79a9-13fd-416c-b2a7-6f654c6b5029-DatanodeStateMachineDaemonThread" daemon prio=5 tid=237 timed_waiting
java.lang.Thread.State: TIMED_WAITING
        at java.lang.Thread.sleep(Native Method)
        at org.apache.hadoop.ozone.container.common.statemachine.DatanodeStateMachine.startStateMachineThread(DatanodeStateMachine.java:369)
        at org.apache.hadoop.ozone.container.common.statemachine.DatanodeStateMachine.lambda$startDaemon$1(DatanodeStateMachine.java:556)
        at org.apache.hadoop.ozone.container.common.statemachine.DatanodeStateMachine$$Lambda$925/1394721877.run(Unknown Source)
        at java.lang.Thread.run(Thread.java:750)
"IPC Server listener on 15064" daemon prio=5 tid=376 runnable
java.lang.Thread.State: RUNNABLE
        at sun.nio.ch.EPollArrayWrapper.epollWait(Native Method)
        at sun.nio.ch.EPollArrayWrapper.poll(EPollArrayWrapper.java:269)
        at sun.nio.ch.EPollSelectorImpl.doSelect(EPollSelectorImpl.java:93)
        at sun.nio.ch.SelectorImpl.lockAndDoSelect(SelectorImpl.java:86)
        at sun.nio.ch.SelectorImpl.select(SelectorImpl.java:97)
        at sun.nio.ch.SelectorImpl.select(SelectorImpl.java:101)
        at org.apache.hadoop.ipc.Server$Listener.run(Server.java:1408)
"timer1" daemon prio=5 tid=907 timed_waiting
java.lang.Thread.State: TIMED_WAITING
        at java.lang.Object.wait(Native Method)
        at java.util.TimerThread.mainLoop(Timer.java:552)
        at java.util.TimerThread.run(Timer.java:505)
"qtp1362677814-229" daemon prio=5 tid=229 timed_waiting
java.lang.Thread.State: TIMED_WAITING
        at sun.misc.Unsafe.park(Native Method)
        at java.util.concurrent.locks.LockSupport.parkNanos(LockSupport.java:215)
        at java.util.concurrent.locks.AbstractQueuedSynchronizer$ConditionObject.awaitNanos(AbstractQueuedSynchronizer.java:2078)
        at org.eclipse.jetty.util.BlockingArrayQueue.poll(BlockingArrayQueue.java:382)
        at org.eclipse.jetty.util.thread.QueuedThreadPool$Runner.idleJobPoll(QueuedThreadPool.java:974)
        at org.eclipse.jetty.util.thread.QueuedThreadPool$Runner.run(QueuedThreadPool.java:1018)
        at java.lang.Thread.run(Thread.java:750)
"fedf11b8-0957-422e-880a-91cc26979c7a-BlockDeletingService#0" daemon prio=5 tid=490 in Object.wait()
java.lang.Thread.State: WAITING (on object monitor)
        at sun.misc.Unsafe.park(Native Method)
        at java.util.concurrent.locks.LockSupport.park(LockSupport.java:175)
        at java.util.concurrent.locks.AbstractQueuedSynchronizer$ConditionObject.await(AbstractQueuedSynchronizer.java:2039)
        at java.util.concurrent.ScheduledThreadPoolExecutor$DelayedWorkQueue.take(ScheduledThreadPoolExecutor.java:1088)
        at java.util.concurrent.ScheduledThreadPoolExecutor$DelayedWorkQueue.take(ScheduledThreadPoolExecutor.java:809)
        at java.util.concurrent.ThreadPoolExecutor.getTask(ThreadPoolExecutor.java:1074)
        at java.util.concurrent.ThreadPoolExecutor.runWorker(ThreadPoolExecutor.java:1134)
        at java.util.concurrent.ThreadPoolExecutor$Worker.run(ThreadPoolExecutor.java:624)
        at java.lang.Thread.run(Thread.java:750)
"92ba0aed-1dcc-4895-b5bb-fc45f440be2e-ChunkReader-1" daemon prio=5 tid=1042 in Object.wait()
java.lang.Thread.State: WAITING (on object monitor)
        at sun.misc.Unsafe.park(Native Method)
        at java.util.concurrent.locks.LockSupport.park(LockSupport.java:175)
        at java.util.concurrent.locks.AbstractQueuedSynchronizer$ConditionObject.await(AbstractQueuedSynchronizer.java:2039)
        at java.util.concurrent.LinkedBlockingQueue.take(LinkedBlockingQueue.java:442)
        at java.util.concurrent.ThreadPoolExecutor.getTask(ThreadPoolExecutor.java:1074)
        at java.util.concurrent.ThreadPoolExecutor.runWorker(ThreadPoolExecutor.java:1134)
        at java.util.concurrent.ThreadPoolExecutor$Worker.run(ThreadPoolExecutor.java:624)
        at java.lang.Thread.run(Thread.java:750)
"5f7d9b36-4620-4ba9-8a78-929bd6ddd1f9-ChunkReader-4" daemon prio=5 tid=1170 in Object.wait()
java.lang.Thread.State: WAITING (on object monitor)
        at sun.misc.Unsafe.park(Native Method)
        at java.util.concurrent.locks.LockSupport.park(LockSupport.java:175)
        at java.util.concurrent.locks.AbstractQueuedSynchronizer$ConditionObject.await(AbstractQueuedSynchronizer.java:2039)
        at java.util.concurrent.LinkedBlockingQueue.take(LinkedBlockingQueue.java:442)
        at java.util.concurrent.ThreadPoolExecutor.getTask(ThreadPoolExecutor.java:1074)
        at java.util.concurrent.ThreadPoolExecutor.runWorker(ThreadPoolExecutor.java:1134)
        at java.util.concurrent.ThreadPoolExecutor$Worker.run(ThreadPoolExecutor.java:624)
        at java.lang.Thread.run(Thread.java:750)
"0e92623e-4dcf-4eff-ae25-f8b8c2de319b-DatanodeReportManager-4" daemon prio=5 tid=474 timed_waiting
java.lang.Thread.State: TIMED_WAITING
        at sun.misc.Unsafe.park(Native Method)
        at java.util.concurrent.locks.LockSupport.parkNanos(LockSupport.java:215)
        at java.util.concurrent.locks.AbstractQueuedSynchronizer$ConditionObject.awaitNanos(AbstractQueuedSynchronizer.java:2078)
        at java.util.concurrent.ScheduledThreadPoolExecutor$DelayedWorkQueue.take(ScheduledThreadPoolExecutor.java:1093)
        at java.util.concurrent.ScheduledThreadPoolExecutor$DelayedWorkQueue.take(ScheduledThreadPoolExecutor.java:809)
        at java.util.concurrent.ThreadPoolExecutor.getTask(ThreadPoolExecutor.java:1074)
        at java.util.concurrent.ThreadPoolExecutor.runWorker(ThreadPoolExecutor.java:1134)
        at java.util.concurrent.ThreadPoolExecutor$Worker.run(ThreadPoolExecutor.java:624)
        at java.lang.Thread.run(Thread.java:750)
"18227f38-d602-4438-971e-c9cd287df9cb@group-6DBCDF991ECB-SegmentedRaftLogWorker"  prio=5 tid=841 timed_waiting
java.lang.Thread.State: TIMED_WAITING
        at sun.misc.Unsafe.park(Native Method)
        at java.util.concurrent.locks.LockSupport.parkNanos(LockSupport.java:215)
        at java.util.concurrent.locks.AbstractQueuedSynchronizer$ConditionObject.awaitNanos(AbstractQueuedSynchronizer.java:2078)
        at org.apache.ratis.util.DataBlockingQueue.poll(DataBlockingQueue.java:148)
        at org.apache.ratis.server.raftlog.segmented.SegmentedRaftLogWorker.run(SegmentedRaftLogWorker.java:307)
        at org.apache.ratis.server.raftlog.segmented.SegmentedRaftLogWorker$$Lambda$819/704615668.run(Unknown Source)
        at java.util.concurrent.Executors$RunnableAdapter.call(Executors.java:511)
        at java.util.concurrent.FutureTask.run(FutureTask.java:266)
        at java.util.concurrent.ThreadPoolExecutor.runWorker(ThreadPoolExecutor.java:1149)
        at java.util.concurrent.ThreadPoolExecutor$Worker.run(ThreadPoolExecutor.java:624)
        at java.lang.Thread.run(Thread.java:750)
"IPC Server handler 17 on default port 15004" daemon prio=5 tid=182 timed_waiting
java.lang.Thread.State: TIMED_WAITING
        at sun.misc.Unsafe.park(Native Method)
        at java.util.concurrent.locks.LockSupport.parkNanos(LockSupport.java:215)
        at java.util.concurrent.locks.AbstractQueuedSynchronizer$ConditionObject.awaitNanos(AbstractQueuedSynchronizer.java:2078)
        at java.util.concurrent.LinkedBlockingQueue.poll(LinkedBlockingQueue.java:467)
        at org.apache.hadoop.ipc.CallQueueManager.take(CallQueueManager.java:317)
        at org.apache.hadoop.ipc.Server$Handler.run(Server.java:3014)
"5f7d9b36-4620-4ba9-8a78-929bd6ddd1f9-ChunkWriter-1-0" daemon prio=5 tid=606 in Object.wait()
java.lang.Thread.State: WAITING (on object monitor)
        at sun.misc.Unsafe.park(Native Method)
        at java.util.concurrent.locks.LockSupport.park(LockSupport.java:175)
        at java.util.concurrent.locks.AbstractQueuedSynchronizer$ConditionObject.await(AbstractQueuedSynchronizer.java:2039)
        at java.util.concurrent.LinkedBlockingDeque.takeFirst(LinkedBlockingDeque.java:492)
        at java.util.concurrent.LinkedBlockingDeque.take(LinkedBlockingDeque.java:680)
        at java.util.concurrent.ThreadPoolExecutor.getTask(ThreadPoolExecutor.java:1074)
        at java.util.concurrent.ThreadPoolExecutor.runWorker(ThreadPoolExecutor.java:1134)
        at java.util.concurrent.ThreadPoolExecutor$Worker.run(ThreadPoolExecutor.java:624)
        at java.lang.Thread.run(Thread.java:750)
"fadd24ee-4463-4420-97cf-bdd350ad83ae-ChunkReader-3" daemon prio=5 tid=1489 in Object.wait()
java.lang.Thread.State: WAITING (on object monitor)
        at sun.misc.Unsafe.park(Native Method)
        at java.util.concurrent.locks.LockSupport.park(LockSupport.java:175)
        at java.util.concurrent.locks.AbstractQueuedSynchronizer$ConditionObject.await(AbstractQueuedSynchronizer.java:2039)
        at java.util.concurrent.LinkedBlockingQueue.take(LinkedBlockingQueue.java:442)
        at java.util.concurrent.ThreadPoolExecutor.getTask(ThreadPoolExecutor.java:1074)
        at java.util.concurrent.ThreadPoolExecutor.runWorker(ThreadPoolExecutor.java:1134)
        at java.util.concurrent.ThreadPoolExecutor$Worker.run(ThreadPoolExecutor.java:624)
        at java.lang.Thread.run(Thread.java:750)
"StaleRecoveringContainerScrubbingService#7" daemon prio=5 tid=1422 in Object.wait()
java.lang.Thread.State: WAITING (on object monitor)
        at sun.misc.Unsafe.park(Native Method)
        at java.util.concurrent.locks.LockSupport.park(LockSupport.java:175)
        at java.util.concurrent.locks.AbstractQueuedSynchronizer$ConditionObject.await(AbstractQueuedSynchronizer.java:2039)
        at java.util.concurrent.ScheduledThreadPoolExecutor$DelayedWorkQueue.take(ScheduledThreadPoolExecutor.java:1088)
        at java.util.concurrent.ScheduledThreadPoolExecutor$DelayedWorkQueue.take(ScheduledThreadPoolExecutor.java:809)
        at java.util.concurrent.ThreadPoolExecutor.getTask(ThreadPoolExecutor.java:1074)
        at java.util.concurrent.ThreadPoolExecutor.runWorker(ThreadPoolExecutor.java:1134)
        at java.util.concurrent.ThreadPoolExecutor$Worker.run(ThreadPoolExecutor.java:624)
        at java.lang.Thread.run(Thread.java:750)
"5f7d9b36-4620-4ba9-8a78-929bd6ddd1f9@group-DF79F62058F4->18227f38-d602-4438-971e-c9cd287df9cb-GrpcLogAppender-LogAppenderDaemon" daemon prio=5 tid=968 timed_waiting
java.lang.Thread.State: TIMED_WAITING
        at sun.misc.Unsafe.park(Native Method)
        at java.util.concurrent.locks.LockSupport.parkNanos(LockSupport.java:215)
        at java.util.concurrent.locks.AbstractQueuedSynchronizer$ConditionObject.await(AbstractQueuedSynchronizer.java:2163)
        at org.apache.ratis.util.AwaitForSignal.await(AwaitForSignal.java:62)
        at org.apache.ratis.grpc.server.GrpcLogAppender.mayWait(GrpcLogAppender.java:197)
        at org.apache.ratis.grpc.server.GrpcLogAppender.run(GrpcLogAppender.java:148)
        at org.apache.ratis.server.leader.LogAppenderDaemon.run(LogAppenderDaemon.java:78)
        at org.apache.ratis.server.leader.LogAppenderDaemon$$Lambda$1246/2075727611.run(Unknown Source)
        at java.lang.Thread.run(Thread.java:750)
"nullContainerReplicationThread-0" daemon prio=5 tid=1442 timed_waiting
java.lang.Thread.State: TIMED_WAITING
        at java.lang.Thread.sleep(Native Method)
        at org.apache.ozone.test.GenericTestUtils.waitFor(GenericTestUtils.java:224)
        at org.apache.hadoop.ozone.container.TestECContainerRecovery.lambda$testECContainerRecoveryWithTimedOutRecovery$1(TestECContainerRecovery.java:312)
        at org.apache.hadoop.ozone.container.TestECContainerRecovery$$Lambda$1696/1101275613.answer(Unknown Source)
        at org.mockito.internal.stubbing.StubbedInvocationMatcher.answer(StubbedInvocationMatcher.java:40)
        at org.mockito.internal.handler.MockHandlerImpl.handle(MockHandlerImpl.java:99)
        at org.mockito.internal.handler.NullResultGuardian.handle(NullResultGuardian.java:29)
        at org.mockito.internal.handler.InvocationNotifierHandler.handle(InvocationNotifierHandler.java:33)
        at org.mockito.internal.creation.bytebuddy.MockMethodInterceptor.doIntercept(MockMethodInterceptor.java:57)
        at org.mockito.internal.creation.bytebuddy.MockMethodAdvice.handle(MockMethodAdvice.java:147)
        at org.apache.hadoop.ozone.container.ec.reconstruction.ECReconstructionCoordinator.reconstructECBlockGroup(ECReconstructionCoordinator.java:240)
        at org.apache.hadoop.ozone.container.ec.reconstruction.ECReconstructionCoordinator.reconstructECContainerGroup(ECReconstructionCoordinator.java:178)
        at sun.reflect.NativeMethodAccessorImpl.invoke0(Native Method)
        at sun.reflect.NativeMethodAccessorImpl.invoke(NativeMethodAccessorImpl.java:62)
        at sun.reflect.DelegatingMethodAccessorImpl.invoke(DelegatingMethodAccessorImpl.java:43)
        at java.lang.reflect.Method.invoke(Method.java:498)
        at org.mockito.internal.util.reflection.ReflectionMemberAccessor.invoke(ReflectionMemberAccessor.java:45)
        at org.mockito.internal.creation.bytebuddy.MockMethodAdvice.tryInvoke(MockMethodAdvice.java:329)
        at org.mockito.internal.creation.bytebuddy.MockMethodAdvice.access$500(MockMethodAdvice.java:56)
        at org.mockito.internal.creation.bytebuddy.MockMethodAdvice$RealMethodCall.invoke(MockMethodAdvice.java:249)
        at org.mockito.internal.invocation.InterceptedInvocation.callRealMethod(InterceptedInvocation.java:141)
        at org.mockito.internal.stubbing.answers.CallsRealMethods.answer(CallsRealMethods.java:44)
        at org.mockito.Answers.answer(Answers.java:98)
        at org.mockito.internal.handler.MockHandlerImpl.handle(MockHandlerImpl.java:106)
        at org.mockito.internal.handler.NullResultGuardian.handle(NullResultGuardian.java:29)
        at org.mockito.internal.handler.InvocationNotifierHandler.handle(InvocationNotifierHandler.java:33)
        at org.mockito.internal.creation.bytebuddy.MockMethodInterceptor.doIntercept(MockMethodInterceptor.java:57)
        at org.mockito.internal.creation.bytebuddy.MockMethodAdvice.handle(MockMethodAdvice.java:147)
        at org.apache.hadoop.ozone.container.ec.reconstruction.ECReconstructionCoordinator.reconstructECContainerGroup(ECReconstructionCoordinator.java:148)
        at org.apache.hadoop.ozone.container.ec.reconstruction.ECReconstructionCoordinatorTask.runTask(ECReconstructionCoordinatorTask.java:68)
        at org.apache.hadoop.ozone.container.replication.ReplicationSupervisor$TaskRunner.run(ReplicationSupervisor.java:369)
        at java.util.concurrent.ThreadPoolExecutor.runWorker(ThreadPoolExecutor.java:1149)
        at java.util.concurrent.ThreadPoolExecutor$Worker.run(ThreadPoolExecutor.java:624)
        at java.lang.Thread.run(Thread.java:750)
"qtp1623275279-460" daemon prio=5 tid=460 timed_waiting
java.lang.Thread.State: TIMED_WAITING
        at sun.misc.Unsafe.park(Native Method)
        at java.util.concurrent.locks.LockSupport.parkNanos(LockSupport.java:215)
        at java.util.concurrent.locks.AbstractQueuedSynchronizer$ConditionObject.awaitNanos(AbstractQueuedSynchronizer.java:2078)
        at org.eclipse.jetty.util.BlockingArrayQueue.poll(BlockingArrayQueue.java:382)
        at org.eclipse.jetty.util.thread.QueuedThreadPool$Runner.idleJobPoll(QueuedThreadPool.java:974)
        at org.eclipse.jetty.util.thread.QueuedThreadPool$Runner.run(QueuedThreadPool.java:1018)
        at java.lang.Thread.run(Thread.java:750)
"5f7d9b36-4620-4ba9-8a78-929bd6ddd1f9-groupManagement"  prio=5 tid=721 in Object.wait()
java.lang.Thread.State: WAITING (on object monitor)
        at sun.misc.Unsafe.park(Native Method)
        at java.util.concurrent.locks.LockSupport.park(LockSupport.java:175)
        at java.util.concurrent.locks.AbstractQueuedSynchronizer$ConditionObject.await(AbstractQueuedSynchronizer.java:2039)
        at java.util.concurrent.LinkedBlockingQueue.take(LinkedBlockingQueue.java:442)
        at java.util.concurrent.ThreadPoolExecutor.getTask(ThreadPoolExecutor.java:1074)
        at java.util.concurrent.ThreadPoolExecutor.runWorker(ThreadPoolExecutor.java:1134)
        at java.util.concurrent.ThreadPoolExecutor$Worker.run(ThreadPoolExecutor.java:624)
        at java.lang.Thread.run(Thread.java:750)
"d9016e39-0130-4fd9-896a-cac3c2785d02-ChunkWriter-3-0" daemon prio=5 tid=1209 in Object.wait()
java.lang.Thread.State: WAITING (on object monitor)
        at sun.misc.Unsafe.park(Native Method)
        at java.util.concurrent.locks.LockSupport.park(LockSupport.java:175)
        at java.util.concurrent.locks.AbstractQueuedSynchronizer$ConditionObject.await(AbstractQueuedSynchronizer.java:2039)
        at java.util.concurrent.LinkedBlockingDeque.takeFirst(LinkedBlockingDeque.java:492)
        at java.util.concurrent.LinkedBlockingDeque.take(LinkedBlockingDeque.java:680)
        at java.util.concurrent.ThreadPoolExecutor.getTask(ThreadPoolExecutor.java:1074)
        at java.util.concurrent.ThreadPoolExecutor.runWorker(ThreadPoolExecutor.java:1134)
        at java.util.concurrent.ThreadPoolExecutor$Worker.run(ThreadPoolExecutor.java:624)
        at java.lang.Thread.run(Thread.java:750)
"StaleRecoveringContainerScrubbingService#1" daemon prio=5 tid=492 in Object.wait()
java.lang.Thread.State: WAITING (on object monitor)
        at sun.misc.Unsafe.park(Native Method)
        at java.util.concurrent.locks.LockSupport.park(LockSupport.java:175)
        at java.util.concurrent.locks.AbstractQueuedSynchronizer$ConditionObject.await(AbstractQueuedSynchronizer.java:2039)
        at java.util.concurrent.ScheduledThreadPoolExecutor$DelayedWorkQueue.take(ScheduledThreadPoolExecutor.java:1088)
        at java.util.concurrent.ScheduledThreadPoolExecutor$DelayedWorkQueue.take(ScheduledThreadPoolExecutor.java:809)
        at java.util.concurrent.ThreadPoolExecutor.getTask(ThreadPoolExecutor.java:1074)
        at java.util.concurrent.ThreadPoolExecutor.runWorker(ThreadPoolExecutor.java:1134)
        at java.util.concurrent.ThreadPoolExecutor$Worker.run(ThreadPoolExecutor.java:624)
        at java.lang.Thread.run(Thread.java:750)
"d9016e39-0130-4fd9-896a-cac3c2785d02@group-09A8159B88D0->fedf11b8-0957-422e-880a-91cc26979c7a-GrpcLogAppender-LogAppenderDaemon" daemon prio=5 tid=1296 timed_waiting
java.lang.Thread.State: TIMED_WAITING
        at sun.misc.Unsafe.park(Native Method)
        at java.util.concurrent.locks.LockSupport.parkNanos(LockSupport.java:215)
        at java.util.concurrent.locks.AbstractQueuedSynchronizer$ConditionObject.await(AbstractQueuedSynchronizer.java:2163)
        at org.apache.ratis.util.AwaitForSignal.await(AwaitForSignal.java:62)
        at org.apache.ratis.grpc.server.GrpcLogAppender.mayWait(GrpcLogAppender.java:197)
        at org.apache.ratis.grpc.server.GrpcLogAppender.run(GrpcLogAppender.java:148)
        at org.apache.ratis.server.leader.LogAppenderDaemon.run(LogAppenderDaemon.java:78)
        at org.apache.ratis.server.leader.LogAppenderDaemon$$Lambda$1246/2075727611.run(Unknown Source)
        at java.lang.Thread.run(Thread.java:750)
"Hadoop-Metrics-Updater-0" daemon prio=5 tid=467 timed_waiting
java.lang.Thread.State: TIMED_WAITING
        at sun.misc.Unsafe.park(Native Method)
        at java.util.concurrent.locks.LockSupport.parkNanos(LockSupport.java:215)
        at java.util.concurrent.locks.AbstractQueuedSynchronizer$ConditionObject.awaitNanos(AbstractQueuedSynchronizer.java:2078)
        at java.util.concurrent.ScheduledThreadPoolExecutor$DelayedWorkQueue.take(ScheduledThreadPoolExecutor.java:1093)
        at java.util.concurrent.ScheduledThreadPoolExecutor$DelayedWorkQueue.take(ScheduledThreadPoolExecutor.java:809)
        at java.util.concurrent.ThreadPoolExecutor.getTask(ThreadPoolExecutor.java:1074)
        at java.util.concurrent.ThreadPoolExecutor.runWorker(ThreadPoolExecutor.java:1134)
        at java.util.concurrent.ThreadPoolExecutor$Worker.run(ThreadPoolExecutor.java:624)
        at java.lang.Thread.run(Thread.java:750)
"StaleRecoveringContainerScrubbingService#2" daemon prio=5 tid=1283 timed_waiting
java.lang.Thread.State: TIMED_WAITING
        at sun.misc.Unsafe.park(Native Method)
        at java.util.concurrent.locks.LockSupport.parkNanos(LockSupport.java:215)
        at java.util.concurrent.locks.AbstractQueuedSynchronizer$ConditionObject.awaitNanos(AbstractQueuedSynchronizer.java:2078)
        at java.util.concurrent.ScheduledThreadPoolExecutor$DelayedWorkQueue.take(ScheduledThreadPoolExecutor.java:1093)
        at java.util.concurrent.ScheduledThreadPoolExecutor$DelayedWorkQueue.take(ScheduledThreadPoolExecutor.java:809)
        at java.util.concurrent.ThreadPoolExecutor.getTask(ThreadPoolExecutor.java:1074)
        at java.util.concurrent.ThreadPoolExecutor.runWorker(ThreadPoolExecutor.java:1134)
        at java.util.concurrent.ThreadPoolExecutor$Worker.run(ThreadPoolExecutor.java:624)
        at java.lang.Thread.run(Thread.java:750)
"StaleRecoveringContainerScrubbingService#3" daemon prio=5 tid=1132 in Object.wait()
java.lang.Thread.State: WAITING (on object monitor)
        at sun.misc.Unsafe.park(Native Method)
        at java.util.concurrent.locks.LockSupport.park(LockSupport.java:175)
        at java.util.concurrent.locks.AbstractQueuedSynchronizer$ConditionObject.await(AbstractQueuedSynchronizer.java:2039)
        at java.util.concurrent.ScheduledThreadPoolExecutor$DelayedWorkQueue.take(ScheduledThreadPoolExecutor.java:1088)
        at java.util.concurrent.ScheduledThreadPoolExecutor$DelayedWorkQueue.take(ScheduledThreadPoolExecutor.java:809)
        at java.util.concurrent.ThreadPoolExecutor.getTask(ThreadPoolExecutor.java:1074)
        at java.util.concurrent.ThreadPoolExecutor.runWorker(ThreadPoolExecutor.java:1134)
        at java.util.concurrent.ThreadPoolExecutor$Worker.run(ThreadPoolExecutor.java:624)
        at java.lang.Thread.run(Thread.java:750)
"StaleRecoveringContainerScrubbingService#7" daemon prio=5 tid=1416 in Object.wait()
java.lang.Thread.State: WAITING (on object monitor)
        at sun.misc.Unsafe.park(Native Method)
        at java.util.concurrent.locks.LockSupport.park(LockSupport.java:175)
        at java.util.concurrent.locks.AbstractQueuedSynchronizer$ConditionObject.await(AbstractQueuedSynchronizer.java:2039)
        at java.util.concurrent.ScheduledThreadPoolExecutor$DelayedWorkQueue.take(ScheduledThreadPoolExecutor.java:1088)
        at java.util.concurrent.ScheduledThreadPoolExecutor$DelayedWorkQueue.take(ScheduledThreadPoolExecutor.java:809)
        at java.util.concurrent.ThreadPoolExecutor.getTask(ThreadPoolExecutor.java:1074)
        at java.util.concurrent.ThreadPoolExecutor.runWorker(ThreadPoolExecutor.java:1134)
        at java.util.concurrent.ThreadPoolExecutor$Worker.run(ThreadPoolExecutor.java:624)
        at java.lang.Thread.run(Thread.java:750)
"StaleRecoveringContainerScrubbingService#0" daemon prio=5 tid=506 in Object.wait()
java.lang.Thread.State: WAITING (on object monitor)
        at sun.misc.Unsafe.park(Native Method)
        at java.util.concurrent.locks.LockSupport.park(LockSupport.java:175)
        at java.util.concurrent.locks.AbstractQueuedSynchronizer$ConditionObject.await(AbstractQueuedSynchronizer.java:2039)
        at java.util.concurrent.ScheduledThreadPoolExecutor$DelayedWorkQueue.take(ScheduledThreadPoolExecutor.java:1088)
        at java.util.concurrent.ScheduledThreadPoolExecutor$DelayedWorkQueue.take(ScheduledThreadPoolExecutor.java:809)
        at java.util.concurrent.ThreadPoolExecutor.getTask(ThreadPoolExecutor.java:1074)
        at java.util.concurrent.ThreadPoolExecutor.runWorker(ThreadPoolExecutor.java:1134)
        at java.util.concurrent.ThreadPoolExecutor$Worker.run(ThreadPoolExecutor.java:624)
        at java.lang.Thread.run(Thread.java:750)
"IPC Server handler 8 on default port 15000" daemon prio=5 tid=59 timed_waiting
java.lang.Thread.State: TIMED_WAITING
        at sun.misc.Unsafe.park(Native Method)
        at java.util.concurrent.locks.LockSupport.parkNanos(LockSupport.java:215)
        at java.util.concurrent.locks.AbstractQueuedSynchronizer$ConditionObject.awaitNanos(AbstractQueuedSynchronizer.java:2078)
        at java.util.concurrent.LinkedBlockingQueue.poll(LinkedBlockingQueue.java:467)
        at org.apache.hadoop.ipc.CallQueueManager.take(CallQueueManager.java:317)
        at org.apache.hadoop.ipc.Server$Handler.run(Server.java:3014)
"0eeb79a9-13fd-416c-b2a7-6f654c6b5029@group-52AF94BE594D->fedf11b8-0957-422e-880a-91cc26979c7a-GrpcLogAppender-LogAppenderDaemon" daemon prio=5 tid=1313 timed_waiting
java.lang.Thread.State: TIMED_WAITING
        at sun.misc.Unsafe.park(Native Method)
        at java.util.concurrent.locks.LockSupport.parkNanos(LockSupport.java:215)
        at java.util.concurrent.locks.AbstractQueuedSynchronizer$ConditionObject.await(AbstractQueuedSynchronizer.java:2163)
        at org.apache.ratis.util.AwaitForSignal.await(AwaitForSignal.java:62)
        at org.apache.ratis.grpc.server.GrpcLogAppender.mayWait(GrpcLogAppender.java:197)
        at org.apache.ratis.grpc.server.GrpcLogAppender.run(GrpcLogAppender.java:148)
        at org.apache.ratis.server.leader.LogAppenderDaemon.run(LogAppenderDaemon.java:78)
        at org.apache.ratis.server.leader.LogAppenderDaemon$$Lambda$1246/2075727611.run(Unknown Source)
        at java.lang.Thread.run(Thread.java:750)
"fadd24ee-4463-4420-97cf-bdd350ad83ae-NettyServerStreamRpc-bossGroup--thread1"  prio=5 tid=276 runnable
java.lang.Thread.State: RUNNABLE
        at sun.nio.ch.EPollArrayWrapper.epollWait(Native Method)
        at sun.nio.ch.EPollArrayWrapper.poll(EPollArrayWrapper.java:269)
        at sun.nio.ch.EPollSelectorImpl.doSelect(EPollSelectorImpl.java:93)
        at sun.nio.ch.SelectorImpl.lockAndDoSelect(SelectorImpl.java:86)
        at sun.nio.ch.SelectorImpl.select(SelectorImpl.java:97)
        at sun.nio.ch.SelectorImpl.select(SelectorImpl.java:101)
        at org.apache.ratis.thirdparty.io.netty.channel.nio.SelectedSelectionKeySetSelector.select(SelectedSelectionKeySetSelector.java:68)
        at org.apache.ratis.thirdparty.io.netty.channel.nio.NioEventLoop.select(NioEventLoop.java:879)
        at org.apache.ratis.thirdparty.io.netty.channel.nio.NioEventLoop.run(NioEventLoop.java:526)
        at org.apache.ratis.thirdparty.io.netty.util.concurrent.SingleThreadEventExecutor$4.run(SingleThreadEventExecutor.java:997)
        at org.apache.ratis.thirdparty.io.netty.util.internal.ThreadExecutorMap$2.run(ThreadExecutorMap.java:74)
        at java.lang.Thread.run(Thread.java:750)
"om1-OMStateMachineApplyTransactionThread - 0" daemon prio=5 tid=995 in Object.wait()
java.lang.Thread.State: WAITING (on object monitor)
        at sun.misc.Unsafe.park(Native Method)
        at java.util.concurrent.locks.LockSupport.park(LockSupport.java:175)
        at java.util.concurrent.locks.AbstractQueuedSynchronizer$ConditionObject.await(AbstractQueuedSynchronizer.java:2039)
        at java.util.concurrent.LinkedBlockingQueue.take(LinkedBlockingQueue.java:442)
        at java.util.concurrent.ThreadPoolExecutor.getTask(ThreadPoolExecutor.java:1074)
        at java.util.concurrent.ThreadPoolExecutor.runWorker(ThreadPoolExecutor.java:1134)
        at java.util.concurrent.ThreadPoolExecutor$Worker.run(ThreadPoolExecutor.java:624)
        at java.lang.Thread.run(Thread.java:750)
"StaleRecoveringContainerScrubbingService#3" daemon prio=5 tid=1131 in Object.wait()
java.lang.Thread.State: WAITING (on object monitor)
        at sun.misc.Unsafe.park(Native Method)
        at java.util.concurrent.locks.LockSupport.park(LockSupport.java:175)
        at java.util.concurrent.locks.AbstractQueuedSynchronizer$ConditionObject.await(AbstractQueuedSynchronizer.java:2039)
        at java.util.concurrent.ScheduledThreadPoolExecutor$DelayedWorkQueue.take(ScheduledThreadPoolExecutor.java:1088)
        at java.util.concurrent.ScheduledThreadPoolExecutor$DelayedWorkQueue.take(ScheduledThreadPoolExecutor.java:809)
        at java.util.concurrent.ThreadPoolExecutor.getTask(ThreadPoolExecutor.java:1074)
        at java.util.concurrent.ThreadPoolExecutor.runWorker(ThreadPoolExecutor.java:1134)
        at java.util.concurrent.ThreadPoolExecutor$Worker.run(ThreadPoolExecutor.java:624)
        at java.lang.Thread.run(Thread.java:750)
"StaleRecoveringContainerScrubbingService#7" daemon prio=5 tid=1432 in Object.wait()
java.lang.Thread.State: WAITING (on object monitor)
        at sun.misc.Unsafe.park(Native Method)
        at java.util.concurrent.locks.LockSupport.park(LockSupport.java:175)
        at java.util.concurrent.locks.AbstractQueuedSynchronizer$ConditionObject.await(AbstractQueuedSynchronizer.java:2039)
        at java.util.concurrent.ScheduledThreadPoolExecutor$DelayedWorkQueue.take(ScheduledThreadPoolExecutor.java:1088)
        at java.util.concurrent.ScheduledThreadPoolExecutor$DelayedWorkQueue.take(ScheduledThreadPoolExecutor.java:809)
        at java.util.concurrent.ThreadPoolExecutor.getTask(ThreadPoolExecutor.java:1074)
        at java.util.concurrent.ThreadPoolExecutor.runWorker(ThreadPoolExecutor.java:1134)
        at java.util.concurrent.ThreadPoolExecutor$Worker.run(ThreadPoolExecutor.java:624)
        at java.lang.Thread.run(Thread.java:750)
"qtp394269711-428" daemon prio=5 tid=428 timed_waiting
java.lang.Thread.State: TIMED_WAITING
        at sun.misc.Unsafe.park(Native Method)
        at java.util.concurrent.locks.LockSupport.parkNanos(LockSupport.java:215)
        at java.util.concurrent.locks.AbstractQueuedSynchronizer$ConditionObject.awaitNanos(AbstractQueuedSynchronizer.java:2078)
        at org.eclipse.jetty.util.BlockingArrayQueue.poll(BlockingArrayQueue.java:382)
        at org.eclipse.jetty.util.thread.QueuedThreadPool$Runner.idleJobPoll(QueuedThreadPool.java:974)
        at org.eclipse.jetty.util.thread.QueuedThreadPool$Runner.run(QueuedThreadPool.java:1018)
        at java.lang.Thread.run(Thread.java:750)
"Finalizer" daemon prio=8 tid=3 in Object.wait()
java.lang.Thread.State: WAITING (on object monitor)
        at java.lang.Object.wait(Native Method)
        at java.lang.ref.ReferenceQueue.remove(ReferenceQueue.java:144)
        at java.lang.ref.ReferenceQueue.remove(ReferenceQueue.java:165)
        at java.lang.ref.Finalizer$FinalizerThread.run(Finalizer.java:188)
"PartialTableCache-Cleanup-0" daemon prio=5 tid=1033 in Object.wait()
java.lang.Thread.State: WAITING (on object monitor)
        at sun.misc.Unsafe.park(Native Method)
        at java.util.concurrent.locks.LockSupport.park(LockSupport.java:175)
        at java.util.concurrent.locks.AbstractQueuedSynchronizer$ConditionObject.await(AbstractQueuedSynchronizer.java:2039)
        at java.util.concurrent.LinkedBlockingQueue.take(LinkedBlockingQueue.java:442)
        at java.util.concurrent.ThreadPoolExecutor.getTask(ThreadPoolExecutor.java:1074)
        at java.util.concurrent.ThreadPoolExecutor.runWorker(ThreadPoolExecutor.java:1134)
        at java.util.concurrent.ThreadPoolExecutor$Worker.run(ThreadPoolExecutor.java:624)
        at java.lang.Thread.run(Thread.java:750)
"StaleRecoveringContainerScrubbingService#0" daemon prio=5 tid=551 in Object.wait()
java.lang.Thread.State: WAITING (on object monitor)
        at sun.misc.Unsafe.park(Native Method)
        at java.util.concurrent.locks.LockSupport.park(LockSupport.java:175)
        at java.util.concurrent.locks.AbstractQueuedSynchronizer$ConditionObject.await(AbstractQueuedSynchronizer.java:2039)
        at java.util.concurrent.ScheduledThreadPoolExecutor$DelayedWorkQueue.take(ScheduledThreadPoolExecutor.java:1088)
        at java.util.concurrent.ScheduledThreadPoolExecutor$DelayedWorkQueue.take(ScheduledThreadPoolExecutor.java:809)
        at java.util.concurrent.ThreadPoolExecutor.getTask(ThreadPoolExecutor.java:1074)
        at java.util.concurrent.ThreadPoolExecutor.runWorker(ThreadPoolExecutor.java:1134)
        at java.util.concurrent.ThreadPoolExecutor$Worker.run(ThreadPoolExecutor.java:624)
        at java.lang.Thread.run(Thread.java:750)
"92ba0aed-1dcc-4895-b5bb-fc45f440be2e-DatanodeReportManager-3" daemon prio=5 tid=386 in Object.wait()
java.lang.Thread.State: WAITING (on object monitor)
        at sun.misc.Unsafe.park(Native Method)
        at java.util.concurrent.locks.LockSupport.park(LockSupport.java:175)
        at java.util.concurrent.locks.AbstractQueuedSynchronizer$ConditionObject.await(AbstractQueuedSynchronizer.java:2039)
        at java.util.concurrent.ScheduledThreadPoolExecutor$DelayedWorkQueue.take(ScheduledThreadPoolExecutor.java:1088)
        at java.util.concurrent.ScheduledThreadPoolExecutor$DelayedWorkQueue.take(ScheduledThreadPoolExecutor.java:809)
        at java.util.concurrent.ThreadPoolExecutor.getTask(ThreadPoolExecutor.java:1074)
        at java.util.concurrent.ThreadPoolExecutor.runWorker(ThreadPoolExecutor.java:1134)
        at java.util.concurrent.ThreadPoolExecutor$Worker.run(ThreadPoolExecutor.java:624)
        at java.lang.Thread.run(Thread.java:750)
"qtp1908574814-159" daemon prio=5 tid=159 timed_waiting
java.lang.Thread.State: TIMED_WAITING
        at sun.misc.Unsafe.park(Native Method)
        at java.util.concurrent.locks.LockSupport.parkNanos(LockSupport.java:215)
        at java.util.concurrent.locks.AbstractQueuedSynchronizer$ConditionObject.awaitNanos(AbstractQueuedSynchronizer.java:2078)
        at org.eclipse.jetty.util.BlockingArrayQueue.poll(BlockingArrayQueue.java:382)
        at org.eclipse.jetty.util.thread.QueuedThreadPool$Runner.idleJobPoll(QueuedThreadPool.java:974)
        at org.eclipse.jetty.util.thread.QueuedThreadPool$Runner.run(QueuedThreadPool.java:1018)
        at java.lang.Thread.run(Thread.java:750)
"fedf11b8-0957-422e-880a-91cc26979c7a-BlockDeletingService#1" daemon prio=5 tid=493 timed_waiting
java.lang.Thread.State: TIMED_WAITING
        at sun.misc.Unsafe.park(Native Method)
        at java.util.concurrent.locks.LockSupport.parkNanos(LockSupport.java:215)
        at java.util.concurrent.locks.AbstractQueuedSynchronizer$ConditionObject.awaitNanos(AbstractQueuedSynchronizer.java:2078)
        at java.util.concurrent.ScheduledThreadPoolExecutor$DelayedWorkQueue.take(ScheduledThreadPoolExecutor.java:1093)
        at java.util.concurrent.ScheduledThreadPoolExecutor$DelayedWorkQueue.take(ScheduledThreadPoolExecutor.java:809)
        at java.util.concurrent.ThreadPoolExecutor.getTask(ThreadPoolExecutor.java:1074)
        at java.util.concurrent.ThreadPoolExecutor.runWorker(ThreadPoolExecutor.java:1134)
        at java.util.concurrent.ThreadPoolExecutor$Worker.run(ThreadPoolExecutor.java:624)
        at java.lang.Thread.run(Thread.java:750)
"qtp1789087814-1185" daemon prio=5 tid=1185 timed_waiting
java.lang.Thread.State: TIMED_WAITING
        at sun.misc.Unsafe.park(Native Method)
        at java.util.concurrent.locks.LockSupport.parkNanos(LockSupport.java:215)
        at java.util.concurrent.locks.AbstractQueuedSynchronizer$ConditionObject.awaitNanos(AbstractQueuedSynchronizer.java:2078)
        at org.eclipse.jetty.util.BlockingArrayQueue.poll(BlockingArrayQueue.java:382)
        at org.eclipse.jetty.util.thread.QueuedThreadPool$Runner.idleJobPoll(QueuedThreadPool.java:974)
        at org.eclipse.jetty.util.thread.QueuedThreadPool$Runner.run(QueuedThreadPool.java:1018)
        at java.lang.Thread.run(Thread.java:750)
"org.apache.hadoop.ozone.container.common.statemachine.commandhandler.DeleteBlocksCommandHandler$DeleteCmdWorker@29299f28" daemon prio=5 tid=219 timed_waiting
java.lang.Thread.State: TIMED_WAITING
        at java.lang.Thread.sleep(Native Method)
        at org.apache.hadoop.ozone.container.common.statemachine.commandhandler.DeleteBlocksCommandHandler$DeleteCmdWorker.run(DeleteBlocksCommandHandler.java:237)
        at java.lang.Thread.run(Thread.java:750)
"Timer-0"  prio=5 tid=148 timed_waiting
java.lang.Thread.State: TIMED_WAITING
        at java.lang.Object.wait(Native Method)
        at java.util.TimerThread.mainLoop(Timer.java:552)
        at java.util.TimerThread.run(Timer.java:505)
"0eeb79a9-13fd-416c-b2a7-6f654c6b5029-PipelineCommandHandlerThread-0"  prio=5 tid=650 in Object.wait()
java.lang.Thread.State: WAITING (on object monitor)
        at sun.misc.Unsafe.park(Native Method)
        at java.util.concurrent.locks.LockSupport.park(LockSupport.java:175)
        at java.util.concurrent.locks.AbstractQueuedSynchronizer$ConditionObject.await(AbstractQueuedSynchronizer.java:2039)
        at java.util.concurrent.LinkedBlockingQueue.take(LinkedBlockingQueue.java:442)
        at java.util.concurrent.ThreadPoolExecutor.getTask(ThreadPoolExecutor.java:1074)
        at java.util.concurrent.ThreadPoolExecutor.runWorker(ThreadPoolExecutor.java:1134)
        at java.util.concurrent.ThreadPoolExecutor$Worker.run(ThreadPoolExecutor.java:624)
        at java.lang.Thread.run(Thread.java:750)
"Session-HouseKeeper-5dba3635-1"  prio=5 tid=199 timed_waiting
java.lang.Thread.State: TIMED_WAITING
        at sun.misc.Unsafe.park(Native Method)
        at java.util.concurrent.locks.LockSupport.parkNanos(LockSupport.java:215)
        at java.util.concurrent.locks.AbstractQueuedSynchronizer$ConditionObject.awaitNanos(AbstractQueuedSynchronizer.java:2078)
        at java.util.concurrent.ScheduledThreadPoolExecutor$DelayedWorkQueue.take(ScheduledThreadPoolExecutor.java:1093)
        at java.util.concurrent.ScheduledThreadPoolExecutor$DelayedWorkQueue.take(ScheduledThreadPoolExecutor.java:809)
        at java.util.concurrent.ThreadPoolExecutor.getTask(ThreadPoolExecutor.java:1074)
        at java.util.concurrent.ThreadPoolExecutor.runWorker(ThreadPoolExecutor.java:1134)
        at java.util.concurrent.ThreadPoolExecutor$Worker.run(ThreadPoolExecutor.java:624)
        at java.lang.Thread.run(Thread.java:750)
"StaleRecoveringContainerScrubbingService#2" daemon prio=5 tid=873 in Object.wait()
java.lang.Thread.State: WAITING (on object monitor)
        at sun.misc.Unsafe.park(Native Method)
        at java.util.concurrent.locks.LockSupport.park(LockSupport.java:175)
        at java.util.concurrent.locks.AbstractQueuedSynchronizer$ConditionObject.await(AbstractQueuedSynchronizer.java:2039)
        at java.util.concurrent.ScheduledThreadPoolExecutor$DelayedWorkQueue.take(ScheduledThreadPoolExecutor.java:1088)
        at java.util.concurrent.ScheduledThreadPoolExecutor$DelayedWorkQueue.take(ScheduledThreadPoolExecutor.java:809)
        at java.util.concurrent.ThreadPoolExecutor.getTask(ThreadPoolExecutor.java:1074)
        at java.util.concurrent.ThreadPoolExecutor.runWorker(ThreadPoolExecutor.java:1134)
        at java.util.concurrent.ThreadPoolExecutor$Worker.run(ThreadPoolExecutor.java:624)
        at java.lang.Thread.run(Thread.java:750)
"0e92623e-4dcf-4eff-ae25-f8b8c2de319b@group-D7F06CC11252-SegmentedRaftLogWorker"  prio=5 tid=734 timed_waiting
java.lang.Thread.State: TIMED_WAITING
        at sun.misc.Unsafe.park(Native Method)
        at java.util.concurrent.locks.LockSupport.parkNanos(LockSupport.java:215)
        at java.util.concurrent.locks.AbstractQueuedSynchronizer$ConditionObject.awaitNanos(AbstractQueuedSynchronizer.java:2078)
        at org.apache.ratis.util.DataBlockingQueue.poll(DataBlockingQueue.java:148)
        at org.apache.ratis.server.raftlog.segmented.SegmentedRaftLogWorker.run(SegmentedRaftLogWorker.java:307)
        at org.apache.ratis.server.raftlog.segmented.SegmentedRaftLogWorker$$Lambda$819/704615668.run(Unknown Source)
        at java.util.concurrent.Executors$RunnableAdapter.call(Executors.java:511)
        at java.util.concurrent.FutureTask.run(FutureTask.java:266)
        at java.util.concurrent.ThreadPoolExecutor.runWorker(ThreadPoolExecutor.java:1149)
        at java.util.concurrent.ThreadPoolExecutor$Worker.run(ThreadPoolExecutor.java:624)
        at java.lang.Thread.run(Thread.java:750)
"IPC Server idle connection scanner for port 15082" daemon prio=5 tid=436 timed_waiting
java.lang.Thread.State: TIMED_WAITING
        at java.lang.Object.wait(Native Method)
        at java.util.TimerThread.mainLoop(Timer.java:552)
        at java.util.TimerThread.run(Timer.java:505)
"0e92623e-4dcf-4eff-ae25-f8b8c2de319b-DatanodeReportManager-3" daemon prio=5 tid=473 timed_waiting
java.lang.Thread.State: TIMED_WAITING
        at sun.misc.Unsafe.park(Native Method)
        at java.util.concurrent.locks.LockSupport.parkNanos(LockSupport.java:215)
        at java.util.concurrent.locks.AbstractQueuedSynchronizer$ConditionObject.awaitNanos(AbstractQueuedSynchronizer.java:2078)
        at java.util.concurrent.ScheduledThreadPoolExecutor$DelayedWorkQueue.take(ScheduledThreadPoolExecutor.java:1093)
        at java.util.concurrent.ScheduledThreadPoolExecutor$DelayedWorkQueue.take(ScheduledThreadPoolExecutor.java:809)
        at java.util.concurrent.ThreadPoolExecutor.getTask(ThreadPoolExecutor.java:1074)
        at java.util.concurrent.ThreadPoolExecutor.runWorker(ThreadPoolExecutor.java:1134)
        at java.util.concurrent.ThreadPoolExecutor$Worker.run(ThreadPoolExecutor.java:624)
        at java.lang.Thread.run(Thread.java:750)
"StaleRecoveringContainerScrubbingService#3" daemon prio=5 tid=1113 in Object.wait()
java.lang.Thread.State: WAITING (on object monitor)
        at sun.misc.Unsafe.park(Native Method)
        at java.util.concurrent.locks.LockSupport.park(LockSupport.java:175)
        at java.util.concurrent.locks.AbstractQueuedSynchronizer$ConditionObject.await(AbstractQueuedSynchronizer.java:2039)
        at java.util.concurrent.ScheduledThreadPoolExecutor$DelayedWorkQueue.take(ScheduledThreadPoolExecutor.java:1088)
        at java.util.concurrent.ScheduledThreadPoolExecutor$DelayedWorkQueue.take(ScheduledThreadPoolExecutor.java:809)
        at java.util.concurrent.ThreadPoolExecutor.getTask(ThreadPoolExecutor.java:1074)
        at java.util.concurrent.ThreadPoolExecutor.runWorker(ThreadPoolExecutor.java:1134)
        at java.util.concurrent.ThreadPoolExecutor$Worker.run(ThreadPoolExecutor.java:624)
        at java.lang.Thread.run(Thread.java:750)
"qtp1623275279-461" daemon prio=5 tid=461 timed_waiting
java.lang.Thread.State: TIMED_WAITING
        at sun.misc.Unsafe.park(Native Method)
        at java.util.concurrent.locks.LockSupport.parkNanos(LockSupport.java:215)
        at java.util.concurrent.locks.AbstractQueuedSynchronizer$ConditionObject.awaitNanos(AbstractQueuedSynchronizer.java:2078)
        at org.eclipse.jetty.util.BlockingArrayQueue.poll(BlockingArrayQueue.java:382)
        at org.eclipse.jetty.util.thread.QueuedThreadPool$Runner.idleJobPoll(QueuedThreadPool.java:974)
        at org.eclipse.jetty.util.thread.QueuedThreadPool$Runner.run(QueuedThreadPool.java:1018)
        at java.lang.Thread.run(Thread.java:750)
"Hadoop-Metrics-Updater-0" daemon prio=5 tid=1191 timed_waiting
java.lang.Thread.State: TIMED_WAITING
        at sun.misc.Unsafe.park(Native Method)
        at java.util.concurrent.locks.LockSupport.parkNanos(LockSupport.java:215)
        at java.util.concurrent.locks.AbstractQueuedSynchronizer$ConditionObject.awaitNanos(AbstractQueuedSynchronizer.java:2078)
        at java.util.concurrent.ScheduledThreadPoolExecutor$DelayedWorkQueue.take(ScheduledThreadPoolExecutor.java:1093)
        at java.util.concurrent.ScheduledThreadPoolExecutor$DelayedWorkQueue.take(ScheduledThreadPoolExecutor.java:809)
        at java.util.concurrent.ThreadPoolExecutor.getTask(ThreadPoolExecutor.java:1074)
        at java.util.concurrent.ThreadPoolExecutor.runWorker(ThreadPoolExecutor.java:1134)
        at java.util.concurrent.ThreadPoolExecutor$Worker.run(ThreadPoolExecutor.java:624)
        at java.lang.Thread.run(Thread.java:750)
"4cee0e49-9f18-41f8-8e67-157ccbc15955-CommandProcessorThread" daemon prio=5 tid=330 timed_waiting
java.lang.Thread.State: TIMED_WAITING
        at java.lang.Thread.sleep(Native Method)
        at org.apache.hadoop.ozone.container.common.statemachine.DatanodeStateMachine.lambda$initCommandHandlerThread$4(DatanodeStateMachine.java:684)
        at org.apache.hadoop.ozone.container.common.statemachine.DatanodeStateMachine$$Lambda$927/756418972.run(Unknown Source)
        at java.lang.Thread.run(Thread.java:750)
"4cee0e49-9f18-41f8-8e67-157ccbc15955-ChunkReader-ELG-0" daemon prio=5 tid=549 runnable
java.lang.Thread.State: RUNNABLE
        at org.apache.ratis.thirdparty.io.netty.channel.epoll.Native.epollWait0(Native Method)
        at org.apache.ratis.thirdparty.io.netty.channel.epoll.Native.epollWait(Native.java:182)
        at org.apache.ratis.thirdparty.io.netty.channel.epoll.EpollEventLoop.epollWait(EpollEventLoop.java:302)
        at org.apache.ratis.thirdparty.io.netty.channel.epoll.EpollEventLoop.run(EpollEventLoop.java:366)
        at org.apache.ratis.thirdparty.io.netty.util.concurrent.SingleThreadEventExecutor$4.run(SingleThreadEventExecutor.java:997)
        at org.apache.ratis.thirdparty.io.netty.util.internal.ThreadExecutorMap$2.run(ThreadExecutorMap.java:74)
        at java.lang.Thread.run(Thread.java:750)
"qtp896731725-313" daemon prio=5 tid=313 timed_waiting
java.lang.Thread.State: TIMED_WAITING
        at sun.misc.Unsafe.park(Native Method)
        at java.util.concurrent.locks.LockSupport.parkNanos(LockSupport.java:215)
        at java.util.concurrent.locks.AbstractQueuedSynchronizer$ConditionObject.awaitNanos(AbstractQueuedSynchronizer.java:2078)
        at org.eclipse.jetty.util.BlockingArrayQueue.poll(BlockingArrayQueue.java:382)
        at org.eclipse.jetty.util.thread.QueuedThreadPool$Runner.idleJobPoll(QueuedThreadPool.java:974)
        at org.eclipse.jetty.util.thread.QueuedThreadPool$Runner.run(QueuedThreadPool.java:1018)
        at java.lang.Thread.run(Thread.java:750)
"92ba0aed-1dcc-4895-b5bb-fc45f440be2e-groupManagement"  prio=5 tid=690 in Object.wait()
java.lang.Thread.State: WAITING (on object monitor)
        at sun.misc.Unsafe.park(Native Method)
        at java.util.concurrent.locks.LockSupport.park(LockSupport.java:175)
        at java.util.concurrent.locks.AbstractQueuedSynchronizer$ConditionObject.await(AbstractQueuedSynchronizer.java:2039)
        at java.util.concurrent.LinkedBlockingQueue.take(LinkedBlockingQueue.java:442)
        at java.util.concurrent.ThreadPoolExecutor.getTask(ThreadPoolExecutor.java:1074)
        at java.util.concurrent.ThreadPoolExecutor.runWorker(ThreadPoolExecutor.java:1134)
        at java.util.concurrent.ThreadPoolExecutor$Worker.run(ThreadPoolExecutor.java:624)
        at java.lang.Thread.run(Thread.java:750)
"qtp830753455-371" daemon prio=5 tid=371 timed_waiting
java.lang.Thread.State: TIMED_WAITING
        at sun.misc.Unsafe.park(Native Method)
        at java.util.concurrent.locks.LockSupport.parkNanos(LockSupport.java:215)
        at java.util.concurrent.locks.AbstractQueuedSynchronizer$ConditionObject.awaitNanos(AbstractQueuedSynchronizer.java:2078)
        at org.eclipse.jetty.util.BlockingArrayQueue.poll(BlockingArrayQueue.java:382)
        at org.eclipse.jetty.util.thread.QueuedThreadPool$Runner.idleJobPoll(QueuedThreadPool.java:974)
        at org.eclipse.jetty.util.thread.QueuedThreadPool$Runner.run(QueuedThreadPool.java:1018)
        at java.lang.Thread.run(Thread.java:750)
"5f7d9b36-4620-4ba9-8a78-929bd6ddd1f9-BlockDeletingService#1" daemon prio=5 tid=614 in Object.wait()
java.lang.Thread.State: WAITING (on object monitor)
        at sun.misc.Unsafe.park(Native Method)
        at java.util.concurrent.locks.LockSupport.park(LockSupport.java:175)
        at java.util.concurrent.locks.AbstractQueuedSynchronizer$ConditionObject.await(AbstractQueuedSynchronizer.java:2039)
        at java.util.concurrent.ScheduledThreadPoolExecutor$DelayedWorkQueue.take(ScheduledThreadPoolExecutor.java:1088)
        at java.util.concurrent.ScheduledThreadPoolExecutor$DelayedWorkQueue.take(ScheduledThreadPoolExecutor.java:809)
        at java.util.concurrent.ThreadPoolExecutor.getTask(ThreadPoolExecutor.java:1074)
        at java.util.concurrent.ThreadPoolExecutor.runWorker(ThreadPoolExecutor.java:1134)
        at java.util.concurrent.ThreadPoolExecutor$Worker.run(ThreadPoolExecutor.java:624)
        at java.lang.Thread.run(Thread.java:750)
"0eeb79a9-13fd-416c-b2a7-6f654c6b5029-BlockDeletingService#1" daemon prio=5 tid=508 in Object.wait()
java.lang.Thread.State: WAITING (on object monitor)
        at sun.misc.Unsafe.park(Native Method)
        at java.util.concurrent.locks.LockSupport.park(LockSupport.java:175)
        at java.util.concurrent.locks.AbstractQueuedSynchronizer$ConditionObject.await(AbstractQueuedSynchronizer.java:2039)
        at java.util.concurrent.ScheduledThreadPoolExecutor$DelayedWorkQueue.take(ScheduledThreadPoolExecutor.java:1088)
        at java.util.concurrent.ScheduledThreadPoolExecutor$DelayedWorkQueue.take(ScheduledThreadPoolExecutor.java:809)
        at java.util.concurrent.ThreadPoolExecutor.getTask(ThreadPoolExecutor.java:1074)
        at java.util.concurrent.ThreadPoolExecutor.runWorker(ThreadPoolExecutor.java:1134)
        at java.util.concurrent.ThreadPoolExecutor$Worker.run(ThreadPoolExecutor.java:624)
        at java.lang.Thread.run(Thread.java:750)
"5f7d9b36-4620-4ba9-8a78-929bd6ddd1f9-ChunkReader-5" daemon prio=5 tid=1339 in Object.wait()
java.lang.Thread.State: WAITING (on object monitor)
        at sun.misc.Unsafe.park(Native Method)
        at java.util.concurrent.locks.LockSupport.park(LockSupport.java:175)
        at java.util.concurrent.locks.AbstractQueuedSynchronizer$ConditionObject.await(AbstractQueuedSynchronizer.java:2039)
        at java.util.concurrent.LinkedBlockingQueue.take(LinkedBlockingQueue.java:442)
        at java.util.concurrent.ThreadPoolExecutor.getTask(ThreadPoolExecutor.java:1074)
        at java.util.concurrent.ThreadPoolExecutor.runWorker(ThreadPoolExecutor.java:1134)
        at java.util.concurrent.ThreadPoolExecutor$Worker.run(ThreadPoolExecutor.java:624)
        at java.lang.Thread.run(Thread.java:750)
"4cee0e49-9f18-41f8-8e67-157ccbc15955-CloseContainerThread-1"  prio=5 tid=1134 in Object.wait()
java.lang.Thread.State: WAITING (on object monitor)
        at sun.misc.Unsafe.park(Native Method)
        at java.util.concurrent.locks.LockSupport.park(LockSupport.java:175)
        at java.util.concurrent.locks.AbstractQueuedSynchronizer$ConditionObject.await(AbstractQueuedSynchronizer.java:2039)
        at java.util.concurrent.LinkedBlockingQueue.take(LinkedBlockingQueue.java:442)
        at java.util.concurrent.ThreadPoolExecutor.getTask(ThreadPoolExecutor.java:1074)
        at java.util.concurrent.ThreadPoolExecutor.runWorker(ThreadPoolExecutor.java:1134)
        at java.util.concurrent.ThreadPoolExecutor$Worker.run(ThreadPoolExecutor.java:624)
        at java.lang.Thread.run(Thread.java:750)
"0eeb79a9-13fd-416c-b2a7-6f654c6b5029-ChunkReader-5" daemon prio=5 tid=1472 in Object.wait()
java.lang.Thread.State: WAITING (on object monitor)
        at sun.misc.Unsafe.park(Native Method)
        at java.util.concurrent.locks.LockSupport.park(LockSupport.java:175)
        at java.util.concurrent.locks.AbstractQueuedSynchronizer$ConditionObject.await(AbstractQueuedSynchronizer.java:2039)
        at java.util.concurrent.LinkedBlockingQueue.take(LinkedBlockingQueue.java:442)
        at java.util.concurrent.ThreadPoolExecutor.getTask(ThreadPoolExecutor.java:1074)
        at java.util.concurrent.ThreadPoolExecutor.runWorker(ThreadPoolExecutor.java:1134)
        at java.util.concurrent.ThreadPoolExecutor$Worker.run(ThreadPoolExecutor.java:624)
        at java.lang.Thread.run(Thread.java:750)
"d9016e39-0130-4fd9-896a-cac3c2785d02-DatanodeReportManager-4" daemon prio=5 tid=1198 in Object.wait()
java.lang.Thread.State: WAITING (on object monitor)
        at sun.misc.Unsafe.park(Native Method)
        at java.util.concurrent.locks.LockSupport.park(LockSupport.java:175)
        at java.util.concurrent.locks.AbstractQueuedSynchronizer$ConditionObject.await(AbstractQueuedSynchronizer.java:2039)
        at java.util.concurrent.ScheduledThreadPoolExecutor$DelayedWorkQueue.take(ScheduledThreadPoolExecutor.java:1088)
        at java.util.concurrent.ScheduledThreadPoolExecutor$DelayedWorkQueue.take(ScheduledThreadPoolExecutor.java:809)
        at java.util.concurrent.ThreadPoolExecutor.getTask(ThreadPoolExecutor.java:1074)
        at java.util.concurrent.ThreadPoolExecutor.runWorker(ThreadPoolExecutor.java:1134)
        at java.util.concurrent.ThreadPoolExecutor$Worker.run(ThreadPoolExecutor.java:624)
        at java.lang.Thread.run(Thread.java:750)
"JvmPauseMonitor11" daemon prio=5 tid=624 timed_waiting
java.lang.Thread.State: TIMED_WAITING
        at java.lang.Thread.sleep(Native Method)
        at java.lang.Thread.sleep(Thread.java:342)
        at java.util.concurrent.TimeUnit.sleep(TimeUnit.java:386)
        at org.apache.ratis.util.TimeDuration.sleep(TimeDuration.java:325)
        at org.apache.ratis.util.TimeDuration.sleep(TimeDuration.java:310)
        at org.apache.ratis.util.JvmPauseMonitor.detectPause(JvmPauseMonitor.java:117)
        at org.apache.ratis.util.JvmPauseMonitor.run(JvmPauseMonitor.java:106)
        at org.apache.ratis.util.JvmPauseMonitor$$Lambda$485/1144886446.run(Unknown Source)
        at java.lang.Thread.run(Thread.java:750)
"IPC Server handler 16 on default port 15001" daemon prio=5 tid=87 timed_waiting
java.lang.Thread.State: TIMED_WAITING
        at sun.misc.Unsafe.park(Native Method)
        at java.util.concurrent.locks.LockSupport.parkNanos(LockSupport.java:215)
        at java.util.concurrent.locks.AbstractQueuedSynchronizer$ConditionObject.awaitNanos(AbstractQueuedSynchronizer.java:2078)
        at java.util.concurrent.LinkedBlockingQueue.poll(LinkedBlockingQueue.java:467)
        at org.apache.hadoop.ipc.CallQueueManager.take(CallQueueManager.java:317)
        at org.apache.hadoop.ipc.Server$Handler.run(Server.java:3014)
"qtp1789087814-1178" daemon prio=5 tid=1178 runnable
java.lang.Thread.State: RUNNABLE
        at sun.nio.ch.EPollArrayWrapper.epollWait(Native Method)
        at sun.nio.ch.EPollArrayWrapper.poll(EPollArrayWrapper.java:269)
        at sun.nio.ch.EPollSelectorImpl.doSelect(EPollSelectorImpl.java:93)
        at sun.nio.ch.SelectorImpl.lockAndDoSelect(SelectorImpl.java:86)
        at sun.nio.ch.SelectorImpl.select(SelectorImpl.java:97)
        at sun.nio.ch.SelectorImpl.select(SelectorImpl.java:101)
        at org.eclipse.jetty.io.ManagedSelector.nioSelect(ManagedSelector.java:183)
        at org.eclipse.jetty.io.ManagedSelector.select(ManagedSelector.java:190)
        at org.eclipse.jetty.io.ManagedSelector$SelectorProducer.select(ManagedSelector.java:606)
        at org.eclipse.jetty.io.ManagedSelector$SelectorProducer.produce(ManagedSelector.java:543)
        at org.eclipse.jetty.util.thread.strategy.EatWhatYouKill.produceTask(EatWhatYouKill.java:362)
        at org.eclipse.jetty.util.thread.strategy.EatWhatYouKill.doProduce(EatWhatYouKill.java:186)
        at org.eclipse.jetty.util.thread.strategy.EatWhatYouKill.tryProduce(EatWhatYouKill.java:173)
        at org.eclipse.jetty.util.thread.strategy.EatWhatYouKill.produce(EatWhatYouKill.java:137)
        at org.eclipse.jetty.io.ManagedSelector$$Lambda$519/57301464.run(Unknown Source)
        at org.eclipse.jetty.util.thread.QueuedThreadPool.runJob(QueuedThreadPool.java:883)
        at org.eclipse.jetty.util.thread.QueuedThreadPool$Runner.run(QueuedThreadPool.java:1034)
        at java.lang.Thread.run(Thread.java:750)
"fedf11b8-0957-422e-880a-91cc26979c7a-DatanodeStateMachineTaskThread-1"  prio=5 tid=477 in Object.wait()
java.lang.Thread.State: WAITING (on object monitor)
        at sun.misc.Unsafe.park(Native Method)
        at java.util.concurrent.locks.LockSupport.park(LockSupport.java:175)
        at java.util.concurrent.locks.AbstractQueuedSynchronizer$ConditionObject.await(AbstractQueuedSynchronizer.java:2039)
        at java.util.concurrent.LinkedBlockingQueue.take(LinkedBlockingQueue.java:442)
        at java.util.concurrent.ThreadPoolExecutor.getTask(ThreadPoolExecutor.java:1074)
        at java.util.concurrent.ThreadPoolExecutor.runWorker(ThreadPoolExecutor.java:1134)
        at java.util.concurrent.ThreadPoolExecutor$Worker.run(ThreadPoolExecutor.java:624)
        at java.lang.Thread.run(Thread.java:750)
"UnderReplicatedProcessor" daemon prio=5 tid=1411 timed_waiting
java.lang.Thread.State: TIMED_WAITING
        at java.lang.Object.wait(Native Method)
        at org.apache.hadoop.hdds.scm.container.replication.UnhealthyReplicationProcessor.run(UnhealthyReplicationProcessor.java:174)
        at java.lang.Thread.run(Thread.java:750)
"92ba0aed-1dcc-4895-b5bb-fc45f440be2e@group-B0F7BFBF7B06-LeaderStateImpl" daemon prio=5 tid=938 timed_waiting
java.lang.Thread.State: TIMED_WAITING
        at sun.misc.Unsafe.park(Native Method)
        at java.util.concurrent.locks.LockSupport.parkNanos(LockSupport.java:215)
        at java.util.concurrent.locks.AbstractQueuedSynchronizer$ConditionObject.awaitNanos(AbstractQueuedSynchronizer.java:2078)
        at java.util.concurrent.ArrayBlockingQueue.poll(ArrayBlockingQueue.java:418)
        at org.apache.ratis.server.impl.LeaderStateImpl$EventQueue.poll(LeaderStateImpl.java:164)
        at org.apache.ratis.server.impl.LeaderStateImpl$EventProcessor.run(LeaderStateImpl.java:702)
"92ba0aed-1dcc-4895-b5bb-fc45f440be2e-PeriodicHDDSVolumeChecker" daemon prio=5 tid=571 timed_waiting
java.lang.Thread.State: TIMED_WAITING
        at sun.misc.Unsafe.park(Native Method)
        at java.util.concurrent.locks.LockSupport.parkNanos(LockSupport.java:215)
        at java.util.concurrent.locks.AbstractQueuedSynchronizer$ConditionObject.awaitNanos(AbstractQueuedSynchronizer.java:2078)
        at java.util.concurrent.ScheduledThreadPoolExecutor$DelayedWorkQueue.take(ScheduledThreadPoolExecutor.java:1093)
        at java.util.concurrent.ScheduledThreadPoolExecutor$DelayedWorkQueue.take(ScheduledThreadPoolExecutor.java:809)
        at java.util.concurrent.ThreadPoolExecutor.getTask(ThreadPoolExecutor.java:1074)
        at java.util.concurrent.ThreadPoolExecutor.runWorker(ThreadPoolExecutor.java:1134)
        at java.util.concurrent.ThreadPoolExecutor$Worker.run(ThreadPoolExecutor.java:624)
        at java.lang.Thread.run(Thread.java:750)
"fedf11b8-0957-422e-880a-91cc26979c7a-server-thread3" daemon prio=5 tid=1301 timed_waiting
java.lang.Thread.State: TIMED_WAITING
        at sun.misc.Unsafe.park(Native Method)
        at java.util.concurrent.locks.LockSupport.parkNanos(LockSupport.java:215)
        at java.util.concurrent.SynchronousQueue$TransferStack.awaitFulfill(SynchronousQueue.java:460)
        at java.util.concurrent.SynchronousQueue$TransferStack.transfer(SynchronousQueue.java:362)
        at java.util.concurrent.SynchronousQueue.poll(SynchronousQueue.java:941)
        at java.util.concurrent.ThreadPoolExecutor.getTask(ThreadPoolExecutor.java:1073)
        at java.util.concurrent.ThreadPoolExecutor.runWorker(ThreadPoolExecutor.java:1134)
        at java.util.concurrent.ThreadPoolExecutor$Worker.run(ThreadPoolExecutor.java:624)
        at java.lang.Thread.run(Thread.java:750)
"fadd24ee-4463-4420-97cf-bdd350ad83ae-ChunkWriter-3-0" daemon prio=5 tid=532 in Object.wait()
java.lang.Thread.State: WAITING (on object monitor)
        at sun.misc.Unsafe.park(Native Method)
        at java.util.concurrent.locks.LockSupport.park(LockSupport.java:175)
        at java.util.concurrent.locks.AbstractQueuedSynchronizer$ConditionObject.await(AbstractQueuedSynchronizer.java:2039)
        at java.util.concurrent.LinkedBlockingDeque.takeFirst(LinkedBlockingDeque.java:492)
        at java.util.concurrent.LinkedBlockingDeque.take(LinkedBlockingDeque.java:680)
        at java.util.concurrent.ThreadPoolExecutor.getTask(ThreadPoolExecutor.java:1074)
        at java.util.concurrent.ThreadPoolExecutor.runWorker(ThreadPoolExecutor.java:1134)
        at java.util.concurrent.ThreadPoolExecutor$Worker.run(ThreadPoolExecutor.java:624)
        at java.lang.Thread.run(Thread.java:750)
"0e92623e-4dcf-4eff-ae25-f8b8c2de319b-ChunkWriter-3-0" daemon prio=5 tid=623 in Object.wait()
java.lang.Thread.State: WAITING (on object monitor)
        at sun.misc.Unsafe.park(Native Method)
        at java.util.concurrent.locks.LockSupport.park(LockSupport.java:175)
        at java.util.concurrent.locks.AbstractQueuedSynchronizer$ConditionObject.await(AbstractQueuedSynchronizer.java:2039)
        at java.util.concurrent.LinkedBlockingDeque.takeFirst(LinkedBlockingDeque.java:492)
        at java.util.concurrent.LinkedBlockingDeque.take(LinkedBlockingDeque.java:680)
        at java.util.concurrent.ThreadPoolExecutor.getTask(ThreadPoolExecutor.java:1074)
        at java.util.concurrent.ThreadPoolExecutor.runWorker(ThreadPoolExecutor.java:1134)
        at java.util.concurrent.ThreadPoolExecutor$Worker.run(ThreadPoolExecutor.java:624)
        at java.lang.Thread.run(Thread.java:750)
"pool-246-thread-1"  prio=5 tid=366 timed_waiting
java.lang.Thread.State: TIMED_WAITING
        at sun.misc.Unsafe.park(Native Method)
        at java.util.concurrent.locks.LockSupport.parkNanos(LockSupport.java:215)
        at java.util.concurrent.locks.AbstractQueuedSynchronizer$ConditionObject.awaitNanos(AbstractQueuedSynchronizer.java:2078)
        at java.util.concurrent.ScheduledThreadPoolExecutor$DelayedWorkQueue.take(ScheduledThreadPoolExecutor.java:1093)
        at java.util.concurrent.ScheduledThreadPoolExecutor$DelayedWorkQueue.take(ScheduledThreadPoolExecutor.java:809)
        at java.util.concurrent.ThreadPoolExecutor.getTask(ThreadPoolExecutor.java:1074)
        at java.util.concurrent.ThreadPoolExecutor.runWorker(ThreadPoolExecutor.java:1134)
        at java.util.concurrent.ThreadPoolExecutor$Worker.run(ThreadPoolExecutor.java:624)
        at java.lang.Thread.run(Thread.java:750)
"pool-150-thread-1" daemon prio=5 tid=528 timed_waiting
java.lang.Thread.State: TIMED_WAITING
        at sun.misc.Unsafe.park(Native Method)
        at java.util.concurrent.locks.LockSupport.parkNanos(LockSupport.java:215)
        at java.util.concurrent.locks.AbstractQueuedSynchronizer$ConditionObject.awaitNanos(AbstractQueuedSynchronizer.java:2078)
        at java.util.concurrent.ScheduledThreadPoolExecutor$DelayedWorkQueue.take(ScheduledThreadPoolExecutor.java:1093)
        at java.util.concurrent.ScheduledThreadPoolExecutor$DelayedWorkQueue.take(ScheduledThreadPoolExecutor.java:809)
        at java.util.concurrent.ThreadPoolExecutor.getTask(ThreadPoolExecutor.java:1074)
        at java.util.concurrent.ThreadPoolExecutor.runWorker(ThreadPoolExecutor.java:1134)
        at java.util.concurrent.ThreadPoolExecutor$Worker.run(ThreadPoolExecutor.java:624)
        at java.lang.Thread.run(Thread.java:750)
"pool-254-thread-1" daemon prio=5 tid=588 timed_waiting
java.lang.Thread.State: TIMED_WAITING
        at sun.misc.Unsafe.park(Native Method)
        at java.util.concurrent.locks.LockSupport.parkNanos(LockSupport.java:215)
        at java.util.concurrent.locks.AbstractQueuedSynchronizer$ConditionObject.awaitNanos(AbstractQueuedSynchronizer.java:2078)
        at java.util.concurrent.ScheduledThreadPoolExecutor$DelayedWorkQueue.take(ScheduledThreadPoolExecutor.java:1093)
        at java.util.concurrent.ScheduledThreadPoolExecutor$DelayedWorkQueue.take(ScheduledThreadPoolExecutor.java:809)
        at java.util.concurrent.ThreadPoolExecutor.getTask(ThreadPoolExecutor.java:1074)
        at java.util.concurrent.ThreadPoolExecutor.runWorker(ThreadPoolExecutor.java:1134)
        at java.util.concurrent.ThreadPoolExecutor$Worker.run(ThreadPoolExecutor.java:624)
        at java.lang.Thread.run(Thread.java:750)
"StaleRecoveringContainerScrubbingService#3" daemon prio=5 tid=1118 in Object.wait()
java.lang.Thread.State: WAITING (on object monitor)
        at sun.misc.Unsafe.park(Native Method)
        at java.util.concurrent.locks.LockSupport.park(LockSupport.java:175)
        at java.util.concurrent.locks.AbstractQueuedSynchronizer$ConditionObject.await(AbstractQueuedSynchronizer.java:2039)
        at java.util.concurrent.ScheduledThreadPoolExecutor$DelayedWorkQueue.take(ScheduledThreadPoolExecutor.java:1088)
        at java.util.concurrent.ScheduledThreadPoolExecutor$DelayedWorkQueue.take(ScheduledThreadPoolExecutor.java:809)
        at java.util.concurrent.ThreadPoolExecutor.getTask(ThreadPoolExecutor.java:1074)
        at java.util.concurrent.ThreadPoolExecutor.runWorker(ThreadPoolExecutor.java:1134)
        at java.util.concurrent.ThreadPoolExecutor$Worker.run(ThreadPoolExecutor.java:624)
        at java.lang.Thread.run(Thread.java:750)
"IPC Server handler 4 on default port 15000" daemon prio=5 tid=55 timed_waiting
java.lang.Thread.State: TIMED_WAITING
        at sun.misc.Unsafe.park(Native Method)
        at java.util.concurrent.locks.LockSupport.parkNanos(LockSupport.java:215)
        at java.util.concurrent.locks.AbstractQueuedSynchronizer$ConditionObject.awaitNanos(AbstractQueuedSynchronizer.java:2078)
        at java.util.concurrent.LinkedBlockingQueue.poll(LinkedBlockingQueue.java:467)
        at org.apache.hadoop.ipc.CallQueueManager.take(CallQueueManager.java:317)
        at org.apache.hadoop.ipc.Server$Handler.run(Server.java:3014)
"5f7d9b36-4620-4ba9-8a78-929bd6ddd1f9-ChunkReader-ELG-0" daemon prio=5 tid=610 runnable
java.lang.Thread.State: RUNNABLE
        at org.apache.ratis.thirdparty.io.netty.channel.epoll.Native.epollWait0(Native Method)
        at org.apache.ratis.thirdparty.io.netty.channel.epoll.Native.epollWait(Native.java:182)
        at org.apache.ratis.thirdparty.io.netty.channel.epoll.EpollEventLoop.epollWait(EpollEventLoop.java:302)
        at org.apache.ratis.thirdparty.io.netty.channel.epoll.EpollEventLoop.run(EpollEventLoop.java:366)
        at org.apache.ratis.thirdparty.io.netty.util.concurrent.SingleThreadEventExecutor$4.run(SingleThreadEventExecutor.java:997)
        at org.apache.ratis.thirdparty.io.netty.util.internal.ThreadExecutorMap$2.run(ThreadExecutorMap.java:74)
        at java.lang.Thread.run(Thread.java:750)
"qtp1623275279-454" daemon prio=5 tid=454 runnable
java.lang.Thread.State: RUNNABLE
        at sun.nio.ch.EPollArrayWrapper.epollWait(Native Method)
        at sun.nio.ch.EPollArrayWrapper.poll(EPollArrayWrapper.java:269)
        at sun.nio.ch.EPollSelectorImpl.doSelect(EPollSelectorImpl.java:93)
        at sun.nio.ch.SelectorImpl.lockAndDoSelect(SelectorImpl.java:86)
        at sun.nio.ch.SelectorImpl.select(SelectorImpl.java:97)
        at sun.nio.ch.SelectorImpl.select(SelectorImpl.java:101)
        at org.eclipse.jetty.io.ManagedSelector.nioSelect(ManagedSelector.java:183)
        at org.eclipse.jetty.io.ManagedSelector.select(ManagedSelector.java:190)
        at org.eclipse.jetty.io.ManagedSelector$SelectorProducer.select(ManagedSelector.java:606)
        at org.eclipse.jetty.io.ManagedSelector$SelectorProducer.produce(ManagedSelector.java:543)
        at org.eclipse.jetty.util.thread.strategy.EatWhatYouKill.produceTask(EatWhatYouKill.java:362)
        at org.eclipse.jetty.util.thread.strategy.EatWhatYouKill.doProduce(EatWhatYouKill.java:186)
        at org.eclipse.jetty.util.thread.strategy.EatWhatYouKill.tryProduce(EatWhatYouKill.java:173)
        at org.eclipse.jetty.util.thread.strategy.EatWhatYouKill.produce(EatWhatYouKill.java:137)
        at org.eclipse.jetty.io.ManagedSelector$$Lambda$519/57301464.run(Unknown Source)
        at org.eclipse.jetty.util.thread.QueuedThreadPool.runJob(QueuedThreadPool.java:883)
        at org.eclipse.jetty.util.thread.QueuedThreadPool$Runner.run(QueuedThreadPool.java:1034)
        at java.lang.Thread.run(Thread.java:750)
"timer6" daemon prio=5 tid=929 timed_waiting
java.lang.Thread.State: TIMED_WAITING
        at java.lang.Object.wait(Native Method)
        at java.util.TimerThread.mainLoop(Timer.java:552)
        at java.util.TimerThread.run(Timer.java:505)
"5f7d9b36-4620-4ba9-8a78-929bd6ddd1f9-ChunkReader-6" daemon prio=5 tid=1344 in Object.wait()
java.lang.Thread.State: WAITING (on object monitor)
        at sun.misc.Unsafe.park(Native Method)
        at java.util.concurrent.locks.LockSupport.park(LockSupport.java:175)
        at java.util.concurrent.locks.AbstractQueuedSynchronizer$ConditionObject.await(AbstractQueuedSynchronizer.java:2039)
        at java.util.concurrent.LinkedBlockingQueue.take(LinkedBlockingQueue.java:442)
        at java.util.concurrent.ThreadPoolExecutor.getTask(ThreadPoolExecutor.java:1074)
        at java.util.concurrent.ThreadPoolExecutor.runWorker(ThreadPoolExecutor.java:1134)
        at java.util.concurrent.ThreadPoolExecutor$Worker.run(ThreadPoolExecutor.java:624)
        at java.lang.Thread.run(Thread.java:750)
"4cee0e49-9f18-41f8-8e67-157ccbc15955-ChunkReader-8" daemon prio=5 tid=1450 in Object.wait()
java.lang.Thread.State: WAITING (on object monitor)
        at sun.misc.Unsafe.park(Native Method)
        at java.util.concurrent.locks.LockSupport.park(LockSupport.java:175)
        at java.util.concurrent.locks.AbstractQueuedSynchronizer$ConditionObject.await(AbstractQueuedSynchronizer.java:2039)
        at java.util.concurrent.LinkedBlockingQueue.take(LinkedBlockingQueue.java:442)
        at java.util.concurrent.ThreadPoolExecutor.getTask(ThreadPoolExecutor.java:1074)
        at java.util.concurrent.ThreadPoolExecutor.runWorker(ThreadPoolExecutor.java:1134)
        at java.util.concurrent.ThreadPoolExecutor$Worker.run(ThreadPoolExecutor.java:624)
        at java.lang.Thread.run(Thread.java:750)
"qtp1362677814-226" daemon prio=5 tid=226 timed_waiting
java.lang.Thread.State: TIMED_WAITING
        at sun.misc.Unsafe.park(Native Method)
        at java.util.concurrent.locks.LockSupport.parkNanos(LockSupport.java:215)
        at java.util.concurrent.locks.AbstractQueuedSynchronizer$ConditionObject.awaitNanos(AbstractQueuedSynchronizer.java:2078)
        at org.eclipse.jetty.util.BlockingArrayQueue.poll(BlockingArrayQueue.java:382)
        at org.eclipse.jetty.util.thread.QueuedThreadPool$Runner.idleJobPoll(QueuedThreadPool.java:974)
        at org.eclipse.jetty.util.thread.QueuedThreadPool$Runner.run(QueuedThreadPool.java:1018)
        at java.lang.Thread.run(Thread.java:750)
"qtp1908574814-157-acceptor-0@1d5acf1f-ServerConnector@68e89c76{HTTP/1.1, (http/1.1)}{0.0.0.0:15005}" daemon prio=3 tid=157 runnable
java.lang.Thread.State: RUNNABLE
        at sun.nio.ch.ServerSocketChannelImpl.accept0(Native Method)
        at sun.nio.ch.ServerSocketChannelImpl.accept(ServerSocketChannelImpl.java:421)
        at sun.nio.ch.ServerSocketChannelImpl.accept(ServerSocketChannelImpl.java:249)
        at org.eclipse.jetty.server.ServerConnector.accept(ServerConnector.java:388)
        at org.eclipse.jetty.server.AbstractConnector$Acceptor.run(AbstractConnector.java:704)
        at org.eclipse.jetty.util.thread.QueuedThreadPool.runJob(QueuedThreadPool.java:883)
        at org.eclipse.jetty.util.thread.QueuedThreadPool$Runner.run(QueuedThreadPool.java:1034)
        at java.lang.Thread.run(Thread.java:750)
"StaleRecoveringContainerScrubbingService#6" daemon prio=5 tid=1329 in Object.wait()
java.lang.Thread.State: WAITING (on object monitor)
        at sun.misc.Unsafe.park(Native Method)
        at java.util.concurrent.locks.LockSupport.park(LockSupport.java:175)
        at java.util.concurrent.locks.AbstractQueuedSynchronizer$ConditionObject.await(AbstractQueuedSynchronizer.java:2039)
        at java.util.concurrent.ScheduledThreadPoolExecutor$DelayedWorkQueue.take(ScheduledThreadPoolExecutor.java:1088)
        at java.util.concurrent.ScheduledThreadPoolExecutor$DelayedWorkQueue.take(ScheduledThreadPoolExecutor.java:809)
        at java.util.concurrent.ThreadPoolExecutor.getTask(ThreadPoolExecutor.java:1074)
        at java.util.concurrent.ThreadPoolExecutor.runWorker(ThreadPoolExecutor.java:1134)
        at java.util.concurrent.ThreadPoolExecutor$Worker.run(ThreadPoolExecutor.java:624)
        at java.lang.Thread.run(Thread.java:750)
"IPC Server listener on 15073" daemon prio=5 tid=405 runnable
java.lang.Thread.State: RUNNABLE
        at sun.nio.ch.EPollArrayWrapper.epollWait(Native Method)
        at sun.nio.ch.EPollArrayWrapper.poll(EPollArrayWrapper.java:269)
        at sun.nio.ch.EPollSelectorImpl.doSelect(EPollSelectorImpl.java:93)
        at sun.nio.ch.SelectorImpl.lockAndDoSelect(SelectorImpl.java:86)
        at sun.nio.ch.SelectorImpl.select(SelectorImpl.java:97)
        at sun.nio.ch.SelectorImpl.select(SelectorImpl.java:101)
        at org.apache.hadoop.ipc.Server$Listener.run(Server.java:1408)
"4cee0e49-9f18-41f8-8e67-157ccbc15955-PeriodicHDDSVolumeChecker" daemon prio=5 tid=541 timed_waiting
java.lang.Thread.State: TIMED_WAITING
        at sun.misc.Unsafe.park(Native Method)
        at java.util.concurrent.locks.LockSupport.parkNanos(LockSupport.java:215)
        at java.util.concurrent.locks.AbstractQueuedSynchronizer$ConditionObject.awaitNanos(AbstractQueuedSynchronizer.java:2078)
        at java.util.concurrent.ScheduledThreadPoolExecutor$DelayedWorkQueue.take(ScheduledThreadPoolExecutor.java:1093)
        at java.util.concurrent.ScheduledThreadPoolExecutor$DelayedWorkQueue.take(ScheduledThreadPoolExecutor.java:809)
        at java.util.concurrent.ThreadPoolExecutor.getTask(ThreadPoolExecutor.java:1074)
        at java.util.concurrent.ThreadPoolExecutor.runWorker(ThreadPoolExecutor.java:1134)
        at java.util.concurrent.ThreadPoolExecutor$Worker.run(ThreadPoolExecutor.java:624)
        at java.lang.Thread.run(Thread.java:750)
"0e92623e-4dcf-4eff-ae25-f8b8c2de319b-DatanodeReportManager-0" daemon prio=5 tid=470 in Object.wait()
java.lang.Thread.State: WAITING (on object monitor)
        at sun.misc.Unsafe.park(Native Method)
        at java.util.concurrent.locks.LockSupport.park(LockSupport.java:175)
        at java.util.concurrent.locks.AbstractQueuedSynchronizer$ConditionObject.await(AbstractQueuedSynchronizer.java:2039)
        at java.util.concurrent.ScheduledThreadPoolExecutor$DelayedWorkQueue.take(ScheduledThreadPoolExecutor.java:1088)
        at java.util.concurrent.ScheduledThreadPoolExecutor$DelayedWorkQueue.take(ScheduledThreadPoolExecutor.java:809)
        at java.util.concurrent.ThreadPoolExecutor.getTask(ThreadPoolExecutor.java:1074)
        at java.util.concurrent.ThreadPoolExecutor.runWorker(ThreadPoolExecutor.java:1134)
        at java.util.concurrent.ThreadPoolExecutor$Worker.run(ThreadPoolExecutor.java:624)
        at java.lang.Thread.run(Thread.java:750)
"5f7d9b36-4620-4ba9-8a78-929bd6ddd1f9-ChunkReader-8" daemon prio=5 tid=1354 in Object.wait()
java.lang.Thread.State: WAITING (on object monitor)
        at sun.misc.Unsafe.park(Native Method)
        at java.util.concurrent.locks.LockSupport.park(LockSupport.java:175)
        at java.util.concurrent.locks.AbstractQueuedSynchronizer$ConditionObject.await(AbstractQueuedSynchronizer.java:2039)
        at java.util.concurrent.LinkedBlockingQueue.take(LinkedBlockingQueue.java:442)
        at java.util.concurrent.ThreadPoolExecutor.getTask(ThreadPoolExecutor.java:1074)
        at java.util.concurrent.ThreadPoolExecutor.runWorker(ThreadPoolExecutor.java:1134)
        at java.util.concurrent.ThreadPoolExecutor$Worker.run(ThreadPoolExecutor.java:624)
        at java.lang.Thread.run(Thread.java:750)
"92ba0aed-1dcc-4895-b5bb-fc45f440be2e-DatanodeStateMachineTaskThread-0"  prio=5 tid=389 in Object.wait()
java.lang.Thread.State: WAITING (on object monitor)
        at sun.misc.Unsafe.park(Native Method)
        at java.util.concurrent.locks.LockSupport.park(LockSupport.java:175)
        at java.util.concurrent.locks.AbstractQueuedSynchronizer$ConditionObject.await(AbstractQueuedSynchronizer.java:2039)
        at java.util.concurrent.LinkedBlockingQueue.take(LinkedBlockingQueue.java:442)
        at java.util.concurrent.ThreadPoolExecutor.getTask(ThreadPoolExecutor.java:1074)
        at java.util.concurrent.ThreadPoolExecutor.runWorker(ThreadPoolExecutor.java:1134)
        at java.util.concurrent.ThreadPoolExecutor$Worker.run(ThreadPoolExecutor.java:624)
        at java.lang.Thread.run(Thread.java:750)
"IPC Server handler 2 on default port 15001" daemon prio=5 tid=73 timed_waiting
java.lang.Thread.State: TIMED_WAITING
        at sun.misc.Unsafe.park(Native Method)
        at java.util.concurrent.locks.LockSupport.parkNanos(LockSupport.java:215)
        at java.util.concurrent.locks.AbstractQueuedSynchronizer$ConditionObject.awaitNanos(AbstractQueuedSynchronizer.java:2078)
        at java.util.concurrent.LinkedBlockingQueue.poll(LinkedBlockingQueue.java:467)
        at org.apache.hadoop.ipc.CallQueueManager.take(CallQueueManager.java:317)
        at org.apache.hadoop.ipc.Server$Handler.run(Server.java:3014)
"IPC Server listener on 15091" daemon prio=5 tid=463 runnable
java.lang.Thread.State: RUNNABLE
        at sun.nio.ch.EPollArrayWrapper.epollWait(Native Method)
        at sun.nio.ch.EPollArrayWrapper.poll(EPollArrayWrapper.java:269)
        at sun.nio.ch.EPollSelectorImpl.doSelect(EPollSelectorImpl.java:93)
        at sun.nio.ch.SelectorImpl.lockAndDoSelect(SelectorImpl.java:86)
        at sun.nio.ch.SelectorImpl.select(SelectorImpl.java:97)
        at sun.nio.ch.SelectorImpl.select(SelectorImpl.java:101)
        at org.apache.hadoop.ipc.Server$Listener.run(Server.java:1408)
"timer7" daemon prio=5 tid=926 timed_waiting
java.lang.Thread.State: TIMED_WAITING
        at java.lang.Object.wait(Native Method)
        at java.util.TimerThread.mainLoop(Timer.java:552)
        at java.util.TimerThread.run(Timer.java:505)
"IPC Server handler 12 on default port 15001" daemon prio=5 tid=83 timed_waiting
java.lang.Thread.State: TIMED_WAITING
        at sun.misc.Unsafe.park(Native Method)
        at java.util.concurrent.locks.LockSupport.parkNanos(LockSupport.java:215)
        at java.util.concurrent.locks.AbstractQueuedSynchronizer$ConditionObject.awaitNanos(AbstractQueuedSynchronizer.java:2078)
        at java.util.concurrent.LinkedBlockingQueue.poll(LinkedBlockingQueue.java:467)
        at org.apache.hadoop.ipc.CallQueueManager.take(CallQueueManager.java:317)
        at org.apache.hadoop.ipc.Server$Handler.run(Server.java:3014)
"fadd24ee-4463-4420-97cf-bdd350ad83ae-ChunkWriter-0-0" daemon prio=5 tid=529 in Object.wait()
java.lang.Thread.State: WAITING (on object monitor)
        at sun.misc.Unsafe.park(Native Method)
        at java.util.concurrent.locks.LockSupport.park(LockSupport.java:175)
        at java.util.concurrent.locks.AbstractQueuedSynchronizer$ConditionObject.await(AbstractQueuedSynchronizer.java:2039)
        at java.util.concurrent.LinkedBlockingDeque.takeFirst(LinkedBlockingDeque.java:492)
        at java.util.concurrent.LinkedBlockingDeque.take(LinkedBlockingDeque.java:680)
        at java.util.concurrent.ThreadPoolExecutor.getTask(ThreadPoolExecutor.java:1074)
        at java.util.concurrent.ThreadPoolExecutor.runWorker(ThreadPoolExecutor.java:1134)
        at java.util.concurrent.ThreadPoolExecutor$Worker.run(ThreadPoolExecutor.java:624)
        at java.lang.Thread.run(Thread.java:750)
"IPC Server handler 7 on default port 15001" daemon prio=5 tid=78 timed_waiting
java.lang.Thread.State: TIMED_WAITING
        at sun.misc.Unsafe.park(Native Method)
        at java.util.concurrent.locks.LockSupport.parkNanos(LockSupport.java:215)
        at java.util.concurrent.locks.AbstractQueuedSynchronizer$ConditionObject.awaitNanos(AbstractQueuedSynchronizer.java:2078)
        at java.util.concurrent.LinkedBlockingQueue.poll(LinkedBlockingQueue.java:467)
        at org.apache.hadoop.ipc.CallQueueManager.take(CallQueueManager.java:317)
        at org.apache.hadoop.ipc.Server$Handler.run(Server.java:3014)
"18227f38-d602-4438-971e-c9cd287df9cb-CloseContainerThread-0"  prio=5 tid=1417 in Object.wait()
java.lang.Thread.State: WAITING (on object monitor)
        at sun.misc.Unsafe.park(Native Method)
        at java.util.concurrent.locks.LockSupport.park(LockSupport.java:175)
        at java.util.concurrent.locks.AbstractQueuedSynchronizer$ConditionObject.await(AbstractQueuedSynchronizer.java:2039)
        at java.util.concurrent.LinkedBlockingQueue.take(LinkedBlockingQueue.java:442)
        at java.util.concurrent.ThreadPoolExecutor.getTask(ThreadPoolExecutor.java:1074)
        at java.util.concurrent.ThreadPoolExecutor.runWorker(ThreadPoolExecutor.java:1134)
        at java.util.concurrent.ThreadPoolExecutor$Worker.run(ThreadPoolExecutor.java:624)
        at java.lang.Thread.run(Thread.java:750)
"IPC Server handler 15 on default port 15000" daemon prio=5 tid=66 timed_waiting
java.lang.Thread.State: TIMED_WAITING
        at sun.misc.Unsafe.park(Native Method)
        at java.util.concurrent.locks.LockSupport.parkNanos(LockSupport.java:215)
        at java.util.concurrent.locks.AbstractQueuedSynchronizer$ConditionObject.awaitNanos(AbstractQueuedSynchronizer.java:2078)
        at java.util.concurrent.LinkedBlockingQueue.poll(LinkedBlockingQueue.java:467)
        at org.apache.hadoop.ipc.CallQueueManager.take(CallQueueManager.java:317)
        at org.apache.hadoop.ipc.Server$Handler.run(Server.java:3014)
"StaleRecoveringContainerScrubbingService#3" daemon prio=5 tid=1111 in Object.wait()
java.lang.Thread.State: WAITING (on object monitor)
        at sun.misc.Unsafe.park(Native Method)
        at java.util.concurrent.locks.LockSupport.park(LockSupport.java:175)
        at java.util.concurrent.locks.AbstractQueuedSynchronizer$ConditionObject.await(AbstractQueuedSynchronizer.java:2039)
        at java.util.concurrent.ScheduledThreadPoolExecutor$DelayedWorkQueue.take(ScheduledThreadPoolExecutor.java:1088)
        at java.util.concurrent.ScheduledThreadPoolExecutor$DelayedWorkQueue.take(ScheduledThreadPoolExecutor.java:809)
        at java.util.concurrent.ThreadPoolExecutor.getTask(ThreadPoolExecutor.java:1074)
        at java.util.concurrent.ThreadPoolExecutor.runWorker(ThreadPoolExecutor.java:1134)
        at java.util.concurrent.ThreadPoolExecutor$Worker.run(ThreadPoolExecutor.java:624)
        at java.lang.Thread.run(Thread.java:750)
"18227f38-d602-4438-971e-c9cd287df9cb-groupManagement"  prio=5 tid=714 in Object.wait()
java.lang.Thread.State: WAITING (on object monitor)
        at sun.misc.Unsafe.park(Native Method)
        at java.util.concurrent.locks.LockSupport.park(LockSupport.java:175)
        at java.util.concurrent.locks.AbstractQueuedSynchronizer$ConditionObject.await(AbstractQueuedSynchronizer.java:2039)
        at java.util.concurrent.LinkedBlockingQueue.take(LinkedBlockingQueue.java:442)
        at java.util.concurrent.ThreadPoolExecutor.getTask(ThreadPoolExecutor.java:1074)
        at java.util.concurrent.ThreadPoolExecutor.runWorker(ThreadPoolExecutor.java:1134)
        at java.util.concurrent.ThreadPoolExecutor$Worker.run(ThreadPoolExecutor.java:624)
        at java.lang.Thread.run(Thread.java:750)
"92ba0aed-1dcc-4895-b5bb-fc45f440be2e-CloseContainerThread-1"  prio=5 tid=1133 in Object.wait()
java.lang.Thread.State: WAITING (on object monitor)
        at sun.misc.Unsafe.park(Native Method)
        at java.util.concurrent.locks.LockSupport.park(LockSupport.java:175)
        at java.util.concurrent.locks.AbstractQueuedSynchronizer$ConditionObject.await(AbstractQueuedSynchronizer.java:2039)
        at java.util.concurrent.LinkedBlockingQueue.take(LinkedBlockingQueue.java:442)
        at java.util.concurrent.ThreadPoolExecutor.getTask(ThreadPoolExecutor.java:1074)
        at java.util.concurrent.ThreadPoolExecutor.runWorker(ThreadPoolExecutor.java:1134)
        at java.util.concurrent.ThreadPoolExecutor$Worker.run(ThreadPoolExecutor.java:624)
        at java.lang.Thread.run(Thread.java:750)
"fedf11b8-0957-422e-880a-91cc26979c7a@group-09A8159B88D0-SegmentedRaftLogWorker"  prio=5 tid=1243 timed_waiting
java.lang.Thread.State: TIMED_WAITING
        at sun.misc.Unsafe.park(Native Method)
        at java.util.concurrent.locks.LockSupport.parkNanos(LockSupport.java:215)
        at java.util.concurrent.locks.AbstractQueuedSynchronizer$ConditionObject.awaitNanos(AbstractQueuedSynchronizer.java:2078)
        at org.apache.ratis.util.DataBlockingQueue.poll(DataBlockingQueue.java:148)
        at org.apache.ratis.server.raftlog.segmented.SegmentedRaftLogWorker.run(SegmentedRaftLogWorker.java:307)
        at org.apache.ratis.server.raftlog.segmented.SegmentedRaftLogWorker$$Lambda$819/704615668.run(Unknown Source)
        at java.util.concurrent.Executors$RunnableAdapter.call(Executors.java:511)
        at java.util.concurrent.FutureTask.run(FutureTask.java:266)
        at java.util.concurrent.ThreadPoolExecutor.runWorker(ThreadPoolExecutor.java:1149)
        at java.util.concurrent.ThreadPoolExecutor$Worker.run(ThreadPoolExecutor.java:624)
        at java.lang.Thread.run(Thread.java:750)
"StaleRecoveringContainerScrubbingService#1" daemon prio=5 tid=552 in Object.wait()
java.lang.Thread.State: WAITING (on object monitor)
        at sun.misc.Unsafe.park(Native Method)
        at java.util.concurrent.locks.LockSupport.park(LockSupport.java:175)
        at java.util.concurrent.locks.AbstractQueuedSynchronizer$ConditionObject.await(AbstractQueuedSynchronizer.java:2039)
        at java.util.concurrent.ScheduledThreadPoolExecutor$DelayedWorkQueue.take(ScheduledThreadPoolExecutor.java:1088)
        at java.util.concurrent.ScheduledThreadPoolExecutor$DelayedWorkQueue.take(ScheduledThreadPoolExecutor.java:809)
        at java.util.concurrent.ThreadPoolExecutor.getTask(ThreadPoolExecutor.java:1074)
        at java.util.concurrent.ThreadPoolExecutor.runWorker(ThreadPoolExecutor.java:1134)
        at java.util.concurrent.ThreadPoolExecutor$Worker.run(ThreadPoolExecutor.java:624)
        at java.lang.Thread.run(Thread.java:750)
"qtp1908574814-163" daemon prio=5 tid=163 timed_waiting
java.lang.Thread.State: TIMED_WAITING
        at sun.misc.Unsafe.park(Native Method)
        at java.util.concurrent.locks.LockSupport.parkNanos(LockSupport.java:215)
        at java.util.concurrent.locks.AbstractQueuedSynchronizer$ConditionObject.awaitNanos(AbstractQueuedSynchronizer.java:2078)
        at org.eclipse.jetty.util.BlockingArrayQueue.poll(BlockingArrayQueue.java:382)
        at org.eclipse.jetty.util.thread.QueuedThreadPool$Runner.idleJobPoll(QueuedThreadPool.java:974)
        at org.eclipse.jetty.util.thread.QueuedThreadPool$Runner.run(QueuedThreadPool.java:1018)
        at java.lang.Thread.run(Thread.java:750)
"om1-SnapshotDiffCleanupService#0" daemon prio=5 tid=130 timed_waiting
java.lang.Thread.State: TIMED_WAITING
        at sun.misc.Unsafe.park(Native Method)
        at java.util.concurrent.locks.LockSupport.parkNanos(LockSupport.java:215)
        at java.util.concurrent.locks.AbstractQueuedSynchronizer$ConditionObject.awaitNanos(AbstractQueuedSynchronizer.java:2078)
        at java.util.concurrent.ScheduledThreadPoolExecutor$DelayedWorkQueue.take(ScheduledThreadPoolExecutor.java:1093)
        at java.util.concurrent.ScheduledThreadPoolExecutor$DelayedWorkQueue.take(ScheduledThreadPoolExecutor.java:809)
        at java.util.concurrent.ThreadPoolExecutor.getTask(ThreadPoolExecutor.java:1074)
        at java.util.concurrent.ThreadPoolExecutor.runWorker(ThreadPoolExecutor.java:1134)
        at java.util.concurrent.ThreadPoolExecutor$Worker.run(ThreadPoolExecutor.java:624)
        at java.lang.Thread.run(Thread.java:750)
"StaleRecoveringContainerScrubbingService#7" daemon prio=5 tid=1428 timed_waiting
java.lang.Thread.State: TIMED_WAITING
        at sun.misc.Unsafe.park(Native Method)
        at java.util.concurrent.locks.LockSupport.parkNanos(LockSupport.java:215)
        at java.util.concurrent.locks.AbstractQueuedSynchronizer$ConditionObject.awaitNanos(AbstractQueuedSynchronizer.java:2078)
        at java.util.concurrent.ScheduledThreadPoolExecutor$DelayedWorkQueue.take(ScheduledThreadPoolExecutor.java:1093)
        at java.util.concurrent.ScheduledThreadPoolExecutor$DelayedWorkQueue.take(ScheduledThreadPoolExecutor.java:809)
        at java.util.concurrent.ThreadPoolExecutor.getTask(ThreadPoolExecutor.java:1074)
        at java.util.concurrent.ThreadPoolExecutor.runWorker(ThreadPoolExecutor.java:1134)
        at java.util.concurrent.ThreadPoolExecutor$Worker.run(ThreadPoolExecutor.java:624)
        at java.lang.Thread.run(Thread.java:750)
"StaleRecoveringContainerScrubbingService#6" daemon prio=5 tid=1327 in Object.wait()
java.lang.Thread.State: WAITING (on object monitor)
        at sun.misc.Unsafe.park(Native Method)
        at java.util.concurrent.locks.LockSupport.park(LockSupport.java:175)
        at java.util.concurrent.locks.AbstractQueuedSynchronizer$ConditionObject.await(AbstractQueuedSynchronizer.java:2039)
        at java.util.concurrent.ScheduledThreadPoolExecutor$DelayedWorkQueue.take(ScheduledThreadPoolExecutor.java:1088)
        at java.util.concurrent.ScheduledThreadPoolExecutor$DelayedWorkQueue.take(ScheduledThreadPoolExecutor.java:809)
        at java.util.concurrent.ThreadPoolExecutor.getTask(ThreadPoolExecutor.java:1074)
        at java.util.concurrent.ThreadPoolExecutor.runWorker(ThreadPoolExecutor.java:1134)
        at java.util.concurrent.ThreadPoolExecutor$Worker.run(ThreadPoolExecutor.java:624)
        at java.lang.Thread.run(Thread.java:750)
"4cee0e49-9f18-41f8-8e67-157ccbc15955-EndpointStateMachineTaskThread-/0.0.0.0:15002-0 "  prio=5 tid=540 in Object.wait()
java.lang.Thread.State: WAITING (on object monitor)
        at sun.misc.Unsafe.park(Native Method)
        at java.util.concurrent.locks.LockSupport.park(LockSupport.java:175)
        at java.util.concurrent.locks.AbstractQueuedSynchronizer$ConditionObject.await(AbstractQueuedSynchronizer.java:2039)
        at java.util.concurrent.LinkedBlockingQueue.take(LinkedBlockingQueue.java:442)
        at java.util.concurrent.ThreadPoolExecutor.getTask(ThreadPoolExecutor.java:1074)
        at java.util.concurrent.ThreadPoolExecutor.runWorker(ThreadPoolExecutor.java:1134)
        at java.util.concurrent.ThreadPoolExecutor$Worker.run(ThreadPoolExecutor.java:624)
        at java.lang.Thread.run(Thread.java:750)
"5f7d9b36-4620-4ba9-8a78-929bd6ddd1f9-DatanodeReportManager-4" daemon prio=5 tid=445 timed_waiting
java.lang.Thread.State: TIMED_WAITING
        at sun.misc.Unsafe.park(Native Method)
        at java.util.concurrent.locks.LockSupport.parkNanos(LockSupport.java:215)
        at java.util.concurrent.locks.AbstractQueuedSynchronizer$ConditionObject.awaitNanos(AbstractQueuedSynchronizer.java:2078)
        at java.util.concurrent.ScheduledThreadPoolExecutor$DelayedWorkQueue.take(ScheduledThreadPoolExecutor.java:1093)
        at java.util.concurrent.ScheduledThreadPoolExecutor$DelayedWorkQueue.take(ScheduledThreadPoolExecutor.java:809)
        at java.util.concurrent.ThreadPoolExecutor.getTask(ThreadPoolExecutor.java:1074)
        at java.util.concurrent.ThreadPoolExecutor.runWorker(ThreadPoolExecutor.java:1134)
        at java.util.concurrent.ThreadPoolExecutor$Worker.run(ThreadPoolExecutor.java:624)
        at java.lang.Thread.run(Thread.java:750)
"4cee0e49-9f18-41f8-8e67-157ccbc15955-DatanodeStateMachineDaemonThread" daemon prio=5 tid=324 timed_waiting
java.lang.Thread.State: TIMED_WAITING
        at java.lang.Thread.sleep(Native Method)
        at org.apache.hadoop.ozone.container.common.statemachine.DatanodeStateMachine.startStateMachineThread(DatanodeStateMachine.java:369)
        at org.apache.hadoop.ozone.container.common.statemachine.DatanodeStateMachine.lambda$startDaemon$1(DatanodeStateMachine.java:556)
        at org.apache.hadoop.ozone.container.common.statemachine.DatanodeStateMachine$$Lambda$925/1394721877.run(Unknown Source)
        at java.lang.Thread.run(Thread.java:750)
"IPC Server handler 0 on default port 15001" daemon prio=5 tid=71 timed_waiting
java.lang.Thread.State: TIMED_WAITING
        at sun.misc.Unsafe.park(Native Method)
        at java.util.concurrent.locks.LockSupport.parkNanos(LockSupport.java:215)
        at java.util.concurrent.locks.AbstractQueuedSynchronizer$ConditionObject.awaitNanos(AbstractQueuedSynchronizer.java:2078)
        at java.util.concurrent.LinkedBlockingQueue.poll(LinkedBlockingQueue.java:467)
        at org.apache.hadoop.ipc.CallQueueManager.take(CallQueueManager.java:317)
        at org.apache.hadoop.ipc.Server$Handler.run(Server.java:3014)
"prometheus" daemon prio=5 tid=124 in Object.wait()
java.lang.Thread.State: WAITING (on object monitor)
        at java.lang.Object.wait(Native Method)
        at java.lang.Object.wait(Object.java:502)
        at org.apache.hadoop.metrics2.impl.SinkQueue.waitForData(SinkQueue.java:114)
        at org.apache.hadoop.metrics2.impl.SinkQueue.consumeAll(SinkQueue.java:83)
        at org.apache.hadoop.metrics2.impl.MetricsSinkAdapter.publishMetricsFromQueue(MetricsSinkAdapter.java:135)
        at org.apache.hadoop.metrics2.impl.MetricsSinkAdapter$1.run(MetricsSinkAdapter.java:89)
"d9016e39-0130-4fd9-896a-cac3c2785d02@group-09A8159B88D0->0e92623e-4dcf-4eff-ae25-f8b8c2de319b-GrpcLogAppender-LogAppenderDaemon" daemon prio=5 tid=1297 timed_waiting
java.lang.Thread.State: TIMED_WAITING
        at sun.misc.Unsafe.park(Native Method)
        at java.util.concurrent.locks.LockSupport.parkNanos(LockSupport.java:215)
        at java.util.concurrent.locks.AbstractQueuedSynchronizer$ConditionObject.await(AbstractQueuedSynchronizer.java:2163)
        at org.apache.ratis.util.AwaitForSignal.await(AwaitForSignal.java:62)
        at org.apache.ratis.grpc.server.GrpcLogAppender.mayWait(GrpcLogAppender.java:197)
        at org.apache.ratis.grpc.server.GrpcLogAppender.run(GrpcLogAppender.java:148)
        at org.apache.ratis.server.leader.LogAppenderDaemon.run(LogAppenderDaemon.java:78)
        at org.apache.ratis.server.leader.LogAppenderDaemon$$Lambda$1246/2075727611.run(Unknown Source)
        at java.lang.Thread.run(Thread.java:750)
"fedf11b8-0957-422e-880a-91cc26979c7a-ChunkReader-1" daemon prio=5 tid=1456 in Object.wait()
java.lang.Thread.State: WAITING (on object monitor)
        at sun.misc.Unsafe.park(Native Method)
        at java.util.concurrent.locks.LockSupport.park(LockSupport.java:175)
        at java.util.concurrent.locks.AbstractQueuedSynchronizer$ConditionObject.await(AbstractQueuedSynchronizer.java:2039)
        at java.util.concurrent.LinkedBlockingQueue.take(LinkedBlockingQueue.java:442)
        at java.util.concurrent.ThreadPoolExecutor.getTask(ThreadPoolExecutor.java:1074)
        at java.util.concurrent.ThreadPoolExecutor.runWorker(ThreadPoolExecutor.java:1134)
        at java.util.concurrent.ThreadPoolExecutor$Worker.run(ThreadPoolExecutor.java:624)
        at java.lang.Thread.run(Thread.java:750)
"4cee0e49-9f18-41f8-8e67-157ccbc15955@group-C9EEF1442432-LeaderStateImpl" daemon prio=5 tid=904 timed_waiting
java.lang.Thread.State: TIMED_WAITING
        at sun.misc.Unsafe.park(Native Method)
        at java.util.concurrent.locks.LockSupport.parkNanos(LockSupport.java:215)
        at java.util.concurrent.locks.AbstractQueuedSynchronizer$ConditionObject.awaitNanos(AbstractQueuedSynchronizer.java:2078)
        at java.util.concurrent.ArrayBlockingQueue.poll(ArrayBlockingQueue.java:418)
        at org.apache.ratis.server.impl.LeaderStateImpl$EventQueue.poll(LeaderStateImpl.java:164)
        at org.apache.ratis.server.impl.LeaderStateImpl$EventProcessor.run(LeaderStateImpl.java:702)
"fedf11b8-0957-422e-880a-91cc26979c7a-EndpointStateMachineTaskThread-/0.0.0.0:15002-0 "  prio=5 tid=478 in Object.wait()
java.lang.Thread.State: WAITING (on object monitor)
        at sun.misc.Unsafe.park(Native Method)
        at java.util.concurrent.locks.LockSupport.park(LockSupport.java:175)
        at java.util.concurrent.locks.AbstractQueuedSynchronizer$ConditionObject.await(AbstractQueuedSynchronizer.java:2039)
        at java.util.concurrent.LinkedBlockingQueue.take(LinkedBlockingQueue.java:442)
        at java.util.concurrent.ThreadPoolExecutor.getTask(ThreadPoolExecutor.java:1074)
        at java.util.concurrent.ThreadPoolExecutor.runWorker(ThreadPoolExecutor.java:1134)
        at java.util.concurrent.ThreadPoolExecutor$Worker.run(ThreadPoolExecutor.java:624)
        at java.lang.Thread.run(Thread.java:750)
"om1-OpenKeyCleanupService#0" daemon prio=5 tid=151 timed_waiting
java.lang.Thread.State: TIMED_WAITING
        at sun.misc.Unsafe.park(Native Method)
        at java.util.concurrent.locks.LockSupport.parkNanos(LockSupport.java:215)
        at java.util.concurrent.locks.AbstractQueuedSynchronizer$ConditionObject.awaitNanos(AbstractQueuedSynchronizer.java:2078)
        at java.util.concurrent.ScheduledThreadPoolExecutor$DelayedWorkQueue.take(ScheduledThreadPoolExecutor.java:1093)
        at java.util.concurrent.ScheduledThreadPoolExecutor$DelayedWorkQueue.take(ScheduledThreadPoolExecutor.java:809)
        at java.util.concurrent.ThreadPoolExecutor.getTask(ThreadPoolExecutor.java:1074)
        at java.util.concurrent.ThreadPoolExecutor.runWorker(ThreadPoolExecutor.java:1134)
        at java.util.concurrent.ThreadPoolExecutor$Worker.run(ThreadPoolExecutor.java:624)
        at java.lang.Thread.run(Thread.java:750)
"18227f38-d602-4438-971e-c9cd287df9cb-ChunkReader-6" daemon prio=5 tid=1484 in Object.wait()
java.lang.Thread.State: WAITING (on object monitor)
        at sun.misc.Unsafe.park(Native Method)
        at java.util.concurrent.locks.LockSupport.park(LockSupport.java:175)
        at java.util.concurrent.locks.AbstractQueuedSynchronizer$ConditionObject.await(AbstractQueuedSynchronizer.java:2039)
        at java.util.concurrent.LinkedBlockingQueue.take(LinkedBlockingQueue.java:442)
        at java.util.concurrent.ThreadPoolExecutor.getTask(ThreadPoolExecutor.java:1074)
        at java.util.concurrent.ThreadPoolExecutor.runWorker(ThreadPoolExecutor.java:1134)
        at java.util.concurrent.ThreadPoolExecutor$Worker.run(ThreadPoolExecutor.java:624)
        at java.lang.Thread.run(Thread.java:750)
"fedf11b8-0957-422e-880a-91cc26979c7a-BlockDeletingService#2" daemon prio=5 tid=1413 in Object.wait()
java.lang.Thread.State: WAITING (on object monitor)
        at sun.misc.Unsafe.park(Native Method)
        at java.util.concurrent.locks.LockSupport.park(LockSupport.java:175)
        at java.util.concurrent.locks.AbstractQueuedSynchronizer$ConditionObject.await(AbstractQueuedSynchronizer.java:2039)
        at java.util.concurrent.ScheduledThreadPoolExecutor$DelayedWorkQueue.take(ScheduledThreadPoolExecutor.java:1088)
        at java.util.concurrent.ScheduledThreadPoolExecutor$DelayedWorkQueue.take(ScheduledThreadPoolExecutor.java:809)
        at java.util.concurrent.ThreadPoolExecutor.getTask(ThreadPoolExecutor.java:1074)
        at java.util.concurrent.ThreadPoolExecutor.runWorker(ThreadPoolExecutor.java:1134)
        at java.util.concurrent.ThreadPoolExecutor$Worker.run(ThreadPoolExecutor.java:624)
        at java.lang.Thread.run(Thread.java:750)
"18227f38-d602-4438-971e-c9cd287df9cb-DatanodeReportManager-1" daemon prio=5 tid=413 timed_waiting
java.lang.Thread.State: TIMED_WAITING
        at sun.misc.Unsafe.park(Native Method)
        at java.util.concurrent.locks.LockSupport.parkNanos(LockSupport.java:215)
        at java.util.concurrent.locks.AbstractQueuedSynchronizer$ConditionObject.awaitNanos(AbstractQueuedSynchronizer.java:2078)
        at java.util.concurrent.ScheduledThreadPoolExecutor$DelayedWorkQueue.take(ScheduledThreadPoolExecutor.java:1093)
        at java.util.concurrent.ScheduledThreadPoolExecutor$DelayedWorkQueue.take(ScheduledThreadPoolExecutor.java:809)
        at java.util.concurrent.ThreadPoolExecutor.getTask(ThreadPoolExecutor.java:1074)
        at java.util.concurrent.ThreadPoolExecutor.runWorker(ThreadPoolExecutor.java:1134)
        at java.util.concurrent.ThreadPoolExecutor$Worker.run(ThreadPoolExecutor.java:624)
        at java.lang.Thread.run(Thread.java:750)
"0eeb79a9-13fd-416c-b2a7-6f654c6b5029-ChunkWriter-1-0" daemon prio=5 tid=500 in Object.wait()
java.lang.Thread.State: WAITING (on object monitor)
        at sun.misc.Unsafe.park(Native Method)
        at java.util.concurrent.locks.LockSupport.park(LockSupport.java:175)
        at java.util.concurrent.locks.AbstractQueuedSynchronizer$ConditionObject.await(AbstractQueuedSynchronizer.java:2039)
        at java.util.concurrent.LinkedBlockingDeque.takeFirst(LinkedBlockingDeque.java:492)
        at java.util.concurrent.LinkedBlockingDeque.take(LinkedBlockingDeque.java:680)
        at java.util.concurrent.ThreadPoolExecutor.getTask(ThreadPoolExecutor.java:1074)
        at java.util.concurrent.ThreadPoolExecutor.runWorker(ThreadPoolExecutor.java:1134)
        at java.util.concurrent.ThreadPoolExecutor$Worker.run(ThreadPoolExecutor.java:624)
        at java.lang.Thread.run(Thread.java:750)
"92ba0aed-1dcc-4895-b5bb-fc45f440be2e@group-DF79F62058F4-SegmentedRaftLogWorker"  prio=5 tid=706 timed_waiting
java.lang.Thread.State: TIMED_WAITING
        at sun.misc.Unsafe.park(Native Method)
        at java.util.concurrent.locks.LockSupport.parkNanos(LockSupport.java:215)
        at java.util.concurrent.locks.AbstractQueuedSynchronizer$ConditionObject.awaitNanos(AbstractQueuedSynchronizer.java:2078)
        at org.apache.ratis.util.DataBlockingQueue.poll(DataBlockingQueue.java:148)
        at org.apache.ratis.server.raftlog.segmented.SegmentedRaftLogWorker.run(SegmentedRaftLogWorker.java:307)
        at org.apache.ratis.server.raftlog.segmented.SegmentedRaftLogWorker$$Lambda$819/704615668.run(Unknown Source)
        at java.util.concurrent.Executors$RunnableAdapter.call(Executors.java:511)
        at java.util.concurrent.FutureTask.run(FutureTask.java:266)
        at java.util.concurrent.ThreadPoolExecutor.runWorker(ThreadPoolExecutor.java:1149)
        at java.util.concurrent.ThreadPoolExecutor$Worker.run(ThreadPoolExecutor.java:624)
        at java.lang.Thread.run(Thread.java:750)
"0e92623e-4dcf-4eff-ae25-f8b8c2de319b-DatanodeStateMachineTaskThread-1"  prio=5 tid=615 in Object.wait()
java.lang.Thread.State: WAITING (on object monitor)
        at sun.misc.Unsafe.park(Native Method)
        at java.util.concurrent.locks.LockSupport.park(LockSupport.java:175)
        at java.util.concurrent.locks.AbstractQueuedSynchronizer$ConditionObject.await(AbstractQueuedSynchronizer.java:2039)
        at java.util.concurrent.LinkedBlockingQueue.take(LinkedBlockingQueue.java:442)
        at java.util.concurrent.ThreadPoolExecutor.getTask(ThreadPoolExecutor.java:1074)
        at java.util.concurrent.ThreadPoolExecutor.runWorker(ThreadPoolExecutor.java:1134)
        at java.util.concurrent.ThreadPoolExecutor$Worker.run(ThreadPoolExecutor.java:624)
        at java.lang.Thread.run(Thread.java:750)
"om1@group-C5BA1605619E-StateMachineUpdater" daemon prio=5 tid=145 timed_waiting
java.lang.Thread.State: TIMED_WAITING
        at sun.misc.Unsafe.park(Native Method)
        at java.util.concurrent.locks.LockSupport.parkNanos(LockSupport.java:215)
        at java.util.concurrent.locks.AbstractQueuedSynchronizer$ConditionObject.await(AbstractQueuedSynchronizer.java:2163)
        at org.apache.ratis.util.AwaitForSignal.await(AwaitForSignal.java:62)
        at org.apache.ratis.server.impl.StateMachineUpdater.waitForCommit(StateMachineUpdater.java:209)
        at org.apache.ratis.server.impl.StateMachineUpdater.run(StateMachineUpdater.java:178)
        at java.lang.Thread.run(Thread.java:750)
"pool-431-thread-1"  prio=5 tid=1177 timed_waiting
java.lang.Thread.State: TIMED_WAITING
        at sun.misc.Unsafe.park(Native Method)
        at java.util.concurrent.locks.LockSupport.parkNanos(LockSupport.java:215)
        at java.util.concurrent.locks.AbstractQueuedSynchronizer$ConditionObject.awaitNanos(AbstractQueuedSynchronizer.java:2078)
        at java.util.concurrent.ScheduledThreadPoolExecutor$DelayedWorkQueue.take(ScheduledThreadPoolExecutor.java:1093)
        at java.util.concurrent.ScheduledThreadPoolExecutor$DelayedWorkQueue.take(ScheduledThreadPoolExecutor.java:809)
        at java.util.concurrent.ThreadPoolExecutor.getTask(ThreadPoolExecutor.java:1074)
        at java.util.concurrent.ThreadPoolExecutor.runWorker(ThreadPoolExecutor.java:1134)
        at java.util.concurrent.ThreadPoolExecutor$Worker.run(ThreadPoolExecutor.java:624)
        at java.lang.Thread.run(Thread.java:750)
"StaleRecoveringContainerScrubbingService#7" daemon prio=5 tid=1424 in Object.wait()
java.lang.Thread.State: WAITING (on object monitor)
        at sun.misc.Unsafe.park(Native Method)
        at java.util.concurrent.locks.LockSupport.park(LockSupport.java:175)
        at java.util.concurrent.locks.AbstractQueuedSynchronizer$ConditionObject.await(AbstractQueuedSynchronizer.java:2039)
        at java.util.concurrent.ScheduledThreadPoolExecutor$DelayedWorkQueue.take(ScheduledThreadPoolExecutor.java:1088)
        at java.util.concurrent.ScheduledThreadPoolExecutor$DelayedWorkQueue.take(ScheduledThreadPoolExecutor.java:809)
        at java.util.concurrent.ThreadPoolExecutor.getTask(ThreadPoolExecutor.java:1074)
        at java.util.concurrent.ThreadPoolExecutor.runWorker(ThreadPoolExecutor.java:1134)
        at java.util.concurrent.ThreadPoolExecutor$Worker.run(ThreadPoolExecutor.java:624)
        at java.lang.Thread.run(Thread.java:750)
"5f7d9b36-4620-4ba9-8a78-929bd6ddd1f9@group-DF79F62058F4-StateMachineUpdater" daemon prio=5 tid=760 timed_waiting
java.lang.Thread.State: TIMED_WAITING
        at sun.misc.Unsafe.park(Native Method)
        at java.util.concurrent.locks.LockSupport.parkNanos(LockSupport.java:215)
        at java.util.concurrent.locks.AbstractQueuedSynchronizer$ConditionObject.await(AbstractQueuedSynchronizer.java:2163)
        at org.apache.ratis.util.AwaitForSignal.await(AwaitForSignal.java:62)
        at org.apache.ratis.server.impl.StateMachineUpdater.waitForCommit(StateMachineUpdater.java:209)
        at org.apache.ratis.server.impl.StateMachineUpdater.run(StateMachineUpdater.java:178)
        at java.lang.Thread.run(Thread.java:750)
"Hadoop-Metrics-Updater-0" daemon prio=5 tid=29 timed_waiting
java.lang.Thread.State: TIMED_WAITING
        at sun.misc.Unsafe.park(Native Method)
        at java.util.concurrent.locks.LockSupport.parkNanos(LockSupport.java:215)
        at java.util.concurrent.locks.AbstractQueuedSynchronizer$ConditionObject.awaitNanos(AbstractQueuedSynchronizer.java:2078)
        at java.util.concurrent.ScheduledThreadPoolExecutor$DelayedWorkQueue.take(ScheduledThreadPoolExecutor.java:1093)
        at java.util.concurrent.ScheduledThreadPoolExecutor$DelayedWorkQueue.take(ScheduledThreadPoolExecutor.java:809)
        at java.util.concurrent.ThreadPoolExecutor.getTask(ThreadPoolExecutor.java:1074)
        at java.util.concurrent.ThreadPoolExecutor.runWorker(ThreadPoolExecutor.java:1134)
        at java.util.concurrent.ThreadPoolExecutor$Worker.run(ThreadPoolExecutor.java:624)
        at java.lang.Thread.run(Thread.java:750)
"IPC Server handler 8 on default port 15002" daemon prio=5 tid=99 timed_waiting
java.lang.Thread.State: TIMED_WAITING
        at sun.misc.Unsafe.park(Native Method)
        at java.util.concurrent.locks.LockSupport.parkNanos(LockSupport.java:215)
        at java.util.concurrent.locks.AbstractQueuedSynchronizer$ConditionObject.awaitNanos(AbstractQueuedSynchronizer.java:2078)
        at java.util.concurrent.LinkedBlockingQueue.poll(LinkedBlockingQueue.java:467)
        at org.apache.hadoop.ipc.CallQueueManager.take(CallQueueManager.java:317)
        at org.apache.hadoop.ipc.Server$Handler.run(Server.java:3014)
"StaleRecoveringContainerScrubbingService#3" daemon prio=5 tid=1112 in Object.wait()
java.lang.Thread.State: WAITING (on object monitor)
        at sun.misc.Unsafe.park(Native Method)
        at java.util.concurrent.locks.LockSupport.park(LockSupport.java:175)
        at java.util.concurrent.locks.AbstractQueuedSynchronizer$ConditionObject.await(AbstractQueuedSynchronizer.java:2039)
        at java.util.concurrent.ScheduledThreadPoolExecutor$DelayedWorkQueue.take(ScheduledThreadPoolExecutor.java:1088)
        at java.util.concurrent.ScheduledThreadPoolExecutor$DelayedWorkQueue.take(ScheduledThreadPoolExecutor.java:809)
        at java.util.concurrent.ThreadPoolExecutor.getTask(ThreadPoolExecutor.java:1074)
        at java.util.concurrent.ThreadPoolExecutor.runWorker(ThreadPoolExecutor.java:1134)
        at java.util.concurrent.ThreadPoolExecutor$Worker.run(ThreadPoolExecutor.java:624)
        at java.lang.Thread.run(Thread.java:750)
"0eeb79a9-13fd-416c-b2a7-6f654c6b5029-ChunkReader-1" daemon prio=5 tid=1343 in Object.wait()
java.lang.Thread.State: WAITING (on object monitor)
        at sun.misc.Unsafe.park(Native Method)
        at java.util.concurrent.locks.LockSupport.park(LockSupport.java:175)
        at java.util.concurrent.locks.AbstractQueuedSynchronizer$ConditionObject.await(AbstractQueuedSynchronizer.java:2039)
        at java.util.concurrent.LinkedBlockingQueue.take(LinkedBlockingQueue.java:442)
        at java.util.concurrent.ThreadPoolExecutor.getTask(ThreadPoolExecutor.java:1074)
        at java.util.concurrent.ThreadPoolExecutor.runWorker(ThreadPoolExecutor.java:1134)
        at java.util.concurrent.ThreadPoolExecutor$Worker.run(ThreadPoolExecutor.java:624)
        at java.lang.Thread.run(Thread.java:750)
"IPC Server handler 9 on default port 15002" daemon prio=5 tid=100 timed_waiting
java.lang.Thread.State: TIMED_WAITING
        at sun.misc.Unsafe.park(Native Method)
        at java.util.concurrent.locks.LockSupport.parkNanos(LockSupport.java:215)
        at java.util.concurrent.locks.AbstractQueuedSynchronizer$ConditionObject.awaitNanos(AbstractQueuedSynchronizer.java:2078)
        at java.util.concurrent.LinkedBlockingQueue.poll(LinkedBlockingQueue.java:467)
        at org.apache.hadoop.ipc.CallQueueManager.take(CallQueueManager.java:317)
        at org.apache.hadoop.ipc.Server$Handler.run(Server.java:3014)
"18227f38-d602-4438-971e-c9cd287df9cb-ChunkReader-0" daemon prio=5 tid=1337 in Object.wait()
java.lang.Thread.State: WAITING (on object monitor)
        at sun.misc.Unsafe.park(Native Method)
        at java.util.concurrent.locks.LockSupport.park(LockSupport.java:175)
        at java.util.concurrent.locks.AbstractQueuedSynchronizer$ConditionObject.await(AbstractQueuedSynchronizer.java:2039)
        at java.util.concurrent.LinkedBlockingQueue.take(LinkedBlockingQueue.java:442)
        at java.util.concurrent.ThreadPoolExecutor.getTask(ThreadPoolExecutor.java:1074)
        at java.util.concurrent.ThreadPoolExecutor.runWorker(ThreadPoolExecutor.java:1134)
        at java.util.concurrent.ThreadPoolExecutor$Worker.run(ThreadPoolExecutor.java:624)
        at java.lang.Thread.run(Thread.java:750)
"92ba0aed-1dcc-4895-b5bb-fc45f440be2e-ChunkReader-6" daemon prio=5 tid=1157 in Object.wait()
java.lang.Thread.State: WAITING (on object monitor)
        at sun.misc.Unsafe.park(Native Method)
        at java.util.concurrent.locks.LockSupport.park(LockSupport.java:175)
        at java.util.concurrent.locks.AbstractQueuedSynchronizer$ConditionObject.await(AbstractQueuedSynchronizer.java:2039)
        at java.util.concurrent.LinkedBlockingQueue.take(LinkedBlockingQueue.java:442)
        at java.util.concurrent.ThreadPoolExecutor.getTask(ThreadPoolExecutor.java:1074)
        at java.util.concurrent.ThreadPoolExecutor.runWorker(ThreadPoolExecutor.java:1134)
        at java.util.concurrent.ThreadPoolExecutor$Worker.run(ThreadPoolExecutor.java:624)
        at java.lang.Thread.run(Thread.java:750)
"5f7d9b36-4620-4ba9-8a78-929bd6ddd1f9-DatanodeReportManager-2" daemon prio=5 tid=443 timed_waiting
java.lang.Thread.State: TIMED_WAITING
        at sun.misc.Unsafe.park(Native Method)
        at java.util.concurrent.locks.LockSupport.parkNanos(LockSupport.java:215)
        at java.util.concurrent.locks.AbstractQueuedSynchronizer$ConditionObject.awaitNanos(AbstractQueuedSynchronizer.java:2078)
        at java.util.concurrent.ScheduledThreadPoolExecutor$DelayedWorkQueue.take(ScheduledThreadPoolExecutor.java:1093)
        at java.util.concurrent.ScheduledThreadPoolExecutor$DelayedWorkQueue.take(ScheduledThreadPoolExecutor.java:809)
        at java.util.concurrent.ThreadPoolExecutor.getTask(ThreadPoolExecutor.java:1074)
        at java.util.concurrent.ThreadPoolExecutor.runWorker(ThreadPoolExecutor.java:1134)
        at java.util.concurrent.ThreadPoolExecutor$Worker.run(ThreadPoolExecutor.java:624)
        at java.lang.Thread.run(Thread.java:750)
"IPC Server handler 11 on default port 15000" daemon prio=5 tid=62 timed_waiting
java.lang.Thread.State: TIMED_WAITING
        at sun.misc.Unsafe.park(Native Method)
        at java.util.concurrent.locks.LockSupport.parkNanos(LockSupport.java:215)
        at java.util.concurrent.locks.AbstractQueuedSynchronizer$ConditionObject.awaitNanos(AbstractQueuedSynchronizer.java:2078)
        at java.util.concurrent.LinkedBlockingQueue.poll(LinkedBlockingQueue.java:467)
        at org.apache.hadoop.ipc.CallQueueManager.take(CallQueueManager.java:317)
        at org.apache.hadoop.ipc.Server$Handler.run(Server.java:3014)
"0eeb79a9-13fd-416c-b2a7-6f654c6b5029-BlockDeletingService#2" daemon prio=5 tid=1415 in Object.wait()
java.lang.Thread.State: WAITING (on object monitor)
        at sun.misc.Unsafe.park(Native Method)
        at java.util.concurrent.locks.LockSupport.park(LockSupport.java:175)
        at java.util.concurrent.locks.AbstractQueuedSynchronizer$ConditionObject.await(AbstractQueuedSynchronizer.java:2039)
        at java.util.concurrent.ScheduledThreadPoolExecutor$DelayedWorkQueue.take(ScheduledThreadPoolExecutor.java:1088)
        at java.util.concurrent.ScheduledThreadPoolExecutor$DelayedWorkQueue.take(ScheduledThreadPoolExecutor.java:809)
        at java.util.concurrent.ThreadPoolExecutor.getTask(ThreadPoolExecutor.java:1074)
        at java.util.concurrent.ThreadPoolExecutor.runWorker(ThreadPoolExecutor.java:1134)
        at java.util.concurrent.ThreadPoolExecutor$Worker.run(ThreadPoolExecutor.java:624)
        at java.lang.Thread.run(Thread.java:750)
"StaleRecoveringContainerScrubbingService#6" daemon prio=5 tid=1323 in Object.wait()
java.lang.Thread.State: WAITING (on object monitor)
        at sun.misc.Unsafe.park(Native Method)
        at java.util.concurrent.locks.LockSupport.park(LockSupport.java:175)
        at java.util.concurrent.locks.AbstractQueuedSynchronizer$ConditionObject.await(AbstractQueuedSynchronizer.java:2039)
        at java.util.concurrent.ScheduledThreadPoolExecutor$DelayedWorkQueue.take(ScheduledThreadPoolExecutor.java:1088)
        at java.util.concurrent.ScheduledThreadPoolExecutor$DelayedWorkQueue.take(ScheduledThreadPoolExecutor.java:809)
        at java.util.concurrent.ThreadPoolExecutor.getTask(ThreadPoolExecutor.java:1074)
        at java.util.concurrent.ThreadPoolExecutor.runWorker(ThreadPoolExecutor.java:1134)
        at java.util.concurrent.ThreadPoolExecutor$Worker.run(ThreadPoolExecutor.java:624)
        at java.lang.Thread.run(Thread.java:750)
"IPC Server idle connection scanner for port 15028" daemon prio=5 tid=1189 timed_waiting
java.lang.Thread.State: TIMED_WAITING
        at java.lang.Object.wait(Native Method)
        at java.util.TimerThread.mainLoop(Timer.java:552)
        at java.util.TimerThread.run(Timer.java:505)
"92ba0aed-1dcc-4895-b5bb-fc45f440be2e-DatanodeReportManager-4" daemon prio=5 tid=387 timed_waiting
java.lang.Thread.State: TIMED_WAITING
        at sun.misc.Unsafe.park(Native Method)
        at java.util.concurrent.locks.LockSupport.parkNanos(LockSupport.java:215)
        at java.util.concurrent.locks.AbstractQueuedSynchronizer$ConditionObject.awaitNanos(AbstractQueuedSynchronizer.java:2078)
        at java.util.concurrent.ScheduledThreadPoolExecutor$DelayedWorkQueue.take(ScheduledThreadPoolExecutor.java:1093)
        at java.util.concurrent.ScheduledThreadPoolExecutor$DelayedWorkQueue.take(ScheduledThreadPoolExecutor.java:809)
        at java.util.concurrent.ThreadPoolExecutor.getTask(ThreadPoolExecutor.java:1074)
        at java.util.concurrent.ThreadPoolExecutor.runWorker(ThreadPoolExecutor.java:1134)
        at java.util.concurrent.ThreadPoolExecutor$Worker.run(ThreadPoolExecutor.java:624)
        at java.lang.Thread.run(Thread.java:750)
"SCMBlockDeletingService#0" daemon prio=5 tid=111 timed_waiting
java.lang.Thread.State: TIMED_WAITING
        at sun.misc.Unsafe.park(Native Method)
        at java.util.concurrent.locks.LockSupport.parkNanos(LockSupport.java:215)
        at java.util.concurrent.locks.AbstractQueuedSynchronizer$ConditionObject.awaitNanos(AbstractQueuedSynchronizer.java:2078)
        at java.util.concurrent.ScheduledThreadPoolExecutor$DelayedWorkQueue.take(ScheduledThreadPoolExecutor.java:1093)
        at java.util.concurrent.ScheduledThreadPoolExecutor$DelayedWorkQueue.take(ScheduledThreadPoolExecutor.java:809)
        at java.util.concurrent.ThreadPoolExecutor.getTask(ThreadPoolExecutor.java:1074)
        at java.util.concurrent.ThreadPoolExecutor.runWorker(ThreadPoolExecutor.java:1134)
        at java.util.concurrent.ThreadPoolExecutor$Worker.run(ThreadPoolExecutor.java:624)
        at java.lang.Thread.run(Thread.java:750)
"qtp1908574814-161" daemon prio=5 tid=161 timed_waiting
java.lang.Thread.State: TIMED_WAITING
        at sun.misc.Unsafe.park(Native Method)
        at java.util.concurrent.locks.LockSupport.parkNanos(LockSupport.java:215)
        at java.util.concurrent.locks.AbstractQueuedSynchronizer$ConditionObject.awaitNanos(AbstractQueuedSynchronizer.java:2078)
        at org.eclipse.jetty.util.BlockingArrayQueue.poll(BlockingArrayQueue.java:382)
        at org.eclipse.jetty.util.thread.QueuedThreadPool$Runner.idleJobPoll(QueuedThreadPool.java:974)
        at org.eclipse.jetty.util.thread.QueuedThreadPool$Runner.run(QueuedThreadPool.java:1018)
        at java.lang.Thread.run(Thread.java:750)
"StaleRecoveringContainerScrubbingService#9" daemon prio=5 tid=1461 in Object.wait()
java.lang.Thread.State: WAITING (on object monitor)
        at sun.misc.Unsafe.park(Native Method)
        at java.util.concurrent.locks.LockSupport.park(LockSupport.java:175)
        at java.util.concurrent.locks.AbstractQueuedSynchronizer$ConditionObject.await(AbstractQueuedSynchronizer.java:2039)
        at java.util.concurrent.ScheduledThreadPoolExecutor$DelayedWorkQueue.take(ScheduledThreadPoolExecutor.java:1088)
        at java.util.concurrent.ScheduledThreadPoolExecutor$DelayedWorkQueue.take(ScheduledThreadPoolExecutor.java:809)
        at java.util.concurrent.ThreadPoolExecutor.getTask(ThreadPoolExecutor.java:1074)
        at java.util.concurrent.ThreadPoolExecutor.runWorker(ThreadPoolExecutor.java:1134)
        at java.util.concurrent.ThreadPoolExecutor$Worker.run(ThreadPoolExecutor.java:624)
        at java.lang.Thread.run(Thread.java:750)
"qtp1362677814-228" daemon prio=5 tid=228 timed_waiting
java.lang.Thread.State: TIMED_WAITING
        at sun.misc.Unsafe.park(Native Method)
        at java.util.concurrent.locks.LockSupport.parkNanos(LockSupport.java:215)
        at java.util.concurrent.locks.AbstractQueuedSynchronizer$ConditionObject.awaitNanos(AbstractQueuedSynchronizer.java:2078)
        at org.eclipse.jetty.util.BlockingArrayQueue.poll(BlockingArrayQueue.java:382)
        at org.eclipse.jetty.util.thread.QueuedThreadPool$Runner.idleJobPoll(QueuedThreadPool.java:974)
        at org.eclipse.jetty.util.thread.QueuedThreadPool$Runner.run(QueuedThreadPool.java:1018)
        at java.lang.Thread.run(Thread.java:750)
"qtp2015427223-280" daemon prio=5 tid=280 runnable
java.lang.Thread.State: RUNNABLE
        at sun.nio.ch.EPollArrayWrapper.epollWait(Native Method)
        at sun.nio.ch.EPollArrayWrapper.poll(EPollArrayWrapper.java:269)
        at sun.nio.ch.EPollSelectorImpl.doSelect(EPollSelectorImpl.java:93)
        at sun.nio.ch.SelectorImpl.lockAndDoSelect(SelectorImpl.java:86)
        at sun.nio.ch.SelectorImpl.select(SelectorImpl.java:97)
        at sun.nio.ch.SelectorImpl.select(SelectorImpl.java:101)
        at org.eclipse.jetty.io.ManagedSelector.nioSelect(ManagedSelector.java:183)
        at org.eclipse.jetty.io.ManagedSelector.select(ManagedSelector.java:190)
        at org.eclipse.jetty.io.ManagedSelector$SelectorProducer.select(ManagedSelector.java:606)
        at org.eclipse.jetty.io.ManagedSelector$SelectorProducer.produce(ManagedSelector.java:543)
        at org.eclipse.jetty.util.thread.strategy.EatWhatYouKill.produceTask(EatWhatYouKill.java:362)
        at org.eclipse.jetty.util.thread.strategy.EatWhatYouKill.doProduce(EatWhatYouKill.java:186)
        at org.eclipse.jetty.util.thread.strategy.EatWhatYouKill.tryProduce(EatWhatYouKill.java:173)
        at org.eclipse.jetty.util.thread.strategy.EatWhatYouKill.produce(EatWhatYouKill.java:137)
        at org.eclipse.jetty.io.ManagedSelector$$Lambda$519/57301464.run(Unknown Source)
        at org.eclipse.jetty.util.thread.QueuedThreadPool.runJob(QueuedThreadPool.java:883)
        at org.eclipse.jetty.util.thread.QueuedThreadPool$Runner.run(QueuedThreadPool.java:1034)
        at java.lang.Thread.run(Thread.java:750)
"0eeb79a9-13fd-416c-b2a7-6f654c6b5029@group-52AF94BE594D-SegmentedRaftLogWorker"  prio=5 tid=1262 timed_waiting
java.lang.Thread.State: TIMED_WAITING
        at sun.misc.Unsafe.park(Native Method)
        at java.util.concurrent.locks.LockSupport.parkNanos(LockSupport.java:215)
        at java.util.concurrent.locks.AbstractQueuedSynchronizer$ConditionObject.awaitNanos(AbstractQueuedSynchronizer.java:2078)
        at org.apache.ratis.util.DataBlockingQueue.poll(DataBlockingQueue.java:148)
        at org.apache.ratis.server.raftlog.segmented.SegmentedRaftLogWorker.run(SegmentedRaftLogWorker.java:307)
        at org.apache.ratis.server.raftlog.segmented.SegmentedRaftLogWorker$$Lambda$819/704615668.run(Unknown Source)
        at java.util.concurrent.Executors$RunnableAdapter.call(Executors.java:511)
        at java.util.concurrent.FutureTask.run(FutureTask.java:266)
        at java.util.concurrent.ThreadPoolExecutor.runWorker(ThreadPoolExecutor.java:1149)
        at java.util.concurrent.ThreadPoolExecutor$Worker.run(ThreadPoolExecutor.java:624)
        at java.lang.Thread.run(Thread.java:750)
"fedf11b8-0957-422e-880a-91cc26979c7a-ChunkWriter-2-0" daemon prio=5 tid=486 in Object.wait()
java.lang.Thread.State: WAITING (on object monitor)
        at sun.misc.Unsafe.park(Native Method)
        at java.util.concurrent.locks.LockSupport.park(LockSupport.java:175)
        at java.util.concurrent.locks.AbstractQueuedSynchronizer$ConditionObject.await(AbstractQueuedSynchronizer.java:2039)
        at java.util.concurrent.LinkedBlockingDeque.takeFirst(LinkedBlockingDeque.java:492)
        at java.util.concurrent.LinkedBlockingDeque.take(LinkedBlockingDeque.java:680)
        at java.util.concurrent.ThreadPoolExecutor.getTask(ThreadPoolExecutor.java:1074)
        at java.util.concurrent.ThreadPoolExecutor.runWorker(ThreadPoolExecutor.java:1134)
        at java.util.concurrent.ThreadPoolExecutor$Worker.run(ThreadPoolExecutor.java:624)
        at java.lang.Thread.run(Thread.java:750)
"0e92623e-4dcf-4eff-ae25-f8b8c2de319b-ChunkReader-2" daemon prio=5 tid=1044 in Object.wait()
java.lang.Thread.State: WAITING (on object monitor)
        at sun.misc.Unsafe.park(Native Method)
        at java.util.concurrent.locks.LockSupport.park(LockSupport.java:175)
        at java.util.concurrent.locks.AbstractQueuedSynchronizer$ConditionObject.await(AbstractQueuedSynchronizer.java:2039)
        at java.util.concurrent.LinkedBlockingQueue.take(LinkedBlockingQueue.java:442)
        at java.util.concurrent.ThreadPoolExecutor.getTask(ThreadPoolExecutor.java:1074)
        at java.util.concurrent.ThreadPoolExecutor.runWorker(ThreadPoolExecutor.java:1134)
        at java.util.concurrent.ThreadPoolExecutor$Worker.run(ThreadPoolExecutor.java:624)
        at java.lang.Thread.run(Thread.java:750)
"92ba0aed-1dcc-4895-b5bb-fc45f440be2e-BlockDeletingService#1" daemon prio=5 tid=583 in Object.wait()
java.lang.Thread.State: WAITING (on object monitor)
        at sun.misc.Unsafe.park(Native Method)
        at java.util.concurrent.locks.LockSupport.park(LockSupport.java:175)
        at java.util.concurrent.locks.AbstractQueuedSynchronizer$ConditionObject.await(AbstractQueuedSynchronizer.java:2039)
        at java.util.concurrent.ScheduledThreadPoolExecutor$DelayedWorkQueue.take(ScheduledThreadPoolExecutor.java:1088)
        at java.util.concurrent.ScheduledThreadPoolExecutor$DelayedWorkQueue.take(ScheduledThreadPoolExecutor.java:809)
        at java.util.concurrent.ThreadPoolExecutor.getTask(ThreadPoolExecutor.java:1074)
        at java.util.concurrent.ThreadPoolExecutor.runWorker(ThreadPoolExecutor.java:1134)
        at java.util.concurrent.ThreadPoolExecutor$Worker.run(ThreadPoolExecutor.java:624)
        at java.lang.Thread.run(Thread.java:750)
"PartialTableCache-Cleanup-0" daemon prio=5 tid=1061 in Object.wait()
java.lang.Thread.State: WAITING (on object monitor)
        at sun.misc.Unsafe.park(Native Method)
        at java.util.concurrent.locks.LockSupport.park(LockSupport.java:175)
        at java.util.concurrent.locks.AbstractQueuedSynchronizer$ConditionObject.await(AbstractQueuedSynchronizer.java:2039)
        at java.util.concurrent.LinkedBlockingQueue.take(LinkedBlockingQueue.java:442)
        at java.util.concurrent.ThreadPoolExecutor.getTask(ThreadPoolExecutor.java:1074)
        at java.util.concurrent.ThreadPoolExecutor.runWorker(ThreadPoolExecutor.java:1134)
        at java.util.concurrent.ThreadPoolExecutor$Worker.run(ThreadPoolExecutor.java:624)
        at java.lang.Thread.run(Thread.java:750)
"StaleRecoveringContainerScrubbingService#7" daemon prio=5 tid=1474 in Object.wait()
java.lang.Thread.State: WAITING (on object monitor)
        at sun.misc.Unsafe.park(Native Method)
        at java.util.concurrent.locks.LockSupport.park(LockSupport.java:175)
        at java.util.concurrent.locks.AbstractQueuedSynchronizer$ConditionObject.await(AbstractQueuedSynchronizer.java:2039)
        at java.util.concurrent.ScheduledThreadPoolExecutor$DelayedWorkQueue.take(ScheduledThreadPoolExecutor.java:1088)
        at java.util.concurrent.ScheduledThreadPoolExecutor$DelayedWorkQueue.take(ScheduledThreadPoolExecutor.java:809)
        at java.util.concurrent.ThreadPoolExecutor.getTask(ThreadPoolExecutor.java:1074)
        at java.util.concurrent.ThreadPoolExecutor.runWorker(ThreadPoolExecutor.java:1134)
        at java.util.concurrent.ThreadPoolExecutor$Worker.run(ThreadPoolExecutor.java:624)
        at java.lang.Thread.run(Thread.java:750)
"StaleRecoveringContainerScrubbingService#2" daemon prio=5 tid=882 timed_waiting
java.lang.Thread.State: TIMED_WAITING
        at sun.misc.Unsafe.park(Native Method)
        at java.util.concurrent.locks.LockSupport.parkNanos(LockSupport.java:215)
        at java.util.concurrent.locks.AbstractQueuedSynchronizer$ConditionObject.awaitNanos(AbstractQueuedSynchronizer.java:2078)
        at java.util.concurrent.ScheduledThreadPoolExecutor$DelayedWorkQueue.take(ScheduledThreadPoolExecutor.java:1093)
        at java.util.concurrent.ScheduledThreadPoolExecutor$DelayedWorkQueue.take(ScheduledThreadPoolExecutor.java:809)
        at java.util.concurrent.ThreadPoolExecutor.getTask(ThreadPoolExecutor.java:1074)
        at java.util.concurrent.ThreadPoolExecutor.runWorker(ThreadPoolExecutor.java:1134)
        at java.util.concurrent.ThreadPoolExecutor$Worker.run(ThreadPoolExecutor.java:624)
        at java.lang.Thread.run(Thread.java:750)
"0eeb79a9-13fd-416c-b2a7-6f654c6b5029@group-5FD2B077ACB6-StateMachineUpdater" daemon prio=5 tid=654 timed_waiting
java.lang.Thread.State: TIMED_WAITING
        at sun.misc.Unsafe.park(Native Method)
        at java.util.concurrent.locks.LockSupport.parkNanos(LockSupport.java:215)
        at java.util.concurrent.locks.AbstractQueuedSynchronizer$ConditionObject.await(AbstractQueuedSynchronizer.java:2163)
        at org.apache.ratis.util.AwaitForSignal.await(AwaitForSignal.java:62)
        at org.apache.ratis.server.impl.StateMachineUpdater.waitForCommit(StateMachineUpdater.java:209)
        at org.apache.ratis.server.impl.StateMachineUpdater.run(StateMachineUpdater.java:178)
        at java.lang.Thread.run(Thread.java:750)
"0e92623e-4dcf-4eff-ae25-f8b8c2de319b-BlockDeletingService#3" daemon prio=5 tid=1487 in Object.wait()
java.lang.Thread.State: WAITING (on object monitor)
        at sun.misc.Unsafe.park(Native Method)
        at java.util.concurrent.locks.LockSupport.park(LockSupport.java:175)
        at java.util.concurrent.locks.AbstractQueuedSynchronizer$ConditionObject.await(AbstractQueuedSynchronizer.java:2039)
        at java.util.concurrent.ScheduledThreadPoolExecutor$DelayedWorkQueue.take(ScheduledThreadPoolExecutor.java:1088)
        at java.util.concurrent.ScheduledThreadPoolExecutor$DelayedWorkQueue.take(ScheduledThreadPoolExecutor.java:809)
        at java.util.concurrent.ThreadPoolExecutor.getTask(ThreadPoolExecutor.java:1074)
        at java.util.concurrent.ThreadPoolExecutor.runWorker(ThreadPoolExecutor.java:1134)
        at java.util.concurrent.ThreadPoolExecutor$Worker.run(ThreadPoolExecutor.java:624)
        at java.lang.Thread.run(Thread.java:750)
"4cee0e49-9f18-41f8-8e67-157ccbc15955-BlockDeletingService#2" daemon prio=5 tid=1423 in Object.wait()
java.lang.Thread.State: WAITING (on object monitor)
        at sun.misc.Unsafe.park(Native Method)
        at java.util.concurrent.locks.LockSupport.park(LockSupport.java:175)
        at java.util.concurrent.locks.AbstractQueuedSynchronizer$ConditionObject.await(AbstractQueuedSynchronizer.java:2039)
        at java.util.concurrent.ScheduledThreadPoolExecutor$DelayedWorkQueue.take(ScheduledThreadPoolExecutor.java:1088)
        at java.util.concurrent.ScheduledThreadPoolExecutor$DelayedWorkQueue.take(ScheduledThreadPoolExecutor.java:809)
        at java.util.concurrent.ThreadPoolExecutor.getTask(ThreadPoolExecutor.java:1074)
        at java.util.concurrent.ThreadPoolExecutor.runWorker(ThreadPoolExecutor.java:1134)
        at java.util.concurrent.ThreadPoolExecutor$Worker.run(ThreadPoolExecutor.java:624)
        at java.lang.Thread.run(Thread.java:750)
"FixedThreadPoolWithAffinityExecutor-5-0" daemon prio=5 tid=45 timed_waiting
java.lang.Thread.State: TIMED_WAITING
        at sun.misc.Unsafe.park(Native Method)
        at java.util.concurrent.locks.LockSupport.parkNanos(LockSupport.java:215)
        at java.util.concurrent.locks.AbstractQueuedSynchronizer$ConditionObject.awaitNanos(AbstractQueuedSynchronizer.java:2078)
        at java.util.concurrent.LinkedBlockingQueue.poll(LinkedBlockingQueue.java:467)
        at org.apache.hadoop.hdds.scm.server.ContainerReportQueue.poll(ContainerReportQueue.java:266)
        at org.apache.hadoop.hdds.scm.server.ContainerReportQueue.poll(ContainerReportQueue.java:42)
        at org.apache.hadoop.hdds.server.events.FixedThreadPoolWithAffinityExecutor$ContainerReportProcessTask.run(FixedThreadPoolWithAffinityExecutor.java:253)
        at java.util.concurrent.Executors$RunnableAdapter.call(Executors.java:511)
        at java.util.concurrent.FutureTask.run(FutureTask.java:266)
        at java.util.concurrent.ThreadPoolExecutor.runWorker(ThreadPoolExecutor.java:1149)
        at java.util.concurrent.ThreadPoolExecutor$Worker.run(ThreadPoolExecutor.java:624)
        at java.lang.Thread.run(Thread.java:750)
"18227f38-d602-4438-971e-c9cd287df9cb-DatanodeStateMachineTaskThread-0"  prio=5 tid=418 in Object.wait()
java.lang.Thread.State: WAITING (on object monitor)
        at sun.misc.Unsafe.park(Native Method)
        at java.util.concurrent.locks.LockSupport.park(LockSupport.java:175)
        at java.util.concurrent.locks.AbstractQueuedSynchronizer$ConditionObject.await(AbstractQueuedSynchronizer.java:2039)
        at java.util.concurrent.LinkedBlockingQueue.take(LinkedBlockingQueue.java:442)
        at java.util.concurrent.ThreadPoolExecutor.getTask(ThreadPoolExecutor.java:1074)
        at java.util.concurrent.ThreadPoolExecutor.runWorker(ThreadPoolExecutor.java:1134)
        at java.util.concurrent.ThreadPoolExecutor$Worker.run(ThreadPoolExecutor.java:624)
        at java.lang.Thread.run(Thread.java:750)
"0e92623e-4dcf-4eff-ae25-f8b8c2de319b@group-09A8159B88D0-SegmentedRaftLogWorker"  prio=5 tid=1239 timed_waiting
java.lang.Thread.State: TIMED_WAITING
        at sun.misc.Unsafe.park(Native Method)
        at java.util.concurrent.locks.LockSupport.parkNanos(LockSupport.java:215)
        at java.util.concurrent.locks.AbstractQueuedSynchronizer$ConditionObject.awaitNanos(AbstractQueuedSynchronizer.java:2078)
        at org.apache.ratis.util.DataBlockingQueue.poll(DataBlockingQueue.java:148)
        at org.apache.ratis.server.raftlog.segmented.SegmentedRaftLogWorker.run(SegmentedRaftLogWorker.java:307)
        at org.apache.ratis.server.raftlog.segmented.SegmentedRaftLogWorker$$Lambda$819/704615668.run(Unknown Source)
        at java.util.concurrent.Executors$RunnableAdapter.call(Executors.java:511)
        at java.util.concurrent.FutureTask.run(FutureTask.java:266)
        at java.util.concurrent.ThreadPoolExecutor.runWorker(ThreadPoolExecutor.java:1149)
        at java.util.concurrent.ThreadPoolExecutor$Worker.run(ThreadPoolExecutor.java:624)
        at java.lang.Thread.run(Thread.java:750)
"d9016e39-0130-4fd9-896a-cac3c2785d02-DatanodeStateMachineDaemonThread" daemon prio=5 tid=1193 timed_waiting
java.lang.Thread.State: TIMED_WAITING
        at java.lang.Thread.sleep(Native Method)
        at org.apache.hadoop.ozone.container.common.statemachine.DatanodeStateMachine.startStateMachineThread(DatanodeStateMachine.java:369)
        at org.apache.hadoop.ozone.container.common.statemachine.DatanodeStateMachine.lambda$startDaemon$1(DatanodeStateMachine.java:556)
        at org.apache.hadoop.ozone.container.common.statemachine.DatanodeStateMachine$$Lambda$925/1394721877.run(Unknown Source)
        at java.lang.Thread.run(Thread.java:750)
"qtp1623275279-458" daemon prio=5 tid=458 timed_waiting
java.lang.Thread.State: TIMED_WAITING
        at sun.misc.Unsafe.park(Native Method)
        at java.util.concurrent.locks.LockSupport.parkNanos(LockSupport.java:215)
        at java.util.concurrent.locks.AbstractQueuedSynchronizer$ConditionObject.awaitNanos(AbstractQueuedSynchronizer.java:2078)
        at org.eclipse.jetty.util.BlockingArrayQueue.poll(BlockingArrayQueue.java:382)
        at org.eclipse.jetty.util.thread.QueuedThreadPool$Runner.idleJobPoll(QueuedThreadPool.java:974)
        at org.eclipse.jetty.util.thread.QueuedThreadPool$Runner.run(QueuedThreadPool.java:1018)
        at java.lang.Thread.run(Thread.java:750)
"fedf11b8-0957-422e-880a-91cc26979c7a-DatanodeReportManager-0" daemon prio=5 tid=207 in Object.wait()
java.lang.Thread.State: WAITING (on object monitor)
        at sun.misc.Unsafe.park(Native Method)
        at java.util.concurrent.locks.LockSupport.park(LockSupport.java:175)
        at java.util.concurrent.locks.AbstractQueuedSynchronizer$ConditionObject.await(AbstractQueuedSynchronizer.java:2039)
        at java.util.concurrent.ScheduledThreadPoolExecutor$DelayedWorkQueue.take(ScheduledThreadPoolExecutor.java:1088)
        at java.util.concurrent.ScheduledThreadPoolExecutor$DelayedWorkQueue.take(ScheduledThreadPoolExecutor.java:809)
        at java.util.concurrent.ThreadPoolExecutor.getTask(ThreadPoolExecutor.java:1074)
        at java.util.concurrent.ThreadPoolExecutor.runWorker(ThreadPoolExecutor.java:1134)
        at java.util.concurrent.ThreadPoolExecutor$Worker.run(ThreadPoolExecutor.java:624)
        at java.lang.Thread.run(Thread.java:750)
"18227f38-d602-4438-971e-c9cd287df9cb-ChunkReader-3" daemon prio=5 tid=1444 in Object.wait()
java.lang.Thread.State: WAITING (on object monitor)
        at sun.misc.Unsafe.park(Native Method)
        at java.util.concurrent.locks.LockSupport.park(LockSupport.java:175)
        at java.util.concurrent.locks.AbstractQueuedSynchronizer$ConditionObject.await(AbstractQueuedSynchronizer.java:2039)
        at java.util.concurrent.LinkedBlockingQueue.take(LinkedBlockingQueue.java:442)
        at java.util.concurrent.ThreadPoolExecutor.getTask(ThreadPoolExecutor.java:1074)
        at java.util.concurrent.ThreadPoolExecutor.runWorker(ThreadPoolExecutor.java:1134)
        at java.util.concurrent.ThreadPoolExecutor$Worker.run(ThreadPoolExecutor.java:624)
        at java.lang.Thread.run(Thread.java:750)
"FullTableCache-Cleanup-0" daemon prio=5 tid=997 in Object.wait()
java.lang.Thread.State: WAITING (on object monitor)
        at sun.misc.Unsafe.park(Native Method)
        at java.util.concurrent.locks.LockSupport.park(LockSupport.java:175)
        at java.util.concurrent.locks.AbstractQueuedSynchronizer$ConditionObject.await(AbstractQueuedSynchronizer.java:2039)
        at java.util.concurrent.LinkedBlockingQueue.take(LinkedBlockingQueue.java:442)
        at java.util.concurrent.ThreadPoolExecutor.getTask(ThreadPoolExecutor.java:1074)
        at java.util.concurrent.ThreadPoolExecutor.runWorker(ThreadPoolExecutor.java:1134)
        at java.util.concurrent.ThreadPoolExecutor$Worker.run(ThreadPoolExecutor.java:624)
        at java.lang.Thread.run(Thread.java:750)
"0eeb79a9-13fd-416c-b2a7-6f654c6b5029-ChunkReader-4" daemon prio=5 tid=1471 in Object.wait()
java.lang.Thread.State: WAITING (on object monitor)
        at sun.misc.Unsafe.park(Native Method)
        at java.util.concurrent.locks.LockSupport.park(LockSupport.java:175)
        at java.util.concurrent.locks.AbstractQueuedSynchronizer$ConditionObject.await(AbstractQueuedSynchronizer.java:2039)
        at java.util.concurrent.LinkedBlockingQueue.take(LinkedBlockingQueue.java:442)
        at java.util.concurrent.ThreadPoolExecutor.getTask(ThreadPoolExecutor.java:1074)
        at java.util.concurrent.ThreadPoolExecutor.runWorker(ThreadPoolExecutor.java:1134)
        at java.util.concurrent.ThreadPoolExecutor$Worker.run(ThreadPoolExecutor.java:624)
        at java.lang.Thread.run(Thread.java:750)
"4cee0e49-9f18-41f8-8e67-157ccbc15955-ChunkReader-5" daemon prio=5 tid=1146 in Object.wait()
java.lang.Thread.State: WAITING (on object monitor)
        at sun.misc.Unsafe.park(Native Method)
        at java.util.concurrent.locks.LockSupport.park(LockSupport.java:175)
        at java.util.concurrent.locks.AbstractQueuedSynchronizer$ConditionObject.await(AbstractQueuedSynchronizer.java:2039)
        at java.util.concurrent.LinkedBlockingQueue.take(LinkedBlockingQueue.java:442)
        at java.util.concurrent.ThreadPoolExecutor.getTask(ThreadPoolExecutor.java:1074)
        at java.util.concurrent.ThreadPoolExecutor.runWorker(ThreadPoolExecutor.java:1134)
        at java.util.concurrent.ThreadPoolExecutor$Worker.run(ThreadPoolExecutor.java:624)
        at java.lang.Thread.run(Thread.java:750)
"4cee0e49-9f18-41f8-8e67-157ccbc15955-NettyServerStreamRpc-bossGroup--thread1"  prio=5 tid=305 runnable
java.lang.Thread.State: RUNNABLE
        at sun.nio.ch.EPollArrayWrapper.epollWait(Native Method)
        at sun.nio.ch.EPollArrayWrapper.poll(EPollArrayWrapper.java:269)
        at sun.nio.ch.EPollSelectorImpl.doSelect(EPollSelectorImpl.java:93)
        at sun.nio.ch.SelectorImpl.lockAndDoSelect(SelectorImpl.java:86)
        at sun.nio.ch.SelectorImpl.select(SelectorImpl.java:97)
        at sun.nio.ch.SelectorImpl.select(SelectorImpl.java:101)
        at org.apache.ratis.thirdparty.io.netty.channel.nio.SelectedSelectionKeySetSelector.select(SelectedSelectionKeySetSelector.java:68)
        at org.apache.ratis.thirdparty.io.netty.channel.nio.NioEventLoop.select(NioEventLoop.java:879)
        at org.apache.ratis.thirdparty.io.netty.channel.nio.NioEventLoop.run(NioEventLoop.java:526)
        at org.apache.ratis.thirdparty.io.netty.util.concurrent.SingleThreadEventExecutor$4.run(SingleThreadEventExecutor.java:997)
        at org.apache.ratis.thirdparty.io.netty.util.internal.ThreadExecutorMap$2.run(ThreadExecutorMap.java:74)
        at java.lang.Thread.run(Thread.java:750)
"IPC Server listener on 15002" daemon prio=5 tid=25 runnable
java.lang.Thread.State: RUNNABLE
        at sun.nio.ch.EPollArrayWrapper.epollWait(Native Method)
        at sun.nio.ch.EPollArrayWrapper.poll(EPollArrayWrapper.java:269)
        at sun.nio.ch.EPollSelectorImpl.doSelect(EPollSelectorImpl.java:93)
        at sun.nio.ch.SelectorImpl.lockAndDoSelect(SelectorImpl.java:86)
        at sun.nio.ch.SelectorImpl.select(SelectorImpl.java:97)
        at sun.nio.ch.SelectorImpl.select(SelectorImpl.java:101)
        at org.apache.hadoop.ipc.Server$Listener.run(Server.java:1408)
"IPC Server Responder" daemon prio=5 tid=234 runnable
java.lang.Thread.State: RUNNABLE
        at sun.nio.ch.EPollArrayWrapper.epollWait(Native Method)
        at sun.nio.ch.EPollArrayWrapper.poll(EPollArrayWrapper.java:269)
        at sun.nio.ch.EPollSelectorImpl.doSelect(EPollSelectorImpl.java:93)
        at sun.nio.ch.SelectorImpl.lockAndDoSelect(SelectorImpl.java:86)
        at sun.nio.ch.SelectorImpl.select(SelectorImpl.java:97)
        at org.apache.hadoop.ipc.Server$Responder.doRunLoop(Server.java:1582)
        at org.apache.hadoop.ipc.Server$Responder.run(Server.java:1565)
"92ba0aed-1dcc-4895-b5bb-fc45f440be2e-BlockDeletingService#0" daemon prio=5 tid=580 timed_waiting
java.lang.Thread.State: TIMED_WAITING
        at sun.misc.Unsafe.park(Native Method)
        at java.util.concurrent.locks.LockSupport.parkNanos(LockSupport.java:215)
        at java.util.concurrent.locks.AbstractQueuedSynchronizer$ConditionObject.awaitNanos(AbstractQueuedSynchronizer.java:2078)
        at java.util.concurrent.ScheduledThreadPoolExecutor$DelayedWorkQueue.take(ScheduledThreadPoolExecutor.java:1093)
        at java.util.concurrent.ScheduledThreadPoolExecutor$DelayedWorkQueue.take(ScheduledThreadPoolExecutor.java:809)
        at java.util.concurrent.ThreadPoolExecutor.getTask(ThreadPoolExecutor.java:1074)
        at java.util.concurrent.ThreadPoolExecutor.runWorker(ThreadPoolExecutor.java:1134)
        at java.util.concurrent.ThreadPoolExecutor$Worker.run(ThreadPoolExecutor.java:624)
        at java.lang.Thread.run(Thread.java:750)
"fedf11b8-0957-422e-880a-91cc26979c7a-CommandProcessorThread" daemon prio=5 tid=212 timed_waiting
java.lang.Thread.State: TIMED_WAITING
        at java.lang.Thread.sleep(Native Method)
        at org.apache.hadoop.ozone.container.common.statemachine.DatanodeStateMachine.lambda$initCommandHandlerThread$4(DatanodeStateMachine.java:684)
        at org.apache.hadoop.ozone.container.common.statemachine.DatanodeStateMachine$$Lambda$927/756418972.run(Unknown Source)
        at java.lang.Thread.run(Thread.java:750)
"qtp1789087814-1181" daemon prio=5 tid=1181 timed_waiting
java.lang.Thread.State: TIMED_WAITING
        at sun.misc.Unsafe.park(Native Method)
        at java.util.concurrent.locks.LockSupport.parkNanos(LockSupport.java:215)
        at java.util.concurrent.locks.AbstractQueuedSynchronizer$ConditionObject.awaitNanos(AbstractQueuedSynchronizer.java:2078)
        at org.eclipse.jetty.util.BlockingArrayQueue.poll(BlockingArrayQueue.java:382)
        at org.eclipse.jetty.util.thread.QueuedThreadPool$Runner.idleJobPoll(QueuedThreadPool.java:974)
        at org.eclipse.jetty.util.thread.QueuedThreadPool$Runner.run(QueuedThreadPool.java:1018)
        at java.lang.Thread.run(Thread.java:750)
"5f7d9b36-4620-4ba9-8a78-929bd6ddd1f9-CommandProcessorThread" daemon prio=5 tid=446 timed_waiting
java.lang.Thread.State: TIMED_WAITING
        at java.lang.Thread.sleep(Native Method)
        at org.apache.hadoop.ozone.container.common.statemachine.DatanodeStateMachine.lambda$initCommandHandlerThread$4(DatanodeStateMachine.java:684)
        at org.apache.hadoop.ozone.container.common.statemachine.DatanodeStateMachine$$Lambda$927/756418972.run(Unknown Source)
        at java.lang.Thread.run(Thread.java:750)
"EventQueue-NewNodeForNewNodeHandler" daemon prio=5 tid=630 in Object.wait()
java.lang.Thread.State: WAITING (on object monitor)
        at sun.misc.Unsafe.park(Native Method)
        at java.util.concurrent.locks.LockSupport.park(LockSupport.java:175)
        at java.util.concurrent.locks.AbstractQueuedSynchronizer$ConditionObject.await(AbstractQueuedSynchronizer.java:2039)
        at java.util.concurrent.LinkedBlockingQueue.take(LinkedBlockingQueue.java:442)
        at java.util.concurrent.ThreadPoolExecutor.getTask(ThreadPoolExecutor.java:1074)
        at java.util.concurrent.ThreadPoolExecutor.runWorker(ThreadPoolExecutor.java:1134)
        at java.util.concurrent.ThreadPoolExecutor$Worker.run(ThreadPoolExecutor.java:624)
        at java.lang.Thread.run(Thread.java:750)
"fadd24ee-4463-4420-97cf-bdd350ad83ae-PeriodicHDDSVolumeChecker" daemon prio=5 tid=526 timed_waiting
java.lang.Thread.State: TIMED_WAITING
        at sun.misc.Unsafe.park(Native Method)
        at java.util.concurrent.locks.LockSupport.parkNanos(LockSupport.java:215)
        at java.util.concurrent.locks.AbstractQueuedSynchronizer$ConditionObject.awaitNanos(AbstractQueuedSynchronizer.java:2078)
        at java.util.concurrent.ScheduledThreadPoolExecutor$DelayedWorkQueue.take(ScheduledThreadPoolExecutor.java:1093)
        at java.util.concurrent.ScheduledThreadPoolExecutor$DelayedWorkQueue.take(ScheduledThreadPoolExecutor.java:809)
        at java.util.concurrent.ThreadPoolExecutor.getTask(ThreadPoolExecutor.java:1074)
        at java.util.concurrent.ThreadPoolExecutor.runWorker(ThreadPoolExecutor.java:1134)
        at java.util.concurrent.ThreadPoolExecutor$Worker.run(ThreadPoolExecutor.java:624)
        at java.lang.Thread.run(Thread.java:750)
"fedf11b8-0957-422e-880a-91cc26979c7a-DatanodeStateMachineTaskThread-0"  prio=5 tid=213 in Object.wait()
java.lang.Thread.State: WAITING (on object monitor)
        at sun.misc.Unsafe.park(Native Method)
        at java.util.concurrent.locks.LockSupport.park(LockSupport.java:175)
        at java.util.concurrent.locks.AbstractQueuedSynchronizer$ConditionObject.await(AbstractQueuedSynchronizer.java:2039)
        at java.util.concurrent.LinkedBlockingQueue.take(LinkedBlockingQueue.java:442)
        at java.util.concurrent.ThreadPoolExecutor.getTask(ThreadPoolExecutor.java:1074)
        at java.util.concurrent.ThreadPoolExecutor.runWorker(ThreadPoolExecutor.java:1134)
        at java.util.concurrent.ThreadPoolExecutor$Worker.run(ThreadPoolExecutor.java:624)
        at java.lang.Thread.run(Thread.java:750)
"fadd24ee-4463-4420-97cf-bdd350ad83ae-ChunkReader-ELG-0" daemon prio=5 tid=534 runnable
java.lang.Thread.State: RUNNABLE
        at org.apache.ratis.thirdparty.io.netty.channel.epoll.Native.epollWait0(Native Method)
        at org.apache.ratis.thirdparty.io.netty.channel.epoll.Native.epollWait(Native.java:182)
        at org.apache.ratis.thirdparty.io.netty.channel.epoll.EpollEventLoop.epollWait(EpollEventLoop.java:302)
        at org.apache.ratis.thirdparty.io.netty.channel.epoll.EpollEventLoop.run(EpollEventLoop.java:366)
        at org.apache.ratis.thirdparty.io.netty.util.concurrent.SingleThreadEventExecutor$4.run(SingleThreadEventExecutor.java:997)
        at org.apache.ratis.thirdparty.io.netty.util.internal.ThreadExecutorMap$2.run(ThreadExecutorMap.java:74)
        at java.lang.Thread.run(Thread.java:750)
"StaleRecoveringContainerScrubbingService#0" daemon prio=5 tid=597 in Object.wait()
java.lang.Thread.State: WAITING (on object monitor)
        at sun.misc.Unsafe.park(Native Method)
        at java.util.concurrent.locks.LockSupport.park(LockSupport.java:175)
        at java.util.concurrent.locks.AbstractQueuedSynchronizer$ConditionObject.await(AbstractQueuedSynchronizer.java:2039)
        at java.util.concurrent.ScheduledThreadPoolExecutor$DelayedWorkQueue.take(ScheduledThreadPoolExecutor.java:1088)
        at java.util.concurrent.ScheduledThreadPoolExecutor$DelayedWorkQueue.take(ScheduledThreadPoolExecutor.java:809)
        at java.util.concurrent.ThreadPoolExecutor.getTask(ThreadPoolExecutor.java:1074)
        at java.util.concurrent.ThreadPoolExecutor.runWorker(ThreadPoolExecutor.java:1134)
        at java.util.concurrent.ThreadPoolExecutor$Worker.run(ThreadPoolExecutor.java:624)
        at java.lang.Thread.run(Thread.java:750)
"5f7d9b36-4620-4ba9-8a78-929bd6ddd1f9-DatanodeReportManager-1" daemon prio=5 tid=442 in Object.wait()
java.lang.Thread.State: WAITING (on object monitor)
        at sun.misc.Unsafe.park(Native Method)
        at java.util.concurrent.locks.LockSupport.park(LockSupport.java:175)
        at java.util.concurrent.locks.AbstractQueuedSynchronizer$ConditionObject.await(AbstractQueuedSynchronizer.java:2039)
        at java.util.concurrent.ScheduledThreadPoolExecutor$DelayedWorkQueue.take(ScheduledThreadPoolExecutor.java:1088)
        at java.util.concurrent.ScheduledThreadPoolExecutor$DelayedWorkQueue.take(ScheduledThreadPoolExecutor.java:809)
        at java.util.concurrent.ThreadPoolExecutor.getTask(ThreadPoolExecutor.java:1074)
        at java.util.concurrent.ThreadPoolExecutor.runWorker(ThreadPoolExecutor.java:1134)
        at java.util.concurrent.ThreadPoolExecutor$Worker.run(ThreadPoolExecutor.java:624)
        at java.lang.Thread.run(Thread.java:750)
"IPC Server idle connection scanner for port 15073" daemon prio=5 tid=407 timed_waiting
java.lang.Thread.State: TIMED_WAITING
        at java.lang.Object.wait(Native Method)
        at java.util.TimerThread.mainLoop(Timer.java:552)
        at java.util.TimerThread.run(Timer.java:505)
"5f7d9b36-4620-4ba9-8a78-929bd6ddd1f9-ChunkWriter-2-0" daemon prio=5 tid=607 in Object.wait()
java.lang.Thread.State: WAITING (on object monitor)
        at sun.misc.Unsafe.park(Native Method)
        at java.util.concurrent.locks.LockSupport.park(LockSupport.java:175)
        at java.util.concurrent.locks.AbstractQueuedSynchronizer$ConditionObject.await(AbstractQueuedSynchronizer.java:2039)
        at java.util.concurrent.LinkedBlockingDeque.takeFirst(LinkedBlockingDeque.java:492)
        at java.util.concurrent.LinkedBlockingDeque.take(LinkedBlockingDeque.java:680)
        at java.util.concurrent.ThreadPoolExecutor.getTask(ThreadPoolExecutor.java:1074)
        at java.util.concurrent.ThreadPoolExecutor.runWorker(ThreadPoolExecutor.java:1134)
        at java.util.concurrent.ThreadPoolExecutor$Worker.run(ThreadPoolExecutor.java:624)
        at java.lang.Thread.run(Thread.java:750)
"StaleRecoveringContainerScrubbingService#1" daemon prio=5 tid=507 timed_waiting
java.lang.Thread.State: TIMED_WAITING
        at sun.misc.Unsafe.park(Native Method)
        at java.util.concurrent.locks.LockSupport.parkNanos(LockSupport.java:215)
        at java.util.concurrent.locks.AbstractQueuedSynchronizer$ConditionObject.awaitNanos(AbstractQueuedSynchronizer.java:2078)
        at java.util.concurrent.ScheduledThreadPoolExecutor$DelayedWorkQueue.take(ScheduledThreadPoolExecutor.java:1093)
        at java.util.concurrent.ScheduledThreadPoolExecutor$DelayedWorkQueue.take(ScheduledThreadPoolExecutor.java:809)
        at java.util.concurrent.ThreadPoolExecutor.getTask(ThreadPoolExecutor.java:1074)
        at java.util.concurrent.ThreadPoolExecutor.runWorker(ThreadPoolExecutor.java:1134)
        at java.util.concurrent.ThreadPoolExecutor$Worker.run(ThreadPoolExecutor.java:624)
        at java.lang.Thread.run(Thread.java:750)
"qtp896731725-310-acceptor-0@61404740-ServerConnector@6f8efe9d{HTTP/1.1, (http/1.1)}{0.0.0.0:15045}" daemon prio=3 tid=310 runnable
java.lang.Thread.State: RUNNABLE
        at sun.nio.ch.ServerSocketChannelImpl.accept0(Native Method)
        at sun.nio.ch.ServerSocketChannelImpl.accept(ServerSocketChannelImpl.java:421)
        at sun.nio.ch.ServerSocketChannelImpl.accept(ServerSocketChannelImpl.java:249)
        at org.eclipse.jetty.server.ServerConnector.accept(ServerConnector.java:388)
        at org.eclipse.jetty.server.AbstractConnector$Acceptor.run(AbstractConnector.java:704)
        at org.eclipse.jetty.util.thread.QueuedThreadPool.runJob(QueuedThreadPool.java:883)
        at org.eclipse.jetty.util.thread.QueuedThreadPool$Runner.run(QueuedThreadPool.java:1034)
        at java.lang.Thread.run(Thread.java:750)
"IPC Server handler 0 on default port 15073" daemon prio=5 tid=410 timed_waiting
java.lang.Thread.State: TIMED_WAITING
        at sun.misc.Unsafe.park(Native Method)
        at java.util.concurrent.locks.LockSupport.parkNanos(LockSupport.java:215)
        at java.util.concurrent.locks.AbstractQueuedSynchronizer$ConditionObject.awaitNanos(AbstractQueuedSynchronizer.java:2078)
        at java.util.concurrent.LinkedBlockingQueue.poll(LinkedBlockingQueue.java:467)
        at org.apache.hadoop.ipc.CallQueueManager.take(CallQueueManager.java:317)
        at org.apache.hadoop.ipc.Server$Handler.run(Server.java:3014)
"4cee0e49-9f18-41f8-8e67-157ccbc15955@group-C9EEF1442432-StateMachineUpdater" daemon prio=5 tid=676 timed_waiting
java.lang.Thread.State: TIMED_WAITING
        at sun.misc.Unsafe.park(Native Method)
        at java.util.concurrent.locks.LockSupport.parkNanos(LockSupport.java:215)
        at java.util.concurrent.locks.AbstractQueuedSynchronizer$ConditionObject.await(AbstractQueuedSynchronizer.java:2163)
        at org.apache.ratis.util.AwaitForSignal.await(AwaitForSignal.java:62)
        at org.apache.ratis.server.impl.StateMachineUpdater.waitForCommit(StateMachineUpdater.java:209)
        at org.apache.ratis.server.impl.StateMachineUpdater.run(StateMachineUpdater.java:178)
        at java.lang.Thread.run(Thread.java:750)
"0eeb79a9-13fd-416c-b2a7-6f654c6b5029@group-52AF94BE594D->d9016e39-0130-4fd9-896a-cac3c2785d02-GrpcLogAppender-LogAppenderDaemon" daemon prio=5 tid=1312 timed_waiting
java.lang.Thread.State: TIMED_WAITING
        at sun.misc.Unsafe.park(Native Method)
        at java.util.concurrent.locks.LockSupport.parkNanos(LockSupport.java:215)
        at java.util.concurrent.locks.AbstractQueuedSynchronizer$ConditionObject.await(AbstractQueuedSynchronizer.java:2163)
        at org.apache.ratis.util.AwaitForSignal.await(AwaitForSignal.java:62)
        at org.apache.ratis.grpc.server.GrpcLogAppender.mayWait(GrpcLogAppender.java:197)
        at org.apache.ratis.grpc.server.GrpcLogAppender.run(GrpcLogAppender.java:148)
        at org.apache.ratis.server.leader.LogAppenderDaemon.run(LogAppenderDaemon.java:78)
        at org.apache.ratis.server.leader.LogAppenderDaemon$$Lambda$1246/2075727611.run(Unknown Source)
        at java.lang.Thread.run(Thread.java:750)
"nullContainerReplicationThread-0" daemon prio=5 tid=1469 timed_waiting
java.lang.Thread.State: TIMED_WAITING
        at java.lang.Thread.sleep(Native Method)
        at org.apache.ozone.test.GenericTestUtils.waitFor(GenericTestUtils.java:224)
        at org.apache.hadoop.ozone.container.TestECContainerRecovery.lambda$testECContainerRecoveryWithTimedOutRecovery$1(TestECContainerRecovery.java:312)
        at org.apache.hadoop.ozone.container.TestECContainerRecovery$$Lambda$1696/1101275613.answer(Unknown Source)
        at org.mockito.internal.stubbing.StubbedInvocationMatcher.answer(StubbedInvocationMatcher.java:40)
        at org.mockito.internal.handler.MockHandlerImpl.handle(MockHandlerImpl.java:99)
        at org.mockito.internal.handler.NullResultGuardian.handle(NullResultGuardian.java:29)
        at org.mockito.internal.handler.InvocationNotifierHandler.handle(InvocationNotifierHandler.java:33)
        at org.mockito.internal.creation.bytebuddy.MockMethodInterceptor.doIntercept(MockMethodInterceptor.java:57)
        at org.mockito.internal.creation.bytebuddy.MockMethodAdvice.handle(MockMethodAdvice.java:147)
        at org.apache.hadoop.ozone.container.ec.reconstruction.ECReconstructionCoordinator.reconstructECBlockGroup(ECReconstructionCoordinator.java:240)
        at org.apache.hadoop.ozone.container.ec.reconstruction.ECReconstructionCoordinator.reconstructECContainerGroup(ECReconstructionCoordinator.java:178)
        at sun.reflect.NativeMethodAccessorImpl.invoke0(Native Method)
        at sun.reflect.NativeMethodAccessorImpl.invoke(NativeMethodAccessorImpl.java:62)
        at sun.reflect.DelegatingMethodAccessorImpl.invoke(DelegatingMethodAccessorImpl.java:43)
        at java.lang.reflect.Method.invoke(Method.java:498)
        at org.mockito.internal.util.reflection.ReflectionMemberAccessor.invoke(ReflectionMemberAccessor.java:45)
        at org.mockito.internal.creation.bytebuddy.MockMethodAdvice.tryInvoke(MockMethodAdvice.java:329)
        at org.mockito.internal.creation.bytebuddy.MockMethodAdvice.access$500(MockMethodAdvice.java:56)
        at org.mockito.internal.creation.bytebuddy.MockMethodAdvice$RealMethodCall.invoke(MockMethodAdvice.java:249)
        at org.mockito.internal.invocation.InterceptedInvocation.callRealMethod(InterceptedInvocation.java:141)
        at org.mockito.internal.stubbing.answers.CallsRealMethods.answer(CallsRealMethods.java:44)
        at org.mockito.Answers.answer(Answers.java:98)
        at org.mockito.internal.handler.MockHandlerImpl.handle(MockHandlerImpl.java:106)
        at org.mockito.internal.handler.NullResultGuardian.handle(NullResultGuardian.java:29)
        at org.mockito.internal.handler.InvocationNotifierHandler.handle(InvocationNotifierHandler.java:33)
        at org.mockito.internal.creation.bytebuddy.MockMethodInterceptor.doIntercept(MockMethodInterceptor.java:57)
        at org.mockito.internal.creation.bytebuddy.MockMethodAdvice.handle(MockMethodAdvice.java:147)
        at org.apache.hadoop.ozone.container.ec.reconstruction.ECReconstructionCoordinator.reconstructECContainerGroup(ECReconstructionCoordinator.java:148)
        at org.apache.hadoop.ozone.container.ec.reconstruction.ECReconstructionCoordinatorTask.runTask(ECReconstructionCoordinatorTask.java:68)
        at org.apache.hadoop.ozone.container.replication.ReplicationSupervisor$TaskRunner.run(ReplicationSupervisor.java:369)
        at java.util.concurrent.ThreadPoolExecutor.runWorker(ThreadPoolExecutor.java:1149)
        at java.util.concurrent.ThreadPoolExecutor$Worker.run(ThreadPoolExecutor.java:624)
        at java.lang.Thread.run(Thread.java:750)
"fedf11b8-0957-422e-880a-91cc26979c7a-groupManagement"  prio=5 tid=639 in Object.wait()
java.lang.Thread.State: WAITING (on object monitor)
        at sun.misc.Unsafe.park(Native Method)
        at java.util.concurrent.locks.LockSupport.park(LockSupport.java:175)
        at java.util.concurrent.locks.AbstractQueuedSynchronizer$ConditionObject.await(AbstractQueuedSynchronizer.java:2039)
        at java.util.concurrent.LinkedBlockingQueue.take(LinkedBlockingQueue.java:442)
        at java.util.concurrent.ThreadPoolExecutor.getTask(ThreadPoolExecutor.java:1074)
        at java.util.concurrent.ThreadPoolExecutor.runWorker(ThreadPoolExecutor.java:1134)
        at java.util.concurrent.ThreadPoolExecutor$Worker.run(ThreadPoolExecutor.java:624)
        at java.lang.Thread.run(Thread.java:750)
"EventQueue-DatanodeCommandForSCMNodeManager"  prio=5 tid=632 in Object.wait()
java.lang.Thread.State: WAITING (on object monitor)
        at sun.misc.Unsafe.park(Native Method)
        at java.util.concurrent.locks.LockSupport.park(LockSupport.java:175)
        at java.util.concurrent.locks.AbstractQueuedSynchronizer$ConditionObject.await(AbstractQueuedSynchronizer.java:2039)
        at java.util.concurrent.LinkedBlockingQueue.take(LinkedBlockingQueue.java:442)
        at java.util.concurrent.ThreadPoolExecutor.getTask(ThreadPoolExecutor.java:1074)
        at java.util.concurrent.ThreadPoolExecutor.runWorker(ThreadPoolExecutor.java:1134)
        at java.util.concurrent.ThreadPoolExecutor$Worker.run(ThreadPoolExecutor.java:624)
        at java.lang.Thread.run(Thread.java:750)
"4cee0e49-9f18-41f8-8e67-157ccbc15955-PipelineCommandHandlerThread-0"  prio=5 tid=661 in Object.wait()
java.lang.Thread.State: WAITING (on object monitor)
        at sun.misc.Unsafe.park(Native Method)
        at java.util.concurrent.locks.LockSupport.park(LockSupport.java:175)
        at java.util.concurrent.locks.AbstractQueuedSynchronizer$ConditionObject.await(AbstractQueuedSynchronizer.java:2039)
        at java.util.concurrent.LinkedBlockingQueue.take(LinkedBlockingQueue.java:442)
        at java.util.concurrent.ThreadPoolExecutor.getTask(ThreadPoolExecutor.java:1074)
        at java.util.concurrent.ThreadPoolExecutor.runWorker(ThreadPoolExecutor.java:1134)
        at java.util.concurrent.ThreadPoolExecutor$Worker.run(ThreadPoolExecutor.java:624)
        at java.lang.Thread.run(Thread.java:750)
"Hadoop-Metrics-Updater-0" daemon prio=5 tid=34 timed_waiting
java.lang.Thread.State: TIMED_WAITING
        at sun.misc.Unsafe.park(Native Method)
        at java.util.concurrent.locks.LockSupport.parkNanos(LockSupport.java:215)
        at java.util.concurrent.locks.AbstractQueuedSynchronizer$ConditionObject.awaitNanos(AbstractQueuedSynchronizer.java:2078)
        at java.util.concurrent.ScheduledThreadPoolExecutor$DelayedWorkQueue.take(ScheduledThreadPoolExecutor.java:1093)
        at java.util.concurrent.ScheduledThreadPoolExecutor$DelayedWorkQueue.take(ScheduledThreadPoolExecutor.java:809)
        at java.util.concurrent.ThreadPoolExecutor.getTask(ThreadPoolExecutor.java:1074)
        at java.util.concurrent.ThreadPoolExecutor.runWorker(ThreadPoolExecutor.java:1134)
        at java.util.concurrent.ThreadPoolExecutor$Worker.run(ThreadPoolExecutor.java:624)
        at java.lang.Thread.run(Thread.java:750)
"0e92623e-4dcf-4eff-ae25-f8b8c2de319b-PipelineCommandHandlerThread-0"  prio=5 tid=719 in Object.wait()
java.lang.Thread.State: WAITING (on object monitor)
        at sun.misc.Unsafe.park(Native Method)
        at java.util.concurrent.locks.LockSupport.park(LockSupport.java:175)
        at java.util.concurrent.locks.AbstractQueuedSynchronizer$ConditionObject.await(AbstractQueuedSynchronizer.java:2039)
        at java.util.concurrent.LinkedBlockingQueue.take(LinkedBlockingQueue.java:442)
        at java.util.concurrent.ThreadPoolExecutor.getTask(ThreadPoolExecutor.java:1074)
        at java.util.concurrent.ThreadPoolExecutor.runWorker(ThreadPoolExecutor.java:1134)
        at java.util.concurrent.ThreadPoolExecutor$Worker.run(ThreadPoolExecutor.java:624)
        at java.lang.Thread.run(Thread.java:750)
"nullContainerReplicationThread-0" daemon prio=5 tid=1144 in Object.wait()
java.lang.Thread.State: WAITING (on object monitor)
        at sun.misc.Unsafe.park(Native Method)
        at java.util.concurrent.locks.LockSupport.park(LockSupport.java:175)
        at java.util.concurrent.locks.AbstractQueuedSynchronizer$ConditionObject.await(AbstractQueuedSynchronizer.java:2039)
        at java.util.concurrent.PriorityBlockingQueue.take(PriorityBlockingQueue.java:549)
        at java.util.concurrent.ThreadPoolExecutor.getTask(ThreadPoolExecutor.java:1074)
        at java.util.concurrent.ThreadPoolExecutor.runWorker(ThreadPoolExecutor.java:1134)
        at java.util.concurrent.ThreadPoolExecutor$Worker.run(ThreadPoolExecutor.java:624)
        at java.lang.Thread.run(Thread.java:750)
"IPC Server listener on 15046" daemon prio=5 tid=318 runnable
java.lang.Thread.State: RUNNABLE
        at sun.nio.ch.EPollArrayWrapper.epollWait(Native Method)
        at sun.nio.ch.EPollArrayWrapper.poll(EPollArrayWrapper.java:269)
        at sun.nio.ch.EPollSelectorImpl.doSelect(EPollSelectorImpl.java:93)
        at sun.nio.ch.SelectorImpl.lockAndDoSelect(SelectorImpl.java:86)
        at sun.nio.ch.SelectorImpl.select(SelectorImpl.java:97)
        at sun.nio.ch.SelectorImpl.select(SelectorImpl.java:101)
        at org.apache.hadoop.ipc.Server$Listener.run(Server.java:1408)
"fedf11b8-0957-422e-880a-91cc26979c7a-NettyServerStreamRpc-bossGroup--thread1"  prio=5 tid=187 runnable
java.lang.Thread.State: RUNNABLE
        at sun.nio.ch.EPollArrayWrapper.epollWait(Native Method)
        at sun.nio.ch.EPollArrayWrapper.poll(EPollArrayWrapper.java:269)
        at sun.nio.ch.EPollSelectorImpl.doSelect(EPollSelectorImpl.java:93)
        at sun.nio.ch.SelectorImpl.lockAndDoSelect(SelectorImpl.java:86)
        at sun.nio.ch.SelectorImpl.select(SelectorImpl.java:97)
        at sun.nio.ch.SelectorImpl.select(SelectorImpl.java:101)
        at org.apache.ratis.thirdparty.io.netty.channel.nio.SelectedSelectionKeySetSelector.select(SelectedSelectionKeySetSelector.java:68)
        at org.apache.ratis.thirdparty.io.netty.channel.nio.NioEventLoop.select(NioEventLoop.java:879)
        at org.apache.ratis.thirdparty.io.netty.channel.nio.NioEventLoop.run(NioEventLoop.java:526)
        at org.apache.ratis.thirdparty.io.netty.util.concurrent.SingleThreadEventExecutor$4.run(SingleThreadEventExecutor.java:997)
        at org.apache.ratis.thirdparty.io.netty.util.internal.ThreadExecutorMap$2.run(ThreadExecutorMap.java:74)
        at java.lang.Thread.run(Thread.java:750)
"18227f38-d602-4438-971e-c9cd287df9cb-ChunkWriter-0-0" daemon prio=5 tid=590 in Object.wait()
java.lang.Thread.State: WAITING (on object monitor)
        at sun.misc.Unsafe.park(Native Method)
        at java.util.concurrent.locks.LockSupport.park(LockSupport.java:175)
        at java.util.concurrent.locks.AbstractQueuedSynchronizer$ConditionObject.await(AbstractQueuedSynchronizer.java:2039)
        at java.util.concurrent.LinkedBlockingDeque.takeFirst(LinkedBlockingDeque.java:492)
        at java.util.concurrent.LinkedBlockingDeque.take(LinkedBlockingDeque.java:680)
        at java.util.concurrent.ThreadPoolExecutor.getTask(ThreadPoolExecutor.java:1074)
        at java.util.concurrent.ThreadPoolExecutor.runWorker(ThreadPoolExecutor.java:1134)
        at java.util.concurrent.ThreadPoolExecutor$Worker.run(ThreadPoolExecutor.java:624)
        at java.lang.Thread.run(Thread.java:750)
"RatisPipelineUtilsThread-0"  prio=5 tid=17 timed_waiting
java.lang.Thread.State: TIMED_WAITING
        at java.lang.Object.wait(Native Method)
        at org.apache.hadoop.hdds.scm.pipeline.BackgroundPipelineCreator.run(BackgroundPipelineCreator.java:179)
        at org.apache.hadoop.hdds.scm.pipeline.BackgroundPipelineCreator$$Lambda$435/754485505.run(Unknown Source)
        at java.lang.Thread.run(Thread.java:750)
"d9016e39-0130-4fd9-896a-cac3c2785d02@group-F4EC317F4A3C-LeaderStateImpl" daemon prio=5 tid=1320 timed_waiting
java.lang.Thread.State: TIMED_WAITING
        at sun.misc.Unsafe.park(Native Method)
        at java.util.concurrent.locks.LockSupport.parkNanos(LockSupport.java:215)
        at java.util.concurrent.locks.AbstractQueuedSynchronizer$ConditionObject.awaitNanos(AbstractQueuedSynchronizer.java:2078)
        at java.util.concurrent.ArrayBlockingQueue.poll(ArrayBlockingQueue.java:418)
        at org.apache.ratis.server.impl.LeaderStateImpl$EventQueue.poll(LeaderStateImpl.java:164)
        at org.apache.ratis.server.impl.LeaderStateImpl$EventProcessor.run(LeaderStateImpl.java:702)
"18227f38-d602-4438-971e-c9cd287df9cb@group-DF79F62058F4-FollowerState" daemon prio=5 tid=964 timed_waiting
java.lang.Thread.State: TIMED_WAITING
        at java.lang.Thread.sleep(Native Method)
        at java.lang.Thread.sleep(Thread.java:342)
        at java.util.concurrent.TimeUnit.sleep(TimeUnit.java:386)
        at org.apache.ratis.util.TimeDuration.sleep(TimeDuration.java:325)
        at org.apache.ratis.util.TimeDuration.sleep(TimeDuration.java:310)
        at org.apache.ratis.server.impl.FollowerState.run(FollowerState.java:128)
"IPC Server handler 16 on default port 15004" daemon prio=5 tid=181 timed_waiting
java.lang.Thread.State: TIMED_WAITING
        at sun.misc.Unsafe.park(Native Method)
        at java.util.concurrent.locks.LockSupport.parkNanos(LockSupport.java:215)
        at java.util.concurrent.locks.AbstractQueuedSynchronizer$ConditionObject.awaitNanos(AbstractQueuedSynchronizer.java:2078)
        at java.util.concurrent.LinkedBlockingQueue.poll(LinkedBlockingQueue.java:467)
        at org.apache.hadoop.ipc.CallQueueManager.take(CallQueueManager.java:317)
        at org.apache.hadoop.ipc.Server$Handler.run(Server.java:3014)
"IPC Server handler 0 on default port 15002" daemon prio=5 tid=91 timed_waiting
java.lang.Thread.State: TIMED_WAITING
        at sun.misc.Unsafe.park(Native Method)
        at java.util.concurrent.locks.LockSupport.parkNanos(LockSupport.java:215)
        at java.util.concurrent.locks.AbstractQueuedSynchronizer$ConditionObject.awaitNanos(AbstractQueuedSynchronizer.java:2078)
        at java.util.concurrent.LinkedBlockingQueue.poll(LinkedBlockingQueue.java:467)
        at org.apache.hadoop.ipc.CallQueueManager.take(CallQueueManager.java:317)
        at org.apache.hadoop.ipc.Server$Handler.run(Server.java:3014)
"timer3" daemon prio=5 tid=912 timed_waiting
java.lang.Thread.State: TIMED_WAITING
        at java.lang.Object.wait(Native Method)
        at java.util.TimerThread.mainLoop(Timer.java:552)
        at java.util.TimerThread.run(Timer.java:505)
"4cee0e49-9f18-41f8-8e67-157ccbc15955-DatanodeReportManager-1" daemon prio=5 tid=326 timed_waiting
java.lang.Thread.State: TIMED_WAITING
        at sun.misc.Unsafe.park(Native Method)
        at java.util.concurrent.locks.LockSupport.parkNanos(LockSupport.java:215)
        at java.util.concurrent.locks.AbstractQueuedSynchronizer$ConditionObject.awaitNanos(AbstractQueuedSynchronizer.java:2078)
        at java.util.concurrent.ScheduledThreadPoolExecutor$DelayedWorkQueue.take(ScheduledThreadPoolExecutor.java:1093)
        at java.util.concurrent.ScheduledThreadPoolExecutor$DelayedWorkQueue.take(ScheduledThreadPoolExecutor.java:809)
        at java.util.concurrent.ThreadPoolExecutor.getTask(ThreadPoolExecutor.java:1074)
        at java.util.concurrent.ThreadPoolExecutor.runWorker(ThreadPoolExecutor.java:1134)
        at java.util.concurrent.ThreadPoolExecutor$Worker.run(ThreadPoolExecutor.java:624)
        at java.lang.Thread.run(Thread.java:750)
"qtp830753455-368-acceptor-0@b1f9a9b-ServerConnector@7ed96efa{HTTP/1.1, (http/1.1)}{0.0.0.0:15063}" daemon prio=3 tid=368 runnable
java.lang.Thread.State: RUNNABLE
        at sun.nio.ch.ServerSocketChannelImpl.accept0(Native Method)
        at sun.nio.ch.ServerSocketChannelImpl.accept(ServerSocketChannelImpl.java:421)
        at sun.nio.ch.ServerSocketChannelImpl.accept(ServerSocketChannelImpl.java:249)
        at org.eclipse.jetty.server.ServerConnector.accept(ServerConnector.java:388)
        at org.eclipse.jetty.server.AbstractConnector$Acceptor.run(AbstractConnector.java:704)
        at org.eclipse.jetty.util.thread.QueuedThreadPool.runJob(QueuedThreadPool.java:883)
        at org.eclipse.jetty.util.thread.QueuedThreadPool$Runner.run(QueuedThreadPool.java:1034)
        at java.lang.Thread.run(Thread.java:750)
"0eeb79a9-13fd-416c-b2a7-6f654c6b5029-DatanodeReportManager-1" daemon prio=5 tid=239 in Object.wait()
java.lang.Thread.State: WAITING (on object monitor)
        at sun.misc.Unsafe.park(Native Method)
        at java.util.concurrent.locks.LockSupport.park(LockSupport.java:175)
        at java.util.concurrent.locks.AbstractQueuedSynchronizer$ConditionObject.await(AbstractQueuedSynchronizer.java:2039)
        at java.util.concurrent.ScheduledThreadPoolExecutor$DelayedWorkQueue.take(ScheduledThreadPoolExecutor.java:1088)
        at java.util.concurrent.ScheduledThreadPoolExecutor$DelayedWorkQueue.take(ScheduledThreadPoolExecutor.java:809)
        at java.util.concurrent.ThreadPoolExecutor.getTask(ThreadPoolExecutor.java:1074)
        at java.util.concurrent.ThreadPoolExecutor.runWorker(ThreadPoolExecutor.java:1134)
        at java.util.concurrent.ThreadPoolExecutor$Worker.run(ThreadPoolExecutor.java:624)
        at java.lang.Thread.run(Thread.java:750)
"5f7d9b36-4620-4ba9-8a78-929bd6ddd1f9-ChunkReader-9" daemon prio=5 tid=1445 in Object.wait()
java.lang.Thread.State: WAITING (on object monitor)
        at sun.misc.Unsafe.park(Native Method)
        at java.util.concurrent.locks.LockSupport.park(LockSupport.java:175)
        at java.util.concurrent.locks.AbstractQueuedSynchronizer$ConditionObject.await(AbstractQueuedSynchronizer.java:2039)
        at java.util.concurrent.LinkedBlockingQueue.take(LinkedBlockingQueue.java:442)
        at java.util.concurrent.ThreadPoolExecutor.getTask(ThreadPoolExecutor.java:1074)
        at java.util.concurrent.ThreadPoolExecutor.runWorker(ThreadPoolExecutor.java:1134)
        at java.util.concurrent.ThreadPoolExecutor$Worker.run(ThreadPoolExecutor.java:624)
        at java.lang.Thread.run(Thread.java:750)
"fedf11b8-0957-422e-880a-91cc26979c7a-server-thread2" daemon prio=5 tid=1302 timed_waiting
java.lang.Thread.State: TIMED_WAITING
        at sun.misc.Unsafe.park(Native Method)
        at java.util.concurrent.locks.LockSupport.parkNanos(LockSupport.java:215)
        at java.util.concurrent.SynchronousQueue$TransferStack.awaitFulfill(SynchronousQueue.java:460)
        at java.util.concurrent.SynchronousQueue$TransferStack.transfer(SynchronousQueue.java:362)
        at java.util.concurrent.SynchronousQueue.poll(SynchronousQueue.java:941)
        at java.util.concurrent.ThreadPoolExecutor.getTask(ThreadPoolExecutor.java:1073)
        at java.util.concurrent.ThreadPoolExecutor.runWorker(ThreadPoolExecutor.java:1134)
        at java.util.concurrent.ThreadPoolExecutor$Worker.run(ThreadPoolExecutor.java:624)
        at java.lang.Thread.run(Thread.java:750)
"qtp2015427223-282" daemon prio=5 tid=282 timed_waiting
java.lang.Thread.State: TIMED_WAITING
        at sun.misc.Unsafe.park(Native Method)
        at java.util.concurrent.locks.LockSupport.parkNanos(LockSupport.java:215)
        at java.util.concurrent.locks.AbstractQueuedSynchronizer$ConditionObject.awaitNanos(AbstractQueuedSynchronizer.java:2078)
        at org.eclipse.jetty.util.BlockingArrayQueue.poll(BlockingArrayQueue.java:382)
        at org.eclipse.jetty.util.thread.QueuedThreadPool$Runner.idleJobPoll(QueuedThreadPool.java:974)
        at org.eclipse.jetty.util.thread.QueuedThreadPool$Runner.run(QueuedThreadPool.java:1018)
        at java.lang.Thread.run(Thread.java:750)
"qtp491457031-119" daemon prio=5 tid=119 timed_waiting
java.lang.Thread.State: TIMED_WAITING
        at sun.misc.Unsafe.park(Native Method)
        at java.util.concurrent.locks.LockSupport.parkNanos(LockSupport.java:215)
        at java.util.concurrent.locks.AbstractQueuedSynchronizer$ConditionObject.awaitNanos(AbstractQueuedSynchronizer.java:2078)
        at org.eclipse.jetty.util.BlockingArrayQueue.poll(BlockingArrayQueue.java:382)
        at org.eclipse.jetty.util.thread.QueuedThreadPool$Runner.idleJobPoll(QueuedThreadPool.java:974)
        at org.eclipse.jetty.util.thread.QueuedThreadPool$Runner.run(QueuedThreadPool.java:1018)
        at java.lang.Thread.run(Thread.java:750)
"92ba0aed-1dcc-4895-b5bb-fc45f440be2e@group-B0F7BFBF7B06-SegmentedRaftLogWorker"  prio=5 tid=695 timed_waiting
java.lang.Thread.State: TIMED_WAITING
        at sun.misc.Unsafe.park(Native Method)
        at java.util.concurrent.locks.LockSupport.parkNanos(LockSupport.java:215)
        at java.util.concurrent.locks.AbstractQueuedSynchronizer$ConditionObject.awaitNanos(AbstractQueuedSynchronizer.java:2078)
        at org.apache.ratis.util.DataBlockingQueue.poll(DataBlockingQueue.java:148)
        at org.apache.ratis.server.raftlog.segmented.SegmentedRaftLogWorker.run(SegmentedRaftLogWorker.java:307)
        at org.apache.ratis.server.raftlog.segmented.SegmentedRaftLogWorker$$Lambda$819/704615668.run(Unknown Source)
        at java.util.concurrent.Executors$RunnableAdapter.call(Executors.java:511)
        at java.util.concurrent.FutureTask.run(FutureTask.java:266)
        at java.util.concurrent.ThreadPoolExecutor.runWorker(ThreadPoolExecutor.java:1149)
        at java.util.concurrent.ThreadPoolExecutor$Worker.run(ThreadPoolExecutor.java:624)
        at java.lang.Thread.run(Thread.java:750)
"IPC Server handler 17 on default port 15000" daemon prio=5 tid=68 timed_waiting
java.lang.Thread.State: TIMED_WAITING
        at sun.misc.Unsafe.park(Native Method)
        at java.util.concurrent.locks.LockSupport.parkNanos(LockSupport.java:215)
        at java.util.concurrent.locks.AbstractQueuedSynchronizer$ConditionObject.awaitNanos(AbstractQueuedSynchronizer.java:2078)
        at java.util.concurrent.LinkedBlockingQueue.poll(LinkedBlockingQueue.java:467)
        at org.apache.hadoop.ipc.CallQueueManager.take(CallQueueManager.java:317)
        at org.apache.hadoop.ipc.Server$Handler.run(Server.java:3014)
"StaleRecoveringContainerScrubbingService#6" daemon prio=5 tid=1328 in Object.wait()
java.lang.Thread.State: WAITING (on object monitor)
        at sun.misc.Unsafe.park(Native Method)
        at java.util.concurrent.locks.LockSupport.park(LockSupport.java:175)
        at java.util.concurrent.locks.AbstractQueuedSynchronizer$ConditionObject.await(AbstractQueuedSynchronizer.java:2039)
        at java.util.concurrent.ScheduledThreadPoolExecutor$DelayedWorkQueue.take(ScheduledThreadPoolExecutor.java:1088)
        at java.util.concurrent.ScheduledThreadPoolExecutor$DelayedWorkQueue.take(ScheduledThreadPoolExecutor.java:809)
        at java.util.concurrent.ThreadPoolExecutor.getTask(ThreadPoolExecutor.java:1074)
        at java.util.concurrent.ThreadPoolExecutor.runWorker(ThreadPoolExecutor.java:1134)
        at java.util.concurrent.ThreadPoolExecutor$Worker.run(ThreadPoolExecutor.java:624)
        at java.lang.Thread.run(Thread.java:750)
"d9016e39-0130-4fd9-896a-cac3c2785d02@group-52AF94BE594D-StateMachineUpdater" daemon prio=5 tid=1271 timed_waiting
java.lang.Thread.State: TIMED_WAITING
        at sun.misc.Unsafe.park(Native Method)
        at java.util.concurrent.locks.LockSupport.parkNanos(LockSupport.java:215)
        at java.util.concurrent.locks.AbstractQueuedSynchronizer$ConditionObject.await(AbstractQueuedSynchronizer.java:2163)
        at org.apache.ratis.util.AwaitForSignal.await(AwaitForSignal.java:62)
        at org.apache.ratis.server.impl.StateMachineUpdater.waitForCommit(StateMachineUpdater.java:209)
        at org.apache.ratis.server.impl.StateMachineUpdater.run(StateMachineUpdater.java:178)
        at java.lang.Thread.run(Thread.java:750)
"d9016e39-0130-4fd9-896a-cac3c2785d02-BlockDeletingService#3" daemon prio=5 tid=1490 in Object.wait()
java.lang.Thread.State: WAITING (on object monitor)
        at sun.misc.Unsafe.park(Native Method)
        at java.util.concurrent.locks.LockSupport.park(LockSupport.java:175)
        at java.util.concurrent.locks.AbstractQueuedSynchronizer$ConditionObject.await(AbstractQueuedSynchronizer.java:2039)
        at java.util.concurrent.ScheduledThreadPoolExecutor$DelayedWorkQueue.take(ScheduledThreadPoolExecutor.java:1088)
        at java.util.concurrent.ScheduledThreadPoolExecutor$DelayedWorkQueue.take(ScheduledThreadPoolExecutor.java:809)
        at java.util.concurrent.ThreadPoolExecutor.getTask(ThreadPoolExecutor.java:1074)
        at java.util.concurrent.ThreadPoolExecutor.runWorker(ThreadPoolExecutor.java:1134)
        at java.util.concurrent.ThreadPoolExecutor$Worker.run(ThreadPoolExecutor.java:624)
        at java.lang.Thread.run(Thread.java:750)
"d9016e39-0130-4fd9-896a-cac3c2785d02-CommandProcessorThread" daemon prio=5 tid=1199 timed_waiting
java.lang.Thread.State: TIMED_WAITING
        at java.lang.Thread.sleep(Native Method)
        at org.apache.hadoop.ozone.container.common.statemachine.DatanodeStateMachine.lambda$initCommandHandlerThread$4(DatanodeStateMachine.java:684)
        at org.apache.hadoop.ozone.container.common.statemachine.DatanodeStateMachine$$Lambda$927/756418972.run(Unknown Source)
        at java.lang.Thread.run(Thread.java:750)
"0eeb79a9-13fd-416c-b2a7-6f654c6b5029-DatanodeReportManager-3" daemon prio=5 tid=241 timed_waiting
java.lang.Thread.State: TIMED_WAITING
        at sun.misc.Unsafe.park(Native Method)
        at java.util.concurrent.locks.LockSupport.parkNanos(LockSupport.java:215)
        at java.util.concurrent.locks.AbstractQueuedSynchronizer$ConditionObject.awaitNanos(AbstractQueuedSynchronizer.java:2078)
        at java.util.concurrent.ScheduledThreadPoolExecutor$DelayedWorkQueue.take(ScheduledThreadPoolExecutor.java:1093)
        at java.util.concurrent.ScheduledThreadPoolExecutor$DelayedWorkQueue.take(ScheduledThreadPoolExecutor.java:809)
        at java.util.concurrent.ThreadPoolExecutor.getTask(ThreadPoolExecutor.java:1074)
        at java.util.concurrent.ThreadPoolExecutor.runWorker(ThreadPoolExecutor.java:1134)
        at java.util.concurrent.ThreadPoolExecutor$Worker.run(ThreadPoolExecutor.java:624)
        at java.lang.Thread.run(Thread.java:750)
"IPC Server handler 6 on default port 15004" daemon prio=5 tid=171 timed_waiting
java.lang.Thread.State: TIMED_WAITING
        at sun.misc.Unsafe.park(Native Method)
        at java.util.concurrent.locks.LockSupport.parkNanos(LockSupport.java:215)
        at java.util.concurrent.locks.AbstractQueuedSynchronizer$ConditionObject.awaitNanos(AbstractQueuedSynchronizer.java:2078)
        at java.util.concurrent.LinkedBlockingQueue.poll(LinkedBlockingQueue.java:467)
        at org.apache.hadoop.ipc.CallQueueManager.take(CallQueueManager.java:317)
        at org.apache.hadoop.ipc.Server$Handler.run(Server.java:3014)
"4cee0e49-9f18-41f8-8e67-157ccbc15955-DatanodeReportManager-2" daemon prio=5 tid=327 in Object.wait()
java.lang.Thread.State: WAITING (on object monitor)
        at sun.misc.Unsafe.park(Native Method)
        at java.util.concurrent.locks.LockSupport.park(LockSupport.java:175)
        at java.util.concurrent.locks.AbstractQueuedSynchronizer$ConditionObject.await(AbstractQueuedSynchronizer.java:2039)
        at java.util.concurrent.ScheduledThreadPoolExecutor$DelayedWorkQueue.take(ScheduledThreadPoolExecutor.java:1088)
        at java.util.concurrent.ScheduledThreadPoolExecutor$DelayedWorkQueue.take(ScheduledThreadPoolExecutor.java:809)
        at java.util.concurrent.ThreadPoolExecutor.getTask(ThreadPoolExecutor.java:1074)
        at java.util.concurrent.ThreadPoolExecutor.runWorker(ThreadPoolExecutor.java:1134)
        at java.util.concurrent.ThreadPoolExecutor$Worker.run(ThreadPoolExecutor.java:624)
        at java.lang.Thread.run(Thread.java:750)
"4cee0e49-9f18-41f8-8e67-157ccbc15955-BlockDeletingService#1" daemon prio=5 tid=553 in Object.wait()
java.lang.Thread.State: WAITING (on object monitor)
        at sun.misc.Unsafe.park(Native Method)
        at java.util.concurrent.locks.LockSupport.park(LockSupport.java:175)
        at java.util.concurrent.locks.AbstractQueuedSynchronizer$ConditionObject.await(AbstractQueuedSynchronizer.java:2039)
        at java.util.concurrent.ScheduledThreadPoolExecutor$DelayedWorkQueue.take(ScheduledThreadPoolExecutor.java:1088)
        at java.util.concurrent.ScheduledThreadPoolExecutor$DelayedWorkQueue.take(ScheduledThreadPoolExecutor.java:809)
        at java.util.concurrent.ThreadPoolExecutor.getTask(ThreadPoolExecutor.java:1074)
        at java.util.concurrent.ThreadPoolExecutor.runWorker(ThreadPoolExecutor.java:1134)
        at java.util.concurrent.ThreadPoolExecutor$Worker.run(ThreadPoolExecutor.java:624)
        at java.lang.Thread.run(Thread.java:750)
"qtp1789087814-1180" daemon prio=5 tid=1180 timed_waiting
java.lang.Thread.State: TIMED_WAITING
        at sun.misc.Unsafe.park(Native Method)
        at java.util.concurrent.locks.LockSupport.parkNanos(LockSupport.java:215)
        at java.util.concurrent.locks.AbstractQueuedSynchronizer$ConditionObject.awaitNanos(AbstractQueuedSynchronizer.java:2078)
        at org.eclipse.jetty.util.BlockingArrayQueue.poll(BlockingArrayQueue.java:382)
        at org.eclipse.jetty.util.thread.QueuedThreadPool$Runner.idleJobPoll(QueuedThreadPool.java:974)
        at org.eclipse.jetty.util.thread.QueuedThreadPool$Runner.run(QueuedThreadPool.java:1018)
        at java.lang.Thread.run(Thread.java:750)
"StaleRecoveringContainerScrubbingService#9" daemon prio=5 tid=1476 in Object.wait()
java.lang.Thread.State: WAITING (on object monitor)
        at sun.misc.Unsafe.park(Native Method)
        at java.util.concurrent.locks.LockSupport.park(LockSupport.java:175)
        at java.util.concurrent.locks.AbstractQueuedSynchronizer$ConditionObject.await(AbstractQueuedSynchronizer.java:2039)
        at java.util.concurrent.ScheduledThreadPoolExecutor$DelayedWorkQueue.take(ScheduledThreadPoolExecutor.java:1088)
        at java.util.concurrent.ScheduledThreadPoolExecutor$DelayedWorkQueue.take(ScheduledThreadPoolExecutor.java:809)
        at java.util.concurrent.ThreadPoolExecutor.getTask(ThreadPoolExecutor.java:1074)
        at java.util.concurrent.ThreadPoolExecutor.runWorker(ThreadPoolExecutor.java:1134)
        at java.util.concurrent.ThreadPoolExecutor$Worker.run(ThreadPoolExecutor.java:624)
        at java.lang.Thread.run(Thread.java:750)
"StaleRecoveringContainerScrubbingService#8" daemon prio=5 tid=1440 in Object.wait()
java.lang.Thread.State: WAITING (on object monitor)
        at sun.misc.Unsafe.park(Native Method)
        at java.util.concurrent.locks.LockSupport.park(LockSupport.java:175)
        at java.util.concurrent.locks.AbstractQueuedSynchronizer$ConditionObject.await(AbstractQueuedSynchronizer.java:2039)
        at java.util.concurrent.ScheduledThreadPoolExecutor$DelayedWorkQueue.take(ScheduledThreadPoolExecutor.java:1088)
        at java.util.concurrent.ScheduledThreadPoolExecutor$DelayedWorkQueue.take(ScheduledThreadPoolExecutor.java:809)
        at java.util.concurrent.ThreadPoolExecutor.getTask(ThreadPoolExecutor.java:1074)
        at java.util.concurrent.ThreadPoolExecutor.runWorker(ThreadPoolExecutor.java:1134)
        at java.util.concurrent.ThreadPoolExecutor$Worker.run(ThreadPoolExecutor.java:624)
        at java.lang.Thread.run(Thread.java:750)
"fadd24ee-4463-4420-97cf-bdd350ad83ae@group-BD8DE2487517-SegmentedRaftLogWorker"  prio=5 tid=677 timed_waiting
java.lang.Thread.State: TIMED_WAITING
        at sun.misc.Unsafe.park(Native Method)
        at java.util.concurrent.locks.LockSupport.parkNanos(LockSupport.java:215)
        at java.util.concurrent.locks.AbstractQueuedSynchronizer$ConditionObject.awaitNanos(AbstractQueuedSynchronizer.java:2078)
        at org.apache.ratis.util.DataBlockingQueue.poll(DataBlockingQueue.java:148)
        at org.apache.ratis.server.raftlog.segmented.SegmentedRaftLogWorker.run(SegmentedRaftLogWorker.java:307)
        at org.apache.ratis.server.raftlog.segmented.SegmentedRaftLogWorker$$Lambda$819/704615668.run(Unknown Source)
        at java.util.concurrent.Executors$RunnableAdapter.call(Executors.java:511)
        at java.util.concurrent.FutureTask.run(FutureTask.java:266)
        at java.util.concurrent.ThreadPoolExecutor.runWorker(ThreadPoolExecutor.java:1149)
        at java.util.concurrent.ThreadPoolExecutor$Worker.run(ThreadPoolExecutor.java:624)
        at java.lang.Thread.run(Thread.java:750)
"0eeb79a9-13fd-416c-b2a7-6f654c6b5029-DatanodeStateMachineTaskThread-0"  prio=5 tid=244 in Object.wait()
java.lang.Thread.State: WAITING (on object monitor)
        at sun.misc.Unsafe.park(Native Method)
        at java.util.concurrent.locks.LockSupport.park(LockSupport.java:175)
        at java.util.concurrent.locks.AbstractQueuedSynchronizer$ConditionObject.await(AbstractQueuedSynchronizer.java:2039)
        at java.util.concurrent.LinkedBlockingQueue.take(LinkedBlockingQueue.java:442)
        at java.util.concurrent.ThreadPoolExecutor.getTask(ThreadPoolExecutor.java:1074)
        at java.util.concurrent.ThreadPoolExecutor.runWorker(ThreadPoolExecutor.java:1134)
        at java.util.concurrent.ThreadPoolExecutor$Worker.run(ThreadPoolExecutor.java:624)
        at java.lang.Thread.run(Thread.java:750)
"org.apache.hadoop.ozone.container.common.statemachine.commandhandler.DeleteBlocksCommandHandler$DeleteCmdWorker@5b04452" daemon prio=5 tid=1176 timed_waiting
java.lang.Thread.State: TIMED_WAITING
        at java.lang.Thread.sleep(Native Method)
        at org.apache.hadoop.ozone.container.common.statemachine.commandhandler.DeleteBlocksCommandHandler$DeleteCmdWorker.run(DeleteBlocksCommandHandler.java:237)
        at java.lang.Thread.run(Thread.java:750)
"EventQueue-PipelineReportForOneReplicaPipelineSafeModeRule" daemon prio=5 tid=635 in Object.wait()
java.lang.Thread.State: WAITING (on object monitor)
        at sun.misc.Unsafe.park(Native Method)
        at java.util.concurrent.locks.LockSupport.park(LockSupport.java:175)
        at java.util.concurrent.locks.AbstractQueuedSynchronizer$ConditionObject.await(AbstractQueuedSynchronizer.java:2039)
        at java.util.concurrent.LinkedBlockingQueue.take(LinkedBlockingQueue.java:442)
        at java.util.concurrent.ThreadPoolExecutor.getTask(ThreadPoolExecutor.java:1074)
        at java.util.concurrent.ThreadPoolExecutor.runWorker(ThreadPoolExecutor.java:1134)
        at java.util.concurrent.ThreadPoolExecutor$Worker.run(ThreadPoolExecutor.java:624)
        at java.lang.Thread.run(Thread.java:750)
"0e92623e-4dcf-4eff-ae25-f8b8c2de319b-ChunkReader-6" daemon prio=5 tid=1160 in Object.wait()
java.lang.Thread.State: WAITING (on object monitor)
        at sun.misc.Unsafe.park(Native Method)
        at java.util.concurrent.locks.LockSupport.park(LockSupport.java:175)
        at java.util.concurrent.locks.AbstractQueuedSynchronizer$ConditionObject.await(AbstractQueuedSynchronizer.java:2039)
        at java.util.concurrent.LinkedBlockingQueue.take(LinkedBlockingQueue.java:442)
        at java.util.concurrent.ThreadPoolExecutor.getTask(ThreadPoolExecutor.java:1074)
        at java.util.concurrent.ThreadPoolExecutor.runWorker(ThreadPoolExecutor.java:1134)
        at java.util.concurrent.ThreadPoolExecutor$Worker.run(ThreadPoolExecutor.java:624)
        at java.lang.Thread.run(Thread.java:750)
"4cee0e49-9f18-41f8-8e67-157ccbc15955-ChunkWriter-0-0" daemon prio=5 tid=544 in Object.wait()
java.lang.Thread.State: WAITING (on object monitor)
        at sun.misc.Unsafe.park(Native Method)
        at java.util.concurrent.locks.LockSupport.park(LockSupport.java:175)
        at java.util.concurrent.locks.AbstractQueuedSynchronizer$ConditionObject.await(AbstractQueuedSynchronizer.java:2039)
        at java.util.concurrent.LinkedBlockingDeque.takeFirst(LinkedBlockingDeque.java:492)
        at java.util.concurrent.LinkedBlockingDeque.take(LinkedBlockingDeque.java:680)
        at java.util.concurrent.ThreadPoolExecutor.getTask(ThreadPoolExecutor.java:1074)
        at java.util.concurrent.ThreadPoolExecutor.runWorker(ThreadPoolExecutor.java:1134)
        at java.util.concurrent.ThreadPoolExecutor$Worker.run(ThreadPoolExecutor.java:624)
        at java.lang.Thread.run(Thread.java:750)
"fadd24ee-4463-4420-97cf-bdd350ad83ae-BlockDeletingService#0" daemon prio=5 tid=535 timed_waiting
java.lang.Thread.State: TIMED_WAITING
        at sun.misc.Unsafe.park(Native Method)
        at java.util.concurrent.locks.LockSupport.parkNanos(LockSupport.java:215)
        at java.util.concurrent.locks.AbstractQueuedSynchronizer$ConditionObject.awaitNanos(AbstractQueuedSynchronizer.java:2078)
        at java.util.concurrent.ScheduledThreadPoolExecutor$DelayedWorkQueue.take(ScheduledThreadPoolExecutor.java:1093)
        at java.util.concurrent.ScheduledThreadPoolExecutor$DelayedWorkQueue.take(ScheduledThreadPoolExecutor.java:809)
        at java.util.concurrent.ThreadPoolExecutor.getTask(ThreadPoolExecutor.java:1074)
        at java.util.concurrent.ThreadPoolExecutor.runWorker(ThreadPoolExecutor.java:1134)
        at java.util.concurrent.ThreadPoolExecutor$Worker.run(ThreadPoolExecutor.java:624)
        at java.lang.Thread.run(Thread.java:750)
"18227f38-d602-4438-971e-c9cd287df9cb@group-6DBCDF991ECB->5f7d9b36-4620-4ba9-8a78-929bd6ddd1f9-GrpcLogAppender-LogAppenderDaemon" daemon prio=5 tid=1025 timed_waiting
java.lang.Thread.State: TIMED_WAITING
        at sun.misc.Unsafe.park(Native Method)
        at java.util.concurrent.locks.LockSupport.parkNanos(LockSupport.java:215)
        at java.util.concurrent.locks.AbstractQueuedSynchronizer$ConditionObject.await(AbstractQueuedSynchronizer.java:2163)
        at org.apache.ratis.util.AwaitForSignal.await(AwaitForSignal.java:62)
        at org.apache.ratis.grpc.server.GrpcLogAppender.mayWait(GrpcLogAppender.java:197)
        at org.apache.ratis.grpc.server.GrpcLogAppender.run(GrpcLogAppender.java:148)
        at org.apache.ratis.server.leader.LogAppenderDaemon.run(LogAppenderDaemon.java:78)
        at org.apache.ratis.server.leader.LogAppenderDaemon$$Lambda$1246/2075727611.run(Unknown Source)
        at java.lang.Thread.run(Thread.java:750)
"pool-272-thread-1"  prio=5 tid=395 timed_waiting
java.lang.Thread.State: TIMED_WAITING
        at sun.misc.Unsafe.park(Native Method)
        at java.util.concurrent.locks.LockSupport.parkNanos(LockSupport.java:215)
        at java.util.concurrent.locks.AbstractQueuedSynchronizer$ConditionObject.awaitNanos(AbstractQueuedSynchronizer.java:2078)
        at java.util.concurrent.ScheduledThreadPoolExecutor$DelayedWorkQueue.take(ScheduledThreadPoolExecutor.java:1093)
        at java.util.concurrent.ScheduledThreadPoolExecutor$DelayedWorkQueue.take(ScheduledThreadPoolExecutor.java:809)
        at java.util.concurrent.ThreadPoolExecutor.getTask(ThreadPoolExecutor.java:1074)
        at java.util.concurrent.ThreadPoolExecutor.runWorker(ThreadPoolExecutor.java:1134)
        at java.util.concurrent.ThreadPoolExecutor$Worker.run(ThreadPoolExecutor.java:624)
        at java.lang.Thread.run(Thread.java:750)
"fadd24ee-4463-4420-97cf-bdd350ad83ae-DatanodeReportManager-1" daemon prio=5 tid=297 timed_waiting
java.lang.Thread.State: TIMED_WAITING
        at sun.misc.Unsafe.park(Native Method)
        at java.util.concurrent.locks.LockSupport.parkNanos(LockSupport.java:215)
        at java.util.concurrent.locks.AbstractQueuedSynchronizer$ConditionObject.awaitNanos(AbstractQueuedSynchronizer.java:2078)
        at java.util.concurrent.ScheduledThreadPoolExecutor$DelayedWorkQueue.take(ScheduledThreadPoolExecutor.java:1093)
        at java.util.concurrent.ScheduledThreadPoolExecutor$DelayedWorkQueue.take(ScheduledThreadPoolExecutor.java:809)
        at java.util.concurrent.ThreadPoolExecutor.getTask(ThreadPoolExecutor.java:1074)
        at java.util.concurrent.ThreadPoolExecutor.runWorker(ThreadPoolExecutor.java:1134)
        at java.util.concurrent.ThreadPoolExecutor$Worker.run(ThreadPoolExecutor.java:624)
        at java.lang.Thread.run(Thread.java:750)
"0e92623e-4dcf-4eff-ae25-f8b8c2de319b-ChunkReader-0" daemon prio=5 tid=1040 in Object.wait()
java.lang.Thread.State: WAITING (on object monitor)
        at sun.misc.Unsafe.park(Native Method)
        at java.util.concurrent.locks.LockSupport.park(LockSupport.java:175)
        at java.util.concurrent.locks.AbstractQueuedSynchronizer$ConditionObject.await(AbstractQueuedSynchronizer.java:2039)
        at java.util.concurrent.LinkedBlockingQueue.take(LinkedBlockingQueue.java:442)
        at java.util.concurrent.ThreadPoolExecutor.getTask(ThreadPoolExecutor.java:1074)
        at java.util.concurrent.ThreadPoolExecutor.runWorker(ThreadPoolExecutor.java:1134)
        at java.util.concurrent.ThreadPoolExecutor$Worker.run(ThreadPoolExecutor.java:624)
        at java.lang.Thread.run(Thread.java:750)
"EventQueue-CloseContainerForCloseContainerEventHandler" daemon prio=5 tid=1104 in Object.wait()
java.lang.Thread.State: WAITING (on object monitor)
        at sun.misc.Unsafe.park(Native Method)
        at java.util.concurrent.locks.LockSupport.park(LockSupport.java:175)
        at java.util.concurrent.locks.AbstractQueuedSynchronizer$ConditionObject.await(AbstractQueuedSynchronizer.java:2039)
        at java.util.concurrent.LinkedBlockingQueue.take(LinkedBlockingQueue.java:442)
        at java.util.concurrent.ThreadPoolExecutor.getTask(ThreadPoolExecutor.java:1074)
        at java.util.concurrent.ThreadPoolExecutor.runWorker(ThreadPoolExecutor.java:1134)
        at java.util.concurrent.ThreadPoolExecutor$Worker.run(ThreadPoolExecutor.java:624)
        at java.lang.Thread.run(Thread.java:750)
"IPC Server handler 3 on default port 15000" daemon prio=5 tid=54 timed_waiting
java.lang.Thread.State: TIMED_WAITING
        at sun.misc.Unsafe.park(Native Method)
        at java.util.concurrent.locks.LockSupport.parkNanos(LockSupport.java:215)
        at java.util.concurrent.locks.AbstractQueuedSynchronizer$ConditionObject.awaitNanos(AbstractQueuedSynchronizer.java:2078)
        at java.util.concurrent.LinkedBlockingQueue.poll(LinkedBlockingQueue.java:467)
        at org.apache.hadoop.ipc.CallQueueManager.take(CallQueueManager.java:317)
        at org.apache.hadoop.ipc.Server$Handler.run(Server.java:3014)
"IPC Server handler 14 on default port 15001" daemon prio=5 tid=85 timed_waiting
java.lang.Thread.State: TIMED_WAITING
        at sun.misc.Unsafe.park(Native Method)
        at java.util.concurrent.locks.LockSupport.parkNanos(LockSupport.java:215)
        at java.util.concurrent.locks.AbstractQueuedSynchronizer$ConditionObject.awaitNanos(AbstractQueuedSynchronizer.java:2078)
        at java.util.concurrent.LinkedBlockingQueue.poll(LinkedBlockingQueue.java:467)
        at org.apache.hadoop.ipc.CallQueueManager.take(CallQueueManager.java:317)
        at org.apache.hadoop.ipc.Server$Handler.run(Server.java:3014)
"4cee0e49-9f18-41f8-8e67-157ccbc15955-BlockDeletingService#3" daemon prio=5 tid=1480 in Object.wait()
java.lang.Thread.State: WAITING (on object monitor)
        at sun.misc.Unsafe.park(Native Method)
        at java.util.concurrent.locks.LockSupport.park(LockSupport.java:175)
        at java.util.concurrent.locks.AbstractQueuedSynchronizer$ConditionObject.await(AbstractQueuedSynchronizer.java:2039)
        at java.util.concurrent.ScheduledThreadPoolExecutor$DelayedWorkQueue.take(ScheduledThreadPoolExecutor.java:1088)
        at java.util.concurrent.ScheduledThreadPoolExecutor$DelayedWorkQueue.take(ScheduledThreadPoolExecutor.java:809)
        at java.util.concurrent.ThreadPoolExecutor.getTask(ThreadPoolExecutor.java:1074)
        at java.util.concurrent.ThreadPoolExecutor.runWorker(ThreadPoolExecutor.java:1134)
        at java.util.concurrent.ThreadPoolExecutor$Worker.run(ThreadPoolExecutor.java:624)
        at java.lang.Thread.run(Thread.java:750)
"IPC Server handler 10 on default port 15000" daemon prio=5 tid=61 timed_waiting
java.lang.Thread.State: TIMED_WAITING
        at sun.misc.Unsafe.park(Native Method)
        at java.util.concurrent.locks.LockSupport.parkNanos(LockSupport.java:215)
        at java.util.concurrent.locks.AbstractQueuedSynchronizer$ConditionObject.awaitNanos(AbstractQueuedSynchronizer.java:2078)
        at java.util.concurrent.LinkedBlockingQueue.poll(LinkedBlockingQueue.java:467)
        at org.apache.hadoop.ipc.CallQueueManager.take(CallQueueManager.java:317)
        at org.apache.hadoop.ipc.Server$Handler.run(Server.java:3014)
"OverReplicatedProcessor" daemon prio=5 tid=1412 timed_waiting
java.lang.Thread.State: TIMED_WAITING
        at java.lang.Object.wait(Native Method)
        at org.apache.hadoop.hdds.scm.container.replication.UnhealthyReplicationProcessor.run(UnhealthyReplicationProcessor.java:174)
        at java.lang.Thread.run(Thread.java:750)
"PartialTableCache-Cleanup-0" daemon prio=5 tid=1060 in Object.wait()
java.lang.Thread.State: WAITING (on object monitor)
        at sun.misc.Unsafe.park(Native Method)
        at java.util.concurrent.locks.LockSupport.park(LockSupport.java:175)
        at java.util.concurrent.locks.AbstractQueuedSynchronizer$ConditionObject.await(AbstractQueuedSynchronizer.java:2039)
        at java.util.concurrent.LinkedBlockingQueue.take(LinkedBlockingQueue.java:442)
        at java.util.concurrent.ThreadPoolExecutor.getTask(ThreadPoolExecutor.java:1074)
        at java.util.concurrent.ThreadPoolExecutor.runWorker(ThreadPoolExecutor.java:1134)
        at java.util.concurrent.ThreadPoolExecutor$Worker.run(ThreadPoolExecutor.java:624)
        at java.lang.Thread.run(Thread.java:750)
"LeaseManager#LeaseMonitor" daemon prio=5 tid=112 timed_waiting
java.lang.Thread.State: TIMED_WAITING
        at sun.misc.Unsafe.park(Native Method)
        at java.util.concurrent.locks.LockSupport.parkNanos(LockSupport.java:215)
        at java.util.concurrent.locks.AbstractQueuedSynchronizer.doAcquireSharedNanos(AbstractQueuedSynchronizer.java:1037)
        at java.util.concurrent.locks.AbstractQueuedSynchronizer.tryAcquireSharedNanos(AbstractQueuedSynchronizer.java:1328)
        at java.util.concurrent.Semaphore.tryAcquire(Semaphore.java:409)
        at org.apache.hadoop.ozone.lease.LeaseManager$LeaseMonitor.run(LeaseManager.java:285)
        at java.lang.Thread.run(Thread.java:750)
"0eeb79a9-13fd-416c-b2a7-6f654c6b5029-ChunkWriter-0-0" daemon prio=5 tid=499 in Object.wait()
java.lang.Thread.State: WAITING (on object monitor)
        at sun.misc.Unsafe.park(Native Method)
        at java.util.concurrent.locks.LockSupport.park(LockSupport.java:175)
        at java.util.concurrent.locks.AbstractQueuedSynchronizer$ConditionObject.await(AbstractQueuedSynchronizer.java:2039)
        at java.util.concurrent.LinkedBlockingDeque.takeFirst(LinkedBlockingDeque.java:492)
        at java.util.concurrent.LinkedBlockingDeque.take(LinkedBlockingDeque.java:680)
        at java.util.concurrent.ThreadPoolExecutor.getTask(ThreadPoolExecutor.java:1074)
        at java.util.concurrent.ThreadPoolExecutor.runWorker(ThreadPoolExecutor.java:1134)
        at java.util.concurrent.ThreadPoolExecutor$Worker.run(ThreadPoolExecutor.java:624)
        at java.lang.Thread.run(Thread.java:750)
"JvmPauseMonitor0" daemon prio=5 tid=113 timed_waiting
java.lang.Thread.State: TIMED_WAITING
        at java.lang.Thread.sleep(Native Method)
        at java.lang.Thread.sleep(Thread.java:342)
        at java.util.concurrent.TimeUnit.sleep(TimeUnit.java:386)
        at org.apache.ratis.util.TimeDuration.sleep(TimeDuration.java:325)
        at org.apache.ratis.util.TimeDuration.sleep(TimeDuration.java:310)
        at org.apache.ratis.util.JvmPauseMonitor.detectPause(JvmPauseMonitor.java:117)
        at org.apache.ratis.util.JvmPauseMonitor.run(JvmPauseMonitor.java:106)
        at org.apache.ratis.util.JvmPauseMonitor$$Lambda$485/1144886446.run(Unknown Source)
        at java.lang.Thread.run(Thread.java:750)
"qtp1022583148-195" daemon prio=5 tid=195 timed_waiting
java.lang.Thread.State: TIMED_WAITING
        at sun.misc.Unsafe.park(Native Method)
        at java.util.concurrent.locks.LockSupport.parkNanos(LockSupport.java:215)
        at java.util.concurrent.locks.AbstractQueuedSynchronizer$ConditionObject.awaitNanos(AbstractQueuedSynchronizer.java:2078)
        at org.eclipse.jetty.util.BlockingArrayQueue.poll(BlockingArrayQueue.java:382)
        at org.eclipse.jetty.util.thread.QueuedThreadPool$Runner.idleJobPoll(QueuedThreadPool.java:974)
        at org.eclipse.jetty.util.thread.QueuedThreadPool$Runner.run(QueuedThreadPool.java:1018)
        at java.lang.Thread.run(Thread.java:750)
"grpc-default-worker-ELG-3-2" daemon prio=5 tid=649 runnable
java.lang.Thread.State: RUNNABLE
        at org.apache.ratis.thirdparty.io.netty.channel.epoll.Native.epollWait0(Native Method)
        at org.apache.ratis.thirdparty.io.netty.channel.epoll.Native.epollWait(Native.java:182)
        at org.apache.ratis.thirdparty.io.netty.channel.epoll.EpollEventLoop.epollWait(EpollEventLoop.java:302)
        at org.apache.ratis.thirdparty.io.netty.channel.epoll.EpollEventLoop.run(EpollEventLoop.java:366)
        at org.apache.ratis.thirdparty.io.netty.util.concurrent.SingleThreadEventExecutor$4.run(SingleThreadEventExecutor.java:997)
        at org.apache.ratis.thirdparty.io.netty.util.internal.ThreadExecutorMap$2.run(ThreadExecutorMap.java:74)
        at org.apache.ratis.thirdparty.io.netty.util.concurrent.FastThreadLocalRunnable.run(FastThreadLocalRunnable.java:30)
        at java.lang.Thread.run(Thread.java:750)
"0eeb79a9-13fd-416c-b2a7-6f654c6b5029@group-5FD2B077ACB6-SegmentedRaftLogWorker"  prio=5 tid=652 timed_waiting
java.lang.Thread.State: TIMED_WAITING
        at sun.misc.Unsafe.park(Native Method)
        at java.util.concurrent.locks.LockSupport.parkNanos(LockSupport.java:215)
        at java.util.concurrent.locks.AbstractQueuedSynchronizer$ConditionObject.awaitNanos(AbstractQueuedSynchronizer.java:2078)
        at org.apache.ratis.util.DataBlockingQueue.poll(DataBlockingQueue.java:148)
        at org.apache.ratis.server.raftlog.segmented.SegmentedRaftLogWorker.run(SegmentedRaftLogWorker.java:307)
        at org.apache.ratis.server.raftlog.segmented.SegmentedRaftLogWorker$$Lambda$819/704615668.run(Unknown Source)
        at java.util.concurrent.Executors$RunnableAdapter.call(Executors.java:511)
        at java.util.concurrent.FutureTask.run(FutureTask.java:266)
        at java.util.concurrent.ThreadPoolExecutor.runWorker(ThreadPoolExecutor.java:1149)
        at java.util.concurrent.ThreadPoolExecutor$Worker.run(ThreadPoolExecutor.java:624)
        at java.lang.Thread.run(Thread.java:750)
"IPC Server listener on 15019" daemon prio=5 tid=231 runnable
java.lang.Thread.State: RUNNABLE
        at sun.nio.ch.EPollArrayWrapper.epollWait(Native Method)
        at sun.nio.ch.EPollArrayWrapper.poll(EPollArrayWrapper.java:269)
        at sun.nio.ch.EPollSelectorImpl.doSelect(EPollSelectorImpl.java:93)
        at sun.nio.ch.SelectorImpl.lockAndDoSelect(SelectorImpl.java:86)
        at sun.nio.ch.SelectorImpl.select(SelectorImpl.java:97)
        at sun.nio.ch.SelectorImpl.select(SelectorImpl.java:101)
        at org.apache.hadoop.ipc.Server$Listener.run(Server.java:1408)
"18227f38-d602-4438-971e-c9cd287df9cb@group-6DBCDF991ECB-StateMachineUpdater" daemon prio=5 tid=843 timed_waiting
java.lang.Thread.State: TIMED_WAITING
        at sun.misc.Unsafe.park(Native Method)
        at java.util.concurrent.locks.LockSupport.parkNanos(LockSupport.java:215)
        at java.util.concurrent.locks.AbstractQueuedSynchronizer$ConditionObject.await(AbstractQueuedSynchronizer.java:2163)
        at org.apache.ratis.util.AwaitForSignal.await(AwaitForSignal.java:62)
        at org.apache.ratis.server.impl.StateMachineUpdater.waitForCommit(StateMachineUpdater.java:209)
        at org.apache.ratis.server.impl.StateMachineUpdater.run(StateMachineUpdater.java:178)
        at java.lang.Thread.run(Thread.java:750)
"IPC Server handler 10 on default port 15001" daemon prio=5 tid=81 timed_waiting
java.lang.Thread.State: TIMED_WAITING
        at sun.misc.Unsafe.park(Native Method)
        at java.util.concurrent.locks.LockSupport.parkNanos(LockSupport.java:215)
        at java.util.concurrent.locks.AbstractQueuedSynchronizer$ConditionObject.awaitNanos(AbstractQueuedSynchronizer.java:2078)
        at java.util.concurrent.LinkedBlockingQueue.poll(LinkedBlockingQueue.java:467)
        at org.apache.hadoop.ipc.CallQueueManager.take(CallQueueManager.java:317)
        at org.apache.hadoop.ipc.Server$Handler.run(Server.java:3014)
"qtp394269711-431" daemon prio=5 tid=431 timed_waiting
java.lang.Thread.State: TIMED_WAITING
        at sun.misc.Unsafe.park(Native Method)
        at java.util.concurrent.locks.LockSupport.parkNanos(LockSupport.java:215)
        at java.util.concurrent.locks.AbstractQueuedSynchronizer$ConditionObject.awaitNanos(AbstractQueuedSynchronizer.java:2078)
        at org.eclipse.jetty.util.BlockingArrayQueue.poll(BlockingArrayQueue.java:382)
        at org.eclipse.jetty.util.thread.QueuedThreadPool$Runner.idleJobPoll(QueuedThreadPool.java:974)
        at org.eclipse.jetty.util.thread.QueuedThreadPool$Runner.run(QueuedThreadPool.java:1018)
        at java.lang.Thread.run(Thread.java:750)
"qtp1342466480-397-acceptor-0@571ddc91-ServerConnector@775159cf{HTTP/1.1, (http/1.1)}{0.0.0.0:15072}" daemon prio=3 tid=397 runnable
java.lang.Thread.State: RUNNABLE
        at sun.nio.ch.ServerSocketChannelImpl.accept0(Native Method)
        at sun.nio.ch.ServerSocketChannelImpl.accept(ServerSocketChannelImpl.java:421)
        at sun.nio.ch.ServerSocketChannelImpl.accept(ServerSocketChannelImpl.java:249)
        at org.eclipse.jetty.server.ServerConnector.accept(ServerConnector.java:388)
        at org.eclipse.jetty.server.AbstractConnector$Acceptor.run(AbstractConnector.java:704)
        at org.eclipse.jetty.util.thread.QueuedThreadPool.runJob(QueuedThreadPool.java:883)
        at org.eclipse.jetty.util.thread.QueuedThreadPool$Runner.run(QueuedThreadPool.java:1034)
        at java.lang.Thread.run(Thread.java:750)
"92ba0aed-1dcc-4895-b5bb-fc45f440be2e-ChunkReader-8" daemon prio=5 tid=1162 in Object.wait()
java.lang.Thread.State: WAITING (on object monitor)
        at sun.misc.Unsafe.park(Native Method)
        at java.util.concurrent.locks.LockSupport.park(LockSupport.java:175)
        at java.util.concurrent.locks.AbstractQueuedSynchronizer$ConditionObject.await(AbstractQueuedSynchronizer.java:2039)
        at java.util.concurrent.LinkedBlockingQueue.take(LinkedBlockingQueue.java:442)
        at java.util.concurrent.ThreadPoolExecutor.getTask(ThreadPoolExecutor.java:1074)
        at java.util.concurrent.ThreadPoolExecutor.runWorker(ThreadPoolExecutor.java:1134)
        at java.util.concurrent.ThreadPoolExecutor$Worker.run(ThreadPoolExecutor.java:624)
        at java.lang.Thread.run(Thread.java:750)
"StaleRecoveringContainerScrubbingService#9" daemon prio=5 tid=1460 in Object.wait()
java.lang.Thread.State: WAITING (on object monitor)
        at sun.misc.Unsafe.park(Native Method)
        at java.util.concurrent.locks.LockSupport.park(LockSupport.java:175)
        at java.util.concurrent.locks.AbstractQueuedSynchronizer$ConditionObject.await(AbstractQueuedSynchronizer.java:2039)
        at java.util.concurrent.ScheduledThreadPoolExecutor$DelayedWorkQueue.take(ScheduledThreadPoolExecutor.java:1088)
        at java.util.concurrent.ScheduledThreadPoolExecutor$DelayedWorkQueue.take(ScheduledThreadPoolExecutor.java:809)
        at java.util.concurrent.ThreadPoolExecutor.getTask(ThreadPoolExecutor.java:1074)
        at java.util.concurrent.ThreadPoolExecutor.runWorker(ThreadPoolExecutor.java:1134)
        at java.util.concurrent.ThreadPoolExecutor$Worker.run(ThreadPoolExecutor.java:624)
        at java.lang.Thread.run(Thread.java:750)
"StaleRecoveringContainerScrubbingService#4" daemon prio=5 tid=1135 timed_waiting
java.lang.Thread.State: TIMED_WAITING
        at sun.misc.Unsafe.park(Native Method)
        at java.util.concurrent.locks.LockSupport.parkNanos(LockSupport.java:215)
        at java.util.concurrent.locks.AbstractQueuedSynchronizer$ConditionObject.awaitNanos(AbstractQueuedSynchronizer.java:2078)
        at java.util.concurrent.ScheduledThreadPoolExecutor$DelayedWorkQueue.take(ScheduledThreadPoolExecutor.java:1093)
        at java.util.concurrent.ScheduledThreadPoolExecutor$DelayedWorkQueue.take(ScheduledThreadPoolExecutor.java:809)
        at java.util.concurrent.ThreadPoolExecutor.getTask(ThreadPoolExecutor.java:1074)
        at java.util.concurrent.ThreadPoolExecutor.runWorker(ThreadPoolExecutor.java:1134)
        at java.util.concurrent.ThreadPoolExecutor$Worker.run(ThreadPoolExecutor.java:624)
        at java.lang.Thread.run(Thread.java:750)
"fedf11b8-0957-422e-880a-91cc26979c7a-server-thread1" daemon prio=5 tid=1315 timed_waiting
java.lang.Thread.State: TIMED_WAITING
        at sun.misc.Unsafe.park(Native Method)
        at java.util.concurrent.locks.LockSupport.parkNanos(LockSupport.java:215)
        at java.util.concurrent.SynchronousQueue$TransferStack.awaitFulfill(SynchronousQueue.java:460)
        at java.util.concurrent.SynchronousQueue$TransferStack.transfer(SynchronousQueue.java:362)
        at java.util.concurrent.SynchronousQueue.poll(SynchronousQueue.java:941)
        at java.util.concurrent.ThreadPoolExecutor.getTask(ThreadPoolExecutor.java:1073)
        at java.util.concurrent.ThreadPoolExecutor.runWorker(ThreadPoolExecutor.java:1134)
        at java.util.concurrent.ThreadPoolExecutor$Worker.run(ThreadPoolExecutor.java:624)
        at java.lang.Thread.run(Thread.java:750)
"qtp1022583148-197" daemon prio=5 tid=197 timed_waiting
java.lang.Thread.State: TIMED_WAITING
        at sun.misc.Unsafe.park(Native Method)
        at java.util.concurrent.locks.LockSupport.parkNanos(LockSupport.java:215)
        at java.util.concurrent.locks.AbstractQueuedSynchronizer$ConditionObject.awaitNanos(AbstractQueuedSynchronizer.java:2078)
        at org.eclipse.jetty.util.BlockingArrayQueue.poll(BlockingArrayQueue.java:382)
        at org.eclipse.jetty.util.thread.QueuedThreadPool$Runner.idleJobPoll(QueuedThreadPool.java:974)
        at org.eclipse.jetty.util.thread.QueuedThreadPool$Runner.run(QueuedThreadPool.java:1018)
        at java.lang.Thread.run(Thread.java:750)
"d9016e39-0130-4fd9-896a-cac3c2785d02-DatanodeStateMachineTaskThread-1"  prio=5 tid=1201 in Object.wait()
java.lang.Thread.State: WAITING (on object monitor)
        at sun.misc.Unsafe.park(Native Method)
        at java.util.concurrent.locks.LockSupport.park(LockSupport.java:175)
        at java.util.concurrent.locks.AbstractQueuedSynchronizer$ConditionObject.await(AbstractQueuedSynchronizer.java:2039)
        at java.util.concurrent.LinkedBlockingQueue.take(LinkedBlockingQueue.java:442)
        at java.util.concurrent.ThreadPoolExecutor.getTask(ThreadPoolExecutor.java:1074)
        at java.util.concurrent.ThreadPoolExecutor.runWorker(ThreadPoolExecutor.java:1134)
        at java.util.concurrent.ThreadPoolExecutor$Worker.run(ThreadPoolExecutor.java:624)
        at java.lang.Thread.run(Thread.java:750)
"StaleRecoveringContainerScrubbingService#5" daemon prio=5 tid=1277 in Object.wait()
java.lang.Thread.State: WAITING (on object monitor)
        at sun.misc.Unsafe.park(Native Method)
        at java.util.concurrent.locks.LockSupport.park(LockSupport.java:175)
        at java.util.concurrent.locks.AbstractQueuedSynchronizer$ConditionObject.await(AbstractQueuedSynchronizer.java:2039)
        at java.util.concurrent.ScheduledThreadPoolExecutor$DelayedWorkQueue.take(ScheduledThreadPoolExecutor.java:1088)
        at java.util.concurrent.ScheduledThreadPoolExecutor$DelayedWorkQueue.take(ScheduledThreadPoolExecutor.java:809)
        at java.util.concurrent.ThreadPoolExecutor.getTask(ThreadPoolExecutor.java:1074)
        at java.util.concurrent.ThreadPoolExecutor.runWorker(ThreadPoolExecutor.java:1134)
        at java.util.concurrent.ThreadPoolExecutor$Worker.run(ThreadPoolExecutor.java:624)
        at java.lang.Thread.run(Thread.java:750)
"d9016e39-0130-4fd9-896a-cac3c2785d02-NettyServerStreamRpc-bossGroup--thread1"  prio=5 tid=1173 runnable
java.lang.Thread.State: RUNNABLE
        at sun.nio.ch.EPollArrayWrapper.epollWait(Native Method)
        at sun.nio.ch.EPollArrayWrapper.poll(EPollArrayWrapper.java:269)
        at sun.nio.ch.EPollSelectorImpl.doSelect(EPollSelectorImpl.java:93)
        at sun.nio.ch.SelectorImpl.lockAndDoSelect(SelectorImpl.java:86)
        at sun.nio.ch.SelectorImpl.select(SelectorImpl.java:97)
        at sun.nio.ch.SelectorImpl.select(SelectorImpl.java:101)
        at org.apache.ratis.thirdparty.io.netty.channel.nio.SelectedSelectionKeySetSelector.select(SelectedSelectionKeySetSelector.java:68)
        at org.apache.ratis.thirdparty.io.netty.channel.nio.NioEventLoop.select(NioEventLoop.java:879)
        at org.apache.ratis.thirdparty.io.netty.channel.nio.NioEventLoop.run(NioEventLoop.java:526)
        at org.apache.ratis.thirdparty.io.netty.util.concurrent.SingleThreadEventExecutor$4.run(SingleThreadEventExecutor.java:997)
        at org.apache.ratis.thirdparty.io.netty.util.internal.ThreadExecutorMap$2.run(ThreadExecutorMap.java:74)
        at java.lang.Thread.run(Thread.java:750)
"18227f38-d602-4438-971e-c9cd287df9cb-DatanodeReportManager-3" daemon prio=5 tid=415 timed_waiting
java.lang.Thread.State: TIMED_WAITING
        at sun.misc.Unsafe.park(Native Method)
        at java.util.concurrent.locks.LockSupport.parkNanos(LockSupport.java:215)
        at java.util.concurrent.locks.AbstractQueuedSynchronizer$ConditionObject.awaitNanos(AbstractQueuedSynchronizer.java:2078)
        at java.util.concurrent.ScheduledThreadPoolExecutor$DelayedWorkQueue.take(ScheduledThreadPoolExecutor.java:1093)
        at java.util.concurrent.ScheduledThreadPoolExecutor$DelayedWorkQueue.take(ScheduledThreadPoolExecutor.java:809)
        at java.util.concurrent.ThreadPoolExecutor.getTask(ThreadPoolExecutor.java:1074)
        at java.util.concurrent.ThreadPoolExecutor.runWorker(ThreadPoolExecutor.java:1134)
        at java.util.concurrent.ThreadPoolExecutor$Worker.run(ThreadPoolExecutor.java:624)
        at java.lang.Thread.run(Thread.java:750)
"Hadoop-Metrics-Updater-0" daemon prio=5 tid=204 timed_waiting
java.lang.Thread.State: TIMED_WAITING
        at sun.misc.Unsafe.park(Native Method)
        at java.util.concurrent.locks.LockSupport.parkNanos(LockSupport.java:215)
        at java.util.concurrent.locks.AbstractQueuedSynchronizer$ConditionObject.awaitNanos(AbstractQueuedSynchronizer.java:2078)
        at java.util.concurrent.ScheduledThreadPoolExecutor$DelayedWorkQueue.take(ScheduledThreadPoolExecutor.java:1093)
        at java.util.concurrent.ScheduledThreadPoolExecutor$DelayedWorkQueue.take(ScheduledThreadPoolExecutor.java:809)
        at java.util.concurrent.ThreadPoolExecutor.getTask(ThreadPoolExecutor.java:1074)
        at java.util.concurrent.ThreadPoolExecutor.runWorker(ThreadPoolExecutor.java:1134)
        at java.util.concurrent.ThreadPoolExecutor$Worker.run(ThreadPoolExecutor.java:624)
        at java.lang.Thread.run(Thread.java:750)
"0eeb79a9-13fd-416c-b2a7-6f654c6b5029-DatanodeStateMachineTaskThread-1"  prio=5 tid=494 in Object.wait()
java.lang.Thread.State: WAITING (on object monitor)
        at sun.misc.Unsafe.park(Native Method)
        at java.util.concurrent.locks.LockSupport.park(LockSupport.java:175)
        at java.util.concurrent.locks.AbstractQueuedSynchronizer$ConditionObject.await(AbstractQueuedSynchronizer.java:2039)
        at java.util.concurrent.LinkedBlockingQueue.take(LinkedBlockingQueue.java:442)
        at java.util.concurrent.ThreadPoolExecutor.getTask(ThreadPoolExecutor.java:1074)
        at java.util.concurrent.ThreadPoolExecutor.runWorker(ThreadPoolExecutor.java:1134)
        at java.util.concurrent.ThreadPoolExecutor$Worker.run(ThreadPoolExecutor.java:624)
        at java.lang.Thread.run(Thread.java:750)
"b7b1b697-3f82-4acb-89c8-f9bc2eccfa5a-CloseContainerThread-1"  prio=5 tid=1117 in Object.wait()
java.lang.Thread.State: WAITING (on object monitor)
        at sun.misc.Unsafe.park(Native Method)
        at java.util.concurrent.locks.LockSupport.park(LockSupport.java:175)
        at java.util.concurrent.locks.AbstractQueuedSynchronizer$ConditionObject.await(AbstractQueuedSynchronizer.java:2039)
        at java.util.concurrent.LinkedBlockingQueue.take(LinkedBlockingQueue.java:442)
        at java.util.concurrent.ThreadPoolExecutor.getTask(ThreadPoolExecutor.java:1074)
        at java.util.concurrent.ThreadPoolExecutor.runWorker(ThreadPoolExecutor.java:1134)
        at java.util.concurrent.ThreadPoolExecutor$Worker.run(ThreadPoolExecutor.java:624)
        at java.lang.Thread.run(Thread.java:750)
"StaleRecoveringContainerScrubbingService#8" daemon prio=5 tid=1439 in Object.wait()
java.lang.Thread.State: WAITING (on object monitor)
        at sun.misc.Unsafe.park(Native Method)
        at java.util.concurrent.locks.LockSupport.park(LockSupport.java:175)
        at java.util.concurrent.locks.AbstractQueuedSynchronizer$ConditionObject.await(AbstractQueuedSynchronizer.java:2039)
        at java.util.concurrent.ScheduledThreadPoolExecutor$DelayedWorkQueue.take(ScheduledThreadPoolExecutor.java:1088)
        at java.util.concurrent.ScheduledThreadPoolExecutor$DelayedWorkQueue.take(ScheduledThreadPoolExecutor.java:809)
        at java.util.concurrent.ThreadPoolExecutor.getTask(ThreadPoolExecutor.java:1074)
        at java.util.concurrent.ThreadPoolExecutor.runWorker(ThreadPoolExecutor.java:1134)
        at java.util.concurrent.ThreadPoolExecutor$Worker.run(ThreadPoolExecutor.java:624)
        at java.lang.Thread.run(Thread.java:750)
"qtp1022583148-196" daemon prio=5 tid=196 timed_waiting
java.lang.Thread.State: TIMED_WAITING
        at sun.misc.Unsafe.park(Native Method)
        at java.util.concurrent.locks.LockSupport.parkNanos(LockSupport.java:215)
        at java.util.concurrent.locks.AbstractQueuedSynchronizer$ConditionObject.awaitNanos(AbstractQueuedSynchronizer.java:2078)
        at org.eclipse.jetty.util.BlockingArrayQueue.poll(BlockingArrayQueue.java:382)
        at org.eclipse.jetty.util.thread.QueuedThreadPool$Runner.idleJobPoll(QueuedThreadPool.java:974)
        at org.eclipse.jetty.util.thread.QueuedThreadPool$Runner.run(QueuedThreadPool.java:1018)
        at java.lang.Thread.run(Thread.java:750)
"qtp1362677814-223" daemon prio=5 tid=223 timed_waiting
java.lang.Thread.State: TIMED_WAITING
        at sun.misc.Unsafe.park(Native Method)
        at java.util.concurrent.locks.LockSupport.parkNanos(LockSupport.java:215)
        at java.util.concurrent.locks.AbstractQueuedSynchronizer$ConditionObject.awaitNanos(AbstractQueuedSynchronizer.java:2078)
        at org.eclipse.jetty.util.BlockingArrayQueue.poll(BlockingArrayQueue.java:382)
        at org.eclipse.jetty.util.thread.QueuedThreadPool$Runner.idleJobPoll(QueuedThreadPool.java:974)
        at org.eclipse.jetty.util.thread.QueuedThreadPool$Runner.run(QueuedThreadPool.java:1018)
        at java.lang.Thread.run(Thread.java:750)
"92ba0aed-1dcc-4895-b5bb-fc45f440be2e-DatanodeReportManager-0" daemon prio=5 tid=383 timed_waiting
java.lang.Thread.State: TIMED_WAITING
        at sun.misc.Unsafe.park(Native Method)
        at java.util.concurrent.locks.LockSupport.parkNanos(LockSupport.java:215)
        at java.util.concurrent.locks.AbstractQueuedSynchronizer$ConditionObject.awaitNanos(AbstractQueuedSynchronizer.java:2078)
        at java.util.concurrent.ScheduledThreadPoolExecutor$DelayedWorkQueue.take(ScheduledThreadPoolExecutor.java:1093)
        at java.util.concurrent.ScheduledThreadPoolExecutor$DelayedWorkQueue.take(ScheduledThreadPoolExecutor.java:809)
        at java.util.concurrent.ThreadPoolExecutor.getTask(ThreadPoolExecutor.java:1074)
        at java.util.concurrent.ThreadPoolExecutor.runWorker(ThreadPoolExecutor.java:1134)
        at java.util.concurrent.ThreadPoolExecutor$Worker.run(ThreadPoolExecutor.java:624)
        at java.lang.Thread.run(Thread.java:750)
"IPC Server handler 0 on default port 15000" daemon prio=5 tid=51 timed_waiting
java.lang.Thread.State: TIMED_WAITING
        at sun.misc.Unsafe.park(Native Method)
        at java.util.concurrent.locks.LockSupport.parkNanos(LockSupport.java:215)
        at java.util.concurrent.locks.AbstractQueuedSynchronizer$ConditionObject.awaitNanos(AbstractQueuedSynchronizer.java:2078)
        at java.util.concurrent.LinkedBlockingQueue.poll(LinkedBlockingQueue.java:467)
        at org.apache.hadoop.ipc.CallQueueManager.take(CallQueueManager.java:317)
        at org.apache.hadoop.ipc.Server$Handler.run(Server.java:3014)
"0e92623e-4dcf-4eff-ae25-f8b8c2de319b-server-thread3" daemon prio=5 tid=1303 timed_waiting
java.lang.Thread.State: TIMED_WAITING
        at sun.misc.Unsafe.park(Native Method)
        at java.util.concurrent.locks.LockSupport.parkNanos(LockSupport.java:215)
        at java.util.concurrent.SynchronousQueue$TransferStack.awaitFulfill(SynchronousQueue.java:460)
        at java.util.concurrent.SynchronousQueue$TransferStack.transfer(SynchronousQueue.java:362)
        at java.util.concurrent.SynchronousQueue.poll(SynchronousQueue.java:941)
        at java.util.concurrent.ThreadPoolExecutor.getTask(ThreadPoolExecutor.java:1073)
        at java.util.concurrent.ThreadPoolExecutor.runWorker(ThreadPoolExecutor.java:1134)
        at java.util.concurrent.ThreadPoolExecutor$Worker.run(ThreadPoolExecutor.java:624)
        at java.lang.Thread.run(Thread.java:750)
"IPC Server idle connection scanner for port 15064" daemon prio=5 tid=378 timed_waiting
java.lang.Thread.State: TIMED_WAITING
        at java.lang.Object.wait(Native Method)
        at java.util.TimerThread.mainLoop(Timer.java:552)
        at java.util.TimerThread.run(Timer.java:505)
"IPC Server handler 0 on default port 15010" daemon prio=5 tid=205 timed_waiting
java.lang.Thread.State: TIMED_WAITING
        at sun.misc.Unsafe.park(Native Method)
        at java.util.concurrent.locks.LockSupport.parkNanos(LockSupport.java:215)
        at java.util.concurrent.locks.AbstractQueuedSynchronizer$ConditionObject.awaitNanos(AbstractQueuedSynchronizer.java:2078)
        at java.util.concurrent.LinkedBlockingQueue.poll(LinkedBlockingQueue.java:467)
        at org.apache.hadoop.ipc.CallQueueManager.take(CallQueueManager.java:317)
        at org.apache.hadoop.ipc.Server$Handler.run(Server.java:3014)
"om1-KeyDeletingService#0" daemon prio=5 tid=149 timed_waiting
java.lang.Thread.State: TIMED_WAITING
        at sun.misc.Unsafe.park(Native Method)
        at java.util.concurrent.locks.LockSupport.parkNanos(LockSupport.java:215)
        at java.util.concurrent.locks.AbstractQueuedSynchronizer$ConditionObject.awaitNanos(AbstractQueuedSynchronizer.java:2078)
        at java.util.concurrent.ScheduledThreadPoolExecutor$DelayedWorkQueue.take(ScheduledThreadPoolExecutor.java:1093)
        at java.util.concurrent.ScheduledThreadPoolExecutor$DelayedWorkQueue.take(ScheduledThreadPoolExecutor.java:809)
        at java.util.concurrent.ThreadPoolExecutor.getTask(ThreadPoolExecutor.java:1074)
        at java.util.concurrent.ThreadPoolExecutor.runWorker(ThreadPoolExecutor.java:1134)
        at java.util.concurrent.ThreadPoolExecutor$Worker.run(ThreadPoolExecutor.java:624)
        at java.lang.Thread.run(Thread.java:750)
"pool-116-thread-1"  prio=5 tid=220 timed_waiting
java.lang.Thread.State: TIMED_WAITING
        at sun.misc.Unsafe.park(Native Method)
        at java.util.concurrent.locks.LockSupport.parkNanos(LockSupport.java:215)
        at java.util.concurrent.locks.AbstractQueuedSynchronizer$ConditionObject.awaitNanos(AbstractQueuedSynchronizer.java:2078)
        at java.util.concurrent.ScheduledThreadPoolExecutor$DelayedWorkQueue.take(ScheduledThreadPoolExecutor.java:1093)
        at java.util.concurrent.ScheduledThreadPoolExecutor$DelayedWorkQueue.take(ScheduledThreadPoolExecutor.java:809)
        at java.util.concurrent.ThreadPoolExecutor.getTask(ThreadPoolExecutor.java:1074)
        at java.util.concurrent.ThreadPoolExecutor.runWorker(ThreadPoolExecutor.java:1134)
        at java.util.concurrent.ThreadPoolExecutor$Worker.run(ThreadPoolExecutor.java:624)
        at java.lang.Thread.run(Thread.java:750)
"Session-HouseKeeper-20336e62-1"  prio=5 tid=164 timed_waiting
java.lang.Thread.State: TIMED_WAITING
        at sun.misc.Unsafe.park(Native Method)
        at java.util.concurrent.locks.LockSupport.parkNanos(LockSupport.java:215)
        at java.util.concurrent.locks.AbstractQueuedSynchronizer$ConditionObject.awaitNanos(AbstractQueuedSynchronizer.java:2078)
        at java.util.concurrent.ScheduledThreadPoolExecutor$DelayedWorkQueue.take(ScheduledThreadPoolExecutor.java:1093)
        at java.util.concurrent.ScheduledThreadPoolExecutor$DelayedWorkQueue.take(ScheduledThreadPoolExecutor.java:809)
        at java.util.concurrent.ThreadPoolExecutor.getTask(ThreadPoolExecutor.java:1074)
        at java.util.concurrent.ThreadPoolExecutor.runWorker(ThreadPoolExecutor.java:1134)
        at java.util.concurrent.ThreadPoolExecutor$Worker.run(ThreadPoolExecutor.java:624)
        at java.lang.Thread.run(Thread.java:750)
"org.apache.hadoop.ozone.container.common.statemachine.commandhandler.DeleteBlocksCommandHandler$DeleteCmdWorker@27a60d16" daemon prio=5 tid=307 timed_waiting
java.lang.Thread.State: TIMED_WAITING
        at java.lang.Thread.sleep(Native Method)
        at org.apache.hadoop.ozone.container.common.statemachine.commandhandler.DeleteBlocksCommandHandler$DeleteCmdWorker.run(DeleteBlocksCommandHandler.java:237)
        at java.lang.Thread.run(Thread.java:750)
"18227f38-d602-4438-971e-c9cd287df9cb-server-thread2" daemon prio=5 tid=972 timed_waiting
java.lang.Thread.State: TIMED_WAITING
        at sun.misc.Unsafe.park(Native Method)
        at java.util.concurrent.locks.LockSupport.parkNanos(LockSupport.java:215)
        at java.util.concurrent.SynchronousQueue$TransferStack.awaitFulfill(SynchronousQueue.java:460)
        at java.util.concurrent.SynchronousQueue$TransferStack.transfer(SynchronousQueue.java:362)
        at java.util.concurrent.SynchronousQueue.poll(SynchronousQueue.java:941)
        at java.util.concurrent.ThreadPoolExecutor.getTask(ThreadPoolExecutor.java:1073)
        at java.util.concurrent.ThreadPoolExecutor.runWorker(ThreadPoolExecutor.java:1134)
        at java.util.concurrent.ThreadPoolExecutor$Worker.run(ThreadPoolExecutor.java:624)
        at java.lang.Thread.run(Thread.java:750)
"qtp394269711-432" daemon prio=5 tid=432 timed_waiting
java.lang.Thread.State: TIMED_WAITING
        at sun.misc.Unsafe.park(Native Method)
        at java.util.concurrent.locks.LockSupport.parkNanos(LockSupport.java:215)
        at java.util.concurrent.locks.AbstractQueuedSynchronizer$ConditionObject.awaitNanos(AbstractQueuedSynchronizer.java:2078)
        at org.eclipse.jetty.util.BlockingArrayQueue.poll(BlockingArrayQueue.java:382)
        at org.eclipse.jetty.util.thread.QueuedThreadPool$Runner.idleJobPoll(QueuedThreadPool.java:974)
        at org.eclipse.jetty.util.thread.QueuedThreadPool$Runner.run(QueuedThreadPool.java:1018)
        at java.lang.Thread.run(Thread.java:750)
"org.apache.hadoop.ozone.container.common.statemachine.commandhandler.DeleteBlocksCommandHandler$DeleteCmdWorker@34300e71" daemon prio=5 tid=365 timed_waiting
java.lang.Thread.State: TIMED_WAITING
        at java.lang.Thread.sleep(Native Method)
        at org.apache.hadoop.ozone.container.common.statemachine.commandhandler.DeleteBlocksCommandHandler$DeleteCmdWorker.run(DeleteBlocksCommandHandler.java:237)
        at java.lang.Thread.run(Thread.java:750)
"92ba0aed-1dcc-4895-b5bb-fc45f440be2e-DatanodeStateMachineTaskThread-1"  prio=5 tid=569 in Object.wait()
java.lang.Thread.State: WAITING (on object monitor)
        at sun.misc.Unsafe.park(Native Method)
        at java.util.concurrent.locks.LockSupport.park(LockSupport.java:175)
        at java.util.concurrent.locks.AbstractQueuedSynchronizer$ConditionObject.await(AbstractQueuedSynchronizer.java:2039)
        at java.util.concurrent.LinkedBlockingQueue.take(LinkedBlockingQueue.java:442)
        at java.util.concurrent.ThreadPoolExecutor.getTask(ThreadPoolExecutor.java:1074)
        at java.util.concurrent.ThreadPoolExecutor.runWorker(ThreadPoolExecutor.java:1134)
        at java.util.concurrent.ThreadPoolExecutor$Worker.run(ThreadPoolExecutor.java:624)
        at java.lang.Thread.run(Thread.java:750)
"IPC Server Responder" daemon prio=5 tid=28 runnable
java.lang.Thread.State: RUNNABLE
        at sun.nio.ch.EPollArrayWrapper.epollWait(Native Method)
        at sun.nio.ch.EPollArrayWrapper.poll(EPollArrayWrapper.java:269)
        at sun.nio.ch.EPollSelectorImpl.doSelect(EPollSelectorImpl.java:93)
        at sun.nio.ch.SelectorImpl.lockAndDoSelect(SelectorImpl.java:86)
        at sun.nio.ch.SelectorImpl.select(SelectorImpl.java:97)
        at org.apache.hadoop.ipc.Server$Responder.doRunLoop(Server.java:1582)
        at org.apache.hadoop.ipc.Server$Responder.run(Server.java:1565)
"StaleRecoveringContainerScrubbingService#5" daemon prio=5 tid=1238 in Object.wait()
java.lang.Thread.State: WAITING (on object monitor)
        at sun.misc.Unsafe.park(Native Method)
        at java.util.concurrent.locks.LockSupport.park(LockSupport.java:175)
        at java.util.concurrent.locks.AbstractQueuedSynchronizer$ConditionObject.await(AbstractQueuedSynchronizer.java:2039)
        at java.util.concurrent.ScheduledThreadPoolExecutor$DelayedWorkQueue.take(ScheduledThreadPoolExecutor.java:1088)
        at java.util.concurrent.ScheduledThreadPoolExecutor$DelayedWorkQueue.take(ScheduledThreadPoolExecutor.java:809)
        at java.util.concurrent.ThreadPoolExecutor.getTask(ThreadPoolExecutor.java:1074)
        at java.util.concurrent.ThreadPoolExecutor.runWorker(ThreadPoolExecutor.java:1134)
        at java.util.concurrent.ThreadPoolExecutor$Worker.run(ThreadPoolExecutor.java:624)
        at java.lang.Thread.run(Thread.java:750)
"ExpiredContainerReplicaOpScrubber" daemon prio=5 tid=19 timed_waiting
java.lang.Thread.State: TIMED_WAITING
        at java.lang.Object.wait(Native Method)
        at org.apache.hadoop.hdds.scm.ha.BackgroundSCMService.run(BackgroundSCMService.java:110)
        at org.apache.hadoop.hdds.scm.ha.BackgroundSCMService$$Lambda$437/1433690944.run(Unknown Source)
        at java.lang.Thread.run(Thread.java:750)
"FixedThreadPoolWithAffinityExecutor-2-0" daemon prio=5 tid=42 timed_waiting
java.lang.Thread.State: TIMED_WAITING
        at sun.misc.Unsafe.park(Native Method)
        at java.util.concurrent.locks.LockSupport.parkNanos(LockSupport.java:215)
        at java.util.concurrent.locks.AbstractQueuedSynchronizer$ConditionObject.awaitNanos(AbstractQueuedSynchronizer.java:2078)
        at java.util.concurrent.LinkedBlockingQueue.poll(LinkedBlockingQueue.java:467)
        at org.apache.hadoop.hdds.scm.server.ContainerReportQueue.poll(ContainerReportQueue.java:266)
        at org.apache.hadoop.hdds.scm.server.ContainerReportQueue.poll(ContainerReportQueue.java:42)
        at org.apache.hadoop.hdds.server.events.FixedThreadPoolWithAffinityExecutor$ContainerReportProcessTask.run(FixedThreadPoolWithAffinityExecutor.java:253)
        at java.util.concurrent.Executors$RunnableAdapter.call(Executors.java:511)
        at java.util.concurrent.FutureTask.run(FutureTask.java:266)
        at java.util.concurrent.ThreadPoolExecutor.runWorker(ThreadPoolExecutor.java:1149)
        at java.util.concurrent.ThreadPoolExecutor$Worker.run(ThreadPoolExecutor.java:624)
        at java.lang.Thread.run(Thread.java:750)
"92ba0aed-1dcc-4895-b5bb-fc45f440be2e-ChunkReader-7" daemon prio=5 tid=1161 in Object.wait()
java.lang.Thread.State: WAITING (on object monitor)
        at sun.misc.Unsafe.park(Native Method)
        at java.util.concurrent.locks.LockSupport.park(LockSupport.java:175)
        at java.util.concurrent.locks.AbstractQueuedSynchronizer$ConditionObject.await(AbstractQueuedSynchronizer.java:2039)
        at java.util.concurrent.LinkedBlockingQueue.take(LinkedBlockingQueue.java:442)
        at java.util.concurrent.ThreadPoolExecutor.getTask(ThreadPoolExecutor.java:1074)
        at java.util.concurrent.ThreadPoolExecutor.runWorker(ThreadPoolExecutor.java:1134)
        at java.util.concurrent.ThreadPoolExecutor$Worker.run(ThreadPoolExecutor.java:624)
        at java.lang.Thread.run(Thread.java:750)
"fadd24ee-4463-4420-97cf-bdd350ad83ae-EndpointStateMachineTaskThread-/0.0.0.0:15002-0 "  prio=5 tid=525 in Object.wait()
java.lang.Thread.State: WAITING (on object monitor)
        at sun.misc.Unsafe.park(Native Method)
        at java.util.concurrent.locks.LockSupport.park(LockSupport.java:175)
        at java.util.concurrent.locks.AbstractQueuedSynchronizer$ConditionObject.await(AbstractQueuedSynchronizer.java:2039)
        at java.util.concurrent.LinkedBlockingQueue.take(LinkedBlockingQueue.java:442)
        at java.util.concurrent.ThreadPoolExecutor.getTask(ThreadPoolExecutor.java:1074)
        at java.util.concurrent.ThreadPoolExecutor.runWorker(ThreadPoolExecutor.java:1134)
        at java.util.concurrent.ThreadPoolExecutor$Worker.run(ThreadPoolExecutor.java:624)
        at java.lang.Thread.run(Thread.java:750)
"0e92623e-4dcf-4eff-ae25-f8b8c2de319b-ChunkWriter-0-0" daemon prio=5 tid=620 in Object.wait()
java.lang.Thread.State: WAITING (on object monitor)
        at sun.misc.Unsafe.park(Native Method)
        at java.util.concurrent.locks.LockSupport.park(LockSupport.java:175)
        at java.util.concurrent.locks.AbstractQueuedSynchronizer$ConditionObject.await(AbstractQueuedSynchronizer.java:2039)
        at java.util.concurrent.LinkedBlockingDeque.takeFirst(LinkedBlockingDeque.java:492)
        at java.util.concurrent.LinkedBlockingDeque.take(LinkedBlockingDeque.java:680)
        at java.util.concurrent.ThreadPoolExecutor.getTask(ThreadPoolExecutor.java:1074)
        at java.util.concurrent.ThreadPoolExecutor.runWorker(ThreadPoolExecutor.java:1134)
        at java.util.concurrent.ThreadPoolExecutor$Worker.run(ThreadPoolExecutor.java:624)
        at java.lang.Thread.run(Thread.java:750)
"IPC Server handler 9 on default port 15001" daemon prio=5 tid=80 timed_waiting
java.lang.Thread.State: TIMED_WAITING
        at sun.misc.Unsafe.park(Native Method)
        at java.util.concurrent.locks.LockSupport.parkNanos(LockSupport.java:215)
        at java.util.concurrent.locks.AbstractQueuedSynchronizer$ConditionObject.awaitNanos(AbstractQueuedSynchronizer.java:2078)
        at java.util.concurrent.LinkedBlockingQueue.poll(LinkedBlockingQueue.java:467)
        at org.apache.hadoop.ipc.CallQueueManager.take(CallQueueManager.java:317)
        at org.apache.hadoop.ipc.Server$Handler.run(Server.java:3014)
"Socket Reader #1 for port 15010"  prio=5 tid=201 runnable
java.lang.Thread.State: RUNNABLE
        at sun.nio.ch.EPollArrayWrapper.epollWait(Native Method)
        at sun.nio.ch.EPollArrayWrapper.poll(EPollArrayWrapper.java:269)
        at sun.nio.ch.EPollSelectorImpl.doSelect(EPollSelectorImpl.java:93)
        at sun.nio.ch.SelectorImpl.lockAndDoSelect(SelectorImpl.java:86)
        at sun.nio.ch.SelectorImpl.select(SelectorImpl.java:97)
        at sun.nio.ch.SelectorImpl.select(SelectorImpl.java:101)
        at org.apache.hadoop.ipc.Server$Listener$Reader.doRunLoop(Server.java:1346)
        at org.apache.hadoop.ipc.Server$Listener$Reader.run(Server.java:1325)
"IPC Server Responder" daemon prio=5 tid=33 runnable
java.lang.Thread.State: RUNNABLE
        at sun.nio.ch.EPollArrayWrapper.epollWait(Native Method)
        at sun.nio.ch.EPollArrayWrapper.poll(EPollArrayWrapper.java:269)
        at sun.nio.ch.EPollSelectorImpl.doSelect(EPollSelectorImpl.java:93)
        at sun.nio.ch.SelectorImpl.lockAndDoSelect(SelectorImpl.java:86)
        at sun.nio.ch.SelectorImpl.select(SelectorImpl.java:97)
        at org.apache.hadoop.ipc.Server$Responder.doRunLoop(Server.java:1582)
        at org.apache.hadoop.ipc.Server$Responder.run(Server.java:1565)
"IPC Server handler 15 on default port 15002" daemon prio=5 tid=106 timed_waiting
java.lang.Thread.State: TIMED_WAITING
        at sun.misc.Unsafe.park(Native Method)
        at java.util.concurrent.locks.LockSupport.parkNanos(LockSupport.java:215)
        at java.util.concurrent.locks.AbstractQueuedSynchronizer$ConditionObject.awaitNanos(AbstractQueuedSynchronizer.java:2078)
        at java.util.concurrent.LinkedBlockingQueue.poll(LinkedBlockingQueue.java:467)
        at org.apache.hadoop.ipc.CallQueueManager.take(CallQueueManager.java:317)
        at org.apache.hadoop.ipc.Server$Handler.run(Server.java:3014)
"d9016e39-0130-4fd9-896a-cac3c2785d02-BlockDeletingService#0" daemon prio=5 tid=1223 timed_waiting
java.lang.Thread.State: TIMED_WAITING
        at sun.misc.Unsafe.park(Native Method)
        at java.util.concurrent.locks.LockSupport.parkNanos(LockSupport.java:215)
        at java.util.concurrent.locks.AbstractQueuedSynchronizer$ConditionObject.awaitNanos(AbstractQueuedSynchronizer.java:2078)
        at java.util.concurrent.ScheduledThreadPoolExecutor$DelayedWorkQueue.take(ScheduledThreadPoolExecutor.java:1093)
        at java.util.concurrent.ScheduledThreadPoolExecutor$DelayedWorkQueue.take(ScheduledThreadPoolExecutor.java:809)
        at java.util.concurrent.ThreadPoolExecutor.getTask(ThreadPoolExecutor.java:1074)
        at java.util.concurrent.ThreadPoolExecutor.runWorker(ThreadPoolExecutor.java:1134)
        at java.util.concurrent.ThreadPoolExecutor$Worker.run(ThreadPoolExecutor.java:624)
        at java.lang.Thread.run(Thread.java:750)
"qtp896731725-314" daemon prio=5 tid=314 timed_waiting
java.lang.Thread.State: TIMED_WAITING
        at sun.misc.Unsafe.park(Native Method)
        at java.util.concurrent.locks.LockSupport.parkNanos(LockSupport.java:215)
        at java.util.concurrent.locks.AbstractQueuedSynchronizer$ConditionObject.awaitNanos(AbstractQueuedSynchronizer.java:2078)
        at org.eclipse.jetty.util.BlockingArrayQueue.poll(BlockingArrayQueue.java:382)
        at org.eclipse.jetty.util.thread.QueuedThreadPool$Runner.idleJobPoll(QueuedThreadPool.java:974)
        at org.eclipse.jetty.util.thread.QueuedThreadPool$Runner.run(QueuedThreadPool.java:1018)
        at java.lang.Thread.run(Thread.java:750)
"5f7d9b36-4620-4ba9-8a78-929bd6ddd1f9@group-DF79F62058F4-SegmentedRaftLogWorker"  prio=5 tid=751 timed_waiting
java.lang.Thread.State: TIMED_WAITING
        at sun.misc.Unsafe.park(Native Method)
        at java.util.concurrent.locks.LockSupport.parkNanos(LockSupport.java:215)
        at java.util.concurrent.locks.AbstractQueuedSynchronizer$ConditionObject.awaitNanos(AbstractQueuedSynchronizer.java:2078)
        at org.apache.ratis.util.DataBlockingQueue.poll(DataBlockingQueue.java:148)
        at org.apache.ratis.server.raftlog.segmented.SegmentedRaftLogWorker.run(SegmentedRaftLogWorker.java:307)
        at org.apache.ratis.server.raftlog.segmented.SegmentedRaftLogWorker$$Lambda$819/704615668.run(Unknown Source)
        at java.util.concurrent.Executors$RunnableAdapter.call(Executors.java:511)
        at java.util.concurrent.FutureTask.run(FutureTask.java:266)
        at java.util.concurrent.ThreadPoolExecutor.runWorker(ThreadPoolExecutor.java:1149)
        at java.util.concurrent.ThreadPoolExecutor$Worker.run(ThreadPoolExecutor.java:624)
        at java.lang.Thread.run(Thread.java:750)
"Session-HouseKeeper-ad7563d-1"  prio=5 tid=404 timed_waiting
java.lang.Thread.State: TIMED_WAITING
        at sun.misc.Unsafe.park(Native Method)
        at java.util.concurrent.locks.LockSupport.parkNanos(LockSupport.java:215)
        at java.util.concurrent.locks.AbstractQueuedSynchronizer$ConditionObject.awaitNanos(AbstractQueuedSynchronizer.java:2078)
        at java.util.concurrent.ScheduledThreadPoolExecutor$DelayedWorkQueue.take(ScheduledThreadPoolExecutor.java:1093)
        at java.util.concurrent.ScheduledThreadPoolExecutor$DelayedWorkQueue.take(ScheduledThreadPoolExecutor.java:809)
        at java.util.concurrent.ThreadPoolExecutor.getTask(ThreadPoolExecutor.java:1074)
        at java.util.concurrent.ThreadPoolExecutor.runWorker(ThreadPoolExecutor.java:1134)
        at java.util.concurrent.ThreadPoolExecutor$Worker.run(ThreadPoolExecutor.java:624)
        at java.lang.Thread.run(Thread.java:750)
"18227f38-d602-4438-971e-c9cd287df9cb@group-DF79F62058F4-StateMachineUpdater" daemon prio=5 tid=749 timed_waiting
java.lang.Thread.State: TIMED_WAITING
        at sun.misc.Unsafe.park(Native Method)
        at java.util.concurrent.locks.LockSupport.parkNanos(LockSupport.java:215)
        at java.util.concurrent.locks.AbstractQueuedSynchronizer$ConditionObject.await(AbstractQueuedSynchronizer.java:2163)
        at org.apache.ratis.util.AwaitForSignal.await(AwaitForSignal.java:62)
        at org.apache.ratis.server.impl.StateMachineUpdater.waitForCommit(StateMachineUpdater.java:209)
        at org.apache.ratis.server.impl.StateMachineUpdater.run(StateMachineUpdater.java:178)
        at java.lang.Thread.run(Thread.java:750)
"qtp830753455-373" daemon prio=5 tid=373 timed_waiting
java.lang.Thread.State: TIMED_WAITING
        at sun.misc.Unsafe.park(Native Method)
        at java.util.concurrent.locks.LockSupport.parkNanos(LockSupport.java:215)
        at java.util.concurrent.locks.AbstractQueuedSynchronizer$ConditionObject.awaitNanos(AbstractQueuedSynchronizer.java:2078)
        at org.eclipse.jetty.util.BlockingArrayQueue.poll(BlockingArrayQueue.java:382)
        at org.eclipse.jetty.util.thread.QueuedThreadPool$Runner.idleJobPoll(QueuedThreadPool.java:974)
        at org.eclipse.jetty.util.thread.QueuedThreadPool$Runner.run(QueuedThreadPool.java:1018)
        at java.lang.Thread.run(Thread.java:750)
"5f7d9b36-4620-4ba9-8a78-929bd6ddd1f9@group-B6DCA21AE844-LeaderStateImpl" daemon prio=5 tid=948 timed_waiting
java.lang.Thread.State: TIMED_WAITING
        at sun.misc.Unsafe.park(Native Method)
        at java.util.concurrent.locks.LockSupport.parkNanos(LockSupport.java:215)
        at java.util.concurrent.locks.AbstractQueuedSynchronizer$ConditionObject.awaitNanos(AbstractQueuedSynchronizer.java:2078)
        at java.util.concurrent.ArrayBlockingQueue.poll(ArrayBlockingQueue.java:418)
        at org.apache.ratis.server.impl.LeaderStateImpl$EventQueue.poll(LeaderStateImpl.java:164)
        at org.apache.ratis.server.impl.LeaderStateImpl$EventProcessor.run(LeaderStateImpl.java:702)
"5f7d9b36-4620-4ba9-8a78-929bd6ddd1f9-ChunkReader-0" daemon prio=5 tid=1153 in Object.wait()
java.lang.Thread.State: WAITING (on object monitor)
        at sun.misc.Unsafe.park(Native Method)
        at java.util.concurrent.locks.LockSupport.park(LockSupport.java:175)
        at java.util.concurrent.locks.AbstractQueuedSynchronizer$ConditionObject.await(AbstractQueuedSynchronizer.java:2039)
        at java.util.concurrent.LinkedBlockingQueue.take(LinkedBlockingQueue.java:442)
        at java.util.concurrent.ThreadPoolExecutor.getTask(ThreadPoolExecutor.java:1074)
        at java.util.concurrent.ThreadPoolExecutor.runWorker(ThreadPoolExecutor.java:1134)
        at java.util.concurrent.ThreadPoolExecutor$Worker.run(ThreadPoolExecutor.java:624)
        at java.lang.Thread.run(Thread.java:750)
"fedf11b8-0957-422e-880a-91cc26979c7a@group-BD96D7F114B6-StateMachineUpdater" daemon prio=5 tid=643 timed_waiting
java.lang.Thread.State: TIMED_WAITING
        at sun.misc.Unsafe.park(Native Method)
        at java.util.concurrent.locks.LockSupport.parkNanos(LockSupport.java:215)
        at java.util.concurrent.locks.AbstractQueuedSynchronizer$ConditionObject.await(AbstractQueuedSynchronizer.java:2163)
        at org.apache.ratis.util.AwaitForSignal.await(AwaitForSignal.java:62)
        at org.apache.ratis.server.impl.StateMachineUpdater.waitForCommit(StateMachineUpdater.java:209)
        at org.apache.ratis.server.impl.StateMachineUpdater.run(StateMachineUpdater.java:178)
        at java.lang.Thread.run(Thread.java:750)
"org.apache.hadoop.ozone.container.common.statemachine.commandhandler.DeleteBlocksCommandHandler$DeleteCmdWorker@3f1f6171" daemon prio=5 tid=423 timed_waiting
java.lang.Thread.State: TIMED_WAITING
        at java.lang.Thread.sleep(Native Method)
        at org.apache.hadoop.ozone.container.common.statemachine.commandhandler.DeleteBlocksCommandHandler$DeleteCmdWorker.run(DeleteBlocksCommandHandler.java:237)
        at java.lang.Thread.run(Thread.java:750)
"fadd24ee-4463-4420-97cf-bdd350ad83ae-CommandProcessorThread" daemon prio=5 tid=301 timed_waiting
java.lang.Thread.State: TIMED_WAITING
        at java.lang.Thread.sleep(Native Method)
        at org.apache.hadoop.ozone.container.common.statemachine.DatanodeStateMachine.lambda$initCommandHandlerThread$4(DatanodeStateMachine.java:684)
        at org.apache.hadoop.ozone.container.common.statemachine.DatanodeStateMachine$$Lambda$927/756418972.run(Unknown Source)
        at java.lang.Thread.run(Thread.java:750)
"FullTableCache-Cleanup-0" daemon prio=5 tid=996 in Object.wait()
java.lang.Thread.State: WAITING (on object monitor)
        at sun.misc.Unsafe.park(Native Method)
        at java.util.concurrent.locks.LockSupport.park(LockSupport.java:175)
        at java.util.concurrent.locks.AbstractQueuedSynchronizer$ConditionObject.await(AbstractQueuedSynchronizer.java:2039)
        at java.util.concurrent.LinkedBlockingQueue.take(LinkedBlockingQueue.java:442)
        at java.util.concurrent.ThreadPoolExecutor.getTask(ThreadPoolExecutor.java:1074)
        at java.util.concurrent.ThreadPoolExecutor.runWorker(ThreadPoolExecutor.java:1134)
        at java.util.concurrent.ThreadPoolExecutor$Worker.run(ThreadPoolExecutor.java:624)
        at java.lang.Thread.run(Thread.java:750)
"d9016e39-0130-4fd9-896a-cac3c2785d02-DeleteContainerThread-0"  prio=5 tid=1330 in Object.wait()
java.lang.Thread.State: WAITING (on object monitor)
        at sun.misc.Unsafe.park(Native Method)
        at java.util.concurrent.locks.LockSupport.park(LockSupport.java:175)
        at java.util.concurrent.locks.AbstractQueuedSynchronizer$ConditionObject.await(AbstractQueuedSynchronizer.java:2039)
        at java.util.concurrent.LinkedBlockingQueue.take(LinkedBlockingQueue.java:442)
        at java.util.concurrent.ThreadPoolExecutor.getTask(ThreadPoolExecutor.java:1074)
        at java.util.concurrent.ThreadPoolExecutor.runWorker(ThreadPoolExecutor.java:1134)
        at java.util.concurrent.ThreadPoolExecutor$Worker.run(ThreadPoolExecutor.java:624)
        at java.lang.Thread.run(Thread.java:750)
"Hadoop-Metrics-Updater-0" daemon prio=5 tid=141 timed_waiting
java.lang.Thread.State: TIMED_WAITING
        at sun.misc.Unsafe.park(Native Method)
        at java.util.concurrent.locks.LockSupport.parkNanos(LockSupport.java:215)
        at java.util.concurrent.locks.AbstractQueuedSynchronizer$ConditionObject.awaitNanos(AbstractQueuedSynchronizer.java:2078)
        at java.util.concurrent.ScheduledThreadPoolExecutor$DelayedWorkQueue.take(ScheduledThreadPoolExecutor.java:1093)
        at java.util.concurrent.ScheduledThreadPoolExecutor$DelayedWorkQueue.take(ScheduledThreadPoolExecutor.java:809)
        at java.util.concurrent.ThreadPoolExecutor.getTask(ThreadPoolExecutor.java:1074)
        at java.util.concurrent.ThreadPoolExecutor.runWorker(ThreadPoolExecutor.java:1134)
        at java.util.concurrent.ThreadPoolExecutor$Worker.run(ThreadPoolExecutor.java:624)
        at java.lang.Thread.run(Thread.java:750)
"92ba0aed-1dcc-4895-b5bb-fc45f440be2e@group-DF79F62058F4-StateMachineUpdater" daemon prio=5 tid=708 timed_waiting
java.lang.Thread.State: TIMED_WAITING
        at sun.misc.Unsafe.park(Native Method)
        at java.util.concurrent.locks.LockSupport.parkNanos(LockSupport.java:215)
        at java.util.concurrent.locks.AbstractQueuedSynchronizer$ConditionObject.await(AbstractQueuedSynchronizer.java:2163)
        at org.apache.ratis.util.AwaitForSignal.await(AwaitForSignal.java:62)
        at org.apache.ratis.server.impl.StateMachineUpdater.waitForCommit(StateMachineUpdater.java:209)
        at org.apache.ratis.server.impl.StateMachineUpdater.run(StateMachineUpdater.java:178)
        at java.lang.Thread.run(Thread.java:750)
"Session-HouseKeeper-35603d9f-1"  prio=5 tid=375 timed_waiting
java.lang.Thread.State: TIMED_WAITING
        at sun.misc.Unsafe.park(Native Method)
        at java.util.concurrent.locks.LockSupport.parkNanos(LockSupport.java:215)
        at java.util.concurrent.locks.AbstractQueuedSynchronizer$ConditionObject.awaitNanos(AbstractQueuedSynchronizer.java:2078)
        at java.util.concurrent.ScheduledThreadPoolExecutor$DelayedWorkQueue.take(ScheduledThreadPoolExecutor.java:1093)
        at java.util.concurrent.ScheduledThreadPoolExecutor$DelayedWorkQueue.take(ScheduledThreadPoolExecutor.java:809)
        at java.util.concurrent.ThreadPoolExecutor.getTask(ThreadPoolExecutor.java:1074)
        at java.util.concurrent.ThreadPoolExecutor.runWorker(ThreadPoolExecutor.java:1134)
        at java.util.concurrent.ThreadPoolExecutor$Worker.run(ThreadPoolExecutor.java:624)
        at java.lang.Thread.run(Thread.java:750)
"0eeb79a9-13fd-416c-b2a7-6f654c6b5029-ChunkWriter-3-0" daemon prio=5 tid=502 in Object.wait()
java.lang.Thread.State: WAITING (on object monitor)
        at sun.misc.Unsafe.park(Native Method)
        at java.util.concurrent.locks.LockSupport.park(LockSupport.java:175)
        at java.util.concurrent.locks.AbstractQueuedSynchronizer$ConditionObject.await(AbstractQueuedSynchronizer.java:2039)
        at java.util.concurrent.LinkedBlockingDeque.takeFirst(LinkedBlockingDeque.java:492)
        at java.util.concurrent.LinkedBlockingDeque.take(LinkedBlockingDeque.java:680)
        at java.util.concurrent.ThreadPoolExecutor.getTask(ThreadPoolExecutor.java:1074)
        at java.util.concurrent.ThreadPoolExecutor.runWorker(ThreadPoolExecutor.java:1134)
        at java.util.concurrent.ThreadPoolExecutor$Worker.run(ThreadPoolExecutor.java:624)
        at java.lang.Thread.run(Thread.java:750)
"0e92623e-4dcf-4eff-ae25-f8b8c2de319b-ChunkReader-7" daemon prio=5 tid=1164 in Object.wait()
java.lang.Thread.State: WAITING (on object monitor)
        at sun.misc.Unsafe.park(Native Method)
        at java.util.concurrent.locks.LockSupport.park(LockSupport.java:175)
        at java.util.concurrent.locks.AbstractQueuedSynchronizer$ConditionObject.await(AbstractQueuedSynchronizer.java:2039)
        at java.util.concurrent.LinkedBlockingQueue.take(LinkedBlockingQueue.java:442)
        at java.util.concurrent.ThreadPoolExecutor.getTask(ThreadPoolExecutor.java:1074)
        at java.util.concurrent.ThreadPoolExecutor.runWorker(ThreadPoolExecutor.java:1134)
        at java.util.concurrent.ThreadPoolExecutor$Worker.run(ThreadPoolExecutor.java:624)
        at java.lang.Thread.run(Thread.java:750)
"d9016e39-0130-4fd9-896a-cac3c2785d02-BlockDeletingService#1" daemon prio=5 tid=1225 in Object.wait()
java.lang.Thread.State: WAITING (on object monitor)
        at sun.misc.Unsafe.park(Native Method)
        at java.util.concurrent.locks.LockSupport.park(LockSupport.java:175)
        at java.util.concurrent.locks.AbstractQueuedSynchronizer$ConditionObject.await(AbstractQueuedSynchronizer.java:2039)
        at java.util.concurrent.ScheduledThreadPoolExecutor$DelayedWorkQueue.take(ScheduledThreadPoolExecutor.java:1088)
        at java.util.concurrent.ScheduledThreadPoolExecutor$DelayedWorkQueue.take(ScheduledThreadPoolExecutor.java:809)
        at java.util.concurrent.ThreadPoolExecutor.getTask(ThreadPoolExecutor.java:1074)
        at java.util.concurrent.ThreadPoolExecutor.runWorker(ThreadPoolExecutor.java:1134)
        at java.util.concurrent.ThreadPoolExecutor$Worker.run(ThreadPoolExecutor.java:624)
        at java.lang.Thread.run(Thread.java:750)
"d9016e39-0130-4fd9-896a-cac3c2785d02@group-09A8159B88D0-StateMachineUpdater" daemon prio=5 tid=1252 timed_waiting
java.lang.Thread.State: TIMED_WAITING
        at sun.misc.Unsafe.park(Native Method)
        at java.util.concurrent.locks.LockSupport.parkNanos(LockSupport.java:215)
        at java.util.concurrent.locks.AbstractQueuedSynchronizer$ConditionObject.await(AbstractQueuedSynchronizer.java:2163)
        at org.apache.ratis.util.AwaitForSignal.await(AwaitForSignal.java:62)
        at org.apache.ratis.server.impl.StateMachineUpdater.waitForCommit(StateMachineUpdater.java:209)
        at org.apache.ratis.server.impl.StateMachineUpdater.run(StateMachineUpdater.java:178)
        at java.lang.Thread.run(Thread.java:750)
"Socket Reader #1 for port 15028"  prio=5 tid=1188 runnable
java.lang.Thread.State: RUNNABLE
        at sun.nio.ch.EPollArrayWrapper.epollWait(Native Method)
        at sun.nio.ch.EPollArrayWrapper.poll(EPollArrayWrapper.java:269)
        at sun.nio.ch.EPollSelectorImpl.doSelect(EPollSelectorImpl.java:93)
        at sun.nio.ch.SelectorImpl.lockAndDoSelect(SelectorImpl.java:86)
        at sun.nio.ch.SelectorImpl.select(SelectorImpl.java:97)
        at sun.nio.ch.SelectorImpl.select(SelectorImpl.java:101)
        at org.apache.hadoop.ipc.Server$Listener$Reader.doRunLoop(Server.java:1346)
        at org.apache.hadoop.ipc.Server$Listener$Reader.run(Server.java:1325)
"4cee0e49-9f18-41f8-8e67-157ccbc15955-ChunkWriter-3-0" daemon prio=5 tid=547 in Object.wait()
java.lang.Thread.State: WAITING (on object monitor)
        at sun.misc.Unsafe.park(Native Method)
        at java.util.concurrent.locks.LockSupport.park(LockSupport.java:175)
        at java.util.concurrent.locks.AbstractQueuedSynchronizer$ConditionObject.await(AbstractQueuedSynchronizer.java:2039)
        at java.util.concurrent.LinkedBlockingDeque.takeFirst(LinkedBlockingDeque.java:492)
        at java.util.concurrent.LinkedBlockingDeque.take(LinkedBlockingDeque.java:680)
        at java.util.concurrent.ThreadPoolExecutor.getTask(ThreadPoolExecutor.java:1074)
        at java.util.concurrent.ThreadPoolExecutor.runWorker(ThreadPoolExecutor.java:1134)
        at java.util.concurrent.ThreadPoolExecutor$Worker.run(ThreadPoolExecutor.java:624)
        at java.lang.Thread.run(Thread.java:750)
"d9016e39-0130-4fd9-896a-cac3c2785d02@group-F4EC317F4A3C-SegmentedRaftLogWorker"  prio=5 tid=1280 timed_waiting
java.lang.Thread.State: TIMED_WAITING
        at sun.misc.Unsafe.park(Native Method)
        at java.util.concurrent.locks.LockSupport.parkNanos(LockSupport.java:215)
        at java.util.concurrent.locks.AbstractQueuedSynchronizer$ConditionObject.awaitNanos(AbstractQueuedSynchronizer.java:2078)
        at org.apache.ratis.util.DataBlockingQueue.poll(DataBlockingQueue.java:148)
        at org.apache.ratis.server.raftlog.segmented.SegmentedRaftLogWorker.run(SegmentedRaftLogWorker.java:307)
        at org.apache.ratis.server.raftlog.segmented.SegmentedRaftLogWorker$$Lambda$819/704615668.run(Unknown Source)
        at java.util.concurrent.Executors$RunnableAdapter.call(Executors.java:511)
        at java.util.concurrent.FutureTask.run(FutureTask.java:266)
        at java.util.concurrent.ThreadPoolExecutor.runWorker(ThreadPoolExecutor.java:1149)
        at java.util.concurrent.ThreadPoolExecutor$Worker.run(ThreadPoolExecutor.java:624)
        at java.lang.Thread.run(Thread.java:750)
"0eeb79a9-13fd-416c-b2a7-6f654c6b5029-DatanodeReportManager-4" daemon prio=5 tid=242 in Object.wait()
java.lang.Thread.State: WAITING (on object monitor)
        at sun.misc.Unsafe.park(Native Method)
        at java.util.concurrent.locks.LockSupport.park(LockSupport.java:175)
        at java.util.concurrent.locks.AbstractQueuedSynchronizer$ConditionObject.await(AbstractQueuedSynchronizer.java:2039)
        at java.util.concurrent.ScheduledThreadPoolExecutor$DelayedWorkQueue.take(ScheduledThreadPoolExecutor.java:1088)
        at java.util.concurrent.ScheduledThreadPoolExecutor$DelayedWorkQueue.take(ScheduledThreadPoolExecutor.java:809)
        at java.util.concurrent.ThreadPoolExecutor.getTask(ThreadPoolExecutor.java:1074)
        at java.util.concurrent.ThreadPoolExecutor.runWorker(ThreadPoolExecutor.java:1134)
        at java.util.concurrent.ThreadPoolExecutor$Worker.run(ThreadPoolExecutor.java:624)
        at java.lang.Thread.run(Thread.java:750)
"qtp1908574814-158" daemon prio=5 tid=158 timed_waiting
java.lang.Thread.State: TIMED_WAITING
        at sun.misc.Unsafe.park(Native Method)
        at java.util.concurrent.locks.LockSupport.parkNanos(LockSupport.java:215)
        at java.util.concurrent.locks.AbstractQueuedSynchronizer$ConditionObject.awaitNanos(AbstractQueuedSynchronizer.java:2078)
        at org.eclipse.jetty.util.BlockingArrayQueue.poll(BlockingArrayQueue.java:382)
        at org.eclipse.jetty.util.thread.QueuedThreadPool$Runner.idleJobPoll(QueuedThreadPool.java:974)
        at org.eclipse.jetty.util.thread.QueuedThreadPool$Runner.run(QueuedThreadPool.java:1018)
        at java.lang.Thread.run(Thread.java:750)
"fadd24ee-4463-4420-97cf-bdd350ad83ae@group-BD8DE2487517-LeaderStateImpl" daemon prio=5 tid=900 timed_waiting
java.lang.Thread.State: TIMED_WAITING
        at sun.misc.Unsafe.park(Native Method)
        at java.util.concurrent.locks.LockSupport.parkNanos(LockSupport.java:215)
        at java.util.concurrent.locks.AbstractQueuedSynchronizer$ConditionObject.awaitNanos(AbstractQueuedSynchronizer.java:2078)
        at java.util.concurrent.ArrayBlockingQueue.poll(ArrayBlockingQueue.java:418)
        at org.apache.ratis.server.impl.LeaderStateImpl$EventQueue.poll(LeaderStateImpl.java:164)
        at org.apache.ratis.server.impl.LeaderStateImpl$EventProcessor.run(LeaderStateImpl.java:702)
"EventQueue-HealthyReadonlyToHealthyNodeForReadOnlyHealthyToHealthyNodeHandler" daemon prio=5 tid=1228 in Object.wait()
java.lang.Thread.State: WAITING (on object monitor)
        at sun.misc.Unsafe.park(Native Method)
        at java.util.concurrent.locks.LockSupport.park(LockSupport.java:175)
        at java.util.concurrent.locks.AbstractQueuedSynchronizer$ConditionObject.await(AbstractQueuedSynchronizer.java:2039)
        at java.util.concurrent.LinkedBlockingQueue.take(LinkedBlockingQueue.java:442)
        at java.util.concurrent.ThreadPoolExecutor.getTask(ThreadPoolExecutor.java:1074)
        at java.util.concurrent.ThreadPoolExecutor.runWorker(ThreadPoolExecutor.java:1134)
        at java.util.concurrent.ThreadPoolExecutor$Worker.run(ThreadPoolExecutor.java:624)
        at java.lang.Thread.run(Thread.java:750)
"5f7d9b36-4620-4ba9-8a78-929bd6ddd1f9-DatanodeStateMachineTaskThread-1"  prio=5 tid=600 in Object.wait()
java.lang.Thread.State: WAITING (on object monitor)
        at sun.misc.Unsafe.park(Native Method)
        at java.util.concurrent.locks.LockSupport.park(LockSupport.java:175)
        at java.util.concurrent.locks.AbstractQueuedSynchronizer$ConditionObject.await(AbstractQueuedSynchronizer.java:2039)
        at java.util.concurrent.LinkedBlockingQueue.take(LinkedBlockingQueue.java:442)
        at java.util.concurrent.ThreadPoolExecutor.getTask(ThreadPoolExecutor.java:1074)
        at java.util.concurrent.ThreadPoolExecutor.runWorker(ThreadPoolExecutor.java:1134)
        at java.util.concurrent.ThreadPoolExecutor$Worker.run(ThreadPoolExecutor.java:624)
        at java.lang.Thread.run(Thread.java:750)
"fedf11b8-0957-422e-880a-91cc26979c7a-ChunkReader-2" daemon prio=5 tid=1457 in Object.wait()
java.lang.Thread.State: WAITING (on object monitor)
        at sun.misc.Unsafe.park(Native Method)
        at java.util.concurrent.locks.LockSupport.park(LockSupport.java:175)
        at java.util.concurrent.locks.AbstractQueuedSynchronizer$ConditionObject.await(AbstractQueuedSynchronizer.java:2039)
        at java.util.concurrent.LinkedBlockingQueue.take(LinkedBlockingQueue.java:442)
        at java.util.concurrent.ThreadPoolExecutor.getTask(ThreadPoolExecutor.java:1074)
        at java.util.concurrent.ThreadPoolExecutor.runWorker(ThreadPoolExecutor.java:1134)
        at java.util.concurrent.ThreadPoolExecutor$Worker.run(ThreadPoolExecutor.java:624)
        at java.lang.Thread.run(Thread.java:750)
"4cee0e49-9f18-41f8-8e67-157ccbc15955-ChunkReader-3" daemon prio=5 tid=1055 in Object.wait()
java.lang.Thread.State: WAITING (on object monitor)
        at sun.misc.Unsafe.park(Native Method)
        at java.util.concurrent.locks.LockSupport.park(LockSupport.java:175)
        at java.util.concurrent.locks.AbstractQueuedSynchronizer$ConditionObject.await(AbstractQueuedSynchronizer.java:2039)
        at java.util.concurrent.LinkedBlockingQueue.take(LinkedBlockingQueue.java:442)
        at java.util.concurrent.ThreadPoolExecutor.getTask(ThreadPoolExecutor.java:1074)
        at java.util.concurrent.ThreadPoolExecutor.runWorker(ThreadPoolExecutor.java:1134)
        at java.util.concurrent.ThreadPoolExecutor$Worker.run(ThreadPoolExecutor.java:624)
        at java.lang.Thread.run(Thread.java:750)
"18227f38-d602-4438-971e-c9cd287df9cb-ChunkReader-4" daemon prio=5 tid=1446 in Object.wait()
java.lang.Thread.State: WAITING (on object monitor)
        at sun.misc.Unsafe.park(Native Method)
        at java.util.concurrent.locks.LockSupport.park(LockSupport.java:175)
        at java.util.concurrent.locks.AbstractQueuedSynchronizer$ConditionObject.await(AbstractQueuedSynchronizer.java:2039)
        at java.util.concurrent.LinkedBlockingQueue.take(LinkedBlockingQueue.java:442)
        at java.util.concurrent.ThreadPoolExecutor.getTask(ThreadPoolExecutor.java:1074)
        at java.util.concurrent.ThreadPoolExecutor.runWorker(ThreadPoolExecutor.java:1134)
        at java.util.concurrent.ThreadPoolExecutor$Worker.run(ThreadPoolExecutor.java:624)
        at java.lang.Thread.run(Thread.java:750)
"0eeb79a9-13fd-416c-b2a7-6f654c6b5029-CloseContainerThread-1"  prio=5 tid=1420 in Object.wait()
java.lang.Thread.State: WAITING (on object monitor)
        at sun.misc.Unsafe.park(Native Method)
        at java.util.concurrent.locks.LockSupport.park(LockSupport.java:175)
        at java.util.concurrent.locks.AbstractQueuedSynchronizer$ConditionObject.await(AbstractQueuedSynchronizer.java:2039)
        at java.util.concurrent.LinkedBlockingQueue.take(LinkedBlockingQueue.java:442)
        at java.util.concurrent.ThreadPoolExecutor.getTask(ThreadPoolExecutor.java:1074)
        at java.util.concurrent.ThreadPoolExecutor.runWorker(ThreadPoolExecutor.java:1134)
        at java.util.concurrent.ThreadPoolExecutor$Worker.run(ThreadPoolExecutor.java:624)
        at java.lang.Thread.run(Thread.java:750)
"d9016e39-0130-4fd9-896a-cac3c2785d02-server-thread2" daemon prio=5 tid=1317 timed_waiting
java.lang.Thread.State: TIMED_WAITING
        at sun.misc.Unsafe.park(Native Method)
        at java.util.concurrent.locks.LockSupport.parkNanos(LockSupport.java:215)
        at java.util.concurrent.SynchronousQueue$TransferStack.awaitFulfill(SynchronousQueue.java:460)
        at java.util.concurrent.SynchronousQueue$TransferStack.transfer(SynchronousQueue.java:362)
        at java.util.concurrent.SynchronousQueue.poll(SynchronousQueue.java:941)
        at java.util.concurrent.ThreadPoolExecutor.getTask(ThreadPoolExecutor.java:1073)
        at java.util.concurrent.ThreadPoolExecutor.runWorker(ThreadPoolExecutor.java:1134)
        at java.util.concurrent.ThreadPoolExecutor$Worker.run(ThreadPoolExecutor.java:624)
        at java.lang.Thread.run(Thread.java:750)
"StaleRecoveringContainerScrubbingService#0" daemon prio=5 tid=1224 in Object.wait()
java.lang.Thread.State: WAITING (on object monitor)
        at sun.misc.Unsafe.park(Native Method)
        at java.util.concurrent.locks.LockSupport.park(LockSupport.java:175)
        at java.util.concurrent.locks.AbstractQueuedSynchronizer$ConditionObject.await(AbstractQueuedSynchronizer.java:2039)
        at java.util.concurrent.ScheduledThreadPoolExecutor$DelayedWorkQueue.take(ScheduledThreadPoolExecutor.java:1088)
        at java.util.concurrent.ScheduledThreadPoolExecutor$DelayedWorkQueue.take(ScheduledThreadPoolExecutor.java:809)
        at java.util.concurrent.ThreadPoolExecutor.getTask(ThreadPoolExecutor.java:1074)
        at java.util.concurrent.ThreadPoolExecutor.runWorker(ThreadPoolExecutor.java:1134)
        at java.util.concurrent.ThreadPoolExecutor$Worker.run(ThreadPoolExecutor.java:624)
        at java.lang.Thread.run(Thread.java:750)
"d9016e39-0130-4fd9-896a-cac3c2785d02-ChunkWriter-0-0" daemon prio=5 tid=1206 in Object.wait()
java.lang.Thread.State: WAITING (on object monitor)
        at sun.misc.Unsafe.park(Native Method)
        at java.util.concurrent.locks.LockSupport.park(LockSupport.java:175)
        at java.util.concurrent.locks.AbstractQueuedSynchronizer$ConditionObject.await(AbstractQueuedSynchronizer.java:2039)
        at java.util.concurrent.LinkedBlockingDeque.takeFirst(LinkedBlockingDeque.java:492)
        at java.util.concurrent.LinkedBlockingDeque.take(LinkedBlockingDeque.java:680)
        at java.util.concurrent.ThreadPoolExecutor.getTask(ThreadPoolExecutor.java:1074)
        at java.util.concurrent.ThreadPoolExecutor.runWorker(ThreadPoolExecutor.java:1134)
        at java.util.concurrent.ThreadPoolExecutor$Worker.run(ThreadPoolExecutor.java:624)
        at java.lang.Thread.run(Thread.java:750)
"d9016e39-0130-4fd9-896a-cac3c2785d02-DatanodeReportManager-2" daemon prio=5 tid=1196 timed_waiting
java.lang.Thread.State: TIMED_WAITING
        at sun.misc.Unsafe.park(Native Method)
        at java.util.concurrent.locks.LockSupport.parkNanos(LockSupport.java:215)
        at java.util.concurrent.locks.AbstractQueuedSynchronizer$ConditionObject.awaitNanos(AbstractQueuedSynchronizer.java:2078)
        at java.util.concurrent.ScheduledThreadPoolExecutor$DelayedWorkQueue.take(ScheduledThreadPoolExecutor.java:1093)
        at java.util.concurrent.ScheduledThreadPoolExecutor$DelayedWorkQueue.take(ScheduledThreadPoolExecutor.java:809)
        at java.util.concurrent.ThreadPoolExecutor.getTask(ThreadPoolExecutor.java:1074)
        at java.util.concurrent.ThreadPoolExecutor.runWorker(ThreadPoolExecutor.java:1134)
        at java.util.concurrent.ThreadPoolExecutor$Worker.run(ThreadPoolExecutor.java:624)
        at java.lang.Thread.run(Thread.java:750)
"18227f38-d602-4438-971e-c9cd287df9cb-ChunkReader-2" daemon prio=5 tid=1352 in Object.wait()
java.lang.Thread.State: WAITING (on object monitor)
        at sun.misc.Unsafe.park(Native Method)
        at java.util.concurrent.locks.LockSupport.park(LockSupport.java:175)
        at java.util.concurrent.locks.AbstractQueuedSynchronizer$ConditionObject.await(AbstractQueuedSynchronizer.java:2039)
        at java.util.concurrent.LinkedBlockingQueue.take(LinkedBlockingQueue.java:442)
        at java.util.concurrent.ThreadPoolExecutor.getTask(ThreadPoolExecutor.java:1074)
        at java.util.concurrent.ThreadPoolExecutor.runWorker(ThreadPoolExecutor.java:1134)
        at java.util.concurrent.ThreadPoolExecutor$Worker.run(ThreadPoolExecutor.java:624)
        at java.lang.Thread.run(Thread.java:750)
"5f7d9b36-4620-4ba9-8a78-929bd6ddd1f9@group-B6DCA21AE844-StateMachineUpdater" daemon prio=5 tid=736 timed_waiting
java.lang.Thread.State: TIMED_WAITING
        at sun.misc.Unsafe.park(Native Method)
        at java.util.concurrent.locks.LockSupport.parkNanos(LockSupport.java:215)
        at java.util.concurrent.locks.AbstractQueuedSynchronizer$ConditionObject.await(AbstractQueuedSynchronizer.java:2163)
        at org.apache.ratis.util.AwaitForSignal.await(AwaitForSignal.java:62)
        at org.apache.ratis.server.impl.StateMachineUpdater.waitForCommit(StateMachineUpdater.java:209)
        at org.apache.ratis.server.impl.StateMachineUpdater.run(StateMachineUpdater.java:178)
        at java.lang.Thread.run(Thread.java:750)
"IPC Server handler 0 on default port 15082" daemon prio=5 tid=439 timed_waiting
java.lang.Thread.State: TIMED_WAITING
        at sun.misc.Unsafe.park(Native Method)
        at java.util.concurrent.locks.LockSupport.parkNanos(LockSupport.java:215)
        at java.util.concurrent.locks.AbstractQueuedSynchronizer$ConditionObject.awaitNanos(AbstractQueuedSynchronizer.java:2078)
        at java.util.concurrent.LinkedBlockingQueue.poll(LinkedBlockingQueue.java:467)
        at org.apache.hadoop.ipc.CallQueueManager.take(CallQueueManager.java:317)
        at org.apache.hadoop.ipc.Server$Handler.run(Server.java:3014)
"4cee0e49-9f18-41f8-8e67-157ccbc15955-DatanodeReportManager-0" daemon prio=5 tid=325 timed_waiting
java.lang.Thread.State: TIMED_WAITING
        at sun.misc.Unsafe.park(Native Method)
        at java.util.concurrent.locks.LockSupport.parkNanos(LockSupport.java:215)
        at java.util.concurrent.locks.AbstractQueuedSynchronizer$ConditionObject.awaitNanos(AbstractQueuedSynchronizer.java:2078)
        at java.util.concurrent.ScheduledThreadPoolExecutor$DelayedWorkQueue.take(ScheduledThreadPoolExecutor.java:1093)
        at java.util.concurrent.ScheduledThreadPoolExecutor$DelayedWorkQueue.take(ScheduledThreadPoolExecutor.java:809)
        at java.util.concurrent.ThreadPoolExecutor.getTask(ThreadPoolExecutor.java:1074)
        at java.util.concurrent.ThreadPoolExecutor.runWorker(ThreadPoolExecutor.java:1134)
        at java.util.concurrent.ThreadPoolExecutor$Worker.run(ThreadPoolExecutor.java:624)
        at java.lang.Thread.run(Thread.java:750)
"d9016e39-0130-4fd9-896a-cac3c2785d02-BlockDeletingService#2" daemon prio=5 tid=1473 in Object.wait()
java.lang.Thread.State: WAITING (on object monitor)
        at sun.misc.Unsafe.park(Native Method)
        at java.util.concurrent.locks.LockSupport.park(LockSupport.java:175)
        at java.util.concurrent.locks.AbstractQueuedSynchronizer$ConditionObject.await(AbstractQueuedSynchronizer.java:2039)
        at java.util.concurrent.ScheduledThreadPoolExecutor$DelayedWorkQueue.take(ScheduledThreadPoolExecutor.java:1088)
        at java.util.concurrent.ScheduledThreadPoolExecutor$DelayedWorkQueue.take(ScheduledThreadPoolExecutor.java:809)
        at java.util.concurrent.ThreadPoolExecutor.getTask(ThreadPoolExecutor.java:1074)
        at java.util.concurrent.ThreadPoolExecutor.runWorker(ThreadPoolExecutor.java:1134)
        at java.util.concurrent.ThreadPoolExecutor$Worker.run(ThreadPoolExecutor.java:624)
        at java.lang.Thread.run(Thread.java:750)
"92ba0aed-1dcc-4895-b5bb-fc45f440be2e-ChunkWriter-3-0" daemon prio=5 tid=577 in Object.wait()
java.lang.Thread.State: WAITING (on object monitor)
        at sun.misc.Unsafe.park(Native Method)
        at java.util.concurrent.locks.LockSupport.park(LockSupport.java:175)
        at java.util.concurrent.locks.AbstractQueuedSynchronizer$ConditionObject.await(AbstractQueuedSynchronizer.java:2039)
        at java.util.concurrent.LinkedBlockingDeque.takeFirst(LinkedBlockingDeque.java:492)
        at java.util.concurrent.LinkedBlockingDeque.take(LinkedBlockingDeque.java:680)
        at java.util.concurrent.ThreadPoolExecutor.getTask(ThreadPoolExecutor.java:1074)
        at java.util.concurrent.ThreadPoolExecutor.runWorker(ThreadPoolExecutor.java:1134)
        at java.util.concurrent.ThreadPoolExecutor$Worker.run(ThreadPoolExecutor.java:624)
        at java.lang.Thread.run(Thread.java:750)
"StaleRecoveringContainerScrubbingService#6" daemon prio=5 tid=1321 in Object.wait()
java.lang.Thread.State: WAITING (on object monitor)
        at sun.misc.Unsafe.park(Native Method)
        at java.util.concurrent.locks.LockSupport.park(LockSupport.java:175)
        at java.util.concurrent.locks.AbstractQueuedSynchronizer$ConditionObject.await(AbstractQueuedSynchronizer.java:2039)
        at java.util.concurrent.ScheduledThreadPoolExecutor$DelayedWorkQueue.take(ScheduledThreadPoolExecutor.java:1088)
        at java.util.concurrent.ScheduledThreadPoolExecutor$DelayedWorkQueue.take(ScheduledThreadPoolExecutor.java:809)
        at java.util.concurrent.ThreadPoolExecutor.getTask(ThreadPoolExecutor.java:1074)
        at java.util.concurrent.ThreadPoolExecutor.runWorker(ThreadPoolExecutor.java:1134)
        at java.util.concurrent.ThreadPoolExecutor$Worker.run(ThreadPoolExecutor.java:624)
        at java.lang.Thread.run(Thread.java:750)
"d9016e39-0130-4fd9-896a-cac3c2785d02-DatanodeReportManager-1" daemon prio=5 tid=1195 timed_waiting
java.lang.Thread.State: TIMED_WAITING
        at sun.misc.Unsafe.park(Native Method)
        at java.util.concurrent.locks.LockSupport.parkNanos(LockSupport.java:215)
        at java.util.concurrent.locks.AbstractQueuedSynchronizer$ConditionObject.awaitNanos(AbstractQueuedSynchronizer.java:2078)
        at java.util.concurrent.ScheduledThreadPoolExecutor$DelayedWorkQueue.take(ScheduledThreadPoolExecutor.java:1093)
        at java.util.concurrent.ScheduledThreadPoolExecutor$DelayedWorkQueue.take(ScheduledThreadPoolExecutor.java:809)
        at java.util.concurrent.ThreadPoolExecutor.getTask(ThreadPoolExecutor.java:1074)
        at java.util.concurrent.ThreadPoolExecutor.runWorker(ThreadPoolExecutor.java:1134)
        at java.util.concurrent.ThreadPoolExecutor$Worker.run(ThreadPoolExecutor.java:624)
        at java.lang.Thread.run(Thread.java:750)
"IPC Server Responder" daemon prio=5 tid=437 runnable
java.lang.Thread.State: RUNNABLE
        at sun.nio.ch.EPollArrayWrapper.epollWait(Native Method)
        at sun.nio.ch.EPollArrayWrapper.poll(EPollArrayWrapper.java:269)
        at sun.nio.ch.EPollSelectorImpl.doSelect(EPollSelectorImpl.java:93)
        at sun.nio.ch.SelectorImpl.lockAndDoSelect(SelectorImpl.java:86)
        at sun.nio.ch.SelectorImpl.select(SelectorImpl.java:97)
        at org.apache.hadoop.ipc.Server$Responder.doRunLoop(Server.java:1582)
        at org.apache.hadoop.ipc.Server$Responder.run(Server.java:1565)
"StaleRecoveringContainerScrubbingService#4" daemon prio=5 tid=1433 in Object.wait()
java.lang.Thread.State: WAITING (on object monitor)
        at sun.misc.Unsafe.park(Native Method)
        at java.util.concurrent.locks.LockSupport.park(LockSupport.java:175)
        at java.util.concurrent.locks.AbstractQueuedSynchronizer$ConditionObject.await(AbstractQueuedSynchronizer.java:2039)
        at java.util.concurrent.ScheduledThreadPoolExecutor$DelayedWorkQueue.take(ScheduledThreadPoolExecutor.java:1088)
        at java.util.concurrent.ScheduledThreadPoolExecutor$DelayedWorkQueue.take(ScheduledThreadPoolExecutor.java:809)
        at java.util.concurrent.ThreadPoolExecutor.getTask(ThreadPoolExecutor.java:1074)
        at java.util.concurrent.ThreadPoolExecutor.runWorker(ThreadPoolExecutor.java:1134)
        at java.util.concurrent.ThreadPoolExecutor$Worker.run(ThreadPoolExecutor.java:624)
        at java.lang.Thread.run(Thread.java:750)
"IPC Server handler 6 on default port 15002" daemon prio=5 tid=97 timed_waiting
java.lang.Thread.State: TIMED_WAITING
        at sun.misc.Unsafe.park(Native Method)
        at java.util.concurrent.locks.LockSupport.parkNanos(LockSupport.java:215)
        at java.util.concurrent.locks.AbstractQueuedSynchronizer$ConditionObject.awaitNanos(AbstractQueuedSynchronizer.java:2078)
        at java.util.concurrent.LinkedBlockingQueue.poll(LinkedBlockingQueue.java:467)
        at org.apache.hadoop.ipc.CallQueueManager.take(CallQueueManager.java:317)
        at org.apache.hadoop.ipc.Server$Handler.run(Server.java:3014)
"92ba0aed-1dcc-4895-b5bb-fc45f440be2e-EndpointStateMachineTaskThread-/0.0.0.0:15002-0 "  prio=5 tid=570 in Object.wait()
java.lang.Thread.State: WAITING (on object monitor)
        at sun.misc.Unsafe.park(Native Method)
        at java.util.concurrent.locks.LockSupport.park(LockSupport.java:175)
        at java.util.concurrent.locks.AbstractQueuedSynchronizer$ConditionObject.await(AbstractQueuedSynchronizer.java:2039)
        at java.util.concurrent.LinkedBlockingQueue.take(LinkedBlockingQueue.java:442)
        at java.util.concurrent.ThreadPoolExecutor.getTask(ThreadPoolExecutor.java:1074)
        at java.util.concurrent.ThreadPoolExecutor.runWorker(ThreadPoolExecutor.java:1134)
        at java.util.concurrent.ThreadPoolExecutor$Worker.run(ThreadPoolExecutor.java:624)
        at java.lang.Thread.run(Thread.java:750)
"qtp1908574814-160" daemon prio=5 tid=160 timed_waiting
java.lang.Thread.State: TIMED_WAITING
        at sun.misc.Unsafe.park(Native Method)
        at java.util.concurrent.locks.LockSupport.parkNanos(LockSupport.java:215)
        at java.util.concurrent.locks.AbstractQueuedSynchronizer$ConditionObject.awaitNanos(AbstractQueuedSynchronizer.java:2078)
        at org.eclipse.jetty.util.BlockingArrayQueue.poll(BlockingArrayQueue.java:382)
        at org.eclipse.jetty.util.thread.QueuedThreadPool$Runner.idleJobPoll(QueuedThreadPool.java:974)
        at org.eclipse.jetty.util.thread.QueuedThreadPool$Runner.run(QueuedThreadPool.java:1018)
        at java.lang.Thread.run(Thread.java:750)
"0eeb79a9-13fd-416c-b2a7-6f654c6b5029-ChunkReader-0" daemon prio=5 tid=1338 in Object.wait()
java.lang.Thread.State: WAITING (on object monitor)
        at sun.misc.Unsafe.park(Native Method)
        at java.util.concurrent.locks.LockSupport.park(LockSupport.java:175)
        at java.util.concurrent.locks.AbstractQueuedSynchronizer$ConditionObject.await(AbstractQueuedSynchronizer.java:2039)
        at java.util.concurrent.LinkedBlockingQueue.take(LinkedBlockingQueue.java:442)
        at java.util.concurrent.ThreadPoolExecutor.getTask(ThreadPoolExecutor.java:1074)
        at java.util.concurrent.ThreadPoolExecutor.runWorker(ThreadPoolExecutor.java:1134)
        at java.util.concurrent.ThreadPoolExecutor$Worker.run(ThreadPoolExecutor.java:624)
        at java.lang.Thread.run(Thread.java:750)
"Hadoop-Metrics-Updater-0" daemon prio=5 tid=438 timed_waiting
java.lang.Thread.State: TIMED_WAITING
        at sun.misc.Unsafe.park(Native Method)
        at java.util.concurrent.locks.LockSupport.parkNanos(LockSupport.java:215)
        at java.util.concurrent.locks.AbstractQueuedSynchronizer$ConditionObject.awaitNanos(AbstractQueuedSynchronizer.java:2078)
        at java.util.concurrent.ScheduledThreadPoolExecutor$DelayedWorkQueue.take(ScheduledThreadPoolExecutor.java:1093)
        at java.util.concurrent.ScheduledThreadPoolExecutor$DelayedWorkQueue.take(ScheduledThreadPoolExecutor.java:809)
        at java.util.concurrent.ThreadPoolExecutor.getTask(ThreadPoolExecutor.java:1074)
        at java.util.concurrent.ThreadPoolExecutor.runWorker(ThreadPoolExecutor.java:1134)
        at java.util.concurrent.ThreadPoolExecutor$Worker.run(ThreadPoolExecutor.java:624)
        at java.lang.Thread.run(Thread.java:750)
"StaleRecoveringContainerScrubbingService#0" daemon prio=5 tid=612 in Object.wait()
java.lang.Thread.State: WAITING (on object monitor)
        at sun.misc.Unsafe.park(Native Method)
        at java.util.concurrent.locks.LockSupport.park(LockSupport.java:175)
        at java.util.concurrent.locks.AbstractQueuedSynchronizer$ConditionObject.await(AbstractQueuedSynchronizer.java:2039)
        at java.util.concurrent.ScheduledThreadPoolExecutor$DelayedWorkQueue.take(ScheduledThreadPoolExecutor.java:1088)
        at java.util.concurrent.ScheduledThreadPoolExecutor$DelayedWorkQueue.take(ScheduledThreadPoolExecutor.java:809)
        at java.util.concurrent.ThreadPoolExecutor.getTask(ThreadPoolExecutor.java:1074)
        at java.util.concurrent.ThreadPoolExecutor.runWorker(ThreadPoolExecutor.java:1134)
        at java.util.concurrent.ThreadPoolExecutor$Worker.run(ThreadPoolExecutor.java:624)
        at java.lang.Thread.run(Thread.java:750)
"qtp830753455-372" daemon prio=5 tid=372 timed_waiting
java.lang.Thread.State: TIMED_WAITING
        at sun.misc.Unsafe.park(Native Method)
        at java.util.concurrent.locks.LockSupport.parkNanos(LockSupport.java:215)
        at java.util.concurrent.locks.AbstractQueuedSynchronizer$ConditionObject.awaitNanos(AbstractQueuedSynchronizer.java:2078)
        at org.eclipse.jetty.util.BlockingArrayQueue.poll(BlockingArrayQueue.java:382)
        at org.eclipse.jetty.util.thread.QueuedThreadPool$Runner.idleJobPoll(QueuedThreadPool.java:974)
        at org.eclipse.jetty.util.thread.QueuedThreadPool$Runner.run(QueuedThreadPool.java:1018)
        at java.lang.Thread.run(Thread.java:750)
"fadd24ee-4463-4420-97cf-bdd350ad83ae-BlockDeletingService#3" daemon prio=5 tid=1479 in Object.wait()
java.lang.Thread.State: WAITING (on object monitor)
        at sun.misc.Unsafe.park(Native Method)
        at java.util.concurrent.locks.LockSupport.park(LockSupport.java:175)
        at java.util.concurrent.locks.AbstractQueuedSynchronizer$ConditionObject.await(AbstractQueuedSynchronizer.java:2039)
        at java.util.concurrent.ScheduledThreadPoolExecutor$DelayedWorkQueue.take(ScheduledThreadPoolExecutor.java:1088)
        at java.util.concurrent.ScheduledThreadPoolExecutor$DelayedWorkQueue.take(ScheduledThreadPoolExecutor.java:809)
        at java.util.concurrent.ThreadPoolExecutor.getTask(ThreadPoolExecutor.java:1074)
        at java.util.concurrent.ThreadPoolExecutor.runWorker(ThreadPoolExecutor.java:1134)
        at java.util.concurrent.ThreadPoolExecutor$Worker.run(ThreadPoolExecutor.java:624)
        at java.lang.Thread.run(Thread.java:750)
"d9016e39-0130-4fd9-896a-cac3c2785d02-ChunkReader-ELG-0" daemon prio=5 tid=1222 runnable
java.lang.Thread.State: RUNNABLE
        at org.apache.ratis.thirdparty.io.netty.channel.epoll.Native.epollWait(Native Method)
        at org.apache.ratis.thirdparty.io.netty.channel.epoll.Native.epollWait(Native.java:209)
        at org.apache.ratis.thirdparty.io.netty.channel.epoll.Native.epollWait(Native.java:202)
        at org.apache.ratis.thirdparty.io.netty.channel.epoll.EpollEventLoop.epollWaitNoTimerChange(EpollEventLoop.java:306)
        at org.apache.ratis.thirdparty.io.netty.channel.epoll.EpollEventLoop.run(EpollEventLoop.java:363)
        at org.apache.ratis.thirdparty.io.netty.util.concurrent.SingleThreadEventExecutor$4.run(SingleThreadEventExecutor.java:997)
        at org.apache.ratis.thirdparty.io.netty.util.internal.ThreadExecutorMap$2.run(ThreadExecutorMap.java:74)
        at java.lang.Thread.run(Thread.java:750)
"Session-HouseKeeper-3b77cb56-1"  prio=5 tid=462 timed_waiting
java.lang.Thread.State: TIMED_WAITING
        at sun.misc.Unsafe.park(Native Method)
        at java.util.concurrent.locks.LockSupport.parkNanos(LockSupport.java:215)
        at java.util.concurrent.locks.AbstractQueuedSynchronizer$ConditionObject.awaitNanos(AbstractQueuedSynchronizer.java:2078)
        at java.util.concurrent.ScheduledThreadPoolExecutor$DelayedWorkQueue.take(ScheduledThreadPoolExecutor.java:1093)
        at java.util.concurrent.ScheduledThreadPoolExecutor$DelayedWorkQueue.take(ScheduledThreadPoolExecutor.java:809)
        at java.util.concurrent.ThreadPoolExecutor.getTask(ThreadPoolExecutor.java:1074)
        at java.util.concurrent.ThreadPoolExecutor.runWorker(ThreadPoolExecutor.java:1134)
        at java.util.concurrent.ThreadPoolExecutor$Worker.run(ThreadPoolExecutor.java:624)
        at java.lang.Thread.run(Thread.java:750)
"IPC Server handler 0 on default port 15019" daemon prio=5 tid=236 timed_waiting
java.lang.Thread.State: TIMED_WAITING
        at sun.misc.Unsafe.park(Native Method)
        at java.util.concurrent.locks.LockSupport.parkNanos(LockSupport.java:215)
        at java.util.concurrent.locks.AbstractQueuedSynchronizer$ConditionObject.awaitNanos(AbstractQueuedSynchronizer.java:2078)
        at java.util.concurrent.LinkedBlockingQueue.poll(LinkedBlockingQueue.java:467)
        at org.apache.hadoop.ipc.CallQueueManager.take(CallQueueManager.java:317)
        at org.apache.hadoop.ipc.Server$Handler.run(Server.java:3014)
"0eeb79a9-13fd-416c-b2a7-6f654c6b5029-NettyServerStreamRpc-bossGroup--thread1"  prio=5 tid=216 runnable
java.lang.Thread.State: RUNNABLE
        at sun.nio.ch.EPollArrayWrapper.epollWait(Native Method)
        at sun.nio.ch.EPollArrayWrapper.poll(EPollArrayWrapper.java:269)
        at sun.nio.ch.EPollSelectorImpl.doSelect(EPollSelectorImpl.java:93)
        at sun.nio.ch.SelectorImpl.lockAndDoSelect(SelectorImpl.java:86)
        at sun.nio.ch.SelectorImpl.select(SelectorImpl.java:97)
        at sun.nio.ch.SelectorImpl.select(SelectorImpl.java:101)
        at org.apache.ratis.thirdparty.io.netty.channel.nio.SelectedSelectionKeySetSelector.select(SelectedSelectionKeySetSelector.java:68)
        at org.apache.ratis.thirdparty.io.netty.channel.nio.NioEventLoop.select(NioEventLoop.java:879)
        at org.apache.ratis.thirdparty.io.netty.channel.nio.NioEventLoop.run(NioEventLoop.java:526)
        at org.apache.ratis.thirdparty.io.netty.util.concurrent.SingleThreadEventExecutor$4.run(SingleThreadEventExecutor.java:997)
        at org.apache.ratis.thirdparty.io.netty.util.internal.ThreadExecutorMap$2.run(ThreadExecutorMap.java:74)
        at java.lang.Thread.run(Thread.java:750)
"92ba0aed-1dcc-4895-b5bb-fc45f440be2e-ChunkReader-4" daemon prio=5 tid=1150 in Object.wait()
java.lang.Thread.State: WAITING (on object monitor)
        at sun.misc.Unsafe.park(Native Method)
        at java.util.concurrent.locks.LockSupport.park(LockSupport.java:175)
        at java.util.concurrent.locks.AbstractQueuedSynchronizer$ConditionObject.await(AbstractQueuedSynchronizer.java:2039)
        at java.util.concurrent.LinkedBlockingQueue.take(LinkedBlockingQueue.java:442)
        at java.util.concurrent.ThreadPoolExecutor.getTask(ThreadPoolExecutor.java:1074)
        at java.util.concurrent.ThreadPoolExecutor.runWorker(ThreadPoolExecutor.java:1134)
        at java.util.concurrent.ThreadPoolExecutor$Worker.run(ThreadPoolExecutor.java:624)
        at java.lang.Thread.run(Thread.java:750)
"IPC Server Responder" daemon prio=5 tid=321 runnable
java.lang.Thread.State: RUNNABLE
        at sun.nio.ch.EPollArrayWrapper.epollWait(Native Method)
        at sun.nio.ch.EPollArrayWrapper.poll(EPollArrayWrapper.java:269)
        at sun.nio.ch.EPollSelectorImpl.doSelect(EPollSelectorImpl.java:93)
        at sun.nio.ch.SelectorImpl.lockAndDoSelect(SelectorImpl.java:86)
        at sun.nio.ch.SelectorImpl.select(SelectorImpl.java:97)
        at org.apache.hadoop.ipc.Server$Responder.doRunLoop(Server.java:1582)
        at org.apache.hadoop.ipc.Server$Responder.run(Server.java:1565)
"Socket Reader #1 for port 15091"  prio=5 tid=464 runnable
java.lang.Thread.State: RUNNABLE
        at sun.nio.ch.EPollArrayWrapper.epollWait(Native Method)
        at sun.nio.ch.EPollArrayWrapper.poll(EPollArrayWrapper.java:269)
        at sun.nio.ch.EPollSelectorImpl.doSelect(EPollSelectorImpl.java:93)
        at sun.nio.ch.SelectorImpl.lockAndDoSelect(SelectorImpl.java:86)
        at sun.nio.ch.SelectorImpl.select(SelectorImpl.java:97)
        at sun.nio.ch.SelectorImpl.select(SelectorImpl.java:101)
        at org.apache.hadoop.ipc.Server$Listener$Reader.doRunLoop(Server.java:1346)
        at org.apache.hadoop.ipc.Server$Listener$Reader.run(Server.java:1325)
"18227f38-d602-4438-971e-c9cd287df9cb-DatanodeStateMachineDaemonThread" daemon prio=5 tid=411 timed_waiting
java.lang.Thread.State: TIMED_WAITING
        at java.lang.Thread.sleep(Native Method)
        at org.apache.hadoop.ozone.container.common.statemachine.DatanodeStateMachine.startStateMachineThread(DatanodeStateMachine.java:369)
        at org.apache.hadoop.ozone.container.common.statemachine.DatanodeStateMachine.lambda$startDaemon$1(DatanodeStateMachine.java:556)
        at org.apache.hadoop.ozone.container.common.statemachine.DatanodeStateMachine$$Lambda$925/1394721877.run(Unknown Source)
        at java.lang.Thread.run(Thread.java:750)
"EventQueue-NodeReportForNodeReportHandler" daemon prio=5 tid=1398 in Object.wait()
java.lang.Thread.State: WAITING (on object monitor)
        at sun.misc.Unsafe.park(Native Method)
        at java.util.concurrent.locks.LockSupport.park(LockSupport.java:175)
        at java.util.concurrent.locks.AbstractQueuedSynchronizer$ConditionObject.await(AbstractQueuedSynchronizer.java:2039)
        at java.util.concurrent.LinkedBlockingQueue.take(LinkedBlockingQueue.java:442)
        at java.util.concurrent.ThreadPoolExecutor.getTask(ThreadPoolExecutor.java:1074)
        at java.util.concurrent.ThreadPoolExecutor.runWorker(ThreadPoolExecutor.java:1134)
        at java.util.concurrent.ThreadPoolExecutor$Worker.run(ThreadPoolExecutor.java:624)
        at java.lang.Thread.run(Thread.java:750)
"fedf11b8-0957-422e-880a-91cc26979c7a-ChunkReader-ELG-0" daemon prio=5 tid=489 runnable
java.lang.Thread.State: RUNNABLE
        at org.apache.ratis.thirdparty.io.netty.channel.epoll.Native.epollWait0(Native Method)
        at org.apache.ratis.thirdparty.io.netty.channel.epoll.Native.epollWait(Native.java:182)
        at org.apache.ratis.thirdparty.io.netty.channel.epoll.EpollEventLoop.epollWait(EpollEventLoop.java:302)
        at org.apache.ratis.thirdparty.io.netty.channel.epoll.EpollEventLoop.run(EpollEventLoop.java:366)
        at org.apache.ratis.thirdparty.io.netty.util.concurrent.SingleThreadEventExecutor$4.run(SingleThreadEventExecutor.java:997)
        at org.apache.ratis.thirdparty.io.netty.util.internal.ThreadExecutorMap$2.run(ThreadExecutorMap.java:74)
        at java.lang.Thread.run(Thread.java:750)
"om1-DirectoryDeletingService#0" daemon prio=5 tid=150 timed_waiting
java.lang.Thread.State: TIMED_WAITING
        at sun.misc.Unsafe.park(Native Method)
        at java.util.concurrent.locks.LockSupport.parkNanos(LockSupport.java:215)
        at java.util.concurrent.locks.AbstractQueuedSynchronizer$ConditionObject.awaitNanos(AbstractQueuedSynchronizer.java:2078)
        at java.util.concurrent.ScheduledThreadPoolExecutor$DelayedWorkQueue.take(ScheduledThreadPoolExecutor.java:1093)
        at java.util.concurrent.ScheduledThreadPoolExecutor$DelayedWorkQueue.take(ScheduledThreadPoolExecutor.java:809)
        at java.util.concurrent.ThreadPoolExecutor.getTask(ThreadPoolExecutor.java:1074)
        at java.util.concurrent.ThreadPoolExecutor.runWorker(ThreadPoolExecutor.java:1134)
        at java.util.concurrent.ThreadPoolExecutor$Worker.run(ThreadPoolExecutor.java:624)
        at java.lang.Thread.run(Thread.java:750)
"IPC Server handler 6 on default port 15000" daemon prio=5 tid=57 timed_waiting
java.lang.Thread.State: TIMED_WAITING
        at sun.misc.Unsafe.park(Native Method)
        at java.util.concurrent.locks.LockSupport.parkNanos(LockSupport.java:215)
        at java.util.concurrent.locks.AbstractQueuedSynchronizer$ConditionObject.awaitNanos(AbstractQueuedSynchronizer.java:2078)
        at java.util.concurrent.LinkedBlockingQueue.poll(LinkedBlockingQueue.java:467)
        at org.apache.hadoop.ipc.CallQueueManager.take(CallQueueManager.java:317)
        at org.apache.hadoop.ipc.Server$Handler.run(Server.java:3014)
"4cee0e49-9f18-41f8-8e67-157ccbc15955-BlockDeletingService#0" daemon prio=5 tid=550 timed_waiting
java.lang.Thread.State: TIMED_WAITING
        at sun.misc.Unsafe.park(Native Method)
        at java.util.concurrent.locks.LockSupport.parkNanos(LockSupport.java:215)
        at java.util.concurrent.locks.AbstractQueuedSynchronizer$ConditionObject.awaitNanos(AbstractQueuedSynchronizer.java:2078)
        at java.util.concurrent.ScheduledThreadPoolExecutor$DelayedWorkQueue.take(ScheduledThreadPoolExecutor.java:1093)
        at java.util.concurrent.ScheduledThreadPoolExecutor$DelayedWorkQueue.take(ScheduledThreadPoolExecutor.java:809)
        at java.util.concurrent.ThreadPoolExecutor.getTask(ThreadPoolExecutor.java:1074)
        at java.util.concurrent.ThreadPoolExecutor.runWorker(ThreadPoolExecutor.java:1134)
        at java.util.concurrent.ThreadPoolExecutor$Worker.run(ThreadPoolExecutor.java:624)
        at java.lang.Thread.run(Thread.java:750)
"IPC Server handler 12 on default port 15002" daemon prio=5 tid=103 timed_waiting
java.lang.Thread.State: TIMED_WAITING
        at sun.misc.Unsafe.park(Native Method)
        at java.util.concurrent.locks.LockSupport.parkNanos(LockSupport.java:215)
        at java.util.concurrent.locks.AbstractQueuedSynchronizer$ConditionObject.awaitNanos(AbstractQueuedSynchronizer.java:2078)
        at java.util.concurrent.LinkedBlockingQueue.poll(LinkedBlockingQueue.java:467)
        at org.apache.hadoop.ipc.CallQueueManager.take(CallQueueManager.java:317)
        at org.apache.hadoop.ipc.Server$Handler.run(Server.java:3014)
"0e92623e-4dcf-4eff-ae25-f8b8c2de319b-DatanodeReportManager-1" daemon prio=5 tid=471 timed_waiting
java.lang.Thread.State: TIMED_WAITING
        at sun.misc.Unsafe.park(Native Method)
        at java.util.concurrent.locks.LockSupport.parkNanos(LockSupport.java:215)
        at java.util.concurrent.locks.AbstractQueuedSynchronizer$ConditionObject.awaitNanos(AbstractQueuedSynchronizer.java:2078)
        at java.util.concurrent.ScheduledThreadPoolExecutor$DelayedWorkQueue.take(ScheduledThreadPoolExecutor.java:1093)
        at java.util.concurrent.ScheduledThreadPoolExecutor$DelayedWorkQueue.take(ScheduledThreadPoolExecutor.java:809)
        at java.util.concurrent.ThreadPoolExecutor.getTask(ThreadPoolExecutor.java:1074)
        at java.util.concurrent.ThreadPoolExecutor.runWorker(ThreadPoolExecutor.java:1134)
        at java.util.concurrent.ThreadPoolExecutor$Worker.run(ThreadPoolExecutor.java:624)
        at java.lang.Thread.run(Thread.java:750)
"fadd24ee-4463-4420-97cf-bdd350ad83ae-ChunkReader-1" daemon prio=5 tid=1351 in Object.wait()
java.lang.Thread.State: WAITING (on object monitor)
        at sun.misc.Unsafe.park(Native Method)
        at java.util.concurrent.locks.LockSupport.park(LockSupport.java:175)
        at java.util.concurrent.locks.AbstractQueuedSynchronizer$ConditionObject.await(AbstractQueuedSynchronizer.java:2039)
        at java.util.concurrent.LinkedBlockingQueue.take(LinkedBlockingQueue.java:442)
        at java.util.concurrent.ThreadPoolExecutor.getTask(ThreadPoolExecutor.java:1074)
        at java.util.concurrent.ThreadPoolExecutor.runWorker(ThreadPoolExecutor.java:1134)
        at java.util.concurrent.ThreadPoolExecutor$Worker.run(ThreadPoolExecutor.java:624)
        at java.lang.Thread.run(Thread.java:750)
"FixedThreadPoolWithAffinityExecutor-7-0" daemon prio=5 tid=47 timed_waiting
java.lang.Thread.State: TIMED_WAITING
        at sun.misc.Unsafe.park(Native Method)
        at java.util.concurrent.locks.LockSupport.parkNanos(LockSupport.java:215)
        at java.util.concurrent.locks.AbstractQueuedSynchronizer$ConditionObject.awaitNanos(AbstractQueuedSynchronizer.java:2078)
        at java.util.concurrent.LinkedBlockingQueue.poll(LinkedBlockingQueue.java:467)
        at org.apache.hadoop.hdds.scm.server.ContainerReportQueue.poll(ContainerReportQueue.java:266)
        at org.apache.hadoop.hdds.scm.server.ContainerReportQueue.poll(ContainerReportQueue.java:42)
        at org.apache.hadoop.hdds.server.events.FixedThreadPoolWithAffinityExecutor$ContainerReportProcessTask.run(FixedThreadPoolWithAffinityExecutor.java:253)
        at java.util.concurrent.Executors$RunnableAdapter.call(Executors.java:511)
        at java.util.concurrent.FutureTask.run(FutureTask.java:266)
        at java.util.concurrent.ThreadPoolExecutor.runWorker(ThreadPoolExecutor.java:1149)
        at java.util.concurrent.ThreadPoolExecutor$Worker.run(ThreadPoolExecutor.java:624)
        at java.lang.Thread.run(Thread.java:750)
"StaleRecoveringContainerScrubbingService#5" daemon prio=5 tid=1459 in Object.wait()
java.lang.Thread.State: WAITING (on object monitor)
        at sun.misc.Unsafe.park(Native Method)
        at java.util.concurrent.locks.LockSupport.park(LockSupport.java:175)
        at java.util.concurrent.locks.AbstractQueuedSynchronizer$ConditionObject.await(AbstractQueuedSynchronizer.java:2039)
        at java.util.concurrent.ScheduledThreadPoolExecutor$DelayedWorkQueue.take(ScheduledThreadPoolExecutor.java:1088)
        at java.util.concurrent.ScheduledThreadPoolExecutor$DelayedWorkQueue.take(ScheduledThreadPoolExecutor.java:809)
        at java.util.concurrent.ThreadPoolExecutor.getTask(ThreadPoolExecutor.java:1074)
        at java.util.concurrent.ThreadPoolExecutor.runWorker(ThreadPoolExecutor.java:1134)
        at java.util.concurrent.ThreadPoolExecutor$Worker.run(ThreadPoolExecutor.java:624)
        at java.lang.Thread.run(Thread.java:750)
"IPC Server handler 7 on default port 15000" daemon prio=5 tid=58 timed_waiting
java.lang.Thread.State: TIMED_WAITING
        at sun.misc.Unsafe.park(Native Method)
        at java.util.concurrent.locks.LockSupport.parkNanos(LockSupport.java:215)
        at java.util.concurrent.locks.AbstractQueuedSynchronizer$ConditionObject.awaitNanos(AbstractQueuedSynchronizer.java:2078)
        at java.util.concurrent.LinkedBlockingQueue.poll(LinkedBlockingQueue.java:467)
        at org.apache.hadoop.ipc.CallQueueManager.take(CallQueueManager.java:317)
        at org.apache.hadoop.ipc.Server$Handler.run(Server.java:3014)
"fedf11b8-0957-422e-880a-91cc26979c7a-PipelineCommandHandlerThread-0"  prio=5 tid=638 in Object.wait()
java.lang.Thread.State: WAITING (on object monitor)
        at sun.misc.Unsafe.park(Native Method)
        at java.util.concurrent.locks.LockSupport.park(LockSupport.java:175)
        at java.util.concurrent.locks.AbstractQueuedSynchronizer$ConditionObject.await(AbstractQueuedSynchronizer.java:2039)
        at java.util.concurrent.LinkedBlockingQueue.take(LinkedBlockingQueue.java:442)
        at java.util.concurrent.ThreadPoolExecutor.getTask(ThreadPoolExecutor.java:1074)
        at java.util.concurrent.ThreadPoolExecutor.runWorker(ThreadPoolExecutor.java:1134)
        at java.util.concurrent.ThreadPoolExecutor$Worker.run(ThreadPoolExecutor.java:624)
        at java.lang.Thread.run(Thread.java:750)
"4cee0e49-9f18-41f8-8e67-157ccbc15955-ChunkReader-0" daemon prio=5 tid=1037 in Object.wait()
java.lang.Thread.State: WAITING (on object monitor)
        at sun.misc.Unsafe.park(Native Method)
        at java.util.concurrent.locks.LockSupport.park(LockSupport.java:175)
        at java.util.concurrent.locks.AbstractQueuedSynchronizer$ConditionObject.await(AbstractQueuedSynchronizer.java:2039)
        at java.util.concurrent.LinkedBlockingQueue.take(LinkedBlockingQueue.java:442)
        at java.util.concurrent.ThreadPoolExecutor.getTask(ThreadPoolExecutor.java:1074)
        at java.util.concurrent.ThreadPoolExecutor.runWorker(ThreadPoolExecutor.java:1134)
        at java.util.concurrent.ThreadPoolExecutor$Worker.run(ThreadPoolExecutor.java:624)
        at java.lang.Thread.run(Thread.java:750)
"d9016e39-0130-4fd9-896a-cac3c2785d02@group-F4EC317F4A3C-StateMachineUpdater" daemon prio=5 tid=1282 timed_waiting
java.lang.Thread.State: TIMED_WAITING
        at sun.misc.Unsafe.park(Native Method)
        at java.util.concurrent.locks.LockSupport.parkNanos(LockSupport.java:215)
        at java.util.concurrent.locks.AbstractQueuedSynchronizer$ConditionObject.await(AbstractQueuedSynchronizer.java:2163)
        at org.apache.ratis.util.AwaitForSignal.await(AwaitForSignal.java:62)
        at org.apache.ratis.server.impl.StateMachineUpdater.waitForCommit(StateMachineUpdater.java:209)
        at org.apache.ratis.server.impl.StateMachineUpdater.run(StateMachineUpdater.java:178)
        at java.lang.Thread.run(Thread.java:750)
"fadd24ee-4463-4420-97cf-bdd350ad83ae-DatanodeStateMachineTaskThread-0"  prio=5 tid=302 in Object.wait()
java.lang.Thread.State: WAITING (on object monitor)
        at sun.misc.Unsafe.park(Native Method)
        at java.util.concurrent.locks.LockSupport.park(LockSupport.java:175)
        at java.util.concurrent.locks.AbstractQueuedSynchronizer$ConditionObject.await(AbstractQueuedSynchronizer.java:2039)
        at java.util.concurrent.LinkedBlockingQueue.take(LinkedBlockingQueue.java:442)
        at java.util.concurrent.ThreadPoolExecutor.getTask(ThreadPoolExecutor.java:1074)
        at java.util.concurrent.ThreadPoolExecutor.runWorker(ThreadPoolExecutor.java:1134)
        at java.util.concurrent.ThreadPoolExecutor$Worker.run(ThreadPoolExecutor.java:624)
        at java.lang.Thread.run(Thread.java:750)
"qtp2015427223-281-acceptor-0@2eb7bf57-ServerConnector@74d3ed15{HTTP/1.1, (http/1.1)}{0.0.0.0:15036}" daemon prio=3 tid=281 runnable
java.lang.Thread.State: RUNNABLE
        at sun.nio.ch.ServerSocketChannelImpl.accept0(Native Method)
        at sun.nio.ch.ServerSocketChannelImpl.accept(ServerSocketChannelImpl.java:421)
        at sun.nio.ch.ServerSocketChannelImpl.accept(ServerSocketChannelImpl.java:249)
        at org.eclipse.jetty.server.ServerConnector.accept(ServerConnector.java:388)
        at org.eclipse.jetty.server.AbstractConnector$Acceptor.run(AbstractConnector.java:704)
        at org.eclipse.jetty.util.thread.QueuedThreadPool.runJob(QueuedThreadPool.java:883)
        at org.eclipse.jetty.util.thread.QueuedThreadPool$Runner.run(QueuedThreadPool.java:1034)
        at java.lang.Thread.run(Thread.java:750)
"StaleRecoveringContainerScrubbingService#1" daemon prio=5 tid=598 in Object.wait()
java.lang.Thread.State: WAITING (on object monitor)
        at sun.misc.Unsafe.park(Native Method)
        at java.util.concurrent.locks.LockSupport.park(LockSupport.java:175)
        at java.util.concurrent.locks.AbstractQueuedSynchronizer$ConditionObject.await(AbstractQueuedSynchronizer.java:2039)
        at java.util.concurrent.ScheduledThreadPoolExecutor$DelayedWorkQueue.take(ScheduledThreadPoolExecutor.java:1088)
        at java.util.concurrent.ScheduledThreadPoolExecutor$DelayedWorkQueue.take(ScheduledThreadPoolExecutor.java:809)
        at java.util.concurrent.ThreadPoolExecutor.getTask(ThreadPoolExecutor.java:1074)
        at java.util.concurrent.ThreadPoolExecutor.runWorker(ThreadPoolExecutor.java:1134)
        at java.util.concurrent.ThreadPoolExecutor$Worker.run(ThreadPoolExecutor.java:624)
        at java.lang.Thread.run(Thread.java:750)
"qtp491457031-115" daemon prio=5 tid=115 runnable
java.lang.Thread.State: RUNNABLE
        at sun.nio.ch.EPollArrayWrapper.epollWait(Native Method)
        at sun.nio.ch.EPollArrayWrapper.poll(EPollArrayWrapper.java:269)
        at sun.nio.ch.EPollSelectorImpl.doSelect(EPollSelectorImpl.java:93)
        at sun.nio.ch.SelectorImpl.lockAndDoSelect(SelectorImpl.java:86)
        at sun.nio.ch.SelectorImpl.select(SelectorImpl.java:97)
        at sun.nio.ch.SelectorImpl.select(SelectorImpl.java:101)
        at org.eclipse.jetty.io.ManagedSelector.nioSelect(ManagedSelector.java:183)
        at org.eclipse.jetty.io.ManagedSelector.select(ManagedSelector.java:190)
        at org.eclipse.jetty.io.ManagedSelector$SelectorProducer.select(ManagedSelector.java:606)
        at org.eclipse.jetty.io.ManagedSelector$SelectorProducer.produce(ManagedSelector.java:543)
        at org.eclipse.jetty.util.thread.strategy.EatWhatYouKill.produceTask(EatWhatYouKill.java:362)
        at org.eclipse.jetty.util.thread.strategy.EatWhatYouKill.doProduce(EatWhatYouKill.java:186)
        at org.eclipse.jetty.util.thread.strategy.EatWhatYouKill.tryProduce(EatWhatYouKill.java:173)
        at org.eclipse.jetty.util.thread.strategy.EatWhatYouKill.produce(EatWhatYouKill.java:137)
        at org.eclipse.jetty.io.ManagedSelector$$Lambda$519/57301464.run(Unknown Source)
        at org.eclipse.jetty.util.thread.QueuedThreadPool.runJob(QueuedThreadPool.java:883)
        at org.eclipse.jetty.util.thread.QueuedThreadPool$Runner.run(QueuedThreadPool.java:1034)
        at java.lang.Thread.run(Thread.java:750)
"StaleRecoveringContainerScrubbingService#5" daemon prio=5 tid=1236 in Object.wait()
java.lang.Thread.State: WAITING (on object monitor)
        at sun.misc.Unsafe.park(Native Method)
        at java.util.concurrent.locks.LockSupport.park(LockSupport.java:175)
        at java.util.concurrent.locks.AbstractQueuedSynchronizer$ConditionObject.await(AbstractQueuedSynchronizer.java:2039)
        at java.util.concurrent.ScheduledThreadPoolExecutor$DelayedWorkQueue.take(ScheduledThreadPoolExecutor.java:1088)
        at java.util.concurrent.ScheduledThreadPoolExecutor$DelayedWorkQueue.take(ScheduledThreadPoolExecutor.java:809)
        at java.util.concurrent.ThreadPoolExecutor.getTask(ThreadPoolExecutor.java:1074)
        at java.util.concurrent.ThreadPoolExecutor.runWorker(ThreadPoolExecutor.java:1134)
        at java.util.concurrent.ThreadPoolExecutor$Worker.run(ThreadPoolExecutor.java:624)
        at java.lang.Thread.run(Thread.java:750)
"18227f38-d602-4438-971e-c9cd287df9cb-EndpointStateMachineTaskThread-/0.0.0.0:15002-0 "  prio=5 tid=585 in Object.wait()
java.lang.Thread.State: WAITING (on object monitor)
        at sun.misc.Unsafe.park(Native Method)
        at java.util.concurrent.locks.LockSupport.park(LockSupport.java:175)
        at java.util.concurrent.locks.AbstractQueuedSynchronizer$ConditionObject.await(AbstractQueuedSynchronizer.java:2039)
        at java.util.concurrent.LinkedBlockingQueue.take(LinkedBlockingQueue.java:442)
        at java.util.concurrent.ThreadPoolExecutor.getTask(ThreadPoolExecutor.java:1074)
        at java.util.concurrent.ThreadPoolExecutor.runWorker(ThreadPoolExecutor.java:1134)
        at java.util.concurrent.ThreadPoolExecutor$Worker.run(ThreadPoolExecutor.java:624)
        at java.lang.Thread.run(Thread.java:750)
"0eeb79a9-13fd-416c-b2a7-6f654c6b5029@group-52AF94BE594D-LeaderStateImpl" daemon prio=5 tid=1311 timed_waiting
java.lang.Thread.State: TIMED_WAITING
        at sun.misc.Unsafe.park(Native Method)
        at java.util.concurrent.locks.LockSupport.parkNanos(LockSupport.java:215)
        at java.util.concurrent.locks.AbstractQueuedSynchronizer$ConditionObject.awaitNanos(AbstractQueuedSynchronizer.java:2078)
        at java.util.concurrent.ArrayBlockingQueue.poll(ArrayBlockingQueue.java:418)
        at org.apache.ratis.server.impl.LeaderStateImpl$EventQueue.poll(LeaderStateImpl.java:164)
        at org.apache.ratis.server.impl.LeaderStateImpl$EventProcessor.run(LeaderStateImpl.java:702)
"qtp2015427223-286" daemon prio=5 tid=286 timed_waiting
java.lang.Thread.State: TIMED_WAITING
        at sun.misc.Unsafe.park(Native Method)
        at java.util.concurrent.locks.LockSupport.parkNanos(LockSupport.java:215)
        at java.util.concurrent.locks.AbstractQueuedSynchronizer$ConditionObject.awaitNanos(AbstractQueuedSynchronizer.java:2078)
        at org.eclipse.jetty.util.BlockingArrayQueue.poll(BlockingArrayQueue.java:382)
        at org.eclipse.jetty.util.thread.QueuedThreadPool$Runner.idleJobPoll(QueuedThreadPool.java:974)
        at org.eclipse.jetty.util.thread.QueuedThreadPool$Runner.run(QueuedThreadPool.java:1018)
        at java.lang.Thread.run(Thread.java:750)
"qtp1789087814-1179-acceptor-0@74935084-ServerConnector@56e898b6{HTTP/1.1, (http/1.1)}{0.0.0.0:15027}" daemon prio=3 tid=1179 runnable
java.lang.Thread.State: RUNNABLE
        at sun.nio.ch.ServerSocketChannelImpl.accept0(Native Method)
        at sun.nio.ch.ServerSocketChannelImpl.accept(ServerSocketChannelImpl.java:421)
        at sun.nio.ch.ServerSocketChannelImpl.accept(ServerSocketChannelImpl.java:249)
        at org.eclipse.jetty.server.ServerConnector.accept(ServerConnector.java:388)
        at org.eclipse.jetty.server.AbstractConnector$Acceptor.run(AbstractConnector.java:704)
        at org.eclipse.jetty.util.thread.QueuedThreadPool.runJob(QueuedThreadPool.java:883)
        at org.eclipse.jetty.util.thread.QueuedThreadPool$Runner.run(QueuedThreadPool.java:1034)
        at java.lang.Thread.run(Thread.java:750)
"92ba0aed-1dcc-4895-b5bb-fc45f440be2e-ChunkWriter-0-0" daemon prio=5 tid=574 in Object.wait()
java.lang.Thread.State: WAITING (on object monitor)
        at sun.misc.Unsafe.park(Native Method)
        at java.util.concurrent.locks.LockSupport.park(LockSupport.java:175)
        at java.util.concurrent.locks.AbstractQueuedSynchronizer$ConditionObject.await(AbstractQueuedSynchronizer.java:2039)
        at java.util.concurrent.LinkedBlockingDeque.takeFirst(LinkedBlockingDeque.java:492)
        at java.util.concurrent.LinkedBlockingDeque.take(LinkedBlockingDeque.java:680)
        at java.util.concurrent.ThreadPoolExecutor.getTask(ThreadPoolExecutor.java:1074)
        at java.util.concurrent.ThreadPoolExecutor.runWorker(ThreadPoolExecutor.java:1134)
        at java.util.concurrent.ThreadPoolExecutor$Worker.run(ThreadPoolExecutor.java:624)
        at java.lang.Thread.run(Thread.java:750)
"d9016e39-0130-4fd9-896a-cac3c2785d02@group-09A8159B88D0-LeaderStateImpl" daemon prio=5 tid=1295 timed_waiting
java.lang.Thread.State: TIMED_WAITING
        at sun.misc.Unsafe.park(Native Method)
        at java.util.concurrent.locks.LockSupport.parkNanos(LockSupport.java:215)
        at java.util.concurrent.locks.AbstractQueuedSynchronizer$ConditionObject.awaitNanos(AbstractQueuedSynchronizer.java:2078)
        at java.util.concurrent.ArrayBlockingQueue.poll(ArrayBlockingQueue.java:418)
        at org.apache.ratis.server.impl.LeaderStateImpl$EventQueue.poll(LeaderStateImpl.java:164)
        at org.apache.ratis.server.impl.LeaderStateImpl$EventProcessor.run(LeaderStateImpl.java:702)
"0e92623e-4dcf-4eff-ae25-f8b8c2de319b-ChunkReader-ELG-0" daemon prio=5 tid=625 runnable
java.lang.Thread.State: RUNNABLE
        at org.apache.ratis.thirdparty.io.netty.channel.epoll.Native.epollWait0(Native Method)
        at org.apache.ratis.thirdparty.io.netty.channel.epoll.Native.epollWait(Native.java:182)
        at org.apache.ratis.thirdparty.io.netty.channel.epoll.EpollEventLoop.epollWait(EpollEventLoop.java:302)
        at org.apache.ratis.thirdparty.io.netty.channel.epoll.EpollEventLoop.run(EpollEventLoop.java:366)
        at org.apache.ratis.thirdparty.io.netty.util.concurrent.SingleThreadEventExecutor$4.run(SingleThreadEventExecutor.java:997)
        at org.apache.ratis.thirdparty.io.netty.util.internal.ThreadExecutorMap$2.run(ThreadExecutorMap.java:74)
        at java.lang.Thread.run(Thread.java:750)
"JvmPauseMonitor5" daemon prio=5 tid=533 timed_waiting
java.lang.Thread.State: TIMED_WAITING
        at java.lang.Thread.sleep(Native Method)
        at java.lang.Thread.sleep(Thread.java:342)
        at java.util.concurrent.TimeUnit.sleep(TimeUnit.java:386)
        at org.apache.ratis.util.TimeDuration.sleep(TimeDuration.java:325)
        at org.apache.ratis.util.TimeDuration.sleep(TimeDuration.java:310)
        at org.apache.ratis.util.JvmPauseMonitor.detectPause(JvmPauseMonitor.java:117)
        at org.apache.ratis.util.JvmPauseMonitor.run(JvmPauseMonitor.java:106)
        at org.apache.ratis.util.JvmPauseMonitor$$Lambda$485/1144886446.run(Unknown Source)
        at java.lang.Thread.run(Thread.java:750)
"StaleRecoveringContainerScrubbingService#4" daemon prio=5 tid=1136 in Object.wait()
java.lang.Thread.State: WAITING (on object monitor)
        at sun.misc.Unsafe.park(Native Method)
        at java.util.concurrent.locks.LockSupport.park(LockSupport.java:175)
        at java.util.concurrent.locks.AbstractQueuedSynchronizer$ConditionObject.await(AbstractQueuedSynchronizer.java:2039)
        at java.util.concurrent.ScheduledThreadPoolExecutor$DelayedWorkQueue.take(ScheduledThreadPoolExecutor.java:1088)
        at java.util.concurrent.ScheduledThreadPoolExecutor$DelayedWorkQueue.take(ScheduledThreadPoolExecutor.java:809)
        at java.util.concurrent.ThreadPoolExecutor.getTask(ThreadPoolExecutor.java:1074)
        at java.util.concurrent.ThreadPoolExecutor.runWorker(ThreadPoolExecutor.java:1134)
        at java.util.concurrent.ThreadPoolExecutor$Worker.run(ThreadPoolExecutor.java:624)
        at java.lang.Thread.run(Thread.java:750)
"pool-67-thread-1"  prio=5 tid=155 timed_waiting
java.lang.Thread.State: TIMED_WAITING
        at sun.misc.Unsafe.park(Native Method)
        at java.util.concurrent.locks.LockSupport.parkNanos(LockSupport.java:215)
        at java.util.concurrent.locks.AbstractQueuedSynchronizer$ConditionObject.awaitNanos(AbstractQueuedSynchronizer.java:2078)
        at java.util.concurrent.ScheduledThreadPoolExecutor$DelayedWorkQueue.take(ScheduledThreadPoolExecutor.java:1093)
        at java.util.concurrent.ScheduledThreadPoolExecutor$DelayedWorkQueue.take(ScheduledThreadPoolExecutor.java:809)
        at java.util.concurrent.ThreadPoolExecutor.getTask(ThreadPoolExecutor.java:1074)
        at java.util.concurrent.ThreadPoolExecutor.runWorker(ThreadPoolExecutor.java:1134)
        at java.util.concurrent.ThreadPoolExecutor$Worker.run(ThreadPoolExecutor.java:624)
        at java.lang.Thread.run(Thread.java:750)
"qtp394269711-429" daemon prio=5 tid=429 timed_waiting
java.lang.Thread.State: TIMED_WAITING
        at sun.misc.Unsafe.park(Native Method)
        at java.util.concurrent.locks.LockSupport.parkNanos(LockSupport.java:215)
        at java.util.concurrent.locks.AbstractQueuedSynchronizer$ConditionObject.awaitNanos(AbstractQueuedSynchronizer.java:2078)
        at org.eclipse.jetty.util.BlockingArrayQueue.poll(BlockingArrayQueue.java:382)
        at org.eclipse.jetty.util.thread.QueuedThreadPool$Runner.idleJobPoll(QueuedThreadPool.java:974)
        at org.eclipse.jetty.util.thread.QueuedThreadPool$Runner.run(QueuedThreadPool.java:1018)
        at java.lang.Thread.run(Thread.java:750)
"92ba0aed-1dcc-4895-b5bb-fc45f440be2e-server-thread3" daemon prio=5 tid=1030 timed_waiting
java.lang.Thread.State: TIMED_WAITING
        at sun.misc.Unsafe.park(Native Method)
        at java.util.concurrent.locks.LockSupport.parkNanos(LockSupport.java:215)
        at java.util.concurrent.SynchronousQueue$TransferStack.awaitFulfill(SynchronousQueue.java:460)
        at java.util.concurrent.SynchronousQueue$TransferStack.transfer(SynchronousQueue.java:362)
        at java.util.concurrent.SynchronousQueue.poll(SynchronousQueue.java:941)
        at java.util.concurrent.ThreadPoolExecutor.getTask(ThreadPoolExecutor.java:1073)
        at java.util.concurrent.ThreadPoolExecutor.runWorker(ThreadPoolExecutor.java:1134)
        at java.util.concurrent.ThreadPoolExecutor$Worker.run(ThreadPoolExecutor.java:624)
        at java.lang.Thread.run(Thread.java:750)
"0eeb79a9-13fd-416c-b2a7-6f654c6b5029-ChunkReader-2" daemon prio=5 tid=1353 in Object.wait()
java.lang.Thread.State: WAITING (on object monitor)
        at sun.misc.Unsafe.park(Native Method)
        at java.util.concurrent.locks.LockSupport.park(LockSupport.java:175)
        at java.util.concurrent.locks.AbstractQueuedSynchronizer$ConditionObject.await(AbstractQueuedSynchronizer.java:2039)
        at java.util.concurrent.LinkedBlockingQueue.take(LinkedBlockingQueue.java:442)
        at java.util.concurrent.ThreadPoolExecutor.getTask(ThreadPoolExecutor.java:1074)
        at java.util.concurrent.ThreadPoolExecutor.runWorker(ThreadPoolExecutor.java:1134)
        at java.util.concurrent.ThreadPoolExecutor$Worker.run(ThreadPoolExecutor.java:624)
        at java.lang.Thread.run(Thread.java:750)
"timer0" daemon prio=5 tid=930 timed_waiting
java.lang.Thread.State: TIMED_WAITING
        at java.lang.Object.wait(Native Method)
        at java.util.TimerThread.mainLoop(Timer.java:552)
        at java.util.TimerThread.run(Timer.java:505)
"IPC Server handler 8 on default port 15004" daemon prio=5 tid=173 timed_waiting
java.lang.Thread.State: TIMED_WAITING
        at sun.misc.Unsafe.park(Native Method)
        at java.util.concurrent.locks.LockSupport.parkNanos(LockSupport.java:215)
        at java.util.concurrent.locks.AbstractQueuedSynchronizer$ConditionObject.awaitNanos(AbstractQueuedSynchronizer.java:2078)
        at java.util.concurrent.LinkedBlockingQueue.poll(LinkedBlockingQueue.java:467)
        at org.apache.hadoop.ipc.CallQueueManager.take(CallQueueManager.java:317)
        at org.apache.hadoop.ipc.Server$Handler.run(Server.java:3014)
"IPC Server Responder" daemon prio=5 tid=140 runnable
java.lang.Thread.State: RUNNABLE
        at sun.nio.ch.EPollArrayWrapper.epollWait(Native Method)
        at sun.nio.ch.EPollArrayWrapper.poll(EPollArrayWrapper.java:269)
        at sun.nio.ch.EPollSelectorImpl.doSelect(EPollSelectorImpl.java:93)
        at sun.nio.ch.SelectorImpl.lockAndDoSelect(SelectorImpl.java:86)
        at sun.nio.ch.SelectorImpl.select(SelectorImpl.java:97)
        at org.apache.hadoop.ipc.Server$Responder.doRunLoop(Server.java:1582)
        at org.apache.hadoop.ipc.Server$Responder.run(Server.java:1565)
"qtp2015427223-283" daemon prio=5 tid=283 timed_waiting
java.lang.Thread.State: TIMED_WAITING
        at sun.misc.Unsafe.park(Native Method)
        at java.util.concurrent.locks.LockSupport.parkNanos(LockSupport.java:215)
        at java.util.concurrent.locks.AbstractQueuedSynchronizer$ConditionObject.awaitNanos(AbstractQueuedSynchronizer.java:2078)
        at org.eclipse.jetty.util.BlockingArrayQueue.poll(BlockingArrayQueue.java:382)
        at org.eclipse.jetty.util.thread.QueuedThreadPool$Runner.idleJobPoll(QueuedThreadPool.java:974)
        at org.eclipse.jetty.util.thread.QueuedThreadPool$Runner.run(QueuedThreadPool.java:1018)
        at java.lang.Thread.run(Thread.java:750)
"IPC Server handler 18 on default port 15002" daemon prio=5 tid=109 timed_waiting
java.lang.Thread.State: TIMED_WAITING
        at sun.misc.Unsafe.park(Native Method)
        at java.util.concurrent.locks.LockSupport.parkNanos(LockSupport.java:215)
        at java.util.concurrent.locks.AbstractQueuedSynchronizer$ConditionObject.awaitNanos(AbstractQueuedSynchronizer.java:2078)
        at java.util.concurrent.LinkedBlockingQueue.poll(LinkedBlockingQueue.java:467)
        at org.apache.hadoop.ipc.CallQueueManager.take(CallQueueManager.java:317)
        at org.apache.hadoop.ipc.Server$Handler.run(Server.java:3014)
"IPC Server idle connection scanner for port 15010" daemon prio=5 tid=202 timed_waiting
java.lang.Thread.State: TIMED_WAITING
        at java.lang.Object.wait(Native Method)
        at java.util.TimerThread.mainLoop(Timer.java:552)
        at java.util.TimerThread.run(Timer.java:505)
"fedf11b8-0957-422e-880a-91cc26979c7a-ChunkReader-3" daemon prio=5 tid=1458 in Object.wait()
java.lang.Thread.State: WAITING (on object monitor)
        at sun.misc.Unsafe.park(Native Method)
        at java.util.concurrent.locks.LockSupport.park(LockSupport.java:175)
        at java.util.concurrent.locks.AbstractQueuedSynchronizer$ConditionObject.await(AbstractQueuedSynchronizer.java:2039)
        at java.util.concurrent.LinkedBlockingQueue.take(LinkedBlockingQueue.java:442)
        at java.util.concurrent.ThreadPoolExecutor.getTask(ThreadPoolExecutor.java:1074)
        at java.util.concurrent.ThreadPoolExecutor.runWorker(ThreadPoolExecutor.java:1134)
        at java.util.concurrent.ThreadPoolExecutor$Worker.run(ThreadPoolExecutor.java:624)
        at java.lang.Thread.run(Thread.java:750)
"EventQueue-OpenPipelineForHealthyPipelineSafeModeRule" daemon prio=5 tid=640 in Object.wait()
java.lang.Thread.State: WAITING (on object monitor)
        at sun.misc.Unsafe.park(Native Method)
        at java.util.concurrent.locks.LockSupport.park(LockSupport.java:175)
        at java.util.concurrent.locks.AbstractQueuedSynchronizer$ConditionObject.await(AbstractQueuedSynchronizer.java:2039)
        at java.util.concurrent.LinkedBlockingQueue.take(LinkedBlockingQueue.java:442)
        at java.util.concurrent.ThreadPoolExecutor.getTask(ThreadPoolExecutor.java:1074)
        at java.util.concurrent.ThreadPoolExecutor.runWorker(ThreadPoolExecutor.java:1134)
        at java.util.concurrent.ThreadPoolExecutor$Worker.run(ThreadPoolExecutor.java:624)
        at java.lang.Thread.run(Thread.java:750)
"IPC Server listener on 15004" daemon prio=5 tid=137 runnable
java.lang.Thread.State: RUNNABLE
        at sun.nio.ch.EPollArrayWrapper.epollWait(Native Method)
        at sun.nio.ch.EPollArrayWrapper.poll(EPollArrayWrapper.java:269)
        at sun.nio.ch.EPollSelectorImpl.doSelect(EPollSelectorImpl.java:93)
        at sun.nio.ch.SelectorImpl.lockAndDoSelect(SelectorImpl.java:86)
        at sun.nio.ch.SelectorImpl.select(SelectorImpl.java:97)
        at sun.nio.ch.SelectorImpl.select(SelectorImpl.java:101)
        at org.apache.hadoop.ipc.Server$Listener.run(Server.java:1408)
"EventQueue-PipelineReportForPipelineReportHandler" daemon prio=5 tid=634 in Object.wait()
java.lang.Thread.State: WAITING (on object monitor)
        at sun.misc.Unsafe.park(Native Method)
        at java.util.concurrent.locks.LockSupport.park(LockSupport.java:175)
        at java.util.concurrent.locks.AbstractQueuedSynchronizer$ConditionObject.await(AbstractQueuedSynchronizer.java:2039)
        at java.util.concurrent.LinkedBlockingQueue.take(LinkedBlockingQueue.java:442)
        at java.util.concurrent.ThreadPoolExecutor.getTask(ThreadPoolExecutor.java:1074)
        at java.util.concurrent.ThreadPoolExecutor.runWorker(ThreadPoolExecutor.java:1134)
        at java.util.concurrent.ThreadPoolExecutor$Worker.run(ThreadPoolExecutor.java:624)
        at java.lang.Thread.run(Thread.java:750)
"org.apache.hadoop.ozone.container.common.statemachine.commandhandler.DeleteBlocksCommandHandler$DeleteCmdWorker@44033eb" daemon prio=5 tid=189 timed_waiting
java.lang.Thread.State: TIMED_WAITING
        at java.lang.Thread.sleep(Native Method)
        at org.apache.hadoop.ozone.container.common.statemachine.commandhandler.DeleteBlocksCommandHandler$DeleteCmdWorker.run(DeleteBlocksCommandHandler.java:237)
        at java.lang.Thread.run(Thread.java:750)
"timer4" daemon prio=5 tid=916 timed_waiting
java.lang.Thread.State: TIMED_WAITING
        at java.lang.Object.wait(Native Method)
        at java.util.TimerThread.mainLoop(Timer.java:552)
        at java.util.TimerThread.run(Timer.java:505)
"FixedThreadPoolWithAffinityExecutor-9-0" daemon prio=5 tid=49 timed_waiting
java.lang.Thread.State: TIMED_WAITING
        at sun.misc.Unsafe.park(Native Method)
        at java.util.concurrent.locks.LockSupport.parkNanos(LockSupport.java:215)
        at java.util.concurrent.locks.AbstractQueuedSynchronizer$ConditionObject.awaitNanos(AbstractQueuedSynchronizer.java:2078)
        at java.util.concurrent.LinkedBlockingQueue.poll(LinkedBlockingQueue.java:467)
        at org.apache.hadoop.hdds.scm.server.ContainerReportQueue.poll(ContainerReportQueue.java:266)
        at org.apache.hadoop.hdds.scm.server.ContainerReportQueue.poll(ContainerReportQueue.java:42)
        at org.apache.hadoop.hdds.server.events.FixedThreadPoolWithAffinityExecutor$ContainerReportProcessTask.run(FixedThreadPoolWithAffinityExecutor.java:253)
        at java.util.concurrent.Executors$RunnableAdapter.call(Executors.java:511)
        at java.util.concurrent.FutureTask.run(FutureTask.java:266)
        at java.util.concurrent.ThreadPoolExecutor.runWorker(ThreadPoolExecutor.java:1149)
        at java.util.concurrent.ThreadPoolExecutor$Worker.run(ThreadPoolExecutor.java:624)
        at java.lang.Thread.run(Thread.java:750)
"5f7d9b36-4620-4ba9-8a78-929bd6ddd1f9-ChunkReader-7" daemon prio=5 tid=1349 in Object.wait()
java.lang.Thread.State: WAITING (on object monitor)
        at sun.misc.Unsafe.park(Native Method)
        at java.util.concurrent.locks.LockSupport.park(LockSupport.java:175)
        at java.util.concurrent.locks.AbstractQueuedSynchronizer$ConditionObject.await(AbstractQueuedSynchronizer.java:2039)
        at java.util.concurrent.LinkedBlockingQueue.take(LinkedBlockingQueue.java:442)
        at java.util.concurrent.ThreadPoolExecutor.getTask(ThreadPoolExecutor.java:1074)
        at java.util.concurrent.ThreadPoolExecutor.runWorker(ThreadPoolExecutor.java:1134)
        at java.util.concurrent.ThreadPoolExecutor$Worker.run(ThreadPoolExecutor.java:624)
        at java.lang.Thread.run(Thread.java:750)
"StaleRecoveringContainerScrubbingService#9" daemon prio=5 tid=1465 in Object.wait()
java.lang.Thread.State: WAITING (on object monitor)
        at sun.misc.Unsafe.park(Native Method)
        at java.util.concurrent.locks.LockSupport.park(LockSupport.java:175)
        at java.util.concurrent.locks.AbstractQueuedSynchronizer$ConditionObject.await(AbstractQueuedSynchronizer.java:2039)
        at java.util.concurrent.ScheduledThreadPoolExecutor$DelayedWorkQueue.take(ScheduledThreadPoolExecutor.java:1088)
        at java.util.concurrent.ScheduledThreadPoolExecutor$DelayedWorkQueue.take(ScheduledThreadPoolExecutor.java:809)
        at java.util.concurrent.ThreadPoolExecutor.getTask(ThreadPoolExecutor.java:1074)
        at java.util.concurrent.ThreadPoolExecutor.runWorker(ThreadPoolExecutor.java:1134)
        at java.util.concurrent.ThreadPoolExecutor$Worker.run(ThreadPoolExecutor.java:624)
        at java.lang.Thread.run(Thread.java:750)
"fadd24ee-4463-4420-97cf-bdd350ad83ae-PipelineCommandHandlerThread-0"  prio=5 tid=662 in Object.wait()
java.lang.Thread.State: WAITING (on object monitor)
        at sun.misc.Unsafe.park(Native Method)
        at java.util.concurrent.locks.LockSupport.park(LockSupport.java:175)
        at java.util.concurrent.locks.AbstractQueuedSynchronizer$ConditionObject.await(AbstractQueuedSynchronizer.java:2039)
        at java.util.concurrent.LinkedBlockingQueue.take(LinkedBlockingQueue.java:442)
        at java.util.concurrent.ThreadPoolExecutor.getTask(ThreadPoolExecutor.java:1074)
        at java.util.concurrent.ThreadPoolExecutor.runWorker(ThreadPoolExecutor.java:1134)
        at java.util.concurrent.ThreadPoolExecutor$Worker.run(ThreadPoolExecutor.java:624)
        at java.lang.Thread.run(Thread.java:750)
"Socket Reader #1 for port 15037"  prio=5 tid=290 runnable
java.lang.Thread.State: RUNNABLE
        at sun.nio.ch.EPollArrayWrapper.epollWait(Native Method)
        at sun.nio.ch.EPollArrayWrapper.poll(EPollArrayWrapper.java:269)
        at sun.nio.ch.EPollSelectorImpl.doSelect(EPollSelectorImpl.java:93)
        at sun.nio.ch.SelectorImpl.lockAndDoSelect(SelectorImpl.java:86)
        at sun.nio.ch.SelectorImpl.select(SelectorImpl.java:97)
        at sun.nio.ch.SelectorImpl.select(SelectorImpl.java:101)
        at org.apache.hadoop.ipc.Server$Listener$Reader.doRunLoop(Server.java:1346)
        at org.apache.hadoop.ipc.Server$Listener$Reader.run(Server.java:1325)
"18227f38-d602-4438-971e-c9cd287df9cb-CloseContainerThread-1"  prio=5 tid=1418 in Object.wait()
java.lang.Thread.State: WAITING (on object monitor)
        at sun.misc.Unsafe.park(Native Method)
        at java.util.concurrent.locks.LockSupport.park(LockSupport.java:175)
        at java.util.concurrent.locks.AbstractQueuedSynchronizer$ConditionObject.await(AbstractQueuedSynchronizer.java:2039)
        at java.util.concurrent.LinkedBlockingQueue.take(LinkedBlockingQueue.java:442)
        at java.util.concurrent.ThreadPoolExecutor.getTask(ThreadPoolExecutor.java:1074)
        at java.util.concurrent.ThreadPoolExecutor.runWorker(ThreadPoolExecutor.java:1134)
        at java.util.concurrent.ThreadPoolExecutor$Worker.run(ThreadPoolExecutor.java:624)
        at java.lang.Thread.run(Thread.java:750)
"qtp1362677814-227" daemon prio=5 tid=227 timed_waiting
java.lang.Thread.State: TIMED_WAITING
        at sun.misc.Unsafe.park(Native Method)
        at java.util.concurrent.locks.LockSupport.parkNanos(LockSupport.java:215)
        at java.util.concurrent.locks.AbstractQueuedSynchronizer$ConditionObject.awaitNanos(AbstractQueuedSynchronizer.java:2078)
        at org.eclipse.jetty.util.BlockingArrayQueue.poll(BlockingArrayQueue.java:382)
        at org.eclipse.jetty.util.thread.QueuedThreadPool$Runner.idleJobPoll(QueuedThreadPool.java:974)
        at org.eclipse.jetty.util.thread.QueuedThreadPool$Runner.run(QueuedThreadPool.java:1018)
        at java.lang.Thread.run(Thread.java:750)
"EventQueue-NodeRegistrationContainerReportForContainerSafeModeRule" daemon prio=5 tid=631 in Object.wait()
java.lang.Thread.State: WAITING (on object monitor)
        at sun.misc.Unsafe.park(Native Method)
        at java.util.concurrent.locks.LockSupport.park(LockSupport.java:175)
        at java.util.concurrent.locks.AbstractQueuedSynchronizer$ConditionObject.await(AbstractQueuedSynchronizer.java:2039)
        at java.util.concurrent.LinkedBlockingQueue.take(LinkedBlockingQueue.java:442)
        at java.util.concurrent.ThreadPoolExecutor.getTask(ThreadPoolExecutor.java:1074)
        at java.util.concurrent.ThreadPoolExecutor.runWorker(ThreadPoolExecutor.java:1134)
        at java.util.concurrent.ThreadPoolExecutor$Worker.run(ThreadPoolExecutor.java:624)
        at java.lang.Thread.run(Thread.java:750)
"JvmPauseMonitor9" daemon prio=5 tid=594 timed_waiting
java.lang.Thread.State: TIMED_WAITING
        at java.lang.Thread.sleep(Native Method)
        at java.lang.Thread.sleep(Thread.java:342)
        at java.util.concurrent.TimeUnit.sleep(TimeUnit.java:386)
        at org.apache.ratis.util.TimeDuration.sleep(TimeDuration.java:325)
        at org.apache.ratis.util.TimeDuration.sleep(TimeDuration.java:310)
        at org.apache.ratis.util.JvmPauseMonitor.detectPause(JvmPauseMonitor.java:117)
        at org.apache.ratis.util.JvmPauseMonitor.run(JvmPauseMonitor.java:106)
        at org.apache.ratis.util.JvmPauseMonitor$$Lambda$485/1144886446.run(Unknown Source)
        at java.lang.Thread.run(Thread.java:750)
"IPC Server handler 11 on default port 15001" daemon prio=5 tid=82 timed_waiting
java.lang.Thread.State: TIMED_WAITING
        at sun.misc.Unsafe.park(Native Method)
        at java.util.concurrent.locks.LockSupport.parkNanos(LockSupport.java:215)
        at java.util.concurrent.locks.AbstractQueuedSynchronizer$ConditionObject.awaitNanos(AbstractQueuedSynchronizer.java:2078)
        at java.util.concurrent.LinkedBlockingQueue.poll(LinkedBlockingQueue.java:467)
        at org.apache.hadoop.ipc.CallQueueManager.take(CallQueueManager.java:317)
        at org.apache.hadoop.ipc.Server$Handler.run(Server.java:3014)
"pool-324-thread-1"  prio=5 tid=453 timed_waiting
java.lang.Thread.State: TIMED_WAITING
        at sun.misc.Unsafe.park(Native Method)
        at java.util.concurrent.locks.LockSupport.parkNanos(LockSupport.java:215)
        at java.util.concurrent.locks.AbstractQueuedSynchronizer$ConditionObject.awaitNanos(AbstractQueuedSynchronizer.java:2078)
        at java.util.concurrent.ScheduledThreadPoolExecutor$DelayedWorkQueue.take(ScheduledThreadPoolExecutor.java:1093)
        at java.util.concurrent.ScheduledThreadPoolExecutor$DelayedWorkQueue.take(ScheduledThreadPoolExecutor.java:809)
        at java.util.concurrent.ThreadPoolExecutor.getTask(ThreadPoolExecutor.java:1074)
        at java.util.concurrent.ThreadPoolExecutor.runWorker(ThreadPoolExecutor.java:1134)
        at java.util.concurrent.ThreadPoolExecutor$Worker.run(ThreadPoolExecutor.java:624)
        at java.lang.Thread.run(Thread.java:750)
"fadd24ee-4463-4420-97cf-bdd350ad83ae-CloseContainerThread-0"  prio=5 tid=1408 in Object.wait()
java.lang.Thread.State: WAITING (on object monitor)
        at sun.misc.Unsafe.park(Native Method)
        at java.util.concurrent.locks.LockSupport.park(LockSupport.java:175)
        at java.util.concurrent.locks.AbstractQueuedSynchronizer$ConditionObject.await(AbstractQueuedSynchronizer.java:2039)
        at java.util.concurrent.LinkedBlockingQueue.take(LinkedBlockingQueue.java:442)
        at java.util.concurrent.ThreadPoolExecutor.getTask(ThreadPoolExecutor.java:1074)
        at java.util.concurrent.ThreadPoolExecutor.runWorker(ThreadPoolExecutor.java:1134)
        at java.util.concurrent.ThreadPoolExecutor$Worker.run(ThreadPoolExecutor.java:624)
        at java.lang.Thread.run(Thread.java:750)
"IPC Server handler 19 on default port 15001" daemon prio=5 tid=90 timed_waiting
java.lang.Thread.State: TIMED_WAITING
        at sun.misc.Unsafe.park(Native Method)
        at java.util.concurrent.locks.LockSupport.parkNanos(LockSupport.java:215)
        at java.util.concurrent.locks.AbstractQueuedSynchronizer$ConditionObject.awaitNanos(AbstractQueuedSynchronizer.java:2078)
        at java.util.concurrent.LinkedBlockingQueue.poll(LinkedBlockingQueue.java:467)
        at org.apache.hadoop.ipc.CallQueueManager.take(CallQueueManager.java:317)
        at org.apache.hadoop.ipc.Server$Handler.run(Server.java:3014)
"nullContainerReplicationThread-0" daemon prio=5 tid=1483 timed_waiting
java.lang.Thread.State: TIMED_WAITING
        at java.lang.Thread.sleep(Native Method)
        at org.apache.ozone.test.GenericTestUtils.waitFor(GenericTestUtils.java:224)
        at org.apache.hadoop.ozone.container.TestECContainerRecovery.lambda$testECContainerRecoveryWithTimedOutRecovery$1(TestECContainerRecovery.java:312)
        at org.apache.hadoop.ozone.container.TestECContainerRecovery$$Lambda$1696/1101275613.answer(Unknown Source)
        at org.mockito.internal.stubbing.StubbedInvocationMatcher.answer(StubbedInvocationMatcher.java:40)
        at org.mockito.internal.handler.MockHandlerImpl.handle(MockHandlerImpl.java:99)
        at org.mockito.internal.handler.NullResultGuardian.handle(NullResultGuardian.java:29)
        at org.mockito.internal.handler.InvocationNotifierHandler.handle(InvocationNotifierHandler.java:33)
        at org.mockito.internal.creation.bytebuddy.MockMethodInterceptor.doIntercept(MockMethodInterceptor.java:57)
        at org.mockito.internal.creation.bytebuddy.MockMethodAdvice.handle(MockMethodAdvice.java:147)
        at org.apache.hadoop.ozone.container.ec.reconstruction.ECReconstructionCoordinator.reconstructECBlockGroup(ECReconstructionCoordinator.java:240)
        at org.apache.hadoop.ozone.container.ec.reconstruction.ECReconstructionCoordinator.reconstructECContainerGroup(ECReconstructionCoordinator.java:178)
        at sun.reflect.NativeMethodAccessorImpl.invoke0(Native Method)
        at sun.reflect.NativeMethodAccessorImpl.invoke(NativeMethodAccessorImpl.java:62)
        at sun.reflect.DelegatingMethodAccessorImpl.invoke(DelegatingMethodAccessorImpl.java:43)
        at java.lang.reflect.Method.invoke(Method.java:498)
        at org.mockito.internal.util.reflection.ReflectionMemberAccessor.invoke(ReflectionMemberAccessor.java:45)
        at org.mockito.internal.creation.bytebuddy.MockMethodAdvice.tryInvoke(MockMethodAdvice.java:329)
        at org.mockito.internal.creation.bytebuddy.MockMethodAdvice.access$500(MockMethodAdvice.java:56)
        at org.mockito.internal.creation.bytebuddy.MockMethodAdvice$RealMethodCall.invoke(MockMethodAdvice.java:249)
        at org.mockito.internal.invocation.InterceptedInvocation.callRealMethod(InterceptedInvocation.java:141)
        at org.mockito.internal.stubbing.answers.CallsRealMethods.answer(CallsRealMethods.java:44)
        at org.mockito.Answers.answer(Answers.java:98)
        at org.mockito.internal.handler.MockHandlerImpl.handle(MockHandlerImpl.java:106)
        at org.mockito.internal.handler.NullResultGuardian.handle(NullResultGuardian.java:29)
        at org.mockito.internal.handler.InvocationNotifierHandler.handle(InvocationNotifierHandler.java:33)
        at org.mockito.internal.creation.bytebuddy.MockMethodInterceptor.doIntercept(MockMethodInterceptor.java:57)
        at org.mockito.internal.creation.bytebuddy.MockMethodAdvice.handle(MockMethodAdvice.java:147)
        at org.apache.hadoop.ozone.container.ec.reconstruction.ECReconstructionCoordinator.reconstructECContainerGroup(ECReconstructionCoordinator.java:148)
        at org.apache.hadoop.ozone.container.ec.reconstruction.ECReconstructionCoordinatorTask.runTask(ECReconstructionCoordinatorTask.java:68)
        at org.apache.hadoop.ozone.container.replication.ReplicationSupervisor$TaskRunner.run(ReplicationSupervisor.java:369)
        at java.util.concurrent.ThreadPoolExecutor.runWorker(ThreadPoolExecutor.java:1149)
        at java.util.concurrent.ThreadPoolExecutor$Worker.run(ThreadPoolExecutor.java:624)
        at java.lang.Thread.run(Thread.java:750)
"StaleRecoveringContainerScrubbingService#7" daemon prio=5 tid=1414 in Object.wait()
java.lang.Thread.State: WAITING (on object monitor)
        at sun.misc.Unsafe.park(Native Method)
        at java.util.concurrent.locks.LockSupport.park(LockSupport.java:175)
        at java.util.concurrent.locks.AbstractQueuedSynchronizer$ConditionObject.await(AbstractQueuedSynchronizer.java:2039)
        at java.util.concurrent.ScheduledThreadPoolExecutor$DelayedWorkQueue.take(ScheduledThreadPoolExecutor.java:1088)
        at java.util.concurrent.ScheduledThreadPoolExecutor$DelayedWorkQueue.take(ScheduledThreadPoolExecutor.java:809)
        at java.util.concurrent.ThreadPoolExecutor.getTask(ThreadPoolExecutor.java:1074)
        at java.util.concurrent.ThreadPoolExecutor.runWorker(ThreadPoolExecutor.java:1134)
        at java.util.concurrent.ThreadPoolExecutor$Worker.run(ThreadPoolExecutor.java:624)
        at java.lang.Thread.run(Thread.java:750)
"Socket Reader #1 for port 15002"  prio=5 tid=26 runnable
java.lang.Thread.State: RUNNABLE
        at sun.nio.ch.EPollArrayWrapper.epollWait(Native Method)
        at sun.nio.ch.EPollArrayWrapper.poll(EPollArrayWrapper.java:269)
        at sun.nio.ch.EPollSelectorImpl.doSelect(EPollSelectorImpl.java:93)
        at sun.nio.ch.SelectorImpl.lockAndDoSelect(SelectorImpl.java:86)
        at sun.nio.ch.SelectorImpl.select(SelectorImpl.java:97)
        at sun.nio.ch.SelectorImpl.select(SelectorImpl.java:101)
        at org.apache.hadoop.ipc.Server$Listener$Reader.doRunLoop(Server.java:1346)
        at org.apache.hadoop.ipc.Server$Listener$Reader.run(Server.java:1325)
"IPC Server handler 1 on default port 15004" daemon prio=5 tid=166 timed_waiting
java.lang.Thread.State: TIMED_WAITING
        at sun.misc.Unsafe.park(Native Method)
        at java.util.concurrent.locks.LockSupport.parkNanos(LockSupport.java:215)
        at java.util.concurrent.locks.AbstractQueuedSynchronizer$ConditionObject.awaitNanos(AbstractQueuedSynchronizer.java:2078)
        at java.util.concurrent.LinkedBlockingQueue.poll(LinkedBlockingQueue.java:467)
        at org.apache.hadoop.ipc.CallQueueManager.take(CallQueueManager.java:317)
        at org.apache.hadoop.ipc.Server$Handler.run(Server.java:3014)
"92ba0aed-1dcc-4895-b5bb-fc45f440be2e@group-6DBCDF991ECB-SegmentedRaftLogWorker"  prio=5 tid=796 timed_waiting
java.lang.Thread.State: TIMED_WAITING
        at sun.misc.Unsafe.park(Native Method)
        at java.util.concurrent.locks.LockSupport.parkNanos(LockSupport.java:215)
        at java.util.concurrent.locks.AbstractQueuedSynchronizer$ConditionObject.awaitNanos(AbstractQueuedSynchronizer.java:2078)
        at org.apache.ratis.util.DataBlockingQueue.poll(DataBlockingQueue.java:148)
        at org.apache.ratis.server.raftlog.segmented.SegmentedRaftLogWorker.run(SegmentedRaftLogWorker.java:307)
        at org.apache.ratis.server.raftlog.segmented.SegmentedRaftLogWorker$$Lambda$819/704615668.run(Unknown Source)
        at java.util.concurrent.Executors$RunnableAdapter.call(Executors.java:511)
        at java.util.concurrent.FutureTask.run(FutureTask.java:266)
        at java.util.concurrent.ThreadPoolExecutor.runWorker(ThreadPoolExecutor.java:1149)
        at java.util.concurrent.ThreadPoolExecutor$Worker.run(ThreadPoolExecutor.java:624)
        at java.lang.Thread.run(Thread.java:750)
"18227f38-d602-4438-971e-c9cd287df9cb-NettyServerStreamRpc-bossGroup--thread1"  prio=5 tid=392 runnable
java.lang.Thread.State: RUNNABLE
        at sun.nio.ch.EPollArrayWrapper.epollWait(Native Method)
        at sun.nio.ch.EPollArrayWrapper.poll(EPollArrayWrapper.java:269)
        at sun.nio.ch.EPollSelectorImpl.doSelect(EPollSelectorImpl.java:93)
        at sun.nio.ch.SelectorImpl.lockAndDoSelect(SelectorImpl.java:86)
        at sun.nio.ch.SelectorImpl.select(SelectorImpl.java:97)
        at sun.nio.ch.SelectorImpl.select(SelectorImpl.java:101)
        at org.apache.ratis.thirdparty.io.netty.channel.nio.SelectedSelectionKeySetSelector.select(SelectedSelectionKeySetSelector.java:68)
        at org.apache.ratis.thirdparty.io.netty.channel.nio.NioEventLoop.select(NioEventLoop.java:879)
        at org.apache.ratis.thirdparty.io.netty.channel.nio.NioEventLoop.run(NioEventLoop.java:526)
        at org.apache.ratis.thirdparty.io.netty.util.concurrent.SingleThreadEventExecutor$4.run(SingleThreadEventExecutor.java:997)
        at org.apache.ratis.thirdparty.io.netty.util.internal.ThreadExecutorMap$2.run(ThreadExecutorMap.java:74)
        at java.lang.Thread.run(Thread.java:750)
"pool-194-thread-1"  prio=5 tid=308 timed_waiting
java.lang.Thread.State: TIMED_WAITING
        at sun.misc.Unsafe.park(Native Method)
        at java.util.concurrent.locks.LockSupport.parkNanos(LockSupport.java:215)
        at java.util.concurrent.locks.AbstractQueuedSynchronizer$ConditionObject.awaitNanos(AbstractQueuedSynchronizer.java:2078)
        at java.util.concurrent.ScheduledThreadPoolExecutor$DelayedWorkQueue.take(ScheduledThreadPoolExecutor.java:1093)
        at java.util.concurrent.ScheduledThreadPoolExecutor$DelayedWorkQueue.take(ScheduledThreadPoolExecutor.java:809)
        at java.util.concurrent.ThreadPoolExecutor.getTask(ThreadPoolExecutor.java:1074)
        at java.util.concurrent.ThreadPoolExecutor.runWorker(ThreadPoolExecutor.java:1134)
        at java.util.concurrent.ThreadPoolExecutor$Worker.run(ThreadPoolExecutor.java:624)
        at java.lang.Thread.run(Thread.java:750)
"Hadoop-Metrics-Updater-0" daemon prio=5 tid=322 timed_waiting
java.lang.Thread.State: TIMED_WAITING
        at sun.misc.Unsafe.park(Native Method)
        at java.util.concurrent.locks.LockSupport.parkNanos(LockSupport.java:215)
        at java.util.concurrent.locks.AbstractQueuedSynchronizer$ConditionObject.awaitNanos(AbstractQueuedSynchronizer.java:2078)
        at java.util.concurrent.ScheduledThreadPoolExecutor$DelayedWorkQueue.take(ScheduledThreadPoolExecutor.java:1093)
        at java.util.concurrent.ScheduledThreadPoolExecutor$DelayedWorkQueue.take(ScheduledThreadPoolExecutor.java:809)
        at java.util.concurrent.ThreadPoolExecutor.getTask(ThreadPoolExecutor.java:1074)
        at java.util.concurrent.ThreadPoolExecutor.runWorker(ThreadPoolExecutor.java:1134)
        at java.util.concurrent.ThreadPoolExecutor$Worker.run(ThreadPoolExecutor.java:624)
        at java.lang.Thread.run(Thread.java:750)
"StaleRecoveringContainerScrubbingService#2" daemon prio=5 tid=943 timed_waiting
java.lang.Thread.State: TIMED_WAITING
        at sun.misc.Unsafe.park(Native Method)
        at java.util.concurrent.locks.LockSupport.parkNanos(LockSupport.java:215)
        at java.util.concurrent.locks.AbstractQueuedSynchronizer$ConditionObject.awaitNanos(AbstractQueuedSynchronizer.java:2078)
        at java.util.concurrent.ScheduledThreadPoolExecutor$DelayedWorkQueue.take(ScheduledThreadPoolExecutor.java:1093)
        at java.util.concurrent.ScheduledThreadPoolExecutor$DelayedWorkQueue.take(ScheduledThreadPoolExecutor.java:809)
        at java.util.concurrent.ThreadPoolExecutor.getTask(ThreadPoolExecutor.java:1074)
        at java.util.concurrent.ThreadPoolExecutor.runWorker(ThreadPoolExecutor.java:1134)
        at java.util.concurrent.ThreadPoolExecutor$Worker.run(ThreadPoolExecutor.java:624)
        at java.lang.Thread.run(Thread.java:750)
"fadd24ee-4463-4420-97cf-bdd350ad83ae@group-BD8DE2487517-StateMachineUpdater" daemon prio=5 tid=679 timed_waiting
java.lang.Thread.State: TIMED_WAITING
        at sun.misc.Unsafe.park(Native Method)
        at java.util.concurrent.locks.LockSupport.parkNanos(LockSupport.java:215)
        at java.util.concurrent.locks.AbstractQueuedSynchronizer$ConditionObject.await(AbstractQueuedSynchronizer.java:2163)
        at org.apache.ratis.util.AwaitForSignal.await(AwaitForSignal.java:62)
        at org.apache.ratis.server.impl.StateMachineUpdater.waitForCommit(StateMachineUpdater.java:209)
        at org.apache.ratis.server.impl.StateMachineUpdater.run(StateMachineUpdater.java:178)
        at java.lang.Thread.run(Thread.java:750)
"d9016e39-0130-4fd9-896a-cac3c2785d02-DatanodeReportManager-3" daemon prio=5 tid=1197 timed_waiting
java.lang.Thread.State: TIMED_WAITING
        at sun.misc.Unsafe.park(Native Method)
        at java.util.concurrent.locks.LockSupport.parkNanos(LockSupport.java:215)
        at java.util.concurrent.locks.AbstractQueuedSynchronizer$ConditionObject.awaitNanos(AbstractQueuedSynchronizer.java:2078)
        at java.util.concurrent.ScheduledThreadPoolExecutor$DelayedWorkQueue.take(ScheduledThreadPoolExecutor.java:1093)
        at java.util.concurrent.ScheduledThreadPoolExecutor$DelayedWorkQueue.take(ScheduledThreadPoolExecutor.java:809)
        at java.util.concurrent.ThreadPoolExecutor.getTask(ThreadPoolExecutor.java:1074)
        at java.util.concurrent.ThreadPoolExecutor.runWorker(ThreadPoolExecutor.java:1134)
        at java.util.concurrent.ThreadPoolExecutor$Worker.run(ThreadPoolExecutor.java:624)
        at java.lang.Thread.run(Thread.java:750)
"0eeb79a9-13fd-416c-b2a7-6f654c6b5029-ChunkReader-ELG-0" daemon prio=5 tid=504 runnable
java.lang.Thread.State: RUNNABLE
        at org.apache.ratis.thirdparty.io.netty.channel.epoll.Native.epollWait0(Native Method)
        at org.apache.ratis.thirdparty.io.netty.channel.epoll.Native.epollWait(Native.java:182)
        at org.apache.ratis.thirdparty.io.netty.channel.epoll.EpollEventLoop.epollWait(EpollEventLoop.java:302)
        at org.apache.ratis.thirdparty.io.netty.channel.epoll.EpollEventLoop.run(EpollEventLoop.java:366)
        at org.apache.ratis.thirdparty.io.netty.util.concurrent.SingleThreadEventExecutor$4.run(SingleThreadEventExecutor.java:997)
        at org.apache.ratis.thirdparty.io.netty.util.internal.ThreadExecutorMap$2.run(ThreadExecutorMap.java:74)
        at java.lang.Thread.run(Thread.java:750)
"IPC Server handler 2 on default port 15004" daemon prio=5 tid=167 timed_waiting
java.lang.Thread.State: TIMED_WAITING
        at sun.misc.Unsafe.park(Native Method)
        at java.util.concurrent.locks.LockSupport.parkNanos(LockSupport.java:215)
        at java.util.concurrent.locks.AbstractQueuedSynchronizer$ConditionObject.awaitNanos(AbstractQueuedSynchronizer.java:2078)
        at java.util.concurrent.LinkedBlockingQueue.poll(LinkedBlockingQueue.java:467)
        at org.apache.hadoop.ipc.CallQueueManager.take(CallQueueManager.java:317)
        at org.apache.hadoop.ipc.Server$Handler.run(Server.java:3014)
"nullContainerReplicationThread-0" daemon prio=5 tid=1488 timed_waiting
java.lang.Thread.State: TIMED_WAITING
        at java.lang.Thread.sleep(Native Method)
        at org.apache.ozone.test.GenericTestUtils.waitFor(GenericTestUtils.java:224)
        at org.apache.hadoop.ozone.container.TestECContainerRecovery.lambda$testECContainerRecoveryWithTimedOutRecovery$1(TestECContainerRecovery.java:312)
        at org.apache.hadoop.ozone.container.TestECContainerRecovery$$Lambda$1696/1101275613.answer(Unknown Source)
        at org.mockito.internal.stubbing.StubbedInvocationMatcher.answer(StubbedInvocationMatcher.java:40)
        at org.mockito.internal.handler.MockHandlerImpl.handle(MockHandlerImpl.java:99)
        at org.mockito.internal.handler.NullResultGuardian.handle(NullResultGuardian.java:29)
        at org.mockito.internal.handler.InvocationNotifierHandler.handle(InvocationNotifierHandler.java:33)
        at org.mockito.internal.creation.bytebuddy.MockMethodInterceptor.doIntercept(MockMethodInterceptor.java:57)
        at org.mockito.internal.creation.bytebuddy.MockMethodAdvice.handle(MockMethodAdvice.java:147)
        at org.apache.hadoop.ozone.container.ec.reconstruction.ECReconstructionCoordinator.reconstructECBlockGroup(ECReconstructionCoordinator.java:240)
        at org.apache.hadoop.ozone.container.ec.reconstruction.ECReconstructionCoordinator.reconstructECContainerGroup(ECReconstructionCoordinator.java:178)
        at sun.reflect.NativeMethodAccessorImpl.invoke0(Native Method)
        at sun.reflect.NativeMethodAccessorImpl.invoke(NativeMethodAccessorImpl.java:62)
        at sun.reflect.DelegatingMethodAccessorImpl.invoke(DelegatingMethodAccessorImpl.java:43)
        at java.lang.reflect.Method.invoke(Method.java:498)
        at org.mockito.internal.util.reflection.ReflectionMemberAccessor.invoke(ReflectionMemberAccessor.java:45)
        at org.mockito.internal.creation.bytebuddy.MockMethodAdvice.tryInvoke(MockMethodAdvice.java:329)
        at org.mockito.internal.creation.bytebuddy.MockMethodAdvice.access$500(MockMethodAdvice.java:56)
        at org.mockito.internal.creation.bytebuddy.MockMethodAdvice$RealMethodCall.invoke(MockMethodAdvice.java:249)
        at org.mockito.internal.invocation.InterceptedInvocation.callRealMethod(InterceptedInvocation.java:141)
        at org.mockito.internal.stubbing.answers.CallsRealMethods.answer(CallsRealMethods.java:44)
        at org.mockito.Answers.answer(Answers.java:98)
        at org.mockito.internal.handler.MockHandlerImpl.handle(MockHandlerImpl.java:106)
        at org.mockito.internal.handler.NullResultGuardian.handle(NullResultGuardian.java:29)
        at org.mockito.internal.handler.InvocationNotifierHandler.handle(InvocationNotifierHandler.java:33)
        at org.mockito.internal.creation.bytebuddy.MockMethodInterceptor.doIntercept(MockMethodInterceptor.java:57)
        at org.mockito.internal.creation.bytebuddy.MockMethodAdvice.handle(MockMethodAdvice.java:147)
        at org.apache.hadoop.ozone.container.ec.reconstruction.ECReconstructionCoordinator.reconstructECContainerGroup(ECReconstructionCoordinator.java:148)
        at org.apache.hadoop.ozone.container.ec.reconstruction.ECReconstructionCoordinatorTask.runTask(ECReconstructionCoordinatorTask.java:68)
        at org.apache.hadoop.ozone.container.replication.ReplicationSupervisor$TaskRunner.run(ReplicationSupervisor.java:369)
        at java.util.concurrent.ThreadPoolExecutor.runWorker(ThreadPoolExecutor.java:1149)
        at java.util.concurrent.ThreadPoolExecutor$Worker.run(ThreadPoolExecutor.java:624)
        at java.lang.Thread.run(Thread.java:750)
"92ba0aed-1dcc-4895-b5bb-fc45f440be2e-BlockDeletingService#3" daemon prio=5 tid=1481 in Object.wait()
java.lang.Thread.State: WAITING (on object monitor)
        at sun.misc.Unsafe.park(Native Method)
        at java.util.concurrent.locks.LockSupport.park(LockSupport.java:175)
        at java.util.concurrent.locks.AbstractQueuedSynchronizer$ConditionObject.await(AbstractQueuedSynchronizer.java:2039)
        at java.util.concurrent.ScheduledThreadPoolExecutor$DelayedWorkQueue.take(ScheduledThreadPoolExecutor.java:1088)
        at java.util.concurrent.ScheduledThreadPoolExecutor$DelayedWorkQueue.take(ScheduledThreadPoolExecutor.java:809)
        at java.util.concurrent.ThreadPoolExecutor.getTask(ThreadPoolExecutor.java:1074)
        at java.util.concurrent.ThreadPoolExecutor.runWorker(ThreadPoolExecutor.java:1134)
        at java.util.concurrent.ThreadPoolExecutor$Worker.run(ThreadPoolExecutor.java:624)
        at java.lang.Thread.run(Thread.java:750)
"4cee0e49-9f18-41f8-8e67-157ccbc15955-groupManagement"  prio=5 tid=666 in Object.wait()
java.lang.Thread.State: WAITING (on object monitor)
        at sun.misc.Unsafe.park(Native Method)
        at java.util.concurrent.locks.LockSupport.park(LockSupport.java:175)
        at java.util.concurrent.locks.AbstractQueuedSynchronizer$ConditionObject.await(AbstractQueuedSynchronizer.java:2039)
        at java.util.concurrent.LinkedBlockingQueue.take(LinkedBlockingQueue.java:442)
        at java.util.concurrent.ThreadPoolExecutor.getTask(ThreadPoolExecutor.java:1074)
        at java.util.concurrent.ThreadPoolExecutor.runWorker(ThreadPoolExecutor.java:1134)
        at java.util.concurrent.ThreadPoolExecutor$Worker.run(ThreadPoolExecutor.java:624)
        at java.lang.Thread.run(Thread.java:750)
"18227f38-d602-4438-971e-c9cd287df9cb@group-6DBCDF991ECB-LeaderStateImpl" daemon prio=5 tid=1023 timed_waiting
java.lang.Thread.State: TIMED_WAITING
        at sun.misc.Unsafe.park(Native Method)
        at java.util.concurrent.locks.LockSupport.parkNanos(LockSupport.java:215)
        at java.util.concurrent.locks.AbstractQueuedSynchronizer$ConditionObject.awaitNanos(AbstractQueuedSynchronizer.java:2078)
        at java.util.concurrent.ArrayBlockingQueue.poll(ArrayBlockingQueue.java:418)
        at org.apache.ratis.server.impl.LeaderStateImpl$EventQueue.poll(LeaderStateImpl.java:164)
        at org.apache.ratis.server.impl.LeaderStateImpl$EventProcessor.run(LeaderStateImpl.java:702)
"qtp1623275279-455-acceptor-0@2f44715b-ServerConnector@7075359c{HTTP/1.1, (http/1.1)}{0.0.0.0:15090}" daemon prio=3 tid=455 runnable
java.lang.Thread.State: RUNNABLE
        at sun.nio.ch.ServerSocketChannelImpl.accept0(Native Method)
        at sun.nio.ch.ServerSocketChannelImpl.accept(ServerSocketChannelImpl.java:421)
        at sun.nio.ch.ServerSocketChannelImpl.accept(ServerSocketChannelImpl.java:249)
        at org.eclipse.jetty.server.ServerConnector.accept(ServerConnector.java:388)
        at org.eclipse.jetty.server.AbstractConnector$Acceptor.run(AbstractConnector.java:704)
        at org.eclipse.jetty.util.thread.QueuedThreadPool.runJob(QueuedThreadPool.java:883)
        at org.eclipse.jetty.util.thread.QueuedThreadPool$Runner.run(QueuedThreadPool.java:1034)
        at java.lang.Thread.run(Thread.java:750)
"d9016e39-0130-4fd9-896a-cac3c2785d02-ChunkWriter-2-0" daemon prio=5 tid=1208 in Object.wait()
java.lang.Thread.State: WAITING (on object monitor)
        at sun.misc.Unsafe.park(Native Method)
        at java.util.concurrent.locks.LockSupport.park(LockSupport.java:175)
        at java.util.concurrent.locks.AbstractQueuedSynchronizer$ConditionObject.await(AbstractQueuedSynchronizer.java:2039)
        at java.util.concurrent.LinkedBlockingDeque.takeFirst(LinkedBlockingDeque.java:492)
        at java.util.concurrent.LinkedBlockingDeque.take(LinkedBlockingDeque.java:680)
        at java.util.concurrent.ThreadPoolExecutor.getTask(ThreadPoolExecutor.java:1074)
        at java.util.concurrent.ThreadPoolExecutor.runWorker(ThreadPoolExecutor.java:1134)
        at java.util.concurrent.ThreadPoolExecutor$Worker.run(ThreadPoolExecutor.java:624)
        at java.lang.Thread.run(Thread.java:750)
"qtp491457031-118" daemon prio=5 tid=118 timed_waiting
java.lang.Thread.State: TIMED_WAITING
        at sun.misc.Unsafe.park(Native Method)
        at java.util.concurrent.locks.LockSupport.parkNanos(LockSupport.java:215)
        at java.util.concurrent.locks.AbstractQueuedSynchronizer$ConditionObject.awaitNanos(AbstractQueuedSynchronizer.java:2078)
        at org.eclipse.jetty.util.BlockingArrayQueue.poll(BlockingArrayQueue.java:382)
        at org.eclipse.jetty.util.thread.QueuedThreadPool$Runner.idleJobPoll(QueuedThreadPool.java:974)
        at org.eclipse.jetty.util.thread.QueuedThreadPool$Runner.run(QueuedThreadPool.java:1018)
        at java.lang.Thread.run(Thread.java:750)
"qtp1342466480-403" daemon prio=5 tid=403 timed_waiting
java.lang.Thread.State: TIMED_WAITING
        at sun.misc.Unsafe.park(Native Method)
        at java.util.concurrent.locks.LockSupport.parkNanos(LockSupport.java:215)
        at java.util.concurrent.locks.AbstractQueuedSynchronizer$ConditionObject.awaitNanos(AbstractQueuedSynchronizer.java:2078)
        at org.eclipse.jetty.util.BlockingArrayQueue.poll(BlockingArrayQueue.java:382)
        at org.eclipse.jetty.util.thread.QueuedThreadPool$Runner.idleJobPoll(QueuedThreadPool.java:974)
        at org.eclipse.jetty.util.thread.QueuedThreadPool$Runner.run(QueuedThreadPool.java:1018)
        at java.lang.Thread.run(Thread.java:750)
"om1-SstFilteringService#0" daemon prio=5 tid=152 timed_waiting
java.lang.Thread.State: TIMED_WAITING
        at sun.misc.Unsafe.park(Native Method)
        at java.util.concurrent.locks.LockSupport.parkNanos(LockSupport.java:215)
        at java.util.concurrent.locks.AbstractQueuedSynchronizer$ConditionObject.awaitNanos(AbstractQueuedSynchronizer.java:2078)
        at java.util.concurrent.ScheduledThreadPoolExecutor$DelayedWorkQueue.take(ScheduledThreadPoolExecutor.java:1093)
        at java.util.concurrent.ScheduledThreadPoolExecutor$DelayedWorkQueue.take(ScheduledThreadPoolExecutor.java:809)
        at java.util.concurrent.ThreadPoolExecutor.getTask(ThreadPoolExecutor.java:1074)
        at java.util.concurrent.ThreadPoolExecutor.runWorker(ThreadPoolExecutor.java:1134)
        at java.util.concurrent.ThreadPoolExecutor$Worker.run(ThreadPoolExecutor.java:624)
        at java.lang.Thread.run(Thread.java:750)
"StaleRecoveringContainerScrubbingService#6" daemon prio=5 tid=1326 in Object.wait()
java.lang.Thread.State: WAITING (on object monitor)
        at sun.misc.Unsafe.park(Native Method)
        at java.util.concurrent.locks.LockSupport.park(LockSupport.java:175)
        at java.util.concurrent.locks.AbstractQueuedSynchronizer$ConditionObject.await(AbstractQueuedSynchronizer.java:2039)
        at java.util.concurrent.ScheduledThreadPoolExecutor$DelayedWorkQueue.take(ScheduledThreadPoolExecutor.java:1088)
        at java.util.concurrent.ScheduledThreadPoolExecutor$DelayedWorkQueue.take(ScheduledThreadPoolExecutor.java:809)
        at java.util.concurrent.ThreadPoolExecutor.getTask(ThreadPoolExecutor.java:1074)
        at java.util.concurrent.ThreadPoolExecutor.runWorker(ThreadPoolExecutor.java:1134)
        at java.util.concurrent.ThreadPoolExecutor$Worker.run(ThreadPoolExecutor.java:624)
        at java.lang.Thread.run(Thread.java:750)
"92ba0aed-1dcc-4895-b5bb-fc45f440be2e@group-B0F7BFBF7B06-StateMachineUpdater" daemon prio=5 tid=697 timed_waiting
java.lang.Thread.State: TIMED_WAITING
        at sun.misc.Unsafe.park(Native Method)
        at java.util.concurrent.locks.LockSupport.parkNanos(LockSupport.java:215)
        at java.util.concurrent.locks.AbstractQueuedSynchronizer$ConditionObject.await(AbstractQueuedSynchronizer.java:2163)
        at org.apache.ratis.util.AwaitForSignal.await(AwaitForSignal.java:62)
        at org.apache.ratis.server.impl.StateMachineUpdater.waitForCommit(StateMachineUpdater.java:209)
        at org.apache.ratis.server.impl.StateMachineUpdater.run(StateMachineUpdater.java:178)
        at java.lang.Thread.run(Thread.java:750)
"18227f38-d602-4438-971e-c9cd287df9cb@group-A7771FB2EC2A-SegmentedRaftLogWorker"  prio=5 tid=722 timed_waiting
java.lang.Thread.State: TIMED_WAITING
        at sun.misc.Unsafe.park(Native Method)
        at java.util.concurrent.locks.LockSupport.parkNanos(LockSupport.java:215)
        at java.util.concurrent.locks.AbstractQueuedSynchronizer$ConditionObject.awaitNanos(AbstractQueuedSynchronizer.java:2078)
        at org.apache.ratis.util.DataBlockingQueue.poll(DataBlockingQueue.java:148)
        at org.apache.ratis.server.raftlog.segmented.SegmentedRaftLogWorker.run(SegmentedRaftLogWorker.java:307)
        at org.apache.ratis.server.raftlog.segmented.SegmentedRaftLogWorker$$Lambda$819/704615668.run(Unknown Source)
        at java.util.concurrent.Executors$RunnableAdapter.call(Executors.java:511)
        at java.util.concurrent.FutureTask.run(FutureTask.java:266)
        at java.util.concurrent.ThreadPoolExecutor.runWorker(ThreadPoolExecutor.java:1149)
        at java.util.concurrent.ThreadPoolExecutor$Worker.run(ThreadPoolExecutor.java:624)
        at java.lang.Thread.run(Thread.java:750)
"IPC Server Responder" daemon prio=5 tid=38 runnable
java.lang.Thread.State: RUNNABLE
        at sun.nio.ch.EPollArrayWrapper.epollWait(Native Method)
        at sun.nio.ch.EPollArrayWrapper.poll(EPollArrayWrapper.java:269)
        at sun.nio.ch.EPollSelectorImpl.doSelect(EPollSelectorImpl.java:93)
        at sun.nio.ch.SelectorImpl.lockAndDoSelect(SelectorImpl.java:86)
        at sun.nio.ch.SelectorImpl.select(SelectorImpl.java:97)
        at org.apache.hadoop.ipc.Server$Responder.doRunLoop(Server.java:1582)
        at org.apache.hadoop.ipc.Server$Responder.run(Server.java:1565)
"qtp830753455-370" daemon prio=5 tid=370 timed_waiting
java.lang.Thread.State: TIMED_WAITING
        at sun.misc.Unsafe.park(Native Method)
        at java.util.concurrent.locks.LockSupport.parkNanos(LockSupport.java:215)
        at java.util.concurrent.locks.AbstractQueuedSynchronizer$ConditionObject.awaitNanos(AbstractQueuedSynchronizer.java:2078)
        at org.eclipse.jetty.util.BlockingArrayQueue.poll(BlockingArrayQueue.java:382)
        at org.eclipse.jetty.util.thread.QueuedThreadPool$Runner.idleJobPoll(QueuedThreadPool.java:974)
        at org.eclipse.jetty.util.thread.QueuedThreadPool$Runner.run(QueuedThreadPool.java:1018)
        at java.lang.Thread.run(Thread.java:750)
"92ba0aed-1dcc-4895-b5bb-fc45f440be2e-NettyServerStreamRpc-bossGroup--thread1"  prio=5 tid=363 runnable
java.lang.Thread.State: RUNNABLE
        at sun.nio.ch.EPollArrayWrapper.epollWait(Native Method)
        at sun.nio.ch.EPollArrayWrapper.poll(EPollArrayWrapper.java:269)
        at sun.nio.ch.EPollSelectorImpl.doSelect(EPollSelectorImpl.java:93)
        at sun.nio.ch.SelectorImpl.lockAndDoSelect(SelectorImpl.java:86)
        at sun.nio.ch.SelectorImpl.select(SelectorImpl.java:97)
        at sun.nio.ch.SelectorImpl.select(SelectorImpl.java:101)
        at org.apache.ratis.thirdparty.io.netty.channel.nio.SelectedSelectionKeySetSelector.select(SelectedSelectionKeySetSelector.java:68)
        at org.apache.ratis.thirdparty.io.netty.channel.nio.NioEventLoop.select(NioEventLoop.java:879)
        at org.apache.ratis.thirdparty.io.netty.channel.nio.NioEventLoop.run(NioEventLoop.java:526)
        at org.apache.ratis.thirdparty.io.netty.util.concurrent.SingleThreadEventExecutor$4.run(SingleThreadEventExecutor.java:997)
        at org.apache.ratis.thirdparty.io.netty.util.internal.ThreadExecutorMap$2.run(ThreadExecutorMap.java:74)
        at java.lang.Thread.run(Thread.java:750)
"4cee0e49-9f18-41f8-8e67-157ccbc15955-ChunkWriter-1-0" daemon prio=5 tid=545 in Object.wait()
java.lang.Thread.State: WAITING (on object monitor)
        at sun.misc.Unsafe.park(Native Method)
        at java.util.concurrent.locks.LockSupport.park(LockSupport.java:175)
        at java.util.concurrent.locks.AbstractQueuedSynchronizer$ConditionObject.await(AbstractQueuedSynchronizer.java:2039)
        at java.util.concurrent.LinkedBlockingDeque.takeFirst(LinkedBlockingDeque.java:492)
        at java.util.concurrent.LinkedBlockingDeque.take(LinkedBlockingDeque.java:680)
        at java.util.concurrent.ThreadPoolExecutor.getTask(ThreadPoolExecutor.java:1074)
        at java.util.concurrent.ThreadPoolExecutor.runWorker(ThreadPoolExecutor.java:1134)
        at java.util.concurrent.ThreadPoolExecutor$Worker.run(ThreadPoolExecutor.java:624)
        at java.lang.Thread.run(Thread.java:750)
"0eeb79a9-13fd-416c-b2a7-6f654c6b5029-DatanodeReportManager-2" daemon prio=5 tid=240 timed_waiting
java.lang.Thread.State: TIMED_WAITING
        at sun.misc.Unsafe.park(Native Method)
        at java.util.concurrent.locks.LockSupport.parkNanos(LockSupport.java:215)
        at java.util.concurrent.locks.AbstractQueuedSynchronizer$ConditionObject.awaitNanos(AbstractQueuedSynchronizer.java:2078)
        at java.util.concurrent.ScheduledThreadPoolExecutor$DelayedWorkQueue.take(ScheduledThreadPoolExecutor.java:1093)
        at java.util.concurrent.ScheduledThreadPoolExecutor$DelayedWorkQueue.take(ScheduledThreadPoolExecutor.java:809)
        at java.util.concurrent.ThreadPoolExecutor.getTask(ThreadPoolExecutor.java:1074)
        at java.util.concurrent.ThreadPoolExecutor.runWorker(ThreadPoolExecutor.java:1134)
        at java.util.concurrent.ThreadPoolExecutor$Worker.run(ThreadPoolExecutor.java:624)
        at java.lang.Thread.run(Thread.java:750)
"IPC Server handler 17 on default port 15001" daemon prio=5 tid=88 timed_waiting
java.lang.Thread.State: TIMED_WAITING
        at sun.misc.Unsafe.park(Native Method)
        at java.util.concurrent.locks.LockSupport.parkNanos(LockSupport.java:215)
        at java.util.concurrent.locks.AbstractQueuedSynchronizer$ConditionObject.awaitNanos(AbstractQueuedSynchronizer.java:2078)
        at java.util.concurrent.LinkedBlockingQueue.poll(LinkedBlockingQueue.java:467)
        at org.apache.hadoop.ipc.CallQueueManager.take(CallQueueManager.java:317)
        at org.apache.hadoop.ipc.Server$Handler.run(Server.java:3014)
"StaleRecoveringContainerScrubbingService#4" daemon prio=5 tid=1138 in Object.wait()
java.lang.Thread.State: WAITING (on object monitor)
        at sun.misc.Unsafe.park(Native Method)
        at java.util.concurrent.locks.LockSupport.park(LockSupport.java:175)
        at java.util.concurrent.locks.AbstractQueuedSynchronizer$ConditionObject.await(AbstractQueuedSynchronizer.java:2039)
        at java.util.concurrent.ScheduledThreadPoolExecutor$DelayedWorkQueue.take(ScheduledThreadPoolExecutor.java:1088)
        at java.util.concurrent.ScheduledThreadPoolExecutor$DelayedWorkQueue.take(ScheduledThreadPoolExecutor.java:809)
        at java.util.concurrent.ThreadPoolExecutor.getTask(ThreadPoolExecutor.java:1074)
        at java.util.concurrent.ThreadPoolExecutor.runWorker(ThreadPoolExecutor.java:1134)
        at java.util.concurrent.ThreadPoolExecutor$Worker.run(ThreadPoolExecutor.java:624)
        at java.lang.Thread.run(Thread.java:750)
"4cee0e49-9f18-41f8-8e67-157ccbc15955-DatanodeStateMachineTaskThread-1"  prio=5 tid=539 in Object.wait()
java.lang.Thread.State: WAITING (on object monitor)
        at sun.misc.Unsafe.park(Native Method)
        at java.util.concurrent.locks.LockSupport.park(LockSupport.java:175)
        at java.util.concurrent.locks.AbstractQueuedSynchronizer$ConditionObject.await(AbstractQueuedSynchronizer.java:2039)
        at java.util.concurrent.LinkedBlockingQueue.take(LinkedBlockingQueue.java:442)
        at java.util.concurrent.ThreadPoolExecutor.getTask(ThreadPoolExecutor.java:1074)
        at java.util.concurrent.ThreadPoolExecutor.runWorker(ThreadPoolExecutor.java:1134)
        at java.util.concurrent.ThreadPoolExecutor$Worker.run(ThreadPoolExecutor.java:624)
        at java.lang.Thread.run(Thread.java:750)
"0e92623e-4dcf-4eff-ae25-f8b8c2de319b-ChunkReader-5" daemon prio=5 tid=1152 in Object.wait()
java.lang.Thread.State: WAITING (on object monitor)
        at sun.misc.Unsafe.park(Native Method)
        at java.util.concurrent.locks.LockSupport.park(LockSupport.java:175)
        at java.util.concurrent.locks.AbstractQueuedSynchronizer$ConditionObject.await(AbstractQueuedSynchronizer.java:2039)
        at java.util.concurrent.LinkedBlockingQueue.take(LinkedBlockingQueue.java:442)
        at java.util.concurrent.ThreadPoolExecutor.getTask(ThreadPoolExecutor.java:1074)
        at java.util.concurrent.ThreadPoolExecutor.runWorker(ThreadPoolExecutor.java:1134)
        at java.util.concurrent.ThreadPoolExecutor$Worker.run(ThreadPoolExecutor.java:624)
        at java.lang.Thread.run(Thread.java:750)
"qtp1362677814-224" daemon prio=5 tid=224 timed_waiting
java.lang.Thread.State: TIMED_WAITING
        at sun.misc.Unsafe.park(Native Method)
        at java.util.concurrent.locks.LockSupport.parkNanos(LockSupport.java:215)
        at java.util.concurrent.locks.AbstractQueuedSynchronizer$ConditionObject.awaitNanos(AbstractQueuedSynchronizer.java:2078)
        at org.eclipse.jetty.util.BlockingArrayQueue.poll(BlockingArrayQueue.java:382)
        at org.eclipse.jetty.util.thread.QueuedThreadPool$Runner.idleJobPoll(QueuedThreadPool.java:974)
        at org.eclipse.jetty.util.thread.QueuedThreadPool$Runner.run(QueuedThreadPool.java:1018)
        at java.lang.Thread.run(Thread.java:750)
"FixedThreadPoolWithAffinityExecutor-1-0" daemon prio=5 tid=41 timed_waiting
java.lang.Thread.State: TIMED_WAITING
        at sun.misc.Unsafe.park(Native Method)
        at java.util.concurrent.locks.LockSupport.parkNanos(LockSupport.java:215)
        at java.util.concurrent.locks.AbstractQueuedSynchronizer$ConditionObject.awaitNanos(AbstractQueuedSynchronizer.java:2078)
        at java.util.concurrent.LinkedBlockingQueue.poll(LinkedBlockingQueue.java:467)
        at org.apache.hadoop.hdds.scm.server.ContainerReportQueue.poll(ContainerReportQueue.java:266)
        at org.apache.hadoop.hdds.scm.server.ContainerReportQueue.poll(ContainerReportQueue.java:42)
        at org.apache.hadoop.hdds.server.events.FixedThreadPoolWithAffinityExecutor$ContainerReportProcessTask.run(FixedThreadPoolWithAffinityExecutor.java:253)
        at java.util.concurrent.Executors$RunnableAdapter.call(Executors.java:511)
        at java.util.concurrent.FutureTask.run(FutureTask.java:266)
        at java.util.concurrent.ThreadPoolExecutor.runWorker(ThreadPoolExecutor.java:1149)
        at java.util.concurrent.ThreadPoolExecutor$Worker.run(ThreadPoolExecutor.java:624)
        at java.lang.Thread.run(Thread.java:750)
"d9016e39-0130-4fd9-896a-cac3c2785d02-DatanodeStateMachineTaskThread-0"  prio=5 tid=1200 in Object.wait()
java.lang.Thread.State: WAITING (on object monitor)
        at sun.misc.Unsafe.park(Native Method)
        at java.util.concurrent.locks.LockSupport.park(LockSupport.java:175)
        at java.util.concurrent.locks.AbstractQueuedSynchronizer$ConditionObject.await(AbstractQueuedSynchronizer.java:2039)
        at java.util.concurrent.LinkedBlockingQueue.take(LinkedBlockingQueue.java:442)
        at java.util.concurrent.ThreadPoolExecutor.getTask(ThreadPoolExecutor.java:1074)
        at java.util.concurrent.ThreadPoolExecutor.runWorker(ThreadPoolExecutor.java:1134)
        at java.util.concurrent.ThreadPoolExecutor$Worker.run(ThreadPoolExecutor.java:624)
        at java.lang.Thread.run(Thread.java:750)
"qtp394269711-427" daemon prio=5 tid=427 timed_waiting
java.lang.Thread.State: TIMED_WAITING
        at sun.misc.Unsafe.park(Native Method)
        at java.util.concurrent.locks.LockSupport.parkNanos(LockSupport.java:215)
        at java.util.concurrent.locks.AbstractQueuedSynchronizer$ConditionObject.awaitNanos(AbstractQueuedSynchronizer.java:2078)
        at org.eclipse.jetty.util.BlockingArrayQueue.poll(BlockingArrayQueue.java:382)
        at org.eclipse.jetty.util.thread.QueuedThreadPool$Runner.idleJobPoll(QueuedThreadPool.java:974)
        at org.eclipse.jetty.util.thread.QueuedThreadPool$Runner.run(QueuedThreadPool.java:1018)
        at java.lang.Thread.run(Thread.java:750)
"18227f38-d602-4438-971e-c9cd287df9cb@group-6DBCDF991ECB->92ba0aed-1dcc-4895-b5bb-fc45f440be2e-GrpcLogAppender-LogAppenderDaemon" daemon prio=5 tid=1024 timed_waiting
java.lang.Thread.State: TIMED_WAITING
        at sun.misc.Unsafe.park(Native Method)
        at java.util.concurrent.locks.LockSupport.parkNanos(LockSupport.java:215)
        at java.util.concurrent.locks.AbstractQueuedSynchronizer$ConditionObject.await(AbstractQueuedSynchronizer.java:2163)
        at org.apache.ratis.util.AwaitForSignal.await(AwaitForSignal.java:62)
        at org.apache.ratis.grpc.server.GrpcLogAppender.mayWait(GrpcLogAppender.java:197)
        at org.apache.ratis.grpc.server.GrpcLogAppender.run(GrpcLogAppender.java:148)
        at org.apache.ratis.server.leader.LogAppenderDaemon.run(LogAppenderDaemon.java:78)
        at org.apache.ratis.server.leader.LogAppenderDaemon$$Lambda$1246/2075727611.run(Unknown Source)
        at java.lang.Thread.run(Thread.java:750)
"IPC Server handler 13 on default port 15002" daemon prio=5 tid=104 timed_waiting
java.lang.Thread.State: TIMED_WAITING
        at sun.misc.Unsafe.park(Native Method)
        at java.util.concurrent.locks.LockSupport.parkNanos(LockSupport.java:215)
        at java.util.concurrent.locks.AbstractQueuedSynchronizer$ConditionObject.awaitNanos(AbstractQueuedSynchronizer.java:2078)
        at java.util.concurrent.LinkedBlockingQueue.poll(LinkedBlockingQueue.java:467)
        at org.apache.hadoop.ipc.CallQueueManager.take(CallQueueManager.java:317)
        at org.apache.hadoop.ipc.Server$Handler.run(Server.java:3014)
"4cee0e49-9f18-41f8-8e67-157ccbc15955-ChunkWriter-2-0" daemon prio=5 tid=546 in Object.wait()
java.lang.Thread.State: WAITING (on object monitor)
        at sun.misc.Unsafe.park(Native Method)
        at java.util.concurrent.locks.LockSupport.park(LockSupport.java:175)
        at java.util.concurrent.locks.AbstractQueuedSynchronizer$ConditionObject.await(AbstractQueuedSynchronizer.java:2039)
        at java.util.concurrent.LinkedBlockingDeque.takeFirst(LinkedBlockingDeque.java:492)
        at java.util.concurrent.LinkedBlockingDeque.take(LinkedBlockingDeque.java:680)
        at java.util.concurrent.ThreadPoolExecutor.getTask(ThreadPoolExecutor.java:1074)
        at java.util.concurrent.ThreadPoolExecutor.runWorker(ThreadPoolExecutor.java:1134)
        at java.util.concurrent.ThreadPoolExecutor$Worker.run(ThreadPoolExecutor.java:624)
        at java.lang.Thread.run(Thread.java:750)
"IPC Server handler 19 on default port 15004" daemon prio=5 tid=184 timed_waiting
java.lang.Thread.State: TIMED_WAITING
        at sun.misc.Unsafe.park(Native Method)
        at java.util.concurrent.locks.LockSupport.parkNanos(LockSupport.java:215)
        at java.util.concurrent.locks.AbstractQueuedSynchronizer$ConditionObject.awaitNanos(AbstractQueuedSynchronizer.java:2078)
        at java.util.concurrent.LinkedBlockingQueue.poll(LinkedBlockingQueue.java:467)
        at org.apache.hadoop.ipc.CallQueueManager.take(CallQueueManager.java:317)
        at org.apache.hadoop.ipc.Server$Handler.run(Server.java:3014)
"FixedThreadPoolWithAffinityExecutor-8-0" daemon prio=5 tid=48 timed_waiting
java.lang.Thread.State: TIMED_WAITING
        at sun.misc.Unsafe.park(Native Method)
        at java.util.concurrent.locks.LockSupport.parkNanos(LockSupport.java:215)
        at java.util.concurrent.locks.AbstractQueuedSynchronizer$ConditionObject.awaitNanos(AbstractQueuedSynchronizer.java:2078)
        at java.util.concurrent.LinkedBlockingQueue.poll(LinkedBlockingQueue.java:467)
        at org.apache.hadoop.hdds.scm.server.ContainerReportQueue.poll(ContainerReportQueue.java:266)
        at org.apache.hadoop.hdds.scm.server.ContainerReportQueue.poll(ContainerReportQueue.java:42)
        at org.apache.hadoop.hdds.server.events.FixedThreadPoolWithAffinityExecutor$ContainerReportProcessTask.run(FixedThreadPoolWithAffinityExecutor.java:253)
        at java.util.concurrent.Executors$RunnableAdapter.call(Executors.java:511)
        at java.util.concurrent.FutureTask.run(FutureTask.java:266)
        at java.util.concurrent.ThreadPoolExecutor.runWorker(ThreadPoolExecutor.java:1149)
        at java.util.concurrent.ThreadPoolExecutor$Worker.run(ThreadPoolExecutor.java:624)
        at java.lang.Thread.run(Thread.java:750)
"main"  prio=5 tid=1 runnable
java.lang.Thread.State: RUNNABLE
        at java.lang.Thread.dumpThreads(Native Method)
        at java.lang.Thread.getAllStackTraces(Thread.java:1615)
        at org.apache.ozone.test.TimedOutTestsListener.buildThreadDump(TimedOutTestsListener.java:93)
        at org.apache.ozone.test.TimedOutTestsListener.buildThreadDiagnosticString(TimedOutTestsListener.java:79)
        at org.apache.ozone.test.GenericTestUtils.waitFor(GenericTestUtils.java:231)
        at org.apache.hadoop.ozone.container.TestECContainerRecovery.testECContainerRecoveryWithTimedOutRecovery(TestECContainerRecovery.java:345)
        at sun.reflect.NativeMethodAccessorImpl.invoke0(Native Method)
        at sun.reflect.NativeMethodAccessorImpl.invoke(NativeMethodAccessorImpl.java:62)
        at sun.reflect.DelegatingMethodAccessorImpl.invoke(DelegatingMethodAccessorImpl.java:43)
        at java.lang.reflect.Method.invoke(Method.java:498)
        at org.junit.platform.commons.util.ReflectionUtils.invokeMethod(ReflectionUtils.java:725)
        at org.junit.jupiter.engine.execution.MethodInvocation.proceed(MethodInvocation.java:60)
        at org.junit.jupiter.engine.execution.InvocationInterceptorChain$ValidatingInvocation.proceed(InvocationInterceptorChain.java:131)
        at org.junit.jupiter.engine.extension.TimeoutExtension.intercept(TimeoutExtension.java:149)
        at org.junit.jupiter.engine.extension.TimeoutExtension.interceptTestableMethod(TimeoutExtension.java:140)
        at org.junit.jupiter.engine.extension.TimeoutExtension.interceptTestMethod(TimeoutExtension.java:84)
        at org.junit.jupiter.engine.descriptor.TestMethodTestDescriptor$$Lambda$158/2079565272.apply(Unknown Source)
        at org.junit.jupiter.engine.execution.ExecutableInvoker$ReflectiveInterceptorCall.lambda$ofVoidMethod$0(ExecutableInvoker.java:115)
        at org.junit.jupiter.engine.execution.ExecutableInvoker$ReflectiveInterceptorCall$$Lambda$159/1928301845.apply(Unknown Source)
        at org.junit.jupiter.engine.execution.ExecutableInvoker.lambda$invoke$0(ExecutableInvoker.java:105)
        at org.junit.jupiter.engine.execution.ExecutableInvoker$$Lambda$332/337799666.apply(Unknown Source)
        at org.junit.jupiter.engine.execution.InvocationInterceptorChain$InterceptedInvocation.proceed(InvocationInterceptorChain.java:106)
        at org.junit.jupiter.engine.execution.InvocationInterceptorChain.proceed(InvocationInterceptorChain.java:64)
        at org.junit.jupiter.engine.execution.InvocationInterceptorChain.chainAndInvoke(InvocationInterceptorChain.java:45)
        at org.junit.jupiter.engine.execution.InvocationInterceptorChain.invoke(InvocationInterceptorChain.java:37)
        at org.junit.jupiter.engine.execution.ExecutableInvoker.invoke(ExecutableInvoker.java:104)
        at org.junit.jupiter.engine.execution.ExecutableInvoker.invoke(ExecutableInvoker.java:98)
        at org.junit.jupiter.engine.descriptor.TestMethodTestDescriptor.lambda$invokeTestMethod$7(TestMethodTestDescriptor.java:214)
        at org.junit.jupiter.engine.descriptor.TestMethodTestDescriptor$$Lambda$1375/236776836.execute(Unknown Source)
        at org.junit.platform.engine.support.hierarchical.ThrowableCollector.execute(ThrowableCollector.java:73)
        at org.junit.jupiter.engine.descriptor.TestMethodTestDescriptor.invokeTestMethod(TestMethodTestDescriptor.java:210)
        at org.junit.jupiter.engine.descriptor.TestMethodTestDescriptor.execute(TestMethodTestDescriptor.java:135)
        at org.junit.jupiter.engine.descriptor.TestMethodTestDescriptor.execute(TestMethodTestDescriptor.java:66)
        at org.junit.platform.engine.support.hierarchical.NodeTestTask.lambda$executeRecursively$6(NodeTestTask.java:151)
        at org.junit.platform.engine.support.hierarchical.NodeTestTask$$Lambda$274/1479696465.execute(Unknown Source)
        at org.junit.platform.engine.support.hierarchical.ThrowableCollector.execute(ThrowableCollector.java:73)
        at org.junit.platform.engine.support.hierarchical.NodeTestTask.lambda$executeRecursively$8(NodeTestTask.java:141)
        at org.junit.platform.engine.support.hierarchical.NodeTestTask$$Lambda$273/1997702454.invoke(Unknown Source)
        at org.junit.platform.engine.support.hierarchical.Node.around(Node.java:137)
        at org.junit.platform.engine.support.hierarchical.NodeTestTask.lambda$executeRecursively$9(NodeTestTask.java:139)
        at org.junit.platform.engine.support.hierarchical.NodeTestTask$$Lambda$272/1703009290.execute(Unknown Source)
        at org.junit.platform.engine.support.hierarchical.ThrowableCollector.execute(ThrowableCollector.java:73)
        at org.junit.platform.engine.support.hierarchical.NodeTestTask.executeRecursively(NodeTestTask.java:138)
        at org.junit.platform.engine.support.hierarchical.NodeTestTask.execute(NodeTestTask.java:95)
        at org.junit.platform.engine.support.hierarchical.SameThreadHierarchicalTestExecutorService$$Lambda$278/2061774051.accept(Unknown Source)
        at java.util.ArrayList.forEach(ArrayList.java:1259)
        at org.junit.platform.engine.support.hierarchical.SameThreadHierarchicalTestExecutorService.invokeAll(SameThreadHierarchicalTestExecutorService.java:41)
        at org.junit.platform.engine.support.hierarchical.NodeTestTask.lambda$executeRecursively$6(NodeTestTask.java:155)
        at org.junit.platform.engine.support.hierarchical.NodeTestTask$$Lambda$274/1479696465.execute(Unknown Source)
        at org.junit.platform.engine.support.hierarchical.ThrowableCollector.execute(ThrowableCollector.java:73)
        at org.junit.platform.engine.support.hierarchical.NodeTestTask.lambda$executeRecursively$8(NodeTestTask.java:141)
        at org.junit.platform.engine.support.hierarchical.NodeTestTask$$Lambda$273/1997702454.invoke(Unknown Source)
        at org.junit.platform.engine.support.hierarchical.Node.around(Node.java:137)
        at org.junit.platform.engine.support.hierarchical.NodeTestTask.lambda$executeRecursively$9(NodeTestTask.java:139)
        at org.junit.platform.engine.support.hierarchical.NodeTestTask$$Lambda$272/1703009290.execute(Unknown Source)
        at org.junit.platform.engine.support.hierarchical.ThrowableCollector.execute(ThrowableCollector.java:73)
        at org.junit.platform.engine.support.hierarchical.NodeTestTask.executeRecursively(NodeTestTask.java:138)
        at org.junit.platform.engine.support.hierarchical.NodeTestTask.execute(NodeTestTask.java:95)
        at org.junit.platform.engine.support.hierarchical.SameThreadHierarchicalTestExecutorService$$Lambda$278/2061774051.accept(Unknown Source)
        at java.util.ArrayList.forEach(ArrayList.java:1259)
        at org.junit.platform.engine.support.hierarchical.SameThreadHierarchicalTestExecutorService.invokeAll(SameThreadHierarchicalTestExecutorService.java:41)
        at org.junit.platform.engine.support.hierarchical.NodeTestTask.lambda$executeRecursively$6(NodeTestTask.java:155)
        at org.junit.platform.engine.support.hierarchical.NodeTestTask$$Lambda$274/1479696465.execute(Unknown Source)
        at org.junit.platform.engine.support.hierarchical.ThrowableCollector.execute(ThrowableCollector.java:73)
        at org.junit.platform.engine.support.hierarchical.NodeTestTask.lambda$executeRecursively$8(NodeTestTask.java:141)
        at org.junit.platform.engine.support.hierarchical.NodeTestTask$$Lambda$273/1997702454.invoke(Unknown Source)
        at org.junit.platform.engine.support.hierarchical.Node.around(Node.java:137)
        at org.junit.platform.engine.support.hierarchical.NodeTestTask.lambda$executeRecursively$9(NodeTestTask.java:139)
        at org.junit.platform.engine.support.hierarchical.NodeTestTask$$Lambda$272/1703009290.execute(Unknown Source)
        at org.junit.platform.engine.support.hierarchical.ThrowableCollector.execute(ThrowableCollector.java:73)
        at org.junit.platform.engine.support.hierarchical.NodeTestTask.executeRecursively(NodeTestTask.java:138)
        at org.junit.platform.engine.support.hierarchical.NodeTestTask.execute(NodeTestTask.java:95)
        at org.junit.platform.engine.support.hierarchical.SameThreadHierarchicalTestExecutorService.submit(SameThreadHierarchicalTestExecutorService.java:35)
        at org.junit.platform.engine.support.hierarchical.HierarchicalTestExecutor.execute(HierarchicalTestExecutor.java:57)
        at org.junit.platform.engine.support.hierarchical.HierarchicalTestEngine.execute(HierarchicalTestEngine.java:54)
        at org.junit.platform.launcher.core.EngineExecutionOrchestrator.execute(EngineExecutionOrchestrator.java:107)
        at org.junit.platform.launcher.core.EngineExecutionOrchestrator.execute(EngineExecutionOrchestrator.java:88)
        at org.junit.platform.launcher.core.EngineExecutionOrchestrator.lambda$execute$0(EngineExecutionOrchestrator.java:54)
        at org.junit.platform.launcher.core.EngineExecutionOrchestrator$$Lambda$214/1320105604.accept(Unknown Source)
        at org.junit.platform.launcher.core.EngineExecutionOrchestrator.withInterceptedStreams(EngineExecutionOrchestrator.java:67)
        at org.junit.platform.launcher.core.EngineExecutionOrchestrator.execute(EngineExecutionOrchestrator.java:52)
        at org.junit.platform.launcher.core.DefaultLauncher.execute(DefaultLauncher.java:114)
        at org.junit.platform.launcher.core.DefaultLauncher.execute(DefaultLauncher.java:86)
        at org.junit.platform.launcher.core.DefaultLauncherSession$DelegatingLauncher.execute(DefaultLauncherSession.java:86)
        at org.junit.platform.launcher.core.SessionPerRequestLauncher.execute(SessionPerRequestLauncher.java:53)
        at org.apache.maven.surefire.junitplatform.JUnitPlatformProvider.execute(JUnitPlatformProvider.java:188)
        at org.apache.maven.surefire.junitplatform.JUnitPlatformProvider.invokeAllTests(JUnitPlatformProvider.java:154)
        at org.apache.maven.surefire.junitplatform.JUnitPlatformProvider.invoke(JUnitPlatformProvider.java:124)
        at org.apache.maven.surefire.booter.ForkedBooter.runSuitesInProcess(ForkedBooter.java:428)
        at org.apache.maven.surefire.booter.ForkedBooter.execute(ForkedBooter.java:162)
        at org.apache.maven.surefire.booter.ForkedBooter.run(ForkedBooter.java:562)
        at org.apache.maven.surefire.booter.ForkedBooter.main(ForkedBooter.java:548)
"18227f38-d602-4438-971e-c9cd287df9cb-ChunkReader-7" daemon prio=5 tid=1485 in Object.wait()
java.lang.Thread.State: WAITING (on object monitor)
        at sun.misc.Unsafe.park(Native Method)
        at java.util.concurrent.locks.LockSupport.park(LockSupport.java:175)
        at java.util.concurrent.locks.AbstractQueuedSynchronizer$ConditionObject.await(AbstractQueuedSynchronizer.java:2039)
        at java.util.concurrent.LinkedBlockingQueue.take(LinkedBlockingQueue.java:442)
        at java.util.concurrent.ThreadPoolExecutor.getTask(ThreadPoolExecutor.java:1074)
        at java.util.concurrent.ThreadPoolExecutor.runWorker(ThreadPoolExecutor.java:1134)
        at java.util.concurrent.ThreadPoolExecutor$Worker.run(ThreadPoolExecutor.java:624)
        at java.lang.Thread.run(Thread.java:750)
"d9016e39-0130-4fd9-896a-cac3c2785d02-DatanodeReportManager-0" daemon prio=5 tid=1194 in Object.wait()
java.lang.Thread.State: WAITING (on object monitor)
        at sun.misc.Unsafe.park(Native Method)
        at java.util.concurrent.locks.LockSupport.park(LockSupport.java:175)
        at java.util.concurrent.locks.AbstractQueuedSynchronizer$ConditionObject.await(AbstractQueuedSynchronizer.java:2039)
        at java.util.concurrent.ScheduledThreadPoolExecutor$DelayedWorkQueue.take(ScheduledThreadPoolExecutor.java:1088)
        at java.util.concurrent.ScheduledThreadPoolExecutor$DelayedWorkQueue.take(ScheduledThreadPoolExecutor.java:809)
        at java.util.concurrent.ThreadPoolExecutor.getTask(ThreadPoolExecutor.java:1074)
        at java.util.concurrent.ThreadPoolExecutor.runWorker(ThreadPoolExecutor.java:1134)
        at java.util.concurrent.ThreadPoolExecutor$Worker.run(ThreadPoolExecutor.java:624)
        at java.lang.Thread.run(Thread.java:750)
"0e92623e-4dcf-4eff-ae25-f8b8c2de319b-NettyServerStreamRpc-bossGroup--thread1"  prio=5 tid=450 runnable
java.lang.Thread.State: RUNNABLE
        at sun.nio.ch.EPollArrayWrapper.epollWait(Native Method)
        at sun.nio.ch.EPollArrayWrapper.poll(EPollArrayWrapper.java:269)
        at sun.nio.ch.EPollSelectorImpl.doSelect(EPollSelectorImpl.java:93)
        at sun.nio.ch.SelectorImpl.lockAndDoSelect(SelectorImpl.java:86)
        at sun.nio.ch.SelectorImpl.select(SelectorImpl.java:97)
        at sun.nio.ch.SelectorImpl.select(SelectorImpl.java:101)
        at org.apache.ratis.thirdparty.io.netty.channel.nio.SelectedSelectionKeySetSelector.select(SelectedSelectionKeySetSelector.java:68)
        at org.apache.ratis.thirdparty.io.netty.channel.nio.NioEventLoop.select(NioEventLoop.java:879)
        at org.apache.ratis.thirdparty.io.netty.channel.nio.NioEventLoop.run(NioEventLoop.java:526)
        at org.apache.ratis.thirdparty.io.netty.util.concurrent.SingleThreadEventExecutor$4.run(SingleThreadEventExecutor.java:997)
        at org.apache.ratis.thirdparty.io.netty.util.internal.ThreadExecutorMap$2.run(ThreadExecutorMap.java:74)
        at java.lang.Thread.run(Thread.java:750)
"18227f38-d602-4438-971e-c9cd287df9cb-CommandProcessorThread" daemon prio=5 tid=417 timed_waiting
java.lang.Thread.State: TIMED_WAITING
        at java.lang.Thread.sleep(Native Method)
        at org.apache.hadoop.ozone.container.common.statemachine.DatanodeStateMachine.lambda$initCommandHandlerThread$4(DatanodeStateMachine.java:684)
        at org.apache.hadoop.ozone.container.common.statemachine.DatanodeStateMachine$$Lambda$927/756418972.run(Unknown Source)
        at java.lang.Thread.run(Thread.java:750)
"92ba0aed-1dcc-4895-b5bb-fc45f440be2e-server-thread2" daemon prio=5 tid=1026 timed_waiting
java.lang.Thread.State: TIMED_WAITING
        at sun.misc.Unsafe.park(Native Method)
        at java.util.concurrent.locks.LockSupport.parkNanos(LockSupport.java:215)
        at java.util.concurrent.SynchronousQueue$TransferStack.awaitFulfill(SynchronousQueue.java:460)
        at java.util.concurrent.SynchronousQueue$TransferStack.transfer(SynchronousQueue.java:362)
        at java.util.concurrent.SynchronousQueue.poll(SynchronousQueue.java:941)
        at java.util.concurrent.ThreadPoolExecutor.getTask(ThreadPoolExecutor.java:1073)
        at java.util.concurrent.ThreadPoolExecutor.runWorker(ThreadPoolExecutor.java:1134)
        at java.util.concurrent.ThreadPoolExecutor$Worker.run(ThreadPoolExecutor.java:624)
        at java.lang.Thread.run(Thread.java:750)
"5f7d9b36-4620-4ba9-8a78-929bd6ddd1f9-PeriodicHDDSVolumeChecker" daemon prio=5 tid=602 timed_waiting
java.lang.Thread.State: TIMED_WAITING
        at sun.misc.Unsafe.park(Native Method)
        at java.util.concurrent.locks.LockSupport.parkNanos(LockSupport.java:215)
        at java.util.concurrent.locks.AbstractQueuedSynchronizer$ConditionObject.awaitNanos(AbstractQueuedSynchronizer.java:2078)
        at java.util.concurrent.ScheduledThreadPoolExecutor$DelayedWorkQueue.take(ScheduledThreadPoolExecutor.java:1093)
        at java.util.concurrent.ScheduledThreadPoolExecutor$DelayedWorkQueue.take(ScheduledThreadPoolExecutor.java:809)
        at java.util.concurrent.ThreadPoolExecutor.getTask(ThreadPoolExecutor.java:1074)
        at java.util.concurrent.ThreadPoolExecutor.runWorker(ThreadPoolExecutor.java:1134)
        at java.util.concurrent.ThreadPoolExecutor$Worker.run(ThreadPoolExecutor.java:624)
        at java.lang.Thread.run(Thread.java:750)
"0e92623e-4dcf-4eff-ae25-f8b8c2de319b-DatanodeStateMachineDaemonThread" daemon prio=5 tid=469 timed_waiting
java.lang.Thread.State: TIMED_WAITING
        at java.lang.Thread.sleep(Native Method)
        at org.apache.hadoop.ozone.container.common.statemachine.DatanodeStateMachine.startStateMachineThread(DatanodeStateMachine.java:369)
        at org.apache.hadoop.ozone.container.common.statemachine.DatanodeStateMachine.lambda$startDaemon$1(DatanodeStateMachine.java:556)
        at org.apache.hadoop.ozone.container.common.statemachine.DatanodeStateMachine$$Lambda$925/1394721877.run(Unknown Source)
        at java.lang.Thread.run(Thread.java:750)
"0e92623e-4dcf-4eff-ae25-f8b8c2de319b-ChunkReader-8" daemon prio=5 tid=1165 in Object.wait()
java.lang.Thread.State: WAITING (on object monitor)
        at sun.misc.Unsafe.park(Native Method)
        at java.util.concurrent.locks.LockSupport.park(LockSupport.java:175)
        at java.util.concurrent.locks.AbstractQueuedSynchronizer$ConditionObject.await(AbstractQueuedSynchronizer.java:2039)
        at java.util.concurrent.LinkedBlockingQueue.take(LinkedBlockingQueue.java:442)
        at java.util.concurrent.ThreadPoolExecutor.getTask(ThreadPoolExecutor.java:1074)
        at java.util.concurrent.ThreadPoolExecutor.runWorker(ThreadPoolExecutor.java:1134)
        at java.util.concurrent.ThreadPoolExecutor$Worker.run(ThreadPoolExecutor.java:624)
        at java.lang.Thread.run(Thread.java:750)
"IPC Server handler 14 on default port 15000" daemon prio=5 tid=65 timed_waiting
java.lang.Thread.State: TIMED_WAITING
        at sun.misc.Unsafe.park(Native Method)
        at java.util.concurrent.locks.LockSupport.parkNanos(LockSupport.java:215)
        at java.util.concurrent.locks.AbstractQueuedSynchronizer$ConditionObject.awaitNanos(AbstractQueuedSynchronizer.java:2078)
        at java.util.concurrent.LinkedBlockingQueue.poll(LinkedBlockingQueue.java:467)
        at org.apache.hadoop.ipc.CallQueueManager.take(CallQueueManager.java:317)
        at org.apache.hadoop.ipc.Server$Handler.run(Server.java:3014)
"0eeb79a9-13fd-416c-b2a7-6f654c6b5029-CloseContainerThread-0"  prio=5 tid=1419 in Object.wait()
java.lang.Thread.State: WAITING (on object monitor)
        at sun.misc.Unsafe.park(Native Method)
        at java.util.concurrent.locks.LockSupport.park(LockSupport.java:175)
        at java.util.concurrent.locks.AbstractQueuedSynchronizer$ConditionObject.await(AbstractQueuedSynchronizer.java:2039)
        at java.util.concurrent.LinkedBlockingQueue.take(LinkedBlockingQueue.java:442)
        at java.util.concurrent.ThreadPoolExecutor.getTask(ThreadPoolExecutor.java:1074)
        at java.util.concurrent.ThreadPoolExecutor.runWorker(ThreadPoolExecutor.java:1134)
        at java.util.concurrent.ThreadPoolExecutor$Worker.run(ThreadPoolExecutor.java:624)
        at java.lang.Thread.run(Thread.java:750)
"IPC Server handler 13 on default port 15000" daemon prio=5 tid=64 timed_waiting
java.lang.Thread.State: TIMED_WAITING
        at sun.misc.Unsafe.park(Native Method)
        at java.util.concurrent.locks.LockSupport.parkNanos(LockSupport.java:215)
        at java.util.concurrent.locks.AbstractQueuedSynchronizer$ConditionObject.awaitNanos(AbstractQueuedSynchronizer.java:2078)
        at java.util.concurrent.LinkedBlockingQueue.poll(LinkedBlockingQueue.java:467)
        at org.apache.hadoop.ipc.CallQueueManager.take(CallQueueManager.java:317)
        at org.apache.hadoop.ipc.Server$Handler.run(Server.java:3014)
"18227f38-d602-4438-971e-c9cd287df9cb-DatanodeStateMachineTaskThread-1"  prio=5 tid=584 in Object.wait()
java.lang.Thread.State: WAITING (on object monitor)
        at sun.misc.Unsafe.park(Native Method)
        at java.util.concurrent.locks.LockSupport.park(LockSupport.java:175)
        at java.util.concurrent.locks.AbstractQueuedSynchronizer$ConditionObject.await(AbstractQueuedSynchronizer.java:2039)
        at java.util.concurrent.LinkedBlockingQueue.take(LinkedBlockingQueue.java:442)
        at java.util.concurrent.ThreadPoolExecutor.getTask(ThreadPoolExecutor.java:1074)
        at java.util.concurrent.ThreadPoolExecutor.runWorker(ThreadPoolExecutor.java:1134)
        at java.util.concurrent.ThreadPoolExecutor$Worker.run(ThreadPoolExecutor.java:624)
        at java.lang.Thread.run(Thread.java:750)
"fadd24ee-4463-4420-97cf-bdd350ad83ae-DatanodeReportManager-0" daemon prio=5 tid=296 in Object.wait()
java.lang.Thread.State: WAITING (on object monitor)
        at sun.misc.Unsafe.park(Native Method)
        at java.util.concurrent.locks.LockSupport.park(LockSupport.java:175)
        at java.util.concurrent.locks.AbstractQueuedSynchronizer$ConditionObject.await(AbstractQueuedSynchronizer.java:2039)
        at java.util.concurrent.ScheduledThreadPoolExecutor$DelayedWorkQueue.take(ScheduledThreadPoolExecutor.java:1088)
        at java.util.concurrent.ScheduledThreadPoolExecutor$DelayedWorkQueue.take(ScheduledThreadPoolExecutor.java:809)
        at java.util.concurrent.ThreadPoolExecutor.getTask(ThreadPoolExecutor.java:1074)
        at java.util.concurrent.ThreadPoolExecutor.runWorker(ThreadPoolExecutor.java:1134)
        at java.util.concurrent.ThreadPoolExecutor$Worker.run(ThreadPoolExecutor.java:624)
        at java.lang.Thread.run(Thread.java:750)
"4cee0e49-9f18-41f8-8e67-157ccbc15955-CloseContainerThread-0"  prio=5 tid=1115 in Object.wait()
java.lang.Thread.State: WAITING (on object monitor)
        at sun.misc.Unsafe.park(Native Method)
        at java.util.concurrent.locks.LockSupport.park(LockSupport.java:175)
        at java.util.concurrent.locks.AbstractQueuedSynchronizer$ConditionObject.await(AbstractQueuedSynchronizer.java:2039)
        at java.util.concurrent.LinkedBlockingQueue.take(LinkedBlockingQueue.java:442)
        at java.util.concurrent.ThreadPoolExecutor.getTask(ThreadPoolExecutor.java:1074)
        at java.util.concurrent.ThreadPoolExecutor.runWorker(ThreadPoolExecutor.java:1134)
        at java.util.concurrent.ThreadPoolExecutor$Worker.run(ThreadPoolExecutor.java:624)
        at java.lang.Thread.run(Thread.java:750)
"IPC Server handler 0 on default port 15046" daemon prio=5 tid=323 timed_waiting
java.lang.Thread.State: TIMED_WAITING
        at sun.misc.Unsafe.park(Native Method)
        at java.util.concurrent.locks.LockSupport.parkNanos(LockSupport.java:215)
        at java.util.concurrent.locks.AbstractQueuedSynchronizer$ConditionObject.awaitNanos(AbstractQueuedSynchronizer.java:2078)
        at java.util.concurrent.LinkedBlockingQueue.poll(LinkedBlockingQueue.java:467)
        at org.apache.hadoop.ipc.CallQueueManager.take(CallQueueManager.java:317)
        at org.apache.hadoop.ipc.Server$Handler.run(Server.java:3014)
"StaleRecoveringContainerScrubbingService#0" daemon prio=5 tid=491 in Object.wait()
java.lang.Thread.State: WAITING (on object monitor)
        at sun.misc.Unsafe.park(Native Method)
        at java.util.concurrent.locks.LockSupport.park(LockSupport.java:175)
        at java.util.concurrent.locks.AbstractQueuedSynchronizer$ConditionObject.await(AbstractQueuedSynchronizer.java:2039)
        at java.util.concurrent.ScheduledThreadPoolExecutor$DelayedWorkQueue.take(ScheduledThreadPoolExecutor.java:1088)
        at java.util.concurrent.ScheduledThreadPoolExecutor$DelayedWorkQueue.take(ScheduledThreadPoolExecutor.java:809)
        at java.util.concurrent.ThreadPoolExecutor.getTask(ThreadPoolExecutor.java:1074)
        at java.util.concurrent.ThreadPoolExecutor.runWorker(ThreadPoolExecutor.java:1134)
        at java.util.concurrent.ThreadPoolExecutor$Worker.run(ThreadPoolExecutor.java:624)
        at java.lang.Thread.run(Thread.java:750)
"0eeb79a9-13fd-416c-b2a7-6f654c6b5029@group-5FD2B077ACB6-LeaderStateImpl" daemon prio=5 tid=879 timed_waiting
java.lang.Thread.State: TIMED_WAITING
        at sun.misc.Unsafe.park(Native Method)
        at java.util.concurrent.locks.LockSupport.parkNanos(LockSupport.java:215)
        at java.util.concurrent.locks.AbstractQueuedSynchronizer$ConditionObject.awaitNanos(AbstractQueuedSynchronizer.java:2078)
        at java.util.concurrent.ArrayBlockingQueue.poll(ArrayBlockingQueue.java:418)
        at org.apache.ratis.server.impl.LeaderStateImpl$EventQueue.poll(LeaderStateImpl.java:164)
        at org.apache.ratis.server.impl.LeaderStateImpl$EventProcessor.run(LeaderStateImpl.java:702)
"Socket Reader #1 for port 15004"  prio=5 tid=138 runnable
java.lang.Thread.State: RUNNABLE
        at sun.nio.ch.EPollArrayWrapper.epollWait(Native Method)
        at sun.nio.ch.EPollArrayWrapper.poll(EPollArrayWrapper.java:269)
        at sun.nio.ch.EPollSelectorImpl.doSelect(EPollSelectorImpl.java:93)
        at sun.nio.ch.SelectorImpl.lockAndDoSelect(SelectorImpl.java:86)
        at sun.nio.ch.SelectorImpl.select(SelectorImpl.java:97)
        at sun.nio.ch.SelectorImpl.select(SelectorImpl.java:101)
        at org.apache.hadoop.ipc.Server$Listener$Reader.doRunLoop(Server.java:1346)
        at org.apache.hadoop.ipc.Server$Listener$Reader.run(Server.java:1325)
"StaleRecoveringContainerScrubbingService#5" daemon prio=5 tid=1276 in Object.wait()
java.lang.Thread.State: WAITING (on object monitor)
        at sun.misc.Unsafe.park(Native Method)
        at java.util.concurrent.locks.LockSupport.park(LockSupport.java:175)
        at java.util.concurrent.locks.AbstractQueuedSynchronizer$ConditionObject.await(AbstractQueuedSynchronizer.java:2039)
        at java.util.concurrent.ScheduledThreadPoolExecutor$DelayedWorkQueue.take(ScheduledThreadPoolExecutor.java:1088)
        at java.util.concurrent.ScheduledThreadPoolExecutor$DelayedWorkQueue.take(ScheduledThreadPoolExecutor.java:809)
        at java.util.concurrent.ThreadPoolExecutor.getTask(ThreadPoolExecutor.java:1074)
        at java.util.concurrent.ThreadPoolExecutor.runWorker(ThreadPoolExecutor.java:1134)
        at java.util.concurrent.ThreadPoolExecutor$Worker.run(ThreadPoolExecutor.java:624)
        at java.lang.Thread.run(Thread.java:750)
"qtp896731725-311" daemon prio=5 tid=311 timed_waiting
java.lang.Thread.State: TIMED_WAITING
        at sun.misc.Unsafe.park(Native Method)
        at java.util.concurrent.locks.LockSupport.parkNanos(LockSupport.java:215)
        at java.util.concurrent.locks.AbstractQueuedSynchronizer$ConditionObject.awaitNanos(AbstractQueuedSynchronizer.java:2078)
        at org.eclipse.jetty.util.BlockingArrayQueue.poll(BlockingArrayQueue.java:382)
        at org.eclipse.jetty.util.thread.QueuedThreadPool$Runner.idleJobPoll(QueuedThreadPool.java:974)
        at org.eclipse.jetty.util.thread.QueuedThreadPool$Runner.run(QueuedThreadPool.java:1018)
        at java.lang.Thread.run(Thread.java:750)
"qtp1022583148-198" daemon prio=5 tid=198 timed_waiting
java.lang.Thread.State: TIMED_WAITING
        at sun.misc.Unsafe.park(Native Method)
        at java.util.concurrent.locks.LockSupport.parkNanos(LockSupport.java:215)
        at java.util.concurrent.locks.AbstractQueuedSynchronizer$ConditionObject.awaitNanos(AbstractQueuedSynchronizer.java:2078)
        at org.eclipse.jetty.util.BlockingArrayQueue.poll(BlockingArrayQueue.java:382)
        at org.eclipse.jetty.util.thread.QueuedThreadPool$Runner.idleJobPoll(QueuedThreadPool.java:974)
        at org.eclipse.jetty.util.thread.QueuedThreadPool$Runner.run(QueuedThreadPool.java:1018)
        at java.lang.Thread.run(Thread.java:750)
"fadd24ee-4463-4420-97cf-bdd350ad83ae-DatanodeReportManager-4" daemon prio=5 tid=300 timed_waiting
java.lang.Thread.State: TIMED_WAITING
        at sun.misc.Unsafe.park(Native Method)
        at java.util.concurrent.locks.LockSupport.parkNanos(LockSupport.java:215)
        at java.util.concurrent.locks.AbstractQueuedSynchronizer$ConditionObject.awaitNanos(AbstractQueuedSynchronizer.java:2078)
        at java.util.concurrent.ScheduledThreadPoolExecutor$DelayedWorkQueue.take(ScheduledThreadPoolExecutor.java:1093)
        at java.util.concurrent.ScheduledThreadPoolExecutor$DelayedWorkQueue.take(ScheduledThreadPoolExecutor.java:809)
        at java.util.concurrent.ThreadPoolExecutor.getTask(ThreadPoolExecutor.java:1074)
        at java.util.concurrent.ThreadPoolExecutor.runWorker(ThreadPoolExecutor.java:1134)
        at java.util.concurrent.ThreadPoolExecutor$Worker.run(ThreadPoolExecutor.java:624)
        at java.lang.Thread.run(Thread.java:750)
"qtp491457031-117" daemon prio=5 tid=117 timed_waiting
java.lang.Thread.State: TIMED_WAITING
        at sun.misc.Unsafe.park(Native Method)
        at java.util.concurrent.locks.LockSupport.parkNanos(LockSupport.java:215)
        at java.util.concurrent.locks.AbstractQueuedSynchronizer$ConditionObject.awaitNanos(AbstractQueuedSynchronizer.java:2078)
        at org.eclipse.jetty.util.BlockingArrayQueue.poll(BlockingArrayQueue.java:382)
        at org.eclipse.jetty.util.thread.QueuedThreadPool$Runner.idleJobPoll(QueuedThreadPool.java:974)
        at org.eclipse.jetty.util.thread.QueuedThreadPool$Runner.run(QueuedThreadPool.java:1018)
        at java.lang.Thread.run(Thread.java:750)
"IPC Server handler 19 on default port 15000" daemon prio=5 tid=70 timed_waiting
java.lang.Thread.State: TIMED_WAITING
        at sun.misc.Unsafe.park(Native Method)
        at java.util.concurrent.locks.LockSupport.parkNanos(LockSupport.java:215)
        at java.util.concurrent.locks.AbstractQueuedSynchronizer$ConditionObject.awaitNanos(AbstractQueuedSynchronizer.java:2078)
        at java.util.concurrent.LinkedBlockingQueue.poll(LinkedBlockingQueue.java:467)
        at org.apache.hadoop.ipc.CallQueueManager.take(CallQueueManager.java:317)
        at org.apache.hadoop.ipc.Server$Handler.run(Server.java:3014)
"d9016e39-0130-4fd9-896a-cac3c2785d02@group-52AF94BE594D-FollowerState" daemon prio=5 tid=1309 timed_waiting
java.lang.Thread.State: TIMED_WAITING
        at java.lang.Thread.sleep(Native Method)
        at java.lang.Thread.sleep(Thread.java:342)
        at java.util.concurrent.TimeUnit.sleep(TimeUnit.java:386)
        at org.apache.ratis.util.TimeDuration.sleep(TimeDuration.java:325)
        at org.apache.ratis.util.TimeDuration.sleep(TimeDuration.java:310)
        at org.apache.ratis.server.impl.FollowerState.run(FollowerState.java:128)
"IPC Server idle connection scanner for port 15091" daemon prio=5 tid=465 timed_waiting
java.lang.Thread.State: TIMED_WAITING
        at java.lang.Object.wait(Native Method)
        at java.util.TimerThread.mainLoop(Timer.java:552)
        at java.util.TimerThread.run(Timer.java:505)
"qtp896731725-312" daemon prio=5 tid=312 timed_waiting
java.lang.Thread.State: TIMED_WAITING
        at sun.misc.Unsafe.park(Native Method)
        at java.util.concurrent.locks.LockSupport.parkNanos(LockSupport.java:215)
        at java.util.concurrent.locks.AbstractQueuedSynchronizer$ConditionObject.awaitNanos(AbstractQueuedSynchronizer.java:2078)
        at org.eclipse.jetty.util.BlockingArrayQueue.poll(BlockingArrayQueue.java:382)
        at org.eclipse.jetty.util.thread.QueuedThreadPool$Runner.idleJobPoll(QueuedThreadPool.java:974)
        at org.eclipse.jetty.util.thread.QueuedThreadPool$Runner.run(QueuedThreadPool.java:1018)
        at java.lang.Thread.run(Thread.java:750)
"fadd24ee-4463-4420-97cf-bdd350ad83ae-ChunkWriter-2-0" daemon prio=5 tid=531 in Object.wait()
java.lang.Thread.State: WAITING (on object monitor)
        at sun.misc.Unsafe.park(Native Method)
        at java.util.concurrent.locks.LockSupport.park(LockSupport.java:175)
        at java.util.concurrent.locks.AbstractQueuedSynchronizer$ConditionObject.await(AbstractQueuedSynchronizer.java:2039)
        at java.util.concurrent.LinkedBlockingDeque.takeFirst(LinkedBlockingDeque.java:492)
        at java.util.concurrent.LinkedBlockingDeque.take(LinkedBlockingDeque.java:680)
        at java.util.concurrent.ThreadPoolExecutor.getTask(ThreadPoolExecutor.java:1074)
        at java.util.concurrent.ThreadPoolExecutor.runWorker(ThreadPoolExecutor.java:1134)
        at java.util.concurrent.ThreadPoolExecutor$Worker.run(ThreadPoolExecutor.java:624)
        at java.lang.Thread.run(Thread.java:750)
"18227f38-d602-4438-971e-c9cd287df9cb-server-thread1" daemon prio=5 tid=971 timed_waiting
java.lang.Thread.State: TIMED_WAITING
        at sun.misc.Unsafe.park(Native Method)
        at java.util.concurrent.locks.LockSupport.parkNanos(LockSupport.java:215)
        at java.util.concurrent.SynchronousQueue$TransferStack.awaitFulfill(SynchronousQueue.java:460)
        at java.util.concurrent.SynchronousQueue$TransferStack.transfer(SynchronousQueue.java:362)
        at java.util.concurrent.SynchronousQueue.poll(SynchronousQueue.java:941)
        at java.util.concurrent.ThreadPoolExecutor.getTask(ThreadPoolExecutor.java:1073)
        at java.util.concurrent.ThreadPoolExecutor.runWorker(ThreadPoolExecutor.java:1134)
        at java.util.concurrent.ThreadPoolExecutor$Worker.run(ThreadPoolExecutor.java:624)
        at java.lang.Thread.run(Thread.java:750)
"0e92623e-4dcf-4eff-ae25-f8b8c2de319b-ChunkWriter-2-0" daemon prio=5 tid=622 in Object.wait()
java.lang.Thread.State: WAITING (on object monitor)
        at sun.misc.Unsafe.park(Native Method)
        at java.util.concurrent.locks.LockSupport.park(LockSupport.java:175)
        at java.util.concurrent.locks.AbstractQueuedSynchronizer$ConditionObject.await(AbstractQueuedSynchronizer.java:2039)
        at java.util.concurrent.LinkedBlockingDeque.takeFirst(LinkedBlockingDeque.java:492)
        at java.util.concurrent.LinkedBlockingDeque.take(LinkedBlockingDeque.java:680)
        at java.util.concurrent.ThreadPoolExecutor.getTask(ThreadPoolExecutor.java:1074)
        at java.util.concurrent.ThreadPoolExecutor.runWorker(ThreadPoolExecutor.java:1134)
        at java.util.concurrent.ThreadPoolExecutor$Worker.run(ThreadPoolExecutor.java:624)
        at java.lang.Thread.run(Thread.java:750)
"5f7d9b36-4620-4ba9-8a78-929bd6ddd1f9-ec-reconstruct-reader-TID-1"  prio=5 tid=1155 in Object.wait()
java.lang.Thread.State: WAITING (on object monitor)
        at sun.misc.Unsafe.park(Native Method)
        at java.util.concurrent.locks.LockSupport.park(LockSupport.java:175)
        at java.util.concurrent.SynchronousQueue$TransferStack.awaitFulfill(SynchronousQueue.java:458)
        at java.util.concurrent.SynchronousQueue$TransferStack.transfer(SynchronousQueue.java:362)
        at java.util.concurrent.SynchronousQueue.take(SynchronousQueue.java:924)
        at java.util.concurrent.ThreadPoolExecutor.getTask(ThreadPoolExecutor.java:1074)
        at java.util.concurrent.ThreadPoolExecutor.runWorker(ThreadPoolExecutor.java:1134)
        at java.util.concurrent.ThreadPoolExecutor$Worker.run(ThreadPoolExecutor.java:624)
        at java.lang.Thread.run(Thread.java:750)
"StaleRecoveringContainerScrubbingService#9" daemon prio=5 tid=1462 in Object.wait()
java.lang.Thread.State: WAITING (on object monitor)
        at sun.misc.Unsafe.park(Native Method)
        at java.util.concurrent.locks.LockSupport.park(LockSupport.java:175)
        at java.util.concurrent.locks.AbstractQueuedSynchronizer$ConditionObject.await(AbstractQueuedSynchronizer.java:2039)
        at java.util.concurrent.ScheduledThreadPoolExecutor$DelayedWorkQueue.take(ScheduledThreadPoolExecutor.java:1088)
        at java.util.concurrent.ScheduledThreadPoolExecutor$DelayedWorkQueue.take(ScheduledThreadPoolExecutor.java:809)
        at java.util.concurrent.ThreadPoolExecutor.getTask(ThreadPoolExecutor.java:1074)
        at java.util.concurrent.ThreadPoolExecutor.runWorker(ThreadPoolExecutor.java:1134)
        at java.util.concurrent.ThreadPoolExecutor$Worker.run(ThreadPoolExecutor.java:624)
        at java.lang.Thread.run(Thread.java:750)
"StaleRecoveringContainerScrubbingService#8" daemon prio=5 tid=1437 in Object.wait()
java.lang.Thread.State: WAITING (on object monitor)
        at sun.misc.Unsafe.park(Native Method)
        at java.util.concurrent.locks.LockSupport.park(LockSupport.java:175)
        at java.util.concurrent.locks.AbstractQueuedSynchronizer$ConditionObject.await(AbstractQueuedSynchronizer.java:2039)
        at java.util.concurrent.ScheduledThreadPoolExecutor$DelayedWorkQueue.take(ScheduledThreadPoolExecutor.java:1088)
        at java.util.concurrent.ScheduledThreadPoolExecutor$DelayedWorkQueue.take(ScheduledThreadPoolExecutor.java:809)
        at java.util.concurrent.ThreadPoolExecutor.getTask(ThreadPoolExecutor.java:1074)
        at java.util.concurrent.ThreadPoolExecutor.runWorker(ThreadPoolExecutor.java:1134)
        at java.util.concurrent.ThreadPoolExecutor$Worker.run(ThreadPoolExecutor.java:624)
        at java.lang.Thread.run(Thread.java:750)
"IPC Server handler 16 on default port 15000" daemon prio=5 tid=67 timed_waiting
java.lang.Thread.State: TIMED_WAITING
        at sun.misc.Unsafe.park(Native Method)
        at java.util.concurrent.locks.LockSupport.parkNanos(LockSupport.java:215)
        at java.util.concurrent.locks.AbstractQueuedSynchronizer$ConditionObject.awaitNanos(AbstractQueuedSynchronizer.java:2078)
        at java.util.concurrent.LinkedBlockingQueue.poll(LinkedBlockingQueue.java:467)
        at org.apache.hadoop.ipc.CallQueueManager.take(CallQueueManager.java:317)
        at org.apache.hadoop.ipc.Server$Handler.run(Server.java:3014)
"StaleRecoveringContainerScrubbingService#5" daemon prio=5 tid=1237 in Object.wait()
java.lang.Thread.State: WAITING (on object monitor)
        at sun.misc.Unsafe.park(Native Method)
        at java.util.concurrent.locks.LockSupport.park(LockSupport.java:175)
        at java.util.concurrent.locks.AbstractQueuedSynchronizer$ConditionObject.await(AbstractQueuedSynchronizer.java:2039)
        at java.util.concurrent.ScheduledThreadPoolExecutor$DelayedWorkQueue.take(ScheduledThreadPoolExecutor.java:1088)
        at java.util.concurrent.ScheduledThreadPoolExecutor$DelayedWorkQueue.take(ScheduledThreadPoolExecutor.java:809)
        at java.util.concurrent.ThreadPoolExecutor.getTask(ThreadPoolExecutor.java:1074)
        at java.util.concurrent.ThreadPoolExecutor.runWorker(ThreadPoolExecutor.java:1134)
        at java.util.concurrent.ThreadPoolExecutor$Worker.run(ThreadPoolExecutor.java:624)
        at java.lang.Thread.run(Thread.java:750)
"qtp1342466480-396" daemon prio=5 tid=396 runnable
java.lang.Thread.State: RUNNABLE
        at sun.nio.ch.EPollArrayWrapper.epollWait(Native Method)
        at sun.nio.ch.EPollArrayWrapper.poll(EPollArrayWrapper.java:269)
        at sun.nio.ch.EPollSelectorImpl.doSelect(EPollSelectorImpl.java:93)
        at sun.nio.ch.SelectorImpl.lockAndDoSelect(SelectorImpl.java:86)
        at sun.nio.ch.SelectorImpl.select(SelectorImpl.java:97)
        at sun.nio.ch.SelectorImpl.select(SelectorImpl.java:101)
        at org.eclipse.jetty.io.ManagedSelector.nioSelect(ManagedSelector.java:183)
        at org.eclipse.jetty.io.ManagedSelector.select(ManagedSelector.java:190)
        at org.eclipse.jetty.io.ManagedSelector$SelectorProducer.select(ManagedSelector.java:606)
        at org.eclipse.jetty.io.ManagedSelector$SelectorProducer.produce(ManagedSelector.java:543)
        at org.eclipse.jetty.util.thread.strategy.EatWhatYouKill.produceTask(EatWhatYouKill.java:362)
        at org.eclipse.jetty.util.thread.strategy.EatWhatYouKill.doProduce(EatWhatYouKill.java:186)
        at org.eclipse.jetty.util.thread.strategy.EatWhatYouKill.tryProduce(EatWhatYouKill.java:173)
        at org.eclipse.jetty.util.thread.strategy.EatWhatYouKill.produce(EatWhatYouKill.java:137)
        at org.eclipse.jetty.io.ManagedSelector$$Lambda$519/57301464.run(Unknown Source)
        at org.eclipse.jetty.util.thread.QueuedThreadPool.runJob(QueuedThreadPool.java:883)
        at org.eclipse.jetty.util.thread.QueuedThreadPool$Runner.run(QueuedThreadPool.java:1034)
        at java.lang.Thread.run(Thread.java:750)
"qtp1789087814-1184" daemon prio=5 tid=1184 timed_waiting
java.lang.Thread.State: TIMED_WAITING
        at sun.misc.Unsafe.park(Native Method)
        at java.util.concurrent.locks.LockSupport.parkNanos(LockSupport.java:215)
        at java.util.concurrent.locks.AbstractQueuedSynchronizer$ConditionObject.awaitNanos(AbstractQueuedSynchronizer.java:2078)
        at org.eclipse.jetty.util.BlockingArrayQueue.poll(BlockingArrayQueue.java:382)
        at org.eclipse.jetty.util.thread.QueuedThreadPool$Runner.idleJobPoll(QueuedThreadPool.java:974)
        at org.eclipse.jetty.util.thread.QueuedThreadPool$Runner.run(QueuedThreadPool.java:1018)
        at java.lang.Thread.run(Thread.java:750)
"92ba0aed-1dcc-4895-b5bb-fc45f440be2e@group-DF79F62058F4-FollowerState" daemon prio=5 tid=963 timed_waiting
java.lang.Thread.State: TIMED_WAITING
        at java.lang.Thread.sleep(Native Method)
        at java.lang.Thread.sleep(Thread.java:342)
        at java.util.concurrent.TimeUnit.sleep(TimeUnit.java:386)
        at org.apache.ratis.util.TimeDuration.sleep(TimeDuration.java:325)
        at org.apache.ratis.util.TimeDuration.sleep(TimeDuration.java:310)
        at org.apache.ratis.server.impl.FollowerState.run(FollowerState.java:128)
"fadd24ee-4463-4420-97cf-bdd350ad83ae-DatanodeReportManager-2" daemon prio=5 tid=298 timed_waiting
java.lang.Thread.State: TIMED_WAITING
        at sun.misc.Unsafe.park(Native Method)
        at java.util.concurrent.locks.LockSupport.parkNanos(LockSupport.java:215)
        at java.util.concurrent.locks.AbstractQueuedSynchronizer$ConditionObject.awaitNanos(AbstractQueuedSynchronizer.java:2078)
        at java.util.concurrent.ScheduledThreadPoolExecutor$DelayedWorkQueue.take(ScheduledThreadPoolExecutor.java:1093)
        at java.util.concurrent.ScheduledThreadPoolExecutor$DelayedWorkQueue.take(ScheduledThreadPoolExecutor.java:809)
        at java.util.concurrent.ThreadPoolExecutor.getTask(ThreadPoolExecutor.java:1074)
        at java.util.concurrent.ThreadPoolExecutor.runWorker(ThreadPoolExecutor.java:1134)
        at java.util.concurrent.ThreadPoolExecutor$Worker.run(ThreadPoolExecutor.java:624)
        at java.lang.Thread.run(Thread.java:750)
"om1-groupManagement"  prio=5 tid=134 in Object.wait()
java.lang.Thread.State: WAITING (on object monitor)
        at sun.misc.Unsafe.park(Native Method)
        at java.util.concurrent.locks.LockSupport.park(LockSupport.java:175)
        at java.util.concurrent.locks.AbstractQueuedSynchronizer$ConditionObject.await(AbstractQueuedSynchronizer.java:2039)
        at java.util.concurrent.LinkedBlockingQueue.take(LinkedBlockingQueue.java:442)
        at java.util.concurrent.ThreadPoolExecutor.getTask(ThreadPoolExecutor.java:1074)
        at java.util.concurrent.ThreadPoolExecutor.runWorker(ThreadPoolExecutor.java:1134)
        at java.util.concurrent.ThreadPoolExecutor$Worker.run(ThreadPoolExecutor.java:624)
        at java.lang.Thread.run(Thread.java:750)
"0eeb79a9-13fd-416c-b2a7-6f654c6b5029-BlockDeletingService#3" daemon prio=5 tid=1478 in Object.wait()
java.lang.Thread.State: WAITING (on object monitor)
        at sun.misc.Unsafe.park(Native Method)
        at java.util.concurrent.locks.LockSupport.park(LockSupport.java:175)
        at java.util.concurrent.locks.AbstractQueuedSynchronizer$ConditionObject.await(AbstractQueuedSynchronizer.java:2039)
        at java.util.concurrent.ScheduledThreadPoolExecutor$DelayedWorkQueue.take(ScheduledThreadPoolExecutor.java:1088)
        at java.util.concurrent.ScheduledThreadPoolExecutor$DelayedWorkQueue.take(ScheduledThreadPoolExecutor.java:809)
        at java.util.concurrent.ThreadPoolExecutor.getTask(ThreadPoolExecutor.java:1074)
        at java.util.concurrent.ThreadPoolExecutor.runWorker(ThreadPoolExecutor.java:1134)
        at java.util.concurrent.ThreadPoolExecutor$Worker.run(ThreadPoolExecutor.java:624)
        at java.lang.Thread.run(Thread.java:750)
"d9016e39-0130-4fd9-896a-cac3c2785d02-EndpointStateMachineTaskThread-/0.0.0.0:15002-0 "  prio=5 tid=1202 in Object.wait()
java.lang.Thread.State: WAITING (on object monitor)
        at sun.misc.Unsafe.park(Native Method)
        at java.util.concurrent.locks.LockSupport.park(LockSupport.java:175)
        at java.util.concurrent.locks.AbstractQueuedSynchronizer$ConditionObject.await(AbstractQueuedSynchronizer.java:2039)
        at java.util.concurrent.LinkedBlockingQueue.take(LinkedBlockingQueue.java:442)
        at java.util.concurrent.ThreadPoolExecutor.getTask(ThreadPoolExecutor.java:1074)
        at java.util.concurrent.ThreadPoolExecutor.runWorker(ThreadPoolExecutor.java:1134)
        at java.util.concurrent.ThreadPoolExecutor$Worker.run(ThreadPoolExecutor.java:624)
        at java.lang.Thread.run(Thread.java:750)
"pool-280-thread-1" daemon prio=5 tid=604 timed_waiting
java.lang.Thread.State: TIMED_WAITING
        at sun.misc.Unsafe.park(Native Method)
        at java.util.concurrent.locks.LockSupport.parkNanos(LockSupport.java:215)
        at java.util.concurrent.locks.AbstractQueuedSynchronizer$ConditionObject.awaitNanos(AbstractQueuedSynchronizer.java:2078)
        at java.util.concurrent.ScheduledThreadPoolExecutor$DelayedWorkQueue.take(ScheduledThreadPoolExecutor.java:1093)
        at java.util.concurrent.ScheduledThreadPoolExecutor$DelayedWorkQueue.take(ScheduledThreadPoolExecutor.java:809)
        at java.util.concurrent.ThreadPoolExecutor.getTask(ThreadPoolExecutor.java:1074)
        at java.util.concurrent.ThreadPoolExecutor.runWorker(ThreadPoolExecutor.java:1134)
        at java.util.concurrent.ThreadPoolExecutor$Worker.run(ThreadPoolExecutor.java:624)
        at java.lang.Thread.run(Thread.java:750)
"Signal Dispatcher" daemon prio=9 tid=4 runnable
java.lang.Thread.State: RUNNABLE
"IPC Server handler 11 on default port 15002" daemon prio=5 tid=102 timed_waiting
java.lang.Thread.State: TIMED_WAITING
        at sun.misc.Unsafe.park(Native Method)
        at java.util.concurrent.locks.LockSupport.parkNanos(LockSupport.java:215)
        at java.util.concurrent.locks.AbstractQueuedSynchronizer$ConditionObject.awaitNanos(AbstractQueuedSynchronizer.java:2078)
        at java.util.concurrent.LinkedBlockingQueue.poll(LinkedBlockingQueue.java:467)
        at org.apache.hadoop.ipc.CallQueueManager.take(CallQueueManager.java:317)
        at org.apache.hadoop.ipc.Server$Handler.run(Server.java:3014)
"IPC Server handler 5 on default port 15004" daemon prio=5 tid=170 timed_waiting
java.lang.Thread.State: TIMED_WAITING
        at sun.misc.Unsafe.park(Native Method)
        at java.util.concurrent.locks.LockSupport.parkNanos(LockSupport.java:215)
        at java.util.concurrent.locks.AbstractQueuedSynchronizer$ConditionObject.awaitNanos(AbstractQueuedSynchronizer.java:2078)
        at java.util.concurrent.LinkedBlockingQueue.poll(LinkedBlockingQueue.java:467)
        at org.apache.hadoop.ipc.CallQueueManager.take(CallQueueManager.java:317)
        at org.apache.hadoop.ipc.Server$Handler.run(Server.java:3014)
"4cee0e49-9f18-41f8-8e67-157ccbc15955-DatanodeReportManager-4" daemon prio=5 tid=329 in Object.wait()
java.lang.Thread.State: WAITING (on object monitor)
        at sun.misc.Unsafe.park(Native Method)
        at java.util.concurrent.locks.LockSupport.park(LockSupport.java:175)
        at java.util.concurrent.locks.AbstractQueuedSynchronizer$ConditionObject.await(AbstractQueuedSynchronizer.java:2039)
        at java.util.concurrent.ScheduledThreadPoolExecutor$DelayedWorkQueue.take(ScheduledThreadPoolExecutor.java:1088)
        at java.util.concurrent.ScheduledThreadPoolExecutor$DelayedWorkQueue.take(ScheduledThreadPoolExecutor.java:809)
        at java.util.concurrent.ThreadPoolExecutor.getTask(ThreadPoolExecutor.java:1074)
        at java.util.concurrent.ThreadPoolExecutor.runWorker(ThreadPoolExecutor.java:1134)
        at java.util.concurrent.ThreadPoolExecutor$Worker.run(ThreadPoolExecutor.java:624)
        at java.lang.Thread.run(Thread.java:750)
"18227f38-d602-4438-971e-c9cd287df9cb@group-A7771FB2EC2A-LeaderStateImpl" daemon prio=5 tid=945 timed_waiting
java.lang.Thread.State: TIMED_WAITING
        at sun.misc.Unsafe.park(Native Method)
        at java.util.concurrent.locks.LockSupport.parkNanos(LockSupport.java:215)
        at java.util.concurrent.locks.AbstractQueuedSynchronizer$ConditionObject.awaitNanos(AbstractQueuedSynchronizer.java:2078)
        at java.util.concurrent.ArrayBlockingQueue.poll(ArrayBlockingQueue.java:418)
        at org.apache.ratis.server.impl.LeaderStateImpl$EventQueue.poll(LeaderStateImpl.java:164)
        at org.apache.ratis.server.impl.LeaderStateImpl$EventProcessor.run(LeaderStateImpl.java:702)
"5f7d9b36-4620-4ba9-8a78-929bd6ddd1f9-DatanodeReportManager-0" daemon prio=5 tid=441 timed_waiting
java.lang.Thread.State: TIMED_WAITING
        at sun.misc.Unsafe.park(Native Method)
        at java.util.concurrent.locks.LockSupport.parkNanos(LockSupport.java:215)
        at java.util.concurrent.locks.AbstractQueuedSynchronizer$ConditionObject.awaitNanos(AbstractQueuedSynchronizer.java:2078)
        at java.util.concurrent.ScheduledThreadPoolExecutor$DelayedWorkQueue.take(ScheduledThreadPoolExecutor.java:1093)
        at java.util.concurrent.ScheduledThreadPoolExecutor$DelayedWorkQueue.take(ScheduledThreadPoolExecutor.java:809)
        at java.util.concurrent.ThreadPoolExecutor.getTask(ThreadPoolExecutor.java:1074)
        at java.util.concurrent.ThreadPoolExecutor.runWorker(ThreadPoolExecutor.java:1134)
        at java.util.concurrent.ThreadPoolExecutor$Worker.run(ThreadPoolExecutor.java:624)
        at java.lang.Thread.run(Thread.java:750)
"18227f38-d602-4438-971e-c9cd287df9cb-BlockDeletingService#0" daemon prio=5 tid=596 timed_waiting
java.lang.Thread.State: TIMED_WAITING
        at sun.misc.Unsafe.park(Native Method)
        at java.util.concurrent.locks.LockSupport.parkNanos(LockSupport.java:215)
        at java.util.concurrent.locks.AbstractQueuedSynchronizer$ConditionObject.awaitNanos(AbstractQueuedSynchronizer.java:2078)
        at java.util.concurrent.ScheduledThreadPoolExecutor$DelayedWorkQueue.take(ScheduledThreadPoolExecutor.java:1093)
        at java.util.concurrent.ScheduledThreadPoolExecutor$DelayedWorkQueue.take(ScheduledThreadPoolExecutor.java:809)
        at java.util.concurrent.ThreadPoolExecutor.getTask(ThreadPoolExecutor.java:1074)
        at java.util.concurrent.ThreadPoolExecutor.runWorker(ThreadPoolExecutor.java:1134)
        at java.util.concurrent.ThreadPoolExecutor$Worker.run(ThreadPoolExecutor.java:624)
        at java.lang.Thread.run(Thread.java:750)
"0e92623e-4dcf-4eff-ae25-f8b8c2de319b-PeriodicHDDSVolumeChecker" daemon prio=5 tid=617 timed_waiting
java.lang.Thread.State: TIMED_WAITING
        at sun.misc.Unsafe.park(Native Method)
        at java.util.concurrent.locks.LockSupport.parkNanos(LockSupport.java:215)
        at java.util.concurrent.locks.AbstractQueuedSynchronizer$ConditionObject.awaitNanos(AbstractQueuedSynchronizer.java:2078)
        at java.util.concurrent.ScheduledThreadPoolExecutor$DelayedWorkQueue.take(ScheduledThreadPoolExecutor.java:1093)
        at java.util.concurrent.ScheduledThreadPoolExecutor$DelayedWorkQueue.take(ScheduledThreadPoolExecutor.java:809)
        at java.util.concurrent.ThreadPoolExecutor.getTask(ThreadPoolExecutor.java:1074)
        at java.util.concurrent.ThreadPoolExecutor.runWorker(ThreadPoolExecutor.java:1134)
        at java.util.concurrent.ThreadPoolExecutor$Worker.run(ThreadPoolExecutor.java:624)
        at java.lang.Thread.run(Thread.java:750)
"fadd24ee-4463-4420-97cf-bdd350ad83ae-ChunkReader-0" daemon prio=5 tid=1341 in Object.wait()
java.lang.Thread.State: WAITING (on object monitor)
        at sun.misc.Unsafe.park(Native Method)
        at java.util.concurrent.locks.LockSupport.park(LockSupport.java:175)
        at java.util.concurrent.locks.AbstractQueuedSynchronizer$ConditionObject.await(AbstractQueuedSynchronizer.java:2039)
        at java.util.concurrent.LinkedBlockingQueue.take(LinkedBlockingQueue.java:442)
        at java.util.concurrent.ThreadPoolExecutor.getTask(ThreadPoolExecutor.java:1074)
        at java.util.concurrent.ThreadPoolExecutor.runWorker(ThreadPoolExecutor.java:1134)
        at java.util.concurrent.ThreadPoolExecutor$Worker.run(ThreadPoolExecutor.java:624)
        at java.lang.Thread.run(Thread.java:750)
"92ba0aed-1dcc-4895-b5bb-fc45f440be2e-ChunkReader-0" daemon prio=5 tid=1038 in Object.wait()
java.lang.Thread.State: WAITING (on object monitor)
        at sun.misc.Unsafe.park(Native Method)
        at java.util.concurrent.locks.LockSupport.park(LockSupport.java:175)
        at java.util.concurrent.locks.AbstractQueuedSynchronizer$ConditionObject.await(AbstractQueuedSynchronizer.java:2039)
        at java.util.concurrent.LinkedBlockingQueue.take(LinkedBlockingQueue.java:442)
        at java.util.concurrent.ThreadPoolExecutor.getTask(ThreadPoolExecutor.java:1074)
        at java.util.concurrent.ThreadPoolExecutor.runWorker(ThreadPoolExecutor.java:1134)
        at java.util.concurrent.ThreadPoolExecutor$Worker.run(ThreadPoolExecutor.java:624)
        at java.lang.Thread.run(Thread.java:750)
"0eeb79a9-13fd-416c-b2a7-6f654c6b5029-ChunkWriter-2-0" daemon prio=5 tid=501 in Object.wait()
java.lang.Thread.State: WAITING (on object monitor)
        at sun.misc.Unsafe.park(Native Method)
        at java.util.concurrent.locks.LockSupport.park(LockSupport.java:175)
        at java.util.concurrent.locks.AbstractQueuedSynchronizer$ConditionObject.await(AbstractQueuedSynchronizer.java:2039)
        at java.util.concurrent.LinkedBlockingDeque.takeFirst(LinkedBlockingDeque.java:492)
        at java.util.concurrent.LinkedBlockingDeque.take(LinkedBlockingDeque.java:680)
        at java.util.concurrent.ThreadPoolExecutor.getTask(ThreadPoolExecutor.java:1074)
        at java.util.concurrent.ThreadPoolExecutor.runWorker(ThreadPoolExecutor.java:1134)
        at java.util.concurrent.ThreadPoolExecutor$Worker.run(ThreadPoolExecutor.java:624)
        at java.lang.Thread.run(Thread.java:750)
"IPC Server handler 5 on default port 15001" daemon prio=5 tid=76 timed_waiting
java.lang.Thread.State: TIMED_WAITING
        at sun.misc.Unsafe.park(Native Method)
        at java.util.concurrent.locks.LockSupport.parkNanos(LockSupport.java:215)
        at java.util.concurrent.locks.AbstractQueuedSynchronizer$ConditionObject.awaitNanos(AbstractQueuedSynchronizer.java:2078)
        at java.util.concurrent.LinkedBlockingQueue.poll(LinkedBlockingQueue.java:467)
        at org.apache.hadoop.ipc.CallQueueManager.take(CallQueueManager.java:317)
        at org.apache.hadoop.ipc.Server$Handler.run(Server.java:3014)
"qtp2015427223-284" daemon prio=5 tid=284 timed_waiting
java.lang.Thread.State: TIMED_WAITING
        at sun.misc.Unsafe.park(Native Method)
        at java.util.concurrent.locks.LockSupport.parkNanos(LockSupport.java:215)
        at java.util.concurrent.locks.AbstractQueuedSynchronizer$ConditionObject.awaitNanos(AbstractQueuedSynchronizer.java:2078)
        at org.eclipse.jetty.util.BlockingArrayQueue.poll(BlockingArrayQueue.java:382)
        at org.eclipse.jetty.util.thread.QueuedThreadPool$Runner.idleJobPoll(QueuedThreadPool.java:974)
        at org.eclipse.jetty.util.thread.QueuedThreadPool$Runner.run(QueuedThreadPool.java:1018)
        at java.lang.Thread.run(Thread.java:750)
"0e92623e-4dcf-4eff-ae25-f8b8c2de319b-ChunkReader-9" daemon prio=5 tid=1453 in Object.wait()
java.lang.Thread.State: WAITING (on object monitor)
        at sun.misc.Unsafe.park(Native Method)
        at java.util.concurrent.locks.LockSupport.park(LockSupport.java:175)
        at java.util.concurrent.locks.AbstractQueuedSynchronizer$ConditionObject.await(AbstractQueuedSynchronizer.java:2039)
        at java.util.concurrent.LinkedBlockingQueue.take(LinkedBlockingQueue.java:442)
        at java.util.concurrent.ThreadPoolExecutor.getTask(ThreadPoolExecutor.java:1074)
        at java.util.concurrent.ThreadPoolExecutor.runWorker(ThreadPoolExecutor.java:1134)
        at java.util.concurrent.ThreadPoolExecutor$Worker.run(ThreadPoolExecutor.java:624)
        at java.lang.Thread.run(Thread.java:750)
"fedf11b8-0957-422e-880a-91cc26979c7a-DatanodeReportManager-3" daemon prio=5 tid=210 in Object.wait()
java.lang.Thread.State: WAITING (on object monitor)
        at sun.misc.Unsafe.park(Native Method)
        at java.util.concurrent.locks.LockSupport.park(LockSupport.java:175)
        at java.util.concurrent.locks.AbstractQueuedSynchronizer$ConditionObject.await(AbstractQueuedSynchronizer.java:2039)
        at java.util.concurrent.ScheduledThreadPoolExecutor$DelayedWorkQueue.take(ScheduledThreadPoolExecutor.java:1088)
        at java.util.concurrent.ScheduledThreadPoolExecutor$DelayedWorkQueue.take(ScheduledThreadPoolExecutor.java:809)
        at java.util.concurrent.ThreadPoolExecutor.getTask(ThreadPoolExecutor.java:1074)
        at java.util.concurrent.ThreadPoolExecutor.runWorker(ThreadPoolExecutor.java:1134)
        at java.util.concurrent.ThreadPoolExecutor$Worker.run(ThreadPoolExecutor.java:624)
        at java.lang.Thread.run(Thread.java:750)
"IPC Server handler 8 on default port 15001" daemon prio=5 tid=79 timed_waiting
java.lang.Thread.State: TIMED_WAITING
        at sun.misc.Unsafe.park(Native Method)
        at java.util.concurrent.locks.LockSupport.parkNanos(LockSupport.java:215)
        at java.util.concurrent.locks.AbstractQueuedSynchronizer$ConditionObject.awaitNanos(AbstractQueuedSynchronizer.java:2078)
        at java.util.concurrent.LinkedBlockingQueue.poll(LinkedBlockingQueue.java:467)
        at org.apache.hadoop.ipc.CallQueueManager.take(CallQueueManager.java:317)
        at org.apache.hadoop.ipc.Server$Handler.run(Server.java:3014)
"qtp1022583148-193" daemon prio=5 tid=193 timed_waiting
java.lang.Thread.State: TIMED_WAITING
        at sun.misc.Unsafe.park(Native Method)
        at java.util.concurrent.locks.LockSupport.parkNanos(LockSupport.java:215)
        at java.util.concurrent.locks.AbstractQueuedSynchronizer$ConditionObject.awaitNanos(AbstractQueuedSynchronizer.java:2078)
        at org.eclipse.jetty.util.BlockingArrayQueue.poll(BlockingArrayQueue.java:382)
        at org.eclipse.jetty.util.thread.QueuedThreadPool$Runner.idleJobPoll(QueuedThreadPool.java:974)
        at org.eclipse.jetty.util.thread.QueuedThreadPool$Runner.run(QueuedThreadPool.java:1018)
        at java.lang.Thread.run(Thread.java:750)
"Socket Reader #1 for port 15082"  prio=5 tid=435 runnable
java.lang.Thread.State: RUNNABLE
        at sun.nio.ch.EPollArrayWrapper.epollWait(Native Method)
        at sun.nio.ch.EPollArrayWrapper.poll(EPollArrayWrapper.java:269)
        at sun.nio.ch.EPollSelectorImpl.doSelect(EPollSelectorImpl.java:93)
        at sun.nio.ch.SelectorImpl.lockAndDoSelect(SelectorImpl.java:86)
        at sun.nio.ch.SelectorImpl.select(SelectorImpl.java:97)
        at sun.nio.ch.SelectorImpl.select(SelectorImpl.java:101)
        at org.apache.hadoop.ipc.Server$Listener$Reader.doRunLoop(Server.java:1346)
        at org.apache.hadoop.ipc.Server$Listener$Reader.run(Server.java:1325)
"18227f38-d602-4438-971e-c9cd287df9cb-ChunkWriter-3-0" daemon prio=5 tid=593 in Object.wait()
java.lang.Thread.State: WAITING (on object monitor)
        at sun.misc.Unsafe.park(Native Method)
        at java.util.concurrent.locks.LockSupport.park(LockSupport.java:175)
        at java.util.concurrent.locks.AbstractQueuedSynchronizer$ConditionObject.await(AbstractQueuedSynchronizer.java:2039)
        at java.util.concurrent.LinkedBlockingDeque.takeFirst(LinkedBlockingDeque.java:492)
        at java.util.concurrent.LinkedBlockingDeque.take(LinkedBlockingDeque.java:680)
        at java.util.concurrent.ThreadPoolExecutor.getTask(ThreadPoolExecutor.java:1074)
        at java.util.concurrent.ThreadPoolExecutor.runWorker(ThreadPoolExecutor.java:1134)
        at java.util.concurrent.ThreadPoolExecutor$Worker.run(ThreadPoolExecutor.java:624)
        at java.lang.Thread.run(Thread.java:750)
"IPC Server Responder" daemon prio=5 tid=379 runnable
java.lang.Thread.State: RUNNABLE
        at sun.nio.ch.EPollArrayWrapper.epollWait(Native Method)
        at sun.nio.ch.EPollArrayWrapper.poll(EPollArrayWrapper.java:269)
        at sun.nio.ch.EPollSelectorImpl.doSelect(EPollSelectorImpl.java:93)
        at sun.nio.ch.SelectorImpl.lockAndDoSelect(SelectorImpl.java:86)
        at sun.nio.ch.SelectorImpl.select(SelectorImpl.java:97)
        at org.apache.hadoop.ipc.Server$Responder.doRunLoop(Server.java:1582)
        at org.apache.hadoop.ipc.Server$Responder.run(Server.java:1565)
"d9016e39-0130-4fd9-896a-cac3c2785d02-server-thread3" daemon prio=5 tid=1316 timed_waiting
java.lang.Thread.State: TIMED_WAITING
        at sun.misc.Unsafe.park(Native Method)
        at java.util.concurrent.locks.LockSupport.parkNanos(LockSupport.java:215)
        at java.util.concurrent.SynchronousQueue$TransferStack.awaitFulfill(SynchronousQueue.java:460)
        at java.util.concurrent.SynchronousQueue$TransferStack.transfer(SynchronousQueue.java:362)
        at java.util.concurrent.SynchronousQueue.poll(SynchronousQueue.java:941)
        at java.util.concurrent.ThreadPoolExecutor.getTask(ThreadPoolExecutor.java:1073)
        at java.util.concurrent.ThreadPoolExecutor.runWorker(ThreadPoolExecutor.java:1134)
        at java.util.concurrent.ThreadPoolExecutor$Worker.run(ThreadPoolExecutor.java:624)
        at java.lang.Thread.run(Thread.java:750)
"qtp1342466480-399" daemon prio=5 tid=399 timed_waiting
java.lang.Thread.State: TIMED_WAITING
        at sun.misc.Unsafe.park(Native Method)
        at java.util.concurrent.locks.LockSupport.parkNanos(LockSupport.java:215)
        at java.util.concurrent.locks.AbstractQueuedSynchronizer$ConditionObject.awaitNanos(AbstractQueuedSynchronizer.java:2078)
        at org.eclipse.jetty.util.BlockingArrayQueue.poll(BlockingArrayQueue.java:382)
        at org.eclipse.jetty.util.thread.QueuedThreadPool$Runner.idleJobPoll(QueuedThreadPool.java:974)
        at org.eclipse.jetty.util.thread.QueuedThreadPool$Runner.run(QueuedThreadPool.java:1018)
        at java.lang.Thread.run(Thread.java:750)
"92ba0aed-1dcc-4895-b5bb-fc45f440be2e@group-6DBCDF991ECB-StateMachineUpdater" daemon prio=5 tid=798 timed_waiting
java.lang.Thread.State: TIMED_WAITING
        at sun.misc.Unsafe.park(Native Method)
        at java.util.concurrent.locks.LockSupport.parkNanos(LockSupport.java:215)
        at java.util.concurrent.locks.AbstractQueuedSynchronizer$ConditionObject.await(AbstractQueuedSynchronizer.java:2163)
        at org.apache.ratis.util.AwaitForSignal.await(AwaitForSignal.java:62)
        at org.apache.ratis.server.impl.StateMachineUpdater.waitForCommit(StateMachineUpdater.java:209)
        at org.apache.ratis.server.impl.StateMachineUpdater.run(StateMachineUpdater.java:178)
        at java.lang.Thread.run(Thread.java:750)
"ForkJoinPool.commonPool-worker-1" daemon prio=5 tid=1491 timed_waiting
java.lang.Thread.State: TIMED_WAITING
        at sun.misc.Unsafe.park(Native Method)
        at java.util.concurrent.ForkJoinPool.awaitWork(ForkJoinPool.java:1824)
        at java.util.concurrent.ForkJoinPool.runWorker(ForkJoinPool.java:1693)
        at java.util.concurrent.ForkJoinWorkerThread.run(ForkJoinWorkerThread.java:175)
"IPC Server handler 0 on default port 15091" daemon prio=5 tid=468 timed_waiting
java.lang.Thread.State: TIMED_WAITING
        at sun.misc.Unsafe.park(Native Method)
        at java.util.concurrent.locks.LockSupport.parkNanos(LockSupport.java:215)
        at java.util.concurrent.locks.AbstractQueuedSynchronizer$ConditionObject.awaitNanos(AbstractQueuedSynchronizer.java:2078)
        at java.util.concurrent.LinkedBlockingQueue.poll(LinkedBlockingQueue.java:467)
        at org.apache.hadoop.ipc.CallQueueManager.take(CallQueueManager.java:317)
        at org.apache.hadoop.ipc.Server$Handler.run(Server.java:3014)
"qtp1342466480-400" daemon prio=5 tid=400 timed_waiting
java.lang.Thread.State: TIMED_WAITING
        at sun.misc.Unsafe.park(Native Method)
        at java.util.concurrent.locks.LockSupport.parkNanos(LockSupport.java:215)
        at java.util.concurrent.locks.AbstractQueuedSynchronizer$ConditionObject.awaitNanos(AbstractQueuedSynchronizer.java:2078)
        at org.eclipse.jetty.util.BlockingArrayQueue.poll(BlockingArrayQueue.java:382)
        at org.eclipse.jetty.util.thread.QueuedThreadPool$Runner.idleJobPoll(QueuedThreadPool.java:974)
        at org.eclipse.jetty.util.thread.QueuedThreadPool$Runner.run(QueuedThreadPool.java:1018)
        at java.lang.Thread.run(Thread.java:750)
"92ba0aed-1dcc-4895-b5bb-fc45f440be2e-PipelineCommandHandlerThread-0"  prio=5 tid=689 in Object.wait()
java.lang.Thread.State: WAITING (on object monitor)
        at sun.misc.Unsafe.park(Native Method)
        at java.util.concurrent.locks.LockSupport.park(LockSupport.java:175)
        at java.util.concurrent.locks.AbstractQueuedSynchronizer$ConditionObject.await(AbstractQueuedSynchronizer.java:2039)
        at java.util.concurrent.LinkedBlockingQueue.take(LinkedBlockingQueue.java:442)
        at java.util.concurrent.ThreadPoolExecutor.getTask(ThreadPoolExecutor.java:1074)
        at java.util.concurrent.ThreadPoolExecutor.runWorker(ThreadPoolExecutor.java:1134)
        at java.util.concurrent.ThreadPoolExecutor$Worker.run(ThreadPoolExecutor.java:624)
        at java.lang.Thread.run(Thread.java:750)
"Reference Handler" daemon prio=10 tid=2 in Object.wait()
java.lang.Thread.State: WAITING (on object monitor)
        at java.lang.Object.wait(Native Method)
        at java.lang.Object.wait(Object.java:502)
        at java.lang.ref.Reference.tryHandlePending(Reference.java:191)
        at java.lang.ref.Reference$ReferenceHandler.run(Reference.java:153)
"nullContainerReplicationThread-1" daemon prio=5 tid=1443 timed_waiting
java.lang.Thread.State: TIMED_WAITING
        at java.lang.Thread.sleep(Native Method)
        at org.apache.ozone.test.GenericTestUtils.waitFor(GenericTestUtils.java:224)
        at org.apache.hadoop.ozone.container.TestECContainerRecovery.lambda$testECContainerRecoveryWithTimedOutRecovery$1(TestECContainerRecovery.java:312)
        at org.apache.hadoop.ozone.container.TestECContainerRecovery$$Lambda$1696/1101275613.answer(Unknown Source)
        at org.mockito.internal.stubbing.StubbedInvocationMatcher.answer(StubbedInvocationMatcher.java:40)
        at org.mockito.internal.handler.MockHandlerImpl.handle(MockHandlerImpl.java:99)
        at org.mockito.internal.handler.NullResultGuardian.handle(NullResultGuardian.java:29)
        at org.mockito.internal.handler.InvocationNotifierHandler.handle(InvocationNotifierHandler.java:33)
        at org.mockito.internal.creation.bytebuddy.MockMethodInterceptor.doIntercept(MockMethodInterceptor.java:57)
        at org.mockito.internal.creation.bytebuddy.MockMethodAdvice.handle(MockMethodAdvice.java:147)
        at org.apache.hadoop.ozone.container.ec.reconstruction.ECReconstructionCoordinator.reconstructECBlockGroup(ECReconstructionCoordinator.java:240)
        at org.apache.hadoop.ozone.container.ec.reconstruction.ECReconstructionCoordinator.reconstructECContainerGroup(ECReconstructionCoordinator.java:178)
        at sun.reflect.NativeMethodAccessorImpl.invoke0(Native Method)
        at sun.reflect.NativeMethodAccessorImpl.invoke(NativeMethodAccessorImpl.java:62)
        at sun.reflect.DelegatingMethodAccessorImpl.invoke(DelegatingMethodAccessorImpl.java:43)
        at java.lang.reflect.Method.invoke(Method.java:498)
        at org.mockito.internal.util.reflection.ReflectionMemberAccessor.invoke(ReflectionMemberAccessor.java:45)
        at org.mockito.internal.creation.bytebuddy.MockMethodAdvice.tryInvoke(MockMethodAdvice.java:329)
        at org.mockito.internal.creation.bytebuddy.MockMethodAdvice.access$500(MockMethodAdvice.java:56)
        at org.mockito.internal.creation.bytebuddy.MockMethodAdvice$RealMethodCall.invoke(MockMethodAdvice.java:249)
        at org.mockito.internal.invocation.InterceptedInvocation.callRealMethod(InterceptedInvocation.java:141)
        at org.mockito.internal.stubbing.answers.CallsRealMethods.answer(CallsRealMethods.java:44)
        at org.mockito.Answers.answer(Answers.java:98)
        at org.mockito.internal.handler.MockHandlerImpl.handle(MockHandlerImpl.java:106)
        at org.mockito.internal.handler.NullResultGuardian.handle(NullResultGuardian.java:29)
        at org.mockito.internal.handler.InvocationNotifierHandler.handle(InvocationNotifierHandler.java:33)
        at org.mockito.internal.creation.bytebuddy.MockMethodInterceptor.doIntercept(MockMethodInterceptor.java:57)
        at org.mockito.internal.creation.bytebuddy.MockMethodAdvice.handle(MockMethodAdvice.java:147)
        at org.apache.hadoop.ozone.container.ec.reconstruction.ECReconstructionCoordinator.reconstructECContainerGroup(ECReconstructionCoordinator.java:148)
        at org.apache.hadoop.ozone.container.ec.reconstruction.ECReconstructionCoordinatorTask.runTask(ECReconstructionCoordinatorTask.java:68)
        at org.apache.hadoop.ozone.container.replication.ReplicationSupervisor$TaskRunner.run(ReplicationSupervisor.java:369)
        at java.util.concurrent.ThreadPoolExecutor.runWorker(ThreadPoolExecutor.java:1149)
        at java.util.concurrent.ThreadPoolExecutor$Worker.run(ThreadPoolExecutor.java:624)
        at java.lang.Thread.run(Thread.java:750)
"qtp394269711-425" daemon prio=5 tid=425 runnable
java.lang.Thread.State: RUNNABLE
        at sun.nio.ch.EPollArrayWrapper.epollWait(Native Method)
        at sun.nio.ch.EPollArrayWrapper.poll(EPollArrayWrapper.java:269)
        at sun.nio.ch.EPollSelectorImpl.doSelect(EPollSelectorImpl.java:93)
        at sun.nio.ch.SelectorImpl.lockAndDoSelect(SelectorImpl.java:86)
        at sun.nio.ch.SelectorImpl.select(SelectorImpl.java:97)
        at sun.nio.ch.SelectorImpl.select(SelectorImpl.java:101)
        at org.eclipse.jetty.io.ManagedSelector.nioSelect(ManagedSelector.java:183)
        at org.eclipse.jetty.io.ManagedSelector.select(ManagedSelector.java:190)
        at org.eclipse.jetty.io.ManagedSelector$SelectorProducer.select(ManagedSelector.java:606)
        at org.eclipse.jetty.io.ManagedSelector$SelectorProducer.produce(ManagedSelector.java:543)
        at org.eclipse.jetty.util.thread.strategy.EatWhatYouKill.produceTask(EatWhatYouKill.java:362)
        at org.eclipse.jetty.util.thread.strategy.EatWhatYouKill.doProduce(EatWhatYouKill.java:186)
        at org.eclipse.jetty.util.thread.strategy.EatWhatYouKill.tryProduce(EatWhatYouKill.java:173)
        at org.eclipse.jetty.util.thread.strategy.EatWhatYouKill.produce(EatWhatYouKill.java:137)
        at org.eclipse.jetty.io.ManagedSelector$$Lambda$519/57301464.run(Unknown Source)
        at org.eclipse.jetty.util.thread.QueuedThreadPool.runJob(QueuedThreadPool.java:883)
        at org.eclipse.jetty.util.thread.QueuedThreadPool$Runner.run(QueuedThreadPool.java:1034)
        at java.lang.Thread.run(Thread.java:750)
"qtp491457031-120" daemon prio=5 tid=120 timed_waiting
java.lang.Thread.State: TIMED_WAITING
        at sun.misc.Unsafe.park(Native Method)
        at java.util.concurrent.locks.LockSupport.parkNanos(LockSupport.java:215)
        at java.util.concurrent.locks.AbstractQueuedSynchronizer$ConditionObject.awaitNanos(AbstractQueuedSynchronizer.java:2078)
        at org.eclipse.jetty.util.BlockingArrayQueue.poll(BlockingArrayQueue.java:382)
        at org.eclipse.jetty.util.thread.QueuedThreadPool$Runner.idleJobPoll(QueuedThreadPool.java:974)
        at org.eclipse.jetty.util.thread.QueuedThreadPool$Runner.run(QueuedThreadPool.java:1018)
        at java.lang.Thread.run(Thread.java:750)
"IPC Server handler 3 on default port 15002" daemon prio=5 tid=94 timed_waiting
java.lang.Thread.State: TIMED_WAITING
        at sun.misc.Unsafe.park(Native Method)
        at java.util.concurrent.locks.LockSupport.parkNanos(LockSupport.java:215)
        at java.util.concurrent.locks.AbstractQueuedSynchronizer$ConditionObject.awaitNanos(AbstractQueuedSynchronizer.java:2078)
        at java.util.concurrent.LinkedBlockingQueue.poll(LinkedBlockingQueue.java:467)
        at org.apache.hadoop.ipc.CallQueueManager.take(CallQueueManager.java:317)
        at org.apache.hadoop.ipc.Server$Handler.run(Server.java:3014)
"92ba0aed-1dcc-4895-b5bb-fc45f440be2e-ChunkReader-3" daemon prio=5 tid=1149 in Object.wait()
java.lang.Thread.State: WAITING (on object monitor)
        at sun.misc.Unsafe.park(Native Method)
        at java.util.concurrent.locks.LockSupport.park(LockSupport.java:175)
        at java.util.concurrent.locks.AbstractQueuedSynchronizer$ConditionObject.await(AbstractQueuedSynchronizer.java:2039)
        at java.util.concurrent.LinkedBlockingQueue.take(LinkedBlockingQueue.java:442)
        at java.util.concurrent.ThreadPoolExecutor.getTask(ThreadPoolExecutor.java:1074)
        at java.util.concurrent.ThreadPoolExecutor.runWorker(ThreadPoolExecutor.java:1134)
        at java.util.concurrent.ThreadPoolExecutor$Worker.run(ThreadPoolExecutor.java:624)
        at java.lang.Thread.run(Thread.java:750)
"0eeb79a9-13fd-416c-b2a7-6f654c6b5029-EndpointStateMachineTaskThread-/0.0.0.0:15002-0 "  prio=5 tid=495 in Object.wait()
java.lang.Thread.State: WAITING (on object monitor)
        at sun.misc.Unsafe.park(Native Method)
        at java.util.concurrent.locks.LockSupport.park(LockSupport.java:175)
        at java.util.concurrent.locks.AbstractQueuedSynchronizer$ConditionObject.await(AbstractQueuedSynchronizer.java:2039)
        at java.util.concurrent.LinkedBlockingQueue.take(LinkedBlockingQueue.java:442)
        at java.util.concurrent.ThreadPoolExecutor.getTask(ThreadPoolExecutor.java:1074)
        at java.util.concurrent.ThreadPoolExecutor.runWorker(ThreadPoolExecutor.java:1134)
        at java.util.concurrent.ThreadPoolExecutor$Worker.run(ThreadPoolExecutor.java:624)
        at java.lang.Thread.run(Thread.java:750)
"JvmPauseMonitor1" daemon prio=5 tid=147 timed_waiting
java.lang.Thread.State: TIMED_WAITING
        at java.lang.Thread.sleep(Native Method)
        at java.lang.Thread.sleep(Thread.java:342)
        at java.util.concurrent.TimeUnit.sleep(TimeUnit.java:386)
        at org.apache.ratis.util.TimeDuration.sleep(TimeDuration.java:325)
        at org.apache.ratis.util.TimeDuration.sleep(TimeDuration.java:310)
        at org.apache.ratis.util.JvmPauseMonitor.detectPause(JvmPauseMonitor.java:117)
        at org.apache.ratis.util.JvmPauseMonitor.run(JvmPauseMonitor.java:106)
        at org.apache.ratis.util.JvmPauseMonitor$$Lambda$485/1144886446.run(Unknown Source)
        at java.lang.Thread.run(Thread.java:750)
"qtp1342466480-398" daemon prio=5 tid=398 timed_waiting
java.lang.Thread.State: TIMED_WAITING
        at sun.misc.Unsafe.park(Native Method)
        at java.util.concurrent.locks.LockSupport.parkNanos(LockSupport.java:215)
        at java.util.concurrent.locks.AbstractQueuedSynchronizer$ConditionObject.awaitNanos(AbstractQueuedSynchronizer.java:2078)
        at org.eclipse.jetty.util.BlockingArrayQueue.poll(BlockingArrayQueue.java:382)
        at org.eclipse.jetty.util.thread.QueuedThreadPool$Runner.idleJobPoll(QueuedThreadPool.java:974)
        at org.eclipse.jetty.util.thread.QueuedThreadPool$Runner.run(QueuedThreadPool.java:1018)
        at java.lang.Thread.run(Thread.java:750)
"fadd24ee-4463-4420-97cf-bdd350ad83ae-DatanodeStateMachineDaemonThread" daemon prio=5 tid=295 timed_waiting
java.lang.Thread.State: TIMED_WAITING
        at java.lang.Thread.sleep(Native Method)
        at org.apache.hadoop.ozone.container.common.statemachine.DatanodeStateMachine.startStateMachineThread(DatanodeStateMachine.java:369)
        at org.apache.hadoop.ozone.container.common.statemachine.DatanodeStateMachine.lambda$startDaemon$1(DatanodeStateMachine.java:556)
        at org.apache.hadoop.ozone.container.common.statemachine.DatanodeStateMachine$$Lambda$925/1394721877.run(Unknown Source)
        at java.lang.Thread.run(Thread.java:750)
"StaleRecoveringContainerScrubbingService#4" daemon prio=5 tid=1143 in Object.wait()
java.lang.Thread.State: WAITING (on object monitor)
        at sun.misc.Unsafe.park(Native Method)
        at java.util.concurrent.locks.LockSupport.park(LockSupport.java:175)
        at java.util.concurrent.locks.AbstractQueuedSynchronizer$ConditionObject.await(AbstractQueuedSynchronizer.java:2039)
        at java.util.concurrent.ScheduledThreadPoolExecutor$DelayedWorkQueue.take(ScheduledThreadPoolExecutor.java:1088)
        at java.util.concurrent.ScheduledThreadPoolExecutor$DelayedWorkQueue.take(ScheduledThreadPoolExecutor.java:809)
        at java.util.concurrent.ThreadPoolExecutor.getTask(ThreadPoolExecutor.java:1074)
        at java.util.concurrent.ThreadPoolExecutor.runWorker(ThreadPoolExecutor.java:1134)
        at java.util.concurrent.ThreadPoolExecutor$Worker.run(ThreadPoolExecutor.java:624)
        at java.lang.Thread.run(Thread.java:750)
"fedf11b8-0957-422e-880a-91cc26979c7a-PeriodicHDDSVolumeChecker" daemon prio=5 tid=481 timed_waiting
java.lang.Thread.State: TIMED_WAITING
        at sun.misc.Unsafe.park(Native Method)
        at java.util.concurrent.locks.LockSupport.parkNanos(LockSupport.java:215)
        at java.util.concurrent.locks.AbstractQueuedSynchronizer$ConditionObject.awaitNanos(AbstractQueuedSynchronizer.java:2078)
        at java.util.concurrent.ScheduledThreadPoolExecutor$DelayedWorkQueue.take(ScheduledThreadPoolExecutor.java:1093)
        at java.util.concurrent.ScheduledThreadPoolExecutor$DelayedWorkQueue.take(ScheduledThreadPoolExecutor.java:809)
        at java.util.concurrent.ThreadPoolExecutor.getTask(ThreadPoolExecutor.java:1074)
        at java.util.concurrent.ThreadPoolExecutor.runWorker(ThreadPoolExecutor.java:1134)
        at java.util.concurrent.ThreadPoolExecutor$Worker.run(ThreadPoolExecutor.java:624)
        at java.lang.Thread.run(Thread.java:750)
"Socket Reader #1 for port 15064"  prio=5 tid=377 runnable
java.lang.Thread.State: RUNNABLE
        at sun.nio.ch.EPollArrayWrapper.epollWait(Native Method)
        at sun.nio.ch.EPollArrayWrapper.poll(EPollArrayWrapper.java:269)
        at sun.nio.ch.EPollSelectorImpl.doSelect(EPollSelectorImpl.java:93)
        at sun.nio.ch.SelectorImpl.lockAndDoSelect(SelectorImpl.java:86)
        at sun.nio.ch.SelectorImpl.select(SelectorImpl.java:97)
        at sun.nio.ch.SelectorImpl.select(SelectorImpl.java:101)
        at org.apache.hadoop.ipc.Server$Listener$Reader.doRunLoop(Server.java:1346)
        at org.apache.hadoop.ipc.Server$Listener$Reader.run(Server.java:1325)
"qtp1623275279-457" daemon prio=5 tid=457 timed_waiting
java.lang.Thread.State: TIMED_WAITING
        at sun.misc.Unsafe.park(Native Method)
        at java.util.concurrent.locks.LockSupport.parkNanos(LockSupport.java:215)
        at java.util.concurrent.locks.AbstractQueuedSynchronizer$ConditionObject.awaitNanos(AbstractQueuedSynchronizer.java:2078)
        at org.eclipse.jetty.util.BlockingArrayQueue.poll(BlockingArrayQueue.java:382)
        at org.eclipse.jetty.util.thread.QueuedThreadPool$Runner.idleJobPoll(QueuedThreadPool.java:974)
        at org.eclipse.jetty.util.thread.QueuedThreadPool$Runner.run(QueuedThreadPool.java:1018)
        at java.lang.Thread.run(Thread.java:750)
"qtp1908574814-156" daemon prio=5 tid=156 runnable
java.lang.Thread.State: RUNNABLE
        at sun.nio.ch.EPollArrayWrapper.epollWait(Native Method)
        at sun.nio.ch.EPollArrayWrapper.poll(EPollArrayWrapper.java:269)
        at sun.nio.ch.EPollSelectorImpl.doSelect(EPollSelectorImpl.java:93)
        at sun.nio.ch.SelectorImpl.lockAndDoSelect(SelectorImpl.java:86)
        at sun.nio.ch.SelectorImpl.select(SelectorImpl.java:97)
        at sun.nio.ch.SelectorImpl.select(SelectorImpl.java:101)
        at org.eclipse.jetty.io.ManagedSelector.nioSelect(ManagedSelector.java:183)
        at org.eclipse.jetty.io.ManagedSelector.select(ManagedSelector.java:190)
        at org.eclipse.jetty.io.ManagedSelector$SelectorProducer.select(ManagedSelector.java:606)
        at org.eclipse.jetty.io.ManagedSelector$SelectorProducer.produce(ManagedSelector.java:543)
        at org.eclipse.jetty.util.thread.strategy.EatWhatYouKill.produceTask(EatWhatYouKill.java:362)
        at org.eclipse.jetty.util.thread.strategy.EatWhatYouKill.doProduce(EatWhatYouKill.java:186)
        at org.eclipse.jetty.util.thread.strategy.EatWhatYouKill.tryProduce(EatWhatYouKill.java:173)
        at org.eclipse.jetty.util.thread.strategy.EatWhatYouKill.produce(EatWhatYouKill.java:137)
        at org.eclipse.jetty.io.ManagedSelector$$Lambda$519/57301464.run(Unknown Source)
        at org.eclipse.jetty.util.thread.QueuedThreadPool.runJob(QueuedThreadPool.java:883)
        at org.eclipse.jetty.util.thread.QueuedThreadPool$Runner.run(QueuedThreadPool.java:1034)
        at java.lang.Thread.run(Thread.java:750)
"JvmPauseMonitor8" daemon prio=5 tid=578 timed_waiting
java.lang.Thread.State: TIMED_WAITING
        at java.lang.Thread.sleep(Native Method)
        at java.lang.Thread.sleep(Thread.java:342)
        at java.util.concurrent.TimeUnit.sleep(TimeUnit.java:386)
        at org.apache.ratis.util.TimeDuration.sleep(TimeDuration.java:325)
        at org.apache.ratis.util.TimeDuration.sleep(TimeDuration.java:310)
        at org.apache.ratis.util.JvmPauseMonitor.detectPause(JvmPauseMonitor.java:117)
        at org.apache.ratis.util.JvmPauseMonitor.run(JvmPauseMonitor.java:106)
        at org.apache.ratis.util.JvmPauseMonitor$$Lambda$485/1144886446.run(Unknown Source)
        at java.lang.Thread.run(Thread.java:750)
"IPC Server handler 6 on default port 15001" daemon prio=5 tid=77 timed_waiting
java.lang.Thread.State: TIMED_WAITING
        at sun.misc.Unsafe.park(Native Method)
        at java.util.concurrent.locks.LockSupport.parkNanos(LockSupport.java:215)
        at java.util.concurrent.locks.AbstractQueuedSynchronizer$ConditionObject.awaitNanos(AbstractQueuedSynchronizer.java:2078)
        at java.util.concurrent.LinkedBlockingQueue.poll(LinkedBlockingQueue.java:467)
        at org.apache.hadoop.ipc.CallQueueManager.take(CallQueueManager.java:317)
        at org.apache.hadoop.ipc.Server$Handler.run(Server.java:3014)
"StaleRecoveringContainerScrubbingService#9" daemon prio=5 tid=1466 in Object.wait()
java.lang.Thread.State: WAITING (on object monitor)
        at sun.misc.Unsafe.park(Native Method)
        at java.util.concurrent.locks.LockSupport.park(LockSupport.java:175)
        at java.util.concurrent.locks.AbstractQueuedSynchronizer$ConditionObject.await(AbstractQueuedSynchronizer.java:2039)
        at java.util.concurrent.ScheduledThreadPoolExecutor$DelayedWorkQueue.take(ScheduledThreadPoolExecutor.java:1088)
        at java.util.concurrent.ScheduledThreadPoolExecutor$DelayedWorkQueue.take(ScheduledThreadPoolExecutor.java:809)
        at java.util.concurrent.ThreadPoolExecutor.getTask(ThreadPoolExecutor.java:1074)
        at java.util.concurrent.ThreadPoolExecutor.runWorker(ThreadPoolExecutor.java:1134)
        at java.util.concurrent.ThreadPoolExecutor$Worker.run(ThreadPoolExecutor.java:624)
        at java.lang.Thread.run(Thread.java:750)
"IPC Server handler 3 on default port 15004" daemon prio=5 tid=168 timed_waiting
java.lang.Thread.State: TIMED_WAITING
        at sun.misc.Unsafe.park(Native Method)
        at java.util.concurrent.locks.LockSupport.parkNanos(LockSupport.java:215)
        at java.util.concurrent.locks.AbstractQueuedSynchronizer$ConditionObject.awaitNanos(AbstractQueuedSynchronizer.java:2078)
        at java.util.concurrent.LinkedBlockingQueue.poll(LinkedBlockingQueue.java:467)
        at org.apache.hadoop.ipc.CallQueueManager.take(CallQueueManager.java:317)
        at org.apache.hadoop.ipc.Server$Handler.run(Server.java:3014)
"grpc-default-executor-5" daemon prio=5 tid=919 timed_waiting
java.lang.Thread.State: TIMED_WAITING
        at sun.misc.Unsafe.park(Native Method)
        at java.util.concurrent.locks.LockSupport.parkNanos(LockSupport.java:215)
        at java.util.concurrent.SynchronousQueue$TransferStack.awaitFulfill(SynchronousQueue.java:460)
        at java.util.concurrent.SynchronousQueue$TransferStack.transfer(SynchronousQueue.java:362)
        at java.util.concurrent.SynchronousQueue.poll(SynchronousQueue.java:941)
        at java.util.concurrent.ThreadPoolExecutor.getTask(ThreadPoolExecutor.java:1073)
        at java.util.concurrent.ThreadPoolExecutor.runWorker(ThreadPoolExecutor.java:1134)
        at java.util.concurrent.ThreadPoolExecutor$Worker.run(ThreadPoolExecutor.java:624)
        at java.lang.Thread.run(Thread.java:750)
"18227f38-d602-4438-971e-c9cd287df9cb-ChunkReader-ELG-0" daemon prio=5 tid=595 runnable
java.lang.Thread.State: RUNNABLE
        at org.apache.ratis.thirdparty.io.netty.channel.epoll.Native.epollWait0(Native Method)
        at org.apache.ratis.thirdparty.io.netty.channel.epoll.Native.epollWait(Native.java:182)
        at org.apache.ratis.thirdparty.io.netty.channel.epoll.EpollEventLoop.epollWait(EpollEventLoop.java:302)
        at org.apache.ratis.thirdparty.io.netty.channel.epoll.EpollEventLoop.run(EpollEventLoop.java:366)
        at org.apache.ratis.thirdparty.io.netty.util.concurrent.SingleThreadEventExecutor$4.run(SingleThreadEventExecutor.java:997)
        at org.apache.ratis.thirdparty.io.netty.util.internal.ThreadExecutorMap$2.run(ThreadExecutorMap.java:74)
        at java.lang.Thread.run(Thread.java:750)
"IPC Server handler 18 on default port 15004" daemon prio=5 tid=183 timed_waiting
java.lang.Thread.State: TIMED_WAITING
        at sun.misc.Unsafe.park(Native Method)
        at java.util.concurrent.locks.LockSupport.parkNanos(LockSupport.java:215)
        at java.util.concurrent.locks.AbstractQueuedSynchronizer$ConditionObject.awaitNanos(AbstractQueuedSynchronizer.java:2078)
        at java.util.concurrent.LinkedBlockingQueue.poll(LinkedBlockingQueue.java:467)
        at org.apache.hadoop.ipc.CallQueueManager.take(CallQueueManager.java:317)
        at org.apache.hadoop.ipc.Server$Handler.run(Server.java:3014)
"5f7d9b36-4620-4ba9-8a78-929bd6ddd1f9@group-6DBCDF991ECB-StateMachineUpdater" daemon prio=5 tid=767 timed_waiting
java.lang.Thread.State: TIMED_WAITING
        at sun.misc.Unsafe.park(Native Method)
        at java.util.concurrent.locks.LockSupport.parkNanos(LockSupport.java:215)
        at java.util.concurrent.locks.AbstractQueuedSynchronizer$ConditionObject.await(AbstractQueuedSynchronizer.java:2163)
        at org.apache.ratis.util.AwaitForSignal.await(AwaitForSignal.java:62)
        at org.apache.ratis.server.impl.StateMachineUpdater.waitForCommit(StateMachineUpdater.java:209)
        at org.apache.ratis.server.impl.StateMachineUpdater.run(StateMachineUpdater.java:178)
        at java.lang.Thread.run(Thread.java:750)
"fadd24ee-4463-4420-97cf-bdd350ad83ae-DatanodeReportManager-3" daemon prio=5 tid=299 in Object.wait()
java.lang.Thread.State: WAITING (on object monitor)
        at sun.misc.Unsafe.park(Native Method)
        at java.util.concurrent.locks.LockSupport.park(LockSupport.java:175)
        at java.util.concurrent.locks.AbstractQueuedSynchronizer$ConditionObject.await(AbstractQueuedSynchronizer.java:2039)
        at java.util.concurrent.ScheduledThreadPoolExecutor$DelayedWorkQueue.take(ScheduledThreadPoolExecutor.java:1088)
        at java.util.concurrent.ScheduledThreadPoolExecutor$DelayedWorkQueue.take(ScheduledThreadPoolExecutor.java:809)
        at java.util.concurrent.ThreadPoolExecutor.getTask(ThreadPoolExecutor.java:1074)
        at java.util.concurrent.ThreadPoolExecutor.runWorker(ThreadPoolExecutor.java:1134)
        at java.util.concurrent.ThreadPoolExecutor$Worker.run(ThreadPoolExecutor.java:624)
        at java.lang.Thread.run(Thread.java:750)
"5f7d9b36-4620-4ba9-8a78-929bd6ddd1f9-CloseContainerThread-0"  prio=5 tid=1409 in Object.wait()
java.lang.Thread.State: WAITING (on object monitor)
        at sun.misc.Unsafe.park(Native Method)
        at java.util.concurrent.locks.LockSupport.park(LockSupport.java:175)
        at java.util.concurrent.locks.AbstractQueuedSynchronizer$ConditionObject.await(AbstractQueuedSynchronizer.java:2039)
        at java.util.concurrent.LinkedBlockingQueue.take(LinkedBlockingQueue.java:442)
        at java.util.concurrent.ThreadPoolExecutor.getTask(ThreadPoolExecutor.java:1074)
        at java.util.concurrent.ThreadPoolExecutor.runWorker(ThreadPoolExecutor.java:1134)
        at java.util.concurrent.ThreadPoolExecutor$Worker.run(ThreadPoolExecutor.java:624)
        at java.lang.Thread.run(Thread.java:750)
"pool-97-thread-1" daemon prio=5 tid=498 timed_waiting
java.lang.Thread.State: TIMED_WAITING
        at sun.misc.Unsafe.park(Native Method)
        at java.util.concurrent.locks.LockSupport.parkNanos(LockSupport.java:215)
        at java.util.concurrent.locks.AbstractQueuedSynchronizer$ConditionObject.awaitNanos(AbstractQueuedSynchronizer.java:2078)
        at java.util.concurrent.ScheduledThreadPoolExecutor$DelayedWorkQueue.take(ScheduledThreadPoolExecutor.java:1093)
        at java.util.concurrent.ScheduledThreadPoolExecutor$DelayedWorkQueue.take(ScheduledThreadPoolExecutor.java:809)
        at java.util.concurrent.ThreadPoolExecutor.getTask(ThreadPoolExecutor.java:1074)
        at java.util.concurrent.ThreadPoolExecutor.runWorker(ThreadPoolExecutor.java:1134)
        at java.util.concurrent.ThreadPoolExecutor$Worker.run(ThreadPoolExecutor.java:624)
        at java.lang.Thread.run(Thread.java:750)
"fedf11b8-0957-422e-880a-91cc26979c7a@group-BD96D7F114B6-SegmentedRaftLogWorker"  prio=5 tid=641 timed_waiting
java.lang.Thread.State: TIMED_WAITING
        at sun.misc.Unsafe.park(Native Method)
        at java.util.concurrent.locks.LockSupport.parkNanos(LockSupport.java:215)
        at java.util.concurrent.locks.AbstractQueuedSynchronizer$ConditionObject.awaitNanos(AbstractQueuedSynchronizer.java:2078)
        at org.apache.ratis.util.DataBlockingQueue.poll(DataBlockingQueue.java:148)
        at org.apache.ratis.server.raftlog.segmented.SegmentedRaftLogWorker.run(SegmentedRaftLogWorker.java:307)
        at org.apache.ratis.server.raftlog.segmented.SegmentedRaftLogWorker$$Lambda$819/704615668.run(Unknown Source)
        at java.util.concurrent.Executors$RunnableAdapter.call(Executors.java:511)
        at java.util.concurrent.FutureTask.run(FutureTask.java:266)
        at java.util.concurrent.ThreadPoolExecutor.runWorker(ThreadPoolExecutor.java:1149)
        at java.util.concurrent.ThreadPoolExecutor$Worker.run(ThreadPoolExecutor.java:624)
        at java.lang.Thread.run(Thread.java:750)
"IPC Server listener on 15000" daemon prio=5 tid=35 runnable
java.lang.Thread.State: RUNNABLE
        at sun.nio.ch.EPollArrayWrapper.epollWait(Native Method)
        at sun.nio.ch.EPollArrayWrapper.poll(EPollArrayWrapper.java:269)
        at sun.nio.ch.EPollSelectorImpl.doSelect(EPollSelectorImpl.java:93)
        at sun.nio.ch.SelectorImpl.lockAndDoSelect(SelectorImpl.java:86)
        at sun.nio.ch.SelectorImpl.select(SelectorImpl.java:97)
        at sun.nio.ch.SelectorImpl.select(SelectorImpl.java:101)
        at org.apache.hadoop.ipc.Server$Listener.run(Server.java:1408)
"IPC Server handler 0 on default port 15028" daemon prio=5 tid=1192 timed_waiting
java.lang.Thread.State: TIMED_WAITING
        at sun.misc.Unsafe.park(Native Method)
        at java.util.concurrent.locks.LockSupport.parkNanos(LockSupport.java:215)
        at java.util.concurrent.locks.AbstractQueuedSynchronizer$ConditionObject.awaitNanos(AbstractQueuedSynchronizer.java:2078)
        at java.util.concurrent.LinkedBlockingQueue.poll(LinkedBlockingQueue.java:467)
        at org.apache.hadoop.ipc.CallQueueManager.take(CallQueueManager.java:317)
        at org.apache.hadoop.ipc.Server$Handler.run(Server.java:3014)
"5f7d9b36-4620-4ba9-8a78-929bd6ddd1f9-BlockDeletingService#3" daemon prio=5 tid=1486 in Object.wait()
java.lang.Thread.State: WAITING (on object monitor)
        at sun.misc.Unsafe.park(Native Method)
        at java.util.concurrent.locks.LockSupport.park(LockSupport.java:175)
        at java.util.concurrent.locks.AbstractQueuedSynchronizer$ConditionObject.await(AbstractQueuedSynchronizer.java:2039)
        at java.util.concurrent.ScheduledThreadPoolExecutor$DelayedWorkQueue.take(ScheduledThreadPoolExecutor.java:1088)
        at java.util.concurrent.ScheduledThreadPoolExecutor$DelayedWorkQueue.take(ScheduledThreadPoolExecutor.java:809)
        at java.util.concurrent.ThreadPoolExecutor.getTask(ThreadPoolExecutor.java:1074)
        at java.util.concurrent.ThreadPoolExecutor.runWorker(ThreadPoolExecutor.java:1134)
        at java.util.concurrent.ThreadPoolExecutor$Worker.run(ThreadPoolExecutor.java:624)
        at java.lang.Thread.run(Thread.java:750)
"5f7d9b36-4620-4ba9-8a78-929bd6ddd1f9-ChunkWriter-0-0" daemon prio=5 tid=605 in Object.wait()
java.lang.Thread.State: WAITING (on object monitor)
        at sun.misc.Unsafe.park(Native Method)
        at java.util.concurrent.locks.LockSupport.park(LockSupport.java:175)
        at java.util.concurrent.locks.AbstractQueuedSynchronizer$ConditionObject.await(AbstractQueuedSynchronizer.java:2039)
        at java.util.concurrent.LinkedBlockingDeque.takeFirst(LinkedBlockingDeque.java:492)
        at java.util.concurrent.LinkedBlockingDeque.take(LinkedBlockingDeque.java:680)
        at java.util.concurrent.ThreadPoolExecutor.getTask(ThreadPoolExecutor.java:1074)
        at java.util.concurrent.ThreadPoolExecutor.runWorker(ThreadPoolExecutor.java:1134)
        at java.util.concurrent.ThreadPoolExecutor$Worker.run(ThreadPoolExecutor.java:624)
        at java.lang.Thread.run(Thread.java:750)
"IPC Server Responder" daemon prio=5 tid=203 runnable
java.lang.Thread.State: RUNNABLE
        at sun.nio.ch.EPollArrayWrapper.epollWait(Native Method)
        at sun.nio.ch.EPollArrayWrapper.poll(EPollArrayWrapper.java:269)
        at sun.nio.ch.EPollSelectorImpl.doSelect(EPollSelectorImpl.java:93)
        at sun.nio.ch.SelectorImpl.lockAndDoSelect(SelectorImpl.java:86)
        at sun.nio.ch.SelectorImpl.select(SelectorImpl.java:97)
        at org.apache.hadoop.ipc.Server$Responder.doRunLoop(Server.java:1582)
        at org.apache.hadoop.ipc.Server$Responder.run(Server.java:1565)
"IPC Server Responder" daemon prio=5 tid=1190 runnable
java.lang.Thread.State: RUNNABLE
        at sun.nio.ch.EPollArrayWrapper.epollWait(Native Method)
        at sun.nio.ch.EPollArrayWrapper.poll(EPollArrayWrapper.java:269)
        at sun.nio.ch.EPollSelectorImpl.doSelect(EPollSelectorImpl.java:93)
        at sun.nio.ch.SelectorImpl.lockAndDoSelect(SelectorImpl.java:86)
        at sun.nio.ch.SelectorImpl.select(SelectorImpl.java:97)
        at org.apache.hadoop.ipc.Server$Responder.doRunLoop(Server.java:1582)
        at org.apache.hadoop.ipc.Server$Responder.run(Server.java:1565)
"SCMHeartbeatProcessor-0" daemon prio=5 tid=16 timed_waiting
java.lang.Thread.State: TIMED_WAITING
        at sun.misc.Unsafe.park(Native Method)
        at java.util.concurrent.locks.LockSupport.parkNanos(LockSupport.java:215)
        at java.util.concurrent.locks.AbstractQueuedSynchronizer$ConditionObject.awaitNanos(AbstractQueuedSynchronizer.java:2078)
        at java.util.concurrent.ScheduledThreadPoolExecutor$DelayedWorkQueue.take(ScheduledThreadPoolExecutor.java:1093)
        at java.util.concurrent.ScheduledThreadPoolExecutor$DelayedWorkQueue.take(ScheduledThreadPoolExecutor.java:809)
        at java.util.concurrent.ThreadPoolExecutor.getTask(ThreadPoolExecutor.java:1074)
        at java.util.concurrent.ThreadPoolExecutor.runWorker(ThreadPoolExecutor.java:1134)
        at java.util.concurrent.ThreadPoolExecutor$Worker.run(ThreadPoolExecutor.java:624)
        at java.lang.Thread.run(Thread.java:750)
"StaleRecoveringContainerScrubbingService#8" daemon prio=5 tid=1441 in Object.wait()
java.lang.Thread.State: WAITING (on object monitor)
        at sun.misc.Unsafe.park(Native Method)
        at java.util.concurrent.locks.LockSupport.park(LockSupport.java:175)
        at java.util.concurrent.locks.AbstractQueuedSynchronizer$ConditionObject.await(AbstractQueuedSynchronizer.java:2039)
        at java.util.concurrent.ScheduledThreadPoolExecutor$DelayedWorkQueue.take(ScheduledThreadPoolExecutor.java:1088)
        at java.util.concurrent.ScheduledThreadPoolExecutor$DelayedWorkQueue.take(ScheduledThreadPoolExecutor.java:809)
        at java.util.concurrent.ThreadPoolExecutor.getTask(ThreadPoolExecutor.java:1074)
        at java.util.concurrent.ThreadPoolExecutor.runWorker(ThreadPoolExecutor.java:1134)
        at java.util.concurrent.ThreadPoolExecutor$Worker.run(ThreadPoolExecutor.java:624)
        at java.lang.Thread.run(Thread.java:750)
"0e92623e-4dcf-4eff-ae25-f8b8c2de319b@group-09A8159B88D0-StateMachineUpdater" daemon prio=5 tid=1241 timed_waiting
java.lang.Thread.State: TIMED_WAITING
        at sun.misc.Unsafe.park(Native Method)
        at java.util.concurrent.locks.LockSupport.parkNanos(LockSupport.java:215)
        at java.util.concurrent.locks.AbstractQueuedSynchronizer$ConditionObject.await(AbstractQueuedSynchronizer.java:2163)
        at org.apache.ratis.util.AwaitForSignal.await(AwaitForSignal.java:62)
        at org.apache.ratis.server.impl.StateMachineUpdater.waitForCommit(StateMachineUpdater.java:209)
        at org.apache.ratis.server.impl.StateMachineUpdater.run(StateMachineUpdater.java:178)
        at java.lang.Thread.run(Thread.java:750)
"timer2" daemon prio=5 tid=906 timed_waiting
java.lang.Thread.State: TIMED_WAITING
        at java.lang.Object.wait(Native Method)
        at java.util.TimerThread.mainLoop(Timer.java:552)
        at java.util.TimerThread.run(Timer.java:505)
"0eeb79a9-13fd-416c-b2a7-6f654c6b5029-CommandProcessorThread" daemon prio=5 tid=243 timed_waiting
java.lang.Thread.State: TIMED_WAITING
        at java.lang.Thread.sleep(Native Method)
        at org.apache.hadoop.ozone.container.common.statemachine.DatanodeStateMachine.lambda$initCommandHandlerThread$4(DatanodeStateMachine.java:684)
        at org.apache.hadoop.ozone.container.common.statemachine.DatanodeStateMachine$$Lambda$927/756418972.run(Unknown Source)
        at java.lang.Thread.run(Thread.java:750)
"92ba0aed-1dcc-4895-b5bb-fc45f440be2e-server-thread1" daemon prio=5 tid=974 timed_waiting
java.lang.Thread.State: TIMED_WAITING
        at sun.misc.Unsafe.park(Native Method)
        at java.util.concurrent.locks.LockSupport.parkNanos(LockSupport.java:215)
        at java.util.concurrent.SynchronousQueue$TransferStack.awaitFulfill(SynchronousQueue.java:460)
        at java.util.concurrent.SynchronousQueue$TransferStack.transfer(SynchronousQueue.java:362)
        at java.util.concurrent.SynchronousQueue.poll(SynchronousQueue.java:941)
        at java.util.concurrent.ThreadPoolExecutor.getTask(ThreadPoolExecutor.java:1073)
        at java.util.concurrent.ThreadPoolExecutor.runWorker(ThreadPoolExecutor.java:1134)
        at java.util.concurrent.ThreadPoolExecutor$Worker.run(ThreadPoolExecutor.java:624)
        at java.lang.Thread.run(Thread.java:750)
"5f7d9b36-4620-4ba9-8a78-929bd6ddd1f9-PipelineCommandHandlerThread-0"  prio=5 tid=720 in Object.wait()
java.lang.Thread.State: WAITING (on object monitor)
        at sun.misc.Unsafe.park(Native Method)
        at java.util.concurrent.locks.LockSupport.park(LockSupport.java:175)
        at java.util.concurrent.locks.AbstractQueuedSynchronizer$ConditionObject.await(AbstractQueuedSynchronizer.java:2039)
        at java.util.concurrent.LinkedBlockingQueue.take(LinkedBlockingQueue.java:442)
        at java.util.concurrent.ThreadPoolExecutor.getTask(ThreadPoolExecutor.java:1074)
        at java.util.concurrent.ThreadPoolExecutor.runWorker(ThreadPoolExecutor.java:1134)
        at java.util.concurrent.ThreadPoolExecutor$Worker.run(ThreadPoolExecutor.java:624)
        at java.lang.Thread.run(Thread.java:750)
"timer5" daemon prio=5 tid=925 timed_waiting
java.lang.Thread.State: TIMED_WAITING
        at java.lang.Object.wait(Native Method)
        at java.util.TimerThread.mainLoop(Timer.java:552)
        at java.util.TimerThread.run(Timer.java:505)
"IPC Server handler 1 on default port 15001" daemon prio=5 tid=72 timed_waiting
java.lang.Thread.State: TIMED_WAITING
        at sun.misc.Unsafe.park(Native Method)
        at java.util.concurrent.locks.LockSupport.parkNanos(LockSupport.java:215)
        at java.util.concurrent.locks.AbstractQueuedSynchronizer$ConditionObject.awaitNanos(AbstractQueuedSynchronizer.java:2078)
        at java.util.concurrent.LinkedBlockingQueue.poll(LinkedBlockingQueue.java:467)
        at org.apache.hadoop.ipc.CallQueueManager.take(CallQueueManager.java:317)
        at org.apache.hadoop.ipc.Server$Handler.run(Server.java:3014)
"StaleRecoveringContainerScrubbingService#8" daemon prio=5 tid=1434 in Object.wait()
java.lang.Thread.State: WAITING (on object monitor)
        at sun.misc.Unsafe.park(Native Method)
        at java.util.concurrent.locks.LockSupport.park(LockSupport.java:175)
        at java.util.concurrent.locks.AbstractQueuedSynchronizer$ConditionObject.await(AbstractQueuedSynchronizer.java:2039)
        at java.util.concurrent.ScheduledThreadPoolExecutor$DelayedWorkQueue.take(ScheduledThreadPoolExecutor.java:1088)
        at java.util.concurrent.ScheduledThreadPoolExecutor$DelayedWorkQueue.take(ScheduledThreadPoolExecutor.java:809)
        at java.util.concurrent.ThreadPoolExecutor.getTask(ThreadPoolExecutor.java:1074)
        at java.util.concurrent.ThreadPoolExecutor.runWorker(ThreadPoolExecutor.java:1134)
        at java.util.concurrent.ThreadPoolExecutor$Worker.run(ThreadPoolExecutor.java:624)
        at java.lang.Thread.run(Thread.java:750)
"JvmPauseMonitor12" daemon prio=5 tid=1221 timed_waiting
java.lang.Thread.State: TIMED_WAITING
        at java.lang.Thread.sleep(Native Method)
        at java.lang.Thread.sleep(Thread.java:342)
        at java.util.concurrent.TimeUnit.sleep(TimeUnit.java:386)
        at org.apache.ratis.util.TimeDuration.sleep(TimeDuration.java:325)
        at org.apache.ratis.util.TimeDuration.sleep(TimeDuration.java:310)
        at org.apache.ratis.util.JvmPauseMonitor.detectPause(JvmPauseMonitor.java:117)
        at org.apache.ratis.util.JvmPauseMonitor.run(JvmPauseMonitor.java:106)
        at org.apache.ratis.util.JvmPauseMonitor$$Lambda$485/1144886446.run(Unknown Source)
        at java.lang.Thread.run(Thread.java:750)
"92ba0aed-1dcc-4895-b5bb-fc45f440be2e-BlockDeletingService#2" daemon prio=5 tid=1425 in Object.wait()
java.lang.Thread.State: WAITING (on object monitor)
        at sun.misc.Unsafe.park(Native Method)
        at java.util.concurrent.locks.LockSupport.park(LockSupport.java:175)
        at java.util.concurrent.locks.AbstractQueuedSynchronizer$ConditionObject.await(AbstractQueuedSynchronizer.java:2039)
        at java.util.concurrent.ScheduledThreadPoolExecutor$DelayedWorkQueue.take(ScheduledThreadPoolExecutor.java:1088)
        at java.util.concurrent.ScheduledThreadPoolExecutor$DelayedWorkQueue.take(ScheduledThreadPoolExecutor.java:809)
        at java.util.concurrent.ThreadPoolExecutor.getTask(ThreadPoolExecutor.java:1074)
        at java.util.concurrent.ThreadPoolExecutor.runWorker(ThreadPoolExecutor.java:1134)
        at java.util.concurrent.ThreadPoolExecutor$Worker.run(ThreadPoolExecutor.java:624)
        at java.lang.Thread.run(Thread.java:750)
"92ba0aed-1dcc-4895-b5bb-fc45f440be2e-CommandProcessorThread" daemon prio=5 tid=388 timed_waiting
java.lang.Thread.State: TIMED_WAITING
        at java.lang.Thread.sleep(Native Method)
        at org.apache.hadoop.ozone.container.common.statemachine.DatanodeStateMachine.lambda$initCommandHandlerThread$4(DatanodeStateMachine.java:684)
        at org.apache.hadoop.ozone.container.common.statemachine.DatanodeStateMachine$$Lambda$927/756418972.run(Unknown Source)
        at java.lang.Thread.run(Thread.java:750)
"0e92623e-4dcf-4eff-ae25-f8b8c2de319b-server-thread1" daemon prio=5 tid=1299 timed_waiting
java.lang.Thread.State: TIMED_WAITING
        at sun.misc.Unsafe.park(Native Method)
        at java.util.concurrent.locks.LockSupport.parkNanos(LockSupport.java:215)
        at java.util.concurrent.SynchronousQueue$TransferStack.awaitFulfill(SynchronousQueue.java:460)
        at java.util.concurrent.SynchronousQueue$TransferStack.transfer(SynchronousQueue.java:362)
        at java.util.concurrent.SynchronousQueue.poll(SynchronousQueue.java:941)
        at java.util.concurrent.ThreadPoolExecutor.getTask(ThreadPoolExecutor.java:1073)
        at java.util.concurrent.ThreadPoolExecutor.runWorker(ThreadPoolExecutor.java:1134)
        at java.util.concurrent.ThreadPoolExecutor$Worker.run(ThreadPoolExecutor.java:624)
        at java.lang.Thread.run(Thread.java:750)
"qtp2015427223-287" daemon prio=5 tid=287 timed_waiting
java.lang.Thread.State: TIMED_WAITING
        at sun.misc.Unsafe.park(Native Method)
        at java.util.concurrent.locks.LockSupport.parkNanos(LockSupport.java:215)
        at java.util.concurrent.locks.AbstractQueuedSynchronizer$ConditionObject.awaitNanos(AbstractQueuedSynchronizer.java:2078)
        at org.eclipse.jetty.util.BlockingArrayQueue.poll(BlockingArrayQueue.java:382)
        at org.eclipse.jetty.util.thread.QueuedThreadPool$Runner.idleJobPoll(QueuedThreadPool.java:974)
        at org.eclipse.jetty.util.thread.QueuedThreadPool$Runner.run(QueuedThreadPool.java:1018)
        at java.lang.Thread.run(Thread.java:750)
"Attach Listener" daemon prio=9 tid=1355 runnable
java.lang.Thread.State: RUNNABLE
"92ba0aed-1dcc-4895-b5bb-fc45f440be2e-ChunkReader-9" daemon prio=5 tid=1452 in Object.wait()
java.lang.Thread.State: WAITING (on object monitor)
        at sun.misc.Unsafe.park(Native Method)
        at java.util.concurrent.locks.LockSupport.park(LockSupport.java:175)
        at java.util.concurrent.locks.AbstractQueuedSynchronizer$ConditionObject.await(AbstractQueuedSynchronizer.java:2039)
        at java.util.concurrent.LinkedBlockingQueue.take(LinkedBlockingQueue.java:442)
        at java.util.concurrent.ThreadPoolExecutor.getTask(ThreadPoolExecutor.java:1074)
        at java.util.concurrent.ThreadPoolExecutor.runWorker(ThreadPoolExecutor.java:1134)
        at java.util.concurrent.ThreadPoolExecutor$Worker.run(ThreadPoolExecutor.java:624)
        at java.lang.Thread.run(Thread.java:750)
"fedf11b8-0957-422e-880a-91cc26979c7a@group-52AF94BE594D-StateMachineUpdater" daemon prio=5 tid=1261 timed_waiting
java.lang.Thread.State: TIMED_WAITING
        at sun.misc.Unsafe.park(Native Method)
        at java.util.concurrent.locks.LockSupport.parkNanos(LockSupport.java:215)
        at java.util.concurrent.locks.AbstractQueuedSynchronizer$ConditionObject.await(AbstractQueuedSynchronizer.java:2163)
        at org.apache.ratis.util.AwaitForSignal.await(AwaitForSignal.java:62)
        at org.apache.ratis.server.impl.StateMachineUpdater.waitForCommit(StateMachineUpdater.java:209)
        at org.apache.ratis.server.impl.StateMachineUpdater.run(StateMachineUpdater.java:178)
        at java.lang.Thread.run(Thread.java:750)
"EventQueue-StaleNodeForStaleNodeHandler" daemon prio=5 tid=1103 in Object.wait()
java.lang.Thread.State: WAITING (on object monitor)
        at sun.misc.Unsafe.park(Native Method)
        at java.util.concurrent.locks.LockSupport.park(LockSupport.java:175)
        at java.util.concurrent.locks.AbstractQueuedSynchronizer$ConditionObject.await(AbstractQueuedSynchronizer.java:2039)
        at java.util.concurrent.LinkedBlockingQueue.take(LinkedBlockingQueue.java:442)
        at java.util.concurrent.ThreadPoolExecutor.getTask(ThreadPoolExecutor.java:1074)
        at java.util.concurrent.ThreadPoolExecutor.runWorker(ThreadPoolExecutor.java:1134)
        at java.util.concurrent.ThreadPoolExecutor$Worker.run(ThreadPoolExecutor.java:624)
        at java.lang.Thread.run(Thread.java:750)
"92ba0aed-1dcc-4895-b5bb-fc45f440be2e-CloseContainerThread-0"  prio=5 tid=1114 in Object.wait()
java.lang.Thread.State: WAITING (on object monitor)
        at sun.misc.Unsafe.park(Native Method)
        at java.util.concurrent.locks.LockSupport.park(LockSupport.java:175)
        at java.util.concurrent.locks.AbstractQueuedSynchronizer$ConditionObject.await(AbstractQueuedSynchronizer.java:2039)
        at java.util.concurrent.LinkedBlockingQueue.take(LinkedBlockingQueue.java:442)
        at java.util.concurrent.ThreadPoolExecutor.getTask(ThreadPoolExecutor.java:1074)
        at java.util.concurrent.ThreadPoolExecutor.runWorker(ThreadPoolExecutor.java:1134)
        at java.util.concurrent.ThreadPoolExecutor$Worker.run(ThreadPoolExecutor.java:624)
        at java.lang.Thread.run(Thread.java:750)
"5f7d9b36-4620-4ba9-8a78-929bd6ddd1f9@group-6DBCDF991ECB-SegmentedRaftLogWorker"  prio=5 tid=765 timed_waiting
java.lang.Thread.State: TIMED_WAITING
        at sun.misc.Unsafe.park(Native Method)
        at java.util.concurrent.locks.LockSupport.parkNanos(LockSupport.java:215)
        at java.util.concurrent.locks.AbstractQueuedSynchronizer$ConditionObject.awaitNanos(AbstractQueuedSynchronizer.java:2078)
        at org.apache.ratis.util.DataBlockingQueue.poll(DataBlockingQueue.java:148)
        at org.apache.ratis.server.raftlog.segmented.SegmentedRaftLogWorker.run(SegmentedRaftLogWorker.java:307)
        at org.apache.ratis.server.raftlog.segmented.SegmentedRaftLogWorker$$Lambda$819/704615668.run(Unknown Source)
        at java.util.concurrent.Executors$RunnableAdapter.call(Executors.java:511)
        at java.util.concurrent.FutureTask.run(FutureTask.java:266)
        at java.util.concurrent.ThreadPoolExecutor.runWorker(ThreadPoolExecutor.java:1149)
        at java.util.concurrent.ThreadPoolExecutor$Worker.run(ThreadPoolExecutor.java:624)
        at java.lang.Thread.run(Thread.java:750)
"92ba0aed-1dcc-4895-b5bb-fc45f440be2e-ChunkReader-2" daemon prio=5 tid=1057 in Object.wait()
java.lang.Thread.State: WAITING (on object monitor)
        at sun.misc.Unsafe.park(Native Method)
        at java.util.concurrent.locks.LockSupport.park(LockSupport.java:175)
        at java.util.concurrent.locks.AbstractQueuedSynchronizer$ConditionObject.await(AbstractQueuedSynchronizer.java:2039)
        at java.util.concurrent.LinkedBlockingQueue.take(LinkedBlockingQueue.java:442)
        at java.util.concurrent.ThreadPoolExecutor.getTask(ThreadPoolExecutor.java:1074)
        at java.util.concurrent.ThreadPoolExecutor.runWorker(ThreadPoolExecutor.java:1134)
        at java.util.concurrent.ThreadPoolExecutor$Worker.run(ThreadPoolExecutor.java:624)
        at java.lang.Thread.run(Thread.java:750)
"StaleRecoveringContainerScrubbingService#1" daemon prio=5 tid=582 in Object.wait()
java.lang.Thread.State: WAITING (on object monitor)
        at sun.misc.Unsafe.park(Native Method)
        at java.util.concurrent.locks.LockSupport.park(LockSupport.java:175)
        at java.util.concurrent.locks.AbstractQueuedSynchronizer$ConditionObject.await(AbstractQueuedSynchronizer.java:2039)
        at java.util.concurrent.ScheduledThreadPoolExecutor$DelayedWorkQueue.take(ScheduledThreadPoolExecutor.java:1088)
        at java.util.concurrent.ScheduledThreadPoolExecutor$DelayedWorkQueue.take(ScheduledThreadPoolExecutor.java:809)
        at java.util.concurrent.ThreadPoolExecutor.getTask(ThreadPoolExecutor.java:1074)
        at java.util.concurrent.ThreadPoolExecutor.runWorker(ThreadPoolExecutor.java:1134)
        at java.util.concurrent.ThreadPoolExecutor$Worker.run(ThreadPoolExecutor.java:624)
        at java.lang.Thread.run(Thread.java:750)
"fedf11b8-0957-422e-880a-91cc26979c7a-DatanodeReportManager-4" daemon prio=5 tid=211 timed_waiting
java.lang.Thread.State: TIMED_WAITING
        at sun.misc.Unsafe.park(Native Method)
        at java.util.concurrent.locks.LockSupport.parkNanos(LockSupport.java:215)
        at java.util.concurrent.locks.AbstractQueuedSynchronizer$ConditionObject.awaitNanos(AbstractQueuedSynchronizer.java:2078)
        at java.util.concurrent.ScheduledThreadPoolExecutor$DelayedWorkQueue.take(ScheduledThreadPoolExecutor.java:1093)
        at java.util.concurrent.ScheduledThreadPoolExecutor$DelayedWorkQueue.take(ScheduledThreadPoolExecutor.java:809)
        at java.util.concurrent.ThreadPoolExecutor.getTask(ThreadPoolExecutor.java:1074)
        at java.util.concurrent.ThreadPoolExecutor.runWorker(ThreadPoolExecutor.java:1134)
        at java.util.concurrent.ThreadPoolExecutor$Worker.run(ThreadPoolExecutor.java:624)
        at java.lang.Thread.run(Thread.java:750)
"4cee0e49-9f18-41f8-8e67-157ccbc15955-DatanodeStateMachineTaskThread-0"  prio=5 tid=331 in Object.wait()
java.lang.Thread.State: WAITING (on object monitor)
        at sun.misc.Unsafe.park(Native Method)
        at java.util.concurrent.locks.LockSupport.park(LockSupport.java:175)
        at java.util.concurrent.locks.AbstractQueuedSynchronizer$ConditionObject.await(AbstractQueuedSynchronizer.java:2039)
        at java.util.concurrent.LinkedBlockingQueue.take(LinkedBlockingQueue.java:442)
        at java.util.concurrent.ThreadPoolExecutor.getTask(ThreadPoolExecutor.java:1074)
        at java.util.concurrent.ThreadPoolExecutor.runWorker(ThreadPoolExecutor.java:1134)
        at java.util.concurrent.ThreadPoolExecutor$Worker.run(ThreadPoolExecutor.java:624)
        at java.lang.Thread.run(Thread.java:750)
"pool-35-thread-1"  prio=5 tid=114 timed_waiting
java.lang.Thread.State: TIMED_WAITING
        at sun.misc.Unsafe.park(Native Method)
        at java.util.concurrent.locks.LockSupport.parkNanos(LockSupport.java:215)
        at java.util.concurrent.locks.AbstractQueuedSynchronizer$ConditionObject.awaitNanos(AbstractQueuedSynchronizer.java:2078)
        at java.util.concurrent.ScheduledThreadPoolExecutor$DelayedWorkQueue.take(ScheduledThreadPoolExecutor.java:1093)
        at java.util.concurrent.ScheduledThreadPoolExecutor$DelayedWorkQueue.take(ScheduledThreadPoolExecutor.java:809)
        at java.util.concurrent.ThreadPoolExecutor.getTask(ThreadPoolExecutor.java:1074)
        at java.util.concurrent.ThreadPoolExecutor.runWorker(ThreadPoolExecutor.java:1134)
        at java.util.concurrent.ThreadPoolExecutor$Worker.run(ThreadPoolExecutor.java:624)
        at java.lang.Thread.run(Thread.java:750)
"18227f38-d602-4438-971e-c9cd287df9cb-ChunkReader-1" daemon prio=5 tid=1342 in Object.wait()
java.lang.Thread.State: WAITING (on object monitor)
        at sun.misc.Unsafe.park(Native Method)
        at java.util.concurrent.locks.LockSupport.park(LockSupport.java:175)
        at java.util.concurrent.locks.AbstractQueuedSynchronizer$ConditionObject.await(AbstractQueuedSynchronizer.java:2039)
        at java.util.concurrent.LinkedBlockingQueue.take(LinkedBlockingQueue.java:442)
        at java.util.concurrent.ThreadPoolExecutor.getTask(ThreadPoolExecutor.java:1074)
        at java.util.concurrent.ThreadPoolExecutor.runWorker(ThreadPoolExecutor.java:1134)
        at java.util.concurrent.ThreadPoolExecutor$Worker.run(ThreadPoolExecutor.java:624)
        at java.lang.Thread.run(Thread.java:750)
"5f7d9b36-4620-4ba9-8a78-929bd6ddd1f9-DatanodeStateMachineTaskThread-0"  prio=5 tid=447 in Object.wait()
java.lang.Thread.State: WAITING (on object monitor)
        at sun.misc.Unsafe.park(Native Method)
        at java.util.concurrent.locks.LockSupport.park(LockSupport.java:175)
        at java.util.concurrent.locks.AbstractQueuedSynchronizer$ConditionObject.await(AbstractQueuedSynchronizer.java:2039)
        at java.util.concurrent.LinkedBlockingQueue.take(LinkedBlockingQueue.java:442)
        at java.util.concurrent.ThreadPoolExecutor.getTask(ThreadPoolExecutor.java:1074)
        at java.util.concurrent.ThreadPoolExecutor.runWorker(ThreadPoolExecutor.java:1134)
        at java.util.concurrent.ThreadPoolExecutor$Worker.run(ThreadPoolExecutor.java:624)
        at java.lang.Thread.run(Thread.java:750)
"IPC Server Responder" daemon prio=5 tid=408 runnable
java.lang.Thread.State: RUNNABLE
        at sun.nio.ch.EPollArrayWrapper.epollWait(Native Method)
        at sun.nio.ch.EPollArrayWrapper.poll(EPollArrayWrapper.java:269)
        at sun.nio.ch.EPollSelectorImpl.doSelect(EPollSelectorImpl.java:93)
        at sun.nio.ch.SelectorImpl.lockAndDoSelect(SelectorImpl.java:86)
        at sun.nio.ch.SelectorImpl.select(SelectorImpl.java:97)
        at org.apache.hadoop.ipc.Server$Responder.doRunLoop(Server.java:1582)
        at org.apache.hadoop.ipc.Server$Responder.run(Server.java:1565)
"qtp1789087814-1183" daemon prio=5 tid=1183 timed_waiting
java.lang.Thread.State: TIMED_WAITING
        at sun.misc.Unsafe.park(Native Method)
        at java.util.concurrent.locks.LockSupport.parkNanos(LockSupport.java:215)
        at java.util.concurrent.locks.AbstractQueuedSynchronizer$ConditionObject.awaitNanos(AbstractQueuedSynchronizer.java:2078)
        at org.eclipse.jetty.util.BlockingArrayQueue.poll(BlockingArrayQueue.java:382)
        at org.eclipse.jetty.util.thread.QueuedThreadPool$Runner.idleJobPoll(QueuedThreadPool.java:974)
        at org.eclipse.jetty.util.thread.QueuedThreadPool$Runner.run(QueuedThreadPool.java:1018)
        at java.lang.Thread.run(Thread.java:750)
"fadd24ee-4463-4420-97cf-bdd350ad83ae-BlockDeletingService#1" daemon prio=5 tid=537 in Object.wait()
java.lang.Thread.State: WAITING (on object monitor)
        at sun.misc.Unsafe.park(Native Method)
        at java.util.concurrent.locks.LockSupport.park(LockSupport.java:175)
        at java.util.concurrent.locks.AbstractQueuedSynchronizer$ConditionObject.await(AbstractQueuedSynchronizer.java:2039)
        at java.util.concurrent.ScheduledThreadPoolExecutor$DelayedWorkQueue.take(ScheduledThreadPoolExecutor.java:1088)
        at java.util.concurrent.ScheduledThreadPoolExecutor$DelayedWorkQueue.take(ScheduledThreadPoolExecutor.java:809)
        at java.util.concurrent.ThreadPoolExecutor.getTask(ThreadPoolExecutor.java:1074)
        at java.util.concurrent.ThreadPoolExecutor.runWorker(ThreadPoolExecutor.java:1134)
        at java.util.concurrent.ThreadPoolExecutor$Worker.run(ThreadPoolExecutor.java:624)
        at java.lang.Thread.run(Thread.java:750)
"d9016e39-0130-4fd9-896a-cac3c2785d02@group-09A8159B88D0-SegmentedRaftLogWorker"  prio=5 tid=1250 timed_waiting
java.lang.Thread.State: TIMED_WAITING
        at sun.misc.Unsafe.park(Native Method)
        at java.util.concurrent.locks.LockSupport.parkNanos(LockSupport.java:215)
        at java.util.concurrent.locks.AbstractQueuedSynchronizer$ConditionObject.awaitNanos(AbstractQueuedSynchronizer.java:2078)
        at org.apache.ratis.util.DataBlockingQueue.poll(DataBlockingQueue.java:148)
        at org.apache.ratis.server.raftlog.segmented.SegmentedRaftLogWorker.run(SegmentedRaftLogWorker.java:307)
        at org.apache.ratis.server.raftlog.segmented.SegmentedRaftLogWorker$$Lambda$819/704615668.run(Unknown Source)
        at java.util.concurrent.Executors$RunnableAdapter.call(Executors.java:511)
        at java.util.concurrent.FutureTask.run(FutureTask.java:266)
        at java.util.concurrent.ThreadPoolExecutor.runWorker(ThreadPoolExecutor.java:1149)
        at java.util.concurrent.ThreadPoolExecutor$Worker.run(ThreadPoolExecutor.java:624)
        at java.lang.Thread.run(Thread.java:750)
"fedf11b8-0957-422e-880a-91cc26979c7a-DatanodeReportManager-1" daemon prio=5 tid=208 in Object.wait()
java.lang.Thread.State: WAITING (on object monitor)
        at sun.misc.Unsafe.park(Native Method)
        at java.util.concurrent.locks.LockSupport.park(LockSupport.java:175)
        at java.util.concurrent.locks.AbstractQueuedSynchronizer$ConditionObject.await(AbstractQueuedSynchronizer.java:2039)
        at java.util.concurrent.ScheduledThreadPoolExecutor$DelayedWorkQueue.take(ScheduledThreadPoolExecutor.java:1088)
        at java.util.concurrent.ScheduledThreadPoolExecutor$DelayedWorkQueue.take(ScheduledThreadPoolExecutor.java:809)
        at java.util.concurrent.ThreadPoolExecutor.getTask(ThreadPoolExecutor.java:1074)
        at java.util.concurrent.ThreadPoolExecutor.runWorker(ThreadPoolExecutor.java:1134)
        at java.util.concurrent.ThreadPoolExecutor$Worker.run(ThreadPoolExecutor.java:624)
        at java.lang.Thread.run(Thread.java:750)
"FixedThreadPoolWithAffinityExecutor-4-0" daemon prio=5 tid=44 timed_waiting
java.lang.Thread.State: TIMED_WAITING
        at sun.misc.Unsafe.park(Native Method)
        at java.util.concurrent.locks.LockSupport.parkNanos(LockSupport.java:215)
        at java.util.concurrent.locks.AbstractQueuedSynchronizer$ConditionObject.awaitNanos(AbstractQueuedSynchronizer.java:2078)
        at java.util.concurrent.LinkedBlockingQueue.poll(LinkedBlockingQueue.java:467)
        at org.apache.hadoop.hdds.scm.server.ContainerReportQueue.poll(ContainerReportQueue.java:266)
        at org.apache.hadoop.hdds.scm.server.ContainerReportQueue.poll(ContainerReportQueue.java:42)
        at org.apache.hadoop.hdds.server.events.FixedThreadPoolWithAffinityExecutor$ContainerReportProcessTask.run(FixedThreadPoolWithAffinityExecutor.java:253)
        at java.util.concurrent.Executors$RunnableAdapter.call(Executors.java:511)
        at java.util.concurrent.FutureTask.run(FutureTask.java:266)
        at java.util.concurrent.ThreadPoolExecutor.runWorker(ThreadPoolExecutor.java:1149)
        at java.util.concurrent.ThreadPoolExecutor$Worker.run(ThreadPoolExecutor.java:624)
        at java.lang.Thread.run(Thread.java:750)
"5f7d9b36-4620-4ba9-8a78-929bd6ddd1f9-EndpointStateMachineTaskThread-/0.0.0.0:15002-0 "  prio=5 tid=601 in Object.wait()
java.lang.Thread.State: WAITING (on object monitor)
        at sun.misc.Unsafe.park(Native Method)
        at java.util.concurrent.locks.LockSupport.park(LockSupport.java:175)
        at java.util.concurrent.locks.AbstractQueuedSynchronizer$ConditionObject.await(AbstractQueuedSynchronizer.java:2039)
        at java.util.concurrent.LinkedBlockingQueue.take(LinkedBlockingQueue.java:442)
        at java.util.concurrent.ThreadPoolExecutor.getTask(ThreadPoolExecutor.java:1074)
        at java.util.concurrent.ThreadPoolExecutor.runWorker(ThreadPoolExecutor.java:1134)
        at java.util.concurrent.ThreadPoolExecutor$Worker.run(ThreadPoolExecutor.java:624)
        at java.lang.Thread.run(Thread.java:750)
"IPC Parameter Sending Thread for 0.0.0.0/0.0.0.0:15002" daemon prio=5 tid=480 timed_waiting
java.lang.Thread.State: TIMED_WAITING
        at sun.misc.Unsafe.park(Native Method)
        at java.util.concurrent.locks.LockSupport.parkNanos(LockSupport.java:215)
        at java.util.concurrent.SynchronousQueue$TransferQueue.awaitFulfill(SynchronousQueue.java:764)
        at java.util.concurrent.SynchronousQueue$TransferQueue.transfer(SynchronousQueue.java:695)
        at java.util.concurrent.SynchronousQueue.poll(SynchronousQueue.java:941)
        at org.apache.hadoop.ipc.Client$Connection$RpcRequestSender.run(Client.java:1105)
        at java.lang.Thread.run(Thread.java:750)
"fedf11b8-0957-422e-880a-91cc26979c7a@group-09A8159B88D0-FollowerState" daemon prio=5 tid=1294 timed_waiting
java.lang.Thread.State: TIMED_WAITING
        at java.lang.Thread.sleep(Native Method)
        at java.lang.Thread.sleep(Thread.java:342)
        at java.util.concurrent.TimeUnit.sleep(TimeUnit.java:386)
        at org.apache.ratis.util.TimeDuration.sleep(TimeDuration.java:325)
        at org.apache.ratis.util.TimeDuration.sleep(TimeDuration.java:310)
        at org.apache.ratis.server.impl.FollowerState.run(FollowerState.java:128)
"qtp491457031-116-acceptor-0@719becfd-ServerConnector@17796f47{HTTP/1.1, (http/1.1)}{0.0.0.0:15003}" daemon prio=3 tid=116 runnable
java.lang.Thread.State: RUNNABLE
        at sun.nio.ch.ServerSocketChannelImpl.accept0(Native Method)
        at sun.nio.ch.ServerSocketChannelImpl.accept(ServerSocketChannelImpl.java:421)
        at sun.nio.ch.ServerSocketChannelImpl.accept(ServerSocketChannelImpl.java:249)
        at org.eclipse.jetty.server.ServerConnector.accept(ServerConnector.java:388)
        at org.eclipse.jetty.server.AbstractConnector$Acceptor.run(AbstractConnector.java:704)
        at org.eclipse.jetty.util.thread.QueuedThreadPool.runJob(QueuedThreadPool.java:883)
        at org.eclipse.jetty.util.thread.QueuedThreadPool$Runner.run(QueuedThreadPool.java:1034)
        at java.lang.Thread.run(Thread.java:750)
"IPC Server idle connection scanner for port 15002" daemon prio=5 tid=27 timed_waiting
java.lang.Thread.State: TIMED_WAITING
        at java.lang.Object.wait(Native Method)
        at java.util.TimerThread.mainLoop(Timer.java:552)
        at java.util.TimerThread.run(Timer.java:505)
"fedf11b8-0957-422e-880a-91cc26979c7a-server-thread2" daemon prio=5 tid=1318 timed_waiting
java.lang.Thread.State: TIMED_WAITING
        at sun.misc.Unsafe.park(Native Method)
        at java.util.concurrent.locks.LockSupport.parkNanos(LockSupport.java:215)
        at java.util.concurrent.SynchronousQueue$TransferStack.awaitFulfill(SynchronousQueue.java:460)
        at java.util.concurrent.SynchronousQueue$TransferStack.transfer(SynchronousQueue.java:362)
        at java.util.concurrent.SynchronousQueue.poll(SynchronousQueue.java:941)
        at java.util.concurrent.ThreadPoolExecutor.getTask(ThreadPoolExecutor.java:1073)
        at java.util.concurrent.ThreadPoolExecutor.runWorker(ThreadPoolExecutor.java:1134)
        at java.util.concurrent.ThreadPoolExecutor$Worker.run(ThreadPoolExecutor.java:624)
        at java.lang.Thread.run(Thread.java:750)
"0e92623e-4dcf-4eff-ae25-f8b8c2de319b@group-D7F06CC11252-LeaderStateImpl" daemon prio=5 tid=949 timed_waiting
java.lang.Thread.State: TIMED_WAITING
        at sun.misc.Unsafe.park(Native Method)
        at java.util.concurrent.locks.LockSupport.parkNanos(LockSupport.java:215)
        at java.util.concurrent.locks.AbstractQueuedSynchronizer$ConditionObject.awaitNanos(AbstractQueuedSynchronizer.java:2078)
        at java.util.concurrent.ArrayBlockingQueue.poll(ArrayBlockingQueue.java:418)
        at org.apache.ratis.server.impl.LeaderStateImpl$EventQueue.poll(LeaderStateImpl.java:164)
        at org.apache.ratis.server.impl.LeaderStateImpl$EventProcessor.run(LeaderStateImpl.java:702)
"IPC Server handler 17 on default port 15002" daemon prio=5 tid=108 timed_waiting
java.lang.Thread.State: TIMED_WAITING
        at sun.misc.Unsafe.park(Native Method)
        at java.util.concurrent.locks.LockSupport.parkNanos(LockSupport.java:215)
        at java.util.concurrent.locks.AbstractQueuedSynchronizer$ConditionObject.awaitNanos(AbstractQueuedSynchronizer.java:2078)
        at java.util.concurrent.LinkedBlockingQueue.poll(LinkedBlockingQueue.java:467)
        at org.apache.hadoop.ipc.CallQueueManager.take(CallQueueManager.java:317)
        at org.apache.hadoop.ipc.Server$Handler.run(Server.java:3014)
"EventQueue-HealthyReadonlyNodeForHealthyReadOnlyNodeHandler" daemon prio=5 tid=1227 in Object.wait()
java.lang.Thread.State: WAITING (on object monitor)
        at sun.misc.Unsafe.park(Native Method)
        at java.util.concurrent.locks.LockSupport.park(LockSupport.java:175)
        at java.util.concurrent.locks.AbstractQueuedSynchronizer$ConditionObject.await(AbstractQueuedSynchronizer.java:2039)
        at java.util.concurrent.LinkedBlockingQueue.take(LinkedBlockingQueue.java:442)
        at java.util.concurrent.ThreadPoolExecutor.getTask(ThreadPoolExecutor.java:1074)
        at java.util.concurrent.ThreadPoolExecutor.runWorker(ThreadPoolExecutor.java:1134)
        at java.util.concurrent.ThreadPoolExecutor$Worker.run(ThreadPoolExecutor.java:624)
        at java.lang.Thread.run(Thread.java:750)
"qtp1623275279-456" daemon prio=5 tid=456 timed_waiting
java.lang.Thread.State: TIMED_WAITING
        at sun.misc.Unsafe.park(Native Method)
        at java.util.concurrent.locks.LockSupport.parkNanos(LockSupport.java:215)
        at java.util.concurrent.locks.AbstractQueuedSynchronizer$ConditionObject.awaitNanos(AbstractQueuedSynchronizer.java:2078)
        at org.eclipse.jetty.util.BlockingArrayQueue.poll(BlockingArrayQueue.java:382)
        at org.eclipse.jetty.util.thread.QueuedThreadPool$Runner.idleJobPoll(QueuedThreadPool.java:974)
        at org.eclipse.jetty.util.thread.QueuedThreadPool$Runner.run(QueuedThreadPool.java:1018)
        at java.lang.Thread.run(Thread.java:750)
"BackgroundPipelineScrubber" daemon prio=5 tid=18 timed_waiting
java.lang.Thread.State: TIMED_WAITING
        at java.lang.Object.wait(Native Method)
        at org.apache.hadoop.hdds.scm.ha.BackgroundSCMService.run(BackgroundSCMService.java:110)
        at org.apache.hadoop.hdds.scm.ha.BackgroundSCMService$$Lambda$437/1433690944.run(Unknown Source)
        at java.lang.Thread.run(Thread.java:750)
"om1-SnapshotDeletingService#0" daemon prio=5 tid=153 timed_waiting
java.lang.Thread.State: TIMED_WAITING
        at sun.misc.Unsafe.park(Native Method)
        at java.util.concurrent.locks.LockSupport.parkNanos(LockSupport.java:215)
        at java.util.concurrent.locks.AbstractQueuedSynchronizer$ConditionObject.awaitNanos(AbstractQueuedSynchronizer.java:2078)
        at java.util.concurrent.ScheduledThreadPoolExecutor$DelayedWorkQueue.take(ScheduledThreadPoolExecutor.java:1093)
        at java.util.concurrent.ScheduledThreadPoolExecutor$DelayedWorkQueue.take(ScheduledThreadPoolExecutor.java:809)
        at java.util.concurrent.ThreadPoolExecutor.getTask(ThreadPoolExecutor.java:1074)
        at java.util.concurrent.ThreadPoolExecutor.runWorker(ThreadPoolExecutor.java:1134)
        at java.util.concurrent.ThreadPoolExecutor$Worker.run(ThreadPoolExecutor.java:624)
        at java.lang.Thread.run(Thread.java:750)
"qtp830753455-374" daemon prio=5 tid=374 timed_waiting
java.lang.Thread.State: TIMED_WAITING
        at sun.misc.Unsafe.park(Native Method)
        at java.util.concurrent.locks.LockSupport.parkNanos(LockSupport.java:215)
        at java.util.concurrent.locks.AbstractQueuedSynchronizer$ConditionObject.awaitNanos(AbstractQueuedSynchronizer.java:2078)
        at org.eclipse.jetty.util.BlockingArrayQueue.poll(BlockingArrayQueue.java:382)
        at org.eclipse.jetty.util.thread.QueuedThreadPool$Runner.idleJobPoll(QueuedThreadPool.java:974)
        at org.eclipse.jetty.util.thread.QueuedThreadPool$Runner.run(QueuedThreadPool.java:1018)
        at java.lang.Thread.run(Thread.java:750)
"qtp394269711-426-acceptor-0@7fb15aae-ServerConnector@5d3d8794{HTTP/1.1, (http/1.1)}{0.0.0.0:15081}" daemon prio=3 tid=426 runnable
java.lang.Thread.State: RUNNABLE
        at sun.nio.ch.ServerSocketChannelImpl.accept0(Native Method)
        at sun.nio.ch.ServerSocketChannelImpl.accept(ServerSocketChannelImpl.java:421)
        at sun.nio.ch.ServerSocketChannelImpl.accept(ServerSocketChannelImpl.java:249)
        at org.eclipse.jetty.server.ServerConnector.accept(ServerConnector.java:388)
        at org.eclipse.jetty.server.AbstractConnector$Acceptor.run(AbstractConnector.java:704)
        at org.eclipse.jetty.util.thread.QueuedThreadPool.runJob(QueuedThreadPool.java:883)
        at org.eclipse.jetty.util.thread.QueuedThreadPool$Runner.run(QueuedThreadPool.java:1034)
        at java.lang.Thread.run(Thread.java:750)
"StaleRecoveringContainerScrubbingService#7" daemon prio=5 tid=1426 in Object.wait()
java.lang.Thread.State: WAITING (on object monitor)
        at sun.misc.Unsafe.park(Native Method)
        at java.util.concurrent.locks.LockSupport.park(LockSupport.java:175)
        at java.util.concurrent.locks.AbstractQueuedSynchronizer$ConditionObject.await(AbstractQueuedSynchronizer.java:2039)
        at java.util.concurrent.ScheduledThreadPoolExecutor$DelayedWorkQueue.take(ScheduledThreadPoolExecutor.java:1088)
        at java.util.concurrent.ScheduledThreadPoolExecutor$DelayedWorkQueue.take(ScheduledThreadPoolExecutor.java:809)
        at java.util.concurrent.ThreadPoolExecutor.getTask(ThreadPoolExecutor.java:1074)
        at java.util.concurrent.ThreadPoolExecutor.runWorker(ThreadPoolExecutor.java:1134)
        at java.util.concurrent.ThreadPoolExecutor$Worker.run(ThreadPoolExecutor.java:624)
        at java.lang.Thread.run(Thread.java:750)
"0eeb79a9-13fd-416c-b2a7-6f654c6b5029-BlockDeletingService#0" daemon prio=5 tid=505 timed_waiting
java.lang.Thread.State: TIMED_WAITING
        at sun.misc.Unsafe.park(Native Method)
        at java.util.concurrent.locks.LockSupport.parkNanos(LockSupport.java:215)
        at java.util.concurrent.locks.AbstractQueuedSynchronizer$ConditionObject.awaitNanos(AbstractQueuedSynchronizer.java:2078)
        at java.util.concurrent.ScheduledThreadPoolExecutor$DelayedWorkQueue.take(ScheduledThreadPoolExecutor.java:1093)
        at java.util.concurrent.ScheduledThreadPoolExecutor$DelayedWorkQueue.take(ScheduledThreadPoolExecutor.java:809)
        at java.util.concurrent.ThreadPoolExecutor.getTask(ThreadPoolExecutor.java:1074)
        at java.util.concurrent.ThreadPoolExecutor.runWorker(ThreadPoolExecutor.java:1134)
        at java.util.concurrent.ThreadPoolExecutor$Worker.run(ThreadPoolExecutor.java:624)
        at java.lang.Thread.run(Thread.java:750)
"grpc-default-executor-2" daemon prio=5 tid=675 timed_waiting
java.lang.Thread.State: TIMED_WAITING
        at sun.misc.Unsafe.park(Native Method)
        at java.util.concurrent.locks.LockSupport.parkNanos(LockSupport.java:215)
        at java.util.concurrent.SynchronousQueue$TransferStack.awaitFulfill(SynchronousQueue.java:460)
        at java.util.concurrent.SynchronousQueue$TransferStack.transfer(SynchronousQueue.java:362)
        at java.util.concurrent.SynchronousQueue.poll(SynchronousQueue.java:941)
        at java.util.concurrent.ThreadPoolExecutor.getTask(ThreadPoolExecutor.java:1073)
        at java.util.concurrent.ThreadPoolExecutor.runWorker(ThreadPoolExecutor.java:1134)
        at java.util.concurrent.ThreadPoolExecutor$Worker.run(ThreadPoolExecutor.java:624)
        at java.lang.Thread.run(Thread.java:750)
"92ba0aed-1dcc-4895-b5bb-fc45f440be2e-DatanodeReportManager-1" daemon prio=5 tid=384 in Object.wait()
java.lang.Thread.State: WAITING (on object monitor)
        at sun.misc.Unsafe.park(Native Method)
        at java.util.concurrent.locks.LockSupport.park(LockSupport.java:175)
        at java.util.concurrent.locks.AbstractQueuedSynchronizer$ConditionObject.await(AbstractQueuedSynchronizer.java:2039)
        at java.util.concurrent.ScheduledThreadPoolExecutor$DelayedWorkQueue.take(ScheduledThreadPoolExecutor.java:1088)
        at java.util.concurrent.ScheduledThreadPoolExecutor$DelayedWorkQueue.take(ScheduledThreadPoolExecutor.java:809)
        at java.util.concurrent.ThreadPoolExecutor.getTask(ThreadPoolExecutor.java:1074)
        at java.util.concurrent.ThreadPoolExecutor.runWorker(ThreadPoolExecutor.java:1134)
        at java.util.concurrent.ThreadPoolExecutor$Worker.run(ThreadPoolExecutor.java:624)
        at java.lang.Thread.run(Thread.java:750)
"StaleRecoveringContainerScrubbingService#3" daemon prio=5 tid=1120 in Object.wait()
java.lang.Thread.State: WAITING (on object monitor)
        at sun.misc.Unsafe.park(Native Method)
        at java.util.concurrent.locks.LockSupport.park(LockSupport.java:175)
        at java.util.concurrent.locks.AbstractQueuedSynchronizer$ConditionObject.await(AbstractQueuedSynchronizer.java:2039)
        at java.util.concurrent.ScheduledThreadPoolExecutor$DelayedWorkQueue.take(ScheduledThreadPoolExecutor.java:1088)
        at java.util.concurrent.ScheduledThreadPoolExecutor$DelayedWorkQueue.take(ScheduledThreadPoolExecutor.java:809)
        at java.util.concurrent.ThreadPoolExecutor.getTask(ThreadPoolExecutor.java:1074)
        at java.util.concurrent.ThreadPoolExecutor.runWorker(ThreadPoolExecutor.java:1134)
        at java.util.concurrent.ThreadPoolExecutor$Worker.run(ThreadPoolExecutor.java:624)
        at java.lang.Thread.run(Thread.java:750)
"d9016e39-0130-4fd9-896a-cac3c2785d02-groupManagement"  prio=5 tid=1175 in Object.wait()
java.lang.Thread.State: WAITING (on object monitor)
        at sun.misc.Unsafe.park(Native Method)
        at java.util.concurrent.locks.LockSupport.park(LockSupport.java:175)
        at java.util.concurrent.locks.AbstractQueuedSynchronizer$ConditionObject.await(AbstractQueuedSynchronizer.java:2039)
        at java.util.concurrent.LinkedBlockingQueue.take(LinkedBlockingQueue.java:442)
        at java.util.concurrent.ThreadPoolExecutor.getTask(ThreadPoolExecutor.java:1074)
        at java.util.concurrent.ThreadPoolExecutor.runWorker(ThreadPoolExecutor.java:1134)
        at java.util.concurrent.ThreadPoolExecutor$Worker.run(ThreadPoolExecutor.java:624)
        at java.lang.Thread.run(Thread.java:750)
"pool-176-thread-1" daemon prio=5 tid=543 timed_waiting
java.lang.Thread.State: TIMED_WAITING
        at sun.misc.Unsafe.park(Native Method)
        at java.util.concurrent.locks.LockSupport.parkNanos(LockSupport.java:215)
        at java.util.concurrent.locks.AbstractQueuedSynchronizer$ConditionObject.awaitNanos(AbstractQueuedSynchronizer.java:2078)
        at java.util.concurrent.ScheduledThreadPoolExecutor$DelayedWorkQueue.take(ScheduledThreadPoolExecutor.java:1093)
        at java.util.concurrent.ScheduledThreadPoolExecutor$DelayedWorkQueue.take(ScheduledThreadPoolExecutor.java:809)
        at java.util.concurrent.ThreadPoolExecutor.getTask(ThreadPoolExecutor.java:1074)
        at java.util.concurrent.ThreadPoolExecutor.runWorker(ThreadPoolExecutor.java:1134)
        at java.util.concurrent.ThreadPoolExecutor$Worker.run(ThreadPoolExecutor.java:624)
        at java.lang.Thread.run(Thread.java:750)
"qtp896731725-316" daemon prio=5 tid=316 timed_waiting
java.lang.Thread.State: TIMED_WAITING
        at sun.misc.Unsafe.park(Native Method)
        at java.util.concurrent.locks.LockSupport.parkNanos(LockSupport.java:215)
        at java.util.concurrent.locks.AbstractQueuedSynchronizer$ConditionObject.awaitNanos(AbstractQueuedSynchronizer.java:2078)
        at org.eclipse.jetty.util.BlockingArrayQueue.poll(BlockingArrayQueue.java:382)
        at org.eclipse.jetty.util.thread.QueuedThreadPool$Runner.idleJobPoll(QueuedThreadPool.java:974)
        at org.eclipse.jetty.util.thread.QueuedThreadPool$Runner.run(QueuedThreadPool.java:1018)
        at java.lang.Thread.run(Thread.java:750)
"IPC Server idle connection scanner for port 15004" daemon prio=5 tid=139 timed_waiting
java.lang.Thread.State: TIMED_WAITING
        at java.lang.Object.wait(Native Method)
        at java.util.TimerThread.mainLoop(Timer.java:552)
        at java.util.TimerThread.run(Timer.java:505)
"d9016e39-0130-4fd9-896a-cac3c2785d02-PipelineCommandHandlerThread-0"  prio=5 tid=1233 in Object.wait()
java.lang.Thread.State: WAITING (on object monitor)
        at sun.misc.Unsafe.park(Native Method)
        at java.util.concurrent.locks.LockSupport.park(LockSupport.java:175)
        at java.util.concurrent.locks.AbstractQueuedSynchronizer$ConditionObject.await(AbstractQueuedSynchronizer.java:2039)
        at java.util.concurrent.LinkedBlockingQueue.take(LinkedBlockingQueue.java:442)
        at java.util.concurrent.ThreadPoolExecutor.getTask(ThreadPoolExecutor.java:1074)
        at java.util.concurrent.ThreadPoolExecutor.runWorker(ThreadPoolExecutor.java:1134)
        at java.util.concurrent.ThreadPoolExecutor$Worker.run(ThreadPoolExecutor.java:624)
        at java.lang.Thread.run(Thread.java:750)
"StaleRecoveringContainerScrubbingService#2" daemon prio=5 tid=897 timed_waiting
java.lang.Thread.State: TIMED_WAITING
        at sun.misc.Unsafe.park(Native Method)
        at java.util.concurrent.locks.LockSupport.parkNanos(LockSupport.java:215)
        at java.util.concurrent.locks.AbstractQueuedSynchronizer$ConditionObject.awaitNanos(AbstractQueuedSynchronizer.java:2078)
        at java.util.concurrent.ScheduledThreadPoolExecutor$DelayedWorkQueue.take(ScheduledThreadPoolExecutor.java:1093)
        at java.util.concurrent.ScheduledThreadPoolExecutor$DelayedWorkQueue.take(ScheduledThreadPoolExecutor.java:809)
        at java.util.concurrent.ThreadPoolExecutor.getTask(ThreadPoolExecutor.java:1074)
        at java.util.concurrent.ThreadPoolExecutor.runWorker(ThreadPoolExecutor.java:1134)
        at java.util.concurrent.ThreadPoolExecutor$Worker.run(ThreadPoolExecutor.java:624)
        at java.lang.Thread.run(Thread.java:750)
"4cee0e49-9f18-41f8-8e67-157ccbc15955@group-C9EEF1442432-SegmentedRaftLogWorker"  prio=5 tid=673 timed_waiting
java.lang.Thread.State: TIMED_WAITING
        at sun.misc.Unsafe.park(Native Method)
        at java.util.concurrent.locks.LockSupport.parkNanos(LockSupport.java:215)
        at java.util.concurrent.locks.AbstractQueuedSynchronizer$ConditionObject.awaitNanos(AbstractQueuedSynchronizer.java:2078)
        at org.apache.ratis.util.DataBlockingQueue.poll(DataBlockingQueue.java:148)
        at org.apache.ratis.server.raftlog.segmented.SegmentedRaftLogWorker.run(SegmentedRaftLogWorker.java:307)
        at org.apache.ratis.server.raftlog.segmented.SegmentedRaftLogWorker$$Lambda$819/704615668.run(Unknown Source)
        at java.util.concurrent.Executors$RunnableAdapter.call(Executors.java:511)
        at java.util.concurrent.FutureTask.run(FutureTask.java:266)
        at java.util.concurrent.ThreadPoolExecutor.runWorker(ThreadPoolExecutor.java:1149)
        at java.util.concurrent.ThreadPoolExecutor$Worker.run(ThreadPoolExecutor.java:624)
        at java.lang.Thread.run(Thread.java:750)
"92ba0aed-1dcc-4895-b5bb-fc45f440be2e-DatanodeReportManager-2" daemon prio=5 tid=385 timed_waiting
java.lang.Thread.State: TIMED_WAITING
        at sun.misc.Unsafe.park(Native Method)
        at java.util.concurrent.locks.LockSupport.parkNanos(LockSupport.java:215)
        at java.util.concurrent.locks.AbstractQueuedSynchronizer$ConditionObject.awaitNanos(AbstractQueuedSynchronizer.java:2078)
        at java.util.concurrent.ScheduledThreadPoolExecutor$DelayedWorkQueue.take(ScheduledThreadPoolExecutor.java:1093)
        at java.util.concurrent.ScheduledThreadPoolExecutor$DelayedWorkQueue.take(ScheduledThreadPoolExecutor.java:809)
        at java.util.concurrent.ThreadPoolExecutor.getTask(ThreadPoolExecutor.java:1074)
        at java.util.concurrent.ThreadPoolExecutor.runWorker(ThreadPoolExecutor.java:1134)
        at java.util.concurrent.ThreadPoolExecutor$Worker.run(ThreadPoolExecutor.java:624)
        at java.lang.Thread.run(Thread.java:750)
"StaleRecoveringContainerScrubbingService#0" daemon prio=5 tid=627 in Object.wait()
java.lang.Thread.State: WAITING (on object monitor)
        at sun.misc.Unsafe.park(Native Method)
        at java.util.concurrent.locks.LockSupport.park(LockSupport.java:175)
        at java.util.concurrent.locks.AbstractQueuedSynchronizer$ConditionObject.await(AbstractQueuedSynchronizer.java:2039)
        at java.util.concurrent.ScheduledThreadPoolExecutor$DelayedWorkQueue.take(ScheduledThreadPoolExecutor.java:1088)
        at java.util.concurrent.ScheduledThreadPoolExecutor$DelayedWorkQueue.take(ScheduledThreadPoolExecutor.java:809)
        at java.util.concurrent.ThreadPoolExecutor.getTask(ThreadPoolExecutor.java:1074)
        at java.util.concurrent.ThreadPoolExecutor.runWorker(ThreadPoolExecutor.java:1134)
        at java.util.concurrent.ThreadPoolExecutor$Worker.run(ThreadPoolExecutor.java:624)
        at java.lang.Thread.run(Thread.java:750)
"om1@group-C5BA1605619E-SegmentedRaftLogWorker"  prio=5 tid=143 timed_waiting
java.lang.Thread.State: TIMED_WAITING
        at sun.misc.Unsafe.park(Native Method)
        at java.util.concurrent.locks.LockSupport.parkNanos(LockSupport.java:215)
        at java.util.concurrent.locks.AbstractQueuedSynchronizer$ConditionObject.awaitNanos(AbstractQueuedSynchronizer.java:2078)
        at org.apache.ratis.util.DataBlockingQueue.poll(DataBlockingQueue.java:148)
        at org.apache.ratis.server.raftlog.segmented.SegmentedRaftLogWorker.run(SegmentedRaftLogWorker.java:307)
        at org.apache.ratis.server.raftlog.segmented.SegmentedRaftLogWorker$$Lambda$819/704615668.run(Unknown Source)
        at java.util.concurrent.Executors$RunnableAdapter.call(Executors.java:511)
        at java.util.concurrent.FutureTask.run(FutureTask.java:266)
        at java.util.concurrent.ThreadPoolExecutor.runWorker(ThreadPoolExecutor.java:1149)
        at java.util.concurrent.ThreadPoolExecutor$Worker.run(ThreadPoolExecutor.java:624)
        at java.lang.Thread.run(Thread.java:750)
"StaleRecoveringContainerScrubbingService#0" daemon prio=5 tid=581 in Object.wait()
java.lang.Thread.State: WAITING (on object monitor)
        at sun.misc.Unsafe.park(Native Method)
        at java.util.concurrent.locks.LockSupport.park(LockSupport.java:175)
        at java.util.concurrent.locks.AbstractQueuedSynchronizer$ConditionObject.await(AbstractQueuedSynchronizer.java:2039)
        at java.util.concurrent.ScheduledThreadPoolExecutor$DelayedWorkQueue.take(ScheduledThreadPoolExecutor.java:1088)
        at java.util.concurrent.ScheduledThreadPoolExecutor$DelayedWorkQueue.take(ScheduledThreadPoolExecutor.java:809)
        at java.util.concurrent.ThreadPoolExecutor.getTask(ThreadPoolExecutor.java:1074)
        at java.util.concurrent.ThreadPoolExecutor.runWorker(ThreadPoolExecutor.java:1134)
        at java.util.concurrent.ThreadPoolExecutor$Worker.run(ThreadPoolExecutor.java:624)
        at java.lang.Thread.run(Thread.java:750)
"0e92623e-4dcf-4eff-ae25-f8b8c2de319b-DatanodeStateMachineTaskThread-0"  prio=5 tid=476 in Object.wait()
java.lang.Thread.State: WAITING (on object monitor)
        at sun.misc.Unsafe.park(Native Method)
        at java.util.concurrent.locks.LockSupport.park(LockSupport.java:175)
        at java.util.concurrent.locks.AbstractQueuedSynchronizer$ConditionObject.await(AbstractQueuedSynchronizer.java:2039)
        at java.util.concurrent.LinkedBlockingQueue.take(LinkedBlockingQueue.java:442)
        at java.util.concurrent.ThreadPoolExecutor.getTask(ThreadPoolExecutor.java:1074)
        at java.util.concurrent.ThreadPoolExecutor.runWorker(ThreadPoolExecutor.java:1134)
        at java.util.concurrent.ThreadPoolExecutor$Worker.run(ThreadPoolExecutor.java:624)
        at java.lang.Thread.run(Thread.java:750)
"IPC Server handler 16 on default port 15002" daemon prio=5 tid=107 timed_waiting
java.lang.Thread.State: TIMED_WAITING
        at sun.misc.Unsafe.park(Native Method)
        at java.util.concurrent.locks.LockSupport.parkNanos(LockSupport.java:215)
        at java.util.concurrent.locks.AbstractQueuedSynchronizer$ConditionObject.awaitNanos(AbstractQueuedSynchronizer.java:2078)
        at java.util.concurrent.LinkedBlockingQueue.poll(LinkedBlockingQueue.java:467)
        at org.apache.hadoop.ipc.CallQueueManager.take(CallQueueManager.java:317)
        at org.apache.hadoop.ipc.Server$Handler.run(Server.java:3014)
"fedf11b8-0957-422e-880a-91cc26979c7a@group-52AF94BE594D-FollowerState" daemon prio=5 tid=1310 timed_waiting
java.lang.Thread.State: TIMED_WAITING
        at java.lang.Thread.sleep(Native Method)
        at java.lang.Thread.sleep(Thread.java:342)
        at java.util.concurrent.TimeUnit.sleep(TimeUnit.java:386)
        at org.apache.ratis.util.TimeDuration.sleep(TimeDuration.java:325)
        at org.apache.ratis.util.TimeDuration.sleep(TimeDuration.java:310)
        at org.apache.ratis.server.impl.FollowerState.run(FollowerState.java:128)
"5f7d9b36-4620-4ba9-8a78-929bd6ddd1f9-ChunkReader-3" daemon prio=5 tid=1169 in Object.wait()
java.lang.Thread.State: WAITING (on object monitor)
        at sun.misc.Unsafe.park(Native Method)
        at java.util.concurrent.locks.LockSupport.park(LockSupport.java:175)
        at java.util.concurrent.locks.AbstractQueuedSynchronizer$ConditionObject.await(AbstractQueuedSynchronizer.java:2039)
        at java.util.concurrent.LinkedBlockingQueue.take(LinkedBlockingQueue.java:442)
        at java.util.concurrent.ThreadPoolExecutor.getTask(ThreadPoolExecutor.java:1074)
        at java.util.concurrent.ThreadPoolExecutor.runWorker(ThreadPoolExecutor.java:1134)
        at java.util.concurrent.ThreadPoolExecutor$Worker.run(ThreadPoolExecutor.java:624)
        at java.lang.Thread.run(Thread.java:750)
"5f7d9b36-4620-4ba9-8a78-929bd6ddd1f9@group-B6DCA21AE844-SegmentedRaftLogWorker"  prio=5 tid=732 timed_waiting
java.lang.Thread.State: TIMED_WAITING
        at sun.misc.Unsafe.park(Native Method)
        at java.util.concurrent.locks.LockSupport.parkNanos(LockSupport.java:215)
        at java.util.concurrent.locks.AbstractQueuedSynchronizer$ConditionObject.awaitNanos(AbstractQueuedSynchronizer.java:2078)
        at org.apache.ratis.util.DataBlockingQueue.poll(DataBlockingQueue.java:148)
        at org.apache.ratis.server.raftlog.segmented.SegmentedRaftLogWorker.run(SegmentedRaftLogWorker.java:307)
        at org.apache.ratis.server.raftlog.segmented.SegmentedRaftLogWorker$$Lambda$819/704615668.run(Unknown Source)
        at java.util.concurrent.Executors$RunnableAdapter.call(Executors.java:511)
        at java.util.concurrent.FutureTask.run(FutureTask.java:266)
        at java.util.concurrent.ThreadPoolExecutor.runWorker(ThreadPoolExecutor.java:1149)
        at java.util.concurrent.ThreadPoolExecutor$Worker.run(ThreadPoolExecutor.java:624)
        at java.lang.Thread.run(Thread.java:750)
"0eeb79a9-13fd-416c-b2a7-6f654c6b5029-DatanodeReportManager-0" daemon prio=5 tid=238 in Object.wait()
java.lang.Thread.State: WAITING (on object monitor)
        at sun.misc.Unsafe.park(Native Method)
        at java.util.concurrent.locks.LockSupport.park(LockSupport.java:175)
        at java.util.concurrent.locks.AbstractQueuedSynchronizer$ConditionObject.await(AbstractQueuedSynchronizer.java:2039)
        at java.util.concurrent.ScheduledThreadPoolExecutor$DelayedWorkQueue.take(ScheduledThreadPoolExecutor.java:1088)
        at java.util.concurrent.ScheduledThreadPoolExecutor$DelayedWorkQueue.take(ScheduledThreadPoolExecutor.java:809)
        at java.util.concurrent.ThreadPoolExecutor.getTask(ThreadPoolExecutor.java:1074)
        at java.util.concurrent.ThreadPoolExecutor.runWorker(ThreadPoolExecutor.java:1134)
        at java.util.concurrent.ThreadPoolExecutor$Worker.run(ThreadPoolExecutor.java:624)
        at java.lang.Thread.run(Thread.java:750)
"qtp896731725-309" daemon prio=5 tid=309 runnable
java.lang.Thread.State: RUNNABLE
        at sun.nio.ch.EPollArrayWrapper.epollWait(Native Method)
        at sun.nio.ch.EPollArrayWrapper.poll(EPollArrayWrapper.java:269)
        at sun.nio.ch.EPollSelectorImpl.doSelect(EPollSelectorImpl.java:93)
        at sun.nio.ch.SelectorImpl.lockAndDoSelect(SelectorImpl.java:86)
        at sun.nio.ch.SelectorImpl.select(SelectorImpl.java:97)
        at sun.nio.ch.SelectorImpl.select(SelectorImpl.java:101)
        at org.eclipse.jetty.io.ManagedSelector.nioSelect(ManagedSelector.java:183)
        at org.eclipse.jetty.io.ManagedSelector.select(ManagedSelector.java:190)
        at org.eclipse.jetty.io.ManagedSelector$SelectorProducer.select(ManagedSelector.java:606)
        at org.eclipse.jetty.io.ManagedSelector$SelectorProducer.produce(ManagedSelector.java:543)
        at org.eclipse.jetty.util.thread.strategy.EatWhatYouKill.produceTask(EatWhatYouKill.java:362)
        at org.eclipse.jetty.util.thread.strategy.EatWhatYouKill.doProduce(EatWhatYouKill.java:186)
        at org.eclipse.jetty.util.thread.strategy.EatWhatYouKill.tryProduce(EatWhatYouKill.java:173)
        at org.eclipse.jetty.util.thread.strategy.EatWhatYouKill.produce(EatWhatYouKill.java:137)
        at org.eclipse.jetty.io.ManagedSelector$$Lambda$519/57301464.run(Unknown Source)
        at org.eclipse.jetty.util.thread.QueuedThreadPool.runJob(QueuedThreadPool.java:883)
        at org.eclipse.jetty.util.thread.QueuedThreadPool$Runner.run(QueuedThreadPool.java:1034)
        at java.lang.Thread.run(Thread.java:750)
"Session-HouseKeeper-42365c82-1"  prio=5 tid=123 timed_waiting
java.lang.Thread.State: TIMED_WAITING
        at sun.misc.Unsafe.park(Native Method)
        at java.util.concurrent.locks.LockSupport.parkNanos(LockSupport.java:215)
        at java.util.concurrent.locks.AbstractQueuedSynchronizer$ConditionObject.awaitNanos(AbstractQueuedSynchronizer.java:2078)
        at java.util.concurrent.ScheduledThreadPoolExecutor$DelayedWorkQueue.take(ScheduledThreadPoolExecutor.java:1093)
        at java.util.concurrent.ScheduledThreadPoolExecutor$DelayedWorkQueue.take(ScheduledThreadPoolExecutor.java:809)
        at java.util.concurrent.ThreadPoolExecutor.getTask(ThreadPoolExecutor.java:1074)
        at java.util.concurrent.ThreadPoolExecutor.runWorker(ThreadPoolExecutor.java:1134)
        at java.util.concurrent.ThreadPoolExecutor$Worker.run(ThreadPoolExecutor.java:624)
        at java.lang.Thread.run(Thread.java:750)
"Session-HouseKeeper-590ac60e-1"  prio=5 tid=433 timed_waiting
java.lang.Thread.State: TIMED_WAITING
        at sun.misc.Unsafe.park(Native Method)
        at java.util.concurrent.locks.LockSupport.parkNanos(LockSupport.java:215)
        at java.util.concurrent.locks.AbstractQueuedSynchronizer$ConditionObject.awaitNanos(AbstractQueuedSynchronizer.java:2078)
        at java.util.concurrent.ScheduledThreadPoolExecutor$DelayedWorkQueue.take(ScheduledThreadPoolExecutor.java:1093)
        at java.util.concurrent.ScheduledThreadPoolExecutor$DelayedWorkQueue.take(ScheduledThreadPoolExecutor.java:809)
        at java.util.concurrent.ThreadPoolExecutor.getTask(ThreadPoolExecutor.java:1074)
        at java.util.concurrent.ThreadPoolExecutor.runWorker(ThreadPoolExecutor.java:1134)
        at java.util.concurrent.ThreadPoolExecutor$Worker.run(ThreadPoolExecutor.java:624)
        at java.lang.Thread.run(Thread.java:750)
"pool-407-thread-1" daemon prio=5 tid=1205 timed_waiting
java.lang.Thread.State: TIMED_WAITING
        at sun.misc.Unsafe.park(Native Method)
        at java.util.concurrent.locks.LockSupport.parkNanos(LockSupport.java:215)
        at java.util.concurrent.locks.AbstractQueuedSynchronizer$ConditionObject.awaitNanos(AbstractQueuedSynchronizer.java:2078)
        at java.util.concurrent.ScheduledThreadPoolExecutor$DelayedWorkQueue.take(ScheduledThreadPoolExecutor.java:1093)
        at java.util.concurrent.ScheduledThreadPoolExecutor$DelayedWorkQueue.take(ScheduledThreadPoolExecutor.java:809)
        at java.util.concurrent.ThreadPoolExecutor.getTask(ThreadPoolExecutor.java:1074)
        at java.util.concurrent.ThreadPoolExecutor.runWorker(ThreadPoolExecutor.java:1134)
        at java.util.concurrent.ThreadPoolExecutor$Worker.run(ThreadPoolExecutor.java:624)
        at java.lang.Thread.run(Thread.java:750)
"IPC Server idle connection scanner for port 15037" daemon prio=5 tid=291 timed_waiting
java.lang.Thread.State: TIMED_WAITING
        at java.lang.Object.wait(Native Method)
        at java.util.TimerThread.mainLoop(Timer.java:552)
        at java.util.TimerThread.run(Timer.java:505)
"d9016e39-0130-4fd9-896a-cac3c2785d02@group-52AF94BE594D-SegmentedRaftLogWorker"  prio=5 tid=1269 timed_waiting
java.lang.Thread.State: TIMED_WAITING
        at sun.misc.Unsafe.park(Native Method)
        at java.util.concurrent.locks.LockSupport.parkNanos(LockSupport.java:215)
        at java.util.concurrent.locks.AbstractQueuedSynchronizer$ConditionObject.awaitNanos(AbstractQueuedSynchronizer.java:2078)
        at org.apache.ratis.util.DataBlockingQueue.poll(DataBlockingQueue.java:148)
        at org.apache.ratis.server.raftlog.segmented.SegmentedRaftLogWorker.run(SegmentedRaftLogWorker.java:307)
        at org.apache.ratis.server.raftlog.segmented.SegmentedRaftLogWorker$$Lambda$819/704615668.run(Unknown Source)
        at java.util.concurrent.Executors$RunnableAdapter.call(Executors.java:511)
        at java.util.concurrent.FutureTask.run(FutureTask.java:266)
        at java.util.concurrent.ThreadPoolExecutor.runWorker(ThreadPoolExecutor.java:1149)
        at java.util.concurrent.ThreadPoolExecutor$Worker.run(ThreadPoolExecutor.java:624)
        at java.lang.Thread.run(Thread.java:750)
"fedf11b8-0957-422e-880a-91cc26979c7a-ChunkReader-0" daemon prio=5 tid=1455 in Object.wait()
java.lang.Thread.State: WAITING (on object monitor)
        at sun.misc.Unsafe.park(Native Method)
        at java.util.concurrent.locks.LockSupport.park(LockSupport.java:175)
        at java.util.concurrent.locks.AbstractQueuedSynchronizer$ConditionObject.await(AbstractQueuedSynchronizer.java:2039)
        at java.util.concurrent.LinkedBlockingQueue.take(LinkedBlockingQueue.java:442)
        at java.util.concurrent.ThreadPoolExecutor.getTask(ThreadPoolExecutor.java:1074)
        at java.util.concurrent.ThreadPoolExecutor.runWorker(ThreadPoolExecutor.java:1134)
        at java.util.concurrent.ThreadPoolExecutor$Worker.run(ThreadPoolExecutor.java:624)
        at java.lang.Thread.run(Thread.java:750)
"0e92623e-4dcf-4eff-ae25-f8b8c2de319b-BlockDeletingService#1" daemon prio=5 tid=628 in Object.wait()
java.lang.Thread.State: WAITING (on object monitor)
        at sun.misc.Unsafe.park(Native Method)
        at java.util.concurrent.locks.LockSupport.park(LockSupport.java:175)
        at java.util.concurrent.locks.AbstractQueuedSynchronizer$ConditionObject.await(AbstractQueuedSynchronizer.java:2039)
        at java.util.concurrent.ScheduledThreadPoolExecutor$DelayedWorkQueue.take(ScheduledThreadPoolExecutor.java:1088)
        at java.util.concurrent.ScheduledThreadPoolExecutor$DelayedWorkQueue.take(ScheduledThreadPoolExecutor.java:809)
        at java.util.concurrent.ThreadPoolExecutor.getTask(ThreadPoolExecutor.java:1074)
        at java.util.concurrent.ThreadPoolExecutor.runWorker(ThreadPoolExecutor.java:1134)
        at java.util.concurrent.ThreadPoolExecutor$Worker.run(ThreadPoolExecutor.java:624)
        at java.lang.Thread.run(Thread.java:750)
"om1@group-C5BA1605619E-LeaderStateImpl" daemon prio=5 tid=225 timed_waiting
java.lang.Thread.State: TIMED_WAITING
        at sun.misc.Unsafe.park(Native Method)
        at java.util.concurrent.locks.LockSupport.parkNanos(LockSupport.java:215)
        at java.util.concurrent.locks.AbstractQueuedSynchronizer$ConditionObject.awaitNanos(AbstractQueuedSynchronizer.java:2078)
        at java.util.concurrent.ArrayBlockingQueue.poll(ArrayBlockingQueue.java:418)
        at org.apache.ratis.server.impl.LeaderStateImpl$EventQueue.poll(LeaderStateImpl.java:164)
        at org.apache.ratis.server.impl.LeaderStateImpl$EventProcessor.run(LeaderStateImpl.java:702)
"StaleRecoveringContainerScrubbingService#9" daemon prio=5 tid=1463 in Object.wait()
java.lang.Thread.State: WAITING (on object monitor)
        at sun.misc.Unsafe.park(Native Method)
        at java.util.concurrent.locks.LockSupport.park(LockSupport.java:175)
        at java.util.concurrent.locks.AbstractQueuedSynchronizer$ConditionObject.await(AbstractQueuedSynchronizer.java:2039)
        at java.util.concurrent.ScheduledThreadPoolExecutor$DelayedWorkQueue.take(ScheduledThreadPoolExecutor.java:1088)
        at java.util.concurrent.ScheduledThreadPoolExecutor$DelayedWorkQueue.take(ScheduledThreadPoolExecutor.java:809)
        at java.util.concurrent.ThreadPoolExecutor.getTask(ThreadPoolExecutor.java:1074)
        at java.util.concurrent.ThreadPoolExecutor.runWorker(ThreadPoolExecutor.java:1134)
        at java.util.concurrent.ThreadPoolExecutor$Worker.run(ThreadPoolExecutor.java:624)
        at java.lang.Thread.run(Thread.java:750)
"IPC Server listener on 15010" daemon prio=5 tid=200 runnable
java.lang.Thread.State: RUNNABLE
        at sun.nio.ch.EPollArrayWrapper.epollWait(Native Method)
        at sun.nio.ch.EPollArrayWrapper.poll(EPollArrayWrapper.java:269)
        at sun.nio.ch.EPollSelectorImpl.doSelect(EPollSelectorImpl.java:93)
        at sun.nio.ch.SelectorImpl.lockAndDoSelect(SelectorImpl.java:86)
        at sun.nio.ch.SelectorImpl.select(SelectorImpl.java:97)
        at sun.nio.ch.SelectorImpl.select(SelectorImpl.java:101)
        at org.apache.hadoop.ipc.Server$Listener.run(Server.java:1408)
"0e92623e-4dcf-4eff-ae25-f8b8c2de319b-CloseContainerThread-0"  prio=5 tid=1106 in Object.wait()
java.lang.Thread.State: WAITING (on object monitor)
        at sun.misc.Unsafe.park(Native Method)
        at java.util.concurrent.locks.LockSupport.park(LockSupport.java:175)
        at java.util.concurrent.locks.AbstractQueuedSynchronizer$ConditionObject.await(AbstractQueuedSynchronizer.java:2039)
        at java.util.concurrent.LinkedBlockingQueue.take(LinkedBlockingQueue.java:442)
        at java.util.concurrent.ThreadPoolExecutor.getTask(ThreadPoolExecutor.java:1074)
        at java.util.concurrent.ThreadPoolExecutor.runWorker(ThreadPoolExecutor.java:1134)
        at java.util.concurrent.ThreadPoolExecutor$Worker.run(ThreadPoolExecutor.java:624)
        at java.lang.Thread.run(Thread.java:750)
"StaleRecoveringContainerScrubbingService#8" daemon prio=5 tid=1435 in Object.wait()
java.lang.Thread.State: WAITING (on object monitor)
        at sun.misc.Unsafe.park(Native Method)
        at java.util.concurrent.locks.LockSupport.park(LockSupport.java:175)
        at java.util.concurrent.locks.AbstractQueuedSynchronizer$ConditionObject.await(AbstractQueuedSynchronizer.java:2039)
        at java.util.concurrent.ScheduledThreadPoolExecutor$DelayedWorkQueue.take(ScheduledThreadPoolExecutor.java:1088)
        at java.util.concurrent.ScheduledThreadPoolExecutor$DelayedWorkQueue.take(ScheduledThreadPoolExecutor.java:809)
        at java.util.concurrent.ThreadPoolExecutor.getTask(ThreadPoolExecutor.java:1074)
        at java.util.concurrent.ThreadPoolExecutor.runWorker(ThreadPoolExecutor.java:1134)
        at java.util.concurrent.ThreadPoolExecutor$Worker.run(ThreadPoolExecutor.java:624)
        at java.lang.Thread.run(Thread.java:750)
"grpc-default-executor-4" daemon prio=5 tid=803 timed_waiting
java.lang.Thread.State: TIMED_WAITING
        at sun.misc.Unsafe.park(Native Method)
        at java.util.concurrent.locks.LockSupport.parkNanos(LockSupport.java:215)
        at java.util.concurrent.SynchronousQueue$TransferStack.awaitFulfill(SynchronousQueue.java:460)
        at java.util.concurrent.SynchronousQueue$TransferStack.transfer(SynchronousQueue.java:362)
        at java.util.concurrent.SynchronousQueue.poll(SynchronousQueue.java:941)
        at java.util.concurrent.ThreadPoolExecutor.getTask(ThreadPoolExecutor.java:1073)
        at java.util.concurrent.ThreadPoolExecutor.runWorker(ThreadPoolExecutor.java:1134)
        at java.util.concurrent.ThreadPoolExecutor$Worker.run(ThreadPoolExecutor.java:624)
        at java.lang.Thread.run(Thread.java:750)
"4cee0e49-9f18-41f8-8e67-157ccbc15955-ChunkReader-6" daemon prio=5 tid=1447 in Object.wait()
java.lang.Thread.State: WAITING (on object monitor)
        at sun.misc.Unsafe.park(Native Method)
        at java.util.concurrent.locks.LockSupport.park(LockSupport.java:175)
        at java.util.concurrent.locks.AbstractQueuedSynchronizer$ConditionObject.await(AbstractQueuedSynchronizer.java:2039)
        at java.util.concurrent.LinkedBlockingQueue.take(LinkedBlockingQueue.java:442)
        at java.util.concurrent.ThreadPoolExecutor.getTask(ThreadPoolExecutor.java:1074)
        at java.util.concurrent.ThreadPoolExecutor.runWorker(ThreadPoolExecutor.java:1134)
        at java.util.concurrent.ThreadPoolExecutor$Worker.run(ThreadPoolExecutor.java:624)
        at java.lang.Thread.run(Thread.java:750)
"qtp491457031-122" daemon prio=5 tid=122 timed_waiting
java.lang.Thread.State: TIMED_WAITING
        at sun.misc.Unsafe.park(Native Method)
        at java.util.concurrent.locks.LockSupport.parkNanos(LockSupport.java:215)
        at java.util.concurrent.locks.AbstractQueuedSynchronizer$ConditionObject.awaitNanos(AbstractQueuedSynchronizer.java:2078)
        at org.eclipse.jetty.util.BlockingArrayQueue.poll(BlockingArrayQueue.java:382)
        at org.eclipse.jetty.util.thread.QueuedThreadPool$Runner.idleJobPoll(QueuedThreadPool.java:974)
        at org.eclipse.jetty.util.thread.QueuedThreadPool$Runner.run(QueuedThreadPool.java:1018)
        at java.lang.Thread.run(Thread.java:750)
"0e92623e-4dcf-4eff-ae25-f8b8c2de319b-ChunkReader-4" daemon prio=5 tid=1059 in Object.wait()
java.lang.Thread.State: WAITING (on object monitor)
        at sun.misc.Unsafe.park(Native Method)
        at java.util.concurrent.locks.LockSupport.park(LockSupport.java:175)
        at java.util.concurrent.locks.AbstractQueuedSynchronizer$ConditionObject.await(AbstractQueuedSynchronizer.java:2039)
        at java.util.concurrent.LinkedBlockingQueue.take(LinkedBlockingQueue.java:442)
        at java.util.concurrent.ThreadPoolExecutor.getTask(ThreadPoolExecutor.java:1074)
        at java.util.concurrent.ThreadPoolExecutor.runWorker(ThreadPoolExecutor.java:1134)
        at java.util.concurrent.ThreadPoolExecutor$Worker.run(ThreadPoolExecutor.java:624)
        at java.lang.Thread.run(Thread.java:750)
"5f7d9b36-4620-4ba9-8a78-929bd6ddd1f9-BlockDeletingService#2" daemon prio=5 tid=1429 in Object.wait()
java.lang.Thread.State: WAITING (on object monitor)
        at sun.misc.Unsafe.park(Native Method)
        at java.util.concurrent.locks.LockSupport.park(LockSupport.java:175)
        at java.util.concurrent.locks.AbstractQueuedSynchronizer$ConditionObject.await(AbstractQueuedSynchronizer.java:2039)
        at java.util.concurrent.ScheduledThreadPoolExecutor$DelayedWorkQueue.take(ScheduledThreadPoolExecutor.java:1088)
        at java.util.concurrent.ScheduledThreadPoolExecutor$DelayedWorkQueue.take(ScheduledThreadPoolExecutor.java:809)
        at java.util.concurrent.ThreadPoolExecutor.getTask(ThreadPoolExecutor.java:1074)
        at java.util.concurrent.ThreadPoolExecutor.runWorker(ThreadPoolExecutor.java:1134)
        at java.util.concurrent.ThreadPoolExecutor$Worker.run(ThreadPoolExecutor.java:624)
        at java.lang.Thread.run(Thread.java:750)
"IPC Server handler 10 on default port 15004" daemon prio=5 tid=175 timed_waiting
java.lang.Thread.State: TIMED_WAITING
        at sun.misc.Unsafe.park(Native Method)
        at java.util.concurrent.locks.LockSupport.parkNanos(LockSupport.java:215)
        at java.util.concurrent.locks.AbstractQueuedSynchronizer$ConditionObject.awaitNanos(AbstractQueuedSynchronizer.java:2078)
        at java.util.concurrent.LinkedBlockingQueue.poll(LinkedBlockingQueue.java:467)
        at org.apache.hadoop.ipc.CallQueueManager.take(CallQueueManager.java:317)
        at org.apache.hadoop.ipc.Server$Handler.run(Server.java:3014)
"pool-306-thread-1" daemon prio=5 tid=619 timed_waiting
java.lang.Thread.State: TIMED_WAITING
        at sun.misc.Unsafe.park(Native Method)
        at java.util.concurrent.locks.LockSupport.parkNanos(LockSupport.java:215)
        at java.util.concurrent.locks.AbstractQueuedSynchronizer$ConditionObject.awaitNanos(AbstractQueuedSynchronizer.java:2078)
        at java.util.concurrent.ScheduledThreadPoolExecutor$DelayedWorkQueue.take(ScheduledThreadPoolExecutor.java:1093)
        at java.util.concurrent.ScheduledThreadPoolExecutor$DelayedWorkQueue.take(ScheduledThreadPoolExecutor.java:809)
        at java.util.concurrent.ThreadPoolExecutor.getTask(ThreadPoolExecutor.java:1074)
        at java.util.concurrent.ThreadPoolExecutor.runWorker(ThreadPoolExecutor.java:1134)
        at java.util.concurrent.ThreadPoolExecutor$Worker.run(ThreadPoolExecutor.java:624)
        at java.lang.Thread.run(Thread.java:750)
"JvmPauseMonitor2" daemon prio=5 tid=488 timed_waiting
java.lang.Thread.State: TIMED_WAITING
        at java.lang.Thread.sleep(Native Method)
        at java.lang.Thread.sleep(Thread.java:342)
        at java.util.concurrent.TimeUnit.sleep(TimeUnit.java:386)
        at org.apache.ratis.util.TimeDuration.sleep(TimeDuration.java:325)
        at org.apache.ratis.util.TimeDuration.sleep(TimeDuration.java:310)
        at org.apache.ratis.util.JvmPauseMonitor.detectPause(JvmPauseMonitor.java:117)
        at org.apache.ratis.util.JvmPauseMonitor.run(JvmPauseMonitor.java:106)
        at org.apache.ratis.util.JvmPauseMonitor$$Lambda$485/1144886446.run(Unknown Source)
        at java.lang.Thread.run(Thread.java:750)
"StaleRecoveringContainerScrubbingService#3" daemon prio=5 tid=1396 in Object.wait()
java.lang.Thread.State: WAITING (on object monitor)
        at sun.misc.Unsafe.park(Native Method)
        at java.util.concurrent.locks.LockSupport.park(LockSupport.java:175)
        at java.util.concurrent.locks.AbstractQueuedSynchronizer$ConditionObject.await(AbstractQueuedSynchronizer.java:2039)
        at java.util.concurrent.ScheduledThreadPoolExecutor$DelayedWorkQueue.take(ScheduledThreadPoolExecutor.java:1088)
        at java.util.concurrent.ScheduledThreadPoolExecutor$DelayedWorkQueue.take(ScheduledThreadPoolExecutor.java:809)
        at java.util.concurrent.ThreadPoolExecutor.getTask(ThreadPoolExecutor.java:1074)
        at java.util.concurrent.ThreadPoolExecutor.runWorker(ThreadPoolExecutor.java:1134)
        at java.util.concurrent.ThreadPoolExecutor$Worker.run(ThreadPoolExecutor.java:624)
        at java.lang.Thread.run(Thread.java:750)
"Hadoop-Metrics-Updater-0" daemon prio=5 tid=235 timed_waiting
java.lang.Thread.State: TIMED_WAITING
        at sun.misc.Unsafe.park(Native Method)
        at java.util.concurrent.locks.LockSupport.parkNanos(LockSupport.java:215)
        at java.util.concurrent.locks.AbstractQueuedSynchronizer$ConditionObject.awaitNanos(AbstractQueuedSynchronizer.java:2078)
        at java.util.concurrent.ScheduledThreadPoolExecutor$DelayedWorkQueue.take(ScheduledThreadPoolExecutor.java:1093)
        at java.util.concurrent.ScheduledThreadPoolExecutor$DelayedWorkQueue.take(ScheduledThreadPoolExecutor.java:809)
        at java.util.concurrent.ThreadPoolExecutor.getTask(ThreadPoolExecutor.java:1074)
        at java.util.concurrent.ThreadPoolExecutor.runWorker(ThreadPoolExecutor.java:1134)
        at java.util.concurrent.ThreadPoolExecutor$Worker.run(ThreadPoolExecutor.java:624)
        at java.lang.Thread.run(Thread.java:750)
"grpc-default-worker-ELG-3-1" daemon prio=5 tid=647 runnable
java.lang.Thread.State: RUNNABLE
        at org.apache.ratis.thirdparty.io.netty.channel.epoll.Native.epollWait0(Native Method)
        at org.apache.ratis.thirdparty.io.netty.channel.epoll.Native.epollWait(Native.java:182)
        at org.apache.ratis.thirdparty.io.netty.channel.epoll.EpollEventLoop.epollWait(EpollEventLoop.java:302)
        at org.apache.ratis.thirdparty.io.netty.channel.epoll.EpollEventLoop.run(EpollEventLoop.java:366)
        at org.apache.ratis.thirdparty.io.netty.util.concurrent.SingleThreadEventExecutor$4.run(SingleThreadEventExecutor.java:997)
        at org.apache.ratis.thirdparty.io.netty.util.internal.ThreadExecutorMap$2.run(ThreadExecutorMap.java:74)
        at org.apache.ratis.thirdparty.io.netty.util.concurrent.FastThreadLocalRunnable.run(FastThreadLocalRunnable.java:30)
        at java.lang.Thread.run(Thread.java:750)
"IPC Server handler 5 on default port 15002" daemon prio=5 tid=96 timed_waiting
java.lang.Thread.State: TIMED_WAITING
        at sun.misc.Unsafe.park(Native Method)
        at java.util.concurrent.locks.LockSupport.parkNanos(LockSupport.java:215)
        at java.util.concurrent.locks.AbstractQueuedSynchronizer$ConditionObject.awaitNanos(AbstractQueuedSynchronizer.java:2078)
        at java.util.concurrent.LinkedBlockingQueue.poll(LinkedBlockingQueue.java:467)
        at org.apache.hadoop.ipc.CallQueueManager.take(CallQueueManager.java:317)
        at org.apache.hadoop.ipc.Server$Handler.run(Server.java:3014)
"4cee0e49-9f18-41f8-8e67-157ccbc15955-ChunkReader-2" daemon prio=5 tid=1054 in Object.wait()
java.lang.Thread.State: WAITING (on object monitor)
        at sun.misc.Unsafe.park(Native Method)
        at java.util.concurrent.locks.LockSupport.park(LockSupport.java:175)
        at java.util.concurrent.locks.AbstractQueuedSynchronizer$ConditionObject.await(AbstractQueuedSynchronizer.java:2039)
        at java.util.concurrent.LinkedBlockingQueue.take(LinkedBlockingQueue.java:442)
        at java.util.concurrent.ThreadPoolExecutor.getTask(ThreadPoolExecutor.java:1074)
        at java.util.concurrent.ThreadPoolExecutor.runWorker(ThreadPoolExecutor.java:1134)
        at java.util.concurrent.ThreadPoolExecutor$Worker.run(ThreadPoolExecutor.java:624)
        at java.lang.Thread.run(Thread.java:750)
"IPC Server Responder" daemon prio=5 tid=292 runnable
java.lang.Thread.State: RUNNABLE
        at sun.nio.ch.EPollArrayWrapper.epollWait(Native Method)
        at sun.nio.ch.EPollArrayWrapper.poll(EPollArrayWrapper.java:269)
        at sun.nio.ch.EPollSelectorImpl.doSelect(EPollSelectorImpl.java:93)
        at sun.nio.ch.SelectorImpl.lockAndDoSelect(SelectorImpl.java:86)
        at sun.nio.ch.SelectorImpl.select(SelectorImpl.java:97)
        at org.apache.hadoop.ipc.Server$Responder.doRunLoop(Server.java:1582)
        at org.apache.hadoop.ipc.Server$Responder.run(Server.java:1565)
"IPC Server handler 2 on default port 15000" daemon prio=5 tid=53 timed_waiting
java.lang.Thread.State: TIMED_WAITING
        at sun.misc.Unsafe.park(Native Method)
        at java.util.concurrent.locks.LockSupport.parkNanos(LockSupport.java:215)
        at java.util.concurrent.locks.AbstractQueuedSynchronizer$ConditionObject.awaitNanos(AbstractQueuedSynchronizer.java:2078)
        at java.util.concurrent.LinkedBlockingQueue.poll(LinkedBlockingQueue.java:467)
        at org.apache.hadoop.ipc.CallQueueManager.take(CallQueueManager.java:317)
        at org.apache.hadoop.ipc.Server$Handler.run(Server.java:3014)
"StaleRecoveringContainerScrubbingService#3" daemon prio=5 tid=1130 in Object.wait()
java.lang.Thread.State: WAITING (on object monitor)
        at sun.misc.Unsafe.park(Native Method)
        at java.util.concurrent.locks.LockSupport.park(LockSupport.java:175)
        at java.util.concurrent.locks.AbstractQueuedSynchronizer$ConditionObject.await(AbstractQueuedSynchronizer.java:2039)
        at java.util.concurrent.ScheduledThreadPoolExecutor$DelayedWorkQueue.take(ScheduledThreadPoolExecutor.java:1088)
        at java.util.concurrent.ScheduledThreadPoolExecutor$DelayedWorkQueue.take(ScheduledThreadPoolExecutor.java:809)
        at java.util.concurrent.ThreadPoolExecutor.getTask(ThreadPoolExecutor.java:1074)
        at java.util.concurrent.ThreadPoolExecutor.runWorker(ThreadPoolExecutor.java:1134)
        at java.util.concurrent.ThreadPoolExecutor$Worker.run(ThreadPoolExecutor.java:624)
        at java.lang.Thread.run(Thread.java:750)
"18227f38-d602-4438-971e-c9cd287df9cb-ChunkWriter-2-0" daemon prio=5 tid=592 in Object.wait()
java.lang.Thread.State: WAITING (on object monitor)
        at sun.misc.Unsafe.park(Native Method)
        at java.util.concurrent.locks.LockSupport.park(LockSupport.java:175)
        at java.util.concurrent.locks.AbstractQueuedSynchronizer$ConditionObject.await(AbstractQueuedSynchronizer.java:2039)
        at java.util.concurrent.LinkedBlockingDeque.takeFirst(LinkedBlockingDeque.java:492)
        at java.util.concurrent.LinkedBlockingDeque.take(LinkedBlockingDeque.java:680)
        at java.util.concurrent.ThreadPoolExecutor.getTask(ThreadPoolExecutor.java:1074)
        at java.util.concurrent.ThreadPoolExecutor.runWorker(ThreadPoolExecutor.java:1134)
        at java.util.concurrent.ThreadPoolExecutor$Worker.run(ThreadPoolExecutor.java:624)
        at java.lang.Thread.run(Thread.java:750)
"0e92623e-4dcf-4eff-ae25-f8b8c2de319b-ChunkWriter-1-0" daemon prio=5 tid=621 in Object.wait()
java.lang.Thread.State: WAITING (on object monitor)
        at sun.misc.Unsafe.park(Native Method)
        at java.util.concurrent.locks.LockSupport.park(LockSupport.java:175)
        at java.util.concurrent.locks.AbstractQueuedSynchronizer$ConditionObject.await(AbstractQueuedSynchronizer.java:2039)
        at java.util.concurrent.LinkedBlockingDeque.takeFirst(LinkedBlockingDeque.java:492)
        at java.util.concurrent.LinkedBlockingDeque.take(LinkedBlockingDeque.java:680)
        at java.util.concurrent.ThreadPoolExecutor.getTask(ThreadPoolExecutor.java:1074)
        at java.util.concurrent.ThreadPoolExecutor.runWorker(ThreadPoolExecutor.java:1134)
        at java.util.concurrent.ThreadPoolExecutor$Worker.run(ThreadPoolExecutor.java:624)
        at java.lang.Thread.run(Thread.java:750)
"5f7d9b36-4620-4ba9-8a78-929bd6ddd1f9-server-thread3" daemon prio=5 tid=1031 timed_waiting
java.lang.Thread.State: TIMED_WAITING
        at sun.misc.Unsafe.park(Native Method)
        at java.util.concurrent.locks.LockSupport.parkNanos(LockSupport.java:215)
        at java.util.concurrent.SynchronousQueue$TransferStack.awaitFulfill(SynchronousQueue.java:460)
        at java.util.concurrent.SynchronousQueue$TransferStack.transfer(SynchronousQueue.java:362)
        at java.util.concurrent.SynchronousQueue.poll(SynchronousQueue.java:941)
        at java.util.concurrent.ThreadPoolExecutor.getTask(ThreadPoolExecutor.java:1073)
        at java.util.concurrent.ThreadPoolExecutor.runWorker(ThreadPoolExecutor.java:1134)
        at java.util.concurrent.ThreadPoolExecutor$Worker.run(ThreadPoolExecutor.java:624)
        at java.lang.Thread.run(Thread.java:750)
"qtp830753455-369" daemon prio=5 tid=369 timed_waiting
java.lang.Thread.State: TIMED_WAITING
        at sun.misc.Unsafe.park(Native Method)
        at java.util.concurrent.locks.LockSupport.parkNanos(LockSupport.java:215)
        at java.util.concurrent.locks.AbstractQueuedSynchronizer$ConditionObject.awaitNanos(AbstractQueuedSynchronizer.java:2078)
        at org.eclipse.jetty.util.BlockingArrayQueue.poll(BlockingArrayQueue.java:382)
        at org.eclipse.jetty.util.thread.QueuedThreadPool$Runner.idleJobPoll(QueuedThreadPool.java:974)
        at org.eclipse.jetty.util.thread.QueuedThreadPool$Runner.run(QueuedThreadPool.java:1018)
        at java.lang.Thread.run(Thread.java:750)
"Hadoop-Metrics-Updater-0" daemon prio=5 tid=293 timed_waiting
java.lang.Thread.State: TIMED_WAITING
        at sun.misc.Unsafe.park(Native Method)
        at java.util.concurrent.locks.LockSupport.parkNanos(LockSupport.java:215)
        at java.util.concurrent.locks.AbstractQueuedSynchronizer$ConditionObject.awaitNanos(AbstractQueuedSynchronizer.java:2078)
        at java.util.concurrent.ScheduledThreadPoolExecutor$DelayedWorkQueue.take(ScheduledThreadPoolExecutor.java:1093)
        at java.util.concurrent.ScheduledThreadPoolExecutor$DelayedWorkQueue.take(ScheduledThreadPoolExecutor.java:809)
        at java.util.concurrent.ThreadPoolExecutor.getTask(ThreadPoolExecutor.java:1074)
        at java.util.concurrent.ThreadPoolExecutor.runWorker(ThreadPoolExecutor.java:1134)
        at java.util.concurrent.ThreadPoolExecutor$Worker.run(ThreadPoolExecutor.java:624)
        at java.lang.Thread.run(Thread.java:750)
"IPC Server handler 18 on default port 15000" daemon prio=5 tid=69 timed_waiting
java.lang.Thread.State: TIMED_WAITING
        at sun.misc.Unsafe.park(Native Method)
        at java.util.concurrent.locks.LockSupport.parkNanos(LockSupport.java:215)
        at java.util.concurrent.locks.AbstractQueuedSynchronizer$ConditionObject.awaitNanos(AbstractQueuedSynchronizer.java:2078)
        at java.util.concurrent.LinkedBlockingQueue.poll(LinkedBlockingQueue.java:467)
        at org.apache.hadoop.ipc.CallQueueManager.take(CallQueueManager.java:317)
        at org.apache.hadoop.ipc.Server$Handler.run(Server.java:3014)
"qtp1342466480-401" daemon prio=5 tid=401 timed_waiting
java.lang.Thread.State: TIMED_WAITING
        at sun.misc.Unsafe.park(Native Method)
        at java.util.concurrent.locks.LockSupport.parkNanos(LockSupport.java:215)
        at java.util.concurrent.locks.AbstractQueuedSynchronizer$ConditionObject.awaitNanos(AbstractQueuedSynchronizer.java:2078)
        at org.eclipse.jetty.util.BlockingArrayQueue.poll(BlockingArrayQueue.java:382)
        at org.eclipse.jetty.util.thread.QueuedThreadPool$Runner.idleJobPoll(QueuedThreadPool.java:974)
        at org.eclipse.jetty.util.thread.QueuedThreadPool$Runner.run(QueuedThreadPool.java:1018)
        at java.lang.Thread.run(Thread.java:750)
"5f7d9b36-4620-4ba9-8a78-929bd6ddd1f9-server-thread1" daemon prio=5 tid=1029 timed_waiting
java.lang.Thread.State: TIMED_WAITING
        at sun.misc.Unsafe.park(Native Method)
        at java.util.concurrent.locks.LockSupport.parkNanos(LockSupport.java:215)
        at java.util.concurrent.SynchronousQueue$TransferStack.awaitFulfill(SynchronousQueue.java:460)
        at java.util.concurrent.SynchronousQueue$TransferStack.transfer(SynchronousQueue.java:362)
        at java.util.concurrent.SynchronousQueue.poll(SynchronousQueue.java:941)
        at java.util.concurrent.ThreadPoolExecutor.getTask(ThreadPoolExecutor.java:1073)
        at java.util.concurrent.ThreadPoolExecutor.runWorker(ThreadPoolExecutor.java:1134)
        at java.util.concurrent.ThreadPoolExecutor$Worker.run(ThreadPoolExecutor.java:624)
        at java.lang.Thread.run(Thread.java:750)
"4cee0e49-9f18-41f8-8e67-157ccbc15955-ChunkReader-9" daemon prio=5 tid=1470 in Object.wait()
java.lang.Thread.State: WAITING (on object monitor)
        at sun.misc.Unsafe.park(Native Method)
        at java.util.concurrent.locks.LockSupport.park(LockSupport.java:175)
        at java.util.concurrent.locks.AbstractQueuedSynchronizer$ConditionObject.await(AbstractQueuedSynchronizer.java:2039)
        at java.util.concurrent.LinkedBlockingQueue.take(LinkedBlockingQueue.java:442)
        at java.util.concurrent.ThreadPoolExecutor.getTask(ThreadPoolExecutor.java:1074)
        at java.util.concurrent.ThreadPoolExecutor.runWorker(ThreadPoolExecutor.java:1134)
        at java.util.concurrent.ThreadPoolExecutor$Worker.run(ThreadPoolExecutor.java:624)
        at java.lang.Thread.run(Thread.java:750)
"CompactionDagPruningService" daemon prio=5 tid=129 timed_waiting
java.lang.Thread.State: TIMED_WAITING
        at sun.misc.Unsafe.park(Native Method)
        at java.util.concurrent.locks.LockSupport.parkNanos(LockSupport.java:215)
        at java.util.concurrent.locks.AbstractQueuedSynchronizer$ConditionObject.awaitNanos(AbstractQueuedSynchronizer.java:2078)
        at java.util.concurrent.ScheduledThreadPoolExecutor$DelayedWorkQueue.take(ScheduledThreadPoolExecutor.java:1093)
        at java.util.concurrent.ScheduledThreadPoolExecutor$DelayedWorkQueue.take(ScheduledThreadPoolExecutor.java:809)
        at java.util.concurrent.ThreadPoolExecutor.getTask(ThreadPoolExecutor.java:1074)
        at java.util.concurrent.ThreadPoolExecutor.runWorker(ThreadPoolExecutor.java:1134)
        at java.util.concurrent.ThreadPoolExecutor$Worker.run(ThreadPoolExecutor.java:624)
        at java.lang.Thread.run(Thread.java:750)
"IPC Server handler 11 on default port 15004" daemon prio=5 tid=176 timed_waiting
java.lang.Thread.State: TIMED_WAITING
        at sun.misc.Unsafe.park(Native Method)
        at java.util.concurrent.locks.LockSupport.parkNanos(LockSupport.java:215)
        at java.util.concurrent.locks.AbstractQueuedSynchronizer$ConditionObject.awaitNanos(AbstractQueuedSynchronizer.java:2078)
        at java.util.concurrent.LinkedBlockingQueue.poll(LinkedBlockingQueue.java:467)
        at org.apache.hadoop.ipc.CallQueueManager.take(CallQueueManager.java:317)
        at org.apache.hadoop.ipc.Server$Handler.run(Server.java:3014)
"fedf11b8-0957-422e-880a-91cc26979c7a-ChunkWriter-0-0" daemon prio=5 tid=484 in Object.wait()
java.lang.Thread.State: WAITING (on object monitor)
        at sun.misc.Unsafe.park(Native Method)
        at java.util.concurrent.locks.LockSupport.park(LockSupport.java:175)
        at java.util.concurrent.locks.AbstractQueuedSynchronizer$ConditionObject.await(AbstractQueuedSynchronizer.java:2039)
        at java.util.concurrent.LinkedBlockingDeque.takeFirst(LinkedBlockingDeque.java:492)
        at java.util.concurrent.LinkedBlockingDeque.take(LinkedBlockingDeque.java:680)
        at java.util.concurrent.ThreadPoolExecutor.getTask(ThreadPoolExecutor.java:1074)
        at java.util.concurrent.ThreadPoolExecutor.runWorker(ThreadPoolExecutor.java:1134)
        at java.util.concurrent.ThreadPoolExecutor$Worker.run(ThreadPoolExecutor.java:624)
        at java.lang.Thread.run(Thread.java:750)
"5f7d9b36-4620-4ba9-8a78-929bd6ddd1f9-BlockDeletingService#0" daemon prio=5 tid=611 timed_waiting
java.lang.Thread.State: TIMED_WAITING
        at sun.misc.Unsafe.park(Native Method)
        at java.util.concurrent.locks.LockSupport.parkNanos(LockSupport.java:215)
        at java.util.concurrent.locks.AbstractQueuedSynchronizer$ConditionObject.awaitNanos(AbstractQueuedSynchronizer.java:2078)
        at java.util.concurrent.ScheduledThreadPoolExecutor$DelayedWorkQueue.take(ScheduledThreadPoolExecutor.java:1093)
        at java.util.concurrent.ScheduledThreadPoolExecutor$DelayedWorkQueue.take(ScheduledThreadPoolExecutor.java:809)
        at java.util.concurrent.ThreadPoolExecutor.getTask(ThreadPoolExecutor.java:1074)
        at java.util.concurrent.ThreadPoolExecutor.runWorker(ThreadPoolExecutor.java:1134)
        at java.util.concurrent.ThreadPoolExecutor$Worker.run(ThreadPoolExecutor.java:624)
        at java.lang.Thread.run(Thread.java:750)
"fedf11b8-0957-422e-880a-91cc26979c7a@group-BD96D7F114B6-LeaderStateImpl" daemon prio=5 tid=876 timed_waiting
java.lang.Thread.State: TIMED_WAITING
        at sun.misc.Unsafe.park(Native Method)
        at java.util.concurrent.locks.LockSupport.parkNanos(LockSupport.java:215)
        at java.util.concurrent.locks.AbstractQueuedSynchronizer$ConditionObject.awaitNanos(AbstractQueuedSynchronizer.java:2078)
        at java.util.concurrent.ArrayBlockingQueue.poll(ArrayBlockingQueue.java:418)
        at org.apache.ratis.server.impl.LeaderStateImpl$EventQueue.poll(LeaderStateImpl.java:164)
        at org.apache.ratis.server.impl.LeaderStateImpl$EventProcessor.run(LeaderStateImpl.java:702)
"4cee0e49-9f18-41f8-8e67-157ccbc15955-ChunkReader-7" daemon prio=5 tid=1449 in Object.wait()
java.lang.Thread.State: WAITING (on object monitor)
        at sun.misc.Unsafe.park(Native Method)
        at java.util.concurrent.locks.LockSupport.park(LockSupport.java:175)
        at java.util.concurrent.locks.AbstractQueuedSynchronizer$ConditionObject.await(AbstractQueuedSynchronizer.java:2039)
        at java.util.concurrent.LinkedBlockingQueue.take(LinkedBlockingQueue.java:442)
        at java.util.concurrent.ThreadPoolExecutor.getTask(ThreadPoolExecutor.java:1074)
        at java.util.concurrent.ThreadPoolExecutor.runWorker(ThreadPoolExecutor.java:1134)
        at java.util.concurrent.ThreadPoolExecutor$Worker.run(ThreadPoolExecutor.java:624)
        at java.lang.Thread.run(Thread.java:750)
"StaleRecoveringContainerScrubbingService#5" daemon prio=5 tid=1242 in Object.wait()
java.lang.Thread.State: WAITING (on object monitor)
        at sun.misc.Unsafe.park(Native Method)
        at java.util.concurrent.locks.LockSupport.park(LockSupport.java:175)
        at java.util.concurrent.locks.AbstractQueuedSynchronizer$ConditionObject.await(AbstractQueuedSynchronizer.java:2039)
        at java.util.concurrent.ScheduledThreadPoolExecutor$DelayedWorkQueue.take(ScheduledThreadPoolExecutor.java:1088)
        at java.util.concurrent.ScheduledThreadPoolExecutor$DelayedWorkQueue.take(ScheduledThreadPoolExecutor.java:809)
        at java.util.concurrent.ThreadPoolExecutor.getTask(ThreadPoolExecutor.java:1074)
        at java.util.concurrent.ThreadPoolExecutor.runWorker(ThreadPoolExecutor.java:1134)
        at java.util.concurrent.ThreadPoolExecutor$Worker.run(ThreadPoolExecutor.java:624)
        at java.lang.Thread.run(Thread.java:750)
"fadd24ee-4463-4420-97cf-bdd350ad83ae-groupManagement"  prio=5 tid=668 in Object.wait()
java.lang.Thread.State: WAITING (on object monitor)
        at sun.misc.Unsafe.park(Native Method)
        at java.util.concurrent.locks.LockSupport.park(LockSupport.java:175)
        at java.util.concurrent.locks.AbstractQueuedSynchronizer$ConditionObject.await(AbstractQueuedSynchronizer.java:2039)
        at java.util.concurrent.LinkedBlockingQueue.take(LinkedBlockingQueue.java:442)
        at java.util.concurrent.ThreadPoolExecutor.getTask(ThreadPoolExecutor.java:1074)
        at java.util.concurrent.ThreadPoolExecutor.runWorker(ThreadPoolExecutor.java:1134)
        at java.util.concurrent.ThreadPoolExecutor$Worker.run(ThreadPoolExecutor.java:624)
        at java.lang.Thread.run(Thread.java:750)
"IPC Server handler 4 on default port 15001" daemon prio=5 tid=75 timed_waiting
java.lang.Thread.State: TIMED_WAITING
        at sun.misc.Unsafe.park(Native Method)
        at java.util.concurrent.locks.LockSupport.parkNanos(LockSupport.java:215)
        at java.util.concurrent.locks.AbstractQueuedSynchronizer$ConditionObject.awaitNanos(AbstractQueuedSynchronizer.java:2078)
        at java.util.concurrent.LinkedBlockingQueue.poll(LinkedBlockingQueue.java:467)
        at org.apache.hadoop.ipc.CallQueueManager.take(CallQueueManager.java:317)
        at org.apache.hadoop.ipc.Server$Handler.run(Server.java:3014)
"IPC Server idle connection scanner for port 15000" daemon prio=5 tid=37 timed_waiting
java.lang.Thread.State: TIMED_WAITING
        at java.lang.Object.wait(Native Method)
        at java.util.TimerThread.mainLoop(Timer.java:552)
        at java.util.TimerThread.run(Timer.java:505)
"fedf11b8-0957-422e-880a-91cc26979c7a@group-52AF94BE594D-SegmentedRaftLogWorker"  prio=5 tid=1259 timed_waiting
java.lang.Thread.State: TIMED_WAITING
        at sun.misc.Unsafe.park(Native Method)
        at java.util.concurrent.locks.LockSupport.parkNanos(LockSupport.java:215)
        at java.util.concurrent.locks.AbstractQueuedSynchronizer$ConditionObject.awaitNanos(AbstractQueuedSynchronizer.java:2078)
        at org.apache.ratis.util.DataBlockingQueue.poll(DataBlockingQueue.java:148)
        at org.apache.ratis.server.raftlog.segmented.SegmentedRaftLogWorker.run(SegmentedRaftLogWorker.java:307)
        at org.apache.ratis.server.raftlog.segmented.SegmentedRaftLogWorker$$Lambda$819/704615668.run(Unknown Source)
        at java.util.concurrent.Executors$RunnableAdapter.call(Executors.java:511)
        at java.util.concurrent.FutureTask.run(FutureTask.java:266)
        at java.util.concurrent.ThreadPoolExecutor.runWorker(ThreadPoolExecutor.java:1149)
        at java.util.concurrent.ThreadPoolExecutor$Worker.run(ThreadPoolExecutor.java:624)
        at java.lang.Thread.run(Thread.java:750)
"Socket Reader #1 for port 15001"  prio=5 tid=31 runnable
java.lang.Thread.State: RUNNABLE
        at sun.nio.ch.EPollArrayWrapper.epollWait(Native Method)
        at sun.nio.ch.EPollArrayWrapper.poll(EPollArrayWrapper.java:269)
        at sun.nio.ch.EPollSelectorImpl.doSelect(EPollSelectorImpl.java:93)
        at sun.nio.ch.SelectorImpl.lockAndDoSelect(SelectorImpl.java:86)
        at sun.nio.ch.SelectorImpl.select(SelectorImpl.java:97)
        at sun.nio.ch.SelectorImpl.select(SelectorImpl.java:101)
        at org.apache.hadoop.ipc.Server$Listener$Reader.doRunLoop(Server.java:1346)
        at org.apache.hadoop.ipc.Server$Listener$Reader.run(Server.java:1325)
"5f7d9b36-4620-4ba9-8a78-929bd6ddd1f9@group-DF79F62058F4-LeaderStateImpl" daemon prio=5 tid=965 timed_waiting
java.lang.Thread.State: TIMED_WAITING
        at sun.misc.Unsafe.park(Native Method)
        at java.util.concurrent.locks.LockSupport.parkNanos(LockSupport.java:215)
        at java.util.concurrent.locks.AbstractQueuedSynchronizer$ConditionObject.awaitNanos(AbstractQueuedSynchronizer.java:2078)
        at java.util.concurrent.ArrayBlockingQueue.poll(ArrayBlockingQueue.java:418)
        at org.apache.ratis.server.impl.LeaderStateImpl$EventQueue.poll(LeaderStateImpl.java:164)
        at org.apache.ratis.server.impl.LeaderStateImpl$EventProcessor.run(LeaderStateImpl.java:702)
"Hadoop-Metrics-Updater-0" daemon prio=5 tid=39 timed_waiting
java.lang.Thread.State: TIMED_WAITING
        at sun.misc.Unsafe.park(Native Method)
        at java.util.concurrent.locks.LockSupport.parkNanos(LockSupport.java:215)
        at java.util.concurrent.locks.AbstractQueuedSynchronizer$ConditionObject.awaitNanos(AbstractQueuedSynchronizer.java:2078)
        at java.util.concurrent.ScheduledThreadPoolExecutor$DelayedWorkQueue.take(ScheduledThreadPoolExecutor.java:1093)
        at java.util.concurrent.ScheduledThreadPoolExecutor$DelayedWorkQueue.take(ScheduledThreadPoolExecutor.java:809)
        at java.util.concurrent.ThreadPoolExecutor.getTask(ThreadPoolExecutor.java:1074)
        at java.util.concurrent.ThreadPoolExecutor.runWorker(ThreadPoolExecutor.java:1134)
        at java.util.concurrent.ThreadPoolExecutor$Worker.run(ThreadPoolExecutor.java:624)
        at java.lang.Thread.run(Thread.java:750)
"92ba0aed-1dcc-4895-b5bb-fc45f440be2e-ChunkReader-ELG-0" daemon prio=5 tid=579 runnable
java.lang.Thread.State: RUNNABLE
        at org.apache.ratis.thirdparty.io.netty.channel.epoll.Native.epollWait0(Native Method)
        at org.apache.ratis.thirdparty.io.netty.channel.epoll.Native.epollWait(Native.java:182)
        at org.apache.ratis.thirdparty.io.netty.channel.epoll.EpollEventLoop.epollWait(EpollEventLoop.java:302)
        at org.apache.ratis.thirdparty.io.netty.channel.epoll.EpollEventLoop.run(EpollEventLoop.java:366)
        at org.apache.ratis.thirdparty.io.netty.util.concurrent.SingleThreadEventExecutor$4.run(SingleThreadEventExecutor.java:997)
        at org.apache.ratis.thirdparty.io.netty.util.internal.ThreadExecutorMap$2.run(ThreadExecutorMap.java:74)
        at java.lang.Thread.run(Thread.java:750)
"18227f38-d602-4438-971e-c9cd287df9cb@group-A7771FB2EC2A-StateMachineUpdater" daemon prio=5 tid=724 timed_waiting
java.lang.Thread.State: TIMED_WAITING
        at sun.misc.Unsafe.park(Native Method)
        at java.util.concurrent.locks.LockSupport.parkNanos(LockSupport.java:215)
        at java.util.concurrent.locks.AbstractQueuedSynchronizer$ConditionObject.await(AbstractQueuedSynchronizer.java:2163)
        at org.apache.ratis.util.AwaitForSignal.await(AwaitForSignal.java:62)
        at org.apache.ratis.server.impl.StateMachineUpdater.waitForCommit(StateMachineUpdater.java:209)
        at org.apache.ratis.server.impl.StateMachineUpdater.run(StateMachineUpdater.java:178)
        at java.lang.Thread.run(Thread.java:750)
"StaleRecoveringContainerScrubbingService#5" daemon prio=5 tid=1278 in Object.wait()
java.lang.Thread.State: WAITING (on object monitor)
        at sun.misc.Unsafe.park(Native Method)
        at java.util.concurrent.locks.LockSupport.park(LockSupport.java:175)
        at java.util.concurrent.locks.AbstractQueuedSynchronizer$ConditionObject.await(AbstractQueuedSynchronizer.java:2039)
        at java.util.concurrent.ScheduledThreadPoolExecutor$DelayedWorkQueue.take(ScheduledThreadPoolExecutor.java:1088)
        at java.util.concurrent.ScheduledThreadPoolExecutor$DelayedWorkQueue.take(ScheduledThreadPoolExecutor.java:809)
        at java.util.concurrent.ThreadPoolExecutor.getTask(ThreadPoolExecutor.java:1074)
        at java.util.concurrent.ThreadPoolExecutor.runWorker(ThreadPoolExecutor.java:1134)
        at java.util.concurrent.ThreadPoolExecutor$Worker.run(ThreadPoolExecutor.java:624)
        at java.lang.Thread.run(Thread.java:750)
"StaleRecoveringContainerScrubbingService#2" daemon prio=5 tid=942 timed_waiting
java.lang.Thread.State: TIMED_WAITING
        at sun.misc.Unsafe.park(Native Method)
        at java.util.concurrent.locks.LockSupport.parkNanos(LockSupport.java:215)
        at java.util.concurrent.locks.AbstractQueuedSynchronizer$ConditionObject.awaitNanos(AbstractQueuedSynchronizer.java:2078)
        at java.util.concurrent.ScheduledThreadPoolExecutor$DelayedWorkQueue.take(ScheduledThreadPoolExecutor.java:1093)
        at java.util.concurrent.ScheduledThreadPoolExecutor$DelayedWorkQueue.take(ScheduledThreadPoolExecutor.java:809)
        at java.util.concurrent.ThreadPoolExecutor.getTask(ThreadPoolExecutor.java:1074)
        at java.util.concurrent.ThreadPoolExecutor.runWorker(ThreadPoolExecutor.java:1134)
        at java.util.concurrent.ThreadPoolExecutor$Worker.run(ThreadPoolExecutor.java:624)
        at java.lang.Thread.run(Thread.java:750)
"18227f38-d602-4438-971e-c9cd287df9cb-ChunkReader-5" daemon prio=5 tid=1448 in Object.wait()
java.lang.Thread.State: WAITING (on object monitor)
        at sun.misc.Unsafe.park(Native Method)
        at java.util.concurrent.locks.LockSupport.park(LockSupport.java:175)
        at java.util.concurrent.locks.AbstractQueuedSynchronizer$ConditionObject.await(AbstractQueuedSynchronizer.java:2039)
        at java.util.concurrent.LinkedBlockingQueue.take(LinkedBlockingQueue.java:442)
        at java.util.concurrent.ThreadPoolExecutor.getTask(ThreadPoolExecutor.java:1074)
        at java.util.concurrent.ThreadPoolExecutor.runWorker(ThreadPoolExecutor.java:1134)
        at java.util.concurrent.ThreadPoolExecutor$Worker.run(ThreadPoolExecutor.java:624)
        at java.lang.Thread.run(Thread.java:750)
"IPC Server handler 14 on default port 15004" daemon prio=5 tid=179 timed_waiting
java.lang.Thread.State: TIMED_WAITING
        at sun.misc.Unsafe.park(Native Method)
        at java.util.concurrent.locks.LockSupport.parkNanos(LockSupport.java:215)
        at java.util.concurrent.locks.AbstractQueuedSynchronizer$ConditionObject.awaitNanos(AbstractQueuedSynchronizer.java:2078)
        at java.util.concurrent.LinkedBlockingQueue.poll(LinkedBlockingQueue.java:467)
        at org.apache.hadoop.ipc.CallQueueManager.take(CallQueueManager.java:317)
        at org.apache.hadoop.ipc.Server$Handler.run(Server.java:3014)
"IPC Server handler 12 on default port 15004" daemon prio=5 tid=177 timed_waiting
java.lang.Thread.State: TIMED_WAITING
        at sun.misc.Unsafe.park(Native Method)
        at java.util.concurrent.locks.LockSupport.parkNanos(LockSupport.java:215)
        at java.util.concurrent.locks.AbstractQueuedSynchronizer$ConditionObject.awaitNanos(AbstractQueuedSynchronizer.java:2078)
        at java.util.concurrent.LinkedBlockingQueue.poll(LinkedBlockingQueue.java:467)
        at org.apache.hadoop.ipc.CallQueueManager.take(CallQueueManager.java:317)
        at org.apache.hadoop.ipc.Server$Handler.run(Server.java:3014)
"IPC Server idle connection scanner for port 15046" daemon prio=5 tid=320 timed_waiting
java.lang.Thread.State: TIMED_WAITING
        at java.lang.Object.wait(Native Method)
        at java.util.TimerThread.mainLoop(Timer.java:552)
        at java.util.TimerThread.run(Timer.java:505)
"EventQueue-NodeRegistrationContainerReportForDataNodeSafeModeRule" daemon prio=5 tid=633 in Object.wait()
java.lang.Thread.State: WAITING (on object monitor)
        at sun.misc.Unsafe.park(Native Method)
        at java.util.concurrent.locks.LockSupport.park(LockSupport.java:175)
        at java.util.concurrent.locks.AbstractQueuedSynchronizer$ConditionObject.await(AbstractQueuedSynchronizer.java:2039)
        at java.util.concurrent.LinkedBlockingQueue.take(LinkedBlockingQueue.java:442)
        at java.util.concurrent.ThreadPoolExecutor.getTask(ThreadPoolExecutor.java:1074)
        at java.util.concurrent.ThreadPoolExecutor.runWorker(ThreadPoolExecutor.java:1134)
        at java.util.concurrent.ThreadPoolExecutor$Worker.run(ThreadPoolExecutor.java:624)
        at java.lang.Thread.run(Thread.java:750)
"18227f38-d602-4438-971e-c9cd287df9cb-BlockDeletingService#3" daemon prio=5 tid=1482 in Object.wait()
java.lang.Thread.State: WAITING (on object monitor)
        at sun.misc.Unsafe.park(Native Method)
        at java.util.concurrent.locks.LockSupport.park(LockSupport.java:175)
        at java.util.concurrent.locks.AbstractQueuedSynchronizer$ConditionObject.await(AbstractQueuedSynchronizer.java:2039)
        at java.util.concurrent.ScheduledThreadPoolExecutor$DelayedWorkQueue.take(ScheduledThreadPoolExecutor.java:1088)
        at java.util.concurrent.ScheduledThreadPoolExecutor$DelayedWorkQueue.take(ScheduledThreadPoolExecutor.java:809)
        at java.util.concurrent.ThreadPoolExecutor.getTask(ThreadPoolExecutor.java:1074)
        at java.util.concurrent.ThreadPoolExecutor.runWorker(ThreadPoolExecutor.java:1134)
        at java.util.concurrent.ThreadPoolExecutor$Worker.run(ThreadPoolExecutor.java:624)
        at java.lang.Thread.run(Thread.java:750)
"pool-90-thread-1"  prio=5 tid=190 timed_waiting
java.lang.Thread.State: TIMED_WAITING
        at sun.misc.Unsafe.park(Native Method)
        at java.util.concurrent.locks.LockSupport.parkNanos(LockSupport.java:215)
        at java.util.concurrent.locks.AbstractQueuedSynchronizer$ConditionObject.awaitNanos(AbstractQueuedSynchronizer.java:2078)
        at java.util.concurrent.ScheduledThreadPoolExecutor$DelayedWorkQueue.take(ScheduledThreadPoolExecutor.java:1093)
        at java.util.concurrent.ScheduledThreadPoolExecutor$DelayedWorkQueue.take(ScheduledThreadPoolExecutor.java:809)
        at java.util.concurrent.ThreadPoolExecutor.getTask(ThreadPoolExecutor.java:1074)
        at java.util.concurrent.ThreadPoolExecutor.runWorker(ThreadPoolExecutor.java:1134)
        at java.util.concurrent.ThreadPoolExecutor$Worker.run(ThreadPoolExecutor.java:624)
        at java.lang.Thread.run(Thread.java:750)
"IPC Server handler 13 on default port 15004" daemon prio=5 tid=178 timed_waiting
java.lang.Thread.State: TIMED_WAITING
        at sun.misc.Unsafe.park(Native Method)
        at java.util.concurrent.locks.LockSupport.parkNanos(LockSupport.java:215)
        at java.util.concurrent.locks.AbstractQueuedSynchronizer$ConditionObject.awaitNanos(AbstractQueuedSynchronizer.java:2078)
        at java.util.concurrent.LinkedBlockingQueue.poll(LinkedBlockingQueue.java:467)
        at org.apache.hadoop.ipc.CallQueueManager.take(CallQueueManager.java:317)
        at org.apache.hadoop.ipc.Server$Handler.run(Server.java:3014)
"fedf11b8-0957-422e-880a-91cc26979c7a-ChunkWriter-3-0" daemon prio=5 tid=487 in Object.wait()
java.lang.Thread.State: WAITING (on object monitor)
        at sun.misc.Unsafe.park(Native Method)
        at java.util.concurrent.locks.LockSupport.park(LockSupport.java:175)
        at java.util.concurrent.locks.AbstractQueuedSynchronizer$ConditionObject.await(AbstractQueuedSynchronizer.java:2039)
        at java.util.concurrent.LinkedBlockingDeque.takeFirst(LinkedBlockingDeque.java:492)
        at java.util.concurrent.LinkedBlockingDeque.take(LinkedBlockingDeque.java:680)
        at java.util.concurrent.ThreadPoolExecutor.getTask(ThreadPoolExecutor.java:1074)
        at java.util.concurrent.ThreadPoolExecutor.runWorker(ThreadPoolExecutor.java:1134)
        at java.util.concurrent.ThreadPoolExecutor$Worker.run(ThreadPoolExecutor.java:624)
        at java.lang.Thread.run(Thread.java:750)
"qtp394269711-430" daemon prio=5 tid=430 timed_waiting
java.lang.Thread.State: TIMED_WAITING
        at sun.misc.Unsafe.park(Native Method)
        at java.util.concurrent.locks.LockSupport.parkNanos(LockSupport.java:215)
        at java.util.concurrent.locks.AbstractQueuedSynchronizer$ConditionObject.awaitNanos(AbstractQueuedSynchronizer.java:2078)
        at org.eclipse.jetty.util.BlockingArrayQueue.poll(BlockingArrayQueue.java:382)
        at org.eclipse.jetty.util.thread.QueuedThreadPool$Runner.idleJobPoll(QueuedThreadPool.java:974)
        at org.eclipse.jetty.util.thread.QueuedThreadPool$Runner.run(QueuedThreadPool.java:1018)
        at java.lang.Thread.run(Thread.java:750)
"Hadoop-Metrics-Updater-0" daemon prio=5 tid=380 timed_waiting
java.lang.Thread.State: TIMED_WAITING
        at sun.misc.Unsafe.park(Native Method)
        at java.util.concurrent.locks.LockSupport.parkNanos(LockSupport.java:215)
        at java.util.concurrent.locks.AbstractQueuedSynchronizer$ConditionObject.awaitNanos(AbstractQueuedSynchronizer.java:2078)
        at java.util.concurrent.ScheduledThreadPoolExecutor$DelayedWorkQueue.take(ScheduledThreadPoolExecutor.java:1093)
        at java.util.concurrent.ScheduledThreadPoolExecutor$DelayedWorkQueue.take(ScheduledThreadPoolExecutor.java:809)
        at java.util.concurrent.ThreadPoolExecutor.getTask(ThreadPoolExecutor.java:1074)
        at java.util.concurrent.ThreadPoolExecutor.runWorker(ThreadPoolExecutor.java:1134)
        at java.util.concurrent.ThreadPoolExecutor$Worker.run(ThreadPoolExecutor.java:624)
        at java.lang.Thread.run(Thread.java:750)
"fadd24ee-4463-4420-97cf-bdd350ad83ae-BlockDeletingService#2" daemon prio=5 tid=1421 in Object.wait()
java.lang.Thread.State: WAITING (on object monitor)
        at sun.misc.Unsafe.park(Native Method)
        at java.util.concurrent.locks.LockSupport.park(LockSupport.java:175)
        at java.util.concurrent.locks.AbstractQueuedSynchronizer$ConditionObject.await(AbstractQueuedSynchronizer.java:2039)
        at java.util.concurrent.ScheduledThreadPoolExecutor$DelayedWorkQueue.take(ScheduledThreadPoolExecutor.java:1088)
        at java.util.concurrent.ScheduledThreadPoolExecutor$DelayedWorkQueue.take(ScheduledThreadPoolExecutor.java:809)
        at java.util.concurrent.ThreadPoolExecutor.getTask(ThreadPoolExecutor.java:1074)
        at java.util.concurrent.ThreadPoolExecutor.runWorker(ThreadPoolExecutor.java:1134)
        at java.util.concurrent.ThreadPoolExecutor$Worker.run(ThreadPoolExecutor.java:624)
        at java.lang.Thread.run(Thread.java:750)
"0e92623e-4dcf-4eff-ae25-f8b8c2de319b-DatanodeReportManager-2" daemon prio=5 tid=472 in Object.wait()
java.lang.Thread.State: WAITING (on object monitor)
        at sun.misc.Unsafe.park(Native Method)
        at java.util.concurrent.locks.LockSupport.park(LockSupport.java:175)
        at java.util.concurrent.locks.AbstractQueuedSynchronizer$ConditionObject.await(AbstractQueuedSynchronizer.java:2039)
        at java.util.concurrent.ScheduledThreadPoolExecutor$DelayedWorkQueue.take(ScheduledThreadPoolExecutor.java:1088)
        at java.util.concurrent.ScheduledThreadPoolExecutor$DelayedWorkQueue.take(ScheduledThreadPoolExecutor.java:809)
        at java.util.concurrent.ThreadPoolExecutor.getTask(ThreadPoolExecutor.java:1074)
        at java.util.concurrent.ThreadPoolExecutor.runWorker(ThreadPoolExecutor.java:1134)
        at java.util.concurrent.ThreadPoolExecutor$Worker.run(ThreadPoolExecutor.java:624)
        at java.lang.Thread.run(Thread.java:750)
"qtp491457031-121" daemon prio=5 tid=121 timed_waiting
java.lang.Thread.State: TIMED_WAITING
        at sun.misc.Unsafe.park(Native Method)
        at java.util.concurrent.locks.LockSupport.parkNanos(LockSupport.java:215)
        at java.util.concurrent.locks.AbstractQueuedSynchronizer$ConditionObject.awaitNanos(AbstractQueuedSynchronizer.java:2078)
        at org.eclipse.jetty.util.BlockingArrayQueue.poll(BlockingArrayQueue.java:382)
        at org.eclipse.jetty.util.thread.QueuedThreadPool$Runner.idleJobPoll(QueuedThreadPool.java:974)
        at org.eclipse.jetty.util.thread.QueuedThreadPool$Runner.run(QueuedThreadPool.java:1018)
        at java.lang.Thread.run(Thread.java:750)
"18227f38-d602-4438-971e-c9cd287df9cb-PipelineCommandHandlerThread-0"  prio=5 tid=712 in Object.wait()
java.lang.Thread.State: WAITING (on object monitor)
        at sun.misc.Unsafe.park(Native Method)
        at java.util.concurrent.locks.LockSupport.park(LockSupport.java:175)
        at java.util.concurrent.locks.AbstractQueuedSynchronizer$ConditionObject.await(AbstractQueuedSynchronizer.java:2039)
        at java.util.concurrent.LinkedBlockingQueue.take(LinkedBlockingQueue.java:442)
        at java.util.concurrent.ThreadPoolExecutor.getTask(ThreadPoolExecutor.java:1074)
        at java.util.concurrent.ThreadPoolExecutor.runWorker(ThreadPoolExecutor.java:1134)
        at java.util.concurrent.ThreadPoolExecutor$Worker.run(ThreadPoolExecutor.java:624)
        at java.lang.Thread.run(Thread.java:750)
"IPC Server handler 15 on default port 15004" daemon prio=5 tid=180 timed_waiting
java.lang.Thread.State: TIMED_WAITING
        at sun.misc.Unsafe.park(Native Method)
        at java.util.concurrent.locks.LockSupport.parkNanos(LockSupport.java:215)
        at java.util.concurrent.locks.AbstractQueuedSynchronizer$ConditionObject.awaitNanos(AbstractQueuedSynchronizer.java:2078)
        at java.util.concurrent.LinkedBlockingQueue.poll(LinkedBlockingQueue.java:467)
        at org.apache.hadoop.ipc.CallQueueManager.take(CallQueueManager.java:317)
        at org.apache.hadoop.ipc.Server$Handler.run(Server.java:3014)
"IPC Server handler 3 on default port 15001" daemon prio=5 tid=74 timed_waiting
java.lang.Thread.State: TIMED_WAITING
        at sun.misc.Unsafe.park(Native Method)
        at java.util.concurrent.locks.LockSupport.parkNanos(LockSupport.java:215)
        at java.util.concurrent.locks.AbstractQueuedSynchronizer$ConditionObject.awaitNanos(AbstractQueuedSynchronizer.java:2078)
        at java.util.concurrent.LinkedBlockingQueue.poll(LinkedBlockingQueue.java:467)
        at org.apache.hadoop.ipc.CallQueueManager.take(CallQueueManager.java:317)
        at org.apache.hadoop.ipc.Server$Handler.run(Server.java:3014)
"JvmPauseMonitor3" daemon prio=5 tid=503 timed_waiting
java.lang.Thread.State: TIMED_WAITING
        at java.lang.Thread.sleep(Native Method)
        at java.lang.Thread.sleep(Thread.java:342)
        at java.util.concurrent.TimeUnit.sleep(TimeUnit.java:386)
        at org.apache.ratis.util.TimeDuration.sleep(TimeDuration.java:325)
        at org.apache.ratis.util.TimeDuration.sleep(TimeDuration.java:310)
        at org.apache.ratis.util.JvmPauseMonitor.detectPause(JvmPauseMonitor.java:117)
        at org.apache.ratis.util.JvmPauseMonitor.run(JvmPauseMonitor.java:106)
        at org.apache.ratis.util.JvmPauseMonitor$$Lambda$485/1144886446.run(Unknown Source)
        at java.lang.Thread.run(Thread.java:750)
"5f7d9b36-4620-4ba9-8a78-929bd6ddd1f9-DatanodeReportManager-3" daemon prio=5 tid=444 in Object.wait()
java.lang.Thread.State: WAITING (on object monitor)
        at sun.misc.Unsafe.park(Native Method)
        at java.util.concurrent.locks.LockSupport.park(LockSupport.java:175)
        at java.util.concurrent.locks.AbstractQueuedSynchronizer$ConditionObject.await(AbstractQueuedSynchronizer.java:2039)
        at java.util.concurrent.ScheduledThreadPoolExecutor$DelayedWorkQueue.take(ScheduledThreadPoolExecutor.java:1088)
        at java.util.concurrent.ScheduledThreadPoolExecutor$DelayedWorkQueue.take(ScheduledThreadPoolExecutor.java:809)
        at java.util.concurrent.ThreadPoolExecutor.getTask(ThreadPoolExecutor.java:1074)
        at java.util.concurrent.ThreadPoolExecutor.runWorker(ThreadPoolExecutor.java:1134)
        at java.util.concurrent.ThreadPoolExecutor$Worker.run(ThreadPoolExecutor.java:624)
        at java.lang.Thread.run(Thread.java:750)
"IPC Server handler 19 on default port 15002" daemon prio=5 tid=110 timed_waiting
java.lang.Thread.State: TIMED_WAITING
        at sun.misc.Unsafe.park(Native Method)
        at java.util.concurrent.locks.LockSupport.parkNanos(LockSupport.java:215)
        at java.util.concurrent.locks.AbstractQueuedSynchronizer$ConditionObject.awaitNanos(AbstractQueuedSynchronizer.java:2078)
        at java.util.concurrent.LinkedBlockingQueue.poll(LinkedBlockingQueue.java:467)
        at org.apache.hadoop.ipc.CallQueueManager.take(CallQueueManager.java:317)
        at org.apache.hadoop.ipc.Server$Handler.run(Server.java:3014)
"StaleRecoveringContainerScrubbingService#8" daemon prio=5 tid=1436 in Object.wait()
java.lang.Thread.State: WAITING (on object monitor)
        at sun.misc.Unsafe.park(Native Method)
        at java.util.concurrent.locks.LockSupport.park(LockSupport.java:175)
        at java.util.concurrent.locks.AbstractQueuedSynchronizer$ConditionObject.await(AbstractQueuedSynchronizer.java:2039)
        at java.util.concurrent.ScheduledThreadPoolExecutor$DelayedWorkQueue.take(ScheduledThreadPoolExecutor.java:1088)
        at java.util.concurrent.ScheduledThreadPoolExecutor$DelayedWorkQueue.take(ScheduledThreadPoolExecutor.java:809)
        at java.util.concurrent.ThreadPoolExecutor.getTask(ThreadPoolExecutor.java:1074)
        at java.util.concurrent.ThreadPoolExecutor.runWorker(ThreadPoolExecutor.java:1134)
        at java.util.concurrent.ThreadPoolExecutor$Worker.run(ThreadPoolExecutor.java:624)
        at java.lang.Thread.run(Thread.java:750)
"qtp1022583148-194" daemon prio=5 tid=194 timed_waiting
java.lang.Thread.State: TIMED_WAITING
        at sun.misc.Unsafe.park(Native Method)
        at java.util.concurrent.locks.LockSupport.parkNanos(LockSupport.java:215)
        at java.util.concurrent.locks.AbstractQueuedSynchronizer$ConditionObject.awaitNanos(AbstractQueuedSynchronizer.java:2078)
        at org.eclipse.jetty.util.BlockingArrayQueue.poll(BlockingArrayQueue.java:382)
        at org.eclipse.jetty.util.thread.QueuedThreadPool$Runner.idleJobPoll(QueuedThreadPool.java:974)
        at org.eclipse.jetty.util.thread.QueuedThreadPool$Runner.run(QueuedThreadPool.java:1018)
        at java.lang.Thread.run(Thread.java:750)
"0eeb79a9-13fd-416c-b2a7-6f654c6b5029-ChunkReader-3" daemon prio=5 tid=1451 in Object.wait()
java.lang.Thread.State: WAITING (on object monitor)
        at sun.misc.Unsafe.park(Native Method)
        at java.util.concurrent.locks.LockSupport.park(LockSupport.java:175)
        at java.util.concurrent.locks.AbstractQueuedSynchronizer$ConditionObject.await(AbstractQueuedSynchronizer.java:2039)
        at java.util.concurrent.LinkedBlockingQueue.take(LinkedBlockingQueue.java:442)
        at java.util.concurrent.ThreadPoolExecutor.getTask(ThreadPoolExecutor.java:1074)
        at java.util.concurrent.ThreadPoolExecutor.runWorker(ThreadPoolExecutor.java:1134)
        at java.util.concurrent.ThreadPoolExecutor$Worker.run(ThreadPoolExecutor.java:624)
        at java.lang.Thread.run(Thread.java:750)
"4cee0e49-9f18-41f8-8e67-157ccbc15955-DatanodeReportManager-3" daemon prio=5 tid=328 timed_waiting
java.lang.Thread.State: TIMED_WAITING
        at sun.misc.Unsafe.park(Native Method)
        at java.util.concurrent.locks.LockSupport.parkNanos(LockSupport.java:215)
        at java.util.concurrent.locks.AbstractQueuedSynchronizer$ConditionObject.awaitNanos(AbstractQueuedSynchronizer.java:2078)
        at java.util.concurrent.ScheduledThreadPoolExecutor$DelayedWorkQueue.take(ScheduledThreadPoolExecutor.java:1093)
        at java.util.concurrent.ScheduledThreadPoolExecutor$DelayedWorkQueue.take(ScheduledThreadPoolExecutor.java:809)
        at java.util.concurrent.ThreadPoolExecutor.getTask(ThreadPoolExecutor.java:1074)
        at java.util.concurrent.ThreadPoolExecutor.runWorker(ThreadPoolExecutor.java:1134)
        at java.util.concurrent.ThreadPoolExecutor$Worker.run(ThreadPoolExecutor.java:624)
        at java.lang.Thread.run(Thread.java:750)
"0e92623e-4dcf-4eff-ae25-f8b8c2de319b@group-09A8159B88D0-FollowerState" daemon prio=5 tid=1293 timed_waiting
java.lang.Thread.State: TIMED_WAITING
        at java.lang.Thread.sleep(Native Method)
        at java.lang.Thread.sleep(Thread.java:342)
        at java.util.concurrent.TimeUnit.sleep(TimeUnit.java:386)
        at org.apache.ratis.util.TimeDuration.sleep(TimeDuration.java:325)
        at org.apache.ratis.util.TimeDuration.sleep(TimeDuration.java:310)
        at org.apache.ratis.server.impl.FollowerState.run(FollowerState.java:128)
"5f7d9b36-4620-4ba9-8a78-929bd6ddd1f9@group-6DBCDF991ECB-FollowerState" daemon prio=5 tid=1021 timed_waiting
java.lang.Thread.State: TIMED_WAITING
        at java.lang.Thread.sleep(Native Method)
        at java.lang.Thread.sleep(Thread.java:342)
        at java.util.concurrent.TimeUnit.sleep(TimeUnit.java:386)
        at org.apache.ratis.util.TimeDuration.sleep(TimeDuration.java:325)
        at org.apache.ratis.util.TimeDuration.sleep(TimeDuration.java:310)
        at org.apache.ratis.server.impl.FollowerState.run(FollowerState.java:128)
"JvmPauseMonitor6" daemon prio=5 tid=548 timed_waiting
java.lang.Thread.State: TIMED_WAITING
        at java.lang.Thread.sleep(Native Method)
        at java.lang.Thread.sleep(Thread.java:342)
        at java.util.concurrent.TimeUnit.sleep(TimeUnit.java:386)
        at org.apache.ratis.util.TimeDuration.sleep(TimeDuration.java:325)
        at org.apache.ratis.util.TimeDuration.sleep(TimeDuration.java:310)
        at org.apache.ratis.util.JvmPauseMonitor.detectPause(JvmPauseMonitor.java:117)
        at org.apache.ratis.util.JvmPauseMonitor.run(JvmPauseMonitor.java:106)
        at org.apache.ratis.util.JvmPauseMonitor$$Lambda$485/1144886446.run(Unknown Source)
        at java.lang.Thread.run(Thread.java:750)
"5f7d9b36-4620-4ba9-8a78-929bd6ddd1f9-ChunkReader-1" daemon prio=5 tid=1166 in Object.wait()
java.lang.Thread.State: WAITING (on object monitor)
        at sun.misc.Unsafe.park(Native Method)
        at java.util.concurrent.locks.LockSupport.park(LockSupport.java:175)
        at java.util.concurrent.locks.AbstractQueuedSynchronizer$ConditionObject.await(AbstractQueuedSynchronizer.java:2039)
        at java.util.concurrent.LinkedBlockingQueue.take(LinkedBlockingQueue.java:442)
        at java.util.concurrent.ThreadPoolExecutor.getTask(ThreadPoolExecutor.java:1074)
        at java.util.concurrent.ThreadPoolExecutor.runWorker(ThreadPoolExecutor.java:1134)
        at java.util.concurrent.ThreadPoolExecutor$Worker.run(ThreadPoolExecutor.java:624)
        at java.lang.Thread.run(Thread.java:750)
"18227f38-d602-4438-971e-c9cd287df9cb-PeriodicHDDSVolumeChecker" daemon prio=5 tid=586 timed_waiting
java.lang.Thread.State: TIMED_WAITING
        at sun.misc.Unsafe.park(Native Method)
        at java.util.concurrent.locks.LockSupport.parkNanos(LockSupport.java:215)
        at java.util.concurrent.locks.AbstractQueuedSynchronizer$ConditionObject.awaitNanos(AbstractQueuedSynchronizer.java:2078)
        at java.util.concurrent.ScheduledThreadPoolExecutor$DelayedWorkQueue.take(ScheduledThreadPoolExecutor.java:1093)
        at java.util.concurrent.ScheduledThreadPoolExecutor$DelayedWorkQueue.take(ScheduledThreadPoolExecutor.java:809)
        at java.util.concurrent.ThreadPoolExecutor.getTask(ThreadPoolExecutor.java:1074)
        at java.util.concurrent.ThreadPoolExecutor.runWorker(ThreadPoolExecutor.java:1134)
        at java.util.concurrent.ThreadPoolExecutor$Worker.run(ThreadPoolExecutor.java:624)
        at java.lang.Thread.run(Thread.java:750)
"92ba0aed-1dcc-4895-b5bb-fc45f440be2e-DatanodeStateMachineDaemonThread" daemon prio=5 tid=382 timed_waiting
java.lang.Thread.State: TIMED_WAITING
        at java.lang.Thread.sleep(Native Method)
        at org.apache.hadoop.ozone.container.common.statemachine.DatanodeStateMachine.startStateMachineThread(DatanodeStateMachine.java:369)
        at org.apache.hadoop.ozone.container.common.statemachine.DatanodeStateMachine.lambda$startDaemon$1(DatanodeStateMachine.java:556)
        at org.apache.hadoop.ozone.container.common.statemachine.DatanodeStateMachine$$Lambda$925/1394721877.run(Unknown Source)
        at java.lang.Thread.run(Thread.java:750)
"18227f38-d602-4438-971e-c9cd287df9cb-BlockDeletingService#2" daemon prio=5 tid=1427 in Object.wait()
java.lang.Thread.State: WAITING (on object monitor)
        at sun.misc.Unsafe.park(Native Method)
        at java.util.concurrent.locks.LockSupport.park(LockSupport.java:175)
        at java.util.concurrent.locks.AbstractQueuedSynchronizer$ConditionObject.await(AbstractQueuedSynchronizer.java:2039)
        at java.util.concurrent.ScheduledThreadPoolExecutor$DelayedWorkQueue.take(ScheduledThreadPoolExecutor.java:1088)
        at java.util.concurrent.ScheduledThreadPoolExecutor$DelayedWorkQueue.take(ScheduledThreadPoolExecutor.java:809)
        at java.util.concurrent.ThreadPoolExecutor.getTask(ThreadPoolExecutor.java:1074)
        at java.util.concurrent.ThreadPoolExecutor.runWorker(ThreadPoolExecutor.java:1134)
        at java.util.concurrent.ThreadPoolExecutor$Worker.run(ThreadPoolExecutor.java:624)
        at java.lang.Thread.run(Thread.java:750)
"Timer for 'StorageContainerManager' metrics system" daemon prio=5 tid=50 timed_waiting
java.lang.Thread.State: TIMED_WAITING
        at java.lang.Object.wait(Native Method)
        at java.util.TimerThread.mainLoop(Timer.java:552)
        at java.util.TimerThread.run(Timer.java:505)
"JvmPauseMonitor10" daemon prio=5 tid=609 timed_waiting
java.lang.Thread.State: TIMED_WAITING
        at java.lang.Thread.sleep(Native Method)
        at java.lang.Thread.sleep(Thread.java:342)
        at java.util.concurrent.TimeUnit.sleep(TimeUnit.java:386)
        at org.apache.ratis.util.TimeDuration.sleep(TimeDuration.java:325)
        at org.apache.ratis.util.TimeDuration.sleep(TimeDuration.java:310)
        at org.apache.ratis.util.JvmPauseMonitor.detectPause(JvmPauseMonitor.java:117)
        at org.apache.ratis.util.JvmPauseMonitor.run(JvmPauseMonitor.java:106)
        at org.apache.ratis.util.JvmPauseMonitor$$Lambda$485/1144886446.run(Unknown Source)
        at java.lang.Thread.run(Thread.java:750)
"5f7d9b36-4620-4ba9-8a78-929bd6ddd1f9-ec-reconstruct-reader-TID-0"  prio=5 tid=1154 in Object.wait()
java.lang.Thread.State: WAITING (on object monitor)
        at sun.misc.Unsafe.park(Native Method)
        at java.util.concurrent.locks.LockSupport.park(LockSupport.java:175)
        at java.util.concurrent.SynchronousQueue$TransferStack.awaitFulfill(SynchronousQueue.java:458)
        at java.util.concurrent.SynchronousQueue$TransferStack.transfer(SynchronousQueue.java:362)
        at java.util.concurrent.SynchronousQueue.take(SynchronousQueue.java:924)
        at java.util.concurrent.ThreadPoolExecutor.getTask(ThreadPoolExecutor.java:1074)
        at java.util.concurrent.ThreadPoolExecutor.runWorker(ThreadPoolExecutor.java:1134)
        at java.util.concurrent.ThreadPoolExecutor$Worker.run(ThreadPoolExecutor.java:624)
        at java.lang.Thread.run(Thread.java:750)
"qtp1623275279-459" daemon prio=5 tid=459 timed_waiting
java.lang.Thread.State: TIMED_WAITING
        at sun.misc.Unsafe.park(Native Method)
        at java.util.concurrent.locks.LockSupport.parkNanos(LockSupport.java:215)
        at java.util.concurrent.locks.AbstractQueuedSynchronizer$ConditionObject.awaitNanos(AbstractQueuedSynchronizer.java:2078)
        at org.eclipse.jetty.util.BlockingArrayQueue.poll(BlockingArrayQueue.java:382)
        at org.eclipse.jetty.util.thread.QueuedThreadPool$Runner.idleJobPoll(QueuedThreadPool.java:974)
        at org.eclipse.jetty.util.thread.QueuedThreadPool$Runner.run(QueuedThreadPool.java:1018)
        at java.lang.Thread.run(Thread.java:750)
"StaleRecoveringContainerScrubbingService#2" daemon prio=5 tid=920 in Object.wait()
java.lang.Thread.State: WAITING (on object monitor)
        at sun.misc.Unsafe.park(Native Method)
        at java.util.concurrent.locks.LockSupport.park(LockSupport.java:175)
        at java.util.concurrent.locks.AbstractQueuedSynchronizer$ConditionObject.await(AbstractQueuedSynchronizer.java:2039)
        at java.util.concurrent.ScheduledThreadPoolExecutor$DelayedWorkQueue.take(ScheduledThreadPoolExecutor.java:1088)
        at java.util.concurrent.ScheduledThreadPoolExecutor$DelayedWorkQueue.take(ScheduledThreadPoolExecutor.java:809)
        at java.util.concurrent.ThreadPoolExecutor.getTask(ThreadPoolExecutor.java:1074)
        at java.util.concurrent.ThreadPoolExecutor.runWorker(ThreadPoolExecutor.java:1134)
        at java.util.concurrent.ThreadPoolExecutor$Worker.run(ThreadPoolExecutor.java:624)
        at java.lang.Thread.run(Thread.java:750)
"0eeb79a9-13fd-416c-b2a7-6f654c6b5029@group-52AF94BE594D-StateMachineUpdater" daemon prio=5 tid=1264 timed_waiting
java.lang.Thread.State: TIMED_WAITING
        at sun.misc.Unsafe.park(Native Method)
        at java.util.concurrent.locks.LockSupport.parkNanos(LockSupport.java:215)
        at java.util.concurrent.locks.AbstractQueuedSynchronizer$ConditionObject.await(AbstractQueuedSynchronizer.java:2163)
        at org.apache.ratis.util.AwaitForSignal.await(AwaitForSignal.java:62)
        at org.apache.ratis.server.impl.StateMachineUpdater.waitForCommit(StateMachineUpdater.java:209)
        at org.apache.ratis.server.impl.StateMachineUpdater.run(StateMachineUpdater.java:178)
        at java.lang.Thread.run(Thread.java:750)
"92ba0aed-1dcc-4895-b5bb-fc45f440be2e-server-thread2" daemon prio=5 tid=973 timed_waiting
java.lang.Thread.State: TIMED_WAITING
        at sun.misc.Unsafe.park(Native Method)
        at java.util.concurrent.locks.LockSupport.parkNanos(LockSupport.java:215)
        at java.util.concurrent.SynchronousQueue$TransferStack.awaitFulfill(SynchronousQueue.java:460)
        at java.util.concurrent.SynchronousQueue$TransferStack.transfer(SynchronousQueue.java:362)
        at java.util.concurrent.SynchronousQueue.poll(SynchronousQueue.java:941)
        at java.util.concurrent.ThreadPoolExecutor.getTask(ThreadPoolExecutor.java:1073)
        at java.util.concurrent.ThreadPoolExecutor.runWorker(ThreadPoolExecutor.java:1134)
        at java.util.concurrent.ThreadPoolExecutor$Worker.run(ThreadPoolExecutor.java:624)
        at java.lang.Thread.run(Thread.java:750)
"fedf11b8-0957-422e-880a-91cc26979c7a-ChunkWriter-1-0" daemon prio=5 tid=485 in Object.wait()
java.lang.Thread.State: WAITING (on object monitor)
        at sun.misc.Unsafe.park(Native Method)
        at java.util.concurrent.locks.LockSupport.park(LockSupport.java:175)
        at java.util.concurrent.locks.AbstractQueuedSynchronizer$ConditionObject.await(AbstractQueuedSynchronizer.java:2039)
        at java.util.concurrent.LinkedBlockingDeque.takeFirst(LinkedBlockingDeque.java:492)
        at java.util.concurrent.LinkedBlockingDeque.take(LinkedBlockingDeque.java:680)
        at java.util.concurrent.ThreadPoolExecutor.getTask(ThreadPoolExecutor.java:1074)
        at java.util.concurrent.ThreadPoolExecutor.runWorker(ThreadPoolExecutor.java:1134)
        at java.util.concurrent.ThreadPoolExecutor$Worker.run(ThreadPoolExecutor.java:624)
        at java.lang.Thread.run(Thread.java:750)
"4cee0e49-9f18-41f8-8e67-157ccbc15955-ChunkReader-1" daemon prio=5 tid=1047 in Object.wait()
java.lang.Thread.State: WAITING (on object monitor)
        at sun.misc.Unsafe.park(Native Method)
        at java.util.concurrent.locks.LockSupport.park(LockSupport.java:175)
        at java.util.concurrent.locks.AbstractQueuedSynchronizer$ConditionObject.await(AbstractQueuedSynchronizer.java:2039)
        at java.util.concurrent.LinkedBlockingQueue.take(LinkedBlockingQueue.java:442)
        at java.util.concurrent.ThreadPoolExecutor.getTask(ThreadPoolExecutor.java:1074)
        at java.util.concurrent.ThreadPoolExecutor.runWorker(ThreadPoolExecutor.java:1134)
        at java.util.concurrent.ThreadPoolExecutor$Worker.run(ThreadPoolExecutor.java:624)
        at java.lang.Thread.run(Thread.java:750)
"IPC Server handler 1 on default port 15000" daemon prio=5 tid=52 timed_waiting
java.lang.Thread.State: TIMED_WAITING
        at sun.misc.Unsafe.park(Native Method)
        at java.util.concurrent.locks.LockSupport.parkNanos(LockSupport.java:215)
        at java.util.concurrent.locks.AbstractQueuedSynchronizer$ConditionObject.awaitNanos(AbstractQueuedSynchronizer.java:2078)
        at java.util.concurrent.LinkedBlockingQueue.poll(LinkedBlockingQueue.java:467)
        at org.apache.hadoop.ipc.CallQueueManager.take(CallQueueManager.java:317)
        at org.apache.hadoop.ipc.Server$Handler.run(Server.java:3014)
"FixedThreadPoolWithAffinityExecutor-3-0" daemon prio=5 tid=43 timed_waiting
java.lang.Thread.State: TIMED_WAITING
        at sun.misc.Unsafe.park(Native Method)
        at java.util.concurrent.locks.LockSupport.parkNanos(LockSupport.java:215)
        at java.util.concurrent.locks.AbstractQueuedSynchronizer$ConditionObject.awaitNanos(AbstractQueuedSynchronizer.java:2078)
        at java.util.concurrent.LinkedBlockingQueue.poll(LinkedBlockingQueue.java:467)
        at org.apache.hadoop.hdds.scm.server.ContainerReportQueue.poll(ContainerReportQueue.java:266)
        at org.apache.hadoop.hdds.scm.server.ContainerReportQueue.poll(ContainerReportQueue.java:42)
        at org.apache.hadoop.hdds.server.events.FixedThreadPoolWithAffinityExecutor$ContainerReportProcessTask.run(FixedThreadPoolWithAffinityExecutor.java:253)
        at java.util.concurrent.Executors$RunnableAdapter.call(Executors.java:511)
        at java.util.concurrent.FutureTask.run(FutureTask.java:266)
        at java.util.concurrent.ThreadPoolExecutor.runWorker(ThreadPoolExecutor.java:1149)
        at java.util.concurrent.ThreadPoolExecutor$Worker.run(ThreadPoolExecutor.java:624)
        at java.lang.Thread.run(Thread.java:750)
"IPC Server handler 10 on default port 15002" daemon prio=5 tid=101 timed_waiting
java.lang.Thread.State: TIMED_WAITING
        at sun.misc.Unsafe.park(Native Method)
        at java.util.concurrent.locks.LockSupport.parkNanos(LockSupport.java:215)
        at java.util.concurrent.locks.AbstractQueuedSynchronizer$ConditionObject.awaitNanos(AbstractQueuedSynchronizer.java:2078)
        at java.util.concurrent.LinkedBlockingQueue.poll(LinkedBlockingQueue.java:467)
        at org.apache.hadoop.ipc.CallQueueManager.take(CallQueueManager.java:317)
        at org.apache.hadoop.ipc.Server$Handler.run(Server.java:3014)
"0e92623e-4dcf-4eff-ae25-f8b8c2de319b-ChunkReader-3" daemon prio=5 tid=1056 in Object.wait()
java.lang.Thread.State: WAITING (on object monitor)
        at sun.misc.Unsafe.park(Native Method)
        at java.util.concurrent.locks.LockSupport.park(LockSupport.java:175)
        at java.util.concurrent.locks.AbstractQueuedSynchronizer$ConditionObject.await(AbstractQueuedSynchronizer.java:2039)
        at java.util.concurrent.LinkedBlockingQueue.take(LinkedBlockingQueue.java:442)
        at java.util.concurrent.ThreadPoolExecutor.getTask(ThreadPoolExecutor.java:1074)
        at java.util.concurrent.ThreadPoolExecutor.runWorker(ThreadPoolExecutor.java:1134)
        at java.util.concurrent.ThreadPoolExecutor$Worker.run(ThreadPoolExecutor.java:624)
        at java.lang.Thread.run(Thread.java:750)
"org.apache.hadoop.ozone.container.common.statemachine.commandhandler.DeleteBlocksCommandHandler$DeleteCmdWorker@6695efc9" daemon prio=5 tid=278 timed_waiting
java.lang.Thread.State: TIMED_WAITING
        at java.lang.Thread.sleep(Native Method)
        at org.apache.hadoop.ozone.container.common.statemachine.commandhandler.DeleteBlocksCommandHandler$DeleteCmdWorker.run(DeleteBlocksCommandHandler.java:237)
        at java.lang.Thread.run(Thread.java:750)
"StaleRecoveringContainerScrubbingService#1" daemon prio=5 tid=1226 in Object.wait()
java.lang.Thread.State: WAITING (on object monitor)
        at sun.misc.Unsafe.park(Native Method)
        at java.util.concurrent.locks.LockSupport.park(LockSupport.java:175)
        at java.util.concurrent.locks.AbstractQueuedSynchronizer$ConditionObject.await(AbstractQueuedSynchronizer.java:2039)
        at java.util.concurrent.ScheduledThreadPoolExecutor$DelayedWorkQueue.take(ScheduledThreadPoolExecutor.java:1088)
        at java.util.concurrent.ScheduledThreadPoolExecutor$DelayedWorkQueue.take(ScheduledThreadPoolExecutor.java:809)
        at java.util.concurrent.ThreadPoolExecutor.getTask(ThreadPoolExecutor.java:1074)
        at java.util.concurrent.ThreadPoolExecutor.runWorker(ThreadPoolExecutor.java:1134)
        at java.util.concurrent.ThreadPoolExecutor$Worker.run(ThreadPoolExecutor.java:624)
        at java.lang.Thread.run(Thread.java:750)
"92ba0aed-1dcc-4895-b5bb-fc45f440be2e-ChunkWriter-2-0" daemon prio=5 tid=576 in Object.wait()
java.lang.Thread.State: WAITING (on object monitor)
        at sun.misc.Unsafe.park(Native Method)
        at java.util.concurrent.locks.LockSupport.park(LockSupport.java:175)
        at java.util.concurrent.locks.AbstractQueuedSynchronizer$ConditionObject.await(AbstractQueuedSynchronizer.java:2039)
        at java.util.concurrent.LinkedBlockingDeque.takeFirst(LinkedBlockingDeque.java:492)
        at java.util.concurrent.LinkedBlockingDeque.take(LinkedBlockingDeque.java:680)
        at java.util.concurrent.ThreadPoolExecutor.getTask(ThreadPoolExecutor.java:1074)
        at java.util.concurrent.ThreadPoolExecutor.runWorker(ThreadPoolExecutor.java:1134)
        at java.util.concurrent.ThreadPoolExecutor$Worker.run(ThreadPoolExecutor.java:624)
        at java.lang.Thread.run(Thread.java:750)
"IPC Server handler 2 on default port 15002" daemon prio=5 tid=93 timed_waiting
java.lang.Thread.State: TIMED_WAITING
        at sun.misc.Unsafe.park(Native Method)
        at java.util.concurrent.locks.LockSupport.parkNanos(LockSupport.java:215)
        at java.util.concurrent.locks.AbstractQueuedSynchronizer$ConditionObject.awaitNanos(AbstractQueuedSynchronizer.java:2078)
        at java.util.concurrent.LinkedBlockingQueue.poll(LinkedBlockingQueue.java:467)
        at org.apache.hadoop.ipc.CallQueueManager.take(CallQueueManager.java:317)
        at org.apache.hadoop.ipc.Server$Handler.run(Server.java:3014)
"om1-MultipartUploadCleanupService#0" daemon prio=5 tid=154 timed_waiting
java.lang.Thread.State: TIMED_WAITING
        at sun.misc.Unsafe.park(Native Method)
        at java.util.concurrent.locks.LockSupport.parkNanos(LockSupport.java:215)
        at java.util.concurrent.locks.AbstractQueuedSynchronizer$ConditionObject.awaitNanos(AbstractQueuedSynchronizer.java:2078)
        at java.util.concurrent.ScheduledThreadPoolExecutor$DelayedWorkQueue.take(ScheduledThreadPoolExecutor.java:1093)
        at java.util.concurrent.ScheduledThreadPoolExecutor$DelayedWorkQueue.take(ScheduledThreadPoolExecutor.java:809)
        at java.util.concurrent.ThreadPoolExecutor.getTask(ThreadPoolExecutor.java:1074)
        at java.util.concurrent.ThreadPoolExecutor.runWorker(ThreadPoolExecutor.java:1134)
        at java.util.concurrent.ThreadPoolExecutor$Worker.run(ThreadPoolExecutor.java:624)
        at java.lang.Thread.run(Thread.java:750)
"IPC Client (1655039175) connection to 0.0.0.0/0.0.0.0:15002 from runner" daemon prio=5 tid=479 timed_waiting
java.lang.Thread.State: TIMED_WAITING
        at java.lang.Object.wait(Native Method)
        at org.apache.hadoop.ipc.Client$Connection.waitForWork(Client.java:1026)
        at org.apache.hadoop.ipc.Client$Connection.run(Client.java:1077)
"IPC Server handler 4 on default port 15004" daemon prio=5 tid=169 timed_waiting
java.lang.Thread.State: TIMED_WAITING
        at sun.misc.Unsafe.park(Native Method)
        at java.util.concurrent.locks.LockSupport.parkNanos(LockSupport.java:215)
        at java.util.concurrent.locks.AbstractQueuedSynchronizer$ConditionObject.awaitNanos(AbstractQueuedSynchronizer.java:2078)
        at java.util.concurrent.LinkedBlockingQueue.poll(LinkedBlockingQueue.java:467)
        at org.apache.hadoop.ipc.CallQueueManager.take(CallQueueManager.java:317)
        at org.apache.hadoop.ipc.Server$Handler.run(Server.java:3014)
"pool-168-thread-1"  prio=5 tid=279 timed_waiting
java.lang.Thread.State: TIMED_WAITING
        at sun.misc.Unsafe.park(Native Method)
        at java.util.concurrent.locks.LockSupport.parkNanos(LockSupport.java:215)
        at java.util.concurrent.locks.AbstractQueuedSynchronizer$ConditionObject.awaitNanos(AbstractQueuedSynchronizer.java:2078)
        at java.util.concurrent.ScheduledThreadPoolExecutor$DelayedWorkQueue.take(ScheduledThreadPoolExecutor.java:1093)
        at java.util.concurrent.ScheduledThreadPoolExecutor$DelayedWorkQueue.take(ScheduledThreadPoolExecutor.java:809)
        at java.util.concurrent.ThreadPoolExecutor.getTask(ThreadPoolExecutor.java:1074)
        at java.util.concurrent.ThreadPoolExecutor.runWorker(ThreadPoolExecutor.java:1134)
        at java.util.concurrent.ThreadPoolExecutor$Worker.run(ThreadPoolExecutor.java:624)
        at java.lang.Thread.run(Thread.java:750)
"0e92623e-4dcf-4eff-ae25-f8b8c2de319b@group-D7F06CC11252-StateMachineUpdater" daemon prio=5 tid=750 timed_waiting
java.lang.Thread.State: TIMED_WAITING
        at sun.misc.Unsafe.park(Native Method)
        at java.util.concurrent.locks.LockSupport.parkNanos(LockSupport.java:215)
        at java.util.concurrent.locks.AbstractQueuedSynchronizer$ConditionObject.await(AbstractQueuedSynchronizer.java:2163)
        at org.apache.ratis.util.AwaitForSignal.await(AwaitForSignal.java:62)
        at org.apache.ratis.server.impl.StateMachineUpdater.waitForCommit(StateMachineUpdater.java:209)
        at org.apache.ratis.server.impl.StateMachineUpdater.run(StateMachineUpdater.java:178)
        at java.lang.Thread.run(Thread.java:750)
"FixedThreadPoolWithAffinityExecutor-0-0" daemon prio=5 tid=40 timed_waiting
java.lang.Thread.State: TIMED_WAITING
        at sun.misc.Unsafe.park(Native Method)
        at java.util.concurrent.locks.LockSupport.parkNanos(LockSupport.java:215)
        at java.util.concurrent.locks.AbstractQueuedSynchronizer$ConditionObject.awaitNanos(AbstractQueuedSynchronizer.java:2078)
        at java.util.concurrent.LinkedBlockingQueue.poll(LinkedBlockingQueue.java:467)
        at org.apache.hadoop.hdds.scm.server.ContainerReportQueue.poll(ContainerReportQueue.java:266)
        at org.apache.hadoop.hdds.scm.server.ContainerReportQueue.poll(ContainerReportQueue.java:42)
        at org.apache.hadoop.hdds.server.events.FixedThreadPoolWithAffinityExecutor$ContainerReportProcessTask.run(FixedThreadPoolWithAffinityExecutor.java:253)
        at java.util.concurrent.Executors$RunnableAdapter.call(Executors.java:511)
        at java.util.concurrent.FutureTask.run(FutureTask.java:266)
        at java.util.concurrent.ThreadPoolExecutor.runWorker(ThreadPoolExecutor.java:1149)
        at java.util.concurrent.ThreadPoolExecutor$Worker.run(ThreadPoolExecutor.java:624)
        at java.lang.Thread.run(Thread.java:750)
"pool-228-thread-1" daemon prio=5 tid=573 timed_waiting
java.lang.Thread.State: TIMED_WAITING
        at sun.misc.Unsafe.park(Native Method)
        at java.util.concurrent.locks.LockSupport.parkNanos(LockSupport.java:215)
        at java.util.concurrent.locks.AbstractQueuedSynchronizer$ConditionObject.awaitNanos(AbstractQueuedSynchronizer.java:2078)
        at java.util.concurrent.ScheduledThreadPoolExecutor$DelayedWorkQueue.take(ScheduledThreadPoolExecutor.java:1093)
        at java.util.concurrent.ScheduledThreadPoolExecutor$DelayedWorkQueue.take(ScheduledThreadPoolExecutor.java:809)
        at java.util.concurrent.ThreadPoolExecutor.getTask(ThreadPoolExecutor.java:1074)
        at java.util.concurrent.ThreadPoolExecutor.runWorker(ThreadPoolExecutor.java:1134)
        at java.util.concurrent.ThreadPoolExecutor$Worker.run(ThreadPoolExecutor.java:624)
        at java.lang.Thread.run(Thread.java:750)
"5f7d9b36-4620-4ba9-8a78-929bd6ddd1f9-ec-reconstruct-reader-TID-2"  prio=5 tid=1156 in Object.wait()
java.lang.Thread.State: WAITING (on object monitor)
        at sun.misc.Unsafe.park(Native Method)
        at java.util.concurrent.locks.LockSupport.park(LockSupport.java:175)
        at java.util.concurrent.SynchronousQueue$TransferStack.awaitFulfill(SynchronousQueue.java:458)
        at java.util.concurrent.SynchronousQueue$TransferStack.transfer(SynchronousQueue.java:362)
        at java.util.concurrent.SynchronousQueue.take(SynchronousQueue.java:924)
        at java.util.concurrent.ThreadPoolExecutor.getTask(ThreadPoolExecutor.java:1074)
        at java.util.concurrent.ThreadPoolExecutor.runWorker(ThreadPoolExecutor.java:1134)
        at java.util.concurrent.ThreadPoolExecutor$Worker.run(ThreadPoolExecutor.java:624)
        at java.lang.Thread.run(Thread.java:750)
"qtp1022583148-191" daemon prio=5 tid=191 runnable
java.lang.Thread.State: RUNNABLE
        at sun.nio.ch.EPollArrayWrapper.epollWait(Native Method)
        at sun.nio.ch.EPollArrayWrapper.poll(EPollArrayWrapper.java:269)
        at sun.nio.ch.EPollSelectorImpl.doSelect(EPollSelectorImpl.java:93)
        at sun.nio.ch.SelectorImpl.lockAndDoSelect(SelectorImpl.java:86)
        at sun.nio.ch.SelectorImpl.select(SelectorImpl.java:97)
        at sun.nio.ch.SelectorImpl.select(SelectorImpl.java:101)
        at org.eclipse.jetty.io.ManagedSelector.nioSelect(ManagedSelector.java:183)
        at org.eclipse.jetty.io.ManagedSelector.select(ManagedSelector.java:190)
        at org.eclipse.jetty.io.ManagedSelector$SelectorProducer.select(ManagedSelector.java:606)
        at org.eclipse.jetty.io.ManagedSelector$SelectorProducer.produce(ManagedSelector.java:543)
        at org.eclipse.jetty.util.thread.strategy.EatWhatYouKill.produceTask(EatWhatYouKill.java:362)
        at org.eclipse.jetty.util.thread.strategy.EatWhatYouKill.doProduce(EatWhatYouKill.java:186)
        at org.eclipse.jetty.util.thread.strategy.EatWhatYouKill.tryProduce(EatWhatYouKill.java:173)
        at org.eclipse.jetty.util.thread.strategy.EatWhatYouKill.produce(EatWhatYouKill.java:137)
        at org.eclipse.jetty.io.ManagedSelector$$Lambda$519/57301464.run(Unknown Source)
        at org.eclipse.jetty.util.thread.QueuedThreadPool.runJob(QueuedThreadPool.java:883)
        at org.eclipse.jetty.util.thread.QueuedThreadPool$Runner.run(QueuedThreadPool.java:1034)
        at java.lang.Thread.run(Thread.java:750)
"IPC Server idle connection scanner for port 15019" daemon prio=5 tid=233 timed_waiting
java.lang.Thread.State: TIMED_WAITING
        at java.lang.Object.wait(Native Method)
        at java.util.TimerThread.mainLoop(Timer.java:552)
        at java.util.TimerThread.run(Timer.java:505)
"IPC Server handler 1 on default port 15002" daemon prio=5 tid=92 timed_waiting
java.lang.Thread.State: TIMED_WAITING
        at sun.misc.Unsafe.park(Native Method)
        at java.util.concurrent.locks.LockSupport.parkNanos(LockSupport.java:215)
        at java.util.concurrent.locks.AbstractQueuedSynchronizer$ConditionObject.awaitNanos(AbstractQueuedSynchronizer.java:2078)
        at java.util.concurrent.LinkedBlockingQueue.poll(LinkedBlockingQueue.java:467)
        at org.apache.hadoop.ipc.CallQueueManager.take(CallQueueManager.java:317)
        at org.apache.hadoop.ipc.Server$Handler.run(Server.java:3014)
"StaleRecoveringContainerScrubbingService#9" daemon prio=5 tid=1464 in Object.wait()
java.lang.Thread.State: WAITING (on object monitor)
        at sun.misc.Unsafe.park(Native Method)
        at java.util.concurrent.locks.LockSupport.park(LockSupport.java:175)
        at java.util.concurrent.locks.AbstractQueuedSynchronizer$ConditionObject.await(AbstractQueuedSynchronizer.java:2039)
        at java.util.concurrent.ScheduledThreadPoolExecutor$DelayedWorkQueue.take(ScheduledThreadPoolExecutor.java:1088)
        at java.util.concurrent.ScheduledThreadPoolExecutor$DelayedWorkQueue.take(ScheduledThreadPoolExecutor.java:809)
        at java.util.concurrent.ThreadPoolExecutor.getTask(ThreadPoolExecutor.java:1074)
        at java.util.concurrent.ThreadPoolExecutor.runWorker(ThreadPoolExecutor.java:1134)
        at java.util.concurrent.ThreadPoolExecutor$Worker.run(ThreadPoolExecutor.java:624)
        at java.lang.Thread.run(Thread.java:750)
"0e92623e-4dcf-4eff-ae25-f8b8c2de319b-groupManagement"  prio=5 tid=725 in Object.wait()
java.lang.Thread.State: WAITING (on object monitor)
        at sun.misc.Unsafe.park(Native Method)
        at java.util.concurrent.locks.LockSupport.park(LockSupport.java:175)
        at java.util.concurrent.locks.AbstractQueuedSynchronizer$ConditionObject.await(AbstractQueuedSynchronizer.java:2039)
        at java.util.concurrent.LinkedBlockingQueue.take(LinkedBlockingQueue.java:442)
        at java.util.concurrent.ThreadPoolExecutor.getTask(ThreadPoolExecutor.java:1074)
        at java.util.concurrent.ThreadPoolExecutor.runWorker(ThreadPoolExecutor.java:1134)
        at java.util.concurrent.ThreadPoolExecutor$Worker.run(ThreadPoolExecutor.java:624)
        at java.lang.Thread.run(Thread.java:750)
"StaleRecoveringContainerScrubbingService#6" daemon prio=5 tid=1322 in Object.wait()
java.lang.Thread.State: WAITING (on object monitor)
        at sun.misc.Unsafe.park(Native Method)
        at java.util.concurrent.locks.LockSupport.park(LockSupport.java:175)
        at java.util.concurrent.locks.AbstractQueuedSynchronizer$ConditionObject.await(AbstractQueuedSynchronizer.java:2039)
        at java.util.concurrent.ScheduledThreadPoolExecutor$DelayedWorkQueue.take(ScheduledThreadPoolExecutor.java:1088)
        at java.util.concurrent.ScheduledThreadPoolExecutor$DelayedWorkQueue.take(ScheduledThreadPoolExecutor.java:809)
        at java.util.concurrent.ThreadPoolExecutor.getTask(ThreadPoolExecutor.java:1074)
        at java.util.concurrent.ThreadPoolExecutor.runWorker(ThreadPoolExecutor.java:1134)
        at java.util.concurrent.ThreadPoolExecutor$Worker.run(ThreadPoolExecutor.java:624)
        at java.lang.Thread.run(Thread.java:750)
"StaleRecoveringContainerScrubbingService#2" daemon prio=5 tid=878 in Object.wait()
java.lang.Thread.State: WAITING (on object monitor)
        at sun.misc.Unsafe.park(Native Method)
        at java.util.concurrent.locks.LockSupport.park(LockSupport.java:175)
        at java.util.concurrent.locks.AbstractQueuedSynchronizer$ConditionObject.await(AbstractQueuedSynchronizer.java:2039)
        at java.util.concurrent.ScheduledThreadPoolExecutor$DelayedWorkQueue.take(ScheduledThreadPoolExecutor.java:1088)
        at java.util.concurrent.ScheduledThreadPoolExecutor$DelayedWorkQueue.take(ScheduledThreadPoolExecutor.java:809)
        at java.util.concurrent.ThreadPoolExecutor.getTask(ThreadPoolExecutor.java:1074)
        at java.util.concurrent.ThreadPoolExecutor.runWorker(ThreadPoolExecutor.java:1134)
        at java.util.concurrent.ThreadPoolExecutor$Worker.run(ThreadPoolExecutor.java:624)
        at java.lang.Thread.run(Thread.java:750)
"0e92623e-4dcf-4eff-ae25-f8b8c2de319b-EndpointStateMachineTaskThread-/0.0.0.0:15002-0 "  prio=5 tid=616 in Object.wait()
java.lang.Thread.State: WAITING (on object monitor)
        at sun.misc.Unsafe.park(Native Method)
        at java.util.concurrent.locks.LockSupport.park(LockSupport.java:175)
        at java.util.concurrent.locks.AbstractQueuedSynchronizer$ConditionObject.await(AbstractQueuedSynchronizer.java:2039)
        at java.util.concurrent.LinkedBlockingQueue.take(LinkedBlockingQueue.java:442)
        at java.util.concurrent.ThreadPoolExecutor.getTask(ThreadPoolExecutor.java:1074)
        at java.util.concurrent.ThreadPoolExecutor.runWorker(ThreadPoolExecutor.java:1134)
        at java.util.concurrent.ThreadPoolExecutor$Worker.run(ThreadPoolExecutor.java:624)
        at java.lang.Thread.run(Thread.java:750)


	at org.apache.ozone.test.GenericTestUtils.waitFor(GenericTestUtils.java:231)
	at org.apache.hadoop.ozone.container.TestECContainerRecovery.testECContainerRecoveryWithTimedOutRecovery(TestECContainerRecovery.java:345)
	at sun.reflect.NativeMethodAccessorImpl.invoke0(Native Method)
	at sun.reflect.NativeMethodAccessorImpl.invoke(NativeMethodAccessorImpl.java:62)
	at sun.reflect.DelegatingMethodAccessorImpl.invoke(DelegatingMethodAccessorImpl.java:43)
	at java.lang.reflect.Method.invoke(Method.java:498)
	at org.junit.platform.commons.util.ReflectionUtils.invokeMethod(ReflectionUtils.java:725)
	at org.junit.jupiter.engine.execution.MethodInvocation.proceed(MethodInvocation.java:60)
	at org.junit.jupiter.engine.execution.InvocationInterceptorChain$ValidatingInvocation.proceed(InvocationInterceptorChain.java:131)
	at org.junit.jupiter.engine.extension.TimeoutExtension.intercept(TimeoutExtension.java:149)
	at org.junit.jupiter.engine.extension.TimeoutExtension.interceptTestableMethod(TimeoutExtension.java:140)
	at org.junit.jupiter.engine.extension.TimeoutExtension.interceptTestMethod(TimeoutExtension.java:84)
	at org.junit.jupiter.engine.execution.ExecutableInvoker$ReflectiveInterceptorCall.lambda$ofVoidMethod$0(ExecutableInvoker.java:115)
	at org.junit.jupiter.engine.execution.ExecutableInvoker.lambda$invoke$0(ExecutableInvoker.java:105)
	at org.junit.jupiter.engine.execution.InvocationInterceptorChain$InterceptedInvocation.proceed(InvocationInterceptorChain.java:106)
	at org.junit.jupiter.engine.execution.InvocationInterceptorChain.proceed(InvocationInterceptorChain.java:64)
	at org.junit.jupiter.engine.execution.InvocationInterceptorChain.chainAndInvoke(InvocationInterceptorChain.java:45)
	at org.junit.jupiter.engine.execution.InvocationInterceptorChain.invoke(InvocationInterceptorChain.java:37)
	at org.junit.jupiter.engine.execution.ExecutableInvoker.invoke(ExecutableInvoker.java:104)
	at org.junit.jupiter.engine.execution.ExecutableInvoker.invoke(ExecutableInvoker.java:98)
	at org.junit.jupiter.engine.descriptor.TestMethodTestDescriptor.lambda$invokeTestMethod$7(TestMethodTestDescriptor.java:214)
	at org.junit.platform.engine.support.hierarchical.ThrowableCollector.execute(ThrowableCollector.java:73)
	at org.junit.jupiter.engine.descriptor.TestMethodTestDescriptor.invokeTestMethod(TestMethodTestDescriptor.java:210)
	at org.junit.jupiter.engine.descriptor.TestMethodTestDescriptor.execute(TestMethodTestDescriptor.java:135)
	at org.junit.jupiter.engine.descriptor.TestMethodTestDescriptor.execute(TestMethodTestDescriptor.java:66)
	at org.junit.platform.engine.support.hierarchical.NodeTestTask.lambda$executeRecursively$6(NodeTestTask.java:151)
	at org.junit.platform.engine.support.hierarchical.ThrowableCollector.execute(ThrowableCollector.java:73)
	at org.junit.platform.engine.support.hierarchical.NodeTestTask.lambda$executeRecursively$8(NodeTestTask.java:141)
	at org.junit.platform.engine.support.hierarchical.Node.around(Node.java:137)
	at org.junit.platform.engine.support.hierarchical.NodeTestTask.lambda$executeRecursively$9(NodeTestTask.java:139)
	at org.junit.platform.engine.support.hierarchical.ThrowableCollector.execute(ThrowableCollector.java:73)
	at org.junit.platform.engine.support.hierarchical.NodeTestTask.executeRecursively(NodeTestTask.java:138)
	at org.junit.platform.engine.support.hierarchical.NodeTestTask.execute(NodeTestTask.java:95)
	at java.util.ArrayList.forEach(ArrayList.java:1259)
	at org.junit.platform.engine.support.hierarchical.SameThreadHierarchicalTestExecutorService.invokeAll(SameThreadHierarchicalTestExecutorService.java:41)
	at org.junit.platform.engine.support.hierarchical.NodeTestTask.lambda$executeRecursively$6(NodeTestTask.java:155)
	at org.junit.platform.engine.support.hierarchical.ThrowableCollector.execute(ThrowableCollector.java:73)
	at org.junit.platform.engine.support.hierarchical.NodeTestTask.lambda$executeRecursively$8(NodeTestTask.java:141)
	at org.junit.platform.engine.support.hierarchical.Node.around(Node.java:137)
	at org.junit.platform.engine.support.hierarchical.NodeTestTask.lambda$executeRecursively$9(NodeTestTask.java:139)
	at org.junit.platform.engine.support.hierarchical.ThrowableCollector.execute(ThrowableCollector.java:73)
	at org.junit.platform.engine.support.hierarchical.NodeTestTask.executeRecursively(NodeTestTask.java:138)
	at org.junit.platform.engine.support.hierarchical.NodeTestTask.execute(NodeTestTask.java:95)
	at java.util.ArrayList.forEach(ArrayList.java:1259)
	at org.junit.platform.engine.support.hierarchical.SameThreadHierarchicalTestExecutorService.invokeAll(SameThreadHierarchicalTestExecutorService.java:41)
	at org.junit.platform.engine.support.hierarchical.NodeTestTask.lambda$executeRecursively$6(NodeTestTask.java:155)
	at org.junit.platform.engine.support.hierarchical.ThrowableCollector.execute(ThrowableCollector.java:73)
	at org.junit.platform.engine.support.hierarchical.NodeTestTask.lambda$executeRecursively$8(NodeTestTask.java:141)
	at org.junit.platform.engine.support.hierarchical.Node.around(Node.java:137)
	at org.junit.platform.engine.support.hierarchical.NodeTestTask.lambda$executeRecursively$9(NodeTestTask.java:139)
	at org.junit.platform.engine.support.hierarchical.ThrowableCollector.execute(ThrowableCollector.java:73)
	at org.junit.platform.engine.support.hierarchical.NodeTestTask.executeRecursively(NodeTestTask.java:138)
	at org.junit.platform.engine.support.hierarchical.NodeTestTask.execute(NodeTestTask.java:95)
	at org.junit.platform.engine.support.hierarchical.SameThreadHierarchicalTestExecutorService.submit(SameThreadHierarchicalTestExecutorService.java:35)
	at org.junit.platform.engine.support.hierarchical.HierarchicalTestExecutor.execute(HierarchicalTestExecutor.java:57)
	at org.junit.platform.engine.support.hierarchical.HierarchicalTestEngine.execute(HierarchicalTestEngine.java:54)
	at org.junit.platform.launcher.core.EngineExecutionOrchestrator.execute(EngineExecutionOrchestrator.java:107)
	at org.junit.platform.launcher.core.EngineExecutionOrchestrator.execute(EngineExecutionOrchestrator.java:88)
	at org.junit.platform.launcher.core.EngineExecutionOrchestrator.lambda$execute$0(EngineExecutionOrchestrator.java:54)
	at org.junit.platform.launcher.core.EngineExecutionOrchestrator.withInterceptedStreams(EngineExecutionOrchestrator.java:67)
	at org.junit.platform.launcher.core.EngineExecutionOrchestrator.execute(EngineExecutionOrchestrator.java:52)
	at org.junit.platform.launcher.core.DefaultLauncher.execute(DefaultLauncher.java:114)
	at org.junit.platform.launcher.core.DefaultLauncher.execute(DefaultLauncher.java:86)
	at org.junit.platform.launcher.core.DefaultLauncherSession$DelegatingLauncher.execute(DefaultLauncherSession.java:86)
	at org.junit.platform.launcher.core.SessionPerRequestLauncher.execute(SessionPerRequestLauncher.java:53)
	at org.apache.maven.surefire.junitplatform.JUnitPlatformProvider.execute(JUnitPlatformProvider.java:188)
	at org.apache.maven.surefire.junitplatform.JUnitPlatformProvider.invokeAllTests(JUnitPlatformProvider.java:154)
	at org.apache.maven.surefire.junitplatform.JUnitPlatformProvider.invoke(JUnitPlatformProvider.java:124)
	at org.apache.maven.surefire.booter.ForkedBooter.runSuitesInProcess(ForkedBooter.java:428)
	at org.apache.maven.surefire.booter.ForkedBooter.execute(ForkedBooter.java:162)
	at org.apache.maven.surefire.booter.ForkedBooter.run(ForkedBooter.java:562)
	at org.apache.maven.surefire.booter.ForkedBooter.main(ForkedBooter.java:548)
]]></error>
    <system-out><![CDATA[2023-11-06 09:27:33,310 [main] INFO  rpc.RpcClient (RpcClient.java:createBucket(688)) - Creating Bucket: 6dadd1b1-d562-4e6b-b1c9-e7415216fe76/6c0d98bd-36d5-4f9e-a27d-38fe10f0bde2, with server-side default bucket layout, runner as owner, Versioning false, Storage Type set to DISK and Encryption set to false, Replication Type set to EC, Namespace Quota set to -1, Space Quota set to -1 
2023-11-06 09:27:33,314 [om1-OMStateMachineApplyTransactionThread - 0] INFO  bucket.OMBucketCreateRequest (OMBucketCreateRequest.java:validateAndUpdateCache(271)) - created bucket: 6c0d98bd-36d5-4f9e-a27d-38fe10f0bde2 of layout FILE_SYSTEM_OPTIMIZED in volume: 6dadd1b1-d562-4e6b-b1c9-e7415216fe76
2023-11-06 09:27:33,340 [IPC Server handler 2 on default port 15001] INFO  algorithms.SCMContainerPlacementRackScatter (SCMContainerPlacementRackScatter.java:chooseDatanodesInternal(370)) - Chosen nodes: [b7b1b697-3f82-4acb-89c8-f9bc2eccfa5a(fv-az241-347.2tfxs3cvuluejhi1wdm4o5ef4c.bx.internal.cloudapp.net/10.1.0.6), 18227f38-d602-4438-971e-c9cd287df9cb(fv-az241-347.2tfxs3cvuluejhi1wdm4o5ef4c.bx.internal.cloudapp.net/10.1.0.6), 0eeb79a9-13fd-416c-b2a7-6f654c6b5029(fv-az241-347.2tfxs3cvuluejhi1wdm4o5ef4c.bx.internal.cloudapp.net/10.1.0.6), fadd24ee-4463-4420-97cf-bdd350ad83ae(fv-az241-347.2tfxs3cvuluejhi1wdm4o5ef4c.bx.internal.cloudapp.net/10.1.0.6), 5f7d9b36-4620-4ba9-8a78-929bd6ddd1f9(fv-az241-347.2tfxs3cvuluejhi1wdm4o5ef4c.bx.internal.cloudapp.net/10.1.0.6)]. isPolicySatisfied: true.
2023-11-06 09:27:33,342 [IPC Server handler 2 on default port 15001] INFO  pipeline.WritableECContainerProvider (WritableECContainerProvider.java:allocateContainer(211)) - Created and opened new pipeline Pipeline[ Id: da777968-b185-4fd4-8554-be8974857fc8, Nodes: b7b1b697-3f82-4acb-89c8-f9bc2eccfa5a(fv-az241-347.2tfxs3cvuluejhi1wdm4o5ef4c.bx.internal.cloudapp.net/10.1.0.6)18227f38-d602-4438-971e-c9cd287df9cb(fv-az241-347.2tfxs3cvuluejhi1wdm4o5ef4c.bx.internal.cloudapp.net/10.1.0.6)0eeb79a9-13fd-416c-b2a7-6f654c6b5029(fv-az241-347.2tfxs3cvuluejhi1wdm4o5ef4c.bx.internal.cloudapp.net/10.1.0.6)fadd24ee-4463-4420-97cf-bdd350ad83ae(fv-az241-347.2tfxs3cvuluejhi1wdm4o5ef4c.bx.internal.cloudapp.net/10.1.0.6)5f7d9b36-4620-4ba9-8a78-929bd6ddd1f9(fv-az241-347.2tfxs3cvuluejhi1wdm4o5ef4c.bx.internal.cloudapp.net/10.1.0.6), ReplicationConfig: EC{rs-3-2-1024k}, State:ALLOCATED, leaderId:, CreationTimestamp2023-11-06T09:27:33.340Z[Etc/UTC]]
2023-11-06 09:27:34,282 [JvmPauseMonitor12] WARN  util.JvmPauseMonitor (JvmPauseMonitor.java:detectPause(124)) - JvmPauseMonitor-d9016e39-0130-4fd9-896a-cac3c2785d02: Detected pause in JVM or host machine approximately 0.177s with 0.212s GC time.
GC pool 'PS Scavenge' had collection(s): count=1 time=212ms
2023-11-06 09:27:35,044 [main] INFO  ozoneimpl.OzoneContainer (OzoneContainer.java:stop(463)) - Attempting to stop container services.
2023-11-06 09:27:35,049 [main] INFO  server.RaftServer (RaftServerProxy.java:lambda$close$6(416)) - b7b1b697-3f82-4acb-89c8-f9bc2eccfa5a: close
2023-11-06 09:27:35,050 [b7b1b697-3f82-4acb-89c8-f9bc2eccfa5a-impl-thread1] INFO  server.RaftServer$Division (RaftServerImpl.java:lambda$close$4(466)) - b7b1b697-3f82-4acb-89c8-f9bc2eccfa5a@group-4561348E29F9: shutdown
2023-11-06 09:27:35,051 [b7b1b697-3f82-4acb-89c8-f9bc2eccfa5a-impl-thread1] INFO  util.JmxRegister (JmxRegister.java:unregister(73)) - Successfully un-registered JMX Bean with object name Ratis:service=RaftServer,group=group-4561348E29F9,id=b7b1b697-3f82-4acb-89c8-f9bc2eccfa5a
2023-11-06 09:27:35,051 [b7b1b697-3f82-4acb-89c8-f9bc2eccfa5a-impl-thread1] INFO  impl.RoleInfo (RoleInfo.java:shutdownLeaderState(93)) - b7b1b697-3f82-4acb-89c8-f9bc2eccfa5a: shutdown b7b1b697-3f82-4acb-89c8-f9bc2eccfa5a@group-4561348E29F9-LeaderStateImpl
2023-11-06 09:27:35,051 [b7b1b697-3f82-4acb-89c8-f9bc2eccfa5a-impl-thread1] INFO  impl.PendingRequests (PendingRequests.java:sendNotLeaderResponses(289)) - b7b1b697-3f82-4acb-89c8-f9bc2eccfa5a@group-4561348E29F9-PendingRequests: sendNotLeaderResponses
2023-11-06 09:27:35,053 [b7b1b697-3f82-4acb-89c8-f9bc2eccfa5a-impl-thread1] INFO  impl.StateMachineUpdater (StateMachineUpdater.java:stopAndJoin(155)) - b7b1b697-3f82-4acb-89c8-f9bc2eccfa5a@group-4561348E29F9-StateMachineUpdater: set stopIndex = 0
2023-11-06 09:27:35,054 [b7b1b697-3f82-4acb-89c8-f9bc2eccfa5a@group-4561348E29F9-StateMachineUpdater] INFO  ratis.ContainerStateMachine (ContainerStateMachine.java:takeSnapshot(337)) - group-4561348E29F9: Taking a snapshot at:(t:1, i:0) file /home/runner/work/ozone/ozone/hadoop-ozone/integration-test/target/test-dir/MiniOzoneClusterImpl-938474ea-96d6-4bd3-a45f-678920fb0bb2/datanode-5/data/ratis/064f2d62-7b19-47a1-a020-4561348e29f9/sm/snapshot.1_0
2023-11-06 09:27:35,056 [b7b1b697-3f82-4acb-89c8-f9bc2eccfa5a@group-4561348E29F9-StateMachineUpdater] INFO  ratis.ContainerStateMachine (ContainerStateMachine.java:takeSnapshot(348)) - group-4561348E29F9: Finished taking a snapshot at:(t:1, i:0) file:/home/runner/work/ozone/ozone/hadoop-ozone/integration-test/target/test-dir/MiniOzoneClusterImpl-938474ea-96d6-4bd3-a45f-678920fb0bb2/datanode-5/data/ratis/064f2d62-7b19-47a1-a020-4561348e29f9/sm/snapshot.1_0 took: 2 ms
2023-11-06 09:27:35,057 [b7b1b697-3f82-4acb-89c8-f9bc2eccfa5a@group-4561348E29F9-StateMachineUpdater] INFO  impl.StateMachineUpdater (StateMachineUpdater.java:takeSnapshot(291)) - b7b1b697-3f82-4acb-89c8-f9bc2eccfa5a@group-4561348E29F9-StateMachineUpdater: Took a snapshot at index 0
2023-11-06 09:27:35,058 [b7b1b697-3f82-4acb-89c8-f9bc2eccfa5a@group-4561348E29F9-StateMachineUpdater] INFO  impl.StateMachineUpdater (StateMachineUpdater.java:lambda$new$0(97)) - b7b1b697-3f82-4acb-89c8-f9bc2eccfa5a@group-4561348E29F9-StateMachineUpdater: snapshotIndex: updateIncreasingly -1 -> 0
2023-11-06 09:27:35,058 [b7b1b697-3f82-4acb-89c8-f9bc2eccfa5a-impl-thread1] INFO  server.RaftServer$Division (ServerState.java:close(472)) - b7b1b697-3f82-4acb-89c8-f9bc2eccfa5a@group-4561348E29F9: closes. applyIndex: 0
2023-11-06 09:27:35,060 [b7b1b697-3f82-4acb-89c8-f9bc2eccfa5a-impl-thread2] INFO  server.RaftServer$Division (RaftServerImpl.java:lambda$close$4(466)) - b7b1b697-3f82-4acb-89c8-f9bc2eccfa5a@group-E7ACA9F6E515: shutdown
2023-11-06 09:27:35,060 [b7b1b697-3f82-4acb-89c8-f9bc2eccfa5a-impl-thread2] INFO  util.JmxRegister (JmxRegister.java:unregister(73)) - Successfully un-registered JMX Bean with object name Ratis:service=RaftServer,group=group-E7ACA9F6E515,id=b7b1b697-3f82-4acb-89c8-f9bc2eccfa5a
2023-11-06 09:27:35,060 [b7b1b697-3f82-4acb-89c8-f9bc2eccfa5a-impl-thread2] INFO  impl.RoleInfo (RoleInfo.java:shutdownLeaderState(93)) - b7b1b697-3f82-4acb-89c8-f9bc2eccfa5a: shutdown b7b1b697-3f82-4acb-89c8-f9bc2eccfa5a@group-E7ACA9F6E515-LeaderStateImpl
2023-11-06 09:27:35,065 [main] INFO  server.GrpcService (GrpcService.java:closeImpl(311)) - b7b1b697-3f82-4acb-89c8-f9bc2eccfa5a: shutdown server org.apache.ratis.grpc.server.GrpcClientProtocolService now
2023-11-06 09:27:35,065 [b7b1b697-3f82-4acb-89c8-f9bc2eccfa5a@group-E7ACA9F6E515->4cee0e49-9f18-41f8-8e67-157ccbc15955-GrpcLogAppender-LogAppenderDaemon] WARN  server.GrpcLogAppender (GrpcLogAppender.java:mayWait(199)) - b7b1b697-3f82-4acb-89c8-f9bc2eccfa5a@group-E7ACA9F6E515->4cee0e49-9f18-41f8-8e67-157ccbc15955-GrpcLogAppender: Wait interrupted by java.lang.InterruptedException
2023-11-06 09:27:35,067 [b7b1b697-3f82-4acb-89c8-f9bc2eccfa5a-impl-thread3] INFO  server.RaftServer$Division (RaftServerImpl.java:lambda$close$4(466)) - b7b1b697-3f82-4acb-89c8-f9bc2eccfa5a@group-67654037FCFA: shutdown
2023-11-06 09:27:35,068 [b7b1b697-3f82-4acb-89c8-f9bc2eccfa5a-impl-thread3] INFO  util.JmxRegister (JmxRegister.java:unregister(73)) - Successfully un-registered JMX Bean with object name Ratis:service=RaftServer,group=group-67654037FCFA,id=b7b1b697-3f82-4acb-89c8-f9bc2eccfa5a
2023-11-06 09:27:35,065 [b7b1b697-3f82-4acb-89c8-f9bc2eccfa5a@group-E7ACA9F6E515->fadd24ee-4463-4420-97cf-bdd350ad83ae-GrpcLogAppender-LogAppenderDaemon] WARN  server.GrpcLogAppender (GrpcLogAppender.java:mayWait(199)) - b7b1b697-3f82-4acb-89c8-f9bc2eccfa5a@group-E7ACA9F6E515->fadd24ee-4463-4420-97cf-bdd350ad83ae-GrpcLogAppender: Wait interrupted by java.lang.InterruptedException
2023-11-06 09:27:35,065 [b7b1b697-3f82-4acb-89c8-f9bc2eccfa5a-impl-thread2] INFO  impl.PendingRequests (PendingRequests.java:sendNotLeaderResponses(289)) - b7b1b697-3f82-4acb-89c8-f9bc2eccfa5a@group-E7ACA9F6E515-PendingRequests: sendNotLeaderResponses
2023-11-06 09:27:35,069 [b7b1b697-3f82-4acb-89c8-f9bc2eccfa5a-impl-thread3] INFO  impl.RoleInfo (RoleInfo.java:shutdownFollowerState(110)) - b7b1b697-3f82-4acb-89c8-f9bc2eccfa5a: shutdown b7b1b697-3f82-4acb-89c8-f9bc2eccfa5a@group-67654037FCFA-FollowerState
2023-11-06 09:27:35,069 [grpc-default-executor-3] INFO  server.GrpcServerProtocolService (GrpcServerProtocolService.java:onCompleted(155)) - 4cee0e49-9f18-41f8-8e67-157ccbc15955: Completed APPEND_ENTRIES, lastRequest: null
2023-11-06 09:27:35,069 [grpc-default-executor-1] INFO  server.GrpcServerProtocolService (GrpcServerProtocolService.java:onCompleted(155)) - 4cee0e49-9f18-41f8-8e67-157ccbc15955: Completed APPEND_ENTRIES, lastRequest: b7b1b697-3f82-4acb-89c8-f9bc2eccfa5a->4cee0e49-9f18-41f8-8e67-157ccbc15955#1-t1,previous=(t:0, i:0),leaderCommit=-1,initializing? true,entries: size=1, first=(t:1, i:0), CONFIGURATIONENTRY(current:id: "fadd24ee-4463-4420-97cf-bdd350ad83ae"
address: "10.1.0.6:15041"
dataStreamAddress: "10.1.0.6:15042"
clientAddress: "10.1.0.6:15039"
adminAddress: "10.1.0.6:15040"
startupRole: FOLLOWER
,id: "4cee0e49-9f18-41f8-8e67-157ccbc15955"
address: "10.1.0.6:15050"
dataStreamAddress: "10.1.0.6:15051"
clientAddress: "10.1.0.6:15048"
adminAddress: "10.1.0.6:15049"
startupRole: FOLLOWER
,id: "b7b1b697-3f82-4acb-89c8-f9bc2eccfa5a"
address: "10.1.0.6:15059"
priority: 1
dataStreamAddress: "10.1.0.6:15060"
clientAddress: "10.1.0.6:15057"
adminAddress: "10.1.0.6:15058"
startupRole: FOLLOWER
, old:)
2023-11-06 09:27:35,074 [grpc-default-executor-1] INFO  server.GrpcServerProtocolService (GrpcServerProtocolService.java:lambda$onCompleted$5(157)) - 4cee0e49-9f18-41f8-8e67-157ccbc15955: Completed APPEND_ENTRIES, lastReply: null
2023-11-06 09:27:35,074 [grpc-default-executor-3] INFO  server.GrpcServerProtocolService (GrpcServerProtocolService.java:lambda$onCompleted$5(157)) - 4cee0e49-9f18-41f8-8e67-157ccbc15955: Completed APPEND_ENTRIES, lastReply: serverReply {
  requestorId: "b7b1b697-3f82-4acb-89c8-f9bc2eccfa5a"
  replyId: "4cee0e49-9f18-41f8-8e67-157ccbc15955"
  raftGroupId {
    id: "\207(2\022\205#G\243\253\001\347\254\251\366\345\025"
  }
  callId: 20
  success: true
}
term: 1
nextIndex: 1
matchIndex: 18446744073709551615
isHearbeat: true

2023-11-06 09:27:35,073 [grpc-default-executor-5] INFO  server.GrpcServerProtocolService (GrpcServerProtocolService.java:onCompleted(155)) - fadd24ee-4463-4420-97cf-bdd350ad83ae: Completed APPEND_ENTRIES, lastRequest: null
2023-11-06 09:27:35,076 [grpc-default-executor-5] INFO  server.GrpcServerProtocolService (GrpcServerProtocolService.java:lambda$onCompleted$5(157)) - fadd24ee-4463-4420-97cf-bdd350ad83ae: Completed APPEND_ENTRIES, lastReply: serverReply {
  requestorId: "b7b1b697-3f82-4acb-89c8-f9bc2eccfa5a"
  replyId: "fadd24ee-4463-4420-97cf-bdd350ad83ae"
  raftGroupId {
    id: "\207(2\022\205#G\243\253\001\347\254\251\366\345\025"
  }
  callId: 18
  success: true
}
term: 1
nextIndex: 1
matchIndex: 18446744073709551615
isHearbeat: true

2023-11-06 09:27:35,073 [grpc-default-executor-0] INFO  server.GrpcServerProtocolService (GrpcServerProtocolService.java:onCompleted(155)) - fadd24ee-4463-4420-97cf-bdd350ad83ae: Completed APPEND_ENTRIES, lastRequest: b7b1b697-3f82-4acb-89c8-f9bc2eccfa5a->fadd24ee-4463-4420-97cf-bdd350ad83ae#1-t1,previous=(t:0, i:0),leaderCommit=-1,initializing? true,entries: size=1, first=(t:1, i:0), CONFIGURATIONENTRY(current:id: "fadd24ee-4463-4420-97cf-bdd350ad83ae"
address: "10.1.0.6:15041"
dataStreamAddress: "10.1.0.6:15042"
clientAddress: "10.1.0.6:15039"
adminAddress: "10.1.0.6:15040"
startupRole: FOLLOWER
,id: "4cee0e49-9f18-41f8-8e67-157ccbc15955"
address: "10.1.0.6:15050"
dataStreamAddress: "10.1.0.6:15051"
clientAddress: "10.1.0.6:15048"
adminAddress: "10.1.0.6:15049"
startupRole: FOLLOWER
,id: "b7b1b697-3f82-4acb-89c8-f9bc2eccfa5a"
address: "10.1.0.6:15059"
priority: 1
dataStreamAddress: "10.1.0.6:15060"
clientAddress: "10.1.0.6:15057"
adminAddress: "10.1.0.6:15058"
startupRole: FOLLOWER
, old:)
2023-11-06 09:27:35,077 [grpc-default-executor-0] INFO  server.GrpcServerProtocolService (GrpcServerProtocolService.java:lambda$onCompleted$5(157)) - fadd24ee-4463-4420-97cf-bdd350ad83ae: Completed APPEND_ENTRIES, lastReply: null
2023-11-06 09:27:35,073 [b7b1b697-3f82-4acb-89c8-f9bc2eccfa5a@group-E7ACA9F6E515-StateMachineUpdater] INFO  ratis.ContainerStateMachine (ContainerStateMachine.java:takeSnapshot(337)) - group-E7ACA9F6E515: Taking a snapshot at:(t:1, i:0) file /home/runner/work/ozone/ozone/hadoop-ozone/integration-test/target/test-dir/MiniOzoneClusterImpl-938474ea-96d6-4bd3-a45f-678920fb0bb2/datanode-5/data/ratis/87283212-8523-47a3-ab01-e7aca9f6e515/sm/snapshot.1_0
2023-11-06 09:27:35,079 [grpc-default-executor-0] INFO  server.GrpcLogAppender (GrpcLogAppender.java:onCompleted(428)) - b7b1b697-3f82-4acb-89c8-f9bc2eccfa5a@group-E7ACA9F6E515->fadd24ee-4463-4420-97cf-bdd350ad83ae-AppendLogResponseHandler: follower responses appendEntries COMPLETED
2023-11-06 09:27:35,079 [grpc-default-executor-0] INFO  leader.FollowerInfo (FollowerInfoImpl.java:lambda$new$0(52)) - b7b1b697-3f82-4acb-89c8-f9bc2eccfa5a@group-E7ACA9F6E515->fadd24ee-4463-4420-97cf-bdd350ad83ae: decreaseNextIndex nextIndex: updateUnconditionally 1 -> 0
2023-11-06 09:27:35,072 [b7b1b697-3f82-4acb-89c8-f9bc2eccfa5a-impl-thread2] INFO  impl.StateMachineUpdater (StateMachineUpdater.java:stopAndJoin(155)) - b7b1b697-3f82-4acb-89c8-f9bc2eccfa5a@group-E7ACA9F6E515-StateMachineUpdater: set stopIndex = 0
2023-11-06 09:27:35,076 [grpc-default-executor-4] INFO  server.GrpcLogAppender (GrpcLogAppender.java:onCompleted(428)) - b7b1b697-3f82-4acb-89c8-f9bc2eccfa5a@group-E7ACA9F6E515->4cee0e49-9f18-41f8-8e67-157ccbc15955-AppendLogResponseHandler: follower responses appendEntries COMPLETED
2023-11-06 09:27:35,080 [grpc-default-executor-4] INFO  leader.FollowerInfo (FollowerInfoImpl.java:lambda$new$0(52)) - b7b1b697-3f82-4acb-89c8-f9bc2eccfa5a@group-E7ACA9F6E515->4cee0e49-9f18-41f8-8e67-157ccbc15955: decreaseNextIndex nextIndex: updateUnconditionally 1 -> 0
2023-11-06 09:27:35,081 [b7b1b697-3f82-4acb-89c8-f9bc2eccfa5a@group-E7ACA9F6E515-StateMachineUpdater] INFO  ratis.ContainerStateMachine (ContainerStateMachine.java:takeSnapshot(348)) - group-E7ACA9F6E515: Finished taking a snapshot at:(t:1, i:0) file:/home/runner/work/ozone/ozone/hadoop-ozone/integration-test/target/test-dir/MiniOzoneClusterImpl-938474ea-96d6-4bd3-a45f-678920fb0bb2/datanode-5/data/ratis/87283212-8523-47a3-ab01-e7aca9f6e515/sm/snapshot.1_0 took: 9 ms
2023-11-06 09:27:35,082 [b7b1b697-3f82-4acb-89c8-f9bc2eccfa5a@group-E7ACA9F6E515-StateMachineUpdater] INFO  impl.StateMachineUpdater (StateMachineUpdater.java:takeSnapshot(291)) - b7b1b697-3f82-4acb-89c8-f9bc2eccfa5a@group-E7ACA9F6E515-StateMachineUpdater: Took a snapshot at index 0
2023-11-06 09:27:35,082 [b7b1b697-3f82-4acb-89c8-f9bc2eccfa5a@group-E7ACA9F6E515-StateMachineUpdater] INFO  impl.StateMachineUpdater (StateMachineUpdater.java:lambda$new$0(97)) - b7b1b697-3f82-4acb-89c8-f9bc2eccfa5a@group-E7ACA9F6E515-StateMachineUpdater: snapshotIndex: updateIncreasingly -1 -> 0
2023-11-06 09:27:35,082 [b7b1b697-3f82-4acb-89c8-f9bc2eccfa5a-impl-thread2] INFO  server.RaftServer$Division (ServerState.java:close(472)) - b7b1b697-3f82-4acb-89c8-f9bc2eccfa5a@group-E7ACA9F6E515: closes. applyIndex: 0
2023-11-06 09:27:35,083 [grpc-default-executor-5] INFO  server.GrpcLogAppender (GrpcLogAppender.java:onCompleted(428)) - b7b1b697-3f82-4acb-89c8-f9bc2eccfa5a@group-E7ACA9F6E515->fadd24ee-4463-4420-97cf-bdd350ad83ae-AppendLogResponseHandler: follower responses appendEntries COMPLETED
2023-11-06 09:27:35,104 [b7b1b697-3f82-4acb-89c8-f9bc2eccfa5a@group-67654037FCFA-FollowerState] INFO  impl.FollowerState (FollowerState.java:run(152)) - b7b1b697-3f82-4acb-89c8-f9bc2eccfa5a@group-67654037FCFA-FollowerState was interrupted
2023-11-06 09:27:35,108 [Thread-941] INFO  server.GrpcServerProtocolClient (GrpcServerProtocolClient.java:close(103)) - fadd24ee-4463-4420-97cf-bdd350ad83ae Close channels
2023-11-06 09:27:35,108 [Thread-942] INFO  server.GrpcServerProtocolClient (GrpcServerProtocolClient.java:close(103)) - 4cee0e49-9f18-41f8-8e67-157ccbc15955 Close channels
2023-11-06 09:27:35,108 [b7b1b697-3f82-4acb-89c8-f9bc2eccfa5a@group-67654037FCFA-StateMachineUpdater] INFO  ratis.ContainerStateMachine (ContainerStateMachine.java:takeSnapshot(337)) - group-67654037FCFA: Taking a snapshot at:(t:1, i:0) file /home/runner/work/ozone/ozone/hadoop-ozone/integration-test/target/test-dir/MiniOzoneClusterImpl-938474ea-96d6-4bd3-a45f-678920fb0bb2/datanode-5/data/ratis/20ad4e29-1d2c-4b5d-8722-67654037fcfa/sm/snapshot.1_0
2023-11-06 09:27:35,104 [b7b1b697-3f82-4acb-89c8-f9bc2eccfa5a-impl-thread3] INFO  impl.StateMachineUpdater (StateMachineUpdater.java:stopAndJoin(155)) - b7b1b697-3f82-4acb-89c8-f9bc2eccfa5a@group-67654037FCFA-StateMachineUpdater: set stopIndex = 0
2023-11-06 09:27:35,106 [grpc-default-executor-2] INFO  server.GrpcLogAppender (GrpcLogAppender.java:onCompleted(428)) - b7b1b697-3f82-4acb-89c8-f9bc2eccfa5a@group-E7ACA9F6E515->4cee0e49-9f18-41f8-8e67-157ccbc15955-AppendLogResponseHandler: follower responses appendEntries COMPLETED
2023-11-06 09:27:35,113 [b7b1b697-3f82-4acb-89c8-f9bc2eccfa5a@group-67654037FCFA-StateMachineUpdater] INFO  ratis.ContainerStateMachine (ContainerStateMachine.java:takeSnapshot(348)) - group-67654037FCFA: Finished taking a snapshot at:(t:1, i:0) file:/home/runner/work/ozone/ozone/hadoop-ozone/integration-test/target/test-dir/MiniOzoneClusterImpl-938474ea-96d6-4bd3-a45f-678920fb0bb2/datanode-5/data/ratis/20ad4e29-1d2c-4b5d-8722-67654037fcfa/sm/snapshot.1_0 took: 6 ms
2023-11-06 09:27:35,114 [grpc-default-executor-2] WARN  server.GrpcLogAppender (GrpcLogAppender.java:resetClient(137)) - b7b1b697-3f82-4acb-89c8-f9bc2eccfa5a@group-E7ACA9F6E515->4cee0e49-9f18-41f8-8e67-157ccbc15955-GrpcLogAppender: Failed to getClient for 4cee0e49-9f18-41f8-8e67-157ccbc15955
org.apache.ratis.protocol.exceptions.AlreadyClosedException: b7b1b697-3f82-4acb-89c8-f9bc2eccfa5a is already CLOSED
	at org.apache.ratis.util.PeerProxyMap$PeerAndProxy.getProxy(PeerProxyMap.java:61)
	at org.apache.ratis.util.PeerProxyMap.getProxy(PeerProxyMap.java:115)
	at org.apache.ratis.grpc.server.GrpcLogAppender.getClient(GrpcLogAppender.java:112)
	at org.apache.ratis.grpc.server.GrpcLogAppender.resetClient(GrpcLogAppender.java:117)
	at org.apache.ratis.grpc.server.GrpcLogAppender.access$500(GrpcLogAppender.java:56)
	at org.apache.ratis.grpc.server.GrpcLogAppender$AppendLogResponseHandler.onCompleted(GrpcLogAppender.java:429)
	at org.apache.ratis.thirdparty.io.grpc.stub.ClientCalls$StreamObserverToCallListenerAdapter.onClose(ClientCalls.java:485)
	at org.apache.ratis.thirdparty.io.grpc.internal.DelayedClientCall$DelayedListener$3.run(DelayedClientCall.java:471)
	at org.apache.ratis.thirdparty.io.grpc.internal.DelayedClientCall$DelayedListener.delayOrExecute(DelayedClientCall.java:435)
	at org.apache.ratis.thirdparty.io.grpc.internal.DelayedClientCall$DelayedListener.onClose(DelayedClientCall.java:468)
	at org.apache.ratis.thirdparty.io.grpc.internal.ClientCallImpl.closeObserver(ClientCallImpl.java:563)
	at org.apache.ratis.thirdparty.io.grpc.internal.ClientCallImpl.access$300(ClientCallImpl.java:70)
	at org.apache.ratis.thirdparty.io.grpc.internal.ClientCallImpl$ClientStreamListenerImpl$1StreamClosed.runInternal(ClientCallImpl.java:744)
	at org.apache.ratis.thirdparty.io.grpc.internal.ClientCallImpl$ClientStreamListenerImpl$1StreamClosed.runInContext(ClientCallImpl.java:723)
	at org.apache.ratis.thirdparty.io.grpc.internal.ContextRunnable.run(ContextRunnable.java:37)
	at org.apache.ratis.thirdparty.io.grpc.internal.SerializingExecutor.run(SerializingExecutor.java:133)
	at java.util.concurrent.ThreadPoolExecutor.runWorker(ThreadPoolExecutor.java:1149)
	at java.util.concurrent.ThreadPoolExecutor$Worker.run(ThreadPoolExecutor.java:624)
	at java.lang.Thread.run(Thread.java:750)
2023-11-06 09:27:35,115 [b7b1b697-3f82-4acb-89c8-f9bc2eccfa5a@group-67654037FCFA-StateMachineUpdater] INFO  impl.StateMachineUpdater (StateMachineUpdater.java:takeSnapshot(291)) - b7b1b697-3f82-4acb-89c8-f9bc2eccfa5a@group-67654037FCFA-StateMachineUpdater: Took a snapshot at index 0
2023-11-06 09:27:35,117 [b7b1b697-3f82-4acb-89c8-f9bc2eccfa5a@group-67654037FCFA-StateMachineUpdater] INFO  impl.StateMachineUpdater (StateMachineUpdater.java:lambda$new$0(97)) - b7b1b697-3f82-4acb-89c8-f9bc2eccfa5a@group-67654037FCFA-StateMachineUpdater: snapshotIndex: updateIncreasingly -1 -> 0
2023-11-06 09:27:35,117 [b7b1b697-3f82-4acb-89c8-f9bc2eccfa5a-impl-thread3] INFO  server.RaftServer$Division (ServerState.java:close(472)) - b7b1b697-3f82-4acb-89c8-f9bc2eccfa5a@group-67654037FCFA: closes. applyIndex: 0
2023-11-06 09:27:35,121 [main] INFO  server.GrpcService (GrpcService.java:closeImpl(320)) - b7b1b697-3f82-4acb-89c8-f9bc2eccfa5a: shutdown server org.apache.ratis.grpc.server.GrpcClientProtocolService successfully
2023-11-06 09:27:35,121 [main] INFO  server.GrpcService (GrpcService.java:closeImpl(311)) - b7b1b697-3f82-4acb-89c8-f9bc2eccfa5a: shutdown server GrpcServerProtocolService now
2023-11-06 09:27:35,123 [grpc-default-executor-1] WARN  server.GrpcServerProtocolService (LogUtils.java:warn(122)) - b7b1b697-3f82-4acb-89c8-f9bc2eccfa5a: APPEND_ENTRIES onError, lastRequest: null: org.apache.ratis.thirdparty.io.grpc.StatusRuntimeException: CANCELLED: client cancelled
2023-11-06 09:27:35,124 [grpc-default-executor-5] WARN  server.GrpcServerProtocolService (LogUtils.java:warn(122)) - b7b1b697-3f82-4acb-89c8-f9bc2eccfa5a: APPEND_ENTRIES onError, lastRequest: 4cee0e49-9f18-41f8-8e67-157ccbc15955->b7b1b697-3f82-4acb-89c8-f9bc2eccfa5a#1-t1,previous=(t:0, i:0),leaderCommit=-1,initializing? true,entries: size=1, first=(t:1, i:0), CONFIGURATIONENTRY(current:id: "fadd24ee-4463-4420-97cf-bdd350ad83ae"
address: "10.1.0.6:15041"
dataStreamAddress: "10.1.0.6:15042"
clientAddress: "10.1.0.6:15039"
adminAddress: "10.1.0.6:15040"
startupRole: FOLLOWER
,id: "b7b1b697-3f82-4acb-89c8-f9bc2eccfa5a"
address: "10.1.0.6:15059"
dataStreamAddress: "10.1.0.6:15060"
clientAddress: "10.1.0.6:15057"
adminAddress: "10.1.0.6:15058"
startupRole: FOLLOWER
,id: "4cee0e49-9f18-41f8-8e67-157ccbc15955"
address: "10.1.0.6:15050"
priority: 1
dataStreamAddress: "10.1.0.6:15051"
clientAddress: "10.1.0.6:15048"
adminAddress: "10.1.0.6:15049"
startupRole: FOLLOWER
, old:): org.apache.ratis.thirdparty.io.grpc.StatusRuntimeException: CANCELLED: client cancelled
2023-11-06 09:27:35,144 [grpc-default-executor-1] WARN  server.GrpcLogAppender (LogUtils.java:warn(122)) - 4cee0e49-9f18-41f8-8e67-157ccbc15955@group-67654037FCFA->b7b1b697-3f82-4acb-89c8-f9bc2eccfa5a-AppendLogResponseHandler: Failed appendEntries: org.apache.ratis.thirdparty.io.grpc.StatusRuntimeException: CANCELLED: RST_STREAM closed stream. HTTP/2 error code: CANCEL
2023-11-06 09:27:35,145 [grpc-default-executor-4] WARN  server.GrpcLogAppender (LogUtils.java:warn(122)) - 4cee0e49-9f18-41f8-8e67-157ccbc15955@group-67654037FCFA->b7b1b697-3f82-4acb-89c8-f9bc2eccfa5a-AppendLogResponseHandler: Failed appendEntries: org.apache.ratis.thirdparty.io.grpc.StatusRuntimeException: CANCELLED: RST_STREAM closed stream. HTTP/2 error code: CANCEL
2023-11-06 09:27:35,145 [grpc-default-executor-4] WARN  server.GrpcLogAppender (GrpcLogAppender.java:resetClient(128)) - 4cee0e49-9f18-41f8-8e67-157ccbc15955@group-67654037FCFA->b7b1b697-3f82-4acb-89c8-f9bc2eccfa5a-GrpcLogAppender: Follower failed when matchIndex == 0,  keep nextIndex (1) unchanged and retry.
2023-11-06 09:27:35,150 [grpc-default-executor-1] WARN  server.GrpcLogAppender (GrpcLogAppender.java:resetClient(128)) - 4cee0e49-9f18-41f8-8e67-157ccbc15955@group-67654037FCFA->b7b1b697-3f82-4acb-89c8-f9bc2eccfa5a-GrpcLogAppender: Follower failed when matchIndex == 0,  keep nextIndex (1) unchanged and retry.
2023-11-06 09:27:35,155 [main] INFO  server.GrpcService (GrpcService.java:closeImpl(320)) - b7b1b697-3f82-4acb-89c8-f9bc2eccfa5a: shutdown server GrpcServerProtocolService successfully
2023-11-06 09:27:35,155 [main] INFO  server.GrpcService (GrpcService.java:closeImpl(311)) - b7b1b697-3f82-4acb-89c8-f9bc2eccfa5a: shutdown server org.apache.ratis.grpc.server.GrpcAdminProtocolService now
2023-11-06 09:27:35,169 [main] INFO  server.GrpcService (GrpcService.java:closeImpl(320)) - b7b1b697-3f82-4acb-89c8-f9bc2eccfa5a: shutdown server org.apache.ratis.grpc.server.GrpcAdminProtocolService successfully
2023-11-06 09:27:35,169 [b7b1b697-3f82-4acb-89c8-f9bc2eccfa5a-NettyServerStreamRpc-bossGroup--thread1] INFO  logging.LoggingHandler (AbstractInternalLogger.java:log(148)) - [id: 0x23503f24, L:/0:0:0:0:0:0:0:0:15060] CLOSE
2023-11-06 09:27:35,170 [b7b1b697-3f82-4acb-89c8-f9bc2eccfa5a-NettyServerStreamRpc-bossGroup--thread1] INFO  logging.LoggingHandler (AbstractInternalLogger.java:log(148)) - [id: 0x23503f24, L:/0:0:0:0:0:0:0:0:15060] INACTIVE
2023-11-06 09:27:35,170 [b7b1b697-3f82-4acb-89c8-f9bc2eccfa5a-NettyServerStreamRpc-bossGroup--thread1] INFO  logging.LoggingHandler (AbstractInternalLogger.java:log(148)) - [id: 0x23503f24, L:/0:0:0:0:0:0:0:0:15060] UNREGISTERED
2023-11-06 09:27:35,285 [b7b1b697-3f82-4acb-89c8-f9bc2eccfa5a-impl-thread2] INFO  segmented.SegmentedRaftLogWorker (SegmentedRaftLogWorker.java:close(252)) - b7b1b697-3f82-4acb-89c8-f9bc2eccfa5a@group-E7ACA9F6E515-SegmentedRaftLogWorker close()
2023-11-06 09:27:35,374 [b7b1b697-3f82-4acb-89c8-f9bc2eccfa5a-impl-thread1] INFO  segmented.SegmentedRaftLogWorker (SegmentedRaftLogWorker.java:close(252)) - b7b1b697-3f82-4acb-89c8-f9bc2eccfa5a@group-4561348E29F9-SegmentedRaftLogWorker close()
2023-11-06 09:27:35,566 [b7b1b697-3f82-4acb-89c8-f9bc2eccfa5a-impl-thread3] INFO  segmented.SegmentedRaftLogWorker (SegmentedRaftLogWorker.java:close(252)) - b7b1b697-3f82-4acb-89c8-f9bc2eccfa5a@group-67654037FCFA-SegmentedRaftLogWorker close()
2023-11-06 09:27:35,569 [JvmPauseMonitor7] INFO  util.JvmPauseMonitor (JvmPauseMonitor.java:run(109)) - JvmPauseMonitor-b7b1b697-3f82-4acb-89c8-f9bc2eccfa5a: Stopped
2023-11-06 09:27:36,397 [grpc-default-executor-1] WARN  server.GrpcLogAppender (LogUtils.java:warn(122)) - 4cee0e49-9f18-41f8-8e67-157ccbc15955@group-67654037FCFA->b7b1b697-3f82-4acb-89c8-f9bc2eccfa5a-AppendLogResponseHandler: Failed appendEntries: org.apache.ratis.thirdparty.io.grpc.StatusRuntimeException: UNAVAILABLE: io exception
2023-11-06 09:27:36,402 [grpc-default-executor-2] WARN  server.GrpcLogAppender (LogUtils.java:warn(122)) - 4cee0e49-9f18-41f8-8e67-157ccbc15955@group-67654037FCFA->b7b1b697-3f82-4acb-89c8-f9bc2eccfa5a-AppendLogResponseHandler: Failed appendEntries: org.apache.ratis.thirdparty.io.grpc.StatusRuntimeException: UNAVAILABLE: io exception
2023-11-06 09:27:36,403 [grpc-default-executor-1] WARN  server.GrpcLogAppender (GrpcLogAppender.java:resetClient(128)) - 4cee0e49-9f18-41f8-8e67-157ccbc15955@group-67654037FCFA->b7b1b697-3f82-4acb-89c8-f9bc2eccfa5a-GrpcLogAppender: Follower failed when matchIndex == 0,  keep nextIndex (1) unchanged and retry.
2023-11-06 09:27:36,403 [grpc-default-executor-2] WARN  server.GrpcLogAppender (GrpcLogAppender.java:resetClient(128)) - 4cee0e49-9f18-41f8-8e67-157ccbc15955@group-67654037FCFA->b7b1b697-3f82-4acb-89c8-f9bc2eccfa5a-GrpcLogAppender: Follower failed when matchIndex == 0,  keep nextIndex (1) unchanged and retry.
2023-11-06 09:27:37,516 [EventQueue-StaleNodeForStaleNodeHandler] INFO  node.StaleNodeHandler (StaleNodeHandler.java:onMessage(58)) - Datanode b7b1b697-3f82-4acb-89c8-f9bc2eccfa5a(fv-az241-347.2tfxs3cvuluejhi1wdm4o5ef4c.bx.internal.cloudapp.net/10.1.0.6) moved to stale state. Finalizing its pipelines [PipelineID=064f2d62-7b19-47a1-a020-4561348e29f9, PipelineID=87283212-8523-47a3-ab01-e7aca9f6e515, PipelineID=da777968-b185-4fd4-8554-be8974857fc8, PipelineID=20ad4e29-1d2c-4b5d-8722-67654037fcfa]
2023-11-06 09:27:37,518 [EventQueue-StaleNodeForStaleNodeHandler] INFO  pipeline.PipelineManagerImpl (PipelineManagerImpl.java:closePipeline(510)) - Pipeline Pipeline[ Id: 064f2d62-7b19-47a1-a020-4561348e29f9, Nodes: b7b1b697-3f82-4acb-89c8-f9bc2eccfa5a(fv-az241-347.2tfxs3cvuluejhi1wdm4o5ef4c.bx.internal.cloudapp.net/10.1.0.6), ReplicationConfig: RATIS/ONE, State:OPEN, leaderId:b7b1b697-3f82-4acb-89c8-f9bc2eccfa5a, CreationTimestamp2023-11-06T09:26:44.090Z[Etc/UTC]] moved to CLOSED state
2023-11-06 09:27:37,519 [EventQueue-StaleNodeForStaleNodeHandler] INFO  pipeline.PipelineManagerImpl (PipelineManagerImpl.java:closePipeline(510)) - Pipeline Pipeline[ Id: 87283212-8523-47a3-ab01-e7aca9f6e515, Nodes: 4cee0e49-9f18-41f8-8e67-157ccbc15955(fv-az241-347.2tfxs3cvuluejhi1wdm4o5ef4c.bx.internal.cloudapp.net/10.1.0.6)fadd24ee-4463-4420-97cf-bdd350ad83ae(fv-az241-347.2tfxs3cvuluejhi1wdm4o5ef4c.bx.internal.cloudapp.net/10.1.0.6)b7b1b697-3f82-4acb-89c8-f9bc2eccfa5a(fv-az241-347.2tfxs3cvuluejhi1wdm4o5ef4c.bx.internal.cloudapp.net/10.1.0.6), ReplicationConfig: RATIS/THREE, State:OPEN, leaderId:b7b1b697-3f82-4acb-89c8-f9bc2eccfa5a, CreationTimestamp2023-11-06T09:26:44.099Z[Etc/UTC]] moved to CLOSED state
2023-11-06 09:27:37,520 [EventQueue-CloseContainerForCloseContainerEventHandler] INFO  container.CloseContainerEventHandler (CloseContainerEventHandler.java:onMessage(88)) - Close container Event triggered for container : #2, current state: CLOSING
2023-11-06 09:27:37,521 [EventQueue-StaleNodeForStaleNodeHandler] INFO  pipeline.PipelineManagerImpl (PipelineManagerImpl.java:closeContainersForPipeline(484)) - Container #2 closed for pipeline=PipelineID=da777968-b185-4fd4-8554-be8974857fc8
2023-11-06 09:27:37,522 [EventQueue-StaleNodeForStaleNodeHandler] INFO  pipeline.PipelineManagerImpl (PipelineManagerImpl.java:closePipeline(510)) - Pipeline Pipeline[ Id: da777968-b185-4fd4-8554-be8974857fc8, Nodes: b7b1b697-3f82-4acb-89c8-f9bc2eccfa5a(fv-az241-347.2tfxs3cvuluejhi1wdm4o5ef4c.bx.internal.cloudapp.net/10.1.0.6)18227f38-d602-4438-971e-c9cd287df9cb(fv-az241-347.2tfxs3cvuluejhi1wdm4o5ef4c.bx.internal.cloudapp.net/10.1.0.6)0eeb79a9-13fd-416c-b2a7-6f654c6b5029(fv-az241-347.2tfxs3cvuluejhi1wdm4o5ef4c.bx.internal.cloudapp.net/10.1.0.6)fadd24ee-4463-4420-97cf-bdd350ad83ae(fv-az241-347.2tfxs3cvuluejhi1wdm4o5ef4c.bx.internal.cloudapp.net/10.1.0.6)5f7d9b36-4620-4ba9-8a78-929bd6ddd1f9(fv-az241-347.2tfxs3cvuluejhi1wdm4o5ef4c.bx.internal.cloudapp.net/10.1.0.6), ReplicationConfig: EC{rs-3-2-1024k}, State:OPEN, leaderId:, CreationTimestamp2023-11-06T09:27:33.340Z[Etc/UTC]] moved to CLOSED state
2023-11-06 09:27:37,524 [EventQueue-StaleNodeForStaleNodeHandler] INFO  pipeline.PipelineManagerImpl (PipelineManagerImpl.java:closePipeline(510)) - Pipeline Pipeline[ Id: 20ad4e29-1d2c-4b5d-8722-67654037fcfa, Nodes: b7b1b697-3f82-4acb-89c8-f9bc2eccfa5a(fv-az241-347.2tfxs3cvuluejhi1wdm4o5ef4c.bx.internal.cloudapp.net/10.1.0.6)4cee0e49-9f18-41f8-8e67-157ccbc15955(fv-az241-347.2tfxs3cvuluejhi1wdm4o5ef4c.bx.internal.cloudapp.net/10.1.0.6)fadd24ee-4463-4420-97cf-bdd350ad83ae(fv-az241-347.2tfxs3cvuluejhi1wdm4o5ef4c.bx.internal.cloudapp.net/10.1.0.6), ReplicationConfig: RATIS/THREE, State:OPEN, leaderId:4cee0e49-9f18-41f8-8e67-157ccbc15955, CreationTimestamp2023-11-06T09:26:44.094Z[Etc/UTC]] moved to CLOSED state
2023-11-06 09:27:37,597 [main] INFO  utils.DatanodeStoreCache (DatanodeStoreCache.java:shutdownCache(110)) - Skip clearing cache in mini cluster mode. Entries left: [/home/runner/work/ozone/ozone/hadoop-ozone/integration-test/target/test-dir/MiniOzoneClusterImpl-938474ea-96d6-4bd3-a45f-678920fb0bb2/datanode-0/data-0/containers/hdds/938474ea-96d6-4bd3-a45f-678920fb0bb2/DS-cc2320c9-17b4-4246-8443-fc51818b908b/container.db, /home/runner/work/ozone/ozone/hadoop-ozone/integration-test/target/test-dir/MiniOzoneClusterImpl-938474ea-96d6-4bd3-a45f-678920fb0bb2/datanode-1/data-0/containers/hdds/938474ea-96d6-4bd3-a45f-678920fb0bb2/DS-bfd1e993-798b-4f08-b940-34a8ee4fa9f4/container.db, /home/runner/work/ozone/ozone/hadoop-ozone/integration-test/target/test-dir/MiniOzoneClusterImpl-938474ea-96d6-4bd3-a45f-678920fb0bb2/datanode-2/data-0/containers/hdds/938474ea-96d6-4bd3-a45f-678920fb0bb2/DS-3af14cea-3173-4509-90c1-03d37a60f21e/container.db, /home/runner/work/ozone/ozone/hadoop-ozone/integration-test/target/test-dir/MiniOzoneClusterImpl-938474ea-96d6-4bd3-a45f-678920fb0bb2/datanode-3/data-0/containers/hdds/938474ea-96d6-4bd3-a45f-678920fb0bb2/DS-c2c471ac-7ab4-49c8-af3a-f30a8f54691c/container.db, /home/runner/work/ozone/ozone/hadoop-ozone/integration-test/target/test-dir/MiniOzoneClusterImpl-938474ea-96d6-4bd3-a45f-678920fb0bb2/datanode-4/data-0/containers/hdds/938474ea-96d6-4bd3-a45f-678920fb0bb2/DS-a8ca1b05-0378-4e56-ba29-7112884dd6b8/container.db, /home/runner/work/ozone/ozone/hadoop-ozone/integration-test/target/test-dir/MiniOzoneClusterImpl-938474ea-96d6-4bd3-a45f-678920fb0bb2/datanode-5/data-0/containers/hdds/938474ea-96d6-4bd3-a45f-678920fb0bb2/DS-fbdf0e51-07d0-4b55-8b50-0738357a95a1/container.db, /home/runner/work/ozone/ozone/hadoop-ozone/integration-test/target/test-dir/MiniOzoneClusterImpl-938474ea-96d6-4bd3-a45f-678920fb0bb2/datanode-6/data-0/containers/hdds/938474ea-96d6-4bd3-a45f-678920fb0bb2/DS-67d17c9c-9c32-4033-8a72-700936de3d29/container.db, /home/runner/work/ozone/ozone/hadoop-ozone/integration-test/target/test-dir/MiniOzoneClusterImpl-938474ea-96d6-4bd3-a45f-678920fb0bb2/datanode-7/data-0/containers/hdds/938474ea-96d6-4bd3-a45f-678920fb0bb2/DS-9e27d3b4-bec8-40d2-b9d2-5fc2f40feaf0/container.db, /home/runner/work/ozone/ozone/hadoop-ozone/integration-test/target/test-dir/MiniOzoneClusterImpl-938474ea-96d6-4bd3-a45f-678920fb0bb2/datanode-8/data-0/containers/hdds/938474ea-96d6-4bd3-a45f-678920fb0bb2/DS-790f1cdc-31ba-4818-833b-3a9a09ddc624/container.db, /home/runner/work/ozone/ozone/hadoop-ozone/integration-test/target/test-dir/MiniOzoneClusterImpl-938474ea-96d6-4bd3-a45f-678920fb0bb2/datanode-9/data-0/containers/hdds/938474ea-96d6-4bd3-a45f-678920fb0bb2/DS-eb152dbd-12ac-4859-b6ea-41110337bb3d/container.db]
2023-11-06 09:27:37,603 [main] INFO  utils.DatanodeStoreCache (DatanodeStoreCache.java:removeDB(104)) - Removed db /home/runner/work/ozone/ozone/hadoop-ozone/integration-test/target/test-dir/MiniOzoneClusterImpl-938474ea-96d6-4bd3-a45f-678920fb0bb2/datanode-5/data-0/containers/hdds/938474ea-96d6-4bd3-a45f-678920fb0bb2/DS-fbdf0e51-07d0-4b55-8b50-0738357a95a1/container.db from cache
2023-11-06 09:27:37,603 [main] INFO  volume.HddsVolume (HddsVolume.java:closeDbStore(453)) - SchemaV3 db is stopped at /home/runner/work/ozone/ozone/hadoop-ozone/integration-test/target/test-dir/MiniOzoneClusterImpl-938474ea-96d6-4bd3-a45f-678920fb0bb2/datanode-5/data-0/containers/hdds/938474ea-96d6-4bd3-a45f-678920fb0bb2/DS-fbdf0e51-07d0-4b55-8b50-0738357a95a1/container.db for volume DS-fbdf0e51-07d0-4b55-8b50-0738357a95a1
2023-11-06 09:27:37,604 [main] INFO  utils.BackgroundService (BackgroundService.java:shutdown(160)) - Shutting down service BlockDeletingService
2023-11-06 09:27:37,605 [main] INFO  utils.BackgroundService (BackgroundService.java:shutdown(160)) - Shutting down service StaleRecoveringContainerScrubbingService
2023-11-06 09:27:37,607 [main] INFO  statemachine.DatanodeStateMachine (DatanodeStateMachine.java:stopDaemon(638)) - Ozone container server stopped.
2023-11-06 09:27:37,611 [main] INFO  handler.ContextHandler (ContextHandler.java:doStop(1159)) - Stopped o.e.j.w.WebAppContext@505d75db{hddsDatanode,/,null,STOPPED}{jar:file:/home/runner/.m2/repository/org/apache/ozone/hdds-container-service/1.4.0-SNAPSHOT/hdds-container-service-1.4.0-SNAPSHOT.jar!/webapps/hddsDatanode}
2023-11-06 09:27:37,615 [main] INFO  server.AbstractConnector (AbstractConnector.java:doStop(383)) - Stopped ServerConnector@56320892{HTTP/1.1, (http/1.1)}{0.0.0.0:15054}
2023-11-06 09:27:37,615 [main] INFO  server.session (HouseKeeper.java:stopScavenging(149)) - node0 Stopped scavenging
2023-11-06 09:27:37,616 [main] INFO  handler.ContextHandler (ContextHandler.java:doStop(1159)) - Stopped o.e.j.s.ServletContextHandler@234c32b3{static,/static,jar:file:/home/runner/.m2/repository/org/apache/ozone/hdds-container-service/1.4.0-SNAPSHOT/hdds-container-service-1.4.0-SNAPSHOT.jar!/webapps/static,STOPPED}
2023-11-06 09:27:37,616 [main] INFO  handler.ContextHandler (ContextHandler.java:doStop(1159)) - Stopped o.e.j.s.ServletContextHandler@4bc8b617{logs,/logs,file:///home/runner/work/ozone/ozone/hadoop-ozone/integration-test/target/log,STOPPED}
2023-11-06 09:27:37,618 [main] INFO  ozone.HddsDatanodeClientProtocolServer (HddsDatanodeClientProtocolServer.java:stop(78)) - Stopping the RPC server for Client Protocol
2023-11-06 09:27:37,618 [main] INFO  ipc.Server (Server.java:stop(3523)) - Stopping server on 15055
2023-11-06 09:27:37,618 [IPC Server listener on 15055] INFO  ipc.Server (Server.java:run(1434)) - Stopping IPC Server listener on 15055
2023-11-06 09:27:37,623 [IPC Server Responder] INFO  ipc.Server (Server.java:run(1567)) - Stopping IPC Server Responder
2023-11-06 09:27:37,652 [grpc-default-executor-1] WARN  server.GrpcLogAppender (LogUtils.java:warn(122)) - 4cee0e49-9f18-41f8-8e67-157ccbc15955@group-67654037FCFA->b7b1b697-3f82-4acb-89c8-f9bc2eccfa5a-AppendLogResponseHandler: Failed appendEntries: org.apache.ratis.thirdparty.io.grpc.StatusRuntimeException: UNAVAILABLE: io exception
2023-11-06 09:27:37,653 [grpc-default-executor-1] WARN  server.GrpcLogAppender (GrpcLogAppender.java:resetClient(128)) - 4cee0e49-9f18-41f8-8e67-157ccbc15955@group-67654037FCFA->b7b1b697-3f82-4acb-89c8-f9bc2eccfa5a-GrpcLogAppender: Follower failed when matchIndex == 0,  keep nextIndex (1) unchanged and retry.
2023-11-06 09:27:37,654 [grpc-default-executor-2] WARN  server.GrpcLogAppender (LogUtils.java:warn(122)) - 4cee0e49-9f18-41f8-8e67-157ccbc15955@group-67654037FCFA->b7b1b697-3f82-4acb-89c8-f9bc2eccfa5a-AppendLogResponseHandler: Failed appendEntries: org.apache.ratis.thirdparty.io.grpc.StatusRuntimeException: UNAVAILABLE: io exception
2023-11-06 09:27:37,654 [grpc-default-executor-2] WARN  server.GrpcLogAppender (GrpcLogAppender.java:resetClient(128)) - 4cee0e49-9f18-41f8-8e67-157ccbc15955@group-67654037FCFA->b7b1b697-3f82-4acb-89c8-f9bc2eccfa5a-GrpcLogAppender: Follower failed when matchIndex == 0,  keep nextIndex (1) unchanged and retry.
2023-11-06 09:27:38,902 [grpc-default-executor-2] WARN  server.GrpcLogAppender (LogUtils.java:warn(122)) - 4cee0e49-9f18-41f8-8e67-157ccbc15955@group-67654037FCFA->b7b1b697-3f82-4acb-89c8-f9bc2eccfa5a-AppendLogResponseHandler: Failed appendEntries: org.apache.ratis.thirdparty.io.grpc.StatusRuntimeException: UNAVAILABLE: io exception
2023-11-06 09:27:38,902 [grpc-default-executor-1] WARN  server.GrpcLogAppender (LogUtils.java:warn(122)) - 4cee0e49-9f18-41f8-8e67-157ccbc15955@group-67654037FCFA->b7b1b697-3f82-4acb-89c8-f9bc2eccfa5a-AppendLogResponseHandler: Failed appendEntries: org.apache.ratis.thirdparty.io.grpc.StatusRuntimeException: UNAVAILABLE: io exception
2023-11-06 09:27:38,904 [grpc-default-executor-2] WARN  server.GrpcLogAppender (GrpcLogAppender.java:resetClient(128)) - 4cee0e49-9f18-41f8-8e67-157ccbc15955@group-67654037FCFA->b7b1b697-3f82-4acb-89c8-f9bc2eccfa5a-GrpcLogAppender: Follower failed when matchIndex == 0,  keep nextIndex (1) unchanged and retry.
2023-11-06 09:27:38,905 [grpc-default-executor-1] WARN  server.GrpcLogAppender (GrpcLogAppender.java:resetClient(128)) - 4cee0e49-9f18-41f8-8e67-157ccbc15955@group-67654037FCFA->b7b1b697-3f82-4acb-89c8-f9bc2eccfa5a-GrpcLogAppender: Follower failed when matchIndex == 0,  keep nextIndex (1) unchanged and retry.
2023-11-06 09:27:39,905 [fadd24ee-4463-4420-97cf-bdd350ad83ae@group-E7ACA9F6E515-FollowerState] INFO  impl.FollowerState (FollowerState.java:run(143)) - fadd24ee-4463-4420-97cf-bdd350ad83ae@group-E7ACA9F6E515-FollowerState: change to CANDIDATE, lastRpcElapsedTime:5622659572ns, electionTimeout:5100ms
2023-11-06 09:27:39,905 [fadd24ee-4463-4420-97cf-bdd350ad83ae@group-E7ACA9F6E515-FollowerState] INFO  impl.RoleInfo (RoleInfo.java:shutdownFollowerState(110)) - fadd24ee-4463-4420-97cf-bdd350ad83ae: shutdown fadd24ee-4463-4420-97cf-bdd350ad83ae@group-E7ACA9F6E515-FollowerState
2023-11-06 09:27:39,906 [fadd24ee-4463-4420-97cf-bdd350ad83ae@group-E7ACA9F6E515-FollowerState] INFO  server.RaftServer$Division (RaftServerImpl.java:setRole(329)) - fadd24ee-4463-4420-97cf-bdd350ad83ae@group-E7ACA9F6E515: changes role from  FOLLOWER to CANDIDATE at term 1 for changeToCandidate
2023-11-06 09:27:39,906 [fadd24ee-4463-4420-97cf-bdd350ad83ae@group-E7ACA9F6E515-FollowerState] INFO  server.RaftServerConfigKeys (ConfUtils.java:logGet(46)) - raft.server.leaderelection.pre-vote = true (default)
2023-11-06 09:27:39,908 [fadd24ee-4463-4420-97cf-bdd350ad83ae@group-E7ACA9F6E515-FollowerState] INFO  impl.RoleInfo (RoleInfo.java:updateAndGet(139)) - fadd24ee-4463-4420-97cf-bdd350ad83ae: start fadd24ee-4463-4420-97cf-bdd350ad83ae@group-E7ACA9F6E515-LeaderElection29
2023-11-06 09:27:39,913 [fadd24ee-4463-4420-97cf-bdd350ad83ae@group-E7ACA9F6E515-LeaderElection29] INFO  server.RaftServer$Division (ServerState.java:setLeader(317)) - fadd24ee-4463-4420-97cf-bdd350ad83ae@group-E7ACA9F6E515: change Leader from b7b1b697-3f82-4acb-89c8-f9bc2eccfa5a to null at term 1 for PRE_VOTE
2023-11-06 09:27:39,914 [fadd24ee-4463-4420-97cf-bdd350ad83ae@group-E7ACA9F6E515-LeaderElection29] INFO  impl.LeaderElection (LeaderElection.java:askForVotes(321)) - fadd24ee-4463-4420-97cf-bdd350ad83ae@group-E7ACA9F6E515-LeaderElection29 PRE_VOTE round 0: submit vote requests at term 1 for 0: peers:[fadd24ee-4463-4420-97cf-bdd350ad83ae|rpc:10.1.0.6:15041|admin:10.1.0.6:15040|client:10.1.0.6:15039|dataStream:10.1.0.6:15042|priority:0|startupRole:FOLLOWER, 4cee0e49-9f18-41f8-8e67-157ccbc15955|rpc:10.1.0.6:15050|admin:10.1.0.6:15049|client:10.1.0.6:15048|dataStream:10.1.0.6:15051|priority:0|startupRole:FOLLOWER, b7b1b697-3f82-4acb-89c8-f9bc2eccfa5a|rpc:10.1.0.6:15059|admin:10.1.0.6:15058|client:10.1.0.6:15057|dataStream:10.1.0.6:15060|priority:1|startupRole:FOLLOWER]|listeners:[], old=null
2023-11-06 09:27:39,923 [grpc-default-executor-1] INFO  server.RaftServer$Division (RaftServerImpl.java:requestVote(1302)) - 4cee0e49-9f18-41f8-8e67-157ccbc15955@group-E7ACA9F6E515: receive requestVote(PRE_VOTE, fadd24ee-4463-4420-97cf-bdd350ad83ae, group-E7ACA9F6E515, 1, (t:1, i:0))
2023-11-06 09:27:39,924 [grpc-default-executor-1] INFO  impl.VoteContext (VoteContext.java:log(49)) - 4cee0e49-9f18-41f8-8e67-157ccbc15955@group-E7ACA9F6E515-FOLLOWER: accept PRE_VOTE from fadd24ee-4463-4420-97cf-bdd350ad83ae: our priority 0 <= candidate's priority 0
2023-11-06 09:27:39,924 [grpc-default-executor-1] INFO  server.RaftServer$Division (RaftServerImpl.java:requestVote(1335)) - 4cee0e49-9f18-41f8-8e67-157ccbc15955@group-E7ACA9F6E515 replies to PRE_VOTE vote request: fadd24ee-4463-4420-97cf-bdd350ad83ae<-4cee0e49-9f18-41f8-8e67-157ccbc15955#0:OK-t1. Peer's state: 4cee0e49-9f18-41f8-8e67-157ccbc15955@group-E7ACA9F6E515:t1, leader=b7b1b697-3f82-4acb-89c8-f9bc2eccfa5a, voted=b7b1b697-3f82-4acb-89c8-f9bc2eccfa5a, raftlog=Memoized:4cee0e49-9f18-41f8-8e67-157ccbc15955@group-E7ACA9F6E515-SegmentedRaftLog:OPENED:c0, conf=0: peers:[fadd24ee-4463-4420-97cf-bdd350ad83ae|rpc:10.1.0.6:15041|admin:10.1.0.6:15040|client:10.1.0.6:15039|dataStream:10.1.0.6:15042|priority:0|startupRole:FOLLOWER, 4cee0e49-9f18-41f8-8e67-157ccbc15955|rpc:10.1.0.6:15050|admin:10.1.0.6:15049|client:10.1.0.6:15048|dataStream:10.1.0.6:15051|priority:0|startupRole:FOLLOWER, b7b1b697-3f82-4acb-89c8-f9bc2eccfa5a|rpc:10.1.0.6:15059|admin:10.1.0.6:15058|client:10.1.0.6:15057|dataStream:10.1.0.6:15060|priority:1|startupRole:FOLLOWER]|listeners:[], old=null
2023-11-06 09:27:39,935 [fadd24ee-4463-4420-97cf-bdd350ad83ae@group-E7ACA9F6E515-LeaderElection29] INFO  impl.LeaderElection (LogUtils.java:infoOrTrace(137)) - fadd24ee-4463-4420-97cf-bdd350ad83ae@group-E7ACA9F6E515-LeaderElection29 got exception when requesting votes: java.util.concurrent.ExecutionException: org.apache.ratis.thirdparty.io.grpc.StatusRuntimeException: UNAVAILABLE: io exception
2023-11-06 09:27:39,935 [fadd24ee-4463-4420-97cf-bdd350ad83ae@group-E7ACA9F6E515-LeaderElection29] INFO  impl.LeaderElection (LeaderElection.java:logAndReturn(90)) - fadd24ee-4463-4420-97cf-bdd350ad83ae@group-E7ACA9F6E515-LeaderElection29: PRE_VOTE PASSED received 1 response(s) and 1 exception(s):
2023-11-06 09:27:39,936 [fadd24ee-4463-4420-97cf-bdd350ad83ae@group-E7ACA9F6E515-LeaderElection29] INFO  impl.LeaderElection (LeaderElection.java:logAndReturn(94)) -   Response 0: fadd24ee-4463-4420-97cf-bdd350ad83ae<-4cee0e49-9f18-41f8-8e67-157ccbc15955#0:OK-t1
2023-11-06 09:27:39,936 [fadd24ee-4463-4420-97cf-bdd350ad83ae@group-E7ACA9F6E515-LeaderElection29] INFO  impl.LeaderElection (LogUtils.java:infoOrTrace(137)) -   Exception 1: java.util.concurrent.ExecutionException: org.apache.ratis.thirdparty.io.grpc.StatusRuntimeException: UNAVAILABLE: io exception
2023-11-06 09:27:39,936 [fadd24ee-4463-4420-97cf-bdd350ad83ae@group-E7ACA9F6E515-LeaderElection29] INFO  impl.LeaderElection (LeaderElection.java:askForVotes(323)) - fadd24ee-4463-4420-97cf-bdd350ad83ae@group-E7ACA9F6E515-LeaderElection29 PRE_VOTE round 0: result PASSED
2023-11-06 09:27:39,938 [fadd24ee-4463-4420-97cf-bdd350ad83ae@group-E7ACA9F6E515-LeaderElection29] INFO  impl.LeaderElection (LeaderElection.java:askForVotes(321)) - fadd24ee-4463-4420-97cf-bdd350ad83ae@group-E7ACA9F6E515-LeaderElection29 ELECTION round 0: submit vote requests at term 2 for 0: peers:[fadd24ee-4463-4420-97cf-bdd350ad83ae|rpc:10.1.0.6:15041|admin:10.1.0.6:15040|client:10.1.0.6:15039|dataStream:10.1.0.6:15042|priority:0|startupRole:FOLLOWER, 4cee0e49-9f18-41f8-8e67-157ccbc15955|rpc:10.1.0.6:15050|admin:10.1.0.6:15049|client:10.1.0.6:15048|dataStream:10.1.0.6:15051|priority:0|startupRole:FOLLOWER, b7b1b697-3f82-4acb-89c8-f9bc2eccfa5a|rpc:10.1.0.6:15059|admin:10.1.0.6:15058|client:10.1.0.6:15057|dataStream:10.1.0.6:15060|priority:1|startupRole:FOLLOWER]|listeners:[], old=null
2023-11-06 09:27:39,939 [fadd24ee-4463-4420-97cf-bdd350ad83ae@group-E7ACA9F6E515-LeaderElection29] INFO  impl.LeaderElection (LogUtils.java:infoOrTrace(137)) - fadd24ee-4463-4420-97cf-bdd350ad83ae@group-E7ACA9F6E515-LeaderElection29 got exception when requesting votes: java.util.concurrent.ExecutionException: org.apache.ratis.thirdparty.io.grpc.StatusRuntimeException: UNAVAILABLE: io exception
2023-11-06 09:27:39,940 [grpc-default-executor-1] INFO  server.RaftServer$Division (RaftServerImpl.java:requestVote(1302)) - 4cee0e49-9f18-41f8-8e67-157ccbc15955@group-E7ACA9F6E515: receive requestVote(ELECTION, fadd24ee-4463-4420-97cf-bdd350ad83ae, group-E7ACA9F6E515, 2, (t:1, i:0))
2023-11-06 09:27:39,941 [grpc-default-executor-1] INFO  impl.VoteContext (VoteContext.java:log(49)) - 4cee0e49-9f18-41f8-8e67-157ccbc15955@group-E7ACA9F6E515-FOLLOWER: accept ELECTION from fadd24ee-4463-4420-97cf-bdd350ad83ae: our priority 0 <= candidate's priority 0
2023-11-06 09:27:39,941 [grpc-default-executor-1] INFO  server.RaftServer$Division (ServerState.java:setLeader(317)) - 4cee0e49-9f18-41f8-8e67-157ccbc15955@group-E7ACA9F6E515: change Leader from b7b1b697-3f82-4acb-89c8-f9bc2eccfa5a to null at term 2 for updateCurrentTerm
2023-11-06 09:27:39,941 [grpc-default-executor-1] INFO  server.RaftServer$Division (RaftServerImpl.java:setRole(329)) - 4cee0e49-9f18-41f8-8e67-157ccbc15955@group-E7ACA9F6E515: changes role from  FOLLOWER to FOLLOWER at term 2 for candidate:fadd24ee-4463-4420-97cf-bdd350ad83ae
2023-11-06 09:27:39,941 [grpc-default-executor-1] INFO  impl.RoleInfo (RoleInfo.java:shutdownFollowerState(110)) - 4cee0e49-9f18-41f8-8e67-157ccbc15955: shutdown 4cee0e49-9f18-41f8-8e67-157ccbc15955@group-E7ACA9F6E515-FollowerState
2023-11-06 09:27:39,941 [grpc-default-executor-1] INFO  impl.RoleInfo (RoleInfo.java:updateAndGet(139)) - 4cee0e49-9f18-41f8-8e67-157ccbc15955: start 4cee0e49-9f18-41f8-8e67-157ccbc15955@group-E7ACA9F6E515-FollowerState
2023-11-06 09:27:39,942 [4cee0e49-9f18-41f8-8e67-157ccbc15955@group-E7ACA9F6E515-FollowerState] INFO  impl.FollowerState (FollowerState.java:run(152)) - 4cee0e49-9f18-41f8-8e67-157ccbc15955@group-E7ACA9F6E515-FollowerState was interrupted
2023-11-06 09:27:39,948 [grpc-default-executor-1] INFO  server.RaftServer$Division (RaftServerImpl.java:requestVote(1335)) - 4cee0e49-9f18-41f8-8e67-157ccbc15955@group-E7ACA9F6E515 replies to ELECTION vote request: fadd24ee-4463-4420-97cf-bdd350ad83ae<-4cee0e49-9f18-41f8-8e67-157ccbc15955#0:OK-t2. Peer's state: 4cee0e49-9f18-41f8-8e67-157ccbc15955@group-E7ACA9F6E515:t2, leader=null, voted=fadd24ee-4463-4420-97cf-bdd350ad83ae, raftlog=Memoized:4cee0e49-9f18-41f8-8e67-157ccbc15955@group-E7ACA9F6E515-SegmentedRaftLog:OPENED:c0, conf=0: peers:[fadd24ee-4463-4420-97cf-bdd350ad83ae|rpc:10.1.0.6:15041|admin:10.1.0.6:15040|client:10.1.0.6:15039|dataStream:10.1.0.6:15042|priority:0|startupRole:FOLLOWER, 4cee0e49-9f18-41f8-8e67-157ccbc15955|rpc:10.1.0.6:15050|admin:10.1.0.6:15049|client:10.1.0.6:15048|dataStream:10.1.0.6:15051|priority:0|startupRole:FOLLOWER, b7b1b697-3f82-4acb-89c8-f9bc2eccfa5a|rpc:10.1.0.6:15059|admin:10.1.0.6:15058|client:10.1.0.6:15057|dataStream:10.1.0.6:15060|priority:1|startupRole:FOLLOWER]|listeners:[], old=null
2023-11-06 09:27:39,949 [fadd24ee-4463-4420-97cf-bdd350ad83ae@group-E7ACA9F6E515-LeaderElection29] INFO  impl.LeaderElection (LeaderElection.java:logAndReturn(90)) - fadd24ee-4463-4420-97cf-bdd350ad83ae@group-E7ACA9F6E515-LeaderElection29: ELECTION PASSED received 1 response(s) and 1 exception(s):
2023-11-06 09:27:39,949 [fadd24ee-4463-4420-97cf-bdd350ad83ae@group-E7ACA9F6E515-LeaderElection29] INFO  impl.LeaderElection (LeaderElection.java:logAndReturn(94)) -   Response 0: fadd24ee-4463-4420-97cf-bdd350ad83ae<-4cee0e49-9f18-41f8-8e67-157ccbc15955#0:OK-t2
2023-11-06 09:27:39,949 [fadd24ee-4463-4420-97cf-bdd350ad83ae@group-E7ACA9F6E515-LeaderElection29] INFO  impl.LeaderElection (LogUtils.java:infoOrTrace(137)) -   Exception 1: java.util.concurrent.ExecutionException: org.apache.ratis.thirdparty.io.grpc.StatusRuntimeException: UNAVAILABLE: io exception
2023-11-06 09:27:39,949 [fadd24ee-4463-4420-97cf-bdd350ad83ae@group-E7ACA9F6E515-LeaderElection29] INFO  impl.LeaderElection (LeaderElection.java:askForVotes(323)) - fadd24ee-4463-4420-97cf-bdd350ad83ae@group-E7ACA9F6E515-LeaderElection29 ELECTION round 0: result PASSED
2023-11-06 09:27:39,949 [fadd24ee-4463-4420-97cf-bdd350ad83ae@group-E7ACA9F6E515-LeaderElection29] INFO  impl.RoleInfo (RoleInfo.java:shutdownLeaderElection(130)) - fadd24ee-4463-4420-97cf-bdd350ad83ae: shutdown fadd24ee-4463-4420-97cf-bdd350ad83ae@group-E7ACA9F6E515-LeaderElection29
2023-11-06 09:27:39,950 [fadd24ee-4463-4420-97cf-bdd350ad83ae@group-E7ACA9F6E515-LeaderElection29] INFO  server.RaftServer$Division (RaftServerImpl.java:setRole(329)) - fadd24ee-4463-4420-97cf-bdd350ad83ae@group-E7ACA9F6E515: changes role from CANDIDATE to LEADER at term 2 for changeToLeader
2023-11-06 09:27:39,950 [fadd24ee-4463-4420-97cf-bdd350ad83ae@group-E7ACA9F6E515-LeaderElection29] INFO  ratis.XceiverServerRatis (XceiverServerRatis.java:handleLeaderChangedNotification(903)) - Leader change notification received for group: group-E7ACA9F6E515 with new leaderId: fadd24ee-4463-4420-97cf-bdd350ad83ae
2023-11-06 09:27:39,950 [fadd24ee-4463-4420-97cf-bdd350ad83ae@group-E7ACA9F6E515-LeaderElection29] INFO  server.RaftServer$Division (ServerState.java:setLeader(317)) - fadd24ee-4463-4420-97cf-bdd350ad83ae@group-E7ACA9F6E515: change Leader from null to fadd24ee-4463-4420-97cf-bdd350ad83ae at term 2 for becomeLeader, leader elected after 36ms
2023-11-06 09:27:39,950 [fadd24ee-4463-4420-97cf-bdd350ad83ae@group-E7ACA9F6E515-LeaderElection29] INFO  server.RaftServerConfigKeys (ConfUtils.java:logGet(46)) - raft.server.staging.catchup.gap = 1000 (default)
2023-11-06 09:27:39,951 [fadd24ee-4463-4420-97cf-bdd350ad83ae@group-E7ACA9F6E515-LeaderElection29] INFO  server.RaftServerConfigKeys (ConfUtils.java:logGet(46)) - raft.server.write.element-limit = 1024 (custom)
2023-11-06 09:27:39,951 [fadd24ee-4463-4420-97cf-bdd350ad83ae@group-E7ACA9F6E515-LeaderElection29] INFO  server.RaftServerConfigKeys (ConfUtils.java:logGet(46)) - raft.server.write.byte-limit = 1024 M (=1073741824) (custom)
2023-11-06 09:27:39,952 [fadd24ee-4463-4420-97cf-bdd350ad83ae@group-E7ACA9F6E515-LeaderElection29] INFO  server.RaftServerConfigKeys (ConfUtils.java:logGet(46)) - raft.server.watch.timeout = 180s (custom)
2023-11-06 09:27:39,952 [fadd24ee-4463-4420-97cf-bdd350ad83ae@group-E7ACA9F6E515-LeaderElection29] INFO  server.RaftServerConfigKeys (ConfUtils.java:logGet(46)) - raft.server.watch.timeout.denomination = 1s (default)
2023-11-06 09:27:39,952 [fadd24ee-4463-4420-97cf-bdd350ad83ae@group-E7ACA9F6E515-LeaderElection29] INFO  server.RaftServerConfigKeys (ConfUtils.java:logGet(46)) - raft.server.watch.element-limit = 65536 (default)
2023-11-06 09:27:39,952 [fadd24ee-4463-4420-97cf-bdd350ad83ae@group-E7ACA9F6E515-LeaderElection29] INFO  server.RaftServerConfigKeys (ConfUtils.java:logGet(46)) - raft.server.write.element-limit = 1024 (custom)
2023-11-06 09:27:39,952 [fadd24ee-4463-4420-97cf-bdd350ad83ae@group-E7ACA9F6E515-LeaderElection29] INFO  server.RaftServerConfigKeys (ConfUtils.java:logGet(46)) - raft.server.write.follower.gap.ratio.max = -1.0 (default)
2023-11-06 09:27:39,956 [fadd24ee-4463-4420-97cf-bdd350ad83ae@group-E7ACA9F6E515-LeaderElection29] INFO  server.RaftServerConfigKeys (ConfUtils.java:logGet(46)) - raft.server.log.appender.snapshot.chunk.size.max = 16MB (=16777216) (default)
2023-11-06 09:27:39,956 [fadd24ee-4463-4420-97cf-bdd350ad83ae@group-E7ACA9F6E515-LeaderElection29] INFO  server.RaftServerConfigKeys (ConfUtils.java:logGet(46)) - raft.server.log.appender.buffer.byte-limit = 33554432 (custom)
2023-11-06 09:27:39,957 [fadd24ee-4463-4420-97cf-bdd350ad83ae@group-E7ACA9F6E515-LeaderElection29] INFO  server.RaftServerConfigKeys (ConfUtils.java:logGet(46)) - raft.server.log.appender.buffer.element-limit = 1 (custom)
2023-11-06 09:27:39,957 [fadd24ee-4463-4420-97cf-bdd350ad83ae@group-E7ACA9F6E515-LeaderElection29] INFO  server.RaftServerConfigKeys (ConfUtils.java:logGet(46)) - raft.server.log.appender.wait-time.min = 1ms (custom)
2023-11-06 09:27:39,958 [fadd24ee-4463-4420-97cf-bdd350ad83ae@group-E7ACA9F6E515-LeaderElection29] INFO  grpc.GrpcConfigKeys (ConfUtils.java:logGet(46)) - raft.grpc.server.leader.outstanding.appends.max = 128 (default)
2023-11-06 09:27:39,958 [fadd24ee-4463-4420-97cf-bdd350ad83ae@group-E7ACA9F6E515-LeaderElection29] INFO  server.RaftServerConfigKeys (ConfUtils.java:logGet(46)) - raft.server.rpc.request.timeout = 60s (custom)
2023-11-06 09:27:39,959 [fadd24ee-4463-4420-97cf-bdd350ad83ae@group-E7ACA9F6E515-LeaderElection29] INFO  grpc.GrpcConfigKeys (ConfUtils.java:logGet(46)) - raft.grpc.server.install_snapshot.request.element-limit = 8 (default)
2023-11-06 09:27:39,960 [fadd24ee-4463-4420-97cf-bdd350ad83ae@group-E7ACA9F6E515-LeaderElection29] INFO  grpc.GrpcConfigKeys (ConfUtils.java:logGet(46)) - raft.grpc.server.install_snapshot.request.timeout = 3000ms (default)
2023-11-06 09:27:39,961 [fadd24ee-4463-4420-97cf-bdd350ad83ae@group-E7ACA9F6E515-LeaderElection29] INFO  server.RaftServerConfigKeys (ConfUtils.java:logGet(46)) - raft.server.log.appender.install.snapshot.enabled = false (custom)
2023-11-06 09:27:39,961 [fadd24ee-4463-4420-97cf-bdd350ad83ae@group-E7ACA9F6E515-LeaderElection29] INFO  grpc.GrpcConfigKeys (ConfUtils.java:logGet(46)) - raft.grpc.server.heartbeat.channel = true (default)
2023-11-06 09:27:39,967 [fadd24ee-4463-4420-97cf-bdd350ad83ae@group-E7ACA9F6E515-LeaderElection29] INFO  server.RaftServerConfigKeys (ConfUtils.java:logGet(46)) - raft.server.log.appender.snapshot.chunk.size.max = 16MB (=16777216) (default)
2023-11-06 09:27:39,967 [fadd24ee-4463-4420-97cf-bdd350ad83ae@group-E7ACA9F6E515-LeaderElection29] INFO  server.RaftServerConfigKeys (ConfUtils.java:logGet(46)) - raft.server.log.appender.buffer.byte-limit = 33554432 (custom)
2023-11-06 09:27:39,968 [fadd24ee-4463-4420-97cf-bdd350ad83ae@group-E7ACA9F6E515-LeaderElection29] INFO  server.RaftServerConfigKeys (ConfUtils.java:logGet(46)) - raft.server.log.appender.buffer.element-limit = 1 (custom)
2023-11-06 09:27:39,969 [fadd24ee-4463-4420-97cf-bdd350ad83ae@group-E7ACA9F6E515-LeaderElection29] INFO  server.RaftServerConfigKeys (ConfUtils.java:logGet(46)) - raft.server.log.appender.wait-time.min = 1ms (custom)
2023-11-06 09:27:39,969 [fadd24ee-4463-4420-97cf-bdd350ad83ae@group-E7ACA9F6E515-LeaderElection29] INFO  grpc.GrpcConfigKeys (ConfUtils.java:logGet(46)) - raft.grpc.server.leader.outstanding.appends.max = 128 (default)
2023-11-06 09:27:39,970 [fadd24ee-4463-4420-97cf-bdd350ad83ae@group-E7ACA9F6E515-LeaderElection29] INFO  server.RaftServerConfigKeys (ConfUtils.java:logGet(46)) - raft.server.rpc.request.timeout = 60s (custom)
2023-11-06 09:27:39,971 [fadd24ee-4463-4420-97cf-bdd350ad83ae@group-E7ACA9F6E515-LeaderElection29] INFO  grpc.GrpcConfigKeys (ConfUtils.java:logGet(46)) - raft.grpc.server.install_snapshot.request.element-limit = 8 (default)
2023-11-06 09:27:39,971 [fadd24ee-4463-4420-97cf-bdd350ad83ae@group-E7ACA9F6E515-LeaderElection29] INFO  grpc.GrpcConfigKeys (ConfUtils.java:logGet(46)) - raft.grpc.server.install_snapshot.request.timeout = 3000ms (default)
2023-11-06 09:27:39,972 [fadd24ee-4463-4420-97cf-bdd350ad83ae@group-E7ACA9F6E515-LeaderElection29] INFO  server.RaftServerConfigKeys (ConfUtils.java:logGet(46)) - raft.server.log.appender.install.snapshot.enabled = false (custom)
2023-11-06 09:27:39,972 [fadd24ee-4463-4420-97cf-bdd350ad83ae@group-E7ACA9F6E515-LeaderElection29] INFO  grpc.GrpcConfigKeys (ConfUtils.java:logGet(46)) - raft.grpc.server.heartbeat.channel = true (default)
2023-11-06 09:27:39,974 [fadd24ee-4463-4420-97cf-bdd350ad83ae@group-E7ACA9F6E515-LeaderElection29] INFO  impl.RoleInfo (RoleInfo.java:updateAndGet(139)) - fadd24ee-4463-4420-97cf-bdd350ad83ae: start fadd24ee-4463-4420-97cf-bdd350ad83ae@group-E7ACA9F6E515-LeaderStateImpl
2023-11-06 09:27:39,974 [fadd24ee-4463-4420-97cf-bdd350ad83ae@group-E7ACA9F6E515-LeaderElection29] INFO  segmented.SegmentedRaftLogWorker (SegmentedRaftLogWorker.java:rollLogSegment(452)) - fadd24ee-4463-4420-97cf-bdd350ad83ae@group-E7ACA9F6E515-SegmentedRaftLogWorker: Rolling segment log-0_0 to index:0
2023-11-06 09:27:39,976 [fadd24ee-4463-4420-97cf-bdd350ad83ae@group-E7ACA9F6E515-SegmentedRaftLogWorker] INFO  segmented.SegmentedRaftLogWorker (SegmentedRaftLogWorker.java:execute(608)) - fadd24ee-4463-4420-97cf-bdd350ad83ae@group-E7ACA9F6E515-SegmentedRaftLogWorker: Rolled log segment from /home/runner/work/ozone/ozone/hadoop-ozone/integration-test/target/test-dir/MiniOzoneClusterImpl-938474ea-96d6-4bd3-a45f-678920fb0bb2/datanode-3/data/ratis/87283212-8523-47a3-ab01-e7aca9f6e515/current/log_inprogress_0 to /home/runner/work/ozone/ozone/hadoop-ozone/integration-test/target/test-dir/MiniOzoneClusterImpl-938474ea-96d6-4bd3-a45f-678920fb0bb2/datanode-3/data/ratis/87283212-8523-47a3-ab01-e7aca9f6e515/current/log_0-0
2023-11-06 09:27:39,978 [fadd24ee-4463-4420-97cf-bdd350ad83ae@group-E7ACA9F6E515-SegmentedRaftLogWorker] INFO  segmented.SegmentedRaftLogWorker (SegmentedRaftLogWorker.java:execute(651)) - fadd24ee-4463-4420-97cf-bdd350ad83ae@group-E7ACA9F6E515-SegmentedRaftLogWorker: created new log segment /home/runner/work/ozone/ozone/hadoop-ozone/integration-test/target/test-dir/MiniOzoneClusterImpl-938474ea-96d6-4bd3-a45f-678920fb0bb2/datanode-3/data/ratis/87283212-8523-47a3-ab01-e7aca9f6e515/current/log_inprogress_1
2023-11-06 09:27:39,994 [4cee0e49-9f18-41f8-8e67-157ccbc15955-server-thread2] INFO  ratis.XceiverServerRatis (XceiverServerRatis.java:handleLeaderChangedNotification(903)) - Leader change notification received for group: group-E7ACA9F6E515 with new leaderId: fadd24ee-4463-4420-97cf-bdd350ad83ae
2023-11-06 09:27:39,995 [4cee0e49-9f18-41f8-8e67-157ccbc15955-server-thread2] INFO  server.RaftServer$Division (ServerState.java:setLeader(317)) - 4cee0e49-9f18-41f8-8e67-157ccbc15955@group-E7ACA9F6E515: change Leader from null to fadd24ee-4463-4420-97cf-bdd350ad83ae at term 2 for appendEntries, leader elected after 53ms
2023-11-06 09:27:40,002 [4cee0e49-9f18-41f8-8e67-157ccbc15955-server-thread3] INFO  server.RaftServer$Division (ServerState.java:setRaftConf(434)) - 4cee0e49-9f18-41f8-8e67-157ccbc15955@group-E7ACA9F6E515: set configuration 1: peers:[fadd24ee-4463-4420-97cf-bdd350ad83ae|rpc:10.1.0.6:15041|admin:10.1.0.6:15040|client:10.1.0.6:15039|dataStream:10.1.0.6:15042|priority:0|startupRole:FOLLOWER, 4cee0e49-9f18-41f8-8e67-157ccbc15955|rpc:10.1.0.6:15050|admin:10.1.0.6:15049|client:10.1.0.6:15048|dataStream:10.1.0.6:15051|priority:0|startupRole:FOLLOWER, b7b1b697-3f82-4acb-89c8-f9bc2eccfa5a|rpc:10.1.0.6:15059|admin:10.1.0.6:15058|client:10.1.0.6:15057|dataStream:10.1.0.6:15060|priority:1|startupRole:FOLLOWER]|listeners:[], old=null
2023-11-06 09:27:40,002 [4cee0e49-9f18-41f8-8e67-157ccbc15955-server-thread3] INFO  segmented.SegmentedRaftLogWorker (SegmentedRaftLogWorker.java:rollLogSegment(452)) - 4cee0e49-9f18-41f8-8e67-157ccbc15955@group-E7ACA9F6E515-SegmentedRaftLogWorker: Rolling segment log-0_0 to index:0
2023-11-06 09:27:40,003 [4cee0e49-9f18-41f8-8e67-157ccbc15955@group-E7ACA9F6E515-SegmentedRaftLogWorker] INFO  segmented.SegmentedRaftLogWorker (SegmentedRaftLogWorker.java:execute(608)) - 4cee0e49-9f18-41f8-8e67-157ccbc15955@group-E7ACA9F6E515-SegmentedRaftLogWorker: Rolled log segment from /home/runner/work/ozone/ozone/hadoop-ozone/integration-test/target/test-dir/MiniOzoneClusterImpl-938474ea-96d6-4bd3-a45f-678920fb0bb2/datanode-4/data/ratis/87283212-8523-47a3-ab01-e7aca9f6e515/current/log_inprogress_0 to /home/runner/work/ozone/ozone/hadoop-ozone/integration-test/target/test-dir/MiniOzoneClusterImpl-938474ea-96d6-4bd3-a45f-678920fb0bb2/datanode-4/data/ratis/87283212-8523-47a3-ab01-e7aca9f6e515/current/log_0-0
2023-11-06 09:27:40,004 [fadd24ee-4463-4420-97cf-bdd350ad83ae@group-E7ACA9F6E515-LeaderElection29] INFO  server.RaftServer$Division (ServerState.java:setRaftConf(434)) - fadd24ee-4463-4420-97cf-bdd350ad83ae@group-E7ACA9F6E515: set configuration 1: peers:[fadd24ee-4463-4420-97cf-bdd350ad83ae|rpc:10.1.0.6:15041|admin:10.1.0.6:15040|client:10.1.0.6:15039|dataStream:10.1.0.6:15042|priority:0|startupRole:FOLLOWER, 4cee0e49-9f18-41f8-8e67-157ccbc15955|rpc:10.1.0.6:15050|admin:10.1.0.6:15049|client:10.1.0.6:15048|dataStream:10.1.0.6:15051|priority:0|startupRole:FOLLOWER, b7b1b697-3f82-4acb-89c8-f9bc2eccfa5a|rpc:10.1.0.6:15059|admin:10.1.0.6:15058|client:10.1.0.6:15057|dataStream:10.1.0.6:15060|priority:1|startupRole:FOLLOWER]|listeners:[], old=null
2023-11-06 09:27:40,005 [grpc-default-executor-1] WARN  server.GrpcLogAppender (LogUtils.java:warn(122)) - fadd24ee-4463-4420-97cf-bdd350ad83ae@group-E7ACA9F6E515->b7b1b697-3f82-4acb-89c8-f9bc2eccfa5a-AppendLogResponseHandler: Failed appendEntries: org.apache.ratis.thirdparty.io.grpc.StatusRuntimeException: UNAVAILABLE: io exception
2023-11-06 09:27:40,007 [4cee0e49-9f18-41f8-8e67-157ccbc15955@group-E7ACA9F6E515-SegmentedRaftLogWorker] INFO  segmented.SegmentedRaftLogWorker (SegmentedRaftLogWorker.java:execute(651)) - 4cee0e49-9f18-41f8-8e67-157ccbc15955@group-E7ACA9F6E515-SegmentedRaftLogWorker: created new log segment /home/runner/work/ozone/ozone/hadoop-ozone/integration-test/target/test-dir/MiniOzoneClusterImpl-938474ea-96d6-4bd3-a45f-678920fb0bb2/datanode-4/data/ratis/87283212-8523-47a3-ab01-e7aca9f6e515/current/log_inprogress_1
2023-11-06 09:27:40,011 [grpc-default-executor-4] WARN  server.GrpcLogAppender (LogUtils.java:warn(122)) - fadd24ee-4463-4420-97cf-bdd350ad83ae@group-E7ACA9F6E515->b7b1b697-3f82-4acb-89c8-f9bc2eccfa5a-AppendLogResponseHandler: Failed appendEntries: org.apache.ratis.thirdparty.io.grpc.StatusRuntimeException: UNAVAILABLE: io exception
2023-11-06 09:27:40,011 [grpc-default-executor-1] INFO  leader.FollowerInfo (FollowerInfoImpl.java:lambda$new$0(52)) - fadd24ee-4463-4420-97cf-bdd350ad83ae@group-E7ACA9F6E515->b7b1b697-3f82-4acb-89c8-f9bc2eccfa5a: decreaseNextIndex nextIndex: updateUnconditionally 1 -> 0
2023-11-06 09:27:40,015 [grpc-default-executor-1] WARN  server.GrpcLogAppender (LogUtils.java:warn(122)) - fadd24ee-4463-4420-97cf-bdd350ad83ae@group-E7ACA9F6E515->b7b1b697-3f82-4acb-89c8-f9bc2eccfa5a-AppendLogResponseHandler: Failed appendEntries: org.apache.ratis.thirdparty.io.grpc.StatusRuntimeException: UNAVAILABLE: io exception
2023-11-06 09:27:40,016 [grpc-default-executor-4] WARN  server.GrpcLogAppender (LogUtils.java:warn(122)) - fadd24ee-4463-4420-97cf-bdd350ad83ae@group-E7ACA9F6E515->b7b1b697-3f82-4acb-89c8-f9bc2eccfa5a-AppendLogResponseHandler: Failed appendEntries: org.apache.ratis.thirdparty.io.grpc.StatusRuntimeException: UNAVAILABLE: io exception
2023-11-06 09:27:40,019 [grpc-default-executor-1] WARN  server.GrpcLogAppender (LogUtils.java:warn(122)) - fadd24ee-4463-4420-97cf-bdd350ad83ae@group-E7ACA9F6E515->b7b1b697-3f82-4acb-89c8-f9bc2eccfa5a-AppendLogResponseHandler: Failed appendEntries: org.apache.ratis.thirdparty.io.grpc.StatusRuntimeException: UNAVAILABLE: io exception
2023-11-06 09:27:40,019 [grpc-default-executor-2] WARN  server.GrpcLogAppender (LogUtils.java:warn(122)) - fadd24ee-4463-4420-97cf-bdd350ad83ae@group-E7ACA9F6E515->b7b1b697-3f82-4acb-89c8-f9bc2eccfa5a-AppendLogResponseHandler: Failed appendEntries: org.apache.ratis.thirdparty.io.grpc.StatusRuntimeException: UNAVAILABLE: io exception
2023-11-06 09:27:40,021 [grpc-default-executor-2] WARN  server.GrpcLogAppender (LogUtils.java:warn(122)) - fadd24ee-4463-4420-97cf-bdd350ad83ae@group-E7ACA9F6E515->b7b1b697-3f82-4acb-89c8-f9bc2eccfa5a-AppendLogResponseHandler: Failed appendEntries: org.apache.ratis.thirdparty.io.grpc.StatusRuntimeException: UNAVAILABLE: io exception
2023-11-06 09:27:40,021 [grpc-default-executor-1] WARN  server.GrpcLogAppender (LogUtils.java:warn(122)) - fadd24ee-4463-4420-97cf-bdd350ad83ae@group-E7ACA9F6E515->b7b1b697-3f82-4acb-89c8-f9bc2eccfa5a-AppendLogResponseHandler: Failed appendEntries: org.apache.ratis.thirdparty.io.grpc.StatusRuntimeException: UNAVAILABLE: io exception
2023-11-06 09:27:40,024 [grpc-default-executor-1] WARN  server.GrpcLogAppender (LogUtils.java:warn(122)) - fadd24ee-4463-4420-97cf-bdd350ad83ae@group-E7ACA9F6E515->b7b1b697-3f82-4acb-89c8-f9bc2eccfa5a-AppendLogResponseHandler: Failed appendEntries: org.apache.ratis.thirdparty.io.grpc.StatusRuntimeException: UNAVAILABLE: io exception
2023-11-06 09:27:40,025 [grpc-default-executor-2] WARN  server.GrpcLogAppender (LogUtils.java:warn(122)) - fadd24ee-4463-4420-97cf-bdd350ad83ae@group-E7ACA9F6E515->b7b1b697-3f82-4acb-89c8-f9bc2eccfa5a-AppendLogResponseHandler: Failed appendEntries: org.apache.ratis.thirdparty.io.grpc.StatusRuntimeException: UNAVAILABLE: io exception
2023-11-06 09:27:40,028 [grpc-default-executor-1] WARN  server.GrpcLogAppender (LogUtils.java:warn(122)) - fadd24ee-4463-4420-97cf-bdd350ad83ae@group-E7ACA9F6E515->b7b1b697-3f82-4acb-89c8-f9bc2eccfa5a-AppendLogResponseHandler: Failed appendEntries: org.apache.ratis.thirdparty.io.grpc.StatusRuntimeException: UNAVAILABLE: io exception
2023-11-06 09:27:40,029 [grpc-default-executor-2] WARN  server.GrpcLogAppender (LogUtils.java:warn(122)) - fadd24ee-4463-4420-97cf-bdd350ad83ae@group-E7ACA9F6E515->b7b1b697-3f82-4acb-89c8-f9bc2eccfa5a-AppendLogResponseHandler: Failed appendEntries: org.apache.ratis.thirdparty.io.grpc.StatusRuntimeException: UNAVAILABLE: io exception
2023-11-06 09:27:40,030 [grpc-default-executor-1] INFO  leader.FollowerInfo (FollowerInfoImpl.java:lambda$new$0(52)) - fadd24ee-4463-4420-97cf-bdd350ad83ae@group-E7ACA9F6E515->b7b1b697-3f82-4acb-89c8-f9bc2eccfa5a: decreaseNextIndex nextIndex: updateUnconditionally 1 -> 0
2023-11-06 09:27:40,153 [grpc-default-executor-1] WARN  server.GrpcLogAppender (LogUtils.java:warn(122)) - 4cee0e49-9f18-41f8-8e67-157ccbc15955@group-67654037FCFA->b7b1b697-3f82-4acb-89c8-f9bc2eccfa5a-AppendLogResponseHandler: Failed appendEntries: org.apache.ratis.thirdparty.io.grpc.StatusRuntimeException: UNAVAILABLE: io exception
2023-11-06 09:27:40,154 [grpc-default-executor-2] WARN  server.GrpcLogAppender (LogUtils.java:warn(122)) - 4cee0e49-9f18-41f8-8e67-157ccbc15955@group-67654037FCFA->b7b1b697-3f82-4acb-89c8-f9bc2eccfa5a-AppendLogResponseHandler: Failed appendEntries: org.apache.ratis.thirdparty.io.grpc.StatusRuntimeException: UNAVAILABLE: io exception
2023-11-06 09:27:40,155 [grpc-default-executor-1] WARN  server.GrpcLogAppender (GrpcLogAppender.java:resetClient(128)) - 4cee0e49-9f18-41f8-8e67-157ccbc15955@group-67654037FCFA->b7b1b697-3f82-4acb-89c8-f9bc2eccfa5a-GrpcLogAppender: Follower failed when matchIndex == 0,  keep nextIndex (1) unchanged and retry.
2023-11-06 09:27:40,156 [grpc-default-executor-2] WARN  server.GrpcLogAppender (GrpcLogAppender.java:resetClient(128)) - 4cee0e49-9f18-41f8-8e67-157ccbc15955@group-67654037FCFA->b7b1b697-3f82-4acb-89c8-f9bc2eccfa5a-GrpcLogAppender: Follower failed when matchIndex == 0,  keep nextIndex (1) unchanged and retry.
2023-11-06 09:27:40,470 [fadd24ee-4463-4420-97cf-bdd350ad83ae-CloseContainerThread-0] INFO  keyvalue.KeyValueContainer (KeyValueContainer.java:flushAndSyncDB(522)) - Container 2 is synced with bcsId 0.
2023-11-06 09:27:40,471 [fadd24ee-4463-4420-97cf-bdd350ad83ae-CloseContainerThread-0] INFO  keyvalue.KeyValueContainer (KeyValueContainer.java:flushAndSyncDB(522)) - Container 2 is synced with bcsId 0.
2023-11-06 09:27:40,476 [fadd24ee-4463-4420-97cf-bdd350ad83ae-CloseContainerThread-0] INFO  keyvalue.KeyValueContainer (KeyValueContainer.java:close(437)) - Container 2 is closed with bcsId 0.
2023-11-06 09:27:40,477 [FixedThreadPoolWithAffinityExecutor-1-0] INFO  container.IncrementalContainerReportHandler (AbstractContainerReportHandler.java:updateContainerState(312)) - Moving container #2 to CLOSED state, datanode fadd24ee-4463-4420-97cf-bdd350ad83ae(fv-az241-347.2tfxs3cvuluejhi1wdm4o5ef4c.bx.internal.cloudapp.net/10.1.0.6) reported CLOSED replica with index 4.
2023-11-06 09:27:40,490 [5f7d9b36-4620-4ba9-8a78-929bd6ddd1f9-CloseContainerThread-0] INFO  keyvalue.KeyValueContainer (KeyValueContainer.java:flushAndSyncDB(522)) - Container 2 is synced with bcsId 0.
2023-11-06 09:27:40,491 [5f7d9b36-4620-4ba9-8a78-929bd6ddd1f9-CloseContainerThread-0] INFO  keyvalue.KeyValueContainer (KeyValueContainer.java:flushAndSyncDB(522)) - Container 2 is synced with bcsId 0.
2023-11-06 09:27:40,495 [5f7d9b36-4620-4ba9-8a78-929bd6ddd1f9-CloseContainerThread-0] INFO  keyvalue.KeyValueContainer (KeyValueContainer.java:close(437)) - Container 2 is closed with bcsId 0.
2023-11-06 09:27:40,520 [EventQueue-DeadNodeForDeadNodeHandler] INFO  node.DeadNodeHandler (DeadNodeHandler.java:onMessage(82)) - A dead datanode is detected. b7b1b697-3f82-4acb-89c8-f9bc2eccfa5a(fv-az241-347.2tfxs3cvuluejhi1wdm4o5ef4c.bx.internal.cloudapp.net/10.1.0.6)
2023-11-06 09:27:40,521 [EventQueue-DeadNodeForDeadNodeHandler] INFO  pipeline.RatisPipelineProvider (RatisPipelineProvider.java:lambda$close$4(272)) - Send pipeline:PipelineID=064f2d62-7b19-47a1-a020-4561348e29f9 close command to datanode b7b1b697-3f82-4acb-89c8-f9bc2eccfa5a
2023-11-06 09:27:40,521 [EventQueue-DeadNodeForDeadNodeHandler] INFO  pipeline.PipelineManagerImpl (PipelineManagerImpl.java:removePipeline(459)) - Pipeline Pipeline[ Id: 064f2d62-7b19-47a1-a020-4561348e29f9, Nodes: b7b1b697-3f82-4acb-89c8-f9bc2eccfa5a(fv-az241-347.2tfxs3cvuluejhi1wdm4o5ef4c.bx.internal.cloudapp.net/10.1.0.6), ReplicationConfig: RATIS/ONE, State:CLOSED, leaderId:b7b1b697-3f82-4acb-89c8-f9bc2eccfa5a, CreationTimestamp2023-11-06T09:26:44.090Z[Etc/UTC]] removed.
2023-11-06 09:27:40,521 [EventQueue-DeadNodeForDeadNodeHandler] INFO  pipeline.RatisPipelineProvider (RatisPipelineProvider.java:lambda$close$4(272)) - Send pipeline:PipelineID=87283212-8523-47a3-ab01-e7aca9f6e515 close command to datanode 4cee0e49-9f18-41f8-8e67-157ccbc15955
2023-11-06 09:27:40,521 [EventQueue-DeadNodeForDeadNodeHandler] INFO  pipeline.RatisPipelineProvider (RatisPipelineProvider.java:lambda$close$4(272)) - Send pipeline:PipelineID=87283212-8523-47a3-ab01-e7aca9f6e515 close command to datanode fadd24ee-4463-4420-97cf-bdd350ad83ae
2023-11-06 09:27:40,521 [EventQueue-DeadNodeForDeadNodeHandler] INFO  pipeline.RatisPipelineProvider (RatisPipelineProvider.java:lambda$close$4(272)) - Send pipeline:PipelineID=87283212-8523-47a3-ab01-e7aca9f6e515 close command to datanode b7b1b697-3f82-4acb-89c8-f9bc2eccfa5a
2023-11-06 09:27:40,522 [EventQueue-DeadNodeForDeadNodeHandler] INFO  pipeline.PipelineManagerImpl (PipelineManagerImpl.java:removePipeline(459)) - Pipeline Pipeline[ Id: 87283212-8523-47a3-ab01-e7aca9f6e515, Nodes: 4cee0e49-9f18-41f8-8e67-157ccbc15955(fv-az241-347.2tfxs3cvuluejhi1wdm4o5ef4c.bx.internal.cloudapp.net/10.1.0.6)fadd24ee-4463-4420-97cf-bdd350ad83ae(fv-az241-347.2tfxs3cvuluejhi1wdm4o5ef4c.bx.internal.cloudapp.net/10.1.0.6)b7b1b697-3f82-4acb-89c8-f9bc2eccfa5a(fv-az241-347.2tfxs3cvuluejhi1wdm4o5ef4c.bx.internal.cloudapp.net/10.1.0.6), ReplicationConfig: RATIS/THREE, State:CLOSED, leaderId:fadd24ee-4463-4420-97cf-bdd350ad83ae, CreationTimestamp2023-11-06T09:26:44.099Z[Etc/UTC]] removed.
2023-11-06 09:27:40,522 [EventQueue-DeadNodeForDeadNodeHandler] INFO  pipeline.PipelineManagerImpl (PipelineManagerImpl.java:removePipeline(459)) - Pipeline Pipeline[ Id: da777968-b185-4fd4-8554-be8974857fc8, Nodes: b7b1b697-3f82-4acb-89c8-f9bc2eccfa5a(fv-az241-347.2tfxs3cvuluejhi1wdm4o5ef4c.bx.internal.cloudapp.net/10.1.0.6)18227f38-d602-4438-971e-c9cd287df9cb(fv-az241-347.2tfxs3cvuluejhi1wdm4o5ef4c.bx.internal.cloudapp.net/10.1.0.6)0eeb79a9-13fd-416c-b2a7-6f654c6b5029(fv-az241-347.2tfxs3cvuluejhi1wdm4o5ef4c.bx.internal.cloudapp.net/10.1.0.6)fadd24ee-4463-4420-97cf-bdd350ad83ae(fv-az241-347.2tfxs3cvuluejhi1wdm4o5ef4c.bx.internal.cloudapp.net/10.1.0.6)5f7d9b36-4620-4ba9-8a78-929bd6ddd1f9(fv-az241-347.2tfxs3cvuluejhi1wdm4o5ef4c.bx.internal.cloudapp.net/10.1.0.6), ReplicationConfig: EC{rs-3-2-1024k}, State:CLOSED, leaderId:, CreationTimestamp2023-11-06T09:27:33.340Z[Etc/UTC]] removed.
2023-11-06 09:27:40,522 [EventQueue-DeadNodeForDeadNodeHandler] INFO  pipeline.RatisPipelineProvider (RatisPipelineProvider.java:lambda$close$4(272)) - Send pipeline:PipelineID=20ad4e29-1d2c-4b5d-8722-67654037fcfa close command to datanode b7b1b697-3f82-4acb-89c8-f9bc2eccfa5a
2023-11-06 09:27:40,522 [EventQueue-DeadNodeForDeadNodeHandler] INFO  pipeline.RatisPipelineProvider (RatisPipelineProvider.java:lambda$close$4(272)) - Send pipeline:PipelineID=20ad4e29-1d2c-4b5d-8722-67654037fcfa close command to datanode 4cee0e49-9f18-41f8-8e67-157ccbc15955
2023-11-06 09:27:40,522 [EventQueue-DeadNodeForDeadNodeHandler] INFO  pipeline.RatisPipelineProvider (RatisPipelineProvider.java:lambda$close$4(272)) - Send pipeline:PipelineID=20ad4e29-1d2c-4b5d-8722-67654037fcfa close command to datanode fadd24ee-4463-4420-97cf-bdd350ad83ae
2023-11-06 09:27:40,523 [EventQueue-DeadNodeForDeadNodeHandler] INFO  pipeline.PipelineManagerImpl (PipelineManagerImpl.java:removePipeline(459)) - Pipeline Pipeline[ Id: 20ad4e29-1d2c-4b5d-8722-67654037fcfa, Nodes: b7b1b697-3f82-4acb-89c8-f9bc2eccfa5a(fv-az241-347.2tfxs3cvuluejhi1wdm4o5ef4c.bx.internal.cloudapp.net/10.1.0.6)4cee0e49-9f18-41f8-8e67-157ccbc15955(fv-az241-347.2tfxs3cvuluejhi1wdm4o5ef4c.bx.internal.cloudapp.net/10.1.0.6)fadd24ee-4463-4420-97cf-bdd350ad83ae(fv-az241-347.2tfxs3cvuluejhi1wdm4o5ef4c.bx.internal.cloudapp.net/10.1.0.6), ReplicationConfig: RATIS/THREE, State:CLOSED, leaderId:4cee0e49-9f18-41f8-8e67-157ccbc15955, CreationTimestamp2023-11-06T09:26:44.094Z[Etc/UTC]] removed.
2023-11-06 09:27:40,523 [EventQueue-DeadNodeForDeadNodeHandler] INFO  node.DeadNodeHandler (DeadNodeHandler.java:onMessage(95)) - Clearing command queue of size 4 for DN b7b1b697-3f82-4acb-89c8-f9bc2eccfa5a(fv-az241-347.2tfxs3cvuluejhi1wdm4o5ef4c.bx.internal.cloudapp.net/10.1.0.6)
2023-11-06 09:27:40,523 [EventQueue-DeadNodeForDeadNodeHandler] INFO  net.NetworkTopologyImpl (NetworkTopologyImpl.java:remove(190)) - Removed a node: /default-rack/b7b1b697-3f82-4acb-89c8-f9bc2eccfa5a
2023-11-06 09:27:40,529 [main] INFO  replication.ReplicationManager (ReplicationManager.java:stop(323)) - Stopping Replication Monitor Thread.
2023-11-06 09:27:40,529 [UnderReplicatedProcessor] WARN  replication.UnhealthyReplicationProcessor (UnhealthyReplicationProcessor.java:run(180)) - UnderReplicatedProcessor interrupted. Exiting...
2023-11-06 09:27:40,529 [OverReplicatedProcessor] WARN  replication.UnhealthyReplicationProcessor (UnhealthyReplicationProcessor.java:run(180)) - OverReplicatedProcessor interrupted. Exiting...
2023-11-06 09:27:40,530 [ReplicationMonitor] INFO  replication.ReplicationManager (ReplicationManager.java:run(922)) - Replication Monitor Thread is stopped
2023-11-06 09:27:40,629 [main] INFO  replication.ReplicationManager (ReplicationManager.java:start(291)) - Starting Replication Monitor Thread.
2023-11-06 09:27:40,632 [ReplicationMonitor] INFO  replication.ReplicationManager (ReplicationManager.java:sendDatanodeCommand(674)) - Sending command [closeContainerCommand: containerID: 2, pipelineID: PipelineID=da777968-b185-4fd4-8554-be8974857fc8, force: true] for container ContainerInfo{id=#2, state=CLOSED, stateEnterTime=2023-11-06T09:27:40.478Z, pipelineID=PipelineID=da777968-b185-4fd4-8554-be8974857fc8, owner=omServiceIdDefault} to 0eeb79a9-13fd-416c-b2a7-6f654c6b5029(fv-az241-347.2tfxs3cvuluejhi1wdm4o5ef4c.bx.internal.cloudapp.net/10.1.0.6) with datanode deadline 1699263430632 and scm deadline 1699263460632
2023-11-06 09:27:40,633 [ReplicationMonitor] INFO  replication.ReplicationManager (ReplicationManager.java:sendDatanodeCommand(674)) - Sending command [closeContainerCommand: containerID: 2, pipelineID: PipelineID=da777968-b185-4fd4-8554-be8974857fc8, force: true] for container ContainerInfo{id=#2, state=CLOSED, stateEnterTime=2023-11-06T09:27:40.478Z, pipelineID=PipelineID=da777968-b185-4fd4-8554-be8974857fc8, owner=omServiceIdDefault} to 18227f38-d602-4438-971e-c9cd287df9cb(fv-az241-347.2tfxs3cvuluejhi1wdm4o5ef4c.bx.internal.cloudapp.net/10.1.0.6) with datanode deadline 1699263430632 and scm deadline 1699263460632
2023-11-06 09:27:40,633 [ReplicationMonitor] INFO  replication.ReplicationManager (ReplicationManager.java:processAll(394)) - Replication Monitor Thread took 1 milliseconds for processing 2 containers.
2023-11-06 09:27:41,212 [fedf11b8-0957-422e-880a-91cc26979c7a-BlockDeletingService#0] INFO  interfaces.ContainerDeletionChoosingPolicyTemplate (ContainerDeletionChoosingPolicyTemplate.java:chooseContainerForBlockDeletion(85)) - Chosen 0/5000 blocks from 0 candidate containers.
2023-11-06 09:27:41,275 [grpc-default-executor-2] WARN  server.GrpcLogAppender (LogUtils.java:warn(122)) - fadd24ee-4463-4420-97cf-bdd350ad83ae@group-E7ACA9F6E515->b7b1b697-3f82-4acb-89c8-f9bc2eccfa5a-AppendLogResponseHandler: Failed appendEntries: org.apache.ratis.thirdparty.io.grpc.StatusRuntimeException: UNAVAILABLE: io exception
2023-11-06 09:27:41,275 [grpc-default-executor-1] WARN  server.GrpcLogAppender (LogUtils.java:warn(122)) - fadd24ee-4463-4420-97cf-bdd350ad83ae@group-E7ACA9F6E515->b7b1b697-3f82-4acb-89c8-f9bc2eccfa5a-AppendLogResponseHandler: Failed appendEntries: org.apache.ratis.thirdparty.io.grpc.StatusRuntimeException: UNAVAILABLE: io exception
2023-11-06 09:27:41,282 [grpc-default-executor-1] WARN  server.GrpcLogAppender (LogUtils.java:warn(122)) - fadd24ee-4463-4420-97cf-bdd350ad83ae@group-E7ACA9F6E515->b7b1b697-3f82-4acb-89c8-f9bc2eccfa5a-AppendLogResponseHandler: Failed appendEntries: org.apache.ratis.thirdparty.io.grpc.StatusRuntimeException: UNAVAILABLE: io exception
2023-11-06 09:27:41,282 [grpc-default-executor-4] WARN  server.GrpcLogAppender (LogUtils.java:warn(122)) - fadd24ee-4463-4420-97cf-bdd350ad83ae@group-E7ACA9F6E515->b7b1b697-3f82-4acb-89c8-f9bc2eccfa5a-AppendLogResponseHandler: Failed appendEntries: org.apache.ratis.thirdparty.io.grpc.StatusRuntimeException: UNAVAILABLE: io exception
2023-11-06 09:27:41,283 [grpc-default-executor-1] INFO  leader.FollowerInfo (FollowerInfoImpl.java:lambda$new$0(52)) - fadd24ee-4463-4420-97cf-bdd350ad83ae@group-E7ACA9F6E515->b7b1b697-3f82-4acb-89c8-f9bc2eccfa5a: decreaseNextIndex nextIndex: updateUnconditionally 1 -> 0
2023-11-06 09:27:41,381 [0eeb79a9-13fd-416c-b2a7-6f654c6b5029-BlockDeletingService#0] INFO  interfaces.ContainerDeletionChoosingPolicyTemplate (ContainerDeletionChoosingPolicyTemplate.java:chooseContainerForBlockDeletion(85)) - Chosen 0/5000 blocks from 0 candidate containers.
2023-11-06 09:27:41,403 [grpc-default-executor-4] WARN  server.GrpcLogAppender (LogUtils.java:warn(122)) - 4cee0e49-9f18-41f8-8e67-157ccbc15955@group-67654037FCFA->b7b1b697-3f82-4acb-89c8-f9bc2eccfa5a-AppendLogResponseHandler: Failed appendEntries: org.apache.ratis.thirdparty.io.grpc.StatusRuntimeException: UNAVAILABLE: io exception
2023-11-06 09:27:41,405 [grpc-default-executor-4] WARN  server.GrpcLogAppender (GrpcLogAppender.java:resetClient(128)) - 4cee0e49-9f18-41f8-8e67-157ccbc15955@group-67654037FCFA->b7b1b697-3f82-4acb-89c8-f9bc2eccfa5a-GrpcLogAppender: Follower failed when matchIndex == 0,  keep nextIndex (1) unchanged and retry.
2023-11-06 09:27:41,405 [grpc-default-executor-1] WARN  server.GrpcLogAppender (LogUtils.java:warn(122)) - 4cee0e49-9f18-41f8-8e67-157ccbc15955@group-67654037FCFA->b7b1b697-3f82-4acb-89c8-f9bc2eccfa5a-AppendLogResponseHandler: Failed appendEntries: org.apache.ratis.thirdparty.io.grpc.StatusRuntimeException: UNAVAILABLE: io exception
2023-11-06 09:27:41,406 [grpc-default-executor-1] WARN  server.GrpcLogAppender (GrpcLogAppender.java:resetClient(128)) - 4cee0e49-9f18-41f8-8e67-157ccbc15955@group-67654037FCFA->b7b1b697-3f82-4acb-89c8-f9bc2eccfa5a-GrpcLogAppender: Follower failed when matchIndex == 0,  keep nextIndex (1) unchanged and retry.
2023-11-06 09:27:41,467 [18227f38-d602-4438-971e-c9cd287df9cb-CloseContainerThread-0] INFO  keyvalue.KeyValueContainer (KeyValueContainer.java:flushAndSyncDB(522)) - Container 2 is synced with bcsId 0.
2023-11-06 09:27:41,468 [18227f38-d602-4438-971e-c9cd287df9cb-CloseContainerThread-0] INFO  keyvalue.KeyValueContainer (KeyValueContainer.java:flushAndSyncDB(522)) - Container 2 is synced with bcsId 0.
2023-11-06 09:27:41,471 [18227f38-d602-4438-971e-c9cd287df9cb-CloseContainerThread-0] INFO  keyvalue.KeyValueContainer (KeyValueContainer.java:close(437)) - Container 2 is closed with bcsId 0.
2023-11-06 09:27:41,474 [0eeb79a9-13fd-416c-b2a7-6f654c6b5029-CloseContainerThread-0] INFO  keyvalue.KeyValueContainer (KeyValueContainer.java:flushAndSyncDB(522)) - Container 2 is synced with bcsId 0.
2023-11-06 09:27:41,474 [0eeb79a9-13fd-416c-b2a7-6f654c6b5029-CloseContainerThread-0] INFO  keyvalue.KeyValueContainer (KeyValueContainer.java:flushAndSyncDB(522)) - Container 2 is synced with bcsId 0.
2023-11-06 09:27:41,479 [0eeb79a9-13fd-416c-b2a7-6f654c6b5029-CloseContainerThread-0] INFO  keyvalue.KeyValueContainer (KeyValueContainer.java:close(437)) - Container 2 is closed with bcsId 0.
2023-11-06 09:27:41,811 [fadd24ee-4463-4420-97cf-bdd350ad83ae-BlockDeletingService#0] INFO  interfaces.ContainerDeletionChoosingPolicyTemplate (ContainerDeletionChoosingPolicyTemplate.java:chooseContainerForBlockDeletion(85)) - Chosen 0/5000 blocks from 0 candidate containers.
2023-11-06 09:27:41,874 [4cee0e49-9f18-41f8-8e67-157ccbc15955-PipelineCommandHandlerThread-0] INFO  server.RaftServer (RaftServerProxy.java:remove(109)) - 4cee0e49-9f18-41f8-8e67-157ccbc15955: remove  FOLLOWER 4cee0e49-9f18-41f8-8e67-157ccbc15955@group-E7ACA9F6E515:t2, leader=fadd24ee-4463-4420-97cf-bdd350ad83ae, voted=fadd24ee-4463-4420-97cf-bdd350ad83ae, raftlog=Memoized:4cee0e49-9f18-41f8-8e67-157ccbc15955@group-E7ACA9F6E515-SegmentedRaftLog:OPENED:c1, conf=1: peers:[fadd24ee-4463-4420-97cf-bdd350ad83ae|rpc:10.1.0.6:15041|admin:10.1.0.6:15040|client:10.1.0.6:15039|dataStream:10.1.0.6:15042|priority:0|startupRole:FOLLOWER, 4cee0e49-9f18-41f8-8e67-157ccbc15955|rpc:10.1.0.6:15050|admin:10.1.0.6:15049|client:10.1.0.6:15048|dataStream:10.1.0.6:15051|priority:0|startupRole:FOLLOWER, b7b1b697-3f82-4acb-89c8-f9bc2eccfa5a|rpc:10.1.0.6:15059|admin:10.1.0.6:15058|client:10.1.0.6:15057|dataStream:10.1.0.6:15060|priority:1|startupRole:FOLLOWER]|listeners:[], old=null RUNNING
2023-11-06 09:27:41,875 [4cee0e49-9f18-41f8-8e67-157ccbc15955-PipelineCommandHandlerThread-0] INFO  server.RaftServer$Division (RaftServerImpl.java:lambda$close$4(466)) - 4cee0e49-9f18-41f8-8e67-157ccbc15955@group-E7ACA9F6E515: shutdown
2023-11-06 09:27:41,875 [4cee0e49-9f18-41f8-8e67-157ccbc15955-PipelineCommandHandlerThread-0] INFO  util.JmxRegister (JmxRegister.java:unregister(73)) - Successfully un-registered JMX Bean with object name Ratis:service=RaftServer,group=group-E7ACA9F6E515,id=4cee0e49-9f18-41f8-8e67-157ccbc15955
2023-11-06 09:27:41,875 [4cee0e49-9f18-41f8-8e67-157ccbc15955-PipelineCommandHandlerThread-0] INFO  impl.RoleInfo (RoleInfo.java:shutdownFollowerState(110)) - 4cee0e49-9f18-41f8-8e67-157ccbc15955: shutdown 4cee0e49-9f18-41f8-8e67-157ccbc15955@group-E7ACA9F6E515-FollowerState
2023-11-06 09:27:41,875 [4cee0e49-9f18-41f8-8e67-157ccbc15955-PipelineCommandHandlerThread-0] INFO  impl.StateMachineUpdater (StateMachineUpdater.java:stopAndJoin(155)) - 4cee0e49-9f18-41f8-8e67-157ccbc15955@group-E7ACA9F6E515-StateMachineUpdater: set stopIndex = 1
2023-11-06 09:27:41,875 [4cee0e49-9f18-41f8-8e67-157ccbc15955@group-E7ACA9F6E515-FollowerState] INFO  impl.FollowerState (FollowerState.java:run(152)) - 4cee0e49-9f18-41f8-8e67-157ccbc15955@group-E7ACA9F6E515-FollowerState was interrupted
2023-11-06 09:27:41,876 [4cee0e49-9f18-41f8-8e67-157ccbc15955@group-E7ACA9F6E515-StateMachineUpdater] INFO  ratis.ContainerStateMachine (ContainerStateMachine.java:takeSnapshot(337)) - group-E7ACA9F6E515: Taking a snapshot at:(t:2, i:1) file /home/runner/work/ozone/ozone/hadoop-ozone/integration-test/target/test-dir/MiniOzoneClusterImpl-938474ea-96d6-4bd3-a45f-678920fb0bb2/datanode-4/data/ratis/87283212-8523-47a3-ab01-e7aca9f6e515/sm/snapshot.2_1
2023-11-06 09:27:41,878 [4cee0e49-9f18-41f8-8e67-157ccbc15955@group-E7ACA9F6E515-StateMachineUpdater] INFO  ratis.ContainerStateMachine (ContainerStateMachine.java:takeSnapshot(348)) - group-E7ACA9F6E515: Finished taking a snapshot at:(t:2, i:1) file:/home/runner/work/ozone/ozone/hadoop-ozone/integration-test/target/test-dir/MiniOzoneClusterImpl-938474ea-96d6-4bd3-a45f-678920fb0bb2/datanode-4/data/ratis/87283212-8523-47a3-ab01-e7aca9f6e515/sm/snapshot.2_1 took: 3 ms
2023-11-06 09:27:41,879 [4cee0e49-9f18-41f8-8e67-157ccbc15955@group-E7ACA9F6E515-StateMachineUpdater] INFO  impl.StateMachineUpdater (StateMachineUpdater.java:takeSnapshot(291)) - 4cee0e49-9f18-41f8-8e67-157ccbc15955@group-E7ACA9F6E515-StateMachineUpdater: Took a snapshot at index 1
2023-11-06 09:27:41,879 [4cee0e49-9f18-41f8-8e67-157ccbc15955@group-E7ACA9F6E515-StateMachineUpdater] INFO  impl.StateMachineUpdater (StateMachineUpdater.java:lambda$new$0(97)) - 4cee0e49-9f18-41f8-8e67-157ccbc15955@group-E7ACA9F6E515-StateMachineUpdater: snapshotIndex: updateIncreasingly -1 -> 1
2023-11-06 09:27:41,879 [4cee0e49-9f18-41f8-8e67-157ccbc15955-PipelineCommandHandlerThread-0] INFO  server.RaftServer$Division (ServerState.java:close(472)) - 4cee0e49-9f18-41f8-8e67-157ccbc15955@group-E7ACA9F6E515: closes. applyIndex: 1
2023-11-06 09:27:41,954 [fadd24ee-4463-4420-97cf-bdd350ad83ae-PipelineCommandHandlerThread-0] INFO  server.RaftServer (RaftServerProxy.java:remove(109)) - fadd24ee-4463-4420-97cf-bdd350ad83ae: remove    LEADER fadd24ee-4463-4420-97cf-bdd350ad83ae@group-E7ACA9F6E515:t2, leader=fadd24ee-4463-4420-97cf-bdd350ad83ae, voted=fadd24ee-4463-4420-97cf-bdd350ad83ae, raftlog=Memoized:fadd24ee-4463-4420-97cf-bdd350ad83ae@group-E7ACA9F6E515-SegmentedRaftLog:OPENED:c2, conf=1: peers:[fadd24ee-4463-4420-97cf-bdd350ad83ae|rpc:10.1.0.6:15041|admin:10.1.0.6:15040|client:10.1.0.6:15039|dataStream:10.1.0.6:15042|priority:0|startupRole:FOLLOWER, 4cee0e49-9f18-41f8-8e67-157ccbc15955|rpc:10.1.0.6:15050|admin:10.1.0.6:15049|client:10.1.0.6:15048|dataStream:10.1.0.6:15051|priority:0|startupRole:FOLLOWER, b7b1b697-3f82-4acb-89c8-f9bc2eccfa5a|rpc:10.1.0.6:15059|admin:10.1.0.6:15058|client:10.1.0.6:15057|dataStream:10.1.0.6:15060|priority:1|startupRole:FOLLOWER]|listeners:[], old=null RUNNING
2023-11-06 09:27:41,954 [fadd24ee-4463-4420-97cf-bdd350ad83ae-PipelineCommandHandlerThread-0] INFO  server.RaftServer$Division (RaftServerImpl.java:lambda$close$4(466)) - fadd24ee-4463-4420-97cf-bdd350ad83ae@group-E7ACA9F6E515: shutdown
2023-11-06 09:27:41,954 [fadd24ee-4463-4420-97cf-bdd350ad83ae-PipelineCommandHandlerThread-0] INFO  util.JmxRegister (JmxRegister.java:unregister(73)) - Successfully un-registered JMX Bean with object name Ratis:service=RaftServer,group=group-E7ACA9F6E515,id=fadd24ee-4463-4420-97cf-bdd350ad83ae
2023-11-06 09:27:41,954 [fadd24ee-4463-4420-97cf-bdd350ad83ae-PipelineCommandHandlerThread-0] INFO  impl.RoleInfo (RoleInfo.java:shutdownLeaderState(93)) - fadd24ee-4463-4420-97cf-bdd350ad83ae: shutdown fadd24ee-4463-4420-97cf-bdd350ad83ae@group-E7ACA9F6E515-LeaderStateImpl
2023-11-06 09:27:41,954 [fadd24ee-4463-4420-97cf-bdd350ad83ae-PipelineCommandHandlerThread-0] INFO  impl.PendingRequests (PendingRequests.java:sendNotLeaderResponses(289)) - fadd24ee-4463-4420-97cf-bdd350ad83ae@group-E7ACA9F6E515-PendingRequests: sendNotLeaderResponses
2023-11-06 09:27:41,955 [fadd24ee-4463-4420-97cf-bdd350ad83ae@group-E7ACA9F6E515->b7b1b697-3f82-4acb-89c8-f9bc2eccfa5a-GrpcLogAppender-LogAppenderDaemon] WARN  server.GrpcLogAppender (GrpcLogAppender.java:mayWait(199)) - fadd24ee-4463-4420-97cf-bdd350ad83ae@group-E7ACA9F6E515->b7b1b697-3f82-4acb-89c8-f9bc2eccfa5a-GrpcLogAppender: Wait interrupted by java.lang.InterruptedException
2023-11-06 09:27:41,955 [fadd24ee-4463-4420-97cf-bdd350ad83ae@group-E7ACA9F6E515->4cee0e49-9f18-41f8-8e67-157ccbc15955-GrpcLogAppender-LogAppenderDaemon] WARN  server.GrpcLogAppender (GrpcLogAppender.java:mayWait(199)) - fadd24ee-4463-4420-97cf-bdd350ad83ae@group-E7ACA9F6E515->4cee0e49-9f18-41f8-8e67-157ccbc15955-GrpcLogAppender: Wait interrupted by java.lang.InterruptedException
2023-11-06 09:27:41,958 [grpc-default-executor-4] INFO  server.GrpcServerProtocolService (GrpcServerProtocolService.java:onCompleted(155)) - 4cee0e49-9f18-41f8-8e67-157ccbc15955: Completed APPEND_ENTRIES, lastRequest: fadd24ee-4463-4420-97cf-bdd350ad83ae->4cee0e49-9f18-41f8-8e67-157ccbc15955#2-t2,previous=(t:2, i:1),leaderCommit=1,initializing? true,entries: size=1, first=(t:2, i:2), METADATAENTRY(c:1)
2023-11-06 09:27:41,958 [grpc-default-executor-4] INFO  server.GrpcServerProtocolService (GrpcServerProtocolService.java:lambda$onCompleted$5(157)) - 4cee0e49-9f18-41f8-8e67-157ccbc15955: Completed APPEND_ENTRIES, lastReply: null
2023-11-06 09:27:41,958 [grpc-default-executor-1] INFO  server.GrpcServerProtocolService (GrpcServerProtocolService.java:onCompleted(155)) - 4cee0e49-9f18-41f8-8e67-157ccbc15955: Completed APPEND_ENTRIES, lastRequest: null
2023-11-06 09:27:41,958 [grpc-default-executor-1] INFO  server.GrpcServerProtocolService (GrpcServerProtocolService.java:lambda$onCompleted$5(157)) - 4cee0e49-9f18-41f8-8e67-157ccbc15955: Completed APPEND_ENTRIES, lastReply: serverReply {
  requestorId: "fadd24ee-4463-4420-97cf-bdd350ad83ae"
  replyId: "4cee0e49-9f18-41f8-8e67-157ccbc15955"
  raftGroupId {
    id: "\207(2\022\205#G\243\253\001\347\254\251\366\345\025"
  }
  success: true
}
term: 2
nextIndex: 1
matchIndex: 18446744073709551615
isHearbeat: true

2023-11-06 09:27:41,959 [grpc-default-executor-2] INFO  server.GrpcLogAppender (GrpcLogAppender.java:onCompleted(428)) - fadd24ee-4463-4420-97cf-bdd350ad83ae@group-E7ACA9F6E515->4cee0e49-9f18-41f8-8e67-157ccbc15955-AppendLogResponseHandler: follower responses appendEntries COMPLETED
2023-11-06 09:27:41,959 [grpc-default-executor-2] INFO  leader.FollowerInfo (FollowerInfoImpl.java:lambda$new$0(52)) - fadd24ee-4463-4420-97cf-bdd350ad83ae@group-E7ACA9F6E515->4cee0e49-9f18-41f8-8e67-157ccbc15955: decreaseNextIndex nextIndex: updateUnconditionally 3 -> 2
2023-11-06 09:27:41,959 [grpc-default-executor-5] INFO  server.GrpcLogAppender (GrpcLogAppender.java:onCompleted(428)) - fadd24ee-4463-4420-97cf-bdd350ad83ae@group-E7ACA9F6E515->4cee0e49-9f18-41f8-8e67-157ccbc15955-AppendLogResponseHandler: follower responses appendEntries COMPLETED
2023-11-06 09:27:41,960 [grpc-default-executor-5] INFO  leader.FollowerInfo (FollowerInfoImpl.java:lambda$new$0(52)) - fadd24ee-4463-4420-97cf-bdd350ad83ae@group-E7ACA9F6E515->4cee0e49-9f18-41f8-8e67-157ccbc15955: decreaseNextIndex nextIndex: updateUnconditionally 2 -> 1
2023-11-06 09:27:41,965 [fadd24ee-4463-4420-97cf-bdd350ad83ae-PipelineCommandHandlerThread-0] INFO  impl.StateMachineUpdater (StateMachineUpdater.java:stopAndJoin(155)) - fadd24ee-4463-4420-97cf-bdd350ad83ae@group-E7ACA9F6E515-StateMachineUpdater: set stopIndex = 2
2023-11-06 09:27:41,965 [fadd24ee-4463-4420-97cf-bdd350ad83ae@group-E7ACA9F6E515-StateMachineUpdater] INFO  ratis.ContainerStateMachine (ContainerStateMachine.java:takeSnapshot(337)) - group-E7ACA9F6E515: Taking a snapshot at:(t:2, i:2) file /home/runner/work/ozone/ozone/hadoop-ozone/integration-test/target/test-dir/MiniOzoneClusterImpl-938474ea-96d6-4bd3-a45f-678920fb0bb2/datanode-3/data/ratis/87283212-8523-47a3-ab01-e7aca9f6e515/sm/snapshot.2_2
2023-11-06 09:27:41,966 [fadd24ee-4463-4420-97cf-bdd350ad83ae@group-E7ACA9F6E515-StateMachineUpdater] INFO  ratis.ContainerStateMachine (ContainerStateMachine.java:takeSnapshot(348)) - group-E7ACA9F6E515: Finished taking a snapshot at:(t:2, i:2) file:/home/runner/work/ozone/ozone/hadoop-ozone/integration-test/target/test-dir/MiniOzoneClusterImpl-938474ea-96d6-4bd3-a45f-678920fb0bb2/datanode-3/data/ratis/87283212-8523-47a3-ab01-e7aca9f6e515/sm/snapshot.2_2 took: 1 ms
2023-11-06 09:27:41,967 [fadd24ee-4463-4420-97cf-bdd350ad83ae@group-E7ACA9F6E515-StateMachineUpdater] INFO  impl.StateMachineUpdater (StateMachineUpdater.java:takeSnapshot(291)) - fadd24ee-4463-4420-97cf-bdd350ad83ae@group-E7ACA9F6E515-StateMachineUpdater: Took a snapshot at index 2
2023-11-06 09:27:41,967 [fadd24ee-4463-4420-97cf-bdd350ad83ae@group-E7ACA9F6E515-StateMachineUpdater] INFO  impl.StateMachineUpdater (StateMachineUpdater.java:lambda$new$0(97)) - fadd24ee-4463-4420-97cf-bdd350ad83ae@group-E7ACA9F6E515-StateMachineUpdater: snapshotIndex: updateIncreasingly -1 -> 2
2023-11-06 09:27:41,968 [fadd24ee-4463-4420-97cf-bdd350ad83ae-PipelineCommandHandlerThread-0] INFO  server.RaftServer$Division (ServerState.java:close(472)) - fadd24ee-4463-4420-97cf-bdd350ad83ae@group-E7ACA9F6E515: closes. applyIndex: 2
2023-11-06 09:27:41,986 [4cee0e49-9f18-41f8-8e67-157ccbc15955-BlockDeletingService#0] INFO  interfaces.ContainerDeletionChoosingPolicyTemplate (ContainerDeletionChoosingPolicyTemplate.java:chooseContainerForBlockDeletion(85)) - Chosen 0/5000 blocks from 0 candidate containers.
2023-11-06 09:27:42,012 [fadd24ee-4463-4420-97cf-bdd350ad83ae-PipelineCommandHandlerThread-0] INFO  segmented.SegmentedRaftLogWorker (SegmentedRaftLogWorker.java:close(252)) - fadd24ee-4463-4420-97cf-bdd350ad83ae@group-E7ACA9F6E515-SegmentedRaftLogWorker close()
2023-11-06 09:27:42,018 [4cee0e49-9f18-41f8-8e67-157ccbc15955-PipelineCommandHandlerThread-0] INFO  segmented.SegmentedRaftLogWorker (SegmentedRaftLogWorker.java:close(252)) - 4cee0e49-9f18-41f8-8e67-157ccbc15955@group-E7ACA9F6E515-SegmentedRaftLogWorker close()
2023-11-06 09:27:42,020 [4cee0e49-9f18-41f8-8e67-157ccbc15955-PipelineCommandHandlerThread-0] INFO  server.RaftServer$Division (RaftServerImpl.java:groupRemove(436)) - 4cee0e49-9f18-41f8-8e67-157ccbc15955@group-E7ACA9F6E515: Succeed to remove RaftStorageDirectory Storage Directory /home/runner/work/ozone/ozone/hadoop-ozone/integration-test/target/test-dir/MiniOzoneClusterImpl-938474ea-96d6-4bd3-a45f-678920fb0bb2/datanode-4/data/ratis/87283212-8523-47a3-ab01-e7aca9f6e515
2023-11-06 09:27:42,021 [4cee0e49-9f18-41f8-8e67-157ccbc15955-PipelineCommandHandlerThread-0] INFO  commandhandler.ClosePipelineCommandHandler (ClosePipelineCommandHandler.java:lambda$handle$0(87)) - Close Pipeline PipelineID=87283212-8523-47a3-ab01-e7aca9f6e515 command on datanode 4cee0e49-9f18-41f8-8e67-157ccbc15955.
2023-11-06 09:27:42,021 [4cee0e49-9f18-41f8-8e67-157ccbc15955-PipelineCommandHandlerThread-0] INFO  server.RaftServer (RaftServerProxy.java:remove(109)) - 4cee0e49-9f18-41f8-8e67-157ccbc15955: remove    LEADER 4cee0e49-9f18-41f8-8e67-157ccbc15955@group-67654037FCFA:t1, leader=4cee0e49-9f18-41f8-8e67-157ccbc15955, voted=4cee0e49-9f18-41f8-8e67-157ccbc15955, raftlog=Memoized:4cee0e49-9f18-41f8-8e67-157ccbc15955@group-67654037FCFA-SegmentedRaftLog:OPENED:c0, conf=0: peers:[fadd24ee-4463-4420-97cf-bdd350ad83ae|rpc:10.1.0.6:15041|admin:10.1.0.6:15040|client:10.1.0.6:15039|dataStream:10.1.0.6:15042|priority:0|startupRole:FOLLOWER, b7b1b697-3f82-4acb-89c8-f9bc2eccfa5a|rpc:10.1.0.6:15059|admin:10.1.0.6:15058|client:10.1.0.6:15057|dataStream:10.1.0.6:15060|priority:0|startupRole:FOLLOWER, 4cee0e49-9f18-41f8-8e67-157ccbc15955|rpc:10.1.0.6:15050|admin:10.1.0.6:15049|client:10.1.0.6:15048|dataStream:10.1.0.6:15051|priority:1|startupRole:FOLLOWER]|listeners:[], old=null RUNNING
2023-11-06 09:27:42,021 [4cee0e49-9f18-41f8-8e67-157ccbc15955-PipelineCommandHandlerThread-0] INFO  server.RaftServer$Division (RaftServerImpl.java:lambda$close$4(466)) - 4cee0e49-9f18-41f8-8e67-157ccbc15955@group-67654037FCFA: shutdown
2023-11-06 09:27:42,021 [4cee0e49-9f18-41f8-8e67-157ccbc15955-PipelineCommandHandlerThread-0] INFO  util.JmxRegister (JmxRegister.java:unregister(73)) - Successfully un-registered JMX Bean with object name Ratis:service=RaftServer,group=group-67654037FCFA,id=4cee0e49-9f18-41f8-8e67-157ccbc15955
2023-11-06 09:27:42,021 [4cee0e49-9f18-41f8-8e67-157ccbc15955-PipelineCommandHandlerThread-0] INFO  impl.RoleInfo (RoleInfo.java:shutdownLeaderState(93)) - 4cee0e49-9f18-41f8-8e67-157ccbc15955: shutdown 4cee0e49-9f18-41f8-8e67-157ccbc15955@group-67654037FCFA-LeaderStateImpl
2023-11-06 09:27:42,021 [4cee0e49-9f18-41f8-8e67-157ccbc15955-PipelineCommandHandlerThread-0] INFO  impl.PendingRequests (PendingRequests.java:sendNotLeaderResponses(289)) - 4cee0e49-9f18-41f8-8e67-157ccbc15955@group-67654037FCFA-PendingRequests: sendNotLeaderResponses
2023-11-06 09:27:42,021 [4cee0e49-9f18-41f8-8e67-157ccbc15955@group-67654037FCFA->b7b1b697-3f82-4acb-89c8-f9bc2eccfa5a-GrpcLogAppender-LogAppenderDaemon] WARN  server.GrpcLogAppender (GrpcLogAppender.java:mayWait(199)) - 4cee0e49-9f18-41f8-8e67-157ccbc15955@group-67654037FCFA->b7b1b697-3f82-4acb-89c8-f9bc2eccfa5a-GrpcLogAppender: Wait interrupted by java.lang.InterruptedException
2023-11-06 09:27:42,022 [4cee0e49-9f18-41f8-8e67-157ccbc15955-PipelineCommandHandlerThread-0] INFO  impl.StateMachineUpdater (StateMachineUpdater.java:stopAndJoin(155)) - 4cee0e49-9f18-41f8-8e67-157ccbc15955@group-67654037FCFA-StateMachineUpdater: set stopIndex = 0
2023-11-06 09:27:42,022 [4cee0e49-9f18-41f8-8e67-157ccbc15955@group-67654037FCFA->fadd24ee-4463-4420-97cf-bdd350ad83ae-GrpcLogAppender-LogAppenderDaemon] WARN  server.GrpcLogAppender (GrpcLogAppender.java:mayWait(199)) - 4cee0e49-9f18-41f8-8e67-157ccbc15955@group-67654037FCFA->fadd24ee-4463-4420-97cf-bdd350ad83ae-GrpcLogAppender: Wait interrupted by java.lang.InterruptedException
2023-11-06 09:27:42,023 [grpc-default-executor-1] INFO  server.GrpcServerProtocolService (GrpcServerProtocolService.java:onCompleted(155)) - fadd24ee-4463-4420-97cf-bdd350ad83ae: Completed APPEND_ENTRIES, lastRequest: 4cee0e49-9f18-41f8-8e67-157ccbc15955->fadd24ee-4463-4420-97cf-bdd350ad83ae#1-t1,previous=(t:0, i:0),leaderCommit=-1,initializing? true,entries: size=1, first=(t:1, i:0), CONFIGURATIONENTRY(current:id: "fadd24ee-4463-4420-97cf-bdd350ad83ae"
address: "10.1.0.6:15041"
dataStreamAddress: "10.1.0.6:15042"
clientAddress: "10.1.0.6:15039"
adminAddress: "10.1.0.6:15040"
startupRole: FOLLOWER
,id: "b7b1b697-3f82-4acb-89c8-f9bc2eccfa5a"
address: "10.1.0.6:15059"
dataStreamAddress: "10.1.0.6:15060"
clientAddress: "10.1.0.6:15057"
adminAddress: "10.1.0.6:15058"
startupRole: FOLLOWER
,id: "4cee0e49-9f18-41f8-8e67-157ccbc15955"
address: "10.1.0.6:15050"
priority: 1
dataStreamAddress: "10.1.0.6:15051"
clientAddress: "10.1.0.6:15048"
adminAddress: "10.1.0.6:15049"
startupRole: FOLLOWER
, old:)
2023-11-06 09:27:42,024 [grpc-default-executor-1] INFO  server.GrpcServerProtocolService (GrpcServerProtocolService.java:lambda$onCompleted$5(157)) - fadd24ee-4463-4420-97cf-bdd350ad83ae: Completed APPEND_ENTRIES, lastReply: null
2023-11-06 09:27:42,024 [grpc-default-executor-4] INFO  server.GrpcServerProtocolService (GrpcServerProtocolService.java:onCompleted(155)) - fadd24ee-4463-4420-97cf-bdd350ad83ae: Completed APPEND_ENTRIES, lastRequest: null
2023-11-06 09:27:42,026 [grpc-default-executor-4] INFO  server.GrpcServerProtocolService (GrpcServerProtocolService.java:lambda$onCompleted$5(157)) - fadd24ee-4463-4420-97cf-bdd350ad83ae: Completed APPEND_ENTRIES, lastReply: serverReply {
  requestorId: "4cee0e49-9f18-41f8-8e67-157ccbc15955"
  replyId: "fadd24ee-4463-4420-97cf-bdd350ad83ae"
  raftGroupId {
    id: " \255N)\035,K]\207\"ge@7\374\372"
  }
  callId: 24
  success: true
}
term: 1
nextIndex: 1
matchIndex: 18446744073709551615
isHearbeat: true

2023-11-06 09:27:42,026 [4cee0e49-9f18-41f8-8e67-157ccbc15955@group-67654037FCFA-StateMachineUpdater] INFO  ratis.ContainerStateMachine (ContainerStateMachine.java:takeSnapshot(337)) - group-67654037FCFA: Taking a snapshot at:(t:1, i:0) file /home/runner/work/ozone/ozone/hadoop-ozone/integration-test/target/test-dir/MiniOzoneClusterImpl-938474ea-96d6-4bd3-a45f-678920fb0bb2/datanode-4/data/ratis/20ad4e29-1d2c-4b5d-8722-67654037fcfa/sm/snapshot.1_0
2023-11-06 09:27:42,027 [fadd24ee-4463-4420-97cf-bdd350ad83ae-PipelineCommandHandlerThread-0] INFO  server.RaftServer$Division (RaftServerImpl.java:groupRemove(436)) - fadd24ee-4463-4420-97cf-bdd350ad83ae@group-E7ACA9F6E515: Succeed to remove RaftStorageDirectory Storage Directory /home/runner/work/ozone/ozone/hadoop-ozone/integration-test/target/test-dir/MiniOzoneClusterImpl-938474ea-96d6-4bd3-a45f-678920fb0bb2/datanode-3/data/ratis/87283212-8523-47a3-ab01-e7aca9f6e515
2023-11-06 09:27:42,027 [fadd24ee-4463-4420-97cf-bdd350ad83ae-PipelineCommandHandlerThread-0] INFO  commandhandler.ClosePipelineCommandHandler (ClosePipelineCommandHandler.java:lambda$handle$0(87)) - Close Pipeline PipelineID=87283212-8523-47a3-ab01-e7aca9f6e515 command on datanode fadd24ee-4463-4420-97cf-bdd350ad83ae.
2023-11-06 09:27:42,027 [4cee0e49-9f18-41f8-8e67-157ccbc15955@group-67654037FCFA-StateMachineUpdater] INFO  ratis.ContainerStateMachine (ContainerStateMachine.java:takeSnapshot(348)) - group-67654037FCFA: Finished taking a snapshot at:(t:1, i:0) file:/home/runner/work/ozone/ozone/hadoop-ozone/integration-test/target/test-dir/MiniOzoneClusterImpl-938474ea-96d6-4bd3-a45f-678920fb0bb2/datanode-4/data/ratis/20ad4e29-1d2c-4b5d-8722-67654037fcfa/sm/snapshot.1_0 took: 1 ms
2023-11-06 09:27:42,027 [fadd24ee-4463-4420-97cf-bdd350ad83ae-PipelineCommandHandlerThread-0] INFO  server.RaftServer (RaftServerProxy.java:remove(109)) - fadd24ee-4463-4420-97cf-bdd350ad83ae: remove  FOLLOWER fadd24ee-4463-4420-97cf-bdd350ad83ae@group-67654037FCFA:t1, leader=4cee0e49-9f18-41f8-8e67-157ccbc15955, voted=4cee0e49-9f18-41f8-8e67-157ccbc15955, raftlog=Memoized:fadd24ee-4463-4420-97cf-bdd350ad83ae@group-67654037FCFA-SegmentedRaftLog:OPENED:c0, conf=0: peers:[fadd24ee-4463-4420-97cf-bdd350ad83ae|rpc:10.1.0.6:15041|admin:10.1.0.6:15040|client:10.1.0.6:15039|dataStream:10.1.0.6:15042|priority:0|startupRole:FOLLOWER, b7b1b697-3f82-4acb-89c8-f9bc2eccfa5a|rpc:10.1.0.6:15059|admin:10.1.0.6:15058|client:10.1.0.6:15057|dataStream:10.1.0.6:15060|priority:0|startupRole:FOLLOWER, 4cee0e49-9f18-41f8-8e67-157ccbc15955|rpc:10.1.0.6:15050|admin:10.1.0.6:15049|client:10.1.0.6:15048|dataStream:10.1.0.6:15051|priority:1|startupRole:FOLLOWER]|listeners:[], old=null RUNNING
2023-11-06 09:27:42,028 [fadd24ee-4463-4420-97cf-bdd350ad83ae-PipelineCommandHandlerThread-0] INFO  server.RaftServer$Division (RaftServerImpl.java:lambda$close$4(466)) - fadd24ee-4463-4420-97cf-bdd350ad83ae@group-67654037FCFA: shutdown
2023-11-06 09:27:42,028 [4cee0e49-9f18-41f8-8e67-157ccbc15955@group-67654037FCFA-StateMachineUpdater] INFO  impl.StateMachineUpdater (StateMachineUpdater.java:takeSnapshot(291)) - 4cee0e49-9f18-41f8-8e67-157ccbc15955@group-67654037FCFA-StateMachineUpdater: Took a snapshot at index 0
2023-11-06 09:27:42,028 [fadd24ee-4463-4420-97cf-bdd350ad83ae-PipelineCommandHandlerThread-0] INFO  util.JmxRegister (JmxRegister.java:unregister(73)) - Successfully un-registered JMX Bean with object name Ratis:service=RaftServer,group=group-67654037FCFA,id=fadd24ee-4463-4420-97cf-bdd350ad83ae
2023-11-06 09:27:42,028 [fadd24ee-4463-4420-97cf-bdd350ad83ae-PipelineCommandHandlerThread-0] INFO  impl.RoleInfo (RoleInfo.java:shutdownFollowerState(110)) - fadd24ee-4463-4420-97cf-bdd350ad83ae: shutdown fadd24ee-4463-4420-97cf-bdd350ad83ae@group-67654037FCFA-FollowerState
2023-11-06 09:27:42,028 [fadd24ee-4463-4420-97cf-bdd350ad83ae-PipelineCommandHandlerThread-0] INFO  impl.StateMachineUpdater (StateMachineUpdater.java:stopAndJoin(155)) - fadd24ee-4463-4420-97cf-bdd350ad83ae@group-67654037FCFA-StateMachineUpdater: set stopIndex = 0
2023-11-06 09:27:42,028 [4cee0e49-9f18-41f8-8e67-157ccbc15955@group-67654037FCFA-StateMachineUpdater] INFO  impl.StateMachineUpdater (StateMachineUpdater.java:lambda$new$0(97)) - 4cee0e49-9f18-41f8-8e67-157ccbc15955@group-67654037FCFA-StateMachineUpdater: snapshotIndex: updateIncreasingly -1 -> 0
2023-11-06 09:27:42,029 [grpc-default-executor-1] INFO  server.GrpcLogAppender (GrpcLogAppender.java:onCompleted(428)) - 4cee0e49-9f18-41f8-8e67-157ccbc15955@group-67654037FCFA->fadd24ee-4463-4420-97cf-bdd350ad83ae-AppendLogResponseHandler: follower responses appendEntries COMPLETED
2023-11-06 09:27:42,029 [grpc-default-executor-1] INFO  leader.FollowerInfo (FollowerInfoImpl.java:lambda$new$0(52)) - 4cee0e49-9f18-41f8-8e67-157ccbc15955@group-67654037FCFA->fadd24ee-4463-4420-97cf-bdd350ad83ae: decreaseNextIndex nextIndex: updateUnconditionally 1 -> 0
2023-11-06 09:27:42,029 [fadd24ee-4463-4420-97cf-bdd350ad83ae@group-67654037FCFA-FollowerState] INFO  impl.FollowerState (FollowerState.java:run(152)) - fadd24ee-4463-4420-97cf-bdd350ad83ae@group-67654037FCFA-FollowerState was interrupted
2023-11-06 09:27:42,029 [fadd24ee-4463-4420-97cf-bdd350ad83ae@group-67654037FCFA-StateMachineUpdater] INFO  ratis.ContainerStateMachine (ContainerStateMachine.java:takeSnapshot(337)) - group-67654037FCFA: Taking a snapshot at:(t:1, i:0) file /home/runner/work/ozone/ozone/hadoop-ozone/integration-test/target/test-dir/MiniOzoneClusterImpl-938474ea-96d6-4bd3-a45f-678920fb0bb2/datanode-3/data/ratis/20ad4e29-1d2c-4b5d-8722-67654037fcfa/sm/snapshot.1_0
2023-11-06 09:27:42,030 [fadd24ee-4463-4420-97cf-bdd350ad83ae@group-67654037FCFA-StateMachineUpdater] INFO  ratis.ContainerStateMachine (ContainerStateMachine.java:takeSnapshot(348)) - group-67654037FCFA: Finished taking a snapshot at:(t:1, i:0) file:/home/runner/work/ozone/ozone/hadoop-ozone/integration-test/target/test-dir/MiniOzoneClusterImpl-938474ea-96d6-4bd3-a45f-678920fb0bb2/datanode-3/data/ratis/20ad4e29-1d2c-4b5d-8722-67654037fcfa/sm/snapshot.1_0 took: 1 ms
2023-11-06 09:27:42,030 [fadd24ee-4463-4420-97cf-bdd350ad83ae@group-67654037FCFA-StateMachineUpdater] INFO  impl.StateMachineUpdater (StateMachineUpdater.java:takeSnapshot(291)) - fadd24ee-4463-4420-97cf-bdd350ad83ae@group-67654037FCFA-StateMachineUpdater: Took a snapshot at index 0
2023-11-06 09:27:42,030 [fadd24ee-4463-4420-97cf-bdd350ad83ae@group-67654037FCFA-StateMachineUpdater] INFO  impl.StateMachineUpdater (StateMachineUpdater.java:lambda$new$0(97)) - fadd24ee-4463-4420-97cf-bdd350ad83ae@group-67654037FCFA-StateMachineUpdater: snapshotIndex: updateIncreasingly -1 -> 0
2023-11-06 09:27:42,031 [fadd24ee-4463-4420-97cf-bdd350ad83ae-PipelineCommandHandlerThread-0] INFO  server.RaftServer$Division (ServerState.java:close(472)) - fadd24ee-4463-4420-97cf-bdd350ad83ae@group-67654037FCFA: closes. applyIndex: 0
2023-11-06 09:27:42,031 [4cee0e49-9f18-41f8-8e67-157ccbc15955-PipelineCommandHandlerThread-0] INFO  server.RaftServer$Division (ServerState.java:close(472)) - 4cee0e49-9f18-41f8-8e67-157ccbc15955@group-67654037FCFA: closes. applyIndex: 0
2023-11-06 09:27:42,034 [grpc-default-executor-5] INFO  server.GrpcLogAppender (GrpcLogAppender.java:onCompleted(428)) - 4cee0e49-9f18-41f8-8e67-157ccbc15955@group-67654037FCFA->fadd24ee-4463-4420-97cf-bdd350ad83ae-AppendLogResponseHandler: follower responses appendEntries COMPLETED
2023-11-06 09:27:42,304 [92ba0aed-1dcc-4895-b5bb-fc45f440be2e-BlockDeletingService#0] INFO  interfaces.ContainerDeletionChoosingPolicyTemplate (ContainerDeletionChoosingPolicyTemplate.java:chooseContainerForBlockDeletion(85)) - Chosen 0/5000 blocks from 0 candidate containers.
2023-11-06 09:27:42,481 [18227f38-d602-4438-971e-c9cd287df9cb-BlockDeletingService#0] INFO  interfaces.ContainerDeletionChoosingPolicyTemplate (ContainerDeletionChoosingPolicyTemplate.java:chooseContainerForBlockDeletion(85)) - Chosen 0/5000 blocks from 0 candidate containers.
2023-11-06 09:27:42,516 [4cee0e49-9f18-41f8-8e67-157ccbc15955-PipelineCommandHandlerThread-0] INFO  segmented.SegmentedRaftLogWorker (SegmentedRaftLogWorker.java:close(252)) - 4cee0e49-9f18-41f8-8e67-157ccbc15955@group-67654037FCFA-SegmentedRaftLogWorker close()
2023-11-06 09:27:42,520 [4cee0e49-9f18-41f8-8e67-157ccbc15955-PipelineCommandHandlerThread-0] INFO  server.RaftServer$Division (RaftServerImpl.java:groupRemove(436)) - 4cee0e49-9f18-41f8-8e67-157ccbc15955@group-67654037FCFA: Succeed to remove RaftStorageDirectory Storage Directory /home/runner/work/ozone/ozone/hadoop-ozone/integration-test/target/test-dir/MiniOzoneClusterImpl-938474ea-96d6-4bd3-a45f-678920fb0bb2/datanode-4/data/ratis/20ad4e29-1d2c-4b5d-8722-67654037fcfa
2023-11-06 09:27:42,520 [4cee0e49-9f18-41f8-8e67-157ccbc15955-PipelineCommandHandlerThread-0] INFO  commandhandler.ClosePipelineCommandHandler (ClosePipelineCommandHandler.java:lambda$handle$0(87)) - Close Pipeline PipelineID=20ad4e29-1d2c-4b5d-8722-67654037fcfa command on datanode 4cee0e49-9f18-41f8-8e67-157ccbc15955.
2023-11-06 09:27:42,556 [fadd24ee-4463-4420-97cf-bdd350ad83ae-PipelineCommandHandlerThread-0] INFO  segmented.SegmentedRaftLogWorker (SegmentedRaftLogWorker.java:close(252)) - fadd24ee-4463-4420-97cf-bdd350ad83ae@group-67654037FCFA-SegmentedRaftLogWorker close()
2023-11-06 09:27:42,559 [fadd24ee-4463-4420-97cf-bdd350ad83ae-PipelineCommandHandlerThread-0] INFO  server.RaftServer$Division (RaftServerImpl.java:groupRemove(436)) - fadd24ee-4463-4420-97cf-bdd350ad83ae@group-67654037FCFA: Succeed to remove RaftStorageDirectory Storage Directory /home/runner/work/ozone/ozone/hadoop-ozone/integration-test/target/test-dir/MiniOzoneClusterImpl-938474ea-96d6-4bd3-a45f-678920fb0bb2/datanode-3/data/ratis/20ad4e29-1d2c-4b5d-8722-67654037fcfa
2023-11-06 09:27:42,560 [fadd24ee-4463-4420-97cf-bdd350ad83ae-PipelineCommandHandlerThread-0] INFO  commandhandler.ClosePipelineCommandHandler (ClosePipelineCommandHandler.java:lambda$handle$0(87)) - Close Pipeline PipelineID=20ad4e29-1d2c-4b5d-8722-67654037fcfa command on datanode fadd24ee-4463-4420-97cf-bdd350ad83ae.
2023-11-06 09:27:42,666 [5f7d9b36-4620-4ba9-8a78-929bd6ddd1f9-BlockDeletingService#0] INFO  interfaces.ContainerDeletionChoosingPolicyTemplate (ContainerDeletionChoosingPolicyTemplate.java:chooseContainerForBlockDeletion(85)) - Chosen 0/5000 blocks from 0 candidate containers.
2023-11-06 09:27:42,814 [0e92623e-4dcf-4eff-ae25-f8b8c2de319b-BlockDeletingService#0] INFO  interfaces.ContainerDeletionChoosingPolicyTemplate (ContainerDeletionChoosingPolicyTemplate.java:chooseContainerForBlockDeletion(85)) - Chosen 0/5000 blocks from 0 candidate containers.
2023-11-06 09:27:50,633 [ReplicationMonitor] INFO  replication.ReplicationManager (ReplicationManager.java:processAll(394)) - Replication Monitor Thread took 0 milliseconds for processing 2 containers.
2023-11-06 09:27:50,635 [UnderReplicatedProcessor] INFO  algorithms.SCMContainerPlacementRackScatter (SCMContainerPlacementRackScatter.java:chooseDatanodesInternal(370)) - Chosen nodes: [fedf11b8-0957-422e-880a-91cc26979c7a(fv-az241-347.2tfxs3cvuluejhi1wdm4o5ef4c.bx.internal.cloudapp.net/10.1.0.6)]. isPolicySatisfied: true.
2023-11-06 09:27:50,635 [UnderReplicatedProcessor] INFO  replication.ReplicationManager (ReplicationManager.java:sendDatanodeCommand(674)) - Sending command [reconstructECContainersCommand: containerID: 1, replicationConfig: EC{rs-3-2-1024k}, sources: [5f7d9b36-4620-4ba9-8a78-929bd6ddd1f9(fv-az241-347.2tfxs3cvuluejhi1wdm4o5ef4c.bx.internal.cloudapp.net/10.1.0.6) replicaIndex: 1, 4cee0e49-9f18-41f8-8e67-157ccbc15955(fv-az241-347.2tfxs3cvuluejhi1wdm4o5ef4c.bx.internal.cloudapp.net/10.1.0.6) replicaIndex: 2, 92ba0aed-1dcc-4895-b5bb-fc45f440be2e(fv-az241-347.2tfxs3cvuluejhi1wdm4o5ef4c.bx.internal.cloudapp.net/10.1.0.6) replicaIndex: 4, 0e92623e-4dcf-4eff-ae25-f8b8c2de319b(fv-az241-347.2tfxs3cvuluejhi1wdm4o5ef4c.bx.internal.cloudapp.net/10.1.0.6) replicaIndex: 5], targets: [fedf11b8-0957-422e-880a-91cc26979c7a(fv-az241-347.2tfxs3cvuluejhi1wdm4o5ef4c.bx.internal.cloudapp.net/10.1.0.6)], missingIndexes: [3]] for container ContainerInfo{id=#1, state=CLOSED, stateEnterTime=2023-11-06T09:27:00.855Z, pipelineID=PipelineID=eeacec12-a8fc-4b02-b8b5-af221b05ce3a, owner=omServiceIdDefault} to fedf11b8-0957-422e-880a-91cc26979c7a(fv-az241-347.2tfxs3cvuluejhi1wdm4o5ef4c.bx.internal.cloudapp.net/10.1.0.6) with datanode deadline 1699263440635 and scm deadline 1699263470635
2023-11-06 09:27:50,635 [UnderReplicatedProcessor] INFO  algorithms.SCMContainerPlacementRackScatter (SCMContainerPlacementRackScatter.java:chooseDatanodesInternal(370)) - Chosen nodes: [fedf11b8-0957-422e-880a-91cc26979c7a(fv-az241-347.2tfxs3cvuluejhi1wdm4o5ef4c.bx.internal.cloudapp.net/10.1.0.6)]. isPolicySatisfied: true.
2023-11-06 09:27:50,635 [UnderReplicatedProcessor] INFO  replication.ReplicationManager (ReplicationManager.java:sendDatanodeCommand(674)) - Sending command [reconstructECContainersCommand: containerID: 2, replicationConfig: EC{rs-3-2-1024k}, sources: [18227f38-d602-4438-971e-c9cd287df9cb(fv-az241-347.2tfxs3cvuluejhi1wdm4o5ef4c.bx.internal.cloudapp.net/10.1.0.6) replicaIndex: 2, 0eeb79a9-13fd-416c-b2a7-6f654c6b5029(fv-az241-347.2tfxs3cvuluejhi1wdm4o5ef4c.bx.internal.cloudapp.net/10.1.0.6) replicaIndex: 3, fadd24ee-4463-4420-97cf-bdd350ad83ae(fv-az241-347.2tfxs3cvuluejhi1wdm4o5ef4c.bx.internal.cloudapp.net/10.1.0.6) replicaIndex: 4, 5f7d9b36-4620-4ba9-8a78-929bd6ddd1f9(fv-az241-347.2tfxs3cvuluejhi1wdm4o5ef4c.bx.internal.cloudapp.net/10.1.0.6) replicaIndex: 5], targets: [fedf11b8-0957-422e-880a-91cc26979c7a(fv-az241-347.2tfxs3cvuluejhi1wdm4o5ef4c.bx.internal.cloudapp.net/10.1.0.6)], missingIndexes: [1]] for container ContainerInfo{id=#2, state=CLOSED, stateEnterTime=2023-11-06T09:27:40.478Z, pipelineID=PipelineID=da777968-b185-4fd4-8554-be8974857fc8, owner=omServiceIdDefault} to fedf11b8-0957-422e-880a-91cc26979c7a(fv-az241-347.2tfxs3cvuluejhi1wdm4o5ef4c.bx.internal.cloudapp.net/10.1.0.6) with datanode deadline 1699263440635 and scm deadline 1699263470635
2023-11-06 09:27:50,636 [UnderReplicatedProcessor] INFO  replication.UnhealthyReplicationProcessor (UnhealthyReplicationProcessor.java:processAll(138)) - Processed 2 containers with health state counts {UNDER_REPLICATED=2}, failed processing 0, deferred due to load 0
2023-11-06 09:27:53,396 [nullContainerReplicationThread-0] INFO  reconstruction.ECReconstructionCoordinatorTask (ECReconstructionCoordinatorTask.java:runTask(65)) - IN_PROGRESS reconstructECContainersCommand: containerID=1, replication=rs-3-2-1024k, missingIndexes=[3], sources={1=5f7d9b36-4620-4ba9-8a78-929bd6ddd1f9(fv-az241-347.2tfxs3cvuluejhi1wdm4o5ef4c.bx.internal.cloudapp.net/10.1.0.6), 2=4cee0e49-9f18-41f8-8e67-157ccbc15955(fv-az241-347.2tfxs3cvuluejhi1wdm4o5ef4c.bx.internal.cloudapp.net/10.1.0.6), 4=92ba0aed-1dcc-4895-b5bb-fc45f440be2e(fv-az241-347.2tfxs3cvuluejhi1wdm4o5ef4c.bx.internal.cloudapp.net/10.1.0.6), 5=0e92623e-4dcf-4eff-ae25-f8b8c2de319b(fv-az241-347.2tfxs3cvuluejhi1wdm4o5ef4c.bx.internal.cloudapp.net/10.1.0.6)}, targets={3=fedf11b8-0957-422e-880a-91cc26979c7a(fv-az241-347.2tfxs3cvuluejhi1wdm4o5ef4c.bx.internal.cloudapp.net/10.1.0.6)}
2023-11-06 09:27:53,401 [nullContainerReplicationThread-1] INFO  reconstruction.ECReconstructionCoordinatorTask (ECReconstructionCoordinatorTask.java:runTask(65)) - IN_PROGRESS reconstructECContainersCommand: containerID=2, replication=rs-3-2-1024k, missingIndexes=[1], sources={2=18227f38-d602-4438-971e-c9cd287df9cb(fv-az241-347.2tfxs3cvuluejhi1wdm4o5ef4c.bx.internal.cloudapp.net/10.1.0.6), 3=0eeb79a9-13fd-416c-b2a7-6f654c6b5029(fv-az241-347.2tfxs3cvuluejhi1wdm4o5ef4c.bx.internal.cloudapp.net/10.1.0.6), 4=fadd24ee-4463-4420-97cf-bdd350ad83ae(fv-az241-347.2tfxs3cvuluejhi1wdm4o5ef4c.bx.internal.cloudapp.net/10.1.0.6), 5=5f7d9b36-4620-4ba9-8a78-929bd6ddd1f9(fv-az241-347.2tfxs3cvuluejhi1wdm4o5ef4c.bx.internal.cloudapp.net/10.1.0.6)}, targets={1=fedf11b8-0957-422e-880a-91cc26979c7a(fv-az241-347.2tfxs3cvuluejhi1wdm4o5ef4c.bx.internal.cloudapp.net/10.1.0.6)}
2023-11-06 09:27:54,992 [timer6] WARN  server.GrpcLogAppender (GrpcLogAppender.java:timeoutAppendRequest(322)) - d9016e39-0130-4fd9-896a-cac3c2785d02@group-3E664A0854E0->fedf11b8-0957-422e-880a-91cc26979c7a-GrpcLogAppender: HEARTBEAT appendEntries Timeout, request=AppendEntriesRequest:cid=3,entriesCount=0,lastEntry=null
2023-11-06 09:28:00,635 [ReplicationMonitor] INFO  replication.ReplicationManager (ReplicationManager.java:processAll(394)) - Replication Monitor Thread took 1 milliseconds for processing 2 containers.
2023-11-06 09:28:01,220 [StaleRecoveringContainerScrubbingService#0] WARN  keyvalue.KeyValueContainer (KeyValueContainer.java:markContainerUnhealthy(404)) - Moving container /home/runner/work/ozone/ozone/hadoop-ozone/integration-test/target/test-dir/MiniOzoneClusterImpl-938474ea-96d6-4bd3-a45f-678920fb0bb2/datanode-0/data-0/containers/hdds/938474ea-96d6-4bd3-a45f-678920fb0bb2/current/containerDir0/1 to state UNHEALTHY from state:RECOVERING
2023-11-06 09:28:01,220 [StaleRecoveringContainerScrubbingService#0] INFO  background.StaleRecoveringContainerScrubbingService (StaleRecoveringContainerScrubbingService.java:call(91)) - Stale recovering container 1 marked UNHEALTHY
2023-11-06 09:28:10,636 [ReplicationMonitor] INFO  replication.ReplicationManager (ReplicationManager.java:processAll(394)) - Replication Monitor Thread took 1 milliseconds for processing 2 containers.
2023-11-06 09:28:10,638 [UnderReplicatedProcessor] INFO  algorithms.SCMContainerPlacementRackScatter (SCMContainerPlacementRackScatter.java:chooseDatanodesInternal(370)) - Chosen nodes: [0eeb79a9-13fd-416c-b2a7-6f654c6b5029(fv-az241-347.2tfxs3cvuluejhi1wdm4o5ef4c.bx.internal.cloudapp.net/10.1.0.6)]. isPolicySatisfied: true.
2023-11-06 09:28:10,639 [UnderReplicatedProcessor] INFO  replication.ReplicationManager (ReplicationManager.java:sendDatanodeCommand(674)) - Sending command [reconstructECContainersCommand: containerID: 1, replicationConfig: EC{rs-3-2-1024k}, sources: [5f7d9b36-4620-4ba9-8a78-929bd6ddd1f9(fv-az241-347.2tfxs3cvuluejhi1wdm4o5ef4c.bx.internal.cloudapp.net/10.1.0.6) replicaIndex: 1, 4cee0e49-9f18-41f8-8e67-157ccbc15955(fv-az241-347.2tfxs3cvuluejhi1wdm4o5ef4c.bx.internal.cloudapp.net/10.1.0.6) replicaIndex: 2, 92ba0aed-1dcc-4895-b5bb-fc45f440be2e(fv-az241-347.2tfxs3cvuluejhi1wdm4o5ef4c.bx.internal.cloudapp.net/10.1.0.6) replicaIndex: 4, 0e92623e-4dcf-4eff-ae25-f8b8c2de319b(fv-az241-347.2tfxs3cvuluejhi1wdm4o5ef4c.bx.internal.cloudapp.net/10.1.0.6) replicaIndex: 5], targets: [0eeb79a9-13fd-416c-b2a7-6f654c6b5029(fv-az241-347.2tfxs3cvuluejhi1wdm4o5ef4c.bx.internal.cloudapp.net/10.1.0.6)], missingIndexes: [3]] for container ContainerInfo{id=#1, state=CLOSED, stateEnterTime=2023-11-06T09:27:00.855Z, pipelineID=PipelineID=eeacec12-a8fc-4b02-b8b5-af221b05ce3a, owner=omServiceIdDefault} to 0eeb79a9-13fd-416c-b2a7-6f654c6b5029(fv-az241-347.2tfxs3cvuluejhi1wdm4o5ef4c.bx.internal.cloudapp.net/10.1.0.6) with datanode deadline 1699263460639 and scm deadline 1699263490639
2023-11-06 09:28:10,639 [UnderReplicatedProcessor] INFO  replication.UnhealthyReplicationProcessor (UnhealthyReplicationProcessor.java:processAll(138)) - Processed 1 containers with health state counts {UNDER_REPLICATED=1}, failed processing 0, deferred due to load 0
2023-11-06 09:28:13,495 [nullContainerReplicationThread-0] INFO  reconstruction.ECReconstructionCoordinatorTask (ECReconstructionCoordinatorTask.java:runTask(65)) - IN_PROGRESS reconstructECContainersCommand: containerID=1, replication=rs-3-2-1024k, missingIndexes=[3], sources={1=5f7d9b36-4620-4ba9-8a78-929bd6ddd1f9(fv-az241-347.2tfxs3cvuluejhi1wdm4o5ef4c.bx.internal.cloudapp.net/10.1.0.6), 2=4cee0e49-9f18-41f8-8e67-157ccbc15955(fv-az241-347.2tfxs3cvuluejhi1wdm4o5ef4c.bx.internal.cloudapp.net/10.1.0.6), 4=92ba0aed-1dcc-4895-b5bb-fc45f440be2e(fv-az241-347.2tfxs3cvuluejhi1wdm4o5ef4c.bx.internal.cloudapp.net/10.1.0.6), 5=0e92623e-4dcf-4eff-ae25-f8b8c2de319b(fv-az241-347.2tfxs3cvuluejhi1wdm4o5ef4c.bx.internal.cloudapp.net/10.1.0.6)}, targets={3=0eeb79a9-13fd-416c-b2a7-6f654c6b5029(fv-az241-347.2tfxs3cvuluejhi1wdm4o5ef4c.bx.internal.cloudapp.net/10.1.0.6)}
2023-11-06 09:28:16,101 [d9016e39-0130-4fd9-896a-cac3c2785d02-BlockDeletingService#0] INFO  interfaces.ContainerDeletionChoosingPolicyTemplate (ContainerDeletionChoosingPolicyTemplate.java:chooseContainerForBlockDeletion(85)) - Chosen 0/5000 blocks from 0 candidate containers.
2023-11-06 09:28:20,639 [ReplicationMonitor] INFO  replication.ReplicationManager (ReplicationManager.java:processAll(394)) - Replication Monitor Thread took 1 milliseconds for processing 2 containers.
2023-11-06 09:28:21,389 [StaleRecoveringContainerScrubbingService#2] WARN  keyvalue.KeyValueContainer (KeyValueContainer.java:markContainerUnhealthy(404)) - Moving container /home/runner/work/ozone/ozone/hadoop-ozone/integration-test/target/test-dir/MiniOzoneClusterImpl-938474ea-96d6-4bd3-a45f-678920fb0bb2/datanode-1/data-0/containers/hdds/938474ea-96d6-4bd3-a45f-678920fb0bb2/current/containerDir0/1 to state UNHEALTHY from state:RECOVERING
2023-11-06 09:28:21,389 [StaleRecoveringContainerScrubbingService#2] INFO  background.StaleRecoveringContainerScrubbingService (StaleRecoveringContainerScrubbingService.java:call(91)) - Stale recovering container 1 marked UNHEALTHY
2023-11-06 09:28:30,639 [ReplicationMonitor] INFO  replication.ReplicationManager (ReplicationManager.java:processAll(394)) - Replication Monitor Thread took 0 milliseconds for processing 2 containers.
2023-11-06 09:28:40,641 [UnderReplicatedProcessor] INFO  algorithms.SCMContainerPlacementRackScatter (SCMContainerPlacementRackScatter.java:chooseDatanodesInternal(370)) - Chosen nodes: [18227f38-d602-4438-971e-c9cd287df9cb(fv-az241-347.2tfxs3cvuluejhi1wdm4o5ef4c.bx.internal.cloudapp.net/10.1.0.6)]. isPolicySatisfied: true.
2023-11-06 09:28:40,642 [UnderReplicatedProcessor] INFO  replication.ReplicationManager (ReplicationManager.java:sendDatanodeCommand(674)) - Sending command [reconstructECContainersCommand: containerID: 1, replicationConfig: EC{rs-3-2-1024k}, sources: [5f7d9b36-4620-4ba9-8a78-929bd6ddd1f9(fv-az241-347.2tfxs3cvuluejhi1wdm4o5ef4c.bx.internal.cloudapp.net/10.1.0.6) replicaIndex: 1, 4cee0e49-9f18-41f8-8e67-157ccbc15955(fv-az241-347.2tfxs3cvuluejhi1wdm4o5ef4c.bx.internal.cloudapp.net/10.1.0.6) replicaIndex: 2, 92ba0aed-1dcc-4895-b5bb-fc45f440be2e(fv-az241-347.2tfxs3cvuluejhi1wdm4o5ef4c.bx.internal.cloudapp.net/10.1.0.6) replicaIndex: 4, 0e92623e-4dcf-4eff-ae25-f8b8c2de319b(fv-az241-347.2tfxs3cvuluejhi1wdm4o5ef4c.bx.internal.cloudapp.net/10.1.0.6) replicaIndex: 5], targets: [18227f38-d602-4438-971e-c9cd287df9cb(fv-az241-347.2tfxs3cvuluejhi1wdm4o5ef4c.bx.internal.cloudapp.net/10.1.0.6)], missingIndexes: [3]] for container ContainerInfo{id=#1, state=CLOSED, stateEnterTime=2023-11-06T09:27:00.855Z, pipelineID=PipelineID=eeacec12-a8fc-4b02-b8b5-af221b05ce3a, owner=omServiceIdDefault} to 18227f38-d602-4438-971e-c9cd287df9cb(fv-az241-347.2tfxs3cvuluejhi1wdm4o5ef4c.bx.internal.cloudapp.net/10.1.0.6) with datanode deadline 1699263490642 and scm deadline 1699263520642
2023-11-06 09:28:40,642 [UnderReplicatedProcessor] INFO  replication.UnhealthyReplicationProcessor (UnhealthyReplicationProcessor.java:processAll(138)) - Processed 1 containers with health state counts {UNDER_REPLICATED=1}, failed processing 0, deferred due to load 0
2023-11-06 09:28:40,643 [ReplicationMonitor] INFO  replication.ReplicationManager (ReplicationManager.java:processAll(394)) - Replication Monitor Thread took 1 milliseconds for processing 2 containers.
2023-11-06 09:28:41,214 [fedf11b8-0957-422e-880a-91cc26979c7a-BlockDeletingService#1] INFO  interfaces.ContainerDeletionChoosingPolicyTemplate (ContainerDeletionChoosingPolicyTemplate.java:chooseContainerForBlockDeletion(85)) - Chosen 0/5000 blocks from 0 candidate containers.
2023-11-06 09:28:41,383 [0eeb79a9-13fd-416c-b2a7-6f654c6b5029-BlockDeletingService#1] INFO  interfaces.ContainerDeletionChoosingPolicyTemplate (ContainerDeletionChoosingPolicyTemplate.java:chooseContainerForBlockDeletion(85)) - Chosen 0/5000 blocks from 0 candidate containers.
2023-11-06 09:28:41,813 [fadd24ee-4463-4420-97cf-bdd350ad83ae-BlockDeletingService#1] INFO  interfaces.ContainerDeletionChoosingPolicyTemplate (ContainerDeletionChoosingPolicyTemplate.java:chooseContainerForBlockDeletion(85)) - Chosen 0/5000 blocks from 0 candidate containers.
2023-11-06 09:28:41,989 [4cee0e49-9f18-41f8-8e67-157ccbc15955-BlockDeletingService#1] INFO  interfaces.ContainerDeletionChoosingPolicyTemplate (ContainerDeletionChoosingPolicyTemplate.java:chooseContainerForBlockDeletion(85)) - Chosen 0/5000 blocks from 0 candidate containers.
2023-11-06 09:28:42,306 [92ba0aed-1dcc-4895-b5bb-fc45f440be2e-BlockDeletingService#1] INFO  interfaces.ContainerDeletionChoosingPolicyTemplate (ContainerDeletionChoosingPolicyTemplate.java:chooseContainerForBlockDeletion(85)) - Chosen 0/5000 blocks from 0 candidate containers.
2023-11-06 09:28:42,484 [18227f38-d602-4438-971e-c9cd287df9cb-BlockDeletingService#1] INFO  interfaces.ContainerDeletionChoosingPolicyTemplate (ContainerDeletionChoosingPolicyTemplate.java:chooseContainerForBlockDeletion(85)) - Chosen 0/5000 blocks from 0 candidate containers.
2023-11-06 09:28:42,492 [nullContainerReplicationThread-0] INFO  reconstruction.ECReconstructionCoordinatorTask (ECReconstructionCoordinatorTask.java:runTask(65)) - IN_PROGRESS reconstructECContainersCommand: containerID=1, replication=rs-3-2-1024k, missingIndexes=[3], sources={1=5f7d9b36-4620-4ba9-8a78-929bd6ddd1f9(fv-az241-347.2tfxs3cvuluejhi1wdm4o5ef4c.bx.internal.cloudapp.net/10.1.0.6), 2=4cee0e49-9f18-41f8-8e67-157ccbc15955(fv-az241-347.2tfxs3cvuluejhi1wdm4o5ef4c.bx.internal.cloudapp.net/10.1.0.6), 4=92ba0aed-1dcc-4895-b5bb-fc45f440be2e(fv-az241-347.2tfxs3cvuluejhi1wdm4o5ef4c.bx.internal.cloudapp.net/10.1.0.6), 5=0e92623e-4dcf-4eff-ae25-f8b8c2de319b(fv-az241-347.2tfxs3cvuluejhi1wdm4o5ef4c.bx.internal.cloudapp.net/10.1.0.6)}, targets={3=18227f38-d602-4438-971e-c9cd287df9cb(fv-az241-347.2tfxs3cvuluejhi1wdm4o5ef4c.bx.internal.cloudapp.net/10.1.0.6)}
2023-11-06 09:28:42,668 [5f7d9b36-4620-4ba9-8a78-929bd6ddd1f9-BlockDeletingService#1] INFO  interfaces.ContainerDeletionChoosingPolicyTemplate (ContainerDeletionChoosingPolicyTemplate.java:chooseContainerForBlockDeletion(85)) - Chosen 0/5000 blocks from 0 candidate containers.
2023-11-06 09:28:42,817 [0e92623e-4dcf-4eff-ae25-f8b8c2de319b-BlockDeletingService#1] INFO  interfaces.ContainerDeletionChoosingPolicyTemplate (ContainerDeletionChoosingPolicyTemplate.java:chooseContainerForBlockDeletion(85)) - Chosen 0/5000 blocks from 0 candidate containers.
2023-11-06 09:28:50,644 [ReplicationMonitor] INFO  replication.ReplicationManager (ReplicationManager.java:processAll(394)) - Replication Monitor Thread took 1 milliseconds for processing 2 containers.
2023-11-06 09:28:52,494 [StaleRecoveringContainerScrubbingService#1] WARN  keyvalue.KeyValueContainer (KeyValueContainer.java:markContainerUnhealthy(404)) - Moving container /home/runner/work/ozone/ozone/hadoop-ozone/integration-test/target/test-dir/MiniOzoneClusterImpl-938474ea-96d6-4bd3-a45f-678920fb0bb2/datanode-7/data-0/containers/hdds/938474ea-96d6-4bd3-a45f-678920fb0bb2/current/containerDir0/1 to state UNHEALTHY from state:RECOVERING
2023-11-06 09:28:52,494 [StaleRecoveringContainerScrubbingService#1] INFO  background.StaleRecoveringContainerScrubbingService (StaleRecoveringContainerScrubbingService.java:call(91)) - Stale recovering container 1 marked UNHEALTHY
2023-11-06 09:29:00,645 [ReplicationMonitor] INFO  replication.ReplicationManager (ReplicationManager.java:processAll(394)) - Replication Monitor Thread took 1 milliseconds for processing 2 containers.
2023-11-06 09:29:10,645 [UnderReplicatedProcessor] INFO  algorithms.SCMContainerPlacementRackScatter (SCMContainerPlacementRackScatter.java:chooseDatanodesInternal(370)) - Chosen nodes: [fadd24ee-4463-4420-97cf-bdd350ad83ae(fv-az241-347.2tfxs3cvuluejhi1wdm4o5ef4c.bx.internal.cloudapp.net/10.1.0.6)]. isPolicySatisfied: true.
2023-11-06 09:29:10,645 [UnderReplicatedProcessor] INFO  replication.ReplicationManager (ReplicationManager.java:sendDatanodeCommand(674)) - Sending command [reconstructECContainersCommand: containerID: 1, replicationConfig: EC{rs-3-2-1024k}, sources: [5f7d9b36-4620-4ba9-8a78-929bd6ddd1f9(fv-az241-347.2tfxs3cvuluejhi1wdm4o5ef4c.bx.internal.cloudapp.net/10.1.0.6) replicaIndex: 1, 4cee0e49-9f18-41f8-8e67-157ccbc15955(fv-az241-347.2tfxs3cvuluejhi1wdm4o5ef4c.bx.internal.cloudapp.net/10.1.0.6) replicaIndex: 2, 92ba0aed-1dcc-4895-b5bb-fc45f440be2e(fv-az241-347.2tfxs3cvuluejhi1wdm4o5ef4c.bx.internal.cloudapp.net/10.1.0.6) replicaIndex: 4, 0e92623e-4dcf-4eff-ae25-f8b8c2de319b(fv-az241-347.2tfxs3cvuluejhi1wdm4o5ef4c.bx.internal.cloudapp.net/10.1.0.6) replicaIndex: 5], targets: [fadd24ee-4463-4420-97cf-bdd350ad83ae(fv-az241-347.2tfxs3cvuluejhi1wdm4o5ef4c.bx.internal.cloudapp.net/10.1.0.6)], missingIndexes: [3]] for container ContainerInfo{id=#1, state=CLOSED, stateEnterTime=2023-11-06T09:27:00.855Z, pipelineID=PipelineID=eeacec12-a8fc-4b02-b8b5-af221b05ce3a, owner=omServiceIdDefault} to fadd24ee-4463-4420-97cf-bdd350ad83ae(fv-az241-347.2tfxs3cvuluejhi1wdm4o5ef4c.bx.internal.cloudapp.net/10.1.0.6) with datanode deadline 1699263520645 and scm deadline 1699263550645
2023-11-06 09:29:10,645 [UnderReplicatedProcessor] INFO  replication.UnhealthyReplicationProcessor (UnhealthyReplicationProcessor.java:processAll(138)) - Processed 1 containers with health state counts {UNDER_REPLICATED=1}, failed processing 0, deferred due to load 0
2023-11-06 09:29:10,646 [ReplicationMonitor] INFO  replication.ReplicationManager (ReplicationManager.java:processAll(394)) - Replication Monitor Thread took 0 milliseconds for processing 2 containers.
2023-11-06 09:29:12,506 [nullContainerReplicationThread-0] INFO  reconstruction.ECReconstructionCoordinatorTask (ECReconstructionCoordinatorTask.java:runTask(65)) - IN_PROGRESS reconstructECContainersCommand: containerID=1, replication=rs-3-2-1024k, missingIndexes=[3], sources={1=5f7d9b36-4620-4ba9-8a78-929bd6ddd1f9(fv-az241-347.2tfxs3cvuluejhi1wdm4o5ef4c.bx.internal.cloudapp.net/10.1.0.6), 2=4cee0e49-9f18-41f8-8e67-157ccbc15955(fv-az241-347.2tfxs3cvuluejhi1wdm4o5ef4c.bx.internal.cloudapp.net/10.1.0.6), 4=92ba0aed-1dcc-4895-b5bb-fc45f440be2e(fv-az241-347.2tfxs3cvuluejhi1wdm4o5ef4c.bx.internal.cloudapp.net/10.1.0.6), 5=0e92623e-4dcf-4eff-ae25-f8b8c2de319b(fv-az241-347.2tfxs3cvuluejhi1wdm4o5ef4c.bx.internal.cloudapp.net/10.1.0.6)}, targets={3=fadd24ee-4463-4420-97cf-bdd350ad83ae(fv-az241-347.2tfxs3cvuluejhi1wdm4o5ef4c.bx.internal.cloudapp.net/10.1.0.6)}
2023-11-06 09:29:16,104 [d9016e39-0130-4fd9-896a-cac3c2785d02-BlockDeletingService#1] INFO  interfaces.ContainerDeletionChoosingPolicyTemplate (ContainerDeletionChoosingPolicyTemplate.java:chooseContainerForBlockDeletion(85)) - Chosen 0/5000 blocks from 0 candidate containers.
2023-11-06 09:29:20,155 [RatisPipelineUtilsThread-0] INFO  pipeline.RatisPipelineProvider (RatisPipelineProvider.java:lambda$create$0(206)) - Sending CreatePipelineCommand for pipeline:PipelineID=507b177a-b592-4df9-997d-71accda413cd to datanode:4cee0e49-9f18-41f8-8e67-157ccbc15955
2023-11-06 09:29:20,155 [RatisPipelineUtilsThread-0] INFO  pipeline.RatisPipelineProvider (RatisPipelineProvider.java:lambda$create$0(206)) - Sending CreatePipelineCommand for pipeline:PipelineID=507b177a-b592-4df9-997d-71accda413cd to datanode:0e92623e-4dcf-4eff-ae25-f8b8c2de319b
2023-11-06 09:29:20,155 [RatisPipelineUtilsThread-0] INFO  pipeline.RatisPipelineProvider (RatisPipelineProvider.java:lambda$create$0(206)) - Sending CreatePipelineCommand for pipeline:PipelineID=507b177a-b592-4df9-997d-71accda413cd to datanode:fadd24ee-4463-4420-97cf-bdd350ad83ae
2023-11-06 09:29:20,156 [RatisPipelineUtilsThread-0] INFO  pipeline.BackgroundPipelineCreator (BackgroundPipelineCreator.java:createPipelines(236)) - Created new pipeline Pipeline[ Id: 507b177a-b592-4df9-997d-71accda413cd, Nodes: 4cee0e49-9f18-41f8-8e67-157ccbc15955(fv-az241-347.2tfxs3cvuluejhi1wdm4o5ef4c.bx.internal.cloudapp.net/10.1.0.6)0e92623e-4dcf-4eff-ae25-f8b8c2de319b(fv-az241-347.2tfxs3cvuluejhi1wdm4o5ef4c.bx.internal.cloudapp.net/10.1.0.6)fadd24ee-4463-4420-97cf-bdd350ad83ae(fv-az241-347.2tfxs3cvuluejhi1wdm4o5ef4c.bx.internal.cloudapp.net/10.1.0.6), ReplicationConfig: RATIS/THREE, State:ALLOCATED, leaderId:, CreationTimestamp2023-11-06T09:29:20.155Z[Etc/UTC]]
2023-11-06 09:29:20,157 [RatisPipelineUtilsThread-0] INFO  pipeline.RatisPipelineProvider (RatisPipelineProvider.java:lambda$create$0(206)) - Sending CreatePipelineCommand for pipeline:PipelineID=328b2964-828e-4b67-a51f-8576f14527ec to datanode:fadd24ee-4463-4420-97cf-bdd350ad83ae
2023-11-06 09:29:20,157 [RatisPipelineUtilsThread-0] INFO  pipeline.RatisPipelineProvider (RatisPipelineProvider.java:lambda$create$0(206)) - Sending CreatePipelineCommand for pipeline:PipelineID=328b2964-828e-4b67-a51f-8576f14527ec to datanode:0eeb79a9-13fd-416c-b2a7-6f654c6b5029
2023-11-06 09:29:20,157 [RatisPipelineUtilsThread-0] INFO  pipeline.RatisPipelineProvider (RatisPipelineProvider.java:lambda$create$0(206)) - Sending CreatePipelineCommand for pipeline:PipelineID=328b2964-828e-4b67-a51f-8576f14527ec to datanode:4cee0e49-9f18-41f8-8e67-157ccbc15955
2023-11-06 09:29:20,158 [RatisPipelineUtilsThread-0] INFO  pipeline.BackgroundPipelineCreator (BackgroundPipelineCreator.java:createPipelines(236)) - Created new pipeline Pipeline[ Id: 328b2964-828e-4b67-a51f-8576f14527ec, Nodes: fadd24ee-4463-4420-97cf-bdd350ad83ae(fv-az241-347.2tfxs3cvuluejhi1wdm4o5ef4c.bx.internal.cloudapp.net/10.1.0.6)0eeb79a9-13fd-416c-b2a7-6f654c6b5029(fv-az241-347.2tfxs3cvuluejhi1wdm4o5ef4c.bx.internal.cloudapp.net/10.1.0.6)4cee0e49-9f18-41f8-8e67-157ccbc15955(fv-az241-347.2tfxs3cvuluejhi1wdm4o5ef4c.bx.internal.cloudapp.net/10.1.0.6), ReplicationConfig: RATIS/THREE, State:ALLOCATED, leaderId:, CreationTimestamp2023-11-06T09:29:20.157Z[Etc/UTC]]
2023-11-06 09:29:20,647 [ReplicationMonitor] INFO  replication.ReplicationManager (ReplicationManager.java:processAll(394)) - Replication Monitor Thread took 0 milliseconds for processing 2 containers.
]]></system-out>
  </testcase>
</testsuite>