<?xml version="1.0" encoding="UTF-8"?>
<testsuite xmlns:xsi="http://www.w3.org/2001/XMLSchema-instance" xsi:noNamespaceSchemaLocation="https://maven.apache.org/surefire/maven-surefire-plugin/xsd/surefire-test-report.xsd" name="org.apache.hadoop.fs.ozone.TestRootedOzoneFileSystem" time="271.134" tests="160" errors="0" skipped="18" failures="3">
  <properties>
    <property name="awt.toolkit" value="sun.awt.X11.XToolkit"/>
    <property name="file.encoding.pkg" value="sun.io"/>
    <property name="java.specification.version" value="1.8"/>
    <property name="sun.cpu.isalist" value=""/>
    <property name="sun.jnu.encoding" value="UTF-8"/>
    <property name="java.class.path" value="/home/runner/work/ozone/ozone/hadoop-ozone/integration-test/target/test-classes:/home/runner/work/ozone/ozone/hadoop-ozone/integration-test/target/classes:/home/runner/.m2/repository/org/apache/ozone/ozone-common/1.3.0-SNAPSHOT/ozone-common-1.3.0-SNAPSHOT.jar:/home/runner/.m2/repository/org/apache/commons/commons-compress/1.21/commons-compress-1.21.jar:/home/runner/.m2/repository/org/apache/ozone/hdds-common/1.3.0-SNAPSHOT/hdds-common-1.3.0-SNAPSHOT.jar:/home/runner/.m2/repository/org/apache/ozone/hdds-client/1.3.0-SNAPSHOT/hdds-client-1.3.0-SNAPSHOT.jar:/home/runner/.m2/repository/org/apache/ozone/ozone-interface-client/1.3.0-SNAPSHOT/ozone-interface-client-1.3.0-SNAPSHOT.jar:/home/runner/.m2/repository/org/apache/ozone/hdds-test-utils/1.3.0-SNAPSHOT/hdds-test-utils-1.3.0-SNAPSHOT.jar:/home/runner/.m2/repository/com/google/guava/guava/30.1.1-jre/guava-30.1.1-jre.jar:/home/runner/.m2/repository/com/google/guava/failureaccess/1.0.1/failureaccess-1.0.1.jar:/home/runner/.m2/repository/com/google/guava/listenablefuture/9999.0-empty-to-avoid-conflict-with-guava/listenablefuture-9999.0-empty-to-avoid-conflict-with-guava.jar:/home/runner/.m2/repository/com/google/code/findbugs/jsr305/3.0.0/jsr305-3.0.0.jar:/home/runner/.m2/repository/org/checkerframework/checker-qual/3.8.0/checker-qual-3.8.0.jar:/home/runner/.m2/repository/com/google/errorprone/error_prone_annotations/2.2.0/error_prone_annotations-2.2.0.jar:/home/runner/.m2/repository/com/google/j2objc/j2objc-annotations/1.3/j2objc-annotations-1.3.jar:/home/runner/.m2/repository/commons-io/commons-io/2.11.0/commons-io-2.11.0.jar:/home/runner/.m2/repository/commons-logging/commons-logging/1.2/commons-logging-1.2.jar:/home/runner/.m2/repository/log4j/log4j/1.2.17/log4j-1.2.17.jar:/home/runner/.m2/repository/org/slf4j/slf4j-api/1.7.30/slf4j-api-1.7.30.jar:/home/runner/.m2/repository/org/apache/ozone/hdds-server-scm/1.3.0-SNAPSHOT/hdds-server-scm-1.3.0-SNAPSHOT.jar:/home/runner/.m2/repository/org/apache/ozone/hdds-container-service/1.3.0-SNAPSHOT/hdds-container-service-1.3.0-SNAPSHOT.jar:/home/runner/.m2/repository/org/apache/ozone/hdds-hadoop-dependency-server/1.3.0-SNAPSHOT/hdds-hadoop-dependency-server-1.3.0-SNAPSHOT.jar:/home/runner/.m2/repository/org/apache/hadoop/hadoop-hdfs/3.3.1/hadoop-hdfs-3.3.1.jar:/home/runner/.m2/repository/org/apache/ozone/hdds-server-framework/1.3.0-SNAPSHOT/hdds-server-framework-1.3.0-SNAPSHOT.jar:/home/runner/.m2/repository/org/apache/ozone/hdds-interface-server/1.3.0-SNAPSHOT/hdds-interface-server-1.3.0-SNAPSHOT.jar:/home/runner/.m2/repository/org/eclipse/jetty/jetty-servlet/9.4.43.v20210629/jetty-servlet-9.4.43.v20210629.jar:/home/runner/.m2/repository/org/eclipse/jetty/jetty-security/9.4.43.v20210629/jetty-security-9.4.43.v20210629.jar:/home/runner/.m2/repository/org/rocksdb/rocksdbjni/6.25.3/rocksdbjni-6.25.3.jar:/home/runner/.m2/repository/io/prometheus/simpleclient_dropwizard/0.7.0/simpleclient_dropwizard-0.7.0.jar:/home/runner/.m2/repository/io/prometheus/simpleclient/0.7.0/simpleclient-0.7.0.jar:/home/runner/.m2/repository/io/prometheus/simpleclient_common/0.7.0/simpleclient_common-0.7.0.jar:/home/runner/.m2/repository/com/fasterxml/jackson/datatype/jackson-datatype-jsr310/2.12.1/jackson-datatype-jsr310-2.12.1.jar:/home/runner/.m2/repository/io/dropwizard/metrics/metrics-core/3.2.4/metrics-core-3.2.4.jar:/home/runner/.m2/repository/org/apache/hadoop/hadoop-hdfs-client/3.3.1/hadoop-hdfs-client-3.3.1.jar:/home/runner/.m2/repository/org/bouncycastle/bcprov-jdk15on/1.67/bcprov-jdk15on-1.67.jar:/home/runner/.m2/repository/com/google/protobuf/protobuf-java/2.5.0/protobuf-java-2.5.0.jar:/home/runner/.m2/repository/org/apache/ozone/ozone-manager/1.3.0-SNAPSHOT/ozone-manager-1.3.0-SNAPSHOT.jar:/home/runner/.m2/repository/org/aspectj/aspectjrt/1.9.7/aspectjrt-1.9.7.jar:/home/runner/.m2/repository/org/aspectj/aspectjweaver/1.9.7/aspectjweaver-1.9.7.jar:/home/runner/.m2/repository/org/apache/ozone/hdds-interface-client/1.3.0-SNAPSHOT/hdds-interface-client-1.3.0-SNAPSHOT.jar:/home/runner/.m2/repository/org/apache/hadoop/thirdparty/hadoop-shaded-protobuf_3_7/1.1.1/hadoop-shaded-protobuf_3_7-1.1.1.jar:/home/runner/.m2/repository/org/apache/ozone/ozone-interface-storage/1.3.0-SNAPSHOT/ozone-interface-storage-1.3.0-SNAPSHOT.jar:/home/runner/.m2/repository/org/reflections/reflections/0.9.11/reflections-0.9.11.jar:/home/runner/.m2/repository/org/apache/hadoop/hadoop-minikdc/3.3.1/hadoop-minikdc-3.3.1.jar:/home/runner/.m2/repository/org/apache/kerby/kerb-simplekdc/1.0.1/kerb-simplekdc-1.0.1.jar:/home/runner/.m2/repository/org/apache/kerby/kerb-client/1.0.1/kerb-client-1.0.1.jar:/home/runner/.m2/repository/org/apache/kerby/kerby-config/1.0.1/kerby-config-1.0.1.jar:/home/runner/.m2/repository/org/apache/kerby/kerb-common/1.0.1/kerb-common-1.0.1.jar:/home/runner/.m2/repository/org/apache/kerby/kerb-crypto/1.0.1/kerb-crypto-1.0.1.jar:/home/runner/.m2/repository/org/apache/kerby/kerb-util/1.0.1/kerb-util-1.0.1.jar:/home/runner/.m2/repository/org/apache/kerby/token-provider/1.0.1/token-provider-1.0.1.jar:/home/runner/.m2/repository/org/apache/kerby/kerb-admin/1.0.1/kerb-admin-1.0.1.jar:/home/runner/.m2/repository/org/apache/kerby/kerb-server/1.0.1/kerb-server-1.0.1.jar:/home/runner/.m2/repository/org/apache/kerby/kerb-identity/1.0.1/kerb-identity-1.0.1.jar:/home/runner/.m2/repository/org/apache/kerby/kerby-xdr/1.0.1/kerby-xdr-1.0.1.jar:/home/runner/.m2/repository/org/slf4j/slf4j-log4j12/1.7.30/slf4j-log4j12-1.7.30.jar:/home/runner/.m2/repository/org/apache/ozone/ozone-s3gateway/1.3.0-SNAPSHOT/ozone-s3gateway-1.3.0-SNAPSHOT.jar:/home/runner/.m2/repository/org/javassist/javassist/3.21.0-GA/javassist-3.21.0-GA.jar:/home/runner/.m2/repository/org/jboss/weld/servlet/weld-servlet/2.4.7.Final/weld-servlet-2.4.7.Final.jar:/home/runner/.m2/repository/org/glassfish/jersey/containers/jersey-container-servlet-core/2.33/jersey-container-servlet-core-2.33.jar:/home/runner/.m2/repository/org/glassfish/hk2/external/jakarta.inject/2.6.1/jakarta.inject-2.6.1.jar:/home/runner/.m2/repository/org/glassfish/jersey/core/jersey-common/2.33/jersey-common-2.33.jar:/home/runner/.m2/repository/jakarta/ws/rs/jakarta.ws.rs-api/2.1.6/jakarta.ws.rs-api-2.1.6.jar:/home/runner/.m2/repository/org/glassfish/jersey/ext/cdi/jersey-cdi1x/2.33/jersey-cdi1x-2.33.jar:/home/runner/.m2/repository/org/glassfish/jersey/inject/jersey-hk2/2.33/jersey-hk2-2.33.jar:/home/runner/.m2/repository/org/glassfish/hk2/hk2-locator/2.6.1/hk2-locator-2.6.1.jar:/home/runner/.m2/repository/org/glassfish/jersey/media/jersey-media-jaxb/2.33/jersey-media-jaxb-2.33.jar:/home/runner/.m2/repository/org/glassfish/hk2/osgi-resource-locator/1.0.3/osgi-resource-locator-1.0.3.jar:/home/runner/.m2/repository/org/glassfish/hk2/hk2-api/2.5.0/hk2-api-2.5.0.jar:/home/runner/.m2/repository/org/glassfish/hk2/hk2-utils/2.5.0/hk2-utils-2.5.0.jar:/home/runner/.m2/repository/org/glassfish/hk2/external/aopalliance-repackaged/2.5.0/aopalliance-repackaged-2.5.0.jar:/home/runner/.m2/repository/com/fasterxml/jackson/dataformat/jackson-dataformat-xml/2.12.1/jackson-dataformat-xml-2.12.1.jar:/home/runner/.m2/repository/com/fasterxml/jackson/core/jackson-core/2.12.1/jackson-core-2.12.1.jar:/home/runner/.m2/repository/com/fasterxml/jackson/module/jackson-module-jaxb-annotations/2.12.1/jackson-module-jaxb-annotations-2.12.1.jar:/home/runner/.m2/repository/jakarta/xml/bind/jakarta.xml.bind-api/2.3.2/jakarta.xml.bind-api-2.3.2.jar:/home/runner/.m2/repository/org/codehaus/woodstox/stax2-api/3.1.4/stax2-api-3.1.4.jar:/home/runner/.m2/repository/com/fasterxml/woodstox/woodstox-core/5.0.3/woodstox-core-5.0.3.jar:/home/runner/.m2/repository/javax/enterprise/cdi-api/1.2/cdi-api-1.2.jar:/home/runner/.m2/repository/javax/el/javax.el-api/3.0.0/javax.el-api-3.0.0.jar:/home/runner/.m2/repository/javax/interceptor/javax.interceptor-api/1.2/javax.interceptor-api-1.2.jar:/home/runner/.m2/repository/javax/inject/javax.inject/1/javax.inject-1.jar:/home/runner/.m2/repository/javax/xml/bind/jaxb-api/2.3.0/jaxb-api-2.3.0.jar:/home/runner/.m2/repository/org/glassfish/jaxb/jaxb-runtime/2.3.0.1/jaxb-runtime-2.3.0.1.jar:/home/runner/.m2/repository/org/glassfish/jaxb/jaxb-core/2.3.0.1/jaxb-core-2.3.0.1.jar:/home/runner/.m2/repository/org/glassfish/jaxb/txw2/2.3.0.1/txw2-2.3.0.1.jar:/home/runner/.m2/repository/com/sun/istack/istack-commons-runtime/3.0.5/istack-commons-runtime-3.0.5.jar:/home/runner/.m2/repository/org/jvnet/staxex/stax-ex/1.7.8/stax-ex-1.7.8.jar:/home/runner/.m2/repository/com/sun/xml/fastinfoset/FastInfoset/1.2.13/FastInfoset-1.2.13.jar:/home/runner/.m2/repository/javax/activation/activation/1.1.1/activation-1.1.1.jar:/home/runner/.m2/repository/org/apache/ozone/ozone-csi/1.3.0-SNAPSHOT/ozone-csi-1.3.0-SNAPSHOT.jar:/home/runner/.m2/repository/com/google/protobuf/protobuf-java-util/3.12.0/protobuf-java-util-3.12.0.jar:/home/runner/.m2/repository/com/google/code/gson/gson/2.2.4/gson-2.2.4.jar:/home/runner/.m2/repository/org/apache/ozone/hdds-config/1.3.0-SNAPSHOT/hdds-config-1.3.0-SNAPSHOT.jar:/home/runner/.m2/repository/io/grpc/grpc-netty/1.33.0/grpc-netty-1.33.0.jar:/home/runner/.m2/repository/io/grpc/grpc-core/1.33.0/grpc-core-1.33.0.jar:/home/runner/.m2/repository/com/google/android/annotations/4.1.1.4/annotations-4.1.1.4.jar:/home/runner/.m2/repository/io/netty/netty-codec-http2/4.1.63.Final/netty-codec-http2-4.1.63.Final.jar:/home/runner/.m2/repository/io/netty/netty-codec-http/4.1.63.Final/netty-codec-http-4.1.63.Final.jar:/home/runner/.m2/repository/io/netty/netty-handler-proxy/4.1.63.Final/netty-handler-proxy-4.1.63.Final.jar:/home/runner/.m2/repository/io/netty/netty-codec-socks/4.1.63.Final/netty-codec-socks-4.1.63.Final.jar:/home/runner/.m2/repository/io/perfmark/perfmark-api/0.19.0/perfmark-api-0.19.0.jar:/home/runner/.m2/repository/org/codehaus/mojo/animal-sniffer-annotations/1.18/animal-sniffer-annotations-1.18.jar:/home/runner/.m2/repository/io/netty/netty-transport-native-epoll/4.1.63.Final/netty-transport-native-epoll-4.1.63.Final.jar:/home/runner/.m2/repository/io/netty/netty-common/4.1.63.Final/netty-common-4.1.63.Final.jar:/home/runner/.m2/repository/io/netty/netty-buffer/4.1.63.Final/netty-buffer-4.1.63.Final.jar:/home/runner/.m2/repository/io/netty/netty-transport-native-unix-common/4.1.63.Final/netty-transport-native-unix-common-4.1.63.Final.jar:/home/runner/.m2/repository/io/grpc/grpc-protobuf/1.33.0/grpc-protobuf-1.33.0.jar:/home/runner/.m2/repository/io/grpc/grpc-api/1.33.0/grpc-api-1.33.0.jar:/home/runner/.m2/repository/io/grpc/grpc-context/1.33.0/grpc-context-1.33.0.jar:/home/runner/.m2/repository/com/google/api/grpc/proto-google-common-protos/1.17.0/proto-google-common-protos-1.17.0.jar:/home/runner/.m2/repository/io/grpc/grpc-protobuf-lite/1.33.0/grpc-protobuf-lite-1.33.0.jar:/home/runner/.m2/repository/io/grpc/grpc-stub/1.33.0/grpc-stub-1.33.0.jar:/home/runner/.m2/repository/org/apache/ozone/ozone-recon/1.3.0-SNAPSHOT/ozone-recon-1.3.0-SNAPSHOT.jar:/home/runner/.m2/repository/org/apache/ozone/ozone-reconcodegen/1.3.0-SNAPSHOT/ozone-reconcodegen-1.3.0-SNAPSHOT.jar:/home/runner/.m2/repository/com/google/inject/extensions/guice-multibindings/4.0/guice-multibindings-4.0.jar:/home/runner/.m2/repository/com/google/inject/guice/4.0/guice-4.0.jar:/home/runner/.m2/repository/aopalliance/aopalliance/1.0/aopalliance-1.0.jar:/home/runner/.m2/repository/com/google/inject/extensions/guice-assistedinject/4.0/guice-assistedinject-4.0.jar:/home/runner/.m2/repository/com/google/inject/extensions/guice-servlet/4.0/guice-servlet-4.0.jar:/home/runner/.m2/repository/org/glassfish/jersey/containers/jersey-container-servlet/2.33/jersey-container-servlet-2.33.jar:/home/runner/.m2/repository/org/glassfish/hk2/guice-bridge/2.5.0/guice-bridge-2.5.0.jar:/home/runner/.m2/repository/org/glassfish/jersey/core/jersey-server/2.33/jersey-server-2.33.jar:/home/runner/.m2/repository/org/glassfish/jersey/core/jersey-client/2.33/jersey-client-2.33.jar:/home/runner/.m2/repository/jakarta/annotation/jakarta.annotation-api/1.3.5/jakarta.annotation-api-1.3.5.jar:/home/runner/.m2/repository/jakarta/validation/jakarta.validation-api/2.0.2/jakarta.validation-api-2.0.2.jar:/home/runner/.m2/repository/org/glassfish/jersey/media/jersey-media-json-jackson/2.33/jersey-media-json-jackson-2.33.jar:/home/runner/.m2/repository/org/glassfish/jersey/ext/jersey-entity-filtering/2.33/jersey-entity-filtering-2.33.jar:/home/runner/.m2/repository/org/jooq/jooq/3.11.10/jooq-3.11.10.jar:/home/runner/.m2/repository/org/jooq/jooq-meta/3.11.10/jooq-meta-3.11.10.jar:/home/runner/.m2/repository/org/jooq/jooq-codegen/3.11.10/jooq-codegen-3.11.10.jar:/home/runner/.m2/repository/com/jolbox/bonecp/0.8.0.RELEASE/bonecp-0.8.0.RELEASE.jar:/home/runner/.m2/repository/org/apache/derby/derby/10.14.2.0/derby-10.14.2.0.jar:/home/runner/.m2/repository/org/xerial/sqlite-jdbc/3.25.2/sqlite-jdbc-3.25.2.jar:/home/runner/.m2/repository/org/springframework/spring-jdbc/5.2.18.RELEASE/spring-jdbc-5.2.18.RELEASE.jar:/home/runner/.m2/repository/org/springframework/spring-beans/5.2.18.RELEASE/spring-beans-5.2.18.RELEASE.jar:/home/runner/.m2/repository/org/springframework/spring-core/5.2.18.RELEASE/spring-core-5.2.18.RELEASE.jar:/home/runner/.m2/repository/org/springframework/spring-jcl/5.2.18.RELEASE/spring-jcl-5.2.18.RELEASE.jar:/home/runner/.m2/repository/org/springframework/spring-tx/5.2.18.RELEASE/spring-tx-5.2.18.RELEASE.jar:/home/runner/.m2/repository/org/apache/ozone/ozone-client/1.3.0-SNAPSHOT/ozone-client-1.3.0-SNAPSHOT.jar:/home/runner/.m2/repository/org/apache/ozone/ozone-filesystem/1.3.0-SNAPSHOT/ozone-filesystem-1.3.0-SNAPSHOT.jar:/home/runner/.m2/repository/org/apache/ozone/ozone-filesystem-common/1.3.0-SNAPSHOT/ozone-filesystem-common-1.3.0-SNAPSHOT.jar:/home/runner/.m2/repository/org/apache/ozone/ozone-tools/1.3.0-SNAPSHOT/ozone-tools-1.3.0-SNAPSHOT.jar:/home/runner/.m2/repository/org/apache/ratis/ratis-tools/2.2.0/ratis-tools-2.2.0.jar:/home/runner/.m2/repository/com/amazonaws/aws-java-sdk-core/1.12.124/aws-java-sdk-core-1.12.124.jar:/home/runner/.m2/repository/org/apache/httpcomponents/httpclient/4.5.13/httpclient-4.5.13.jar:/home/runner/.m2/repository/org/apache/httpcomponents/httpcore/4.4.13/httpcore-4.4.13.jar:/home/runner/.m2/repository/software/amazon/ion/ion-java/1.0.2/ion-java-1.0.2.jar:/home/runner/.m2/repository/com/fasterxml/jackson/dataformat/jackson-dataformat-cbor/2.12.1/jackson-dataformat-cbor-2.12.1.jar:/home/runner/.m2/repository/joda-time/joda-time/2.8.1/joda-time-2.8.1.jar:/home/runner/.m2/repository/com/amazonaws/aws-java-sdk-s3/1.12.124/aws-java-sdk-s3-1.12.124.jar:/home/runner/.m2/repository/com/amazonaws/aws-java-sdk-kms/1.12.124/aws-java-sdk-kms-1.12.124.jar:/home/runner/.m2/repository/com/amazonaws/jmespath-java/1.12.124/jmespath-java-1.12.124.jar:/home/runner/.m2/repository/org/kohsuke/metainf-services/metainf-services/1.8/metainf-services-1.8.jar:/home/runner/.m2/repository/org/apache/ozone/hdds-tools/1.3.0-SNAPSHOT/hdds-tools-1.3.0-SNAPSHOT.jar:/home/runner/.m2/repository/commons-cli/commons-cli/1.2/commons-cli-1.2.jar:/home/runner/.m2/repository/org/apache/commons/commons-lang3/3.7/commons-lang3-3.7.jar:/home/runner/.m2/repository/org/apache/ozone/ozone-manager/1.3.0-SNAPSHOT/ozone-manager-1.3.0-SNAPSHOT-tests.jar:/home/runner/.m2/repository/org/apache/ozone/hdds-common/1.3.0-SNAPSHOT/hdds-common-1.3.0-SNAPSHOT-tests.jar:/home/runner/.m2/repository/org/apache/ozone/hdds-hadoop-dependency-client/1.3.0-SNAPSHOT/hdds-hadoop-dependency-client-1.3.0-SNAPSHOT.jar:/home/runner/.m2/repository/info/picocli/picocli/4.6.1/picocli-4.6.1.jar:/home/runner/.m2/repository/com/fasterxml/jackson/core/jackson-annotations/2.12.1/jackson-annotations-2.12.1.jar:/home/runner/.m2/repository/javax/annotation/javax.annotation-api/1.2/javax.annotation-api-1.2.jar:/home/runner/.m2/repository/org/apache/ratis/ratis-server/2.2.0/ratis-server-2.2.0.jar:/home/runner/.m2/repository/org/apache/ratis/ratis-client/2.2.0/ratis-client-2.2.0.jar:/home/runner/.m2/repository/org/apache/ratis/ratis-server-api/2.2.0/ratis-server-api-2.2.0.jar:/home/runner/.m2/repository/org/apache/ratis/ratis-metrics/2.2.0/ratis-metrics-2.2.0.jar:/home/runner/.m2/repository/org/apache/ratis/ratis-netty/2.2.0/ratis-netty-2.2.0.jar:/home/runner/.m2/repository/org/apache/ratis/ratis-grpc/2.2.0/ratis-grpc-2.2.0.jar:/home/runner/.m2/repository/org/apache/logging/log4j/log4j-api/2.17.1/log4j-api-2.17.1.jar:/home/runner/.m2/repository/org/apache/logging/log4j/log4j-core/2.17.1/log4j-core-2.17.1.jar:/home/runner/.m2/repository/com/lmax/disruptor/3.4.2/disruptor-3.4.2.jar:/home/runner/.m2/repository/org/apache/commons/commons-pool2/2.6.0/commons-pool2-2.6.0.jar:/home/runner/.m2/repository/org/bouncycastle/bcpkix-jdk15on/1.67/bcpkix-jdk15on-1.67.jar:/home/runner/.m2/repository/commons-validator/commons-validator/1.6/commons-validator-1.6.jar:/home/runner/.m2/repository/commons-beanutils/commons-beanutils/1.9.4/commons-beanutils-1.9.4.jar:/home/runner/.m2/repository/commons-digester/commons-digester/1.8.1/commons-digester-1.8.1.jar:/home/runner/.m2/repository/commons-collections/commons-collections/3.2.2/commons-collections-3.2.2.jar:/home/runner/.m2/repository/io/jaegertracing/jaeger-client/1.6.0/jaeger-client-1.6.0.jar:/home/runner/.m2/repository/io/jaegertracing/jaeger-thrift/1.6.0/jaeger-thrift-1.6.0.jar:/home/runner/.m2/repository/org/apache/thrift/libthrift/0.14.1/libthrift-0.14.1.jar:/home/runner/.m2/repository/com/squareup/okhttp3/okhttp/4.9.0/okhttp-4.9.0.jar:/home/runner/.m2/repository/com/squareup/okio/okio/2.8.0/okio-2.8.0.jar:/home/runner/.m2/repository/io/jaegertracing/jaeger-core/1.6.0/jaeger-core-1.6.0.jar:/home/runner/.m2/repository/io/jaegertracing/jaeger-tracerresolver/1.6.0/jaeger-tracerresolver-1.6.0.jar:/home/runner/.m2/repository/io/opentracing/contrib/opentracing-tracerresolver/0.1.8/opentracing-tracerresolver-0.1.8.jar:/home/runner/.m2/repository/org/jetbrains/kotlin/kotlin-stdlib/1.4.31/kotlin-stdlib-1.4.31.jar:/home/runner/.m2/repository/org/jetbrains/kotlin/kotlin-stdlib-common/1.4.31/kotlin-stdlib-common-1.4.31.jar:/home/runner/.m2/repository/org/jetbrains/annotations/13.0/annotations-13.0.jar:/home/runner/.m2/repository/io/opentracing/opentracing-util/0.33.0/opentracing-util-0.33.0.jar:/home/runner/.m2/repository/io/opentracing/opentracing-api/0.33.0/opentracing-api-0.33.0.jar:/home/runner/.m2/repository/io/opentracing/opentracing-noop/0.33.0/opentracing-noop-0.33.0.jar:/home/runner/.m2/repository/org/yaml/snakeyaml/1.26/snakeyaml-1.26.jar:/home/runner/.m2/repository/org/apache/ozone/hdds-interface-admin/1.3.0-SNAPSHOT/hdds-interface-admin-1.3.0-SNAPSHOT.jar:/home/runner/.m2/repository/junit/junit/4.13.1/junit-4.13.1.jar:/home/runner/.m2/repository/org/hamcrest/hamcrest-core/1.3/hamcrest-core-1.3.jar:/home/runner/.m2/repository/org/junit/jupiter/junit-jupiter-api/5.7.0/junit-jupiter-api-5.7.0.jar:/home/runner/.m2/repository/org/apiguardian/apiguardian-api/1.1.0/apiguardian-api-1.1.0.jar:/home/runner/.m2/repository/org/opentest4j/opentest4j/1.2.0/opentest4j-1.2.0.jar:/home/runner/.m2/repository/org/junit/platform/junit-platform-commons/1.7.0/junit-platform-commons-1.7.0.jar:/home/runner/.m2/repository/org/junit/jupiter/junit-jupiter-engine/5.7.0/junit-jupiter-engine-5.7.0.jar:/home/runner/.m2/repository/org/junit/platform/junit-platform-engine/1.7.0/junit-platform-engine-1.7.0.jar:/home/runner/.m2/repository/org/junit/vintage/junit-vintage-engine/5.7.0/junit-vintage-engine-5.7.0.jar:/home/runner/.m2/repository/org/junit/platform/junit-platform-launcher/1.7.0/junit-platform-launcher-1.7.0.jar:/home/runner/.m2/repository/org/openjdk/jmh/jmh-core/1.19/jmh-core-1.19.jar:/home/runner/.m2/repository/net/sf/jopt-simple/jopt-simple/4.6/jopt-simple-4.6.jar:/home/runner/.m2/repository/org/apache/commons/commons-math3/3.1.1/commons-math3-3.1.1.jar:/home/runner/.m2/repository/org/openjdk/jmh/jmh-generator-annprocess/1.19/jmh-generator-annprocess-1.19.jar:/home/runner/.m2/repository/org/mockito/mockito-core/2.28.2/mockito-core-2.28.2.jar:/home/runner/.m2/repository/net/bytebuddy/byte-buddy/1.9.10/byte-buddy-1.9.10.jar:/home/runner/.m2/repository/net/bytebuddy/byte-buddy-agent/1.9.10/byte-buddy-agent-1.9.10.jar:/home/runner/.m2/repository/org/objenesis/objenesis/1.0/objenesis-1.0.jar:/home/runner/.m2/repository/org/apache/hadoop/hadoop-kms/3.3.1/hadoop-kms-3.3.1.jar:/home/runner/.m2/repository/org/apache/hadoop/hadoop-auth/3.3.1/hadoop-auth-3.3.1.jar:/home/runner/.m2/repository/com/nimbusds/nimbus-jose-jwt/7.9/nimbus-jose-jwt-7.9.jar:/home/runner/.m2/repository/com/github/stephenc/jcip/jcip-annotations/1.0-1/jcip-annotations-1.0-1.jar:/home/runner/.m2/repository/net/minidev/json-smart/2.3.1/json-smart-2.3.1.jar:/home/runner/.m2/repository/net/minidev/accessors-smart/2.3.1/accessors-smart-2.3.1.jar:/home/runner/.m2/repository/org/ow2/asm/asm/5.0.4/asm-5.0.4.jar:/home/runner/.m2/repository/org/apache/zookeeper/zookeeper/3.5.6/zookeeper-3.5.6.jar:/home/runner/.m2/repository/org/apache/zookeeper/zookeeper-jute/3.5.6/zookeeper-jute-3.5.6.jar:/home/runner/.m2/repository/org/apache/yetus/audience-annotations/0.5.0/audience-annotations-0.5.0.jar:/home/runner/.m2/repository/org/apache/curator/curator-framework/4.2.0/curator-framework-4.2.0.jar:/home/runner/.m2/repository/org/apache/hadoop/thirdparty/hadoop-shaded-guava/1.1.1/hadoop-shaded-guava-1.1.1.jar:/home/runner/.m2/repository/com/sun/jersey/jersey-core/1.19/jersey-core-1.19.jar:/home/runner/.m2/repository/javax/ws/rs/jsr311-api/1.1.1/jsr311-api-1.1.1.jar:/home/runner/.m2/repository/com/sun/jersey/jersey-server/1.19/jersey-server-1.19.jar:/home/runner/.m2/repository/javax/servlet/javax.servlet-api/3.1.0/javax.servlet-api-3.1.0.jar:/home/runner/.m2/repository/org/eclipse/jetty/jetty-server/9.4.43.v20210629/jetty-server-9.4.43.v20210629.jar:/home/runner/.m2/repository/org/eclipse/jetty/jetty-http/9.4.43.v20210629/jetty-http-9.4.43.v20210629.jar:/home/runner/.m2/repository/org/eclipse/jetty/jetty-io/9.4.43.v20210629/jetty-io-9.4.43.v20210629.jar:/home/runner/.m2/repository/org/eclipse/jetty/jetty-webapp/9.4.43.v20210629/jetty-webapp-9.4.43.v20210629.jar:/home/runner/.m2/repository/org/eclipse/jetty/jetty-xml/9.4.43.v20210629/jetty-xml-9.4.43.v20210629.jar:/home/runner/.m2/repository/org/apache/hadoop/hadoop-common/3.3.1/hadoop-common-3.3.1.jar:/home/runner/.m2/repository/commons-net/commons-net/3.6/commons-net-3.6.jar:/home/runner/.m2/repository/jakarta/activation/jakarta.activation-api/1.2.1/jakarta.activation-api-1.2.1.jar:/home/runner/.m2/repository/com/sun/jersey/jersey-servlet/1.19/jersey-servlet-1.19.jar:/home/runner/.m2/repository/com/sun/jersey/jersey-json/1.19/jersey-json-1.19.jar:/home/runner/.m2/repository/org/codehaus/jettison/jettison/1.1/jettison-1.1.jar:/home/runner/.m2/repository/com/sun/xml/bind/jaxb-impl/2.2.3-1/jaxb-impl-2.2.3-1.jar:/home/runner/.m2/repository/org/codehaus/jackson/jackson-jaxrs/1.9.2/jackson-jaxrs-1.9.2.jar:/home/runner/.m2/repository/org/codehaus/jackson/jackson-xc/1.9.2/jackson-xc-1.9.2.jar:/home/runner/.m2/repository/org/apache/commons/commons-configuration2/2.1.1/commons-configuration2-2.1.1.jar:/home/runner/.m2/repository/org/apache/commons/commons-text/1.4/commons-text-1.4.jar:/home/runner/.m2/repository/com/google/re2j/re2j/1.1/re2j-1.1.jar:/home/runner/.m2/repository/com/jcraft/jsch/0.1.54/jsch-0.1.54.jar:/home/runner/.m2/repository/org/apache/curator/curator-client/4.2.0/curator-client-4.2.0.jar:/home/runner/.m2/repository/org/apache/curator/curator-recipes/4.2.0/curator-recipes-4.2.0.jar:/home/runner/.m2/repository/org/apache/kerby/kerb-core/1.0.1/kerb-core-1.0.1.jar:/home/runner/.m2/repository/org/apache/kerby/kerby-pkix/1.0.1/kerby-pkix-1.0.1.jar:/home/runner/.m2/repository/org/apache/kerby/kerby-asn1/1.0.1/kerby-asn1-1.0.1.jar:/home/runner/.m2/repository/org/apache/kerby/kerby-util/1.0.1/kerby-util-1.0.1.jar:/home/runner/.m2/repository/dnsjava/dnsjava/2.1.7/dnsjava-2.1.7.jar:/home/runner/.m2/repository/org/xerial/snappy/snappy-java/1.1.8.2/snappy-java-1.1.8.2.jar:/home/runner/.m2/repository/org/slf4j/jul-to-slf4j/1.7.30/jul-to-slf4j-1.7.30.jar:/home/runner/.m2/repository/org/eclipse/jetty/jetty-util/9.4.43.v20210629/jetty-util-9.4.43.v20210629.jar:/home/runner/.m2/repository/com/fasterxml/jackson/core/jackson-databind/2.12.1/jackson-databind-2.12.1.jar:/home/runner/.m2/repository/org/apache/hadoop/hadoop-kms/3.3.1/hadoop-kms-3.3.1-tests.jar:/home/runner/.m2/repository/org/apache/ozone/hdds-server-scm/1.3.0-SNAPSHOT/hdds-server-scm-1.3.0-SNAPSHOT-tests.jar:/home/runner/.m2/repository/org/apache/ozone/hdds-container-service/1.3.0-SNAPSHOT/hdds-container-service-1.3.0-SNAPSHOT-tests.jar:/home/runner/.m2/repository/commons-codec/commons-codec/1.11/commons-codec-1.11.jar:/home/runner/.m2/repository/io/netty/netty-transport/4.1.63.Final/netty-transport-4.1.63.Final.jar:/home/runner/.m2/repository/io/netty/netty-resolver/4.1.63.Final/netty-resolver-4.1.63.Final.jar:/home/runner/.m2/repository/io/netty/netty-codec/4.1.63.Final/netty-codec-4.1.63.Final.jar:/home/runner/.m2/repository/io/netty/netty-handler/4.1.63.Final/netty-handler-4.1.63.Final.jar:/home/runner/.m2/repository/org/apache/ozone/hdds-hadoop-dependency-test/1.3.0-SNAPSHOT/hdds-hadoop-dependency-test-1.3.0-SNAPSHOT.jar:/home/runner/.m2/repository/org/apache/hadoop/hadoop-common/3.3.1/hadoop-common-3.3.1-tests.jar:/home/runner/.m2/repository/org/assertj/assertj-core/3.12.2/assertj-core-3.12.2.jar:/home/runner/.m2/repository/org/apache/hadoop/hadoop-hdfs/3.3.1/hadoop-hdfs-3.3.1-tests.jar:/home/runner/.m2/repository/org/eclipse/jetty/jetty-util-ajax/9.4.43.v20210629/jetty-util-ajax-9.4.43.v20210629.jar:/home/runner/.m2/repository/commons-daemon/commons-daemon/1.0.13/commons-daemon-1.0.13.jar:/home/runner/.m2/repository/io/netty/netty/3.10.6.Final/netty-3.10.6.Final.jar:/home/runner/.m2/repository/io/netty/netty-all/4.1.63.Final/netty-all-4.1.63.Final.jar:/home/runner/.m2/repository/org/apache/htrace/htrace-core4/4.1.0-incubating/htrace-core4-4.1.0-incubating.jar:/home/runner/.m2/repository/org/fusesource/leveldbjni/leveldbjni-all/1.8/leveldbjni-all-1.8.jar:/home/runner/.m2/repository/org/apache/hadoop/hadoop-distcp/3.3.1/hadoop-distcp-3.3.1.jar:/home/runner/.m2/repository/org/apache/hadoop/hadoop-mapreduce-client-jobclient/3.3.1/hadoop-mapreduce-client-jobclient-3.3.1.jar:/home/runner/.m2/repository/org/apache/hadoop/hadoop-mapreduce-client-common/3.3.1/hadoop-mapreduce-client-common-3.3.1.jar:/home/runner/.m2/repository/org/apache/hadoop/hadoop-yarn-common/3.3.1/hadoop-yarn-common-3.3.1.jar:/home/runner/.m2/repository/org/apache/hadoop/hadoop-yarn-api/3.3.1/hadoop-yarn-api-3.3.1.jar:/home/runner/.m2/repository/com/sun/jersey/jersey-client/1.19/jersey-client-1.19.jar:/home/runner/.m2/repository/com/sun/jersey/contribs/jersey-guice/1.19/jersey-guice-1.19.jar:/home/runner/.m2/repository/com/fasterxml/jackson/jaxrs/jackson-jaxrs-json-provider/2.12.1/jackson-jaxrs-json-provider-2.12.1.jar:/home/runner/.m2/repository/com/fasterxml/jackson/jaxrs/jackson-jaxrs-base/2.12.1/jackson-jaxrs-base-2.12.1.jar:/home/runner/.m2/repository/org/apache/hadoop/hadoop-yarn-client/3.3.1/hadoop-yarn-client-3.3.1.jar:/home/runner/.m2/repository/org/eclipse/jetty/websocket/websocket-client/9.4.40.v20210413/websocket-client-9.4.40.v20210413.jar:/home/runner/.m2/repository/org/eclipse/jetty/jetty-client/9.4.40.v20210413/jetty-client-9.4.40.v20210413.jar:/home/runner/.m2/repository/org/eclipse/jetty/websocket/websocket-common/9.4.40.v20210413/websocket-common-9.4.40.v20210413.jar:/home/runner/.m2/repository/org/eclipse/jetty/websocket/websocket-api/9.4.40.v20210413/websocket-api-9.4.40.v20210413.jar:/home/runner/.m2/repository/org/jline/jline/3.9.0/jline-3.9.0.jar:/home/runner/.m2/repository/org/apache/hadoop/hadoop-mapreduce-client-core/3.3.1/hadoop-mapreduce-client-core-3.3.1.jar:/home/runner/.m2/repository/org/apache/avro/avro/1.7.7/avro-1.7.7.jar:/home/runner/.m2/repository/org/codehaus/jackson/jackson-core-asl/1.9.13/jackson-core-asl-1.9.13.jar:/home/runner/.m2/repository/org/codehaus/jackson/jackson-mapper-asl/1.9.13/jackson-mapper-asl-1.9.13.jar:/home/runner/.m2/repository/com/thoughtworks/paranamer/paranamer/2.3/paranamer-2.3.jar:/home/runner/.m2/repository/org/apache/hadoop/hadoop-annotations/3.3.1/hadoop-annotations-3.3.1.jar:/usr/lib/jvm/adoptopenjdk-8-hotspot-amd64/jre/../lib/tools.jar:/home/runner/.m2/repository/org/apache/hadoop/hadoop-distcp/3.3.1/hadoop-distcp-3.3.1-tests.jar:/home/runner/.m2/repository/org/apache/ratis/ratis-common/2.2.0/ratis-common-2.2.0.jar:/home/runner/.m2/repository/org/apache/ratis/ratis-thirdparty-misc/0.7.0/ratis-thirdparty-misc-0.7.0.jar:/home/runner/.m2/repository/org/apache/ratis/ratis-proto/2.2.0/ratis-proto-2.2.0.jar:"/>
    <property name="java.vm.vendor" value="AdoptOpenJDK"/>
    <property name="sun.arch.data.model" value="64"/>
    <property name="test.build.dir" value="/home/runner/work/ozone/ozone/hadoop-ozone/integration-test/target/test-dir"/>
    <property name="test.cache.data" value=""/>
    <property name="java.vendor.url" value="https://adoptopenjdk.net/"/>
    <property name="user.timezone" value=""/>
    <property name="java.vm.specification.version" value="1.8"/>
    <property name="os.name" value="Linux"/>
    <property name="test.build.data" value="/home/runner/work/ozone/ozone/hadoop-ozone/integration-test/target/test-dir"/>
    <property name="sun.java.launcher" value="SUN_STANDARD"/>
    <property name="sun.boot.library.path" value="/usr/lib/jvm/adoptopenjdk-8-hotspot-amd64/jre/lib/amd64"/>
    <property name="sun.java.command" value="/home/runner/work/ozone/ozone/hadoop-ozone/integration-test/target/surefire/surefirebooter2974015008054741624.jar /home/runner/work/ozone/ozone/hadoop-ozone/integration-test/target/surefire 2022-01-10T00-53-55_238-jvmRun1 surefire1066448309948307702tmp surefire_297764215023146776647tmp"/>
    <property name="surefire.test.class.path" value="/home/runner/work/ozone/ozone/hadoop-ozone/integration-test/target/test-classes:/home/runner/work/ozone/ozone/hadoop-ozone/integration-test/target/classes:/home/runner/.m2/repository/org/apache/ozone/ozone-common/1.3.0-SNAPSHOT/ozone-common-1.3.0-SNAPSHOT.jar:/home/runner/.m2/repository/org/apache/commons/commons-compress/1.21/commons-compress-1.21.jar:/home/runner/.m2/repository/org/apache/ozone/hdds-common/1.3.0-SNAPSHOT/hdds-common-1.3.0-SNAPSHOT.jar:/home/runner/.m2/repository/org/apache/ozone/hdds-client/1.3.0-SNAPSHOT/hdds-client-1.3.0-SNAPSHOT.jar:/home/runner/.m2/repository/org/apache/ozone/ozone-interface-client/1.3.0-SNAPSHOT/ozone-interface-client-1.3.0-SNAPSHOT.jar:/home/runner/.m2/repository/org/apache/ozone/hdds-test-utils/1.3.0-SNAPSHOT/hdds-test-utils-1.3.0-SNAPSHOT.jar:/home/runner/.m2/repository/com/google/guava/guava/30.1.1-jre/guava-30.1.1-jre.jar:/home/runner/.m2/repository/com/google/guava/failureaccess/1.0.1/failureaccess-1.0.1.jar:/home/runner/.m2/repository/com/google/guava/listenablefuture/9999.0-empty-to-avoid-conflict-with-guava/listenablefuture-9999.0-empty-to-avoid-conflict-with-guava.jar:/home/runner/.m2/repository/com/google/code/findbugs/jsr305/3.0.0/jsr305-3.0.0.jar:/home/runner/.m2/repository/org/checkerframework/checker-qual/3.8.0/checker-qual-3.8.0.jar:/home/runner/.m2/repository/com/google/errorprone/error_prone_annotations/2.2.0/error_prone_annotations-2.2.0.jar:/home/runner/.m2/repository/com/google/j2objc/j2objc-annotations/1.3/j2objc-annotations-1.3.jar:/home/runner/.m2/repository/commons-io/commons-io/2.11.0/commons-io-2.11.0.jar:/home/runner/.m2/repository/commons-logging/commons-logging/1.2/commons-logging-1.2.jar:/home/runner/.m2/repository/log4j/log4j/1.2.17/log4j-1.2.17.jar:/home/runner/.m2/repository/org/slf4j/slf4j-api/1.7.30/slf4j-api-1.7.30.jar:/home/runner/.m2/repository/org/apache/ozone/hdds-server-scm/1.3.0-SNAPSHOT/hdds-server-scm-1.3.0-SNAPSHOT.jar:/home/runner/.m2/repository/org/apache/ozone/hdds-container-service/1.3.0-SNAPSHOT/hdds-container-service-1.3.0-SNAPSHOT.jar:/home/runner/.m2/repository/org/apache/ozone/hdds-hadoop-dependency-server/1.3.0-SNAPSHOT/hdds-hadoop-dependency-server-1.3.0-SNAPSHOT.jar:/home/runner/.m2/repository/org/apache/hadoop/hadoop-hdfs/3.3.1/hadoop-hdfs-3.3.1.jar:/home/runner/.m2/repository/org/apache/ozone/hdds-server-framework/1.3.0-SNAPSHOT/hdds-server-framework-1.3.0-SNAPSHOT.jar:/home/runner/.m2/repository/org/apache/ozone/hdds-interface-server/1.3.0-SNAPSHOT/hdds-interface-server-1.3.0-SNAPSHOT.jar:/home/runner/.m2/repository/org/eclipse/jetty/jetty-servlet/9.4.43.v20210629/jetty-servlet-9.4.43.v20210629.jar:/home/runner/.m2/repository/org/eclipse/jetty/jetty-security/9.4.43.v20210629/jetty-security-9.4.43.v20210629.jar:/home/runner/.m2/repository/org/rocksdb/rocksdbjni/6.25.3/rocksdbjni-6.25.3.jar:/home/runner/.m2/repository/io/prometheus/simpleclient_dropwizard/0.7.0/simpleclient_dropwizard-0.7.0.jar:/home/runner/.m2/repository/io/prometheus/simpleclient/0.7.0/simpleclient-0.7.0.jar:/home/runner/.m2/repository/io/prometheus/simpleclient_common/0.7.0/simpleclient_common-0.7.0.jar:/home/runner/.m2/repository/com/fasterxml/jackson/datatype/jackson-datatype-jsr310/2.12.1/jackson-datatype-jsr310-2.12.1.jar:/home/runner/.m2/repository/io/dropwizard/metrics/metrics-core/3.2.4/metrics-core-3.2.4.jar:/home/runner/.m2/repository/org/apache/hadoop/hadoop-hdfs-client/3.3.1/hadoop-hdfs-client-3.3.1.jar:/home/runner/.m2/repository/org/bouncycastle/bcprov-jdk15on/1.67/bcprov-jdk15on-1.67.jar:/home/runner/.m2/repository/com/google/protobuf/protobuf-java/2.5.0/protobuf-java-2.5.0.jar:/home/runner/.m2/repository/org/apache/ozone/ozone-manager/1.3.0-SNAPSHOT/ozone-manager-1.3.0-SNAPSHOT.jar:/home/runner/.m2/repository/org/aspectj/aspectjrt/1.9.7/aspectjrt-1.9.7.jar:/home/runner/.m2/repository/org/aspectj/aspectjweaver/1.9.7/aspectjweaver-1.9.7.jar:/home/runner/.m2/repository/org/apache/ozone/hdds-interface-client/1.3.0-SNAPSHOT/hdds-interface-client-1.3.0-SNAPSHOT.jar:/home/runner/.m2/repository/org/apache/hadoop/thirdparty/hadoop-shaded-protobuf_3_7/1.1.1/hadoop-shaded-protobuf_3_7-1.1.1.jar:/home/runner/.m2/repository/org/apache/ozone/ozone-interface-storage/1.3.0-SNAPSHOT/ozone-interface-storage-1.3.0-SNAPSHOT.jar:/home/runner/.m2/repository/org/reflections/reflections/0.9.11/reflections-0.9.11.jar:/home/runner/.m2/repository/org/apache/hadoop/hadoop-minikdc/3.3.1/hadoop-minikdc-3.3.1.jar:/home/runner/.m2/repository/org/apache/kerby/kerb-simplekdc/1.0.1/kerb-simplekdc-1.0.1.jar:/home/runner/.m2/repository/org/apache/kerby/kerb-client/1.0.1/kerb-client-1.0.1.jar:/home/runner/.m2/repository/org/apache/kerby/kerby-config/1.0.1/kerby-config-1.0.1.jar:/home/runner/.m2/repository/org/apache/kerby/kerb-common/1.0.1/kerb-common-1.0.1.jar:/home/runner/.m2/repository/org/apache/kerby/kerb-crypto/1.0.1/kerb-crypto-1.0.1.jar:/home/runner/.m2/repository/org/apache/kerby/kerb-util/1.0.1/kerb-util-1.0.1.jar:/home/runner/.m2/repository/org/apache/kerby/token-provider/1.0.1/token-provider-1.0.1.jar:/home/runner/.m2/repository/org/apache/kerby/kerb-admin/1.0.1/kerb-admin-1.0.1.jar:/home/runner/.m2/repository/org/apache/kerby/kerb-server/1.0.1/kerb-server-1.0.1.jar:/home/runner/.m2/repository/org/apache/kerby/kerb-identity/1.0.1/kerb-identity-1.0.1.jar:/home/runner/.m2/repository/org/apache/kerby/kerby-xdr/1.0.1/kerby-xdr-1.0.1.jar:/home/runner/.m2/repository/org/slf4j/slf4j-log4j12/1.7.30/slf4j-log4j12-1.7.30.jar:/home/runner/.m2/repository/org/apache/ozone/ozone-s3gateway/1.3.0-SNAPSHOT/ozone-s3gateway-1.3.0-SNAPSHOT.jar:/home/runner/.m2/repository/org/javassist/javassist/3.21.0-GA/javassist-3.21.0-GA.jar:/home/runner/.m2/repository/org/jboss/weld/servlet/weld-servlet/2.4.7.Final/weld-servlet-2.4.7.Final.jar:/home/runner/.m2/repository/org/glassfish/jersey/containers/jersey-container-servlet-core/2.33/jersey-container-servlet-core-2.33.jar:/home/runner/.m2/repository/org/glassfish/hk2/external/jakarta.inject/2.6.1/jakarta.inject-2.6.1.jar:/home/runner/.m2/repository/org/glassfish/jersey/core/jersey-common/2.33/jersey-common-2.33.jar:/home/runner/.m2/repository/jakarta/ws/rs/jakarta.ws.rs-api/2.1.6/jakarta.ws.rs-api-2.1.6.jar:/home/runner/.m2/repository/org/glassfish/jersey/ext/cdi/jersey-cdi1x/2.33/jersey-cdi1x-2.33.jar:/home/runner/.m2/repository/org/glassfish/jersey/inject/jersey-hk2/2.33/jersey-hk2-2.33.jar:/home/runner/.m2/repository/org/glassfish/hk2/hk2-locator/2.6.1/hk2-locator-2.6.1.jar:/home/runner/.m2/repository/org/glassfish/jersey/media/jersey-media-jaxb/2.33/jersey-media-jaxb-2.33.jar:/home/runner/.m2/repository/org/glassfish/hk2/osgi-resource-locator/1.0.3/osgi-resource-locator-1.0.3.jar:/home/runner/.m2/repository/org/glassfish/hk2/hk2-api/2.5.0/hk2-api-2.5.0.jar:/home/runner/.m2/repository/org/glassfish/hk2/hk2-utils/2.5.0/hk2-utils-2.5.0.jar:/home/runner/.m2/repository/org/glassfish/hk2/external/aopalliance-repackaged/2.5.0/aopalliance-repackaged-2.5.0.jar:/home/runner/.m2/repository/com/fasterxml/jackson/dataformat/jackson-dataformat-xml/2.12.1/jackson-dataformat-xml-2.12.1.jar:/home/runner/.m2/repository/com/fasterxml/jackson/core/jackson-core/2.12.1/jackson-core-2.12.1.jar:/home/runner/.m2/repository/com/fasterxml/jackson/module/jackson-module-jaxb-annotations/2.12.1/jackson-module-jaxb-annotations-2.12.1.jar:/home/runner/.m2/repository/jakarta/xml/bind/jakarta.xml.bind-api/2.3.2/jakarta.xml.bind-api-2.3.2.jar:/home/runner/.m2/repository/org/codehaus/woodstox/stax2-api/3.1.4/stax2-api-3.1.4.jar:/home/runner/.m2/repository/com/fasterxml/woodstox/woodstox-core/5.0.3/woodstox-core-5.0.3.jar:/home/runner/.m2/repository/javax/enterprise/cdi-api/1.2/cdi-api-1.2.jar:/home/runner/.m2/repository/javax/el/javax.el-api/3.0.0/javax.el-api-3.0.0.jar:/home/runner/.m2/repository/javax/interceptor/javax.interceptor-api/1.2/javax.interceptor-api-1.2.jar:/home/runner/.m2/repository/javax/inject/javax.inject/1/javax.inject-1.jar:/home/runner/.m2/repository/javax/xml/bind/jaxb-api/2.3.0/jaxb-api-2.3.0.jar:/home/runner/.m2/repository/org/glassfish/jaxb/jaxb-runtime/2.3.0.1/jaxb-runtime-2.3.0.1.jar:/home/runner/.m2/repository/org/glassfish/jaxb/jaxb-core/2.3.0.1/jaxb-core-2.3.0.1.jar:/home/runner/.m2/repository/org/glassfish/jaxb/txw2/2.3.0.1/txw2-2.3.0.1.jar:/home/runner/.m2/repository/com/sun/istack/istack-commons-runtime/3.0.5/istack-commons-runtime-3.0.5.jar:/home/runner/.m2/repository/org/jvnet/staxex/stax-ex/1.7.8/stax-ex-1.7.8.jar:/home/runner/.m2/repository/com/sun/xml/fastinfoset/FastInfoset/1.2.13/FastInfoset-1.2.13.jar:/home/runner/.m2/repository/javax/activation/activation/1.1.1/activation-1.1.1.jar:/home/runner/.m2/repository/org/apache/ozone/ozone-csi/1.3.0-SNAPSHOT/ozone-csi-1.3.0-SNAPSHOT.jar:/home/runner/.m2/repository/com/google/protobuf/protobuf-java-util/3.12.0/protobuf-java-util-3.12.0.jar:/home/runner/.m2/repository/com/google/code/gson/gson/2.2.4/gson-2.2.4.jar:/home/runner/.m2/repository/org/apache/ozone/hdds-config/1.3.0-SNAPSHOT/hdds-config-1.3.0-SNAPSHOT.jar:/home/runner/.m2/repository/io/grpc/grpc-netty/1.33.0/grpc-netty-1.33.0.jar:/home/runner/.m2/repository/io/grpc/grpc-core/1.33.0/grpc-core-1.33.0.jar:/home/runner/.m2/repository/com/google/android/annotations/4.1.1.4/annotations-4.1.1.4.jar:/home/runner/.m2/repository/io/netty/netty-codec-http2/4.1.63.Final/netty-codec-http2-4.1.63.Final.jar:/home/runner/.m2/repository/io/netty/netty-codec-http/4.1.63.Final/netty-codec-http-4.1.63.Final.jar:/home/runner/.m2/repository/io/netty/netty-handler-proxy/4.1.63.Final/netty-handler-proxy-4.1.63.Final.jar:/home/runner/.m2/repository/io/netty/netty-codec-socks/4.1.63.Final/netty-codec-socks-4.1.63.Final.jar:/home/runner/.m2/repository/io/perfmark/perfmark-api/0.19.0/perfmark-api-0.19.0.jar:/home/runner/.m2/repository/org/codehaus/mojo/animal-sniffer-annotations/1.18/animal-sniffer-annotations-1.18.jar:/home/runner/.m2/repository/io/netty/netty-transport-native-epoll/4.1.63.Final/netty-transport-native-epoll-4.1.63.Final.jar:/home/runner/.m2/repository/io/netty/netty-common/4.1.63.Final/netty-common-4.1.63.Final.jar:/home/runner/.m2/repository/io/netty/netty-buffer/4.1.63.Final/netty-buffer-4.1.63.Final.jar:/home/runner/.m2/repository/io/netty/netty-transport-native-unix-common/4.1.63.Final/netty-transport-native-unix-common-4.1.63.Final.jar:/home/runner/.m2/repository/io/grpc/grpc-protobuf/1.33.0/grpc-protobuf-1.33.0.jar:/home/runner/.m2/repository/io/grpc/grpc-api/1.33.0/grpc-api-1.33.0.jar:/home/runner/.m2/repository/io/grpc/grpc-context/1.33.0/grpc-context-1.33.0.jar:/home/runner/.m2/repository/com/google/api/grpc/proto-google-common-protos/1.17.0/proto-google-common-protos-1.17.0.jar:/home/runner/.m2/repository/io/grpc/grpc-protobuf-lite/1.33.0/grpc-protobuf-lite-1.33.0.jar:/home/runner/.m2/repository/io/grpc/grpc-stub/1.33.0/grpc-stub-1.33.0.jar:/home/runner/.m2/repository/org/apache/ozone/ozone-recon/1.3.0-SNAPSHOT/ozone-recon-1.3.0-SNAPSHOT.jar:/home/runner/.m2/repository/org/apache/ozone/ozone-reconcodegen/1.3.0-SNAPSHOT/ozone-reconcodegen-1.3.0-SNAPSHOT.jar:/home/runner/.m2/repository/com/google/inject/extensions/guice-multibindings/4.0/guice-multibindings-4.0.jar:/home/runner/.m2/repository/com/google/inject/guice/4.0/guice-4.0.jar:/home/runner/.m2/repository/aopalliance/aopalliance/1.0/aopalliance-1.0.jar:/home/runner/.m2/repository/com/google/inject/extensions/guice-assistedinject/4.0/guice-assistedinject-4.0.jar:/home/runner/.m2/repository/com/google/inject/extensions/guice-servlet/4.0/guice-servlet-4.0.jar:/home/runner/.m2/repository/org/glassfish/jersey/containers/jersey-container-servlet/2.33/jersey-container-servlet-2.33.jar:/home/runner/.m2/repository/org/glassfish/hk2/guice-bridge/2.5.0/guice-bridge-2.5.0.jar:/home/runner/.m2/repository/org/glassfish/jersey/core/jersey-server/2.33/jersey-server-2.33.jar:/home/runner/.m2/repository/org/glassfish/jersey/core/jersey-client/2.33/jersey-client-2.33.jar:/home/runner/.m2/repository/jakarta/annotation/jakarta.annotation-api/1.3.5/jakarta.annotation-api-1.3.5.jar:/home/runner/.m2/repository/jakarta/validation/jakarta.validation-api/2.0.2/jakarta.validation-api-2.0.2.jar:/home/runner/.m2/repository/org/glassfish/jersey/media/jersey-media-json-jackson/2.33/jersey-media-json-jackson-2.33.jar:/home/runner/.m2/repository/org/glassfish/jersey/ext/jersey-entity-filtering/2.33/jersey-entity-filtering-2.33.jar:/home/runner/.m2/repository/org/jooq/jooq/3.11.10/jooq-3.11.10.jar:/home/runner/.m2/repository/org/jooq/jooq-meta/3.11.10/jooq-meta-3.11.10.jar:/home/runner/.m2/repository/org/jooq/jooq-codegen/3.11.10/jooq-codegen-3.11.10.jar:/home/runner/.m2/repository/com/jolbox/bonecp/0.8.0.RELEASE/bonecp-0.8.0.RELEASE.jar:/home/runner/.m2/repository/org/apache/derby/derby/10.14.2.0/derby-10.14.2.0.jar:/home/runner/.m2/repository/org/xerial/sqlite-jdbc/3.25.2/sqlite-jdbc-3.25.2.jar:/home/runner/.m2/repository/org/springframework/spring-jdbc/5.2.18.RELEASE/spring-jdbc-5.2.18.RELEASE.jar:/home/runner/.m2/repository/org/springframework/spring-beans/5.2.18.RELEASE/spring-beans-5.2.18.RELEASE.jar:/home/runner/.m2/repository/org/springframework/spring-core/5.2.18.RELEASE/spring-core-5.2.18.RELEASE.jar:/home/runner/.m2/repository/org/springframework/spring-jcl/5.2.18.RELEASE/spring-jcl-5.2.18.RELEASE.jar:/home/runner/.m2/repository/org/springframework/spring-tx/5.2.18.RELEASE/spring-tx-5.2.18.RELEASE.jar:/home/runner/.m2/repository/org/apache/ozone/ozone-client/1.3.0-SNAPSHOT/ozone-client-1.3.0-SNAPSHOT.jar:/home/runner/.m2/repository/org/apache/ozone/ozone-filesystem/1.3.0-SNAPSHOT/ozone-filesystem-1.3.0-SNAPSHOT.jar:/home/runner/.m2/repository/org/apache/ozone/ozone-filesystem-common/1.3.0-SNAPSHOT/ozone-filesystem-common-1.3.0-SNAPSHOT.jar:/home/runner/.m2/repository/org/apache/ozone/ozone-tools/1.3.0-SNAPSHOT/ozone-tools-1.3.0-SNAPSHOT.jar:/home/runner/.m2/repository/org/apache/ratis/ratis-tools/2.2.0/ratis-tools-2.2.0.jar:/home/runner/.m2/repository/com/amazonaws/aws-java-sdk-core/1.12.124/aws-java-sdk-core-1.12.124.jar:/home/runner/.m2/repository/org/apache/httpcomponents/httpclient/4.5.13/httpclient-4.5.13.jar:/home/runner/.m2/repository/org/apache/httpcomponents/httpcore/4.4.13/httpcore-4.4.13.jar:/home/runner/.m2/repository/software/amazon/ion/ion-java/1.0.2/ion-java-1.0.2.jar:/home/runner/.m2/repository/com/fasterxml/jackson/dataformat/jackson-dataformat-cbor/2.12.1/jackson-dataformat-cbor-2.12.1.jar:/home/runner/.m2/repository/joda-time/joda-time/2.8.1/joda-time-2.8.1.jar:/home/runner/.m2/repository/com/amazonaws/aws-java-sdk-s3/1.12.124/aws-java-sdk-s3-1.12.124.jar:/home/runner/.m2/repository/com/amazonaws/aws-java-sdk-kms/1.12.124/aws-java-sdk-kms-1.12.124.jar:/home/runner/.m2/repository/com/amazonaws/jmespath-java/1.12.124/jmespath-java-1.12.124.jar:/home/runner/.m2/repository/org/kohsuke/metainf-services/metainf-services/1.8/metainf-services-1.8.jar:/home/runner/.m2/repository/org/apache/ozone/hdds-tools/1.3.0-SNAPSHOT/hdds-tools-1.3.0-SNAPSHOT.jar:/home/runner/.m2/repository/commons-cli/commons-cli/1.2/commons-cli-1.2.jar:/home/runner/.m2/repository/org/apache/commons/commons-lang3/3.7/commons-lang3-3.7.jar:/home/runner/.m2/repository/org/apache/ozone/ozone-manager/1.3.0-SNAPSHOT/ozone-manager-1.3.0-SNAPSHOT-tests.jar:/home/runner/.m2/repository/org/apache/ozone/hdds-common/1.3.0-SNAPSHOT/hdds-common-1.3.0-SNAPSHOT-tests.jar:/home/runner/.m2/repository/org/apache/ozone/hdds-hadoop-dependency-client/1.3.0-SNAPSHOT/hdds-hadoop-dependency-client-1.3.0-SNAPSHOT.jar:/home/runner/.m2/repository/info/picocli/picocli/4.6.1/picocli-4.6.1.jar:/home/runner/.m2/repository/com/fasterxml/jackson/core/jackson-annotations/2.12.1/jackson-annotations-2.12.1.jar:/home/runner/.m2/repository/javax/annotation/javax.annotation-api/1.2/javax.annotation-api-1.2.jar:/home/runner/.m2/repository/org/apache/ratis/ratis-server/2.2.0/ratis-server-2.2.0.jar:/home/runner/.m2/repository/org/apache/ratis/ratis-client/2.2.0/ratis-client-2.2.0.jar:/home/runner/.m2/repository/org/apache/ratis/ratis-server-api/2.2.0/ratis-server-api-2.2.0.jar:/home/runner/.m2/repository/org/apache/ratis/ratis-metrics/2.2.0/ratis-metrics-2.2.0.jar:/home/runner/.m2/repository/org/apache/ratis/ratis-netty/2.2.0/ratis-netty-2.2.0.jar:/home/runner/.m2/repository/org/apache/ratis/ratis-grpc/2.2.0/ratis-grpc-2.2.0.jar:/home/runner/.m2/repository/org/apache/logging/log4j/log4j-api/2.17.1/log4j-api-2.17.1.jar:/home/runner/.m2/repository/org/apache/logging/log4j/log4j-core/2.17.1/log4j-core-2.17.1.jar:/home/runner/.m2/repository/com/lmax/disruptor/3.4.2/disruptor-3.4.2.jar:/home/runner/.m2/repository/org/apache/commons/commons-pool2/2.6.0/commons-pool2-2.6.0.jar:/home/runner/.m2/repository/org/bouncycastle/bcpkix-jdk15on/1.67/bcpkix-jdk15on-1.67.jar:/home/runner/.m2/repository/commons-validator/commons-validator/1.6/commons-validator-1.6.jar:/home/runner/.m2/repository/commons-beanutils/commons-beanutils/1.9.4/commons-beanutils-1.9.4.jar:/home/runner/.m2/repository/commons-digester/commons-digester/1.8.1/commons-digester-1.8.1.jar:/home/runner/.m2/repository/commons-collections/commons-collections/3.2.2/commons-collections-3.2.2.jar:/home/runner/.m2/repository/io/jaegertracing/jaeger-client/1.6.0/jaeger-client-1.6.0.jar:/home/runner/.m2/repository/io/jaegertracing/jaeger-thrift/1.6.0/jaeger-thrift-1.6.0.jar:/home/runner/.m2/repository/org/apache/thrift/libthrift/0.14.1/libthrift-0.14.1.jar:/home/runner/.m2/repository/com/squareup/okhttp3/okhttp/4.9.0/okhttp-4.9.0.jar:/home/runner/.m2/repository/com/squareup/okio/okio/2.8.0/okio-2.8.0.jar:/home/runner/.m2/repository/io/jaegertracing/jaeger-core/1.6.0/jaeger-core-1.6.0.jar:/home/runner/.m2/repository/io/jaegertracing/jaeger-tracerresolver/1.6.0/jaeger-tracerresolver-1.6.0.jar:/home/runner/.m2/repository/io/opentracing/contrib/opentracing-tracerresolver/0.1.8/opentracing-tracerresolver-0.1.8.jar:/home/runner/.m2/repository/org/jetbrains/kotlin/kotlin-stdlib/1.4.31/kotlin-stdlib-1.4.31.jar:/home/runner/.m2/repository/org/jetbrains/kotlin/kotlin-stdlib-common/1.4.31/kotlin-stdlib-common-1.4.31.jar:/home/runner/.m2/repository/org/jetbrains/annotations/13.0/annotations-13.0.jar:/home/runner/.m2/repository/io/opentracing/opentracing-util/0.33.0/opentracing-util-0.33.0.jar:/home/runner/.m2/repository/io/opentracing/opentracing-api/0.33.0/opentracing-api-0.33.0.jar:/home/runner/.m2/repository/io/opentracing/opentracing-noop/0.33.0/opentracing-noop-0.33.0.jar:/home/runner/.m2/repository/org/yaml/snakeyaml/1.26/snakeyaml-1.26.jar:/home/runner/.m2/repository/org/apache/ozone/hdds-interface-admin/1.3.0-SNAPSHOT/hdds-interface-admin-1.3.0-SNAPSHOT.jar:/home/runner/.m2/repository/junit/junit/4.13.1/junit-4.13.1.jar:/home/runner/.m2/repository/org/hamcrest/hamcrest-core/1.3/hamcrest-core-1.3.jar:/home/runner/.m2/repository/org/junit/jupiter/junit-jupiter-api/5.7.0/junit-jupiter-api-5.7.0.jar:/home/runner/.m2/repository/org/apiguardian/apiguardian-api/1.1.0/apiguardian-api-1.1.0.jar:/home/runner/.m2/repository/org/opentest4j/opentest4j/1.2.0/opentest4j-1.2.0.jar:/home/runner/.m2/repository/org/junit/platform/junit-platform-commons/1.7.0/junit-platform-commons-1.7.0.jar:/home/runner/.m2/repository/org/junit/jupiter/junit-jupiter-engine/5.7.0/junit-jupiter-engine-5.7.0.jar:/home/runner/.m2/repository/org/junit/platform/junit-platform-engine/1.7.0/junit-platform-engine-1.7.0.jar:/home/runner/.m2/repository/org/junit/vintage/junit-vintage-engine/5.7.0/junit-vintage-engine-5.7.0.jar:/home/runner/.m2/repository/org/junit/platform/junit-platform-launcher/1.7.0/junit-platform-launcher-1.7.0.jar:/home/runner/.m2/repository/org/openjdk/jmh/jmh-core/1.19/jmh-core-1.19.jar:/home/runner/.m2/repository/net/sf/jopt-simple/jopt-simple/4.6/jopt-simple-4.6.jar:/home/runner/.m2/repository/org/apache/commons/commons-math3/3.1.1/commons-math3-3.1.1.jar:/home/runner/.m2/repository/org/openjdk/jmh/jmh-generator-annprocess/1.19/jmh-generator-annprocess-1.19.jar:/home/runner/.m2/repository/org/mockito/mockito-core/2.28.2/mockito-core-2.28.2.jar:/home/runner/.m2/repository/net/bytebuddy/byte-buddy/1.9.10/byte-buddy-1.9.10.jar:/home/runner/.m2/repository/net/bytebuddy/byte-buddy-agent/1.9.10/byte-buddy-agent-1.9.10.jar:/home/runner/.m2/repository/org/objenesis/objenesis/1.0/objenesis-1.0.jar:/home/runner/.m2/repository/org/apache/hadoop/hadoop-kms/3.3.1/hadoop-kms-3.3.1.jar:/home/runner/.m2/repository/org/apache/hadoop/hadoop-auth/3.3.1/hadoop-auth-3.3.1.jar:/home/runner/.m2/repository/com/nimbusds/nimbus-jose-jwt/7.9/nimbus-jose-jwt-7.9.jar:/home/runner/.m2/repository/com/github/stephenc/jcip/jcip-annotations/1.0-1/jcip-annotations-1.0-1.jar:/home/runner/.m2/repository/net/minidev/json-smart/2.3.1/json-smart-2.3.1.jar:/home/runner/.m2/repository/net/minidev/accessors-smart/2.3.1/accessors-smart-2.3.1.jar:/home/runner/.m2/repository/org/ow2/asm/asm/5.0.4/asm-5.0.4.jar:/home/runner/.m2/repository/org/apache/zookeeper/zookeeper/3.5.6/zookeeper-3.5.6.jar:/home/runner/.m2/repository/org/apache/zookeeper/zookeeper-jute/3.5.6/zookeeper-jute-3.5.6.jar:/home/runner/.m2/repository/org/apache/yetus/audience-annotations/0.5.0/audience-annotations-0.5.0.jar:/home/runner/.m2/repository/org/apache/curator/curator-framework/4.2.0/curator-framework-4.2.0.jar:/home/runner/.m2/repository/org/apache/hadoop/thirdparty/hadoop-shaded-guava/1.1.1/hadoop-shaded-guava-1.1.1.jar:/home/runner/.m2/repository/com/sun/jersey/jersey-core/1.19/jersey-core-1.19.jar:/home/runner/.m2/repository/javax/ws/rs/jsr311-api/1.1.1/jsr311-api-1.1.1.jar:/home/runner/.m2/repository/com/sun/jersey/jersey-server/1.19/jersey-server-1.19.jar:/home/runner/.m2/repository/javax/servlet/javax.servlet-api/3.1.0/javax.servlet-api-3.1.0.jar:/home/runner/.m2/repository/org/eclipse/jetty/jetty-server/9.4.43.v20210629/jetty-server-9.4.43.v20210629.jar:/home/runner/.m2/repository/org/eclipse/jetty/jetty-http/9.4.43.v20210629/jetty-http-9.4.43.v20210629.jar:/home/runner/.m2/repository/org/eclipse/jetty/jetty-io/9.4.43.v20210629/jetty-io-9.4.43.v20210629.jar:/home/runner/.m2/repository/org/eclipse/jetty/jetty-webapp/9.4.43.v20210629/jetty-webapp-9.4.43.v20210629.jar:/home/runner/.m2/repository/org/eclipse/jetty/jetty-xml/9.4.43.v20210629/jetty-xml-9.4.43.v20210629.jar:/home/runner/.m2/repository/org/apache/hadoop/hadoop-common/3.3.1/hadoop-common-3.3.1.jar:/home/runner/.m2/repository/commons-net/commons-net/3.6/commons-net-3.6.jar:/home/runner/.m2/repository/jakarta/activation/jakarta.activation-api/1.2.1/jakarta.activation-api-1.2.1.jar:/home/runner/.m2/repository/com/sun/jersey/jersey-servlet/1.19/jersey-servlet-1.19.jar:/home/runner/.m2/repository/com/sun/jersey/jersey-json/1.19/jersey-json-1.19.jar:/home/runner/.m2/repository/org/codehaus/jettison/jettison/1.1/jettison-1.1.jar:/home/runner/.m2/repository/com/sun/xml/bind/jaxb-impl/2.2.3-1/jaxb-impl-2.2.3-1.jar:/home/runner/.m2/repository/org/codehaus/jackson/jackson-jaxrs/1.9.2/jackson-jaxrs-1.9.2.jar:/home/runner/.m2/repository/org/codehaus/jackson/jackson-xc/1.9.2/jackson-xc-1.9.2.jar:/home/runner/.m2/repository/org/apache/commons/commons-configuration2/2.1.1/commons-configuration2-2.1.1.jar:/home/runner/.m2/repository/org/apache/commons/commons-text/1.4/commons-text-1.4.jar:/home/runner/.m2/repository/com/google/re2j/re2j/1.1/re2j-1.1.jar:/home/runner/.m2/repository/com/jcraft/jsch/0.1.54/jsch-0.1.54.jar:/home/runner/.m2/repository/org/apache/curator/curator-client/4.2.0/curator-client-4.2.0.jar:/home/runner/.m2/repository/org/apache/curator/curator-recipes/4.2.0/curator-recipes-4.2.0.jar:/home/runner/.m2/repository/org/apache/kerby/kerb-core/1.0.1/kerb-core-1.0.1.jar:/home/runner/.m2/repository/org/apache/kerby/kerby-pkix/1.0.1/kerby-pkix-1.0.1.jar:/home/runner/.m2/repository/org/apache/kerby/kerby-asn1/1.0.1/kerby-asn1-1.0.1.jar:/home/runner/.m2/repository/org/apache/kerby/kerby-util/1.0.1/kerby-util-1.0.1.jar:/home/runner/.m2/repository/dnsjava/dnsjava/2.1.7/dnsjava-2.1.7.jar:/home/runner/.m2/repository/org/xerial/snappy/snappy-java/1.1.8.2/snappy-java-1.1.8.2.jar:/home/runner/.m2/repository/org/slf4j/jul-to-slf4j/1.7.30/jul-to-slf4j-1.7.30.jar:/home/runner/.m2/repository/org/eclipse/jetty/jetty-util/9.4.43.v20210629/jetty-util-9.4.43.v20210629.jar:/home/runner/.m2/repository/com/fasterxml/jackson/core/jackson-databind/2.12.1/jackson-databind-2.12.1.jar:/home/runner/.m2/repository/org/apache/hadoop/hadoop-kms/3.3.1/hadoop-kms-3.3.1-tests.jar:/home/runner/.m2/repository/org/apache/ozone/hdds-server-scm/1.3.0-SNAPSHOT/hdds-server-scm-1.3.0-SNAPSHOT-tests.jar:/home/runner/.m2/repository/org/apache/ozone/hdds-container-service/1.3.0-SNAPSHOT/hdds-container-service-1.3.0-SNAPSHOT-tests.jar:/home/runner/.m2/repository/commons-codec/commons-codec/1.11/commons-codec-1.11.jar:/home/runner/.m2/repository/io/netty/netty-transport/4.1.63.Final/netty-transport-4.1.63.Final.jar:/home/runner/.m2/repository/io/netty/netty-resolver/4.1.63.Final/netty-resolver-4.1.63.Final.jar:/home/runner/.m2/repository/io/netty/netty-codec/4.1.63.Final/netty-codec-4.1.63.Final.jar:/home/runner/.m2/repository/io/netty/netty-handler/4.1.63.Final/netty-handler-4.1.63.Final.jar:/home/runner/.m2/repository/org/apache/ozone/hdds-hadoop-dependency-test/1.3.0-SNAPSHOT/hdds-hadoop-dependency-test-1.3.0-SNAPSHOT.jar:/home/runner/.m2/repository/org/apache/hadoop/hadoop-common/3.3.1/hadoop-common-3.3.1-tests.jar:/home/runner/.m2/repository/org/assertj/assertj-core/3.12.2/assertj-core-3.12.2.jar:/home/runner/.m2/repository/org/apache/hadoop/hadoop-hdfs/3.3.1/hadoop-hdfs-3.3.1-tests.jar:/home/runner/.m2/repository/org/eclipse/jetty/jetty-util-ajax/9.4.43.v20210629/jetty-util-ajax-9.4.43.v20210629.jar:/home/runner/.m2/repository/commons-daemon/commons-daemon/1.0.13/commons-daemon-1.0.13.jar:/home/runner/.m2/repository/io/netty/netty/3.10.6.Final/netty-3.10.6.Final.jar:/home/runner/.m2/repository/io/netty/netty-all/4.1.63.Final/netty-all-4.1.63.Final.jar:/home/runner/.m2/repository/org/apache/htrace/htrace-core4/4.1.0-incubating/htrace-core4-4.1.0-incubating.jar:/home/runner/.m2/repository/org/fusesource/leveldbjni/leveldbjni-all/1.8/leveldbjni-all-1.8.jar:/home/runner/.m2/repository/org/apache/hadoop/hadoop-distcp/3.3.1/hadoop-distcp-3.3.1.jar:/home/runner/.m2/repository/org/apache/hadoop/hadoop-mapreduce-client-jobclient/3.3.1/hadoop-mapreduce-client-jobclient-3.3.1.jar:/home/runner/.m2/repository/org/apache/hadoop/hadoop-mapreduce-client-common/3.3.1/hadoop-mapreduce-client-common-3.3.1.jar:/home/runner/.m2/repository/org/apache/hadoop/hadoop-yarn-common/3.3.1/hadoop-yarn-common-3.3.1.jar:/home/runner/.m2/repository/org/apache/hadoop/hadoop-yarn-api/3.3.1/hadoop-yarn-api-3.3.1.jar:/home/runner/.m2/repository/com/sun/jersey/jersey-client/1.19/jersey-client-1.19.jar:/home/runner/.m2/repository/com/sun/jersey/contribs/jersey-guice/1.19/jersey-guice-1.19.jar:/home/runner/.m2/repository/com/fasterxml/jackson/jaxrs/jackson-jaxrs-json-provider/2.12.1/jackson-jaxrs-json-provider-2.12.1.jar:/home/runner/.m2/repository/com/fasterxml/jackson/jaxrs/jackson-jaxrs-base/2.12.1/jackson-jaxrs-base-2.12.1.jar:/home/runner/.m2/repository/org/apache/hadoop/hadoop-yarn-client/3.3.1/hadoop-yarn-client-3.3.1.jar:/home/runner/.m2/repository/org/eclipse/jetty/websocket/websocket-client/9.4.40.v20210413/websocket-client-9.4.40.v20210413.jar:/home/runner/.m2/repository/org/eclipse/jetty/jetty-client/9.4.40.v20210413/jetty-client-9.4.40.v20210413.jar:/home/runner/.m2/repository/org/eclipse/jetty/websocket/websocket-common/9.4.40.v20210413/websocket-common-9.4.40.v20210413.jar:/home/runner/.m2/repository/org/eclipse/jetty/websocket/websocket-api/9.4.40.v20210413/websocket-api-9.4.40.v20210413.jar:/home/runner/.m2/repository/org/jline/jline/3.9.0/jline-3.9.0.jar:/home/runner/.m2/repository/org/apache/hadoop/hadoop-mapreduce-client-core/3.3.1/hadoop-mapreduce-client-core-3.3.1.jar:/home/runner/.m2/repository/org/apache/avro/avro/1.7.7/avro-1.7.7.jar:/home/runner/.m2/repository/org/codehaus/jackson/jackson-core-asl/1.9.13/jackson-core-asl-1.9.13.jar:/home/runner/.m2/repository/org/codehaus/jackson/jackson-mapper-asl/1.9.13/jackson-mapper-asl-1.9.13.jar:/home/runner/.m2/repository/com/thoughtworks/paranamer/paranamer/2.3/paranamer-2.3.jar:/home/runner/.m2/repository/org/apache/hadoop/hadoop-annotations/3.3.1/hadoop-annotations-3.3.1.jar:/usr/lib/jvm/adoptopenjdk-8-hotspot-amd64/jre/../lib/tools.jar:/home/runner/.m2/repository/org/apache/hadoop/hadoop-distcp/3.3.1/hadoop-distcp-3.3.1-tests.jar:/home/runner/.m2/repository/org/apache/ratis/ratis-common/2.2.0/ratis-common-2.2.0.jar:/home/runner/.m2/repository/org/apache/ratis/ratis-thirdparty-misc/0.7.0/ratis-thirdparty-misc-0.7.0.jar:/home/runner/.m2/repository/org/apache/ratis/ratis-proto/2.2.0/ratis-proto-2.2.0.jar:"/>
    <property name="sun.cpu.endian" value="little"/>
    <property name="user.home" value="/home/runner"/>
    <property name="user.language" value="en"/>
    <property name="java.specification.vendor" value="Oracle Corporation"/>
    <property name="java.home" value="/usr/lib/jvm/adoptopenjdk-8-hotspot-amd64/jre"/>
    <property name="java.security.krb5.conf" value="/home/runner/work/ozone/ozone/hadoop-ozone/integration-test/target/test-classes/krb5.conf"/>
    <property name="basedir" value="/home/runner/work/ozone/ozone/hadoop-ozone/integration-test"/>
    <property name="file.separator" value="/"/>
    <property name="line.separator" value="&#10;"/>
    <property name="java.vm.specification.vendor" value="Oracle Corporation"/>
    <property name="java.specification.name" value="Java Platform API Specification"/>
    <property name="java.awt.graphicsenv" value="sun.awt.X11GraphicsEnvironment"/>
    <property name="skip.installnpx" value="true"/>
    <property name="surefire.real.class.path" value="/home/runner/work/ozone/ozone/hadoop-ozone/integration-test/target/surefire/surefirebooter2974015008054741624.jar:/home/runner/.m2/repository/org/jacoco/org.jacoco.agent/0.8.5/org.jacoco.agent-0.8.5-runtime.jar"/>
    <property name="hadoop.log.dir" value="/home/runner/work/ozone/ozone/hadoop-ozone/integration-test/target/log"/>
    <property name="sun.boot.class.path" value="/usr/lib/jvm/adoptopenjdk-8-hotspot-amd64/jre/lib/resources.jar:/usr/lib/jvm/adoptopenjdk-8-hotspot-amd64/jre/lib/rt.jar:/usr/lib/jvm/adoptopenjdk-8-hotspot-amd64/jre/lib/sunrsasign.jar:/usr/lib/jvm/adoptopenjdk-8-hotspot-amd64/jre/lib/jsse.jar:/usr/lib/jvm/adoptopenjdk-8-hotspot-amd64/jre/lib/jce.jar:/usr/lib/jvm/adoptopenjdk-8-hotspot-amd64/jre/lib/charsets.jar:/usr/lib/jvm/adoptopenjdk-8-hotspot-amd64/jre/lib/jfr.jar:/usr/lib/jvm/adoptopenjdk-8-hotspot-amd64/jre/classes"/>
    <property name="sun.management.compiler" value="HotSpot 64-Bit Tiered Compilers"/>
    <property name="skip.npx" value="true"/>
    <property name="java.runtime.version" value="1.8.0_292-b10"/>
    <property name="java.net.preferIPv4Stack" value="true"/>
    <property name="user.name" value="runner"/>
    <property name="path.separator" value=":"/>
    <property name="java.security.egd" value="file:///dev/urandom"/>
    <property name="os.version" value="5.4.0-1064-azure"/>
    <property name="java.endorsed.dirs" value="/usr/lib/jvm/adoptopenjdk-8-hotspot-amd64/jre/lib/endorsed"/>
    <property name="java.runtime.name" value="OpenJDK Runtime Environment"/>
    <property name="file.encoding" value="UTF-8"/>
    <property name="java.vm.name" value="OpenJDK 64-Bit Server VM"/>
    <property name="test.build.webapps" value=""/>
    <property name="localRepository" value="/home/runner/.m2/repository"/>
    <property name="java.vendor.url.bug" value="https://github.com/AdoptOpenJDK/openjdk-support/issues"/>
    <property name="java.io.tmpdir" value="/tmp"/>
    <property name="require.test.libhadoop" value=""/>
    <property name="java.version" value="1.8.0_292"/>
    <property name="user.dir" value="/home/runner/work/ozone/ozone/hadoop-ozone/integration-test"/>
    <property name="os.arch" value="amd64"/>
    <property name="java.vm.specification.name" value="Java Virtual Machine Specification"/>
    <property name="test.build.classes" value="/home/runner/work/ozone/ozone/hadoop-ozone/integration-test/target/test-classes"/>
    <property name="java.awt.printerjob" value="sun.print.PSPrinterJob"/>
    <property name="sun.os.patch.level" value="unknown"/>
    <property name="hadoop.tmp.dir" value="/home/runner/work/ozone/ozone/hadoop-ozone/integration-test/target/tmp"/>
    <property name="java.library.path" value="/usr/java/packages/lib/amd64:/usr/lib64:/lib64:/lib:/usr/lib"/>
    <property name="java.vm.info" value="mixed mode"/>
    <property name="java.vendor" value="AdoptOpenJDK"/>
    <property name="java.vm.version" value="25.292-b10"/>
    <property name="java.ext.dirs" value="/usr/lib/jvm/adoptopenjdk-8-hotspot-amd64/jre/lib/ext:/usr/java/packages/lib/ext"/>
    <property name="sun.io.unicode.encoding" value="UnicodeLittle"/>
    <property name="java.class.version" value="52.0"/>
  </properties>
  <testcase name="testNonPrivilegedUserMkdirCreateBucket[0]" classname="org.apache.hadoop.fs.ozone.TestRootedOzoneFileSystem" time="0.059"/>
  <testcase name="testRenameFile[0]" classname="org.apache.hadoop.fs.ozone.TestRootedOzoneFileSystem" time="0.279"/>
  <testcase name="testListStatusRootAndVolumeRecursive[0]" classname="org.apache.hadoop.fs.ozone.TestRootedOzoneFileSystem" time="0.925"/>
  <testcase name="testTempMount[0]" classname="org.apache.hadoop.fs.ozone.TestRootedOzoneFileSystem" time="0.112"/>
  <testcase name="testListStatusRootAndVolumeNonRecursive[0]" classname="org.apache.hadoop.fs.ozone.TestRootedOzoneFileSystem" time="0.254"/>
  <testcase name="testDeleteVolumeAndBucket[0]" classname="org.apache.hadoop.fs.ozone.TestRootedOzoneFileSystem" time="0.042"/>
  <testcase name="testRenameDirToItsOwnSubDir[0]" classname="org.apache.hadoop.fs.ozone.TestRootedOzoneFileSystem" time="0.014"/>
  <testcase name="testOzoneFsServiceLoader[0]" classname="org.apache.hadoop.fs.ozone.TestRootedOzoneFileSystem" time="0.019"/>
  <testcase name="testTrash[0]" classname="org.apache.hadoop.fs.ozone.TestRootedOzoneFileSystem" time="0">
    <skipped/>
  </testcase>
  <testcase name="testRenameDestinationParentDoesntExist[0]" classname="org.apache.hadoop.fs.ozone.TestRootedOzoneFileSystem" time="0.035"/>
  <testcase name="testGetFileStatusRoot[0]" classname="org.apache.hadoop.fs.ozone.TestRootedOzoneFileSystem" time="0.002"/>
  <testcase name="testCreateWithInvalidPaths[0]" classname="org.apache.hadoop.fs.ozone.TestRootedOzoneFileSystem" time="0.008"/>
  <testcase name="testDeleteEmptyVolume[0]" classname="org.apache.hadoop.fs.ozone.TestRootedOzoneFileSystem" time="0.016"/>
  <testcase name="testListStatusRootAndVolumeContinuation[0]" classname="org.apache.hadoop.fs.ozone.TestRootedOzoneFileSystem" time="0">
    <skipped message="FS Path is enabled. Skipping this test as it is not tuned for FS Path yet" type="org.junit.AssumptionViolatedException">org.junit.AssumptionViolatedException: FS Path is enabled. Skipping this test as it is not tuned for FS Path yet
	at org.junit.Assume.assumeTrue(Assume.java:68)
	at org.apache.hadoop.fs.ozone.TestRootedOzoneFileSystem.testListStatusRootAndVolumeContinuation(TestRootedOzoneFileSystem.java:887)
	at sun.reflect.NativeMethodAccessorImpl.invoke0(Native Method)
	at sun.reflect.NativeMethodAccessorImpl.invoke(NativeMethodAccessorImpl.java:62)
	at sun.reflect.DelegatingMethodAccessorImpl.invoke(DelegatingMethodAccessorImpl.java:43)
	at java.lang.reflect.Method.invoke(Method.java:498)
	at org.junit.runners.model.FrameworkMethod$1.runReflectiveCall(FrameworkMethod.java:59)
	at org.junit.internal.runners.model.ReflectiveCallable.run(ReflectiveCallable.java:12)
	at org.junit.runners.model.FrameworkMethod.invokeExplosively(FrameworkMethod.java:56)
	at org.junit.internal.runners.statements.InvokeMethod.evaluate(InvokeMethod.java:17)
	at org.junit.internal.runners.statements.FailOnTimeout$CallableStatement.call(FailOnTimeout.java:288)
	at org.junit.internal.runners.statements.FailOnTimeout$CallableStatement.call(FailOnTimeout.java:282)
	at java.util.concurrent.FutureTask.run(FutureTask.java:266)
	at java.lang.Thread.run(Thread.java:748)
</skipped>
  </testcase>
  <testcase name="testDeleteVolumeBucketAndKey[0]" classname="org.apache.hadoop.fs.ozone.TestRootedOzoneFileSystem" time="0.112"/>
  <testcase name="testRenameToParentDir[0]" classname="org.apache.hadoop.fs.ozone.TestRootedOzoneFileSystem" time="0.092"/>
  <testcase name="testMkdirNonExistentVolumeBucket[0]" classname="org.apache.hadoop.fs.ozone.TestRootedOzoneFileSystem" time="0.021"/>
  <testcase name="testFailToDeleteRoot[0]" classname="org.apache.hadoop.fs.ozone.TestRootedOzoneFileSystem" time="0.002"/>
  <testcase name="testListStatusOnSubDirs[0]" classname="org.apache.hadoop.fs.ozone.TestRootedOzoneFileSystem" time="0.065"/>
  <testcase name="testListStatus[0]" classname="org.apache.hadoop.fs.ozone.TestRootedOzoneFileSystem" time="0.067"/>
  <testcase name="testGetTrashRoots[0]" classname="org.apache.hadoop.fs.ozone.TestRootedOzoneFileSystem" time="0.588"/>
  <testcase name="testCreateDoesNotAddParentDirKeys[0]" classname="org.apache.hadoop.fs.ozone.TestRootedOzoneFileSystem" time="0.047"/>
  <testcase name="testMkdirNonExistentVolume[0]" classname="org.apache.hadoop.fs.ozone.TestRootedOzoneFileSystem" time="0.009"/>
  <testcase name="testDeleteCreatesFakeParentDir[0]" classname="org.apache.hadoop.fs.ozone.TestRootedOzoneFileSystem" time="0">
    <skipped message="FS Path is enabled. Skipping this test as it is not tuned for FS Path yet" type="org.junit.AssumptionViolatedException">org.junit.AssumptionViolatedException: FS Path is enabled. Skipping this test as it is not tuned for FS Path yet
	at org.junit.Assume.assumeTrue(Assume.java:68)
	at org.apache.hadoop.fs.ozone.TestRootedOzoneFileSystem.testDeleteCreatesFakeParentDir(TestRootedOzoneFileSystem.java:302)
	at sun.reflect.NativeMethodAccessorImpl.invoke0(Native Method)
	at sun.reflect.NativeMethodAccessorImpl.invoke(NativeMethodAccessorImpl.java:62)
	at sun.reflect.DelegatingMethodAccessorImpl.invoke(DelegatingMethodAccessorImpl.java:43)
	at java.lang.reflect.Method.invoke(Method.java:498)
	at org.junit.runners.model.FrameworkMethod$1.runReflectiveCall(FrameworkMethod.java:59)
	at org.junit.internal.runners.model.ReflectiveCallable.run(ReflectiveCallable.java:12)
	at org.junit.runners.model.FrameworkMethod.invokeExplosively(FrameworkMethod.java:56)
	at org.junit.internal.runners.statements.InvokeMethod.evaluate(InvokeMethod.java:17)
	at org.junit.internal.runners.statements.FailOnTimeout$CallableStatement.call(FailOnTimeout.java:288)
	at org.junit.internal.runners.statements.FailOnTimeout$CallableStatement.call(FailOnTimeout.java:282)
	at java.util.concurrent.FutureTask.run(FutureTask.java:266)
	at java.lang.Thread.run(Thread.java:748)
</skipped>
  </testcase>
  <testcase name="testNonExplicitlyCreatedPathExistsAfterItsLeafsWereRemoved[0]" classname="org.apache.hadoop.fs.ozone.TestRootedOzoneFileSystem" time="0.06"/>
  <testcase name="testFileDelete[0]" classname="org.apache.hadoop.fs.ozone.TestRootedOzoneFileSystem" time="0.188"/>
  <testcase name="testRenameToTrashEnabled[0]" classname="org.apache.hadoop.fs.ozone.TestRootedOzoneFileSystem" time="0.107"/>
  <testcase name="testMkdirOnNonExistentVolumeBucketDir[0]" classname="org.apache.hadoop.fs.ozone.TestRootedOzoneFileSystem" time="0">
    <skipped message="FS Path is enabled. Skipping this test as it is not tuned for FS Path yet" type="org.junit.AssumptionViolatedException">org.junit.AssumptionViolatedException: FS Path is enabled. Skipping this test as it is not tuned for FS Path yet
	at org.junit.Assume.assumeTrue(Assume.java:68)
	at org.apache.hadoop.fs.ozone.TestRootedOzoneFileSystem.testMkdirOnNonExistentVolumeBucketDir(TestRootedOzoneFileSystem.java:405)
	at sun.reflect.NativeMethodAccessorImpl.invoke0(Native Method)
	at sun.reflect.NativeMethodAccessorImpl.invoke(NativeMethodAccessorImpl.java:62)
	at sun.reflect.DelegatingMethodAccessorImpl.invoke(DelegatingMethodAccessorImpl.java:43)
	at java.lang.reflect.Method.invoke(Method.java:498)
	at org.junit.runners.model.FrameworkMethod$1.runReflectiveCall(FrameworkMethod.java:59)
	at org.junit.internal.runners.model.ReflectiveCallable.run(ReflectiveCallable.java:12)
	at org.junit.runners.model.FrameworkMethod.invokeExplosively(FrameworkMethod.java:56)
	at org.junit.internal.runners.statements.InvokeMethod.evaluate(InvokeMethod.java:17)
	at org.junit.internal.runners.statements.FailOnTimeout$CallableStatement.call(FailOnTimeout.java:288)
	at org.junit.internal.runners.statements.FailOnTimeout$CallableStatement.call(FailOnTimeout.java:282)
	at java.util.concurrent.FutureTask.run(FutureTask.java:266)
	at java.lang.Thread.run(Thread.java:748)
</skipped>
  </testcase>
  <testcase name="testListStatusOnLargeDirectory[0]" classname="org.apache.hadoop.fs.ozone.TestRootedOzoneFileSystem" time="11.643"/>
  <testcase name="testRenameToDifferentBucket[0]" classname="org.apache.hadoop.fs.ozone.TestRootedOzoneFileSystem" time="0.019"/>
  <testcase name="testListStatusInBucket[0]" classname="org.apache.hadoop.fs.ozone.TestRootedOzoneFileSystem" time="0.006"/>
  <testcase name="testRenameFileToDir[0]" classname="org.apache.hadoop.fs.ozone.TestRootedOzoneFileSystem" time="0.031"/>
  <testcase name="testNonPrivilegedUserMkdirCreateBucket[1]" classname="org.apache.hadoop.fs.ozone.TestRootedOzoneFileSystem" time="0">
    <skipped message="ACL is not enabled. Skipping this test as it requires ACL to be enabled to be meaningful." type="org.junit.AssumptionViolatedException">org.junit.AssumptionViolatedException: ACL is not enabled. Skipping this test as it requires ACL to be enabled to be meaningful.
	at org.junit.Assume.assumeTrue(Assume.java:68)
	at org.apache.hadoop.fs.ozone.TestRootedOzoneFileSystem.testNonPrivilegedUserMkdirCreateBucket(TestRootedOzoneFileSystem.java:1582)
	at sun.reflect.NativeMethodAccessorImpl.invoke0(Native Method)
	at sun.reflect.NativeMethodAccessorImpl.invoke(NativeMethodAccessorImpl.java:62)
	at sun.reflect.DelegatingMethodAccessorImpl.invoke(DelegatingMethodAccessorImpl.java:43)
	at java.lang.reflect.Method.invoke(Method.java:498)
	at org.junit.runners.model.FrameworkMethod$1.runReflectiveCall(FrameworkMethod.java:59)
	at org.junit.internal.runners.model.ReflectiveCallable.run(ReflectiveCallable.java:12)
	at org.junit.runners.model.FrameworkMethod.invokeExplosively(FrameworkMethod.java:56)
	at org.junit.internal.runners.statements.InvokeMethod.evaluate(InvokeMethod.java:17)
	at org.junit.internal.runners.statements.FailOnTimeout$CallableStatement.call(FailOnTimeout.java:288)
	at org.junit.internal.runners.statements.FailOnTimeout$CallableStatement.call(FailOnTimeout.java:282)
	at java.util.concurrent.FutureTask.run(FutureTask.java:266)
	at java.lang.Thread.run(Thread.java:748)
</skipped>
    <system-out><![CDATA[2022-01-10 01:35:56,315 [Listener at 127.0.0.1/45293] INFO  ozone.MiniOzoneClusterImpl (MiniOzoneClusterImpl.java:shutdown(453)) - Shutting down the Mini Ozone Cluster
2022-01-10 01:35:56,316 [Listener at 127.0.0.1/45293] INFO  ozone.MiniOzoneClusterImpl (MiniOzoneClusterImpl.java:stop(468)) - Stopping the Mini Ozone Cluster
2022-01-10 01:35:56,316 [Listener at 127.0.0.1/45293] INFO  ozone.MiniOzoneClusterImpl (MiniOzoneClusterImpl.java:stopOM(550)) - Stopping the OzoneManager
2022-01-10 01:35:56,316 [Listener at 127.0.0.1/45293] INFO  om.OzoneManager (OzoneManager.java:stop(1893)) - om1[localhost:0]: Stopping Ozone Manager
2022-01-10 01:35:56,316 [Listener at 127.0.0.1/45293] INFO  ipc.Server (Server.java:stop(3414)) - Stopping server on 45293
2022-01-10 01:35:56,320 [IPC Server listener on 0] INFO  ipc.Server (Server.java:run(1376)) - Stopping IPC Server listener on 0
2022-01-10 01:35:56,321 [IPC Server Responder] INFO  ipc.Server (Server.java:run(1512)) - Stopping IPC Server Responder
2022-01-10 01:35:56,322 [Listener at 127.0.0.1/45293] INFO  server.RaftServer (RaftServerProxy.java:lambda$close$6(391)) - om1: close
2022-01-10 01:35:56,322 [Listener at 127.0.0.1/45293] INFO  server.RaftServer$Division (RaftServerImpl.java:lambda$close$4(412)) - om1@group-C5BA1605619E: shutdown
2022-01-10 01:35:56,323 [Listener at 127.0.0.1/45293] INFO  util.JmxRegister (JmxRegister.java:unregister(73)) - Successfully un-registered JMX Bean with object name Ratis:service=RaftServer,group=group-C5BA1605619E,id=om1
2022-01-10 01:35:56,323 [Listener at 127.0.0.1/45293] INFO  impl.RoleInfo (RoleInfo.java:shutdownLeaderState(91)) - om1: shutdown om1@group-C5BA1605619E-LeaderStateImpl
2022-01-10 01:35:56,323 [Listener at 127.0.0.1/45293] INFO  impl.PendingRequests (PendingRequests.java:sendNotLeaderResponses(282)) - om1@group-C5BA1605619E-PendingRequests: sendNotLeaderResponses
2022-01-10 01:35:56,327 [Listener at 127.0.0.1/45293] INFO  impl.StateMachineUpdater (StateMachineUpdater.java:stopAndJoin(149)) - om1@group-C5BA1605619E-StateMachineUpdater: set stopIndex = 6562
2022-01-10 01:35:56,327 [om1@group-C5BA1605619E-StateMachineUpdater] INFO  ratis.OzoneManagerStateMachine (OzoneManagerStateMachine.java:takeSnapshot(417)) - Current Snapshot Index (t:1, i:6562)
2022-01-10 01:35:56,328 [om1@group-C5BA1605619E-StateMachineUpdater] INFO  impl.StateMachineUpdater (StateMachineUpdater.java:takeSnapshot(281)) - om1@group-C5BA1605619E-StateMachineUpdater: Took a snapshot at index 6562
2022-01-10 01:35:56,328 [om1@group-C5BA1605619E-StateMachineUpdater] INFO  impl.StateMachineUpdater (StateMachineUpdater.java:lambda$new$0(89)) - om1@group-C5BA1605619E-StateMachineUpdater: snapshotIndex: updateIncreasingly -1 -> 6562
2022-01-10 01:35:56,328 [om1@group-C5BA1605619E-StateMachineUpdater] INFO  ratis.OzoneManagerStateMachine (OzoneManagerStateMachine.java:close(471)) - StateMachine has shutdown. Shutdown OzoneManager if not already shutdown.
2022-01-10 01:35:56,329 [Listener at 127.0.0.1/45293] INFO  server.RaftServer$Division (ServerState.java:close(419)) - om1@group-C5BA1605619E: closes. applyIndex: 6562
2022-01-10 01:35:56,331 [om1@group-C5BA1605619E-SegmentedRaftLogWorker] INFO  segmented.SegmentedRaftLogWorker (SegmentedRaftLogWorker.java:run(327)) - om1@group-C5BA1605619E-SegmentedRaftLogWorker was interrupted, exiting. There are 0 tasks remaining in the queue.
2022-01-10 01:35:56,332 [Listener at 127.0.0.1/45293] INFO  segmented.SegmentedRaftLogWorker (SegmentedRaftLogWorker.java:close(237)) - om1@group-C5BA1605619E-SegmentedRaftLogWorker close()
2022-01-10 01:35:56,334 [Listener at 127.0.0.1/45293] INFO  server.GrpcService (GrpcService.java:closeImpl(262)) - om1: shutdown server with port 9872 now
2022-01-10 01:35:56,336 [Listener at 127.0.0.1/45293] INFO  server.GrpcService (GrpcService.java:closeImpl(271)) - om1: shutdown server with port 9872 successfully
2022-01-10 01:35:56,336 [org.apache.ratis.util.JvmPauseMonitor$$Lambda$529/1957356322@610576c8] INFO  util.JvmPauseMonitor (JvmPauseMonitor.java:run(109)) - JvmPauseMonitor-om1: Stopped
2022-01-10 01:35:56,336 [Listener at 127.0.0.1/45293] INFO  ratis.OzoneManagerDoubleBuffer (OzoneManagerDoubleBuffer.java:stop(437)) - Stopping OMDoubleBuffer flush thread
2022-01-10 01:35:56,336 [OMDoubleBufferFlushThread] INFO  ratis.OzoneManagerDoubleBuffer (OzoneManagerDoubleBuffer.java:flushTransactions(356)) - OMDoubleBuffer flush thread OMDoubleBufferFlushThread is interrupted and will exit. OMDoubleBufferFlushThread
2022-01-10 01:35:56,338 [Listener at 127.0.0.1/45293] INFO  utils.BackgroundService (BackgroundService.java:shutdown(132)) - Shutting down service KeyDeletingService
2022-01-10 01:35:56,339 [Listener at 127.0.0.1/45293] INFO  utils.BackgroundService (BackgroundService.java:shutdown(132)) - Shutting down service DirectoryDeletingService
2022-01-10 01:35:56,340 [Listener at 127.0.0.1/45293] INFO  handler.ContextHandler (ContextHandler.java:doStop(1153)) - Stopped o.e.j.w.WebAppContext@6145981c{ozoneManager,/,null,STOPPED}{file:/home/runner/work/ozone/ozone/hadoop-ozone/integration-test/target/test-classes/webapps/ozoneManager}
2022-01-10 01:35:56,344 [Listener at 127.0.0.1/45293] INFO  server.AbstractConnector (AbstractConnector.java:doStop(381)) - Stopped ServerConnector@33458d84{HTTP/1.1, (http/1.1)}{0.0.0.0:0}
2022-01-10 01:35:56,344 [Listener at 127.0.0.1/45293] INFO  server.session (HouseKeeper.java:stopScavenging(149)) - node0 Stopped scavenging
2022-01-10 01:35:56,345 [Listener at 127.0.0.1/45293] INFO  handler.ContextHandler (ContextHandler.java:doStop(1153)) - Stopped o.e.j.s.ServletContextHandler@553c74cc{static,/static,file:///home/runner/work/ozone/ozone/hadoop-ozone/integration-test/target/test-classes/webapps/static,STOPPED}
2022-01-10 01:35:56,345 [Listener at 127.0.0.1/45293] INFO  handler.ContextHandler (ContextHandler.java:doStop(1153)) - Stopped o.e.j.s.ServletContextHandler@5cb2a1ea{logs,/logs,file:///home/runner/work/ozone/ozone/hadoop-ozone/integration-test/target/log,STOPPED}
2022-01-10 01:35:56,346 [Trash Emptier] ERROR util.ExitUtils (ExitUtils.java:terminate(133)) - Terminating with exit status -1: Thread[Trash Emptier,5,main] has thrown an uncaught exception
java.lang.UnsupportedOperationException: fs.getUri() not implemented in TrashOzoneFileSystem
	at org.apache.hadoop.ozone.om.TrashOzoneFileSystem.getUri(TrashOzoneFileSystem.java:124)
	at org.apache.hadoop.fs.FileSystem.close(FileSystem.java:2592)
	at org.apache.hadoop.ozone.om.TrashPolicyOzone$Emptier.run(TrashPolicyOzone.java:243)
	at java.lang.Thread.run(Thread.java:748)
2022-01-10 01:35:56,348 [Listener at 127.0.0.1/45293] INFO  ozone.MiniOzoneClusterImpl (MiniOzoneClusterImpl.java:stopDatanodes(527)) - Stopping the HddsDatanodes
2022-01-10 01:35:56,472 [b23f1ad7-a0b2-4e94-8fae-08dca861ebf6@group-9AFBBED2F4BD-FollowerState] INFO  impl.FollowerState (FollowerState.java:run(134)) - b23f1ad7-a0b2-4e94-8fae-08dca861ebf6@group-9AFBBED2F4BD-FollowerState: change to CANDIDATE, lastRpcElapsedTime:5087113565ns, electionTimeout:5086ms
2022-01-10 01:35:56,472 [b23f1ad7-a0b2-4e94-8fae-08dca861ebf6@group-9AFBBED2F4BD-FollowerState] INFO  impl.RoleInfo (RoleInfo.java:shutdownFollowerState(108)) - b23f1ad7-a0b2-4e94-8fae-08dca861ebf6: shutdown b23f1ad7-a0b2-4e94-8fae-08dca861ebf6@group-9AFBBED2F4BD-FollowerState
2022-01-10 01:35:56,472 [b23f1ad7-a0b2-4e94-8fae-08dca861ebf6@group-9AFBBED2F4BD-FollowerState] INFO  server.RaftServer$Division (RaftServerImpl.java:setRole(290)) - b23f1ad7-a0b2-4e94-8fae-08dca861ebf6@group-9AFBBED2F4BD: changes role from  FOLLOWER to CANDIDATE at term 3 for changeToCandidate
2022-01-10 01:35:56,472 [b23f1ad7-a0b2-4e94-8fae-08dca861ebf6@group-9AFBBED2F4BD-FollowerState] INFO  server.RaftServerConfigKeys (ConfUtils.java:logGet(44)) - raft.server.leaderelection.pre-vote = false (custom)
2022-01-10 01:35:56,473 [b23f1ad7-a0b2-4e94-8fae-08dca861ebf6@group-9AFBBED2F4BD-FollowerState] INFO  impl.RoleInfo (RoleInfo.java:updateAndGet(130)) - b23f1ad7-a0b2-4e94-8fae-08dca861ebf6: start b23f1ad7-a0b2-4e94-8fae-08dca861ebf6@group-9AFBBED2F4BD-LeaderElection12
2022-01-10 01:35:56,473 [1c4647c1-9eb4-4b4c-a480-999e321429b2@group-9AFBBED2F4BD-FollowerState] INFO  impl.FollowerState (FollowerState.java:run(134)) - 1c4647c1-9eb4-4b4c-a480-999e321429b2@group-9AFBBED2F4BD-FollowerState: change to CANDIDATE, lastRpcElapsedTime:5099954401ns, electionTimeout:5089ms
2022-01-10 01:35:56,475 [1c4647c1-9eb4-4b4c-a480-999e321429b2@group-9AFBBED2F4BD-FollowerState] INFO  impl.RoleInfo (RoleInfo.java:shutdownFollowerState(108)) - 1c4647c1-9eb4-4b4c-a480-999e321429b2: shutdown 1c4647c1-9eb4-4b4c-a480-999e321429b2@group-9AFBBED2F4BD-FollowerState
2022-01-10 01:35:56,475 [1c4647c1-9eb4-4b4c-a480-999e321429b2@group-9AFBBED2F4BD-FollowerState] INFO  server.RaftServer$Division (RaftServerImpl.java:setRole(290)) - 1c4647c1-9eb4-4b4c-a480-999e321429b2@group-9AFBBED2F4BD: changes role from  FOLLOWER to CANDIDATE at term 3 for changeToCandidate
2022-01-10 01:35:56,475 [1c4647c1-9eb4-4b4c-a480-999e321429b2@group-9AFBBED2F4BD-FollowerState] INFO  server.RaftServerConfigKeys (ConfUtils.java:logGet(44)) - raft.server.leaderelection.pre-vote = false (custom)
2022-01-10 01:35:56,475 [1c4647c1-9eb4-4b4c-a480-999e321429b2@group-9AFBBED2F4BD-FollowerState] INFO  impl.RoleInfo (RoleInfo.java:updateAndGet(130)) - 1c4647c1-9eb4-4b4c-a480-999e321429b2: start 1c4647c1-9eb4-4b4c-a480-999e321429b2@group-9AFBBED2F4BD-LeaderElection13
2022-01-10 01:35:56,481 [b23f1ad7-a0b2-4e94-8fae-08dca861ebf6@group-9AFBBED2F4BD-LeaderElection12] INFO  impl.LeaderElection (LeaderElection.java:askForVotes(306)) - b23f1ad7-a0b2-4e94-8fae-08dca861ebf6@group-9AFBBED2F4BD-LeaderElection12 ELECTION round 0: submit vote requests at term 4 for -1: [1c4647c1-9eb4-4b4c-a480-999e321429b2|rpc:10.1.0.8:38537|priority:0, b23f1ad7-a0b2-4e94-8fae-08dca861ebf6|rpc:10.1.0.8:44273|priority:1, 418acab8-8601-40ce-b0d4-29efb893f10e|rpc:10.1.0.8:32915|priority:0], old=null
2022-01-10 01:35:56,481 [1c4647c1-9eb4-4b4c-a480-999e321429b2@group-9AFBBED2F4BD-LeaderElection13] INFO  impl.LeaderElection (LeaderElection.java:askForVotes(306)) - 1c4647c1-9eb4-4b4c-a480-999e321429b2@group-9AFBBED2F4BD-LeaderElection13 ELECTION round 0: submit vote requests at term 4 for -1: [1c4647c1-9eb4-4b4c-a480-999e321429b2|rpc:10.1.0.8:38537|dataStream:|priority:0, b23f1ad7-a0b2-4e94-8fae-08dca861ebf6|rpc:10.1.0.8:44273|dataStream:|priority:1, 418acab8-8601-40ce-b0d4-29efb893f10e|rpc:10.1.0.8:32915|dataStream:|priority:0], old=null
2022-01-10 01:35:56,486 [grpc-default-executor-4] INFO  server.RaftServer$Division (RaftServerImpl.java:requestVote(1046)) - 1c4647c1-9eb4-4b4c-a480-999e321429b2@group-9AFBBED2F4BD: receive requestVote(ELECTION, b23f1ad7-a0b2-4e94-8fae-08dca861ebf6, group-9AFBBED2F4BD, 4, (t:0, i:0))
2022-01-10 01:35:56,486 [grpc-default-executor-3] INFO  server.RaftServer$Division (RaftServerImpl.java:requestVote(1046)) - 418acab8-8601-40ce-b0d4-29efb893f10e@group-9AFBBED2F4BD: receive requestVote(ELECTION, b23f1ad7-a0b2-4e94-8fae-08dca861ebf6, group-9AFBBED2F4BD, 4, (t:0, i:0))
2022-01-10 01:35:56,486 [grpc-default-executor-4] INFO  impl.VoteContext (VoteContext.java:log(48)) - 1c4647c1-9eb4-4b4c-a480-999e321429b2@group-9AFBBED2F4BD-CANDIDATE: reject ELECTION from b23f1ad7-a0b2-4e94-8fae-08dca861ebf6: already has voted for 1c4647c1-9eb4-4b4c-a480-999e321429b2 at current term 4
2022-01-10 01:35:56,492 [grpc-default-executor-4] INFO  server.RaftServer$Division (RaftServerImpl.java:requestVote(1078)) - 1c4647c1-9eb4-4b4c-a480-999e321429b2@group-9AFBBED2F4BD replies to ELECTION vote request: b23f1ad7-a0b2-4e94-8fae-08dca861ebf6<-1c4647c1-9eb4-4b4c-a480-999e321429b2#0:FAIL-t4. Peer's state: 1c4647c1-9eb4-4b4c-a480-999e321429b2@group-9AFBBED2F4BD:t4, leader=null, voted=1c4647c1-9eb4-4b4c-a480-999e321429b2, raftlog=1c4647c1-9eb4-4b4c-a480-999e321429b2@group-9AFBBED2F4BD-SegmentedRaftLog:OPENED:c-1, conf=-1: [1c4647c1-9eb4-4b4c-a480-999e321429b2|rpc:10.1.0.8:38537|dataStream:|priority:0, b23f1ad7-a0b2-4e94-8fae-08dca861ebf6|rpc:10.1.0.8:44273|dataStream:|priority:1, 418acab8-8601-40ce-b0d4-29efb893f10e|rpc:10.1.0.8:32915|dataStream:|priority:0], old=null
2022-01-10 01:35:56,492 [grpc-default-executor-3] INFO  impl.VoteContext (VoteContext.java:log(48)) - 418acab8-8601-40ce-b0d4-29efb893f10e@group-9AFBBED2F4BD-FOLLOWER: accept ELECTION from b23f1ad7-a0b2-4e94-8fae-08dca861ebf6: our priority 0 <= candidate's priority 1
2022-01-10 01:35:56,493 [grpc-default-executor-3] INFO  server.RaftServer$Division (RaftServerImpl.java:setRole(290)) - 418acab8-8601-40ce-b0d4-29efb893f10e@group-9AFBBED2F4BD: changes role from  FOLLOWER to FOLLOWER at term 4 for candidate:b23f1ad7-a0b2-4e94-8fae-08dca861ebf6
2022-01-10 01:35:56,493 [grpc-default-executor-3] INFO  impl.RoleInfo (RoleInfo.java:shutdownFollowerState(108)) - 418acab8-8601-40ce-b0d4-29efb893f10e: shutdown 418acab8-8601-40ce-b0d4-29efb893f10e@group-9AFBBED2F4BD-FollowerState
2022-01-10 01:35:56,493 [grpc-default-executor-3] INFO  impl.RoleInfo (RoleInfo.java:updateAndGet(130)) - 418acab8-8601-40ce-b0d4-29efb893f10e: start 418acab8-8601-40ce-b0d4-29efb893f10e@group-9AFBBED2F4BD-FollowerState
2022-01-10 01:35:56,493 [418acab8-8601-40ce-b0d4-29efb893f10e@group-9AFBBED2F4BD-FollowerState] INFO  impl.FollowerState (FollowerState.java:run(143)) - 418acab8-8601-40ce-b0d4-29efb893f10e@group-9AFBBED2F4BD-FollowerState was interrupted: {}
java.lang.InterruptedException: sleep interrupted
	at java.lang.Thread.sleep(Native Method)
	at java.lang.Thread.sleep(Thread.java:340)
	at java.util.concurrent.TimeUnit.sleep(TimeUnit.java:386)
	at org.apache.ratis.util.TimeDuration.sleep(TimeDuration.java:324)
	at org.apache.ratis.util.TimeDuration.sleep(TimeDuration.java:309)
	at org.apache.ratis.server.impl.FollowerState.run(FollowerState.java:118)
2022-01-10 01:35:56,501 [grpc-default-executor-4] INFO  server.RaftServer$Division (RaftServerImpl.java:requestVote(1046)) - b23f1ad7-a0b2-4e94-8fae-08dca861ebf6@group-9AFBBED2F4BD: receive requestVote(ELECTION, 1c4647c1-9eb4-4b4c-a480-999e321429b2, group-9AFBBED2F4BD, 4, (t:0, i:0))
2022-01-10 01:35:56,501 [grpc-default-executor-3] INFO  server.RaftServer$Division (RaftServerImpl.java:requestVote(1078)) - 418acab8-8601-40ce-b0d4-29efb893f10e@group-9AFBBED2F4BD replies to ELECTION vote request: b23f1ad7-a0b2-4e94-8fae-08dca861ebf6<-418acab8-8601-40ce-b0d4-29efb893f10e#0:OK-t4. Peer's state: 418acab8-8601-40ce-b0d4-29efb893f10e@group-9AFBBED2F4BD:t4, leader=null, voted=b23f1ad7-a0b2-4e94-8fae-08dca861ebf6, raftlog=418acab8-8601-40ce-b0d4-29efb893f10e@group-9AFBBED2F4BD-SegmentedRaftLog:OPENED:c-1, conf=-1: [1c4647c1-9eb4-4b4c-a480-999e321429b2|rpc:10.1.0.8:38537|priority:0, b23f1ad7-a0b2-4e94-8fae-08dca861ebf6|rpc:10.1.0.8:44273|priority:1, 418acab8-8601-40ce-b0d4-29efb893f10e|rpc:10.1.0.8:32915|priority:0], old=null
2022-01-10 01:35:56,501 [grpc-default-executor-2] INFO  server.RaftServer$Division (RaftServerImpl.java:requestVote(1046)) - 418acab8-8601-40ce-b0d4-29efb893f10e@group-9AFBBED2F4BD: receive requestVote(ELECTION, 1c4647c1-9eb4-4b4c-a480-999e321429b2, group-9AFBBED2F4BD, 4, (t:0, i:0))
2022-01-10 01:35:56,501 [grpc-default-executor-2] INFO  impl.VoteContext (VoteContext.java:log(48)) - 418acab8-8601-40ce-b0d4-29efb893f10e@group-9AFBBED2F4BD-FOLLOWER: reject ELECTION from 1c4647c1-9eb4-4b4c-a480-999e321429b2: already has voted for b23f1ad7-a0b2-4e94-8fae-08dca861ebf6 at current term 4
2022-01-10 01:35:56,501 [grpc-default-executor-2] INFO  server.RaftServer$Division (RaftServerImpl.java:requestVote(1078)) - 418acab8-8601-40ce-b0d4-29efb893f10e@group-9AFBBED2F4BD replies to ELECTION vote request: 1c4647c1-9eb4-4b4c-a480-999e321429b2<-418acab8-8601-40ce-b0d4-29efb893f10e#0:FAIL-t4. Peer's state: 418acab8-8601-40ce-b0d4-29efb893f10e@group-9AFBBED2F4BD:t4, leader=null, voted=b23f1ad7-a0b2-4e94-8fae-08dca861ebf6, raftlog=418acab8-8601-40ce-b0d4-29efb893f10e@group-9AFBBED2F4BD-SegmentedRaftLog:OPENED:c-1, conf=-1: [1c4647c1-9eb4-4b4c-a480-999e321429b2|rpc:10.1.0.8:38537|priority:0, b23f1ad7-a0b2-4e94-8fae-08dca861ebf6|rpc:10.1.0.8:44273|priority:1, 418acab8-8601-40ce-b0d4-29efb893f10e|rpc:10.1.0.8:32915|priority:0], old=null
2022-01-10 01:35:56,502 [b23f1ad7-a0b2-4e94-8fae-08dca861ebf6@group-9AFBBED2F4BD-LeaderElection12] INFO  impl.LeaderElection (LeaderElection.java:logAndReturn(89)) - b23f1ad7-a0b2-4e94-8fae-08dca861ebf6@group-9AFBBED2F4BD-LeaderElection12: ELECTION PASSED received 2 response(s) and 0 exception(s):
2022-01-10 01:35:56,503 [b23f1ad7-a0b2-4e94-8fae-08dca861ebf6@group-9AFBBED2F4BD-LeaderElection12] INFO  impl.LeaderElection (LeaderElection.java:logAndReturn(93)) -   Response 0: b23f1ad7-a0b2-4e94-8fae-08dca861ebf6<-1c4647c1-9eb4-4b4c-a480-999e321429b2#0:FAIL-t4
2022-01-10 01:35:56,503 [b23f1ad7-a0b2-4e94-8fae-08dca861ebf6@group-9AFBBED2F4BD-LeaderElection12] INFO  impl.LeaderElection (LeaderElection.java:logAndReturn(93)) -   Response 1: b23f1ad7-a0b2-4e94-8fae-08dca861ebf6<-418acab8-8601-40ce-b0d4-29efb893f10e#0:OK-t4
2022-01-10 01:35:56,503 [b23f1ad7-a0b2-4e94-8fae-08dca861ebf6@group-9AFBBED2F4BD-LeaderElection12] INFO  impl.LeaderElection (LeaderElection.java:askForVotes(308)) - b23f1ad7-a0b2-4e94-8fae-08dca861ebf6@group-9AFBBED2F4BD-LeaderElection12 ELECTION round 0: result PASSED
2022-01-10 01:35:56,501 [grpc-default-executor-4] INFO  impl.VoteContext (VoteContext.java:log(48)) - b23f1ad7-a0b2-4e94-8fae-08dca861ebf6@group-9AFBBED2F4BD-CANDIDATE: reject ELECTION from 1c4647c1-9eb4-4b4c-a480-999e321429b2: already has voted for b23f1ad7-a0b2-4e94-8fae-08dca861ebf6 at current term 4
2022-01-10 01:35:56,504 [grpc-default-executor-4] INFO  server.RaftServer$Division (RaftServerImpl.java:requestVote(1078)) - b23f1ad7-a0b2-4e94-8fae-08dca861ebf6@group-9AFBBED2F4BD replies to ELECTION vote request: 1c4647c1-9eb4-4b4c-a480-999e321429b2<-b23f1ad7-a0b2-4e94-8fae-08dca861ebf6#0:FAIL-t4. Peer's state: b23f1ad7-a0b2-4e94-8fae-08dca861ebf6@group-9AFBBED2F4BD:t4, leader=null, voted=b23f1ad7-a0b2-4e94-8fae-08dca861ebf6, raftlog=b23f1ad7-a0b2-4e94-8fae-08dca861ebf6@group-9AFBBED2F4BD-SegmentedRaftLog:OPENED:c-1, conf=-1: [1c4647c1-9eb4-4b4c-a480-999e321429b2|rpc:10.1.0.8:38537|priority:0, b23f1ad7-a0b2-4e94-8fae-08dca861ebf6|rpc:10.1.0.8:44273|priority:1, 418acab8-8601-40ce-b0d4-29efb893f10e|rpc:10.1.0.8:32915|priority:0], old=null
2022-01-10 01:35:56,504 [b23f1ad7-a0b2-4e94-8fae-08dca861ebf6@group-9AFBBED2F4BD-LeaderElection12] INFO  impl.RoleInfo (RoleInfo.java:shutdownLeaderElection(121)) - b23f1ad7-a0b2-4e94-8fae-08dca861ebf6: shutdown b23f1ad7-a0b2-4e94-8fae-08dca861ebf6@group-9AFBBED2F4BD-LeaderElection12
2022-01-10 01:35:56,504 [b23f1ad7-a0b2-4e94-8fae-08dca861ebf6@group-9AFBBED2F4BD-LeaderElection12] INFO  server.RaftServer$Division (RaftServerImpl.java:setRole(290)) - b23f1ad7-a0b2-4e94-8fae-08dca861ebf6@group-9AFBBED2F4BD: changes role from CANDIDATE to LEADER at term 4 for changeToLeader
2022-01-10 01:35:56,504 [b23f1ad7-a0b2-4e94-8fae-08dca861ebf6@group-9AFBBED2F4BD-LeaderElection12] INFO  ratis.XceiverServerRatis (XceiverServerRatis.java:handleLeaderChangedNotification(866)) - Leader change notification received for group: group-9AFBBED2F4BD with new leaderId: b23f1ad7-a0b2-4e94-8fae-08dca861ebf6
2022-01-10 01:35:56,504 [b23f1ad7-a0b2-4e94-8fae-08dca861ebf6@group-9AFBBED2F4BD-LeaderElection12] INFO  server.RaftServer$Division (ServerState.java:setLeader(285)) - b23f1ad7-a0b2-4e94-8fae-08dca861ebf6@group-9AFBBED2F4BD: change Leader from null to b23f1ad7-a0b2-4e94-8fae-08dca861ebf6 at term 4 for becomeLeader, leader elected after 20694ms
2022-01-10 01:35:56,504 [b23f1ad7-a0b2-4e94-8fae-08dca861ebf6@group-9AFBBED2F4BD-LeaderElection12] INFO  server.RaftServerConfigKeys (ConfUtils.java:logGet(44)) - raft.server.staging.catchup.gap = 1000 (default)
2022-01-10 01:35:56,504 [b23f1ad7-a0b2-4e94-8fae-08dca861ebf6@group-9AFBBED2F4BD-LeaderElection12] INFO  server.RaftServerConfigKeys (ConfUtils.java:logGet(44)) - raft.server.write.element-limit = 1024 (custom)
2022-01-10 01:35:56,504 [b23f1ad7-a0b2-4e94-8fae-08dca861ebf6@group-9AFBBED2F4BD-LeaderElection12] INFO  server.RaftServerConfigKeys (ConfUtils.java:logGet(44)) - raft.server.write.byte-limit = 1024 M (=1073741824) (custom)
2022-01-10 01:35:56,505 [b23f1ad7-a0b2-4e94-8fae-08dca861ebf6@group-9AFBBED2F4BD-LeaderElection12] INFO  server.RaftServerConfigKeys (ConfUtils.java:logGet(44)) - raft.server.watch.timeout = 180s (custom)
2022-01-10 01:35:56,505 [b23f1ad7-a0b2-4e94-8fae-08dca861ebf6@group-9AFBBED2F4BD-LeaderElection12] INFO  server.RaftServerConfigKeys (ConfUtils.java:logGet(44)) - raft.server.watch.timeout.denomination = 1s (default)
2022-01-10 01:35:56,505 [b23f1ad7-a0b2-4e94-8fae-08dca861ebf6@group-9AFBBED2F4BD-LeaderElection12] INFO  server.RaftServerConfigKeys (ConfUtils.java:logGet(44)) - raft.server.watch.element-limit = 65536 (default)
2022-01-10 01:35:56,505 [b23f1ad7-a0b2-4e94-8fae-08dca861ebf6@group-9AFBBED2F4BD-LeaderElection12] INFO  server.RaftServerConfigKeys (ConfUtils.java:logGet(44)) - raft.server.write.element-limit = 1024 (custom)
2022-01-10 01:35:56,505 [b23f1ad7-a0b2-4e94-8fae-08dca861ebf6@group-9AFBBED2F4BD-LeaderElection12] INFO  server.RaftServerConfigKeys (ConfUtils.java:logGet(44)) - raft.server.write.follower.gap.ratio.max = -1.0 (default)
2022-01-10 01:35:56,505 [b23f1ad7-a0b2-4e94-8fae-08dca861ebf6@group-9AFBBED2F4BD-LeaderElection12] INFO  server.RaftServerConfigKeys (ConfUtils.java:logGet(44)) - raft.server.log.appender.snapshot.chunk.size.max = 16MB (=16777216) (default)
2022-01-10 01:35:56,505 [b23f1ad7-a0b2-4e94-8fae-08dca861ebf6@group-9AFBBED2F4BD-LeaderElection12] INFO  server.RaftServerConfigKeys (ConfUtils.java:logGet(44)) - raft.server.log.appender.buffer.byte-limit = 33554432 (custom)
2022-01-10 01:35:56,505 [b23f1ad7-a0b2-4e94-8fae-08dca861ebf6@group-9AFBBED2F4BD-LeaderElection12] INFO  server.RaftServerConfigKeys (ConfUtils.java:logGet(44)) - raft.server.log.appender.buffer.element-limit = 1 (custom)
2022-01-10 01:35:56,505 [b23f1ad7-a0b2-4e94-8fae-08dca861ebf6@group-9AFBBED2F4BD-LeaderElection12] INFO  grpc.GrpcConfigKeys (ConfUtils.java:logGet(44)) - raft.grpc.server.leader.outstanding.appends.max = 128 (default)
2022-01-10 01:35:56,507 [b23f1ad7-a0b2-4e94-8fae-08dca861ebf6@group-9AFBBED2F4BD-LeaderElection12] INFO  server.RaftServerConfigKeys (ConfUtils.java:logGet(44)) - raft.server.rpc.request.timeout = 60s (custom)
2022-01-10 01:35:56,507 [b23f1ad7-a0b2-4e94-8fae-08dca861ebf6@group-9AFBBED2F4BD-LeaderElection12] INFO  server.RaftServerConfigKeys (ConfUtils.java:logGet(44)) - raft.server.log.appender.install.snapshot.enabled = false (custom)
2022-01-10 01:35:56,507 [1c4647c1-9eb4-4b4c-a480-999e321429b2@group-9AFBBED2F4BD-LeaderElection13] INFO  impl.LeaderElection (LeaderElection.java:logAndReturn(89)) - 1c4647c1-9eb4-4b4c-a480-999e321429b2@group-9AFBBED2F4BD-LeaderElection13: ELECTION REJECTED received 2 response(s) and 0 exception(s):
2022-01-10 01:35:56,508 [1c4647c1-9eb4-4b4c-a480-999e321429b2@group-9AFBBED2F4BD-LeaderElection13] INFO  impl.LeaderElection (LeaderElection.java:logAndReturn(93)) -   Response 0: 1c4647c1-9eb4-4b4c-a480-999e321429b2<-418acab8-8601-40ce-b0d4-29efb893f10e#0:FAIL-t4
2022-01-10 01:35:56,508 [1c4647c1-9eb4-4b4c-a480-999e321429b2@group-9AFBBED2F4BD-LeaderElection13] INFO  impl.LeaderElection (LeaderElection.java:logAndReturn(93)) -   Response 1: 1c4647c1-9eb4-4b4c-a480-999e321429b2<-b23f1ad7-a0b2-4e94-8fae-08dca861ebf6#0:FAIL-t4
2022-01-10 01:35:56,508 [b23f1ad7-a0b2-4e94-8fae-08dca861ebf6@group-9AFBBED2F4BD-LeaderElection12] INFO  server.RaftServerConfigKeys (ConfUtils.java:logGet(44)) - raft.server.log.appender.snapshot.chunk.size.max = 16MB (=16777216) (default)
2022-01-10 01:35:56,508 [b23f1ad7-a0b2-4e94-8fae-08dca861ebf6@group-9AFBBED2F4BD-LeaderElection12] INFO  server.RaftServerConfigKeys (ConfUtils.java:logGet(44)) - raft.server.log.appender.buffer.byte-limit = 33554432 (custom)
2022-01-10 01:35:56,508 [b23f1ad7-a0b2-4e94-8fae-08dca861ebf6@group-9AFBBED2F4BD-LeaderElection12] INFO  server.RaftServerConfigKeys (ConfUtils.java:logGet(44)) - raft.server.log.appender.buffer.element-limit = 1 (custom)
2022-01-10 01:35:56,508 [b23f1ad7-a0b2-4e94-8fae-08dca861ebf6@group-9AFBBED2F4BD-LeaderElection12] INFO  grpc.GrpcConfigKeys (ConfUtils.java:logGet(44)) - raft.grpc.server.leader.outstanding.appends.max = 128 (default)
2022-01-10 01:35:56,509 [b23f1ad7-a0b2-4e94-8fae-08dca861ebf6@group-9AFBBED2F4BD-LeaderElection12] INFO  server.RaftServerConfigKeys (ConfUtils.java:logGet(44)) - raft.server.rpc.request.timeout = 60s (custom)
2022-01-10 01:35:56,509 [b23f1ad7-a0b2-4e94-8fae-08dca861ebf6@group-9AFBBED2F4BD-LeaderElection12] INFO  server.RaftServerConfigKeys (ConfUtils.java:logGet(44)) - raft.server.log.appender.install.snapshot.enabled = false (custom)
2022-01-10 01:35:56,509 [b23f1ad7-a0b2-4e94-8fae-08dca861ebf6@group-9AFBBED2F4BD-LeaderElection12] INFO  impl.RoleInfo (RoleInfo.java:updateAndGet(130)) - b23f1ad7-a0b2-4e94-8fae-08dca861ebf6: start b23f1ad7-a0b2-4e94-8fae-08dca861ebf6@group-9AFBBED2F4BD-LeaderStateImpl
2022-01-10 01:35:56,509 [b23f1ad7-a0b2-4e94-8fae-08dca861ebf6@group-9AFBBED2F4BD-LeaderElection12] INFO  segmented.SegmentedRaftLogWorker (SegmentedRaftLogWorker.java:startLogSegment(394)) - b23f1ad7-a0b2-4e94-8fae-08dca861ebf6@group-9AFBBED2F4BD-SegmentedRaftLogWorker: Starting segment from index:0
2022-01-10 01:35:56,508 [1c4647c1-9eb4-4b4c-a480-999e321429b2@group-9AFBBED2F4BD-LeaderElection13] INFO  impl.LeaderElection (LeaderElection.java:askForVotes(308)) - 1c4647c1-9eb4-4b4c-a480-999e321429b2@group-9AFBBED2F4BD-LeaderElection13 ELECTION round 0: result REJECTED
2022-01-10 01:35:56,509 [1c4647c1-9eb4-4b4c-a480-999e321429b2@group-9AFBBED2F4BD-LeaderElection13] INFO  server.RaftServer$Division (RaftServerImpl.java:setRole(290)) - 1c4647c1-9eb4-4b4c-a480-999e321429b2@group-9AFBBED2F4BD: changes role from CANDIDATE to FOLLOWER at term 4 for REJECTED
2022-01-10 01:35:56,509 [1c4647c1-9eb4-4b4c-a480-999e321429b2@group-9AFBBED2F4BD-LeaderElection13] INFO  impl.RoleInfo (RoleInfo.java:shutdownLeaderElection(121)) - 1c4647c1-9eb4-4b4c-a480-999e321429b2: shutdown 1c4647c1-9eb4-4b4c-a480-999e321429b2@group-9AFBBED2F4BD-LeaderElection13
2022-01-10 01:35:56,510 [1c4647c1-9eb4-4b4c-a480-999e321429b2@group-9AFBBED2F4BD-LeaderElection13] INFO  impl.RoleInfo (RoleInfo.java:updateAndGet(130)) - 1c4647c1-9eb4-4b4c-a480-999e321429b2: start 1c4647c1-9eb4-4b4c-a480-999e321429b2@group-9AFBBED2F4BD-FollowerState
2022-01-10 01:35:56,514 [b23f1ad7-a0b2-4e94-8fae-08dca861ebf6@group-9AFBBED2F4BD-LeaderElection12] INFO  server.RaftServer$Division (ServerState.java:setRaftConf(387)) - b23f1ad7-a0b2-4e94-8fae-08dca861ebf6@group-9AFBBED2F4BD: set configuration 0: [1c4647c1-9eb4-4b4c-a480-999e321429b2|rpc:10.1.0.8:38537|dataStream:|priority:0, b23f1ad7-a0b2-4e94-8fae-08dca861ebf6|rpc:10.1.0.8:44273|dataStream:|priority:1, 418acab8-8601-40ce-b0d4-29efb893f10e|rpc:10.1.0.8:32915|dataStream:|priority:0], old=null
2022-01-10 01:35:56,514 [b23f1ad7-a0b2-4e94-8fae-08dca861ebf6@group-9AFBBED2F4BD-SegmentedRaftLogWorker] INFO  segmented.SegmentedRaftLogWorker (SegmentedRaftLogWorker.java:execute(601)) - b23f1ad7-a0b2-4e94-8fae-08dca861ebf6@group-9AFBBED2F4BD-SegmentedRaftLogWorker: created new log segment /home/runner/work/ozone/ozone/hadoop-ozone/integration-test/target/test-dir/MiniOzoneClusterImpl-0d56eec3-10f7-4761-be96-039d3fc90906/datanode-1/data/ratis/9f3053c6-37f5-4124-8041-9afbbed2f4bd/current/log_inprogress_0
2022-01-10 01:35:56,521 [grpc-default-executor-3] INFO  ratis.XceiverServerRatis (XceiverServerRatis.java:handleLeaderChangedNotification(866)) - Leader change notification received for group: group-9AFBBED2F4BD with new leaderId: b23f1ad7-a0b2-4e94-8fae-08dca861ebf6
2022-01-10 01:35:56,521 [grpc-default-executor-3] INFO  server.RaftServer$Division (ServerState.java:setLeader(285)) - 1c4647c1-9eb4-4b4c-a480-999e321429b2@group-9AFBBED2F4BD: change Leader from null to b23f1ad7-a0b2-4e94-8fae-08dca861ebf6 at term 4 for appendEntries, leader elected after 20642ms
2022-01-10 01:35:56,521 [grpc-default-executor-4] INFO  ratis.XceiverServerRatis (XceiverServerRatis.java:handleLeaderChangedNotification(866)) - Leader change notification received for group: group-9AFBBED2F4BD with new leaderId: b23f1ad7-a0b2-4e94-8fae-08dca861ebf6
2022-01-10 01:35:56,522 [grpc-default-executor-4] INFO  server.RaftServer$Division (ServerState.java:setLeader(285)) - 418acab8-8601-40ce-b0d4-29efb893f10e@group-9AFBBED2F4BD: change Leader from null to b23f1ad7-a0b2-4e94-8fae-08dca861ebf6 at term 4 for appendEntries, leader elected after 20611ms
2022-01-10 01:35:56,526 [grpc-default-executor-3] INFO  server.RaftServer$Division (ServerState.java:setRaftConf(387)) - 1c4647c1-9eb4-4b4c-a480-999e321429b2@group-9AFBBED2F4BD: set configuration 0: [1c4647c1-9eb4-4b4c-a480-999e321429b2|rpc:10.1.0.8:38537|dataStream:|priority:0, b23f1ad7-a0b2-4e94-8fae-08dca861ebf6|rpc:10.1.0.8:44273|dataStream:|priority:1, 418acab8-8601-40ce-b0d4-29efb893f10e|rpc:10.1.0.8:32915|dataStream:|priority:0], old=null
2022-01-10 01:35:56,526 [grpc-default-executor-3] INFO  segmented.SegmentedRaftLogWorker (SegmentedRaftLogWorker.java:startLogSegment(394)) - 1c4647c1-9eb4-4b4c-a480-999e321429b2@group-9AFBBED2F4BD-SegmentedRaftLogWorker: Starting segment from index:0
2022-01-10 01:35:56,528 [1c4647c1-9eb4-4b4c-a480-999e321429b2@group-9AFBBED2F4BD-SegmentedRaftLogWorker] INFO  segmented.SegmentedRaftLogWorker (SegmentedRaftLogWorker.java:execute(601)) - 1c4647c1-9eb4-4b4c-a480-999e321429b2@group-9AFBBED2F4BD-SegmentedRaftLogWorker: created new log segment /home/runner/work/ozone/ozone/hadoop-ozone/integration-test/target/test-dir/MiniOzoneClusterImpl-0d56eec3-10f7-4761-be96-039d3fc90906/datanode-0/data/ratis/9f3053c6-37f5-4124-8041-9afbbed2f4bd/current/log_inprogress_0
2022-01-10 01:35:56,528 [grpc-default-executor-3] INFO  server.RaftServer$Division (ServerState.java:setRaftConf(387)) - 418acab8-8601-40ce-b0d4-29efb893f10e@group-9AFBBED2F4BD: set configuration 0: [1c4647c1-9eb4-4b4c-a480-999e321429b2|rpc:10.1.0.8:38537|dataStream:|priority:0, b23f1ad7-a0b2-4e94-8fae-08dca861ebf6|rpc:10.1.0.8:44273|dataStream:|priority:1, 418acab8-8601-40ce-b0d4-29efb893f10e|rpc:10.1.0.8:32915|dataStream:|priority:0], old=null
2022-01-10 01:35:56,529 [grpc-default-executor-3] INFO  segmented.SegmentedRaftLogWorker (SegmentedRaftLogWorker.java:startLogSegment(394)) - 418acab8-8601-40ce-b0d4-29efb893f10e@group-9AFBBED2F4BD-SegmentedRaftLogWorker: Starting segment from index:0
2022-01-10 01:35:56,531 [418acab8-8601-40ce-b0d4-29efb893f10e@group-9AFBBED2F4BD-SegmentedRaftLogWorker] INFO  segmented.SegmentedRaftLogWorker (SegmentedRaftLogWorker.java:execute(601)) - 418acab8-8601-40ce-b0d4-29efb893f10e@group-9AFBBED2F4BD-SegmentedRaftLogWorker: created new log segment /home/runner/work/ozone/ozone/hadoop-ozone/integration-test/target/test-dir/MiniOzoneClusterImpl-0d56eec3-10f7-4761-be96-039d3fc90906/datanode-2/data/ratis/9f3053c6-37f5-4124-8041-9afbbed2f4bd/current/log_inprogress_0
2022-01-10 01:36:01,350 [ForkJoinPool.commonPool-worker-1] INFO  ozoneimpl.OzoneContainer (OzoneContainer.java:stop(336)) - Attempting to stop container services.
2022-01-10 01:36:01,350 [Listener at 127.0.0.1/45293] INFO  ozoneimpl.OzoneContainer (OzoneContainer.java:stop(336)) - Attempting to stop container services.
2022-01-10 01:36:01,352 [ForkJoinPool.commonPool-worker-1] INFO  server.RaftServer (RaftServerProxy.java:lambda$close$6(391)) - 1c4647c1-9eb4-4b4c-a480-999e321429b2: close
2022-01-10 01:36:01,352 [ForkJoinPool.commonPool-worker-1] INFO  server.RaftServer$Division (RaftServerImpl.java:lambda$close$4(412)) - 1c4647c1-9eb4-4b4c-a480-999e321429b2@group-9AFBBED2F4BD: shutdown
2022-01-10 01:36:01,352 [ForkJoinPool.commonPool-worker-1] INFO  util.JmxRegister (JmxRegister.java:unregister(73)) - Successfully un-registered JMX Bean with object name Ratis:service=RaftServer,group=group-9AFBBED2F4BD,id=1c4647c1-9eb4-4b4c-a480-999e321429b2
2022-01-10 01:36:01,352 [ForkJoinPool.commonPool-worker-1] INFO  impl.RoleInfo (RoleInfo.java:shutdownFollowerState(108)) - 1c4647c1-9eb4-4b4c-a480-999e321429b2: shutdown 1c4647c1-9eb4-4b4c-a480-999e321429b2@group-9AFBBED2F4BD-FollowerState
2022-01-10 01:36:01,352 [ForkJoinPool.commonPool-worker-1] INFO  impl.StateMachineUpdater (StateMachineUpdater.java:stopAndJoin(149)) - 1c4647c1-9eb4-4b4c-a480-999e321429b2@group-9AFBBED2F4BD-StateMachineUpdater: set stopIndex = 0
2022-01-10 01:36:01,352 [1c4647c1-9eb4-4b4c-a480-999e321429b2@group-9AFBBED2F4BD-FollowerState] INFO  impl.FollowerState (FollowerState.java:run(143)) - 1c4647c1-9eb4-4b4c-a480-999e321429b2@group-9AFBBED2F4BD-FollowerState was interrupted: {}
java.lang.InterruptedException: sleep interrupted
	at java.lang.Thread.sleep(Native Method)
	at java.lang.Thread.sleep(Thread.java:340)
	at java.util.concurrent.TimeUnit.sleep(TimeUnit.java:386)
	at org.apache.ratis.util.TimeDuration.sleep(TimeDuration.java:324)
	at org.apache.ratis.util.TimeDuration.sleep(TimeDuration.java:309)
	at org.apache.ratis.server.impl.FollowerState.run(FollowerState.java:118)
2022-01-10 01:36:01,353 [1c4647c1-9eb4-4b4c-a480-999e321429b2@group-9AFBBED2F4BD-StateMachineUpdater] INFO  ratis.ContainerStateMachine (ContainerStateMachine.java:takeSnapshot(299)) - group-9AFBBED2F4BD: Taking a snapshot at:(t:4, i:0) file /home/runner/work/ozone/ozone/hadoop-ozone/integration-test/target/test-dir/MiniOzoneClusterImpl-0d56eec3-10f7-4761-be96-039d3fc90906/datanode-0/data/ratis/9f3053c6-37f5-4124-8041-9afbbed2f4bd/sm/snapshot.4_0
2022-01-10 01:36:01,355 [Listener at 127.0.0.1/45293] INFO  server.RaftServer (RaftServerProxy.java:lambda$close$6(391)) - b23f1ad7-a0b2-4e94-8fae-08dca861ebf6: close
2022-01-10 01:36:01,355 [Listener at 127.0.0.1/45293] INFO  server.RaftServer$Division (RaftServerImpl.java:lambda$close$4(412)) - b23f1ad7-a0b2-4e94-8fae-08dca861ebf6@group-9AFBBED2F4BD: shutdown
2022-01-10 01:36:01,355 [Listener at 127.0.0.1/45293] INFO  util.JmxRegister (JmxRegister.java:unregister(73)) - Successfully un-registered JMX Bean with object name Ratis:service=RaftServer,group=group-9AFBBED2F4BD,id=b23f1ad7-a0b2-4e94-8fae-08dca861ebf6
2022-01-10 01:36:01,355 [Listener at 127.0.0.1/45293] INFO  impl.RoleInfo (RoleInfo.java:shutdownLeaderState(91)) - b23f1ad7-a0b2-4e94-8fae-08dca861ebf6: shutdown b23f1ad7-a0b2-4e94-8fae-08dca861ebf6@group-9AFBBED2F4BD-LeaderStateImpl
2022-01-10 01:36:01,356 [Listener at 127.0.0.1/45293] INFO  impl.PendingRequests (PendingRequests.java:sendNotLeaderResponses(282)) - b23f1ad7-a0b2-4e94-8fae-08dca861ebf6@group-9AFBBED2F4BD-PendingRequests: sendNotLeaderResponses
2022-01-10 01:36:01,358 [Listener at 127.0.0.1/45293] INFO  impl.StateMachineUpdater (StateMachineUpdater.java:stopAndJoin(149)) - b23f1ad7-a0b2-4e94-8fae-08dca861ebf6@group-9AFBBED2F4BD-StateMachineUpdater: set stopIndex = 0
2022-01-10 01:36:01,358 [b23f1ad7-a0b2-4e94-8fae-08dca861ebf6@group-9AFBBED2F4BD-StateMachineUpdater] INFO  ratis.ContainerStateMachine (ContainerStateMachine.java:takeSnapshot(299)) - group-9AFBBED2F4BD: Taking a snapshot at:(t:4, i:0) file /home/runner/work/ozone/ozone/hadoop-ozone/integration-test/target/test-dir/MiniOzoneClusterImpl-0d56eec3-10f7-4761-be96-039d3fc90906/datanode-1/data/ratis/9f3053c6-37f5-4124-8041-9afbbed2f4bd/sm/snapshot.4_0
2022-01-10 01:36:01,359 [b23f1ad7-a0b2-4e94-8fae-08dca861ebf6@group-9AFBBED2F4BD->418acab8-8601-40ce-b0d4-29efb893f10e-GrpcLogAppender-LogAppenderDaemon] WARN  server.GrpcLogAppender (GrpcLogAppender.java:mayWait(177)) - b23f1ad7-a0b2-4e94-8fae-08dca861ebf6@group-9AFBBED2F4BD->418acab8-8601-40ce-b0d4-29efb893f10e-GrpcLogAppender: Wait interrupted by java.lang.InterruptedException
2022-01-10 01:36:01,361 [grpc-default-executor-3] INFO  server.GrpcServerProtocolService (GrpcServerProtocolService.java:onCompleted(140)) - 418acab8-8601-40ce-b0d4-29efb893f10e: Completed APPEND_ENTRIES, lastRequest: b23f1ad7-a0b2-4e94-8fae-08dca861ebf6->418acab8-8601-40ce-b0d4-29efb893f10e#1-t4,previous=(t:0, i:0),leaderCommit=0,initializing? true,entries: size=1, first=(t:4, i:0), CONFIGURATIONENTRY
2022-01-10 01:36:01,362 [grpc-default-executor-4] INFO  server.GrpcLogAppender (GrpcLogAppender.java:onCompleted(346)) - b23f1ad7-a0b2-4e94-8fae-08dca861ebf6@group-9AFBBED2F4BD->418acab8-8601-40ce-b0d4-29efb893f10e-AppendLogResponseHandler: follower responses appendEntries COMPLETED
2022-01-10 01:36:01,365 [grpc-default-executor-4] INFO  leader.FollowerInfo (FollowerInfoImpl.java:lambda$new$0(47)) - b23f1ad7-a0b2-4e94-8fae-08dca861ebf6@group-9AFBBED2F4BD->418acab8-8601-40ce-b0d4-29efb893f10e: nextIndex: updateUnconditionally 1 -> 0
2022-01-10 01:36:01,360 [b23f1ad7-a0b2-4e94-8fae-08dca861ebf6@group-9AFBBED2F4BD->1c4647c1-9eb4-4b4c-a480-999e321429b2-GrpcLogAppender-LogAppenderDaemon] WARN  server.GrpcLogAppender (GrpcLogAppender.java:mayWait(177)) - b23f1ad7-a0b2-4e94-8fae-08dca861ebf6@group-9AFBBED2F4BD->1c4647c1-9eb4-4b4c-a480-999e321429b2-GrpcLogAppender: Wait interrupted by java.lang.InterruptedException
2022-01-10 01:36:01,366 [grpc-default-executor-4] INFO  server.GrpcServerProtocolService (GrpcServerProtocolService.java:onCompleted(140)) - 1c4647c1-9eb4-4b4c-a480-999e321429b2: Completed APPEND_ENTRIES, lastRequest: b23f1ad7-a0b2-4e94-8fae-08dca861ebf6->1c4647c1-9eb4-4b4c-a480-999e321429b2#1-t4,previous=(t:0, i:0),leaderCommit=0,initializing? true,entries: size=1, first=(t:4, i:0), CONFIGURATIONENTRY
2022-01-10 01:36:01,369 [grpc-default-executor-3] INFO  server.GrpcLogAppender (GrpcLogAppender.java:onCompleted(346)) - b23f1ad7-a0b2-4e94-8fae-08dca861ebf6@group-9AFBBED2F4BD->1c4647c1-9eb4-4b4c-a480-999e321429b2-AppendLogResponseHandler: follower responses appendEntries COMPLETED
2022-01-10 01:36:01,370 [grpc-default-executor-3] INFO  leader.FollowerInfo (FollowerInfoImpl.java:lambda$new$0(47)) - b23f1ad7-a0b2-4e94-8fae-08dca861ebf6@group-9AFBBED2F4BD->1c4647c1-9eb4-4b4c-a480-999e321429b2: nextIndex: updateUnconditionally 1 -> 0
2022-01-10 01:36:01,389 [1c4647c1-9eb4-4b4c-a480-999e321429b2@group-9AFBBED2F4BD-StateMachineUpdater] INFO  ratis.ContainerStateMachine (ContainerStateMachine.java:takeSnapshot(310)) - group-9AFBBED2F4BD: Finished taking a snapshot at:(t:4, i:0) file:/home/runner/work/ozone/ozone/hadoop-ozone/integration-test/target/test-dir/MiniOzoneClusterImpl-0d56eec3-10f7-4761-be96-039d3fc90906/datanode-0/data/ratis/9f3053c6-37f5-4124-8041-9afbbed2f4bd/sm/snapshot.4_0 took: 36 ms
2022-01-10 01:36:01,389 [b23f1ad7-a0b2-4e94-8fae-08dca861ebf6@group-9AFBBED2F4BD-StateMachineUpdater] INFO  ratis.ContainerStateMachine (ContainerStateMachine.java:takeSnapshot(310)) - group-9AFBBED2F4BD: Finished taking a snapshot at:(t:4, i:0) file:/home/runner/work/ozone/ozone/hadoop-ozone/integration-test/target/test-dir/MiniOzoneClusterImpl-0d56eec3-10f7-4761-be96-039d3fc90906/datanode-1/data/ratis/9f3053c6-37f5-4124-8041-9afbbed2f4bd/sm/snapshot.4_0 took: 30 ms
2022-01-10 01:36:01,390 [b23f1ad7-a0b2-4e94-8fae-08dca861ebf6@group-9AFBBED2F4BD-StateMachineUpdater] INFO  impl.StateMachineUpdater (StateMachineUpdater.java:takeSnapshot(281)) - b23f1ad7-a0b2-4e94-8fae-08dca861ebf6@group-9AFBBED2F4BD-StateMachineUpdater: Took a snapshot at index 0
2022-01-10 01:36:01,390 [b23f1ad7-a0b2-4e94-8fae-08dca861ebf6@group-9AFBBED2F4BD-StateMachineUpdater] INFO  impl.StateMachineUpdater (StateMachineUpdater.java:lambda$new$0(89)) - b23f1ad7-a0b2-4e94-8fae-08dca861ebf6@group-9AFBBED2F4BD-StateMachineUpdater: snapshotIndex: updateIncreasingly -1 -> 0
2022-01-10 01:36:01,390 [1c4647c1-9eb4-4b4c-a480-999e321429b2@group-9AFBBED2F4BD-StateMachineUpdater] INFO  impl.StateMachineUpdater (StateMachineUpdater.java:takeSnapshot(281)) - 1c4647c1-9eb4-4b4c-a480-999e321429b2@group-9AFBBED2F4BD-StateMachineUpdater: Took a snapshot at index 0
2022-01-10 01:36:01,390 [1c4647c1-9eb4-4b4c-a480-999e321429b2@group-9AFBBED2F4BD-StateMachineUpdater] INFO  impl.StateMachineUpdater (StateMachineUpdater.java:lambda$new$0(89)) - 1c4647c1-9eb4-4b4c-a480-999e321429b2@group-9AFBBED2F4BD-StateMachineUpdater: snapshotIndex: updateIncreasingly -1 -> 0
2022-01-10 01:36:01,394 [Listener at 127.0.0.1/45293] INFO  server.RaftServer$Division (ServerState.java:close(419)) - b23f1ad7-a0b2-4e94-8fae-08dca861ebf6@group-9AFBBED2F4BD: closes. applyIndex: 0
2022-01-10 01:36:01,394 [ForkJoinPool.commonPool-worker-1] INFO  server.RaftServer$Division (ServerState.java:close(419)) - 1c4647c1-9eb4-4b4c-a480-999e321429b2@group-9AFBBED2F4BD: closes. applyIndex: 0
2022-01-10 01:36:01,394 [b23f1ad7-a0b2-4e94-8fae-08dca861ebf6@group-9AFBBED2F4BD-SegmentedRaftLogWorker] INFO  segmented.SegmentedRaftLogWorker (SegmentedRaftLogWorker.java:run(327)) - b23f1ad7-a0b2-4e94-8fae-08dca861ebf6@group-9AFBBED2F4BD-SegmentedRaftLogWorker was interrupted, exiting. There are 0 tasks remaining in the queue.
2022-01-10 01:36:01,394 [1c4647c1-9eb4-4b4c-a480-999e321429b2@group-9AFBBED2F4BD-SegmentedRaftLogWorker] INFO  segmented.SegmentedRaftLogWorker (SegmentedRaftLogWorker.java:run(327)) - 1c4647c1-9eb4-4b4c-a480-999e321429b2@group-9AFBBED2F4BD-SegmentedRaftLogWorker was interrupted, exiting. There are 0 tasks remaining in the queue.
2022-01-10 01:36:01,395 [ForkJoinPool.commonPool-worker-1] INFO  segmented.SegmentedRaftLogWorker (SegmentedRaftLogWorker.java:close(237)) - 1c4647c1-9eb4-4b4c-a480-999e321429b2@group-9AFBBED2F4BD-SegmentedRaftLogWorker close()
2022-01-10 01:36:01,395 [Listener at 127.0.0.1/45293] INFO  segmented.SegmentedRaftLogWorker (SegmentedRaftLogWorker.java:close(237)) - b23f1ad7-a0b2-4e94-8fae-08dca861ebf6@group-9AFBBED2F4BD-SegmentedRaftLogWorker close()
2022-01-10 01:36:01,395 [ForkJoinPool.commonPool-worker-1] INFO  server.RaftServer$Division (RaftServerImpl.java:lambda$close$4(412)) - 1c4647c1-9eb4-4b4c-a480-999e321429b2@group-DCAB1699D8F3: shutdown
2022-01-10 01:36:01,396 [ForkJoinPool.commonPool-worker-1] INFO  util.JmxRegister (JmxRegister.java:unregister(73)) - Successfully un-registered JMX Bean with object name Ratis:service=RaftServer,group=group-DCAB1699D8F3,id=1c4647c1-9eb4-4b4c-a480-999e321429b2
2022-01-10 01:36:01,396 [ForkJoinPool.commonPool-worker-1] INFO  impl.RoleInfo (RoleInfo.java:shutdownLeaderState(91)) - 1c4647c1-9eb4-4b4c-a480-999e321429b2: shutdown 1c4647c1-9eb4-4b4c-a480-999e321429b2@group-DCAB1699D8F3-LeaderStateImpl
2022-01-10 01:36:01,396 [1c4647c1-9eb4-4b4c-a480-999e321429b2@group-DCAB1699D8F3->418acab8-8601-40ce-b0d4-29efb893f10e-GrpcLogAppender-LogAppenderDaemon] WARN  server.GrpcLogAppender (GrpcLogAppender.java:mayWait(177)) - 1c4647c1-9eb4-4b4c-a480-999e321429b2@group-DCAB1699D8F3->418acab8-8601-40ce-b0d4-29efb893f10e-GrpcLogAppender: Wait interrupted by java.lang.InterruptedException
2022-01-10 01:36:01,396 [1c4647c1-9eb4-4b4c-a480-999e321429b2@group-DCAB1699D8F3->b23f1ad7-a0b2-4e94-8fae-08dca861ebf6-GrpcLogAppender-LogAppenderDaemon] WARN  server.GrpcLogAppender (GrpcLogAppender.java:mayWait(177)) - 1c4647c1-9eb4-4b4c-a480-999e321429b2@group-DCAB1699D8F3->b23f1ad7-a0b2-4e94-8fae-08dca861ebf6-GrpcLogAppender: Wait interrupted by java.lang.InterruptedException
2022-01-10 01:36:01,397 [Listener at 127.0.0.1/45293] INFO  server.RaftServer$Division (RaftServerImpl.java:lambda$close$4(412)) - b23f1ad7-a0b2-4e94-8fae-08dca861ebf6@group-DCAB1699D8F3: shutdown
2022-01-10 01:36:01,397 [Listener at 127.0.0.1/45293] INFO  util.JmxRegister (JmxRegister.java:unregister(73)) - Successfully un-registered JMX Bean with object name Ratis:service=RaftServer,group=group-DCAB1699D8F3,id=b23f1ad7-a0b2-4e94-8fae-08dca861ebf6
2022-01-10 01:36:01,397 [Listener at 127.0.0.1/45293] INFO  impl.RoleInfo (RoleInfo.java:shutdownFollowerState(108)) - b23f1ad7-a0b2-4e94-8fae-08dca861ebf6: shutdown b23f1ad7-a0b2-4e94-8fae-08dca861ebf6@group-DCAB1699D8F3-FollowerState
2022-01-10 01:36:01,397 [Listener at 127.0.0.1/45293] INFO  impl.StateMachineUpdater (StateMachineUpdater.java:stopAndJoin(149)) - b23f1ad7-a0b2-4e94-8fae-08dca861ebf6@group-DCAB1699D8F3-StateMachineUpdater: set stopIndex = 26
2022-01-10 01:36:01,398 [b23f1ad7-a0b2-4e94-8fae-08dca861ebf6@group-DCAB1699D8F3-StateMachineUpdater] INFO  ratis.ContainerStateMachine (ContainerStateMachine.java:takeSnapshot(299)) - group-DCAB1699D8F3: Taking a snapshot at:(t:1, i:26) file /home/runner/work/ozone/ozone/hadoop-ozone/integration-test/target/test-dir/MiniOzoneClusterImpl-0d56eec3-10f7-4761-be96-039d3fc90906/datanode-1/data/ratis/edff1748-c92d-4f19-ac96-dcab1699d8f3/sm/snapshot.1_26
2022-01-10 01:36:01,398 [b23f1ad7-a0b2-4e94-8fae-08dca861ebf6@group-DCAB1699D8F3-FollowerState] INFO  impl.FollowerState (FollowerState.java:run(143)) - b23f1ad7-a0b2-4e94-8fae-08dca861ebf6@group-DCAB1699D8F3-FollowerState was interrupted: {}
java.lang.InterruptedException: sleep interrupted
	at java.lang.Thread.sleep(Native Method)
	at java.lang.Thread.sleep(Thread.java:340)
	at java.util.concurrent.TimeUnit.sleep(TimeUnit.java:386)
	at org.apache.ratis.util.TimeDuration.sleep(TimeDuration.java:324)
	at org.apache.ratis.util.TimeDuration.sleep(TimeDuration.java:309)
	at org.apache.ratis.server.impl.FollowerState.run(FollowerState.java:118)
2022-01-10 01:36:01,398 [grpc-default-executor-3] INFO  server.GrpcServerProtocolService (GrpcServerProtocolService.java:onCompleted(140)) - b23f1ad7-a0b2-4e94-8fae-08dca861ebf6: Completed APPEND_ENTRIES, lastRequest: 1c4647c1-9eb4-4b4c-a480-999e321429b2->b23f1ad7-a0b2-4e94-8fae-08dca861ebf6#273-t1,previous=(t:1, i:25),leaderCommit=24,initializing? true,entries: size=1, first=(t:1, i:26), METADATAENTRY(c:24)
2022-01-10 01:36:01,399 [grpc-default-executor-2] INFO  server.GrpcLogAppender (GrpcLogAppender.java:onCompleted(346)) - 1c4647c1-9eb4-4b4c-a480-999e321429b2@group-DCAB1699D8F3->b23f1ad7-a0b2-4e94-8fae-08dca861ebf6-AppendLogResponseHandler: follower responses appendEntries COMPLETED
2022-01-10 01:36:01,399 [grpc-default-executor-2] INFO  leader.FollowerInfo (FollowerInfoImpl.java:lambda$new$0(47)) - 1c4647c1-9eb4-4b4c-a480-999e321429b2@group-DCAB1699D8F3->b23f1ad7-a0b2-4e94-8fae-08dca861ebf6: nextIndex: updateUnconditionally 27 -> 26
2022-01-10 01:36:01,396 [ForkJoinPool.commonPool-worker-1] INFO  impl.PendingRequests (PendingRequests.java:sendNotLeaderResponses(282)) - 1c4647c1-9eb4-4b4c-a480-999e321429b2@group-DCAB1699D8F3-PendingRequests: sendNotLeaderResponses
2022-01-10 01:36:01,400 [grpc-default-executor-4] INFO  server.GrpcServerProtocolService (GrpcServerProtocolService.java:onCompleted(140)) - 418acab8-8601-40ce-b0d4-29efb893f10e: Completed APPEND_ENTRIES, lastRequest: 1c4647c1-9eb4-4b4c-a480-999e321429b2->418acab8-8601-40ce-b0d4-29efb893f10e#276-t1,previous=(t:1, i:25),leaderCommit=24,initializing? true,entries: size=1, first=(t:1, i:26), METADATAENTRY(c:24)
2022-01-10 01:36:01,402 [grpc-default-executor-4] INFO  server.GrpcLogAppender (GrpcLogAppender.java:onCompleted(346)) - 1c4647c1-9eb4-4b4c-a480-999e321429b2@group-DCAB1699D8F3->418acab8-8601-40ce-b0d4-29efb893f10e-AppendLogResponseHandler: follower responses appendEntries COMPLETED
2022-01-10 01:36:01,402 [grpc-default-executor-4] INFO  leader.FollowerInfo (FollowerInfoImpl.java:lambda$new$0(47)) - 1c4647c1-9eb4-4b4c-a480-999e321429b2@group-DCAB1699D8F3->418acab8-8601-40ce-b0d4-29efb893f10e: nextIndex: updateUnconditionally 27 -> 26
2022-01-10 01:36:01,403 [ForkJoinPool.commonPool-worker-1] INFO  impl.StateMachineUpdater (StateMachineUpdater.java:stopAndJoin(149)) - 1c4647c1-9eb4-4b4c-a480-999e321429b2@group-DCAB1699D8F3-StateMachineUpdater: set stopIndex = 26
2022-01-10 01:36:01,407 [1c4647c1-9eb4-4b4c-a480-999e321429b2@group-DCAB1699D8F3-StateMachineUpdater] INFO  ratis.ContainerStateMachine (ContainerStateMachine.java:takeSnapshot(299)) - group-DCAB1699D8F3: Taking a snapshot at:(t:1, i:26) file /home/runner/work/ozone/ozone/hadoop-ozone/integration-test/target/test-dir/MiniOzoneClusterImpl-0d56eec3-10f7-4761-be96-039d3fc90906/datanode-0/data/ratis/edff1748-c92d-4f19-ac96-dcab1699d8f3/sm/snapshot.1_26
2022-01-10 01:36:01,407 [b23f1ad7-a0b2-4e94-8fae-08dca861ebf6@group-DCAB1699D8F3-StateMachineUpdater] INFO  ratis.ContainerStateMachine (ContainerStateMachine.java:takeSnapshot(310)) - group-DCAB1699D8F3: Finished taking a snapshot at:(t:1, i:26) file:/home/runner/work/ozone/ozone/hadoop-ozone/integration-test/target/test-dir/MiniOzoneClusterImpl-0d56eec3-10f7-4761-be96-039d3fc90906/datanode-1/data/ratis/edff1748-c92d-4f19-ac96-dcab1699d8f3/sm/snapshot.1_26 took: 9 ms
2022-01-10 01:36:01,407 [b23f1ad7-a0b2-4e94-8fae-08dca861ebf6@group-DCAB1699D8F3-StateMachineUpdater] INFO  impl.StateMachineUpdater (StateMachineUpdater.java:takeSnapshot(281)) - b23f1ad7-a0b2-4e94-8fae-08dca861ebf6@group-DCAB1699D8F3-StateMachineUpdater: Took a snapshot at index 26
2022-01-10 01:36:01,407 [b23f1ad7-a0b2-4e94-8fae-08dca861ebf6@group-DCAB1699D8F3-StateMachineUpdater] INFO  impl.StateMachineUpdater (StateMachineUpdater.java:lambda$new$0(89)) - b23f1ad7-a0b2-4e94-8fae-08dca861ebf6@group-DCAB1699D8F3-StateMachineUpdater: snapshotIndex: updateIncreasingly -1 -> 26
2022-01-10 01:36:01,408 [1c4647c1-9eb4-4b4c-a480-999e321429b2@group-DCAB1699D8F3-StateMachineUpdater] INFO  ratis.ContainerStateMachine (ContainerStateMachine.java:takeSnapshot(310)) - group-DCAB1699D8F3: Finished taking a snapshot at:(t:1, i:26) file:/home/runner/work/ozone/ozone/hadoop-ozone/integration-test/target/test-dir/MiniOzoneClusterImpl-0d56eec3-10f7-4761-be96-039d3fc90906/datanode-0/data/ratis/edff1748-c92d-4f19-ac96-dcab1699d8f3/sm/snapshot.1_26 took: 2 ms
2022-01-10 01:36:01,409 [1c4647c1-9eb4-4b4c-a480-999e321429b2@group-DCAB1699D8F3-StateMachineUpdater] INFO  impl.StateMachineUpdater (StateMachineUpdater.java:takeSnapshot(281)) - 1c4647c1-9eb4-4b4c-a480-999e321429b2@group-DCAB1699D8F3-StateMachineUpdater: Took a snapshot at index 26
2022-01-10 01:36:01,409 [1c4647c1-9eb4-4b4c-a480-999e321429b2@group-DCAB1699D8F3-StateMachineUpdater] INFO  impl.StateMachineUpdater (StateMachineUpdater.java:lambda$new$0(89)) - 1c4647c1-9eb4-4b4c-a480-999e321429b2@group-DCAB1699D8F3-StateMachineUpdater: snapshotIndex: updateIncreasingly -1 -> 26
2022-01-10 01:36:01,409 [ForkJoinPool.commonPool-worker-1] INFO  server.RaftServer$Division (ServerState.java:close(419)) - 1c4647c1-9eb4-4b4c-a480-999e321429b2@group-DCAB1699D8F3: closes. applyIndex: 26
2022-01-10 01:36:01,410 [1c4647c1-9eb4-4b4c-a480-999e321429b2@group-DCAB1699D8F3-SegmentedRaftLogWorker] INFO  segmented.SegmentedRaftLogWorker (SegmentedRaftLogWorker.java:run(327)) - 1c4647c1-9eb4-4b4c-a480-999e321429b2@group-DCAB1699D8F3-SegmentedRaftLogWorker was interrupted, exiting. There are 0 tasks remaining in the queue.
2022-01-10 01:36:01,410 [ForkJoinPool.commonPool-worker-1] INFO  segmented.SegmentedRaftLogWorker (SegmentedRaftLogWorker.java:close(237)) - 1c4647c1-9eb4-4b4c-a480-999e321429b2@group-DCAB1699D8F3-SegmentedRaftLogWorker close()
2022-01-10 01:36:01,410 [ForkJoinPool.commonPool-worker-1] INFO  server.RaftServer$Division (RaftServerImpl.java:lambda$close$4(412)) - 1c4647c1-9eb4-4b4c-a480-999e321429b2@group-941DB5E82B9E: shutdown
2022-01-10 01:36:01,410 [ForkJoinPool.commonPool-worker-1] INFO  util.JmxRegister (JmxRegister.java:unregister(73)) - Successfully un-registered JMX Bean with object name Ratis:service=RaftServer,group=group-941DB5E82B9E,id=1c4647c1-9eb4-4b4c-a480-999e321429b2
2022-01-10 01:36:01,411 [ForkJoinPool.commonPool-worker-1] INFO  impl.RoleInfo (RoleInfo.java:shutdownLeaderState(91)) - 1c4647c1-9eb4-4b4c-a480-999e321429b2: shutdown 1c4647c1-9eb4-4b4c-a480-999e321429b2@group-941DB5E82B9E-LeaderStateImpl
2022-01-10 01:36:01,411 [ForkJoinPool.commonPool-worker-1] INFO  impl.PendingRequests (PendingRequests.java:sendNotLeaderResponses(282)) - 1c4647c1-9eb4-4b4c-a480-999e321429b2@group-941DB5E82B9E-PendingRequests: sendNotLeaderResponses
2022-01-10 01:36:01,410 [Listener at 127.0.0.1/45293] INFO  server.RaftServer$Division (ServerState.java:close(419)) - b23f1ad7-a0b2-4e94-8fae-08dca861ebf6@group-DCAB1699D8F3: closes. applyIndex: 26
2022-01-10 01:36:01,411 [b23f1ad7-a0b2-4e94-8fae-08dca861ebf6@group-DCAB1699D8F3-SegmentedRaftLogWorker] INFO  segmented.SegmentedRaftLogWorker (SegmentedRaftLogWorker.java:run(327)) - b23f1ad7-a0b2-4e94-8fae-08dca861ebf6@group-DCAB1699D8F3-SegmentedRaftLogWorker was interrupted, exiting. There are 0 tasks remaining in the queue.
2022-01-10 01:36:01,411 [1c4647c1-9eb4-4b4c-a480-999e321429b2@group-941DB5E82B9E-StateMachineUpdater] INFO  ratis.ContainerStateMachine (ContainerStateMachine.java:takeSnapshot(299)) - group-941DB5E82B9E: Taking a snapshot at:(t:1, i:0) file /home/runner/work/ozone/ozone/hadoop-ozone/integration-test/target/test-dir/MiniOzoneClusterImpl-0d56eec3-10f7-4761-be96-039d3fc90906/datanode-0/data/ratis/602a001a-d09a-4238-bc1f-941db5e82b9e/sm/snapshot.1_0
2022-01-10 01:36:01,412 [ForkJoinPool.commonPool-worker-1] INFO  impl.StateMachineUpdater (StateMachineUpdater.java:stopAndJoin(149)) - 1c4647c1-9eb4-4b4c-a480-999e321429b2@group-941DB5E82B9E-StateMachineUpdater: set stopIndex = 0
2022-01-10 01:36:01,413 [Listener at 127.0.0.1/45293] INFO  segmented.SegmentedRaftLogWorker (SegmentedRaftLogWorker.java:close(237)) - b23f1ad7-a0b2-4e94-8fae-08dca861ebf6@group-DCAB1699D8F3-SegmentedRaftLogWorker close()
2022-01-10 01:36:01,416 [Listener at 127.0.0.1/45293] INFO  server.RaftServer$Division (RaftServerImpl.java:lambda$close$4(412)) - b23f1ad7-a0b2-4e94-8fae-08dca861ebf6@group-4C78E66B1447: shutdown
2022-01-10 01:36:01,416 [Listener at 127.0.0.1/45293] INFO  util.JmxRegister (JmxRegister.java:unregister(73)) - Successfully un-registered JMX Bean with object name Ratis:service=RaftServer,group=group-4C78E66B1447,id=b23f1ad7-a0b2-4e94-8fae-08dca861ebf6
2022-01-10 01:36:01,416 [Listener at 127.0.0.1/45293] INFO  impl.RoleInfo (RoleInfo.java:shutdownLeaderState(91)) - b23f1ad7-a0b2-4e94-8fae-08dca861ebf6: shutdown b23f1ad7-a0b2-4e94-8fae-08dca861ebf6@group-4C78E66B1447-LeaderStateImpl
2022-01-10 01:36:01,417 [Listener at 127.0.0.1/45293] INFO  impl.PendingRequests (PendingRequests.java:sendNotLeaderResponses(282)) - b23f1ad7-a0b2-4e94-8fae-08dca861ebf6@group-4C78E66B1447-PendingRequests: sendNotLeaderResponses
2022-01-10 01:36:01,417 [b23f1ad7-a0b2-4e94-8fae-08dca861ebf6@group-4C78E66B1447-StateMachineUpdater] INFO  ratis.ContainerStateMachine (ContainerStateMachine.java:takeSnapshot(299)) - group-4C78E66B1447: Taking a snapshot at:(t:1, i:0) file /home/runner/work/ozone/ozone/hadoop-ozone/integration-test/target/test-dir/MiniOzoneClusterImpl-0d56eec3-10f7-4761-be96-039d3fc90906/datanode-1/data/ratis/599b6f3b-460c-45c6-8156-4c78e66b1447/sm/snapshot.1_0
2022-01-10 01:36:01,417 [Listener at 127.0.0.1/45293] INFO  impl.StateMachineUpdater (StateMachineUpdater.java:stopAndJoin(149)) - b23f1ad7-a0b2-4e94-8fae-08dca861ebf6@group-4C78E66B1447-StateMachineUpdater: set stopIndex = 0
2022-01-10 01:36:01,418 [b23f1ad7-a0b2-4e94-8fae-08dca861ebf6@group-4C78E66B1447-StateMachineUpdater] INFO  ratis.ContainerStateMachine (ContainerStateMachine.java:takeSnapshot(310)) - group-4C78E66B1447: Finished taking a snapshot at:(t:1, i:0) file:/home/runner/work/ozone/ozone/hadoop-ozone/integration-test/target/test-dir/MiniOzoneClusterImpl-0d56eec3-10f7-4761-be96-039d3fc90906/datanode-1/data/ratis/599b6f3b-460c-45c6-8156-4c78e66b1447/sm/snapshot.1_0 took: 1 ms
2022-01-10 01:36:01,418 [b23f1ad7-a0b2-4e94-8fae-08dca861ebf6@group-4C78E66B1447-StateMachineUpdater] INFO  impl.StateMachineUpdater (StateMachineUpdater.java:takeSnapshot(281)) - b23f1ad7-a0b2-4e94-8fae-08dca861ebf6@group-4C78E66B1447-StateMachineUpdater: Took a snapshot at index 0
2022-01-10 01:36:01,418 [b23f1ad7-a0b2-4e94-8fae-08dca861ebf6@group-4C78E66B1447-StateMachineUpdater] INFO  impl.StateMachineUpdater (StateMachineUpdater.java:lambda$new$0(89)) - b23f1ad7-a0b2-4e94-8fae-08dca861ebf6@group-4C78E66B1447-StateMachineUpdater: snapshotIndex: updateIncreasingly -1 -> 0
2022-01-10 01:36:01,418 [Listener at 127.0.0.1/45293] INFO  server.RaftServer$Division (ServerState.java:close(419)) - b23f1ad7-a0b2-4e94-8fae-08dca861ebf6@group-4C78E66B1447: closes. applyIndex: 0
2022-01-10 01:36:01,419 [b23f1ad7-a0b2-4e94-8fae-08dca861ebf6@group-4C78E66B1447-SegmentedRaftLogWorker] INFO  segmented.SegmentedRaftLogWorker (SegmentedRaftLogWorker.java:run(327)) - b23f1ad7-a0b2-4e94-8fae-08dca861ebf6@group-4C78E66B1447-SegmentedRaftLogWorker was interrupted, exiting. There are 0 tasks remaining in the queue.
2022-01-10 01:36:01,419 [Listener at 127.0.0.1/45293] INFO  segmented.SegmentedRaftLogWorker (SegmentedRaftLogWorker.java:close(237)) - b23f1ad7-a0b2-4e94-8fae-08dca861ebf6@group-4C78E66B1447-SegmentedRaftLogWorker close()
2022-01-10 01:36:01,419 [1c4647c1-9eb4-4b4c-a480-999e321429b2@group-941DB5E82B9E-StateMachineUpdater] INFO  ratis.ContainerStateMachine (ContainerStateMachine.java:takeSnapshot(310)) - group-941DB5E82B9E: Finished taking a snapshot at:(t:1, i:0) file:/home/runner/work/ozone/ozone/hadoop-ozone/integration-test/target/test-dir/MiniOzoneClusterImpl-0d56eec3-10f7-4761-be96-039d3fc90906/datanode-0/data/ratis/602a001a-d09a-4238-bc1f-941db5e82b9e/sm/snapshot.1_0 took: 8 ms
2022-01-10 01:36:01,419 [Listener at 127.0.0.1/45293] INFO  server.GrpcService (GrpcService.java:closeImpl(262)) - b23f1ad7-a0b2-4e94-8fae-08dca861ebf6: shutdown server with port 44273 now
2022-01-10 01:36:01,420 [1c4647c1-9eb4-4b4c-a480-999e321429b2@group-941DB5E82B9E-StateMachineUpdater] INFO  impl.StateMachineUpdater (StateMachineUpdater.java:takeSnapshot(281)) - 1c4647c1-9eb4-4b4c-a480-999e321429b2@group-941DB5E82B9E-StateMachineUpdater: Took a snapshot at index 0
2022-01-10 01:36:01,420 [1c4647c1-9eb4-4b4c-a480-999e321429b2@group-941DB5E82B9E-StateMachineUpdater] INFO  impl.StateMachineUpdater (StateMachineUpdater.java:lambda$new$0(89)) - 1c4647c1-9eb4-4b4c-a480-999e321429b2@group-941DB5E82B9E-StateMachineUpdater: snapshotIndex: updateIncreasingly -1 -> 0
2022-01-10 01:36:01,420 [ForkJoinPool.commonPool-worker-1] INFO  server.RaftServer$Division (ServerState.java:close(419)) - 1c4647c1-9eb4-4b4c-a480-999e321429b2@group-941DB5E82B9E: closes. applyIndex: 0
2022-01-10 01:36:01,420 [1c4647c1-9eb4-4b4c-a480-999e321429b2@group-941DB5E82B9E-SegmentedRaftLogWorker] INFO  segmented.SegmentedRaftLogWorker (SegmentedRaftLogWorker.java:run(327)) - 1c4647c1-9eb4-4b4c-a480-999e321429b2@group-941DB5E82B9E-SegmentedRaftLogWorker was interrupted, exiting. There are 0 tasks remaining in the queue.
2022-01-10 01:36:01,424 [ForkJoinPool.commonPool-worker-1] INFO  segmented.SegmentedRaftLogWorker (SegmentedRaftLogWorker.java:close(237)) - 1c4647c1-9eb4-4b4c-a480-999e321429b2@group-941DB5E82B9E-SegmentedRaftLogWorker close()
2022-01-10 01:36:01,426 [ForkJoinPool.commonPool-worker-1] INFO  server.GrpcService (GrpcService.java:closeImpl(262)) - 1c4647c1-9eb4-4b4c-a480-999e321429b2: shutdown server with port 38537 now
2022-01-10 01:36:01,432 [grpc-default-executor-3] WARN  client.GrpcClientProtocolService (LogUtils.java:warn(122)) - 1-UnorderedRequestStreamObserver1: onError: org.apache.ratis.thirdparty.io.grpc.StatusRuntimeException: CANCELLED: client cancelled
2022-01-10 01:36:01,435 [Listener at 127.0.0.1/45293] INFO  server.GrpcService (GrpcService.java:closeImpl(271)) - b23f1ad7-a0b2-4e94-8fae-08dca861ebf6: shutdown server with port 44273 successfully
2022-01-10 01:36:01,436 [org.apache.ratis.util.JvmPauseMonitor$$Lambda$529/1957356322@6fc21eae] INFO  util.JvmPauseMonitor (JvmPauseMonitor.java:run(109)) - JvmPauseMonitor-b23f1ad7-a0b2-4e94-8fae-08dca861ebf6: Stopped
2022-01-10 01:36:01,437 [ForkJoinPool.commonPool-worker-1] INFO  server.GrpcService (GrpcService.java:closeImpl(271)) - 1c4647c1-9eb4-4b4c-a480-999e321429b2: shutdown server with port 38537 successfully
2022-01-10 01:36:01,440 [org.apache.ratis.util.JvmPauseMonitor$$Lambda$529/1957356322@2e6986f1] INFO  util.JvmPauseMonitor (JvmPauseMonitor.java:run(109)) - JvmPauseMonitor-1c4647c1-9eb4-4b4c-a480-999e321429b2: Stopped
2022-01-10 01:36:03,452 [ForkJoinPool.commonPool-worker-1] INFO  utils.BackgroundService (BackgroundService.java:shutdown(132)) - Shutting down service BlockDeletingService
2022-01-10 01:36:03,452 [Listener at 127.0.0.1/45293] INFO  utils.BackgroundService (BackgroundService.java:shutdown(132)) - Shutting down service BlockDeletingService
2022-01-10 01:36:05,895 [418acab8-8601-40ce-b0d4-29efb893f10e@group-DCAB1699D8F3-FollowerState] INFO  impl.FollowerState (FollowerState.java:run(134)) - 418acab8-8601-40ce-b0d4-29efb893f10e@group-DCAB1699D8F3-FollowerState: change to CANDIDATE, lastRpcElapsedTime:6324783028ns, electionTimeout:5076ms
2022-01-10 01:36:05,896 [418acab8-8601-40ce-b0d4-29efb893f10e@group-DCAB1699D8F3-FollowerState] INFO  impl.RoleInfo (RoleInfo.java:shutdownFollowerState(108)) - 418acab8-8601-40ce-b0d4-29efb893f10e: shutdown 418acab8-8601-40ce-b0d4-29efb893f10e@group-DCAB1699D8F3-FollowerState
2022-01-10 01:36:05,896 [418acab8-8601-40ce-b0d4-29efb893f10e@group-DCAB1699D8F3-FollowerState] INFO  server.RaftServer$Division (RaftServerImpl.java:setRole(290)) - 418acab8-8601-40ce-b0d4-29efb893f10e@group-DCAB1699D8F3: changes role from  FOLLOWER to CANDIDATE at term 1 for changeToCandidate
2022-01-10 01:36:05,896 [418acab8-8601-40ce-b0d4-29efb893f10e@group-DCAB1699D8F3-FollowerState] INFO  server.RaftServerConfigKeys (ConfUtils.java:logGet(44)) - raft.server.leaderelection.pre-vote = false (custom)
2022-01-10 01:36:05,896 [418acab8-8601-40ce-b0d4-29efb893f10e@group-DCAB1699D8F3-FollowerState] INFO  impl.RoleInfo (RoleInfo.java:updateAndGet(130)) - 418acab8-8601-40ce-b0d4-29efb893f10e: start 418acab8-8601-40ce-b0d4-29efb893f10e@group-DCAB1699D8F3-LeaderElection14
2022-01-10 01:36:05,899 [418acab8-8601-40ce-b0d4-29efb893f10e@group-DCAB1699D8F3-LeaderElection14] INFO  server.RaftServer$Division (ServerState.java:setLeader(285)) - 418acab8-8601-40ce-b0d4-29efb893f10e@group-DCAB1699D8F3: change Leader from 1c4647c1-9eb4-4b4c-a480-999e321429b2 to null at term 1 for ELECTION
2022-01-10 01:36:05,905 [418acab8-8601-40ce-b0d4-29efb893f10e@group-DCAB1699D8F3-LeaderElection14] INFO  impl.LeaderElection (LeaderElection.java:askForVotes(306)) - 418acab8-8601-40ce-b0d4-29efb893f10e@group-DCAB1699D8F3-LeaderElection14 ELECTION round 0: submit vote requests at term 2 for 0: [1c4647c1-9eb4-4b4c-a480-999e321429b2|rpc:10.1.0.8:38537|dataStream:|priority:1, b23f1ad7-a0b2-4e94-8fae-08dca861ebf6|rpc:10.1.0.8:44273|dataStream:|priority:0, 418acab8-8601-40ce-b0d4-29efb893f10e|rpc:10.1.0.8:32915|dataStream:|priority:0], old=null
2022-01-10 01:36:05,926 [418acab8-8601-40ce-b0d4-29efb893f10e@group-DCAB1699D8F3-LeaderElection14] INFO  impl.LeaderElection (LogUtils.java:infoOrTrace(137)) - 418acab8-8601-40ce-b0d4-29efb893f10e@group-DCAB1699D8F3-LeaderElection14 got exception when requesting votes: java.util.concurrent.ExecutionException: org.apache.ratis.thirdparty.io.grpc.StatusRuntimeException: UNAVAILABLE: io exception
2022-01-10 01:36:05,926 [418acab8-8601-40ce-b0d4-29efb893f10e@group-DCAB1699D8F3-LeaderElection14] INFO  impl.LeaderElection (LogUtils.java:infoOrTrace(137)) - 418acab8-8601-40ce-b0d4-29efb893f10e@group-DCAB1699D8F3-LeaderElection14 got exception when requesting votes: java.util.concurrent.ExecutionException: org.apache.ratis.thirdparty.io.grpc.StatusRuntimeException: UNAVAILABLE: io exception
2022-01-10 01:36:05,926 [418acab8-8601-40ce-b0d4-29efb893f10e@group-DCAB1699D8F3-LeaderElection14] INFO  impl.LeaderElection (LeaderElection.java:logAndReturn(89)) - 418acab8-8601-40ce-b0d4-29efb893f10e@group-DCAB1699D8F3-LeaderElection14: ELECTION REJECTED received 0 response(s) and 2 exception(s):
2022-01-10 01:36:05,926 [418acab8-8601-40ce-b0d4-29efb893f10e@group-DCAB1699D8F3-LeaderElection14] INFO  impl.LeaderElection (LogUtils.java:infoOrTrace(137)) -   Exception 0: java.util.concurrent.ExecutionException: org.apache.ratis.thirdparty.io.grpc.StatusRuntimeException: UNAVAILABLE: io exception
2022-01-10 01:36:05,926 [418acab8-8601-40ce-b0d4-29efb893f10e@group-DCAB1699D8F3-LeaderElection14] INFO  impl.LeaderElection (LogUtils.java:infoOrTrace(137)) -   Exception 1: java.util.concurrent.ExecutionException: org.apache.ratis.thirdparty.io.grpc.StatusRuntimeException: UNAVAILABLE: io exception
2022-01-10 01:36:05,926 [418acab8-8601-40ce-b0d4-29efb893f10e@group-DCAB1699D8F3-LeaderElection14] INFO  impl.LeaderElection (LeaderElection.java:askForVotes(308)) - 418acab8-8601-40ce-b0d4-29efb893f10e@group-DCAB1699D8F3-LeaderElection14 ELECTION round 0: result REJECTED
2022-01-10 01:36:05,927 [418acab8-8601-40ce-b0d4-29efb893f10e@group-DCAB1699D8F3-LeaderElection14] INFO  server.RaftServer$Division (RaftServerImpl.java:setRole(290)) - 418acab8-8601-40ce-b0d4-29efb893f10e@group-DCAB1699D8F3: changes role from CANDIDATE to FOLLOWER at term 2 for REJECTED
2022-01-10 01:36:05,927 [418acab8-8601-40ce-b0d4-29efb893f10e@group-DCAB1699D8F3-LeaderElection14] INFO  impl.RoleInfo (RoleInfo.java:shutdownLeaderElection(121)) - 418acab8-8601-40ce-b0d4-29efb893f10e: shutdown 418acab8-8601-40ce-b0d4-29efb893f10e@group-DCAB1699D8F3-LeaderElection14
2022-01-10 01:36:05,930 [418acab8-8601-40ce-b0d4-29efb893f10e@group-DCAB1699D8F3-LeaderElection14] INFO  impl.RoleInfo (RoleInfo.java:updateAndGet(130)) - 418acab8-8601-40ce-b0d4-29efb893f10e: start 418acab8-8601-40ce-b0d4-29efb893f10e@group-DCAB1699D8F3-FollowerState
2022-01-10 01:36:06,456 [Listener at 127.0.0.1/45293] INFO  statemachine.DatanodeStateMachine (DatanodeStateMachine.java:stopDaemon(526)) - Ozone container server stopped.
2022-01-10 01:36:06,457 [Listener at 127.0.0.1/45293] INFO  handler.ContextHandler (ContextHandler.java:doStop(1153)) - Stopped o.e.j.w.WebAppContext@56926ff1{hddsDatanode,/,null,STOPPED}{jar:file:/home/runner/.m2/repository/org/apache/ozone/hdds-container-service/1.3.0-SNAPSHOT/hdds-container-service-1.3.0-SNAPSHOT.jar!/webapps/hddsDatanode}
2022-01-10 01:36:06,458 [Listener at 127.0.0.1/45293] INFO  server.AbstractConnector (AbstractConnector.java:doStop(381)) - Stopped ServerConnector@129e6f3a{HTTP/1.1, (http/1.1)}{0.0.0.0:0}
2022-01-10 01:36:06,458 [Listener at 127.0.0.1/45293] INFO  server.session (HouseKeeper.java:stopScavenging(149)) - node0 Stopped scavenging
2022-01-10 01:36:06,458 [Listener at 127.0.0.1/45293] INFO  handler.ContextHandler (ContextHandler.java:doStop(1153)) - Stopped o.e.j.s.ServletContextHandler@5eef570{static,/static,jar:file:/home/runner/.m2/repository/org/apache/ozone/hdds-container-service/1.3.0-SNAPSHOT/hdds-container-service-1.3.0-SNAPSHOT.jar!/webapps/static,STOPPED}
2022-01-10 01:36:06,458 [Listener at 127.0.0.1/45293] INFO  handler.ContextHandler (ContextHandler.java:doStop(1153)) - Stopped o.e.j.s.ServletContextHandler@4add8b8d{logs,/logs,file:///home/runner/work/ozone/ozone/hadoop-ozone/integration-test/target/log,STOPPED}
2022-01-10 01:36:06,462 [ForkJoinPool.commonPool-worker-1] INFO  statemachine.DatanodeStateMachine (DatanodeStateMachine.java:stopDaemon(526)) - Ozone container server stopped.
2022-01-10 01:36:06,464 [ForkJoinPool.commonPool-worker-1] INFO  handler.ContextHandler (ContextHandler.java:doStop(1153)) - Stopped o.e.j.w.WebAppContext@5b4e3618{hddsDatanode,/,null,STOPPED}{jar:file:/home/runner/.m2/repository/org/apache/ozone/hdds-container-service/1.3.0-SNAPSHOT/hdds-container-service-1.3.0-SNAPSHOT.jar!/webapps/hddsDatanode}
2022-01-10 01:36:06,464 [ForkJoinPool.commonPool-worker-1] INFO  server.AbstractConnector (AbstractConnector.java:doStop(381)) - Stopped ServerConnector@d0da1d6{HTTP/1.1, (http/1.1)}{0.0.0.0:0}
2022-01-10 01:36:06,464 [ForkJoinPool.commonPool-worker-1] INFO  server.session (HouseKeeper.java:stopScavenging(149)) - node0 Stopped scavenging
2022-01-10 01:36:06,465 [ForkJoinPool.commonPool-worker-1] INFO  handler.ContextHandler (ContextHandler.java:doStop(1153)) - Stopped o.e.j.s.ServletContextHandler@bb0ca30{static,/static,jar:file:/home/runner/.m2/repository/org/apache/ozone/hdds-container-service/1.3.0-SNAPSHOT/hdds-container-service-1.3.0-SNAPSHOT.jar!/webapps/static,STOPPED}
2022-01-10 01:36:06,465 [ForkJoinPool.commonPool-worker-1] INFO  handler.ContextHandler (ContextHandler.java:doStop(1153)) - Stopped o.e.j.s.ServletContextHandler@4c721f6b{logs,/logs,file:///home/runner/work/ozone/ozone/hadoop-ozone/integration-test/target/log,STOPPED}
2022-01-10 01:36:06,559 [418acab8-8601-40ce-b0d4-29efb893f10e@group-9AFBBED2F4BD-FollowerState] INFO  impl.FollowerState (FollowerState.java:run(134)) - 418acab8-8601-40ce-b0d4-29efb893f10e@group-9AFBBED2F4BD-FollowerState: change to CANDIDATE, lastRpcElapsedTime:7510959734ns, electionTimeout:5019ms
2022-01-10 01:36:06,559 [418acab8-8601-40ce-b0d4-29efb893f10e@group-9AFBBED2F4BD-FollowerState] INFO  impl.RoleInfo (RoleInfo.java:shutdownFollowerState(108)) - 418acab8-8601-40ce-b0d4-29efb893f10e: shutdown 418acab8-8601-40ce-b0d4-29efb893f10e@group-9AFBBED2F4BD-FollowerState
2022-01-10 01:36:06,559 [418acab8-8601-40ce-b0d4-29efb893f10e@group-9AFBBED2F4BD-FollowerState] INFO  server.RaftServer$Division (RaftServerImpl.java:setRole(290)) - 418acab8-8601-40ce-b0d4-29efb893f10e@group-9AFBBED2F4BD: changes role from  FOLLOWER to CANDIDATE at term 4 for changeToCandidate
2022-01-10 01:36:06,560 [418acab8-8601-40ce-b0d4-29efb893f10e@group-9AFBBED2F4BD-FollowerState] INFO  server.RaftServerConfigKeys (ConfUtils.java:logGet(44)) - raft.server.leaderelection.pre-vote = false (custom)
2022-01-10 01:36:06,560 [418acab8-8601-40ce-b0d4-29efb893f10e@group-9AFBBED2F4BD-FollowerState] INFO  impl.RoleInfo (RoleInfo.java:updateAndGet(130)) - 418acab8-8601-40ce-b0d4-29efb893f10e: start 418acab8-8601-40ce-b0d4-29efb893f10e@group-9AFBBED2F4BD-LeaderElection15
2022-01-10 01:36:06,562 [418acab8-8601-40ce-b0d4-29efb893f10e@group-9AFBBED2F4BD-LeaderElection15] INFO  server.RaftServer$Division (ServerState.java:setLeader(285)) - 418acab8-8601-40ce-b0d4-29efb893f10e@group-9AFBBED2F4BD: change Leader from b23f1ad7-a0b2-4e94-8fae-08dca861ebf6 to null at term 4 for ELECTION
2022-01-10 01:36:06,575 [418acab8-8601-40ce-b0d4-29efb893f10e@group-9AFBBED2F4BD-LeaderElection15] INFO  impl.LeaderElection (LeaderElection.java:askForVotes(306)) - 418acab8-8601-40ce-b0d4-29efb893f10e@group-9AFBBED2F4BD-LeaderElection15 ELECTION round 0: submit vote requests at term 5 for 0: [1c4647c1-9eb4-4b4c-a480-999e321429b2|rpc:10.1.0.8:38537|dataStream:|priority:0, b23f1ad7-a0b2-4e94-8fae-08dca861ebf6|rpc:10.1.0.8:44273|dataStream:|priority:1, 418acab8-8601-40ce-b0d4-29efb893f10e|rpc:10.1.0.8:32915|dataStream:|priority:0], old=null
2022-01-10 01:36:06,587 [418acab8-8601-40ce-b0d4-29efb893f10e@group-9AFBBED2F4BD-LeaderElection15] INFO  impl.LeaderElection (LogUtils.java:infoOrTrace(137)) - 418acab8-8601-40ce-b0d4-29efb893f10e@group-9AFBBED2F4BD-LeaderElection15 got exception when requesting votes: java.util.concurrent.ExecutionException: org.apache.ratis.thirdparty.io.grpc.StatusRuntimeException: UNAVAILABLE: io exception
2022-01-10 01:36:06,587 [418acab8-8601-40ce-b0d4-29efb893f10e@group-9AFBBED2F4BD-LeaderElection15] INFO  impl.LeaderElection (LogUtils.java:infoOrTrace(137)) - 418acab8-8601-40ce-b0d4-29efb893f10e@group-9AFBBED2F4BD-LeaderElection15 got exception when requesting votes: java.util.concurrent.ExecutionException: org.apache.ratis.thirdparty.io.grpc.StatusRuntimeException: UNAVAILABLE: io exception
2022-01-10 01:36:06,587 [418acab8-8601-40ce-b0d4-29efb893f10e@group-9AFBBED2F4BD-LeaderElection15] INFO  impl.LeaderElection (LeaderElection.java:logAndReturn(89)) - 418acab8-8601-40ce-b0d4-29efb893f10e@group-9AFBBED2F4BD-LeaderElection15: ELECTION REJECTED received 0 response(s) and 2 exception(s):
2022-01-10 01:36:06,587 [418acab8-8601-40ce-b0d4-29efb893f10e@group-9AFBBED2F4BD-LeaderElection15] INFO  impl.LeaderElection (LogUtils.java:infoOrTrace(137)) -   Exception 0: java.util.concurrent.ExecutionException: org.apache.ratis.thirdparty.io.grpc.StatusRuntimeException: UNAVAILABLE: io exception
2022-01-10 01:36:06,587 [418acab8-8601-40ce-b0d4-29efb893f10e@group-9AFBBED2F4BD-LeaderElection15] INFO  impl.LeaderElection (LogUtils.java:infoOrTrace(137)) -   Exception 1: java.util.concurrent.ExecutionException: org.apache.ratis.thirdparty.io.grpc.StatusRuntimeException: UNAVAILABLE: io exception
2022-01-10 01:36:06,587 [418acab8-8601-40ce-b0d4-29efb893f10e@group-9AFBBED2F4BD-LeaderElection15] INFO  impl.LeaderElection (LeaderElection.java:askForVotes(308)) - 418acab8-8601-40ce-b0d4-29efb893f10e@group-9AFBBED2F4BD-LeaderElection15 ELECTION round 0: result REJECTED
2022-01-10 01:36:06,587 [418acab8-8601-40ce-b0d4-29efb893f10e@group-9AFBBED2F4BD-LeaderElection15] INFO  server.RaftServer$Division (RaftServerImpl.java:setRole(290)) - 418acab8-8601-40ce-b0d4-29efb893f10e@group-9AFBBED2F4BD: changes role from CANDIDATE to FOLLOWER at term 5 for REJECTED
2022-01-10 01:36:06,587 [418acab8-8601-40ce-b0d4-29efb893f10e@group-9AFBBED2F4BD-LeaderElection15] INFO  impl.RoleInfo (RoleInfo.java:shutdownLeaderElection(121)) - 418acab8-8601-40ce-b0d4-29efb893f10e: shutdown 418acab8-8601-40ce-b0d4-29efb893f10e@group-9AFBBED2F4BD-LeaderElection15
2022-01-10 01:36:06,587 [418acab8-8601-40ce-b0d4-29efb893f10e@group-9AFBBED2F4BD-LeaderElection15] INFO  impl.RoleInfo (RoleInfo.java:updateAndGet(130)) - 418acab8-8601-40ce-b0d4-29efb893f10e: start 418acab8-8601-40ce-b0d4-29efb893f10e@group-9AFBBED2F4BD-FollowerState
2022-01-10 01:36:11,058 [418acab8-8601-40ce-b0d4-29efb893f10e@group-DCAB1699D8F3-FollowerState] INFO  impl.FollowerState (FollowerState.java:run(134)) - 418acab8-8601-40ce-b0d4-29efb893f10e@group-DCAB1699D8F3-FollowerState: change to CANDIDATE, lastRpcElapsedTime:5127994282ns, electionTimeout:5116ms
2022-01-10 01:36:11,059 [418acab8-8601-40ce-b0d4-29efb893f10e@group-DCAB1699D8F3-FollowerState] INFO  impl.RoleInfo (RoleInfo.java:shutdownFollowerState(108)) - 418acab8-8601-40ce-b0d4-29efb893f10e: shutdown 418acab8-8601-40ce-b0d4-29efb893f10e@group-DCAB1699D8F3-FollowerState
2022-01-10 01:36:11,059 [418acab8-8601-40ce-b0d4-29efb893f10e@group-DCAB1699D8F3-FollowerState] INFO  server.RaftServer$Division (RaftServerImpl.java:setRole(290)) - 418acab8-8601-40ce-b0d4-29efb893f10e@group-DCAB1699D8F3: changes role from  FOLLOWER to CANDIDATE at term 2 for changeToCandidate
2022-01-10 01:36:11,059 [418acab8-8601-40ce-b0d4-29efb893f10e@group-DCAB1699D8F3-FollowerState] INFO  server.RaftServerConfigKeys (ConfUtils.java:logGet(44)) - raft.server.leaderelection.pre-vote = false (custom)
2022-01-10 01:36:11,059 [418acab8-8601-40ce-b0d4-29efb893f10e@group-DCAB1699D8F3-FollowerState] INFO  impl.RoleInfo (RoleInfo.java:updateAndGet(130)) - 418acab8-8601-40ce-b0d4-29efb893f10e: start 418acab8-8601-40ce-b0d4-29efb893f10e@group-DCAB1699D8F3-LeaderElection16
2022-01-10 01:36:11,065 [418acab8-8601-40ce-b0d4-29efb893f10e@group-DCAB1699D8F3-LeaderElection16] INFO  impl.LeaderElection (LeaderElection.java:askForVotes(306)) - 418acab8-8601-40ce-b0d4-29efb893f10e@group-DCAB1699D8F3-LeaderElection16 ELECTION round 0: submit vote requests at term 3 for 0: [1c4647c1-9eb4-4b4c-a480-999e321429b2|rpc:10.1.0.8:38537|dataStream:|priority:1, b23f1ad7-a0b2-4e94-8fae-08dca861ebf6|rpc:10.1.0.8:44273|dataStream:|priority:0, 418acab8-8601-40ce-b0d4-29efb893f10e|rpc:10.1.0.8:32915|dataStream:|priority:0], old=null
2022-01-10 01:36:11,082 [418acab8-8601-40ce-b0d4-29efb893f10e@group-DCAB1699D8F3-LeaderElection16] INFO  impl.LeaderElection (LogUtils.java:infoOrTrace(137)) - 418acab8-8601-40ce-b0d4-29efb893f10e@group-DCAB1699D8F3-LeaderElection16 got exception when requesting votes: java.util.concurrent.ExecutionException: org.apache.ratis.thirdparty.io.grpc.StatusRuntimeException: UNAVAILABLE: io exception
2022-01-10 01:36:11,082 [418acab8-8601-40ce-b0d4-29efb893f10e@group-DCAB1699D8F3-LeaderElection16] INFO  impl.LeaderElection (LogUtils.java:infoOrTrace(137)) - 418acab8-8601-40ce-b0d4-29efb893f10e@group-DCAB1699D8F3-LeaderElection16 got exception when requesting votes: java.util.concurrent.ExecutionException: org.apache.ratis.thirdparty.io.grpc.StatusRuntimeException: UNAVAILABLE: io exception
2022-01-10 01:36:11,082 [418acab8-8601-40ce-b0d4-29efb893f10e@group-DCAB1699D8F3-LeaderElection16] INFO  impl.LeaderElection (LeaderElection.java:logAndReturn(89)) - 418acab8-8601-40ce-b0d4-29efb893f10e@group-DCAB1699D8F3-LeaderElection16: ELECTION REJECTED received 0 response(s) and 2 exception(s):
2022-01-10 01:36:11,082 [418acab8-8601-40ce-b0d4-29efb893f10e@group-DCAB1699D8F3-LeaderElection16] INFO  impl.LeaderElection (LogUtils.java:infoOrTrace(137)) -   Exception 0: java.util.concurrent.ExecutionException: org.apache.ratis.thirdparty.io.grpc.StatusRuntimeException: UNAVAILABLE: io exception
2022-01-10 01:36:11,082 [418acab8-8601-40ce-b0d4-29efb893f10e@group-DCAB1699D8F3-LeaderElection16] INFO  impl.LeaderElection (LogUtils.java:infoOrTrace(137)) -   Exception 1: java.util.concurrent.ExecutionException: org.apache.ratis.thirdparty.io.grpc.StatusRuntimeException: UNAVAILABLE: io exception
2022-01-10 01:36:11,082 [418acab8-8601-40ce-b0d4-29efb893f10e@group-DCAB1699D8F3-LeaderElection16] INFO  impl.LeaderElection (LeaderElection.java:askForVotes(308)) - 418acab8-8601-40ce-b0d4-29efb893f10e@group-DCAB1699D8F3-LeaderElection16 ELECTION round 0: result REJECTED
2022-01-10 01:36:11,082 [418acab8-8601-40ce-b0d4-29efb893f10e@group-DCAB1699D8F3-LeaderElection16] INFO  server.RaftServer$Division (RaftServerImpl.java:setRole(290)) - 418acab8-8601-40ce-b0d4-29efb893f10e@group-DCAB1699D8F3: changes role from CANDIDATE to FOLLOWER at term 3 for REJECTED
2022-01-10 01:36:11,082 [418acab8-8601-40ce-b0d4-29efb893f10e@group-DCAB1699D8F3-LeaderElection16] INFO  impl.RoleInfo (RoleInfo.java:shutdownLeaderElection(121)) - 418acab8-8601-40ce-b0d4-29efb893f10e: shutdown 418acab8-8601-40ce-b0d4-29efb893f10e@group-DCAB1699D8F3-LeaderElection16
2022-01-10 01:36:11,082 [418acab8-8601-40ce-b0d4-29efb893f10e@group-DCAB1699D8F3-LeaderElection16] INFO  impl.RoleInfo (RoleInfo.java:updateAndGet(130)) - 418acab8-8601-40ce-b0d4-29efb893f10e: start 418acab8-8601-40ce-b0d4-29efb893f10e@group-DCAB1699D8F3-FollowerState
2022-01-10 01:36:11,461 [Listener at 127.0.0.1/45293] INFO  ozoneimpl.OzoneContainer (OzoneContainer.java:stop(336)) - Attempting to stop container services.
2022-01-10 01:36:11,462 [Listener at 127.0.0.1/45293] INFO  server.RaftServer (RaftServerProxy.java:lambda$close$6(391)) - 418acab8-8601-40ce-b0d4-29efb893f10e: close
2022-01-10 01:36:11,462 [Listener at 127.0.0.1/45293] INFO  server.RaftServer$Division (RaftServerImpl.java:lambda$close$4(412)) - 418acab8-8601-40ce-b0d4-29efb893f10e@group-9AFBBED2F4BD: shutdown
2022-01-10 01:36:11,463 [Listener at 127.0.0.1/45293] INFO  util.JmxRegister (JmxRegister.java:unregister(73)) - Successfully un-registered JMX Bean with object name Ratis:service=RaftServer,group=group-9AFBBED2F4BD,id=418acab8-8601-40ce-b0d4-29efb893f10e
2022-01-10 01:36:11,463 [Listener at 127.0.0.1/45293] INFO  impl.RoleInfo (RoleInfo.java:shutdownFollowerState(108)) - 418acab8-8601-40ce-b0d4-29efb893f10e: shutdown 418acab8-8601-40ce-b0d4-29efb893f10e@group-9AFBBED2F4BD-FollowerState
2022-01-10 01:36:11,463 [Listener at 127.0.0.1/45293] INFO  impl.StateMachineUpdater (StateMachineUpdater.java:stopAndJoin(149)) - 418acab8-8601-40ce-b0d4-29efb893f10e@group-9AFBBED2F4BD-StateMachineUpdater: set stopIndex = 0
2022-01-10 01:36:11,463 [418acab8-8601-40ce-b0d4-29efb893f10e@group-9AFBBED2F4BD-FollowerState] INFO  impl.FollowerState (FollowerState.java:run(143)) - 418acab8-8601-40ce-b0d4-29efb893f10e@group-9AFBBED2F4BD-FollowerState was interrupted: {}
java.lang.InterruptedException: sleep interrupted
	at java.lang.Thread.sleep(Native Method)
	at java.lang.Thread.sleep(Thread.java:340)
	at java.util.concurrent.TimeUnit.sleep(TimeUnit.java:386)
	at org.apache.ratis.util.TimeDuration.sleep(TimeDuration.java:324)
	at org.apache.ratis.util.TimeDuration.sleep(TimeDuration.java:309)
	at org.apache.ratis.server.impl.FollowerState.run(FollowerState.java:118)
2022-01-10 01:36:11,463 [418acab8-8601-40ce-b0d4-29efb893f10e@group-9AFBBED2F4BD-StateMachineUpdater] INFO  ratis.ContainerStateMachine (ContainerStateMachine.java:takeSnapshot(299)) - group-9AFBBED2F4BD: Taking a snapshot at:(t:4, i:0) file /home/runner/work/ozone/ozone/hadoop-ozone/integration-test/target/test-dir/MiniOzoneClusterImpl-0d56eec3-10f7-4761-be96-039d3fc90906/datanode-2/data/ratis/9f3053c6-37f5-4124-8041-9afbbed2f4bd/sm/snapshot.4_0
2022-01-10 01:36:11,470 [418acab8-8601-40ce-b0d4-29efb893f10e@group-9AFBBED2F4BD-StateMachineUpdater] INFO  ratis.ContainerStateMachine (ContainerStateMachine.java:takeSnapshot(310)) - group-9AFBBED2F4BD: Finished taking a snapshot at:(t:4, i:0) file:/home/runner/work/ozone/ozone/hadoop-ozone/integration-test/target/test-dir/MiniOzoneClusterImpl-0d56eec3-10f7-4761-be96-039d3fc90906/datanode-2/data/ratis/9f3053c6-37f5-4124-8041-9afbbed2f4bd/sm/snapshot.4_0 took: 6 ms
2022-01-10 01:36:11,470 [418acab8-8601-40ce-b0d4-29efb893f10e@group-9AFBBED2F4BD-StateMachineUpdater] INFO  impl.StateMachineUpdater (StateMachineUpdater.java:takeSnapshot(281)) - 418acab8-8601-40ce-b0d4-29efb893f10e@group-9AFBBED2F4BD-StateMachineUpdater: Took a snapshot at index 0
2022-01-10 01:36:11,470 [418acab8-8601-40ce-b0d4-29efb893f10e@group-9AFBBED2F4BD-StateMachineUpdater] INFO  impl.StateMachineUpdater (StateMachineUpdater.java:lambda$new$0(89)) - 418acab8-8601-40ce-b0d4-29efb893f10e@group-9AFBBED2F4BD-StateMachineUpdater: snapshotIndex: updateIncreasingly -1 -> 0
2022-01-10 01:36:11,471 [Listener at 127.0.0.1/45293] INFO  server.RaftServer$Division (ServerState.java:close(419)) - 418acab8-8601-40ce-b0d4-29efb893f10e@group-9AFBBED2F4BD: closes. applyIndex: 0
2022-01-10 01:36:11,471 [418acab8-8601-40ce-b0d4-29efb893f10e@group-9AFBBED2F4BD-SegmentedRaftLogWorker] INFO  segmented.SegmentedRaftLogWorker (SegmentedRaftLogWorker.java:run(327)) - 418acab8-8601-40ce-b0d4-29efb893f10e@group-9AFBBED2F4BD-SegmentedRaftLogWorker was interrupted, exiting. There are 0 tasks remaining in the queue.
2022-01-10 01:36:11,472 [Listener at 127.0.0.1/45293] INFO  segmented.SegmentedRaftLogWorker (SegmentedRaftLogWorker.java:close(237)) - 418acab8-8601-40ce-b0d4-29efb893f10e@group-9AFBBED2F4BD-SegmentedRaftLogWorker close()
2022-01-10 01:36:11,472 [Listener at 127.0.0.1/45293] INFO  server.RaftServer$Division (RaftServerImpl.java:lambda$close$4(412)) - 418acab8-8601-40ce-b0d4-29efb893f10e@group-DCAB1699D8F3: shutdown
2022-01-10 01:36:11,473 [Listener at 127.0.0.1/45293] INFO  util.JmxRegister (JmxRegister.java:unregister(73)) - Successfully un-registered JMX Bean with object name Ratis:service=RaftServer,group=group-DCAB1699D8F3,id=418acab8-8601-40ce-b0d4-29efb893f10e
2022-01-10 01:36:11,473 [Listener at 127.0.0.1/45293] INFO  impl.RoleInfo (RoleInfo.java:shutdownFollowerState(108)) - 418acab8-8601-40ce-b0d4-29efb893f10e: shutdown 418acab8-8601-40ce-b0d4-29efb893f10e@group-DCAB1699D8F3-FollowerState
2022-01-10 01:36:11,473 [Listener at 127.0.0.1/45293] INFO  impl.StateMachineUpdater (StateMachineUpdater.java:stopAndJoin(149)) - 418acab8-8601-40ce-b0d4-29efb893f10e@group-DCAB1699D8F3-StateMachineUpdater: set stopIndex = 26
2022-01-10 01:36:11,473 [418acab8-8601-40ce-b0d4-29efb893f10e@group-DCAB1699D8F3-FollowerState] INFO  impl.FollowerState (FollowerState.java:run(143)) - 418acab8-8601-40ce-b0d4-29efb893f10e@group-DCAB1699D8F3-FollowerState was interrupted: {}
java.lang.InterruptedException: sleep interrupted
	at java.lang.Thread.sleep(Native Method)
	at java.lang.Thread.sleep(Thread.java:340)
	at java.util.concurrent.TimeUnit.sleep(TimeUnit.java:386)
	at org.apache.ratis.util.TimeDuration.sleep(TimeDuration.java:324)
	at org.apache.ratis.util.TimeDuration.sleep(TimeDuration.java:309)
	at org.apache.ratis.server.impl.FollowerState.run(FollowerState.java:118)
2022-01-10 01:36:11,473 [418acab8-8601-40ce-b0d4-29efb893f10e@group-DCAB1699D8F3-StateMachineUpdater] INFO  ratis.ContainerStateMachine (ContainerStateMachine.java:takeSnapshot(299)) - group-DCAB1699D8F3: Taking a snapshot at:(t:1, i:26) file /home/runner/work/ozone/ozone/hadoop-ozone/integration-test/target/test-dir/MiniOzoneClusterImpl-0d56eec3-10f7-4761-be96-039d3fc90906/datanode-2/data/ratis/edff1748-c92d-4f19-ac96-dcab1699d8f3/sm/snapshot.1_26
2022-01-10 01:36:11,476 [418acab8-8601-40ce-b0d4-29efb893f10e@group-DCAB1699D8F3-StateMachineUpdater] INFO  ratis.ContainerStateMachine (ContainerStateMachine.java:takeSnapshot(310)) - group-DCAB1699D8F3: Finished taking a snapshot at:(t:1, i:26) file:/home/runner/work/ozone/ozone/hadoop-ozone/integration-test/target/test-dir/MiniOzoneClusterImpl-0d56eec3-10f7-4761-be96-039d3fc90906/datanode-2/data/ratis/edff1748-c92d-4f19-ac96-dcab1699d8f3/sm/snapshot.1_26 took: 3 ms
2022-01-10 01:36:11,477 [418acab8-8601-40ce-b0d4-29efb893f10e@group-DCAB1699D8F3-StateMachineUpdater] INFO  impl.StateMachineUpdater (StateMachineUpdater.java:takeSnapshot(281)) - 418acab8-8601-40ce-b0d4-29efb893f10e@group-DCAB1699D8F3-StateMachineUpdater: Took a snapshot at index 26
2022-01-10 01:36:11,477 [418acab8-8601-40ce-b0d4-29efb893f10e@group-DCAB1699D8F3-StateMachineUpdater] INFO  impl.StateMachineUpdater (StateMachineUpdater.java:lambda$new$0(89)) - 418acab8-8601-40ce-b0d4-29efb893f10e@group-DCAB1699D8F3-StateMachineUpdater: snapshotIndex: updateIncreasingly -1 -> 26
2022-01-10 01:36:11,477 [Listener at 127.0.0.1/45293] INFO  server.RaftServer$Division (ServerState.java:close(419)) - 418acab8-8601-40ce-b0d4-29efb893f10e@group-DCAB1699D8F3: closes. applyIndex: 26
2022-01-10 01:36:11,478 [418acab8-8601-40ce-b0d4-29efb893f10e@group-DCAB1699D8F3-SegmentedRaftLogWorker] INFO  segmented.SegmentedRaftLogWorker (SegmentedRaftLogWorker.java:run(327)) - 418acab8-8601-40ce-b0d4-29efb893f10e@group-DCAB1699D8F3-SegmentedRaftLogWorker was interrupted, exiting. There are 0 tasks remaining in the queue.
2022-01-10 01:36:11,478 [Listener at 127.0.0.1/45293] INFO  segmented.SegmentedRaftLogWorker (SegmentedRaftLogWorker.java:close(237)) - 418acab8-8601-40ce-b0d4-29efb893f10e@group-DCAB1699D8F3-SegmentedRaftLogWorker close()
2022-01-10 01:36:11,483 [Listener at 127.0.0.1/45293] INFO  server.RaftServer$Division (RaftServerImpl.java:lambda$close$4(412)) - 418acab8-8601-40ce-b0d4-29efb893f10e@group-68B995BCF1B6: shutdown
2022-01-10 01:36:11,483 [Listener at 127.0.0.1/45293] INFO  util.JmxRegister (JmxRegister.java:unregister(73)) - Successfully un-registered JMX Bean with object name Ratis:service=RaftServer,group=group-68B995BCF1B6,id=418acab8-8601-40ce-b0d4-29efb893f10e
2022-01-10 01:36:11,483 [Listener at 127.0.0.1/45293] INFO  impl.RoleInfo (RoleInfo.java:shutdownLeaderState(91)) - 418acab8-8601-40ce-b0d4-29efb893f10e: shutdown 418acab8-8601-40ce-b0d4-29efb893f10e@group-68B995BCF1B6-LeaderStateImpl
2022-01-10 01:36:11,483 [Listener at 127.0.0.1/45293] INFO  impl.PendingRequests (PendingRequests.java:sendNotLeaderResponses(282)) - 418acab8-8601-40ce-b0d4-29efb893f10e@group-68B995BCF1B6-PendingRequests: sendNotLeaderResponses
2022-01-10 01:36:11,484 [Listener at 127.0.0.1/45293] INFO  impl.StateMachineUpdater (StateMachineUpdater.java:stopAndJoin(149)) - 418acab8-8601-40ce-b0d4-29efb893f10e@group-68B995BCF1B6-StateMachineUpdater: set stopIndex = 0
2022-01-10 01:36:11,484 [418acab8-8601-40ce-b0d4-29efb893f10e@group-68B995BCF1B6-StateMachineUpdater] INFO  ratis.ContainerStateMachine (ContainerStateMachine.java:takeSnapshot(299)) - group-68B995BCF1B6: Taking a snapshot at:(t:1, i:0) file /home/runner/work/ozone/ozone/hadoop-ozone/integration-test/target/test-dir/MiniOzoneClusterImpl-0d56eec3-10f7-4761-be96-039d3fc90906/datanode-2/data/ratis/729de191-e5e2-4325-ad3f-68b995bcf1b6/sm/snapshot.1_0
2022-01-10 01:36:11,485 [418acab8-8601-40ce-b0d4-29efb893f10e@group-68B995BCF1B6-StateMachineUpdater] INFO  ratis.ContainerStateMachine (ContainerStateMachine.java:takeSnapshot(310)) - group-68B995BCF1B6: Finished taking a snapshot at:(t:1, i:0) file:/home/runner/work/ozone/ozone/hadoop-ozone/integration-test/target/test-dir/MiniOzoneClusterImpl-0d56eec3-10f7-4761-be96-039d3fc90906/datanode-2/data/ratis/729de191-e5e2-4325-ad3f-68b995bcf1b6/sm/snapshot.1_0 took: 1 ms
2022-01-10 01:36:11,485 [418acab8-8601-40ce-b0d4-29efb893f10e@group-68B995BCF1B6-StateMachineUpdater] INFO  impl.StateMachineUpdater (StateMachineUpdater.java:takeSnapshot(281)) - 418acab8-8601-40ce-b0d4-29efb893f10e@group-68B995BCF1B6-StateMachineUpdater: Took a snapshot at index 0
2022-01-10 01:36:11,485 [418acab8-8601-40ce-b0d4-29efb893f10e@group-68B995BCF1B6-StateMachineUpdater] INFO  impl.StateMachineUpdater (StateMachineUpdater.java:lambda$new$0(89)) - 418acab8-8601-40ce-b0d4-29efb893f10e@group-68B995BCF1B6-StateMachineUpdater: snapshotIndex: updateIncreasingly -1 -> 0
2022-01-10 01:36:11,485 [Listener at 127.0.0.1/45293] INFO  server.RaftServer$Division (ServerState.java:close(419)) - 418acab8-8601-40ce-b0d4-29efb893f10e@group-68B995BCF1B6: closes. applyIndex: 0
2022-01-10 01:36:11,486 [418acab8-8601-40ce-b0d4-29efb893f10e@group-68B995BCF1B6-SegmentedRaftLogWorker] INFO  segmented.SegmentedRaftLogWorker (SegmentedRaftLogWorker.java:run(327)) - 418acab8-8601-40ce-b0d4-29efb893f10e@group-68B995BCF1B6-SegmentedRaftLogWorker was interrupted, exiting. There are 0 tasks remaining in the queue.
2022-01-10 01:36:11,486 [Listener at 127.0.0.1/45293] INFO  segmented.SegmentedRaftLogWorker (SegmentedRaftLogWorker.java:close(237)) - 418acab8-8601-40ce-b0d4-29efb893f10e@group-68B995BCF1B6-SegmentedRaftLogWorker close()
2022-01-10 01:36:11,487 [Listener at 127.0.0.1/45293] INFO  server.GrpcService (GrpcService.java:closeImpl(262)) - 418acab8-8601-40ce-b0d4-29efb893f10e: shutdown server with port 32915 now
2022-01-10 01:36:11,503 [Listener at 127.0.0.1/45293] INFO  server.GrpcService (GrpcService.java:closeImpl(271)) - 418acab8-8601-40ce-b0d4-29efb893f10e: shutdown server with port 32915 successfully
2022-01-10 01:36:11,503 [org.apache.ratis.util.JvmPauseMonitor$$Lambda$529/1957356322@7b7c762e] INFO  util.JvmPauseMonitor (JvmPauseMonitor.java:run(109)) - JvmPauseMonitor-418acab8-8601-40ce-b0d4-29efb893f10e: Stopped
2022-01-10 01:36:13,514 [Listener at 127.0.0.1/45293] INFO  utils.BackgroundService (BackgroundService.java:shutdown(132)) - Shutting down service BlockDeletingService
2022-01-10 01:36:16,522 [Listener at 127.0.0.1/45293] INFO  statemachine.DatanodeStateMachine (DatanodeStateMachine.java:stopDaemon(526)) - Ozone container server stopped.
2022-01-10 01:36:16,523 [Listener at 127.0.0.1/45293] INFO  handler.ContextHandler (ContextHandler.java:doStop(1153)) - Stopped o.e.j.w.WebAppContext@34468b30{hddsDatanode,/,null,STOPPED}{jar:file:/home/runner/.m2/repository/org/apache/ozone/hdds-container-service/1.3.0-SNAPSHOT/hdds-container-service-1.3.0-SNAPSHOT.jar!/webapps/hddsDatanode}
2022-01-10 01:36:16,525 [Listener at 127.0.0.1/45293] INFO  server.AbstractConnector (AbstractConnector.java:doStop(381)) - Stopped ServerConnector@7224267f{HTTP/1.1, (http/1.1)}{0.0.0.0:0}
2022-01-10 01:36:16,525 [Listener at 127.0.0.1/45293] INFO  server.session (HouseKeeper.java:stopScavenging(149)) - node0 Stopped scavenging
2022-01-10 01:36:16,525 [Listener at 127.0.0.1/45293] INFO  handler.ContextHandler (ContextHandler.java:doStop(1153)) - Stopped o.e.j.s.ServletContextHandler@3243b967{static,/static,jar:file:/home/runner/.m2/repository/org/apache/ozone/hdds-container-service/1.3.0-SNAPSHOT/hdds-container-service-1.3.0-SNAPSHOT.jar!/webapps/static,STOPPED}
2022-01-10 01:36:16,525 [Listener at 127.0.0.1/45293] INFO  handler.ContextHandler (ContextHandler.java:doStop(1153)) - Stopped o.e.j.s.ServletContextHandler@6cb2e94{logs,/logs,file:///home/runner/work/ozone/ozone/hadoop-ozone/integration-test/target/log,STOPPED}
2022-01-10 01:36:16,527 [Listener at 127.0.0.1/45293] INFO  ozone.MiniOzoneClusterImpl (MiniOzoneClusterImpl.java:stopSCM(542)) - Stopping the StorageContainerManager
2022-01-10 01:36:16,527 [Listener at 127.0.0.1/45293] INFO  server.StorageContainerManager (StorageContainerManager.java:stop(1390)) - Stopping Container Balancer service.
2022-01-10 01:36:16,527 [Listener at 127.0.0.1/45293] INFO  balancer.ContainerBalancer (ContainerBalancer.java:stop(748)) - Container Balancer is not running.
2022-01-10 01:36:16,527 [Listener at 127.0.0.1/45293] INFO  server.StorageContainerManager (StorageContainerManager.java:stop(1397)) - Stopping Replication Manager Service.
2022-01-10 01:36:16,527 [Listener at 127.0.0.1/45293] INFO  container.ReplicationManager (ReplicationManager.java:stop(350)) - Stopping Replication Monitor Thread.
2022-01-10 01:36:16,527 [Listener at 127.0.0.1/45293] INFO  server.StorageContainerManager (StorageContainerManager.java:stop(1404)) - Stopping the Datanode Admin Monitor.
2022-01-10 01:36:16,527 [Listener at 127.0.0.1/45293] INFO  server.StorageContainerManager (StorageContainerManager.java:stop(1411)) - Stopping Lease Manager of the command watchers
2022-01-10 01:36:16,528 [Listener at 127.0.0.1/45293] INFO  server.StorageContainerManager (StorageContainerManager.java:stop(1418)) - Stopping datanode service RPC server
2022-01-10 01:36:16,528 [Listener at 127.0.0.1/45293] INFO  server.SCMDatanodeProtocolServer (SCMDatanodeProtocolServer.java:stop(390)) - Stopping the RPC server for DataNodes
2022-01-10 01:36:16,528 [Listener at 127.0.0.1/45293] INFO  ipc.Server (Server.java:stop(3414)) - Stopping server on 44499
2022-01-10 01:36:16,530 [IPC Server listener on 0] INFO  ipc.Server (Server.java:run(1376)) - Stopping IPC Server listener on 0
2022-01-10 01:36:16,530 [IPC Server Responder] INFO  ipc.Server (Server.java:run(1512)) - Stopping IPC Server Responder
2022-01-10 01:36:16,620 [SCM Heartbeat Processing Thread - 0] WARN  node.NodeStateManager (NodeStateManager.java:scheduleNextHealthCheck(799)) - Current Thread is interrupted, shutting down HB processing thread for Node Manager.
2022-01-10 01:36:16,620 [Listener at 127.0.0.1/45293] INFO  server.StorageContainerManager (StorageContainerManager.java:stop(1426)) - Stopping block service RPC server
2022-01-10 01:36:16,621 [Listener at 127.0.0.1/45293] INFO  server.SCMBlockProtocolServer (SCMBlockProtocolServer.java:stop(160)) - Stopping the RPC server for Block Protocol
2022-01-10 01:36:16,621 [Listener at 127.0.0.1/45293] INFO  ipc.Server (Server.java:stop(3414)) - Stopping server on 36831
2022-01-10 01:36:16,622 [IPC Server listener on 0] INFO  ipc.Server (Server.java:run(1376)) - Stopping IPC Server listener on 0
2022-01-10 01:36:16,622 [IPC Server Responder] INFO  ipc.Server (Server.java:run(1512)) - Stopping IPC Server Responder
2022-01-10 01:36:16,622 [Listener at 127.0.0.1/45293] INFO  server.StorageContainerManager (StorageContainerManager.java:stop(1433)) - Stopping the StorageContainerLocationProtocol RPC server
2022-01-10 01:36:16,623 [Listener at 127.0.0.1/45293] INFO  server.SCMClientProtocolServer (SCMClientProtocolServer.java:stop(173)) - Stopping the RPC server for Client Protocol
2022-01-10 01:36:16,623 [Listener at 127.0.0.1/45293] INFO  ipc.Server (Server.java:stop(3414)) - Stopping server on 44783
2022-01-10 01:36:16,624 [IPC Server listener on 0] INFO  ipc.Server (Server.java:run(1376)) - Stopping IPC Server listener on 0
2022-01-10 01:36:16,624 [Listener at 127.0.0.1/45293] INFO  server.StorageContainerManager (StorageContainerManager.java:stop(1440)) - Stopping Storage Container Manager HTTP server.
2022-01-10 01:36:16,624 [IPC Server Responder] INFO  ipc.Server (Server.java:run(1512)) - Stopping IPC Server Responder
2022-01-10 01:36:16,625 [Listener at 127.0.0.1/45293] INFO  handler.ContextHandler (ContextHandler.java:doStop(1153)) - Stopped o.e.j.w.WebAppContext@337c0ee4{scm,/,null,STOPPED}{file:/home/runner/work/ozone/ozone/hadoop-ozone/integration-test/target/test-classes/webapps/scm}
2022-01-10 01:36:16,625 [Listener at 127.0.0.1/45293] INFO  server.AbstractConnector (AbstractConnector.java:doStop(381)) - Stopped ServerConnector@70b1028d{HTTP/1.1, (http/1.1)}{0.0.0.0:0}
2022-01-10 01:36:16,625 [Listener at 127.0.0.1/45293] INFO  server.session (HouseKeeper.java:stopScavenging(149)) - node0 Stopped scavenging
2022-01-10 01:36:16,626 [Listener at 127.0.0.1/45293] INFO  handler.ContextHandler (ContextHandler.java:doStop(1153)) - Stopped o.e.j.s.ServletContextHandler@da67c46{static,/static,file:///home/runner/work/ozone/ozone/hadoop-ozone/integration-test/target/test-classes/webapps/static,STOPPED}
2022-01-10 01:36:16,626 [Listener at 127.0.0.1/45293] INFO  handler.ContextHandler (ContextHandler.java:doStop(1153)) - Stopped o.e.j.s.ServletContextHandler@55574295{logs,/logs,file:///home/runner/work/ozone/ozone/hadoop-ozone/integration-test/target/log,STOPPED}
2022-01-10 01:36:16,627 [Listener at 127.0.0.1/45293] INFO  server.StorageContainerManager (StorageContainerManager.java:stop(1451)) - Stopping Block Manager Service.
2022-01-10 01:36:16,627 [Listener at 127.0.0.1/45293] INFO  utils.BackgroundService (BackgroundService.java:shutdown(132)) - Shutting down service SCMBlockDeletingService
2022-01-10 01:36:16,627 [Listener at 127.0.0.1/45293] INFO  utils.BackgroundService (BackgroundService.java:shutdown(132)) - Shutting down service SCMBlockDeletingService
2022-01-10 01:36:16,627 [Listener at 127.0.0.1/45293] INFO  server.StorageContainerManager (StorageContainerManager.java:stop(1478)) - Stopping SCM Event Queue.
2022-01-10 01:36:16,629 [Listener at 127.0.0.1/45293] INFO  server.StorageContainerManager (StorageContainerManager.java:stop(1489)) - Stopping SCM HA services.
2022-01-10 01:36:16,630 [Listener at 127.0.0.1/45293] INFO  pipeline.BackgroundPipelineCreator (BackgroundPipelineCreator.java:stop(158)) - Stopping RatisPipelineUtilsThread.
2022-01-10 01:36:16,630 [Listener at 127.0.0.1/45293] INFO  server.StorageContainerManager (StorageContainerManager.java:stop(1499)) - Stopping SCM MetadataStore.
2022-01-10 01:36:16,631 [Listener at 127.0.0.1/45293] INFO  impl.MetricsSystemImpl (MetricsSystemImpl.java:stop(210)) - Stopping XceiverClientMetrics metrics system...
2022-01-10 01:36:16,649 [prometheus] INFO  impl.MetricsSinkAdapter (MetricsSinkAdapter.java:publishMetricsFromQueue(141)) - prometheus thread interrupted.
2022-01-10 01:36:16,649 [Listener at 127.0.0.1/45293] INFO  impl.MetricsSystemImpl (MetricsSystemImpl.java:stop(216)) - XceiverClientMetrics metrics system stopped.
2022-01-10 01:36:16,745 [Listener at 127.0.0.1/45293] WARN  server.ServerUtils (ServerUtils.java:getScmDbDir(148)) - ozone.scm.db.dirs is not configured. We recommend adding this setting. Falling back to ozone.metadata.dirs instead.
2022-01-10 01:36:16,762 [Listener at 127.0.0.1/45293] INFO  ha.SCMHANodeDetails (SCMHANodeDetails.java:loadSCMHAConfig(157)) - ServiceID for StorageContainerManager is null
2022-01-10 01:36:16,762 [Listener at 127.0.0.1/45293] INFO  ha.SCMHANodeDetails (SCMHANodeDetails.java:loadSCMHAConfig(162)) - ozone.scm.default.service.id is not defined, falling back to ozone.scm.service.ids to find serviceID for StorageContainerManager if it is HA enabled cluster
2022-01-10 01:36:16,763 [Listener at 127.0.0.1/45293] WARN  server.ServerUtils (ServerUtils.java:getScmDbDir(148)) - ozone.scm.db.dirs is not configured. We recommend adding this setting. Falling back to ozone.metadata.dirs instead.
2022-01-10 01:36:16,763 [Listener at 127.0.0.1/45293] INFO  upgrade.AbstractLayoutVersionManager (AbstractLayoutVersionManager.java:init(79)) - Initializing Layout version manager with metadata layout = SCM_HA (version = 2), software layout = SCM_HA (version = 2)
2022-01-10 01:36:16,850 [Listener at 127.0.0.1/45293] INFO  reflections.Reflections (Reflections.java:scan(232)) - Reflections took 86 ms to scan 7 urls, producing 119 keys and 279 values 
2022-01-10 01:36:16,854 [Listener at 127.0.0.1/45293] WARN  utils.HAUtils (HAUtils.java:getMetaDir(342)) - ozone.scm.db.dirs is not configured. We recommend adding this setting. Falling back to ozone.metadata.dirs instead.
2022-01-10 01:36:16,864 [Listener at 127.0.0.1/45293] WARN  db.DBStoreBuilder (DBStoreBuilder.java:applyDBDefinition(145)) - ozone.scm.db.dirs is not configured. We recommend adding this setting. Falling back to ozone.metadata.dirs instead.
2022-01-10 01:36:17,005 [Listener at 127.0.0.1/45293] INFO  net.NodeSchemaLoader (NodeSchemaLoader.java:loadSchemaFromFile(129)) - Loading schema from [jar:file:/home/runner/.m2/repository/org/apache/ozone/hdds-common/1.3.0-SNAPSHOT/hdds-common-1.3.0-SNAPSHOT.jar!/network-topology-default.xml]
2022-01-10 01:36:17,005 [Listener at 127.0.0.1/45293] INFO  net.NodeSchemaLoader (NodeSchemaLoader.java:loadSchema(176)) - Loading network topology layer schema file
2022-01-10 01:36:17,007 [Listener at 127.0.0.1/45293] INFO  ha.SequenceIdGenerator (SequenceIdGenerator.java:upgradeToSequenceId(347)) - upgrade localId to 109611004723200000
2022-01-10 01:36:17,008 [Listener at 127.0.0.1/45293] INFO  ha.SequenceIdGenerator (SequenceIdGenerator.java:upgradeToSequenceId(357)) - upgrade delTxnId to 0
2022-01-10 01:36:17,008 [Listener at 127.0.0.1/45293] INFO  ha.SequenceIdGenerator (SequenceIdGenerator.java:upgradeToSequenceId(371)) - upgrade containerId to 0
2022-01-10 01:36:17,008 [Listener at 127.0.0.1/45293] INFO  ha.SequenceIdGenerator (SequenceIdGenerator.java:<init>(218)) - Init the HA SequenceIdGenerator.
2022-01-10 01:36:17,008 [Listener at 127.0.0.1/45293] WARN  server.ServerUtils (ServerUtils.java:sanitizeUserArgs(73)) - ozone.scm.stale.node.interval value = 300000 is larger than max = 100000 based on the key value of ozone.scm.heartbeat.thread.interval, reset to the max value 100000.
2022-01-10 01:36:17,008 [Listener at 127.0.0.1/45293] WARN  server.ServerUtils (ServerUtils.java:sanitizeUserArgs(73)) - ozone.scm.stale.node.interval value = 300000 is larger than max = 100000 based on the key value of ozone.scm.heartbeat.thread.interval, reset to the max value 100000.
2022-01-10 01:36:17,009 [Listener at 127.0.0.1/45293] INFO  node.SCMNodeManager (SCMNodeManager.java:<init>(144)) - Entering startup safe mode.
2022-01-10 01:36:17,009 [Listener at 127.0.0.1/45293] INFO  algorithms.ContainerPlacementPolicyFactory (ContainerPlacementPolicyFactory.java:getPolicy(60)) - Create container placement policy of type org.apache.hadoop.hdds.scm.container.placement.algorithms.SCMContainerPlacementRandom
2022-01-10 01:36:17,009 [Listener at 127.0.0.1/45293] INFO  pipeline.PipelineStateManagerImpl (PipelineStateManagerImpl.java:initialize(78)) - No pipeline exists in current db
2022-01-10 01:36:17,010 [Listener at 127.0.0.1/45293] INFO  algorithms.LeaderChoosePolicyFactory (LeaderChoosePolicyFactory.java:getPolicy(57)) - Create leader choose policy of type org.apache.hadoop.hdds.scm.pipeline.leader.choose.algorithms.MinLeaderCountChoosePolicy
2022-01-10 01:36:17,010 [Listener at 127.0.0.1/45293] INFO  ha.SCMServiceManager (SCMServiceManager.java:register(43)) - Registering service BackgroundPipelineCreator.
2022-01-10 01:36:17,010 [Listener at 127.0.0.1/45293] INFO  pipeline.BackgroundPipelineCreator (BackgroundPipelineCreator.java:start(130)) - Starting RatisPipelineUtilsThread.
2022-01-10 01:36:17,011 [Listener at 127.0.0.1/45293] INFO  algorithms.PipelineChoosePolicyFactory (PipelineChoosePolicyFactory.java:createPipelineChoosePolicyFromClass(73)) - Create pipeline choose policy of type org.apache.hadoop.hdds.scm.pipeline.choose.algorithms.RandomPipelineChoosePolicy
2022-01-10 01:36:17,011 [Listener at 127.0.0.1/45293] INFO  ha.SCMServiceManager (SCMServiceManager.java:register(43)) - Registering service SCMBlockDeletingService.
2022-01-10 01:36:17,012 [Listener at 127.0.0.1/45293] INFO  ha.SCMServiceManager (SCMServiceManager.java:register(43)) - Registering service ReplicationManager.
2022-01-10 01:36:17,012 [Listener at 127.0.0.1/45293] INFO  container.ReplicationManager (ReplicationManager.java:start(319)) - Starting Replication Monitor Thread.
2022-01-10 01:36:17,012 [Listener at 127.0.0.1/45293] INFO  safemode.ContainerSafeModeRule (ContainerSafeModeRule.java:<init>(89)) - containers with one replica threshold count 0
2022-01-10 01:36:17,013 [Listener at 127.0.0.1/45293] INFO  safemode.HealthyPipelineSafeModeRule (HealthyPipelineSafeModeRule.java:initializeRule(156)) - Total pipeline count is 0, healthy pipeline threshold count is 1
2022-01-10 01:36:17,013 [Listener at 127.0.0.1/45293] INFO  safemode.OneReplicaPipelineSafeModeRule (OneReplicaPipelineSafeModeRule.java:initializeRule(180)) - Total pipeline count is 0, pipeline's with at least one datanode reported threshold count is 0
2022-01-10 01:36:17,018 [Listener at 127.0.0.1/45293] INFO  ipc.CallQueueManager (CallQueueManager.java:<init>(90)) - Using callQueue: class java.util.concurrent.LinkedBlockingQueue, queueCapacity: 2000, scheduler: class org.apache.hadoop.ipc.DefaultRpcScheduler, ipcBackoff: false.
2022-01-10 01:36:17,018 [ReplicationMonitor] INFO  container.ReplicationManager (ReplicationManager.java:processAll(371)) - Replication Monitor Thread took 1 milliseconds for processing 0 containers.
2022-01-10 01:36:17,022 [Socket Reader #1 for port 0] INFO  ipc.Server (Server.java:run(1265)) - Starting Socket Reader #1 for port 0
2022-01-10 01:36:17,023 [Listener at 0.0.0.0/37131] INFO  ipc.CallQueueManager (CallQueueManager.java:<init>(90)) - Using callQueue: class java.util.concurrent.LinkedBlockingQueue, queueCapacity: 2000, scheduler: class org.apache.hadoop.ipc.DefaultRpcScheduler, ipcBackoff: false.
2022-01-10 01:36:17,025 [Socket Reader #1 for port 0] INFO  ipc.Server (Server.java:run(1265)) - Starting Socket Reader #1 for port 0
2022-01-10 01:36:17,028 [Listener at 0.0.0.0/33367] INFO  ipc.CallQueueManager (CallQueueManager.java:<init>(90)) - Using callQueue: class java.util.concurrent.LinkedBlockingQueue, queueCapacity: 2000, scheduler: class org.apache.hadoop.ipc.DefaultRpcScheduler, ipcBackoff: false.
2022-01-10 01:36:17,029 [Socket Reader #1 for port 0] INFO  ipc.Server (Server.java:run(1265)) - Starting Socket Reader #1 for port 0
2022-01-10 01:36:17,065 [Listener at 0.0.0.0/37371] INFO  algorithms.ContainerPlacementPolicyFactory (ContainerPlacementPolicyFactory.java:getPolicy(60)) - Create container placement policy of type org.apache.hadoop.hdds.scm.container.placement.algorithms.SCMContainerPlacementRandom
2022-01-10 01:36:17,065 [Listener at 0.0.0.0/37371] INFO  server.StorageContainerManager (StorageContainerManager.java:<init>(388)) - 
Container Balancer status:
Key                            Value
Running                        false
Container Balancer Configuration values:
Key                                                Value
Threshold                                          0.1
Max Datanodes to Involve per Iteration(ratio)      0.2
Max Size to Move per Iteration                     30GB
Max Size Entering Target per Iteration             26GB
Max Size Leaving Source per Iteration              26GB

2022-01-10 01:36:17,073 [Listener at 0.0.0.0/37371] WARN  events.EventQueue (EventQueue.java:fireEvent(194)) - No event handler registered for event TypedEvent{payloadType=SafeModeStatus, name='Safe mode status'}
2022-01-10 01:36:17,074 [Listener at 0.0.0.0/37371] INFO  ha.SCMContext (SCMContext.java:updateSafeModeStatus(211)) - Update SafeModeStatus from SafeModeStatus{safeModeStatus=true, preCheckPassed=false} to SafeModeStatus{safeModeStatus=true, preCheckPassed=false}.
2022-01-10 01:36:17,074 [Listener at 0.0.0.0/37371] INFO  server.StorageContainerManager (StorageContainerManager.java:start(1303)) - StorageContainerLocationProtocol RPC server is listening at /0.0.0.0:37371
2022-01-10 01:36:17,075 [Listener at 0.0.0.0/37371] WARN  impl.MetricsConfig (MetricsConfig.java:loadFirst(136)) - Cannot locate configuration: tried hadoop-metrics2-storagecontainermanager.properties,hadoop-metrics2.properties
2022-01-10 01:36:17,076 [Listener at 0.0.0.0/37371] INFO  impl.MetricsSystemImpl (MetricsSystemImpl.java:startTimer(378)) - Scheduled Metric snapshot period at 10 second(s).
2022-01-10 01:36:17,076 [Listener at 0.0.0.0/37371] INFO  impl.MetricsSystemImpl (MetricsSystemImpl.java:start(191)) - StorageContainerManager metrics system started
2022-01-10 01:36:17,100 [Listener at 0.0.0.0/37371] INFO  impl.MetricsSinkAdapter (MetricsSinkAdapter.java:start(204)) - Sink prometheus started
2022-01-10 01:36:17,100 [Listener at 0.0.0.0/37371] INFO  impl.MetricsSystemImpl (MetricsSystemImpl.java:registerSink(305)) - Registered sink prometheus
2022-01-10 01:36:17,142 [Listener at 0.0.0.0/37371] INFO  server.SCMClientProtocolServer (SCMClientProtocolServer.java:start(164)) - RPC server for Client  is listening at /0.0.0.0:37371
2022-01-10 01:36:17,147 [IPC Server Responder] INFO  ipc.Server (Server.java:run(1507)) - IPC Server Responder: starting
2022-01-10 01:36:17,154 [IPC Server listener on 0] INFO  ipc.Server (Server.java:run(1344)) - IPC Server listener on 0: starting
2022-01-10 01:36:17,167 [Listener at 0.0.0.0/37371] INFO  server.StorageContainerManager (StorageContainerManager.java:start(1318)) - ScmBlockLocationProtocol RPC server is listening at /0.0.0.0:33367
2022-01-10 01:36:17,167 [Listener at 0.0.0.0/37371] INFO  server.SCMBlockProtocolServer (SCMBlockProtocolServer.java:start(151)) - RPC server for Block Protocol is listening at /0.0.0.0:33367
2022-01-10 01:36:17,167 [IPC Server Responder] INFO  ipc.Server (Server.java:run(1507)) - IPC Server Responder: starting
2022-01-10 01:36:17,170 [IPC Server listener on 0] INFO  ipc.Server (Server.java:run(1344)) - IPC Server listener on 0: starting
2022-01-10 01:36:17,202 [Listener at 0.0.0.0/37371] INFO  server.SCMDatanodeProtocolServer (SCMDatanodeProtocolServer.java:start(181)) - ScmDatanodeProtocol RPC server for DataNodes is listening at /0.0.0.0:37131
2022-01-10 01:36:17,204 [IPC Server Responder] INFO  ipc.Server (Server.java:run(1507)) - IPC Server Responder: starting
2022-01-10 01:36:17,204 [IPC Server listener on 0] INFO  ipc.Server (Server.java:run(1344)) - IPC Server listener on 0: starting
2022-01-10 01:36:17,253 [Listener at 0.0.0.0/37371] INFO  http.BaseHttpServer (BaseHttpServer.java:newHttpServer2BuilderForOzone(209)) - Starting Web-server for scm at: http://0.0.0.0:0
2022-01-10 01:36:17,253 [Listener at 0.0.0.0/37371] INFO  http.BaseHttpServer (BaseHttpServer.java:<init>(107)) - Hadoop Security Enabled: false Ozone Security Enabled: false Ozone HTTP Security Enabled: false 
2022-01-10 01:36:17,254 [Listener at 0.0.0.0/37371] INFO  server.AuthenticationFilter (AuthenticationFilter.java:constructSecretProvider(240)) - Unable to initialize FileSignerSecretProvider, falling back to use random secrets.
2022-01-10 01:36:17,255 [Listener at 0.0.0.0/37371] WARN  http.HttpRequestLog (HttpRequestLog.java:getRequestLog(103)) - Jetty request log can only be enabled using Log4j
2022-01-10 01:36:17,255 [Listener at 0.0.0.0/37371] INFO  http.HttpServer2 (HttpServer2.java:addGlobalFilter(1030)) - Added global filter 'safety' (class=org.apache.hadoop.hdds.server.http.HttpServer2$QuotingInputFilter)
2022-01-10 01:36:17,256 [Listener at 0.0.0.0/37371] INFO  http.HttpServer2 (HttpServer2.java:addFilter(1006)) - Added filter static_user_filter (class=org.apache.hadoop.http.lib.StaticUserWebFilter$StaticUserFilter) to context scm
2022-01-10 01:36:17,256 [Listener at 0.0.0.0/37371] INFO  http.HttpServer2 (HttpServer2.java:addFilter(1014)) - Added filter static_user_filter (class=org.apache.hadoop.http.lib.StaticUserWebFilter$StaticUserFilter) to context logs
2022-01-10 01:36:17,257 [Listener at 0.0.0.0/37371] INFO  http.HttpServer2 (HttpServer2.java:addFilter(1014)) - Added filter static_user_filter (class=org.apache.hadoop.http.lib.StaticUserWebFilter$StaticUserFilter) to context static
2022-01-10 01:36:17,257 [Listener at 0.0.0.0/37371] INFO  http.HttpServer2 (HttpServer2.java:bindListener(1249)) - Jetty bound to port 42399
2022-01-10 01:36:17,257 [Listener at 0.0.0.0/37371] INFO  server.Server (Server.java:doStart(375)) - jetty-9.4.43.v20210629; built: 2021-06-30T11:07:22.254Z; git: 526006ecfa3af7f1a27ef3a288e2bef7ea9dd7e8; jvm 1.8.0_292-b10
2022-01-10 01:36:17,264 [Listener at 0.0.0.0/37371] INFO  server.session (DefaultSessionIdManager.java:doStart(334)) - DefaultSessionIdManager workerName=node0
2022-01-10 01:36:17,264 [Listener at 0.0.0.0/37371] INFO  server.session (DefaultSessionIdManager.java:doStart(339)) - No SessionScavenger set, using defaults
2022-01-10 01:36:17,264 [Listener at 0.0.0.0/37371] INFO  server.session (HouseKeeper.java:startScavenging(132)) - node0 Scavenging every 660000ms
2022-01-10 01:36:17,270 [org.apache.hadoop.util.JvmPauseMonitor$Monitor@98cc7c3] INFO  util.JvmPauseMonitor (JvmPauseMonitor.java:run(188)) - Starting JVM pause monitor
2022-01-10 01:36:17,272 [Listener at 0.0.0.0/37371] INFO  handler.ContextHandler (ContextHandler.java:doStart(915)) - Started o.e.j.s.ServletContextHandler@1bb59a55{logs,/logs,file:///home/runner/work/ozone/ozone/hadoop-ozone/integration-test/target/log,AVAILABLE}
2022-01-10 01:36:17,272 [Listener at 0.0.0.0/37371] INFO  handler.ContextHandler (ContextHandler.java:doStart(915)) - Started o.e.j.s.ServletContextHandler@6f893ea5{static,/static,file:///home/runner/work/ozone/ozone/hadoop-ozone/integration-test/target/test-classes/webapps/static,AVAILABLE}
2022-01-10 01:36:17,276 [Listener at 0.0.0.0/37371] INFO  handler.ContextHandler (ContextHandler.java:doStart(915)) - Started o.e.j.w.WebAppContext@5dbe891a{scm,/,file:///home/runner/work/ozone/ozone/hadoop-ozone/integration-test/target/test-classes/webapps/scm/,AVAILABLE}{file:/home/runner/work/ozone/ozone/hadoop-ozone/integration-test/target/test-classes/webapps/scm}
2022-01-10 01:36:17,277 [Listener at 0.0.0.0/37371] INFO  server.AbstractConnector (AbstractConnector.java:doStart(331)) - Started ServerConnector@f57058f{HTTP/1.1, (http/1.1)}{0.0.0.0:42399}
2022-01-10 01:36:17,277 [Listener at 0.0.0.0/37371] INFO  server.Server (Server.java:doStart(415)) - Started @55547ms
2022-01-10 01:36:17,277 [Listener at 0.0.0.0/37371] WARN  impl.MetricsSystemImpl (MetricsSystemImpl.java:register(279)) - Sink prometheus already exists!
2022-01-10 01:36:17,278 [Listener at 0.0.0.0/37371] INFO  http.BaseHttpServer (BaseHttpServer.java:updateConnectorAddress(329)) - HTTP server of scm listening at http://0.0.0.0:42399
2022-01-10 01:36:17,278 [Listener at 0.0.0.0/37371] WARN  server.ServerUtils (ServerUtils.java:getDBPath(225)) - ozone.om.db.dirs is not configured. We recommend adding this setting. Falling back to ozone.metadata.dirs instead.
2022-01-10 01:36:17,282 [Listener at 0.0.0.0/37371] INFO  ha.OMHANodeDetails (OMHANodeDetails.java:loadOMHAConfig(112)) - ozone.om.internal.service.id is not defined, falling back to ozone.om.service.ids to find serviceID for OzoneManager if it is HA enabled cluster
2022-01-10 01:36:17,282 [Listener at 0.0.0.0/37371] INFO  ha.OMHANodeDetails (OMHANodeDetails.java:loadOMHAConfig(218)) - Configuration does not have ozone.om.address set. Falling back to the default OM address /127.0.0.1:0
2022-01-10 01:36:17,282 [Listener at 0.0.0.0/37371] INFO  ha.OMHANodeDetails (OMHANodeDetails.java:getOMNodeDetailsForNonHA(246)) - OM Service ID is not set. Setting it to the default ID: omServiceIdDefault
2022-01-10 01:36:17,283 [Listener at 0.0.0.0/37371] INFO  ha.OMHANodeDetails (OMHANodeDetails.java:getOMNodeDetailsForNonHA(253)) - OM Node ID is not set. Setting it to the default ID: om1
2022-01-10 01:36:17,283 [Listener at 0.0.0.0/37371] WARN  server.ServerUtils (ServerUtils.java:getDBPath(225)) - ozone.om.db.dirs is not configured. We recommend adding this setting. Falling back to ozone.metadata.dirs instead.
2022-01-10 01:36:17,283 [Listener at 0.0.0.0/37371] INFO  upgrade.AbstractLayoutVersionManager (AbstractLayoutVersionManager.java:init(79)) - Initializing Layout version manager with metadata layout = INITIAL_VERSION (version = 0), software layout = INITIAL_VERSION (version = 0)
2022-01-10 01:36:17,379 [Listener at 0.0.0.0/37371] INFO  reflections.Reflections (Reflections.java:scan(232)) - Reflections took 95 ms to scan 2 urls, producing 133 keys and 345 values [using 2 cores]
2022-01-10 01:36:17,379 [Listener at 0.0.0.0/37371] INFO  upgrade.OMLayoutVersionManager (OMLayoutVersionManager.java:lambda$0(115)) - Skipping Upgrade Action MockOmUpgradeAction since it has been finalized.
2022-01-10 01:36:17,380 [Listener at 0.0.0.0/37371] WARN  server.ServerUtils (ServerUtils.java:getDBPath(225)) - ozone.om.db.dirs is not configured. We recommend adding this setting. Falling back to ozone.metadata.dirs instead.
2022-01-10 01:36:17,402 [Listener at 0.0.0.0/37371] WARN  server.ServerUtils (ServerUtils.java:getDBPath(225)) - ozone.om.db.dirs is not configured. We recommend adding this setting. Falling back to ozone.metadata.dirs instead.
2022-01-10 01:36:17,402 [Listener at 0.0.0.0/37371] INFO  codec.OmKeyInfoCodec (OmKeyInfoCodec.java:<init>(50)) - OmKeyInfoCodec ignorePipeline = true
2022-01-10 01:36:17,402 [Listener at 0.0.0.0/37371] INFO  codec.RepeatedOmKeyInfoCodec (RepeatedOmKeyInfoCodec.java:<init>(42)) - RepeatedOmKeyInfoCodec ignorePipeline = true
2022-01-10 01:36:17,600 [Listener at 0.0.0.0/37371] INFO  om.OzoneManager (OzoneManager.java:addS3GVolumeToDB(3728)) - Created Volume s3v With Owner runner required for S3Gateway operations.
2022-01-10 01:36:17,600 [Listener at 0.0.0.0/37371] WARN  server.ServerUtils (ServerUtils.java:getDefaultRatisDirectory(237)) - Storage directory for Ratis is not configured. It is a good idea to map this to an SSD disk. Falling back to ozone.metadata.dirs
2022-01-10 01:36:17,600 [Listener at 0.0.0.0/37371] WARN  utils.OzoneManagerRatisUtils (OzoneManagerRatisUtils.java:getOMRatisSnapshotDirectory(323)) - ozone.om.ratis.snapshot.dir is not configured. Falling back to ozone.metadata.dirs config
2022-01-10 01:36:17,601 [Listener at 0.0.0.0/37371] WARN  server.ServerUtils (ServerUtils.java:getDefaultRatisDirectory(237)) - Storage directory for Ratis is not configured. It is a good idea to map this to an SSD disk. Falling back to ozone.metadata.dirs
2022-01-10 01:36:17,602 [Listener at 0.0.0.0/37371] INFO  ratis.OzoneManagerRatisServer (OzoneManagerRatisServer.java:<init>(159)) - Instantiating OM Ratis server with groupID: omServiceIdDefault and peers: localhost:9872
2022-01-10 01:36:17,602 [Listener at 0.0.0.0/37371] INFO  ratis.OzoneManagerStateMachine (OzoneManagerStateMachine.java:loadSnapshotInfoFromDB(605)) - LastAppliedIndex is set from TransactionInfo from OM DB as (t:0, i:~)
2022-01-10 01:36:17,603 [Listener at 0.0.0.0/37371] INFO  server.RaftServer (ConfUtils.java:logGet(44)) - raft.rpc.type = GRPC (default)
2022-01-10 01:36:17,603 [Listener at 0.0.0.0/37371] INFO  grpc.GrpcFactory (GrpcFactory.java:checkPooledByteBufAllocatorUseCacheForAllThreads(48)) - PERFORMANCE WARNING: useCacheForAllThreads is true that may cause Netty to create a lot garbage objects and, as a result, trigger GC.
	It is recommended to disable useCacheForAllThreads by setting -Dorg.apache.ratis.thirdparty.io.netty.allocator.useCacheForAllThreads=false in command line.
2022-01-10 01:36:17,603 [Listener at 0.0.0.0/37371] INFO  grpc.GrpcConfigKeys (ConfUtils.java:logGet(44)) - raft.grpc.admin.port = -1 (default)
2022-01-10 01:36:17,603 [Listener at 0.0.0.0/37371] INFO  grpc.GrpcConfigKeys (ConfUtils.java:logGet(44)) - raft.grpc.server.port = 9872 (custom)
2022-01-10 01:36:17,603 [Listener at 0.0.0.0/37371] INFO  grpc.GrpcConfigKeys (ConfUtils.java:logGet(44)) - raft.grpc.client.port = -1 (default)
2022-01-10 01:36:17,603 [Listener at 0.0.0.0/37371] INFO  grpc.GrpcConfigKeys (ConfUtils.java:logGet(44)) - raft.grpc.server.port = 9872 (custom)
2022-01-10 01:36:17,603 [Listener at 0.0.0.0/37371] INFO  grpc.GrpcConfigKeys (ConfUtils.java:logGet(44)) - raft.grpc.server.port = 9872 (custom)
2022-01-10 01:36:17,603 [Listener at 0.0.0.0/37371] INFO  server.GrpcService (ConfUtils.java:logGet(44)) - raft.grpc.message.size.max = 33554432 (custom)
2022-01-10 01:36:17,604 [Listener at 0.0.0.0/37371] INFO  server.RaftServerConfigKeys (ConfUtils.java:logGet(44)) - raft.server.log.appender.buffer.byte-limit = 33554432 (custom)
2022-01-10 01:36:17,604 [Listener at 0.0.0.0/37371] INFO  server.GrpcService (ConfUtils.java:logGet(44)) - raft.grpc.flow.control.window = 1MB (=1048576) (default)
2022-01-10 01:36:17,604 [Listener at 0.0.0.0/37371] INFO  server.RaftServerConfigKeys (ConfUtils.java:logGet(44)) - raft.server.rpc.request.timeout = 3000ms (default)
2022-01-10 01:36:17,605 [Listener at 0.0.0.0/37371] INFO  impl.DataStreamServerImpl (ConfUtils.java:logGet(44)) - raft.datastream.type = DISABLED (default)
2022-01-10 01:36:17,605 [Listener at 0.0.0.0/37371] INFO  server.RaftServerConfigKeys (ConfUtils.java:logGet(44)) - raft.server.rpc.slowness.timeout = 120s (custom)
2022-01-10 01:36:17,605 [Listener at 0.0.0.0/37371] INFO  server.RaftServerConfigKeys (ConfUtils.java:logGet(44)) - raft.server.leaderelection.leader.step-down.wait-time = 10s (default)
2022-01-10 01:36:17,605 [Listener at 0.0.0.0/37371] INFO  server.RaftServerConfigKeys (ConfUtils.java:logGet(44)) - raft.server.storage.dir = [/home/runner/work/ozone/ozone/hadoop-ozone/integration-test/target/test-dir/MiniOzoneClusterImpl-464fc649-a0a5-4ced-a2bf-a15f727bdd97/ozone-meta/ratis] (custom)
2022-01-10 01:36:17,606 [Listener at 0.0.0.0/37371] INFO  server.RaftServer (RaftServerProxy.java:addNew(95)) - om1: addNew group-C5BA1605619E:[om1|rpc:localhost:9872|priority:0] returns group-C5BA1605619E:java.util.concurrent.CompletableFuture@11d7d941[Not completed]
2022-01-10 01:36:17,606 [Listener at 0.0.0.0/37371] INFO  om.OzoneManager (OzoneManager.java:initializeRatisServer(1834)) - OzoneManager Ratis server initialized at port 9872
2022-01-10 01:36:17,611 [Listener at 0.0.0.0/37371] INFO  ipc.CallQueueManager (CallQueueManager.java:<init>(90)) - Using callQueue: class java.util.concurrent.LinkedBlockingQueue, queueCapacity: 2000, scheduler: class org.apache.hadoop.ipc.DefaultRpcScheduler, ipcBackoff: false.
2022-01-10 01:36:17,611 [pool-185-thread-1] INFO  server.RaftServer$Division (RaftServerImpl.java:<init>(184)) - om1: new RaftServerImpl for group-C5BA1605619E:[om1|rpc:localhost:9872|priority:0] with OzoneManagerStateMachine:uninitialized
2022-01-10 01:36:17,624 [Socket Reader #1 for port 0] INFO  ipc.Server (Server.java:run(1265)) - Starting Socket Reader #1 for port 0
2022-01-10 01:36:17,634 [pool-185-thread-1] INFO  server.RaftServerConfigKeys (ConfUtils.java:logGet(44)) - raft.server.rpc.timeout.min = 1s (custom)
2022-01-10 01:36:17,634 [pool-185-thread-1] INFO  server.RaftServerConfigKeys (ConfUtils.java:logGet(44)) - raft.server.rpc.timeout.max = 1200ms (custom)
2022-01-10 01:36:17,634 [pool-185-thread-1] INFO  server.RaftServerConfigKeys (ConfUtils.java:logGet(44)) - raft.server.rpc.sleep.time = 25ms (default)
2022-01-10 01:36:17,634 [pool-185-thread-1] INFO  server.RaftServerConfigKeys (ConfUtils.java:logGet(44)) - raft.server.rpc.slowness.timeout = 120s (custom)
2022-01-10 01:36:17,634 [pool-185-thread-1] INFO  server.RaftServerConfigKeys (ConfUtils.java:logGet(44)) - raft.server.leaderelection.leader.step-down.wait-time = 10s (default)
2022-01-10 01:36:17,634 [pool-185-thread-1] INFO  server.RaftServerConfigKeys (ConfUtils.java:logGet(44)) - raft.server.sleep.deviation.threshold = 300ms (default)
2022-01-10 01:36:17,634 [pool-185-thread-1] INFO  server.RaftServerConfigKeys (ConfUtils.java:logGet(44)) - raft.server.log.appender.install.snapshot.enabled = false (custom)
2022-01-10 01:36:17,634 [pool-185-thread-1] INFO  server.RaftServer$Division (ServerState.java:<init>(105)) - om1@group-C5BA1605619E: ConfigurationManager, init=-1: [om1|rpc:localhost:9872|priority:0], old=null, confs=<EMPTY_MAP>
2022-01-10 01:36:17,634 [pool-185-thread-1] INFO  server.RaftServerConfigKeys (ConfUtils.java:logGet(44)) - raft.server.storage.dir = [/home/runner/work/ozone/ozone/hadoop-ozone/integration-test/target/test-dir/MiniOzoneClusterImpl-464fc649-a0a5-4ced-a2bf-a15f727bdd97/ozone-meta/ratis] (custom)
2022-01-10 01:36:17,639 [pool-185-thread-1] INFO  server.RaftServerConfigKeys (ConfUtils.java:logGet(44)) - raft.server.log.corruption.policy = EXCEPTION (default)
2022-01-10 01:36:17,639 [pool-185-thread-1] INFO  server.RaftServerConfigKeys (ConfUtils.java:logGet(44)) - raft.server.storage.free-space.min = 0MB (=0) (default)
2022-01-10 01:36:17,640 [pool-185-thread-1] INFO  storage.RaftStorageDirectory (RaftStorageDirectoryImpl.java:analyzeStorage(135)) - The storage directory /home/runner/work/ozone/ozone/hadoop-ozone/integration-test/target/test-dir/MiniOzoneClusterImpl-464fc649-a0a5-4ced-a2bf-a15f727bdd97/ozone-meta/ratis/bf265839-605b-3f16-9796-c5ba1605619e does not exist. Creating ...
2022-01-10 01:36:17,641 [pool-185-thread-1] INFO  storage.RaftStorageDirectory (RaftStorageDirectoryImpl.java:tryLock(230)) - Lock on /home/runner/work/ozone/ozone/hadoop-ozone/integration-test/target/test-dir/MiniOzoneClusterImpl-464fc649-a0a5-4ced-a2bf-a15f727bdd97/ozone-meta/ratis/bf265839-605b-3f16-9796-c5ba1605619e/in_use.lock acquired by nodename 16813@fv-az297-741
2022-01-10 01:36:17,642 [pool-185-thread-1] INFO  storage.RaftStorage (RaftStorageImpl.java:format(89)) - Storage directory /home/runner/work/ozone/ozone/hadoop-ozone/integration-test/target/test-dir/MiniOzoneClusterImpl-464fc649-a0a5-4ced-a2bf-a15f727bdd97/ozone-meta/ratis/bf265839-605b-3f16-9796-c5ba1605619e has been successfully formatted.
2022-01-10 01:36:17,642 [pool-185-thread-1] INFO  server.RaftServerConfigKeys (ConfUtils.java:logGet(44)) - raft.server.notification.no-leader.timeout = 120s (custom)
2022-01-10 01:36:17,642 [pool-185-thread-1] INFO  server.RaftServerConfigKeys (ConfUtils.java:logGet(44)) - raft.server.log.use.memory = false (default)
2022-01-10 01:36:17,642 [pool-185-thread-1] INFO  server.RaftServerConfigKeys (ConfUtils.java:logGet(44)) - raft.server.log.purge.gap = 1000000 (custom)
2022-01-10 01:36:17,642 [pool-185-thread-1] INFO  server.RaftServerConfigKeys (ConfUtils.java:logGet(44)) - raft.server.log.appender.buffer.byte-limit = 33554432 (custom)
2022-01-10 01:36:17,642 [pool-185-thread-1] INFO  server.RaftServerConfigKeys (ConfUtils.java:logGet(44)) - raft.server.log.segment.size.max = 4194304 (custom)
2022-01-10 01:36:17,643 [pool-185-thread-1] INFO  server.RaftServerConfigKeys (ConfUtils.java:logGet(44)) - raft.server.log.segment.cache.num.max = 2 (custom)
2022-01-10 01:36:17,643 [pool-185-thread-1] INFO  server.RaftServerConfigKeys (ConfUtils.java:logGet(44)) - raft.server.log.segment.cache.size.max = 200MB (=209715200) (default)
2022-01-10 01:36:17,643 [pool-185-thread-1] INFO  segmented.SegmentedRaftLogWorker (SegmentedRaftLogWorker.java:<init>(182)) - new om1@group-C5BA1605619E-SegmentedRaftLogWorker for RaftStorageImpl:Storage Directory /home/runner/work/ozone/ozone/hadoop-ozone/integration-test/target/test-dir/MiniOzoneClusterImpl-464fc649-a0a5-4ced-a2bf-a15f727bdd97/ozone-meta/ratis/bf265839-605b-3f16-9796-c5ba1605619e
2022-01-10 01:36:17,643 [pool-185-thread-1] INFO  server.RaftServerConfigKeys (ConfUtils.java:logGet(44)) - raft.server.log.queue.byte-limit = 64MB (=67108864) (default)
2022-01-10 01:36:17,643 [pool-185-thread-1] INFO  server.RaftServerConfigKeys (ConfUtils.java:logGet(44)) - raft.server.log.queue.element-limit = 4096 (default)
2022-01-10 01:36:17,643 [pool-185-thread-1] INFO  server.RaftServerConfigKeys (ConfUtils.java:logGet(44)) - raft.server.log.segment.size.max = 4194304 (custom)
2022-01-10 01:36:17,643 [pool-185-thread-1] INFO  server.RaftServerConfigKeys (ConfUtils.java:logGet(44)) - raft.server.log.preallocated.size = 4194304 (custom)
2022-01-10 01:36:17,643 [pool-185-thread-1] INFO  server.RaftServerConfigKeys (ConfUtils.java:logGet(44)) - raft.server.log.force.sync.num = 128 (default)
2022-01-10 01:36:17,643 [pool-185-thread-1] INFO  server.RaftServerConfigKeys (ConfUtils.java:logGet(44)) - raft.server.log.statemachine.data.sync = true (default)
2022-01-10 01:36:17,643 [pool-185-thread-1] INFO  server.RaftServerConfigKeys (ConfUtils.java:logGet(44)) - raft.server.log.statemachine.data.sync.timeout = 10s (default)
2022-01-10 01:36:17,643 [pool-185-thread-1] INFO  server.RaftServerConfigKeys (ConfUtils.java:logGet(44)) - raft.server.log.statemachine.data.sync.timeout.retry = -1 (default)
2022-01-10 01:36:17,644 [pool-185-thread-1] INFO  server.RaftServerConfigKeys (ConfUtils.java:logGet(44)) - raft.server.log.write.buffer.size = 64KB (=65536) (default)
2022-01-10 01:36:17,644 [pool-185-thread-1] INFO  server.RaftServerConfigKeys (ConfUtils.java:logGet(44)) - raft.server.log.statemachine.data.caching.enabled = false (default)
2022-01-10 01:36:17,644 [pool-185-thread-1] INFO  segmented.SegmentedRaftLogWorker (SegmentedRaftLogWorker.java:lambda$new$0(133)) - om1@group-C5BA1605619E-SegmentedRaftLogWorker: flushIndex: setUnconditionally 0 -> -1
2022-01-10 01:36:17,644 [pool-185-thread-1] INFO  segmented.SegmentedRaftLogWorker (SegmentedRaftLogWorker.java:lambda$new$0(133)) - om1@group-C5BA1605619E-SegmentedRaftLogWorker: safeCacheEvictIndex: setUnconditionally 0 -> -1
2022-01-10 01:36:17,655 [pool-185-thread-1] INFO  server.RaftServerConfigKeys (ConfUtils.java:logGet(44)) - raft.server.snapshot.auto.trigger.enabled = true (custom)
2022-01-10 01:36:17,655 [pool-185-thread-1] INFO  server.RaftServerConfigKeys (ConfUtils.java:logGet(44)) - raft.server.snapshot.auto.trigger.threshold = 400000 (default)
2022-01-10 01:36:17,655 [pool-185-thread-1] INFO  server.RaftServerConfigKeys (ConfUtils.java:logGet(44)) - raft.server.snapshot.retention.file.num = -1 (default)
2022-01-10 01:36:17,655 [pool-185-thread-1] INFO  server.RaftServerConfigKeys (ConfUtils.java:logGet(44)) - raft.server.log.purge.upto.snapshot.index = true (custom)
2022-01-10 01:36:17,656 [pool-185-thread-1] INFO  server.RaftServerConfigKeys (ConfUtils.java:logGet(44)) - raft.server.retrycache.expirytime = 300s (custom)
2022-01-10 01:36:17,656 [pool-185-thread-1] INFO  server.RaftServerConfigKeys (ConfUtils.java:logGet(44)) - raft.server.retrycache.statistics.expirytime = 100μs (default)
2022-01-10 01:36:17,684 [Listener at 127.0.0.1/37387] INFO  impl.MetricsSystemImpl (MetricsSystemImpl.java:init(158)) - OzoneManager metrics system started (again)
2022-01-10 01:36:17,713 [Listener at 127.0.0.1/37387] INFO  om.OzoneManager (OzoneManager.java:start(1365)) - OzoneManager RPC server is listening at localhost/127.0.0.1:37387
2022-01-10 01:36:17,713 [Listener at 127.0.0.1/37387] INFO  ratis.OzoneManagerRatisServer (OzoneManagerRatisServer.java:start(554)) - Starting OzoneManagerRatisServer om1 at port 9872
2022-01-10 01:36:17,714 [Listener at 127.0.0.1/37387] INFO  server.RaftServer$Division (RaftServerImpl.java:start(301)) - om1@group-C5BA1605619E: start as a follower, conf=-1: [om1|rpc:localhost:9872|priority:0], old=null
2022-01-10 01:36:17,714 [Listener at 127.0.0.1/37387] INFO  server.RaftServer$Division (RaftServerImpl.java:setRole(290)) - om1@group-C5BA1605619E: changes role from      null to FOLLOWER at term 0 for startAsFollower
2022-01-10 01:36:17,714 [Listener at 127.0.0.1/37387] INFO  impl.RoleInfo (RoleInfo.java:updateAndGet(130)) - om1: start om1@group-C5BA1605619E-FollowerState
2022-01-10 01:36:17,718 [Listener at 127.0.0.1/37387] INFO  util.JmxRegister (JmxRegister.java:tryRegister(44)) - Successfully registered JMX Bean with object name Ratis:service=RaftServer,group=group-C5BA1605619E,id=om1
2022-01-10 01:36:17,720 [Listener at 127.0.0.1/37387] INFO  server.RaftServer (RaftServerProxy.java:lambda$start$5(374)) - om1: start RPC server
2022-01-10 01:36:17,725 [Listener at 127.0.0.1/37387] INFO  server.GrpcService (GrpcService.java:startImpl(253)) - om1: GrpcService started, listening on 9872
2022-01-10 01:36:17,726 [Listener at 127.0.0.1/37387] INFO  om.OzoneManager (OzoneManager.java:start(1381)) - Version File has different layout version (0) than OM DB (null). That is expected if this OM has never been finalized to a newer layout version.
2022-01-10 01:36:17,726 [org.apache.ratis.util.JvmPauseMonitor$$Lambda$529/1957356322@2602f45] INFO  util.JvmPauseMonitor (JvmPauseMonitor.java:run(103)) - JvmPauseMonitor-om1: Started
2022-01-10 01:36:17,734 [Listener at 127.0.0.1/37387] INFO  http.BaseHttpServer (BaseHttpServer.java:newHttpServer2BuilderForOzone(209)) - Starting Web-server for ozoneManager at: http://0.0.0.0:0
2022-01-10 01:36:17,734 [Listener at 127.0.0.1/37387] INFO  http.BaseHttpServer (BaseHttpServer.java:<init>(107)) - Hadoop Security Enabled: false Ozone Security Enabled: false Ozone HTTP Security Enabled: false 
2022-01-10 01:36:17,738 [Listener at 127.0.0.1/37387] INFO  server.AuthenticationFilter (AuthenticationFilter.java:constructSecretProvider(240)) - Unable to initialize FileSignerSecretProvider, falling back to use random secrets.
2022-01-10 01:36:17,745 [Listener at 127.0.0.1/37387] WARN  http.HttpRequestLog (HttpRequestLog.java:getRequestLog(103)) - Jetty request log can only be enabled using Log4j
2022-01-10 01:36:17,747 [Listener at 127.0.0.1/37387] INFO  http.HttpServer2 (HttpServer2.java:addGlobalFilter(1030)) - Added global filter 'safety' (class=org.apache.hadoop.hdds.server.http.HttpServer2$QuotingInputFilter)
2022-01-10 01:36:17,748 [Listener at 127.0.0.1/37387] INFO  http.HttpServer2 (HttpServer2.java:addFilter(1006)) - Added filter static_user_filter (class=org.apache.hadoop.http.lib.StaticUserWebFilter$StaticUserFilter) to context ozoneManager
2022-01-10 01:36:17,748 [Listener at 127.0.0.1/37387] INFO  http.HttpServer2 (HttpServer2.java:addFilter(1014)) - Added filter static_user_filter (class=org.apache.hadoop.http.lib.StaticUserWebFilter$StaticUserFilter) to context static
2022-01-10 01:36:17,748 [Listener at 127.0.0.1/37387] INFO  http.HttpServer2 (HttpServer2.java:addFilter(1014)) - Added filter static_user_filter (class=org.apache.hadoop.http.lib.StaticUserWebFilter$StaticUserFilter) to context logs
2022-01-10 01:36:17,748 [Listener at 127.0.0.1/37387] INFO  http.HttpServer2 (HttpServer2.java:bindListener(1249)) - Jetty bound to port 38819
2022-01-10 01:36:17,748 [Listener at 127.0.0.1/37387] INFO  server.Server (Server.java:doStart(375)) - jetty-9.4.43.v20210629; built: 2021-06-30T11:07:22.254Z; git: 526006ecfa3af7f1a27ef3a288e2bef7ea9dd7e8; jvm 1.8.0_292-b10
2022-01-10 01:36:17,801 [Listener at 127.0.0.1/37387] INFO  server.session (DefaultSessionIdManager.java:doStart(334)) - DefaultSessionIdManager workerName=node0
2022-01-10 01:36:17,801 [Listener at 127.0.0.1/37387] INFO  server.session (DefaultSessionIdManager.java:doStart(339)) - No SessionScavenger set, using defaults
2022-01-10 01:36:17,801 [Listener at 127.0.0.1/37387] INFO  server.session (HouseKeeper.java:startScavenging(132)) - node0 Scavenging every 600000ms
2022-01-10 01:36:17,808 [Listener at 127.0.0.1/37387] INFO  handler.ContextHandler (ContextHandler.java:doStart(915)) - Started o.e.j.s.ServletContextHandler@3b396dbf{logs,/logs,file:///home/runner/work/ozone/ozone/hadoop-ozone/integration-test/target/log,AVAILABLE}
2022-01-10 01:36:17,809 [Listener at 127.0.0.1/37387] INFO  handler.ContextHandler (ContextHandler.java:doStart(915)) - Started o.e.j.s.ServletContextHandler@15b078f{static,/static,file:///home/runner/work/ozone/ozone/hadoop-ozone/integration-test/target/test-classes/webapps/static,AVAILABLE}
2022-01-10 01:36:17,812 [Listener at 127.0.0.1/37387] INFO  handler.ContextHandler (ContextHandler.java:doStart(915)) - Started o.e.j.w.WebAppContext@61a16111{ozoneManager,/,file:///home/runner/work/ozone/ozone/hadoop-ozone/integration-test/target/test-classes/webapps/ozoneManager/,AVAILABLE}{file:/home/runner/work/ozone/ozone/hadoop-ozone/integration-test/target/test-classes/webapps/ozoneManager}
2022-01-10 01:36:17,826 [Listener at 127.0.0.1/37387] INFO  server.AbstractConnector (AbstractConnector.java:doStart(331)) - Started ServerConnector@6f48bbde{HTTP/1.1, (http/1.1)}{0.0.0.0:38819}
2022-01-10 01:36:17,826 [Listener at 127.0.0.1/37387] INFO  server.Server (Server.java:doStart(415)) - Started @56096ms
2022-01-10 01:36:17,826 [Listener at 127.0.0.1/37387] WARN  impl.MetricsSystemImpl (MetricsSystemImpl.java:register(279)) - Sink prometheus already exists!
2022-01-10 01:36:17,827 [Listener at 127.0.0.1/37387] INFO  http.BaseHttpServer (BaseHttpServer.java:updateConnectorAddress(329)) - HTTP server of ozoneManager listening at http://0.0.0.0:38819
2022-01-10 01:36:17,829 [IPC Server Responder] INFO  ipc.Server (Server.java:run(1507)) - IPC Server Responder: starting
2022-01-10 01:36:17,831 [IPC Server listener on 0] INFO  ipc.Server (Server.java:run(1344)) - IPC Server listener on 0: starting
2022-01-10 01:36:17,894 [Listener at 127.0.0.1/37387] INFO  om.TrashPolicyOzone (TrashPolicyOzone.java:<init>(178)) - Ozone Manager trash configuration: Deletion interval = 0 minutes, Emptier interval = 0 minutes.
2022-01-10 01:36:17,906 [Listener at 127.0.0.1/37387] WARN  impl.MetricRegistriesImpl (MetricRegistriesImpl.java:addReporterRegistration(111)) - New reporters are added after registries were created. Some metrics will be missing from the reporter. Please add reporter before adding any new registry.
2022-01-10 01:36:17,918 [Listener at 127.0.0.1/37387] WARN  impl.MetricRegistriesImpl (MetricRegistriesImpl.java:addReporterRegistration(111)) - New reporters are added after registries were created. Some metrics will be missing from the reporter. Please add reporter before adding any new registry.
2022-01-10 01:36:17,918 [Listener at 127.0.0.1/37387] INFO  impl.MetricsSystemImpl (MetricsSystemImpl.java:init(158)) - HddsDatanode metrics system started (again)
2022-01-10 01:36:17,918 [org.apache.hadoop.util.JvmPauseMonitor$Monitor@7b09274] INFO  util.JvmPauseMonitor (JvmPauseMonitor.java:run(188)) - Starting JVM pause monitor
2022-01-10 01:36:17,951 [Listener at 127.0.0.1/37387] INFO  ozone.HddsDatanodeService (HddsDatanodeService.java:start(234)) - HddsDatanodeService host:fv-az297-741.nmf1rxwemy4u5di1sxxf4ejcwb.jx.internal.cloudapp.net ip:10.1.0.8
2022-01-10 01:36:17,991 [Listener at 127.0.0.1/37387] INFO  upgrade.AbstractLayoutVersionManager (AbstractLayoutVersionManager.java:init(79)) - Initializing Layout version manager with metadata layout = SCM_HA (version = 2), software layout = SCM_HA (version = 2)
2022-01-10 01:36:18,027 [Listener at 127.0.0.1/37387] INFO  reflections.Reflections (Reflections.java:scan(232)) - Reflections took 34 ms to scan 7 urls, producing 119 keys and 279 values 
2022-01-10 01:36:18,028 [Listener at 127.0.0.1/37387] INFO  statemachine.DatanodeStateMachine (DatanodeStateMachine.java:getEndPointTaskThreadPoolSize(219)) - Datanode State Machine Task Thread Pool size 2
2022-01-10 01:36:18,029 [Listener at 127.0.0.1/37387] INFO  volume.HddsVolume (HddsVolume.java:<init>(120)) - Creating HddsVolume: /home/runner/work/ozone/ozone/hadoop-ozone/integration-test/target/test-dir/MiniOzoneClusterImpl-464fc649-a0a5-4ced-a2bf-a15f727bdd97/datanode-0/data-0/containers/hdds of storage type : DISK capacity : 9223372036854775807
2022-01-10 01:36:18,030 [Listener at 127.0.0.1/37387] INFO  volume.MutableVolumeSet (MutableVolumeSet.java:initializeVolumeSet(168)) - Added Volume : /home/runner/work/ozone/ozone/hadoop-ozone/integration-test/target/test-dir/MiniOzoneClusterImpl-464fc649-a0a5-4ced-a2bf-a15f727bdd97/datanode-0/data-0/containers/hdds to VolumeSet
2022-01-10 01:36:18,030 [Listener at 127.0.0.1/37387] INFO  volume.ThrottledAsyncChecker (ThrottledAsyncChecker.java:schedule(141)) - Scheduling a check for /home/runner/work/ozone/ozone/hadoop-ozone/integration-test/target/test-dir/MiniOzoneClusterImpl-464fc649-a0a5-4ced-a2bf-a15f727bdd97/datanode-0/data-0/containers/hdds
2022-01-10 01:36:18,030 [Listener at 127.0.0.1/37387] INFO  volume.StorageVolumeChecker (StorageVolumeChecker.java:checkAllVolumes(202)) - Scheduled health check for volume /home/runner/work/ozone/ozone/hadoop-ozone/integration-test/target/test-dir/MiniOzoneClusterImpl-464fc649-a0a5-4ced-a2bf-a15f727bdd97/datanode-0/data-0/containers/hdds
2022-01-10 01:36:18,041 [Listener at 127.0.0.1/37387] INFO  volume.MutableVolumeSet (MutableVolumeSet.java:initializeVolumeSet(168)) - Added Volume : /home/runner/work/ozone/ozone/hadoop-ozone/integration-test/target/test-dir/MiniOzoneClusterImpl-464fc649-a0a5-4ced-a2bf-a15f727bdd97/datanode-0/data/ratis to VolumeSet
2022-01-10 01:36:18,042 [Listener at 127.0.0.1/37387] INFO  volume.ThrottledAsyncChecker (ThrottledAsyncChecker.java:schedule(141)) - Scheduling a check for /home/runner/work/ozone/ozone/hadoop-ozone/integration-test/target/test-dir/MiniOzoneClusterImpl-464fc649-a0a5-4ced-a2bf-a15f727bdd97/datanode-0/data/ratis
2022-01-10 01:36:18,042 [Listener at 127.0.0.1/37387] INFO  volume.StorageVolumeChecker (StorageVolumeChecker.java:checkAllVolumes(202)) - Scheduled health check for volume /home/runner/work/ozone/ozone/hadoop-ozone/integration-test/target/test-dir/MiniOzoneClusterImpl-464fc649-a0a5-4ced-a2bf-a15f727bdd97/datanode-0/data/ratis
2022-01-10 01:36:18,052 [Thread-509] INFO  ozoneimpl.ContainerReader (ContainerReader.java:readVolume(172)) - Finish verifying containers on volume /home/runner/work/ozone/ozone/hadoop-ozone/integration-test/target/test-dir/MiniOzoneClusterImpl-464fc649-a0a5-4ced-a2bf-a15f727bdd97/datanode-0/data-0/containers/hdds
2022-01-10 01:36:18,052 [Listener at 127.0.0.1/37387] INFO  ozoneimpl.OzoneContainer (OzoneContainer.java:buildContainerSet(237)) - Build ContainerSet costs 0s
2022-01-10 01:36:18,054 [Listener at 127.0.0.1/37387] INFO  server.RaftServer (ConfUtils.java:logGet(44)) - raft.rpc.type = GRPC (default)
2022-01-10 01:36:18,054 [Listener at 127.0.0.1/37387] INFO  grpc.GrpcFactory (GrpcFactory.java:checkPooledByteBufAllocatorUseCacheForAllThreads(48)) - PERFORMANCE WARNING: useCacheForAllThreads is true that may cause Netty to create a lot garbage objects and, as a result, trigger GC.
	It is recommended to disable useCacheForAllThreads by setting -Dorg.apache.ratis.thirdparty.io.netty.allocator.useCacheForAllThreads=false in command line.
2022-01-10 01:36:18,054 [Listener at 127.0.0.1/37387] INFO  grpc.GrpcConfigKeys (ConfUtils.java:logGet(44)) - raft.grpc.admin.port = 0 (custom)
2022-01-10 01:36:18,055 [Listener at 127.0.0.1/37387] INFO  grpc.GrpcConfigKeys (ConfUtils.java:logGet(44)) - raft.grpc.client.port = 0 (custom)
2022-01-10 01:36:18,055 [Listener at 127.0.0.1/37387] INFO  grpc.GrpcConfigKeys (ConfUtils.java:logGet(44)) - raft.grpc.server.port = 0 (default)
2022-01-10 01:36:18,055 [Listener at 127.0.0.1/37387] INFO  server.GrpcService (ConfUtils.java:logGet(44)) - raft.grpc.message.size.max = 32MB (=33554432) (custom)
2022-01-10 01:36:18,055 [Listener at 127.0.0.1/37387] INFO  server.RaftServerConfigKeys (ConfUtils.java:logGet(44)) - raft.server.log.appender.buffer.byte-limit = 33554432 (custom)
2022-01-10 01:36:18,055 [Listener at 127.0.0.1/37387] INFO  server.GrpcService (ConfUtils.java:logGet(44)) - raft.grpc.flow.control.window = 5MB (=5242880) (custom)
2022-01-10 01:36:18,055 [Listener at 127.0.0.1/37387] INFO  server.RaftServerConfigKeys (ConfUtils.java:logGet(44)) - raft.server.rpc.request.timeout = 60s (custom)
2022-01-10 01:36:18,056 [Listener at 127.0.0.1/37387] INFO  impl.DataStreamServerImpl (ConfUtils.java:logGet(44)) - raft.datastream.type = DISABLED (default)
2022-01-10 01:36:18,056 [Listener at 127.0.0.1/37387] INFO  server.RaftServerConfigKeys (ConfUtils.java:logGet(44)) - raft.server.rpc.slowness.timeout = 300s (custom)
2022-01-10 01:36:18,056 [Listener at 127.0.0.1/37387] INFO  server.RaftServerConfigKeys (ConfUtils.java:logGet(44)) - raft.server.leaderelection.leader.step-down.wait-time = 10s (default)
2022-01-10 01:36:18,056 [Listener at 127.0.0.1/37387] INFO  server.RaftServerConfigKeys (ConfUtils.java:logGet(44)) - raft.server.storage.dir = [/home/runner/work/ozone/ozone/hadoop-ozone/integration-test/target/test-dir/MiniOzoneClusterImpl-464fc649-a0a5-4ced-a2bf-a15f727bdd97/datanode-0/data/ratis] (custom)
2022-01-10 01:36:18,057 [Listener at 127.0.0.1/37387] INFO  server.XceiverServerGrpc (XceiverServerGrpc.java:<init>(132)) - GrpcServer channel type EpollServerSocketChannel
2022-01-10 01:36:18,071 [Listener at 127.0.0.1/37387] INFO  http.BaseHttpServer (BaseHttpServer.java:newHttpServer2BuilderForOzone(209)) - Starting Web-server for hddsDatanode at: http://0.0.0.0:0
2022-01-10 01:36:18,071 [Listener at 127.0.0.1/37387] INFO  http.BaseHttpServer (BaseHttpServer.java:<init>(107)) - Hadoop Security Enabled: false Ozone Security Enabled: false Ozone HTTP Security Enabled: false 
2022-01-10 01:36:18,072 [Listener at 127.0.0.1/37387] INFO  server.AuthenticationFilter (AuthenticationFilter.java:constructSecretProvider(240)) - Unable to initialize FileSignerSecretProvider, falling back to use random secrets.
2022-01-10 01:36:18,080 [Listener at 127.0.0.1/37387] WARN  http.HttpRequestLog (HttpRequestLog.java:getRequestLog(103)) - Jetty request log can only be enabled using Log4j
2022-01-10 01:36:18,081 [Listener at 127.0.0.1/37387] INFO  http.HttpServer2 (HttpServer2.java:addGlobalFilter(1030)) - Added global filter 'safety' (class=org.apache.hadoop.hdds.server.http.HttpServer2$QuotingInputFilter)
2022-01-10 01:36:18,082 [Listener at 127.0.0.1/37387] INFO  http.HttpServer2 (HttpServer2.java:addFilter(1006)) - Added filter static_user_filter (class=org.apache.hadoop.http.lib.StaticUserWebFilter$StaticUserFilter) to context hddsDatanode
2022-01-10 01:36:18,082 [Listener at 127.0.0.1/37387] INFO  http.HttpServer2 (HttpServer2.java:addFilter(1014)) - Added filter static_user_filter (class=org.apache.hadoop.http.lib.StaticUserWebFilter$StaticUserFilter) to context static
2022-01-10 01:36:18,082 [Listener at 127.0.0.1/37387] INFO  http.HttpServer2 (HttpServer2.java:addFilter(1014)) - Added filter static_user_filter (class=org.apache.hadoop.http.lib.StaticUserWebFilter$StaticUserFilter) to context logs
2022-01-10 01:36:18,082 [Listener at 127.0.0.1/37387] INFO  http.HttpServer2 (HttpServer2.java:bindListener(1249)) - Jetty bound to port 46515
2022-01-10 01:36:18,082 [Listener at 127.0.0.1/37387] INFO  server.Server (Server.java:doStart(375)) - jetty-9.4.43.v20210629; built: 2021-06-30T11:07:22.254Z; git: 526006ecfa3af7f1a27ef3a288e2bef7ea9dd7e8; jvm 1.8.0_292-b10
2022-01-10 01:36:18,138 [Listener at 127.0.0.1/37387] INFO  server.session (DefaultSessionIdManager.java:doStart(334)) - DefaultSessionIdManager workerName=node0
2022-01-10 01:36:18,138 [Listener at 127.0.0.1/37387] INFO  server.session (DefaultSessionIdManager.java:doStart(339)) - No SessionScavenger set, using defaults
2022-01-10 01:36:18,138 [Listener at 127.0.0.1/37387] INFO  server.session (HouseKeeper.java:startScavenging(132)) - node0 Scavenging every 660000ms
2022-01-10 01:36:18,142 [Listener at 127.0.0.1/37387] INFO  handler.ContextHandler (ContextHandler.java:doStart(915)) - Started o.e.j.s.ServletContextHandler@4cf88216{logs,/logs,file:///home/runner/work/ozone/ozone/hadoop-ozone/integration-test/target/log,AVAILABLE}
2022-01-10 01:36:18,142 [Listener at 127.0.0.1/37387] INFO  handler.ContextHandler (ContextHandler.java:doStart(915)) - Started o.e.j.s.ServletContextHandler@799e5418{static,/static,jar:file:/home/runner/.m2/repository/org/apache/ozone/hdds-container-service/1.3.0-SNAPSHOT/hdds-container-service-1.3.0-SNAPSHOT.jar!/webapps/static,AVAILABLE}
2022-01-10 01:36:18,261 [Listener at 127.0.0.1/37387] INFO  handler.ContextHandler (ContextHandler.java:doStart(915)) - Started o.e.j.w.WebAppContext@2577f595{hddsDatanode,/,file:///tmp/jetty-0_0_0_0-46515-hdds-container-service-1_3_0-SNAPSHOT_jar-_-any-8956407667356323609/webapp/,AVAILABLE}{jar:file:/home/runner/.m2/repository/org/apache/ozone/hdds-container-service/1.3.0-SNAPSHOT/hdds-container-service-1.3.0-SNAPSHOT.jar!/webapps/hddsDatanode}
2022-01-10 01:36:18,262 [Listener at 127.0.0.1/37387] INFO  server.AbstractConnector (AbstractConnector.java:doStart(331)) - Started ServerConnector@2231f1f7{HTTP/1.1, (http/1.1)}{0.0.0.0:46515}
2022-01-10 01:36:18,262 [Listener at 127.0.0.1/37387] INFO  server.Server (Server.java:doStart(415)) - Started @56532ms
2022-01-10 01:36:18,262 [Listener at 127.0.0.1/37387] WARN  impl.MetricsSystemImpl (MetricsSystemImpl.java:register(279)) - Sink prometheus already exists!
2022-01-10 01:36:18,264 [Listener at 127.0.0.1/37387] INFO  http.BaseHttpServer (BaseHttpServer.java:updateConnectorAddress(329)) - HTTP server of hddsDatanode listening at http://0.0.0.0:46515
2022-01-10 01:36:18,271 [Listener at 127.0.0.1/37387] WARN  impl.MetricRegistriesImpl (MetricRegistriesImpl.java:addReporterRegistration(111)) - New reporters are added after registries were created. Some metrics will be missing from the reporter. Please add reporter before adding any new registry.
2022-01-10 01:36:18,271 [Listener at 127.0.0.1/37387] WARN  impl.MetricRegistriesImpl (MetricRegistriesImpl.java:addReporterRegistration(111)) - New reporters are added after registries were created. Some metrics will be missing from the reporter. Please add reporter before adding any new registry.
2022-01-10 01:36:18,271 [Listener at 127.0.0.1/37387] INFO  impl.MetricsSystemImpl (MetricsSystemImpl.java:init(158)) - HddsDatanode metrics system started (again)
2022-01-10 01:36:18,278 [Datanode State Machine Daemon Thread] INFO  statemachine.DatanodeStateMachine (DatanodeStateMachine.java:lambda$startDaemon$0(467)) - Ozone container server started.
2022-01-10 01:36:18,297 [Listener at 127.0.0.1/37387] INFO  ozone.HddsDatanodeService (HddsDatanodeService.java:start(234)) - HddsDatanodeService host:fv-az297-741.nmf1rxwemy4u5di1sxxf4ejcwb.jx.internal.cloudapp.net ip:10.1.0.8
2022-01-10 01:36:18,319 [org.apache.hadoop.util.JvmPauseMonitor$Monitor@1f16603f] INFO  util.JvmPauseMonitor (JvmPauseMonitor.java:run(188)) - Starting JVM pause monitor
2022-01-10 01:36:18,329 [Datanode State Machine Task Thread - 0] INFO  datanode.InitDatanodeState (InitDatanodeState.java:persistContainerDatanodeDetails(145)) - DatanodeDetails is persisted to /home/runner/work/ozone/ozone/hadoop-ozone/integration-test/target/test-dir/MiniOzoneClusterImpl-464fc649-a0a5-4ced-a2bf-a15f727bdd97/datanode-0/meta/datanode.id
2022-01-10 01:36:18,363 [Listener at 127.0.0.1/37387] INFO  upgrade.AbstractLayoutVersionManager (AbstractLayoutVersionManager.java:init(79)) - Initializing Layout version manager with metadata layout = SCM_HA (version = 2), software layout = SCM_HA (version = 2)
2022-01-10 01:36:18,434 [Listener at 127.0.0.1/37387] INFO  reflections.Reflections (Reflections.java:scan(232)) - Reflections took 70 ms to scan 7 urls, producing 119 keys and 279 values 
2022-01-10 01:36:18,436 [Listener at 127.0.0.1/37387] INFO  statemachine.DatanodeStateMachine (DatanodeStateMachine.java:getEndPointTaskThreadPoolSize(219)) - Datanode State Machine Task Thread Pool size 2
2022-01-10 01:36:18,442 [Listener at 127.0.0.1/37387] INFO  volume.HddsVolume (HddsVolume.java:<init>(120)) - Creating HddsVolume: /home/runner/work/ozone/ozone/hadoop-ozone/integration-test/target/test-dir/MiniOzoneClusterImpl-464fc649-a0a5-4ced-a2bf-a15f727bdd97/datanode-1/data-0/containers/hdds of storage type : DISK capacity : 9223372036854775807
2022-01-10 01:36:18,442 [Listener at 127.0.0.1/37387] INFO  volume.MutableVolumeSet (MutableVolumeSet.java:initializeVolumeSet(168)) - Added Volume : /home/runner/work/ozone/ozone/hadoop-ozone/integration-test/target/test-dir/MiniOzoneClusterImpl-464fc649-a0a5-4ced-a2bf-a15f727bdd97/datanode-1/data-0/containers/hdds to VolumeSet
2022-01-10 01:36:18,443 [Listener at 127.0.0.1/37387] INFO  volume.ThrottledAsyncChecker (ThrottledAsyncChecker.java:schedule(141)) - Scheduling a check for /home/runner/work/ozone/ozone/hadoop-ozone/integration-test/target/test-dir/MiniOzoneClusterImpl-464fc649-a0a5-4ced-a2bf-a15f727bdd97/datanode-1/data-0/containers/hdds
2022-01-10 01:36:18,460 [Listener at 127.0.0.1/37387] INFO  volume.StorageVolumeChecker (StorageVolumeChecker.java:checkAllVolumes(202)) - Scheduled health check for volume /home/runner/work/ozone/ozone/hadoop-ozone/integration-test/target/test-dir/MiniOzoneClusterImpl-464fc649-a0a5-4ced-a2bf-a15f727bdd97/datanode-1/data-0/containers/hdds
2022-01-10 01:36:18,475 [Listener at 127.0.0.1/37387] INFO  volume.MutableVolumeSet (MutableVolumeSet.java:initializeVolumeSet(168)) - Added Volume : /home/runner/work/ozone/ozone/hadoop-ozone/integration-test/target/test-dir/MiniOzoneClusterImpl-464fc649-a0a5-4ced-a2bf-a15f727bdd97/datanode-1/data/ratis to VolumeSet
2022-01-10 01:36:18,485 [Listener at 127.0.0.1/37387] INFO  volume.ThrottledAsyncChecker (ThrottledAsyncChecker.java:schedule(141)) - Scheduling a check for /home/runner/work/ozone/ozone/hadoop-ozone/integration-test/target/test-dir/MiniOzoneClusterImpl-464fc649-a0a5-4ced-a2bf-a15f727bdd97/datanode-1/data/ratis
2022-01-10 01:36:18,486 [Listener at 127.0.0.1/37387] INFO  volume.StorageVolumeChecker (StorageVolumeChecker.java:checkAllVolumes(202)) - Scheduled health check for volume /home/runner/work/ozone/ozone/hadoop-ozone/integration-test/target/test-dir/MiniOzoneClusterImpl-464fc649-a0a5-4ced-a2bf-a15f727bdd97/datanode-1/data/ratis
2022-01-10 01:36:18,550 [Thread-521] INFO  ozoneimpl.ContainerReader (ContainerReader.java:readVolume(172)) - Finish verifying containers on volume /home/runner/work/ozone/ozone/hadoop-ozone/integration-test/target/test-dir/MiniOzoneClusterImpl-464fc649-a0a5-4ced-a2bf-a15f727bdd97/datanode-1/data-0/containers/hdds
2022-01-10 01:36:18,550 [Listener at 127.0.0.1/37387] INFO  ozoneimpl.OzoneContainer (OzoneContainer.java:buildContainerSet(237)) - Build ContainerSet costs 0s
2022-01-10 01:36:18,552 [Listener at 127.0.0.1/37387] INFO  server.RaftServer (ConfUtils.java:logGet(44)) - raft.rpc.type = GRPC (default)
2022-01-10 01:36:18,553 [Listener at 127.0.0.1/37387] INFO  grpc.GrpcFactory (GrpcFactory.java:checkPooledByteBufAllocatorUseCacheForAllThreads(48)) - PERFORMANCE WARNING: useCacheForAllThreads is true that may cause Netty to create a lot garbage objects and, as a result, trigger GC.
	It is recommended to disable useCacheForAllThreads by setting -Dorg.apache.ratis.thirdparty.io.netty.allocator.useCacheForAllThreads=false in command line.
2022-01-10 01:36:18,553 [Listener at 127.0.0.1/37387] INFO  grpc.GrpcConfigKeys (ConfUtils.java:logGet(44)) - raft.grpc.admin.port = 0 (custom)
2022-01-10 01:36:18,553 [Listener at 127.0.0.1/37387] INFO  grpc.GrpcConfigKeys (ConfUtils.java:logGet(44)) - raft.grpc.client.port = 0 (custom)
2022-01-10 01:36:18,553 [Listener at 127.0.0.1/37387] INFO  grpc.GrpcConfigKeys (ConfUtils.java:logGet(44)) - raft.grpc.server.port = 0 (default)
2022-01-10 01:36:18,553 [Listener at 127.0.0.1/37387] INFO  server.GrpcService (ConfUtils.java:logGet(44)) - raft.grpc.message.size.max = 32MB (=33554432) (custom)
2022-01-10 01:36:18,553 [Listener at 127.0.0.1/37387] INFO  server.RaftServerConfigKeys (ConfUtils.java:logGet(44)) - raft.server.log.appender.buffer.byte-limit = 33554432 (custom)
2022-01-10 01:36:18,553 [Listener at 127.0.0.1/37387] INFO  server.GrpcService (ConfUtils.java:logGet(44)) - raft.grpc.flow.control.window = 5MB (=5242880) (custom)
2022-01-10 01:36:18,554 [Listener at 127.0.0.1/37387] INFO  server.RaftServerConfigKeys (ConfUtils.java:logGet(44)) - raft.server.rpc.request.timeout = 60s (custom)
2022-01-10 01:36:18,555 [Listener at 127.0.0.1/37387] INFO  impl.DataStreamServerImpl (ConfUtils.java:logGet(44)) - raft.datastream.type = DISABLED (default)
2022-01-10 01:36:18,555 [Listener at 127.0.0.1/37387] INFO  server.RaftServerConfigKeys (ConfUtils.java:logGet(44)) - raft.server.rpc.slowness.timeout = 300s (custom)
2022-01-10 01:36:18,555 [Listener at 127.0.0.1/37387] INFO  server.RaftServerConfigKeys (ConfUtils.java:logGet(44)) - raft.server.leaderelection.leader.step-down.wait-time = 10s (default)
2022-01-10 01:36:18,555 [Listener at 127.0.0.1/37387] INFO  server.RaftServerConfigKeys (ConfUtils.java:logGet(44)) - raft.server.storage.dir = [/home/runner/work/ozone/ozone/hadoop-ozone/integration-test/target/test-dir/MiniOzoneClusterImpl-464fc649-a0a5-4ced-a2bf-a15f727bdd97/datanode-1/data/ratis] (custom)
2022-01-10 01:36:18,556 [Listener at 127.0.0.1/37387] INFO  server.XceiverServerGrpc (XceiverServerGrpc.java:<init>(132)) - GrpcServer channel type EpollServerSocketChannel
2022-01-10 01:36:18,564 [Listener at 127.0.0.1/37387] INFO  http.BaseHttpServer (BaseHttpServer.java:newHttpServer2BuilderForOzone(209)) - Starting Web-server for hddsDatanode at: http://0.0.0.0:0
2022-01-10 01:36:18,565 [Listener at 127.0.0.1/37387] INFO  http.BaseHttpServer (BaseHttpServer.java:<init>(107)) - Hadoop Security Enabled: false Ozone Security Enabled: false Ozone HTTP Security Enabled: false 
2022-01-10 01:36:18,566 [Listener at 127.0.0.1/37387] INFO  server.AuthenticationFilter (AuthenticationFilter.java:constructSecretProvider(240)) - Unable to initialize FileSignerSecretProvider, falling back to use random secrets.
2022-01-10 01:36:18,570 [Listener at 127.0.0.1/37387] WARN  http.HttpRequestLog (HttpRequestLog.java:getRequestLog(103)) - Jetty request log can only be enabled using Log4j
2022-01-10 01:36:18,570 [Listener at 127.0.0.1/37387] INFO  http.HttpServer2 (HttpServer2.java:addGlobalFilter(1030)) - Added global filter 'safety' (class=org.apache.hadoop.hdds.server.http.HttpServer2$QuotingInputFilter)
2022-01-10 01:36:18,571 [Listener at 127.0.0.1/37387] INFO  http.HttpServer2 (HttpServer2.java:addFilter(1006)) - Added filter static_user_filter (class=org.apache.hadoop.http.lib.StaticUserWebFilter$StaticUserFilter) to context hddsDatanode
2022-01-10 01:36:18,571 [Listener at 127.0.0.1/37387] INFO  http.HttpServer2 (HttpServer2.java:addFilter(1014)) - Added filter static_user_filter (class=org.apache.hadoop.http.lib.StaticUserWebFilter$StaticUserFilter) to context static
2022-01-10 01:36:18,571 [Listener at 127.0.0.1/37387] INFO  http.HttpServer2 (HttpServer2.java:addFilter(1014)) - Added filter static_user_filter (class=org.apache.hadoop.http.lib.StaticUserWebFilter$StaticUserFilter) to context logs
2022-01-10 01:36:18,572 [Listener at 127.0.0.1/37387] INFO  http.HttpServer2 (HttpServer2.java:bindListener(1249)) - Jetty bound to port 36067
2022-01-10 01:36:18,572 [Listener at 127.0.0.1/37387] INFO  server.Server (Server.java:doStart(375)) - jetty-9.4.43.v20210629; built: 2021-06-30T11:07:22.254Z; git: 526006ecfa3af7f1a27ef3a288e2bef7ea9dd7e8; jvm 1.8.0_292-b10
2022-01-10 01:36:18,624 [Listener at 127.0.0.1/37387] INFO  server.session (DefaultSessionIdManager.java:doStart(334)) - DefaultSessionIdManager workerName=node0
2022-01-10 01:36:18,625 [Listener at 127.0.0.1/37387] INFO  server.session (DefaultSessionIdManager.java:doStart(339)) - No SessionScavenger set, using defaults
2022-01-10 01:36:18,625 [Listener at 127.0.0.1/37387] INFO  server.session (HouseKeeper.java:startScavenging(132)) - node0 Scavenging every 600000ms
2022-01-10 01:36:18,642 [Listener at 127.0.0.1/37387] INFO  handler.ContextHandler (ContextHandler.java:doStart(915)) - Started o.e.j.s.ServletContextHandler@2b324335{logs,/logs,file:///home/runner/work/ozone/ozone/hadoop-ozone/integration-test/target/log,AVAILABLE}
2022-01-10 01:36:18,642 [Listener at 127.0.0.1/37387] INFO  handler.ContextHandler (ContextHandler.java:doStart(915)) - Started o.e.j.s.ServletContextHandler@67485f3c{static,/static,jar:file:/home/runner/.m2/repository/org/apache/ozone/hdds-container-service/1.3.0-SNAPSHOT/hdds-container-service-1.3.0-SNAPSHOT.jar!/webapps/static,AVAILABLE}
2022-01-10 01:36:18,753 [Listener at 127.0.0.1/37387] INFO  handler.ContextHandler (ContextHandler.java:doStart(915)) - Started o.e.j.w.WebAppContext@70841eba{hddsDatanode,/,file:///tmp/jetty-0_0_0_0-36067-hdds-container-service-1_3_0-SNAPSHOT_jar-_-any-3029350847732412510/webapp/,AVAILABLE}{jar:file:/home/runner/.m2/repository/org/apache/ozone/hdds-container-service/1.3.0-SNAPSHOT/hdds-container-service-1.3.0-SNAPSHOT.jar!/webapps/hddsDatanode}
2022-01-10 01:36:18,758 [Listener at 127.0.0.1/37387] INFO  server.AbstractConnector (AbstractConnector.java:doStart(331)) - Started ServerConnector@1c306593{HTTP/1.1, (http/1.1)}{0.0.0.0:36067}
2022-01-10 01:36:18,759 [Listener at 127.0.0.1/37387] INFO  server.Server (Server.java:doStart(415)) - Started @57029ms
2022-01-10 01:36:18,759 [Listener at 127.0.0.1/37387] WARN  impl.MetricsSystemImpl (MetricsSystemImpl.java:register(279)) - Sink prometheus already exists!
2022-01-10 01:36:18,760 [Listener at 127.0.0.1/37387] INFO  http.BaseHttpServer (BaseHttpServer.java:updateConnectorAddress(329)) - HTTP server of hddsDatanode listening at http://0.0.0.0:36067
2022-01-10 01:36:18,764 [Listener at 127.0.0.1/37387] WARN  impl.MetricRegistriesImpl (MetricRegistriesImpl.java:addReporterRegistration(111)) - New reporters are added after registries were created. Some metrics will be missing from the reporter. Please add reporter before adding any new registry.
2022-01-10 01:36:18,764 [Listener at 127.0.0.1/37387] WARN  impl.MetricRegistriesImpl (MetricRegistriesImpl.java:addReporterRegistration(111)) - New reporters are added after registries were created. Some metrics will be missing from the reporter. Please add reporter before adding any new registry.
2022-01-10 01:36:18,764 [Listener at 127.0.0.1/37387] INFO  impl.MetricsSystemImpl (MetricsSystemImpl.java:init(158)) - HddsDatanode metrics system started (again)
2022-01-10 01:36:18,774 [Datanode State Machine Daemon Thread] INFO  statemachine.DatanodeStateMachine (DatanodeStateMachine.java:lambda$startDaemon$0(467)) - Ozone container server started.
2022-01-10 01:36:18,784 [Listener at 127.0.0.1/37387] INFO  ozone.HddsDatanodeService (HddsDatanodeService.java:start(234)) - HddsDatanodeService host:fv-az297-741.nmf1rxwemy4u5di1sxxf4ejcwb.jx.internal.cloudapp.net ip:10.1.0.8
2022-01-10 01:36:18,842 [org.apache.hadoop.util.JvmPauseMonitor$Monitor@56119fc0] INFO  util.JvmPauseMonitor (JvmPauseMonitor.java:run(188)) - Starting JVM pause monitor
2022-01-10 01:36:18,847 [Datanode State Machine Task Thread - 0] INFO  datanode.InitDatanodeState (InitDatanodeState.java:persistContainerDatanodeDetails(145)) - DatanodeDetails is persisted to /home/runner/work/ozone/ozone/hadoop-ozone/integration-test/target/test-dir/MiniOzoneClusterImpl-464fc649-a0a5-4ced-a2bf-a15f727bdd97/datanode-1/meta/datanode.id
2022-01-10 01:36:18,875 [Listener at 127.0.0.1/37387] INFO  upgrade.AbstractLayoutVersionManager (AbstractLayoutVersionManager.java:init(79)) - Initializing Layout version manager with metadata layout = SCM_HA (version = 2), software layout = SCM_HA (version = 2)
2022-01-10 01:36:18,898 [om1@group-C5BA1605619E-FollowerState] INFO  impl.FollowerState (FollowerState.java:run(134)) - om1@group-C5BA1605619E-FollowerState: change to CANDIDATE, lastRpcElapsedTime:1183869007ns, electionTimeout:1180ms
2022-01-10 01:36:18,898 [om1@group-C5BA1605619E-FollowerState] INFO  impl.RoleInfo (RoleInfo.java:shutdownFollowerState(108)) - om1: shutdown om1@group-C5BA1605619E-FollowerState
2022-01-10 01:36:18,898 [om1@group-C5BA1605619E-FollowerState] INFO  server.RaftServer$Division (RaftServerImpl.java:setRole(290)) - om1@group-C5BA1605619E: changes role from  FOLLOWER to CANDIDATE at term 0 for changeToCandidate
2022-01-10 01:36:18,898 [om1@group-C5BA1605619E-FollowerState] INFO  server.RaftServerConfigKeys (ConfUtils.java:logGet(44)) - raft.server.leaderelection.pre-vote = false (custom)
2022-01-10 01:36:18,898 [om1@group-C5BA1605619E-FollowerState] INFO  impl.RoleInfo (RoleInfo.java:updateAndGet(130)) - om1: start om1@group-C5BA1605619E-LeaderElection17
2022-01-10 01:36:18,933 [om1@group-C5BA1605619E-LeaderElection17] INFO  impl.LeaderElection (LeaderElection.java:askForVotes(306)) - om1@group-C5BA1605619E-LeaderElection17 ELECTION round 0: submit vote requests at term 1 for -1: [om1|rpc:localhost:9872|priority:0], old=null
2022-01-10 01:36:18,933 [om1@group-C5BA1605619E-LeaderElection17] INFO  impl.LeaderElection (LeaderElection.java:askForVotes(308)) - om1@group-C5BA1605619E-LeaderElection17 ELECTION round 0: result PASSED (term=1)
2022-01-10 01:36:18,933 [om1@group-C5BA1605619E-LeaderElection17] INFO  impl.RoleInfo (RoleInfo.java:shutdownLeaderElection(121)) - om1: shutdown om1@group-C5BA1605619E-LeaderElection17
2022-01-10 01:36:18,933 [om1@group-C5BA1605619E-LeaderElection17] INFO  server.RaftServer$Division (RaftServerImpl.java:setRole(290)) - om1@group-C5BA1605619E: changes role from CANDIDATE to LEADER at term 1 for changeToLeader
2022-01-10 01:36:18,933 [om1@group-C5BA1605619E-LeaderElection17] INFO  server.RaftServer$Division (ServerState.java:setLeader(285)) - om1@group-C5BA1605619E: change Leader from null to om1 at term 1 for becomeLeader, leader elected after 1291ms
2022-01-10 01:36:18,934 [om1@group-C5BA1605619E-LeaderElection17] INFO  server.RaftServerConfigKeys (ConfUtils.java:logGet(44)) - raft.server.staging.catchup.gap = 1000 (default)
2022-01-10 01:36:18,934 [om1@group-C5BA1605619E-LeaderElection17] INFO  server.RaftServerConfigKeys (ConfUtils.java:logGet(44)) - raft.server.write.element-limit = 4096 (default)
2022-01-10 01:36:18,934 [om1@group-C5BA1605619E-LeaderElection17] INFO  server.RaftServerConfigKeys (ConfUtils.java:logGet(44)) - raft.server.write.byte-limit = 64MB (=67108864) (default)
2022-01-10 01:36:18,934 [om1@group-C5BA1605619E-LeaderElection17] INFO  server.RaftServerConfigKeys (ConfUtils.java:logGet(44)) - raft.server.watch.timeout = 10s (default)
2022-01-10 01:36:18,934 [om1@group-C5BA1605619E-LeaderElection17] INFO  server.RaftServerConfigKeys (ConfUtils.java:logGet(44)) - raft.server.watch.timeout.denomination = 1s (default)
2022-01-10 01:36:18,934 [om1@group-C5BA1605619E-LeaderElection17] INFO  server.RaftServerConfigKeys (ConfUtils.java:logGet(44)) - raft.server.watch.element-limit = 65536 (default)
2022-01-10 01:36:18,934 [om1@group-C5BA1605619E-LeaderElection17] INFO  server.RaftServerConfigKeys (ConfUtils.java:logGet(44)) - raft.server.write.element-limit = 4096 (default)
2022-01-10 01:36:18,934 [om1@group-C5BA1605619E-LeaderElection17] INFO  server.RaftServerConfigKeys (ConfUtils.java:logGet(44)) - raft.server.write.follower.gap.ratio.max = -1.0 (default)
2022-01-10 01:36:18,934 [om1@group-C5BA1605619E-LeaderElection17] INFO  impl.RoleInfo (RoleInfo.java:updateAndGet(130)) - om1: start om1@group-C5BA1605619E-LeaderStateImpl
2022-01-10 01:36:18,934 [om1@group-C5BA1605619E-LeaderElection17] INFO  segmented.SegmentedRaftLogWorker (SegmentedRaftLogWorker.java:startLogSegment(394)) - om1@group-C5BA1605619E-SegmentedRaftLogWorker: Starting segment from index:0
2022-01-10 01:36:18,940 [om1@group-C5BA1605619E-LeaderElection17] INFO  server.RaftServer$Division (ServerState.java:setRaftConf(387)) - om1@group-C5BA1605619E: set configuration 0: [om1|rpc:localhost:9872|admin:|client:|dataStream:|priority:0], old=null
2022-01-10 01:36:18,945 [om1@group-C5BA1605619E-SegmentedRaftLogWorker] INFO  segmented.SegmentedRaftLogWorker (SegmentedRaftLogWorker.java:execute(601)) - om1@group-C5BA1605619E-SegmentedRaftLogWorker: created new log segment /home/runner/work/ozone/ozone/hadoop-ozone/integration-test/target/test-dir/MiniOzoneClusterImpl-464fc649-a0a5-4ced-a2bf-a15f727bdd97/ozone-meta/ratis/bf265839-605b-3f16-9796-c5ba1605619e/current/log_inprogress_0
2022-01-10 01:36:18,948 [om1@group-C5BA1605619E-StateMachineUpdater] INFO  ratis.OzoneManagerStateMachine (OzoneManagerStateMachine.java:notifyConfigurationChanged(188)) - Received Configuration change notification from Ratis. New Peer list:
[id: "om1"
address: "localhost:9872"
]
2022-01-10 01:36:18,992 [Listener at 127.0.0.1/37387] INFO  reflections.Reflections (Reflections.java:scan(232)) - Reflections took 114 ms to scan 7 urls, producing 119 keys and 279 values 
2022-01-10 01:36:18,993 [Listener at 127.0.0.1/37387] INFO  statemachine.DatanodeStateMachine (DatanodeStateMachine.java:getEndPointTaskThreadPoolSize(219)) - Datanode State Machine Task Thread Pool size 2
2022-01-10 01:36:19,010 [Listener at 127.0.0.1/37387] INFO  volume.HddsVolume (HddsVolume.java:<init>(120)) - Creating HddsVolume: /home/runner/work/ozone/ozone/hadoop-ozone/integration-test/target/test-dir/MiniOzoneClusterImpl-464fc649-a0a5-4ced-a2bf-a15f727bdd97/datanode-2/data-0/containers/hdds of storage type : DISK capacity : 9223372036854775807
2022-01-10 01:36:19,010 [Listener at 127.0.0.1/37387] INFO  volume.MutableVolumeSet (MutableVolumeSet.java:initializeVolumeSet(168)) - Added Volume : /home/runner/work/ozone/ozone/hadoop-ozone/integration-test/target/test-dir/MiniOzoneClusterImpl-464fc649-a0a5-4ced-a2bf-a15f727bdd97/datanode-2/data-0/containers/hdds to VolumeSet
2022-01-10 01:36:19,011 [Listener at 127.0.0.1/37387] INFO  volume.ThrottledAsyncChecker (ThrottledAsyncChecker.java:schedule(141)) - Scheduling a check for /home/runner/work/ozone/ozone/hadoop-ozone/integration-test/target/test-dir/MiniOzoneClusterImpl-464fc649-a0a5-4ced-a2bf-a15f727bdd97/datanode-2/data-0/containers/hdds
2022-01-10 01:36:19,026 [Listener at 127.0.0.1/37387] INFO  volume.StorageVolumeChecker (StorageVolumeChecker.java:checkAllVolumes(202)) - Scheduled health check for volume /home/runner/work/ozone/ozone/hadoop-ozone/integration-test/target/test-dir/MiniOzoneClusterImpl-464fc649-a0a5-4ced-a2bf-a15f727bdd97/datanode-2/data-0/containers/hdds
2022-01-10 01:36:19,041 [Listener at 127.0.0.1/37387] INFO  volume.MutableVolumeSet (MutableVolumeSet.java:initializeVolumeSet(168)) - Added Volume : /home/runner/work/ozone/ozone/hadoop-ozone/integration-test/target/test-dir/MiniOzoneClusterImpl-464fc649-a0a5-4ced-a2bf-a15f727bdd97/datanode-2/data/ratis to VolumeSet
2022-01-10 01:36:19,041 [Listener at 127.0.0.1/37387] INFO  volume.ThrottledAsyncChecker (ThrottledAsyncChecker.java:schedule(141)) - Scheduling a check for /home/runner/work/ozone/ozone/hadoop-ozone/integration-test/target/test-dir/MiniOzoneClusterImpl-464fc649-a0a5-4ced-a2bf-a15f727bdd97/datanode-2/data/ratis
2022-01-10 01:36:19,041 [Listener at 127.0.0.1/37387] INFO  volume.StorageVolumeChecker (StorageVolumeChecker.java:checkAllVolumes(202)) - Scheduled health check for volume /home/runner/work/ozone/ozone/hadoop-ozone/integration-test/target/test-dir/MiniOzoneClusterImpl-464fc649-a0a5-4ced-a2bf-a15f727bdd97/datanode-2/data/ratis
2022-01-10 01:36:19,101 [Thread-535] INFO  ozoneimpl.ContainerReader (ContainerReader.java:readVolume(172)) - Finish verifying containers on volume /home/runner/work/ozone/ozone/hadoop-ozone/integration-test/target/test-dir/MiniOzoneClusterImpl-464fc649-a0a5-4ced-a2bf-a15f727bdd97/datanode-2/data-0/containers/hdds
2022-01-10 01:36:19,101 [Listener at 127.0.0.1/37387] INFO  ozoneimpl.OzoneContainer (OzoneContainer.java:buildContainerSet(237)) - Build ContainerSet costs 0s
2022-01-10 01:36:19,107 [Listener at 127.0.0.1/37387] INFO  server.RaftServer (ConfUtils.java:logGet(44)) - raft.rpc.type = GRPC (default)
2022-01-10 01:36:19,107 [Listener at 127.0.0.1/37387] INFO  grpc.GrpcFactory (GrpcFactory.java:checkPooledByteBufAllocatorUseCacheForAllThreads(48)) - PERFORMANCE WARNING: useCacheForAllThreads is true that may cause Netty to create a lot garbage objects and, as a result, trigger GC.
	It is recommended to disable useCacheForAllThreads by setting -Dorg.apache.ratis.thirdparty.io.netty.allocator.useCacheForAllThreads=false in command line.
2022-01-10 01:36:19,107 [Listener at 127.0.0.1/37387] INFO  grpc.GrpcConfigKeys (ConfUtils.java:logGet(44)) - raft.grpc.admin.port = 0 (custom)
2022-01-10 01:36:19,107 [Listener at 127.0.0.1/37387] INFO  grpc.GrpcConfigKeys (ConfUtils.java:logGet(44)) - raft.grpc.client.port = 0 (custom)
2022-01-10 01:36:19,107 [Listener at 127.0.0.1/37387] INFO  grpc.GrpcConfigKeys (ConfUtils.java:logGet(44)) - raft.grpc.server.port = 0 (default)
2022-01-10 01:36:19,108 [Listener at 127.0.0.1/37387] INFO  server.GrpcService (ConfUtils.java:logGet(44)) - raft.grpc.message.size.max = 32MB (=33554432) (custom)
2022-01-10 01:36:19,108 [Listener at 127.0.0.1/37387] INFO  server.RaftServerConfigKeys (ConfUtils.java:logGet(44)) - raft.server.log.appender.buffer.byte-limit = 33554432 (custom)
2022-01-10 01:36:19,108 [Listener at 127.0.0.1/37387] INFO  server.GrpcService (ConfUtils.java:logGet(44)) - raft.grpc.flow.control.window = 5MB (=5242880) (custom)
2022-01-10 01:36:19,108 [Listener at 127.0.0.1/37387] INFO  server.RaftServerConfigKeys (ConfUtils.java:logGet(44)) - raft.server.rpc.request.timeout = 60s (custom)
2022-01-10 01:36:19,109 [Listener at 127.0.0.1/37387] INFO  impl.DataStreamServerImpl (ConfUtils.java:logGet(44)) - raft.datastream.type = DISABLED (default)
2022-01-10 01:36:19,109 [Listener at 127.0.0.1/37387] INFO  server.RaftServerConfigKeys (ConfUtils.java:logGet(44)) - raft.server.rpc.slowness.timeout = 300s (custom)
2022-01-10 01:36:19,109 [Listener at 127.0.0.1/37387] INFO  server.RaftServerConfigKeys (ConfUtils.java:logGet(44)) - raft.server.leaderelection.leader.step-down.wait-time = 10s (default)
2022-01-10 01:36:19,109 [Listener at 127.0.0.1/37387] INFO  server.RaftServerConfigKeys (ConfUtils.java:logGet(44)) - raft.server.storage.dir = [/home/runner/work/ozone/ozone/hadoop-ozone/integration-test/target/test-dir/MiniOzoneClusterImpl-464fc649-a0a5-4ced-a2bf-a15f727bdd97/datanode-2/data/ratis] (custom)
2022-01-10 01:36:19,110 [Listener at 127.0.0.1/37387] INFO  server.XceiverServerGrpc (XceiverServerGrpc.java:<init>(132)) - GrpcServer channel type EpollServerSocketChannel
2022-01-10 01:36:19,122 [Listener at 127.0.0.1/37387] INFO  http.BaseHttpServer (BaseHttpServer.java:newHttpServer2BuilderForOzone(209)) - Starting Web-server for hddsDatanode at: http://0.0.0.0:0
2022-01-10 01:36:19,125 [Listener at 127.0.0.1/37387] INFO  http.BaseHttpServer (BaseHttpServer.java:<init>(107)) - Hadoop Security Enabled: false Ozone Security Enabled: false Ozone HTTP Security Enabled: false 
2022-01-10 01:36:19,127 [Listener at 127.0.0.1/37387] INFO  server.AuthenticationFilter (AuthenticationFilter.java:constructSecretProvider(240)) - Unable to initialize FileSignerSecretProvider, falling back to use random secrets.
2022-01-10 01:36:19,132 [Listener at 127.0.0.1/37387] WARN  http.HttpRequestLog (HttpRequestLog.java:getRequestLog(103)) - Jetty request log can only be enabled using Log4j
2022-01-10 01:36:19,133 [Listener at 127.0.0.1/37387] INFO  http.HttpServer2 (HttpServer2.java:addGlobalFilter(1030)) - Added global filter 'safety' (class=org.apache.hadoop.hdds.server.http.HttpServer2$QuotingInputFilter)
2022-01-10 01:36:19,134 [Listener at 127.0.0.1/37387] INFO  http.HttpServer2 (HttpServer2.java:addFilter(1006)) - Added filter static_user_filter (class=org.apache.hadoop.http.lib.StaticUserWebFilter$StaticUserFilter) to context hddsDatanode
2022-01-10 01:36:19,134 [Listener at 127.0.0.1/37387] INFO  http.HttpServer2 (HttpServer2.java:addFilter(1014)) - Added filter static_user_filter (class=org.apache.hadoop.http.lib.StaticUserWebFilter$StaticUserFilter) to context static
2022-01-10 01:36:19,134 [Listener at 127.0.0.1/37387] INFO  http.HttpServer2 (HttpServer2.java:addFilter(1014)) - Added filter static_user_filter (class=org.apache.hadoop.http.lib.StaticUserWebFilter$StaticUserFilter) to context logs
2022-01-10 01:36:19,142 [Listener at 127.0.0.1/37387] INFO  http.HttpServer2 (HttpServer2.java:bindListener(1249)) - Jetty bound to port 45701
2022-01-10 01:36:19,143 [Listener at 127.0.0.1/37387] INFO  server.Server (Server.java:doStart(375)) - jetty-9.4.43.v20210629; built: 2021-06-30T11:07:22.254Z; git: 526006ecfa3af7f1a27ef3a288e2bef7ea9dd7e8; jvm 1.8.0_292-b10
2022-01-10 01:36:19,204 [Listener at 127.0.0.1/37387] INFO  server.session (DefaultSessionIdManager.java:doStart(334)) - DefaultSessionIdManager workerName=node0
2022-01-10 01:36:19,205 [Listener at 127.0.0.1/37387] INFO  server.session (DefaultSessionIdManager.java:doStart(339)) - No SessionScavenger set, using defaults
2022-01-10 01:36:19,205 [Listener at 127.0.0.1/37387] INFO  server.session (HouseKeeper.java:startScavenging(132)) - node0 Scavenging every 600000ms
2022-01-10 01:36:19,207 [Listener at 127.0.0.1/37387] INFO  handler.ContextHandler (ContextHandler.java:doStart(915)) - Started o.e.j.s.ServletContextHandler@2e1189ce{logs,/logs,file:///home/runner/work/ozone/ozone/hadoop-ozone/integration-test/target/log,AVAILABLE}
2022-01-10 01:36:19,207 [Listener at 127.0.0.1/37387] INFO  handler.ContextHandler (ContextHandler.java:doStart(915)) - Started o.e.j.s.ServletContextHandler@27ed234f{static,/static,jar:file:/home/runner/.m2/repository/org/apache/ozone/hdds-container-service/1.3.0-SNAPSHOT/hdds-container-service-1.3.0-SNAPSHOT.jar!/webapps/static,AVAILABLE}
2022-01-10 01:36:19,284 [Listener at 127.0.0.1/37387] INFO  handler.ContextHandler (ContextHandler.java:doStart(915)) - Started o.e.j.w.WebAppContext@97e310{hddsDatanode,/,file:///tmp/jetty-0_0_0_0-45701-hdds-container-service-1_3_0-SNAPSHOT_jar-_-any-3740244739782919313/webapp/,AVAILABLE}{jar:file:/home/runner/.m2/repository/org/apache/ozone/hdds-container-service/1.3.0-SNAPSHOT/hdds-container-service-1.3.0-SNAPSHOT.jar!/webapps/hddsDatanode}
2022-01-10 01:36:19,291 [Listener at 127.0.0.1/37387] INFO  server.AbstractConnector (AbstractConnector.java:doStart(331)) - Started ServerConnector@5fb65b3a{HTTP/1.1, (http/1.1)}{0.0.0.0:45701}
2022-01-10 01:36:19,291 [Listener at 127.0.0.1/37387] INFO  server.Server (Server.java:doStart(415)) - Started @57561ms
2022-01-10 01:36:19,291 [Listener at 127.0.0.1/37387] WARN  impl.MetricsSystemImpl (MetricsSystemImpl.java:register(279)) - Sink prometheus already exists!
2022-01-10 01:36:19,292 [Listener at 127.0.0.1/37387] INFO  http.BaseHttpServer (BaseHttpServer.java:updateConnectorAddress(329)) - HTTP server of hddsDatanode listening at http://0.0.0.0:45701
2022-01-10 01:36:19,298 [Listener at 127.0.0.1/37387] INFO  ozone.MiniOzoneClusterImpl (MiniOzoneClusterImpl.java:lambda$waitForClusterToBeReady$0(235)) - Waiting for nodes to be ready. Got 0 of 3 DN Heartbeats.
2022-01-10 01:36:19,298 [Listener at 127.0.0.1/37387] INFO  ozone.MiniOzoneClusterImpl (MiniOzoneClusterImpl.java:lambda$waitForClusterToBeReady$0(238)) - Waiting for cluster to exit safe mode
2022-01-10 01:36:19,298 [Listener at 127.0.0.1/37387] INFO  ozone.MiniOzoneClusterImpl (MiniOzoneClusterImpl.java:lambda$waitForClusterToBeReady$0(240)) - SCM became leader
2022-01-10 01:36:19,298 [Datanode State Machine Daemon Thread] INFO  statemachine.DatanodeStateMachine (DatanodeStateMachine.java:lambda$startDaemon$0(467)) - Ozone container server started.
2022-01-10 01:36:19,322 [org.apache.hadoop.util.JvmPauseMonitor$Monitor@4c67be10] INFO  util.JvmPauseMonitor (JvmPauseMonitor.java:run(188)) - Starting JVM pause monitor
2022-01-10 01:36:19,326 [Datanode State Machine Task Thread - 0] INFO  datanode.InitDatanodeState (InitDatanodeState.java:persistContainerDatanodeDetails(145)) - DatanodeDetails is persisted to /home/runner/work/ozone/ozone/hadoop-ozone/integration-test/target/test-dir/MiniOzoneClusterImpl-464fc649-a0a5-4ced-a2bf-a15f727bdd97/datanode-2/meta/datanode.id
2022-01-10 01:36:20,298 [Listener at 127.0.0.1/37387] INFO  ozone.MiniOzoneClusterImpl (MiniOzoneClusterImpl.java:lambda$waitForClusterToBeReady$0(235)) - Waiting for nodes to be ready. Got 0 of 3 DN Heartbeats.
2022-01-10 01:36:20,298 [Listener at 127.0.0.1/37387] INFO  ozone.MiniOzoneClusterImpl (MiniOzoneClusterImpl.java:lambda$waitForClusterToBeReady$0(238)) - Waiting for cluster to exit safe mode
2022-01-10 01:36:20,298 [Listener at 127.0.0.1/37387] INFO  ozone.MiniOzoneClusterImpl (MiniOzoneClusterImpl.java:lambda$waitForClusterToBeReady$0(240)) - SCM became leader
2022-01-10 01:36:20,340 [EndpointStateMachine task thread for /0.0.0.0:37131 - 0 ] INFO  ozoneimpl.OzoneContainer (OzoneContainer.java:start(315)) - Attempting to start container services.
2022-01-10 01:36:20,340 [EndpointStateMachine task thread for /0.0.0.0:37131 - 0 ] INFO  ozoneimpl.OzoneContainer (OzoneContainer.java:startContainerScrub(250)) - Background container scanner has been disabled.
2022-01-10 01:36:20,341 [EndpointStateMachine task thread for /0.0.0.0:37131 - 0 ] INFO  replication.ReplicationServer (ReplicationServer.java:start(107)) - ReplicationServer is started using port 42503
2022-01-10 01:36:20,342 [EndpointStateMachine task thread for /0.0.0.0:37131 - 0 ] INFO  ratis.XceiverServerRatis (XceiverServerRatis.java:start(484)) - Starting XceiverServerRatis 4662cef3-4296-4558-a543-727d5622f336
2022-01-10 01:36:20,344 [EndpointStateMachine task thread for /0.0.0.0:37131 - 0 ] INFO  server.RaftServer (RaftServerProxy.java:lambda$start$5(374)) - 4662cef3-4296-4558-a543-727d5622f336: start RPC server
2022-01-10 01:36:20,345 [EndpointStateMachine task thread for /0.0.0.0:37131 - 0 ] INFO  server.GrpcService (GrpcService.java:startImpl(253)) - 4662cef3-4296-4558-a543-727d5622f336: GrpcService started, listening on 33395
2022-01-10 01:36:20,350 [EndpointStateMachine task thread for /0.0.0.0:37131 - 0 ] INFO  ratis.XceiverServerRatis (XceiverServerRatis.java:getRealPort(505)) - XceiverServerRatis 4662cef3-4296-4558-a543-727d5622f336 is started using port 33395 for RATIS
2022-01-10 01:36:20,351 [EndpointStateMachine task thread for /0.0.0.0:37131 - 0 ] INFO  ratis.XceiverServerRatis (XceiverServerRatis.java:getRealPort(505)) - XceiverServerRatis 4662cef3-4296-4558-a543-727d5622f336 is started using port 33395 for RATIS_ADMIN
2022-01-10 01:36:20,351 [EndpointStateMachine task thread for /0.0.0.0:37131 - 0 ] INFO  ratis.XceiverServerRatis (XceiverServerRatis.java:getRealPort(505)) - XceiverServerRatis 4662cef3-4296-4558-a543-727d5622f336 is started using port 33395 for RATIS_SERVER
2022-01-10 01:36:20,351 [org.apache.ratis.util.JvmPauseMonitor$$Lambda$529/1957356322@6054cba7] INFO  util.JvmPauseMonitor (JvmPauseMonitor.java:run(103)) - JvmPauseMonitor-4662cef3-4296-4558-a543-727d5622f336: Started
2022-01-10 01:36:20,352 [EndpointStateMachine task thread for /0.0.0.0:37131 - 0 ] INFO  server.XceiverServerGrpc (XceiverServerGrpc.java:start(180)) - XceiverServerGrpc 4662cef3-4296-4558-a543-727d5622f336 is started using port 40981
2022-01-10 01:36:20,861 [EndpointStateMachine task thread for /0.0.0.0:37131 - 0 ] INFO  ozoneimpl.OzoneContainer (OzoneContainer.java:start(315)) - Attempting to start container services.
2022-01-10 01:36:20,861 [EndpointStateMachine task thread for /0.0.0.0:37131 - 0 ] INFO  ozoneimpl.OzoneContainer (OzoneContainer.java:startContainerScrub(250)) - Background container scanner has been disabled.
2022-01-10 01:36:20,862 [EndpointStateMachine task thread for /0.0.0.0:37131 - 0 ] INFO  replication.ReplicationServer (ReplicationServer.java:start(107)) - ReplicationServer is started using port 36563
2022-01-10 01:36:20,869 [EndpointStateMachine task thread for /0.0.0.0:37131 - 0 ] INFO  ratis.XceiverServerRatis (XceiverServerRatis.java:start(484)) - Starting XceiverServerRatis e3f599f5-028b-4c3f-a449-c6721188584f
2022-01-10 01:36:20,874 [EndpointStateMachine task thread for /0.0.0.0:37131 - 0 ] INFO  server.RaftServer (RaftServerProxy.java:lambda$start$5(374)) - e3f599f5-028b-4c3f-a449-c6721188584f: start RPC server
2022-01-10 01:36:20,875 [EndpointStateMachine task thread for /0.0.0.0:37131 - 0 ] INFO  server.GrpcService (GrpcService.java:startImpl(253)) - e3f599f5-028b-4c3f-a449-c6721188584f: GrpcService started, listening on 41427
2022-01-10 01:36:20,878 [EndpointStateMachine task thread for /0.0.0.0:37131 - 0 ] INFO  ratis.XceiverServerRatis (XceiverServerRatis.java:getRealPort(505)) - XceiverServerRatis e3f599f5-028b-4c3f-a449-c6721188584f is started using port 41427 for RATIS
2022-01-10 01:36:20,879 [EndpointStateMachine task thread for /0.0.0.0:37131 - 0 ] INFO  ratis.XceiverServerRatis (XceiverServerRatis.java:getRealPort(505)) - XceiverServerRatis e3f599f5-028b-4c3f-a449-c6721188584f is started using port 41427 for RATIS_ADMIN
2022-01-10 01:36:20,879 [EndpointStateMachine task thread for /0.0.0.0:37131 - 0 ] INFO  ratis.XceiverServerRatis (XceiverServerRatis.java:getRealPort(505)) - XceiverServerRatis e3f599f5-028b-4c3f-a449-c6721188584f is started using port 41427 for RATIS_SERVER
2022-01-10 01:36:20,879 [org.apache.ratis.util.JvmPauseMonitor$$Lambda$529/1957356322@2339c5fd] INFO  util.JvmPauseMonitor (JvmPauseMonitor.java:run(103)) - JvmPauseMonitor-e3f599f5-028b-4c3f-a449-c6721188584f: Started
2022-01-10 01:36:20,881 [EndpointStateMachine task thread for /0.0.0.0:37131 - 0 ] INFO  server.XceiverServerGrpc (XceiverServerGrpc.java:start(180)) - XceiverServerGrpc e3f599f5-028b-4c3f-a449-c6721188584f is started using port 43635
2022-01-10 01:36:21,299 [Listener at 127.0.0.1/37387] INFO  ozone.MiniOzoneClusterImpl (MiniOzoneClusterImpl.java:lambda$waitForClusterToBeReady$0(235)) - Waiting for nodes to be ready. Got 0 of 3 DN Heartbeats.
2022-01-10 01:36:21,299 [Listener at 127.0.0.1/37387] INFO  ozone.MiniOzoneClusterImpl (MiniOzoneClusterImpl.java:lambda$waitForClusterToBeReady$0(238)) - Waiting for cluster to exit safe mode
2022-01-10 01:36:21,299 [Listener at 127.0.0.1/37387] INFO  ozone.MiniOzoneClusterImpl (MiniOzoneClusterImpl.java:lambda$waitForClusterToBeReady$0(240)) - SCM became leader
2022-01-10 01:36:21,338 [EndpointStateMachine task thread for /0.0.0.0:37131 - 0 ] INFO  ozoneimpl.OzoneContainer (OzoneContainer.java:start(315)) - Attempting to start container services.
2022-01-10 01:36:21,338 [EndpointStateMachine task thread for /0.0.0.0:37131 - 0 ] INFO  ozoneimpl.OzoneContainer (OzoneContainer.java:startContainerScrub(250)) - Background container scanner has been disabled.
2022-01-10 01:36:21,338 [EndpointStateMachine task thread for /0.0.0.0:37131 - 0 ] INFO  replication.ReplicationServer (ReplicationServer.java:start(107)) - ReplicationServer is started using port 43515
2022-01-10 01:36:21,341 [EndpointStateMachine task thread for /0.0.0.0:37131 - 0 ] INFO  ratis.XceiverServerRatis (XceiverServerRatis.java:start(484)) - Starting XceiverServerRatis 575cbf86-88fb-41ad-ac78-70c476dab826
2022-01-10 01:36:21,343 [EndpointStateMachine task thread for /0.0.0.0:37131 - 0 ] INFO  server.RaftServer (RaftServerProxy.java:lambda$start$5(374)) - 575cbf86-88fb-41ad-ac78-70c476dab826: start RPC server
2022-01-10 01:36:21,347 [EndpointStateMachine task thread for /0.0.0.0:37131 - 0 ] INFO  server.GrpcService (GrpcService.java:startImpl(253)) - 575cbf86-88fb-41ad-ac78-70c476dab826: GrpcService started, listening on 42327
2022-01-10 01:36:21,349 [EndpointStateMachine task thread for /0.0.0.0:37131 - 0 ] INFO  ratis.XceiverServerRatis (XceiverServerRatis.java:getRealPort(505)) - XceiverServerRatis 575cbf86-88fb-41ad-ac78-70c476dab826 is started using port 42327 for RATIS
2022-01-10 01:36:21,350 [EndpointStateMachine task thread for /0.0.0.0:37131 - 0 ] INFO  ratis.XceiverServerRatis (XceiverServerRatis.java:getRealPort(505)) - XceiverServerRatis 575cbf86-88fb-41ad-ac78-70c476dab826 is started using port 42327 for RATIS_ADMIN
2022-01-10 01:36:21,350 [EndpointStateMachine task thread for /0.0.0.0:37131 - 0 ] INFO  ratis.XceiverServerRatis (XceiverServerRatis.java:getRealPort(505)) - XceiverServerRatis 575cbf86-88fb-41ad-ac78-70c476dab826 is started using port 42327 for RATIS_SERVER
2022-01-10 01:36:21,350 [org.apache.ratis.util.JvmPauseMonitor$$Lambda$529/1957356322@4cc6babf] INFO  util.JvmPauseMonitor (JvmPauseMonitor.java:run(103)) - JvmPauseMonitor-575cbf86-88fb-41ad-ac78-70c476dab826: Started
2022-01-10 01:36:21,357 [EndpointStateMachine task thread for /0.0.0.0:37131 - 0 ] INFO  server.XceiverServerGrpc (XceiverServerGrpc.java:start(180)) - XceiverServerGrpc 575cbf86-88fb-41ad-ac78-70c476dab826 is started using port 40043
2022-01-10 01:36:22,299 [Listener at 127.0.0.1/37387] INFO  ozone.MiniOzoneClusterImpl (MiniOzoneClusterImpl.java:lambda$waitForClusterToBeReady$0(235)) - Waiting for nodes to be ready. Got 0 of 3 DN Heartbeats.
2022-01-10 01:36:22,300 [Listener at 127.0.0.1/37387] INFO  ozone.MiniOzoneClusterImpl (MiniOzoneClusterImpl.java:lambda$waitForClusterToBeReady$0(238)) - Waiting for cluster to exit safe mode
2022-01-10 01:36:22,300 [Listener at 127.0.0.1/37387] INFO  ozone.MiniOzoneClusterImpl (MiniOzoneClusterImpl.java:lambda$waitForClusterToBeReady$0(240)) - SCM became leader
2022-01-10 01:36:22,324 [IPC Server handler 0 on default port 37131] INFO  net.NetworkTopologyImpl (NetworkTopologyImpl.java:add(112)) - Added a new node: /default-rack/4662cef3-4296-4558-a543-727d5622f336
2022-01-10 01:36:22,324 [IPC Server handler 0 on default port 37131] INFO  node.SCMNodeManager (SCMNodeManager.java:register(389)) - Registered Data node : 4662cef3-4296-4558-a543-727d5622f336{ip: 10.1.0.8, host: fv-az297-741.nmf1rxwemy4u5di1sxxf4ejcwb.jx.internal.cloudapp.net, ports: [REPLICATION=42503, RATIS=33395, RATIS_ADMIN=33395, RATIS_SERVER=33395, STANDALONE=40981], networkLocation: /default-rack, certSerialId: null, persistedOpState: null, persistedOpStateExpiryEpochSec: 0}
2022-01-10 01:36:22,330 [EventQueue-NodeRegistrationContainerReportForContainerSafeModeRule] INFO  safemode.SCMSafeModeManager (SCMSafeModeManager.java:validateSafeModeExitRules(204)) - ContainerSafeModeRule rule is successfully validated
2022-01-10 01:36:22,330 [EventQueue-NodeRegistrationContainerReportForDataNodeSafeModeRule] INFO  safemode.SCMSafeModeManager (DataNodeSafeModeRule.java:process(71)) - SCM in safe mode. 1 DataNodes registered, 3 required.
2022-01-10 01:36:22,337 [EventQueue-PipelineReportForOneReplicaPipelineSafeModeRule] INFO  safemode.SCMSafeModeManager (SCMSafeModeManager.java:validateSafeModeExitRules(204)) - AtleastOneDatanodeReportedRule rule is successfully validated
2022-01-10 01:36:22,339 [EventQueue-NewNodeForNewNodeHandler] INFO  pipeline.BackgroundPipelineCreator (BackgroundPipelineCreator.java:notifyEventTriggered(285)) - trigger a one-shot run on RatisPipelineUtilsThread.
2022-01-10 01:36:22,345 [RatisPipelineUtilsThread - 0] INFO  pipeline.RatisPipelineProvider (RatisPipelineProvider.java:lambda$create$0(183)) - Sending CreatePipelineCommand for pipeline:PipelineID=8e3b71f9-0087-488b-bcb2-ae4791a7c008 to datanode:4662cef3-4296-4558-a543-727d5622f336
2022-01-10 01:36:22,351 [RatisPipelineUtilsThread - 0] INFO  pipeline.PipelineStateManagerImpl (PipelineStateManagerImpl.java:addPipeline(101)) - Created pipeline Pipeline[ Id: 8e3b71f9-0087-488b-bcb2-ae4791a7c008, Nodes: 4662cef3-4296-4558-a543-727d5622f336{ip: 10.1.0.8, host: fv-az297-741.nmf1rxwemy4u5di1sxxf4ejcwb.jx.internal.cloudapp.net, ports: [REPLICATION=42503, RATIS=33395, RATIS_ADMIN=33395, RATIS_SERVER=33395, STANDALONE=40981], networkLocation: /default-rack, certSerialId: null, persistedOpState: IN_SERVICE, persistedOpStateExpiryEpochSec: 0}, ReplicationConfig: RATIS/ONE, State:ALLOCATED, leaderId:, CreationTimestamp2022-01-10T01:36:22.345Z[Etc/UTC]].
2022-01-10 01:36:22,844 [IPC Server handler 1 on default port 37131] INFO  net.NetworkTopologyImpl (NetworkTopologyImpl.java:add(112)) - Added a new node: /default-rack/e3f599f5-028b-4c3f-a449-c6721188584f
2022-01-10 01:36:22,844 [IPC Server handler 1 on default port 37131] INFO  node.SCMNodeManager (SCMNodeManager.java:register(389)) - Registered Data node : e3f599f5-028b-4c3f-a449-c6721188584f{ip: 10.1.0.8, host: fv-az297-741.nmf1rxwemy4u5di1sxxf4ejcwb.jx.internal.cloudapp.net, ports: [REPLICATION=36563, RATIS=41427, RATIS_ADMIN=41427, RATIS_SERVER=41427, STANDALONE=43635], networkLocation: /default-rack, certSerialId: null, persistedOpState: null, persistedOpStateExpiryEpochSec: 0}
2022-01-10 01:36:22,844 [EventQueue-NewNodeForNewNodeHandler] INFO  pipeline.BackgroundPipelineCreator (BackgroundPipelineCreator.java:notifyEventTriggered(285)) - trigger a one-shot run on RatisPipelineUtilsThread.
2022-01-10 01:36:22,852 [RatisPipelineUtilsThread - 0] INFO  pipeline.RatisPipelineProvider (RatisPipelineProvider.java:lambda$create$0(183)) - Sending CreatePipelineCommand for pipeline:PipelineID=4bb98994-ae82-48d9-8d3b-4848c0ce9d84 to datanode:e3f599f5-028b-4c3f-a449-c6721188584f
2022-01-10 01:36:22,852 [RatisPipelineUtilsThread - 0] INFO  pipeline.PipelineStateManagerImpl (PipelineStateManagerImpl.java:addPipeline(101)) - Created pipeline Pipeline[ Id: 4bb98994-ae82-48d9-8d3b-4848c0ce9d84, Nodes: e3f599f5-028b-4c3f-a449-c6721188584f{ip: 10.1.0.8, host: fv-az297-741.nmf1rxwemy4u5di1sxxf4ejcwb.jx.internal.cloudapp.net, ports: [REPLICATION=36563, RATIS=41427, RATIS_ADMIN=41427, RATIS_SERVER=41427, STANDALONE=43635], networkLocation: /default-rack, certSerialId: null, persistedOpState: IN_SERVICE, persistedOpStateExpiryEpochSec: 0}, ReplicationConfig: RATIS/ONE, State:ALLOCATED, leaderId:, CreationTimestamp2022-01-10T01:36:22.852Z[Etc/UTC]].
2022-01-10 01:36:22,858 [EventQueue-NodeRegistrationContainerReportForDataNodeSafeModeRule] INFO  safemode.SCMSafeModeManager (DataNodeSafeModeRule.java:process(71)) - SCM in safe mode. 2 DataNodes registered, 3 required.
2022-01-10 01:36:23,300 [Listener at 127.0.0.1/37387] INFO  ozone.MiniOzoneClusterImpl (MiniOzoneClusterImpl.java:lambda$waitForClusterToBeReady$0(235)) - Waiting for nodes to be ready. Got 2 of 3 DN Heartbeats.
2022-01-10 01:36:23,301 [Listener at 127.0.0.1/37387] INFO  ozone.MiniOzoneClusterImpl (MiniOzoneClusterImpl.java:lambda$waitForClusterToBeReady$0(238)) - Waiting for cluster to exit safe mode
2022-01-10 01:36:23,301 [Listener at 127.0.0.1/37387] INFO  ozone.MiniOzoneClusterImpl (MiniOzoneClusterImpl.java:lambda$waitForClusterToBeReady$0(240)) - SCM became leader
2022-01-10 01:36:23,324 [IPC Server handler 0 on default port 37131] INFO  net.NetworkTopologyImpl (NetworkTopologyImpl.java:add(112)) - Added a new node: /default-rack/575cbf86-88fb-41ad-ac78-70c476dab826
2022-01-10 01:36:23,325 [IPC Server handler 0 on default port 37131] INFO  node.SCMNodeManager (SCMNodeManager.java:register(389)) - Registered Data node : 575cbf86-88fb-41ad-ac78-70c476dab826{ip: 10.1.0.8, host: fv-az297-741.nmf1rxwemy4u5di1sxxf4ejcwb.jx.internal.cloudapp.net, ports: [REPLICATION=43515, RATIS=42327, RATIS_ADMIN=42327, RATIS_SERVER=42327, STANDALONE=40043], networkLocation: /default-rack, certSerialId: null, persistedOpState: null, persistedOpStateExpiryEpochSec: 0}
2022-01-10 01:36:23,325 [EventQueue-NewNodeForNewNodeHandler] INFO  pipeline.BackgroundPipelineCreator (BackgroundPipelineCreator.java:notifyEventTriggered(285)) - trigger a one-shot run on RatisPipelineUtilsThread.
2022-01-10 01:36:23,329 [RatisPipelineUtilsThread - 0] INFO  pipeline.RatisPipelineProvider (RatisPipelineProvider.java:lambda$create$0(183)) - Sending CreatePipelineCommand for pipeline:PipelineID=28c12cfb-5b4e-4362-86d0-402024793883 to datanode:575cbf86-88fb-41ad-ac78-70c476dab826
2022-01-10 01:36:23,329 [RatisPipelineUtilsThread - 0] INFO  pipeline.PipelineStateManagerImpl (PipelineStateManagerImpl.java:addPipeline(101)) - Created pipeline Pipeline[ Id: 28c12cfb-5b4e-4362-86d0-402024793883, Nodes: 575cbf86-88fb-41ad-ac78-70c476dab826{ip: 10.1.0.8, host: fv-az297-741.nmf1rxwemy4u5di1sxxf4ejcwb.jx.internal.cloudapp.net, ports: [REPLICATION=43515, RATIS=42327, RATIS_ADMIN=42327, RATIS_SERVER=42327, STANDALONE=40043], networkLocation: /default-rack, certSerialId: null, persistedOpState: IN_SERVICE, persistedOpStateExpiryEpochSec: 0}, ReplicationConfig: RATIS/ONE, State:ALLOCATED, leaderId:, CreationTimestamp2022-01-10T01:36:23.329Z[Etc/UTC]].
2022-01-10 01:36:23,329 [EventQueue-NodeRegistrationContainerReportForDataNodeSafeModeRule] INFO  safemode.SCMSafeModeManager (DataNodeSafeModeRule.java:process(71)) - SCM in safe mode. 3 DataNodes registered, 3 required.
2022-01-10 01:36:23,330 [EventQueue-NodeRegistrationContainerReportForDataNodeSafeModeRule] INFO  safemode.SCMSafeModeManager (SCMSafeModeManager.java:validateSafeModeExitRules(204)) - DataNodeSafeModeRule rule is successfully validated
2022-01-10 01:36:23,330 [EventQueue-NodeRegistrationContainerReportForDataNodeSafeModeRule] INFO  safemode.SCMSafeModeManager (SCMSafeModeManager.java:completePreCheck(233)) - All SCM safe mode pre check rules have passed
2022-01-10 01:36:23,330 [EventQueue-NodeRegistrationContainerReportForDataNodeSafeModeRule] WARN  events.EventQueue (EventQueue.java:fireEvent(194)) - No event handler registered for event TypedEvent{payloadType=SafeModeStatus, name='Safe mode status'}
2022-01-10 01:36:23,330 [EventQueue-NodeRegistrationContainerReportForDataNodeSafeModeRule] INFO  ha.SCMContext (SCMContext.java:updateSafeModeStatus(211)) - Update SafeModeStatus from SafeModeStatus{safeModeStatus=true, preCheckPassed=false} to SafeModeStatus{safeModeStatus=true, preCheckPassed=true}.
2022-01-10 01:36:23,330 [EventQueue-NodeRegistrationContainerReportForDataNodeSafeModeRule] INFO  pipeline.BackgroundPipelineCreator (BackgroundPipelineCreator.java:notifyEventTriggered(285)) - trigger a one-shot run on RatisPipelineUtilsThread.
2022-01-10 01:36:23,334 [RatisPipelineUtilsThread - 0] INFO  pipeline.RatisPipelineProvider (RatisPipelineProvider.java:lambda$create$0(183)) - Sending CreatePipelineCommand for pipeline:PipelineID=4e14f61a-102a-4144-81cc-fd362db6bee1 to datanode:e3f599f5-028b-4c3f-a449-c6721188584f
2022-01-10 01:36:23,336 [RatisPipelineUtilsThread - 0] INFO  pipeline.RatisPipelineProvider (RatisPipelineProvider.java:lambda$create$0(183)) - Sending CreatePipelineCommand for pipeline:PipelineID=4e14f61a-102a-4144-81cc-fd362db6bee1 to datanode:4662cef3-4296-4558-a543-727d5622f336
2022-01-10 01:36:23,336 [RatisPipelineUtilsThread - 0] INFO  pipeline.RatisPipelineProvider (RatisPipelineProvider.java:lambda$create$0(183)) - Sending CreatePipelineCommand for pipeline:PipelineID=4e14f61a-102a-4144-81cc-fd362db6bee1 to datanode:575cbf86-88fb-41ad-ac78-70c476dab826
2022-01-10 01:36:23,337 [RatisPipelineUtilsThread - 0] INFO  pipeline.PipelineStateManagerImpl (PipelineStateManagerImpl.java:addPipeline(101)) - Created pipeline Pipeline[ Id: 4e14f61a-102a-4144-81cc-fd362db6bee1, Nodes: e3f599f5-028b-4c3f-a449-c6721188584f{ip: 10.1.0.8, host: fv-az297-741.nmf1rxwemy4u5di1sxxf4ejcwb.jx.internal.cloudapp.net, ports: [REPLICATION=36563, RATIS=41427, RATIS_ADMIN=41427, RATIS_SERVER=41427, STANDALONE=43635], networkLocation: /default-rack, certSerialId: null, persistedOpState: IN_SERVICE, persistedOpStateExpiryEpochSec: 0}4662cef3-4296-4558-a543-727d5622f336{ip: 10.1.0.8, host: fv-az297-741.nmf1rxwemy4u5di1sxxf4ejcwb.jx.internal.cloudapp.net, ports: [REPLICATION=42503, RATIS=33395, RATIS_ADMIN=33395, RATIS_SERVER=33395, STANDALONE=40981], networkLocation: /default-rack, certSerialId: null, persistedOpState: IN_SERVICE, persistedOpStateExpiryEpochSec: 0}575cbf86-88fb-41ad-ac78-70c476dab826{ip: 10.1.0.8, host: fv-az297-741.nmf1rxwemy4u5di1sxxf4ejcwb.jx.internal.cloudapp.net, ports: [REPLICATION=43515, RATIS=42327, RATIS_ADMIN=42327, RATIS_SERVER=42327, STANDALONE=40043], networkLocation: /default-rack, certSerialId: null, persistedOpState: IN_SERVICE, persistedOpStateExpiryEpochSec: 0}, ReplicationConfig: RATIS/THREE, State:ALLOCATED, leaderId:, CreationTimestamp2022-01-10T01:36:23.334Z[Etc/UTC]].
2022-01-10 01:36:23,337 [RatisPipelineUtilsThread - 0] INFO  pipeline.RatisPipelineProvider (RatisPipelineProvider.java:lambda$create$0(183)) - Sending CreatePipelineCommand for pipeline:PipelineID=afa7b46a-3a76-47ae-b798-d8c9a2e4ea00 to datanode:e3f599f5-028b-4c3f-a449-c6721188584f
2022-01-10 01:36:23,337 [RatisPipelineUtilsThread - 0] INFO  pipeline.RatisPipelineProvider (RatisPipelineProvider.java:lambda$create$0(183)) - Sending CreatePipelineCommand for pipeline:PipelineID=afa7b46a-3a76-47ae-b798-d8c9a2e4ea00 to datanode:575cbf86-88fb-41ad-ac78-70c476dab826
2022-01-10 01:36:23,337 [RatisPipelineUtilsThread - 0] INFO  pipeline.RatisPipelineProvider (RatisPipelineProvider.java:lambda$create$0(183)) - Sending CreatePipelineCommand for pipeline:PipelineID=afa7b46a-3a76-47ae-b798-d8c9a2e4ea00 to datanode:4662cef3-4296-4558-a543-727d5622f336
2022-01-10 01:36:23,337 [RatisPipelineUtilsThread - 0] INFO  pipeline.PipelineStateManagerImpl (PipelineStateManagerImpl.java:addPipeline(101)) - Created pipeline Pipeline[ Id: afa7b46a-3a76-47ae-b798-d8c9a2e4ea00, Nodes: e3f599f5-028b-4c3f-a449-c6721188584f{ip: 10.1.0.8, host: fv-az297-741.nmf1rxwemy4u5di1sxxf4ejcwb.jx.internal.cloudapp.net, ports: [REPLICATION=36563, RATIS=41427, RATIS_ADMIN=41427, RATIS_SERVER=41427, STANDALONE=43635], networkLocation: /default-rack, certSerialId: null, persistedOpState: IN_SERVICE, persistedOpStateExpiryEpochSec: 0}575cbf86-88fb-41ad-ac78-70c476dab826{ip: 10.1.0.8, host: fv-az297-741.nmf1rxwemy4u5di1sxxf4ejcwb.jx.internal.cloudapp.net, ports: [REPLICATION=43515, RATIS=42327, RATIS_ADMIN=42327, RATIS_SERVER=42327, STANDALONE=40043], networkLocation: /default-rack, certSerialId: null, persistedOpState: IN_SERVICE, persistedOpStateExpiryEpochSec: 0}4662cef3-4296-4558-a543-727d5622f336{ip: 10.1.0.8, host: fv-az297-741.nmf1rxwemy4u5di1sxxf4ejcwb.jx.internal.cloudapp.net, ports: [REPLICATION=42503, RATIS=33395, RATIS_ADMIN=33395, RATIS_SERVER=33395, STANDALONE=40981], networkLocation: /default-rack, certSerialId: null, persistedOpState: IN_SERVICE, persistedOpStateExpiryEpochSec: 0}, ReplicationConfig: RATIS/THREE, State:ALLOCATED, leaderId:, CreationTimestamp2022-01-10T01:36:23.337Z[Etc/UTC]].
2022-01-10 01:36:23,338 [RatisPipelineUtilsThread - 0] INFO  pipeline.PipelineManagerImpl (PipelineManagerImpl.java:recordMetricsForPipeline(639)) - Pipeline: PipelineID=afa7b46a-3a76-47ae-b798-d8c9a2e4ea00 contains same datanodes as previous pipelines: PipelineID=4e14f61a-102a-4144-81cc-fd362db6bee1 nodeIds: e3f599f5-028b-4c3f-a449-c6721188584f, 575cbf86-88fb-41ad-ac78-70c476dab826, 4662cef3-4296-4558-a543-727d5622f336
2022-01-10 01:36:24,301 [Listener at 127.0.0.1/37387] INFO  ozone.MiniOzoneClusterImpl (MiniOzoneClusterImpl.java:lambda$waitForClusterToBeReady$0(235)) - Nodes are ready. Got 3 of 3 DN Heartbeats.
2022-01-10 01:36:24,302 [Listener at 127.0.0.1/37387] INFO  ozone.MiniOzoneClusterImpl (MiniOzoneClusterImpl.java:lambda$waitForClusterToBeReady$0(238)) - Waiting for cluster to exit safe mode
2022-01-10 01:36:24,302 [Listener at 127.0.0.1/37387] INFO  ozone.MiniOzoneClusterImpl (MiniOzoneClusterImpl.java:lambda$waitForClusterToBeReady$0(240)) - SCM became leader
2022-01-10 01:36:25,303 [Listener at 127.0.0.1/37387] INFO  ozone.MiniOzoneClusterImpl (MiniOzoneClusterImpl.java:lambda$waitForClusterToBeReady$0(235)) - Nodes are ready. Got 3 of 3 DN Heartbeats.
2022-01-10 01:36:25,303 [Listener at 127.0.0.1/37387] INFO  ozone.MiniOzoneClusterImpl (MiniOzoneClusterImpl.java:lambda$waitForClusterToBeReady$0(238)) - Waiting for cluster to exit safe mode
2022-01-10 01:36:25,303 [Listener at 127.0.0.1/37387] INFO  ozone.MiniOzoneClusterImpl (MiniOzoneClusterImpl.java:lambda$waitForClusterToBeReady$0(240)) - SCM became leader
2022-01-10 01:36:25,323 [Command processor thread] INFO  server.RaftServer (RaftServerProxy.java:addNew(95)) - 4662cef3-4296-4558-a543-727d5622f336: addNew group-AE4791A7C008:[4662cef3-4296-4558-a543-727d5622f336|rpc:10.1.0.8:33395|priority:1] returns group-AE4791A7C008:java.util.concurrent.CompletableFuture@c189631[Not completed]
2022-01-10 01:36:25,342 [pool-199-thread-1] INFO  server.RaftServer$Division (RaftServerImpl.java:<init>(184)) - 4662cef3-4296-4558-a543-727d5622f336: new RaftServerImpl for group-AE4791A7C008:[4662cef3-4296-4558-a543-727d5622f336|rpc:10.1.0.8:33395|priority:1] with ContainerStateMachine:uninitialized
2022-01-10 01:36:25,343 [pool-199-thread-1] INFO  server.RaftServerConfigKeys (ConfUtils.java:logGet(44)) - raft.server.rpc.timeout.min = 5s (custom)
2022-01-10 01:36:25,343 [pool-199-thread-1] INFO  server.RaftServerConfigKeys (ConfUtils.java:logGet(44)) - raft.server.rpc.timeout.max = 5200ms (custom)
2022-01-10 01:36:25,343 [pool-199-thread-1] INFO  server.RaftServerConfigKeys (ConfUtils.java:logGet(44)) - raft.server.rpc.sleep.time = 25ms (default)
2022-01-10 01:36:25,343 [pool-199-thread-1] INFO  server.RaftServerConfigKeys (ConfUtils.java:logGet(44)) - raft.server.rpc.slowness.timeout = 300s (custom)
2022-01-10 01:36:25,343 [pool-199-thread-1] INFO  server.RaftServerConfigKeys (ConfUtils.java:logGet(44)) - raft.server.leaderelection.leader.step-down.wait-time = 10s (default)
2022-01-10 01:36:25,343 [pool-199-thread-1] INFO  server.RaftServerConfigKeys (ConfUtils.java:logGet(44)) - raft.server.sleep.deviation.threshold = 300ms (default)
2022-01-10 01:36:25,343 [pool-199-thread-1] INFO  server.RaftServerConfigKeys (ConfUtils.java:logGet(44)) - raft.server.log.appender.install.snapshot.enabled = false (custom)
2022-01-10 01:36:25,343 [pool-199-thread-1] INFO  server.RaftServer$Division (ServerState.java:<init>(105)) - 4662cef3-4296-4558-a543-727d5622f336@group-AE4791A7C008: ConfigurationManager, init=-1: [4662cef3-4296-4558-a543-727d5622f336|rpc:10.1.0.8:33395|priority:1], old=null, confs=<EMPTY_MAP>
2022-01-10 01:36:25,343 [pool-199-thread-1] INFO  server.RaftServerConfigKeys (ConfUtils.java:logGet(44)) - raft.server.storage.dir = [/home/runner/work/ozone/ozone/hadoop-ozone/integration-test/target/test-dir/MiniOzoneClusterImpl-464fc649-a0a5-4ced-a2bf-a15f727bdd97/datanode-0/data/ratis] (custom)
2022-01-10 01:36:25,343 [pool-199-thread-1] INFO  server.RaftServerConfigKeys (ConfUtils.java:logGet(44)) - raft.server.log.corruption.policy = EXCEPTION (default)
2022-01-10 01:36:25,343 [pool-199-thread-1] INFO  server.RaftServerConfigKeys (ConfUtils.java:logGet(44)) - raft.server.storage.free-space.min = 0MB (=0) (default)
2022-01-10 01:36:25,343 [pool-199-thread-1] INFO  storage.RaftStorageDirectory (RaftStorageDirectoryImpl.java:analyzeStorage(135)) - The storage directory /home/runner/work/ozone/ozone/hadoop-ozone/integration-test/target/test-dir/MiniOzoneClusterImpl-464fc649-a0a5-4ced-a2bf-a15f727bdd97/datanode-0/data/ratis/8e3b71f9-0087-488b-bcb2-ae4791a7c008 does not exist. Creating ...
2022-01-10 01:36:25,346 [pool-199-thread-1] INFO  storage.RaftStorageDirectory (RaftStorageDirectoryImpl.java:tryLock(230)) - Lock on /home/runner/work/ozone/ozone/hadoop-ozone/integration-test/target/test-dir/MiniOzoneClusterImpl-464fc649-a0a5-4ced-a2bf-a15f727bdd97/datanode-0/data/ratis/8e3b71f9-0087-488b-bcb2-ae4791a7c008/in_use.lock acquired by nodename 16813@fv-az297-741
2022-01-10 01:36:25,354 [pool-199-thread-1] INFO  storage.RaftStorage (RaftStorageImpl.java:format(89)) - Storage directory /home/runner/work/ozone/ozone/hadoop-ozone/integration-test/target/test-dir/MiniOzoneClusterImpl-464fc649-a0a5-4ced-a2bf-a15f727bdd97/datanode-0/data/ratis/8e3b71f9-0087-488b-bcb2-ae4791a7c008 has been successfully formatted.
2022-01-10 01:36:25,355 [pool-199-thread-1] INFO  ratis.ContainerStateMachine (ContainerStateMachine.java:loadSnapshot(231)) - group-AE4791A7C008: The snapshot info is null. Setting the last applied indexto:(t:0, i:~)
2022-01-10 01:36:25,355 [pool-199-thread-1] INFO  server.RaftServerConfigKeys (ConfUtils.java:logGet(44)) - raft.server.notification.no-leader.timeout = 300s (custom)
2022-01-10 01:36:25,355 [pool-199-thread-1] INFO  server.RaftServerConfigKeys (ConfUtils.java:logGet(44)) - raft.server.log.use.memory = false (default)
2022-01-10 01:36:25,355 [pool-199-thread-1] INFO  server.RaftServerConfigKeys (ConfUtils.java:logGet(44)) - raft.server.log.purge.gap = 1000000 (custom)
2022-01-10 01:36:25,355 [pool-199-thread-1] INFO  server.RaftServerConfigKeys (ConfUtils.java:logGet(44)) - raft.server.log.appender.buffer.byte-limit = 33554432 (custom)
2022-01-10 01:36:25,355 [pool-199-thread-1] INFO  server.RaftServerConfigKeys (ConfUtils.java:logGet(44)) - raft.server.log.segment.size.max = 1048576 (custom)
2022-01-10 01:36:25,356 [pool-199-thread-1] INFO  server.RaftServerConfigKeys (ConfUtils.java:logGet(44)) - raft.server.log.segment.cache.num.max = 2 (custom)
2022-01-10 01:36:25,356 [pool-199-thread-1] INFO  server.RaftServerConfigKeys (ConfUtils.java:logGet(44)) - raft.server.log.segment.cache.size.max = 200MB (=209715200) (default)
2022-01-10 01:36:25,356 [pool-199-thread-1] INFO  segmented.SegmentedRaftLogWorker (SegmentedRaftLogWorker.java:<init>(182)) - new 4662cef3-4296-4558-a543-727d5622f336@group-AE4791A7C008-SegmentedRaftLogWorker for RaftStorageImpl:Storage Directory /home/runner/work/ozone/ozone/hadoop-ozone/integration-test/target/test-dir/MiniOzoneClusterImpl-464fc649-a0a5-4ced-a2bf-a15f727bdd97/datanode-0/data/ratis/8e3b71f9-0087-488b-bcb2-ae4791a7c008
2022-01-10 01:36:25,356 [pool-199-thread-1] INFO  server.RaftServerConfigKeys (ConfUtils.java:logGet(44)) - raft.server.log.queue.byte-limit = 2147483647 (custom)
2022-01-10 01:36:25,356 [pool-199-thread-1] INFO  server.RaftServerConfigKeys (ConfUtils.java:logGet(44)) - raft.server.log.queue.element-limit = 1024 (custom)
2022-01-10 01:36:25,356 [pool-199-thread-1] INFO  server.RaftServerConfigKeys (ConfUtils.java:logGet(44)) - raft.server.log.segment.size.max = 1048576 (custom)
2022-01-10 01:36:25,356 [pool-199-thread-1] INFO  server.RaftServerConfigKeys (ConfUtils.java:logGet(44)) - raft.server.log.preallocated.size = 16384 (custom)
2022-01-10 01:36:25,356 [pool-199-thread-1] INFO  server.RaftServerConfigKeys (ConfUtils.java:logGet(44)) - raft.server.log.force.sync.num = 128 (default)
2022-01-10 01:36:25,356 [pool-199-thread-1] INFO  server.RaftServerConfigKeys (ConfUtils.java:logGet(44)) - raft.server.log.statemachine.data.sync = true (default)
2022-01-10 01:36:25,356 [pool-199-thread-1] INFO  server.RaftServerConfigKeys (ConfUtils.java:logGet(44)) - raft.server.log.statemachine.data.sync.timeout = 10s (default)
2022-01-10 01:36:25,356 [pool-199-thread-1] INFO  server.RaftServerConfigKeys (ConfUtils.java:logGet(44)) - raft.server.log.statemachine.data.sync.timeout.retry = -1 (default)
2022-01-10 01:36:25,357 [pool-199-thread-1] INFO  server.RaftServerConfigKeys (ConfUtils.java:logGet(44)) - raft.server.log.write.buffer.size = 1048576 (custom)
2022-01-10 01:36:25,357 [pool-199-thread-1] INFO  server.RaftServerConfigKeys (ConfUtils.java:logGet(44)) - raft.server.log.statemachine.data.caching.enabled = true (custom)
2022-01-10 01:36:25,357 [pool-199-thread-1] INFO  segmented.SegmentedRaftLogWorker (SegmentedRaftLogWorker.java:lambda$new$0(133)) - 4662cef3-4296-4558-a543-727d5622f336@group-AE4791A7C008-SegmentedRaftLogWorker: flushIndex: setUnconditionally 0 -> -1
2022-01-10 01:36:25,357 [pool-199-thread-1] INFO  segmented.SegmentedRaftLogWorker (SegmentedRaftLogWorker.java:lambda$new$0(133)) - 4662cef3-4296-4558-a543-727d5622f336@group-AE4791A7C008-SegmentedRaftLogWorker: safeCacheEvictIndex: setUnconditionally 0 -> -1
2022-01-10 01:36:25,358 [pool-199-thread-1] INFO  server.RaftServerConfigKeys (ConfUtils.java:logGet(44)) - raft.server.snapshot.auto.trigger.enabled = true (custom)
2022-01-10 01:36:25,358 [pool-199-thread-1] INFO  server.RaftServerConfigKeys (ConfUtils.java:logGet(44)) - raft.server.snapshot.auto.trigger.threshold = 10000 (custom)
2022-01-10 01:36:25,358 [pool-199-thread-1] INFO  server.RaftServerConfigKeys (ConfUtils.java:logGet(44)) - raft.server.snapshot.retention.file.num = 5 (custom)
2022-01-10 01:36:25,358 [pool-199-thread-1] INFO  server.RaftServerConfigKeys (ConfUtils.java:logGet(44)) - raft.server.log.purge.upto.snapshot.index = false (default)
2022-01-10 01:36:25,358 [pool-199-thread-1] INFO  server.RaftServerConfigKeys (ConfUtils.java:logGet(44)) - raft.server.retrycache.expirytime = 600000ms (custom)
2022-01-10 01:36:25,358 [pool-199-thread-1] INFO  server.RaftServerConfigKeys (ConfUtils.java:logGet(44)) - raft.server.retrycache.statistics.expirytime = 100μs (default)
2022-01-10 01:36:25,359 [EventQueue-PipelineReportForPipelineReportHandler] INFO  pipeline.PipelineManagerImpl (PipelineManagerImpl.java:openPipeline(291)) - Pipeline Pipeline[ Id: 8e3b71f9-0087-488b-bcb2-ae4791a7c008, Nodes: 4662cef3-4296-4558-a543-727d5622f336{ip: 10.1.0.8, host: fv-az297-741.nmf1rxwemy4u5di1sxxf4ejcwb.jx.internal.cloudapp.net, ports: [REPLICATION=42503, RATIS=33395, RATIS_ADMIN=33395, RATIS_SERVER=33395, STANDALONE=40981], networkLocation: /default-rack, certSerialId: null, persistedOpState: IN_SERVICE, persistedOpStateExpiryEpochSec: 0}, ReplicationConfig: RATIS/ONE, State:ALLOCATED, leaderId:4662cef3-4296-4558-a543-727d5622f336, CreationTimestamp2022-01-10T01:36:22.345Z[Etc/UTC]] moved to OPEN state
2022-01-10 01:36:25,370 [pool-199-thread-1] INFO  server.RaftServer$Division (RaftServerImpl.java:start(301)) - 4662cef3-4296-4558-a543-727d5622f336@group-AE4791A7C008: start as a follower, conf=-1: [4662cef3-4296-4558-a543-727d5622f336|rpc:10.1.0.8:33395|priority:1], old=null
2022-01-10 01:36:25,370 [pool-199-thread-1] INFO  server.RaftServer$Division (RaftServerImpl.java:setRole(290)) - 4662cef3-4296-4558-a543-727d5622f336@group-AE4791A7C008: changes role from      null to FOLLOWER at term 0 for startAsFollower
2022-01-10 01:36:25,370 [pool-199-thread-1] INFO  impl.RoleInfo (RoleInfo.java:updateAndGet(130)) - 4662cef3-4296-4558-a543-727d5622f336: start 4662cef3-4296-4558-a543-727d5622f336@group-AE4791A7C008-FollowerState
2022-01-10 01:36:25,377 [EventQueue-OpenPipelineForHealthyPipelineSafeModeRule] INFO  safemode.SCMSafeModeManager (HealthyPipelineSafeModeRule.java:process(124)) - SCM in safe mode. Healthy pipelines reported count is 0, required healthy pipeline reported count is 1
2022-01-10 01:36:25,383 [pool-199-thread-1] INFO  util.JmxRegister (JmxRegister.java:tryRegister(44)) - Successfully registered JMX Bean with object name Ratis:service=RaftServer,group=group-AE4791A7C008,id=4662cef3-4296-4558-a543-727d5622f336
2022-01-10 01:36:25,385 [Command processor thread] INFO  ratis.XceiverServerRatis (XceiverServerRatis.java:addGroup(768)) - Created group PipelineID=8e3b71f9-0087-488b-bcb2-ae4791a7c008
2022-01-10 01:36:25,385 [Command processor thread] INFO  commandhandler.CreatePipelineCommandHandler (CreatePipelineCommandHandler.java:handle(106)) - Created Pipeline RATIS ONE PipelineID=8e3b71f9-0087-488b-bcb2-ae4791a7c008.
2022-01-10 01:36:25,385 [Command processor thread] INFO  server.RaftServer (RaftServerProxy.java:addNew(95)) - 4662cef3-4296-4558-a543-727d5622f336: addNew group-FD362DB6BEE1:[e3f599f5-028b-4c3f-a449-c6721188584f|rpc:10.1.0.8:41427|priority:0, 575cbf86-88fb-41ad-ac78-70c476dab826|rpc:10.1.0.8:42327|priority:0, 4662cef3-4296-4558-a543-727d5622f336|rpc:10.1.0.8:33395|priority:1] returns group-FD362DB6BEE1:java.util.concurrent.CompletableFuture@827036a[Not completed]
2022-01-10 01:36:25,386 [pool-199-thread-1] INFO  server.RaftServer$Division (RaftServerImpl.java:<init>(184)) - 4662cef3-4296-4558-a543-727d5622f336: new RaftServerImpl for group-FD362DB6BEE1:[e3f599f5-028b-4c3f-a449-c6721188584f|rpc:10.1.0.8:41427|priority:0, 575cbf86-88fb-41ad-ac78-70c476dab826|rpc:10.1.0.8:42327|priority:0, 4662cef3-4296-4558-a543-727d5622f336|rpc:10.1.0.8:33395|priority:1] with ContainerStateMachine:uninitialized
2022-01-10 01:36:25,386 [pool-199-thread-1] INFO  server.RaftServerConfigKeys (ConfUtils.java:logGet(44)) - raft.server.rpc.timeout.min = 5s (custom)
2022-01-10 01:36:25,386 [pool-199-thread-1] INFO  server.RaftServerConfigKeys (ConfUtils.java:logGet(44)) - raft.server.rpc.timeout.max = 5200ms (custom)
2022-01-10 01:36:25,386 [pool-199-thread-1] INFO  server.RaftServerConfigKeys (ConfUtils.java:logGet(44)) - raft.server.rpc.sleep.time = 25ms (default)
2022-01-10 01:36:25,386 [pool-199-thread-1] INFO  server.RaftServerConfigKeys (ConfUtils.java:logGet(44)) - raft.server.rpc.slowness.timeout = 300s (custom)
2022-01-10 01:36:25,386 [pool-199-thread-1] INFO  server.RaftServerConfigKeys (ConfUtils.java:logGet(44)) - raft.server.leaderelection.leader.step-down.wait-time = 10s (default)
2022-01-10 01:36:25,386 [pool-199-thread-1] INFO  server.RaftServerConfigKeys (ConfUtils.java:logGet(44)) - raft.server.sleep.deviation.threshold = 300ms (default)
2022-01-10 01:36:25,387 [pool-199-thread-1] INFO  server.RaftServerConfigKeys (ConfUtils.java:logGet(44)) - raft.server.log.appender.install.snapshot.enabled = false (custom)
2022-01-10 01:36:25,387 [pool-199-thread-1] INFO  server.RaftServer$Division (ServerState.java:<init>(105)) - 4662cef3-4296-4558-a543-727d5622f336@group-FD362DB6BEE1: ConfigurationManager, init=-1: [e3f599f5-028b-4c3f-a449-c6721188584f|rpc:10.1.0.8:41427|priority:0, 575cbf86-88fb-41ad-ac78-70c476dab826|rpc:10.1.0.8:42327|priority:0, 4662cef3-4296-4558-a543-727d5622f336|rpc:10.1.0.8:33395|priority:1], old=null, confs=<EMPTY_MAP>
2022-01-10 01:36:25,387 [pool-199-thread-1] INFO  server.RaftServerConfigKeys (ConfUtils.java:logGet(44)) - raft.server.storage.dir = [/home/runner/work/ozone/ozone/hadoop-ozone/integration-test/target/test-dir/MiniOzoneClusterImpl-464fc649-a0a5-4ced-a2bf-a15f727bdd97/datanode-0/data/ratis] (custom)
2022-01-10 01:36:25,387 [pool-199-thread-1] INFO  server.RaftServerConfigKeys (ConfUtils.java:logGet(44)) - raft.server.log.corruption.policy = EXCEPTION (default)
2022-01-10 01:36:25,387 [pool-199-thread-1] INFO  server.RaftServerConfigKeys (ConfUtils.java:logGet(44)) - raft.server.storage.free-space.min = 0MB (=0) (default)
2022-01-10 01:36:25,387 [pool-199-thread-1] INFO  storage.RaftStorageDirectory (RaftStorageDirectoryImpl.java:analyzeStorage(135)) - The storage directory /home/runner/work/ozone/ozone/hadoop-ozone/integration-test/target/test-dir/MiniOzoneClusterImpl-464fc649-a0a5-4ced-a2bf-a15f727bdd97/datanode-0/data/ratis/4e14f61a-102a-4144-81cc-fd362db6bee1 does not exist. Creating ...
2022-01-10 01:36:25,388 [pool-199-thread-1] INFO  storage.RaftStorageDirectory (RaftStorageDirectoryImpl.java:tryLock(230)) - Lock on /home/runner/work/ozone/ozone/hadoop-ozone/integration-test/target/test-dir/MiniOzoneClusterImpl-464fc649-a0a5-4ced-a2bf-a15f727bdd97/datanode-0/data/ratis/4e14f61a-102a-4144-81cc-fd362db6bee1/in_use.lock acquired by nodename 16813@fv-az297-741
2022-01-10 01:36:25,389 [pool-199-thread-1] INFO  storage.RaftStorage (RaftStorageImpl.java:format(89)) - Storage directory /home/runner/work/ozone/ozone/hadoop-ozone/integration-test/target/test-dir/MiniOzoneClusterImpl-464fc649-a0a5-4ced-a2bf-a15f727bdd97/datanode-0/data/ratis/4e14f61a-102a-4144-81cc-fd362db6bee1 has been successfully formatted.
2022-01-10 01:36:25,390 [pool-199-thread-1] INFO  ratis.ContainerStateMachine (ContainerStateMachine.java:loadSnapshot(231)) - group-FD362DB6BEE1: The snapshot info is null. Setting the last applied indexto:(t:0, i:~)
2022-01-10 01:36:25,390 [pool-199-thread-1] INFO  server.RaftServerConfigKeys (ConfUtils.java:logGet(44)) - raft.server.notification.no-leader.timeout = 300s (custom)
2022-01-10 01:36:25,390 [pool-199-thread-1] INFO  server.RaftServerConfigKeys (ConfUtils.java:logGet(44)) - raft.server.log.use.memory = false (default)
2022-01-10 01:36:25,390 [pool-199-thread-1] INFO  server.RaftServerConfigKeys (ConfUtils.java:logGet(44)) - raft.server.log.purge.gap = 1000000 (custom)
2022-01-10 01:36:25,390 [pool-199-thread-1] INFO  server.RaftServerConfigKeys (ConfUtils.java:logGet(44)) - raft.server.log.appender.buffer.byte-limit = 33554432 (custom)
2022-01-10 01:36:25,390 [pool-199-thread-1] INFO  server.RaftServerConfigKeys (ConfUtils.java:logGet(44)) - raft.server.log.segment.size.max = 1048576 (custom)
2022-01-10 01:36:25,390 [pool-199-thread-1] INFO  server.RaftServerConfigKeys (ConfUtils.java:logGet(44)) - raft.server.log.segment.cache.num.max = 2 (custom)
2022-01-10 01:36:25,390 [pool-199-thread-1] INFO  server.RaftServerConfigKeys (ConfUtils.java:logGet(44)) - raft.server.log.segment.cache.size.max = 200MB (=209715200) (default)
2022-01-10 01:36:25,390 [pool-199-thread-1] INFO  segmented.SegmentedRaftLogWorker (SegmentedRaftLogWorker.java:<init>(182)) - new 4662cef3-4296-4558-a543-727d5622f336@group-FD362DB6BEE1-SegmentedRaftLogWorker for RaftStorageImpl:Storage Directory /home/runner/work/ozone/ozone/hadoop-ozone/integration-test/target/test-dir/MiniOzoneClusterImpl-464fc649-a0a5-4ced-a2bf-a15f727bdd97/datanode-0/data/ratis/4e14f61a-102a-4144-81cc-fd362db6bee1
2022-01-10 01:36:25,390 [pool-199-thread-1] INFO  server.RaftServerConfigKeys (ConfUtils.java:logGet(44)) - raft.server.log.queue.byte-limit = 2147483647 (custom)
2022-01-10 01:36:25,391 [pool-199-thread-1] INFO  server.RaftServerConfigKeys (ConfUtils.java:logGet(44)) - raft.server.log.queue.element-limit = 1024 (custom)
2022-01-10 01:36:25,391 [pool-199-thread-1] INFO  server.RaftServerConfigKeys (ConfUtils.java:logGet(44)) - raft.server.log.segment.size.max = 1048576 (custom)
2022-01-10 01:36:25,391 [pool-199-thread-1] INFO  server.RaftServerConfigKeys (ConfUtils.java:logGet(44)) - raft.server.log.preallocated.size = 16384 (custom)
2022-01-10 01:36:25,391 [pool-199-thread-1] INFO  server.RaftServerConfigKeys (ConfUtils.java:logGet(44)) - raft.server.log.force.sync.num = 128 (default)
2022-01-10 01:36:25,391 [pool-199-thread-1] INFO  server.RaftServerConfigKeys (ConfUtils.java:logGet(44)) - raft.server.log.statemachine.data.sync = true (default)
2022-01-10 01:36:25,391 [pool-199-thread-1] INFO  server.RaftServerConfigKeys (ConfUtils.java:logGet(44)) - raft.server.log.statemachine.data.sync.timeout = 10s (default)
2022-01-10 01:36:25,391 [pool-199-thread-1] INFO  server.RaftServerConfigKeys (ConfUtils.java:logGet(44)) - raft.server.log.statemachine.data.sync.timeout.retry = -1 (default)
2022-01-10 01:36:25,391 [pool-199-thread-1] INFO  server.RaftServerConfigKeys (ConfUtils.java:logGet(44)) - raft.server.log.write.buffer.size = 1048576 (custom)
2022-01-10 01:36:25,391 [pool-199-thread-1] INFO  server.RaftServerConfigKeys (ConfUtils.java:logGet(44)) - raft.server.log.statemachine.data.caching.enabled = true (custom)
2022-01-10 01:36:25,392 [pool-199-thread-1] INFO  segmented.SegmentedRaftLogWorker (SegmentedRaftLogWorker.java:lambda$new$0(133)) - 4662cef3-4296-4558-a543-727d5622f336@group-FD362DB6BEE1-SegmentedRaftLogWorker: flushIndex: setUnconditionally 0 -> -1
2022-01-10 01:36:25,392 [pool-199-thread-1] INFO  segmented.SegmentedRaftLogWorker (SegmentedRaftLogWorker.java:lambda$new$0(133)) - 4662cef3-4296-4558-a543-727d5622f336@group-FD362DB6BEE1-SegmentedRaftLogWorker: safeCacheEvictIndex: setUnconditionally 0 -> -1
2022-01-10 01:36:25,402 [pool-199-thread-1] INFO  server.RaftServerConfigKeys (ConfUtils.java:logGet(44)) - raft.server.snapshot.auto.trigger.enabled = true (custom)
2022-01-10 01:36:25,402 [pool-199-thread-1] INFO  server.RaftServerConfigKeys (ConfUtils.java:logGet(44)) - raft.server.snapshot.auto.trigger.threshold = 10000 (custom)
2022-01-10 01:36:25,402 [pool-199-thread-1] INFO  server.RaftServerConfigKeys (ConfUtils.java:logGet(44)) - raft.server.snapshot.retention.file.num = 5 (custom)
2022-01-10 01:36:25,402 [pool-199-thread-1] INFO  server.RaftServerConfigKeys (ConfUtils.java:logGet(44)) - raft.server.log.purge.upto.snapshot.index = false (default)
2022-01-10 01:36:25,402 [pool-199-thread-1] INFO  server.RaftServerConfigKeys (ConfUtils.java:logGet(44)) - raft.server.retrycache.expirytime = 600000ms (custom)
2022-01-10 01:36:25,402 [pool-199-thread-1] INFO  server.RaftServerConfigKeys (ConfUtils.java:logGet(44)) - raft.server.retrycache.statistics.expirytime = 100μs (default)
2022-01-10 01:36:25,403 [pool-199-thread-1] INFO  server.RaftServer$Division (RaftServerImpl.java:start(301)) - 4662cef3-4296-4558-a543-727d5622f336@group-FD362DB6BEE1: start as a follower, conf=-1: [e3f599f5-028b-4c3f-a449-c6721188584f|rpc:10.1.0.8:41427|priority:0, 575cbf86-88fb-41ad-ac78-70c476dab826|rpc:10.1.0.8:42327|priority:0, 4662cef3-4296-4558-a543-727d5622f336|rpc:10.1.0.8:33395|priority:1], old=null
2022-01-10 01:36:25,403 [pool-199-thread-1] INFO  server.RaftServer$Division (RaftServerImpl.java:setRole(290)) - 4662cef3-4296-4558-a543-727d5622f336@group-FD362DB6BEE1: changes role from      null to FOLLOWER at term 0 for startAsFollower
2022-01-10 01:36:25,403 [pool-199-thread-1] INFO  impl.RoleInfo (RoleInfo.java:updateAndGet(130)) - 4662cef3-4296-4558-a543-727d5622f336: start 4662cef3-4296-4558-a543-727d5622f336@group-FD362DB6BEE1-FollowerState
2022-01-10 01:36:25,403 [pool-199-thread-1] INFO  util.JmxRegister (JmxRegister.java:tryRegister(44)) - Successfully registered JMX Bean with object name Ratis:service=RaftServer,group=group-FD362DB6BEE1,id=4662cef3-4296-4558-a543-727d5622f336
2022-01-10 01:36:25,404 [Command processor thread] INFO  ratis.XceiverServerRatis (XceiverServerRatis.java:addGroup(768)) - Created group PipelineID=4e14f61a-102a-4144-81cc-fd362db6bee1
2022-01-10 01:36:25,409 [EventQueue-OpenPipelineForHealthyPipelineSafeModeRule] INFO  safemode.SCMSafeModeManager (HealthyPipelineSafeModeRule.java:process(124)) - SCM in safe mode. Healthy pipelines reported count is 0, required healthy pipeline reported count is 1
2022-01-10 01:36:25,430 [grpc-default-executor-3] INFO  server.RaftServer (RaftServerProxy.java:addNew(95)) - e3f599f5-028b-4c3f-a449-c6721188584f: addNew group-FD362DB6BEE1:[e3f599f5-028b-4c3f-a449-c6721188584f|rpc:10.1.0.8:41427|dataStream:|priority:0, 575cbf86-88fb-41ad-ac78-70c476dab826|rpc:10.1.0.8:42327|dataStream:|priority:0, 4662cef3-4296-4558-a543-727d5622f336|rpc:10.1.0.8:33395|dataStream:|priority:1] returns group-FD362DB6BEE1:java.util.concurrent.CompletableFuture@76b07d4d[Not completed]
2022-01-10 01:36:25,435 [pool-220-thread-1] INFO  server.RaftServer$Division (RaftServerImpl.java:<init>(184)) - e3f599f5-028b-4c3f-a449-c6721188584f: new RaftServerImpl for group-FD362DB6BEE1:[e3f599f5-028b-4c3f-a449-c6721188584f|rpc:10.1.0.8:41427|dataStream:|priority:0, 575cbf86-88fb-41ad-ac78-70c476dab826|rpc:10.1.0.8:42327|dataStream:|priority:0, 4662cef3-4296-4558-a543-727d5622f336|rpc:10.1.0.8:33395|dataStream:|priority:1] with ContainerStateMachine:uninitialized
2022-01-10 01:36:25,438 [pool-220-thread-1] INFO  server.RaftServerConfigKeys (ConfUtils.java:logGet(44)) - raft.server.rpc.timeout.min = 5s (custom)
2022-01-10 01:36:25,438 [pool-220-thread-1] INFO  server.RaftServerConfigKeys (ConfUtils.java:logGet(44)) - raft.server.rpc.timeout.max = 5200ms (custom)
2022-01-10 01:36:25,438 [pool-220-thread-1] INFO  server.RaftServerConfigKeys (ConfUtils.java:logGet(44)) - raft.server.rpc.sleep.time = 25ms (default)
2022-01-10 01:36:25,438 [pool-220-thread-1] INFO  server.RaftServerConfigKeys (ConfUtils.java:logGet(44)) - raft.server.rpc.slowness.timeout = 300s (custom)
2022-01-10 01:36:25,438 [pool-220-thread-1] INFO  server.RaftServerConfigKeys (ConfUtils.java:logGet(44)) - raft.server.leaderelection.leader.step-down.wait-time = 10s (default)
2022-01-10 01:36:25,438 [pool-220-thread-1] INFO  server.RaftServerConfigKeys (ConfUtils.java:logGet(44)) - raft.server.sleep.deviation.threshold = 300ms (default)
2022-01-10 01:36:25,438 [pool-220-thread-1] INFO  server.RaftServerConfigKeys (ConfUtils.java:logGet(44)) - raft.server.log.appender.install.snapshot.enabled = false (custom)
2022-01-10 01:36:25,438 [pool-220-thread-1] INFO  server.RaftServer$Division (ServerState.java:<init>(105)) - e3f599f5-028b-4c3f-a449-c6721188584f@group-FD362DB6BEE1: ConfigurationManager, init=-1: [e3f599f5-028b-4c3f-a449-c6721188584f|rpc:10.1.0.8:41427|dataStream:|priority:0, 575cbf86-88fb-41ad-ac78-70c476dab826|rpc:10.1.0.8:42327|dataStream:|priority:0, 4662cef3-4296-4558-a543-727d5622f336|rpc:10.1.0.8:33395|dataStream:|priority:1], old=null, confs=<EMPTY_MAP>
2022-01-10 01:36:25,438 [pool-220-thread-1] INFO  server.RaftServerConfigKeys (ConfUtils.java:logGet(44)) - raft.server.storage.dir = [/home/runner/work/ozone/ozone/hadoop-ozone/integration-test/target/test-dir/MiniOzoneClusterImpl-464fc649-a0a5-4ced-a2bf-a15f727bdd97/datanode-1/data/ratis] (custom)
2022-01-10 01:36:25,439 [pool-220-thread-1] INFO  server.RaftServerConfigKeys (ConfUtils.java:logGet(44)) - raft.server.log.corruption.policy = EXCEPTION (default)
2022-01-10 01:36:25,442 [pool-220-thread-1] INFO  server.RaftServerConfigKeys (ConfUtils.java:logGet(44)) - raft.server.storage.free-space.min = 0MB (=0) (default)
2022-01-10 01:36:25,444 [pool-220-thread-1] INFO  storage.RaftStorageDirectory (RaftStorageDirectoryImpl.java:analyzeStorage(135)) - The storage directory /home/runner/work/ozone/ozone/hadoop-ozone/integration-test/target/test-dir/MiniOzoneClusterImpl-464fc649-a0a5-4ced-a2bf-a15f727bdd97/datanode-1/data/ratis/4e14f61a-102a-4144-81cc-fd362db6bee1 does not exist. Creating ...
2022-01-10 01:36:25,450 [pool-220-thread-1] INFO  storage.RaftStorageDirectory (RaftStorageDirectoryImpl.java:tryLock(230)) - Lock on /home/runner/work/ozone/ozone/hadoop-ozone/integration-test/target/test-dir/MiniOzoneClusterImpl-464fc649-a0a5-4ced-a2bf-a15f727bdd97/datanode-1/data/ratis/4e14f61a-102a-4144-81cc-fd362db6bee1/in_use.lock acquired by nodename 16813@fv-az297-741
2022-01-10 01:36:25,452 [pool-220-thread-1] INFO  storage.RaftStorage (RaftStorageImpl.java:format(89)) - Storage directory /home/runner/work/ozone/ozone/hadoop-ozone/integration-test/target/test-dir/MiniOzoneClusterImpl-464fc649-a0a5-4ced-a2bf-a15f727bdd97/datanode-1/data/ratis/4e14f61a-102a-4144-81cc-fd362db6bee1 has been successfully formatted.
2022-01-10 01:36:25,453 [pool-220-thread-1] INFO  ratis.ContainerStateMachine (ContainerStateMachine.java:loadSnapshot(231)) - group-FD362DB6BEE1: The snapshot info is null. Setting the last applied indexto:(t:0, i:~)
2022-01-10 01:36:25,453 [pool-220-thread-1] INFO  server.RaftServerConfigKeys (ConfUtils.java:logGet(44)) - raft.server.notification.no-leader.timeout = 300s (custom)
2022-01-10 01:36:25,453 [pool-220-thread-1] INFO  server.RaftServerConfigKeys (ConfUtils.java:logGet(44)) - raft.server.log.use.memory = false (default)
2022-01-10 01:36:25,453 [pool-220-thread-1] INFO  server.RaftServerConfigKeys (ConfUtils.java:logGet(44)) - raft.server.log.purge.gap = 1000000 (custom)
2022-01-10 01:36:25,453 [pool-220-thread-1] INFO  server.RaftServerConfigKeys (ConfUtils.java:logGet(44)) - raft.server.log.appender.buffer.byte-limit = 33554432 (custom)
2022-01-10 01:36:25,453 [pool-220-thread-1] INFO  server.RaftServerConfigKeys (ConfUtils.java:logGet(44)) - raft.server.log.segment.size.max = 1048576 (custom)
2022-01-10 01:36:25,455 [pool-220-thread-1] INFO  server.RaftServerConfigKeys (ConfUtils.java:logGet(44)) - raft.server.log.segment.cache.num.max = 2 (custom)
2022-01-10 01:36:25,455 [pool-220-thread-1] INFO  server.RaftServerConfigKeys (ConfUtils.java:logGet(44)) - raft.server.log.segment.cache.size.max = 200MB (=209715200) (default)
2022-01-10 01:36:25,455 [pool-220-thread-1] INFO  segmented.SegmentedRaftLogWorker (SegmentedRaftLogWorker.java:<init>(182)) - new e3f599f5-028b-4c3f-a449-c6721188584f@group-FD362DB6BEE1-SegmentedRaftLogWorker for RaftStorageImpl:Storage Directory /home/runner/work/ozone/ozone/hadoop-ozone/integration-test/target/test-dir/MiniOzoneClusterImpl-464fc649-a0a5-4ced-a2bf-a15f727bdd97/datanode-1/data/ratis/4e14f61a-102a-4144-81cc-fd362db6bee1
2022-01-10 01:36:25,455 [pool-220-thread-1] INFO  server.RaftServerConfigKeys (ConfUtils.java:logGet(44)) - raft.server.log.queue.byte-limit = 2147483647 (custom)
2022-01-10 01:36:25,455 [pool-220-thread-1] INFO  server.RaftServerConfigKeys (ConfUtils.java:logGet(44)) - raft.server.log.queue.element-limit = 1024 (custom)
2022-01-10 01:36:25,455 [pool-220-thread-1] INFO  server.RaftServerConfigKeys (ConfUtils.java:logGet(44)) - raft.server.log.segment.size.max = 1048576 (custom)
2022-01-10 01:36:25,455 [pool-220-thread-1] INFO  server.RaftServerConfigKeys (ConfUtils.java:logGet(44)) - raft.server.log.preallocated.size = 16384 (custom)
2022-01-10 01:36:25,455 [pool-220-thread-1] INFO  server.RaftServerConfigKeys (ConfUtils.java:logGet(44)) - raft.server.log.force.sync.num = 128 (default)
2022-01-10 01:36:25,455 [pool-220-thread-1] INFO  server.RaftServerConfigKeys (ConfUtils.java:logGet(44)) - raft.server.log.statemachine.data.sync = true (default)
2022-01-10 01:36:25,455 [pool-220-thread-1] INFO  server.RaftServerConfigKeys (ConfUtils.java:logGet(44)) - raft.server.log.statemachine.data.sync.timeout = 10s (default)
2022-01-10 01:36:25,456 [pool-220-thread-1] INFO  server.RaftServerConfigKeys (ConfUtils.java:logGet(44)) - raft.server.log.statemachine.data.sync.timeout.retry = -1 (default)
2022-01-10 01:36:25,456 [pool-220-thread-1] INFO  server.RaftServerConfigKeys (ConfUtils.java:logGet(44)) - raft.server.log.write.buffer.size = 1048576 (custom)
2022-01-10 01:36:25,457 [pool-220-thread-1] INFO  server.RaftServerConfigKeys (ConfUtils.java:logGet(44)) - raft.server.log.statemachine.data.caching.enabled = true (custom)
2022-01-10 01:36:25,457 [pool-220-thread-1] INFO  segmented.SegmentedRaftLogWorker (SegmentedRaftLogWorker.java:lambda$new$0(133)) - e3f599f5-028b-4c3f-a449-c6721188584f@group-FD362DB6BEE1-SegmentedRaftLogWorker: flushIndex: setUnconditionally 0 -> -1
2022-01-10 01:36:25,457 [pool-220-thread-1] INFO  segmented.SegmentedRaftLogWorker (SegmentedRaftLogWorker.java:lambda$new$0(133)) - e3f599f5-028b-4c3f-a449-c6721188584f@group-FD362DB6BEE1-SegmentedRaftLogWorker: safeCacheEvictIndex: setUnconditionally 0 -> -1
2022-01-10 01:36:25,457 [pool-220-thread-1] INFO  server.RaftServerConfigKeys (ConfUtils.java:logGet(44)) - raft.server.snapshot.auto.trigger.enabled = true (custom)
2022-01-10 01:36:25,457 [pool-220-thread-1] INFO  server.RaftServerConfigKeys (ConfUtils.java:logGet(44)) - raft.server.snapshot.auto.trigger.threshold = 10000 (custom)
2022-01-10 01:36:25,458 [pool-220-thread-1] INFO  server.RaftServerConfigKeys (ConfUtils.java:logGet(44)) - raft.server.snapshot.retention.file.num = 5 (custom)
2022-01-10 01:36:25,458 [pool-220-thread-1] INFO  server.RaftServerConfigKeys (ConfUtils.java:logGet(44)) - raft.server.log.purge.upto.snapshot.index = false (default)
2022-01-10 01:36:25,458 [pool-220-thread-1] INFO  server.RaftServerConfigKeys (ConfUtils.java:logGet(44)) - raft.server.retrycache.expirytime = 600000ms (custom)
2022-01-10 01:36:25,458 [pool-220-thread-1] INFO  server.RaftServerConfigKeys (ConfUtils.java:logGet(44)) - raft.server.retrycache.statistics.expirytime = 100μs (default)
2022-01-10 01:36:25,459 [pool-220-thread-1] INFO  server.RaftServer$Division (RaftServerImpl.java:start(301)) - e3f599f5-028b-4c3f-a449-c6721188584f@group-FD362DB6BEE1: start as a follower, conf=-1: [e3f599f5-028b-4c3f-a449-c6721188584f|rpc:10.1.0.8:41427|dataStream:|priority:0, 575cbf86-88fb-41ad-ac78-70c476dab826|rpc:10.1.0.8:42327|dataStream:|priority:0, 4662cef3-4296-4558-a543-727d5622f336|rpc:10.1.0.8:33395|dataStream:|priority:1], old=null
2022-01-10 01:36:25,459 [pool-220-thread-1] INFO  server.RaftServer$Division (RaftServerImpl.java:setRole(290)) - e3f599f5-028b-4c3f-a449-c6721188584f@group-FD362DB6BEE1: changes role from      null to FOLLOWER at term 0 for startAsFollower
2022-01-10 01:36:25,459 [pool-220-thread-1] INFO  impl.RoleInfo (RoleInfo.java:updateAndGet(130)) - e3f599f5-028b-4c3f-a449-c6721188584f: start e3f599f5-028b-4c3f-a449-c6721188584f@group-FD362DB6BEE1-FollowerState
2022-01-10 01:36:25,459 [pool-220-thread-1] INFO  util.JmxRegister (JmxRegister.java:tryRegister(44)) - Successfully registered JMX Bean with object name Ratis:service=RaftServer,group=group-FD362DB6BEE1,id=e3f599f5-028b-4c3f-a449-c6721188584f
2022-01-10 01:36:25,500 [grpc-default-executor-3] INFO  server.RaftServer (RaftServerProxy.java:addNew(95)) - 575cbf86-88fb-41ad-ac78-70c476dab826: addNew group-FD362DB6BEE1:[e3f599f5-028b-4c3f-a449-c6721188584f|rpc:10.1.0.8:41427|dataStream:|priority:0, 575cbf86-88fb-41ad-ac78-70c476dab826|rpc:10.1.0.8:42327|dataStream:|priority:0, 4662cef3-4296-4558-a543-727d5622f336|rpc:10.1.0.8:33395|dataStream:|priority:1] returns group-FD362DB6BEE1:java.util.concurrent.CompletableFuture@68a45e29[Not completed]
2022-01-10 01:36:25,501 [pool-241-thread-1] INFO  server.RaftServer$Division (RaftServerImpl.java:<init>(184)) - 575cbf86-88fb-41ad-ac78-70c476dab826: new RaftServerImpl for group-FD362DB6BEE1:[e3f599f5-028b-4c3f-a449-c6721188584f|rpc:10.1.0.8:41427|dataStream:|priority:0, 575cbf86-88fb-41ad-ac78-70c476dab826|rpc:10.1.0.8:42327|dataStream:|priority:0, 4662cef3-4296-4558-a543-727d5622f336|rpc:10.1.0.8:33395|dataStream:|priority:1] with ContainerStateMachine:uninitialized
2022-01-10 01:36:25,507 [pool-241-thread-1] INFO  server.RaftServerConfigKeys (ConfUtils.java:logGet(44)) - raft.server.rpc.timeout.min = 5s (custom)
2022-01-10 01:36:25,507 [pool-241-thread-1] INFO  server.RaftServerConfigKeys (ConfUtils.java:logGet(44)) - raft.server.rpc.timeout.max = 5200ms (custom)
2022-01-10 01:36:25,507 [pool-241-thread-1] INFO  server.RaftServerConfigKeys (ConfUtils.java:logGet(44)) - raft.server.rpc.sleep.time = 25ms (default)
2022-01-10 01:36:25,507 [pool-241-thread-1] INFO  server.RaftServerConfigKeys (ConfUtils.java:logGet(44)) - raft.server.rpc.slowness.timeout = 300s (custom)
2022-01-10 01:36:25,508 [pool-241-thread-1] INFO  server.RaftServerConfigKeys (ConfUtils.java:logGet(44)) - raft.server.leaderelection.leader.step-down.wait-time = 10s (default)
2022-01-10 01:36:25,508 [pool-241-thread-1] INFO  server.RaftServerConfigKeys (ConfUtils.java:logGet(44)) - raft.server.sleep.deviation.threshold = 300ms (default)
2022-01-10 01:36:25,508 [pool-241-thread-1] INFO  server.RaftServerConfigKeys (ConfUtils.java:logGet(44)) - raft.server.log.appender.install.snapshot.enabled = false (custom)
2022-01-10 01:36:25,508 [pool-241-thread-1] INFO  server.RaftServer$Division (ServerState.java:<init>(105)) - 575cbf86-88fb-41ad-ac78-70c476dab826@group-FD362DB6BEE1: ConfigurationManager, init=-1: [e3f599f5-028b-4c3f-a449-c6721188584f|rpc:10.1.0.8:41427|dataStream:|priority:0, 575cbf86-88fb-41ad-ac78-70c476dab826|rpc:10.1.0.8:42327|dataStream:|priority:0, 4662cef3-4296-4558-a543-727d5622f336|rpc:10.1.0.8:33395|dataStream:|priority:1], old=null, confs=<EMPTY_MAP>
2022-01-10 01:36:25,508 [pool-241-thread-1] INFO  server.RaftServerConfigKeys (ConfUtils.java:logGet(44)) - raft.server.storage.dir = [/home/runner/work/ozone/ozone/hadoop-ozone/integration-test/target/test-dir/MiniOzoneClusterImpl-464fc649-a0a5-4ced-a2bf-a15f727bdd97/datanode-2/data/ratis] (custom)
2022-01-10 01:36:25,508 [pool-241-thread-1] INFO  server.RaftServerConfigKeys (ConfUtils.java:logGet(44)) - raft.server.log.corruption.policy = EXCEPTION (default)
2022-01-10 01:36:25,508 [pool-241-thread-1] INFO  server.RaftServerConfigKeys (ConfUtils.java:logGet(44)) - raft.server.storage.free-space.min = 0MB (=0) (default)
2022-01-10 01:36:25,508 [pool-241-thread-1] INFO  storage.RaftStorageDirectory (RaftStorageDirectoryImpl.java:analyzeStorage(135)) - The storage directory /home/runner/work/ozone/ozone/hadoop-ozone/integration-test/target/test-dir/MiniOzoneClusterImpl-464fc649-a0a5-4ced-a2bf-a15f727bdd97/datanode-2/data/ratis/4e14f61a-102a-4144-81cc-fd362db6bee1 does not exist. Creating ...
2022-01-10 01:36:25,510 [pool-241-thread-1] INFO  storage.RaftStorageDirectory (RaftStorageDirectoryImpl.java:tryLock(230)) - Lock on /home/runner/work/ozone/ozone/hadoop-ozone/integration-test/target/test-dir/MiniOzoneClusterImpl-464fc649-a0a5-4ced-a2bf-a15f727bdd97/datanode-2/data/ratis/4e14f61a-102a-4144-81cc-fd362db6bee1/in_use.lock acquired by nodename 16813@fv-az297-741
2022-01-10 01:36:25,516 [pool-241-thread-1] INFO  storage.RaftStorage (RaftStorageImpl.java:format(89)) - Storage directory /home/runner/work/ozone/ozone/hadoop-ozone/integration-test/target/test-dir/MiniOzoneClusterImpl-464fc649-a0a5-4ced-a2bf-a15f727bdd97/datanode-2/data/ratis/4e14f61a-102a-4144-81cc-fd362db6bee1 has been successfully formatted.
2022-01-10 01:36:25,518 [pool-241-thread-1] INFO  ratis.ContainerStateMachine (ContainerStateMachine.java:loadSnapshot(231)) - group-FD362DB6BEE1: The snapshot info is null. Setting the last applied indexto:(t:0, i:~)
2022-01-10 01:36:25,530 [pool-241-thread-1] INFO  server.RaftServerConfigKeys (ConfUtils.java:logGet(44)) - raft.server.notification.no-leader.timeout = 300s (custom)
2022-01-10 01:36:25,530 [pool-241-thread-1] INFO  server.RaftServerConfigKeys (ConfUtils.java:logGet(44)) - raft.server.log.use.memory = false (default)
2022-01-10 01:36:25,530 [pool-241-thread-1] INFO  server.RaftServerConfigKeys (ConfUtils.java:logGet(44)) - raft.server.log.purge.gap = 1000000 (custom)
2022-01-10 01:36:25,530 [pool-241-thread-1] INFO  server.RaftServerConfigKeys (ConfUtils.java:logGet(44)) - raft.server.log.appender.buffer.byte-limit = 33554432 (custom)
2022-01-10 01:36:25,530 [pool-241-thread-1] INFO  server.RaftServerConfigKeys (ConfUtils.java:logGet(44)) - raft.server.log.segment.size.max = 1048576 (custom)
2022-01-10 01:36:25,530 [pool-241-thread-1] INFO  server.RaftServerConfigKeys (ConfUtils.java:logGet(44)) - raft.server.log.segment.cache.num.max = 2 (custom)
2022-01-10 01:36:25,531 [pool-241-thread-1] INFO  server.RaftServerConfigKeys (ConfUtils.java:logGet(44)) - raft.server.log.segment.cache.size.max = 200MB (=209715200) (default)
2022-01-10 01:36:25,531 [pool-241-thread-1] INFO  segmented.SegmentedRaftLogWorker (SegmentedRaftLogWorker.java:<init>(182)) - new 575cbf86-88fb-41ad-ac78-70c476dab826@group-FD362DB6BEE1-SegmentedRaftLogWorker for RaftStorageImpl:Storage Directory /home/runner/work/ozone/ozone/hadoop-ozone/integration-test/target/test-dir/MiniOzoneClusterImpl-464fc649-a0a5-4ced-a2bf-a15f727bdd97/datanode-2/data/ratis/4e14f61a-102a-4144-81cc-fd362db6bee1
2022-01-10 01:36:25,531 [pool-241-thread-1] INFO  server.RaftServerConfigKeys (ConfUtils.java:logGet(44)) - raft.server.log.queue.byte-limit = 2147483647 (custom)
2022-01-10 01:36:25,531 [pool-241-thread-1] INFO  server.RaftServerConfigKeys (ConfUtils.java:logGet(44)) - raft.server.log.queue.element-limit = 1024 (custom)
2022-01-10 01:36:25,531 [pool-241-thread-1] INFO  server.RaftServerConfigKeys (ConfUtils.java:logGet(44)) - raft.server.log.segment.size.max = 1048576 (custom)
2022-01-10 01:36:25,531 [pool-241-thread-1] INFO  server.RaftServerConfigKeys (ConfUtils.java:logGet(44)) - raft.server.log.preallocated.size = 16384 (custom)
2022-01-10 01:36:25,531 [pool-241-thread-1] INFO  server.RaftServerConfigKeys (ConfUtils.java:logGet(44)) - raft.server.log.force.sync.num = 128 (default)
2022-01-10 01:36:25,531 [pool-241-thread-1] INFO  server.RaftServerConfigKeys (ConfUtils.java:logGet(44)) - raft.server.log.statemachine.data.sync = true (default)
2022-01-10 01:36:25,531 [pool-241-thread-1] INFO  server.RaftServerConfigKeys (ConfUtils.java:logGet(44)) - raft.server.log.statemachine.data.sync.timeout = 10s (default)
2022-01-10 01:36:25,531 [pool-241-thread-1] INFO  server.RaftServerConfigKeys (ConfUtils.java:logGet(44)) - raft.server.log.statemachine.data.sync.timeout.retry = -1 (default)
2022-01-10 01:36:25,531 [pool-241-thread-1] INFO  server.RaftServerConfigKeys (ConfUtils.java:logGet(44)) - raft.server.log.write.buffer.size = 1048576 (custom)
2022-01-10 01:36:25,532 [pool-241-thread-1] INFO  server.RaftServerConfigKeys (ConfUtils.java:logGet(44)) - raft.server.log.statemachine.data.caching.enabled = true (custom)
2022-01-10 01:36:25,533 [pool-241-thread-1] INFO  segmented.SegmentedRaftLogWorker (SegmentedRaftLogWorker.java:lambda$new$0(133)) - 575cbf86-88fb-41ad-ac78-70c476dab826@group-FD362DB6BEE1-SegmentedRaftLogWorker: flushIndex: setUnconditionally 0 -> -1
2022-01-10 01:36:25,534 [pool-241-thread-1] INFO  segmented.SegmentedRaftLogWorker (SegmentedRaftLogWorker.java:lambda$new$0(133)) - 575cbf86-88fb-41ad-ac78-70c476dab826@group-FD362DB6BEE1-SegmentedRaftLogWorker: safeCacheEvictIndex: setUnconditionally 0 -> -1
2022-01-10 01:36:25,542 [pool-241-thread-1] INFO  server.RaftServerConfigKeys (ConfUtils.java:logGet(44)) - raft.server.snapshot.auto.trigger.enabled = true (custom)
2022-01-10 01:36:25,542 [pool-241-thread-1] INFO  server.RaftServerConfigKeys (ConfUtils.java:logGet(44)) - raft.server.snapshot.auto.trigger.threshold = 10000 (custom)
2022-01-10 01:36:25,542 [pool-241-thread-1] INFO  server.RaftServerConfigKeys (ConfUtils.java:logGet(44)) - raft.server.snapshot.retention.file.num = 5 (custom)
2022-01-10 01:36:25,542 [pool-241-thread-1] INFO  server.RaftServerConfigKeys (ConfUtils.java:logGet(44)) - raft.server.log.purge.upto.snapshot.index = false (default)
2022-01-10 01:36:25,542 [pool-241-thread-1] INFO  server.RaftServerConfigKeys (ConfUtils.java:logGet(44)) - raft.server.retrycache.expirytime = 600000ms (custom)
2022-01-10 01:36:25,542 [pool-241-thread-1] INFO  server.RaftServerConfigKeys (ConfUtils.java:logGet(44)) - raft.server.retrycache.statistics.expirytime = 100μs (default)
2022-01-10 01:36:25,543 [pool-241-thread-1] INFO  server.RaftServer$Division (RaftServerImpl.java:start(301)) - 575cbf86-88fb-41ad-ac78-70c476dab826@group-FD362DB6BEE1: start as a follower, conf=-1: [e3f599f5-028b-4c3f-a449-c6721188584f|rpc:10.1.0.8:41427|dataStream:|priority:0, 575cbf86-88fb-41ad-ac78-70c476dab826|rpc:10.1.0.8:42327|dataStream:|priority:0, 4662cef3-4296-4558-a543-727d5622f336|rpc:10.1.0.8:33395|dataStream:|priority:1], old=null
2022-01-10 01:36:25,543 [pool-241-thread-1] INFO  server.RaftServer$Division (RaftServerImpl.java:setRole(290)) - 575cbf86-88fb-41ad-ac78-70c476dab826@group-FD362DB6BEE1: changes role from      null to FOLLOWER at term 0 for startAsFollower
2022-01-10 01:36:25,543 [pool-241-thread-1] INFO  impl.RoleInfo (RoleInfo.java:updateAndGet(130)) - 575cbf86-88fb-41ad-ac78-70c476dab826: start 575cbf86-88fb-41ad-ac78-70c476dab826@group-FD362DB6BEE1-FollowerState
2022-01-10 01:36:25,545 [pool-241-thread-1] INFO  util.JmxRegister (JmxRegister.java:tryRegister(44)) - Successfully registered JMX Bean with object name Ratis:service=RaftServer,group=group-FD362DB6BEE1,id=575cbf86-88fb-41ad-ac78-70c476dab826
2022-01-10 01:36:25,562 [Command processor thread] INFO  commandhandler.CreatePipelineCommandHandler (CreatePipelineCommandHandler.java:handle(106)) - Created Pipeline RATIS THREE PipelineID=4e14f61a-102a-4144-81cc-fd362db6bee1.
2022-01-10 01:36:25,562 [Command processor thread] INFO  server.RaftServer (RaftServerProxy.java:addNew(95)) - 4662cef3-4296-4558-a543-727d5622f336: addNew group-D8C9A2E4EA00:[e3f599f5-028b-4c3f-a449-c6721188584f|rpc:10.1.0.8:41427|priority:1, 575cbf86-88fb-41ad-ac78-70c476dab826|rpc:10.1.0.8:42327|priority:0, 4662cef3-4296-4558-a543-727d5622f336|rpc:10.1.0.8:33395|priority:0] returns group-D8C9A2E4EA00:java.util.concurrent.CompletableFuture@25440745[Not completed]
2022-01-10 01:36:25,563 [pool-199-thread-1] INFO  server.RaftServer$Division (RaftServerImpl.java:<init>(184)) - 4662cef3-4296-4558-a543-727d5622f336: new RaftServerImpl for group-D8C9A2E4EA00:[e3f599f5-028b-4c3f-a449-c6721188584f|rpc:10.1.0.8:41427|priority:1, 575cbf86-88fb-41ad-ac78-70c476dab826|rpc:10.1.0.8:42327|priority:0, 4662cef3-4296-4558-a543-727d5622f336|rpc:10.1.0.8:33395|priority:0] with ContainerStateMachine:uninitialized
2022-01-10 01:36:25,565 [pool-199-thread-1] INFO  server.RaftServerConfigKeys (ConfUtils.java:logGet(44)) - raft.server.rpc.timeout.min = 5s (custom)
2022-01-10 01:36:25,566 [pool-199-thread-1] INFO  server.RaftServerConfigKeys (ConfUtils.java:logGet(44)) - raft.server.rpc.timeout.max = 5200ms (custom)
2022-01-10 01:36:25,566 [pool-199-thread-1] INFO  server.RaftServerConfigKeys (ConfUtils.java:logGet(44)) - raft.server.rpc.sleep.time = 25ms (default)
2022-01-10 01:36:25,566 [pool-199-thread-1] INFO  server.RaftServerConfigKeys (ConfUtils.java:logGet(44)) - raft.server.rpc.slowness.timeout = 300s (custom)
2022-01-10 01:36:25,566 [pool-199-thread-1] INFO  server.RaftServerConfigKeys (ConfUtils.java:logGet(44)) - raft.server.leaderelection.leader.step-down.wait-time = 10s (default)
2022-01-10 01:36:25,566 [pool-199-thread-1] INFO  server.RaftServerConfigKeys (ConfUtils.java:logGet(44)) - raft.server.sleep.deviation.threshold = 300ms (default)
2022-01-10 01:36:25,566 [pool-199-thread-1] INFO  server.RaftServerConfigKeys (ConfUtils.java:logGet(44)) - raft.server.log.appender.install.snapshot.enabled = false (custom)
2022-01-10 01:36:25,566 [pool-199-thread-1] INFO  server.RaftServer$Division (ServerState.java:<init>(105)) - 4662cef3-4296-4558-a543-727d5622f336@group-D8C9A2E4EA00: ConfigurationManager, init=-1: [e3f599f5-028b-4c3f-a449-c6721188584f|rpc:10.1.0.8:41427|priority:1, 575cbf86-88fb-41ad-ac78-70c476dab826|rpc:10.1.0.8:42327|priority:0, 4662cef3-4296-4558-a543-727d5622f336|rpc:10.1.0.8:33395|priority:0], old=null, confs=<EMPTY_MAP>
2022-01-10 01:36:25,566 [pool-199-thread-1] INFO  server.RaftServerConfigKeys (ConfUtils.java:logGet(44)) - raft.server.storage.dir = [/home/runner/work/ozone/ozone/hadoop-ozone/integration-test/target/test-dir/MiniOzoneClusterImpl-464fc649-a0a5-4ced-a2bf-a15f727bdd97/datanode-0/data/ratis] (custom)
2022-01-10 01:36:25,566 [pool-199-thread-1] INFO  server.RaftServerConfigKeys (ConfUtils.java:logGet(44)) - raft.server.log.corruption.policy = EXCEPTION (default)
2022-01-10 01:36:25,566 [pool-199-thread-1] INFO  server.RaftServerConfigKeys (ConfUtils.java:logGet(44)) - raft.server.storage.free-space.min = 0MB (=0) (default)
2022-01-10 01:36:25,566 [pool-199-thread-1] INFO  storage.RaftStorageDirectory (RaftStorageDirectoryImpl.java:analyzeStorage(135)) - The storage directory /home/runner/work/ozone/ozone/hadoop-ozone/integration-test/target/test-dir/MiniOzoneClusterImpl-464fc649-a0a5-4ced-a2bf-a15f727bdd97/datanode-0/data/ratis/afa7b46a-3a76-47ae-b798-d8c9a2e4ea00 does not exist. Creating ...
2022-01-10 01:36:25,567 [pool-199-thread-1] INFO  storage.RaftStorageDirectory (RaftStorageDirectoryImpl.java:tryLock(230)) - Lock on /home/runner/work/ozone/ozone/hadoop-ozone/integration-test/target/test-dir/MiniOzoneClusterImpl-464fc649-a0a5-4ced-a2bf-a15f727bdd97/datanode-0/data/ratis/afa7b46a-3a76-47ae-b798-d8c9a2e4ea00/in_use.lock acquired by nodename 16813@fv-az297-741
2022-01-10 01:36:25,569 [pool-199-thread-1] INFO  storage.RaftStorage (RaftStorageImpl.java:format(89)) - Storage directory /home/runner/work/ozone/ozone/hadoop-ozone/integration-test/target/test-dir/MiniOzoneClusterImpl-464fc649-a0a5-4ced-a2bf-a15f727bdd97/datanode-0/data/ratis/afa7b46a-3a76-47ae-b798-d8c9a2e4ea00 has been successfully formatted.
2022-01-10 01:36:25,569 [pool-199-thread-1] INFO  ratis.ContainerStateMachine (ContainerStateMachine.java:loadSnapshot(231)) - group-D8C9A2E4EA00: The snapshot info is null. Setting the last applied indexto:(t:0, i:~)
2022-01-10 01:36:25,569 [pool-199-thread-1] INFO  server.RaftServerConfigKeys (ConfUtils.java:logGet(44)) - raft.server.notification.no-leader.timeout = 300s (custom)
2022-01-10 01:36:25,570 [pool-199-thread-1] INFO  server.RaftServerConfigKeys (ConfUtils.java:logGet(44)) - raft.server.log.use.memory = false (default)
2022-01-10 01:36:25,570 [pool-199-thread-1] INFO  server.RaftServerConfigKeys (ConfUtils.java:logGet(44)) - raft.server.log.purge.gap = 1000000 (custom)
2022-01-10 01:36:25,570 [pool-199-thread-1] INFO  server.RaftServerConfigKeys (ConfUtils.java:logGet(44)) - raft.server.log.appender.buffer.byte-limit = 33554432 (custom)
2022-01-10 01:36:25,570 [EventQueue-OpenPipelineForHealthyPipelineSafeModeRule] INFO  safemode.SCMSafeModeManager (HealthyPipelineSafeModeRule.java:process(124)) - SCM in safe mode. Healthy pipelines reported count is 0, required healthy pipeline reported count is 1
2022-01-10 01:36:25,570 [pool-199-thread-1] INFO  server.RaftServerConfigKeys (ConfUtils.java:logGet(44)) - raft.server.log.segment.size.max = 1048576 (custom)
2022-01-10 01:36:25,570 [pool-199-thread-1] INFO  server.RaftServerConfigKeys (ConfUtils.java:logGet(44)) - raft.server.log.segment.cache.num.max = 2 (custom)
2022-01-10 01:36:25,571 [pool-199-thread-1] INFO  server.RaftServerConfigKeys (ConfUtils.java:logGet(44)) - raft.server.log.segment.cache.size.max = 200MB (=209715200) (default)
2022-01-10 01:36:25,571 [pool-199-thread-1] INFO  segmented.SegmentedRaftLogWorker (SegmentedRaftLogWorker.java:<init>(182)) - new 4662cef3-4296-4558-a543-727d5622f336@group-D8C9A2E4EA00-SegmentedRaftLogWorker for RaftStorageImpl:Storage Directory /home/runner/work/ozone/ozone/hadoop-ozone/integration-test/target/test-dir/MiniOzoneClusterImpl-464fc649-a0a5-4ced-a2bf-a15f727bdd97/datanode-0/data/ratis/afa7b46a-3a76-47ae-b798-d8c9a2e4ea00
2022-01-10 01:36:25,571 [pool-199-thread-1] INFO  server.RaftServerConfigKeys (ConfUtils.java:logGet(44)) - raft.server.log.queue.byte-limit = 2147483647 (custom)
2022-01-10 01:36:25,571 [pool-199-thread-1] INFO  server.RaftServerConfigKeys (ConfUtils.java:logGet(44)) - raft.server.log.queue.element-limit = 1024 (custom)
2022-01-10 01:36:25,571 [pool-199-thread-1] INFO  server.RaftServerConfigKeys (ConfUtils.java:logGet(44)) - raft.server.log.segment.size.max = 1048576 (custom)
2022-01-10 01:36:25,571 [pool-199-thread-1] INFO  server.RaftServerConfigKeys (ConfUtils.java:logGet(44)) - raft.server.log.preallocated.size = 16384 (custom)
2022-01-10 01:36:25,571 [pool-199-thread-1] INFO  server.RaftServerConfigKeys (ConfUtils.java:logGet(44)) - raft.server.log.force.sync.num = 128 (default)
2022-01-10 01:36:25,571 [pool-199-thread-1] INFO  server.RaftServerConfigKeys (ConfUtils.java:logGet(44)) - raft.server.log.statemachine.data.sync = true (default)
2022-01-10 01:36:25,571 [pool-199-thread-1] INFO  server.RaftServerConfigKeys (ConfUtils.java:logGet(44)) - raft.server.log.statemachine.data.sync.timeout = 10s (default)
2022-01-10 01:36:25,571 [pool-199-thread-1] INFO  server.RaftServerConfigKeys (ConfUtils.java:logGet(44)) - raft.server.log.statemachine.data.sync.timeout.retry = -1 (default)
2022-01-10 01:36:25,572 [pool-199-thread-1] INFO  server.RaftServerConfigKeys (ConfUtils.java:logGet(44)) - raft.server.log.write.buffer.size = 1048576 (custom)
2022-01-10 01:36:25,572 [pool-199-thread-1] INFO  server.RaftServerConfigKeys (ConfUtils.java:logGet(44)) - raft.server.log.statemachine.data.caching.enabled = true (custom)
2022-01-10 01:36:25,573 [pool-199-thread-1] INFO  segmented.SegmentedRaftLogWorker (SegmentedRaftLogWorker.java:lambda$new$0(133)) - 4662cef3-4296-4558-a543-727d5622f336@group-D8C9A2E4EA00-SegmentedRaftLogWorker: flushIndex: setUnconditionally 0 -> -1
2022-01-10 01:36:25,573 [pool-199-thread-1] INFO  segmented.SegmentedRaftLogWorker (SegmentedRaftLogWorker.java:lambda$new$0(133)) - 4662cef3-4296-4558-a543-727d5622f336@group-D8C9A2E4EA00-SegmentedRaftLogWorker: safeCacheEvictIndex: setUnconditionally 0 -> -1
2022-01-10 01:36:25,577 [pool-199-thread-1] INFO  server.RaftServerConfigKeys (ConfUtils.java:logGet(44)) - raft.server.snapshot.auto.trigger.enabled = true (custom)
2022-01-10 01:36:25,578 [pool-199-thread-1] INFO  server.RaftServerConfigKeys (ConfUtils.java:logGet(44)) - raft.server.snapshot.auto.trigger.threshold = 10000 (custom)
2022-01-10 01:36:25,578 [pool-199-thread-1] INFO  server.RaftServerConfigKeys (ConfUtils.java:logGet(44)) - raft.server.snapshot.retention.file.num = 5 (custom)
2022-01-10 01:36:25,578 [pool-199-thread-1] INFO  server.RaftServerConfigKeys (ConfUtils.java:logGet(44)) - raft.server.log.purge.upto.snapshot.index = false (default)
2022-01-10 01:36:25,578 [pool-199-thread-1] INFO  server.RaftServerConfigKeys (ConfUtils.java:logGet(44)) - raft.server.retrycache.expirytime = 600000ms (custom)
2022-01-10 01:36:25,578 [pool-199-thread-1] INFO  server.RaftServerConfigKeys (ConfUtils.java:logGet(44)) - raft.server.retrycache.statistics.expirytime = 100μs (default)
2022-01-10 01:36:25,579 [pool-199-thread-1] INFO  server.RaftServer$Division (RaftServerImpl.java:start(301)) - 4662cef3-4296-4558-a543-727d5622f336@group-D8C9A2E4EA00: start as a follower, conf=-1: [e3f599f5-028b-4c3f-a449-c6721188584f|rpc:10.1.0.8:41427|priority:1, 575cbf86-88fb-41ad-ac78-70c476dab826|rpc:10.1.0.8:42327|priority:0, 4662cef3-4296-4558-a543-727d5622f336|rpc:10.1.0.8:33395|priority:0], old=null
2022-01-10 01:36:25,579 [pool-199-thread-1] INFO  server.RaftServer$Division (RaftServerImpl.java:setRole(290)) - 4662cef3-4296-4558-a543-727d5622f336@group-D8C9A2E4EA00: changes role from      null to FOLLOWER at term 0 for startAsFollower
2022-01-10 01:36:25,579 [pool-199-thread-1] INFO  impl.RoleInfo (RoleInfo.java:updateAndGet(130)) - 4662cef3-4296-4558-a543-727d5622f336: start 4662cef3-4296-4558-a543-727d5622f336@group-D8C9A2E4EA00-FollowerState
2022-01-10 01:36:25,582 [pool-199-thread-1] INFO  util.JmxRegister (JmxRegister.java:tryRegister(44)) - Successfully registered JMX Bean with object name Ratis:service=RaftServer,group=group-D8C9A2E4EA00,id=4662cef3-4296-4558-a543-727d5622f336
2022-01-10 01:36:25,589 [Command processor thread] INFO  ratis.XceiverServerRatis (XceiverServerRatis.java:addGroup(768)) - Created group PipelineID=afa7b46a-3a76-47ae-b798-d8c9a2e4ea00
2022-01-10 01:36:25,602 [grpc-default-executor-3] INFO  server.RaftServer (RaftServerProxy.java:addNew(95)) - e3f599f5-028b-4c3f-a449-c6721188584f: addNew group-D8C9A2E4EA00:[e3f599f5-028b-4c3f-a449-c6721188584f|rpc:10.1.0.8:41427|dataStream:|priority:1, 575cbf86-88fb-41ad-ac78-70c476dab826|rpc:10.1.0.8:42327|dataStream:|priority:0, 4662cef3-4296-4558-a543-727d5622f336|rpc:10.1.0.8:33395|dataStream:|priority:0] returns group-D8C9A2E4EA00:java.util.concurrent.CompletableFuture@5cb3843b[Not completed]
2022-01-10 01:36:25,603 [pool-220-thread-1] INFO  server.RaftServer$Division (RaftServerImpl.java:<init>(184)) - e3f599f5-028b-4c3f-a449-c6721188584f: new RaftServerImpl for group-D8C9A2E4EA00:[e3f599f5-028b-4c3f-a449-c6721188584f|rpc:10.1.0.8:41427|dataStream:|priority:1, 575cbf86-88fb-41ad-ac78-70c476dab826|rpc:10.1.0.8:42327|dataStream:|priority:0, 4662cef3-4296-4558-a543-727d5622f336|rpc:10.1.0.8:33395|dataStream:|priority:0] with ContainerStateMachine:uninitialized
2022-01-10 01:36:25,603 [pool-220-thread-1] INFO  server.RaftServerConfigKeys (ConfUtils.java:logGet(44)) - raft.server.rpc.timeout.min = 5s (custom)
2022-01-10 01:36:25,603 [pool-220-thread-1] INFO  server.RaftServerConfigKeys (ConfUtils.java:logGet(44)) - raft.server.rpc.timeout.max = 5200ms (custom)
2022-01-10 01:36:25,603 [pool-220-thread-1] INFO  server.RaftServerConfigKeys (ConfUtils.java:logGet(44)) - raft.server.rpc.sleep.time = 25ms (default)
2022-01-10 01:36:25,603 [pool-220-thread-1] INFO  server.RaftServerConfigKeys (ConfUtils.java:logGet(44)) - raft.server.rpc.slowness.timeout = 300s (custom)
2022-01-10 01:36:25,603 [pool-220-thread-1] INFO  server.RaftServerConfigKeys (ConfUtils.java:logGet(44)) - raft.server.leaderelection.leader.step-down.wait-time = 10s (default)
2022-01-10 01:36:25,603 [pool-220-thread-1] INFO  server.RaftServerConfigKeys (ConfUtils.java:logGet(44)) - raft.server.sleep.deviation.threshold = 300ms (default)
2022-01-10 01:36:25,603 [pool-220-thread-1] INFO  server.RaftServerConfigKeys (ConfUtils.java:logGet(44)) - raft.server.log.appender.install.snapshot.enabled = false (custom)
2022-01-10 01:36:25,604 [pool-220-thread-1] INFO  server.RaftServer$Division (ServerState.java:<init>(105)) - e3f599f5-028b-4c3f-a449-c6721188584f@group-D8C9A2E4EA00: ConfigurationManager, init=-1: [e3f599f5-028b-4c3f-a449-c6721188584f|rpc:10.1.0.8:41427|dataStream:|priority:1, 575cbf86-88fb-41ad-ac78-70c476dab826|rpc:10.1.0.8:42327|dataStream:|priority:0, 4662cef3-4296-4558-a543-727d5622f336|rpc:10.1.0.8:33395|dataStream:|priority:0], old=null, confs=<EMPTY_MAP>
2022-01-10 01:36:25,604 [pool-220-thread-1] INFO  server.RaftServerConfigKeys (ConfUtils.java:logGet(44)) - raft.server.storage.dir = [/home/runner/work/ozone/ozone/hadoop-ozone/integration-test/target/test-dir/MiniOzoneClusterImpl-464fc649-a0a5-4ced-a2bf-a15f727bdd97/datanode-1/data/ratis] (custom)
2022-01-10 01:36:25,604 [pool-220-thread-1] INFO  server.RaftServerConfigKeys (ConfUtils.java:logGet(44)) - raft.server.log.corruption.policy = EXCEPTION (default)
2022-01-10 01:36:25,604 [pool-220-thread-1] INFO  server.RaftServerConfigKeys (ConfUtils.java:logGet(44)) - raft.server.storage.free-space.min = 0MB (=0) (default)
2022-01-10 01:36:25,604 [pool-220-thread-1] INFO  storage.RaftStorageDirectory (RaftStorageDirectoryImpl.java:analyzeStorage(135)) - The storage directory /home/runner/work/ozone/ozone/hadoop-ozone/integration-test/target/test-dir/MiniOzoneClusterImpl-464fc649-a0a5-4ced-a2bf-a15f727bdd97/datanode-1/data/ratis/afa7b46a-3a76-47ae-b798-d8c9a2e4ea00 does not exist. Creating ...
2022-01-10 01:36:25,606 [pool-220-thread-1] INFO  storage.RaftStorageDirectory (RaftStorageDirectoryImpl.java:tryLock(230)) - Lock on /home/runner/work/ozone/ozone/hadoop-ozone/integration-test/target/test-dir/MiniOzoneClusterImpl-464fc649-a0a5-4ced-a2bf-a15f727bdd97/datanode-1/data/ratis/afa7b46a-3a76-47ae-b798-d8c9a2e4ea00/in_use.lock acquired by nodename 16813@fv-az297-741
2022-01-10 01:36:25,610 [pool-220-thread-1] INFO  storage.RaftStorage (RaftStorageImpl.java:format(89)) - Storage directory /home/runner/work/ozone/ozone/hadoop-ozone/integration-test/target/test-dir/MiniOzoneClusterImpl-464fc649-a0a5-4ced-a2bf-a15f727bdd97/datanode-1/data/ratis/afa7b46a-3a76-47ae-b798-d8c9a2e4ea00 has been successfully formatted.
2022-01-10 01:36:25,610 [pool-220-thread-1] INFO  ratis.ContainerStateMachine (ContainerStateMachine.java:loadSnapshot(231)) - group-D8C9A2E4EA00: The snapshot info is null. Setting the last applied indexto:(t:0, i:~)
2022-01-10 01:36:25,618 [pool-220-thread-1] INFO  server.RaftServerConfigKeys (ConfUtils.java:logGet(44)) - raft.server.notification.no-leader.timeout = 300s (custom)
2022-01-10 01:36:25,619 [pool-220-thread-1] INFO  server.RaftServerConfigKeys (ConfUtils.java:logGet(44)) - raft.server.log.use.memory = false (default)
2022-01-10 01:36:25,619 [pool-220-thread-1] INFO  server.RaftServerConfigKeys (ConfUtils.java:logGet(44)) - raft.server.log.purge.gap = 1000000 (custom)
2022-01-10 01:36:25,619 [pool-220-thread-1] INFO  server.RaftServerConfigKeys (ConfUtils.java:logGet(44)) - raft.server.log.appender.buffer.byte-limit = 33554432 (custom)
2022-01-10 01:36:25,620 [pool-220-thread-1] INFO  server.RaftServerConfigKeys (ConfUtils.java:logGet(44)) - raft.server.log.segment.size.max = 1048576 (custom)
2022-01-10 01:36:25,620 [pool-220-thread-1] INFO  server.RaftServerConfigKeys (ConfUtils.java:logGet(44)) - raft.server.log.segment.cache.num.max = 2 (custom)
2022-01-10 01:36:25,620 [pool-220-thread-1] INFO  server.RaftServerConfigKeys (ConfUtils.java:logGet(44)) - raft.server.log.segment.cache.size.max = 200MB (=209715200) (default)
2022-01-10 01:36:25,620 [pool-220-thread-1] INFO  segmented.SegmentedRaftLogWorker (SegmentedRaftLogWorker.java:<init>(182)) - new e3f599f5-028b-4c3f-a449-c6721188584f@group-D8C9A2E4EA00-SegmentedRaftLogWorker for RaftStorageImpl:Storage Directory /home/runner/work/ozone/ozone/hadoop-ozone/integration-test/target/test-dir/MiniOzoneClusterImpl-464fc649-a0a5-4ced-a2bf-a15f727bdd97/datanode-1/data/ratis/afa7b46a-3a76-47ae-b798-d8c9a2e4ea00
2022-01-10 01:36:25,620 [pool-220-thread-1] INFO  server.RaftServerConfigKeys (ConfUtils.java:logGet(44)) - raft.server.log.queue.byte-limit = 2147483647 (custom)
2022-01-10 01:36:25,620 [pool-220-thread-1] INFO  server.RaftServerConfigKeys (ConfUtils.java:logGet(44)) - raft.server.log.queue.element-limit = 1024 (custom)
2022-01-10 01:36:25,620 [pool-220-thread-1] INFO  server.RaftServerConfigKeys (ConfUtils.java:logGet(44)) - raft.server.log.segment.size.max = 1048576 (custom)
2022-01-10 01:36:25,620 [pool-220-thread-1] INFO  server.RaftServerConfigKeys (ConfUtils.java:logGet(44)) - raft.server.log.preallocated.size = 16384 (custom)
2022-01-10 01:36:25,620 [pool-220-thread-1] INFO  server.RaftServerConfigKeys (ConfUtils.java:logGet(44)) - raft.server.log.force.sync.num = 128 (default)
2022-01-10 01:36:25,620 [pool-220-thread-1] INFO  server.RaftServerConfigKeys (ConfUtils.java:logGet(44)) - raft.server.log.statemachine.data.sync = true (default)
2022-01-10 01:36:25,620 [pool-220-thread-1] INFO  server.RaftServerConfigKeys (ConfUtils.java:logGet(44)) - raft.server.log.statemachine.data.sync.timeout = 10s (default)
2022-01-10 01:36:25,621 [pool-220-thread-1] INFO  server.RaftServerConfigKeys (ConfUtils.java:logGet(44)) - raft.server.log.statemachine.data.sync.timeout.retry = -1 (default)
2022-01-10 01:36:25,621 [pool-220-thread-1] INFO  server.RaftServerConfigKeys (ConfUtils.java:logGet(44)) - raft.server.log.write.buffer.size = 1048576 (custom)
2022-01-10 01:36:25,622 [pool-220-thread-1] INFO  server.RaftServerConfigKeys (ConfUtils.java:logGet(44)) - raft.server.log.statemachine.data.caching.enabled = true (custom)
2022-01-10 01:36:25,622 [pool-220-thread-1] INFO  segmented.SegmentedRaftLogWorker (SegmentedRaftLogWorker.java:lambda$new$0(133)) - e3f599f5-028b-4c3f-a449-c6721188584f@group-D8C9A2E4EA00-SegmentedRaftLogWorker: flushIndex: setUnconditionally 0 -> -1
2022-01-10 01:36:25,622 [pool-220-thread-1] INFO  segmented.SegmentedRaftLogWorker (SegmentedRaftLogWorker.java:lambda$new$0(133)) - e3f599f5-028b-4c3f-a449-c6721188584f@group-D8C9A2E4EA00-SegmentedRaftLogWorker: safeCacheEvictIndex: setUnconditionally 0 -> -1
2022-01-10 01:36:25,625 [pool-220-thread-1] INFO  server.RaftServerConfigKeys (ConfUtils.java:logGet(44)) - raft.server.snapshot.auto.trigger.enabled = true (custom)
2022-01-10 01:36:25,626 [pool-220-thread-1] INFO  server.RaftServerConfigKeys (ConfUtils.java:logGet(44)) - raft.server.snapshot.auto.trigger.threshold = 10000 (custom)
2022-01-10 01:36:25,626 [pool-220-thread-1] INFO  server.RaftServerConfigKeys (ConfUtils.java:logGet(44)) - raft.server.snapshot.retention.file.num = 5 (custom)
2022-01-10 01:36:25,626 [pool-220-thread-1] INFO  server.RaftServerConfigKeys (ConfUtils.java:logGet(44)) - raft.server.log.purge.upto.snapshot.index = false (default)
2022-01-10 01:36:25,626 [pool-220-thread-1] INFO  server.RaftServerConfigKeys (ConfUtils.java:logGet(44)) - raft.server.retrycache.expirytime = 600000ms (custom)
2022-01-10 01:36:25,626 [pool-220-thread-1] INFO  server.RaftServerConfigKeys (ConfUtils.java:logGet(44)) - raft.server.retrycache.statistics.expirytime = 100μs (default)
2022-01-10 01:36:25,627 [pool-220-thread-1] INFO  server.RaftServer$Division (RaftServerImpl.java:start(301)) - e3f599f5-028b-4c3f-a449-c6721188584f@group-D8C9A2E4EA00: start as a follower, conf=-1: [e3f599f5-028b-4c3f-a449-c6721188584f|rpc:10.1.0.8:41427|dataStream:|priority:1, 575cbf86-88fb-41ad-ac78-70c476dab826|rpc:10.1.0.8:42327|dataStream:|priority:0, 4662cef3-4296-4558-a543-727d5622f336|rpc:10.1.0.8:33395|dataStream:|priority:0], old=null
2022-01-10 01:36:25,627 [pool-220-thread-1] INFO  server.RaftServer$Division (RaftServerImpl.java:setRole(290)) - e3f599f5-028b-4c3f-a449-c6721188584f@group-D8C9A2E4EA00: changes role from      null to FOLLOWER at term 0 for startAsFollower
2022-01-10 01:36:25,627 [pool-220-thread-1] INFO  impl.RoleInfo (RoleInfo.java:updateAndGet(130)) - e3f599f5-028b-4c3f-a449-c6721188584f: start e3f599f5-028b-4c3f-a449-c6721188584f@group-D8C9A2E4EA00-FollowerState
2022-01-10 01:36:25,634 [pool-220-thread-1] INFO  util.JmxRegister (JmxRegister.java:tryRegister(44)) - Successfully registered JMX Bean with object name Ratis:service=RaftServer,group=group-D8C9A2E4EA00,id=e3f599f5-028b-4c3f-a449-c6721188584f
2022-01-10 01:36:25,659 [grpc-default-executor-3] INFO  server.RaftServer (RaftServerProxy.java:addNew(95)) - 575cbf86-88fb-41ad-ac78-70c476dab826: addNew group-D8C9A2E4EA00:[e3f599f5-028b-4c3f-a449-c6721188584f|rpc:10.1.0.8:41427|dataStream:|priority:1, 575cbf86-88fb-41ad-ac78-70c476dab826|rpc:10.1.0.8:42327|dataStream:|priority:0, 4662cef3-4296-4558-a543-727d5622f336|rpc:10.1.0.8:33395|dataStream:|priority:0] returns group-D8C9A2E4EA00:java.util.concurrent.CompletableFuture@1d6e72f7[Not completed]
2022-01-10 01:36:25,660 [pool-241-thread-1] INFO  server.RaftServer$Division (RaftServerImpl.java:<init>(184)) - 575cbf86-88fb-41ad-ac78-70c476dab826: new RaftServerImpl for group-D8C9A2E4EA00:[e3f599f5-028b-4c3f-a449-c6721188584f|rpc:10.1.0.8:41427|dataStream:|priority:1, 575cbf86-88fb-41ad-ac78-70c476dab826|rpc:10.1.0.8:42327|dataStream:|priority:0, 4662cef3-4296-4558-a543-727d5622f336|rpc:10.1.0.8:33395|dataStream:|priority:0] with ContainerStateMachine:uninitialized
2022-01-10 01:36:25,660 [pool-241-thread-1] INFO  server.RaftServerConfigKeys (ConfUtils.java:logGet(44)) - raft.server.rpc.timeout.min = 5s (custom)
2022-01-10 01:36:25,660 [pool-241-thread-1] INFO  server.RaftServerConfigKeys (ConfUtils.java:logGet(44)) - raft.server.rpc.timeout.max = 5200ms (custom)
2022-01-10 01:36:25,660 [pool-241-thread-1] INFO  server.RaftServerConfigKeys (ConfUtils.java:logGet(44)) - raft.server.rpc.sleep.time = 25ms (default)
2022-01-10 01:36:25,660 [pool-241-thread-1] INFO  server.RaftServerConfigKeys (ConfUtils.java:logGet(44)) - raft.server.rpc.slowness.timeout = 300s (custom)
2022-01-10 01:36:25,660 [pool-241-thread-1] INFO  server.RaftServerConfigKeys (ConfUtils.java:logGet(44)) - raft.server.leaderelection.leader.step-down.wait-time = 10s (default)
2022-01-10 01:36:25,660 [pool-241-thread-1] INFO  server.RaftServerConfigKeys (ConfUtils.java:logGet(44)) - raft.server.sleep.deviation.threshold = 300ms (default)
2022-01-10 01:36:25,660 [pool-241-thread-1] INFO  server.RaftServerConfigKeys (ConfUtils.java:logGet(44)) - raft.server.log.appender.install.snapshot.enabled = false (custom)
2022-01-10 01:36:25,660 [pool-241-thread-1] INFO  server.RaftServer$Division (ServerState.java:<init>(105)) - 575cbf86-88fb-41ad-ac78-70c476dab826@group-D8C9A2E4EA00: ConfigurationManager, init=-1: [e3f599f5-028b-4c3f-a449-c6721188584f|rpc:10.1.0.8:41427|dataStream:|priority:1, 575cbf86-88fb-41ad-ac78-70c476dab826|rpc:10.1.0.8:42327|dataStream:|priority:0, 4662cef3-4296-4558-a543-727d5622f336|rpc:10.1.0.8:33395|dataStream:|priority:0], old=null, confs=<EMPTY_MAP>
2022-01-10 01:36:25,660 [pool-241-thread-1] INFO  server.RaftServerConfigKeys (ConfUtils.java:logGet(44)) - raft.server.storage.dir = [/home/runner/work/ozone/ozone/hadoop-ozone/integration-test/target/test-dir/MiniOzoneClusterImpl-464fc649-a0a5-4ced-a2bf-a15f727bdd97/datanode-2/data/ratis] (custom)
2022-01-10 01:36:25,660 [pool-241-thread-1] INFO  server.RaftServerConfigKeys (ConfUtils.java:logGet(44)) - raft.server.log.corruption.policy = EXCEPTION (default)
2022-01-10 01:36:25,660 [pool-241-thread-1] INFO  server.RaftServerConfigKeys (ConfUtils.java:logGet(44)) - raft.server.storage.free-space.min = 0MB (=0) (default)
2022-01-10 01:36:25,660 [pool-241-thread-1] INFO  storage.RaftStorageDirectory (RaftStorageDirectoryImpl.java:analyzeStorage(135)) - The storage directory /home/runner/work/ozone/ozone/hadoop-ozone/integration-test/target/test-dir/MiniOzoneClusterImpl-464fc649-a0a5-4ced-a2bf-a15f727bdd97/datanode-2/data/ratis/afa7b46a-3a76-47ae-b798-d8c9a2e4ea00 does not exist. Creating ...
2022-01-10 01:36:25,663 [pool-241-thread-1] INFO  storage.RaftStorageDirectory (RaftStorageDirectoryImpl.java:tryLock(230)) - Lock on /home/runner/work/ozone/ozone/hadoop-ozone/integration-test/target/test-dir/MiniOzoneClusterImpl-464fc649-a0a5-4ced-a2bf-a15f727bdd97/datanode-2/data/ratis/afa7b46a-3a76-47ae-b798-d8c9a2e4ea00/in_use.lock acquired by nodename 16813@fv-az297-741
2022-01-10 01:36:25,669 [pool-241-thread-1] INFO  storage.RaftStorage (RaftStorageImpl.java:format(89)) - Storage directory /home/runner/work/ozone/ozone/hadoop-ozone/integration-test/target/test-dir/MiniOzoneClusterImpl-464fc649-a0a5-4ced-a2bf-a15f727bdd97/datanode-2/data/ratis/afa7b46a-3a76-47ae-b798-d8c9a2e4ea00 has been successfully formatted.
2022-01-10 01:36:25,669 [pool-241-thread-1] INFO  ratis.ContainerStateMachine (ContainerStateMachine.java:loadSnapshot(231)) - group-D8C9A2E4EA00: The snapshot info is null. Setting the last applied indexto:(t:0, i:~)
2022-01-10 01:36:25,669 [pool-241-thread-1] INFO  server.RaftServerConfigKeys (ConfUtils.java:logGet(44)) - raft.server.notification.no-leader.timeout = 300s (custom)
2022-01-10 01:36:25,669 [pool-241-thread-1] INFO  server.RaftServerConfigKeys (ConfUtils.java:logGet(44)) - raft.server.log.use.memory = false (default)
2022-01-10 01:36:25,669 [pool-241-thread-1] INFO  server.RaftServerConfigKeys (ConfUtils.java:logGet(44)) - raft.server.log.purge.gap = 1000000 (custom)
2022-01-10 01:36:25,669 [pool-241-thread-1] INFO  server.RaftServerConfigKeys (ConfUtils.java:logGet(44)) - raft.server.log.appender.buffer.byte-limit = 33554432 (custom)
2022-01-10 01:36:25,669 [pool-241-thread-1] INFO  server.RaftServerConfigKeys (ConfUtils.java:logGet(44)) - raft.server.log.segment.size.max = 1048576 (custom)
2022-01-10 01:36:25,670 [pool-241-thread-1] INFO  server.RaftServerConfigKeys (ConfUtils.java:logGet(44)) - raft.server.log.segment.cache.num.max = 2 (custom)
2022-01-10 01:36:25,670 [pool-241-thread-1] INFO  server.RaftServerConfigKeys (ConfUtils.java:logGet(44)) - raft.server.log.segment.cache.size.max = 200MB (=209715200) (default)
2022-01-10 01:36:25,670 [pool-241-thread-1] INFO  segmented.SegmentedRaftLogWorker (SegmentedRaftLogWorker.java:<init>(182)) - new 575cbf86-88fb-41ad-ac78-70c476dab826@group-D8C9A2E4EA00-SegmentedRaftLogWorker for RaftStorageImpl:Storage Directory /home/runner/work/ozone/ozone/hadoop-ozone/integration-test/target/test-dir/MiniOzoneClusterImpl-464fc649-a0a5-4ced-a2bf-a15f727bdd97/datanode-2/data/ratis/afa7b46a-3a76-47ae-b798-d8c9a2e4ea00
2022-01-10 01:36:25,670 [pool-241-thread-1] INFO  server.RaftServerConfigKeys (ConfUtils.java:logGet(44)) - raft.server.log.queue.byte-limit = 2147483647 (custom)
2022-01-10 01:36:25,670 [pool-241-thread-1] INFO  server.RaftServerConfigKeys (ConfUtils.java:logGet(44)) - raft.server.log.queue.element-limit = 1024 (custom)
2022-01-10 01:36:25,670 [pool-241-thread-1] INFO  server.RaftServerConfigKeys (ConfUtils.java:logGet(44)) - raft.server.log.segment.size.max = 1048576 (custom)
2022-01-10 01:36:25,670 [pool-241-thread-1] INFO  server.RaftServerConfigKeys (ConfUtils.java:logGet(44)) - raft.server.log.preallocated.size = 16384 (custom)
2022-01-10 01:36:25,670 [pool-241-thread-1] INFO  server.RaftServerConfigKeys (ConfUtils.java:logGet(44)) - raft.server.log.force.sync.num = 128 (default)
2022-01-10 01:36:25,670 [pool-241-thread-1] INFO  server.RaftServerConfigKeys (ConfUtils.java:logGet(44)) - raft.server.log.statemachine.data.sync = true (default)
2022-01-10 01:36:25,670 [pool-241-thread-1] INFO  server.RaftServerConfigKeys (ConfUtils.java:logGet(44)) - raft.server.log.statemachine.data.sync.timeout = 10s (default)
2022-01-10 01:36:25,670 [pool-241-thread-1] INFO  server.RaftServerConfigKeys (ConfUtils.java:logGet(44)) - raft.server.log.statemachine.data.sync.timeout.retry = -1 (default)
2022-01-10 01:36:25,671 [pool-241-thread-1] INFO  server.RaftServerConfigKeys (ConfUtils.java:logGet(44)) - raft.server.log.write.buffer.size = 1048576 (custom)
2022-01-10 01:36:25,671 [pool-241-thread-1] INFO  server.RaftServerConfigKeys (ConfUtils.java:logGet(44)) - raft.server.log.statemachine.data.caching.enabled = true (custom)
2022-01-10 01:36:25,671 [pool-241-thread-1] INFO  segmented.SegmentedRaftLogWorker (SegmentedRaftLogWorker.java:lambda$new$0(133)) - 575cbf86-88fb-41ad-ac78-70c476dab826@group-D8C9A2E4EA00-SegmentedRaftLogWorker: flushIndex: setUnconditionally 0 -> -1
2022-01-10 01:36:25,671 [pool-241-thread-1] INFO  segmented.SegmentedRaftLogWorker (SegmentedRaftLogWorker.java:lambda$new$0(133)) - 575cbf86-88fb-41ad-ac78-70c476dab826@group-D8C9A2E4EA00-SegmentedRaftLogWorker: safeCacheEvictIndex: setUnconditionally 0 -> -1
2022-01-10 01:36:25,674 [pool-241-thread-1] INFO  server.RaftServerConfigKeys (ConfUtils.java:logGet(44)) - raft.server.snapshot.auto.trigger.enabled = true (custom)
2022-01-10 01:36:25,674 [pool-241-thread-1] INFO  server.RaftServerConfigKeys (ConfUtils.java:logGet(44)) - raft.server.snapshot.auto.trigger.threshold = 10000 (custom)
2022-01-10 01:36:25,674 [pool-241-thread-1] INFO  server.RaftServerConfigKeys (ConfUtils.java:logGet(44)) - raft.server.snapshot.retention.file.num = 5 (custom)
2022-01-10 01:36:25,674 [pool-241-thread-1] INFO  server.RaftServerConfigKeys (ConfUtils.java:logGet(44)) - raft.server.log.purge.upto.snapshot.index = false (default)
2022-01-10 01:36:25,674 [pool-241-thread-1] INFO  server.RaftServerConfigKeys (ConfUtils.java:logGet(44)) - raft.server.retrycache.expirytime = 600000ms (custom)
2022-01-10 01:36:25,674 [pool-241-thread-1] INFO  server.RaftServerConfigKeys (ConfUtils.java:logGet(44)) - raft.server.retrycache.statistics.expirytime = 100μs (default)
2022-01-10 01:36:25,675 [pool-241-thread-1] INFO  server.RaftServer$Division (RaftServerImpl.java:start(301)) - 575cbf86-88fb-41ad-ac78-70c476dab826@group-D8C9A2E4EA00: start as a follower, conf=-1: [e3f599f5-028b-4c3f-a449-c6721188584f|rpc:10.1.0.8:41427|dataStream:|priority:1, 575cbf86-88fb-41ad-ac78-70c476dab826|rpc:10.1.0.8:42327|dataStream:|priority:0, 4662cef3-4296-4558-a543-727d5622f336|rpc:10.1.0.8:33395|dataStream:|priority:0], old=null
2022-01-10 01:36:25,675 [pool-241-thread-1] INFO  server.RaftServer$Division (RaftServerImpl.java:setRole(290)) - 575cbf86-88fb-41ad-ac78-70c476dab826@group-D8C9A2E4EA00: changes role from      null to FOLLOWER at term 0 for startAsFollower
2022-01-10 01:36:25,676 [pool-241-thread-1] INFO  impl.RoleInfo (RoleInfo.java:updateAndGet(130)) - 575cbf86-88fb-41ad-ac78-70c476dab826: start 575cbf86-88fb-41ad-ac78-70c476dab826@group-D8C9A2E4EA00-FollowerState
2022-01-10 01:36:25,682 [pool-241-thread-1] INFO  util.JmxRegister (JmxRegister.java:tryRegister(44)) - Successfully registered JMX Bean with object name Ratis:service=RaftServer,group=group-D8C9A2E4EA00,id=575cbf86-88fb-41ad-ac78-70c476dab826
2022-01-10 01:36:25,698 [Command processor thread] INFO  commandhandler.CreatePipelineCommandHandler (CreatePipelineCommandHandler.java:handle(106)) - Created Pipeline RATIS THREE PipelineID=afa7b46a-3a76-47ae-b798-d8c9a2e4ea00.
2022-01-10 01:36:25,842 [Command processor thread] INFO  server.RaftServer (RaftServerProxy.java:addNew(95)) - e3f599f5-028b-4c3f-a449-c6721188584f: addNew group-4848C0CE9D84:[e3f599f5-028b-4c3f-a449-c6721188584f|rpc:10.1.0.8:41427|priority:1] returns group-4848C0CE9D84:java.util.concurrent.CompletableFuture@13f3c187[Not completed]
2022-01-10 01:36:25,843 [pool-220-thread-1] INFO  server.RaftServer$Division (RaftServerImpl.java:<init>(184)) - e3f599f5-028b-4c3f-a449-c6721188584f: new RaftServerImpl for group-4848C0CE9D84:[e3f599f5-028b-4c3f-a449-c6721188584f|rpc:10.1.0.8:41427|priority:1] with ContainerStateMachine:uninitialized
2022-01-10 01:36:25,843 [pool-220-thread-1] INFO  server.RaftServerConfigKeys (ConfUtils.java:logGet(44)) - raft.server.rpc.timeout.min = 5s (custom)
2022-01-10 01:36:25,843 [pool-220-thread-1] INFO  server.RaftServerConfigKeys (ConfUtils.java:logGet(44)) - raft.server.rpc.timeout.max = 5200ms (custom)
2022-01-10 01:36:25,843 [pool-220-thread-1] INFO  server.RaftServerConfigKeys (ConfUtils.java:logGet(44)) - raft.server.rpc.sleep.time = 25ms (default)
2022-01-10 01:36:25,843 [pool-220-thread-1] INFO  server.RaftServerConfigKeys (ConfUtils.java:logGet(44)) - raft.server.rpc.slowness.timeout = 300s (custom)
2022-01-10 01:36:25,843 [pool-220-thread-1] INFO  server.RaftServerConfigKeys (ConfUtils.java:logGet(44)) - raft.server.leaderelection.leader.step-down.wait-time = 10s (default)
2022-01-10 01:36:25,843 [pool-220-thread-1] INFO  server.RaftServerConfigKeys (ConfUtils.java:logGet(44)) - raft.server.sleep.deviation.threshold = 300ms (default)
2022-01-10 01:36:25,843 [pool-220-thread-1] INFO  server.RaftServerConfigKeys (ConfUtils.java:logGet(44)) - raft.server.log.appender.install.snapshot.enabled = false (custom)
2022-01-10 01:36:25,843 [pool-220-thread-1] INFO  server.RaftServer$Division (ServerState.java:<init>(105)) - e3f599f5-028b-4c3f-a449-c6721188584f@group-4848C0CE9D84: ConfigurationManager, init=-1: [e3f599f5-028b-4c3f-a449-c6721188584f|rpc:10.1.0.8:41427|priority:1], old=null, confs=<EMPTY_MAP>
2022-01-10 01:36:25,843 [pool-220-thread-1] INFO  server.RaftServerConfigKeys (ConfUtils.java:logGet(44)) - raft.server.storage.dir = [/home/runner/work/ozone/ozone/hadoop-ozone/integration-test/target/test-dir/MiniOzoneClusterImpl-464fc649-a0a5-4ced-a2bf-a15f727bdd97/datanode-1/data/ratis] (custom)
2022-01-10 01:36:25,843 [pool-220-thread-1] INFO  server.RaftServerConfigKeys (ConfUtils.java:logGet(44)) - raft.server.log.corruption.policy = EXCEPTION (default)
2022-01-10 01:36:25,843 [pool-220-thread-1] INFO  server.RaftServerConfigKeys (ConfUtils.java:logGet(44)) - raft.server.storage.free-space.min = 0MB (=0) (default)
2022-01-10 01:36:25,843 [pool-220-thread-1] INFO  storage.RaftStorageDirectory (RaftStorageDirectoryImpl.java:analyzeStorage(135)) - The storage directory /home/runner/work/ozone/ozone/hadoop-ozone/integration-test/target/test-dir/MiniOzoneClusterImpl-464fc649-a0a5-4ced-a2bf-a15f727bdd97/datanode-1/data/ratis/4bb98994-ae82-48d9-8d3b-4848c0ce9d84 does not exist. Creating ...
2022-01-10 01:36:25,847 [pool-220-thread-1] INFO  storage.RaftStorageDirectory (RaftStorageDirectoryImpl.java:tryLock(230)) - Lock on /home/runner/work/ozone/ozone/hadoop-ozone/integration-test/target/test-dir/MiniOzoneClusterImpl-464fc649-a0a5-4ced-a2bf-a15f727bdd97/datanode-1/data/ratis/4bb98994-ae82-48d9-8d3b-4848c0ce9d84/in_use.lock acquired by nodename 16813@fv-az297-741
2022-01-10 01:36:25,850 [pool-220-thread-1] INFO  storage.RaftStorage (RaftStorageImpl.java:format(89)) - Storage directory /home/runner/work/ozone/ozone/hadoop-ozone/integration-test/target/test-dir/MiniOzoneClusterImpl-464fc649-a0a5-4ced-a2bf-a15f727bdd97/datanode-1/data/ratis/4bb98994-ae82-48d9-8d3b-4848c0ce9d84 has been successfully formatted.
2022-01-10 01:36:25,850 [pool-220-thread-1] INFO  ratis.ContainerStateMachine (ContainerStateMachine.java:loadSnapshot(231)) - group-4848C0CE9D84: The snapshot info is null. Setting the last applied indexto:(t:0, i:~)
2022-01-10 01:36:25,850 [pool-220-thread-1] INFO  server.RaftServerConfigKeys (ConfUtils.java:logGet(44)) - raft.server.notification.no-leader.timeout = 300s (custom)
2022-01-10 01:36:25,850 [pool-220-thread-1] INFO  server.RaftServerConfigKeys (ConfUtils.java:logGet(44)) - raft.server.log.use.memory = false (default)
2022-01-10 01:36:25,850 [pool-220-thread-1] INFO  server.RaftServerConfigKeys (ConfUtils.java:logGet(44)) - raft.server.log.purge.gap = 1000000 (custom)
2022-01-10 01:36:25,850 [pool-220-thread-1] INFO  server.RaftServerConfigKeys (ConfUtils.java:logGet(44)) - raft.server.log.appender.buffer.byte-limit = 33554432 (custom)
2022-01-10 01:36:25,850 [pool-220-thread-1] INFO  server.RaftServerConfigKeys (ConfUtils.java:logGet(44)) - raft.server.log.segment.size.max = 1048576 (custom)
2022-01-10 01:36:25,851 [pool-220-thread-1] INFO  server.RaftServerConfigKeys (ConfUtils.java:logGet(44)) - raft.server.log.segment.cache.num.max = 2 (custom)
2022-01-10 01:36:25,851 [pool-220-thread-1] INFO  server.RaftServerConfigKeys (ConfUtils.java:logGet(44)) - raft.server.log.segment.cache.size.max = 200MB (=209715200) (default)
2022-01-10 01:36:25,851 [pool-220-thread-1] INFO  segmented.SegmentedRaftLogWorker (SegmentedRaftLogWorker.java:<init>(182)) - new e3f599f5-028b-4c3f-a449-c6721188584f@group-4848C0CE9D84-SegmentedRaftLogWorker for RaftStorageImpl:Storage Directory /home/runner/work/ozone/ozone/hadoop-ozone/integration-test/target/test-dir/MiniOzoneClusterImpl-464fc649-a0a5-4ced-a2bf-a15f727bdd97/datanode-1/data/ratis/4bb98994-ae82-48d9-8d3b-4848c0ce9d84
2022-01-10 01:36:25,851 [pool-220-thread-1] INFO  server.RaftServerConfigKeys (ConfUtils.java:logGet(44)) - raft.server.log.queue.byte-limit = 2147483647 (custom)
2022-01-10 01:36:25,851 [pool-220-thread-1] INFO  server.RaftServerConfigKeys (ConfUtils.java:logGet(44)) - raft.server.log.queue.element-limit = 1024 (custom)
2022-01-10 01:36:25,851 [pool-220-thread-1] INFO  server.RaftServerConfigKeys (ConfUtils.java:logGet(44)) - raft.server.log.segment.size.max = 1048576 (custom)
2022-01-10 01:36:25,851 [pool-220-thread-1] INFO  server.RaftServerConfigKeys (ConfUtils.java:logGet(44)) - raft.server.log.preallocated.size = 16384 (custom)
2022-01-10 01:36:25,851 [pool-220-thread-1] INFO  server.RaftServerConfigKeys (ConfUtils.java:logGet(44)) - raft.server.log.force.sync.num = 128 (default)
2022-01-10 01:36:25,851 [pool-220-thread-1] INFO  server.RaftServerConfigKeys (ConfUtils.java:logGet(44)) - raft.server.log.statemachine.data.sync = true (default)
2022-01-10 01:36:25,851 [pool-220-thread-1] INFO  server.RaftServerConfigKeys (ConfUtils.java:logGet(44)) - raft.server.log.statemachine.data.sync.timeout = 10s (default)
2022-01-10 01:36:25,851 [pool-220-thread-1] INFO  server.RaftServerConfigKeys (ConfUtils.java:logGet(44)) - raft.server.log.statemachine.data.sync.timeout.retry = -1 (default)
2022-01-10 01:36:25,852 [pool-220-thread-1] INFO  server.RaftServerConfigKeys (ConfUtils.java:logGet(44)) - raft.server.log.write.buffer.size = 1048576 (custom)
2022-01-10 01:36:25,852 [pool-220-thread-1] INFO  server.RaftServerConfigKeys (ConfUtils.java:logGet(44)) - raft.server.log.statemachine.data.caching.enabled = true (custom)
2022-01-10 01:36:25,853 [EventQueue-PipelineReportForPipelineReportHandler] INFO  pipeline.PipelineManagerImpl (PipelineManagerImpl.java:openPipeline(291)) - Pipeline Pipeline[ Id: 4bb98994-ae82-48d9-8d3b-4848c0ce9d84, Nodes: e3f599f5-028b-4c3f-a449-c6721188584f{ip: 10.1.0.8, host: fv-az297-741.nmf1rxwemy4u5di1sxxf4ejcwb.jx.internal.cloudapp.net, ports: [REPLICATION=36563, RATIS=41427, RATIS_ADMIN=41427, RATIS_SERVER=41427, STANDALONE=43635], networkLocation: /default-rack, certSerialId: null, persistedOpState: IN_SERVICE, persistedOpStateExpiryEpochSec: 0}, ReplicationConfig: RATIS/ONE, State:ALLOCATED, leaderId:e3f599f5-028b-4c3f-a449-c6721188584f, CreationTimestamp2022-01-10T01:36:22.852Z[Etc/UTC]] moved to OPEN state
2022-01-10 01:36:25,854 [EventQueue-OpenPipelineForHealthyPipelineSafeModeRule] INFO  safemode.SCMSafeModeManager (HealthyPipelineSafeModeRule.java:process(124)) - SCM in safe mode. Healthy pipelines reported count is 0, required healthy pipeline reported count is 1
2022-01-10 01:36:25,854 [pool-220-thread-1] INFO  segmented.SegmentedRaftLogWorker (SegmentedRaftLogWorker.java:lambda$new$0(133)) - e3f599f5-028b-4c3f-a449-c6721188584f@group-4848C0CE9D84-SegmentedRaftLogWorker: flushIndex: setUnconditionally 0 -> -1
2022-01-10 01:36:25,858 [pool-220-thread-1] INFO  segmented.SegmentedRaftLogWorker (SegmentedRaftLogWorker.java:lambda$new$0(133)) - e3f599f5-028b-4c3f-a449-c6721188584f@group-4848C0CE9D84-SegmentedRaftLogWorker: safeCacheEvictIndex: setUnconditionally 0 -> -1
2022-01-10 01:36:25,862 [pool-220-thread-1] INFO  server.RaftServerConfigKeys (ConfUtils.java:logGet(44)) - raft.server.snapshot.auto.trigger.enabled = true (custom)
2022-01-10 01:36:25,862 [pool-220-thread-1] INFO  server.RaftServerConfigKeys (ConfUtils.java:logGet(44)) - raft.server.snapshot.auto.trigger.threshold = 10000 (custom)
2022-01-10 01:36:25,862 [pool-220-thread-1] INFO  server.RaftServerConfigKeys (ConfUtils.java:logGet(44)) - raft.server.snapshot.retention.file.num = 5 (custom)
2022-01-10 01:36:25,862 [pool-220-thread-1] INFO  server.RaftServerConfigKeys (ConfUtils.java:logGet(44)) - raft.server.log.purge.upto.snapshot.index = false (default)
2022-01-10 01:36:25,862 [pool-220-thread-1] INFO  server.RaftServerConfigKeys (ConfUtils.java:logGet(44)) - raft.server.retrycache.expirytime = 600000ms (custom)
2022-01-10 01:36:25,862 [pool-220-thread-1] INFO  server.RaftServerConfigKeys (ConfUtils.java:logGet(44)) - raft.server.retrycache.statistics.expirytime = 100μs (default)
2022-01-10 01:36:25,863 [pool-220-thread-1] INFO  server.RaftServer$Division (RaftServerImpl.java:start(301)) - e3f599f5-028b-4c3f-a449-c6721188584f@group-4848C0CE9D84: start as a follower, conf=-1: [e3f599f5-028b-4c3f-a449-c6721188584f|rpc:10.1.0.8:41427|priority:1], old=null
2022-01-10 01:36:25,863 [pool-220-thread-1] INFO  server.RaftServer$Division (RaftServerImpl.java:setRole(290)) - e3f599f5-028b-4c3f-a449-c6721188584f@group-4848C0CE9D84: changes role from      null to FOLLOWER at term 0 for startAsFollower
2022-01-10 01:36:25,863 [pool-220-thread-1] INFO  impl.RoleInfo (RoleInfo.java:updateAndGet(130)) - e3f599f5-028b-4c3f-a449-c6721188584f: start e3f599f5-028b-4c3f-a449-c6721188584f@group-4848C0CE9D84-FollowerState
2022-01-10 01:36:25,874 [pool-220-thread-1] INFO  util.JmxRegister (JmxRegister.java:tryRegister(44)) - Successfully registered JMX Bean with object name Ratis:service=RaftServer,group=group-4848C0CE9D84,id=e3f599f5-028b-4c3f-a449-c6721188584f
2022-01-10 01:36:25,874 [Command processor thread] INFO  ratis.XceiverServerRatis (XceiverServerRatis.java:addGroup(768)) - Created group PipelineID=4bb98994-ae82-48d9-8d3b-4848c0ce9d84
2022-01-10 01:36:25,874 [Command processor thread] INFO  commandhandler.CreatePipelineCommandHandler (CreatePipelineCommandHandler.java:handle(106)) - Created Pipeline RATIS ONE PipelineID=4bb98994-ae82-48d9-8d3b-4848c0ce9d84.
2022-01-10 01:36:26,303 [Listener at 127.0.0.1/37387] INFO  ozone.MiniOzoneClusterImpl (MiniOzoneClusterImpl.java:lambda$waitForClusterToBeReady$0(235)) - Nodes are ready. Got 3 of 3 DN Heartbeats.
2022-01-10 01:36:26,304 [Listener at 127.0.0.1/37387] INFO  ozone.MiniOzoneClusterImpl (MiniOzoneClusterImpl.java:lambda$waitForClusterToBeReady$0(238)) - Waiting for cluster to exit safe mode
2022-01-10 01:36:26,304 [Listener at 127.0.0.1/37387] INFO  ozone.MiniOzoneClusterImpl (MiniOzoneClusterImpl.java:lambda$waitForClusterToBeReady$0(240)) - SCM became leader
2022-01-10 01:36:26,322 [Command processor thread] INFO  server.RaftServer (RaftServerProxy.java:addNew(95)) - 575cbf86-88fb-41ad-ac78-70c476dab826: addNew group-402024793883:[575cbf86-88fb-41ad-ac78-70c476dab826|rpc:10.1.0.8:42327|priority:1] returns group-402024793883:java.util.concurrent.CompletableFuture@7de28631[Not completed]
2022-01-10 01:36:26,323 [pool-241-thread-1] INFO  server.RaftServer$Division (RaftServerImpl.java:<init>(184)) - 575cbf86-88fb-41ad-ac78-70c476dab826: new RaftServerImpl for group-402024793883:[575cbf86-88fb-41ad-ac78-70c476dab826|rpc:10.1.0.8:42327|priority:1] with ContainerStateMachine:uninitialized
2022-01-10 01:36:26,323 [pool-241-thread-1] INFO  server.RaftServerConfigKeys (ConfUtils.java:logGet(44)) - raft.server.rpc.timeout.min = 5s (custom)
2022-01-10 01:36:26,323 [pool-241-thread-1] INFO  server.RaftServerConfigKeys (ConfUtils.java:logGet(44)) - raft.server.rpc.timeout.max = 5200ms (custom)
2022-01-10 01:36:26,323 [pool-241-thread-1] INFO  server.RaftServerConfigKeys (ConfUtils.java:logGet(44)) - raft.server.rpc.sleep.time = 25ms (default)
2022-01-10 01:36:26,323 [pool-241-thread-1] INFO  server.RaftServerConfigKeys (ConfUtils.java:logGet(44)) - raft.server.rpc.slowness.timeout = 300s (custom)
2022-01-10 01:36:26,323 [pool-241-thread-1] INFO  server.RaftServerConfigKeys (ConfUtils.java:logGet(44)) - raft.server.leaderelection.leader.step-down.wait-time = 10s (default)
2022-01-10 01:36:26,323 [pool-241-thread-1] INFO  server.RaftServerConfigKeys (ConfUtils.java:logGet(44)) - raft.server.sleep.deviation.threshold = 300ms (default)
2022-01-10 01:36:26,323 [pool-241-thread-1] INFO  server.RaftServerConfigKeys (ConfUtils.java:logGet(44)) - raft.server.log.appender.install.snapshot.enabled = false (custom)
2022-01-10 01:36:26,323 [pool-241-thread-1] INFO  server.RaftServer$Division (ServerState.java:<init>(105)) - 575cbf86-88fb-41ad-ac78-70c476dab826@group-402024793883: ConfigurationManager, init=-1: [575cbf86-88fb-41ad-ac78-70c476dab826|rpc:10.1.0.8:42327|priority:1], old=null, confs=<EMPTY_MAP>
2022-01-10 01:36:26,323 [pool-241-thread-1] INFO  server.RaftServerConfigKeys (ConfUtils.java:logGet(44)) - raft.server.storage.dir = [/home/runner/work/ozone/ozone/hadoop-ozone/integration-test/target/test-dir/MiniOzoneClusterImpl-464fc649-a0a5-4ced-a2bf-a15f727bdd97/datanode-2/data/ratis] (custom)
2022-01-10 01:36:26,323 [pool-241-thread-1] INFO  server.RaftServerConfigKeys (ConfUtils.java:logGet(44)) - raft.server.log.corruption.policy = EXCEPTION (default)
2022-01-10 01:36:26,323 [pool-241-thread-1] INFO  server.RaftServerConfigKeys (ConfUtils.java:logGet(44)) - raft.server.storage.free-space.min = 0MB (=0) (default)
2022-01-10 01:36:26,323 [pool-241-thread-1] INFO  storage.RaftStorageDirectory (RaftStorageDirectoryImpl.java:analyzeStorage(135)) - The storage directory /home/runner/work/ozone/ozone/hadoop-ozone/integration-test/target/test-dir/MiniOzoneClusterImpl-464fc649-a0a5-4ced-a2bf-a15f727bdd97/datanode-2/data/ratis/28c12cfb-5b4e-4362-86d0-402024793883 does not exist. Creating ...
2022-01-10 01:36:26,325 [pool-241-thread-1] INFO  storage.RaftStorageDirectory (RaftStorageDirectoryImpl.java:tryLock(230)) - Lock on /home/runner/work/ozone/ozone/hadoop-ozone/integration-test/target/test-dir/MiniOzoneClusterImpl-464fc649-a0a5-4ced-a2bf-a15f727bdd97/datanode-2/data/ratis/28c12cfb-5b4e-4362-86d0-402024793883/in_use.lock acquired by nodename 16813@fv-az297-741
2022-01-10 01:36:26,326 [pool-241-thread-1] INFO  storage.RaftStorage (RaftStorageImpl.java:format(89)) - Storage directory /home/runner/work/ozone/ozone/hadoop-ozone/integration-test/target/test-dir/MiniOzoneClusterImpl-464fc649-a0a5-4ced-a2bf-a15f727bdd97/datanode-2/data/ratis/28c12cfb-5b4e-4362-86d0-402024793883 has been successfully formatted.
2022-01-10 01:36:26,327 [pool-241-thread-1] INFO  ratis.ContainerStateMachine (ContainerStateMachine.java:loadSnapshot(231)) - group-402024793883: The snapshot info is null. Setting the last applied indexto:(t:0, i:~)
2022-01-10 01:36:26,327 [pool-241-thread-1] INFO  server.RaftServerConfigKeys (ConfUtils.java:logGet(44)) - raft.server.notification.no-leader.timeout = 300s (custom)
2022-01-10 01:36:26,327 [pool-241-thread-1] INFO  server.RaftServerConfigKeys (ConfUtils.java:logGet(44)) - raft.server.log.use.memory = false (default)
2022-01-10 01:36:26,327 [pool-241-thread-1] INFO  server.RaftServerConfigKeys (ConfUtils.java:logGet(44)) - raft.server.log.purge.gap = 1000000 (custom)
2022-01-10 01:36:26,327 [pool-241-thread-1] INFO  server.RaftServerConfigKeys (ConfUtils.java:logGet(44)) - raft.server.log.appender.buffer.byte-limit = 33554432 (custom)
2022-01-10 01:36:26,327 [pool-241-thread-1] INFO  server.RaftServerConfigKeys (ConfUtils.java:logGet(44)) - raft.server.log.segment.size.max = 1048576 (custom)
2022-01-10 01:36:26,327 [pool-241-thread-1] INFO  server.RaftServerConfigKeys (ConfUtils.java:logGet(44)) - raft.server.log.segment.cache.num.max = 2 (custom)
2022-01-10 01:36:26,327 [pool-241-thread-1] INFO  server.RaftServerConfigKeys (ConfUtils.java:logGet(44)) - raft.server.log.segment.cache.size.max = 200MB (=209715200) (default)
2022-01-10 01:36:26,327 [pool-241-thread-1] INFO  segmented.SegmentedRaftLogWorker (SegmentedRaftLogWorker.java:<init>(182)) - new 575cbf86-88fb-41ad-ac78-70c476dab826@group-402024793883-SegmentedRaftLogWorker for RaftStorageImpl:Storage Directory /home/runner/work/ozone/ozone/hadoop-ozone/integration-test/target/test-dir/MiniOzoneClusterImpl-464fc649-a0a5-4ced-a2bf-a15f727bdd97/datanode-2/data/ratis/28c12cfb-5b4e-4362-86d0-402024793883
2022-01-10 01:36:26,327 [pool-241-thread-1] INFO  server.RaftServerConfigKeys (ConfUtils.java:logGet(44)) - raft.server.log.queue.byte-limit = 2147483647 (custom)
2022-01-10 01:36:26,328 [pool-241-thread-1] INFO  server.RaftServerConfigKeys (ConfUtils.java:logGet(44)) - raft.server.log.queue.element-limit = 1024 (custom)
2022-01-10 01:36:26,328 [pool-241-thread-1] INFO  server.RaftServerConfigKeys (ConfUtils.java:logGet(44)) - raft.server.log.segment.size.max = 1048576 (custom)
2022-01-10 01:36:26,328 [pool-241-thread-1] INFO  server.RaftServerConfigKeys (ConfUtils.java:logGet(44)) - raft.server.log.preallocated.size = 16384 (custom)
2022-01-10 01:36:26,328 [pool-241-thread-1] INFO  server.RaftServerConfigKeys (ConfUtils.java:logGet(44)) - raft.server.log.force.sync.num = 128 (default)
2022-01-10 01:36:26,328 [pool-241-thread-1] INFO  server.RaftServerConfigKeys (ConfUtils.java:logGet(44)) - raft.server.log.statemachine.data.sync = true (default)
2022-01-10 01:36:26,328 [pool-241-thread-1] INFO  server.RaftServerConfigKeys (ConfUtils.java:logGet(44)) - raft.server.log.statemachine.data.sync.timeout = 10s (default)
2022-01-10 01:36:26,328 [EventQueue-PipelineReportForPipelineReportHandler] INFO  pipeline.PipelineManagerImpl (PipelineManagerImpl.java:openPipeline(291)) - Pipeline Pipeline[ Id: 28c12cfb-5b4e-4362-86d0-402024793883, Nodes: 575cbf86-88fb-41ad-ac78-70c476dab826{ip: 10.1.0.8, host: fv-az297-741.nmf1rxwemy4u5di1sxxf4ejcwb.jx.internal.cloudapp.net, ports: [REPLICATION=43515, RATIS=42327, RATIS_ADMIN=42327, RATIS_SERVER=42327, STANDALONE=40043], networkLocation: /default-rack, certSerialId: null, persistedOpState: IN_SERVICE, persistedOpStateExpiryEpochSec: 0}, ReplicationConfig: RATIS/ONE, State:ALLOCATED, leaderId:575cbf86-88fb-41ad-ac78-70c476dab826, CreationTimestamp2022-01-10T01:36:23.329Z[Etc/UTC]] moved to OPEN state
2022-01-10 01:36:26,328 [EventQueue-OpenPipelineForHealthyPipelineSafeModeRule] INFO  safemode.SCMSafeModeManager (HealthyPipelineSafeModeRule.java:process(124)) - SCM in safe mode. Healthy pipelines reported count is 0, required healthy pipeline reported count is 1
2022-01-10 01:36:26,328 [pool-241-thread-1] INFO  server.RaftServerConfigKeys (ConfUtils.java:logGet(44)) - raft.server.log.statemachine.data.sync.timeout.retry = -1 (default)
2022-01-10 01:36:26,338 [pool-241-thread-1] INFO  server.RaftServerConfigKeys (ConfUtils.java:logGet(44)) - raft.server.log.write.buffer.size = 1048576 (custom)
2022-01-10 01:36:26,339 [pool-241-thread-1] INFO  server.RaftServerConfigKeys (ConfUtils.java:logGet(44)) - raft.server.log.statemachine.data.caching.enabled = true (custom)
2022-01-10 01:36:26,339 [pool-241-thread-1] INFO  segmented.SegmentedRaftLogWorker (SegmentedRaftLogWorker.java:lambda$new$0(133)) - 575cbf86-88fb-41ad-ac78-70c476dab826@group-402024793883-SegmentedRaftLogWorker: flushIndex: setUnconditionally 0 -> -1
2022-01-10 01:36:26,339 [pool-241-thread-1] INFO  segmented.SegmentedRaftLogWorker (SegmentedRaftLogWorker.java:lambda$new$0(133)) - 575cbf86-88fb-41ad-ac78-70c476dab826@group-402024793883-SegmentedRaftLogWorker: safeCacheEvictIndex: setUnconditionally 0 -> -1
2022-01-10 01:36:26,346 [pool-241-thread-1] INFO  server.RaftServerConfigKeys (ConfUtils.java:logGet(44)) - raft.server.snapshot.auto.trigger.enabled = true (custom)
2022-01-10 01:36:26,346 [pool-241-thread-1] INFO  server.RaftServerConfigKeys (ConfUtils.java:logGet(44)) - raft.server.snapshot.auto.trigger.threshold = 10000 (custom)
2022-01-10 01:36:26,346 [pool-241-thread-1] INFO  server.RaftServerConfigKeys (ConfUtils.java:logGet(44)) - raft.server.snapshot.retention.file.num = 5 (custom)
2022-01-10 01:36:26,346 [pool-241-thread-1] INFO  server.RaftServerConfigKeys (ConfUtils.java:logGet(44)) - raft.server.log.purge.upto.snapshot.index = false (default)
2022-01-10 01:36:26,346 [pool-241-thread-1] INFO  server.RaftServerConfigKeys (ConfUtils.java:logGet(44)) - raft.server.retrycache.expirytime = 600000ms (custom)
2022-01-10 01:36:26,346 [pool-241-thread-1] INFO  server.RaftServerConfigKeys (ConfUtils.java:logGet(44)) - raft.server.retrycache.statistics.expirytime = 100μs (default)
2022-01-10 01:36:26,347 [pool-241-thread-1] INFO  server.RaftServer$Division (RaftServerImpl.java:start(301)) - 575cbf86-88fb-41ad-ac78-70c476dab826@group-402024793883: start as a follower, conf=-1: [575cbf86-88fb-41ad-ac78-70c476dab826|rpc:10.1.0.8:42327|priority:1], old=null
2022-01-10 01:36:26,347 [pool-241-thread-1] INFO  server.RaftServer$Division (RaftServerImpl.java:setRole(290)) - 575cbf86-88fb-41ad-ac78-70c476dab826@group-402024793883: changes role from      null to FOLLOWER at term 0 for startAsFollower
2022-01-10 01:36:26,347 [pool-241-thread-1] INFO  impl.RoleInfo (RoleInfo.java:updateAndGet(130)) - 575cbf86-88fb-41ad-ac78-70c476dab826: start 575cbf86-88fb-41ad-ac78-70c476dab826@group-402024793883-FollowerState
2022-01-10 01:36:26,351 [pool-241-thread-1] INFO  util.JmxRegister (JmxRegister.java:tryRegister(44)) - Successfully registered JMX Bean with object name Ratis:service=RaftServer,group=group-402024793883,id=575cbf86-88fb-41ad-ac78-70c476dab826
2022-01-10 01:36:26,352 [Command processor thread] INFO  ratis.XceiverServerRatis (XceiverServerRatis.java:addGroup(768)) - Created group PipelineID=28c12cfb-5b4e-4362-86d0-402024793883
2022-01-10 01:36:26,352 [Command processor thread] INFO  commandhandler.CreatePipelineCommandHandler (CreatePipelineCommandHandler.java:handle(106)) - Created Pipeline RATIS ONE PipelineID=28c12cfb-5b4e-4362-86d0-402024793883.
2022-01-10 01:36:27,304 [Listener at 127.0.0.1/37387] INFO  ozone.MiniOzoneClusterImpl (MiniOzoneClusterImpl.java:lambda$waitForClusterToBeReady$0(235)) - Nodes are ready. Got 3 of 3 DN Heartbeats.
2022-01-10 01:36:27,304 [Listener at 127.0.0.1/37387] INFO  ozone.MiniOzoneClusterImpl (MiniOzoneClusterImpl.java:lambda$waitForClusterToBeReady$0(238)) - Waiting for cluster to exit safe mode
2022-01-10 01:36:27,304 [Listener at 127.0.0.1/37387] INFO  ozone.MiniOzoneClusterImpl (MiniOzoneClusterImpl.java:lambda$waitForClusterToBeReady$0(240)) - SCM became leader
2022-01-10 01:36:28,304 [Listener at 127.0.0.1/37387] INFO  ozone.MiniOzoneClusterImpl (MiniOzoneClusterImpl.java:lambda$waitForClusterToBeReady$0(235)) - Nodes are ready. Got 3 of 3 DN Heartbeats.
2022-01-10 01:36:28,305 [Listener at 127.0.0.1/37387] INFO  ozone.MiniOzoneClusterImpl (MiniOzoneClusterImpl.java:lambda$waitForClusterToBeReady$0(238)) - Waiting for cluster to exit safe mode
2022-01-10 01:36:28,305 [Listener at 127.0.0.1/37387] INFO  ozone.MiniOzoneClusterImpl (MiniOzoneClusterImpl.java:lambda$waitForClusterToBeReady$0(240)) - SCM became leader
2022-01-10 01:36:29,305 [Listener at 127.0.0.1/37387] INFO  ozone.MiniOzoneClusterImpl (MiniOzoneClusterImpl.java:lambda$waitForClusterToBeReady$0(235)) - Nodes are ready. Got 3 of 3 DN Heartbeats.
2022-01-10 01:36:29,305 [Listener at 127.0.0.1/37387] INFO  ozone.MiniOzoneClusterImpl (MiniOzoneClusterImpl.java:lambda$waitForClusterToBeReady$0(238)) - Waiting for cluster to exit safe mode
2022-01-10 01:36:29,305 [Listener at 127.0.0.1/37387] INFO  ozone.MiniOzoneClusterImpl (MiniOzoneClusterImpl.java:lambda$waitForClusterToBeReady$0(240)) - SCM became leader
2022-01-10 01:36:30,306 [Listener at 127.0.0.1/37387] INFO  ozone.MiniOzoneClusterImpl (MiniOzoneClusterImpl.java:lambda$waitForClusterToBeReady$0(235)) - Nodes are ready. Got 3 of 3 DN Heartbeats.
2022-01-10 01:36:30,306 [Listener at 127.0.0.1/37387] INFO  ozone.MiniOzoneClusterImpl (MiniOzoneClusterImpl.java:lambda$waitForClusterToBeReady$0(238)) - Waiting for cluster to exit safe mode
2022-01-10 01:36:30,306 [Listener at 127.0.0.1/37387] INFO  ozone.MiniOzoneClusterImpl (MiniOzoneClusterImpl.java:lambda$waitForClusterToBeReady$0(240)) - SCM became leader
2022-01-10 01:36:30,419 [4662cef3-4296-4558-a543-727d5622f336@group-FD362DB6BEE1-FollowerState] INFO  impl.FollowerState (FollowerState.java:run(134)) - 4662cef3-4296-4558-a543-727d5622f336@group-FD362DB6BEE1-FollowerState: change to CANDIDATE, lastRpcElapsedTime:5015943093ns, electionTimeout:5015ms
2022-01-10 01:36:30,419 [4662cef3-4296-4558-a543-727d5622f336@group-FD362DB6BEE1-FollowerState] INFO  impl.RoleInfo (RoleInfo.java:shutdownFollowerState(108)) - 4662cef3-4296-4558-a543-727d5622f336: shutdown 4662cef3-4296-4558-a543-727d5622f336@group-FD362DB6BEE1-FollowerState
2022-01-10 01:36:30,419 [4662cef3-4296-4558-a543-727d5622f336@group-FD362DB6BEE1-FollowerState] INFO  server.RaftServer$Division (RaftServerImpl.java:setRole(290)) - 4662cef3-4296-4558-a543-727d5622f336@group-FD362DB6BEE1: changes role from  FOLLOWER to CANDIDATE at term 0 for changeToCandidate
2022-01-10 01:36:30,420 [4662cef3-4296-4558-a543-727d5622f336@group-FD362DB6BEE1-FollowerState] INFO  server.RaftServerConfigKeys (ConfUtils.java:logGet(44)) - raft.server.leaderelection.pre-vote = false (custom)
2022-01-10 01:36:30,420 [4662cef3-4296-4558-a543-727d5622f336@group-FD362DB6BEE1-FollowerState] INFO  impl.RoleInfo (RoleInfo.java:updateAndGet(130)) - 4662cef3-4296-4558-a543-727d5622f336: start 4662cef3-4296-4558-a543-727d5622f336@group-FD362DB6BEE1-LeaderElection18
2022-01-10 01:36:30,429 [4662cef3-4296-4558-a543-727d5622f336@group-FD362DB6BEE1-LeaderElection18] INFO  impl.LeaderElection (LeaderElection.java:askForVotes(306)) - 4662cef3-4296-4558-a543-727d5622f336@group-FD362DB6BEE1-LeaderElection18 ELECTION round 0: submit vote requests at term 1 for -1: [e3f599f5-028b-4c3f-a449-c6721188584f|rpc:10.1.0.8:41427|priority:0, 575cbf86-88fb-41ad-ac78-70c476dab826|rpc:10.1.0.8:42327|priority:0, 4662cef3-4296-4558-a543-727d5622f336|rpc:10.1.0.8:33395|priority:1], old=null
2022-01-10 01:36:30,448 [grpc-default-executor-3] INFO  server.RaftServer$Division (RaftServerImpl.java:requestVote(1046)) - e3f599f5-028b-4c3f-a449-c6721188584f@group-FD362DB6BEE1: receive requestVote(ELECTION, 4662cef3-4296-4558-a543-727d5622f336, group-FD362DB6BEE1, 1, (t:0, i:0))
2022-01-10 01:36:30,448 [grpc-default-executor-3] INFO  impl.VoteContext (VoteContext.java:log(48)) - e3f599f5-028b-4c3f-a449-c6721188584f@group-FD362DB6BEE1-FOLLOWER: accept ELECTION from 4662cef3-4296-4558-a543-727d5622f336: our priority 0 <= candidate's priority 1
2022-01-10 01:36:30,448 [grpc-default-executor-3] INFO  server.RaftServer$Division (RaftServerImpl.java:setRole(290)) - e3f599f5-028b-4c3f-a449-c6721188584f@group-FD362DB6BEE1: changes role from  FOLLOWER to FOLLOWER at term 1 for candidate:4662cef3-4296-4558-a543-727d5622f336
2022-01-10 01:36:30,448 [grpc-default-executor-3] INFO  impl.RoleInfo (RoleInfo.java:shutdownFollowerState(108)) - e3f599f5-028b-4c3f-a449-c6721188584f: shutdown e3f599f5-028b-4c3f-a449-c6721188584f@group-FD362DB6BEE1-FollowerState
2022-01-10 01:36:30,448 [grpc-default-executor-3] INFO  impl.RoleInfo (RoleInfo.java:updateAndGet(130)) - e3f599f5-028b-4c3f-a449-c6721188584f: start e3f599f5-028b-4c3f-a449-c6721188584f@group-FD362DB6BEE1-FollowerState
2022-01-10 01:36:30,448 [e3f599f5-028b-4c3f-a449-c6721188584f@group-FD362DB6BEE1-FollowerState] INFO  impl.FollowerState (FollowerState.java:run(143)) - e3f599f5-028b-4c3f-a449-c6721188584f@group-FD362DB6BEE1-FollowerState was interrupted: {}
java.lang.InterruptedException: sleep interrupted
	at java.lang.Thread.sleep(Native Method)
	at java.lang.Thread.sleep(Thread.java:340)
	at java.util.concurrent.TimeUnit.sleep(TimeUnit.java:386)
	at org.apache.ratis.util.TimeDuration.sleep(TimeDuration.java:324)
	at org.apache.ratis.util.TimeDuration.sleep(TimeDuration.java:309)
	at org.apache.ratis.server.impl.FollowerState.run(FollowerState.java:118)
2022-01-10 01:36:30,451 [grpc-default-executor-3] INFO  server.RaftServer$Division (RaftServerImpl.java:requestVote(1078)) - e3f599f5-028b-4c3f-a449-c6721188584f@group-FD362DB6BEE1 replies to ELECTION vote request: 4662cef3-4296-4558-a543-727d5622f336<-e3f599f5-028b-4c3f-a449-c6721188584f#0:OK-t1. Peer's state: e3f599f5-028b-4c3f-a449-c6721188584f@group-FD362DB6BEE1:t1, leader=null, voted=4662cef3-4296-4558-a543-727d5622f336, raftlog=e3f599f5-028b-4c3f-a449-c6721188584f@group-FD362DB6BEE1-SegmentedRaftLog:OPENED:c-1, conf=-1: [e3f599f5-028b-4c3f-a449-c6721188584f|rpc:10.1.0.8:41427|dataStream:|priority:0, 575cbf86-88fb-41ad-ac78-70c476dab826|rpc:10.1.0.8:42327|dataStream:|priority:0, 4662cef3-4296-4558-a543-727d5622f336|rpc:10.1.0.8:33395|dataStream:|priority:1], old=null
2022-01-10 01:36:30,453 [4662cef3-4296-4558-a543-727d5622f336@group-FD362DB6BEE1-LeaderElection18] INFO  impl.LeaderElection (LeaderElection.java:logAndReturn(89)) - 4662cef3-4296-4558-a543-727d5622f336@group-FD362DB6BEE1-LeaderElection18: ELECTION PASSED received 1 response(s) and 0 exception(s):
2022-01-10 01:36:30,453 [4662cef3-4296-4558-a543-727d5622f336@group-FD362DB6BEE1-LeaderElection18] INFO  impl.LeaderElection (LeaderElection.java:logAndReturn(93)) -   Response 0: 4662cef3-4296-4558-a543-727d5622f336<-e3f599f5-028b-4c3f-a449-c6721188584f#0:OK-t1
2022-01-10 01:36:30,453 [4662cef3-4296-4558-a543-727d5622f336@group-FD362DB6BEE1-LeaderElection18] INFO  impl.LeaderElection (LeaderElection.java:askForVotes(308)) - 4662cef3-4296-4558-a543-727d5622f336@group-FD362DB6BEE1-LeaderElection18 ELECTION round 0: result PASSED
2022-01-10 01:36:30,453 [4662cef3-4296-4558-a543-727d5622f336@group-FD362DB6BEE1-LeaderElection18] INFO  impl.RoleInfo (RoleInfo.java:shutdownLeaderElection(121)) - 4662cef3-4296-4558-a543-727d5622f336: shutdown 4662cef3-4296-4558-a543-727d5622f336@group-FD362DB6BEE1-LeaderElection18
2022-01-10 01:36:30,453 [4662cef3-4296-4558-a543-727d5622f336@group-FD362DB6BEE1-LeaderElection18] INFO  server.RaftServer$Division (RaftServerImpl.java:setRole(290)) - 4662cef3-4296-4558-a543-727d5622f336@group-FD362DB6BEE1: changes role from CANDIDATE to LEADER at term 1 for changeToLeader
2022-01-10 01:36:30,453 [4662cef3-4296-4558-a543-727d5622f336@group-FD362DB6BEE1-LeaderElection18] INFO  ratis.XceiverServerRatis (XceiverServerRatis.java:handleLeaderChangedNotification(866)) - Leader change notification received for group: group-FD362DB6BEE1 with new leaderId: 4662cef3-4296-4558-a543-727d5622f336
2022-01-10 01:36:30,453 [4662cef3-4296-4558-a543-727d5622f336@group-FD362DB6BEE1-LeaderElection18] INFO  server.RaftServer$Division (ServerState.java:setLeader(285)) - 4662cef3-4296-4558-a543-727d5622f336@group-FD362DB6BEE1: change Leader from null to 4662cef3-4296-4558-a543-727d5622f336 at term 1 for becomeLeader, leader elected after 5063ms
2022-01-10 01:36:30,453 [4662cef3-4296-4558-a543-727d5622f336@group-FD362DB6BEE1-LeaderElection18] INFO  server.RaftServerConfigKeys (ConfUtils.java:logGet(44)) - raft.server.staging.catchup.gap = 1000 (default)
2022-01-10 01:36:30,453 [4662cef3-4296-4558-a543-727d5622f336@group-FD362DB6BEE1-LeaderElection18] INFO  server.RaftServerConfigKeys (ConfUtils.java:logGet(44)) - raft.server.write.element-limit = 1024 (custom)
2022-01-10 01:36:30,453 [4662cef3-4296-4558-a543-727d5622f336@group-FD362DB6BEE1-LeaderElection18] INFO  server.RaftServerConfigKeys (ConfUtils.java:logGet(44)) - raft.server.write.byte-limit = 1024 M (=1073741824) (custom)
2022-01-10 01:36:30,454 [4662cef3-4296-4558-a543-727d5622f336@group-FD362DB6BEE1-LeaderElection18] INFO  server.RaftServerConfigKeys (ConfUtils.java:logGet(44)) - raft.server.watch.timeout = 180s (custom)
2022-01-10 01:36:30,454 [4662cef3-4296-4558-a543-727d5622f336@group-FD362DB6BEE1-LeaderElection18] INFO  server.RaftServerConfigKeys (ConfUtils.java:logGet(44)) - raft.server.watch.timeout.denomination = 1s (default)
2022-01-10 01:36:30,454 [4662cef3-4296-4558-a543-727d5622f336@group-FD362DB6BEE1-LeaderElection18] INFO  server.RaftServerConfigKeys (ConfUtils.java:logGet(44)) - raft.server.watch.element-limit = 65536 (default)
2022-01-10 01:36:30,454 [4662cef3-4296-4558-a543-727d5622f336@group-FD362DB6BEE1-LeaderElection18] INFO  server.RaftServerConfigKeys (ConfUtils.java:logGet(44)) - raft.server.write.element-limit = 1024 (custom)
2022-01-10 01:36:30,454 [4662cef3-4296-4558-a543-727d5622f336@group-FD362DB6BEE1-LeaderElection18] INFO  server.RaftServerConfigKeys (ConfUtils.java:logGet(44)) - raft.server.write.follower.gap.ratio.max = -1.0 (default)
2022-01-10 01:36:30,454 [4662cef3-4296-4558-a543-727d5622f336@group-FD362DB6BEE1-LeaderElection18] INFO  server.RaftServerConfigKeys (ConfUtils.java:logGet(44)) - raft.server.log.appender.snapshot.chunk.size.max = 16MB (=16777216) (default)
2022-01-10 01:36:30,454 [4662cef3-4296-4558-a543-727d5622f336@group-FD362DB6BEE1-LeaderElection18] INFO  server.RaftServerConfigKeys (ConfUtils.java:logGet(44)) - raft.server.log.appender.buffer.byte-limit = 33554432 (custom)
2022-01-10 01:36:30,454 [4662cef3-4296-4558-a543-727d5622f336@group-FD362DB6BEE1-LeaderElection18] INFO  server.RaftServerConfigKeys (ConfUtils.java:logGet(44)) - raft.server.log.appender.buffer.element-limit = 1 (custom)
2022-01-10 01:36:30,454 [4662cef3-4296-4558-a543-727d5622f336@group-FD362DB6BEE1-LeaderElection18] INFO  grpc.GrpcConfigKeys (ConfUtils.java:logGet(44)) - raft.grpc.server.leader.outstanding.appends.max = 128 (default)
2022-01-10 01:36:30,454 [4662cef3-4296-4558-a543-727d5622f336@group-FD362DB6BEE1-LeaderElection18] INFO  server.RaftServerConfigKeys (ConfUtils.java:logGet(44)) - raft.server.rpc.request.timeout = 60s (custom)
2022-01-10 01:36:30,454 [4662cef3-4296-4558-a543-727d5622f336@group-FD362DB6BEE1-LeaderElection18] INFO  server.RaftServerConfigKeys (ConfUtils.java:logGet(44)) - raft.server.log.appender.install.snapshot.enabled = false (custom)
2022-01-10 01:36:30,455 [4662cef3-4296-4558-a543-727d5622f336@group-FD362DB6BEE1-LeaderElection18] INFO  server.RaftServerConfigKeys (ConfUtils.java:logGet(44)) - raft.server.log.appender.snapshot.chunk.size.max = 16MB (=16777216) (default)
2022-01-10 01:36:30,455 [4662cef3-4296-4558-a543-727d5622f336@group-FD362DB6BEE1-LeaderElection18] INFO  server.RaftServerConfigKeys (ConfUtils.java:logGet(44)) - raft.server.log.appender.buffer.byte-limit = 33554432 (custom)
2022-01-10 01:36:30,455 [4662cef3-4296-4558-a543-727d5622f336@group-FD362DB6BEE1-LeaderElection18] INFO  server.RaftServerConfigKeys (ConfUtils.java:logGet(44)) - raft.server.log.appender.buffer.element-limit = 1 (custom)
2022-01-10 01:36:30,455 [4662cef3-4296-4558-a543-727d5622f336@group-FD362DB6BEE1-LeaderElection18] INFO  grpc.GrpcConfigKeys (ConfUtils.java:logGet(44)) - raft.grpc.server.leader.outstanding.appends.max = 128 (default)
2022-01-10 01:36:30,455 [4662cef3-4296-4558-a543-727d5622f336@group-FD362DB6BEE1-LeaderElection18] INFO  server.RaftServerConfigKeys (ConfUtils.java:logGet(44)) - raft.server.rpc.request.timeout = 60s (custom)
2022-01-10 01:36:30,455 [4662cef3-4296-4558-a543-727d5622f336@group-FD362DB6BEE1-LeaderElection18] INFO  server.RaftServerConfigKeys (ConfUtils.java:logGet(44)) - raft.server.log.appender.install.snapshot.enabled = false (custom)
2022-01-10 01:36:30,456 [4662cef3-4296-4558-a543-727d5622f336@group-FD362DB6BEE1-LeaderElection18] INFO  impl.RoleInfo (RoleInfo.java:updateAndGet(130)) - 4662cef3-4296-4558-a543-727d5622f336: start 4662cef3-4296-4558-a543-727d5622f336@group-FD362DB6BEE1-LeaderStateImpl
2022-01-10 01:36:30,456 [4662cef3-4296-4558-a543-727d5622f336@group-FD362DB6BEE1-LeaderElection18] INFO  segmented.SegmentedRaftLogWorker (SegmentedRaftLogWorker.java:startLogSegment(394)) - 4662cef3-4296-4558-a543-727d5622f336@group-FD362DB6BEE1-SegmentedRaftLogWorker: Starting segment from index:0
2022-01-10 01:36:30,457 [EventQueue-PipelineReportForPipelineReportHandler] INFO  pipeline.PipelineManagerImpl (PipelineManagerImpl.java:openPipeline(291)) - Pipeline Pipeline[ Id: 4e14f61a-102a-4144-81cc-fd362db6bee1, Nodes: e3f599f5-028b-4c3f-a449-c6721188584f{ip: 10.1.0.8, host: fv-az297-741.nmf1rxwemy4u5di1sxxf4ejcwb.jx.internal.cloudapp.net, ports: [REPLICATION=36563, RATIS=41427, RATIS_ADMIN=41427, RATIS_SERVER=41427, STANDALONE=43635], networkLocation: /default-rack, certSerialId: null, persistedOpState: IN_SERVICE, persistedOpStateExpiryEpochSec: 0}4662cef3-4296-4558-a543-727d5622f336{ip: 10.1.0.8, host: fv-az297-741.nmf1rxwemy4u5di1sxxf4ejcwb.jx.internal.cloudapp.net, ports: [REPLICATION=42503, RATIS=33395, RATIS_ADMIN=33395, RATIS_SERVER=33395, STANDALONE=40981], networkLocation: /default-rack, certSerialId: null, persistedOpState: IN_SERVICE, persistedOpStateExpiryEpochSec: 0}575cbf86-88fb-41ad-ac78-70c476dab826{ip: 10.1.0.8, host: fv-az297-741.nmf1rxwemy4u5di1sxxf4ejcwb.jx.internal.cloudapp.net, ports: [REPLICATION=43515, RATIS=42327, RATIS_ADMIN=42327, RATIS_SERVER=42327, STANDALONE=40043], networkLocation: /default-rack, certSerialId: null, persistedOpState: IN_SERVICE, persistedOpStateExpiryEpochSec: 0}, ReplicationConfig: RATIS/THREE, State:ALLOCATED, leaderId:4662cef3-4296-4558-a543-727d5622f336, CreationTimestamp2022-01-10T01:36:23.334Z[Etc/UTC]] moved to OPEN state
2022-01-10 01:36:30,493 [4662cef3-4296-4558-a543-727d5622f336@group-FD362DB6BEE1-LeaderElection18] INFO  server.RaftServer$Division (ServerState.java:setRaftConf(387)) - 4662cef3-4296-4558-a543-727d5622f336@group-FD362DB6BEE1: set configuration 0: [e3f599f5-028b-4c3f-a449-c6721188584f|rpc:10.1.0.8:41427|dataStream:|priority:0, 575cbf86-88fb-41ad-ac78-70c476dab826|rpc:10.1.0.8:42327|dataStream:|priority:0, 4662cef3-4296-4558-a543-727d5622f336|rpc:10.1.0.8:33395|dataStream:|priority:1], old=null
2022-01-10 01:36:30,458 [4662cef3-4296-4558-a543-727d5622f336@group-FD362DB6BEE1-SegmentedRaftLogWorker] INFO  segmented.SegmentedRaftLogWorker (SegmentedRaftLogWorker.java:execute(601)) - 4662cef3-4296-4558-a543-727d5622f336@group-FD362DB6BEE1-SegmentedRaftLogWorker: created new log segment /home/runner/work/ozone/ozone/hadoop-ozone/integration-test/target/test-dir/MiniOzoneClusterImpl-464fc649-a0a5-4ced-a2bf-a15f727bdd97/datanode-0/data/ratis/4e14f61a-102a-4144-81cc-fd362db6bee1/current/log_inprogress_0
2022-01-10 01:36:30,520 [grpc-default-executor-3] INFO  server.RaftServer$Division (RaftServerImpl.java:requestVote(1046)) - 575cbf86-88fb-41ad-ac78-70c476dab826@group-FD362DB6BEE1: receive requestVote(ELECTION, 4662cef3-4296-4558-a543-727d5622f336, group-FD362DB6BEE1, 1, (t:0, i:0))
2022-01-10 01:36:30,457 [EventQueue-OpenPipelineForHealthyPipelineSafeModeRule] INFO  safemode.SCMSafeModeManager (HealthyPipelineSafeModeRule.java:process(124)) - SCM in safe mode. Healthy pipelines reported count is 0, required healthy pipeline reported count is 1
2022-01-10 01:36:30,520 [EventQueue-OpenPipelineForHealthyPipelineSafeModeRule] INFO  safemode.SCMSafeModeManager (HealthyPipelineSafeModeRule.java:process(124)) - SCM in safe mode. Healthy pipelines reported count is 1, required healthy pipeline reported count is 1
2022-01-10 01:36:30,520 [EventQueue-OpenPipelineForHealthyPipelineSafeModeRule] INFO  safemode.SCMSafeModeManager (SCMSafeModeManager.java:validateSafeModeExitRules(204)) - HealthyPipelineSafeModeRule rule is successfully validated
2022-01-10 01:36:30,520 [EventQueue-OpenPipelineForHealthyPipelineSafeModeRule] INFO  safemode.SCMSafeModeManager (SCMSafeModeManager.java:validateSafeModeExitRules(219)) - ScmSafeModeManager, all rules are successfully validated
2022-01-10 01:36:30,520 [EventQueue-OpenPipelineForHealthyPipelineSafeModeRule] INFO  safemode.SCMSafeModeManager (SCMSafeModeManager.java:exitSafeMode(248)) - SCM exiting safe mode.
2022-01-10 01:36:30,520 [EventQueue-OpenPipelineForHealthyPipelineSafeModeRule] WARN  events.EventQueue (EventQueue.java:fireEvent(194)) - No event handler registered for event TypedEvent{payloadType=SafeModeStatus, name='Safe mode status'}
2022-01-10 01:36:30,520 [EventQueue-OpenPipelineForHealthyPipelineSafeModeRule] INFO  ha.SCMContext (SCMContext.java:updateSafeModeStatus(211)) - Update SafeModeStatus from SafeModeStatus{safeModeStatus=true, preCheckPassed=true} to SafeModeStatus{safeModeStatus=false, preCheckPassed=true}.
2022-01-10 01:36:30,501 [grpc-default-executor-4] INFO  ratis.XceiverServerRatis (XceiverServerRatis.java:handleLeaderChangedNotification(866)) - Leader change notification received for group: group-FD362DB6BEE1 with new leaderId: 4662cef3-4296-4558-a543-727d5622f336
2022-01-10 01:36:30,520 [grpc-default-executor-4] INFO  server.RaftServer$Division (ServerState.java:setLeader(285)) - 575cbf86-88fb-41ad-ac78-70c476dab826@group-FD362DB6BEE1: change Leader from null to 4662cef3-4296-4558-a543-727d5622f336 at term 1 for appendEntries, leader elected after 4982ms
2022-01-10 01:36:30,520 [EventQueue-OpenPipelineForHealthyPipelineSafeModeRule] INFO  pipeline.BackgroundPipelineCreator (BackgroundPipelineCreator.java:notifyStatusChanged(264)) - Service BackgroundPipelineCreator transitions to RUNNING.
2022-01-10 01:36:30,521 [EventQueue-OpenPipelineForHealthyPipelineSafeModeRule] INFO  container.ReplicationManager (ReplicationManager.java:notifyStatusChanged(1758)) - Service ReplicationManager transitions to RUNNING.
2022-01-10 01:36:30,536 [4662cef3-4296-4558-a543-727d5622f336@group-AE4791A7C008-FollowerState] INFO  impl.FollowerState (FollowerState.java:run(134)) - 4662cef3-4296-4558-a543-727d5622f336@group-AE4791A7C008-FollowerState: change to CANDIDATE, lastRpcElapsedTime:5166058172ns, electionTimeout:5152ms
2022-01-10 01:36:30,536 [4662cef3-4296-4558-a543-727d5622f336@group-AE4791A7C008-FollowerState] INFO  impl.RoleInfo (RoleInfo.java:shutdownFollowerState(108)) - 4662cef3-4296-4558-a543-727d5622f336: shutdown 4662cef3-4296-4558-a543-727d5622f336@group-AE4791A7C008-FollowerState
2022-01-10 01:36:30,536 [4662cef3-4296-4558-a543-727d5622f336@group-AE4791A7C008-FollowerState] INFO  server.RaftServer$Division (RaftServerImpl.java:setRole(290)) - 4662cef3-4296-4558-a543-727d5622f336@group-AE4791A7C008: changes role from  FOLLOWER to CANDIDATE at term 0 for changeToCandidate
2022-01-10 01:36:30,536 [4662cef3-4296-4558-a543-727d5622f336@group-AE4791A7C008-FollowerState] INFO  server.RaftServerConfigKeys (ConfUtils.java:logGet(44)) - raft.server.leaderelection.pre-vote = false (custom)
2022-01-10 01:36:30,536 [4662cef3-4296-4558-a543-727d5622f336@group-AE4791A7C008-FollowerState] INFO  impl.RoleInfo (RoleInfo.java:updateAndGet(130)) - 4662cef3-4296-4558-a543-727d5622f336: start 4662cef3-4296-4558-a543-727d5622f336@group-AE4791A7C008-LeaderElection19
2022-01-10 01:36:30,553 [grpc-default-executor-1] INFO  ratis.XceiverServerRatis (XceiverServerRatis.java:handleLeaderChangedNotification(866)) - Leader change notification received for group: group-FD362DB6BEE1 with new leaderId: 4662cef3-4296-4558-a543-727d5622f336
2022-01-10 01:36:30,553 [grpc-default-executor-1] INFO  server.RaftServer$Division (ServerState.java:setLeader(285)) - e3f599f5-028b-4c3f-a449-c6721188584f@group-FD362DB6BEE1: change Leader from null to 4662cef3-4296-4558-a543-727d5622f336 at term 1 for appendEntries, leader elected after 5100ms
2022-01-10 01:36:30,554 [grpc-default-executor-4] INFO  server.RaftServer$Division (ServerState.java:setRaftConf(387)) - 575cbf86-88fb-41ad-ac78-70c476dab826@group-FD362DB6BEE1: set configuration 0: [e3f599f5-028b-4c3f-a449-c6721188584f|rpc:10.1.0.8:41427|dataStream:|priority:0, 575cbf86-88fb-41ad-ac78-70c476dab826|rpc:10.1.0.8:42327|dataStream:|priority:0, 4662cef3-4296-4558-a543-727d5622f336|rpc:10.1.0.8:33395|dataStream:|priority:1], old=null
2022-01-10 01:36:30,554 [grpc-default-executor-4] INFO  segmented.SegmentedRaftLogWorker (SegmentedRaftLogWorker.java:startLogSegment(394)) - 575cbf86-88fb-41ad-ac78-70c476dab826@group-FD362DB6BEE1-SegmentedRaftLogWorker: Starting segment from index:0
2022-01-10 01:36:30,556 [grpc-default-executor-3] INFO  impl.VoteContext (VoteContext.java:log(48)) - 575cbf86-88fb-41ad-ac78-70c476dab826@group-FD362DB6BEE1-FOLLOWER: reject ELECTION from 4662cef3-4296-4558-a543-727d5622f336: this server is a follower and still has a valid leader 4662cef3-4296-4558-a543-727d5622f336
2022-01-10 01:36:30,556 [grpc-default-executor-3] INFO  server.RaftServer$Division (RaftServerImpl.java:requestVote(1078)) - 575cbf86-88fb-41ad-ac78-70c476dab826@group-FD362DB6BEE1 replies to ELECTION vote request: 4662cef3-4296-4558-a543-727d5622f336<-575cbf86-88fb-41ad-ac78-70c476dab826#0:FAIL-t1. Peer's state: 575cbf86-88fb-41ad-ac78-70c476dab826@group-FD362DB6BEE1:t1, leader=4662cef3-4296-4558-a543-727d5622f336, voted=null, raftlog=575cbf86-88fb-41ad-ac78-70c476dab826@group-FD362DB6BEE1-SegmentedRaftLog:OPENED:c-1, conf=0: [e3f599f5-028b-4c3f-a449-c6721188584f|rpc:10.1.0.8:41427|dataStream:|priority:0, 575cbf86-88fb-41ad-ac78-70c476dab826|rpc:10.1.0.8:42327|dataStream:|priority:0, 4662cef3-4296-4558-a543-727d5622f336|rpc:10.1.0.8:33395|dataStream:|priority:1], old=null
2022-01-10 01:36:30,566 [grpc-default-executor-1] INFO  server.RaftServer$Division (ServerState.java:setRaftConf(387)) - e3f599f5-028b-4c3f-a449-c6721188584f@group-FD362DB6BEE1: set configuration 0: [e3f599f5-028b-4c3f-a449-c6721188584f|rpc:10.1.0.8:41427|dataStream:|priority:0, 575cbf86-88fb-41ad-ac78-70c476dab826|rpc:10.1.0.8:42327|dataStream:|priority:0, 4662cef3-4296-4558-a543-727d5622f336|rpc:10.1.0.8:33395|dataStream:|priority:1], old=null
2022-01-10 01:36:30,566 [grpc-default-executor-1] INFO  segmented.SegmentedRaftLogWorker (SegmentedRaftLogWorker.java:startLogSegment(394)) - e3f599f5-028b-4c3f-a449-c6721188584f@group-FD362DB6BEE1-SegmentedRaftLogWorker: Starting segment from index:0
2022-01-10 01:36:30,566 [575cbf86-88fb-41ad-ac78-70c476dab826@group-FD362DB6BEE1-SegmentedRaftLogWorker] INFO  segmented.SegmentedRaftLogWorker (SegmentedRaftLogWorker.java:execute(601)) - 575cbf86-88fb-41ad-ac78-70c476dab826@group-FD362DB6BEE1-SegmentedRaftLogWorker: created new log segment /home/runner/work/ozone/ozone/hadoop-ozone/integration-test/target/test-dir/MiniOzoneClusterImpl-464fc649-a0a5-4ced-a2bf-a15f727bdd97/datanode-2/data/ratis/4e14f61a-102a-4144-81cc-fd362db6bee1/current/log_inprogress_0
2022-01-10 01:36:30,579 [e3f599f5-028b-4c3f-a449-c6721188584f@group-FD362DB6BEE1-SegmentedRaftLogWorker] INFO  segmented.SegmentedRaftLogWorker (SegmentedRaftLogWorker.java:execute(601)) - e3f599f5-028b-4c3f-a449-c6721188584f@group-FD362DB6BEE1-SegmentedRaftLogWorker: created new log segment /home/runner/work/ozone/ozone/hadoop-ozone/integration-test/target/test-dir/MiniOzoneClusterImpl-464fc649-a0a5-4ced-a2bf-a15f727bdd97/datanode-1/data/ratis/4e14f61a-102a-4144-81cc-fd362db6bee1/current/log_inprogress_0
2022-01-10 01:36:30,579 [4662cef3-4296-4558-a543-727d5622f336@group-AE4791A7C008-LeaderElection19] INFO  impl.LeaderElection (LeaderElection.java:askForVotes(306)) - 4662cef3-4296-4558-a543-727d5622f336@group-AE4791A7C008-LeaderElection19 ELECTION round 0: submit vote requests at term 1 for -1: [4662cef3-4296-4558-a543-727d5622f336|rpc:10.1.0.8:33395|priority:1], old=null
2022-01-10 01:36:30,579 [4662cef3-4296-4558-a543-727d5622f336@group-AE4791A7C008-LeaderElection19] INFO  impl.LeaderElection (LeaderElection.java:askForVotes(308)) - 4662cef3-4296-4558-a543-727d5622f336@group-AE4791A7C008-LeaderElection19 ELECTION round 0: result PASSED (term=1)
2022-01-10 01:36:30,579 [4662cef3-4296-4558-a543-727d5622f336@group-AE4791A7C008-LeaderElection19] INFO  impl.RoleInfo (RoleInfo.java:shutdownLeaderElection(121)) - 4662cef3-4296-4558-a543-727d5622f336: shutdown 4662cef3-4296-4558-a543-727d5622f336@group-AE4791A7C008-LeaderElection19
2022-01-10 01:36:30,579 [4662cef3-4296-4558-a543-727d5622f336@group-AE4791A7C008-LeaderElection19] INFO  server.RaftServer$Division (RaftServerImpl.java:setRole(290)) - 4662cef3-4296-4558-a543-727d5622f336@group-AE4791A7C008: changes role from CANDIDATE to LEADER at term 1 for changeToLeader
2022-01-10 01:36:30,579 [4662cef3-4296-4558-a543-727d5622f336@group-AE4791A7C008-LeaderElection19] INFO  ratis.XceiverServerRatis (XceiverServerRatis.java:handleLeaderChangedNotification(866)) - Leader change notification received for group: group-AE4791A7C008 with new leaderId: 4662cef3-4296-4558-a543-727d5622f336
2022-01-10 01:36:30,589 [4662cef3-4296-4558-a543-727d5622f336@group-AE4791A7C008-LeaderElection19] INFO  server.RaftServer$Division (ServerState.java:setLeader(285)) - 4662cef3-4296-4558-a543-727d5622f336@group-AE4791A7C008: change Leader from null to 4662cef3-4296-4558-a543-727d5622f336 at term 1 for becomeLeader, leader elected after 5224ms
2022-01-10 01:36:30,589 [4662cef3-4296-4558-a543-727d5622f336@group-AE4791A7C008-LeaderElection19] INFO  server.RaftServerConfigKeys (ConfUtils.java:logGet(44)) - raft.server.staging.catchup.gap = 1000 (default)
2022-01-10 01:36:30,598 [4662cef3-4296-4558-a543-727d5622f336@group-AE4791A7C008-LeaderElection19] INFO  server.RaftServerConfigKeys (ConfUtils.java:logGet(44)) - raft.server.write.element-limit = 1024 (custom)
2022-01-10 01:36:30,598 [4662cef3-4296-4558-a543-727d5622f336@group-AE4791A7C008-LeaderElection19] INFO  server.RaftServerConfigKeys (ConfUtils.java:logGet(44)) - raft.server.write.byte-limit = 1024 M (=1073741824) (custom)
2022-01-10 01:36:30,599 [4662cef3-4296-4558-a543-727d5622f336@group-AE4791A7C008-LeaderElection19] INFO  server.RaftServerConfigKeys (ConfUtils.java:logGet(44)) - raft.server.watch.timeout = 180s (custom)
2022-01-10 01:36:30,599 [4662cef3-4296-4558-a543-727d5622f336@group-AE4791A7C008-LeaderElection19] INFO  server.RaftServerConfigKeys (ConfUtils.java:logGet(44)) - raft.server.watch.timeout.denomination = 1s (default)
2022-01-10 01:36:30,599 [4662cef3-4296-4558-a543-727d5622f336@group-AE4791A7C008-LeaderElection19] INFO  server.RaftServerConfigKeys (ConfUtils.java:logGet(44)) - raft.server.watch.element-limit = 65536 (default)
2022-01-10 01:36:30,599 [4662cef3-4296-4558-a543-727d5622f336@group-AE4791A7C008-LeaderElection19] INFO  server.RaftServerConfigKeys (ConfUtils.java:logGet(44)) - raft.server.write.element-limit = 1024 (custom)
2022-01-10 01:36:30,599 [4662cef3-4296-4558-a543-727d5622f336@group-AE4791A7C008-LeaderElection19] INFO  server.RaftServerConfigKeys (ConfUtils.java:logGet(44)) - raft.server.write.follower.gap.ratio.max = -1.0 (default)
2022-01-10 01:36:30,599 [4662cef3-4296-4558-a543-727d5622f336@group-AE4791A7C008-LeaderElection19] INFO  impl.RoleInfo (RoleInfo.java:updateAndGet(130)) - 4662cef3-4296-4558-a543-727d5622f336: start 4662cef3-4296-4558-a543-727d5622f336@group-AE4791A7C008-LeaderStateImpl
2022-01-10 01:36:30,599 [4662cef3-4296-4558-a543-727d5622f336@group-AE4791A7C008-LeaderElection19] INFO  segmented.SegmentedRaftLogWorker (SegmentedRaftLogWorker.java:startLogSegment(394)) - 4662cef3-4296-4558-a543-727d5622f336@group-AE4791A7C008-SegmentedRaftLogWorker: Starting segment from index:0
2022-01-10 01:36:30,603 [4662cef3-4296-4558-a543-727d5622f336@group-AE4791A7C008-SegmentedRaftLogWorker] INFO  segmented.SegmentedRaftLogWorker (SegmentedRaftLogWorker.java:execute(601)) - 4662cef3-4296-4558-a543-727d5622f336@group-AE4791A7C008-SegmentedRaftLogWorker: created new log segment /home/runner/work/ozone/ozone/hadoop-ozone/integration-test/target/test-dir/MiniOzoneClusterImpl-464fc649-a0a5-4ced-a2bf-a15f727bdd97/datanode-0/data/ratis/8e3b71f9-0087-488b-bcb2-ae4791a7c008/current/log_inprogress_0
2022-01-10 01:36:30,611 [4662cef3-4296-4558-a543-727d5622f336@group-AE4791A7C008-LeaderElection19] INFO  server.RaftServer$Division (ServerState.java:setRaftConf(387)) - 4662cef3-4296-4558-a543-727d5622f336@group-AE4791A7C008: set configuration 0: [4662cef3-4296-4558-a543-727d5622f336|rpc:10.1.0.8:33395|dataStream:|priority:1], old=null
2022-01-10 01:36:30,687 [4662cef3-4296-4558-a543-727d5622f336@group-D8C9A2E4EA00-FollowerState] INFO  impl.FollowerState (FollowerState.java:run(134)) - 4662cef3-4296-4558-a543-727d5622f336@group-D8C9A2E4EA00-FollowerState: change to CANDIDATE, lastRpcElapsedTime:5108486362ns, electionTimeout:5105ms
2022-01-10 01:36:30,687 [4662cef3-4296-4558-a543-727d5622f336@group-D8C9A2E4EA00-FollowerState] INFO  impl.RoleInfo (RoleInfo.java:shutdownFollowerState(108)) - 4662cef3-4296-4558-a543-727d5622f336: shutdown 4662cef3-4296-4558-a543-727d5622f336@group-D8C9A2E4EA00-FollowerState
2022-01-10 01:36:30,687 [4662cef3-4296-4558-a543-727d5622f336@group-D8C9A2E4EA00-FollowerState] INFO  server.RaftServer$Division (RaftServerImpl.java:setRole(290)) - 4662cef3-4296-4558-a543-727d5622f336@group-D8C9A2E4EA00: changes role from  FOLLOWER to CANDIDATE at term 0 for changeToCandidate
2022-01-10 01:36:30,688 [4662cef3-4296-4558-a543-727d5622f336@group-D8C9A2E4EA00-FollowerState] INFO  server.RaftServerConfigKeys (ConfUtils.java:logGet(44)) - raft.server.leaderelection.pre-vote = false (custom)
2022-01-10 01:36:30,688 [4662cef3-4296-4558-a543-727d5622f336@group-D8C9A2E4EA00-FollowerState] INFO  impl.RoleInfo (RoleInfo.java:updateAndGet(130)) - 4662cef3-4296-4558-a543-727d5622f336: start 4662cef3-4296-4558-a543-727d5622f336@group-D8C9A2E4EA00-LeaderElection20
2022-01-10 01:36:30,700 [4662cef3-4296-4558-a543-727d5622f336@group-D8C9A2E4EA00-LeaderElection20] INFO  impl.LeaderElection (LeaderElection.java:askForVotes(306)) - 4662cef3-4296-4558-a543-727d5622f336@group-D8C9A2E4EA00-LeaderElection20 ELECTION round 0: submit vote requests at term 1 for -1: [e3f599f5-028b-4c3f-a449-c6721188584f|rpc:10.1.0.8:41427|priority:1, 575cbf86-88fb-41ad-ac78-70c476dab826|rpc:10.1.0.8:42327|priority:0, 4662cef3-4296-4558-a543-727d5622f336|rpc:10.1.0.8:33395|priority:0], old=null
2022-01-10 01:36:30,708 [575cbf86-88fb-41ad-ac78-70c476dab826@group-D8C9A2E4EA00-FollowerState] INFO  impl.FollowerState (FollowerState.java:run(134)) - 575cbf86-88fb-41ad-ac78-70c476dab826@group-D8C9A2E4EA00-FollowerState: change to CANDIDATE, lastRpcElapsedTime:5032654763ns, electionTimeout:5026ms
2022-01-10 01:36:30,708 [575cbf86-88fb-41ad-ac78-70c476dab826@group-D8C9A2E4EA00-FollowerState] INFO  impl.RoleInfo (RoleInfo.java:shutdownFollowerState(108)) - 575cbf86-88fb-41ad-ac78-70c476dab826: shutdown 575cbf86-88fb-41ad-ac78-70c476dab826@group-D8C9A2E4EA00-FollowerState
2022-01-10 01:36:30,708 [575cbf86-88fb-41ad-ac78-70c476dab826@group-D8C9A2E4EA00-FollowerState] INFO  server.RaftServer$Division (RaftServerImpl.java:setRole(290)) - 575cbf86-88fb-41ad-ac78-70c476dab826@group-D8C9A2E4EA00: changes role from  FOLLOWER to CANDIDATE at term 0 for changeToCandidate
2022-01-10 01:36:30,714 [575cbf86-88fb-41ad-ac78-70c476dab826@group-D8C9A2E4EA00-FollowerState] INFO  server.RaftServerConfigKeys (ConfUtils.java:logGet(44)) - raft.server.leaderelection.pre-vote = false (custom)
2022-01-10 01:36:30,714 [575cbf86-88fb-41ad-ac78-70c476dab826@group-D8C9A2E4EA00-FollowerState] INFO  impl.RoleInfo (RoleInfo.java:updateAndGet(130)) - 575cbf86-88fb-41ad-ac78-70c476dab826: start 575cbf86-88fb-41ad-ac78-70c476dab826@group-D8C9A2E4EA00-LeaderElection21
2022-01-10 01:36:30,714 [grpc-default-executor-1] INFO  server.RaftServer$Division (RaftServerImpl.java:requestVote(1046)) - e3f599f5-028b-4c3f-a449-c6721188584f@group-D8C9A2E4EA00: receive requestVote(ELECTION, 4662cef3-4296-4558-a543-727d5622f336, group-D8C9A2E4EA00, 1, (t:0, i:0))
2022-01-10 01:36:30,714 [grpc-default-executor-1] INFO  impl.VoteContext (VoteContext.java:log(48)) - e3f599f5-028b-4c3f-a449-c6721188584f@group-D8C9A2E4EA00-FOLLOWER: reject ELECTION from 4662cef3-4296-4558-a543-727d5622f336: our priority 1 > candidate's priority 0
2022-01-10 01:36:30,715 [grpc-default-executor-1] INFO  server.RaftServer$Division (RaftServerImpl.java:setRole(290)) - e3f599f5-028b-4c3f-a449-c6721188584f@group-D8C9A2E4EA00: changes role from  FOLLOWER to FOLLOWER at term 1 for candidate:4662cef3-4296-4558-a543-727d5622f336
2022-01-10 01:36:30,715 [grpc-default-executor-1] INFO  impl.RoleInfo (RoleInfo.java:shutdownFollowerState(108)) - e3f599f5-028b-4c3f-a449-c6721188584f: shutdown e3f599f5-028b-4c3f-a449-c6721188584f@group-D8C9A2E4EA00-FollowerState
2022-01-10 01:36:30,718 [e3f599f5-028b-4c3f-a449-c6721188584f@group-D8C9A2E4EA00-FollowerState] INFO  impl.FollowerState (FollowerState.java:run(143)) - e3f599f5-028b-4c3f-a449-c6721188584f@group-D8C9A2E4EA00-FollowerState was interrupted: {}
java.lang.InterruptedException: sleep interrupted
	at java.lang.Thread.sleep(Native Method)
	at java.lang.Thread.sleep(Thread.java:340)
	at java.util.concurrent.TimeUnit.sleep(TimeUnit.java:386)
	at org.apache.ratis.util.TimeDuration.sleep(TimeDuration.java:324)
	at org.apache.ratis.util.TimeDuration.sleep(TimeDuration.java:309)
	at org.apache.ratis.server.impl.FollowerState.run(FollowerState.java:118)
2022-01-10 01:36:30,718 [grpc-default-executor-1] INFO  impl.RoleInfo (RoleInfo.java:updateAndGet(130)) - e3f599f5-028b-4c3f-a449-c6721188584f: start e3f599f5-028b-4c3f-a449-c6721188584f@group-D8C9A2E4EA00-FollowerState
2022-01-10 01:36:30,719 [grpc-default-executor-4] INFO  server.RaftServer$Division (RaftServerImpl.java:requestVote(1046)) - 575cbf86-88fb-41ad-ac78-70c476dab826@group-D8C9A2E4EA00: receive requestVote(ELECTION, 4662cef3-4296-4558-a543-727d5622f336, group-D8C9A2E4EA00, 1, (t:0, i:0))
2022-01-10 01:36:30,722 [grpc-default-executor-4] INFO  impl.VoteContext (VoteContext.java:log(48)) - 575cbf86-88fb-41ad-ac78-70c476dab826@group-D8C9A2E4EA00-CANDIDATE: accept ELECTION from 4662cef3-4296-4558-a543-727d5622f336: our priority 0 <= candidate's priority 0
2022-01-10 01:36:30,722 [grpc-default-executor-4] INFO  server.RaftServer$Division (RaftServerImpl.java:setRole(290)) - 575cbf86-88fb-41ad-ac78-70c476dab826@group-D8C9A2E4EA00: changes role from CANDIDATE to FOLLOWER at term 1 for candidate:4662cef3-4296-4558-a543-727d5622f336
2022-01-10 01:36:30,722 [grpc-default-executor-4] INFO  impl.RoleInfo (RoleInfo.java:shutdownLeaderElection(121)) - 575cbf86-88fb-41ad-ac78-70c476dab826: shutdown 575cbf86-88fb-41ad-ac78-70c476dab826@group-D8C9A2E4EA00-LeaderElection21
2022-01-10 01:36:30,722 [grpc-default-executor-4] INFO  impl.RoleInfo (RoleInfo.java:updateAndGet(130)) - 575cbf86-88fb-41ad-ac78-70c476dab826: start 575cbf86-88fb-41ad-ac78-70c476dab826@group-D8C9A2E4EA00-FollowerState
2022-01-10 01:36:30,722 [grpc-default-executor-1] INFO  server.RaftServer$Division (RaftServerImpl.java:requestVote(1078)) - e3f599f5-028b-4c3f-a449-c6721188584f@group-D8C9A2E4EA00 replies to ELECTION vote request: 4662cef3-4296-4558-a543-727d5622f336<-e3f599f5-028b-4c3f-a449-c6721188584f#0:FAIL-t1. Peer's state: e3f599f5-028b-4c3f-a449-c6721188584f@group-D8C9A2E4EA00:t1, leader=null, voted=null, raftlog=e3f599f5-028b-4c3f-a449-c6721188584f@group-D8C9A2E4EA00-SegmentedRaftLog:OPENED:c-1, conf=-1: [e3f599f5-028b-4c3f-a449-c6721188584f|rpc:10.1.0.8:41427|dataStream:|priority:1, 575cbf86-88fb-41ad-ac78-70c476dab826|rpc:10.1.0.8:42327|dataStream:|priority:0, 4662cef3-4296-4558-a543-727d5622f336|rpc:10.1.0.8:33395|dataStream:|priority:0], old=null
2022-01-10 01:36:30,723 [4662cef3-4296-4558-a543-727d5622f336@group-D8C9A2E4EA00-LeaderElection20] INFO  impl.LeaderElection (LeaderElection.java:logAndReturn(89)) - 4662cef3-4296-4558-a543-727d5622f336@group-D8C9A2E4EA00-LeaderElection20: ELECTION REJECTED received 1 response(s) and 0 exception(s):
2022-01-10 01:36:30,723 [4662cef3-4296-4558-a543-727d5622f336@group-D8C9A2E4EA00-LeaderElection20] INFO  impl.LeaderElection (LeaderElection.java:logAndReturn(93)) -   Response 0: 4662cef3-4296-4558-a543-727d5622f336<-e3f599f5-028b-4c3f-a449-c6721188584f#0:FAIL-t1
2022-01-10 01:36:30,723 [4662cef3-4296-4558-a543-727d5622f336@group-D8C9A2E4EA00-LeaderElection20] INFO  impl.LeaderElection (LeaderElection.java:askForVotes(308)) - 4662cef3-4296-4558-a543-727d5622f336@group-D8C9A2E4EA00-LeaderElection20 ELECTION round 0: result REJECTED
2022-01-10 01:36:30,723 [4662cef3-4296-4558-a543-727d5622f336@group-D8C9A2E4EA00-LeaderElection20] INFO  server.RaftServer$Division (RaftServerImpl.java:setRole(290)) - 4662cef3-4296-4558-a543-727d5622f336@group-D8C9A2E4EA00: changes role from CANDIDATE to FOLLOWER at term 1 for REJECTED
2022-01-10 01:36:30,723 [4662cef3-4296-4558-a543-727d5622f336@group-D8C9A2E4EA00-LeaderElection20] INFO  impl.RoleInfo (RoleInfo.java:shutdownLeaderElection(121)) - 4662cef3-4296-4558-a543-727d5622f336: shutdown 4662cef3-4296-4558-a543-727d5622f336@group-D8C9A2E4EA00-LeaderElection20
2022-01-10 01:36:30,724 [4662cef3-4296-4558-a543-727d5622f336@group-D8C9A2E4EA00-LeaderElection20] INFO  impl.RoleInfo (RoleInfo.java:updateAndGet(130)) - 4662cef3-4296-4558-a543-727d5622f336: start 4662cef3-4296-4558-a543-727d5622f336@group-D8C9A2E4EA00-FollowerState
2022-01-10 01:36:30,727 [grpc-default-executor-4] INFO  server.RaftServer$Division (RaftServerImpl.java:requestVote(1078)) - 575cbf86-88fb-41ad-ac78-70c476dab826@group-D8C9A2E4EA00 replies to ELECTION vote request: 4662cef3-4296-4558-a543-727d5622f336<-575cbf86-88fb-41ad-ac78-70c476dab826#0:OK-t1. Peer's state: 575cbf86-88fb-41ad-ac78-70c476dab826@group-D8C9A2E4EA00:t1, leader=null, voted=4662cef3-4296-4558-a543-727d5622f336, raftlog=575cbf86-88fb-41ad-ac78-70c476dab826@group-D8C9A2E4EA00-SegmentedRaftLog:OPENED:c-1, conf=-1: [e3f599f5-028b-4c3f-a449-c6721188584f|rpc:10.1.0.8:41427|dataStream:|priority:1, 575cbf86-88fb-41ad-ac78-70c476dab826|rpc:10.1.0.8:42327|dataStream:|priority:0, 4662cef3-4296-4558-a543-727d5622f336|rpc:10.1.0.8:33395|dataStream:|priority:0], old=null
2022-01-10 01:36:31,068 [e3f599f5-028b-4c3f-a449-c6721188584f@group-4848C0CE9D84-FollowerState] INFO  impl.FollowerState (FollowerState.java:run(134)) - e3f599f5-028b-4c3f-a449-c6721188584f@group-4848C0CE9D84-FollowerState: change to CANDIDATE, lastRpcElapsedTime:5205468176ns, electionTimeout:5194ms
2022-01-10 01:36:31,069 [e3f599f5-028b-4c3f-a449-c6721188584f@group-4848C0CE9D84-FollowerState] INFO  impl.RoleInfo (RoleInfo.java:shutdownFollowerState(108)) - e3f599f5-028b-4c3f-a449-c6721188584f: shutdown e3f599f5-028b-4c3f-a449-c6721188584f@group-4848C0CE9D84-FollowerState
2022-01-10 01:36:31,069 [e3f599f5-028b-4c3f-a449-c6721188584f@group-4848C0CE9D84-FollowerState] INFO  server.RaftServer$Division (RaftServerImpl.java:setRole(290)) - e3f599f5-028b-4c3f-a449-c6721188584f@group-4848C0CE9D84: changes role from  FOLLOWER to CANDIDATE at term 0 for changeToCandidate
2022-01-10 01:36:31,069 [e3f599f5-028b-4c3f-a449-c6721188584f@group-4848C0CE9D84-FollowerState] INFO  server.RaftServerConfigKeys (ConfUtils.java:logGet(44)) - raft.server.leaderelection.pre-vote = false (custom)
2022-01-10 01:36:31,069 [e3f599f5-028b-4c3f-a449-c6721188584f@group-4848C0CE9D84-FollowerState] INFO  impl.RoleInfo (RoleInfo.java:updateAndGet(130)) - e3f599f5-028b-4c3f-a449-c6721188584f: start e3f599f5-028b-4c3f-a449-c6721188584f@group-4848C0CE9D84-LeaderElection22
2022-01-10 01:36:31,088 [e3f599f5-028b-4c3f-a449-c6721188584f@group-4848C0CE9D84-LeaderElection22] INFO  impl.LeaderElection (LeaderElection.java:askForVotes(306)) - e3f599f5-028b-4c3f-a449-c6721188584f@group-4848C0CE9D84-LeaderElection22 ELECTION round 0: submit vote requests at term 1 for -1: [e3f599f5-028b-4c3f-a449-c6721188584f|rpc:10.1.0.8:41427|priority:1], old=null
2022-01-10 01:36:31,089 [e3f599f5-028b-4c3f-a449-c6721188584f@group-4848C0CE9D84-LeaderElection22] INFO  impl.LeaderElection (LeaderElection.java:askForVotes(308)) - e3f599f5-028b-4c3f-a449-c6721188584f@group-4848C0CE9D84-LeaderElection22 ELECTION round 0: result PASSED (term=1)
2022-01-10 01:36:31,089 [e3f599f5-028b-4c3f-a449-c6721188584f@group-4848C0CE9D84-LeaderElection22] INFO  impl.RoleInfo (RoleInfo.java:shutdownLeaderElection(121)) - e3f599f5-028b-4c3f-a449-c6721188584f: shutdown e3f599f5-028b-4c3f-a449-c6721188584f@group-4848C0CE9D84-LeaderElection22
2022-01-10 01:36:31,089 [e3f599f5-028b-4c3f-a449-c6721188584f@group-4848C0CE9D84-LeaderElection22] INFO  server.RaftServer$Division (RaftServerImpl.java:setRole(290)) - e3f599f5-028b-4c3f-a449-c6721188584f@group-4848C0CE9D84: changes role from CANDIDATE to LEADER at term 1 for changeToLeader
2022-01-10 01:36:31,089 [e3f599f5-028b-4c3f-a449-c6721188584f@group-4848C0CE9D84-LeaderElection22] INFO  ratis.XceiverServerRatis (XceiverServerRatis.java:handleLeaderChangedNotification(866)) - Leader change notification received for group: group-4848C0CE9D84 with new leaderId: e3f599f5-028b-4c3f-a449-c6721188584f
2022-01-10 01:36:31,089 [e3f599f5-028b-4c3f-a449-c6721188584f@group-4848C0CE9D84-LeaderElection22] INFO  server.RaftServer$Division (ServerState.java:setLeader(285)) - e3f599f5-028b-4c3f-a449-c6721188584f@group-4848C0CE9D84: change Leader from null to e3f599f5-028b-4c3f-a449-c6721188584f at term 1 for becomeLeader, leader elected after 5239ms
2022-01-10 01:36:31,089 [e3f599f5-028b-4c3f-a449-c6721188584f@group-4848C0CE9D84-LeaderElection22] INFO  server.RaftServerConfigKeys (ConfUtils.java:logGet(44)) - raft.server.staging.catchup.gap = 1000 (default)
2022-01-10 01:36:31,090 [e3f599f5-028b-4c3f-a449-c6721188584f@group-4848C0CE9D84-LeaderElection22] INFO  server.RaftServerConfigKeys (ConfUtils.java:logGet(44)) - raft.server.write.element-limit = 1024 (custom)
2022-01-10 01:36:31,090 [e3f599f5-028b-4c3f-a449-c6721188584f@group-4848C0CE9D84-LeaderElection22] INFO  server.RaftServerConfigKeys (ConfUtils.java:logGet(44)) - raft.server.write.byte-limit = 1024 M (=1073741824) (custom)
2022-01-10 01:36:31,090 [e3f599f5-028b-4c3f-a449-c6721188584f@group-4848C0CE9D84-LeaderElection22] INFO  server.RaftServerConfigKeys (ConfUtils.java:logGet(44)) - raft.server.watch.timeout = 180s (custom)
2022-01-10 01:36:31,090 [e3f599f5-028b-4c3f-a449-c6721188584f@group-4848C0CE9D84-LeaderElection22] INFO  server.RaftServerConfigKeys (ConfUtils.java:logGet(44)) - raft.server.watch.timeout.denomination = 1s (default)
2022-01-10 01:36:31,090 [e3f599f5-028b-4c3f-a449-c6721188584f@group-4848C0CE9D84-LeaderElection22] INFO  server.RaftServerConfigKeys (ConfUtils.java:logGet(44)) - raft.server.watch.element-limit = 65536 (default)
2022-01-10 01:36:31,090 [e3f599f5-028b-4c3f-a449-c6721188584f@group-4848C0CE9D84-LeaderElection22] INFO  server.RaftServerConfigKeys (ConfUtils.java:logGet(44)) - raft.server.write.element-limit = 1024 (custom)
2022-01-10 01:36:31,090 [e3f599f5-028b-4c3f-a449-c6721188584f@group-4848C0CE9D84-LeaderElection22] INFO  server.RaftServerConfigKeys (ConfUtils.java:logGet(44)) - raft.server.write.follower.gap.ratio.max = -1.0 (default)
2022-01-10 01:36:31,091 [e3f599f5-028b-4c3f-a449-c6721188584f@group-4848C0CE9D84-LeaderElection22] INFO  impl.RoleInfo (RoleInfo.java:updateAndGet(130)) - e3f599f5-028b-4c3f-a449-c6721188584f: start e3f599f5-028b-4c3f-a449-c6721188584f@group-4848C0CE9D84-LeaderStateImpl
2022-01-10 01:36:31,098 [e3f599f5-028b-4c3f-a449-c6721188584f@group-4848C0CE9D84-LeaderElection22] INFO  segmented.SegmentedRaftLogWorker (SegmentedRaftLogWorker.java:startLogSegment(394)) - e3f599f5-028b-4c3f-a449-c6721188584f@group-4848C0CE9D84-SegmentedRaftLogWorker: Starting segment from index:0
2022-01-10 01:36:31,099 [e3f599f5-028b-4c3f-a449-c6721188584f@group-4848C0CE9D84-SegmentedRaftLogWorker] INFO  segmented.SegmentedRaftLogWorker (SegmentedRaftLogWorker.java:execute(601)) - e3f599f5-028b-4c3f-a449-c6721188584f@group-4848C0CE9D84-SegmentedRaftLogWorker: created new log segment /home/runner/work/ozone/ozone/hadoop-ozone/integration-test/target/test-dir/MiniOzoneClusterImpl-464fc649-a0a5-4ced-a2bf-a15f727bdd97/datanode-1/data/ratis/4bb98994-ae82-48d9-8d3b-4848c0ce9d84/current/log_inprogress_0
2022-01-10 01:36:31,111 [e3f599f5-028b-4c3f-a449-c6721188584f@group-4848C0CE9D84-LeaderElection22] INFO  server.RaftServer$Division (ServerState.java:setRaftConf(387)) - e3f599f5-028b-4c3f-a449-c6721188584f@group-4848C0CE9D84: set configuration 0: [e3f599f5-028b-4c3f-a449-c6721188584f|rpc:10.1.0.8:41427|dataStream:|priority:1], old=null
2022-01-10 01:36:31,306 [Listener at 127.0.0.1/37387] INFO  ozone.MiniOzoneClusterImpl (MiniOzoneClusterImpl.java:lambda$waitForClusterToBeReady$0(235)) - Nodes are ready. Got 3 of 3 DN Heartbeats.
2022-01-10 01:36:31,306 [Listener at 127.0.0.1/37387] INFO  ozone.MiniOzoneClusterImpl (MiniOzoneClusterImpl.java:lambda$waitForClusterToBeReady$0(238)) - Cluster exits safe mode
2022-01-10 01:36:31,306 [Listener at 127.0.0.1/37387] INFO  ozone.MiniOzoneClusterImpl (MiniOzoneClusterImpl.java:lambda$waitForClusterToBeReady$0(240)) - SCM became leader
2022-01-10 01:36:31,387 [Listener at 127.0.0.1/37387] INFO  rpc.RpcClient (RpcClient.java:createVolume(389)) - Creating Volume: volume47510, with user09284 as owner and space quota set to -1 bytes, counts quota set to -1
2022-01-10 01:36:31,418 [OM StateMachine ApplyTransaction Thread - 0] INFO  volume.OMVolumeCreateRequest (OMVolumeCreateRequest.java:validateAndUpdateCache(195)) - created volume:volume47510 for user:user09284
2022-01-10 01:36:31,428 [Listener at 127.0.0.1/37387] INFO  rpc.RpcClient (RpcClient.java:createBucket(552)) - Creating Bucket: volume47510/bucket48700, with runner as owner and Versioning false and Storage Type set to DISK and Encryption set to false 
2022-01-10 01:36:31,442 [575cbf86-88fb-41ad-ac78-70c476dab826@group-402024793883-FollowerState] INFO  impl.FollowerState (FollowerState.java:run(134)) - 575cbf86-88fb-41ad-ac78-70c476dab826@group-402024793883-FollowerState: change to CANDIDATE, lastRpcElapsedTime:5095443009ns, electionTimeout:5089ms
2022-01-10 01:36:31,442 [575cbf86-88fb-41ad-ac78-70c476dab826@group-402024793883-FollowerState] INFO  impl.RoleInfo (RoleInfo.java:shutdownFollowerState(108)) - 575cbf86-88fb-41ad-ac78-70c476dab826: shutdown 575cbf86-88fb-41ad-ac78-70c476dab826@group-402024793883-FollowerState
2022-01-10 01:36:31,442 [575cbf86-88fb-41ad-ac78-70c476dab826@group-402024793883-FollowerState] INFO  server.RaftServer$Division (RaftServerImpl.java:setRole(290)) - 575cbf86-88fb-41ad-ac78-70c476dab826@group-402024793883: changes role from  FOLLOWER to CANDIDATE at term 0 for changeToCandidate
2022-01-10 01:36:31,450 [575cbf86-88fb-41ad-ac78-70c476dab826@group-402024793883-FollowerState] INFO  server.RaftServerConfigKeys (ConfUtils.java:logGet(44)) - raft.server.leaderelection.pre-vote = false (custom)
2022-01-10 01:36:31,450 [575cbf86-88fb-41ad-ac78-70c476dab826@group-402024793883-FollowerState] INFO  impl.RoleInfo (RoleInfo.java:updateAndGet(130)) - 575cbf86-88fb-41ad-ac78-70c476dab826: start 575cbf86-88fb-41ad-ac78-70c476dab826@group-402024793883-LeaderElection23
]]></system-out>
  </testcase>
  <testcase name="testRenameFile[1]" classname="org.apache.hadoop.fs.ozone.TestRootedOzoneFileSystem" time="0.134"/>
  <testcase name="testListStatusRootAndVolumeRecursive[1]" classname="org.apache.hadoop.fs.ozone.TestRootedOzoneFileSystem" time="0.758"/>
  <testcase name="testTempMount[1]" classname="org.apache.hadoop.fs.ozone.TestRootedOzoneFileSystem" time="0.183"/>
  <testcase name="testListStatusRootAndVolumeNonRecursive[1]" classname="org.apache.hadoop.fs.ozone.TestRootedOzoneFileSystem" time="0.445"/>
  <testcase name="testDeleteVolumeAndBucket[1]" classname="org.apache.hadoop.fs.ozone.TestRootedOzoneFileSystem" time="0.026"/>
  <testcase name="testRenameDirToItsOwnSubDir[1]" classname="org.apache.hadoop.fs.ozone.TestRootedOzoneFileSystem" time="0.01"/>
  <testcase name="testOzoneFsServiceLoader[1]" classname="org.apache.hadoop.fs.ozone.TestRootedOzoneFileSystem" time="0.04"/>
  <testcase name="testTrash[1]" classname="org.apache.hadoop.fs.ozone.TestRootedOzoneFileSystem" time="0">
    <skipped/>
  </testcase>
  <testcase name="testRenameDestinationParentDoesntExist[1]" classname="org.apache.hadoop.fs.ozone.TestRootedOzoneFileSystem" time="0.039"/>
  <testcase name="testGetFileStatusRoot[1]" classname="org.apache.hadoop.fs.ozone.TestRootedOzoneFileSystem" time="0.015"/>
  <testcase name="testCreateWithInvalidPaths[1]" classname="org.apache.hadoop.fs.ozone.TestRootedOzoneFileSystem" time="0.011"/>
  <testcase name="testDeleteEmptyVolume[1]" classname="org.apache.hadoop.fs.ozone.TestRootedOzoneFileSystem" time="0.017"/>
  <testcase name="testListStatusRootAndVolumeContinuation[1]" classname="org.apache.hadoop.fs.ozone.TestRootedOzoneFileSystem" time="0">
    <skipped message="FS Path is enabled. Skipping this test as it is not tuned for FS Path yet" type="org.junit.AssumptionViolatedException">org.junit.AssumptionViolatedException: FS Path is enabled. Skipping this test as it is not tuned for FS Path yet
	at org.junit.Assume.assumeTrue(Assume.java:68)
	at org.apache.hadoop.fs.ozone.TestRootedOzoneFileSystem.testListStatusRootAndVolumeContinuation(TestRootedOzoneFileSystem.java:887)
	at sun.reflect.NativeMethodAccessorImpl.invoke0(Native Method)
	at sun.reflect.NativeMethodAccessorImpl.invoke(NativeMethodAccessorImpl.java:62)
	at sun.reflect.DelegatingMethodAccessorImpl.invoke(DelegatingMethodAccessorImpl.java:43)
	at java.lang.reflect.Method.invoke(Method.java:498)
	at org.junit.runners.model.FrameworkMethod$1.runReflectiveCall(FrameworkMethod.java:59)
	at org.junit.internal.runners.model.ReflectiveCallable.run(ReflectiveCallable.java:12)
	at org.junit.runners.model.FrameworkMethod.invokeExplosively(FrameworkMethod.java:56)
	at org.junit.internal.runners.statements.InvokeMethod.evaluate(InvokeMethod.java:17)
	at org.junit.internal.runners.statements.FailOnTimeout$CallableStatement.call(FailOnTimeout.java:288)
	at org.junit.internal.runners.statements.FailOnTimeout$CallableStatement.call(FailOnTimeout.java:282)
	at java.util.concurrent.FutureTask.run(FutureTask.java:266)
	at java.lang.Thread.run(Thread.java:748)
</skipped>
  </testcase>
  <testcase name="testDeleteVolumeBucketAndKey[1]" classname="org.apache.hadoop.fs.ozone.TestRootedOzoneFileSystem" time="0.079"/>
  <testcase name="testRenameToParentDir[1]" classname="org.apache.hadoop.fs.ozone.TestRootedOzoneFileSystem" time="0.053"/>
  <testcase name="testMkdirNonExistentVolumeBucket[1]" classname="org.apache.hadoop.fs.ozone.TestRootedOzoneFileSystem" time="0.015"/>
  <testcase name="testFailToDeleteRoot[1]" classname="org.apache.hadoop.fs.ozone.TestRootedOzoneFileSystem" time="0.011"/>
  <testcase name="testListStatusOnSubDirs[1]" classname="org.apache.hadoop.fs.ozone.TestRootedOzoneFileSystem" time="0.054"/>
  <testcase name="testListStatus[1]" classname="org.apache.hadoop.fs.ozone.TestRootedOzoneFileSystem" time="0.034"/>
  <testcase name="testGetTrashRoots[1]" classname="org.apache.hadoop.fs.ozone.TestRootedOzoneFileSystem" time="0.48"/>
  <testcase name="testCreateDoesNotAddParentDirKeys[1]" classname="org.apache.hadoop.fs.ozone.TestRootedOzoneFileSystem" time="0.07"/>
  <testcase name="testMkdirNonExistentVolume[1]" classname="org.apache.hadoop.fs.ozone.TestRootedOzoneFileSystem" time="0.012"/>
  <testcase name="testDeleteCreatesFakeParentDir[1]" classname="org.apache.hadoop.fs.ozone.TestRootedOzoneFileSystem" time="0">
    <skipped message="FS Path is enabled. Skipping this test as it is not tuned for FS Path yet" type="org.junit.AssumptionViolatedException">org.junit.AssumptionViolatedException: FS Path is enabled. Skipping this test as it is not tuned for FS Path yet
	at org.junit.Assume.assumeTrue(Assume.java:68)
	at org.apache.hadoop.fs.ozone.TestRootedOzoneFileSystem.testDeleteCreatesFakeParentDir(TestRootedOzoneFileSystem.java:302)
	at sun.reflect.NativeMethodAccessorImpl.invoke0(Native Method)
	at sun.reflect.NativeMethodAccessorImpl.invoke(NativeMethodAccessorImpl.java:62)
	at sun.reflect.DelegatingMethodAccessorImpl.invoke(DelegatingMethodAccessorImpl.java:43)
	at java.lang.reflect.Method.invoke(Method.java:498)
	at org.junit.runners.model.FrameworkMethod$1.runReflectiveCall(FrameworkMethod.java:59)
	at org.junit.internal.runners.model.ReflectiveCallable.run(ReflectiveCallable.java:12)
	at org.junit.runners.model.FrameworkMethod.invokeExplosively(FrameworkMethod.java:56)
	at org.junit.internal.runners.statements.InvokeMethod.evaluate(InvokeMethod.java:17)
	at org.junit.internal.runners.statements.FailOnTimeout$CallableStatement.call(FailOnTimeout.java:288)
	at org.junit.internal.runners.statements.FailOnTimeout$CallableStatement.call(FailOnTimeout.java:282)
	at java.util.concurrent.FutureTask.run(FutureTask.java:266)
	at java.lang.Thread.run(Thread.java:748)
</skipped>
  </testcase>
  <testcase name="testNonExplicitlyCreatedPathExistsAfterItsLeafsWereRemoved[1]" classname="org.apache.hadoop.fs.ozone.TestRootedOzoneFileSystem" time="0.044"/>
  <testcase name="testFileDelete[1]" classname="org.apache.hadoop.fs.ozone.TestRootedOzoneFileSystem" time="0.13"/>
  <testcase name="testRenameToTrashEnabled[1]" classname="org.apache.hadoop.fs.ozone.TestRootedOzoneFileSystem" time="0.237"/>
  <testcase name="testMkdirOnNonExistentVolumeBucketDir[1]" classname="org.apache.hadoop.fs.ozone.TestRootedOzoneFileSystem" time="0">
    <skipped message="FS Path is enabled. Skipping this test as it is not tuned for FS Path yet" type="org.junit.AssumptionViolatedException">org.junit.AssumptionViolatedException: FS Path is enabled. Skipping this test as it is not tuned for FS Path yet
	at org.junit.Assume.assumeTrue(Assume.java:68)
	at org.apache.hadoop.fs.ozone.TestRootedOzoneFileSystem.testMkdirOnNonExistentVolumeBucketDir(TestRootedOzoneFileSystem.java:405)
	at sun.reflect.NativeMethodAccessorImpl.invoke0(Native Method)
	at sun.reflect.NativeMethodAccessorImpl.invoke(NativeMethodAccessorImpl.java:62)
	at sun.reflect.DelegatingMethodAccessorImpl.invoke(DelegatingMethodAccessorImpl.java:43)
	at java.lang.reflect.Method.invoke(Method.java:498)
	at org.junit.runners.model.FrameworkMethod$1.runReflectiveCall(FrameworkMethod.java:59)
	at org.junit.internal.runners.model.ReflectiveCallable.run(ReflectiveCallable.java:12)
	at org.junit.runners.model.FrameworkMethod.invokeExplosively(FrameworkMethod.java:56)
	at org.junit.internal.runners.statements.InvokeMethod.evaluate(InvokeMethod.java:17)
	at org.junit.internal.runners.statements.FailOnTimeout$CallableStatement.call(FailOnTimeout.java:288)
	at org.junit.internal.runners.statements.FailOnTimeout$CallableStatement.call(FailOnTimeout.java:282)
	at java.util.concurrent.FutureTask.run(FutureTask.java:266)
	at java.lang.Thread.run(Thread.java:748)
</skipped>
  </testcase>
  <testcase name="testListStatusOnLargeDirectory[1]" classname="org.apache.hadoop.fs.ozone.TestRootedOzoneFileSystem" time="8.943"/>
  <testcase name="testRenameToDifferentBucket[1]" classname="org.apache.hadoop.fs.ozone.TestRootedOzoneFileSystem" time="0.025"/>
  <testcase name="testListStatusInBucket[1]" classname="org.apache.hadoop.fs.ozone.TestRootedOzoneFileSystem" time="0.011"/>
  <testcase name="testRenameFileToDir[1]" classname="org.apache.hadoop.fs.ozone.TestRootedOzoneFileSystem" time="0.033"/>
  <testcase name="testNonPrivilegedUserMkdirCreateBucket[2]" classname="org.apache.hadoop.fs.ozone.TestRootedOzoneFileSystem" time="0">
    <skipped message="ACL is not enabled. Skipping this test as it requires ACL to be enabled to be meaningful." type="org.junit.AssumptionViolatedException">org.junit.AssumptionViolatedException: ACL is not enabled. Skipping this test as it requires ACL to be enabled to be meaningful.
	at org.junit.Assume.assumeTrue(Assume.java:68)
	at org.apache.hadoop.fs.ozone.TestRootedOzoneFileSystem.testNonPrivilegedUserMkdirCreateBucket(TestRootedOzoneFileSystem.java:1582)
	at sun.reflect.NativeMethodAccessorImpl.invoke0(Native Method)
	at sun.reflect.NativeMethodAccessorImpl.invoke(NativeMethodAccessorImpl.java:62)
	at sun.reflect.DelegatingMethodAccessorImpl.invoke(DelegatingMethodAccessorImpl.java:43)
	at java.lang.reflect.Method.invoke(Method.java:498)
	at org.junit.runners.model.FrameworkMethod$1.runReflectiveCall(FrameworkMethod.java:59)
	at org.junit.internal.runners.model.ReflectiveCallable.run(ReflectiveCallable.java:12)
	at org.junit.runners.model.FrameworkMethod.invokeExplosively(FrameworkMethod.java:56)
	at org.junit.internal.runners.statements.InvokeMethod.evaluate(InvokeMethod.java:17)
	at org.junit.internal.runners.statements.FailOnTimeout$CallableStatement.call(FailOnTimeout.java:288)
	at org.junit.internal.runners.statements.FailOnTimeout$CallableStatement.call(FailOnTimeout.java:282)
	at java.util.concurrent.FutureTask.run(FutureTask.java:266)
	at java.lang.Thread.run(Thread.java:748)
</skipped>
    <system-out><![CDATA[2022-01-10 01:36:43,414 [Listener at 127.0.0.1/37387] INFO  ozone.MiniOzoneClusterImpl (MiniOzoneClusterImpl.java:shutdown(453)) - Shutting down the Mini Ozone Cluster
2022-01-10 01:36:43,415 [Listener at 127.0.0.1/37387] INFO  ozone.MiniOzoneClusterImpl (MiniOzoneClusterImpl.java:stop(468)) - Stopping the Mini Ozone Cluster
2022-01-10 01:36:43,415 [Listener at 127.0.0.1/37387] INFO  ozone.MiniOzoneClusterImpl (MiniOzoneClusterImpl.java:stopOM(550)) - Stopping the OzoneManager
2022-01-10 01:36:43,415 [Listener at 127.0.0.1/37387] INFO  om.OzoneManager (OzoneManager.java:stop(1893)) - om1[localhost:0]: Stopping Ozone Manager
2022-01-10 01:36:43,415 [Listener at 127.0.0.1/37387] INFO  ipc.Server (Server.java:stop(3414)) - Stopping server on 37387
2022-01-10 01:36:43,422 [IPC Server listener on 0] INFO  ipc.Server (Server.java:run(1376)) - Stopping IPC Server listener on 0
2022-01-10 01:36:43,422 [IPC Server Responder] INFO  ipc.Server (Server.java:run(1512)) - Stopping IPC Server Responder
2022-01-10 01:36:43,423 [Listener at 127.0.0.1/37387] INFO  server.RaftServer (RaftServerProxy.java:lambda$close$6(391)) - om1: close
2022-01-10 01:36:43,423 [Listener at 127.0.0.1/37387] INFO  server.RaftServer$Division (RaftServerImpl.java:lambda$close$4(412)) - om1@group-C5BA1605619E: shutdown
2022-01-10 01:36:43,423 [Listener at 127.0.0.1/37387] INFO  util.JmxRegister (JmxRegister.java:unregister(73)) - Successfully un-registered JMX Bean with object name Ratis:service=RaftServer,group=group-C5BA1605619E,id=om1
2022-01-10 01:36:43,423 [Listener at 127.0.0.1/37387] INFO  impl.RoleInfo (RoleInfo.java:shutdownLeaderState(91)) - om1: shutdown om1@group-C5BA1605619E-LeaderStateImpl
2022-01-10 01:36:43,423 [Listener at 127.0.0.1/37387] INFO  impl.PendingRequests (PendingRequests.java:sendNotLeaderResponses(282)) - om1@group-C5BA1605619E-PendingRequests: sendNotLeaderResponses
2022-01-10 01:36:43,462 [Listener at 127.0.0.1/37387] INFO  impl.StateMachineUpdater (StateMachineUpdater.java:stopAndJoin(149)) - om1@group-C5BA1605619E-StateMachineUpdater: set stopIndex = 6554
2022-01-10 01:36:43,463 [om1@group-C5BA1605619E-StateMachineUpdater] INFO  ratis.OzoneManagerStateMachine (OzoneManagerStateMachine.java:takeSnapshot(417)) - Current Snapshot Index (t:1, i:6554)
2022-01-10 01:36:43,463 [om1@group-C5BA1605619E-StateMachineUpdater] INFO  impl.StateMachineUpdater (StateMachineUpdater.java:takeSnapshot(281)) - om1@group-C5BA1605619E-StateMachineUpdater: Took a snapshot at index 6554
2022-01-10 01:36:43,463 [om1@group-C5BA1605619E-StateMachineUpdater] INFO  impl.StateMachineUpdater (StateMachineUpdater.java:lambda$new$0(89)) - om1@group-C5BA1605619E-StateMachineUpdater: snapshotIndex: updateIncreasingly -1 -> 6554
2022-01-10 01:36:43,463 [om1@group-C5BA1605619E-StateMachineUpdater] INFO  ratis.OzoneManagerStateMachine (OzoneManagerStateMachine.java:close(471)) - StateMachine has shutdown. Shutdown OzoneManager if not already shutdown.
2022-01-10 01:36:43,465 [Listener at 127.0.0.1/37387] INFO  server.RaftServer$Division (ServerState.java:close(419)) - om1@group-C5BA1605619E: closes. applyIndex: 6554
2022-01-10 01:36:43,477 [om1@group-C5BA1605619E-SegmentedRaftLogWorker] INFO  segmented.SegmentedRaftLogWorker (SegmentedRaftLogWorker.java:run(327)) - om1@group-C5BA1605619E-SegmentedRaftLogWorker was interrupted, exiting. There are 0 tasks remaining in the queue.
2022-01-10 01:36:43,478 [Listener at 127.0.0.1/37387] INFO  segmented.SegmentedRaftLogWorker (SegmentedRaftLogWorker.java:close(237)) - om1@group-C5BA1605619E-SegmentedRaftLogWorker close()
2022-01-10 01:36:43,480 [Listener at 127.0.0.1/37387] INFO  server.GrpcService (GrpcService.java:closeImpl(262)) - om1: shutdown server with port 9872 now
2022-01-10 01:36:43,483 [Listener at 127.0.0.1/37387] INFO  server.GrpcService (GrpcService.java:closeImpl(271)) - om1: shutdown server with port 9872 successfully
2022-01-10 01:36:43,483 [org.apache.ratis.util.JvmPauseMonitor$$Lambda$529/1957356322@2602f45] INFO  util.JvmPauseMonitor (JvmPauseMonitor.java:run(109)) - JvmPauseMonitor-om1: Stopped
2022-01-10 01:36:43,484 [Listener at 127.0.0.1/37387] INFO  ratis.OzoneManagerDoubleBuffer (OzoneManagerDoubleBuffer.java:stop(437)) - Stopping OMDoubleBuffer flush thread
2022-01-10 01:36:43,484 [OMDoubleBufferFlushThread] INFO  ratis.OzoneManagerDoubleBuffer (OzoneManagerDoubleBuffer.java:flushTransactions(356)) - OMDoubleBuffer flush thread OMDoubleBufferFlushThread is interrupted and will exit. OMDoubleBufferFlushThread
2022-01-10 01:36:43,486 [Listener at 127.0.0.1/37387] INFO  utils.BackgroundService (BackgroundService.java:shutdown(132)) - Shutting down service KeyDeletingService
2022-01-10 01:36:43,487 [Listener at 127.0.0.1/37387] INFO  utils.BackgroundService (BackgroundService.java:shutdown(132)) - Shutting down service DirectoryDeletingService
2022-01-10 01:36:43,487 [Listener at 127.0.0.1/37387] INFO  handler.ContextHandler (ContextHandler.java:doStop(1153)) - Stopped o.e.j.w.WebAppContext@61a16111{ozoneManager,/,null,STOPPED}{file:/home/runner/work/ozone/ozone/hadoop-ozone/integration-test/target/test-classes/webapps/ozoneManager}
2022-01-10 01:36:43,488 [Listener at 127.0.0.1/37387] INFO  server.AbstractConnector (AbstractConnector.java:doStop(381)) - Stopped ServerConnector@6f48bbde{HTTP/1.1, (http/1.1)}{0.0.0.0:0}
2022-01-10 01:36:43,489 [Listener at 127.0.0.1/37387] INFO  server.session (HouseKeeper.java:stopScavenging(149)) - node0 Stopped scavenging
2022-01-10 01:36:43,489 [Listener at 127.0.0.1/37387] INFO  handler.ContextHandler (ContextHandler.java:doStop(1153)) - Stopped o.e.j.s.ServletContextHandler@15b078f{static,/static,file:///home/runner/work/ozone/ozone/hadoop-ozone/integration-test/target/test-classes/webapps/static,STOPPED}
2022-01-10 01:36:43,490 [Listener at 127.0.0.1/37387] INFO  handler.ContextHandler (ContextHandler.java:doStop(1153)) - Stopped o.e.j.s.ServletContextHandler@3b396dbf{logs,/logs,file:///home/runner/work/ozone/ozone/hadoop-ozone/integration-test/target/log,STOPPED}
2022-01-10 01:36:43,492 [Trash Emptier] ERROR util.ExitUtils (ExitUtils.java:terminate(133)) - Terminating with exit status -1: Thread[Trash Emptier,5,main] has thrown an uncaught exception
java.lang.UnsupportedOperationException: fs.getUri() not implemented in TrashOzoneFileSystem
	at org.apache.hadoop.ozone.om.TrashOzoneFileSystem.getUri(TrashOzoneFileSystem.java:124)
	at org.apache.hadoop.fs.FileSystem.close(FileSystem.java:2592)
	at org.apache.hadoop.ozone.om.TrashPolicyOzone$Emptier.run(TrashPolicyOzone.java:243)
	at java.lang.Thread.run(Thread.java:748)
2022-01-10 01:36:43,492 [Listener at 127.0.0.1/37387] INFO  ozone.MiniOzoneClusterImpl (MiniOzoneClusterImpl.java:stopDatanodes(527)) - Stopping the HddsDatanodes
2022-01-10 01:36:48,502 [ForkJoinPool.commonPool-worker-1] INFO  ozoneimpl.OzoneContainer (OzoneContainer.java:stop(336)) - Attempting to stop container services.
2022-01-10 01:36:48,503 [Listener at 127.0.0.1/37387] INFO  ozoneimpl.OzoneContainer (OzoneContainer.java:stop(336)) - Attempting to stop container services.
2022-01-10 01:36:48,503 [ForkJoinPool.commonPool-worker-1] INFO  server.RaftServer (RaftServerProxy.java:lambda$close$6(391)) - 4662cef3-4296-4558-a543-727d5622f336: close
2022-01-10 01:36:48,503 [ForkJoinPool.commonPool-worker-1] INFO  server.RaftServer$Division (RaftServerImpl.java:lambda$close$4(412)) - 4662cef3-4296-4558-a543-727d5622f336@group-D8C9A2E4EA00: shutdown
2022-01-10 01:36:48,503 [ForkJoinPool.commonPool-worker-1] INFO  util.JmxRegister (JmxRegister.java:unregister(73)) - Successfully un-registered JMX Bean with object name Ratis:service=RaftServer,group=group-D8C9A2E4EA00,id=4662cef3-4296-4558-a543-727d5622f336
2022-01-10 01:36:48,503 [ForkJoinPool.commonPool-worker-1] INFO  impl.RoleInfo (RoleInfo.java:shutdownFollowerState(108)) - 4662cef3-4296-4558-a543-727d5622f336: shutdown 4662cef3-4296-4558-a543-727d5622f336@group-D8C9A2E4EA00-FollowerState
2022-01-10 01:36:48,503 [ForkJoinPool.commonPool-worker-1] INFO  impl.StateMachineUpdater (StateMachineUpdater.java:stopAndJoin(149)) - 4662cef3-4296-4558-a543-727d5622f336@group-D8C9A2E4EA00-StateMachineUpdater: set stopIndex = 0
2022-01-10 01:36:48,503 [4662cef3-4296-4558-a543-727d5622f336@group-D8C9A2E4EA00-FollowerState] INFO  impl.FollowerState (FollowerState.java:run(143)) - 4662cef3-4296-4558-a543-727d5622f336@group-D8C9A2E4EA00-FollowerState was interrupted: {}
java.lang.InterruptedException: sleep interrupted
	at java.lang.Thread.sleep(Native Method)
	at java.lang.Thread.sleep(Thread.java:340)
	at java.util.concurrent.TimeUnit.sleep(TimeUnit.java:386)
	at org.apache.ratis.util.TimeDuration.sleep(TimeDuration.java:324)
	at org.apache.ratis.util.TimeDuration.sleep(TimeDuration.java:309)
	at org.apache.ratis.server.impl.FollowerState.run(FollowerState.java:118)
2022-01-10 01:36:48,504 [4662cef3-4296-4558-a543-727d5622f336@group-D8C9A2E4EA00-StateMachineUpdater] INFO  ratis.ContainerStateMachine (ContainerStateMachine.java:takeSnapshot(299)) - group-D8C9A2E4EA00: Taking a snapshot at:(t:2, i:0) file /home/runner/work/ozone/ozone/hadoop-ozone/integration-test/target/test-dir/MiniOzoneClusterImpl-464fc649-a0a5-4ced-a2bf-a15f727bdd97/datanode-0/data/ratis/afa7b46a-3a76-47ae-b798-d8c9a2e4ea00/sm/snapshot.2_0
2022-01-10 01:36:48,505 [Listener at 127.0.0.1/37387] INFO  server.RaftServer (RaftServerProxy.java:lambda$close$6(391)) - e3f599f5-028b-4c3f-a449-c6721188584f: close
2022-01-10 01:36:48,506 [4662cef3-4296-4558-a543-727d5622f336@group-D8C9A2E4EA00-StateMachineUpdater] INFO  ratis.ContainerStateMachine (ContainerStateMachine.java:takeSnapshot(310)) - group-D8C9A2E4EA00: Finished taking a snapshot at:(t:2, i:0) file:/home/runner/work/ozone/ozone/hadoop-ozone/integration-test/target/test-dir/MiniOzoneClusterImpl-464fc649-a0a5-4ced-a2bf-a15f727bdd97/datanode-0/data/ratis/afa7b46a-3a76-47ae-b798-d8c9a2e4ea00/sm/snapshot.2_0 took: 2 ms
2022-01-10 01:36:48,506 [Listener at 127.0.0.1/37387] INFO  server.RaftServer$Division (RaftServerImpl.java:lambda$close$4(412)) - e3f599f5-028b-4c3f-a449-c6721188584f@group-D8C9A2E4EA00: shutdown
2022-01-10 01:36:48,506 [4662cef3-4296-4558-a543-727d5622f336@group-D8C9A2E4EA00-StateMachineUpdater] INFO  impl.StateMachineUpdater (StateMachineUpdater.java:takeSnapshot(281)) - 4662cef3-4296-4558-a543-727d5622f336@group-D8C9A2E4EA00-StateMachineUpdater: Took a snapshot at index 0
2022-01-10 01:36:48,506 [4662cef3-4296-4558-a543-727d5622f336@group-D8C9A2E4EA00-StateMachineUpdater] INFO  impl.StateMachineUpdater (StateMachineUpdater.java:lambda$new$0(89)) - 4662cef3-4296-4558-a543-727d5622f336@group-D8C9A2E4EA00-StateMachineUpdater: snapshotIndex: updateIncreasingly -1 -> 0
2022-01-10 01:36:48,506 [Listener at 127.0.0.1/37387] INFO  util.JmxRegister (JmxRegister.java:unregister(73)) - Successfully un-registered JMX Bean with object name Ratis:service=RaftServer,group=group-D8C9A2E4EA00,id=e3f599f5-028b-4c3f-a449-c6721188584f
2022-01-10 01:36:48,506 [Listener at 127.0.0.1/37387] INFO  impl.RoleInfo (RoleInfo.java:shutdownLeaderState(91)) - e3f599f5-028b-4c3f-a449-c6721188584f: shutdown e3f599f5-028b-4c3f-a449-c6721188584f@group-D8C9A2E4EA00-LeaderStateImpl
2022-01-10 01:36:48,506 [Listener at 127.0.0.1/37387] INFO  impl.PendingRequests (PendingRequests.java:sendNotLeaderResponses(282)) - e3f599f5-028b-4c3f-a449-c6721188584f@group-D8C9A2E4EA00-PendingRequests: sendNotLeaderResponses
2022-01-10 01:36:48,507 [ForkJoinPool.commonPool-worker-1] INFO  server.RaftServer$Division (ServerState.java:close(419)) - 4662cef3-4296-4558-a543-727d5622f336@group-D8C9A2E4EA00: closes. applyIndex: 0
2022-01-10 01:36:48,507 [4662cef3-4296-4558-a543-727d5622f336@group-D8C9A2E4EA00-SegmentedRaftLogWorker] INFO  segmented.SegmentedRaftLogWorker (SegmentedRaftLogWorker.java:run(327)) - 4662cef3-4296-4558-a543-727d5622f336@group-D8C9A2E4EA00-SegmentedRaftLogWorker was interrupted, exiting. There are 0 tasks remaining in the queue.
2022-01-10 01:36:48,507 [Listener at 127.0.0.1/37387] INFO  impl.StateMachineUpdater (StateMachineUpdater.java:stopAndJoin(149)) - e3f599f5-028b-4c3f-a449-c6721188584f@group-D8C9A2E4EA00-StateMachineUpdater: set stopIndex = 0
2022-01-10 01:36:48,507 [e3f599f5-028b-4c3f-a449-c6721188584f@group-D8C9A2E4EA00-StateMachineUpdater] INFO  ratis.ContainerStateMachine (ContainerStateMachine.java:takeSnapshot(299)) - group-D8C9A2E4EA00: Taking a snapshot at:(t:2, i:0) file /home/runner/work/ozone/ozone/hadoop-ozone/integration-test/target/test-dir/MiniOzoneClusterImpl-464fc649-a0a5-4ced-a2bf-a15f727bdd97/datanode-1/data/ratis/afa7b46a-3a76-47ae-b798-d8c9a2e4ea00/sm/snapshot.2_0
2022-01-10 01:36:48,508 [e3f599f5-028b-4c3f-a449-c6721188584f@group-D8C9A2E4EA00->575cbf86-88fb-41ad-ac78-70c476dab826-GrpcLogAppender-LogAppenderDaemon] WARN  server.GrpcLogAppender (GrpcLogAppender.java:mayWait(177)) - e3f599f5-028b-4c3f-a449-c6721188584f@group-D8C9A2E4EA00->575cbf86-88fb-41ad-ac78-70c476dab826-GrpcLogAppender: Wait interrupted by java.lang.InterruptedException
2022-01-10 01:36:48,508 [grpc-default-executor-1] INFO  server.GrpcServerProtocolService (GrpcServerProtocolService.java:onCompleted(140)) - 575cbf86-88fb-41ad-ac78-70c476dab826: Completed APPEND_ENTRIES, lastRequest: e3f599f5-028b-4c3f-a449-c6721188584f->575cbf86-88fb-41ad-ac78-70c476dab826#1-t2,previous=(t:0, i:0),leaderCommit=0,initializing? true,entries: size=1, first=(t:2, i:0), CONFIGURATIONENTRY
2022-01-10 01:36:48,508 [e3f599f5-028b-4c3f-a449-c6721188584f@group-D8C9A2E4EA00->4662cef3-4296-4558-a543-727d5622f336-GrpcLogAppender-LogAppenderDaemon] WARN  server.GrpcLogAppender (GrpcLogAppender.java:mayWait(177)) - e3f599f5-028b-4c3f-a449-c6721188584f@group-D8C9A2E4EA00->4662cef3-4296-4558-a543-727d5622f336-GrpcLogAppender: Wait interrupted by java.lang.InterruptedException
2022-01-10 01:36:48,509 [grpc-default-executor-3] INFO  server.GrpcLogAppender (GrpcLogAppender.java:onCompleted(346)) - e3f599f5-028b-4c3f-a449-c6721188584f@group-D8C9A2E4EA00->575cbf86-88fb-41ad-ac78-70c476dab826-AppendLogResponseHandler: follower responses appendEntries COMPLETED
2022-01-10 01:36:48,509 [grpc-default-executor-3] INFO  leader.FollowerInfo (FollowerInfoImpl.java:lambda$new$0(47)) - e3f599f5-028b-4c3f-a449-c6721188584f@group-D8C9A2E4EA00->575cbf86-88fb-41ad-ac78-70c476dab826: nextIndex: updateUnconditionally 1 -> 0
2022-01-10 01:36:48,510 [ForkJoinPool.commonPool-worker-1] INFO  segmented.SegmentedRaftLogWorker (SegmentedRaftLogWorker.java:close(237)) - 4662cef3-4296-4558-a543-727d5622f336@group-D8C9A2E4EA00-SegmentedRaftLogWorker close()
2022-01-10 01:36:48,511 [ForkJoinPool.commonPool-worker-1] INFO  server.RaftServer$Division (RaftServerImpl.java:lambda$close$4(412)) - 4662cef3-4296-4558-a543-727d5622f336@group-AE4791A7C008: shutdown
2022-01-10 01:36:48,511 [e3f599f5-028b-4c3f-a449-c6721188584f@group-D8C9A2E4EA00-StateMachineUpdater] INFO  ratis.ContainerStateMachine (ContainerStateMachine.java:takeSnapshot(310)) - group-D8C9A2E4EA00: Finished taking a snapshot at:(t:2, i:0) file:/home/runner/work/ozone/ozone/hadoop-ozone/integration-test/target/test-dir/MiniOzoneClusterImpl-464fc649-a0a5-4ced-a2bf-a15f727bdd97/datanode-1/data/ratis/afa7b46a-3a76-47ae-b798-d8c9a2e4ea00/sm/snapshot.2_0 took: 3 ms
2022-01-10 01:36:48,511 [e3f599f5-028b-4c3f-a449-c6721188584f@group-D8C9A2E4EA00-StateMachineUpdater] INFO  impl.StateMachineUpdater (StateMachineUpdater.java:takeSnapshot(281)) - e3f599f5-028b-4c3f-a449-c6721188584f@group-D8C9A2E4EA00-StateMachineUpdater: Took a snapshot at index 0
2022-01-10 01:36:48,511 [e3f599f5-028b-4c3f-a449-c6721188584f@group-D8C9A2E4EA00-StateMachineUpdater] INFO  impl.StateMachineUpdater (StateMachineUpdater.java:lambda$new$0(89)) - e3f599f5-028b-4c3f-a449-c6721188584f@group-D8C9A2E4EA00-StateMachineUpdater: snapshotIndex: updateIncreasingly -1 -> 0
2022-01-10 01:36:48,511 [grpc-default-executor-3] INFO  server.GrpcServerProtocolService (GrpcServerProtocolService.java:onCompleted(140)) - 4662cef3-4296-4558-a543-727d5622f336: Completed APPEND_ENTRIES, lastRequest: e3f599f5-028b-4c3f-a449-c6721188584f->4662cef3-4296-4558-a543-727d5622f336#1-t2,previous=(t:0, i:0),leaderCommit=-1,initializing? true,entries: size=1, first=(t:2, i:0), CONFIGURATIONENTRY
2022-01-10 01:36:48,511 [ForkJoinPool.commonPool-worker-1] INFO  util.JmxRegister (JmxRegister.java:unregister(73)) - Successfully un-registered JMX Bean with object name Ratis:service=RaftServer,group=group-AE4791A7C008,id=4662cef3-4296-4558-a543-727d5622f336
2022-01-10 01:36:48,512 [ForkJoinPool.commonPool-worker-1] INFO  impl.RoleInfo (RoleInfo.java:shutdownLeaderState(91)) - 4662cef3-4296-4558-a543-727d5622f336: shutdown 4662cef3-4296-4558-a543-727d5622f336@group-AE4791A7C008-LeaderStateImpl
2022-01-10 01:36:48,512 [ForkJoinPool.commonPool-worker-1] INFO  impl.PendingRequests (PendingRequests.java:sendNotLeaderResponses(282)) - 4662cef3-4296-4558-a543-727d5622f336@group-AE4791A7C008-PendingRequests: sendNotLeaderResponses
2022-01-10 01:36:48,512 [ForkJoinPool.commonPool-worker-1] INFO  impl.StateMachineUpdater (StateMachineUpdater.java:stopAndJoin(149)) - 4662cef3-4296-4558-a543-727d5622f336@group-AE4791A7C008-StateMachineUpdater: set stopIndex = 0
2022-01-10 01:36:48,512 [4662cef3-4296-4558-a543-727d5622f336@group-AE4791A7C008-StateMachineUpdater] INFO  ratis.ContainerStateMachine (ContainerStateMachine.java:takeSnapshot(299)) - group-AE4791A7C008: Taking a snapshot at:(t:1, i:0) file /home/runner/work/ozone/ozone/hadoop-ozone/integration-test/target/test-dir/MiniOzoneClusterImpl-464fc649-a0a5-4ced-a2bf-a15f727bdd97/datanode-0/data/ratis/8e3b71f9-0087-488b-bcb2-ae4791a7c008/sm/snapshot.1_0
2022-01-10 01:36:48,512 [grpc-default-executor-4] INFO  server.GrpcLogAppender (GrpcLogAppender.java:onCompleted(346)) - e3f599f5-028b-4c3f-a449-c6721188584f@group-D8C9A2E4EA00->4662cef3-4296-4558-a543-727d5622f336-AppendLogResponseHandler: follower responses appendEntries COMPLETED
2022-01-10 01:36:48,512 [grpc-default-executor-4] INFO  leader.FollowerInfo (FollowerInfoImpl.java:lambda$new$0(47)) - e3f599f5-028b-4c3f-a449-c6721188584f@group-D8C9A2E4EA00->4662cef3-4296-4558-a543-727d5622f336: nextIndex: updateUnconditionally 1 -> 0
2022-01-10 01:36:48,517 [4662cef3-4296-4558-a543-727d5622f336@group-AE4791A7C008-StateMachineUpdater] INFO  ratis.ContainerStateMachine (ContainerStateMachine.java:takeSnapshot(310)) - group-AE4791A7C008: Finished taking a snapshot at:(t:1, i:0) file:/home/runner/work/ozone/ozone/hadoop-ozone/integration-test/target/test-dir/MiniOzoneClusterImpl-464fc649-a0a5-4ced-a2bf-a15f727bdd97/datanode-0/data/ratis/8e3b71f9-0087-488b-bcb2-ae4791a7c008/sm/snapshot.1_0 took: 5 ms
2022-01-10 01:36:48,518 [4662cef3-4296-4558-a543-727d5622f336@group-AE4791A7C008-StateMachineUpdater] INFO  impl.StateMachineUpdater (StateMachineUpdater.java:takeSnapshot(281)) - 4662cef3-4296-4558-a543-727d5622f336@group-AE4791A7C008-StateMachineUpdater: Took a snapshot at index 0
2022-01-10 01:36:48,518 [4662cef3-4296-4558-a543-727d5622f336@group-AE4791A7C008-StateMachineUpdater] INFO  impl.StateMachineUpdater (StateMachineUpdater.java:lambda$new$0(89)) - 4662cef3-4296-4558-a543-727d5622f336@group-AE4791A7C008-StateMachineUpdater: snapshotIndex: updateIncreasingly -1 -> 0
2022-01-10 01:36:48,518 [ForkJoinPool.commonPool-worker-1] INFO  server.RaftServer$Division (ServerState.java:close(419)) - 4662cef3-4296-4558-a543-727d5622f336@group-AE4791A7C008: closes. applyIndex: 0
2022-01-10 01:36:48,518 [4662cef3-4296-4558-a543-727d5622f336@group-AE4791A7C008-SegmentedRaftLogWorker] INFO  segmented.SegmentedRaftLogWorker (SegmentedRaftLogWorker.java:run(327)) - 4662cef3-4296-4558-a543-727d5622f336@group-AE4791A7C008-SegmentedRaftLogWorker was interrupted, exiting. There are 0 tasks remaining in the queue.
2022-01-10 01:36:48,518 [ForkJoinPool.commonPool-worker-1] INFO  segmented.SegmentedRaftLogWorker (SegmentedRaftLogWorker.java:close(237)) - 4662cef3-4296-4558-a543-727d5622f336@group-AE4791A7C008-SegmentedRaftLogWorker close()
2022-01-10 01:36:48,522 [ForkJoinPool.commonPool-worker-1] INFO  server.RaftServer$Division (RaftServerImpl.java:lambda$close$4(412)) - 4662cef3-4296-4558-a543-727d5622f336@group-FD362DB6BEE1: shutdown
2022-01-10 01:36:48,522 [ForkJoinPool.commonPool-worker-1] INFO  util.JmxRegister (JmxRegister.java:unregister(73)) - Successfully un-registered JMX Bean with object name Ratis:service=RaftServer,group=group-FD362DB6BEE1,id=4662cef3-4296-4558-a543-727d5622f336
2022-01-10 01:36:48,522 [ForkJoinPool.commonPool-worker-1] INFO  impl.RoleInfo (RoleInfo.java:shutdownLeaderState(91)) - 4662cef3-4296-4558-a543-727d5622f336: shutdown 4662cef3-4296-4558-a543-727d5622f336@group-FD362DB6BEE1-LeaderStateImpl
2022-01-10 01:36:48,522 [ForkJoinPool.commonPool-worker-1] INFO  impl.PendingRequests (PendingRequests.java:sendNotLeaderResponses(282)) - 4662cef3-4296-4558-a543-727d5622f336@group-FD362DB6BEE1-PendingRequests: sendNotLeaderResponses
2022-01-10 01:36:48,522 [Listener at 127.0.0.1/37387] INFO  server.RaftServer$Division (ServerState.java:close(419)) - e3f599f5-028b-4c3f-a449-c6721188584f@group-D8C9A2E4EA00: closes. applyIndex: 0
2022-01-10 01:36:48,523 [e3f599f5-028b-4c3f-a449-c6721188584f@group-D8C9A2E4EA00-SegmentedRaftLogWorker] INFO  segmented.SegmentedRaftLogWorker (SegmentedRaftLogWorker.java:run(327)) - e3f599f5-028b-4c3f-a449-c6721188584f@group-D8C9A2E4EA00-SegmentedRaftLogWorker was interrupted, exiting. There are 0 tasks remaining in the queue.
2022-01-10 01:36:48,524 [Listener at 127.0.0.1/37387] INFO  segmented.SegmentedRaftLogWorker (SegmentedRaftLogWorker.java:close(237)) - e3f599f5-028b-4c3f-a449-c6721188584f@group-D8C9A2E4EA00-SegmentedRaftLogWorker close()
2022-01-10 01:36:48,525 [4662cef3-4296-4558-a543-727d5622f336@group-FD362DB6BEE1->575cbf86-88fb-41ad-ac78-70c476dab826-GrpcLogAppender-LogAppenderDaemon] WARN  server.GrpcLogAppender (GrpcLogAppender.java:mayWait(177)) - 4662cef3-4296-4558-a543-727d5622f336@group-FD362DB6BEE1->575cbf86-88fb-41ad-ac78-70c476dab826-GrpcLogAppender: Wait interrupted by java.lang.InterruptedException
2022-01-10 01:36:48,525 [4662cef3-4296-4558-a543-727d5622f336@group-FD362DB6BEE1->e3f599f5-028b-4c3f-a449-c6721188584f-GrpcLogAppender-LogAppenderDaemon] WARN  server.GrpcLogAppender (GrpcLogAppender.java:mayWait(177)) - 4662cef3-4296-4558-a543-727d5622f336@group-FD362DB6BEE1->e3f599f5-028b-4c3f-a449-c6721188584f-GrpcLogAppender: Wait interrupted by java.lang.InterruptedException
2022-01-10 01:36:48,525 [ForkJoinPool.commonPool-worker-1] INFO  impl.StateMachineUpdater (StateMachineUpdater.java:stopAndJoin(149)) - 4662cef3-4296-4558-a543-727d5622f336@group-FD362DB6BEE1-StateMachineUpdater: set stopIndex = 27
2022-01-10 01:36:48,526 [4662cef3-4296-4558-a543-727d5622f336@group-FD362DB6BEE1-StateMachineUpdater] INFO  ratis.ContainerStateMachine (ContainerStateMachine.java:takeSnapshot(299)) - group-FD362DB6BEE1: Taking a snapshot at:(t:1, i:27) file /home/runner/work/ozone/ozone/hadoop-ozone/integration-test/target/test-dir/MiniOzoneClusterImpl-464fc649-a0a5-4ced-a2bf-a15f727bdd97/datanode-0/data/ratis/4e14f61a-102a-4144-81cc-fd362db6bee1/sm/snapshot.1_27
2022-01-10 01:36:48,526 [Listener at 127.0.0.1/37387] INFO  server.RaftServer$Division (RaftServerImpl.java:lambda$close$4(412)) - e3f599f5-028b-4c3f-a449-c6721188584f@group-FD362DB6BEE1: shutdown
2022-01-10 01:36:48,526 [Listener at 127.0.0.1/37387] INFO  util.JmxRegister (JmxRegister.java:unregister(73)) - Successfully un-registered JMX Bean with object name Ratis:service=RaftServer,group=group-FD362DB6BEE1,id=e3f599f5-028b-4c3f-a449-c6721188584f
2022-01-10 01:36:48,526 [Listener at 127.0.0.1/37387] INFO  impl.RoleInfo (RoleInfo.java:shutdownFollowerState(108)) - e3f599f5-028b-4c3f-a449-c6721188584f: shutdown e3f599f5-028b-4c3f-a449-c6721188584f@group-FD362DB6BEE1-FollowerState
2022-01-10 01:36:48,526 [Listener at 127.0.0.1/37387] INFO  impl.StateMachineUpdater (StateMachineUpdater.java:stopAndJoin(149)) - e3f599f5-028b-4c3f-a449-c6721188584f@group-FD362DB6BEE1-StateMachineUpdater: set stopIndex = 27
2022-01-10 01:36:48,526 [grpc-default-executor-1] INFO  server.GrpcServerProtocolService (GrpcServerProtocolService.java:onCompleted(140)) - 575cbf86-88fb-41ad-ac78-70c476dab826: Completed APPEND_ENTRIES, lastRequest: 4662cef3-4296-4558-a543-727d5622f336->575cbf86-88fb-41ad-ac78-70c476dab826#256-t1,previous=(t:1, i:26),leaderCommit=25,initializing? true,entries: size=1, first=(t:1, i:27), METADATAENTRY(c:25)
2022-01-10 01:36:48,527 [grpc-default-executor-2] INFO  server.GrpcServerProtocolService (GrpcServerProtocolService.java:onCompleted(140)) - e3f599f5-028b-4c3f-a449-c6721188584f: Completed APPEND_ENTRIES, lastRequest: 4662cef3-4296-4558-a543-727d5622f336->e3f599f5-028b-4c3f-a449-c6721188584f#253-t1,previous=(t:1, i:26),leaderCommit=25,initializing? true,entries: size=1, first=(t:1, i:27), METADATAENTRY(c:25)
2022-01-10 01:36:48,527 [e3f599f5-028b-4c3f-a449-c6721188584f@group-FD362DB6BEE1-FollowerState] INFO  impl.FollowerState (FollowerState.java:run(143)) - e3f599f5-028b-4c3f-a449-c6721188584f@group-FD362DB6BEE1-FollowerState was interrupted: {}
java.lang.InterruptedException: sleep interrupted
	at java.lang.Thread.sleep(Native Method)
	at java.lang.Thread.sleep(Thread.java:340)
	at java.util.concurrent.TimeUnit.sleep(TimeUnit.java:386)
	at org.apache.ratis.util.TimeDuration.sleep(TimeDuration.java:324)
	at org.apache.ratis.util.TimeDuration.sleep(TimeDuration.java:309)
	at org.apache.ratis.server.impl.FollowerState.run(FollowerState.java:118)
2022-01-10 01:36:48,527 [e3f599f5-028b-4c3f-a449-c6721188584f@group-FD362DB6BEE1-StateMachineUpdater] INFO  ratis.ContainerStateMachine (ContainerStateMachine.java:takeSnapshot(299)) - group-FD362DB6BEE1: Taking a snapshot at:(t:1, i:27) file /home/runner/work/ozone/ozone/hadoop-ozone/integration-test/target/test-dir/MiniOzoneClusterImpl-464fc649-a0a5-4ced-a2bf-a15f727bdd97/datanode-1/data/ratis/4e14f61a-102a-4144-81cc-fd362db6bee1/sm/snapshot.1_27
2022-01-10 01:36:48,528 [grpc-default-executor-4] INFO  server.GrpcLogAppender (GrpcLogAppender.java:onCompleted(346)) - 4662cef3-4296-4558-a543-727d5622f336@group-FD362DB6BEE1->e3f599f5-028b-4c3f-a449-c6721188584f-AppendLogResponseHandler: follower responses appendEntries COMPLETED
2022-01-10 01:36:48,528 [grpc-default-executor-1] INFO  server.GrpcLogAppender (GrpcLogAppender.java:onCompleted(346)) - 4662cef3-4296-4558-a543-727d5622f336@group-FD362DB6BEE1->575cbf86-88fb-41ad-ac78-70c476dab826-AppendLogResponseHandler: follower responses appendEntries COMPLETED
2022-01-10 01:36:48,528 [grpc-default-executor-4] INFO  leader.FollowerInfo (FollowerInfoImpl.java:lambda$new$0(47)) - 4662cef3-4296-4558-a543-727d5622f336@group-FD362DB6BEE1->e3f599f5-028b-4c3f-a449-c6721188584f: nextIndex: updateUnconditionally 28 -> 27
2022-01-10 01:36:48,528 [grpc-default-executor-1] INFO  leader.FollowerInfo (FollowerInfoImpl.java:lambda$new$0(47)) - 4662cef3-4296-4558-a543-727d5622f336@group-FD362DB6BEE1->575cbf86-88fb-41ad-ac78-70c476dab826: nextIndex: updateUnconditionally 28 -> 27
2022-01-10 01:36:48,529 [4662cef3-4296-4558-a543-727d5622f336@group-FD362DB6BEE1-StateMachineUpdater] INFO  ratis.ContainerStateMachine (ContainerStateMachine.java:takeSnapshot(310)) - group-FD362DB6BEE1: Finished taking a snapshot at:(t:1, i:27) file:/home/runner/work/ozone/ozone/hadoop-ozone/integration-test/target/test-dir/MiniOzoneClusterImpl-464fc649-a0a5-4ced-a2bf-a15f727bdd97/datanode-0/data/ratis/4e14f61a-102a-4144-81cc-fd362db6bee1/sm/snapshot.1_27 took: 3 ms
2022-01-10 01:36:48,529 [4662cef3-4296-4558-a543-727d5622f336@group-FD362DB6BEE1-StateMachineUpdater] INFO  impl.StateMachineUpdater (StateMachineUpdater.java:takeSnapshot(281)) - 4662cef3-4296-4558-a543-727d5622f336@group-FD362DB6BEE1-StateMachineUpdater: Took a snapshot at index 27
2022-01-10 01:36:48,529 [4662cef3-4296-4558-a543-727d5622f336@group-FD362DB6BEE1-StateMachineUpdater] INFO  impl.StateMachineUpdater (StateMachineUpdater.java:lambda$new$0(89)) - 4662cef3-4296-4558-a543-727d5622f336@group-FD362DB6BEE1-StateMachineUpdater: snapshotIndex: updateIncreasingly -1 -> 27
2022-01-10 01:36:48,529 [ForkJoinPool.commonPool-worker-1] INFO  server.RaftServer$Division (ServerState.java:close(419)) - 4662cef3-4296-4558-a543-727d5622f336@group-FD362DB6BEE1: closes. applyIndex: 27
2022-01-10 01:36:48,529 [e3f599f5-028b-4c3f-a449-c6721188584f@group-FD362DB6BEE1-StateMachineUpdater] INFO  ratis.ContainerStateMachine (ContainerStateMachine.java:takeSnapshot(310)) - group-FD362DB6BEE1: Finished taking a snapshot at:(t:1, i:27) file:/home/runner/work/ozone/ozone/hadoop-ozone/integration-test/target/test-dir/MiniOzoneClusterImpl-464fc649-a0a5-4ced-a2bf-a15f727bdd97/datanode-1/data/ratis/4e14f61a-102a-4144-81cc-fd362db6bee1/sm/snapshot.1_27 took: 3 ms
2022-01-10 01:36:48,529 [4662cef3-4296-4558-a543-727d5622f336@group-FD362DB6BEE1-SegmentedRaftLogWorker] INFO  segmented.SegmentedRaftLogWorker (SegmentedRaftLogWorker.java:run(327)) - 4662cef3-4296-4558-a543-727d5622f336@group-FD362DB6BEE1-SegmentedRaftLogWorker was interrupted, exiting. There are 0 tasks remaining in the queue.
2022-01-10 01:36:48,529 [e3f599f5-028b-4c3f-a449-c6721188584f@group-FD362DB6BEE1-StateMachineUpdater] INFO  impl.StateMachineUpdater (StateMachineUpdater.java:takeSnapshot(281)) - e3f599f5-028b-4c3f-a449-c6721188584f@group-FD362DB6BEE1-StateMachineUpdater: Took a snapshot at index 27
2022-01-10 01:36:48,529 [e3f599f5-028b-4c3f-a449-c6721188584f@group-FD362DB6BEE1-StateMachineUpdater] INFO  impl.StateMachineUpdater (StateMachineUpdater.java:lambda$new$0(89)) - e3f599f5-028b-4c3f-a449-c6721188584f@group-FD362DB6BEE1-StateMachineUpdater: snapshotIndex: updateIncreasingly -1 -> 27
2022-01-10 01:36:48,530 [Listener at 127.0.0.1/37387] INFO  server.RaftServer$Division (ServerState.java:close(419)) - e3f599f5-028b-4c3f-a449-c6721188584f@group-FD362DB6BEE1: closes. applyIndex: 27
2022-01-10 01:36:48,530 [ForkJoinPool.commonPool-worker-1] INFO  segmented.SegmentedRaftLogWorker (SegmentedRaftLogWorker.java:close(237)) - 4662cef3-4296-4558-a543-727d5622f336@group-FD362DB6BEE1-SegmentedRaftLogWorker close()
2022-01-10 01:36:48,531 [ForkJoinPool.commonPool-worker-1] INFO  server.GrpcService (GrpcService.java:closeImpl(262)) - 4662cef3-4296-4558-a543-727d5622f336: shutdown server with port 33395 now
2022-01-10 01:36:48,534 [e3f599f5-028b-4c3f-a449-c6721188584f@group-FD362DB6BEE1-SegmentedRaftLogWorker] INFO  segmented.SegmentedRaftLogWorker (SegmentedRaftLogWorker.java:run(327)) - e3f599f5-028b-4c3f-a449-c6721188584f@group-FD362DB6BEE1-SegmentedRaftLogWorker was interrupted, exiting. There are 0 tasks remaining in the queue.
2022-01-10 01:36:48,534 [grpc-default-executor-3] WARN  client.GrpcClientProtocolService (LogUtils.java:warn(122)) - 1-UnorderedRequestStreamObserver1: onError: org.apache.ratis.thirdparty.io.grpc.StatusRuntimeException: CANCELLED: client cancelled
2022-01-10 01:36:48,534 [Listener at 127.0.0.1/37387] INFO  segmented.SegmentedRaftLogWorker (SegmentedRaftLogWorker.java:close(237)) - e3f599f5-028b-4c3f-a449-c6721188584f@group-FD362DB6BEE1-SegmentedRaftLogWorker close()
2022-01-10 01:36:48,536 [Listener at 127.0.0.1/37387] INFO  server.RaftServer$Division (RaftServerImpl.java:lambda$close$4(412)) - e3f599f5-028b-4c3f-a449-c6721188584f@group-4848C0CE9D84: shutdown
2022-01-10 01:36:48,536 [Listener at 127.0.0.1/37387] INFO  util.JmxRegister (JmxRegister.java:unregister(73)) - Successfully un-registered JMX Bean with object name Ratis:service=RaftServer,group=group-4848C0CE9D84,id=e3f599f5-028b-4c3f-a449-c6721188584f
2022-01-10 01:36:48,536 [Listener at 127.0.0.1/37387] INFO  impl.RoleInfo (RoleInfo.java:shutdownLeaderState(91)) - e3f599f5-028b-4c3f-a449-c6721188584f: shutdown e3f599f5-028b-4c3f-a449-c6721188584f@group-4848C0CE9D84-LeaderStateImpl
2022-01-10 01:36:48,536 [Listener at 127.0.0.1/37387] INFO  impl.PendingRequests (PendingRequests.java:sendNotLeaderResponses(282)) - e3f599f5-028b-4c3f-a449-c6721188584f@group-4848C0CE9D84-PendingRequests: sendNotLeaderResponses
2022-01-10 01:36:48,537 [Listener at 127.0.0.1/37387] INFO  impl.StateMachineUpdater (StateMachineUpdater.java:stopAndJoin(149)) - e3f599f5-028b-4c3f-a449-c6721188584f@group-4848C0CE9D84-StateMachineUpdater: set stopIndex = 0
2022-01-10 01:36:48,537 [e3f599f5-028b-4c3f-a449-c6721188584f@group-4848C0CE9D84-StateMachineUpdater] INFO  ratis.ContainerStateMachine (ContainerStateMachine.java:takeSnapshot(299)) - group-4848C0CE9D84: Taking a snapshot at:(t:1, i:0) file /home/runner/work/ozone/ozone/hadoop-ozone/integration-test/target/test-dir/MiniOzoneClusterImpl-464fc649-a0a5-4ced-a2bf-a15f727bdd97/datanode-1/data/ratis/4bb98994-ae82-48d9-8d3b-4848c0ce9d84/sm/snapshot.1_0
2022-01-10 01:36:48,537 [ForkJoinPool.commonPool-worker-1] INFO  server.GrpcService (GrpcService.java:closeImpl(271)) - 4662cef3-4296-4558-a543-727d5622f336: shutdown server with port 33395 successfully
2022-01-10 01:36:48,538 [org.apache.ratis.util.JvmPauseMonitor$$Lambda$529/1957356322@6054cba7] INFO  util.JvmPauseMonitor (JvmPauseMonitor.java:run(109)) - JvmPauseMonitor-4662cef3-4296-4558-a543-727d5622f336: Stopped
2022-01-10 01:36:48,538 [e3f599f5-028b-4c3f-a449-c6721188584f@group-4848C0CE9D84-StateMachineUpdater] INFO  ratis.ContainerStateMachine (ContainerStateMachine.java:takeSnapshot(310)) - group-4848C0CE9D84: Finished taking a snapshot at:(t:1, i:0) file:/home/runner/work/ozone/ozone/hadoop-ozone/integration-test/target/test-dir/MiniOzoneClusterImpl-464fc649-a0a5-4ced-a2bf-a15f727bdd97/datanode-1/data/ratis/4bb98994-ae82-48d9-8d3b-4848c0ce9d84/sm/snapshot.1_0 took: 2 ms
2022-01-10 01:36:48,539 [e3f599f5-028b-4c3f-a449-c6721188584f@group-4848C0CE9D84-StateMachineUpdater] INFO  impl.StateMachineUpdater (StateMachineUpdater.java:takeSnapshot(281)) - e3f599f5-028b-4c3f-a449-c6721188584f@group-4848C0CE9D84-StateMachineUpdater: Took a snapshot at index 0
2022-01-10 01:36:48,539 [e3f599f5-028b-4c3f-a449-c6721188584f@group-4848C0CE9D84-StateMachineUpdater] INFO  impl.StateMachineUpdater (StateMachineUpdater.java:lambda$new$0(89)) - e3f599f5-028b-4c3f-a449-c6721188584f@group-4848C0CE9D84-StateMachineUpdater: snapshotIndex: updateIncreasingly -1 -> 0
2022-01-10 01:36:48,539 [Listener at 127.0.0.1/37387] INFO  server.RaftServer$Division (ServerState.java:close(419)) - e3f599f5-028b-4c3f-a449-c6721188584f@group-4848C0CE9D84: closes. applyIndex: 0
2022-01-10 01:36:48,539 [e3f599f5-028b-4c3f-a449-c6721188584f@group-4848C0CE9D84-SegmentedRaftLogWorker] INFO  segmented.SegmentedRaftLogWorker (SegmentedRaftLogWorker.java:run(327)) - e3f599f5-028b-4c3f-a449-c6721188584f@group-4848C0CE9D84-SegmentedRaftLogWorker was interrupted, exiting. There are 0 tasks remaining in the queue.
2022-01-10 01:36:48,540 [Listener at 127.0.0.1/37387] INFO  segmented.SegmentedRaftLogWorker (SegmentedRaftLogWorker.java:close(237)) - e3f599f5-028b-4c3f-a449-c6721188584f@group-4848C0CE9D84-SegmentedRaftLogWorker close()
2022-01-10 01:36:48,545 [Listener at 127.0.0.1/37387] INFO  server.GrpcService (GrpcService.java:closeImpl(262)) - e3f599f5-028b-4c3f-a449-c6721188584f: shutdown server with port 41427 now
2022-01-10 01:36:48,551 [Listener at 127.0.0.1/37387] INFO  server.GrpcService (GrpcService.java:closeImpl(271)) - e3f599f5-028b-4c3f-a449-c6721188584f: shutdown server with port 41427 successfully
2022-01-10 01:36:48,551 [org.apache.ratis.util.JvmPauseMonitor$$Lambda$529/1957356322@2339c5fd] INFO  util.JvmPauseMonitor (JvmPauseMonitor.java:run(109)) - JvmPauseMonitor-e3f599f5-028b-4c3f-a449-c6721188584f: Stopped
2022-01-10 01:36:50,566 [Listener at 127.0.0.1/37387] INFO  utils.BackgroundService (BackgroundService.java:shutdown(132)) - Shutting down service BlockDeletingService
2022-01-10 01:36:50,567 [ForkJoinPool.commonPool-worker-1] INFO  utils.BackgroundService (BackgroundService.java:shutdown(132)) - Shutting down service BlockDeletingService
2022-01-10 01:36:53,569 [Listener at 127.0.0.1/37387] INFO  statemachine.DatanodeStateMachine (DatanodeStateMachine.java:stopDaemon(526)) - Ozone container server stopped.
2022-01-10 01:36:53,570 [Listener at 127.0.0.1/37387] INFO  handler.ContextHandler (ContextHandler.java:doStop(1153)) - Stopped o.e.j.w.WebAppContext@70841eba{hddsDatanode,/,null,STOPPED}{jar:file:/home/runner/.m2/repository/org/apache/ozone/hdds-container-service/1.3.0-SNAPSHOT/hdds-container-service-1.3.0-SNAPSHOT.jar!/webapps/hddsDatanode}
2022-01-10 01:36:53,571 [ForkJoinPool.commonPool-worker-1] INFO  statemachine.DatanodeStateMachine (DatanodeStateMachine.java:stopDaemon(526)) - Ozone container server stopped.
2022-01-10 01:36:53,573 [Listener at 127.0.0.1/37387] INFO  server.AbstractConnector (AbstractConnector.java:doStop(381)) - Stopped ServerConnector@1c306593{HTTP/1.1, (http/1.1)}{0.0.0.0:0}
2022-01-10 01:36:53,574 [Listener at 127.0.0.1/37387] INFO  server.session (HouseKeeper.java:stopScavenging(149)) - node0 Stopped scavenging
2022-01-10 01:36:53,575 [ForkJoinPool.commonPool-worker-1] INFO  handler.ContextHandler (ContextHandler.java:doStop(1153)) - Stopped o.e.j.w.WebAppContext@2577f595{hddsDatanode,/,null,STOPPED}{jar:file:/home/runner/.m2/repository/org/apache/ozone/hdds-container-service/1.3.0-SNAPSHOT/hdds-container-service-1.3.0-SNAPSHOT.jar!/webapps/hddsDatanode}
2022-01-10 01:36:53,575 [ForkJoinPool.commonPool-worker-1] INFO  server.AbstractConnector (AbstractConnector.java:doStop(381)) - Stopped ServerConnector@2231f1f7{HTTP/1.1, (http/1.1)}{0.0.0.0:0}
2022-01-10 01:36:53,575 [ForkJoinPool.commonPool-worker-1] INFO  server.session (HouseKeeper.java:stopScavenging(149)) - node0 Stopped scavenging
2022-01-10 01:36:53,576 [ForkJoinPool.commonPool-worker-1] INFO  handler.ContextHandler (ContextHandler.java:doStop(1153)) - Stopped o.e.j.s.ServletContextHandler@799e5418{static,/static,jar:file:/home/runner/.m2/repository/org/apache/ozone/hdds-container-service/1.3.0-SNAPSHOT/hdds-container-service-1.3.0-SNAPSHOT.jar!/webapps/static,STOPPED}
2022-01-10 01:36:53,576 [ForkJoinPool.commonPool-worker-1] INFO  handler.ContextHandler (ContextHandler.java:doStop(1153)) - Stopped o.e.j.s.ServletContextHandler@4cf88216{logs,/logs,file:///home/runner/work/ozone/ozone/hadoop-ozone/integration-test/target/log,STOPPED}
2022-01-10 01:36:53,577 [Listener at 127.0.0.1/37387] INFO  handler.ContextHandler (ContextHandler.java:doStop(1153)) - Stopped o.e.j.s.ServletContextHandler@67485f3c{static,/static,jar:file:/home/runner/.m2/repository/org/apache/ozone/hdds-container-service/1.3.0-SNAPSHOT/hdds-container-service-1.3.0-SNAPSHOT.jar!/webapps/static,STOPPED}
2022-01-10 01:36:53,577 [Listener at 127.0.0.1/37387] INFO  handler.ContextHandler (ContextHandler.java:doStop(1153)) - Stopped o.e.j.s.ServletContextHandler@2b324335{logs,/logs,file:///home/runner/work/ozone/ozone/hadoop-ozone/integration-test/target/log,STOPPED}
2022-01-10 01:36:56,268 [575cbf86-88fb-41ad-ac78-70c476dab826@group-FD362DB6BEE1-FollowerState] INFO  impl.FollowerState (FollowerState.java:run(134)) - 575cbf86-88fb-41ad-ac78-70c476dab826@group-FD362DB6BEE1-FollowerState: change to CANDIDATE, lastRpcElapsedTime:9430050170ns, electionTimeout:5194ms
2022-01-10 01:36:56,268 [575cbf86-88fb-41ad-ac78-70c476dab826@group-FD362DB6BEE1-FollowerState] INFO  impl.RoleInfo (RoleInfo.java:shutdownFollowerState(108)) - 575cbf86-88fb-41ad-ac78-70c476dab826: shutdown 575cbf86-88fb-41ad-ac78-70c476dab826@group-FD362DB6BEE1-FollowerState
2022-01-10 01:36:56,268 [575cbf86-88fb-41ad-ac78-70c476dab826@group-FD362DB6BEE1-FollowerState] INFO  server.RaftServer$Division (RaftServerImpl.java:setRole(290)) - 575cbf86-88fb-41ad-ac78-70c476dab826@group-FD362DB6BEE1: changes role from  FOLLOWER to CANDIDATE at term 1 for changeToCandidate
2022-01-10 01:36:56,268 [575cbf86-88fb-41ad-ac78-70c476dab826@group-FD362DB6BEE1-FollowerState] INFO  server.RaftServerConfigKeys (ConfUtils.java:logGet(44)) - raft.server.leaderelection.pre-vote = false (custom)
2022-01-10 01:36:56,268 [575cbf86-88fb-41ad-ac78-70c476dab826@group-FD362DB6BEE1-FollowerState] INFO  impl.RoleInfo (RoleInfo.java:updateAndGet(130)) - 575cbf86-88fb-41ad-ac78-70c476dab826: start 575cbf86-88fb-41ad-ac78-70c476dab826@group-FD362DB6BEE1-LeaderElection25
2022-01-10 01:36:56,294 [575cbf86-88fb-41ad-ac78-70c476dab826@group-FD362DB6BEE1-LeaderElection25] INFO  server.RaftServer$Division (ServerState.java:setLeader(285)) - 575cbf86-88fb-41ad-ac78-70c476dab826@group-FD362DB6BEE1: change Leader from 4662cef3-4296-4558-a543-727d5622f336 to null at term 1 for ELECTION
2022-01-10 01:36:56,297 [575cbf86-88fb-41ad-ac78-70c476dab826@group-FD362DB6BEE1-LeaderElection25] INFO  impl.LeaderElection (LeaderElection.java:askForVotes(306)) - 575cbf86-88fb-41ad-ac78-70c476dab826@group-FD362DB6BEE1-LeaderElection25 ELECTION round 0: submit vote requests at term 2 for 0: [e3f599f5-028b-4c3f-a449-c6721188584f|rpc:10.1.0.8:41427|dataStream:|priority:0, 575cbf86-88fb-41ad-ac78-70c476dab826|rpc:10.1.0.8:42327|dataStream:|priority:0, 4662cef3-4296-4558-a543-727d5622f336|rpc:10.1.0.8:33395|dataStream:|priority:1], old=null
2022-01-10 01:36:56,320 [575cbf86-88fb-41ad-ac78-70c476dab826@group-FD362DB6BEE1-LeaderElection25] INFO  impl.LeaderElection (LogUtils.java:infoOrTrace(137)) - 575cbf86-88fb-41ad-ac78-70c476dab826@group-FD362DB6BEE1-LeaderElection25 got exception when requesting votes: java.util.concurrent.ExecutionException: org.apache.ratis.thirdparty.io.grpc.StatusRuntimeException: UNAVAILABLE: io exception
2022-01-10 01:36:56,326 [575cbf86-88fb-41ad-ac78-70c476dab826@group-FD362DB6BEE1-LeaderElection25] INFO  impl.LeaderElection (LogUtils.java:infoOrTrace(137)) - 575cbf86-88fb-41ad-ac78-70c476dab826@group-FD362DB6BEE1-LeaderElection25 got exception when requesting votes: java.util.concurrent.ExecutionException: org.apache.ratis.thirdparty.io.grpc.StatusRuntimeException: UNAVAILABLE: io exception
2022-01-10 01:36:56,326 [575cbf86-88fb-41ad-ac78-70c476dab826@group-FD362DB6BEE1-LeaderElection25] INFO  impl.LeaderElection (LeaderElection.java:logAndReturn(89)) - 575cbf86-88fb-41ad-ac78-70c476dab826@group-FD362DB6BEE1-LeaderElection25: ELECTION REJECTED received 0 response(s) and 2 exception(s):
2022-01-10 01:36:56,326 [575cbf86-88fb-41ad-ac78-70c476dab826@group-FD362DB6BEE1-LeaderElection25] INFO  impl.LeaderElection (LogUtils.java:infoOrTrace(137)) -   Exception 0: java.util.concurrent.ExecutionException: org.apache.ratis.thirdparty.io.grpc.StatusRuntimeException: UNAVAILABLE: io exception
2022-01-10 01:36:56,326 [575cbf86-88fb-41ad-ac78-70c476dab826@group-FD362DB6BEE1-LeaderElection25] INFO  impl.LeaderElection (LogUtils.java:infoOrTrace(137)) -   Exception 1: java.util.concurrent.ExecutionException: org.apache.ratis.thirdparty.io.grpc.StatusRuntimeException: UNAVAILABLE: io exception
2022-01-10 01:36:56,326 [575cbf86-88fb-41ad-ac78-70c476dab826@group-FD362DB6BEE1-LeaderElection25] INFO  impl.LeaderElection (LeaderElection.java:askForVotes(308)) - 575cbf86-88fb-41ad-ac78-70c476dab826@group-FD362DB6BEE1-LeaderElection25 ELECTION round 0: result REJECTED
2022-01-10 01:36:56,327 [575cbf86-88fb-41ad-ac78-70c476dab826@group-FD362DB6BEE1-LeaderElection25] INFO  server.RaftServer$Division (RaftServerImpl.java:setRole(290)) - 575cbf86-88fb-41ad-ac78-70c476dab826@group-FD362DB6BEE1: changes role from CANDIDATE to FOLLOWER at term 2 for REJECTED
2022-01-10 01:36:56,327 [575cbf86-88fb-41ad-ac78-70c476dab826@group-FD362DB6BEE1-LeaderElection25] INFO  impl.RoleInfo (RoleInfo.java:shutdownLeaderElection(121)) - 575cbf86-88fb-41ad-ac78-70c476dab826: shutdown 575cbf86-88fb-41ad-ac78-70c476dab826@group-FD362DB6BEE1-LeaderElection25
2022-01-10 01:36:56,327 [575cbf86-88fb-41ad-ac78-70c476dab826@group-FD362DB6BEE1-LeaderElection25] INFO  impl.RoleInfo (RoleInfo.java:updateAndGet(130)) - 575cbf86-88fb-41ad-ac78-70c476dab826: start 575cbf86-88fb-41ad-ac78-70c476dab826@group-FD362DB6BEE1-FollowerState
2022-01-10 01:36:56,461 [575cbf86-88fb-41ad-ac78-70c476dab826@group-D8C9A2E4EA00-FollowerState] INFO  impl.FollowerState (FollowerState.java:run(134)) - 575cbf86-88fb-41ad-ac78-70c476dab826@group-D8C9A2E4EA00-FollowerState: change to CANDIDATE, lastRpcElapsedTime:7973613449ns, electionTimeout:5144ms
2022-01-10 01:36:56,463 [575cbf86-88fb-41ad-ac78-70c476dab826@group-D8C9A2E4EA00-FollowerState] INFO  impl.RoleInfo (RoleInfo.java:shutdownFollowerState(108)) - 575cbf86-88fb-41ad-ac78-70c476dab826: shutdown 575cbf86-88fb-41ad-ac78-70c476dab826@group-D8C9A2E4EA00-FollowerState
2022-01-10 01:36:56,463 [575cbf86-88fb-41ad-ac78-70c476dab826@group-D8C9A2E4EA00-FollowerState] INFO  server.RaftServer$Division (RaftServerImpl.java:setRole(290)) - 575cbf86-88fb-41ad-ac78-70c476dab826@group-D8C9A2E4EA00: changes role from  FOLLOWER to CANDIDATE at term 2 for changeToCandidate
2022-01-10 01:36:56,463 [575cbf86-88fb-41ad-ac78-70c476dab826@group-D8C9A2E4EA00-FollowerState] INFO  server.RaftServerConfigKeys (ConfUtils.java:logGet(44)) - raft.server.leaderelection.pre-vote = false (custom)
2022-01-10 01:36:56,463 [575cbf86-88fb-41ad-ac78-70c476dab826@group-D8C9A2E4EA00-FollowerState] INFO  impl.RoleInfo (RoleInfo.java:updateAndGet(130)) - 575cbf86-88fb-41ad-ac78-70c476dab826: start 575cbf86-88fb-41ad-ac78-70c476dab826@group-D8C9A2E4EA00-LeaderElection26
2022-01-10 01:36:56,478 [575cbf86-88fb-41ad-ac78-70c476dab826@group-D8C9A2E4EA00-LeaderElection26] INFO  server.RaftServer$Division (ServerState.java:setLeader(285)) - 575cbf86-88fb-41ad-ac78-70c476dab826@group-D8C9A2E4EA00: change Leader from e3f599f5-028b-4c3f-a449-c6721188584f to null at term 2 for ELECTION
2022-01-10 01:36:56,480 [575cbf86-88fb-41ad-ac78-70c476dab826@group-D8C9A2E4EA00-LeaderElection26] INFO  impl.LeaderElection (LeaderElection.java:askForVotes(306)) - 575cbf86-88fb-41ad-ac78-70c476dab826@group-D8C9A2E4EA00-LeaderElection26 ELECTION round 0: submit vote requests at term 3 for 0: [e3f599f5-028b-4c3f-a449-c6721188584f|rpc:10.1.0.8:41427|dataStream:|priority:1, 575cbf86-88fb-41ad-ac78-70c476dab826|rpc:10.1.0.8:42327|dataStream:|priority:0, 4662cef3-4296-4558-a543-727d5622f336|rpc:10.1.0.8:33395|dataStream:|priority:0], old=null
2022-01-10 01:36:56,488 [575cbf86-88fb-41ad-ac78-70c476dab826@group-D8C9A2E4EA00-LeaderElection26] INFO  impl.LeaderElection (LogUtils.java:infoOrTrace(137)) - 575cbf86-88fb-41ad-ac78-70c476dab826@group-D8C9A2E4EA00-LeaderElection26 got exception when requesting votes: java.util.concurrent.ExecutionException: org.apache.ratis.thirdparty.io.grpc.StatusRuntimeException: UNAVAILABLE: io exception
2022-01-10 01:36:56,488 [575cbf86-88fb-41ad-ac78-70c476dab826@group-D8C9A2E4EA00-LeaderElection26] INFO  impl.LeaderElection (LogUtils.java:infoOrTrace(137)) - 575cbf86-88fb-41ad-ac78-70c476dab826@group-D8C9A2E4EA00-LeaderElection26 got exception when requesting votes: java.util.concurrent.ExecutionException: org.apache.ratis.thirdparty.io.grpc.StatusRuntimeException: UNAVAILABLE: io exception
2022-01-10 01:36:56,488 [575cbf86-88fb-41ad-ac78-70c476dab826@group-D8C9A2E4EA00-LeaderElection26] INFO  impl.LeaderElection (LeaderElection.java:logAndReturn(89)) - 575cbf86-88fb-41ad-ac78-70c476dab826@group-D8C9A2E4EA00-LeaderElection26: ELECTION REJECTED received 0 response(s) and 2 exception(s):
2022-01-10 01:36:56,489 [575cbf86-88fb-41ad-ac78-70c476dab826@group-D8C9A2E4EA00-LeaderElection26] INFO  impl.LeaderElection (LogUtils.java:infoOrTrace(137)) -   Exception 0: java.util.concurrent.ExecutionException: org.apache.ratis.thirdparty.io.grpc.StatusRuntimeException: UNAVAILABLE: io exception
2022-01-10 01:36:56,489 [575cbf86-88fb-41ad-ac78-70c476dab826@group-D8C9A2E4EA00-LeaderElection26] INFO  impl.LeaderElection (LogUtils.java:infoOrTrace(137)) -   Exception 1: java.util.concurrent.ExecutionException: org.apache.ratis.thirdparty.io.grpc.StatusRuntimeException: UNAVAILABLE: io exception
2022-01-10 01:36:56,489 [575cbf86-88fb-41ad-ac78-70c476dab826@group-D8C9A2E4EA00-LeaderElection26] INFO  impl.LeaderElection (LeaderElection.java:askForVotes(308)) - 575cbf86-88fb-41ad-ac78-70c476dab826@group-D8C9A2E4EA00-LeaderElection26 ELECTION round 0: result REJECTED
2022-01-10 01:36:56,489 [575cbf86-88fb-41ad-ac78-70c476dab826@group-D8C9A2E4EA00-LeaderElection26] INFO  server.RaftServer$Division (RaftServerImpl.java:setRole(290)) - 575cbf86-88fb-41ad-ac78-70c476dab826@group-D8C9A2E4EA00: changes role from CANDIDATE to FOLLOWER at term 3 for REJECTED
2022-01-10 01:36:56,489 [575cbf86-88fb-41ad-ac78-70c476dab826@group-D8C9A2E4EA00-LeaderElection26] INFO  impl.RoleInfo (RoleInfo.java:shutdownLeaderElection(121)) - 575cbf86-88fb-41ad-ac78-70c476dab826: shutdown 575cbf86-88fb-41ad-ac78-70c476dab826@group-D8C9A2E4EA00-LeaderElection26
2022-01-10 01:36:56,489 [575cbf86-88fb-41ad-ac78-70c476dab826@group-D8C9A2E4EA00-LeaderElection26] INFO  impl.RoleInfo (RoleInfo.java:updateAndGet(130)) - 575cbf86-88fb-41ad-ac78-70c476dab826: start 575cbf86-88fb-41ad-ac78-70c476dab826@group-D8C9A2E4EA00-FollowerState
2022-01-10 01:36:58,579 [ForkJoinPool.commonPool-worker-1] INFO  ozoneimpl.OzoneContainer (OzoneContainer.java:stop(336)) - Attempting to stop container services.
2022-01-10 01:36:58,580 [ForkJoinPool.commonPool-worker-1] INFO  server.RaftServer (RaftServerProxy.java:lambda$close$6(391)) - 575cbf86-88fb-41ad-ac78-70c476dab826: close
2022-01-10 01:36:58,580 [ForkJoinPool.commonPool-worker-1] INFO  server.RaftServer$Division (RaftServerImpl.java:lambda$close$4(412)) - 575cbf86-88fb-41ad-ac78-70c476dab826@group-D8C9A2E4EA00: shutdown
2022-01-10 01:36:58,580 [ForkJoinPool.commonPool-worker-1] INFO  util.JmxRegister (JmxRegister.java:unregister(73)) - Successfully un-registered JMX Bean with object name Ratis:service=RaftServer,group=group-D8C9A2E4EA00,id=575cbf86-88fb-41ad-ac78-70c476dab826
2022-01-10 01:36:58,580 [ForkJoinPool.commonPool-worker-1] INFO  impl.RoleInfo (RoleInfo.java:shutdownFollowerState(108)) - 575cbf86-88fb-41ad-ac78-70c476dab826: shutdown 575cbf86-88fb-41ad-ac78-70c476dab826@group-D8C9A2E4EA00-FollowerState
2022-01-10 01:36:58,581 [ForkJoinPool.commonPool-worker-1] INFO  impl.StateMachineUpdater (StateMachineUpdater.java:stopAndJoin(149)) - 575cbf86-88fb-41ad-ac78-70c476dab826@group-D8C9A2E4EA00-StateMachineUpdater: set stopIndex = 0
2022-01-10 01:36:58,581 [575cbf86-88fb-41ad-ac78-70c476dab826@group-D8C9A2E4EA00-FollowerState] INFO  impl.FollowerState (FollowerState.java:run(143)) - 575cbf86-88fb-41ad-ac78-70c476dab826@group-D8C9A2E4EA00-FollowerState was interrupted: {}
java.lang.InterruptedException: sleep interrupted
	at java.lang.Thread.sleep(Native Method)
	at java.lang.Thread.sleep(Thread.java:340)
	at java.util.concurrent.TimeUnit.sleep(TimeUnit.java:386)
	at org.apache.ratis.util.TimeDuration.sleep(TimeDuration.java:324)
	at org.apache.ratis.util.TimeDuration.sleep(TimeDuration.java:309)
	at org.apache.ratis.server.impl.FollowerState.run(FollowerState.java:118)
2022-01-10 01:36:58,581 [575cbf86-88fb-41ad-ac78-70c476dab826@group-D8C9A2E4EA00-StateMachineUpdater] INFO  ratis.ContainerStateMachine (ContainerStateMachine.java:takeSnapshot(299)) - group-D8C9A2E4EA00: Taking a snapshot at:(t:2, i:0) file /home/runner/work/ozone/ozone/hadoop-ozone/integration-test/target/test-dir/MiniOzoneClusterImpl-464fc649-a0a5-4ced-a2bf-a15f727bdd97/datanode-2/data/ratis/afa7b46a-3a76-47ae-b798-d8c9a2e4ea00/sm/snapshot.2_0
2022-01-10 01:36:58,586 [575cbf86-88fb-41ad-ac78-70c476dab826@group-D8C9A2E4EA00-StateMachineUpdater] INFO  ratis.ContainerStateMachine (ContainerStateMachine.java:takeSnapshot(310)) - group-D8C9A2E4EA00: Finished taking a snapshot at:(t:2, i:0) file:/home/runner/work/ozone/ozone/hadoop-ozone/integration-test/target/test-dir/MiniOzoneClusterImpl-464fc649-a0a5-4ced-a2bf-a15f727bdd97/datanode-2/data/ratis/afa7b46a-3a76-47ae-b798-d8c9a2e4ea00/sm/snapshot.2_0 took: 5 ms
2022-01-10 01:36:58,586 [575cbf86-88fb-41ad-ac78-70c476dab826@group-D8C9A2E4EA00-StateMachineUpdater] INFO  impl.StateMachineUpdater (StateMachineUpdater.java:takeSnapshot(281)) - 575cbf86-88fb-41ad-ac78-70c476dab826@group-D8C9A2E4EA00-StateMachineUpdater: Took a snapshot at index 0
2022-01-10 01:36:58,586 [575cbf86-88fb-41ad-ac78-70c476dab826@group-D8C9A2E4EA00-StateMachineUpdater] INFO  impl.StateMachineUpdater (StateMachineUpdater.java:lambda$new$0(89)) - 575cbf86-88fb-41ad-ac78-70c476dab826@group-D8C9A2E4EA00-StateMachineUpdater: snapshotIndex: updateIncreasingly -1 -> 0
2022-01-10 01:36:58,586 [ForkJoinPool.commonPool-worker-1] INFO  server.RaftServer$Division (ServerState.java:close(419)) - 575cbf86-88fb-41ad-ac78-70c476dab826@group-D8C9A2E4EA00: closes. applyIndex: 0
2022-01-10 01:36:58,587 [575cbf86-88fb-41ad-ac78-70c476dab826@group-D8C9A2E4EA00-SegmentedRaftLogWorker] INFO  segmented.SegmentedRaftLogWorker (SegmentedRaftLogWorker.java:run(327)) - 575cbf86-88fb-41ad-ac78-70c476dab826@group-D8C9A2E4EA00-SegmentedRaftLogWorker was interrupted, exiting. There are 0 tasks remaining in the queue.
2022-01-10 01:36:58,587 [ForkJoinPool.commonPool-worker-1] INFO  segmented.SegmentedRaftLogWorker (SegmentedRaftLogWorker.java:close(237)) - 575cbf86-88fb-41ad-ac78-70c476dab826@group-D8C9A2E4EA00-SegmentedRaftLogWorker close()
2022-01-10 01:36:58,588 [ForkJoinPool.commonPool-worker-1] INFO  server.RaftServer$Division (RaftServerImpl.java:lambda$close$4(412)) - 575cbf86-88fb-41ad-ac78-70c476dab826@group-402024793883: shutdown
2022-01-10 01:36:58,588 [ForkJoinPool.commonPool-worker-1] INFO  util.JmxRegister (JmxRegister.java:unregister(73)) - Successfully un-registered JMX Bean with object name Ratis:service=RaftServer,group=group-402024793883,id=575cbf86-88fb-41ad-ac78-70c476dab826
2022-01-10 01:36:58,588 [ForkJoinPool.commonPool-worker-1] INFO  impl.RoleInfo (RoleInfo.java:shutdownLeaderState(91)) - 575cbf86-88fb-41ad-ac78-70c476dab826: shutdown 575cbf86-88fb-41ad-ac78-70c476dab826@group-402024793883-LeaderStateImpl
2022-01-10 01:36:58,588 [ForkJoinPool.commonPool-worker-1] INFO  impl.PendingRequests (PendingRequests.java:sendNotLeaderResponses(282)) - 575cbf86-88fb-41ad-ac78-70c476dab826@group-402024793883-PendingRequests: sendNotLeaderResponses
2022-01-10 01:36:58,589 [575cbf86-88fb-41ad-ac78-70c476dab826@group-402024793883-StateMachineUpdater] INFO  ratis.ContainerStateMachine (ContainerStateMachine.java:takeSnapshot(299)) - group-402024793883: Taking a snapshot at:(t:1, i:0) file /home/runner/work/ozone/ozone/hadoop-ozone/integration-test/target/test-dir/MiniOzoneClusterImpl-464fc649-a0a5-4ced-a2bf-a15f727bdd97/datanode-2/data/ratis/28c12cfb-5b4e-4362-86d0-402024793883/sm/snapshot.1_0
2022-01-10 01:36:58,589 [ForkJoinPool.commonPool-worker-1] INFO  impl.StateMachineUpdater (StateMachineUpdater.java:stopAndJoin(149)) - 575cbf86-88fb-41ad-ac78-70c476dab826@group-402024793883-StateMachineUpdater: set stopIndex = 0
2022-01-10 01:36:58,590 [575cbf86-88fb-41ad-ac78-70c476dab826@group-402024793883-StateMachineUpdater] INFO  ratis.ContainerStateMachine (ContainerStateMachine.java:takeSnapshot(310)) - group-402024793883: Finished taking a snapshot at:(t:1, i:0) file:/home/runner/work/ozone/ozone/hadoop-ozone/integration-test/target/test-dir/MiniOzoneClusterImpl-464fc649-a0a5-4ced-a2bf-a15f727bdd97/datanode-2/data/ratis/28c12cfb-5b4e-4362-86d0-402024793883/sm/snapshot.1_0 took: 1 ms
2022-01-10 01:36:58,590 [575cbf86-88fb-41ad-ac78-70c476dab826@group-402024793883-StateMachineUpdater] INFO  impl.StateMachineUpdater (StateMachineUpdater.java:takeSnapshot(281)) - 575cbf86-88fb-41ad-ac78-70c476dab826@group-402024793883-StateMachineUpdater: Took a snapshot at index 0
2022-01-10 01:36:58,590 [575cbf86-88fb-41ad-ac78-70c476dab826@group-402024793883-StateMachineUpdater] INFO  impl.StateMachineUpdater (StateMachineUpdater.java:lambda$new$0(89)) - 575cbf86-88fb-41ad-ac78-70c476dab826@group-402024793883-StateMachineUpdater: snapshotIndex: updateIncreasingly -1 -> 0
2022-01-10 01:36:58,590 [ForkJoinPool.commonPool-worker-1] INFO  server.RaftServer$Division (ServerState.java:close(419)) - 575cbf86-88fb-41ad-ac78-70c476dab826@group-402024793883: closes. applyIndex: 0
2022-01-10 01:36:58,591 [575cbf86-88fb-41ad-ac78-70c476dab826@group-402024793883-SegmentedRaftLogWorker] INFO  segmented.SegmentedRaftLogWorker (SegmentedRaftLogWorker.java:run(327)) - 575cbf86-88fb-41ad-ac78-70c476dab826@group-402024793883-SegmentedRaftLogWorker was interrupted, exiting. There are 0 tasks remaining in the queue.
2022-01-10 01:36:58,591 [ForkJoinPool.commonPool-worker-1] INFO  segmented.SegmentedRaftLogWorker (SegmentedRaftLogWorker.java:close(237)) - 575cbf86-88fb-41ad-ac78-70c476dab826@group-402024793883-SegmentedRaftLogWorker close()
2022-01-10 01:36:58,591 [ForkJoinPool.commonPool-worker-1] INFO  server.RaftServer$Division (RaftServerImpl.java:lambda$close$4(412)) - 575cbf86-88fb-41ad-ac78-70c476dab826@group-FD362DB6BEE1: shutdown
2022-01-10 01:36:58,591 [ForkJoinPool.commonPool-worker-1] INFO  util.JmxRegister (JmxRegister.java:unregister(73)) - Successfully un-registered JMX Bean with object name Ratis:service=RaftServer,group=group-FD362DB6BEE1,id=575cbf86-88fb-41ad-ac78-70c476dab826
2022-01-10 01:36:58,592 [ForkJoinPool.commonPool-worker-1] INFO  impl.RoleInfo (RoleInfo.java:shutdownFollowerState(108)) - 575cbf86-88fb-41ad-ac78-70c476dab826: shutdown 575cbf86-88fb-41ad-ac78-70c476dab826@group-FD362DB6BEE1-FollowerState
2022-01-10 01:36:58,592 [575cbf86-88fb-41ad-ac78-70c476dab826@group-FD362DB6BEE1-FollowerState] INFO  impl.FollowerState (FollowerState.java:run(143)) - 575cbf86-88fb-41ad-ac78-70c476dab826@group-FD362DB6BEE1-FollowerState was interrupted: {}
java.lang.InterruptedException: sleep interrupted
	at java.lang.Thread.sleep(Native Method)
	at java.lang.Thread.sleep(Thread.java:340)
	at java.util.concurrent.TimeUnit.sleep(TimeUnit.java:386)
	at org.apache.ratis.util.TimeDuration.sleep(TimeDuration.java:324)
	at org.apache.ratis.util.TimeDuration.sleep(TimeDuration.java:309)
	at org.apache.ratis.server.impl.FollowerState.run(FollowerState.java:118)
2022-01-10 01:36:58,592 [ForkJoinPool.commonPool-worker-1] INFO  impl.StateMachineUpdater (StateMachineUpdater.java:stopAndJoin(149)) - 575cbf86-88fb-41ad-ac78-70c476dab826@group-FD362DB6BEE1-StateMachineUpdater: set stopIndex = 27
2022-01-10 01:36:58,593 [575cbf86-88fb-41ad-ac78-70c476dab826@group-FD362DB6BEE1-StateMachineUpdater] INFO  ratis.ContainerStateMachine (ContainerStateMachine.java:takeSnapshot(299)) - group-FD362DB6BEE1: Taking a snapshot at:(t:1, i:27) file /home/runner/work/ozone/ozone/hadoop-ozone/integration-test/target/test-dir/MiniOzoneClusterImpl-464fc649-a0a5-4ced-a2bf-a15f727bdd97/datanode-2/data/ratis/4e14f61a-102a-4144-81cc-fd362db6bee1/sm/snapshot.1_27
2022-01-10 01:36:58,597 [575cbf86-88fb-41ad-ac78-70c476dab826@group-FD362DB6BEE1-StateMachineUpdater] INFO  ratis.ContainerStateMachine (ContainerStateMachine.java:takeSnapshot(310)) - group-FD362DB6BEE1: Finished taking a snapshot at:(t:1, i:27) file:/home/runner/work/ozone/ozone/hadoop-ozone/integration-test/target/test-dir/MiniOzoneClusterImpl-464fc649-a0a5-4ced-a2bf-a15f727bdd97/datanode-2/data/ratis/4e14f61a-102a-4144-81cc-fd362db6bee1/sm/snapshot.1_27 took: 4 ms
2022-01-10 01:36:58,597 [575cbf86-88fb-41ad-ac78-70c476dab826@group-FD362DB6BEE1-StateMachineUpdater] INFO  impl.StateMachineUpdater (StateMachineUpdater.java:takeSnapshot(281)) - 575cbf86-88fb-41ad-ac78-70c476dab826@group-FD362DB6BEE1-StateMachineUpdater: Took a snapshot at index 27
2022-01-10 01:36:58,597 [575cbf86-88fb-41ad-ac78-70c476dab826@group-FD362DB6BEE1-StateMachineUpdater] INFO  impl.StateMachineUpdater (StateMachineUpdater.java:lambda$new$0(89)) - 575cbf86-88fb-41ad-ac78-70c476dab826@group-FD362DB6BEE1-StateMachineUpdater: snapshotIndex: updateIncreasingly -1 -> 27
2022-01-10 01:36:58,597 [ForkJoinPool.commonPool-worker-1] INFO  server.RaftServer$Division (ServerState.java:close(419)) - 575cbf86-88fb-41ad-ac78-70c476dab826@group-FD362DB6BEE1: closes. applyIndex: 27
2022-01-10 01:36:58,598 [575cbf86-88fb-41ad-ac78-70c476dab826@group-FD362DB6BEE1-SegmentedRaftLogWorker] INFO  segmented.SegmentedRaftLogWorker (SegmentedRaftLogWorker.java:run(327)) - 575cbf86-88fb-41ad-ac78-70c476dab826@group-FD362DB6BEE1-SegmentedRaftLogWorker was interrupted, exiting. There are 0 tasks remaining in the queue.
2022-01-10 01:36:58,598 [ForkJoinPool.commonPool-worker-1] INFO  segmented.SegmentedRaftLogWorker (SegmentedRaftLogWorker.java:close(237)) - 575cbf86-88fb-41ad-ac78-70c476dab826@group-FD362DB6BEE1-SegmentedRaftLogWorker close()
2022-01-10 01:36:58,608 [ForkJoinPool.commonPool-worker-1] INFO  server.GrpcService (GrpcService.java:closeImpl(262)) - 575cbf86-88fb-41ad-ac78-70c476dab826: shutdown server with port 42327 now
2022-01-10 01:36:58,609 [ForkJoinPool.commonPool-worker-1] INFO  server.GrpcService (GrpcService.java:closeImpl(271)) - 575cbf86-88fb-41ad-ac78-70c476dab826: shutdown server with port 42327 successfully
2022-01-10 01:36:58,610 [org.apache.ratis.util.JvmPauseMonitor$$Lambda$529/1957356322@4cc6babf] INFO  util.JvmPauseMonitor (JvmPauseMonitor.java:run(109)) - JvmPauseMonitor-575cbf86-88fb-41ad-ac78-70c476dab826: Stopped
2022-01-10 01:37:00,638 [ForkJoinPool.commonPool-worker-1] INFO  utils.BackgroundService (BackgroundService.java:shutdown(132)) - Shutting down service BlockDeletingService
2022-01-10 01:37:03,640 [ForkJoinPool.commonPool-worker-1] INFO  statemachine.DatanodeStateMachine (DatanodeStateMachine.java:stopDaemon(526)) - Ozone container server stopped.
2022-01-10 01:37:03,644 [ForkJoinPool.commonPool-worker-1] INFO  handler.ContextHandler (ContextHandler.java:doStop(1153)) - Stopped o.e.j.w.WebAppContext@97e310{hddsDatanode,/,null,STOPPED}{jar:file:/home/runner/.m2/repository/org/apache/ozone/hdds-container-service/1.3.0-SNAPSHOT/hdds-container-service-1.3.0-SNAPSHOT.jar!/webapps/hddsDatanode}
2022-01-10 01:37:03,645 [ForkJoinPool.commonPool-worker-1] INFO  server.AbstractConnector (AbstractConnector.java:doStop(381)) - Stopped ServerConnector@5fb65b3a{HTTP/1.1, (http/1.1)}{0.0.0.0:0}
2022-01-10 01:37:03,645 [ForkJoinPool.commonPool-worker-1] INFO  server.session (HouseKeeper.java:stopScavenging(149)) - node0 Stopped scavenging
2022-01-10 01:37:03,646 [ForkJoinPool.commonPool-worker-1] INFO  handler.ContextHandler (ContextHandler.java:doStop(1153)) - Stopped o.e.j.s.ServletContextHandler@27ed234f{static,/static,jar:file:/home/runner/.m2/repository/org/apache/ozone/hdds-container-service/1.3.0-SNAPSHOT/hdds-container-service-1.3.0-SNAPSHOT.jar!/webapps/static,STOPPED}
2022-01-10 01:37:03,646 [ForkJoinPool.commonPool-worker-1] INFO  handler.ContextHandler (ContextHandler.java:doStop(1153)) - Stopped o.e.j.s.ServletContextHandler@2e1189ce{logs,/logs,file:///home/runner/work/ozone/ozone/hadoop-ozone/integration-test/target/log,STOPPED}
2022-01-10 01:37:03,649 [Listener at 127.0.0.1/37387] INFO  ozone.MiniOzoneClusterImpl (MiniOzoneClusterImpl.java:stopSCM(542)) - Stopping the StorageContainerManager
2022-01-10 01:37:03,649 [Listener at 127.0.0.1/37387] INFO  server.StorageContainerManager (StorageContainerManager.java:stop(1390)) - Stopping Container Balancer service.
2022-01-10 01:37:03,649 [Listener at 127.0.0.1/37387] INFO  balancer.ContainerBalancer (ContainerBalancer.java:stop(748)) - Container Balancer is not running.
2022-01-10 01:37:03,649 [Listener at 127.0.0.1/37387] INFO  server.StorageContainerManager (StorageContainerManager.java:stop(1397)) - Stopping Replication Manager Service.
2022-01-10 01:37:03,650 [Listener at 127.0.0.1/37387] INFO  container.ReplicationManager (ReplicationManager.java:stop(350)) - Stopping Replication Monitor Thread.
2022-01-10 01:37:03,650 [Listener at 127.0.0.1/37387] INFO  server.StorageContainerManager (StorageContainerManager.java:stop(1404)) - Stopping the Datanode Admin Monitor.
2022-01-10 01:37:03,650 [Listener at 127.0.0.1/37387] INFO  server.StorageContainerManager (StorageContainerManager.java:stop(1411)) - Stopping Lease Manager of the command watchers
2022-01-10 01:37:03,650 [Listener at 127.0.0.1/37387] INFO  server.StorageContainerManager (StorageContainerManager.java:stop(1418)) - Stopping datanode service RPC server
2022-01-10 01:37:03,650 [Listener at 127.0.0.1/37387] INFO  server.SCMDatanodeProtocolServer (SCMDatanodeProtocolServer.java:stop(390)) - Stopping the RPC server for DataNodes
2022-01-10 01:37:03,650 [Listener at 127.0.0.1/37387] INFO  ipc.Server (Server.java:stop(3414)) - Stopping server on 37131
2022-01-10 01:37:03,657 [IPC Server Responder] INFO  ipc.Server (Server.java:run(1512)) - Stopping IPC Server Responder
2022-01-10 01:37:03,660 [IPC Server listener on 0] INFO  ipc.Server (Server.java:run(1376)) - Stopping IPC Server listener on 0
2022-01-10 01:37:03,703 [SCM Heartbeat Processing Thread - 0] WARN  node.NodeStateManager (NodeStateManager.java:scheduleNextHealthCheck(799)) - Current Thread is interrupted, shutting down HB processing thread for Node Manager.
2022-01-10 01:37:03,703 [Listener at 127.0.0.1/37387] INFO  server.StorageContainerManager (StorageContainerManager.java:stop(1426)) - Stopping block service RPC server
2022-01-10 01:37:03,704 [Listener at 127.0.0.1/37387] INFO  server.SCMBlockProtocolServer (SCMBlockProtocolServer.java:stop(160)) - Stopping the RPC server for Block Protocol
2022-01-10 01:37:03,704 [Listener at 127.0.0.1/37387] INFO  ipc.Server (Server.java:stop(3414)) - Stopping server on 33367
2022-01-10 01:37:03,706 [Listener at 127.0.0.1/37387] INFO  server.StorageContainerManager (StorageContainerManager.java:stop(1433)) - Stopping the StorageContainerLocationProtocol RPC server
2022-01-10 01:37:03,706 [Listener at 127.0.0.1/37387] INFO  server.SCMClientProtocolServer (SCMClientProtocolServer.java:stop(173)) - Stopping the RPC server for Client Protocol
2022-01-10 01:37:03,706 [Listener at 127.0.0.1/37387] INFO  ipc.Server (Server.java:stop(3414)) - Stopping server on 37371
2022-01-10 01:37:03,706 [IPC Server Responder] INFO  ipc.Server (Server.java:run(1512)) - Stopping IPC Server Responder
2022-01-10 01:37:03,708 [IPC Server Responder] INFO  ipc.Server (Server.java:run(1512)) - Stopping IPC Server Responder
2022-01-10 01:37:03,708 [Listener at 127.0.0.1/37387] INFO  server.StorageContainerManager (StorageContainerManager.java:stop(1440)) - Stopping Storage Container Manager HTTP server.
2022-01-10 01:37:03,713 [Listener at 127.0.0.1/37387] INFO  handler.ContextHandler (ContextHandler.java:doStop(1153)) - Stopped o.e.j.w.WebAppContext@5dbe891a{scm,/,null,STOPPED}{file:/home/runner/work/ozone/ozone/hadoop-ozone/integration-test/target/test-classes/webapps/scm}
2022-01-10 01:37:03,713 [IPC Server listener on 0] INFO  ipc.Server (Server.java:run(1376)) - Stopping IPC Server listener on 0
2022-01-10 01:37:03,714 [IPC Server listener on 0] INFO  ipc.Server (Server.java:run(1376)) - Stopping IPC Server listener on 0
2022-01-10 01:37:03,731 [Listener at 127.0.0.1/37387] INFO  server.AbstractConnector (AbstractConnector.java:doStop(381)) - Stopped ServerConnector@f57058f{HTTP/1.1, (http/1.1)}{0.0.0.0:0}
2022-01-10 01:37:03,732 [Listener at 127.0.0.1/37387] INFO  server.session (HouseKeeper.java:stopScavenging(149)) - node0 Stopped scavenging
2022-01-10 01:37:03,732 [Listener at 127.0.0.1/37387] INFO  handler.ContextHandler (ContextHandler.java:doStop(1153)) - Stopped o.e.j.s.ServletContextHandler@6f893ea5{static,/static,file:///home/runner/work/ozone/ozone/hadoop-ozone/integration-test/target/test-classes/webapps/static,STOPPED}
2022-01-10 01:37:03,732 [Listener at 127.0.0.1/37387] INFO  handler.ContextHandler (ContextHandler.java:doStop(1153)) - Stopped o.e.j.s.ServletContextHandler@1bb59a55{logs,/logs,file:///home/runner/work/ozone/ozone/hadoop-ozone/integration-test/target/log,STOPPED}
2022-01-10 01:37:03,735 [Listener at 127.0.0.1/37387] INFO  server.StorageContainerManager (StorageContainerManager.java:stop(1451)) - Stopping Block Manager Service.
2022-01-10 01:37:03,736 [Listener at 127.0.0.1/37387] INFO  utils.BackgroundService (BackgroundService.java:shutdown(132)) - Shutting down service SCMBlockDeletingService
2022-01-10 01:37:03,736 [Listener at 127.0.0.1/37387] INFO  utils.BackgroundService (BackgroundService.java:shutdown(132)) - Shutting down service SCMBlockDeletingService
2022-01-10 01:37:03,736 [Listener at 127.0.0.1/37387] INFO  server.StorageContainerManager (StorageContainerManager.java:stop(1478)) - Stopping SCM Event Queue.
2022-01-10 01:37:03,737 [Listener at 127.0.0.1/37387] INFO  server.StorageContainerManager (StorageContainerManager.java:stop(1489)) - Stopping SCM HA services.
2022-01-10 01:37:03,737 [Listener at 127.0.0.1/37387] INFO  pipeline.BackgroundPipelineCreator (BackgroundPipelineCreator.java:stop(158)) - Stopping RatisPipelineUtilsThread.
2022-01-10 01:37:03,738 [Listener at 127.0.0.1/37387] INFO  server.StorageContainerManager (StorageContainerManager.java:stop(1499)) - Stopping SCM MetadataStore.
2022-01-10 01:37:03,739 [Listener at 127.0.0.1/37387] INFO  impl.MetricsSystemImpl (MetricsSystemImpl.java:stop(210)) - Stopping HddsDatanode metrics system...
2022-01-10 01:37:03,742 [prometheus] INFO  impl.MetricsSinkAdapter (MetricsSinkAdapter.java:publishMetricsFromQueue(141)) - prometheus thread interrupted.
2022-01-10 01:37:03,742 [Listener at 127.0.0.1/37387] INFO  impl.MetricsSystemImpl (MetricsSystemImpl.java:stop(216)) - HddsDatanode metrics system stopped.
2022-01-10 01:37:03,892 [Listener at 127.0.0.1/37387] WARN  server.ServerUtils (ServerUtils.java:getScmDbDir(148)) - ozone.scm.db.dirs is not configured. We recommend adding this setting. Falling back to ozone.metadata.dirs instead.
2022-01-10 01:37:03,902 [Listener at 127.0.0.1/37387] INFO  ha.SCMHANodeDetails (SCMHANodeDetails.java:loadSCMHAConfig(157)) - ServiceID for StorageContainerManager is null
2022-01-10 01:37:03,902 [Listener at 127.0.0.1/37387] INFO  ha.SCMHANodeDetails (SCMHANodeDetails.java:loadSCMHAConfig(162)) - ozone.scm.default.service.id is not defined, falling back to ozone.scm.service.ids to find serviceID for StorageContainerManager if it is HA enabled cluster
2022-01-10 01:37:03,906 [Listener at 127.0.0.1/37387] WARN  server.ServerUtils (ServerUtils.java:getScmDbDir(148)) - ozone.scm.db.dirs is not configured. We recommend adding this setting. Falling back to ozone.metadata.dirs instead.
2022-01-10 01:37:03,907 [Listener at 127.0.0.1/37387] INFO  upgrade.AbstractLayoutVersionManager (AbstractLayoutVersionManager.java:init(79)) - Initializing Layout version manager with metadata layout = SCM_HA (version = 2), software layout = SCM_HA (version = 2)
2022-01-10 01:37:04,010 [Listener at 127.0.0.1/37387] INFO  reflections.Reflections (Reflections.java:scan(232)) - Reflections took 102 ms to scan 7 urls, producing 119 keys and 279 values 
2022-01-10 01:37:04,026 [Listener at 127.0.0.1/37387] WARN  utils.HAUtils (HAUtils.java:getMetaDir(342)) - ozone.scm.db.dirs is not configured. We recommend adding this setting. Falling back to ozone.metadata.dirs instead.
2022-01-10 01:37:04,032 [Listener at 127.0.0.1/37387] WARN  db.DBStoreBuilder (DBStoreBuilder.java:applyDBDefinition(145)) - ozone.scm.db.dirs is not configured. We recommend adding this setting. Falling back to ozone.metadata.dirs instead.
2022-01-10 01:37:04,195 [Listener at 127.0.0.1/37387] INFO  net.NodeSchemaLoader (NodeSchemaLoader.java:loadSchemaFromFile(129)) - Loading schema from [jar:file:/home/runner/.m2/repository/org/apache/ozone/hdds-common/1.3.0-SNAPSHOT/hdds-common-1.3.0-SNAPSHOT.jar!/network-topology-default.xml]
2022-01-10 01:37:04,196 [Listener at 127.0.0.1/37387] INFO  net.NodeSchemaLoader (NodeSchemaLoader.java:loadSchema(176)) - Loading network topology layer schema file
2022-01-10 01:37:04,208 [Listener at 127.0.0.1/37387] INFO  ha.SequenceIdGenerator (SequenceIdGenerator.java:upgradeToSequenceId(347)) - upgrade localId to 109611004723200000
2022-01-10 01:37:04,208 [Listener at 127.0.0.1/37387] INFO  ha.SequenceIdGenerator (SequenceIdGenerator.java:upgradeToSequenceId(357)) - upgrade delTxnId to 0
2022-01-10 01:37:04,208 [Listener at 127.0.0.1/37387] INFO  ha.SequenceIdGenerator (SequenceIdGenerator.java:upgradeToSequenceId(371)) - upgrade containerId to 0
2022-01-10 01:37:04,208 [Listener at 127.0.0.1/37387] INFO  ha.SequenceIdGenerator (SequenceIdGenerator.java:<init>(218)) - Init the HA SequenceIdGenerator.
2022-01-10 01:37:04,228 [Listener at 127.0.0.1/37387] WARN  server.ServerUtils (ServerUtils.java:sanitizeUserArgs(73)) - ozone.scm.stale.node.interval value = 300000 is larger than max = 100000 based on the key value of ozone.scm.heartbeat.thread.interval, reset to the max value 100000.
2022-01-10 01:37:04,228 [Listener at 127.0.0.1/37387] WARN  server.ServerUtils (ServerUtils.java:sanitizeUserArgs(73)) - ozone.scm.stale.node.interval value = 300000 is larger than max = 100000 based on the key value of ozone.scm.heartbeat.thread.interval, reset to the max value 100000.
2022-01-10 01:37:04,247 [Listener at 127.0.0.1/37387] INFO  node.SCMNodeManager (SCMNodeManager.java:<init>(144)) - Entering startup safe mode.
2022-01-10 01:37:04,248 [Listener at 127.0.0.1/37387] INFO  algorithms.ContainerPlacementPolicyFactory (ContainerPlacementPolicyFactory.java:getPolicy(60)) - Create container placement policy of type org.apache.hadoop.hdds.scm.container.placement.algorithms.SCMContainerPlacementRandom
2022-01-10 01:37:04,248 [Listener at 127.0.0.1/37387] INFO  pipeline.PipelineStateManagerImpl (PipelineStateManagerImpl.java:initialize(78)) - No pipeline exists in current db
2022-01-10 01:37:04,249 [Listener at 127.0.0.1/37387] INFO  algorithms.LeaderChoosePolicyFactory (LeaderChoosePolicyFactory.java:getPolicy(57)) - Create leader choose policy of type org.apache.hadoop.hdds.scm.pipeline.leader.choose.algorithms.MinLeaderCountChoosePolicy
2022-01-10 01:37:04,249 [Listener at 127.0.0.1/37387] INFO  ha.SCMServiceManager (SCMServiceManager.java:register(43)) - Registering service BackgroundPipelineCreator.
2022-01-10 01:37:04,249 [Listener at 127.0.0.1/37387] INFO  pipeline.BackgroundPipelineCreator (BackgroundPipelineCreator.java:start(130)) - Starting RatisPipelineUtilsThread.
2022-01-10 01:37:04,251 [Listener at 127.0.0.1/37387] INFO  algorithms.PipelineChoosePolicyFactory (PipelineChoosePolicyFactory.java:createPipelineChoosePolicyFromClass(73)) - Create pipeline choose policy of type org.apache.hadoop.hdds.scm.pipeline.choose.algorithms.RandomPipelineChoosePolicy
2022-01-10 01:37:04,251 [Listener at 127.0.0.1/37387] INFO  ha.SCMServiceManager (SCMServiceManager.java:register(43)) - Registering service SCMBlockDeletingService.
2022-01-10 01:37:04,252 [Listener at 127.0.0.1/37387] INFO  ha.SCMServiceManager (SCMServiceManager.java:register(43)) - Registering service ReplicationManager.
2022-01-10 01:37:04,252 [Listener at 127.0.0.1/37387] INFO  container.ReplicationManager (ReplicationManager.java:start(319)) - Starting Replication Monitor Thread.
2022-01-10 01:37:04,256 [Listener at 127.0.0.1/37387] INFO  safemode.ContainerSafeModeRule (ContainerSafeModeRule.java:<init>(89)) - containers with one replica threshold count 0
2022-01-10 01:37:04,256 [Listener at 127.0.0.1/37387] INFO  safemode.HealthyPipelineSafeModeRule (HealthyPipelineSafeModeRule.java:initializeRule(156)) - Total pipeline count is 0, healthy pipeline threshold count is 1
2022-01-10 01:37:04,256 [Listener at 127.0.0.1/37387] INFO  safemode.OneReplicaPipelineSafeModeRule (OneReplicaPipelineSafeModeRule.java:initializeRule(180)) - Total pipeline count is 0, pipeline's with at least one datanode reported threshold count is 0
2022-01-10 01:37:04,258 [Listener at 127.0.0.1/37387] INFO  ipc.CallQueueManager (CallQueueManager.java:<init>(90)) - Using callQueue: class java.util.concurrent.LinkedBlockingQueue, queueCapacity: 2000, scheduler: class org.apache.hadoop.ipc.DefaultRpcScheduler, ipcBackoff: false.
2022-01-10 01:37:04,259 [Socket Reader #1 for port 0] INFO  ipc.Server (Server.java:run(1265)) - Starting Socket Reader #1 for port 0
2022-01-10 01:37:04,260 [Listener at 0.0.0.0/45113] INFO  ipc.CallQueueManager (CallQueueManager.java:<init>(90)) - Using callQueue: class java.util.concurrent.LinkedBlockingQueue, queueCapacity: 2000, scheduler: class org.apache.hadoop.ipc.DefaultRpcScheduler, ipcBackoff: false.
2022-01-10 01:37:04,260 [Socket Reader #1 for port 0] INFO  ipc.Server (Server.java:run(1265)) - Starting Socket Reader #1 for port 0
2022-01-10 01:37:04,261 [Listener at 0.0.0.0/34531] INFO  ipc.CallQueueManager (CallQueueManager.java:<init>(90)) - Using callQueue: class java.util.concurrent.LinkedBlockingQueue, queueCapacity: 2000, scheduler: class org.apache.hadoop.ipc.DefaultRpcScheduler, ipcBackoff: false.
2022-01-10 01:37:04,261 [Socket Reader #1 for port 0] INFO  ipc.Server (Server.java:run(1265)) - Starting Socket Reader #1 for port 0
2022-01-10 01:37:04,274 [ReplicationMonitor] INFO  container.ReplicationManager (ReplicationManager.java:processAll(371)) - Replication Monitor Thread took 0 milliseconds for processing 0 containers.
2022-01-10 01:37:04,331 [Listener at 0.0.0.0/34113] INFO  algorithms.ContainerPlacementPolicyFactory (ContainerPlacementPolicyFactory.java:getPolicy(60)) - Create container placement policy of type org.apache.hadoop.hdds.scm.container.placement.algorithms.SCMContainerPlacementRandom
2022-01-10 01:37:04,338 [Listener at 0.0.0.0/34113] INFO  server.StorageContainerManager (StorageContainerManager.java:<init>(388)) - 
Container Balancer status:
Key                            Value
Running                        false
Container Balancer Configuration values:
Key                                                Value
Threshold                                          0.1
Max Datanodes to Involve per Iteration(ratio)      0.2
Max Size to Move per Iteration                     30GB
Max Size Entering Target per Iteration             26GB
Max Size Leaving Source per Iteration              26GB

2022-01-10 01:37:04,338 [Listener at 0.0.0.0/34113] WARN  events.EventQueue (EventQueue.java:fireEvent(194)) - No event handler registered for event TypedEvent{payloadType=SafeModeStatus, name='Safe mode status'}
2022-01-10 01:37:04,338 [Listener at 0.0.0.0/34113] INFO  ha.SCMContext (SCMContext.java:updateSafeModeStatus(211)) - Update SafeModeStatus from SafeModeStatus{safeModeStatus=true, preCheckPassed=false} to SafeModeStatus{safeModeStatus=true, preCheckPassed=false}.
2022-01-10 01:37:04,339 [Listener at 0.0.0.0/34113] INFO  server.StorageContainerManager (StorageContainerManager.java:start(1303)) - StorageContainerLocationProtocol RPC server is listening at /0.0.0.0:34113
2022-01-10 01:37:04,340 [Listener at 0.0.0.0/34113] WARN  impl.MetricsConfig (MetricsConfig.java:loadFirst(136)) - Cannot locate configuration: tried hadoop-metrics2-storagecontainermanager.properties,hadoop-metrics2.properties
2022-01-10 01:37:04,354 [Listener at 0.0.0.0/34113] INFO  impl.MetricsSystemImpl (MetricsSystemImpl.java:startTimer(378)) - Scheduled Metric snapshot period at 10 second(s).
2022-01-10 01:37:04,354 [Listener at 0.0.0.0/34113] INFO  impl.MetricsSystemImpl (MetricsSystemImpl.java:start(191)) - StorageContainerManager metrics system started
2022-01-10 01:37:04,409 [Listener at 0.0.0.0/34113] INFO  impl.MetricsSinkAdapter (MetricsSinkAdapter.java:start(204)) - Sink prometheus started
2022-01-10 01:37:04,409 [Listener at 0.0.0.0/34113] INFO  impl.MetricsSystemImpl (MetricsSystemImpl.java:registerSink(305)) - Registered sink prometheus
2022-01-10 01:37:04,468 [Listener at 0.0.0.0/34113] INFO  server.SCMClientProtocolServer (SCMClientProtocolServer.java:start(164)) - RPC server for Client  is listening at /0.0.0.0:34113
2022-01-10 01:37:04,474 [IPC Server Responder] INFO  ipc.Server (Server.java:run(1507)) - IPC Server Responder: starting
2022-01-10 01:37:04,498 [IPC Server listener on 0] INFO  ipc.Server (Server.java:run(1344)) - IPC Server listener on 0: starting
2022-01-10 01:37:04,531 [Listener at 0.0.0.0/34113] INFO  server.StorageContainerManager (StorageContainerManager.java:start(1318)) - ScmBlockLocationProtocol RPC server is listening at /0.0.0.0:34531
2022-01-10 01:37:04,531 [Listener at 0.0.0.0/34113] INFO  server.SCMBlockProtocolServer (SCMBlockProtocolServer.java:start(151)) - RPC server for Block Protocol is listening at /0.0.0.0:34531
2022-01-10 01:37:04,532 [IPC Server Responder] INFO  ipc.Server (Server.java:run(1507)) - IPC Server Responder: starting
2022-01-10 01:37:04,532 [IPC Server listener on 0] INFO  ipc.Server (Server.java:run(1344)) - IPC Server listener on 0: starting
2022-01-10 01:37:04,550 [Listener at 0.0.0.0/34113] INFO  server.SCMDatanodeProtocolServer (SCMDatanodeProtocolServer.java:start(181)) - ScmDatanodeProtocol RPC server for DataNodes is listening at /0.0.0.0:45113
2022-01-10 01:37:04,550 [IPC Server Responder] INFO  ipc.Server (Server.java:run(1507)) - IPC Server Responder: starting
2022-01-10 01:37:04,559 [IPC Server listener on 0] INFO  ipc.Server (Server.java:run(1344)) - IPC Server listener on 0: starting
2022-01-10 01:37:04,585 [Listener at 0.0.0.0/34113] INFO  http.BaseHttpServer (BaseHttpServer.java:newHttpServer2BuilderForOzone(209)) - Starting Web-server for scm at: http://0.0.0.0:0
2022-01-10 01:37:04,585 [Listener at 0.0.0.0/34113] INFO  http.BaseHttpServer (BaseHttpServer.java:<init>(107)) - Hadoop Security Enabled: false Ozone Security Enabled: false Ozone HTTP Security Enabled: false 
2022-01-10 01:37:04,587 [Listener at 0.0.0.0/34113] INFO  server.AuthenticationFilter (AuthenticationFilter.java:constructSecretProvider(240)) - Unable to initialize FileSignerSecretProvider, falling back to use random secrets.
2022-01-10 01:37:04,594 [org.apache.hadoop.util.JvmPauseMonitor$Monitor@4388206e] INFO  util.JvmPauseMonitor (JvmPauseMonitor.java:run(188)) - Starting JVM pause monitor
2022-01-10 01:37:04,594 [Listener at 0.0.0.0/34113] WARN  http.HttpRequestLog (HttpRequestLog.java:getRequestLog(103)) - Jetty request log can only be enabled using Log4j
2022-01-10 01:37:04,595 [Listener at 0.0.0.0/34113] INFO  http.HttpServer2 (HttpServer2.java:addGlobalFilter(1030)) - Added global filter 'safety' (class=org.apache.hadoop.hdds.server.http.HttpServer2$QuotingInputFilter)
2022-01-10 01:37:04,595 [Listener at 0.0.0.0/34113] INFO  http.HttpServer2 (HttpServer2.java:addFilter(1006)) - Added filter static_user_filter (class=org.apache.hadoop.http.lib.StaticUserWebFilter$StaticUserFilter) to context scm
2022-01-10 01:37:04,595 [Listener at 0.0.0.0/34113] INFO  http.HttpServer2 (HttpServer2.java:addFilter(1014)) - Added filter static_user_filter (class=org.apache.hadoop.http.lib.StaticUserWebFilter$StaticUserFilter) to context static
2022-01-10 01:37:04,595 [Listener at 0.0.0.0/34113] INFO  http.HttpServer2 (HttpServer2.java:addFilter(1014)) - Added filter static_user_filter (class=org.apache.hadoop.http.lib.StaticUserWebFilter$StaticUserFilter) to context logs
2022-01-10 01:37:04,596 [Listener at 0.0.0.0/34113] INFO  http.HttpServer2 (HttpServer2.java:bindListener(1249)) - Jetty bound to port 45627
2022-01-10 01:37:04,596 [Listener at 0.0.0.0/34113] INFO  server.Server (Server.java:doStart(375)) - jetty-9.4.43.v20210629; built: 2021-06-30T11:07:22.254Z; git: 526006ecfa3af7f1a27ef3a288e2bef7ea9dd7e8; jvm 1.8.0_292-b10
2022-01-10 01:37:04,622 [Listener at 0.0.0.0/34113] INFO  server.session (DefaultSessionIdManager.java:doStart(334)) - DefaultSessionIdManager workerName=node0
2022-01-10 01:37:04,622 [Listener at 0.0.0.0/34113] INFO  server.session (DefaultSessionIdManager.java:doStart(339)) - No SessionScavenger set, using defaults
2022-01-10 01:37:04,622 [Listener at 0.0.0.0/34113] INFO  server.session (HouseKeeper.java:startScavenging(132)) - node0 Scavenging every 660000ms
2022-01-10 01:37:04,623 [Listener at 0.0.0.0/34113] INFO  handler.ContextHandler (ContextHandler.java:doStart(915)) - Started o.e.j.s.ServletContextHandler@136cb5b5{logs,/logs,file:///home/runner/work/ozone/ozone/hadoop-ozone/integration-test/target/log,AVAILABLE}
2022-01-10 01:37:04,623 [Listener at 0.0.0.0/34113] INFO  handler.ContextHandler (ContextHandler.java:doStart(915)) - Started o.e.j.s.ServletContextHandler@72225e34{static,/static,file:///home/runner/work/ozone/ozone/hadoop-ozone/integration-test/target/test-classes/webapps/static,AVAILABLE}
2022-01-10 01:37:04,634 [Listener at 0.0.0.0/34113] INFO  handler.ContextHandler (ContextHandler.java:doStart(915)) - Started o.e.j.w.WebAppContext@72c21c9f{scm,/,file:///home/runner/work/ozone/ozone/hadoop-ozone/integration-test/target/test-classes/webapps/scm/,AVAILABLE}{file:/home/runner/work/ozone/ozone/hadoop-ozone/integration-test/target/test-classes/webapps/scm}
2022-01-10 01:37:04,639 [Listener at 0.0.0.0/34113] INFO  server.AbstractConnector (AbstractConnector.java:doStart(331)) - Started ServerConnector@119574a9{HTTP/1.1, (http/1.1)}{0.0.0.0:45627}
2022-01-10 01:37:04,639 [Listener at 0.0.0.0/34113] INFO  server.Server (Server.java:doStart(415)) - Started @102909ms
2022-01-10 01:37:04,639 [Listener at 0.0.0.0/34113] WARN  impl.MetricsSystemImpl (MetricsSystemImpl.java:register(279)) - Sink prometheus already exists!
2022-01-10 01:37:04,640 [Listener at 0.0.0.0/34113] INFO  http.BaseHttpServer (BaseHttpServer.java:updateConnectorAddress(329)) - HTTP server of scm listening at http://0.0.0.0:45627
2022-01-10 01:37:04,640 [Listener at 0.0.0.0/34113] WARN  server.ServerUtils (ServerUtils.java:getDBPath(225)) - ozone.om.db.dirs is not configured. We recommend adding this setting. Falling back to ozone.metadata.dirs instead.
2022-01-10 01:37:04,646 [Listener at 0.0.0.0/34113] INFO  ha.OMHANodeDetails (OMHANodeDetails.java:loadOMHAConfig(112)) - ozone.om.internal.service.id is not defined, falling back to ozone.om.service.ids to find serviceID for OzoneManager if it is HA enabled cluster
2022-01-10 01:37:04,646 [Listener at 0.0.0.0/34113] INFO  ha.OMHANodeDetails (OMHANodeDetails.java:loadOMHAConfig(218)) - Configuration does not have ozone.om.address set. Falling back to the default OM address /127.0.0.1:0
2022-01-10 01:37:04,646 [Listener at 0.0.0.0/34113] INFO  ha.OMHANodeDetails (OMHANodeDetails.java:getOMNodeDetailsForNonHA(246)) - OM Service ID is not set. Setting it to the default ID: omServiceIdDefault
2022-01-10 01:37:04,646 [Listener at 0.0.0.0/34113] INFO  ha.OMHANodeDetails (OMHANodeDetails.java:getOMNodeDetailsForNonHA(253)) - OM Node ID is not set. Setting it to the default ID: om1
2022-01-10 01:37:04,646 [Listener at 0.0.0.0/34113] WARN  server.ServerUtils (ServerUtils.java:getDBPath(225)) - ozone.om.db.dirs is not configured. We recommend adding this setting. Falling back to ozone.metadata.dirs instead.
2022-01-10 01:37:04,647 [Listener at 0.0.0.0/34113] INFO  upgrade.AbstractLayoutVersionManager (AbstractLayoutVersionManager.java:init(79)) - Initializing Layout version manager with metadata layout = INITIAL_VERSION (version = 0), software layout = INITIAL_VERSION (version = 0)
2022-01-10 01:37:04,724 [Listener at 0.0.0.0/34113] INFO  reflections.Reflections (Reflections.java:scan(232)) - Reflections took 77 ms to scan 2 urls, producing 133 keys and 345 values [using 2 cores]
2022-01-10 01:37:04,725 [Listener at 0.0.0.0/34113] INFO  upgrade.OMLayoutVersionManager (OMLayoutVersionManager.java:lambda$0(115)) - Skipping Upgrade Action MockOmUpgradeAction since it has been finalized.
2022-01-10 01:37:04,725 [Listener at 0.0.0.0/34113] WARN  server.ServerUtils (ServerUtils.java:getDBPath(225)) - ozone.om.db.dirs is not configured. We recommend adding this setting. Falling back to ozone.metadata.dirs instead.
2022-01-10 01:37:04,754 [Listener at 0.0.0.0/34113] WARN  server.ServerUtils (ServerUtils.java:getDBPath(225)) - ozone.om.db.dirs is not configured. We recommend adding this setting. Falling back to ozone.metadata.dirs instead.
2022-01-10 01:37:04,755 [Listener at 0.0.0.0/34113] INFO  codec.OmKeyInfoCodec (OmKeyInfoCodec.java:<init>(50)) - OmKeyInfoCodec ignorePipeline = true
2022-01-10 01:37:04,755 [Listener at 0.0.0.0/34113] INFO  codec.RepeatedOmKeyInfoCodec (RepeatedOmKeyInfoCodec.java:<init>(42)) - RepeatedOmKeyInfoCodec ignorePipeline = true
2022-01-10 01:37:05,032 [Listener at 0.0.0.0/34113] INFO  om.OzoneManager (OzoneManager.java:addS3GVolumeToDB(3728)) - Created Volume s3v With Owner runner required for S3Gateway operations.
2022-01-10 01:37:05,034 [Listener at 0.0.0.0/34113] INFO  ipc.CallQueueManager (CallQueueManager.java:<init>(90)) - Using callQueue: class java.util.concurrent.LinkedBlockingQueue, queueCapacity: 2000, scheduler: class org.apache.hadoop.ipc.DefaultRpcScheduler, ipcBackoff: false.
2022-01-10 01:37:05,034 [Socket Reader #1 for port 0] INFO  ipc.Server (Server.java:run(1265)) - Starting Socket Reader #1 for port 0
2022-01-10 01:37:05,066 [Listener at 127.0.0.1/39943] INFO  impl.MetricsSystemImpl (MetricsSystemImpl.java:init(158)) - OzoneManager metrics system started (again)
2022-01-10 01:37:05,076 [Listener at 127.0.0.1/39943] INFO  om.OzoneManager (OzoneManager.java:start(1365)) - OzoneManager RPC server is listening at localhost/127.0.0.1:39943
2022-01-10 01:37:05,076 [Listener at 127.0.0.1/39943] INFO  om.OzoneManager (OzoneManager.java:start(1381)) - Version File has different layout version (0) than OM DB (null). That is expected if this OM has never been finalized to a newer layout version.
2022-01-10 01:37:05,082 [Listener at 127.0.0.1/39943] INFO  http.BaseHttpServer (BaseHttpServer.java:newHttpServer2BuilderForOzone(209)) - Starting Web-server for ozoneManager at: http://0.0.0.0:0
2022-01-10 01:37:05,082 [Listener at 127.0.0.1/39943] INFO  http.BaseHttpServer (BaseHttpServer.java:<init>(107)) - Hadoop Security Enabled: false Ozone Security Enabled: false Ozone HTTP Security Enabled: false 
2022-01-10 01:37:05,083 [Listener at 127.0.0.1/39943] INFO  server.AuthenticationFilter (AuthenticationFilter.java:constructSecretProvider(240)) - Unable to initialize FileSignerSecretProvider, falling back to use random secrets.
2022-01-10 01:37:05,088 [Listener at 127.0.0.1/39943] WARN  http.HttpRequestLog (HttpRequestLog.java:getRequestLog(103)) - Jetty request log can only be enabled using Log4j
2022-01-10 01:37:05,089 [Listener at 127.0.0.1/39943] INFO  http.HttpServer2 (HttpServer2.java:addGlobalFilter(1030)) - Added global filter 'safety' (class=org.apache.hadoop.hdds.server.http.HttpServer2$QuotingInputFilter)
2022-01-10 01:37:05,090 [Listener at 127.0.0.1/39943] INFO  http.HttpServer2 (HttpServer2.java:addFilter(1006)) - Added filter static_user_filter (class=org.apache.hadoop.http.lib.StaticUserWebFilter$StaticUserFilter) to context ozoneManager
2022-01-10 01:37:05,090 [Listener at 127.0.0.1/39943] INFO  http.HttpServer2 (HttpServer2.java:addFilter(1014)) - Added filter static_user_filter (class=org.apache.hadoop.http.lib.StaticUserWebFilter$StaticUserFilter) to context logs
2022-01-10 01:37:05,090 [Listener at 127.0.0.1/39943] INFO  http.HttpServer2 (HttpServer2.java:addFilter(1014)) - Added filter static_user_filter (class=org.apache.hadoop.http.lib.StaticUserWebFilter$StaticUserFilter) to context static
2022-01-10 01:37:05,090 [Listener at 127.0.0.1/39943] INFO  http.HttpServer2 (HttpServer2.java:bindListener(1249)) - Jetty bound to port 34595
2022-01-10 01:37:05,090 [Listener at 127.0.0.1/39943] INFO  server.Server (Server.java:doStart(375)) - jetty-9.4.43.v20210629; built: 2021-06-30T11:07:22.254Z; git: 526006ecfa3af7f1a27ef3a288e2bef7ea9dd7e8; jvm 1.8.0_292-b10
2022-01-10 01:37:05,097 [Listener at 127.0.0.1/39943] INFO  server.session (DefaultSessionIdManager.java:doStart(334)) - DefaultSessionIdManager workerName=node0
2022-01-10 01:37:05,097 [Listener at 127.0.0.1/39943] INFO  server.session (DefaultSessionIdManager.java:doStart(339)) - No SessionScavenger set, using defaults
2022-01-10 01:37:05,097 [Listener at 127.0.0.1/39943] INFO  server.session (HouseKeeper.java:startScavenging(132)) - node0 Scavenging every 600000ms
2022-01-10 01:37:05,099 [Listener at 127.0.0.1/39943] INFO  handler.ContextHandler (ContextHandler.java:doStart(915)) - Started o.e.j.s.ServletContextHandler@2c542a2a{logs,/logs,file:///home/runner/work/ozone/ozone/hadoop-ozone/integration-test/target/log,AVAILABLE}
2022-01-10 01:37:05,099 [Listener at 127.0.0.1/39943] INFO  handler.ContextHandler (ContextHandler.java:doStart(915)) - Started o.e.j.s.ServletContextHandler@2c6d4872{static,/static,file:///home/runner/work/ozone/ozone/hadoop-ozone/integration-test/target/test-classes/webapps/static,AVAILABLE}
2022-01-10 01:37:05,110 [Listener at 127.0.0.1/39943] INFO  handler.ContextHandler (ContextHandler.java:doStart(915)) - Started o.e.j.w.WebAppContext@49b99{ozoneManager,/,file:///home/runner/work/ozone/ozone/hadoop-ozone/integration-test/target/test-classes/webapps/ozoneManager/,AVAILABLE}{file:/home/runner/work/ozone/ozone/hadoop-ozone/integration-test/target/test-classes/webapps/ozoneManager}
2022-01-10 01:37:05,127 [Listener at 127.0.0.1/39943] INFO  server.AbstractConnector (AbstractConnector.java:doStart(331)) - Started ServerConnector@5d6c5267{HTTP/1.1, (http/1.1)}{0.0.0.0:34595}
2022-01-10 01:37:05,127 [Listener at 127.0.0.1/39943] INFO  server.Server (Server.java:doStart(415)) - Started @103397ms
2022-01-10 01:37:05,127 [Listener at 127.0.0.1/39943] WARN  impl.MetricsSystemImpl (MetricsSystemImpl.java:register(279)) - Sink prometheus already exists!
2022-01-10 01:37:05,138 [Listener at 127.0.0.1/39943] INFO  http.BaseHttpServer (BaseHttpServer.java:updateConnectorAddress(329)) - HTTP server of ozoneManager listening at http://0.0.0.0:34595
2022-01-10 01:37:05,142 [IPC Server Responder] INFO  ipc.Server (Server.java:run(1507)) - IPC Server Responder: starting
2022-01-10 01:37:05,143 [IPC Server listener on 0] INFO  ipc.Server (Server.java:run(1344)) - IPC Server listener on 0: starting
2022-01-10 01:37:05,241 [Listener at 127.0.0.1/39943] INFO  om.TrashPolicyOzone (TrashPolicyOzone.java:<init>(178)) - Ozone Manager trash configuration: Deletion interval = 0 minutes, Emptier interval = 0 minutes.
2022-01-10 01:37:05,263 [Listener at 127.0.0.1/39943] INFO  impl.MetricsSystemImpl (MetricsSystemImpl.java:init(158)) - HddsDatanode metrics system started (again)
2022-01-10 01:37:05,265 [org.apache.hadoop.util.JvmPauseMonitor$Monitor@52c2906e] INFO  util.JvmPauseMonitor (JvmPauseMonitor.java:run(188)) - Starting JVM pause monitor
2022-01-10 01:37:05,306 [Listener at 127.0.0.1/39943] INFO  ozone.HddsDatanodeService (HddsDatanodeService.java:start(234)) - HddsDatanodeService host:fv-az297-741.nmf1rxwemy4u5di1sxxf4ejcwb.jx.internal.cloudapp.net ip:10.1.0.8
2022-01-10 01:37:05,360 [Listener at 127.0.0.1/39943] INFO  upgrade.AbstractLayoutVersionManager (AbstractLayoutVersionManager.java:init(79)) - Initializing Layout version manager with metadata layout = SCM_HA (version = 2), software layout = SCM_HA (version = 2)
2022-01-10 01:37:05,475 [Listener at 127.0.0.1/39943] INFO  reflections.Reflections (Reflections.java:scan(232)) - Reflections took 114 ms to scan 7 urls, producing 119 keys and 279 values 
2022-01-10 01:37:05,476 [Listener at 127.0.0.1/39943] INFO  statemachine.DatanodeStateMachine (DatanodeStateMachine.java:getEndPointTaskThreadPoolSize(219)) - Datanode State Machine Task Thread Pool size 2
2022-01-10 01:37:05,515 [Listener at 127.0.0.1/39943] INFO  volume.HddsVolume (HddsVolume.java:<init>(120)) - Creating HddsVolume: /home/runner/work/ozone/ozone/hadoop-ozone/integration-test/target/test-dir/MiniOzoneClusterImpl-68802873-f272-46eb-8a6f-b1572e6a6d36/datanode-0/data-0/containers/hdds of storage type : DISK capacity : 9223372036854775807
2022-01-10 01:37:05,516 [Listener at 127.0.0.1/39943] INFO  volume.MutableVolumeSet (MutableVolumeSet.java:initializeVolumeSet(168)) - Added Volume : /home/runner/work/ozone/ozone/hadoop-ozone/integration-test/target/test-dir/MiniOzoneClusterImpl-68802873-f272-46eb-8a6f-b1572e6a6d36/datanode-0/data-0/containers/hdds to VolumeSet
2022-01-10 01:37:05,516 [Listener at 127.0.0.1/39943] INFO  volume.ThrottledAsyncChecker (ThrottledAsyncChecker.java:schedule(141)) - Scheduling a check for /home/runner/work/ozone/ozone/hadoop-ozone/integration-test/target/test-dir/MiniOzoneClusterImpl-68802873-f272-46eb-8a6f-b1572e6a6d36/datanode-0/data-0/containers/hdds
2022-01-10 01:37:05,520 [Listener at 127.0.0.1/39943] INFO  volume.StorageVolumeChecker (StorageVolumeChecker.java:checkAllVolumes(202)) - Scheduled health check for volume /home/runner/work/ozone/ozone/hadoop-ozone/integration-test/target/test-dir/MiniOzoneClusterImpl-68802873-f272-46eb-8a6f-b1572e6a6d36/datanode-0/data-0/containers/hdds
2022-01-10 01:37:05,539 [Listener at 127.0.0.1/39943] INFO  volume.MutableVolumeSet (MutableVolumeSet.java:initializeVolumeSet(168)) - Added Volume : /home/runner/work/ozone/ozone/hadoop-ozone/integration-test/target/test-dir/MiniOzoneClusterImpl-68802873-f272-46eb-8a6f-b1572e6a6d36/datanode-0/data/ratis to VolumeSet
2022-01-10 01:37:05,546 [Listener at 127.0.0.1/39943] INFO  volume.ThrottledAsyncChecker (ThrottledAsyncChecker.java:schedule(141)) - Scheduling a check for /home/runner/work/ozone/ozone/hadoop-ozone/integration-test/target/test-dir/MiniOzoneClusterImpl-68802873-f272-46eb-8a6f-b1572e6a6d36/datanode-0/data/ratis
2022-01-10 01:37:05,546 [Listener at 127.0.0.1/39943] INFO  volume.StorageVolumeChecker (StorageVolumeChecker.java:checkAllVolumes(202)) - Scheduled health check for volume /home/runner/work/ozone/ozone/hadoop-ozone/integration-test/target/test-dir/MiniOzoneClusterImpl-68802873-f272-46eb-8a6f-b1572e6a6d36/datanode-0/data/ratis
2022-01-10 01:37:05,589 [Thread-863] INFO  ozoneimpl.ContainerReader (ContainerReader.java:readVolume(172)) - Finish verifying containers on volume /home/runner/work/ozone/ozone/hadoop-ozone/integration-test/target/test-dir/MiniOzoneClusterImpl-68802873-f272-46eb-8a6f-b1572e6a6d36/datanode-0/data-0/containers/hdds
2022-01-10 01:37:05,589 [Listener at 127.0.0.1/39943] INFO  ozoneimpl.OzoneContainer (OzoneContainer.java:buildContainerSet(237)) - Build ContainerSet costs 0s
2022-01-10 01:37:05,591 [Listener at 127.0.0.1/39943] INFO  server.RaftServer (ConfUtils.java:logGet(44)) - raft.rpc.type = GRPC (default)
2022-01-10 01:37:05,592 [Listener at 127.0.0.1/39943] INFO  grpc.GrpcFactory (GrpcFactory.java:checkPooledByteBufAllocatorUseCacheForAllThreads(48)) - PERFORMANCE WARNING: useCacheForAllThreads is true that may cause Netty to create a lot garbage objects and, as a result, trigger GC.
	It is recommended to disable useCacheForAllThreads by setting -Dorg.apache.ratis.thirdparty.io.netty.allocator.useCacheForAllThreads=false in command line.
2022-01-10 01:37:05,592 [Listener at 127.0.0.1/39943] INFO  grpc.GrpcConfigKeys (ConfUtils.java:logGet(44)) - raft.grpc.admin.port = 0 (custom)
2022-01-10 01:37:05,592 [Listener at 127.0.0.1/39943] INFO  grpc.GrpcConfigKeys (ConfUtils.java:logGet(44)) - raft.grpc.client.port = 0 (custom)
2022-01-10 01:37:05,592 [Listener at 127.0.0.1/39943] INFO  grpc.GrpcConfigKeys (ConfUtils.java:logGet(44)) - raft.grpc.server.port = 0 (default)
2022-01-10 01:37:05,592 [Listener at 127.0.0.1/39943] INFO  server.GrpcService (ConfUtils.java:logGet(44)) - raft.grpc.message.size.max = 32MB (=33554432) (custom)
2022-01-10 01:37:05,592 [Listener at 127.0.0.1/39943] INFO  server.RaftServerConfigKeys (ConfUtils.java:logGet(44)) - raft.server.log.appender.buffer.byte-limit = 33554432 (custom)
2022-01-10 01:37:05,592 [Listener at 127.0.0.1/39943] INFO  server.GrpcService (ConfUtils.java:logGet(44)) - raft.grpc.flow.control.window = 5MB (=5242880) (custom)
2022-01-10 01:37:05,593 [Listener at 127.0.0.1/39943] INFO  server.RaftServerConfigKeys (ConfUtils.java:logGet(44)) - raft.server.rpc.request.timeout = 60s (custom)
2022-01-10 01:37:05,595 [Listener at 127.0.0.1/39943] INFO  impl.DataStreamServerImpl (ConfUtils.java:logGet(44)) - raft.datastream.type = DISABLED (default)
2022-01-10 01:37:05,595 [Listener at 127.0.0.1/39943] INFO  server.RaftServerConfigKeys (ConfUtils.java:logGet(44)) - raft.server.rpc.slowness.timeout = 300s (custom)
2022-01-10 01:37:05,595 [Listener at 127.0.0.1/39943] INFO  server.RaftServerConfigKeys (ConfUtils.java:logGet(44)) - raft.server.leaderelection.leader.step-down.wait-time = 10s (default)
2022-01-10 01:37:05,595 [Listener at 127.0.0.1/39943] INFO  server.RaftServerConfigKeys (ConfUtils.java:logGet(44)) - raft.server.storage.dir = [/home/runner/work/ozone/ozone/hadoop-ozone/integration-test/target/test-dir/MiniOzoneClusterImpl-68802873-f272-46eb-8a6f-b1572e6a6d36/datanode-0/data/ratis] (custom)
2022-01-10 01:37:05,596 [Listener at 127.0.0.1/39943] INFO  server.XceiverServerGrpc (XceiverServerGrpc.java:<init>(132)) - GrpcServer channel type EpollServerSocketChannel
2022-01-10 01:37:05,604 [Listener at 127.0.0.1/39943] INFO  http.BaseHttpServer (BaseHttpServer.java:newHttpServer2BuilderForOzone(209)) - Starting Web-server for hddsDatanode at: http://0.0.0.0:0
2022-01-10 01:37:05,605 [Listener at 127.0.0.1/39943] INFO  http.BaseHttpServer (BaseHttpServer.java:<init>(107)) - Hadoop Security Enabled: false Ozone Security Enabled: false Ozone HTTP Security Enabled: false 
2022-01-10 01:37:05,609 [Listener at 127.0.0.1/39943] INFO  server.AuthenticationFilter (AuthenticationFilter.java:constructSecretProvider(240)) - Unable to initialize FileSignerSecretProvider, falling back to use random secrets.
2022-01-10 01:37:05,621 [Listener at 127.0.0.1/39943] WARN  http.HttpRequestLog (HttpRequestLog.java:getRequestLog(103)) - Jetty request log can only be enabled using Log4j
2022-01-10 01:37:05,622 [Listener at 127.0.0.1/39943] INFO  http.HttpServer2 (HttpServer2.java:addGlobalFilter(1030)) - Added global filter 'safety' (class=org.apache.hadoop.hdds.server.http.HttpServer2$QuotingInputFilter)
2022-01-10 01:37:05,623 [Listener at 127.0.0.1/39943] INFO  http.HttpServer2 (HttpServer2.java:addFilter(1006)) - Added filter static_user_filter (class=org.apache.hadoop.http.lib.StaticUserWebFilter$StaticUserFilter) to context hddsDatanode
2022-01-10 01:37:05,623 [Listener at 127.0.0.1/39943] INFO  http.HttpServer2 (HttpServer2.java:addFilter(1014)) - Added filter static_user_filter (class=org.apache.hadoop.http.lib.StaticUserWebFilter$StaticUserFilter) to context logs
2022-01-10 01:37:05,623 [Listener at 127.0.0.1/39943] INFO  http.HttpServer2 (HttpServer2.java:addFilter(1014)) - Added filter static_user_filter (class=org.apache.hadoop.http.lib.StaticUserWebFilter$StaticUserFilter) to context static
2022-01-10 01:37:05,623 [Listener at 127.0.0.1/39943] INFO  http.HttpServer2 (HttpServer2.java:bindListener(1249)) - Jetty bound to port 37493
2022-01-10 01:37:05,624 [Listener at 127.0.0.1/39943] INFO  server.Server (Server.java:doStart(375)) - jetty-9.4.43.v20210629; built: 2021-06-30T11:07:22.254Z; git: 526006ecfa3af7f1a27ef3a288e2bef7ea9dd7e8; jvm 1.8.0_292-b10
2022-01-10 01:37:05,630 [Listener at 127.0.0.1/39943] INFO  server.session (DefaultSessionIdManager.java:doStart(334)) - DefaultSessionIdManager workerName=node0
2022-01-10 01:37:05,631 [Listener at 127.0.0.1/39943] INFO  server.session (DefaultSessionIdManager.java:doStart(339)) - No SessionScavenger set, using defaults
2022-01-10 01:37:05,631 [Listener at 127.0.0.1/39943] INFO  server.session (HouseKeeper.java:startScavenging(132)) - node0 Scavenging every 600000ms
2022-01-10 01:37:05,632 [Listener at 127.0.0.1/39943] INFO  handler.ContextHandler (ContextHandler.java:doStart(915)) - Started o.e.j.s.ServletContextHandler@7eb39133{logs,/logs,file:///home/runner/work/ozone/ozone/hadoop-ozone/integration-test/target/log,AVAILABLE}
2022-01-10 01:37:05,632 [Listener at 127.0.0.1/39943] INFO  handler.ContextHandler (ContextHandler.java:doStart(915)) - Started o.e.j.s.ServletContextHandler@55455a81{static,/static,jar:file:/home/runner/.m2/repository/org/apache/ozone/hdds-container-service/1.3.0-SNAPSHOT/hdds-container-service-1.3.0-SNAPSHOT.jar!/webapps/static,AVAILABLE}
2022-01-10 01:37:05,712 [Listener at 127.0.0.1/39943] INFO  handler.ContextHandler (ContextHandler.java:doStart(915)) - Started o.e.j.w.WebAppContext@32ceaba7{hddsDatanode,/,file:///tmp/jetty-0_0_0_0-37493-hdds-container-service-1_3_0-SNAPSHOT_jar-_-any-8450193909181626/webapp/,AVAILABLE}{jar:file:/home/runner/.m2/repository/org/apache/ozone/hdds-container-service/1.3.0-SNAPSHOT/hdds-container-service-1.3.0-SNAPSHOT.jar!/webapps/hddsDatanode}
2022-01-10 01:37:05,720 [Listener at 127.0.0.1/39943] INFO  server.AbstractConnector (AbstractConnector.java:doStart(331)) - Started ServerConnector@64b6a7fb{HTTP/1.1, (http/1.1)}{0.0.0.0:37493}
2022-01-10 01:37:05,720 [Listener at 127.0.0.1/39943] INFO  server.Server (Server.java:doStart(415)) - Started @103990ms
2022-01-10 01:37:05,720 [Listener at 127.0.0.1/39943] WARN  impl.MetricsSystemImpl (MetricsSystemImpl.java:register(279)) - Sink prometheus already exists!
2022-01-10 01:37:05,721 [Listener at 127.0.0.1/39943] INFO  http.BaseHttpServer (BaseHttpServer.java:updateConnectorAddress(329)) - HTTP server of hddsDatanode listening at http://0.0.0.0:37493
2022-01-10 01:37:05,726 [Listener at 127.0.0.1/39943] INFO  impl.MetricsSystemImpl (MetricsSystemImpl.java:init(158)) - HddsDatanode metrics system started (again)
2022-01-10 01:37:05,742 [Datanode State Machine Daemon Thread] INFO  statemachine.DatanodeStateMachine (DatanodeStateMachine.java:lambda$startDaemon$0(467)) - Ozone container server started.
2022-01-10 01:37:05,773 [Listener at 127.0.0.1/39943] INFO  ozone.HddsDatanodeService (HddsDatanodeService.java:start(234)) - HddsDatanodeService host:fv-az297-741.nmf1rxwemy4u5di1sxxf4ejcwb.jx.internal.cloudapp.net ip:10.1.0.8
2022-01-10 01:37:05,804 [org.apache.hadoop.util.JvmPauseMonitor$Monitor@21bfd50d] INFO  util.JvmPauseMonitor (JvmPauseMonitor.java:run(188)) - Starting JVM pause monitor
2022-01-10 01:37:05,821 [Datanode State Machine Task Thread - 0] INFO  datanode.InitDatanodeState (InitDatanodeState.java:persistContainerDatanodeDetails(145)) - DatanodeDetails is persisted to /home/runner/work/ozone/ozone/hadoop-ozone/integration-test/target/test-dir/MiniOzoneClusterImpl-68802873-f272-46eb-8a6f-b1572e6a6d36/datanode-0/meta/datanode.id
2022-01-10 01:37:05,841 [Listener at 127.0.0.1/39943] INFO  upgrade.AbstractLayoutVersionManager (AbstractLayoutVersionManager.java:init(79)) - Initializing Layout version manager with metadata layout = SCM_HA (version = 2), software layout = SCM_HA (version = 2)
2022-01-10 01:37:05,911 [Listener at 127.0.0.1/39943] INFO  reflections.Reflections (Reflections.java:scan(232)) - Reflections took 69 ms to scan 7 urls, producing 119 keys and 279 values 
2022-01-10 01:37:05,913 [Listener at 127.0.0.1/39943] INFO  statemachine.DatanodeStateMachine (DatanodeStateMachine.java:getEndPointTaskThreadPoolSize(219)) - Datanode State Machine Task Thread Pool size 2
2022-01-10 01:37:05,914 [Listener at 127.0.0.1/39943] INFO  volume.HddsVolume (HddsVolume.java:<init>(120)) - Creating HddsVolume: /home/runner/work/ozone/ozone/hadoop-ozone/integration-test/target/test-dir/MiniOzoneClusterImpl-68802873-f272-46eb-8a6f-b1572e6a6d36/datanode-1/data-0/containers/hdds of storage type : DISK capacity : 9223372036854775807
2022-01-10 01:37:05,914 [Listener at 127.0.0.1/39943] INFO  volume.MutableVolumeSet (MutableVolumeSet.java:initializeVolumeSet(168)) - Added Volume : /home/runner/work/ozone/ozone/hadoop-ozone/integration-test/target/test-dir/MiniOzoneClusterImpl-68802873-f272-46eb-8a6f-b1572e6a6d36/datanode-1/data-0/containers/hdds to VolumeSet
2022-01-10 01:37:05,914 [Listener at 127.0.0.1/39943] INFO  volume.ThrottledAsyncChecker (ThrottledAsyncChecker.java:schedule(141)) - Scheduling a check for /home/runner/work/ozone/ozone/hadoop-ozone/integration-test/target/test-dir/MiniOzoneClusterImpl-68802873-f272-46eb-8a6f-b1572e6a6d36/datanode-1/data-0/containers/hdds
2022-01-10 01:37:05,917 [Listener at 127.0.0.1/39943] INFO  volume.StorageVolumeChecker (StorageVolumeChecker.java:checkAllVolumes(202)) - Scheduled health check for volume /home/runner/work/ozone/ozone/hadoop-ozone/integration-test/target/test-dir/MiniOzoneClusterImpl-68802873-f272-46eb-8a6f-b1572e6a6d36/datanode-1/data-0/containers/hdds
2022-01-10 01:37:05,939 [Listener at 127.0.0.1/39943] INFO  volume.MutableVolumeSet (MutableVolumeSet.java:initializeVolumeSet(168)) - Added Volume : /home/runner/work/ozone/ozone/hadoop-ozone/integration-test/target/test-dir/MiniOzoneClusterImpl-68802873-f272-46eb-8a6f-b1572e6a6d36/datanode-1/data/ratis to VolumeSet
2022-01-10 01:37:05,939 [Listener at 127.0.0.1/39943] INFO  volume.ThrottledAsyncChecker (ThrottledAsyncChecker.java:schedule(141)) - Scheduling a check for /home/runner/work/ozone/ozone/hadoop-ozone/integration-test/target/test-dir/MiniOzoneClusterImpl-68802873-f272-46eb-8a6f-b1572e6a6d36/datanode-1/data/ratis
2022-01-10 01:37:05,939 [Listener at 127.0.0.1/39943] INFO  volume.StorageVolumeChecker (StorageVolumeChecker.java:checkAllVolumes(202)) - Scheduled health check for volume /home/runner/work/ozone/ozone/hadoop-ozone/integration-test/target/test-dir/MiniOzoneClusterImpl-68802873-f272-46eb-8a6f-b1572e6a6d36/datanode-1/data/ratis
2022-01-10 01:37:05,962 [Thread-875] INFO  ozoneimpl.ContainerReader (ContainerReader.java:readVolume(172)) - Finish verifying containers on volume /home/runner/work/ozone/ozone/hadoop-ozone/integration-test/target/test-dir/MiniOzoneClusterImpl-68802873-f272-46eb-8a6f-b1572e6a6d36/datanode-1/data-0/containers/hdds
2022-01-10 01:37:05,962 [Listener at 127.0.0.1/39943] INFO  ozoneimpl.OzoneContainer (OzoneContainer.java:buildContainerSet(237)) - Build ContainerSet costs 0s
2022-01-10 01:37:05,964 [Listener at 127.0.0.1/39943] INFO  server.RaftServer (ConfUtils.java:logGet(44)) - raft.rpc.type = GRPC (default)
2022-01-10 01:37:05,964 [Listener at 127.0.0.1/39943] INFO  grpc.GrpcFactory (GrpcFactory.java:checkPooledByteBufAllocatorUseCacheForAllThreads(48)) - PERFORMANCE WARNING: useCacheForAllThreads is true that may cause Netty to create a lot garbage objects and, as a result, trigger GC.
	It is recommended to disable useCacheForAllThreads by setting -Dorg.apache.ratis.thirdparty.io.netty.allocator.useCacheForAllThreads=false in command line.
2022-01-10 01:37:05,964 [Listener at 127.0.0.1/39943] INFO  grpc.GrpcConfigKeys (ConfUtils.java:logGet(44)) - raft.grpc.admin.port = 0 (custom)
2022-01-10 01:37:05,964 [Listener at 127.0.0.1/39943] INFO  grpc.GrpcConfigKeys (ConfUtils.java:logGet(44)) - raft.grpc.client.port = 0 (custom)
2022-01-10 01:37:05,964 [Listener at 127.0.0.1/39943] INFO  grpc.GrpcConfigKeys (ConfUtils.java:logGet(44)) - raft.grpc.server.port = 0 (default)
2022-01-10 01:37:05,964 [Listener at 127.0.0.1/39943] INFO  server.GrpcService (ConfUtils.java:logGet(44)) - raft.grpc.message.size.max = 32MB (=33554432) (custom)
2022-01-10 01:37:05,965 [Listener at 127.0.0.1/39943] INFO  server.RaftServerConfigKeys (ConfUtils.java:logGet(44)) - raft.server.log.appender.buffer.byte-limit = 33554432 (custom)
2022-01-10 01:37:05,965 [Listener at 127.0.0.1/39943] INFO  server.GrpcService (ConfUtils.java:logGet(44)) - raft.grpc.flow.control.window = 5MB (=5242880) (custom)
2022-01-10 01:37:05,965 [Listener at 127.0.0.1/39943] INFO  server.RaftServerConfigKeys (ConfUtils.java:logGet(44)) - raft.server.rpc.request.timeout = 60s (custom)
2022-01-10 01:37:05,967 [Listener at 127.0.0.1/39943] INFO  impl.DataStreamServerImpl (ConfUtils.java:logGet(44)) - raft.datastream.type = DISABLED (default)
2022-01-10 01:37:05,967 [Listener at 127.0.0.1/39943] INFO  server.RaftServerConfigKeys (ConfUtils.java:logGet(44)) - raft.server.rpc.slowness.timeout = 300s (custom)
2022-01-10 01:37:05,967 [Listener at 127.0.0.1/39943] INFO  server.RaftServerConfigKeys (ConfUtils.java:logGet(44)) - raft.server.leaderelection.leader.step-down.wait-time = 10s (default)
2022-01-10 01:37:05,967 [Listener at 127.0.0.1/39943] INFO  server.RaftServerConfigKeys (ConfUtils.java:logGet(44)) - raft.server.storage.dir = [/home/runner/work/ozone/ozone/hadoop-ozone/integration-test/target/test-dir/MiniOzoneClusterImpl-68802873-f272-46eb-8a6f-b1572e6a6d36/datanode-1/data/ratis] (custom)
2022-01-10 01:37:05,968 [Listener at 127.0.0.1/39943] INFO  server.XceiverServerGrpc (XceiverServerGrpc.java:<init>(132)) - GrpcServer channel type EpollServerSocketChannel
2022-01-10 01:37:05,972 [Listener at 127.0.0.1/39943] INFO  http.BaseHttpServer (BaseHttpServer.java:newHttpServer2BuilderForOzone(209)) - Starting Web-server for hddsDatanode at: http://0.0.0.0:0
2022-01-10 01:37:05,972 [Listener at 127.0.0.1/39943] INFO  http.BaseHttpServer (BaseHttpServer.java:<init>(107)) - Hadoop Security Enabled: false Ozone Security Enabled: false Ozone HTTP Security Enabled: false 
2022-01-10 01:37:05,973 [Listener at 127.0.0.1/39943] INFO  server.AuthenticationFilter (AuthenticationFilter.java:constructSecretProvider(240)) - Unable to initialize FileSignerSecretProvider, falling back to use random secrets.
2022-01-10 01:37:05,973 [Listener at 127.0.0.1/39943] WARN  http.HttpRequestLog (HttpRequestLog.java:getRequestLog(103)) - Jetty request log can only be enabled using Log4j
2022-01-10 01:37:05,974 [Listener at 127.0.0.1/39943] INFO  http.HttpServer2 (HttpServer2.java:addGlobalFilter(1030)) - Added global filter 'safety' (class=org.apache.hadoop.hdds.server.http.HttpServer2$QuotingInputFilter)
2022-01-10 01:37:05,974 [Listener at 127.0.0.1/39943] INFO  http.HttpServer2 (HttpServer2.java:addFilter(1006)) - Added filter static_user_filter (class=org.apache.hadoop.http.lib.StaticUserWebFilter$StaticUserFilter) to context hddsDatanode
2022-01-10 01:37:05,975 [Listener at 127.0.0.1/39943] INFO  http.HttpServer2 (HttpServer2.java:addFilter(1014)) - Added filter static_user_filter (class=org.apache.hadoop.http.lib.StaticUserWebFilter$StaticUserFilter) to context logs
2022-01-10 01:37:05,975 [Listener at 127.0.0.1/39943] INFO  http.HttpServer2 (HttpServer2.java:addFilter(1014)) - Added filter static_user_filter (class=org.apache.hadoop.http.lib.StaticUserWebFilter$StaticUserFilter) to context static
2022-01-10 01:37:05,975 [Listener at 127.0.0.1/39943] INFO  http.HttpServer2 (HttpServer2.java:bindListener(1249)) - Jetty bound to port 42283
2022-01-10 01:37:05,975 [Listener at 127.0.0.1/39943] INFO  server.Server (Server.java:doStart(375)) - jetty-9.4.43.v20210629; built: 2021-06-30T11:07:22.254Z; git: 526006ecfa3af7f1a27ef3a288e2bef7ea9dd7e8; jvm 1.8.0_292-b10
2022-01-10 01:37:05,977 [Listener at 127.0.0.1/39943] INFO  server.session (DefaultSessionIdManager.java:doStart(334)) - DefaultSessionIdManager workerName=node0
2022-01-10 01:37:05,977 [Listener at 127.0.0.1/39943] INFO  server.session (DefaultSessionIdManager.java:doStart(339)) - No SessionScavenger set, using defaults
2022-01-10 01:37:05,977 [Listener at 127.0.0.1/39943] INFO  server.session (HouseKeeper.java:startScavenging(132)) - node0 Scavenging every 600000ms
2022-01-10 01:37:05,978 [Listener at 127.0.0.1/39943] INFO  handler.ContextHandler (ContextHandler.java:doStart(915)) - Started o.e.j.s.ServletContextHandler@2126cfaf{logs,/logs,file:///home/runner/work/ozone/ozone/hadoop-ozone/integration-test/target/log,AVAILABLE}
2022-01-10 01:37:05,978 [Listener at 127.0.0.1/39943] INFO  handler.ContextHandler (ContextHandler.java:doStart(915)) - Started o.e.j.s.ServletContextHandler@70cef1d3{static,/static,jar:file:/home/runner/.m2/repository/org/apache/ozone/hdds-container-service/1.3.0-SNAPSHOT/hdds-container-service-1.3.0-SNAPSHOT.jar!/webapps/static,AVAILABLE}
2022-01-10 01:37:06,072 [Listener at 127.0.0.1/39943] INFO  handler.ContextHandler (ContextHandler.java:doStart(915)) - Started o.e.j.w.WebAppContext@18c135fa{hddsDatanode,/,file:///tmp/jetty-0_0_0_0-42283-hdds-container-service-1_3_0-SNAPSHOT_jar-_-any-3323454332512889472/webapp/,AVAILABLE}{jar:file:/home/runner/.m2/repository/org/apache/ozone/hdds-container-service/1.3.0-SNAPSHOT/hdds-container-service-1.3.0-SNAPSHOT.jar!/webapps/hddsDatanode}
2022-01-10 01:37:06,087 [Listener at 127.0.0.1/39943] INFO  server.AbstractConnector (AbstractConnector.java:doStart(331)) - Started ServerConnector@5eb2e851{HTTP/1.1, (http/1.1)}{0.0.0.0:42283}
2022-01-10 01:37:06,087 [Listener at 127.0.0.1/39943] INFO  server.Server (Server.java:doStart(415)) - Started @104357ms
2022-01-10 01:37:06,087 [Listener at 127.0.0.1/39943] WARN  impl.MetricsSystemImpl (MetricsSystemImpl.java:register(279)) - Sink prometheus already exists!
2022-01-10 01:37:06,088 [Listener at 127.0.0.1/39943] INFO  http.BaseHttpServer (BaseHttpServer.java:updateConnectorAddress(329)) - HTTP server of hddsDatanode listening at http://0.0.0.0:42283
2022-01-10 01:37:06,089 [Listener at 127.0.0.1/39943] INFO  impl.MetricsSystemImpl (MetricsSystemImpl.java:init(158)) - HddsDatanode metrics system started (again)
2022-01-10 01:37:06,095 [Datanode State Machine Daemon Thread] INFO  statemachine.DatanodeStateMachine (DatanodeStateMachine.java:lambda$startDaemon$0(467)) - Ozone container server started.
2022-01-10 01:37:06,110 [org.apache.hadoop.util.JvmPauseMonitor$Monitor@75b548a7] INFO  util.JvmPauseMonitor (JvmPauseMonitor.java:run(188)) - Starting JVM pause monitor
2022-01-10 01:37:06,119 [Listener at 127.0.0.1/39943] INFO  ozone.HddsDatanodeService (HddsDatanodeService.java:start(234)) - HddsDatanodeService host:fv-az297-741.nmf1rxwemy4u5di1sxxf4ejcwb.jx.internal.cloudapp.net ip:10.1.0.8
2022-01-10 01:37:06,125 [Datanode State Machine Task Thread - 0] INFO  datanode.InitDatanodeState (InitDatanodeState.java:persistContainerDatanodeDetails(145)) - DatanodeDetails is persisted to /home/runner/work/ozone/ozone/hadoop-ozone/integration-test/target/test-dir/MiniOzoneClusterImpl-68802873-f272-46eb-8a6f-b1572e6a6d36/datanode-1/meta/datanode.id
2022-01-10 01:37:06,148 [Listener at 127.0.0.1/39943] INFO  upgrade.AbstractLayoutVersionManager (AbstractLayoutVersionManager.java:init(79)) - Initializing Layout version manager with metadata layout = SCM_HA (version = 2), software layout = SCM_HA (version = 2)
2022-01-10 01:37:06,245 [Listener at 127.0.0.1/39943] INFO  reflections.Reflections (Reflections.java:scan(232)) - Reflections took 96 ms to scan 7 urls, producing 119 keys and 279 values 
2022-01-10 01:37:06,262 [Listener at 127.0.0.1/39943] INFO  statemachine.DatanodeStateMachine (DatanodeStateMachine.java:getEndPointTaskThreadPoolSize(219)) - Datanode State Machine Task Thread Pool size 2
2022-01-10 01:37:06,270 [Listener at 127.0.0.1/39943] INFO  volume.HddsVolume (HddsVolume.java:<init>(120)) - Creating HddsVolume: /home/runner/work/ozone/ozone/hadoop-ozone/integration-test/target/test-dir/MiniOzoneClusterImpl-68802873-f272-46eb-8a6f-b1572e6a6d36/datanode-2/data-0/containers/hdds of storage type : DISK capacity : 9223372036854775807
2022-01-10 01:37:06,270 [Listener at 127.0.0.1/39943] INFO  volume.MutableVolumeSet (MutableVolumeSet.java:initializeVolumeSet(168)) - Added Volume : /home/runner/work/ozone/ozone/hadoop-ozone/integration-test/target/test-dir/MiniOzoneClusterImpl-68802873-f272-46eb-8a6f-b1572e6a6d36/datanode-2/data-0/containers/hdds to VolumeSet
2022-01-10 01:37:06,270 [Listener at 127.0.0.1/39943] INFO  volume.ThrottledAsyncChecker (ThrottledAsyncChecker.java:schedule(141)) - Scheduling a check for /home/runner/work/ozone/ozone/hadoop-ozone/integration-test/target/test-dir/MiniOzoneClusterImpl-68802873-f272-46eb-8a6f-b1572e6a6d36/datanode-2/data-0/containers/hdds
2022-01-10 01:37:06,282 [Listener at 127.0.0.1/39943] INFO  volume.StorageVolumeChecker (StorageVolumeChecker.java:checkAllVolumes(202)) - Scheduled health check for volume /home/runner/work/ozone/ozone/hadoop-ozone/integration-test/target/test-dir/MiniOzoneClusterImpl-68802873-f272-46eb-8a6f-b1572e6a6d36/datanode-2/data-0/containers/hdds
2022-01-10 01:37:06,304 [Listener at 127.0.0.1/39943] INFO  volume.MutableVolumeSet (MutableVolumeSet.java:initializeVolumeSet(168)) - Added Volume : /home/runner/work/ozone/ozone/hadoop-ozone/integration-test/target/test-dir/MiniOzoneClusterImpl-68802873-f272-46eb-8a6f-b1572e6a6d36/datanode-2/data/ratis to VolumeSet
2022-01-10 01:37:06,306 [Listener at 127.0.0.1/39943] INFO  volume.ThrottledAsyncChecker (ThrottledAsyncChecker.java:schedule(141)) - Scheduling a check for /home/runner/work/ozone/ozone/hadoop-ozone/integration-test/target/test-dir/MiniOzoneClusterImpl-68802873-f272-46eb-8a6f-b1572e6a6d36/datanode-2/data/ratis
2022-01-10 01:37:06,306 [Listener at 127.0.0.1/39943] INFO  volume.StorageVolumeChecker (StorageVolumeChecker.java:checkAllVolumes(202)) - Scheduled health check for volume /home/runner/work/ozone/ozone/hadoop-ozone/integration-test/target/test-dir/MiniOzoneClusterImpl-68802873-f272-46eb-8a6f-b1572e6a6d36/datanode-2/data/ratis
2022-01-10 01:37:06,335 [Thread-887] INFO  ozoneimpl.ContainerReader (ContainerReader.java:readVolume(172)) - Finish verifying containers on volume /home/runner/work/ozone/ozone/hadoop-ozone/integration-test/target/test-dir/MiniOzoneClusterImpl-68802873-f272-46eb-8a6f-b1572e6a6d36/datanode-2/data-0/containers/hdds
2022-01-10 01:37:06,335 [Listener at 127.0.0.1/39943] INFO  ozoneimpl.OzoneContainer (OzoneContainer.java:buildContainerSet(237)) - Build ContainerSet costs 0s
2022-01-10 01:37:06,336 [Listener at 127.0.0.1/39943] INFO  server.RaftServer (ConfUtils.java:logGet(44)) - raft.rpc.type = GRPC (default)
2022-01-10 01:37:06,337 [Listener at 127.0.0.1/39943] INFO  grpc.GrpcFactory (GrpcFactory.java:checkPooledByteBufAllocatorUseCacheForAllThreads(48)) - PERFORMANCE WARNING: useCacheForAllThreads is true that may cause Netty to create a lot garbage objects and, as a result, trigger GC.
	It is recommended to disable useCacheForAllThreads by setting -Dorg.apache.ratis.thirdparty.io.netty.allocator.useCacheForAllThreads=false in command line.
2022-01-10 01:37:06,337 [Listener at 127.0.0.1/39943] INFO  grpc.GrpcConfigKeys (ConfUtils.java:logGet(44)) - raft.grpc.admin.port = 0 (custom)
2022-01-10 01:37:06,337 [Listener at 127.0.0.1/39943] INFO  grpc.GrpcConfigKeys (ConfUtils.java:logGet(44)) - raft.grpc.client.port = 0 (custom)
2022-01-10 01:37:06,337 [Listener at 127.0.0.1/39943] INFO  grpc.GrpcConfigKeys (ConfUtils.java:logGet(44)) - raft.grpc.server.port = 0 (default)
2022-01-10 01:37:06,337 [Listener at 127.0.0.1/39943] INFO  server.GrpcService (ConfUtils.java:logGet(44)) - raft.grpc.message.size.max = 32MB (=33554432) (custom)
2022-01-10 01:37:06,337 [Listener at 127.0.0.1/39943] INFO  server.RaftServerConfigKeys (ConfUtils.java:logGet(44)) - raft.server.log.appender.buffer.byte-limit = 33554432 (custom)
2022-01-10 01:37:06,337 [Listener at 127.0.0.1/39943] INFO  server.GrpcService (ConfUtils.java:logGet(44)) - raft.grpc.flow.control.window = 5MB (=5242880) (custom)
2022-01-10 01:37:06,337 [Listener at 127.0.0.1/39943] INFO  server.RaftServerConfigKeys (ConfUtils.java:logGet(44)) - raft.server.rpc.request.timeout = 60s (custom)
2022-01-10 01:37:06,351 [Listener at 127.0.0.1/39943] INFO  impl.DataStreamServerImpl (ConfUtils.java:logGet(44)) - raft.datastream.type = DISABLED (default)
2022-01-10 01:37:06,352 [Listener at 127.0.0.1/39943] INFO  server.RaftServerConfigKeys (ConfUtils.java:logGet(44)) - raft.server.rpc.slowness.timeout = 300s (custom)
2022-01-10 01:37:06,352 [Listener at 127.0.0.1/39943] INFO  server.RaftServerConfigKeys (ConfUtils.java:logGet(44)) - raft.server.leaderelection.leader.step-down.wait-time = 10s (default)
2022-01-10 01:37:06,352 [Listener at 127.0.0.1/39943] INFO  server.RaftServerConfigKeys (ConfUtils.java:logGet(44)) - raft.server.storage.dir = [/home/runner/work/ozone/ozone/hadoop-ozone/integration-test/target/test-dir/MiniOzoneClusterImpl-68802873-f272-46eb-8a6f-b1572e6a6d36/datanode-2/data/ratis] (custom)
2022-01-10 01:37:06,353 [Listener at 127.0.0.1/39943] INFO  server.XceiverServerGrpc (XceiverServerGrpc.java:<init>(132)) - GrpcServer channel type EpollServerSocketChannel
2022-01-10 01:37:06,357 [Listener at 127.0.0.1/39943] INFO  http.BaseHttpServer (BaseHttpServer.java:newHttpServer2BuilderForOzone(209)) - Starting Web-server for hddsDatanode at: http://0.0.0.0:0
2022-01-10 01:37:06,358 [Listener at 127.0.0.1/39943] INFO  http.BaseHttpServer (BaseHttpServer.java:<init>(107)) - Hadoop Security Enabled: false Ozone Security Enabled: false Ozone HTTP Security Enabled: false 
2022-01-10 01:37:06,358 [Listener at 127.0.0.1/39943] INFO  server.AuthenticationFilter (AuthenticationFilter.java:constructSecretProvider(240)) - Unable to initialize FileSignerSecretProvider, falling back to use random secrets.
2022-01-10 01:37:06,361 [Listener at 127.0.0.1/39943] WARN  http.HttpRequestLog (HttpRequestLog.java:getRequestLog(103)) - Jetty request log can only be enabled using Log4j
2022-01-10 01:37:06,365 [Listener at 127.0.0.1/39943] INFO  http.HttpServer2 (HttpServer2.java:addGlobalFilter(1030)) - Added global filter 'safety' (class=org.apache.hadoop.hdds.server.http.HttpServer2$QuotingInputFilter)
2022-01-10 01:37:06,365 [Listener at 127.0.0.1/39943] INFO  http.HttpServer2 (HttpServer2.java:addFilter(1006)) - Added filter static_user_filter (class=org.apache.hadoop.http.lib.StaticUserWebFilter$StaticUserFilter) to context hddsDatanode
2022-01-10 01:37:06,365 [Listener at 127.0.0.1/39943] INFO  http.HttpServer2 (HttpServer2.java:addFilter(1014)) - Added filter static_user_filter (class=org.apache.hadoop.http.lib.StaticUserWebFilter$StaticUserFilter) to context logs
2022-01-10 01:37:06,365 [Listener at 127.0.0.1/39943] INFO  http.HttpServer2 (HttpServer2.java:addFilter(1014)) - Added filter static_user_filter (class=org.apache.hadoop.http.lib.StaticUserWebFilter$StaticUserFilter) to context static
2022-01-10 01:37:06,366 [Listener at 127.0.0.1/39943] INFO  http.HttpServer2 (HttpServer2.java:bindListener(1249)) - Jetty bound to port 38047
2022-01-10 01:37:06,366 [Listener at 127.0.0.1/39943] INFO  server.Server (Server.java:doStart(375)) - jetty-9.4.43.v20210629; built: 2021-06-30T11:07:22.254Z; git: 526006ecfa3af7f1a27ef3a288e2bef7ea9dd7e8; jvm 1.8.0_292-b10
2022-01-10 01:37:06,368 [Listener at 127.0.0.1/39943] INFO  server.session (DefaultSessionIdManager.java:doStart(334)) - DefaultSessionIdManager workerName=node0
2022-01-10 01:37:06,368 [Listener at 127.0.0.1/39943] INFO  server.session (DefaultSessionIdManager.java:doStart(339)) - No SessionScavenger set, using defaults
2022-01-10 01:37:06,368 [Listener at 127.0.0.1/39943] INFO  server.session (HouseKeeper.java:startScavenging(132)) - node0 Scavenging every 660000ms
2022-01-10 01:37:06,369 [Listener at 127.0.0.1/39943] INFO  handler.ContextHandler (ContextHandler.java:doStart(915)) - Started o.e.j.s.ServletContextHandler@13488a7a{logs,/logs,file:///home/runner/work/ozone/ozone/hadoop-ozone/integration-test/target/log,AVAILABLE}
2022-01-10 01:37:06,369 [Listener at 127.0.0.1/39943] INFO  handler.ContextHandler (ContextHandler.java:doStart(915)) - Started o.e.j.s.ServletContextHandler@abebd2{static,/static,jar:file:/home/runner/.m2/repository/org/apache/ozone/hdds-container-service/1.3.0-SNAPSHOT/hdds-container-service-1.3.0-SNAPSHOT.jar!/webapps/static,AVAILABLE}
2022-01-10 01:37:06,445 [Listener at 127.0.0.1/39943] INFO  handler.ContextHandler (ContextHandler.java:doStart(915)) - Started o.e.j.w.WebAppContext@36f50eef{hddsDatanode,/,file:///tmp/jetty-0_0_0_0-38047-hdds-container-service-1_3_0-SNAPSHOT_jar-_-any-3481403547442920734/webapp/,AVAILABLE}{jar:file:/home/runner/.m2/repository/org/apache/ozone/hdds-container-service/1.3.0-SNAPSHOT/hdds-container-service-1.3.0-SNAPSHOT.jar!/webapps/hddsDatanode}
2022-01-10 01:37:06,454 [Listener at 127.0.0.1/39943] INFO  server.AbstractConnector (AbstractConnector.java:doStart(331)) - Started ServerConnector@7bd8918{HTTP/1.1, (http/1.1)}{0.0.0.0:38047}
2022-01-10 01:37:06,456 [Listener at 127.0.0.1/39943] INFO  server.Server (Server.java:doStart(415)) - Started @104726ms
2022-01-10 01:37:06,456 [Listener at 127.0.0.1/39943] WARN  impl.MetricsSystemImpl (MetricsSystemImpl.java:register(279)) - Sink prometheus already exists!
2022-01-10 01:37:06,474 [Listener at 127.0.0.1/39943] INFO  http.BaseHttpServer (BaseHttpServer.java:updateConnectorAddress(329)) - HTTP server of hddsDatanode listening at http://0.0.0.0:38047
2022-01-10 01:37:06,478 [Listener at 127.0.0.1/39943] INFO  ozone.MiniOzoneClusterImpl (MiniOzoneClusterImpl.java:lambda$waitForClusterToBeReady$0(235)) - Waiting for nodes to be ready. Got 0 of 3 DN Heartbeats.
2022-01-10 01:37:06,478 [Listener at 127.0.0.1/39943] INFO  ozone.MiniOzoneClusterImpl (MiniOzoneClusterImpl.java:lambda$waitForClusterToBeReady$0(238)) - Waiting for cluster to exit safe mode
2022-01-10 01:37:06,478 [Listener at 127.0.0.1/39943] INFO  ozone.MiniOzoneClusterImpl (MiniOzoneClusterImpl.java:lambda$waitForClusterToBeReady$0(240)) - SCM became leader
2022-01-10 01:37:06,478 [Datanode State Machine Daemon Thread] INFO  statemachine.DatanodeStateMachine (DatanodeStateMachine.java:lambda$startDaemon$0(467)) - Ozone container server started.
2022-01-10 01:37:06,506 [org.apache.hadoop.util.JvmPauseMonitor$Monitor@108b32cc] INFO  util.JvmPauseMonitor (JvmPauseMonitor.java:run(188)) - Starting JVM pause monitor
2022-01-10 01:37:06,518 [Datanode State Machine Task Thread - 0] INFO  datanode.InitDatanodeState (InitDatanodeState.java:persistContainerDatanodeDetails(145)) - DatanodeDetails is persisted to /home/runner/work/ozone/ozone/hadoop-ozone/integration-test/target/test-dir/MiniOzoneClusterImpl-68802873-f272-46eb-8a6f-b1572e6a6d36/datanode-2/meta/datanode.id
2022-01-10 01:37:07,478 [Listener at 127.0.0.1/39943] INFO  ozone.MiniOzoneClusterImpl (MiniOzoneClusterImpl.java:lambda$waitForClusterToBeReady$0(235)) - Waiting for nodes to be ready. Got 0 of 3 DN Heartbeats.
2022-01-10 01:37:07,478 [Listener at 127.0.0.1/39943] INFO  ozone.MiniOzoneClusterImpl (MiniOzoneClusterImpl.java:lambda$waitForClusterToBeReady$0(238)) - Waiting for cluster to exit safe mode
2022-01-10 01:37:07,478 [Listener at 127.0.0.1/39943] INFO  ozone.MiniOzoneClusterImpl (MiniOzoneClusterImpl.java:lambda$waitForClusterToBeReady$0(240)) - SCM became leader
2022-01-10 01:37:07,817 [EndpointStateMachine task thread for /0.0.0.0:45113 - 0 ] INFO  ozoneimpl.OzoneContainer (OzoneContainer.java:start(315)) - Attempting to start container services.
2022-01-10 01:37:07,818 [EndpointStateMachine task thread for /0.0.0.0:45113 - 0 ] INFO  ozoneimpl.OzoneContainer (OzoneContainer.java:startContainerScrub(250)) - Background container scanner has been disabled.
2022-01-10 01:37:07,821 [EndpointStateMachine task thread for /0.0.0.0:45113 - 0 ] INFO  replication.ReplicationServer (ReplicationServer.java:start(107)) - ReplicationServer is started using port 40743
2022-01-10 01:37:07,822 [EndpointStateMachine task thread for /0.0.0.0:45113 - 0 ] INFO  ratis.XceiverServerRatis (XceiverServerRatis.java:start(484)) - Starting XceiverServerRatis 97efffe8-a0d9-4eb2-b8ba-05ac1adb2a18
2022-01-10 01:37:07,822 [EndpointStateMachine task thread for /0.0.0.0:45113 - 0 ] INFO  server.RaftServer (RaftServerProxy.java:lambda$start$5(374)) - 97efffe8-a0d9-4eb2-b8ba-05ac1adb2a18: start RPC server
2022-01-10 01:37:07,826 [EndpointStateMachine task thread for /0.0.0.0:45113 - 0 ] INFO  server.GrpcService (GrpcService.java:startImpl(253)) - 97efffe8-a0d9-4eb2-b8ba-05ac1adb2a18: GrpcService started, listening on 41617
2022-01-10 01:37:07,826 [EndpointStateMachine task thread for /0.0.0.0:45113 - 0 ] INFO  ratis.XceiverServerRatis (XceiverServerRatis.java:getRealPort(505)) - XceiverServerRatis 97efffe8-a0d9-4eb2-b8ba-05ac1adb2a18 is started using port 41617 for RATIS
2022-01-10 01:37:07,826 [EndpointStateMachine task thread for /0.0.0.0:45113 - 0 ] INFO  ratis.XceiverServerRatis (XceiverServerRatis.java:getRealPort(505)) - XceiverServerRatis 97efffe8-a0d9-4eb2-b8ba-05ac1adb2a18 is started using port 41617 for RATIS_ADMIN
2022-01-10 01:37:07,826 [EndpointStateMachine task thread for /0.0.0.0:45113 - 0 ] INFO  ratis.XceiverServerRatis (XceiverServerRatis.java:getRealPort(505)) - XceiverServerRatis 97efffe8-a0d9-4eb2-b8ba-05ac1adb2a18 is started using port 41617 for RATIS_SERVER
2022-01-10 01:37:07,827 [org.apache.ratis.util.JvmPauseMonitor$$Lambda$529/1957356322@caebc83] INFO  util.JvmPauseMonitor (JvmPauseMonitor.java:run(103)) - JvmPauseMonitor-97efffe8-a0d9-4eb2-b8ba-05ac1adb2a18: Started
2022-01-10 01:37:07,827 [EndpointStateMachine task thread for /0.0.0.0:45113 - 0 ] INFO  server.XceiverServerGrpc (XceiverServerGrpc.java:start(180)) - XceiverServerGrpc 97efffe8-a0d9-4eb2-b8ba-05ac1adb2a18 is started using port 35905
2022-01-10 01:37:08,177 [EndpointStateMachine task thread for /0.0.0.0:45113 - 0 ] INFO  ozoneimpl.OzoneContainer (OzoneContainer.java:start(315)) - Attempting to start container services.
2022-01-10 01:37:08,177 [EndpointStateMachine task thread for /0.0.0.0:45113 - 0 ] INFO  ozoneimpl.OzoneContainer (OzoneContainer.java:startContainerScrub(250)) - Background container scanner has been disabled.
2022-01-10 01:37:08,177 [EndpointStateMachine task thread for /0.0.0.0:45113 - 0 ] INFO  replication.ReplicationServer (ReplicationServer.java:start(107)) - ReplicationServer is started using port 37763
2022-01-10 01:37:08,181 [EndpointStateMachine task thread for /0.0.0.0:45113 - 0 ] INFO  ratis.XceiverServerRatis (XceiverServerRatis.java:start(484)) - Starting XceiverServerRatis b1fc3843-4175-4724-a1a5-46b4e39f3b17
2022-01-10 01:37:08,207 [EndpointStateMachine task thread for /0.0.0.0:45113 - 0 ] INFO  server.RaftServer (RaftServerProxy.java:lambda$start$5(374)) - b1fc3843-4175-4724-a1a5-46b4e39f3b17: start RPC server
2022-01-10 01:37:08,209 [EndpointStateMachine task thread for /0.0.0.0:45113 - 0 ] INFO  server.GrpcService (GrpcService.java:startImpl(253)) - b1fc3843-4175-4724-a1a5-46b4e39f3b17: GrpcService started, listening on 42567
2022-01-10 01:37:08,210 [EndpointStateMachine task thread for /0.0.0.0:45113 - 0 ] INFO  ratis.XceiverServerRatis (XceiverServerRatis.java:getRealPort(505)) - XceiverServerRatis b1fc3843-4175-4724-a1a5-46b4e39f3b17 is started using port 42567 for RATIS
2022-01-10 01:37:08,210 [EndpointStateMachine task thread for /0.0.0.0:45113 - 0 ] INFO  ratis.XceiverServerRatis (XceiverServerRatis.java:getRealPort(505)) - XceiverServerRatis b1fc3843-4175-4724-a1a5-46b4e39f3b17 is started using port 42567 for RATIS_ADMIN
2022-01-10 01:37:08,210 [EndpointStateMachine task thread for /0.0.0.0:45113 - 0 ] INFO  ratis.XceiverServerRatis (XceiverServerRatis.java:getRealPort(505)) - XceiverServerRatis b1fc3843-4175-4724-a1a5-46b4e39f3b17 is started using port 42567 for RATIS_SERVER
2022-01-10 01:37:08,212 [org.apache.ratis.util.JvmPauseMonitor$$Lambda$529/1957356322@145235d9] INFO  util.JvmPauseMonitor (JvmPauseMonitor.java:run(103)) - JvmPauseMonitor-b1fc3843-4175-4724-a1a5-46b4e39f3b17: Started
2022-01-10 01:37:08,223 [EndpointStateMachine task thread for /0.0.0.0:45113 - 0 ] INFO  server.XceiverServerGrpc (XceiverServerGrpc.java:start(180)) - XceiverServerGrpc b1fc3843-4175-4724-a1a5-46b4e39f3b17 is started using port 46623
2022-01-10 01:37:08,479 [Listener at 127.0.0.1/39943] INFO  ozone.MiniOzoneClusterImpl (MiniOzoneClusterImpl.java:lambda$waitForClusterToBeReady$0(235)) - Waiting for nodes to be ready. Got 0 of 3 DN Heartbeats.
2022-01-10 01:37:08,479 [Listener at 127.0.0.1/39943] INFO  ozone.MiniOzoneClusterImpl (MiniOzoneClusterImpl.java:lambda$waitForClusterToBeReady$0(238)) - Waiting for cluster to exit safe mode
2022-01-10 01:37:08,479 [Listener at 127.0.0.1/39943] INFO  ozone.MiniOzoneClusterImpl (MiniOzoneClusterImpl.java:lambda$waitForClusterToBeReady$0(240)) - SCM became leader
2022-01-10 01:37:08,518 [EndpointStateMachine task thread for /0.0.0.0:45113 - 0 ] INFO  ozoneimpl.OzoneContainer (OzoneContainer.java:start(315)) - Attempting to start container services.
2022-01-10 01:37:08,518 [EndpointStateMachine task thread for /0.0.0.0:45113 - 0 ] INFO  ozoneimpl.OzoneContainer (OzoneContainer.java:startContainerScrub(250)) - Background container scanner has been disabled.
2022-01-10 01:37:08,518 [EndpointStateMachine task thread for /0.0.0.0:45113 - 0 ] INFO  replication.ReplicationServer (ReplicationServer.java:start(107)) - ReplicationServer is started using port 42677
2022-01-10 01:37:08,529 [EndpointStateMachine task thread for /0.0.0.0:45113 - 0 ] INFO  ratis.XceiverServerRatis (XceiverServerRatis.java:start(484)) - Starting XceiverServerRatis b4496ae0-fc73-4297-a03c-903064600ecd
2022-01-10 01:37:08,530 [EndpointStateMachine task thread for /0.0.0.0:45113 - 0 ] INFO  server.RaftServer (RaftServerProxy.java:lambda$start$5(374)) - b4496ae0-fc73-4297-a03c-903064600ecd: start RPC server
2022-01-10 01:37:08,531 [EndpointStateMachine task thread for /0.0.0.0:45113 - 0 ] INFO  server.GrpcService (GrpcService.java:startImpl(253)) - b4496ae0-fc73-4297-a03c-903064600ecd: GrpcService started, listening on 38203
2022-01-10 01:37:08,531 [EndpointStateMachine task thread for /0.0.0.0:45113 - 0 ] INFO  ratis.XceiverServerRatis (XceiverServerRatis.java:getRealPort(505)) - XceiverServerRatis b4496ae0-fc73-4297-a03c-903064600ecd is started using port 38203 for RATIS
2022-01-10 01:37:08,531 [EndpointStateMachine task thread for /0.0.0.0:45113 - 0 ] INFO  ratis.XceiverServerRatis (XceiverServerRatis.java:getRealPort(505)) - XceiverServerRatis b4496ae0-fc73-4297-a03c-903064600ecd is started using port 38203 for RATIS_ADMIN
2022-01-10 01:37:08,531 [EndpointStateMachine task thread for /0.0.0.0:45113 - 0 ] INFO  ratis.XceiverServerRatis (XceiverServerRatis.java:getRealPort(505)) - XceiverServerRatis b4496ae0-fc73-4297-a03c-903064600ecd is started using port 38203 for RATIS_SERVER
2022-01-10 01:37:08,532 [org.apache.ratis.util.JvmPauseMonitor$$Lambda$529/1957356322@628a553c] INFO  util.JvmPauseMonitor (JvmPauseMonitor.java:run(103)) - JvmPauseMonitor-b4496ae0-fc73-4297-a03c-903064600ecd: Started
2022-01-10 01:37:08,532 [EndpointStateMachine task thread for /0.0.0.0:45113 - 0 ] INFO  server.XceiverServerGrpc (XceiverServerGrpc.java:start(180)) - XceiverServerGrpc b4496ae0-fc73-4297-a03c-903064600ecd is started using port 39221
2022-01-10 01:37:09,479 [Listener at 127.0.0.1/39943] INFO  ozone.MiniOzoneClusterImpl (MiniOzoneClusterImpl.java:lambda$waitForClusterToBeReady$0(235)) - Waiting for nodes to be ready. Got 0 of 3 DN Heartbeats.
2022-01-10 01:37:09,479 [Listener at 127.0.0.1/39943] INFO  ozone.MiniOzoneClusterImpl (MiniOzoneClusterImpl.java:lambda$waitForClusterToBeReady$0(238)) - Waiting for cluster to exit safe mode
2022-01-10 01:37:09,480 [Listener at 127.0.0.1/39943] INFO  ozone.MiniOzoneClusterImpl (MiniOzoneClusterImpl.java:lambda$waitForClusterToBeReady$0(240)) - SCM became leader
2022-01-10 01:37:09,801 [IPC Server handler 0 on default port 45113] INFO  net.NetworkTopologyImpl (NetworkTopologyImpl.java:add(112)) - Added a new node: /default-rack/97efffe8-a0d9-4eb2-b8ba-05ac1adb2a18
2022-01-10 01:37:09,801 [IPC Server handler 0 on default port 45113] INFO  node.SCMNodeManager (SCMNodeManager.java:register(389)) - Registered Data node : 97efffe8-a0d9-4eb2-b8ba-05ac1adb2a18{ip: 10.1.0.8, host: fv-az297-741.nmf1rxwemy4u5di1sxxf4ejcwb.jx.internal.cloudapp.net, ports: [REPLICATION=40743, RATIS=41617, RATIS_ADMIN=41617, RATIS_SERVER=41617, STANDALONE=35905], networkLocation: /default-rack, certSerialId: null, persistedOpState: null, persistedOpStateExpiryEpochSec: 0}
2022-01-10 01:37:09,803 [EventQueue-NodeRegistrationContainerReportForContainerSafeModeRule] INFO  safemode.SCMSafeModeManager (SCMSafeModeManager.java:validateSafeModeExitRules(204)) - ContainerSafeModeRule rule is successfully validated
2022-01-10 01:37:09,803 [EventQueue-NodeRegistrationContainerReportForDataNodeSafeModeRule] INFO  safemode.SCMSafeModeManager (DataNodeSafeModeRule.java:process(71)) - SCM in safe mode. 1 DataNodes registered, 3 required.
2022-01-10 01:37:09,816 [EventQueue-NewNodeForNewNodeHandler] INFO  pipeline.BackgroundPipelineCreator (BackgroundPipelineCreator.java:notifyEventTriggered(285)) - trigger a one-shot run on RatisPipelineUtilsThread.
2022-01-10 01:37:09,816 [RatisPipelineUtilsThread - 0] INFO  pipeline.RatisPipelineProvider (RatisPipelineProvider.java:lambda$create$0(183)) - Sending CreatePipelineCommand for pipeline:PipelineID=0fda435f-8fa8-49ba-ba1c-7ec62a7b3652 to datanode:97efffe8-a0d9-4eb2-b8ba-05ac1adb2a18
2022-01-10 01:37:09,817 [RatisPipelineUtilsThread - 0] INFO  pipeline.PipelineStateManagerImpl (PipelineStateManagerImpl.java:addPipeline(101)) - Created pipeline Pipeline[ Id: 0fda435f-8fa8-49ba-ba1c-7ec62a7b3652, Nodes: 97efffe8-a0d9-4eb2-b8ba-05ac1adb2a18{ip: 10.1.0.8, host: fv-az297-741.nmf1rxwemy4u5di1sxxf4ejcwb.jx.internal.cloudapp.net, ports: [REPLICATION=40743, RATIS=41617, RATIS_ADMIN=41617, RATIS_SERVER=41617, STANDALONE=35905], networkLocation: /default-rack, certSerialId: null, persistedOpState: IN_SERVICE, persistedOpStateExpiryEpochSec: 0}, ReplicationConfig: RATIS/ONE, State:ALLOCATED, leaderId:, CreationTimestamp2022-01-10T01:37:09.816Z[Etc/UTC]].
2022-01-10 01:37:09,818 [EventQueue-PipelineReportForOneReplicaPipelineSafeModeRule] INFO  safemode.SCMSafeModeManager (SCMSafeModeManager.java:validateSafeModeExitRules(204)) - AtleastOneDatanodeReportedRule rule is successfully validated
2022-01-10 01:37:10,114 [IPC Server handler 6 on default port 45113] INFO  net.NetworkTopologyImpl (NetworkTopologyImpl.java:add(112)) - Added a new node: /default-rack/b1fc3843-4175-4724-a1a5-46b4e39f3b17
2022-01-10 01:37:10,115 [IPC Server handler 6 on default port 45113] INFO  node.SCMNodeManager (SCMNodeManager.java:register(389)) - Registered Data node : b1fc3843-4175-4724-a1a5-46b4e39f3b17{ip: 10.1.0.8, host: fv-az297-741.nmf1rxwemy4u5di1sxxf4ejcwb.jx.internal.cloudapp.net, ports: [REPLICATION=37763, RATIS=42567, RATIS_ADMIN=42567, RATIS_SERVER=42567, STANDALONE=46623], networkLocation: /default-rack, certSerialId: null, persistedOpState: null, persistedOpStateExpiryEpochSec: 0}
2022-01-10 01:37:10,115 [EventQueue-NewNodeForNewNodeHandler] INFO  pipeline.BackgroundPipelineCreator (BackgroundPipelineCreator.java:notifyEventTriggered(285)) - trigger a one-shot run on RatisPipelineUtilsThread.
2022-01-10 01:37:10,125 [RatisPipelineUtilsThread - 0] INFO  pipeline.RatisPipelineProvider (RatisPipelineProvider.java:lambda$create$0(183)) - Sending CreatePipelineCommand for pipeline:PipelineID=91885ea2-9cb9-48b8-943c-0f3eca49bc4a to datanode:b1fc3843-4175-4724-a1a5-46b4e39f3b17
2022-01-10 01:37:10,126 [RatisPipelineUtilsThread - 0] INFO  pipeline.PipelineStateManagerImpl (PipelineStateManagerImpl.java:addPipeline(101)) - Created pipeline Pipeline[ Id: 91885ea2-9cb9-48b8-943c-0f3eca49bc4a, Nodes: b1fc3843-4175-4724-a1a5-46b4e39f3b17{ip: 10.1.0.8, host: fv-az297-741.nmf1rxwemy4u5di1sxxf4ejcwb.jx.internal.cloudapp.net, ports: [REPLICATION=37763, RATIS=42567, RATIS_ADMIN=42567, RATIS_SERVER=42567, STANDALONE=46623], networkLocation: /default-rack, certSerialId: null, persistedOpState: IN_SERVICE, persistedOpStateExpiryEpochSec: 0}, ReplicationConfig: RATIS/ONE, State:ALLOCATED, leaderId:, CreationTimestamp2022-01-10T01:37:10.125Z[Etc/UTC]].
2022-01-10 01:37:10,133 [EventQueue-NodeRegistrationContainerReportForDataNodeSafeModeRule] INFO  safemode.SCMSafeModeManager (DataNodeSafeModeRule.java:process(71)) - SCM in safe mode. 2 DataNodes registered, 3 required.
2022-01-10 01:37:10,480 [Listener at 127.0.0.1/39943] INFO  ozone.MiniOzoneClusterImpl (MiniOzoneClusterImpl.java:lambda$waitForClusterToBeReady$0(235)) - Waiting for nodes to be ready. Got 2 of 3 DN Heartbeats.
2022-01-10 01:37:10,481 [Listener at 127.0.0.1/39943] INFO  ozone.MiniOzoneClusterImpl (MiniOzoneClusterImpl.java:lambda$waitForClusterToBeReady$0(238)) - Waiting for cluster to exit safe mode
2022-01-10 01:37:10,481 [Listener at 127.0.0.1/39943] INFO  ozone.MiniOzoneClusterImpl (MiniOzoneClusterImpl.java:lambda$waitForClusterToBeReady$0(240)) - SCM became leader
2022-01-10 01:37:10,509 [IPC Server handler 7 on default port 45113] INFO  net.NetworkTopologyImpl (NetworkTopologyImpl.java:add(112)) - Added a new node: /default-rack/b4496ae0-fc73-4297-a03c-903064600ecd
2022-01-10 01:37:10,509 [IPC Server handler 7 on default port 45113] INFO  node.SCMNodeManager (SCMNodeManager.java:register(389)) - Registered Data node : b4496ae0-fc73-4297-a03c-903064600ecd{ip: 10.1.0.8, host: fv-az297-741.nmf1rxwemy4u5di1sxxf4ejcwb.jx.internal.cloudapp.net, ports: [REPLICATION=42677, RATIS=38203, RATIS_ADMIN=38203, RATIS_SERVER=38203, STANDALONE=39221], networkLocation: /default-rack, certSerialId: null, persistedOpState: null, persistedOpStateExpiryEpochSec: 0}
2022-01-10 01:37:10,509 [EventQueue-NewNodeForNewNodeHandler] INFO  pipeline.BackgroundPipelineCreator (BackgroundPipelineCreator.java:notifyEventTriggered(285)) - trigger a one-shot run on RatisPipelineUtilsThread.
2022-01-10 01:37:10,510 [RatisPipelineUtilsThread - 0] INFO  pipeline.RatisPipelineProvider (RatisPipelineProvider.java:lambda$create$0(183)) - Sending CreatePipelineCommand for pipeline:PipelineID=472f2b59-de49-4d22-82a7-baa680b8aec8 to datanode:b4496ae0-fc73-4297-a03c-903064600ecd
2022-01-10 01:37:10,511 [RatisPipelineUtilsThread - 0] INFO  pipeline.PipelineStateManagerImpl (PipelineStateManagerImpl.java:addPipeline(101)) - Created pipeline Pipeline[ Id: 472f2b59-de49-4d22-82a7-baa680b8aec8, Nodes: b4496ae0-fc73-4297-a03c-903064600ecd{ip: 10.1.0.8, host: fv-az297-741.nmf1rxwemy4u5di1sxxf4ejcwb.jx.internal.cloudapp.net, ports: [REPLICATION=42677, RATIS=38203, RATIS_ADMIN=38203, RATIS_SERVER=38203, STANDALONE=39221], networkLocation: /default-rack, certSerialId: null, persistedOpState: IN_SERVICE, persistedOpStateExpiryEpochSec: 0}, ReplicationConfig: RATIS/ONE, State:ALLOCATED, leaderId:, CreationTimestamp2022-01-10T01:37:10.510Z[Etc/UTC]].
2022-01-10 01:37:10,511 [EventQueue-NodeRegistrationContainerReportForDataNodeSafeModeRule] INFO  safemode.SCMSafeModeManager (DataNodeSafeModeRule.java:process(71)) - SCM in safe mode. 3 DataNodes registered, 3 required.
2022-01-10 01:37:10,511 [EventQueue-NodeRegistrationContainerReportForDataNodeSafeModeRule] INFO  safemode.SCMSafeModeManager (SCMSafeModeManager.java:validateSafeModeExitRules(204)) - DataNodeSafeModeRule rule is successfully validated
2022-01-10 01:37:10,511 [EventQueue-NodeRegistrationContainerReportForDataNodeSafeModeRule] INFO  safemode.SCMSafeModeManager (SCMSafeModeManager.java:completePreCheck(233)) - All SCM safe mode pre check rules have passed
2022-01-10 01:37:10,511 [EventQueue-NodeRegistrationContainerReportForDataNodeSafeModeRule] WARN  events.EventQueue (EventQueue.java:fireEvent(194)) - No event handler registered for event TypedEvent{payloadType=SafeModeStatus, name='Safe mode status'}
2022-01-10 01:37:10,511 [EventQueue-NodeRegistrationContainerReportForDataNodeSafeModeRule] INFO  ha.SCMContext (SCMContext.java:updateSafeModeStatus(211)) - Update SafeModeStatus from SafeModeStatus{safeModeStatus=true, preCheckPassed=false} to SafeModeStatus{safeModeStatus=true, preCheckPassed=true}.
2022-01-10 01:37:10,511 [EventQueue-NodeRegistrationContainerReportForDataNodeSafeModeRule] INFO  pipeline.BackgroundPipelineCreator (BackgroundPipelineCreator.java:notifyEventTriggered(285)) - trigger a one-shot run on RatisPipelineUtilsThread.
2022-01-10 01:37:10,512 [RatisPipelineUtilsThread - 0] INFO  pipeline.RatisPipelineProvider (RatisPipelineProvider.java:lambda$create$0(183)) - Sending CreatePipelineCommand for pipeline:PipelineID=43a30b1b-0ab2-402e-877f-db1adaf67f51 to datanode:b1fc3843-4175-4724-a1a5-46b4e39f3b17
2022-01-10 01:37:10,513 [RatisPipelineUtilsThread - 0] INFO  pipeline.RatisPipelineProvider (RatisPipelineProvider.java:lambda$create$0(183)) - Sending CreatePipelineCommand for pipeline:PipelineID=43a30b1b-0ab2-402e-877f-db1adaf67f51 to datanode:97efffe8-a0d9-4eb2-b8ba-05ac1adb2a18
2022-01-10 01:37:10,513 [RatisPipelineUtilsThread - 0] INFO  pipeline.RatisPipelineProvider (RatisPipelineProvider.java:lambda$create$0(183)) - Sending CreatePipelineCommand for pipeline:PipelineID=43a30b1b-0ab2-402e-877f-db1adaf67f51 to datanode:b4496ae0-fc73-4297-a03c-903064600ecd
2022-01-10 01:37:10,514 [RatisPipelineUtilsThread - 0] INFO  pipeline.PipelineStateManagerImpl (PipelineStateManagerImpl.java:addPipeline(101)) - Created pipeline Pipeline[ Id: 43a30b1b-0ab2-402e-877f-db1adaf67f51, Nodes: b1fc3843-4175-4724-a1a5-46b4e39f3b17{ip: 10.1.0.8, host: fv-az297-741.nmf1rxwemy4u5di1sxxf4ejcwb.jx.internal.cloudapp.net, ports: [REPLICATION=37763, RATIS=42567, RATIS_ADMIN=42567, RATIS_SERVER=42567, STANDALONE=46623], networkLocation: /default-rack, certSerialId: null, persistedOpState: IN_SERVICE, persistedOpStateExpiryEpochSec: 0}97efffe8-a0d9-4eb2-b8ba-05ac1adb2a18{ip: 10.1.0.8, host: fv-az297-741.nmf1rxwemy4u5di1sxxf4ejcwb.jx.internal.cloudapp.net, ports: [REPLICATION=40743, RATIS=41617, RATIS_ADMIN=41617, RATIS_SERVER=41617, STANDALONE=35905], networkLocation: /default-rack, certSerialId: null, persistedOpState: IN_SERVICE, persistedOpStateExpiryEpochSec: 0}b4496ae0-fc73-4297-a03c-903064600ecd{ip: 10.1.0.8, host: fv-az297-741.nmf1rxwemy4u5di1sxxf4ejcwb.jx.internal.cloudapp.net, ports: [REPLICATION=42677, RATIS=38203, RATIS_ADMIN=38203, RATIS_SERVER=38203, STANDALONE=39221], networkLocation: /default-rack, certSerialId: null, persistedOpState: IN_SERVICE, persistedOpStateExpiryEpochSec: 0}, ReplicationConfig: RATIS/THREE, State:ALLOCATED, leaderId:, CreationTimestamp2022-01-10T01:37:10.512Z[Etc/UTC]].
2022-01-10 01:37:10,514 [RatisPipelineUtilsThread - 0] INFO  pipeline.RatisPipelineProvider (RatisPipelineProvider.java:lambda$create$0(183)) - Sending CreatePipelineCommand for pipeline:PipelineID=ee0ca7a8-41d3-43f0-b7e4-ef2998936a88 to datanode:97efffe8-a0d9-4eb2-b8ba-05ac1adb2a18
2022-01-10 01:37:10,514 [RatisPipelineUtilsThread - 0] INFO  pipeline.RatisPipelineProvider (RatisPipelineProvider.java:lambda$create$0(183)) - Sending CreatePipelineCommand for pipeline:PipelineID=ee0ca7a8-41d3-43f0-b7e4-ef2998936a88 to datanode:b1fc3843-4175-4724-a1a5-46b4e39f3b17
2022-01-10 01:37:10,514 [RatisPipelineUtilsThread - 0] INFO  pipeline.RatisPipelineProvider (RatisPipelineProvider.java:lambda$create$0(183)) - Sending CreatePipelineCommand for pipeline:PipelineID=ee0ca7a8-41d3-43f0-b7e4-ef2998936a88 to datanode:b4496ae0-fc73-4297-a03c-903064600ecd
2022-01-10 01:37:10,514 [RatisPipelineUtilsThread - 0] INFO  pipeline.PipelineStateManagerImpl (PipelineStateManagerImpl.java:addPipeline(101)) - Created pipeline Pipeline[ Id: ee0ca7a8-41d3-43f0-b7e4-ef2998936a88, Nodes: 97efffe8-a0d9-4eb2-b8ba-05ac1adb2a18{ip: 10.1.0.8, host: fv-az297-741.nmf1rxwemy4u5di1sxxf4ejcwb.jx.internal.cloudapp.net, ports: [REPLICATION=40743, RATIS=41617, RATIS_ADMIN=41617, RATIS_SERVER=41617, STANDALONE=35905], networkLocation: /default-rack, certSerialId: null, persistedOpState: IN_SERVICE, persistedOpStateExpiryEpochSec: 0}b1fc3843-4175-4724-a1a5-46b4e39f3b17{ip: 10.1.0.8, host: fv-az297-741.nmf1rxwemy4u5di1sxxf4ejcwb.jx.internal.cloudapp.net, ports: [REPLICATION=37763, RATIS=42567, RATIS_ADMIN=42567, RATIS_SERVER=42567, STANDALONE=46623], networkLocation: /default-rack, certSerialId: null, persistedOpState: IN_SERVICE, persistedOpStateExpiryEpochSec: 0}b4496ae0-fc73-4297-a03c-903064600ecd{ip: 10.1.0.8, host: fv-az297-741.nmf1rxwemy4u5di1sxxf4ejcwb.jx.internal.cloudapp.net, ports: [REPLICATION=42677, RATIS=38203, RATIS_ADMIN=38203, RATIS_SERVER=38203, STANDALONE=39221], networkLocation: /default-rack, certSerialId: null, persistedOpState: IN_SERVICE, persistedOpStateExpiryEpochSec: 0}, ReplicationConfig: RATIS/THREE, State:ALLOCATED, leaderId:, CreationTimestamp2022-01-10T01:37:10.514Z[Etc/UTC]].
2022-01-10 01:37:10,514 [RatisPipelineUtilsThread - 0] INFO  pipeline.PipelineManagerImpl (PipelineManagerImpl.java:recordMetricsForPipeline(639)) - Pipeline: PipelineID=ee0ca7a8-41d3-43f0-b7e4-ef2998936a88 contains same datanodes as previous pipelines: PipelineID=43a30b1b-0ab2-402e-877f-db1adaf67f51 nodeIds: 97efffe8-a0d9-4eb2-b8ba-05ac1adb2a18, b1fc3843-4175-4724-a1a5-46b4e39f3b17, b4496ae0-fc73-4297-a03c-903064600ecd
2022-01-10 01:37:11,481 [Listener at 127.0.0.1/39943] INFO  ozone.MiniOzoneClusterImpl (MiniOzoneClusterImpl.java:lambda$waitForClusterToBeReady$0(235)) - Nodes are ready. Got 3 of 3 DN Heartbeats.
2022-01-10 01:37:11,482 [Listener at 127.0.0.1/39943] INFO  ozone.MiniOzoneClusterImpl (MiniOzoneClusterImpl.java:lambda$waitForClusterToBeReady$0(238)) - Waiting for cluster to exit safe mode
2022-01-10 01:37:11,482 [Listener at 127.0.0.1/39943] INFO  ozone.MiniOzoneClusterImpl (MiniOzoneClusterImpl.java:lambda$waitForClusterToBeReady$0(240)) - SCM became leader
2022-01-10 01:37:12,483 [Listener at 127.0.0.1/39943] INFO  ozone.MiniOzoneClusterImpl (MiniOzoneClusterImpl.java:lambda$waitForClusterToBeReady$0(235)) - Nodes are ready. Got 3 of 3 DN Heartbeats.
2022-01-10 01:37:12,484 [Listener at 127.0.0.1/39943] INFO  ozone.MiniOzoneClusterImpl (MiniOzoneClusterImpl.java:lambda$waitForClusterToBeReady$0(238)) - Waiting for cluster to exit safe mode
2022-01-10 01:37:12,484 [Listener at 127.0.0.1/39943] INFO  ozone.MiniOzoneClusterImpl (MiniOzoneClusterImpl.java:lambda$waitForClusterToBeReady$0(240)) - SCM became leader
2022-01-10 01:37:12,802 [Command processor thread] INFO  server.RaftServer (RaftServerProxy.java:addNew(95)) - 97efffe8-a0d9-4eb2-b8ba-05ac1adb2a18: addNew group-7EC62A7B3652:[97efffe8-a0d9-4eb2-b8ba-05ac1adb2a18|rpc:10.1.0.8:41617|priority:1] returns group-7EC62A7B3652:java.util.concurrent.CompletableFuture@bb2b4e9[Not completed]
2022-01-10 01:37:12,807 [pool-338-thread-1] INFO  server.RaftServer$Division (RaftServerImpl.java:<init>(184)) - 97efffe8-a0d9-4eb2-b8ba-05ac1adb2a18: new RaftServerImpl for group-7EC62A7B3652:[97efffe8-a0d9-4eb2-b8ba-05ac1adb2a18|rpc:10.1.0.8:41617|priority:1] with ContainerStateMachine:uninitialized
2022-01-10 01:37:12,814 [pool-338-thread-1] INFO  server.RaftServerConfigKeys (ConfUtils.java:logGet(44)) - raft.server.rpc.timeout.min = 5s (custom)
2022-01-10 01:37:12,815 [pool-338-thread-1] INFO  server.RaftServerConfigKeys (ConfUtils.java:logGet(44)) - raft.server.rpc.timeout.max = 5200ms (custom)
2022-01-10 01:37:12,815 [pool-338-thread-1] INFO  server.RaftServerConfigKeys (ConfUtils.java:logGet(44)) - raft.server.rpc.sleep.time = 25ms (default)
2022-01-10 01:37:12,815 [pool-338-thread-1] INFO  server.RaftServerConfigKeys (ConfUtils.java:logGet(44)) - raft.server.rpc.slowness.timeout = 300s (custom)
2022-01-10 01:37:12,815 [pool-338-thread-1] INFO  server.RaftServerConfigKeys (ConfUtils.java:logGet(44)) - raft.server.leaderelection.leader.step-down.wait-time = 10s (default)
2022-01-10 01:37:12,815 [pool-338-thread-1] INFO  server.RaftServerConfigKeys (ConfUtils.java:logGet(44)) - raft.server.sleep.deviation.threshold = 300ms (default)
2022-01-10 01:37:12,815 [pool-338-thread-1] INFO  server.RaftServerConfigKeys (ConfUtils.java:logGet(44)) - raft.server.log.appender.install.snapshot.enabled = false (custom)
2022-01-10 01:37:12,815 [pool-338-thread-1] INFO  server.RaftServer$Division (ServerState.java:<init>(105)) - 97efffe8-a0d9-4eb2-b8ba-05ac1adb2a18@group-7EC62A7B3652: ConfigurationManager, init=-1: [97efffe8-a0d9-4eb2-b8ba-05ac1adb2a18|rpc:10.1.0.8:41617|priority:1], old=null, confs=<EMPTY_MAP>
2022-01-10 01:37:12,815 [pool-338-thread-1] INFO  server.RaftServerConfigKeys (ConfUtils.java:logGet(44)) - raft.server.storage.dir = [/home/runner/work/ozone/ozone/hadoop-ozone/integration-test/target/test-dir/MiniOzoneClusterImpl-68802873-f272-46eb-8a6f-b1572e6a6d36/datanode-0/data/ratis] (custom)
2022-01-10 01:37:12,815 [pool-338-thread-1] INFO  server.RaftServerConfigKeys (ConfUtils.java:logGet(44)) - raft.server.log.corruption.policy = EXCEPTION (default)
2022-01-10 01:37:12,815 [pool-338-thread-1] INFO  server.RaftServerConfigKeys (ConfUtils.java:logGet(44)) - raft.server.storage.free-space.min = 0MB (=0) (default)
2022-01-10 01:37:12,815 [pool-338-thread-1] INFO  storage.RaftStorageDirectory (RaftStorageDirectoryImpl.java:analyzeStorage(135)) - The storage directory /home/runner/work/ozone/ozone/hadoop-ozone/integration-test/target/test-dir/MiniOzoneClusterImpl-68802873-f272-46eb-8a6f-b1572e6a6d36/datanode-0/data/ratis/0fda435f-8fa8-49ba-ba1c-7ec62a7b3652 does not exist. Creating ...
2022-01-10 01:37:12,822 [pool-338-thread-1] INFO  storage.RaftStorageDirectory (RaftStorageDirectoryImpl.java:tryLock(230)) - Lock on /home/runner/work/ozone/ozone/hadoop-ozone/integration-test/target/test-dir/MiniOzoneClusterImpl-68802873-f272-46eb-8a6f-b1572e6a6d36/datanode-0/data/ratis/0fda435f-8fa8-49ba-ba1c-7ec62a7b3652/in_use.lock acquired by nodename 16813@fv-az297-741
2022-01-10 01:37:12,826 [pool-338-thread-1] INFO  storage.RaftStorage (RaftStorageImpl.java:format(89)) - Storage directory /home/runner/work/ozone/ozone/hadoop-ozone/integration-test/target/test-dir/MiniOzoneClusterImpl-68802873-f272-46eb-8a6f-b1572e6a6d36/datanode-0/data/ratis/0fda435f-8fa8-49ba-ba1c-7ec62a7b3652 has been successfully formatted.
2022-01-10 01:37:12,830 [pool-338-thread-1] INFO  ratis.ContainerStateMachine (ContainerStateMachine.java:loadSnapshot(231)) - group-7EC62A7B3652: The snapshot info is null. Setting the last applied indexto:(t:0, i:~)
2022-01-10 01:37:12,830 [pool-338-thread-1] INFO  server.RaftServerConfigKeys (ConfUtils.java:logGet(44)) - raft.server.notification.no-leader.timeout = 300s (custom)
2022-01-10 01:37:12,830 [pool-338-thread-1] INFO  server.RaftServerConfigKeys (ConfUtils.java:logGet(44)) - raft.server.log.use.memory = false (default)
2022-01-10 01:37:12,830 [pool-338-thread-1] INFO  server.RaftServerConfigKeys (ConfUtils.java:logGet(44)) - raft.server.log.purge.gap = 1000000 (custom)
2022-01-10 01:37:12,831 [EventQueue-PipelineReportForPipelineReportHandler] INFO  pipeline.PipelineManagerImpl (PipelineManagerImpl.java:openPipeline(291)) - Pipeline Pipeline[ Id: 0fda435f-8fa8-49ba-ba1c-7ec62a7b3652, Nodes: 97efffe8-a0d9-4eb2-b8ba-05ac1adb2a18{ip: 10.1.0.8, host: fv-az297-741.nmf1rxwemy4u5di1sxxf4ejcwb.jx.internal.cloudapp.net, ports: [REPLICATION=40743, RATIS=41617, RATIS_ADMIN=41617, RATIS_SERVER=41617, STANDALONE=35905], networkLocation: /default-rack, certSerialId: null, persistedOpState: IN_SERVICE, persistedOpStateExpiryEpochSec: 0}, ReplicationConfig: RATIS/ONE, State:ALLOCATED, leaderId:97efffe8-a0d9-4eb2-b8ba-05ac1adb2a18, CreationTimestamp2022-01-10T01:37:09.816Z[Etc/UTC]] moved to OPEN state
2022-01-10 01:37:12,849 [EventQueue-OpenPipelineForHealthyPipelineSafeModeRule] INFO  safemode.SCMSafeModeManager (HealthyPipelineSafeModeRule.java:process(124)) - SCM in safe mode. Healthy pipelines reported count is 0, required healthy pipeline reported count is 1
2022-01-10 01:37:12,854 [pool-338-thread-1] INFO  server.RaftServerConfigKeys (ConfUtils.java:logGet(44)) - raft.server.log.appender.buffer.byte-limit = 33554432 (custom)
2022-01-10 01:37:12,858 [pool-338-thread-1] INFO  server.RaftServerConfigKeys (ConfUtils.java:logGet(44)) - raft.server.log.segment.size.max = 1048576 (custom)
2022-01-10 01:37:12,859 [pool-338-thread-1] INFO  server.RaftServerConfigKeys (ConfUtils.java:logGet(44)) - raft.server.log.segment.cache.num.max = 2 (custom)
2022-01-10 01:37:12,859 [pool-338-thread-1] INFO  server.RaftServerConfigKeys (ConfUtils.java:logGet(44)) - raft.server.log.segment.cache.size.max = 200MB (=209715200) (default)
2022-01-10 01:37:12,859 [pool-338-thread-1] INFO  segmented.SegmentedRaftLogWorker (SegmentedRaftLogWorker.java:<init>(182)) - new 97efffe8-a0d9-4eb2-b8ba-05ac1adb2a18@group-7EC62A7B3652-SegmentedRaftLogWorker for RaftStorageImpl:Storage Directory /home/runner/work/ozone/ozone/hadoop-ozone/integration-test/target/test-dir/MiniOzoneClusterImpl-68802873-f272-46eb-8a6f-b1572e6a6d36/datanode-0/data/ratis/0fda435f-8fa8-49ba-ba1c-7ec62a7b3652
2022-01-10 01:37:12,859 [pool-338-thread-1] INFO  server.RaftServerConfigKeys (ConfUtils.java:logGet(44)) - raft.server.log.queue.byte-limit = 2147483647 (custom)
2022-01-10 01:37:12,859 [pool-338-thread-1] INFO  server.RaftServerConfigKeys (ConfUtils.java:logGet(44)) - raft.server.log.queue.element-limit = 1024 (custom)
2022-01-10 01:37:12,859 [pool-338-thread-1] INFO  server.RaftServerConfigKeys (ConfUtils.java:logGet(44)) - raft.server.log.segment.size.max = 1048576 (custom)
2022-01-10 01:37:12,859 [pool-338-thread-1] INFO  server.RaftServerConfigKeys (ConfUtils.java:logGet(44)) - raft.server.log.preallocated.size = 16384 (custom)
2022-01-10 01:37:12,859 [pool-338-thread-1] INFO  server.RaftServerConfigKeys (ConfUtils.java:logGet(44)) - raft.server.log.force.sync.num = 128 (default)
2022-01-10 01:37:12,859 [pool-338-thread-1] INFO  server.RaftServerConfigKeys (ConfUtils.java:logGet(44)) - raft.server.log.statemachine.data.sync = true (default)
2022-01-10 01:37:12,859 [pool-338-thread-1] INFO  server.RaftServerConfigKeys (ConfUtils.java:logGet(44)) - raft.server.log.statemachine.data.sync.timeout = 10s (default)
2022-01-10 01:37:12,867 [pool-338-thread-1] INFO  server.RaftServerConfigKeys (ConfUtils.java:logGet(44)) - raft.server.log.statemachine.data.sync.timeout.retry = -1 (default)
2022-01-10 01:37:12,868 [pool-338-thread-1] INFO  server.RaftServerConfigKeys (ConfUtils.java:logGet(44)) - raft.server.log.write.buffer.size = 1048576 (custom)
2022-01-10 01:37:12,874 [pool-338-thread-1] INFO  server.RaftServerConfigKeys (ConfUtils.java:logGet(44)) - raft.server.log.statemachine.data.caching.enabled = true (custom)
2022-01-10 01:37:12,874 [pool-338-thread-1] INFO  segmented.SegmentedRaftLogWorker (SegmentedRaftLogWorker.java:lambda$new$0(133)) - 97efffe8-a0d9-4eb2-b8ba-05ac1adb2a18@group-7EC62A7B3652-SegmentedRaftLogWorker: flushIndex: setUnconditionally 0 -> -1
2022-01-10 01:37:12,877 [pool-338-thread-1] INFO  segmented.SegmentedRaftLogWorker (SegmentedRaftLogWorker.java:lambda$new$0(133)) - 97efffe8-a0d9-4eb2-b8ba-05ac1adb2a18@group-7EC62A7B3652-SegmentedRaftLogWorker: safeCacheEvictIndex: setUnconditionally 0 -> -1
2022-01-10 01:37:12,881 [pool-338-thread-1] INFO  server.RaftServerConfigKeys (ConfUtils.java:logGet(44)) - raft.server.snapshot.auto.trigger.enabled = true (custom)
2022-01-10 01:37:12,881 [pool-338-thread-1] INFO  server.RaftServerConfigKeys (ConfUtils.java:logGet(44)) - raft.server.snapshot.auto.trigger.threshold = 10000 (custom)
2022-01-10 01:37:12,881 [pool-338-thread-1] INFO  server.RaftServerConfigKeys (ConfUtils.java:logGet(44)) - raft.server.snapshot.retention.file.num = 5 (custom)
2022-01-10 01:37:12,881 [pool-338-thread-1] INFO  server.RaftServerConfigKeys (ConfUtils.java:logGet(44)) - raft.server.log.purge.upto.snapshot.index = false (default)
2022-01-10 01:37:12,881 [pool-338-thread-1] INFO  server.RaftServerConfigKeys (ConfUtils.java:logGet(44)) - raft.server.retrycache.expirytime = 600000ms (custom)
2022-01-10 01:37:12,881 [pool-338-thread-1] INFO  server.RaftServerConfigKeys (ConfUtils.java:logGet(44)) - raft.server.retrycache.statistics.expirytime = 100μs (default)
2022-01-10 01:37:12,882 [pool-338-thread-1] INFO  server.RaftServer$Division (RaftServerImpl.java:start(301)) - 97efffe8-a0d9-4eb2-b8ba-05ac1adb2a18@group-7EC62A7B3652: start as a follower, conf=-1: [97efffe8-a0d9-4eb2-b8ba-05ac1adb2a18|rpc:10.1.0.8:41617|priority:1], old=null
2022-01-10 01:37:12,882 [pool-338-thread-1] INFO  server.RaftServer$Division (RaftServerImpl.java:setRole(290)) - 97efffe8-a0d9-4eb2-b8ba-05ac1adb2a18@group-7EC62A7B3652: changes role from      null to FOLLOWER at term 0 for startAsFollower
2022-01-10 01:37:12,882 [pool-338-thread-1] INFO  impl.RoleInfo (RoleInfo.java:updateAndGet(130)) - 97efffe8-a0d9-4eb2-b8ba-05ac1adb2a18: start 97efffe8-a0d9-4eb2-b8ba-05ac1adb2a18@group-7EC62A7B3652-FollowerState
2022-01-10 01:37:12,894 [pool-338-thread-1] INFO  util.JmxRegister (JmxRegister.java:tryRegister(44)) - Successfully registered JMX Bean with object name Ratis:service=RaftServer,group=group-7EC62A7B3652,id=97efffe8-a0d9-4eb2-b8ba-05ac1adb2a18
2022-01-10 01:37:12,901 [Command processor thread] INFO  ratis.XceiverServerRatis (XceiverServerRatis.java:addGroup(768)) - Created group PipelineID=0fda435f-8fa8-49ba-ba1c-7ec62a7b3652
2022-01-10 01:37:12,901 [Command processor thread] INFO  commandhandler.CreatePipelineCommandHandler (CreatePipelineCommandHandler.java:handle(106)) - Created Pipeline RATIS ONE PipelineID=0fda435f-8fa8-49ba-ba1c-7ec62a7b3652.
2022-01-10 01:37:12,901 [Command processor thread] INFO  server.RaftServer (RaftServerProxy.java:addNew(95)) - 97efffe8-a0d9-4eb2-b8ba-05ac1adb2a18: addNew group-DB1ADAF67F51:[97efffe8-a0d9-4eb2-b8ba-05ac1adb2a18|rpc:10.1.0.8:41617|priority:0, b1fc3843-4175-4724-a1a5-46b4e39f3b17|rpc:10.1.0.8:42567|priority:1, b4496ae0-fc73-4297-a03c-903064600ecd|rpc:10.1.0.8:38203|priority:0] returns group-DB1ADAF67F51:java.util.concurrent.CompletableFuture@f8d3147[Not completed]
2022-01-10 01:37:12,902 [pool-338-thread-1] INFO  server.RaftServer$Division (RaftServerImpl.java:<init>(184)) - 97efffe8-a0d9-4eb2-b8ba-05ac1adb2a18: new RaftServerImpl for group-DB1ADAF67F51:[97efffe8-a0d9-4eb2-b8ba-05ac1adb2a18|rpc:10.1.0.8:41617|priority:0, b1fc3843-4175-4724-a1a5-46b4e39f3b17|rpc:10.1.0.8:42567|priority:1, b4496ae0-fc73-4297-a03c-903064600ecd|rpc:10.1.0.8:38203|priority:0] with ContainerStateMachine:uninitialized
2022-01-10 01:37:12,902 [pool-338-thread-1] INFO  server.RaftServerConfigKeys (ConfUtils.java:logGet(44)) - raft.server.rpc.timeout.min = 5s (custom)
2022-01-10 01:37:12,903 [pool-338-thread-1] INFO  server.RaftServerConfigKeys (ConfUtils.java:logGet(44)) - raft.server.rpc.timeout.max = 5200ms (custom)
2022-01-10 01:37:12,903 [pool-338-thread-1] INFO  server.RaftServerConfigKeys (ConfUtils.java:logGet(44)) - raft.server.rpc.sleep.time = 25ms (default)
2022-01-10 01:37:12,903 [pool-338-thread-1] INFO  server.RaftServerConfigKeys (ConfUtils.java:logGet(44)) - raft.server.rpc.slowness.timeout = 300s (custom)
2022-01-10 01:37:12,903 [pool-338-thread-1] INFO  server.RaftServerConfigKeys (ConfUtils.java:logGet(44)) - raft.server.leaderelection.leader.step-down.wait-time = 10s (default)
2022-01-10 01:37:12,903 [pool-338-thread-1] INFO  server.RaftServerConfigKeys (ConfUtils.java:logGet(44)) - raft.server.sleep.deviation.threshold = 300ms (default)
2022-01-10 01:37:12,903 [pool-338-thread-1] INFO  server.RaftServerConfigKeys (ConfUtils.java:logGet(44)) - raft.server.log.appender.install.snapshot.enabled = false (custom)
2022-01-10 01:37:12,903 [pool-338-thread-1] INFO  server.RaftServer$Division (ServerState.java:<init>(105)) - 97efffe8-a0d9-4eb2-b8ba-05ac1adb2a18@group-DB1ADAF67F51: ConfigurationManager, init=-1: [97efffe8-a0d9-4eb2-b8ba-05ac1adb2a18|rpc:10.1.0.8:41617|priority:0, b1fc3843-4175-4724-a1a5-46b4e39f3b17|rpc:10.1.0.8:42567|priority:1, b4496ae0-fc73-4297-a03c-903064600ecd|rpc:10.1.0.8:38203|priority:0], old=null, confs=<EMPTY_MAP>
2022-01-10 01:37:12,903 [pool-338-thread-1] INFO  server.RaftServerConfigKeys (ConfUtils.java:logGet(44)) - raft.server.storage.dir = [/home/runner/work/ozone/ozone/hadoop-ozone/integration-test/target/test-dir/MiniOzoneClusterImpl-68802873-f272-46eb-8a6f-b1572e6a6d36/datanode-0/data/ratis] (custom)
2022-01-10 01:37:12,903 [pool-338-thread-1] INFO  server.RaftServerConfigKeys (ConfUtils.java:logGet(44)) - raft.server.log.corruption.policy = EXCEPTION (default)
2022-01-10 01:37:12,903 [pool-338-thread-1] INFO  server.RaftServerConfigKeys (ConfUtils.java:logGet(44)) - raft.server.storage.free-space.min = 0MB (=0) (default)
2022-01-10 01:37:12,903 [pool-338-thread-1] INFO  storage.RaftStorageDirectory (RaftStorageDirectoryImpl.java:analyzeStorage(135)) - The storage directory /home/runner/work/ozone/ozone/hadoop-ozone/integration-test/target/test-dir/MiniOzoneClusterImpl-68802873-f272-46eb-8a6f-b1572e6a6d36/datanode-0/data/ratis/43a30b1b-0ab2-402e-877f-db1adaf67f51 does not exist. Creating ...
2022-01-10 01:37:12,904 [pool-338-thread-1] INFO  storage.RaftStorageDirectory (RaftStorageDirectoryImpl.java:tryLock(230)) - Lock on /home/runner/work/ozone/ozone/hadoop-ozone/integration-test/target/test-dir/MiniOzoneClusterImpl-68802873-f272-46eb-8a6f-b1572e6a6d36/datanode-0/data/ratis/43a30b1b-0ab2-402e-877f-db1adaf67f51/in_use.lock acquired by nodename 16813@fv-az297-741
2022-01-10 01:37:12,907 [pool-338-thread-1] INFO  storage.RaftStorage (RaftStorageImpl.java:format(89)) - Storage directory /home/runner/work/ozone/ozone/hadoop-ozone/integration-test/target/test-dir/MiniOzoneClusterImpl-68802873-f272-46eb-8a6f-b1572e6a6d36/datanode-0/data/ratis/43a30b1b-0ab2-402e-877f-db1adaf67f51 has been successfully formatted.
2022-01-10 01:37:12,907 [pool-338-thread-1] INFO  ratis.ContainerStateMachine (ContainerStateMachine.java:loadSnapshot(231)) - group-DB1ADAF67F51: The snapshot info is null. Setting the last applied indexto:(t:0, i:~)
2022-01-10 01:37:12,908 [EventQueue-OpenPipelineForHealthyPipelineSafeModeRule] INFO  safemode.SCMSafeModeManager (HealthyPipelineSafeModeRule.java:process(124)) - SCM in safe mode. Healthy pipelines reported count is 0, required healthy pipeline reported count is 1
2022-01-10 01:37:12,908 [pool-338-thread-1] INFO  server.RaftServerConfigKeys (ConfUtils.java:logGet(44)) - raft.server.notification.no-leader.timeout = 300s (custom)
2022-01-10 01:37:12,908 [pool-338-thread-1] INFO  server.RaftServerConfigKeys (ConfUtils.java:logGet(44)) - raft.server.log.use.memory = false (default)
2022-01-10 01:37:12,908 [pool-338-thread-1] INFO  server.RaftServerConfigKeys (ConfUtils.java:logGet(44)) - raft.server.log.purge.gap = 1000000 (custom)
2022-01-10 01:37:12,909 [pool-338-thread-1] INFO  server.RaftServerConfigKeys (ConfUtils.java:logGet(44)) - raft.server.log.appender.buffer.byte-limit = 33554432 (custom)
2022-01-10 01:37:12,909 [pool-338-thread-1] INFO  server.RaftServerConfigKeys (ConfUtils.java:logGet(44)) - raft.server.log.segment.size.max = 1048576 (custom)
2022-01-10 01:37:12,910 [pool-338-thread-1] INFO  server.RaftServerConfigKeys (ConfUtils.java:logGet(44)) - raft.server.log.segment.cache.num.max = 2 (custom)
2022-01-10 01:37:12,910 [pool-338-thread-1] INFO  server.RaftServerConfigKeys (ConfUtils.java:logGet(44)) - raft.server.log.segment.cache.size.max = 200MB (=209715200) (default)
2022-01-10 01:37:12,910 [pool-338-thread-1] INFO  segmented.SegmentedRaftLogWorker (SegmentedRaftLogWorker.java:<init>(182)) - new 97efffe8-a0d9-4eb2-b8ba-05ac1adb2a18@group-DB1ADAF67F51-SegmentedRaftLogWorker for RaftStorageImpl:Storage Directory /home/runner/work/ozone/ozone/hadoop-ozone/integration-test/target/test-dir/MiniOzoneClusterImpl-68802873-f272-46eb-8a6f-b1572e6a6d36/datanode-0/data/ratis/43a30b1b-0ab2-402e-877f-db1adaf67f51
2022-01-10 01:37:12,910 [pool-338-thread-1] INFO  server.RaftServerConfigKeys (ConfUtils.java:logGet(44)) - raft.server.log.queue.byte-limit = 2147483647 (custom)
2022-01-10 01:37:12,910 [pool-338-thread-1] INFO  server.RaftServerConfigKeys (ConfUtils.java:logGet(44)) - raft.server.log.queue.element-limit = 1024 (custom)
2022-01-10 01:37:12,910 [pool-338-thread-1] INFO  server.RaftServerConfigKeys (ConfUtils.java:logGet(44)) - raft.server.log.segment.size.max = 1048576 (custom)
2022-01-10 01:37:12,910 [pool-338-thread-1] INFO  server.RaftServerConfigKeys (ConfUtils.java:logGet(44)) - raft.server.log.preallocated.size = 16384 (custom)
2022-01-10 01:37:12,910 [pool-338-thread-1] INFO  server.RaftServerConfigKeys (ConfUtils.java:logGet(44)) - raft.server.log.force.sync.num = 128 (default)
2022-01-10 01:37:12,910 [pool-338-thread-1] INFO  server.RaftServerConfigKeys (ConfUtils.java:logGet(44)) - raft.server.log.statemachine.data.sync = true (default)
2022-01-10 01:37:12,910 [pool-338-thread-1] INFO  server.RaftServerConfigKeys (ConfUtils.java:logGet(44)) - raft.server.log.statemachine.data.sync.timeout = 10s (default)
2022-01-10 01:37:12,910 [pool-338-thread-1] INFO  server.RaftServerConfigKeys (ConfUtils.java:logGet(44)) - raft.server.log.statemachine.data.sync.timeout.retry = -1 (default)
2022-01-10 01:37:12,911 [pool-338-thread-1] INFO  server.RaftServerConfigKeys (ConfUtils.java:logGet(44)) - raft.server.log.write.buffer.size = 1048576 (custom)
2022-01-10 01:37:12,911 [pool-338-thread-1] INFO  server.RaftServerConfigKeys (ConfUtils.java:logGet(44)) - raft.server.log.statemachine.data.caching.enabled = true (custom)
2022-01-10 01:37:12,912 [pool-338-thread-1] INFO  segmented.SegmentedRaftLogWorker (SegmentedRaftLogWorker.java:lambda$new$0(133)) - 97efffe8-a0d9-4eb2-b8ba-05ac1adb2a18@group-DB1ADAF67F51-SegmentedRaftLogWorker: flushIndex: setUnconditionally 0 -> -1
2022-01-10 01:37:12,917 [pool-338-thread-1] INFO  segmented.SegmentedRaftLogWorker (SegmentedRaftLogWorker.java:lambda$new$0(133)) - 97efffe8-a0d9-4eb2-b8ba-05ac1adb2a18@group-DB1ADAF67F51-SegmentedRaftLogWorker: safeCacheEvictIndex: setUnconditionally 0 -> -1
2022-01-10 01:37:12,930 [pool-338-thread-1] INFO  server.RaftServerConfigKeys (ConfUtils.java:logGet(44)) - raft.server.snapshot.auto.trigger.enabled = true (custom)
2022-01-10 01:37:12,930 [pool-338-thread-1] INFO  server.RaftServerConfigKeys (ConfUtils.java:logGet(44)) - raft.server.snapshot.auto.trigger.threshold = 10000 (custom)
2022-01-10 01:37:12,930 [pool-338-thread-1] INFO  server.RaftServerConfigKeys (ConfUtils.java:logGet(44)) - raft.server.snapshot.retention.file.num = 5 (custom)
2022-01-10 01:37:12,930 [pool-338-thread-1] INFO  server.RaftServerConfigKeys (ConfUtils.java:logGet(44)) - raft.server.log.purge.upto.snapshot.index = false (default)
2022-01-10 01:37:12,930 [pool-338-thread-1] INFO  server.RaftServerConfigKeys (ConfUtils.java:logGet(44)) - raft.server.retrycache.expirytime = 600000ms (custom)
2022-01-10 01:37:12,930 [pool-338-thread-1] INFO  server.RaftServerConfigKeys (ConfUtils.java:logGet(44)) - raft.server.retrycache.statistics.expirytime = 100μs (default)
2022-01-10 01:37:12,931 [pool-338-thread-1] INFO  server.RaftServer$Division (RaftServerImpl.java:start(301)) - 97efffe8-a0d9-4eb2-b8ba-05ac1adb2a18@group-DB1ADAF67F51: start as a follower, conf=-1: [97efffe8-a0d9-4eb2-b8ba-05ac1adb2a18|rpc:10.1.0.8:41617|priority:0, b1fc3843-4175-4724-a1a5-46b4e39f3b17|rpc:10.1.0.8:42567|priority:1, b4496ae0-fc73-4297-a03c-903064600ecd|rpc:10.1.0.8:38203|priority:0], old=null
2022-01-10 01:37:12,931 [pool-338-thread-1] INFO  server.RaftServer$Division (RaftServerImpl.java:setRole(290)) - 97efffe8-a0d9-4eb2-b8ba-05ac1adb2a18@group-DB1ADAF67F51: changes role from      null to FOLLOWER at term 0 for startAsFollower
2022-01-10 01:37:12,931 [pool-338-thread-1] INFO  impl.RoleInfo (RoleInfo.java:updateAndGet(130)) - 97efffe8-a0d9-4eb2-b8ba-05ac1adb2a18: start 97efffe8-a0d9-4eb2-b8ba-05ac1adb2a18@group-DB1ADAF67F51-FollowerState
2022-01-10 01:37:12,932 [pool-338-thread-1] INFO  util.JmxRegister (JmxRegister.java:tryRegister(44)) - Successfully registered JMX Bean with object name Ratis:service=RaftServer,group=group-DB1ADAF67F51,id=97efffe8-a0d9-4eb2-b8ba-05ac1adb2a18
2022-01-10 01:37:12,936 [Command processor thread] INFO  ratis.XceiverServerRatis (XceiverServerRatis.java:addGroup(768)) - Created group PipelineID=43a30b1b-0ab2-402e-877f-db1adaf67f51
2022-01-10 01:37:13,038 [grpc-default-executor-0] INFO  server.RaftServer (RaftServerProxy.java:addNew(95)) - b1fc3843-4175-4724-a1a5-46b4e39f3b17: addNew group-DB1ADAF67F51:[97efffe8-a0d9-4eb2-b8ba-05ac1adb2a18|rpc:10.1.0.8:41617|dataStream:|priority:0, b1fc3843-4175-4724-a1a5-46b4e39f3b17|rpc:10.1.0.8:42567|dataStream:|priority:1, b4496ae0-fc73-4297-a03c-903064600ecd|rpc:10.1.0.8:38203|dataStream:|priority:0] returns group-DB1ADAF67F51:java.util.concurrent.CompletableFuture@2f42846e[Not completed]
2022-01-10 01:37:13,058 [pool-359-thread-1] INFO  server.RaftServer$Division (RaftServerImpl.java:<init>(184)) - b1fc3843-4175-4724-a1a5-46b4e39f3b17: new RaftServerImpl for group-DB1ADAF67F51:[97efffe8-a0d9-4eb2-b8ba-05ac1adb2a18|rpc:10.1.0.8:41617|dataStream:|priority:0, b1fc3843-4175-4724-a1a5-46b4e39f3b17|rpc:10.1.0.8:42567|dataStream:|priority:1, b4496ae0-fc73-4297-a03c-903064600ecd|rpc:10.1.0.8:38203|dataStream:|priority:0] with ContainerStateMachine:uninitialized
2022-01-10 01:37:13,075 [pool-359-thread-1] INFO  server.RaftServerConfigKeys (ConfUtils.java:logGet(44)) - raft.server.rpc.timeout.min = 5s (custom)
2022-01-10 01:37:13,075 [pool-359-thread-1] INFO  server.RaftServerConfigKeys (ConfUtils.java:logGet(44)) - raft.server.rpc.timeout.max = 5200ms (custom)
2022-01-10 01:37:13,075 [pool-359-thread-1] INFO  server.RaftServerConfigKeys (ConfUtils.java:logGet(44)) - raft.server.rpc.sleep.time = 25ms (default)
2022-01-10 01:37:13,075 [pool-359-thread-1] INFO  server.RaftServerConfigKeys (ConfUtils.java:logGet(44)) - raft.server.rpc.slowness.timeout = 300s (custom)
2022-01-10 01:37:13,075 [pool-359-thread-1] INFO  server.RaftServerConfigKeys (ConfUtils.java:logGet(44)) - raft.server.leaderelection.leader.step-down.wait-time = 10s (default)
2022-01-10 01:37:13,075 [pool-359-thread-1] INFO  server.RaftServerConfigKeys (ConfUtils.java:logGet(44)) - raft.server.sleep.deviation.threshold = 300ms (default)
2022-01-10 01:37:13,075 [pool-359-thread-1] INFO  server.RaftServerConfigKeys (ConfUtils.java:logGet(44)) - raft.server.log.appender.install.snapshot.enabled = false (custom)
2022-01-10 01:37:13,076 [pool-359-thread-1] INFO  server.RaftServer$Division (ServerState.java:<init>(105)) - b1fc3843-4175-4724-a1a5-46b4e39f3b17@group-DB1ADAF67F51: ConfigurationManager, init=-1: [97efffe8-a0d9-4eb2-b8ba-05ac1adb2a18|rpc:10.1.0.8:41617|dataStream:|priority:0, b1fc3843-4175-4724-a1a5-46b4e39f3b17|rpc:10.1.0.8:42567|dataStream:|priority:1, b4496ae0-fc73-4297-a03c-903064600ecd|rpc:10.1.0.8:38203|dataStream:|priority:0], old=null, confs=<EMPTY_MAP>
2022-01-10 01:37:13,076 [pool-359-thread-1] INFO  server.RaftServerConfigKeys (ConfUtils.java:logGet(44)) - raft.server.storage.dir = [/home/runner/work/ozone/ozone/hadoop-ozone/integration-test/target/test-dir/MiniOzoneClusterImpl-68802873-f272-46eb-8a6f-b1572e6a6d36/datanode-1/data/ratis] (custom)
2022-01-10 01:37:13,076 [pool-359-thread-1] INFO  server.RaftServerConfigKeys (ConfUtils.java:logGet(44)) - raft.server.log.corruption.policy = EXCEPTION (default)
2022-01-10 01:37:13,076 [pool-359-thread-1] INFO  server.RaftServerConfigKeys (ConfUtils.java:logGet(44)) - raft.server.storage.free-space.min = 0MB (=0) (default)
2022-01-10 01:37:13,076 [pool-359-thread-1] INFO  storage.RaftStorageDirectory (RaftStorageDirectoryImpl.java:analyzeStorage(135)) - The storage directory /home/runner/work/ozone/ozone/hadoop-ozone/integration-test/target/test-dir/MiniOzoneClusterImpl-68802873-f272-46eb-8a6f-b1572e6a6d36/datanode-1/data/ratis/43a30b1b-0ab2-402e-877f-db1adaf67f51 does not exist. Creating ...
2022-01-10 01:37:13,077 [pool-359-thread-1] INFO  storage.RaftStorageDirectory (RaftStorageDirectoryImpl.java:tryLock(230)) - Lock on /home/runner/work/ozone/ozone/hadoop-ozone/integration-test/target/test-dir/MiniOzoneClusterImpl-68802873-f272-46eb-8a6f-b1572e6a6d36/datanode-1/data/ratis/43a30b1b-0ab2-402e-877f-db1adaf67f51/in_use.lock acquired by nodename 16813@fv-az297-741
2022-01-10 01:37:13,086 [pool-359-thread-1] INFO  storage.RaftStorage (RaftStorageImpl.java:format(89)) - Storage directory /home/runner/work/ozone/ozone/hadoop-ozone/integration-test/target/test-dir/MiniOzoneClusterImpl-68802873-f272-46eb-8a6f-b1572e6a6d36/datanode-1/data/ratis/43a30b1b-0ab2-402e-877f-db1adaf67f51 has been successfully formatted.
2022-01-10 01:37:13,094 [pool-359-thread-1] INFO  ratis.ContainerStateMachine (ContainerStateMachine.java:loadSnapshot(231)) - group-DB1ADAF67F51: The snapshot info is null. Setting the last applied indexto:(t:0, i:~)
2022-01-10 01:37:13,095 [pool-359-thread-1] INFO  server.RaftServerConfigKeys (ConfUtils.java:logGet(44)) - raft.server.notification.no-leader.timeout = 300s (custom)
2022-01-10 01:37:13,095 [pool-359-thread-1] INFO  server.RaftServerConfigKeys (ConfUtils.java:logGet(44)) - raft.server.log.use.memory = false (default)
2022-01-10 01:37:13,095 [pool-359-thread-1] INFO  server.RaftServerConfigKeys (ConfUtils.java:logGet(44)) - raft.server.log.purge.gap = 1000000 (custom)
2022-01-10 01:37:13,095 [pool-359-thread-1] INFO  server.RaftServerConfigKeys (ConfUtils.java:logGet(44)) - raft.server.log.appender.buffer.byte-limit = 33554432 (custom)
2022-01-10 01:37:13,095 [pool-359-thread-1] INFO  server.RaftServerConfigKeys (ConfUtils.java:logGet(44)) - raft.server.log.segment.size.max = 1048576 (custom)
2022-01-10 01:37:13,095 [pool-359-thread-1] INFO  server.RaftServerConfigKeys (ConfUtils.java:logGet(44)) - raft.server.log.segment.cache.num.max = 2 (custom)
2022-01-10 01:37:13,095 [pool-359-thread-1] INFO  server.RaftServerConfigKeys (ConfUtils.java:logGet(44)) - raft.server.log.segment.cache.size.max = 200MB (=209715200) (default)
2022-01-10 01:37:13,095 [pool-359-thread-1] INFO  segmented.SegmentedRaftLogWorker (SegmentedRaftLogWorker.java:<init>(182)) - new b1fc3843-4175-4724-a1a5-46b4e39f3b17@group-DB1ADAF67F51-SegmentedRaftLogWorker for RaftStorageImpl:Storage Directory /home/runner/work/ozone/ozone/hadoop-ozone/integration-test/target/test-dir/MiniOzoneClusterImpl-68802873-f272-46eb-8a6f-b1572e6a6d36/datanode-1/data/ratis/43a30b1b-0ab2-402e-877f-db1adaf67f51
2022-01-10 01:37:13,095 [pool-359-thread-1] INFO  server.RaftServerConfigKeys (ConfUtils.java:logGet(44)) - raft.server.log.queue.byte-limit = 2147483647 (custom)
2022-01-10 01:37:13,095 [pool-359-thread-1] INFO  server.RaftServerConfigKeys (ConfUtils.java:logGet(44)) - raft.server.log.queue.element-limit = 1024 (custom)
2022-01-10 01:37:13,095 [pool-359-thread-1] INFO  server.RaftServerConfigKeys (ConfUtils.java:logGet(44)) - raft.server.log.segment.size.max = 1048576 (custom)
2022-01-10 01:37:13,095 [pool-359-thread-1] INFO  server.RaftServerConfigKeys (ConfUtils.java:logGet(44)) - raft.server.log.preallocated.size = 16384 (custom)
2022-01-10 01:37:13,095 [pool-359-thread-1] INFO  server.RaftServerConfigKeys (ConfUtils.java:logGet(44)) - raft.server.log.force.sync.num = 128 (default)
2022-01-10 01:37:13,096 [pool-359-thread-1] INFO  server.RaftServerConfigKeys (ConfUtils.java:logGet(44)) - raft.server.log.statemachine.data.sync = true (default)
2022-01-10 01:37:13,096 [pool-359-thread-1] INFO  server.RaftServerConfigKeys (ConfUtils.java:logGet(44)) - raft.server.log.statemachine.data.sync.timeout = 10s (default)
2022-01-10 01:37:13,096 [pool-359-thread-1] INFO  server.RaftServerConfigKeys (ConfUtils.java:logGet(44)) - raft.server.log.statemachine.data.sync.timeout.retry = -1 (default)
2022-01-10 01:37:13,100 [pool-359-thread-1] INFO  server.RaftServerConfigKeys (ConfUtils.java:logGet(44)) - raft.server.log.write.buffer.size = 1048576 (custom)
2022-01-10 01:37:13,100 [pool-359-thread-1] INFO  server.RaftServerConfigKeys (ConfUtils.java:logGet(44)) - raft.server.log.statemachine.data.caching.enabled = true (custom)
2022-01-10 01:37:13,100 [pool-359-thread-1] INFO  segmented.SegmentedRaftLogWorker (SegmentedRaftLogWorker.java:lambda$new$0(133)) - b1fc3843-4175-4724-a1a5-46b4e39f3b17@group-DB1ADAF67F51-SegmentedRaftLogWorker: flushIndex: setUnconditionally 0 -> -1
2022-01-10 01:37:13,100 [pool-359-thread-1] INFO  segmented.SegmentedRaftLogWorker (SegmentedRaftLogWorker.java:lambda$new$0(133)) - b1fc3843-4175-4724-a1a5-46b4e39f3b17@group-DB1ADAF67F51-SegmentedRaftLogWorker: safeCacheEvictIndex: setUnconditionally 0 -> -1
2022-01-10 01:37:13,110 [Command processor thread] INFO  server.RaftServer (RaftServerProxy.java:addNew(95)) - b1fc3843-4175-4724-a1a5-46b4e39f3b17: addNew group-0F3ECA49BC4A:[b1fc3843-4175-4724-a1a5-46b4e39f3b17|rpc:10.1.0.8:42567|priority:1] returns group-0F3ECA49BC4A:java.util.concurrent.CompletableFuture@4639fa94[Not completed]
2022-01-10 01:37:13,114 [pool-359-thread-1] INFO  server.RaftServerConfigKeys (ConfUtils.java:logGet(44)) - raft.server.snapshot.auto.trigger.enabled = true (custom)
2022-01-10 01:37:13,114 [pool-359-thread-1] INFO  server.RaftServerConfigKeys (ConfUtils.java:logGet(44)) - raft.server.snapshot.auto.trigger.threshold = 10000 (custom)
2022-01-10 01:37:13,114 [pool-359-thread-1] INFO  server.RaftServerConfigKeys (ConfUtils.java:logGet(44)) - raft.server.snapshot.retention.file.num = 5 (custom)
2022-01-10 01:37:13,114 [pool-359-thread-1] INFO  server.RaftServerConfigKeys (ConfUtils.java:logGet(44)) - raft.server.log.purge.upto.snapshot.index = false (default)
2022-01-10 01:37:13,114 [pool-359-thread-1] INFO  server.RaftServerConfigKeys (ConfUtils.java:logGet(44)) - raft.server.retrycache.expirytime = 600000ms (custom)
2022-01-10 01:37:13,114 [pool-359-thread-1] INFO  server.RaftServerConfigKeys (ConfUtils.java:logGet(44)) - raft.server.retrycache.statistics.expirytime = 100μs (default)
2022-01-10 01:37:13,115 [pool-359-thread-1] INFO  server.RaftServer$Division (RaftServerImpl.java:<init>(184)) - b1fc3843-4175-4724-a1a5-46b4e39f3b17: new RaftServerImpl for group-0F3ECA49BC4A:[b1fc3843-4175-4724-a1a5-46b4e39f3b17|rpc:10.1.0.8:42567|priority:1] with ContainerStateMachine:uninitialized
2022-01-10 01:37:13,115 [pool-359-thread-1] INFO  server.RaftServerConfigKeys (ConfUtils.java:logGet(44)) - raft.server.rpc.timeout.min = 5s (custom)
2022-01-10 01:37:13,116 [pool-359-thread-1] INFO  server.RaftServerConfigKeys (ConfUtils.java:logGet(44)) - raft.server.rpc.timeout.max = 5200ms (custom)
2022-01-10 01:37:13,116 [pool-359-thread-1] INFO  server.RaftServerConfigKeys (ConfUtils.java:logGet(44)) - raft.server.rpc.sleep.time = 25ms (default)
2022-01-10 01:37:13,116 [pool-359-thread-1] INFO  server.RaftServerConfigKeys (ConfUtils.java:logGet(44)) - raft.server.rpc.slowness.timeout = 300s (custom)
2022-01-10 01:37:13,116 [pool-359-thread-1] INFO  server.RaftServerConfigKeys (ConfUtils.java:logGet(44)) - raft.server.leaderelection.leader.step-down.wait-time = 10s (default)
2022-01-10 01:37:13,116 [pool-359-thread-1] INFO  server.RaftServerConfigKeys (ConfUtils.java:logGet(44)) - raft.server.sleep.deviation.threshold = 300ms (default)
2022-01-10 01:37:13,116 [pool-359-thread-1] INFO  server.RaftServerConfigKeys (ConfUtils.java:logGet(44)) - raft.server.log.appender.install.snapshot.enabled = false (custom)
2022-01-10 01:37:13,116 [pool-359-thread-1] INFO  server.RaftServer$Division (ServerState.java:<init>(105)) - b1fc3843-4175-4724-a1a5-46b4e39f3b17@group-0F3ECA49BC4A: ConfigurationManager, init=-1: [b1fc3843-4175-4724-a1a5-46b4e39f3b17|rpc:10.1.0.8:42567|priority:1], old=null, confs=<EMPTY_MAP>
2022-01-10 01:37:13,116 [pool-359-thread-1] INFO  server.RaftServerConfigKeys (ConfUtils.java:logGet(44)) - raft.server.storage.dir = [/home/runner/work/ozone/ozone/hadoop-ozone/integration-test/target/test-dir/MiniOzoneClusterImpl-68802873-f272-46eb-8a6f-b1572e6a6d36/datanode-1/data/ratis] (custom)
2022-01-10 01:37:13,116 [pool-359-thread-1] INFO  server.RaftServerConfigKeys (ConfUtils.java:logGet(44)) - raft.server.log.corruption.policy = EXCEPTION (default)
2022-01-10 01:37:13,116 [pool-359-thread-1] INFO  server.RaftServerConfigKeys (ConfUtils.java:logGet(44)) - raft.server.storage.free-space.min = 0MB (=0) (default)
2022-01-10 01:37:13,116 [pool-359-thread-1] INFO  storage.RaftStorageDirectory (RaftStorageDirectoryImpl.java:analyzeStorage(135)) - The storage directory /home/runner/work/ozone/ozone/hadoop-ozone/integration-test/target/test-dir/MiniOzoneClusterImpl-68802873-f272-46eb-8a6f-b1572e6a6d36/datanode-1/data/ratis/91885ea2-9cb9-48b8-943c-0f3eca49bc4a does not exist. Creating ...
2022-01-10 01:37:13,125 [pool-359-thread-1] INFO  storage.RaftStorageDirectory (RaftStorageDirectoryImpl.java:tryLock(230)) - Lock on /home/runner/work/ozone/ozone/hadoop-ozone/integration-test/target/test-dir/MiniOzoneClusterImpl-68802873-f272-46eb-8a6f-b1572e6a6d36/datanode-1/data/ratis/91885ea2-9cb9-48b8-943c-0f3eca49bc4a/in_use.lock acquired by nodename 16813@fv-az297-741
2022-01-10 01:37:13,133 [pool-359-thread-1] INFO  storage.RaftStorage (RaftStorageImpl.java:format(89)) - Storage directory /home/runner/work/ozone/ozone/hadoop-ozone/integration-test/target/test-dir/MiniOzoneClusterImpl-68802873-f272-46eb-8a6f-b1572e6a6d36/datanode-1/data/ratis/91885ea2-9cb9-48b8-943c-0f3eca49bc4a has been successfully formatted.
2022-01-10 01:37:13,133 [pool-359-thread-1] INFO  ratis.ContainerStateMachine (ContainerStateMachine.java:loadSnapshot(231)) - group-0F3ECA49BC4A: The snapshot info is null. Setting the last applied indexto:(t:0, i:~)
2022-01-10 01:37:13,133 [pool-359-thread-1] INFO  server.RaftServerConfigKeys (ConfUtils.java:logGet(44)) - raft.server.notification.no-leader.timeout = 300s (custom)
2022-01-10 01:37:13,133 [pool-359-thread-1] INFO  server.RaftServerConfigKeys (ConfUtils.java:logGet(44)) - raft.server.log.use.memory = false (default)
2022-01-10 01:37:13,133 [pool-359-thread-1] INFO  server.RaftServerConfigKeys (ConfUtils.java:logGet(44)) - raft.server.log.purge.gap = 1000000 (custom)
2022-01-10 01:37:13,133 [pool-359-thread-1] INFO  server.RaftServerConfigKeys (ConfUtils.java:logGet(44)) - raft.server.log.appender.buffer.byte-limit = 33554432 (custom)
2022-01-10 01:37:13,133 [pool-359-thread-1] INFO  server.RaftServerConfigKeys (ConfUtils.java:logGet(44)) - raft.server.log.segment.size.max = 1048576 (custom)
2022-01-10 01:37:13,134 [pool-359-thread-1] INFO  server.RaftServerConfigKeys (ConfUtils.java:logGet(44)) - raft.server.log.segment.cache.num.max = 2 (custom)
2022-01-10 01:37:13,134 [pool-359-thread-1] INFO  server.RaftServerConfigKeys (ConfUtils.java:logGet(44)) - raft.server.log.segment.cache.size.max = 200MB (=209715200) (default)
2022-01-10 01:37:13,134 [pool-359-thread-1] INFO  segmented.SegmentedRaftLogWorker (SegmentedRaftLogWorker.java:<init>(182)) - new b1fc3843-4175-4724-a1a5-46b4e39f3b17@group-0F3ECA49BC4A-SegmentedRaftLogWorker for RaftStorageImpl:Storage Directory /home/runner/work/ozone/ozone/hadoop-ozone/integration-test/target/test-dir/MiniOzoneClusterImpl-68802873-f272-46eb-8a6f-b1572e6a6d36/datanode-1/data/ratis/91885ea2-9cb9-48b8-943c-0f3eca49bc4a
2022-01-10 01:37:13,134 [pool-359-thread-1] INFO  server.RaftServerConfigKeys (ConfUtils.java:logGet(44)) - raft.server.log.queue.byte-limit = 2147483647 (custom)
2022-01-10 01:37:13,134 [pool-359-thread-1] INFO  server.RaftServerConfigKeys (ConfUtils.java:logGet(44)) - raft.server.log.queue.element-limit = 1024 (custom)
2022-01-10 01:37:13,134 [pool-359-thread-1] INFO  server.RaftServerConfigKeys (ConfUtils.java:logGet(44)) - raft.server.log.segment.size.max = 1048576 (custom)
2022-01-10 01:37:13,134 [pool-359-thread-1] INFO  server.RaftServerConfigKeys (ConfUtils.java:logGet(44)) - raft.server.log.preallocated.size = 16384 (custom)
2022-01-10 01:37:13,134 [pool-359-thread-1] INFO  server.RaftServerConfigKeys (ConfUtils.java:logGet(44)) - raft.server.log.force.sync.num = 128 (default)
2022-01-10 01:37:13,134 [pool-359-thread-1] INFO  server.RaftServerConfigKeys (ConfUtils.java:logGet(44)) - raft.server.log.statemachine.data.sync = true (default)
2022-01-10 01:37:13,138 [EventQueue-PipelineReportForPipelineReportHandler] INFO  pipeline.PipelineManagerImpl (PipelineManagerImpl.java:openPipeline(291)) - Pipeline Pipeline[ Id: 91885ea2-9cb9-48b8-943c-0f3eca49bc4a, Nodes: b1fc3843-4175-4724-a1a5-46b4e39f3b17{ip: 10.1.0.8, host: fv-az297-741.nmf1rxwemy4u5di1sxxf4ejcwb.jx.internal.cloudapp.net, ports: [REPLICATION=37763, RATIS=42567, RATIS_ADMIN=42567, RATIS_SERVER=42567, STANDALONE=46623], networkLocation: /default-rack, certSerialId: null, persistedOpState: IN_SERVICE, persistedOpStateExpiryEpochSec: 0}, ReplicationConfig: RATIS/ONE, State:ALLOCATED, leaderId:b1fc3843-4175-4724-a1a5-46b4e39f3b17, CreationTimestamp2022-01-10T01:37:10.125Z[Etc/UTC]] moved to OPEN state
2022-01-10 01:37:13,138 [EventQueue-OpenPipelineForHealthyPipelineSafeModeRule] INFO  safemode.SCMSafeModeManager (HealthyPipelineSafeModeRule.java:process(124)) - SCM in safe mode. Healthy pipelines reported count is 0, required healthy pipeline reported count is 1
2022-01-10 01:37:13,138 [pool-359-thread-1] INFO  server.RaftServerConfigKeys (ConfUtils.java:logGet(44)) - raft.server.log.statemachine.data.sync.timeout = 10s (default)
2022-01-10 01:37:13,144 [pool-359-thread-1] INFO  server.RaftServerConfigKeys (ConfUtils.java:logGet(44)) - raft.server.log.statemachine.data.sync.timeout.retry = -1 (default)
2022-01-10 01:37:13,145 [pool-359-thread-1] INFO  server.RaftServerConfigKeys (ConfUtils.java:logGet(44)) - raft.server.log.write.buffer.size = 1048576 (custom)
2022-01-10 01:37:13,145 [pool-359-thread-1] INFO  server.RaftServerConfigKeys (ConfUtils.java:logGet(44)) - raft.server.log.statemachine.data.caching.enabled = true (custom)
2022-01-10 01:37:13,146 [pool-359-thread-1] INFO  segmented.SegmentedRaftLogWorker (SegmentedRaftLogWorker.java:lambda$new$0(133)) - b1fc3843-4175-4724-a1a5-46b4e39f3b17@group-0F3ECA49BC4A-SegmentedRaftLogWorker: flushIndex: setUnconditionally 0 -> -1
2022-01-10 01:37:13,146 [pool-359-thread-1] INFO  segmented.SegmentedRaftLogWorker (SegmentedRaftLogWorker.java:lambda$new$0(133)) - b1fc3843-4175-4724-a1a5-46b4e39f3b17@group-0F3ECA49BC4A-SegmentedRaftLogWorker: safeCacheEvictIndex: setUnconditionally 0 -> -1
2022-01-10 01:37:13,154 [pool-359-thread-1] INFO  server.RaftServerConfigKeys (ConfUtils.java:logGet(44)) - raft.server.snapshot.auto.trigger.enabled = true (custom)
2022-01-10 01:37:13,154 [pool-359-thread-1] INFO  server.RaftServerConfigKeys (ConfUtils.java:logGet(44)) - raft.server.snapshot.auto.trigger.threshold = 10000 (custom)
2022-01-10 01:37:13,154 [pool-359-thread-1] INFO  server.RaftServerConfigKeys (ConfUtils.java:logGet(44)) - raft.server.snapshot.retention.file.num = 5 (custom)
2022-01-10 01:37:13,154 [pool-359-thread-1] INFO  server.RaftServerConfigKeys (ConfUtils.java:logGet(44)) - raft.server.log.purge.upto.snapshot.index = false (default)
2022-01-10 01:37:13,154 [pool-359-thread-1] INFO  server.RaftServerConfigKeys (ConfUtils.java:logGet(44)) - raft.server.retrycache.expirytime = 600000ms (custom)
2022-01-10 01:37:13,154 [pool-359-thread-1] INFO  server.RaftServerConfigKeys (ConfUtils.java:logGet(44)) - raft.server.retrycache.statistics.expirytime = 100μs (default)
2022-01-10 01:37:13,155 [pool-359-thread-1] INFO  server.RaftServer$Division (RaftServerImpl.java:start(301)) - b1fc3843-4175-4724-a1a5-46b4e39f3b17@group-DB1ADAF67F51: start as a follower, conf=-1: [97efffe8-a0d9-4eb2-b8ba-05ac1adb2a18|rpc:10.1.0.8:41617|dataStream:|priority:0, b1fc3843-4175-4724-a1a5-46b4e39f3b17|rpc:10.1.0.8:42567|dataStream:|priority:1, b4496ae0-fc73-4297-a03c-903064600ecd|rpc:10.1.0.8:38203|dataStream:|priority:0], old=null
2022-01-10 01:37:13,155 [pool-359-thread-1] INFO  server.RaftServer$Division (RaftServerImpl.java:setRole(290)) - b1fc3843-4175-4724-a1a5-46b4e39f3b17@group-DB1ADAF67F51: changes role from      null to FOLLOWER at term 0 for startAsFollower
2022-01-10 01:37:13,155 [pool-359-thread-1] INFO  impl.RoleInfo (RoleInfo.java:updateAndGet(130)) - b1fc3843-4175-4724-a1a5-46b4e39f3b17: start b1fc3843-4175-4724-a1a5-46b4e39f3b17@group-DB1ADAF67F51-FollowerState
2022-01-10 01:37:13,166 [pool-359-thread-1] INFO  util.JmxRegister (JmxRegister.java:tryRegister(44)) - Successfully registered JMX Bean with object name Ratis:service=RaftServer,group=group-DB1ADAF67F51,id=b1fc3843-4175-4724-a1a5-46b4e39f3b17
2022-01-10 01:37:13,174 [pool-359-thread-1] INFO  server.RaftServer$Division (RaftServerImpl.java:start(301)) - b1fc3843-4175-4724-a1a5-46b4e39f3b17@group-0F3ECA49BC4A: start as a follower, conf=-1: [b1fc3843-4175-4724-a1a5-46b4e39f3b17|rpc:10.1.0.8:42567|priority:1], old=null
2022-01-10 01:37:13,174 [pool-359-thread-1] INFO  server.RaftServer$Division (RaftServerImpl.java:setRole(290)) - b1fc3843-4175-4724-a1a5-46b4e39f3b17@group-0F3ECA49BC4A: changes role from      null to FOLLOWER at term 0 for startAsFollower
2022-01-10 01:37:13,174 [pool-359-thread-1] INFO  impl.RoleInfo (RoleInfo.java:updateAndGet(130)) - b1fc3843-4175-4724-a1a5-46b4e39f3b17: start b1fc3843-4175-4724-a1a5-46b4e39f3b17@group-0F3ECA49BC4A-FollowerState
2022-01-10 01:37:13,182 [pool-359-thread-1] INFO  util.JmxRegister (JmxRegister.java:tryRegister(44)) - Successfully registered JMX Bean with object name Ratis:service=RaftServer,group=group-0F3ECA49BC4A,id=b1fc3843-4175-4724-a1a5-46b4e39f3b17
2022-01-10 01:37:13,187 [Command processor thread] INFO  ratis.XceiverServerRatis (XceiverServerRatis.java:addGroup(768)) - Created group PipelineID=91885ea2-9cb9-48b8-943c-0f3eca49bc4a
2022-01-10 01:37:13,206 [Command processor thread] INFO  commandhandler.CreatePipelineCommandHandler (CreatePipelineCommandHandler.java:handle(106)) - Created Pipeline RATIS ONE PipelineID=91885ea2-9cb9-48b8-943c-0f3eca49bc4a.
2022-01-10 01:37:13,206 [Command processor thread] INFO  server.RaftServer (RaftServerProxy.java:addNew(95)) - b1fc3843-4175-4724-a1a5-46b4e39f3b17: addNew group-EF2998936A88:[97efffe8-a0d9-4eb2-b8ba-05ac1adb2a18|rpc:10.1.0.8:41617|priority:1, b1fc3843-4175-4724-a1a5-46b4e39f3b17|rpc:10.1.0.8:42567|priority:0, b4496ae0-fc73-4297-a03c-903064600ecd|rpc:10.1.0.8:38203|priority:0] returns group-EF2998936A88:java.util.concurrent.CompletableFuture@48fe0c23[Not completed]
2022-01-10 01:37:13,218 [grpc-default-executor-0] INFO  server.RaftServer (RaftServerProxy.java:addNew(95)) - b4496ae0-fc73-4297-a03c-903064600ecd: addNew group-DB1ADAF67F51:[97efffe8-a0d9-4eb2-b8ba-05ac1adb2a18|rpc:10.1.0.8:41617|dataStream:|priority:0, b1fc3843-4175-4724-a1a5-46b4e39f3b17|rpc:10.1.0.8:42567|dataStream:|priority:1, b4496ae0-fc73-4297-a03c-903064600ecd|rpc:10.1.0.8:38203|dataStream:|priority:0] returns group-DB1ADAF67F51:java.util.concurrent.CompletableFuture@7fa9a986[Not completed]
2022-01-10 01:37:13,219 [pool-380-thread-1] INFO  server.RaftServer$Division (RaftServerImpl.java:<init>(184)) - b4496ae0-fc73-4297-a03c-903064600ecd: new RaftServerImpl for group-DB1ADAF67F51:[97efffe8-a0d9-4eb2-b8ba-05ac1adb2a18|rpc:10.1.0.8:41617|dataStream:|priority:0, b1fc3843-4175-4724-a1a5-46b4e39f3b17|rpc:10.1.0.8:42567|dataStream:|priority:1, b4496ae0-fc73-4297-a03c-903064600ecd|rpc:10.1.0.8:38203|dataStream:|priority:0] with ContainerStateMachine:uninitialized
2022-01-10 01:37:13,222 [pool-359-thread-1] INFO  server.RaftServer$Division (RaftServerImpl.java:<init>(184)) - b1fc3843-4175-4724-a1a5-46b4e39f3b17: new RaftServerImpl for group-EF2998936A88:[97efffe8-a0d9-4eb2-b8ba-05ac1adb2a18|rpc:10.1.0.8:41617|priority:1, b1fc3843-4175-4724-a1a5-46b4e39f3b17|rpc:10.1.0.8:42567|priority:0, b4496ae0-fc73-4297-a03c-903064600ecd|rpc:10.1.0.8:38203|priority:0] with ContainerStateMachine:uninitialized
2022-01-10 01:37:13,222 [pool-359-thread-1] INFO  server.RaftServerConfigKeys (ConfUtils.java:logGet(44)) - raft.server.rpc.timeout.min = 5s (custom)
2022-01-10 01:37:13,222 [pool-359-thread-1] INFO  server.RaftServerConfigKeys (ConfUtils.java:logGet(44)) - raft.server.rpc.timeout.max = 5200ms (custom)
2022-01-10 01:37:13,222 [pool-359-thread-1] INFO  server.RaftServerConfigKeys (ConfUtils.java:logGet(44)) - raft.server.rpc.sleep.time = 25ms (default)
2022-01-10 01:37:13,222 [pool-359-thread-1] INFO  server.RaftServerConfigKeys (ConfUtils.java:logGet(44)) - raft.server.rpc.slowness.timeout = 300s (custom)
2022-01-10 01:37:13,222 [pool-359-thread-1] INFO  server.RaftServerConfigKeys (ConfUtils.java:logGet(44)) - raft.server.leaderelection.leader.step-down.wait-time = 10s (default)
2022-01-10 01:37:13,222 [pool-359-thread-1] INFO  server.RaftServerConfigKeys (ConfUtils.java:logGet(44)) - raft.server.sleep.deviation.threshold = 300ms (default)
2022-01-10 01:37:13,222 [pool-359-thread-1] INFO  server.RaftServerConfigKeys (ConfUtils.java:logGet(44)) - raft.server.log.appender.install.snapshot.enabled = false (custom)
2022-01-10 01:37:13,222 [pool-359-thread-1] INFO  server.RaftServer$Division (ServerState.java:<init>(105)) - b1fc3843-4175-4724-a1a5-46b4e39f3b17@group-EF2998936A88: ConfigurationManager, init=-1: [97efffe8-a0d9-4eb2-b8ba-05ac1adb2a18|rpc:10.1.0.8:41617|priority:1, b1fc3843-4175-4724-a1a5-46b4e39f3b17|rpc:10.1.0.8:42567|priority:0, b4496ae0-fc73-4297-a03c-903064600ecd|rpc:10.1.0.8:38203|priority:0], old=null, confs=<EMPTY_MAP>
2022-01-10 01:37:13,222 [pool-359-thread-1] INFO  server.RaftServerConfigKeys (ConfUtils.java:logGet(44)) - raft.server.storage.dir = [/home/runner/work/ozone/ozone/hadoop-ozone/integration-test/target/test-dir/MiniOzoneClusterImpl-68802873-f272-46eb-8a6f-b1572e6a6d36/datanode-1/data/ratis] (custom)
2022-01-10 01:37:13,223 [pool-359-thread-1] INFO  server.RaftServerConfigKeys (ConfUtils.java:logGet(44)) - raft.server.log.corruption.policy = EXCEPTION (default)
2022-01-10 01:37:13,223 [pool-359-thread-1] INFO  server.RaftServerConfigKeys (ConfUtils.java:logGet(44)) - raft.server.storage.free-space.min = 0MB (=0) (default)
2022-01-10 01:37:13,223 [pool-359-thread-1] INFO  storage.RaftStorageDirectory (RaftStorageDirectoryImpl.java:analyzeStorage(135)) - The storage directory /home/runner/work/ozone/ozone/hadoop-ozone/integration-test/target/test-dir/MiniOzoneClusterImpl-68802873-f272-46eb-8a6f-b1572e6a6d36/datanode-1/data/ratis/ee0ca7a8-41d3-43f0-b7e4-ef2998936a88 does not exist. Creating ...
2022-01-10 01:37:13,223 [pool-380-thread-1] INFO  server.RaftServerConfigKeys (ConfUtils.java:logGet(44)) - raft.server.rpc.timeout.min = 5s (custom)
2022-01-10 01:37:13,223 [pool-380-thread-1] INFO  server.RaftServerConfigKeys (ConfUtils.java:logGet(44)) - raft.server.rpc.timeout.max = 5200ms (custom)
2022-01-10 01:37:13,223 [pool-380-thread-1] INFO  server.RaftServerConfigKeys (ConfUtils.java:logGet(44)) - raft.server.rpc.sleep.time = 25ms (default)
2022-01-10 01:37:13,223 [pool-380-thread-1] INFO  server.RaftServerConfigKeys (ConfUtils.java:logGet(44)) - raft.server.rpc.slowness.timeout = 300s (custom)
2022-01-10 01:37:13,223 [pool-380-thread-1] INFO  server.RaftServerConfigKeys (ConfUtils.java:logGet(44)) - raft.server.leaderelection.leader.step-down.wait-time = 10s (default)
2022-01-10 01:37:13,224 [pool-380-thread-1] INFO  server.RaftServerConfigKeys (ConfUtils.java:logGet(44)) - raft.server.sleep.deviation.threshold = 300ms (default)
2022-01-10 01:37:13,224 [pool-380-thread-1] INFO  server.RaftServerConfigKeys (ConfUtils.java:logGet(44)) - raft.server.log.appender.install.snapshot.enabled = false (custom)
2022-01-10 01:37:13,224 [pool-380-thread-1] INFO  server.RaftServer$Division (ServerState.java:<init>(105)) - b4496ae0-fc73-4297-a03c-903064600ecd@group-DB1ADAF67F51: ConfigurationManager, init=-1: [97efffe8-a0d9-4eb2-b8ba-05ac1adb2a18|rpc:10.1.0.8:41617|dataStream:|priority:0, b1fc3843-4175-4724-a1a5-46b4e39f3b17|rpc:10.1.0.8:42567|dataStream:|priority:1, b4496ae0-fc73-4297-a03c-903064600ecd|rpc:10.1.0.8:38203|dataStream:|priority:0], old=null, confs=<EMPTY_MAP>
2022-01-10 01:37:13,224 [pool-380-thread-1] INFO  server.RaftServerConfigKeys (ConfUtils.java:logGet(44)) - raft.server.storage.dir = [/home/runner/work/ozone/ozone/hadoop-ozone/integration-test/target/test-dir/MiniOzoneClusterImpl-68802873-f272-46eb-8a6f-b1572e6a6d36/datanode-2/data/ratis] (custom)
2022-01-10 01:37:13,224 [pool-380-thread-1] INFO  server.RaftServerConfigKeys (ConfUtils.java:logGet(44)) - raft.server.log.corruption.policy = EXCEPTION (default)
2022-01-10 01:37:13,224 [pool-380-thread-1] INFO  server.RaftServerConfigKeys (ConfUtils.java:logGet(44)) - raft.server.storage.free-space.min = 0MB (=0) (default)
2022-01-10 01:37:13,224 [pool-380-thread-1] INFO  storage.RaftStorageDirectory (RaftStorageDirectoryImpl.java:analyzeStorage(135)) - The storage directory /home/runner/work/ozone/ozone/hadoop-ozone/integration-test/target/test-dir/MiniOzoneClusterImpl-68802873-f272-46eb-8a6f-b1572e6a6d36/datanode-2/data/ratis/43a30b1b-0ab2-402e-877f-db1adaf67f51 does not exist. Creating ...
2022-01-10 01:37:13,225 [pool-380-thread-1] INFO  storage.RaftStorageDirectory (RaftStorageDirectoryImpl.java:tryLock(230)) - Lock on /home/runner/work/ozone/ozone/hadoop-ozone/integration-test/target/test-dir/MiniOzoneClusterImpl-68802873-f272-46eb-8a6f-b1572e6a6d36/datanode-2/data/ratis/43a30b1b-0ab2-402e-877f-db1adaf67f51/in_use.lock acquired by nodename 16813@fv-az297-741
2022-01-10 01:37:13,226 [pool-380-thread-1] INFO  storage.RaftStorage (RaftStorageImpl.java:format(89)) - Storage directory /home/runner/work/ozone/ozone/hadoop-ozone/integration-test/target/test-dir/MiniOzoneClusterImpl-68802873-f272-46eb-8a6f-b1572e6a6d36/datanode-2/data/ratis/43a30b1b-0ab2-402e-877f-db1adaf67f51 has been successfully formatted.
2022-01-10 01:37:13,236 [pool-359-thread-1] INFO  storage.RaftStorageDirectory (RaftStorageDirectoryImpl.java:tryLock(230)) - Lock on /home/runner/work/ozone/ozone/hadoop-ozone/integration-test/target/test-dir/MiniOzoneClusterImpl-68802873-f272-46eb-8a6f-b1572e6a6d36/datanode-1/data/ratis/ee0ca7a8-41d3-43f0-b7e4-ef2998936a88/in_use.lock acquired by nodename 16813@fv-az297-741
2022-01-10 01:37:13,238 [pool-359-thread-1] INFO  storage.RaftStorage (RaftStorageImpl.java:format(89)) - Storage directory /home/runner/work/ozone/ozone/hadoop-ozone/integration-test/target/test-dir/MiniOzoneClusterImpl-68802873-f272-46eb-8a6f-b1572e6a6d36/datanode-1/data/ratis/ee0ca7a8-41d3-43f0-b7e4-ef2998936a88 has been successfully formatted.
2022-01-10 01:37:13,239 [pool-359-thread-1] INFO  ratis.ContainerStateMachine (ContainerStateMachine.java:loadSnapshot(231)) - group-EF2998936A88: The snapshot info is null. Setting the last applied indexto:(t:0, i:~)
2022-01-10 01:37:13,239 [pool-359-thread-1] INFO  server.RaftServerConfigKeys (ConfUtils.java:logGet(44)) - raft.server.notification.no-leader.timeout = 300s (custom)
2022-01-10 01:37:13,239 [pool-359-thread-1] INFO  server.RaftServerConfigKeys (ConfUtils.java:logGet(44)) - raft.server.log.use.memory = false (default)
2022-01-10 01:37:13,239 [pool-359-thread-1] INFO  server.RaftServerConfigKeys (ConfUtils.java:logGet(44)) - raft.server.log.purge.gap = 1000000 (custom)
2022-01-10 01:37:13,239 [pool-359-thread-1] INFO  server.RaftServerConfigKeys (ConfUtils.java:logGet(44)) - raft.server.log.appender.buffer.byte-limit = 33554432 (custom)
2022-01-10 01:37:13,239 [pool-359-thread-1] INFO  server.RaftServerConfigKeys (ConfUtils.java:logGet(44)) - raft.server.log.segment.size.max = 1048576 (custom)
2022-01-10 01:37:13,240 [EventQueue-OpenPipelineForHealthyPipelineSafeModeRule] INFO  safemode.SCMSafeModeManager (HealthyPipelineSafeModeRule.java:process(124)) - SCM in safe mode. Healthy pipelines reported count is 0, required healthy pipeline reported count is 1
2022-01-10 01:37:13,241 [pool-359-thread-1] INFO  server.RaftServerConfigKeys (ConfUtils.java:logGet(44)) - raft.server.log.segment.cache.num.max = 2 (custom)
2022-01-10 01:37:13,241 [pool-359-thread-1] INFO  server.RaftServerConfigKeys (ConfUtils.java:logGet(44)) - raft.server.log.segment.cache.size.max = 200MB (=209715200) (default)
2022-01-10 01:37:13,241 [pool-359-thread-1] INFO  segmented.SegmentedRaftLogWorker (SegmentedRaftLogWorker.java:<init>(182)) - new b1fc3843-4175-4724-a1a5-46b4e39f3b17@group-EF2998936A88-SegmentedRaftLogWorker for RaftStorageImpl:Storage Directory /home/runner/work/ozone/ozone/hadoop-ozone/integration-test/target/test-dir/MiniOzoneClusterImpl-68802873-f272-46eb-8a6f-b1572e6a6d36/datanode-1/data/ratis/ee0ca7a8-41d3-43f0-b7e4-ef2998936a88
2022-01-10 01:37:13,241 [pool-359-thread-1] INFO  server.RaftServerConfigKeys (ConfUtils.java:logGet(44)) - raft.server.log.queue.byte-limit = 2147483647 (custom)
2022-01-10 01:37:13,241 [pool-359-thread-1] INFO  server.RaftServerConfigKeys (ConfUtils.java:logGet(44)) - raft.server.log.queue.element-limit = 1024 (custom)
2022-01-10 01:37:13,241 [pool-359-thread-1] INFO  server.RaftServerConfigKeys (ConfUtils.java:logGet(44)) - raft.server.log.segment.size.max = 1048576 (custom)
2022-01-10 01:37:13,241 [pool-359-thread-1] INFO  server.RaftServerConfigKeys (ConfUtils.java:logGet(44)) - raft.server.log.preallocated.size = 16384 (custom)
2022-01-10 01:37:13,241 [pool-359-thread-1] INFO  server.RaftServerConfigKeys (ConfUtils.java:logGet(44)) - raft.server.log.force.sync.num = 128 (default)
2022-01-10 01:37:13,241 [pool-359-thread-1] INFO  server.RaftServerConfigKeys (ConfUtils.java:logGet(44)) - raft.server.log.statemachine.data.sync = true (default)
2022-01-10 01:37:13,241 [pool-359-thread-1] INFO  server.RaftServerConfigKeys (ConfUtils.java:logGet(44)) - raft.server.log.statemachine.data.sync.timeout = 10s (default)
2022-01-10 01:37:13,241 [pool-359-thread-1] INFO  server.RaftServerConfigKeys (ConfUtils.java:logGet(44)) - raft.server.log.statemachine.data.sync.timeout.retry = -1 (default)
2022-01-10 01:37:13,242 [pool-359-thread-1] INFO  server.RaftServerConfigKeys (ConfUtils.java:logGet(44)) - raft.server.log.write.buffer.size = 1048576 (custom)
2022-01-10 01:37:13,242 [pool-359-thread-1] INFO  server.RaftServerConfigKeys (ConfUtils.java:logGet(44)) - raft.server.log.statemachine.data.caching.enabled = true (custom)
2022-01-10 01:37:13,242 [pool-359-thread-1] INFO  segmented.SegmentedRaftLogWorker (SegmentedRaftLogWorker.java:lambda$new$0(133)) - b1fc3843-4175-4724-a1a5-46b4e39f3b17@group-EF2998936A88-SegmentedRaftLogWorker: flushIndex: setUnconditionally 0 -> -1
2022-01-10 01:37:13,243 [pool-359-thread-1] INFO  segmented.SegmentedRaftLogWorker (SegmentedRaftLogWorker.java:lambda$new$0(133)) - b1fc3843-4175-4724-a1a5-46b4e39f3b17@group-EF2998936A88-SegmentedRaftLogWorker: safeCacheEvictIndex: setUnconditionally 0 -> -1
2022-01-10 01:37:13,260 [pool-359-thread-1] INFO  server.RaftServerConfigKeys (ConfUtils.java:logGet(44)) - raft.server.snapshot.auto.trigger.enabled = true (custom)
2022-01-10 01:37:13,261 [pool-359-thread-1] INFO  server.RaftServerConfigKeys (ConfUtils.java:logGet(44)) - raft.server.snapshot.auto.trigger.threshold = 10000 (custom)
2022-01-10 01:37:13,261 [pool-359-thread-1] INFO  server.RaftServerConfigKeys (ConfUtils.java:logGet(44)) - raft.server.snapshot.retention.file.num = 5 (custom)
2022-01-10 01:37:13,261 [pool-359-thread-1] INFO  server.RaftServerConfigKeys (ConfUtils.java:logGet(44)) - raft.server.log.purge.upto.snapshot.index = false (default)
2022-01-10 01:37:13,261 [pool-359-thread-1] INFO  server.RaftServerConfigKeys (ConfUtils.java:logGet(44)) - raft.server.retrycache.expirytime = 600000ms (custom)
2022-01-10 01:37:13,261 [pool-359-thread-1] INFO  server.RaftServerConfigKeys (ConfUtils.java:logGet(44)) - raft.server.retrycache.statistics.expirytime = 100μs (default)
2022-01-10 01:37:13,261 [pool-380-thread-1] INFO  ratis.ContainerStateMachine (ContainerStateMachine.java:loadSnapshot(231)) - group-DB1ADAF67F51: The snapshot info is null. Setting the last applied indexto:(t:0, i:~)
2022-01-10 01:37:13,261 [pool-380-thread-1] INFO  server.RaftServerConfigKeys (ConfUtils.java:logGet(44)) - raft.server.notification.no-leader.timeout = 300s (custom)
2022-01-10 01:37:13,261 [pool-380-thread-1] INFO  server.RaftServerConfigKeys (ConfUtils.java:logGet(44)) - raft.server.log.use.memory = false (default)
2022-01-10 01:37:13,261 [pool-380-thread-1] INFO  server.RaftServerConfigKeys (ConfUtils.java:logGet(44)) - raft.server.log.purge.gap = 1000000 (custom)
2022-01-10 01:37:13,261 [pool-380-thread-1] INFO  server.RaftServerConfigKeys (ConfUtils.java:logGet(44)) - raft.server.log.appender.buffer.byte-limit = 33554432 (custom)
2022-01-10 01:37:13,261 [pool-380-thread-1] INFO  server.RaftServerConfigKeys (ConfUtils.java:logGet(44)) - raft.server.log.segment.size.max = 1048576 (custom)
2022-01-10 01:37:13,263 [pool-359-thread-1] INFO  server.RaftServer$Division (RaftServerImpl.java:start(301)) - b1fc3843-4175-4724-a1a5-46b4e39f3b17@group-EF2998936A88: start as a follower, conf=-1: [97efffe8-a0d9-4eb2-b8ba-05ac1adb2a18|rpc:10.1.0.8:41617|priority:1, b1fc3843-4175-4724-a1a5-46b4e39f3b17|rpc:10.1.0.8:42567|priority:0, b4496ae0-fc73-4297-a03c-903064600ecd|rpc:10.1.0.8:38203|priority:0], old=null
2022-01-10 01:37:13,263 [pool-359-thread-1] INFO  server.RaftServer$Division (RaftServerImpl.java:setRole(290)) - b1fc3843-4175-4724-a1a5-46b4e39f3b17@group-EF2998936A88: changes role from      null to FOLLOWER at term 0 for startAsFollower
2022-01-10 01:37:13,263 [pool-359-thread-1] INFO  impl.RoleInfo (RoleInfo.java:updateAndGet(130)) - b1fc3843-4175-4724-a1a5-46b4e39f3b17: start b1fc3843-4175-4724-a1a5-46b4e39f3b17@group-EF2998936A88-FollowerState
2022-01-10 01:37:13,263 [pool-380-thread-1] INFO  server.RaftServerConfigKeys (ConfUtils.java:logGet(44)) - raft.server.log.segment.cache.num.max = 2 (custom)
2022-01-10 01:37:13,263 [pool-380-thread-1] INFO  server.RaftServerConfigKeys (ConfUtils.java:logGet(44)) - raft.server.log.segment.cache.size.max = 200MB (=209715200) (default)
2022-01-10 01:37:13,264 [pool-380-thread-1] INFO  segmented.SegmentedRaftLogWorker (SegmentedRaftLogWorker.java:<init>(182)) - new b4496ae0-fc73-4297-a03c-903064600ecd@group-DB1ADAF67F51-SegmentedRaftLogWorker for RaftStorageImpl:Storage Directory /home/runner/work/ozone/ozone/hadoop-ozone/integration-test/target/test-dir/MiniOzoneClusterImpl-68802873-f272-46eb-8a6f-b1572e6a6d36/datanode-2/data/ratis/43a30b1b-0ab2-402e-877f-db1adaf67f51
2022-01-10 01:37:13,264 [pool-380-thread-1] INFO  server.RaftServerConfigKeys (ConfUtils.java:logGet(44)) - raft.server.log.queue.byte-limit = 2147483647 (custom)
2022-01-10 01:37:13,264 [pool-380-thread-1] INFO  server.RaftServerConfigKeys (ConfUtils.java:logGet(44)) - raft.server.log.queue.element-limit = 1024 (custom)
2022-01-10 01:37:13,264 [pool-380-thread-1] INFO  server.RaftServerConfigKeys (ConfUtils.java:logGet(44)) - raft.server.log.segment.size.max = 1048576 (custom)
2022-01-10 01:37:13,264 [pool-380-thread-1] INFO  server.RaftServerConfigKeys (ConfUtils.java:logGet(44)) - raft.server.log.preallocated.size = 16384 (custom)
2022-01-10 01:37:13,264 [pool-380-thread-1] INFO  server.RaftServerConfigKeys (ConfUtils.java:logGet(44)) - raft.server.log.force.sync.num = 128 (default)
2022-01-10 01:37:13,264 [pool-380-thread-1] INFO  server.RaftServerConfigKeys (ConfUtils.java:logGet(44)) - raft.server.log.statemachine.data.sync = true (default)
2022-01-10 01:37:13,264 [pool-380-thread-1] INFO  server.RaftServerConfigKeys (ConfUtils.java:logGet(44)) - raft.server.log.statemachine.data.sync.timeout = 10s (default)
2022-01-10 01:37:13,264 [pool-380-thread-1] INFO  server.RaftServerConfigKeys (ConfUtils.java:logGet(44)) - raft.server.log.statemachine.data.sync.timeout.retry = -1 (default)
2022-01-10 01:37:13,266 [pool-359-thread-1] INFO  util.JmxRegister (JmxRegister.java:tryRegister(44)) - Successfully registered JMX Bean with object name Ratis:service=RaftServer,group=group-EF2998936A88,id=b1fc3843-4175-4724-a1a5-46b4e39f3b17
2022-01-10 01:37:13,267 [pool-380-thread-1] INFO  server.RaftServerConfigKeys (ConfUtils.java:logGet(44)) - raft.server.log.write.buffer.size = 1048576 (custom)
2022-01-10 01:37:13,268 [pool-380-thread-1] INFO  server.RaftServerConfigKeys (ConfUtils.java:logGet(44)) - raft.server.log.statemachine.data.caching.enabled = true (custom)
2022-01-10 01:37:13,268 [pool-380-thread-1] INFO  segmented.SegmentedRaftLogWorker (SegmentedRaftLogWorker.java:lambda$new$0(133)) - b4496ae0-fc73-4297-a03c-903064600ecd@group-DB1ADAF67F51-SegmentedRaftLogWorker: flushIndex: setUnconditionally 0 -> -1
2022-01-10 01:37:13,268 [pool-380-thread-1] INFO  segmented.SegmentedRaftLogWorker (SegmentedRaftLogWorker.java:lambda$new$0(133)) - b4496ae0-fc73-4297-a03c-903064600ecd@group-DB1ADAF67F51-SegmentedRaftLogWorker: safeCacheEvictIndex: setUnconditionally 0 -> -1
2022-01-10 01:37:13,268 [Command processor thread] INFO  ratis.XceiverServerRatis (XceiverServerRatis.java:addGroup(768)) - Created group PipelineID=ee0ca7a8-41d3-43f0-b7e4-ef2998936a88
2022-01-10 01:37:13,274 [pool-380-thread-1] INFO  server.RaftServerConfigKeys (ConfUtils.java:logGet(44)) - raft.server.snapshot.auto.trigger.enabled = true (custom)
2022-01-10 01:37:13,274 [pool-380-thread-1] INFO  server.RaftServerConfigKeys (ConfUtils.java:logGet(44)) - raft.server.snapshot.auto.trigger.threshold = 10000 (custom)
2022-01-10 01:37:13,274 [pool-380-thread-1] INFO  server.RaftServerConfigKeys (ConfUtils.java:logGet(44)) - raft.server.snapshot.retention.file.num = 5 (custom)
2022-01-10 01:37:13,274 [pool-380-thread-1] INFO  server.RaftServerConfigKeys (ConfUtils.java:logGet(44)) - raft.server.log.purge.upto.snapshot.index = false (default)
2022-01-10 01:37:13,274 [pool-380-thread-1] INFO  server.RaftServerConfigKeys (ConfUtils.java:logGet(44)) - raft.server.retrycache.expirytime = 600000ms (custom)
2022-01-10 01:37:13,274 [pool-380-thread-1] INFO  server.RaftServerConfigKeys (ConfUtils.java:logGet(44)) - raft.server.retrycache.statistics.expirytime = 100μs (default)
2022-01-10 01:37:13,275 [pool-380-thread-1] INFO  server.RaftServer$Division (RaftServerImpl.java:start(301)) - b4496ae0-fc73-4297-a03c-903064600ecd@group-DB1ADAF67F51: start as a follower, conf=-1: [97efffe8-a0d9-4eb2-b8ba-05ac1adb2a18|rpc:10.1.0.8:41617|dataStream:|priority:0, b1fc3843-4175-4724-a1a5-46b4e39f3b17|rpc:10.1.0.8:42567|dataStream:|priority:1, b4496ae0-fc73-4297-a03c-903064600ecd|rpc:10.1.0.8:38203|dataStream:|priority:0], old=null
2022-01-10 01:37:13,275 [pool-380-thread-1] INFO  server.RaftServer$Division (RaftServerImpl.java:setRole(290)) - b4496ae0-fc73-4297-a03c-903064600ecd@group-DB1ADAF67F51: changes role from      null to FOLLOWER at term 0 for startAsFollower
2022-01-10 01:37:13,275 [pool-380-thread-1] INFO  impl.RoleInfo (RoleInfo.java:updateAndGet(130)) - b4496ae0-fc73-4297-a03c-903064600ecd: start b4496ae0-fc73-4297-a03c-903064600ecd@group-DB1ADAF67F51-FollowerState
2022-01-10 01:37:13,296 [pool-380-thread-1] INFO  util.JmxRegister (JmxRegister.java:tryRegister(44)) - Successfully registered JMX Bean with object name Ratis:service=RaftServer,group=group-DB1ADAF67F51,id=b4496ae0-fc73-4297-a03c-903064600ecd
2022-01-10 01:37:13,302 [grpc-default-executor-0] INFO  server.RaftServer (RaftServerProxy.java:addNew(95)) - 97efffe8-a0d9-4eb2-b8ba-05ac1adb2a18: addNew group-EF2998936A88:[97efffe8-a0d9-4eb2-b8ba-05ac1adb2a18|rpc:10.1.0.8:41617|dataStream:|priority:1, b1fc3843-4175-4724-a1a5-46b4e39f3b17|rpc:10.1.0.8:42567|dataStream:|priority:0, b4496ae0-fc73-4297-a03c-903064600ecd|rpc:10.1.0.8:38203|dataStream:|priority:0] returns group-EF2998936A88:java.util.concurrent.CompletableFuture@39e75108[Not completed]
2022-01-10 01:37:13,302 [pool-338-thread-1] INFO  server.RaftServer$Division (RaftServerImpl.java:<init>(184)) - 97efffe8-a0d9-4eb2-b8ba-05ac1adb2a18: new RaftServerImpl for group-EF2998936A88:[97efffe8-a0d9-4eb2-b8ba-05ac1adb2a18|rpc:10.1.0.8:41617|dataStream:|priority:1, b1fc3843-4175-4724-a1a5-46b4e39f3b17|rpc:10.1.0.8:42567|dataStream:|priority:0, b4496ae0-fc73-4297-a03c-903064600ecd|rpc:10.1.0.8:38203|dataStream:|priority:0] with ContainerStateMachine:uninitialized
2022-01-10 01:37:13,303 [pool-338-thread-1] INFO  server.RaftServerConfigKeys (ConfUtils.java:logGet(44)) - raft.server.rpc.timeout.min = 5s (custom)
2022-01-10 01:37:13,303 [pool-338-thread-1] INFO  server.RaftServerConfigKeys (ConfUtils.java:logGet(44)) - raft.server.rpc.timeout.max = 5200ms (custom)
2022-01-10 01:37:13,303 [pool-338-thread-1] INFO  server.RaftServerConfigKeys (ConfUtils.java:logGet(44)) - raft.server.rpc.sleep.time = 25ms (default)
2022-01-10 01:37:13,303 [pool-338-thread-1] INFO  server.RaftServerConfigKeys (ConfUtils.java:logGet(44)) - raft.server.rpc.slowness.timeout = 300s (custom)
2022-01-10 01:37:13,303 [pool-338-thread-1] INFO  server.RaftServerConfigKeys (ConfUtils.java:logGet(44)) - raft.server.leaderelection.leader.step-down.wait-time = 10s (default)
2022-01-10 01:37:13,303 [pool-338-thread-1] INFO  server.RaftServerConfigKeys (ConfUtils.java:logGet(44)) - raft.server.sleep.deviation.threshold = 300ms (default)
2022-01-10 01:37:13,303 [pool-338-thread-1] INFO  server.RaftServerConfigKeys (ConfUtils.java:logGet(44)) - raft.server.log.appender.install.snapshot.enabled = false (custom)
2022-01-10 01:37:13,303 [pool-338-thread-1] INFO  server.RaftServer$Division (ServerState.java:<init>(105)) - 97efffe8-a0d9-4eb2-b8ba-05ac1adb2a18@group-EF2998936A88: ConfigurationManager, init=-1: [97efffe8-a0d9-4eb2-b8ba-05ac1adb2a18|rpc:10.1.0.8:41617|dataStream:|priority:1, b1fc3843-4175-4724-a1a5-46b4e39f3b17|rpc:10.1.0.8:42567|dataStream:|priority:0, b4496ae0-fc73-4297-a03c-903064600ecd|rpc:10.1.0.8:38203|dataStream:|priority:0], old=null, confs=<EMPTY_MAP>
2022-01-10 01:37:13,303 [pool-338-thread-1] INFO  server.RaftServerConfigKeys (ConfUtils.java:logGet(44)) - raft.server.storage.dir = [/home/runner/work/ozone/ozone/hadoop-ozone/integration-test/target/test-dir/MiniOzoneClusterImpl-68802873-f272-46eb-8a6f-b1572e6a6d36/datanode-0/data/ratis] (custom)
2022-01-10 01:37:13,303 [pool-338-thread-1] INFO  server.RaftServerConfigKeys (ConfUtils.java:logGet(44)) - raft.server.log.corruption.policy = EXCEPTION (default)
2022-01-10 01:37:13,303 [pool-338-thread-1] INFO  server.RaftServerConfigKeys (ConfUtils.java:logGet(44)) - raft.server.storage.free-space.min = 0MB (=0) (default)
2022-01-10 01:37:13,303 [pool-338-thread-1] INFO  storage.RaftStorageDirectory (RaftStorageDirectoryImpl.java:analyzeStorage(135)) - The storage directory /home/runner/work/ozone/ozone/hadoop-ozone/integration-test/target/test-dir/MiniOzoneClusterImpl-68802873-f272-46eb-8a6f-b1572e6a6d36/datanode-0/data/ratis/ee0ca7a8-41d3-43f0-b7e4-ef2998936a88 does not exist. Creating ...
2022-01-10 01:37:13,313 [pool-338-thread-1] INFO  storage.RaftStorageDirectory (RaftStorageDirectoryImpl.java:tryLock(230)) - Lock on /home/runner/work/ozone/ozone/hadoop-ozone/integration-test/target/test-dir/MiniOzoneClusterImpl-68802873-f272-46eb-8a6f-b1572e6a6d36/datanode-0/data/ratis/ee0ca7a8-41d3-43f0-b7e4-ef2998936a88/in_use.lock acquired by nodename 16813@fv-az297-741
2022-01-10 01:37:13,319 [pool-338-thread-1] INFO  storage.RaftStorage (RaftStorageImpl.java:format(89)) - Storage directory /home/runner/work/ozone/ozone/hadoop-ozone/integration-test/target/test-dir/MiniOzoneClusterImpl-68802873-f272-46eb-8a6f-b1572e6a6d36/datanode-0/data/ratis/ee0ca7a8-41d3-43f0-b7e4-ef2998936a88 has been successfully formatted.
2022-01-10 01:37:13,319 [pool-338-thread-1] INFO  ratis.ContainerStateMachine (ContainerStateMachine.java:loadSnapshot(231)) - group-EF2998936A88: The snapshot info is null. Setting the last applied indexto:(t:0, i:~)
2022-01-10 01:37:13,320 [EventQueue-OpenPipelineForHealthyPipelineSafeModeRule] INFO  safemode.SCMSafeModeManager (HealthyPipelineSafeModeRule.java:process(124)) - SCM in safe mode. Healthy pipelines reported count is 0, required healthy pipeline reported count is 1
2022-01-10 01:37:13,321 [pool-338-thread-1] INFO  server.RaftServerConfigKeys (ConfUtils.java:logGet(44)) - raft.server.notification.no-leader.timeout = 300s (custom)
2022-01-10 01:37:13,321 [pool-338-thread-1] INFO  server.RaftServerConfigKeys (ConfUtils.java:logGet(44)) - raft.server.log.use.memory = false (default)
2022-01-10 01:37:13,321 [pool-338-thread-1] INFO  server.RaftServerConfigKeys (ConfUtils.java:logGet(44)) - raft.server.log.purge.gap = 1000000 (custom)
2022-01-10 01:37:13,321 [pool-338-thread-1] INFO  server.RaftServerConfigKeys (ConfUtils.java:logGet(44)) - raft.server.log.appender.buffer.byte-limit = 33554432 (custom)
2022-01-10 01:37:13,321 [pool-338-thread-1] INFO  server.RaftServerConfigKeys (ConfUtils.java:logGet(44)) - raft.server.log.segment.size.max = 1048576 (custom)
2022-01-10 01:37:13,321 [pool-338-thread-1] INFO  server.RaftServerConfigKeys (ConfUtils.java:logGet(44)) - raft.server.log.segment.cache.num.max = 2 (custom)
2022-01-10 01:37:13,322 [pool-338-thread-1] INFO  server.RaftServerConfigKeys (ConfUtils.java:logGet(44)) - raft.server.log.segment.cache.size.max = 200MB (=209715200) (default)
2022-01-10 01:37:13,322 [pool-338-thread-1] INFO  segmented.SegmentedRaftLogWorker (SegmentedRaftLogWorker.java:<init>(182)) - new 97efffe8-a0d9-4eb2-b8ba-05ac1adb2a18@group-EF2998936A88-SegmentedRaftLogWorker for RaftStorageImpl:Storage Directory /home/runner/work/ozone/ozone/hadoop-ozone/integration-test/target/test-dir/MiniOzoneClusterImpl-68802873-f272-46eb-8a6f-b1572e6a6d36/datanode-0/data/ratis/ee0ca7a8-41d3-43f0-b7e4-ef2998936a88
2022-01-10 01:37:13,322 [pool-338-thread-1] INFO  server.RaftServerConfigKeys (ConfUtils.java:logGet(44)) - raft.server.log.queue.byte-limit = 2147483647 (custom)
2022-01-10 01:37:13,322 [pool-338-thread-1] INFO  server.RaftServerConfigKeys (ConfUtils.java:logGet(44)) - raft.server.log.queue.element-limit = 1024 (custom)
2022-01-10 01:37:13,322 [pool-338-thread-1] INFO  server.RaftServerConfigKeys (ConfUtils.java:logGet(44)) - raft.server.log.segment.size.max = 1048576 (custom)
2022-01-10 01:37:13,322 [pool-338-thread-1] INFO  server.RaftServerConfigKeys (ConfUtils.java:logGet(44)) - raft.server.log.preallocated.size = 16384 (custom)
2022-01-10 01:37:13,322 [pool-338-thread-1] INFO  server.RaftServerConfigKeys (ConfUtils.java:logGet(44)) - raft.server.log.force.sync.num = 128 (default)
2022-01-10 01:37:13,322 [pool-338-thread-1] INFO  server.RaftServerConfigKeys (ConfUtils.java:logGet(44)) - raft.server.log.statemachine.data.sync = true (default)
2022-01-10 01:37:13,323 [pool-338-thread-1] INFO  server.RaftServerConfigKeys (ConfUtils.java:logGet(44)) - raft.server.log.statemachine.data.sync.timeout = 10s (default)
2022-01-10 01:37:13,323 [pool-338-thread-1] INFO  server.RaftServerConfigKeys (ConfUtils.java:logGet(44)) - raft.server.log.statemachine.data.sync.timeout.retry = -1 (default)
2022-01-10 01:37:13,323 [pool-338-thread-1] INFO  server.RaftServerConfigKeys (ConfUtils.java:logGet(44)) - raft.server.log.write.buffer.size = 1048576 (custom)
2022-01-10 01:37:13,324 [pool-338-thread-1] INFO  server.RaftServerConfigKeys (ConfUtils.java:logGet(44)) - raft.server.log.statemachine.data.caching.enabled = true (custom)
2022-01-10 01:37:13,324 [pool-338-thread-1] INFO  segmented.SegmentedRaftLogWorker (SegmentedRaftLogWorker.java:lambda$new$0(133)) - 97efffe8-a0d9-4eb2-b8ba-05ac1adb2a18@group-EF2998936A88-SegmentedRaftLogWorker: flushIndex: setUnconditionally 0 -> -1
2022-01-10 01:37:13,324 [pool-338-thread-1] INFO  segmented.SegmentedRaftLogWorker (SegmentedRaftLogWorker.java:lambda$new$0(133)) - 97efffe8-a0d9-4eb2-b8ba-05ac1adb2a18@group-EF2998936A88-SegmentedRaftLogWorker: safeCacheEvictIndex: setUnconditionally 0 -> -1
2022-01-10 01:37:13,334 [pool-338-thread-1] INFO  server.RaftServerConfigKeys (ConfUtils.java:logGet(44)) - raft.server.snapshot.auto.trigger.enabled = true (custom)
2022-01-10 01:37:13,346 [pool-338-thread-1] INFO  server.RaftServerConfigKeys (ConfUtils.java:logGet(44)) - raft.server.snapshot.auto.trigger.threshold = 10000 (custom)
2022-01-10 01:37:13,346 [pool-338-thread-1] INFO  server.RaftServerConfigKeys (ConfUtils.java:logGet(44)) - raft.server.snapshot.retention.file.num = 5 (custom)
2022-01-10 01:37:13,346 [pool-338-thread-1] INFO  server.RaftServerConfigKeys (ConfUtils.java:logGet(44)) - raft.server.log.purge.upto.snapshot.index = false (default)
2022-01-10 01:37:13,346 [pool-338-thread-1] INFO  server.RaftServerConfigKeys (ConfUtils.java:logGet(44)) - raft.server.retrycache.expirytime = 600000ms (custom)
2022-01-10 01:37:13,346 [pool-338-thread-1] INFO  server.RaftServerConfigKeys (ConfUtils.java:logGet(44)) - raft.server.retrycache.statistics.expirytime = 100μs (default)
2022-01-10 01:37:13,343 [Command processor thread] INFO  commandhandler.CreatePipelineCommandHandler (CreatePipelineCommandHandler.java:handle(106)) - Created Pipeline RATIS THREE PipelineID=43a30b1b-0ab2-402e-877f-db1adaf67f51.
2022-01-10 01:37:13,367 [pool-338-thread-1] INFO  server.RaftServer$Division (RaftServerImpl.java:start(301)) - 97efffe8-a0d9-4eb2-b8ba-05ac1adb2a18@group-EF2998936A88: start as a follower, conf=-1: [97efffe8-a0d9-4eb2-b8ba-05ac1adb2a18|rpc:10.1.0.8:41617|dataStream:|priority:1, b1fc3843-4175-4724-a1a5-46b4e39f3b17|rpc:10.1.0.8:42567|dataStream:|priority:0, b4496ae0-fc73-4297-a03c-903064600ecd|rpc:10.1.0.8:38203|dataStream:|priority:0], old=null
2022-01-10 01:37:13,367 [pool-338-thread-1] INFO  server.RaftServer$Division (RaftServerImpl.java:setRole(290)) - 97efffe8-a0d9-4eb2-b8ba-05ac1adb2a18@group-EF2998936A88: changes role from      null to FOLLOWER at term 0 for startAsFollower
2022-01-10 01:37:13,367 [pool-338-thread-1] INFO  impl.RoleInfo (RoleInfo.java:updateAndGet(130)) - 97efffe8-a0d9-4eb2-b8ba-05ac1adb2a18: start 97efffe8-a0d9-4eb2-b8ba-05ac1adb2a18@group-EF2998936A88-FollowerState
2022-01-10 01:37:13,367 [pool-338-thread-1] INFO  util.JmxRegister (JmxRegister.java:tryRegister(44)) - Successfully registered JMX Bean with object name Ratis:service=RaftServer,group=group-EF2998936A88,id=97efffe8-a0d9-4eb2-b8ba-05ac1adb2a18
2022-01-10 01:37:13,397 [grpc-default-executor-0] INFO  server.RaftServer (RaftServerProxy.java:addNew(95)) - b4496ae0-fc73-4297-a03c-903064600ecd: addNew group-EF2998936A88:[97efffe8-a0d9-4eb2-b8ba-05ac1adb2a18|rpc:10.1.0.8:41617|dataStream:|priority:1, b1fc3843-4175-4724-a1a5-46b4e39f3b17|rpc:10.1.0.8:42567|dataStream:|priority:0, b4496ae0-fc73-4297-a03c-903064600ecd|rpc:10.1.0.8:38203|dataStream:|priority:0] returns group-EF2998936A88:java.util.concurrent.CompletableFuture@4a0559e[Not completed]
2022-01-10 01:37:13,398 [pool-380-thread-1] INFO  server.RaftServer$Division (RaftServerImpl.java:<init>(184)) - b4496ae0-fc73-4297-a03c-903064600ecd: new RaftServerImpl for group-EF2998936A88:[97efffe8-a0d9-4eb2-b8ba-05ac1adb2a18|rpc:10.1.0.8:41617|dataStream:|priority:1, b1fc3843-4175-4724-a1a5-46b4e39f3b17|rpc:10.1.0.8:42567|dataStream:|priority:0, b4496ae0-fc73-4297-a03c-903064600ecd|rpc:10.1.0.8:38203|dataStream:|priority:0] with ContainerStateMachine:uninitialized
2022-01-10 01:37:13,398 [pool-380-thread-1] INFO  server.RaftServerConfigKeys (ConfUtils.java:logGet(44)) - raft.server.rpc.timeout.min = 5s (custom)
2022-01-10 01:37:13,398 [pool-380-thread-1] INFO  server.RaftServerConfigKeys (ConfUtils.java:logGet(44)) - raft.server.rpc.timeout.max = 5200ms (custom)
2022-01-10 01:37:13,398 [pool-380-thread-1] INFO  server.RaftServerConfigKeys (ConfUtils.java:logGet(44)) - raft.server.rpc.sleep.time = 25ms (default)
2022-01-10 01:37:13,398 [pool-380-thread-1] INFO  server.RaftServerConfigKeys (ConfUtils.java:logGet(44)) - raft.server.rpc.slowness.timeout = 300s (custom)
2022-01-10 01:37:13,398 [pool-380-thread-1] INFO  server.RaftServerConfigKeys (ConfUtils.java:logGet(44)) - raft.server.leaderelection.leader.step-down.wait-time = 10s (default)
2022-01-10 01:37:13,398 [pool-380-thread-1] INFO  server.RaftServerConfigKeys (ConfUtils.java:logGet(44)) - raft.server.sleep.deviation.threshold = 300ms (default)
2022-01-10 01:37:13,398 [pool-380-thread-1] INFO  server.RaftServerConfigKeys (ConfUtils.java:logGet(44)) - raft.server.log.appender.install.snapshot.enabled = false (custom)
2022-01-10 01:37:13,398 [pool-380-thread-1] INFO  server.RaftServer$Division (ServerState.java:<init>(105)) - b4496ae0-fc73-4297-a03c-903064600ecd@group-EF2998936A88: ConfigurationManager, init=-1: [97efffe8-a0d9-4eb2-b8ba-05ac1adb2a18|rpc:10.1.0.8:41617|dataStream:|priority:1, b1fc3843-4175-4724-a1a5-46b4e39f3b17|rpc:10.1.0.8:42567|dataStream:|priority:0, b4496ae0-fc73-4297-a03c-903064600ecd|rpc:10.1.0.8:38203|dataStream:|priority:0], old=null, confs=<EMPTY_MAP>
2022-01-10 01:37:13,399 [pool-380-thread-1] INFO  server.RaftServerConfigKeys (ConfUtils.java:logGet(44)) - raft.server.storage.dir = [/home/runner/work/ozone/ozone/hadoop-ozone/integration-test/target/test-dir/MiniOzoneClusterImpl-68802873-f272-46eb-8a6f-b1572e6a6d36/datanode-2/data/ratis] (custom)
2022-01-10 01:37:13,399 [pool-380-thread-1] INFO  server.RaftServerConfigKeys (ConfUtils.java:logGet(44)) - raft.server.log.corruption.policy = EXCEPTION (default)
2022-01-10 01:37:13,399 [pool-380-thread-1] INFO  server.RaftServerConfigKeys (ConfUtils.java:logGet(44)) - raft.server.storage.free-space.min = 0MB (=0) (default)
2022-01-10 01:37:13,399 [pool-380-thread-1] INFO  storage.RaftStorageDirectory (RaftStorageDirectoryImpl.java:analyzeStorage(135)) - The storage directory /home/runner/work/ozone/ozone/hadoop-ozone/integration-test/target/test-dir/MiniOzoneClusterImpl-68802873-f272-46eb-8a6f-b1572e6a6d36/datanode-2/data/ratis/ee0ca7a8-41d3-43f0-b7e4-ef2998936a88 does not exist. Creating ...
2022-01-10 01:37:13,401 [pool-380-thread-1] INFO  storage.RaftStorageDirectory (RaftStorageDirectoryImpl.java:tryLock(230)) - Lock on /home/runner/work/ozone/ozone/hadoop-ozone/integration-test/target/test-dir/MiniOzoneClusterImpl-68802873-f272-46eb-8a6f-b1572e6a6d36/datanode-2/data/ratis/ee0ca7a8-41d3-43f0-b7e4-ef2998936a88/in_use.lock acquired by nodename 16813@fv-az297-741
2022-01-10 01:37:13,417 [pool-380-thread-1] INFO  storage.RaftStorage (RaftStorageImpl.java:format(89)) - Storage directory /home/runner/work/ozone/ozone/hadoop-ozone/integration-test/target/test-dir/MiniOzoneClusterImpl-68802873-f272-46eb-8a6f-b1572e6a6d36/datanode-2/data/ratis/ee0ca7a8-41d3-43f0-b7e4-ef2998936a88 has been successfully formatted.
2022-01-10 01:37:13,417 [pool-380-thread-1] INFO  ratis.ContainerStateMachine (ContainerStateMachine.java:loadSnapshot(231)) - group-EF2998936A88: The snapshot info is null. Setting the last applied indexto:(t:0, i:~)
2022-01-10 01:37:13,420 [pool-380-thread-1] INFO  server.RaftServerConfigKeys (ConfUtils.java:logGet(44)) - raft.server.notification.no-leader.timeout = 300s (custom)
2022-01-10 01:37:13,420 [pool-380-thread-1] INFO  server.RaftServerConfigKeys (ConfUtils.java:logGet(44)) - raft.server.log.use.memory = false (default)
2022-01-10 01:37:13,420 [pool-380-thread-1] INFO  server.RaftServerConfigKeys (ConfUtils.java:logGet(44)) - raft.server.log.purge.gap = 1000000 (custom)
2022-01-10 01:37:13,420 [pool-380-thread-1] INFO  server.RaftServerConfigKeys (ConfUtils.java:logGet(44)) - raft.server.log.appender.buffer.byte-limit = 33554432 (custom)
2022-01-10 01:37:13,420 [pool-380-thread-1] INFO  server.RaftServerConfigKeys (ConfUtils.java:logGet(44)) - raft.server.log.segment.size.max = 1048576 (custom)
2022-01-10 01:37:13,421 [pool-380-thread-1] INFO  server.RaftServerConfigKeys (ConfUtils.java:logGet(44)) - raft.server.log.segment.cache.num.max = 2 (custom)
2022-01-10 01:37:13,421 [pool-380-thread-1] INFO  server.RaftServerConfigKeys (ConfUtils.java:logGet(44)) - raft.server.log.segment.cache.size.max = 200MB (=209715200) (default)
2022-01-10 01:37:13,421 [pool-380-thread-1] INFO  segmented.SegmentedRaftLogWorker (SegmentedRaftLogWorker.java:<init>(182)) - new b4496ae0-fc73-4297-a03c-903064600ecd@group-EF2998936A88-SegmentedRaftLogWorker for RaftStorageImpl:Storage Directory /home/runner/work/ozone/ozone/hadoop-ozone/integration-test/target/test-dir/MiniOzoneClusterImpl-68802873-f272-46eb-8a6f-b1572e6a6d36/datanode-2/data/ratis/ee0ca7a8-41d3-43f0-b7e4-ef2998936a88
2022-01-10 01:37:13,421 [pool-380-thread-1] INFO  server.RaftServerConfigKeys (ConfUtils.java:logGet(44)) - raft.server.log.queue.byte-limit = 2147483647 (custom)
2022-01-10 01:37:13,421 [pool-380-thread-1] INFO  server.RaftServerConfigKeys (ConfUtils.java:logGet(44)) - raft.server.log.queue.element-limit = 1024 (custom)
2022-01-10 01:37:13,421 [pool-380-thread-1] INFO  server.RaftServerConfigKeys (ConfUtils.java:logGet(44)) - raft.server.log.segment.size.max = 1048576 (custom)
2022-01-10 01:37:13,421 [pool-380-thread-1] INFO  server.RaftServerConfigKeys (ConfUtils.java:logGet(44)) - raft.server.log.preallocated.size = 16384 (custom)
2022-01-10 01:37:13,421 [pool-380-thread-1] INFO  server.RaftServerConfigKeys (ConfUtils.java:logGet(44)) - raft.server.log.force.sync.num = 128 (default)
2022-01-10 01:37:13,421 [pool-380-thread-1] INFO  server.RaftServerConfigKeys (ConfUtils.java:logGet(44)) - raft.server.log.statemachine.data.sync = true (default)
2022-01-10 01:37:13,421 [pool-380-thread-1] INFO  server.RaftServerConfigKeys (ConfUtils.java:logGet(44)) - raft.server.log.statemachine.data.sync.timeout = 10s (default)
2022-01-10 01:37:13,421 [pool-380-thread-1] INFO  server.RaftServerConfigKeys (ConfUtils.java:logGet(44)) - raft.server.log.statemachine.data.sync.timeout.retry = -1 (default)
2022-01-10 01:37:13,421 [pool-380-thread-1] INFO  server.RaftServerConfigKeys (ConfUtils.java:logGet(44)) - raft.server.log.write.buffer.size = 1048576 (custom)
2022-01-10 01:37:13,422 [pool-380-thread-1] INFO  server.RaftServerConfigKeys (ConfUtils.java:logGet(44)) - raft.server.log.statemachine.data.caching.enabled = true (custom)
2022-01-10 01:37:13,422 [pool-380-thread-1] INFO  segmented.SegmentedRaftLogWorker (SegmentedRaftLogWorker.java:lambda$new$0(133)) - b4496ae0-fc73-4297-a03c-903064600ecd@group-EF2998936A88-SegmentedRaftLogWorker: flushIndex: setUnconditionally 0 -> -1
2022-01-10 01:37:13,422 [pool-380-thread-1] INFO  segmented.SegmentedRaftLogWorker (SegmentedRaftLogWorker.java:lambda$new$0(133)) - b4496ae0-fc73-4297-a03c-903064600ecd@group-EF2998936A88-SegmentedRaftLogWorker: safeCacheEvictIndex: setUnconditionally 0 -> -1
2022-01-10 01:37:13,423 [pool-380-thread-1] INFO  server.RaftServerConfigKeys (ConfUtils.java:logGet(44)) - raft.server.snapshot.auto.trigger.enabled = true (custom)
2022-01-10 01:37:13,423 [pool-380-thread-1] INFO  server.RaftServerConfigKeys (ConfUtils.java:logGet(44)) - raft.server.snapshot.auto.trigger.threshold = 10000 (custom)
2022-01-10 01:37:13,423 [pool-380-thread-1] INFO  server.RaftServerConfigKeys (ConfUtils.java:logGet(44)) - raft.server.snapshot.retention.file.num = 5 (custom)
2022-01-10 01:37:13,423 [pool-380-thread-1] INFO  server.RaftServerConfigKeys (ConfUtils.java:logGet(44)) - raft.server.log.purge.upto.snapshot.index = false (default)
2022-01-10 01:37:13,423 [pool-380-thread-1] INFO  server.RaftServerConfigKeys (ConfUtils.java:logGet(44)) - raft.server.retrycache.expirytime = 600000ms (custom)
2022-01-10 01:37:13,423 [pool-380-thread-1] INFO  server.RaftServerConfigKeys (ConfUtils.java:logGet(44)) - raft.server.retrycache.statistics.expirytime = 100μs (default)
2022-01-10 01:37:13,424 [pool-380-thread-1] INFO  server.RaftServer$Division (RaftServerImpl.java:start(301)) - b4496ae0-fc73-4297-a03c-903064600ecd@group-EF2998936A88: start as a follower, conf=-1: [97efffe8-a0d9-4eb2-b8ba-05ac1adb2a18|rpc:10.1.0.8:41617|dataStream:|priority:1, b1fc3843-4175-4724-a1a5-46b4e39f3b17|rpc:10.1.0.8:42567|dataStream:|priority:0, b4496ae0-fc73-4297-a03c-903064600ecd|rpc:10.1.0.8:38203|dataStream:|priority:0], old=null
2022-01-10 01:37:13,424 [pool-380-thread-1] INFO  server.RaftServer$Division (RaftServerImpl.java:setRole(290)) - b4496ae0-fc73-4297-a03c-903064600ecd@group-EF2998936A88: changes role from      null to FOLLOWER at term 0 for startAsFollower
2022-01-10 01:37:13,424 [pool-380-thread-1] INFO  impl.RoleInfo (RoleInfo.java:updateAndGet(130)) - b4496ae0-fc73-4297-a03c-903064600ecd: start b4496ae0-fc73-4297-a03c-903064600ecd@group-EF2998936A88-FollowerState
2022-01-10 01:37:13,434 [pool-380-thread-1] INFO  util.JmxRegister (JmxRegister.java:tryRegister(44)) - Successfully registered JMX Bean with object name Ratis:service=RaftServer,group=group-EF2998936A88,id=b4496ae0-fc73-4297-a03c-903064600ecd
2022-01-10 01:37:13,474 [Command processor thread] INFO  commandhandler.CreatePipelineCommandHandler (CreatePipelineCommandHandler.java:handle(106)) - Created Pipeline RATIS THREE PipelineID=ee0ca7a8-41d3-43f0-b7e4-ef2998936a88.
2022-01-10 01:37:13,484 [Listener at 127.0.0.1/39943] INFO  ozone.MiniOzoneClusterImpl (MiniOzoneClusterImpl.java:lambda$waitForClusterToBeReady$0(235)) - Nodes are ready. Got 3 of 3 DN Heartbeats.
2022-01-10 01:37:13,484 [Listener at 127.0.0.1/39943] INFO  ozone.MiniOzoneClusterImpl (MiniOzoneClusterImpl.java:lambda$waitForClusterToBeReady$0(238)) - Waiting for cluster to exit safe mode
2022-01-10 01:37:13,484 [Listener at 127.0.0.1/39943] INFO  ozone.MiniOzoneClusterImpl (MiniOzoneClusterImpl.java:lambda$waitForClusterToBeReady$0(240)) - SCM became leader
2022-01-10 01:37:13,506 [Command processor thread] INFO  server.RaftServer (RaftServerProxy.java:addNew(95)) - b4496ae0-fc73-4297-a03c-903064600ecd: addNew group-BAA680B8AEC8:[b4496ae0-fc73-4297-a03c-903064600ecd|rpc:10.1.0.8:38203|priority:1] returns group-BAA680B8AEC8:java.util.concurrent.CompletableFuture@1fcc7ff4[Not completed]
2022-01-10 01:37:13,507 [pool-380-thread-1] INFO  server.RaftServer$Division (RaftServerImpl.java:<init>(184)) - b4496ae0-fc73-4297-a03c-903064600ecd: new RaftServerImpl for group-BAA680B8AEC8:[b4496ae0-fc73-4297-a03c-903064600ecd|rpc:10.1.0.8:38203|priority:1] with ContainerStateMachine:uninitialized
2022-01-10 01:37:13,507 [pool-380-thread-1] INFO  server.RaftServerConfigKeys (ConfUtils.java:logGet(44)) - raft.server.rpc.timeout.min = 5s (custom)
2022-01-10 01:37:13,507 [pool-380-thread-1] INFO  server.RaftServerConfigKeys (ConfUtils.java:logGet(44)) - raft.server.rpc.timeout.max = 5200ms (custom)
2022-01-10 01:37:13,507 [pool-380-thread-1] INFO  server.RaftServerConfigKeys (ConfUtils.java:logGet(44)) - raft.server.rpc.sleep.time = 25ms (default)
2022-01-10 01:37:13,507 [pool-380-thread-1] INFO  server.RaftServerConfigKeys (ConfUtils.java:logGet(44)) - raft.server.rpc.slowness.timeout = 300s (custom)
2022-01-10 01:37:13,507 [pool-380-thread-1] INFO  server.RaftServerConfigKeys (ConfUtils.java:logGet(44)) - raft.server.leaderelection.leader.step-down.wait-time = 10s (default)
2022-01-10 01:37:13,507 [pool-380-thread-1] INFO  server.RaftServerConfigKeys (ConfUtils.java:logGet(44)) - raft.server.sleep.deviation.threshold = 300ms (default)
2022-01-10 01:37:13,507 [pool-380-thread-1] INFO  server.RaftServerConfigKeys (ConfUtils.java:logGet(44)) - raft.server.log.appender.install.snapshot.enabled = false (custom)
2022-01-10 01:37:13,507 [pool-380-thread-1] INFO  server.RaftServer$Division (ServerState.java:<init>(105)) - b4496ae0-fc73-4297-a03c-903064600ecd@group-BAA680B8AEC8: ConfigurationManager, init=-1: [b4496ae0-fc73-4297-a03c-903064600ecd|rpc:10.1.0.8:38203|priority:1], old=null, confs=<EMPTY_MAP>
2022-01-10 01:37:13,507 [pool-380-thread-1] INFO  server.RaftServerConfigKeys (ConfUtils.java:logGet(44)) - raft.server.storage.dir = [/home/runner/work/ozone/ozone/hadoop-ozone/integration-test/target/test-dir/MiniOzoneClusterImpl-68802873-f272-46eb-8a6f-b1572e6a6d36/datanode-2/data/ratis] (custom)
2022-01-10 01:37:13,508 [pool-380-thread-1] INFO  server.RaftServerConfigKeys (ConfUtils.java:logGet(44)) - raft.server.log.corruption.policy = EXCEPTION (default)
2022-01-10 01:37:13,508 [pool-380-thread-1] INFO  server.RaftServerConfigKeys (ConfUtils.java:logGet(44)) - raft.server.storage.free-space.min = 0MB (=0) (default)
2022-01-10 01:37:13,508 [pool-380-thread-1] INFO  storage.RaftStorageDirectory (RaftStorageDirectoryImpl.java:analyzeStorage(135)) - The storage directory /home/runner/work/ozone/ozone/hadoop-ozone/integration-test/target/test-dir/MiniOzoneClusterImpl-68802873-f272-46eb-8a6f-b1572e6a6d36/datanode-2/data/ratis/472f2b59-de49-4d22-82a7-baa680b8aec8 does not exist. Creating ...
2022-01-10 01:37:13,510 [pool-380-thread-1] INFO  storage.RaftStorageDirectory (RaftStorageDirectoryImpl.java:tryLock(230)) - Lock on /home/runner/work/ozone/ozone/hadoop-ozone/integration-test/target/test-dir/MiniOzoneClusterImpl-68802873-f272-46eb-8a6f-b1572e6a6d36/datanode-2/data/ratis/472f2b59-de49-4d22-82a7-baa680b8aec8/in_use.lock acquired by nodename 16813@fv-az297-741
2022-01-10 01:37:13,512 [pool-380-thread-1] INFO  storage.RaftStorage (RaftStorageImpl.java:format(89)) - Storage directory /home/runner/work/ozone/ozone/hadoop-ozone/integration-test/target/test-dir/MiniOzoneClusterImpl-68802873-f272-46eb-8a6f-b1572e6a6d36/datanode-2/data/ratis/472f2b59-de49-4d22-82a7-baa680b8aec8 has been successfully formatted.
2022-01-10 01:37:13,512 [pool-380-thread-1] INFO  ratis.ContainerStateMachine (ContainerStateMachine.java:loadSnapshot(231)) - group-BAA680B8AEC8: The snapshot info is null. Setting the last applied indexto:(t:0, i:~)
2022-01-10 01:37:13,512 [pool-380-thread-1] INFO  server.RaftServerConfigKeys (ConfUtils.java:logGet(44)) - raft.server.notification.no-leader.timeout = 300s (custom)
2022-01-10 01:37:13,512 [pool-380-thread-1] INFO  server.RaftServerConfigKeys (ConfUtils.java:logGet(44)) - raft.server.log.use.memory = false (default)
2022-01-10 01:37:13,512 [pool-380-thread-1] INFO  server.RaftServerConfigKeys (ConfUtils.java:logGet(44)) - raft.server.log.purge.gap = 1000000 (custom)
2022-01-10 01:37:13,512 [pool-380-thread-1] INFO  server.RaftServerConfigKeys (ConfUtils.java:logGet(44)) - raft.server.log.appender.buffer.byte-limit = 33554432 (custom)
2022-01-10 01:37:13,512 [pool-380-thread-1] INFO  server.RaftServerConfigKeys (ConfUtils.java:logGet(44)) - raft.server.log.segment.size.max = 1048576 (custom)
2022-01-10 01:37:13,513 [pool-380-thread-1] INFO  server.RaftServerConfigKeys (ConfUtils.java:logGet(44)) - raft.server.log.segment.cache.num.max = 2 (custom)
2022-01-10 01:37:13,513 [pool-380-thread-1] INFO  server.RaftServerConfigKeys (ConfUtils.java:logGet(44)) - raft.server.log.segment.cache.size.max = 200MB (=209715200) (default)
2022-01-10 01:37:13,513 [pool-380-thread-1] INFO  segmented.SegmentedRaftLogWorker (SegmentedRaftLogWorker.java:<init>(182)) - new b4496ae0-fc73-4297-a03c-903064600ecd@group-BAA680B8AEC8-SegmentedRaftLogWorker for RaftStorageImpl:Storage Directory /home/runner/work/ozone/ozone/hadoop-ozone/integration-test/target/test-dir/MiniOzoneClusterImpl-68802873-f272-46eb-8a6f-b1572e6a6d36/datanode-2/data/ratis/472f2b59-de49-4d22-82a7-baa680b8aec8
2022-01-10 01:37:13,513 [pool-380-thread-1] INFO  server.RaftServerConfigKeys (ConfUtils.java:logGet(44)) - raft.server.log.queue.byte-limit = 2147483647 (custom)
2022-01-10 01:37:13,513 [pool-380-thread-1] INFO  server.RaftServerConfigKeys (ConfUtils.java:logGet(44)) - raft.server.log.queue.element-limit = 1024 (custom)
2022-01-10 01:37:13,513 [pool-380-thread-1] INFO  server.RaftServerConfigKeys (ConfUtils.java:logGet(44)) - raft.server.log.segment.size.max = 1048576 (custom)
2022-01-10 01:37:13,513 [pool-380-thread-1] INFO  server.RaftServerConfigKeys (ConfUtils.java:logGet(44)) - raft.server.log.preallocated.size = 16384 (custom)
2022-01-10 01:37:13,513 [pool-380-thread-1] INFO  server.RaftServerConfigKeys (ConfUtils.java:logGet(44)) - raft.server.log.force.sync.num = 128 (default)
2022-01-10 01:37:13,513 [pool-380-thread-1] INFO  server.RaftServerConfigKeys (ConfUtils.java:logGet(44)) - raft.server.log.statemachine.data.sync = true (default)
2022-01-10 01:37:13,513 [pool-380-thread-1] INFO  server.RaftServerConfigKeys (ConfUtils.java:logGet(44)) - raft.server.log.statemachine.data.sync.timeout = 10s (default)
2022-01-10 01:37:13,513 [pool-380-thread-1] INFO  server.RaftServerConfigKeys (ConfUtils.java:logGet(44)) - raft.server.log.statemachine.data.sync.timeout.retry = -1 (default)
2022-01-10 01:37:13,515 [EventQueue-PipelineReportForPipelineReportHandler] INFO  pipeline.PipelineManagerImpl (PipelineManagerImpl.java:openPipeline(291)) - Pipeline Pipeline[ Id: 472f2b59-de49-4d22-82a7-baa680b8aec8, Nodes: b4496ae0-fc73-4297-a03c-903064600ecd{ip: 10.1.0.8, host: fv-az297-741.nmf1rxwemy4u5di1sxxf4ejcwb.jx.internal.cloudapp.net, ports: [REPLICATION=42677, RATIS=38203, RATIS_ADMIN=38203, RATIS_SERVER=38203, STANDALONE=39221], networkLocation: /default-rack, certSerialId: null, persistedOpState: IN_SERVICE, persistedOpStateExpiryEpochSec: 0}, ReplicationConfig: RATIS/ONE, State:ALLOCATED, leaderId:b4496ae0-fc73-4297-a03c-903064600ecd, CreationTimestamp2022-01-10T01:37:10.510Z[Etc/UTC]] moved to OPEN state
2022-01-10 01:37:13,515 [EventQueue-OpenPipelineForHealthyPipelineSafeModeRule] INFO  safemode.SCMSafeModeManager (HealthyPipelineSafeModeRule.java:process(124)) - SCM in safe mode. Healthy pipelines reported count is 0, required healthy pipeline reported count is 1
2022-01-10 01:37:13,518 [pool-380-thread-1] INFO  server.RaftServerConfigKeys (ConfUtils.java:logGet(44)) - raft.server.log.write.buffer.size = 1048576 (custom)
2022-01-10 01:37:13,528 [pool-380-thread-1] INFO  server.RaftServerConfigKeys (ConfUtils.java:logGet(44)) - raft.server.log.statemachine.data.caching.enabled = true (custom)
2022-01-10 01:37:13,528 [pool-380-thread-1] INFO  segmented.SegmentedRaftLogWorker (SegmentedRaftLogWorker.java:lambda$new$0(133)) - b4496ae0-fc73-4297-a03c-903064600ecd@group-BAA680B8AEC8-SegmentedRaftLogWorker: flushIndex: setUnconditionally 0 -> -1
2022-01-10 01:37:13,529 [pool-380-thread-1] INFO  segmented.SegmentedRaftLogWorker (SegmentedRaftLogWorker.java:lambda$new$0(133)) - b4496ae0-fc73-4297-a03c-903064600ecd@group-BAA680B8AEC8-SegmentedRaftLogWorker: safeCacheEvictIndex: setUnconditionally 0 -> -1
2022-01-10 01:37:13,538 [pool-380-thread-1] INFO  server.RaftServerConfigKeys (ConfUtils.java:logGet(44)) - raft.server.snapshot.auto.trigger.enabled = true (custom)
2022-01-10 01:37:13,538 [pool-380-thread-1] INFO  server.RaftServerConfigKeys (ConfUtils.java:logGet(44)) - raft.server.snapshot.auto.trigger.threshold = 10000 (custom)
2022-01-10 01:37:13,538 [pool-380-thread-1] INFO  server.RaftServerConfigKeys (ConfUtils.java:logGet(44)) - raft.server.snapshot.retention.file.num = 5 (custom)
2022-01-10 01:37:13,538 [pool-380-thread-1] INFO  server.RaftServerConfigKeys (ConfUtils.java:logGet(44)) - raft.server.log.purge.upto.snapshot.index = false (default)
2022-01-10 01:37:13,538 [pool-380-thread-1] INFO  server.RaftServerConfigKeys (ConfUtils.java:logGet(44)) - raft.server.retrycache.expirytime = 600000ms (custom)
2022-01-10 01:37:13,538 [pool-380-thread-1] INFO  server.RaftServerConfigKeys (ConfUtils.java:logGet(44)) - raft.server.retrycache.statistics.expirytime = 100μs (default)
2022-01-10 01:37:13,539 [pool-380-thread-1] INFO  server.RaftServer$Division (RaftServerImpl.java:start(301)) - b4496ae0-fc73-4297-a03c-903064600ecd@group-BAA680B8AEC8: start as a follower, conf=-1: [b4496ae0-fc73-4297-a03c-903064600ecd|rpc:10.1.0.8:38203|priority:1], old=null
2022-01-10 01:37:13,539 [pool-380-thread-1] INFO  server.RaftServer$Division (RaftServerImpl.java:setRole(290)) - b4496ae0-fc73-4297-a03c-903064600ecd@group-BAA680B8AEC8: changes role from      null to FOLLOWER at term 0 for startAsFollower
2022-01-10 01:37:13,539 [pool-380-thread-1] INFO  impl.RoleInfo (RoleInfo.java:updateAndGet(130)) - b4496ae0-fc73-4297-a03c-903064600ecd: start b4496ae0-fc73-4297-a03c-903064600ecd@group-BAA680B8AEC8-FollowerState
2022-01-10 01:37:13,549 [pool-380-thread-1] INFO  util.JmxRegister (JmxRegister.java:tryRegister(44)) - Successfully registered JMX Bean with object name Ratis:service=RaftServer,group=group-BAA680B8AEC8,id=b4496ae0-fc73-4297-a03c-903064600ecd
2022-01-10 01:37:13,558 [Command processor thread] INFO  ratis.XceiverServerRatis (XceiverServerRatis.java:addGroup(768)) - Created group PipelineID=472f2b59-de49-4d22-82a7-baa680b8aec8
2022-01-10 01:37:13,558 [Command processor thread] INFO  commandhandler.CreatePipelineCommandHandler (CreatePipelineCommandHandler.java:handle(106)) - Created Pipeline RATIS ONE PipelineID=472f2b59-de49-4d22-82a7-baa680b8aec8.
2022-01-10 01:37:14,484 [Listener at 127.0.0.1/39943] INFO  ozone.MiniOzoneClusterImpl (MiniOzoneClusterImpl.java:lambda$waitForClusterToBeReady$0(235)) - Nodes are ready. Got 3 of 3 DN Heartbeats.
2022-01-10 01:37:14,485 [Listener at 127.0.0.1/39943] INFO  ozone.MiniOzoneClusterImpl (MiniOzoneClusterImpl.java:lambda$waitForClusterToBeReady$0(238)) - Waiting for cluster to exit safe mode
2022-01-10 01:37:14,485 [Listener at 127.0.0.1/39943] INFO  ozone.MiniOzoneClusterImpl (MiniOzoneClusterImpl.java:lambda$waitForClusterToBeReady$0(240)) - SCM became leader
2022-01-10 01:37:15,485 [Listener at 127.0.0.1/39943] INFO  ozone.MiniOzoneClusterImpl (MiniOzoneClusterImpl.java:lambda$waitForClusterToBeReady$0(235)) - Nodes are ready. Got 3 of 3 DN Heartbeats.
2022-01-10 01:37:15,485 [Listener at 127.0.0.1/39943] INFO  ozone.MiniOzoneClusterImpl (MiniOzoneClusterImpl.java:lambda$waitForClusterToBeReady$0(238)) - Waiting for cluster to exit safe mode
2022-01-10 01:37:15,485 [Listener at 127.0.0.1/39943] INFO  ozone.MiniOzoneClusterImpl (MiniOzoneClusterImpl.java:lambda$waitForClusterToBeReady$0(240)) - SCM became leader
2022-01-10 01:37:16,486 [Listener at 127.0.0.1/39943] INFO  ozone.MiniOzoneClusterImpl (MiniOzoneClusterImpl.java:lambda$waitForClusterToBeReady$0(235)) - Nodes are ready. Got 3 of 3 DN Heartbeats.
2022-01-10 01:37:16,486 [Listener at 127.0.0.1/39943] INFO  ozone.MiniOzoneClusterImpl (MiniOzoneClusterImpl.java:lambda$waitForClusterToBeReady$0(238)) - Waiting for cluster to exit safe mode
2022-01-10 01:37:16,486 [Listener at 127.0.0.1/39943] INFO  ozone.MiniOzoneClusterImpl (MiniOzoneClusterImpl.java:lambda$waitForClusterToBeReady$0(240)) - SCM became leader
2022-01-10 01:37:17,486 [Listener at 127.0.0.1/39943] INFO  ozone.MiniOzoneClusterImpl (MiniOzoneClusterImpl.java:lambda$waitForClusterToBeReady$0(235)) - Nodes are ready. Got 3 of 3 DN Heartbeats.
2022-01-10 01:37:17,486 [Listener at 127.0.0.1/39943] INFO  ozone.MiniOzoneClusterImpl (MiniOzoneClusterImpl.java:lambda$waitForClusterToBeReady$0(238)) - Waiting for cluster to exit safe mode
2022-01-10 01:37:17,486 [Listener at 127.0.0.1/39943] INFO  ozone.MiniOzoneClusterImpl (MiniOzoneClusterImpl.java:lambda$waitForClusterToBeReady$0(240)) - SCM became leader
2022-01-10 01:37:18,042 [97efffe8-a0d9-4eb2-b8ba-05ac1adb2a18@group-7EC62A7B3652-FollowerState] INFO  impl.FollowerState (FollowerState.java:run(134)) - 97efffe8-a0d9-4eb2-b8ba-05ac1adb2a18@group-7EC62A7B3652-FollowerState: change to CANDIDATE, lastRpcElapsedTime:5159445356ns, electionTimeout:5147ms
2022-01-10 01:37:18,042 [97efffe8-a0d9-4eb2-b8ba-05ac1adb2a18@group-7EC62A7B3652-FollowerState] INFO  impl.RoleInfo (RoleInfo.java:shutdownFollowerState(108)) - 97efffe8-a0d9-4eb2-b8ba-05ac1adb2a18: shutdown 97efffe8-a0d9-4eb2-b8ba-05ac1adb2a18@group-7EC62A7B3652-FollowerState
2022-01-10 01:37:18,042 [97efffe8-a0d9-4eb2-b8ba-05ac1adb2a18@group-7EC62A7B3652-FollowerState] INFO  server.RaftServer$Division (RaftServerImpl.java:setRole(290)) - 97efffe8-a0d9-4eb2-b8ba-05ac1adb2a18@group-7EC62A7B3652: changes role from  FOLLOWER to CANDIDATE at term 0 for changeToCandidate
2022-01-10 01:37:18,042 [97efffe8-a0d9-4eb2-b8ba-05ac1adb2a18@group-7EC62A7B3652-FollowerState] INFO  server.RaftServerConfigKeys (ConfUtils.java:logGet(44)) - raft.server.leaderelection.pre-vote = false (custom)
2022-01-10 01:37:18,042 [97efffe8-a0d9-4eb2-b8ba-05ac1adb2a18@group-7EC62A7B3652-FollowerState] INFO  impl.RoleInfo (RoleInfo.java:updateAndGet(130)) - 97efffe8-a0d9-4eb2-b8ba-05ac1adb2a18: start 97efffe8-a0d9-4eb2-b8ba-05ac1adb2a18@group-7EC62A7B3652-LeaderElection27
2022-01-10 01:37:18,061 [97efffe8-a0d9-4eb2-b8ba-05ac1adb2a18@group-7EC62A7B3652-LeaderElection27] INFO  impl.LeaderElection (LeaderElection.java:askForVotes(306)) - 97efffe8-a0d9-4eb2-b8ba-05ac1adb2a18@group-7EC62A7B3652-LeaderElection27 ELECTION round 0: submit vote requests at term 1 for -1: [97efffe8-a0d9-4eb2-b8ba-05ac1adb2a18|rpc:10.1.0.8:41617|priority:1], old=null
2022-01-10 01:37:18,061 [97efffe8-a0d9-4eb2-b8ba-05ac1adb2a18@group-7EC62A7B3652-LeaderElection27] INFO  impl.LeaderElection (LeaderElection.java:askForVotes(308)) - 97efffe8-a0d9-4eb2-b8ba-05ac1adb2a18@group-7EC62A7B3652-LeaderElection27 ELECTION round 0: result PASSED (term=1)
2022-01-10 01:37:18,062 [97efffe8-a0d9-4eb2-b8ba-05ac1adb2a18@group-7EC62A7B3652-LeaderElection27] INFO  impl.RoleInfo (RoleInfo.java:shutdownLeaderElection(121)) - 97efffe8-a0d9-4eb2-b8ba-05ac1adb2a18: shutdown 97efffe8-a0d9-4eb2-b8ba-05ac1adb2a18@group-7EC62A7B3652-LeaderElection27
2022-01-10 01:37:18,062 [97efffe8-a0d9-4eb2-b8ba-05ac1adb2a18@group-7EC62A7B3652-LeaderElection27] INFO  server.RaftServer$Division (RaftServerImpl.java:setRole(290)) - 97efffe8-a0d9-4eb2-b8ba-05ac1adb2a18@group-7EC62A7B3652: changes role from CANDIDATE to LEADER at term 1 for changeToLeader
2022-01-10 01:37:18,062 [97efffe8-a0d9-4eb2-b8ba-05ac1adb2a18@group-7EC62A7B3652-LeaderElection27] INFO  ratis.XceiverServerRatis (XceiverServerRatis.java:handleLeaderChangedNotification(866)) - Leader change notification received for group: group-7EC62A7B3652 with new leaderId: 97efffe8-a0d9-4eb2-b8ba-05ac1adb2a18
2022-01-10 01:37:18,062 [97efffe8-a0d9-4eb2-b8ba-05ac1adb2a18@group-7EC62A7B3652-LeaderElection27] INFO  server.RaftServer$Division (ServerState.java:setLeader(285)) - 97efffe8-a0d9-4eb2-b8ba-05ac1adb2a18@group-7EC62A7B3652: change Leader from null to 97efffe8-a0d9-4eb2-b8ba-05ac1adb2a18 at term 1 for becomeLeader, leader elected after 5231ms
2022-01-10 01:37:18,062 [97efffe8-a0d9-4eb2-b8ba-05ac1adb2a18@group-7EC62A7B3652-LeaderElection27] INFO  server.RaftServerConfigKeys (ConfUtils.java:logGet(44)) - raft.server.staging.catchup.gap = 1000 (default)
2022-01-10 01:37:18,062 [97efffe8-a0d9-4eb2-b8ba-05ac1adb2a18@group-7EC62A7B3652-LeaderElection27] INFO  server.RaftServerConfigKeys (ConfUtils.java:logGet(44)) - raft.server.write.element-limit = 1024 (custom)
2022-01-10 01:37:18,062 [97efffe8-a0d9-4eb2-b8ba-05ac1adb2a18@group-7EC62A7B3652-LeaderElection27] INFO  server.RaftServerConfigKeys (ConfUtils.java:logGet(44)) - raft.server.write.byte-limit = 1024 M (=1073741824) (custom)
2022-01-10 01:37:18,063 [97efffe8-a0d9-4eb2-b8ba-05ac1adb2a18@group-7EC62A7B3652-LeaderElection27] INFO  server.RaftServerConfigKeys (ConfUtils.java:logGet(44)) - raft.server.watch.timeout = 180s (custom)
2022-01-10 01:37:18,063 [97efffe8-a0d9-4eb2-b8ba-05ac1adb2a18@group-7EC62A7B3652-LeaderElection27] INFO  server.RaftServerConfigKeys (ConfUtils.java:logGet(44)) - raft.server.watch.timeout.denomination = 1s (default)
2022-01-10 01:37:18,063 [97efffe8-a0d9-4eb2-b8ba-05ac1adb2a18@group-7EC62A7B3652-LeaderElection27] INFO  server.RaftServerConfigKeys (ConfUtils.java:logGet(44)) - raft.server.watch.element-limit = 65536 (default)
2022-01-10 01:37:18,063 [97efffe8-a0d9-4eb2-b8ba-05ac1adb2a18@group-7EC62A7B3652-LeaderElection27] INFO  server.RaftServerConfigKeys (ConfUtils.java:logGet(44)) - raft.server.write.element-limit = 1024 (custom)
2022-01-10 01:37:18,063 [97efffe8-a0d9-4eb2-b8ba-05ac1adb2a18@group-7EC62A7B3652-LeaderElection27] INFO  server.RaftServerConfigKeys (ConfUtils.java:logGet(44)) - raft.server.write.follower.gap.ratio.max = -1.0 (default)
2022-01-10 01:37:18,063 [97efffe8-a0d9-4eb2-b8ba-05ac1adb2a18@group-7EC62A7B3652-LeaderElection27] INFO  impl.RoleInfo (RoleInfo.java:updateAndGet(130)) - 97efffe8-a0d9-4eb2-b8ba-05ac1adb2a18: start 97efffe8-a0d9-4eb2-b8ba-05ac1adb2a18@group-7EC62A7B3652-LeaderStateImpl
2022-01-10 01:37:18,065 [97efffe8-a0d9-4eb2-b8ba-05ac1adb2a18@group-7EC62A7B3652-LeaderElection27] INFO  segmented.SegmentedRaftLogWorker (SegmentedRaftLogWorker.java:startLogSegment(394)) - 97efffe8-a0d9-4eb2-b8ba-05ac1adb2a18@group-7EC62A7B3652-SegmentedRaftLogWorker: Starting segment from index:0
2022-01-10 01:37:18,067 [EventQueue-OpenPipelineForHealthyPipelineSafeModeRule] INFO  safemode.SCMSafeModeManager (HealthyPipelineSafeModeRule.java:process(124)) - SCM in safe mode. Healthy pipelines reported count is 0, required healthy pipeline reported count is 1
2022-01-10 01:37:18,070 [97efffe8-a0d9-4eb2-b8ba-05ac1adb2a18@group-7EC62A7B3652-SegmentedRaftLogWorker] INFO  segmented.SegmentedRaftLogWorker (SegmentedRaftLogWorker.java:execute(601)) - 97efffe8-a0d9-4eb2-b8ba-05ac1adb2a18@group-7EC62A7B3652-SegmentedRaftLogWorker: created new log segment /home/runner/work/ozone/ozone/hadoop-ozone/integration-test/target/test-dir/MiniOzoneClusterImpl-68802873-f272-46eb-8a6f-b1572e6a6d36/datanode-0/data/ratis/0fda435f-8fa8-49ba-ba1c-7ec62a7b3652/current/log_inprogress_0
2022-01-10 01:37:18,078 [97efffe8-a0d9-4eb2-b8ba-05ac1adb2a18@group-DB1ADAF67F51-FollowerState] INFO  impl.FollowerState (FollowerState.java:run(134)) - 97efffe8-a0d9-4eb2-b8ba-05ac1adb2a18@group-DB1ADAF67F51-FollowerState: change to CANDIDATE, lastRpcElapsedTime:5146939025ns, electionTimeout:5142ms
2022-01-10 01:37:18,078 [97efffe8-a0d9-4eb2-b8ba-05ac1adb2a18@group-DB1ADAF67F51-FollowerState] INFO  impl.RoleInfo (RoleInfo.java:shutdownFollowerState(108)) - 97efffe8-a0d9-4eb2-b8ba-05ac1adb2a18: shutdown 97efffe8-a0d9-4eb2-b8ba-05ac1adb2a18@group-DB1ADAF67F51-FollowerState
2022-01-10 01:37:18,078 [97efffe8-a0d9-4eb2-b8ba-05ac1adb2a18@group-DB1ADAF67F51-FollowerState] INFO  server.RaftServer$Division (RaftServerImpl.java:setRole(290)) - 97efffe8-a0d9-4eb2-b8ba-05ac1adb2a18@group-DB1ADAF67F51: changes role from  FOLLOWER to CANDIDATE at term 0 for changeToCandidate
2022-01-10 01:37:18,092 [97efffe8-a0d9-4eb2-b8ba-05ac1adb2a18@group-DB1ADAF67F51-FollowerState] INFO  server.RaftServerConfigKeys (ConfUtils.java:logGet(44)) - raft.server.leaderelection.pre-vote = false (custom)
2022-01-10 01:37:18,092 [97efffe8-a0d9-4eb2-b8ba-05ac1adb2a18@group-DB1ADAF67F51-FollowerState] INFO  impl.RoleInfo (RoleInfo.java:updateAndGet(130)) - 97efffe8-a0d9-4eb2-b8ba-05ac1adb2a18: start 97efffe8-a0d9-4eb2-b8ba-05ac1adb2a18@group-DB1ADAF67F51-LeaderElection28
2022-01-10 01:37:18,109 [97efffe8-a0d9-4eb2-b8ba-05ac1adb2a18@group-7EC62A7B3652-LeaderElection27] INFO  server.RaftServer$Division (ServerState.java:setRaftConf(387)) - 97efffe8-a0d9-4eb2-b8ba-05ac1adb2a18@group-7EC62A7B3652: set configuration 0: [97efffe8-a0d9-4eb2-b8ba-05ac1adb2a18|rpc:10.1.0.8:41617|dataStream:|priority:1], old=null
2022-01-10 01:37:18,124 [97efffe8-a0d9-4eb2-b8ba-05ac1adb2a18@group-DB1ADAF67F51-LeaderElection28] INFO  impl.LeaderElection (LeaderElection.java:askForVotes(306)) - 97efffe8-a0d9-4eb2-b8ba-05ac1adb2a18@group-DB1ADAF67F51-LeaderElection28 ELECTION round 0: submit vote requests at term 1 for -1: [97efffe8-a0d9-4eb2-b8ba-05ac1adb2a18|rpc:10.1.0.8:41617|priority:0, b1fc3843-4175-4724-a1a5-46b4e39f3b17|rpc:10.1.0.8:42567|priority:1, b4496ae0-fc73-4297-a03c-903064600ecd|rpc:10.1.0.8:38203|priority:0], old=null
2022-01-10 01:37:18,148 [grpc-default-executor-0] INFO  server.RaftServer$Division (RaftServerImpl.java:requestVote(1046)) - b1fc3843-4175-4724-a1a5-46b4e39f3b17@group-DB1ADAF67F51: receive requestVote(ELECTION, 97efffe8-a0d9-4eb2-b8ba-05ac1adb2a18, group-DB1ADAF67F51, 1, (t:0, i:0))
2022-01-10 01:37:18,148 [grpc-default-executor-0] INFO  impl.VoteContext (VoteContext.java:log(48)) - b1fc3843-4175-4724-a1a5-46b4e39f3b17@group-DB1ADAF67F51-FOLLOWER: reject ELECTION from 97efffe8-a0d9-4eb2-b8ba-05ac1adb2a18: our priority 1 > candidate's priority 0
2022-01-10 01:37:18,148 [grpc-default-executor-0] INFO  server.RaftServer$Division (RaftServerImpl.java:setRole(290)) - b1fc3843-4175-4724-a1a5-46b4e39f3b17@group-DB1ADAF67F51: changes role from  FOLLOWER to FOLLOWER at term 1 for candidate:97efffe8-a0d9-4eb2-b8ba-05ac1adb2a18
2022-01-10 01:37:18,148 [grpc-default-executor-0] INFO  impl.RoleInfo (RoleInfo.java:shutdownFollowerState(108)) - b1fc3843-4175-4724-a1a5-46b4e39f3b17: shutdown b1fc3843-4175-4724-a1a5-46b4e39f3b17@group-DB1ADAF67F51-FollowerState
2022-01-10 01:37:18,148 [grpc-default-executor-0] INFO  impl.RoleInfo (RoleInfo.java:updateAndGet(130)) - b1fc3843-4175-4724-a1a5-46b4e39f3b17: start b1fc3843-4175-4724-a1a5-46b4e39f3b17@group-DB1ADAF67F51-FollowerState
2022-01-10 01:37:18,148 [b1fc3843-4175-4724-a1a5-46b4e39f3b17@group-DB1ADAF67F51-FollowerState] INFO  impl.FollowerState (FollowerState.java:run(143)) - b1fc3843-4175-4724-a1a5-46b4e39f3b17@group-DB1ADAF67F51-FollowerState was interrupted: {}
java.lang.InterruptedException: sleep interrupted
	at java.lang.Thread.sleep(Native Method)
	at java.lang.Thread.sleep(Thread.java:340)
	at java.util.concurrent.TimeUnit.sleep(TimeUnit.java:386)
	at org.apache.ratis.util.TimeDuration.sleep(TimeDuration.java:324)
	at org.apache.ratis.util.TimeDuration.sleep(TimeDuration.java:309)
	at org.apache.ratis.server.impl.FollowerState.run(FollowerState.java:118)
2022-01-10 01:37:18,159 [grpc-default-executor-0] INFO  server.RaftServer$Division (RaftServerImpl.java:requestVote(1078)) - b1fc3843-4175-4724-a1a5-46b4e39f3b17@group-DB1ADAF67F51 replies to ELECTION vote request: 97efffe8-a0d9-4eb2-b8ba-05ac1adb2a18<-b1fc3843-4175-4724-a1a5-46b4e39f3b17#0:FAIL-t1. Peer's state: b1fc3843-4175-4724-a1a5-46b4e39f3b17@group-DB1ADAF67F51:t1, leader=null, voted=null, raftlog=b1fc3843-4175-4724-a1a5-46b4e39f3b17@group-DB1ADAF67F51-SegmentedRaftLog:OPENED:c-1, conf=-1: [97efffe8-a0d9-4eb2-b8ba-05ac1adb2a18|rpc:10.1.0.8:41617|dataStream:|priority:0, b1fc3843-4175-4724-a1a5-46b4e39f3b17|rpc:10.1.0.8:42567|dataStream:|priority:1, b4496ae0-fc73-4297-a03c-903064600ecd|rpc:10.1.0.8:38203|dataStream:|priority:0], old=null
2022-01-10 01:37:18,167 [97efffe8-a0d9-4eb2-b8ba-05ac1adb2a18@group-DB1ADAF67F51-LeaderElection28] INFO  impl.LeaderElection (LeaderElection.java:logAndReturn(89)) - 97efffe8-a0d9-4eb2-b8ba-05ac1adb2a18@group-DB1ADAF67F51-LeaderElection28: ELECTION REJECTED received 1 response(s) and 0 exception(s):
2022-01-10 01:37:18,167 [97efffe8-a0d9-4eb2-b8ba-05ac1adb2a18@group-DB1ADAF67F51-LeaderElection28] INFO  impl.LeaderElection (LeaderElection.java:logAndReturn(93)) -   Response 0: 97efffe8-a0d9-4eb2-b8ba-05ac1adb2a18<-b1fc3843-4175-4724-a1a5-46b4e39f3b17#0:FAIL-t1
2022-01-10 01:37:18,167 [97efffe8-a0d9-4eb2-b8ba-05ac1adb2a18@group-DB1ADAF67F51-LeaderElection28] INFO  impl.LeaderElection (LeaderElection.java:askForVotes(308)) - 97efffe8-a0d9-4eb2-b8ba-05ac1adb2a18@group-DB1ADAF67F51-LeaderElection28 ELECTION round 0: result REJECTED
2022-01-10 01:37:18,167 [97efffe8-a0d9-4eb2-b8ba-05ac1adb2a18@group-DB1ADAF67F51-LeaderElection28] INFO  server.RaftServer$Division (RaftServerImpl.java:setRole(290)) - 97efffe8-a0d9-4eb2-b8ba-05ac1adb2a18@group-DB1ADAF67F51: changes role from CANDIDATE to FOLLOWER at term 1 for REJECTED
2022-01-10 01:37:18,167 [97efffe8-a0d9-4eb2-b8ba-05ac1adb2a18@group-DB1ADAF67F51-LeaderElection28] INFO  impl.RoleInfo (RoleInfo.java:shutdownLeaderElection(121)) - 97efffe8-a0d9-4eb2-b8ba-05ac1adb2a18: shutdown 97efffe8-a0d9-4eb2-b8ba-05ac1adb2a18@group-DB1ADAF67F51-LeaderElection28
2022-01-10 01:37:18,167 [97efffe8-a0d9-4eb2-b8ba-05ac1adb2a18@group-DB1ADAF67F51-LeaderElection28] INFO  impl.RoleInfo (RoleInfo.java:updateAndGet(130)) - 97efffe8-a0d9-4eb2-b8ba-05ac1adb2a18: start 97efffe8-a0d9-4eb2-b8ba-05ac1adb2a18@group-DB1ADAF67F51-FollowerState
2022-01-10 01:37:18,172 [grpc-default-executor-1] INFO  server.RaftServer$Division (RaftServerImpl.java:requestVote(1046)) - b4496ae0-fc73-4297-a03c-903064600ecd@group-DB1ADAF67F51: receive requestVote(ELECTION, 97efffe8-a0d9-4eb2-b8ba-05ac1adb2a18, group-DB1ADAF67F51, 1, (t:0, i:0))
2022-01-10 01:37:18,172 [grpc-default-executor-1] INFO  impl.VoteContext (VoteContext.java:log(48)) - b4496ae0-fc73-4297-a03c-903064600ecd@group-DB1ADAF67F51-FOLLOWER: accept ELECTION from 97efffe8-a0d9-4eb2-b8ba-05ac1adb2a18: our priority 0 <= candidate's priority 0
2022-01-10 01:37:18,172 [grpc-default-executor-1] INFO  server.RaftServer$Division (RaftServerImpl.java:setRole(290)) - b4496ae0-fc73-4297-a03c-903064600ecd@group-DB1ADAF67F51: changes role from  FOLLOWER to FOLLOWER at term 1 for candidate:97efffe8-a0d9-4eb2-b8ba-05ac1adb2a18
2022-01-10 01:37:18,172 [grpc-default-executor-1] INFO  impl.RoleInfo (RoleInfo.java:shutdownFollowerState(108)) - b4496ae0-fc73-4297-a03c-903064600ecd: shutdown b4496ae0-fc73-4297-a03c-903064600ecd@group-DB1ADAF67F51-FollowerState
2022-01-10 01:37:18,172 [grpc-default-executor-1] INFO  impl.RoleInfo (RoleInfo.java:updateAndGet(130)) - b4496ae0-fc73-4297-a03c-903064600ecd: start b4496ae0-fc73-4297-a03c-903064600ecd@group-DB1ADAF67F51-FollowerState
2022-01-10 01:37:18,173 [b4496ae0-fc73-4297-a03c-903064600ecd@group-DB1ADAF67F51-FollowerState] INFO  impl.FollowerState (FollowerState.java:run(143)) - b4496ae0-fc73-4297-a03c-903064600ecd@group-DB1ADAF67F51-FollowerState was interrupted: {}
java.lang.InterruptedException: sleep interrupted
	at java.lang.Thread.sleep(Native Method)
	at java.lang.Thread.sleep(Thread.java:340)
	at java.util.concurrent.TimeUnit.sleep(TimeUnit.java:386)
	at org.apache.ratis.util.TimeDuration.sleep(TimeDuration.java:324)
	at org.apache.ratis.util.TimeDuration.sleep(TimeDuration.java:309)
	at org.apache.ratis.server.impl.FollowerState.run(FollowerState.java:118)
2022-01-10 01:37:18,179 [grpc-default-executor-1] INFO  server.RaftServer$Division (RaftServerImpl.java:requestVote(1078)) - b4496ae0-fc73-4297-a03c-903064600ecd@group-DB1ADAF67F51 replies to ELECTION vote request: 97efffe8-a0d9-4eb2-b8ba-05ac1adb2a18<-b4496ae0-fc73-4297-a03c-903064600ecd#0:OK-t1. Peer's state: b4496ae0-fc73-4297-a03c-903064600ecd@group-DB1ADAF67F51:t1, leader=null, voted=97efffe8-a0d9-4eb2-b8ba-05ac1adb2a18, raftlog=b4496ae0-fc73-4297-a03c-903064600ecd@group-DB1ADAF67F51-SegmentedRaftLog:OPENED:c-1, conf=-1: [97efffe8-a0d9-4eb2-b8ba-05ac1adb2a18|rpc:10.1.0.8:41617|dataStream:|priority:0, b1fc3843-4175-4724-a1a5-46b4e39f3b17|rpc:10.1.0.8:42567|dataStream:|priority:1, b4496ae0-fc73-4297-a03c-903064600ecd|rpc:10.1.0.8:38203|dataStream:|priority:0], old=null
2022-01-10 01:37:18,358 [b1fc3843-4175-4724-a1a5-46b4e39f3b17@group-0F3ECA49BC4A-FollowerState] INFO  impl.FollowerState (FollowerState.java:run(134)) - b1fc3843-4175-4724-a1a5-46b4e39f3b17@group-0F3ECA49BC4A-FollowerState: change to CANDIDATE, lastRpcElapsedTime:5184361407ns, electionTimeout:5176ms
2022-01-10 01:37:18,358 [b1fc3843-4175-4724-a1a5-46b4e39f3b17@group-0F3ECA49BC4A-FollowerState] INFO  impl.RoleInfo (RoleInfo.java:shutdownFollowerState(108)) - b1fc3843-4175-4724-a1a5-46b4e39f3b17: shutdown b1fc3843-4175-4724-a1a5-46b4e39f3b17@group-0F3ECA49BC4A-FollowerState
2022-01-10 01:37:18,359 [b1fc3843-4175-4724-a1a5-46b4e39f3b17@group-0F3ECA49BC4A-FollowerState] INFO  server.RaftServer$Division (RaftServerImpl.java:setRole(290)) - b1fc3843-4175-4724-a1a5-46b4e39f3b17@group-0F3ECA49BC4A: changes role from  FOLLOWER to CANDIDATE at term 0 for changeToCandidate
2022-01-10 01:37:18,359 [b1fc3843-4175-4724-a1a5-46b4e39f3b17@group-0F3ECA49BC4A-FollowerState] INFO  server.RaftServerConfigKeys (ConfUtils.java:logGet(44)) - raft.server.leaderelection.pre-vote = false (custom)
2022-01-10 01:37:18,359 [b1fc3843-4175-4724-a1a5-46b4e39f3b17@group-0F3ECA49BC4A-FollowerState] INFO  impl.RoleInfo (RoleInfo.java:updateAndGet(130)) - b1fc3843-4175-4724-a1a5-46b4e39f3b17: start b1fc3843-4175-4724-a1a5-46b4e39f3b17@group-0F3ECA49BC4A-LeaderElection29
2022-01-10 01:37:18,377 [b1fc3843-4175-4724-a1a5-46b4e39f3b17@group-0F3ECA49BC4A-LeaderElection29] INFO  impl.LeaderElection (LeaderElection.java:askForVotes(306)) - b1fc3843-4175-4724-a1a5-46b4e39f3b17@group-0F3ECA49BC4A-LeaderElection29 ELECTION round 0: submit vote requests at term 1 for -1: [b1fc3843-4175-4724-a1a5-46b4e39f3b17|rpc:10.1.0.8:42567|priority:1], old=null
2022-01-10 01:37:18,384 [b1fc3843-4175-4724-a1a5-46b4e39f3b17@group-0F3ECA49BC4A-LeaderElection29] INFO  impl.LeaderElection (LeaderElection.java:askForVotes(308)) - b1fc3843-4175-4724-a1a5-46b4e39f3b17@group-0F3ECA49BC4A-LeaderElection29 ELECTION round 0: result PASSED (term=1)
2022-01-10 01:37:18,384 [b1fc3843-4175-4724-a1a5-46b4e39f3b17@group-0F3ECA49BC4A-LeaderElection29] INFO  impl.RoleInfo (RoleInfo.java:shutdownLeaderElection(121)) - b1fc3843-4175-4724-a1a5-46b4e39f3b17: shutdown b1fc3843-4175-4724-a1a5-46b4e39f3b17@group-0F3ECA49BC4A-LeaderElection29
2022-01-10 01:37:18,384 [b1fc3843-4175-4724-a1a5-46b4e39f3b17@group-0F3ECA49BC4A-LeaderElection29] INFO  server.RaftServer$Division (RaftServerImpl.java:setRole(290)) - b1fc3843-4175-4724-a1a5-46b4e39f3b17@group-0F3ECA49BC4A: changes role from CANDIDATE to LEADER at term 1 for changeToLeader
2022-01-10 01:37:18,384 [b1fc3843-4175-4724-a1a5-46b4e39f3b17@group-0F3ECA49BC4A-LeaderElection29] INFO  ratis.XceiverServerRatis (XceiverServerRatis.java:handleLeaderChangedNotification(866)) - Leader change notification received for group: group-0F3ECA49BC4A with new leaderId: b1fc3843-4175-4724-a1a5-46b4e39f3b17
2022-01-10 01:37:18,384 [b1fc3843-4175-4724-a1a5-46b4e39f3b17@group-0F3ECA49BC4A-LeaderElection29] INFO  server.RaftServer$Division (ServerState.java:setLeader(285)) - b1fc3843-4175-4724-a1a5-46b4e39f3b17@group-0F3ECA49BC4A: change Leader from null to b1fc3843-4175-4724-a1a5-46b4e39f3b17 at term 1 for becomeLeader, leader elected after 5251ms
2022-01-10 01:37:18,384 [b1fc3843-4175-4724-a1a5-46b4e39f3b17@group-0F3ECA49BC4A-LeaderElection29] INFO  server.RaftServerConfigKeys (ConfUtils.java:logGet(44)) - raft.server.staging.catchup.gap = 1000 (default)
2022-01-10 01:37:18,384 [b1fc3843-4175-4724-a1a5-46b4e39f3b17@group-0F3ECA49BC4A-LeaderElection29] INFO  server.RaftServerConfigKeys (ConfUtils.java:logGet(44)) - raft.server.write.element-limit = 1024 (custom)
2022-01-10 01:37:18,384 [b1fc3843-4175-4724-a1a5-46b4e39f3b17@group-0F3ECA49BC4A-LeaderElection29] INFO  server.RaftServerConfigKeys (ConfUtils.java:logGet(44)) - raft.server.write.byte-limit = 1024 M (=1073741824) (custom)
2022-01-10 01:37:18,385 [b1fc3843-4175-4724-a1a5-46b4e39f3b17@group-0F3ECA49BC4A-LeaderElection29] INFO  server.RaftServerConfigKeys (ConfUtils.java:logGet(44)) - raft.server.watch.timeout = 180s (custom)
2022-01-10 01:37:18,385 [b1fc3843-4175-4724-a1a5-46b4e39f3b17@group-0F3ECA49BC4A-LeaderElection29] INFO  server.RaftServerConfigKeys (ConfUtils.java:logGet(44)) - raft.server.watch.timeout.denomination = 1s (default)
2022-01-10 01:37:18,385 [b1fc3843-4175-4724-a1a5-46b4e39f3b17@group-0F3ECA49BC4A-LeaderElection29] INFO  server.RaftServerConfigKeys (ConfUtils.java:logGet(44)) - raft.server.watch.element-limit = 65536 (default)
2022-01-10 01:37:18,385 [b1fc3843-4175-4724-a1a5-46b4e39f3b17@group-0F3ECA49BC4A-LeaderElection29] INFO  server.RaftServerConfigKeys (ConfUtils.java:logGet(44)) - raft.server.write.element-limit = 1024 (custom)
2022-01-10 01:37:18,385 [b1fc3843-4175-4724-a1a5-46b4e39f3b17@group-0F3ECA49BC4A-LeaderElection29] INFO  server.RaftServerConfigKeys (ConfUtils.java:logGet(44)) - raft.server.write.follower.gap.ratio.max = -1.0 (default)
2022-01-10 01:37:18,385 [b1fc3843-4175-4724-a1a5-46b4e39f3b17@group-0F3ECA49BC4A-LeaderElection29] INFO  impl.RoleInfo (RoleInfo.java:updateAndGet(130)) - b1fc3843-4175-4724-a1a5-46b4e39f3b17: start b1fc3843-4175-4724-a1a5-46b4e39f3b17@group-0F3ECA49BC4A-LeaderStateImpl
2022-01-10 01:37:18,385 [b1fc3843-4175-4724-a1a5-46b4e39f3b17@group-0F3ECA49BC4A-LeaderElection29] INFO  segmented.SegmentedRaftLogWorker (SegmentedRaftLogWorker.java:startLogSegment(394)) - b1fc3843-4175-4724-a1a5-46b4e39f3b17@group-0F3ECA49BC4A-SegmentedRaftLogWorker: Starting segment from index:0
2022-01-10 01:37:18,389 [b1fc3843-4175-4724-a1a5-46b4e39f3b17@group-EF2998936A88-FollowerState] INFO  impl.FollowerState (FollowerState.java:run(134)) - b1fc3843-4175-4724-a1a5-46b4e39f3b17@group-EF2998936A88-FollowerState: change to CANDIDATE, lastRpcElapsedTime:5125466598ns, electionTimeout:5122ms
2022-01-10 01:37:18,389 [b1fc3843-4175-4724-a1a5-46b4e39f3b17@group-EF2998936A88-FollowerState] INFO  impl.RoleInfo (RoleInfo.java:shutdownFollowerState(108)) - b1fc3843-4175-4724-a1a5-46b4e39f3b17: shutdown b1fc3843-4175-4724-a1a5-46b4e39f3b17@group-EF2998936A88-FollowerState
2022-01-10 01:37:18,389 [b1fc3843-4175-4724-a1a5-46b4e39f3b17@group-EF2998936A88-FollowerState] INFO  server.RaftServer$Division (RaftServerImpl.java:setRole(290)) - b1fc3843-4175-4724-a1a5-46b4e39f3b17@group-EF2998936A88: changes role from  FOLLOWER to CANDIDATE at term 0 for changeToCandidate
2022-01-10 01:37:18,390 [EventQueue-OpenPipelineForHealthyPipelineSafeModeRule] INFO  safemode.SCMSafeModeManager (HealthyPipelineSafeModeRule.java:process(124)) - SCM in safe mode. Healthy pipelines reported count is 0, required healthy pipeline reported count is 1
2022-01-10 01:37:18,391 [b1fc3843-4175-4724-a1a5-46b4e39f3b17@group-0F3ECA49BC4A-SegmentedRaftLogWorker] INFO  segmented.SegmentedRaftLogWorker (SegmentedRaftLogWorker.java:execute(601)) - b1fc3843-4175-4724-a1a5-46b4e39f3b17@group-0F3ECA49BC4A-SegmentedRaftLogWorker: created new log segment /home/runner/work/ozone/ozone/hadoop-ozone/integration-test/target/test-dir/MiniOzoneClusterImpl-68802873-f272-46eb-8a6f-b1572e6a6d36/datanode-1/data/ratis/91885ea2-9cb9-48b8-943c-0f3eca49bc4a/current/log_inprogress_0
2022-01-10 01:37:18,400 [b1fc3843-4175-4724-a1a5-46b4e39f3b17@group-EF2998936A88-FollowerState] INFO  server.RaftServerConfigKeys (ConfUtils.java:logGet(44)) - raft.server.leaderelection.pre-vote = false (custom)
2022-01-10 01:37:18,400 [b1fc3843-4175-4724-a1a5-46b4e39f3b17@group-EF2998936A88-FollowerState] INFO  impl.RoleInfo (RoleInfo.java:updateAndGet(130)) - b1fc3843-4175-4724-a1a5-46b4e39f3b17: start b1fc3843-4175-4724-a1a5-46b4e39f3b17@group-EF2998936A88-LeaderElection30
2022-01-10 01:37:18,402 [b1fc3843-4175-4724-a1a5-46b4e39f3b17@group-0F3ECA49BC4A-LeaderElection29] INFO  server.RaftServer$Division (ServerState.java:setRaftConf(387)) - b1fc3843-4175-4724-a1a5-46b4e39f3b17@group-0F3ECA49BC4A: set configuration 0: [b1fc3843-4175-4724-a1a5-46b4e39f3b17|rpc:10.1.0.8:42567|dataStream:|priority:1], old=null
2022-01-10 01:37:18,418 [b1fc3843-4175-4724-a1a5-46b4e39f3b17@group-EF2998936A88-LeaderElection30] INFO  impl.LeaderElection (LeaderElection.java:askForVotes(306)) - b1fc3843-4175-4724-a1a5-46b4e39f3b17@group-EF2998936A88-LeaderElection30 ELECTION round 0: submit vote requests at term 1 for -1: [97efffe8-a0d9-4eb2-b8ba-05ac1adb2a18|rpc:10.1.0.8:41617|priority:1, b1fc3843-4175-4724-a1a5-46b4e39f3b17|rpc:10.1.0.8:42567|priority:0, b4496ae0-fc73-4297-a03c-903064600ecd|rpc:10.1.0.8:38203|priority:0], old=null
2022-01-10 01:37:18,434 [grpc-default-executor-1] INFO  server.RaftServer$Division (RaftServerImpl.java:requestVote(1046)) - 97efffe8-a0d9-4eb2-b8ba-05ac1adb2a18@group-EF2998936A88: receive requestVote(ELECTION, b1fc3843-4175-4724-a1a5-46b4e39f3b17, group-EF2998936A88, 1, (t:0, i:0))
2022-01-10 01:37:18,434 [grpc-default-executor-1] INFO  impl.VoteContext (VoteContext.java:log(48)) - 97efffe8-a0d9-4eb2-b8ba-05ac1adb2a18@group-EF2998936A88-FOLLOWER: reject ELECTION from b1fc3843-4175-4724-a1a5-46b4e39f3b17: our priority 1 > candidate's priority 0
2022-01-10 01:37:18,434 [grpc-default-executor-1] INFO  server.RaftServer$Division (RaftServerImpl.java:setRole(290)) - 97efffe8-a0d9-4eb2-b8ba-05ac1adb2a18@group-EF2998936A88: changes role from  FOLLOWER to FOLLOWER at term 1 for candidate:b1fc3843-4175-4724-a1a5-46b4e39f3b17
2022-01-10 01:37:18,434 [grpc-default-executor-1] INFO  impl.RoleInfo (RoleInfo.java:shutdownFollowerState(108)) - 97efffe8-a0d9-4eb2-b8ba-05ac1adb2a18: shutdown 97efffe8-a0d9-4eb2-b8ba-05ac1adb2a18@group-EF2998936A88-FollowerState
2022-01-10 01:37:18,434 [grpc-default-executor-1] INFO  impl.RoleInfo (RoleInfo.java:updateAndGet(130)) - 97efffe8-a0d9-4eb2-b8ba-05ac1adb2a18: start 97efffe8-a0d9-4eb2-b8ba-05ac1adb2a18@group-EF2998936A88-FollowerState
2022-01-10 01:37:18,435 [97efffe8-a0d9-4eb2-b8ba-05ac1adb2a18@group-EF2998936A88-FollowerState] INFO  impl.FollowerState (FollowerState.java:run(143)) - 97efffe8-a0d9-4eb2-b8ba-05ac1adb2a18@group-EF2998936A88-FollowerState was interrupted: {}
java.lang.InterruptedException: sleep interrupted
	at java.lang.Thread.sleep(Native Method)
	at java.lang.Thread.sleep(Thread.java:340)
	at java.util.concurrent.TimeUnit.sleep(TimeUnit.java:386)
	at org.apache.ratis.util.TimeDuration.sleep(TimeDuration.java:324)
	at org.apache.ratis.util.TimeDuration.sleep(TimeDuration.java:309)
	at org.apache.ratis.server.impl.FollowerState.run(FollowerState.java:118)
2022-01-10 01:37:18,435 [grpc-default-executor-0] INFO  server.RaftServer$Division (RaftServerImpl.java:requestVote(1046)) - b4496ae0-fc73-4297-a03c-903064600ecd@group-EF2998936A88: receive requestVote(ELECTION, b1fc3843-4175-4724-a1a5-46b4e39f3b17, group-EF2998936A88, 1, (t:0, i:0))
2022-01-10 01:37:18,435 [grpc-default-executor-0] INFO  impl.VoteContext (VoteContext.java:log(48)) - b4496ae0-fc73-4297-a03c-903064600ecd@group-EF2998936A88-FOLLOWER: accept ELECTION from b1fc3843-4175-4724-a1a5-46b4e39f3b17: our priority 0 <= candidate's priority 0
2022-01-10 01:37:18,435 [grpc-default-executor-0] INFO  server.RaftServer$Division (RaftServerImpl.java:setRole(290)) - b4496ae0-fc73-4297-a03c-903064600ecd@group-EF2998936A88: changes role from  FOLLOWER to FOLLOWER at term 1 for candidate:b1fc3843-4175-4724-a1a5-46b4e39f3b17
2022-01-10 01:37:18,435 [grpc-default-executor-0] INFO  impl.RoleInfo (RoleInfo.java:shutdownFollowerState(108)) - b4496ae0-fc73-4297-a03c-903064600ecd: shutdown b4496ae0-fc73-4297-a03c-903064600ecd@group-EF2998936A88-FollowerState
2022-01-10 01:37:18,442 [grpc-default-executor-1] INFO  server.RaftServer$Division (RaftServerImpl.java:requestVote(1078)) - 97efffe8-a0d9-4eb2-b8ba-05ac1adb2a18@group-EF2998936A88 replies to ELECTION vote request: b1fc3843-4175-4724-a1a5-46b4e39f3b17<-97efffe8-a0d9-4eb2-b8ba-05ac1adb2a18#0:FAIL-t1. Peer's state: 97efffe8-a0d9-4eb2-b8ba-05ac1adb2a18@group-EF2998936A88:t1, leader=null, voted=null, raftlog=97efffe8-a0d9-4eb2-b8ba-05ac1adb2a18@group-EF2998936A88-SegmentedRaftLog:OPENED:c-1, conf=-1: [97efffe8-a0d9-4eb2-b8ba-05ac1adb2a18|rpc:10.1.0.8:41617|dataStream:|priority:1, b1fc3843-4175-4724-a1a5-46b4e39f3b17|rpc:10.1.0.8:42567|dataStream:|priority:0, b4496ae0-fc73-4297-a03c-903064600ecd|rpc:10.1.0.8:38203|dataStream:|priority:0], old=null
2022-01-10 01:37:18,443 [grpc-default-executor-0] INFO  impl.RoleInfo (RoleInfo.java:updateAndGet(130)) - b4496ae0-fc73-4297-a03c-903064600ecd: start b4496ae0-fc73-4297-a03c-903064600ecd@group-EF2998936A88-FollowerState
2022-01-10 01:37:18,443 [b4496ae0-fc73-4297-a03c-903064600ecd@group-EF2998936A88-FollowerState] INFO  impl.FollowerState (FollowerState.java:run(143)) - b4496ae0-fc73-4297-a03c-903064600ecd@group-EF2998936A88-FollowerState was interrupted: {}
java.lang.InterruptedException: sleep interrupted
	at java.lang.Thread.sleep(Native Method)
	at java.lang.Thread.sleep(Thread.java:340)
	at java.util.concurrent.TimeUnit.sleep(TimeUnit.java:386)
	at org.apache.ratis.util.TimeDuration.sleep(TimeDuration.java:324)
	at org.apache.ratis.util.TimeDuration.sleep(TimeDuration.java:309)
	at org.apache.ratis.server.impl.FollowerState.run(FollowerState.java:118)
2022-01-10 01:37:18,459 [b1fc3843-4175-4724-a1a5-46b4e39f3b17@group-EF2998936A88-LeaderElection30] INFO  impl.LeaderElection (LeaderElection.java:logAndReturn(89)) - b1fc3843-4175-4724-a1a5-46b4e39f3b17@group-EF2998936A88-LeaderElection30: ELECTION REJECTED received 1 response(s) and 0 exception(s):
2022-01-10 01:37:18,459 [b1fc3843-4175-4724-a1a5-46b4e39f3b17@group-EF2998936A88-LeaderElection30] INFO  impl.LeaderElection (LeaderElection.java:logAndReturn(93)) -   Response 0: b1fc3843-4175-4724-a1a5-46b4e39f3b17<-97efffe8-a0d9-4eb2-b8ba-05ac1adb2a18#0:FAIL-t1
2022-01-10 01:37:18,459 [b1fc3843-4175-4724-a1a5-46b4e39f3b17@group-EF2998936A88-LeaderElection30] INFO  impl.LeaderElection (LeaderElection.java:askForVotes(308)) - b1fc3843-4175-4724-a1a5-46b4e39f3b17@group-EF2998936A88-LeaderElection30 ELECTION round 0: result REJECTED
2022-01-10 01:37:18,459 [b1fc3843-4175-4724-a1a5-46b4e39f3b17@group-EF2998936A88-LeaderElection30] INFO  server.RaftServer$Division (RaftServerImpl.java:setRole(290)) - b1fc3843-4175-4724-a1a5-46b4e39f3b17@group-EF2998936A88: changes role from CANDIDATE to FOLLOWER at term 1 for REJECTED
2022-01-10 01:37:18,459 [b1fc3843-4175-4724-a1a5-46b4e39f3b17@group-EF2998936A88-LeaderElection30] INFO  impl.RoleInfo (RoleInfo.java:shutdownLeaderElection(121)) - b1fc3843-4175-4724-a1a5-46b4e39f3b17: shutdown b1fc3843-4175-4724-a1a5-46b4e39f3b17@group-EF2998936A88-LeaderElection30
2022-01-10 01:37:18,459 [b1fc3843-4175-4724-a1a5-46b4e39f3b17@group-EF2998936A88-LeaderElection30] INFO  impl.RoleInfo (RoleInfo.java:updateAndGet(130)) - b1fc3843-4175-4724-a1a5-46b4e39f3b17: start b1fc3843-4175-4724-a1a5-46b4e39f3b17@group-EF2998936A88-FollowerState
2022-01-10 01:37:18,470 [grpc-default-executor-0] INFO  server.RaftServer$Division (RaftServerImpl.java:requestVote(1078)) - b4496ae0-fc73-4297-a03c-903064600ecd@group-EF2998936A88 replies to ELECTION vote request: b1fc3843-4175-4724-a1a5-46b4e39f3b17<-b4496ae0-fc73-4297-a03c-903064600ecd#0:OK-t1. Peer's state: b4496ae0-fc73-4297-a03c-903064600ecd@group-EF2998936A88:t1, leader=null, voted=b1fc3843-4175-4724-a1a5-46b4e39f3b17, raftlog=b4496ae0-fc73-4297-a03c-903064600ecd@group-EF2998936A88-SegmentedRaftLog:OPENED:c-1, conf=-1: [97efffe8-a0d9-4eb2-b8ba-05ac1adb2a18|rpc:10.1.0.8:41617|dataStream:|priority:1, b1fc3843-4175-4724-a1a5-46b4e39f3b17|rpc:10.1.0.8:42567|dataStream:|priority:0, b4496ae0-fc73-4297-a03c-903064600ecd|rpc:10.1.0.8:38203|dataStream:|priority:0], old=null
2022-01-10 01:37:18,487 [Listener at 127.0.0.1/39943] INFO  ozone.MiniOzoneClusterImpl (MiniOzoneClusterImpl.java:lambda$waitForClusterToBeReady$0(235)) - Nodes are ready. Got 3 of 3 DN Heartbeats.
2022-01-10 01:37:18,487 [Listener at 127.0.0.1/39943] INFO  ozone.MiniOzoneClusterImpl (MiniOzoneClusterImpl.java:lambda$waitForClusterToBeReady$0(238)) - Waiting for cluster to exit safe mode
2022-01-10 01:37:18,487 [Listener at 127.0.0.1/39943] INFO  ozone.MiniOzoneClusterImpl (MiniOzoneClusterImpl.java:lambda$waitForClusterToBeReady$0(240)) - SCM became leader
2022-01-10 01:37:18,724 [b4496ae0-fc73-4297-a03c-903064600ecd@group-BAA680B8AEC8-FollowerState] INFO  impl.FollowerState (FollowerState.java:run(134)) - b4496ae0-fc73-4297-a03c-903064600ecd@group-BAA680B8AEC8-FollowerState: change to CANDIDATE, lastRpcElapsedTime:5184745005ns, electionTimeout:5174ms
2022-01-10 01:37:18,725 [b4496ae0-fc73-4297-a03c-903064600ecd@group-BAA680B8AEC8-FollowerState] INFO  impl.RoleInfo (RoleInfo.java:shutdownFollowerState(108)) - b4496ae0-fc73-4297-a03c-903064600ecd: shutdown b4496ae0-fc73-4297-a03c-903064600ecd@group-BAA680B8AEC8-FollowerState
2022-01-10 01:37:18,725 [b4496ae0-fc73-4297-a03c-903064600ecd@group-BAA680B8AEC8-FollowerState] INFO  server.RaftServer$Division (RaftServerImpl.java:setRole(290)) - b4496ae0-fc73-4297-a03c-903064600ecd@group-BAA680B8AEC8: changes role from  FOLLOWER to CANDIDATE at term 0 for changeToCandidate
2022-01-10 01:37:18,725 [b4496ae0-fc73-4297-a03c-903064600ecd@group-BAA680B8AEC8-FollowerState] INFO  server.RaftServerConfigKeys (ConfUtils.java:logGet(44)) - raft.server.leaderelection.pre-vote = false (custom)
2022-01-10 01:37:18,725 [b4496ae0-fc73-4297-a03c-903064600ecd@group-BAA680B8AEC8-FollowerState] INFO  impl.RoleInfo (RoleInfo.java:updateAndGet(130)) - b4496ae0-fc73-4297-a03c-903064600ecd: start b4496ae0-fc73-4297-a03c-903064600ecd@group-BAA680B8AEC8-LeaderElection31
2022-01-10 01:37:18,743 [b4496ae0-fc73-4297-a03c-903064600ecd@group-BAA680B8AEC8-LeaderElection31] INFO  impl.LeaderElection (LeaderElection.java:askForVotes(306)) - b4496ae0-fc73-4297-a03c-903064600ecd@group-BAA680B8AEC8-LeaderElection31 ELECTION round 0: submit vote requests at term 1 for -1: [b4496ae0-fc73-4297-a03c-903064600ecd|rpc:10.1.0.8:38203|priority:1], old=null
2022-01-10 01:37:18,743 [b4496ae0-fc73-4297-a03c-903064600ecd@group-BAA680B8AEC8-LeaderElection31] INFO  impl.LeaderElection (LeaderElection.java:askForVotes(308)) - b4496ae0-fc73-4297-a03c-903064600ecd@group-BAA680B8AEC8-LeaderElection31 ELECTION round 0: result PASSED (term=1)
2022-01-10 01:37:18,743 [b4496ae0-fc73-4297-a03c-903064600ecd@group-BAA680B8AEC8-LeaderElection31] INFO  impl.RoleInfo (RoleInfo.java:shutdownLeaderElection(121)) - b4496ae0-fc73-4297-a03c-903064600ecd: shutdown b4496ae0-fc73-4297-a03c-903064600ecd@group-BAA680B8AEC8-LeaderElection31
2022-01-10 01:37:18,744 [b4496ae0-fc73-4297-a03c-903064600ecd@group-BAA680B8AEC8-LeaderElection31] INFO  server.RaftServer$Division (RaftServerImpl.java:setRole(290)) - b4496ae0-fc73-4297-a03c-903064600ecd@group-BAA680B8AEC8: changes role from CANDIDATE to LEADER at term 1 for changeToLeader
2022-01-10 01:37:18,744 [b4496ae0-fc73-4297-a03c-903064600ecd@group-BAA680B8AEC8-LeaderElection31] INFO  ratis.XceiverServerRatis (XceiverServerRatis.java:handleLeaderChangedNotification(866)) - Leader change notification received for group: group-BAA680B8AEC8 with new leaderId: b4496ae0-fc73-4297-a03c-903064600ecd
2022-01-10 01:37:18,748 [EventQueue-OpenPipelineForHealthyPipelineSafeModeRule] INFO  safemode.SCMSafeModeManager (HealthyPipelineSafeModeRule.java:process(124)) - SCM in safe mode. Healthy pipelines reported count is 0, required healthy pipeline reported count is 1
2022-01-10 01:37:18,753 [b4496ae0-fc73-4297-a03c-903064600ecd@group-BAA680B8AEC8-LeaderElection31] INFO  server.RaftServer$Division (ServerState.java:setLeader(285)) - b4496ae0-fc73-4297-a03c-903064600ecd@group-BAA680B8AEC8: change Leader from null to b4496ae0-fc73-4297-a03c-903064600ecd at term 1 for becomeLeader, leader elected after 5231ms
2022-01-10 01:37:18,754 [b4496ae0-fc73-4297-a03c-903064600ecd@group-BAA680B8AEC8-LeaderElection31] INFO  server.RaftServerConfigKeys (ConfUtils.java:logGet(44)) - raft.server.staging.catchup.gap = 1000 (default)
2022-01-10 01:37:18,754 [b4496ae0-fc73-4297-a03c-903064600ecd@group-BAA680B8AEC8-LeaderElection31] INFO  server.RaftServerConfigKeys (ConfUtils.java:logGet(44)) - raft.server.write.element-limit = 1024 (custom)
2022-01-10 01:37:18,754 [b4496ae0-fc73-4297-a03c-903064600ecd@group-BAA680B8AEC8-LeaderElection31] INFO  server.RaftServerConfigKeys (ConfUtils.java:logGet(44)) - raft.server.write.byte-limit = 1024 M (=1073741824) (custom)
2022-01-10 01:37:18,754 [b4496ae0-fc73-4297-a03c-903064600ecd@group-BAA680B8AEC8-LeaderElection31] INFO  server.RaftServerConfigKeys (ConfUtils.java:logGet(44)) - raft.server.watch.timeout = 180s (custom)
2022-01-10 01:37:18,754 [b4496ae0-fc73-4297-a03c-903064600ecd@group-BAA680B8AEC8-LeaderElection31] INFO  server.RaftServerConfigKeys (ConfUtils.java:logGet(44)) - raft.server.watch.timeout.denomination = 1s (default)
2022-01-10 01:37:18,754 [b4496ae0-fc73-4297-a03c-903064600ecd@group-BAA680B8AEC8-LeaderElection31] INFO  server.RaftServerConfigKeys (ConfUtils.java:logGet(44)) - raft.server.watch.element-limit = 65536 (default)
2022-01-10 01:37:18,755 [b4496ae0-fc73-4297-a03c-903064600ecd@group-BAA680B8AEC8-LeaderElection31] INFO  server.RaftServerConfigKeys (ConfUtils.java:logGet(44)) - raft.server.write.element-limit = 1024 (custom)
2022-01-10 01:37:18,755 [b4496ae0-fc73-4297-a03c-903064600ecd@group-BAA680B8AEC8-LeaderElection31] INFO  server.RaftServerConfigKeys (ConfUtils.java:logGet(44)) - raft.server.write.follower.gap.ratio.max = -1.0 (default)
2022-01-10 01:37:18,755 [b4496ae0-fc73-4297-a03c-903064600ecd@group-BAA680B8AEC8-LeaderElection31] INFO  impl.RoleInfo (RoleInfo.java:updateAndGet(130)) - b4496ae0-fc73-4297-a03c-903064600ecd: start b4496ae0-fc73-4297-a03c-903064600ecd@group-BAA680B8AEC8-LeaderStateImpl
2022-01-10 01:37:18,755 [b4496ae0-fc73-4297-a03c-903064600ecd@group-BAA680B8AEC8-LeaderElection31] INFO  segmented.SegmentedRaftLogWorker (SegmentedRaftLogWorker.java:startLogSegment(394)) - b4496ae0-fc73-4297-a03c-903064600ecd@group-BAA680B8AEC8-SegmentedRaftLogWorker: Starting segment from index:0
2022-01-10 01:37:18,757 [b4496ae0-fc73-4297-a03c-903064600ecd@group-BAA680B8AEC8-SegmentedRaftLogWorker] INFO  segmented.SegmentedRaftLogWorker (SegmentedRaftLogWorker.java:execute(601)) - b4496ae0-fc73-4297-a03c-903064600ecd@group-BAA680B8AEC8-SegmentedRaftLogWorker: created new log segment /home/runner/work/ozone/ozone/hadoop-ozone/integration-test/target/test-dir/MiniOzoneClusterImpl-68802873-f272-46eb-8a6f-b1572e6a6d36/datanode-2/data/ratis/472f2b59-de49-4d22-82a7-baa680b8aec8/current/log_inprogress_0
2022-01-10 01:37:18,781 [b4496ae0-fc73-4297-a03c-903064600ecd@group-BAA680B8AEC8-LeaderElection31] INFO  server.RaftServer$Division (ServerState.java:setRaftConf(387)) - b4496ae0-fc73-4297-a03c-903064600ecd@group-BAA680B8AEC8: set configuration 0: [b4496ae0-fc73-4297-a03c-903064600ecd|rpc:10.1.0.8:38203|dataStream:|priority:1], old=null
2022-01-10 01:37:19,487 [Listener at 127.0.0.1/39943] INFO  ozone.MiniOzoneClusterImpl (MiniOzoneClusterImpl.java:lambda$waitForClusterToBeReady$0(235)) - Nodes are ready. Got 3 of 3 DN Heartbeats.
2022-01-10 01:37:19,487 [Listener at 127.0.0.1/39943] INFO  ozone.MiniOzoneClusterImpl (MiniOzoneClusterImpl.java:lambda$waitForClusterToBeReady$0(238)) - Waiting for cluster to exit safe mode
2022-01-10 01:37:19,487 [Listener at 127.0.0.1/39943] INFO  ozone.MiniOzoneClusterImpl (MiniOzoneClusterImpl.java:lambda$waitForClusterToBeReady$0(240)) - SCM became leader
2022-01-10 01:37:20,488 [Listener at 127.0.0.1/39943] INFO  ozone.MiniOzoneClusterImpl (MiniOzoneClusterImpl.java:lambda$waitForClusterToBeReady$0(235)) - Nodes are ready. Got 3 of 3 DN Heartbeats.
2022-01-10 01:37:20,488 [Listener at 127.0.0.1/39943] INFO  ozone.MiniOzoneClusterImpl (MiniOzoneClusterImpl.java:lambda$waitForClusterToBeReady$0(238)) - Waiting for cluster to exit safe mode
2022-01-10 01:37:20,488 [Listener at 127.0.0.1/39943] INFO  ozone.MiniOzoneClusterImpl (MiniOzoneClusterImpl.java:lambda$waitForClusterToBeReady$0(240)) - SCM became leader
2022-01-10 01:37:21,488 [Listener at 127.0.0.1/39943] INFO  ozone.MiniOzoneClusterImpl (MiniOzoneClusterImpl.java:lambda$waitForClusterToBeReady$0(235)) - Nodes are ready. Got 3 of 3 DN Heartbeats.
2022-01-10 01:37:21,488 [Listener at 127.0.0.1/39943] INFO  ozone.MiniOzoneClusterImpl (MiniOzoneClusterImpl.java:lambda$waitForClusterToBeReady$0(238)) - Waiting for cluster to exit safe mode
2022-01-10 01:37:21,489 [Listener at 127.0.0.1/39943] INFO  ozone.MiniOzoneClusterImpl (MiniOzoneClusterImpl.java:lambda$waitForClusterToBeReady$0(240)) - SCM became leader
2022-01-10 01:37:22,489 [Listener at 127.0.0.1/39943] INFO  ozone.MiniOzoneClusterImpl (MiniOzoneClusterImpl.java:lambda$waitForClusterToBeReady$0(235)) - Nodes are ready. Got 3 of 3 DN Heartbeats.
2022-01-10 01:37:22,489 [Listener at 127.0.0.1/39943] INFO  ozone.MiniOzoneClusterImpl (MiniOzoneClusterImpl.java:lambda$waitForClusterToBeReady$0(238)) - Waiting for cluster to exit safe mode
2022-01-10 01:37:22,489 [Listener at 127.0.0.1/39943] INFO  ozone.MiniOzoneClusterImpl (MiniOzoneClusterImpl.java:lambda$waitForClusterToBeReady$0(240)) - SCM became leader
2022-01-10 01:37:23,182 [b1fc3843-4175-4724-a1a5-46b4e39f3b17@group-DB1ADAF67F51-FollowerState] INFO  impl.FollowerState (FollowerState.java:run(134)) - b1fc3843-4175-4724-a1a5-46b4e39f3b17@group-DB1ADAF67F51-FollowerState: change to CANDIDATE, lastRpcElapsedTime:5033358856ns, electionTimeout:5019ms
2022-01-10 01:37:23,182 [b1fc3843-4175-4724-a1a5-46b4e39f3b17@group-DB1ADAF67F51-FollowerState] INFO  impl.RoleInfo (RoleInfo.java:shutdownFollowerState(108)) - b1fc3843-4175-4724-a1a5-46b4e39f3b17: shutdown b1fc3843-4175-4724-a1a5-46b4e39f3b17@group-DB1ADAF67F51-FollowerState
2022-01-10 01:37:23,182 [b1fc3843-4175-4724-a1a5-46b4e39f3b17@group-DB1ADAF67F51-FollowerState] INFO  server.RaftServer$Division (RaftServerImpl.java:setRole(290)) - b1fc3843-4175-4724-a1a5-46b4e39f3b17@group-DB1ADAF67F51: changes role from  FOLLOWER to CANDIDATE at term 1 for changeToCandidate
2022-01-10 01:37:23,182 [b1fc3843-4175-4724-a1a5-46b4e39f3b17@group-DB1ADAF67F51-FollowerState] INFO  server.RaftServerConfigKeys (ConfUtils.java:logGet(44)) - raft.server.leaderelection.pre-vote = false (custom)
2022-01-10 01:37:23,182 [b1fc3843-4175-4724-a1a5-46b4e39f3b17@group-DB1ADAF67F51-FollowerState] INFO  impl.RoleInfo (RoleInfo.java:updateAndGet(130)) - b1fc3843-4175-4724-a1a5-46b4e39f3b17: start b1fc3843-4175-4724-a1a5-46b4e39f3b17@group-DB1ADAF67F51-LeaderElection32
2022-01-10 01:37:23,186 [b1fc3843-4175-4724-a1a5-46b4e39f3b17@group-DB1ADAF67F51-LeaderElection32] INFO  impl.LeaderElection (LeaderElection.java:askForVotes(306)) - b1fc3843-4175-4724-a1a5-46b4e39f3b17@group-DB1ADAF67F51-LeaderElection32 ELECTION round 0: submit vote requests at term 2 for -1: [97efffe8-a0d9-4eb2-b8ba-05ac1adb2a18|rpc:10.1.0.8:41617|dataStream:|priority:0, b1fc3843-4175-4724-a1a5-46b4e39f3b17|rpc:10.1.0.8:42567|dataStream:|priority:1, b4496ae0-fc73-4297-a03c-903064600ecd|rpc:10.1.0.8:38203|dataStream:|priority:0], old=null
2022-01-10 01:37:23,220 [grpc-default-executor-0] INFO  server.RaftServer$Division (RaftServerImpl.java:requestVote(1046)) - 97efffe8-a0d9-4eb2-b8ba-05ac1adb2a18@group-DB1ADAF67F51: receive requestVote(ELECTION, b1fc3843-4175-4724-a1a5-46b4e39f3b17, group-DB1ADAF67F51, 2, (t:0, i:0))
2022-01-10 01:37:23,220 [grpc-default-executor-0] INFO  impl.VoteContext (VoteContext.java:log(48)) - 97efffe8-a0d9-4eb2-b8ba-05ac1adb2a18@group-DB1ADAF67F51-FOLLOWER: accept ELECTION from b1fc3843-4175-4724-a1a5-46b4e39f3b17: our priority 0 <= candidate's priority 1
2022-01-10 01:37:23,220 [grpc-default-executor-0] INFO  server.RaftServer$Division (RaftServerImpl.java:setRole(290)) - 97efffe8-a0d9-4eb2-b8ba-05ac1adb2a18@group-DB1ADAF67F51: changes role from  FOLLOWER to FOLLOWER at term 2 for candidate:b1fc3843-4175-4724-a1a5-46b4e39f3b17
2022-01-10 01:37:23,220 [grpc-default-executor-0] INFO  impl.RoleInfo (RoleInfo.java:shutdownFollowerState(108)) - 97efffe8-a0d9-4eb2-b8ba-05ac1adb2a18: shutdown 97efffe8-a0d9-4eb2-b8ba-05ac1adb2a18@group-DB1ADAF67F51-FollowerState
2022-01-10 01:37:23,220 [grpc-default-executor-0] INFO  impl.RoleInfo (RoleInfo.java:updateAndGet(130)) - 97efffe8-a0d9-4eb2-b8ba-05ac1adb2a18: start 97efffe8-a0d9-4eb2-b8ba-05ac1adb2a18@group-DB1ADAF67F51-FollowerState
2022-01-10 01:37:23,220 [97efffe8-a0d9-4eb2-b8ba-05ac1adb2a18@group-DB1ADAF67F51-FollowerState] INFO  impl.FollowerState (FollowerState.java:run(143)) - 97efffe8-a0d9-4eb2-b8ba-05ac1adb2a18@group-DB1ADAF67F51-FollowerState was interrupted: {}
java.lang.InterruptedException: sleep interrupted
	at java.lang.Thread.sleep(Native Method)
	at java.lang.Thread.sleep(Thread.java:340)
	at java.util.concurrent.TimeUnit.sleep(TimeUnit.java:386)
	at org.apache.ratis.util.TimeDuration.sleep(TimeDuration.java:324)
	at org.apache.ratis.util.TimeDuration.sleep(TimeDuration.java:309)
	at org.apache.ratis.server.impl.FollowerState.run(FollowerState.java:118)
2022-01-10 01:37:23,229 [grpc-default-executor-0] INFO  server.RaftServer$Division (RaftServerImpl.java:requestVote(1078)) - 97efffe8-a0d9-4eb2-b8ba-05ac1adb2a18@group-DB1ADAF67F51 replies to ELECTION vote request: b1fc3843-4175-4724-a1a5-46b4e39f3b17<-97efffe8-a0d9-4eb2-b8ba-05ac1adb2a18#0:OK-t2. Peer's state: 97efffe8-a0d9-4eb2-b8ba-05ac1adb2a18@group-DB1ADAF67F51:t2, leader=null, voted=b1fc3843-4175-4724-a1a5-46b4e39f3b17, raftlog=97efffe8-a0d9-4eb2-b8ba-05ac1adb2a18@group-DB1ADAF67F51-SegmentedRaftLog:OPENED:c-1, conf=-1: [97efffe8-a0d9-4eb2-b8ba-05ac1adb2a18|rpc:10.1.0.8:41617|priority:0, b1fc3843-4175-4724-a1a5-46b4e39f3b17|rpc:10.1.0.8:42567|priority:1, b4496ae0-fc73-4297-a03c-903064600ecd|rpc:10.1.0.8:38203|priority:0], old=null
2022-01-10 01:37:23,230 [b1fc3843-4175-4724-a1a5-46b4e39f3b17@group-DB1ADAF67F51-LeaderElection32] INFO  impl.LeaderElection (LeaderElection.java:logAndReturn(89)) - b1fc3843-4175-4724-a1a5-46b4e39f3b17@group-DB1ADAF67F51-LeaderElection32: ELECTION PASSED received 1 response(s) and 0 exception(s):
2022-01-10 01:37:23,230 [b1fc3843-4175-4724-a1a5-46b4e39f3b17@group-DB1ADAF67F51-LeaderElection32] INFO  impl.LeaderElection (LeaderElection.java:logAndReturn(93)) -   Response 0: b1fc3843-4175-4724-a1a5-46b4e39f3b17<-97efffe8-a0d9-4eb2-b8ba-05ac1adb2a18#0:OK-t2
2022-01-10 01:37:23,231 [b1fc3843-4175-4724-a1a5-46b4e39f3b17@group-DB1ADAF67F51-LeaderElection32] INFO  impl.LeaderElection (LeaderElection.java:askForVotes(308)) - b1fc3843-4175-4724-a1a5-46b4e39f3b17@group-DB1ADAF67F51-LeaderElection32 ELECTION round 0: result PASSED
2022-01-10 01:37:23,231 [b1fc3843-4175-4724-a1a5-46b4e39f3b17@group-DB1ADAF67F51-LeaderElection32] INFO  impl.RoleInfo (RoleInfo.java:shutdownLeaderElection(121)) - b1fc3843-4175-4724-a1a5-46b4e39f3b17: shutdown b1fc3843-4175-4724-a1a5-46b4e39f3b17@group-DB1ADAF67F51-LeaderElection32
2022-01-10 01:37:23,231 [b1fc3843-4175-4724-a1a5-46b4e39f3b17@group-DB1ADAF67F51-LeaderElection32] INFO  server.RaftServer$Division (RaftServerImpl.java:setRole(290)) - b1fc3843-4175-4724-a1a5-46b4e39f3b17@group-DB1ADAF67F51: changes role from CANDIDATE to LEADER at term 2 for changeToLeader
2022-01-10 01:37:23,231 [b1fc3843-4175-4724-a1a5-46b4e39f3b17@group-DB1ADAF67F51-LeaderElection32] INFO  ratis.XceiverServerRatis (XceiverServerRatis.java:handleLeaderChangedNotification(866)) - Leader change notification received for group: group-DB1ADAF67F51 with new leaderId: b1fc3843-4175-4724-a1a5-46b4e39f3b17
2022-01-10 01:37:23,231 [b1fc3843-4175-4724-a1a5-46b4e39f3b17@group-DB1ADAF67F51-LeaderElection32] INFO  server.RaftServer$Division (ServerState.java:setLeader(285)) - b1fc3843-4175-4724-a1a5-46b4e39f3b17@group-DB1ADAF67F51: change Leader from null to b1fc3843-4175-4724-a1a5-46b4e39f3b17 at term 2 for becomeLeader, leader elected after 10136ms
2022-01-10 01:37:23,231 [b1fc3843-4175-4724-a1a5-46b4e39f3b17@group-DB1ADAF67F51-LeaderElection32] INFO  server.RaftServerConfigKeys (ConfUtils.java:logGet(44)) - raft.server.staging.catchup.gap = 1000 (default)
2022-01-10 01:37:23,231 [b1fc3843-4175-4724-a1a5-46b4e39f3b17@group-DB1ADAF67F51-LeaderElection32] INFO  server.RaftServerConfigKeys (ConfUtils.java:logGet(44)) - raft.server.write.element-limit = 1024 (custom)
2022-01-10 01:37:23,231 [b1fc3843-4175-4724-a1a5-46b4e39f3b17@group-DB1ADAF67F51-LeaderElection32] INFO  server.RaftServerConfigKeys (ConfUtils.java:logGet(44)) - raft.server.write.byte-limit = 1024 M (=1073741824) (custom)
2022-01-10 01:37:23,231 [b1fc3843-4175-4724-a1a5-46b4e39f3b17@group-DB1ADAF67F51-LeaderElection32] INFO  server.RaftServerConfigKeys (ConfUtils.java:logGet(44)) - raft.server.watch.timeout = 180s (custom)
2022-01-10 01:37:23,231 [b1fc3843-4175-4724-a1a5-46b4e39f3b17@group-DB1ADAF67F51-LeaderElection32] INFO  server.RaftServerConfigKeys (ConfUtils.java:logGet(44)) - raft.server.watch.timeout.denomination = 1s (default)
2022-01-10 01:37:23,231 [b1fc3843-4175-4724-a1a5-46b4e39f3b17@group-DB1ADAF67F51-LeaderElection32] INFO  server.RaftServerConfigKeys (ConfUtils.java:logGet(44)) - raft.server.watch.element-limit = 65536 (default)
2022-01-10 01:37:23,231 [b1fc3843-4175-4724-a1a5-46b4e39f3b17@group-DB1ADAF67F51-LeaderElection32] INFO  server.RaftServerConfigKeys (ConfUtils.java:logGet(44)) - raft.server.write.element-limit = 1024 (custom)
2022-01-10 01:37:23,231 [b1fc3843-4175-4724-a1a5-46b4e39f3b17@group-DB1ADAF67F51-LeaderElection32] INFO  server.RaftServerConfigKeys (ConfUtils.java:logGet(44)) - raft.server.write.follower.gap.ratio.max = -1.0 (default)
2022-01-10 01:37:23,232 [b1fc3843-4175-4724-a1a5-46b4e39f3b17@group-DB1ADAF67F51-LeaderElection32] INFO  server.RaftServerConfigKeys (ConfUtils.java:logGet(44)) - raft.server.log.appender.snapshot.chunk.size.max = 16MB (=16777216) (default)
2022-01-10 01:37:23,232 [b1fc3843-4175-4724-a1a5-46b4e39f3b17@group-DB1ADAF67F51-LeaderElection32] INFO  server.RaftServerConfigKeys (ConfUtils.java:logGet(44)) - raft.server.log.appender.buffer.byte-limit = 33554432 (custom)
2022-01-10 01:37:23,232 [b1fc3843-4175-4724-a1a5-46b4e39f3b17@group-DB1ADAF67F51-LeaderElection32] INFO  server.RaftServerConfigKeys (ConfUtils.java:logGet(44)) - raft.server.log.appender.buffer.element-limit = 1 (custom)
2022-01-10 01:37:23,232 [b1fc3843-4175-4724-a1a5-46b4e39f3b17@group-DB1ADAF67F51-LeaderElection32] INFO  grpc.GrpcConfigKeys (ConfUtils.java:logGet(44)) - raft.grpc.server.leader.outstanding.appends.max = 128 (default)
2022-01-10 01:37:23,232 [b1fc3843-4175-4724-a1a5-46b4e39f3b17@group-DB1ADAF67F51-LeaderElection32] INFO  server.RaftServerConfigKeys (ConfUtils.java:logGet(44)) - raft.server.rpc.request.timeout = 60s (custom)
2022-01-10 01:37:23,232 [b1fc3843-4175-4724-a1a5-46b4e39f3b17@group-DB1ADAF67F51-LeaderElection32] INFO  server.RaftServerConfigKeys (ConfUtils.java:logGet(44)) - raft.server.log.appender.install.snapshot.enabled = false (custom)
2022-01-10 01:37:23,232 [b1fc3843-4175-4724-a1a5-46b4e39f3b17@group-DB1ADAF67F51-LeaderElection32] INFO  server.RaftServerConfigKeys (ConfUtils.java:logGet(44)) - raft.server.log.appender.snapshot.chunk.size.max = 16MB (=16777216) (default)
2022-01-10 01:37:23,233 [b1fc3843-4175-4724-a1a5-46b4e39f3b17@group-DB1ADAF67F51-LeaderElection32] INFO  server.RaftServerConfigKeys (ConfUtils.java:logGet(44)) - raft.server.log.appender.buffer.byte-limit = 33554432 (custom)
2022-01-10 01:37:23,233 [b1fc3843-4175-4724-a1a5-46b4e39f3b17@group-DB1ADAF67F51-LeaderElection32] INFO  server.RaftServerConfigKeys (ConfUtils.java:logGet(44)) - raft.server.log.appender.buffer.element-limit = 1 (custom)
2022-01-10 01:37:23,233 [b1fc3843-4175-4724-a1a5-46b4e39f3b17@group-DB1ADAF67F51-LeaderElection32] INFO  grpc.GrpcConfigKeys (ConfUtils.java:logGet(44)) - raft.grpc.server.leader.outstanding.appends.max = 128 (default)
2022-01-10 01:37:23,233 [b1fc3843-4175-4724-a1a5-46b4e39f3b17@group-DB1ADAF67F51-LeaderElection32] INFO  server.RaftServerConfigKeys (ConfUtils.java:logGet(44)) - raft.server.rpc.request.timeout = 60s (custom)
2022-01-10 01:37:23,233 [b1fc3843-4175-4724-a1a5-46b4e39f3b17@group-DB1ADAF67F51-LeaderElection32] INFO  server.RaftServerConfigKeys (ConfUtils.java:logGet(44)) - raft.server.log.appender.install.snapshot.enabled = false (custom)
2022-01-10 01:37:23,233 [b1fc3843-4175-4724-a1a5-46b4e39f3b17@group-DB1ADAF67F51-LeaderElection32] INFO  impl.RoleInfo (RoleInfo.java:updateAndGet(130)) - b1fc3843-4175-4724-a1a5-46b4e39f3b17: start b1fc3843-4175-4724-a1a5-46b4e39f3b17@group-DB1ADAF67F51-LeaderStateImpl
2022-01-10 01:37:23,236 [EventQueue-PipelineReportForPipelineReportHandler] INFO  pipeline.PipelineManagerImpl (PipelineManagerImpl.java:openPipeline(291)) - Pipeline Pipeline[ Id: 43a30b1b-0ab2-402e-877f-db1adaf67f51, Nodes: b1fc3843-4175-4724-a1a5-46b4e39f3b17{ip: 10.1.0.8, host: fv-az297-741.nmf1rxwemy4u5di1sxxf4ejcwb.jx.internal.cloudapp.net, ports: [REPLICATION=37763, RATIS=42567, RATIS_ADMIN=42567, RATIS_SERVER=42567, STANDALONE=46623], networkLocation: /default-rack, certSerialId: null, persistedOpState: IN_SERVICE, persistedOpStateExpiryEpochSec: 0}97efffe8-a0d9-4eb2-b8ba-05ac1adb2a18{ip: 10.1.0.8, host: fv-az297-741.nmf1rxwemy4u5di1sxxf4ejcwb.jx.internal.cloudapp.net, ports: [REPLICATION=40743, RATIS=41617, RATIS_ADMIN=41617, RATIS_SERVER=41617, STANDALONE=35905], networkLocation: /default-rack, certSerialId: null, persistedOpState: IN_SERVICE, persistedOpStateExpiryEpochSec: 0}b4496ae0-fc73-4297-a03c-903064600ecd{ip: 10.1.0.8, host: fv-az297-741.nmf1rxwemy4u5di1sxxf4ejcwb.jx.internal.cloudapp.net, ports: [REPLICATION=42677, RATIS=38203, RATIS_ADMIN=38203, RATIS_SERVER=38203, STANDALONE=39221], networkLocation: /default-rack, certSerialId: null, persistedOpState: IN_SERVICE, persistedOpStateExpiryEpochSec: 0}, ReplicationConfig: RATIS/THREE, State:ALLOCATED, leaderId:b1fc3843-4175-4724-a1a5-46b4e39f3b17, CreationTimestamp2022-01-10T01:37:10.512Z[Etc/UTC]] moved to OPEN state
2022-01-10 01:37:23,239 [b1fc3843-4175-4724-a1a5-46b4e39f3b17@group-DB1ADAF67F51-LeaderElection32] INFO  segmented.SegmentedRaftLogWorker (SegmentedRaftLogWorker.java:startLogSegment(394)) - b1fc3843-4175-4724-a1a5-46b4e39f3b17@group-DB1ADAF67F51-SegmentedRaftLogWorker: Starting segment from index:0
2022-01-10 01:37:23,240 [b1fc3843-4175-4724-a1a5-46b4e39f3b17@group-DB1ADAF67F51-SegmentedRaftLogWorker] INFO  segmented.SegmentedRaftLogWorker (SegmentedRaftLogWorker.java:execute(601)) - b1fc3843-4175-4724-a1a5-46b4e39f3b17@group-DB1ADAF67F51-SegmentedRaftLogWorker: created new log segment /home/runner/work/ozone/ozone/hadoop-ozone/integration-test/target/test-dir/MiniOzoneClusterImpl-68802873-f272-46eb-8a6f-b1572e6a6d36/datanode-1/data/ratis/43a30b1b-0ab2-402e-877f-db1adaf67f51/current/log_inprogress_0
2022-01-10 01:37:23,247 [EventQueue-OpenPipelineForHealthyPipelineSafeModeRule] INFO  safemode.SCMSafeModeManager (HealthyPipelineSafeModeRule.java:process(124)) - SCM in safe mode. Healthy pipelines reported count is 1, required healthy pipeline reported count is 1
2022-01-10 01:37:23,247 [EventQueue-OpenPipelineForHealthyPipelineSafeModeRule] INFO  safemode.SCMSafeModeManager (SCMSafeModeManager.java:validateSafeModeExitRules(204)) - HealthyPipelineSafeModeRule rule is successfully validated
2022-01-10 01:37:23,247 [EventQueue-OpenPipelineForHealthyPipelineSafeModeRule] INFO  safemode.SCMSafeModeManager (SCMSafeModeManager.java:validateSafeModeExitRules(219)) - ScmSafeModeManager, all rules are successfully validated
2022-01-10 01:37:23,247 [EventQueue-OpenPipelineForHealthyPipelineSafeModeRule] INFO  safemode.SCMSafeModeManager (SCMSafeModeManager.java:exitSafeMode(248)) - SCM exiting safe mode.
2022-01-10 01:37:23,247 [EventQueue-OpenPipelineForHealthyPipelineSafeModeRule] WARN  events.EventQueue (EventQueue.java:fireEvent(194)) - No event handler registered for event TypedEvent{payloadType=SafeModeStatus, name='Safe mode status'}
2022-01-10 01:37:23,247 [EventQueue-OpenPipelineForHealthyPipelineSafeModeRule] INFO  ha.SCMContext (SCMContext.java:updateSafeModeStatus(211)) - Update SafeModeStatus from SafeModeStatus{safeModeStatus=true, preCheckPassed=true} to SafeModeStatus{safeModeStatus=false, preCheckPassed=true}.
2022-01-10 01:37:23,247 [EventQueue-OpenPipelineForHealthyPipelineSafeModeRule] INFO  pipeline.BackgroundPipelineCreator (BackgroundPipelineCreator.java:notifyStatusChanged(264)) - Service BackgroundPipelineCreator transitions to RUNNING.
2022-01-10 01:37:23,247 [EventQueue-OpenPipelineForHealthyPipelineSafeModeRule] INFO  container.ReplicationManager (ReplicationManager.java:notifyStatusChanged(1758)) - Service ReplicationManager transitions to RUNNING.
2022-01-10 01:37:23,254 [grpc-default-executor-0] INFO  server.RaftServer$Division (RaftServerImpl.java:requestVote(1046)) - b4496ae0-fc73-4297-a03c-903064600ecd@group-DB1ADAF67F51: receive requestVote(ELECTION, b1fc3843-4175-4724-a1a5-46b4e39f3b17, group-DB1ADAF67F51, 2, (t:0, i:0))
2022-01-10 01:37:23,255 [grpc-default-executor-0] INFO  impl.VoteContext (VoteContext.java:log(48)) - b4496ae0-fc73-4297-a03c-903064600ecd@group-DB1ADAF67F51-FOLLOWER: accept ELECTION from b1fc3843-4175-4724-a1a5-46b4e39f3b17: our priority 0 <= candidate's priority 1
2022-01-10 01:37:23,255 [grpc-default-executor-0] INFO  server.RaftServer$Division (RaftServerImpl.java:setRole(290)) - b4496ae0-fc73-4297-a03c-903064600ecd@group-DB1ADAF67F51: changes role from  FOLLOWER to FOLLOWER at term 2 for candidate:b1fc3843-4175-4724-a1a5-46b4e39f3b17
2022-01-10 01:37:23,255 [grpc-default-executor-0] INFO  impl.RoleInfo (RoleInfo.java:shutdownFollowerState(108)) - b4496ae0-fc73-4297-a03c-903064600ecd: shutdown b4496ae0-fc73-4297-a03c-903064600ecd@group-DB1ADAF67F51-FollowerState
2022-01-10 01:37:23,255 [grpc-default-executor-0] INFO  impl.RoleInfo (RoleInfo.java:updateAndGet(130)) - b4496ae0-fc73-4297-a03c-903064600ecd: start b4496ae0-fc73-4297-a03c-903064600ecd@group-DB1ADAF67F51-FollowerState
2022-01-10 01:37:23,255 [b4496ae0-fc73-4297-a03c-903064600ecd@group-DB1ADAF67F51-FollowerState] INFO  impl.FollowerState (FollowerState.java:run(143)) - b4496ae0-fc73-4297-a03c-903064600ecd@group-DB1ADAF67F51-FollowerState was interrupted: {}
java.lang.InterruptedException: sleep interrupted
	at java.lang.Thread.sleep(Native Method)
	at java.lang.Thread.sleep(Thread.java:340)
	at java.util.concurrent.TimeUnit.sleep(TimeUnit.java:386)
	at org.apache.ratis.util.TimeDuration.sleep(TimeDuration.java:324)
	at org.apache.ratis.util.TimeDuration.sleep(TimeDuration.java:309)
	at org.apache.ratis.server.impl.FollowerState.run(FollowerState.java:118)
2022-01-10 01:37:23,257 [grpc-default-executor-0] INFO  server.RaftServer$Division (RaftServerImpl.java:requestVote(1078)) - b4496ae0-fc73-4297-a03c-903064600ecd@group-DB1ADAF67F51 replies to ELECTION vote request: b1fc3843-4175-4724-a1a5-46b4e39f3b17<-b4496ae0-fc73-4297-a03c-903064600ecd#0:OK-t2. Peer's state: b4496ae0-fc73-4297-a03c-903064600ecd@group-DB1ADAF67F51:t2, leader=null, voted=b1fc3843-4175-4724-a1a5-46b4e39f3b17, raftlog=b4496ae0-fc73-4297-a03c-903064600ecd@group-DB1ADAF67F51-SegmentedRaftLog:OPENED:c-1, conf=-1: [97efffe8-a0d9-4eb2-b8ba-05ac1adb2a18|rpc:10.1.0.8:41617|dataStream:|priority:0, b1fc3843-4175-4724-a1a5-46b4e39f3b17|rpc:10.1.0.8:42567|dataStream:|priority:1, b4496ae0-fc73-4297-a03c-903064600ecd|rpc:10.1.0.8:38203|dataStream:|priority:0], old=null
2022-01-10 01:37:23,266 [b1fc3843-4175-4724-a1a5-46b4e39f3b17@group-DB1ADAF67F51-LeaderElection32] INFO  server.RaftServer$Division (ServerState.java:setRaftConf(387)) - b1fc3843-4175-4724-a1a5-46b4e39f3b17@group-DB1ADAF67F51: set configuration 0: [97efffe8-a0d9-4eb2-b8ba-05ac1adb2a18|rpc:10.1.0.8:41617|dataStream:|priority:0, b1fc3843-4175-4724-a1a5-46b4e39f3b17|rpc:10.1.0.8:42567|dataStream:|priority:1, b4496ae0-fc73-4297-a03c-903064600ecd|rpc:10.1.0.8:38203|dataStream:|priority:0], old=null
2022-01-10 01:37:23,309 [grpc-default-executor-1] INFO  ratis.XceiverServerRatis (XceiverServerRatis.java:handleLeaderChangedNotification(866)) - Leader change notification received for group: group-DB1ADAF67F51 with new leaderId: b1fc3843-4175-4724-a1a5-46b4e39f3b17
2022-01-10 01:37:23,339 [grpc-default-executor-1] INFO  server.RaftServer$Division (ServerState.java:setLeader(285)) - 97efffe8-a0d9-4eb2-b8ba-05ac1adb2a18@group-DB1ADAF67F51: change Leader from null to b1fc3843-4175-4724-a1a5-46b4e39f3b17 at term 2 for appendEntries, leader elected after 10400ms
2022-01-10 01:37:23,339 [grpc-default-executor-0] INFO  ratis.XceiverServerRatis (XceiverServerRatis.java:handleLeaderChangedNotification(866)) - Leader change notification received for group: group-DB1ADAF67F51 with new leaderId: b1fc3843-4175-4724-a1a5-46b4e39f3b17
2022-01-10 01:37:23,340 [grpc-default-executor-0] INFO  server.RaftServer$Division (ServerState.java:setLeader(285)) - b4496ae0-fc73-4297-a03c-903064600ecd@group-DB1ADAF67F51: change Leader from null to b1fc3843-4175-4724-a1a5-46b4e39f3b17 at term 2 for appendEntries, leader elected after 10078ms
2022-01-10 01:37:23,386 [grpc-default-executor-1] INFO  server.RaftServer$Division (ServerState.java:setRaftConf(387)) - 97efffe8-a0d9-4eb2-b8ba-05ac1adb2a18@group-DB1ADAF67F51: set configuration 0: [97efffe8-a0d9-4eb2-b8ba-05ac1adb2a18|rpc:10.1.0.8:41617|dataStream:|priority:0, b1fc3843-4175-4724-a1a5-46b4e39f3b17|rpc:10.1.0.8:42567|dataStream:|priority:1, b4496ae0-fc73-4297-a03c-903064600ecd|rpc:10.1.0.8:38203|dataStream:|priority:0], old=null
2022-01-10 01:37:23,386 [grpc-default-executor-1] INFO  segmented.SegmentedRaftLogWorker (SegmentedRaftLogWorker.java:startLogSegment(394)) - 97efffe8-a0d9-4eb2-b8ba-05ac1adb2a18@group-DB1ADAF67F51-SegmentedRaftLogWorker: Starting segment from index:0
2022-01-10 01:37:23,390 [grpc-default-executor-0] INFO  server.RaftServer$Division (ServerState.java:setRaftConf(387)) - b4496ae0-fc73-4297-a03c-903064600ecd@group-DB1ADAF67F51: set configuration 0: [97efffe8-a0d9-4eb2-b8ba-05ac1adb2a18|rpc:10.1.0.8:41617|dataStream:|priority:0, b1fc3843-4175-4724-a1a5-46b4e39f3b17|rpc:10.1.0.8:42567|dataStream:|priority:1, b4496ae0-fc73-4297-a03c-903064600ecd|rpc:10.1.0.8:38203|dataStream:|priority:0], old=null
2022-01-10 01:37:23,390 [grpc-default-executor-0] INFO  segmented.SegmentedRaftLogWorker (SegmentedRaftLogWorker.java:startLogSegment(394)) - b4496ae0-fc73-4297-a03c-903064600ecd@group-DB1ADAF67F51-SegmentedRaftLogWorker: Starting segment from index:0
2022-01-10 01:37:23,390 [97efffe8-a0d9-4eb2-b8ba-05ac1adb2a18@group-DB1ADAF67F51-SegmentedRaftLogWorker] INFO  segmented.SegmentedRaftLogWorker (SegmentedRaftLogWorker.java:execute(601)) - 97efffe8-a0d9-4eb2-b8ba-05ac1adb2a18@group-DB1ADAF67F51-SegmentedRaftLogWorker: created new log segment /home/runner/work/ozone/ozone/hadoop-ozone/integration-test/target/test-dir/MiniOzoneClusterImpl-68802873-f272-46eb-8a6f-b1572e6a6d36/datanode-0/data/ratis/43a30b1b-0ab2-402e-877f-db1adaf67f51/current/log_inprogress_0
2022-01-10 01:37:23,391 [b4496ae0-fc73-4297-a03c-903064600ecd@group-DB1ADAF67F51-SegmentedRaftLogWorker] INFO  segmented.SegmentedRaftLogWorker (SegmentedRaftLogWorker.java:execute(601)) - b4496ae0-fc73-4297-a03c-903064600ecd@group-DB1ADAF67F51-SegmentedRaftLogWorker: created new log segment /home/runner/work/ozone/ozone/hadoop-ozone/integration-test/target/test-dir/MiniOzoneClusterImpl-68802873-f272-46eb-8a6f-b1572e6a6d36/datanode-2/data/ratis/43a30b1b-0ab2-402e-877f-db1adaf67f51/current/log_inprogress_0
2022-01-10 01:37:23,489 [Listener at 127.0.0.1/39943] INFO  ozone.MiniOzoneClusterImpl (MiniOzoneClusterImpl.java:lambda$waitForClusterToBeReady$0(235)) - Nodes are ready. Got 3 of 3 DN Heartbeats.
2022-01-10 01:37:23,490 [Listener at 127.0.0.1/39943] INFO  ozone.MiniOzoneClusterImpl (MiniOzoneClusterImpl.java:lambda$waitForClusterToBeReady$0(238)) - Cluster exits safe mode
2022-01-10 01:37:23,490 [Listener at 127.0.0.1/39943] INFO  ozone.MiniOzoneClusterImpl (MiniOzoneClusterImpl.java:lambda$waitForClusterToBeReady$0(240)) - SCM became leader
2022-01-10 01:37:23,514 [Listener at 127.0.0.1/39943] INFO  rpc.RpcClient (RpcClient.java:createVolume(389)) - Creating Volume: volume46406, with user37971 as owner and space quota set to -1 bytes, counts quota set to -1
2022-01-10 01:37:23,519 [IPC Server handler 1 on default port 39943] INFO  volume.OMVolumeCreateRequest (OMVolumeCreateRequest.java:validateAndUpdateCache(195)) - created volume:volume46406 for user:user37971
2022-01-10 01:37:23,550 [Listener at 127.0.0.1/39943] INFO  rpc.RpcClient (RpcClient.java:createBucket(552)) - Creating Bucket: volume46406/bucket66272, with runner as owner and Versioning false and Storage Type set to DISK and Encryption set to false 
2022-01-10 01:37:23,573 [b4496ae0-fc73-4297-a03c-903064600ecd@group-EF2998936A88-FollowerState] INFO  impl.FollowerState (FollowerState.java:run(134)) - b4496ae0-fc73-4297-a03c-903064600ecd@group-EF2998936A88-FollowerState: change to CANDIDATE, lastRpcElapsedTime:5103920477ns, electionTimeout:5086ms
2022-01-10 01:37:23,574 [b4496ae0-fc73-4297-a03c-903064600ecd@group-EF2998936A88-FollowerState] INFO  impl.RoleInfo (RoleInfo.java:shutdownFollowerState(108)) - b4496ae0-fc73-4297-a03c-903064600ecd: shutdown b4496ae0-fc73-4297-a03c-903064600ecd@group-EF2998936A88-FollowerState
2022-01-10 01:37:23,574 [b4496ae0-fc73-4297-a03c-903064600ecd@group-EF2998936A88-FollowerState] INFO  server.RaftServer$Division (RaftServerImpl.java:setRole(290)) - b4496ae0-fc73-4297-a03c-903064600ecd@group-EF2998936A88: changes role from  FOLLOWER to CANDIDATE at term 1 for changeToCandidate
2022-01-10 01:37:23,574 [b4496ae0-fc73-4297-a03c-903064600ecd@group-EF2998936A88-FollowerState] INFO  server.RaftServerConfigKeys (ConfUtils.java:logGet(44)) - raft.server.leaderelection.pre-vote = false (custom)
2022-01-10 01:37:23,574 [b4496ae0-fc73-4297-a03c-903064600ecd@group-EF2998936A88-FollowerState] INFO  impl.RoleInfo (RoleInfo.java:updateAndGet(130)) - b4496ae0-fc73-4297-a03c-903064600ecd: start b4496ae0-fc73-4297-a03c-903064600ecd@group-EF2998936A88-LeaderElection33
2022-01-10 01:37:23,610 [97efffe8-a0d9-4eb2-b8ba-05ac1adb2a18@group-EF2998936A88-FollowerState] INFO  impl.FollowerState (FollowerState.java:run(134)) - 97efffe8-a0d9-4eb2-b8ba-05ac1adb2a18@group-EF2998936A88-FollowerState: change to CANDIDATE, lastRpcElapsedTime:5175670817ns, electionTimeout:5149ms
2022-01-10 01:37:23,610 [97efffe8-a0d9-4eb2-b8ba-05ac1adb2a18@group-EF2998936A88-FollowerState] INFO  impl.RoleInfo (RoleInfo.java:shutdownFollowerState(108)) - 97efffe8-a0d9-4eb2-b8ba-05ac1adb2a18: shutdown 97efffe8-a0d9-4eb2-b8ba-05ac1adb2a18@group-EF2998936A88-FollowerState
2022-01-10 01:37:23,610 [97efffe8-a0d9-4eb2-b8ba-05ac1adb2a18@group-EF2998936A88-FollowerState] INFO  server.RaftServer$Division (RaftServerImpl.java:setRole(290)) - 97efffe8-a0d9-4eb2-b8ba-05ac1adb2a18@group-EF2998936A88: changes role from  FOLLOWER to CANDIDATE at term 1 for changeToCandidate
2022-01-10 01:37:23,610 [97efffe8-a0d9-4eb2-b8ba-05ac1adb2a18@group-EF2998936A88-FollowerState] INFO  server.RaftServerConfigKeys (ConfUtils.java:logGet(44)) - raft.server.leaderelection.pre-vote = false (custom)
2022-01-10 01:37:23,610 [97efffe8-a0d9-4eb2-b8ba-05ac1adb2a18@group-EF2998936A88-FollowerState] INFO  impl.RoleInfo (RoleInfo.java:updateAndGet(130)) - 97efffe8-a0d9-4eb2-b8ba-05ac1adb2a18: start 97efffe8-a0d9-4eb2-b8ba-05ac1adb2a18@group-EF2998936A88-LeaderElection34
2022-01-10 01:37:23,614 [b4496ae0-fc73-4297-a03c-903064600ecd@group-EF2998936A88-LeaderElection33] INFO  impl.LeaderElection (LeaderElection.java:askForVotes(306)) - b4496ae0-fc73-4297-a03c-903064600ecd@group-EF2998936A88-LeaderElection33 ELECTION round 0: submit vote requests at term 2 for -1: [97efffe8-a0d9-4eb2-b8ba-05ac1adb2a18|rpc:10.1.0.8:41617|dataStream:|priority:1, b1fc3843-4175-4724-a1a5-46b4e39f3b17|rpc:10.1.0.8:42567|dataStream:|priority:0, b4496ae0-fc73-4297-a03c-903064600ecd|rpc:10.1.0.8:38203|dataStream:|priority:0], old=null
2022-01-10 01:37:23,642 [b1fc3843-4175-4724-a1a5-46b4e39f3b17@group-EF2998936A88-FollowerState] INFO  impl.FollowerState (FollowerState.java:run(134)) - b1fc3843-4175-4724-a1a5-46b4e39f3b17@group-EF2998936A88-FollowerState: change to CANDIDATE, lastRpcElapsedTime:5182872692ns, electionTimeout:5167ms
2022-01-10 01:37:23,642 [b1fc3843-4175-4724-a1a5-46b4e39f3b17@group-EF2998936A88-FollowerState] INFO  impl.RoleInfo (RoleInfo.java:shutdownFollowerState(108)) - b1fc3843-4175-4724-a1a5-46b4e39f3b17: shutdown b1fc3843-4175-4724-a1a5-46b4e39f3b17@group-EF2998936A88-FollowerState
2022-01-10 01:37:23,642 [b1fc3843-4175-4724-a1a5-46b4e39f3b17@group-EF2998936A88-FollowerState] INFO  server.RaftServer$Division (RaftServerImpl.java:setRole(290)) - b1fc3843-4175-4724-a1a5-46b4e39f3b17@group-EF2998936A88: changes role from  FOLLOWER to CANDIDATE at term 1 for changeToCandidate
]]></system-out>
  </testcase>
  <testcase name="testRenameFile[2]" classname="org.apache.hadoop.fs.ozone.TestRootedOzoneFileSystem" time="0.155"/>
  <testcase name="testListStatusRootAndVolumeRecursive[2]" classname="org.apache.hadoop.fs.ozone.TestRootedOzoneFileSystem" time="0.812"/>
  <testcase name="testTempMount[2]" classname="org.apache.hadoop.fs.ozone.TestRootedOzoneFileSystem" time="0.224"/>
  <testcase name="testListStatusRootAndVolumeNonRecursive[2]" classname="org.apache.hadoop.fs.ozone.TestRootedOzoneFileSystem" time="0.346"/>
  <testcase name="testDeleteVolumeAndBucket[2]" classname="org.apache.hadoop.fs.ozone.TestRootedOzoneFileSystem" time="0.046"/>
  <testcase name="testRenameDirToItsOwnSubDir[2]" classname="org.apache.hadoop.fs.ozone.TestRootedOzoneFileSystem" time="0.016"/>
  <testcase name="testOzoneFsServiceLoader[2]" classname="org.apache.hadoop.fs.ozone.TestRootedOzoneFileSystem" time="0.067"/>
  <testcase name="testTrash[2]" classname="org.apache.hadoop.fs.ozone.TestRootedOzoneFileSystem" time="0">
    <skipped/>
  </testcase>
  <testcase name="testRenameDestinationParentDoesntExist[2]" classname="org.apache.hadoop.fs.ozone.TestRootedOzoneFileSystem" time="0.059"/>
  <testcase name="testGetFileStatusRoot[2]" classname="org.apache.hadoop.fs.ozone.TestRootedOzoneFileSystem" time="0.029"/>
  <testcase name="testCreateWithInvalidPaths[2]" classname="org.apache.hadoop.fs.ozone.TestRootedOzoneFileSystem" time="0.013"/>
  <testcase name="testDeleteEmptyVolume[2]" classname="org.apache.hadoop.fs.ozone.TestRootedOzoneFileSystem" time="0.025"/>
  <testcase name="testListStatusRootAndVolumeContinuation[2]" classname="org.apache.hadoop.fs.ozone.TestRootedOzoneFileSystem" time="0">
    <skipped message="FS Path is enabled. Skipping this test as it is not tuned for FS Path yet" type="org.junit.AssumptionViolatedException">org.junit.AssumptionViolatedException: FS Path is enabled. Skipping this test as it is not tuned for FS Path yet
	at org.junit.Assume.assumeTrue(Assume.java:68)
	at org.apache.hadoop.fs.ozone.TestRootedOzoneFileSystem.testListStatusRootAndVolumeContinuation(TestRootedOzoneFileSystem.java:887)
	at sun.reflect.NativeMethodAccessorImpl.invoke0(Native Method)
	at sun.reflect.NativeMethodAccessorImpl.invoke(NativeMethodAccessorImpl.java:62)
	at sun.reflect.DelegatingMethodAccessorImpl.invoke(DelegatingMethodAccessorImpl.java:43)
	at java.lang.reflect.Method.invoke(Method.java:498)
	at org.junit.runners.model.FrameworkMethod$1.runReflectiveCall(FrameworkMethod.java:59)
	at org.junit.internal.runners.model.ReflectiveCallable.run(ReflectiveCallable.java:12)
	at org.junit.runners.model.FrameworkMethod.invokeExplosively(FrameworkMethod.java:56)
	at org.junit.internal.runners.statements.InvokeMethod.evaluate(InvokeMethod.java:17)
	at org.junit.internal.runners.statements.FailOnTimeout$CallableStatement.call(FailOnTimeout.java:288)
	at org.junit.internal.runners.statements.FailOnTimeout$CallableStatement.call(FailOnTimeout.java:282)
	at java.util.concurrent.FutureTask.run(FutureTask.java:266)
	at java.lang.Thread.run(Thread.java:748)
</skipped>
  </testcase>
  <testcase name="testDeleteVolumeBucketAndKey[2]" classname="org.apache.hadoop.fs.ozone.TestRootedOzoneFileSystem" time="0.091"/>
  <testcase name="testRenameToParentDir[2]" classname="org.apache.hadoop.fs.ozone.TestRootedOzoneFileSystem" time="0.068"/>
  <testcase name="testMkdirNonExistentVolumeBucket[2]" classname="org.apache.hadoop.fs.ozone.TestRootedOzoneFileSystem" time="0.032"/>
  <testcase name="testFailToDeleteRoot[2]" classname="org.apache.hadoop.fs.ozone.TestRootedOzoneFileSystem" time="0.011"/>
  <testcase name="testListStatusOnSubDirs[2]" classname="org.apache.hadoop.fs.ozone.TestRootedOzoneFileSystem" time="0.057"/>
  <testcase name="testListStatus[2]" classname="org.apache.hadoop.fs.ozone.TestRootedOzoneFileSystem" time="0.026"/>
  <testcase name="testGetTrashRoots[2]" classname="org.apache.hadoop.fs.ozone.TestRootedOzoneFileSystem" time="0.581"/>
  <testcase name="testCreateDoesNotAddParentDirKeys[2]" classname="org.apache.hadoop.fs.ozone.TestRootedOzoneFileSystem" time="0.104"/>
  <testcase name="testMkdirNonExistentVolume[2]" classname="org.apache.hadoop.fs.ozone.TestRootedOzoneFileSystem" time="0.012"/>
  <testcase name="testDeleteCreatesFakeParentDir[2]" classname="org.apache.hadoop.fs.ozone.TestRootedOzoneFileSystem" time="0">
    <skipped message="FS Path is enabled. Skipping this test as it is not tuned for FS Path yet" type="org.junit.AssumptionViolatedException">org.junit.AssumptionViolatedException: FS Path is enabled. Skipping this test as it is not tuned for FS Path yet
	at org.junit.Assume.assumeTrue(Assume.java:68)
	at org.apache.hadoop.fs.ozone.TestRootedOzoneFileSystem.testDeleteCreatesFakeParentDir(TestRootedOzoneFileSystem.java:302)
	at sun.reflect.NativeMethodAccessorImpl.invoke0(Native Method)
	at sun.reflect.NativeMethodAccessorImpl.invoke(NativeMethodAccessorImpl.java:62)
	at sun.reflect.DelegatingMethodAccessorImpl.invoke(DelegatingMethodAccessorImpl.java:43)
	at java.lang.reflect.Method.invoke(Method.java:498)
	at org.junit.runners.model.FrameworkMethod$1.runReflectiveCall(FrameworkMethod.java:59)
	at org.junit.internal.runners.model.ReflectiveCallable.run(ReflectiveCallable.java:12)
	at org.junit.runners.model.FrameworkMethod.invokeExplosively(FrameworkMethod.java:56)
	at org.junit.internal.runners.statements.InvokeMethod.evaluate(InvokeMethod.java:17)
	at org.junit.internal.runners.statements.FailOnTimeout$CallableStatement.call(FailOnTimeout.java:288)
	at org.junit.internal.runners.statements.FailOnTimeout$CallableStatement.call(FailOnTimeout.java:282)
	at java.util.concurrent.FutureTask.run(FutureTask.java:266)
	at java.lang.Thread.run(Thread.java:748)
</skipped>
  </testcase>
  <testcase name="testNonExplicitlyCreatedPathExistsAfterItsLeafsWereRemoved[2]" classname="org.apache.hadoop.fs.ozone.TestRootedOzoneFileSystem" time="0.033"/>
  <testcase name="testFileDelete[2]" classname="org.apache.hadoop.fs.ozone.TestRootedOzoneFileSystem" time="0.104"/>
  <testcase name="testRenameToTrashEnabled[2]" classname="org.apache.hadoop.fs.ozone.TestRootedOzoneFileSystem" time="0.221"/>
  <testcase name="testMkdirOnNonExistentVolumeBucketDir[2]" classname="org.apache.hadoop.fs.ozone.TestRootedOzoneFileSystem" time="0">
    <skipped message="FS Path is enabled. Skipping this test as it is not tuned for FS Path yet" type="org.junit.AssumptionViolatedException">org.junit.AssumptionViolatedException: FS Path is enabled. Skipping this test as it is not tuned for FS Path yet
	at org.junit.Assume.assumeTrue(Assume.java:68)
	at org.apache.hadoop.fs.ozone.TestRootedOzoneFileSystem.testMkdirOnNonExistentVolumeBucketDir(TestRootedOzoneFileSystem.java:405)
	at sun.reflect.NativeMethodAccessorImpl.invoke0(Native Method)
	at sun.reflect.NativeMethodAccessorImpl.invoke(NativeMethodAccessorImpl.java:62)
	at sun.reflect.DelegatingMethodAccessorImpl.invoke(DelegatingMethodAccessorImpl.java:43)
	at java.lang.reflect.Method.invoke(Method.java:498)
	at org.junit.runners.model.FrameworkMethod$1.runReflectiveCall(FrameworkMethod.java:59)
	at org.junit.internal.runners.model.ReflectiveCallable.run(ReflectiveCallable.java:12)
	at org.junit.runners.model.FrameworkMethod.invokeExplosively(FrameworkMethod.java:56)
	at org.junit.internal.runners.statements.InvokeMethod.evaluate(InvokeMethod.java:17)
	at org.junit.internal.runners.statements.FailOnTimeout$CallableStatement.call(FailOnTimeout.java:288)
	at org.junit.internal.runners.statements.FailOnTimeout$CallableStatement.call(FailOnTimeout.java:282)
	at java.util.concurrent.FutureTask.run(FutureTask.java:266)
	at java.lang.Thread.run(Thread.java:748)
</skipped>
  </testcase>
  <testcase name="testListStatusOnLargeDirectory[2]" classname="org.apache.hadoop.fs.ozone.TestRootedOzoneFileSystem" time="8.583"/>
  <testcase name="testRenameToDifferentBucket[2]" classname="org.apache.hadoop.fs.ozone.TestRootedOzoneFileSystem" time="0.056"/>
  <testcase name="testListStatusInBucket[2]" classname="org.apache.hadoop.fs.ozone.TestRootedOzoneFileSystem" time="0.023"/>
  <testcase name="testRenameFileToDir[2]" classname="org.apache.hadoop.fs.ozone.TestRootedOzoneFileSystem" time="0.023"/>
  <testcase name="testNonPrivilegedUserMkdirCreateBucket[3]" classname="org.apache.hadoop.fs.ozone.TestRootedOzoneFileSystem" time="0">
    <skipped message="ACL is not enabled. Skipping this test as it requires ACL to be enabled to be meaningful." type="org.junit.AssumptionViolatedException">org.junit.AssumptionViolatedException: ACL is not enabled. Skipping this test as it requires ACL to be enabled to be meaningful.
	at org.junit.Assume.assumeTrue(Assume.java:68)
	at org.apache.hadoop.fs.ozone.TestRootedOzoneFileSystem.testNonPrivilegedUserMkdirCreateBucket(TestRootedOzoneFileSystem.java:1582)
	at sun.reflect.NativeMethodAccessorImpl.invoke0(Native Method)
	at sun.reflect.NativeMethodAccessorImpl.invoke(NativeMethodAccessorImpl.java:62)
	at sun.reflect.DelegatingMethodAccessorImpl.invoke(DelegatingMethodAccessorImpl.java:43)
	at java.lang.reflect.Method.invoke(Method.java:498)
	at org.junit.runners.model.FrameworkMethod$1.runReflectiveCall(FrameworkMethod.java:59)
	at org.junit.internal.runners.model.ReflectiveCallable.run(ReflectiveCallable.java:12)
	at org.junit.runners.model.FrameworkMethod.invokeExplosively(FrameworkMethod.java:56)
	at org.junit.internal.runners.statements.InvokeMethod.evaluate(InvokeMethod.java:17)
	at org.junit.internal.runners.statements.FailOnTimeout$CallableStatement.call(FailOnTimeout.java:288)
	at org.junit.internal.runners.statements.FailOnTimeout$CallableStatement.call(FailOnTimeout.java:282)
	at java.util.concurrent.FutureTask.run(FutureTask.java:266)
	at java.lang.Thread.run(Thread.java:748)
</skipped>
    <system-out><![CDATA[2022-01-10 01:37:35,587 [Listener at 127.0.0.1/39943] INFO  ozone.MiniOzoneClusterImpl (MiniOzoneClusterImpl.java:shutdown(453)) - Shutting down the Mini Ozone Cluster
2022-01-10 01:37:35,589 [Listener at 127.0.0.1/39943] INFO  ozone.MiniOzoneClusterImpl (MiniOzoneClusterImpl.java:stop(468)) - Stopping the Mini Ozone Cluster
2022-01-10 01:37:35,589 [Listener at 127.0.0.1/39943] INFO  ozone.MiniOzoneClusterImpl (MiniOzoneClusterImpl.java:stopOM(550)) - Stopping the OzoneManager
2022-01-10 01:37:35,589 [Listener at 127.0.0.1/39943] INFO  om.OzoneManager (OzoneManager.java:stop(1893)) - om1[localhost:0]: Stopping Ozone Manager
2022-01-10 01:37:35,589 [Listener at 127.0.0.1/39943] INFO  ipc.Server (Server.java:stop(3414)) - Stopping server on 39943
2022-01-10 01:37:35,598 [IPC Server listener on 0] INFO  ipc.Server (Server.java:run(1376)) - Stopping IPC Server listener on 0
2022-01-10 01:37:35,610 [IPC Server Responder] INFO  ipc.Server (Server.java:run(1512)) - Stopping IPC Server Responder
2022-01-10 01:37:35,610 [Listener at 127.0.0.1/39943] INFO  ratis.OzoneManagerDoubleBuffer (OzoneManagerDoubleBuffer.java:stop(437)) - Stopping OMDoubleBuffer flush thread
2022-01-10 01:37:35,610 [OMDoubleBufferFlushThread] INFO  ratis.OzoneManagerDoubleBuffer (OzoneManagerDoubleBuffer.java:flushTransactions(356)) - OMDoubleBuffer flush thread OMDoubleBufferFlushThread is interrupted and will exit. OMDoubleBufferFlushThread
2022-01-10 01:37:35,610 [Listener at 127.0.0.1/39943] INFO  utils.BackgroundService (BackgroundService.java:shutdown(132)) - Shutting down service KeyDeletingService
2022-01-10 01:37:35,610 [Listener at 127.0.0.1/39943] INFO  utils.BackgroundService (BackgroundService.java:shutdown(132)) - Shutting down service DirectoryDeletingService
2022-01-10 01:37:35,611 [Listener at 127.0.0.1/39943] INFO  handler.ContextHandler (ContextHandler.java:doStop(1153)) - Stopped o.e.j.w.WebAppContext@49b99{ozoneManager,/,null,STOPPED}{file:/home/runner/work/ozone/ozone/hadoop-ozone/integration-test/target/test-classes/webapps/ozoneManager}
2022-01-10 01:37:35,612 [Listener at 127.0.0.1/39943] INFO  server.AbstractConnector (AbstractConnector.java:doStop(381)) - Stopped ServerConnector@5d6c5267{HTTP/1.1, (http/1.1)}{0.0.0.0:0}
2022-01-10 01:37:35,612 [Listener at 127.0.0.1/39943] INFO  server.session (HouseKeeper.java:stopScavenging(149)) - node0 Stopped scavenging
2022-01-10 01:37:35,612 [Listener at 127.0.0.1/39943] INFO  handler.ContextHandler (ContextHandler.java:doStop(1153)) - Stopped o.e.j.s.ServletContextHandler@2c6d4872{static,/static,file:///home/runner/work/ozone/ozone/hadoop-ozone/integration-test/target/test-classes/webapps/static,STOPPED}
2022-01-10 01:37:35,612 [Listener at 127.0.0.1/39943] INFO  handler.ContextHandler (ContextHandler.java:doStop(1153)) - Stopped o.e.j.s.ServletContextHandler@2c542a2a{logs,/logs,file:///home/runner/work/ozone/ozone/hadoop-ozone/integration-test/target/log,STOPPED}
2022-01-10 01:37:35,614 [Trash Emptier] ERROR util.ExitUtils (ExitUtils.java:terminate(133)) - Terminating with exit status -1: Thread[Trash Emptier,5,main] has thrown an uncaught exception
java.lang.UnsupportedOperationException: fs.getUri() not implemented in TrashOzoneFileSystem
	at org.apache.hadoop.ozone.om.TrashOzoneFileSystem.getUri(TrashOzoneFileSystem.java:124)
	at org.apache.hadoop.fs.FileSystem.close(FileSystem.java:2592)
	at org.apache.hadoop.ozone.om.TrashPolicyOzone$Emptier.run(TrashPolicyOzone.java:243)
	at java.lang.Thread.run(Thread.java:748)
2022-01-10 01:37:35,618 [Listener at 127.0.0.1/39943] INFO  ozone.MiniOzoneClusterImpl (MiniOzoneClusterImpl.java:stopDatanodes(527)) - Stopping the HddsDatanodes
2022-01-10 01:37:39,426 [97efffe8-a0d9-4eb2-b8ba-05ac1adb2a18@group-EF2998936A88-FollowerState] INFO  impl.FollowerState (FollowerState.java:run(134)) - 97efffe8-a0d9-4eb2-b8ba-05ac1adb2a18@group-EF2998936A88-FollowerState: change to CANDIDATE, lastRpcElapsedTime:5091782363ns, electionTimeout:5029ms
2022-01-10 01:37:39,426 [97efffe8-a0d9-4eb2-b8ba-05ac1adb2a18@group-EF2998936A88-FollowerState] INFO  impl.RoleInfo (RoleInfo.java:shutdownFollowerState(108)) - 97efffe8-a0d9-4eb2-b8ba-05ac1adb2a18: shutdown 97efffe8-a0d9-4eb2-b8ba-05ac1adb2a18@group-EF2998936A88-FollowerState
2022-01-10 01:37:39,426 [97efffe8-a0d9-4eb2-b8ba-05ac1adb2a18@group-EF2998936A88-FollowerState] INFO  server.RaftServer$Division (RaftServerImpl.java:setRole(290)) - 97efffe8-a0d9-4eb2-b8ba-05ac1adb2a18@group-EF2998936A88: changes role from  FOLLOWER to CANDIDATE at term 4 for changeToCandidate
2022-01-10 01:37:39,427 [97efffe8-a0d9-4eb2-b8ba-05ac1adb2a18@group-EF2998936A88-FollowerState] INFO  server.RaftServerConfigKeys (ConfUtils.java:logGet(44)) - raft.server.leaderelection.pre-vote = false (custom)
2022-01-10 01:37:39,427 [97efffe8-a0d9-4eb2-b8ba-05ac1adb2a18@group-EF2998936A88-FollowerState] INFO  impl.RoleInfo (RoleInfo.java:updateAndGet(130)) - 97efffe8-a0d9-4eb2-b8ba-05ac1adb2a18: start 97efffe8-a0d9-4eb2-b8ba-05ac1adb2a18@group-EF2998936A88-LeaderElection41
2022-01-10 01:37:39,443 [97efffe8-a0d9-4eb2-b8ba-05ac1adb2a18@group-EF2998936A88-LeaderElection41] INFO  impl.LeaderElection (LeaderElection.java:askForVotes(306)) - 97efffe8-a0d9-4eb2-b8ba-05ac1adb2a18@group-EF2998936A88-LeaderElection41 ELECTION round 0: submit vote requests at term 5 for -1: [97efffe8-a0d9-4eb2-b8ba-05ac1adb2a18|rpc:10.1.0.8:41617|dataStream:|priority:1, b1fc3843-4175-4724-a1a5-46b4e39f3b17|rpc:10.1.0.8:42567|dataStream:|priority:0, b4496ae0-fc73-4297-a03c-903064600ecd|rpc:10.1.0.8:38203|dataStream:|priority:0], old=null
2022-01-10 01:37:39,467 [grpc-default-executor-1] INFO  server.RaftServer$Division (RaftServerImpl.java:requestVote(1046)) - b1fc3843-4175-4724-a1a5-46b4e39f3b17@group-EF2998936A88: receive requestVote(ELECTION, 97efffe8-a0d9-4eb2-b8ba-05ac1adb2a18, group-EF2998936A88, 5, (t:0, i:0))
2022-01-10 01:37:39,467 [grpc-default-executor-1] INFO  impl.VoteContext (VoteContext.java:log(48)) - b1fc3843-4175-4724-a1a5-46b4e39f3b17@group-EF2998936A88-FOLLOWER: accept ELECTION from 97efffe8-a0d9-4eb2-b8ba-05ac1adb2a18: our priority 0 <= candidate's priority 1
2022-01-10 01:37:39,467 [grpc-default-executor-1] INFO  server.RaftServer$Division (RaftServerImpl.java:setRole(290)) - b1fc3843-4175-4724-a1a5-46b4e39f3b17@group-EF2998936A88: changes role from  FOLLOWER to FOLLOWER at term 5 for candidate:97efffe8-a0d9-4eb2-b8ba-05ac1adb2a18
2022-01-10 01:37:39,467 [grpc-default-executor-1] INFO  impl.RoleInfo (RoleInfo.java:shutdownFollowerState(108)) - b1fc3843-4175-4724-a1a5-46b4e39f3b17: shutdown b1fc3843-4175-4724-a1a5-46b4e39f3b17@group-EF2998936A88-FollowerState
2022-01-10 01:37:39,474 [grpc-default-executor-1] INFO  impl.RoleInfo (RoleInfo.java:updateAndGet(130)) - b1fc3843-4175-4724-a1a5-46b4e39f3b17: start b1fc3843-4175-4724-a1a5-46b4e39f3b17@group-EF2998936A88-FollowerState
2022-01-10 01:37:39,474 [b1fc3843-4175-4724-a1a5-46b4e39f3b17@group-EF2998936A88-FollowerState] INFO  impl.FollowerState (FollowerState.java:run(143)) - b1fc3843-4175-4724-a1a5-46b4e39f3b17@group-EF2998936A88-FollowerState was interrupted: {}
java.lang.InterruptedException: sleep interrupted
	at java.lang.Thread.sleep(Native Method)
	at java.lang.Thread.sleep(Thread.java:340)
	at java.util.concurrent.TimeUnit.sleep(TimeUnit.java:386)
	at org.apache.ratis.util.TimeDuration.sleep(TimeDuration.java:324)
	at org.apache.ratis.util.TimeDuration.sleep(TimeDuration.java:309)
	at org.apache.ratis.server.impl.FollowerState.run(FollowerState.java:118)
2022-01-10 01:37:39,476 [grpc-default-executor-2] INFO  server.RaftServer$Division (RaftServerImpl.java:requestVote(1046)) - b4496ae0-fc73-4297-a03c-903064600ecd@group-EF2998936A88: receive requestVote(ELECTION, 97efffe8-a0d9-4eb2-b8ba-05ac1adb2a18, group-EF2998936A88, 5, (t:0, i:0))
2022-01-10 01:37:39,485 [grpc-default-executor-2] INFO  impl.VoteContext (VoteContext.java:log(48)) - b4496ae0-fc73-4297-a03c-903064600ecd@group-EF2998936A88-FOLLOWER: accept ELECTION from 97efffe8-a0d9-4eb2-b8ba-05ac1adb2a18: our priority 0 <= candidate's priority 1
2022-01-10 01:37:39,485 [grpc-default-executor-2] INFO  server.RaftServer$Division (RaftServerImpl.java:setRole(290)) - b4496ae0-fc73-4297-a03c-903064600ecd@group-EF2998936A88: changes role from  FOLLOWER to FOLLOWER at term 5 for candidate:97efffe8-a0d9-4eb2-b8ba-05ac1adb2a18
2022-01-10 01:37:39,485 [grpc-default-executor-2] INFO  impl.RoleInfo (RoleInfo.java:shutdownFollowerState(108)) - b4496ae0-fc73-4297-a03c-903064600ecd: shutdown b4496ae0-fc73-4297-a03c-903064600ecd@group-EF2998936A88-FollowerState
2022-01-10 01:37:39,485 [b4496ae0-fc73-4297-a03c-903064600ecd@group-EF2998936A88-FollowerState] INFO  impl.FollowerState (FollowerState.java:run(143)) - b4496ae0-fc73-4297-a03c-903064600ecd@group-EF2998936A88-FollowerState was interrupted: {}
java.lang.InterruptedException: sleep interrupted
	at java.lang.Thread.sleep(Native Method)
	at java.lang.Thread.sleep(Thread.java:340)
	at java.util.concurrent.TimeUnit.sleep(TimeUnit.java:386)
	at org.apache.ratis.util.TimeDuration.sleep(TimeDuration.java:324)
	at org.apache.ratis.util.TimeDuration.sleep(TimeDuration.java:309)
	at org.apache.ratis.server.impl.FollowerState.run(FollowerState.java:118)
2022-01-10 01:37:39,485 [grpc-default-executor-2] INFO  impl.RoleInfo (RoleInfo.java:updateAndGet(130)) - b4496ae0-fc73-4297-a03c-903064600ecd: start b4496ae0-fc73-4297-a03c-903064600ecd@group-EF2998936A88-FollowerState
2022-01-10 01:37:39,486 [grpc-default-executor-1] INFO  server.RaftServer$Division (RaftServerImpl.java:requestVote(1078)) - b1fc3843-4175-4724-a1a5-46b4e39f3b17@group-EF2998936A88 replies to ELECTION vote request: 97efffe8-a0d9-4eb2-b8ba-05ac1adb2a18<-b1fc3843-4175-4724-a1a5-46b4e39f3b17#0:OK-t5. Peer's state: b1fc3843-4175-4724-a1a5-46b4e39f3b17@group-EF2998936A88:t5, leader=null, voted=97efffe8-a0d9-4eb2-b8ba-05ac1adb2a18, raftlog=b1fc3843-4175-4724-a1a5-46b4e39f3b17@group-EF2998936A88-SegmentedRaftLog:OPENED:c-1, conf=-1: [97efffe8-a0d9-4eb2-b8ba-05ac1adb2a18|rpc:10.1.0.8:41617|priority:1, b1fc3843-4175-4724-a1a5-46b4e39f3b17|rpc:10.1.0.8:42567|priority:0, b4496ae0-fc73-4297-a03c-903064600ecd|rpc:10.1.0.8:38203|priority:0], old=null
2022-01-10 01:37:39,502 [97efffe8-a0d9-4eb2-b8ba-05ac1adb2a18@group-EF2998936A88-LeaderElection41] INFO  impl.LeaderElection (LeaderElection.java:logAndReturn(89)) - 97efffe8-a0d9-4eb2-b8ba-05ac1adb2a18@group-EF2998936A88-LeaderElection41: ELECTION PASSED received 1 response(s) and 0 exception(s):
2022-01-10 01:37:39,502 [97efffe8-a0d9-4eb2-b8ba-05ac1adb2a18@group-EF2998936A88-LeaderElection41] INFO  impl.LeaderElection (LeaderElection.java:logAndReturn(93)) -   Response 0: 97efffe8-a0d9-4eb2-b8ba-05ac1adb2a18<-b1fc3843-4175-4724-a1a5-46b4e39f3b17#0:OK-t5
2022-01-10 01:37:39,502 [97efffe8-a0d9-4eb2-b8ba-05ac1adb2a18@group-EF2998936A88-LeaderElection41] INFO  impl.LeaderElection (LeaderElection.java:askForVotes(308)) - 97efffe8-a0d9-4eb2-b8ba-05ac1adb2a18@group-EF2998936A88-LeaderElection41 ELECTION round 0: result PASSED
2022-01-10 01:37:39,502 [97efffe8-a0d9-4eb2-b8ba-05ac1adb2a18@group-EF2998936A88-LeaderElection41] INFO  impl.RoleInfo (RoleInfo.java:shutdownLeaderElection(121)) - 97efffe8-a0d9-4eb2-b8ba-05ac1adb2a18: shutdown 97efffe8-a0d9-4eb2-b8ba-05ac1adb2a18@group-EF2998936A88-LeaderElection41
2022-01-10 01:37:39,502 [97efffe8-a0d9-4eb2-b8ba-05ac1adb2a18@group-EF2998936A88-LeaderElection41] INFO  server.RaftServer$Division (RaftServerImpl.java:setRole(290)) - 97efffe8-a0d9-4eb2-b8ba-05ac1adb2a18@group-EF2998936A88: changes role from CANDIDATE to LEADER at term 5 for changeToLeader
2022-01-10 01:37:39,502 [97efffe8-a0d9-4eb2-b8ba-05ac1adb2a18@group-EF2998936A88-LeaderElection41] INFO  ratis.XceiverServerRatis (XceiverServerRatis.java:handleLeaderChangedNotification(866)) - Leader change notification received for group: group-EF2998936A88 with new leaderId: 97efffe8-a0d9-4eb2-b8ba-05ac1adb2a18
2022-01-10 01:37:39,502 [97efffe8-a0d9-4eb2-b8ba-05ac1adb2a18@group-EF2998936A88-LeaderElection41] INFO  server.RaftServer$Division (ServerState.java:setLeader(285)) - 97efffe8-a0d9-4eb2-b8ba-05ac1adb2a18@group-EF2998936A88: change Leader from null to 97efffe8-a0d9-4eb2-b8ba-05ac1adb2a18 at term 5 for becomeLeader, leader elected after 26181ms
2022-01-10 01:37:39,502 [97efffe8-a0d9-4eb2-b8ba-05ac1adb2a18@group-EF2998936A88-LeaderElection41] INFO  server.RaftServerConfigKeys (ConfUtils.java:logGet(44)) - raft.server.staging.catchup.gap = 1000 (default)
2022-01-10 01:37:39,503 [97efffe8-a0d9-4eb2-b8ba-05ac1adb2a18@group-EF2998936A88-LeaderElection41] INFO  server.RaftServerConfigKeys (ConfUtils.java:logGet(44)) - raft.server.write.element-limit = 1024 (custom)
2022-01-10 01:37:39,503 [97efffe8-a0d9-4eb2-b8ba-05ac1adb2a18@group-EF2998936A88-LeaderElection41] INFO  server.RaftServerConfigKeys (ConfUtils.java:logGet(44)) - raft.server.write.byte-limit = 1024 M (=1073741824) (custom)
2022-01-10 01:37:39,503 [97efffe8-a0d9-4eb2-b8ba-05ac1adb2a18@group-EF2998936A88-LeaderElection41] INFO  server.RaftServerConfigKeys (ConfUtils.java:logGet(44)) - raft.server.watch.timeout = 180s (custom)
2022-01-10 01:37:39,503 [grpc-default-executor-2] INFO  server.RaftServer$Division (RaftServerImpl.java:requestVote(1078)) - b4496ae0-fc73-4297-a03c-903064600ecd@group-EF2998936A88 replies to ELECTION vote request: 97efffe8-a0d9-4eb2-b8ba-05ac1adb2a18<-b4496ae0-fc73-4297-a03c-903064600ecd#0:OK-t5. Peer's state: b4496ae0-fc73-4297-a03c-903064600ecd@group-EF2998936A88:t5, leader=null, voted=97efffe8-a0d9-4eb2-b8ba-05ac1adb2a18, raftlog=b4496ae0-fc73-4297-a03c-903064600ecd@group-EF2998936A88-SegmentedRaftLog:OPENED:c-1, conf=-1: [97efffe8-a0d9-4eb2-b8ba-05ac1adb2a18|rpc:10.1.0.8:41617|dataStream:|priority:1, b1fc3843-4175-4724-a1a5-46b4e39f3b17|rpc:10.1.0.8:42567|dataStream:|priority:0, b4496ae0-fc73-4297-a03c-903064600ecd|rpc:10.1.0.8:38203|dataStream:|priority:0], old=null
2022-01-10 01:37:39,503 [97efffe8-a0d9-4eb2-b8ba-05ac1adb2a18@group-EF2998936A88-LeaderElection41] INFO  server.RaftServerConfigKeys (ConfUtils.java:logGet(44)) - raft.server.watch.timeout.denomination = 1s (default)
2022-01-10 01:37:39,504 [97efffe8-a0d9-4eb2-b8ba-05ac1adb2a18@group-EF2998936A88-LeaderElection41] INFO  server.RaftServerConfigKeys (ConfUtils.java:logGet(44)) - raft.server.watch.element-limit = 65536 (default)
2022-01-10 01:37:39,504 [97efffe8-a0d9-4eb2-b8ba-05ac1adb2a18@group-EF2998936A88-LeaderElection41] INFO  server.RaftServerConfigKeys (ConfUtils.java:logGet(44)) - raft.server.write.element-limit = 1024 (custom)
2022-01-10 01:37:39,504 [97efffe8-a0d9-4eb2-b8ba-05ac1adb2a18@group-EF2998936A88-LeaderElection41] INFO  server.RaftServerConfigKeys (ConfUtils.java:logGet(44)) - raft.server.write.follower.gap.ratio.max = -1.0 (default)
2022-01-10 01:37:39,504 [97efffe8-a0d9-4eb2-b8ba-05ac1adb2a18@group-EF2998936A88-LeaderElection41] INFO  server.RaftServerConfigKeys (ConfUtils.java:logGet(44)) - raft.server.log.appender.snapshot.chunk.size.max = 16MB (=16777216) (default)
2022-01-10 01:37:39,504 [97efffe8-a0d9-4eb2-b8ba-05ac1adb2a18@group-EF2998936A88-LeaderElection41] INFO  server.RaftServerConfigKeys (ConfUtils.java:logGet(44)) - raft.server.log.appender.buffer.byte-limit = 33554432 (custom)
2022-01-10 01:37:39,504 [97efffe8-a0d9-4eb2-b8ba-05ac1adb2a18@group-EF2998936A88-LeaderElection41] INFO  server.RaftServerConfigKeys (ConfUtils.java:logGet(44)) - raft.server.log.appender.buffer.element-limit = 1 (custom)
2022-01-10 01:37:39,504 [97efffe8-a0d9-4eb2-b8ba-05ac1adb2a18@group-EF2998936A88-LeaderElection41] INFO  grpc.GrpcConfigKeys (ConfUtils.java:logGet(44)) - raft.grpc.server.leader.outstanding.appends.max = 128 (default)
2022-01-10 01:37:39,504 [97efffe8-a0d9-4eb2-b8ba-05ac1adb2a18@group-EF2998936A88-LeaderElection41] INFO  server.RaftServerConfigKeys (ConfUtils.java:logGet(44)) - raft.server.rpc.request.timeout = 60s (custom)
2022-01-10 01:37:39,504 [97efffe8-a0d9-4eb2-b8ba-05ac1adb2a18@group-EF2998936A88-LeaderElection41] INFO  server.RaftServerConfigKeys (ConfUtils.java:logGet(44)) - raft.server.log.appender.install.snapshot.enabled = false (custom)
2022-01-10 01:37:39,505 [97efffe8-a0d9-4eb2-b8ba-05ac1adb2a18@group-EF2998936A88-LeaderElection41] INFO  server.RaftServerConfigKeys (ConfUtils.java:logGet(44)) - raft.server.log.appender.snapshot.chunk.size.max = 16MB (=16777216) (default)
2022-01-10 01:37:39,505 [97efffe8-a0d9-4eb2-b8ba-05ac1adb2a18@group-EF2998936A88-LeaderElection41] INFO  server.RaftServerConfigKeys (ConfUtils.java:logGet(44)) - raft.server.log.appender.buffer.byte-limit = 33554432 (custom)
2022-01-10 01:37:39,505 [97efffe8-a0d9-4eb2-b8ba-05ac1adb2a18@group-EF2998936A88-LeaderElection41] INFO  server.RaftServerConfigKeys (ConfUtils.java:logGet(44)) - raft.server.log.appender.buffer.element-limit = 1 (custom)
2022-01-10 01:37:39,505 [97efffe8-a0d9-4eb2-b8ba-05ac1adb2a18@group-EF2998936A88-LeaderElection41] INFO  grpc.GrpcConfigKeys (ConfUtils.java:logGet(44)) - raft.grpc.server.leader.outstanding.appends.max = 128 (default)
2022-01-10 01:37:39,505 [97efffe8-a0d9-4eb2-b8ba-05ac1adb2a18@group-EF2998936A88-LeaderElection41] INFO  server.RaftServerConfigKeys (ConfUtils.java:logGet(44)) - raft.server.rpc.request.timeout = 60s (custom)
2022-01-10 01:37:39,505 [97efffe8-a0d9-4eb2-b8ba-05ac1adb2a18@group-EF2998936A88-LeaderElection41] INFO  server.RaftServerConfigKeys (ConfUtils.java:logGet(44)) - raft.server.log.appender.install.snapshot.enabled = false (custom)
2022-01-10 01:37:39,506 [97efffe8-a0d9-4eb2-b8ba-05ac1adb2a18@group-EF2998936A88-LeaderElection41] INFO  impl.RoleInfo (RoleInfo.java:updateAndGet(130)) - 97efffe8-a0d9-4eb2-b8ba-05ac1adb2a18: start 97efffe8-a0d9-4eb2-b8ba-05ac1adb2a18@group-EF2998936A88-LeaderStateImpl
2022-01-10 01:37:39,506 [97efffe8-a0d9-4eb2-b8ba-05ac1adb2a18@group-EF2998936A88-LeaderElection41] INFO  segmented.SegmentedRaftLogWorker (SegmentedRaftLogWorker.java:startLogSegment(394)) - 97efffe8-a0d9-4eb2-b8ba-05ac1adb2a18@group-EF2998936A88-SegmentedRaftLogWorker: Starting segment from index:0
2022-01-10 01:37:39,508 [97efffe8-a0d9-4eb2-b8ba-05ac1adb2a18@group-EF2998936A88-SegmentedRaftLogWorker] INFO  segmented.SegmentedRaftLogWorker (SegmentedRaftLogWorker.java:execute(601)) - 97efffe8-a0d9-4eb2-b8ba-05ac1adb2a18@group-EF2998936A88-SegmentedRaftLogWorker: created new log segment /home/runner/work/ozone/ozone/hadoop-ozone/integration-test/target/test-dir/MiniOzoneClusterImpl-68802873-f272-46eb-8a6f-b1572e6a6d36/datanode-0/data/ratis/ee0ca7a8-41d3-43f0-b7e4-ef2998936a88/current/log_inprogress_0
2022-01-10 01:37:39,510 [grpc-default-executor-1] INFO  ratis.XceiverServerRatis (XceiverServerRatis.java:handleLeaderChangedNotification(866)) - Leader change notification received for group: group-EF2998936A88 with new leaderId: 97efffe8-a0d9-4eb2-b8ba-05ac1adb2a18
2022-01-10 01:37:39,519 [grpc-default-executor-1] INFO  server.RaftServer$Division (ServerState.java:setLeader(285)) - b4496ae0-fc73-4297-a03c-903064600ecd@group-EF2998936A88: change Leader from null to 97efffe8-a0d9-4eb2-b8ba-05ac1adb2a18 at term 5 for appendEntries, leader elected after 26092ms
2022-01-10 01:37:39,519 [97efffe8-a0d9-4eb2-b8ba-05ac1adb2a18@group-EF2998936A88-LeaderElection41] INFO  server.RaftServer$Division (ServerState.java:setRaftConf(387)) - 97efffe8-a0d9-4eb2-b8ba-05ac1adb2a18@group-EF2998936A88: set configuration 0: [97efffe8-a0d9-4eb2-b8ba-05ac1adb2a18|rpc:10.1.0.8:41617|dataStream:|priority:1, b1fc3843-4175-4724-a1a5-46b4e39f3b17|rpc:10.1.0.8:42567|dataStream:|priority:0, b4496ae0-fc73-4297-a03c-903064600ecd|rpc:10.1.0.8:38203|dataStream:|priority:0], old=null
2022-01-10 01:37:39,520 [grpc-default-executor-1] INFO  server.RaftServer$Division (ServerState.java:setRaftConf(387)) - b4496ae0-fc73-4297-a03c-903064600ecd@group-EF2998936A88: set configuration 0: [97efffe8-a0d9-4eb2-b8ba-05ac1adb2a18|rpc:10.1.0.8:41617|dataStream:|priority:1, b1fc3843-4175-4724-a1a5-46b4e39f3b17|rpc:10.1.0.8:42567|dataStream:|priority:0, b4496ae0-fc73-4297-a03c-903064600ecd|rpc:10.1.0.8:38203|dataStream:|priority:0], old=null
2022-01-10 01:37:39,520 [grpc-default-executor-1] INFO  segmented.SegmentedRaftLogWorker (SegmentedRaftLogWorker.java:startLogSegment(394)) - b4496ae0-fc73-4297-a03c-903064600ecd@group-EF2998936A88-SegmentedRaftLogWorker: Starting segment from index:0
2022-01-10 01:37:39,523 [grpc-default-executor-2] INFO  ratis.XceiverServerRatis (XceiverServerRatis.java:handleLeaderChangedNotification(866)) - Leader change notification received for group: group-EF2998936A88 with new leaderId: 97efffe8-a0d9-4eb2-b8ba-05ac1adb2a18
2022-01-10 01:37:39,523 [grpc-default-executor-2] INFO  server.RaftServer$Division (ServerState.java:setLeader(285)) - b1fc3843-4175-4724-a1a5-46b4e39f3b17@group-EF2998936A88: change Leader from null to 97efffe8-a0d9-4eb2-b8ba-05ac1adb2a18 at term 5 for appendEntries, leader elected after 26284ms
2022-01-10 01:37:39,523 [b4496ae0-fc73-4297-a03c-903064600ecd@group-EF2998936A88-SegmentedRaftLogWorker] INFO  segmented.SegmentedRaftLogWorker (SegmentedRaftLogWorker.java:execute(601)) - b4496ae0-fc73-4297-a03c-903064600ecd@group-EF2998936A88-SegmentedRaftLogWorker: created new log segment /home/runner/work/ozone/ozone/hadoop-ozone/integration-test/target/test-dir/MiniOzoneClusterImpl-68802873-f272-46eb-8a6f-b1572e6a6d36/datanode-2/data/ratis/ee0ca7a8-41d3-43f0-b7e4-ef2998936a88/current/log_inprogress_0
2022-01-10 01:37:39,530 [grpc-default-executor-2] INFO  server.RaftServer$Division (ServerState.java:setRaftConf(387)) - b1fc3843-4175-4724-a1a5-46b4e39f3b17@group-EF2998936A88: set configuration 0: [97efffe8-a0d9-4eb2-b8ba-05ac1adb2a18|rpc:10.1.0.8:41617|dataStream:|priority:1, b1fc3843-4175-4724-a1a5-46b4e39f3b17|rpc:10.1.0.8:42567|dataStream:|priority:0, b4496ae0-fc73-4297-a03c-903064600ecd|rpc:10.1.0.8:38203|dataStream:|priority:0], old=null
2022-01-10 01:37:39,530 [grpc-default-executor-2] INFO  segmented.SegmentedRaftLogWorker (SegmentedRaftLogWorker.java:startLogSegment(394)) - b1fc3843-4175-4724-a1a5-46b4e39f3b17@group-EF2998936A88-SegmentedRaftLogWorker: Starting segment from index:0
2022-01-10 01:37:39,537 [b1fc3843-4175-4724-a1a5-46b4e39f3b17@group-EF2998936A88-SegmentedRaftLogWorker] INFO  segmented.SegmentedRaftLogWorker (SegmentedRaftLogWorker.java:execute(601)) - b1fc3843-4175-4724-a1a5-46b4e39f3b17@group-EF2998936A88-SegmentedRaftLogWorker: created new log segment /home/runner/work/ozone/ozone/hadoop-ozone/integration-test/target/test-dir/MiniOzoneClusterImpl-68802873-f272-46eb-8a6f-b1572e6a6d36/datanode-1/data/ratis/ee0ca7a8-41d3-43f0-b7e4-ef2998936a88/current/log_inprogress_0
2022-01-10 01:37:40,620 [Listener at 127.0.0.1/39943] INFO  ozoneimpl.OzoneContainer (OzoneContainer.java:stop(336)) - Attempting to stop container services.
2022-01-10 01:37:40,621 [Listener at 127.0.0.1/39943] INFO  server.RaftServer (RaftServerProxy.java:lambda$close$6(391)) - b1fc3843-4175-4724-a1a5-46b4e39f3b17: close
2022-01-10 01:37:40,621 [Listener at 127.0.0.1/39943] INFO  server.RaftServer$Division (RaftServerImpl.java:lambda$close$4(412)) - b1fc3843-4175-4724-a1a5-46b4e39f3b17@group-EF2998936A88: shutdown
2022-01-10 01:37:40,622 [Listener at 127.0.0.1/39943] INFO  util.JmxRegister (JmxRegister.java:unregister(73)) - Successfully un-registered JMX Bean with object name Ratis:service=RaftServer,group=group-EF2998936A88,id=b1fc3843-4175-4724-a1a5-46b4e39f3b17
2022-01-10 01:37:40,622 [Listener at 127.0.0.1/39943] INFO  impl.RoleInfo (RoleInfo.java:shutdownFollowerState(108)) - b1fc3843-4175-4724-a1a5-46b4e39f3b17: shutdown b1fc3843-4175-4724-a1a5-46b4e39f3b17@group-EF2998936A88-FollowerState
2022-01-10 01:37:40,622 [Listener at 127.0.0.1/39943] INFO  impl.StateMachineUpdater (StateMachineUpdater.java:stopAndJoin(149)) - b1fc3843-4175-4724-a1a5-46b4e39f3b17@group-EF2998936A88-StateMachineUpdater: set stopIndex = 0
2022-01-10 01:37:40,622 [b1fc3843-4175-4724-a1a5-46b4e39f3b17@group-EF2998936A88-FollowerState] INFO  impl.FollowerState (FollowerState.java:run(143)) - b1fc3843-4175-4724-a1a5-46b4e39f3b17@group-EF2998936A88-FollowerState was interrupted: {}
java.lang.InterruptedException: sleep interrupted
	at java.lang.Thread.sleep(Native Method)
	at java.lang.Thread.sleep(Thread.java:340)
	at java.util.concurrent.TimeUnit.sleep(TimeUnit.java:386)
	at org.apache.ratis.util.TimeDuration.sleep(TimeDuration.java:324)
	at org.apache.ratis.util.TimeDuration.sleep(TimeDuration.java:309)
	at org.apache.ratis.server.impl.FollowerState.run(FollowerState.java:118)
2022-01-10 01:37:40,622 [b1fc3843-4175-4724-a1a5-46b4e39f3b17@group-EF2998936A88-StateMachineUpdater] INFO  ratis.ContainerStateMachine (ContainerStateMachine.java:takeSnapshot(299)) - group-EF2998936A88: Taking a snapshot at:(t:5, i:0) file /home/runner/work/ozone/ozone/hadoop-ozone/integration-test/target/test-dir/MiniOzoneClusterImpl-68802873-f272-46eb-8a6f-b1572e6a6d36/datanode-1/data/ratis/ee0ca7a8-41d3-43f0-b7e4-ef2998936a88/sm/snapshot.5_0
2022-01-10 01:37:40,624 [b1fc3843-4175-4724-a1a5-46b4e39f3b17@group-EF2998936A88-StateMachineUpdater] INFO  ratis.ContainerStateMachine (ContainerStateMachine.java:takeSnapshot(310)) - group-EF2998936A88: Finished taking a snapshot at:(t:5, i:0) file:/home/runner/work/ozone/ozone/hadoop-ozone/integration-test/target/test-dir/MiniOzoneClusterImpl-68802873-f272-46eb-8a6f-b1572e6a6d36/datanode-1/data/ratis/ee0ca7a8-41d3-43f0-b7e4-ef2998936a88/sm/snapshot.5_0 took: 1 ms
2022-01-10 01:37:40,624 [b1fc3843-4175-4724-a1a5-46b4e39f3b17@group-EF2998936A88-StateMachineUpdater] INFO  impl.StateMachineUpdater (StateMachineUpdater.java:takeSnapshot(281)) - b1fc3843-4175-4724-a1a5-46b4e39f3b17@group-EF2998936A88-StateMachineUpdater: Took a snapshot at index 0
2022-01-10 01:37:40,624 [b1fc3843-4175-4724-a1a5-46b4e39f3b17@group-EF2998936A88-StateMachineUpdater] INFO  impl.StateMachineUpdater (StateMachineUpdater.java:lambda$new$0(89)) - b1fc3843-4175-4724-a1a5-46b4e39f3b17@group-EF2998936A88-StateMachineUpdater: snapshotIndex: updateIncreasingly -1 -> 0
2022-01-10 01:37:40,624 [Listener at 127.0.0.1/39943] INFO  server.RaftServer$Division (ServerState.java:close(419)) - b1fc3843-4175-4724-a1a5-46b4e39f3b17@group-EF2998936A88: closes. applyIndex: 0
2022-01-10 01:37:40,624 [b1fc3843-4175-4724-a1a5-46b4e39f3b17@group-EF2998936A88-SegmentedRaftLogWorker] INFO  segmented.SegmentedRaftLogWorker (SegmentedRaftLogWorker.java:run(327)) - b1fc3843-4175-4724-a1a5-46b4e39f3b17@group-EF2998936A88-SegmentedRaftLogWorker was interrupted, exiting. There are 0 tasks remaining in the queue.
2022-01-10 01:37:40,625 [Listener at 127.0.0.1/39943] INFO  segmented.SegmentedRaftLogWorker (SegmentedRaftLogWorker.java:close(237)) - b1fc3843-4175-4724-a1a5-46b4e39f3b17@group-EF2998936A88-SegmentedRaftLogWorker close()
2022-01-10 01:37:40,626 [Listener at 127.0.0.1/39943] INFO  server.RaftServer$Division (RaftServerImpl.java:lambda$close$4(412)) - b1fc3843-4175-4724-a1a5-46b4e39f3b17@group-DB1ADAF67F51: shutdown
2022-01-10 01:37:40,626 [Listener at 127.0.0.1/39943] INFO  util.JmxRegister (JmxRegister.java:unregister(73)) - Successfully un-registered JMX Bean with object name Ratis:service=RaftServer,group=group-DB1ADAF67F51,id=b1fc3843-4175-4724-a1a5-46b4e39f3b17
2022-01-10 01:37:40,626 [Listener at 127.0.0.1/39943] INFO  impl.RoleInfo (RoleInfo.java:shutdownLeaderState(91)) - b1fc3843-4175-4724-a1a5-46b4e39f3b17: shutdown b1fc3843-4175-4724-a1a5-46b4e39f3b17@group-DB1ADAF67F51-LeaderStateImpl
2022-01-10 01:37:40,627 [b1fc3843-4175-4724-a1a5-46b4e39f3b17@group-DB1ADAF67F51->b4496ae0-fc73-4297-a03c-903064600ecd-GrpcLogAppender-LogAppenderDaemon] WARN  server.GrpcLogAppender (GrpcLogAppender.java:mayWait(177)) - b1fc3843-4175-4724-a1a5-46b4e39f3b17@group-DB1ADAF67F51->b4496ae0-fc73-4297-a03c-903064600ecd-GrpcLogAppender: Wait interrupted by java.lang.InterruptedException
2022-01-10 01:37:40,630 [grpc-default-executor-1] INFO  server.GrpcServerProtocolService (GrpcServerProtocolService.java:onCompleted(140)) - b4496ae0-fc73-4297-a03c-903064600ecd: Completed APPEND_ENTRIES, lastRequest: b1fc3843-4175-4724-a1a5-46b4e39f3b17->b4496ae0-fc73-4297-a03c-903064600ecd#285-t2,previous=(t:2, i:27),leaderCommit=26,initializing? true,entries: size=1, first=(t:2, i:28), METADATAENTRY(c:26)
2022-01-10 01:37:40,630 [b1fc3843-4175-4724-a1a5-46b4e39f3b17@group-DB1ADAF67F51->97efffe8-a0d9-4eb2-b8ba-05ac1adb2a18-GrpcLogAppender-LogAppenderDaemon] WARN  server.GrpcLogAppender (GrpcLogAppender.java:mayWait(177)) - b1fc3843-4175-4724-a1a5-46b4e39f3b17@group-DB1ADAF67F51->97efffe8-a0d9-4eb2-b8ba-05ac1adb2a18-GrpcLogAppender: Wait interrupted by java.lang.InterruptedException
2022-01-10 01:37:40,631 [grpc-default-executor-2] INFO  server.GrpcServerProtocolService (GrpcServerProtocolService.java:onCompleted(140)) - 97efffe8-a0d9-4eb2-b8ba-05ac1adb2a18: Completed APPEND_ENTRIES, lastRequest: b1fc3843-4175-4724-a1a5-46b4e39f3b17->97efffe8-a0d9-4eb2-b8ba-05ac1adb2a18#282-t2,previous=(t:2, i:27),leaderCommit=26,initializing? true,entries: size=1, first=(t:2, i:28), METADATAENTRY(c:26)
2022-01-10 01:37:40,631 [grpc-default-executor-2] INFO  server.GrpcLogAppender (GrpcLogAppender.java:onCompleted(346)) - b1fc3843-4175-4724-a1a5-46b4e39f3b17@group-DB1ADAF67F51->97efffe8-a0d9-4eb2-b8ba-05ac1adb2a18-AppendLogResponseHandler: follower responses appendEntries COMPLETED
2022-01-10 01:37:40,632 [grpc-default-executor-2] INFO  leader.FollowerInfo (FollowerInfoImpl.java:lambda$new$0(47)) - b1fc3843-4175-4724-a1a5-46b4e39f3b17@group-DB1ADAF67F51->97efffe8-a0d9-4eb2-b8ba-05ac1adb2a18: nextIndex: updateUnconditionally 29 -> 28
2022-01-10 01:37:40,632 [grpc-default-executor-1] INFO  server.GrpcLogAppender (GrpcLogAppender.java:onCompleted(346)) - b1fc3843-4175-4724-a1a5-46b4e39f3b17@group-DB1ADAF67F51->b4496ae0-fc73-4297-a03c-903064600ecd-AppendLogResponseHandler: follower responses appendEntries COMPLETED
2022-01-10 01:37:40,632 [grpc-default-executor-1] INFO  leader.FollowerInfo (FollowerInfoImpl.java:lambda$new$0(47)) - b1fc3843-4175-4724-a1a5-46b4e39f3b17@group-DB1ADAF67F51->b4496ae0-fc73-4297-a03c-903064600ecd: nextIndex: updateUnconditionally 29 -> 28
2022-01-10 01:37:40,630 [Listener at 127.0.0.1/39943] INFO  impl.PendingRequests (PendingRequests.java:sendNotLeaderResponses(282)) - b1fc3843-4175-4724-a1a5-46b4e39f3b17@group-DB1ADAF67F51-PendingRequests: sendNotLeaderResponses
2022-01-10 01:37:40,637 [Listener at 127.0.0.1/39943] INFO  impl.StateMachineUpdater (StateMachineUpdater.java:stopAndJoin(149)) - b1fc3843-4175-4724-a1a5-46b4e39f3b17@group-DB1ADAF67F51-StateMachineUpdater: set stopIndex = 28
2022-01-10 01:37:40,646 [b1fc3843-4175-4724-a1a5-46b4e39f3b17@group-DB1ADAF67F51-StateMachineUpdater] INFO  ratis.ContainerStateMachine (ContainerStateMachine.java:takeSnapshot(299)) - group-DB1ADAF67F51: Taking a snapshot at:(t:2, i:28) file /home/runner/work/ozone/ozone/hadoop-ozone/integration-test/target/test-dir/MiniOzoneClusterImpl-68802873-f272-46eb-8a6f-b1572e6a6d36/datanode-1/data/ratis/43a30b1b-0ab2-402e-877f-db1adaf67f51/sm/snapshot.2_28
2022-01-10 01:37:40,649 [b1fc3843-4175-4724-a1a5-46b4e39f3b17@group-DB1ADAF67F51-StateMachineUpdater] INFO  ratis.ContainerStateMachine (ContainerStateMachine.java:takeSnapshot(310)) - group-DB1ADAF67F51: Finished taking a snapshot at:(t:2, i:28) file:/home/runner/work/ozone/ozone/hadoop-ozone/integration-test/target/test-dir/MiniOzoneClusterImpl-68802873-f272-46eb-8a6f-b1572e6a6d36/datanode-1/data/ratis/43a30b1b-0ab2-402e-877f-db1adaf67f51/sm/snapshot.2_28 took: 3 ms
2022-01-10 01:37:40,649 [b1fc3843-4175-4724-a1a5-46b4e39f3b17@group-DB1ADAF67F51-StateMachineUpdater] INFO  impl.StateMachineUpdater (StateMachineUpdater.java:takeSnapshot(281)) - b1fc3843-4175-4724-a1a5-46b4e39f3b17@group-DB1ADAF67F51-StateMachineUpdater: Took a snapshot at index 28
2022-01-10 01:37:40,649 [b1fc3843-4175-4724-a1a5-46b4e39f3b17@group-DB1ADAF67F51-StateMachineUpdater] INFO  impl.StateMachineUpdater (StateMachineUpdater.java:lambda$new$0(89)) - b1fc3843-4175-4724-a1a5-46b4e39f3b17@group-DB1ADAF67F51-StateMachineUpdater: snapshotIndex: updateIncreasingly -1 -> 28
2022-01-10 01:37:40,650 [Listener at 127.0.0.1/39943] INFO  server.RaftServer$Division (ServerState.java:close(419)) - b1fc3843-4175-4724-a1a5-46b4e39f3b17@group-DB1ADAF67F51: closes. applyIndex: 28
2022-01-10 01:37:40,650 [b1fc3843-4175-4724-a1a5-46b4e39f3b17@group-DB1ADAF67F51-SegmentedRaftLogWorker] INFO  segmented.SegmentedRaftLogWorker (SegmentedRaftLogWorker.java:run(327)) - b1fc3843-4175-4724-a1a5-46b4e39f3b17@group-DB1ADAF67F51-SegmentedRaftLogWorker was interrupted, exiting. There are 0 tasks remaining in the queue.
2022-01-10 01:37:40,650 [Listener at 127.0.0.1/39943] INFO  segmented.SegmentedRaftLogWorker (SegmentedRaftLogWorker.java:close(237)) - b1fc3843-4175-4724-a1a5-46b4e39f3b17@group-DB1ADAF67F51-SegmentedRaftLogWorker close()
2022-01-10 01:37:40,651 [Listener at 127.0.0.1/39943] INFO  server.RaftServer$Division (RaftServerImpl.java:lambda$close$4(412)) - b1fc3843-4175-4724-a1a5-46b4e39f3b17@group-0F3ECA49BC4A: shutdown
2022-01-10 01:37:40,651 [Listener at 127.0.0.1/39943] INFO  util.JmxRegister (JmxRegister.java:unregister(73)) - Successfully un-registered JMX Bean with object name Ratis:service=RaftServer,group=group-0F3ECA49BC4A,id=b1fc3843-4175-4724-a1a5-46b4e39f3b17
2022-01-10 01:37:40,651 [Listener at 127.0.0.1/39943] INFO  impl.RoleInfo (RoleInfo.java:shutdownLeaderState(91)) - b1fc3843-4175-4724-a1a5-46b4e39f3b17: shutdown b1fc3843-4175-4724-a1a5-46b4e39f3b17@group-0F3ECA49BC4A-LeaderStateImpl
2022-01-10 01:37:40,651 [Listener at 127.0.0.1/39943] INFO  impl.PendingRequests (PendingRequests.java:sendNotLeaderResponses(282)) - b1fc3843-4175-4724-a1a5-46b4e39f3b17@group-0F3ECA49BC4A-PendingRequests: sendNotLeaderResponses
2022-01-10 01:37:40,652 [Listener at 127.0.0.1/39943] INFO  impl.StateMachineUpdater (StateMachineUpdater.java:stopAndJoin(149)) - b1fc3843-4175-4724-a1a5-46b4e39f3b17@group-0F3ECA49BC4A-StateMachineUpdater: set stopIndex = 0
2022-01-10 01:37:40,652 [b1fc3843-4175-4724-a1a5-46b4e39f3b17@group-0F3ECA49BC4A-StateMachineUpdater] INFO  ratis.ContainerStateMachine (ContainerStateMachine.java:takeSnapshot(299)) - group-0F3ECA49BC4A: Taking a snapshot at:(t:1, i:0) file /home/runner/work/ozone/ozone/hadoop-ozone/integration-test/target/test-dir/MiniOzoneClusterImpl-68802873-f272-46eb-8a6f-b1572e6a6d36/datanode-1/data/ratis/91885ea2-9cb9-48b8-943c-0f3eca49bc4a/sm/snapshot.1_0
2022-01-10 01:37:40,653 [b1fc3843-4175-4724-a1a5-46b4e39f3b17@group-0F3ECA49BC4A-StateMachineUpdater] INFO  ratis.ContainerStateMachine (ContainerStateMachine.java:takeSnapshot(310)) - group-0F3ECA49BC4A: Finished taking a snapshot at:(t:1, i:0) file:/home/runner/work/ozone/ozone/hadoop-ozone/integration-test/target/test-dir/MiniOzoneClusterImpl-68802873-f272-46eb-8a6f-b1572e6a6d36/datanode-1/data/ratis/91885ea2-9cb9-48b8-943c-0f3eca49bc4a/sm/snapshot.1_0 took: 1 ms
2022-01-10 01:37:40,654 [b1fc3843-4175-4724-a1a5-46b4e39f3b17@group-0F3ECA49BC4A-StateMachineUpdater] INFO  impl.StateMachineUpdater (StateMachineUpdater.java:takeSnapshot(281)) - b1fc3843-4175-4724-a1a5-46b4e39f3b17@group-0F3ECA49BC4A-StateMachineUpdater: Took a snapshot at index 0
2022-01-10 01:37:40,654 [b1fc3843-4175-4724-a1a5-46b4e39f3b17@group-0F3ECA49BC4A-StateMachineUpdater] INFO  impl.StateMachineUpdater (StateMachineUpdater.java:lambda$new$0(89)) - b1fc3843-4175-4724-a1a5-46b4e39f3b17@group-0F3ECA49BC4A-StateMachineUpdater: snapshotIndex: updateIncreasingly -1 -> 0
2022-01-10 01:37:40,657 [Listener at 127.0.0.1/39943] INFO  server.RaftServer$Division (ServerState.java:close(419)) - b1fc3843-4175-4724-a1a5-46b4e39f3b17@group-0F3ECA49BC4A: closes. applyIndex: 0
2022-01-10 01:37:40,657 [b1fc3843-4175-4724-a1a5-46b4e39f3b17@group-0F3ECA49BC4A-SegmentedRaftLogWorker] INFO  segmented.SegmentedRaftLogWorker (SegmentedRaftLogWorker.java:run(327)) - b1fc3843-4175-4724-a1a5-46b4e39f3b17@group-0F3ECA49BC4A-SegmentedRaftLogWorker was interrupted, exiting. There are 0 tasks remaining in the queue.
2022-01-10 01:37:40,657 [Listener at 127.0.0.1/39943] INFO  segmented.SegmentedRaftLogWorker (SegmentedRaftLogWorker.java:close(237)) - b1fc3843-4175-4724-a1a5-46b4e39f3b17@group-0F3ECA49BC4A-SegmentedRaftLogWorker close()
2022-01-10 01:37:40,662 [Listener at 127.0.0.1/39943] INFO  server.GrpcService (GrpcService.java:closeImpl(262)) - b1fc3843-4175-4724-a1a5-46b4e39f3b17: shutdown server with port 42567 now
2022-01-10 01:37:40,666 [grpc-default-executor-2] WARN  server.GrpcLogAppender (LogUtils.java:warn(122)) - 97efffe8-a0d9-4eb2-b8ba-05ac1adb2a18@group-EF2998936A88->b1fc3843-4175-4724-a1a5-46b4e39f3b17-AppendLogResponseHandler: Failed appendEntries: org.apache.ratis.thirdparty.io.grpc.StatusRuntimeException: CANCELLED: HTTP/2 error code: CANCEL
Received Rst Stream
2022-01-10 01:37:40,666 [grpc-default-executor-2] WARN  server.GrpcLogAppender (GrpcLogAppender.java:resetClient(110)) - 97efffe8-a0d9-4eb2-b8ba-05ac1adb2a18@group-EF2998936A88->b1fc3843-4175-4724-a1a5-46b4e39f3b17-GrpcLogAppender: Leader has not got in touch with Follower 97efffe8-a0d9-4eb2-b8ba-05ac1adb2a18@group-EF2998936A88->b1fc3843-4175-4724-a1a5-46b4e39f3b17(c0,m0,n1, attendVote=true, lastRpcSendTime=1132, lastRpcResponseTime=1105) yet, just keep nextIndex unchanged and retry.
2022-01-10 01:37:40,688 [ForkJoinPool.commonPool-worker-0] INFO  ozoneimpl.OzoneContainer (OzoneContainer.java:stop(336)) - Attempting to stop container services.
2022-01-10 01:37:40,689 [ForkJoinPool.commonPool-worker-0] INFO  server.RaftServer (RaftServerProxy.java:lambda$close$6(391)) - 97efffe8-a0d9-4eb2-b8ba-05ac1adb2a18: close
2022-01-10 01:37:40,689 [ForkJoinPool.commonPool-worker-0] INFO  server.RaftServer$Division (RaftServerImpl.java:lambda$close$4(412)) - 97efffe8-a0d9-4eb2-b8ba-05ac1adb2a18@group-EF2998936A88: shutdown
2022-01-10 01:37:40,689 [ForkJoinPool.commonPool-worker-0] INFO  util.JmxRegister (JmxRegister.java:unregister(73)) - Successfully un-registered JMX Bean with object name Ratis:service=RaftServer,group=group-EF2998936A88,id=97efffe8-a0d9-4eb2-b8ba-05ac1adb2a18
2022-01-10 01:37:40,689 [ForkJoinPool.commonPool-worker-0] INFO  impl.RoleInfo (RoleInfo.java:shutdownLeaderState(91)) - 97efffe8-a0d9-4eb2-b8ba-05ac1adb2a18: shutdown 97efffe8-a0d9-4eb2-b8ba-05ac1adb2a18@group-EF2998936A88-LeaderStateImpl
2022-01-10 01:37:40,689 [ForkJoinPool.commonPool-worker-0] INFO  impl.PendingRequests (PendingRequests.java:sendNotLeaderResponses(282)) - 97efffe8-a0d9-4eb2-b8ba-05ac1adb2a18@group-EF2998936A88-PendingRequests: sendNotLeaderResponses
2022-01-10 01:37:40,689 [Listener at 127.0.0.1/39943] INFO  server.GrpcService (GrpcService.java:closeImpl(271)) - b1fc3843-4175-4724-a1a5-46b4e39f3b17: shutdown server with port 42567 successfully
2022-01-10 01:37:40,689 [grpc-default-executor-1] WARN  server.GrpcServerProtocolService (LogUtils.java:warn(122)) - b1fc3843-4175-4724-a1a5-46b4e39f3b17: installSnapshot onError, lastRequest: 97efffe8-a0d9-4eb2-b8ba-05ac1adb2a18->b1fc3843-4175-4724-a1a5-46b4e39f3b17#1-t5,previous=(t:0, i:0),leaderCommit=-1,initializing? true,entries: size=1, first=(t:5, i:0), CONFIGURATIONENTRY: org.apache.ratis.thirdparty.io.grpc.StatusRuntimeException: CANCELLED: client cancelled
2022-01-10 01:37:40,690 [97efffe8-a0d9-4eb2-b8ba-05ac1adb2a18@group-EF2998936A88->b4496ae0-fc73-4297-a03c-903064600ecd-GrpcLogAppender-LogAppenderDaemon] WARN  server.GrpcLogAppender (GrpcLogAppender.java:mayWait(177)) - 97efffe8-a0d9-4eb2-b8ba-05ac1adb2a18@group-EF2998936A88->b4496ae0-fc73-4297-a03c-903064600ecd-GrpcLogAppender: Wait interrupted by java.lang.InterruptedException
2022-01-10 01:37:40,666 [grpc-default-executor-0] WARN  client.GrpcClientProtocolService (LogUtils.java:warn(122)) - 1-UnorderedRequestStreamObserver1: onError: org.apache.ratis.thirdparty.io.grpc.StatusRuntimeException: CANCELLED: client cancelled
2022-01-10 01:37:40,694 [grpc-default-executor-0] INFO  server.GrpcServerProtocolService (GrpcServerProtocolService.java:onCompleted(140)) - b4496ae0-fc73-4297-a03c-903064600ecd: Completed APPEND_ENTRIES, lastRequest: 97efffe8-a0d9-4eb2-b8ba-05ac1adb2a18->b4496ae0-fc73-4297-a03c-903064600ecd#1-t5,previous=(t:0, i:0),leaderCommit=-1,initializing? true,entries: size=1, first=(t:5, i:0), CONFIGURATIONENTRY
2022-01-10 01:37:40,689 [ForkJoinPool.commonPool-worker-0] INFO  impl.StateMachineUpdater (StateMachineUpdater.java:stopAndJoin(149)) - 97efffe8-a0d9-4eb2-b8ba-05ac1adb2a18@group-EF2998936A88-StateMachineUpdater: set stopIndex = 0
2022-01-10 01:37:40,689 [org.apache.ratis.util.JvmPauseMonitor$$Lambda$529/1957356322@145235d9] INFO  util.JvmPauseMonitor (JvmPauseMonitor.java:run(109)) - JvmPauseMonitor-b1fc3843-4175-4724-a1a5-46b4e39f3b17: Stopped
2022-01-10 01:37:40,689 [97efffe8-a0d9-4eb2-b8ba-05ac1adb2a18@group-EF2998936A88-StateMachineUpdater] INFO  ratis.ContainerStateMachine (ContainerStateMachine.java:takeSnapshot(299)) - group-EF2998936A88: Taking a snapshot at:(t:5, i:0) file /home/runner/work/ozone/ozone/hadoop-ozone/integration-test/target/test-dir/MiniOzoneClusterImpl-68802873-f272-46eb-8a6f-b1572e6a6d36/datanode-0/data/ratis/ee0ca7a8-41d3-43f0-b7e4-ef2998936a88/sm/snapshot.5_0
2022-01-10 01:37:40,695 [grpc-default-executor-1] INFO  server.GrpcLogAppender (GrpcLogAppender.java:onCompleted(346)) - 97efffe8-a0d9-4eb2-b8ba-05ac1adb2a18@group-EF2998936A88->b4496ae0-fc73-4297-a03c-903064600ecd-AppendLogResponseHandler: follower responses appendEntries COMPLETED
2022-01-10 01:37:40,695 [grpc-default-executor-1] INFO  leader.FollowerInfo (FollowerInfoImpl.java:lambda$new$0(47)) - 97efffe8-a0d9-4eb2-b8ba-05ac1adb2a18@group-EF2998936A88->b4496ae0-fc73-4297-a03c-903064600ecd: nextIndex: updateUnconditionally 1 -> 0
2022-01-10 01:37:40,695 [97efffe8-a0d9-4eb2-b8ba-05ac1adb2a18@group-EF2998936A88-StateMachineUpdater] INFO  ratis.ContainerStateMachine (ContainerStateMachine.java:takeSnapshot(310)) - group-EF2998936A88: Finished taking a snapshot at:(t:5, i:0) file:/home/runner/work/ozone/ozone/hadoop-ozone/integration-test/target/test-dir/MiniOzoneClusterImpl-68802873-f272-46eb-8a6f-b1572e6a6d36/datanode-0/data/ratis/ee0ca7a8-41d3-43f0-b7e4-ef2998936a88/sm/snapshot.5_0 took: 5 ms
2022-01-10 01:37:40,695 [97efffe8-a0d9-4eb2-b8ba-05ac1adb2a18@group-EF2998936A88-StateMachineUpdater] INFO  impl.StateMachineUpdater (StateMachineUpdater.java:takeSnapshot(281)) - 97efffe8-a0d9-4eb2-b8ba-05ac1adb2a18@group-EF2998936A88-StateMachineUpdater: Took a snapshot at index 0
2022-01-10 01:37:40,695 [97efffe8-a0d9-4eb2-b8ba-05ac1adb2a18@group-EF2998936A88-StateMachineUpdater] INFO  impl.StateMachineUpdater (StateMachineUpdater.java:lambda$new$0(89)) - 97efffe8-a0d9-4eb2-b8ba-05ac1adb2a18@group-EF2998936A88-StateMachineUpdater: snapshotIndex: updateIncreasingly -1 -> 0
2022-01-10 01:37:40,695 [ForkJoinPool.commonPool-worker-0] INFO  server.RaftServer$Division (ServerState.java:close(419)) - 97efffe8-a0d9-4eb2-b8ba-05ac1adb2a18@group-EF2998936A88: closes. applyIndex: 0
2022-01-10 01:37:40,695 [97efffe8-a0d9-4eb2-b8ba-05ac1adb2a18@group-EF2998936A88-SegmentedRaftLogWorker] INFO  segmented.SegmentedRaftLogWorker (SegmentedRaftLogWorker.java:run(327)) - 97efffe8-a0d9-4eb2-b8ba-05ac1adb2a18@group-EF2998936A88-SegmentedRaftLogWorker was interrupted, exiting. There are 0 tasks remaining in the queue.
2022-01-10 01:37:40,698 [ForkJoinPool.commonPool-worker-0] INFO  segmented.SegmentedRaftLogWorker (SegmentedRaftLogWorker.java:close(237)) - 97efffe8-a0d9-4eb2-b8ba-05ac1adb2a18@group-EF2998936A88-SegmentedRaftLogWorker close()
2022-01-10 01:37:40,701 [ForkJoinPool.commonPool-worker-0] INFO  server.RaftServer$Division (RaftServerImpl.java:lambda$close$4(412)) - 97efffe8-a0d9-4eb2-b8ba-05ac1adb2a18@group-7EC62A7B3652: shutdown
2022-01-10 01:37:40,701 [ForkJoinPool.commonPool-worker-0] INFO  util.JmxRegister (JmxRegister.java:unregister(73)) - Successfully un-registered JMX Bean with object name Ratis:service=RaftServer,group=group-7EC62A7B3652,id=97efffe8-a0d9-4eb2-b8ba-05ac1adb2a18
2022-01-10 01:37:40,701 [ForkJoinPool.commonPool-worker-0] INFO  impl.RoleInfo (RoleInfo.java:shutdownLeaderState(91)) - 97efffe8-a0d9-4eb2-b8ba-05ac1adb2a18: shutdown 97efffe8-a0d9-4eb2-b8ba-05ac1adb2a18@group-7EC62A7B3652-LeaderStateImpl
2022-01-10 01:37:40,701 [ForkJoinPool.commonPool-worker-0] INFO  impl.PendingRequests (PendingRequests.java:sendNotLeaderResponses(282)) - 97efffe8-a0d9-4eb2-b8ba-05ac1adb2a18@group-7EC62A7B3652-PendingRequests: sendNotLeaderResponses
2022-01-10 01:37:40,702 [ForkJoinPool.commonPool-worker-0] INFO  impl.StateMachineUpdater (StateMachineUpdater.java:stopAndJoin(149)) - 97efffe8-a0d9-4eb2-b8ba-05ac1adb2a18@group-7EC62A7B3652-StateMachineUpdater: set stopIndex = 0
2022-01-10 01:37:40,702 [97efffe8-a0d9-4eb2-b8ba-05ac1adb2a18@group-7EC62A7B3652-StateMachineUpdater] INFO  ratis.ContainerStateMachine (ContainerStateMachine.java:takeSnapshot(299)) - group-7EC62A7B3652: Taking a snapshot at:(t:1, i:0) file /home/runner/work/ozone/ozone/hadoop-ozone/integration-test/target/test-dir/MiniOzoneClusterImpl-68802873-f272-46eb-8a6f-b1572e6a6d36/datanode-0/data/ratis/0fda435f-8fa8-49ba-ba1c-7ec62a7b3652/sm/snapshot.1_0
2022-01-10 01:37:40,704 [97efffe8-a0d9-4eb2-b8ba-05ac1adb2a18@group-7EC62A7B3652-StateMachineUpdater] INFO  ratis.ContainerStateMachine (ContainerStateMachine.java:takeSnapshot(310)) - group-7EC62A7B3652: Finished taking a snapshot at:(t:1, i:0) file:/home/runner/work/ozone/ozone/hadoop-ozone/integration-test/target/test-dir/MiniOzoneClusterImpl-68802873-f272-46eb-8a6f-b1572e6a6d36/datanode-0/data/ratis/0fda435f-8fa8-49ba-ba1c-7ec62a7b3652/sm/snapshot.1_0 took: 2 ms
2022-01-10 01:37:40,704 [97efffe8-a0d9-4eb2-b8ba-05ac1adb2a18@group-7EC62A7B3652-StateMachineUpdater] INFO  impl.StateMachineUpdater (StateMachineUpdater.java:takeSnapshot(281)) - 97efffe8-a0d9-4eb2-b8ba-05ac1adb2a18@group-7EC62A7B3652-StateMachineUpdater: Took a snapshot at index 0
2022-01-10 01:37:40,704 [97efffe8-a0d9-4eb2-b8ba-05ac1adb2a18@group-7EC62A7B3652-StateMachineUpdater] INFO  impl.StateMachineUpdater (StateMachineUpdater.java:lambda$new$0(89)) - 97efffe8-a0d9-4eb2-b8ba-05ac1adb2a18@group-7EC62A7B3652-StateMachineUpdater: snapshotIndex: updateIncreasingly -1 -> 0
2022-01-10 01:37:40,704 [ForkJoinPool.commonPool-worker-0] INFO  server.RaftServer$Division (ServerState.java:close(419)) - 97efffe8-a0d9-4eb2-b8ba-05ac1adb2a18@group-7EC62A7B3652: closes. applyIndex: 0
2022-01-10 01:37:40,704 [97efffe8-a0d9-4eb2-b8ba-05ac1adb2a18@group-7EC62A7B3652-SegmentedRaftLogWorker] INFO  segmented.SegmentedRaftLogWorker (SegmentedRaftLogWorker.java:run(327)) - 97efffe8-a0d9-4eb2-b8ba-05ac1adb2a18@group-7EC62A7B3652-SegmentedRaftLogWorker was interrupted, exiting. There are 0 tasks remaining in the queue.
2022-01-10 01:37:40,705 [ForkJoinPool.commonPool-worker-0] INFO  segmented.SegmentedRaftLogWorker (SegmentedRaftLogWorker.java:close(237)) - 97efffe8-a0d9-4eb2-b8ba-05ac1adb2a18@group-7EC62A7B3652-SegmentedRaftLogWorker close()
2022-01-10 01:37:40,705 [ForkJoinPool.commonPool-worker-0] INFO  server.RaftServer$Division (RaftServerImpl.java:lambda$close$4(412)) - 97efffe8-a0d9-4eb2-b8ba-05ac1adb2a18@group-DB1ADAF67F51: shutdown
2022-01-10 01:37:40,705 [ForkJoinPool.commonPool-worker-0] INFO  util.JmxRegister (JmxRegister.java:unregister(73)) - Successfully un-registered JMX Bean with object name Ratis:service=RaftServer,group=group-DB1ADAF67F51,id=97efffe8-a0d9-4eb2-b8ba-05ac1adb2a18
2022-01-10 01:37:40,705 [ForkJoinPool.commonPool-worker-0] INFO  impl.RoleInfo (RoleInfo.java:shutdownFollowerState(108)) - 97efffe8-a0d9-4eb2-b8ba-05ac1adb2a18: shutdown 97efffe8-a0d9-4eb2-b8ba-05ac1adb2a18@group-DB1ADAF67F51-FollowerState
2022-01-10 01:37:40,705 [ForkJoinPool.commonPool-worker-0] INFO  impl.StateMachineUpdater (StateMachineUpdater.java:stopAndJoin(149)) - 97efffe8-a0d9-4eb2-b8ba-05ac1adb2a18@group-DB1ADAF67F51-StateMachineUpdater: set stopIndex = 28
2022-01-10 01:37:40,705 [97efffe8-a0d9-4eb2-b8ba-05ac1adb2a18@group-DB1ADAF67F51-FollowerState] INFO  impl.FollowerState (FollowerState.java:run(143)) - 97efffe8-a0d9-4eb2-b8ba-05ac1adb2a18@group-DB1ADAF67F51-FollowerState was interrupted: {}
java.lang.InterruptedException: sleep interrupted
	at java.lang.Thread.sleep(Native Method)
	at java.lang.Thread.sleep(Thread.java:340)
	at java.util.concurrent.TimeUnit.sleep(TimeUnit.java:386)
	at org.apache.ratis.util.TimeDuration.sleep(TimeDuration.java:324)
	at org.apache.ratis.util.TimeDuration.sleep(TimeDuration.java:309)
	at org.apache.ratis.server.impl.FollowerState.run(FollowerState.java:118)
2022-01-10 01:37:40,706 [97efffe8-a0d9-4eb2-b8ba-05ac1adb2a18@group-DB1ADAF67F51-StateMachineUpdater] INFO  ratis.ContainerStateMachine (ContainerStateMachine.java:takeSnapshot(299)) - group-DB1ADAF67F51: Taking a snapshot at:(t:2, i:28) file /home/runner/work/ozone/ozone/hadoop-ozone/integration-test/target/test-dir/MiniOzoneClusterImpl-68802873-f272-46eb-8a6f-b1572e6a6d36/datanode-0/data/ratis/43a30b1b-0ab2-402e-877f-db1adaf67f51/sm/snapshot.2_28
2022-01-10 01:37:40,708 [97efffe8-a0d9-4eb2-b8ba-05ac1adb2a18@group-DB1ADAF67F51-StateMachineUpdater] INFO  ratis.ContainerStateMachine (ContainerStateMachine.java:takeSnapshot(310)) - group-DB1ADAF67F51: Finished taking a snapshot at:(t:2, i:28) file:/home/runner/work/ozone/ozone/hadoop-ozone/integration-test/target/test-dir/MiniOzoneClusterImpl-68802873-f272-46eb-8a6f-b1572e6a6d36/datanode-0/data/ratis/43a30b1b-0ab2-402e-877f-db1adaf67f51/sm/snapshot.2_28 took: 2 ms
2022-01-10 01:37:40,708 [97efffe8-a0d9-4eb2-b8ba-05ac1adb2a18@group-DB1ADAF67F51-StateMachineUpdater] INFO  impl.StateMachineUpdater (StateMachineUpdater.java:takeSnapshot(281)) - 97efffe8-a0d9-4eb2-b8ba-05ac1adb2a18@group-DB1ADAF67F51-StateMachineUpdater: Took a snapshot at index 28
2022-01-10 01:37:40,708 [97efffe8-a0d9-4eb2-b8ba-05ac1adb2a18@group-DB1ADAF67F51-StateMachineUpdater] INFO  impl.StateMachineUpdater (StateMachineUpdater.java:lambda$new$0(89)) - 97efffe8-a0d9-4eb2-b8ba-05ac1adb2a18@group-DB1ADAF67F51-StateMachineUpdater: snapshotIndex: updateIncreasingly -1 -> 28
2022-01-10 01:37:40,709 [ForkJoinPool.commonPool-worker-0] INFO  server.RaftServer$Division (ServerState.java:close(419)) - 97efffe8-a0d9-4eb2-b8ba-05ac1adb2a18@group-DB1ADAF67F51: closes. applyIndex: 28
2022-01-10 01:37:40,709 [97efffe8-a0d9-4eb2-b8ba-05ac1adb2a18@group-DB1ADAF67F51-SegmentedRaftLogWorker] INFO  segmented.SegmentedRaftLogWorker (SegmentedRaftLogWorker.java:run(327)) - 97efffe8-a0d9-4eb2-b8ba-05ac1adb2a18@group-DB1ADAF67F51-SegmentedRaftLogWorker was interrupted, exiting. There are 0 tasks remaining in the queue.
2022-01-10 01:37:40,710 [ForkJoinPool.commonPool-worker-0] INFO  segmented.SegmentedRaftLogWorker (SegmentedRaftLogWorker.java:close(237)) - 97efffe8-a0d9-4eb2-b8ba-05ac1adb2a18@group-DB1ADAF67F51-SegmentedRaftLogWorker close()
2022-01-10 01:37:40,714 [ForkJoinPool.commonPool-worker-0] INFO  server.GrpcService (GrpcService.java:closeImpl(262)) - 97efffe8-a0d9-4eb2-b8ba-05ac1adb2a18: shutdown server with port 41617 now
2022-01-10 01:37:40,742 [ForkJoinPool.commonPool-worker-0] INFO  server.GrpcService (GrpcService.java:closeImpl(271)) - 97efffe8-a0d9-4eb2-b8ba-05ac1adb2a18: shutdown server with port 41617 successfully
2022-01-10 01:37:40,742 [org.apache.ratis.util.JvmPauseMonitor$$Lambda$529/1957356322@caebc83] INFO  util.JvmPauseMonitor (JvmPauseMonitor.java:run(109)) - JvmPauseMonitor-97efffe8-a0d9-4eb2-b8ba-05ac1adb2a18: Stopped
2022-01-10 01:37:42,700 [Listener at 127.0.0.1/39943] INFO  utils.BackgroundService (BackgroundService.java:shutdown(132)) - Shutting down service BlockDeletingService
2022-01-10 01:37:42,768 [ForkJoinPool.commonPool-worker-0] INFO  utils.BackgroundService (BackgroundService.java:shutdown(132)) - Shutting down service BlockDeletingService
2022-01-10 01:37:45,710 [Listener at 127.0.0.1/39943] INFO  statemachine.DatanodeStateMachine (DatanodeStateMachine.java:stopDaemon(526)) - Ozone container server stopped.
2022-01-10 01:37:45,710 [Listener at 127.0.0.1/39943] INFO  handler.ContextHandler (ContextHandler.java:doStop(1153)) - Stopped o.e.j.w.WebAppContext@18c135fa{hddsDatanode,/,null,STOPPED}{jar:file:/home/runner/.m2/repository/org/apache/ozone/hdds-container-service/1.3.0-SNAPSHOT/hdds-container-service-1.3.0-SNAPSHOT.jar!/webapps/hddsDatanode}
2022-01-10 01:37:45,711 [Listener at 127.0.0.1/39943] INFO  server.AbstractConnector (AbstractConnector.java:doStop(381)) - Stopped ServerConnector@5eb2e851{HTTP/1.1, (http/1.1)}{0.0.0.0:0}
2022-01-10 01:37:45,712 [Listener at 127.0.0.1/39943] INFO  server.session (HouseKeeper.java:stopScavenging(149)) - node0 Stopped scavenging
2022-01-10 01:37:45,712 [Listener at 127.0.0.1/39943] INFO  handler.ContextHandler (ContextHandler.java:doStop(1153)) - Stopped o.e.j.s.ServletContextHandler@70cef1d3{static,/static,jar:file:/home/runner/.m2/repository/org/apache/ozone/hdds-container-service/1.3.0-SNAPSHOT/hdds-container-service-1.3.0-SNAPSHOT.jar!/webapps/static,STOPPED}
2022-01-10 01:37:45,712 [Listener at 127.0.0.1/39943] INFO  handler.ContextHandler (ContextHandler.java:doStop(1153)) - Stopped o.e.j.s.ServletContextHandler@2126cfaf{logs,/logs,file:///home/runner/work/ozone/ozone/hadoop-ozone/integration-test/target/log,STOPPED}
2022-01-10 01:37:45,783 [ForkJoinPool.commonPool-worker-0] INFO  statemachine.DatanodeStateMachine (DatanodeStateMachine.java:stopDaemon(526)) - Ozone container server stopped.
2022-01-10 01:37:45,789 [ForkJoinPool.commonPool-worker-0] INFO  handler.ContextHandler (ContextHandler.java:doStop(1153)) - Stopped o.e.j.w.WebAppContext@32ceaba7{hddsDatanode,/,null,STOPPED}{jar:file:/home/runner/.m2/repository/org/apache/ozone/hdds-container-service/1.3.0-SNAPSHOT/hdds-container-service-1.3.0-SNAPSHOT.jar!/webapps/hddsDatanode}
2022-01-10 01:37:45,807 [ForkJoinPool.commonPool-worker-0] INFO  server.AbstractConnector (AbstractConnector.java:doStop(381)) - Stopped ServerConnector@64b6a7fb{HTTP/1.1, (http/1.1)}{0.0.0.0:0}
2022-01-10 01:37:45,807 [ForkJoinPool.commonPool-worker-0] INFO  server.session (HouseKeeper.java:stopScavenging(149)) - node0 Stopped scavenging
2022-01-10 01:37:45,808 [ForkJoinPool.commonPool-worker-0] INFO  handler.ContextHandler (ContextHandler.java:doStop(1153)) - Stopped o.e.j.s.ServletContextHandler@55455a81{static,/static,jar:file:/home/runner/.m2/repository/org/apache/ozone/hdds-container-service/1.3.0-SNAPSHOT/hdds-container-service-1.3.0-SNAPSHOT.jar!/webapps/static,STOPPED}
2022-01-10 01:37:45,810 [ForkJoinPool.commonPool-worker-0] INFO  handler.ContextHandler (ContextHandler.java:doStop(1153)) - Stopped o.e.j.s.ServletContextHandler@7eb39133{logs,/logs,file:///home/runner/work/ozone/ozone/hadoop-ozone/integration-test/target/log,STOPPED}
2022-01-10 01:37:48,758 [b4496ae0-fc73-4297-a03c-903064600ecd@group-DB1ADAF67F51-FollowerState] INFO  impl.FollowerState (FollowerState.java:run(134)) - b4496ae0-fc73-4297-a03c-903064600ecd@group-DB1ADAF67F51-FollowerState: change to CANDIDATE, lastRpcElapsedTime:9415359902ns, electionTimeout:5188ms
2022-01-10 01:37:48,758 [b4496ae0-fc73-4297-a03c-903064600ecd@group-DB1ADAF67F51-FollowerState] INFO  impl.RoleInfo (RoleInfo.java:shutdownFollowerState(108)) - b4496ae0-fc73-4297-a03c-903064600ecd: shutdown b4496ae0-fc73-4297-a03c-903064600ecd@group-DB1ADAF67F51-FollowerState
2022-01-10 01:37:48,758 [b4496ae0-fc73-4297-a03c-903064600ecd@group-DB1ADAF67F51-FollowerState] INFO  server.RaftServer$Division (RaftServerImpl.java:setRole(290)) - b4496ae0-fc73-4297-a03c-903064600ecd@group-DB1ADAF67F51: changes role from  FOLLOWER to CANDIDATE at term 2 for changeToCandidate
2022-01-10 01:37:48,758 [b4496ae0-fc73-4297-a03c-903064600ecd@group-DB1ADAF67F51-FollowerState] INFO  server.RaftServerConfigKeys (ConfUtils.java:logGet(44)) - raft.server.leaderelection.pre-vote = false (custom)
2022-01-10 01:37:48,758 [b4496ae0-fc73-4297-a03c-903064600ecd@group-DB1ADAF67F51-FollowerState] INFO  impl.RoleInfo (RoleInfo.java:updateAndGet(130)) - b4496ae0-fc73-4297-a03c-903064600ecd: start b4496ae0-fc73-4297-a03c-903064600ecd@group-DB1ADAF67F51-LeaderElection42
2022-01-10 01:37:48,790 [b4496ae0-fc73-4297-a03c-903064600ecd@group-DB1ADAF67F51-LeaderElection42] INFO  server.RaftServer$Division (ServerState.java:setLeader(285)) - b4496ae0-fc73-4297-a03c-903064600ecd@group-DB1ADAF67F51: change Leader from b1fc3843-4175-4724-a1a5-46b4e39f3b17 to null at term 2 for ELECTION
2022-01-10 01:37:48,796 [b4496ae0-fc73-4297-a03c-903064600ecd@group-DB1ADAF67F51-LeaderElection42] INFO  impl.LeaderElection (LeaderElection.java:askForVotes(306)) - b4496ae0-fc73-4297-a03c-903064600ecd@group-DB1ADAF67F51-LeaderElection42 ELECTION round 0: submit vote requests at term 3 for 0: [97efffe8-a0d9-4eb2-b8ba-05ac1adb2a18|rpc:10.1.0.8:41617|dataStream:|priority:0, b1fc3843-4175-4724-a1a5-46b4e39f3b17|rpc:10.1.0.8:42567|dataStream:|priority:1, b4496ae0-fc73-4297-a03c-903064600ecd|rpc:10.1.0.8:38203|dataStream:|priority:0], old=null
2022-01-10 01:37:48,863 [b4496ae0-fc73-4297-a03c-903064600ecd@group-DB1ADAF67F51-LeaderElection42] INFO  impl.LeaderElection (LogUtils.java:infoOrTrace(137)) - b4496ae0-fc73-4297-a03c-903064600ecd@group-DB1ADAF67F51-LeaderElection42 got exception when requesting votes: java.util.concurrent.ExecutionException: org.apache.ratis.thirdparty.io.grpc.StatusRuntimeException: UNAVAILABLE: io exception
2022-01-10 01:37:48,865 [b4496ae0-fc73-4297-a03c-903064600ecd@group-DB1ADAF67F51-LeaderElection42] INFO  impl.LeaderElection (LogUtils.java:infoOrTrace(137)) - b4496ae0-fc73-4297-a03c-903064600ecd@group-DB1ADAF67F51-LeaderElection42 got exception when requesting votes: java.util.concurrent.ExecutionException: org.apache.ratis.thirdparty.io.grpc.StatusRuntimeException: UNAVAILABLE: io exception
2022-01-10 01:37:48,866 [b4496ae0-fc73-4297-a03c-903064600ecd@group-DB1ADAF67F51-LeaderElection42] INFO  impl.LeaderElection (LeaderElection.java:logAndReturn(89)) - b4496ae0-fc73-4297-a03c-903064600ecd@group-DB1ADAF67F51-LeaderElection42: ELECTION REJECTED received 0 response(s) and 2 exception(s):
2022-01-10 01:37:48,866 [b4496ae0-fc73-4297-a03c-903064600ecd@group-DB1ADAF67F51-LeaderElection42] INFO  impl.LeaderElection (LogUtils.java:infoOrTrace(137)) -   Exception 0: java.util.concurrent.ExecutionException: org.apache.ratis.thirdparty.io.grpc.StatusRuntimeException: UNAVAILABLE: io exception
2022-01-10 01:37:48,866 [b4496ae0-fc73-4297-a03c-903064600ecd@group-DB1ADAF67F51-LeaderElection42] INFO  impl.LeaderElection (LogUtils.java:infoOrTrace(137)) -   Exception 1: java.util.concurrent.ExecutionException: org.apache.ratis.thirdparty.io.grpc.StatusRuntimeException: UNAVAILABLE: io exception
2022-01-10 01:37:48,866 [b4496ae0-fc73-4297-a03c-903064600ecd@group-DB1ADAF67F51-LeaderElection42] INFO  impl.LeaderElection (LeaderElection.java:askForVotes(308)) - b4496ae0-fc73-4297-a03c-903064600ecd@group-DB1ADAF67F51-LeaderElection42 ELECTION round 0: result REJECTED
2022-01-10 01:37:48,866 [b4496ae0-fc73-4297-a03c-903064600ecd@group-DB1ADAF67F51-LeaderElection42] INFO  server.RaftServer$Division (RaftServerImpl.java:setRole(290)) - b4496ae0-fc73-4297-a03c-903064600ecd@group-DB1ADAF67F51: changes role from CANDIDATE to FOLLOWER at term 3 for REJECTED
2022-01-10 01:37:48,866 [b4496ae0-fc73-4297-a03c-903064600ecd@group-DB1ADAF67F51-LeaderElection42] INFO  impl.RoleInfo (RoleInfo.java:shutdownLeaderElection(121)) - b4496ae0-fc73-4297-a03c-903064600ecd: shutdown b4496ae0-fc73-4297-a03c-903064600ecd@group-DB1ADAF67F51-LeaderElection42
2022-01-10 01:37:48,866 [b4496ae0-fc73-4297-a03c-903064600ecd@group-DB1ADAF67F51-LeaderElection42] INFO  impl.RoleInfo (RoleInfo.java:updateAndGet(130)) - b4496ae0-fc73-4297-a03c-903064600ecd: start b4496ae0-fc73-4297-a03c-903064600ecd@group-DB1ADAF67F51-FollowerState
2022-01-10 01:37:49,685 [b4496ae0-fc73-4297-a03c-903064600ecd@group-EF2998936A88-FollowerState] INFO  impl.FollowerState (FollowerState.java:run(134)) - b4496ae0-fc73-4297-a03c-903064600ecd@group-EF2998936A88-FollowerState: change to CANDIDATE, lastRpcElapsedTime:10122187819ns, electionTimeout:5164ms
2022-01-10 01:37:49,686 [b4496ae0-fc73-4297-a03c-903064600ecd@group-EF2998936A88-FollowerState] INFO  impl.RoleInfo (RoleInfo.java:shutdownFollowerState(108)) - b4496ae0-fc73-4297-a03c-903064600ecd: shutdown b4496ae0-fc73-4297-a03c-903064600ecd@group-EF2998936A88-FollowerState
2022-01-10 01:37:49,686 [b4496ae0-fc73-4297-a03c-903064600ecd@group-EF2998936A88-FollowerState] INFO  server.RaftServer$Division (RaftServerImpl.java:setRole(290)) - b4496ae0-fc73-4297-a03c-903064600ecd@group-EF2998936A88: changes role from  FOLLOWER to CANDIDATE at term 5 for changeToCandidate
2022-01-10 01:37:49,686 [b4496ae0-fc73-4297-a03c-903064600ecd@group-EF2998936A88-FollowerState] INFO  server.RaftServerConfigKeys (ConfUtils.java:logGet(44)) - raft.server.leaderelection.pre-vote = false (custom)
2022-01-10 01:37:49,686 [b4496ae0-fc73-4297-a03c-903064600ecd@group-EF2998936A88-FollowerState] INFO  impl.RoleInfo (RoleInfo.java:updateAndGet(130)) - b4496ae0-fc73-4297-a03c-903064600ecd: start b4496ae0-fc73-4297-a03c-903064600ecd@group-EF2998936A88-LeaderElection43
2022-01-10 01:37:49,704 [b4496ae0-fc73-4297-a03c-903064600ecd@group-EF2998936A88-LeaderElection43] INFO  server.RaftServer$Division (ServerState.java:setLeader(285)) - b4496ae0-fc73-4297-a03c-903064600ecd@group-EF2998936A88: change Leader from 97efffe8-a0d9-4eb2-b8ba-05ac1adb2a18 to null at term 5 for ELECTION
2022-01-10 01:37:49,706 [b4496ae0-fc73-4297-a03c-903064600ecd@group-EF2998936A88-LeaderElection43] INFO  impl.LeaderElection (LeaderElection.java:askForVotes(306)) - b4496ae0-fc73-4297-a03c-903064600ecd@group-EF2998936A88-LeaderElection43 ELECTION round 0: submit vote requests at term 6 for 0: [97efffe8-a0d9-4eb2-b8ba-05ac1adb2a18|rpc:10.1.0.8:41617|dataStream:|priority:1, b1fc3843-4175-4724-a1a5-46b4e39f3b17|rpc:10.1.0.8:42567|dataStream:|priority:0, b4496ae0-fc73-4297-a03c-903064600ecd|rpc:10.1.0.8:38203|dataStream:|priority:0], old=null
2022-01-10 01:37:49,717 [b4496ae0-fc73-4297-a03c-903064600ecd@group-EF2998936A88-LeaderElection43] INFO  impl.LeaderElection (LogUtils.java:infoOrTrace(137)) - b4496ae0-fc73-4297-a03c-903064600ecd@group-EF2998936A88-LeaderElection43 got exception when requesting votes: java.util.concurrent.ExecutionException: org.apache.ratis.thirdparty.io.grpc.StatusRuntimeException: UNAVAILABLE: io exception
2022-01-10 01:37:49,718 [b4496ae0-fc73-4297-a03c-903064600ecd@group-EF2998936A88-LeaderElection43] INFO  impl.LeaderElection (LogUtils.java:infoOrTrace(137)) - b4496ae0-fc73-4297-a03c-903064600ecd@group-EF2998936A88-LeaderElection43 got exception when requesting votes: java.util.concurrent.ExecutionException: org.apache.ratis.thirdparty.io.grpc.StatusRuntimeException: UNAVAILABLE: io exception
2022-01-10 01:37:49,718 [b4496ae0-fc73-4297-a03c-903064600ecd@group-EF2998936A88-LeaderElection43] INFO  impl.LeaderElection (LeaderElection.java:logAndReturn(89)) - b4496ae0-fc73-4297-a03c-903064600ecd@group-EF2998936A88-LeaderElection43: ELECTION REJECTED received 0 response(s) and 2 exception(s):
2022-01-10 01:37:49,718 [b4496ae0-fc73-4297-a03c-903064600ecd@group-EF2998936A88-LeaderElection43] INFO  impl.LeaderElection (LogUtils.java:infoOrTrace(137)) -   Exception 0: java.util.concurrent.ExecutionException: org.apache.ratis.thirdparty.io.grpc.StatusRuntimeException: UNAVAILABLE: io exception
2022-01-10 01:37:49,718 [b4496ae0-fc73-4297-a03c-903064600ecd@group-EF2998936A88-LeaderElection43] INFO  impl.LeaderElection (LogUtils.java:infoOrTrace(137)) -   Exception 1: java.util.concurrent.ExecutionException: org.apache.ratis.thirdparty.io.grpc.StatusRuntimeException: UNAVAILABLE: io exception
2022-01-10 01:37:49,718 [b4496ae0-fc73-4297-a03c-903064600ecd@group-EF2998936A88-LeaderElection43] INFO  impl.LeaderElection (LeaderElection.java:askForVotes(308)) - b4496ae0-fc73-4297-a03c-903064600ecd@group-EF2998936A88-LeaderElection43 ELECTION round 0: result REJECTED
2022-01-10 01:37:49,718 [b4496ae0-fc73-4297-a03c-903064600ecd@group-EF2998936A88-LeaderElection43] INFO  server.RaftServer$Division (RaftServerImpl.java:setRole(290)) - b4496ae0-fc73-4297-a03c-903064600ecd@group-EF2998936A88: changes role from CANDIDATE to FOLLOWER at term 6 for REJECTED
2022-01-10 01:37:49,718 [b4496ae0-fc73-4297-a03c-903064600ecd@group-EF2998936A88-LeaderElection43] INFO  impl.RoleInfo (RoleInfo.java:shutdownLeaderElection(121)) - b4496ae0-fc73-4297-a03c-903064600ecd: shutdown b4496ae0-fc73-4297-a03c-903064600ecd@group-EF2998936A88-LeaderElection43
2022-01-10 01:37:49,718 [b4496ae0-fc73-4297-a03c-903064600ecd@group-EF2998936A88-LeaderElection43] INFO  impl.RoleInfo (RoleInfo.java:updateAndGet(130)) - b4496ae0-fc73-4297-a03c-903064600ecd: start b4496ae0-fc73-4297-a03c-903064600ecd@group-EF2998936A88-FollowerState
2022-01-10 01:37:50,714 [Listener at 127.0.0.1/39943] INFO  ozoneimpl.OzoneContainer (OzoneContainer.java:stop(336)) - Attempting to stop container services.
2022-01-10 01:37:50,719 [Listener at 127.0.0.1/39943] INFO  server.RaftServer (RaftServerProxy.java:lambda$close$6(391)) - b4496ae0-fc73-4297-a03c-903064600ecd: close
2022-01-10 01:37:50,725 [Listener at 127.0.0.1/39943] INFO  server.RaftServer$Division (RaftServerImpl.java:lambda$close$4(412)) - b4496ae0-fc73-4297-a03c-903064600ecd@group-EF2998936A88: shutdown
2022-01-10 01:37:50,726 [Listener at 127.0.0.1/39943] INFO  util.JmxRegister (JmxRegister.java:unregister(73)) - Successfully un-registered JMX Bean with object name Ratis:service=RaftServer,group=group-EF2998936A88,id=b4496ae0-fc73-4297-a03c-903064600ecd
2022-01-10 01:37:50,726 [Listener at 127.0.0.1/39943] INFO  impl.RoleInfo (RoleInfo.java:shutdownFollowerState(108)) - b4496ae0-fc73-4297-a03c-903064600ecd: shutdown b4496ae0-fc73-4297-a03c-903064600ecd@group-EF2998936A88-FollowerState
2022-01-10 01:37:50,726 [Listener at 127.0.0.1/39943] INFO  impl.StateMachineUpdater (StateMachineUpdater.java:stopAndJoin(149)) - b4496ae0-fc73-4297-a03c-903064600ecd@group-EF2998936A88-StateMachineUpdater: set stopIndex = 0
2022-01-10 01:37:50,726 [b4496ae0-fc73-4297-a03c-903064600ecd@group-EF2998936A88-StateMachineUpdater] INFO  ratis.ContainerStateMachine (ContainerStateMachine.java:takeSnapshot(299)) - group-EF2998936A88: Taking a snapshot at:(t:5, i:0) file /home/runner/work/ozone/ozone/hadoop-ozone/integration-test/target/test-dir/MiniOzoneClusterImpl-68802873-f272-46eb-8a6f-b1572e6a6d36/datanode-2/data/ratis/ee0ca7a8-41d3-43f0-b7e4-ef2998936a88/sm/snapshot.5_0
2022-01-10 01:37:50,726 [b4496ae0-fc73-4297-a03c-903064600ecd@group-EF2998936A88-FollowerState] INFO  impl.FollowerState (FollowerState.java:run(143)) - b4496ae0-fc73-4297-a03c-903064600ecd@group-EF2998936A88-FollowerState was interrupted: {}
java.lang.InterruptedException: sleep interrupted
	at java.lang.Thread.sleep(Native Method)
	at java.lang.Thread.sleep(Thread.java:340)
	at java.util.concurrent.TimeUnit.sleep(TimeUnit.java:386)
	at org.apache.ratis.util.TimeDuration.sleep(TimeDuration.java:324)
	at org.apache.ratis.util.TimeDuration.sleep(TimeDuration.java:309)
	at org.apache.ratis.server.impl.FollowerState.run(FollowerState.java:118)
2022-01-10 01:37:50,728 [b4496ae0-fc73-4297-a03c-903064600ecd@group-EF2998936A88-StateMachineUpdater] INFO  ratis.ContainerStateMachine (ContainerStateMachine.java:takeSnapshot(310)) - group-EF2998936A88: Finished taking a snapshot at:(t:5, i:0) file:/home/runner/work/ozone/ozone/hadoop-ozone/integration-test/target/test-dir/MiniOzoneClusterImpl-68802873-f272-46eb-8a6f-b1572e6a6d36/datanode-2/data/ratis/ee0ca7a8-41d3-43f0-b7e4-ef2998936a88/sm/snapshot.5_0 took: 1 ms
2022-01-10 01:37:50,728 [b4496ae0-fc73-4297-a03c-903064600ecd@group-EF2998936A88-StateMachineUpdater] INFO  impl.StateMachineUpdater (StateMachineUpdater.java:takeSnapshot(281)) - b4496ae0-fc73-4297-a03c-903064600ecd@group-EF2998936A88-StateMachineUpdater: Took a snapshot at index 0
2022-01-10 01:37:50,728 [b4496ae0-fc73-4297-a03c-903064600ecd@group-EF2998936A88-StateMachineUpdater] INFO  impl.StateMachineUpdater (StateMachineUpdater.java:lambda$new$0(89)) - b4496ae0-fc73-4297-a03c-903064600ecd@group-EF2998936A88-StateMachineUpdater: snapshotIndex: updateIncreasingly -1 -> 0
2022-01-10 01:37:50,728 [Listener at 127.0.0.1/39943] INFO  server.RaftServer$Division (ServerState.java:close(419)) - b4496ae0-fc73-4297-a03c-903064600ecd@group-EF2998936A88: closes. applyIndex: 0
2022-01-10 01:37:50,729 [b4496ae0-fc73-4297-a03c-903064600ecd@group-EF2998936A88-SegmentedRaftLogWorker] INFO  segmented.SegmentedRaftLogWorker (SegmentedRaftLogWorker.java:run(327)) - b4496ae0-fc73-4297-a03c-903064600ecd@group-EF2998936A88-SegmentedRaftLogWorker was interrupted, exiting. There are 0 tasks remaining in the queue.
2022-01-10 01:37:50,733 [Listener at 127.0.0.1/39943] INFO  segmented.SegmentedRaftLogWorker (SegmentedRaftLogWorker.java:close(237)) - b4496ae0-fc73-4297-a03c-903064600ecd@group-EF2998936A88-SegmentedRaftLogWorker close()
2022-01-10 01:37:50,734 [Listener at 127.0.0.1/39943] INFO  server.RaftServer$Division (RaftServerImpl.java:lambda$close$4(412)) - b4496ae0-fc73-4297-a03c-903064600ecd@group-DB1ADAF67F51: shutdown
2022-01-10 01:37:50,734 [Listener at 127.0.0.1/39943] INFO  util.JmxRegister (JmxRegister.java:unregister(73)) - Successfully un-registered JMX Bean with object name Ratis:service=RaftServer,group=group-DB1ADAF67F51,id=b4496ae0-fc73-4297-a03c-903064600ecd
2022-01-10 01:37:50,734 [Listener at 127.0.0.1/39943] INFO  impl.RoleInfo (RoleInfo.java:shutdownFollowerState(108)) - b4496ae0-fc73-4297-a03c-903064600ecd: shutdown b4496ae0-fc73-4297-a03c-903064600ecd@group-DB1ADAF67F51-FollowerState
2022-01-10 01:37:50,734 [Listener at 127.0.0.1/39943] INFO  impl.StateMachineUpdater (StateMachineUpdater.java:stopAndJoin(149)) - b4496ae0-fc73-4297-a03c-903064600ecd@group-DB1ADAF67F51-StateMachineUpdater: set stopIndex = 28
2022-01-10 01:37:50,734 [b4496ae0-fc73-4297-a03c-903064600ecd@group-DB1ADAF67F51-FollowerState] INFO  impl.FollowerState (FollowerState.java:run(143)) - b4496ae0-fc73-4297-a03c-903064600ecd@group-DB1ADAF67F51-FollowerState was interrupted: {}
java.lang.InterruptedException: sleep interrupted
	at java.lang.Thread.sleep(Native Method)
	at java.lang.Thread.sleep(Thread.java:340)
	at java.util.concurrent.TimeUnit.sleep(TimeUnit.java:386)
	at org.apache.ratis.util.TimeDuration.sleep(TimeDuration.java:324)
	at org.apache.ratis.util.TimeDuration.sleep(TimeDuration.java:309)
	at org.apache.ratis.server.impl.FollowerState.run(FollowerState.java:118)
2022-01-10 01:37:50,735 [ForkJoinPool.commonPool-worker-1] INFO  server.RaftServer$Division (RaftServerImpl.java:lambda$close$4(412)) - b4496ae0-fc73-4297-a03c-903064600ecd@group-BAA680B8AEC8: shutdown
2022-01-10 01:37:50,735 [ForkJoinPool.commonPool-worker-1] INFO  util.JmxRegister (JmxRegister.java:unregister(73)) - Successfully un-registered JMX Bean with object name Ratis:service=RaftServer,group=group-BAA680B8AEC8,id=b4496ae0-fc73-4297-a03c-903064600ecd
2022-01-10 01:37:50,735 [ForkJoinPool.commonPool-worker-1] INFO  impl.RoleInfo (RoleInfo.java:shutdownLeaderState(91)) - b4496ae0-fc73-4297-a03c-903064600ecd: shutdown b4496ae0-fc73-4297-a03c-903064600ecd@group-BAA680B8AEC8-LeaderStateImpl
2022-01-10 01:37:50,735 [ForkJoinPool.commonPool-worker-1] INFO  impl.PendingRequests (PendingRequests.java:sendNotLeaderResponses(282)) - b4496ae0-fc73-4297-a03c-903064600ecd@group-BAA680B8AEC8-PendingRequests: sendNotLeaderResponses
2022-01-10 01:37:50,735 [b4496ae0-fc73-4297-a03c-903064600ecd@group-DB1ADAF67F51-StateMachineUpdater] INFO  ratis.ContainerStateMachine (ContainerStateMachine.java:takeSnapshot(299)) - group-DB1ADAF67F51: Taking a snapshot at:(t:2, i:28) file /home/runner/work/ozone/ozone/hadoop-ozone/integration-test/target/test-dir/MiniOzoneClusterImpl-68802873-f272-46eb-8a6f-b1572e6a6d36/datanode-2/data/ratis/43a30b1b-0ab2-402e-877f-db1adaf67f51/sm/snapshot.2_28
2022-01-10 01:37:50,740 [ForkJoinPool.commonPool-worker-1] INFO  impl.StateMachineUpdater (StateMachineUpdater.java:stopAndJoin(149)) - b4496ae0-fc73-4297-a03c-903064600ecd@group-BAA680B8AEC8-StateMachineUpdater: set stopIndex = 0
2022-01-10 01:37:50,740 [b4496ae0-fc73-4297-a03c-903064600ecd@group-BAA680B8AEC8-StateMachineUpdater] INFO  ratis.ContainerStateMachine (ContainerStateMachine.java:takeSnapshot(299)) - group-BAA680B8AEC8: Taking a snapshot at:(t:1, i:0) file /home/runner/work/ozone/ozone/hadoop-ozone/integration-test/target/test-dir/MiniOzoneClusterImpl-68802873-f272-46eb-8a6f-b1572e6a6d36/datanode-2/data/ratis/472f2b59-de49-4d22-82a7-baa680b8aec8/sm/snapshot.1_0
2022-01-10 01:37:50,742 [b4496ae0-fc73-4297-a03c-903064600ecd@group-DB1ADAF67F51-StateMachineUpdater] INFO  ratis.ContainerStateMachine (ContainerStateMachine.java:takeSnapshot(310)) - group-DB1ADAF67F51: Finished taking a snapshot at:(t:2, i:28) file:/home/runner/work/ozone/ozone/hadoop-ozone/integration-test/target/test-dir/MiniOzoneClusterImpl-68802873-f272-46eb-8a6f-b1572e6a6d36/datanode-2/data/ratis/43a30b1b-0ab2-402e-877f-db1adaf67f51/sm/snapshot.2_28 took: 7 ms
2022-01-10 01:37:50,742 [b4496ae0-fc73-4297-a03c-903064600ecd@group-DB1ADAF67F51-StateMachineUpdater] INFO  impl.StateMachineUpdater (StateMachineUpdater.java:takeSnapshot(281)) - b4496ae0-fc73-4297-a03c-903064600ecd@group-DB1ADAF67F51-StateMachineUpdater: Took a snapshot at index 28
2022-01-10 01:37:50,742 [b4496ae0-fc73-4297-a03c-903064600ecd@group-DB1ADAF67F51-StateMachineUpdater] INFO  impl.StateMachineUpdater (StateMachineUpdater.java:lambda$new$0(89)) - b4496ae0-fc73-4297-a03c-903064600ecd@group-DB1ADAF67F51-StateMachineUpdater: snapshotIndex: updateIncreasingly -1 -> 28
2022-01-10 01:37:50,743 [b4496ae0-fc73-4297-a03c-903064600ecd@group-BAA680B8AEC8-StateMachineUpdater] INFO  ratis.ContainerStateMachine (ContainerStateMachine.java:takeSnapshot(310)) - group-BAA680B8AEC8: Finished taking a snapshot at:(t:1, i:0) file:/home/runner/work/ozone/ozone/hadoop-ozone/integration-test/target/test-dir/MiniOzoneClusterImpl-68802873-f272-46eb-8a6f-b1572e6a6d36/datanode-2/data/ratis/472f2b59-de49-4d22-82a7-baa680b8aec8/sm/snapshot.1_0 took: 2 ms
2022-01-10 01:37:50,743 [b4496ae0-fc73-4297-a03c-903064600ecd@group-BAA680B8AEC8-StateMachineUpdater] INFO  impl.StateMachineUpdater (StateMachineUpdater.java:takeSnapshot(281)) - b4496ae0-fc73-4297-a03c-903064600ecd@group-BAA680B8AEC8-StateMachineUpdater: Took a snapshot at index 0
2022-01-10 01:37:50,743 [b4496ae0-fc73-4297-a03c-903064600ecd@group-BAA680B8AEC8-StateMachineUpdater] INFO  impl.StateMachineUpdater (StateMachineUpdater.java:lambda$new$0(89)) - b4496ae0-fc73-4297-a03c-903064600ecd@group-BAA680B8AEC8-StateMachineUpdater: snapshotIndex: updateIncreasingly -1 -> 0
2022-01-10 01:37:50,743 [Listener at 127.0.0.1/39943] INFO  server.RaftServer$Division (ServerState.java:close(419)) - b4496ae0-fc73-4297-a03c-903064600ecd@group-DB1ADAF67F51: closes. applyIndex: 28
2022-01-10 01:37:50,743 [b4496ae0-fc73-4297-a03c-903064600ecd@group-DB1ADAF67F51-SegmentedRaftLogWorker] INFO  segmented.SegmentedRaftLogWorker (SegmentedRaftLogWorker.java:run(327)) - b4496ae0-fc73-4297-a03c-903064600ecd@group-DB1ADAF67F51-SegmentedRaftLogWorker was interrupted, exiting. There are 0 tasks remaining in the queue.
2022-01-10 01:37:50,744 [Listener at 127.0.0.1/39943] INFO  segmented.SegmentedRaftLogWorker (SegmentedRaftLogWorker.java:close(237)) - b4496ae0-fc73-4297-a03c-903064600ecd@group-DB1ADAF67F51-SegmentedRaftLogWorker close()
2022-01-10 01:37:50,746 [ForkJoinPool.commonPool-worker-1] INFO  server.RaftServer$Division (ServerState.java:close(419)) - b4496ae0-fc73-4297-a03c-903064600ecd@group-BAA680B8AEC8: closes. applyIndex: 0
2022-01-10 01:37:50,748 [b4496ae0-fc73-4297-a03c-903064600ecd@group-BAA680B8AEC8-SegmentedRaftLogWorker] INFO  segmented.SegmentedRaftLogWorker (SegmentedRaftLogWorker.java:run(327)) - b4496ae0-fc73-4297-a03c-903064600ecd@group-BAA680B8AEC8-SegmentedRaftLogWorker was interrupted, exiting. There are 0 tasks remaining in the queue.
2022-01-10 01:37:50,748 [ForkJoinPool.commonPool-worker-1] INFO  segmented.SegmentedRaftLogWorker (SegmentedRaftLogWorker.java:close(237)) - b4496ae0-fc73-4297-a03c-903064600ecd@group-BAA680B8AEC8-SegmentedRaftLogWorker close()
2022-01-10 01:37:50,754 [Listener at 127.0.0.1/39943] INFO  server.GrpcService (GrpcService.java:closeImpl(262)) - b4496ae0-fc73-4297-a03c-903064600ecd: shutdown server with port 38203 now
2022-01-10 01:37:50,759 [Listener at 127.0.0.1/39943] INFO  server.GrpcService (GrpcService.java:closeImpl(271)) - b4496ae0-fc73-4297-a03c-903064600ecd: shutdown server with port 38203 successfully
2022-01-10 01:37:50,759 [org.apache.ratis.util.JvmPauseMonitor$$Lambda$529/1957356322@628a553c] INFO  util.JvmPauseMonitor (JvmPauseMonitor.java:run(109)) - JvmPauseMonitor-b4496ae0-fc73-4297-a03c-903064600ecd: Stopped
2022-01-10 01:37:52,786 [Listener at 127.0.0.1/39943] INFO  utils.BackgroundService (BackgroundService.java:shutdown(132)) - Shutting down service BlockDeletingService
2022-01-10 01:37:55,793 [Listener at 127.0.0.1/39943] INFO  statemachine.DatanodeStateMachine (DatanodeStateMachine.java:stopDaemon(526)) - Ozone container server stopped.
2022-01-10 01:37:55,797 [Listener at 127.0.0.1/39943] INFO  handler.ContextHandler (ContextHandler.java:doStop(1153)) - Stopped o.e.j.w.WebAppContext@36f50eef{hddsDatanode,/,null,STOPPED}{jar:file:/home/runner/.m2/repository/org/apache/ozone/hdds-container-service/1.3.0-SNAPSHOT/hdds-container-service-1.3.0-SNAPSHOT.jar!/webapps/hddsDatanode}
2022-01-10 01:37:55,802 [Listener at 127.0.0.1/39943] INFO  server.AbstractConnector (AbstractConnector.java:doStop(381)) - Stopped ServerConnector@7bd8918{HTTP/1.1, (http/1.1)}{0.0.0.0:0}
2022-01-10 01:37:55,802 [Listener at 127.0.0.1/39943] INFO  server.session (HouseKeeper.java:stopScavenging(149)) - node0 Stopped scavenging
2022-01-10 01:37:55,802 [Listener at 127.0.0.1/39943] INFO  handler.ContextHandler (ContextHandler.java:doStop(1153)) - Stopped o.e.j.s.ServletContextHandler@abebd2{static,/static,jar:file:/home/runner/.m2/repository/org/apache/ozone/hdds-container-service/1.3.0-SNAPSHOT/hdds-container-service-1.3.0-SNAPSHOT.jar!/webapps/static,STOPPED}
2022-01-10 01:37:55,802 [Listener at 127.0.0.1/39943] INFO  handler.ContextHandler (ContextHandler.java:doStop(1153)) - Stopped o.e.j.s.ServletContextHandler@13488a7a{logs,/logs,file:///home/runner/work/ozone/ozone/hadoop-ozone/integration-test/target/log,STOPPED}
2022-01-10 01:37:55,806 [Listener at 127.0.0.1/39943] INFO  ozone.MiniOzoneClusterImpl (MiniOzoneClusterImpl.java:stopSCM(542)) - Stopping the StorageContainerManager
2022-01-10 01:37:55,806 [Listener at 127.0.0.1/39943] INFO  server.StorageContainerManager (StorageContainerManager.java:stop(1390)) - Stopping Container Balancer service.
2022-01-10 01:37:55,806 [Listener at 127.0.0.1/39943] INFO  balancer.ContainerBalancer (ContainerBalancer.java:stop(748)) - Container Balancer is not running.
2022-01-10 01:37:55,806 [Listener at 127.0.0.1/39943] INFO  server.StorageContainerManager (StorageContainerManager.java:stop(1397)) - Stopping Replication Manager Service.
2022-01-10 01:37:55,806 [Listener at 127.0.0.1/39943] INFO  container.ReplicationManager (ReplicationManager.java:stop(350)) - Stopping Replication Monitor Thread.
2022-01-10 01:37:55,807 [Listener at 127.0.0.1/39943] INFO  server.StorageContainerManager (StorageContainerManager.java:stop(1404)) - Stopping the Datanode Admin Monitor.
2022-01-10 01:37:55,807 [Listener at 127.0.0.1/39943] INFO  server.StorageContainerManager (StorageContainerManager.java:stop(1411)) - Stopping Lease Manager of the command watchers
2022-01-10 01:37:55,807 [Listener at 127.0.0.1/39943] INFO  server.StorageContainerManager (StorageContainerManager.java:stop(1418)) - Stopping datanode service RPC server
2022-01-10 01:37:55,807 [Listener at 127.0.0.1/39943] INFO  server.SCMDatanodeProtocolServer (SCMDatanodeProtocolServer.java:stop(390)) - Stopping the RPC server for DataNodes
2022-01-10 01:37:55,807 [Listener at 127.0.0.1/39943] INFO  ipc.Server (Server.java:stop(3414)) - Stopping server on 45113
2022-01-10 01:37:55,829 [IPC Server Responder] INFO  ipc.Server (Server.java:run(1512)) - Stopping IPC Server Responder
2022-01-10 01:37:55,829 [IPC Server listener on 0] INFO  ipc.Server (Server.java:run(1376)) - Stopping IPC Server listener on 0
2022-01-10 01:37:55,842 [SCM Heartbeat Processing Thread - 0] WARN  node.NodeStateManager (NodeStateManager.java:scheduleNextHealthCheck(799)) - Current Thread is interrupted, shutting down HB processing thread for Node Manager.
2022-01-10 01:37:55,842 [Listener at 127.0.0.1/39943] INFO  server.StorageContainerManager (StorageContainerManager.java:stop(1426)) - Stopping block service RPC server
2022-01-10 01:37:55,842 [Listener at 127.0.0.1/39943] INFO  server.SCMBlockProtocolServer (SCMBlockProtocolServer.java:stop(160)) - Stopping the RPC server for Block Protocol
2022-01-10 01:37:55,843 [Listener at 127.0.0.1/39943] INFO  ipc.Server (Server.java:stop(3414)) - Stopping server on 34531
2022-01-10 01:37:55,846 [Listener at 127.0.0.1/39943] INFO  server.StorageContainerManager (StorageContainerManager.java:stop(1433)) - Stopping the StorageContainerLocationProtocol RPC server
2022-01-10 01:37:55,847 [Listener at 127.0.0.1/39943] INFO  server.SCMClientProtocolServer (SCMClientProtocolServer.java:stop(173)) - Stopping the RPC server for Client Protocol
2022-01-10 01:37:55,847 [Listener at 127.0.0.1/39943] INFO  ipc.Server (Server.java:stop(3414)) - Stopping server on 34113
2022-01-10 01:37:55,847 [IPC Server Responder] INFO  ipc.Server (Server.java:run(1512)) - Stopping IPC Server Responder
2022-01-10 01:37:55,847 [IPC Server listener on 0] INFO  ipc.Server (Server.java:run(1376)) - Stopping IPC Server listener on 0
2022-01-10 01:37:55,859 [Listener at 127.0.0.1/39943] INFO  server.StorageContainerManager (StorageContainerManager.java:stop(1440)) - Stopping Storage Container Manager HTTP server.
2022-01-10 01:37:55,860 [Listener at 127.0.0.1/39943] INFO  handler.ContextHandler (ContextHandler.java:doStop(1153)) - Stopped o.e.j.w.WebAppContext@72c21c9f{scm,/,null,STOPPED}{file:/home/runner/work/ozone/ozone/hadoop-ozone/integration-test/target/test-classes/webapps/scm}
2022-01-10 01:37:55,860 [IPC Server Responder] INFO  ipc.Server (Server.java:run(1512)) - Stopping IPC Server Responder
2022-01-10 01:37:55,860 [IPC Server listener on 0] INFO  ipc.Server (Server.java:run(1376)) - Stopping IPC Server listener on 0
2022-01-10 01:37:55,861 [Listener at 127.0.0.1/39943] INFO  server.AbstractConnector (AbstractConnector.java:doStop(381)) - Stopped ServerConnector@119574a9{HTTP/1.1, (http/1.1)}{0.0.0.0:0}
2022-01-10 01:37:55,861 [Listener at 127.0.0.1/39943] INFO  server.session (HouseKeeper.java:stopScavenging(149)) - node0 Stopped scavenging
2022-01-10 01:37:55,861 [Listener at 127.0.0.1/39943] INFO  handler.ContextHandler (ContextHandler.java:doStop(1153)) - Stopped o.e.j.s.ServletContextHandler@72225e34{static,/static,file:///home/runner/work/ozone/ozone/hadoop-ozone/integration-test/target/test-classes/webapps/static,STOPPED}
2022-01-10 01:37:55,861 [Listener at 127.0.0.1/39943] INFO  handler.ContextHandler (ContextHandler.java:doStop(1153)) - Stopped o.e.j.s.ServletContextHandler@136cb5b5{logs,/logs,file:///home/runner/work/ozone/ozone/hadoop-ozone/integration-test/target/log,STOPPED}
2022-01-10 01:37:55,879 [Listener at 127.0.0.1/39943] INFO  server.StorageContainerManager (StorageContainerManager.java:stop(1451)) - Stopping Block Manager Service.
2022-01-10 01:37:55,880 [Listener at 127.0.0.1/39943] INFO  utils.BackgroundService (BackgroundService.java:shutdown(132)) - Shutting down service SCMBlockDeletingService
2022-01-10 01:37:55,880 [Listener at 127.0.0.1/39943] INFO  utils.BackgroundService (BackgroundService.java:shutdown(132)) - Shutting down service SCMBlockDeletingService
2022-01-10 01:37:55,880 [Listener at 127.0.0.1/39943] INFO  server.StorageContainerManager (StorageContainerManager.java:stop(1478)) - Stopping SCM Event Queue.
2022-01-10 01:37:55,880 [Listener at 127.0.0.1/39943] INFO  server.StorageContainerManager (StorageContainerManager.java:stop(1489)) - Stopping SCM HA services.
2022-01-10 01:37:55,881 [Listener at 127.0.0.1/39943] INFO  pipeline.BackgroundPipelineCreator (BackgroundPipelineCreator.java:stop(158)) - Stopping RatisPipelineUtilsThread.
2022-01-10 01:37:55,881 [Listener at 127.0.0.1/39943] INFO  server.StorageContainerManager (StorageContainerManager.java:stop(1499)) - Stopping SCM MetadataStore.
2022-01-10 01:37:55,885 [Listener at 127.0.0.1/39943] INFO  impl.MetricsSystemImpl (MetricsSystemImpl.java:stop(210)) - Stopping HddsDatanode metrics system...
2022-01-10 01:37:55,923 [prometheus] INFO  impl.MetricsSinkAdapter (MetricsSinkAdapter.java:publishMetricsFromQueue(141)) - prometheus thread interrupted.
2022-01-10 01:37:55,923 [Listener at 127.0.0.1/39943] INFO  impl.MetricsSystemImpl (MetricsSystemImpl.java:stop(216)) - HddsDatanode metrics system stopped.
2022-01-10 01:37:56,072 [Listener at 127.0.0.1/39943] WARN  server.ServerUtils (ServerUtils.java:getScmDbDir(148)) - ozone.scm.db.dirs is not configured. We recommend adding this setting. Falling back to ozone.metadata.dirs instead.
2022-01-10 01:37:56,078 [Listener at 127.0.0.1/39943] INFO  ha.SCMHANodeDetails (SCMHANodeDetails.java:loadSCMHAConfig(157)) - ServiceID for StorageContainerManager is null
2022-01-10 01:37:56,078 [Listener at 127.0.0.1/39943] INFO  ha.SCMHANodeDetails (SCMHANodeDetails.java:loadSCMHAConfig(162)) - ozone.scm.default.service.id is not defined, falling back to ozone.scm.service.ids to find serviceID for StorageContainerManager if it is HA enabled cluster
2022-01-10 01:37:56,078 [Listener at 127.0.0.1/39943] WARN  server.ServerUtils (ServerUtils.java:getScmDbDir(148)) - ozone.scm.db.dirs is not configured. We recommend adding this setting. Falling back to ozone.metadata.dirs instead.
2022-01-10 01:37:56,079 [Listener at 127.0.0.1/39943] INFO  upgrade.AbstractLayoutVersionManager (AbstractLayoutVersionManager.java:init(79)) - Initializing Layout version manager with metadata layout = SCM_HA (version = 2), software layout = SCM_HA (version = 2)
2022-01-10 01:37:56,134 [Listener at 127.0.0.1/39943] INFO  reflections.Reflections (Reflections.java:scan(232)) - Reflections took 48 ms to scan 7 urls, producing 119 keys and 279 values 
2022-01-10 01:37:56,136 [Listener at 127.0.0.1/39943] WARN  utils.HAUtils (HAUtils.java:getMetaDir(342)) - ozone.scm.db.dirs is not configured. We recommend adding this setting. Falling back to ozone.metadata.dirs instead.
2022-01-10 01:37:56,150 [Listener at 127.0.0.1/39943] WARN  db.DBStoreBuilder (DBStoreBuilder.java:applyDBDefinition(145)) - ozone.scm.db.dirs is not configured. We recommend adding this setting. Falling back to ozone.metadata.dirs instead.
2022-01-10 01:37:56,353 [Listener at 127.0.0.1/39943] INFO  net.NodeSchemaLoader (NodeSchemaLoader.java:loadSchemaFromFile(129)) - Loading schema from [jar:file:/home/runner/.m2/repository/org/apache/ozone/hdds-common/1.3.0-SNAPSHOT/hdds-common-1.3.0-SNAPSHOT.jar!/network-topology-default.xml]
2022-01-10 01:37:56,354 [Listener at 127.0.0.1/39943] INFO  net.NodeSchemaLoader (NodeSchemaLoader.java:loadSchema(176)) - Loading network topology layer schema file
2022-01-10 01:37:56,360 [Listener at 127.0.0.1/39943] INFO  ha.SequenceIdGenerator (SequenceIdGenerator.java:upgradeToSequenceId(347)) - upgrade localId to 109611004723200000
2022-01-10 01:37:56,360 [Listener at 127.0.0.1/39943] INFO  ha.SequenceIdGenerator (SequenceIdGenerator.java:upgradeToSequenceId(357)) - upgrade delTxnId to 0
2022-01-10 01:37:56,360 [Listener at 127.0.0.1/39943] INFO  ha.SequenceIdGenerator (SequenceIdGenerator.java:upgradeToSequenceId(371)) - upgrade containerId to 0
2022-01-10 01:37:56,360 [Listener at 127.0.0.1/39943] INFO  ha.SequenceIdGenerator (SequenceIdGenerator.java:<init>(218)) - Init the HA SequenceIdGenerator.
2022-01-10 01:37:56,361 [Listener at 127.0.0.1/39943] WARN  server.ServerUtils (ServerUtils.java:sanitizeUserArgs(73)) - ozone.scm.stale.node.interval value = 300000 is larger than max = 100000 based on the key value of ozone.scm.heartbeat.thread.interval, reset to the max value 100000.
2022-01-10 01:37:56,361 [Listener at 127.0.0.1/39943] WARN  server.ServerUtils (ServerUtils.java:sanitizeUserArgs(73)) - ozone.scm.stale.node.interval value = 300000 is larger than max = 100000 based on the key value of ozone.scm.heartbeat.thread.interval, reset to the max value 100000.
2022-01-10 01:37:56,361 [Listener at 127.0.0.1/39943] INFO  node.SCMNodeManager (SCMNodeManager.java:<init>(144)) - Entering startup safe mode.
2022-01-10 01:37:56,361 [Listener at 127.0.0.1/39943] INFO  algorithms.ContainerPlacementPolicyFactory (ContainerPlacementPolicyFactory.java:getPolicy(60)) - Create container placement policy of type org.apache.hadoop.hdds.scm.container.placement.algorithms.SCMContainerPlacementRandom
2022-01-10 01:37:56,362 [Listener at 127.0.0.1/39943] INFO  pipeline.PipelineStateManagerImpl (PipelineStateManagerImpl.java:initialize(78)) - No pipeline exists in current db
2022-01-10 01:37:56,362 [Listener at 127.0.0.1/39943] INFO  algorithms.LeaderChoosePolicyFactory (LeaderChoosePolicyFactory.java:getPolicy(57)) - Create leader choose policy of type org.apache.hadoop.hdds.scm.pipeline.leader.choose.algorithms.MinLeaderCountChoosePolicy
2022-01-10 01:37:56,362 [Listener at 127.0.0.1/39943] INFO  ha.SCMServiceManager (SCMServiceManager.java:register(43)) - Registering service BackgroundPipelineCreator.
2022-01-10 01:37:56,362 [Listener at 127.0.0.1/39943] INFO  pipeline.BackgroundPipelineCreator (BackgroundPipelineCreator.java:start(130)) - Starting RatisPipelineUtilsThread.
2022-01-10 01:37:56,363 [Listener at 127.0.0.1/39943] INFO  algorithms.PipelineChoosePolicyFactory (PipelineChoosePolicyFactory.java:createPipelineChoosePolicyFromClass(73)) - Create pipeline choose policy of type org.apache.hadoop.hdds.scm.pipeline.choose.algorithms.RandomPipelineChoosePolicy
2022-01-10 01:37:56,363 [Listener at 127.0.0.1/39943] INFO  ha.SCMServiceManager (SCMServiceManager.java:register(43)) - Registering service SCMBlockDeletingService.
2022-01-10 01:37:56,363 [Listener at 127.0.0.1/39943] INFO  ha.SCMServiceManager (SCMServiceManager.java:register(43)) - Registering service ReplicationManager.
2022-01-10 01:37:56,363 [Listener at 127.0.0.1/39943] INFO  container.ReplicationManager (ReplicationManager.java:start(319)) - Starting Replication Monitor Thread.
2022-01-10 01:37:56,364 [Listener at 127.0.0.1/39943] INFO  safemode.ContainerSafeModeRule (ContainerSafeModeRule.java:<init>(89)) - containers with one replica threshold count 0
2022-01-10 01:37:56,364 [Listener at 127.0.0.1/39943] INFO  safemode.HealthyPipelineSafeModeRule (HealthyPipelineSafeModeRule.java:initializeRule(156)) - Total pipeline count is 0, healthy pipeline threshold count is 1
2022-01-10 01:37:56,365 [Listener at 127.0.0.1/39943] INFO  safemode.OneReplicaPipelineSafeModeRule (OneReplicaPipelineSafeModeRule.java:initializeRule(180)) - Total pipeline count is 0, pipeline's with at least one datanode reported threshold count is 0
2022-01-10 01:37:56,365 [Listener at 127.0.0.1/39943] INFO  ipc.CallQueueManager (CallQueueManager.java:<init>(90)) - Using callQueue: class java.util.concurrent.LinkedBlockingQueue, queueCapacity: 2000, scheduler: class org.apache.hadoop.ipc.DefaultRpcScheduler, ipcBackoff: false.
2022-01-10 01:37:56,374 [ReplicationMonitor] INFO  container.ReplicationManager (ReplicationManager.java:processAll(371)) - Replication Monitor Thread took 0 milliseconds for processing 0 containers.
2022-01-10 01:37:56,384 [Socket Reader #1 for port 0] INFO  ipc.Server (Server.java:run(1265)) - Starting Socket Reader #1 for port 0
2022-01-10 01:37:56,385 [Listener at 0.0.0.0/38003] INFO  ipc.CallQueueManager (CallQueueManager.java:<init>(90)) - Using callQueue: class java.util.concurrent.LinkedBlockingQueue, queueCapacity: 2000, scheduler: class org.apache.hadoop.ipc.DefaultRpcScheduler, ipcBackoff: false.
2022-01-10 01:37:56,385 [Socket Reader #1 for port 0] INFO  ipc.Server (Server.java:run(1265)) - Starting Socket Reader #1 for port 0
2022-01-10 01:37:56,386 [Listener at 0.0.0.0/37159] INFO  ipc.CallQueueManager (CallQueueManager.java:<init>(90)) - Using callQueue: class java.util.concurrent.LinkedBlockingQueue, queueCapacity: 2000, scheduler: class org.apache.hadoop.ipc.DefaultRpcScheduler, ipcBackoff: false.
2022-01-10 01:37:56,386 [Socket Reader #1 for port 0] INFO  ipc.Server (Server.java:run(1265)) - Starting Socket Reader #1 for port 0
2022-01-10 01:37:56,442 [Listener at 0.0.0.0/44339] INFO  algorithms.ContainerPlacementPolicyFactory (ContainerPlacementPolicyFactory.java:getPolicy(60)) - Create container placement policy of type org.apache.hadoop.hdds.scm.container.placement.algorithms.SCMContainerPlacementRandom
2022-01-10 01:37:56,442 [Listener at 0.0.0.0/44339] INFO  server.StorageContainerManager (StorageContainerManager.java:<init>(388)) - 
Container Balancer status:
Key                            Value
Running                        false
Container Balancer Configuration values:
Key                                                Value
Threshold                                          0.1
Max Datanodes to Involve per Iteration(ratio)      0.2
Max Size to Move per Iteration                     30GB
Max Size Entering Target per Iteration             26GB
Max Size Leaving Source per Iteration              26GB

2022-01-10 01:37:56,443 [Listener at 0.0.0.0/44339] WARN  events.EventQueue (EventQueue.java:fireEvent(194)) - No event handler registered for event TypedEvent{payloadType=SafeModeStatus, name='Safe mode status'}
2022-01-10 01:37:56,443 [Listener at 0.0.0.0/44339] INFO  ha.SCMContext (SCMContext.java:updateSafeModeStatus(211)) - Update SafeModeStatus from SafeModeStatus{safeModeStatus=true, preCheckPassed=false} to SafeModeStatus{safeModeStatus=true, preCheckPassed=false}.
2022-01-10 01:37:56,444 [Listener at 0.0.0.0/44339] INFO  server.StorageContainerManager (StorageContainerManager.java:start(1303)) - StorageContainerLocationProtocol RPC server is listening at /0.0.0.0:44339
2022-01-10 01:37:56,450 [Listener at 0.0.0.0/44339] WARN  impl.MetricsConfig (MetricsConfig.java:loadFirst(136)) - Cannot locate configuration: tried hadoop-metrics2-storagecontainermanager.properties,hadoop-metrics2.properties
2022-01-10 01:37:56,453 [Listener at 0.0.0.0/44339] INFO  impl.MetricsSystemImpl (MetricsSystemImpl.java:startTimer(378)) - Scheduled Metric snapshot period at 10 second(s).
2022-01-10 01:37:56,453 [Listener at 0.0.0.0/44339] INFO  impl.MetricsSystemImpl (MetricsSystemImpl.java:start(191)) - StorageContainerManager metrics system started
2022-01-10 01:37:56,540 [Listener at 0.0.0.0/44339] INFO  impl.MetricsSinkAdapter (MetricsSinkAdapter.java:start(204)) - Sink prometheus started
2022-01-10 01:37:56,544 [Listener at 0.0.0.0/44339] INFO  impl.MetricsSystemImpl (MetricsSystemImpl.java:registerSink(305)) - Registered sink prometheus
2022-01-10 01:37:56,609 [Listener at 0.0.0.0/44339] INFO  server.SCMClientProtocolServer (SCMClientProtocolServer.java:start(164)) - RPC server for Client  is listening at /0.0.0.0:44339
2022-01-10 01:37:56,616 [IPC Server Responder] INFO  ipc.Server (Server.java:run(1507)) - IPC Server Responder: starting
2022-01-10 01:37:56,639 [IPC Server listener on 0] INFO  ipc.Server (Server.java:run(1344)) - IPC Server listener on 0: starting
2022-01-10 01:37:56,681 [Listener at 0.0.0.0/44339] INFO  server.StorageContainerManager (StorageContainerManager.java:start(1318)) - ScmBlockLocationProtocol RPC server is listening at /0.0.0.0:37159
2022-01-10 01:37:56,681 [Listener at 0.0.0.0/44339] INFO  server.SCMBlockProtocolServer (SCMBlockProtocolServer.java:start(151)) - RPC server for Block Protocol is listening at /0.0.0.0:37159
2022-01-10 01:37:56,682 [IPC Server Responder] INFO  ipc.Server (Server.java:run(1507)) - IPC Server Responder: starting
2022-01-10 01:37:56,682 [IPC Server listener on 0] INFO  ipc.Server (Server.java:run(1344)) - IPC Server listener on 0: starting
2022-01-10 01:37:56,683 [Listener at 0.0.0.0/44339] INFO  server.SCMDatanodeProtocolServer (SCMDatanodeProtocolServer.java:start(181)) - ScmDatanodeProtocol RPC server for DataNodes is listening at /0.0.0.0:38003
2022-01-10 01:37:56,684 [IPC Server Responder] INFO  ipc.Server (Server.java:run(1507)) - IPC Server Responder: starting
2022-01-10 01:37:56,684 [IPC Server listener on 0] INFO  ipc.Server (Server.java:run(1344)) - IPC Server listener on 0: starting
2022-01-10 01:37:56,739 [Listener at 0.0.0.0/44339] INFO  http.BaseHttpServer (BaseHttpServer.java:newHttpServer2BuilderForOzone(209)) - Starting Web-server for scm at: http://0.0.0.0:0
2022-01-10 01:37:56,739 [org.apache.hadoop.util.JvmPauseMonitor$Monitor@5d2ab65] INFO  util.JvmPauseMonitor (JvmPauseMonitor.java:run(188)) - Starting JVM pause monitor
2022-01-10 01:37:56,739 [Listener at 0.0.0.0/44339] INFO  http.BaseHttpServer (BaseHttpServer.java:<init>(107)) - Hadoop Security Enabled: false Ozone Security Enabled: false Ozone HTTP Security Enabled: false 
2022-01-10 01:37:56,740 [Listener at 0.0.0.0/44339] INFO  server.AuthenticationFilter (AuthenticationFilter.java:constructSecretProvider(240)) - Unable to initialize FileSignerSecretProvider, falling back to use random secrets.
2022-01-10 01:37:56,750 [Listener at 0.0.0.0/44339] WARN  http.HttpRequestLog (HttpRequestLog.java:getRequestLog(103)) - Jetty request log can only be enabled using Log4j
2022-01-10 01:37:56,750 [Listener at 0.0.0.0/44339] INFO  http.HttpServer2 (HttpServer2.java:addGlobalFilter(1030)) - Added global filter 'safety' (class=org.apache.hadoop.hdds.server.http.HttpServer2$QuotingInputFilter)
2022-01-10 01:37:56,751 [Listener at 0.0.0.0/44339] INFO  http.HttpServer2 (HttpServer2.java:addFilter(1006)) - Added filter static_user_filter (class=org.apache.hadoop.http.lib.StaticUserWebFilter$StaticUserFilter) to context scm
2022-01-10 01:37:56,751 [Listener at 0.0.0.0/44339] INFO  http.HttpServer2 (HttpServer2.java:addFilter(1014)) - Added filter static_user_filter (class=org.apache.hadoop.http.lib.StaticUserWebFilter$StaticUserFilter) to context logs
2022-01-10 01:37:56,751 [Listener at 0.0.0.0/44339] INFO  http.HttpServer2 (HttpServer2.java:addFilter(1014)) - Added filter static_user_filter (class=org.apache.hadoop.http.lib.StaticUserWebFilter$StaticUserFilter) to context static
2022-01-10 01:37:56,767 [Listener at 0.0.0.0/44339] INFO  http.HttpServer2 (HttpServer2.java:bindListener(1249)) - Jetty bound to port 39593
2022-01-10 01:37:56,768 [Listener at 0.0.0.0/44339] INFO  server.Server (Server.java:doStart(375)) - jetty-9.4.43.v20210629; built: 2021-06-30T11:07:22.254Z; git: 526006ecfa3af7f1a27ef3a288e2bef7ea9dd7e8; jvm 1.8.0_292-b10
2022-01-10 01:37:56,806 [Listener at 0.0.0.0/44339] INFO  server.session (DefaultSessionIdManager.java:doStart(334)) - DefaultSessionIdManager workerName=node0
2022-01-10 01:37:56,806 [Listener at 0.0.0.0/44339] INFO  server.session (DefaultSessionIdManager.java:doStart(339)) - No SessionScavenger set, using defaults
2022-01-10 01:37:56,806 [Listener at 0.0.0.0/44339] INFO  server.session (HouseKeeper.java:startScavenging(132)) - node0 Scavenging every 660000ms
2022-01-10 01:37:56,807 [Listener at 0.0.0.0/44339] INFO  handler.ContextHandler (ContextHandler.java:doStart(915)) - Started o.e.j.s.ServletContextHandler@7d4e082e{logs,/logs,file:///home/runner/work/ozone/ozone/hadoop-ozone/integration-test/target/log,AVAILABLE}
2022-01-10 01:37:56,808 [Listener at 0.0.0.0/44339] INFO  handler.ContextHandler (ContextHandler.java:doStart(915)) - Started o.e.j.s.ServletContextHandler@251ddb57{static,/static,file:///home/runner/work/ozone/ozone/hadoop-ozone/integration-test/target/test-classes/webapps/static,AVAILABLE}
2022-01-10 01:37:56,818 [Listener at 0.0.0.0/44339] INFO  handler.ContextHandler (ContextHandler.java:doStart(915)) - Started o.e.j.w.WebAppContext@500c0bda{scm,/,file:///home/runner/work/ozone/ozone/hadoop-ozone/integration-test/target/test-classes/webapps/scm/,AVAILABLE}{file:/home/runner/work/ozone/ozone/hadoop-ozone/integration-test/target/test-classes/webapps/scm}
2022-01-10 01:37:56,823 [Listener at 0.0.0.0/44339] INFO  server.AbstractConnector (AbstractConnector.java:doStart(331)) - Started ServerConnector@19c9e237{HTTP/1.1, (http/1.1)}{0.0.0.0:39593}
2022-01-10 01:37:56,823 [Listener at 0.0.0.0/44339] INFO  server.Server (Server.java:doStart(415)) - Started @155093ms
2022-01-10 01:37:56,823 [Listener at 0.0.0.0/44339] WARN  impl.MetricsSystemImpl (MetricsSystemImpl.java:register(279)) - Sink prometheus already exists!
2022-01-10 01:37:56,824 [Listener at 0.0.0.0/44339] INFO  http.BaseHttpServer (BaseHttpServer.java:updateConnectorAddress(329)) - HTTP server of scm listening at http://0.0.0.0:39593
2022-01-10 01:37:56,825 [Listener at 0.0.0.0/44339] WARN  server.ServerUtils (ServerUtils.java:getDBPath(225)) - ozone.om.db.dirs is not configured. We recommend adding this setting. Falling back to ozone.metadata.dirs instead.
2022-01-10 01:37:56,834 [Listener at 0.0.0.0/44339] INFO  ha.OMHANodeDetails (OMHANodeDetails.java:loadOMHAConfig(112)) - ozone.om.internal.service.id is not defined, falling back to ozone.om.service.ids to find serviceID for OzoneManager if it is HA enabled cluster
2022-01-10 01:37:56,834 [Listener at 0.0.0.0/44339] INFO  ha.OMHANodeDetails (OMHANodeDetails.java:loadOMHAConfig(218)) - Configuration does not have ozone.om.address set. Falling back to the default OM address /127.0.0.1:0
2022-01-10 01:37:56,837 [Listener at 0.0.0.0/44339] INFO  ha.OMHANodeDetails (OMHANodeDetails.java:getOMNodeDetailsForNonHA(246)) - OM Service ID is not set. Setting it to the default ID: omServiceIdDefault
2022-01-10 01:37:56,838 [Listener at 0.0.0.0/44339] INFO  ha.OMHANodeDetails (OMHANodeDetails.java:getOMNodeDetailsForNonHA(253)) - OM Node ID is not set. Setting it to the default ID: om1
2022-01-10 01:37:56,842 [Listener at 0.0.0.0/44339] WARN  server.ServerUtils (ServerUtils.java:getDBPath(225)) - ozone.om.db.dirs is not configured. We recommend adding this setting. Falling back to ozone.metadata.dirs instead.
2022-01-10 01:37:56,842 [Listener at 0.0.0.0/44339] INFO  upgrade.AbstractLayoutVersionManager (AbstractLayoutVersionManager.java:init(79)) - Initializing Layout version manager with metadata layout = INITIAL_VERSION (version = 0), software layout = INITIAL_VERSION (version = 0)
2022-01-10 01:37:56,975 [Listener at 0.0.0.0/44339] INFO  reflections.Reflections (Reflections.java:scan(232)) - Reflections took 132 ms to scan 2 urls, producing 133 keys and 345 values [using 2 cores]
2022-01-10 01:37:56,975 [Listener at 0.0.0.0/44339] INFO  upgrade.OMLayoutVersionManager (OMLayoutVersionManager.java:lambda$0(115)) - Skipping Upgrade Action MockOmUpgradeAction since it has been finalized.
2022-01-10 01:37:56,975 [Listener at 0.0.0.0/44339] WARN  server.ServerUtils (ServerUtils.java:getDBPath(225)) - ozone.om.db.dirs is not configured. We recommend adding this setting. Falling back to ozone.metadata.dirs instead.
2022-01-10 01:37:57,009 [Listener at 0.0.0.0/44339] WARN  server.ServerUtils (ServerUtils.java:getDBPath(225)) - ozone.om.db.dirs is not configured. We recommend adding this setting. Falling back to ozone.metadata.dirs instead.
2022-01-10 01:37:57,009 [Listener at 0.0.0.0/44339] INFO  codec.OmKeyInfoCodec (OmKeyInfoCodec.java:<init>(50)) - OmKeyInfoCodec ignorePipeline = true
2022-01-10 01:37:57,009 [Listener at 0.0.0.0/44339] INFO  codec.RepeatedOmKeyInfoCodec (RepeatedOmKeyInfoCodec.java:<init>(42)) - RepeatedOmKeyInfoCodec ignorePipeline = true
2022-01-10 01:37:57,265 [Listener at 0.0.0.0/44339] INFO  om.OzoneManager (OzoneManager.java:addS3GVolumeToDB(3728)) - Created Volume s3v With Owner runner required for S3Gateway operations.
2022-01-10 01:37:57,267 [Listener at 0.0.0.0/44339] WARN  server.ServerUtils (ServerUtils.java:getDefaultRatisDirectory(237)) - Storage directory for Ratis is not configured. It is a good idea to map this to an SSD disk. Falling back to ozone.metadata.dirs
2022-01-10 01:37:57,267 [Listener at 0.0.0.0/44339] WARN  utils.OzoneManagerRatisUtils (OzoneManagerRatisUtils.java:getOMRatisSnapshotDirectory(323)) - ozone.om.ratis.snapshot.dir is not configured. Falling back to ozone.metadata.dirs config
2022-01-10 01:37:57,276 [Listener at 0.0.0.0/44339] WARN  server.ServerUtils (ServerUtils.java:getDefaultRatisDirectory(237)) - Storage directory for Ratis is not configured. It is a good idea to map this to an SSD disk. Falling back to ozone.metadata.dirs
2022-01-10 01:37:57,277 [Listener at 0.0.0.0/44339] INFO  ratis.OzoneManagerRatisServer (OzoneManagerRatisServer.java:<init>(159)) - Instantiating OM Ratis server with groupID: omServiceIdDefault and peers: localhost:9872
2022-01-10 01:37:57,277 [Listener at 0.0.0.0/44339] INFO  ratis.OzoneManagerStateMachine (OzoneManagerStateMachine.java:loadSnapshotInfoFromDB(605)) - LastAppliedIndex is set from TransactionInfo from OM DB as (t:0, i:~)
2022-01-10 01:37:57,306 [Listener at 0.0.0.0/44339] INFO  server.RaftServer (ConfUtils.java:logGet(44)) - raft.rpc.type = GRPC (default)
2022-01-10 01:37:57,306 [Listener at 0.0.0.0/44339] INFO  grpc.GrpcFactory (GrpcFactory.java:checkPooledByteBufAllocatorUseCacheForAllThreads(48)) - PERFORMANCE WARNING: useCacheForAllThreads is true that may cause Netty to create a lot garbage objects and, as a result, trigger GC.
	It is recommended to disable useCacheForAllThreads by setting -Dorg.apache.ratis.thirdparty.io.netty.allocator.useCacheForAllThreads=false in command line.
2022-01-10 01:37:57,306 [Listener at 0.0.0.0/44339] INFO  grpc.GrpcConfigKeys (ConfUtils.java:logGet(44)) - raft.grpc.admin.port = -1 (default)
2022-01-10 01:37:57,306 [Listener at 0.0.0.0/44339] INFO  grpc.GrpcConfigKeys (ConfUtils.java:logGet(44)) - raft.grpc.server.port = 9872 (custom)
2022-01-10 01:37:57,306 [Listener at 0.0.0.0/44339] INFO  grpc.GrpcConfigKeys (ConfUtils.java:logGet(44)) - raft.grpc.client.port = -1 (default)
2022-01-10 01:37:57,306 [Listener at 0.0.0.0/44339] INFO  grpc.GrpcConfigKeys (ConfUtils.java:logGet(44)) - raft.grpc.server.port = 9872 (custom)
2022-01-10 01:37:57,306 [Listener at 0.0.0.0/44339] INFO  grpc.GrpcConfigKeys (ConfUtils.java:logGet(44)) - raft.grpc.server.port = 9872 (custom)
2022-01-10 01:37:57,306 [Listener at 0.0.0.0/44339] INFO  server.GrpcService (ConfUtils.java:logGet(44)) - raft.grpc.message.size.max = 33554432 (custom)
2022-01-10 01:37:57,307 [Listener at 0.0.0.0/44339] INFO  server.RaftServerConfigKeys (ConfUtils.java:logGet(44)) - raft.server.log.appender.buffer.byte-limit = 33554432 (custom)
2022-01-10 01:37:57,307 [Listener at 0.0.0.0/44339] INFO  server.GrpcService (ConfUtils.java:logGet(44)) - raft.grpc.flow.control.window = 1MB (=1048576) (default)
2022-01-10 01:37:57,307 [Listener at 0.0.0.0/44339] INFO  server.RaftServerConfigKeys (ConfUtils.java:logGet(44)) - raft.server.rpc.request.timeout = 3000ms (default)
2022-01-10 01:37:57,308 [Listener at 0.0.0.0/44339] INFO  impl.DataStreamServerImpl (ConfUtils.java:logGet(44)) - raft.datastream.type = DISABLED (default)
2022-01-10 01:37:57,308 [Listener at 0.0.0.0/44339] INFO  server.RaftServerConfigKeys (ConfUtils.java:logGet(44)) - raft.server.rpc.slowness.timeout = 120s (custom)
2022-01-10 01:37:57,308 [Listener at 0.0.0.0/44339] INFO  server.RaftServerConfigKeys (ConfUtils.java:logGet(44)) - raft.server.leaderelection.leader.step-down.wait-time = 10s (default)
2022-01-10 01:37:57,308 [Listener at 0.0.0.0/44339] INFO  server.RaftServerConfigKeys (ConfUtils.java:logGet(44)) - raft.server.storage.dir = [/home/runner/work/ozone/ozone/hadoop-ozone/integration-test/target/test-dir/MiniOzoneClusterImpl-7b7fc32a-99ce-43ed-b52b-39fc19fe0398/ozone-meta/ratis] (custom)
2022-01-10 01:37:57,310 [Listener at 0.0.0.0/44339] INFO  server.RaftServer (RaftServerProxy.java:addNew(95)) - om1: addNew group-C5BA1605619E:[om1|rpc:localhost:9872|priority:0] returns group-C5BA1605619E:java.util.concurrent.CompletableFuture@5ead823e[Not completed]
2022-01-10 01:37:57,310 [Listener at 0.0.0.0/44339] INFO  om.OzoneManager (OzoneManager.java:initializeRatisServer(1834)) - OzoneManager Ratis server initialized at port 9872
2022-01-10 01:37:57,311 [pool-468-thread-1] INFO  server.RaftServer$Division (RaftServerImpl.java:<init>(184)) - om1: new RaftServerImpl for group-C5BA1605619E:[om1|rpc:localhost:9872|priority:0] with OzoneManagerStateMachine:uninitialized
2022-01-10 01:37:57,312 [Listener at 0.0.0.0/44339] INFO  ipc.CallQueueManager (CallQueueManager.java:<init>(90)) - Using callQueue: class java.util.concurrent.LinkedBlockingQueue, queueCapacity: 2000, scheduler: class org.apache.hadoop.ipc.DefaultRpcScheduler, ipcBackoff: false.
2022-01-10 01:37:57,319 [pool-468-thread-1] INFO  server.RaftServerConfigKeys (ConfUtils.java:logGet(44)) - raft.server.rpc.timeout.min = 1s (custom)
2022-01-10 01:37:57,319 [pool-468-thread-1] INFO  server.RaftServerConfigKeys (ConfUtils.java:logGet(44)) - raft.server.rpc.timeout.max = 1200ms (custom)
2022-01-10 01:37:57,319 [pool-468-thread-1] INFO  server.RaftServerConfigKeys (ConfUtils.java:logGet(44)) - raft.server.rpc.sleep.time = 25ms (default)
2022-01-10 01:37:57,319 [pool-468-thread-1] INFO  server.RaftServerConfigKeys (ConfUtils.java:logGet(44)) - raft.server.rpc.slowness.timeout = 120s (custom)
2022-01-10 01:37:57,319 [pool-468-thread-1] INFO  server.RaftServerConfigKeys (ConfUtils.java:logGet(44)) - raft.server.leaderelection.leader.step-down.wait-time = 10s (default)
2022-01-10 01:37:57,319 [pool-468-thread-1] INFO  server.RaftServerConfigKeys (ConfUtils.java:logGet(44)) - raft.server.sleep.deviation.threshold = 300ms (default)
2022-01-10 01:37:57,319 [pool-468-thread-1] INFO  server.RaftServerConfigKeys (ConfUtils.java:logGet(44)) - raft.server.log.appender.install.snapshot.enabled = false (custom)
2022-01-10 01:37:57,319 [pool-468-thread-1] INFO  server.RaftServer$Division (ServerState.java:<init>(105)) - om1@group-C5BA1605619E: ConfigurationManager, init=-1: [om1|rpc:localhost:9872|priority:0], old=null, confs=<EMPTY_MAP>
2022-01-10 01:37:57,320 [pool-468-thread-1] INFO  server.RaftServerConfigKeys (ConfUtils.java:logGet(44)) - raft.server.storage.dir = [/home/runner/work/ozone/ozone/hadoop-ozone/integration-test/target/test-dir/MiniOzoneClusterImpl-7b7fc32a-99ce-43ed-b52b-39fc19fe0398/ozone-meta/ratis] (custom)
2022-01-10 01:37:57,320 [pool-468-thread-1] INFO  server.RaftServerConfigKeys (ConfUtils.java:logGet(44)) - raft.server.log.corruption.policy = EXCEPTION (default)
2022-01-10 01:37:57,320 [pool-468-thread-1] INFO  server.RaftServerConfigKeys (ConfUtils.java:logGet(44)) - raft.server.storage.free-space.min = 0MB (=0) (default)
2022-01-10 01:37:57,320 [pool-468-thread-1] INFO  storage.RaftStorageDirectory (RaftStorageDirectoryImpl.java:analyzeStorage(135)) - The storage directory /home/runner/work/ozone/ozone/hadoop-ozone/integration-test/target/test-dir/MiniOzoneClusterImpl-7b7fc32a-99ce-43ed-b52b-39fc19fe0398/ozone-meta/ratis/bf265839-605b-3f16-9796-c5ba1605619e does not exist. Creating ...
2022-01-10 01:37:57,331 [pool-468-thread-1] INFO  storage.RaftStorageDirectory (RaftStorageDirectoryImpl.java:tryLock(230)) - Lock on /home/runner/work/ozone/ozone/hadoop-ozone/integration-test/target/test-dir/MiniOzoneClusterImpl-7b7fc32a-99ce-43ed-b52b-39fc19fe0398/ozone-meta/ratis/bf265839-605b-3f16-9796-c5ba1605619e/in_use.lock acquired by nodename 16813@fv-az297-741
2022-01-10 01:37:57,333 [pool-468-thread-1] INFO  storage.RaftStorage (RaftStorageImpl.java:format(89)) - Storage directory /home/runner/work/ozone/ozone/hadoop-ozone/integration-test/target/test-dir/MiniOzoneClusterImpl-7b7fc32a-99ce-43ed-b52b-39fc19fe0398/ozone-meta/ratis/bf265839-605b-3f16-9796-c5ba1605619e has been successfully formatted.
2022-01-10 01:37:57,333 [pool-468-thread-1] INFO  server.RaftServerConfigKeys (ConfUtils.java:logGet(44)) - raft.server.notification.no-leader.timeout = 120s (custom)
2022-01-10 01:37:57,333 [pool-468-thread-1] INFO  server.RaftServerConfigKeys (ConfUtils.java:logGet(44)) - raft.server.log.use.memory = false (default)
2022-01-10 01:37:57,333 [pool-468-thread-1] INFO  server.RaftServerConfigKeys (ConfUtils.java:logGet(44)) - raft.server.log.purge.gap = 1000000 (custom)
2022-01-10 01:37:57,333 [pool-468-thread-1] INFO  server.RaftServerConfigKeys (ConfUtils.java:logGet(44)) - raft.server.log.appender.buffer.byte-limit = 33554432 (custom)
2022-01-10 01:37:57,333 [pool-468-thread-1] INFO  server.RaftServerConfigKeys (ConfUtils.java:logGet(44)) - raft.server.log.segment.size.max = 4194304 (custom)
2022-01-10 01:37:57,333 [pool-468-thread-1] INFO  server.RaftServerConfigKeys (ConfUtils.java:logGet(44)) - raft.server.log.segment.cache.num.max = 2 (custom)
2022-01-10 01:37:57,334 [pool-468-thread-1] INFO  server.RaftServerConfigKeys (ConfUtils.java:logGet(44)) - raft.server.log.segment.cache.size.max = 200MB (=209715200) (default)
2022-01-10 01:37:57,334 [pool-468-thread-1] INFO  segmented.SegmentedRaftLogWorker (SegmentedRaftLogWorker.java:<init>(182)) - new om1@group-C5BA1605619E-SegmentedRaftLogWorker for RaftStorageImpl:Storage Directory /home/runner/work/ozone/ozone/hadoop-ozone/integration-test/target/test-dir/MiniOzoneClusterImpl-7b7fc32a-99ce-43ed-b52b-39fc19fe0398/ozone-meta/ratis/bf265839-605b-3f16-9796-c5ba1605619e
2022-01-10 01:37:57,334 [pool-468-thread-1] INFO  server.RaftServerConfigKeys (ConfUtils.java:logGet(44)) - raft.server.log.queue.byte-limit = 64MB (=67108864) (default)
2022-01-10 01:37:57,334 [pool-468-thread-1] INFO  server.RaftServerConfigKeys (ConfUtils.java:logGet(44)) - raft.server.log.queue.element-limit = 4096 (default)
2022-01-10 01:37:57,334 [pool-468-thread-1] INFO  server.RaftServerConfigKeys (ConfUtils.java:logGet(44)) - raft.server.log.segment.size.max = 4194304 (custom)
2022-01-10 01:37:57,334 [pool-468-thread-1] INFO  server.RaftServerConfigKeys (ConfUtils.java:logGet(44)) - raft.server.log.preallocated.size = 4194304 (custom)
2022-01-10 01:37:57,334 [pool-468-thread-1] INFO  server.RaftServerConfigKeys (ConfUtils.java:logGet(44)) - raft.server.log.force.sync.num = 128 (default)
2022-01-10 01:37:57,334 [pool-468-thread-1] INFO  server.RaftServerConfigKeys (ConfUtils.java:logGet(44)) - raft.server.log.statemachine.data.sync = true (default)
2022-01-10 01:37:57,334 [pool-468-thread-1] INFO  server.RaftServerConfigKeys (ConfUtils.java:logGet(44)) - raft.server.log.statemachine.data.sync.timeout = 10s (default)
2022-01-10 01:37:57,334 [pool-468-thread-1] INFO  server.RaftServerConfigKeys (ConfUtils.java:logGet(44)) - raft.server.log.statemachine.data.sync.timeout.retry = -1 (default)
2022-01-10 01:37:57,335 [pool-468-thread-1] INFO  server.RaftServerConfigKeys (ConfUtils.java:logGet(44)) - raft.server.log.write.buffer.size = 64KB (=65536) (default)
2022-01-10 01:37:57,335 [pool-468-thread-1] INFO  server.RaftServerConfigKeys (ConfUtils.java:logGet(44)) - raft.server.log.statemachine.data.caching.enabled = false (default)
2022-01-10 01:37:57,335 [pool-468-thread-1] INFO  segmented.SegmentedRaftLogWorker (SegmentedRaftLogWorker.java:lambda$new$0(133)) - om1@group-C5BA1605619E-SegmentedRaftLogWorker: flushIndex: setUnconditionally 0 -> -1
2022-01-10 01:37:57,335 [pool-468-thread-1] INFO  segmented.SegmentedRaftLogWorker (SegmentedRaftLogWorker.java:lambda$new$0(133)) - om1@group-C5BA1605619E-SegmentedRaftLogWorker: safeCacheEvictIndex: setUnconditionally 0 -> -1
2022-01-10 01:37:57,335 [pool-468-thread-1] INFO  server.RaftServerConfigKeys (ConfUtils.java:logGet(44)) - raft.server.snapshot.auto.trigger.enabled = true (custom)
2022-01-10 01:37:57,335 [pool-468-thread-1] INFO  server.RaftServerConfigKeys (ConfUtils.java:logGet(44)) - raft.server.snapshot.auto.trigger.threshold = 400000 (default)
2022-01-10 01:37:57,335 [pool-468-thread-1] INFO  server.RaftServerConfigKeys (ConfUtils.java:logGet(44)) - raft.server.snapshot.retention.file.num = -1 (default)
2022-01-10 01:37:57,335 [pool-468-thread-1] INFO  server.RaftServerConfigKeys (ConfUtils.java:logGet(44)) - raft.server.log.purge.upto.snapshot.index = true (custom)
2022-01-10 01:37:57,335 [pool-468-thread-1] INFO  server.RaftServerConfigKeys (ConfUtils.java:logGet(44)) - raft.server.retrycache.expirytime = 300s (custom)
2022-01-10 01:37:57,335 [pool-468-thread-1] INFO  server.RaftServerConfigKeys (ConfUtils.java:logGet(44)) - raft.server.retrycache.statistics.expirytime = 100μs (default)
2022-01-10 01:37:57,338 [Socket Reader #1 for port 0] INFO  ipc.Server (Server.java:run(1265)) - Starting Socket Reader #1 for port 0
2022-01-10 01:37:57,372 [Listener at 127.0.0.1/36119] INFO  impl.MetricsSystemImpl (MetricsSystemImpl.java:init(158)) - OzoneManager metrics system started (again)
2022-01-10 01:37:57,385 [Listener at 127.0.0.1/36119] INFO  om.OzoneManager (OzoneManager.java:start(1365)) - OzoneManager RPC server is listening at localhost/127.0.0.1:36119
2022-01-10 01:37:57,385 [Listener at 127.0.0.1/36119] INFO  ratis.OzoneManagerRatisServer (OzoneManagerRatisServer.java:start(554)) - Starting OzoneManagerRatisServer om1 at port 9872
2022-01-10 01:37:57,385 [Listener at 127.0.0.1/36119] INFO  server.RaftServer$Division (RaftServerImpl.java:start(301)) - om1@group-C5BA1605619E: start as a follower, conf=-1: [om1|rpc:localhost:9872|priority:0], old=null
2022-01-10 01:37:57,385 [Listener at 127.0.0.1/36119] INFO  server.RaftServer$Division (RaftServerImpl.java:setRole(290)) - om1@group-C5BA1605619E: changes role from      null to FOLLOWER at term 0 for startAsFollower
2022-01-10 01:37:57,386 [Listener at 127.0.0.1/36119] INFO  impl.RoleInfo (RoleInfo.java:updateAndGet(130)) - om1: start om1@group-C5BA1605619E-FollowerState
2022-01-10 01:37:57,386 [Listener at 127.0.0.1/36119] INFO  util.JmxRegister (JmxRegister.java:tryRegister(44)) - Successfully registered JMX Bean with object name Ratis:service=RaftServer,group=group-C5BA1605619E,id=om1
2022-01-10 01:37:57,390 [Listener at 127.0.0.1/36119] INFO  server.RaftServer (RaftServerProxy.java:lambda$start$5(374)) - om1: start RPC server
2022-01-10 01:37:57,391 [Listener at 127.0.0.1/36119] INFO  server.GrpcService (GrpcService.java:startImpl(253)) - om1: GrpcService started, listening on 9872
2022-01-10 01:37:57,391 [Listener at 127.0.0.1/36119] INFO  om.OzoneManager (OzoneManager.java:start(1381)) - Version File has different layout version (0) than OM DB (null). That is expected if this OM has never been finalized to a newer layout version.
2022-01-10 01:37:57,391 [org.apache.ratis.util.JvmPauseMonitor$$Lambda$529/1957356322@598bc41e] INFO  util.JvmPauseMonitor (JvmPauseMonitor.java:run(103)) - JvmPauseMonitor-om1: Started
2022-01-10 01:37:57,396 [Listener at 127.0.0.1/36119] INFO  http.BaseHttpServer (BaseHttpServer.java:newHttpServer2BuilderForOzone(209)) - Starting Web-server for ozoneManager at: http://0.0.0.0:0
2022-01-10 01:37:57,396 [Listener at 127.0.0.1/36119] INFO  http.BaseHttpServer (BaseHttpServer.java:<init>(107)) - Hadoop Security Enabled: false Ozone Security Enabled: false Ozone HTTP Security Enabled: false 
2022-01-10 01:37:57,397 [Listener at 127.0.0.1/36119] INFO  server.AuthenticationFilter (AuthenticationFilter.java:constructSecretProvider(240)) - Unable to initialize FileSignerSecretProvider, falling back to use random secrets.
2022-01-10 01:37:57,397 [Listener at 127.0.0.1/36119] WARN  http.HttpRequestLog (HttpRequestLog.java:getRequestLog(103)) - Jetty request log can only be enabled using Log4j
2022-01-10 01:37:57,398 [Listener at 127.0.0.1/36119] INFO  http.HttpServer2 (HttpServer2.java:addGlobalFilter(1030)) - Added global filter 'safety' (class=org.apache.hadoop.hdds.server.http.HttpServer2$QuotingInputFilter)
2022-01-10 01:37:57,398 [Listener at 127.0.0.1/36119] INFO  http.HttpServer2 (HttpServer2.java:addFilter(1006)) - Added filter static_user_filter (class=org.apache.hadoop.http.lib.StaticUserWebFilter$StaticUserFilter) to context ozoneManager
2022-01-10 01:37:57,399 [Listener at 127.0.0.1/36119] INFO  http.HttpServer2 (HttpServer2.java:addFilter(1014)) - Added filter static_user_filter (class=org.apache.hadoop.http.lib.StaticUserWebFilter$StaticUserFilter) to context static
2022-01-10 01:37:57,399 [Listener at 127.0.0.1/36119] INFO  http.HttpServer2 (HttpServer2.java:addFilter(1014)) - Added filter static_user_filter (class=org.apache.hadoop.http.lib.StaticUserWebFilter$StaticUserFilter) to context logs
2022-01-10 01:37:57,399 [Listener at 127.0.0.1/36119] INFO  http.HttpServer2 (HttpServer2.java:bindListener(1249)) - Jetty bound to port 42111
2022-01-10 01:37:57,399 [Listener at 127.0.0.1/36119] INFO  server.Server (Server.java:doStart(375)) - jetty-9.4.43.v20210629; built: 2021-06-30T11:07:22.254Z; git: 526006ecfa3af7f1a27ef3a288e2bef7ea9dd7e8; jvm 1.8.0_292-b10
2022-01-10 01:37:57,400 [Listener at 127.0.0.1/36119] INFO  server.session (DefaultSessionIdManager.java:doStart(334)) - DefaultSessionIdManager workerName=node0
2022-01-10 01:37:57,401 [Listener at 127.0.0.1/36119] INFO  server.session (DefaultSessionIdManager.java:doStart(339)) - No SessionScavenger set, using defaults
2022-01-10 01:37:57,401 [Listener at 127.0.0.1/36119] INFO  server.session (HouseKeeper.java:startScavenging(132)) - node0 Scavenging every 600000ms
2022-01-10 01:37:57,401 [Listener at 127.0.0.1/36119] INFO  handler.ContextHandler (ContextHandler.java:doStart(915)) - Started o.e.j.s.ServletContextHandler@760df8f{logs,/logs,file:///home/runner/work/ozone/ozone/hadoop-ozone/integration-test/target/log,AVAILABLE}
2022-01-10 01:37:57,402 [Listener at 127.0.0.1/36119] INFO  handler.ContextHandler (ContextHandler.java:doStart(915)) - Started o.e.j.s.ServletContextHandler@12909d67{static,/static,file:///home/runner/work/ozone/ozone/hadoop-ozone/integration-test/target/test-classes/webapps/static,AVAILABLE}
2022-01-10 01:37:57,404 [Listener at 127.0.0.1/36119] INFO  handler.ContextHandler (ContextHandler.java:doStart(915)) - Started o.e.j.w.WebAppContext@21545457{ozoneManager,/,file:///home/runner/work/ozone/ozone/hadoop-ozone/integration-test/target/test-classes/webapps/ozoneManager/,AVAILABLE}{file:/home/runner/work/ozone/ozone/hadoop-ozone/integration-test/target/test-classes/webapps/ozoneManager}
2022-01-10 01:37:57,415 [Listener at 127.0.0.1/36119] INFO  server.AbstractConnector (AbstractConnector.java:doStart(331)) - Started ServerConnector@677dfaf0{HTTP/1.1, (http/1.1)}{0.0.0.0:42111}
2022-01-10 01:37:57,415 [Listener at 127.0.0.1/36119] INFO  server.Server (Server.java:doStart(415)) - Started @155685ms
2022-01-10 01:37:57,415 [Listener at 127.0.0.1/36119] WARN  impl.MetricsSystemImpl (MetricsSystemImpl.java:register(279)) - Sink prometheus already exists!
2022-01-10 01:37:57,423 [Listener at 127.0.0.1/36119] INFO  http.BaseHttpServer (BaseHttpServer.java:updateConnectorAddress(329)) - HTTP server of ozoneManager listening at http://0.0.0.0:42111
2022-01-10 01:37:57,438 [IPC Server Responder] INFO  ipc.Server (Server.java:run(1507)) - IPC Server Responder: starting
2022-01-10 01:37:57,453 [IPC Server listener on 0] INFO  ipc.Server (Server.java:run(1344)) - IPC Server listener on 0: starting
2022-01-10 01:37:57,500 [Listener at 127.0.0.1/36119] INFO  om.TrashPolicyOzone (TrashPolicyOzone.java:<init>(178)) - Ozone Manager trash configuration: Deletion interval = 0 minutes, Emptier interval = 0 minutes.
2022-01-10 01:37:57,519 [org.apache.hadoop.util.JvmPauseMonitor$Monitor@74b4a3cf] INFO  util.JvmPauseMonitor (JvmPauseMonitor.java:run(188)) - Starting JVM pause monitor
2022-01-10 01:37:57,537 [Listener at 127.0.0.1/36119] WARN  impl.MetricRegistriesImpl (MetricRegistriesImpl.java:addReporterRegistration(111)) - New reporters are added after registries were created. Some metrics will be missing from the reporter. Please add reporter before adding any new registry.
2022-01-10 01:37:57,537 [Listener at 127.0.0.1/36119] WARN  impl.MetricRegistriesImpl (MetricRegistriesImpl.java:addReporterRegistration(111)) - New reporters are added after registries were created. Some metrics will be missing from the reporter. Please add reporter before adding any new registry.
2022-01-10 01:37:57,537 [Listener at 127.0.0.1/36119] INFO  impl.MetricsSystemImpl (MetricsSystemImpl.java:init(158)) - HddsDatanode metrics system started (again)
2022-01-10 01:37:57,570 [Listener at 127.0.0.1/36119] INFO  ozone.HddsDatanodeService (HddsDatanodeService.java:start(234)) - HddsDatanodeService host:fv-az297-741.nmf1rxwemy4u5di1sxxf4ejcwb.jx.internal.cloudapp.net ip:10.1.0.8
2022-01-10 01:37:57,632 [Listener at 127.0.0.1/36119] INFO  upgrade.AbstractLayoutVersionManager (AbstractLayoutVersionManager.java:init(79)) - Initializing Layout version manager with metadata layout = SCM_HA (version = 2), software layout = SCM_HA (version = 2)
2022-01-10 01:37:57,743 [Listener at 127.0.0.1/36119] INFO  reflections.Reflections (Reflections.java:scan(232)) - Reflections took 110 ms to scan 7 urls, producing 119 keys and 279 values 
2022-01-10 01:37:57,744 [Listener at 127.0.0.1/36119] INFO  statemachine.DatanodeStateMachine (DatanodeStateMachine.java:getEndPointTaskThreadPoolSize(219)) - Datanode State Machine Task Thread Pool size 2
2022-01-10 01:37:57,782 [Listener at 127.0.0.1/36119] INFO  volume.HddsVolume (HddsVolume.java:<init>(120)) - Creating HddsVolume: /home/runner/work/ozone/ozone/hadoop-ozone/integration-test/target/test-dir/MiniOzoneClusterImpl-7b7fc32a-99ce-43ed-b52b-39fc19fe0398/datanode-0/data-0/containers/hdds of storage type : DISK capacity : 9223372036854775807
2022-01-10 01:37:57,782 [Listener at 127.0.0.1/36119] INFO  volume.MutableVolumeSet (MutableVolumeSet.java:initializeVolumeSet(168)) - Added Volume : /home/runner/work/ozone/ozone/hadoop-ozone/integration-test/target/test-dir/MiniOzoneClusterImpl-7b7fc32a-99ce-43ed-b52b-39fc19fe0398/datanode-0/data-0/containers/hdds to VolumeSet
2022-01-10 01:37:57,782 [Listener at 127.0.0.1/36119] INFO  volume.ThrottledAsyncChecker (ThrottledAsyncChecker.java:schedule(141)) - Scheduling a check for /home/runner/work/ozone/ozone/hadoop-ozone/integration-test/target/test-dir/MiniOzoneClusterImpl-7b7fc32a-99ce-43ed-b52b-39fc19fe0398/datanode-0/data-0/containers/hdds
2022-01-10 01:37:57,793 [Listener at 127.0.0.1/36119] INFO  volume.StorageVolumeChecker (StorageVolumeChecker.java:checkAllVolumes(202)) - Scheduled health check for volume /home/runner/work/ozone/ozone/hadoop-ozone/integration-test/target/test-dir/MiniOzoneClusterImpl-7b7fc32a-99ce-43ed-b52b-39fc19fe0398/datanode-0/data-0/containers/hdds
2022-01-10 01:37:57,808 [Listener at 127.0.0.1/36119] INFO  volume.MutableVolumeSet (MutableVolumeSet.java:initializeVolumeSet(168)) - Added Volume : /home/runner/work/ozone/ozone/hadoop-ozone/integration-test/target/test-dir/MiniOzoneClusterImpl-7b7fc32a-99ce-43ed-b52b-39fc19fe0398/datanode-0/data/ratis to VolumeSet
2022-01-10 01:37:57,813 [Listener at 127.0.0.1/36119] INFO  volume.ThrottledAsyncChecker (ThrottledAsyncChecker.java:schedule(141)) - Scheduling a check for /home/runner/work/ozone/ozone/hadoop-ozone/integration-test/target/test-dir/MiniOzoneClusterImpl-7b7fc32a-99ce-43ed-b52b-39fc19fe0398/datanode-0/data/ratis
2022-01-10 01:37:57,814 [Listener at 127.0.0.1/36119] INFO  volume.StorageVolumeChecker (StorageVolumeChecker.java:checkAllVolumes(202)) - Scheduled health check for volume /home/runner/work/ozone/ozone/hadoop-ozone/integration-test/target/test-dir/MiniOzoneClusterImpl-7b7fc32a-99ce-43ed-b52b-39fc19fe0398/datanode-0/data/ratis
2022-01-10 01:37:57,873 [Thread-1249] INFO  ozoneimpl.ContainerReader (ContainerReader.java:readVolume(172)) - Finish verifying containers on volume /home/runner/work/ozone/ozone/hadoop-ozone/integration-test/target/test-dir/MiniOzoneClusterImpl-7b7fc32a-99ce-43ed-b52b-39fc19fe0398/datanode-0/data-0/containers/hdds
2022-01-10 01:37:57,873 [Listener at 127.0.0.1/36119] INFO  ozoneimpl.OzoneContainer (OzoneContainer.java:buildContainerSet(237)) - Build ContainerSet costs 0s
2022-01-10 01:37:57,875 [Listener at 127.0.0.1/36119] INFO  server.RaftServer (ConfUtils.java:logGet(44)) - raft.rpc.type = GRPC (default)
2022-01-10 01:37:57,875 [Listener at 127.0.0.1/36119] INFO  grpc.GrpcFactory (GrpcFactory.java:checkPooledByteBufAllocatorUseCacheForAllThreads(48)) - PERFORMANCE WARNING: useCacheForAllThreads is true that may cause Netty to create a lot garbage objects and, as a result, trigger GC.
	It is recommended to disable useCacheForAllThreads by setting -Dorg.apache.ratis.thirdparty.io.netty.allocator.useCacheForAllThreads=false in command line.
2022-01-10 01:37:57,875 [Listener at 127.0.0.1/36119] INFO  grpc.GrpcConfigKeys (ConfUtils.java:logGet(44)) - raft.grpc.admin.port = 0 (custom)
2022-01-10 01:37:57,875 [Listener at 127.0.0.1/36119] INFO  grpc.GrpcConfigKeys (ConfUtils.java:logGet(44)) - raft.grpc.client.port = 0 (custom)
2022-01-10 01:37:57,875 [Listener at 127.0.0.1/36119] INFO  grpc.GrpcConfigKeys (ConfUtils.java:logGet(44)) - raft.grpc.server.port = 0 (default)
2022-01-10 01:37:57,875 [Listener at 127.0.0.1/36119] INFO  server.GrpcService (ConfUtils.java:logGet(44)) - raft.grpc.message.size.max = 32MB (=33554432) (custom)
2022-01-10 01:37:57,875 [Listener at 127.0.0.1/36119] INFO  server.RaftServerConfigKeys (ConfUtils.java:logGet(44)) - raft.server.log.appender.buffer.byte-limit = 33554432 (custom)
2022-01-10 01:37:57,875 [Listener at 127.0.0.1/36119] INFO  server.GrpcService (ConfUtils.java:logGet(44)) - raft.grpc.flow.control.window = 5MB (=5242880) (custom)
2022-01-10 01:37:57,876 [Listener at 127.0.0.1/36119] INFO  server.RaftServerConfigKeys (ConfUtils.java:logGet(44)) - raft.server.rpc.request.timeout = 60s (custom)
2022-01-10 01:37:57,876 [Listener at 127.0.0.1/36119] INFO  impl.DataStreamServerImpl (ConfUtils.java:logGet(44)) - raft.datastream.type = DISABLED (default)
2022-01-10 01:37:57,877 [Listener at 127.0.0.1/36119] INFO  server.RaftServerConfigKeys (ConfUtils.java:logGet(44)) - raft.server.rpc.slowness.timeout = 300s (custom)
2022-01-10 01:37:57,877 [Listener at 127.0.0.1/36119] INFO  server.RaftServerConfigKeys (ConfUtils.java:logGet(44)) - raft.server.leaderelection.leader.step-down.wait-time = 10s (default)
2022-01-10 01:37:57,877 [Listener at 127.0.0.1/36119] INFO  server.RaftServerConfigKeys (ConfUtils.java:logGet(44)) - raft.server.storage.dir = [/home/runner/work/ozone/ozone/hadoop-ozone/integration-test/target/test-dir/MiniOzoneClusterImpl-7b7fc32a-99ce-43ed-b52b-39fc19fe0398/datanode-0/data/ratis] (custom)
2022-01-10 01:37:57,878 [Listener at 127.0.0.1/36119] INFO  server.XceiverServerGrpc (XceiverServerGrpc.java:<init>(132)) - GrpcServer channel type EpollServerSocketChannel
2022-01-10 01:37:57,880 [Listener at 127.0.0.1/36119] INFO  http.BaseHttpServer (BaseHttpServer.java:newHttpServer2BuilderForOzone(209)) - Starting Web-server for hddsDatanode at: http://0.0.0.0:0
2022-01-10 01:37:57,880 [Listener at 127.0.0.1/36119] INFO  http.BaseHttpServer (BaseHttpServer.java:<init>(107)) - Hadoop Security Enabled: false Ozone Security Enabled: false Ozone HTTP Security Enabled: false 
2022-01-10 01:37:57,881 [Listener at 127.0.0.1/36119] INFO  server.AuthenticationFilter (AuthenticationFilter.java:constructSecretProvider(240)) - Unable to initialize FileSignerSecretProvider, falling back to use random secrets.
2022-01-10 01:37:57,881 [Listener at 127.0.0.1/36119] WARN  http.HttpRequestLog (HttpRequestLog.java:getRequestLog(103)) - Jetty request log can only be enabled using Log4j
2022-01-10 01:37:57,892 [Listener at 127.0.0.1/36119] INFO  http.HttpServer2 (HttpServer2.java:addGlobalFilter(1030)) - Added global filter 'safety' (class=org.apache.hadoop.hdds.server.http.HttpServer2$QuotingInputFilter)
2022-01-10 01:37:57,892 [Listener at 127.0.0.1/36119] INFO  http.HttpServer2 (HttpServer2.java:addFilter(1006)) - Added filter static_user_filter (class=org.apache.hadoop.http.lib.StaticUserWebFilter$StaticUserFilter) to context hddsDatanode
2022-01-10 01:37:57,892 [Listener at 127.0.0.1/36119] INFO  http.HttpServer2 (HttpServer2.java:addFilter(1014)) - Added filter static_user_filter (class=org.apache.hadoop.http.lib.StaticUserWebFilter$StaticUserFilter) to context logs
2022-01-10 01:37:57,893 [Listener at 127.0.0.1/36119] INFO  http.HttpServer2 (HttpServer2.java:addFilter(1014)) - Added filter static_user_filter (class=org.apache.hadoop.http.lib.StaticUserWebFilter$StaticUserFilter) to context static
2022-01-10 01:37:57,893 [Listener at 127.0.0.1/36119] INFO  http.HttpServer2 (HttpServer2.java:bindListener(1249)) - Jetty bound to port 42953
2022-01-10 01:37:57,893 [Listener at 127.0.0.1/36119] INFO  server.Server (Server.java:doStart(375)) - jetty-9.4.43.v20210629; built: 2021-06-30T11:07:22.254Z; git: 526006ecfa3af7f1a27ef3a288e2bef7ea9dd7e8; jvm 1.8.0_292-b10
2022-01-10 01:37:57,920 [Listener at 127.0.0.1/36119] INFO  server.session (DefaultSessionIdManager.java:doStart(334)) - DefaultSessionIdManager workerName=node0
2022-01-10 01:37:57,920 [Listener at 127.0.0.1/36119] INFO  server.session (DefaultSessionIdManager.java:doStart(339)) - No SessionScavenger set, using defaults
2022-01-10 01:37:57,920 [Listener at 127.0.0.1/36119] INFO  server.session (HouseKeeper.java:startScavenging(132)) - node0 Scavenging every 660000ms
2022-01-10 01:37:57,921 [Listener at 127.0.0.1/36119] INFO  handler.ContextHandler (ContextHandler.java:doStart(915)) - Started o.e.j.s.ServletContextHandler@33ce2d24{logs,/logs,file:///home/runner/work/ozone/ozone/hadoop-ozone/integration-test/target/log,AVAILABLE}
2022-01-10 01:37:57,923 [Listener at 127.0.0.1/36119] INFO  handler.ContextHandler (ContextHandler.java:doStart(915)) - Started o.e.j.s.ServletContextHandler@4ef24028{static,/static,jar:file:/home/runner/.m2/repository/org/apache/ozone/hdds-container-service/1.3.0-SNAPSHOT/hdds-container-service-1.3.0-SNAPSHOT.jar!/webapps/static,AVAILABLE}
2022-01-10 01:37:58,007 [Listener at 127.0.0.1/36119] INFO  handler.ContextHandler (ContextHandler.java:doStart(915)) - Started o.e.j.w.WebAppContext@13b8344b{hddsDatanode,/,file:///tmp/jetty-0_0_0_0-42953-hdds-container-service-1_3_0-SNAPSHOT_jar-_-any-4566121492475822607/webapp/,AVAILABLE}{jar:file:/home/runner/.m2/repository/org/apache/ozone/hdds-container-service/1.3.0-SNAPSHOT/hdds-container-service-1.3.0-SNAPSHOT.jar!/webapps/hddsDatanode}
2022-01-10 01:37:58,009 [Listener at 127.0.0.1/36119] INFO  server.AbstractConnector (AbstractConnector.java:doStart(331)) - Started ServerConnector@6f2f7397{HTTP/1.1, (http/1.1)}{0.0.0.0:42953}
2022-01-10 01:37:58,009 [Listener at 127.0.0.1/36119] INFO  server.Server (Server.java:doStart(415)) - Started @156279ms
2022-01-10 01:37:58,009 [Listener at 127.0.0.1/36119] WARN  impl.MetricsSystemImpl (MetricsSystemImpl.java:register(279)) - Sink prometheus already exists!
2022-01-10 01:37:58,010 [Listener at 127.0.0.1/36119] INFO  http.BaseHttpServer (BaseHttpServer.java:updateConnectorAddress(329)) - HTTP server of hddsDatanode listening at http://0.0.0.0:42953
2022-01-10 01:37:58,010 [Listener at 127.0.0.1/36119] WARN  impl.MetricRegistriesImpl (MetricRegistriesImpl.java:addReporterRegistration(111)) - New reporters are added after registries were created. Some metrics will be missing from the reporter. Please add reporter before adding any new registry.
2022-01-10 01:37:58,010 [Listener at 127.0.0.1/36119] WARN  impl.MetricRegistriesImpl (MetricRegistriesImpl.java:addReporterRegistration(111)) - New reporters are added after registries were created. Some metrics will be missing from the reporter. Please add reporter before adding any new registry.
2022-01-10 01:37:58,010 [Listener at 127.0.0.1/36119] INFO  impl.MetricsSystemImpl (MetricsSystemImpl.java:init(158)) - HddsDatanode metrics system started (again)
2022-01-10 01:37:58,030 [Datanode State Machine Daemon Thread] INFO  statemachine.DatanodeStateMachine (DatanodeStateMachine.java:lambda$startDaemon$0(467)) - Ozone container server started.
2022-01-10 01:37:58,037 [Listener at 127.0.0.1/36119] INFO  ozone.HddsDatanodeService (HddsDatanodeService.java:start(234)) - HddsDatanodeService host:fv-az297-741.nmf1rxwemy4u5di1sxxf4ejcwb.jx.internal.cloudapp.net ip:10.1.0.8
2022-01-10 01:37:58,062 [org.apache.hadoop.util.JvmPauseMonitor$Monitor@19c04965] INFO  util.JvmPauseMonitor (JvmPauseMonitor.java:run(188)) - Starting JVM pause monitor
2022-01-10 01:37:58,071 [Datanode State Machine Task Thread - 0] INFO  datanode.InitDatanodeState (InitDatanodeState.java:persistContainerDatanodeDetails(145)) - DatanodeDetails is persisted to /home/runner/work/ozone/ozone/hadoop-ozone/integration-test/target/test-dir/MiniOzoneClusterImpl-7b7fc32a-99ce-43ed-b52b-39fc19fe0398/datanode-0/meta/datanode.id
2022-01-10 01:37:58,105 [Listener at 127.0.0.1/36119] INFO  upgrade.AbstractLayoutVersionManager (AbstractLayoutVersionManager.java:init(79)) - Initializing Layout version manager with metadata layout = SCM_HA (version = 2), software layout = SCM_HA (version = 2)
2022-01-10 01:37:58,209 [Listener at 127.0.0.1/36119] INFO  reflections.Reflections (Reflections.java:scan(232)) - Reflections took 98 ms to scan 7 urls, producing 119 keys and 279 values 
2022-01-10 01:37:58,218 [Listener at 127.0.0.1/36119] INFO  statemachine.DatanodeStateMachine (DatanodeStateMachine.java:getEndPointTaskThreadPoolSize(219)) - Datanode State Machine Task Thread Pool size 2
2022-01-10 01:37:58,221 [Listener at 127.0.0.1/36119] INFO  volume.HddsVolume (HddsVolume.java:<init>(120)) - Creating HddsVolume: /home/runner/work/ozone/ozone/hadoop-ozone/integration-test/target/test-dir/MiniOzoneClusterImpl-7b7fc32a-99ce-43ed-b52b-39fc19fe0398/datanode-1/data-0/containers/hdds of storage type : DISK capacity : 9223372036854775807
2022-01-10 01:37:58,221 [Listener at 127.0.0.1/36119] INFO  volume.MutableVolumeSet (MutableVolumeSet.java:initializeVolumeSet(168)) - Added Volume : /home/runner/work/ozone/ozone/hadoop-ozone/integration-test/target/test-dir/MiniOzoneClusterImpl-7b7fc32a-99ce-43ed-b52b-39fc19fe0398/datanode-1/data-0/containers/hdds to VolumeSet
2022-01-10 01:37:58,222 [Listener at 127.0.0.1/36119] INFO  volume.ThrottledAsyncChecker (ThrottledAsyncChecker.java:schedule(141)) - Scheduling a check for /home/runner/work/ozone/ozone/hadoop-ozone/integration-test/target/test-dir/MiniOzoneClusterImpl-7b7fc32a-99ce-43ed-b52b-39fc19fe0398/datanode-1/data-0/containers/hdds
2022-01-10 01:37:58,222 [Listener at 127.0.0.1/36119] INFO  volume.StorageVolumeChecker (StorageVolumeChecker.java:checkAllVolumes(202)) - Scheduled health check for volume /home/runner/work/ozone/ozone/hadoop-ozone/integration-test/target/test-dir/MiniOzoneClusterImpl-7b7fc32a-99ce-43ed-b52b-39fc19fe0398/datanode-1/data-0/containers/hdds
2022-01-10 01:37:58,233 [Listener at 127.0.0.1/36119] INFO  volume.MutableVolumeSet (MutableVolumeSet.java:initializeVolumeSet(168)) - Added Volume : /home/runner/work/ozone/ozone/hadoop-ozone/integration-test/target/test-dir/MiniOzoneClusterImpl-7b7fc32a-99ce-43ed-b52b-39fc19fe0398/datanode-1/data/ratis to VolumeSet
2022-01-10 01:37:58,233 [Listener at 127.0.0.1/36119] INFO  volume.ThrottledAsyncChecker (ThrottledAsyncChecker.java:schedule(141)) - Scheduling a check for /home/runner/work/ozone/ozone/hadoop-ozone/integration-test/target/test-dir/MiniOzoneClusterImpl-7b7fc32a-99ce-43ed-b52b-39fc19fe0398/datanode-1/data/ratis
2022-01-10 01:37:58,234 [Listener at 127.0.0.1/36119] INFO  volume.StorageVolumeChecker (StorageVolumeChecker.java:checkAllVolumes(202)) - Scheduled health check for volume /home/runner/work/ozone/ozone/hadoop-ozone/integration-test/target/test-dir/MiniOzoneClusterImpl-7b7fc32a-99ce-43ed-b52b-39fc19fe0398/datanode-1/data/ratis
2022-01-10 01:37:58,255 [Thread-1261] INFO  ozoneimpl.ContainerReader (ContainerReader.java:readVolume(172)) - Finish verifying containers on volume /home/runner/work/ozone/ozone/hadoop-ozone/integration-test/target/test-dir/MiniOzoneClusterImpl-7b7fc32a-99ce-43ed-b52b-39fc19fe0398/datanode-1/data-0/containers/hdds
2022-01-10 01:37:58,255 [Listener at 127.0.0.1/36119] INFO  ozoneimpl.OzoneContainer (OzoneContainer.java:buildContainerSet(237)) - Build ContainerSet costs 0s
2022-01-10 01:37:58,280 [Listener at 127.0.0.1/36119] INFO  server.RaftServer (ConfUtils.java:logGet(44)) - raft.rpc.type = GRPC (default)
2022-01-10 01:37:58,281 [Listener at 127.0.0.1/36119] INFO  grpc.GrpcFactory (GrpcFactory.java:checkPooledByteBufAllocatorUseCacheForAllThreads(48)) - PERFORMANCE WARNING: useCacheForAllThreads is true that may cause Netty to create a lot garbage objects and, as a result, trigger GC.
	It is recommended to disable useCacheForAllThreads by setting -Dorg.apache.ratis.thirdparty.io.netty.allocator.useCacheForAllThreads=false in command line.
2022-01-10 01:37:58,281 [Listener at 127.0.0.1/36119] INFO  grpc.GrpcConfigKeys (ConfUtils.java:logGet(44)) - raft.grpc.admin.port = 0 (custom)
2022-01-10 01:37:58,281 [Listener at 127.0.0.1/36119] INFO  grpc.GrpcConfigKeys (ConfUtils.java:logGet(44)) - raft.grpc.client.port = 0 (custom)
2022-01-10 01:37:58,281 [Listener at 127.0.0.1/36119] INFO  grpc.GrpcConfigKeys (ConfUtils.java:logGet(44)) - raft.grpc.server.port = 0 (default)
2022-01-10 01:37:58,281 [Listener at 127.0.0.1/36119] INFO  server.GrpcService (ConfUtils.java:logGet(44)) - raft.grpc.message.size.max = 32MB (=33554432) (custom)
2022-01-10 01:37:58,281 [Listener at 127.0.0.1/36119] INFO  server.RaftServerConfigKeys (ConfUtils.java:logGet(44)) - raft.server.log.appender.buffer.byte-limit = 33554432 (custom)
2022-01-10 01:37:58,281 [Listener at 127.0.0.1/36119] INFO  server.GrpcService (ConfUtils.java:logGet(44)) - raft.grpc.flow.control.window = 5MB (=5242880) (custom)
2022-01-10 01:37:58,281 [Listener at 127.0.0.1/36119] INFO  server.RaftServerConfigKeys (ConfUtils.java:logGet(44)) - raft.server.rpc.request.timeout = 60s (custom)
2022-01-10 01:37:58,282 [Listener at 127.0.0.1/36119] INFO  impl.DataStreamServerImpl (ConfUtils.java:logGet(44)) - raft.datastream.type = DISABLED (default)
2022-01-10 01:37:58,283 [Listener at 127.0.0.1/36119] INFO  server.RaftServerConfigKeys (ConfUtils.java:logGet(44)) - raft.server.rpc.slowness.timeout = 300s (custom)
2022-01-10 01:37:58,283 [Listener at 127.0.0.1/36119] INFO  server.RaftServerConfigKeys (ConfUtils.java:logGet(44)) - raft.server.leaderelection.leader.step-down.wait-time = 10s (default)
2022-01-10 01:37:58,283 [Listener at 127.0.0.1/36119] INFO  server.RaftServerConfigKeys (ConfUtils.java:logGet(44)) - raft.server.storage.dir = [/home/runner/work/ozone/ozone/hadoop-ozone/integration-test/target/test-dir/MiniOzoneClusterImpl-7b7fc32a-99ce-43ed-b52b-39fc19fe0398/datanode-1/data/ratis] (custom)
2022-01-10 01:37:58,284 [Listener at 127.0.0.1/36119] INFO  server.XceiverServerGrpc (XceiverServerGrpc.java:<init>(132)) - GrpcServer channel type EpollServerSocketChannel
2022-01-10 01:37:58,301 [Listener at 127.0.0.1/36119] INFO  http.BaseHttpServer (BaseHttpServer.java:newHttpServer2BuilderForOzone(209)) - Starting Web-server for hddsDatanode at: http://0.0.0.0:0
2022-01-10 01:37:58,301 [Listener at 127.0.0.1/36119] INFO  http.BaseHttpServer (BaseHttpServer.java:<init>(107)) - Hadoop Security Enabled: false Ozone Security Enabled: false Ozone HTTP Security Enabled: false 
2022-01-10 01:37:58,302 [Listener at 127.0.0.1/36119] INFO  server.AuthenticationFilter (AuthenticationFilter.java:constructSecretProvider(240)) - Unable to initialize FileSignerSecretProvider, falling back to use random secrets.
2022-01-10 01:37:58,306 [Listener at 127.0.0.1/36119] WARN  http.HttpRequestLog (HttpRequestLog.java:getRequestLog(103)) - Jetty request log can only be enabled using Log4j
2022-01-10 01:37:58,307 [Listener at 127.0.0.1/36119] INFO  http.HttpServer2 (HttpServer2.java:addGlobalFilter(1030)) - Added global filter 'safety' (class=org.apache.hadoop.hdds.server.http.HttpServer2$QuotingInputFilter)
2022-01-10 01:37:58,308 [Listener at 127.0.0.1/36119] INFO  http.HttpServer2 (HttpServer2.java:addFilter(1006)) - Added filter static_user_filter (class=org.apache.hadoop.http.lib.StaticUserWebFilter$StaticUserFilter) to context hddsDatanode
2022-01-10 01:37:58,308 [Listener at 127.0.0.1/36119] INFO  http.HttpServer2 (HttpServer2.java:addFilter(1014)) - Added filter static_user_filter (class=org.apache.hadoop.http.lib.StaticUserWebFilter$StaticUserFilter) to context static
2022-01-10 01:37:58,308 [Listener at 127.0.0.1/36119] INFO  http.HttpServer2 (HttpServer2.java:addFilter(1014)) - Added filter static_user_filter (class=org.apache.hadoop.http.lib.StaticUserWebFilter$StaticUserFilter) to context logs
2022-01-10 01:37:58,309 [Listener at 127.0.0.1/36119] INFO  http.HttpServer2 (HttpServer2.java:bindListener(1249)) - Jetty bound to port 43405
2022-01-10 01:37:58,309 [Listener at 127.0.0.1/36119] INFO  server.Server (Server.java:doStart(375)) - jetty-9.4.43.v20210629; built: 2021-06-30T11:07:22.254Z; git: 526006ecfa3af7f1a27ef3a288e2bef7ea9dd7e8; jvm 1.8.0_292-b10
2022-01-10 01:37:58,345 [Listener at 127.0.0.1/36119] INFO  server.session (DefaultSessionIdManager.java:doStart(334)) - DefaultSessionIdManager workerName=node0
2022-01-10 01:37:58,345 [Listener at 127.0.0.1/36119] INFO  server.session (DefaultSessionIdManager.java:doStart(339)) - No SessionScavenger set, using defaults
2022-01-10 01:37:58,345 [Listener at 127.0.0.1/36119] INFO  server.session (HouseKeeper.java:startScavenging(132)) - node0 Scavenging every 600000ms
2022-01-10 01:37:58,347 [Listener at 127.0.0.1/36119] INFO  handler.ContextHandler (ContextHandler.java:doStart(915)) - Started o.e.j.s.ServletContextHandler@4468f64c{logs,/logs,file:///home/runner/work/ozone/ozone/hadoop-ozone/integration-test/target/log,AVAILABLE}
2022-01-10 01:37:58,348 [Listener at 127.0.0.1/36119] INFO  handler.ContextHandler (ContextHandler.java:doStart(915)) - Started o.e.j.s.ServletContextHandler@3d1e2b3c{static,/static,jar:file:/home/runner/.m2/repository/org/apache/ozone/hdds-container-service/1.3.0-SNAPSHOT/hdds-container-service-1.3.0-SNAPSHOT.jar!/webapps/static,AVAILABLE}
2022-01-10 01:37:58,417 [om1@group-C5BA1605619E-FollowerState] INFO  impl.FollowerState (FollowerState.java:run(134)) - om1@group-C5BA1605619E-FollowerState: change to CANDIDATE, lastRpcElapsedTime:1031928416ns, electionTimeout:1029ms
2022-01-10 01:37:58,418 [om1@group-C5BA1605619E-FollowerState] INFO  impl.RoleInfo (RoleInfo.java:shutdownFollowerState(108)) - om1: shutdown om1@group-C5BA1605619E-FollowerState
2022-01-10 01:37:58,418 [om1@group-C5BA1605619E-FollowerState] INFO  server.RaftServer$Division (RaftServerImpl.java:setRole(290)) - om1@group-C5BA1605619E: changes role from  FOLLOWER to CANDIDATE at term 0 for changeToCandidate
2022-01-10 01:37:58,418 [om1@group-C5BA1605619E-FollowerState] INFO  server.RaftServerConfigKeys (ConfUtils.java:logGet(44)) - raft.server.leaderelection.pre-vote = false (custom)
2022-01-10 01:37:58,418 [om1@group-C5BA1605619E-FollowerState] INFO  impl.RoleInfo (RoleInfo.java:updateAndGet(130)) - om1: start om1@group-C5BA1605619E-LeaderElection44
2022-01-10 01:37:58,422 [Listener at 127.0.0.1/36119] INFO  handler.ContextHandler (ContextHandler.java:doStart(915)) - Started o.e.j.w.WebAppContext@1c07365c{hddsDatanode,/,file:///tmp/jetty-0_0_0_0-43405-hdds-container-service-1_3_0-SNAPSHOT_jar-_-any-1137703540016402138/webapp/,AVAILABLE}{jar:file:/home/runner/.m2/repository/org/apache/ozone/hdds-container-service/1.3.0-SNAPSHOT/hdds-container-service-1.3.0-SNAPSHOT.jar!/webapps/hddsDatanode}
2022-01-10 01:37:58,431 [Listener at 127.0.0.1/36119] INFO  server.AbstractConnector (AbstractConnector.java:doStart(331)) - Started ServerConnector@246b40f5{HTTP/1.1, (http/1.1)}{0.0.0.0:43405}
2022-01-10 01:37:58,432 [Listener at 127.0.0.1/36119] INFO  server.Server (Server.java:doStart(415)) - Started @156701ms
2022-01-10 01:37:58,453 [om1@group-C5BA1605619E-LeaderElection44] INFO  impl.LeaderElection (LeaderElection.java:askForVotes(306)) - om1@group-C5BA1605619E-LeaderElection44 ELECTION round 0: submit vote requests at term 1 for -1: [om1|rpc:localhost:9872|priority:0], old=null
2022-01-10 01:37:58,461 [Listener at 127.0.0.1/36119] WARN  impl.MetricsSystemImpl (MetricsSystemImpl.java:register(279)) - Sink prometheus already exists!
2022-01-10 01:37:58,461 [om1@group-C5BA1605619E-LeaderElection44] INFO  impl.LeaderElection (LeaderElection.java:askForVotes(308)) - om1@group-C5BA1605619E-LeaderElection44 ELECTION round 0: result PASSED (term=1)
2022-01-10 01:37:58,461 [om1@group-C5BA1605619E-LeaderElection44] INFO  impl.RoleInfo (RoleInfo.java:shutdownLeaderElection(121)) - om1: shutdown om1@group-C5BA1605619E-LeaderElection44
2022-01-10 01:37:58,461 [om1@group-C5BA1605619E-LeaderElection44] INFO  server.RaftServer$Division (RaftServerImpl.java:setRole(290)) - om1@group-C5BA1605619E: changes role from CANDIDATE to LEADER at term 1 for changeToLeader
2022-01-10 01:37:58,461 [om1@group-C5BA1605619E-LeaderElection44] INFO  server.RaftServer$Division (ServerState.java:setLeader(285)) - om1@group-C5BA1605619E: change Leader from null to om1 at term 1 for becomeLeader, leader elected after 1128ms
2022-01-10 01:37:58,461 [om1@group-C5BA1605619E-LeaderElection44] INFO  server.RaftServerConfigKeys (ConfUtils.java:logGet(44)) - raft.server.staging.catchup.gap = 1000 (default)
2022-01-10 01:37:58,461 [om1@group-C5BA1605619E-LeaderElection44] INFO  server.RaftServerConfigKeys (ConfUtils.java:logGet(44)) - raft.server.write.element-limit = 4096 (default)
2022-01-10 01:37:58,461 [om1@group-C5BA1605619E-LeaderElection44] INFO  server.RaftServerConfigKeys (ConfUtils.java:logGet(44)) - raft.server.write.byte-limit = 64MB (=67108864) (default)
2022-01-10 01:37:58,462 [Listener at 127.0.0.1/36119] INFO  http.BaseHttpServer (BaseHttpServer.java:updateConnectorAddress(329)) - HTTP server of hddsDatanode listening at http://0.0.0.0:43405
2022-01-10 01:37:58,462 [om1@group-C5BA1605619E-LeaderElection44] INFO  server.RaftServerConfigKeys (ConfUtils.java:logGet(44)) - raft.server.watch.timeout = 10s (default)
2022-01-10 01:37:58,462 [om1@group-C5BA1605619E-LeaderElection44] INFO  server.RaftServerConfigKeys (ConfUtils.java:logGet(44)) - raft.server.watch.timeout.denomination = 1s (default)
2022-01-10 01:37:58,462 [om1@group-C5BA1605619E-LeaderElection44] INFO  server.RaftServerConfigKeys (ConfUtils.java:logGet(44)) - raft.server.watch.element-limit = 65536 (default)
2022-01-10 01:37:58,462 [om1@group-C5BA1605619E-LeaderElection44] INFO  server.RaftServerConfigKeys (ConfUtils.java:logGet(44)) - raft.server.write.element-limit = 4096 (default)
2022-01-10 01:37:58,462 [om1@group-C5BA1605619E-LeaderElection44] INFO  server.RaftServerConfigKeys (ConfUtils.java:logGet(44)) - raft.server.write.follower.gap.ratio.max = -1.0 (default)
2022-01-10 01:37:58,462 [om1@group-C5BA1605619E-LeaderElection44] INFO  impl.RoleInfo (RoleInfo.java:updateAndGet(130)) - om1: start om1@group-C5BA1605619E-LeaderStateImpl
2022-01-10 01:37:58,462 [om1@group-C5BA1605619E-LeaderElection44] INFO  segmented.SegmentedRaftLogWorker (SegmentedRaftLogWorker.java:startLogSegment(394)) - om1@group-C5BA1605619E-SegmentedRaftLogWorker: Starting segment from index:0
2022-01-10 01:37:58,463 [Listener at 127.0.0.1/36119] WARN  impl.MetricRegistriesImpl (MetricRegistriesImpl.java:addReporterRegistration(111)) - New reporters are added after registries were created. Some metrics will be missing from the reporter. Please add reporter before adding any new registry.
2022-01-10 01:37:58,463 [Listener at 127.0.0.1/36119] WARN  impl.MetricRegistriesImpl (MetricRegistriesImpl.java:addReporterRegistration(111)) - New reporters are added after registries were created. Some metrics will be missing from the reporter. Please add reporter before adding any new registry.
2022-01-10 01:37:58,463 [Listener at 127.0.0.1/36119] INFO  impl.MetricsSystemImpl (MetricsSystemImpl.java:init(158)) - HddsDatanode metrics system started (again)
2022-01-10 01:37:58,469 [Datanode State Machine Daemon Thread] INFO  statemachine.DatanodeStateMachine (DatanodeStateMachine.java:lambda$startDaemon$0(467)) - Ozone container server started.
2022-01-10 01:37:58,478 [om1@group-C5BA1605619E-LeaderElection44] INFO  server.RaftServer$Division (ServerState.java:setRaftConf(387)) - om1@group-C5BA1605619E: set configuration 0: [om1|rpc:localhost:9872|admin:|client:|dataStream:|priority:0], old=null
2022-01-10 01:37:58,485 [om1@group-C5BA1605619E-SegmentedRaftLogWorker] INFO  segmented.SegmentedRaftLogWorker (SegmentedRaftLogWorker.java:execute(601)) - om1@group-C5BA1605619E-SegmentedRaftLogWorker: created new log segment /home/runner/work/ozone/ozone/hadoop-ozone/integration-test/target/test-dir/MiniOzoneClusterImpl-7b7fc32a-99ce-43ed-b52b-39fc19fe0398/ozone-meta/ratis/bf265839-605b-3f16-9796-c5ba1605619e/current/log_inprogress_0
2022-01-10 01:37:58,494 [om1@group-C5BA1605619E-StateMachineUpdater] INFO  ratis.OzoneManagerStateMachine (OzoneManagerStateMachine.java:notifyConfigurationChanged(188)) - Received Configuration change notification from Ratis. New Peer list:
[id: "om1"
address: "localhost:9872"
]
2022-01-10 01:37:58,502 [org.apache.hadoop.util.JvmPauseMonitor$Monitor@24c8ba81] INFO  util.JvmPauseMonitor (JvmPauseMonitor.java:run(188)) - Starting JVM pause monitor
2022-01-10 01:37:58,510 [Listener at 127.0.0.1/36119] INFO  ozone.HddsDatanodeService (HddsDatanodeService.java:start(234)) - HddsDatanodeService host:fv-az297-741.nmf1rxwemy4u5di1sxxf4ejcwb.jx.internal.cloudapp.net ip:10.1.0.8
2022-01-10 01:37:58,513 [Datanode State Machine Task Thread - 0] INFO  datanode.InitDatanodeState (InitDatanodeState.java:persistContainerDatanodeDetails(145)) - DatanodeDetails is persisted to /home/runner/work/ozone/ozone/hadoop-ozone/integration-test/target/test-dir/MiniOzoneClusterImpl-7b7fc32a-99ce-43ed-b52b-39fc19fe0398/datanode-1/meta/datanode.id
2022-01-10 01:37:58,563 [Listener at 127.0.0.1/36119] INFO  upgrade.AbstractLayoutVersionManager (AbstractLayoutVersionManager.java:init(79)) - Initializing Layout version manager with metadata layout = SCM_HA (version = 2), software layout = SCM_HA (version = 2)
2022-01-10 01:37:58,616 [Listener at 127.0.0.1/36119] INFO  reflections.Reflections (Reflections.java:scan(232)) - Reflections took 52 ms to scan 7 urls, producing 119 keys and 279 values 
2022-01-10 01:37:58,636 [Listener at 127.0.0.1/36119] INFO  statemachine.DatanodeStateMachine (DatanodeStateMachine.java:getEndPointTaskThreadPoolSize(219)) - Datanode State Machine Task Thread Pool size 2
2022-01-10 01:37:58,639 [Listener at 127.0.0.1/36119] INFO  volume.HddsVolume (HddsVolume.java:<init>(120)) - Creating HddsVolume: /home/runner/work/ozone/ozone/hadoop-ozone/integration-test/target/test-dir/MiniOzoneClusterImpl-7b7fc32a-99ce-43ed-b52b-39fc19fe0398/datanode-2/data-0/containers/hdds of storage type : DISK capacity : 9223372036854775807
2022-01-10 01:37:58,641 [Listener at 127.0.0.1/36119] INFO  volume.MutableVolumeSet (MutableVolumeSet.java:initializeVolumeSet(168)) - Added Volume : /home/runner/work/ozone/ozone/hadoop-ozone/integration-test/target/test-dir/MiniOzoneClusterImpl-7b7fc32a-99ce-43ed-b52b-39fc19fe0398/datanode-2/data-0/containers/hdds to VolumeSet
2022-01-10 01:37:58,649 [Listener at 127.0.0.1/36119] INFO  volume.ThrottledAsyncChecker (ThrottledAsyncChecker.java:schedule(141)) - Scheduling a check for /home/runner/work/ozone/ozone/hadoop-ozone/integration-test/target/test-dir/MiniOzoneClusterImpl-7b7fc32a-99ce-43ed-b52b-39fc19fe0398/datanode-2/data-0/containers/hdds
2022-01-10 01:37:58,659 [Listener at 127.0.0.1/36119] INFO  volume.StorageVolumeChecker (StorageVolumeChecker.java:checkAllVolumes(202)) - Scheduled health check for volume /home/runner/work/ozone/ozone/hadoop-ozone/integration-test/target/test-dir/MiniOzoneClusterImpl-7b7fc32a-99ce-43ed-b52b-39fc19fe0398/datanode-2/data-0/containers/hdds
2022-01-10 01:37:58,687 [Listener at 127.0.0.1/36119] INFO  volume.MutableVolumeSet (MutableVolumeSet.java:initializeVolumeSet(168)) - Added Volume : /home/runner/work/ozone/ozone/hadoop-ozone/integration-test/target/test-dir/MiniOzoneClusterImpl-7b7fc32a-99ce-43ed-b52b-39fc19fe0398/datanode-2/data/ratis to VolumeSet
2022-01-10 01:37:58,687 [Listener at 127.0.0.1/36119] INFO  volume.ThrottledAsyncChecker (ThrottledAsyncChecker.java:schedule(141)) - Scheduling a check for /home/runner/work/ozone/ozone/hadoop-ozone/integration-test/target/test-dir/MiniOzoneClusterImpl-7b7fc32a-99ce-43ed-b52b-39fc19fe0398/datanode-2/data/ratis
2022-01-10 01:37:58,687 [Listener at 127.0.0.1/36119] INFO  volume.StorageVolumeChecker (StorageVolumeChecker.java:checkAllVolumes(202)) - Scheduled health check for volume /home/runner/work/ozone/ozone/hadoop-ozone/integration-test/target/test-dir/MiniOzoneClusterImpl-7b7fc32a-99ce-43ed-b52b-39fc19fe0398/datanode-2/data/ratis
2022-01-10 01:37:58,714 [Thread-1275] INFO  ozoneimpl.ContainerReader (ContainerReader.java:readVolume(172)) - Finish verifying containers on volume /home/runner/work/ozone/ozone/hadoop-ozone/integration-test/target/test-dir/MiniOzoneClusterImpl-7b7fc32a-99ce-43ed-b52b-39fc19fe0398/datanode-2/data-0/containers/hdds
2022-01-10 01:37:58,714 [Listener at 127.0.0.1/36119] INFO  ozoneimpl.OzoneContainer (OzoneContainer.java:buildContainerSet(237)) - Build ContainerSet costs 0s
2022-01-10 01:37:58,716 [Listener at 127.0.0.1/36119] INFO  server.RaftServer (ConfUtils.java:logGet(44)) - raft.rpc.type = GRPC (default)
2022-01-10 01:37:58,716 [Listener at 127.0.0.1/36119] INFO  grpc.GrpcFactory (GrpcFactory.java:checkPooledByteBufAllocatorUseCacheForAllThreads(48)) - PERFORMANCE WARNING: useCacheForAllThreads is true that may cause Netty to create a lot garbage objects and, as a result, trigger GC.
	It is recommended to disable useCacheForAllThreads by setting -Dorg.apache.ratis.thirdparty.io.netty.allocator.useCacheForAllThreads=false in command line.
2022-01-10 01:37:58,716 [Listener at 127.0.0.1/36119] INFO  grpc.GrpcConfigKeys (ConfUtils.java:logGet(44)) - raft.grpc.admin.port = 0 (custom)
2022-01-10 01:37:58,716 [Listener at 127.0.0.1/36119] INFO  grpc.GrpcConfigKeys (ConfUtils.java:logGet(44)) - raft.grpc.client.port = 0 (custom)
2022-01-10 01:37:58,716 [Listener at 127.0.0.1/36119] INFO  grpc.GrpcConfigKeys (ConfUtils.java:logGet(44)) - raft.grpc.server.port = 0 (default)
2022-01-10 01:37:58,716 [Listener at 127.0.0.1/36119] INFO  server.GrpcService (ConfUtils.java:logGet(44)) - raft.grpc.message.size.max = 32MB (=33554432) (custom)
2022-01-10 01:37:58,716 [Listener at 127.0.0.1/36119] INFO  server.RaftServerConfigKeys (ConfUtils.java:logGet(44)) - raft.server.log.appender.buffer.byte-limit = 33554432 (custom)
2022-01-10 01:37:58,719 [Listener at 127.0.0.1/36119] INFO  server.GrpcService (ConfUtils.java:logGet(44)) - raft.grpc.flow.control.window = 5MB (=5242880) (custom)
2022-01-10 01:37:58,743 [Listener at 127.0.0.1/36119] INFO  server.RaftServerConfigKeys (ConfUtils.java:logGet(44)) - raft.server.rpc.request.timeout = 60s (custom)
2022-01-10 01:37:58,744 [Listener at 127.0.0.1/36119] INFO  impl.DataStreamServerImpl (ConfUtils.java:logGet(44)) - raft.datastream.type = DISABLED (default)
2022-01-10 01:37:58,754 [Listener at 127.0.0.1/36119] INFO  server.RaftServerConfigKeys (ConfUtils.java:logGet(44)) - raft.server.rpc.slowness.timeout = 300s (custom)
2022-01-10 01:37:58,754 [Listener at 127.0.0.1/36119] INFO  server.RaftServerConfigKeys (ConfUtils.java:logGet(44)) - raft.server.leaderelection.leader.step-down.wait-time = 10s (default)
2022-01-10 01:37:58,754 [Listener at 127.0.0.1/36119] INFO  server.RaftServerConfigKeys (ConfUtils.java:logGet(44)) - raft.server.storage.dir = [/home/runner/work/ozone/ozone/hadoop-ozone/integration-test/target/test-dir/MiniOzoneClusterImpl-7b7fc32a-99ce-43ed-b52b-39fc19fe0398/datanode-2/data/ratis] (custom)
2022-01-10 01:37:58,755 [Listener at 127.0.0.1/36119] INFO  server.XceiverServerGrpc (XceiverServerGrpc.java:<init>(132)) - GrpcServer channel type EpollServerSocketChannel
2022-01-10 01:37:58,778 [Listener at 127.0.0.1/36119] INFO  http.BaseHttpServer (BaseHttpServer.java:newHttpServer2BuilderForOzone(209)) - Starting Web-server for hddsDatanode at: http://0.0.0.0:0
2022-01-10 01:37:58,778 [Listener at 127.0.0.1/36119] INFO  http.BaseHttpServer (BaseHttpServer.java:<init>(107)) - Hadoop Security Enabled: false Ozone Security Enabled: false Ozone HTTP Security Enabled: false 
2022-01-10 01:37:58,779 [Listener at 127.0.0.1/36119] INFO  server.AuthenticationFilter (AuthenticationFilter.java:constructSecretProvider(240)) - Unable to initialize FileSignerSecretProvider, falling back to use random secrets.
2022-01-10 01:37:58,779 [Listener at 127.0.0.1/36119] WARN  http.HttpRequestLog (HttpRequestLog.java:getRequestLog(103)) - Jetty request log can only be enabled using Log4j
2022-01-10 01:37:58,780 [Listener at 127.0.0.1/36119] INFO  http.HttpServer2 (HttpServer2.java:addGlobalFilter(1030)) - Added global filter 'safety' (class=org.apache.hadoop.hdds.server.http.HttpServer2$QuotingInputFilter)
2022-01-10 01:37:58,781 [Listener at 127.0.0.1/36119] INFO  http.HttpServer2 (HttpServer2.java:addFilter(1006)) - Added filter static_user_filter (class=org.apache.hadoop.http.lib.StaticUserWebFilter$StaticUserFilter) to context hddsDatanode
2022-01-10 01:37:58,781 [Listener at 127.0.0.1/36119] INFO  http.HttpServer2 (HttpServer2.java:addFilter(1014)) - Added filter static_user_filter (class=org.apache.hadoop.http.lib.StaticUserWebFilter$StaticUserFilter) to context static
2022-01-10 01:37:58,781 [Listener at 127.0.0.1/36119] INFO  http.HttpServer2 (HttpServer2.java:addFilter(1014)) - Added filter static_user_filter (class=org.apache.hadoop.http.lib.StaticUserWebFilter$StaticUserFilter) to context logs
2022-01-10 01:37:58,781 [Listener at 127.0.0.1/36119] INFO  http.HttpServer2 (HttpServer2.java:bindListener(1249)) - Jetty bound to port 36021
2022-01-10 01:37:58,781 [Listener at 127.0.0.1/36119] INFO  server.Server (Server.java:doStart(375)) - jetty-9.4.43.v20210629; built: 2021-06-30T11:07:22.254Z; git: 526006ecfa3af7f1a27ef3a288e2bef7ea9dd7e8; jvm 1.8.0_292-b10
2022-01-10 01:37:58,784 [Listener at 127.0.0.1/36119] INFO  server.session (DefaultSessionIdManager.java:doStart(334)) - DefaultSessionIdManager workerName=node0
2022-01-10 01:37:58,784 [Listener at 127.0.0.1/36119] INFO  server.session (DefaultSessionIdManager.java:doStart(339)) - No SessionScavenger set, using defaults
2022-01-10 01:37:58,784 [Listener at 127.0.0.1/36119] INFO  server.session (HouseKeeper.java:startScavenging(132)) - node0 Scavenging every 660000ms
2022-01-10 01:37:58,785 [Listener at 127.0.0.1/36119] INFO  handler.ContextHandler (ContextHandler.java:doStart(915)) - Started o.e.j.s.ServletContextHandler@608e2661{logs,/logs,file:///home/runner/work/ozone/ozone/hadoop-ozone/integration-test/target/log,AVAILABLE}
2022-01-10 01:37:58,785 [Listener at 127.0.0.1/36119] INFO  handler.ContextHandler (ContextHandler.java:doStart(915)) - Started o.e.j.s.ServletContextHandler@5e6ef21a{static,/static,jar:file:/home/runner/.m2/repository/org/apache/ozone/hdds-container-service/1.3.0-SNAPSHOT/hdds-container-service-1.3.0-SNAPSHOT.jar!/webapps/static,AVAILABLE}
2022-01-10 01:37:58,856 [Listener at 127.0.0.1/36119] INFO  handler.ContextHandler (ContextHandler.java:doStart(915)) - Started o.e.j.w.WebAppContext@5b871b4d{hddsDatanode,/,file:///tmp/jetty-0_0_0_0-36021-hdds-container-service-1_3_0-SNAPSHOT_jar-_-any-8809292456046769465/webapp/,AVAILABLE}{jar:file:/home/runner/.m2/repository/org/apache/ozone/hdds-container-service/1.3.0-SNAPSHOT/hdds-container-service-1.3.0-SNAPSHOT.jar!/webapps/hddsDatanode}
2022-01-10 01:37:58,862 [Listener at 127.0.0.1/36119] INFO  server.AbstractConnector (AbstractConnector.java:doStart(331)) - Started ServerConnector@4ef5094d{HTTP/1.1, (http/1.1)}{0.0.0.0:36021}
2022-01-10 01:37:58,871 [Listener at 127.0.0.1/36119] INFO  server.Server (Server.java:doStart(415)) - Started @157139ms
2022-01-10 01:37:58,872 [Listener at 127.0.0.1/36119] WARN  impl.MetricsSystemImpl (MetricsSystemImpl.java:register(279)) - Sink prometheus already exists!
2022-01-10 01:37:58,872 [Listener at 127.0.0.1/36119] INFO  http.BaseHttpServer (BaseHttpServer.java:updateConnectorAddress(329)) - HTTP server of hddsDatanode listening at http://0.0.0.0:36021
2022-01-10 01:37:58,873 [Listener at 127.0.0.1/36119] INFO  ozone.MiniOzoneClusterImpl (MiniOzoneClusterImpl.java:lambda$waitForClusterToBeReady$0(235)) - Waiting for nodes to be ready. Got 0 of 3 DN Heartbeats.
2022-01-10 01:37:58,873 [Listener at 127.0.0.1/36119] INFO  ozone.MiniOzoneClusterImpl (MiniOzoneClusterImpl.java:lambda$waitForClusterToBeReady$0(238)) - Waiting for cluster to exit safe mode
2022-01-10 01:37:58,874 [Listener at 127.0.0.1/36119] INFO  ozone.MiniOzoneClusterImpl (MiniOzoneClusterImpl.java:lambda$waitForClusterToBeReady$0(240)) - SCM became leader
2022-01-10 01:37:58,873 [Datanode State Machine Daemon Thread] INFO  statemachine.DatanodeStateMachine (DatanodeStateMachine.java:lambda$startDaemon$0(467)) - Ozone container server started.
2022-01-10 01:37:58,918 [org.apache.hadoop.util.JvmPauseMonitor$Monitor@35d69fce] INFO  util.JvmPauseMonitor (JvmPauseMonitor.java:run(188)) - Starting JVM pause monitor
2022-01-10 01:37:58,950 [Datanode State Machine Task Thread - 0] INFO  datanode.InitDatanodeState (InitDatanodeState.java:persistContainerDatanodeDetails(145)) - DatanodeDetails is persisted to /home/runner/work/ozone/ozone/hadoop-ozone/integration-test/target/test-dir/MiniOzoneClusterImpl-7b7fc32a-99ce-43ed-b52b-39fc19fe0398/datanode-2/meta/datanode.id
2022-01-10 01:37:59,877 [Listener at 127.0.0.1/36119] INFO  ozone.MiniOzoneClusterImpl (MiniOzoneClusterImpl.java:lambda$waitForClusterToBeReady$0(235)) - Waiting for nodes to be ready. Got 0 of 3 DN Heartbeats.
2022-01-10 01:37:59,877 [Listener at 127.0.0.1/36119] INFO  ozone.MiniOzoneClusterImpl (MiniOzoneClusterImpl.java:lambda$waitForClusterToBeReady$0(238)) - Waiting for cluster to exit safe mode
2022-01-10 01:37:59,878 [Listener at 127.0.0.1/36119] INFO  ozone.MiniOzoneClusterImpl (MiniOzoneClusterImpl.java:lambda$waitForClusterToBeReady$0(240)) - SCM became leader
2022-01-10 01:38:00,079 [EndpointStateMachine task thread for /0.0.0.0:38003 - 0 ] INFO  ozoneimpl.OzoneContainer (OzoneContainer.java:start(315)) - Attempting to start container services.
2022-01-10 01:38:00,079 [EndpointStateMachine task thread for /0.0.0.0:38003 - 0 ] INFO  ozoneimpl.OzoneContainer (OzoneContainer.java:startContainerScrub(250)) - Background container scanner has been disabled.
2022-01-10 01:38:00,080 [EndpointStateMachine task thread for /0.0.0.0:38003 - 0 ] INFO  replication.ReplicationServer (ReplicationServer.java:start(107)) - ReplicationServer is started using port 39637
2022-01-10 01:38:00,081 [EndpointStateMachine task thread for /0.0.0.0:38003 - 0 ] INFO  ratis.XceiverServerRatis (XceiverServerRatis.java:start(484)) - Starting XceiverServerRatis 7c05103a-a8d8-44cf-9e6e-c5c97716da47
2022-01-10 01:38:00,081 [EndpointStateMachine task thread for /0.0.0.0:38003 - 0 ] INFO  server.RaftServer (RaftServerProxy.java:lambda$start$5(374)) - 7c05103a-a8d8-44cf-9e6e-c5c97716da47: start RPC server
2022-01-10 01:38:00,082 [EndpointStateMachine task thread for /0.0.0.0:38003 - 0 ] INFO  server.GrpcService (GrpcService.java:startImpl(253)) - 7c05103a-a8d8-44cf-9e6e-c5c97716da47: GrpcService started, listening on 37605
2022-01-10 01:38:00,082 [EndpointStateMachine task thread for /0.0.0.0:38003 - 0 ] INFO  ratis.XceiverServerRatis (XceiverServerRatis.java:getRealPort(505)) - XceiverServerRatis 7c05103a-a8d8-44cf-9e6e-c5c97716da47 is started using port 37605 for RATIS
2022-01-10 01:38:00,082 [EndpointStateMachine task thread for /0.0.0.0:38003 - 0 ] INFO  ratis.XceiverServerRatis (XceiverServerRatis.java:getRealPort(505)) - XceiverServerRatis 7c05103a-a8d8-44cf-9e6e-c5c97716da47 is started using port 37605 for RATIS_ADMIN
2022-01-10 01:38:00,082 [EndpointStateMachine task thread for /0.0.0.0:38003 - 0 ] INFO  ratis.XceiverServerRatis (XceiverServerRatis.java:getRealPort(505)) - XceiverServerRatis 7c05103a-a8d8-44cf-9e6e-c5c97716da47 is started using port 37605 for RATIS_SERVER
2022-01-10 01:38:00,083 [org.apache.ratis.util.JvmPauseMonitor$$Lambda$529/1957356322@7c429bbc] INFO  util.JvmPauseMonitor (JvmPauseMonitor.java:run(103)) - JvmPauseMonitor-7c05103a-a8d8-44cf-9e6e-c5c97716da47: Started
2022-01-10 01:38:00,083 [EndpointStateMachine task thread for /0.0.0.0:38003 - 0 ] INFO  server.XceiverServerGrpc (XceiverServerGrpc.java:start(180)) - XceiverServerGrpc 7c05103a-a8d8-44cf-9e6e-c5c97716da47 is started using port 37481
2022-01-10 01:38:00,524 [EndpointStateMachine task thread for /0.0.0.0:38003 - 0 ] INFO  ozoneimpl.OzoneContainer (OzoneContainer.java:start(315)) - Attempting to start container services.
2022-01-10 01:38:00,524 [EndpointStateMachine task thread for /0.0.0.0:38003 - 0 ] INFO  ozoneimpl.OzoneContainer (OzoneContainer.java:startContainerScrub(250)) - Background container scanner has been disabled.
2022-01-10 01:38:00,525 [EndpointStateMachine task thread for /0.0.0.0:38003 - 0 ] INFO  replication.ReplicationServer (ReplicationServer.java:start(107)) - ReplicationServer is started using port 34441
2022-01-10 01:38:00,534 [EndpointStateMachine task thread for /0.0.0.0:38003 - 0 ] INFO  ratis.XceiverServerRatis (XceiverServerRatis.java:start(484)) - Starting XceiverServerRatis 1cc2c250-a922-45e8-b8e5-f94197ece095
2022-01-10 01:38:00,554 [EndpointStateMachine task thread for /0.0.0.0:38003 - 0 ] INFO  server.RaftServer (RaftServerProxy.java:lambda$start$5(374)) - 1cc2c250-a922-45e8-b8e5-f94197ece095: start RPC server
2022-01-10 01:38:00,555 [EndpointStateMachine task thread for /0.0.0.0:38003 - 0 ] INFO  server.GrpcService (GrpcService.java:startImpl(253)) - 1cc2c250-a922-45e8-b8e5-f94197ece095: GrpcService started, listening on 39065
2022-01-10 01:38:00,558 [EndpointStateMachine task thread for /0.0.0.0:38003 - 0 ] INFO  ratis.XceiverServerRatis (XceiverServerRatis.java:getRealPort(505)) - XceiverServerRatis 1cc2c250-a922-45e8-b8e5-f94197ece095 is started using port 39065 for RATIS
2022-01-10 01:38:00,558 [EndpointStateMachine task thread for /0.0.0.0:38003 - 0 ] INFO  ratis.XceiverServerRatis (XceiverServerRatis.java:getRealPort(505)) - XceiverServerRatis 1cc2c250-a922-45e8-b8e5-f94197ece095 is started using port 39065 for RATIS_ADMIN
2022-01-10 01:38:00,558 [EndpointStateMachine task thread for /0.0.0.0:38003 - 0 ] INFO  ratis.XceiverServerRatis (XceiverServerRatis.java:getRealPort(505)) - XceiverServerRatis 1cc2c250-a922-45e8-b8e5-f94197ece095 is started using port 39065 for RATIS_SERVER
2022-01-10 01:38:00,558 [org.apache.ratis.util.JvmPauseMonitor$$Lambda$529/1957356322@1c909f0e] INFO  util.JvmPauseMonitor (JvmPauseMonitor.java:run(103)) - JvmPauseMonitor-1cc2c250-a922-45e8-b8e5-f94197ece095: Started
2022-01-10 01:38:00,559 [EndpointStateMachine task thread for /0.0.0.0:38003 - 0 ] INFO  server.XceiverServerGrpc (XceiverServerGrpc.java:start(180)) - XceiverServerGrpc 1cc2c250-a922-45e8-b8e5-f94197ece095 is started using port 42181
2022-01-10 01:38:00,878 [Listener at 127.0.0.1/36119] INFO  ozone.MiniOzoneClusterImpl (MiniOzoneClusterImpl.java:lambda$waitForClusterToBeReady$0(235)) - Waiting for nodes to be ready. Got 0 of 3 DN Heartbeats.
2022-01-10 01:38:00,878 [Listener at 127.0.0.1/36119] INFO  ozone.MiniOzoneClusterImpl (MiniOzoneClusterImpl.java:lambda$waitForClusterToBeReady$0(238)) - Waiting for cluster to exit safe mode
2022-01-10 01:38:00,878 [Listener at 127.0.0.1/36119] INFO  ozone.MiniOzoneClusterImpl (MiniOzoneClusterImpl.java:lambda$waitForClusterToBeReady$0(240)) - SCM became leader
2022-01-10 01:38:00,923 [EndpointStateMachine task thread for /0.0.0.0:38003 - 0 ] INFO  ozoneimpl.OzoneContainer (OzoneContainer.java:start(315)) - Attempting to start container services.
2022-01-10 01:38:00,924 [EndpointStateMachine task thread for /0.0.0.0:38003 - 0 ] INFO  ozoneimpl.OzoneContainer (OzoneContainer.java:startContainerScrub(250)) - Background container scanner has been disabled.
2022-01-10 01:38:00,927 [EndpointStateMachine task thread for /0.0.0.0:38003 - 0 ] INFO  replication.ReplicationServer (ReplicationServer.java:start(107)) - ReplicationServer is started using port 44119
2022-01-10 01:38:00,935 [EndpointStateMachine task thread for /0.0.0.0:38003 - 0 ] INFO  ratis.XceiverServerRatis (XceiverServerRatis.java:start(484)) - Starting XceiverServerRatis c170d5b9-cf3d-4e56-89e7-d82e21136cb5
2022-01-10 01:38:00,953 [EndpointStateMachine task thread for /0.0.0.0:38003 - 0 ] INFO  server.RaftServer (RaftServerProxy.java:lambda$start$5(374)) - c170d5b9-cf3d-4e56-89e7-d82e21136cb5: start RPC server
2022-01-10 01:38:00,955 [EndpointStateMachine task thread for /0.0.0.0:38003 - 0 ] INFO  server.GrpcService (GrpcService.java:startImpl(253)) - c170d5b9-cf3d-4e56-89e7-d82e21136cb5: GrpcService started, listening on 44261
2022-01-10 01:38:00,956 [EndpointStateMachine task thread for /0.0.0.0:38003 - 0 ] INFO  ratis.XceiverServerRatis (XceiverServerRatis.java:getRealPort(505)) - XceiverServerRatis c170d5b9-cf3d-4e56-89e7-d82e21136cb5 is started using port 44261 for RATIS
2022-01-10 01:38:00,956 [EndpointStateMachine task thread for /0.0.0.0:38003 - 0 ] INFO  ratis.XceiverServerRatis (XceiverServerRatis.java:getRealPort(505)) - XceiverServerRatis c170d5b9-cf3d-4e56-89e7-d82e21136cb5 is started using port 44261 for RATIS_ADMIN
2022-01-10 01:38:00,956 [EndpointStateMachine task thread for /0.0.0.0:38003 - 0 ] INFO  ratis.XceiverServerRatis (XceiverServerRatis.java:getRealPort(505)) - XceiverServerRatis c170d5b9-cf3d-4e56-89e7-d82e21136cb5 is started using port 44261 for RATIS_SERVER
2022-01-10 01:38:00,958 [org.apache.ratis.util.JvmPauseMonitor$$Lambda$529/1957356322@3ddfdf9] INFO  util.JvmPauseMonitor (JvmPauseMonitor.java:run(103)) - JvmPauseMonitor-c170d5b9-cf3d-4e56-89e7-d82e21136cb5: Started
2022-01-10 01:38:00,958 [EndpointStateMachine task thread for /0.0.0.0:38003 - 0 ] INFO  server.XceiverServerGrpc (XceiverServerGrpc.java:start(180)) - XceiverServerGrpc c170d5b9-cf3d-4e56-89e7-d82e21136cb5 is started using port 43307
2022-01-10 01:38:01,878 [Listener at 127.0.0.1/36119] INFO  ozone.MiniOzoneClusterImpl (MiniOzoneClusterImpl.java:lambda$waitForClusterToBeReady$0(235)) - Waiting for nodes to be ready. Got 0 of 3 DN Heartbeats.
2022-01-10 01:38:01,879 [Listener at 127.0.0.1/36119] INFO  ozone.MiniOzoneClusterImpl (MiniOzoneClusterImpl.java:lambda$waitForClusterToBeReady$0(238)) - Waiting for cluster to exit safe mode
2022-01-10 01:38:01,879 [Listener at 127.0.0.1/36119] INFO  ozone.MiniOzoneClusterImpl (MiniOzoneClusterImpl.java:lambda$waitForClusterToBeReady$0(240)) - SCM became leader
2022-01-10 01:38:02,063 [IPC Server handler 1 on default port 38003] INFO  net.NetworkTopologyImpl (NetworkTopologyImpl.java:add(112)) - Added a new node: /default-rack/7c05103a-a8d8-44cf-9e6e-c5c97716da47
2022-01-10 01:38:02,064 [IPC Server handler 1 on default port 38003] INFO  node.SCMNodeManager (SCMNodeManager.java:register(389)) - Registered Data node : 7c05103a-a8d8-44cf-9e6e-c5c97716da47{ip: 10.1.0.8, host: fv-az297-741.nmf1rxwemy4u5di1sxxf4ejcwb.jx.internal.cloudapp.net, ports: [REPLICATION=39637, RATIS=37605, RATIS_ADMIN=37605, RATIS_SERVER=37605, STANDALONE=37481], networkLocation: /default-rack, certSerialId: null, persistedOpState: null, persistedOpStateExpiryEpochSec: 0}
2022-01-10 01:38:02,065 [EventQueue-NodeRegistrationContainerReportForContainerSafeModeRule] INFO  safemode.SCMSafeModeManager (SCMSafeModeManager.java:validateSafeModeExitRules(204)) - ContainerSafeModeRule rule is successfully validated
2022-01-10 01:38:02,066 [EventQueue-NodeRegistrationContainerReportForDataNodeSafeModeRule] INFO  safemode.SCMSafeModeManager (DataNodeSafeModeRule.java:process(71)) - SCM in safe mode. 1 DataNodes registered, 3 required.
2022-01-10 01:38:02,072 [EventQueue-NewNodeForNewNodeHandler] INFO  pipeline.BackgroundPipelineCreator (BackgroundPipelineCreator.java:notifyEventTriggered(285)) - trigger a one-shot run on RatisPipelineUtilsThread.
2022-01-10 01:38:02,072 [EventQueue-PipelineReportForOneReplicaPipelineSafeModeRule] INFO  safemode.SCMSafeModeManager (SCMSafeModeManager.java:validateSafeModeExitRules(204)) - AtleastOneDatanodeReportedRule rule is successfully validated
2022-01-10 01:38:02,072 [RatisPipelineUtilsThread - 0] INFO  pipeline.RatisPipelineProvider (RatisPipelineProvider.java:lambda$create$0(183)) - Sending CreatePipelineCommand for pipeline:PipelineID=c844328b-46c6-4269-9c3c-98faa841f3d0 to datanode:7c05103a-a8d8-44cf-9e6e-c5c97716da47
2022-01-10 01:38:02,073 [RatisPipelineUtilsThread - 0] INFO  pipeline.PipelineStateManagerImpl (PipelineStateManagerImpl.java:addPipeline(101)) - Created pipeline Pipeline[ Id: c844328b-46c6-4269-9c3c-98faa841f3d0, Nodes: 7c05103a-a8d8-44cf-9e6e-c5c97716da47{ip: 10.1.0.8, host: fv-az297-741.nmf1rxwemy4u5di1sxxf4ejcwb.jx.internal.cloudapp.net, ports: [REPLICATION=39637, RATIS=37605, RATIS_ADMIN=37605, RATIS_SERVER=37605, STANDALONE=37481], networkLocation: /default-rack, certSerialId: null, persistedOpState: IN_SERVICE, persistedOpStateExpiryEpochSec: 0}, ReplicationConfig: RATIS/ONE, State:ALLOCATED, leaderId:, CreationTimestamp2022-01-10T01:38:02.072Z[Etc/UTC]].
2022-01-10 01:38:02,504 [IPC Server handler 2 on default port 38003] INFO  net.NetworkTopologyImpl (NetworkTopologyImpl.java:add(112)) - Added a new node: /default-rack/1cc2c250-a922-45e8-b8e5-f94197ece095
2022-01-10 01:38:02,504 [IPC Server handler 2 on default port 38003] INFO  node.SCMNodeManager (SCMNodeManager.java:register(389)) - Registered Data node : 1cc2c250-a922-45e8-b8e5-f94197ece095{ip: 10.1.0.8, host: fv-az297-741.nmf1rxwemy4u5di1sxxf4ejcwb.jx.internal.cloudapp.net, ports: [REPLICATION=34441, RATIS=39065, RATIS_ADMIN=39065, RATIS_SERVER=39065, STANDALONE=42181], networkLocation: /default-rack, certSerialId: null, persistedOpState: null, persistedOpStateExpiryEpochSec: 0}
2022-01-10 01:38:02,504 [EventQueue-NewNodeForNewNodeHandler] INFO  pipeline.BackgroundPipelineCreator (BackgroundPipelineCreator.java:notifyEventTriggered(285)) - trigger a one-shot run on RatisPipelineUtilsThread.
2022-01-10 01:38:02,511 [EventQueue-NodeRegistrationContainerReportForDataNodeSafeModeRule] INFO  safemode.SCMSafeModeManager (DataNodeSafeModeRule.java:process(71)) - SCM in safe mode. 2 DataNodes registered, 3 required.
2022-01-10 01:38:02,512 [RatisPipelineUtilsThread - 0] INFO  pipeline.RatisPipelineProvider (RatisPipelineProvider.java:lambda$create$0(183)) - Sending CreatePipelineCommand for pipeline:PipelineID=874b157e-908b-4812-91da-209c6af15b30 to datanode:1cc2c250-a922-45e8-b8e5-f94197ece095
2022-01-10 01:38:02,512 [RatisPipelineUtilsThread - 0] INFO  pipeline.PipelineStateManagerImpl (PipelineStateManagerImpl.java:addPipeline(101)) - Created pipeline Pipeline[ Id: 874b157e-908b-4812-91da-209c6af15b30, Nodes: 1cc2c250-a922-45e8-b8e5-f94197ece095{ip: 10.1.0.8, host: fv-az297-741.nmf1rxwemy4u5di1sxxf4ejcwb.jx.internal.cloudapp.net, ports: [REPLICATION=34441, RATIS=39065, RATIS_ADMIN=39065, RATIS_SERVER=39065, STANDALONE=42181], networkLocation: /default-rack, certSerialId: null, persistedOpState: IN_SERVICE, persistedOpStateExpiryEpochSec: 0}, ReplicationConfig: RATIS/ONE, State:ALLOCATED, leaderId:, CreationTimestamp2022-01-10T01:38:02.512Z[Etc/UTC]].
2022-01-10 01:38:02,879 [Listener at 127.0.0.1/36119] INFO  ozone.MiniOzoneClusterImpl (MiniOzoneClusterImpl.java:lambda$waitForClusterToBeReady$0(235)) - Waiting for nodes to be ready. Got 2 of 3 DN Heartbeats.
2022-01-10 01:38:02,879 [Listener at 127.0.0.1/36119] INFO  ozone.MiniOzoneClusterImpl (MiniOzoneClusterImpl.java:lambda$waitForClusterToBeReady$0(238)) - Waiting for cluster to exit safe mode
2022-01-10 01:38:02,879 [Listener at 127.0.0.1/36119] INFO  ozone.MiniOzoneClusterImpl (MiniOzoneClusterImpl.java:lambda$waitForClusterToBeReady$0(240)) - SCM became leader
2022-01-10 01:38:02,918 [IPC Server handler 0 on default port 38003] INFO  net.NetworkTopologyImpl (NetworkTopologyImpl.java:add(112)) - Added a new node: /default-rack/c170d5b9-cf3d-4e56-89e7-d82e21136cb5
2022-01-10 01:38:02,919 [IPC Server handler 0 on default port 38003] INFO  node.SCMNodeManager (SCMNodeManager.java:register(389)) - Registered Data node : c170d5b9-cf3d-4e56-89e7-d82e21136cb5{ip: 10.1.0.8, host: fv-az297-741.nmf1rxwemy4u5di1sxxf4ejcwb.jx.internal.cloudapp.net, ports: [REPLICATION=44119, RATIS=44261, RATIS_ADMIN=44261, RATIS_SERVER=44261, STANDALONE=43307], networkLocation: /default-rack, certSerialId: null, persistedOpState: null, persistedOpStateExpiryEpochSec: 0}
2022-01-10 01:38:02,919 [EventQueue-NewNodeForNewNodeHandler] INFO  pipeline.BackgroundPipelineCreator (BackgroundPipelineCreator.java:notifyEventTriggered(285)) - trigger a one-shot run on RatisPipelineUtilsThread.
2022-01-10 01:38:02,920 [EventQueue-NodeRegistrationContainerReportForDataNodeSafeModeRule] INFO  safemode.SCMSafeModeManager (DataNodeSafeModeRule.java:process(71)) - SCM in safe mode. 3 DataNodes registered, 3 required.
2022-01-10 01:38:02,920 [RatisPipelineUtilsThread - 0] INFO  pipeline.RatisPipelineProvider (RatisPipelineProvider.java:lambda$create$0(183)) - Sending CreatePipelineCommand for pipeline:PipelineID=18b32fa0-7b43-45b9-9c7e-05659cf265ff to datanode:c170d5b9-cf3d-4e56-89e7-d82e21136cb5
2022-01-10 01:38:02,920 [RatisPipelineUtilsThread - 0] INFO  pipeline.PipelineStateManagerImpl (PipelineStateManagerImpl.java:addPipeline(101)) - Created pipeline Pipeline[ Id: 18b32fa0-7b43-45b9-9c7e-05659cf265ff, Nodes: c170d5b9-cf3d-4e56-89e7-d82e21136cb5{ip: 10.1.0.8, host: fv-az297-741.nmf1rxwemy4u5di1sxxf4ejcwb.jx.internal.cloudapp.net, ports: [REPLICATION=44119, RATIS=44261, RATIS_ADMIN=44261, RATIS_SERVER=44261, STANDALONE=43307], networkLocation: /default-rack, certSerialId: null, persistedOpState: IN_SERVICE, persistedOpStateExpiryEpochSec: 0}, ReplicationConfig: RATIS/ONE, State:ALLOCATED, leaderId:, CreationTimestamp2022-01-10T01:38:02.920Z[Etc/UTC]].
2022-01-10 01:38:02,920 [EventQueue-NodeRegistrationContainerReportForDataNodeSafeModeRule] INFO  safemode.SCMSafeModeManager (SCMSafeModeManager.java:validateSafeModeExitRules(204)) - DataNodeSafeModeRule rule is successfully validated
2022-01-10 01:38:02,920 [EventQueue-NodeRegistrationContainerReportForDataNodeSafeModeRule] INFO  safemode.SCMSafeModeManager (SCMSafeModeManager.java:completePreCheck(233)) - All SCM safe mode pre check rules have passed
2022-01-10 01:38:02,921 [EventQueue-NodeRegistrationContainerReportForDataNodeSafeModeRule] WARN  events.EventQueue (EventQueue.java:fireEvent(194)) - No event handler registered for event TypedEvent{payloadType=SafeModeStatus, name='Safe mode status'}
2022-01-10 01:38:02,921 [EventQueue-NodeRegistrationContainerReportForDataNodeSafeModeRule] INFO  ha.SCMContext (SCMContext.java:updateSafeModeStatus(211)) - Update SafeModeStatus from SafeModeStatus{safeModeStatus=true, preCheckPassed=false} to SafeModeStatus{safeModeStatus=true, preCheckPassed=true}.
2022-01-10 01:38:02,921 [EventQueue-NodeRegistrationContainerReportForDataNodeSafeModeRule] INFO  pipeline.BackgroundPipelineCreator (BackgroundPipelineCreator.java:notifyEventTriggered(285)) - trigger a one-shot run on RatisPipelineUtilsThread.
2022-01-10 01:38:02,921 [RatisPipelineUtilsThread - 0] INFO  pipeline.RatisPipelineProvider (RatisPipelineProvider.java:lambda$create$0(183)) - Sending CreatePipelineCommand for pipeline:PipelineID=132a6cc5-282d-4ad0-bd06-1378e56e65cb to datanode:c170d5b9-cf3d-4e56-89e7-d82e21136cb5
2022-01-10 01:38:02,922 [RatisPipelineUtilsThread - 0] INFO  pipeline.RatisPipelineProvider (RatisPipelineProvider.java:lambda$create$0(183)) - Sending CreatePipelineCommand for pipeline:PipelineID=132a6cc5-282d-4ad0-bd06-1378e56e65cb to datanode:1cc2c250-a922-45e8-b8e5-f94197ece095
2022-01-10 01:38:02,922 [RatisPipelineUtilsThread - 0] INFO  pipeline.RatisPipelineProvider (RatisPipelineProvider.java:lambda$create$0(183)) - Sending CreatePipelineCommand for pipeline:PipelineID=132a6cc5-282d-4ad0-bd06-1378e56e65cb to datanode:7c05103a-a8d8-44cf-9e6e-c5c97716da47
2022-01-10 01:38:02,922 [RatisPipelineUtilsThread - 0] INFO  pipeline.PipelineStateManagerImpl (PipelineStateManagerImpl.java:addPipeline(101)) - Created pipeline Pipeline[ Id: 132a6cc5-282d-4ad0-bd06-1378e56e65cb, Nodes: c170d5b9-cf3d-4e56-89e7-d82e21136cb5{ip: 10.1.0.8, host: fv-az297-741.nmf1rxwemy4u5di1sxxf4ejcwb.jx.internal.cloudapp.net, ports: [REPLICATION=44119, RATIS=44261, RATIS_ADMIN=44261, RATIS_SERVER=44261, STANDALONE=43307], networkLocation: /default-rack, certSerialId: null, persistedOpState: IN_SERVICE, persistedOpStateExpiryEpochSec: 0}1cc2c250-a922-45e8-b8e5-f94197ece095{ip: 10.1.0.8, host: fv-az297-741.nmf1rxwemy4u5di1sxxf4ejcwb.jx.internal.cloudapp.net, ports: [REPLICATION=34441, RATIS=39065, RATIS_ADMIN=39065, RATIS_SERVER=39065, STANDALONE=42181], networkLocation: /default-rack, certSerialId: null, persistedOpState: IN_SERVICE, persistedOpStateExpiryEpochSec: 0}7c05103a-a8d8-44cf-9e6e-c5c97716da47{ip: 10.1.0.8, host: fv-az297-741.nmf1rxwemy4u5di1sxxf4ejcwb.jx.internal.cloudapp.net, ports: [REPLICATION=39637, RATIS=37605, RATIS_ADMIN=37605, RATIS_SERVER=37605, STANDALONE=37481], networkLocation: /default-rack, certSerialId: null, persistedOpState: IN_SERVICE, persistedOpStateExpiryEpochSec: 0}, ReplicationConfig: RATIS/THREE, State:ALLOCATED, leaderId:, CreationTimestamp2022-01-10T01:38:02.921Z[Etc/UTC]].
2022-01-10 01:38:02,923 [RatisPipelineUtilsThread - 0] INFO  pipeline.RatisPipelineProvider (RatisPipelineProvider.java:lambda$create$0(183)) - Sending CreatePipelineCommand for pipeline:PipelineID=4902a8e8-b5fa-4c10-9476-8921c0fe7e74 to datanode:1cc2c250-a922-45e8-b8e5-f94197ece095
2022-01-10 01:38:02,923 [RatisPipelineUtilsThread - 0] INFO  pipeline.RatisPipelineProvider (RatisPipelineProvider.java:lambda$create$0(183)) - Sending CreatePipelineCommand for pipeline:PipelineID=4902a8e8-b5fa-4c10-9476-8921c0fe7e74 to datanode:7c05103a-a8d8-44cf-9e6e-c5c97716da47
2022-01-10 01:38:02,923 [RatisPipelineUtilsThread - 0] INFO  pipeline.RatisPipelineProvider (RatisPipelineProvider.java:lambda$create$0(183)) - Sending CreatePipelineCommand for pipeline:PipelineID=4902a8e8-b5fa-4c10-9476-8921c0fe7e74 to datanode:c170d5b9-cf3d-4e56-89e7-d82e21136cb5
2022-01-10 01:38:02,923 [RatisPipelineUtilsThread - 0] INFO  pipeline.PipelineStateManagerImpl (PipelineStateManagerImpl.java:addPipeline(101)) - Created pipeline Pipeline[ Id: 4902a8e8-b5fa-4c10-9476-8921c0fe7e74, Nodes: 1cc2c250-a922-45e8-b8e5-f94197ece095{ip: 10.1.0.8, host: fv-az297-741.nmf1rxwemy4u5di1sxxf4ejcwb.jx.internal.cloudapp.net, ports: [REPLICATION=34441, RATIS=39065, RATIS_ADMIN=39065, RATIS_SERVER=39065, STANDALONE=42181], networkLocation: /default-rack, certSerialId: null, persistedOpState: IN_SERVICE, persistedOpStateExpiryEpochSec: 0}7c05103a-a8d8-44cf-9e6e-c5c97716da47{ip: 10.1.0.8, host: fv-az297-741.nmf1rxwemy4u5di1sxxf4ejcwb.jx.internal.cloudapp.net, ports: [REPLICATION=39637, RATIS=37605, RATIS_ADMIN=37605, RATIS_SERVER=37605, STANDALONE=37481], networkLocation: /default-rack, certSerialId: null, persistedOpState: IN_SERVICE, persistedOpStateExpiryEpochSec: 0}c170d5b9-cf3d-4e56-89e7-d82e21136cb5{ip: 10.1.0.8, host: fv-az297-741.nmf1rxwemy4u5di1sxxf4ejcwb.jx.internal.cloudapp.net, ports: [REPLICATION=44119, RATIS=44261, RATIS_ADMIN=44261, RATIS_SERVER=44261, STANDALONE=43307], networkLocation: /default-rack, certSerialId: null, persistedOpState: IN_SERVICE, persistedOpStateExpiryEpochSec: 0}, ReplicationConfig: RATIS/THREE, State:ALLOCATED, leaderId:, CreationTimestamp2022-01-10T01:38:02.923Z[Etc/UTC]].
2022-01-10 01:38:02,923 [RatisPipelineUtilsThread - 0] INFO  pipeline.PipelineManagerImpl (PipelineManagerImpl.java:recordMetricsForPipeline(639)) - Pipeline: PipelineID=4902a8e8-b5fa-4c10-9476-8921c0fe7e74 contains same datanodes as previous pipelines: PipelineID=132a6cc5-282d-4ad0-bd06-1378e56e65cb nodeIds: 1cc2c250-a922-45e8-b8e5-f94197ece095, 7c05103a-a8d8-44cf-9e6e-c5c97716da47, c170d5b9-cf3d-4e56-89e7-d82e21136cb5
2022-01-10 01:38:03,879 [Listener at 127.0.0.1/36119] INFO  ozone.MiniOzoneClusterImpl (MiniOzoneClusterImpl.java:lambda$waitForClusterToBeReady$0(235)) - Nodes are ready. Got 3 of 3 DN Heartbeats.
2022-01-10 01:38:03,880 [Listener at 127.0.0.1/36119] INFO  ozone.MiniOzoneClusterImpl (MiniOzoneClusterImpl.java:lambda$waitForClusterToBeReady$0(238)) - Waiting for cluster to exit safe mode
2022-01-10 01:38:03,881 [Listener at 127.0.0.1/36119] INFO  ozone.MiniOzoneClusterImpl (MiniOzoneClusterImpl.java:lambda$waitForClusterToBeReady$0(240)) - SCM became leader
2022-01-10 01:38:04,881 [Listener at 127.0.0.1/36119] INFO  ozone.MiniOzoneClusterImpl (MiniOzoneClusterImpl.java:lambda$waitForClusterToBeReady$0(235)) - Nodes are ready. Got 3 of 3 DN Heartbeats.
2022-01-10 01:38:04,881 [Listener at 127.0.0.1/36119] INFO  ozone.MiniOzoneClusterImpl (MiniOzoneClusterImpl.java:lambda$waitForClusterToBeReady$0(238)) - Waiting for cluster to exit safe mode
2022-01-10 01:38:04,881 [Listener at 127.0.0.1/36119] INFO  ozone.MiniOzoneClusterImpl (MiniOzoneClusterImpl.java:lambda$waitForClusterToBeReady$0(240)) - SCM became leader
2022-01-10 01:38:05,066 [Command processor thread] INFO  server.RaftServer (RaftServerProxy.java:addNew(95)) - 7c05103a-a8d8-44cf-9e6e-c5c97716da47: addNew group-98FAA841F3D0:[7c05103a-a8d8-44cf-9e6e-c5c97716da47|rpc:10.1.0.8:37605|priority:1] returns group-98FAA841F3D0:java.util.concurrent.CompletableFuture@2aac5ca8[Not completed]
2022-01-10 01:38:05,069 [pool-483-thread-1] INFO  server.RaftServer$Division (RaftServerImpl.java:<init>(184)) - 7c05103a-a8d8-44cf-9e6e-c5c97716da47: new RaftServerImpl for group-98FAA841F3D0:[7c05103a-a8d8-44cf-9e6e-c5c97716da47|rpc:10.1.0.8:37605|priority:1] with ContainerStateMachine:uninitialized
2022-01-10 01:38:05,069 [pool-483-thread-1] INFO  server.RaftServerConfigKeys (ConfUtils.java:logGet(44)) - raft.server.rpc.timeout.min = 5s (custom)
2022-01-10 01:38:05,069 [pool-483-thread-1] INFO  server.RaftServerConfigKeys (ConfUtils.java:logGet(44)) - raft.server.rpc.timeout.max = 5200ms (custom)
2022-01-10 01:38:05,070 [pool-483-thread-1] INFO  server.RaftServerConfigKeys (ConfUtils.java:logGet(44)) - raft.server.rpc.sleep.time = 25ms (default)
2022-01-10 01:38:05,070 [pool-483-thread-1] INFO  server.RaftServerConfigKeys (ConfUtils.java:logGet(44)) - raft.server.rpc.slowness.timeout = 300s (custom)
2022-01-10 01:38:05,070 [pool-483-thread-1] INFO  server.RaftServerConfigKeys (ConfUtils.java:logGet(44)) - raft.server.leaderelection.leader.step-down.wait-time = 10s (default)
2022-01-10 01:38:05,070 [pool-483-thread-1] INFO  server.RaftServerConfigKeys (ConfUtils.java:logGet(44)) - raft.server.sleep.deviation.threshold = 300ms (default)
2022-01-10 01:38:05,070 [pool-483-thread-1] INFO  server.RaftServerConfigKeys (ConfUtils.java:logGet(44)) - raft.server.log.appender.install.snapshot.enabled = false (custom)
2022-01-10 01:38:05,070 [pool-483-thread-1] INFO  server.RaftServer$Division (ServerState.java:<init>(105)) - 7c05103a-a8d8-44cf-9e6e-c5c97716da47@group-98FAA841F3D0: ConfigurationManager, init=-1: [7c05103a-a8d8-44cf-9e6e-c5c97716da47|rpc:10.1.0.8:37605|priority:1], old=null, confs=<EMPTY_MAP>
2022-01-10 01:38:05,070 [pool-483-thread-1] INFO  server.RaftServerConfigKeys (ConfUtils.java:logGet(44)) - raft.server.storage.dir = [/home/runner/work/ozone/ozone/hadoop-ozone/integration-test/target/test-dir/MiniOzoneClusterImpl-7b7fc32a-99ce-43ed-b52b-39fc19fe0398/datanode-0/data/ratis] (custom)
2022-01-10 01:38:05,070 [pool-483-thread-1] INFO  server.RaftServerConfigKeys (ConfUtils.java:logGet(44)) - raft.server.log.corruption.policy = EXCEPTION (default)
2022-01-10 01:38:05,070 [pool-483-thread-1] INFO  server.RaftServerConfigKeys (ConfUtils.java:logGet(44)) - raft.server.storage.free-space.min = 0MB (=0) (default)
2022-01-10 01:38:05,071 [pool-483-thread-1] INFO  storage.RaftStorageDirectory (RaftStorageDirectoryImpl.java:analyzeStorage(135)) - The storage directory /home/runner/work/ozone/ozone/hadoop-ozone/integration-test/target/test-dir/MiniOzoneClusterImpl-7b7fc32a-99ce-43ed-b52b-39fc19fe0398/datanode-0/data/ratis/c844328b-46c6-4269-9c3c-98faa841f3d0 does not exist. Creating ...
2022-01-10 01:38:05,073 [pool-483-thread-1] INFO  storage.RaftStorageDirectory (RaftStorageDirectoryImpl.java:tryLock(230)) - Lock on /home/runner/work/ozone/ozone/hadoop-ozone/integration-test/target/test-dir/MiniOzoneClusterImpl-7b7fc32a-99ce-43ed-b52b-39fc19fe0398/datanode-0/data/ratis/c844328b-46c6-4269-9c3c-98faa841f3d0/in_use.lock acquired by nodename 16813@fv-az297-741
2022-01-10 01:38:05,093 [pool-483-thread-1] INFO  storage.RaftStorage (RaftStorageImpl.java:format(89)) - Storage directory /home/runner/work/ozone/ozone/hadoop-ozone/integration-test/target/test-dir/MiniOzoneClusterImpl-7b7fc32a-99ce-43ed-b52b-39fc19fe0398/datanode-0/data/ratis/c844328b-46c6-4269-9c3c-98faa841f3d0 has been successfully formatted.
2022-01-10 01:38:05,095 [pool-483-thread-1] INFO  ratis.ContainerStateMachine (ContainerStateMachine.java:loadSnapshot(231)) - group-98FAA841F3D0: The snapshot info is null. Setting the last applied indexto:(t:0, i:~)
2022-01-10 01:38:05,096 [EventQueue-PipelineReportForPipelineReportHandler] INFO  pipeline.PipelineManagerImpl (PipelineManagerImpl.java:openPipeline(291)) - Pipeline Pipeline[ Id: c844328b-46c6-4269-9c3c-98faa841f3d0, Nodes: 7c05103a-a8d8-44cf-9e6e-c5c97716da47{ip: 10.1.0.8, host: fv-az297-741.nmf1rxwemy4u5di1sxxf4ejcwb.jx.internal.cloudapp.net, ports: [REPLICATION=39637, RATIS=37605, RATIS_ADMIN=37605, RATIS_SERVER=37605, STANDALONE=37481], networkLocation: /default-rack, certSerialId: null, persistedOpState: IN_SERVICE, persistedOpStateExpiryEpochSec: 0}, ReplicationConfig: RATIS/ONE, State:ALLOCATED, leaderId:7c05103a-a8d8-44cf-9e6e-c5c97716da47, CreationTimestamp2022-01-10T01:38:02.072Z[Etc/UTC]] moved to OPEN state
2022-01-10 01:38:05,113 [pool-483-thread-1] INFO  server.RaftServerConfigKeys (ConfUtils.java:logGet(44)) - raft.server.notification.no-leader.timeout = 300s (custom)
2022-01-10 01:38:05,113 [pool-483-thread-1] INFO  server.RaftServerConfigKeys (ConfUtils.java:logGet(44)) - raft.server.log.use.memory = false (default)
2022-01-10 01:38:05,113 [pool-483-thread-1] INFO  server.RaftServerConfigKeys (ConfUtils.java:logGet(44)) - raft.server.log.purge.gap = 1000000 (custom)
2022-01-10 01:38:05,113 [pool-483-thread-1] INFO  server.RaftServerConfigKeys (ConfUtils.java:logGet(44)) - raft.server.log.appender.buffer.byte-limit = 33554432 (custom)
2022-01-10 01:38:05,113 [pool-483-thread-1] INFO  server.RaftServerConfigKeys (ConfUtils.java:logGet(44)) - raft.server.log.segment.size.max = 1048576 (custom)
2022-01-10 01:38:05,113 [pool-483-thread-1] INFO  server.RaftServerConfigKeys (ConfUtils.java:logGet(44)) - raft.server.log.segment.cache.num.max = 2 (custom)
2022-01-10 01:38:05,113 [pool-483-thread-1] INFO  server.RaftServerConfigKeys (ConfUtils.java:logGet(44)) - raft.server.log.segment.cache.size.max = 200MB (=209715200) (default)
2022-01-10 01:38:05,113 [pool-483-thread-1] INFO  segmented.SegmentedRaftLogWorker (SegmentedRaftLogWorker.java:<init>(182)) - new 7c05103a-a8d8-44cf-9e6e-c5c97716da47@group-98FAA841F3D0-SegmentedRaftLogWorker for RaftStorageImpl:Storage Directory /home/runner/work/ozone/ozone/hadoop-ozone/integration-test/target/test-dir/MiniOzoneClusterImpl-7b7fc32a-99ce-43ed-b52b-39fc19fe0398/datanode-0/data/ratis/c844328b-46c6-4269-9c3c-98faa841f3d0
2022-01-10 01:38:05,113 [pool-483-thread-1] INFO  server.RaftServerConfigKeys (ConfUtils.java:logGet(44)) - raft.server.log.queue.byte-limit = 2147483647 (custom)
2022-01-10 01:38:05,113 [pool-483-thread-1] INFO  server.RaftServerConfigKeys (ConfUtils.java:logGet(44)) - raft.server.log.queue.element-limit = 1024 (custom)
2022-01-10 01:38:05,114 [pool-483-thread-1] INFO  server.RaftServerConfigKeys (ConfUtils.java:logGet(44)) - raft.server.log.segment.size.max = 1048576 (custom)
2022-01-10 01:38:05,114 [pool-483-thread-1] INFO  server.RaftServerConfigKeys (ConfUtils.java:logGet(44)) - raft.server.log.preallocated.size = 16384 (custom)
2022-01-10 01:38:05,114 [pool-483-thread-1] INFO  server.RaftServerConfigKeys (ConfUtils.java:logGet(44)) - raft.server.log.force.sync.num = 128 (default)
2022-01-10 01:38:05,114 [pool-483-thread-1] INFO  server.RaftServerConfigKeys (ConfUtils.java:logGet(44)) - raft.server.log.statemachine.data.sync = true (default)
2022-01-10 01:38:05,114 [pool-483-thread-1] INFO  server.RaftServerConfigKeys (ConfUtils.java:logGet(44)) - raft.server.log.statemachine.data.sync.timeout = 10s (default)
2022-01-10 01:38:05,114 [pool-483-thread-1] INFO  server.RaftServerConfigKeys (ConfUtils.java:logGet(44)) - raft.server.log.statemachine.data.sync.timeout.retry = -1 (default)
2022-01-10 01:38:05,114 [pool-483-thread-1] INFO  server.RaftServerConfigKeys (ConfUtils.java:logGet(44)) - raft.server.log.write.buffer.size = 1048576 (custom)
2022-01-10 01:38:05,115 [pool-483-thread-1] INFO  server.RaftServerConfigKeys (ConfUtils.java:logGet(44)) - raft.server.log.statemachine.data.caching.enabled = true (custom)
2022-01-10 01:38:05,115 [pool-483-thread-1] INFO  segmented.SegmentedRaftLogWorker (SegmentedRaftLogWorker.java:lambda$new$0(133)) - 7c05103a-a8d8-44cf-9e6e-c5c97716da47@group-98FAA841F3D0-SegmentedRaftLogWorker: flushIndex: setUnconditionally 0 -> -1
2022-01-10 01:38:05,115 [pool-483-thread-1] INFO  segmented.SegmentedRaftLogWorker (SegmentedRaftLogWorker.java:lambda$new$0(133)) - 7c05103a-a8d8-44cf-9e6e-c5c97716da47@group-98FAA841F3D0-SegmentedRaftLogWorker: safeCacheEvictIndex: setUnconditionally 0 -> -1
2022-01-10 01:38:05,116 [pool-483-thread-1] INFO  server.RaftServerConfigKeys (ConfUtils.java:logGet(44)) - raft.server.snapshot.auto.trigger.enabled = true (custom)
2022-01-10 01:38:05,117 [pool-483-thread-1] INFO  server.RaftServerConfigKeys (ConfUtils.java:logGet(44)) - raft.server.snapshot.auto.trigger.threshold = 10000 (custom)
2022-01-10 01:38:05,117 [pool-483-thread-1] INFO  server.RaftServerConfigKeys (ConfUtils.java:logGet(44)) - raft.server.snapshot.retention.file.num = 5 (custom)
2022-01-10 01:38:05,117 [pool-483-thread-1] INFO  server.RaftServerConfigKeys (ConfUtils.java:logGet(44)) - raft.server.log.purge.upto.snapshot.index = false (default)
2022-01-10 01:38:05,117 [pool-483-thread-1] INFO  server.RaftServerConfigKeys (ConfUtils.java:logGet(44)) - raft.server.retrycache.expirytime = 600000ms (custom)
2022-01-10 01:38:05,117 [pool-483-thread-1] INFO  server.RaftServerConfigKeys (ConfUtils.java:logGet(44)) - raft.server.retrycache.statistics.expirytime = 100μs (default)
2022-01-10 01:38:05,125 [EventQueue-OpenPipelineForHealthyPipelineSafeModeRule] INFO  safemode.SCMSafeModeManager (HealthyPipelineSafeModeRule.java:process(124)) - SCM in safe mode. Healthy pipelines reported count is 0, required healthy pipeline reported count is 1
2022-01-10 01:38:05,138 [pool-483-thread-1] INFO  server.RaftServer$Division (RaftServerImpl.java:start(301)) - 7c05103a-a8d8-44cf-9e6e-c5c97716da47@group-98FAA841F3D0: start as a follower, conf=-1: [7c05103a-a8d8-44cf-9e6e-c5c97716da47|rpc:10.1.0.8:37605|priority:1], old=null
2022-01-10 01:38:05,138 [pool-483-thread-1] INFO  server.RaftServer$Division (RaftServerImpl.java:setRole(290)) - 7c05103a-a8d8-44cf-9e6e-c5c97716da47@group-98FAA841F3D0: changes role from      null to FOLLOWER at term 0 for startAsFollower
2022-01-10 01:38:05,139 [pool-483-thread-1] INFO  impl.RoleInfo (RoleInfo.java:updateAndGet(130)) - 7c05103a-a8d8-44cf-9e6e-c5c97716da47: start 7c05103a-a8d8-44cf-9e6e-c5c97716da47@group-98FAA841F3D0-FollowerState
2022-01-10 01:38:05,142 [pool-483-thread-1] INFO  util.JmxRegister (JmxRegister.java:tryRegister(44)) - Successfully registered JMX Bean with object name Ratis:service=RaftServer,group=group-98FAA841F3D0,id=7c05103a-a8d8-44cf-9e6e-c5c97716da47
2022-01-10 01:38:05,146 [Command processor thread] INFO  ratis.XceiverServerRatis (XceiverServerRatis.java:addGroup(768)) - Created group PipelineID=c844328b-46c6-4269-9c3c-98faa841f3d0
2022-01-10 01:38:05,146 [Command processor thread] INFO  commandhandler.CreatePipelineCommandHandler (CreatePipelineCommandHandler.java:handle(106)) - Created Pipeline RATIS ONE PipelineID=c844328b-46c6-4269-9c3c-98faa841f3d0.
2022-01-10 01:38:05,146 [Command processor thread] INFO  server.RaftServer (RaftServerProxy.java:addNew(95)) - 7c05103a-a8d8-44cf-9e6e-c5c97716da47: addNew group-1378E56E65CB:[c170d5b9-cf3d-4e56-89e7-d82e21136cb5|rpc:10.1.0.8:44261|priority:0, 1cc2c250-a922-45e8-b8e5-f94197ece095|rpc:10.1.0.8:39065|priority:1, 7c05103a-a8d8-44cf-9e6e-c5c97716da47|rpc:10.1.0.8:37605|priority:0] returns group-1378E56E65CB:java.util.concurrent.CompletableFuture@2e93dd25[Not completed]
2022-01-10 01:38:05,152 [pool-483-thread-1] INFO  server.RaftServer$Division (RaftServerImpl.java:<init>(184)) - 7c05103a-a8d8-44cf-9e6e-c5c97716da47: new RaftServerImpl for group-1378E56E65CB:[c170d5b9-cf3d-4e56-89e7-d82e21136cb5|rpc:10.1.0.8:44261|priority:0, 1cc2c250-a922-45e8-b8e5-f94197ece095|rpc:10.1.0.8:39065|priority:1, 7c05103a-a8d8-44cf-9e6e-c5c97716da47|rpc:10.1.0.8:37605|priority:0] with ContainerStateMachine:uninitialized
2022-01-10 01:38:05,152 [pool-483-thread-1] INFO  server.RaftServerConfigKeys (ConfUtils.java:logGet(44)) - raft.server.rpc.timeout.min = 5s (custom)
2022-01-10 01:38:05,152 [pool-483-thread-1] INFO  server.RaftServerConfigKeys (ConfUtils.java:logGet(44)) - raft.server.rpc.timeout.max = 5200ms (custom)
2022-01-10 01:38:05,152 [pool-483-thread-1] INFO  server.RaftServerConfigKeys (ConfUtils.java:logGet(44)) - raft.server.rpc.sleep.time = 25ms (default)
2022-01-10 01:38:05,152 [pool-483-thread-1] INFO  server.RaftServerConfigKeys (ConfUtils.java:logGet(44)) - raft.server.rpc.slowness.timeout = 300s (custom)
2022-01-10 01:38:05,152 [pool-483-thread-1] INFO  server.RaftServerConfigKeys (ConfUtils.java:logGet(44)) - raft.server.leaderelection.leader.step-down.wait-time = 10s (default)
2022-01-10 01:38:05,152 [pool-483-thread-1] INFO  server.RaftServerConfigKeys (ConfUtils.java:logGet(44)) - raft.server.sleep.deviation.threshold = 300ms (default)
2022-01-10 01:38:05,152 [pool-483-thread-1] INFO  server.RaftServerConfigKeys (ConfUtils.java:logGet(44)) - raft.server.log.appender.install.snapshot.enabled = false (custom)
2022-01-10 01:38:05,152 [pool-483-thread-1] INFO  server.RaftServer$Division (ServerState.java:<init>(105)) - 7c05103a-a8d8-44cf-9e6e-c5c97716da47@group-1378E56E65CB: ConfigurationManager, init=-1: [c170d5b9-cf3d-4e56-89e7-d82e21136cb5|rpc:10.1.0.8:44261|priority:0, 1cc2c250-a922-45e8-b8e5-f94197ece095|rpc:10.1.0.8:39065|priority:1, 7c05103a-a8d8-44cf-9e6e-c5c97716da47|rpc:10.1.0.8:37605|priority:0], old=null, confs=<EMPTY_MAP>
2022-01-10 01:38:05,152 [pool-483-thread-1] INFO  server.RaftServerConfigKeys (ConfUtils.java:logGet(44)) - raft.server.storage.dir = [/home/runner/work/ozone/ozone/hadoop-ozone/integration-test/target/test-dir/MiniOzoneClusterImpl-7b7fc32a-99ce-43ed-b52b-39fc19fe0398/datanode-0/data/ratis] (custom)
2022-01-10 01:38:05,152 [pool-483-thread-1] INFO  server.RaftServerConfigKeys (ConfUtils.java:logGet(44)) - raft.server.log.corruption.policy = EXCEPTION (default)
2022-01-10 01:38:05,152 [pool-483-thread-1] INFO  server.RaftServerConfigKeys (ConfUtils.java:logGet(44)) - raft.server.storage.free-space.min = 0MB (=0) (default)
2022-01-10 01:38:05,152 [pool-483-thread-1] INFO  storage.RaftStorageDirectory (RaftStorageDirectoryImpl.java:analyzeStorage(135)) - The storage directory /home/runner/work/ozone/ozone/hadoop-ozone/integration-test/target/test-dir/MiniOzoneClusterImpl-7b7fc32a-99ce-43ed-b52b-39fc19fe0398/datanode-0/data/ratis/132a6cc5-282d-4ad0-bd06-1378e56e65cb does not exist. Creating ...
2022-01-10 01:38:05,158 [pool-483-thread-1] INFO  storage.RaftStorageDirectory (RaftStorageDirectoryImpl.java:tryLock(230)) - Lock on /home/runner/work/ozone/ozone/hadoop-ozone/integration-test/target/test-dir/MiniOzoneClusterImpl-7b7fc32a-99ce-43ed-b52b-39fc19fe0398/datanode-0/data/ratis/132a6cc5-282d-4ad0-bd06-1378e56e65cb/in_use.lock acquired by nodename 16813@fv-az297-741
2022-01-10 01:38:05,162 [pool-483-thread-1] INFO  storage.RaftStorage (RaftStorageImpl.java:format(89)) - Storage directory /home/runner/work/ozone/ozone/hadoop-ozone/integration-test/target/test-dir/MiniOzoneClusterImpl-7b7fc32a-99ce-43ed-b52b-39fc19fe0398/datanode-0/data/ratis/132a6cc5-282d-4ad0-bd06-1378e56e65cb has been successfully formatted.
2022-01-10 01:38:05,162 [pool-483-thread-1] INFO  ratis.ContainerStateMachine (ContainerStateMachine.java:loadSnapshot(231)) - group-1378E56E65CB: The snapshot info is null. Setting the last applied indexto:(t:0, i:~)
2022-01-10 01:38:05,163 [EventQueue-OpenPipelineForHealthyPipelineSafeModeRule] INFO  safemode.SCMSafeModeManager (HealthyPipelineSafeModeRule.java:process(124)) - SCM in safe mode. Healthy pipelines reported count is 0, required healthy pipeline reported count is 1
2022-01-10 01:38:05,164 [pool-483-thread-1] INFO  server.RaftServerConfigKeys (ConfUtils.java:logGet(44)) - raft.server.notification.no-leader.timeout = 300s (custom)
2022-01-10 01:38:05,165 [pool-483-thread-1] INFO  server.RaftServerConfigKeys (ConfUtils.java:logGet(44)) - raft.server.log.use.memory = false (default)
2022-01-10 01:38:05,169 [pool-483-thread-1] INFO  server.RaftServerConfigKeys (ConfUtils.java:logGet(44)) - raft.server.log.purge.gap = 1000000 (custom)
2022-01-10 01:38:05,170 [pool-483-thread-1] INFO  server.RaftServerConfigKeys (ConfUtils.java:logGet(44)) - raft.server.log.appender.buffer.byte-limit = 33554432 (custom)
2022-01-10 01:38:05,170 [pool-483-thread-1] INFO  server.RaftServerConfigKeys (ConfUtils.java:logGet(44)) - raft.server.log.segment.size.max = 1048576 (custom)
2022-01-10 01:38:05,170 [pool-483-thread-1] INFO  server.RaftServerConfigKeys (ConfUtils.java:logGet(44)) - raft.server.log.segment.cache.num.max = 2 (custom)
2022-01-10 01:38:05,170 [pool-483-thread-1] INFO  server.RaftServerConfigKeys (ConfUtils.java:logGet(44)) - raft.server.log.segment.cache.size.max = 200MB (=209715200) (default)
2022-01-10 01:38:05,170 [pool-483-thread-1] INFO  segmented.SegmentedRaftLogWorker (SegmentedRaftLogWorker.java:<init>(182)) - new 7c05103a-a8d8-44cf-9e6e-c5c97716da47@group-1378E56E65CB-SegmentedRaftLogWorker for RaftStorageImpl:Storage Directory /home/runner/work/ozone/ozone/hadoop-ozone/integration-test/target/test-dir/MiniOzoneClusterImpl-7b7fc32a-99ce-43ed-b52b-39fc19fe0398/datanode-0/data/ratis/132a6cc5-282d-4ad0-bd06-1378e56e65cb
2022-01-10 01:38:05,170 [pool-483-thread-1] INFO  server.RaftServerConfigKeys (ConfUtils.java:logGet(44)) - raft.server.log.queue.byte-limit = 2147483647 (custom)
2022-01-10 01:38:05,170 [pool-483-thread-1] INFO  server.RaftServerConfigKeys (ConfUtils.java:logGet(44)) - raft.server.log.queue.element-limit = 1024 (custom)
2022-01-10 01:38:05,170 [pool-483-thread-1] INFO  server.RaftServerConfigKeys (ConfUtils.java:logGet(44)) - raft.server.log.segment.size.max = 1048576 (custom)
2022-01-10 01:38:05,170 [pool-483-thread-1] INFO  server.RaftServerConfigKeys (ConfUtils.java:logGet(44)) - raft.server.log.preallocated.size = 16384 (custom)
2022-01-10 01:38:05,170 [pool-483-thread-1] INFO  server.RaftServerConfigKeys (ConfUtils.java:logGet(44)) - raft.server.log.force.sync.num = 128 (default)
2022-01-10 01:38:05,171 [pool-483-thread-1] INFO  server.RaftServerConfigKeys (ConfUtils.java:logGet(44)) - raft.server.log.statemachine.data.sync = true (default)
2022-01-10 01:38:05,171 [pool-483-thread-1] INFO  server.RaftServerConfigKeys (ConfUtils.java:logGet(44)) - raft.server.log.statemachine.data.sync.timeout = 10s (default)
2022-01-10 01:38:05,171 [pool-483-thread-1] INFO  server.RaftServerConfigKeys (ConfUtils.java:logGet(44)) - raft.server.log.statemachine.data.sync.timeout.retry = -1 (default)
2022-01-10 01:38:05,171 [pool-483-thread-1] INFO  server.RaftServerConfigKeys (ConfUtils.java:logGet(44)) - raft.server.log.write.buffer.size = 1048576 (custom)
2022-01-10 01:38:05,172 [pool-483-thread-1] INFO  server.RaftServerConfigKeys (ConfUtils.java:logGet(44)) - raft.server.log.statemachine.data.caching.enabled = true (custom)
2022-01-10 01:38:05,172 [pool-483-thread-1] INFO  segmented.SegmentedRaftLogWorker (SegmentedRaftLogWorker.java:lambda$new$0(133)) - 7c05103a-a8d8-44cf-9e6e-c5c97716da47@group-1378E56E65CB-SegmentedRaftLogWorker: flushIndex: setUnconditionally 0 -> -1
2022-01-10 01:38:05,172 [pool-483-thread-1] INFO  segmented.SegmentedRaftLogWorker (SegmentedRaftLogWorker.java:lambda$new$0(133)) - 7c05103a-a8d8-44cf-9e6e-c5c97716da47@group-1378E56E65CB-SegmentedRaftLogWorker: safeCacheEvictIndex: setUnconditionally 0 -> -1
2022-01-10 01:38:05,173 [pool-483-thread-1] INFO  server.RaftServerConfigKeys (ConfUtils.java:logGet(44)) - raft.server.snapshot.auto.trigger.enabled = true (custom)
2022-01-10 01:38:05,173 [pool-483-thread-1] INFO  server.RaftServerConfigKeys (ConfUtils.java:logGet(44)) - raft.server.snapshot.auto.trigger.threshold = 10000 (custom)
2022-01-10 01:38:05,173 [pool-483-thread-1] INFO  server.RaftServerConfigKeys (ConfUtils.java:logGet(44)) - raft.server.snapshot.retention.file.num = 5 (custom)
2022-01-10 01:38:05,173 [pool-483-thread-1] INFO  server.RaftServerConfigKeys (ConfUtils.java:logGet(44)) - raft.server.log.purge.upto.snapshot.index = false (default)
2022-01-10 01:38:05,173 [pool-483-thread-1] INFO  server.RaftServerConfigKeys (ConfUtils.java:logGet(44)) - raft.server.retrycache.expirytime = 600000ms (custom)
2022-01-10 01:38:05,173 [pool-483-thread-1] INFO  server.RaftServerConfigKeys (ConfUtils.java:logGet(44)) - raft.server.retrycache.statistics.expirytime = 100μs (default)
2022-01-10 01:38:05,174 [pool-483-thread-1] INFO  server.RaftServer$Division (RaftServerImpl.java:start(301)) - 7c05103a-a8d8-44cf-9e6e-c5c97716da47@group-1378E56E65CB: start as a follower, conf=-1: [c170d5b9-cf3d-4e56-89e7-d82e21136cb5|rpc:10.1.0.8:44261|priority:0, 1cc2c250-a922-45e8-b8e5-f94197ece095|rpc:10.1.0.8:39065|priority:1, 7c05103a-a8d8-44cf-9e6e-c5c97716da47|rpc:10.1.0.8:37605|priority:0], old=null
2022-01-10 01:38:05,174 [pool-483-thread-1] INFO  server.RaftServer$Division (RaftServerImpl.java:setRole(290)) - 7c05103a-a8d8-44cf-9e6e-c5c97716da47@group-1378E56E65CB: changes role from      null to FOLLOWER at term 0 for startAsFollower
2022-01-10 01:38:05,174 [pool-483-thread-1] INFO  impl.RoleInfo (RoleInfo.java:updateAndGet(130)) - 7c05103a-a8d8-44cf-9e6e-c5c97716da47: start 7c05103a-a8d8-44cf-9e6e-c5c97716da47@group-1378E56E65CB-FollowerState
2022-01-10 01:38:05,175 [pool-483-thread-1] INFO  util.JmxRegister (JmxRegister.java:tryRegister(44)) - Successfully registered JMX Bean with object name Ratis:service=RaftServer,group=group-1378E56E65CB,id=7c05103a-a8d8-44cf-9e6e-c5c97716da47
2022-01-10 01:38:05,175 [Command processor thread] INFO  ratis.XceiverServerRatis (XceiverServerRatis.java:addGroup(768)) - Created group PipelineID=132a6cc5-282d-4ad0-bd06-1378e56e65cb
2022-01-10 01:38:05,185 [grpc-default-executor-0] INFO  server.RaftServer (RaftServerProxy.java:addNew(95)) - c170d5b9-cf3d-4e56-89e7-d82e21136cb5: addNew group-1378E56E65CB:[c170d5b9-cf3d-4e56-89e7-d82e21136cb5|rpc:10.1.0.8:44261|dataStream:|priority:0, 1cc2c250-a922-45e8-b8e5-f94197ece095|rpc:10.1.0.8:39065|dataStream:|priority:1, 7c05103a-a8d8-44cf-9e6e-c5c97716da47|rpc:10.1.0.8:37605|dataStream:|priority:0] returns group-1378E56E65CB:java.util.concurrent.CompletableFuture@70249299[Not completed]
2022-01-10 01:38:05,194 [pool-525-thread-1] INFO  server.RaftServer$Division (RaftServerImpl.java:<init>(184)) - c170d5b9-cf3d-4e56-89e7-d82e21136cb5: new RaftServerImpl for group-1378E56E65CB:[c170d5b9-cf3d-4e56-89e7-d82e21136cb5|rpc:10.1.0.8:44261|dataStream:|priority:0, 1cc2c250-a922-45e8-b8e5-f94197ece095|rpc:10.1.0.8:39065|dataStream:|priority:1, 7c05103a-a8d8-44cf-9e6e-c5c97716da47|rpc:10.1.0.8:37605|dataStream:|priority:0] with ContainerStateMachine:uninitialized
2022-01-10 01:38:05,201 [pool-525-thread-1] INFO  server.RaftServerConfigKeys (ConfUtils.java:logGet(44)) - raft.server.rpc.timeout.min = 5s (custom)
2022-01-10 01:38:05,202 [pool-525-thread-1] INFO  server.RaftServerConfigKeys (ConfUtils.java:logGet(44)) - raft.server.rpc.timeout.max = 5200ms (custom)
2022-01-10 01:38:05,202 [pool-525-thread-1] INFO  server.RaftServerConfigKeys (ConfUtils.java:logGet(44)) - raft.server.rpc.sleep.time = 25ms (default)
2022-01-10 01:38:05,202 [pool-525-thread-1] INFO  server.RaftServerConfigKeys (ConfUtils.java:logGet(44)) - raft.server.rpc.slowness.timeout = 300s (custom)
2022-01-10 01:38:05,202 [pool-525-thread-1] INFO  server.RaftServerConfigKeys (ConfUtils.java:logGet(44)) - raft.server.leaderelection.leader.step-down.wait-time = 10s (default)
2022-01-10 01:38:05,202 [pool-525-thread-1] INFO  server.RaftServerConfigKeys (ConfUtils.java:logGet(44)) - raft.server.sleep.deviation.threshold = 300ms (default)
2022-01-10 01:38:05,202 [pool-525-thread-1] INFO  server.RaftServerConfigKeys (ConfUtils.java:logGet(44)) - raft.server.log.appender.install.snapshot.enabled = false (custom)
2022-01-10 01:38:05,202 [pool-525-thread-1] INFO  server.RaftServer$Division (ServerState.java:<init>(105)) - c170d5b9-cf3d-4e56-89e7-d82e21136cb5@group-1378E56E65CB: ConfigurationManager, init=-1: [c170d5b9-cf3d-4e56-89e7-d82e21136cb5|rpc:10.1.0.8:44261|dataStream:|priority:0, 1cc2c250-a922-45e8-b8e5-f94197ece095|rpc:10.1.0.8:39065|dataStream:|priority:1, 7c05103a-a8d8-44cf-9e6e-c5c97716da47|rpc:10.1.0.8:37605|dataStream:|priority:0], old=null, confs=<EMPTY_MAP>
2022-01-10 01:38:05,202 [pool-525-thread-1] INFO  server.RaftServerConfigKeys (ConfUtils.java:logGet(44)) - raft.server.storage.dir = [/home/runner/work/ozone/ozone/hadoop-ozone/integration-test/target/test-dir/MiniOzoneClusterImpl-7b7fc32a-99ce-43ed-b52b-39fc19fe0398/datanode-2/data/ratis] (custom)
2022-01-10 01:38:05,202 [pool-525-thread-1] INFO  server.RaftServerConfigKeys (ConfUtils.java:logGet(44)) - raft.server.log.corruption.policy = EXCEPTION (default)
2022-01-10 01:38:05,202 [pool-525-thread-1] INFO  server.RaftServerConfigKeys (ConfUtils.java:logGet(44)) - raft.server.storage.free-space.min = 0MB (=0) (default)
2022-01-10 01:38:05,202 [pool-525-thread-1] INFO  storage.RaftStorageDirectory (RaftStorageDirectoryImpl.java:analyzeStorage(135)) - The storage directory /home/runner/work/ozone/ozone/hadoop-ozone/integration-test/target/test-dir/MiniOzoneClusterImpl-7b7fc32a-99ce-43ed-b52b-39fc19fe0398/datanode-2/data/ratis/132a6cc5-282d-4ad0-bd06-1378e56e65cb does not exist. Creating ...
2022-01-10 01:38:05,207 [pool-525-thread-1] INFO  storage.RaftStorageDirectory (RaftStorageDirectoryImpl.java:tryLock(230)) - Lock on /home/runner/work/ozone/ozone/hadoop-ozone/integration-test/target/test-dir/MiniOzoneClusterImpl-7b7fc32a-99ce-43ed-b52b-39fc19fe0398/datanode-2/data/ratis/132a6cc5-282d-4ad0-bd06-1378e56e65cb/in_use.lock acquired by nodename 16813@fv-az297-741
2022-01-10 01:38:05,215 [pool-525-thread-1] INFO  storage.RaftStorage (RaftStorageImpl.java:format(89)) - Storage directory /home/runner/work/ozone/ozone/hadoop-ozone/integration-test/target/test-dir/MiniOzoneClusterImpl-7b7fc32a-99ce-43ed-b52b-39fc19fe0398/datanode-2/data/ratis/132a6cc5-282d-4ad0-bd06-1378e56e65cb has been successfully formatted.
2022-01-10 01:38:05,224 [pool-525-thread-1] INFO  ratis.ContainerStateMachine (ContainerStateMachine.java:loadSnapshot(231)) - group-1378E56E65CB: The snapshot info is null. Setting the last applied indexto:(t:0, i:~)
2022-01-10 01:38:05,224 [pool-525-thread-1] INFO  server.RaftServerConfigKeys (ConfUtils.java:logGet(44)) - raft.server.notification.no-leader.timeout = 300s (custom)
2022-01-10 01:38:05,224 [pool-525-thread-1] INFO  server.RaftServerConfigKeys (ConfUtils.java:logGet(44)) - raft.server.log.use.memory = false (default)
2022-01-10 01:38:05,224 [pool-525-thread-1] INFO  server.RaftServerConfigKeys (ConfUtils.java:logGet(44)) - raft.server.log.purge.gap = 1000000 (custom)
2022-01-10 01:38:05,224 [pool-525-thread-1] INFO  server.RaftServerConfigKeys (ConfUtils.java:logGet(44)) - raft.server.log.appender.buffer.byte-limit = 33554432 (custom)
2022-01-10 01:38:05,224 [pool-525-thread-1] INFO  server.RaftServerConfigKeys (ConfUtils.java:logGet(44)) - raft.server.log.segment.size.max = 1048576 (custom)
2022-01-10 01:38:05,225 [pool-525-thread-1] INFO  server.RaftServerConfigKeys (ConfUtils.java:logGet(44)) - raft.server.log.segment.cache.num.max = 2 (custom)
2022-01-10 01:38:05,225 [pool-525-thread-1] INFO  server.RaftServerConfigKeys (ConfUtils.java:logGet(44)) - raft.server.log.segment.cache.size.max = 200MB (=209715200) (default)
2022-01-10 01:38:05,234 [pool-525-thread-1] INFO  segmented.SegmentedRaftLogWorker (SegmentedRaftLogWorker.java:<init>(182)) - new c170d5b9-cf3d-4e56-89e7-d82e21136cb5@group-1378E56E65CB-SegmentedRaftLogWorker for RaftStorageImpl:Storage Directory /home/runner/work/ozone/ozone/hadoop-ozone/integration-test/target/test-dir/MiniOzoneClusterImpl-7b7fc32a-99ce-43ed-b52b-39fc19fe0398/datanode-2/data/ratis/132a6cc5-282d-4ad0-bd06-1378e56e65cb
2022-01-10 01:38:05,234 [pool-525-thread-1] INFO  server.RaftServerConfigKeys (ConfUtils.java:logGet(44)) - raft.server.log.queue.byte-limit = 2147483647 (custom)
2022-01-10 01:38:05,234 [pool-525-thread-1] INFO  server.RaftServerConfigKeys (ConfUtils.java:logGet(44)) - raft.server.log.queue.element-limit = 1024 (custom)
2022-01-10 01:38:05,234 [pool-525-thread-1] INFO  server.RaftServerConfigKeys (ConfUtils.java:logGet(44)) - raft.server.log.segment.size.max = 1048576 (custom)
2022-01-10 01:38:05,234 [pool-525-thread-1] INFO  server.RaftServerConfigKeys (ConfUtils.java:logGet(44)) - raft.server.log.preallocated.size = 16384 (custom)
2022-01-10 01:38:05,234 [pool-525-thread-1] INFO  server.RaftServerConfigKeys (ConfUtils.java:logGet(44)) - raft.server.log.force.sync.num = 128 (default)
2022-01-10 01:38:05,234 [pool-525-thread-1] INFO  server.RaftServerConfigKeys (ConfUtils.java:logGet(44)) - raft.server.log.statemachine.data.sync = true (default)
2022-01-10 01:38:05,234 [pool-525-thread-1] INFO  server.RaftServerConfigKeys (ConfUtils.java:logGet(44)) - raft.server.log.statemachine.data.sync.timeout = 10s (default)
2022-01-10 01:38:05,235 [pool-525-thread-1] INFO  server.RaftServerConfigKeys (ConfUtils.java:logGet(44)) - raft.server.log.statemachine.data.sync.timeout.retry = -1 (default)
2022-01-10 01:38:05,235 [pool-525-thread-1] INFO  server.RaftServerConfigKeys (ConfUtils.java:logGet(44)) - raft.server.log.write.buffer.size = 1048576 (custom)
2022-01-10 01:38:05,235 [pool-525-thread-1] INFO  server.RaftServerConfigKeys (ConfUtils.java:logGet(44)) - raft.server.log.statemachine.data.caching.enabled = true (custom)
2022-01-10 01:38:05,235 [pool-525-thread-1] INFO  segmented.SegmentedRaftLogWorker (SegmentedRaftLogWorker.java:lambda$new$0(133)) - c170d5b9-cf3d-4e56-89e7-d82e21136cb5@group-1378E56E65CB-SegmentedRaftLogWorker: flushIndex: setUnconditionally 0 -> -1
2022-01-10 01:38:05,236 [pool-525-thread-1] INFO  segmented.SegmentedRaftLogWorker (SegmentedRaftLogWorker.java:lambda$new$0(133)) - c170d5b9-cf3d-4e56-89e7-d82e21136cb5@group-1378E56E65CB-SegmentedRaftLogWorker: safeCacheEvictIndex: setUnconditionally 0 -> -1
2022-01-10 01:38:05,237 [pool-525-thread-1] INFO  server.RaftServerConfigKeys (ConfUtils.java:logGet(44)) - raft.server.snapshot.auto.trigger.enabled = true (custom)
2022-01-10 01:38:05,237 [pool-525-thread-1] INFO  server.RaftServerConfigKeys (ConfUtils.java:logGet(44)) - raft.server.snapshot.auto.trigger.threshold = 10000 (custom)
2022-01-10 01:38:05,237 [pool-525-thread-1] INFO  server.RaftServerConfigKeys (ConfUtils.java:logGet(44)) - raft.server.snapshot.retention.file.num = 5 (custom)
2022-01-10 01:38:05,238 [pool-525-thread-1] INFO  server.RaftServerConfigKeys (ConfUtils.java:logGet(44)) - raft.server.log.purge.upto.snapshot.index = false (default)
2022-01-10 01:38:05,238 [pool-525-thread-1] INFO  server.RaftServerConfigKeys (ConfUtils.java:logGet(44)) - raft.server.retrycache.expirytime = 600000ms (custom)
2022-01-10 01:38:05,238 [pool-525-thread-1] INFO  server.RaftServerConfigKeys (ConfUtils.java:logGet(44)) - raft.server.retrycache.statistics.expirytime = 100μs (default)
2022-01-10 01:38:05,239 [pool-525-thread-1] INFO  server.RaftServer$Division (RaftServerImpl.java:start(301)) - c170d5b9-cf3d-4e56-89e7-d82e21136cb5@group-1378E56E65CB: start as a follower, conf=-1: [c170d5b9-cf3d-4e56-89e7-d82e21136cb5|rpc:10.1.0.8:44261|dataStream:|priority:0, 1cc2c250-a922-45e8-b8e5-f94197ece095|rpc:10.1.0.8:39065|dataStream:|priority:1, 7c05103a-a8d8-44cf-9e6e-c5c97716da47|rpc:10.1.0.8:37605|dataStream:|priority:0], old=null
2022-01-10 01:38:05,239 [pool-525-thread-1] INFO  server.RaftServer$Division (RaftServerImpl.java:setRole(290)) - c170d5b9-cf3d-4e56-89e7-d82e21136cb5@group-1378E56E65CB: changes role from      null to FOLLOWER at term 0 for startAsFollower
2022-01-10 01:38:05,239 [pool-525-thread-1] INFO  impl.RoleInfo (RoleInfo.java:updateAndGet(130)) - c170d5b9-cf3d-4e56-89e7-d82e21136cb5: start c170d5b9-cf3d-4e56-89e7-d82e21136cb5@group-1378E56E65CB-FollowerState
2022-01-10 01:38:05,239 [pool-525-thread-1] INFO  util.JmxRegister (JmxRegister.java:tryRegister(44)) - Successfully registered JMX Bean with object name Ratis:service=RaftServer,group=group-1378E56E65CB,id=c170d5b9-cf3d-4e56-89e7-d82e21136cb5
2022-01-10 01:38:05,291 [grpc-default-executor-0] INFO  server.RaftServer (RaftServerProxy.java:addNew(95)) - 1cc2c250-a922-45e8-b8e5-f94197ece095: addNew group-1378E56E65CB:[c170d5b9-cf3d-4e56-89e7-d82e21136cb5|rpc:10.1.0.8:44261|dataStream:|priority:0, 1cc2c250-a922-45e8-b8e5-f94197ece095|rpc:10.1.0.8:39065|dataStream:|priority:1, 7c05103a-a8d8-44cf-9e6e-c5c97716da47|rpc:10.1.0.8:37605|dataStream:|priority:0] returns group-1378E56E65CB:java.util.concurrent.CompletableFuture@7d82d22e[Not completed]
2022-01-10 01:38:05,301 [pool-504-thread-1] INFO  server.RaftServer$Division (RaftServerImpl.java:<init>(184)) - 1cc2c250-a922-45e8-b8e5-f94197ece095: new RaftServerImpl for group-1378E56E65CB:[c170d5b9-cf3d-4e56-89e7-d82e21136cb5|rpc:10.1.0.8:44261|dataStream:|priority:0, 1cc2c250-a922-45e8-b8e5-f94197ece095|rpc:10.1.0.8:39065|dataStream:|priority:1, 7c05103a-a8d8-44cf-9e6e-c5c97716da47|rpc:10.1.0.8:37605|dataStream:|priority:0] with ContainerStateMachine:uninitialized
2022-01-10 01:38:05,301 [pool-504-thread-1] INFO  server.RaftServerConfigKeys (ConfUtils.java:logGet(44)) - raft.server.rpc.timeout.min = 5s (custom)
2022-01-10 01:38:05,301 [pool-504-thread-1] INFO  server.RaftServerConfigKeys (ConfUtils.java:logGet(44)) - raft.server.rpc.timeout.max = 5200ms (custom)
2022-01-10 01:38:05,301 [pool-504-thread-1] INFO  server.RaftServerConfigKeys (ConfUtils.java:logGet(44)) - raft.server.rpc.sleep.time = 25ms (default)
2022-01-10 01:38:05,301 [pool-504-thread-1] INFO  server.RaftServerConfigKeys (ConfUtils.java:logGet(44)) - raft.server.rpc.slowness.timeout = 300s (custom)
2022-01-10 01:38:05,301 [pool-504-thread-1] INFO  server.RaftServerConfigKeys (ConfUtils.java:logGet(44)) - raft.server.leaderelection.leader.step-down.wait-time = 10s (default)
2022-01-10 01:38:05,301 [pool-504-thread-1] INFO  server.RaftServerConfigKeys (ConfUtils.java:logGet(44)) - raft.server.sleep.deviation.threshold = 300ms (default)
2022-01-10 01:38:05,301 [pool-504-thread-1] INFO  server.RaftServerConfigKeys (ConfUtils.java:logGet(44)) - raft.server.log.appender.install.snapshot.enabled = false (custom)
2022-01-10 01:38:05,301 [pool-504-thread-1] INFO  server.RaftServer$Division (ServerState.java:<init>(105)) - 1cc2c250-a922-45e8-b8e5-f94197ece095@group-1378E56E65CB: ConfigurationManager, init=-1: [c170d5b9-cf3d-4e56-89e7-d82e21136cb5|rpc:10.1.0.8:44261|dataStream:|priority:0, 1cc2c250-a922-45e8-b8e5-f94197ece095|rpc:10.1.0.8:39065|dataStream:|priority:1, 7c05103a-a8d8-44cf-9e6e-c5c97716da47|rpc:10.1.0.8:37605|dataStream:|priority:0], old=null, confs=<EMPTY_MAP>
2022-01-10 01:38:05,301 [pool-504-thread-1] INFO  server.RaftServerConfigKeys (ConfUtils.java:logGet(44)) - raft.server.storage.dir = [/home/runner/work/ozone/ozone/hadoop-ozone/integration-test/target/test-dir/MiniOzoneClusterImpl-7b7fc32a-99ce-43ed-b52b-39fc19fe0398/datanode-1/data/ratis] (custom)
2022-01-10 01:38:05,302 [pool-504-thread-1] INFO  server.RaftServerConfigKeys (ConfUtils.java:logGet(44)) - raft.server.log.corruption.policy = EXCEPTION (default)
2022-01-10 01:38:05,302 [pool-504-thread-1] INFO  server.RaftServerConfigKeys (ConfUtils.java:logGet(44)) - raft.server.storage.free-space.min = 0MB (=0) (default)
2022-01-10 01:38:05,302 [pool-504-thread-1] INFO  storage.RaftStorageDirectory (RaftStorageDirectoryImpl.java:analyzeStorage(135)) - The storage directory /home/runner/work/ozone/ozone/hadoop-ozone/integration-test/target/test-dir/MiniOzoneClusterImpl-7b7fc32a-99ce-43ed-b52b-39fc19fe0398/datanode-1/data/ratis/132a6cc5-282d-4ad0-bd06-1378e56e65cb does not exist. Creating ...
2022-01-10 01:38:05,312 [pool-504-thread-1] INFO  storage.RaftStorageDirectory (RaftStorageDirectoryImpl.java:tryLock(230)) - Lock on /home/runner/work/ozone/ozone/hadoop-ozone/integration-test/target/test-dir/MiniOzoneClusterImpl-7b7fc32a-99ce-43ed-b52b-39fc19fe0398/datanode-1/data/ratis/132a6cc5-282d-4ad0-bd06-1378e56e65cb/in_use.lock acquired by nodename 16813@fv-az297-741
2022-01-10 01:38:05,313 [pool-504-thread-1] INFO  storage.RaftStorage (RaftStorageImpl.java:format(89)) - Storage directory /home/runner/work/ozone/ozone/hadoop-ozone/integration-test/target/test-dir/MiniOzoneClusterImpl-7b7fc32a-99ce-43ed-b52b-39fc19fe0398/datanode-1/data/ratis/132a6cc5-282d-4ad0-bd06-1378e56e65cb has been successfully formatted.
2022-01-10 01:38:05,314 [pool-504-thread-1] INFO  ratis.ContainerStateMachine (ContainerStateMachine.java:loadSnapshot(231)) - group-1378E56E65CB: The snapshot info is null. Setting the last applied indexto:(t:0, i:~)
2022-01-10 01:38:05,315 [pool-504-thread-1] INFO  server.RaftServerConfigKeys (ConfUtils.java:logGet(44)) - raft.server.notification.no-leader.timeout = 300s (custom)
2022-01-10 01:38:05,315 [pool-504-thread-1] INFO  server.RaftServerConfigKeys (ConfUtils.java:logGet(44)) - raft.server.log.use.memory = false (default)
2022-01-10 01:38:05,315 [pool-504-thread-1] INFO  server.RaftServerConfigKeys (ConfUtils.java:logGet(44)) - raft.server.log.purge.gap = 1000000 (custom)
2022-01-10 01:38:05,315 [pool-504-thread-1] INFO  server.RaftServerConfigKeys (ConfUtils.java:logGet(44)) - raft.server.log.appender.buffer.byte-limit = 33554432 (custom)
2022-01-10 01:38:05,327 [pool-504-thread-1] INFO  server.RaftServerConfigKeys (ConfUtils.java:logGet(44)) - raft.server.log.segment.size.max = 1048576 (custom)
2022-01-10 01:38:05,328 [pool-504-thread-1] INFO  server.RaftServerConfigKeys (ConfUtils.java:logGet(44)) - raft.server.log.segment.cache.num.max = 2 (custom)
2022-01-10 01:38:05,328 [pool-504-thread-1] INFO  server.RaftServerConfigKeys (ConfUtils.java:logGet(44)) - raft.server.log.segment.cache.size.max = 200MB (=209715200) (default)
2022-01-10 01:38:05,328 [pool-504-thread-1] INFO  segmented.SegmentedRaftLogWorker (SegmentedRaftLogWorker.java:<init>(182)) - new 1cc2c250-a922-45e8-b8e5-f94197ece095@group-1378E56E65CB-SegmentedRaftLogWorker for RaftStorageImpl:Storage Directory /home/runner/work/ozone/ozone/hadoop-ozone/integration-test/target/test-dir/MiniOzoneClusterImpl-7b7fc32a-99ce-43ed-b52b-39fc19fe0398/datanode-1/data/ratis/132a6cc5-282d-4ad0-bd06-1378e56e65cb
2022-01-10 01:38:05,328 [pool-504-thread-1] INFO  server.RaftServerConfigKeys (ConfUtils.java:logGet(44)) - raft.server.log.queue.byte-limit = 2147483647 (custom)
2022-01-10 01:38:05,328 [pool-504-thread-1] INFO  server.RaftServerConfigKeys (ConfUtils.java:logGet(44)) - raft.server.log.queue.element-limit = 1024 (custom)
2022-01-10 01:38:05,328 [pool-504-thread-1] INFO  server.RaftServerConfigKeys (ConfUtils.java:logGet(44)) - raft.server.log.segment.size.max = 1048576 (custom)
2022-01-10 01:38:05,328 [pool-504-thread-1] INFO  server.RaftServerConfigKeys (ConfUtils.java:logGet(44)) - raft.server.log.preallocated.size = 16384 (custom)
2022-01-10 01:38:05,328 [pool-504-thread-1] INFO  server.RaftServerConfigKeys (ConfUtils.java:logGet(44)) - raft.server.log.force.sync.num = 128 (default)
2022-01-10 01:38:05,328 [pool-504-thread-1] INFO  server.RaftServerConfigKeys (ConfUtils.java:logGet(44)) - raft.server.log.statemachine.data.sync = true (default)
2022-01-10 01:38:05,328 [pool-504-thread-1] INFO  server.RaftServerConfigKeys (ConfUtils.java:logGet(44)) - raft.server.log.statemachine.data.sync.timeout = 10s (default)
2022-01-10 01:38:05,328 [pool-504-thread-1] INFO  server.RaftServerConfigKeys (ConfUtils.java:logGet(44)) - raft.server.log.statemachine.data.sync.timeout.retry = -1 (default)
2022-01-10 01:38:05,329 [pool-504-thread-1] INFO  server.RaftServerConfigKeys (ConfUtils.java:logGet(44)) - raft.server.log.write.buffer.size = 1048576 (custom)
2022-01-10 01:38:05,329 [pool-504-thread-1] INFO  server.RaftServerConfigKeys (ConfUtils.java:logGet(44)) - raft.server.log.statemachine.data.caching.enabled = true (custom)
2022-01-10 01:38:05,330 [pool-504-thread-1] INFO  segmented.SegmentedRaftLogWorker (SegmentedRaftLogWorker.java:lambda$new$0(133)) - 1cc2c250-a922-45e8-b8e5-f94197ece095@group-1378E56E65CB-SegmentedRaftLogWorker: flushIndex: setUnconditionally 0 -> -1
2022-01-10 01:38:05,330 [pool-504-thread-1] INFO  segmented.SegmentedRaftLogWorker (SegmentedRaftLogWorker.java:lambda$new$0(133)) - 1cc2c250-a922-45e8-b8e5-f94197ece095@group-1378E56E65CB-SegmentedRaftLogWorker: safeCacheEvictIndex: setUnconditionally 0 -> -1
2022-01-10 01:38:05,334 [pool-504-thread-1] INFO  server.RaftServerConfigKeys (ConfUtils.java:logGet(44)) - raft.server.snapshot.auto.trigger.enabled = true (custom)
2022-01-10 01:38:05,334 [pool-504-thread-1] INFO  server.RaftServerConfigKeys (ConfUtils.java:logGet(44)) - raft.server.snapshot.auto.trigger.threshold = 10000 (custom)
2022-01-10 01:38:05,334 [pool-504-thread-1] INFO  server.RaftServerConfigKeys (ConfUtils.java:logGet(44)) - raft.server.snapshot.retention.file.num = 5 (custom)
2022-01-10 01:38:05,334 [pool-504-thread-1] INFO  server.RaftServerConfigKeys (ConfUtils.java:logGet(44)) - raft.server.log.purge.upto.snapshot.index = false (default)
2022-01-10 01:38:05,334 [pool-504-thread-1] INFO  server.RaftServerConfigKeys (ConfUtils.java:logGet(44)) - raft.server.retrycache.expirytime = 600000ms (custom)
2022-01-10 01:38:05,334 [pool-504-thread-1] INFO  server.RaftServerConfigKeys (ConfUtils.java:logGet(44)) - raft.server.retrycache.statistics.expirytime = 100μs (default)
2022-01-10 01:38:05,335 [pool-504-thread-1] INFO  server.RaftServer$Division (RaftServerImpl.java:start(301)) - 1cc2c250-a922-45e8-b8e5-f94197ece095@group-1378E56E65CB: start as a follower, conf=-1: [c170d5b9-cf3d-4e56-89e7-d82e21136cb5|rpc:10.1.0.8:44261|dataStream:|priority:0, 1cc2c250-a922-45e8-b8e5-f94197ece095|rpc:10.1.0.8:39065|dataStream:|priority:1, 7c05103a-a8d8-44cf-9e6e-c5c97716da47|rpc:10.1.0.8:37605|dataStream:|priority:0], old=null
2022-01-10 01:38:05,341 [pool-504-thread-1] INFO  server.RaftServer$Division (RaftServerImpl.java:setRole(290)) - 1cc2c250-a922-45e8-b8e5-f94197ece095@group-1378E56E65CB: changes role from      null to FOLLOWER at term 0 for startAsFollower
2022-01-10 01:38:05,342 [pool-504-thread-1] INFO  impl.RoleInfo (RoleInfo.java:updateAndGet(130)) - 1cc2c250-a922-45e8-b8e5-f94197ece095: start 1cc2c250-a922-45e8-b8e5-f94197ece095@group-1378E56E65CB-FollowerState
2022-01-10 01:38:05,348 [pool-504-thread-1] INFO  util.JmxRegister (JmxRegister.java:tryRegister(44)) - Successfully registered JMX Bean with object name Ratis:service=RaftServer,group=group-1378E56E65CB,id=1cc2c250-a922-45e8-b8e5-f94197ece095
2022-01-10 01:38:05,361 [Command processor thread] INFO  commandhandler.CreatePipelineCommandHandler (CreatePipelineCommandHandler.java:handle(106)) - Created Pipeline RATIS THREE PipelineID=132a6cc5-282d-4ad0-bd06-1378e56e65cb.
2022-01-10 01:38:05,361 [Command processor thread] INFO  server.RaftServer (RaftServerProxy.java:addNew(95)) - 7c05103a-a8d8-44cf-9e6e-c5c97716da47: addNew group-8921C0FE7E74:[c170d5b9-cf3d-4e56-89e7-d82e21136cb5|rpc:10.1.0.8:44261|priority:1, 1cc2c250-a922-45e8-b8e5-f94197ece095|rpc:10.1.0.8:39065|priority:0, 7c05103a-a8d8-44cf-9e6e-c5c97716da47|rpc:10.1.0.8:37605|priority:0] returns group-8921C0FE7E74:java.util.concurrent.CompletableFuture@47e9d77[Not completed]
2022-01-10 01:38:05,362 [pool-483-thread-1] INFO  server.RaftServer$Division (RaftServerImpl.java:<init>(184)) - 7c05103a-a8d8-44cf-9e6e-c5c97716da47: new RaftServerImpl for group-8921C0FE7E74:[c170d5b9-cf3d-4e56-89e7-d82e21136cb5|rpc:10.1.0.8:44261|priority:1, 1cc2c250-a922-45e8-b8e5-f94197ece095|rpc:10.1.0.8:39065|priority:0, 7c05103a-a8d8-44cf-9e6e-c5c97716da47|rpc:10.1.0.8:37605|priority:0] with ContainerStateMachine:uninitialized
2022-01-10 01:38:05,362 [pool-483-thread-1] INFO  server.RaftServerConfigKeys (ConfUtils.java:logGet(44)) - raft.server.rpc.timeout.min = 5s (custom)
2022-01-10 01:38:05,362 [pool-483-thread-1] INFO  server.RaftServerConfigKeys (ConfUtils.java:logGet(44)) - raft.server.rpc.timeout.max = 5200ms (custom)
2022-01-10 01:38:05,362 [pool-483-thread-1] INFO  server.RaftServerConfigKeys (ConfUtils.java:logGet(44)) - raft.server.rpc.sleep.time = 25ms (default)
2022-01-10 01:38:05,362 [pool-483-thread-1] INFO  server.RaftServerConfigKeys (ConfUtils.java:logGet(44)) - raft.server.rpc.slowness.timeout = 300s (custom)
2022-01-10 01:38:05,362 [pool-483-thread-1] INFO  server.RaftServerConfigKeys (ConfUtils.java:logGet(44)) - raft.server.leaderelection.leader.step-down.wait-time = 10s (default)
2022-01-10 01:38:05,362 [pool-483-thread-1] INFO  server.RaftServerConfigKeys (ConfUtils.java:logGet(44)) - raft.server.sleep.deviation.threshold = 300ms (default)
2022-01-10 01:38:05,362 [pool-483-thread-1] INFO  server.RaftServerConfigKeys (ConfUtils.java:logGet(44)) - raft.server.log.appender.install.snapshot.enabled = false (custom)
2022-01-10 01:38:05,362 [pool-483-thread-1] INFO  server.RaftServer$Division (ServerState.java:<init>(105)) - 7c05103a-a8d8-44cf-9e6e-c5c97716da47@group-8921C0FE7E74: ConfigurationManager, init=-1: [c170d5b9-cf3d-4e56-89e7-d82e21136cb5|rpc:10.1.0.8:44261|priority:1, 1cc2c250-a922-45e8-b8e5-f94197ece095|rpc:10.1.0.8:39065|priority:0, 7c05103a-a8d8-44cf-9e6e-c5c97716da47|rpc:10.1.0.8:37605|priority:0], old=null, confs=<EMPTY_MAP>
2022-01-10 01:38:05,362 [pool-483-thread-1] INFO  server.RaftServerConfigKeys (ConfUtils.java:logGet(44)) - raft.server.storage.dir = [/home/runner/work/ozone/ozone/hadoop-ozone/integration-test/target/test-dir/MiniOzoneClusterImpl-7b7fc32a-99ce-43ed-b52b-39fc19fe0398/datanode-0/data/ratis] (custom)
2022-01-10 01:38:05,362 [pool-483-thread-1] INFO  server.RaftServerConfigKeys (ConfUtils.java:logGet(44)) - raft.server.log.corruption.policy = EXCEPTION (default)
2022-01-10 01:38:05,362 [pool-483-thread-1] INFO  server.RaftServerConfigKeys (ConfUtils.java:logGet(44)) - raft.server.storage.free-space.min = 0MB (=0) (default)
2022-01-10 01:38:05,363 [pool-483-thread-1] INFO  storage.RaftStorageDirectory (RaftStorageDirectoryImpl.java:analyzeStorage(135)) - The storage directory /home/runner/work/ozone/ozone/hadoop-ozone/integration-test/target/test-dir/MiniOzoneClusterImpl-7b7fc32a-99ce-43ed-b52b-39fc19fe0398/datanode-0/data/ratis/4902a8e8-b5fa-4c10-9476-8921c0fe7e74 does not exist. Creating ...
2022-01-10 01:38:05,364 [pool-483-thread-1] INFO  storage.RaftStorageDirectory (RaftStorageDirectoryImpl.java:tryLock(230)) - Lock on /home/runner/work/ozone/ozone/hadoop-ozone/integration-test/target/test-dir/MiniOzoneClusterImpl-7b7fc32a-99ce-43ed-b52b-39fc19fe0398/datanode-0/data/ratis/4902a8e8-b5fa-4c10-9476-8921c0fe7e74/in_use.lock acquired by nodename 16813@fv-az297-741
2022-01-10 01:38:05,370 [pool-483-thread-1] INFO  storage.RaftStorage (RaftStorageImpl.java:format(89)) - Storage directory /home/runner/work/ozone/ozone/hadoop-ozone/integration-test/target/test-dir/MiniOzoneClusterImpl-7b7fc32a-99ce-43ed-b52b-39fc19fe0398/datanode-0/data/ratis/4902a8e8-b5fa-4c10-9476-8921c0fe7e74 has been successfully formatted.
2022-01-10 01:38:05,370 [pool-483-thread-1] INFO  ratis.ContainerStateMachine (ContainerStateMachine.java:loadSnapshot(231)) - group-8921C0FE7E74: The snapshot info is null. Setting the last applied indexto:(t:0, i:~)
2022-01-10 01:38:05,370 [pool-483-thread-1] INFO  server.RaftServerConfigKeys (ConfUtils.java:logGet(44)) - raft.server.notification.no-leader.timeout = 300s (custom)
2022-01-10 01:38:05,370 [pool-483-thread-1] INFO  server.RaftServerConfigKeys (ConfUtils.java:logGet(44)) - raft.server.log.use.memory = false (default)
2022-01-10 01:38:05,370 [pool-483-thread-1] INFO  server.RaftServerConfigKeys (ConfUtils.java:logGet(44)) - raft.server.log.purge.gap = 1000000 (custom)
2022-01-10 01:38:05,370 [pool-483-thread-1] INFO  server.RaftServerConfigKeys (ConfUtils.java:logGet(44)) - raft.server.log.appender.buffer.byte-limit = 33554432 (custom)
2022-01-10 01:38:05,370 [pool-483-thread-1] INFO  server.RaftServerConfigKeys (ConfUtils.java:logGet(44)) - raft.server.log.segment.size.max = 1048576 (custom)
2022-01-10 01:38:05,371 [pool-483-thread-1] INFO  server.RaftServerConfigKeys (ConfUtils.java:logGet(44)) - raft.server.log.segment.cache.num.max = 2 (custom)
2022-01-10 01:38:05,371 [pool-483-thread-1] INFO  server.RaftServerConfigKeys (ConfUtils.java:logGet(44)) - raft.server.log.segment.cache.size.max = 200MB (=209715200) (default)
2022-01-10 01:38:05,371 [pool-483-thread-1] INFO  segmented.SegmentedRaftLogWorker (SegmentedRaftLogWorker.java:<init>(182)) - new 7c05103a-a8d8-44cf-9e6e-c5c97716da47@group-8921C0FE7E74-SegmentedRaftLogWorker for RaftStorageImpl:Storage Directory /home/runner/work/ozone/ozone/hadoop-ozone/integration-test/target/test-dir/MiniOzoneClusterImpl-7b7fc32a-99ce-43ed-b52b-39fc19fe0398/datanode-0/data/ratis/4902a8e8-b5fa-4c10-9476-8921c0fe7e74
2022-01-10 01:38:05,371 [pool-483-thread-1] INFO  server.RaftServerConfigKeys (ConfUtils.java:logGet(44)) - raft.server.log.queue.byte-limit = 2147483647 (custom)
2022-01-10 01:38:05,371 [pool-483-thread-1] INFO  server.RaftServerConfigKeys (ConfUtils.java:logGet(44)) - raft.server.log.queue.element-limit = 1024 (custom)
2022-01-10 01:38:05,371 [pool-483-thread-1] INFO  server.RaftServerConfigKeys (ConfUtils.java:logGet(44)) - raft.server.log.segment.size.max = 1048576 (custom)
2022-01-10 01:38:05,371 [pool-483-thread-1] INFO  server.RaftServerConfigKeys (ConfUtils.java:logGet(44)) - raft.server.log.preallocated.size = 16384 (custom)
2022-01-10 01:38:05,371 [pool-483-thread-1] INFO  server.RaftServerConfigKeys (ConfUtils.java:logGet(44)) - raft.server.log.force.sync.num = 128 (default)
2022-01-10 01:38:05,371 [pool-483-thread-1] INFO  server.RaftServerConfigKeys (ConfUtils.java:logGet(44)) - raft.server.log.statemachine.data.sync = true (default)
2022-01-10 01:38:05,371 [pool-483-thread-1] INFO  server.RaftServerConfigKeys (ConfUtils.java:logGet(44)) - raft.server.log.statemachine.data.sync.timeout = 10s (default)
2022-01-10 01:38:05,371 [pool-483-thread-1] INFO  server.RaftServerConfigKeys (ConfUtils.java:logGet(44)) - raft.server.log.statemachine.data.sync.timeout.retry = -1 (default)
2022-01-10 01:38:05,372 [pool-483-thread-1] INFO  server.RaftServerConfigKeys (ConfUtils.java:logGet(44)) - raft.server.log.write.buffer.size = 1048576 (custom)
2022-01-10 01:38:05,372 [pool-483-thread-1] INFO  server.RaftServerConfigKeys (ConfUtils.java:logGet(44)) - raft.server.log.statemachine.data.caching.enabled = true (custom)
2022-01-10 01:38:05,373 [pool-483-thread-1] INFO  segmented.SegmentedRaftLogWorker (SegmentedRaftLogWorker.java:lambda$new$0(133)) - 7c05103a-a8d8-44cf-9e6e-c5c97716da47@group-8921C0FE7E74-SegmentedRaftLogWorker: flushIndex: setUnconditionally 0 -> -1
2022-01-10 01:38:05,373 [pool-483-thread-1] INFO  segmented.SegmentedRaftLogWorker (SegmentedRaftLogWorker.java:lambda$new$0(133)) - 7c05103a-a8d8-44cf-9e6e-c5c97716da47@group-8921C0FE7E74-SegmentedRaftLogWorker: safeCacheEvictIndex: setUnconditionally 0 -> -1
2022-01-10 01:38:05,384 [EventQueue-OpenPipelineForHealthyPipelineSafeModeRule] INFO  safemode.SCMSafeModeManager (HealthyPipelineSafeModeRule.java:process(124)) - SCM in safe mode. Healthy pipelines reported count is 0, required healthy pipeline reported count is 1
2022-01-10 01:38:05,384 [pool-483-thread-1] INFO  server.RaftServerConfigKeys (ConfUtils.java:logGet(44)) - raft.server.snapshot.auto.trigger.enabled = true (custom)
2022-01-10 01:38:05,384 [pool-483-thread-1] INFO  server.RaftServerConfigKeys (ConfUtils.java:logGet(44)) - raft.server.snapshot.auto.trigger.threshold = 10000 (custom)
2022-01-10 01:38:05,384 [pool-483-thread-1] INFO  server.RaftServerConfigKeys (ConfUtils.java:logGet(44)) - raft.server.snapshot.retention.file.num = 5 (custom)
2022-01-10 01:38:05,384 [pool-483-thread-1] INFO  server.RaftServerConfigKeys (ConfUtils.java:logGet(44)) - raft.server.log.purge.upto.snapshot.index = false (default)
2022-01-10 01:38:05,384 [pool-483-thread-1] INFO  server.RaftServerConfigKeys (ConfUtils.java:logGet(44)) - raft.server.retrycache.expirytime = 600000ms (custom)
2022-01-10 01:38:05,384 [pool-483-thread-1] INFO  server.RaftServerConfigKeys (ConfUtils.java:logGet(44)) - raft.server.retrycache.statistics.expirytime = 100μs (default)
2022-01-10 01:38:05,385 [pool-483-thread-1] INFO  server.RaftServer$Division (RaftServerImpl.java:start(301)) - 7c05103a-a8d8-44cf-9e6e-c5c97716da47@group-8921C0FE7E74: start as a follower, conf=-1: [c170d5b9-cf3d-4e56-89e7-d82e21136cb5|rpc:10.1.0.8:44261|priority:1, 1cc2c250-a922-45e8-b8e5-f94197ece095|rpc:10.1.0.8:39065|priority:0, 7c05103a-a8d8-44cf-9e6e-c5c97716da47|rpc:10.1.0.8:37605|priority:0], old=null
2022-01-10 01:38:05,385 [pool-483-thread-1] INFO  server.RaftServer$Division (RaftServerImpl.java:setRole(290)) - 7c05103a-a8d8-44cf-9e6e-c5c97716da47@group-8921C0FE7E74: changes role from      null to FOLLOWER at term 0 for startAsFollower
2022-01-10 01:38:05,385 [pool-483-thread-1] INFO  impl.RoleInfo (RoleInfo.java:updateAndGet(130)) - 7c05103a-a8d8-44cf-9e6e-c5c97716da47: start 7c05103a-a8d8-44cf-9e6e-c5c97716da47@group-8921C0FE7E74-FollowerState
2022-01-10 01:38:05,406 [pool-483-thread-1] INFO  util.JmxRegister (JmxRegister.java:tryRegister(44)) - Successfully registered JMX Bean with object name Ratis:service=RaftServer,group=group-8921C0FE7E74,id=7c05103a-a8d8-44cf-9e6e-c5c97716da47
2022-01-10 01:38:05,411 [Command processor thread] INFO  ratis.XceiverServerRatis (XceiverServerRatis.java:addGroup(768)) - Created group PipelineID=4902a8e8-b5fa-4c10-9476-8921c0fe7e74
2022-01-10 01:38:05,416 [grpc-default-executor-0] INFO  server.RaftServer (RaftServerProxy.java:addNew(95)) - 1cc2c250-a922-45e8-b8e5-f94197ece095: addNew group-8921C0FE7E74:[c170d5b9-cf3d-4e56-89e7-d82e21136cb5|rpc:10.1.0.8:44261|dataStream:|priority:1, 1cc2c250-a922-45e8-b8e5-f94197ece095|rpc:10.1.0.8:39065|dataStream:|priority:0, 7c05103a-a8d8-44cf-9e6e-c5c97716da47|rpc:10.1.0.8:37605|dataStream:|priority:0] returns group-8921C0FE7E74:java.util.concurrent.CompletableFuture@55b3269b[Not completed]
2022-01-10 01:38:05,417 [pool-504-thread-1] INFO  server.RaftServer$Division (RaftServerImpl.java:<init>(184)) - 1cc2c250-a922-45e8-b8e5-f94197ece095: new RaftServerImpl for group-8921C0FE7E74:[c170d5b9-cf3d-4e56-89e7-d82e21136cb5|rpc:10.1.0.8:44261|dataStream:|priority:1, 1cc2c250-a922-45e8-b8e5-f94197ece095|rpc:10.1.0.8:39065|dataStream:|priority:0, 7c05103a-a8d8-44cf-9e6e-c5c97716da47|rpc:10.1.0.8:37605|dataStream:|priority:0] with ContainerStateMachine:uninitialized
2022-01-10 01:38:05,417 [pool-504-thread-1] INFO  server.RaftServerConfigKeys (ConfUtils.java:logGet(44)) - raft.server.rpc.timeout.min = 5s (custom)
2022-01-10 01:38:05,417 [pool-504-thread-1] INFO  server.RaftServerConfigKeys (ConfUtils.java:logGet(44)) - raft.server.rpc.timeout.max = 5200ms (custom)
2022-01-10 01:38:05,417 [pool-504-thread-1] INFO  server.RaftServerConfigKeys (ConfUtils.java:logGet(44)) - raft.server.rpc.sleep.time = 25ms (default)
2022-01-10 01:38:05,417 [pool-504-thread-1] INFO  server.RaftServerConfigKeys (ConfUtils.java:logGet(44)) - raft.server.rpc.slowness.timeout = 300s (custom)
2022-01-10 01:38:05,417 [pool-504-thread-1] INFO  server.RaftServerConfigKeys (ConfUtils.java:logGet(44)) - raft.server.leaderelection.leader.step-down.wait-time = 10s (default)
2022-01-10 01:38:05,417 [pool-504-thread-1] INFO  server.RaftServerConfigKeys (ConfUtils.java:logGet(44)) - raft.server.sleep.deviation.threshold = 300ms (default)
2022-01-10 01:38:05,417 [pool-504-thread-1] INFO  server.RaftServerConfigKeys (ConfUtils.java:logGet(44)) - raft.server.log.appender.install.snapshot.enabled = false (custom)
2022-01-10 01:38:05,417 [pool-504-thread-1] INFO  server.RaftServer$Division (ServerState.java:<init>(105)) - 1cc2c250-a922-45e8-b8e5-f94197ece095@group-8921C0FE7E74: ConfigurationManager, init=-1: [c170d5b9-cf3d-4e56-89e7-d82e21136cb5|rpc:10.1.0.8:44261|dataStream:|priority:1, 1cc2c250-a922-45e8-b8e5-f94197ece095|rpc:10.1.0.8:39065|dataStream:|priority:0, 7c05103a-a8d8-44cf-9e6e-c5c97716da47|rpc:10.1.0.8:37605|dataStream:|priority:0], old=null, confs=<EMPTY_MAP>
2022-01-10 01:38:05,417 [pool-504-thread-1] INFO  server.RaftServerConfigKeys (ConfUtils.java:logGet(44)) - raft.server.storage.dir = [/home/runner/work/ozone/ozone/hadoop-ozone/integration-test/target/test-dir/MiniOzoneClusterImpl-7b7fc32a-99ce-43ed-b52b-39fc19fe0398/datanode-1/data/ratis] (custom)
2022-01-10 01:38:05,417 [pool-504-thread-1] INFO  server.RaftServerConfigKeys (ConfUtils.java:logGet(44)) - raft.server.log.corruption.policy = EXCEPTION (default)
2022-01-10 01:38:05,417 [pool-504-thread-1] INFO  server.RaftServerConfigKeys (ConfUtils.java:logGet(44)) - raft.server.storage.free-space.min = 0MB (=0) (default)
2022-01-10 01:38:05,417 [pool-504-thread-1] INFO  storage.RaftStorageDirectory (RaftStorageDirectoryImpl.java:analyzeStorage(135)) - The storage directory /home/runner/work/ozone/ozone/hadoop-ozone/integration-test/target/test-dir/MiniOzoneClusterImpl-7b7fc32a-99ce-43ed-b52b-39fc19fe0398/datanode-1/data/ratis/4902a8e8-b5fa-4c10-9476-8921c0fe7e74 does not exist. Creating ...
2022-01-10 01:38:05,420 [pool-504-thread-1] INFO  storage.RaftStorageDirectory (RaftStorageDirectoryImpl.java:tryLock(230)) - Lock on /home/runner/work/ozone/ozone/hadoop-ozone/integration-test/target/test-dir/MiniOzoneClusterImpl-7b7fc32a-99ce-43ed-b52b-39fc19fe0398/datanode-1/data/ratis/4902a8e8-b5fa-4c10-9476-8921c0fe7e74/in_use.lock acquired by nodename 16813@fv-az297-741
2022-01-10 01:38:05,421 [pool-504-thread-1] INFO  storage.RaftStorage (RaftStorageImpl.java:format(89)) - Storage directory /home/runner/work/ozone/ozone/hadoop-ozone/integration-test/target/test-dir/MiniOzoneClusterImpl-7b7fc32a-99ce-43ed-b52b-39fc19fe0398/datanode-1/data/ratis/4902a8e8-b5fa-4c10-9476-8921c0fe7e74 has been successfully formatted.
2022-01-10 01:38:05,422 [pool-504-thread-1] INFO  ratis.ContainerStateMachine (ContainerStateMachine.java:loadSnapshot(231)) - group-8921C0FE7E74: The snapshot info is null. Setting the last applied indexto:(t:0, i:~)
2022-01-10 01:38:05,422 [pool-504-thread-1] INFO  server.RaftServerConfigKeys (ConfUtils.java:logGet(44)) - raft.server.notification.no-leader.timeout = 300s (custom)
2022-01-10 01:38:05,422 [pool-504-thread-1] INFO  server.RaftServerConfigKeys (ConfUtils.java:logGet(44)) - raft.server.log.use.memory = false (default)
2022-01-10 01:38:05,423 [pool-504-thread-1] INFO  server.RaftServerConfigKeys (ConfUtils.java:logGet(44)) - raft.server.log.purge.gap = 1000000 (custom)
2022-01-10 01:38:05,423 [pool-504-thread-1] INFO  server.RaftServerConfigKeys (ConfUtils.java:logGet(44)) - raft.server.log.appender.buffer.byte-limit = 33554432 (custom)
2022-01-10 01:38:05,423 [pool-504-thread-1] INFO  server.RaftServerConfigKeys (ConfUtils.java:logGet(44)) - raft.server.log.segment.size.max = 1048576 (custom)
2022-01-10 01:38:05,424 [pool-504-thread-1] INFO  server.RaftServerConfigKeys (ConfUtils.java:logGet(44)) - raft.server.log.segment.cache.num.max = 2 (custom)
2022-01-10 01:38:05,424 [pool-504-thread-1] INFO  server.RaftServerConfigKeys (ConfUtils.java:logGet(44)) - raft.server.log.segment.cache.size.max = 200MB (=209715200) (default)
2022-01-10 01:38:05,424 [pool-504-thread-1] INFO  segmented.SegmentedRaftLogWorker (SegmentedRaftLogWorker.java:<init>(182)) - new 1cc2c250-a922-45e8-b8e5-f94197ece095@group-8921C0FE7E74-SegmentedRaftLogWorker for RaftStorageImpl:Storage Directory /home/runner/work/ozone/ozone/hadoop-ozone/integration-test/target/test-dir/MiniOzoneClusterImpl-7b7fc32a-99ce-43ed-b52b-39fc19fe0398/datanode-1/data/ratis/4902a8e8-b5fa-4c10-9476-8921c0fe7e74
2022-01-10 01:38:05,424 [pool-504-thread-1] INFO  server.RaftServerConfigKeys (ConfUtils.java:logGet(44)) - raft.server.log.queue.byte-limit = 2147483647 (custom)
2022-01-10 01:38:05,424 [pool-504-thread-1] INFO  server.RaftServerConfigKeys (ConfUtils.java:logGet(44)) - raft.server.log.queue.element-limit = 1024 (custom)
2022-01-10 01:38:05,424 [pool-504-thread-1] INFO  server.RaftServerConfigKeys (ConfUtils.java:logGet(44)) - raft.server.log.segment.size.max = 1048576 (custom)
2022-01-10 01:38:05,424 [pool-504-thread-1] INFO  server.RaftServerConfigKeys (ConfUtils.java:logGet(44)) - raft.server.log.preallocated.size = 16384 (custom)
2022-01-10 01:38:05,424 [pool-504-thread-1] INFO  server.RaftServerConfigKeys (ConfUtils.java:logGet(44)) - raft.server.log.force.sync.num = 128 (default)
2022-01-10 01:38:05,424 [pool-504-thread-1] INFO  server.RaftServerConfigKeys (ConfUtils.java:logGet(44)) - raft.server.log.statemachine.data.sync = true (default)
2022-01-10 01:38:05,424 [pool-504-thread-1] INFO  server.RaftServerConfigKeys (ConfUtils.java:logGet(44)) - raft.server.log.statemachine.data.sync.timeout = 10s (default)
2022-01-10 01:38:05,424 [pool-504-thread-1] INFO  server.RaftServerConfigKeys (ConfUtils.java:logGet(44)) - raft.server.log.statemachine.data.sync.timeout.retry = -1 (default)
2022-01-10 01:38:05,425 [pool-504-thread-1] INFO  server.RaftServerConfigKeys (ConfUtils.java:logGet(44)) - raft.server.log.write.buffer.size = 1048576 (custom)
2022-01-10 01:38:05,425 [pool-504-thread-1] INFO  server.RaftServerConfigKeys (ConfUtils.java:logGet(44)) - raft.server.log.statemachine.data.caching.enabled = true (custom)
2022-01-10 01:38:05,425 [pool-504-thread-1] INFO  segmented.SegmentedRaftLogWorker (SegmentedRaftLogWorker.java:lambda$new$0(133)) - 1cc2c250-a922-45e8-b8e5-f94197ece095@group-8921C0FE7E74-SegmentedRaftLogWorker: flushIndex: setUnconditionally 0 -> -1
2022-01-10 01:38:05,425 [pool-504-thread-1] INFO  segmented.SegmentedRaftLogWorker (SegmentedRaftLogWorker.java:lambda$new$0(133)) - 1cc2c250-a922-45e8-b8e5-f94197ece095@group-8921C0FE7E74-SegmentedRaftLogWorker: safeCacheEvictIndex: setUnconditionally 0 -> -1
2022-01-10 01:38:05,426 [pool-504-thread-1] INFO  server.RaftServerConfigKeys (ConfUtils.java:logGet(44)) - raft.server.snapshot.auto.trigger.enabled = true (custom)
2022-01-10 01:38:05,426 [pool-504-thread-1] INFO  server.RaftServerConfigKeys (ConfUtils.java:logGet(44)) - raft.server.snapshot.auto.trigger.threshold = 10000 (custom)
2022-01-10 01:38:05,426 [pool-504-thread-1] INFO  server.RaftServerConfigKeys (ConfUtils.java:logGet(44)) - raft.server.snapshot.retention.file.num = 5 (custom)
2022-01-10 01:38:05,426 [pool-504-thread-1] INFO  server.RaftServerConfigKeys (ConfUtils.java:logGet(44)) - raft.server.log.purge.upto.snapshot.index = false (default)
2022-01-10 01:38:05,426 [pool-504-thread-1] INFO  server.RaftServerConfigKeys (ConfUtils.java:logGet(44)) - raft.server.retrycache.expirytime = 600000ms (custom)
2022-01-10 01:38:05,426 [pool-504-thread-1] INFO  server.RaftServerConfigKeys (ConfUtils.java:logGet(44)) - raft.server.retrycache.statistics.expirytime = 100μs (default)
2022-01-10 01:38:05,432 [pool-504-thread-1] INFO  server.RaftServer$Division (RaftServerImpl.java:start(301)) - 1cc2c250-a922-45e8-b8e5-f94197ece095@group-8921C0FE7E74: start as a follower, conf=-1: [c170d5b9-cf3d-4e56-89e7-d82e21136cb5|rpc:10.1.0.8:44261|dataStream:|priority:1, 1cc2c250-a922-45e8-b8e5-f94197ece095|rpc:10.1.0.8:39065|dataStream:|priority:0, 7c05103a-a8d8-44cf-9e6e-c5c97716da47|rpc:10.1.0.8:37605|dataStream:|priority:0], old=null
2022-01-10 01:38:05,433 [pool-504-thread-1] INFO  server.RaftServer$Division (RaftServerImpl.java:setRole(290)) - 1cc2c250-a922-45e8-b8e5-f94197ece095@group-8921C0FE7E74: changes role from      null to FOLLOWER at term 0 for startAsFollower
2022-01-10 01:38:05,433 [pool-504-thread-1] INFO  impl.RoleInfo (RoleInfo.java:updateAndGet(130)) - 1cc2c250-a922-45e8-b8e5-f94197ece095: start 1cc2c250-a922-45e8-b8e5-f94197ece095@group-8921C0FE7E74-FollowerState
2022-01-10 01:38:05,433 [pool-504-thread-1] INFO  util.JmxRegister (JmxRegister.java:tryRegister(44)) - Successfully registered JMX Bean with object name Ratis:service=RaftServer,group=group-8921C0FE7E74,id=1cc2c250-a922-45e8-b8e5-f94197ece095
2022-01-10 01:38:05,457 [grpc-default-executor-0] INFO  server.RaftServer (RaftServerProxy.java:addNew(95)) - c170d5b9-cf3d-4e56-89e7-d82e21136cb5: addNew group-8921C0FE7E74:[c170d5b9-cf3d-4e56-89e7-d82e21136cb5|rpc:10.1.0.8:44261|dataStream:|priority:1, 1cc2c250-a922-45e8-b8e5-f94197ece095|rpc:10.1.0.8:39065|dataStream:|priority:0, 7c05103a-a8d8-44cf-9e6e-c5c97716da47|rpc:10.1.0.8:37605|dataStream:|priority:0] returns group-8921C0FE7E74:java.util.concurrent.CompletableFuture@3cb66a1d[Not completed]
2022-01-10 01:38:05,457 [pool-525-thread-1] INFO  server.RaftServer$Division (RaftServerImpl.java:<init>(184)) - c170d5b9-cf3d-4e56-89e7-d82e21136cb5: new RaftServerImpl for group-8921C0FE7E74:[c170d5b9-cf3d-4e56-89e7-d82e21136cb5|rpc:10.1.0.8:44261|dataStream:|priority:1, 1cc2c250-a922-45e8-b8e5-f94197ece095|rpc:10.1.0.8:39065|dataStream:|priority:0, 7c05103a-a8d8-44cf-9e6e-c5c97716da47|rpc:10.1.0.8:37605|dataStream:|priority:0] with ContainerStateMachine:uninitialized
2022-01-10 01:38:05,458 [pool-525-thread-1] INFO  server.RaftServerConfigKeys (ConfUtils.java:logGet(44)) - raft.server.rpc.timeout.min = 5s (custom)
2022-01-10 01:38:05,458 [pool-525-thread-1] INFO  server.RaftServerConfigKeys (ConfUtils.java:logGet(44)) - raft.server.rpc.timeout.max = 5200ms (custom)
2022-01-10 01:38:05,458 [pool-525-thread-1] INFO  server.RaftServerConfigKeys (ConfUtils.java:logGet(44)) - raft.server.rpc.sleep.time = 25ms (default)
2022-01-10 01:38:05,458 [pool-525-thread-1] INFO  server.RaftServerConfigKeys (ConfUtils.java:logGet(44)) - raft.server.rpc.slowness.timeout = 300s (custom)
2022-01-10 01:38:05,458 [pool-525-thread-1] INFO  server.RaftServerConfigKeys (ConfUtils.java:logGet(44)) - raft.server.leaderelection.leader.step-down.wait-time = 10s (default)
2022-01-10 01:38:05,458 [pool-525-thread-1] INFO  server.RaftServerConfigKeys (ConfUtils.java:logGet(44)) - raft.server.sleep.deviation.threshold = 300ms (default)
2022-01-10 01:38:05,458 [pool-525-thread-1] INFO  server.RaftServerConfigKeys (ConfUtils.java:logGet(44)) - raft.server.log.appender.install.snapshot.enabled = false (custom)
2022-01-10 01:38:05,458 [pool-525-thread-1] INFO  server.RaftServer$Division (ServerState.java:<init>(105)) - c170d5b9-cf3d-4e56-89e7-d82e21136cb5@group-8921C0FE7E74: ConfigurationManager, init=-1: [c170d5b9-cf3d-4e56-89e7-d82e21136cb5|rpc:10.1.0.8:44261|dataStream:|priority:1, 1cc2c250-a922-45e8-b8e5-f94197ece095|rpc:10.1.0.8:39065|dataStream:|priority:0, 7c05103a-a8d8-44cf-9e6e-c5c97716da47|rpc:10.1.0.8:37605|dataStream:|priority:0], old=null, confs=<EMPTY_MAP>
2022-01-10 01:38:05,458 [pool-525-thread-1] INFO  server.RaftServerConfigKeys (ConfUtils.java:logGet(44)) - raft.server.storage.dir = [/home/runner/work/ozone/ozone/hadoop-ozone/integration-test/target/test-dir/MiniOzoneClusterImpl-7b7fc32a-99ce-43ed-b52b-39fc19fe0398/datanode-2/data/ratis] (custom)
2022-01-10 01:38:05,458 [pool-525-thread-1] INFO  server.RaftServerConfigKeys (ConfUtils.java:logGet(44)) - raft.server.log.corruption.policy = EXCEPTION (default)
2022-01-10 01:38:05,458 [pool-525-thread-1] INFO  server.RaftServerConfigKeys (ConfUtils.java:logGet(44)) - raft.server.storage.free-space.min = 0MB (=0) (default)
2022-01-10 01:38:05,458 [pool-525-thread-1] INFO  storage.RaftStorageDirectory (RaftStorageDirectoryImpl.java:analyzeStorage(135)) - The storage directory /home/runner/work/ozone/ozone/hadoop-ozone/integration-test/target/test-dir/MiniOzoneClusterImpl-7b7fc32a-99ce-43ed-b52b-39fc19fe0398/datanode-2/data/ratis/4902a8e8-b5fa-4c10-9476-8921c0fe7e74 does not exist. Creating ...
2022-01-10 01:38:05,461 [pool-525-thread-1] INFO  storage.RaftStorageDirectory (RaftStorageDirectoryImpl.java:tryLock(230)) - Lock on /home/runner/work/ozone/ozone/hadoop-ozone/integration-test/target/test-dir/MiniOzoneClusterImpl-7b7fc32a-99ce-43ed-b52b-39fc19fe0398/datanode-2/data/ratis/4902a8e8-b5fa-4c10-9476-8921c0fe7e74/in_use.lock acquired by nodename 16813@fv-az297-741
2022-01-10 01:38:05,465 [pool-525-thread-1] INFO  storage.RaftStorage (RaftStorageImpl.java:format(89)) - Storage directory /home/runner/work/ozone/ozone/hadoop-ozone/integration-test/target/test-dir/MiniOzoneClusterImpl-7b7fc32a-99ce-43ed-b52b-39fc19fe0398/datanode-2/data/ratis/4902a8e8-b5fa-4c10-9476-8921c0fe7e74 has been successfully formatted.
2022-01-10 01:38:05,466 [pool-525-thread-1] INFO  ratis.ContainerStateMachine (ContainerStateMachine.java:loadSnapshot(231)) - group-8921C0FE7E74: The snapshot info is null. Setting the last applied indexto:(t:0, i:~)
2022-01-10 01:38:05,474 [pool-525-thread-1] INFO  server.RaftServerConfigKeys (ConfUtils.java:logGet(44)) - raft.server.notification.no-leader.timeout = 300s (custom)
2022-01-10 01:38:05,474 [pool-525-thread-1] INFO  server.RaftServerConfigKeys (ConfUtils.java:logGet(44)) - raft.server.log.use.memory = false (default)
2022-01-10 01:38:05,474 [pool-525-thread-1] INFO  server.RaftServerConfigKeys (ConfUtils.java:logGet(44)) - raft.server.log.purge.gap = 1000000 (custom)
2022-01-10 01:38:05,474 [pool-525-thread-1] INFO  server.RaftServerConfigKeys (ConfUtils.java:logGet(44)) - raft.server.log.appender.buffer.byte-limit = 33554432 (custom)
2022-01-10 01:38:05,474 [pool-525-thread-1] INFO  server.RaftServerConfigKeys (ConfUtils.java:logGet(44)) - raft.server.log.segment.size.max = 1048576 (custom)
2022-01-10 01:38:05,475 [pool-525-thread-1] INFO  server.RaftServerConfigKeys (ConfUtils.java:logGet(44)) - raft.server.log.segment.cache.num.max = 2 (custom)
2022-01-10 01:38:05,475 [pool-525-thread-1] INFO  server.RaftServerConfigKeys (ConfUtils.java:logGet(44)) - raft.server.log.segment.cache.size.max = 200MB (=209715200) (default)
2022-01-10 01:38:05,475 [pool-525-thread-1] INFO  segmented.SegmentedRaftLogWorker (SegmentedRaftLogWorker.java:<init>(182)) - new c170d5b9-cf3d-4e56-89e7-d82e21136cb5@group-8921C0FE7E74-SegmentedRaftLogWorker for RaftStorageImpl:Storage Directory /home/runner/work/ozone/ozone/hadoop-ozone/integration-test/target/test-dir/MiniOzoneClusterImpl-7b7fc32a-99ce-43ed-b52b-39fc19fe0398/datanode-2/data/ratis/4902a8e8-b5fa-4c10-9476-8921c0fe7e74
2022-01-10 01:38:05,475 [pool-525-thread-1] INFO  server.RaftServerConfigKeys (ConfUtils.java:logGet(44)) - raft.server.log.queue.byte-limit = 2147483647 (custom)
2022-01-10 01:38:05,475 [pool-525-thread-1] INFO  server.RaftServerConfigKeys (ConfUtils.java:logGet(44)) - raft.server.log.queue.element-limit = 1024 (custom)
2022-01-10 01:38:05,475 [pool-525-thread-1] INFO  server.RaftServerConfigKeys (ConfUtils.java:logGet(44)) - raft.server.log.segment.size.max = 1048576 (custom)
2022-01-10 01:38:05,475 [pool-525-thread-1] INFO  server.RaftServerConfigKeys (ConfUtils.java:logGet(44)) - raft.server.log.preallocated.size = 16384 (custom)
2022-01-10 01:38:05,475 [pool-525-thread-1] INFO  server.RaftServerConfigKeys (ConfUtils.java:logGet(44)) - raft.server.log.force.sync.num = 128 (default)
2022-01-10 01:38:05,475 [pool-525-thread-1] INFO  server.RaftServerConfigKeys (ConfUtils.java:logGet(44)) - raft.server.log.statemachine.data.sync = true (default)
2022-01-10 01:38:05,475 [pool-525-thread-1] INFO  server.RaftServerConfigKeys (ConfUtils.java:logGet(44)) - raft.server.log.statemachine.data.sync.timeout = 10s (default)
2022-01-10 01:38:05,475 [pool-525-thread-1] INFO  server.RaftServerConfigKeys (ConfUtils.java:logGet(44)) - raft.server.log.statemachine.data.sync.timeout.retry = -1 (default)
2022-01-10 01:38:05,476 [pool-525-thread-1] INFO  server.RaftServerConfigKeys (ConfUtils.java:logGet(44)) - raft.server.log.write.buffer.size = 1048576 (custom)
2022-01-10 01:38:05,476 [pool-525-thread-1] INFO  server.RaftServerConfigKeys (ConfUtils.java:logGet(44)) - raft.server.log.statemachine.data.caching.enabled = true (custom)
2022-01-10 01:38:05,476 [pool-525-thread-1] INFO  segmented.SegmentedRaftLogWorker (SegmentedRaftLogWorker.java:lambda$new$0(133)) - c170d5b9-cf3d-4e56-89e7-d82e21136cb5@group-8921C0FE7E74-SegmentedRaftLogWorker: flushIndex: setUnconditionally 0 -> -1
2022-01-10 01:38:05,476 [pool-525-thread-1] INFO  segmented.SegmentedRaftLogWorker (SegmentedRaftLogWorker.java:lambda$new$0(133)) - c170d5b9-cf3d-4e56-89e7-d82e21136cb5@group-8921C0FE7E74-SegmentedRaftLogWorker: safeCacheEvictIndex: setUnconditionally 0 -> -1
2022-01-10 01:38:05,478 [pool-525-thread-1] INFO  server.RaftServerConfigKeys (ConfUtils.java:logGet(44)) - raft.server.snapshot.auto.trigger.enabled = true (custom)
2022-01-10 01:38:05,478 [pool-525-thread-1] INFO  server.RaftServerConfigKeys (ConfUtils.java:logGet(44)) - raft.server.snapshot.auto.trigger.threshold = 10000 (custom)
2022-01-10 01:38:05,478 [pool-525-thread-1] INFO  server.RaftServerConfigKeys (ConfUtils.java:logGet(44)) - raft.server.snapshot.retention.file.num = 5 (custom)
2022-01-10 01:38:05,478 [pool-525-thread-1] INFO  server.RaftServerConfigKeys (ConfUtils.java:logGet(44)) - raft.server.log.purge.upto.snapshot.index = false (default)
2022-01-10 01:38:05,478 [pool-525-thread-1] INFO  server.RaftServerConfigKeys (ConfUtils.java:logGet(44)) - raft.server.retrycache.expirytime = 600000ms (custom)
2022-01-10 01:38:05,478 [pool-525-thread-1] INFO  server.RaftServerConfigKeys (ConfUtils.java:logGet(44)) - raft.server.retrycache.statistics.expirytime = 100μs (default)
2022-01-10 01:38:05,479 [pool-525-thread-1] INFO  server.RaftServer$Division (RaftServerImpl.java:start(301)) - c170d5b9-cf3d-4e56-89e7-d82e21136cb5@group-8921C0FE7E74: start as a follower, conf=-1: [c170d5b9-cf3d-4e56-89e7-d82e21136cb5|rpc:10.1.0.8:44261|dataStream:|priority:1, 1cc2c250-a922-45e8-b8e5-f94197ece095|rpc:10.1.0.8:39065|dataStream:|priority:0, 7c05103a-a8d8-44cf-9e6e-c5c97716da47|rpc:10.1.0.8:37605|dataStream:|priority:0], old=null
2022-01-10 01:38:05,479 [pool-525-thread-1] INFO  server.RaftServer$Division (RaftServerImpl.java:setRole(290)) - c170d5b9-cf3d-4e56-89e7-d82e21136cb5@group-8921C0FE7E74: changes role from      null to FOLLOWER at term 0 for startAsFollower
2022-01-10 01:38:05,479 [pool-525-thread-1] INFO  impl.RoleInfo (RoleInfo.java:updateAndGet(130)) - c170d5b9-cf3d-4e56-89e7-d82e21136cb5: start c170d5b9-cf3d-4e56-89e7-d82e21136cb5@group-8921C0FE7E74-FollowerState
2022-01-10 01:38:05,479 [pool-525-thread-1] INFO  util.JmxRegister (JmxRegister.java:tryRegister(44)) - Successfully registered JMX Bean with object name Ratis:service=RaftServer,group=group-8921C0FE7E74,id=c170d5b9-cf3d-4e56-89e7-d82e21136cb5
2022-01-10 01:38:05,500 [Command processor thread] INFO  commandhandler.CreatePipelineCommandHandler (CreatePipelineCommandHandler.java:handle(106)) - Created Pipeline RATIS THREE PipelineID=4902a8e8-b5fa-4c10-9476-8921c0fe7e74.
2022-01-10 01:38:05,506 [Command processor thread] INFO  server.RaftServer (RaftServerProxy.java:addNew(95)) - 1cc2c250-a922-45e8-b8e5-f94197ece095: addNew group-209C6AF15B30:[1cc2c250-a922-45e8-b8e5-f94197ece095|rpc:10.1.0.8:39065|priority:1] returns group-209C6AF15B30:java.util.concurrent.CompletableFuture@2c9e97bf[Not completed]
2022-01-10 01:38:05,506 [pool-504-thread-1] INFO  server.RaftServer$Division (RaftServerImpl.java:<init>(184)) - 1cc2c250-a922-45e8-b8e5-f94197ece095: new RaftServerImpl for group-209C6AF15B30:[1cc2c250-a922-45e8-b8e5-f94197ece095|rpc:10.1.0.8:39065|priority:1] with ContainerStateMachine:uninitialized
2022-01-10 01:38:05,506 [pool-504-thread-1] INFO  server.RaftServerConfigKeys (ConfUtils.java:logGet(44)) - raft.server.rpc.timeout.min = 5s (custom)
2022-01-10 01:38:05,506 [pool-504-thread-1] INFO  server.RaftServerConfigKeys (ConfUtils.java:logGet(44)) - raft.server.rpc.timeout.max = 5200ms (custom)
2022-01-10 01:38:05,506 [pool-504-thread-1] INFO  server.RaftServerConfigKeys (ConfUtils.java:logGet(44)) - raft.server.rpc.sleep.time = 25ms (default)
2022-01-10 01:38:05,506 [pool-504-thread-1] INFO  server.RaftServerConfigKeys (ConfUtils.java:logGet(44)) - raft.server.rpc.slowness.timeout = 300s (custom)
2022-01-10 01:38:05,506 [pool-504-thread-1] INFO  server.RaftServerConfigKeys (ConfUtils.java:logGet(44)) - raft.server.leaderelection.leader.step-down.wait-time = 10s (default)
2022-01-10 01:38:05,506 [pool-504-thread-1] INFO  server.RaftServerConfigKeys (ConfUtils.java:logGet(44)) - raft.server.sleep.deviation.threshold = 300ms (default)
2022-01-10 01:38:05,507 [pool-504-thread-1] INFO  server.RaftServerConfigKeys (ConfUtils.java:logGet(44)) - raft.server.log.appender.install.snapshot.enabled = false (custom)
2022-01-10 01:38:05,507 [pool-504-thread-1] INFO  server.RaftServer$Division (ServerState.java:<init>(105)) - 1cc2c250-a922-45e8-b8e5-f94197ece095@group-209C6AF15B30: ConfigurationManager, init=-1: [1cc2c250-a922-45e8-b8e5-f94197ece095|rpc:10.1.0.8:39065|priority:1], old=null, confs=<EMPTY_MAP>
2022-01-10 01:38:05,507 [pool-504-thread-1] INFO  server.RaftServerConfigKeys (ConfUtils.java:logGet(44)) - raft.server.storage.dir = [/home/runner/work/ozone/ozone/hadoop-ozone/integration-test/target/test-dir/MiniOzoneClusterImpl-7b7fc32a-99ce-43ed-b52b-39fc19fe0398/datanode-1/data/ratis] (custom)
2022-01-10 01:38:05,507 [pool-504-thread-1] INFO  server.RaftServerConfigKeys (ConfUtils.java:logGet(44)) - raft.server.log.corruption.policy = EXCEPTION (default)
2022-01-10 01:38:05,507 [pool-504-thread-1] INFO  server.RaftServerConfigKeys (ConfUtils.java:logGet(44)) - raft.server.storage.free-space.min = 0MB (=0) (default)
2022-01-10 01:38:05,507 [pool-504-thread-1] INFO  storage.RaftStorageDirectory (RaftStorageDirectoryImpl.java:analyzeStorage(135)) - The storage directory /home/runner/work/ozone/ozone/hadoop-ozone/integration-test/target/test-dir/MiniOzoneClusterImpl-7b7fc32a-99ce-43ed-b52b-39fc19fe0398/datanode-1/data/ratis/874b157e-908b-4812-91da-209c6af15b30 does not exist. Creating ...
2022-01-10 01:38:05,510 [pool-504-thread-1] INFO  storage.RaftStorageDirectory (RaftStorageDirectoryImpl.java:tryLock(230)) - Lock on /home/runner/work/ozone/ozone/hadoop-ozone/integration-test/target/test-dir/MiniOzoneClusterImpl-7b7fc32a-99ce-43ed-b52b-39fc19fe0398/datanode-1/data/ratis/874b157e-908b-4812-91da-209c6af15b30/in_use.lock acquired by nodename 16813@fv-az297-741
2022-01-10 01:38:05,512 [pool-504-thread-1] INFO  storage.RaftStorage (RaftStorageImpl.java:format(89)) - Storage directory /home/runner/work/ozone/ozone/hadoop-ozone/integration-test/target/test-dir/MiniOzoneClusterImpl-7b7fc32a-99ce-43ed-b52b-39fc19fe0398/datanode-1/data/ratis/874b157e-908b-4812-91da-209c6af15b30 has been successfully formatted.
2022-01-10 01:38:05,513 [pool-504-thread-1] INFO  ratis.ContainerStateMachine (ContainerStateMachine.java:loadSnapshot(231)) - group-209C6AF15B30: The snapshot info is null. Setting the last applied indexto:(t:0, i:~)
2022-01-10 01:38:05,513 [pool-504-thread-1] INFO  server.RaftServerConfigKeys (ConfUtils.java:logGet(44)) - raft.server.notification.no-leader.timeout = 300s (custom)
2022-01-10 01:38:05,513 [pool-504-thread-1] INFO  server.RaftServerConfigKeys (ConfUtils.java:logGet(44)) - raft.server.log.use.memory = false (default)
2022-01-10 01:38:05,513 [pool-504-thread-1] INFO  server.RaftServerConfigKeys (ConfUtils.java:logGet(44)) - raft.server.log.purge.gap = 1000000 (custom)
2022-01-10 01:38:05,513 [pool-504-thread-1] INFO  server.RaftServerConfigKeys (ConfUtils.java:logGet(44)) - raft.server.log.appender.buffer.byte-limit = 33554432 (custom)
2022-01-10 01:38:05,513 [pool-504-thread-1] INFO  server.RaftServerConfigKeys (ConfUtils.java:logGet(44)) - raft.server.log.segment.size.max = 1048576 (custom)
2022-01-10 01:38:05,513 [pool-504-thread-1] INFO  server.RaftServerConfigKeys (ConfUtils.java:logGet(44)) - raft.server.log.segment.cache.num.max = 2 (custom)
2022-01-10 01:38:05,514 [pool-504-thread-1] INFO  server.RaftServerConfigKeys (ConfUtils.java:logGet(44)) - raft.server.log.segment.cache.size.max = 200MB (=209715200) (default)
2022-01-10 01:38:05,514 [pool-504-thread-1] INFO  segmented.SegmentedRaftLogWorker (SegmentedRaftLogWorker.java:<init>(182)) - new 1cc2c250-a922-45e8-b8e5-f94197ece095@group-209C6AF15B30-SegmentedRaftLogWorker for RaftStorageImpl:Storage Directory /home/runner/work/ozone/ozone/hadoop-ozone/integration-test/target/test-dir/MiniOzoneClusterImpl-7b7fc32a-99ce-43ed-b52b-39fc19fe0398/datanode-1/data/ratis/874b157e-908b-4812-91da-209c6af15b30
2022-01-10 01:38:05,514 [EventQueue-PipelineReportForPipelineReportHandler] INFO  pipeline.PipelineManagerImpl (PipelineManagerImpl.java:openPipeline(291)) - Pipeline Pipeline[ Id: 874b157e-908b-4812-91da-209c6af15b30, Nodes: 1cc2c250-a922-45e8-b8e5-f94197ece095{ip: 10.1.0.8, host: fv-az297-741.nmf1rxwemy4u5di1sxxf4ejcwb.jx.internal.cloudapp.net, ports: [REPLICATION=34441, RATIS=39065, RATIS_ADMIN=39065, RATIS_SERVER=39065, STANDALONE=42181], networkLocation: /default-rack, certSerialId: null, persistedOpState: IN_SERVICE, persistedOpStateExpiryEpochSec: 0}, ReplicationConfig: RATIS/ONE, State:ALLOCATED, leaderId:1cc2c250-a922-45e8-b8e5-f94197ece095, CreationTimestamp2022-01-10T01:38:02.512Z[Etc/UTC]] moved to OPEN state
2022-01-10 01:38:05,514 [EventQueue-OpenPipelineForHealthyPipelineSafeModeRule] INFO  safemode.SCMSafeModeManager (HealthyPipelineSafeModeRule.java:process(124)) - SCM in safe mode. Healthy pipelines reported count is 0, required healthy pipeline reported count is 1
2022-01-10 01:38:05,514 [pool-504-thread-1] INFO  server.RaftServerConfigKeys (ConfUtils.java:logGet(44)) - raft.server.log.queue.byte-limit = 2147483647 (custom)
2022-01-10 01:38:05,516 [pool-504-thread-1] INFO  server.RaftServerConfigKeys (ConfUtils.java:logGet(44)) - raft.server.log.queue.element-limit = 1024 (custom)
2022-01-10 01:38:05,516 [pool-504-thread-1] INFO  server.RaftServerConfigKeys (ConfUtils.java:logGet(44)) - raft.server.log.segment.size.max = 1048576 (custom)
2022-01-10 01:38:05,516 [pool-504-thread-1] INFO  server.RaftServerConfigKeys (ConfUtils.java:logGet(44)) - raft.server.log.preallocated.size = 16384 (custom)
2022-01-10 01:38:05,516 [pool-504-thread-1] INFO  server.RaftServerConfigKeys (ConfUtils.java:logGet(44)) - raft.server.log.force.sync.num = 128 (default)
2022-01-10 01:38:05,516 [pool-504-thread-1] INFO  server.RaftServerConfigKeys (ConfUtils.java:logGet(44)) - raft.server.log.statemachine.data.sync = true (default)
2022-01-10 01:38:05,516 [pool-504-thread-1] INFO  server.RaftServerConfigKeys (ConfUtils.java:logGet(44)) - raft.server.log.statemachine.data.sync.timeout = 10s (default)
2022-01-10 01:38:05,517 [pool-504-thread-1] INFO  server.RaftServerConfigKeys (ConfUtils.java:logGet(44)) - raft.server.log.statemachine.data.sync.timeout.retry = -1 (default)
2022-01-10 01:38:05,517 [pool-504-thread-1] INFO  server.RaftServerConfigKeys (ConfUtils.java:logGet(44)) - raft.server.log.write.buffer.size = 1048576 (custom)
2022-01-10 01:38:05,518 [pool-504-thread-1] INFO  server.RaftServerConfigKeys (ConfUtils.java:logGet(44)) - raft.server.log.statemachine.data.caching.enabled = true (custom)
2022-01-10 01:38:05,518 [pool-504-thread-1] INFO  segmented.SegmentedRaftLogWorker (SegmentedRaftLogWorker.java:lambda$new$0(133)) - 1cc2c250-a922-45e8-b8e5-f94197ece095@group-209C6AF15B30-SegmentedRaftLogWorker: flushIndex: setUnconditionally 0 -> -1
2022-01-10 01:38:05,518 [pool-504-thread-1] INFO  segmented.SegmentedRaftLogWorker (SegmentedRaftLogWorker.java:lambda$new$0(133)) - 1cc2c250-a922-45e8-b8e5-f94197ece095@group-209C6AF15B30-SegmentedRaftLogWorker: safeCacheEvictIndex: setUnconditionally 0 -> -1
2022-01-10 01:38:05,522 [pool-504-thread-1] INFO  server.RaftServerConfigKeys (ConfUtils.java:logGet(44)) - raft.server.snapshot.auto.trigger.enabled = true (custom)
2022-01-10 01:38:05,522 [pool-504-thread-1] INFO  server.RaftServerConfigKeys (ConfUtils.java:logGet(44)) - raft.server.snapshot.auto.trigger.threshold = 10000 (custom)
2022-01-10 01:38:05,522 [pool-504-thread-1] INFO  server.RaftServerConfigKeys (ConfUtils.java:logGet(44)) - raft.server.snapshot.retention.file.num = 5 (custom)
2022-01-10 01:38:05,522 [pool-504-thread-1] INFO  server.RaftServerConfigKeys (ConfUtils.java:logGet(44)) - raft.server.log.purge.upto.snapshot.index = false (default)
2022-01-10 01:38:05,522 [pool-504-thread-1] INFO  server.RaftServerConfigKeys (ConfUtils.java:logGet(44)) - raft.server.retrycache.expirytime = 600000ms (custom)
2022-01-10 01:38:05,522 [pool-504-thread-1] INFO  server.RaftServerConfigKeys (ConfUtils.java:logGet(44)) - raft.server.retrycache.statistics.expirytime = 100μs (default)
2022-01-10 01:38:05,523 [pool-504-thread-1] INFO  server.RaftServer$Division (RaftServerImpl.java:start(301)) - 1cc2c250-a922-45e8-b8e5-f94197ece095@group-209C6AF15B30: start as a follower, conf=-1: [1cc2c250-a922-45e8-b8e5-f94197ece095|rpc:10.1.0.8:39065|priority:1], old=null
2022-01-10 01:38:05,523 [pool-504-thread-1] INFO  server.RaftServer$Division (RaftServerImpl.java:setRole(290)) - 1cc2c250-a922-45e8-b8e5-f94197ece095@group-209C6AF15B30: changes role from      null to FOLLOWER at term 0 for startAsFollower
2022-01-10 01:38:05,523 [pool-504-thread-1] INFO  impl.RoleInfo (RoleInfo.java:updateAndGet(130)) - 1cc2c250-a922-45e8-b8e5-f94197ece095: start 1cc2c250-a922-45e8-b8e5-f94197ece095@group-209C6AF15B30-FollowerState
2022-01-10 01:38:05,523 [pool-504-thread-1] INFO  util.JmxRegister (JmxRegister.java:tryRegister(44)) - Successfully registered JMX Bean with object name Ratis:service=RaftServer,group=group-209C6AF15B30,id=1cc2c250-a922-45e8-b8e5-f94197ece095
2022-01-10 01:38:05,525 [Command processor thread] INFO  ratis.XceiverServerRatis (XceiverServerRatis.java:addGroup(768)) - Created group PipelineID=874b157e-908b-4812-91da-209c6af15b30
2022-01-10 01:38:05,525 [Command processor thread] INFO  commandhandler.CreatePipelineCommandHandler (CreatePipelineCommandHandler.java:handle(106)) - Created Pipeline RATIS ONE PipelineID=874b157e-908b-4812-91da-209c6af15b30.
2022-01-10 01:38:05,881 [Listener at 127.0.0.1/36119] INFO  ozone.MiniOzoneClusterImpl (MiniOzoneClusterImpl.java:lambda$waitForClusterToBeReady$0(235)) - Nodes are ready. Got 3 of 3 DN Heartbeats.
2022-01-10 01:38:05,886 [Listener at 127.0.0.1/36119] INFO  ozone.MiniOzoneClusterImpl (MiniOzoneClusterImpl.java:lambda$waitForClusterToBeReady$0(238)) - Waiting for cluster to exit safe mode
2022-01-10 01:38:05,886 [Listener at 127.0.0.1/36119] INFO  ozone.MiniOzoneClusterImpl (MiniOzoneClusterImpl.java:lambda$waitForClusterToBeReady$0(240)) - SCM became leader
2022-01-10 01:38:05,919 [Command processor thread] INFO  server.RaftServer (RaftServerProxy.java:addNew(95)) - c170d5b9-cf3d-4e56-89e7-d82e21136cb5: addNew group-05659CF265FF:[c170d5b9-cf3d-4e56-89e7-d82e21136cb5|rpc:10.1.0.8:44261|priority:1] returns group-05659CF265FF:java.util.concurrent.CompletableFuture@4bd16d6f[Not completed]
2022-01-10 01:38:05,920 [pool-525-thread-1] INFO  server.RaftServer$Division (RaftServerImpl.java:<init>(184)) - c170d5b9-cf3d-4e56-89e7-d82e21136cb5: new RaftServerImpl for group-05659CF265FF:[c170d5b9-cf3d-4e56-89e7-d82e21136cb5|rpc:10.1.0.8:44261|priority:1] with ContainerStateMachine:uninitialized
2022-01-10 01:38:05,920 [pool-525-thread-1] INFO  server.RaftServerConfigKeys (ConfUtils.java:logGet(44)) - raft.server.rpc.timeout.min = 5s (custom)
2022-01-10 01:38:05,920 [pool-525-thread-1] INFO  server.RaftServerConfigKeys (ConfUtils.java:logGet(44)) - raft.server.rpc.timeout.max = 5200ms (custom)
2022-01-10 01:38:05,920 [pool-525-thread-1] INFO  server.RaftServerConfigKeys (ConfUtils.java:logGet(44)) - raft.server.rpc.sleep.time = 25ms (default)
2022-01-10 01:38:05,920 [pool-525-thread-1] INFO  server.RaftServerConfigKeys (ConfUtils.java:logGet(44)) - raft.server.rpc.slowness.timeout = 300s (custom)
2022-01-10 01:38:05,920 [pool-525-thread-1] INFO  server.RaftServerConfigKeys (ConfUtils.java:logGet(44)) - raft.server.leaderelection.leader.step-down.wait-time = 10s (default)
2022-01-10 01:38:05,921 [pool-525-thread-1] INFO  server.RaftServerConfigKeys (ConfUtils.java:logGet(44)) - raft.server.sleep.deviation.threshold = 300ms (default)
2022-01-10 01:38:05,921 [pool-525-thread-1] INFO  server.RaftServerConfigKeys (ConfUtils.java:logGet(44)) - raft.server.log.appender.install.snapshot.enabled = false (custom)
2022-01-10 01:38:05,921 [pool-525-thread-1] INFO  server.RaftServer$Division (ServerState.java:<init>(105)) - c170d5b9-cf3d-4e56-89e7-d82e21136cb5@group-05659CF265FF: ConfigurationManager, init=-1: [c170d5b9-cf3d-4e56-89e7-d82e21136cb5|rpc:10.1.0.8:44261|priority:1], old=null, confs=<EMPTY_MAP>
2022-01-10 01:38:05,921 [pool-525-thread-1] INFO  server.RaftServerConfigKeys (ConfUtils.java:logGet(44)) - raft.server.storage.dir = [/home/runner/work/ozone/ozone/hadoop-ozone/integration-test/target/test-dir/MiniOzoneClusterImpl-7b7fc32a-99ce-43ed-b52b-39fc19fe0398/datanode-2/data/ratis] (custom)
2022-01-10 01:38:05,921 [pool-525-thread-1] INFO  server.RaftServerConfigKeys (ConfUtils.java:logGet(44)) - raft.server.log.corruption.policy = EXCEPTION (default)
2022-01-10 01:38:05,921 [pool-525-thread-1] INFO  server.RaftServerConfigKeys (ConfUtils.java:logGet(44)) - raft.server.storage.free-space.min = 0MB (=0) (default)
2022-01-10 01:38:05,921 [pool-525-thread-1] INFO  storage.RaftStorageDirectory (RaftStorageDirectoryImpl.java:analyzeStorage(135)) - The storage directory /home/runner/work/ozone/ozone/hadoop-ozone/integration-test/target/test-dir/MiniOzoneClusterImpl-7b7fc32a-99ce-43ed-b52b-39fc19fe0398/datanode-2/data/ratis/18b32fa0-7b43-45b9-9c7e-05659cf265ff does not exist. Creating ...
2022-01-10 01:38:05,924 [pool-525-thread-1] INFO  storage.RaftStorageDirectory (RaftStorageDirectoryImpl.java:tryLock(230)) - Lock on /home/runner/work/ozone/ozone/hadoop-ozone/integration-test/target/test-dir/MiniOzoneClusterImpl-7b7fc32a-99ce-43ed-b52b-39fc19fe0398/datanode-2/data/ratis/18b32fa0-7b43-45b9-9c7e-05659cf265ff/in_use.lock acquired by nodename 16813@fv-az297-741
2022-01-10 01:38:05,928 [pool-525-thread-1] INFO  storage.RaftStorage (RaftStorageImpl.java:format(89)) - Storage directory /home/runner/work/ozone/ozone/hadoop-ozone/integration-test/target/test-dir/MiniOzoneClusterImpl-7b7fc32a-99ce-43ed-b52b-39fc19fe0398/datanode-2/data/ratis/18b32fa0-7b43-45b9-9c7e-05659cf265ff has been successfully formatted.
2022-01-10 01:38:05,928 [pool-525-thread-1] INFO  ratis.ContainerStateMachine (ContainerStateMachine.java:loadSnapshot(231)) - group-05659CF265FF: The snapshot info is null. Setting the last applied indexto:(t:0, i:~)
2022-01-10 01:38:05,928 [pool-525-thread-1] INFO  server.RaftServerConfigKeys (ConfUtils.java:logGet(44)) - raft.server.notification.no-leader.timeout = 300s (custom)
2022-01-10 01:38:05,928 [pool-525-thread-1] INFO  server.RaftServerConfigKeys (ConfUtils.java:logGet(44)) - raft.server.log.use.memory = false (default)
2022-01-10 01:38:05,928 [pool-525-thread-1] INFO  server.RaftServerConfigKeys (ConfUtils.java:logGet(44)) - raft.server.log.purge.gap = 1000000 (custom)
2022-01-10 01:38:05,928 [pool-525-thread-1] INFO  server.RaftServerConfigKeys (ConfUtils.java:logGet(44)) - raft.server.log.appender.buffer.byte-limit = 33554432 (custom)
2022-01-10 01:38:05,928 [pool-525-thread-1] INFO  server.RaftServerConfigKeys (ConfUtils.java:logGet(44)) - raft.server.log.segment.size.max = 1048576 (custom)
2022-01-10 01:38:05,929 [pool-525-thread-1] INFO  server.RaftServerConfigKeys (ConfUtils.java:logGet(44)) - raft.server.log.segment.cache.num.max = 2 (custom)
2022-01-10 01:38:05,929 [pool-525-thread-1] INFO  server.RaftServerConfigKeys (ConfUtils.java:logGet(44)) - raft.server.log.segment.cache.size.max = 200MB (=209715200) (default)
2022-01-10 01:38:05,929 [pool-525-thread-1] INFO  segmented.SegmentedRaftLogWorker (SegmentedRaftLogWorker.java:<init>(182)) - new c170d5b9-cf3d-4e56-89e7-d82e21136cb5@group-05659CF265FF-SegmentedRaftLogWorker for RaftStorageImpl:Storage Directory /home/runner/work/ozone/ozone/hadoop-ozone/integration-test/target/test-dir/MiniOzoneClusterImpl-7b7fc32a-99ce-43ed-b52b-39fc19fe0398/datanode-2/data/ratis/18b32fa0-7b43-45b9-9c7e-05659cf265ff
2022-01-10 01:38:05,929 [pool-525-thread-1] INFO  server.RaftServerConfigKeys (ConfUtils.java:logGet(44)) - raft.server.log.queue.byte-limit = 2147483647 (custom)
2022-01-10 01:38:05,929 [pool-525-thread-1] INFO  server.RaftServerConfigKeys (ConfUtils.java:logGet(44)) - raft.server.log.queue.element-limit = 1024 (custom)
2022-01-10 01:38:05,929 [EventQueue-PipelineReportForPipelineReportHandler] INFO  pipeline.PipelineManagerImpl (PipelineManagerImpl.java:openPipeline(291)) - Pipeline Pipeline[ Id: 18b32fa0-7b43-45b9-9c7e-05659cf265ff, Nodes: c170d5b9-cf3d-4e56-89e7-d82e21136cb5{ip: 10.1.0.8, host: fv-az297-741.nmf1rxwemy4u5di1sxxf4ejcwb.jx.internal.cloudapp.net, ports: [REPLICATION=44119, RATIS=44261, RATIS_ADMIN=44261, RATIS_SERVER=44261, STANDALONE=43307], networkLocation: /default-rack, certSerialId: null, persistedOpState: IN_SERVICE, persistedOpStateExpiryEpochSec: 0}, ReplicationConfig: RATIS/ONE, State:ALLOCATED, leaderId:c170d5b9-cf3d-4e56-89e7-d82e21136cb5, CreationTimestamp2022-01-10T01:38:02.920Z[Etc/UTC]] moved to OPEN state
2022-01-10 01:38:05,929 [pool-525-thread-1] INFO  server.RaftServerConfigKeys (ConfUtils.java:logGet(44)) - raft.server.log.segment.size.max = 1048576 (custom)
2022-01-10 01:38:05,929 [pool-525-thread-1] INFO  server.RaftServerConfigKeys (ConfUtils.java:logGet(44)) - raft.server.log.preallocated.size = 16384 (custom)
2022-01-10 01:38:05,929 [pool-525-thread-1] INFO  server.RaftServerConfigKeys (ConfUtils.java:logGet(44)) - raft.server.log.force.sync.num = 128 (default)
2022-01-10 01:38:05,929 [pool-525-thread-1] INFO  server.RaftServerConfigKeys (ConfUtils.java:logGet(44)) - raft.server.log.statemachine.data.sync = true (default)
2022-01-10 01:38:05,929 [pool-525-thread-1] INFO  server.RaftServerConfigKeys (ConfUtils.java:logGet(44)) - raft.server.log.statemachine.data.sync.timeout = 10s (default)
2022-01-10 01:38:05,929 [pool-525-thread-1] INFO  server.RaftServerConfigKeys (ConfUtils.java:logGet(44)) - raft.server.log.statemachine.data.sync.timeout.retry = -1 (default)
2022-01-10 01:38:05,930 [EventQueue-OpenPipelineForHealthyPipelineSafeModeRule] INFO  safemode.SCMSafeModeManager (HealthyPipelineSafeModeRule.java:process(124)) - SCM in safe mode. Healthy pipelines reported count is 0, required healthy pipeline reported count is 1
2022-01-10 01:38:05,933 [pool-525-thread-1] INFO  server.RaftServerConfigKeys (ConfUtils.java:logGet(44)) - raft.server.log.write.buffer.size = 1048576 (custom)
2022-01-10 01:38:05,934 [pool-525-thread-1] INFO  server.RaftServerConfigKeys (ConfUtils.java:logGet(44)) - raft.server.log.statemachine.data.caching.enabled = true (custom)
2022-01-10 01:38:05,937 [pool-525-thread-1] INFO  segmented.SegmentedRaftLogWorker (SegmentedRaftLogWorker.java:lambda$new$0(133)) - c170d5b9-cf3d-4e56-89e7-d82e21136cb5@group-05659CF265FF-SegmentedRaftLogWorker: flushIndex: setUnconditionally 0 -> -1
2022-01-10 01:38:05,937 [pool-525-thread-1] INFO  segmented.SegmentedRaftLogWorker (SegmentedRaftLogWorker.java:lambda$new$0(133)) - c170d5b9-cf3d-4e56-89e7-d82e21136cb5@group-05659CF265FF-SegmentedRaftLogWorker: safeCacheEvictIndex: setUnconditionally 0 -> -1
2022-01-10 01:38:05,939 [pool-525-thread-1] INFO  server.RaftServerConfigKeys (ConfUtils.java:logGet(44)) - raft.server.snapshot.auto.trigger.enabled = true (custom)
2022-01-10 01:38:05,939 [pool-525-thread-1] INFO  server.RaftServerConfigKeys (ConfUtils.java:logGet(44)) - raft.server.snapshot.auto.trigger.threshold = 10000 (custom)
2022-01-10 01:38:05,939 [pool-525-thread-1] INFO  server.RaftServerConfigKeys (ConfUtils.java:logGet(44)) - raft.server.snapshot.retention.file.num = 5 (custom)
2022-01-10 01:38:05,939 [pool-525-thread-1] INFO  server.RaftServerConfigKeys (ConfUtils.java:logGet(44)) - raft.server.log.purge.upto.snapshot.index = false (default)
2022-01-10 01:38:05,939 [pool-525-thread-1] INFO  server.RaftServerConfigKeys (ConfUtils.java:logGet(44)) - raft.server.retrycache.expirytime = 600000ms (custom)
2022-01-10 01:38:05,939 [pool-525-thread-1] INFO  server.RaftServerConfigKeys (ConfUtils.java:logGet(44)) - raft.server.retrycache.statistics.expirytime = 100μs (default)
2022-01-10 01:38:05,940 [pool-525-thread-1] INFO  server.RaftServer$Division (RaftServerImpl.java:start(301)) - c170d5b9-cf3d-4e56-89e7-d82e21136cb5@group-05659CF265FF: start as a follower, conf=-1: [c170d5b9-cf3d-4e56-89e7-d82e21136cb5|rpc:10.1.0.8:44261|priority:1], old=null
2022-01-10 01:38:05,940 [pool-525-thread-1] INFO  server.RaftServer$Division (RaftServerImpl.java:setRole(290)) - c170d5b9-cf3d-4e56-89e7-d82e21136cb5@group-05659CF265FF: changes role from      null to FOLLOWER at term 0 for startAsFollower
2022-01-10 01:38:05,940 [pool-525-thread-1] INFO  impl.RoleInfo (RoleInfo.java:updateAndGet(130)) - c170d5b9-cf3d-4e56-89e7-d82e21136cb5: start c170d5b9-cf3d-4e56-89e7-d82e21136cb5@group-05659CF265FF-FollowerState
2022-01-10 01:38:05,941 [pool-525-thread-1] INFO  util.JmxRegister (JmxRegister.java:tryRegister(44)) - Successfully registered JMX Bean with object name Ratis:service=RaftServer,group=group-05659CF265FF,id=c170d5b9-cf3d-4e56-89e7-d82e21136cb5
2022-01-10 01:38:05,942 [Command processor thread] INFO  ratis.XceiverServerRatis (XceiverServerRatis.java:addGroup(768)) - Created group PipelineID=18b32fa0-7b43-45b9-9c7e-05659cf265ff
2022-01-10 01:38:05,942 [Command processor thread] INFO  commandhandler.CreatePipelineCommandHandler (CreatePipelineCommandHandler.java:handle(106)) - Created Pipeline RATIS ONE PipelineID=18b32fa0-7b43-45b9-9c7e-05659cf265ff.
2022-01-10 01:38:06,886 [Listener at 127.0.0.1/36119] INFO  ozone.MiniOzoneClusterImpl (MiniOzoneClusterImpl.java:lambda$waitForClusterToBeReady$0(235)) - Nodes are ready. Got 3 of 3 DN Heartbeats.
2022-01-10 01:38:06,886 [Listener at 127.0.0.1/36119] INFO  ozone.MiniOzoneClusterImpl (MiniOzoneClusterImpl.java:lambda$waitForClusterToBeReady$0(238)) - Waiting for cluster to exit safe mode
2022-01-10 01:38:06,886 [Listener at 127.0.0.1/36119] INFO  ozone.MiniOzoneClusterImpl (MiniOzoneClusterImpl.java:lambda$waitForClusterToBeReady$0(240)) - SCM became leader
2022-01-10 01:38:07,886 [Listener at 127.0.0.1/36119] INFO  ozone.MiniOzoneClusterImpl (MiniOzoneClusterImpl.java:lambda$waitForClusterToBeReady$0(235)) - Nodes are ready. Got 3 of 3 DN Heartbeats.
2022-01-10 01:38:07,887 [Listener at 127.0.0.1/36119] INFO  ozone.MiniOzoneClusterImpl (MiniOzoneClusterImpl.java:lambda$waitForClusterToBeReady$0(238)) - Waiting for cluster to exit safe mode
2022-01-10 01:38:07,887 [Listener at 127.0.0.1/36119] INFO  ozone.MiniOzoneClusterImpl (MiniOzoneClusterImpl.java:lambda$waitForClusterToBeReady$0(240)) - SCM became leader
2022-01-10 01:38:08,887 [Listener at 127.0.0.1/36119] INFO  ozone.MiniOzoneClusterImpl (MiniOzoneClusterImpl.java:lambda$waitForClusterToBeReady$0(235)) - Nodes are ready. Got 3 of 3 DN Heartbeats.
2022-01-10 01:38:08,887 [Listener at 127.0.0.1/36119] INFO  ozone.MiniOzoneClusterImpl (MiniOzoneClusterImpl.java:lambda$waitForClusterToBeReady$0(238)) - Waiting for cluster to exit safe mode
2022-01-10 01:38:08,887 [Listener at 127.0.0.1/36119] INFO  ozone.MiniOzoneClusterImpl (MiniOzoneClusterImpl.java:lambda$waitForClusterToBeReady$0(240)) - SCM became leader
2022-01-10 01:38:09,888 [Listener at 127.0.0.1/36119] INFO  ozone.MiniOzoneClusterImpl (MiniOzoneClusterImpl.java:lambda$waitForClusterToBeReady$0(235)) - Nodes are ready. Got 3 of 3 DN Heartbeats.
2022-01-10 01:38:09,888 [Listener at 127.0.0.1/36119] INFO  ozone.MiniOzoneClusterImpl (MiniOzoneClusterImpl.java:lambda$waitForClusterToBeReady$0(238)) - Waiting for cluster to exit safe mode
2022-01-10 01:38:09,888 [Listener at 127.0.0.1/36119] INFO  ozone.MiniOzoneClusterImpl (MiniOzoneClusterImpl.java:lambda$waitForClusterToBeReady$0(240)) - SCM became leader
2022-01-10 01:38:10,182 [7c05103a-a8d8-44cf-9e6e-c5c97716da47@group-98FAA841F3D0-FollowerState] INFO  impl.FollowerState (FollowerState.java:run(134)) - 7c05103a-a8d8-44cf-9e6e-c5c97716da47@group-98FAA841F3D0-FollowerState: change to CANDIDATE, lastRpcElapsedTime:5043099930ns, electionTimeout:5038ms
2022-01-10 01:38:10,182 [7c05103a-a8d8-44cf-9e6e-c5c97716da47@group-98FAA841F3D0-FollowerState] INFO  impl.RoleInfo (RoleInfo.java:shutdownFollowerState(108)) - 7c05103a-a8d8-44cf-9e6e-c5c97716da47: shutdown 7c05103a-a8d8-44cf-9e6e-c5c97716da47@group-98FAA841F3D0-FollowerState
2022-01-10 01:38:10,182 [7c05103a-a8d8-44cf-9e6e-c5c97716da47@group-98FAA841F3D0-FollowerState] INFO  server.RaftServer$Division (RaftServerImpl.java:setRole(290)) - 7c05103a-a8d8-44cf-9e6e-c5c97716da47@group-98FAA841F3D0: changes role from  FOLLOWER to CANDIDATE at term 0 for changeToCandidate
2022-01-10 01:38:10,183 [7c05103a-a8d8-44cf-9e6e-c5c97716da47@group-98FAA841F3D0-FollowerState] INFO  server.RaftServerConfigKeys (ConfUtils.java:logGet(44)) - raft.server.leaderelection.pre-vote = false (custom)
2022-01-10 01:38:10,183 [7c05103a-a8d8-44cf-9e6e-c5c97716da47@group-98FAA841F3D0-FollowerState] INFO  impl.RoleInfo (RoleInfo.java:updateAndGet(130)) - 7c05103a-a8d8-44cf-9e6e-c5c97716da47: start 7c05103a-a8d8-44cf-9e6e-c5c97716da47@group-98FAA841F3D0-LeaderElection45
2022-01-10 01:38:10,210 [7c05103a-a8d8-44cf-9e6e-c5c97716da47@group-98FAA841F3D0-LeaderElection45] INFO  impl.LeaderElection (LeaderElection.java:askForVotes(306)) - 7c05103a-a8d8-44cf-9e6e-c5c97716da47@group-98FAA841F3D0-LeaderElection45 ELECTION round 0: submit vote requests at term 1 for -1: [7c05103a-a8d8-44cf-9e6e-c5c97716da47|rpc:10.1.0.8:37605|priority:1], old=null
2022-01-10 01:38:10,210 [7c05103a-a8d8-44cf-9e6e-c5c97716da47@group-98FAA841F3D0-LeaderElection45] INFO  impl.LeaderElection (LeaderElection.java:askForVotes(308)) - 7c05103a-a8d8-44cf-9e6e-c5c97716da47@group-98FAA841F3D0-LeaderElection45 ELECTION round 0: result PASSED (term=1)
2022-01-10 01:38:10,210 [7c05103a-a8d8-44cf-9e6e-c5c97716da47@group-98FAA841F3D0-LeaderElection45] INFO  impl.RoleInfo (RoleInfo.java:shutdownLeaderElection(121)) - 7c05103a-a8d8-44cf-9e6e-c5c97716da47: shutdown 7c05103a-a8d8-44cf-9e6e-c5c97716da47@group-98FAA841F3D0-LeaderElection45
2022-01-10 01:38:10,210 [7c05103a-a8d8-44cf-9e6e-c5c97716da47@group-98FAA841F3D0-LeaderElection45] INFO  server.RaftServer$Division (RaftServerImpl.java:setRole(290)) - 7c05103a-a8d8-44cf-9e6e-c5c97716da47@group-98FAA841F3D0: changes role from CANDIDATE to LEADER at term 1 for changeToLeader
2022-01-10 01:38:10,210 [7c05103a-a8d8-44cf-9e6e-c5c97716da47@group-98FAA841F3D0-LeaderElection45] INFO  ratis.XceiverServerRatis (XceiverServerRatis.java:handleLeaderChangedNotification(866)) - Leader change notification received for group: group-98FAA841F3D0 with new leaderId: 7c05103a-a8d8-44cf-9e6e-c5c97716da47
2022-01-10 01:38:10,210 [7c05103a-a8d8-44cf-9e6e-c5c97716da47@group-98FAA841F3D0-LeaderElection45] INFO  server.RaftServer$Division (ServerState.java:setLeader(285)) - 7c05103a-a8d8-44cf-9e6e-c5c97716da47@group-98FAA841F3D0: change Leader from null to 7c05103a-a8d8-44cf-9e6e-c5c97716da47 at term 1 for becomeLeader, leader elected after 5097ms
2022-01-10 01:38:10,210 [7c05103a-a8d8-44cf-9e6e-c5c97716da47@group-98FAA841F3D0-LeaderElection45] INFO  server.RaftServerConfigKeys (ConfUtils.java:logGet(44)) - raft.server.staging.catchup.gap = 1000 (default)
2022-01-10 01:38:10,210 [7c05103a-a8d8-44cf-9e6e-c5c97716da47@group-98FAA841F3D0-LeaderElection45] INFO  server.RaftServerConfigKeys (ConfUtils.java:logGet(44)) - raft.server.write.element-limit = 1024 (custom)
2022-01-10 01:38:10,210 [7c05103a-a8d8-44cf-9e6e-c5c97716da47@group-98FAA841F3D0-LeaderElection45] INFO  server.RaftServerConfigKeys (ConfUtils.java:logGet(44)) - raft.server.write.byte-limit = 1024 M (=1073741824) (custom)
2022-01-10 01:38:10,211 [7c05103a-a8d8-44cf-9e6e-c5c97716da47@group-98FAA841F3D0-LeaderElection45] INFO  server.RaftServerConfigKeys (ConfUtils.java:logGet(44)) - raft.server.watch.timeout = 180s (custom)
2022-01-10 01:38:10,211 [7c05103a-a8d8-44cf-9e6e-c5c97716da47@group-98FAA841F3D0-LeaderElection45] INFO  server.RaftServerConfigKeys (ConfUtils.java:logGet(44)) - raft.server.watch.timeout.denomination = 1s (default)
2022-01-10 01:38:10,211 [7c05103a-a8d8-44cf-9e6e-c5c97716da47@group-98FAA841F3D0-LeaderElection45] INFO  server.RaftServerConfigKeys (ConfUtils.java:logGet(44)) - raft.server.watch.element-limit = 65536 (default)
2022-01-10 01:38:10,211 [EventQueue-OpenPipelineForHealthyPipelineSafeModeRule] INFO  safemode.SCMSafeModeManager (HealthyPipelineSafeModeRule.java:process(124)) - SCM in safe mode. Healthy pipelines reported count is 0, required healthy pipeline reported count is 1
2022-01-10 01:38:10,212 [7c05103a-a8d8-44cf-9e6e-c5c97716da47@group-98FAA841F3D0-LeaderElection45] INFO  server.RaftServerConfigKeys (ConfUtils.java:logGet(44)) - raft.server.write.element-limit = 1024 (custom)
2022-01-10 01:38:10,212 [7c05103a-a8d8-44cf-9e6e-c5c97716da47@group-98FAA841F3D0-LeaderElection45] INFO  server.RaftServerConfigKeys (ConfUtils.java:logGet(44)) - raft.server.write.follower.gap.ratio.max = -1.0 (default)
2022-01-10 01:38:10,212 [7c05103a-a8d8-44cf-9e6e-c5c97716da47@group-98FAA841F3D0-LeaderElection45] INFO  impl.RoleInfo (RoleInfo.java:updateAndGet(130)) - 7c05103a-a8d8-44cf-9e6e-c5c97716da47: start 7c05103a-a8d8-44cf-9e6e-c5c97716da47@group-98FAA841F3D0-LeaderStateImpl
2022-01-10 01:38:10,213 [7c05103a-a8d8-44cf-9e6e-c5c97716da47@group-98FAA841F3D0-LeaderElection45] INFO  segmented.SegmentedRaftLogWorker (SegmentedRaftLogWorker.java:startLogSegment(394)) - 7c05103a-a8d8-44cf-9e6e-c5c97716da47@group-98FAA841F3D0-SegmentedRaftLogWorker: Starting segment from index:0
2022-01-10 01:38:10,215 [7c05103a-a8d8-44cf-9e6e-c5c97716da47@group-98FAA841F3D0-SegmentedRaftLogWorker] INFO  segmented.SegmentedRaftLogWorker (SegmentedRaftLogWorker.java:execute(601)) - 7c05103a-a8d8-44cf-9e6e-c5c97716da47@group-98FAA841F3D0-SegmentedRaftLogWorker: created new log segment /home/runner/work/ozone/ozone/hadoop-ozone/integration-test/target/test-dir/MiniOzoneClusterImpl-7b7fc32a-99ce-43ed-b52b-39fc19fe0398/datanode-0/data/ratis/c844328b-46c6-4269-9c3c-98faa841f3d0/current/log_inprogress_0
2022-01-10 01:38:10,225 [7c05103a-a8d8-44cf-9e6e-c5c97716da47@group-98FAA841F3D0-LeaderElection45] INFO  server.RaftServer$Division (ServerState.java:setRaftConf(387)) - 7c05103a-a8d8-44cf-9e6e-c5c97716da47@group-98FAA841F3D0: set configuration 0: [7c05103a-a8d8-44cf-9e6e-c5c97716da47|rpc:10.1.0.8:37605|dataStream:|priority:1], old=null
2022-01-10 01:38:10,341 [7c05103a-a8d8-44cf-9e6e-c5c97716da47@group-1378E56E65CB-FollowerState] INFO  impl.FollowerState (FollowerState.java:run(134)) - 7c05103a-a8d8-44cf-9e6e-c5c97716da47@group-1378E56E65CB-FollowerState: change to CANDIDATE, lastRpcElapsedTime:5166911486ns, electionTimeout:5166ms
2022-01-10 01:38:10,341 [7c05103a-a8d8-44cf-9e6e-c5c97716da47@group-1378E56E65CB-FollowerState] INFO  impl.RoleInfo (RoleInfo.java:shutdownFollowerState(108)) - 7c05103a-a8d8-44cf-9e6e-c5c97716da47: shutdown 7c05103a-a8d8-44cf-9e6e-c5c97716da47@group-1378E56E65CB-FollowerState
2022-01-10 01:38:10,341 [7c05103a-a8d8-44cf-9e6e-c5c97716da47@group-1378E56E65CB-FollowerState] INFO  server.RaftServer$Division (RaftServerImpl.java:setRole(290)) - 7c05103a-a8d8-44cf-9e6e-c5c97716da47@group-1378E56E65CB: changes role from  FOLLOWER to CANDIDATE at term 0 for changeToCandidate
2022-01-10 01:38:10,342 [7c05103a-a8d8-44cf-9e6e-c5c97716da47@group-1378E56E65CB-FollowerState] INFO  server.RaftServerConfigKeys (ConfUtils.java:logGet(44)) - raft.server.leaderelection.pre-vote = false (custom)
2022-01-10 01:38:10,342 [7c05103a-a8d8-44cf-9e6e-c5c97716da47@group-1378E56E65CB-FollowerState] INFO  impl.RoleInfo (RoleInfo.java:updateAndGet(130)) - 7c05103a-a8d8-44cf-9e6e-c5c97716da47: start 7c05103a-a8d8-44cf-9e6e-c5c97716da47@group-1378E56E65CB-LeaderElection46
2022-01-10 01:38:10,354 [7c05103a-a8d8-44cf-9e6e-c5c97716da47@group-1378E56E65CB-LeaderElection46] INFO  impl.LeaderElection (LeaderElection.java:askForVotes(306)) - 7c05103a-a8d8-44cf-9e6e-c5c97716da47@group-1378E56E65CB-LeaderElection46 ELECTION round 0: submit vote requests at term 1 for -1: [c170d5b9-cf3d-4e56-89e7-d82e21136cb5|rpc:10.1.0.8:44261|priority:0, 1cc2c250-a922-45e8-b8e5-f94197ece095|rpc:10.1.0.8:39065|priority:1, 7c05103a-a8d8-44cf-9e6e-c5c97716da47|rpc:10.1.0.8:37605|priority:0], old=null
2022-01-10 01:38:10,361 [grpc-default-executor-0] INFO  server.RaftServer$Division (RaftServerImpl.java:requestVote(1046)) - c170d5b9-cf3d-4e56-89e7-d82e21136cb5@group-1378E56E65CB: receive requestVote(ELECTION, 7c05103a-a8d8-44cf-9e6e-c5c97716da47, group-1378E56E65CB, 1, (t:0, i:0))
2022-01-10 01:38:10,361 [grpc-default-executor-0] INFO  impl.VoteContext (VoteContext.java:log(48)) - c170d5b9-cf3d-4e56-89e7-d82e21136cb5@group-1378E56E65CB-FOLLOWER: accept ELECTION from 7c05103a-a8d8-44cf-9e6e-c5c97716da47: our priority 0 <= candidate's priority 0
2022-01-10 01:38:10,361 [grpc-default-executor-0] INFO  server.RaftServer$Division (RaftServerImpl.java:setRole(290)) - c170d5b9-cf3d-4e56-89e7-d82e21136cb5@group-1378E56E65CB: changes role from  FOLLOWER to FOLLOWER at term 1 for candidate:7c05103a-a8d8-44cf-9e6e-c5c97716da47
2022-01-10 01:38:10,361 [grpc-default-executor-0] INFO  impl.RoleInfo (RoleInfo.java:shutdownFollowerState(108)) - c170d5b9-cf3d-4e56-89e7-d82e21136cb5: shutdown c170d5b9-cf3d-4e56-89e7-d82e21136cb5@group-1378E56E65CB-FollowerState
2022-01-10 01:38:10,365 [grpc-default-executor-0] INFO  impl.RoleInfo (RoleInfo.java:updateAndGet(130)) - c170d5b9-cf3d-4e56-89e7-d82e21136cb5: start c170d5b9-cf3d-4e56-89e7-d82e21136cb5@group-1378E56E65CB-FollowerState
2022-01-10 01:38:10,366 [c170d5b9-cf3d-4e56-89e7-d82e21136cb5@group-1378E56E65CB-FollowerState] INFO  impl.FollowerState (FollowerState.java:run(143)) - c170d5b9-cf3d-4e56-89e7-d82e21136cb5@group-1378E56E65CB-FollowerState was interrupted: {}
java.lang.InterruptedException: sleep interrupted
	at java.lang.Thread.sleep(Native Method)
	at java.lang.Thread.sleep(Thread.java:340)
	at java.util.concurrent.TimeUnit.sleep(TimeUnit.java:386)
	at org.apache.ratis.util.TimeDuration.sleep(TimeDuration.java:324)
	at org.apache.ratis.util.TimeDuration.sleep(TimeDuration.java:309)
	at org.apache.ratis.server.impl.FollowerState.run(FollowerState.java:118)
2022-01-10 01:38:10,376 [grpc-default-executor-0] INFO  server.RaftServer$Division (RaftServerImpl.java:requestVote(1078)) - c170d5b9-cf3d-4e56-89e7-d82e21136cb5@group-1378E56E65CB replies to ELECTION vote request: 7c05103a-a8d8-44cf-9e6e-c5c97716da47<-c170d5b9-cf3d-4e56-89e7-d82e21136cb5#0:OK-t1. Peer's state: c170d5b9-cf3d-4e56-89e7-d82e21136cb5@group-1378E56E65CB:t1, leader=null, voted=7c05103a-a8d8-44cf-9e6e-c5c97716da47, raftlog=c170d5b9-cf3d-4e56-89e7-d82e21136cb5@group-1378E56E65CB-SegmentedRaftLog:OPENED:c-1, conf=-1: [c170d5b9-cf3d-4e56-89e7-d82e21136cb5|rpc:10.1.0.8:44261|dataStream:|priority:0, 1cc2c250-a922-45e8-b8e5-f94197ece095|rpc:10.1.0.8:39065|dataStream:|priority:1, 7c05103a-a8d8-44cf-9e6e-c5c97716da47|rpc:10.1.0.8:37605|dataStream:|priority:0], old=null
2022-01-10 01:38:10,391 [grpc-default-executor-1] INFO  server.RaftServer$Division (RaftServerImpl.java:requestVote(1046)) - 1cc2c250-a922-45e8-b8e5-f94197ece095@group-1378E56E65CB: receive requestVote(ELECTION, 7c05103a-a8d8-44cf-9e6e-c5c97716da47, group-1378E56E65CB, 1, (t:0, i:0))
2022-01-10 01:38:10,391 [grpc-default-executor-1] INFO  impl.VoteContext (VoteContext.java:log(48)) - 1cc2c250-a922-45e8-b8e5-f94197ece095@group-1378E56E65CB-FOLLOWER: reject ELECTION from 7c05103a-a8d8-44cf-9e6e-c5c97716da47: our priority 1 > candidate's priority 0
2022-01-10 01:38:10,391 [grpc-default-executor-1] INFO  server.RaftServer$Division (RaftServerImpl.java:setRole(290)) - 1cc2c250-a922-45e8-b8e5-f94197ece095@group-1378E56E65CB: changes role from  FOLLOWER to FOLLOWER at term 1 for candidate:7c05103a-a8d8-44cf-9e6e-c5c97716da47
2022-01-10 01:38:10,391 [grpc-default-executor-1] INFO  impl.RoleInfo (RoleInfo.java:shutdownFollowerState(108)) - 1cc2c250-a922-45e8-b8e5-f94197ece095: shutdown 1cc2c250-a922-45e8-b8e5-f94197ece095@group-1378E56E65CB-FollowerState
2022-01-10 01:38:10,391 [1cc2c250-a922-45e8-b8e5-f94197ece095@group-1378E56E65CB-FollowerState] INFO  impl.FollowerState (FollowerState.java:run(143)) - 1cc2c250-a922-45e8-b8e5-f94197ece095@group-1378E56E65CB-FollowerState was interrupted: {}
java.lang.InterruptedException: sleep interrupted
	at java.lang.Thread.sleep(Native Method)
	at java.lang.Thread.sleep(Thread.java:340)
	at java.util.concurrent.TimeUnit.sleep(TimeUnit.java:386)
	at org.apache.ratis.util.TimeDuration.sleep(TimeDuration.java:324)
	at org.apache.ratis.util.TimeDuration.sleep(TimeDuration.java:309)
	at org.apache.ratis.server.impl.FollowerState.run(FollowerState.java:118)
2022-01-10 01:38:10,395 [grpc-default-executor-1] INFO  impl.RoleInfo (RoleInfo.java:updateAndGet(130)) - 1cc2c250-a922-45e8-b8e5-f94197ece095: start 1cc2c250-a922-45e8-b8e5-f94197ece095@group-1378E56E65CB-FollowerState
2022-01-10 01:38:10,406 [grpc-default-executor-1] INFO  server.RaftServer$Division (RaftServerImpl.java:requestVote(1078)) - 1cc2c250-a922-45e8-b8e5-f94197ece095@group-1378E56E65CB replies to ELECTION vote request: 7c05103a-a8d8-44cf-9e6e-c5c97716da47<-1cc2c250-a922-45e8-b8e5-f94197ece095#0:FAIL-t1. Peer's state: 1cc2c250-a922-45e8-b8e5-f94197ece095@group-1378E56E65CB:t1, leader=null, voted=null, raftlog=1cc2c250-a922-45e8-b8e5-f94197ece095@group-1378E56E65CB-SegmentedRaftLog:OPENED:c-1, conf=-1: [c170d5b9-cf3d-4e56-89e7-d82e21136cb5|rpc:10.1.0.8:44261|dataStream:|priority:0, 1cc2c250-a922-45e8-b8e5-f94197ece095|rpc:10.1.0.8:39065|dataStream:|priority:1, 7c05103a-a8d8-44cf-9e6e-c5c97716da47|rpc:10.1.0.8:37605|dataStream:|priority:0], old=null
2022-01-10 01:38:10,407 [7c05103a-a8d8-44cf-9e6e-c5c97716da47@group-1378E56E65CB-LeaderElection46] INFO  impl.LeaderElection (LeaderElection.java:logAndReturn(89)) - 7c05103a-a8d8-44cf-9e6e-c5c97716da47@group-1378E56E65CB-LeaderElection46: ELECTION REJECTED received 2 response(s) and 0 exception(s):
2022-01-10 01:38:10,407 [7c05103a-a8d8-44cf-9e6e-c5c97716da47@group-1378E56E65CB-LeaderElection46] INFO  impl.LeaderElection (LeaderElection.java:logAndReturn(93)) -   Response 0: 7c05103a-a8d8-44cf-9e6e-c5c97716da47<-c170d5b9-cf3d-4e56-89e7-d82e21136cb5#0:OK-t1
2022-01-10 01:38:10,407 [7c05103a-a8d8-44cf-9e6e-c5c97716da47@group-1378E56E65CB-LeaderElection46] INFO  impl.LeaderElection (LeaderElection.java:logAndReturn(93)) -   Response 1: 7c05103a-a8d8-44cf-9e6e-c5c97716da47<-1cc2c250-a922-45e8-b8e5-f94197ece095#0:FAIL-t1
2022-01-10 01:38:10,407 [7c05103a-a8d8-44cf-9e6e-c5c97716da47@group-1378E56E65CB-LeaderElection46] INFO  impl.LeaderElection (LeaderElection.java:askForVotes(308)) - 7c05103a-a8d8-44cf-9e6e-c5c97716da47@group-1378E56E65CB-LeaderElection46 ELECTION round 0: result REJECTED
2022-01-10 01:38:10,408 [7c05103a-a8d8-44cf-9e6e-c5c97716da47@group-1378E56E65CB-LeaderElection46] INFO  server.RaftServer$Division (RaftServerImpl.java:setRole(290)) - 7c05103a-a8d8-44cf-9e6e-c5c97716da47@group-1378E56E65CB: changes role from CANDIDATE to FOLLOWER at term 1 for REJECTED
2022-01-10 01:38:10,408 [7c05103a-a8d8-44cf-9e6e-c5c97716da47@group-1378E56E65CB-LeaderElection46] INFO  impl.RoleInfo (RoleInfo.java:shutdownLeaderElection(121)) - 7c05103a-a8d8-44cf-9e6e-c5c97716da47: shutdown 7c05103a-a8d8-44cf-9e6e-c5c97716da47@group-1378E56E65CB-LeaderElection46
2022-01-10 01:38:10,408 [7c05103a-a8d8-44cf-9e6e-c5c97716da47@group-1378E56E65CB-LeaderElection46] INFO  impl.RoleInfo (RoleInfo.java:updateAndGet(130)) - 7c05103a-a8d8-44cf-9e6e-c5c97716da47: start 7c05103a-a8d8-44cf-9e6e-c5c97716da47@group-1378E56E65CB-FollowerState
2022-01-10 01:38:10,526 [1cc2c250-a922-45e8-b8e5-f94197ece095@group-8921C0FE7E74-FollowerState] INFO  impl.FollowerState (FollowerState.java:run(134)) - 1cc2c250-a922-45e8-b8e5-f94197ece095@group-8921C0FE7E74-FollowerState: change to CANDIDATE, lastRpcElapsedTime:5093269234ns, electionTimeout:5092ms
2022-01-10 01:38:10,527 [1cc2c250-a922-45e8-b8e5-f94197ece095@group-8921C0FE7E74-FollowerState] INFO  impl.RoleInfo (RoleInfo.java:shutdownFollowerState(108)) - 1cc2c250-a922-45e8-b8e5-f94197ece095: shutdown 1cc2c250-a922-45e8-b8e5-f94197ece095@group-8921C0FE7E74-FollowerState
2022-01-10 01:38:10,527 [1cc2c250-a922-45e8-b8e5-f94197ece095@group-8921C0FE7E74-FollowerState] INFO  server.RaftServer$Division (RaftServerImpl.java:setRole(290)) - 1cc2c250-a922-45e8-b8e5-f94197ece095@group-8921C0FE7E74: changes role from  FOLLOWER to CANDIDATE at term 0 for changeToCandidate
2022-01-10 01:38:10,532 [1cc2c250-a922-45e8-b8e5-f94197ece095@group-8921C0FE7E74-FollowerState] INFO  server.RaftServerConfigKeys (ConfUtils.java:logGet(44)) - raft.server.leaderelection.pre-vote = false (custom)
2022-01-10 01:38:10,532 [1cc2c250-a922-45e8-b8e5-f94197ece095@group-8921C0FE7E74-FollowerState] INFO  impl.RoleInfo (RoleInfo.java:updateAndGet(130)) - 1cc2c250-a922-45e8-b8e5-f94197ece095: start 1cc2c250-a922-45e8-b8e5-f94197ece095@group-8921C0FE7E74-LeaderElection47
2022-01-10 01:38:10,555 [7c05103a-a8d8-44cf-9e6e-c5c97716da47@group-8921C0FE7E74-FollowerState] INFO  impl.FollowerState (FollowerState.java:run(134)) - 7c05103a-a8d8-44cf-9e6e-c5c97716da47@group-8921C0FE7E74-FollowerState: change to CANDIDATE, lastRpcElapsedTime:5169854213ns, electionTimeout:5145ms
2022-01-10 01:38:10,555 [7c05103a-a8d8-44cf-9e6e-c5c97716da47@group-8921C0FE7E74-FollowerState] INFO  impl.RoleInfo (RoleInfo.java:shutdownFollowerState(108)) - 7c05103a-a8d8-44cf-9e6e-c5c97716da47: shutdown 7c05103a-a8d8-44cf-9e6e-c5c97716da47@group-8921C0FE7E74-FollowerState
2022-01-10 01:38:10,556 [7c05103a-a8d8-44cf-9e6e-c5c97716da47@group-8921C0FE7E74-FollowerState] INFO  server.RaftServer$Division (RaftServerImpl.java:setRole(290)) - 7c05103a-a8d8-44cf-9e6e-c5c97716da47@group-8921C0FE7E74: changes role from  FOLLOWER to CANDIDATE at term 0 for changeToCandidate
2022-01-10 01:38:10,556 [7c05103a-a8d8-44cf-9e6e-c5c97716da47@group-8921C0FE7E74-FollowerState] INFO  server.RaftServerConfigKeys (ConfUtils.java:logGet(44)) - raft.server.leaderelection.pre-vote = false (custom)
2022-01-10 01:38:10,556 [7c05103a-a8d8-44cf-9e6e-c5c97716da47@group-8921C0FE7E74-FollowerState] INFO  impl.RoleInfo (RoleInfo.java:updateAndGet(130)) - 7c05103a-a8d8-44cf-9e6e-c5c97716da47: start 7c05103a-a8d8-44cf-9e6e-c5c97716da47@group-8921C0FE7E74-LeaderElection48
2022-01-10 01:38:10,566 [1cc2c250-a922-45e8-b8e5-f94197ece095@group-8921C0FE7E74-LeaderElection47] INFO  impl.LeaderElection (LeaderElection.java:askForVotes(306)) - 1cc2c250-a922-45e8-b8e5-f94197ece095@group-8921C0FE7E74-LeaderElection47 ELECTION round 0: submit vote requests at term 1 for -1: [c170d5b9-cf3d-4e56-89e7-d82e21136cb5|rpc:10.1.0.8:44261|dataStream:|priority:1, 1cc2c250-a922-45e8-b8e5-f94197ece095|rpc:10.1.0.8:39065|dataStream:|priority:0, 7c05103a-a8d8-44cf-9e6e-c5c97716da47|rpc:10.1.0.8:37605|dataStream:|priority:0], old=null
2022-01-10 01:38:10,585 [grpc-default-executor-1] INFO  server.RaftServer$Division (RaftServerImpl.java:requestVote(1046)) - c170d5b9-cf3d-4e56-89e7-d82e21136cb5@group-8921C0FE7E74: receive requestVote(ELECTION, 1cc2c250-a922-45e8-b8e5-f94197ece095, group-8921C0FE7E74, 1, (t:0, i:0))
2022-01-10 01:38:10,585 [grpc-default-executor-1] INFO  impl.VoteContext (VoteContext.java:log(48)) - c170d5b9-cf3d-4e56-89e7-d82e21136cb5@group-8921C0FE7E74-FOLLOWER: reject ELECTION from 1cc2c250-a922-45e8-b8e5-f94197ece095: our priority 1 > candidate's priority 0
2022-01-10 01:38:10,585 [grpc-default-executor-1] INFO  server.RaftServer$Division (RaftServerImpl.java:setRole(290)) - c170d5b9-cf3d-4e56-89e7-d82e21136cb5@group-8921C0FE7E74: changes role from  FOLLOWER to FOLLOWER at term 1 for candidate:1cc2c250-a922-45e8-b8e5-f94197ece095
2022-01-10 01:38:10,585 [grpc-default-executor-1] INFO  impl.RoleInfo (RoleInfo.java:shutdownFollowerState(108)) - c170d5b9-cf3d-4e56-89e7-d82e21136cb5: shutdown c170d5b9-cf3d-4e56-89e7-d82e21136cb5@group-8921C0FE7E74-FollowerState
2022-01-10 01:38:10,585 [grpc-default-executor-1] INFO  impl.RoleInfo (RoleInfo.java:updateAndGet(130)) - c170d5b9-cf3d-4e56-89e7-d82e21136cb5: start c170d5b9-cf3d-4e56-89e7-d82e21136cb5@group-8921C0FE7E74-FollowerState
2022-01-10 01:38:10,585 [c170d5b9-cf3d-4e56-89e7-d82e21136cb5@group-8921C0FE7E74-FollowerState] INFO  impl.FollowerState (FollowerState.java:run(143)) - c170d5b9-cf3d-4e56-89e7-d82e21136cb5@group-8921C0FE7E74-FollowerState was interrupted: {}
java.lang.InterruptedException: sleep interrupted
	at java.lang.Thread.sleep(Native Method)
	at java.lang.Thread.sleep(Thread.java:340)
	at java.util.concurrent.TimeUnit.sleep(TimeUnit.java:386)
	at org.apache.ratis.util.TimeDuration.sleep(TimeDuration.java:324)
	at org.apache.ratis.util.TimeDuration.sleep(TimeDuration.java:309)
	at org.apache.ratis.server.impl.FollowerState.run(FollowerState.java:118)
2022-01-10 01:38:10,587 [grpc-default-executor-0] INFO  server.RaftServer$Division (RaftServerImpl.java:requestVote(1046)) - 7c05103a-a8d8-44cf-9e6e-c5c97716da47@group-8921C0FE7E74: receive requestVote(ELECTION, 1cc2c250-a922-45e8-b8e5-f94197ece095, group-8921C0FE7E74, 1, (t:0, i:0))
2022-01-10 01:38:10,609 [grpc-default-executor-1] INFO  server.RaftServer$Division (RaftServerImpl.java:requestVote(1078)) - c170d5b9-cf3d-4e56-89e7-d82e21136cb5@group-8921C0FE7E74 replies to ELECTION vote request: 1cc2c250-a922-45e8-b8e5-f94197ece095<-c170d5b9-cf3d-4e56-89e7-d82e21136cb5#0:FAIL-t1. Peer's state: c170d5b9-cf3d-4e56-89e7-d82e21136cb5@group-8921C0FE7E74:t1, leader=null, voted=null, raftlog=c170d5b9-cf3d-4e56-89e7-d82e21136cb5@group-8921C0FE7E74-SegmentedRaftLog:OPENED:c-1, conf=-1: [c170d5b9-cf3d-4e56-89e7-d82e21136cb5|rpc:10.1.0.8:44261|dataStream:|priority:1, 1cc2c250-a922-45e8-b8e5-f94197ece095|rpc:10.1.0.8:39065|dataStream:|priority:0, 7c05103a-a8d8-44cf-9e6e-c5c97716da47|rpc:10.1.0.8:37605|dataStream:|priority:0], old=null
2022-01-10 01:38:10,626 [grpc-default-executor-0] INFO  impl.VoteContext (VoteContext.java:log(48)) - 7c05103a-a8d8-44cf-9e6e-c5c97716da47@group-8921C0FE7E74-CANDIDATE: accept ELECTION from 1cc2c250-a922-45e8-b8e5-f94197ece095: our priority 0 <= candidate's priority 0
2022-01-10 01:38:10,626 [grpc-default-executor-0] INFO  server.RaftServer$Division (RaftServerImpl.java:setRole(290)) - 7c05103a-a8d8-44cf-9e6e-c5c97716da47@group-8921C0FE7E74: changes role from CANDIDATE to FOLLOWER at term 1 for candidate:1cc2c250-a922-45e8-b8e5-f94197ece095
2022-01-10 01:38:10,626 [grpc-default-executor-0] INFO  impl.RoleInfo (RoleInfo.java:shutdownLeaderElection(121)) - 7c05103a-a8d8-44cf-9e6e-c5c97716da47: shutdown 7c05103a-a8d8-44cf-9e6e-c5c97716da47@group-8921C0FE7E74-LeaderElection48
2022-01-10 01:38:10,626 [grpc-default-executor-0] INFO  impl.RoleInfo (RoleInfo.java:updateAndGet(130)) - 7c05103a-a8d8-44cf-9e6e-c5c97716da47: start 7c05103a-a8d8-44cf-9e6e-c5c97716da47@group-8921C0FE7E74-FollowerState
2022-01-10 01:38:10,633 [grpc-default-executor-0] INFO  server.RaftServer$Division (RaftServerImpl.java:requestVote(1078)) - 7c05103a-a8d8-44cf-9e6e-c5c97716da47@group-8921C0FE7E74 replies to ELECTION vote request: 1cc2c250-a922-45e8-b8e5-f94197ece095<-7c05103a-a8d8-44cf-9e6e-c5c97716da47#0:OK-t1. Peer's state: 7c05103a-a8d8-44cf-9e6e-c5c97716da47@group-8921C0FE7E74:t1, leader=null, voted=1cc2c250-a922-45e8-b8e5-f94197ece095, raftlog=7c05103a-a8d8-44cf-9e6e-c5c97716da47@group-8921C0FE7E74-SegmentedRaftLog:OPENED:c-1, conf=-1: [c170d5b9-cf3d-4e56-89e7-d82e21136cb5|rpc:10.1.0.8:44261|priority:1, 1cc2c250-a922-45e8-b8e5-f94197ece095|rpc:10.1.0.8:39065|priority:0, 7c05103a-a8d8-44cf-9e6e-c5c97716da47|rpc:10.1.0.8:37605|priority:0], old=null
2022-01-10 01:38:10,644 [1cc2c250-a922-45e8-b8e5-f94197ece095@group-8921C0FE7E74-LeaderElection47] INFO  impl.LeaderElection (LeaderElection.java:logAndReturn(89)) - 1cc2c250-a922-45e8-b8e5-f94197ece095@group-8921C0FE7E74-LeaderElection47: ELECTION REJECTED received 1 response(s) and 0 exception(s):
2022-01-10 01:38:10,645 [1cc2c250-a922-45e8-b8e5-f94197ece095@group-8921C0FE7E74-LeaderElection47] INFO  impl.LeaderElection (LeaderElection.java:logAndReturn(93)) -   Response 0: 1cc2c250-a922-45e8-b8e5-f94197ece095<-c170d5b9-cf3d-4e56-89e7-d82e21136cb5#0:FAIL-t1
2022-01-10 01:38:10,645 [1cc2c250-a922-45e8-b8e5-f94197ece095@group-8921C0FE7E74-LeaderElection47] INFO  impl.LeaderElection (LeaderElection.java:askForVotes(308)) - 1cc2c250-a922-45e8-b8e5-f94197ece095@group-8921C0FE7E74-LeaderElection47 ELECTION round 0: result REJECTED
2022-01-10 01:38:10,645 [1cc2c250-a922-45e8-b8e5-f94197ece095@group-8921C0FE7E74-LeaderElection47] INFO  server.RaftServer$Division (RaftServerImpl.java:setRole(290)) - 1cc2c250-a922-45e8-b8e5-f94197ece095@group-8921C0FE7E74: changes role from CANDIDATE to FOLLOWER at term 1 for REJECTED
2022-01-10 01:38:10,645 [1cc2c250-a922-45e8-b8e5-f94197ece095@group-8921C0FE7E74-LeaderElection47] INFO  impl.RoleInfo (RoleInfo.java:shutdownLeaderElection(121)) - 1cc2c250-a922-45e8-b8e5-f94197ece095: shutdown 1cc2c250-a922-45e8-b8e5-f94197ece095@group-8921C0FE7E74-LeaderElection47
2022-01-10 01:38:10,646 [1cc2c250-a922-45e8-b8e5-f94197ece095@group-8921C0FE7E74-LeaderElection47] INFO  impl.RoleInfo (RoleInfo.java:updateAndGet(130)) - 1cc2c250-a922-45e8-b8e5-f94197ece095: start 1cc2c250-a922-45e8-b8e5-f94197ece095@group-8921C0FE7E74-FollowerState
2022-01-10 01:38:10,674 [1cc2c250-a922-45e8-b8e5-f94197ece095@group-209C6AF15B30-FollowerState] INFO  impl.FollowerState (FollowerState.java:run(134)) - 1cc2c250-a922-45e8-b8e5-f94197ece095@group-209C6AF15B30-FollowerState: change to CANDIDATE, lastRpcElapsedTime:5150797516ns, electionTimeout:5150ms
2022-01-10 01:38:10,674 [1cc2c250-a922-45e8-b8e5-f94197ece095@group-209C6AF15B30-FollowerState] INFO  impl.RoleInfo (RoleInfo.java:shutdownFollowerState(108)) - 1cc2c250-a922-45e8-b8e5-f94197ece095: shutdown 1cc2c250-a922-45e8-b8e5-f94197ece095@group-209C6AF15B30-FollowerState
2022-01-10 01:38:10,674 [1cc2c250-a922-45e8-b8e5-f94197ece095@group-209C6AF15B30-FollowerState] INFO  server.RaftServer$Division (RaftServerImpl.java:setRole(290)) - 1cc2c250-a922-45e8-b8e5-f94197ece095@group-209C6AF15B30: changes role from  FOLLOWER to CANDIDATE at term 0 for changeToCandidate
2022-01-10 01:38:10,674 [1cc2c250-a922-45e8-b8e5-f94197ece095@group-209C6AF15B30-FollowerState] INFO  server.RaftServerConfigKeys (ConfUtils.java:logGet(44)) - raft.server.leaderelection.pre-vote = false (custom)
2022-01-10 01:38:10,674 [1cc2c250-a922-45e8-b8e5-f94197ece095@group-209C6AF15B30-FollowerState] INFO  impl.RoleInfo (RoleInfo.java:updateAndGet(130)) - 1cc2c250-a922-45e8-b8e5-f94197ece095: start 1cc2c250-a922-45e8-b8e5-f94197ece095@group-209C6AF15B30-LeaderElection49
2022-01-10 01:38:10,702 [1cc2c250-a922-45e8-b8e5-f94197ece095@group-209C6AF15B30-LeaderElection49] INFO  impl.LeaderElection (LeaderElection.java:askForVotes(306)) - 1cc2c250-a922-45e8-b8e5-f94197ece095@group-209C6AF15B30-LeaderElection49 ELECTION round 0: submit vote requests at term 1 for -1: [1cc2c250-a922-45e8-b8e5-f94197ece095|rpc:10.1.0.8:39065|priority:1], old=null
2022-01-10 01:38:10,702 [1cc2c250-a922-45e8-b8e5-f94197ece095@group-209C6AF15B30-LeaderElection49] INFO  impl.LeaderElection (LeaderElection.java:askForVotes(308)) - 1cc2c250-a922-45e8-b8e5-f94197ece095@group-209C6AF15B30-LeaderElection49 ELECTION round 0: result PASSED (term=1)
2022-01-10 01:38:10,702 [1cc2c250-a922-45e8-b8e5-f94197ece095@group-209C6AF15B30-LeaderElection49] INFO  impl.RoleInfo (RoleInfo.java:shutdownLeaderElection(121)) - 1cc2c250-a922-45e8-b8e5-f94197ece095: shutdown 1cc2c250-a922-45e8-b8e5-f94197ece095@group-209C6AF15B30-LeaderElection49
2022-01-10 01:38:10,702 [1cc2c250-a922-45e8-b8e5-f94197ece095@group-209C6AF15B30-LeaderElection49] INFO  server.RaftServer$Division (RaftServerImpl.java:setRole(290)) - 1cc2c250-a922-45e8-b8e5-f94197ece095@group-209C6AF15B30: changes role from CANDIDATE to LEADER at term 1 for changeToLeader
2022-01-10 01:38:10,702 [1cc2c250-a922-45e8-b8e5-f94197ece095@group-209C6AF15B30-LeaderElection49] INFO  ratis.XceiverServerRatis (XceiverServerRatis.java:handleLeaderChangedNotification(866)) - Leader change notification received for group: group-209C6AF15B30 with new leaderId: 1cc2c250-a922-45e8-b8e5-f94197ece095
2022-01-10 01:38:10,702 [1cc2c250-a922-45e8-b8e5-f94197ece095@group-209C6AF15B30-LeaderElection49] INFO  server.RaftServer$Division (ServerState.java:setLeader(285)) - 1cc2c250-a922-45e8-b8e5-f94197ece095@group-209C6AF15B30: change Leader from null to 1cc2c250-a922-45e8-b8e5-f94197ece095 at term 1 for becomeLeader, leader elected after 5188ms
2022-01-10 01:38:10,702 [1cc2c250-a922-45e8-b8e5-f94197ece095@group-209C6AF15B30-LeaderElection49] INFO  server.RaftServerConfigKeys (ConfUtils.java:logGet(44)) - raft.server.staging.catchup.gap = 1000 (default)
2022-01-10 01:38:10,702 [1cc2c250-a922-45e8-b8e5-f94197ece095@group-209C6AF15B30-LeaderElection49] INFO  server.RaftServerConfigKeys (ConfUtils.java:logGet(44)) - raft.server.write.element-limit = 1024 (custom)
2022-01-10 01:38:10,702 [1cc2c250-a922-45e8-b8e5-f94197ece095@group-209C6AF15B30-LeaderElection49] INFO  server.RaftServerConfigKeys (ConfUtils.java:logGet(44)) - raft.server.write.byte-limit = 1024 M (=1073741824) (custom)
2022-01-10 01:38:10,702 [1cc2c250-a922-45e8-b8e5-f94197ece095@group-209C6AF15B30-LeaderElection49] INFO  server.RaftServerConfigKeys (ConfUtils.java:logGet(44)) - raft.server.watch.timeout = 180s (custom)
2022-01-10 01:38:10,702 [1cc2c250-a922-45e8-b8e5-f94197ece095@group-209C6AF15B30-LeaderElection49] INFO  server.RaftServerConfigKeys (ConfUtils.java:logGet(44)) - raft.server.watch.timeout.denomination = 1s (default)
2022-01-10 01:38:10,703 [1cc2c250-a922-45e8-b8e5-f94197ece095@group-209C6AF15B30-LeaderElection49] INFO  server.RaftServerConfigKeys (ConfUtils.java:logGet(44)) - raft.server.watch.element-limit = 65536 (default)
2022-01-10 01:38:10,703 [1cc2c250-a922-45e8-b8e5-f94197ece095@group-209C6AF15B30-LeaderElection49] INFO  server.RaftServerConfigKeys (ConfUtils.java:logGet(44)) - raft.server.write.element-limit = 1024 (custom)
2022-01-10 01:38:10,703 [1cc2c250-a922-45e8-b8e5-f94197ece095@group-209C6AF15B30-LeaderElection49] INFO  server.RaftServerConfigKeys (ConfUtils.java:logGet(44)) - raft.server.write.follower.gap.ratio.max = -1.0 (default)
2022-01-10 01:38:10,703 [1cc2c250-a922-45e8-b8e5-f94197ece095@group-209C6AF15B30-LeaderElection49] INFO  impl.RoleInfo (RoleInfo.java:updateAndGet(130)) - 1cc2c250-a922-45e8-b8e5-f94197ece095: start 1cc2c250-a922-45e8-b8e5-f94197ece095@group-209C6AF15B30-LeaderStateImpl
2022-01-10 01:38:10,703 [1cc2c250-a922-45e8-b8e5-f94197ece095@group-209C6AF15B30-LeaderElection49] INFO  segmented.SegmentedRaftLogWorker (SegmentedRaftLogWorker.java:startLogSegment(394)) - 1cc2c250-a922-45e8-b8e5-f94197ece095@group-209C6AF15B30-SegmentedRaftLogWorker: Starting segment from index:0
2022-01-10 01:38:10,704 [EventQueue-OpenPipelineForHealthyPipelineSafeModeRule] INFO  safemode.SCMSafeModeManager (HealthyPipelineSafeModeRule.java:process(124)) - SCM in safe mode. Healthy pipelines reported count is 0, required healthy pipeline reported count is 1
2022-01-10 01:38:10,710 [1cc2c250-a922-45e8-b8e5-f94197ece095@group-209C6AF15B30-LeaderElection49] INFO  server.RaftServer$Division (ServerState.java:setRaftConf(387)) - 1cc2c250-a922-45e8-b8e5-f94197ece095@group-209C6AF15B30: set configuration 0: [1cc2c250-a922-45e8-b8e5-f94197ece095|rpc:10.1.0.8:39065|dataStream:|priority:1], old=null
2022-01-10 01:38:10,726 [1cc2c250-a922-45e8-b8e5-f94197ece095@group-209C6AF15B30-SegmentedRaftLogWorker] INFO  segmented.SegmentedRaftLogWorker (SegmentedRaftLogWorker.java:execute(601)) - 1cc2c250-a922-45e8-b8e5-f94197ece095@group-209C6AF15B30-SegmentedRaftLogWorker: created new log segment /home/runner/work/ozone/ozone/hadoop-ozone/integration-test/target/test-dir/MiniOzoneClusterImpl-7b7fc32a-99ce-43ed-b52b-39fc19fe0398/datanode-1/data/ratis/874b157e-908b-4812-91da-209c6af15b30/current/log_inprogress_0
2022-01-10 01:38:10,888 [Listener at 127.0.0.1/36119] INFO  ozone.MiniOzoneClusterImpl (MiniOzoneClusterImpl.java:lambda$waitForClusterToBeReady$0(235)) - Nodes are ready. Got 3 of 3 DN Heartbeats.
2022-01-10 01:38:10,888 [Listener at 127.0.0.1/36119] INFO  ozone.MiniOzoneClusterImpl (MiniOzoneClusterImpl.java:lambda$waitForClusterToBeReady$0(238)) - Waiting for cluster to exit safe mode
2022-01-10 01:38:10,888 [Listener at 127.0.0.1/36119] INFO  ozone.MiniOzoneClusterImpl (MiniOzoneClusterImpl.java:lambda$waitForClusterToBeReady$0(240)) - SCM became leader
2022-01-10 01:38:10,960 [c170d5b9-cf3d-4e56-89e7-d82e21136cb5@group-05659CF265FF-FollowerState] INFO  impl.FollowerState (FollowerState.java:run(134)) - c170d5b9-cf3d-4e56-89e7-d82e21136cb5@group-05659CF265FF-FollowerState: change to CANDIDATE, lastRpcElapsedTime:5019912882ns, electionTimeout:5019ms
2022-01-10 01:38:10,960 [c170d5b9-cf3d-4e56-89e7-d82e21136cb5@group-05659CF265FF-FollowerState] INFO  impl.RoleInfo (RoleInfo.java:shutdownFollowerState(108)) - c170d5b9-cf3d-4e56-89e7-d82e21136cb5: shutdown c170d5b9-cf3d-4e56-89e7-d82e21136cb5@group-05659CF265FF-FollowerState
2022-01-10 01:38:10,960 [c170d5b9-cf3d-4e56-89e7-d82e21136cb5@group-05659CF265FF-FollowerState] INFO  server.RaftServer$Division (RaftServerImpl.java:setRole(290)) - c170d5b9-cf3d-4e56-89e7-d82e21136cb5@group-05659CF265FF: changes role from  FOLLOWER to CANDIDATE at term 0 for changeToCandidate
2022-01-10 01:38:10,961 [c170d5b9-cf3d-4e56-89e7-d82e21136cb5@group-05659CF265FF-FollowerState] INFO  server.RaftServerConfigKeys (ConfUtils.java:logGet(44)) - raft.server.leaderelection.pre-vote = false (custom)
2022-01-10 01:38:10,961 [c170d5b9-cf3d-4e56-89e7-d82e21136cb5@group-05659CF265FF-FollowerState] INFO  impl.RoleInfo (RoleInfo.java:updateAndGet(130)) - c170d5b9-cf3d-4e56-89e7-d82e21136cb5: start c170d5b9-cf3d-4e56-89e7-d82e21136cb5@group-05659CF265FF-LeaderElection50
2022-01-10 01:38:10,983 [c170d5b9-cf3d-4e56-89e7-d82e21136cb5@group-05659CF265FF-LeaderElection50] INFO  impl.LeaderElection (LeaderElection.java:askForVotes(306)) - c170d5b9-cf3d-4e56-89e7-d82e21136cb5@group-05659CF265FF-LeaderElection50 ELECTION round 0: submit vote requests at term 1 for -1: [c170d5b9-cf3d-4e56-89e7-d82e21136cb5|rpc:10.1.0.8:44261|priority:1], old=null
2022-01-10 01:38:10,983 [c170d5b9-cf3d-4e56-89e7-d82e21136cb5@group-05659CF265FF-LeaderElection50] INFO  impl.LeaderElection (LeaderElection.java:askForVotes(308)) - c170d5b9-cf3d-4e56-89e7-d82e21136cb5@group-05659CF265FF-LeaderElection50 ELECTION round 0: result PASSED (term=1)
2022-01-10 01:38:10,983 [c170d5b9-cf3d-4e56-89e7-d82e21136cb5@group-05659CF265FF-LeaderElection50] INFO  impl.RoleInfo (RoleInfo.java:shutdownLeaderElection(121)) - c170d5b9-cf3d-4e56-89e7-d82e21136cb5: shutdown c170d5b9-cf3d-4e56-89e7-d82e21136cb5@group-05659CF265FF-LeaderElection50
2022-01-10 01:38:10,983 [c170d5b9-cf3d-4e56-89e7-d82e21136cb5@group-05659CF265FF-LeaderElection50] INFO  server.RaftServer$Division (RaftServerImpl.java:setRole(290)) - c170d5b9-cf3d-4e56-89e7-d82e21136cb5@group-05659CF265FF: changes role from CANDIDATE to LEADER at term 1 for changeToLeader
2022-01-10 01:38:10,983 [c170d5b9-cf3d-4e56-89e7-d82e21136cb5@group-05659CF265FF-LeaderElection50] INFO  ratis.XceiverServerRatis (XceiverServerRatis.java:handleLeaderChangedNotification(866)) - Leader change notification received for group: group-05659CF265FF with new leaderId: c170d5b9-cf3d-4e56-89e7-d82e21136cb5
2022-01-10 01:38:10,983 [c170d5b9-cf3d-4e56-89e7-d82e21136cb5@group-05659CF265FF-LeaderElection50] INFO  server.RaftServer$Division (ServerState.java:setLeader(285)) - c170d5b9-cf3d-4e56-89e7-d82e21136cb5@group-05659CF265FF: change Leader from null to c170d5b9-cf3d-4e56-89e7-d82e21136cb5 at term 1 for becomeLeader, leader elected after 5055ms
2022-01-10 01:38:10,983 [c170d5b9-cf3d-4e56-89e7-d82e21136cb5@group-05659CF265FF-LeaderElection50] INFO  server.RaftServerConfigKeys (ConfUtils.java:logGet(44)) - raft.server.staging.catchup.gap = 1000 (default)
2022-01-10 01:38:10,983 [c170d5b9-cf3d-4e56-89e7-d82e21136cb5@group-05659CF265FF-LeaderElection50] INFO  server.RaftServerConfigKeys (ConfUtils.java:logGet(44)) - raft.server.write.element-limit = 1024 (custom)
2022-01-10 01:38:10,983 [c170d5b9-cf3d-4e56-89e7-d82e21136cb5@group-05659CF265FF-LeaderElection50] INFO  server.RaftServerConfigKeys (ConfUtils.java:logGet(44)) - raft.server.write.byte-limit = 1024 M (=1073741824) (custom)
2022-01-10 01:38:10,984 [c170d5b9-cf3d-4e56-89e7-d82e21136cb5@group-05659CF265FF-LeaderElection50] INFO  server.RaftServerConfigKeys (ConfUtils.java:logGet(44)) - raft.server.watch.timeout = 180s (custom)
2022-01-10 01:38:10,984 [c170d5b9-cf3d-4e56-89e7-d82e21136cb5@group-05659CF265FF-LeaderElection50] INFO  server.RaftServerConfigKeys (ConfUtils.java:logGet(44)) - raft.server.watch.timeout.denomination = 1s (default)
2022-01-10 01:38:10,984 [c170d5b9-cf3d-4e56-89e7-d82e21136cb5@group-05659CF265FF-LeaderElection50] INFO  server.RaftServerConfigKeys (ConfUtils.java:logGet(44)) - raft.server.watch.element-limit = 65536 (default)
2022-01-10 01:38:10,984 [c170d5b9-cf3d-4e56-89e7-d82e21136cb5@group-05659CF265FF-LeaderElection50] INFO  server.RaftServerConfigKeys (ConfUtils.java:logGet(44)) - raft.server.write.element-limit = 1024 (custom)
2022-01-10 01:38:10,984 [c170d5b9-cf3d-4e56-89e7-d82e21136cb5@group-05659CF265FF-LeaderElection50] INFO  server.RaftServerConfigKeys (ConfUtils.java:logGet(44)) - raft.server.write.follower.gap.ratio.max = -1.0 (default)
2022-01-10 01:38:10,984 [c170d5b9-cf3d-4e56-89e7-d82e21136cb5@group-05659CF265FF-LeaderElection50] INFO  impl.RoleInfo (RoleInfo.java:updateAndGet(130)) - c170d5b9-cf3d-4e56-89e7-d82e21136cb5: start c170d5b9-cf3d-4e56-89e7-d82e21136cb5@group-05659CF265FF-LeaderStateImpl
2022-01-10 01:38:10,984 [c170d5b9-cf3d-4e56-89e7-d82e21136cb5@group-05659CF265FF-LeaderElection50] INFO  segmented.SegmentedRaftLogWorker (SegmentedRaftLogWorker.java:startLogSegment(394)) - c170d5b9-cf3d-4e56-89e7-d82e21136cb5@group-05659CF265FF-SegmentedRaftLogWorker: Starting segment from index:0
2022-01-10 01:38:10,986 [EventQueue-OpenPipelineForHealthyPipelineSafeModeRule] INFO  safemode.SCMSafeModeManager (HealthyPipelineSafeModeRule.java:process(124)) - SCM in safe mode. Healthy pipelines reported count is 0, required healthy pipeline reported count is 1
2022-01-10 01:38:10,988 [c170d5b9-cf3d-4e56-89e7-d82e21136cb5@group-05659CF265FF-SegmentedRaftLogWorker] INFO  segmented.SegmentedRaftLogWorker (SegmentedRaftLogWorker.java:execute(601)) - c170d5b9-cf3d-4e56-89e7-d82e21136cb5@group-05659CF265FF-SegmentedRaftLogWorker: created new log segment /home/runner/work/ozone/ozone/hadoop-ozone/integration-test/target/test-dir/MiniOzoneClusterImpl-7b7fc32a-99ce-43ed-b52b-39fc19fe0398/datanode-2/data/ratis/18b32fa0-7b43-45b9-9c7e-05659cf265ff/current/log_inprogress_0
2022-01-10 01:38:11,002 [c170d5b9-cf3d-4e56-89e7-d82e21136cb5@group-05659CF265FF-LeaderElection50] INFO  server.RaftServer$Division (ServerState.java:setRaftConf(387)) - c170d5b9-cf3d-4e56-89e7-d82e21136cb5@group-05659CF265FF: set configuration 0: [c170d5b9-cf3d-4e56-89e7-d82e21136cb5|rpc:10.1.0.8:44261|dataStream:|priority:1], old=null
2022-01-10 01:38:11,891 [Listener at 127.0.0.1/36119] INFO  ozone.MiniOzoneClusterImpl (MiniOzoneClusterImpl.java:lambda$waitForClusterToBeReady$0(235)) - Nodes are ready. Got 3 of 3 DN Heartbeats.
2022-01-10 01:38:11,891 [Listener at 127.0.0.1/36119] INFO  ozone.MiniOzoneClusterImpl (MiniOzoneClusterImpl.java:lambda$waitForClusterToBeReady$0(238)) - Waiting for cluster to exit safe mode
2022-01-10 01:38:11,891 [Listener at 127.0.0.1/36119] INFO  ozone.MiniOzoneClusterImpl (MiniOzoneClusterImpl.java:lambda$waitForClusterToBeReady$0(240)) - SCM became leader
2022-01-10 01:38:12,891 [Listener at 127.0.0.1/36119] INFO  ozone.MiniOzoneClusterImpl (MiniOzoneClusterImpl.java:lambda$waitForClusterToBeReady$0(235)) - Nodes are ready. Got 3 of 3 DN Heartbeats.
2022-01-10 01:38:12,892 [Listener at 127.0.0.1/36119] INFO  ozone.MiniOzoneClusterImpl (MiniOzoneClusterImpl.java:lambda$waitForClusterToBeReady$0(238)) - Waiting for cluster to exit safe mode
2022-01-10 01:38:12,892 [Listener at 127.0.0.1/36119] INFO  ozone.MiniOzoneClusterImpl (MiniOzoneClusterImpl.java:lambda$waitForClusterToBeReady$0(240)) - SCM became leader
2022-01-10 01:38:13,892 [Listener at 127.0.0.1/36119] INFO  ozone.MiniOzoneClusterImpl (MiniOzoneClusterImpl.java:lambda$waitForClusterToBeReady$0(235)) - Nodes are ready. Got 3 of 3 DN Heartbeats.
2022-01-10 01:38:13,892 [Listener at 127.0.0.1/36119] INFO  ozone.MiniOzoneClusterImpl (MiniOzoneClusterImpl.java:lambda$waitForClusterToBeReady$0(238)) - Waiting for cluster to exit safe mode
2022-01-10 01:38:13,892 [Listener at 127.0.0.1/36119] INFO  ozone.MiniOzoneClusterImpl (MiniOzoneClusterImpl.java:lambda$waitForClusterToBeReady$0(240)) - SCM became leader
2022-01-10 01:38:14,892 [Listener at 127.0.0.1/36119] INFO  ozone.MiniOzoneClusterImpl (MiniOzoneClusterImpl.java:lambda$waitForClusterToBeReady$0(235)) - Nodes are ready. Got 3 of 3 DN Heartbeats.
2022-01-10 01:38:14,893 [Listener at 127.0.0.1/36119] INFO  ozone.MiniOzoneClusterImpl (MiniOzoneClusterImpl.java:lambda$waitForClusterToBeReady$0(238)) - Waiting for cluster to exit safe mode
2022-01-10 01:38:14,893 [Listener at 127.0.0.1/36119] INFO  ozone.MiniOzoneClusterImpl (MiniOzoneClusterImpl.java:lambda$waitForClusterToBeReady$0(240)) - SCM became leader
2022-01-10 01:38:15,484 [7c05103a-a8d8-44cf-9e6e-c5c97716da47@group-1378E56E65CB-FollowerState] INFO  impl.FollowerState (FollowerState.java:run(134)) - 7c05103a-a8d8-44cf-9e6e-c5c97716da47@group-1378E56E65CB-FollowerState: change to CANDIDATE, lastRpcElapsedTime:5076492680ns, electionTimeout:5076ms
2022-01-10 01:38:15,484 [7c05103a-a8d8-44cf-9e6e-c5c97716da47@group-1378E56E65CB-FollowerState] INFO  impl.RoleInfo (RoleInfo.java:shutdownFollowerState(108)) - 7c05103a-a8d8-44cf-9e6e-c5c97716da47: shutdown 7c05103a-a8d8-44cf-9e6e-c5c97716da47@group-1378E56E65CB-FollowerState
2022-01-10 01:38:15,484 [7c05103a-a8d8-44cf-9e6e-c5c97716da47@group-1378E56E65CB-FollowerState] INFO  server.RaftServer$Division (RaftServerImpl.java:setRole(290)) - 7c05103a-a8d8-44cf-9e6e-c5c97716da47@group-1378E56E65CB: changes role from  FOLLOWER to CANDIDATE at term 1 for changeToCandidate
2022-01-10 01:38:15,484 [7c05103a-a8d8-44cf-9e6e-c5c97716da47@group-1378E56E65CB-FollowerState] INFO  server.RaftServerConfigKeys (ConfUtils.java:logGet(44)) - raft.server.leaderelection.pre-vote = false (custom)
2022-01-10 01:38:15,484 [7c05103a-a8d8-44cf-9e6e-c5c97716da47@group-1378E56E65CB-FollowerState] INFO  impl.RoleInfo (RoleInfo.java:updateAndGet(130)) - 7c05103a-a8d8-44cf-9e6e-c5c97716da47: start 7c05103a-a8d8-44cf-9e6e-c5c97716da47@group-1378E56E65CB-LeaderElection51
2022-01-10 01:38:15,499 [7c05103a-a8d8-44cf-9e6e-c5c97716da47@group-1378E56E65CB-LeaderElection51] INFO  impl.LeaderElection (LeaderElection.java:askForVotes(306)) - 7c05103a-a8d8-44cf-9e6e-c5c97716da47@group-1378E56E65CB-LeaderElection51 ELECTION round 0: submit vote requests at term 2 for -1: [c170d5b9-cf3d-4e56-89e7-d82e21136cb5|rpc:10.1.0.8:44261|priority:0, 1cc2c250-a922-45e8-b8e5-f94197ece095|rpc:10.1.0.8:39065|priority:1, 7c05103a-a8d8-44cf-9e6e-c5c97716da47|rpc:10.1.0.8:37605|priority:0], old=null
2022-01-10 01:38:15,511 [grpc-default-executor-0] INFO  server.RaftServer$Division (RaftServerImpl.java:requestVote(1046)) - c170d5b9-cf3d-4e56-89e7-d82e21136cb5@group-1378E56E65CB: receive requestVote(ELECTION, 7c05103a-a8d8-44cf-9e6e-c5c97716da47, group-1378E56E65CB, 2, (t:0, i:0))
2022-01-10 01:38:15,511 [grpc-default-executor-0] INFO  impl.VoteContext (VoteContext.java:log(48)) - c170d5b9-cf3d-4e56-89e7-d82e21136cb5@group-1378E56E65CB-FOLLOWER: accept ELECTION from 7c05103a-a8d8-44cf-9e6e-c5c97716da47: our priority 0 <= candidate's priority 0
2022-01-10 01:38:15,511 [grpc-default-executor-0] INFO  server.RaftServer$Division (RaftServerImpl.java:setRole(290)) - c170d5b9-cf3d-4e56-89e7-d82e21136cb5@group-1378E56E65CB: changes role from  FOLLOWER to FOLLOWER at term 2 for candidate:7c05103a-a8d8-44cf-9e6e-c5c97716da47
2022-01-10 01:38:15,512 [grpc-default-executor-0] INFO  impl.RoleInfo (RoleInfo.java:shutdownFollowerState(108)) - c170d5b9-cf3d-4e56-89e7-d82e21136cb5: shutdown c170d5b9-cf3d-4e56-89e7-d82e21136cb5@group-1378E56E65CB-FollowerState
2022-01-10 01:38:15,512 [grpc-default-executor-0] INFO  impl.RoleInfo (RoleInfo.java:updateAndGet(130)) - c170d5b9-cf3d-4e56-89e7-d82e21136cb5: start c170d5b9-cf3d-4e56-89e7-d82e21136cb5@group-1378E56E65CB-FollowerState
2022-01-10 01:38:15,512 [c170d5b9-cf3d-4e56-89e7-d82e21136cb5@group-1378E56E65CB-FollowerState] INFO  impl.FollowerState (FollowerState.java:run(143)) - c170d5b9-cf3d-4e56-89e7-d82e21136cb5@group-1378E56E65CB-FollowerState was interrupted: {}
java.lang.InterruptedException: sleep interrupted
	at java.lang.Thread.sleep(Native Method)
	at java.lang.Thread.sleep(Thread.java:340)
	at java.util.concurrent.TimeUnit.sleep(TimeUnit.java:386)
	at org.apache.ratis.util.TimeDuration.sleep(TimeDuration.java:324)
	at org.apache.ratis.util.TimeDuration.sleep(TimeDuration.java:309)
	at org.apache.ratis.server.impl.FollowerState.run(FollowerState.java:118)
2022-01-10 01:38:15,516 [grpc-default-executor-0] INFO  server.RaftServer$Division (RaftServerImpl.java:requestVote(1078)) - c170d5b9-cf3d-4e56-89e7-d82e21136cb5@group-1378E56E65CB replies to ELECTION vote request: 7c05103a-a8d8-44cf-9e6e-c5c97716da47<-c170d5b9-cf3d-4e56-89e7-d82e21136cb5#0:OK-t2. Peer's state: c170d5b9-cf3d-4e56-89e7-d82e21136cb5@group-1378E56E65CB:t2, leader=null, voted=7c05103a-a8d8-44cf-9e6e-c5c97716da47, raftlog=c170d5b9-cf3d-4e56-89e7-d82e21136cb5@group-1378E56E65CB-SegmentedRaftLog:OPENED:c-1, conf=-1: [c170d5b9-cf3d-4e56-89e7-d82e21136cb5|rpc:10.1.0.8:44261|dataStream:|priority:0, 1cc2c250-a922-45e8-b8e5-f94197ece095|rpc:10.1.0.8:39065|dataStream:|priority:1, 7c05103a-a8d8-44cf-9e6e-c5c97716da47|rpc:10.1.0.8:37605|dataStream:|priority:0], old=null
2022-01-10 01:38:15,517 [grpc-default-executor-0] INFO  server.RaftServer$Division (RaftServerImpl.java:requestVote(1046)) - 1cc2c250-a922-45e8-b8e5-f94197ece095@group-1378E56E65CB: receive requestVote(ELECTION, 7c05103a-a8d8-44cf-9e6e-c5c97716da47, group-1378E56E65CB, 2, (t:0, i:0))
2022-01-10 01:38:15,517 [grpc-default-executor-0] INFO  impl.VoteContext (VoteContext.java:log(48)) - 1cc2c250-a922-45e8-b8e5-f94197ece095@group-1378E56E65CB-FOLLOWER: reject ELECTION from 7c05103a-a8d8-44cf-9e6e-c5c97716da47: our priority 1 > candidate's priority 0
2022-01-10 01:38:15,517 [grpc-default-executor-0] INFO  server.RaftServer$Division (RaftServerImpl.java:setRole(290)) - 1cc2c250-a922-45e8-b8e5-f94197ece095@group-1378E56E65CB: changes role from  FOLLOWER to FOLLOWER at term 2 for candidate:7c05103a-a8d8-44cf-9e6e-c5c97716da47
2022-01-10 01:38:15,517 [grpc-default-executor-0] INFO  impl.RoleInfo (RoleInfo.java:shutdownFollowerState(108)) - 1cc2c250-a922-45e8-b8e5-f94197ece095: shutdown 1cc2c250-a922-45e8-b8e5-f94197ece095@group-1378E56E65CB-FollowerState
2022-01-10 01:38:15,517 [grpc-default-executor-0] INFO  impl.RoleInfo (RoleInfo.java:updateAndGet(130)) - 1cc2c250-a922-45e8-b8e5-f94197ece095: start 1cc2c250-a922-45e8-b8e5-f94197ece095@group-1378E56E65CB-FollowerState
2022-01-10 01:38:15,518 [1cc2c250-a922-45e8-b8e5-f94197ece095@group-1378E56E65CB-FollowerState] INFO  impl.FollowerState (FollowerState.java:run(143)) - 1cc2c250-a922-45e8-b8e5-f94197ece095@group-1378E56E65CB-FollowerState was interrupted: {}
java.lang.InterruptedException: sleep interrupted
	at java.lang.Thread.sleep(Native Method)
	at java.lang.Thread.sleep(Thread.java:340)
	at java.util.concurrent.TimeUnit.sleep(TimeUnit.java:386)
	at org.apache.ratis.util.TimeDuration.sleep(TimeDuration.java:324)
	at org.apache.ratis.util.TimeDuration.sleep(TimeDuration.java:309)
	at org.apache.ratis.server.impl.FollowerState.run(FollowerState.java:118)
2022-01-10 01:38:15,521 [grpc-default-executor-0] INFO  server.RaftServer$Division (RaftServerImpl.java:requestVote(1078)) - 1cc2c250-a922-45e8-b8e5-f94197ece095@group-1378E56E65CB replies to ELECTION vote request: 7c05103a-a8d8-44cf-9e6e-c5c97716da47<-1cc2c250-a922-45e8-b8e5-f94197ece095#0:FAIL-t2. Peer's state: 1cc2c250-a922-45e8-b8e5-f94197ece095@group-1378E56E65CB:t2, leader=null, voted=null, raftlog=1cc2c250-a922-45e8-b8e5-f94197ece095@group-1378E56E65CB-SegmentedRaftLog:OPENED:c-1, conf=-1: [c170d5b9-cf3d-4e56-89e7-d82e21136cb5|rpc:10.1.0.8:44261|dataStream:|priority:0, 1cc2c250-a922-45e8-b8e5-f94197ece095|rpc:10.1.0.8:39065|dataStream:|priority:1, 7c05103a-a8d8-44cf-9e6e-c5c97716da47|rpc:10.1.0.8:37605|dataStream:|priority:0], old=null
2022-01-10 01:38:15,537 [7c05103a-a8d8-44cf-9e6e-c5c97716da47@group-1378E56E65CB-LeaderElection51] INFO  impl.LeaderElection (LeaderElection.java:logAndReturn(89)) - 7c05103a-a8d8-44cf-9e6e-c5c97716da47@group-1378E56E65CB-LeaderElection51: ELECTION REJECTED received 2 response(s) and 0 exception(s):
2022-01-10 01:38:15,537 [7c05103a-a8d8-44cf-9e6e-c5c97716da47@group-1378E56E65CB-LeaderElection51] INFO  impl.LeaderElection (LeaderElection.java:logAndReturn(93)) -   Response 0: 7c05103a-a8d8-44cf-9e6e-c5c97716da47<-c170d5b9-cf3d-4e56-89e7-d82e21136cb5#0:OK-t2
2022-01-10 01:38:15,537 [7c05103a-a8d8-44cf-9e6e-c5c97716da47@group-1378E56E65CB-LeaderElection51] INFO  impl.LeaderElection (LeaderElection.java:logAndReturn(93)) -   Response 1: 7c05103a-a8d8-44cf-9e6e-c5c97716da47<-1cc2c250-a922-45e8-b8e5-f94197ece095#0:FAIL-t2
2022-01-10 01:38:15,537 [7c05103a-a8d8-44cf-9e6e-c5c97716da47@group-1378E56E65CB-LeaderElection51] INFO  impl.LeaderElection (LeaderElection.java:askForVotes(308)) - 7c05103a-a8d8-44cf-9e6e-c5c97716da47@group-1378E56E65CB-LeaderElection51 ELECTION round 0: result REJECTED
2022-01-10 01:38:15,537 [7c05103a-a8d8-44cf-9e6e-c5c97716da47@group-1378E56E65CB-LeaderElection51] INFO  server.RaftServer$Division (RaftServerImpl.java:setRole(290)) - 7c05103a-a8d8-44cf-9e6e-c5c97716da47@group-1378E56E65CB: changes role from CANDIDATE to FOLLOWER at term 2 for REJECTED
2022-01-10 01:38:15,537 [7c05103a-a8d8-44cf-9e6e-c5c97716da47@group-1378E56E65CB-LeaderElection51] INFO  impl.RoleInfo (RoleInfo.java:shutdownLeaderElection(121)) - 7c05103a-a8d8-44cf-9e6e-c5c97716da47: shutdown 7c05103a-a8d8-44cf-9e6e-c5c97716da47@group-1378E56E65CB-LeaderElection51
2022-01-10 01:38:15,538 [7c05103a-a8d8-44cf-9e6e-c5c97716da47@group-1378E56E65CB-LeaderElection51] INFO  impl.RoleInfo (RoleInfo.java:updateAndGet(130)) - 7c05103a-a8d8-44cf-9e6e-c5c97716da47: start 7c05103a-a8d8-44cf-9e6e-c5c97716da47@group-1378E56E65CB-FollowerState
2022-01-10 01:38:15,683 [c170d5b9-cf3d-4e56-89e7-d82e21136cb5@group-8921C0FE7E74-FollowerState] INFO  impl.FollowerState (FollowerState.java:run(134)) - c170d5b9-cf3d-4e56-89e7-d82e21136cb5@group-8921C0FE7E74-FollowerState: change to CANDIDATE, lastRpcElapsedTime:5097819993ns, electionTimeout:5094ms
2022-01-10 01:38:15,684 [c170d5b9-cf3d-4e56-89e7-d82e21136cb5@group-8921C0FE7E74-FollowerState] INFO  impl.RoleInfo (RoleInfo.java:shutdownFollowerState(108)) - c170d5b9-cf3d-4e56-89e7-d82e21136cb5: shutdown c170d5b9-cf3d-4e56-89e7-d82e21136cb5@group-8921C0FE7E74-FollowerState
2022-01-10 01:38:15,684 [c170d5b9-cf3d-4e56-89e7-d82e21136cb5@group-8921C0FE7E74-FollowerState] INFO  server.RaftServer$Division (RaftServerImpl.java:setRole(290)) - c170d5b9-cf3d-4e56-89e7-d82e21136cb5@group-8921C0FE7E74: changes role from  FOLLOWER to CANDIDATE at term 1 for changeToCandidate
2022-01-10 01:38:15,684 [c170d5b9-cf3d-4e56-89e7-d82e21136cb5@group-8921C0FE7E74-FollowerState] INFO  server.RaftServerConfigKeys (ConfUtils.java:logGet(44)) - raft.server.leaderelection.pre-vote = false (custom)
2022-01-10 01:38:15,684 [c170d5b9-cf3d-4e56-89e7-d82e21136cb5@group-8921C0FE7E74-FollowerState] INFO  impl.RoleInfo (RoleInfo.java:updateAndGet(130)) - c170d5b9-cf3d-4e56-89e7-d82e21136cb5: start c170d5b9-cf3d-4e56-89e7-d82e21136cb5@group-8921C0FE7E74-LeaderElection52
2022-01-10 01:38:15,708 [c170d5b9-cf3d-4e56-89e7-d82e21136cb5@group-8921C0FE7E74-LeaderElection52] INFO  impl.LeaderElection (LeaderElection.java:askForVotes(306)) - c170d5b9-cf3d-4e56-89e7-d82e21136cb5@group-8921C0FE7E74-LeaderElection52 ELECTION round 0: submit vote requests at term 2 for -1: [c170d5b9-cf3d-4e56-89e7-d82e21136cb5|rpc:10.1.0.8:44261|dataStream:|priority:1, 1cc2c250-a922-45e8-b8e5-f94197ece095|rpc:10.1.0.8:39065|dataStream:|priority:0, 7c05103a-a8d8-44cf-9e6e-c5c97716da47|rpc:10.1.0.8:37605|dataStream:|priority:0], old=null
2022-01-10 01:38:15,709 [1cc2c250-a922-45e8-b8e5-f94197ece095@group-8921C0FE7E74-FollowerState] INFO  impl.FollowerState (FollowerState.java:run(134)) - 1cc2c250-a922-45e8-b8e5-f94197ece095@group-8921C0FE7E74-FollowerState: change to CANDIDATE, lastRpcElapsedTime:5063683646ns, electionTimeout:5059ms
2022-01-10 01:38:15,709 [1cc2c250-a922-45e8-b8e5-f94197ece095@group-8921C0FE7E74-FollowerState] INFO  impl.RoleInfo (RoleInfo.java:shutdownFollowerState(108)) - 1cc2c250-a922-45e8-b8e5-f94197ece095: shutdown 1cc2c250-a922-45e8-b8e5-f94197ece095@group-8921C0FE7E74-FollowerState
2022-01-10 01:38:15,709 [1cc2c250-a922-45e8-b8e5-f94197ece095@group-8921C0FE7E74-FollowerState] INFO  server.RaftServer$Division (RaftServerImpl.java:setRole(290)) - 1cc2c250-a922-45e8-b8e5-f94197ece095@group-8921C0FE7E74: changes role from  FOLLOWER to CANDIDATE at term 1 for changeToCandidate
2022-01-10 01:38:15,750 [1cc2c250-a922-45e8-b8e5-f94197ece095@group-8921C0FE7E74-FollowerState] INFO  server.RaftServerConfigKeys (ConfUtils.java:logGet(44)) - raft.server.leaderelection.pre-vote = false (custom)
2022-01-10 01:38:15,750 [1cc2c250-a922-45e8-b8e5-f94197ece095@group-8921C0FE7E74-FollowerState] INFO  impl.RoleInfo (RoleInfo.java:updateAndGet(130)) - 1cc2c250-a922-45e8-b8e5-f94197ece095: start 1cc2c250-a922-45e8-b8e5-f94197ece095@group-8921C0FE7E74-LeaderElection53
2022-01-10 01:38:15,775 [grpc-default-executor-0] INFO  server.RaftServer$Division (RaftServerImpl.java:requestVote(1046)) - 1cc2c250-a922-45e8-b8e5-f94197ece095@group-8921C0FE7E74: receive requestVote(ELECTION, c170d5b9-cf3d-4e56-89e7-d82e21136cb5, group-8921C0FE7E74, 2, (t:0, i:0))
2022-01-10 01:38:15,781 [1cc2c250-a922-45e8-b8e5-f94197ece095@group-8921C0FE7E74-LeaderElection53] INFO  impl.LeaderElection (LeaderElection.java:askForVotes(306)) - 1cc2c250-a922-45e8-b8e5-f94197ece095@group-8921C0FE7E74-LeaderElection53 ELECTION round 0: submit vote requests at term 2 for -1: [c170d5b9-cf3d-4e56-89e7-d82e21136cb5|rpc:10.1.0.8:44261|dataStream:|priority:1, 1cc2c250-a922-45e8-b8e5-f94197ece095|rpc:10.1.0.8:39065|dataStream:|priority:0, 7c05103a-a8d8-44cf-9e6e-c5c97716da47|rpc:10.1.0.8:37605|dataStream:|priority:0], old=null
2022-01-10 01:38:15,785 [grpc-default-executor-0] INFO  impl.VoteContext (VoteContext.java:log(48)) - 1cc2c250-a922-45e8-b8e5-f94197ece095@group-8921C0FE7E74-CANDIDATE: reject ELECTION from c170d5b9-cf3d-4e56-89e7-d82e21136cb5: already has voted for 1cc2c250-a922-45e8-b8e5-f94197ece095 at current term 2
2022-01-10 01:38:15,786 [grpc-default-executor-0] INFO  server.RaftServer$Division (RaftServerImpl.java:requestVote(1078)) - 1cc2c250-a922-45e8-b8e5-f94197ece095@group-8921C0FE7E74 replies to ELECTION vote request: c170d5b9-cf3d-4e56-89e7-d82e21136cb5<-1cc2c250-a922-45e8-b8e5-f94197ece095#0:FAIL-t2. Peer's state: 1cc2c250-a922-45e8-b8e5-f94197ece095@group-8921C0FE7E74:t2, leader=null, voted=1cc2c250-a922-45e8-b8e5-f94197ece095, raftlog=1cc2c250-a922-45e8-b8e5-f94197ece095@group-8921C0FE7E74-SegmentedRaftLog:OPENED:c-1, conf=-1: [c170d5b9-cf3d-4e56-89e7-d82e21136cb5|rpc:10.1.0.8:44261|dataStream:|priority:1, 1cc2c250-a922-45e8-b8e5-f94197ece095|rpc:10.1.0.8:39065|dataStream:|priority:0, 7c05103a-a8d8-44cf-9e6e-c5c97716da47|rpc:10.1.0.8:37605|dataStream:|priority:0], old=null
2022-01-10 01:38:15,794 [grpc-default-executor-0] INFO  server.RaftServer$Division (RaftServerImpl.java:requestVote(1046)) - 7c05103a-a8d8-44cf-9e6e-c5c97716da47@group-8921C0FE7E74: receive requestVote(ELECTION, c170d5b9-cf3d-4e56-89e7-d82e21136cb5, group-8921C0FE7E74, 2, (t:0, i:0))
2022-01-10 01:38:15,794 [grpc-default-executor-0] INFO  impl.VoteContext (VoteContext.java:log(48)) - 7c05103a-a8d8-44cf-9e6e-c5c97716da47@group-8921C0FE7E74-FOLLOWER: accept ELECTION from c170d5b9-cf3d-4e56-89e7-d82e21136cb5: our priority 0 <= candidate's priority 1
2022-01-10 01:38:15,794 [grpc-default-executor-0] INFO  server.RaftServer$Division (RaftServerImpl.java:setRole(290)) - 7c05103a-a8d8-44cf-9e6e-c5c97716da47@group-8921C0FE7E74: changes role from  FOLLOWER to FOLLOWER at term 2 for candidate:c170d5b9-cf3d-4e56-89e7-d82e21136cb5
2022-01-10 01:38:15,794 [grpc-default-executor-0] INFO  impl.RoleInfo (RoleInfo.java:shutdownFollowerState(108)) - 7c05103a-a8d8-44cf-9e6e-c5c97716da47: shutdown 7c05103a-a8d8-44cf-9e6e-c5c97716da47@group-8921C0FE7E74-FollowerState
2022-01-10 01:38:15,821 [grpc-default-executor-1] INFO  server.RaftServer$Division (RaftServerImpl.java:requestVote(1046)) - c170d5b9-cf3d-4e56-89e7-d82e21136cb5@group-8921C0FE7E74: receive requestVote(ELECTION, 1cc2c250-a922-45e8-b8e5-f94197ece095, group-8921C0FE7E74, 2, (t:0, i:0))
2022-01-10 01:38:15,838 [grpc-default-executor-0] INFO  impl.RoleInfo (RoleInfo.java:updateAndGet(130)) - 7c05103a-a8d8-44cf-9e6e-c5c97716da47: start 7c05103a-a8d8-44cf-9e6e-c5c97716da47@group-8921C0FE7E74-FollowerState
2022-01-10 01:38:15,838 [grpc-default-executor-1] INFO  impl.VoteContext (VoteContext.java:log(48)) - c170d5b9-cf3d-4e56-89e7-d82e21136cb5@group-8921C0FE7E74-CANDIDATE: reject ELECTION from 1cc2c250-a922-45e8-b8e5-f94197ece095: already has voted for c170d5b9-cf3d-4e56-89e7-d82e21136cb5 at current term 2
2022-01-10 01:38:15,839 [7c05103a-a8d8-44cf-9e6e-c5c97716da47@group-8921C0FE7E74-FollowerState] INFO  impl.FollowerState (FollowerState.java:run(143)) - 7c05103a-a8d8-44cf-9e6e-c5c97716da47@group-8921C0FE7E74-FollowerState was interrupted: {}
java.lang.InterruptedException: sleep interrupted
	at java.lang.Thread.sleep(Native Method)
	at java.lang.Thread.sleep(Thread.java:340)
	at java.util.concurrent.TimeUnit.sleep(TimeUnit.java:386)
	at org.apache.ratis.util.TimeDuration.sleep(TimeDuration.java:324)
	at org.apache.ratis.util.TimeDuration.sleep(TimeDuration.java:309)
	at org.apache.ratis.server.impl.FollowerState.run(FollowerState.java:118)
2022-01-10 01:38:15,831 [grpc-default-executor-2] INFO  server.RaftServer$Division (RaftServerImpl.java:requestVote(1046)) - 7c05103a-a8d8-44cf-9e6e-c5c97716da47@group-8921C0FE7E74: receive requestVote(ELECTION, 1cc2c250-a922-45e8-b8e5-f94197ece095, group-8921C0FE7E74, 2, (t:0, i:0))
2022-01-10 01:38:15,839 [grpc-default-executor-1] INFO  server.RaftServer$Division (RaftServerImpl.java:requestVote(1078)) - c170d5b9-cf3d-4e56-89e7-d82e21136cb5@group-8921C0FE7E74 replies to ELECTION vote request: 1cc2c250-a922-45e8-b8e5-f94197ece095<-c170d5b9-cf3d-4e56-89e7-d82e21136cb5#0:FAIL-t2. Peer's state: c170d5b9-cf3d-4e56-89e7-d82e21136cb5@group-8921C0FE7E74:t2, leader=null, voted=c170d5b9-cf3d-4e56-89e7-d82e21136cb5, raftlog=c170d5b9-cf3d-4e56-89e7-d82e21136cb5@group-8921C0FE7E74-SegmentedRaftLog:OPENED:c-1, conf=-1: [c170d5b9-cf3d-4e56-89e7-d82e21136cb5|rpc:10.1.0.8:44261|dataStream:|priority:1, 1cc2c250-a922-45e8-b8e5-f94197ece095|rpc:10.1.0.8:39065|dataStream:|priority:0, 7c05103a-a8d8-44cf-9e6e-c5c97716da47|rpc:10.1.0.8:37605|dataStream:|priority:0], old=null
2022-01-10 01:38:15,840 [1cc2c250-a922-45e8-b8e5-f94197ece095@group-8921C0FE7E74-LeaderElection53] INFO  impl.LeaderElection (LeaderElection.java:logAndReturn(89)) - 1cc2c250-a922-45e8-b8e5-f94197ece095@group-8921C0FE7E74-LeaderElection53: ELECTION REJECTED received 1 response(s) and 0 exception(s):
2022-01-10 01:38:15,840 [1cc2c250-a922-45e8-b8e5-f94197ece095@group-8921C0FE7E74-LeaderElection53] INFO  impl.LeaderElection (LeaderElection.java:logAndReturn(93)) -   Response 0: 1cc2c250-a922-45e8-b8e5-f94197ece095<-c170d5b9-cf3d-4e56-89e7-d82e21136cb5#0:FAIL-t2
2022-01-10 01:38:15,840 [1cc2c250-a922-45e8-b8e5-f94197ece095@group-8921C0FE7E74-LeaderElection53] INFO  impl.LeaderElection (LeaderElection.java:askForVotes(308)) - 1cc2c250-a922-45e8-b8e5-f94197ece095@group-8921C0FE7E74-LeaderElection53 ELECTION round 0: result REJECTED
2022-01-10 01:38:15,840 [1cc2c250-a922-45e8-b8e5-f94197ece095@group-8921C0FE7E74-LeaderElection53] INFO  server.RaftServer$Division (RaftServerImpl.java:setRole(290)) - 1cc2c250-a922-45e8-b8e5-f94197ece095@group-8921C0FE7E74: changes role from CANDIDATE to FOLLOWER at term 2 for REJECTED
2022-01-10 01:38:15,840 [1cc2c250-a922-45e8-b8e5-f94197ece095@group-8921C0FE7E74-LeaderElection53] INFO  impl.RoleInfo (RoleInfo.java:shutdownLeaderElection(121)) - 1cc2c250-a922-45e8-b8e5-f94197ece095: shutdown 1cc2c250-a922-45e8-b8e5-f94197ece095@group-8921C0FE7E74-LeaderElection53
2022-01-10 01:38:15,840 [1cc2c250-a922-45e8-b8e5-f94197ece095@group-8921C0FE7E74-LeaderElection53] INFO  impl.RoleInfo (RoleInfo.java:updateAndGet(130)) - 1cc2c250-a922-45e8-b8e5-f94197ece095: start 1cc2c250-a922-45e8-b8e5-f94197ece095@group-8921C0FE7E74-FollowerState
2022-01-10 01:38:15,841 [grpc-default-executor-0] INFO  server.RaftServer$Division (RaftServerImpl.java:requestVote(1078)) - 7c05103a-a8d8-44cf-9e6e-c5c97716da47@group-8921C0FE7E74 replies to ELECTION vote request: c170d5b9-cf3d-4e56-89e7-d82e21136cb5<-7c05103a-a8d8-44cf-9e6e-c5c97716da47#0:OK-t2. Peer's state: 7c05103a-a8d8-44cf-9e6e-c5c97716da47@group-8921C0FE7E74:t2, leader=null, voted=c170d5b9-cf3d-4e56-89e7-d82e21136cb5, raftlog=7c05103a-a8d8-44cf-9e6e-c5c97716da47@group-8921C0FE7E74-SegmentedRaftLog:OPENED:c-1, conf=-1: [c170d5b9-cf3d-4e56-89e7-d82e21136cb5|rpc:10.1.0.8:44261|priority:1, 1cc2c250-a922-45e8-b8e5-f94197ece095|rpc:10.1.0.8:39065|priority:0, 7c05103a-a8d8-44cf-9e6e-c5c97716da47|rpc:10.1.0.8:37605|priority:0], old=null
2022-01-10 01:38:15,856 [grpc-default-executor-2] INFO  impl.VoteContext (VoteContext.java:log(48)) - 7c05103a-a8d8-44cf-9e6e-c5c97716da47@group-8921C0FE7E74-FOLLOWER: reject ELECTION from 1cc2c250-a922-45e8-b8e5-f94197ece095: already has voted for c170d5b9-cf3d-4e56-89e7-d82e21136cb5 at current term 2
2022-01-10 01:38:15,856 [grpc-default-executor-2] INFO  server.RaftServer$Division (RaftServerImpl.java:requestVote(1078)) - 7c05103a-a8d8-44cf-9e6e-c5c97716da47@group-8921C0FE7E74 replies to ELECTION vote request: 1cc2c250-a922-45e8-b8e5-f94197ece095<-7c05103a-a8d8-44cf-9e6e-c5c97716da47#0:FAIL-t2. Peer's state: 7c05103a-a8d8-44cf-9e6e-c5c97716da47@group-8921C0FE7E74:t2, leader=null, voted=c170d5b9-cf3d-4e56-89e7-d82e21136cb5, raftlog=7c05103a-a8d8-44cf-9e6e-c5c97716da47@group-8921C0FE7E74-SegmentedRaftLog:OPENED:c-1, conf=-1: [c170d5b9-cf3d-4e56-89e7-d82e21136cb5|rpc:10.1.0.8:44261|priority:1, 1cc2c250-a922-45e8-b8e5-f94197ece095|rpc:10.1.0.8:39065|priority:0, 7c05103a-a8d8-44cf-9e6e-c5c97716da47|rpc:10.1.0.8:37605|priority:0], old=null
2022-01-10 01:38:15,867 [c170d5b9-cf3d-4e56-89e7-d82e21136cb5@group-8921C0FE7E74-LeaderElection52] INFO  impl.LeaderElection (LeaderElection.java:logAndReturn(89)) - c170d5b9-cf3d-4e56-89e7-d82e21136cb5@group-8921C0FE7E74-LeaderElection52: ELECTION PASSED received 2 response(s) and 0 exception(s):
2022-01-10 01:38:15,870 [c170d5b9-cf3d-4e56-89e7-d82e21136cb5@group-8921C0FE7E74-LeaderElection52] INFO  impl.LeaderElection (LeaderElection.java:logAndReturn(93)) -   Response 0: c170d5b9-cf3d-4e56-89e7-d82e21136cb5<-1cc2c250-a922-45e8-b8e5-f94197ece095#0:FAIL-t2
2022-01-10 01:38:15,870 [c170d5b9-cf3d-4e56-89e7-d82e21136cb5@group-8921C0FE7E74-LeaderElection52] INFO  impl.LeaderElection (LeaderElection.java:logAndReturn(93)) -   Response 1: c170d5b9-cf3d-4e56-89e7-d82e21136cb5<-7c05103a-a8d8-44cf-9e6e-c5c97716da47#0:OK-t2
2022-01-10 01:38:15,870 [c170d5b9-cf3d-4e56-89e7-d82e21136cb5@group-8921C0FE7E74-LeaderElection52] INFO  impl.LeaderElection (LeaderElection.java:askForVotes(308)) - c170d5b9-cf3d-4e56-89e7-d82e21136cb5@group-8921C0FE7E74-LeaderElection52 ELECTION round 0: result PASSED
2022-01-10 01:38:15,870 [c170d5b9-cf3d-4e56-89e7-d82e21136cb5@group-8921C0FE7E74-LeaderElection52] INFO  impl.RoleInfo (RoleInfo.java:shutdownLeaderElection(121)) - c170d5b9-cf3d-4e56-89e7-d82e21136cb5: shutdown c170d5b9-cf3d-4e56-89e7-d82e21136cb5@group-8921C0FE7E74-LeaderElection52
2022-01-10 01:38:15,870 [c170d5b9-cf3d-4e56-89e7-d82e21136cb5@group-8921C0FE7E74-LeaderElection52] INFO  server.RaftServer$Division (RaftServerImpl.java:setRole(290)) - c170d5b9-cf3d-4e56-89e7-d82e21136cb5@group-8921C0FE7E74: changes role from CANDIDATE to LEADER at term 2 for changeToLeader
2022-01-10 01:38:15,870 [c170d5b9-cf3d-4e56-89e7-d82e21136cb5@group-8921C0FE7E74-LeaderElection52] INFO  ratis.XceiverServerRatis (XceiverServerRatis.java:handleLeaderChangedNotification(866)) - Leader change notification received for group: group-8921C0FE7E74 with new leaderId: c170d5b9-cf3d-4e56-89e7-d82e21136cb5
2022-01-10 01:38:15,870 [c170d5b9-cf3d-4e56-89e7-d82e21136cb5@group-8921C0FE7E74-LeaderElection52] INFO  server.RaftServer$Division (ServerState.java:setLeader(285)) - c170d5b9-cf3d-4e56-89e7-d82e21136cb5@group-8921C0FE7E74: change Leader from null to c170d5b9-cf3d-4e56-89e7-d82e21136cb5 at term 2 for becomeLeader, leader elected after 10396ms
2022-01-10 01:38:15,871 [c170d5b9-cf3d-4e56-89e7-d82e21136cb5@group-8921C0FE7E74-LeaderElection52] INFO  server.RaftServerConfigKeys (ConfUtils.java:logGet(44)) - raft.server.staging.catchup.gap = 1000 (default)
2022-01-10 01:38:15,871 [c170d5b9-cf3d-4e56-89e7-d82e21136cb5@group-8921C0FE7E74-LeaderElection52] INFO  server.RaftServerConfigKeys (ConfUtils.java:logGet(44)) - raft.server.write.element-limit = 1024 (custom)
2022-01-10 01:38:15,886 [c170d5b9-cf3d-4e56-89e7-d82e21136cb5@group-8921C0FE7E74-LeaderElection52] INFO  server.RaftServerConfigKeys (ConfUtils.java:logGet(44)) - raft.server.write.byte-limit = 1024 M (=1073741824) (custom)
2022-01-10 01:38:15,887 [c170d5b9-cf3d-4e56-89e7-d82e21136cb5@group-8921C0FE7E74-LeaderElection52] INFO  server.RaftServerConfigKeys (ConfUtils.java:logGet(44)) - raft.server.watch.timeout = 180s (custom)
2022-01-10 01:38:15,887 [c170d5b9-cf3d-4e56-89e7-d82e21136cb5@group-8921C0FE7E74-LeaderElection52] INFO  server.RaftServerConfigKeys (ConfUtils.java:logGet(44)) - raft.server.watch.timeout.denomination = 1s (default)
2022-01-10 01:38:15,887 [c170d5b9-cf3d-4e56-89e7-d82e21136cb5@group-8921C0FE7E74-LeaderElection52] INFO  server.RaftServerConfigKeys (ConfUtils.java:logGet(44)) - raft.server.watch.element-limit = 65536 (default)
2022-01-10 01:38:15,887 [c170d5b9-cf3d-4e56-89e7-d82e21136cb5@group-8921C0FE7E74-LeaderElection52] INFO  server.RaftServerConfigKeys (ConfUtils.java:logGet(44)) - raft.server.write.element-limit = 1024 (custom)
2022-01-10 01:38:15,887 [c170d5b9-cf3d-4e56-89e7-d82e21136cb5@group-8921C0FE7E74-LeaderElection52] INFO  server.RaftServerConfigKeys (ConfUtils.java:logGet(44)) - raft.server.write.follower.gap.ratio.max = -1.0 (default)
2022-01-10 01:38:15,887 [c170d5b9-cf3d-4e56-89e7-d82e21136cb5@group-8921C0FE7E74-LeaderElection52] INFO  server.RaftServerConfigKeys (ConfUtils.java:logGet(44)) - raft.server.log.appender.snapshot.chunk.size.max = 16MB (=16777216) (default)
2022-01-10 01:38:15,887 [c170d5b9-cf3d-4e56-89e7-d82e21136cb5@group-8921C0FE7E74-LeaderElection52] INFO  server.RaftServerConfigKeys (ConfUtils.java:logGet(44)) - raft.server.log.appender.buffer.byte-limit = 33554432 (custom)
2022-01-10 01:38:15,887 [c170d5b9-cf3d-4e56-89e7-d82e21136cb5@group-8921C0FE7E74-LeaderElection52] INFO  server.RaftServerConfigKeys (ConfUtils.java:logGet(44)) - raft.server.log.appender.buffer.element-limit = 1 (custom)
2022-01-10 01:38:15,887 [c170d5b9-cf3d-4e56-89e7-d82e21136cb5@group-8921C0FE7E74-LeaderElection52] INFO  grpc.GrpcConfigKeys (ConfUtils.java:logGet(44)) - raft.grpc.server.leader.outstanding.appends.max = 128 (default)
2022-01-10 01:38:15,887 [c170d5b9-cf3d-4e56-89e7-d82e21136cb5@group-8921C0FE7E74-LeaderElection52] INFO  server.RaftServerConfigKeys (ConfUtils.java:logGet(44)) - raft.server.rpc.request.timeout = 60s (custom)
2022-01-10 01:38:15,887 [c170d5b9-cf3d-4e56-89e7-d82e21136cb5@group-8921C0FE7E74-LeaderElection52] INFO  server.RaftServerConfigKeys (ConfUtils.java:logGet(44)) - raft.server.log.appender.install.snapshot.enabled = false (custom)
2022-01-10 01:38:15,888 [c170d5b9-cf3d-4e56-89e7-d82e21136cb5@group-8921C0FE7E74-LeaderElection52] INFO  server.RaftServerConfigKeys (ConfUtils.java:logGet(44)) - raft.server.log.appender.snapshot.chunk.size.max = 16MB (=16777216) (default)
2022-01-10 01:38:15,888 [c170d5b9-cf3d-4e56-89e7-d82e21136cb5@group-8921C0FE7E74-LeaderElection52] INFO  server.RaftServerConfigKeys (ConfUtils.java:logGet(44)) - raft.server.log.appender.buffer.byte-limit = 33554432 (custom)
2022-01-10 01:38:15,888 [c170d5b9-cf3d-4e56-89e7-d82e21136cb5@group-8921C0FE7E74-LeaderElection52] INFO  server.RaftServerConfigKeys (ConfUtils.java:logGet(44)) - raft.server.log.appender.buffer.element-limit = 1 (custom)
2022-01-10 01:38:15,888 [c170d5b9-cf3d-4e56-89e7-d82e21136cb5@group-8921C0FE7E74-LeaderElection52] INFO  grpc.GrpcConfigKeys (ConfUtils.java:logGet(44)) - raft.grpc.server.leader.outstanding.appends.max = 128 (default)
2022-01-10 01:38:15,888 [c170d5b9-cf3d-4e56-89e7-d82e21136cb5@group-8921C0FE7E74-LeaderElection52] INFO  server.RaftServerConfigKeys (ConfUtils.java:logGet(44)) - raft.server.rpc.request.timeout = 60s (custom)
2022-01-10 01:38:15,888 [c170d5b9-cf3d-4e56-89e7-d82e21136cb5@group-8921C0FE7E74-LeaderElection52] INFO  server.RaftServerConfigKeys (ConfUtils.java:logGet(44)) - raft.server.log.appender.install.snapshot.enabled = false (custom)
2022-01-10 01:38:15,889 [c170d5b9-cf3d-4e56-89e7-d82e21136cb5@group-8921C0FE7E74-LeaderElection52] INFO  impl.RoleInfo (RoleInfo.java:updateAndGet(130)) - c170d5b9-cf3d-4e56-89e7-d82e21136cb5: start c170d5b9-cf3d-4e56-89e7-d82e21136cb5@group-8921C0FE7E74-LeaderStateImpl
2022-01-10 01:38:15,889 [c170d5b9-cf3d-4e56-89e7-d82e21136cb5@group-8921C0FE7E74-LeaderElection52] INFO  segmented.SegmentedRaftLogWorker (SegmentedRaftLogWorker.java:startLogSegment(394)) - c170d5b9-cf3d-4e56-89e7-d82e21136cb5@group-8921C0FE7E74-SegmentedRaftLogWorker: Starting segment from index:0
2022-01-10 01:38:15,890 [EventQueue-PipelineReportForPipelineReportHandler] INFO  pipeline.PipelineManagerImpl (PipelineManagerImpl.java:openPipeline(291)) - Pipeline Pipeline[ Id: 4902a8e8-b5fa-4c10-9476-8921c0fe7e74, Nodes: 1cc2c250-a922-45e8-b8e5-f94197ece095{ip: 10.1.0.8, host: fv-az297-741.nmf1rxwemy4u5di1sxxf4ejcwb.jx.internal.cloudapp.net, ports: [REPLICATION=34441, RATIS=39065, RATIS_ADMIN=39065, RATIS_SERVER=39065, STANDALONE=42181], networkLocation: /default-rack, certSerialId: null, persistedOpState: IN_SERVICE, persistedOpStateExpiryEpochSec: 0}7c05103a-a8d8-44cf-9e6e-c5c97716da47{ip: 10.1.0.8, host: fv-az297-741.nmf1rxwemy4u5di1sxxf4ejcwb.jx.internal.cloudapp.net, ports: [REPLICATION=39637, RATIS=37605, RATIS_ADMIN=37605, RATIS_SERVER=37605, STANDALONE=37481], networkLocation: /default-rack, certSerialId: null, persistedOpState: IN_SERVICE, persistedOpStateExpiryEpochSec: 0}c170d5b9-cf3d-4e56-89e7-d82e21136cb5{ip: 10.1.0.8, host: fv-az297-741.nmf1rxwemy4u5di1sxxf4ejcwb.jx.internal.cloudapp.net, ports: [REPLICATION=44119, RATIS=44261, RATIS_ADMIN=44261, RATIS_SERVER=44261, STANDALONE=43307], networkLocation: /default-rack, certSerialId: null, persistedOpState: IN_SERVICE, persistedOpStateExpiryEpochSec: 0}, ReplicationConfig: RATIS/THREE, State:ALLOCATED, leaderId:c170d5b9-cf3d-4e56-89e7-d82e21136cb5, CreationTimestamp2022-01-10T01:38:02.923Z[Etc/UTC]] moved to OPEN state
2022-01-10 01:38:15,894 [EventQueue-OpenPipelineForHealthyPipelineSafeModeRule] INFO  safemode.SCMSafeModeManager (HealthyPipelineSafeModeRule.java:process(124)) - SCM in safe mode. Healthy pipelines reported count is 1, required healthy pipeline reported count is 1
2022-01-10 01:38:15,894 [EventQueue-OpenPipelineForHealthyPipelineSafeModeRule] INFO  safemode.SCMSafeModeManager (SCMSafeModeManager.java:validateSafeModeExitRules(204)) - HealthyPipelineSafeModeRule rule is successfully validated
2022-01-10 01:38:15,894 [EventQueue-OpenPipelineForHealthyPipelineSafeModeRule] INFO  safemode.SCMSafeModeManager (SCMSafeModeManager.java:validateSafeModeExitRules(219)) - ScmSafeModeManager, all rules are successfully validated
2022-01-10 01:38:15,894 [EventQueue-OpenPipelineForHealthyPipelineSafeModeRule] INFO  safemode.SCMSafeModeManager (SCMSafeModeManager.java:exitSafeMode(248)) - SCM exiting safe mode.
2022-01-10 01:38:15,894 [EventQueue-OpenPipelineForHealthyPipelineSafeModeRule] WARN  events.EventQueue (EventQueue.java:fireEvent(194)) - No event handler registered for event TypedEvent{payloadType=SafeModeStatus, name='Safe mode status'}
2022-01-10 01:38:15,894 [EventQueue-OpenPipelineForHealthyPipelineSafeModeRule] INFO  ha.SCMContext (SCMContext.java:updateSafeModeStatus(211)) - Update SafeModeStatus from SafeModeStatus{safeModeStatus=true, preCheckPassed=true} to SafeModeStatus{safeModeStatus=false, preCheckPassed=true}.
2022-01-10 01:38:15,894 [EventQueue-OpenPipelineForHealthyPipelineSafeModeRule] INFO  pipeline.BackgroundPipelineCreator (BackgroundPipelineCreator.java:notifyStatusChanged(264)) - Service BackgroundPipelineCreator transitions to RUNNING.
2022-01-10 01:38:15,894 [EventQueue-OpenPipelineForHealthyPipelineSafeModeRule] INFO  container.ReplicationManager (ReplicationManager.java:notifyStatusChanged(1758)) - Service ReplicationManager transitions to RUNNING.
2022-01-10 01:38:15,903 [Listener at 127.0.0.1/36119] INFO  ozone.MiniOzoneClusterImpl (MiniOzoneClusterImpl.java:lambda$waitForClusterToBeReady$0(235)) - Nodes are ready. Got 3 of 3 DN Heartbeats.
2022-01-10 01:38:15,907 [Listener at 127.0.0.1/36119] INFO  ozone.MiniOzoneClusterImpl (MiniOzoneClusterImpl.java:lambda$waitForClusterToBeReady$0(238)) - Cluster exits safe mode
2022-01-10 01:38:15,907 [Listener at 127.0.0.1/36119] INFO  ozone.MiniOzoneClusterImpl (MiniOzoneClusterImpl.java:lambda$waitForClusterToBeReady$0(240)) - SCM became leader
2022-01-10 01:38:15,904 [c170d5b9-cf3d-4e56-89e7-d82e21136cb5@group-8921C0FE7E74-SegmentedRaftLogWorker] INFO  segmented.SegmentedRaftLogWorker (SegmentedRaftLogWorker.java:execute(601)) - c170d5b9-cf3d-4e56-89e7-d82e21136cb5@group-8921C0FE7E74-SegmentedRaftLogWorker: created new log segment /home/runner/work/ozone/ozone/hadoop-ozone/integration-test/target/test-dir/MiniOzoneClusterImpl-7b7fc32a-99ce-43ed-b52b-39fc19fe0398/datanode-2/data/ratis/4902a8e8-b5fa-4c10-9476-8921c0fe7e74/current/log_inprogress_0
2022-01-10 01:38:15,946 [c170d5b9-cf3d-4e56-89e7-d82e21136cb5@group-8921C0FE7E74-LeaderElection52] INFO  server.RaftServer$Division (ServerState.java:setRaftConf(387)) - c170d5b9-cf3d-4e56-89e7-d82e21136cb5@group-8921C0FE7E74: set configuration 0: [c170d5b9-cf3d-4e56-89e7-d82e21136cb5|rpc:10.1.0.8:44261|dataStream:|priority:1, 1cc2c250-a922-45e8-b8e5-f94197ece095|rpc:10.1.0.8:39065|dataStream:|priority:0, 7c05103a-a8d8-44cf-9e6e-c5c97716da47|rpc:10.1.0.8:37605|dataStream:|priority:0], old=null
2022-01-10 01:38:15,918 [grpc-default-executor-0] INFO  ratis.XceiverServerRatis (XceiverServerRatis.java:handleLeaderChangedNotification(866)) - Leader change notification received for group: group-8921C0FE7E74 with new leaderId: c170d5b9-cf3d-4e56-89e7-d82e21136cb5
2022-01-10 01:38:15,947 [grpc-default-executor-2] INFO  ratis.XceiverServerRatis (XceiverServerRatis.java:handleLeaderChangedNotification(866)) - Leader change notification received for group: group-8921C0FE7E74 with new leaderId: c170d5b9-cf3d-4e56-89e7-d82e21136cb5
2022-01-10 01:38:15,947 [grpc-default-executor-2] INFO  server.RaftServer$Division (ServerState.java:setLeader(285)) - 1cc2c250-a922-45e8-b8e5-f94197ece095@group-8921C0FE7E74: change Leader from null to c170d5b9-cf3d-4e56-89e7-d82e21136cb5 at term 2 for appendEntries, leader elected after 10524ms
2022-01-10 01:38:15,947 [grpc-default-executor-0] INFO  server.RaftServer$Division (ServerState.java:setLeader(285)) - 7c05103a-a8d8-44cf-9e6e-c5c97716da47@group-8921C0FE7E74: change Leader from null to c170d5b9-cf3d-4e56-89e7-d82e21136cb5 at term 2 for appendEntries, leader elected after 10547ms
2022-01-10 01:38:15,950 [grpc-default-executor-2] INFO  server.RaftServer$Division (ServerState.java:setRaftConf(387)) - 1cc2c250-a922-45e8-b8e5-f94197ece095@group-8921C0FE7E74: set configuration 0: [c170d5b9-cf3d-4e56-89e7-d82e21136cb5|rpc:10.1.0.8:44261|dataStream:|priority:1, 1cc2c250-a922-45e8-b8e5-f94197ece095|rpc:10.1.0.8:39065|dataStream:|priority:0, 7c05103a-a8d8-44cf-9e6e-c5c97716da47|rpc:10.1.0.8:37605|dataStream:|priority:0], old=null
2022-01-10 01:38:15,950 [grpc-default-executor-2] INFO  segmented.SegmentedRaftLogWorker (SegmentedRaftLogWorker.java:startLogSegment(394)) - 1cc2c250-a922-45e8-b8e5-f94197ece095@group-8921C0FE7E74-SegmentedRaftLogWorker: Starting segment from index:0
2022-01-10 01:38:15,958 [1cc2c250-a922-45e8-b8e5-f94197ece095@group-8921C0FE7E74-SegmentedRaftLogWorker] INFO  segmented.SegmentedRaftLogWorker (SegmentedRaftLogWorker.java:execute(601)) - 1cc2c250-a922-45e8-b8e5-f94197ece095@group-8921C0FE7E74-SegmentedRaftLogWorker: created new log segment /home/runner/work/ozone/ozone/hadoop-ozone/integration-test/target/test-dir/MiniOzoneClusterImpl-7b7fc32a-99ce-43ed-b52b-39fc19fe0398/datanode-1/data/ratis/4902a8e8-b5fa-4c10-9476-8921c0fe7e74/current/log_inprogress_0
2022-01-10 01:38:15,994 [Listener at 127.0.0.1/36119] INFO  rpc.RpcClient (RpcClient.java:createVolume(389)) - Creating Volume: volume95938, with user38391 as owner and space quota set to -1 bytes, counts quota set to -1
2022-01-10 01:38:16,012 [grpc-default-executor-0] INFO  server.RaftServer$Division (ServerState.java:setRaftConf(387)) - 7c05103a-a8d8-44cf-9e6e-c5c97716da47@group-8921C0FE7E74: set configuration 0: [c170d5b9-cf3d-4e56-89e7-d82e21136cb5|rpc:10.1.0.8:44261|dataStream:|priority:1, 1cc2c250-a922-45e8-b8e5-f94197ece095|rpc:10.1.0.8:39065|dataStream:|priority:0, 7c05103a-a8d8-44cf-9e6e-c5c97716da47|rpc:10.1.0.8:37605|dataStream:|priority:0], old=null
2022-01-10 01:38:16,012 [grpc-default-executor-0] INFO  segmented.SegmentedRaftLogWorker (SegmentedRaftLogWorker.java:startLogSegment(394)) - 7c05103a-a8d8-44cf-9e6e-c5c97716da47@group-8921C0FE7E74-SegmentedRaftLogWorker: Starting segment from index:0
2022-01-10 01:38:16,013 [7c05103a-a8d8-44cf-9e6e-c5c97716da47@group-8921C0FE7E74-SegmentedRaftLogWorker] INFO  segmented.SegmentedRaftLogWorker (SegmentedRaftLogWorker.java:execute(601)) - 7c05103a-a8d8-44cf-9e6e-c5c97716da47@group-8921C0FE7E74-SegmentedRaftLogWorker: created new log segment /home/runner/work/ozone/ozone/hadoop-ozone/integration-test/target/test-dir/MiniOzoneClusterImpl-7b7fc32a-99ce-43ed-b52b-39fc19fe0398/datanode-0/data/ratis/4902a8e8-b5fa-4c10-9476-8921c0fe7e74/current/log_inprogress_0
2022-01-10 01:38:16,030 [OM StateMachine ApplyTransaction Thread - 0] INFO  volume.OMVolumeCreateRequest (OMVolumeCreateRequest.java:validateAndUpdateCache(195)) - created volume:volume95938 for user:user38391
2022-01-10 01:38:16,050 [Listener at 127.0.0.1/36119] INFO  rpc.RpcClient (RpcClient.java:createBucket(552)) - Creating Bucket: volume95938/bucket09597, with runner as owner and Versioning false and Storage Type set to DISK and Encryption set to false 
]]></system-out>
  </testcase>
  <testcase name="testRenameFile[3]" classname="org.apache.hadoop.fs.ozone.TestRootedOzoneFileSystem" time="0.124"/>
  <testcase name="testListStatusRootAndVolumeRecursive[3]" classname="org.apache.hadoop.fs.ozone.TestRootedOzoneFileSystem" time="0.917"/>
  <testcase name="testTempMount[3]" classname="org.apache.hadoop.fs.ozone.TestRootedOzoneFileSystem" time="0.299"/>
  <testcase name="testListStatusRootAndVolumeNonRecursive[3]" classname="org.apache.hadoop.fs.ozone.TestRootedOzoneFileSystem" time="0.495"/>
  <testcase name="testDeleteVolumeAndBucket[3]" classname="org.apache.hadoop.fs.ozone.TestRootedOzoneFileSystem" time="0.055"/>
  <testcase name="testRenameDirToItsOwnSubDir[3]" classname="org.apache.hadoop.fs.ozone.TestRootedOzoneFileSystem" time="0.056"/>
  <testcase name="testOzoneFsServiceLoader[3]" classname="org.apache.hadoop.fs.ozone.TestRootedOzoneFileSystem" time="0.056"/>
  <testcase name="testTrash[3]" classname="org.apache.hadoop.fs.ozone.TestRootedOzoneFileSystem" time="0">
    <skipped/>
  </testcase>
  <testcase name="testRenameDestinationParentDoesntExist[3]" classname="org.apache.hadoop.fs.ozone.TestRootedOzoneFileSystem" time="0.067"/>
  <testcase name="testGetFileStatusRoot[3]" classname="org.apache.hadoop.fs.ozone.TestRootedOzoneFileSystem" time="0.002"/>
  <testcase name="testCreateWithInvalidPaths[3]" classname="org.apache.hadoop.fs.ozone.TestRootedOzoneFileSystem" time="0.009"/>
  <testcase name="testDeleteEmptyVolume[3]" classname="org.apache.hadoop.fs.ozone.TestRootedOzoneFileSystem" time="0.044"/>
  <testcase name="testListStatusRootAndVolumeContinuation[3]" classname="org.apache.hadoop.fs.ozone.TestRootedOzoneFileSystem" time="1.092"/>
  <testcase name="testDeleteVolumeBucketAndKey[3]" classname="org.apache.hadoop.fs.ozone.TestRootedOzoneFileSystem" time="0.111"/>
  <testcase name="testRenameToParentDir[3]" classname="org.apache.hadoop.fs.ozone.TestRootedOzoneFileSystem" time="0.061"/>
  <testcase name="testMkdirNonExistentVolumeBucket[3]" classname="org.apache.hadoop.fs.ozone.TestRootedOzoneFileSystem" time="0.057"/>
  <testcase name="testFailToDeleteRoot[3]" classname="org.apache.hadoop.fs.ozone.TestRootedOzoneFileSystem" time="0.007"/>
  <testcase name="testListStatusOnSubDirs[3]" classname="org.apache.hadoop.fs.ozone.TestRootedOzoneFileSystem" time="0.052"/>
  <testcase name="testListStatus[3]" classname="org.apache.hadoop.fs.ozone.TestRootedOzoneFileSystem" time="0.031"/>
  <testcase name="testGetTrashRoots[3]" classname="org.apache.hadoop.fs.ozone.TestRootedOzoneFileSystem" time="0.541"/>
  <testcase name="testCreateDoesNotAddParentDirKeys[3]" classname="org.apache.hadoop.fs.ozone.TestRootedOzoneFileSystem" time="0.152"/>
  <testcase name="testMkdirNonExistentVolume[3]" classname="org.apache.hadoop.fs.ozone.TestRootedOzoneFileSystem" time="0.014"/>
  <testcase name="testDeleteCreatesFakeParentDir[3]" classname="org.apache.hadoop.fs.ozone.TestRootedOzoneFileSystem" time="0.118"/>
  <testcase name="testNonExplicitlyCreatedPathExistsAfterItsLeafsWereRemoved[3]" classname="org.apache.hadoop.fs.ozone.TestRootedOzoneFileSystem" time="0.045"/>
  <testcase name="testFileDelete[3]" classname="org.apache.hadoop.fs.ozone.TestRootedOzoneFileSystem" time="0.167"/>
  <testcase name="testRenameToTrashEnabled[3]" classname="org.apache.hadoop.fs.ozone.TestRootedOzoneFileSystem" time="0.3"/>
  <testcase name="testMkdirOnNonExistentVolumeBucketDir[3]" classname="org.apache.hadoop.fs.ozone.TestRootedOzoneFileSystem" time="0.083"/>
  <testcase name="testListStatusOnLargeDirectory[3]" classname="org.apache.hadoop.fs.ozone.TestRootedOzoneFileSystem" time="12.841"/>
  <testcase name="testRenameToDifferentBucket[3]" classname="org.apache.hadoop.fs.ozone.TestRootedOzoneFileSystem" time="0.089"/>
  <testcase name="testListStatusInBucket[3]" classname="org.apache.hadoop.fs.ozone.TestRootedOzoneFileSystem" time="0.038"/>
  <testcase name="testRenameFileToDir[3]" classname="org.apache.hadoop.fs.ozone.TestRootedOzoneFileSystem" time="0.135"/>
  <testcase name="testNonPrivilegedUserMkdirCreateBucket[4]" classname="org.apache.hadoop.fs.ozone.TestRootedOzoneFileSystem" time="0">
    <skipped message="ACL is not enabled. Skipping this test as it requires ACL to be enabled to be meaningful." type="org.junit.AssumptionViolatedException">org.junit.AssumptionViolatedException: ACL is not enabled. Skipping this test as it requires ACL to be enabled to be meaningful.
	at org.junit.Assume.assumeTrue(Assume.java:68)
	at org.apache.hadoop.fs.ozone.TestRootedOzoneFileSystem.testNonPrivilegedUserMkdirCreateBucket(TestRootedOzoneFileSystem.java:1582)
	at sun.reflect.NativeMethodAccessorImpl.invoke0(Native Method)
	at sun.reflect.NativeMethodAccessorImpl.invoke(NativeMethodAccessorImpl.java:62)
	at sun.reflect.DelegatingMethodAccessorImpl.invoke(DelegatingMethodAccessorImpl.java:43)
	at java.lang.reflect.Method.invoke(Method.java:498)
	at org.junit.runners.model.FrameworkMethod$1.runReflectiveCall(FrameworkMethod.java:59)
	at org.junit.internal.runners.model.ReflectiveCallable.run(ReflectiveCallable.java:12)
	at org.junit.runners.model.FrameworkMethod.invokeExplosively(FrameworkMethod.java:56)
	at org.junit.internal.runners.statements.InvokeMethod.evaluate(InvokeMethod.java:17)
	at org.junit.internal.runners.statements.FailOnTimeout$CallableStatement.call(FailOnTimeout.java:288)
	at org.junit.internal.runners.statements.FailOnTimeout$CallableStatement.call(FailOnTimeout.java:282)
	at java.util.concurrent.FutureTask.run(FutureTask.java:266)
	at java.lang.Thread.run(Thread.java:748)
</skipped>
    <system-out><![CDATA[2022-01-10 01:38:34,165 [Listener at 127.0.0.1/36119] INFO  ozone.MiniOzoneClusterImpl (MiniOzoneClusterImpl.java:shutdown(453)) - Shutting down the Mini Ozone Cluster
2022-01-10 01:38:34,166 [Listener at 127.0.0.1/36119] INFO  ozone.MiniOzoneClusterImpl (MiniOzoneClusterImpl.java:stop(468)) - Stopping the Mini Ozone Cluster
2022-01-10 01:38:34,166 [Listener at 127.0.0.1/36119] INFO  ozone.MiniOzoneClusterImpl (MiniOzoneClusterImpl.java:stopOM(550)) - Stopping the OzoneManager
2022-01-10 01:38:34,166 [Listener at 127.0.0.1/36119] INFO  om.OzoneManager (OzoneManager.java:stop(1893)) - om1[localhost:0]: Stopping Ozone Manager
2022-01-10 01:38:34,166 [Listener at 127.0.0.1/36119] INFO  ipc.Server (Server.java:stop(3414)) - Stopping server on 36119
2022-01-10 01:38:34,175 [IPC Server listener on 0] INFO  ipc.Server (Server.java:run(1376)) - Stopping IPC Server listener on 0
2022-01-10 01:38:34,183 [IPC Server Responder] INFO  ipc.Server (Server.java:run(1512)) - Stopping IPC Server Responder
2022-01-10 01:38:34,183 [Listener at 127.0.0.1/36119] INFO  server.RaftServer (RaftServerProxy.java:lambda$close$6(391)) - om1: close
2022-01-10 01:38:34,183 [Listener at 127.0.0.1/36119] INFO  server.RaftServer$Division (RaftServerImpl.java:lambda$close$4(412)) - om1@group-C5BA1605619E: shutdown
2022-01-10 01:38:34,184 [Listener at 127.0.0.1/36119] INFO  util.JmxRegister (JmxRegister.java:unregister(73)) - Successfully un-registered JMX Bean with object name Ratis:service=RaftServer,group=group-C5BA1605619E,id=om1
2022-01-10 01:38:34,184 [Listener at 127.0.0.1/36119] INFO  impl.RoleInfo (RoleInfo.java:shutdownLeaderState(91)) - om1: shutdown om1@group-C5BA1605619E-LeaderStateImpl
2022-01-10 01:38:34,184 [Listener at 127.0.0.1/36119] INFO  impl.PendingRequests (PendingRequests.java:sendNotLeaderResponses(282)) - om1@group-C5BA1605619E-PendingRequests: sendNotLeaderResponses
2022-01-10 01:38:34,186 [Listener at 127.0.0.1/36119] INFO  impl.StateMachineUpdater (StateMachineUpdater.java:stopAndJoin(149)) - om1@group-C5BA1605619E-StateMachineUpdater: set stopIndex = 6688
2022-01-10 01:38:34,186 [om1@group-C5BA1605619E-StateMachineUpdater] INFO  ratis.OzoneManagerStateMachine (OzoneManagerStateMachine.java:takeSnapshot(417)) - Current Snapshot Index (t:1, i:6688)
2022-01-10 01:38:34,187 [om1@group-C5BA1605619E-StateMachineUpdater] INFO  impl.StateMachineUpdater (StateMachineUpdater.java:takeSnapshot(281)) - om1@group-C5BA1605619E-StateMachineUpdater: Took a snapshot at index 6688
2022-01-10 01:38:34,187 [om1@group-C5BA1605619E-StateMachineUpdater] INFO  impl.StateMachineUpdater (StateMachineUpdater.java:lambda$new$0(89)) - om1@group-C5BA1605619E-StateMachineUpdater: snapshotIndex: updateIncreasingly -1 -> 6688
2022-01-10 01:38:34,187 [om1@group-C5BA1605619E-StateMachineUpdater] INFO  ratis.OzoneManagerStateMachine (OzoneManagerStateMachine.java:close(471)) - StateMachine has shutdown. Shutdown OzoneManager if not already shutdown.
2022-01-10 01:38:34,187 [Listener at 127.0.0.1/36119] INFO  server.RaftServer$Division (ServerState.java:close(419)) - om1@group-C5BA1605619E: closes. applyIndex: 6688
2022-01-10 01:38:34,187 [om1@group-C5BA1605619E-SegmentedRaftLogWorker] INFO  segmented.SegmentedRaftLogWorker (SegmentedRaftLogWorker.java:run(327)) - om1@group-C5BA1605619E-SegmentedRaftLogWorker was interrupted, exiting. There are 0 tasks remaining in the queue.
2022-01-10 01:38:34,188 [Listener at 127.0.0.1/36119] INFO  segmented.SegmentedRaftLogWorker (SegmentedRaftLogWorker.java:close(237)) - om1@group-C5BA1605619E-SegmentedRaftLogWorker close()
2022-01-10 01:38:34,189 [Listener at 127.0.0.1/36119] INFO  server.GrpcService (GrpcService.java:closeImpl(262)) - om1: shutdown server with port 9872 now
2022-01-10 01:38:34,190 [Listener at 127.0.0.1/36119] INFO  server.GrpcService (GrpcService.java:closeImpl(271)) - om1: shutdown server with port 9872 successfully
2022-01-10 01:38:34,190 [org.apache.ratis.util.JvmPauseMonitor$$Lambda$529/1957356322@598bc41e] INFO  util.JvmPauseMonitor (JvmPauseMonitor.java:run(109)) - JvmPauseMonitor-om1: Stopped
2022-01-10 01:38:34,190 [Listener at 127.0.0.1/36119] INFO  ratis.OzoneManagerDoubleBuffer (OzoneManagerDoubleBuffer.java:stop(437)) - Stopping OMDoubleBuffer flush thread
2022-01-10 01:38:34,190 [OMDoubleBufferFlushThread] INFO  ratis.OzoneManagerDoubleBuffer (OzoneManagerDoubleBuffer.java:flushTransactions(356)) - OMDoubleBuffer flush thread OMDoubleBufferFlushThread is interrupted and will exit. OMDoubleBufferFlushThread
2022-01-10 01:38:34,195 [Listener at 127.0.0.1/36119] INFO  utils.BackgroundService (BackgroundService.java:shutdown(132)) - Shutting down service KeyDeletingService
2022-01-10 01:38:34,203 [Listener at 127.0.0.1/36119] INFO  utils.BackgroundService (BackgroundService.java:shutdown(132)) - Shutting down service DirectoryDeletingService
2022-01-10 01:38:34,203 [Listener at 127.0.0.1/36119] INFO  handler.ContextHandler (ContextHandler.java:doStop(1153)) - Stopped o.e.j.w.WebAppContext@21545457{ozoneManager,/,null,STOPPED}{file:/home/runner/work/ozone/ozone/hadoop-ozone/integration-test/target/test-classes/webapps/ozoneManager}
2022-01-10 01:38:34,206 [Listener at 127.0.0.1/36119] INFO  server.AbstractConnector (AbstractConnector.java:doStop(381)) - Stopped ServerConnector@677dfaf0{HTTP/1.1, (http/1.1)}{0.0.0.0:0}
2022-01-10 01:38:34,206 [Listener at 127.0.0.1/36119] INFO  server.session (HouseKeeper.java:stopScavenging(149)) - node0 Stopped scavenging
2022-01-10 01:38:34,206 [Listener at 127.0.0.1/36119] INFO  handler.ContextHandler (ContextHandler.java:doStop(1153)) - Stopped o.e.j.s.ServletContextHandler@12909d67{static,/static,file:///home/runner/work/ozone/ozone/hadoop-ozone/integration-test/target/test-classes/webapps/static,STOPPED}
2022-01-10 01:38:34,207 [Listener at 127.0.0.1/36119] INFO  handler.ContextHandler (ContextHandler.java:doStop(1153)) - Stopped o.e.j.s.ServletContextHandler@760df8f{logs,/logs,file:///home/runner/work/ozone/ozone/hadoop-ozone/integration-test/target/log,STOPPED}
2022-01-10 01:38:34,214 [Trash Emptier] ERROR util.ExitUtils (ExitUtils.java:terminate(133)) - Terminating with exit status -1: Thread[Trash Emptier,5,main] has thrown an uncaught exception
java.lang.UnsupportedOperationException: fs.getUri() not implemented in TrashOzoneFileSystem
	at org.apache.hadoop.ozone.om.TrashOzoneFileSystem.getUri(TrashOzoneFileSystem.java:124)
	at org.apache.hadoop.fs.FileSystem.close(FileSystem.java:2592)
	at org.apache.hadoop.ozone.om.TrashPolicyOzone$Emptier.run(TrashPolicyOzone.java:243)
	at java.lang.Thread.run(Thread.java:748)
2022-01-10 01:38:34,215 [Listener at 127.0.0.1/36119] INFO  ozone.MiniOzoneClusterImpl (MiniOzoneClusterImpl.java:stopDatanodes(527)) - Stopping the HddsDatanodes
2022-01-10 01:38:34,875 [org.apache.ratis.util.JvmPauseMonitor$$Lambda$529/1957356322@7c429bbc] WARN  util.JvmPauseMonitor (JvmPauseMonitor.java:detectPause(124)) - JvmPauseMonitor-7c05103a-a8d8-44cf-9e6e-c5c97716da47: Detected pause in JVM or host machine (eg GC): pause of approximately 245755810ns.
GC pool 'PS MarkSweep' had collection(s): count=1 time=230ms
GC pool 'PS Scavenge' had collection(s): count=1 time=14ms
2022-01-10 01:38:36,093 [c170d5b9-cf3d-4e56-89e7-d82e21136cb5@group-1378E56E65CB-FollowerState] INFO  impl.FollowerState (FollowerState.java:run(134)) - c170d5b9-cf3d-4e56-89e7-d82e21136cb5@group-1378E56E65CB-FollowerState: change to CANDIDATE, lastRpcElapsedTime:5020281476ns, electionTimeout:5020ms
2022-01-10 01:38:36,094 [c170d5b9-cf3d-4e56-89e7-d82e21136cb5@group-1378E56E65CB-FollowerState] INFO  impl.RoleInfo (RoleInfo.java:shutdownFollowerState(108)) - c170d5b9-cf3d-4e56-89e7-d82e21136cb5: shutdown c170d5b9-cf3d-4e56-89e7-d82e21136cb5@group-1378E56E65CB-FollowerState
2022-01-10 01:38:36,094 [c170d5b9-cf3d-4e56-89e7-d82e21136cb5@group-1378E56E65CB-FollowerState] INFO  server.RaftServer$Division (RaftServerImpl.java:setRole(290)) - c170d5b9-cf3d-4e56-89e7-d82e21136cb5@group-1378E56E65CB: changes role from  FOLLOWER to CANDIDATE at term 5 for changeToCandidate
2022-01-10 01:38:36,094 [c170d5b9-cf3d-4e56-89e7-d82e21136cb5@group-1378E56E65CB-FollowerState] INFO  server.RaftServerConfigKeys (ConfUtils.java:logGet(44)) - raft.server.leaderelection.pre-vote = false (custom)
2022-01-10 01:38:36,094 [c170d5b9-cf3d-4e56-89e7-d82e21136cb5@group-1378E56E65CB-FollowerState] INFO  impl.RoleInfo (RoleInfo.java:updateAndGet(130)) - c170d5b9-cf3d-4e56-89e7-d82e21136cb5: start c170d5b9-cf3d-4e56-89e7-d82e21136cb5@group-1378E56E65CB-LeaderElection59
2022-01-10 01:38:36,120 [c170d5b9-cf3d-4e56-89e7-d82e21136cb5@group-1378E56E65CB-LeaderElection59] INFO  impl.LeaderElection (LeaderElection.java:askForVotes(306)) - c170d5b9-cf3d-4e56-89e7-d82e21136cb5@group-1378E56E65CB-LeaderElection59 ELECTION round 0: submit vote requests at term 6 for -1: [c170d5b9-cf3d-4e56-89e7-d82e21136cb5|rpc:10.1.0.8:44261|dataStream:|priority:0, 1cc2c250-a922-45e8-b8e5-f94197ece095|rpc:10.1.0.8:39065|dataStream:|priority:1, 7c05103a-a8d8-44cf-9e6e-c5c97716da47|rpc:10.1.0.8:37605|dataStream:|priority:0], old=null
2022-01-10 01:38:36,144 [grpc-default-executor-2] INFO  server.RaftServer$Division (RaftServerImpl.java:requestVote(1046)) - 1cc2c250-a922-45e8-b8e5-f94197ece095@group-1378E56E65CB: receive requestVote(ELECTION, c170d5b9-cf3d-4e56-89e7-d82e21136cb5, group-1378E56E65CB, 6, (t:0, i:0))
2022-01-10 01:38:36,144 [grpc-default-executor-2] INFO  impl.VoteContext (VoteContext.java:log(48)) - 1cc2c250-a922-45e8-b8e5-f94197ece095@group-1378E56E65CB-FOLLOWER: reject ELECTION from c170d5b9-cf3d-4e56-89e7-d82e21136cb5: our priority 1 > candidate's priority 0
2022-01-10 01:38:36,144 [grpc-default-executor-2] INFO  server.RaftServer$Division (RaftServerImpl.java:setRole(290)) - 1cc2c250-a922-45e8-b8e5-f94197ece095@group-1378E56E65CB: changes role from  FOLLOWER to FOLLOWER at term 6 for candidate:c170d5b9-cf3d-4e56-89e7-d82e21136cb5
2022-01-10 01:38:36,144 [grpc-default-executor-2] INFO  impl.RoleInfo (RoleInfo.java:shutdownFollowerState(108)) - 1cc2c250-a922-45e8-b8e5-f94197ece095: shutdown 1cc2c250-a922-45e8-b8e5-f94197ece095@group-1378E56E65CB-FollowerState
2022-01-10 01:38:36,147 [1cc2c250-a922-45e8-b8e5-f94197ece095@group-1378E56E65CB-FollowerState] INFO  impl.FollowerState (FollowerState.java:run(143)) - 1cc2c250-a922-45e8-b8e5-f94197ece095@group-1378E56E65CB-FollowerState was interrupted: {}
java.lang.InterruptedException: sleep interrupted
	at java.lang.Thread.sleep(Native Method)
	at java.lang.Thread.sleep(Thread.java:340)
	at java.util.concurrent.TimeUnit.sleep(TimeUnit.java:386)
	at org.apache.ratis.util.TimeDuration.sleep(TimeDuration.java:324)
	at org.apache.ratis.util.TimeDuration.sleep(TimeDuration.java:309)
	at org.apache.ratis.server.impl.FollowerState.run(FollowerState.java:118)
2022-01-10 01:38:36,147 [grpc-default-executor-2] INFO  impl.RoleInfo (RoleInfo.java:updateAndGet(130)) - 1cc2c250-a922-45e8-b8e5-f94197ece095: start 1cc2c250-a922-45e8-b8e5-f94197ece095@group-1378E56E65CB-FollowerState
2022-01-10 01:38:36,167 [grpc-default-executor-2] INFO  server.RaftServer$Division (RaftServerImpl.java:requestVote(1078)) - 1cc2c250-a922-45e8-b8e5-f94197ece095@group-1378E56E65CB replies to ELECTION vote request: c170d5b9-cf3d-4e56-89e7-d82e21136cb5<-1cc2c250-a922-45e8-b8e5-f94197ece095#0:FAIL-t6. Peer's state: 1cc2c250-a922-45e8-b8e5-f94197ece095@group-1378E56E65CB:t6, leader=null, voted=null, raftlog=1cc2c250-a922-45e8-b8e5-f94197ece095@group-1378E56E65CB-SegmentedRaftLog:OPENED:c-1, conf=-1: [c170d5b9-cf3d-4e56-89e7-d82e21136cb5|rpc:10.1.0.8:44261|dataStream:|priority:0, 1cc2c250-a922-45e8-b8e5-f94197ece095|rpc:10.1.0.8:39065|dataStream:|priority:1, 7c05103a-a8d8-44cf-9e6e-c5c97716da47|rpc:10.1.0.8:37605|dataStream:|priority:0], old=null
2022-01-10 01:38:36,169 [c170d5b9-cf3d-4e56-89e7-d82e21136cb5@group-1378E56E65CB-LeaderElection59] INFO  impl.LeaderElection (LeaderElection.java:logAndReturn(89)) - c170d5b9-cf3d-4e56-89e7-d82e21136cb5@group-1378E56E65CB-LeaderElection59: ELECTION REJECTED received 1 response(s) and 0 exception(s):
2022-01-10 01:38:36,169 [c170d5b9-cf3d-4e56-89e7-d82e21136cb5@group-1378E56E65CB-LeaderElection59] INFO  impl.LeaderElection (LeaderElection.java:logAndReturn(93)) -   Response 0: c170d5b9-cf3d-4e56-89e7-d82e21136cb5<-1cc2c250-a922-45e8-b8e5-f94197ece095#0:FAIL-t6
2022-01-10 01:38:36,169 [c170d5b9-cf3d-4e56-89e7-d82e21136cb5@group-1378E56E65CB-LeaderElection59] INFO  impl.LeaderElection (LeaderElection.java:askForVotes(308)) - c170d5b9-cf3d-4e56-89e7-d82e21136cb5@group-1378E56E65CB-LeaderElection59 ELECTION round 0: result REJECTED
2022-01-10 01:38:36,170 [c170d5b9-cf3d-4e56-89e7-d82e21136cb5@group-1378E56E65CB-LeaderElection59] INFO  server.RaftServer$Division (RaftServerImpl.java:setRole(290)) - c170d5b9-cf3d-4e56-89e7-d82e21136cb5@group-1378E56E65CB: changes role from CANDIDATE to FOLLOWER at term 6 for REJECTED
2022-01-10 01:38:36,170 [c170d5b9-cf3d-4e56-89e7-d82e21136cb5@group-1378E56E65CB-LeaderElection59] INFO  impl.RoleInfo (RoleInfo.java:shutdownLeaderElection(121)) - c170d5b9-cf3d-4e56-89e7-d82e21136cb5: shutdown c170d5b9-cf3d-4e56-89e7-d82e21136cb5@group-1378E56E65CB-LeaderElection59
2022-01-10 01:38:36,170 [c170d5b9-cf3d-4e56-89e7-d82e21136cb5@group-1378E56E65CB-LeaderElection59] INFO  impl.RoleInfo (RoleInfo.java:updateAndGet(130)) - c170d5b9-cf3d-4e56-89e7-d82e21136cb5: start c170d5b9-cf3d-4e56-89e7-d82e21136cb5@group-1378E56E65CB-FollowerState
2022-01-10 01:38:36,177 [grpc-default-executor-2] INFO  server.RaftServer$Division (RaftServerImpl.java:requestVote(1046)) - 7c05103a-a8d8-44cf-9e6e-c5c97716da47@group-1378E56E65CB: receive requestVote(ELECTION, c170d5b9-cf3d-4e56-89e7-d82e21136cb5, group-1378E56E65CB, 6, (t:0, i:0))
2022-01-10 01:38:36,178 [grpc-default-executor-2] INFO  impl.VoteContext (VoteContext.java:log(48)) - 7c05103a-a8d8-44cf-9e6e-c5c97716da47@group-1378E56E65CB-FOLLOWER: accept ELECTION from c170d5b9-cf3d-4e56-89e7-d82e21136cb5: our priority 0 <= candidate's priority 0
2022-01-10 01:38:36,178 [grpc-default-executor-2] INFO  server.RaftServer$Division (RaftServerImpl.java:setRole(290)) - 7c05103a-a8d8-44cf-9e6e-c5c97716da47@group-1378E56E65CB: changes role from  FOLLOWER to FOLLOWER at term 6 for candidate:c170d5b9-cf3d-4e56-89e7-d82e21136cb5
2022-01-10 01:38:36,178 [grpc-default-executor-2] INFO  impl.RoleInfo (RoleInfo.java:shutdownFollowerState(108)) - 7c05103a-a8d8-44cf-9e6e-c5c97716da47: shutdown 7c05103a-a8d8-44cf-9e6e-c5c97716da47@group-1378E56E65CB-FollowerState
2022-01-10 01:38:36,178 [grpc-default-executor-2] INFO  impl.RoleInfo (RoleInfo.java:updateAndGet(130)) - 7c05103a-a8d8-44cf-9e6e-c5c97716da47: start 7c05103a-a8d8-44cf-9e6e-c5c97716da47@group-1378E56E65CB-FollowerState
2022-01-10 01:38:36,181 [7c05103a-a8d8-44cf-9e6e-c5c97716da47@group-1378E56E65CB-FollowerState] INFO  impl.FollowerState (FollowerState.java:run(143)) - 7c05103a-a8d8-44cf-9e6e-c5c97716da47@group-1378E56E65CB-FollowerState was interrupted: {}
java.lang.InterruptedException: sleep interrupted
	at java.lang.Thread.sleep(Native Method)
	at java.lang.Thread.sleep(Thread.java:340)
	at java.util.concurrent.TimeUnit.sleep(TimeUnit.java:386)
	at org.apache.ratis.util.TimeDuration.sleep(TimeDuration.java:324)
	at org.apache.ratis.util.TimeDuration.sleep(TimeDuration.java:309)
	at org.apache.ratis.server.impl.FollowerState.run(FollowerState.java:118)
2022-01-10 01:38:36,206 [grpc-default-executor-2] INFO  server.RaftServer$Division (RaftServerImpl.java:requestVote(1078)) - 7c05103a-a8d8-44cf-9e6e-c5c97716da47@group-1378E56E65CB replies to ELECTION vote request: c170d5b9-cf3d-4e56-89e7-d82e21136cb5<-7c05103a-a8d8-44cf-9e6e-c5c97716da47#0:OK-t6. Peer's state: 7c05103a-a8d8-44cf-9e6e-c5c97716da47@group-1378E56E65CB:t6, leader=null, voted=c170d5b9-cf3d-4e56-89e7-d82e21136cb5, raftlog=7c05103a-a8d8-44cf-9e6e-c5c97716da47@group-1378E56E65CB-SegmentedRaftLog:OPENED:c-1, conf=-1: [c170d5b9-cf3d-4e56-89e7-d82e21136cb5|rpc:10.1.0.8:44261|priority:0, 1cc2c250-a922-45e8-b8e5-f94197ece095|rpc:10.1.0.8:39065|priority:1, 7c05103a-a8d8-44cf-9e6e-c5c97716da47|rpc:10.1.0.8:37605|priority:0], old=null
2022-01-10 01:38:39,217 [Listener at 127.0.0.1/36119] INFO  ozoneimpl.OzoneContainer (OzoneContainer.java:stop(336)) - Attempting to stop container services.
2022-01-10 01:38:39,220 [ForkJoinPool.commonPool-worker-1] INFO  ozoneimpl.OzoneContainer (OzoneContainer.java:stop(336)) - Attempting to stop container services.
2022-01-10 01:38:39,242 [ForkJoinPool.commonPool-worker-1] INFO  server.RaftServer (RaftServerProxy.java:lambda$close$6(391)) - 7c05103a-a8d8-44cf-9e6e-c5c97716da47: close
2022-01-10 01:38:39,242 [ForkJoinPool.commonPool-worker-1] INFO  server.RaftServer$Division (RaftServerImpl.java:lambda$close$4(412)) - 7c05103a-a8d8-44cf-9e6e-c5c97716da47@group-98FAA841F3D0: shutdown
2022-01-10 01:38:39,242 [ForkJoinPool.commonPool-worker-1] INFO  util.JmxRegister (JmxRegister.java:unregister(73)) - Successfully un-registered JMX Bean with object name Ratis:service=RaftServer,group=group-98FAA841F3D0,id=7c05103a-a8d8-44cf-9e6e-c5c97716da47
2022-01-10 01:38:39,242 [ForkJoinPool.commonPool-worker-1] INFO  impl.RoleInfo (RoleInfo.java:shutdownLeaderState(91)) - 7c05103a-a8d8-44cf-9e6e-c5c97716da47: shutdown 7c05103a-a8d8-44cf-9e6e-c5c97716da47@group-98FAA841F3D0-LeaderStateImpl
2022-01-10 01:38:39,242 [ForkJoinPool.commonPool-worker-1] INFO  impl.PendingRequests (PendingRequests.java:sendNotLeaderResponses(282)) - 7c05103a-a8d8-44cf-9e6e-c5c97716da47@group-98FAA841F3D0-PendingRequests: sendNotLeaderResponses
2022-01-10 01:38:39,243 [ForkJoinPool.commonPool-worker-1] INFO  impl.StateMachineUpdater (StateMachineUpdater.java:stopAndJoin(149)) - 7c05103a-a8d8-44cf-9e6e-c5c97716da47@group-98FAA841F3D0-StateMachineUpdater: set stopIndex = 0
2022-01-10 01:38:39,244 [7c05103a-a8d8-44cf-9e6e-c5c97716da47@group-98FAA841F3D0-StateMachineUpdater] INFO  ratis.ContainerStateMachine (ContainerStateMachine.java:takeSnapshot(299)) - group-98FAA841F3D0: Taking a snapshot at:(t:1, i:0) file /home/runner/work/ozone/ozone/hadoop-ozone/integration-test/target/test-dir/MiniOzoneClusterImpl-7b7fc32a-99ce-43ed-b52b-39fc19fe0398/datanode-0/data/ratis/c844328b-46c6-4269-9c3c-98faa841f3d0/sm/snapshot.1_0
2022-01-10 01:38:39,245 [Listener at 127.0.0.1/36119] INFO  server.RaftServer (RaftServerProxy.java:lambda$close$6(391)) - 1cc2c250-a922-45e8-b8e5-f94197ece095: close
2022-01-10 01:38:39,245 [Listener at 127.0.0.1/36119] INFO  server.RaftServer$Division (RaftServerImpl.java:lambda$close$4(412)) - 1cc2c250-a922-45e8-b8e5-f94197ece095@group-1378E56E65CB: shutdown
2022-01-10 01:38:39,245 [Listener at 127.0.0.1/36119] INFO  util.JmxRegister (JmxRegister.java:unregister(73)) - Successfully un-registered JMX Bean with object name Ratis:service=RaftServer,group=group-1378E56E65CB,id=1cc2c250-a922-45e8-b8e5-f94197ece095
2022-01-10 01:38:39,245 [Listener at 127.0.0.1/36119] INFO  impl.RoleInfo (RoleInfo.java:shutdownFollowerState(108)) - 1cc2c250-a922-45e8-b8e5-f94197ece095: shutdown 1cc2c250-a922-45e8-b8e5-f94197ece095@group-1378E56E65CB-FollowerState
2022-01-10 01:38:39,246 [Listener at 127.0.0.1/36119] INFO  impl.StateMachineUpdater (StateMachineUpdater.java:stopAndJoin(149)) - 1cc2c250-a922-45e8-b8e5-f94197ece095@group-1378E56E65CB-StateMachineUpdater: set stopIndex = -1
2022-01-10 01:38:39,246 [1cc2c250-a922-45e8-b8e5-f94197ece095@group-1378E56E65CB-FollowerState] INFO  impl.FollowerState (FollowerState.java:run(143)) - 1cc2c250-a922-45e8-b8e5-f94197ece095@group-1378E56E65CB-FollowerState was interrupted: {}
java.lang.InterruptedException: sleep interrupted
	at java.lang.Thread.sleep(Native Method)
	at java.lang.Thread.sleep(Thread.java:340)
	at java.util.concurrent.TimeUnit.sleep(TimeUnit.java:386)
	at org.apache.ratis.util.TimeDuration.sleep(TimeDuration.java:324)
	at org.apache.ratis.util.TimeDuration.sleep(TimeDuration.java:309)
	at org.apache.ratis.server.impl.FollowerState.run(FollowerState.java:118)
2022-01-10 01:38:39,245 [7c05103a-a8d8-44cf-9e6e-c5c97716da47@group-98FAA841F3D0-StateMachineUpdater] INFO  ratis.ContainerStateMachine (ContainerStateMachine.java:takeSnapshot(310)) - group-98FAA841F3D0: Finished taking a snapshot at:(t:1, i:0) file:/home/runner/work/ozone/ozone/hadoop-ozone/integration-test/target/test-dir/MiniOzoneClusterImpl-7b7fc32a-99ce-43ed-b52b-39fc19fe0398/datanode-0/data/ratis/c844328b-46c6-4269-9c3c-98faa841f3d0/sm/snapshot.1_0 took: 2 ms
2022-01-10 01:38:39,264 [7c05103a-a8d8-44cf-9e6e-c5c97716da47@group-98FAA841F3D0-StateMachineUpdater] INFO  impl.StateMachineUpdater (StateMachineUpdater.java:takeSnapshot(281)) - 7c05103a-a8d8-44cf-9e6e-c5c97716da47@group-98FAA841F3D0-StateMachineUpdater: Took a snapshot at index 0
2022-01-10 01:38:39,264 [7c05103a-a8d8-44cf-9e6e-c5c97716da47@group-98FAA841F3D0-StateMachineUpdater] INFO  impl.StateMachineUpdater (StateMachineUpdater.java:lambda$new$0(89)) - 7c05103a-a8d8-44cf-9e6e-c5c97716da47@group-98FAA841F3D0-StateMachineUpdater: snapshotIndex: updateIncreasingly -1 -> 0
2022-01-10 01:38:39,265 [ForkJoinPool.commonPool-worker-1] INFO  server.RaftServer$Division (ServerState.java:close(419)) - 7c05103a-a8d8-44cf-9e6e-c5c97716da47@group-98FAA841F3D0: closes. applyIndex: 0
2022-01-10 01:38:39,260 [Listener at 127.0.0.1/36119] INFO  server.RaftServer$Division (ServerState.java:close(419)) - 1cc2c250-a922-45e8-b8e5-f94197ece095@group-1378E56E65CB: closes. applyIndex: -1
2022-01-10 01:38:39,265 [7c05103a-a8d8-44cf-9e6e-c5c97716da47@group-98FAA841F3D0-SegmentedRaftLogWorker] INFO  segmented.SegmentedRaftLogWorker (SegmentedRaftLogWorker.java:run(327)) - 7c05103a-a8d8-44cf-9e6e-c5c97716da47@group-98FAA841F3D0-SegmentedRaftLogWorker was interrupted, exiting. There are 0 tasks remaining in the queue.
2022-01-10 01:38:39,265 [1cc2c250-a922-45e8-b8e5-f94197ece095@group-1378E56E65CB-SegmentedRaftLogWorker] INFO  segmented.SegmentedRaftLogWorker (SegmentedRaftLogWorker.java:run(327)) - 1cc2c250-a922-45e8-b8e5-f94197ece095@group-1378E56E65CB-SegmentedRaftLogWorker was interrupted, exiting. There are 0 tasks remaining in the queue.
2022-01-10 01:38:39,265 [ForkJoinPool.commonPool-worker-1] INFO  segmented.SegmentedRaftLogWorker (SegmentedRaftLogWorker.java:close(237)) - 7c05103a-a8d8-44cf-9e6e-c5c97716da47@group-98FAA841F3D0-SegmentedRaftLogWorker close()
2022-01-10 01:38:39,265 [Listener at 127.0.0.1/36119] INFO  segmented.SegmentedRaftLogWorker (SegmentedRaftLogWorker.java:close(237)) - 1cc2c250-a922-45e8-b8e5-f94197ece095@group-1378E56E65CB-SegmentedRaftLogWorker close()
2022-01-10 01:38:39,266 [Listener at 127.0.0.1/36119] INFO  server.RaftServer$Division (RaftServerImpl.java:lambda$close$4(412)) - 1cc2c250-a922-45e8-b8e5-f94197ece095@group-209C6AF15B30: shutdown
2022-01-10 01:38:39,267 [Listener at 127.0.0.1/36119] INFO  util.JmxRegister (JmxRegister.java:unregister(73)) - Successfully un-registered JMX Bean with object name Ratis:service=RaftServer,group=group-209C6AF15B30,id=1cc2c250-a922-45e8-b8e5-f94197ece095
2022-01-10 01:38:39,267 [Listener at 127.0.0.1/36119] INFO  impl.RoleInfo (RoleInfo.java:shutdownLeaderState(91)) - 1cc2c250-a922-45e8-b8e5-f94197ece095: shutdown 1cc2c250-a922-45e8-b8e5-f94197ece095@group-209C6AF15B30-LeaderStateImpl
2022-01-10 01:38:39,267 [Listener at 127.0.0.1/36119] INFO  impl.PendingRequests (PendingRequests.java:sendNotLeaderResponses(282)) - 1cc2c250-a922-45e8-b8e5-f94197ece095@group-209C6AF15B30-PendingRequests: sendNotLeaderResponses
2022-01-10 01:38:39,268 [Listener at 127.0.0.1/36119] INFO  impl.StateMachineUpdater (StateMachineUpdater.java:stopAndJoin(149)) - 1cc2c250-a922-45e8-b8e5-f94197ece095@group-209C6AF15B30-StateMachineUpdater: set stopIndex = 0
2022-01-10 01:38:39,268 [1cc2c250-a922-45e8-b8e5-f94197ece095@group-209C6AF15B30-StateMachineUpdater] INFO  ratis.ContainerStateMachine (ContainerStateMachine.java:takeSnapshot(299)) - group-209C6AF15B30: Taking a snapshot at:(t:1, i:0) file /home/runner/work/ozone/ozone/hadoop-ozone/integration-test/target/test-dir/MiniOzoneClusterImpl-7b7fc32a-99ce-43ed-b52b-39fc19fe0398/datanode-1/data/ratis/874b157e-908b-4812-91da-209c6af15b30/sm/snapshot.1_0
2022-01-10 01:38:39,268 [ForkJoinPool.commonPool-worker-1] INFO  server.RaftServer$Division (RaftServerImpl.java:lambda$close$4(412)) - 7c05103a-a8d8-44cf-9e6e-c5c97716da47@group-1378E56E65CB: shutdown
2022-01-10 01:38:39,268 [ForkJoinPool.commonPool-worker-1] INFO  util.JmxRegister (JmxRegister.java:unregister(73)) - Successfully un-registered JMX Bean with object name Ratis:service=RaftServer,group=group-1378E56E65CB,id=7c05103a-a8d8-44cf-9e6e-c5c97716da47
2022-01-10 01:38:39,268 [ForkJoinPool.commonPool-worker-1] INFO  impl.RoleInfo (RoleInfo.java:shutdownFollowerState(108)) - 7c05103a-a8d8-44cf-9e6e-c5c97716da47: shutdown 7c05103a-a8d8-44cf-9e6e-c5c97716da47@group-1378E56E65CB-FollowerState
2022-01-10 01:38:39,268 [ForkJoinPool.commonPool-worker-1] INFO  impl.StateMachineUpdater (StateMachineUpdater.java:stopAndJoin(149)) - 7c05103a-a8d8-44cf-9e6e-c5c97716da47@group-1378E56E65CB-StateMachineUpdater: set stopIndex = -1
2022-01-10 01:38:39,269 [ForkJoinPool.commonPool-worker-1] INFO  server.RaftServer$Division (ServerState.java:close(419)) - 7c05103a-a8d8-44cf-9e6e-c5c97716da47@group-1378E56E65CB: closes. applyIndex: -1
2022-01-10 01:38:39,269 [7c05103a-a8d8-44cf-9e6e-c5c97716da47@group-1378E56E65CB-SegmentedRaftLogWorker] INFO  segmented.SegmentedRaftLogWorker (SegmentedRaftLogWorker.java:run(327)) - 7c05103a-a8d8-44cf-9e6e-c5c97716da47@group-1378E56E65CB-SegmentedRaftLogWorker was interrupted, exiting. There are 0 tasks remaining in the queue.
2022-01-10 01:38:39,269 [ForkJoinPool.commonPool-worker-1] INFO  segmented.SegmentedRaftLogWorker (SegmentedRaftLogWorker.java:close(237)) - 7c05103a-a8d8-44cf-9e6e-c5c97716da47@group-1378E56E65CB-SegmentedRaftLogWorker close()
2022-01-10 01:38:39,270 [1cc2c250-a922-45e8-b8e5-f94197ece095@group-209C6AF15B30-StateMachineUpdater] INFO  ratis.ContainerStateMachine (ContainerStateMachine.java:takeSnapshot(310)) - group-209C6AF15B30: Finished taking a snapshot at:(t:1, i:0) file:/home/runner/work/ozone/ozone/hadoop-ozone/integration-test/target/test-dir/MiniOzoneClusterImpl-7b7fc32a-99ce-43ed-b52b-39fc19fe0398/datanode-1/data/ratis/874b157e-908b-4812-91da-209c6af15b30/sm/snapshot.1_0 took: 2 ms
2022-01-10 01:38:39,270 [1cc2c250-a922-45e8-b8e5-f94197ece095@group-209C6AF15B30-StateMachineUpdater] INFO  impl.StateMachineUpdater (StateMachineUpdater.java:takeSnapshot(281)) - 1cc2c250-a922-45e8-b8e5-f94197ece095@group-209C6AF15B30-StateMachineUpdater: Took a snapshot at index 0
2022-01-10 01:38:39,270 [1cc2c250-a922-45e8-b8e5-f94197ece095@group-209C6AF15B30-StateMachineUpdater] INFO  impl.StateMachineUpdater (StateMachineUpdater.java:lambda$new$0(89)) - 1cc2c250-a922-45e8-b8e5-f94197ece095@group-209C6AF15B30-StateMachineUpdater: snapshotIndex: updateIncreasingly -1 -> 0
2022-01-10 01:38:39,270 [ForkJoinPool.commonPool-worker-1] INFO  server.RaftServer$Division (RaftServerImpl.java:lambda$close$4(412)) - 7c05103a-a8d8-44cf-9e6e-c5c97716da47@group-8921C0FE7E74: shutdown
2022-01-10 01:38:39,270 [ForkJoinPool.commonPool-worker-1] INFO  util.JmxRegister (JmxRegister.java:unregister(73)) - Successfully un-registered JMX Bean with object name Ratis:service=RaftServer,group=group-8921C0FE7E74,id=7c05103a-a8d8-44cf-9e6e-c5c97716da47
2022-01-10 01:38:39,270 [ForkJoinPool.commonPool-worker-1] INFO  impl.RoleInfo (RoleInfo.java:shutdownFollowerState(108)) - 7c05103a-a8d8-44cf-9e6e-c5c97716da47: shutdown 7c05103a-a8d8-44cf-9e6e-c5c97716da47@group-8921C0FE7E74-FollowerState
2022-01-10 01:38:39,270 [ForkJoinPool.commonPool-worker-1] INFO  impl.StateMachineUpdater (StateMachineUpdater.java:stopAndJoin(149)) - 7c05103a-a8d8-44cf-9e6e-c5c97716da47@group-8921C0FE7E74-StateMachineUpdater: set stopIndex = 46
2022-01-10 01:38:39,270 [Listener at 127.0.0.1/36119] INFO  server.RaftServer$Division (ServerState.java:close(419)) - 1cc2c250-a922-45e8-b8e5-f94197ece095@group-209C6AF15B30: closes. applyIndex: 0
2022-01-10 01:38:39,271 [7c05103a-a8d8-44cf-9e6e-c5c97716da47@group-8921C0FE7E74-FollowerState] INFO  impl.FollowerState (FollowerState.java:run(143)) - 7c05103a-a8d8-44cf-9e6e-c5c97716da47@group-8921C0FE7E74-FollowerState was interrupted: {}
java.lang.InterruptedException: sleep interrupted
	at java.lang.Thread.sleep(Native Method)
	at java.lang.Thread.sleep(Thread.java:340)
	at java.util.concurrent.TimeUnit.sleep(TimeUnit.java:386)
	at org.apache.ratis.util.TimeDuration.sleep(TimeDuration.java:324)
	at org.apache.ratis.util.TimeDuration.sleep(TimeDuration.java:309)
	at org.apache.ratis.server.impl.FollowerState.run(FollowerState.java:118)
2022-01-10 01:38:39,271 [7c05103a-a8d8-44cf-9e6e-c5c97716da47@group-8921C0FE7E74-StateMachineUpdater] INFO  ratis.ContainerStateMachine (ContainerStateMachine.java:takeSnapshot(299)) - group-8921C0FE7E74: Taking a snapshot at:(t:2, i:46) file /home/runner/work/ozone/ozone/hadoop-ozone/integration-test/target/test-dir/MiniOzoneClusterImpl-7b7fc32a-99ce-43ed-b52b-39fc19fe0398/datanode-0/data/ratis/4902a8e8-b5fa-4c10-9476-8921c0fe7e74/sm/snapshot.2_46
2022-01-10 01:38:39,271 [1cc2c250-a922-45e8-b8e5-f94197ece095@group-209C6AF15B30-SegmentedRaftLogWorker] INFO  segmented.SegmentedRaftLogWorker (SegmentedRaftLogWorker.java:run(327)) - 1cc2c250-a922-45e8-b8e5-f94197ece095@group-209C6AF15B30-SegmentedRaftLogWorker was interrupted, exiting. There are 0 tasks remaining in the queue.
2022-01-10 01:38:39,272 [7c05103a-a8d8-44cf-9e6e-c5c97716da47@group-8921C0FE7E74-StateMachineUpdater] INFO  ratis.ContainerStateMachine (ContainerStateMachine.java:takeSnapshot(310)) - group-8921C0FE7E74: Finished taking a snapshot at:(t:2, i:46) file:/home/runner/work/ozone/ozone/hadoop-ozone/integration-test/target/test-dir/MiniOzoneClusterImpl-7b7fc32a-99ce-43ed-b52b-39fc19fe0398/datanode-0/data/ratis/4902a8e8-b5fa-4c10-9476-8921c0fe7e74/sm/snapshot.2_46 took: 1 ms
2022-01-10 01:38:39,273 [7c05103a-a8d8-44cf-9e6e-c5c97716da47@group-8921C0FE7E74-StateMachineUpdater] INFO  impl.StateMachineUpdater (StateMachineUpdater.java:takeSnapshot(281)) - 7c05103a-a8d8-44cf-9e6e-c5c97716da47@group-8921C0FE7E74-StateMachineUpdater: Took a snapshot at index 46
2022-01-10 01:38:39,273 [7c05103a-a8d8-44cf-9e6e-c5c97716da47@group-8921C0FE7E74-StateMachineUpdater] INFO  impl.StateMachineUpdater (StateMachineUpdater.java:lambda$new$0(89)) - 7c05103a-a8d8-44cf-9e6e-c5c97716da47@group-8921C0FE7E74-StateMachineUpdater: snapshotIndex: updateIncreasingly -1 -> 46
2022-01-10 01:38:39,273 [Listener at 127.0.0.1/36119] INFO  segmented.SegmentedRaftLogWorker (SegmentedRaftLogWorker.java:close(237)) - 1cc2c250-a922-45e8-b8e5-f94197ece095@group-209C6AF15B30-SegmentedRaftLogWorker close()
2022-01-10 01:38:39,297 [Listener at 127.0.0.1/36119] INFO  server.RaftServer$Division (RaftServerImpl.java:lambda$close$4(412)) - 1cc2c250-a922-45e8-b8e5-f94197ece095@group-8921C0FE7E74: shutdown
2022-01-10 01:38:39,298 [Listener at 127.0.0.1/36119] INFO  util.JmxRegister (JmxRegister.java:unregister(73)) - Successfully un-registered JMX Bean with object name Ratis:service=RaftServer,group=group-8921C0FE7E74,id=1cc2c250-a922-45e8-b8e5-f94197ece095
2022-01-10 01:38:39,298 [Listener at 127.0.0.1/36119] INFO  impl.RoleInfo (RoleInfo.java:shutdownFollowerState(108)) - 1cc2c250-a922-45e8-b8e5-f94197ece095: shutdown 1cc2c250-a922-45e8-b8e5-f94197ece095@group-8921C0FE7E74-FollowerState
2022-01-10 01:38:39,298 [Listener at 127.0.0.1/36119] INFO  impl.StateMachineUpdater (StateMachineUpdater.java:stopAndJoin(149)) - 1cc2c250-a922-45e8-b8e5-f94197ece095@group-8921C0FE7E74-StateMachineUpdater: set stopIndex = 46
2022-01-10 01:38:39,298 [7c05103a-a8d8-44cf-9e6e-c5c97716da47@group-1378E56E65CB-FollowerState] INFO  impl.FollowerState (FollowerState.java:run(143)) - 7c05103a-a8d8-44cf-9e6e-c5c97716da47@group-1378E56E65CB-FollowerState was interrupted: {}
java.lang.InterruptedException: sleep interrupted
	at java.lang.Thread.sleep(Native Method)
	at java.lang.Thread.sleep(Thread.java:340)
	at java.util.concurrent.TimeUnit.sleep(TimeUnit.java:386)
	at org.apache.ratis.util.TimeDuration.sleep(TimeDuration.java:324)
	at org.apache.ratis.util.TimeDuration.sleep(TimeDuration.java:309)
	at org.apache.ratis.server.impl.FollowerState.run(FollowerState.java:118)
2022-01-10 01:38:39,298 [1cc2c250-a922-45e8-b8e5-f94197ece095@group-8921C0FE7E74-FollowerState] INFO  impl.FollowerState (FollowerState.java:run(143)) - 1cc2c250-a922-45e8-b8e5-f94197ece095@group-8921C0FE7E74-FollowerState was interrupted: {}
java.lang.InterruptedException: sleep interrupted
	at java.lang.Thread.sleep(Native Method)
	at java.lang.Thread.sleep(Thread.java:340)
	at java.util.concurrent.TimeUnit.sleep(TimeUnit.java:386)
	at org.apache.ratis.util.TimeDuration.sleep(TimeDuration.java:324)
	at org.apache.ratis.util.TimeDuration.sleep(TimeDuration.java:309)
	at org.apache.ratis.server.impl.FollowerState.run(FollowerState.java:118)
2022-01-10 01:38:39,313 [ForkJoinPool.commonPool-worker-1] INFO  server.RaftServer$Division (ServerState.java:close(419)) - 7c05103a-a8d8-44cf-9e6e-c5c97716da47@group-8921C0FE7E74: closes. applyIndex: 46
2022-01-10 01:38:39,314 [1cc2c250-a922-45e8-b8e5-f94197ece095@group-8921C0FE7E74-StateMachineUpdater] INFO  ratis.ContainerStateMachine (ContainerStateMachine.java:takeSnapshot(299)) - group-8921C0FE7E74: Taking a snapshot at:(t:2, i:46) file /home/runner/work/ozone/ozone/hadoop-ozone/integration-test/target/test-dir/MiniOzoneClusterImpl-7b7fc32a-99ce-43ed-b52b-39fc19fe0398/datanode-1/data/ratis/4902a8e8-b5fa-4c10-9476-8921c0fe7e74/sm/snapshot.2_46
2022-01-10 01:38:39,314 [7c05103a-a8d8-44cf-9e6e-c5c97716da47@group-8921C0FE7E74-SegmentedRaftLogWorker] INFO  segmented.SegmentedRaftLogWorker (SegmentedRaftLogWorker.java:run(327)) - 7c05103a-a8d8-44cf-9e6e-c5c97716da47@group-8921C0FE7E74-SegmentedRaftLogWorker was interrupted, exiting. There are 0 tasks remaining in the queue.
2022-01-10 01:38:39,315 [ForkJoinPool.commonPool-worker-1] INFO  segmented.SegmentedRaftLogWorker (SegmentedRaftLogWorker.java:close(237)) - 7c05103a-a8d8-44cf-9e6e-c5c97716da47@group-8921C0FE7E74-SegmentedRaftLogWorker close()
2022-01-10 01:38:39,315 [ForkJoinPool.commonPool-worker-1] INFO  server.GrpcService (GrpcService.java:closeImpl(262)) - 7c05103a-a8d8-44cf-9e6e-c5c97716da47: shutdown server with port 37605 now
2022-01-10 01:38:39,326 [ForkJoinPool.commonPool-worker-1] INFO  server.GrpcService (GrpcService.java:closeImpl(271)) - 7c05103a-a8d8-44cf-9e6e-c5c97716da47: shutdown server with port 37605 successfully
2022-01-10 01:38:39,326 [org.apache.ratis.util.JvmPauseMonitor$$Lambda$529/1957356322@7c429bbc] INFO  util.JvmPauseMonitor (JvmPauseMonitor.java:run(109)) - JvmPauseMonitor-7c05103a-a8d8-44cf-9e6e-c5c97716da47: Stopped
2022-01-10 01:38:39,327 [grpc-default-executor-0] WARN  server.GrpcLogAppender (LogUtils.java:warn(122)) - c170d5b9-cf3d-4e56-89e7-d82e21136cb5@group-8921C0FE7E74->7c05103a-a8d8-44cf-9e6e-c5c97716da47-AppendLogResponseHandler: Failed appendEntries: org.apache.ratis.thirdparty.io.grpc.StatusRuntimeException: CANCELLED: HTTP/2 error code: CANCEL
Received Rst Stream
2022-01-10 01:38:39,327 [grpc-default-executor-0] INFO  leader.FollowerInfo (FollowerInfoImpl.java:lambda$new$0(47)) - c170d5b9-cf3d-4e56-89e7-d82e21136cb5@group-8921C0FE7E74->7c05103a-a8d8-44cf-9e6e-c5c97716da47: nextIndex: updateUnconditionally 47 -> 46
2022-01-10 01:38:39,330 [grpc-default-executor-1] WARN  server.GrpcServerProtocolService (LogUtils.java:warn(122)) - 7c05103a-a8d8-44cf-9e6e-c5c97716da47: installSnapshot onError, lastRequest: c170d5b9-cf3d-4e56-89e7-d82e21136cb5->7c05103a-a8d8-44cf-9e6e-c5c97716da47#451-t2,previous=(t:2, i:45),leaderCommit=44,initializing? true,entries: size=1, first=(t:2, i:46), METADATAENTRY(c:44): org.apache.ratis.thirdparty.io.grpc.StatusRuntimeException: CANCELLED: client cancelled
2022-01-10 01:38:39,333 [1cc2c250-a922-45e8-b8e5-f94197ece095@group-8921C0FE7E74-StateMachineUpdater] INFO  ratis.ContainerStateMachine (ContainerStateMachine.java:takeSnapshot(310)) - group-8921C0FE7E74: Finished taking a snapshot at:(t:2, i:46) file:/home/runner/work/ozone/ozone/hadoop-ozone/integration-test/target/test-dir/MiniOzoneClusterImpl-7b7fc32a-99ce-43ed-b52b-39fc19fe0398/datanode-1/data/ratis/4902a8e8-b5fa-4c10-9476-8921c0fe7e74/sm/snapshot.2_46 took: 1 ms
2022-01-10 01:38:39,334 [1cc2c250-a922-45e8-b8e5-f94197ece095@group-8921C0FE7E74-StateMachineUpdater] INFO  impl.StateMachineUpdater (StateMachineUpdater.java:takeSnapshot(281)) - 1cc2c250-a922-45e8-b8e5-f94197ece095@group-8921C0FE7E74-StateMachineUpdater: Took a snapshot at index 46
2022-01-10 01:38:39,334 [1cc2c250-a922-45e8-b8e5-f94197ece095@group-8921C0FE7E74-StateMachineUpdater] INFO  impl.StateMachineUpdater (StateMachineUpdater.java:lambda$new$0(89)) - 1cc2c250-a922-45e8-b8e5-f94197ece095@group-8921C0FE7E74-StateMachineUpdater: snapshotIndex: updateIncreasingly -1 -> 46
2022-01-10 01:38:39,335 [Listener at 127.0.0.1/36119] INFO  server.RaftServer$Division (ServerState.java:close(419)) - 1cc2c250-a922-45e8-b8e5-f94197ece095@group-8921C0FE7E74: closes. applyIndex: 46
2022-01-10 01:38:39,335 [1cc2c250-a922-45e8-b8e5-f94197ece095@group-8921C0FE7E74-SegmentedRaftLogWorker] INFO  segmented.SegmentedRaftLogWorker (SegmentedRaftLogWorker.java:run(327)) - 1cc2c250-a922-45e8-b8e5-f94197ece095@group-8921C0FE7E74-SegmentedRaftLogWorker was interrupted, exiting. There are 0 tasks remaining in the queue.
2022-01-10 01:38:39,337 [grpc-default-executor-1] WARN  server.GrpcLogAppender (LogUtils.java:warn(122)) - c170d5b9-cf3d-4e56-89e7-d82e21136cb5@group-8921C0FE7E74->7c05103a-a8d8-44cf-9e6e-c5c97716da47-AppendLogResponseHandler: Failed appendEntries: org.apache.ratis.thirdparty.io.grpc.StatusRuntimeException: UNAVAILABLE: io exception
2022-01-10 01:38:39,338 [Listener at 127.0.0.1/36119] INFO  segmented.SegmentedRaftLogWorker (SegmentedRaftLogWorker.java:close(237)) - 1cc2c250-a922-45e8-b8e5-f94197ece095@group-8921C0FE7E74-SegmentedRaftLogWorker close()
2022-01-10 01:38:39,338 [Listener at 127.0.0.1/36119] INFO  server.GrpcService (GrpcService.java:closeImpl(262)) - 1cc2c250-a922-45e8-b8e5-f94197ece095: shutdown server with port 39065 now
2022-01-10 01:38:39,354 [grpc-default-executor-1] INFO  leader.FollowerInfo (FollowerInfoImpl.java:lambda$new$0(47)) - c170d5b9-cf3d-4e56-89e7-d82e21136cb5@group-8921C0FE7E74->7c05103a-a8d8-44cf-9e6e-c5c97716da47: nextIndex: updateUnconditionally 47 -> 46
2022-01-10 01:38:39,359 [Listener at 127.0.0.1/36119] INFO  server.GrpcService (GrpcService.java:closeImpl(271)) - 1cc2c250-a922-45e8-b8e5-f94197ece095: shutdown server with port 39065 successfully
2022-01-10 01:38:39,359 [org.apache.ratis.util.JvmPauseMonitor$$Lambda$529/1957356322@1c909f0e] INFO  util.JvmPauseMonitor (JvmPauseMonitor.java:run(109)) - JvmPauseMonitor-1cc2c250-a922-45e8-b8e5-f94197ece095: Stopped
2022-01-10 01:38:39,370 [grpc-default-executor-0] WARN  server.GrpcServerProtocolService (LogUtils.java:warn(122)) - 1cc2c250-a922-45e8-b8e5-f94197ece095: installSnapshot onError, lastRequest: c170d5b9-cf3d-4e56-89e7-d82e21136cb5->1cc2c250-a922-45e8-b8e5-f94197ece095#440-t2,previous=(t:2, i:45),leaderCommit=44,initializing? true,entries: size=1, first=(t:2, i:46), METADATAENTRY(c:44): org.apache.ratis.thirdparty.io.grpc.StatusRuntimeException: CANCELLED: client cancelled
2022-01-10 01:38:39,371 [grpc-default-executor-0] WARN  server.GrpcLogAppender (LogUtils.java:warn(122)) - c170d5b9-cf3d-4e56-89e7-d82e21136cb5@group-8921C0FE7E74->1cc2c250-a922-45e8-b8e5-f94197ece095-AppendLogResponseHandler: Failed appendEntries: org.apache.ratis.thirdparty.io.grpc.StatusRuntimeException: CANCELLED: HTTP/2 error code: CANCEL
Received Rst Stream
2022-01-10 01:38:39,371 [grpc-default-executor-0] INFO  leader.FollowerInfo (FollowerInfoImpl.java:lambda$new$0(47)) - c170d5b9-cf3d-4e56-89e7-d82e21136cb5@group-8921C0FE7E74->1cc2c250-a922-45e8-b8e5-f94197ece095: nextIndex: updateUnconditionally 47 -> 46
2022-01-10 01:38:39,381 [grpc-default-executor-1] WARN  server.GrpcLogAppender (LogUtils.java:warn(122)) - c170d5b9-cf3d-4e56-89e7-d82e21136cb5@group-8921C0FE7E74->1cc2c250-a922-45e8-b8e5-f94197ece095-AppendLogResponseHandler: Failed appendEntries: org.apache.ratis.thirdparty.io.grpc.StatusRuntimeException: UNAVAILABLE: io exception
2022-01-10 01:38:39,382 [grpc-default-executor-1] INFO  leader.FollowerInfo (FollowerInfoImpl.java:lambda$new$0(47)) - c170d5b9-cf3d-4e56-89e7-d82e21136cb5@group-8921C0FE7E74->1cc2c250-a922-45e8-b8e5-f94197ece095: nextIndex: updateUnconditionally 47 -> 46
2022-01-10 01:38:41,216 [c170d5b9-cf3d-4e56-89e7-d82e21136cb5@group-1378E56E65CB-FollowerState] INFO  impl.FollowerState (FollowerState.java:run(134)) - c170d5b9-cf3d-4e56-89e7-d82e21136cb5@group-1378E56E65CB-FollowerState: change to CANDIDATE, lastRpcElapsedTime:5046733961ns, electionTimeout:5040ms
2022-01-10 01:38:41,217 [c170d5b9-cf3d-4e56-89e7-d82e21136cb5@group-1378E56E65CB-FollowerState] INFO  impl.RoleInfo (RoleInfo.java:shutdownFollowerState(108)) - c170d5b9-cf3d-4e56-89e7-d82e21136cb5: shutdown c170d5b9-cf3d-4e56-89e7-d82e21136cb5@group-1378E56E65CB-FollowerState
2022-01-10 01:38:41,217 [c170d5b9-cf3d-4e56-89e7-d82e21136cb5@group-1378E56E65CB-FollowerState] INFO  server.RaftServer$Division (RaftServerImpl.java:setRole(290)) - c170d5b9-cf3d-4e56-89e7-d82e21136cb5@group-1378E56E65CB: changes role from  FOLLOWER to CANDIDATE at term 6 for changeToCandidate
2022-01-10 01:38:41,217 [c170d5b9-cf3d-4e56-89e7-d82e21136cb5@group-1378E56E65CB-FollowerState] INFO  server.RaftServerConfigKeys (ConfUtils.java:logGet(44)) - raft.server.leaderelection.pre-vote = false (custom)
2022-01-10 01:38:41,217 [c170d5b9-cf3d-4e56-89e7-d82e21136cb5@group-1378E56E65CB-FollowerState] INFO  impl.RoleInfo (RoleInfo.java:updateAndGet(130)) - c170d5b9-cf3d-4e56-89e7-d82e21136cb5: start c170d5b9-cf3d-4e56-89e7-d82e21136cb5@group-1378E56E65CB-LeaderElection60
2022-01-10 01:38:41,245 [c170d5b9-cf3d-4e56-89e7-d82e21136cb5@group-1378E56E65CB-LeaderElection60] INFO  impl.LeaderElection (LeaderElection.java:askForVotes(306)) - c170d5b9-cf3d-4e56-89e7-d82e21136cb5@group-1378E56E65CB-LeaderElection60 ELECTION round 0: submit vote requests at term 7 for -1: [c170d5b9-cf3d-4e56-89e7-d82e21136cb5|rpc:10.1.0.8:44261|dataStream:|priority:0, 1cc2c250-a922-45e8-b8e5-f94197ece095|rpc:10.1.0.8:39065|dataStream:|priority:1, 7c05103a-a8d8-44cf-9e6e-c5c97716da47|rpc:10.1.0.8:37605|dataStream:|priority:0], old=null
2022-01-10 01:38:41,249 [c170d5b9-cf3d-4e56-89e7-d82e21136cb5@group-1378E56E65CB-LeaderElection60] INFO  impl.LeaderElection (LogUtils.java:infoOrTrace(137)) - c170d5b9-cf3d-4e56-89e7-d82e21136cb5@group-1378E56E65CB-LeaderElection60 got exception when requesting votes: java.util.concurrent.ExecutionException: org.apache.ratis.thirdparty.io.grpc.StatusRuntimeException: UNAVAILABLE: io exception
2022-01-10 01:38:41,255 [c170d5b9-cf3d-4e56-89e7-d82e21136cb5@group-1378E56E65CB-LeaderElection60] INFO  impl.LeaderElection (LogUtils.java:infoOrTrace(137)) - c170d5b9-cf3d-4e56-89e7-d82e21136cb5@group-1378E56E65CB-LeaderElection60 got exception when requesting votes: java.util.concurrent.ExecutionException: org.apache.ratis.thirdparty.io.grpc.StatusRuntimeException: UNAVAILABLE: io exception
2022-01-10 01:38:41,255 [c170d5b9-cf3d-4e56-89e7-d82e21136cb5@group-1378E56E65CB-LeaderElection60] INFO  impl.LeaderElection (LeaderElection.java:logAndReturn(89)) - c170d5b9-cf3d-4e56-89e7-d82e21136cb5@group-1378E56E65CB-LeaderElection60: ELECTION REJECTED received 0 response(s) and 2 exception(s):
2022-01-10 01:38:41,255 [c170d5b9-cf3d-4e56-89e7-d82e21136cb5@group-1378E56E65CB-LeaderElection60] INFO  impl.LeaderElection (LogUtils.java:infoOrTrace(137)) -   Exception 0: java.util.concurrent.ExecutionException: org.apache.ratis.thirdparty.io.grpc.StatusRuntimeException: UNAVAILABLE: io exception
2022-01-10 01:38:41,255 [c170d5b9-cf3d-4e56-89e7-d82e21136cb5@group-1378E56E65CB-LeaderElection60] INFO  impl.LeaderElection (LogUtils.java:infoOrTrace(137)) -   Exception 1: java.util.concurrent.ExecutionException: org.apache.ratis.thirdparty.io.grpc.StatusRuntimeException: UNAVAILABLE: io exception
2022-01-10 01:38:41,255 [c170d5b9-cf3d-4e56-89e7-d82e21136cb5@group-1378E56E65CB-LeaderElection60] INFO  impl.LeaderElection (LeaderElection.java:askForVotes(308)) - c170d5b9-cf3d-4e56-89e7-d82e21136cb5@group-1378E56E65CB-LeaderElection60 ELECTION round 0: result REJECTED
2022-01-10 01:38:41,256 [c170d5b9-cf3d-4e56-89e7-d82e21136cb5@group-1378E56E65CB-LeaderElection60] INFO  server.RaftServer$Division (RaftServerImpl.java:setRole(290)) - c170d5b9-cf3d-4e56-89e7-d82e21136cb5@group-1378E56E65CB: changes role from CANDIDATE to FOLLOWER at term 7 for REJECTED
2022-01-10 01:38:41,256 [c170d5b9-cf3d-4e56-89e7-d82e21136cb5@group-1378E56E65CB-LeaderElection60] INFO  impl.RoleInfo (RoleInfo.java:shutdownLeaderElection(121)) - c170d5b9-cf3d-4e56-89e7-d82e21136cb5: shutdown c170d5b9-cf3d-4e56-89e7-d82e21136cb5@group-1378E56E65CB-LeaderElection60
2022-01-10 01:38:41,256 [c170d5b9-cf3d-4e56-89e7-d82e21136cb5@group-1378E56E65CB-LeaderElection60] INFO  impl.RoleInfo (RoleInfo.java:updateAndGet(130)) - c170d5b9-cf3d-4e56-89e7-d82e21136cb5: start c170d5b9-cf3d-4e56-89e7-d82e21136cb5@group-1378E56E65CB-FollowerState
2022-01-10 01:38:41,353 [ForkJoinPool.commonPool-worker-1] INFO  utils.BackgroundService (BackgroundService.java:shutdown(132)) - Shutting down service BlockDeletingService
2022-01-10 01:38:41,399 [Listener at 127.0.0.1/36119] INFO  utils.BackgroundService (BackgroundService.java:shutdown(132)) - Shutting down service BlockDeletingService
2022-01-10 01:38:41,837 [grpc-default-executor-1] WARN  server.GrpcLogAppender (LogUtils.java:warn(122)) - c170d5b9-cf3d-4e56-89e7-d82e21136cb5@group-8921C0FE7E74->7c05103a-a8d8-44cf-9e6e-c5c97716da47-AppendLogResponseHandler: Failed appendEntries: org.apache.ratis.thirdparty.io.grpc.StatusRuntimeException: UNAVAILABLE: io exception
2022-01-10 01:38:41,838 [grpc-default-executor-1] INFO  leader.FollowerInfo (FollowerInfoImpl.java:lambda$new$0(47)) - c170d5b9-cf3d-4e56-89e7-d82e21136cb5@group-8921C0FE7E74->7c05103a-a8d8-44cf-9e6e-c5c97716da47: nextIndex: updateUnconditionally 47 -> 46
2022-01-10 01:38:41,882 [grpc-default-executor-1] WARN  server.GrpcLogAppender (LogUtils.java:warn(122)) - c170d5b9-cf3d-4e56-89e7-d82e21136cb5@group-8921C0FE7E74->1cc2c250-a922-45e8-b8e5-f94197ece095-AppendLogResponseHandler: Failed appendEntries: org.apache.ratis.thirdparty.io.grpc.StatusRuntimeException: UNAVAILABLE: io exception
2022-01-10 01:38:41,883 [grpc-default-executor-1] INFO  leader.FollowerInfo (FollowerInfoImpl.java:lambda$new$0(47)) - c170d5b9-cf3d-4e56-89e7-d82e21136cb5@group-8921C0FE7E74->1cc2c250-a922-45e8-b8e5-f94197ece095: nextIndex: updateUnconditionally 47 -> 46
2022-01-10 01:38:44,337 [grpc-default-executor-1] WARN  server.GrpcLogAppender (LogUtils.java:warn(122)) - c170d5b9-cf3d-4e56-89e7-d82e21136cb5@group-8921C0FE7E74->7c05103a-a8d8-44cf-9e6e-c5c97716da47-AppendLogResponseHandler: Failed appendEntries: org.apache.ratis.thirdparty.io.grpc.StatusRuntimeException: UNAVAILABLE: io exception
2022-01-10 01:38:44,338 [grpc-default-executor-1] INFO  leader.FollowerInfo (FollowerInfoImpl.java:lambda$new$0(47)) - c170d5b9-cf3d-4e56-89e7-d82e21136cb5@group-8921C0FE7E74->7c05103a-a8d8-44cf-9e6e-c5c97716da47: nextIndex: updateUnconditionally 47 -> 46
2022-01-10 01:38:44,379 [ForkJoinPool.commonPool-worker-1] INFO  statemachine.DatanodeStateMachine (DatanodeStateMachine.java:stopDaemon(526)) - Ozone container server stopped.
2022-01-10 01:38:44,382 [ForkJoinPool.commonPool-worker-1] INFO  handler.ContextHandler (ContextHandler.java:doStop(1153)) - Stopped o.e.j.w.WebAppContext@13b8344b{hddsDatanode,/,null,STOPPED}{jar:file:/home/runner/.m2/repository/org/apache/ozone/hdds-container-service/1.3.0-SNAPSHOT/hdds-container-service-1.3.0-SNAPSHOT.jar!/webapps/hddsDatanode}
2022-01-10 01:38:44,383 [grpc-default-executor-1] WARN  server.GrpcLogAppender (LogUtils.java:warn(122)) - c170d5b9-cf3d-4e56-89e7-d82e21136cb5@group-8921C0FE7E74->1cc2c250-a922-45e8-b8e5-f94197ece095-AppendLogResponseHandler: Failed appendEntries: org.apache.ratis.thirdparty.io.grpc.StatusRuntimeException: UNAVAILABLE: io exception
2022-01-10 01:38:44,383 [grpc-default-executor-1] INFO  leader.FollowerInfo (FollowerInfoImpl.java:lambda$new$0(47)) - c170d5b9-cf3d-4e56-89e7-d82e21136cb5@group-8921C0FE7E74->1cc2c250-a922-45e8-b8e5-f94197ece095: nextIndex: updateUnconditionally 47 -> 46
2022-01-10 01:38:44,402 [ForkJoinPool.commonPool-worker-1] INFO  server.AbstractConnector (AbstractConnector.java:doStop(381)) - Stopped ServerConnector@6f2f7397{HTTP/1.1, (http/1.1)}{0.0.0.0:0}
2022-01-10 01:38:44,402 [ForkJoinPool.commonPool-worker-1] INFO  server.session (HouseKeeper.java:stopScavenging(149)) - node0 Stopped scavenging
2022-01-10 01:38:44,403 [ForkJoinPool.commonPool-worker-1] INFO  handler.ContextHandler (ContextHandler.java:doStop(1153)) - Stopped o.e.j.s.ServletContextHandler@4ef24028{static,/static,jar:file:/home/runner/.m2/repository/org/apache/ozone/hdds-container-service/1.3.0-SNAPSHOT/hdds-container-service-1.3.0-SNAPSHOT.jar!/webapps/static,STOPPED}
2022-01-10 01:38:44,406 [ForkJoinPool.commonPool-worker-1] INFO  handler.ContextHandler (ContextHandler.java:doStop(1153)) - Stopped o.e.j.s.ServletContextHandler@33ce2d24{logs,/logs,file:///home/runner/work/ozone/ozone/hadoop-ozone/integration-test/target/log,STOPPED}
2022-01-10 01:38:44,429 [Listener at 127.0.0.1/36119] INFO  statemachine.DatanodeStateMachine (DatanodeStateMachine.java:stopDaemon(526)) - Ozone container server stopped.
2022-01-10 01:38:44,430 [Listener at 127.0.0.1/36119] INFO  handler.ContextHandler (ContextHandler.java:doStop(1153)) - Stopped o.e.j.w.WebAppContext@1c07365c{hddsDatanode,/,null,STOPPED}{jar:file:/home/runner/.m2/repository/org/apache/ozone/hdds-container-service/1.3.0-SNAPSHOT/hdds-container-service-1.3.0-SNAPSHOT.jar!/webapps/hddsDatanode}
2022-01-10 01:38:44,431 [Listener at 127.0.0.1/36119] INFO  server.AbstractConnector (AbstractConnector.java:doStop(381)) - Stopped ServerConnector@246b40f5{HTTP/1.1, (http/1.1)}{0.0.0.0:0}
2022-01-10 01:38:44,431 [Listener at 127.0.0.1/36119] INFO  server.session (HouseKeeper.java:stopScavenging(149)) - node0 Stopped scavenging
2022-01-10 01:38:44,432 [Listener at 127.0.0.1/36119] INFO  handler.ContextHandler (ContextHandler.java:doStop(1153)) - Stopped o.e.j.s.ServletContextHandler@3d1e2b3c{static,/static,jar:file:/home/runner/.m2/repository/org/apache/ozone/hdds-container-service/1.3.0-SNAPSHOT/hdds-container-service-1.3.0-SNAPSHOT.jar!/webapps/static,STOPPED}
2022-01-10 01:38:44,432 [Listener at 127.0.0.1/36119] INFO  handler.ContextHandler (ContextHandler.java:doStop(1153)) - Stopped o.e.j.s.ServletContextHandler@4468f64c{logs,/logs,file:///home/runner/work/ozone/ozone/hadoop-ozone/integration-test/target/log,STOPPED}
2022-01-10 01:38:46,339 [c170d5b9-cf3d-4e56-89e7-d82e21136cb5@group-1378E56E65CB-FollowerState] INFO  impl.FollowerState (FollowerState.java:run(134)) - c170d5b9-cf3d-4e56-89e7-d82e21136cb5@group-1378E56E65CB-FollowerState: change to CANDIDATE, lastRpcElapsedTime:5083620551ns, electionTimeout:5078ms
2022-01-10 01:38:46,339 [c170d5b9-cf3d-4e56-89e7-d82e21136cb5@group-1378E56E65CB-FollowerState] INFO  impl.RoleInfo (RoleInfo.java:shutdownFollowerState(108)) - c170d5b9-cf3d-4e56-89e7-d82e21136cb5: shutdown c170d5b9-cf3d-4e56-89e7-d82e21136cb5@group-1378E56E65CB-FollowerState
2022-01-10 01:38:46,339 [c170d5b9-cf3d-4e56-89e7-d82e21136cb5@group-1378E56E65CB-FollowerState] INFO  server.RaftServer$Division (RaftServerImpl.java:setRole(290)) - c170d5b9-cf3d-4e56-89e7-d82e21136cb5@group-1378E56E65CB: changes role from  FOLLOWER to CANDIDATE at term 7 for changeToCandidate
2022-01-10 01:38:46,340 [c170d5b9-cf3d-4e56-89e7-d82e21136cb5@group-1378E56E65CB-FollowerState] INFO  server.RaftServerConfigKeys (ConfUtils.java:logGet(44)) - raft.server.leaderelection.pre-vote = false (custom)
2022-01-10 01:38:46,340 [c170d5b9-cf3d-4e56-89e7-d82e21136cb5@group-1378E56E65CB-FollowerState] INFO  impl.RoleInfo (RoleInfo.java:updateAndGet(130)) - c170d5b9-cf3d-4e56-89e7-d82e21136cb5: start c170d5b9-cf3d-4e56-89e7-d82e21136cb5@group-1378E56E65CB-LeaderElection61
2022-01-10 01:38:46,376 [c170d5b9-cf3d-4e56-89e7-d82e21136cb5@group-1378E56E65CB-LeaderElection61] INFO  impl.LeaderElection (LeaderElection.java:askForVotes(306)) - c170d5b9-cf3d-4e56-89e7-d82e21136cb5@group-1378E56E65CB-LeaderElection61 ELECTION round 0: submit vote requests at term 8 for -1: [c170d5b9-cf3d-4e56-89e7-d82e21136cb5|rpc:10.1.0.8:44261|dataStream:|priority:0, 1cc2c250-a922-45e8-b8e5-f94197ece095|rpc:10.1.0.8:39065|dataStream:|priority:1, 7c05103a-a8d8-44cf-9e6e-c5c97716da47|rpc:10.1.0.8:37605|dataStream:|priority:0], old=null
2022-01-10 01:38:46,394 [c170d5b9-cf3d-4e56-89e7-d82e21136cb5@group-1378E56E65CB-LeaderElection61] INFO  impl.LeaderElection (LogUtils.java:infoOrTrace(137)) - c170d5b9-cf3d-4e56-89e7-d82e21136cb5@group-1378E56E65CB-LeaderElection61 got exception when requesting votes: java.util.concurrent.ExecutionException: org.apache.ratis.thirdparty.io.grpc.StatusRuntimeException: UNAVAILABLE: io exception
2022-01-10 01:38:46,395 [c170d5b9-cf3d-4e56-89e7-d82e21136cb5@group-1378E56E65CB-LeaderElection61] INFO  impl.LeaderElection (LogUtils.java:infoOrTrace(137)) - c170d5b9-cf3d-4e56-89e7-d82e21136cb5@group-1378E56E65CB-LeaderElection61 got exception when requesting votes: java.util.concurrent.ExecutionException: org.apache.ratis.thirdparty.io.grpc.StatusRuntimeException: UNAVAILABLE: io exception
2022-01-10 01:38:46,395 [c170d5b9-cf3d-4e56-89e7-d82e21136cb5@group-1378E56E65CB-LeaderElection61] INFO  impl.LeaderElection (LeaderElection.java:logAndReturn(89)) - c170d5b9-cf3d-4e56-89e7-d82e21136cb5@group-1378E56E65CB-LeaderElection61: ELECTION REJECTED received 0 response(s) and 2 exception(s):
2022-01-10 01:38:46,395 [c170d5b9-cf3d-4e56-89e7-d82e21136cb5@group-1378E56E65CB-LeaderElection61] INFO  impl.LeaderElection (LogUtils.java:infoOrTrace(137)) -   Exception 0: java.util.concurrent.ExecutionException: org.apache.ratis.thirdparty.io.grpc.StatusRuntimeException: UNAVAILABLE: io exception
2022-01-10 01:38:46,395 [c170d5b9-cf3d-4e56-89e7-d82e21136cb5@group-1378E56E65CB-LeaderElection61] INFO  impl.LeaderElection (LogUtils.java:infoOrTrace(137)) -   Exception 1: java.util.concurrent.ExecutionException: org.apache.ratis.thirdparty.io.grpc.StatusRuntimeException: UNAVAILABLE: io exception
2022-01-10 01:38:46,395 [c170d5b9-cf3d-4e56-89e7-d82e21136cb5@group-1378E56E65CB-LeaderElection61] INFO  impl.LeaderElection (LeaderElection.java:askForVotes(308)) - c170d5b9-cf3d-4e56-89e7-d82e21136cb5@group-1378E56E65CB-LeaderElection61 ELECTION round 0: result REJECTED
2022-01-10 01:38:46,395 [c170d5b9-cf3d-4e56-89e7-d82e21136cb5@group-1378E56E65CB-LeaderElection61] INFO  server.RaftServer$Division (RaftServerImpl.java:setRole(290)) - c170d5b9-cf3d-4e56-89e7-d82e21136cb5@group-1378E56E65CB: changes role from CANDIDATE to FOLLOWER at term 8 for REJECTED
2022-01-10 01:38:46,395 [c170d5b9-cf3d-4e56-89e7-d82e21136cb5@group-1378E56E65CB-LeaderElection61] INFO  impl.RoleInfo (RoleInfo.java:shutdownLeaderElection(121)) - c170d5b9-cf3d-4e56-89e7-d82e21136cb5: shutdown c170d5b9-cf3d-4e56-89e7-d82e21136cb5@group-1378E56E65CB-LeaderElection61
2022-01-10 01:38:46,395 [c170d5b9-cf3d-4e56-89e7-d82e21136cb5@group-1378E56E65CB-LeaderElection61] INFO  impl.RoleInfo (RoleInfo.java:updateAndGet(130)) - c170d5b9-cf3d-4e56-89e7-d82e21136cb5: start c170d5b9-cf3d-4e56-89e7-d82e21136cb5@group-1378E56E65CB-FollowerState
2022-01-10 01:38:46,838 [grpc-default-executor-1] WARN  server.GrpcLogAppender (LogUtils.java:warn(122)) - c170d5b9-cf3d-4e56-89e7-d82e21136cb5@group-8921C0FE7E74->7c05103a-a8d8-44cf-9e6e-c5c97716da47-AppendLogResponseHandler: Failed appendEntries: org.apache.ratis.thirdparty.io.grpc.StatusRuntimeException: UNAVAILABLE: io exception
2022-01-10 01:38:46,840 [grpc-default-executor-1] INFO  leader.FollowerInfo (FollowerInfoImpl.java:lambda$new$0(47)) - c170d5b9-cf3d-4e56-89e7-d82e21136cb5@group-8921C0FE7E74->7c05103a-a8d8-44cf-9e6e-c5c97716da47: nextIndex: updateUnconditionally 47 -> 46
2022-01-10 01:38:46,883 [c170d5b9-cf3d-4e56-89e7-d82e21136cb5@group-8921C0FE7E74-LeaderStateImpl] WARN  server.RaftServer$Division (LeaderStateImpl.java:checkLeadership(974)) - c170d5b9-cf3d-4e56-89e7-d82e21136cb5@group-8921C0FE7E74-LeaderStateImpl: Lost leadership on term: 2. Election timeout: 5200ms. In charge for: 31012ms. Conf: 0: [c170d5b9-cf3d-4e56-89e7-d82e21136cb5|rpc:10.1.0.8:44261|dataStream:|priority:1, 1cc2c250-a922-45e8-b8e5-f94197ece095|rpc:10.1.0.8:39065|dataStream:|priority:0, 7c05103a-a8d8-44cf-9e6e-c5c97716da47|rpc:10.1.0.8:37605|dataStream:|priority:0], old=null
2022-01-10 01:38:46,884 [c170d5b9-cf3d-4e56-89e7-d82e21136cb5@group-8921C0FE7E74-LeaderStateImpl] WARN  server.RaftServer$Division (LeaderStateImpl.java:lambda$checkLeadership$15(978)) - Follower c170d5b9-cf3d-4e56-89e7-d82e21136cb5@group-8921C0FE7E74->1cc2c250-a922-45e8-b8e5-f94197ece095(c46,m46,n46, attendVote=true, lastRpcSendTime=2501, lastRpcResponseTime=8371)
2022-01-10 01:38:46,884 [c170d5b9-cf3d-4e56-89e7-d82e21136cb5@group-8921C0FE7E74-LeaderStateImpl] WARN  server.RaftServer$Division (LeaderStateImpl.java:lambda$checkLeadership$15(978)) - Follower c170d5b9-cf3d-4e56-89e7-d82e21136cb5@group-8921C0FE7E74->7c05103a-a8d8-44cf-9e6e-c5c97716da47(c46,m46,n46, attendVote=true, lastRpcSendTime=46, lastRpcResponseTime=8429)
2022-01-10 01:38:46,884 [c170d5b9-cf3d-4e56-89e7-d82e21136cb5@group-8921C0FE7E74-LeaderStateImpl] INFO  server.RaftServer$Division (RaftServerImpl.java:setRole(290)) - c170d5b9-cf3d-4e56-89e7-d82e21136cb5@group-8921C0FE7E74: changes role from    LEADER to FOLLOWER at term 2 for StepDownReason:LOST_MAJORITY_HEARTBEATS
2022-01-10 01:38:46,884 [c170d5b9-cf3d-4e56-89e7-d82e21136cb5@group-8921C0FE7E74-LeaderStateImpl] INFO  impl.RoleInfo (RoleInfo.java:shutdownLeaderState(91)) - c170d5b9-cf3d-4e56-89e7-d82e21136cb5: shutdown c170d5b9-cf3d-4e56-89e7-d82e21136cb5@group-8921C0FE7E74-LeaderStateImpl
2022-01-10 01:38:46,884 [c170d5b9-cf3d-4e56-89e7-d82e21136cb5@group-8921C0FE7E74->7c05103a-a8d8-44cf-9e6e-c5c97716da47-GrpcLogAppender-LogAppenderDaemon] WARN  server.GrpcLogAppender (GrpcLogAppender.java:mayWait(177)) - c170d5b9-cf3d-4e56-89e7-d82e21136cb5@group-8921C0FE7E74->7c05103a-a8d8-44cf-9e6e-c5c97716da47-GrpcLogAppender: Wait interrupted by java.lang.InterruptedException
2022-01-10 01:38:46,884 [c170d5b9-cf3d-4e56-89e7-d82e21136cb5@group-8921C0FE7E74->1cc2c250-a922-45e8-b8e5-f94197ece095-GrpcLogAppender-LogAppenderDaemon] WARN  server.GrpcLogAppender (GrpcLogAppender.java:mayWait(177)) - c170d5b9-cf3d-4e56-89e7-d82e21136cb5@group-8921C0FE7E74->1cc2c250-a922-45e8-b8e5-f94197ece095-GrpcLogAppender: Wait interrupted by java.lang.InterruptedException
2022-01-10 01:38:46,892 [c170d5b9-cf3d-4e56-89e7-d82e21136cb5@group-8921C0FE7E74-LeaderStateImpl] INFO  impl.PendingRequests (PendingRequests.java:sendNotLeaderResponses(282)) - c170d5b9-cf3d-4e56-89e7-d82e21136cb5@group-8921C0FE7E74-PendingRequests: sendNotLeaderResponses
2022-01-10 01:38:46,892 [c170d5b9-cf3d-4e56-89e7-d82e21136cb5@group-8921C0FE7E74-LeaderStateImpl] INFO  impl.RoleInfo (RoleInfo.java:updateAndGet(130)) - c170d5b9-cf3d-4e56-89e7-d82e21136cb5: start c170d5b9-cf3d-4e56-89e7-d82e21136cb5@group-8921C0FE7E74-FollowerState
2022-01-10 01:38:49,407 [ForkJoinPool.commonPool-worker-1] INFO  ozoneimpl.OzoneContainer (OzoneContainer.java:stop(336)) - Attempting to stop container services.
2022-01-10 01:38:49,408 [ForkJoinPool.commonPool-worker-1] INFO  server.RaftServer (RaftServerProxy.java:lambda$close$6(391)) - c170d5b9-cf3d-4e56-89e7-d82e21136cb5: close
2022-01-10 01:38:49,408 [ForkJoinPool.commonPool-worker-1] INFO  server.RaftServer$Division (RaftServerImpl.java:lambda$close$4(412)) - c170d5b9-cf3d-4e56-89e7-d82e21136cb5@group-1378E56E65CB: shutdown
2022-01-10 01:38:49,408 [ForkJoinPool.commonPool-worker-1] INFO  util.JmxRegister (JmxRegister.java:unregister(73)) - Successfully un-registered JMX Bean with object name Ratis:service=RaftServer,group=group-1378E56E65CB,id=c170d5b9-cf3d-4e56-89e7-d82e21136cb5
2022-01-10 01:38:49,408 [ForkJoinPool.commonPool-worker-1] INFO  impl.RoleInfo (RoleInfo.java:shutdownFollowerState(108)) - c170d5b9-cf3d-4e56-89e7-d82e21136cb5: shutdown c170d5b9-cf3d-4e56-89e7-d82e21136cb5@group-1378E56E65CB-FollowerState
2022-01-10 01:38:49,409 [ForkJoinPool.commonPool-worker-1] INFO  impl.StateMachineUpdater (StateMachineUpdater.java:stopAndJoin(149)) - c170d5b9-cf3d-4e56-89e7-d82e21136cb5@group-1378E56E65CB-StateMachineUpdater: set stopIndex = -1
2022-01-10 01:38:49,409 [c170d5b9-cf3d-4e56-89e7-d82e21136cb5@group-1378E56E65CB-FollowerState] INFO  impl.FollowerState (FollowerState.java:run(143)) - c170d5b9-cf3d-4e56-89e7-d82e21136cb5@group-1378E56E65CB-FollowerState was interrupted: {}
java.lang.InterruptedException: sleep interrupted
	at java.lang.Thread.sleep(Native Method)
	at java.lang.Thread.sleep(Thread.java:340)
	at java.util.concurrent.TimeUnit.sleep(TimeUnit.java:386)
	at org.apache.ratis.util.TimeDuration.sleep(TimeDuration.java:324)
	at org.apache.ratis.util.TimeDuration.sleep(TimeDuration.java:309)
	at org.apache.ratis.server.impl.FollowerState.run(FollowerState.java:118)
2022-01-10 01:38:49,410 [ForkJoinPool.commonPool-worker-1] INFO  server.RaftServer$Division (ServerState.java:close(419)) - c170d5b9-cf3d-4e56-89e7-d82e21136cb5@group-1378E56E65CB: closes. applyIndex: -1
2022-01-10 01:38:49,410 [c170d5b9-cf3d-4e56-89e7-d82e21136cb5@group-1378E56E65CB-SegmentedRaftLogWorker] INFO  segmented.SegmentedRaftLogWorker (SegmentedRaftLogWorker.java:run(327)) - c170d5b9-cf3d-4e56-89e7-d82e21136cb5@group-1378E56E65CB-SegmentedRaftLogWorker was interrupted, exiting. There are 0 tasks remaining in the queue.
2022-01-10 01:38:49,413 [ForkJoinPool.commonPool-worker-1] INFO  segmented.SegmentedRaftLogWorker (SegmentedRaftLogWorker.java:close(237)) - c170d5b9-cf3d-4e56-89e7-d82e21136cb5@group-1378E56E65CB-SegmentedRaftLogWorker close()
2022-01-10 01:38:49,421 [ForkJoinPool.commonPool-worker-1] INFO  server.RaftServer$Division (RaftServerImpl.java:lambda$close$4(412)) - c170d5b9-cf3d-4e56-89e7-d82e21136cb5@group-8921C0FE7E74: shutdown
2022-01-10 01:38:49,421 [ForkJoinPool.commonPool-worker-1] INFO  util.JmxRegister (JmxRegister.java:unregister(73)) - Successfully un-registered JMX Bean with object name Ratis:service=RaftServer,group=group-8921C0FE7E74,id=c170d5b9-cf3d-4e56-89e7-d82e21136cb5
2022-01-10 01:38:49,421 [ForkJoinPool.commonPool-worker-1] INFO  impl.RoleInfo (RoleInfo.java:shutdownFollowerState(108)) - c170d5b9-cf3d-4e56-89e7-d82e21136cb5: shutdown c170d5b9-cf3d-4e56-89e7-d82e21136cb5@group-8921C0FE7E74-FollowerState
2022-01-10 01:38:49,421 [ForkJoinPool.commonPool-worker-1] INFO  impl.StateMachineUpdater (StateMachineUpdater.java:stopAndJoin(149)) - c170d5b9-cf3d-4e56-89e7-d82e21136cb5@group-8921C0FE7E74-StateMachineUpdater: set stopIndex = 46
2022-01-10 01:38:49,421 [c170d5b9-cf3d-4e56-89e7-d82e21136cb5@group-8921C0FE7E74-FollowerState] INFO  impl.FollowerState (FollowerState.java:run(143)) - c170d5b9-cf3d-4e56-89e7-d82e21136cb5@group-8921C0FE7E74-FollowerState was interrupted: {}
java.lang.InterruptedException: sleep interrupted
	at java.lang.Thread.sleep(Native Method)
	at java.lang.Thread.sleep(Thread.java:340)
	at java.util.concurrent.TimeUnit.sleep(TimeUnit.java:386)
	at org.apache.ratis.util.TimeDuration.sleep(TimeDuration.java:324)
	at org.apache.ratis.util.TimeDuration.sleep(TimeDuration.java:309)
	at org.apache.ratis.server.impl.FollowerState.run(FollowerState.java:118)
2022-01-10 01:38:49,432 [c170d5b9-cf3d-4e56-89e7-d82e21136cb5@group-8921C0FE7E74-StateMachineUpdater] INFO  ratis.ContainerStateMachine (ContainerStateMachine.java:takeSnapshot(299)) - group-8921C0FE7E74: Taking a snapshot at:(t:2, i:46) file /home/runner/work/ozone/ozone/hadoop-ozone/integration-test/target/test-dir/MiniOzoneClusterImpl-7b7fc32a-99ce-43ed-b52b-39fc19fe0398/datanode-2/data/ratis/4902a8e8-b5fa-4c10-9476-8921c0fe7e74/sm/snapshot.2_46
2022-01-10 01:38:49,439 [c170d5b9-cf3d-4e56-89e7-d82e21136cb5@group-8921C0FE7E74-StateMachineUpdater] INFO  ratis.ContainerStateMachine (ContainerStateMachine.java:takeSnapshot(310)) - group-8921C0FE7E74: Finished taking a snapshot at:(t:2, i:46) file:/home/runner/work/ozone/ozone/hadoop-ozone/integration-test/target/test-dir/MiniOzoneClusterImpl-7b7fc32a-99ce-43ed-b52b-39fc19fe0398/datanode-2/data/ratis/4902a8e8-b5fa-4c10-9476-8921c0fe7e74/sm/snapshot.2_46 took: 7 ms
2022-01-10 01:38:49,440 [c170d5b9-cf3d-4e56-89e7-d82e21136cb5@group-8921C0FE7E74-StateMachineUpdater] INFO  impl.StateMachineUpdater (StateMachineUpdater.java:takeSnapshot(281)) - c170d5b9-cf3d-4e56-89e7-d82e21136cb5@group-8921C0FE7E74-StateMachineUpdater: Took a snapshot at index 46
2022-01-10 01:38:49,440 [c170d5b9-cf3d-4e56-89e7-d82e21136cb5@group-8921C0FE7E74-StateMachineUpdater] INFO  impl.StateMachineUpdater (StateMachineUpdater.java:lambda$new$0(89)) - c170d5b9-cf3d-4e56-89e7-d82e21136cb5@group-8921C0FE7E74-StateMachineUpdater: snapshotIndex: updateIncreasingly -1 -> 46
2022-01-10 01:38:49,440 [ForkJoinPool.commonPool-worker-1] INFO  server.RaftServer$Division (ServerState.java:close(419)) - c170d5b9-cf3d-4e56-89e7-d82e21136cb5@group-8921C0FE7E74: closes. applyIndex: 46
2022-01-10 01:38:49,440 [c170d5b9-cf3d-4e56-89e7-d82e21136cb5@group-8921C0FE7E74-SegmentedRaftLogWorker] INFO  segmented.SegmentedRaftLogWorker (SegmentedRaftLogWorker.java:run(327)) - c170d5b9-cf3d-4e56-89e7-d82e21136cb5@group-8921C0FE7E74-SegmentedRaftLogWorker was interrupted, exiting. There are 0 tasks remaining in the queue.
2022-01-10 01:38:49,441 [ForkJoinPool.commonPool-worker-1] INFO  segmented.SegmentedRaftLogWorker (SegmentedRaftLogWorker.java:close(237)) - c170d5b9-cf3d-4e56-89e7-d82e21136cb5@group-8921C0FE7E74-SegmentedRaftLogWorker close()
2022-01-10 01:38:49,442 [ForkJoinPool.commonPool-worker-1] INFO  server.RaftServer$Division (RaftServerImpl.java:lambda$close$4(412)) - c170d5b9-cf3d-4e56-89e7-d82e21136cb5@group-05659CF265FF: shutdown
2022-01-10 01:38:49,442 [ForkJoinPool.commonPool-worker-1] INFO  util.JmxRegister (JmxRegister.java:unregister(73)) - Successfully un-registered JMX Bean with object name Ratis:service=RaftServer,group=group-05659CF265FF,id=c170d5b9-cf3d-4e56-89e7-d82e21136cb5
2022-01-10 01:38:49,442 [ForkJoinPool.commonPool-worker-1] INFO  impl.RoleInfo (RoleInfo.java:shutdownLeaderState(91)) - c170d5b9-cf3d-4e56-89e7-d82e21136cb5: shutdown c170d5b9-cf3d-4e56-89e7-d82e21136cb5@group-05659CF265FF-LeaderStateImpl
2022-01-10 01:38:49,442 [ForkJoinPool.commonPool-worker-1] INFO  impl.PendingRequests (PendingRequests.java:sendNotLeaderResponses(282)) - c170d5b9-cf3d-4e56-89e7-d82e21136cb5@group-05659CF265FF-PendingRequests: sendNotLeaderResponses
2022-01-10 01:38:49,442 [ForkJoinPool.commonPool-worker-1] INFO  impl.StateMachineUpdater (StateMachineUpdater.java:stopAndJoin(149)) - c170d5b9-cf3d-4e56-89e7-d82e21136cb5@group-05659CF265FF-StateMachineUpdater: set stopIndex = 0
2022-01-10 01:38:49,443 [c170d5b9-cf3d-4e56-89e7-d82e21136cb5@group-05659CF265FF-StateMachineUpdater] INFO  ratis.ContainerStateMachine (ContainerStateMachine.java:takeSnapshot(299)) - group-05659CF265FF: Taking a snapshot at:(t:1, i:0) file /home/runner/work/ozone/ozone/hadoop-ozone/integration-test/target/test-dir/MiniOzoneClusterImpl-7b7fc32a-99ce-43ed-b52b-39fc19fe0398/datanode-2/data/ratis/18b32fa0-7b43-45b9-9c7e-05659cf265ff/sm/snapshot.1_0
2022-01-10 01:38:49,445 [c170d5b9-cf3d-4e56-89e7-d82e21136cb5@group-05659CF265FF-StateMachineUpdater] INFO  ratis.ContainerStateMachine (ContainerStateMachine.java:takeSnapshot(310)) - group-05659CF265FF: Finished taking a snapshot at:(t:1, i:0) file:/home/runner/work/ozone/ozone/hadoop-ozone/integration-test/target/test-dir/MiniOzoneClusterImpl-7b7fc32a-99ce-43ed-b52b-39fc19fe0398/datanode-2/data/ratis/18b32fa0-7b43-45b9-9c7e-05659cf265ff/sm/snapshot.1_0 took: 3 ms
2022-01-10 01:38:49,445 [c170d5b9-cf3d-4e56-89e7-d82e21136cb5@group-05659CF265FF-StateMachineUpdater] INFO  impl.StateMachineUpdater (StateMachineUpdater.java:takeSnapshot(281)) - c170d5b9-cf3d-4e56-89e7-d82e21136cb5@group-05659CF265FF-StateMachineUpdater: Took a snapshot at index 0
2022-01-10 01:38:49,446 [c170d5b9-cf3d-4e56-89e7-d82e21136cb5@group-05659CF265FF-StateMachineUpdater] INFO  impl.StateMachineUpdater (StateMachineUpdater.java:lambda$new$0(89)) - c170d5b9-cf3d-4e56-89e7-d82e21136cb5@group-05659CF265FF-StateMachineUpdater: snapshotIndex: updateIncreasingly -1 -> 0
2022-01-10 01:38:49,446 [ForkJoinPool.commonPool-worker-1] INFO  server.RaftServer$Division (ServerState.java:close(419)) - c170d5b9-cf3d-4e56-89e7-d82e21136cb5@group-05659CF265FF: closes. applyIndex: 0
2022-01-10 01:38:49,446 [c170d5b9-cf3d-4e56-89e7-d82e21136cb5@group-05659CF265FF-SegmentedRaftLogWorker] INFO  segmented.SegmentedRaftLogWorker (SegmentedRaftLogWorker.java:run(327)) - c170d5b9-cf3d-4e56-89e7-d82e21136cb5@group-05659CF265FF-SegmentedRaftLogWorker was interrupted, exiting. There are 0 tasks remaining in the queue.
2022-01-10 01:38:49,446 [ForkJoinPool.commonPool-worker-1] INFO  segmented.SegmentedRaftLogWorker (SegmentedRaftLogWorker.java:close(237)) - c170d5b9-cf3d-4e56-89e7-d82e21136cb5@group-05659CF265FF-SegmentedRaftLogWorker close()
2022-01-10 01:38:49,451 [ForkJoinPool.commonPool-worker-1] INFO  server.GrpcService (GrpcService.java:closeImpl(262)) - c170d5b9-cf3d-4e56-89e7-d82e21136cb5: shutdown server with port 44261 now
2022-01-10 01:38:49,454 [grpc-default-executor-0] WARN  client.GrpcClientProtocolService (LogUtils.java:warn(122)) - 1-UnorderedRequestStreamObserver1: onError: org.apache.ratis.thirdparty.io.grpc.StatusRuntimeException: CANCELLED: client cancelled
2022-01-10 01:38:49,473 [ForkJoinPool.commonPool-worker-1] INFO  server.GrpcService (GrpcService.java:closeImpl(271)) - c170d5b9-cf3d-4e56-89e7-d82e21136cb5: shutdown server with port 44261 successfully
2022-01-10 01:38:49,473 [org.apache.ratis.util.JvmPauseMonitor$$Lambda$529/1957356322@3ddfdf9] INFO  util.JvmPauseMonitor (JvmPauseMonitor.java:run(109)) - JvmPauseMonitor-c170d5b9-cf3d-4e56-89e7-d82e21136cb5: Stopped
2022-01-10 01:38:51,495 [ForkJoinPool.commonPool-worker-1] INFO  utils.BackgroundService (BackgroundService.java:shutdown(132)) - Shutting down service BlockDeletingService
2022-01-10 01:38:54,500 [ForkJoinPool.commonPool-worker-1] INFO  statemachine.DatanodeStateMachine (DatanodeStateMachine.java:stopDaemon(526)) - Ozone container server stopped.
2022-01-10 01:38:54,503 [ForkJoinPool.commonPool-worker-1] INFO  handler.ContextHandler (ContextHandler.java:doStop(1153)) - Stopped o.e.j.w.WebAppContext@5b871b4d{hddsDatanode,/,null,STOPPED}{jar:file:/home/runner/.m2/repository/org/apache/ozone/hdds-container-service/1.3.0-SNAPSHOT/hdds-container-service-1.3.0-SNAPSHOT.jar!/webapps/hddsDatanode}
2022-01-10 01:38:54,504 [ForkJoinPool.commonPool-worker-1] INFO  server.AbstractConnector (AbstractConnector.java:doStop(381)) - Stopped ServerConnector@4ef5094d{HTTP/1.1, (http/1.1)}{0.0.0.0:0}
2022-01-10 01:38:54,504 [ForkJoinPool.commonPool-worker-1] INFO  server.session (HouseKeeper.java:stopScavenging(149)) - node0 Stopped scavenging
2022-01-10 01:38:54,505 [ForkJoinPool.commonPool-worker-1] INFO  handler.ContextHandler (ContextHandler.java:doStop(1153)) - Stopped o.e.j.s.ServletContextHandler@5e6ef21a{static,/static,jar:file:/home/runner/.m2/repository/org/apache/ozone/hdds-container-service/1.3.0-SNAPSHOT/hdds-container-service-1.3.0-SNAPSHOT.jar!/webapps/static,STOPPED}
2022-01-10 01:38:54,505 [ForkJoinPool.commonPool-worker-1] INFO  handler.ContextHandler (ContextHandler.java:doStop(1153)) - Stopped o.e.j.s.ServletContextHandler@608e2661{logs,/logs,file:///home/runner/work/ozone/ozone/hadoop-ozone/integration-test/target/log,STOPPED}
2022-01-10 01:38:54,526 [Listener at 127.0.0.1/36119] INFO  ozone.MiniOzoneClusterImpl (MiniOzoneClusterImpl.java:stopSCM(542)) - Stopping the StorageContainerManager
2022-01-10 01:38:54,526 [Listener at 127.0.0.1/36119] INFO  server.StorageContainerManager (StorageContainerManager.java:stop(1390)) - Stopping Container Balancer service.
2022-01-10 01:38:54,526 [Listener at 127.0.0.1/36119] INFO  balancer.ContainerBalancer (ContainerBalancer.java:stop(748)) - Container Balancer is not running.
2022-01-10 01:38:54,526 [Listener at 127.0.0.1/36119] INFO  server.StorageContainerManager (StorageContainerManager.java:stop(1397)) - Stopping Replication Manager Service.
2022-01-10 01:38:54,526 [Listener at 127.0.0.1/36119] INFO  container.ReplicationManager (ReplicationManager.java:stop(350)) - Stopping Replication Monitor Thread.
2022-01-10 01:38:54,526 [Listener at 127.0.0.1/36119] INFO  server.StorageContainerManager (StorageContainerManager.java:stop(1404)) - Stopping the Datanode Admin Monitor.
2022-01-10 01:38:54,526 [Listener at 127.0.0.1/36119] INFO  server.StorageContainerManager (StorageContainerManager.java:stop(1411)) - Stopping Lease Manager of the command watchers
2022-01-10 01:38:54,526 [Listener at 127.0.0.1/36119] INFO  server.StorageContainerManager (StorageContainerManager.java:stop(1418)) - Stopping datanode service RPC server
2022-01-10 01:38:54,527 [Listener at 127.0.0.1/36119] INFO  server.SCMDatanodeProtocolServer (SCMDatanodeProtocolServer.java:stop(390)) - Stopping the RPC server for DataNodes
2022-01-10 01:38:54,527 [Listener at 127.0.0.1/36119] INFO  ipc.Server (Server.java:stop(3414)) - Stopping server on 38003
2022-01-10 01:38:54,538 [IPC Server Responder] INFO  ipc.Server (Server.java:run(1512)) - Stopping IPC Server Responder
2022-01-10 01:38:54,538 [IPC Server listener on 0] INFO  ipc.Server (Server.java:run(1376)) - Stopping IPC Server listener on 0
2022-01-10 01:38:54,549 [SCM Heartbeat Processing Thread - 0] WARN  node.NodeStateManager (NodeStateManager.java:scheduleNextHealthCheck(799)) - Current Thread is interrupted, shutting down HB processing thread for Node Manager.
2022-01-10 01:38:54,550 [Listener at 127.0.0.1/36119] INFO  server.StorageContainerManager (StorageContainerManager.java:stop(1426)) - Stopping block service RPC server
2022-01-10 01:38:54,550 [Listener at 127.0.0.1/36119] INFO  server.SCMBlockProtocolServer (SCMBlockProtocolServer.java:stop(160)) - Stopping the RPC server for Block Protocol
2022-01-10 01:38:54,550 [Listener at 127.0.0.1/36119] INFO  ipc.Server (Server.java:stop(3414)) - Stopping server on 37159
2022-01-10 01:38:54,552 [IPC Server listener on 0] INFO  ipc.Server (Server.java:run(1376)) - Stopping IPC Server listener on 0
2022-01-10 01:38:54,553 [Listener at 127.0.0.1/36119] INFO  server.StorageContainerManager (StorageContainerManager.java:stop(1433)) - Stopping the StorageContainerLocationProtocol RPC server
2022-01-10 01:38:54,553 [Listener at 127.0.0.1/36119] INFO  server.SCMClientProtocolServer (SCMClientProtocolServer.java:stop(173)) - Stopping the RPC server for Client Protocol
2022-01-10 01:38:54,553 [Listener at 127.0.0.1/36119] INFO  ipc.Server (Server.java:stop(3414)) - Stopping server on 44339
2022-01-10 01:38:54,553 [IPC Server Responder] INFO  ipc.Server (Server.java:run(1512)) - Stopping IPC Server Responder
2022-01-10 01:38:54,569 [IPC Server Responder] INFO  ipc.Server (Server.java:run(1512)) - Stopping IPC Server Responder
2022-01-10 01:38:54,569 [Listener at 127.0.0.1/36119] INFO  server.StorageContainerManager (StorageContainerManager.java:stop(1440)) - Stopping Storage Container Manager HTTP server.
2022-01-10 01:38:54,570 [Listener at 127.0.0.1/36119] INFO  handler.ContextHandler (ContextHandler.java:doStop(1153)) - Stopped o.e.j.w.WebAppContext@500c0bda{scm,/,null,STOPPED}{file:/home/runner/work/ozone/ozone/hadoop-ozone/integration-test/target/test-classes/webapps/scm}
2022-01-10 01:38:54,570 [IPC Server listener on 0] INFO  ipc.Server (Server.java:run(1376)) - Stopping IPC Server listener on 0
2022-01-10 01:38:54,570 [Listener at 127.0.0.1/36119] INFO  server.AbstractConnector (AbstractConnector.java:doStop(381)) - Stopped ServerConnector@19c9e237{HTTP/1.1, (http/1.1)}{0.0.0.0:0}
2022-01-10 01:38:54,570 [Listener at 127.0.0.1/36119] INFO  server.session (HouseKeeper.java:stopScavenging(149)) - node0 Stopped scavenging
2022-01-10 01:38:54,571 [Listener at 127.0.0.1/36119] INFO  handler.ContextHandler (ContextHandler.java:doStop(1153)) - Stopped o.e.j.s.ServletContextHandler@251ddb57{static,/static,file:///home/runner/work/ozone/ozone/hadoop-ozone/integration-test/target/test-classes/webapps/static,STOPPED}
2022-01-10 01:38:54,571 [Listener at 127.0.0.1/36119] INFO  handler.ContextHandler (ContextHandler.java:doStop(1153)) - Stopped o.e.j.s.ServletContextHandler@7d4e082e{logs,/logs,file:///home/runner/work/ozone/ozone/hadoop-ozone/integration-test/target/log,STOPPED}
2022-01-10 01:38:54,595 [Listener at 127.0.0.1/36119] INFO  server.StorageContainerManager (StorageContainerManager.java:stop(1451)) - Stopping Block Manager Service.
2022-01-10 01:38:54,595 [Listener at 127.0.0.1/36119] INFO  utils.BackgroundService (BackgroundService.java:shutdown(132)) - Shutting down service SCMBlockDeletingService
2022-01-10 01:38:54,595 [Listener at 127.0.0.1/36119] INFO  utils.BackgroundService (BackgroundService.java:shutdown(132)) - Shutting down service SCMBlockDeletingService
2022-01-10 01:38:54,595 [Listener at 127.0.0.1/36119] INFO  server.StorageContainerManager (StorageContainerManager.java:stop(1478)) - Stopping SCM Event Queue.
2022-01-10 01:38:54,618 [Listener at 127.0.0.1/36119] INFO  server.StorageContainerManager (StorageContainerManager.java:stop(1489)) - Stopping SCM HA services.
2022-01-10 01:38:54,618 [Listener at 127.0.0.1/36119] INFO  pipeline.BackgroundPipelineCreator (BackgroundPipelineCreator.java:stop(158)) - Stopping RatisPipelineUtilsThread.
2022-01-10 01:38:54,618 [Listener at 127.0.0.1/36119] INFO  server.StorageContainerManager (StorageContainerManager.java:stop(1499)) - Stopping SCM MetadataStore.
2022-01-10 01:38:54,619 [Listener at 127.0.0.1/36119] INFO  impl.MetricsSystemImpl (MetricsSystemImpl.java:stop(210)) - Stopping HddsDatanode metrics system...
2022-01-10 01:38:54,641 [prometheus] INFO  impl.MetricsSinkAdapter (MetricsSinkAdapter.java:publishMetricsFromQueue(141)) - prometheus thread interrupted.
2022-01-10 01:38:54,642 [Listener at 127.0.0.1/36119] INFO  impl.MetricsSystemImpl (MetricsSystemImpl.java:stop(216)) - HddsDatanode metrics system stopped.
2022-01-10 01:38:54,801 [Listener at 127.0.0.1/36119] WARN  server.ServerUtils (ServerUtils.java:getScmDbDir(148)) - ozone.scm.db.dirs is not configured. We recommend adding this setting. Falling back to ozone.metadata.dirs instead.
2022-01-10 01:38:54,804 [Listener at 127.0.0.1/36119] INFO  ha.SCMHANodeDetails (SCMHANodeDetails.java:loadSCMHAConfig(157)) - ServiceID for StorageContainerManager is null
2022-01-10 01:38:54,804 [Listener at 127.0.0.1/36119] INFO  ha.SCMHANodeDetails (SCMHANodeDetails.java:loadSCMHAConfig(162)) - ozone.scm.default.service.id is not defined, falling back to ozone.scm.service.ids to find serviceID for StorageContainerManager if it is HA enabled cluster
2022-01-10 01:38:54,804 [Listener at 127.0.0.1/36119] WARN  server.ServerUtils (ServerUtils.java:getScmDbDir(148)) - ozone.scm.db.dirs is not configured. We recommend adding this setting. Falling back to ozone.metadata.dirs instead.
2022-01-10 01:38:54,805 [Listener at 127.0.0.1/36119] INFO  upgrade.AbstractLayoutVersionManager (AbstractLayoutVersionManager.java:init(79)) - Initializing Layout version manager with metadata layout = SCM_HA (version = 2), software layout = SCM_HA (version = 2)
2022-01-10 01:38:54,927 [Listener at 127.0.0.1/36119] INFO  reflections.Reflections (Reflections.java:scan(232)) - Reflections took 117 ms to scan 7 urls, producing 119 keys and 279 values 
2022-01-10 01:38:54,929 [Listener at 127.0.0.1/36119] WARN  utils.HAUtils (HAUtils.java:getMetaDir(342)) - ozone.scm.db.dirs is not configured. We recommend adding this setting. Falling back to ozone.metadata.dirs instead.
2022-01-10 01:38:54,941 [Listener at 127.0.0.1/36119] WARN  db.DBStoreBuilder (DBStoreBuilder.java:applyDBDefinition(145)) - ozone.scm.db.dirs is not configured. We recommend adding this setting. Falling back to ozone.metadata.dirs instead.
2022-01-10 01:38:55,123 [Listener at 127.0.0.1/36119] INFO  net.NodeSchemaLoader (NodeSchemaLoader.java:loadSchemaFromFile(129)) - Loading schema from [jar:file:/home/runner/.m2/repository/org/apache/ozone/hdds-common/1.3.0-SNAPSHOT/hdds-common-1.3.0-SNAPSHOT.jar!/network-topology-default.xml]
2022-01-10 01:38:55,124 [Listener at 127.0.0.1/36119] INFO  net.NodeSchemaLoader (NodeSchemaLoader.java:loadSchema(176)) - Loading network topology layer schema file
2022-01-10 01:38:55,161 [Listener at 127.0.0.1/36119] INFO  ha.SequenceIdGenerator (SequenceIdGenerator.java:upgradeToSequenceId(347)) - upgrade localId to 109611004723200000
2022-01-10 01:38:55,167 [Listener at 127.0.0.1/36119] INFO  ha.SequenceIdGenerator (SequenceIdGenerator.java:upgradeToSequenceId(357)) - upgrade delTxnId to 0
2022-01-10 01:38:55,167 [Listener at 127.0.0.1/36119] INFO  ha.SequenceIdGenerator (SequenceIdGenerator.java:upgradeToSequenceId(371)) - upgrade containerId to 0
2022-01-10 01:38:55,168 [Listener at 127.0.0.1/36119] INFO  ha.SequenceIdGenerator (SequenceIdGenerator.java:<init>(218)) - Init the HA SequenceIdGenerator.
2022-01-10 01:38:55,168 [Listener at 127.0.0.1/36119] WARN  server.ServerUtils (ServerUtils.java:sanitizeUserArgs(73)) - ozone.scm.stale.node.interval value = 300000 is larger than max = 100000 based on the key value of ozone.scm.heartbeat.thread.interval, reset to the max value 100000.
2022-01-10 01:38:55,168 [Listener at 127.0.0.1/36119] WARN  server.ServerUtils (ServerUtils.java:sanitizeUserArgs(73)) - ozone.scm.stale.node.interval value = 300000 is larger than max = 100000 based on the key value of ozone.scm.heartbeat.thread.interval, reset to the max value 100000.
2022-01-10 01:38:55,173 [Listener at 127.0.0.1/36119] INFO  node.SCMNodeManager (SCMNodeManager.java:<init>(144)) - Entering startup safe mode.
2022-01-10 01:38:55,173 [Listener at 127.0.0.1/36119] INFO  algorithms.ContainerPlacementPolicyFactory (ContainerPlacementPolicyFactory.java:getPolicy(60)) - Create container placement policy of type org.apache.hadoop.hdds.scm.container.placement.algorithms.SCMContainerPlacementRandom
2022-01-10 01:38:55,173 [Listener at 127.0.0.1/36119] INFO  pipeline.PipelineStateManagerImpl (PipelineStateManagerImpl.java:initialize(78)) - No pipeline exists in current db
2022-01-10 01:38:55,173 [Listener at 127.0.0.1/36119] INFO  algorithms.LeaderChoosePolicyFactory (LeaderChoosePolicyFactory.java:getPolicy(57)) - Create leader choose policy of type org.apache.hadoop.hdds.scm.pipeline.leader.choose.algorithms.MinLeaderCountChoosePolicy
2022-01-10 01:38:55,174 [Listener at 127.0.0.1/36119] INFO  ha.SCMServiceManager (SCMServiceManager.java:register(43)) - Registering service BackgroundPipelineCreator.
2022-01-10 01:38:55,174 [Listener at 127.0.0.1/36119] INFO  pipeline.BackgroundPipelineCreator (BackgroundPipelineCreator.java:start(130)) - Starting RatisPipelineUtilsThread.
2022-01-10 01:38:55,175 [Listener at 127.0.0.1/36119] INFO  algorithms.PipelineChoosePolicyFactory (PipelineChoosePolicyFactory.java:createPipelineChoosePolicyFromClass(73)) - Create pipeline choose policy of type org.apache.hadoop.hdds.scm.pipeline.choose.algorithms.RandomPipelineChoosePolicy
2022-01-10 01:38:55,176 [Listener at 127.0.0.1/36119] INFO  ha.SCMServiceManager (SCMServiceManager.java:register(43)) - Registering service SCMBlockDeletingService.
2022-01-10 01:38:55,176 [Listener at 127.0.0.1/36119] INFO  ha.SCMServiceManager (SCMServiceManager.java:register(43)) - Registering service ReplicationManager.
2022-01-10 01:38:55,176 [Listener at 127.0.0.1/36119] INFO  container.ReplicationManager (ReplicationManager.java:start(319)) - Starting Replication Monitor Thread.
2022-01-10 01:38:55,177 [Listener at 127.0.0.1/36119] INFO  safemode.ContainerSafeModeRule (ContainerSafeModeRule.java:<init>(89)) - containers with one replica threshold count 0
2022-01-10 01:38:55,177 [Listener at 127.0.0.1/36119] INFO  safemode.HealthyPipelineSafeModeRule (HealthyPipelineSafeModeRule.java:initializeRule(156)) - Total pipeline count is 0, healthy pipeline threshold count is 1
2022-01-10 01:38:55,177 [Listener at 127.0.0.1/36119] INFO  safemode.OneReplicaPipelineSafeModeRule (OneReplicaPipelineSafeModeRule.java:initializeRule(180)) - Total pipeline count is 0, pipeline's with at least one datanode reported threshold count is 0
2022-01-10 01:38:55,179 [Listener at 127.0.0.1/36119] INFO  ipc.CallQueueManager (CallQueueManager.java:<init>(90)) - Using callQueue: class java.util.concurrent.LinkedBlockingQueue, queueCapacity: 2000, scheduler: class org.apache.hadoop.ipc.DefaultRpcScheduler, ipcBackoff: false.
2022-01-10 01:38:55,179 [Socket Reader #1 for port 0] INFO  ipc.Server (Server.java:run(1265)) - Starting Socket Reader #1 for port 0
2022-01-10 01:38:55,180 [Listener at 0.0.0.0/40925] INFO  ipc.CallQueueManager (CallQueueManager.java:<init>(90)) - Using callQueue: class java.util.concurrent.LinkedBlockingQueue, queueCapacity: 2000, scheduler: class org.apache.hadoop.ipc.DefaultRpcScheduler, ipcBackoff: false.
2022-01-10 01:38:55,180 [Socket Reader #1 for port 0] INFO  ipc.Server (Server.java:run(1265)) - Starting Socket Reader #1 for port 0
2022-01-10 01:38:55,181 [Listener at 0.0.0.0/45995] INFO  ipc.CallQueueManager (CallQueueManager.java:<init>(90)) - Using callQueue: class java.util.concurrent.LinkedBlockingQueue, queueCapacity: 2000, scheduler: class org.apache.hadoop.ipc.DefaultRpcScheduler, ipcBackoff: false.
2022-01-10 01:38:55,181 [Socket Reader #1 for port 0] INFO  ipc.Server (Server.java:run(1265)) - Starting Socket Reader #1 for port 0
2022-01-10 01:38:55,190 [ReplicationMonitor] INFO  container.ReplicationManager (ReplicationManager.java:processAll(371)) - Replication Monitor Thread took 0 milliseconds for processing 0 containers.
2022-01-10 01:38:55,235 [Listener at 0.0.0.0/33333] INFO  algorithms.ContainerPlacementPolicyFactory (ContainerPlacementPolicyFactory.java:getPolicy(60)) - Create container placement policy of type org.apache.hadoop.hdds.scm.container.placement.algorithms.SCMContainerPlacementRandom
2022-01-10 01:38:55,236 [Listener at 0.0.0.0/33333] INFO  server.StorageContainerManager (StorageContainerManager.java:<init>(388)) - 
Container Balancer status:
Key                            Value
Running                        false
Container Balancer Configuration values:
Key                                                Value
Threshold                                          0.1
Max Datanodes to Involve per Iteration(ratio)      0.2
Max Size to Move per Iteration                     30GB
Max Size Entering Target per Iteration             26GB
Max Size Leaving Source per Iteration              26GB

2022-01-10 01:38:55,236 [Listener at 0.0.0.0/33333] WARN  events.EventQueue (EventQueue.java:fireEvent(194)) - No event handler registered for event TypedEvent{payloadType=SafeModeStatus, name='Safe mode status'}
2022-01-10 01:38:55,236 [Listener at 0.0.0.0/33333] INFO  ha.SCMContext (SCMContext.java:updateSafeModeStatus(211)) - Update SafeModeStatus from SafeModeStatus{safeModeStatus=true, preCheckPassed=false} to SafeModeStatus{safeModeStatus=true, preCheckPassed=false}.
2022-01-10 01:38:55,236 [Listener at 0.0.0.0/33333] INFO  server.StorageContainerManager (StorageContainerManager.java:start(1303)) - StorageContainerLocationProtocol RPC server is listening at /0.0.0.0:33333
2022-01-10 01:38:55,238 [Listener at 0.0.0.0/33333] WARN  impl.MetricsConfig (MetricsConfig.java:loadFirst(136)) - Cannot locate configuration: tried hadoop-metrics2-storagecontainermanager.properties,hadoop-metrics2.properties
2022-01-10 01:38:55,238 [Listener at 0.0.0.0/33333] INFO  impl.MetricsSystemImpl (MetricsSystemImpl.java:startTimer(378)) - Scheduled Metric snapshot period at 10 second(s).
2022-01-10 01:38:55,238 [Listener at 0.0.0.0/33333] INFO  impl.MetricsSystemImpl (MetricsSystemImpl.java:start(191)) - StorageContainerManager metrics system started
2022-01-10 01:38:55,258 [Listener at 0.0.0.0/33333] INFO  impl.MetricsSinkAdapter (MetricsSinkAdapter.java:start(204)) - Sink prometheus started
2022-01-10 01:38:55,258 [Listener at 0.0.0.0/33333] INFO  impl.MetricsSystemImpl (MetricsSystemImpl.java:registerSink(305)) - Registered sink prometheus
2022-01-10 01:38:55,291 [Listener at 0.0.0.0/33333] INFO  server.SCMClientProtocolServer (SCMClientProtocolServer.java:start(164)) - RPC server for Client  is listening at /0.0.0.0:33333
2022-01-10 01:38:55,291 [IPC Server Responder] INFO  ipc.Server (Server.java:run(1507)) - IPC Server Responder: starting
2022-01-10 01:38:55,318 [IPC Server listener on 0] INFO  ipc.Server (Server.java:run(1344)) - IPC Server listener on 0: starting
2022-01-10 01:38:55,330 [Listener at 0.0.0.0/33333] INFO  server.StorageContainerManager (StorageContainerManager.java:start(1318)) - ScmBlockLocationProtocol RPC server is listening at /0.0.0.0:45995
2022-01-10 01:38:55,330 [Listener at 0.0.0.0/33333] INFO  server.SCMBlockProtocolServer (SCMBlockProtocolServer.java:start(151)) - RPC server for Block Protocol is listening at /0.0.0.0:45995
2022-01-10 01:38:55,330 [IPC Server Responder] INFO  ipc.Server (Server.java:run(1507)) - IPC Server Responder: starting
2022-01-10 01:38:55,330 [IPC Server listener on 0] INFO  ipc.Server (Server.java:run(1344)) - IPC Server listener on 0: starting
2022-01-10 01:38:55,332 [Listener at 0.0.0.0/33333] INFO  server.SCMDatanodeProtocolServer (SCMDatanodeProtocolServer.java:start(181)) - ScmDatanodeProtocol RPC server for DataNodes is listening at /0.0.0.0:40925
2022-01-10 01:38:55,334 [IPC Server Responder] INFO  ipc.Server (Server.java:run(1507)) - IPC Server Responder: starting
2022-01-10 01:38:55,334 [IPC Server listener on 0] INFO  ipc.Server (Server.java:run(1344)) - IPC Server listener on 0: starting
2022-01-10 01:38:55,346 [org.apache.hadoop.util.JvmPauseMonitor$Monitor@14b59871] INFO  util.JvmPauseMonitor (JvmPauseMonitor.java:run(188)) - Starting JVM pause monitor
2022-01-10 01:38:55,353 [Listener at 0.0.0.0/33333] INFO  http.BaseHttpServer (BaseHttpServer.java:newHttpServer2BuilderForOzone(209)) - Starting Web-server for scm at: http://0.0.0.0:0
2022-01-10 01:38:55,354 [Listener at 0.0.0.0/33333] INFO  http.BaseHttpServer (BaseHttpServer.java:<init>(107)) - Hadoop Security Enabled: false Ozone Security Enabled: false Ozone HTTP Security Enabled: false 
2022-01-10 01:38:55,358 [Listener at 0.0.0.0/33333] INFO  server.AuthenticationFilter (AuthenticationFilter.java:constructSecretProvider(240)) - Unable to initialize FileSignerSecretProvider, falling back to use random secrets.
2022-01-10 01:38:55,359 [Listener at 0.0.0.0/33333] WARN  http.HttpRequestLog (HttpRequestLog.java:getRequestLog(103)) - Jetty request log can only be enabled using Log4j
2022-01-10 01:38:55,360 [Listener at 0.0.0.0/33333] INFO  http.HttpServer2 (HttpServer2.java:addGlobalFilter(1030)) - Added global filter 'safety' (class=org.apache.hadoop.hdds.server.http.HttpServer2$QuotingInputFilter)
2022-01-10 01:38:55,360 [Listener at 0.0.0.0/33333] INFO  http.HttpServer2 (HttpServer2.java:addFilter(1006)) - Added filter static_user_filter (class=org.apache.hadoop.http.lib.StaticUserWebFilter$StaticUserFilter) to context scm
2022-01-10 01:38:55,360 [Listener at 0.0.0.0/33333] INFO  http.HttpServer2 (HttpServer2.java:addFilter(1014)) - Added filter static_user_filter (class=org.apache.hadoop.http.lib.StaticUserWebFilter$StaticUserFilter) to context logs
2022-01-10 01:38:55,360 [Listener at 0.0.0.0/33333] INFO  http.HttpServer2 (HttpServer2.java:addFilter(1014)) - Added filter static_user_filter (class=org.apache.hadoop.http.lib.StaticUserWebFilter$StaticUserFilter) to context static
2022-01-10 01:38:55,361 [Listener at 0.0.0.0/33333] INFO  http.HttpServer2 (HttpServer2.java:bindListener(1249)) - Jetty bound to port 38659
2022-01-10 01:38:55,361 [Listener at 0.0.0.0/33333] INFO  server.Server (Server.java:doStart(375)) - jetty-9.4.43.v20210629; built: 2021-06-30T11:07:22.254Z; git: 526006ecfa3af7f1a27ef3a288e2bef7ea9dd7e8; jvm 1.8.0_292-b10
2022-01-10 01:38:55,365 [Listener at 0.0.0.0/33333] INFO  server.session (DefaultSessionIdManager.java:doStart(334)) - DefaultSessionIdManager workerName=node0
2022-01-10 01:38:55,365 [Listener at 0.0.0.0/33333] INFO  server.session (DefaultSessionIdManager.java:doStart(339)) - No SessionScavenger set, using defaults
2022-01-10 01:38:55,370 [Listener at 0.0.0.0/33333] INFO  server.session (HouseKeeper.java:startScavenging(132)) - node0 Scavenging every 600000ms
2022-01-10 01:38:55,376 [Listener at 0.0.0.0/33333] INFO  handler.ContextHandler (ContextHandler.java:doStart(915)) - Started o.e.j.s.ServletContextHandler@6e7b53df{logs,/logs,file:///home/runner/work/ozone/ozone/hadoop-ozone/integration-test/target/log,AVAILABLE}
2022-01-10 01:38:55,376 [Listener at 0.0.0.0/33333] INFO  handler.ContextHandler (ContextHandler.java:doStart(915)) - Started o.e.j.s.ServletContextHandler@33092f6e{static,/static,file:///home/runner/work/ozone/ozone/hadoop-ozone/integration-test/target/test-classes/webapps/static,AVAILABLE}
2022-01-10 01:38:55,397 [Listener at 0.0.0.0/33333] INFO  handler.ContextHandler (ContextHandler.java:doStart(915)) - Started o.e.j.w.WebAppContext@37d11b78{scm,/,file:///home/runner/work/ozone/ozone/hadoop-ozone/integration-test/target/test-classes/webapps/scm/,AVAILABLE}{file:/home/runner/work/ozone/ozone/hadoop-ozone/integration-test/target/test-classes/webapps/scm}
2022-01-10 01:38:55,436 [Listener at 0.0.0.0/33333] INFO  server.AbstractConnector (AbstractConnector.java:doStart(331)) - Started ServerConnector@3ed88f8f{HTTP/1.1, (http/1.1)}{0.0.0.0:38659}
2022-01-10 01:38:55,436 [Listener at 0.0.0.0/33333] INFO  server.Server (Server.java:doStart(415)) - Started @213706ms
2022-01-10 01:38:55,436 [Listener at 0.0.0.0/33333] WARN  impl.MetricsSystemImpl (MetricsSystemImpl.java:register(279)) - Sink prometheus already exists!
2022-01-10 01:38:55,437 [Listener at 0.0.0.0/33333] INFO  http.BaseHttpServer (BaseHttpServer.java:updateConnectorAddress(329)) - HTTP server of scm listening at http://0.0.0.0:38659
2022-01-10 01:38:55,437 [Listener at 0.0.0.0/33333] WARN  server.ServerUtils (ServerUtils.java:getDBPath(225)) - ozone.om.db.dirs is not configured. We recommend adding this setting. Falling back to ozone.metadata.dirs instead.
2022-01-10 01:38:55,444 [Listener at 0.0.0.0/33333] INFO  ha.OMHANodeDetails (OMHANodeDetails.java:loadOMHAConfig(112)) - ozone.om.internal.service.id is not defined, falling back to ozone.om.service.ids to find serviceID for OzoneManager if it is HA enabled cluster
2022-01-10 01:38:55,444 [Listener at 0.0.0.0/33333] INFO  ha.OMHANodeDetails (OMHANodeDetails.java:loadOMHAConfig(218)) - Configuration does not have ozone.om.address set. Falling back to the default OM address /127.0.0.1:0
2022-01-10 01:38:55,444 [Listener at 0.0.0.0/33333] INFO  ha.OMHANodeDetails (OMHANodeDetails.java:getOMNodeDetailsForNonHA(246)) - OM Service ID is not set. Setting it to the default ID: omServiceIdDefault
2022-01-10 01:38:55,444 [Listener at 0.0.0.0/33333] INFO  ha.OMHANodeDetails (OMHANodeDetails.java:getOMNodeDetailsForNonHA(253)) - OM Node ID is not set. Setting it to the default ID: om1
2022-01-10 01:38:55,445 [Listener at 0.0.0.0/33333] WARN  server.ServerUtils (ServerUtils.java:getDBPath(225)) - ozone.om.db.dirs is not configured. We recommend adding this setting. Falling back to ozone.metadata.dirs instead.
2022-01-10 01:38:55,445 [Listener at 0.0.0.0/33333] INFO  upgrade.AbstractLayoutVersionManager (AbstractLayoutVersionManager.java:init(79)) - Initializing Layout version manager with metadata layout = INITIAL_VERSION (version = 0), software layout = INITIAL_VERSION (version = 0)
2022-01-10 01:38:55,604 [Listener at 0.0.0.0/33333] INFO  reflections.Reflections (Reflections.java:scan(232)) - Reflections took 158 ms to scan 2 urls, producing 133 keys and 345 values [using 2 cores]
2022-01-10 01:38:55,604 [Listener at 0.0.0.0/33333] INFO  upgrade.OMLayoutVersionManager (OMLayoutVersionManager.java:lambda$0(115)) - Skipping Upgrade Action MockOmUpgradeAction since it has been finalized.
2022-01-10 01:38:55,605 [Listener at 0.0.0.0/33333] WARN  server.ServerUtils (ServerUtils.java:getDBPath(225)) - ozone.om.db.dirs is not configured. We recommend adding this setting. Falling back to ozone.metadata.dirs instead.
2022-01-10 01:38:55,686 [Listener at 0.0.0.0/33333] WARN  server.ServerUtils (ServerUtils.java:getDBPath(225)) - ozone.om.db.dirs is not configured. We recommend adding this setting. Falling back to ozone.metadata.dirs instead.
2022-01-10 01:38:55,687 [Listener at 0.0.0.0/33333] INFO  codec.OmKeyInfoCodec (OmKeyInfoCodec.java:<init>(50)) - OmKeyInfoCodec ignorePipeline = true
2022-01-10 01:38:55,687 [Listener at 0.0.0.0/33333] INFO  codec.RepeatedOmKeyInfoCodec (RepeatedOmKeyInfoCodec.java:<init>(42)) - RepeatedOmKeyInfoCodec ignorePipeline = true
2022-01-10 01:38:55,903 [Listener at 0.0.0.0/33333] INFO  om.OzoneManager (OzoneManager.java:addS3GVolumeToDB(3728)) - Created Volume s3v With Owner runner required for S3Gateway operations.
2022-01-10 01:38:55,912 [Listener at 0.0.0.0/33333] INFO  ipc.CallQueueManager (CallQueueManager.java:<init>(90)) - Using callQueue: class java.util.concurrent.LinkedBlockingQueue, queueCapacity: 2000, scheduler: class org.apache.hadoop.ipc.DefaultRpcScheduler, ipcBackoff: false.
2022-01-10 01:38:55,944 [Socket Reader #1 for port 0] INFO  ipc.Server (Server.java:run(1265)) - Starting Socket Reader #1 for port 0
2022-01-10 01:38:55,970 [Listener at 127.0.0.1/39021] INFO  impl.MetricsSystemImpl (MetricsSystemImpl.java:init(158)) - OzoneManager metrics system started (again)
2022-01-10 01:38:55,985 [Listener at 127.0.0.1/39021] INFO  om.OzoneManager (OzoneManager.java:start(1365)) - OzoneManager RPC server is listening at localhost/127.0.0.1:39021
2022-01-10 01:38:55,985 [Listener at 127.0.0.1/39021] INFO  om.OzoneManager (OzoneManager.java:start(1381)) - Version File has different layout version (0) than OM DB (null). That is expected if this OM has never been finalized to a newer layout version.
2022-01-10 01:38:55,987 [Listener at 127.0.0.1/39021] INFO  http.BaseHttpServer (BaseHttpServer.java:newHttpServer2BuilderForOzone(209)) - Starting Web-server for ozoneManager at: http://0.0.0.0:0
2022-01-10 01:38:55,987 [Listener at 127.0.0.1/39021] INFO  http.BaseHttpServer (BaseHttpServer.java:<init>(107)) - Hadoop Security Enabled: false Ozone Security Enabled: false Ozone HTTP Security Enabled: false 
2022-01-10 01:38:55,988 [Listener at 127.0.0.1/39021] INFO  server.AuthenticationFilter (AuthenticationFilter.java:constructSecretProvider(240)) - Unable to initialize FileSignerSecretProvider, falling back to use random secrets.
2022-01-10 01:38:55,995 [Listener at 127.0.0.1/39021] WARN  http.HttpRequestLog (HttpRequestLog.java:getRequestLog(103)) - Jetty request log can only be enabled using Log4j
2022-01-10 01:38:55,995 [Listener at 127.0.0.1/39021] INFO  http.HttpServer2 (HttpServer2.java:addGlobalFilter(1030)) - Added global filter 'safety' (class=org.apache.hadoop.hdds.server.http.HttpServer2$QuotingInputFilter)
2022-01-10 01:38:55,996 [Listener at 127.0.0.1/39021] INFO  http.HttpServer2 (HttpServer2.java:addFilter(1006)) - Added filter static_user_filter (class=org.apache.hadoop.http.lib.StaticUserWebFilter$StaticUserFilter) to context ozoneManager
2022-01-10 01:38:55,996 [Listener at 127.0.0.1/39021] INFO  http.HttpServer2 (HttpServer2.java:addFilter(1014)) - Added filter static_user_filter (class=org.apache.hadoop.http.lib.StaticUserWebFilter$StaticUserFilter) to context logs
2022-01-10 01:38:55,996 [Listener at 127.0.0.1/39021] INFO  http.HttpServer2 (HttpServer2.java:addFilter(1014)) - Added filter static_user_filter (class=org.apache.hadoop.http.lib.StaticUserWebFilter$StaticUserFilter) to context static
2022-01-10 01:38:55,997 [Listener at 127.0.0.1/39021] INFO  http.HttpServer2 (HttpServer2.java:bindListener(1249)) - Jetty bound to port 36593
2022-01-10 01:38:55,997 [Listener at 127.0.0.1/39021] INFO  server.Server (Server.java:doStart(375)) - jetty-9.4.43.v20210629; built: 2021-06-30T11:07:22.254Z; git: 526006ecfa3af7f1a27ef3a288e2bef7ea9dd7e8; jvm 1.8.0_292-b10
2022-01-10 01:38:55,999 [Listener at 127.0.0.1/39021] INFO  server.session (DefaultSessionIdManager.java:doStart(334)) - DefaultSessionIdManager workerName=node0
2022-01-10 01:38:55,999 [Listener at 127.0.0.1/39021] INFO  server.session (DefaultSessionIdManager.java:doStart(339)) - No SessionScavenger set, using defaults
2022-01-10 01:38:55,999 [Listener at 127.0.0.1/39021] INFO  server.session (HouseKeeper.java:startScavenging(132)) - node0 Scavenging every 600000ms
2022-01-10 01:38:56,000 [Listener at 127.0.0.1/39021] INFO  handler.ContextHandler (ContextHandler.java:doStart(915)) - Started o.e.j.s.ServletContextHandler@4769548f{logs,/logs,file:///home/runner/work/ozone/ozone/hadoop-ozone/integration-test/target/log,AVAILABLE}
2022-01-10 01:38:56,000 [Listener at 127.0.0.1/39021] INFO  handler.ContextHandler (ContextHandler.java:doStart(915)) - Started o.e.j.s.ServletContextHandler@2c7ad3e2{static,/static,file:///home/runner/work/ozone/ozone/hadoop-ozone/integration-test/target/test-classes/webapps/static,AVAILABLE}
2022-01-10 01:38:56,012 [Listener at 127.0.0.1/39021] INFO  handler.ContextHandler (ContextHandler.java:doStart(915)) - Started o.e.j.w.WebAppContext@45d7d988{ozoneManager,/,file:///home/runner/work/ozone/ozone/hadoop-ozone/integration-test/target/test-classes/webapps/ozoneManager/,AVAILABLE}{file:/home/runner/work/ozone/ozone/hadoop-ozone/integration-test/target/test-classes/webapps/ozoneManager}
2022-01-10 01:38:56,024 [Listener at 127.0.0.1/39021] INFO  server.AbstractConnector (AbstractConnector.java:doStart(331)) - Started ServerConnector@5027e367{HTTP/1.1, (http/1.1)}{0.0.0.0:36593}
2022-01-10 01:38:56,024 [Listener at 127.0.0.1/39021] INFO  server.Server (Server.java:doStart(415)) - Started @214294ms
2022-01-10 01:38:56,024 [Listener at 127.0.0.1/39021] WARN  impl.MetricsSystemImpl (MetricsSystemImpl.java:register(279)) - Sink prometheus already exists!
2022-01-10 01:38:56,024 [Listener at 127.0.0.1/39021] INFO  http.BaseHttpServer (BaseHttpServer.java:updateConnectorAddress(329)) - HTTP server of ozoneManager listening at http://0.0.0.0:36593
2022-01-10 01:38:56,025 [IPC Server Responder] INFO  ipc.Server (Server.java:run(1507)) - IPC Server Responder: starting
2022-01-10 01:38:56,026 [IPC Server listener on 0] INFO  ipc.Server (Server.java:run(1344)) - IPC Server listener on 0: starting
2022-01-10 01:38:56,027 [Listener at 127.0.0.1/39021] INFO  om.TrashPolicyOzone (TrashPolicyOzone.java:<init>(178)) - Ozone Manager trash configuration: Deletion interval = 0 minutes, Emptier interval = 0 minutes.
2022-01-10 01:38:56,071 [Listener at 127.0.0.1/39021] INFO  impl.MetricsSystemImpl (MetricsSystemImpl.java:init(158)) - HddsDatanode metrics system started (again)
2022-01-10 01:38:56,091 [Listener at 127.0.0.1/39021] INFO  ozone.HddsDatanodeService (HddsDatanodeService.java:start(234)) - HddsDatanodeService host:fv-az297-741.nmf1rxwemy4u5di1sxxf4ejcwb.jx.internal.cloudapp.net ip:10.1.0.8
2022-01-10 01:38:56,098 [org.apache.hadoop.util.JvmPauseMonitor$Monitor@4e10067d] INFO  util.JvmPauseMonitor (JvmPauseMonitor.java:run(188)) - Starting JVM pause monitor
2022-01-10 01:38:56,119 [Listener at 127.0.0.1/39021] INFO  upgrade.AbstractLayoutVersionManager (AbstractLayoutVersionManager.java:init(79)) - Initializing Layout version manager with metadata layout = SCM_HA (version = 2), software layout = SCM_HA (version = 2)
2022-01-10 01:38:56,197 [Listener at 127.0.0.1/39021] INFO  reflections.Reflections (Reflections.java:scan(232)) - Reflections took 77 ms to scan 7 urls, producing 119 keys and 279 values 
2022-01-10 01:38:56,198 [Listener at 127.0.0.1/39021] INFO  statemachine.DatanodeStateMachine (DatanodeStateMachine.java:getEndPointTaskThreadPoolSize(219)) - Datanode State Machine Task Thread Pool size 2
2022-01-10 01:38:56,207 [Listener at 127.0.0.1/39021] INFO  volume.HddsVolume (HddsVolume.java:<init>(120)) - Creating HddsVolume: /home/runner/work/ozone/ozone/hadoop-ozone/integration-test/target/test-dir/MiniOzoneClusterImpl-a1c2d8ca-8f9e-4610-b695-5e529456a49a/datanode-0/data-0/containers/hdds of storage type : DISK capacity : 9223372036854775807
2022-01-10 01:38:56,207 [Listener at 127.0.0.1/39021] INFO  volume.MutableVolumeSet (MutableVolumeSet.java:initializeVolumeSet(168)) - Added Volume : /home/runner/work/ozone/ozone/hadoop-ozone/integration-test/target/test-dir/MiniOzoneClusterImpl-a1c2d8ca-8f9e-4610-b695-5e529456a49a/datanode-0/data-0/containers/hdds to VolumeSet
2022-01-10 01:38:56,207 [Listener at 127.0.0.1/39021] INFO  volume.ThrottledAsyncChecker (ThrottledAsyncChecker.java:schedule(141)) - Scheduling a check for /home/runner/work/ozone/ozone/hadoop-ozone/integration-test/target/test-dir/MiniOzoneClusterImpl-a1c2d8ca-8f9e-4610-b695-5e529456a49a/datanode-0/data-0/containers/hdds
2022-01-10 01:38:56,214 [Listener at 127.0.0.1/39021] INFO  volume.StorageVolumeChecker (StorageVolumeChecker.java:checkAllVolumes(202)) - Scheduled health check for volume /home/runner/work/ozone/ozone/hadoop-ozone/integration-test/target/test-dir/MiniOzoneClusterImpl-a1c2d8ca-8f9e-4610-b695-5e529456a49a/datanode-0/data-0/containers/hdds
2022-01-10 01:38:56,227 [Listener at 127.0.0.1/39021] INFO  volume.MutableVolumeSet (MutableVolumeSet.java:initializeVolumeSet(168)) - Added Volume : /home/runner/work/ozone/ozone/hadoop-ozone/integration-test/target/test-dir/MiniOzoneClusterImpl-a1c2d8ca-8f9e-4610-b695-5e529456a49a/datanode-0/data/ratis to VolumeSet
2022-01-10 01:38:56,227 [Listener at 127.0.0.1/39021] INFO  volume.ThrottledAsyncChecker (ThrottledAsyncChecker.java:schedule(141)) - Scheduling a check for /home/runner/work/ozone/ozone/hadoop-ozone/integration-test/target/test-dir/MiniOzoneClusterImpl-a1c2d8ca-8f9e-4610-b695-5e529456a49a/datanode-0/data/ratis
2022-01-10 01:38:56,227 [Listener at 127.0.0.1/39021] INFO  volume.StorageVolumeChecker (StorageVolumeChecker.java:checkAllVolumes(202)) - Scheduled health check for volume /home/runner/work/ozone/ozone/hadoop-ozone/integration-test/target/test-dir/MiniOzoneClusterImpl-a1c2d8ca-8f9e-4610-b695-5e529456a49a/datanode-0/data/ratis
2022-01-10 01:38:56,243 [Thread-1695] INFO  ozoneimpl.ContainerReader (ContainerReader.java:readVolume(172)) - Finish verifying containers on volume /home/runner/work/ozone/ozone/hadoop-ozone/integration-test/target/test-dir/MiniOzoneClusterImpl-a1c2d8ca-8f9e-4610-b695-5e529456a49a/datanode-0/data-0/containers/hdds
2022-01-10 01:38:56,243 [Listener at 127.0.0.1/39021] INFO  ozoneimpl.OzoneContainer (OzoneContainer.java:buildContainerSet(237)) - Build ContainerSet costs 0s
2022-01-10 01:38:56,255 [Listener at 127.0.0.1/39021] INFO  server.RaftServer (ConfUtils.java:logGet(44)) - raft.rpc.type = GRPC (default)
2022-01-10 01:38:56,255 [Listener at 127.0.0.1/39021] INFO  grpc.GrpcFactory (GrpcFactory.java:checkPooledByteBufAllocatorUseCacheForAllThreads(48)) - PERFORMANCE WARNING: useCacheForAllThreads is true that may cause Netty to create a lot garbage objects and, as a result, trigger GC.
	It is recommended to disable useCacheForAllThreads by setting -Dorg.apache.ratis.thirdparty.io.netty.allocator.useCacheForAllThreads=false in command line.
2022-01-10 01:38:56,255 [Listener at 127.0.0.1/39021] INFO  grpc.GrpcConfigKeys (ConfUtils.java:logGet(44)) - raft.grpc.admin.port = 0 (custom)
2022-01-10 01:38:56,258 [Listener at 127.0.0.1/39021] INFO  grpc.GrpcConfigKeys (ConfUtils.java:logGet(44)) - raft.grpc.client.port = 0 (custom)
2022-01-10 01:38:56,258 [Listener at 127.0.0.1/39021] INFO  grpc.GrpcConfigKeys (ConfUtils.java:logGet(44)) - raft.grpc.server.port = 0 (default)
2022-01-10 01:38:56,259 [Listener at 127.0.0.1/39021] INFO  server.GrpcService (ConfUtils.java:logGet(44)) - raft.grpc.message.size.max = 32MB (=33554432) (custom)
2022-01-10 01:38:56,259 [Listener at 127.0.0.1/39021] INFO  server.RaftServerConfigKeys (ConfUtils.java:logGet(44)) - raft.server.log.appender.buffer.byte-limit = 33554432 (custom)
2022-01-10 01:38:56,259 [Listener at 127.0.0.1/39021] INFO  server.GrpcService (ConfUtils.java:logGet(44)) - raft.grpc.flow.control.window = 5MB (=5242880) (custom)
2022-01-10 01:38:56,259 [Listener at 127.0.0.1/39021] INFO  server.RaftServerConfigKeys (ConfUtils.java:logGet(44)) - raft.server.rpc.request.timeout = 60s (custom)
2022-01-10 01:38:56,260 [Listener at 127.0.0.1/39021] INFO  impl.DataStreamServerImpl (ConfUtils.java:logGet(44)) - raft.datastream.type = DISABLED (default)
2022-01-10 01:38:56,264 [Listener at 127.0.0.1/39021] INFO  server.RaftServerConfigKeys (ConfUtils.java:logGet(44)) - raft.server.rpc.slowness.timeout = 300s (custom)
2022-01-10 01:38:56,264 [Listener at 127.0.0.1/39021] INFO  server.RaftServerConfigKeys (ConfUtils.java:logGet(44)) - raft.server.leaderelection.leader.step-down.wait-time = 10s (default)
2022-01-10 01:38:56,264 [Listener at 127.0.0.1/39021] INFO  server.RaftServerConfigKeys (ConfUtils.java:logGet(44)) - raft.server.storage.dir = [/home/runner/work/ozone/ozone/hadoop-ozone/integration-test/target/test-dir/MiniOzoneClusterImpl-a1c2d8ca-8f9e-4610-b695-5e529456a49a/datanode-0/data/ratis] (custom)
2022-01-10 01:38:56,265 [Listener at 127.0.0.1/39021] INFO  server.XceiverServerGrpc (XceiverServerGrpc.java:<init>(132)) - GrpcServer channel type EpollServerSocketChannel
2022-01-10 01:38:56,278 [Listener at 127.0.0.1/39021] INFO  http.BaseHttpServer (BaseHttpServer.java:newHttpServer2BuilderForOzone(209)) - Starting Web-server for hddsDatanode at: http://0.0.0.0:0
2022-01-10 01:38:56,278 [Listener at 127.0.0.1/39021] INFO  http.BaseHttpServer (BaseHttpServer.java:<init>(107)) - Hadoop Security Enabled: false Ozone Security Enabled: false Ozone HTTP Security Enabled: false 
2022-01-10 01:38:56,279 [Listener at 127.0.0.1/39021] INFO  server.AuthenticationFilter (AuthenticationFilter.java:constructSecretProvider(240)) - Unable to initialize FileSignerSecretProvider, falling back to use random secrets.
2022-01-10 01:38:56,308 [Listener at 127.0.0.1/39021] WARN  http.HttpRequestLog (HttpRequestLog.java:getRequestLog(103)) - Jetty request log can only be enabled using Log4j
2022-01-10 01:38:56,309 [Listener at 127.0.0.1/39021] INFO  http.HttpServer2 (HttpServer2.java:addGlobalFilter(1030)) - Added global filter 'safety' (class=org.apache.hadoop.hdds.server.http.HttpServer2$QuotingInputFilter)
2022-01-10 01:38:56,310 [Listener at 127.0.0.1/39021] INFO  http.HttpServer2 (HttpServer2.java:addFilter(1006)) - Added filter static_user_filter (class=org.apache.hadoop.http.lib.StaticUserWebFilter$StaticUserFilter) to context hddsDatanode
2022-01-10 01:38:56,310 [Listener at 127.0.0.1/39021] INFO  http.HttpServer2 (HttpServer2.java:addFilter(1014)) - Added filter static_user_filter (class=org.apache.hadoop.http.lib.StaticUserWebFilter$StaticUserFilter) to context logs
2022-01-10 01:38:56,310 [Listener at 127.0.0.1/39021] INFO  http.HttpServer2 (HttpServer2.java:addFilter(1014)) - Added filter static_user_filter (class=org.apache.hadoop.http.lib.StaticUserWebFilter$StaticUserFilter) to context static
2022-01-10 01:38:56,310 [Listener at 127.0.0.1/39021] INFO  http.HttpServer2 (HttpServer2.java:bindListener(1249)) - Jetty bound to port 45485
2022-01-10 01:38:56,311 [Listener at 127.0.0.1/39021] INFO  server.Server (Server.java:doStart(375)) - jetty-9.4.43.v20210629; built: 2021-06-30T11:07:22.254Z; git: 526006ecfa3af7f1a27ef3a288e2bef7ea9dd7e8; jvm 1.8.0_292-b10
2022-01-10 01:38:56,364 [Listener at 127.0.0.1/39021] INFO  server.session (DefaultSessionIdManager.java:doStart(334)) - DefaultSessionIdManager workerName=node0
2022-01-10 01:38:56,364 [Listener at 127.0.0.1/39021] INFO  server.session (DefaultSessionIdManager.java:doStart(339)) - No SessionScavenger set, using defaults
2022-01-10 01:38:56,364 [Listener at 127.0.0.1/39021] INFO  server.session (HouseKeeper.java:startScavenging(132)) - node0 Scavenging every 660000ms
2022-01-10 01:38:56,365 [Listener at 127.0.0.1/39021] INFO  handler.ContextHandler (ContextHandler.java:doStart(915)) - Started o.e.j.s.ServletContextHandler@79f9d0bc{logs,/logs,file:///home/runner/work/ozone/ozone/hadoop-ozone/integration-test/target/log,AVAILABLE}
2022-01-10 01:38:56,366 [Listener at 127.0.0.1/39021] INFO  handler.ContextHandler (ContextHandler.java:doStart(915)) - Started o.e.j.s.ServletContextHandler@301576db{static,/static,jar:file:/home/runner/.m2/repository/org/apache/ozone/hdds-container-service/1.3.0-SNAPSHOT/hdds-container-service-1.3.0-SNAPSHOT.jar!/webapps/static,AVAILABLE}
2022-01-10 01:38:56,455 [Listener at 127.0.0.1/39021] INFO  handler.ContextHandler (ContextHandler.java:doStart(915)) - Started o.e.j.w.WebAppContext@37d5d481{hddsDatanode,/,file:///tmp/jetty-0_0_0_0-45485-hdds-container-service-1_3_0-SNAPSHOT_jar-_-any-9086342471842632700/webapp/,AVAILABLE}{jar:file:/home/runner/.m2/repository/org/apache/ozone/hdds-container-service/1.3.0-SNAPSHOT/hdds-container-service-1.3.0-SNAPSHOT.jar!/webapps/hddsDatanode}
2022-01-10 01:38:56,466 [Listener at 127.0.0.1/39021] INFO  server.AbstractConnector (AbstractConnector.java:doStart(331)) - Started ServerConnector@de08cab{HTTP/1.1, (http/1.1)}{0.0.0.0:45485}
2022-01-10 01:38:56,466 [Listener at 127.0.0.1/39021] INFO  server.Server (Server.java:doStart(415)) - Started @214736ms
2022-01-10 01:38:56,467 [Listener at 127.0.0.1/39021] WARN  impl.MetricsSystemImpl (MetricsSystemImpl.java:register(279)) - Sink prometheus already exists!
2022-01-10 01:38:56,471 [Listener at 127.0.0.1/39021] INFO  http.BaseHttpServer (BaseHttpServer.java:updateConnectorAddress(329)) - HTTP server of hddsDatanode listening at http://0.0.0.0:45485
2022-01-10 01:38:56,474 [Listener at 127.0.0.1/39021] INFO  impl.MetricsSystemImpl (MetricsSystemImpl.java:init(158)) - HddsDatanode metrics system started (again)
2022-01-10 01:38:56,484 [Datanode State Machine Daemon Thread] INFO  statemachine.DatanodeStateMachine (DatanodeStateMachine.java:lambda$startDaemon$0(467)) - Ozone container server started.
2022-01-10 01:38:56,488 [Listener at 127.0.0.1/39021] INFO  ozone.HddsDatanodeService (HddsDatanodeService.java:start(234)) - HddsDatanodeService host:fv-az297-741.nmf1rxwemy4u5di1sxxf4ejcwb.jx.internal.cloudapp.net ip:10.1.0.8
2022-01-10 01:38:56,525 [org.apache.hadoop.util.JvmPauseMonitor$Monitor@1e98b0b7] INFO  util.JvmPauseMonitor (JvmPauseMonitor.java:run(188)) - Starting JVM pause monitor
2022-01-10 01:38:56,529 [Datanode State Machine Task Thread - 0] INFO  datanode.InitDatanodeState (InitDatanodeState.java:persistContainerDatanodeDetails(145)) - DatanodeDetails is persisted to /home/runner/work/ozone/ozone/hadoop-ozone/integration-test/target/test-dir/MiniOzoneClusterImpl-a1c2d8ca-8f9e-4610-b695-5e529456a49a/datanode-0/meta/datanode.id
2022-01-10 01:38:56,582 [Listener at 127.0.0.1/39021] INFO  upgrade.AbstractLayoutVersionManager (AbstractLayoutVersionManager.java:init(79)) - Initializing Layout version manager with metadata layout = SCM_HA (version = 2), software layout = SCM_HA (version = 2)
2022-01-10 01:38:56,629 [Listener at 127.0.0.1/39021] INFO  reflections.Reflections (Reflections.java:scan(232)) - Reflections took 46 ms to scan 7 urls, producing 119 keys and 279 values 
2022-01-10 01:38:56,631 [Listener at 127.0.0.1/39021] INFO  statemachine.DatanodeStateMachine (DatanodeStateMachine.java:getEndPointTaskThreadPoolSize(219)) - Datanode State Machine Task Thread Pool size 2
2022-01-10 01:38:56,632 [Listener at 127.0.0.1/39021] INFO  volume.HddsVolume (HddsVolume.java:<init>(120)) - Creating HddsVolume: /home/runner/work/ozone/ozone/hadoop-ozone/integration-test/target/test-dir/MiniOzoneClusterImpl-a1c2d8ca-8f9e-4610-b695-5e529456a49a/datanode-1/data-0/containers/hdds of storage type : DISK capacity : 9223372036854775807
2022-01-10 01:38:56,633 [Listener at 127.0.0.1/39021] INFO  volume.MutableVolumeSet (MutableVolumeSet.java:initializeVolumeSet(168)) - Added Volume : /home/runner/work/ozone/ozone/hadoop-ozone/integration-test/target/test-dir/MiniOzoneClusterImpl-a1c2d8ca-8f9e-4610-b695-5e529456a49a/datanode-1/data-0/containers/hdds to VolumeSet
2022-01-10 01:38:56,633 [Listener at 127.0.0.1/39021] INFO  volume.ThrottledAsyncChecker (ThrottledAsyncChecker.java:schedule(141)) - Scheduling a check for /home/runner/work/ozone/ozone/hadoop-ozone/integration-test/target/test-dir/MiniOzoneClusterImpl-a1c2d8ca-8f9e-4610-b695-5e529456a49a/datanode-1/data-0/containers/hdds
2022-01-10 01:38:56,637 [Listener at 127.0.0.1/39021] INFO  volume.StorageVolumeChecker (StorageVolumeChecker.java:checkAllVolumes(202)) - Scheduled health check for volume /home/runner/work/ozone/ozone/hadoop-ozone/integration-test/target/test-dir/MiniOzoneClusterImpl-a1c2d8ca-8f9e-4610-b695-5e529456a49a/datanode-1/data-0/containers/hdds
2022-01-10 01:38:56,660 [Listener at 127.0.0.1/39021] INFO  volume.MutableVolumeSet (MutableVolumeSet.java:initializeVolumeSet(168)) - Added Volume : /home/runner/work/ozone/ozone/hadoop-ozone/integration-test/target/test-dir/MiniOzoneClusterImpl-a1c2d8ca-8f9e-4610-b695-5e529456a49a/datanode-1/data/ratis to VolumeSet
2022-01-10 01:38:56,660 [Listener at 127.0.0.1/39021] INFO  volume.ThrottledAsyncChecker (ThrottledAsyncChecker.java:schedule(141)) - Scheduling a check for /home/runner/work/ozone/ozone/hadoop-ozone/integration-test/target/test-dir/MiniOzoneClusterImpl-a1c2d8ca-8f9e-4610-b695-5e529456a49a/datanode-1/data/ratis
2022-01-10 01:38:56,660 [Listener at 127.0.0.1/39021] INFO  volume.StorageVolumeChecker (StorageVolumeChecker.java:checkAllVolumes(202)) - Scheduled health check for volume /home/runner/work/ozone/ozone/hadoop-ozone/integration-test/target/test-dir/MiniOzoneClusterImpl-a1c2d8ca-8f9e-4610-b695-5e529456a49a/datanode-1/data/ratis
2022-01-10 01:38:56,670 [Thread-1707] INFO  ozoneimpl.ContainerReader (ContainerReader.java:readVolume(172)) - Finish verifying containers on volume /home/runner/work/ozone/ozone/hadoop-ozone/integration-test/target/test-dir/MiniOzoneClusterImpl-a1c2d8ca-8f9e-4610-b695-5e529456a49a/datanode-1/data-0/containers/hdds
2022-01-10 01:38:56,670 [Listener at 127.0.0.1/39021] INFO  ozoneimpl.OzoneContainer (OzoneContainer.java:buildContainerSet(237)) - Build ContainerSet costs 0s
2022-01-10 01:38:56,672 [Listener at 127.0.0.1/39021] INFO  server.RaftServer (ConfUtils.java:logGet(44)) - raft.rpc.type = GRPC (default)
2022-01-10 01:38:56,672 [Listener at 127.0.0.1/39021] INFO  grpc.GrpcFactory (GrpcFactory.java:checkPooledByteBufAllocatorUseCacheForAllThreads(48)) - PERFORMANCE WARNING: useCacheForAllThreads is true that may cause Netty to create a lot garbage objects and, as a result, trigger GC.
	It is recommended to disable useCacheForAllThreads by setting -Dorg.apache.ratis.thirdparty.io.netty.allocator.useCacheForAllThreads=false in command line.
2022-01-10 01:38:56,672 [Listener at 127.0.0.1/39021] INFO  grpc.GrpcConfigKeys (ConfUtils.java:logGet(44)) - raft.grpc.admin.port = 0 (custom)
2022-01-10 01:38:56,672 [Listener at 127.0.0.1/39021] INFO  grpc.GrpcConfigKeys (ConfUtils.java:logGet(44)) - raft.grpc.client.port = 0 (custom)
2022-01-10 01:38:56,672 [Listener at 127.0.0.1/39021] INFO  grpc.GrpcConfigKeys (ConfUtils.java:logGet(44)) - raft.grpc.server.port = 0 (default)
2022-01-10 01:38:56,672 [Listener at 127.0.0.1/39021] INFO  server.GrpcService (ConfUtils.java:logGet(44)) - raft.grpc.message.size.max = 32MB (=33554432) (custom)
2022-01-10 01:38:56,672 [Listener at 127.0.0.1/39021] INFO  server.RaftServerConfigKeys (ConfUtils.java:logGet(44)) - raft.server.log.appender.buffer.byte-limit = 33554432 (custom)
2022-01-10 01:38:56,672 [Listener at 127.0.0.1/39021] INFO  server.GrpcService (ConfUtils.java:logGet(44)) - raft.grpc.flow.control.window = 5MB (=5242880) (custom)
2022-01-10 01:38:56,672 [Listener at 127.0.0.1/39021] INFO  server.RaftServerConfigKeys (ConfUtils.java:logGet(44)) - raft.server.rpc.request.timeout = 60s (custom)
2022-01-10 01:38:56,673 [Listener at 127.0.0.1/39021] INFO  impl.DataStreamServerImpl (ConfUtils.java:logGet(44)) - raft.datastream.type = DISABLED (default)
2022-01-10 01:38:56,673 [Listener at 127.0.0.1/39021] INFO  server.RaftServerConfigKeys (ConfUtils.java:logGet(44)) - raft.server.rpc.slowness.timeout = 300s (custom)
2022-01-10 01:38:56,674 [Listener at 127.0.0.1/39021] INFO  server.RaftServerConfigKeys (ConfUtils.java:logGet(44)) - raft.server.leaderelection.leader.step-down.wait-time = 10s (default)
2022-01-10 01:38:56,674 [Listener at 127.0.0.1/39021] INFO  server.RaftServerConfigKeys (ConfUtils.java:logGet(44)) - raft.server.storage.dir = [/home/runner/work/ozone/ozone/hadoop-ozone/integration-test/target/test-dir/MiniOzoneClusterImpl-a1c2d8ca-8f9e-4610-b695-5e529456a49a/datanode-1/data/ratis] (custom)
2022-01-10 01:38:56,675 [Listener at 127.0.0.1/39021] INFO  server.XceiverServerGrpc (XceiverServerGrpc.java:<init>(132)) - GrpcServer channel type EpollServerSocketChannel
2022-01-10 01:38:56,694 [Listener at 127.0.0.1/39021] INFO  http.BaseHttpServer (BaseHttpServer.java:newHttpServer2BuilderForOzone(209)) - Starting Web-server for hddsDatanode at: http://0.0.0.0:0
2022-01-10 01:38:56,694 [Listener at 127.0.0.1/39021] INFO  http.BaseHttpServer (BaseHttpServer.java:<init>(107)) - Hadoop Security Enabled: false Ozone Security Enabled: false Ozone HTTP Security Enabled: false 
2022-01-10 01:38:56,695 [Listener at 127.0.0.1/39021] INFO  server.AuthenticationFilter (AuthenticationFilter.java:constructSecretProvider(240)) - Unable to initialize FileSignerSecretProvider, falling back to use random secrets.
2022-01-10 01:38:56,701 [Listener at 127.0.0.1/39021] WARN  http.HttpRequestLog (HttpRequestLog.java:getRequestLog(103)) - Jetty request log can only be enabled using Log4j
2022-01-10 01:38:56,701 [Listener at 127.0.0.1/39021] INFO  http.HttpServer2 (HttpServer2.java:addGlobalFilter(1030)) - Added global filter 'safety' (class=org.apache.hadoop.hdds.server.http.HttpServer2$QuotingInputFilter)
2022-01-10 01:38:56,702 [Listener at 127.0.0.1/39021] INFO  http.HttpServer2 (HttpServer2.java:addFilter(1006)) - Added filter static_user_filter (class=org.apache.hadoop.http.lib.StaticUserWebFilter$StaticUserFilter) to context hddsDatanode
2022-01-10 01:38:56,702 [Listener at 127.0.0.1/39021] INFO  http.HttpServer2 (HttpServer2.java:addFilter(1014)) - Added filter static_user_filter (class=org.apache.hadoop.http.lib.StaticUserWebFilter$StaticUserFilter) to context logs
2022-01-10 01:38:56,702 [Listener at 127.0.0.1/39021] INFO  http.HttpServer2 (HttpServer2.java:addFilter(1014)) - Added filter static_user_filter (class=org.apache.hadoop.http.lib.StaticUserWebFilter$StaticUserFilter) to context static
2022-01-10 01:38:56,702 [Listener at 127.0.0.1/39021] INFO  http.HttpServer2 (HttpServer2.java:bindListener(1249)) - Jetty bound to port 33821
2022-01-10 01:38:56,702 [Listener at 127.0.0.1/39021] INFO  server.Server (Server.java:doStart(375)) - jetty-9.4.43.v20210629; built: 2021-06-30T11:07:22.254Z; git: 526006ecfa3af7f1a27ef3a288e2bef7ea9dd7e8; jvm 1.8.0_292-b10
2022-01-10 01:38:56,717 [Listener at 127.0.0.1/39021] INFO  server.session (DefaultSessionIdManager.java:doStart(334)) - DefaultSessionIdManager workerName=node0
2022-01-10 01:38:56,717 [Listener at 127.0.0.1/39021] INFO  server.session (DefaultSessionIdManager.java:doStart(339)) - No SessionScavenger set, using defaults
2022-01-10 01:38:56,717 [Listener at 127.0.0.1/39021] INFO  server.session (HouseKeeper.java:startScavenging(132)) - node0 Scavenging every 600000ms
2022-01-10 01:38:56,718 [Listener at 127.0.0.1/39021] INFO  handler.ContextHandler (ContextHandler.java:doStart(915)) - Started o.e.j.s.ServletContextHandler@1bc350e0{logs,/logs,file:///home/runner/work/ozone/ozone/hadoop-ozone/integration-test/target/log,AVAILABLE}
2022-01-10 01:38:56,718 [Listener at 127.0.0.1/39021] INFO  handler.ContextHandler (ContextHandler.java:doStart(915)) - Started o.e.j.s.ServletContextHandler@691fffb9{static,/static,jar:file:/home/runner/.m2/repository/org/apache/ozone/hdds-container-service/1.3.0-SNAPSHOT/hdds-container-service-1.3.0-SNAPSHOT.jar!/webapps/static,AVAILABLE}
2022-01-10 01:38:56,779 [Listener at 127.0.0.1/39021] INFO  handler.ContextHandler (ContextHandler.java:doStart(915)) - Started o.e.j.w.WebAppContext@1169382d{hddsDatanode,/,file:///tmp/jetty-0_0_0_0-33821-hdds-container-service-1_3_0-SNAPSHOT_jar-_-any-3000614170483153880/webapp/,AVAILABLE}{jar:file:/home/runner/.m2/repository/org/apache/ozone/hdds-container-service/1.3.0-SNAPSHOT/hdds-container-service-1.3.0-SNAPSHOT.jar!/webapps/hddsDatanode}
2022-01-10 01:38:56,794 [Listener at 127.0.0.1/39021] INFO  server.AbstractConnector (AbstractConnector.java:doStart(331)) - Started ServerConnector@22546149{HTTP/1.1, (http/1.1)}{0.0.0.0:33821}
2022-01-10 01:38:56,794 [Listener at 127.0.0.1/39021] INFO  server.Server (Server.java:doStart(415)) - Started @215064ms
2022-01-10 01:38:56,794 [Listener at 127.0.0.1/39021] WARN  impl.MetricsSystemImpl (MetricsSystemImpl.java:register(279)) - Sink prometheus already exists!
2022-01-10 01:38:56,795 [Listener at 127.0.0.1/39021] INFO  http.BaseHttpServer (BaseHttpServer.java:updateConnectorAddress(329)) - HTTP server of hddsDatanode listening at http://0.0.0.0:33821
2022-01-10 01:38:56,820 [Listener at 127.0.0.1/39021] INFO  impl.MetricsSystemImpl (MetricsSystemImpl.java:init(158)) - HddsDatanode metrics system started (again)
2022-01-10 01:38:56,835 [Listener at 127.0.0.1/39021] INFO  ozone.HddsDatanodeService (HddsDatanodeService.java:start(234)) - HddsDatanodeService host:fv-az297-741.nmf1rxwemy4u5di1sxxf4ejcwb.jx.internal.cloudapp.net ip:10.1.0.8
2022-01-10 01:38:56,836 [Datanode State Machine Daemon Thread] INFO  statemachine.DatanodeStateMachine (DatanodeStateMachine.java:lambda$startDaemon$0(467)) - Ozone container server started.
2022-01-10 01:38:56,886 [org.apache.hadoop.util.JvmPauseMonitor$Monitor@2d9c9d56] INFO  util.JvmPauseMonitor (JvmPauseMonitor.java:run(188)) - Starting JVM pause monitor
2022-01-10 01:38:56,893 [Datanode State Machine Task Thread - 0] INFO  datanode.InitDatanodeState (InitDatanodeState.java:persistContainerDatanodeDetails(145)) - DatanodeDetails is persisted to /home/runner/work/ozone/ozone/hadoop-ozone/integration-test/target/test-dir/MiniOzoneClusterImpl-a1c2d8ca-8f9e-4610-b695-5e529456a49a/datanode-1/meta/datanode.id
2022-01-10 01:38:56,897 [Listener at 127.0.0.1/39021] INFO  upgrade.AbstractLayoutVersionManager (AbstractLayoutVersionManager.java:init(79)) - Initializing Layout version manager with metadata layout = SCM_HA (version = 2), software layout = SCM_HA (version = 2)
2022-01-10 01:38:56,957 [Listener at 127.0.0.1/39021] INFO  reflections.Reflections (Reflections.java:scan(232)) - Reflections took 51 ms to scan 7 urls, producing 119 keys and 279 values 
2022-01-10 01:38:56,971 [Listener at 127.0.0.1/39021] INFO  statemachine.DatanodeStateMachine (DatanodeStateMachine.java:getEndPointTaskThreadPoolSize(219)) - Datanode State Machine Task Thread Pool size 2
2022-01-10 01:38:56,972 [Listener at 127.0.0.1/39021] INFO  volume.HddsVolume (HddsVolume.java:<init>(120)) - Creating HddsVolume: /home/runner/work/ozone/ozone/hadoop-ozone/integration-test/target/test-dir/MiniOzoneClusterImpl-a1c2d8ca-8f9e-4610-b695-5e529456a49a/datanode-2/data-0/containers/hdds of storage type : DISK capacity : 9223372036854775807
2022-01-10 01:38:56,973 [Listener at 127.0.0.1/39021] INFO  volume.MutableVolumeSet (MutableVolumeSet.java:initializeVolumeSet(168)) - Added Volume : /home/runner/work/ozone/ozone/hadoop-ozone/integration-test/target/test-dir/MiniOzoneClusterImpl-a1c2d8ca-8f9e-4610-b695-5e529456a49a/datanode-2/data-0/containers/hdds to VolumeSet
2022-01-10 01:38:56,973 [Listener at 127.0.0.1/39021] INFO  volume.ThrottledAsyncChecker (ThrottledAsyncChecker.java:schedule(141)) - Scheduling a check for /home/runner/work/ozone/ozone/hadoop-ozone/integration-test/target/test-dir/MiniOzoneClusterImpl-a1c2d8ca-8f9e-4610-b695-5e529456a49a/datanode-2/data-0/containers/hdds
2022-01-10 01:38:56,973 [Listener at 127.0.0.1/39021] INFO  volume.StorageVolumeChecker (StorageVolumeChecker.java:checkAllVolumes(202)) - Scheduled health check for volume /home/runner/work/ozone/ozone/hadoop-ozone/integration-test/target/test-dir/MiniOzoneClusterImpl-a1c2d8ca-8f9e-4610-b695-5e529456a49a/datanode-2/data-0/containers/hdds
2022-01-10 01:38:56,995 [Listener at 127.0.0.1/39021] INFO  volume.MutableVolumeSet (MutableVolumeSet.java:initializeVolumeSet(168)) - Added Volume : /home/runner/work/ozone/ozone/hadoop-ozone/integration-test/target/test-dir/MiniOzoneClusterImpl-a1c2d8ca-8f9e-4610-b695-5e529456a49a/datanode-2/data/ratis to VolumeSet
2022-01-10 01:38:56,996 [Listener at 127.0.0.1/39021] INFO  volume.ThrottledAsyncChecker (ThrottledAsyncChecker.java:schedule(141)) - Scheduling a check for /home/runner/work/ozone/ozone/hadoop-ozone/integration-test/target/test-dir/MiniOzoneClusterImpl-a1c2d8ca-8f9e-4610-b695-5e529456a49a/datanode-2/data/ratis
2022-01-10 01:38:56,996 [Listener at 127.0.0.1/39021] INFO  volume.StorageVolumeChecker (StorageVolumeChecker.java:checkAllVolumes(202)) - Scheduled health check for volume /home/runner/work/ozone/ozone/hadoop-ozone/integration-test/target/test-dir/MiniOzoneClusterImpl-a1c2d8ca-8f9e-4610-b695-5e529456a49a/datanode-2/data/ratis
2022-01-10 01:38:57,019 [Thread-1719] INFO  ozoneimpl.ContainerReader (ContainerReader.java:readVolume(172)) - Finish verifying containers on volume /home/runner/work/ozone/ozone/hadoop-ozone/integration-test/target/test-dir/MiniOzoneClusterImpl-a1c2d8ca-8f9e-4610-b695-5e529456a49a/datanode-2/data-0/containers/hdds
2022-01-10 01:38:57,019 [Listener at 127.0.0.1/39021] INFO  ozoneimpl.OzoneContainer (OzoneContainer.java:buildContainerSet(237)) - Build ContainerSet costs 0s
2022-01-10 01:38:57,021 [Listener at 127.0.0.1/39021] INFO  server.RaftServer (ConfUtils.java:logGet(44)) - raft.rpc.type = GRPC (default)
2022-01-10 01:38:57,021 [Listener at 127.0.0.1/39021] INFO  grpc.GrpcFactory (GrpcFactory.java:checkPooledByteBufAllocatorUseCacheForAllThreads(48)) - PERFORMANCE WARNING: useCacheForAllThreads is true that may cause Netty to create a lot garbage objects and, as a result, trigger GC.
	It is recommended to disable useCacheForAllThreads by setting -Dorg.apache.ratis.thirdparty.io.netty.allocator.useCacheForAllThreads=false in command line.
2022-01-10 01:38:57,021 [Listener at 127.0.0.1/39021] INFO  grpc.GrpcConfigKeys (ConfUtils.java:logGet(44)) - raft.grpc.admin.port = 0 (custom)
2022-01-10 01:38:57,021 [Listener at 127.0.0.1/39021] INFO  grpc.GrpcConfigKeys (ConfUtils.java:logGet(44)) - raft.grpc.client.port = 0 (custom)
2022-01-10 01:38:57,021 [Listener at 127.0.0.1/39021] INFO  grpc.GrpcConfigKeys (ConfUtils.java:logGet(44)) - raft.grpc.server.port = 0 (default)
2022-01-10 01:38:57,021 [Listener at 127.0.0.1/39021] INFO  server.GrpcService (ConfUtils.java:logGet(44)) - raft.grpc.message.size.max = 32MB (=33554432) (custom)
2022-01-10 01:38:57,021 [Listener at 127.0.0.1/39021] INFO  server.RaftServerConfigKeys (ConfUtils.java:logGet(44)) - raft.server.log.appender.buffer.byte-limit = 33554432 (custom)
2022-01-10 01:38:57,022 [Listener at 127.0.0.1/39021] INFO  server.GrpcService (ConfUtils.java:logGet(44)) - raft.grpc.flow.control.window = 5MB (=5242880) (custom)
2022-01-10 01:38:57,022 [Listener at 127.0.0.1/39021] INFO  server.RaftServerConfigKeys (ConfUtils.java:logGet(44)) - raft.server.rpc.request.timeout = 60s (custom)
2022-01-10 01:38:57,023 [Listener at 127.0.0.1/39021] INFO  impl.DataStreamServerImpl (ConfUtils.java:logGet(44)) - raft.datastream.type = DISABLED (default)
2022-01-10 01:38:57,023 [Listener at 127.0.0.1/39021] INFO  server.RaftServerConfigKeys (ConfUtils.java:logGet(44)) - raft.server.rpc.slowness.timeout = 300s (custom)
2022-01-10 01:38:57,023 [Listener at 127.0.0.1/39021] INFO  server.RaftServerConfigKeys (ConfUtils.java:logGet(44)) - raft.server.leaderelection.leader.step-down.wait-time = 10s (default)
2022-01-10 01:38:57,023 [Listener at 127.0.0.1/39021] INFO  server.RaftServerConfigKeys (ConfUtils.java:logGet(44)) - raft.server.storage.dir = [/home/runner/work/ozone/ozone/hadoop-ozone/integration-test/target/test-dir/MiniOzoneClusterImpl-a1c2d8ca-8f9e-4610-b695-5e529456a49a/datanode-2/data/ratis] (custom)
2022-01-10 01:38:57,024 [Listener at 127.0.0.1/39021] INFO  server.XceiverServerGrpc (XceiverServerGrpc.java:<init>(132)) - GrpcServer channel type EpollServerSocketChannel
2022-01-10 01:38:57,027 [Listener at 127.0.0.1/39021] INFO  http.BaseHttpServer (BaseHttpServer.java:newHttpServer2BuilderForOzone(209)) - Starting Web-server for hddsDatanode at: http://0.0.0.0:0
2022-01-10 01:38:57,027 [Listener at 127.0.0.1/39021] INFO  http.BaseHttpServer (BaseHttpServer.java:<init>(107)) - Hadoop Security Enabled: false Ozone Security Enabled: false Ozone HTTP Security Enabled: false 
2022-01-10 01:38:57,028 [Listener at 127.0.0.1/39021] INFO  server.AuthenticationFilter (AuthenticationFilter.java:constructSecretProvider(240)) - Unable to initialize FileSignerSecretProvider, falling back to use random secrets.
2022-01-10 01:38:57,028 [Listener at 127.0.0.1/39021] WARN  http.HttpRequestLog (HttpRequestLog.java:getRequestLog(103)) - Jetty request log can only be enabled using Log4j
2022-01-10 01:38:57,029 [Listener at 127.0.0.1/39021] INFO  http.HttpServer2 (HttpServer2.java:addGlobalFilter(1030)) - Added global filter 'safety' (class=org.apache.hadoop.hdds.server.http.HttpServer2$QuotingInputFilter)
2022-01-10 01:38:57,029 [Listener at 127.0.0.1/39021] INFO  http.HttpServer2 (HttpServer2.java:addFilter(1006)) - Added filter static_user_filter (class=org.apache.hadoop.http.lib.StaticUserWebFilter$StaticUserFilter) to context hddsDatanode
2022-01-10 01:38:57,030 [Listener at 127.0.0.1/39021] INFO  http.HttpServer2 (HttpServer2.java:addFilter(1014)) - Added filter static_user_filter (class=org.apache.hadoop.http.lib.StaticUserWebFilter$StaticUserFilter) to context logs
2022-01-10 01:38:57,030 [Listener at 127.0.0.1/39021] INFO  http.HttpServer2 (HttpServer2.java:addFilter(1014)) - Added filter static_user_filter (class=org.apache.hadoop.http.lib.StaticUserWebFilter$StaticUserFilter) to context static
2022-01-10 01:38:57,030 [Listener at 127.0.0.1/39021] INFO  http.HttpServer2 (HttpServer2.java:bindListener(1249)) - Jetty bound to port 33325
2022-01-10 01:38:57,030 [Listener at 127.0.0.1/39021] INFO  server.Server (Server.java:doStart(375)) - jetty-9.4.43.v20210629; built: 2021-06-30T11:07:22.254Z; git: 526006ecfa3af7f1a27ef3a288e2bef7ea9dd7e8; jvm 1.8.0_292-b10
2022-01-10 01:38:57,033 [Listener at 127.0.0.1/39021] INFO  server.session (DefaultSessionIdManager.java:doStart(334)) - DefaultSessionIdManager workerName=node0
2022-01-10 01:38:57,033 [Listener at 127.0.0.1/39021] INFO  server.session (DefaultSessionIdManager.java:doStart(339)) - No SessionScavenger set, using defaults
2022-01-10 01:38:57,033 [Listener at 127.0.0.1/39021] INFO  server.session (HouseKeeper.java:startScavenging(132)) - node0 Scavenging every 600000ms
2022-01-10 01:38:57,034 [Listener at 127.0.0.1/39021] INFO  handler.ContextHandler (ContextHandler.java:doStart(915)) - Started o.e.j.s.ServletContextHandler@1768729f{logs,/logs,file:///home/runner/work/ozone/ozone/hadoop-ozone/integration-test/target/log,AVAILABLE}
2022-01-10 01:38:57,034 [Listener at 127.0.0.1/39021] INFO  handler.ContextHandler (ContextHandler.java:doStart(915)) - Started o.e.j.s.ServletContextHandler@2afcc6a7{static,/static,jar:file:/home/runner/.m2/repository/org/apache/ozone/hdds-container-service/1.3.0-SNAPSHOT/hdds-container-service-1.3.0-SNAPSHOT.jar!/webapps/static,AVAILABLE}
2022-01-10 01:38:57,094 [Listener at 127.0.0.1/39021] INFO  handler.ContextHandler (ContextHandler.java:doStart(915)) - Started o.e.j.w.WebAppContext@76985033{hddsDatanode,/,file:///tmp/jetty-0_0_0_0-33325-hdds-container-service-1_3_0-SNAPSHOT_jar-_-any-5001190376738026151/webapp/,AVAILABLE}{jar:file:/home/runner/.m2/repository/org/apache/ozone/hdds-container-service/1.3.0-SNAPSHOT/hdds-container-service-1.3.0-SNAPSHOT.jar!/webapps/hddsDatanode}
2022-01-10 01:38:57,117 [Listener at 127.0.0.1/39021] INFO  server.AbstractConnector (AbstractConnector.java:doStart(331)) - Started ServerConnector@2b70ce89{HTTP/1.1, (http/1.1)}{0.0.0.0:33325}
2022-01-10 01:38:57,120 [Listener at 127.0.0.1/39021] INFO  server.Server (Server.java:doStart(415)) - Started @215389ms
2022-01-10 01:38:57,120 [Listener at 127.0.0.1/39021] WARN  impl.MetricsSystemImpl (MetricsSystemImpl.java:register(279)) - Sink prometheus already exists!
2022-01-10 01:38:57,121 [Listener at 127.0.0.1/39021] INFO  http.BaseHttpServer (BaseHttpServer.java:updateConnectorAddress(329)) - HTTP server of hddsDatanode listening at http://0.0.0.0:33325
2022-01-10 01:38:57,124 [Listener at 127.0.0.1/39021] INFO  ozone.MiniOzoneClusterImpl (MiniOzoneClusterImpl.java:lambda$waitForClusterToBeReady$0(235)) - Waiting for nodes to be ready. Got 0 of 3 DN Heartbeats.
2022-01-10 01:38:57,124 [Listener at 127.0.0.1/39021] INFO  ozone.MiniOzoneClusterImpl (MiniOzoneClusterImpl.java:lambda$waitForClusterToBeReady$0(238)) - Waiting for cluster to exit safe mode
2022-01-10 01:38:57,124 [Listener at 127.0.0.1/39021] INFO  ozone.MiniOzoneClusterImpl (MiniOzoneClusterImpl.java:lambda$waitForClusterToBeReady$0(240)) - SCM became leader
2022-01-10 01:38:57,124 [Datanode State Machine Daemon Thread] INFO  statemachine.DatanodeStateMachine (DatanodeStateMachine.java:lambda$startDaemon$0(467)) - Ozone container server started.
2022-01-10 01:38:57,150 [org.apache.hadoop.util.JvmPauseMonitor$Monitor@3c2164c8] INFO  util.JvmPauseMonitor (JvmPauseMonitor.java:run(188)) - Starting JVM pause monitor
2022-01-10 01:38:57,158 [Datanode State Machine Task Thread - 0] INFO  datanode.InitDatanodeState (InitDatanodeState.java:persistContainerDatanodeDetails(145)) - DatanodeDetails is persisted to /home/runner/work/ozone/ozone/hadoop-ozone/integration-test/target/test-dir/MiniOzoneClusterImpl-a1c2d8ca-8f9e-4610-b695-5e529456a49a/datanode-2/meta/datanode.id
2022-01-10 01:38:58,124 [Listener at 127.0.0.1/39021] INFO  ozone.MiniOzoneClusterImpl (MiniOzoneClusterImpl.java:lambda$waitForClusterToBeReady$0(235)) - Waiting for nodes to be ready. Got 0 of 3 DN Heartbeats.
2022-01-10 01:38:58,124 [Listener at 127.0.0.1/39021] INFO  ozone.MiniOzoneClusterImpl (MiniOzoneClusterImpl.java:lambda$waitForClusterToBeReady$0(238)) - Waiting for cluster to exit safe mode
2022-01-10 01:38:58,124 [Listener at 127.0.0.1/39021] INFO  ozone.MiniOzoneClusterImpl (MiniOzoneClusterImpl.java:lambda$waitForClusterToBeReady$0(240)) - SCM became leader
2022-01-10 01:38:58,551 [EndpointStateMachine task thread for /0.0.0.0:40925 - 0 ] INFO  ozoneimpl.OzoneContainer (OzoneContainer.java:start(315)) - Attempting to start container services.
2022-01-10 01:38:58,551 [EndpointStateMachine task thread for /0.0.0.0:40925 - 0 ] INFO  ozoneimpl.OzoneContainer (OzoneContainer.java:startContainerScrub(250)) - Background container scanner has been disabled.
2022-01-10 01:38:58,553 [EndpointStateMachine task thread for /0.0.0.0:40925 - 0 ] INFO  replication.ReplicationServer (ReplicationServer.java:start(107)) - ReplicationServer is started using port 37503
2022-01-10 01:38:58,554 [EndpointStateMachine task thread for /0.0.0.0:40925 - 0 ] INFO  ratis.XceiverServerRatis (XceiverServerRatis.java:start(484)) - Starting XceiverServerRatis 96dc4cc0-d1b0-46a1-bf9f-f371de40ab31
2022-01-10 01:38:58,558 [EndpointStateMachine task thread for /0.0.0.0:40925 - 0 ] INFO  server.RaftServer (RaftServerProxy.java:lambda$start$5(374)) - 96dc4cc0-d1b0-46a1-bf9f-f371de40ab31: start RPC server
2022-01-10 01:38:58,564 [EndpointStateMachine task thread for /0.0.0.0:40925 - 0 ] INFO  server.GrpcService (GrpcService.java:startImpl(253)) - 96dc4cc0-d1b0-46a1-bf9f-f371de40ab31: GrpcService started, listening on 33365
2022-01-10 01:38:58,570 [EndpointStateMachine task thread for /0.0.0.0:40925 - 0 ] INFO  ratis.XceiverServerRatis (XceiverServerRatis.java:getRealPort(505)) - XceiverServerRatis 96dc4cc0-d1b0-46a1-bf9f-f371de40ab31 is started using port 33365 for RATIS
2022-01-10 01:38:58,570 [EndpointStateMachine task thread for /0.0.0.0:40925 - 0 ] INFO  ratis.XceiverServerRatis (XceiverServerRatis.java:getRealPort(505)) - XceiverServerRatis 96dc4cc0-d1b0-46a1-bf9f-f371de40ab31 is started using port 33365 for RATIS_ADMIN
2022-01-10 01:38:58,570 [EndpointStateMachine task thread for /0.0.0.0:40925 - 0 ] INFO  ratis.XceiverServerRatis (XceiverServerRatis.java:getRealPort(505)) - XceiverServerRatis 96dc4cc0-d1b0-46a1-bf9f-f371de40ab31 is started using port 33365 for RATIS_SERVER
2022-01-10 01:38:58,572 [org.apache.ratis.util.JvmPauseMonitor$$Lambda$529/1957356322@6726eab1] INFO  util.JvmPauseMonitor (JvmPauseMonitor.java:run(103)) - JvmPauseMonitor-96dc4cc0-d1b0-46a1-bf9f-f371de40ab31: Started
2022-01-10 01:38:58,578 [EndpointStateMachine task thread for /0.0.0.0:40925 - 0 ] INFO  server.XceiverServerGrpc (XceiverServerGrpc.java:start(180)) - XceiverServerGrpc 96dc4cc0-d1b0-46a1-bf9f-f371de40ab31 is started using port 45617
2022-01-10 01:38:58,922 [EndpointStateMachine task thread for /0.0.0.0:40925 - 0 ] INFO  ozoneimpl.OzoneContainer (OzoneContainer.java:start(315)) - Attempting to start container services.
2022-01-10 01:38:58,922 [EndpointStateMachine task thread for /0.0.0.0:40925 - 0 ] INFO  ozoneimpl.OzoneContainer (OzoneContainer.java:startContainerScrub(250)) - Background container scanner has been disabled.
2022-01-10 01:38:58,922 [EndpointStateMachine task thread for /0.0.0.0:40925 - 0 ] INFO  replication.ReplicationServer (ReplicationServer.java:start(107)) - ReplicationServer is started using port 36559
2022-01-10 01:38:58,923 [EndpointStateMachine task thread for /0.0.0.0:40925 - 0 ] INFO  ratis.XceiverServerRatis (XceiverServerRatis.java:start(484)) - Starting XceiverServerRatis d4d4c30f-0c00-4009-b3f8-9054c310d47a
2022-01-10 01:38:58,924 [EndpointStateMachine task thread for /0.0.0.0:40925 - 0 ] INFO  server.RaftServer (RaftServerProxy.java:lambda$start$5(374)) - d4d4c30f-0c00-4009-b3f8-9054c310d47a: start RPC server
2022-01-10 01:38:58,924 [EndpointStateMachine task thread for /0.0.0.0:40925 - 0 ] INFO  server.GrpcService (GrpcService.java:startImpl(253)) - d4d4c30f-0c00-4009-b3f8-9054c310d47a: GrpcService started, listening on 33041
2022-01-10 01:38:58,925 [EndpointStateMachine task thread for /0.0.0.0:40925 - 0 ] INFO  ratis.XceiverServerRatis (XceiverServerRatis.java:getRealPort(505)) - XceiverServerRatis d4d4c30f-0c00-4009-b3f8-9054c310d47a is started using port 33041 for RATIS
2022-01-10 01:38:58,926 [EndpointStateMachine task thread for /0.0.0.0:40925 - 0 ] INFO  ratis.XceiverServerRatis (XceiverServerRatis.java:getRealPort(505)) - XceiverServerRatis d4d4c30f-0c00-4009-b3f8-9054c310d47a is started using port 33041 for RATIS_ADMIN
2022-01-10 01:38:58,926 [EndpointStateMachine task thread for /0.0.0.0:40925 - 0 ] INFO  ratis.XceiverServerRatis (XceiverServerRatis.java:getRealPort(505)) - XceiverServerRatis d4d4c30f-0c00-4009-b3f8-9054c310d47a is started using port 33041 for RATIS_SERVER
2022-01-10 01:38:58,926 [org.apache.ratis.util.JvmPauseMonitor$$Lambda$529/1957356322@3805abd6] INFO  util.JvmPauseMonitor (JvmPauseMonitor.java:run(103)) - JvmPauseMonitor-d4d4c30f-0c00-4009-b3f8-9054c310d47a: Started
2022-01-10 01:38:58,956 [EndpointStateMachine task thread for /0.0.0.0:40925 - 0 ] INFO  server.XceiverServerGrpc (XceiverServerGrpc.java:start(180)) - XceiverServerGrpc d4d4c30f-0c00-4009-b3f8-9054c310d47a is started using port 45349
2022-01-10 01:38:59,124 [Listener at 127.0.0.1/39021] INFO  ozone.MiniOzoneClusterImpl (MiniOzoneClusterImpl.java:lambda$waitForClusterToBeReady$0(235)) - Waiting for nodes to be ready. Got 0 of 3 DN Heartbeats.
2022-01-10 01:38:59,125 [Listener at 127.0.0.1/39021] INFO  ozone.MiniOzoneClusterImpl (MiniOzoneClusterImpl.java:lambda$waitForClusterToBeReady$0(238)) - Waiting for cluster to exit safe mode
2022-01-10 01:38:59,125 [Listener at 127.0.0.1/39021] INFO  ozone.MiniOzoneClusterImpl (MiniOzoneClusterImpl.java:lambda$waitForClusterToBeReady$0(240)) - SCM became leader
2022-01-10 01:38:59,175 [EndpointStateMachine task thread for /0.0.0.0:40925 - 0 ] INFO  ozoneimpl.OzoneContainer (OzoneContainer.java:start(315)) - Attempting to start container services.
2022-01-10 01:38:59,176 [EndpointStateMachine task thread for /0.0.0.0:40925 - 0 ] INFO  ozoneimpl.OzoneContainer (OzoneContainer.java:startContainerScrub(250)) - Background container scanner has been disabled.
2022-01-10 01:38:59,176 [EndpointStateMachine task thread for /0.0.0.0:40925 - 0 ] INFO  replication.ReplicationServer (ReplicationServer.java:start(107)) - ReplicationServer is started using port 37863
2022-01-10 01:38:59,200 [EndpointStateMachine task thread for /0.0.0.0:40925 - 0 ] INFO  ratis.XceiverServerRatis (XceiverServerRatis.java:start(484)) - Starting XceiverServerRatis ac31b8ac-4c39-436f-94f4-016e041cabcc
2022-01-10 01:38:59,226 [EndpointStateMachine task thread for /0.0.0.0:40925 - 0 ] INFO  server.RaftServer (RaftServerProxy.java:lambda$start$5(374)) - ac31b8ac-4c39-436f-94f4-016e041cabcc: start RPC server
2022-01-10 01:38:59,226 [EndpointStateMachine task thread for /0.0.0.0:40925 - 0 ] INFO  server.GrpcService (GrpcService.java:startImpl(253)) - ac31b8ac-4c39-436f-94f4-016e041cabcc: GrpcService started, listening on 41807
2022-01-10 01:38:59,226 [EndpointStateMachine task thread for /0.0.0.0:40925 - 0 ] INFO  ratis.XceiverServerRatis (XceiverServerRatis.java:getRealPort(505)) - XceiverServerRatis ac31b8ac-4c39-436f-94f4-016e041cabcc is started using port 41807 for RATIS
2022-01-10 01:38:59,227 [EndpointStateMachine task thread for /0.0.0.0:40925 - 0 ] INFO  ratis.XceiverServerRatis (XceiverServerRatis.java:getRealPort(505)) - XceiverServerRatis ac31b8ac-4c39-436f-94f4-016e041cabcc is started using port 41807 for RATIS_ADMIN
2022-01-10 01:38:59,227 [EndpointStateMachine task thread for /0.0.0.0:40925 - 0 ] INFO  ratis.XceiverServerRatis (XceiverServerRatis.java:getRealPort(505)) - XceiverServerRatis ac31b8ac-4c39-436f-94f4-016e041cabcc is started using port 41807 for RATIS_SERVER
2022-01-10 01:38:59,227 [org.apache.ratis.util.JvmPauseMonitor$$Lambda$529/1957356322@13a22375] INFO  util.JvmPauseMonitor (JvmPauseMonitor.java:run(103)) - JvmPauseMonitor-ac31b8ac-4c39-436f-94f4-016e041cabcc: Started
2022-01-10 01:38:59,227 [EndpointStateMachine task thread for /0.0.0.0:40925 - 0 ] INFO  server.XceiverServerGrpc (XceiverServerGrpc.java:start(180)) - XceiverServerGrpc ac31b8ac-4c39-436f-94f4-016e041cabcc is started using port 46601
2022-01-10 01:39:00,125 [Listener at 127.0.0.1/39021] INFO  ozone.MiniOzoneClusterImpl (MiniOzoneClusterImpl.java:lambda$waitForClusterToBeReady$0(235)) - Waiting for nodes to be ready. Got 0 of 3 DN Heartbeats.
2022-01-10 01:39:00,125 [Listener at 127.0.0.1/39021] INFO  ozone.MiniOzoneClusterImpl (MiniOzoneClusterImpl.java:lambda$waitForClusterToBeReady$0(238)) - Waiting for cluster to exit safe mode
2022-01-10 01:39:00,125 [Listener at 127.0.0.1/39021] INFO  ozone.MiniOzoneClusterImpl (MiniOzoneClusterImpl.java:lambda$waitForClusterToBeReady$0(240)) - SCM became leader
2022-01-10 01:39:00,525 [IPC Server handler 19 on default port 40925] INFO  net.NetworkTopologyImpl (NetworkTopologyImpl.java:add(112)) - Added a new node: /default-rack/96dc4cc0-d1b0-46a1-bf9f-f371de40ab31
2022-01-10 01:39:00,526 [IPC Server handler 19 on default port 40925] INFO  node.SCMNodeManager (SCMNodeManager.java:register(389)) - Registered Data node : 96dc4cc0-d1b0-46a1-bf9f-f371de40ab31{ip: 10.1.0.8, host: fv-az297-741.nmf1rxwemy4u5di1sxxf4ejcwb.jx.internal.cloudapp.net, ports: [REPLICATION=37503, RATIS=33365, RATIS_ADMIN=33365, RATIS_SERVER=33365, STANDALONE=45617], networkLocation: /default-rack, certSerialId: null, persistedOpState: null, persistedOpStateExpiryEpochSec: 0}
2022-01-10 01:39:00,542 [EventQueue-NodeRegistrationContainerReportForDataNodeSafeModeRule] INFO  safemode.SCMSafeModeManager (DataNodeSafeModeRule.java:process(71)) - SCM in safe mode. 1 DataNodes registered, 3 required.
2022-01-10 01:39:00,542 [EventQueue-NodeRegistrationContainerReportForContainerSafeModeRule] INFO  safemode.SCMSafeModeManager (SCMSafeModeManager.java:validateSafeModeExitRules(204)) - ContainerSafeModeRule rule is successfully validated
2022-01-10 01:39:00,545 [EventQueue-PipelineReportForOneReplicaPipelineSafeModeRule] INFO  safemode.SCMSafeModeManager (SCMSafeModeManager.java:validateSafeModeExitRules(204)) - AtleastOneDatanodeReportedRule rule is successfully validated
2022-01-10 01:39:00,545 [EventQueue-NewNodeForNewNodeHandler] INFO  pipeline.BackgroundPipelineCreator (BackgroundPipelineCreator.java:notifyEventTriggered(285)) - trigger a one-shot run on RatisPipelineUtilsThread.
2022-01-10 01:39:00,555 [RatisPipelineUtilsThread - 0] INFO  pipeline.RatisPipelineProvider (RatisPipelineProvider.java:lambda$create$0(183)) - Sending CreatePipelineCommand for pipeline:PipelineID=5fa808c6-14a5-4db1-be36-e3c67561f3a9 to datanode:96dc4cc0-d1b0-46a1-bf9f-f371de40ab31
2022-01-10 01:39:00,565 [RatisPipelineUtilsThread - 0] INFO  pipeline.PipelineStateManagerImpl (PipelineStateManagerImpl.java:addPipeline(101)) - Created pipeline Pipeline[ Id: 5fa808c6-14a5-4db1-be36-e3c67561f3a9, Nodes: 96dc4cc0-d1b0-46a1-bf9f-f371de40ab31{ip: 10.1.0.8, host: fv-az297-741.nmf1rxwemy4u5di1sxxf4ejcwb.jx.internal.cloudapp.net, ports: [REPLICATION=37503, RATIS=33365, RATIS_ADMIN=33365, RATIS_SERVER=33365, STANDALONE=45617], networkLocation: /default-rack, certSerialId: null, persistedOpState: IN_SERVICE, persistedOpStateExpiryEpochSec: 0}, ReplicationConfig: RATIS/ONE, State:ALLOCATED, leaderId:, CreationTimestamp2022-01-10T01:39:00.555Z[Etc/UTC]].
2022-01-10 01:39:00,890 [IPC Server handler 0 on default port 40925] INFO  net.NetworkTopologyImpl (NetworkTopologyImpl.java:add(112)) - Added a new node: /default-rack/d4d4c30f-0c00-4009-b3f8-9054c310d47a
2022-01-10 01:39:00,890 [IPC Server handler 0 on default port 40925] INFO  node.SCMNodeManager (SCMNodeManager.java:register(389)) - Registered Data node : d4d4c30f-0c00-4009-b3f8-9054c310d47a{ip: 10.1.0.8, host: fv-az297-741.nmf1rxwemy4u5di1sxxf4ejcwb.jx.internal.cloudapp.net, ports: [REPLICATION=36559, RATIS=33041, RATIS_ADMIN=33041, RATIS_SERVER=33041, STANDALONE=45349], networkLocation: /default-rack, certSerialId: null, persistedOpState: null, persistedOpStateExpiryEpochSec: 0}
2022-01-10 01:39:00,891 [EventQueue-NewNodeForNewNodeHandler] INFO  pipeline.BackgroundPipelineCreator (BackgroundPipelineCreator.java:notifyEventTriggered(285)) - trigger a one-shot run on RatisPipelineUtilsThread.
2022-01-10 01:39:00,900 [RatisPipelineUtilsThread - 0] INFO  pipeline.RatisPipelineProvider (RatisPipelineProvider.java:lambda$create$0(183)) - Sending CreatePipelineCommand for pipeline:PipelineID=a3d6ecb5-30c5-44f6-a783-4419a6018be0 to datanode:d4d4c30f-0c00-4009-b3f8-9054c310d47a
2022-01-10 01:39:00,901 [RatisPipelineUtilsThread - 0] INFO  pipeline.PipelineStateManagerImpl (PipelineStateManagerImpl.java:addPipeline(101)) - Created pipeline Pipeline[ Id: a3d6ecb5-30c5-44f6-a783-4419a6018be0, Nodes: d4d4c30f-0c00-4009-b3f8-9054c310d47a{ip: 10.1.0.8, host: fv-az297-741.nmf1rxwemy4u5di1sxxf4ejcwb.jx.internal.cloudapp.net, ports: [REPLICATION=36559, RATIS=33041, RATIS_ADMIN=33041, RATIS_SERVER=33041, STANDALONE=45349], networkLocation: /default-rack, certSerialId: null, persistedOpState: IN_SERVICE, persistedOpStateExpiryEpochSec: 0}, ReplicationConfig: RATIS/ONE, State:ALLOCATED, leaderId:, CreationTimestamp2022-01-10T01:39:00.900Z[Etc/UTC]].
2022-01-10 01:39:00,914 [EventQueue-NodeRegistrationContainerReportForDataNodeSafeModeRule] INFO  safemode.SCMSafeModeManager (DataNodeSafeModeRule.java:process(71)) - SCM in safe mode. 2 DataNodes registered, 3 required.
2022-01-10 01:39:01,125 [Listener at 127.0.0.1/39021] INFO  ozone.MiniOzoneClusterImpl (MiniOzoneClusterImpl.java:lambda$waitForClusterToBeReady$0(235)) - Waiting for nodes to be ready. Got 2 of 3 DN Heartbeats.
2022-01-10 01:39:01,127 [Listener at 127.0.0.1/39021] INFO  ozone.MiniOzoneClusterImpl (MiniOzoneClusterImpl.java:lambda$waitForClusterToBeReady$0(238)) - Waiting for cluster to exit safe mode
2022-01-10 01:39:01,127 [Listener at 127.0.0.1/39021] INFO  ozone.MiniOzoneClusterImpl (MiniOzoneClusterImpl.java:lambda$waitForClusterToBeReady$0(240)) - SCM became leader
2022-01-10 01:39:01,151 [IPC Server handler 1 on default port 40925] INFO  net.NetworkTopologyImpl (NetworkTopologyImpl.java:add(112)) - Added a new node: /default-rack/ac31b8ac-4c39-436f-94f4-016e041cabcc
2022-01-10 01:39:01,151 [IPC Server handler 1 on default port 40925] INFO  node.SCMNodeManager (SCMNodeManager.java:register(389)) - Registered Data node : ac31b8ac-4c39-436f-94f4-016e041cabcc{ip: 10.1.0.8, host: fv-az297-741.nmf1rxwemy4u5di1sxxf4ejcwb.jx.internal.cloudapp.net, ports: [REPLICATION=37863, RATIS=41807, RATIS_ADMIN=41807, RATIS_SERVER=41807, STANDALONE=46601], networkLocation: /default-rack, certSerialId: null, persistedOpState: null, persistedOpStateExpiryEpochSec: 0}
2022-01-10 01:39:01,151 [EventQueue-NewNodeForNewNodeHandler] INFO  pipeline.BackgroundPipelineCreator (BackgroundPipelineCreator.java:notifyEventTriggered(285)) - trigger a one-shot run on RatisPipelineUtilsThread.
2022-01-10 01:39:01,153 [RatisPipelineUtilsThread - 0] INFO  pipeline.RatisPipelineProvider (RatisPipelineProvider.java:lambda$create$0(183)) - Sending CreatePipelineCommand for pipeline:PipelineID=6b4819ba-c5e8-430e-9b4b-bdbaeef4f8c6 to datanode:ac31b8ac-4c39-436f-94f4-016e041cabcc
2022-01-10 01:39:01,153 [EventQueue-NodeRegistrationContainerReportForDataNodeSafeModeRule] INFO  safemode.SCMSafeModeManager (DataNodeSafeModeRule.java:process(71)) - SCM in safe mode. 3 DataNodes registered, 3 required.
2022-01-10 01:39:01,153 [EventQueue-NodeRegistrationContainerReportForDataNodeSafeModeRule] INFO  safemode.SCMSafeModeManager (SCMSafeModeManager.java:validateSafeModeExitRules(204)) - DataNodeSafeModeRule rule is successfully validated
2022-01-10 01:39:01,153 [EventQueue-NodeRegistrationContainerReportForDataNodeSafeModeRule] INFO  safemode.SCMSafeModeManager (SCMSafeModeManager.java:completePreCheck(233)) - All SCM safe mode pre check rules have passed
2022-01-10 01:39:01,153 [EventQueue-NodeRegistrationContainerReportForDataNodeSafeModeRule] WARN  events.EventQueue (EventQueue.java:fireEvent(194)) - No event handler registered for event TypedEvent{payloadType=SafeModeStatus, name='Safe mode status'}
2022-01-10 01:39:01,153 [EventQueue-NodeRegistrationContainerReportForDataNodeSafeModeRule] INFO  ha.SCMContext (SCMContext.java:updateSafeModeStatus(211)) - Update SafeModeStatus from SafeModeStatus{safeModeStatus=true, preCheckPassed=false} to SafeModeStatus{safeModeStatus=true, preCheckPassed=true}.
2022-01-10 01:39:01,153 [EventQueue-NodeRegistrationContainerReportForDataNodeSafeModeRule] INFO  pipeline.BackgroundPipelineCreator (BackgroundPipelineCreator.java:notifyEventTriggered(285)) - trigger a one-shot run on RatisPipelineUtilsThread.
2022-01-10 01:39:01,153 [RatisPipelineUtilsThread - 0] INFO  pipeline.PipelineStateManagerImpl (PipelineStateManagerImpl.java:addPipeline(101)) - Created pipeline Pipeline[ Id: 6b4819ba-c5e8-430e-9b4b-bdbaeef4f8c6, Nodes: ac31b8ac-4c39-436f-94f4-016e041cabcc{ip: 10.1.0.8, host: fv-az297-741.nmf1rxwemy4u5di1sxxf4ejcwb.jx.internal.cloudapp.net, ports: [REPLICATION=37863, RATIS=41807, RATIS_ADMIN=41807, RATIS_SERVER=41807, STANDALONE=46601], networkLocation: /default-rack, certSerialId: null, persistedOpState: IN_SERVICE, persistedOpStateExpiryEpochSec: 0}, ReplicationConfig: RATIS/ONE, State:ALLOCATED, leaderId:, CreationTimestamp2022-01-10T01:39:01.153Z[Etc/UTC]].
2022-01-10 01:39:01,154 [RatisPipelineUtilsThread - 0] INFO  pipeline.RatisPipelineProvider (RatisPipelineProvider.java:lambda$create$0(183)) - Sending CreatePipelineCommand for pipeline:PipelineID=3ef41411-f4af-483d-becc-37b3c5d67002 to datanode:ac31b8ac-4c39-436f-94f4-016e041cabcc
2022-01-10 01:39:01,154 [RatisPipelineUtilsThread - 0] INFO  pipeline.RatisPipelineProvider (RatisPipelineProvider.java:lambda$create$0(183)) - Sending CreatePipelineCommand for pipeline:PipelineID=3ef41411-f4af-483d-becc-37b3c5d67002 to datanode:96dc4cc0-d1b0-46a1-bf9f-f371de40ab31
2022-01-10 01:39:01,154 [RatisPipelineUtilsThread - 0] INFO  pipeline.RatisPipelineProvider (RatisPipelineProvider.java:lambda$create$0(183)) - Sending CreatePipelineCommand for pipeline:PipelineID=3ef41411-f4af-483d-becc-37b3c5d67002 to datanode:d4d4c30f-0c00-4009-b3f8-9054c310d47a
2022-01-10 01:39:01,154 [RatisPipelineUtilsThread - 0] INFO  pipeline.PipelineStateManagerImpl (PipelineStateManagerImpl.java:addPipeline(101)) - Created pipeline Pipeline[ Id: 3ef41411-f4af-483d-becc-37b3c5d67002, Nodes: ac31b8ac-4c39-436f-94f4-016e041cabcc{ip: 10.1.0.8, host: fv-az297-741.nmf1rxwemy4u5di1sxxf4ejcwb.jx.internal.cloudapp.net, ports: [REPLICATION=37863, RATIS=41807, RATIS_ADMIN=41807, RATIS_SERVER=41807, STANDALONE=46601], networkLocation: /default-rack, certSerialId: null, persistedOpState: IN_SERVICE, persistedOpStateExpiryEpochSec: 0}96dc4cc0-d1b0-46a1-bf9f-f371de40ab31{ip: 10.1.0.8, host: fv-az297-741.nmf1rxwemy4u5di1sxxf4ejcwb.jx.internal.cloudapp.net, ports: [REPLICATION=37503, RATIS=33365, RATIS_ADMIN=33365, RATIS_SERVER=33365, STANDALONE=45617], networkLocation: /default-rack, certSerialId: null, persistedOpState: IN_SERVICE, persistedOpStateExpiryEpochSec: 0}d4d4c30f-0c00-4009-b3f8-9054c310d47a{ip: 10.1.0.8, host: fv-az297-741.nmf1rxwemy4u5di1sxxf4ejcwb.jx.internal.cloudapp.net, ports: [REPLICATION=36559, RATIS=33041, RATIS_ADMIN=33041, RATIS_SERVER=33041, STANDALONE=45349], networkLocation: /default-rack, certSerialId: null, persistedOpState: IN_SERVICE, persistedOpStateExpiryEpochSec: 0}, ReplicationConfig: RATIS/THREE, State:ALLOCATED, leaderId:, CreationTimestamp2022-01-10T01:39:01.154Z[Etc/UTC]].
2022-01-10 01:39:01,154 [RatisPipelineUtilsThread - 0] INFO  pipeline.RatisPipelineProvider (RatisPipelineProvider.java:lambda$create$0(183)) - Sending CreatePipelineCommand for pipeline:PipelineID=5ac27b1d-e291-4127-8517-8f2cc2144ba8 to datanode:d4d4c30f-0c00-4009-b3f8-9054c310d47a
2022-01-10 01:39:01,154 [RatisPipelineUtilsThread - 0] INFO  pipeline.RatisPipelineProvider (RatisPipelineProvider.java:lambda$create$0(183)) - Sending CreatePipelineCommand for pipeline:PipelineID=5ac27b1d-e291-4127-8517-8f2cc2144ba8 to datanode:ac31b8ac-4c39-436f-94f4-016e041cabcc
2022-01-10 01:39:01,154 [RatisPipelineUtilsThread - 0] INFO  pipeline.RatisPipelineProvider (RatisPipelineProvider.java:lambda$create$0(183)) - Sending CreatePipelineCommand for pipeline:PipelineID=5ac27b1d-e291-4127-8517-8f2cc2144ba8 to datanode:96dc4cc0-d1b0-46a1-bf9f-f371de40ab31
2022-01-10 01:39:01,155 [RatisPipelineUtilsThread - 0] INFO  pipeline.PipelineStateManagerImpl (PipelineStateManagerImpl.java:addPipeline(101)) - Created pipeline Pipeline[ Id: 5ac27b1d-e291-4127-8517-8f2cc2144ba8, Nodes: d4d4c30f-0c00-4009-b3f8-9054c310d47a{ip: 10.1.0.8, host: fv-az297-741.nmf1rxwemy4u5di1sxxf4ejcwb.jx.internal.cloudapp.net, ports: [REPLICATION=36559, RATIS=33041, RATIS_ADMIN=33041, RATIS_SERVER=33041, STANDALONE=45349], networkLocation: /default-rack, certSerialId: null, persistedOpState: IN_SERVICE, persistedOpStateExpiryEpochSec: 0}ac31b8ac-4c39-436f-94f4-016e041cabcc{ip: 10.1.0.8, host: fv-az297-741.nmf1rxwemy4u5di1sxxf4ejcwb.jx.internal.cloudapp.net, ports: [REPLICATION=37863, RATIS=41807, RATIS_ADMIN=41807, RATIS_SERVER=41807, STANDALONE=46601], networkLocation: /default-rack, certSerialId: null, persistedOpState: IN_SERVICE, persistedOpStateExpiryEpochSec: 0}96dc4cc0-d1b0-46a1-bf9f-f371de40ab31{ip: 10.1.0.8, host: fv-az297-741.nmf1rxwemy4u5di1sxxf4ejcwb.jx.internal.cloudapp.net, ports: [REPLICATION=37503, RATIS=33365, RATIS_ADMIN=33365, RATIS_SERVER=33365, STANDALONE=45617], networkLocation: /default-rack, certSerialId: null, persistedOpState: IN_SERVICE, persistedOpStateExpiryEpochSec: 0}, ReplicationConfig: RATIS/THREE, State:ALLOCATED, leaderId:, CreationTimestamp2022-01-10T01:39:01.154Z[Etc/UTC]].
2022-01-10 01:39:01,155 [RatisPipelineUtilsThread - 0] INFO  pipeline.PipelineManagerImpl (PipelineManagerImpl.java:recordMetricsForPipeline(639)) - Pipeline: PipelineID=5ac27b1d-e291-4127-8517-8f2cc2144ba8 contains same datanodes as previous pipelines: PipelineID=3ef41411-f4af-483d-becc-37b3c5d67002 nodeIds: d4d4c30f-0c00-4009-b3f8-9054c310d47a, ac31b8ac-4c39-436f-94f4-016e041cabcc, 96dc4cc0-d1b0-46a1-bf9f-f371de40ab31
2022-01-10 01:39:02,128 [Listener at 127.0.0.1/39021] INFO  ozone.MiniOzoneClusterImpl (MiniOzoneClusterImpl.java:lambda$waitForClusterToBeReady$0(235)) - Nodes are ready. Got 3 of 3 DN Heartbeats.
2022-01-10 01:39:02,129 [Listener at 127.0.0.1/39021] INFO  ozone.MiniOzoneClusterImpl (MiniOzoneClusterImpl.java:lambda$waitForClusterToBeReady$0(238)) - Waiting for cluster to exit safe mode
2022-01-10 01:39:02,129 [Listener at 127.0.0.1/39021] INFO  ozone.MiniOzoneClusterImpl (MiniOzoneClusterImpl.java:lambda$waitForClusterToBeReady$0(240)) - SCM became leader
2022-01-10 01:39:03,130 [Listener at 127.0.0.1/39021] INFO  ozone.MiniOzoneClusterImpl (MiniOzoneClusterImpl.java:lambda$waitForClusterToBeReady$0(235)) - Nodes are ready. Got 3 of 3 DN Heartbeats.
2022-01-10 01:39:03,130 [Listener at 127.0.0.1/39021] INFO  ozone.MiniOzoneClusterImpl (MiniOzoneClusterImpl.java:lambda$waitForClusterToBeReady$0(238)) - Waiting for cluster to exit safe mode
2022-01-10 01:39:03,130 [Listener at 127.0.0.1/39021] INFO  ozone.MiniOzoneClusterImpl (MiniOzoneClusterImpl.java:lambda$waitForClusterToBeReady$0(240)) - SCM became leader
2022-01-10 01:39:03,530 [Command processor thread] INFO  server.RaftServer (RaftServerProxy.java:addNew(95)) - 96dc4cc0-d1b0-46a1-bf9f-f371de40ab31: addNew group-E3C67561F3A9:[96dc4cc0-d1b0-46a1-bf9f-f371de40ab31|rpc:10.1.0.8:33365|priority:1] returns group-E3C67561F3A9:java.util.concurrent.CompletableFuture@97bac9f[Not completed]
2022-01-10 01:39:03,546 [pool-628-thread-1] INFO  server.RaftServer$Division (RaftServerImpl.java:<init>(184)) - 96dc4cc0-d1b0-46a1-bf9f-f371de40ab31: new RaftServerImpl for group-E3C67561F3A9:[96dc4cc0-d1b0-46a1-bf9f-f371de40ab31|rpc:10.1.0.8:33365|priority:1] with ContainerStateMachine:uninitialized
2022-01-10 01:39:03,572 [pool-628-thread-1] INFO  server.RaftServerConfigKeys (ConfUtils.java:logGet(44)) - raft.server.rpc.timeout.min = 5s (custom)
2022-01-10 01:39:03,573 [pool-628-thread-1] INFO  server.RaftServerConfigKeys (ConfUtils.java:logGet(44)) - raft.server.rpc.timeout.max = 5200ms (custom)
2022-01-10 01:39:03,573 [pool-628-thread-1] INFO  server.RaftServerConfigKeys (ConfUtils.java:logGet(44)) - raft.server.rpc.sleep.time = 25ms (default)
2022-01-10 01:39:03,573 [pool-628-thread-1] INFO  server.RaftServerConfigKeys (ConfUtils.java:logGet(44)) - raft.server.rpc.slowness.timeout = 300s (custom)
2022-01-10 01:39:03,573 [pool-628-thread-1] INFO  server.RaftServerConfigKeys (ConfUtils.java:logGet(44)) - raft.server.leaderelection.leader.step-down.wait-time = 10s (default)
2022-01-10 01:39:03,573 [pool-628-thread-1] INFO  server.RaftServerConfigKeys (ConfUtils.java:logGet(44)) - raft.server.sleep.deviation.threshold = 300ms (default)
2022-01-10 01:39:03,573 [pool-628-thread-1] INFO  server.RaftServerConfigKeys (ConfUtils.java:logGet(44)) - raft.server.log.appender.install.snapshot.enabled = false (custom)
2022-01-10 01:39:03,573 [pool-628-thread-1] INFO  server.RaftServer$Division (ServerState.java:<init>(105)) - 96dc4cc0-d1b0-46a1-bf9f-f371de40ab31@group-E3C67561F3A9: ConfigurationManager, init=-1: [96dc4cc0-d1b0-46a1-bf9f-f371de40ab31|rpc:10.1.0.8:33365|priority:1], old=null, confs=<EMPTY_MAP>
2022-01-10 01:39:03,573 [pool-628-thread-1] INFO  server.RaftServerConfigKeys (ConfUtils.java:logGet(44)) - raft.server.storage.dir = [/home/runner/work/ozone/ozone/hadoop-ozone/integration-test/target/test-dir/MiniOzoneClusterImpl-a1c2d8ca-8f9e-4610-b695-5e529456a49a/datanode-0/data/ratis] (custom)
2022-01-10 01:39:03,573 [pool-628-thread-1] INFO  server.RaftServerConfigKeys (ConfUtils.java:logGet(44)) - raft.server.log.corruption.policy = EXCEPTION (default)
2022-01-10 01:39:03,573 [pool-628-thread-1] INFO  server.RaftServerConfigKeys (ConfUtils.java:logGet(44)) - raft.server.storage.free-space.min = 0MB (=0) (default)
2022-01-10 01:39:03,574 [pool-628-thread-1] INFO  storage.RaftStorageDirectory (RaftStorageDirectoryImpl.java:analyzeStorage(135)) - The storage directory /home/runner/work/ozone/ozone/hadoop-ozone/integration-test/target/test-dir/MiniOzoneClusterImpl-a1c2d8ca-8f9e-4610-b695-5e529456a49a/datanode-0/data/ratis/5fa808c6-14a5-4db1-be36-e3c67561f3a9 does not exist. Creating ...
2022-01-10 01:39:03,579 [pool-628-thread-1] INFO  storage.RaftStorageDirectory (RaftStorageDirectoryImpl.java:tryLock(230)) - Lock on /home/runner/work/ozone/ozone/hadoop-ozone/integration-test/target/test-dir/MiniOzoneClusterImpl-a1c2d8ca-8f9e-4610-b695-5e529456a49a/datanode-0/data/ratis/5fa808c6-14a5-4db1-be36-e3c67561f3a9/in_use.lock acquired by nodename 16813@fv-az297-741
2022-01-10 01:39:03,584 [pool-628-thread-1] INFO  storage.RaftStorage (RaftStorageImpl.java:format(89)) - Storage directory /home/runner/work/ozone/ozone/hadoop-ozone/integration-test/target/test-dir/MiniOzoneClusterImpl-a1c2d8ca-8f9e-4610-b695-5e529456a49a/datanode-0/data/ratis/5fa808c6-14a5-4db1-be36-e3c67561f3a9 has been successfully formatted.
2022-01-10 01:39:03,586 [pool-628-thread-1] INFO  ratis.ContainerStateMachine (ContainerStateMachine.java:loadSnapshot(231)) - group-E3C67561F3A9: The snapshot info is null. Setting the last applied indexto:(t:0, i:~)
2022-01-10 01:39:03,587 [EventQueue-PipelineReportForPipelineReportHandler] INFO  pipeline.PipelineManagerImpl (PipelineManagerImpl.java:openPipeline(291)) - Pipeline Pipeline[ Id: 5fa808c6-14a5-4db1-be36-e3c67561f3a9, Nodes: 96dc4cc0-d1b0-46a1-bf9f-f371de40ab31{ip: 10.1.0.8, host: fv-az297-741.nmf1rxwemy4u5di1sxxf4ejcwb.jx.internal.cloudapp.net, ports: [REPLICATION=37503, RATIS=33365, RATIS_ADMIN=33365, RATIS_SERVER=33365, STANDALONE=45617], networkLocation: /default-rack, certSerialId: null, persistedOpState: IN_SERVICE, persistedOpStateExpiryEpochSec: 0}, ReplicationConfig: RATIS/ONE, State:ALLOCATED, leaderId:96dc4cc0-d1b0-46a1-bf9f-f371de40ab31, CreationTimestamp2022-01-10T01:39:00.555Z[Etc/UTC]] moved to OPEN state
2022-01-10 01:39:03,603 [EventQueue-OpenPipelineForHealthyPipelineSafeModeRule] INFO  safemode.SCMSafeModeManager (HealthyPipelineSafeModeRule.java:process(124)) - SCM in safe mode. Healthy pipelines reported count is 0, required healthy pipeline reported count is 1
2022-01-10 01:39:03,605 [pool-628-thread-1] INFO  server.RaftServerConfigKeys (ConfUtils.java:logGet(44)) - raft.server.notification.no-leader.timeout = 300s (custom)
2022-01-10 01:39:03,610 [pool-628-thread-1] INFO  server.RaftServerConfigKeys (ConfUtils.java:logGet(44)) - raft.server.log.use.memory = false (default)
2022-01-10 01:39:03,610 [pool-628-thread-1] INFO  server.RaftServerConfigKeys (ConfUtils.java:logGet(44)) - raft.server.log.purge.gap = 1000000 (custom)
2022-01-10 01:39:03,610 [pool-628-thread-1] INFO  server.RaftServerConfigKeys (ConfUtils.java:logGet(44)) - raft.server.log.appender.buffer.byte-limit = 33554432 (custom)
2022-01-10 01:39:03,611 [pool-628-thread-1] INFO  server.RaftServerConfigKeys (ConfUtils.java:logGet(44)) - raft.server.log.segment.size.max = 1048576 (custom)
2022-01-10 01:39:03,611 [pool-628-thread-1] INFO  server.RaftServerConfigKeys (ConfUtils.java:logGet(44)) - raft.server.log.segment.cache.num.max = 2 (custom)
2022-01-10 01:39:03,611 [pool-628-thread-1] INFO  server.RaftServerConfigKeys (ConfUtils.java:logGet(44)) - raft.server.log.segment.cache.size.max = 200MB (=209715200) (default)
2022-01-10 01:39:03,611 [pool-628-thread-1] INFO  segmented.SegmentedRaftLogWorker (SegmentedRaftLogWorker.java:<init>(182)) - new 96dc4cc0-d1b0-46a1-bf9f-f371de40ab31@group-E3C67561F3A9-SegmentedRaftLogWorker for RaftStorageImpl:Storage Directory /home/runner/work/ozone/ozone/hadoop-ozone/integration-test/target/test-dir/MiniOzoneClusterImpl-a1c2d8ca-8f9e-4610-b695-5e529456a49a/datanode-0/data/ratis/5fa808c6-14a5-4db1-be36-e3c67561f3a9
2022-01-10 01:39:03,611 [pool-628-thread-1] INFO  server.RaftServerConfigKeys (ConfUtils.java:logGet(44)) - raft.server.log.queue.byte-limit = 2147483647 (custom)
2022-01-10 01:39:03,611 [pool-628-thread-1] INFO  server.RaftServerConfigKeys (ConfUtils.java:logGet(44)) - raft.server.log.queue.element-limit = 1024 (custom)
2022-01-10 01:39:03,611 [pool-628-thread-1] INFO  server.RaftServerConfigKeys (ConfUtils.java:logGet(44)) - raft.server.log.segment.size.max = 1048576 (custom)
2022-01-10 01:39:03,611 [pool-628-thread-1] INFO  server.RaftServerConfigKeys (ConfUtils.java:logGet(44)) - raft.server.log.preallocated.size = 16384 (custom)
2022-01-10 01:39:03,611 [pool-628-thread-1] INFO  server.RaftServerConfigKeys (ConfUtils.java:logGet(44)) - raft.server.log.force.sync.num = 128 (default)
2022-01-10 01:39:03,611 [pool-628-thread-1] INFO  server.RaftServerConfigKeys (ConfUtils.java:logGet(44)) - raft.server.log.statemachine.data.sync = true (default)
2022-01-10 01:39:03,611 [pool-628-thread-1] INFO  server.RaftServerConfigKeys (ConfUtils.java:logGet(44)) - raft.server.log.statemachine.data.sync.timeout = 10s (default)
2022-01-10 01:39:03,612 [pool-628-thread-1] INFO  server.RaftServerConfigKeys (ConfUtils.java:logGet(44)) - raft.server.log.statemachine.data.sync.timeout.retry = -1 (default)
2022-01-10 01:39:03,612 [pool-628-thread-1] INFO  server.RaftServerConfigKeys (ConfUtils.java:logGet(44)) - raft.server.log.write.buffer.size = 1048576 (custom)
2022-01-10 01:39:03,613 [pool-628-thread-1] INFO  server.RaftServerConfigKeys (ConfUtils.java:logGet(44)) - raft.server.log.statemachine.data.caching.enabled = true (custom)
2022-01-10 01:39:03,613 [pool-628-thread-1] INFO  segmented.SegmentedRaftLogWorker (SegmentedRaftLogWorker.java:lambda$new$0(133)) - 96dc4cc0-d1b0-46a1-bf9f-f371de40ab31@group-E3C67561F3A9-SegmentedRaftLogWorker: flushIndex: setUnconditionally 0 -> -1
2022-01-10 01:39:03,613 [pool-628-thread-1] INFO  segmented.SegmentedRaftLogWorker (SegmentedRaftLogWorker.java:lambda$new$0(133)) - 96dc4cc0-d1b0-46a1-bf9f-f371de40ab31@group-E3C67561F3A9-SegmentedRaftLogWorker: safeCacheEvictIndex: setUnconditionally 0 -> -1
2022-01-10 01:39:03,617 [pool-628-thread-1] INFO  server.RaftServerConfigKeys (ConfUtils.java:logGet(44)) - raft.server.snapshot.auto.trigger.enabled = true (custom)
2022-01-10 01:39:03,617 [pool-628-thread-1] INFO  server.RaftServerConfigKeys (ConfUtils.java:logGet(44)) - raft.server.snapshot.auto.trigger.threshold = 10000 (custom)
2022-01-10 01:39:03,618 [pool-628-thread-1] INFO  server.RaftServerConfigKeys (ConfUtils.java:logGet(44)) - raft.server.snapshot.retention.file.num = 5 (custom)
2022-01-10 01:39:03,618 [pool-628-thread-1] INFO  server.RaftServerConfigKeys (ConfUtils.java:logGet(44)) - raft.server.log.purge.upto.snapshot.index = false (default)
2022-01-10 01:39:03,618 [pool-628-thread-1] INFO  server.RaftServerConfigKeys (ConfUtils.java:logGet(44)) - raft.server.retrycache.expirytime = 600000ms (custom)
2022-01-10 01:39:03,618 [pool-628-thread-1] INFO  server.RaftServerConfigKeys (ConfUtils.java:logGet(44)) - raft.server.retrycache.statistics.expirytime = 100μs (default)
2022-01-10 01:39:03,619 [pool-628-thread-1] INFO  server.RaftServer$Division (RaftServerImpl.java:start(301)) - 96dc4cc0-d1b0-46a1-bf9f-f371de40ab31@group-E3C67561F3A9: start as a follower, conf=-1: [96dc4cc0-d1b0-46a1-bf9f-f371de40ab31|rpc:10.1.0.8:33365|priority:1], old=null
2022-01-10 01:39:03,619 [pool-628-thread-1] INFO  server.RaftServer$Division (RaftServerImpl.java:setRole(290)) - 96dc4cc0-d1b0-46a1-bf9f-f371de40ab31@group-E3C67561F3A9: changes role from      null to FOLLOWER at term 0 for startAsFollower
2022-01-10 01:39:03,619 [pool-628-thread-1] INFO  impl.RoleInfo (RoleInfo.java:updateAndGet(130)) - 96dc4cc0-d1b0-46a1-bf9f-f371de40ab31: start 96dc4cc0-d1b0-46a1-bf9f-f371de40ab31@group-E3C67561F3A9-FollowerState
2022-01-10 01:39:03,625 [pool-628-thread-1] INFO  util.JmxRegister (JmxRegister.java:tryRegister(44)) - Successfully registered JMX Bean with object name Ratis:service=RaftServer,group=group-E3C67561F3A9,id=96dc4cc0-d1b0-46a1-bf9f-f371de40ab31
2022-01-10 01:39:03,626 [Command processor thread] INFO  ratis.XceiverServerRatis (XceiverServerRatis.java:addGroup(768)) - Created group PipelineID=5fa808c6-14a5-4db1-be36-e3c67561f3a9
2022-01-10 01:39:03,626 [Command processor thread] INFO  commandhandler.CreatePipelineCommandHandler (CreatePipelineCommandHandler.java:handle(106)) - Created Pipeline RATIS ONE PipelineID=5fa808c6-14a5-4db1-be36-e3c67561f3a9.
2022-01-10 01:39:03,626 [Command processor thread] INFO  server.RaftServer (RaftServerProxy.java:addNew(95)) - 96dc4cc0-d1b0-46a1-bf9f-f371de40ab31: addNew group-37B3C5D67002:[96dc4cc0-d1b0-46a1-bf9f-f371de40ab31|rpc:10.1.0.8:33365|priority:0, d4d4c30f-0c00-4009-b3f8-9054c310d47a|rpc:10.1.0.8:33041|priority:0, ac31b8ac-4c39-436f-94f4-016e041cabcc|rpc:10.1.0.8:41807|priority:1] returns group-37B3C5D67002:java.util.concurrent.CompletableFuture@d443968[Not completed]
2022-01-10 01:39:03,628 [pool-628-thread-1] INFO  server.RaftServer$Division (RaftServerImpl.java:<init>(184)) - 96dc4cc0-d1b0-46a1-bf9f-f371de40ab31: new RaftServerImpl for group-37B3C5D67002:[96dc4cc0-d1b0-46a1-bf9f-f371de40ab31|rpc:10.1.0.8:33365|priority:0, d4d4c30f-0c00-4009-b3f8-9054c310d47a|rpc:10.1.0.8:33041|priority:0, ac31b8ac-4c39-436f-94f4-016e041cabcc|rpc:10.1.0.8:41807|priority:1] with ContainerStateMachine:uninitialized
2022-01-10 01:39:03,628 [pool-628-thread-1] INFO  server.RaftServerConfigKeys (ConfUtils.java:logGet(44)) - raft.server.rpc.timeout.min = 5s (custom)
2022-01-10 01:39:03,628 [pool-628-thread-1] INFO  server.RaftServerConfigKeys (ConfUtils.java:logGet(44)) - raft.server.rpc.timeout.max = 5200ms (custom)
2022-01-10 01:39:03,628 [pool-628-thread-1] INFO  server.RaftServerConfigKeys (ConfUtils.java:logGet(44)) - raft.server.rpc.sleep.time = 25ms (default)
2022-01-10 01:39:03,628 [pool-628-thread-1] INFO  server.RaftServerConfigKeys (ConfUtils.java:logGet(44)) - raft.server.rpc.slowness.timeout = 300s (custom)
2022-01-10 01:39:03,628 [pool-628-thread-1] INFO  server.RaftServerConfigKeys (ConfUtils.java:logGet(44)) - raft.server.leaderelection.leader.step-down.wait-time = 10s (default)
2022-01-10 01:39:03,628 [pool-628-thread-1] INFO  server.RaftServerConfigKeys (ConfUtils.java:logGet(44)) - raft.server.sleep.deviation.threshold = 300ms (default)
2022-01-10 01:39:03,628 [pool-628-thread-1] INFO  server.RaftServerConfigKeys (ConfUtils.java:logGet(44)) - raft.server.log.appender.install.snapshot.enabled = false (custom)
2022-01-10 01:39:03,628 [pool-628-thread-1] INFO  server.RaftServer$Division (ServerState.java:<init>(105)) - 96dc4cc0-d1b0-46a1-bf9f-f371de40ab31@group-37B3C5D67002: ConfigurationManager, init=-1: [96dc4cc0-d1b0-46a1-bf9f-f371de40ab31|rpc:10.1.0.8:33365|priority:0, d4d4c30f-0c00-4009-b3f8-9054c310d47a|rpc:10.1.0.8:33041|priority:0, ac31b8ac-4c39-436f-94f4-016e041cabcc|rpc:10.1.0.8:41807|priority:1], old=null, confs=<EMPTY_MAP>
2022-01-10 01:39:03,628 [pool-628-thread-1] INFO  server.RaftServerConfigKeys (ConfUtils.java:logGet(44)) - raft.server.storage.dir = [/home/runner/work/ozone/ozone/hadoop-ozone/integration-test/target/test-dir/MiniOzoneClusterImpl-a1c2d8ca-8f9e-4610-b695-5e529456a49a/datanode-0/data/ratis] (custom)
2022-01-10 01:39:03,629 [pool-628-thread-1] INFO  server.RaftServerConfigKeys (ConfUtils.java:logGet(44)) - raft.server.log.corruption.policy = EXCEPTION (default)
2022-01-10 01:39:03,629 [pool-628-thread-1] INFO  server.RaftServerConfigKeys (ConfUtils.java:logGet(44)) - raft.server.storage.free-space.min = 0MB (=0) (default)
2022-01-10 01:39:03,629 [pool-628-thread-1] INFO  storage.RaftStorageDirectory (RaftStorageDirectoryImpl.java:analyzeStorage(135)) - The storage directory /home/runner/work/ozone/ozone/hadoop-ozone/integration-test/target/test-dir/MiniOzoneClusterImpl-a1c2d8ca-8f9e-4610-b695-5e529456a49a/datanode-0/data/ratis/3ef41411-f4af-483d-becc-37b3c5d67002 does not exist. Creating ...
2022-01-10 01:39:03,632 [pool-628-thread-1] INFO  storage.RaftStorageDirectory (RaftStorageDirectoryImpl.java:tryLock(230)) - Lock on /home/runner/work/ozone/ozone/hadoop-ozone/integration-test/target/test-dir/MiniOzoneClusterImpl-a1c2d8ca-8f9e-4610-b695-5e529456a49a/datanode-0/data/ratis/3ef41411-f4af-483d-becc-37b3c5d67002/in_use.lock acquired by nodename 16813@fv-az297-741
2022-01-10 01:39:03,648 [pool-628-thread-1] INFO  storage.RaftStorage (RaftStorageImpl.java:format(89)) - Storage directory /home/runner/work/ozone/ozone/hadoop-ozone/integration-test/target/test-dir/MiniOzoneClusterImpl-a1c2d8ca-8f9e-4610-b695-5e529456a49a/datanode-0/data/ratis/3ef41411-f4af-483d-becc-37b3c5d67002 has been successfully formatted.
2022-01-10 01:39:03,649 [EventQueue-OpenPipelineForHealthyPipelineSafeModeRule] INFO  safemode.SCMSafeModeManager (HealthyPipelineSafeModeRule.java:process(124)) - SCM in safe mode. Healthy pipelines reported count is 0, required healthy pipeline reported count is 1
2022-01-10 01:39:03,649 [pool-628-thread-1] INFO  ratis.ContainerStateMachine (ContainerStateMachine.java:loadSnapshot(231)) - group-37B3C5D67002: The snapshot info is null. Setting the last applied indexto:(t:0, i:~)
2022-01-10 01:39:03,649 [pool-628-thread-1] INFO  server.RaftServerConfigKeys (ConfUtils.java:logGet(44)) - raft.server.notification.no-leader.timeout = 300s (custom)
2022-01-10 01:39:03,649 [pool-628-thread-1] INFO  server.RaftServerConfigKeys (ConfUtils.java:logGet(44)) - raft.server.log.use.memory = false (default)
2022-01-10 01:39:03,649 [pool-628-thread-1] INFO  server.RaftServerConfigKeys (ConfUtils.java:logGet(44)) - raft.server.log.purge.gap = 1000000 (custom)
2022-01-10 01:39:03,649 [pool-628-thread-1] INFO  server.RaftServerConfigKeys (ConfUtils.java:logGet(44)) - raft.server.log.appender.buffer.byte-limit = 33554432 (custom)
2022-01-10 01:39:03,649 [pool-628-thread-1] INFO  server.RaftServerConfigKeys (ConfUtils.java:logGet(44)) - raft.server.log.segment.size.max = 1048576 (custom)
2022-01-10 01:39:03,650 [pool-628-thread-1] INFO  server.RaftServerConfigKeys (ConfUtils.java:logGet(44)) - raft.server.log.segment.cache.num.max = 2 (custom)
2022-01-10 01:39:03,650 [pool-628-thread-1] INFO  server.RaftServerConfigKeys (ConfUtils.java:logGet(44)) - raft.server.log.segment.cache.size.max = 200MB (=209715200) (default)
2022-01-10 01:39:03,650 [pool-628-thread-1] INFO  segmented.SegmentedRaftLogWorker (SegmentedRaftLogWorker.java:<init>(182)) - new 96dc4cc0-d1b0-46a1-bf9f-f371de40ab31@group-37B3C5D67002-SegmentedRaftLogWorker for RaftStorageImpl:Storage Directory /home/runner/work/ozone/ozone/hadoop-ozone/integration-test/target/test-dir/MiniOzoneClusterImpl-a1c2d8ca-8f9e-4610-b695-5e529456a49a/datanode-0/data/ratis/3ef41411-f4af-483d-becc-37b3c5d67002
2022-01-10 01:39:03,650 [pool-628-thread-1] INFO  server.RaftServerConfigKeys (ConfUtils.java:logGet(44)) - raft.server.log.queue.byte-limit = 2147483647 (custom)
2022-01-10 01:39:03,650 [pool-628-thread-1] INFO  server.RaftServerConfigKeys (ConfUtils.java:logGet(44)) - raft.server.log.queue.element-limit = 1024 (custom)
2022-01-10 01:39:03,650 [pool-628-thread-1] INFO  server.RaftServerConfigKeys (ConfUtils.java:logGet(44)) - raft.server.log.segment.size.max = 1048576 (custom)
2022-01-10 01:39:03,650 [pool-628-thread-1] INFO  server.RaftServerConfigKeys (ConfUtils.java:logGet(44)) - raft.server.log.preallocated.size = 16384 (custom)
2022-01-10 01:39:03,650 [pool-628-thread-1] INFO  server.RaftServerConfigKeys (ConfUtils.java:logGet(44)) - raft.server.log.force.sync.num = 128 (default)
2022-01-10 01:39:03,650 [pool-628-thread-1] INFO  server.RaftServerConfigKeys (ConfUtils.java:logGet(44)) - raft.server.log.statemachine.data.sync = true (default)
2022-01-10 01:39:03,650 [pool-628-thread-1] INFO  server.RaftServerConfigKeys (ConfUtils.java:logGet(44)) - raft.server.log.statemachine.data.sync.timeout = 10s (default)
2022-01-10 01:39:03,666 [pool-628-thread-1] INFO  server.RaftServerConfigKeys (ConfUtils.java:logGet(44)) - raft.server.log.statemachine.data.sync.timeout.retry = -1 (default)
2022-01-10 01:39:03,667 [pool-628-thread-1] INFO  server.RaftServerConfigKeys (ConfUtils.java:logGet(44)) - raft.server.log.write.buffer.size = 1048576 (custom)
2022-01-10 01:39:03,668 [pool-628-thread-1] INFO  server.RaftServerConfigKeys (ConfUtils.java:logGet(44)) - raft.server.log.statemachine.data.caching.enabled = true (custom)
2022-01-10 01:39:03,668 [pool-628-thread-1] INFO  segmented.SegmentedRaftLogWorker (SegmentedRaftLogWorker.java:lambda$new$0(133)) - 96dc4cc0-d1b0-46a1-bf9f-f371de40ab31@group-37B3C5D67002-SegmentedRaftLogWorker: flushIndex: setUnconditionally 0 -> -1
2022-01-10 01:39:03,668 [pool-628-thread-1] INFO  segmented.SegmentedRaftLogWorker (SegmentedRaftLogWorker.java:lambda$new$0(133)) - 96dc4cc0-d1b0-46a1-bf9f-f371de40ab31@group-37B3C5D67002-SegmentedRaftLogWorker: safeCacheEvictIndex: setUnconditionally 0 -> -1
2022-01-10 01:39:03,678 [pool-628-thread-1] INFO  server.RaftServerConfigKeys (ConfUtils.java:logGet(44)) - raft.server.snapshot.auto.trigger.enabled = true (custom)
2022-01-10 01:39:03,678 [pool-628-thread-1] INFO  server.RaftServerConfigKeys (ConfUtils.java:logGet(44)) - raft.server.snapshot.auto.trigger.threshold = 10000 (custom)
2022-01-10 01:39:03,678 [pool-628-thread-1] INFO  server.RaftServerConfigKeys (ConfUtils.java:logGet(44)) - raft.server.snapshot.retention.file.num = 5 (custom)
2022-01-10 01:39:03,678 [pool-628-thread-1] INFO  server.RaftServerConfigKeys (ConfUtils.java:logGet(44)) - raft.server.log.purge.upto.snapshot.index = false (default)
2022-01-10 01:39:03,678 [pool-628-thread-1] INFO  server.RaftServerConfigKeys (ConfUtils.java:logGet(44)) - raft.server.retrycache.expirytime = 600000ms (custom)
2022-01-10 01:39:03,678 [pool-628-thread-1] INFO  server.RaftServerConfigKeys (ConfUtils.java:logGet(44)) - raft.server.retrycache.statistics.expirytime = 100μs (default)
2022-01-10 01:39:03,679 [pool-628-thread-1] INFO  server.RaftServer$Division (RaftServerImpl.java:start(301)) - 96dc4cc0-d1b0-46a1-bf9f-f371de40ab31@group-37B3C5D67002: start as a follower, conf=-1: [96dc4cc0-d1b0-46a1-bf9f-f371de40ab31|rpc:10.1.0.8:33365|priority:0, d4d4c30f-0c00-4009-b3f8-9054c310d47a|rpc:10.1.0.8:33041|priority:0, ac31b8ac-4c39-436f-94f4-016e041cabcc|rpc:10.1.0.8:41807|priority:1], old=null
2022-01-10 01:39:03,679 [pool-628-thread-1] INFO  server.RaftServer$Division (RaftServerImpl.java:setRole(290)) - 96dc4cc0-d1b0-46a1-bf9f-f371de40ab31@group-37B3C5D67002: changes role from      null to FOLLOWER at term 0 for startAsFollower
2022-01-10 01:39:03,679 [pool-628-thread-1] INFO  impl.RoleInfo (RoleInfo.java:updateAndGet(130)) - 96dc4cc0-d1b0-46a1-bf9f-f371de40ab31: start 96dc4cc0-d1b0-46a1-bf9f-f371de40ab31@group-37B3C5D67002-FollowerState
2022-01-10 01:39:03,726 [pool-628-thread-1] INFO  util.JmxRegister (JmxRegister.java:tryRegister(44)) - Successfully registered JMX Bean with object name Ratis:service=RaftServer,group=group-37B3C5D67002,id=96dc4cc0-d1b0-46a1-bf9f-f371de40ab31
2022-01-10 01:39:03,746 [Command processor thread] INFO  ratis.XceiverServerRatis (XceiverServerRatis.java:addGroup(768)) - Created group PipelineID=3ef41411-f4af-483d-becc-37b3c5d67002
2022-01-10 01:39:03,809 [grpc-default-executor-0] INFO  server.RaftServer (RaftServerProxy.java:addNew(95)) - ac31b8ac-4c39-436f-94f4-016e041cabcc: addNew group-37B3C5D67002:[96dc4cc0-d1b0-46a1-bf9f-f371de40ab31|rpc:10.1.0.8:33365|dataStream:|priority:0, d4d4c30f-0c00-4009-b3f8-9054c310d47a|rpc:10.1.0.8:33041|dataStream:|priority:0, ac31b8ac-4c39-436f-94f4-016e041cabcc|rpc:10.1.0.8:41807|dataStream:|priority:1] returns group-37B3C5D67002:java.util.concurrent.CompletableFuture@78cfc95b[Not completed]
2022-01-10 01:39:03,820 [pool-670-thread-1] INFO  server.RaftServer$Division (RaftServerImpl.java:<init>(184)) - ac31b8ac-4c39-436f-94f4-016e041cabcc: new RaftServerImpl for group-37B3C5D67002:[96dc4cc0-d1b0-46a1-bf9f-f371de40ab31|rpc:10.1.0.8:33365|dataStream:|priority:0, d4d4c30f-0c00-4009-b3f8-9054c310d47a|rpc:10.1.0.8:33041|dataStream:|priority:0, ac31b8ac-4c39-436f-94f4-016e041cabcc|rpc:10.1.0.8:41807|dataStream:|priority:1] with ContainerStateMachine:uninitialized
2022-01-10 01:39:03,837 [pool-670-thread-1] INFO  server.RaftServerConfigKeys (ConfUtils.java:logGet(44)) - raft.server.rpc.timeout.min = 5s (custom)
2022-01-10 01:39:03,837 [pool-670-thread-1] INFO  server.RaftServerConfigKeys (ConfUtils.java:logGet(44)) - raft.server.rpc.timeout.max = 5200ms (custom)
2022-01-10 01:39:03,837 [pool-670-thread-1] INFO  server.RaftServerConfigKeys (ConfUtils.java:logGet(44)) - raft.server.rpc.sleep.time = 25ms (default)
2022-01-10 01:39:03,837 [pool-670-thread-1] INFO  server.RaftServerConfigKeys (ConfUtils.java:logGet(44)) - raft.server.rpc.slowness.timeout = 300s (custom)
2022-01-10 01:39:03,837 [pool-670-thread-1] INFO  server.RaftServerConfigKeys (ConfUtils.java:logGet(44)) - raft.server.leaderelection.leader.step-down.wait-time = 10s (default)
2022-01-10 01:39:03,837 [pool-670-thread-1] INFO  server.RaftServerConfigKeys (ConfUtils.java:logGet(44)) - raft.server.sleep.deviation.threshold = 300ms (default)
2022-01-10 01:39:03,837 [pool-670-thread-1] INFO  server.RaftServerConfigKeys (ConfUtils.java:logGet(44)) - raft.server.log.appender.install.snapshot.enabled = false (custom)
2022-01-10 01:39:03,837 [pool-670-thread-1] INFO  server.RaftServer$Division (ServerState.java:<init>(105)) - ac31b8ac-4c39-436f-94f4-016e041cabcc@group-37B3C5D67002: ConfigurationManager, init=-1: [96dc4cc0-d1b0-46a1-bf9f-f371de40ab31|rpc:10.1.0.8:33365|dataStream:|priority:0, d4d4c30f-0c00-4009-b3f8-9054c310d47a|rpc:10.1.0.8:33041|dataStream:|priority:0, ac31b8ac-4c39-436f-94f4-016e041cabcc|rpc:10.1.0.8:41807|dataStream:|priority:1], old=null, confs=<EMPTY_MAP>
2022-01-10 01:39:03,837 [pool-670-thread-1] INFO  server.RaftServerConfigKeys (ConfUtils.java:logGet(44)) - raft.server.storage.dir = [/home/runner/work/ozone/ozone/hadoop-ozone/integration-test/target/test-dir/MiniOzoneClusterImpl-a1c2d8ca-8f9e-4610-b695-5e529456a49a/datanode-2/data/ratis] (custom)
2022-01-10 01:39:03,837 [pool-670-thread-1] INFO  server.RaftServerConfigKeys (ConfUtils.java:logGet(44)) - raft.server.log.corruption.policy = EXCEPTION (default)
2022-01-10 01:39:03,837 [pool-670-thread-1] INFO  server.RaftServerConfigKeys (ConfUtils.java:logGet(44)) - raft.server.storage.free-space.min = 0MB (=0) (default)
2022-01-10 01:39:03,837 [pool-670-thread-1] INFO  storage.RaftStorageDirectory (RaftStorageDirectoryImpl.java:analyzeStorage(135)) - The storage directory /home/runner/work/ozone/ozone/hadoop-ozone/integration-test/target/test-dir/MiniOzoneClusterImpl-a1c2d8ca-8f9e-4610-b695-5e529456a49a/datanode-2/data/ratis/3ef41411-f4af-483d-becc-37b3c5d67002 does not exist. Creating ...
2022-01-10 01:39:03,839 [pool-670-thread-1] INFO  storage.RaftStorageDirectory (RaftStorageDirectoryImpl.java:tryLock(230)) - Lock on /home/runner/work/ozone/ozone/hadoop-ozone/integration-test/target/test-dir/MiniOzoneClusterImpl-a1c2d8ca-8f9e-4610-b695-5e529456a49a/datanode-2/data/ratis/3ef41411-f4af-483d-becc-37b3c5d67002/in_use.lock acquired by nodename 16813@fv-az297-741
2022-01-10 01:39:03,857 [pool-670-thread-1] INFO  storage.RaftStorage (RaftStorageImpl.java:format(89)) - Storage directory /home/runner/work/ozone/ozone/hadoop-ozone/integration-test/target/test-dir/MiniOzoneClusterImpl-a1c2d8ca-8f9e-4610-b695-5e529456a49a/datanode-2/data/ratis/3ef41411-f4af-483d-becc-37b3c5d67002 has been successfully formatted.
2022-01-10 01:39:03,858 [pool-670-thread-1] INFO  ratis.ContainerStateMachine (ContainerStateMachine.java:loadSnapshot(231)) - group-37B3C5D67002: The snapshot info is null. Setting the last applied indexto:(t:0, i:~)
2022-01-10 01:39:03,858 [pool-670-thread-1] INFO  server.RaftServerConfigKeys (ConfUtils.java:logGet(44)) - raft.server.notification.no-leader.timeout = 300s (custom)
2022-01-10 01:39:03,858 [pool-670-thread-1] INFO  server.RaftServerConfigKeys (ConfUtils.java:logGet(44)) - raft.server.log.use.memory = false (default)
2022-01-10 01:39:03,859 [pool-670-thread-1] INFO  server.RaftServerConfigKeys (ConfUtils.java:logGet(44)) - raft.server.log.purge.gap = 1000000 (custom)
2022-01-10 01:39:03,859 [pool-670-thread-1] INFO  server.RaftServerConfigKeys (ConfUtils.java:logGet(44)) - raft.server.log.appender.buffer.byte-limit = 33554432 (custom)
2022-01-10 01:39:03,859 [pool-670-thread-1] INFO  server.RaftServerConfigKeys (ConfUtils.java:logGet(44)) - raft.server.log.segment.size.max = 1048576 (custom)
2022-01-10 01:39:03,859 [pool-670-thread-1] INFO  server.RaftServerConfigKeys (ConfUtils.java:logGet(44)) - raft.server.log.segment.cache.num.max = 2 (custom)
2022-01-10 01:39:03,859 [pool-670-thread-1] INFO  server.RaftServerConfigKeys (ConfUtils.java:logGet(44)) - raft.server.log.segment.cache.size.max = 200MB (=209715200) (default)
2022-01-10 01:39:03,859 [pool-670-thread-1] INFO  segmented.SegmentedRaftLogWorker (SegmentedRaftLogWorker.java:<init>(182)) - new ac31b8ac-4c39-436f-94f4-016e041cabcc@group-37B3C5D67002-SegmentedRaftLogWorker for RaftStorageImpl:Storage Directory /home/runner/work/ozone/ozone/hadoop-ozone/integration-test/target/test-dir/MiniOzoneClusterImpl-a1c2d8ca-8f9e-4610-b695-5e529456a49a/datanode-2/data/ratis/3ef41411-f4af-483d-becc-37b3c5d67002
2022-01-10 01:39:03,859 [pool-670-thread-1] INFO  server.RaftServerConfigKeys (ConfUtils.java:logGet(44)) - raft.server.log.queue.byte-limit = 2147483647 (custom)
2022-01-10 01:39:03,859 [pool-670-thread-1] INFO  server.RaftServerConfigKeys (ConfUtils.java:logGet(44)) - raft.server.log.queue.element-limit = 1024 (custom)
2022-01-10 01:39:03,859 [pool-670-thread-1] INFO  server.RaftServerConfigKeys (ConfUtils.java:logGet(44)) - raft.server.log.segment.size.max = 1048576 (custom)
2022-01-10 01:39:03,859 [pool-670-thread-1] INFO  server.RaftServerConfigKeys (ConfUtils.java:logGet(44)) - raft.server.log.preallocated.size = 16384 (custom)
2022-01-10 01:39:03,859 [pool-670-thread-1] INFO  server.RaftServerConfigKeys (ConfUtils.java:logGet(44)) - raft.server.log.force.sync.num = 128 (default)
2022-01-10 01:39:03,859 [pool-670-thread-1] INFO  server.RaftServerConfigKeys (ConfUtils.java:logGet(44)) - raft.server.log.statemachine.data.sync = true (default)
2022-01-10 01:39:03,859 [pool-670-thread-1] INFO  server.RaftServerConfigKeys (ConfUtils.java:logGet(44)) - raft.server.log.statemachine.data.sync.timeout = 10s (default)
2022-01-10 01:39:03,859 [pool-670-thread-1] INFO  server.RaftServerConfigKeys (ConfUtils.java:logGet(44)) - raft.server.log.statemachine.data.sync.timeout.retry = -1 (default)
2022-01-10 01:39:03,860 [pool-670-thread-1] INFO  server.RaftServerConfigKeys (ConfUtils.java:logGet(44)) - raft.server.log.write.buffer.size = 1048576 (custom)
2022-01-10 01:39:03,861 [pool-670-thread-1] INFO  server.RaftServerConfigKeys (ConfUtils.java:logGet(44)) - raft.server.log.statemachine.data.caching.enabled = true (custom)
2022-01-10 01:39:03,861 [pool-670-thread-1] INFO  segmented.SegmentedRaftLogWorker (SegmentedRaftLogWorker.java:lambda$new$0(133)) - ac31b8ac-4c39-436f-94f4-016e041cabcc@group-37B3C5D67002-SegmentedRaftLogWorker: flushIndex: setUnconditionally 0 -> -1
2022-01-10 01:39:03,861 [pool-670-thread-1] INFO  segmented.SegmentedRaftLogWorker (SegmentedRaftLogWorker.java:lambda$new$0(133)) - ac31b8ac-4c39-436f-94f4-016e041cabcc@group-37B3C5D67002-SegmentedRaftLogWorker: safeCacheEvictIndex: setUnconditionally 0 -> -1
2022-01-10 01:39:03,862 [pool-670-thread-1] INFO  server.RaftServerConfigKeys (ConfUtils.java:logGet(44)) - raft.server.snapshot.auto.trigger.enabled = true (custom)
2022-01-10 01:39:03,862 [pool-670-thread-1] INFO  server.RaftServerConfigKeys (ConfUtils.java:logGet(44)) - raft.server.snapshot.auto.trigger.threshold = 10000 (custom)
2022-01-10 01:39:03,862 [pool-670-thread-1] INFO  server.RaftServerConfigKeys (ConfUtils.java:logGet(44)) - raft.server.snapshot.retention.file.num = 5 (custom)
2022-01-10 01:39:03,862 [pool-670-thread-1] INFO  server.RaftServerConfigKeys (ConfUtils.java:logGet(44)) - raft.server.log.purge.upto.snapshot.index = false (default)
2022-01-10 01:39:03,862 [pool-670-thread-1] INFO  server.RaftServerConfigKeys (ConfUtils.java:logGet(44)) - raft.server.retrycache.expirytime = 600000ms (custom)
2022-01-10 01:39:03,862 [pool-670-thread-1] INFO  server.RaftServerConfigKeys (ConfUtils.java:logGet(44)) - raft.server.retrycache.statistics.expirytime = 100μs (default)
2022-01-10 01:39:03,863 [pool-670-thread-1] INFO  server.RaftServer$Division (RaftServerImpl.java:start(301)) - ac31b8ac-4c39-436f-94f4-016e041cabcc@group-37B3C5D67002: start as a follower, conf=-1: [96dc4cc0-d1b0-46a1-bf9f-f371de40ab31|rpc:10.1.0.8:33365|dataStream:|priority:0, d4d4c30f-0c00-4009-b3f8-9054c310d47a|rpc:10.1.0.8:33041|dataStream:|priority:0, ac31b8ac-4c39-436f-94f4-016e041cabcc|rpc:10.1.0.8:41807|dataStream:|priority:1], old=null
2022-01-10 01:39:03,863 [pool-670-thread-1] INFO  server.RaftServer$Division (RaftServerImpl.java:setRole(290)) - ac31b8ac-4c39-436f-94f4-016e041cabcc@group-37B3C5D67002: changes role from      null to FOLLOWER at term 0 for startAsFollower
2022-01-10 01:39:03,863 [pool-670-thread-1] INFO  impl.RoleInfo (RoleInfo.java:updateAndGet(130)) - ac31b8ac-4c39-436f-94f4-016e041cabcc: start ac31b8ac-4c39-436f-94f4-016e041cabcc@group-37B3C5D67002-FollowerState
2022-01-10 01:39:03,863 [pool-670-thread-1] INFO  util.JmxRegister (JmxRegister.java:tryRegister(44)) - Successfully registered JMX Bean with object name Ratis:service=RaftServer,group=group-37B3C5D67002,id=ac31b8ac-4c39-436f-94f4-016e041cabcc
2022-01-10 01:39:03,895 [Command processor thread] INFO  server.RaftServer (RaftServerProxy.java:addNew(95)) - d4d4c30f-0c00-4009-b3f8-9054c310d47a: addNew group-4419A6018BE0:[d4d4c30f-0c00-4009-b3f8-9054c310d47a|rpc:10.1.0.8:33041|priority:1] returns group-4419A6018BE0:java.util.concurrent.CompletableFuture@3f354313[Not completed]
2022-01-10 01:39:03,919 [pool-649-thread-1] INFO  server.RaftServer$Division (RaftServerImpl.java:<init>(184)) - d4d4c30f-0c00-4009-b3f8-9054c310d47a: new RaftServerImpl for group-4419A6018BE0:[d4d4c30f-0c00-4009-b3f8-9054c310d47a|rpc:10.1.0.8:33041|priority:1] with ContainerStateMachine:uninitialized
2022-01-10 01:39:03,921 [pool-649-thread-1] INFO  server.RaftServerConfigKeys (ConfUtils.java:logGet(44)) - raft.server.rpc.timeout.min = 5s (custom)
2022-01-10 01:39:03,922 [pool-649-thread-1] INFO  server.RaftServerConfigKeys (ConfUtils.java:logGet(44)) - raft.server.rpc.timeout.max = 5200ms (custom)
2022-01-10 01:39:03,924 [pool-649-thread-1] INFO  server.RaftServerConfigKeys (ConfUtils.java:logGet(44)) - raft.server.rpc.sleep.time = 25ms (default)
2022-01-10 01:39:03,924 [pool-649-thread-1] INFO  server.RaftServerConfigKeys (ConfUtils.java:logGet(44)) - raft.server.rpc.slowness.timeout = 300s (custom)
2022-01-10 01:39:03,924 [pool-649-thread-1] INFO  server.RaftServerConfigKeys (ConfUtils.java:logGet(44)) - raft.server.leaderelection.leader.step-down.wait-time = 10s (default)
2022-01-10 01:39:03,924 [pool-649-thread-1] INFO  server.RaftServerConfigKeys (ConfUtils.java:logGet(44)) - raft.server.sleep.deviation.threshold = 300ms (default)
2022-01-10 01:39:03,924 [pool-649-thread-1] INFO  server.RaftServerConfigKeys (ConfUtils.java:logGet(44)) - raft.server.log.appender.install.snapshot.enabled = false (custom)
2022-01-10 01:39:03,946 [grpc-default-executor-0] INFO  server.RaftServer (RaftServerProxy.java:addNew(95)) - d4d4c30f-0c00-4009-b3f8-9054c310d47a: addNew group-37B3C5D67002:[96dc4cc0-d1b0-46a1-bf9f-f371de40ab31|rpc:10.1.0.8:33365|dataStream:|priority:0, d4d4c30f-0c00-4009-b3f8-9054c310d47a|rpc:10.1.0.8:33041|dataStream:|priority:0, ac31b8ac-4c39-436f-94f4-016e041cabcc|rpc:10.1.0.8:41807|dataStream:|priority:1] returns group-37B3C5D67002:java.util.concurrent.CompletableFuture@1003b595[Not completed]
2022-01-10 01:39:03,966 [pool-649-thread-1] INFO  server.RaftServer$Division (ServerState.java:<init>(105)) - d4d4c30f-0c00-4009-b3f8-9054c310d47a@group-4419A6018BE0: ConfigurationManager, init=-1: [d4d4c30f-0c00-4009-b3f8-9054c310d47a|rpc:10.1.0.8:33041|priority:1], old=null, confs=<EMPTY_MAP>
2022-01-10 01:39:03,966 [pool-649-thread-1] INFO  server.RaftServerConfigKeys (ConfUtils.java:logGet(44)) - raft.server.storage.dir = [/home/runner/work/ozone/ozone/hadoop-ozone/integration-test/target/test-dir/MiniOzoneClusterImpl-a1c2d8ca-8f9e-4610-b695-5e529456a49a/datanode-1/data/ratis] (custom)
2022-01-10 01:39:03,967 [pool-649-thread-1] INFO  server.RaftServerConfigKeys (ConfUtils.java:logGet(44)) - raft.server.log.corruption.policy = EXCEPTION (default)
2022-01-10 01:39:03,967 [pool-649-thread-1] INFO  server.RaftServerConfigKeys (ConfUtils.java:logGet(44)) - raft.server.storage.free-space.min = 0MB (=0) (default)
2022-01-10 01:39:03,967 [pool-649-thread-1] INFO  storage.RaftStorageDirectory (RaftStorageDirectoryImpl.java:analyzeStorage(135)) - The storage directory /home/runner/work/ozone/ozone/hadoop-ozone/integration-test/target/test-dir/MiniOzoneClusterImpl-a1c2d8ca-8f9e-4610-b695-5e529456a49a/datanode-1/data/ratis/a3d6ecb5-30c5-44f6-a783-4419a6018be0 does not exist. Creating ...
2022-01-10 01:39:03,968 [pool-649-thread-1] INFO  storage.RaftStorageDirectory (RaftStorageDirectoryImpl.java:tryLock(230)) - Lock on /home/runner/work/ozone/ozone/hadoop-ozone/integration-test/target/test-dir/MiniOzoneClusterImpl-a1c2d8ca-8f9e-4610-b695-5e529456a49a/datanode-1/data/ratis/a3d6ecb5-30c5-44f6-a783-4419a6018be0/in_use.lock acquired by nodename 16813@fv-az297-741
2022-01-10 01:39:03,969 [pool-649-thread-1] INFO  storage.RaftStorage (RaftStorageImpl.java:format(89)) - Storage directory /home/runner/work/ozone/ozone/hadoop-ozone/integration-test/target/test-dir/MiniOzoneClusterImpl-a1c2d8ca-8f9e-4610-b695-5e529456a49a/datanode-1/data/ratis/a3d6ecb5-30c5-44f6-a783-4419a6018be0 has been successfully formatted.
2022-01-10 01:39:03,990 [pool-649-thread-1] INFO  ratis.ContainerStateMachine (ContainerStateMachine.java:loadSnapshot(231)) - group-4419A6018BE0: The snapshot info is null. Setting the last applied indexto:(t:0, i:~)
2022-01-10 01:39:03,990 [pool-649-thread-1] INFO  server.RaftServerConfigKeys (ConfUtils.java:logGet(44)) - raft.server.notification.no-leader.timeout = 300s (custom)
2022-01-10 01:39:03,990 [pool-649-thread-1] INFO  server.RaftServerConfigKeys (ConfUtils.java:logGet(44)) - raft.server.log.use.memory = false (default)
2022-01-10 01:39:03,994 [EventQueue-PipelineReportForPipelineReportHandler] INFO  pipeline.PipelineManagerImpl (PipelineManagerImpl.java:openPipeline(291)) - Pipeline Pipeline[ Id: a3d6ecb5-30c5-44f6-a783-4419a6018be0, Nodes: d4d4c30f-0c00-4009-b3f8-9054c310d47a{ip: 10.1.0.8, host: fv-az297-741.nmf1rxwemy4u5di1sxxf4ejcwb.jx.internal.cloudapp.net, ports: [REPLICATION=36559, RATIS=33041, RATIS_ADMIN=33041, RATIS_SERVER=33041, STANDALONE=45349], networkLocation: /default-rack, certSerialId: null, persistedOpState: IN_SERVICE, persistedOpStateExpiryEpochSec: 0}, ReplicationConfig: RATIS/ONE, State:ALLOCATED, leaderId:d4d4c30f-0c00-4009-b3f8-9054c310d47a, CreationTimestamp2022-01-10T01:39:00.900Z[Etc/UTC]] moved to OPEN state
2022-01-10 01:39:03,998 [pool-649-thread-1] INFO  server.RaftServerConfigKeys (ConfUtils.java:logGet(44)) - raft.server.log.purge.gap = 1000000 (custom)
2022-01-10 01:39:03,998 [pool-649-thread-1] INFO  server.RaftServerConfigKeys (ConfUtils.java:logGet(44)) - raft.server.log.appender.buffer.byte-limit = 33554432 (custom)
2022-01-10 01:39:03,998 [EventQueue-OpenPipelineForHealthyPipelineSafeModeRule] INFO  safemode.SCMSafeModeManager (HealthyPipelineSafeModeRule.java:process(124)) - SCM in safe mode. Healthy pipelines reported count is 0, required healthy pipeline reported count is 1
2022-01-10 01:39:03,998 [pool-649-thread-1] INFO  server.RaftServerConfigKeys (ConfUtils.java:logGet(44)) - raft.server.log.segment.size.max = 1048576 (custom)
2022-01-10 01:39:04,001 [pool-649-thread-1] INFO  server.RaftServerConfigKeys (ConfUtils.java:logGet(44)) - raft.server.log.segment.cache.num.max = 2 (custom)
2022-01-10 01:39:04,001 [pool-649-thread-1] INFO  server.RaftServerConfigKeys (ConfUtils.java:logGet(44)) - raft.server.log.segment.cache.size.max = 200MB (=209715200) (default)
2022-01-10 01:39:04,001 [pool-649-thread-1] INFO  segmented.SegmentedRaftLogWorker (SegmentedRaftLogWorker.java:<init>(182)) - new d4d4c30f-0c00-4009-b3f8-9054c310d47a@group-4419A6018BE0-SegmentedRaftLogWorker for RaftStorageImpl:Storage Directory /home/runner/work/ozone/ozone/hadoop-ozone/integration-test/target/test-dir/MiniOzoneClusterImpl-a1c2d8ca-8f9e-4610-b695-5e529456a49a/datanode-1/data/ratis/a3d6ecb5-30c5-44f6-a783-4419a6018be0
2022-01-10 01:39:04,001 [pool-649-thread-1] INFO  server.RaftServerConfigKeys (ConfUtils.java:logGet(44)) - raft.server.log.queue.byte-limit = 2147483647 (custom)
2022-01-10 01:39:04,001 [pool-649-thread-1] INFO  server.RaftServerConfigKeys (ConfUtils.java:logGet(44)) - raft.server.log.queue.element-limit = 1024 (custom)
2022-01-10 01:39:04,001 [pool-649-thread-1] INFO  server.RaftServerConfigKeys (ConfUtils.java:logGet(44)) - raft.server.log.segment.size.max = 1048576 (custom)
2022-01-10 01:39:04,001 [pool-649-thread-1] INFO  server.RaftServerConfigKeys (ConfUtils.java:logGet(44)) - raft.server.log.preallocated.size = 16384 (custom)
2022-01-10 01:39:04,001 [pool-649-thread-1] INFO  server.RaftServerConfigKeys (ConfUtils.java:logGet(44)) - raft.server.log.force.sync.num = 128 (default)
2022-01-10 01:39:04,001 [pool-649-thread-1] INFO  server.RaftServerConfigKeys (ConfUtils.java:logGet(44)) - raft.server.log.statemachine.data.sync = true (default)
2022-01-10 01:39:04,002 [pool-649-thread-1] INFO  server.RaftServerConfigKeys (ConfUtils.java:logGet(44)) - raft.server.log.statemachine.data.sync.timeout = 10s (default)
2022-01-10 01:39:04,002 [pool-649-thread-1] INFO  server.RaftServerConfigKeys (ConfUtils.java:logGet(44)) - raft.server.log.statemachine.data.sync.timeout.retry = -1 (default)
2022-01-10 01:39:04,003 [pool-649-thread-1] INFO  server.RaftServerConfigKeys (ConfUtils.java:logGet(44)) - raft.server.log.write.buffer.size = 1048576 (custom)
2022-01-10 01:39:04,022 [pool-649-thread-1] INFO  server.RaftServerConfigKeys (ConfUtils.java:logGet(44)) - raft.server.log.statemachine.data.caching.enabled = true (custom)
2022-01-10 01:39:04,022 [pool-649-thread-1] INFO  segmented.SegmentedRaftLogWorker (SegmentedRaftLogWorker.java:lambda$new$0(133)) - d4d4c30f-0c00-4009-b3f8-9054c310d47a@group-4419A6018BE0-SegmentedRaftLogWorker: flushIndex: setUnconditionally 0 -> -1
2022-01-10 01:39:04,022 [pool-649-thread-1] INFO  segmented.SegmentedRaftLogWorker (SegmentedRaftLogWorker.java:lambda$new$0(133)) - d4d4c30f-0c00-4009-b3f8-9054c310d47a@group-4419A6018BE0-SegmentedRaftLogWorker: safeCacheEvictIndex: setUnconditionally 0 -> -1
2022-01-10 01:39:04,030 [pool-649-thread-1] INFO  server.RaftServerConfigKeys (ConfUtils.java:logGet(44)) - raft.server.snapshot.auto.trigger.enabled = true (custom)
2022-01-10 01:39:04,030 [pool-649-thread-1] INFO  server.RaftServerConfigKeys (ConfUtils.java:logGet(44)) - raft.server.snapshot.auto.trigger.threshold = 10000 (custom)
2022-01-10 01:39:04,030 [pool-649-thread-1] INFO  server.RaftServerConfigKeys (ConfUtils.java:logGet(44)) - raft.server.snapshot.retention.file.num = 5 (custom)
2022-01-10 01:39:04,030 [pool-649-thread-1] INFO  server.RaftServerConfigKeys (ConfUtils.java:logGet(44)) - raft.server.log.purge.upto.snapshot.index = false (default)
2022-01-10 01:39:04,030 [pool-649-thread-1] INFO  server.RaftServerConfigKeys (ConfUtils.java:logGet(44)) - raft.server.retrycache.expirytime = 600000ms (custom)
2022-01-10 01:39:04,030 [pool-649-thread-1] INFO  server.RaftServerConfigKeys (ConfUtils.java:logGet(44)) - raft.server.retrycache.statistics.expirytime = 100μs (default)
2022-01-10 01:39:04,032 [pool-649-thread-1] INFO  server.RaftServer$Division (RaftServerImpl.java:<init>(184)) - d4d4c30f-0c00-4009-b3f8-9054c310d47a: new RaftServerImpl for group-37B3C5D67002:[96dc4cc0-d1b0-46a1-bf9f-f371de40ab31|rpc:10.1.0.8:33365|dataStream:|priority:0, d4d4c30f-0c00-4009-b3f8-9054c310d47a|rpc:10.1.0.8:33041|dataStream:|priority:0, ac31b8ac-4c39-436f-94f4-016e041cabcc|rpc:10.1.0.8:41807|dataStream:|priority:1] with ContainerStateMachine:uninitialized
2022-01-10 01:39:04,032 [pool-649-thread-1] INFO  server.RaftServerConfigKeys (ConfUtils.java:logGet(44)) - raft.server.rpc.timeout.min = 5s (custom)
2022-01-10 01:39:04,032 [pool-649-thread-1] INFO  server.RaftServerConfigKeys (ConfUtils.java:logGet(44)) - raft.server.rpc.timeout.max = 5200ms (custom)
2022-01-10 01:39:04,032 [pool-649-thread-1] INFO  server.RaftServerConfigKeys (ConfUtils.java:logGet(44)) - raft.server.rpc.sleep.time = 25ms (default)
2022-01-10 01:39:04,032 [pool-649-thread-1] INFO  server.RaftServerConfigKeys (ConfUtils.java:logGet(44)) - raft.server.rpc.slowness.timeout = 300s (custom)
2022-01-10 01:39:04,032 [pool-649-thread-1] INFO  server.RaftServerConfigKeys (ConfUtils.java:logGet(44)) - raft.server.leaderelection.leader.step-down.wait-time = 10s (default)
2022-01-10 01:39:04,032 [pool-649-thread-1] INFO  server.RaftServerConfigKeys (ConfUtils.java:logGet(44)) - raft.server.sleep.deviation.threshold = 300ms (default)
2022-01-10 01:39:04,032 [pool-649-thread-1] INFO  server.RaftServerConfigKeys (ConfUtils.java:logGet(44)) - raft.server.log.appender.install.snapshot.enabled = false (custom)
2022-01-10 01:39:04,032 [pool-649-thread-1] INFO  server.RaftServer$Division (ServerState.java:<init>(105)) - d4d4c30f-0c00-4009-b3f8-9054c310d47a@group-37B3C5D67002: ConfigurationManager, init=-1: [96dc4cc0-d1b0-46a1-bf9f-f371de40ab31|rpc:10.1.0.8:33365|dataStream:|priority:0, d4d4c30f-0c00-4009-b3f8-9054c310d47a|rpc:10.1.0.8:33041|dataStream:|priority:0, ac31b8ac-4c39-436f-94f4-016e041cabcc|rpc:10.1.0.8:41807|dataStream:|priority:1], old=null, confs=<EMPTY_MAP>
2022-01-10 01:39:04,032 [pool-649-thread-1] INFO  server.RaftServerConfigKeys (ConfUtils.java:logGet(44)) - raft.server.storage.dir = [/home/runner/work/ozone/ozone/hadoop-ozone/integration-test/target/test-dir/MiniOzoneClusterImpl-a1c2d8ca-8f9e-4610-b695-5e529456a49a/datanode-1/data/ratis] (custom)
2022-01-10 01:39:04,032 [pool-649-thread-1] INFO  server.RaftServerConfigKeys (ConfUtils.java:logGet(44)) - raft.server.log.corruption.policy = EXCEPTION (default)
2022-01-10 01:39:04,032 [pool-649-thread-1] INFO  server.RaftServerConfigKeys (ConfUtils.java:logGet(44)) - raft.server.storage.free-space.min = 0MB (=0) (default)
2022-01-10 01:39:04,032 [pool-649-thread-1] INFO  storage.RaftStorageDirectory (RaftStorageDirectoryImpl.java:analyzeStorage(135)) - The storage directory /home/runner/work/ozone/ozone/hadoop-ozone/integration-test/target/test-dir/MiniOzoneClusterImpl-a1c2d8ca-8f9e-4610-b695-5e529456a49a/datanode-1/data/ratis/3ef41411-f4af-483d-becc-37b3c5d67002 does not exist. Creating ...
2022-01-10 01:39:04,034 [pool-649-thread-1] INFO  storage.RaftStorageDirectory (RaftStorageDirectoryImpl.java:tryLock(230)) - Lock on /home/runner/work/ozone/ozone/hadoop-ozone/integration-test/target/test-dir/MiniOzoneClusterImpl-a1c2d8ca-8f9e-4610-b695-5e529456a49a/datanode-1/data/ratis/3ef41411-f4af-483d-becc-37b3c5d67002/in_use.lock acquired by nodename 16813@fv-az297-741
2022-01-10 01:39:04,035 [pool-649-thread-1] INFO  storage.RaftStorage (RaftStorageImpl.java:format(89)) - Storage directory /home/runner/work/ozone/ozone/hadoop-ozone/integration-test/target/test-dir/MiniOzoneClusterImpl-a1c2d8ca-8f9e-4610-b695-5e529456a49a/datanode-1/data/ratis/3ef41411-f4af-483d-becc-37b3c5d67002 has been successfully formatted.
2022-01-10 01:39:04,041 [pool-649-thread-1] INFO  ratis.ContainerStateMachine (ContainerStateMachine.java:loadSnapshot(231)) - group-37B3C5D67002: The snapshot info is null. Setting the last applied indexto:(t:0, i:~)
2022-01-10 01:39:04,041 [pool-649-thread-1] INFO  server.RaftServerConfigKeys (ConfUtils.java:logGet(44)) - raft.server.notification.no-leader.timeout = 300s (custom)
2022-01-10 01:39:04,041 [pool-649-thread-1] INFO  server.RaftServerConfigKeys (ConfUtils.java:logGet(44)) - raft.server.log.use.memory = false (default)
2022-01-10 01:39:04,041 [pool-649-thread-1] INFO  server.RaftServerConfigKeys (ConfUtils.java:logGet(44)) - raft.server.log.purge.gap = 1000000 (custom)
2022-01-10 01:39:04,041 [pool-649-thread-1] INFO  server.RaftServerConfigKeys (ConfUtils.java:logGet(44)) - raft.server.log.appender.buffer.byte-limit = 33554432 (custom)
2022-01-10 01:39:04,041 [pool-649-thread-1] INFO  server.RaftServerConfigKeys (ConfUtils.java:logGet(44)) - raft.server.log.segment.size.max = 1048576 (custom)
2022-01-10 01:39:04,042 [pool-649-thread-1] INFO  server.RaftServerConfigKeys (ConfUtils.java:logGet(44)) - raft.server.log.segment.cache.num.max = 2 (custom)
2022-01-10 01:39:04,042 [pool-649-thread-1] INFO  server.RaftServerConfigKeys (ConfUtils.java:logGet(44)) - raft.server.log.segment.cache.size.max = 200MB (=209715200) (default)
2022-01-10 01:39:04,042 [pool-649-thread-1] INFO  segmented.SegmentedRaftLogWorker (SegmentedRaftLogWorker.java:<init>(182)) - new d4d4c30f-0c00-4009-b3f8-9054c310d47a@group-37B3C5D67002-SegmentedRaftLogWorker for RaftStorageImpl:Storage Directory /home/runner/work/ozone/ozone/hadoop-ozone/integration-test/target/test-dir/MiniOzoneClusterImpl-a1c2d8ca-8f9e-4610-b695-5e529456a49a/datanode-1/data/ratis/3ef41411-f4af-483d-becc-37b3c5d67002
2022-01-10 01:39:04,042 [pool-649-thread-1] INFO  server.RaftServerConfigKeys (ConfUtils.java:logGet(44)) - raft.server.log.queue.byte-limit = 2147483647 (custom)
2022-01-10 01:39:04,042 [pool-649-thread-1] INFO  server.RaftServerConfigKeys (ConfUtils.java:logGet(44)) - raft.server.log.queue.element-limit = 1024 (custom)
2022-01-10 01:39:04,042 [pool-649-thread-1] INFO  server.RaftServerConfigKeys (ConfUtils.java:logGet(44)) - raft.server.log.segment.size.max = 1048576 (custom)
2022-01-10 01:39:04,042 [pool-649-thread-1] INFO  server.RaftServerConfigKeys (ConfUtils.java:logGet(44)) - raft.server.log.preallocated.size = 16384 (custom)
2022-01-10 01:39:04,042 [pool-649-thread-1] INFO  server.RaftServerConfigKeys (ConfUtils.java:logGet(44)) - raft.server.log.force.sync.num = 128 (default)
2022-01-10 01:39:04,042 [pool-649-thread-1] INFO  server.RaftServerConfigKeys (ConfUtils.java:logGet(44)) - raft.server.log.statemachine.data.sync = true (default)
2022-01-10 01:39:04,042 [pool-649-thread-1] INFO  server.RaftServerConfigKeys (ConfUtils.java:logGet(44)) - raft.server.log.statemachine.data.sync.timeout = 10s (default)
2022-01-10 01:39:04,042 [pool-649-thread-1] INFO  server.RaftServerConfigKeys (ConfUtils.java:logGet(44)) - raft.server.log.statemachine.data.sync.timeout.retry = -1 (default)
2022-01-10 01:39:04,043 [pool-649-thread-1] INFO  server.RaftServerConfigKeys (ConfUtils.java:logGet(44)) - raft.server.log.write.buffer.size = 1048576 (custom)
2022-01-10 01:39:04,044 [pool-649-thread-1] INFO  server.RaftServerConfigKeys (ConfUtils.java:logGet(44)) - raft.server.log.statemachine.data.caching.enabled = true (custom)
2022-01-10 01:39:04,044 [pool-649-thread-1] INFO  segmented.SegmentedRaftLogWorker (SegmentedRaftLogWorker.java:lambda$new$0(133)) - d4d4c30f-0c00-4009-b3f8-9054c310d47a@group-37B3C5D67002-SegmentedRaftLogWorker: flushIndex: setUnconditionally 0 -> -1
2022-01-10 01:39:04,044 [pool-649-thread-1] INFO  segmented.SegmentedRaftLogWorker (SegmentedRaftLogWorker.java:lambda$new$0(133)) - d4d4c30f-0c00-4009-b3f8-9054c310d47a@group-37B3C5D67002-SegmentedRaftLogWorker: safeCacheEvictIndex: setUnconditionally 0 -> -1
2022-01-10 01:39:04,046 [EventQueue-OpenPipelineForHealthyPipelineSafeModeRule] INFO  safemode.SCMSafeModeManager (HealthyPipelineSafeModeRule.java:process(124)) - SCM in safe mode. Healthy pipelines reported count is 0, required healthy pipeline reported count is 1
2022-01-10 01:39:04,049 [pool-649-thread-1] INFO  server.RaftServerConfigKeys (ConfUtils.java:logGet(44)) - raft.server.snapshot.auto.trigger.enabled = true (custom)
2022-01-10 01:39:04,049 [pool-649-thread-1] INFO  server.RaftServerConfigKeys (ConfUtils.java:logGet(44)) - raft.server.snapshot.auto.trigger.threshold = 10000 (custom)
2022-01-10 01:39:04,050 [pool-649-thread-1] INFO  server.RaftServerConfigKeys (ConfUtils.java:logGet(44)) - raft.server.snapshot.retention.file.num = 5 (custom)
2022-01-10 01:39:04,050 [pool-649-thread-1] INFO  server.RaftServerConfigKeys (ConfUtils.java:logGet(44)) - raft.server.log.purge.upto.snapshot.index = false (default)
2022-01-10 01:39:04,050 [pool-649-thread-1] INFO  server.RaftServerConfigKeys (ConfUtils.java:logGet(44)) - raft.server.retrycache.expirytime = 600000ms (custom)
2022-01-10 01:39:04,050 [pool-649-thread-1] INFO  server.RaftServerConfigKeys (ConfUtils.java:logGet(44)) - raft.server.retrycache.statistics.expirytime = 100μs (default)
2022-01-10 01:39:04,051 [pool-649-thread-1] INFO  server.RaftServer$Division (RaftServerImpl.java:start(301)) - d4d4c30f-0c00-4009-b3f8-9054c310d47a@group-4419A6018BE0: start as a follower, conf=-1: [d4d4c30f-0c00-4009-b3f8-9054c310d47a|rpc:10.1.0.8:33041|priority:1], old=null
2022-01-10 01:39:04,051 [pool-649-thread-1] INFO  server.RaftServer$Division (RaftServerImpl.java:setRole(290)) - d4d4c30f-0c00-4009-b3f8-9054c310d47a@group-4419A6018BE0: changes role from      null to FOLLOWER at term 0 for startAsFollower
2022-01-10 01:39:04,051 [pool-649-thread-1] INFO  impl.RoleInfo (RoleInfo.java:updateAndGet(130)) - d4d4c30f-0c00-4009-b3f8-9054c310d47a: start d4d4c30f-0c00-4009-b3f8-9054c310d47a@group-4419A6018BE0-FollowerState
2022-01-10 01:39:04,071 [pool-649-thread-1] INFO  util.JmxRegister (JmxRegister.java:tryRegister(44)) - Successfully registered JMX Bean with object name Ratis:service=RaftServer,group=group-4419A6018BE0,id=d4d4c30f-0c00-4009-b3f8-9054c310d47a
2022-01-10 01:39:04,073 [pool-649-thread-1] INFO  server.RaftServer$Division (RaftServerImpl.java:start(301)) - d4d4c30f-0c00-4009-b3f8-9054c310d47a@group-37B3C5D67002: start as a follower, conf=-1: [96dc4cc0-d1b0-46a1-bf9f-f371de40ab31|rpc:10.1.0.8:33365|dataStream:|priority:0, d4d4c30f-0c00-4009-b3f8-9054c310d47a|rpc:10.1.0.8:33041|dataStream:|priority:0, ac31b8ac-4c39-436f-94f4-016e041cabcc|rpc:10.1.0.8:41807|dataStream:|priority:1], old=null
2022-01-10 01:39:04,073 [pool-649-thread-1] INFO  server.RaftServer$Division (RaftServerImpl.java:setRole(290)) - d4d4c30f-0c00-4009-b3f8-9054c310d47a@group-37B3C5D67002: changes role from      null to FOLLOWER at term 0 for startAsFollower
2022-01-10 01:39:04,073 [pool-649-thread-1] INFO  impl.RoleInfo (RoleInfo.java:updateAndGet(130)) - d4d4c30f-0c00-4009-b3f8-9054c310d47a: start d4d4c30f-0c00-4009-b3f8-9054c310d47a@group-37B3C5D67002-FollowerState
2022-01-10 01:39:04,073 [Command processor thread] INFO  ratis.XceiverServerRatis (XceiverServerRatis.java:addGroup(768)) - Created group PipelineID=a3d6ecb5-30c5-44f6-a783-4419a6018be0
2022-01-10 01:39:04,073 [Command processor thread] INFO  commandhandler.CreatePipelineCommandHandler (CreatePipelineCommandHandler.java:handle(106)) - Created Pipeline RATIS ONE PipelineID=a3d6ecb5-30c5-44f6-a783-4419a6018be0.
2022-01-10 01:39:04,073 [Command processor thread] INFO  server.RaftServer (RaftServerProxy.java:addNew(95)) - d4d4c30f-0c00-4009-b3f8-9054c310d47a: addNew group-8F2CC2144BA8:[96dc4cc0-d1b0-46a1-bf9f-f371de40ab31|rpc:10.1.0.8:33365|priority:1, d4d4c30f-0c00-4009-b3f8-9054c310d47a|rpc:10.1.0.8:33041|priority:0, ac31b8ac-4c39-436f-94f4-016e041cabcc|rpc:10.1.0.8:41807|priority:0] returns group-8F2CC2144BA8:java.util.concurrent.CompletableFuture@3b0ac02d[Not completed]
2022-01-10 01:39:04,073 [pool-649-thread-1] INFO  util.JmxRegister (JmxRegister.java:tryRegister(44)) - Successfully registered JMX Bean with object name Ratis:service=RaftServer,group=group-37B3C5D67002,id=d4d4c30f-0c00-4009-b3f8-9054c310d47a
2022-01-10 01:39:04,081 [pool-649-thread-1] INFO  server.RaftServer$Division (RaftServerImpl.java:<init>(184)) - d4d4c30f-0c00-4009-b3f8-9054c310d47a: new RaftServerImpl for group-8F2CC2144BA8:[96dc4cc0-d1b0-46a1-bf9f-f371de40ab31|rpc:10.1.0.8:33365|priority:1, d4d4c30f-0c00-4009-b3f8-9054c310d47a|rpc:10.1.0.8:33041|priority:0, ac31b8ac-4c39-436f-94f4-016e041cabcc|rpc:10.1.0.8:41807|priority:0] with ContainerStateMachine:uninitialized
2022-01-10 01:39:04,082 [pool-649-thread-1] INFO  server.RaftServerConfigKeys (ConfUtils.java:logGet(44)) - raft.server.rpc.timeout.min = 5s (custom)
2022-01-10 01:39:04,082 [pool-649-thread-1] INFO  server.RaftServerConfigKeys (ConfUtils.java:logGet(44)) - raft.server.rpc.timeout.max = 5200ms (custom)
2022-01-10 01:39:04,082 [pool-649-thread-1] INFO  server.RaftServerConfigKeys (ConfUtils.java:logGet(44)) - raft.server.rpc.sleep.time = 25ms (default)
2022-01-10 01:39:04,082 [pool-649-thread-1] INFO  server.RaftServerConfigKeys (ConfUtils.java:logGet(44)) - raft.server.rpc.slowness.timeout = 300s (custom)
2022-01-10 01:39:04,082 [pool-649-thread-1] INFO  server.RaftServerConfigKeys (ConfUtils.java:logGet(44)) - raft.server.leaderelection.leader.step-down.wait-time = 10s (default)
2022-01-10 01:39:04,082 [pool-649-thread-1] INFO  server.RaftServerConfigKeys (ConfUtils.java:logGet(44)) - raft.server.sleep.deviation.threshold = 300ms (default)
2022-01-10 01:39:04,082 [pool-649-thread-1] INFO  server.RaftServerConfigKeys (ConfUtils.java:logGet(44)) - raft.server.log.appender.install.snapshot.enabled = false (custom)
2022-01-10 01:39:04,082 [pool-649-thread-1] INFO  server.RaftServer$Division (ServerState.java:<init>(105)) - d4d4c30f-0c00-4009-b3f8-9054c310d47a@group-8F2CC2144BA8: ConfigurationManager, init=-1: [96dc4cc0-d1b0-46a1-bf9f-f371de40ab31|rpc:10.1.0.8:33365|priority:1, d4d4c30f-0c00-4009-b3f8-9054c310d47a|rpc:10.1.0.8:33041|priority:0, ac31b8ac-4c39-436f-94f4-016e041cabcc|rpc:10.1.0.8:41807|priority:0], old=null, confs=<EMPTY_MAP>
2022-01-10 01:39:04,082 [pool-649-thread-1] INFO  server.RaftServerConfigKeys (ConfUtils.java:logGet(44)) - raft.server.storage.dir = [/home/runner/work/ozone/ozone/hadoop-ozone/integration-test/target/test-dir/MiniOzoneClusterImpl-a1c2d8ca-8f9e-4610-b695-5e529456a49a/datanode-1/data/ratis] (custom)
2022-01-10 01:39:04,082 [pool-649-thread-1] INFO  server.RaftServerConfigKeys (ConfUtils.java:logGet(44)) - raft.server.log.corruption.policy = EXCEPTION (default)
2022-01-10 01:39:04,082 [pool-649-thread-1] INFO  server.RaftServerConfigKeys (ConfUtils.java:logGet(44)) - raft.server.storage.free-space.min = 0MB (=0) (default)
2022-01-10 01:39:04,082 [pool-649-thread-1] INFO  storage.RaftStorageDirectory (RaftStorageDirectoryImpl.java:analyzeStorage(135)) - The storage directory /home/runner/work/ozone/ozone/hadoop-ozone/integration-test/target/test-dir/MiniOzoneClusterImpl-a1c2d8ca-8f9e-4610-b695-5e529456a49a/datanode-1/data/ratis/5ac27b1d-e291-4127-8517-8f2cc2144ba8 does not exist. Creating ...
2022-01-10 01:39:04,101 [pool-649-thread-1] INFO  storage.RaftStorageDirectory (RaftStorageDirectoryImpl.java:tryLock(230)) - Lock on /home/runner/work/ozone/ozone/hadoop-ozone/integration-test/target/test-dir/MiniOzoneClusterImpl-a1c2d8ca-8f9e-4610-b695-5e529456a49a/datanode-1/data/ratis/5ac27b1d-e291-4127-8517-8f2cc2144ba8/in_use.lock acquired by nodename 16813@fv-az297-741
2022-01-10 01:39:04,102 [pool-649-thread-1] INFO  storage.RaftStorage (RaftStorageImpl.java:format(89)) - Storage directory /home/runner/work/ozone/ozone/hadoop-ozone/integration-test/target/test-dir/MiniOzoneClusterImpl-a1c2d8ca-8f9e-4610-b695-5e529456a49a/datanode-1/data/ratis/5ac27b1d-e291-4127-8517-8f2cc2144ba8 has been successfully formatted.
2022-01-10 01:39:04,102 [pool-649-thread-1] INFO  ratis.ContainerStateMachine (ContainerStateMachine.java:loadSnapshot(231)) - group-8F2CC2144BA8: The snapshot info is null. Setting the last applied indexto:(t:0, i:~)
2022-01-10 01:39:04,102 [pool-649-thread-1] INFO  server.RaftServerConfigKeys (ConfUtils.java:logGet(44)) - raft.server.notification.no-leader.timeout = 300s (custom)
2022-01-10 01:39:04,102 [pool-649-thread-1] INFO  server.RaftServerConfigKeys (ConfUtils.java:logGet(44)) - raft.server.log.use.memory = false (default)
2022-01-10 01:39:04,102 [pool-649-thread-1] INFO  server.RaftServerConfigKeys (ConfUtils.java:logGet(44)) - raft.server.log.purge.gap = 1000000 (custom)
2022-01-10 01:39:04,102 [pool-649-thread-1] INFO  server.RaftServerConfigKeys (ConfUtils.java:logGet(44)) - raft.server.log.appender.buffer.byte-limit = 33554432 (custom)
2022-01-10 01:39:04,102 [pool-649-thread-1] INFO  server.RaftServerConfigKeys (ConfUtils.java:logGet(44)) - raft.server.log.segment.size.max = 1048576 (custom)
2022-01-10 01:39:04,103 [pool-649-thread-1] INFO  server.RaftServerConfigKeys (ConfUtils.java:logGet(44)) - raft.server.log.segment.cache.num.max = 2 (custom)
2022-01-10 01:39:04,103 [pool-649-thread-1] INFO  server.RaftServerConfigKeys (ConfUtils.java:logGet(44)) - raft.server.log.segment.cache.size.max = 200MB (=209715200) (default)
2022-01-10 01:39:04,103 [pool-649-thread-1] INFO  segmented.SegmentedRaftLogWorker (SegmentedRaftLogWorker.java:<init>(182)) - new d4d4c30f-0c00-4009-b3f8-9054c310d47a@group-8F2CC2144BA8-SegmentedRaftLogWorker for RaftStorageImpl:Storage Directory /home/runner/work/ozone/ozone/hadoop-ozone/integration-test/target/test-dir/MiniOzoneClusterImpl-a1c2d8ca-8f9e-4610-b695-5e529456a49a/datanode-1/data/ratis/5ac27b1d-e291-4127-8517-8f2cc2144ba8
2022-01-10 01:39:04,103 [pool-649-thread-1] INFO  server.RaftServerConfigKeys (ConfUtils.java:logGet(44)) - raft.server.log.queue.byte-limit = 2147483647 (custom)
2022-01-10 01:39:04,103 [pool-649-thread-1] INFO  server.RaftServerConfigKeys (ConfUtils.java:logGet(44)) - raft.server.log.queue.element-limit = 1024 (custom)
2022-01-10 01:39:04,103 [pool-649-thread-1] INFO  server.RaftServerConfigKeys (ConfUtils.java:logGet(44)) - raft.server.log.segment.size.max = 1048576 (custom)
2022-01-10 01:39:04,103 [pool-649-thread-1] INFO  server.RaftServerConfigKeys (ConfUtils.java:logGet(44)) - raft.server.log.preallocated.size = 16384 (custom)
2022-01-10 01:39:04,103 [pool-649-thread-1] INFO  server.RaftServerConfigKeys (ConfUtils.java:logGet(44)) - raft.server.log.force.sync.num = 128 (default)
2022-01-10 01:39:04,103 [pool-649-thread-1] INFO  server.RaftServerConfigKeys (ConfUtils.java:logGet(44)) - raft.server.log.statemachine.data.sync = true (default)
2022-01-10 01:39:04,103 [pool-649-thread-1] INFO  server.RaftServerConfigKeys (ConfUtils.java:logGet(44)) - raft.server.log.statemachine.data.sync.timeout = 10s (default)
2022-01-10 01:39:04,103 [pool-649-thread-1] INFO  server.RaftServerConfigKeys (ConfUtils.java:logGet(44)) - raft.server.log.statemachine.data.sync.timeout.retry = -1 (default)
2022-01-10 01:39:04,104 [pool-649-thread-1] INFO  server.RaftServerConfigKeys (ConfUtils.java:logGet(44)) - raft.server.log.write.buffer.size = 1048576 (custom)
2022-01-10 01:39:04,104 [pool-649-thread-1] INFO  server.RaftServerConfigKeys (ConfUtils.java:logGet(44)) - raft.server.log.statemachine.data.caching.enabled = true (custom)
2022-01-10 01:39:04,105 [pool-649-thread-1] INFO  segmented.SegmentedRaftLogWorker (SegmentedRaftLogWorker.java:lambda$new$0(133)) - d4d4c30f-0c00-4009-b3f8-9054c310d47a@group-8F2CC2144BA8-SegmentedRaftLogWorker: flushIndex: setUnconditionally 0 -> -1
2022-01-10 01:39:04,105 [pool-649-thread-1] INFO  segmented.SegmentedRaftLogWorker (SegmentedRaftLogWorker.java:lambda$new$0(133)) - d4d4c30f-0c00-4009-b3f8-9054c310d47a@group-8F2CC2144BA8-SegmentedRaftLogWorker: safeCacheEvictIndex: setUnconditionally 0 -> -1
2022-01-10 01:39:04,107 [pool-649-thread-1] INFO  server.RaftServerConfigKeys (ConfUtils.java:logGet(44)) - raft.server.snapshot.auto.trigger.enabled = true (custom)
2022-01-10 01:39:04,107 [pool-649-thread-1] INFO  server.RaftServerConfigKeys (ConfUtils.java:logGet(44)) - raft.server.snapshot.auto.trigger.threshold = 10000 (custom)
2022-01-10 01:39:04,107 [pool-649-thread-1] INFO  server.RaftServerConfigKeys (ConfUtils.java:logGet(44)) - raft.server.snapshot.retention.file.num = 5 (custom)
2022-01-10 01:39:04,107 [pool-649-thread-1] INFO  server.RaftServerConfigKeys (ConfUtils.java:logGet(44)) - raft.server.log.purge.upto.snapshot.index = false (default)
2022-01-10 01:39:04,107 [pool-649-thread-1] INFO  server.RaftServerConfigKeys (ConfUtils.java:logGet(44)) - raft.server.retrycache.expirytime = 600000ms (custom)
2022-01-10 01:39:04,107 [pool-649-thread-1] INFO  server.RaftServerConfigKeys (ConfUtils.java:logGet(44)) - raft.server.retrycache.statistics.expirytime = 100μs (default)
2022-01-10 01:39:04,108 [pool-649-thread-1] INFO  server.RaftServer$Division (RaftServerImpl.java:start(301)) - d4d4c30f-0c00-4009-b3f8-9054c310d47a@group-8F2CC2144BA8: start as a follower, conf=-1: [96dc4cc0-d1b0-46a1-bf9f-f371de40ab31|rpc:10.1.0.8:33365|priority:1, d4d4c30f-0c00-4009-b3f8-9054c310d47a|rpc:10.1.0.8:33041|priority:0, ac31b8ac-4c39-436f-94f4-016e041cabcc|rpc:10.1.0.8:41807|priority:0], old=null
2022-01-10 01:39:04,108 [pool-649-thread-1] INFO  server.RaftServer$Division (RaftServerImpl.java:setRole(290)) - d4d4c30f-0c00-4009-b3f8-9054c310d47a@group-8F2CC2144BA8: changes role from      null to FOLLOWER at term 0 for startAsFollower
2022-01-10 01:39:04,108 [pool-649-thread-1] INFO  impl.RoleInfo (RoleInfo.java:updateAndGet(130)) - d4d4c30f-0c00-4009-b3f8-9054c310d47a: start d4d4c30f-0c00-4009-b3f8-9054c310d47a@group-8F2CC2144BA8-FollowerState
2022-01-10 01:39:04,108 [pool-649-thread-1] INFO  util.JmxRegister (JmxRegister.java:tryRegister(44)) - Successfully registered JMX Bean with object name Ratis:service=RaftServer,group=group-8F2CC2144BA8,id=d4d4c30f-0c00-4009-b3f8-9054c310d47a
2022-01-10 01:39:04,124 [Command processor thread] INFO  commandhandler.CreatePipelineCommandHandler (CreatePipelineCommandHandler.java:handle(106)) - Created Pipeline RATIS THREE PipelineID=3ef41411-f4af-483d-becc-37b3c5d67002.
2022-01-10 01:39:04,124 [Command processor thread] INFO  server.RaftServer (RaftServerProxy.java:addNew(95)) - 96dc4cc0-d1b0-46a1-bf9f-f371de40ab31: addNew group-8F2CC2144BA8:[96dc4cc0-d1b0-46a1-bf9f-f371de40ab31|rpc:10.1.0.8:33365|priority:1, d4d4c30f-0c00-4009-b3f8-9054c310d47a|rpc:10.1.0.8:33041|priority:0, ac31b8ac-4c39-436f-94f4-016e041cabcc|rpc:10.1.0.8:41807|priority:0] returns group-8F2CC2144BA8:java.util.concurrent.CompletableFuture@4f889d7a[Not completed]
2022-01-10 01:39:04,125 [pool-628-thread-1] INFO  server.RaftServer$Division (RaftServerImpl.java:<init>(184)) - 96dc4cc0-d1b0-46a1-bf9f-f371de40ab31: new RaftServerImpl for group-8F2CC2144BA8:[96dc4cc0-d1b0-46a1-bf9f-f371de40ab31|rpc:10.1.0.8:33365|priority:1, d4d4c30f-0c00-4009-b3f8-9054c310d47a|rpc:10.1.0.8:33041|priority:0, ac31b8ac-4c39-436f-94f4-016e041cabcc|rpc:10.1.0.8:41807|priority:0] with ContainerStateMachine:uninitialized
2022-01-10 01:39:04,125 [pool-628-thread-1] INFO  server.RaftServerConfigKeys (ConfUtils.java:logGet(44)) - raft.server.rpc.timeout.min = 5s (custom)
2022-01-10 01:39:04,125 [pool-628-thread-1] INFO  server.RaftServerConfigKeys (ConfUtils.java:logGet(44)) - raft.server.rpc.timeout.max = 5200ms (custom)
2022-01-10 01:39:04,125 [pool-628-thread-1] INFO  server.RaftServerConfigKeys (ConfUtils.java:logGet(44)) - raft.server.rpc.sleep.time = 25ms (default)
2022-01-10 01:39:04,125 [pool-628-thread-1] INFO  server.RaftServerConfigKeys (ConfUtils.java:logGet(44)) - raft.server.rpc.slowness.timeout = 300s (custom)
2022-01-10 01:39:04,125 [pool-628-thread-1] INFO  server.RaftServerConfigKeys (ConfUtils.java:logGet(44)) - raft.server.leaderelection.leader.step-down.wait-time = 10s (default)
2022-01-10 01:39:04,125 [pool-628-thread-1] INFO  server.RaftServerConfigKeys (ConfUtils.java:logGet(44)) - raft.server.sleep.deviation.threshold = 300ms (default)
2022-01-10 01:39:04,125 [pool-628-thread-1] INFO  server.RaftServerConfigKeys (ConfUtils.java:logGet(44)) - raft.server.log.appender.install.snapshot.enabled = false (custom)
2022-01-10 01:39:04,125 [pool-628-thread-1] INFO  server.RaftServer$Division (ServerState.java:<init>(105)) - 96dc4cc0-d1b0-46a1-bf9f-f371de40ab31@group-8F2CC2144BA8: ConfigurationManager, init=-1: [96dc4cc0-d1b0-46a1-bf9f-f371de40ab31|rpc:10.1.0.8:33365|priority:1, d4d4c30f-0c00-4009-b3f8-9054c310d47a|rpc:10.1.0.8:33041|priority:0, ac31b8ac-4c39-436f-94f4-016e041cabcc|rpc:10.1.0.8:41807|priority:0], old=null, confs=<EMPTY_MAP>
2022-01-10 01:39:04,125 [pool-628-thread-1] INFO  server.RaftServerConfigKeys (ConfUtils.java:logGet(44)) - raft.server.storage.dir = [/home/runner/work/ozone/ozone/hadoop-ozone/integration-test/target/test-dir/MiniOzoneClusterImpl-a1c2d8ca-8f9e-4610-b695-5e529456a49a/datanode-0/data/ratis] (custom)
2022-01-10 01:39:04,125 [pool-628-thread-1] INFO  server.RaftServerConfigKeys (ConfUtils.java:logGet(44)) - raft.server.log.corruption.policy = EXCEPTION (default)
2022-01-10 01:39:04,125 [pool-628-thread-1] INFO  server.RaftServerConfigKeys (ConfUtils.java:logGet(44)) - raft.server.storage.free-space.min = 0MB (=0) (default)
2022-01-10 01:39:04,125 [pool-628-thread-1] INFO  storage.RaftStorageDirectory (RaftStorageDirectoryImpl.java:analyzeStorage(135)) - The storage directory /home/runner/work/ozone/ozone/hadoop-ozone/integration-test/target/test-dir/MiniOzoneClusterImpl-a1c2d8ca-8f9e-4610-b695-5e529456a49a/datanode-0/data/ratis/5ac27b1d-e291-4127-8517-8f2cc2144ba8 does not exist. Creating ...
2022-01-10 01:39:04,130 [Listener at 127.0.0.1/39021] INFO  ozone.MiniOzoneClusterImpl (MiniOzoneClusterImpl.java:lambda$waitForClusterToBeReady$0(235)) - Nodes are ready. Got 3 of 3 DN Heartbeats.
2022-01-10 01:39:04,130 [Listener at 127.0.0.1/39021] INFO  ozone.MiniOzoneClusterImpl (MiniOzoneClusterImpl.java:lambda$waitForClusterToBeReady$0(238)) - Waiting for cluster to exit safe mode
2022-01-10 01:39:04,130 [Listener at 127.0.0.1/39021] INFO  ozone.MiniOzoneClusterImpl (MiniOzoneClusterImpl.java:lambda$waitForClusterToBeReady$0(240)) - SCM became leader
2022-01-10 01:39:04,132 [pool-628-thread-1] INFO  storage.RaftStorageDirectory (RaftStorageDirectoryImpl.java:tryLock(230)) - Lock on /home/runner/work/ozone/ozone/hadoop-ozone/integration-test/target/test-dir/MiniOzoneClusterImpl-a1c2d8ca-8f9e-4610-b695-5e529456a49a/datanode-0/data/ratis/5ac27b1d-e291-4127-8517-8f2cc2144ba8/in_use.lock acquired by nodename 16813@fv-az297-741
2022-01-10 01:39:04,133 [EventQueue-OpenPipelineForHealthyPipelineSafeModeRule] INFO  safemode.SCMSafeModeManager (HealthyPipelineSafeModeRule.java:process(124)) - SCM in safe mode. Healthy pipelines reported count is 0, required healthy pipeline reported count is 1
2022-01-10 01:39:04,142 [Command processor thread] INFO  ratis.XceiverServerRatis (XceiverServerRatis.java:addGroup(768)) - Created group PipelineID=5ac27b1d-e291-4127-8517-8f2cc2144ba8
2022-01-10 01:39:04,149 [pool-628-thread-1] INFO  storage.RaftStorage (RaftStorageImpl.java:format(89)) - Storage directory /home/runner/work/ozone/ozone/hadoop-ozone/integration-test/target/test-dir/MiniOzoneClusterImpl-a1c2d8ca-8f9e-4610-b695-5e529456a49a/datanode-0/data/ratis/5ac27b1d-e291-4127-8517-8f2cc2144ba8 has been successfully formatted.
2022-01-10 01:39:04,149 [pool-628-thread-1] INFO  ratis.ContainerStateMachine (ContainerStateMachine.java:loadSnapshot(231)) - group-8F2CC2144BA8: The snapshot info is null. Setting the last applied indexto:(t:0, i:~)
2022-01-10 01:39:04,149 [pool-628-thread-1] INFO  server.RaftServerConfigKeys (ConfUtils.java:logGet(44)) - raft.server.notification.no-leader.timeout = 300s (custom)
2022-01-10 01:39:04,149 [pool-628-thread-1] INFO  server.RaftServerConfigKeys (ConfUtils.java:logGet(44)) - raft.server.log.use.memory = false (default)
2022-01-10 01:39:04,150 [pool-628-thread-1] INFO  server.RaftServerConfigKeys (ConfUtils.java:logGet(44)) - raft.server.log.purge.gap = 1000000 (custom)
2022-01-10 01:39:04,150 [pool-628-thread-1] INFO  server.RaftServerConfigKeys (ConfUtils.java:logGet(44)) - raft.server.log.appender.buffer.byte-limit = 33554432 (custom)
2022-01-10 01:39:04,165 [grpc-default-executor-0] INFO  server.RaftServer (RaftServerProxy.java:addNew(95)) - ac31b8ac-4c39-436f-94f4-016e041cabcc: addNew group-8F2CC2144BA8:[96dc4cc0-d1b0-46a1-bf9f-f371de40ab31|rpc:10.1.0.8:33365|dataStream:|priority:1, d4d4c30f-0c00-4009-b3f8-9054c310d47a|rpc:10.1.0.8:33041|dataStream:|priority:0, ac31b8ac-4c39-436f-94f4-016e041cabcc|rpc:10.1.0.8:41807|dataStream:|priority:0] returns group-8F2CC2144BA8:java.util.concurrent.CompletableFuture@3e74196e[Not completed]
2022-01-10 01:39:04,165 [pool-670-thread-1] INFO  server.RaftServer$Division (RaftServerImpl.java:<init>(184)) - ac31b8ac-4c39-436f-94f4-016e041cabcc: new RaftServerImpl for group-8F2CC2144BA8:[96dc4cc0-d1b0-46a1-bf9f-f371de40ab31|rpc:10.1.0.8:33365|dataStream:|priority:1, d4d4c30f-0c00-4009-b3f8-9054c310d47a|rpc:10.1.0.8:33041|dataStream:|priority:0, ac31b8ac-4c39-436f-94f4-016e041cabcc|rpc:10.1.0.8:41807|dataStream:|priority:0] with ContainerStateMachine:uninitialized
2022-01-10 01:39:04,165 [pool-670-thread-1] INFO  server.RaftServerConfigKeys (ConfUtils.java:logGet(44)) - raft.server.rpc.timeout.min = 5s (custom)
2022-01-10 01:39:04,166 [pool-670-thread-1] INFO  server.RaftServerConfigKeys (ConfUtils.java:logGet(44)) - raft.server.rpc.timeout.max = 5200ms (custom)
2022-01-10 01:39:04,166 [pool-670-thread-1] INFO  server.RaftServerConfigKeys (ConfUtils.java:logGet(44)) - raft.server.rpc.sleep.time = 25ms (default)
2022-01-10 01:39:04,166 [pool-670-thread-1] INFO  server.RaftServerConfigKeys (ConfUtils.java:logGet(44)) - raft.server.rpc.slowness.timeout = 300s (custom)
2022-01-10 01:39:04,166 [pool-670-thread-1] INFO  server.RaftServerConfigKeys (ConfUtils.java:logGet(44)) - raft.server.leaderelection.leader.step-down.wait-time = 10s (default)
2022-01-10 01:39:04,166 [pool-670-thread-1] INFO  server.RaftServerConfigKeys (ConfUtils.java:logGet(44)) - raft.server.sleep.deviation.threshold = 300ms (default)
2022-01-10 01:39:04,166 [pool-670-thread-1] INFO  server.RaftServerConfigKeys (ConfUtils.java:logGet(44)) - raft.server.log.appender.install.snapshot.enabled = false (custom)
2022-01-10 01:39:04,166 [pool-670-thread-1] INFO  server.RaftServer$Division (ServerState.java:<init>(105)) - ac31b8ac-4c39-436f-94f4-016e041cabcc@group-8F2CC2144BA8: ConfigurationManager, init=-1: [96dc4cc0-d1b0-46a1-bf9f-f371de40ab31|rpc:10.1.0.8:33365|dataStream:|priority:1, d4d4c30f-0c00-4009-b3f8-9054c310d47a|rpc:10.1.0.8:33041|dataStream:|priority:0, ac31b8ac-4c39-436f-94f4-016e041cabcc|rpc:10.1.0.8:41807|dataStream:|priority:0], old=null, confs=<EMPTY_MAP>
2022-01-10 01:39:04,166 [pool-670-thread-1] INFO  server.RaftServerConfigKeys (ConfUtils.java:logGet(44)) - raft.server.storage.dir = [/home/runner/work/ozone/ozone/hadoop-ozone/integration-test/target/test-dir/MiniOzoneClusterImpl-a1c2d8ca-8f9e-4610-b695-5e529456a49a/datanode-2/data/ratis] (custom)
2022-01-10 01:39:04,166 [pool-670-thread-1] INFO  server.RaftServerConfigKeys (ConfUtils.java:logGet(44)) - raft.server.log.corruption.policy = EXCEPTION (default)
2022-01-10 01:39:04,166 [pool-670-thread-1] INFO  server.RaftServerConfigKeys (ConfUtils.java:logGet(44)) - raft.server.storage.free-space.min = 0MB (=0) (default)
2022-01-10 01:39:04,166 [pool-670-thread-1] INFO  storage.RaftStorageDirectory (RaftStorageDirectoryImpl.java:analyzeStorage(135)) - The storage directory /home/runner/work/ozone/ozone/hadoop-ozone/integration-test/target/test-dir/MiniOzoneClusterImpl-a1c2d8ca-8f9e-4610-b695-5e529456a49a/datanode-2/data/ratis/5ac27b1d-e291-4127-8517-8f2cc2144ba8 does not exist. Creating ...
2022-01-10 01:39:04,166 [pool-628-thread-1] INFO  server.RaftServerConfigKeys (ConfUtils.java:logGet(44)) - raft.server.log.segment.size.max = 1048576 (custom)
2022-01-10 01:39:04,167 [Command processor thread] INFO  server.RaftServer (RaftServerProxy.java:addNew(95)) - ac31b8ac-4c39-436f-94f4-016e041cabcc: addNew group-BDBAEEF4F8C6:[ac31b8ac-4c39-436f-94f4-016e041cabcc|rpc:10.1.0.8:41807|priority:1] returns group-BDBAEEF4F8C6:java.util.concurrent.CompletableFuture@1a6e8d8d[Not completed]
2022-01-10 01:39:04,167 [pool-670-thread-1] INFO  storage.RaftStorageDirectory (RaftStorageDirectoryImpl.java:tryLock(230)) - Lock on /home/runner/work/ozone/ozone/hadoop-ozone/integration-test/target/test-dir/MiniOzoneClusterImpl-a1c2d8ca-8f9e-4610-b695-5e529456a49a/datanode-2/data/ratis/5ac27b1d-e291-4127-8517-8f2cc2144ba8/in_use.lock acquired by nodename 16813@fv-az297-741
2022-01-10 01:39:04,167 [EventQueue-OpenPipelineForHealthyPipelineSafeModeRule] INFO  safemode.SCMSafeModeManager (HealthyPipelineSafeModeRule.java:process(124)) - SCM in safe mode. Healthy pipelines reported count is 0, required healthy pipeline reported count is 1
2022-01-10 01:39:04,167 [pool-628-thread-1] INFO  server.RaftServerConfigKeys (ConfUtils.java:logGet(44)) - raft.server.log.segment.cache.num.max = 2 (custom)
2022-01-10 01:39:04,168 [pool-628-thread-1] INFO  server.RaftServerConfigKeys (ConfUtils.java:logGet(44)) - raft.server.log.segment.cache.size.max = 200MB (=209715200) (default)
2022-01-10 01:39:04,168 [pool-628-thread-1] INFO  segmented.SegmentedRaftLogWorker (SegmentedRaftLogWorker.java:<init>(182)) - new 96dc4cc0-d1b0-46a1-bf9f-f371de40ab31@group-8F2CC2144BA8-SegmentedRaftLogWorker for RaftStorageImpl:Storage Directory /home/runner/work/ozone/ozone/hadoop-ozone/integration-test/target/test-dir/MiniOzoneClusterImpl-a1c2d8ca-8f9e-4610-b695-5e529456a49a/datanode-0/data/ratis/5ac27b1d-e291-4127-8517-8f2cc2144ba8
2022-01-10 01:39:04,168 [pool-628-thread-1] INFO  server.RaftServerConfigKeys (ConfUtils.java:logGet(44)) - raft.server.log.queue.byte-limit = 2147483647 (custom)
2022-01-10 01:39:04,168 [pool-628-thread-1] INFO  server.RaftServerConfigKeys (ConfUtils.java:logGet(44)) - raft.server.log.queue.element-limit = 1024 (custom)
2022-01-10 01:39:04,168 [pool-628-thread-1] INFO  server.RaftServerConfigKeys (ConfUtils.java:logGet(44)) - raft.server.log.segment.size.max = 1048576 (custom)
2022-01-10 01:39:04,168 [pool-628-thread-1] INFO  server.RaftServerConfigKeys (ConfUtils.java:logGet(44)) - raft.server.log.preallocated.size = 16384 (custom)
2022-01-10 01:39:04,168 [pool-628-thread-1] INFO  server.RaftServerConfigKeys (ConfUtils.java:logGet(44)) - raft.server.log.force.sync.num = 128 (default)
2022-01-10 01:39:04,168 [pool-670-thread-1] INFO  storage.RaftStorage (RaftStorageImpl.java:format(89)) - Storage directory /home/runner/work/ozone/ozone/hadoop-ozone/integration-test/target/test-dir/MiniOzoneClusterImpl-a1c2d8ca-8f9e-4610-b695-5e529456a49a/datanode-2/data/ratis/5ac27b1d-e291-4127-8517-8f2cc2144ba8 has been successfully formatted.
2022-01-10 01:39:04,168 [pool-670-thread-1] INFO  ratis.ContainerStateMachine (ContainerStateMachine.java:loadSnapshot(231)) - group-8F2CC2144BA8: The snapshot info is null. Setting the last applied indexto:(t:0, i:~)
2022-01-10 01:39:04,168 [pool-670-thread-1] INFO  server.RaftServerConfigKeys (ConfUtils.java:logGet(44)) - raft.server.notification.no-leader.timeout = 300s (custom)
2022-01-10 01:39:04,168 [pool-670-thread-1] INFO  server.RaftServerConfigKeys (ConfUtils.java:logGet(44)) - raft.server.log.use.memory = false (default)
2022-01-10 01:39:04,168 [pool-670-thread-1] INFO  server.RaftServerConfigKeys (ConfUtils.java:logGet(44)) - raft.server.log.purge.gap = 1000000 (custom)
2022-01-10 01:39:04,169 [pool-670-thread-1] INFO  server.RaftServerConfigKeys (ConfUtils.java:logGet(44)) - raft.server.log.appender.buffer.byte-limit = 33554432 (custom)
2022-01-10 01:39:04,169 [EventQueue-PipelineReportForPipelineReportHandler] INFO  pipeline.PipelineManagerImpl (PipelineManagerImpl.java:openPipeline(291)) - Pipeline Pipeline[ Id: 6b4819ba-c5e8-430e-9b4b-bdbaeef4f8c6, Nodes: ac31b8ac-4c39-436f-94f4-016e041cabcc{ip: 10.1.0.8, host: fv-az297-741.nmf1rxwemy4u5di1sxxf4ejcwb.jx.internal.cloudapp.net, ports: [REPLICATION=37863, RATIS=41807, RATIS_ADMIN=41807, RATIS_SERVER=41807, STANDALONE=46601], networkLocation: /default-rack, certSerialId: null, persistedOpState: IN_SERVICE, persistedOpStateExpiryEpochSec: 0}, ReplicationConfig: RATIS/ONE, State:ALLOCATED, leaderId:ac31b8ac-4c39-436f-94f4-016e041cabcc, CreationTimestamp2022-01-10T01:39:01.153Z[Etc/UTC]] moved to OPEN state
2022-01-10 01:39:04,170 [EventQueue-OpenPipelineForHealthyPipelineSafeModeRule] INFO  safemode.SCMSafeModeManager (HealthyPipelineSafeModeRule.java:process(124)) - SCM in safe mode. Healthy pipelines reported count is 0, required healthy pipeline reported count is 1
2022-01-10 01:39:04,170 [pool-670-thread-1] INFO  server.RaftServerConfigKeys (ConfUtils.java:logGet(44)) - raft.server.log.segment.size.max = 1048576 (custom)
2022-01-10 01:39:04,182 [pool-670-thread-1] INFO  server.RaftServerConfigKeys (ConfUtils.java:logGet(44)) - raft.server.log.segment.cache.num.max = 2 (custom)
2022-01-10 01:39:04,182 [pool-670-thread-1] INFO  server.RaftServerConfigKeys (ConfUtils.java:logGet(44)) - raft.server.log.segment.cache.size.max = 200MB (=209715200) (default)
2022-01-10 01:39:04,182 [pool-670-thread-1] INFO  segmented.SegmentedRaftLogWorker (SegmentedRaftLogWorker.java:<init>(182)) - new ac31b8ac-4c39-436f-94f4-016e041cabcc@group-8F2CC2144BA8-SegmentedRaftLogWorker for RaftStorageImpl:Storage Directory /home/runner/work/ozone/ozone/hadoop-ozone/integration-test/target/test-dir/MiniOzoneClusterImpl-a1c2d8ca-8f9e-4610-b695-5e529456a49a/datanode-2/data/ratis/5ac27b1d-e291-4127-8517-8f2cc2144ba8
2022-01-10 01:39:04,182 [pool-670-thread-1] INFO  server.RaftServerConfigKeys (ConfUtils.java:logGet(44)) - raft.server.log.queue.byte-limit = 2147483647 (custom)
2022-01-10 01:39:04,182 [pool-670-thread-1] INFO  server.RaftServerConfigKeys (ConfUtils.java:logGet(44)) - raft.server.log.queue.element-limit = 1024 (custom)
2022-01-10 01:39:04,182 [pool-670-thread-1] INFO  server.RaftServerConfigKeys (ConfUtils.java:logGet(44)) - raft.server.log.segment.size.max = 1048576 (custom)
2022-01-10 01:39:04,182 [pool-670-thread-1] INFO  server.RaftServerConfigKeys (ConfUtils.java:logGet(44)) - raft.server.log.preallocated.size = 16384 (custom)
2022-01-10 01:39:04,182 [pool-670-thread-1] INFO  server.RaftServerConfigKeys (ConfUtils.java:logGet(44)) - raft.server.log.force.sync.num = 128 (default)
2022-01-10 01:39:04,182 [pool-670-thread-1] INFO  server.RaftServerConfigKeys (ConfUtils.java:logGet(44)) - raft.server.log.statemachine.data.sync = true (default)
2022-01-10 01:39:04,182 [pool-670-thread-1] INFO  server.RaftServerConfigKeys (ConfUtils.java:logGet(44)) - raft.server.log.statemachine.data.sync.timeout = 10s (default)
2022-01-10 01:39:04,182 [pool-670-thread-1] INFO  server.RaftServerConfigKeys (ConfUtils.java:logGet(44)) - raft.server.log.statemachine.data.sync.timeout.retry = -1 (default)
2022-01-10 01:39:04,183 [pool-670-thread-1] INFO  server.RaftServerConfigKeys (ConfUtils.java:logGet(44)) - raft.server.log.write.buffer.size = 1048576 (custom)
2022-01-10 01:39:04,184 [pool-670-thread-1] INFO  server.RaftServerConfigKeys (ConfUtils.java:logGet(44)) - raft.server.log.statemachine.data.caching.enabled = true (custom)
2022-01-10 01:39:04,184 [pool-670-thread-1] INFO  segmented.SegmentedRaftLogWorker (SegmentedRaftLogWorker.java:lambda$new$0(133)) - ac31b8ac-4c39-436f-94f4-016e041cabcc@group-8F2CC2144BA8-SegmentedRaftLogWorker: flushIndex: setUnconditionally 0 -> -1
2022-01-10 01:39:04,184 [pool-670-thread-1] INFO  segmented.SegmentedRaftLogWorker (SegmentedRaftLogWorker.java:lambda$new$0(133)) - ac31b8ac-4c39-436f-94f4-016e041cabcc@group-8F2CC2144BA8-SegmentedRaftLogWorker: safeCacheEvictIndex: setUnconditionally 0 -> -1
2022-01-10 01:39:04,168 [pool-628-thread-1] INFO  server.RaftServerConfigKeys (ConfUtils.java:logGet(44)) - raft.server.log.statemachine.data.sync = true (default)
2022-01-10 01:39:04,184 [pool-628-thread-1] INFO  server.RaftServerConfigKeys (ConfUtils.java:logGet(44)) - raft.server.log.statemachine.data.sync.timeout = 10s (default)
2022-01-10 01:39:04,184 [pool-628-thread-1] INFO  server.RaftServerConfigKeys (ConfUtils.java:logGet(44)) - raft.server.log.statemachine.data.sync.timeout.retry = -1 (default)
2022-01-10 01:39:04,186 [pool-670-thread-1] INFO  server.RaftServerConfigKeys (ConfUtils.java:logGet(44)) - raft.server.snapshot.auto.trigger.enabled = true (custom)
2022-01-10 01:39:04,187 [pool-670-thread-1] INFO  server.RaftServerConfigKeys (ConfUtils.java:logGet(44)) - raft.server.snapshot.auto.trigger.threshold = 10000 (custom)
2022-01-10 01:39:04,187 [pool-670-thread-1] INFO  server.RaftServerConfigKeys (ConfUtils.java:logGet(44)) - raft.server.snapshot.retention.file.num = 5 (custom)
2022-01-10 01:39:04,187 [pool-670-thread-1] INFO  server.RaftServerConfigKeys (ConfUtils.java:logGet(44)) - raft.server.log.purge.upto.snapshot.index = false (default)
2022-01-10 01:39:04,187 [pool-670-thread-1] INFO  server.RaftServerConfigKeys (ConfUtils.java:logGet(44)) - raft.server.retrycache.expirytime = 600000ms (custom)
2022-01-10 01:39:04,187 [pool-670-thread-1] INFO  server.RaftServerConfigKeys (ConfUtils.java:logGet(44)) - raft.server.retrycache.statistics.expirytime = 100μs (default)
2022-01-10 01:39:04,188 [pool-670-thread-1] INFO  server.RaftServer$Division (RaftServerImpl.java:<init>(184)) - ac31b8ac-4c39-436f-94f4-016e041cabcc: new RaftServerImpl for group-BDBAEEF4F8C6:[ac31b8ac-4c39-436f-94f4-016e041cabcc|rpc:10.1.0.8:41807|priority:1] with ContainerStateMachine:uninitialized
2022-01-10 01:39:04,187 [pool-628-thread-1] INFO  server.RaftServerConfigKeys (ConfUtils.java:logGet(44)) - raft.server.log.write.buffer.size = 1048576 (custom)
2022-01-10 01:39:04,189 [pool-628-thread-1] INFO  server.RaftServerConfigKeys (ConfUtils.java:logGet(44)) - raft.server.log.statemachine.data.caching.enabled = true (custom)
2022-01-10 01:39:04,189 [pool-628-thread-1] INFO  segmented.SegmentedRaftLogWorker (SegmentedRaftLogWorker.java:lambda$new$0(133)) - 96dc4cc0-d1b0-46a1-bf9f-f371de40ab31@group-8F2CC2144BA8-SegmentedRaftLogWorker: flushIndex: setUnconditionally 0 -> -1
2022-01-10 01:39:04,189 [pool-628-thread-1] INFO  segmented.SegmentedRaftLogWorker (SegmentedRaftLogWorker.java:lambda$new$0(133)) - 96dc4cc0-d1b0-46a1-bf9f-f371de40ab31@group-8F2CC2144BA8-SegmentedRaftLogWorker: safeCacheEvictIndex: setUnconditionally 0 -> -1
2022-01-10 01:39:04,190 [pool-670-thread-1] INFO  server.RaftServerConfigKeys (ConfUtils.java:logGet(44)) - raft.server.rpc.timeout.min = 5s (custom)
2022-01-10 01:39:04,190 [pool-670-thread-1] INFO  server.RaftServerConfigKeys (ConfUtils.java:logGet(44)) - raft.server.rpc.timeout.max = 5200ms (custom)
2022-01-10 01:39:04,190 [pool-670-thread-1] INFO  server.RaftServerConfigKeys (ConfUtils.java:logGet(44)) - raft.server.rpc.sleep.time = 25ms (default)
2022-01-10 01:39:04,190 [pool-670-thread-1] INFO  server.RaftServerConfigKeys (ConfUtils.java:logGet(44)) - raft.server.rpc.slowness.timeout = 300s (custom)
2022-01-10 01:39:04,190 [pool-670-thread-1] INFO  server.RaftServerConfigKeys (ConfUtils.java:logGet(44)) - raft.server.leaderelection.leader.step-down.wait-time = 10s (default)
2022-01-10 01:39:04,190 [pool-670-thread-1] INFO  server.RaftServerConfigKeys (ConfUtils.java:logGet(44)) - raft.server.sleep.deviation.threshold = 300ms (default)
2022-01-10 01:39:04,190 [pool-670-thread-1] INFO  server.RaftServerConfigKeys (ConfUtils.java:logGet(44)) - raft.server.log.appender.install.snapshot.enabled = false (custom)
2022-01-10 01:39:04,190 [pool-670-thread-1] INFO  server.RaftServer$Division (ServerState.java:<init>(105)) - ac31b8ac-4c39-436f-94f4-016e041cabcc@group-BDBAEEF4F8C6: ConfigurationManager, init=-1: [ac31b8ac-4c39-436f-94f4-016e041cabcc|rpc:10.1.0.8:41807|priority:1], old=null, confs=<EMPTY_MAP>
2022-01-10 01:39:04,190 [pool-670-thread-1] INFO  server.RaftServerConfigKeys (ConfUtils.java:logGet(44)) - raft.server.storage.dir = [/home/runner/work/ozone/ozone/hadoop-ozone/integration-test/target/test-dir/MiniOzoneClusterImpl-a1c2d8ca-8f9e-4610-b695-5e529456a49a/datanode-2/data/ratis] (custom)
2022-01-10 01:39:04,190 [pool-670-thread-1] INFO  server.RaftServerConfigKeys (ConfUtils.java:logGet(44)) - raft.server.log.corruption.policy = EXCEPTION (default)
2022-01-10 01:39:04,190 [pool-670-thread-1] INFO  server.RaftServerConfigKeys (ConfUtils.java:logGet(44)) - raft.server.storage.free-space.min = 0MB (=0) (default)
2022-01-10 01:39:04,190 [pool-670-thread-1] INFO  storage.RaftStorageDirectory (RaftStorageDirectoryImpl.java:analyzeStorage(135)) - The storage directory /home/runner/work/ozone/ozone/hadoop-ozone/integration-test/target/test-dir/MiniOzoneClusterImpl-a1c2d8ca-8f9e-4610-b695-5e529456a49a/datanode-2/data/ratis/6b4819ba-c5e8-430e-9b4b-bdbaeef4f8c6 does not exist. Creating ...
2022-01-10 01:39:04,193 [pool-670-thread-1] INFO  storage.RaftStorageDirectory (RaftStorageDirectoryImpl.java:tryLock(230)) - Lock on /home/runner/work/ozone/ozone/hadoop-ozone/integration-test/target/test-dir/MiniOzoneClusterImpl-a1c2d8ca-8f9e-4610-b695-5e529456a49a/datanode-2/data/ratis/6b4819ba-c5e8-430e-9b4b-bdbaeef4f8c6/in_use.lock acquired by nodename 16813@fv-az297-741
2022-01-10 01:39:04,198 [pool-628-thread-1] INFO  server.RaftServerConfigKeys (ConfUtils.java:logGet(44)) - raft.server.snapshot.auto.trigger.enabled = true (custom)
2022-01-10 01:39:04,198 [pool-628-thread-1] INFO  server.RaftServerConfigKeys (ConfUtils.java:logGet(44)) - raft.server.snapshot.auto.trigger.threshold = 10000 (custom)
2022-01-10 01:39:04,198 [pool-628-thread-1] INFO  server.RaftServerConfigKeys (ConfUtils.java:logGet(44)) - raft.server.snapshot.retention.file.num = 5 (custom)
2022-01-10 01:39:04,198 [pool-628-thread-1] INFO  server.RaftServerConfigKeys (ConfUtils.java:logGet(44)) - raft.server.log.purge.upto.snapshot.index = false (default)
2022-01-10 01:39:04,198 [pool-628-thread-1] INFO  server.RaftServerConfigKeys (ConfUtils.java:logGet(44)) - raft.server.retrycache.expirytime = 600000ms (custom)
2022-01-10 01:39:04,198 [pool-628-thread-1] INFO  server.RaftServerConfigKeys (ConfUtils.java:logGet(44)) - raft.server.retrycache.statistics.expirytime = 100μs (default)
2022-01-10 01:39:04,199 [pool-628-thread-1] INFO  server.RaftServer$Division (RaftServerImpl.java:start(301)) - 96dc4cc0-d1b0-46a1-bf9f-f371de40ab31@group-8F2CC2144BA8: start as a follower, conf=-1: [96dc4cc0-d1b0-46a1-bf9f-f371de40ab31|rpc:10.1.0.8:33365|priority:1, d4d4c30f-0c00-4009-b3f8-9054c310d47a|rpc:10.1.0.8:33041|priority:0, ac31b8ac-4c39-436f-94f4-016e041cabcc|rpc:10.1.0.8:41807|priority:0], old=null
2022-01-10 01:39:04,199 [pool-628-thread-1] INFO  server.RaftServer$Division (RaftServerImpl.java:setRole(290)) - 96dc4cc0-d1b0-46a1-bf9f-f371de40ab31@group-8F2CC2144BA8: changes role from      null to FOLLOWER at term 0 for startAsFollower
2022-01-10 01:39:04,199 [pool-628-thread-1] INFO  impl.RoleInfo (RoleInfo.java:updateAndGet(130)) - 96dc4cc0-d1b0-46a1-bf9f-f371de40ab31: start 96dc4cc0-d1b0-46a1-bf9f-f371de40ab31@group-8F2CC2144BA8-FollowerState
2022-01-10 01:39:04,201 [pool-670-thread-1] INFO  storage.RaftStorage (RaftStorageImpl.java:format(89)) - Storage directory /home/runner/work/ozone/ozone/hadoop-ozone/integration-test/target/test-dir/MiniOzoneClusterImpl-a1c2d8ca-8f9e-4610-b695-5e529456a49a/datanode-2/data/ratis/6b4819ba-c5e8-430e-9b4b-bdbaeef4f8c6 has been successfully formatted.
2022-01-10 01:39:04,202 [pool-628-thread-1] INFO  util.JmxRegister (JmxRegister.java:tryRegister(44)) - Successfully registered JMX Bean with object name Ratis:service=RaftServer,group=group-8F2CC2144BA8,id=96dc4cc0-d1b0-46a1-bf9f-f371de40ab31
2022-01-10 01:39:04,218 [Command processor thread] INFO  ratis.XceiverServerRatis (XceiverServerRatis.java:addGroup(768)) - Created group PipelineID=5ac27b1d-e291-4127-8517-8f2cc2144ba8
2022-01-10 01:39:04,220 [pool-670-thread-1] INFO  ratis.ContainerStateMachine (ContainerStateMachine.java:loadSnapshot(231)) - group-BDBAEEF4F8C6: The snapshot info is null. Setting the last applied indexto:(t:0, i:~)
2022-01-10 01:39:04,220 [pool-670-thread-1] INFO  server.RaftServerConfigKeys (ConfUtils.java:logGet(44)) - raft.server.notification.no-leader.timeout = 300s (custom)
2022-01-10 01:39:04,220 [pool-670-thread-1] INFO  server.RaftServerConfigKeys (ConfUtils.java:logGet(44)) - raft.server.log.use.memory = false (default)
2022-01-10 01:39:04,220 [pool-670-thread-1] INFO  server.RaftServerConfigKeys (ConfUtils.java:logGet(44)) - raft.server.log.purge.gap = 1000000 (custom)
2022-01-10 01:39:04,220 [pool-670-thread-1] INFO  server.RaftServerConfigKeys (ConfUtils.java:logGet(44)) - raft.server.log.appender.buffer.byte-limit = 33554432 (custom)
2022-01-10 01:39:04,220 [pool-670-thread-1] INFO  server.RaftServerConfigKeys (ConfUtils.java:logGet(44)) - raft.server.log.segment.size.max = 1048576 (custom)
2022-01-10 01:39:04,221 [pool-670-thread-1] INFO  server.RaftServerConfigKeys (ConfUtils.java:logGet(44)) - raft.server.log.segment.cache.num.max = 2 (custom)
2022-01-10 01:39:04,221 [pool-670-thread-1] INFO  server.RaftServerConfigKeys (ConfUtils.java:logGet(44)) - raft.server.log.segment.cache.size.max = 200MB (=209715200) (default)
2022-01-10 01:39:04,221 [pool-670-thread-1] INFO  segmented.SegmentedRaftLogWorker (SegmentedRaftLogWorker.java:<init>(182)) - new ac31b8ac-4c39-436f-94f4-016e041cabcc@group-BDBAEEF4F8C6-SegmentedRaftLogWorker for RaftStorageImpl:Storage Directory /home/runner/work/ozone/ozone/hadoop-ozone/integration-test/target/test-dir/MiniOzoneClusterImpl-a1c2d8ca-8f9e-4610-b695-5e529456a49a/datanode-2/data/ratis/6b4819ba-c5e8-430e-9b4b-bdbaeef4f8c6
2022-01-10 01:39:04,221 [pool-670-thread-1] INFO  server.RaftServerConfigKeys (ConfUtils.java:logGet(44)) - raft.server.log.queue.byte-limit = 2147483647 (custom)
2022-01-10 01:39:04,221 [pool-670-thread-1] INFO  server.RaftServerConfigKeys (ConfUtils.java:logGet(44)) - raft.server.log.queue.element-limit = 1024 (custom)
2022-01-10 01:39:04,221 [pool-670-thread-1] INFO  server.RaftServerConfigKeys (ConfUtils.java:logGet(44)) - raft.server.log.segment.size.max = 1048576 (custom)
2022-01-10 01:39:04,221 [pool-670-thread-1] INFO  server.RaftServerConfigKeys (ConfUtils.java:logGet(44)) - raft.server.log.preallocated.size = 16384 (custom)
2022-01-10 01:39:04,221 [pool-670-thread-1] INFO  server.RaftServerConfigKeys (ConfUtils.java:logGet(44)) - raft.server.log.force.sync.num = 128 (default)
2022-01-10 01:39:04,221 [pool-670-thread-1] INFO  server.RaftServerConfigKeys (ConfUtils.java:logGet(44)) - raft.server.log.statemachine.data.sync = true (default)
2022-01-10 01:39:04,221 [pool-670-thread-1] INFO  server.RaftServerConfigKeys (ConfUtils.java:logGet(44)) - raft.server.log.statemachine.data.sync.timeout = 10s (default)
2022-01-10 01:39:04,221 [pool-670-thread-1] INFO  server.RaftServerConfigKeys (ConfUtils.java:logGet(44)) - raft.server.log.statemachine.data.sync.timeout.retry = -1 (default)
2022-01-10 01:39:04,222 [EventQueue-OpenPipelineForHealthyPipelineSafeModeRule] INFO  safemode.SCMSafeModeManager (HealthyPipelineSafeModeRule.java:process(124)) - SCM in safe mode. Healthy pipelines reported count is 0, required healthy pipeline reported count is 1
2022-01-10 01:39:04,223 [pool-670-thread-1] INFO  server.RaftServerConfigKeys (ConfUtils.java:logGet(44)) - raft.server.log.write.buffer.size = 1048576 (custom)
2022-01-10 01:39:04,224 [pool-670-thread-1] INFO  server.RaftServerConfigKeys (ConfUtils.java:logGet(44)) - raft.server.log.statemachine.data.caching.enabled = true (custom)
2022-01-10 01:39:04,236 [pool-670-thread-1] INFO  segmented.SegmentedRaftLogWorker (SegmentedRaftLogWorker.java:lambda$new$0(133)) - ac31b8ac-4c39-436f-94f4-016e041cabcc@group-BDBAEEF4F8C6-SegmentedRaftLogWorker: flushIndex: setUnconditionally 0 -> -1
2022-01-10 01:39:04,236 [pool-670-thread-1] INFO  segmented.SegmentedRaftLogWorker (SegmentedRaftLogWorker.java:lambda$new$0(133)) - ac31b8ac-4c39-436f-94f4-016e041cabcc@group-BDBAEEF4F8C6-SegmentedRaftLogWorker: safeCacheEvictIndex: setUnconditionally 0 -> -1
2022-01-10 01:39:04,248 [pool-670-thread-1] INFO  server.RaftServerConfigKeys (ConfUtils.java:logGet(44)) - raft.server.snapshot.auto.trigger.enabled = true (custom)
2022-01-10 01:39:04,248 [pool-670-thread-1] INFO  server.RaftServerConfigKeys (ConfUtils.java:logGet(44)) - raft.server.snapshot.auto.trigger.threshold = 10000 (custom)
2022-01-10 01:39:04,249 [pool-670-thread-1] INFO  server.RaftServerConfigKeys (ConfUtils.java:logGet(44)) - raft.server.snapshot.retention.file.num = 5 (custom)
2022-01-10 01:39:04,249 [pool-670-thread-1] INFO  server.RaftServerConfigKeys (ConfUtils.java:logGet(44)) - raft.server.log.purge.upto.snapshot.index = false (default)
2022-01-10 01:39:04,249 [pool-670-thread-1] INFO  server.RaftServerConfigKeys (ConfUtils.java:logGet(44)) - raft.server.retrycache.expirytime = 600000ms (custom)
2022-01-10 01:39:04,249 [pool-670-thread-1] INFO  server.RaftServerConfigKeys (ConfUtils.java:logGet(44)) - raft.server.retrycache.statistics.expirytime = 100μs (default)
2022-01-10 01:39:04,250 [pool-670-thread-1] INFO  server.RaftServer$Division (RaftServerImpl.java:start(301)) - ac31b8ac-4c39-436f-94f4-016e041cabcc@group-8F2CC2144BA8: start as a follower, conf=-1: [96dc4cc0-d1b0-46a1-bf9f-f371de40ab31|rpc:10.1.0.8:33365|dataStream:|priority:1, d4d4c30f-0c00-4009-b3f8-9054c310d47a|rpc:10.1.0.8:33041|dataStream:|priority:0, ac31b8ac-4c39-436f-94f4-016e041cabcc|rpc:10.1.0.8:41807|dataStream:|priority:0], old=null
2022-01-10 01:39:04,250 [pool-670-thread-1] INFO  server.RaftServer$Division (RaftServerImpl.java:setRole(290)) - ac31b8ac-4c39-436f-94f4-016e041cabcc@group-8F2CC2144BA8: changes role from      null to FOLLOWER at term 0 for startAsFollower
2022-01-10 01:39:04,250 [pool-670-thread-1] INFO  impl.RoleInfo (RoleInfo.java:updateAndGet(130)) - ac31b8ac-4c39-436f-94f4-016e041cabcc: start ac31b8ac-4c39-436f-94f4-016e041cabcc@group-8F2CC2144BA8-FollowerState
2022-01-10 01:39:04,252 [pool-670-thread-1] INFO  util.JmxRegister (JmxRegister.java:tryRegister(44)) - Successfully registered JMX Bean with object name Ratis:service=RaftServer,group=group-8F2CC2144BA8,id=ac31b8ac-4c39-436f-94f4-016e041cabcc
2022-01-10 01:39:04,253 [pool-670-thread-1] INFO  server.RaftServer$Division (RaftServerImpl.java:start(301)) - ac31b8ac-4c39-436f-94f4-016e041cabcc@group-BDBAEEF4F8C6: start as a follower, conf=-1: [ac31b8ac-4c39-436f-94f4-016e041cabcc|rpc:10.1.0.8:41807|priority:1], old=null
2022-01-10 01:39:04,253 [pool-670-thread-1] INFO  server.RaftServer$Division (RaftServerImpl.java:setRole(290)) - ac31b8ac-4c39-436f-94f4-016e041cabcc@group-BDBAEEF4F8C6: changes role from      null to FOLLOWER at term 0 for startAsFollower
2022-01-10 01:39:04,253 [pool-670-thread-1] INFO  impl.RoleInfo (RoleInfo.java:updateAndGet(130)) - ac31b8ac-4c39-436f-94f4-016e041cabcc: start ac31b8ac-4c39-436f-94f4-016e041cabcc@group-BDBAEEF4F8C6-FollowerState
2022-01-10 01:39:04,258 [pool-670-thread-1] INFO  util.JmxRegister (JmxRegister.java:tryRegister(44)) - Successfully registered JMX Bean with object name Ratis:service=RaftServer,group=group-BDBAEEF4F8C6,id=ac31b8ac-4c39-436f-94f4-016e041cabcc
2022-01-10 01:39:04,263 [Command processor thread] INFO  ratis.XceiverServerRatis (XceiverServerRatis.java:addGroup(768)) - Created group PipelineID=6b4819ba-c5e8-430e-9b4b-bdbaeef4f8c6
2022-01-10 01:39:04,263 [Command processor thread] INFO  commandhandler.CreatePipelineCommandHandler (CreatePipelineCommandHandler.java:handle(106)) - Created Pipeline RATIS ONE PipelineID=6b4819ba-c5e8-430e-9b4b-bdbaeef4f8c6.
2022-01-10 01:39:04,414 [Command processor thread] INFO  commandhandler.CreatePipelineCommandHandler (CreatePipelineCommandHandler.java:handle(106)) - Created Pipeline RATIS THREE PipelineID=5ac27b1d-e291-4127-8517-8f2cc2144ba8.
2022-01-10 01:39:04,468 [Command processor thread] INFO  commandhandler.CreatePipelineCommandHandler (CreatePipelineCommandHandler.java:handle(106)) - Created Pipeline RATIS THREE PipelineID=5ac27b1d-e291-4127-8517-8f2cc2144ba8.
2022-01-10 01:39:05,131 [Listener at 127.0.0.1/39021] INFO  ozone.MiniOzoneClusterImpl (MiniOzoneClusterImpl.java:lambda$waitForClusterToBeReady$0(235)) - Nodes are ready. Got 3 of 3 DN Heartbeats.
2022-01-10 01:39:05,131 [Listener at 127.0.0.1/39021] INFO  ozone.MiniOzoneClusterImpl (MiniOzoneClusterImpl.java:lambda$waitForClusterToBeReady$0(238)) - Waiting for cluster to exit safe mode
2022-01-10 01:39:05,131 [Listener at 127.0.0.1/39021] INFO  ozone.MiniOzoneClusterImpl (MiniOzoneClusterImpl.java:lambda$waitForClusterToBeReady$0(240)) - SCM became leader
2022-01-10 01:39:06,131 [Listener at 127.0.0.1/39021] INFO  ozone.MiniOzoneClusterImpl (MiniOzoneClusterImpl.java:lambda$waitForClusterToBeReady$0(235)) - Nodes are ready. Got 3 of 3 DN Heartbeats.
2022-01-10 01:39:06,131 [Listener at 127.0.0.1/39021] INFO  ozone.MiniOzoneClusterImpl (MiniOzoneClusterImpl.java:lambda$waitForClusterToBeReady$0(238)) - Waiting for cluster to exit safe mode
2022-01-10 01:39:06,131 [Listener at 127.0.0.1/39021] INFO  ozone.MiniOzoneClusterImpl (MiniOzoneClusterImpl.java:lambda$waitForClusterToBeReady$0(240)) - SCM became leader
2022-01-10 01:39:07,132 [Listener at 127.0.0.1/39021] INFO  ozone.MiniOzoneClusterImpl (MiniOzoneClusterImpl.java:lambda$waitForClusterToBeReady$0(235)) - Nodes are ready. Got 3 of 3 DN Heartbeats.
2022-01-10 01:39:07,133 [Listener at 127.0.0.1/39021] INFO  ozone.MiniOzoneClusterImpl (MiniOzoneClusterImpl.java:lambda$waitForClusterToBeReady$0(238)) - Waiting for cluster to exit safe mode
2022-01-10 01:39:07,133 [Listener at 127.0.0.1/39021] INFO  ozone.MiniOzoneClusterImpl (MiniOzoneClusterImpl.java:lambda$waitForClusterToBeReady$0(240)) - SCM became leader
2022-01-10 01:39:08,133 [Listener at 127.0.0.1/39021] INFO  ozone.MiniOzoneClusterImpl (MiniOzoneClusterImpl.java:lambda$waitForClusterToBeReady$0(235)) - Nodes are ready. Got 3 of 3 DN Heartbeats.
2022-01-10 01:39:08,133 [Listener at 127.0.0.1/39021] INFO  ozone.MiniOzoneClusterImpl (MiniOzoneClusterImpl.java:lambda$waitForClusterToBeReady$0(238)) - Waiting for cluster to exit safe mode
2022-01-10 01:39:08,133 [Listener at 127.0.0.1/39021] INFO  ozone.MiniOzoneClusterImpl (MiniOzoneClusterImpl.java:lambda$waitForClusterToBeReady$0(240)) - SCM became leader
2022-01-10 01:39:08,707 [96dc4cc0-d1b0-46a1-bf9f-f371de40ab31@group-E3C67561F3A9-FollowerState] INFO  impl.FollowerState (FollowerState.java:run(134)) - 96dc4cc0-d1b0-46a1-bf9f-f371de40ab31@group-E3C67561F3A9-FollowerState: change to CANDIDATE, lastRpcElapsedTime:5087439944ns, electionTimeout:5061ms
2022-01-10 01:39:08,707 [96dc4cc0-d1b0-46a1-bf9f-f371de40ab31@group-E3C67561F3A9-FollowerState] INFO  impl.RoleInfo (RoleInfo.java:shutdownFollowerState(108)) - 96dc4cc0-d1b0-46a1-bf9f-f371de40ab31: shutdown 96dc4cc0-d1b0-46a1-bf9f-f371de40ab31@group-E3C67561F3A9-FollowerState
2022-01-10 01:39:08,707 [96dc4cc0-d1b0-46a1-bf9f-f371de40ab31@group-E3C67561F3A9-FollowerState] INFO  server.RaftServer$Division (RaftServerImpl.java:setRole(290)) - 96dc4cc0-d1b0-46a1-bf9f-f371de40ab31@group-E3C67561F3A9: changes role from  FOLLOWER to CANDIDATE at term 0 for changeToCandidate
2022-01-10 01:39:08,707 [96dc4cc0-d1b0-46a1-bf9f-f371de40ab31@group-E3C67561F3A9-FollowerState] INFO  server.RaftServerConfigKeys (ConfUtils.java:logGet(44)) - raft.server.leaderelection.pre-vote = false (custom)
2022-01-10 01:39:08,707 [96dc4cc0-d1b0-46a1-bf9f-f371de40ab31@group-E3C67561F3A9-FollowerState] INFO  impl.RoleInfo (RoleInfo.java:updateAndGet(130)) - 96dc4cc0-d1b0-46a1-bf9f-f371de40ab31: start 96dc4cc0-d1b0-46a1-bf9f-f371de40ab31@group-E3C67561F3A9-LeaderElection62
2022-01-10 01:39:08,764 [96dc4cc0-d1b0-46a1-bf9f-f371de40ab31@group-E3C67561F3A9-LeaderElection62] INFO  impl.LeaderElection (LeaderElection.java:askForVotes(306)) - 96dc4cc0-d1b0-46a1-bf9f-f371de40ab31@group-E3C67561F3A9-LeaderElection62 ELECTION round 0: submit vote requests at term 1 for -1: [96dc4cc0-d1b0-46a1-bf9f-f371de40ab31|rpc:10.1.0.8:33365|priority:1], old=null
2022-01-10 01:39:08,764 [96dc4cc0-d1b0-46a1-bf9f-f371de40ab31@group-E3C67561F3A9-LeaderElection62] INFO  impl.LeaderElection (LeaderElection.java:askForVotes(308)) - 96dc4cc0-d1b0-46a1-bf9f-f371de40ab31@group-E3C67561F3A9-LeaderElection62 ELECTION round 0: result PASSED (term=1)
2022-01-10 01:39:08,764 [96dc4cc0-d1b0-46a1-bf9f-f371de40ab31@group-E3C67561F3A9-LeaderElection62] INFO  impl.RoleInfo (RoleInfo.java:shutdownLeaderElection(121)) - 96dc4cc0-d1b0-46a1-bf9f-f371de40ab31: shutdown 96dc4cc0-d1b0-46a1-bf9f-f371de40ab31@group-E3C67561F3A9-LeaderElection62
2022-01-10 01:39:08,764 [96dc4cc0-d1b0-46a1-bf9f-f371de40ab31@group-E3C67561F3A9-LeaderElection62] INFO  server.RaftServer$Division (RaftServerImpl.java:setRole(290)) - 96dc4cc0-d1b0-46a1-bf9f-f371de40ab31@group-E3C67561F3A9: changes role from CANDIDATE to LEADER at term 1 for changeToLeader
2022-01-10 01:39:08,764 [96dc4cc0-d1b0-46a1-bf9f-f371de40ab31@group-E3C67561F3A9-LeaderElection62] INFO  ratis.XceiverServerRatis (XceiverServerRatis.java:handleLeaderChangedNotification(866)) - Leader change notification received for group: group-E3C67561F3A9 with new leaderId: 96dc4cc0-d1b0-46a1-bf9f-f371de40ab31
2022-01-10 01:39:08,764 [96dc4cc0-d1b0-46a1-bf9f-f371de40ab31@group-E3C67561F3A9-LeaderElection62] INFO  server.RaftServer$Division (ServerState.java:setLeader(285)) - 96dc4cc0-d1b0-46a1-bf9f-f371de40ab31@group-E3C67561F3A9: change Leader from null to 96dc4cc0-d1b0-46a1-bf9f-f371de40ab31 at term 1 for becomeLeader, leader elected after 5158ms
2022-01-10 01:39:08,764 [96dc4cc0-d1b0-46a1-bf9f-f371de40ab31@group-E3C67561F3A9-LeaderElection62] INFO  server.RaftServerConfigKeys (ConfUtils.java:logGet(44)) - raft.server.staging.catchup.gap = 1000 (default)
2022-01-10 01:39:08,764 [96dc4cc0-d1b0-46a1-bf9f-f371de40ab31@group-E3C67561F3A9-LeaderElection62] INFO  server.RaftServerConfigKeys (ConfUtils.java:logGet(44)) - raft.server.write.element-limit = 1024 (custom)
2022-01-10 01:39:08,764 [96dc4cc0-d1b0-46a1-bf9f-f371de40ab31@group-E3C67561F3A9-LeaderElection62] INFO  server.RaftServerConfigKeys (ConfUtils.java:logGet(44)) - raft.server.write.byte-limit = 1024 M (=1073741824) (custom)
2022-01-10 01:39:08,765 [96dc4cc0-d1b0-46a1-bf9f-f371de40ab31@group-E3C67561F3A9-LeaderElection62] INFO  server.RaftServerConfigKeys (ConfUtils.java:logGet(44)) - raft.server.watch.timeout = 180s (custom)
2022-01-10 01:39:08,765 [96dc4cc0-d1b0-46a1-bf9f-f371de40ab31@group-E3C67561F3A9-LeaderElection62] INFO  server.RaftServerConfigKeys (ConfUtils.java:logGet(44)) - raft.server.watch.timeout.denomination = 1s (default)
2022-01-10 01:39:08,765 [96dc4cc0-d1b0-46a1-bf9f-f371de40ab31@group-E3C67561F3A9-LeaderElection62] INFO  server.RaftServerConfigKeys (ConfUtils.java:logGet(44)) - raft.server.watch.element-limit = 65536 (default)
2022-01-10 01:39:08,765 [96dc4cc0-d1b0-46a1-bf9f-f371de40ab31@group-E3C67561F3A9-LeaderElection62] INFO  server.RaftServerConfigKeys (ConfUtils.java:logGet(44)) - raft.server.write.element-limit = 1024 (custom)
2022-01-10 01:39:08,765 [96dc4cc0-d1b0-46a1-bf9f-f371de40ab31@group-E3C67561F3A9-LeaderElection62] INFO  server.RaftServerConfigKeys (ConfUtils.java:logGet(44)) - raft.server.write.follower.gap.ratio.max = -1.0 (default)
2022-01-10 01:39:08,765 [96dc4cc0-d1b0-46a1-bf9f-f371de40ab31@group-E3C67561F3A9-LeaderElection62] INFO  impl.RoleInfo (RoleInfo.java:updateAndGet(130)) - 96dc4cc0-d1b0-46a1-bf9f-f371de40ab31: start 96dc4cc0-d1b0-46a1-bf9f-f371de40ab31@group-E3C67561F3A9-LeaderStateImpl
2022-01-10 01:39:08,766 [EventQueue-OpenPipelineForHealthyPipelineSafeModeRule] INFO  safemode.SCMSafeModeManager (HealthyPipelineSafeModeRule.java:process(124)) - SCM in safe mode. Healthy pipelines reported count is 0, required healthy pipeline reported count is 1
2022-01-10 01:39:08,770 [96dc4cc0-d1b0-46a1-bf9f-f371de40ab31@group-E3C67561F3A9-LeaderElection62] INFO  segmented.SegmentedRaftLogWorker (SegmentedRaftLogWorker.java:startLogSegment(394)) - 96dc4cc0-d1b0-46a1-bf9f-f371de40ab31@group-E3C67561F3A9-SegmentedRaftLogWorker: Starting segment from index:0
2022-01-10 01:39:08,772 [96dc4cc0-d1b0-46a1-bf9f-f371de40ab31@group-E3C67561F3A9-SegmentedRaftLogWorker] INFO  segmented.SegmentedRaftLogWorker (SegmentedRaftLogWorker.java:execute(601)) - 96dc4cc0-d1b0-46a1-bf9f-f371de40ab31@group-E3C67561F3A9-SegmentedRaftLogWorker: created new log segment /home/runner/work/ozone/ozone/hadoop-ozone/integration-test/target/test-dir/MiniOzoneClusterImpl-a1c2d8ca-8f9e-4610-b695-5e529456a49a/datanode-0/data/ratis/5fa808c6-14a5-4db1-be36-e3c67561f3a9/current/log_inprogress_0
2022-01-10 01:39:08,789 [96dc4cc0-d1b0-46a1-bf9f-f371de40ab31@group-E3C67561F3A9-LeaderElection62] INFO  server.RaftServer$Division (ServerState.java:setRaftConf(387)) - 96dc4cc0-d1b0-46a1-bf9f-f371de40ab31@group-E3C67561F3A9: set configuration 0: [96dc4cc0-d1b0-46a1-bf9f-f371de40ab31|rpc:10.1.0.8:33365|dataStream:|priority:1], old=null
2022-01-10 01:39:08,796 [96dc4cc0-d1b0-46a1-bf9f-f371de40ab31@group-37B3C5D67002-FollowerState] INFO  impl.FollowerState (FollowerState.java:run(134)) - 96dc4cc0-d1b0-46a1-bf9f-f371de40ab31@group-37B3C5D67002-FollowerState: change to CANDIDATE, lastRpcElapsedTime:5116718636ns, electionTimeout:5070ms
2022-01-10 01:39:08,796 [96dc4cc0-d1b0-46a1-bf9f-f371de40ab31@group-37B3C5D67002-FollowerState] INFO  impl.RoleInfo (RoleInfo.java:shutdownFollowerState(108)) - 96dc4cc0-d1b0-46a1-bf9f-f371de40ab31: shutdown 96dc4cc0-d1b0-46a1-bf9f-f371de40ab31@group-37B3C5D67002-FollowerState
2022-01-10 01:39:08,796 [96dc4cc0-d1b0-46a1-bf9f-f371de40ab31@group-37B3C5D67002-FollowerState] INFO  server.RaftServer$Division (RaftServerImpl.java:setRole(290)) - 96dc4cc0-d1b0-46a1-bf9f-f371de40ab31@group-37B3C5D67002: changes role from  FOLLOWER to CANDIDATE at term 0 for changeToCandidate
2022-01-10 01:39:08,796 [96dc4cc0-d1b0-46a1-bf9f-f371de40ab31@group-37B3C5D67002-FollowerState] INFO  server.RaftServerConfigKeys (ConfUtils.java:logGet(44)) - raft.server.leaderelection.pre-vote = false (custom)
2022-01-10 01:39:08,796 [96dc4cc0-d1b0-46a1-bf9f-f371de40ab31@group-37B3C5D67002-FollowerState] INFO  impl.RoleInfo (RoleInfo.java:updateAndGet(130)) - 96dc4cc0-d1b0-46a1-bf9f-f371de40ab31: start 96dc4cc0-d1b0-46a1-bf9f-f371de40ab31@group-37B3C5D67002-LeaderElection63
2022-01-10 01:39:08,823 [96dc4cc0-d1b0-46a1-bf9f-f371de40ab31@group-37B3C5D67002-LeaderElection63] INFO  impl.LeaderElection (LeaderElection.java:askForVotes(306)) - 96dc4cc0-d1b0-46a1-bf9f-f371de40ab31@group-37B3C5D67002-LeaderElection63 ELECTION round 0: submit vote requests at term 1 for -1: [96dc4cc0-d1b0-46a1-bf9f-f371de40ab31|rpc:10.1.0.8:33365|priority:0, d4d4c30f-0c00-4009-b3f8-9054c310d47a|rpc:10.1.0.8:33041|priority:0, ac31b8ac-4c39-436f-94f4-016e041cabcc|rpc:10.1.0.8:41807|priority:1], old=null
2022-01-10 01:39:08,842 [grpc-default-executor-0] INFO  server.RaftServer$Division (RaftServerImpl.java:requestVote(1046)) - ac31b8ac-4c39-436f-94f4-016e041cabcc@group-37B3C5D67002: receive requestVote(ELECTION, 96dc4cc0-d1b0-46a1-bf9f-f371de40ab31, group-37B3C5D67002, 1, (t:0, i:0))
2022-01-10 01:39:08,842 [grpc-default-executor-0] INFO  impl.VoteContext (VoteContext.java:log(48)) - ac31b8ac-4c39-436f-94f4-016e041cabcc@group-37B3C5D67002-FOLLOWER: reject ELECTION from 96dc4cc0-d1b0-46a1-bf9f-f371de40ab31: our priority 1 > candidate's priority 0
2022-01-10 01:39:08,842 [grpc-default-executor-0] INFO  server.RaftServer$Division (RaftServerImpl.java:setRole(290)) - ac31b8ac-4c39-436f-94f4-016e041cabcc@group-37B3C5D67002: changes role from  FOLLOWER to FOLLOWER at term 1 for candidate:96dc4cc0-d1b0-46a1-bf9f-f371de40ab31
2022-01-10 01:39:08,842 [grpc-default-executor-0] INFO  impl.RoleInfo (RoleInfo.java:shutdownFollowerState(108)) - ac31b8ac-4c39-436f-94f4-016e041cabcc: shutdown ac31b8ac-4c39-436f-94f4-016e041cabcc@group-37B3C5D67002-FollowerState
2022-01-10 01:39:08,842 [grpc-default-executor-0] INFO  impl.RoleInfo (RoleInfo.java:updateAndGet(130)) - ac31b8ac-4c39-436f-94f4-016e041cabcc: start ac31b8ac-4c39-436f-94f4-016e041cabcc@group-37B3C5D67002-FollowerState
2022-01-10 01:39:08,842 [ac31b8ac-4c39-436f-94f4-016e041cabcc@group-37B3C5D67002-FollowerState] INFO  impl.FollowerState (FollowerState.java:run(143)) - ac31b8ac-4c39-436f-94f4-016e041cabcc@group-37B3C5D67002-FollowerState was interrupted: {}
java.lang.InterruptedException: sleep interrupted
	at java.lang.Thread.sleep(Native Method)
	at java.lang.Thread.sleep(Thread.java:340)
	at java.util.concurrent.TimeUnit.sleep(TimeUnit.java:386)
	at org.apache.ratis.util.TimeDuration.sleep(TimeDuration.java:324)
	at org.apache.ratis.util.TimeDuration.sleep(TimeDuration.java:309)
	at org.apache.ratis.server.impl.FollowerState.run(FollowerState.java:118)
2022-01-10 01:39:08,848 [grpc-default-executor-1] INFO  server.RaftServer$Division (RaftServerImpl.java:requestVote(1046)) - d4d4c30f-0c00-4009-b3f8-9054c310d47a@group-37B3C5D67002: receive requestVote(ELECTION, 96dc4cc0-d1b0-46a1-bf9f-f371de40ab31, group-37B3C5D67002, 1, (t:0, i:0))
2022-01-10 01:39:08,849 [grpc-default-executor-1] INFO  impl.VoteContext (VoteContext.java:log(48)) - d4d4c30f-0c00-4009-b3f8-9054c310d47a@group-37B3C5D67002-FOLLOWER: accept ELECTION from 96dc4cc0-d1b0-46a1-bf9f-f371de40ab31: our priority 0 <= candidate's priority 0
2022-01-10 01:39:08,849 [grpc-default-executor-1] INFO  server.RaftServer$Division (RaftServerImpl.java:setRole(290)) - d4d4c30f-0c00-4009-b3f8-9054c310d47a@group-37B3C5D67002: changes role from  FOLLOWER to FOLLOWER at term 1 for candidate:96dc4cc0-d1b0-46a1-bf9f-f371de40ab31
2022-01-10 01:39:08,849 [grpc-default-executor-1] INFO  impl.RoleInfo (RoleInfo.java:shutdownFollowerState(108)) - d4d4c30f-0c00-4009-b3f8-9054c310d47a: shutdown d4d4c30f-0c00-4009-b3f8-9054c310d47a@group-37B3C5D67002-FollowerState
2022-01-10 01:39:08,859 [grpc-default-executor-1] INFO  impl.RoleInfo (RoleInfo.java:updateAndGet(130)) - d4d4c30f-0c00-4009-b3f8-9054c310d47a: start d4d4c30f-0c00-4009-b3f8-9054c310d47a@group-37B3C5D67002-FollowerState
2022-01-10 01:39:08,860 [d4d4c30f-0c00-4009-b3f8-9054c310d47a@group-37B3C5D67002-FollowerState] INFO  impl.FollowerState (FollowerState.java:run(143)) - d4d4c30f-0c00-4009-b3f8-9054c310d47a@group-37B3C5D67002-FollowerState was interrupted: {}
java.lang.InterruptedException: sleep interrupted
	at java.lang.Thread.sleep(Native Method)
	at java.lang.Thread.sleep(Thread.java:340)
	at java.util.concurrent.TimeUnit.sleep(TimeUnit.java:386)
	at org.apache.ratis.util.TimeDuration.sleep(TimeDuration.java:324)
	at org.apache.ratis.util.TimeDuration.sleep(TimeDuration.java:309)
	at org.apache.ratis.server.impl.FollowerState.run(FollowerState.java:118)
2022-01-10 01:39:08,860 [grpc-default-executor-0] INFO  server.RaftServer$Division (RaftServerImpl.java:requestVote(1078)) - ac31b8ac-4c39-436f-94f4-016e041cabcc@group-37B3C5D67002 replies to ELECTION vote request: 96dc4cc0-d1b0-46a1-bf9f-f371de40ab31<-ac31b8ac-4c39-436f-94f4-016e041cabcc#0:FAIL-t1. Peer's state: ac31b8ac-4c39-436f-94f4-016e041cabcc@group-37B3C5D67002:t1, leader=null, voted=null, raftlog=ac31b8ac-4c39-436f-94f4-016e041cabcc@group-37B3C5D67002-SegmentedRaftLog:OPENED:c-1, conf=-1: [96dc4cc0-d1b0-46a1-bf9f-f371de40ab31|rpc:10.1.0.8:33365|dataStream:|priority:0, d4d4c30f-0c00-4009-b3f8-9054c310d47a|rpc:10.1.0.8:33041|dataStream:|priority:0, ac31b8ac-4c39-436f-94f4-016e041cabcc|rpc:10.1.0.8:41807|dataStream:|priority:1], old=null
2022-01-10 01:39:08,863 [grpc-default-executor-1] INFO  server.RaftServer$Division (RaftServerImpl.java:requestVote(1078)) - d4d4c30f-0c00-4009-b3f8-9054c310d47a@group-37B3C5D67002 replies to ELECTION vote request: 96dc4cc0-d1b0-46a1-bf9f-f371de40ab31<-d4d4c30f-0c00-4009-b3f8-9054c310d47a#0:OK-t1. Peer's state: d4d4c30f-0c00-4009-b3f8-9054c310d47a@group-37B3C5D67002:t1, leader=null, voted=96dc4cc0-d1b0-46a1-bf9f-f371de40ab31, raftlog=d4d4c30f-0c00-4009-b3f8-9054c310d47a@group-37B3C5D67002-SegmentedRaftLog:OPENED:c-1, conf=-1: [96dc4cc0-d1b0-46a1-bf9f-f371de40ab31|rpc:10.1.0.8:33365|dataStream:|priority:0, d4d4c30f-0c00-4009-b3f8-9054c310d47a|rpc:10.1.0.8:33041|dataStream:|priority:0, ac31b8ac-4c39-436f-94f4-016e041cabcc|rpc:10.1.0.8:41807|dataStream:|priority:1], old=null
2022-01-10 01:39:08,888 [96dc4cc0-d1b0-46a1-bf9f-f371de40ab31@group-37B3C5D67002-LeaderElection63] INFO  impl.LeaderElection (LeaderElection.java:logAndReturn(89)) - 96dc4cc0-d1b0-46a1-bf9f-f371de40ab31@group-37B3C5D67002-LeaderElection63: ELECTION REJECTED received 1 response(s) and 0 exception(s):
2022-01-10 01:39:08,889 [96dc4cc0-d1b0-46a1-bf9f-f371de40ab31@group-37B3C5D67002-LeaderElection63] INFO  impl.LeaderElection (LeaderElection.java:logAndReturn(93)) -   Response 0: 96dc4cc0-d1b0-46a1-bf9f-f371de40ab31<-ac31b8ac-4c39-436f-94f4-016e041cabcc#0:FAIL-t1
2022-01-10 01:39:08,889 [96dc4cc0-d1b0-46a1-bf9f-f371de40ab31@group-37B3C5D67002-LeaderElection63] INFO  impl.LeaderElection (LeaderElection.java:askForVotes(308)) - 96dc4cc0-d1b0-46a1-bf9f-f371de40ab31@group-37B3C5D67002-LeaderElection63 ELECTION round 0: result REJECTED
2022-01-10 01:39:08,889 [96dc4cc0-d1b0-46a1-bf9f-f371de40ab31@group-37B3C5D67002-LeaderElection63] INFO  server.RaftServer$Division (RaftServerImpl.java:setRole(290)) - 96dc4cc0-d1b0-46a1-bf9f-f371de40ab31@group-37B3C5D67002: changes role from CANDIDATE to FOLLOWER at term 1 for REJECTED
2022-01-10 01:39:08,889 [96dc4cc0-d1b0-46a1-bf9f-f371de40ab31@group-37B3C5D67002-LeaderElection63] INFO  impl.RoleInfo (RoleInfo.java:shutdownLeaderElection(121)) - 96dc4cc0-d1b0-46a1-bf9f-f371de40ab31: shutdown 96dc4cc0-d1b0-46a1-bf9f-f371de40ab31@group-37B3C5D67002-LeaderElection63
2022-01-10 01:39:08,889 [96dc4cc0-d1b0-46a1-bf9f-f371de40ab31@group-37B3C5D67002-LeaderElection63] INFO  impl.RoleInfo (RoleInfo.java:updateAndGet(130)) - 96dc4cc0-d1b0-46a1-bf9f-f371de40ab31: start 96dc4cc0-d1b0-46a1-bf9f-f371de40ab31@group-37B3C5D67002-FollowerState
2022-01-10 01:39:09,133 [Listener at 127.0.0.1/39021] INFO  ozone.MiniOzoneClusterImpl (MiniOzoneClusterImpl.java:lambda$waitForClusterToBeReady$0(235)) - Nodes are ready. Got 3 of 3 DN Heartbeats.
2022-01-10 01:39:09,135 [Listener at 127.0.0.1/39021] INFO  ozone.MiniOzoneClusterImpl (MiniOzoneClusterImpl.java:lambda$waitForClusterToBeReady$0(238)) - Waiting for cluster to exit safe mode
2022-01-10 01:39:09,135 [Listener at 127.0.0.1/39021] INFO  ozone.MiniOzoneClusterImpl (MiniOzoneClusterImpl.java:lambda$waitForClusterToBeReady$0(240)) - SCM became leader
2022-01-10 01:39:09,136 [d4d4c30f-0c00-4009-b3f8-9054c310d47a@group-4419A6018BE0-FollowerState] INFO  impl.FollowerState (FollowerState.java:run(134)) - d4d4c30f-0c00-4009-b3f8-9054c310d47a@group-4419A6018BE0-FollowerState: change to CANDIDATE, lastRpcElapsedTime:5085500119ns, electionTimeout:5065ms
2022-01-10 01:39:09,137 [d4d4c30f-0c00-4009-b3f8-9054c310d47a@group-4419A6018BE0-FollowerState] INFO  impl.RoleInfo (RoleInfo.java:shutdownFollowerState(108)) - d4d4c30f-0c00-4009-b3f8-9054c310d47a: shutdown d4d4c30f-0c00-4009-b3f8-9054c310d47a@group-4419A6018BE0-FollowerState
2022-01-10 01:39:09,137 [d4d4c30f-0c00-4009-b3f8-9054c310d47a@group-4419A6018BE0-FollowerState] INFO  server.RaftServer$Division (RaftServerImpl.java:setRole(290)) - d4d4c30f-0c00-4009-b3f8-9054c310d47a@group-4419A6018BE0: changes role from  FOLLOWER to CANDIDATE at term 0 for changeToCandidate
2022-01-10 01:39:09,137 [d4d4c30f-0c00-4009-b3f8-9054c310d47a@group-4419A6018BE0-FollowerState] INFO  server.RaftServerConfigKeys (ConfUtils.java:logGet(44)) - raft.server.leaderelection.pre-vote = false (custom)
2022-01-10 01:39:09,137 [d4d4c30f-0c00-4009-b3f8-9054c310d47a@group-4419A6018BE0-FollowerState] INFO  impl.RoleInfo (RoleInfo.java:updateAndGet(130)) - d4d4c30f-0c00-4009-b3f8-9054c310d47a: start d4d4c30f-0c00-4009-b3f8-9054c310d47a@group-4419A6018BE0-LeaderElection64
2022-01-10 01:39:09,162 [d4d4c30f-0c00-4009-b3f8-9054c310d47a@group-4419A6018BE0-LeaderElection64] INFO  impl.LeaderElection (LeaderElection.java:askForVotes(306)) - d4d4c30f-0c00-4009-b3f8-9054c310d47a@group-4419A6018BE0-LeaderElection64 ELECTION round 0: submit vote requests at term 1 for -1: [d4d4c30f-0c00-4009-b3f8-9054c310d47a|rpc:10.1.0.8:33041|priority:1], old=null
2022-01-10 01:39:09,162 [d4d4c30f-0c00-4009-b3f8-9054c310d47a@group-4419A6018BE0-LeaderElection64] INFO  impl.LeaderElection (LeaderElection.java:askForVotes(308)) - d4d4c30f-0c00-4009-b3f8-9054c310d47a@group-4419A6018BE0-LeaderElection64 ELECTION round 0: result PASSED (term=1)
2022-01-10 01:39:09,162 [d4d4c30f-0c00-4009-b3f8-9054c310d47a@group-4419A6018BE0-LeaderElection64] INFO  impl.RoleInfo (RoleInfo.java:shutdownLeaderElection(121)) - d4d4c30f-0c00-4009-b3f8-9054c310d47a: shutdown d4d4c30f-0c00-4009-b3f8-9054c310d47a@group-4419A6018BE0-LeaderElection64
2022-01-10 01:39:09,162 [d4d4c30f-0c00-4009-b3f8-9054c310d47a@group-4419A6018BE0-LeaderElection64] INFO  server.RaftServer$Division (RaftServerImpl.java:setRole(290)) - d4d4c30f-0c00-4009-b3f8-9054c310d47a@group-4419A6018BE0: changes role from CANDIDATE to LEADER at term 1 for changeToLeader
2022-01-10 01:39:09,162 [d4d4c30f-0c00-4009-b3f8-9054c310d47a@group-4419A6018BE0-LeaderElection64] INFO  ratis.XceiverServerRatis (XceiverServerRatis.java:handleLeaderChangedNotification(866)) - Leader change notification received for group: group-4419A6018BE0 with new leaderId: d4d4c30f-0c00-4009-b3f8-9054c310d47a
2022-01-10 01:39:09,162 [d4d4c30f-0c00-4009-b3f8-9054c310d47a@group-4419A6018BE0-LeaderElection64] INFO  server.RaftServer$Division (ServerState.java:setLeader(285)) - d4d4c30f-0c00-4009-b3f8-9054c310d47a@group-4419A6018BE0: change Leader from null to d4d4c30f-0c00-4009-b3f8-9054c310d47a at term 1 for becomeLeader, leader elected after 5172ms
2022-01-10 01:39:09,162 [d4d4c30f-0c00-4009-b3f8-9054c310d47a@group-4419A6018BE0-LeaderElection64] INFO  server.RaftServerConfigKeys (ConfUtils.java:logGet(44)) - raft.server.staging.catchup.gap = 1000 (default)
2022-01-10 01:39:09,163 [d4d4c30f-0c00-4009-b3f8-9054c310d47a@group-4419A6018BE0-LeaderElection64] INFO  server.RaftServerConfigKeys (ConfUtils.java:logGet(44)) - raft.server.write.element-limit = 1024 (custom)
2022-01-10 01:39:09,163 [d4d4c30f-0c00-4009-b3f8-9054c310d47a@group-4419A6018BE0-LeaderElection64] INFO  server.RaftServerConfigKeys (ConfUtils.java:logGet(44)) - raft.server.write.byte-limit = 1024 M (=1073741824) (custom)
2022-01-10 01:39:09,163 [d4d4c30f-0c00-4009-b3f8-9054c310d47a@group-4419A6018BE0-LeaderElection64] INFO  server.RaftServerConfigKeys (ConfUtils.java:logGet(44)) - raft.server.watch.timeout = 180s (custom)
2022-01-10 01:39:09,163 [d4d4c30f-0c00-4009-b3f8-9054c310d47a@group-4419A6018BE0-LeaderElection64] INFO  server.RaftServerConfigKeys (ConfUtils.java:logGet(44)) - raft.server.watch.timeout.denomination = 1s (default)
2022-01-10 01:39:09,163 [d4d4c30f-0c00-4009-b3f8-9054c310d47a@group-4419A6018BE0-LeaderElection64] INFO  server.RaftServerConfigKeys (ConfUtils.java:logGet(44)) - raft.server.watch.element-limit = 65536 (default)
2022-01-10 01:39:09,163 [d4d4c30f-0c00-4009-b3f8-9054c310d47a@group-4419A6018BE0-LeaderElection64] INFO  server.RaftServerConfigKeys (ConfUtils.java:logGet(44)) - raft.server.write.element-limit = 1024 (custom)
2022-01-10 01:39:09,163 [d4d4c30f-0c00-4009-b3f8-9054c310d47a@group-4419A6018BE0-LeaderElection64] INFO  server.RaftServerConfigKeys (ConfUtils.java:logGet(44)) - raft.server.write.follower.gap.ratio.max = -1.0 (default)
2022-01-10 01:39:09,163 [d4d4c30f-0c00-4009-b3f8-9054c310d47a@group-4419A6018BE0-LeaderElection64] INFO  impl.RoleInfo (RoleInfo.java:updateAndGet(130)) - d4d4c30f-0c00-4009-b3f8-9054c310d47a: start d4d4c30f-0c00-4009-b3f8-9054c310d47a@group-4419A6018BE0-LeaderStateImpl
2022-01-10 01:39:09,164 [d4d4c30f-0c00-4009-b3f8-9054c310d47a@group-4419A6018BE0-LeaderElection64] INFO  segmented.SegmentedRaftLogWorker (SegmentedRaftLogWorker.java:startLogSegment(394)) - d4d4c30f-0c00-4009-b3f8-9054c310d47a@group-4419A6018BE0-SegmentedRaftLogWorker: Starting segment from index:0
2022-01-10 01:39:09,164 [EventQueue-OpenPipelineForHealthyPipelineSafeModeRule] INFO  safemode.SCMSafeModeManager (HealthyPipelineSafeModeRule.java:process(124)) - SCM in safe mode. Healthy pipelines reported count is 0, required healthy pipeline reported count is 1
2022-01-10 01:39:09,166 [d4d4c30f-0c00-4009-b3f8-9054c310d47a@group-4419A6018BE0-SegmentedRaftLogWorker] INFO  segmented.SegmentedRaftLogWorker (SegmentedRaftLogWorker.java:execute(601)) - d4d4c30f-0c00-4009-b3f8-9054c310d47a@group-4419A6018BE0-SegmentedRaftLogWorker: created new log segment /home/runner/work/ozone/ozone/hadoop-ozone/integration-test/target/test-dir/MiniOzoneClusterImpl-a1c2d8ca-8f9e-4610-b695-5e529456a49a/datanode-1/data/ratis/a3d6ecb5-30c5-44f6-a783-4419a6018be0/current/log_inprogress_0
2022-01-10 01:39:09,171 [d4d4c30f-0c00-4009-b3f8-9054c310d47a@group-8F2CC2144BA8-FollowerState] INFO  impl.FollowerState (FollowerState.java:run(134)) - d4d4c30f-0c00-4009-b3f8-9054c310d47a@group-8F2CC2144BA8-FollowerState: change to CANDIDATE, lastRpcElapsedTime:5063055994ns, electionTimeout:5036ms
2022-01-10 01:39:09,171 [d4d4c30f-0c00-4009-b3f8-9054c310d47a@group-8F2CC2144BA8-FollowerState] INFO  impl.RoleInfo (RoleInfo.java:shutdownFollowerState(108)) - d4d4c30f-0c00-4009-b3f8-9054c310d47a: shutdown d4d4c30f-0c00-4009-b3f8-9054c310d47a@group-8F2CC2144BA8-FollowerState
2022-01-10 01:39:09,171 [d4d4c30f-0c00-4009-b3f8-9054c310d47a@group-8F2CC2144BA8-FollowerState] INFO  server.RaftServer$Division (RaftServerImpl.java:setRole(290)) - d4d4c30f-0c00-4009-b3f8-9054c310d47a@group-8F2CC2144BA8: changes role from  FOLLOWER to CANDIDATE at term 0 for changeToCandidate
2022-01-10 01:39:09,206 [d4d4c30f-0c00-4009-b3f8-9054c310d47a@group-4419A6018BE0-LeaderElection64] INFO  server.RaftServer$Division (ServerState.java:setRaftConf(387)) - d4d4c30f-0c00-4009-b3f8-9054c310d47a@group-4419A6018BE0: set configuration 0: [d4d4c30f-0c00-4009-b3f8-9054c310d47a|rpc:10.1.0.8:33041|dataStream:|priority:1], old=null
2022-01-10 01:39:09,220 [d4d4c30f-0c00-4009-b3f8-9054c310d47a@group-8F2CC2144BA8-FollowerState] INFO  server.RaftServerConfigKeys (ConfUtils.java:logGet(44)) - raft.server.leaderelection.pre-vote = false (custom)
2022-01-10 01:39:09,220 [d4d4c30f-0c00-4009-b3f8-9054c310d47a@group-8F2CC2144BA8-FollowerState] INFO  impl.RoleInfo (RoleInfo.java:updateAndGet(130)) - d4d4c30f-0c00-4009-b3f8-9054c310d47a: start d4d4c30f-0c00-4009-b3f8-9054c310d47a@group-8F2CC2144BA8-LeaderElection65
2022-01-10 01:39:09,250 [d4d4c30f-0c00-4009-b3f8-9054c310d47a@group-8F2CC2144BA8-LeaderElection65] INFO  impl.LeaderElection (LeaderElection.java:askForVotes(306)) - d4d4c30f-0c00-4009-b3f8-9054c310d47a@group-8F2CC2144BA8-LeaderElection65 ELECTION round 0: submit vote requests at term 1 for -1: [96dc4cc0-d1b0-46a1-bf9f-f371de40ab31|rpc:10.1.0.8:33365|priority:1, d4d4c30f-0c00-4009-b3f8-9054c310d47a|rpc:10.1.0.8:33041|priority:0, ac31b8ac-4c39-436f-94f4-016e041cabcc|rpc:10.1.0.8:41807|priority:0], old=null
2022-01-10 01:39:09,269 [ac31b8ac-4c39-436f-94f4-016e041cabcc@group-BDBAEEF4F8C6-FollowerState] INFO  impl.FollowerState (FollowerState.java:run(134)) - ac31b8ac-4c39-436f-94f4-016e041cabcc@group-BDBAEEF4F8C6-FollowerState: change to CANDIDATE, lastRpcElapsedTime:5016335526ns, electionTimeout:5010ms
2022-01-10 01:39:09,269 [ac31b8ac-4c39-436f-94f4-016e041cabcc@group-BDBAEEF4F8C6-FollowerState] INFO  impl.RoleInfo (RoleInfo.java:shutdownFollowerState(108)) - ac31b8ac-4c39-436f-94f4-016e041cabcc: shutdown ac31b8ac-4c39-436f-94f4-016e041cabcc@group-BDBAEEF4F8C6-FollowerState
2022-01-10 01:39:09,269 [ac31b8ac-4c39-436f-94f4-016e041cabcc@group-BDBAEEF4F8C6-FollowerState] INFO  server.RaftServer$Division (RaftServerImpl.java:setRole(290)) - ac31b8ac-4c39-436f-94f4-016e041cabcc@group-BDBAEEF4F8C6: changes role from  FOLLOWER to CANDIDATE at term 0 for changeToCandidate
2022-01-10 01:39:09,269 [ac31b8ac-4c39-436f-94f4-016e041cabcc@group-BDBAEEF4F8C6-FollowerState] INFO  server.RaftServerConfigKeys (ConfUtils.java:logGet(44)) - raft.server.leaderelection.pre-vote = false (custom)
2022-01-10 01:39:09,269 [ac31b8ac-4c39-436f-94f4-016e041cabcc@group-BDBAEEF4F8C6-FollowerState] INFO  impl.RoleInfo (RoleInfo.java:updateAndGet(130)) - ac31b8ac-4c39-436f-94f4-016e041cabcc: start ac31b8ac-4c39-436f-94f4-016e041cabcc@group-BDBAEEF4F8C6-LeaderElection66
2022-01-10 01:39:09,273 [grpc-default-executor-1] INFO  server.RaftServer$Division (RaftServerImpl.java:requestVote(1046)) - 96dc4cc0-d1b0-46a1-bf9f-f371de40ab31@group-8F2CC2144BA8: receive requestVote(ELECTION, d4d4c30f-0c00-4009-b3f8-9054c310d47a, group-8F2CC2144BA8, 1, (t:0, i:0))
2022-01-10 01:39:09,274 [grpc-default-executor-1] INFO  impl.VoteContext (VoteContext.java:log(48)) - 96dc4cc0-d1b0-46a1-bf9f-f371de40ab31@group-8F2CC2144BA8-FOLLOWER: reject ELECTION from d4d4c30f-0c00-4009-b3f8-9054c310d47a: our priority 1 > candidate's priority 0
2022-01-10 01:39:09,274 [grpc-default-executor-1] INFO  server.RaftServer$Division (RaftServerImpl.java:setRole(290)) - 96dc4cc0-d1b0-46a1-bf9f-f371de40ab31@group-8F2CC2144BA8: changes role from  FOLLOWER to FOLLOWER at term 1 for candidate:d4d4c30f-0c00-4009-b3f8-9054c310d47a
2022-01-10 01:39:09,274 [grpc-default-executor-1] INFO  impl.RoleInfo (RoleInfo.java:shutdownFollowerState(108)) - 96dc4cc0-d1b0-46a1-bf9f-f371de40ab31: shutdown 96dc4cc0-d1b0-46a1-bf9f-f371de40ab31@group-8F2CC2144BA8-FollowerState
2022-01-10 01:39:09,274 [grpc-default-executor-1] INFO  impl.RoleInfo (RoleInfo.java:updateAndGet(130)) - 96dc4cc0-d1b0-46a1-bf9f-f371de40ab31: start 96dc4cc0-d1b0-46a1-bf9f-f371de40ab31@group-8F2CC2144BA8-FollowerState
2022-01-10 01:39:09,278 [96dc4cc0-d1b0-46a1-bf9f-f371de40ab31@group-8F2CC2144BA8-FollowerState] INFO  impl.FollowerState (FollowerState.java:run(143)) - 96dc4cc0-d1b0-46a1-bf9f-f371de40ab31@group-8F2CC2144BA8-FollowerState was interrupted: {}
java.lang.InterruptedException: sleep interrupted
	at java.lang.Thread.sleep(Native Method)
	at java.lang.Thread.sleep(Thread.java:340)
	at java.util.concurrent.TimeUnit.sleep(TimeUnit.java:386)
	at org.apache.ratis.util.TimeDuration.sleep(TimeDuration.java:324)
	at org.apache.ratis.util.TimeDuration.sleep(TimeDuration.java:309)
	at org.apache.ratis.server.impl.FollowerState.run(FollowerState.java:118)
2022-01-10 01:39:09,283 [grpc-default-executor-1] INFO  server.RaftServer$Division (RaftServerImpl.java:requestVote(1078)) - 96dc4cc0-d1b0-46a1-bf9f-f371de40ab31@group-8F2CC2144BA8 replies to ELECTION vote request: d4d4c30f-0c00-4009-b3f8-9054c310d47a<-96dc4cc0-d1b0-46a1-bf9f-f371de40ab31#0:FAIL-t1. Peer's state: 96dc4cc0-d1b0-46a1-bf9f-f371de40ab31@group-8F2CC2144BA8:t1, leader=null, voted=null, raftlog=96dc4cc0-d1b0-46a1-bf9f-f371de40ab31@group-8F2CC2144BA8-SegmentedRaftLog:OPENED:c-1, conf=-1: [96dc4cc0-d1b0-46a1-bf9f-f371de40ab31|rpc:10.1.0.8:33365|priority:1, d4d4c30f-0c00-4009-b3f8-9054c310d47a|rpc:10.1.0.8:33041|priority:0, ac31b8ac-4c39-436f-94f4-016e041cabcc|rpc:10.1.0.8:41807|priority:0], old=null
2022-01-10 01:39:09,298 [d4d4c30f-0c00-4009-b3f8-9054c310d47a@group-8F2CC2144BA8-LeaderElection65] INFO  impl.LeaderElection (LeaderElection.java:logAndReturn(89)) - d4d4c30f-0c00-4009-b3f8-9054c310d47a@group-8F2CC2144BA8-LeaderElection65: ELECTION REJECTED received 1 response(s) and 0 exception(s):
2022-01-10 01:39:09,298 [d4d4c30f-0c00-4009-b3f8-9054c310d47a@group-8F2CC2144BA8-LeaderElection65] INFO  impl.LeaderElection (LeaderElection.java:logAndReturn(93)) -   Response 0: d4d4c30f-0c00-4009-b3f8-9054c310d47a<-96dc4cc0-d1b0-46a1-bf9f-f371de40ab31#0:FAIL-t1
2022-01-10 01:39:09,298 [d4d4c30f-0c00-4009-b3f8-9054c310d47a@group-8F2CC2144BA8-LeaderElection65] INFO  impl.LeaderElection (LeaderElection.java:askForVotes(308)) - d4d4c30f-0c00-4009-b3f8-9054c310d47a@group-8F2CC2144BA8-LeaderElection65 ELECTION round 0: result REJECTED
2022-01-10 01:39:09,298 [d4d4c30f-0c00-4009-b3f8-9054c310d47a@group-8F2CC2144BA8-LeaderElection65] INFO  server.RaftServer$Division (RaftServerImpl.java:setRole(290)) - d4d4c30f-0c00-4009-b3f8-9054c310d47a@group-8F2CC2144BA8: changes role from CANDIDATE to FOLLOWER at term 1 for REJECTED
2022-01-10 01:39:09,298 [d4d4c30f-0c00-4009-b3f8-9054c310d47a@group-8F2CC2144BA8-LeaderElection65] INFO  impl.RoleInfo (RoleInfo.java:shutdownLeaderElection(121)) - d4d4c30f-0c00-4009-b3f8-9054c310d47a: shutdown d4d4c30f-0c00-4009-b3f8-9054c310d47a@group-8F2CC2144BA8-LeaderElection65
2022-01-10 01:39:09,298 [d4d4c30f-0c00-4009-b3f8-9054c310d47a@group-8F2CC2144BA8-LeaderElection65] INFO  impl.RoleInfo (RoleInfo.java:updateAndGet(130)) - d4d4c30f-0c00-4009-b3f8-9054c310d47a: start d4d4c30f-0c00-4009-b3f8-9054c310d47a@group-8F2CC2144BA8-FollowerState
2022-01-10 01:39:09,315 [ac31b8ac-4c39-436f-94f4-016e041cabcc@group-BDBAEEF4F8C6-LeaderElection66] INFO  impl.LeaderElection (LeaderElection.java:askForVotes(306)) - ac31b8ac-4c39-436f-94f4-016e041cabcc@group-BDBAEEF4F8C6-LeaderElection66 ELECTION round 0: submit vote requests at term 1 for -1: [ac31b8ac-4c39-436f-94f4-016e041cabcc|rpc:10.1.0.8:41807|priority:1], old=null
2022-01-10 01:39:09,334 [ac31b8ac-4c39-436f-94f4-016e041cabcc@group-BDBAEEF4F8C6-LeaderElection66] INFO  impl.LeaderElection (LeaderElection.java:askForVotes(308)) - ac31b8ac-4c39-436f-94f4-016e041cabcc@group-BDBAEEF4F8C6-LeaderElection66 ELECTION round 0: result PASSED (term=1)
2022-01-10 01:39:09,334 [ac31b8ac-4c39-436f-94f4-016e041cabcc@group-BDBAEEF4F8C6-LeaderElection66] INFO  impl.RoleInfo (RoleInfo.java:shutdownLeaderElection(121)) - ac31b8ac-4c39-436f-94f4-016e041cabcc: shutdown ac31b8ac-4c39-436f-94f4-016e041cabcc@group-BDBAEEF4F8C6-LeaderElection66
2022-01-10 01:39:09,334 [ac31b8ac-4c39-436f-94f4-016e041cabcc@group-BDBAEEF4F8C6-LeaderElection66] INFO  server.RaftServer$Division (RaftServerImpl.java:setRole(290)) - ac31b8ac-4c39-436f-94f4-016e041cabcc@group-BDBAEEF4F8C6: changes role from CANDIDATE to LEADER at term 1 for changeToLeader
2022-01-10 01:39:09,334 [ac31b8ac-4c39-436f-94f4-016e041cabcc@group-BDBAEEF4F8C6-LeaderElection66] INFO  ratis.XceiverServerRatis (XceiverServerRatis.java:handleLeaderChangedNotification(866)) - Leader change notification received for group: group-BDBAEEF4F8C6 with new leaderId: ac31b8ac-4c39-436f-94f4-016e041cabcc
2022-01-10 01:39:09,334 [ac31b8ac-4c39-436f-94f4-016e041cabcc@group-BDBAEEF4F8C6-LeaderElection66] INFO  server.RaftServer$Division (ServerState.java:setLeader(285)) - ac31b8ac-4c39-436f-94f4-016e041cabcc@group-BDBAEEF4F8C6: change Leader from null to ac31b8ac-4c39-436f-94f4-016e041cabcc at term 1 for becomeLeader, leader elected after 5113ms
2022-01-10 01:39:09,334 [ac31b8ac-4c39-436f-94f4-016e041cabcc@group-BDBAEEF4F8C6-LeaderElection66] INFO  server.RaftServerConfigKeys (ConfUtils.java:logGet(44)) - raft.server.staging.catchup.gap = 1000 (default)
2022-01-10 01:39:09,334 [ac31b8ac-4c39-436f-94f4-016e041cabcc@group-BDBAEEF4F8C6-LeaderElection66] INFO  server.RaftServerConfigKeys (ConfUtils.java:logGet(44)) - raft.server.write.element-limit = 1024 (custom)
2022-01-10 01:39:09,334 [ac31b8ac-4c39-436f-94f4-016e041cabcc@group-BDBAEEF4F8C6-LeaderElection66] INFO  server.RaftServerConfigKeys (ConfUtils.java:logGet(44)) - raft.server.write.byte-limit = 1024 M (=1073741824) (custom)
2022-01-10 01:39:09,335 [ac31b8ac-4c39-436f-94f4-016e041cabcc@group-BDBAEEF4F8C6-LeaderElection66] INFO  server.RaftServerConfigKeys (ConfUtils.java:logGet(44)) - raft.server.watch.timeout = 180s (custom)
2022-01-10 01:39:09,335 [ac31b8ac-4c39-436f-94f4-016e041cabcc@group-BDBAEEF4F8C6-LeaderElection66] INFO  server.RaftServerConfigKeys (ConfUtils.java:logGet(44)) - raft.server.watch.timeout.denomination = 1s (default)
2022-01-10 01:39:09,335 [ac31b8ac-4c39-436f-94f4-016e041cabcc@group-BDBAEEF4F8C6-LeaderElection66] INFO  server.RaftServerConfigKeys (ConfUtils.java:logGet(44)) - raft.server.watch.element-limit = 65536 (default)
2022-01-10 01:39:09,335 [ac31b8ac-4c39-436f-94f4-016e041cabcc@group-BDBAEEF4F8C6-LeaderElection66] INFO  server.RaftServerConfigKeys (ConfUtils.java:logGet(44)) - raft.server.write.element-limit = 1024 (custom)
2022-01-10 01:39:09,335 [ac31b8ac-4c39-436f-94f4-016e041cabcc@group-BDBAEEF4F8C6-LeaderElection66] INFO  server.RaftServerConfigKeys (ConfUtils.java:logGet(44)) - raft.server.write.follower.gap.ratio.max = -1.0 (default)
2022-01-10 01:39:09,335 [ac31b8ac-4c39-436f-94f4-016e041cabcc@group-BDBAEEF4F8C6-LeaderElection66] INFO  impl.RoleInfo (RoleInfo.java:updateAndGet(130)) - ac31b8ac-4c39-436f-94f4-016e041cabcc: start ac31b8ac-4c39-436f-94f4-016e041cabcc@group-BDBAEEF4F8C6-LeaderStateImpl
2022-01-10 01:39:09,335 [ac31b8ac-4c39-436f-94f4-016e041cabcc@group-BDBAEEF4F8C6-LeaderElection66] INFO  segmented.SegmentedRaftLogWorker (SegmentedRaftLogWorker.java:startLogSegment(394)) - ac31b8ac-4c39-436f-94f4-016e041cabcc@group-BDBAEEF4F8C6-SegmentedRaftLogWorker: Starting segment from index:0
2022-01-10 01:39:09,335 [grpc-default-executor-1] INFO  server.RaftServer$Division (RaftServerImpl.java:requestVote(1046)) - ac31b8ac-4c39-436f-94f4-016e041cabcc@group-8F2CC2144BA8: receive requestVote(ELECTION, d4d4c30f-0c00-4009-b3f8-9054c310d47a, group-8F2CC2144BA8, 1, (t:0, i:0))
2022-01-10 01:39:09,336 [grpc-default-executor-1] INFO  impl.VoteContext (VoteContext.java:log(48)) - ac31b8ac-4c39-436f-94f4-016e041cabcc@group-8F2CC2144BA8-FOLLOWER: accept ELECTION from d4d4c30f-0c00-4009-b3f8-9054c310d47a: our priority 0 <= candidate's priority 0
2022-01-10 01:39:09,336 [grpc-default-executor-1] INFO  server.RaftServer$Division (RaftServerImpl.java:setRole(290)) - ac31b8ac-4c39-436f-94f4-016e041cabcc@group-8F2CC2144BA8: changes role from  FOLLOWER to FOLLOWER at term 1 for candidate:d4d4c30f-0c00-4009-b3f8-9054c310d47a
2022-01-10 01:39:09,336 [grpc-default-executor-1] INFO  impl.RoleInfo (RoleInfo.java:shutdownFollowerState(108)) - ac31b8ac-4c39-436f-94f4-016e041cabcc: shutdown ac31b8ac-4c39-436f-94f4-016e041cabcc@group-8F2CC2144BA8-FollowerState
2022-01-10 01:39:09,337 [EventQueue-OpenPipelineForHealthyPipelineSafeModeRule] INFO  safemode.SCMSafeModeManager (HealthyPipelineSafeModeRule.java:process(124)) - SCM in safe mode. Healthy pipelines reported count is 0, required healthy pipeline reported count is 1
2022-01-10 01:39:09,337 [ac31b8ac-4c39-436f-94f4-016e041cabcc@group-BDBAEEF4F8C6-SegmentedRaftLogWorker] INFO  segmented.SegmentedRaftLogWorker (SegmentedRaftLogWorker.java:execute(601)) - ac31b8ac-4c39-436f-94f4-016e041cabcc@group-BDBAEEF4F8C6-SegmentedRaftLogWorker: created new log segment /home/runner/work/ozone/ozone/hadoop-ozone/integration-test/target/test-dir/MiniOzoneClusterImpl-a1c2d8ca-8f9e-4610-b695-5e529456a49a/datanode-2/data/ratis/6b4819ba-c5e8-430e-9b4b-bdbaeef4f8c6/current/log_inprogress_0
2022-01-10 01:39:09,344 [ac31b8ac-4c39-436f-94f4-016e041cabcc@group-BDBAEEF4F8C6-LeaderElection66] INFO  server.RaftServer$Division (ServerState.java:setRaftConf(387)) - ac31b8ac-4c39-436f-94f4-016e041cabcc@group-BDBAEEF4F8C6: set configuration 0: [ac31b8ac-4c39-436f-94f4-016e041cabcc|rpc:10.1.0.8:41807|dataStream:|priority:1], old=null
2022-01-10 01:39:09,354 [ac31b8ac-4c39-436f-94f4-016e041cabcc@group-8F2CC2144BA8-FollowerState] INFO  impl.FollowerState (FollowerState.java:run(143)) - ac31b8ac-4c39-436f-94f4-016e041cabcc@group-8F2CC2144BA8-FollowerState was interrupted: {}
java.lang.InterruptedException: sleep interrupted
	at java.lang.Thread.sleep(Native Method)
	at java.lang.Thread.sleep(Thread.java:340)
	at java.util.concurrent.TimeUnit.sleep(TimeUnit.java:386)
	at org.apache.ratis.util.TimeDuration.sleep(TimeDuration.java:324)
	at org.apache.ratis.util.TimeDuration.sleep(TimeDuration.java:309)
	at org.apache.ratis.server.impl.FollowerState.run(FollowerState.java:118)
2022-01-10 01:39:09,354 [grpc-default-executor-1] INFO  impl.RoleInfo (RoleInfo.java:updateAndGet(130)) - ac31b8ac-4c39-436f-94f4-016e041cabcc: start ac31b8ac-4c39-436f-94f4-016e041cabcc@group-8F2CC2144BA8-FollowerState
2022-01-10 01:39:09,363 [grpc-default-executor-1] INFO  server.RaftServer$Division (RaftServerImpl.java:requestVote(1078)) - ac31b8ac-4c39-436f-94f4-016e041cabcc@group-8F2CC2144BA8 replies to ELECTION vote request: d4d4c30f-0c00-4009-b3f8-9054c310d47a<-ac31b8ac-4c39-436f-94f4-016e041cabcc#0:OK-t1. Peer's state: ac31b8ac-4c39-436f-94f4-016e041cabcc@group-8F2CC2144BA8:t1, leader=null, voted=d4d4c30f-0c00-4009-b3f8-9054c310d47a, raftlog=ac31b8ac-4c39-436f-94f4-016e041cabcc@group-8F2CC2144BA8-SegmentedRaftLog:OPENED:c-1, conf=-1: [96dc4cc0-d1b0-46a1-bf9f-f371de40ab31|rpc:10.1.0.8:33365|dataStream:|priority:1, d4d4c30f-0c00-4009-b3f8-9054c310d47a|rpc:10.1.0.8:33041|dataStream:|priority:0, ac31b8ac-4c39-436f-94f4-016e041cabcc|rpc:10.1.0.8:41807|dataStream:|priority:0], old=null
2022-01-10 01:39:10,135 [Listener at 127.0.0.1/39021] INFO  ozone.MiniOzoneClusterImpl (MiniOzoneClusterImpl.java:lambda$waitForClusterToBeReady$0(235)) - Nodes are ready. Got 3 of 3 DN Heartbeats.
2022-01-10 01:39:10,136 [Listener at 127.0.0.1/39021] INFO  ozone.MiniOzoneClusterImpl (MiniOzoneClusterImpl.java:lambda$waitForClusterToBeReady$0(238)) - Waiting for cluster to exit safe mode
2022-01-10 01:39:10,136 [Listener at 127.0.0.1/39021] INFO  ozone.MiniOzoneClusterImpl (MiniOzoneClusterImpl.java:lambda$waitForClusterToBeReady$0(240)) - SCM became leader
2022-01-10 01:39:11,136 [Listener at 127.0.0.1/39021] INFO  ozone.MiniOzoneClusterImpl (MiniOzoneClusterImpl.java:lambda$waitForClusterToBeReady$0(235)) - Nodes are ready. Got 3 of 3 DN Heartbeats.
2022-01-10 01:39:11,136 [Listener at 127.0.0.1/39021] INFO  ozone.MiniOzoneClusterImpl (MiniOzoneClusterImpl.java:lambda$waitForClusterToBeReady$0(238)) - Waiting for cluster to exit safe mode
2022-01-10 01:39:11,136 [Listener at 127.0.0.1/39021] INFO  ozone.MiniOzoneClusterImpl (MiniOzoneClusterImpl.java:lambda$waitForClusterToBeReady$0(240)) - SCM became leader
2022-01-10 01:39:12,136 [Listener at 127.0.0.1/39021] INFO  ozone.MiniOzoneClusterImpl (MiniOzoneClusterImpl.java:lambda$waitForClusterToBeReady$0(235)) - Nodes are ready. Got 3 of 3 DN Heartbeats.
2022-01-10 01:39:12,137 [Listener at 127.0.0.1/39021] INFO  ozone.MiniOzoneClusterImpl (MiniOzoneClusterImpl.java:lambda$waitForClusterToBeReady$0(238)) - Waiting for cluster to exit safe mode
2022-01-10 01:39:12,137 [Listener at 127.0.0.1/39021] INFO  ozone.MiniOzoneClusterImpl (MiniOzoneClusterImpl.java:lambda$waitForClusterToBeReady$0(240)) - SCM became leader
2022-01-10 01:39:13,137 [Listener at 127.0.0.1/39021] INFO  ozone.MiniOzoneClusterImpl (MiniOzoneClusterImpl.java:lambda$waitForClusterToBeReady$0(235)) - Nodes are ready. Got 3 of 3 DN Heartbeats.
2022-01-10 01:39:13,137 [Listener at 127.0.0.1/39021] INFO  ozone.MiniOzoneClusterImpl (MiniOzoneClusterImpl.java:lambda$waitForClusterToBeReady$0(238)) - Waiting for cluster to exit safe mode
2022-01-10 01:39:13,137 [Listener at 127.0.0.1/39021] INFO  ozone.MiniOzoneClusterImpl (MiniOzoneClusterImpl.java:lambda$waitForClusterToBeReady$0(240)) - SCM became leader
2022-01-10 01:39:13,932 [d4d4c30f-0c00-4009-b3f8-9054c310d47a@group-37B3C5D67002-FollowerState] INFO  impl.FollowerState (FollowerState.java:run(134)) - d4d4c30f-0c00-4009-b3f8-9054c310d47a@group-37B3C5D67002-FollowerState: change to CANDIDATE, lastRpcElapsedTime:5069204285ns, electionTimeout:5044ms
2022-01-10 01:39:13,933 [d4d4c30f-0c00-4009-b3f8-9054c310d47a@group-37B3C5D67002-FollowerState] INFO  impl.RoleInfo (RoleInfo.java:shutdownFollowerState(108)) - d4d4c30f-0c00-4009-b3f8-9054c310d47a: shutdown d4d4c30f-0c00-4009-b3f8-9054c310d47a@group-37B3C5D67002-FollowerState
2022-01-10 01:39:13,933 [d4d4c30f-0c00-4009-b3f8-9054c310d47a@group-37B3C5D67002-FollowerState] INFO  server.RaftServer$Division (RaftServerImpl.java:setRole(290)) - d4d4c30f-0c00-4009-b3f8-9054c310d47a@group-37B3C5D67002: changes role from  FOLLOWER to CANDIDATE at term 1 for changeToCandidate
2022-01-10 01:39:13,933 [d4d4c30f-0c00-4009-b3f8-9054c310d47a@group-37B3C5D67002-FollowerState] INFO  server.RaftServerConfigKeys (ConfUtils.java:logGet(44)) - raft.server.leaderelection.pre-vote = false (custom)
2022-01-10 01:39:13,934 [d4d4c30f-0c00-4009-b3f8-9054c310d47a@group-37B3C5D67002-FollowerState] INFO  impl.RoleInfo (RoleInfo.java:updateAndGet(130)) - d4d4c30f-0c00-4009-b3f8-9054c310d47a: start d4d4c30f-0c00-4009-b3f8-9054c310d47a@group-37B3C5D67002-LeaderElection67
2022-01-10 01:39:13,950 [d4d4c30f-0c00-4009-b3f8-9054c310d47a@group-37B3C5D67002-LeaderElection67] INFO  impl.LeaderElection (LeaderElection.java:askForVotes(306)) - d4d4c30f-0c00-4009-b3f8-9054c310d47a@group-37B3C5D67002-LeaderElection67 ELECTION round 0: submit vote requests at term 2 for -1: [96dc4cc0-d1b0-46a1-bf9f-f371de40ab31|rpc:10.1.0.8:33365|dataStream:|priority:0, d4d4c30f-0c00-4009-b3f8-9054c310d47a|rpc:10.1.0.8:33041|dataStream:|priority:0, ac31b8ac-4c39-436f-94f4-016e041cabcc|rpc:10.1.0.8:41807|dataStream:|priority:1], old=null
2022-01-10 01:39:13,952 [grpc-default-executor-1] INFO  server.RaftServer$Division (RaftServerImpl.java:requestVote(1046)) - 96dc4cc0-d1b0-46a1-bf9f-f371de40ab31@group-37B3C5D67002: receive requestVote(ELECTION, d4d4c30f-0c00-4009-b3f8-9054c310d47a, group-37B3C5D67002, 2, (t:0, i:0))
2022-01-10 01:39:13,952 [grpc-default-executor-1] INFO  impl.VoteContext (VoteContext.java:log(48)) - 96dc4cc0-d1b0-46a1-bf9f-f371de40ab31@group-37B3C5D67002-FOLLOWER: accept ELECTION from d4d4c30f-0c00-4009-b3f8-9054c310d47a: our priority 0 <= candidate's priority 0
2022-01-10 01:39:13,952 [grpc-default-executor-1] INFO  server.RaftServer$Division (RaftServerImpl.java:setRole(290)) - 96dc4cc0-d1b0-46a1-bf9f-f371de40ab31@group-37B3C5D67002: changes role from  FOLLOWER to FOLLOWER at term 2 for candidate:d4d4c30f-0c00-4009-b3f8-9054c310d47a
2022-01-10 01:39:13,952 [grpc-default-executor-1] INFO  impl.RoleInfo (RoleInfo.java:shutdownFollowerState(108)) - 96dc4cc0-d1b0-46a1-bf9f-f371de40ab31: shutdown 96dc4cc0-d1b0-46a1-bf9f-f371de40ab31@group-37B3C5D67002-FollowerState
2022-01-10 01:39:13,966 [grpc-default-executor-1] INFO  impl.RoleInfo (RoleInfo.java:updateAndGet(130)) - 96dc4cc0-d1b0-46a1-bf9f-f371de40ab31: start 96dc4cc0-d1b0-46a1-bf9f-f371de40ab31@group-37B3C5D67002-FollowerState
2022-01-10 01:39:13,966 [96dc4cc0-d1b0-46a1-bf9f-f371de40ab31@group-37B3C5D67002-FollowerState] INFO  impl.FollowerState (FollowerState.java:run(143)) - 96dc4cc0-d1b0-46a1-bf9f-f371de40ab31@group-37B3C5D67002-FollowerState was interrupted: {}
java.lang.InterruptedException: sleep interrupted
	at java.lang.Thread.sleep(Native Method)
	at java.lang.Thread.sleep(Thread.java:340)
	at java.util.concurrent.TimeUnit.sleep(TimeUnit.java:386)
	at org.apache.ratis.util.TimeDuration.sleep(TimeDuration.java:324)
	at org.apache.ratis.util.TimeDuration.sleep(TimeDuration.java:309)
	at org.apache.ratis.server.impl.FollowerState.run(FollowerState.java:118)
2022-01-10 01:39:13,979 [grpc-default-executor-1] INFO  server.RaftServer$Division (RaftServerImpl.java:requestVote(1078)) - 96dc4cc0-d1b0-46a1-bf9f-f371de40ab31@group-37B3C5D67002 replies to ELECTION vote request: d4d4c30f-0c00-4009-b3f8-9054c310d47a<-96dc4cc0-d1b0-46a1-bf9f-f371de40ab31#0:OK-t2. Peer's state: 96dc4cc0-d1b0-46a1-bf9f-f371de40ab31@group-37B3C5D67002:t2, leader=null, voted=d4d4c30f-0c00-4009-b3f8-9054c310d47a, raftlog=96dc4cc0-d1b0-46a1-bf9f-f371de40ab31@group-37B3C5D67002-SegmentedRaftLog:OPENED:c-1, conf=-1: [96dc4cc0-d1b0-46a1-bf9f-f371de40ab31|rpc:10.1.0.8:33365|priority:0, d4d4c30f-0c00-4009-b3f8-9054c310d47a|rpc:10.1.0.8:33041|priority:0, ac31b8ac-4c39-436f-94f4-016e041cabcc|rpc:10.1.0.8:41807|priority:1], old=null
2022-01-10 01:39:13,971 [grpc-default-executor-0] INFO  server.RaftServer$Division (RaftServerImpl.java:requestVote(1046)) - ac31b8ac-4c39-436f-94f4-016e041cabcc@group-37B3C5D67002: receive requestVote(ELECTION, d4d4c30f-0c00-4009-b3f8-9054c310d47a, group-37B3C5D67002, 2, (t:0, i:0))
2022-01-10 01:39:13,996 [grpc-default-executor-0] INFO  impl.VoteContext (VoteContext.java:log(48)) - ac31b8ac-4c39-436f-94f4-016e041cabcc@group-37B3C5D67002-FOLLOWER: reject ELECTION from d4d4c30f-0c00-4009-b3f8-9054c310d47a: our priority 1 > candidate's priority 0
2022-01-10 01:39:13,996 [grpc-default-executor-0] INFO  server.RaftServer$Division (RaftServerImpl.java:setRole(290)) - ac31b8ac-4c39-436f-94f4-016e041cabcc@group-37B3C5D67002: changes role from  FOLLOWER to FOLLOWER at term 2 for candidate:d4d4c30f-0c00-4009-b3f8-9054c310d47a
2022-01-10 01:39:13,996 [grpc-default-executor-0] INFO  impl.RoleInfo (RoleInfo.java:shutdownFollowerState(108)) - ac31b8ac-4c39-436f-94f4-016e041cabcc: shutdown ac31b8ac-4c39-436f-94f4-016e041cabcc@group-37B3C5D67002-FollowerState
2022-01-10 01:39:13,996 [grpc-default-executor-0] INFO  impl.RoleInfo (RoleInfo.java:updateAndGet(130)) - ac31b8ac-4c39-436f-94f4-016e041cabcc: start ac31b8ac-4c39-436f-94f4-016e041cabcc@group-37B3C5D67002-FollowerState
2022-01-10 01:39:13,997 [ac31b8ac-4c39-436f-94f4-016e041cabcc@group-37B3C5D67002-FollowerState] INFO  impl.FollowerState (FollowerState.java:run(143)) - ac31b8ac-4c39-436f-94f4-016e041cabcc@group-37B3C5D67002-FollowerState was interrupted: {}
java.lang.InterruptedException: sleep interrupted
	at java.lang.Thread.sleep(Native Method)
	at java.lang.Thread.sleep(Thread.java:340)
	at java.util.concurrent.TimeUnit.sleep(TimeUnit.java:386)
	at org.apache.ratis.util.TimeDuration.sleep(TimeDuration.java:324)
	at org.apache.ratis.util.TimeDuration.sleep(TimeDuration.java:309)
	at org.apache.ratis.server.impl.FollowerState.run(FollowerState.java:118)
2022-01-10 01:39:14,041 [grpc-default-executor-0] INFO  server.RaftServer$Division (RaftServerImpl.java:requestVote(1078)) - ac31b8ac-4c39-436f-94f4-016e041cabcc@group-37B3C5D67002 replies to ELECTION vote request: d4d4c30f-0c00-4009-b3f8-9054c310d47a<-ac31b8ac-4c39-436f-94f4-016e041cabcc#0:FAIL-t2. Peer's state: ac31b8ac-4c39-436f-94f4-016e041cabcc@group-37B3C5D67002:t2, leader=null, voted=null, raftlog=ac31b8ac-4c39-436f-94f4-016e041cabcc@group-37B3C5D67002-SegmentedRaftLog:OPENED:c-1, conf=-1: [96dc4cc0-d1b0-46a1-bf9f-f371de40ab31|rpc:10.1.0.8:33365|dataStream:|priority:0, d4d4c30f-0c00-4009-b3f8-9054c310d47a|rpc:10.1.0.8:33041|dataStream:|priority:0, ac31b8ac-4c39-436f-94f4-016e041cabcc|rpc:10.1.0.8:41807|dataStream:|priority:1], old=null
2022-01-10 01:39:14,042 [d4d4c30f-0c00-4009-b3f8-9054c310d47a@group-37B3C5D67002-LeaderElection67] INFO  impl.LeaderElection (LeaderElection.java:logAndReturn(89)) - d4d4c30f-0c00-4009-b3f8-9054c310d47a@group-37B3C5D67002-LeaderElection67: ELECTION REJECTED received 2 response(s) and 0 exception(s):
2022-01-10 01:39:14,042 [d4d4c30f-0c00-4009-b3f8-9054c310d47a@group-37B3C5D67002-LeaderElection67] INFO  impl.LeaderElection (LeaderElection.java:logAndReturn(93)) -   Response 0: d4d4c30f-0c00-4009-b3f8-9054c310d47a<-96dc4cc0-d1b0-46a1-bf9f-f371de40ab31#0:OK-t2
2022-01-10 01:39:14,042 [d4d4c30f-0c00-4009-b3f8-9054c310d47a@group-37B3C5D67002-LeaderElection67] INFO  impl.LeaderElection (LeaderElection.java:logAndReturn(93)) -   Response 1: d4d4c30f-0c00-4009-b3f8-9054c310d47a<-ac31b8ac-4c39-436f-94f4-016e041cabcc#0:FAIL-t2
2022-01-10 01:39:14,042 [d4d4c30f-0c00-4009-b3f8-9054c310d47a@group-37B3C5D67002-LeaderElection67] INFO  impl.LeaderElection (LeaderElection.java:askForVotes(308)) - d4d4c30f-0c00-4009-b3f8-9054c310d47a@group-37B3C5D67002-LeaderElection67 ELECTION round 0: result REJECTED
2022-01-10 01:39:14,042 [d4d4c30f-0c00-4009-b3f8-9054c310d47a@group-37B3C5D67002-LeaderElection67] INFO  server.RaftServer$Division (RaftServerImpl.java:setRole(290)) - d4d4c30f-0c00-4009-b3f8-9054c310d47a@group-37B3C5D67002: changes role from CANDIDATE to FOLLOWER at term 2 for REJECTED
2022-01-10 01:39:14,042 [d4d4c30f-0c00-4009-b3f8-9054c310d47a@group-37B3C5D67002-LeaderElection67] INFO  impl.RoleInfo (RoleInfo.java:shutdownLeaderElection(121)) - d4d4c30f-0c00-4009-b3f8-9054c310d47a: shutdown d4d4c30f-0c00-4009-b3f8-9054c310d47a@group-37B3C5D67002-LeaderElection67
2022-01-10 01:39:14,042 [d4d4c30f-0c00-4009-b3f8-9054c310d47a@group-37B3C5D67002-LeaderElection67] INFO  impl.RoleInfo (RoleInfo.java:updateAndGet(130)) - d4d4c30f-0c00-4009-b3f8-9054c310d47a: start d4d4c30f-0c00-4009-b3f8-9054c310d47a@group-37B3C5D67002-FollowerState
2022-01-10 01:39:14,138 [Listener at 127.0.0.1/39021] INFO  ozone.MiniOzoneClusterImpl (MiniOzoneClusterImpl.java:lambda$waitForClusterToBeReady$0(235)) - Nodes are ready. Got 3 of 3 DN Heartbeats.
2022-01-10 01:39:14,139 [Listener at 127.0.0.1/39021] INFO  ozone.MiniOzoneClusterImpl (MiniOzoneClusterImpl.java:lambda$waitForClusterToBeReady$0(238)) - Waiting for cluster to exit safe mode
2022-01-10 01:39:14,139 [Listener at 127.0.0.1/39021] INFO  ozone.MiniOzoneClusterImpl (MiniOzoneClusterImpl.java:lambda$waitForClusterToBeReady$0(240)) - SCM became leader
2022-01-10 01:39:14,368 [ac31b8ac-4c39-436f-94f4-016e041cabcc@group-8F2CC2144BA8-FollowerState] INFO  impl.FollowerState (FollowerState.java:run(134)) - ac31b8ac-4c39-436f-94f4-016e041cabcc@group-8F2CC2144BA8-FollowerState: change to CANDIDATE, lastRpcElapsedTime:5005321641ns, electionTimeout:5001ms
2022-01-10 01:39:14,369 [ac31b8ac-4c39-436f-94f4-016e041cabcc@group-8F2CC2144BA8-FollowerState] INFO  impl.RoleInfo (RoleInfo.java:shutdownFollowerState(108)) - ac31b8ac-4c39-436f-94f4-016e041cabcc: shutdown ac31b8ac-4c39-436f-94f4-016e041cabcc@group-8F2CC2144BA8-FollowerState
2022-01-10 01:39:14,369 [ac31b8ac-4c39-436f-94f4-016e041cabcc@group-8F2CC2144BA8-FollowerState] INFO  server.RaftServer$Division (RaftServerImpl.java:setRole(290)) - ac31b8ac-4c39-436f-94f4-016e041cabcc@group-8F2CC2144BA8: changes role from  FOLLOWER to CANDIDATE at term 1 for changeToCandidate
2022-01-10 01:39:14,369 [ac31b8ac-4c39-436f-94f4-016e041cabcc@group-8F2CC2144BA8-FollowerState] INFO  server.RaftServerConfigKeys (ConfUtils.java:logGet(44)) - raft.server.leaderelection.pre-vote = false (custom)
2022-01-10 01:39:14,369 [ac31b8ac-4c39-436f-94f4-016e041cabcc@group-8F2CC2144BA8-FollowerState] INFO  impl.RoleInfo (RoleInfo.java:updateAndGet(130)) - ac31b8ac-4c39-436f-94f4-016e041cabcc: start ac31b8ac-4c39-436f-94f4-016e041cabcc@group-8F2CC2144BA8-LeaderElection68
2022-01-10 01:39:14,391 [ac31b8ac-4c39-436f-94f4-016e041cabcc@group-8F2CC2144BA8-LeaderElection68] INFO  impl.LeaderElection (LeaderElection.java:askForVotes(306)) - ac31b8ac-4c39-436f-94f4-016e041cabcc@group-8F2CC2144BA8-LeaderElection68 ELECTION round 0: submit vote requests at term 2 for -1: [96dc4cc0-d1b0-46a1-bf9f-f371de40ab31|rpc:10.1.0.8:33365|dataStream:|priority:1, d4d4c30f-0c00-4009-b3f8-9054c310d47a|rpc:10.1.0.8:33041|dataStream:|priority:0, ac31b8ac-4c39-436f-94f4-016e041cabcc|rpc:10.1.0.8:41807|dataStream:|priority:0], old=null
2022-01-10 01:39:14,415 [grpc-default-executor-0] INFO  server.RaftServer$Division (RaftServerImpl.java:requestVote(1046)) - 96dc4cc0-d1b0-46a1-bf9f-f371de40ab31@group-8F2CC2144BA8: receive requestVote(ELECTION, ac31b8ac-4c39-436f-94f4-016e041cabcc, group-8F2CC2144BA8, 2, (t:0, i:0))
2022-01-10 01:39:14,416 [grpc-default-executor-0] INFO  impl.VoteContext (VoteContext.java:log(48)) - 96dc4cc0-d1b0-46a1-bf9f-f371de40ab31@group-8F2CC2144BA8-FOLLOWER: reject ELECTION from ac31b8ac-4c39-436f-94f4-016e041cabcc: our priority 1 > candidate's priority 0
2022-01-10 01:39:14,417 [grpc-default-executor-0] INFO  server.RaftServer$Division (RaftServerImpl.java:setRole(290)) - 96dc4cc0-d1b0-46a1-bf9f-f371de40ab31@group-8F2CC2144BA8: changes role from  FOLLOWER to FOLLOWER at term 2 for candidate:ac31b8ac-4c39-436f-94f4-016e041cabcc
2022-01-10 01:39:14,417 [grpc-default-executor-0] INFO  impl.RoleInfo (RoleInfo.java:shutdownFollowerState(108)) - 96dc4cc0-d1b0-46a1-bf9f-f371de40ab31: shutdown 96dc4cc0-d1b0-46a1-bf9f-f371de40ab31@group-8F2CC2144BA8-FollowerState
2022-01-10 01:39:14,417 [grpc-default-executor-0] INFO  impl.RoleInfo (RoleInfo.java:updateAndGet(130)) - 96dc4cc0-d1b0-46a1-bf9f-f371de40ab31: start 96dc4cc0-d1b0-46a1-bf9f-f371de40ab31@group-8F2CC2144BA8-FollowerState
2022-01-10 01:39:14,417 [96dc4cc0-d1b0-46a1-bf9f-f371de40ab31@group-8F2CC2144BA8-FollowerState] INFO  impl.FollowerState (FollowerState.java:run(143)) - 96dc4cc0-d1b0-46a1-bf9f-f371de40ab31@group-8F2CC2144BA8-FollowerState was interrupted: {}
java.lang.InterruptedException: sleep interrupted
	at java.lang.Thread.sleep(Native Method)
	at java.lang.Thread.sleep(Thread.java:340)
	at java.util.concurrent.TimeUnit.sleep(TimeUnit.java:386)
	at org.apache.ratis.util.TimeDuration.sleep(TimeDuration.java:324)
	at org.apache.ratis.util.TimeDuration.sleep(TimeDuration.java:309)
	at org.apache.ratis.server.impl.FollowerState.run(FollowerState.java:118)
2022-01-10 01:39:14,419 [grpc-default-executor-0] INFO  server.RaftServer$Division (RaftServerImpl.java:requestVote(1078)) - 96dc4cc0-d1b0-46a1-bf9f-f371de40ab31@group-8F2CC2144BA8 replies to ELECTION vote request: ac31b8ac-4c39-436f-94f4-016e041cabcc<-96dc4cc0-d1b0-46a1-bf9f-f371de40ab31#0:FAIL-t2. Peer's state: 96dc4cc0-d1b0-46a1-bf9f-f371de40ab31@group-8F2CC2144BA8:t2, leader=null, voted=null, raftlog=96dc4cc0-d1b0-46a1-bf9f-f371de40ab31@group-8F2CC2144BA8-SegmentedRaftLog:OPENED:c-1, conf=-1: [96dc4cc0-d1b0-46a1-bf9f-f371de40ab31|rpc:10.1.0.8:33365|priority:1, d4d4c30f-0c00-4009-b3f8-9054c310d47a|rpc:10.1.0.8:33041|priority:0, ac31b8ac-4c39-436f-94f4-016e041cabcc|rpc:10.1.0.8:41807|priority:0], old=null
2022-01-10 01:39:14,458 [grpc-default-executor-0] INFO  server.RaftServer$Division (RaftServerImpl.java:requestVote(1046)) - d4d4c30f-0c00-4009-b3f8-9054c310d47a@group-8F2CC2144BA8: receive requestVote(ELECTION, ac31b8ac-4c39-436f-94f4-016e041cabcc, group-8F2CC2144BA8, 2, (t:0, i:0))
2022-01-10 01:39:14,458 [grpc-default-executor-0] INFO  impl.VoteContext (VoteContext.java:log(48)) - d4d4c30f-0c00-4009-b3f8-9054c310d47a@group-8F2CC2144BA8-FOLLOWER: accept ELECTION from ac31b8ac-4c39-436f-94f4-016e041cabcc: our priority 0 <= candidate's priority 0
2022-01-10 01:39:14,458 [grpc-default-executor-0] INFO  server.RaftServer$Division (RaftServerImpl.java:setRole(290)) - d4d4c30f-0c00-4009-b3f8-9054c310d47a@group-8F2CC2144BA8: changes role from  FOLLOWER to FOLLOWER at term 2 for candidate:ac31b8ac-4c39-436f-94f4-016e041cabcc
2022-01-10 01:39:14,458 [grpc-default-executor-0] INFO  impl.RoleInfo (RoleInfo.java:shutdownFollowerState(108)) - d4d4c30f-0c00-4009-b3f8-9054c310d47a: shutdown d4d4c30f-0c00-4009-b3f8-9054c310d47a@group-8F2CC2144BA8-FollowerState
2022-01-10 01:39:14,458 [grpc-default-executor-0] INFO  impl.RoleInfo (RoleInfo.java:updateAndGet(130)) - d4d4c30f-0c00-4009-b3f8-9054c310d47a: start d4d4c30f-0c00-4009-b3f8-9054c310d47a@group-8F2CC2144BA8-FollowerState
2022-01-10 01:39:14,461 [d4d4c30f-0c00-4009-b3f8-9054c310d47a@group-8F2CC2144BA8-FollowerState] INFO  impl.FollowerState (FollowerState.java:run(143)) - d4d4c30f-0c00-4009-b3f8-9054c310d47a@group-8F2CC2144BA8-FollowerState was interrupted: {}
java.lang.InterruptedException: sleep interrupted
	at java.lang.Thread.sleep(Native Method)
	at java.lang.Thread.sleep(Thread.java:340)
	at java.util.concurrent.TimeUnit.sleep(TimeUnit.java:386)
	at org.apache.ratis.util.TimeDuration.sleep(TimeDuration.java:324)
	at org.apache.ratis.util.TimeDuration.sleep(TimeDuration.java:309)
	at org.apache.ratis.server.impl.FollowerState.run(FollowerState.java:118)
2022-01-10 01:39:14,469 [ac31b8ac-4c39-436f-94f4-016e041cabcc@group-8F2CC2144BA8-LeaderElection68] INFO  impl.LeaderElection (LeaderElection.java:logAndReturn(89)) - ac31b8ac-4c39-436f-94f4-016e041cabcc@group-8F2CC2144BA8-LeaderElection68: ELECTION REJECTED received 1 response(s) and 0 exception(s):
2022-01-10 01:39:14,469 [ac31b8ac-4c39-436f-94f4-016e041cabcc@group-8F2CC2144BA8-LeaderElection68] INFO  impl.LeaderElection (LeaderElection.java:logAndReturn(93)) -   Response 0: ac31b8ac-4c39-436f-94f4-016e041cabcc<-96dc4cc0-d1b0-46a1-bf9f-f371de40ab31#0:FAIL-t2
2022-01-10 01:39:14,469 [ac31b8ac-4c39-436f-94f4-016e041cabcc@group-8F2CC2144BA8-LeaderElection68] INFO  impl.LeaderElection (LeaderElection.java:askForVotes(308)) - ac31b8ac-4c39-436f-94f4-016e041cabcc@group-8F2CC2144BA8-LeaderElection68 ELECTION round 0: result REJECTED
2022-01-10 01:39:14,469 [ac31b8ac-4c39-436f-94f4-016e041cabcc@group-8F2CC2144BA8-LeaderElection68] INFO  server.RaftServer$Division (RaftServerImpl.java:setRole(290)) - ac31b8ac-4c39-436f-94f4-016e041cabcc@group-8F2CC2144BA8: changes role from CANDIDATE to FOLLOWER at term 2 for REJECTED
2022-01-10 01:39:14,469 [ac31b8ac-4c39-436f-94f4-016e041cabcc@group-8F2CC2144BA8-LeaderElection68] INFO  impl.RoleInfo (RoleInfo.java:shutdownLeaderElection(121)) - ac31b8ac-4c39-436f-94f4-016e041cabcc: shutdown ac31b8ac-4c39-436f-94f4-016e041cabcc@group-8F2CC2144BA8-LeaderElection68
2022-01-10 01:39:14,469 [ac31b8ac-4c39-436f-94f4-016e041cabcc@group-8F2CC2144BA8-LeaderElection68] INFO  impl.RoleInfo (RoleInfo.java:updateAndGet(130)) - ac31b8ac-4c39-436f-94f4-016e041cabcc: start ac31b8ac-4c39-436f-94f4-016e041cabcc@group-8F2CC2144BA8-FollowerState
2022-01-10 01:39:14,485 [grpc-default-executor-0] INFO  server.RaftServer$Division (RaftServerImpl.java:requestVote(1078)) - d4d4c30f-0c00-4009-b3f8-9054c310d47a@group-8F2CC2144BA8 replies to ELECTION vote request: ac31b8ac-4c39-436f-94f4-016e041cabcc<-d4d4c30f-0c00-4009-b3f8-9054c310d47a#0:OK-t2. Peer's state: d4d4c30f-0c00-4009-b3f8-9054c310d47a@group-8F2CC2144BA8:t2, leader=null, voted=ac31b8ac-4c39-436f-94f4-016e041cabcc, raftlog=d4d4c30f-0c00-4009-b3f8-9054c310d47a@group-8F2CC2144BA8-SegmentedRaftLog:OPENED:c-1, conf=-1: [96dc4cc0-d1b0-46a1-bf9f-f371de40ab31|rpc:10.1.0.8:33365|priority:1, d4d4c30f-0c00-4009-b3f8-9054c310d47a|rpc:10.1.0.8:33041|priority:0, ac31b8ac-4c39-436f-94f4-016e041cabcc|rpc:10.1.0.8:41807|priority:0], old=null
2022-01-10 01:39:15,139 [Listener at 127.0.0.1/39021] INFO  ozone.MiniOzoneClusterImpl (MiniOzoneClusterImpl.java:lambda$waitForClusterToBeReady$0(235)) - Nodes are ready. Got 3 of 3 DN Heartbeats.
2022-01-10 01:39:15,140 [Listener at 127.0.0.1/39021] INFO  ozone.MiniOzoneClusterImpl (MiniOzoneClusterImpl.java:lambda$waitForClusterToBeReady$0(238)) - Waiting for cluster to exit safe mode
2022-01-10 01:39:15,140 [Listener at 127.0.0.1/39021] INFO  ozone.MiniOzoneClusterImpl (MiniOzoneClusterImpl.java:lambda$waitForClusterToBeReady$0(240)) - SCM became leader
2022-01-10 01:39:16,140 [Listener at 127.0.0.1/39021] INFO  ozone.MiniOzoneClusterImpl (MiniOzoneClusterImpl.java:lambda$waitForClusterToBeReady$0(235)) - Nodes are ready. Got 3 of 3 DN Heartbeats.
2022-01-10 01:39:16,140 [Listener at 127.0.0.1/39021] INFO  ozone.MiniOzoneClusterImpl (MiniOzoneClusterImpl.java:lambda$waitForClusterToBeReady$0(238)) - Waiting for cluster to exit safe mode
2022-01-10 01:39:16,140 [Listener at 127.0.0.1/39021] INFO  ozone.MiniOzoneClusterImpl (MiniOzoneClusterImpl.java:lambda$waitForClusterToBeReady$0(240)) - SCM became leader
2022-01-10 01:39:17,141 [Listener at 127.0.0.1/39021] INFO  ozone.MiniOzoneClusterImpl (MiniOzoneClusterImpl.java:lambda$waitForClusterToBeReady$0(235)) - Nodes are ready. Got 3 of 3 DN Heartbeats.
2022-01-10 01:39:17,141 [Listener at 127.0.0.1/39021] INFO  ozone.MiniOzoneClusterImpl (MiniOzoneClusterImpl.java:lambda$waitForClusterToBeReady$0(238)) - Waiting for cluster to exit safe mode
2022-01-10 01:39:17,141 [Listener at 127.0.0.1/39021] INFO  ozone.MiniOzoneClusterImpl (MiniOzoneClusterImpl.java:lambda$waitForClusterToBeReady$0(240)) - SCM became leader
2022-01-10 01:39:18,141 [Listener at 127.0.0.1/39021] INFO  ozone.MiniOzoneClusterImpl (MiniOzoneClusterImpl.java:lambda$waitForClusterToBeReady$0(235)) - Nodes are ready. Got 3 of 3 DN Heartbeats.
2022-01-10 01:39:18,141 [Listener at 127.0.0.1/39021] INFO  ozone.MiniOzoneClusterImpl (MiniOzoneClusterImpl.java:lambda$waitForClusterToBeReady$0(238)) - Waiting for cluster to exit safe mode
2022-01-10 01:39:18,142 [Listener at 127.0.0.1/39021] INFO  ozone.MiniOzoneClusterImpl (MiniOzoneClusterImpl.java:lambda$waitForClusterToBeReady$0(240)) - SCM became leader
2022-01-10 01:39:19,142 [Listener at 127.0.0.1/39021] INFO  ozone.MiniOzoneClusterImpl (MiniOzoneClusterImpl.java:lambda$waitForClusterToBeReady$0(235)) - Nodes are ready. Got 3 of 3 DN Heartbeats.
2022-01-10 01:39:19,142 [Listener at 127.0.0.1/39021] INFO  ozone.MiniOzoneClusterImpl (MiniOzoneClusterImpl.java:lambda$waitForClusterToBeReady$0(238)) - Waiting for cluster to exit safe mode
2022-01-10 01:39:19,142 [Listener at 127.0.0.1/39021] INFO  ozone.MiniOzoneClusterImpl (MiniOzoneClusterImpl.java:lambda$waitForClusterToBeReady$0(240)) - SCM became leader
2022-01-10 01:39:19,154 [96dc4cc0-d1b0-46a1-bf9f-f371de40ab31@group-37B3C5D67002-FollowerState] INFO  impl.FollowerState (FollowerState.java:run(134)) - 96dc4cc0-d1b0-46a1-bf9f-f371de40ab31@group-37B3C5D67002-FollowerState: change to CANDIDATE, lastRpcElapsedTime:5175052260ns, electionTimeout:5156ms
2022-01-10 01:39:19,157 [96dc4cc0-d1b0-46a1-bf9f-f371de40ab31@group-37B3C5D67002-FollowerState] INFO  impl.RoleInfo (RoleInfo.java:shutdownFollowerState(108)) - 96dc4cc0-d1b0-46a1-bf9f-f371de40ab31: shutdown 96dc4cc0-d1b0-46a1-bf9f-f371de40ab31@group-37B3C5D67002-FollowerState
2022-01-10 01:39:19,157 [96dc4cc0-d1b0-46a1-bf9f-f371de40ab31@group-37B3C5D67002-FollowerState] INFO  server.RaftServer$Division (RaftServerImpl.java:setRole(290)) - 96dc4cc0-d1b0-46a1-bf9f-f371de40ab31@group-37B3C5D67002: changes role from  FOLLOWER to CANDIDATE at term 2 for changeToCandidate
2022-01-10 01:39:19,157 [96dc4cc0-d1b0-46a1-bf9f-f371de40ab31@group-37B3C5D67002-FollowerState] INFO  server.RaftServerConfigKeys (ConfUtils.java:logGet(44)) - raft.server.leaderelection.pre-vote = false (custom)
2022-01-10 01:39:19,157 [96dc4cc0-d1b0-46a1-bf9f-f371de40ab31@group-37B3C5D67002-FollowerState] INFO  impl.RoleInfo (RoleInfo.java:updateAndGet(130)) - 96dc4cc0-d1b0-46a1-bf9f-f371de40ab31: start 96dc4cc0-d1b0-46a1-bf9f-f371de40ab31@group-37B3C5D67002-LeaderElection69
2022-01-10 01:39:19,179 [96dc4cc0-d1b0-46a1-bf9f-f371de40ab31@group-37B3C5D67002-LeaderElection69] INFO  impl.LeaderElection (LeaderElection.java:askForVotes(306)) - 96dc4cc0-d1b0-46a1-bf9f-f371de40ab31@group-37B3C5D67002-LeaderElection69 ELECTION round 0: submit vote requests at term 3 for -1: [96dc4cc0-d1b0-46a1-bf9f-f371de40ab31|rpc:10.1.0.8:33365|priority:0, d4d4c30f-0c00-4009-b3f8-9054c310d47a|rpc:10.1.0.8:33041|priority:0, ac31b8ac-4c39-436f-94f4-016e041cabcc|rpc:10.1.0.8:41807|priority:1], old=null
2022-01-10 01:39:19,183 [grpc-default-executor-0] INFO  server.RaftServer$Division (RaftServerImpl.java:requestVote(1046)) - d4d4c30f-0c00-4009-b3f8-9054c310d47a@group-37B3C5D67002: receive requestVote(ELECTION, 96dc4cc0-d1b0-46a1-bf9f-f371de40ab31, group-37B3C5D67002, 3, (t:0, i:0))
2022-01-10 01:39:19,183 [grpc-default-executor-0] INFO  impl.VoteContext (VoteContext.java:log(48)) - d4d4c30f-0c00-4009-b3f8-9054c310d47a@group-37B3C5D67002-FOLLOWER: accept ELECTION from 96dc4cc0-d1b0-46a1-bf9f-f371de40ab31: our priority 0 <= candidate's priority 0
2022-01-10 01:39:19,183 [grpc-default-executor-0] INFO  server.RaftServer$Division (RaftServerImpl.java:setRole(290)) - d4d4c30f-0c00-4009-b3f8-9054c310d47a@group-37B3C5D67002: changes role from  FOLLOWER to FOLLOWER at term 3 for candidate:96dc4cc0-d1b0-46a1-bf9f-f371de40ab31
2022-01-10 01:39:19,183 [grpc-default-executor-0] INFO  impl.RoleInfo (RoleInfo.java:shutdownFollowerState(108)) - d4d4c30f-0c00-4009-b3f8-9054c310d47a: shutdown d4d4c30f-0c00-4009-b3f8-9054c310d47a@group-37B3C5D67002-FollowerState
2022-01-10 01:39:19,188 [d4d4c30f-0c00-4009-b3f8-9054c310d47a@group-37B3C5D67002-FollowerState] INFO  impl.FollowerState (FollowerState.java:run(127)) - d4d4c30f-0c00-4009-b3f8-9054c310d47a@group-37B3C5D67002-FollowerState: Stopping now (isRunning? false, isFollower? true)
2022-01-10 01:39:19,189 [grpc-default-executor-1] INFO  server.RaftServer$Division (RaftServerImpl.java:requestVote(1046)) - ac31b8ac-4c39-436f-94f4-016e041cabcc@group-37B3C5D67002: receive requestVote(ELECTION, 96dc4cc0-d1b0-46a1-bf9f-f371de40ab31, group-37B3C5D67002, 3, (t:0, i:0))
2022-01-10 01:39:19,191 [grpc-default-executor-1] INFO  impl.VoteContext (VoteContext.java:log(48)) - ac31b8ac-4c39-436f-94f4-016e041cabcc@group-37B3C5D67002-FOLLOWER: reject ELECTION from 96dc4cc0-d1b0-46a1-bf9f-f371de40ab31: our priority 1 > candidate's priority 0
2022-01-10 01:39:19,192 [grpc-default-executor-1] INFO  server.RaftServer$Division (RaftServerImpl.java:setRole(290)) - ac31b8ac-4c39-436f-94f4-016e041cabcc@group-37B3C5D67002: changes role from  FOLLOWER to FOLLOWER at term 3 for candidate:96dc4cc0-d1b0-46a1-bf9f-f371de40ab31
2022-01-10 01:39:19,192 [grpc-default-executor-1] INFO  impl.RoleInfo (RoleInfo.java:shutdownFollowerState(108)) - ac31b8ac-4c39-436f-94f4-016e041cabcc: shutdown ac31b8ac-4c39-436f-94f4-016e041cabcc@group-37B3C5D67002-FollowerState
2022-01-10 01:39:19,192 [grpc-default-executor-1] INFO  impl.RoleInfo (RoleInfo.java:updateAndGet(130)) - ac31b8ac-4c39-436f-94f4-016e041cabcc: start ac31b8ac-4c39-436f-94f4-016e041cabcc@group-37B3C5D67002-FollowerState
2022-01-10 01:39:19,192 [ac31b8ac-4c39-436f-94f4-016e041cabcc@group-37B3C5D67002-FollowerState] INFO  impl.FollowerState (FollowerState.java:run(143)) - ac31b8ac-4c39-436f-94f4-016e041cabcc@group-37B3C5D67002-FollowerState was interrupted: {}
java.lang.InterruptedException: sleep interrupted
	at java.lang.Thread.sleep(Native Method)
	at java.lang.Thread.sleep(Thread.java:340)
	at java.util.concurrent.TimeUnit.sleep(TimeUnit.java:386)
	at org.apache.ratis.util.TimeDuration.sleep(TimeDuration.java:324)
	at org.apache.ratis.util.TimeDuration.sleep(TimeDuration.java:309)
	at org.apache.ratis.server.impl.FollowerState.run(FollowerState.java:118)
2022-01-10 01:39:19,193 [grpc-default-executor-1] INFO  server.RaftServer$Division (RaftServerImpl.java:requestVote(1078)) - ac31b8ac-4c39-436f-94f4-016e041cabcc@group-37B3C5D67002 replies to ELECTION vote request: 96dc4cc0-d1b0-46a1-bf9f-f371de40ab31<-ac31b8ac-4c39-436f-94f4-016e041cabcc#0:FAIL-t3. Peer's state: ac31b8ac-4c39-436f-94f4-016e041cabcc@group-37B3C5D67002:t3, leader=null, voted=null, raftlog=ac31b8ac-4c39-436f-94f4-016e041cabcc@group-37B3C5D67002-SegmentedRaftLog:OPENED:c-1, conf=-1: [96dc4cc0-d1b0-46a1-bf9f-f371de40ab31|rpc:10.1.0.8:33365|dataStream:|priority:0, d4d4c30f-0c00-4009-b3f8-9054c310d47a|rpc:10.1.0.8:33041|dataStream:|priority:0, ac31b8ac-4c39-436f-94f4-016e041cabcc|rpc:10.1.0.8:41807|dataStream:|priority:1], old=null
2022-01-10 01:39:19,204 [grpc-default-executor-0] INFO  impl.RoleInfo (RoleInfo.java:updateAndGet(130)) - d4d4c30f-0c00-4009-b3f8-9054c310d47a: start d4d4c30f-0c00-4009-b3f8-9054c310d47a@group-37B3C5D67002-FollowerState
2022-01-10 01:39:19,216 [96dc4cc0-d1b0-46a1-bf9f-f371de40ab31@group-37B3C5D67002-LeaderElection69] INFO  impl.LeaderElection (LeaderElection.java:logAndReturn(89)) - 96dc4cc0-d1b0-46a1-bf9f-f371de40ab31@group-37B3C5D67002-LeaderElection69: ELECTION REJECTED received 1 response(s) and 0 exception(s):
2022-01-10 01:39:19,217 [96dc4cc0-d1b0-46a1-bf9f-f371de40ab31@group-37B3C5D67002-LeaderElection69] INFO  impl.LeaderElection (LeaderElection.java:logAndReturn(93)) -   Response 0: 96dc4cc0-d1b0-46a1-bf9f-f371de40ab31<-ac31b8ac-4c39-436f-94f4-016e041cabcc#0:FAIL-t3
2022-01-10 01:39:19,217 [96dc4cc0-d1b0-46a1-bf9f-f371de40ab31@group-37B3C5D67002-LeaderElection69] INFO  impl.LeaderElection (LeaderElection.java:askForVotes(308)) - 96dc4cc0-d1b0-46a1-bf9f-f371de40ab31@group-37B3C5D67002-LeaderElection69 ELECTION round 0: result REJECTED
2022-01-10 01:39:19,217 [96dc4cc0-d1b0-46a1-bf9f-f371de40ab31@group-37B3C5D67002-LeaderElection69] INFO  server.RaftServer$Division (RaftServerImpl.java:setRole(290)) - 96dc4cc0-d1b0-46a1-bf9f-f371de40ab31@group-37B3C5D67002: changes role from CANDIDATE to FOLLOWER at term 3 for REJECTED
2022-01-10 01:39:19,217 [96dc4cc0-d1b0-46a1-bf9f-f371de40ab31@group-37B3C5D67002-LeaderElection69] INFO  impl.RoleInfo (RoleInfo.java:shutdownLeaderElection(121)) - 96dc4cc0-d1b0-46a1-bf9f-f371de40ab31: shutdown 96dc4cc0-d1b0-46a1-bf9f-f371de40ab31@group-37B3C5D67002-LeaderElection69
2022-01-10 01:39:19,217 [96dc4cc0-d1b0-46a1-bf9f-f371de40ab31@group-37B3C5D67002-LeaderElection69] INFO  impl.RoleInfo (RoleInfo.java:updateAndGet(130)) - 96dc4cc0-d1b0-46a1-bf9f-f371de40ab31: start 96dc4cc0-d1b0-46a1-bf9f-f371de40ab31@group-37B3C5D67002-FollowerState
2022-01-10 01:39:19,231 [grpc-default-executor-0] INFO  server.RaftServer$Division (RaftServerImpl.java:requestVote(1078)) - d4d4c30f-0c00-4009-b3f8-9054c310d47a@group-37B3C5D67002 replies to ELECTION vote request: 96dc4cc0-d1b0-46a1-bf9f-f371de40ab31<-d4d4c30f-0c00-4009-b3f8-9054c310d47a#0:OK-t3. Peer's state: d4d4c30f-0c00-4009-b3f8-9054c310d47a@group-37B3C5D67002:t3, leader=null, voted=96dc4cc0-d1b0-46a1-bf9f-f371de40ab31, raftlog=d4d4c30f-0c00-4009-b3f8-9054c310d47a@group-37B3C5D67002-SegmentedRaftLog:OPENED:c-1, conf=-1: [96dc4cc0-d1b0-46a1-bf9f-f371de40ab31|rpc:10.1.0.8:33365|dataStream:|priority:0, d4d4c30f-0c00-4009-b3f8-9054c310d47a|rpc:10.1.0.8:33041|dataStream:|priority:0, ac31b8ac-4c39-436f-94f4-016e041cabcc|rpc:10.1.0.8:41807|dataStream:|priority:1], old=null
2022-01-10 01:39:19,558 [ac31b8ac-4c39-436f-94f4-016e041cabcc@group-8F2CC2144BA8-FollowerState] INFO  impl.FollowerState (FollowerState.java:run(134)) - ac31b8ac-4c39-436f-94f4-016e041cabcc@group-8F2CC2144BA8-FollowerState: change to CANDIDATE, lastRpcElapsedTime:5088520693ns, electionTimeout:5084ms
2022-01-10 01:39:19,558 [ac31b8ac-4c39-436f-94f4-016e041cabcc@group-8F2CC2144BA8-FollowerState] INFO  impl.RoleInfo (RoleInfo.java:shutdownFollowerState(108)) - ac31b8ac-4c39-436f-94f4-016e041cabcc: shutdown ac31b8ac-4c39-436f-94f4-016e041cabcc@group-8F2CC2144BA8-FollowerState
2022-01-10 01:39:19,558 [ac31b8ac-4c39-436f-94f4-016e041cabcc@group-8F2CC2144BA8-FollowerState] INFO  server.RaftServer$Division (RaftServerImpl.java:setRole(290)) - ac31b8ac-4c39-436f-94f4-016e041cabcc@group-8F2CC2144BA8: changes role from  FOLLOWER to CANDIDATE at term 2 for changeToCandidate
2022-01-10 01:39:19,558 [ac31b8ac-4c39-436f-94f4-016e041cabcc@group-8F2CC2144BA8-FollowerState] INFO  server.RaftServerConfigKeys (ConfUtils.java:logGet(44)) - raft.server.leaderelection.pre-vote = false (custom)
2022-01-10 01:39:19,558 [ac31b8ac-4c39-436f-94f4-016e041cabcc@group-8F2CC2144BA8-FollowerState] INFO  impl.RoleInfo (RoleInfo.java:updateAndGet(130)) - ac31b8ac-4c39-436f-94f4-016e041cabcc: start ac31b8ac-4c39-436f-94f4-016e041cabcc@group-8F2CC2144BA8-LeaderElection70
2022-01-10 01:39:19,567 [ac31b8ac-4c39-436f-94f4-016e041cabcc@group-8F2CC2144BA8-LeaderElection70] INFO  impl.LeaderElection (LeaderElection.java:askForVotes(306)) - ac31b8ac-4c39-436f-94f4-016e041cabcc@group-8F2CC2144BA8-LeaderElection70 ELECTION round 0: submit vote requests at term 3 for -1: [96dc4cc0-d1b0-46a1-bf9f-f371de40ab31|rpc:10.1.0.8:33365|dataStream:|priority:1, d4d4c30f-0c00-4009-b3f8-9054c310d47a|rpc:10.1.0.8:33041|dataStream:|priority:0, ac31b8ac-4c39-436f-94f4-016e041cabcc|rpc:10.1.0.8:41807|dataStream:|priority:0], old=null
2022-01-10 01:39:19,571 [96dc4cc0-d1b0-46a1-bf9f-f371de40ab31@group-8F2CC2144BA8-FollowerState] INFO  impl.FollowerState (FollowerState.java:run(134)) - 96dc4cc0-d1b0-46a1-bf9f-f371de40ab31@group-8F2CC2144BA8-FollowerState: change to CANDIDATE, lastRpcElapsedTime:5154183546ns, electionTimeout:5150ms
2022-01-10 01:39:19,571 [96dc4cc0-d1b0-46a1-bf9f-f371de40ab31@group-8F2CC2144BA8-FollowerState] INFO  impl.RoleInfo (RoleInfo.java:shutdownFollowerState(108)) - 96dc4cc0-d1b0-46a1-bf9f-f371de40ab31: shutdown 96dc4cc0-d1b0-46a1-bf9f-f371de40ab31@group-8F2CC2144BA8-FollowerState
2022-01-10 01:39:19,571 [96dc4cc0-d1b0-46a1-bf9f-f371de40ab31@group-8F2CC2144BA8-FollowerState] INFO  server.RaftServer$Division (RaftServerImpl.java:setRole(290)) - 96dc4cc0-d1b0-46a1-bf9f-f371de40ab31@group-8F2CC2144BA8: changes role from  FOLLOWER to CANDIDATE at term 2 for changeToCandidate
2022-01-10 01:39:19,575 [grpc-default-executor-0] INFO  server.RaftServer$Division (RaftServerImpl.java:requestVote(1046)) - 96dc4cc0-d1b0-46a1-bf9f-f371de40ab31@group-8F2CC2144BA8: receive requestVote(ELECTION, ac31b8ac-4c39-436f-94f4-016e041cabcc, group-8F2CC2144BA8, 3, (t:0, i:0))
2022-01-10 01:39:19,586 [96dc4cc0-d1b0-46a1-bf9f-f371de40ab31@group-8F2CC2144BA8-FollowerState] INFO  server.RaftServerConfigKeys (ConfUtils.java:logGet(44)) - raft.server.leaderelection.pre-vote = false (custom)
2022-01-10 01:39:19,587 [96dc4cc0-d1b0-46a1-bf9f-f371de40ab31@group-8F2CC2144BA8-FollowerState] INFO  impl.RoleInfo (RoleInfo.java:updateAndGet(130)) - 96dc4cc0-d1b0-46a1-bf9f-f371de40ab31: start 96dc4cc0-d1b0-46a1-bf9f-f371de40ab31@group-8F2CC2144BA8-LeaderElection71
2022-01-10 01:39:19,595 [d4d4c30f-0c00-4009-b3f8-9054c310d47a@group-8F2CC2144BA8-FollowerState] INFO  impl.FollowerState (FollowerState.java:run(134)) - d4d4c30f-0c00-4009-b3f8-9054c310d47a@group-8F2CC2144BA8-FollowerState: change to CANDIDATE, lastRpcElapsedTime:5110222709ns, electionTimeout:5105ms
2022-01-10 01:39:19,595 [d4d4c30f-0c00-4009-b3f8-9054c310d47a@group-8F2CC2144BA8-FollowerState] INFO  impl.RoleInfo (RoleInfo.java:shutdownFollowerState(108)) - d4d4c30f-0c00-4009-b3f8-9054c310d47a: shutdown d4d4c30f-0c00-4009-b3f8-9054c310d47a@group-8F2CC2144BA8-FollowerState
2022-01-10 01:39:19,595 [d4d4c30f-0c00-4009-b3f8-9054c310d47a@group-8F2CC2144BA8-FollowerState] INFO  server.RaftServer$Division (RaftServerImpl.java:setRole(290)) - d4d4c30f-0c00-4009-b3f8-9054c310d47a@group-8F2CC2144BA8: changes role from  FOLLOWER to CANDIDATE at term 2 for changeToCandidate
2022-01-10 01:39:19,595 [d4d4c30f-0c00-4009-b3f8-9054c310d47a@group-8F2CC2144BA8-FollowerState] INFO  server.RaftServerConfigKeys (ConfUtils.java:logGet(44)) - raft.server.leaderelection.pre-vote = false (custom)
2022-01-10 01:39:19,595 [d4d4c30f-0c00-4009-b3f8-9054c310d47a@group-8F2CC2144BA8-FollowerState] INFO  impl.RoleInfo (RoleInfo.java:updateAndGet(130)) - d4d4c30f-0c00-4009-b3f8-9054c310d47a: start d4d4c30f-0c00-4009-b3f8-9054c310d47a@group-8F2CC2144BA8-LeaderElection72
2022-01-10 01:39:19,595 [grpc-default-executor-0] INFO  impl.VoteContext (VoteContext.java:log(48)) - 96dc4cc0-d1b0-46a1-bf9f-f371de40ab31@group-8F2CC2144BA8-CANDIDATE: reject ELECTION from ac31b8ac-4c39-436f-94f4-016e041cabcc: our priority 1 > candidate's priority 0
2022-01-10 01:39:19,595 [grpc-default-executor-0] INFO  server.RaftServer$Division (RaftServerImpl.java:setRole(290)) - 96dc4cc0-d1b0-46a1-bf9f-f371de40ab31@group-8F2CC2144BA8: changes role from CANDIDATE to FOLLOWER at term 3 for candidate:ac31b8ac-4c39-436f-94f4-016e041cabcc
2022-01-10 01:39:19,595 [grpc-default-executor-0] INFO  impl.RoleInfo (RoleInfo.java:shutdownLeaderElection(121)) - 96dc4cc0-d1b0-46a1-bf9f-f371de40ab31: shutdown 96dc4cc0-d1b0-46a1-bf9f-f371de40ab31@group-8F2CC2144BA8-LeaderElection71
2022-01-10 01:39:19,596 [96dc4cc0-d1b0-46a1-bf9f-f371de40ab31@group-8F2CC2144BA8-LeaderElection71] INFO  impl.LeaderElection (LeaderElection.java:run(230)) - 96dc4cc0-d1b0-46a1-bf9f-f371de40ab31@group-8F2CC2144BA8-LeaderElection71: skip running since this is already CLOSING
2022-01-10 01:39:19,615 [grpc-default-executor-1] INFO  server.RaftServer$Division (RaftServerImpl.java:requestVote(1046)) - d4d4c30f-0c00-4009-b3f8-9054c310d47a@group-8F2CC2144BA8: receive requestVote(ELECTION, ac31b8ac-4c39-436f-94f4-016e041cabcc, group-8F2CC2144BA8, 3, (t:0, i:0))
2022-01-10 01:39:19,616 [grpc-default-executor-0] INFO  impl.RoleInfo (RoleInfo.java:updateAndGet(130)) - 96dc4cc0-d1b0-46a1-bf9f-f371de40ab31: start 96dc4cc0-d1b0-46a1-bf9f-f371de40ab31@group-8F2CC2144BA8-FollowerState
2022-01-10 01:39:19,617 [grpc-default-executor-1] INFO  impl.VoteContext (VoteContext.java:log(48)) - d4d4c30f-0c00-4009-b3f8-9054c310d47a@group-8F2CC2144BA8-CANDIDATE: reject ELECTION from ac31b8ac-4c39-436f-94f4-016e041cabcc: already has voted for d4d4c30f-0c00-4009-b3f8-9054c310d47a at current term 3
2022-01-10 01:39:19,617 [grpc-default-executor-1] INFO  server.RaftServer$Division (RaftServerImpl.java:requestVote(1078)) - d4d4c30f-0c00-4009-b3f8-9054c310d47a@group-8F2CC2144BA8 replies to ELECTION vote request: ac31b8ac-4c39-436f-94f4-016e041cabcc<-d4d4c30f-0c00-4009-b3f8-9054c310d47a#0:FAIL-t3. Peer's state: d4d4c30f-0c00-4009-b3f8-9054c310d47a@group-8F2CC2144BA8:t3, leader=null, voted=d4d4c30f-0c00-4009-b3f8-9054c310d47a, raftlog=d4d4c30f-0c00-4009-b3f8-9054c310d47a@group-8F2CC2144BA8-SegmentedRaftLog:OPENED:c-1, conf=-1: [96dc4cc0-d1b0-46a1-bf9f-f371de40ab31|rpc:10.1.0.8:33365|priority:1, d4d4c30f-0c00-4009-b3f8-9054c310d47a|rpc:10.1.0.8:33041|priority:0, ac31b8ac-4c39-436f-94f4-016e041cabcc|rpc:10.1.0.8:41807|priority:0], old=null
2022-01-10 01:39:19,617 [d4d4c30f-0c00-4009-b3f8-9054c310d47a@group-8F2CC2144BA8-LeaderElection72] INFO  impl.LeaderElection (LeaderElection.java:askForVotes(306)) - d4d4c30f-0c00-4009-b3f8-9054c310d47a@group-8F2CC2144BA8-LeaderElection72 ELECTION round 0: submit vote requests at term 3 for -1: [96dc4cc0-d1b0-46a1-bf9f-f371de40ab31|rpc:10.1.0.8:33365|priority:1, d4d4c30f-0c00-4009-b3f8-9054c310d47a|rpc:10.1.0.8:33041|priority:0, ac31b8ac-4c39-436f-94f4-016e041cabcc|rpc:10.1.0.8:41807|priority:0], old=null
2022-01-10 01:39:19,628 [grpc-default-executor-0] INFO  server.RaftServer$Division (RaftServerImpl.java:requestVote(1078)) - 96dc4cc0-d1b0-46a1-bf9f-f371de40ab31@group-8F2CC2144BA8 replies to ELECTION vote request: ac31b8ac-4c39-436f-94f4-016e041cabcc<-96dc4cc0-d1b0-46a1-bf9f-f371de40ab31#0:FAIL-t3. Peer's state: 96dc4cc0-d1b0-46a1-bf9f-f371de40ab31@group-8F2CC2144BA8:t3, leader=null, voted=null, raftlog=96dc4cc0-d1b0-46a1-bf9f-f371de40ab31@group-8F2CC2144BA8-SegmentedRaftLog:OPENED:c-1, conf=-1: [96dc4cc0-d1b0-46a1-bf9f-f371de40ab31|rpc:10.1.0.8:33365|priority:1, d4d4c30f-0c00-4009-b3f8-9054c310d47a|rpc:10.1.0.8:33041|priority:0, ac31b8ac-4c39-436f-94f4-016e041cabcc|rpc:10.1.0.8:41807|priority:0], old=null
2022-01-10 01:39:19,666 [grpc-default-executor-1] INFO  server.RaftServer$Division (RaftServerImpl.java:requestVote(1046)) - 96dc4cc0-d1b0-46a1-bf9f-f371de40ab31@group-8F2CC2144BA8: receive requestVote(ELECTION, d4d4c30f-0c00-4009-b3f8-9054c310d47a, group-8F2CC2144BA8, 3, (t:0, i:0))
2022-01-10 01:39:19,666 [grpc-default-executor-1] INFO  impl.VoteContext (VoteContext.java:log(48)) - 96dc4cc0-d1b0-46a1-bf9f-f371de40ab31@group-8F2CC2144BA8-FOLLOWER: reject ELECTION from d4d4c30f-0c00-4009-b3f8-9054c310d47a: our priority 1 > candidate's priority 0
2022-01-10 01:39:19,666 [grpc-default-executor-1] INFO  server.RaftServer$Division (RaftServerImpl.java:setRole(290)) - 96dc4cc0-d1b0-46a1-bf9f-f371de40ab31@group-8F2CC2144BA8: changes role from  FOLLOWER to FOLLOWER at term 3 for candidate:d4d4c30f-0c00-4009-b3f8-9054c310d47a
2022-01-10 01:39:19,666 [grpc-default-executor-1] INFO  impl.RoleInfo (RoleInfo.java:shutdownFollowerState(108)) - 96dc4cc0-d1b0-46a1-bf9f-f371de40ab31: shutdown 96dc4cc0-d1b0-46a1-bf9f-f371de40ab31@group-8F2CC2144BA8-FollowerState
2022-01-10 01:39:19,666 [grpc-default-executor-1] INFO  impl.RoleInfo (RoleInfo.java:updateAndGet(130)) - 96dc4cc0-d1b0-46a1-bf9f-f371de40ab31: start 96dc4cc0-d1b0-46a1-bf9f-f371de40ab31@group-8F2CC2144BA8-FollowerState
2022-01-10 01:39:19,666 [96dc4cc0-d1b0-46a1-bf9f-f371de40ab31@group-8F2CC2144BA8-FollowerState] INFO  impl.FollowerState (FollowerState.java:run(143)) - 96dc4cc0-d1b0-46a1-bf9f-f371de40ab31@group-8F2CC2144BA8-FollowerState was interrupted: {}
java.lang.InterruptedException: sleep interrupted
	at java.lang.Thread.sleep(Native Method)
	at java.lang.Thread.sleep(Thread.java:340)
	at java.util.concurrent.TimeUnit.sleep(TimeUnit.java:386)
	at org.apache.ratis.util.TimeDuration.sleep(TimeDuration.java:324)
	at org.apache.ratis.util.TimeDuration.sleep(TimeDuration.java:309)
	at org.apache.ratis.server.impl.FollowerState.run(FollowerState.java:118)
2022-01-10 01:39:19,675 [ac31b8ac-4c39-436f-94f4-016e041cabcc@group-8F2CC2144BA8-LeaderElection70] INFO  impl.LeaderElection (LeaderElection.java:logAndReturn(89)) - ac31b8ac-4c39-436f-94f4-016e041cabcc@group-8F2CC2144BA8-LeaderElection70: ELECTION REJECTED received 2 response(s) and 0 exception(s):
2022-01-10 01:39:19,675 [ac31b8ac-4c39-436f-94f4-016e041cabcc@group-8F2CC2144BA8-LeaderElection70] INFO  impl.LeaderElection (LeaderElection.java:logAndReturn(93)) -   Response 0: ac31b8ac-4c39-436f-94f4-016e041cabcc<-96dc4cc0-d1b0-46a1-bf9f-f371de40ab31#0:FAIL-t3
2022-01-10 01:39:19,675 [ac31b8ac-4c39-436f-94f4-016e041cabcc@group-8F2CC2144BA8-LeaderElection70] INFO  impl.LeaderElection (LeaderElection.java:logAndReturn(93)) -   Response 1: ac31b8ac-4c39-436f-94f4-016e041cabcc<-d4d4c30f-0c00-4009-b3f8-9054c310d47a#0:FAIL-t3
2022-01-10 01:39:19,675 [ac31b8ac-4c39-436f-94f4-016e041cabcc@group-8F2CC2144BA8-LeaderElection70] INFO  impl.LeaderElection (LeaderElection.java:askForVotes(308)) - ac31b8ac-4c39-436f-94f4-016e041cabcc@group-8F2CC2144BA8-LeaderElection70 ELECTION round 0: result REJECTED
2022-01-10 01:39:19,675 [ac31b8ac-4c39-436f-94f4-016e041cabcc@group-8F2CC2144BA8-LeaderElection70] INFO  server.RaftServer$Division (RaftServerImpl.java:setRole(290)) - ac31b8ac-4c39-436f-94f4-016e041cabcc@group-8F2CC2144BA8: changes role from CANDIDATE to FOLLOWER at term 3 for REJECTED
2022-01-10 01:39:19,675 [ac31b8ac-4c39-436f-94f4-016e041cabcc@group-8F2CC2144BA8-LeaderElection70] INFO  impl.RoleInfo (RoleInfo.java:shutdownLeaderElection(121)) - ac31b8ac-4c39-436f-94f4-016e041cabcc: shutdown ac31b8ac-4c39-436f-94f4-016e041cabcc@group-8F2CC2144BA8-LeaderElection70
2022-01-10 01:39:19,675 [ac31b8ac-4c39-436f-94f4-016e041cabcc@group-8F2CC2144BA8-LeaderElection70] INFO  impl.RoleInfo (RoleInfo.java:updateAndGet(130)) - ac31b8ac-4c39-436f-94f4-016e041cabcc: start ac31b8ac-4c39-436f-94f4-016e041cabcc@group-8F2CC2144BA8-FollowerState
2022-01-10 01:39:19,672 [grpc-default-executor-1] INFO  server.RaftServer$Division (RaftServerImpl.java:requestVote(1078)) - 96dc4cc0-d1b0-46a1-bf9f-f371de40ab31@group-8F2CC2144BA8 replies to ELECTION vote request: d4d4c30f-0c00-4009-b3f8-9054c310d47a<-96dc4cc0-d1b0-46a1-bf9f-f371de40ab31#0:FAIL-t3. Peer's state: 96dc4cc0-d1b0-46a1-bf9f-f371de40ab31@group-8F2CC2144BA8:t3, leader=null, voted=null, raftlog=96dc4cc0-d1b0-46a1-bf9f-f371de40ab31@group-8F2CC2144BA8-SegmentedRaftLog:OPENED:c-1, conf=-1: [96dc4cc0-d1b0-46a1-bf9f-f371de40ab31|rpc:10.1.0.8:33365|priority:1, d4d4c30f-0c00-4009-b3f8-9054c310d47a|rpc:10.1.0.8:33041|priority:0, ac31b8ac-4c39-436f-94f4-016e041cabcc|rpc:10.1.0.8:41807|priority:0], old=null
2022-01-10 01:39:19,667 [grpc-default-executor-0] INFO  server.RaftServer$Division (RaftServerImpl.java:requestVote(1046)) - ac31b8ac-4c39-436f-94f4-016e041cabcc@group-8F2CC2144BA8: receive requestVote(ELECTION, d4d4c30f-0c00-4009-b3f8-9054c310d47a, group-8F2CC2144BA8, 3, (t:0, i:0))
2022-01-10 01:39:19,676 [grpc-default-executor-0] INFO  impl.VoteContext (VoteContext.java:log(48)) - ac31b8ac-4c39-436f-94f4-016e041cabcc@group-8F2CC2144BA8-FOLLOWER: reject ELECTION from d4d4c30f-0c00-4009-b3f8-9054c310d47a: already has voted for ac31b8ac-4c39-436f-94f4-016e041cabcc at current term 3
2022-01-10 01:39:19,676 [grpc-default-executor-0] INFO  server.RaftServer$Division (RaftServerImpl.java:requestVote(1078)) - ac31b8ac-4c39-436f-94f4-016e041cabcc@group-8F2CC2144BA8 replies to ELECTION vote request: d4d4c30f-0c00-4009-b3f8-9054c310d47a<-ac31b8ac-4c39-436f-94f4-016e041cabcc#0:FAIL-t3. Peer's state: ac31b8ac-4c39-436f-94f4-016e041cabcc@group-8F2CC2144BA8:t3, leader=null, voted=ac31b8ac-4c39-436f-94f4-016e041cabcc, raftlog=ac31b8ac-4c39-436f-94f4-016e041cabcc@group-8F2CC2144BA8-SegmentedRaftLog:OPENED:c-1, conf=-1: [96dc4cc0-d1b0-46a1-bf9f-f371de40ab31|rpc:10.1.0.8:33365|dataStream:|priority:1, d4d4c30f-0c00-4009-b3f8-9054c310d47a|rpc:10.1.0.8:33041|dataStream:|priority:0, ac31b8ac-4c39-436f-94f4-016e041cabcc|rpc:10.1.0.8:41807|dataStream:|priority:0], old=null
2022-01-10 01:39:19,696 [d4d4c30f-0c00-4009-b3f8-9054c310d47a@group-8F2CC2144BA8-LeaderElection72] INFO  impl.LeaderElection (LeaderElection.java:logAndReturn(89)) - d4d4c30f-0c00-4009-b3f8-9054c310d47a@group-8F2CC2144BA8-LeaderElection72: ELECTION REJECTED received 2 response(s) and 0 exception(s):
2022-01-10 01:39:19,697 [d4d4c30f-0c00-4009-b3f8-9054c310d47a@group-8F2CC2144BA8-LeaderElection72] INFO  impl.LeaderElection (LeaderElection.java:logAndReturn(93)) -   Response 0: d4d4c30f-0c00-4009-b3f8-9054c310d47a<-96dc4cc0-d1b0-46a1-bf9f-f371de40ab31#0:FAIL-t3
2022-01-10 01:39:19,697 [d4d4c30f-0c00-4009-b3f8-9054c310d47a@group-8F2CC2144BA8-LeaderElection72] INFO  impl.LeaderElection (LeaderElection.java:logAndReturn(93)) -   Response 1: d4d4c30f-0c00-4009-b3f8-9054c310d47a<-ac31b8ac-4c39-436f-94f4-016e041cabcc#0:FAIL-t3
2022-01-10 01:39:19,697 [d4d4c30f-0c00-4009-b3f8-9054c310d47a@group-8F2CC2144BA8-LeaderElection72] INFO  impl.LeaderElection (LeaderElection.java:askForVotes(308)) - d4d4c30f-0c00-4009-b3f8-9054c310d47a@group-8F2CC2144BA8-LeaderElection72 ELECTION round 0: result REJECTED
2022-01-10 01:39:19,697 [d4d4c30f-0c00-4009-b3f8-9054c310d47a@group-8F2CC2144BA8-LeaderElection72] INFO  server.RaftServer$Division (RaftServerImpl.java:setRole(290)) - d4d4c30f-0c00-4009-b3f8-9054c310d47a@group-8F2CC2144BA8: changes role from CANDIDATE to FOLLOWER at term 3 for REJECTED
2022-01-10 01:39:19,697 [d4d4c30f-0c00-4009-b3f8-9054c310d47a@group-8F2CC2144BA8-LeaderElection72] INFO  impl.RoleInfo (RoleInfo.java:shutdownLeaderElection(121)) - d4d4c30f-0c00-4009-b3f8-9054c310d47a: shutdown d4d4c30f-0c00-4009-b3f8-9054c310d47a@group-8F2CC2144BA8-LeaderElection72
2022-01-10 01:39:19,697 [d4d4c30f-0c00-4009-b3f8-9054c310d47a@group-8F2CC2144BA8-LeaderElection72] INFO  impl.RoleInfo (RoleInfo.java:updateAndGet(130)) - d4d4c30f-0c00-4009-b3f8-9054c310d47a: start d4d4c30f-0c00-4009-b3f8-9054c310d47a@group-8F2CC2144BA8-FollowerState
2022-01-10 01:39:20,142 [Listener at 127.0.0.1/39021] INFO  ozone.MiniOzoneClusterImpl (MiniOzoneClusterImpl.java:lambda$waitForClusterToBeReady$0(235)) - Nodes are ready. Got 3 of 3 DN Heartbeats.
2022-01-10 01:39:20,144 [Listener at 127.0.0.1/39021] INFO  ozone.MiniOzoneClusterImpl (MiniOzoneClusterImpl.java:lambda$waitForClusterToBeReady$0(238)) - Waiting for cluster to exit safe mode
2022-01-10 01:39:20,144 [Listener at 127.0.0.1/39021] INFO  ozone.MiniOzoneClusterImpl (MiniOzoneClusterImpl.java:lambda$waitForClusterToBeReady$0(240)) - SCM became leader
2022-01-10 01:39:21,144 [Listener at 127.0.0.1/39021] INFO  ozone.MiniOzoneClusterImpl (MiniOzoneClusterImpl.java:lambda$waitForClusterToBeReady$0(235)) - Nodes are ready. Got 3 of 3 DN Heartbeats.
2022-01-10 01:39:21,144 [Listener at 127.0.0.1/39021] INFO  ozone.MiniOzoneClusterImpl (MiniOzoneClusterImpl.java:lambda$waitForClusterToBeReady$0(238)) - Waiting for cluster to exit safe mode
2022-01-10 01:39:21,144 [Listener at 127.0.0.1/39021] INFO  ozone.MiniOzoneClusterImpl (MiniOzoneClusterImpl.java:lambda$waitForClusterToBeReady$0(240)) - SCM became leader
2022-01-10 01:39:22,144 [Listener at 127.0.0.1/39021] INFO  ozone.MiniOzoneClusterImpl (MiniOzoneClusterImpl.java:lambda$waitForClusterToBeReady$0(235)) - Nodes are ready. Got 3 of 3 DN Heartbeats.
2022-01-10 01:39:22,145 [Listener at 127.0.0.1/39021] INFO  ozone.MiniOzoneClusterImpl (MiniOzoneClusterImpl.java:lambda$waitForClusterToBeReady$0(238)) - Waiting for cluster to exit safe mode
2022-01-10 01:39:22,145 [Listener at 127.0.0.1/39021] INFO  ozone.MiniOzoneClusterImpl (MiniOzoneClusterImpl.java:lambda$waitForClusterToBeReady$0(240)) - SCM became leader
2022-01-10 01:39:23,145 [Listener at 127.0.0.1/39021] INFO  ozone.MiniOzoneClusterImpl (MiniOzoneClusterImpl.java:lambda$waitForClusterToBeReady$0(235)) - Nodes are ready. Got 3 of 3 DN Heartbeats.
2022-01-10 01:39:23,145 [Listener at 127.0.0.1/39021] INFO  ozone.MiniOzoneClusterImpl (MiniOzoneClusterImpl.java:lambda$waitForClusterToBeReady$0(238)) - Waiting for cluster to exit safe mode
2022-01-10 01:39:23,145 [Listener at 127.0.0.1/39021] INFO  ozone.MiniOzoneClusterImpl (MiniOzoneClusterImpl.java:lambda$waitForClusterToBeReady$0(240)) - SCM became leader
2022-01-10 01:39:24,145 [Listener at 127.0.0.1/39021] INFO  ozone.MiniOzoneClusterImpl (MiniOzoneClusterImpl.java:lambda$waitForClusterToBeReady$0(235)) - Nodes are ready. Got 3 of 3 DN Heartbeats.
2022-01-10 01:39:24,146 [Listener at 127.0.0.1/39021] INFO  ozone.MiniOzoneClusterImpl (MiniOzoneClusterImpl.java:lambda$waitForClusterToBeReady$0(238)) - Waiting for cluster to exit safe mode
2022-01-10 01:39:24,146 [Listener at 127.0.0.1/39021] INFO  ozone.MiniOzoneClusterImpl (MiniOzoneClusterImpl.java:lambda$waitForClusterToBeReady$0(240)) - SCM became leader
2022-01-10 01:39:24,294 [ac31b8ac-4c39-436f-94f4-016e041cabcc@group-37B3C5D67002-FollowerState] INFO  impl.FollowerState (FollowerState.java:run(134)) - ac31b8ac-4c39-436f-94f4-016e041cabcc@group-37B3C5D67002-FollowerState: change to CANDIDATE, lastRpcElapsedTime:5102714664ns, electionTimeout:5102ms
2022-01-10 01:39:24,295 [ac31b8ac-4c39-436f-94f4-016e041cabcc@group-37B3C5D67002-FollowerState] INFO  impl.RoleInfo (RoleInfo.java:shutdownFollowerState(108)) - ac31b8ac-4c39-436f-94f4-016e041cabcc: shutdown ac31b8ac-4c39-436f-94f4-016e041cabcc@group-37B3C5D67002-FollowerState
2022-01-10 01:39:24,295 [ac31b8ac-4c39-436f-94f4-016e041cabcc@group-37B3C5D67002-FollowerState] INFO  server.RaftServer$Division (RaftServerImpl.java:setRole(290)) - ac31b8ac-4c39-436f-94f4-016e041cabcc@group-37B3C5D67002: changes role from  FOLLOWER to CANDIDATE at term 3 for changeToCandidate
2022-01-10 01:39:24,295 [ac31b8ac-4c39-436f-94f4-016e041cabcc@group-37B3C5D67002-FollowerState] INFO  server.RaftServerConfigKeys (ConfUtils.java:logGet(44)) - raft.server.leaderelection.pre-vote = false (custom)
2022-01-10 01:39:24,295 [ac31b8ac-4c39-436f-94f4-016e041cabcc@group-37B3C5D67002-FollowerState] INFO  impl.RoleInfo (RoleInfo.java:updateAndGet(130)) - ac31b8ac-4c39-436f-94f4-016e041cabcc: start ac31b8ac-4c39-436f-94f4-016e041cabcc@group-37B3C5D67002-LeaderElection73
2022-01-10 01:39:24,323 [ac31b8ac-4c39-436f-94f4-016e041cabcc@group-37B3C5D67002-LeaderElection73] INFO  impl.LeaderElection (LeaderElection.java:askForVotes(306)) - ac31b8ac-4c39-436f-94f4-016e041cabcc@group-37B3C5D67002-LeaderElection73 ELECTION round 0: submit vote requests at term 4 for -1: [96dc4cc0-d1b0-46a1-bf9f-f371de40ab31|rpc:10.1.0.8:33365|dataStream:|priority:0, d4d4c30f-0c00-4009-b3f8-9054c310d47a|rpc:10.1.0.8:33041|dataStream:|priority:0, ac31b8ac-4c39-436f-94f4-016e041cabcc|rpc:10.1.0.8:41807|dataStream:|priority:1], old=null
2022-01-10 01:39:24,325 [grpc-default-executor-1] INFO  server.RaftServer$Division (RaftServerImpl.java:requestVote(1046)) - 96dc4cc0-d1b0-46a1-bf9f-f371de40ab31@group-37B3C5D67002: receive requestVote(ELECTION, ac31b8ac-4c39-436f-94f4-016e041cabcc, group-37B3C5D67002, 4, (t:0, i:0))
2022-01-10 01:39:24,325 [grpc-default-executor-1] INFO  impl.VoteContext (VoteContext.java:log(48)) - 96dc4cc0-d1b0-46a1-bf9f-f371de40ab31@group-37B3C5D67002-FOLLOWER: accept ELECTION from ac31b8ac-4c39-436f-94f4-016e041cabcc: our priority 0 <= candidate's priority 1
2022-01-10 01:39:24,325 [grpc-default-executor-1] INFO  server.RaftServer$Division (RaftServerImpl.java:setRole(290)) - 96dc4cc0-d1b0-46a1-bf9f-f371de40ab31@group-37B3C5D67002: changes role from  FOLLOWER to FOLLOWER at term 4 for candidate:ac31b8ac-4c39-436f-94f4-016e041cabcc
2022-01-10 01:39:24,325 [grpc-default-executor-1] INFO  impl.RoleInfo (RoleInfo.java:shutdownFollowerState(108)) - 96dc4cc0-d1b0-46a1-bf9f-f371de40ab31: shutdown 96dc4cc0-d1b0-46a1-bf9f-f371de40ab31@group-37B3C5D67002-FollowerState
2022-01-10 01:39:24,325 [grpc-default-executor-1] INFO  impl.RoleInfo (RoleInfo.java:updateAndGet(130)) - 96dc4cc0-d1b0-46a1-bf9f-f371de40ab31: start 96dc4cc0-d1b0-46a1-bf9f-f371de40ab31@group-37B3C5D67002-FollowerState
2022-01-10 01:39:24,326 [grpc-default-executor-0] INFO  server.RaftServer$Division (RaftServerImpl.java:requestVote(1046)) - d4d4c30f-0c00-4009-b3f8-9054c310d47a@group-37B3C5D67002: receive requestVote(ELECTION, ac31b8ac-4c39-436f-94f4-016e041cabcc, group-37B3C5D67002, 4, (t:0, i:0))
2022-01-10 01:39:24,334 [grpc-default-executor-0] INFO  impl.VoteContext (VoteContext.java:log(48)) - d4d4c30f-0c00-4009-b3f8-9054c310d47a@group-37B3C5D67002-FOLLOWER: accept ELECTION from ac31b8ac-4c39-436f-94f4-016e041cabcc: our priority 0 <= candidate's priority 1
2022-01-10 01:39:24,334 [grpc-default-executor-0] INFO  server.RaftServer$Division (RaftServerImpl.java:setRole(290)) - d4d4c30f-0c00-4009-b3f8-9054c310d47a@group-37B3C5D67002: changes role from  FOLLOWER to FOLLOWER at term 4 for candidate:ac31b8ac-4c39-436f-94f4-016e041cabcc
2022-01-10 01:39:24,335 [grpc-default-executor-0] INFO  impl.RoleInfo (RoleInfo.java:shutdownFollowerState(108)) - d4d4c30f-0c00-4009-b3f8-9054c310d47a: shutdown d4d4c30f-0c00-4009-b3f8-9054c310d47a@group-37B3C5D67002-FollowerState
2022-01-10 01:39:24,335 [grpc-default-executor-0] INFO  impl.RoleInfo (RoleInfo.java:updateAndGet(130)) - d4d4c30f-0c00-4009-b3f8-9054c310d47a: start d4d4c30f-0c00-4009-b3f8-9054c310d47a@group-37B3C5D67002-FollowerState
2022-01-10 01:39:24,335 [96dc4cc0-d1b0-46a1-bf9f-f371de40ab31@group-37B3C5D67002-FollowerState] INFO  impl.FollowerState (FollowerState.java:run(143)) - 96dc4cc0-d1b0-46a1-bf9f-f371de40ab31@group-37B3C5D67002-FollowerState was interrupted: {}
java.lang.InterruptedException: sleep interrupted
	at java.lang.Thread.sleep(Native Method)
	at java.lang.Thread.sleep(Thread.java:340)
	at java.util.concurrent.TimeUnit.sleep(TimeUnit.java:386)
	at org.apache.ratis.util.TimeDuration.sleep(TimeDuration.java:324)
	at org.apache.ratis.util.TimeDuration.sleep(TimeDuration.java:309)
	at org.apache.ratis.server.impl.FollowerState.run(FollowerState.java:118)
2022-01-10 01:39:24,338 [grpc-default-executor-0] INFO  server.RaftServer$Division (RaftServerImpl.java:requestVote(1078)) - d4d4c30f-0c00-4009-b3f8-9054c310d47a@group-37B3C5D67002 replies to ELECTION vote request: ac31b8ac-4c39-436f-94f4-016e041cabcc<-d4d4c30f-0c00-4009-b3f8-9054c310d47a#0:OK-t4. Peer's state: d4d4c30f-0c00-4009-b3f8-9054c310d47a@group-37B3C5D67002:t4, leader=null, voted=ac31b8ac-4c39-436f-94f4-016e041cabcc, raftlog=d4d4c30f-0c00-4009-b3f8-9054c310d47a@group-37B3C5D67002-SegmentedRaftLog:OPENED:c-1, conf=-1: [96dc4cc0-d1b0-46a1-bf9f-f371de40ab31|rpc:10.1.0.8:33365|dataStream:|priority:0, d4d4c30f-0c00-4009-b3f8-9054c310d47a|rpc:10.1.0.8:33041|dataStream:|priority:0, ac31b8ac-4c39-436f-94f4-016e041cabcc|rpc:10.1.0.8:41807|dataStream:|priority:1], old=null
2022-01-10 01:39:24,340 [ac31b8ac-4c39-436f-94f4-016e041cabcc@group-37B3C5D67002-LeaderElection73] INFO  impl.LeaderElection (LeaderElection.java:logAndReturn(89)) - ac31b8ac-4c39-436f-94f4-016e041cabcc@group-37B3C5D67002-LeaderElection73: ELECTION PASSED received 1 response(s) and 0 exception(s):
2022-01-10 01:39:24,340 [ac31b8ac-4c39-436f-94f4-016e041cabcc@group-37B3C5D67002-LeaderElection73] INFO  impl.LeaderElection (LeaderElection.java:logAndReturn(93)) -   Response 0: ac31b8ac-4c39-436f-94f4-016e041cabcc<-d4d4c30f-0c00-4009-b3f8-9054c310d47a#0:OK-t4
2022-01-10 01:39:24,340 [ac31b8ac-4c39-436f-94f4-016e041cabcc@group-37B3C5D67002-LeaderElection73] INFO  impl.LeaderElection (LeaderElection.java:askForVotes(308)) - ac31b8ac-4c39-436f-94f4-016e041cabcc@group-37B3C5D67002-LeaderElection73 ELECTION round 0: result PASSED
2022-01-10 01:39:24,340 [ac31b8ac-4c39-436f-94f4-016e041cabcc@group-37B3C5D67002-LeaderElection73] INFO  impl.RoleInfo (RoleInfo.java:shutdownLeaderElection(121)) - ac31b8ac-4c39-436f-94f4-016e041cabcc: shutdown ac31b8ac-4c39-436f-94f4-016e041cabcc@group-37B3C5D67002-LeaderElection73
2022-01-10 01:39:24,340 [ac31b8ac-4c39-436f-94f4-016e041cabcc@group-37B3C5D67002-LeaderElection73] INFO  server.RaftServer$Division (RaftServerImpl.java:setRole(290)) - ac31b8ac-4c39-436f-94f4-016e041cabcc@group-37B3C5D67002: changes role from CANDIDATE to LEADER at term 4 for changeToLeader
2022-01-10 01:39:24,340 [ac31b8ac-4c39-436f-94f4-016e041cabcc@group-37B3C5D67002-LeaderElection73] INFO  ratis.XceiverServerRatis (XceiverServerRatis.java:handleLeaderChangedNotification(866)) - Leader change notification received for group: group-37B3C5D67002 with new leaderId: ac31b8ac-4c39-436f-94f4-016e041cabcc
2022-01-10 01:39:24,340 [ac31b8ac-4c39-436f-94f4-016e041cabcc@group-37B3C5D67002-LeaderElection73] INFO  server.RaftServer$Division (ServerState.java:setLeader(285)) - ac31b8ac-4c39-436f-94f4-016e041cabcc@group-37B3C5D67002: change Leader from null to ac31b8ac-4c39-436f-94f4-016e041cabcc at term 4 for becomeLeader, leader elected after 20481ms
2022-01-10 01:39:24,340 [ac31b8ac-4c39-436f-94f4-016e041cabcc@group-37B3C5D67002-LeaderElection73] INFO  server.RaftServerConfigKeys (ConfUtils.java:logGet(44)) - raft.server.staging.catchup.gap = 1000 (default)
2022-01-10 01:39:24,341 [ac31b8ac-4c39-436f-94f4-016e041cabcc@group-37B3C5D67002-LeaderElection73] INFO  server.RaftServerConfigKeys (ConfUtils.java:logGet(44)) - raft.server.write.element-limit = 1024 (custom)
2022-01-10 01:39:24,341 [ac31b8ac-4c39-436f-94f4-016e041cabcc@group-37B3C5D67002-LeaderElection73] INFO  server.RaftServerConfigKeys (ConfUtils.java:logGet(44)) - raft.server.write.byte-limit = 1024 M (=1073741824) (custom)
2022-01-10 01:39:24,341 [ac31b8ac-4c39-436f-94f4-016e041cabcc@group-37B3C5D67002-LeaderElection73] INFO  server.RaftServerConfigKeys (ConfUtils.java:logGet(44)) - raft.server.watch.timeout = 180s (custom)
2022-01-10 01:39:24,341 [ac31b8ac-4c39-436f-94f4-016e041cabcc@group-37B3C5D67002-LeaderElection73] INFO  server.RaftServerConfigKeys (ConfUtils.java:logGet(44)) - raft.server.watch.timeout.denomination = 1s (default)
2022-01-10 01:39:24,341 [ac31b8ac-4c39-436f-94f4-016e041cabcc@group-37B3C5D67002-LeaderElection73] INFO  server.RaftServerConfigKeys (ConfUtils.java:logGet(44)) - raft.server.watch.element-limit = 65536 (default)
2022-01-10 01:39:24,341 [ac31b8ac-4c39-436f-94f4-016e041cabcc@group-37B3C5D67002-LeaderElection73] INFO  server.RaftServerConfigKeys (ConfUtils.java:logGet(44)) - raft.server.write.element-limit = 1024 (custom)
2022-01-10 01:39:24,341 [ac31b8ac-4c39-436f-94f4-016e041cabcc@group-37B3C5D67002-LeaderElection73] INFO  server.RaftServerConfigKeys (ConfUtils.java:logGet(44)) - raft.server.write.follower.gap.ratio.max = -1.0 (default)
2022-01-10 01:39:24,341 [ac31b8ac-4c39-436f-94f4-016e041cabcc@group-37B3C5D67002-LeaderElection73] INFO  server.RaftServerConfigKeys (ConfUtils.java:logGet(44)) - raft.server.log.appender.snapshot.chunk.size.max = 16MB (=16777216) (default)
2022-01-10 01:39:24,341 [ac31b8ac-4c39-436f-94f4-016e041cabcc@group-37B3C5D67002-LeaderElection73] INFO  server.RaftServerConfigKeys (ConfUtils.java:logGet(44)) - raft.server.log.appender.buffer.byte-limit = 33554432 (custom)
2022-01-10 01:39:24,341 [ac31b8ac-4c39-436f-94f4-016e041cabcc@group-37B3C5D67002-LeaderElection73] INFO  server.RaftServerConfigKeys (ConfUtils.java:logGet(44)) - raft.server.log.appender.buffer.element-limit = 1 (custom)
2022-01-10 01:39:24,341 [ac31b8ac-4c39-436f-94f4-016e041cabcc@group-37B3C5D67002-LeaderElection73] INFO  grpc.GrpcConfigKeys (ConfUtils.java:logGet(44)) - raft.grpc.server.leader.outstanding.appends.max = 128 (default)
2022-01-10 01:39:24,341 [ac31b8ac-4c39-436f-94f4-016e041cabcc@group-37B3C5D67002-LeaderElection73] INFO  server.RaftServerConfigKeys (ConfUtils.java:logGet(44)) - raft.server.rpc.request.timeout = 60s (custom)
2022-01-10 01:39:24,341 [ac31b8ac-4c39-436f-94f4-016e041cabcc@group-37B3C5D67002-LeaderElection73] INFO  server.RaftServerConfigKeys (ConfUtils.java:logGet(44)) - raft.server.log.appender.install.snapshot.enabled = false (custom)
2022-01-10 01:39:24,343 [ac31b8ac-4c39-436f-94f4-016e041cabcc@group-37B3C5D67002-LeaderElection73] INFO  server.RaftServerConfigKeys (ConfUtils.java:logGet(44)) - raft.server.log.appender.snapshot.chunk.size.max = 16MB (=16777216) (default)
2022-01-10 01:39:24,343 [ac31b8ac-4c39-436f-94f4-016e041cabcc@group-37B3C5D67002-LeaderElection73] INFO  server.RaftServerConfigKeys (ConfUtils.java:logGet(44)) - raft.server.log.appender.buffer.byte-limit = 33554432 (custom)
2022-01-10 01:39:24,343 [ac31b8ac-4c39-436f-94f4-016e041cabcc@group-37B3C5D67002-LeaderElection73] INFO  server.RaftServerConfigKeys (ConfUtils.java:logGet(44)) - raft.server.log.appender.buffer.element-limit = 1 (custom)
2022-01-10 01:39:24,343 [ac31b8ac-4c39-436f-94f4-016e041cabcc@group-37B3C5D67002-LeaderElection73] INFO  grpc.GrpcConfigKeys (ConfUtils.java:logGet(44)) - raft.grpc.server.leader.outstanding.appends.max = 128 (default)
2022-01-10 01:39:24,343 [ac31b8ac-4c39-436f-94f4-016e041cabcc@group-37B3C5D67002-LeaderElection73] INFO  server.RaftServerConfigKeys (ConfUtils.java:logGet(44)) - raft.server.rpc.request.timeout = 60s (custom)
2022-01-10 01:39:24,343 [ac31b8ac-4c39-436f-94f4-016e041cabcc@group-37B3C5D67002-LeaderElection73] INFO  server.RaftServerConfigKeys (ConfUtils.java:logGet(44)) - raft.server.log.appender.install.snapshot.enabled = false (custom)
2022-01-10 01:39:24,344 [ac31b8ac-4c39-436f-94f4-016e041cabcc@group-37B3C5D67002-LeaderElection73] INFO  impl.RoleInfo (RoleInfo.java:updateAndGet(130)) - ac31b8ac-4c39-436f-94f4-016e041cabcc: start ac31b8ac-4c39-436f-94f4-016e041cabcc@group-37B3C5D67002-LeaderStateImpl
2022-01-10 01:39:24,345 [EventQueue-OpenPipelineForHealthyPipelineSafeModeRule] INFO  safemode.SCMSafeModeManager (HealthyPipelineSafeModeRule.java:process(124)) - SCM in safe mode. Healthy pipelines reported count is 0, required healthy pipeline reported count is 1
2022-01-10 01:39:24,345 [EventQueue-PipelineReportForPipelineReportHandler] INFO  pipeline.PipelineManagerImpl (PipelineManagerImpl.java:openPipeline(291)) - Pipeline Pipeline[ Id: 3ef41411-f4af-483d-becc-37b3c5d67002, Nodes: ac31b8ac-4c39-436f-94f4-016e041cabcc{ip: 10.1.0.8, host: fv-az297-741.nmf1rxwemy4u5di1sxxf4ejcwb.jx.internal.cloudapp.net, ports: [REPLICATION=37863, RATIS=41807, RATIS_ADMIN=41807, RATIS_SERVER=41807, STANDALONE=46601], networkLocation: /default-rack, certSerialId: null, persistedOpState: IN_SERVICE, persistedOpStateExpiryEpochSec: 0}96dc4cc0-d1b0-46a1-bf9f-f371de40ab31{ip: 10.1.0.8, host: fv-az297-741.nmf1rxwemy4u5di1sxxf4ejcwb.jx.internal.cloudapp.net, ports: [REPLICATION=37503, RATIS=33365, RATIS_ADMIN=33365, RATIS_SERVER=33365, STANDALONE=45617], networkLocation: /default-rack, certSerialId: null, persistedOpState: IN_SERVICE, persistedOpStateExpiryEpochSec: 0}d4d4c30f-0c00-4009-b3f8-9054c310d47a{ip: 10.1.0.8, host: fv-az297-741.nmf1rxwemy4u5di1sxxf4ejcwb.jx.internal.cloudapp.net, ports: [REPLICATION=36559, RATIS=33041, RATIS_ADMIN=33041, RATIS_SERVER=33041, STANDALONE=45349], networkLocation: /default-rack, certSerialId: null, persistedOpState: IN_SERVICE, persistedOpStateExpiryEpochSec: 0}, ReplicationConfig: RATIS/THREE, State:ALLOCATED, leaderId:ac31b8ac-4c39-436f-94f4-016e041cabcc, CreationTimestamp2022-01-10T01:39:01.154Z[Etc/UTC]] moved to OPEN state
2022-01-10 01:39:24,358 [d4d4c30f-0c00-4009-b3f8-9054c310d47a@group-37B3C5D67002-FollowerState] INFO  impl.FollowerState (FollowerState.java:run(143)) - d4d4c30f-0c00-4009-b3f8-9054c310d47a@group-37B3C5D67002-FollowerState was interrupted: {}
java.lang.InterruptedException: sleep interrupted
	at java.lang.Thread.sleep(Native Method)
	at java.lang.Thread.sleep(Thread.java:340)
	at java.util.concurrent.TimeUnit.sleep(TimeUnit.java:386)
	at org.apache.ratis.util.TimeDuration.sleep(TimeDuration.java:324)
	at org.apache.ratis.util.TimeDuration.sleep(TimeDuration.java:309)
	at org.apache.ratis.server.impl.FollowerState.run(FollowerState.java:118)
2022-01-10 01:39:24,358 [grpc-default-executor-1] INFO  server.RaftServer$Division (RaftServerImpl.java:requestVote(1078)) - 96dc4cc0-d1b0-46a1-bf9f-f371de40ab31@group-37B3C5D67002 replies to ELECTION vote request: ac31b8ac-4c39-436f-94f4-016e041cabcc<-96dc4cc0-d1b0-46a1-bf9f-f371de40ab31#0:OK-t4. Peer's state: 96dc4cc0-d1b0-46a1-bf9f-f371de40ab31@group-37B3C5D67002:t4, leader=null, voted=ac31b8ac-4c39-436f-94f4-016e041cabcc, raftlog=96dc4cc0-d1b0-46a1-bf9f-f371de40ab31@group-37B3C5D67002-SegmentedRaftLog:OPENED:c-1, conf=-1: [96dc4cc0-d1b0-46a1-bf9f-f371de40ab31|rpc:10.1.0.8:33365|priority:0, d4d4c30f-0c00-4009-b3f8-9054c310d47a|rpc:10.1.0.8:33041|priority:0, ac31b8ac-4c39-436f-94f4-016e041cabcc|rpc:10.1.0.8:41807|priority:1], old=null
2022-01-10 01:39:24,345 [ac31b8ac-4c39-436f-94f4-016e041cabcc@group-37B3C5D67002-LeaderElection73] INFO  segmented.SegmentedRaftLogWorker (SegmentedRaftLogWorker.java:startLogSegment(394)) - ac31b8ac-4c39-436f-94f4-016e041cabcc@group-37B3C5D67002-SegmentedRaftLogWorker: Starting segment from index:0
2022-01-10 01:39:24,367 [EventQueue-OpenPipelineForHealthyPipelineSafeModeRule] INFO  safemode.SCMSafeModeManager (HealthyPipelineSafeModeRule.java:process(124)) - SCM in safe mode. Healthy pipelines reported count is 1, required healthy pipeline reported count is 1
2022-01-10 01:39:24,402 [EventQueue-OpenPipelineForHealthyPipelineSafeModeRule] INFO  safemode.SCMSafeModeManager (SCMSafeModeManager.java:validateSafeModeExitRules(204)) - HealthyPipelineSafeModeRule rule is successfully validated
2022-01-10 01:39:24,402 [EventQueue-OpenPipelineForHealthyPipelineSafeModeRule] INFO  safemode.SCMSafeModeManager (SCMSafeModeManager.java:validateSafeModeExitRules(219)) - ScmSafeModeManager, all rules are successfully validated
2022-01-10 01:39:24,402 [EventQueue-OpenPipelineForHealthyPipelineSafeModeRule] INFO  safemode.SCMSafeModeManager (SCMSafeModeManager.java:exitSafeMode(248)) - SCM exiting safe mode.
2022-01-10 01:39:24,402 [EventQueue-OpenPipelineForHealthyPipelineSafeModeRule] WARN  events.EventQueue (EventQueue.java:fireEvent(194)) - No event handler registered for event TypedEvent{payloadType=SafeModeStatus, name='Safe mode status'}
2022-01-10 01:39:24,402 [EventQueue-OpenPipelineForHealthyPipelineSafeModeRule] INFO  ha.SCMContext (SCMContext.java:updateSafeModeStatus(211)) - Update SafeModeStatus from SafeModeStatus{safeModeStatus=true, preCheckPassed=true} to SafeModeStatus{safeModeStatus=false, preCheckPassed=true}.
2022-01-10 01:39:24,402 [EventQueue-OpenPipelineForHealthyPipelineSafeModeRule] INFO  pipeline.BackgroundPipelineCreator (BackgroundPipelineCreator.java:notifyStatusChanged(264)) - Service BackgroundPipelineCreator transitions to RUNNING.
2022-01-10 01:39:24,403 [EventQueue-OpenPipelineForHealthyPipelineSafeModeRule] INFO  container.ReplicationManager (ReplicationManager.java:notifyStatusChanged(1758)) - Service ReplicationManager transitions to RUNNING.
2022-01-10 01:39:24,415 [ac31b8ac-4c39-436f-94f4-016e041cabcc@group-37B3C5D67002-SegmentedRaftLogWorker] INFO  segmented.SegmentedRaftLogWorker (SegmentedRaftLogWorker.java:execute(601)) - ac31b8ac-4c39-436f-94f4-016e041cabcc@group-37B3C5D67002-SegmentedRaftLogWorker: created new log segment /home/runner/work/ozone/ozone/hadoop-ozone/integration-test/target/test-dir/MiniOzoneClusterImpl-a1c2d8ca-8f9e-4610-b695-5e529456a49a/datanode-2/data/ratis/3ef41411-f4af-483d-becc-37b3c5d67002/current/log_inprogress_0
2022-01-10 01:39:24,450 [grpc-default-executor-0] INFO  ratis.XceiverServerRatis (XceiverServerRatis.java:handleLeaderChangedNotification(866)) - Leader change notification received for group: group-37B3C5D67002 with new leaderId: ac31b8ac-4c39-436f-94f4-016e041cabcc
2022-01-10 01:39:24,450 [grpc-default-executor-0] INFO  server.RaftServer$Division (ServerState.java:setLeader(285)) - 96dc4cc0-d1b0-46a1-bf9f-f371de40ab31@group-37B3C5D67002: change Leader from null to ac31b8ac-4c39-436f-94f4-016e041cabcc at term 4 for appendEntries, leader elected after 20801ms
2022-01-10 01:39:24,451 [grpc-default-executor-1] INFO  ratis.XceiverServerRatis (XceiverServerRatis.java:handleLeaderChangedNotification(866)) - Leader change notification received for group: group-37B3C5D67002 with new leaderId: ac31b8ac-4c39-436f-94f4-016e041cabcc
2022-01-10 01:39:24,451 [grpc-default-executor-1] INFO  server.RaftServer$Division (ServerState.java:setLeader(285)) - d4d4c30f-0c00-4009-b3f8-9054c310d47a@group-37B3C5D67002: change Leader from null to ac31b8ac-4c39-436f-94f4-016e041cabcc at term 4 for appendEntries, leader elected after 20410ms
2022-01-10 01:39:24,456 [ac31b8ac-4c39-436f-94f4-016e041cabcc@group-37B3C5D67002-LeaderElection73] INFO  server.RaftServer$Division (ServerState.java:setRaftConf(387)) - ac31b8ac-4c39-436f-94f4-016e041cabcc@group-37B3C5D67002: set configuration 0: [96dc4cc0-d1b0-46a1-bf9f-f371de40ab31|rpc:10.1.0.8:33365|dataStream:|priority:0, d4d4c30f-0c00-4009-b3f8-9054c310d47a|rpc:10.1.0.8:33041|dataStream:|priority:0, ac31b8ac-4c39-436f-94f4-016e041cabcc|rpc:10.1.0.8:41807|dataStream:|priority:1], old=null
2022-01-10 01:39:24,482 [grpc-default-executor-1] INFO  server.RaftServer$Division (ServerState.java:setRaftConf(387)) - d4d4c30f-0c00-4009-b3f8-9054c310d47a@group-37B3C5D67002: set configuration 0: [96dc4cc0-d1b0-46a1-bf9f-f371de40ab31|rpc:10.1.0.8:33365|dataStream:|priority:0, d4d4c30f-0c00-4009-b3f8-9054c310d47a|rpc:10.1.0.8:33041|dataStream:|priority:0, ac31b8ac-4c39-436f-94f4-016e041cabcc|rpc:10.1.0.8:41807|dataStream:|priority:1], old=null
2022-01-10 01:39:24,482 [grpc-default-executor-1] INFO  segmented.SegmentedRaftLogWorker (SegmentedRaftLogWorker.java:startLogSegment(394)) - d4d4c30f-0c00-4009-b3f8-9054c310d47a@group-37B3C5D67002-SegmentedRaftLogWorker: Starting segment from index:0
2022-01-10 01:39:24,486 [grpc-default-executor-1] INFO  server.RaftServer$Division (ServerState.java:setRaftConf(387)) - 96dc4cc0-d1b0-46a1-bf9f-f371de40ab31@group-37B3C5D67002: set configuration 0: [96dc4cc0-d1b0-46a1-bf9f-f371de40ab31|rpc:10.1.0.8:33365|dataStream:|priority:0, d4d4c30f-0c00-4009-b3f8-9054c310d47a|rpc:10.1.0.8:33041|dataStream:|priority:0, ac31b8ac-4c39-436f-94f4-016e041cabcc|rpc:10.1.0.8:41807|dataStream:|priority:1], old=null
2022-01-10 01:39:24,487 [grpc-default-executor-1] INFO  segmented.SegmentedRaftLogWorker (SegmentedRaftLogWorker.java:startLogSegment(394)) - 96dc4cc0-d1b0-46a1-bf9f-f371de40ab31@group-37B3C5D67002-SegmentedRaftLogWorker: Starting segment from index:0
2022-01-10 01:39:24,489 [96dc4cc0-d1b0-46a1-bf9f-f371de40ab31@group-37B3C5D67002-SegmentedRaftLogWorker] INFO  segmented.SegmentedRaftLogWorker (SegmentedRaftLogWorker.java:execute(601)) - 96dc4cc0-d1b0-46a1-bf9f-f371de40ab31@group-37B3C5D67002-SegmentedRaftLogWorker: created new log segment /home/runner/work/ozone/ozone/hadoop-ozone/integration-test/target/test-dir/MiniOzoneClusterImpl-a1c2d8ca-8f9e-4610-b695-5e529456a49a/datanode-0/data/ratis/3ef41411-f4af-483d-becc-37b3c5d67002/current/log_inprogress_0
2022-01-10 01:39:24,489 [d4d4c30f-0c00-4009-b3f8-9054c310d47a@group-37B3C5D67002-SegmentedRaftLogWorker] INFO  segmented.SegmentedRaftLogWorker (SegmentedRaftLogWorker.java:execute(601)) - d4d4c30f-0c00-4009-b3f8-9054c310d47a@group-37B3C5D67002-SegmentedRaftLogWorker: created new log segment /home/runner/work/ozone/ozone/hadoop-ozone/integration-test/target/test-dir/MiniOzoneClusterImpl-a1c2d8ca-8f9e-4610-b695-5e529456a49a/datanode-1/data/ratis/3ef41411-f4af-483d-becc-37b3c5d67002/current/log_inprogress_0
2022-01-10 01:39:24,779 [d4d4c30f-0c00-4009-b3f8-9054c310d47a@group-8F2CC2144BA8-FollowerState] INFO  impl.FollowerState (FollowerState.java:run(134)) - d4d4c30f-0c00-4009-b3f8-9054c310d47a@group-8F2CC2144BA8-FollowerState: change to CANDIDATE, lastRpcElapsedTime:5081964851ns, electionTimeout:5070ms
2022-01-10 01:39:24,779 [d4d4c30f-0c00-4009-b3f8-9054c310d47a@group-8F2CC2144BA8-FollowerState] INFO  impl.RoleInfo (RoleInfo.java:shutdownFollowerState(108)) - d4d4c30f-0c00-4009-b3f8-9054c310d47a: shutdown d4d4c30f-0c00-4009-b3f8-9054c310d47a@group-8F2CC2144BA8-FollowerState
2022-01-10 01:39:24,779 [d4d4c30f-0c00-4009-b3f8-9054c310d47a@group-8F2CC2144BA8-FollowerState] INFO  server.RaftServer$Division (RaftServerImpl.java:setRole(290)) - d4d4c30f-0c00-4009-b3f8-9054c310d47a@group-8F2CC2144BA8: changes role from  FOLLOWER to CANDIDATE at term 3 for changeToCandidate
2022-01-10 01:39:24,779 [d4d4c30f-0c00-4009-b3f8-9054c310d47a@group-8F2CC2144BA8-FollowerState] INFO  server.RaftServerConfigKeys (ConfUtils.java:logGet(44)) - raft.server.leaderelection.pre-vote = false (custom)
2022-01-10 01:39:24,779 [d4d4c30f-0c00-4009-b3f8-9054c310d47a@group-8F2CC2144BA8-FollowerState] INFO  impl.RoleInfo (RoleInfo.java:updateAndGet(130)) - d4d4c30f-0c00-4009-b3f8-9054c310d47a: start d4d4c30f-0c00-4009-b3f8-9054c310d47a@group-8F2CC2144BA8-LeaderElection74
2022-01-10 01:39:24,803 [ac31b8ac-4c39-436f-94f4-016e041cabcc@group-8F2CC2144BA8-FollowerState] INFO  impl.FollowerState (FollowerState.java:run(134)) - ac31b8ac-4c39-436f-94f4-016e041cabcc@group-8F2CC2144BA8-FollowerState: change to CANDIDATE, lastRpcElapsedTime:5128275511ns, electionTimeout:5127ms
2022-01-10 01:39:24,803 [ac31b8ac-4c39-436f-94f4-016e041cabcc@group-8F2CC2144BA8-FollowerState] INFO  impl.RoleInfo (RoleInfo.java:shutdownFollowerState(108)) - ac31b8ac-4c39-436f-94f4-016e041cabcc: shutdown ac31b8ac-4c39-436f-94f4-016e041cabcc@group-8F2CC2144BA8-FollowerState
2022-01-10 01:39:24,804 [ac31b8ac-4c39-436f-94f4-016e041cabcc@group-8F2CC2144BA8-FollowerState] INFO  server.RaftServer$Division (RaftServerImpl.java:setRole(290)) - ac31b8ac-4c39-436f-94f4-016e041cabcc@group-8F2CC2144BA8: changes role from  FOLLOWER to CANDIDATE at term 3 for changeToCandidate
2022-01-10 01:39:24,804 [ac31b8ac-4c39-436f-94f4-016e041cabcc@group-8F2CC2144BA8-FollowerState] INFO  server.RaftServerConfigKeys (ConfUtils.java:logGet(44)) - raft.server.leaderelection.pre-vote = false (custom)
2022-01-10 01:39:24,804 [ac31b8ac-4c39-436f-94f4-016e041cabcc@group-8F2CC2144BA8-FollowerState] INFO  impl.RoleInfo (RoleInfo.java:updateAndGet(130)) - ac31b8ac-4c39-436f-94f4-016e041cabcc: start ac31b8ac-4c39-436f-94f4-016e041cabcc@group-8F2CC2144BA8-LeaderElection75
2022-01-10 01:39:24,826 [d4d4c30f-0c00-4009-b3f8-9054c310d47a@group-8F2CC2144BA8-LeaderElection74] INFO  impl.LeaderElection (LeaderElection.java:askForVotes(306)) - d4d4c30f-0c00-4009-b3f8-9054c310d47a@group-8F2CC2144BA8-LeaderElection74 ELECTION round 0: submit vote requests at term 4 for -1: [96dc4cc0-d1b0-46a1-bf9f-f371de40ab31|rpc:10.1.0.8:33365|priority:1, d4d4c30f-0c00-4009-b3f8-9054c310d47a|rpc:10.1.0.8:33041|priority:0, ac31b8ac-4c39-436f-94f4-016e041cabcc|rpc:10.1.0.8:41807|priority:0], old=null
2022-01-10 01:39:24,829 [ac31b8ac-4c39-436f-94f4-016e041cabcc@group-8F2CC2144BA8-LeaderElection75] INFO  impl.LeaderElection (LeaderElection.java:askForVotes(306)) - ac31b8ac-4c39-436f-94f4-016e041cabcc@group-8F2CC2144BA8-LeaderElection75 ELECTION round 0: submit vote requests at term 4 for -1: [96dc4cc0-d1b0-46a1-bf9f-f371de40ab31|rpc:10.1.0.8:33365|dataStream:|priority:1, d4d4c30f-0c00-4009-b3f8-9054c310d47a|rpc:10.1.0.8:33041|dataStream:|priority:0, ac31b8ac-4c39-436f-94f4-016e041cabcc|rpc:10.1.0.8:41807|dataStream:|priority:0], old=null
2022-01-10 01:39:24,837 [grpc-default-executor-2] INFO  server.RaftServer$Division (RaftServerImpl.java:requestVote(1046)) - 96dc4cc0-d1b0-46a1-bf9f-f371de40ab31@group-8F2CC2144BA8: receive requestVote(ELECTION, d4d4c30f-0c00-4009-b3f8-9054c310d47a, group-8F2CC2144BA8, 4, (t:0, i:0))
2022-01-10 01:39:24,837 [grpc-default-executor-2] INFO  impl.VoteContext (VoteContext.java:log(48)) - 96dc4cc0-d1b0-46a1-bf9f-f371de40ab31@group-8F2CC2144BA8-FOLLOWER: reject ELECTION from d4d4c30f-0c00-4009-b3f8-9054c310d47a: our priority 1 > candidate's priority 0
2022-01-10 01:39:24,837 [grpc-default-executor-2] INFO  server.RaftServer$Division (RaftServerImpl.java:setRole(290)) - 96dc4cc0-d1b0-46a1-bf9f-f371de40ab31@group-8F2CC2144BA8: changes role from  FOLLOWER to FOLLOWER at term 4 for candidate:d4d4c30f-0c00-4009-b3f8-9054c310d47a
2022-01-10 01:39:24,837 [grpc-default-executor-2] INFO  impl.RoleInfo (RoleInfo.java:shutdownFollowerState(108)) - 96dc4cc0-d1b0-46a1-bf9f-f371de40ab31: shutdown 96dc4cc0-d1b0-46a1-bf9f-f371de40ab31@group-8F2CC2144BA8-FollowerState
2022-01-10 01:39:24,851 [grpc-default-executor-1] INFO  server.RaftServer$Division (RaftServerImpl.java:requestVote(1046)) - ac31b8ac-4c39-436f-94f4-016e041cabcc@group-8F2CC2144BA8: receive requestVote(ELECTION, d4d4c30f-0c00-4009-b3f8-9054c310d47a, group-8F2CC2144BA8, 4, (t:0, i:0))
2022-01-10 01:39:24,882 [grpc-default-executor-1] INFO  impl.VoteContext (VoteContext.java:log(48)) - ac31b8ac-4c39-436f-94f4-016e041cabcc@group-8F2CC2144BA8-CANDIDATE: reject ELECTION from d4d4c30f-0c00-4009-b3f8-9054c310d47a: already has voted for ac31b8ac-4c39-436f-94f4-016e041cabcc at current term 4
2022-01-10 01:39:24,882 [grpc-default-executor-1] INFO  server.RaftServer$Division (RaftServerImpl.java:requestVote(1078)) - ac31b8ac-4c39-436f-94f4-016e041cabcc@group-8F2CC2144BA8 replies to ELECTION vote request: d4d4c30f-0c00-4009-b3f8-9054c310d47a<-ac31b8ac-4c39-436f-94f4-016e041cabcc#0:FAIL-t4. Peer's state: ac31b8ac-4c39-436f-94f4-016e041cabcc@group-8F2CC2144BA8:t4, leader=null, voted=ac31b8ac-4c39-436f-94f4-016e041cabcc, raftlog=ac31b8ac-4c39-436f-94f4-016e041cabcc@group-8F2CC2144BA8-SegmentedRaftLog:OPENED:c-1, conf=-1: [96dc4cc0-d1b0-46a1-bf9f-f371de40ab31|rpc:10.1.0.8:33365|dataStream:|priority:1, d4d4c30f-0c00-4009-b3f8-9054c310d47a|rpc:10.1.0.8:33041|dataStream:|priority:0, ac31b8ac-4c39-436f-94f4-016e041cabcc|rpc:10.1.0.8:41807|dataStream:|priority:0], old=null
2022-01-10 01:39:24,877 [grpc-default-executor-2] INFO  impl.RoleInfo (RoleInfo.java:updateAndGet(130)) - 96dc4cc0-d1b0-46a1-bf9f-f371de40ab31: start 96dc4cc0-d1b0-46a1-bf9f-f371de40ab31@group-8F2CC2144BA8-FollowerState
2022-01-10 01:39:24,865 [96dc4cc0-d1b0-46a1-bf9f-f371de40ab31@group-8F2CC2144BA8-FollowerState] INFO  impl.FollowerState (FollowerState.java:run(127)) - 96dc4cc0-d1b0-46a1-bf9f-f371de40ab31@group-8F2CC2144BA8-FollowerState: Stopping now (isRunning? false, isFollower? true)
2022-01-10 01:39:24,859 [grpc-default-executor-0] INFO  server.RaftServer$Division (RaftServerImpl.java:requestVote(1046)) - 96dc4cc0-d1b0-46a1-bf9f-f371de40ab31@group-8F2CC2144BA8: receive requestVote(ELECTION, ac31b8ac-4c39-436f-94f4-016e041cabcc, group-8F2CC2144BA8, 4, (t:0, i:0))
2022-01-10 01:39:24,905 [grpc-default-executor-1] INFO  server.RaftServer$Division (RaftServerImpl.java:requestVote(1046)) - d4d4c30f-0c00-4009-b3f8-9054c310d47a@group-8F2CC2144BA8: receive requestVote(ELECTION, ac31b8ac-4c39-436f-94f4-016e041cabcc, group-8F2CC2144BA8, 4, (t:0, i:0))
2022-01-10 01:39:24,908 [grpc-default-executor-1] INFO  impl.VoteContext (VoteContext.java:log(48)) - d4d4c30f-0c00-4009-b3f8-9054c310d47a@group-8F2CC2144BA8-CANDIDATE: reject ELECTION from ac31b8ac-4c39-436f-94f4-016e041cabcc: already has voted for d4d4c30f-0c00-4009-b3f8-9054c310d47a at current term 4
2022-01-10 01:39:24,908 [grpc-default-executor-1] INFO  server.RaftServer$Division (RaftServerImpl.java:requestVote(1078)) - d4d4c30f-0c00-4009-b3f8-9054c310d47a@group-8F2CC2144BA8 replies to ELECTION vote request: ac31b8ac-4c39-436f-94f4-016e041cabcc<-d4d4c30f-0c00-4009-b3f8-9054c310d47a#0:FAIL-t4. Peer's state: d4d4c30f-0c00-4009-b3f8-9054c310d47a@group-8F2CC2144BA8:t4, leader=null, voted=d4d4c30f-0c00-4009-b3f8-9054c310d47a, raftlog=d4d4c30f-0c00-4009-b3f8-9054c310d47a@group-8F2CC2144BA8-SegmentedRaftLog:OPENED:c-1, conf=-1: [96dc4cc0-d1b0-46a1-bf9f-f371de40ab31|rpc:10.1.0.8:33365|priority:1, d4d4c30f-0c00-4009-b3f8-9054c310d47a|rpc:10.1.0.8:33041|priority:0, ac31b8ac-4c39-436f-94f4-016e041cabcc|rpc:10.1.0.8:41807|priority:0], old=null
2022-01-10 01:39:24,885 [grpc-default-executor-2] INFO  server.RaftServer$Division (RaftServerImpl.java:requestVote(1078)) - 96dc4cc0-d1b0-46a1-bf9f-f371de40ab31@group-8F2CC2144BA8 replies to ELECTION vote request: d4d4c30f-0c00-4009-b3f8-9054c310d47a<-96dc4cc0-d1b0-46a1-bf9f-f371de40ab31#0:FAIL-t4. Peer's state: 96dc4cc0-d1b0-46a1-bf9f-f371de40ab31@group-8F2CC2144BA8:t4, leader=null, voted=null, raftlog=96dc4cc0-d1b0-46a1-bf9f-f371de40ab31@group-8F2CC2144BA8-SegmentedRaftLog:OPENED:c-1, conf=-1: [96dc4cc0-d1b0-46a1-bf9f-f371de40ab31|rpc:10.1.0.8:33365|priority:1, d4d4c30f-0c00-4009-b3f8-9054c310d47a|rpc:10.1.0.8:33041|priority:0, ac31b8ac-4c39-436f-94f4-016e041cabcc|rpc:10.1.0.8:41807|priority:0], old=null
2022-01-10 01:39:24,913 [d4d4c30f-0c00-4009-b3f8-9054c310d47a@group-8F2CC2144BA8-LeaderElection74] INFO  impl.LeaderElection (LeaderElection.java:logAndReturn(89)) - d4d4c30f-0c00-4009-b3f8-9054c310d47a@group-8F2CC2144BA8-LeaderElection74: ELECTION REJECTED received 2 response(s) and 0 exception(s):
2022-01-10 01:39:24,914 [d4d4c30f-0c00-4009-b3f8-9054c310d47a@group-8F2CC2144BA8-LeaderElection74] INFO  impl.LeaderElection (LeaderElection.java:logAndReturn(93)) -   Response 0: d4d4c30f-0c00-4009-b3f8-9054c310d47a<-96dc4cc0-d1b0-46a1-bf9f-f371de40ab31#0:FAIL-t4
2022-01-10 01:39:24,914 [d4d4c30f-0c00-4009-b3f8-9054c310d47a@group-8F2CC2144BA8-LeaderElection74] INFO  impl.LeaderElection (LeaderElection.java:logAndReturn(93)) -   Response 1: d4d4c30f-0c00-4009-b3f8-9054c310d47a<-ac31b8ac-4c39-436f-94f4-016e041cabcc#0:FAIL-t4
2022-01-10 01:39:24,914 [d4d4c30f-0c00-4009-b3f8-9054c310d47a@group-8F2CC2144BA8-LeaderElection74] INFO  impl.LeaderElection (LeaderElection.java:askForVotes(308)) - d4d4c30f-0c00-4009-b3f8-9054c310d47a@group-8F2CC2144BA8-LeaderElection74 ELECTION round 0: result REJECTED
2022-01-10 01:39:24,914 [d4d4c30f-0c00-4009-b3f8-9054c310d47a@group-8F2CC2144BA8-LeaderElection74] INFO  server.RaftServer$Division (RaftServerImpl.java:setRole(290)) - d4d4c30f-0c00-4009-b3f8-9054c310d47a@group-8F2CC2144BA8: changes role from CANDIDATE to FOLLOWER at term 4 for REJECTED
2022-01-10 01:39:24,914 [d4d4c30f-0c00-4009-b3f8-9054c310d47a@group-8F2CC2144BA8-LeaderElection74] INFO  impl.RoleInfo (RoleInfo.java:shutdownLeaderElection(121)) - d4d4c30f-0c00-4009-b3f8-9054c310d47a: shutdown d4d4c30f-0c00-4009-b3f8-9054c310d47a@group-8F2CC2144BA8-LeaderElection74
2022-01-10 01:39:24,914 [d4d4c30f-0c00-4009-b3f8-9054c310d47a@group-8F2CC2144BA8-LeaderElection74] INFO  impl.RoleInfo (RoleInfo.java:updateAndGet(130)) - d4d4c30f-0c00-4009-b3f8-9054c310d47a: start d4d4c30f-0c00-4009-b3f8-9054c310d47a@group-8F2CC2144BA8-FollowerState
2022-01-10 01:39:24,926 [grpc-default-executor-0] INFO  impl.VoteContext (VoteContext.java:log(48)) - 96dc4cc0-d1b0-46a1-bf9f-f371de40ab31@group-8F2CC2144BA8-FOLLOWER: reject ELECTION from ac31b8ac-4c39-436f-94f4-016e041cabcc: our priority 1 > candidate's priority 0
2022-01-10 01:39:24,928 [grpc-default-executor-0] INFO  server.RaftServer$Division (RaftServerImpl.java:setRole(290)) - 96dc4cc0-d1b0-46a1-bf9f-f371de40ab31@group-8F2CC2144BA8: changes role from  FOLLOWER to FOLLOWER at term 4 for candidate:ac31b8ac-4c39-436f-94f4-016e041cabcc
2022-01-10 01:39:24,928 [grpc-default-executor-0] INFO  impl.RoleInfo (RoleInfo.java:shutdownFollowerState(108)) - 96dc4cc0-d1b0-46a1-bf9f-f371de40ab31: shutdown 96dc4cc0-d1b0-46a1-bf9f-f371de40ab31@group-8F2CC2144BA8-FollowerState
2022-01-10 01:39:24,929 [grpc-default-executor-0] INFO  impl.RoleInfo (RoleInfo.java:updateAndGet(130)) - 96dc4cc0-d1b0-46a1-bf9f-f371de40ab31: start 96dc4cc0-d1b0-46a1-bf9f-f371de40ab31@group-8F2CC2144BA8-FollowerState
2022-01-10 01:39:24,929 [96dc4cc0-d1b0-46a1-bf9f-f371de40ab31@group-8F2CC2144BA8-FollowerState] INFO  impl.FollowerState (FollowerState.java:run(143)) - 96dc4cc0-d1b0-46a1-bf9f-f371de40ab31@group-8F2CC2144BA8-FollowerState was interrupted: {}
java.lang.InterruptedException: sleep interrupted
	at java.lang.Thread.sleep(Native Method)
	at java.lang.Thread.sleep(Thread.java:340)
	at java.util.concurrent.TimeUnit.sleep(TimeUnit.java:386)
	at org.apache.ratis.util.TimeDuration.sleep(TimeDuration.java:324)
	at org.apache.ratis.util.TimeDuration.sleep(TimeDuration.java:309)
	at org.apache.ratis.server.impl.FollowerState.run(FollowerState.java:118)
2022-01-10 01:39:24,931 [grpc-default-executor-0] INFO  server.RaftServer$Division (RaftServerImpl.java:requestVote(1078)) - 96dc4cc0-d1b0-46a1-bf9f-f371de40ab31@group-8F2CC2144BA8 replies to ELECTION vote request: ac31b8ac-4c39-436f-94f4-016e041cabcc<-96dc4cc0-d1b0-46a1-bf9f-f371de40ab31#0:FAIL-t4. Peer's state: 96dc4cc0-d1b0-46a1-bf9f-f371de40ab31@group-8F2CC2144BA8:t4, leader=null, voted=null, raftlog=96dc4cc0-d1b0-46a1-bf9f-f371de40ab31@group-8F2CC2144BA8-SegmentedRaftLog:OPENED:c-1, conf=-1: [96dc4cc0-d1b0-46a1-bf9f-f371de40ab31|rpc:10.1.0.8:33365|priority:1, d4d4c30f-0c00-4009-b3f8-9054c310d47a|rpc:10.1.0.8:33041|priority:0, ac31b8ac-4c39-436f-94f4-016e041cabcc|rpc:10.1.0.8:41807|priority:0], old=null
2022-01-10 01:39:24,932 [ac31b8ac-4c39-436f-94f4-016e041cabcc@group-8F2CC2144BA8-LeaderElection75] INFO  impl.LeaderElection (LeaderElection.java:logAndReturn(89)) - ac31b8ac-4c39-436f-94f4-016e041cabcc@group-8F2CC2144BA8-LeaderElection75: ELECTION REJECTED received 1 response(s) and 0 exception(s):
2022-01-10 01:39:24,932 [ac31b8ac-4c39-436f-94f4-016e041cabcc@group-8F2CC2144BA8-LeaderElection75] INFO  impl.LeaderElection (LeaderElection.java:logAndReturn(93)) -   Response 0: ac31b8ac-4c39-436f-94f4-016e041cabcc<-96dc4cc0-d1b0-46a1-bf9f-f371de40ab31#0:FAIL-t4
2022-01-10 01:39:24,932 [ac31b8ac-4c39-436f-94f4-016e041cabcc@group-8F2CC2144BA8-LeaderElection75] INFO  impl.LeaderElection (LeaderElection.java:askForVotes(308)) - ac31b8ac-4c39-436f-94f4-016e041cabcc@group-8F2CC2144BA8-LeaderElection75 ELECTION round 0: result REJECTED
2022-01-10 01:39:24,932 [ac31b8ac-4c39-436f-94f4-016e041cabcc@group-8F2CC2144BA8-LeaderElection75] INFO  server.RaftServer$Division (RaftServerImpl.java:setRole(290)) - ac31b8ac-4c39-436f-94f4-016e041cabcc@group-8F2CC2144BA8: changes role from CANDIDATE to FOLLOWER at term 4 for REJECTED
2022-01-10 01:39:24,932 [ac31b8ac-4c39-436f-94f4-016e041cabcc@group-8F2CC2144BA8-LeaderElection75] INFO  impl.RoleInfo (RoleInfo.java:shutdownLeaderElection(121)) - ac31b8ac-4c39-436f-94f4-016e041cabcc: shutdown ac31b8ac-4c39-436f-94f4-016e041cabcc@group-8F2CC2144BA8-LeaderElection75
2022-01-10 01:39:24,932 [ac31b8ac-4c39-436f-94f4-016e041cabcc@group-8F2CC2144BA8-LeaderElection75] INFO  impl.RoleInfo (RoleInfo.java:updateAndGet(130)) - ac31b8ac-4c39-436f-94f4-016e041cabcc: start ac31b8ac-4c39-436f-94f4-016e041cabcc@group-8F2CC2144BA8-FollowerState
2022-01-10 01:39:25,146 [Listener at 127.0.0.1/39021] INFO  ozone.MiniOzoneClusterImpl (MiniOzoneClusterImpl.java:lambda$waitForClusterToBeReady$0(235)) - Nodes are ready. Got 3 of 3 DN Heartbeats.
2022-01-10 01:39:25,147 [Listener at 127.0.0.1/39021] INFO  ozone.MiniOzoneClusterImpl (MiniOzoneClusterImpl.java:lambda$waitForClusterToBeReady$0(238)) - Cluster exits safe mode
2022-01-10 01:39:25,147 [Listener at 127.0.0.1/39021] INFO  ozone.MiniOzoneClusterImpl (MiniOzoneClusterImpl.java:lambda$waitForClusterToBeReady$0(240)) - SCM became leader
2022-01-10 01:39:25,191 [Listener at 127.0.0.1/39021] INFO  rpc.RpcClient (RpcClient.java:createVolume(389)) - Creating Volume: volume57172, with user18156 as owner and space quota set to -1 bytes, counts quota set to -1
2022-01-10 01:39:25,197 [IPC Server handler 17 on default port 39021] INFO  volume.OMVolumeCreateRequest (OMVolumeCreateRequest.java:validateAndUpdateCache(195)) - created volume:volume57172 for user:user18156
2022-01-10 01:39:25,228 [Listener at 127.0.0.1/39021] INFO  rpc.RpcClient (RpcClient.java:createBucket(552)) - Creating Bucket: volume57172/bucket94231, with runner as owner and Versioning false and Storage Type set to DISK and Encryption set to false 
]]></system-out>
  </testcase>
  <testcase name="testRenameFile[4]" classname="org.apache.hadoop.fs.ozone.TestRootedOzoneFileSystem" time="0.18"/>
  <testcase name="testListStatusRootAndVolumeRecursive[4]" classname="org.apache.hadoop.fs.ozone.TestRootedOzoneFileSystem" time="0.902"/>
  <testcase name="testTempMount[4]" classname="org.apache.hadoop.fs.ozone.TestRootedOzoneFileSystem" time="0.28"/>
  <testcase name="testListStatusRootAndVolumeNonRecursive[4]" classname="org.apache.hadoop.fs.ozone.TestRootedOzoneFileSystem" time="0.467"/>
  <testcase name="testDeleteVolumeAndBucket[4]" classname="org.apache.hadoop.fs.ozone.TestRootedOzoneFileSystem" time="0.065"/>
  <testcase name="testRenameDirToItsOwnSubDir[4]" classname="org.apache.hadoop.fs.ozone.TestRootedOzoneFileSystem" time="0.014"/>
  <testcase name="testOzoneFsServiceLoader[4]" classname="org.apache.hadoop.fs.ozone.TestRootedOzoneFileSystem" time="0.055"/>
  <testcase name="testTrash[4]" classname="org.apache.hadoop.fs.ozone.TestRootedOzoneFileSystem" time="0">
    <skipped/>
  </testcase>
  <testcase name="testRenameDestinationParentDoesntExist[4]" classname="org.apache.hadoop.fs.ozone.TestRootedOzoneFileSystem" time="0.05"/>
  <testcase name="testGetFileStatusRoot[4]" classname="org.apache.hadoop.fs.ozone.TestRootedOzoneFileSystem" time="0.023"/>
  <testcase name="testCreateWithInvalidPaths[4]" classname="org.apache.hadoop.fs.ozone.TestRootedOzoneFileSystem" time="0.003"/>
  <testcase name="testDeleteEmptyVolume[4]" classname="org.apache.hadoop.fs.ozone.TestRootedOzoneFileSystem" time="0.054"/>
  <testcase name="testListStatusRootAndVolumeContinuation[4]" classname="org.apache.hadoop.fs.ozone.TestRootedOzoneFileSystem" time="0.915"/>
  <testcase name="testDeleteVolumeBucketAndKey[4]" classname="org.apache.hadoop.fs.ozone.TestRootedOzoneFileSystem" time="0.111"/>
  <testcase name="testRenameToParentDir[4]" classname="org.apache.hadoop.fs.ozone.TestRootedOzoneFileSystem" time="0.044"/>
  <testcase name="testMkdirNonExistentVolumeBucket[4]" classname="org.apache.hadoop.fs.ozone.TestRootedOzoneFileSystem" time="0.039"/>
  <testcase name="testFailToDeleteRoot[4]" classname="org.apache.hadoop.fs.ozone.TestRootedOzoneFileSystem" time="0.004"/>
  <testcase name="testListStatusOnSubDirs[4]" classname="org.apache.hadoop.fs.ozone.TestRootedOzoneFileSystem" time="0.067"/>
  <testcase name="testListStatus[4]" classname="org.apache.hadoop.fs.ozone.TestRootedOzoneFileSystem" time="0.069"/>
  <testcase name="testGetTrashRoots[4]" classname="org.apache.hadoop.fs.ozone.TestRootedOzoneFileSystem" time="0.59"/>
  <testcase name="testCreateDoesNotAddParentDirKeys[4]" classname="org.apache.hadoop.fs.ozone.TestRootedOzoneFileSystem" time="0.167"/>
  <testcase name="testMkdirNonExistentVolume[4]" classname="org.apache.hadoop.fs.ozone.TestRootedOzoneFileSystem" time="0.029"/>
  <testcase name="testDeleteCreatesFakeParentDir[4]" classname="org.apache.hadoop.fs.ozone.TestRootedOzoneFileSystem" time="0.173"/>
  <testcase name="testNonExplicitlyCreatedPathExistsAfterItsLeafsWereRemoved[4]" classname="org.apache.hadoop.fs.ozone.TestRootedOzoneFileSystem" time="0.092"/>
  <testcase name="testFileDelete[4]" classname="org.apache.hadoop.fs.ozone.TestRootedOzoneFileSystem" time="0.141"/>
  <testcase name="testRenameToTrashEnabled[4]" classname="org.apache.hadoop.fs.ozone.TestRootedOzoneFileSystem" time="0.184">
    <failure type="java.lang.AssertionError">java.lang.AssertionError
	at org.junit.Assert.fail(Assert.java:87)
	at org.junit.Assert.assertTrue(Assert.java:42)
	at org.junit.Assert.assertTrue(Assert.java:53)
	at org.apache.hadoop.fs.ozone.TestRootedOzoneFileSystem.testRenameToTrashEnabled(TestRootedOzoneFileSystem.java:1260)
	at sun.reflect.NativeMethodAccessorImpl.invoke0(Native Method)
	at sun.reflect.NativeMethodAccessorImpl.invoke(NativeMethodAccessorImpl.java:62)
	at sun.reflect.DelegatingMethodAccessorImpl.invoke(DelegatingMethodAccessorImpl.java:43)
	at java.lang.reflect.Method.invoke(Method.java:498)
	at org.junit.runners.model.FrameworkMethod$1.runReflectiveCall(FrameworkMethod.java:59)
	at org.junit.internal.runners.model.ReflectiveCallable.run(ReflectiveCallable.java:12)
	at org.junit.runners.model.FrameworkMethod.invokeExplosively(FrameworkMethod.java:56)
	at org.junit.internal.runners.statements.InvokeMethod.evaluate(InvokeMethod.java:17)
	at org.junit.internal.runners.statements.FailOnTimeout$CallableStatement.call(FailOnTimeout.java:288)
	at org.junit.internal.runners.statements.FailOnTimeout$CallableStatement.call(FailOnTimeout.java:282)
	at java.util.concurrent.FutureTask.run(FutureTask.java:266)
	at java.lang.Thread.run(Thread.java:748)
</failure>
    <system-out><![CDATA[01:39:29.974 [IPC Server handler 13 on default port 39021] ERROR OMAudit - user=runner | ip=127.0.0.1 | op=GET_FILE_STATUS {volume=volume57172, bucket=bucket94231, key=.Trash/runner/Current/volume57172/bucket94231/testKey2, dataSize=0, replicationConfig=null} | ret=FAILURE
org.apache.hadoop.ozone.om.exceptions.OMException: Unable to get file status: volume: volume57172 bucket: bucket94231 key: .Trash/runner/Current/volume57172/bucket94231/testKey2
	at org.apache.hadoop.ozone.om.KeyManagerImpl.getOzoneFileStatus(KeyManagerImpl.java:2069) ~[ozone-manager-1.3.0-SNAPSHOT.jar:?]
	at org.apache.hadoop.ozone.om.KeyManagerImpl.getFileStatus(KeyManagerImpl.java:2001) ~[ozone-manager-1.3.0-SNAPSHOT.jar:?]
	at org.apache.hadoop.ozone.om.OzoneManager.getFileStatus(OzoneManager.java:2992) ~[ozone-manager-1.3.0-SNAPSHOT.jar:?]
	at org.apache.hadoop.ozone.protocolPB.OzoneManagerRequestHandler.getOzoneFileStatus(OzoneManagerRequestHandler.java:561) ~[ozone-manager-1.3.0-SNAPSHOT.jar:?]
	at org.apache.hadoop.ozone.protocolPB.OzoneManagerRequestHandler.handleReadRequest(OzoneManagerRequestHandler.java:191) ~[ozone-manager-1.3.0-SNAPSHOT.jar:?]
	at org.apache.hadoop.ozone.protocolPB.OzoneManagerProtocolServerSideTranslatorPB.submitRequestDirectlyToOM(OzoneManagerProtocolServerSideTranslatorPB.java:247) ~[ozone-manager-1.3.0-SNAPSHOT.jar:?]
	at org.apache.hadoop.ozone.protocolPB.OzoneManagerProtocolServerSideTranslatorPB.processRequest(OzoneManagerProtocolServerSideTranslatorPB.java:171) ~[ozone-manager-1.3.0-SNAPSHOT.jar:?]
	at org.apache.hadoop.hdds.server.OzoneProtocolMessageDispatcher.processRequest(OzoneProtocolMessageDispatcher.java:87) [hdds-server-framework-1.3.0-SNAPSHOT.jar:?]
	at org.apache.hadoop.ozone.protocolPB.OzoneManagerProtocolServerSideTranslatorPB.submitRequest(OzoneManagerProtocolServerSideTranslatorPB.java:124) [ozone-manager-1.3.0-SNAPSHOT.jar:?]
	at org.apache.hadoop.ozone.protocol.proto.OzoneManagerProtocolProtos$OzoneManagerService$2.callBlockingMethod(OzoneManagerProtocolProtos.java) [ozone-interface-client-1.3.0-SNAPSHOT.jar:?]
	at org.apache.hadoop.ipc.ProtobufRpcEngine$Server.processCall(ProtobufRpcEngine.java:466) [hadoop-common-3.3.1.jar:?]
	at org.apache.hadoop.ipc.ProtobufRpcEngine2$Server$ProtoBufRpcInvoker.call(ProtobufRpcEngine2.java:574) [hadoop-common-3.3.1.jar:?]
	at org.apache.hadoop.ipc.ProtobufRpcEngine2$Server$ProtoBufRpcInvoker.call(ProtobufRpcEngine2.java:552) [hadoop-common-3.3.1.jar:?]
	at org.apache.hadoop.ipc.RPC$Server.call(RPC.java:1093) [hadoop-common-3.3.1.jar:?]
	at org.apache.hadoop.ipc.Server$RpcCall.run(Server.java:1035) [hadoop-common-3.3.1.jar:?]
	at org.apache.hadoop.ipc.Server$RpcCall.run(Server.java:963) [hadoop-common-3.3.1.jar:?]
	at java.security.AccessController.doPrivileged(Native Method) ~[?:1.8.0_292]
	at javax.security.auth.Subject.doAs(Subject.java:422) [?:1.8.0_292]
	at org.apache.hadoop.security.UserGroupInformation.doAs(UserGroupInformation.java:1878) [hadoop-common-3.3.1.jar:?]
	at org.apache.hadoop.ipc.Server$Handler.run(Server.java:2966) [hadoop-common-3.3.1.jar:?]
2022-01-10 01:39:29,977 [d4d4c30f-0c00-4009-b3f8-9054c310d47a@group-8F2CC2144BA8-FollowerState] INFO  impl.FollowerState (FollowerState.java:run(134)) - d4d4c30f-0c00-4009-b3f8-9054c310d47a@group-8F2CC2144BA8-FollowerState: change to CANDIDATE, lastRpcElapsedTime:5063407692ns, electionTimeout:5026ms
2022-01-10 01:39:29,978 [d4d4c30f-0c00-4009-b3f8-9054c310d47a@group-8F2CC2144BA8-FollowerState] INFO  impl.RoleInfo (RoleInfo.java:shutdownFollowerState(108)) - d4d4c30f-0c00-4009-b3f8-9054c310d47a: shutdown d4d4c30f-0c00-4009-b3f8-9054c310d47a@group-8F2CC2144BA8-FollowerState
2022-01-10 01:39:29,978 [d4d4c30f-0c00-4009-b3f8-9054c310d47a@group-8F2CC2144BA8-FollowerState] INFO  server.RaftServer$Division (RaftServerImpl.java:setRole(290)) - d4d4c30f-0c00-4009-b3f8-9054c310d47a@group-8F2CC2144BA8: changes role from  FOLLOWER to CANDIDATE at term 4 for changeToCandidate
2022-01-10 01:39:29,978 [d4d4c30f-0c00-4009-b3f8-9054c310d47a@group-8F2CC2144BA8-FollowerState] INFO  server.RaftServerConfigKeys (ConfUtils.java:logGet(44)) - raft.server.leaderelection.pre-vote = false (custom)
2022-01-10 01:39:29,978 [d4d4c30f-0c00-4009-b3f8-9054c310d47a@group-8F2CC2144BA8-FollowerState] INFO  impl.RoleInfo (RoleInfo.java:updateAndGet(130)) - d4d4c30f-0c00-4009-b3f8-9054c310d47a: start d4d4c30f-0c00-4009-b3f8-9054c310d47a@group-8F2CC2144BA8-LeaderElection76
01:39:29.980 [IPC Server handler 1 on default port 39021] ERROR OMAudit - user=runner | ip=127.0.0.1 | op=GET_FILE_STATUS {volume=volume57172, bucket=bucket94231, key=.Trash/runner/Current/volume57172/bucket94231/testKey2, dataSize=0, replicationConfig=null} | ret=FAILURE
org.apache.hadoop.ozone.om.exceptions.OMException: Unable to get file status: volume: volume57172 bucket: bucket94231 key: .Trash/runner/Current/volume57172/bucket94231/testKey2
	at org.apache.hadoop.ozone.om.KeyManagerImpl.getOzoneFileStatus(KeyManagerImpl.java:2069) ~[ozone-manager-1.3.0-SNAPSHOT.jar:?]
	at org.apache.hadoop.ozone.om.KeyManagerImpl.getFileStatus(KeyManagerImpl.java:2001) ~[ozone-manager-1.3.0-SNAPSHOT.jar:?]
	at org.apache.hadoop.ozone.om.OzoneManager.getFileStatus(OzoneManager.java:2992) ~[ozone-manager-1.3.0-SNAPSHOT.jar:?]
	at org.apache.hadoop.ozone.protocolPB.OzoneManagerRequestHandler.getOzoneFileStatus(OzoneManagerRequestHandler.java:561) ~[ozone-manager-1.3.0-SNAPSHOT.jar:?]
	at org.apache.hadoop.ozone.protocolPB.OzoneManagerRequestHandler.handleReadRequest(OzoneManagerRequestHandler.java:191) ~[ozone-manager-1.3.0-SNAPSHOT.jar:?]
	at org.apache.hadoop.ozone.protocolPB.OzoneManagerProtocolServerSideTranslatorPB.submitRequestDirectlyToOM(OzoneManagerProtocolServerSideTranslatorPB.java:247) ~[ozone-manager-1.3.0-SNAPSHOT.jar:?]
	at org.apache.hadoop.ozone.protocolPB.OzoneManagerProtocolServerSideTranslatorPB.processRequest(OzoneManagerProtocolServerSideTranslatorPB.java:171) ~[ozone-manager-1.3.0-SNAPSHOT.jar:?]
	at org.apache.hadoop.hdds.server.OzoneProtocolMessageDispatcher.processRequest(OzoneProtocolMessageDispatcher.java:87) [hdds-server-framework-1.3.0-SNAPSHOT.jar:?]
	at org.apache.hadoop.ozone.protocolPB.OzoneManagerProtocolServerSideTranslatorPB.submitRequest(OzoneManagerProtocolServerSideTranslatorPB.java:124) [ozone-manager-1.3.0-SNAPSHOT.jar:?]
	at org.apache.hadoop.ozone.protocol.proto.OzoneManagerProtocolProtos$OzoneManagerService$2.callBlockingMethod(OzoneManagerProtocolProtos.java) [ozone-interface-client-1.3.0-SNAPSHOT.jar:?]
	at org.apache.hadoop.ipc.ProtobufRpcEngine$Server.processCall(ProtobufRpcEngine.java:466) [hadoop-common-3.3.1.jar:?]
	at org.apache.hadoop.ipc.ProtobufRpcEngine2$Server$ProtoBufRpcInvoker.call(ProtobufRpcEngine2.java:574) [hadoop-common-3.3.1.jar:?]
	at org.apache.hadoop.ipc.ProtobufRpcEngine2$Server$ProtoBufRpcInvoker.call(ProtobufRpcEngine2.java:552) [hadoop-common-3.3.1.jar:?]
	at org.apache.hadoop.ipc.RPC$Server.call(RPC.java:1093) [hadoop-common-3.3.1.jar:?]
	at org.apache.hadoop.ipc.Server$RpcCall.run(Server.java:1035) [hadoop-common-3.3.1.jar:?]
	at org.apache.hadoop.ipc.Server$RpcCall.run(Server.java:963) [hadoop-common-3.3.1.jar:?]
	at java.security.AccessController.doPrivileged(Native Method) ~[?:1.8.0_292]
	at javax.security.auth.Subject.doAs(Subject.java:422) [?:1.8.0_292]
	at org.apache.hadoop.security.UserGroupInformation.doAs(UserGroupInformation.java:1878) [hadoop-common-3.3.1.jar:?]
	at org.apache.hadoop.ipc.Server$Handler.run(Server.java:2966) [hadoop-common-3.3.1.jar:?]
2022-01-10 01:39:30,001 [96dc4cc0-d1b0-46a1-bf9f-f371de40ab31@group-8F2CC2144BA8-FollowerState] INFO  impl.FollowerState (FollowerState.java:run(134)) - 96dc4cc0-d1b0-46a1-bf9f-f371de40ab31@group-8F2CC2144BA8-FollowerState: change to CANDIDATE, lastRpcElapsedTime:5072484881ns, electionTimeout:5068ms
2022-01-10 01:39:30,001 [96dc4cc0-d1b0-46a1-bf9f-f371de40ab31@group-8F2CC2144BA8-FollowerState] INFO  impl.RoleInfo (RoleInfo.java:shutdownFollowerState(108)) - 96dc4cc0-d1b0-46a1-bf9f-f371de40ab31: shutdown 96dc4cc0-d1b0-46a1-bf9f-f371de40ab31@group-8F2CC2144BA8-FollowerState
2022-01-10 01:39:30,001 [96dc4cc0-d1b0-46a1-bf9f-f371de40ab31@group-8F2CC2144BA8-FollowerState] INFO  server.RaftServer$Division (RaftServerImpl.java:setRole(290)) - 96dc4cc0-d1b0-46a1-bf9f-f371de40ab31@group-8F2CC2144BA8: changes role from  FOLLOWER to CANDIDATE at term 4 for changeToCandidate
2022-01-10 01:39:30,003 [96dc4cc0-d1b0-46a1-bf9f-f371de40ab31@group-8F2CC2144BA8-FollowerState] INFO  server.RaftServerConfigKeys (ConfUtils.java:logGet(44)) - raft.server.leaderelection.pre-vote = false (custom)
2022-01-10 01:39:30,003 [96dc4cc0-d1b0-46a1-bf9f-f371de40ab31@group-8F2CC2144BA8-FollowerState] INFO  impl.RoleInfo (RoleInfo.java:updateAndGet(130)) - 96dc4cc0-d1b0-46a1-bf9f-f371de40ab31: start 96dc4cc0-d1b0-46a1-bf9f-f371de40ab31@group-8F2CC2144BA8-LeaderElection77
2022-01-10 01:39:30,004 [d4d4c30f-0c00-4009-b3f8-9054c310d47a@group-8F2CC2144BA8-LeaderElection76] INFO  impl.LeaderElection (LeaderElection.java:askForVotes(306)) - d4d4c30f-0c00-4009-b3f8-9054c310d47a@group-8F2CC2144BA8-LeaderElection76 ELECTION round 0: submit vote requests at term 5 for -1: [96dc4cc0-d1b0-46a1-bf9f-f371de40ab31|rpc:10.1.0.8:33365|priority:1, d4d4c30f-0c00-4009-b3f8-9054c310d47a|rpc:10.1.0.8:33041|priority:0, ac31b8ac-4c39-436f-94f4-016e041cabcc|rpc:10.1.0.8:41807|priority:0], old=null
2022-01-10 01:39:30,007 [Time-limited test] INFO  fs.TrashPolicyDefault (TrashPolicyDefault.java:moveToTrash(188)) - Moved: '/volume57172/bucket94231/testKey2' to trash at: ofs:/volume57172/bucket94231/.Trash/runner/Current/volume57172/bucket94231/testKey2
01:39:30.008 [IPC Server handler 4 on default port 39021] ERROR OMAudit - user=runner | ip=127.0.0.1 | op=GET_FILE_STATUS {volume=volume57172, bucket=bucket94231, key=.Trash/runner/Current, dataSize=0, replicationConfig=null} | ret=FAILURE
org.apache.hadoop.ozone.om.exceptions.OMException: Unable to get file status: volume: volume57172 bucket: bucket94231 key: .Trash/runner/Current
	at org.apache.hadoop.ozone.om.KeyManagerImpl.getOzoneFileStatus(KeyManagerImpl.java:2069) ~[ozone-manager-1.3.0-SNAPSHOT.jar:?]
	at org.apache.hadoop.ozone.om.KeyManagerImpl.getFileStatus(KeyManagerImpl.java:2001) ~[ozone-manager-1.3.0-SNAPSHOT.jar:?]
	at org.apache.hadoop.ozone.om.OzoneManager.getFileStatus(OzoneManager.java:2992) ~[ozone-manager-1.3.0-SNAPSHOT.jar:?]
	at org.apache.hadoop.ozone.protocolPB.OzoneManagerRequestHandler.getOzoneFileStatus(OzoneManagerRequestHandler.java:561) ~[ozone-manager-1.3.0-SNAPSHOT.jar:?]
	at org.apache.hadoop.ozone.protocolPB.OzoneManagerRequestHandler.handleReadRequest(OzoneManagerRequestHandler.java:191) ~[ozone-manager-1.3.0-SNAPSHOT.jar:?]
	at org.apache.hadoop.ozone.protocolPB.OzoneManagerProtocolServerSideTranslatorPB.submitRequestDirectlyToOM(OzoneManagerProtocolServerSideTranslatorPB.java:247) ~[ozone-manager-1.3.0-SNAPSHOT.jar:?]
	at org.apache.hadoop.ozone.protocolPB.OzoneManagerProtocolServerSideTranslatorPB.processRequest(OzoneManagerProtocolServerSideTranslatorPB.java:171) ~[ozone-manager-1.3.0-SNAPSHOT.jar:?]
	at org.apache.hadoop.hdds.server.OzoneProtocolMessageDispatcher.processRequest(OzoneProtocolMessageDispatcher.java:87) [hdds-server-framework-1.3.0-SNAPSHOT.jar:?]
	at org.apache.hadoop.ozone.protocolPB.OzoneManagerProtocolServerSideTranslatorPB.submitRequest(OzoneManagerProtocolServerSideTranslatorPB.java:124) [ozone-manager-1.3.0-SNAPSHOT.jar:?]
	at org.apache.hadoop.ozone.protocol.proto.OzoneManagerProtocolProtos$OzoneManagerService$2.callBlockingMethod(OzoneManagerProtocolProtos.java) [ozone-interface-client-1.3.0-SNAPSHOT.jar:?]
	at org.apache.hadoop.ipc.ProtobufRpcEngine$Server.processCall(ProtobufRpcEngine.java:466) [hadoop-common-3.3.1.jar:?]
	at org.apache.hadoop.ipc.ProtobufRpcEngine2$Server$ProtoBufRpcInvoker.call(ProtobufRpcEngine2.java:574) [hadoop-common-3.3.1.jar:?]
	at org.apache.hadoop.ipc.ProtobufRpcEngine2$Server$ProtoBufRpcInvoker.call(ProtobufRpcEngine2.java:552) [hadoop-common-3.3.1.jar:?]
	at org.apache.hadoop.ipc.RPC$Server.call(RPC.java:1093) [hadoop-common-3.3.1.jar:?]
	at org.apache.hadoop.ipc.Server$RpcCall.run(Server.java:1035) [hadoop-common-3.3.1.jar:?]
	at org.apache.hadoop.ipc.Server$RpcCall.run(Server.java:963) [hadoop-common-3.3.1.jar:?]
	at java.security.AccessController.doPrivileged(Native Method) ~[?:1.8.0_292]
	at javax.security.auth.Subject.doAs(Subject.java:422) [?:1.8.0_292]
	at org.apache.hadoop.security.UserGroupInformation.doAs(UserGroupInformation.java:1878) [hadoop-common-3.3.1.jar:?]
	at org.apache.hadoop.ipc.Server$Handler.run(Server.java:2966) [hadoop-common-3.3.1.jar:?]
]]></system-out>
  </testcase>
  <testcase name="testMkdirOnNonExistentVolumeBucketDir[4]" classname="org.apache.hadoop.fs.ozone.TestRootedOzoneFileSystem" time="0.113"/>
  <testcase name="testListStatusOnLargeDirectory[4]" classname="org.apache.hadoop.fs.ozone.TestRootedOzoneFileSystem" time="2.594">
    <failure message="Total directories listed do not match the existing directories expected:&lt;1536&gt; but was:&lt;1537&gt;" type="java.lang.AssertionError"><![CDATA[java.lang.AssertionError: Total directories listed do not match the existing directories expected:<1536> but was:<1537>
	at org.junit.Assert.fail(Assert.java:89)
	at org.junit.Assert.failNotEquals(Assert.java:835)
	at org.junit.Assert.assertEquals(Assert.java:647)
	at org.apache.hadoop.fs.ozone.TestRootedOzoneFileSystem.testListStatusOnLargeDirectory(TestRootedOzoneFileSystem.java:556)
	at sun.reflect.NativeMethodAccessorImpl.invoke0(Native Method)
	at sun.reflect.NativeMethodAccessorImpl.invoke(NativeMethodAccessorImpl.java:62)
	at sun.reflect.DelegatingMethodAccessorImpl.invoke(DelegatingMethodAccessorImpl.java:43)
	at java.lang.reflect.Method.invoke(Method.java:498)
	at org.junit.runners.model.FrameworkMethod$1.runReflectiveCall(FrameworkMethod.java:59)
	at org.junit.internal.runners.model.ReflectiveCallable.run(ReflectiveCallable.java:12)
	at org.junit.runners.model.FrameworkMethod.invokeExplosively(FrameworkMethod.java:56)
	at org.junit.internal.runners.statements.InvokeMethod.evaluate(InvokeMethod.java:17)
	at org.junit.internal.runners.statements.FailOnTimeout$CallableStatement.call(FailOnTimeout.java:288)
	at org.junit.internal.runners.statements.FailOnTimeout$CallableStatement.call(FailOnTimeout.java:282)
	at java.util.concurrent.FutureTask.run(FutureTask.java:266)
	at java.lang.Thread.run(Thread.java:748)
]]></failure>
  </testcase>
  <testcase name="testRenameToDifferentBucket[4]" classname="org.apache.hadoop.fs.ozone.TestRootedOzoneFileSystem" time="0.035"/>
  <testcase name="testListStatusInBucket[4]" classname="org.apache.hadoop.fs.ozone.TestRootedOzoneFileSystem" time="0.135">
    <failure message="FileStatus should return only the immediate children expected:&lt;2&gt; but was:&lt;1539&gt;" type="java.lang.AssertionError"><![CDATA[java.lang.AssertionError: FileStatus should return only the immediate children expected:<2> but was:<1539>
	at org.junit.Assert.fail(Assert.java:89)
	at org.junit.Assert.failNotEquals(Assert.java:835)
	at org.junit.Assert.assertEquals(Assert.java:647)
	at org.apache.hadoop.fs.ozone.TestRootedOzoneFileSystem.testListStatusInBucket(TestRootedOzoneFileSystem.java:530)
	at sun.reflect.NativeMethodAccessorImpl.invoke0(Native Method)
	at sun.reflect.NativeMethodAccessorImpl.invoke(NativeMethodAccessorImpl.java:62)
	at sun.reflect.DelegatingMethodAccessorImpl.invoke(DelegatingMethodAccessorImpl.java:43)
	at java.lang.reflect.Method.invoke(Method.java:498)
	at org.junit.runners.model.FrameworkMethod$1.runReflectiveCall(FrameworkMethod.java:59)
	at org.junit.internal.runners.model.ReflectiveCallable.run(ReflectiveCallable.java:12)
	at org.junit.runners.model.FrameworkMethod.invokeExplosively(FrameworkMethod.java:56)
	at org.junit.internal.runners.statements.InvokeMethod.evaluate(InvokeMethod.java:17)
	at org.junit.internal.runners.statements.FailOnTimeout$CallableStatement.call(FailOnTimeout.java:288)
	at org.junit.internal.runners.statements.FailOnTimeout$CallableStatement.call(FailOnTimeout.java:282)
	at java.util.concurrent.FutureTask.run(FutureTask.java:266)
	at java.lang.Thread.run(Thread.java:748)
]]></failure>
  </testcase>
  <testcase name="testRenameFileToDir[4]" classname="org.apache.hadoop.fs.ozone.TestRootedOzoneFileSystem" time="0.565"/>
</testsuite>