<?xml version="1.0" encoding="UTF-8"?>
<testsuite xmlns:xsi="http://www.w3.org/2001/XMLSchema-instance" xsi:noNamespaceSchemaLocation="https://maven.apache.org/surefire/maven-surefire-plugin/xsd/surefire-test-report.xsd" version="3.0.2" name="org.apache.hadoop.ozone.TestSecureOzoneCluster" time="493.679" tests="14" errors="8" skipped="0" failures="1">
  <properties>
    <property name="java.specification.version" value="21"/>
    <property name="sun.jnu.encoding" value="UTF-8"/>
    <property name="java.class.path" value="/home/runner/work/ozone/ozone/hadoop-ozone/integration-test/target/test-classes:/home/runner/work/ozone/ozone/hadoop-ozone/integration-test/target/classes:/home/runner/work/ozone/ozone/hadoop-hdds/server-scm/target/hdds-server-scm-2.1.0-SNAPSHOT.jar:/home/runner/.m2/repository/com/fasterxml/jackson/core/jackson-annotations/2.16.2/jackson-annotations-2.16.2.jar:/home/runner/.m2/repository/com/fasterxml/jackson/core/jackson-core/2.16.2/jackson-core-2.16.2.jar:/home/runner/.m2/repository/com/fasterxml/jackson/core/jackson-databind/2.16.2/jackson-databind-2.16.2.jar:/home/runner/.m2/repository/com/google/guava/guava/32.1.3-jre/guava-32.1.3-jre.jar:/home/runner/.m2/repository/com/google/guava/failureaccess/1.0.1/failureaccess-1.0.1.jar:/home/runner/.m2/repository/com/google/guava/listenablefuture/9999.0-empty-to-avoid-conflict-with-guava/listenablefuture-9999.0-empty-to-avoid-conflict-with-guava.jar:/home/runner/.m2/repository/org/checkerframework/checker-qual/3.37.0/checker-qual-3.37.0.jar:/home/runner/.m2/repository/com/google/errorprone/error_prone_annotations/2.29.2/error_prone_annotations-2.29.2.jar:/home/runner/.m2/repository/com/google/j2objc/j2objc-annotations/2.8/j2objc-annotations-2.8.jar:/home/runner/.m2/repository/com/google/protobuf/protobuf-java/2.5.0/protobuf-java-2.5.0.jar:/home/runner/.m2/repository/commons-collections/commons-collections/3.2.2/commons-collections-3.2.2.jar:/home/runner/.m2/repository/commons-io/commons-io/2.18.0/commons-io-2.18.0.jar:/home/runner/.m2/repository/info/picocli/picocli/4.7.7/picocli-4.7.7.jar:/home/runner/.m2/repository/io/dropwizard/metrics/metrics-core/3.2.6/metrics-core-3.2.6.jar:/home/runner/.m2/repository/jakarta/annotation/jakarta.annotation-api/2.1.1/jakarta.annotation-api-2.1.1.jar:/home/runner/.m2/repository/javax/servlet/javax.servlet-api/3.1.0/javax.servlet-api-3.1.0.jar:/home/runner/.m2/repository/org/apache/commons/commons-compress/1.27.1/commons-compress-1.27.1.jar:/home/runner/.m2/repository/org/apache/commons/commons-text/1.12.0/commons-text-1.12.0.jar:/home/runner/.m2/repository/org/apache/hadoop/hadoop-auth/3.4.1/hadoop-auth-3.4.1.jar:/home/runner/.m2/repository/org/apache/hadoop/hadoop-common/3.4.1/hadoop-common-3.4.1.jar:/home/runner/work/ozone/ozone/hadoop-hdds/client/target/hdds-client-2.1.0-SNAPSHOT.jar:/home/runner/work/ozone/ozone/hadoop-hdds/common/target/hdds-common-2.1.0-SNAPSHOT.jar:/home/runner/work/ozone/ozone/hadoop-hdds/config/target/hdds-config-2.1.0-SNAPSHOT.jar:/home/runner/work/ozone/ozone/hadoop-hdds/container-service/target/hdds-container-service-2.1.0-SNAPSHOT.jar:/home/runner/work/ozone/ozone/hadoop-hdds/interface-admin/target/hdds-interface-admin-2.1.0-SNAPSHOT.jar:/home/runner/work/ozone/ozone/hadoop-hdds/interface-client/target/hdds-interface-client-2.1.0-SNAPSHOT.jar:/home/runner/work/ozone/ozone/hadoop-hdds/interface-server/target/hdds-interface-server-2.1.0-SNAPSHOT.jar:/home/runner/work/ozone/ozone/hadoop-hdds/framework/target/hdds-server-framework-2.1.0-SNAPSHOT.jar:/home/runner/.m2/repository/org/apache/ratis/ratis-client/3.1.2/ratis-client-3.1.2.jar:/home/runner/.m2/repository/org/apache/ratis/ratis-common/3.1.2/ratis-common-3.1.2.jar:/home/runner/.m2/repository/org/apache/ratis/ratis-grpc/3.1.2/ratis-grpc-3.1.2.jar:/home/runner/.m2/repository/org/apache/ratis/ratis-netty/3.1.2/ratis-netty-3.1.2.jar:/home/runner/.m2/repository/org/apache/ratis/ratis-proto/3.1.2/ratis-proto-3.1.2.jar:/home/runner/.m2/repository/org/apache/ratis/ratis-server-api/3.1.2/ratis-server-api-3.1.2.jar:/home/runner/.m2/repository/org/apache/ratis/ratis-thirdparty-misc/1.0.6/ratis-thirdparty-misc-1.0.6.jar:/home/runner/.m2/repository/org/bouncycastle/bcpkix-jdk18on/1.80/bcpkix-jdk18on-1.80.jar:/home/runner/.m2/repository/org/bouncycastle/bcprov-jdk18on/1.80/bcprov-jdk18on-1.80.jar:/home/runner/.m2/repository/org/eclipse/jetty/jetty-webapp/9.4.57.v20241219/jetty-webapp-9.4.57.v20241219.jar:/home/runner/.m2/repository/org/eclipse/jetty/jetty-xml/9.4.57.v20241219/jetty-xml-9.4.57.v20241219.jar:/home/runner/.m2/repository/org/slf4j/slf4j-api/2.0.17/slf4j-api-2.0.17.jar:/home/runner/work/ozone/ozone/hadoop-ozone/cli-admin/target/ozone-cli-admin-2.1.0-SNAPSHOT.jar:/home/runner/.m2/repository/com/fasterxml/jackson/datatype/jackson-datatype-jsr310/2.16.2/jackson-datatype-jsr310-2.16.2.jar:/home/runner/.m2/repository/org/apache/hadoop/hadoop-hdfs-client/3.4.1/hadoop-hdfs-client-3.4.1.jar:/home/runner/work/ozone/ozone/hadoop-ozone/interface-client/target/ozone-interface-client-2.1.0-SNAPSHOT.jar:/home/runner/.m2/repository/commons-codec/commons-codec/1.17.1/commons-codec-1.17.1.jar:/home/runner/work/ozone/ozone/hadoop-ozone/cli-shell/target/ozone-cli-shell-2.1.0-SNAPSHOT.jar:/home/runner/.m2/repository/info/picocli/picocli-shell-jline3/4.7.7/picocli-shell-jline3-4.7.7.jar:/home/runner/.m2/repository/jakarta/xml/bind/jakarta.xml.bind-api/2.3.3/jakarta.xml.bind-api-2.3.3.jar:/home/runner/.m2/repository/org/apache/httpcomponents/httpclient/4.5.14/httpclient-4.5.14.jar:/home/runner/work/ozone/ozone/hadoop-ozone/ozonefs-common/target/ozone-filesystem-common-2.1.0-SNAPSHOT.jar:/home/runner/.m2/repository/org/jline/jline/3.30.0/jline-3.30.0.jar:/home/runner/.m2/repository/org/slf4j/slf4j-reload4j/2.0.17/slf4j-reload4j-2.0.17.jar:/home/runner/work/ozone/ozone/hadoop-ozone/client/target/ozone-client-2.1.0-SNAPSHOT.jar:/home/runner/.m2/repository/com/github/stephenc/jcip/jcip-annotations/1.0-1/jcip-annotations-1.0-1.jar:/home/runner/work/ozone/ozone/hadoop-hdds/erasurecode/target/hdds-erasurecode-2.1.0-SNAPSHOT.jar:/home/runner/work/ozone/ozone/hadoop-ozone/common/target/ozone-common-2.1.0-SNAPSHOT.jar:/home/runner/.m2/repository/io/grpc/grpc-api/1.58.0/grpc-api-1.58.0.jar:/home/runner/.m2/repository/io/grpc/grpc-netty/1.58.0/grpc-netty-1.58.0.jar:/home/runner/.m2/repository/io/grpc/grpc-core/1.58.0/grpc-core-1.58.0.jar:/home/runner/.m2/repository/com/google/android/annotations/4.1.1.4/annotations-4.1.1.4.jar:/home/runner/.m2/repository/org/codehaus/mojo/animal-sniffer-annotations/1.23/animal-sniffer-annotations-1.23.jar:/home/runner/.m2/repository/io/grpc/grpc-context/1.58.0/grpc-context-1.58.0.jar:/home/runner/.m2/repository/io/grpc/grpc-util/1.58.0/grpc-util-1.58.0.jar:/home/runner/.m2/repository/io/perfmark/perfmark-api/0.26.0/perfmark-api-0.26.0.jar:/home/runner/.m2/repository/io/netty/netty-codec-http2/4.1.109.Final/netty-codec-http2-4.1.109.Final.jar:/home/runner/.m2/repository/io/netty/netty-codec-http/4.1.109.Final/netty-codec-http-4.1.109.Final.jar:/home/runner/.m2/repository/io/netty/netty-common/4.1.109.Final/netty-common-4.1.109.Final.jar:/home/runner/.m2/repository/io/netty/netty-handler/4.1.109.Final/netty-handler-4.1.109.Final.jar:/home/runner/.m2/repository/io/netty/netty-resolver/4.1.109.Final/netty-resolver-4.1.109.Final.jar:/home/runner/.m2/repository/io/netty/netty-handler-proxy/4.1.109.Final/netty-handler-proxy-4.1.109.Final.jar:/home/runner/.m2/repository/io/netty/netty-codec-socks/4.1.109.Final/netty-codec-socks-4.1.109.Final.jar:/home/runner/.m2/repository/org/apache/httpcomponents/httpcore/4.4.16/httpcore-4.4.16.jar:/home/runner/.m2/repository/io/netty/netty-tcnative-boringssl-static/2.0.65.Final/netty-tcnative-boringssl-static-2.0.65.Final.jar:/home/runner/.m2/repository/io/netty/netty-tcnative-classes/2.0.65.Final/netty-tcnative-classes-2.0.65.Final.jar:/home/runner/.m2/repository/io/netty/netty-tcnative-boringssl-static/2.0.65.Final/netty-tcnative-boringssl-static-2.0.65.Final-linux-x86_64.jar:/home/runner/.m2/repository/io/netty/netty-tcnative-boringssl-static/2.0.65.Final/netty-tcnative-boringssl-static-2.0.65.Final-linux-aarch_64.jar:/home/runner/.m2/repository/io/netty/netty-tcnative-boringssl-static/2.0.65.Final/netty-tcnative-boringssl-static-2.0.65.Final-osx-x86_64.jar:/home/runner/.m2/repository/io/netty/netty-tcnative-boringssl-static/2.0.65.Final/netty-tcnative-boringssl-static-2.0.65.Final-osx-aarch_64.jar:/home/runner/.m2/repository/io/netty/netty-tcnative-boringssl-static/2.0.65.Final/netty-tcnative-boringssl-static-2.0.65.Final-windows-x86_64.jar:/home/runner/work/ozone/ozone/hadoop-ozone/csi/target/ozone-csi-2.1.0-SNAPSHOT.jar:/home/runner/.m2/repository/ch/qos/reload4j/reload4j/1.2.26/reload4j-1.2.26.jar:/home/runner/.m2/repository/com/google/protobuf/protobuf-java-util/3.19.6/protobuf-java-util-3.19.6.jar:/home/runner/.m2/repository/io/grpc/grpc-protobuf/1.58.0/grpc-protobuf-1.58.0.jar:/home/runner/.m2/repository/com/google/api/grpc/proto-google-common-protos/2.22.0/proto-google-common-protos-2.22.0.jar:/home/runner/.m2/repository/io/grpc/grpc-protobuf-lite/1.58.0/grpc-protobuf-lite-1.58.0.jar:/home/runner/.m2/repository/io/grpc/grpc-stub/1.58.0/grpc-stub-1.58.0.jar:/home/runner/.m2/repository/io/netty/netty-transport/4.1.109.Final/netty-transport-4.1.109.Final.jar:/home/runner/.m2/repository/io/netty/netty-transport-classes-epoll/4.1.109.Final/netty-transport-classes-epoll-4.1.109.Final.jar:/home/runner/.m2/repository/io/netty/netty-transport-native-epoll/4.1.109.Final/netty-transport-native-epoll-4.1.109.Final-linux-x86_64.jar:/home/runner/.m2/repository/io/netty/netty-transport-native-unix-common/4.1.109.Final/netty-transport-native-unix-common-4.1.109.Final.jar:/home/runner/work/ozone/ozone/hadoop-ozone/ozonefs/target/ozone-filesystem-2.1.0-SNAPSHOT.jar:/home/runner/.m2/repository/io/opentracing/opentracing-api/0.33.0/opentracing-api-0.33.0.jar:/home/runner/.m2/repository/io/opentracing/opentracing-util/0.33.0/opentracing-util-0.33.0.jar:/home/runner/.m2/repository/io/opentracing/opentracing-noop/0.33.0/opentracing-noop-0.33.0.jar:/home/runner/work/ozone/ozone/hadoop-ozone/freon/target/ozone-freon-2.1.0-SNAPSHOT.jar:/home/runner/.m2/repository/com/amazonaws/aws-java-sdk-core/1.12.661/aws-java-sdk-core-1.12.661.jar:/home/runner/.m2/repository/com/fasterxml/jackson/dataformat/jackson-dataformat-cbor/2.16.2/jackson-dataformat-cbor-2.16.2.jar:/home/runner/.m2/repository/joda-time/joda-time/2.12.7/joda-time-2.12.7.jar:/home/runner/.m2/repository/com/amazonaws/aws-java-sdk-s3/1.12.661/aws-java-sdk-s3-1.12.661.jar:/home/runner/.m2/repository/com/amazonaws/aws-java-sdk-kms/1.12.661/aws-java-sdk-kms-1.12.661.jar:/home/runner/.m2/repository/com/amazonaws/jmespath-java/1.12.661/jmespath-java-1.12.661.jar:/home/runner/.m2/repository/org/apache/hadoop/hadoop-hdfs/3.4.1/hadoop-hdfs-3.4.1.jar:/home/runner/work/ozone/ozone/hadoop-ozone/interface-storage/target/ozone-interface-storage-2.1.0-SNAPSHOT.jar:/home/runner/.m2/repository/org/kohsuke/metainf-services/metainf-services/1.11/metainf-services-1.11.jar:/home/runner/work/ozone/ozone/hadoop-ozone/ozone-manager/target/ozone-manager-2.1.0-SNAPSHOT.jar:/home/runner/.m2/repository/com/sun/jersey/jersey-client/1.19.4/jersey-client-1.19.4.jar:/home/runner/.m2/repository/org/apache/kerby/kerby-util/1.0.1/kerby-util-1.0.1.jar:/home/runner/.m2/repository/org/apache/logging/log4j/log4j-api/2.24.2/log4j-api-2.24.2.jar:/home/runner/work/ozone/ozone/hadoop-hdds/managed-rocksdb/target/hdds-managed-rocksdb-2.1.0-SNAPSHOT.jar:/home/runner/work/ozone/ozone/hadoop-hdds/rocks-native/target/hdds-rocks-native-2.1.0-SNAPSHOT.jar:/home/runner/.m2/repository/org/eclipse/jetty/jetty-io/9.4.57.v20241219/jetty-io-9.4.57.v20241219.jar:/home/runner/work/ozone/ozone/hadoop-hdds/rocksdb-checkpoint-differ/target/rocksdb-checkpoint-differ-2.1.0-SNAPSHOT.jar:/home/runner/.m2/repository/com/github/vlsi/mxgraph/jgraphx/3.9.12/jgraphx-3.9.12.jar:/home/runner/.m2/repository/org/jgrapht/jgrapht-core/1.4.0/jgrapht-core-1.4.0.jar:/home/runner/.m2/repository/org/jheaps/jheaps/0.11/jheaps-0.11.jar:/home/runner/.m2/repository/org/jgrapht/jgrapht-ext/1.4.0/jgrapht-ext-1.4.0.jar:/home/runner/.m2/repository/org/apache/ranger/ranger-intg/2.6.0/ranger-intg-2.6.0.jar:/home/runner/.m2/repository/org/apache/ranger/ranger-plugins-common/2.6.0/ranger-plugins-common-2.6.0.jar:/home/runner/.m2/repository/com/fasterxml/jackson/jaxrs/jackson-jaxrs-base/2.16.2/jackson-jaxrs-base-2.16.2.jar:/home/runner/.m2/repository/com/fasterxml/jackson/jaxrs/jackson-jaxrs-json-provider/2.16.2/jackson-jaxrs-json-provider-2.16.2.jar:/home/runner/.m2/repository/com/kstruct/gethostname4j/1.0.0/gethostname4j-1.0.0.jar:/home/runner/.m2/repository/commons-lang/commons-lang/2.6/commons-lang-2.6.jar:/home/runner/.m2/repository/net/java/dev/jna/jna/5.2.0/jna-5.2.0.jar:/home/runner/.m2/repository/net/java/dev/jna/jna-platform/5.2.0/jna-platform-5.2.0.jar:/home/runner/.m2/repository/org/apache/ranger/ranger-plugin-classloader/2.6.0/ranger-plugin-classloader-2.6.0.jar:/home/runner/.m2/repository/org/apache/ranger/ranger-plugins-audit/2.6.0/ranger-plugins-audit-2.6.0.jar:/home/runner/.m2/repository/com/amazonaws/aws-java-sdk-logs/1.12.765/aws-java-sdk-logs-1.12.765.jar:/home/runner/.m2/repository/com/carrotsearch/hppc/0.8.0/hppc-0.8.0.jar:/home/runner/.m2/repository/io/airlift/aircompressor/0.27/aircompressor-0.27.jar:/home/runner/.m2/repository/org/apache/httpcomponents/httpasyncclient/4.1.4/httpasyncclient-4.1.4.jar:/home/runner/.m2/repository/org/apache/httpcomponents/httpcore-nio/4.4.16/httpcore-nio-4.4.16.jar:/home/runner/.m2/repository/org/apache/httpcomponents/httpmime/4.5.13/httpmime-4.5.13.jar:/home/runner/.m2/repository/org/apache/orc/orc-core/1.5.8/orc-core-1.5.8.jar:/home/runner/.m2/repository/org/apache/orc/orc-shims/1.5.8/orc-shims-1.5.8.jar:/home/runner/.m2/repository/org/eclipse/jetty/jetty-client/9.4.57.v20241219/jetty-client-9.4.57.v20241219.jar:/home/runner/.m2/repository/org/apache/ranger/ranger-plugins-cred/2.6.0/ranger-plugins-cred-2.6.0.jar:/home/runner/.m2/repository/org/aspectj/aspectjrt/1.9.7/aspectjrt-1.9.7.jar:/home/runner/.m2/repository/org/aspectj/aspectjweaver/1.9.7/aspectjweaver-1.9.7.jar:/home/runner/.m2/repository/org/eclipse/jetty/jetty-util/9.4.57.v20241219/jetty-util-9.4.57.v20241219.jar:/home/runner/.m2/repository/org/reflections/reflections/0.10.2/reflections-0.10.2.jar:/home/runner/.m2/repository/org/rocksdb/rocksdbjni/7.7.3/rocksdbjni-7.7.3.jar:/home/runner/work/ozone/ozone/hadoop-ozone/recon/target/ozone-recon-2.1.0-SNAPSHOT.jar:/home/runner/.m2/repository/aopalliance/aopalliance/1.0/aopalliance-1.0.jar:/home/runner/.m2/repository/com/google/inject/guice/6.0.0/guice-6.0.0.jar:/home/runner/.m2/repository/jakarta/inject/jakarta.inject-api/2.0.1/jakarta.inject-api-2.0.1.jar:/home/runner/.m2/repository/com/google/inject/extensions/guice-assistedinject/6.0.0/guice-assistedinject-6.0.0.jar:/home/runner/.m2/repository/com/google/inject/extensions/guice-servlet/6.0.0/guice-servlet-6.0.0.jar:/home/runner/.m2/repository/com/jolbox/bonecp/0.8.0.RELEASE/bonecp-0.8.0.RELEASE.jar:/home/runner/.m2/repository/jakarta/activation/jakarta.activation-api/1.2.2/jakarta.activation-api-1.2.2.jar:/home/runner/.m2/repository/jakarta/validation/jakarta.validation-api/2.0.2/jakarta.validation-api-2.0.2.jar:/home/runner/.m2/repository/jakarta/ws/rs/jakarta.ws.rs-api/2.1.6/jakarta.ws.rs-api-2.1.6.jar:/home/runner/.m2/repository/javax/inject/javax.inject/1/javax.inject-1.jar:/home/runner/.m2/repository/org/apache/derby/derby/10.14.2.0/derby-10.14.2.0.jar:/home/runner/work/ozone/ozone/hadoop-ozone/recon-codegen/target/ozone-reconcodegen-2.1.0-SNAPSHOT.jar:/home/runner/.m2/repository/org/eclipse/jetty/jetty-servlet/9.4.57.v20241219/jetty-servlet-9.4.57.v20241219.jar:/home/runner/.m2/repository/org/eclipse/jetty/jetty-security/9.4.57.v20241219/jetty-security-9.4.57.v20241219.jar:/home/runner/.m2/repository/org/glassfish/hk2/guice-bridge/2.6.1/guice-bridge-2.6.1.jar:/home/runner/.m2/repository/org/glassfish/hk2/hk2-api/2.6.1/hk2-api-2.6.1.jar:/home/runner/.m2/repository/org/glassfish/hk2/hk2-utils/2.6.1/hk2-utils-2.6.1.jar:/home/runner/.m2/repository/org/glassfish/hk2/external/aopalliance-repackaged/2.6.1/aopalliance-repackaged-2.6.1.jar:/home/runner/.m2/repository/org/glassfish/hk2/external/jakarta.inject/2.6.1/jakarta.inject-2.6.1.jar:/home/runner/.m2/repository/org/glassfish/jersey/containers/jersey-container-servlet/2.46/jersey-container-servlet-2.46.jar:/home/runner/.m2/repository/org/glassfish/jersey/containers/jersey-container-servlet-core/2.46/jersey-container-servlet-core-2.46.jar:/home/runner/.m2/repository/org/glassfish/jersey/core/jersey-common/2.46/jersey-common-2.46.jar:/home/runner/.m2/repository/org/glassfish/hk2/osgi-resource-locator/1.0.3/osgi-resource-locator-1.0.3.jar:/home/runner/.m2/repository/org/glassfish/jersey/core/jersey-server/2.46/jersey-server-2.46.jar:/home/runner/.m2/repository/org/glassfish/jersey/core/jersey-client/2.46/jersey-client-2.46.jar:/home/runner/.m2/repository/org/glassfish/jersey/inject/jersey-hk2/2.46/jersey-hk2-2.46.jar:/home/runner/.m2/repository/org/glassfish/hk2/hk2-locator/2.6.1/hk2-locator-2.6.1.jar:/home/runner/.m2/repository/org/glassfish/jersey/media/jersey-media-jaxb/2.46/jersey-media-jaxb-2.46.jar:/home/runner/.m2/repository/org/glassfish/jersey/media/jersey-media-json-jackson/2.46/jersey-media-json-jackson-2.46.jar:/home/runner/.m2/repository/org/glassfish/jersey/ext/jersey-entity-filtering/2.46/jersey-entity-filtering-2.46.jar:/home/runner/.m2/repository/com/fasterxml/jackson/module/jackson-module-jaxb-annotations/2.16.2/jackson-module-jaxb-annotations-2.16.2.jar:/home/runner/.m2/repository/org/javassist/javassist/3.30.2-GA/javassist-3.30.2-GA.jar:/home/runner/.m2/repository/org/jooq/jooq/3.11.10/jooq-3.11.10.jar:/home/runner/.m2/repository/org/jooq/jooq-codegen/3.11.10/jooq-codegen-3.11.10.jar:/home/runner/.m2/repository/org/jooq/jooq-meta/3.11.10/jooq-meta-3.11.10.jar:/home/runner/.m2/repository/org/springframework/spring-core/5.3.39/spring-core-5.3.39.jar:/home/runner/.m2/repository/org/springframework/spring-jdbc/5.3.39/spring-jdbc-5.3.39.jar:/home/runner/.m2/repository/org/springframework/spring-beans/5.3.39/spring-beans-5.3.39.jar:/home/runner/.m2/repository/org/springframework/spring-tx/5.3.39/spring-tx-5.3.39.jar:/home/runner/.m2/repository/org/xerial/sqlite-jdbc/3.49.1.0/sqlite-jdbc-3.49.1.0.jar:/home/runner/work/ozone/ozone/hadoop-ozone/s3gateway/target/ozone-s3gateway-2.1.0-SNAPSHOT.jar:/home/runner/work/ozone/ozone/hadoop-ozone/tools/target/ozone-tools-2.1.0-SNAPSHOT.jar:/home/runner/.m2/repository/org/apache/ratis/ratis-shell/3.1.2/ratis-shell-3.1.2.jar:/home/runner/.m2/repository/org/apache/ratis/ratis-tools/3.1.2/ratis-tools-3.1.2.jar:/home/runner/.m2/repository/org/glassfish/jaxb/jaxb-runtime/2.3.9/jaxb-runtime-2.3.9.jar:/home/runner/.m2/repository/org/glassfish/jaxb/txw2/2.3.9/txw2-2.3.9.jar:/home/runner/.m2/repository/com/sun/istack/istack-commons-runtime/3.0.12/istack-commons-runtime-3.0.12.jar:/home/runner/.m2/repository/com/sun/activation/jakarta.activation/1.2.2/jakarta.activation-1.2.2.jar:/home/runner/.m2/repository/org/apache/ratis/ratis-server/3.1.2/ratis-server-3.1.2.jar:/home/runner/.m2/repository/org/apache/ratis/ratis-metrics-api/3.1.2/ratis-metrics-api-3.1.2.jar:/home/runner/.m2/repository/org/hamcrest/hamcrest/2.2/hamcrest-2.2.jar:/home/runner/.m2/repository/org/slf4j/jul-to-slf4j/2.0.17/jul-to-slf4j-2.0.17.jar:/home/runner/.m2/repository/org/apache/commons/commons-lang3/3.17.0/commons-lang3-3.17.0.jar:/home/runner/.m2/repository/org/apache/hadoop/hadoop-common/3.4.1/hadoop-common-3.4.1-tests.jar:/home/runner/.m2/repository/org/apache/hadoop/thirdparty/hadoop-shaded-protobuf_3_25/1.4.0/hadoop-shaded-protobuf_3_25-1.4.0.jar:/home/runner/.m2/repository/org/apache/hadoop/hadoop-annotations/3.4.1/hadoop-annotations-3.4.1.jar:/home/runner/.m2/repository/org/apache/hadoop/thirdparty/hadoop-shaded-guava/1.3.0/hadoop-shaded-guava-1.3.0.jar:/home/runner/.m2/repository/commons-cli/commons-cli/1.8.0/commons-cli-1.8.0.jar:/home/runner/.m2/repository/org/apache/commons/commons-math3/3.6.1/commons-math3-3.6.1.jar:/home/runner/.m2/repository/commons-net/commons-net/3.11.1/commons-net-3.11.1.jar:/home/runner/.m2/repository/org/eclipse/jetty/jetty-server/9.4.57.v20241219/jetty-server-9.4.57.v20241219.jar:/home/runner/.m2/repository/javax/servlet/jsp/jsp-api/2.1/jsp-api-2.1.jar:/home/runner/.m2/repository/com/sun/jersey/jersey-core/1.19.4/jersey-core-1.19.4.jar:/home/runner/.m2/repository/javax/ws/rs/jsr311-api/1.1.1/jsr311-api-1.1.1.jar:/home/runner/.m2/repository/com/sun/jersey/jersey-servlet/1.19.4/jersey-servlet-1.19.4.jar:/home/runner/.m2/repository/com/github/pjfanning/jersey-json/1.22.0/jersey-json-1.22.0.jar:/home/runner/.m2/repository/com/sun/xml/bind/jaxb-impl/2.2.3-1/jaxb-impl-2.2.3-1.jar:/home/runner/.m2/repository/org/codehaus/jettison/jettison/1.5.4/jettison-1.5.4.jar:/home/runner/.m2/repository/com/sun/jersey/jersey-server/1.19.4/jersey-server-1.19.4.jar:/home/runner/.m2/repository/commons-beanutils/commons-beanutils/1.9.4/commons-beanutils-1.9.4.jar:/home/runner/.m2/repository/org/apache/commons/commons-configuration2/2.11.0/commons-configuration2-2.11.0.jar:/home/runner/.m2/repository/org/apache/avro/avro/1.9.2/avro-1.9.2.jar:/home/runner/.m2/repository/com/google/re2j/re2j/1.7/re2j-1.7.jar:/home/runner/.m2/repository/com/google/code/gson/gson/2.10.1/gson-2.10.1.jar:/home/runner/.m2/repository/com/jcraft/jsch/0.1.55/jsch-0.1.55.jar:/home/runner/.m2/repository/org/apache/curator/curator-client/4.2.0/curator-client-4.2.0.jar:/home/runner/.m2/repository/org/apache/curator/curator-recipes/5.2.0/curator-recipes-5.2.0.jar:/home/runner/.m2/repository/org/apache/curator/curator-framework/4.2.0/curator-framework-4.2.0.jar:/home/runner/.m2/repository/com/google/code/findbugs/jsr305/3.0.2/jsr305-3.0.2.jar:/home/runner/.m2/repository/org/apache/zookeeper/zookeeper/3.8.4/zookeeper-3.8.4.jar:/home/runner/.m2/repository/org/apache/zookeeper/zookeeper-jute/3.8.4/zookeeper-jute-3.8.4.jar:/home/runner/.m2/repository/org/apache/yetus/audience-annotations/0.12.0/audience-annotations-0.12.0.jar:/home/runner/.m2/repository/io/netty/netty-transport-native-epoll/4.1.109.Final/netty-transport-native-epoll-4.1.109.Final.jar:/home/runner/.m2/repository/org/apache/kerby/kerb-core/1.0.1/kerb-core-1.0.1.jar:/home/runner/.m2/repository/org/apache/kerby/kerby-pkix/1.0.1/kerby-pkix-1.0.1.jar:/home/runner/.m2/repository/org/apache/kerby/kerby-asn1/1.0.1/kerby-asn1-1.0.1.jar:/home/runner/.m2/repository/org/codehaus/woodstox/stax2-api/4.2.1/stax2-api-4.2.1.jar:/home/runner/.m2/repository/com/fasterxml/woodstox/woodstox-core/5.4.0/woodstox-core-5.4.0.jar:/home/runner/.m2/repository/dnsjava/dnsjava/3.6.1/dnsjava-3.6.1.jar:/home/runner/.m2/repository/org/xerial/snappy/snappy-java/1.1.10.7/snappy-java-1.1.10.7.jar:/home/runner/.m2/repository/org/apache/hadoop/hadoop-distcp/3.4.1/hadoop-distcp-3.4.1.jar:/home/runner/.m2/repository/org/apache/hadoop/hadoop-distcp/3.4.1/hadoop-distcp-3.4.1-tests.jar:/home/runner/.m2/repository/org/apache/hadoop/hadoop-hdfs/3.4.1/hadoop-hdfs-3.4.1-tests.jar:/home/runner/.m2/repository/org/eclipse/jetty/jetty-util-ajax/9.4.57.v20241219/jetty-util-ajax-9.4.57.v20241219.jar:/home/runner/.m2/repository/commons-daemon/commons-daemon/1.4.0/commons-daemon-1.4.0.jar:/home/runner/.m2/repository/io/netty/netty-all/4.1.109.Final/netty-all-4.1.109.Final.jar:/home/runner/.m2/repository/io/netty/netty-codec-dns/4.1.109.Final/netty-codec-dns-4.1.109.Final.jar:/home/runner/.m2/repository/io/netty/netty-codec-haproxy/4.1.109.Final/netty-codec-haproxy-4.1.109.Final.jar:/home/runner/.m2/repository/io/netty/netty-codec-memcache/4.1.109.Final/netty-codec-memcache-4.1.109.Final.jar:/home/runner/.m2/repository/io/netty/netty-codec-mqtt/4.1.109.Final/netty-codec-mqtt-4.1.109.Final.jar:/home/runner/.m2/repository/io/netty/netty-codec-redis/4.1.109.Final/netty-codec-redis-4.1.109.Final.jar:/home/runner/.m2/repository/io/netty/netty-codec-smtp/4.1.109.Final/netty-codec-smtp-4.1.109.Final.jar:/home/runner/.m2/repository/io/netty/netty-codec-stomp/4.1.109.Final/netty-codec-stomp-4.1.109.Final.jar:/home/runner/.m2/repository/io/netty/netty-codec-xml/4.1.109.Final/netty-codec-xml-4.1.109.Final.jar:/home/runner/.m2/repository/io/netty/netty-handler-ssl-ocsp/4.1.109.Final/netty-handler-ssl-ocsp-4.1.109.Final.jar:/home/runner/.m2/repository/io/netty/netty-resolver-dns/4.1.109.Final/netty-resolver-dns-4.1.109.Final.jar:/home/runner/.m2/repository/io/netty/netty-transport-rxtx/4.1.109.Final/netty-transport-rxtx-4.1.109.Final.jar:/home/runner/.m2/repository/io/netty/netty-transport-sctp/4.1.109.Final/netty-transport-sctp-4.1.109.Final.jar:/home/runner/.m2/repository/io/netty/netty-transport-udt/4.1.109.Final/netty-transport-udt-4.1.109.Final.jar:/home/runner/.m2/repository/io/netty/netty-transport-classes-kqueue/4.1.109.Final/netty-transport-classes-kqueue-4.1.109.Final.jar:/home/runner/.m2/repository/io/netty/netty-resolver-dns-classes-macos/4.1.109.Final/netty-resolver-dns-classes-macos-4.1.109.Final.jar:/home/runner/.m2/repository/io/netty/netty-transport-native-epoll/4.1.109.Final/netty-transport-native-epoll-4.1.109.Final-linux-aarch_64.jar:/home/runner/.m2/repository/io/netty/netty-transport-native-epoll/4.1.109.Final/netty-transport-native-epoll-4.1.109.Final-linux-riscv64.jar:/home/runner/.m2/repository/io/netty/netty-transport-native-kqueue/4.1.109.Final/netty-transport-native-kqueue-4.1.109.Final-osx-x86_64.jar:/home/runner/.m2/repository/io/netty/netty-transport-native-kqueue/4.1.109.Final/netty-transport-native-kqueue-4.1.109.Final-osx-aarch_64.jar:/home/runner/.m2/repository/io/netty/netty-resolver-dns-native-macos/4.1.109.Final/netty-resolver-dns-native-macos-4.1.109.Final-osx-x86_64.jar:/home/runner/.m2/repository/io/netty/netty-resolver-dns-native-macos/4.1.109.Final/netty-resolver-dns-native-macos-4.1.109.Final-osx-aarch_64.jar:/home/runner/.m2/repository/org/fusesource/leveldbjni/leveldbjni-all/1.8/leveldbjni-all-1.8.jar:/home/runner/.m2/repository/org/apache/hadoop/hadoop-kms/3.4.1/hadoop-kms-3.4.1.jar:/home/runner/.m2/repository/org/apache/hadoop/hadoop-kms/3.4.1/hadoop-kms-3.4.1-tests.jar:/home/runner/.m2/repository/org/apache/hadoop/hadoop-mapreduce-client-core/3.4.1/hadoop-mapreduce-client-core-3.4.1.jar:/home/runner/.m2/repository/org/apache/hadoop/hadoop-yarn-client/3.4.1/hadoop-yarn-client-3.4.1.jar:/home/runner/.m2/repository/org/eclipse/jetty/websocket/websocket-client/9.4.53.v20231009/websocket-client-9.4.53.v20231009.jar:/home/runner/.m2/repository/org/eclipse/jetty/websocket/websocket-common/9.4.53.v20231009/websocket-common-9.4.53.v20231009.jar:/home/runner/.m2/repository/org/eclipse/jetty/websocket/websocket-api/9.4.53.v20231009/websocket-api-9.4.53.v20231009.jar:/home/runner/.m2/repository/org/apache/hadoop/hadoop-yarn-api/3.4.1/hadoop-yarn-api-3.4.1.jar:/home/runner/.m2/repository/org/apache/hadoop/hadoop-yarn-common/3.4.1/hadoop-yarn-common-3.4.1.jar:/home/runner/.m2/repository/javax/xml/bind/jaxb-api/2.2.11/jaxb-api-2.2.11.jar:/home/runner/.m2/repository/com/sun/jersey/contribs/jersey-guice/1.19.4/jersey-guice-1.19.4.jar:/home/runner/.m2/repository/org/apache/hadoop/hadoop-mapreduce-client-jobclient/3.4.1/hadoop-mapreduce-client-jobclient-3.4.1.jar:/home/runner/.m2/repository/org/apache/hadoop/hadoop-mapreduce-client-common/3.4.1/hadoop-mapreduce-client-common-3.4.1.jar:/home/runner/.m2/repository/org/apache/hadoop/hadoop-minikdc/3.4.1/hadoop-minikdc-3.4.1.jar:/home/runner/.m2/repository/org/apache/kerby/kerb-simplekdc/2.0.3/kerb-simplekdc-2.0.3.jar:/home/runner/.m2/repository/org/apache/kerby/kerb-client/2.0.3/kerb-client-2.0.3.jar:/home/runner/.m2/repository/org/apache/kerby/kerb-common/2.0.3/kerb-common-2.0.3.jar:/home/runner/.m2/repository/org/apache/kerby/token-provider/2.0.3/token-provider-2.0.3.jar:/home/runner/.m2/repository/org/apache/kerby/kerb-admin/2.0.3/kerb-admin-2.0.3.jar:/home/runner/.m2/repository/org/apache/kerby/kerb-server/2.0.3/kerb-server-2.0.3.jar:/home/runner/.m2/repository/org/apache/kerby/kerb-identity/2.0.3/kerb-identity-2.0.3.jar:/home/runner/.m2/repository/org/apache/kerby/kerby-xdr/2.0.3/kerby-xdr-2.0.3.jar:/home/runner/.m2/repository/junit/junit/4.13.2/junit-4.13.2.jar:/home/runner/.m2/repository/org/hamcrest/hamcrest-core/1.3/hamcrest-core-1.3.jar:/home/runner/work/ozone/ozone/hadoop-hdds/common/target/hdds-common-2.1.0-SNAPSHOT-tests.jar:/home/runner/.m2/repository/commons-validator/commons-validator/1.6/commons-validator-1.6.jar:/home/runner/.m2/repository/commons-digester/commons-digester/1.8.1/commons-digester-1.8.1.jar:/home/runner/.m2/repository/io/jaegertracing/jaeger-client/1.8.1/jaeger-client-1.8.1.jar:/home/runner/.m2/repository/io/jaegertracing/jaeger-thrift/1.8.1/jaeger-thrift-1.8.1.jar:/home/runner/.m2/repository/org/apache/thrift/libthrift/0.15.0/libthrift-0.15.0.jar:/home/runner/.m2/repository/com/squareup/okhttp3/okhttp/4.12.0/okhttp-4.12.0.jar:/home/runner/.m2/repository/com/squareup/okio/okio/3.6.0/okio-3.6.0.jar:/home/runner/.m2/repository/com/squareup/okio/okio-jvm/3.6.0/okio-jvm-3.6.0.jar:/home/runner/.m2/repository/org/jetbrains/kotlin/kotlin-stdlib-common/1.9.25/kotlin-stdlib-common-1.9.25.jar:/home/runner/.m2/repository/org/jetbrains/kotlin/kotlin-stdlib-jdk8/1.9.25/kotlin-stdlib-jdk8-1.9.25.jar:/home/runner/.m2/repository/org/jetbrains/kotlin/kotlin-stdlib-jdk7/1.9.25/kotlin-stdlib-jdk7-1.9.25.jar:/home/runner/.m2/repository/io/jaegertracing/jaeger-tracerresolver/1.8.1/jaeger-tracerresolver-1.8.1.jar:/home/runner/.m2/repository/io/opentracing/contrib/opentracing-tracerresolver/0.1.8/opentracing-tracerresolver-0.1.8.jar:/home/runner/.m2/repository/io/jaegertracing/jaeger-core/1.8.1/jaeger-core-1.8.1.jar:/home/runner/.m2/repository/javax/annotation/javax.annotation-api/1.3.2/javax.annotation-api-1.3.2.jar:/home/runner/work/ozone/ozone/hadoop-hdds/annotations/target/hdds-annotation-processing-2.1.0-SNAPSHOT.jar:/home/runner/.m2/repository/org/apache/ratis/ratis-metrics-dropwizard3/3.1.2/ratis-metrics-dropwizard3-3.1.2.jar:/home/runner/.m2/repository/org/bouncycastle/bcutil-jdk18on/1.80/bcutil-jdk18on-1.80.jar:/home/runner/.m2/repository/org/jetbrains/kotlin/kotlin-stdlib/1.9.25/kotlin-stdlib-1.9.25.jar:/home/runner/.m2/repository/org/jetbrains/annotations/13.0/annotations-13.0.jar:/home/runner/.m2/repository/org/slf4j/jcl-over-slf4j/2.0.17/jcl-over-slf4j-2.0.17.jar:/home/runner/.m2/repository/org/yaml/snakeyaml/2.0/snakeyaml-2.0.jar:/home/runner/work/ozone/ozone/hadoop-hdds/container-service/target/hdds-container-service-2.1.0-SNAPSHOT-tests.jar:/home/runner/.m2/repository/com/github/luben/zstd-jni/1.5.7-3/zstd-jni-1.5.7-3.jar:/home/runner/.m2/repository/io/netty/netty-buffer/4.1.109.Final/netty-buffer-4.1.109.Final.jar:/home/runner/.m2/repository/io/netty/netty-codec/4.1.109.Final/netty-codec-4.1.109.Final.jar:/home/runner/.m2/repository/log4j/apache-log4j-extras/1.2.17/apache-log4j-extras-1.2.17.jar:/home/runner/work/ozone/ozone/hadoop-hdds/framework/target/hdds-server-framework-2.1.0-SNAPSHOT-tests.jar:/home/runner/.m2/repository/com/github/jnr/jnr-constants/0.10.4/jnr-constants-0.10.4.jar:/home/runner/.m2/repository/com/github/jnr/jnr-posix/3.1.20/jnr-posix-3.1.20.jar:/home/runner/.m2/repository/com/github/jnr/jnr-ffi/2.2.17/jnr-ffi-2.2.17.jar:/home/runner/.m2/repository/com/github/jnr/jffi/1.3.13/jffi-1.3.13.jar:/home/runner/.m2/repository/com/github/jnr/jffi/1.3.13/jffi-1.3.13-native.jar:/home/runner/.m2/repository/org/ow2/asm/asm/9.7.1/asm-9.7.1.jar:/home/runner/.m2/repository/org/ow2/asm/asm-commons/9.7.1/asm-commons-9.7.1.jar:/home/runner/.m2/repository/org/ow2/asm/asm-analysis/9.7.1/asm-analysis-9.7.1.jar:/home/runner/.m2/repository/org/ow2/asm/asm-tree/9.7.1/asm-tree-9.7.1.jar:/home/runner/.m2/repository/org/ow2/asm/asm-util/9.7.1/asm-util-9.7.1.jar:/home/runner/.m2/repository/com/github/jnr/jnr-a64asm/1.0.0/jnr-a64asm-1.0.0.jar:/home/runner/.m2/repository/com/github/jnr/jnr-x86asm/1.0.2/jnr-x86asm-1.0.2.jar:/home/runner/.m2/repository/commons-fileupload/commons-fileupload/1.5/commons-fileupload-1.5.jar:/home/runner/.m2/repository/io/prometheus/simpleclient/0.16.0/simpleclient-0.16.0.jar:/home/runner/.m2/repository/io/prometheus/simpleclient_common/0.16.0/simpleclient_common-0.16.0.jar:/home/runner/.m2/repository/io/prometheus/simpleclient_dropwizard/0.16.0/simpleclient_dropwizard-0.16.0.jar:/home/runner/.m2/repository/org/apache/logging/log4j/log4j-core/2.24.2/log4j-core-2.24.2.jar:/home/runner/.m2/repository/org/eclipse/jetty/jetty-http/9.4.57.v20241219/jetty-http-9.4.57.v20241219.jar:/home/runner/.m2/repository/com/lmax/disruptor/3.4.4/disruptor-3.4.4.jar:/home/runner/.m2/repository/com/nimbusds/nimbus-jose-jwt/9.40/nimbus-jose-jwt-9.40.jar:/home/runner/.m2/repository/org/apache/kerby/kerb-util/1.0.1/kerb-util-1.0.1.jar:/home/runner/.m2/repository/org/apache/kerby/kerby-config/1.0.1/kerby-config-1.0.1.jar:/home/runner/.m2/repository/org/apache/kerby/kerb-crypto/1.0.1/kerb-crypto-1.0.1.jar:/home/runner/work/ozone/ozone/hadoop-hdds/server-scm/target/hdds-server-scm-2.1.0-SNAPSHOT-tests.jar:/home/runner/work/ozone/ozone/hadoop-hdds/test-utils/target/hdds-test-utils-2.1.0-SNAPSHOT-tests.jar:/home/runner/work/ozone/ozone/hadoop-ozone/ozone-manager/target/ozone-manager-2.1.0-SNAPSHOT-tests.jar:/home/runner/work/ozone/ozone/hadoop-ozone/mini-cluster/target/ozone-mini-cluster-2.1.0-SNAPSHOT.jar:/home/runner/.m2/repository/org/assertj/assertj-core/3.27.3/assertj-core-3.27.3.jar:/home/runner/.m2/repository/net/bytebuddy/byte-buddy/1.15.11/byte-buddy-1.15.11.jar:/home/runner/.m2/repository/org/junit/jupiter/junit-jupiter-api/5.12.2/junit-jupiter-api-5.12.2.jar:/home/runner/.m2/repository/org/opentest4j/opentest4j/1.3.0/opentest4j-1.3.0.jar:/home/runner/.m2/repository/org/junit/platform/junit-platform-commons/1.12.2/junit-platform-commons-1.12.2.jar:/home/runner/.m2/repository/org/apiguardian/apiguardian-api/1.1.2/apiguardian-api-1.1.2.jar:/home/runner/.m2/repository/org/junit/jupiter/junit-jupiter-params/5.12.2/junit-jupiter-params-5.12.2.jar:/home/runner/.m2/repository/org/mockito/mockito-core/4.11.0/mockito-core-4.11.0.jar:/home/runner/.m2/repository/net/bytebuddy/byte-buddy-agent/1.12.19/byte-buddy-agent-1.12.19.jar:/home/runner/.m2/repository/org/objenesis/objenesis/3.3/objenesis-3.3.jar:/home/runner/.m2/repository/org/mockito/mockito-inline/4.11.0/mockito-inline-4.11.0.jar:/home/runner/.m2/repository/org/mockito/mockito-junit-jupiter/4.11.0/mockito-junit-jupiter-4.11.0.jar:/home/runner/work/ozone/ozone/hadoop-ozone/integration-test/target/gradle-enterprise/test-listeners.jar:"/>
    <property name="java.vm.vendor" value="Eclipse Adoptium"/>
    <property name="sun.arch.data.model" value="64"/>
    <property name="test.build.dir" value="/home/runner/work/ozone/ozone/hadoop-ozone/integration-test/target/test-dir"/>
    <property name="sun.security.krb5.debug" value="false"/>
    <property name="test.cache.data" value=""/>
    <property name="java.vendor.url" value="https://adoptium.net/"/>
    <property name="user.timezone" value="Etc/UTC"/>
    <property name="maven-surefire-plugin.argLineAccessArgs" value=" --add-opens java.management/com.sun.jmx.mbeanserver=ALL-UNNAMED --add-exports java.management/com.sun.jmx.mbeanserver=ALL-UNNAMED --add-opens java.base/java.nio=ALL-UNNAMED --add-opens java.base/java.lang=ALL-UNNAMED --add-opens java.base/java.lang.reflect=ALL-UNNAMED"/>
    <property name="java.vm.specification.version" value="21"/>
    <property name="os.name" value="Linux"/>
    <property name="test.build.data" value="/home/runner/work/ozone/ozone/hadoop-ozone/integration-test/target/test-dir"/>
    <property name="sun.java.launcher" value="SUN_STANDARD"/>
    <property name="sun.boot.library.path" value="/usr/lib/jvm/temurin-21-jdk-amd64/lib"/>
    <property name="sun.java.command" value="/home/runner/work/ozone/ozone/hadoop-ozone/integration-test/target/surefire/surefirebooter-20250513074157383_761.jar /home/runner/work/ozone/ozone/hadoop-ozone/integration-test/target/surefire 2025-05-13T07-33-12_829-jvmRun1 surefire-20250513074157383_759tmp surefire_117-20250513074157383_760tmp"/>
    <property name="jdk.debug" value="release"/>
    <property name="native.lib.tmp.dir" value="/tmp"/>
    <property name="surefire.test.class.path" value="/home/runner/work/ozone/ozone/hadoop-ozone/integration-test/target/test-classes:/home/runner/work/ozone/ozone/hadoop-ozone/integration-test/target/classes:/home/runner/work/ozone/ozone/hadoop-hdds/server-scm/target/hdds-server-scm-2.1.0-SNAPSHOT.jar:/home/runner/.m2/repository/com/fasterxml/jackson/core/jackson-annotations/2.16.2/jackson-annotations-2.16.2.jar:/home/runner/.m2/repository/com/fasterxml/jackson/core/jackson-core/2.16.2/jackson-core-2.16.2.jar:/home/runner/.m2/repository/com/fasterxml/jackson/core/jackson-databind/2.16.2/jackson-databind-2.16.2.jar:/home/runner/.m2/repository/com/google/guava/guava/32.1.3-jre/guava-32.1.3-jre.jar:/home/runner/.m2/repository/com/google/guava/failureaccess/1.0.1/failureaccess-1.0.1.jar:/home/runner/.m2/repository/com/google/guava/listenablefuture/9999.0-empty-to-avoid-conflict-with-guava/listenablefuture-9999.0-empty-to-avoid-conflict-with-guava.jar:/home/runner/.m2/repository/org/checkerframework/checker-qual/3.37.0/checker-qual-3.37.0.jar:/home/runner/.m2/repository/com/google/errorprone/error_prone_annotations/2.29.2/error_prone_annotations-2.29.2.jar:/home/runner/.m2/repository/com/google/j2objc/j2objc-annotations/2.8/j2objc-annotations-2.8.jar:/home/runner/.m2/repository/com/google/protobuf/protobuf-java/2.5.0/protobuf-java-2.5.0.jar:/home/runner/.m2/repository/commons-collections/commons-collections/3.2.2/commons-collections-3.2.2.jar:/home/runner/.m2/repository/commons-io/commons-io/2.18.0/commons-io-2.18.0.jar:/home/runner/.m2/repository/info/picocli/picocli/4.7.7/picocli-4.7.7.jar:/home/runner/.m2/repository/io/dropwizard/metrics/metrics-core/3.2.6/metrics-core-3.2.6.jar:/home/runner/.m2/repository/jakarta/annotation/jakarta.annotation-api/2.1.1/jakarta.annotation-api-2.1.1.jar:/home/runner/.m2/repository/javax/servlet/javax.servlet-api/3.1.0/javax.servlet-api-3.1.0.jar:/home/runner/.m2/repository/org/apache/commons/commons-compress/1.27.1/commons-compress-1.27.1.jar:/home/runner/.m2/repository/org/apache/commons/commons-text/1.12.0/commons-text-1.12.0.jar:/home/runner/.m2/repository/org/apache/hadoop/hadoop-auth/3.4.1/hadoop-auth-3.4.1.jar:/home/runner/.m2/repository/org/apache/hadoop/hadoop-common/3.4.1/hadoop-common-3.4.1.jar:/home/runner/work/ozone/ozone/hadoop-hdds/client/target/hdds-client-2.1.0-SNAPSHOT.jar:/home/runner/work/ozone/ozone/hadoop-hdds/common/target/hdds-common-2.1.0-SNAPSHOT.jar:/home/runner/work/ozone/ozone/hadoop-hdds/config/target/hdds-config-2.1.0-SNAPSHOT.jar:/home/runner/work/ozone/ozone/hadoop-hdds/container-service/target/hdds-container-service-2.1.0-SNAPSHOT.jar:/home/runner/work/ozone/ozone/hadoop-hdds/interface-admin/target/hdds-interface-admin-2.1.0-SNAPSHOT.jar:/home/runner/work/ozone/ozone/hadoop-hdds/interface-client/target/hdds-interface-client-2.1.0-SNAPSHOT.jar:/home/runner/work/ozone/ozone/hadoop-hdds/interface-server/target/hdds-interface-server-2.1.0-SNAPSHOT.jar:/home/runner/work/ozone/ozone/hadoop-hdds/framework/target/hdds-server-framework-2.1.0-SNAPSHOT.jar:/home/runner/.m2/repository/org/apache/ratis/ratis-client/3.1.2/ratis-client-3.1.2.jar:/home/runner/.m2/repository/org/apache/ratis/ratis-common/3.1.2/ratis-common-3.1.2.jar:/home/runner/.m2/repository/org/apache/ratis/ratis-grpc/3.1.2/ratis-grpc-3.1.2.jar:/home/runner/.m2/repository/org/apache/ratis/ratis-netty/3.1.2/ratis-netty-3.1.2.jar:/home/runner/.m2/repository/org/apache/ratis/ratis-proto/3.1.2/ratis-proto-3.1.2.jar:/home/runner/.m2/repository/org/apache/ratis/ratis-server-api/3.1.2/ratis-server-api-3.1.2.jar:/home/runner/.m2/repository/org/apache/ratis/ratis-thirdparty-misc/1.0.6/ratis-thirdparty-misc-1.0.6.jar:/home/runner/.m2/repository/org/bouncycastle/bcpkix-jdk18on/1.80/bcpkix-jdk18on-1.80.jar:/home/runner/.m2/repository/org/bouncycastle/bcprov-jdk18on/1.80/bcprov-jdk18on-1.80.jar:/home/runner/.m2/repository/org/eclipse/jetty/jetty-webapp/9.4.57.v20241219/jetty-webapp-9.4.57.v20241219.jar:/home/runner/.m2/repository/org/eclipse/jetty/jetty-xml/9.4.57.v20241219/jetty-xml-9.4.57.v20241219.jar:/home/runner/.m2/repository/org/slf4j/slf4j-api/2.0.17/slf4j-api-2.0.17.jar:/home/runner/work/ozone/ozone/hadoop-ozone/cli-admin/target/ozone-cli-admin-2.1.0-SNAPSHOT.jar:/home/runner/.m2/repository/com/fasterxml/jackson/datatype/jackson-datatype-jsr310/2.16.2/jackson-datatype-jsr310-2.16.2.jar:/home/runner/.m2/repository/org/apache/hadoop/hadoop-hdfs-client/3.4.1/hadoop-hdfs-client-3.4.1.jar:/home/runner/work/ozone/ozone/hadoop-ozone/interface-client/target/ozone-interface-client-2.1.0-SNAPSHOT.jar:/home/runner/.m2/repository/commons-codec/commons-codec/1.17.1/commons-codec-1.17.1.jar:/home/runner/work/ozone/ozone/hadoop-ozone/cli-shell/target/ozone-cli-shell-2.1.0-SNAPSHOT.jar:/home/runner/.m2/repository/info/picocli/picocli-shell-jline3/4.7.7/picocli-shell-jline3-4.7.7.jar:/home/runner/.m2/repository/jakarta/xml/bind/jakarta.xml.bind-api/2.3.3/jakarta.xml.bind-api-2.3.3.jar:/home/runner/.m2/repository/org/apache/httpcomponents/httpclient/4.5.14/httpclient-4.5.14.jar:/home/runner/work/ozone/ozone/hadoop-ozone/ozonefs-common/target/ozone-filesystem-common-2.1.0-SNAPSHOT.jar:/home/runner/.m2/repository/org/jline/jline/3.30.0/jline-3.30.0.jar:/home/runner/.m2/repository/org/slf4j/slf4j-reload4j/2.0.17/slf4j-reload4j-2.0.17.jar:/home/runner/work/ozone/ozone/hadoop-ozone/client/target/ozone-client-2.1.0-SNAPSHOT.jar:/home/runner/.m2/repository/com/github/stephenc/jcip/jcip-annotations/1.0-1/jcip-annotations-1.0-1.jar:/home/runner/work/ozone/ozone/hadoop-hdds/erasurecode/target/hdds-erasurecode-2.1.0-SNAPSHOT.jar:/home/runner/work/ozone/ozone/hadoop-ozone/common/target/ozone-common-2.1.0-SNAPSHOT.jar:/home/runner/.m2/repository/io/grpc/grpc-api/1.58.0/grpc-api-1.58.0.jar:/home/runner/.m2/repository/io/grpc/grpc-netty/1.58.0/grpc-netty-1.58.0.jar:/home/runner/.m2/repository/io/grpc/grpc-core/1.58.0/grpc-core-1.58.0.jar:/home/runner/.m2/repository/com/google/android/annotations/4.1.1.4/annotations-4.1.1.4.jar:/home/runner/.m2/repository/org/codehaus/mojo/animal-sniffer-annotations/1.23/animal-sniffer-annotations-1.23.jar:/home/runner/.m2/repository/io/grpc/grpc-context/1.58.0/grpc-context-1.58.0.jar:/home/runner/.m2/repository/io/grpc/grpc-util/1.58.0/grpc-util-1.58.0.jar:/home/runner/.m2/repository/io/perfmark/perfmark-api/0.26.0/perfmark-api-0.26.0.jar:/home/runner/.m2/repository/io/netty/netty-codec-http2/4.1.109.Final/netty-codec-http2-4.1.109.Final.jar:/home/runner/.m2/repository/io/netty/netty-codec-http/4.1.109.Final/netty-codec-http-4.1.109.Final.jar:/home/runner/.m2/repository/io/netty/netty-common/4.1.109.Final/netty-common-4.1.109.Final.jar:/home/runner/.m2/repository/io/netty/netty-handler/4.1.109.Final/netty-handler-4.1.109.Final.jar:/home/runner/.m2/repository/io/netty/netty-resolver/4.1.109.Final/netty-resolver-4.1.109.Final.jar:/home/runner/.m2/repository/io/netty/netty-handler-proxy/4.1.109.Final/netty-handler-proxy-4.1.109.Final.jar:/home/runner/.m2/repository/io/netty/netty-codec-socks/4.1.109.Final/netty-codec-socks-4.1.109.Final.jar:/home/runner/.m2/repository/org/apache/httpcomponents/httpcore/4.4.16/httpcore-4.4.16.jar:/home/runner/.m2/repository/io/netty/netty-tcnative-boringssl-static/2.0.65.Final/netty-tcnative-boringssl-static-2.0.65.Final.jar:/home/runner/.m2/repository/io/netty/netty-tcnative-classes/2.0.65.Final/netty-tcnative-classes-2.0.65.Final.jar:/home/runner/.m2/repository/io/netty/netty-tcnative-boringssl-static/2.0.65.Final/netty-tcnative-boringssl-static-2.0.65.Final-linux-x86_64.jar:/home/runner/.m2/repository/io/netty/netty-tcnative-boringssl-static/2.0.65.Final/netty-tcnative-boringssl-static-2.0.65.Final-linux-aarch_64.jar:/home/runner/.m2/repository/io/netty/netty-tcnative-boringssl-static/2.0.65.Final/netty-tcnative-boringssl-static-2.0.65.Final-osx-x86_64.jar:/home/runner/.m2/repository/io/netty/netty-tcnative-boringssl-static/2.0.65.Final/netty-tcnative-boringssl-static-2.0.65.Final-osx-aarch_64.jar:/home/runner/.m2/repository/io/netty/netty-tcnative-boringssl-static/2.0.65.Final/netty-tcnative-boringssl-static-2.0.65.Final-windows-x86_64.jar:/home/runner/work/ozone/ozone/hadoop-ozone/csi/target/ozone-csi-2.1.0-SNAPSHOT.jar:/home/runner/.m2/repository/ch/qos/reload4j/reload4j/1.2.26/reload4j-1.2.26.jar:/home/runner/.m2/repository/com/google/protobuf/protobuf-java-util/3.19.6/protobuf-java-util-3.19.6.jar:/home/runner/.m2/repository/io/grpc/grpc-protobuf/1.58.0/grpc-protobuf-1.58.0.jar:/home/runner/.m2/repository/com/google/api/grpc/proto-google-common-protos/2.22.0/proto-google-common-protos-2.22.0.jar:/home/runner/.m2/repository/io/grpc/grpc-protobuf-lite/1.58.0/grpc-protobuf-lite-1.58.0.jar:/home/runner/.m2/repository/io/grpc/grpc-stub/1.58.0/grpc-stub-1.58.0.jar:/home/runner/.m2/repository/io/netty/netty-transport/4.1.109.Final/netty-transport-4.1.109.Final.jar:/home/runner/.m2/repository/io/netty/netty-transport-classes-epoll/4.1.109.Final/netty-transport-classes-epoll-4.1.109.Final.jar:/home/runner/.m2/repository/io/netty/netty-transport-native-epoll/4.1.109.Final/netty-transport-native-epoll-4.1.109.Final-linux-x86_64.jar:/home/runner/.m2/repository/io/netty/netty-transport-native-unix-common/4.1.109.Final/netty-transport-native-unix-common-4.1.109.Final.jar:/home/runner/work/ozone/ozone/hadoop-ozone/ozonefs/target/ozone-filesystem-2.1.0-SNAPSHOT.jar:/home/runner/.m2/repository/io/opentracing/opentracing-api/0.33.0/opentracing-api-0.33.0.jar:/home/runner/.m2/repository/io/opentracing/opentracing-util/0.33.0/opentracing-util-0.33.0.jar:/home/runner/.m2/repository/io/opentracing/opentracing-noop/0.33.0/opentracing-noop-0.33.0.jar:/home/runner/work/ozone/ozone/hadoop-ozone/freon/target/ozone-freon-2.1.0-SNAPSHOT.jar:/home/runner/.m2/repository/com/amazonaws/aws-java-sdk-core/1.12.661/aws-java-sdk-core-1.12.661.jar:/home/runner/.m2/repository/com/fasterxml/jackson/dataformat/jackson-dataformat-cbor/2.16.2/jackson-dataformat-cbor-2.16.2.jar:/home/runner/.m2/repository/joda-time/joda-time/2.12.7/joda-time-2.12.7.jar:/home/runner/.m2/repository/com/amazonaws/aws-java-sdk-s3/1.12.661/aws-java-sdk-s3-1.12.661.jar:/home/runner/.m2/repository/com/amazonaws/aws-java-sdk-kms/1.12.661/aws-java-sdk-kms-1.12.661.jar:/home/runner/.m2/repository/com/amazonaws/jmespath-java/1.12.661/jmespath-java-1.12.661.jar:/home/runner/.m2/repository/org/apache/hadoop/hadoop-hdfs/3.4.1/hadoop-hdfs-3.4.1.jar:/home/runner/work/ozone/ozone/hadoop-ozone/interface-storage/target/ozone-interface-storage-2.1.0-SNAPSHOT.jar:/home/runner/.m2/repository/org/kohsuke/metainf-services/metainf-services/1.11/metainf-services-1.11.jar:/home/runner/work/ozone/ozone/hadoop-ozone/ozone-manager/target/ozone-manager-2.1.0-SNAPSHOT.jar:/home/runner/.m2/repository/com/sun/jersey/jersey-client/1.19.4/jersey-client-1.19.4.jar:/home/runner/.m2/repository/org/apache/kerby/kerby-util/1.0.1/kerby-util-1.0.1.jar:/home/runner/.m2/repository/org/apache/logging/log4j/log4j-api/2.24.2/log4j-api-2.24.2.jar:/home/runner/work/ozone/ozone/hadoop-hdds/managed-rocksdb/target/hdds-managed-rocksdb-2.1.0-SNAPSHOT.jar:/home/runner/work/ozone/ozone/hadoop-hdds/rocks-native/target/hdds-rocks-native-2.1.0-SNAPSHOT.jar:/home/runner/.m2/repository/org/eclipse/jetty/jetty-io/9.4.57.v20241219/jetty-io-9.4.57.v20241219.jar:/home/runner/work/ozone/ozone/hadoop-hdds/rocksdb-checkpoint-differ/target/rocksdb-checkpoint-differ-2.1.0-SNAPSHOT.jar:/home/runner/.m2/repository/com/github/vlsi/mxgraph/jgraphx/3.9.12/jgraphx-3.9.12.jar:/home/runner/.m2/repository/org/jgrapht/jgrapht-core/1.4.0/jgrapht-core-1.4.0.jar:/home/runner/.m2/repository/org/jheaps/jheaps/0.11/jheaps-0.11.jar:/home/runner/.m2/repository/org/jgrapht/jgrapht-ext/1.4.0/jgrapht-ext-1.4.0.jar:/home/runner/.m2/repository/org/apache/ranger/ranger-intg/2.6.0/ranger-intg-2.6.0.jar:/home/runner/.m2/repository/org/apache/ranger/ranger-plugins-common/2.6.0/ranger-plugins-common-2.6.0.jar:/home/runner/.m2/repository/com/fasterxml/jackson/jaxrs/jackson-jaxrs-base/2.16.2/jackson-jaxrs-base-2.16.2.jar:/home/runner/.m2/repository/com/fasterxml/jackson/jaxrs/jackson-jaxrs-json-provider/2.16.2/jackson-jaxrs-json-provider-2.16.2.jar:/home/runner/.m2/repository/com/kstruct/gethostname4j/1.0.0/gethostname4j-1.0.0.jar:/home/runner/.m2/repository/commons-lang/commons-lang/2.6/commons-lang-2.6.jar:/home/runner/.m2/repository/net/java/dev/jna/jna/5.2.0/jna-5.2.0.jar:/home/runner/.m2/repository/net/java/dev/jna/jna-platform/5.2.0/jna-platform-5.2.0.jar:/home/runner/.m2/repository/org/apache/ranger/ranger-plugin-classloader/2.6.0/ranger-plugin-classloader-2.6.0.jar:/home/runner/.m2/repository/org/apache/ranger/ranger-plugins-audit/2.6.0/ranger-plugins-audit-2.6.0.jar:/home/runner/.m2/repository/com/amazonaws/aws-java-sdk-logs/1.12.765/aws-java-sdk-logs-1.12.765.jar:/home/runner/.m2/repository/com/carrotsearch/hppc/0.8.0/hppc-0.8.0.jar:/home/runner/.m2/repository/io/airlift/aircompressor/0.27/aircompressor-0.27.jar:/home/runner/.m2/repository/org/apache/httpcomponents/httpasyncclient/4.1.4/httpasyncclient-4.1.4.jar:/home/runner/.m2/repository/org/apache/httpcomponents/httpcore-nio/4.4.16/httpcore-nio-4.4.16.jar:/home/runner/.m2/repository/org/apache/httpcomponents/httpmime/4.5.13/httpmime-4.5.13.jar:/home/runner/.m2/repository/org/apache/orc/orc-core/1.5.8/orc-core-1.5.8.jar:/home/runner/.m2/repository/org/apache/orc/orc-shims/1.5.8/orc-shims-1.5.8.jar:/home/runner/.m2/repository/org/eclipse/jetty/jetty-client/9.4.57.v20241219/jetty-client-9.4.57.v20241219.jar:/home/runner/.m2/repository/org/apache/ranger/ranger-plugins-cred/2.6.0/ranger-plugins-cred-2.6.0.jar:/home/runner/.m2/repository/org/aspectj/aspectjrt/1.9.7/aspectjrt-1.9.7.jar:/home/runner/.m2/repository/org/aspectj/aspectjweaver/1.9.7/aspectjweaver-1.9.7.jar:/home/runner/.m2/repository/org/eclipse/jetty/jetty-util/9.4.57.v20241219/jetty-util-9.4.57.v20241219.jar:/home/runner/.m2/repository/org/reflections/reflections/0.10.2/reflections-0.10.2.jar:/home/runner/.m2/repository/org/rocksdb/rocksdbjni/7.7.3/rocksdbjni-7.7.3.jar:/home/runner/work/ozone/ozone/hadoop-ozone/recon/target/ozone-recon-2.1.0-SNAPSHOT.jar:/home/runner/.m2/repository/aopalliance/aopalliance/1.0/aopalliance-1.0.jar:/home/runner/.m2/repository/com/google/inject/guice/6.0.0/guice-6.0.0.jar:/home/runner/.m2/repository/jakarta/inject/jakarta.inject-api/2.0.1/jakarta.inject-api-2.0.1.jar:/home/runner/.m2/repository/com/google/inject/extensions/guice-assistedinject/6.0.0/guice-assistedinject-6.0.0.jar:/home/runner/.m2/repository/com/google/inject/extensions/guice-servlet/6.0.0/guice-servlet-6.0.0.jar:/home/runner/.m2/repository/com/jolbox/bonecp/0.8.0.RELEASE/bonecp-0.8.0.RELEASE.jar:/home/runner/.m2/repository/jakarta/activation/jakarta.activation-api/1.2.2/jakarta.activation-api-1.2.2.jar:/home/runner/.m2/repository/jakarta/validation/jakarta.validation-api/2.0.2/jakarta.validation-api-2.0.2.jar:/home/runner/.m2/repository/jakarta/ws/rs/jakarta.ws.rs-api/2.1.6/jakarta.ws.rs-api-2.1.6.jar:/home/runner/.m2/repository/javax/inject/javax.inject/1/javax.inject-1.jar:/home/runner/.m2/repository/org/apache/derby/derby/10.14.2.0/derby-10.14.2.0.jar:/home/runner/work/ozone/ozone/hadoop-ozone/recon-codegen/target/ozone-reconcodegen-2.1.0-SNAPSHOT.jar:/home/runner/.m2/repository/org/eclipse/jetty/jetty-servlet/9.4.57.v20241219/jetty-servlet-9.4.57.v20241219.jar:/home/runner/.m2/repository/org/eclipse/jetty/jetty-security/9.4.57.v20241219/jetty-security-9.4.57.v20241219.jar:/home/runner/.m2/repository/org/glassfish/hk2/guice-bridge/2.6.1/guice-bridge-2.6.1.jar:/home/runner/.m2/repository/org/glassfish/hk2/hk2-api/2.6.1/hk2-api-2.6.1.jar:/home/runner/.m2/repository/org/glassfish/hk2/hk2-utils/2.6.1/hk2-utils-2.6.1.jar:/home/runner/.m2/repository/org/glassfish/hk2/external/aopalliance-repackaged/2.6.1/aopalliance-repackaged-2.6.1.jar:/home/runner/.m2/repository/org/glassfish/hk2/external/jakarta.inject/2.6.1/jakarta.inject-2.6.1.jar:/home/runner/.m2/repository/org/glassfish/jersey/containers/jersey-container-servlet/2.46/jersey-container-servlet-2.46.jar:/home/runner/.m2/repository/org/glassfish/jersey/containers/jersey-container-servlet-core/2.46/jersey-container-servlet-core-2.46.jar:/home/runner/.m2/repository/org/glassfish/jersey/core/jersey-common/2.46/jersey-common-2.46.jar:/home/runner/.m2/repository/org/glassfish/hk2/osgi-resource-locator/1.0.3/osgi-resource-locator-1.0.3.jar:/home/runner/.m2/repository/org/glassfish/jersey/core/jersey-server/2.46/jersey-server-2.46.jar:/home/runner/.m2/repository/org/glassfish/jersey/core/jersey-client/2.46/jersey-client-2.46.jar:/home/runner/.m2/repository/org/glassfish/jersey/inject/jersey-hk2/2.46/jersey-hk2-2.46.jar:/home/runner/.m2/repository/org/glassfish/hk2/hk2-locator/2.6.1/hk2-locator-2.6.1.jar:/home/runner/.m2/repository/org/glassfish/jersey/media/jersey-media-jaxb/2.46/jersey-media-jaxb-2.46.jar:/home/runner/.m2/repository/org/glassfish/jersey/media/jersey-media-json-jackson/2.46/jersey-media-json-jackson-2.46.jar:/home/runner/.m2/repository/org/glassfish/jersey/ext/jersey-entity-filtering/2.46/jersey-entity-filtering-2.46.jar:/home/runner/.m2/repository/com/fasterxml/jackson/module/jackson-module-jaxb-annotations/2.16.2/jackson-module-jaxb-annotations-2.16.2.jar:/home/runner/.m2/repository/org/javassist/javassist/3.30.2-GA/javassist-3.30.2-GA.jar:/home/runner/.m2/repository/org/jooq/jooq/3.11.10/jooq-3.11.10.jar:/home/runner/.m2/repository/org/jooq/jooq-codegen/3.11.10/jooq-codegen-3.11.10.jar:/home/runner/.m2/repository/org/jooq/jooq-meta/3.11.10/jooq-meta-3.11.10.jar:/home/runner/.m2/repository/org/springframework/spring-core/5.3.39/spring-core-5.3.39.jar:/home/runner/.m2/repository/org/springframework/spring-jdbc/5.3.39/spring-jdbc-5.3.39.jar:/home/runner/.m2/repository/org/springframework/spring-beans/5.3.39/spring-beans-5.3.39.jar:/home/runner/.m2/repository/org/springframework/spring-tx/5.3.39/spring-tx-5.3.39.jar:/home/runner/.m2/repository/org/xerial/sqlite-jdbc/3.49.1.0/sqlite-jdbc-3.49.1.0.jar:/home/runner/work/ozone/ozone/hadoop-ozone/s3gateway/target/ozone-s3gateway-2.1.0-SNAPSHOT.jar:/home/runner/work/ozone/ozone/hadoop-ozone/tools/target/ozone-tools-2.1.0-SNAPSHOT.jar:/home/runner/.m2/repository/org/apache/ratis/ratis-shell/3.1.2/ratis-shell-3.1.2.jar:/home/runner/.m2/repository/org/apache/ratis/ratis-tools/3.1.2/ratis-tools-3.1.2.jar:/home/runner/.m2/repository/org/glassfish/jaxb/jaxb-runtime/2.3.9/jaxb-runtime-2.3.9.jar:/home/runner/.m2/repository/org/glassfish/jaxb/txw2/2.3.9/txw2-2.3.9.jar:/home/runner/.m2/repository/com/sun/istack/istack-commons-runtime/3.0.12/istack-commons-runtime-3.0.12.jar:/home/runner/.m2/repository/com/sun/activation/jakarta.activation/1.2.2/jakarta.activation-1.2.2.jar:/home/runner/.m2/repository/org/apache/ratis/ratis-server/3.1.2/ratis-server-3.1.2.jar:/home/runner/.m2/repository/org/apache/ratis/ratis-metrics-api/3.1.2/ratis-metrics-api-3.1.2.jar:/home/runner/.m2/repository/org/hamcrest/hamcrest/2.2/hamcrest-2.2.jar:/home/runner/.m2/repository/org/slf4j/jul-to-slf4j/2.0.17/jul-to-slf4j-2.0.17.jar:/home/runner/.m2/repository/org/apache/commons/commons-lang3/3.17.0/commons-lang3-3.17.0.jar:/home/runner/.m2/repository/org/apache/hadoop/hadoop-common/3.4.1/hadoop-common-3.4.1-tests.jar:/home/runner/.m2/repository/org/apache/hadoop/thirdparty/hadoop-shaded-protobuf_3_25/1.4.0/hadoop-shaded-protobuf_3_25-1.4.0.jar:/home/runner/.m2/repository/org/apache/hadoop/hadoop-annotations/3.4.1/hadoop-annotations-3.4.1.jar:/home/runner/.m2/repository/org/apache/hadoop/thirdparty/hadoop-shaded-guava/1.3.0/hadoop-shaded-guava-1.3.0.jar:/home/runner/.m2/repository/commons-cli/commons-cli/1.8.0/commons-cli-1.8.0.jar:/home/runner/.m2/repository/org/apache/commons/commons-math3/3.6.1/commons-math3-3.6.1.jar:/home/runner/.m2/repository/commons-net/commons-net/3.11.1/commons-net-3.11.1.jar:/home/runner/.m2/repository/org/eclipse/jetty/jetty-server/9.4.57.v20241219/jetty-server-9.4.57.v20241219.jar:/home/runner/.m2/repository/javax/servlet/jsp/jsp-api/2.1/jsp-api-2.1.jar:/home/runner/.m2/repository/com/sun/jersey/jersey-core/1.19.4/jersey-core-1.19.4.jar:/home/runner/.m2/repository/javax/ws/rs/jsr311-api/1.1.1/jsr311-api-1.1.1.jar:/home/runner/.m2/repository/com/sun/jersey/jersey-servlet/1.19.4/jersey-servlet-1.19.4.jar:/home/runner/.m2/repository/com/github/pjfanning/jersey-json/1.22.0/jersey-json-1.22.0.jar:/home/runner/.m2/repository/com/sun/xml/bind/jaxb-impl/2.2.3-1/jaxb-impl-2.2.3-1.jar:/home/runner/.m2/repository/org/codehaus/jettison/jettison/1.5.4/jettison-1.5.4.jar:/home/runner/.m2/repository/com/sun/jersey/jersey-server/1.19.4/jersey-server-1.19.4.jar:/home/runner/.m2/repository/commons-beanutils/commons-beanutils/1.9.4/commons-beanutils-1.9.4.jar:/home/runner/.m2/repository/org/apache/commons/commons-configuration2/2.11.0/commons-configuration2-2.11.0.jar:/home/runner/.m2/repository/org/apache/avro/avro/1.9.2/avro-1.9.2.jar:/home/runner/.m2/repository/com/google/re2j/re2j/1.7/re2j-1.7.jar:/home/runner/.m2/repository/com/google/code/gson/gson/2.10.1/gson-2.10.1.jar:/home/runner/.m2/repository/com/jcraft/jsch/0.1.55/jsch-0.1.55.jar:/home/runner/.m2/repository/org/apache/curator/curator-client/4.2.0/curator-client-4.2.0.jar:/home/runner/.m2/repository/org/apache/curator/curator-recipes/5.2.0/curator-recipes-5.2.0.jar:/home/runner/.m2/repository/org/apache/curator/curator-framework/4.2.0/curator-framework-4.2.0.jar:/home/runner/.m2/repository/com/google/code/findbugs/jsr305/3.0.2/jsr305-3.0.2.jar:/home/runner/.m2/repository/org/apache/zookeeper/zookeeper/3.8.4/zookeeper-3.8.4.jar:/home/runner/.m2/repository/org/apache/zookeeper/zookeeper-jute/3.8.4/zookeeper-jute-3.8.4.jar:/home/runner/.m2/repository/org/apache/yetus/audience-annotations/0.12.0/audience-annotations-0.12.0.jar:/home/runner/.m2/repository/io/netty/netty-transport-native-epoll/4.1.109.Final/netty-transport-native-epoll-4.1.109.Final.jar:/home/runner/.m2/repository/org/apache/kerby/kerb-core/1.0.1/kerb-core-1.0.1.jar:/home/runner/.m2/repository/org/apache/kerby/kerby-pkix/1.0.1/kerby-pkix-1.0.1.jar:/home/runner/.m2/repository/org/apache/kerby/kerby-asn1/1.0.1/kerby-asn1-1.0.1.jar:/home/runner/.m2/repository/org/codehaus/woodstox/stax2-api/4.2.1/stax2-api-4.2.1.jar:/home/runner/.m2/repository/com/fasterxml/woodstox/woodstox-core/5.4.0/woodstox-core-5.4.0.jar:/home/runner/.m2/repository/dnsjava/dnsjava/3.6.1/dnsjava-3.6.1.jar:/home/runner/.m2/repository/org/xerial/snappy/snappy-java/1.1.10.7/snappy-java-1.1.10.7.jar:/home/runner/.m2/repository/org/apache/hadoop/hadoop-distcp/3.4.1/hadoop-distcp-3.4.1.jar:/home/runner/.m2/repository/org/apache/hadoop/hadoop-distcp/3.4.1/hadoop-distcp-3.4.1-tests.jar:/home/runner/.m2/repository/org/apache/hadoop/hadoop-hdfs/3.4.1/hadoop-hdfs-3.4.1-tests.jar:/home/runner/.m2/repository/org/eclipse/jetty/jetty-util-ajax/9.4.57.v20241219/jetty-util-ajax-9.4.57.v20241219.jar:/home/runner/.m2/repository/commons-daemon/commons-daemon/1.4.0/commons-daemon-1.4.0.jar:/home/runner/.m2/repository/io/netty/netty-all/4.1.109.Final/netty-all-4.1.109.Final.jar:/home/runner/.m2/repository/io/netty/netty-codec-dns/4.1.109.Final/netty-codec-dns-4.1.109.Final.jar:/home/runner/.m2/repository/io/netty/netty-codec-haproxy/4.1.109.Final/netty-codec-haproxy-4.1.109.Final.jar:/home/runner/.m2/repository/io/netty/netty-codec-memcache/4.1.109.Final/netty-codec-memcache-4.1.109.Final.jar:/home/runner/.m2/repository/io/netty/netty-codec-mqtt/4.1.109.Final/netty-codec-mqtt-4.1.109.Final.jar:/home/runner/.m2/repository/io/netty/netty-codec-redis/4.1.109.Final/netty-codec-redis-4.1.109.Final.jar:/home/runner/.m2/repository/io/netty/netty-codec-smtp/4.1.109.Final/netty-codec-smtp-4.1.109.Final.jar:/home/runner/.m2/repository/io/netty/netty-codec-stomp/4.1.109.Final/netty-codec-stomp-4.1.109.Final.jar:/home/runner/.m2/repository/io/netty/netty-codec-xml/4.1.109.Final/netty-codec-xml-4.1.109.Final.jar:/home/runner/.m2/repository/io/netty/netty-handler-ssl-ocsp/4.1.109.Final/netty-handler-ssl-ocsp-4.1.109.Final.jar:/home/runner/.m2/repository/io/netty/netty-resolver-dns/4.1.109.Final/netty-resolver-dns-4.1.109.Final.jar:/home/runner/.m2/repository/io/netty/netty-transport-rxtx/4.1.109.Final/netty-transport-rxtx-4.1.109.Final.jar:/home/runner/.m2/repository/io/netty/netty-transport-sctp/4.1.109.Final/netty-transport-sctp-4.1.109.Final.jar:/home/runner/.m2/repository/io/netty/netty-transport-udt/4.1.109.Final/netty-transport-udt-4.1.109.Final.jar:/home/runner/.m2/repository/io/netty/netty-transport-classes-kqueue/4.1.109.Final/netty-transport-classes-kqueue-4.1.109.Final.jar:/home/runner/.m2/repository/io/netty/netty-resolver-dns-classes-macos/4.1.109.Final/netty-resolver-dns-classes-macos-4.1.109.Final.jar:/home/runner/.m2/repository/io/netty/netty-transport-native-epoll/4.1.109.Final/netty-transport-native-epoll-4.1.109.Final-linux-aarch_64.jar:/home/runner/.m2/repository/io/netty/netty-transport-native-epoll/4.1.109.Final/netty-transport-native-epoll-4.1.109.Final-linux-riscv64.jar:/home/runner/.m2/repository/io/netty/netty-transport-native-kqueue/4.1.109.Final/netty-transport-native-kqueue-4.1.109.Final-osx-x86_64.jar:/home/runner/.m2/repository/io/netty/netty-transport-native-kqueue/4.1.109.Final/netty-transport-native-kqueue-4.1.109.Final-osx-aarch_64.jar:/home/runner/.m2/repository/io/netty/netty-resolver-dns-native-macos/4.1.109.Final/netty-resolver-dns-native-macos-4.1.109.Final-osx-x86_64.jar:/home/runner/.m2/repository/io/netty/netty-resolver-dns-native-macos/4.1.109.Final/netty-resolver-dns-native-macos-4.1.109.Final-osx-aarch_64.jar:/home/runner/.m2/repository/org/fusesource/leveldbjni/leveldbjni-all/1.8/leveldbjni-all-1.8.jar:/home/runner/.m2/repository/org/apache/hadoop/hadoop-kms/3.4.1/hadoop-kms-3.4.1.jar:/home/runner/.m2/repository/org/apache/hadoop/hadoop-kms/3.4.1/hadoop-kms-3.4.1-tests.jar:/home/runner/.m2/repository/org/apache/hadoop/hadoop-mapreduce-client-core/3.4.1/hadoop-mapreduce-client-core-3.4.1.jar:/home/runner/.m2/repository/org/apache/hadoop/hadoop-yarn-client/3.4.1/hadoop-yarn-client-3.4.1.jar:/home/runner/.m2/repository/org/eclipse/jetty/websocket/websocket-client/9.4.53.v20231009/websocket-client-9.4.53.v20231009.jar:/home/runner/.m2/repository/org/eclipse/jetty/websocket/websocket-common/9.4.53.v20231009/websocket-common-9.4.53.v20231009.jar:/home/runner/.m2/repository/org/eclipse/jetty/websocket/websocket-api/9.4.53.v20231009/websocket-api-9.4.53.v20231009.jar:/home/runner/.m2/repository/org/apache/hadoop/hadoop-yarn-api/3.4.1/hadoop-yarn-api-3.4.1.jar:/home/runner/.m2/repository/org/apache/hadoop/hadoop-yarn-common/3.4.1/hadoop-yarn-common-3.4.1.jar:/home/runner/.m2/repository/javax/xml/bind/jaxb-api/2.2.11/jaxb-api-2.2.11.jar:/home/runner/.m2/repository/com/sun/jersey/contribs/jersey-guice/1.19.4/jersey-guice-1.19.4.jar:/home/runner/.m2/repository/org/apache/hadoop/hadoop-mapreduce-client-jobclient/3.4.1/hadoop-mapreduce-client-jobclient-3.4.1.jar:/home/runner/.m2/repository/org/apache/hadoop/hadoop-mapreduce-client-common/3.4.1/hadoop-mapreduce-client-common-3.4.1.jar:/home/runner/.m2/repository/org/apache/hadoop/hadoop-minikdc/3.4.1/hadoop-minikdc-3.4.1.jar:/home/runner/.m2/repository/org/apache/kerby/kerb-simplekdc/2.0.3/kerb-simplekdc-2.0.3.jar:/home/runner/.m2/repository/org/apache/kerby/kerb-client/2.0.3/kerb-client-2.0.3.jar:/home/runner/.m2/repository/org/apache/kerby/kerb-common/2.0.3/kerb-common-2.0.3.jar:/home/runner/.m2/repository/org/apache/kerby/token-provider/2.0.3/token-provider-2.0.3.jar:/home/runner/.m2/repository/org/apache/kerby/kerb-admin/2.0.3/kerb-admin-2.0.3.jar:/home/runner/.m2/repository/org/apache/kerby/kerb-server/2.0.3/kerb-server-2.0.3.jar:/home/runner/.m2/repository/org/apache/kerby/kerb-identity/2.0.3/kerb-identity-2.0.3.jar:/home/runner/.m2/repository/org/apache/kerby/kerby-xdr/2.0.3/kerby-xdr-2.0.3.jar:/home/runner/.m2/repository/junit/junit/4.13.2/junit-4.13.2.jar:/home/runner/.m2/repository/org/hamcrest/hamcrest-core/1.3/hamcrest-core-1.3.jar:/home/runner/work/ozone/ozone/hadoop-hdds/common/target/hdds-common-2.1.0-SNAPSHOT-tests.jar:/home/runner/.m2/repository/commons-validator/commons-validator/1.6/commons-validator-1.6.jar:/home/runner/.m2/repository/commons-digester/commons-digester/1.8.1/commons-digester-1.8.1.jar:/home/runner/.m2/repository/io/jaegertracing/jaeger-client/1.8.1/jaeger-client-1.8.1.jar:/home/runner/.m2/repository/io/jaegertracing/jaeger-thrift/1.8.1/jaeger-thrift-1.8.1.jar:/home/runner/.m2/repository/org/apache/thrift/libthrift/0.15.0/libthrift-0.15.0.jar:/home/runner/.m2/repository/com/squareup/okhttp3/okhttp/4.12.0/okhttp-4.12.0.jar:/home/runner/.m2/repository/com/squareup/okio/okio/3.6.0/okio-3.6.0.jar:/home/runner/.m2/repository/com/squareup/okio/okio-jvm/3.6.0/okio-jvm-3.6.0.jar:/home/runner/.m2/repository/org/jetbrains/kotlin/kotlin-stdlib-common/1.9.25/kotlin-stdlib-common-1.9.25.jar:/home/runner/.m2/repository/org/jetbrains/kotlin/kotlin-stdlib-jdk8/1.9.25/kotlin-stdlib-jdk8-1.9.25.jar:/home/runner/.m2/repository/org/jetbrains/kotlin/kotlin-stdlib-jdk7/1.9.25/kotlin-stdlib-jdk7-1.9.25.jar:/home/runner/.m2/repository/io/jaegertracing/jaeger-tracerresolver/1.8.1/jaeger-tracerresolver-1.8.1.jar:/home/runner/.m2/repository/io/opentracing/contrib/opentracing-tracerresolver/0.1.8/opentracing-tracerresolver-0.1.8.jar:/home/runner/.m2/repository/io/jaegertracing/jaeger-core/1.8.1/jaeger-core-1.8.1.jar:/home/runner/.m2/repository/javax/annotation/javax.annotation-api/1.3.2/javax.annotation-api-1.3.2.jar:/home/runner/work/ozone/ozone/hadoop-hdds/annotations/target/hdds-annotation-processing-2.1.0-SNAPSHOT.jar:/home/runner/.m2/repository/org/apache/ratis/ratis-metrics-dropwizard3/3.1.2/ratis-metrics-dropwizard3-3.1.2.jar:/home/runner/.m2/repository/org/bouncycastle/bcutil-jdk18on/1.80/bcutil-jdk18on-1.80.jar:/home/runner/.m2/repository/org/jetbrains/kotlin/kotlin-stdlib/1.9.25/kotlin-stdlib-1.9.25.jar:/home/runner/.m2/repository/org/jetbrains/annotations/13.0/annotations-13.0.jar:/home/runner/.m2/repository/org/slf4j/jcl-over-slf4j/2.0.17/jcl-over-slf4j-2.0.17.jar:/home/runner/.m2/repository/org/yaml/snakeyaml/2.0/snakeyaml-2.0.jar:/home/runner/work/ozone/ozone/hadoop-hdds/container-service/target/hdds-container-service-2.1.0-SNAPSHOT-tests.jar:/home/runner/.m2/repository/com/github/luben/zstd-jni/1.5.7-3/zstd-jni-1.5.7-3.jar:/home/runner/.m2/repository/io/netty/netty-buffer/4.1.109.Final/netty-buffer-4.1.109.Final.jar:/home/runner/.m2/repository/io/netty/netty-codec/4.1.109.Final/netty-codec-4.1.109.Final.jar:/home/runner/.m2/repository/log4j/apache-log4j-extras/1.2.17/apache-log4j-extras-1.2.17.jar:/home/runner/work/ozone/ozone/hadoop-hdds/framework/target/hdds-server-framework-2.1.0-SNAPSHOT-tests.jar:/home/runner/.m2/repository/com/github/jnr/jnr-constants/0.10.4/jnr-constants-0.10.4.jar:/home/runner/.m2/repository/com/github/jnr/jnr-posix/3.1.20/jnr-posix-3.1.20.jar:/home/runner/.m2/repository/com/github/jnr/jnr-ffi/2.2.17/jnr-ffi-2.2.17.jar:/home/runner/.m2/repository/com/github/jnr/jffi/1.3.13/jffi-1.3.13.jar:/home/runner/.m2/repository/com/github/jnr/jffi/1.3.13/jffi-1.3.13-native.jar:/home/runner/.m2/repository/org/ow2/asm/asm/9.7.1/asm-9.7.1.jar:/home/runner/.m2/repository/org/ow2/asm/asm-commons/9.7.1/asm-commons-9.7.1.jar:/home/runner/.m2/repository/org/ow2/asm/asm-analysis/9.7.1/asm-analysis-9.7.1.jar:/home/runner/.m2/repository/org/ow2/asm/asm-tree/9.7.1/asm-tree-9.7.1.jar:/home/runner/.m2/repository/org/ow2/asm/asm-util/9.7.1/asm-util-9.7.1.jar:/home/runner/.m2/repository/com/github/jnr/jnr-a64asm/1.0.0/jnr-a64asm-1.0.0.jar:/home/runner/.m2/repository/com/github/jnr/jnr-x86asm/1.0.2/jnr-x86asm-1.0.2.jar:/home/runner/.m2/repository/commons-fileupload/commons-fileupload/1.5/commons-fileupload-1.5.jar:/home/runner/.m2/repository/io/prometheus/simpleclient/0.16.0/simpleclient-0.16.0.jar:/home/runner/.m2/repository/io/prometheus/simpleclient_common/0.16.0/simpleclient_common-0.16.0.jar:/home/runner/.m2/repository/io/prometheus/simpleclient_dropwizard/0.16.0/simpleclient_dropwizard-0.16.0.jar:/home/runner/.m2/repository/org/apache/logging/log4j/log4j-core/2.24.2/log4j-core-2.24.2.jar:/home/runner/.m2/repository/org/eclipse/jetty/jetty-http/9.4.57.v20241219/jetty-http-9.4.57.v20241219.jar:/home/runner/.m2/repository/com/lmax/disruptor/3.4.4/disruptor-3.4.4.jar:/home/runner/.m2/repository/com/nimbusds/nimbus-jose-jwt/9.40/nimbus-jose-jwt-9.40.jar:/home/runner/.m2/repository/org/apache/kerby/kerb-util/1.0.1/kerb-util-1.0.1.jar:/home/runner/.m2/repository/org/apache/kerby/kerby-config/1.0.1/kerby-config-1.0.1.jar:/home/runner/.m2/repository/org/apache/kerby/kerb-crypto/1.0.1/kerb-crypto-1.0.1.jar:/home/runner/work/ozone/ozone/hadoop-hdds/server-scm/target/hdds-server-scm-2.1.0-SNAPSHOT-tests.jar:/home/runner/work/ozone/ozone/hadoop-hdds/test-utils/target/hdds-test-utils-2.1.0-SNAPSHOT-tests.jar:/home/runner/work/ozone/ozone/hadoop-ozone/ozone-manager/target/ozone-manager-2.1.0-SNAPSHOT-tests.jar:/home/runner/work/ozone/ozone/hadoop-ozone/mini-cluster/target/ozone-mini-cluster-2.1.0-SNAPSHOT.jar:/home/runner/.m2/repository/org/assertj/assertj-core/3.27.3/assertj-core-3.27.3.jar:/home/runner/.m2/repository/net/bytebuddy/byte-buddy/1.15.11/byte-buddy-1.15.11.jar:/home/runner/.m2/repository/org/junit/jupiter/junit-jupiter-api/5.12.2/junit-jupiter-api-5.12.2.jar:/home/runner/.m2/repository/org/opentest4j/opentest4j/1.3.0/opentest4j-1.3.0.jar:/home/runner/.m2/repository/org/junit/platform/junit-platform-commons/1.12.2/junit-platform-commons-1.12.2.jar:/home/runner/.m2/repository/org/apiguardian/apiguardian-api/1.1.2/apiguardian-api-1.1.2.jar:/home/runner/.m2/repository/org/junit/jupiter/junit-jupiter-params/5.12.2/junit-jupiter-params-5.12.2.jar:/home/runner/.m2/repository/org/mockito/mockito-core/4.11.0/mockito-core-4.11.0.jar:/home/runner/.m2/repository/net/bytebuddy/byte-buddy-agent/1.12.19/byte-buddy-agent-1.12.19.jar:/home/runner/.m2/repository/org/objenesis/objenesis/3.3/objenesis-3.3.jar:/home/runner/.m2/repository/org/mockito/mockito-inline/4.11.0/mockito-inline-4.11.0.jar:/home/runner/.m2/repository/org/mockito/mockito-junit-jupiter/4.11.0/mockito-junit-jupiter-4.11.0.jar:/home/runner/work/ozone/ozone/hadoop-ozone/integration-test/target/gradle-enterprise/test-listeners.jar:"/>
    <property name="sun.cpu.endian" value="little"/>
    <property name="user.home" value="/home/runner"/>
    <property name="user.language" value="en"/>
    <property name="java.specification.vendor" value="Oracle Corporation"/>
    <property name="skipRecon" value="true"/>
    <property name="java.version.date" value="2025-04-15"/>
    <property name="java.home" value="/usr/lib/jvm/temurin-21-jdk-amd64"/>
    <property name="java.security.krb5.conf" value="/tmp/junit-11264462521574289389/workdir/1747122643786/krb5.conf"/>
    <property name="file.separator" value="/"/>
    <property name="basedir" value="/home/runner/work/ozone/ozone/hadoop-ozone/integration-test"/>
    <property name="java.vm.compressedOopsMode" value="Zero based"/>
    <property name="line.separator" value="&#10;"/>
    <property name="java.vm.specification.vendor" value="Oracle Corporation"/>
    <property name="java.specification.name" value="Java Platform API Specification"/>
    <property name="surefire.real.class.path" value="/home/runner/work/ozone/ozone/hadoop-ozone/integration-test/target/surefire/surefirebooter-20250513074157383_761.jar"/>
    <property name="hadoop.log.dir" value="/home/runner/work/ozone/ozone/hadoop-ozone/integration-test/target/log"/>
    <property name="sun.management.compiler" value="HotSpot 64-Bit Tiered Compilers"/>
    <property name="skipShade" value="true"/>
    <property name="java.runtime.version" value="21.0.7+6-LTS"/>
    <property name="user.name" value="runner"/>
    <property name="java.net.preferIPv4Stack" value="true"/>
    <property name="stdout.encoding" value="UTF-8"/>
    <property name="path.separator" value=":"/>
    <property name="java.security.egd" value="file:///dev/urandom"/>
    <property name="os.version" value="6.11.0-1012-azure"/>
    <property name="java.runtime.name" value="OpenJDK Runtime Environment"/>
    <property name="com.gradle.maven.scan.extension.test.listener.junitplatform.NestedExecutionSafeDelegatingTestExecutionListener" value="e70f13a"/>
    <property name="file.encoding" value="UTF-8"/>
    <property name="java.vm.name" value="OpenJDK 64-Bit Server VM"/>
    <property name="rocks_tools_native" value="true"/>
    <property name="java.vendor.version" value="Temurin-21.0.7+6"/>
    <property name="test.build.webapps" value=""/>
    <property name="develocity.listener.surefire.forkId" value="1"/>
    <property name="localRepository" value="/home/runner/.m2/repository"/>
    <property name="java.vendor.url.bug" value="https://github.com/adoptium/adoptium-support/issues"/>
    <property name="jetty.git.hash" value="df524e6b29271c2e09ba9aea83c18dc9db464a31"/>
    <property name="java.io.tmpdir" value="/tmp"/>
    <property name="require.test.libhadoop" value=""/>
    <property name="java.version" value="21.0.7"/>
    <property name="user.dir" value="/home/runner/work/ozone/ozone/hadoop-ozone/integration-test"/>
    <property name="os.arch" value="amd64"/>
    <property name="java.vm.specification.name" value="Java Virtual Machine Specification"/>
    <property name="test.build.classes" value="/home/runner/work/ozone/ozone/hadoop-ozone/integration-test/target/test-classes"/>
    <property name="org.apache.ratis.thirdparty.io.netty.allocator.useCacheForAllThreads" value="false"/>
    <property name="native.encoding" value="UTF-8"/>
    <property name="hadoop.tmp.dir" value="/home/runner/work/ozone/ozone/hadoop-ozone/integration-test/target/tmp"/>
    <property name="java.library.path" value="/usr/java/packages/lib:/usr/lib64:/lib64:/lib:/usr/lib"/>
    <property name="java.vm.info" value="mixed mode, sharing"/>
    <property name="stderr.encoding" value="UTF-8"/>
    <property name="java.vendor" value="Eclipse Adoptium"/>
    <property name="java.vm.version" value="21.0.7+6-LTS"/>
    <property name="sun.io.unicode.encoding" value="UnicodeLittle"/>
    <property name="develocity.listener.port" value="46281"/>
    <property name="java.class.version" value="65.0"/>
  </properties>
  <testcase name="testSCMSecurityProtocol" classname="org.apache.hadoop.ozone.TestSecureOzoneCluster" time="18.647">
    <system-out><![CDATA[2025-05-13 07:42:39,251 [main] INFO  minikdc.MiniKdc (MiniKdc.java:<init>(225)) - Configuration:
2025-05-13 07:42:39,253 [main] INFO  minikdc.MiniKdc (MiniKdc.java:<init>(226)) - ---------------------------------------------------------------
2025-05-13 07:42:39,253 [main] INFO  minikdc.MiniKdc (MiniKdc.java:<init>(228)) -   max.renewable.lifetime: 604800000
2025-05-13 07:42:39,254 [main] INFO  minikdc.MiniKdc (MiniKdc.java:<init>(228)) -   instance: DefaultKrbServer
2025-05-13 07:42:39,254 [main] INFO  minikdc.MiniKdc (MiniKdc.java:<init>(228)) -   debug: false
2025-05-13 07:42:39,254 [main] INFO  minikdc.MiniKdc (MiniKdc.java:<init>(228)) -   kdc.bind.address: localhost
2025-05-13 07:42:39,254 [main] INFO  minikdc.MiniKdc (MiniKdc.java:<init>(228)) -   max.ticket.lifetime: 86400000
2025-05-13 07:42:39,255 [main] INFO  minikdc.MiniKdc (MiniKdc.java:<init>(228)) -   transport: TCP
2025-05-13 07:42:39,255 [main] INFO  minikdc.MiniKdc (MiniKdc.java:<init>(228)) -   org.name: EXAMPLE
2025-05-13 07:42:39,256 [main] INFO  minikdc.MiniKdc (MiniKdc.java:<init>(228)) -   org.domain: COM
2025-05-13 07:42:39,257 [main] INFO  minikdc.MiniKdc (MiniKdc.java:<init>(228)) -   kdc.port: 0
2025-05-13 07:42:39,257 [main] INFO  minikdc.MiniKdc (MiniKdc.java:<init>(230)) - ---------------------------------------------------------------
2025-05-13 07:42:39,314 [main] INFO  minikdc.MiniKdc (MiniKdc.java:start(285)) - MiniKdc started.
2025-05-13 07:42:39,991 [main] INFO  keys.KeyStorage (KeyStorage.java:storePublicKey(210)) - Storing public key to /tmp/junit-14113411677891839485/om-meta/om/keys/public.pem.
2025-05-13 07:42:39,995 [main] INFO  keys.KeyStorage (KeyStorage.java:storePrivateKey(194)) - Storing private key to /tmp/junit-14113411677891839485/om-meta/om/keys/private.pem.
2025-05-13 07:42:40,245 [main] INFO  audit.AuditLogger (AuditLogger.java:refreshDebugCmdSet(133)) - Refresh DebugCmdSet for OMAudit to [].
2025-05-13 07:42:40,263 [main] INFO  audit.AuditLogger (AuditLogger.java:refreshDebugCmdSet(133)) - Refresh DebugCmdSet for OMSystemAudit to [].
2025-05-13 07:42:40,418 [main] INFO  om.OzoneManager (OzoneManager.java:getOmDetailsProto(4941)) - OzoneManager ports added:[name: "RPC"
value: 15006
]
2025-05-13 07:42:40,424 [main] WARN  server.ServerUtils (ServerUtils.java:getScmDbDir(138)) - ozone.scm.db.dirs is not configured. We recommend adding this setting. Falling back to ozone.metadata.dirs instead.
2025-05-13 07:42:40,588 [main] INFO  reflections.Reflections (Reflections.java:scan(219)) - Reflections took 150 ms to scan 7 urls, producing 165 keys and 367 values
2025-05-13 07:42:40,688 [main] INFO  ha.HASecurityUtils (HASecurityUtils.java:initializeSecurity(79)) - Initializing secure StorageContainerManager.
2025-05-13 07:42:40,699 [main] INFO  proxy.SCMSecurityProtocolFailoverProxyProvider (SCMFailoverProxyProviderBase.java:<init>(120)) - Created fail-over proxy for protocol SCMSecurityProtocolPB with 1 nodes: [nodeId=scmNodeId,nodeAddress=localhost/127.0.0.1:15003]
2025-05-13 07:42:40,730 [main] INFO  client.SCMCertificateClient (DefaultCertificateClient.java:updateCertSerialId(1289)) - Certificate serial ID set to null
2025-05-13 07:42:40,731 [main] ERROR client.SCMCertificateClient (DefaultCertificateClient.java:getCertPath(373)) - Default certificate serial id is not set. Can't locate the default certificate for this client.
2025-05-13 07:42:40,732 [main] INFO  client.SCMCertificateClient (DefaultCertificateClient.java:init(717)) - Certificate client init case: 0
2025-05-13 07:42:40,732 [main] INFO  client.SCMCertificateClient (DefaultCertificateClient.java:handleCase(735)) - Creating keypair for client as keypair and certificate not found.
2025-05-13 07:42:41,167 [main] INFO  keys.KeyStorage (KeyStorage.java:storePublicKey(210)) - Storing public key to /tmp/junit-14113411677891839485/scm-meta/scm/sub-ca/keys/public.pem.
2025-05-13 07:42:41,168 [main] INFO  keys.KeyStorage (KeyStorage.java:storePrivateKey(194)) - Storing private key to /tmp/junit-14113411677891839485/scm-meta/scm/sub-ca/keys/private.pem.
2025-05-13 07:42:41,170 [main] INFO  client.SCMCertificateClient (SCMCertificateClient.java:recoverStateIfNeeded(278)) - Init response: GETCERT
2025-05-13 07:42:41,193 [main] INFO  keys.KeyStorage (KeyStorage.java:readPublicKey(174)) - Reading public key from /tmp/junit-14113411677891839485/scm-meta/scm/ca/keys/public.pem.
2025-05-13 07:42:41,194 [main] ERROR keys.KeyStorage (KeyStorage.java:readPublicKey(178)) - Failed to read the public key.
java.nio.file.NoSuchFileException: /tmp/junit-14113411677891839485/scm-meta/scm/ca/keys/public.pem
	at java.base/sun.nio.fs.UnixException.translateToIOException(UnixException.java:92)
	at java.base/sun.nio.fs.UnixException.rethrowAsIOException(UnixException.java:106)
	at java.base/sun.nio.fs.UnixException.rethrowAsIOException(UnixException.java:111)
	at java.base/sun.nio.fs.UnixFileSystemProvider.newByteChannel(UnixFileSystemProvider.java:261)
	at java.base/java.nio.file.Files.newByteChannel(Files.java:380)
	at java.base/java.nio.file.Files.newByteChannel(Files.java:432)
	at java.base/java.nio.file.Files.readAllBytes(Files.java:3281)
	at org.apache.hadoop.hdds.security.x509.keys.KeyStorage.readPublicKey(KeyStorage.java:176)
	at org.apache.hadoop.hdds.security.x509.keys.KeyStorage.readKeyPair(KeyStorage.java:184)
	at org.apache.hadoop.hdds.security.x509.certificate.authority.DefaultCAServer.checkIfKeysExist(DefaultCAServer.java:354)
	at org.apache.hadoop.hdds.security.x509.certificate.authority.DefaultCAServer.verifySelfSignedCA(DefaultCAServer.java:323)
	at org.apache.hadoop.hdds.security.x509.certificate.authority.DefaultCAServer.init(DefaultCAServer.java:162)
	at org.apache.hadoop.hdds.security.x509.certificate.client.SCMCertificateClient.initializeRootCertificateServer(SCMCertificateClient.java:396)
	at org.apache.hadoop.hdds.security.x509.certificate.client.SCMCertificateClient.getPrimarySCMSelfSignedCert(SCMCertificateClient.java:346)
	at org.apache.hadoop.hdds.security.x509.certificate.client.SCMCertificateClient.recoverStateIfNeeded(SCMCertificateClient.java:287)
	at org.apache.hadoop.hdds.security.x509.certificate.client.DefaultCertificateClient.initWithRecovery(DefaultCertificateClient.java:698)
	at org.apache.hadoop.hdds.scm.ha.HASecurityUtils.initializeSecurity(HASecurityUtils.java:96)
	at org.apache.hadoop.ozone.TestSecureOzoneCluster.initSCM(TestSecureOzoneCluster.java:450)
	at org.apache.hadoop.ozone.TestSecureOzoneCluster.testSCMSecurityProtocol(TestSecureOzoneCluster.java:359)
	at java.base/jdk.internal.reflect.DirectMethodHandleAccessor.invoke(DirectMethodHandleAccessor.java:103)
	at java.base/java.lang.reflect.Method.invoke(Method.java:580)
	at org.junit.platform.commons.util.ReflectionUtils.invokeMethod(ReflectionUtils.java:775)
	at org.junit.platform.commons.support.ReflectionSupport.invokeMethod(ReflectionSupport.java:479)
	at org.junit.jupiter.engine.execution.MethodInvocation.proceed(MethodInvocation.java:60)
	at org.junit.jupiter.engine.execution.InvocationInterceptorChain$ValidatingInvocation.proceed(InvocationInterceptorChain.java:131)
	at org.junit.jupiter.engine.extension.SameThreadTimeoutInvocation.proceed(SameThreadTimeoutInvocation.java:49)
	at org.junit.jupiter.engine.extension.TimeoutExtension.intercept(TimeoutExtension.java:161)
	at org.junit.jupiter.engine.extension.TimeoutExtension.interceptTestableMethod(TimeoutExtension.java:152)
	at org.junit.jupiter.engine.extension.TimeoutExtension.interceptTestMethod(TimeoutExtension.java:91)
	at org.junit.jupiter.engine.execution.InterceptingExecutableInvoker$ReflectiveInterceptorCall.lambda$ofVoidMethod$0(InterceptingExecutableInvoker.java:112)
	at org.junit.jupiter.engine.execution.InterceptingExecutableInvoker.lambda$invoke$0(InterceptingExecutableInvoker.java:94)
	at org.junit.jupiter.engine.execution.InvocationInterceptorChain$InterceptedInvocation.proceed(InvocationInterceptorChain.java:106)
	at org.junit.jupiter.engine.execution.InvocationInterceptorChain.proceed(InvocationInterceptorChain.java:64)
	at org.junit.jupiter.engine.execution.InvocationInterceptorChain.chainAndInvoke(InvocationInterceptorChain.java:45)
	at org.junit.jupiter.engine.execution.InvocationInterceptorChain.invoke(InvocationInterceptorChain.java:37)
	at org.junit.jupiter.engine.execution.InterceptingExecutableInvoker.invoke(InterceptingExecutableInvoker.java:93)
	at org.junit.jupiter.engine.execution.InterceptingExecutableInvoker.invoke(InterceptingExecutableInvoker.java:87)
	at org.junit.jupiter.engine.descriptor.TestMethodTestDescriptor.lambda$invokeTestMethod$7(TestMethodTestDescriptor.java:216)
	at org.junit.platform.engine.support.hierarchical.ThrowableCollector.execute(ThrowableCollector.java:73)
	at org.junit.jupiter.engine.descriptor.TestMethodTestDescriptor.invokeTestMethod(TestMethodTestDescriptor.java:212)
	at org.junit.jupiter.engine.descriptor.TestMethodTestDescriptor.execute(TestMethodTestDescriptor.java:137)
	at org.junit.jupiter.engine.descriptor.TestMethodTestDescriptor.execute(TestMethodTestDescriptor.java:69)
	at org.junit.platform.engine.support.hierarchical.NodeTestTask.lambda$executeRecursively$6(NodeTestTask.java:156)
	at org.junit.platform.engine.support.hierarchical.ThrowableCollector.execute(ThrowableCollector.java:73)
	at org.junit.platform.engine.support.hierarchical.NodeTestTask.lambda$executeRecursively$8(NodeTestTask.java:146)
	at org.junit.platform.engine.support.hierarchical.Node.around(Node.java:137)
	at org.junit.platform.engine.support.hierarchical.NodeTestTask.lambda$executeRecursively$9(NodeTestTask.java:144)
	at org.junit.platform.engine.support.hierarchical.ThrowableCollector.execute(ThrowableCollector.java:73)
	at org.junit.platform.engine.support.hierarchical.NodeTestTask.executeRecursively(NodeTestTask.java:143)
	at org.junit.platform.engine.support.hierarchical.NodeTestTask.execute(NodeTestTask.java:100)
	at java.base/java.util.ArrayList.forEach(ArrayList.java:1596)
	at org.junit.platform.engine.support.hierarchical.SameThreadHierarchicalTestExecutorService.invokeAll(SameThreadHierarchicalTestExecutorService.java:41)
	at org.junit.platform.engine.support.hierarchical.NodeTestTask.lambda$executeRecursively$6(NodeTestTask.java:160)
	at org.junit.platform.engine.support.hierarchical.ThrowableCollector.execute(ThrowableCollector.java:73)
	at org.junit.platform.engine.support.hierarchical.NodeTestTask.lambda$executeRecursively$8(NodeTestTask.java:146)
	at org.junit.platform.engine.support.hierarchical.Node.around(Node.java:137)
	at org.junit.platform.engine.support.hierarchical.NodeTestTask.lambda$executeRecursively$9(NodeTestTask.java:144)
	at org.junit.platform.engine.support.hierarchical.ThrowableCollector.execute(ThrowableCollector.java:73)
	at org.junit.platform.engine.support.hierarchical.NodeTestTask.executeRecursively(NodeTestTask.java:143)
	at org.junit.platform.engine.support.hierarchical.NodeTestTask.execute(NodeTestTask.java:100)
	at java.base/java.util.ArrayList.forEach(ArrayList.java:1596)
	at org.junit.platform.engine.support.hierarchical.SameThreadHierarchicalTestExecutorService.invokeAll(SameThreadHierarchicalTestExecutorService.java:41)
	at org.junit.platform.engine.support.hierarchical.NodeTestTask.lambda$executeRecursively$6(NodeTestTask.java:160)
	at org.junit.platform.engine.support.hierarchical.ThrowableCollector.execute(ThrowableCollector.java:73)
	at org.junit.platform.engine.support.hierarchical.NodeTestTask.lambda$executeRecursively$8(NodeTestTask.java:146)
	at org.junit.platform.engine.support.hierarchical.Node.around(Node.java:137)
	at org.junit.platform.engine.support.hierarchical.NodeTestTask.lambda$executeRecursively$9(NodeTestTask.java:144)
	at org.junit.platform.engine.support.hierarchical.ThrowableCollector.execute(ThrowableCollector.java:73)
	at org.junit.platform.engine.support.hierarchical.NodeTestTask.executeRecursively(NodeTestTask.java:143)
	at org.junit.platform.engine.support.hierarchical.NodeTestTask.execute(NodeTestTask.java:100)
	at org.junit.platform.engine.support.hierarchical.SameThreadHierarchicalTestExecutorService.submit(SameThreadHierarchicalTestExecutorService.java:35)
	at org.junit.platform.engine.support.hierarchical.HierarchicalTestExecutor.execute(HierarchicalTestExecutor.java:57)
	at org.junit.platform.engine.support.hierarchical.HierarchicalTestEngine.execute(HierarchicalTestEngine.java:54)
	at org.junit.platform.launcher.core.EngineExecutionOrchestrator.execute(EngineExecutionOrchestrator.java:201)
	at org.junit.platform.launcher.core.EngineExecutionOrchestrator.execute(EngineExecutionOrchestrator.java:170)
	at org.junit.platform.launcher.core.EngineExecutionOrchestrator.execute(EngineExecutionOrchestrator.java:94)
	at org.junit.platform.launcher.core.EngineExecutionOrchestrator.lambda$execute$0(EngineExecutionOrchestrator.java:59)
	at org.junit.platform.launcher.core.EngineExecutionOrchestrator.withInterceptedStreams(EngineExecutionOrchestrator.java:142)
	at org.junit.platform.launcher.core.EngineExecutionOrchestrator.execute(EngineExecutionOrchestrator.java:58)
	at org.junit.platform.launcher.core.DefaultLauncher.execute(DefaultLauncher.java:103)
	at org.junit.platform.launcher.core.DefaultLauncher.execute(DefaultLauncher.java:85)
	at org.junit.platform.launcher.core.DelegatingLauncher.execute(DelegatingLauncher.java:47)
	at org.junit.platform.launcher.core.InterceptingLauncher.lambda$execute$1(InterceptingLauncher.java:39)
	at org.junit.platform.launcher.core.ClasspathAlignmentCheckingLauncherInterceptor.intercept(ClasspathAlignmentCheckingLauncherInterceptor.java:25)
	at org.junit.platform.launcher.core.InterceptingLauncher.execute(InterceptingLauncher.java:38)
	at org.junit.platform.launcher.core.DelegatingLauncher.execute(DelegatingLauncher.java:47)
	at org.apache.maven.surefire.junitplatform.LazyLauncher.execute(LazyLauncher.java:56)
	at org.apache.maven.surefire.junitplatform.JUnitPlatformProvider.execute(JUnitPlatformProvider.java:184)
	at org.apache.maven.surefire.junitplatform.JUnitPlatformProvider.invokeAllTests(JUnitPlatformProvider.java:148)
	at org.apache.maven.surefire.junitplatform.JUnitPlatformProvider.invoke(JUnitPlatformProvider.java:120)
	at org.apache.maven.surefire.booter.ForkedBooter.runSuitesInProcess(ForkedBooter.java:385)
	at org.apache.maven.surefire.booter.ForkedBooter.execute(ForkedBooter.java:162)
	at org.apache.maven.surefire.booter.ForkedBooter.run(ForkedBooter.java:507)
	at org.apache.maven.surefire.booter.ForkedBooter.main(ForkedBooter.java:495)
2025-05-13 07:42:41,365 [main] INFO  keys.KeyStorage (KeyStorage.java:storePublicKey(210)) - Storing public key to /tmp/junit-14113411677891839485/scm-meta/scm/ca/keys/public.pem.
2025-05-13 07:42:41,366 [main] INFO  keys.KeyStorage (KeyStorage.java:storePrivateKey(194)) - Storing private key to /tmp/junit-14113411677891839485/scm-meta/scm/ca/keys/private.pem.
2025-05-13 07:42:41,376 [main] INFO  ozone.OzoneSecurityUtil (OzoneSecurityUtil.java:getValidInetsForCurrentHost(116)) - ip:fe80:0:0:0:222:48ff:fe46:ea58%eth0 not returned.
2025-05-13 07:42:41,380 [main] INFO  ozone.OzoneSecurityUtil (OzoneSecurityUtil.java:getValidInetsForCurrentHost(113)) - Adding ip:10.1.1.24,host:10.1.1.24
2025-05-13 07:42:41,381 [main] INFO  ozone.OzoneSecurityUtil (OzoneSecurityUtil.java:getValidInetsForCurrentHost(116)) - ip:0:0:0:0:0:0:0:1%lo not returned.
2025-05-13 07:42:41,381 [main] INFO  ozone.OzoneSecurityUtil (OzoneSecurityUtil.java:getValidInetsForCurrentHost(116)) - ip:127.0.0.1 not returned.
2025-05-13 07:42:41,385 [main] ERROR utils.SelfSignedCertificate (SelfSignedCertificate.java:lambda$addInetAddresses$0(244)) - Invalid domain 10.1.1.24
2025-05-13 07:42:41,457 [main] INFO  utils.SelfSignedCertificate (SelfSignedCertificate.java:generateCertificate(156)) - Certificate 1 is issued by SERIALNUMBER=1, O=cf315d6c-80b2-471a-af85-7adf274817ce, OU=33016780-7470-431a-bddf-7f866c4402ef, CN=scm@pkrvmberfyhpb9w to SERIALNUMBER=1, O=cf315d6c-80b2-471a-af85-7adf274817ce, OU=33016780-7470-431a-bddf-7f866c4402ef, CN=scm@pkrvmberfyhpb9w, valid from Tue May 13 07:42:41 UTC 2025 to Fri Jun 21 07:42:41 UTC 2030
2025-05-13 07:42:41,462 [main] INFO  utils.CertificateCodec (CertificateCodec.java:writeCertificate(239)) - Save certificate to /tmp/junit-14113411677891839485/scm-meta/scm/ca/certs/certificate.crt
2025-05-13 07:42:41,462 [main] INFO  utils.CertificateCodec (CertificateCodec.java:writeCertificate(240)) - Certificate -----BEGIN CERTIFICATE-----
MIIDwTCCAqmgAwIBAgIBATANBgkqhkiG9w0BAQsFADCBiDEcMBoGA1UEAwwTc2Nt
QHBrcnZtYmVyZnlocGI5dzEtMCsGA1UECwwkMzMwMTY3ODAtNzQ3MC00MzFhLWJk
ZGYtN2Y4NjZjNDQwMmVmMS0wKwYDVQQKDCRjZjMxNWQ2Yy04MGIyLTQ3MWEtYWY4
NS03YWRmMjc0ODE3Y2UxCjAIBgNVBAUTATEwHhcNMjUwNTEzMDc0MjQxWhcNMzAw
NjIxMDc0MjQxWjCBiDEcMBoGA1UEAwwTc2NtQHBrcnZtYmVyZnlocGI5dzEtMCsG
A1UECwwkMzMwMTY3ODAtNzQ3MC00MzFhLWJkZGYtN2Y4NjZjNDQwMmVmMS0wKwYD
VQQKDCRjZjMxNWQ2Yy04MGIyLTQ3MWEtYWY4NS03YWRmMjc0ODE3Y2UxCjAIBgNV
BAUTATEwggEiMA0GCSqGSIb3DQEBAQUAA4IBDwAwggEKAoIBAQCdYsJ5VKhVh2q5
bROkbYthMpdb7qHqWiP5uJFIySanNZ7K+ZyySf4MSBC7UBtmDVY9gvj3bnLTR4ii
XiIILP6EXaDsTjojxBW9zoUuFx9pfTNis75+W86ANLFWidzRg2z7Y2ciyiMdSNjr
s8kxlbNMnzBV0RFyQ8mNUuIzCQln1sJpL4kRaVzK2cuAHV/OyqLnR0+/yxM3CoMQ
/ucPdxw/EK0OKpCGRH9gfs3KYPWzLoyDXU18mjyng9V1LdmLgx7j23bVyvDyU7Lw
yJfRzKLTiBGFJqyI6L/u1/m9A9AkIKxGILFBJTjVdcE/Fv2ops9L6lS5PNa3neXp
FZcvnQqLAgMBAAGjNDAyMA8GA1UdEwEB/wQFMAMBAf8wDgYDVR0PAQH/BAQDAgEG
MA8GA1UdEQQIMAaHBAoBARgwDQYJKoZIhvcNAQELBQADggEBACtSj4ghJOA/1rp1
U9/2HP6UNwoFCckGlcH7lf42/PUJDbjlKr7KcjQlwEn/FKhlGermoG+vjCzOns6f
4nnVNjid82F8moOlEUN3cZwgwwep+y4Mesc9MmITYGrQo0Bs0/dMB8ea14TelLXb
m3bFBT6DB1MqOpfw4poki8yZg4ix35Sqo3ONLYHUiRRhNix8FFO9OHBKDT6qpE+a
xWY84Ma9VWW9Of4VwNamfd49MPCba7HBLIy08UsI/q7MJYxy9JdLHzh5l9+SxT4p
UfbkhCIkWC/oOxA65edGTeucTD/ZYrRzTlb0kXKZpQrzgm2WV8s34G72FTivITds
yJtIbGE=
-----END CERTIFICATE-----

2025-05-13 07:42:41,463 [main] INFO  keys.KeyStorage (KeyStorage.java:readPublicKey(174)) - Reading public key from /tmp/junit-14113411677891839485/scm-meta/scm/ca/keys/public.pem.
2025-05-13 07:42:41,466 [main] INFO  keys.KeyStorage (KeyStorage.java:readPrivateKey(158)) - Reading private key from /tmp/junit-14113411677891839485/scm-meta/scm/ca/keys/private.pem.
2025-05-13 07:42:41,479 [main] INFO  client.SCMCertificateClient (SCMCertificateClient.java:configureCSRBuilder(141)) - Creating csr for SCM->hostName:pkrvmberfyhpb9w,scmId:33016780-7470-431a-bddf-7f866c4402ef,clusterId:cf315d6c-80b2-471a-af85-7adf274817ce,subject:scm-sub@pkrvmberfyhpb9w
2025-05-13 07:42:41,480 [main] INFO  ozone.OzoneSecurityUtil (OzoneSecurityUtil.java:getValidInetsForCurrentHost(116)) - ip:fe80:0:0:0:222:48ff:fe46:ea58%eth0 not returned.
2025-05-13 07:42:41,484 [main] INFO  ozone.OzoneSecurityUtil (OzoneSecurityUtil.java:getValidInetsForCurrentHost(113)) - Adding ip:10.1.1.24,host:10.1.1.24
2025-05-13 07:42:41,484 [main] INFO  ozone.OzoneSecurityUtil (OzoneSecurityUtil.java:getValidInetsForCurrentHost(116)) - ip:0:0:0:0:0:0:0:1%lo not returned.
2025-05-13 07:42:41,484 [main] INFO  ozone.OzoneSecurityUtil (OzoneSecurityUtil.java:getValidInetsForCurrentHost(116)) - ip:127.0.0.1 not returned.
2025-05-13 07:42:41,488 [main] ERROR utils.CertificateSignRequest (CertificateSignRequest.java:lambda$addInetAddresses$0(316)) - Invalid domain 10.1.1.24
2025-05-13 07:42:41,499 [main] INFO  keys.KeyStorage (KeyStorage.java:readPrivateKey(158)) - Reading private key from /tmp/junit-14113411677891839485/scm-meta/scm/ca/keys/private.pem.
2025-05-13 07:42:41,515 [main] INFO  authority.DefaultApprover (DefaultApprover.java:sign(171)) - Extensions in CSR: 2.5.29.19, 2.5.29.15, 2.5.29.17
2025-05-13 07:42:41,516 [main] INFO  authority.DefaultApprover (DefaultApprover.java:sign(175)) - Extensions to add to the certificate if they present in CSR: 2.5.29.15, 2.5.29.17, 2.5.29.35, 2.5.29.37, 2.5.29.19, 1.3.6.1.5.5.7.1.12
2025-05-13 07:42:41,526 [main] INFO  utils.CertificateCodec (CertificateCodec.java:writeCertificate(239)) - Save certificate to /tmp/junit-14113411677891839485/scm-meta/scm/sub-ca/certs/CA-1.crt
2025-05-13 07:42:41,526 [main] INFO  utils.CertificateCodec (CertificateCodec.java:writeCertificate(240)) - Certificate -----BEGIN CERTIFICATE-----
MIIDwTCCAqmgAwIBAgIBATANBgkqhkiG9w0BAQsFADCBiDEcMBoGA1UEAwwTc2Nt
QHBrcnZtYmVyZnlocGI5dzEtMCsGA1UECwwkMzMwMTY3ODAtNzQ3MC00MzFhLWJk
ZGYtN2Y4NjZjNDQwMmVmMS0wKwYDVQQKDCRjZjMxNWQ2Yy04MGIyLTQ3MWEtYWY4
NS03YWRmMjc0ODE3Y2UxCjAIBgNVBAUTATEwHhcNMjUwNTEzMDc0MjQxWhcNMzAw
NjIxMDc0MjQxWjCBiDEcMBoGA1UEAwwTc2NtQHBrcnZtYmVyZnlocGI5dzEtMCsG
A1UECwwkMzMwMTY3ODAtNzQ3MC00MzFhLWJkZGYtN2Y4NjZjNDQwMmVmMS0wKwYD
VQQKDCRjZjMxNWQ2Yy04MGIyLTQ3MWEtYWY4NS03YWRmMjc0ODE3Y2UxCjAIBgNV
BAUTATEwggEiMA0GCSqGSIb3DQEBAQUAA4IBDwAwggEKAoIBAQCdYsJ5VKhVh2q5
bROkbYthMpdb7qHqWiP5uJFIySanNZ7K+ZyySf4MSBC7UBtmDVY9gvj3bnLTR4ii
XiIILP6EXaDsTjojxBW9zoUuFx9pfTNis75+W86ANLFWidzRg2z7Y2ciyiMdSNjr
s8kxlbNMnzBV0RFyQ8mNUuIzCQln1sJpL4kRaVzK2cuAHV/OyqLnR0+/yxM3CoMQ
/ucPdxw/EK0OKpCGRH9gfs3KYPWzLoyDXU18mjyng9V1LdmLgx7j23bVyvDyU7Lw
yJfRzKLTiBGFJqyI6L/u1/m9A9AkIKxGILFBJTjVdcE/Fv2ops9L6lS5PNa3neXp
FZcvnQqLAgMBAAGjNDAyMA8GA1UdEwEB/wQFMAMBAf8wDgYDVR0PAQH/BAQDAgEG
MA8GA1UdEQQIMAaHBAoBARgwDQYJKoZIhvcNAQELBQADggEBACtSj4ghJOA/1rp1
U9/2HP6UNwoFCckGlcH7lf42/PUJDbjlKr7KcjQlwEn/FKhlGermoG+vjCzOns6f
4nnVNjid82F8moOlEUN3cZwgwwep+y4Mesc9MmITYGrQo0Bs0/dMB8ea14TelLXb
m3bFBT6DB1MqOpfw4poki8yZg4ix35Sqo3ONLYHUiRRhNix8FFO9OHBKDT6qpE+a
xWY84Ma9VWW9Of4VwNamfd49MPCba7HBLIy08UsI/q7MJYxy9JdLHzh5l9+SxT4p
UfbkhCIkWC/oOxA65edGTeucTD/ZYrRzTlb0kXKZpQrzgm2WV8s34G72FTivITds
yJtIbGE=
-----END CERTIFICATE-----

2025-05-13 07:42:41,529 [main] INFO  utils.CertificateCodec (CertificateCodec.java:writeCertificate(239)) - Save certificate to /tmp/junit-14113411677891839485/scm-meta/scm/sub-ca/certs/2.crt
2025-05-13 07:42:41,529 [main] INFO  utils.CertificateCodec (CertificateCodec.java:writeCertificate(240)) - Certificate -----BEGIN CERTIFICATE-----
MIIDxTCCAq2gAwIBAgIBAjANBgkqhkiG9w0BAQsFADCBiDEcMBoGA1UEAwwTc2Nt
QHBrcnZtYmVyZnlocGI5dzEtMCsGA1UECwwkMzMwMTY3ODAtNzQ3MC00MzFhLWJk
ZGYtN2Y4NjZjNDQwMmVmMS0wKwYDVQQKDCRjZjMxNWQ2Yy04MGIyLTQ3MWEtYWY4
NS03YWRmMjc0ODE3Y2UxCjAIBgNVBAUTATEwHhcNMjUwNTEzMDc0MjQxWhcNMzAw
NjIxMDc0MjQxWjCBjDEgMB4GA1UEAwwXc2NtLXN1YkBwa3J2bWJlcmZ5aHBiOXcx
LTArBgNVBAsMJDMzMDE2NzgwLTc0NzAtNDMxYS1iZGRmLTdmODY2YzQ0MDJlZjEt
MCsGA1UECgwkY2YzMTVkNmMtODBiMi00NzFhLWFmODUtN2FkZjI3NDgxN2NlMQow
CAYDVQQFEwEyMIIBIjANBgkqhkiG9w0BAQEFAAOCAQ8AMIIBCgKCAQEArAVuNAaU
MtSqh1xbVcbsseQzZ5UDf0G9UMqOpt9UvVRMvPvu98gtudnflqkujTpfbcx5fvqI
BMp9WC15ovYfQiSnSV9TtzbqZn3wbEKEUwQPgAltHXd46BwbVT1CzYe97CSqd7iw
lUMj1wmyXaTxBt9RdJbLxRvbR9Pglizo8rIKeMrdeKCuiybY/bejjpK126Yxs7Qc
MrfG74cZRgl/1xLMPLOH8XbrHNtweNE+kwQV86NZVnbDqrB/B4N5wQB2FnP2PA9Y
nGnm8yD0ecwJqGZ7xWQuK2XLm7QmlxEDXR/s6IgjtSk2zD1ArMUxvEwtJlhIWzo8
ruc+0sAvkIU7YQIDAQABozQwMjAOBgNVHQ8BAf8EBAMCAb4wDwYDVR0RBAgwBocE
CgEBGDAPBgNVHRMBAf8EBTADAQH/MA0GCSqGSIb3DQEBCwUAA4IBAQBTW+5aQMv2
vQCj7zmEVAUy6xCiBh7KULIAaUmKOFcOGgIdrwZ1cHH7aSrMhtyQMh48OWFP9VPS
wEqwbrD3+/s7ofUKkgWXYNO62GX/rKoQ/jKzYgYB83HB5l19iKjE/GZRoMiaV1rK
gukdIv6KlM0RSiXRnrQr9d8j2OO6xK82nA1PtqqurquykWw2DUo5F1x5jqhETRZX
icjnnfNqnIPfQ9/iQkTg6AUB/EnVzJ+8vEiCoa20+53FADY20JfsObQ9nWuPVcUL
b6FSqLYX5Pb6QrXEG3v94lL6c2N0MR7S4zDgdnonmMiJirXJfMGCzc6j2WQzCDWk
lkmx3GnB558h
-----END CERTIFICATE-----

-----BEGIN CERTIFICATE-----
MIIDwTCCAqmgAwIBAgIBATANBgkqhkiG9w0BAQsFADCBiDEcMBoGA1UEAwwTc2Nt
QHBrcnZtYmVyZnlocGI5dzEtMCsGA1UECwwkMzMwMTY3ODAtNzQ3MC00MzFhLWJk
ZGYtN2Y4NjZjNDQwMmVmMS0wKwYDVQQKDCRjZjMxNWQ2Yy04MGIyLTQ3MWEtYWY4
NS03YWRmMjc0ODE3Y2UxCjAIBgNVBAUTATEwHhcNMjUwNTEzMDc0MjQxWhcNMzAw
NjIxMDc0MjQxWjCBiDEcMBoGA1UEAwwTc2NtQHBrcnZtYmVyZnlocGI5dzEtMCsG
A1UECwwkMzMwMTY3ODAtNzQ3MC00MzFhLWJkZGYtN2Y4NjZjNDQwMmVmMS0wKwYD
VQQKDCRjZjMxNWQ2Yy04MGIyLTQ3MWEtYWY4NS03YWRmMjc0ODE3Y2UxCjAIBgNV
BAUTATEwggEiMA0GCSqGSIb3DQEBAQUAA4IBDwAwggEKAoIBAQCdYsJ5VKhVh2q5
bROkbYthMpdb7qHqWiP5uJFIySanNZ7K+ZyySf4MSBC7UBtmDVY9gvj3bnLTR4ii
XiIILP6EXaDsTjojxBW9zoUuFx9pfTNis75+W86ANLFWidzRg2z7Y2ciyiMdSNjr
s8kxlbNMnzBV0RFyQ8mNUuIzCQln1sJpL4kRaVzK2cuAHV/OyqLnR0+/yxM3CoMQ
/ucPdxw/EK0OKpCGRH9gfs3KYPWzLoyDXU18mjyng9V1LdmLgx7j23bVyvDyU7Lw
yJfRzKLTiBGFJqyI6L/u1/m9A9AkIKxGILFBJTjVdcE/Fv2ops9L6lS5PNa3neXp
FZcvnQqLAgMBAAGjNDAyMA8GA1UdEwEB/wQFMAMBAf8wDgYDVR0PAQH/BAQDAgEG
MA8GA1UdEQQIMAaHBAoBARgwDQYJKoZIhvcNAQELBQADggEBACtSj4ghJOA/1rp1
U9/2HP6UNwoFCckGlcH7lf42/PUJDbjlKr7KcjQlwEn/FKhlGermoG+vjCzOns6f
4nnVNjid82F8moOlEUN3cZwgwwep+y4Mesc9MmITYGrQo0Bs0/dMB8ea14TelLXb
m3bFBT6DB1MqOpfw4poki8yZg4ix35Sqo3ONLYHUiRRhNix8FFO9OHBKDT6qpE+a
xWY84Ma9VWW9Of4VwNamfd49MPCba7HBLIy08UsI/q7MJYxy9JdLHzh5l9+SxT4p
UfbkhCIkWC/oOxA65edGTeucTD/ZYrRzTlb0kXKZpQrzgm2WV8s34G72FTivITds
yJtIbGE=
-----END CERTIFICATE-----

2025-05-13 07:42:41,530 [main] INFO  utils.CertificateCodec (CertificateCodec.java:writeCertificate(239)) - Save certificate to /tmp/junit-14113411677891839485/scm-meta/scm/sub-ca/certs/certificate.crt
2025-05-13 07:42:41,530 [main] INFO  utils.CertificateCodec (CertificateCodec.java:writeCertificate(240)) - Certificate -----BEGIN CERTIFICATE-----
MIIDxTCCAq2gAwIBAgIBAjANBgkqhkiG9w0BAQsFADCBiDEcMBoGA1UEAwwTc2Nt
QHBrcnZtYmVyZnlocGI5dzEtMCsGA1UECwwkMzMwMTY3ODAtNzQ3MC00MzFhLWJk
ZGYtN2Y4NjZjNDQwMmVmMS0wKwYDVQQKDCRjZjMxNWQ2Yy04MGIyLTQ3MWEtYWY4
NS03YWRmMjc0ODE3Y2UxCjAIBgNVBAUTATEwHhcNMjUwNTEzMDc0MjQxWhcNMzAw
NjIxMDc0MjQxWjCBjDEgMB4GA1UEAwwXc2NtLXN1YkBwa3J2bWJlcmZ5aHBiOXcx
LTArBgNVBAsMJDMzMDE2NzgwLTc0NzAtNDMxYS1iZGRmLTdmODY2YzQ0MDJlZjEt
MCsGA1UECgwkY2YzMTVkNmMtODBiMi00NzFhLWFmODUtN2FkZjI3NDgxN2NlMQow
CAYDVQQFEwEyMIIBIjANBgkqhkiG9w0BAQEFAAOCAQ8AMIIBCgKCAQEArAVuNAaU
MtSqh1xbVcbsseQzZ5UDf0G9UMqOpt9UvVRMvPvu98gtudnflqkujTpfbcx5fvqI
BMp9WC15ovYfQiSnSV9TtzbqZn3wbEKEUwQPgAltHXd46BwbVT1CzYe97CSqd7iw
lUMj1wmyXaTxBt9RdJbLxRvbR9Pglizo8rIKeMrdeKCuiybY/bejjpK126Yxs7Qc
MrfG74cZRgl/1xLMPLOH8XbrHNtweNE+kwQV86NZVnbDqrB/B4N5wQB2FnP2PA9Y
nGnm8yD0ecwJqGZ7xWQuK2XLm7QmlxEDXR/s6IgjtSk2zD1ArMUxvEwtJlhIWzo8
ruc+0sAvkIU7YQIDAQABozQwMjAOBgNVHQ8BAf8EBAMCAb4wDwYDVR0RBAgwBocE
CgEBGDAPBgNVHRMBAf8EBTADAQH/MA0GCSqGSIb3DQEBCwUAA4IBAQBTW+5aQMv2
vQCj7zmEVAUy6xCiBh7KULIAaUmKOFcOGgIdrwZ1cHH7aSrMhtyQMh48OWFP9VPS
wEqwbrD3+/s7ofUKkgWXYNO62GX/rKoQ/jKzYgYB83HB5l19iKjE/GZRoMiaV1rK
gukdIv6KlM0RSiXRnrQr9d8j2OO6xK82nA1PtqqurquykWw2DUo5F1x5jqhETRZX
icjnnfNqnIPfQ9/iQkTg6AUB/EnVzJ+8vEiCoa20+53FADY20JfsObQ9nWuPVcUL
b6FSqLYX5Pb6QrXEG3v94lL6c2N0MR7S4zDgdnonmMiJirXJfMGCzc6j2WQzCDWk
lkmx3GnB558h
-----END CERTIFICATE-----

-----BEGIN CERTIFICATE-----
MIIDwTCCAqmgAwIBAgIBATANBgkqhkiG9w0BAQsFADCBiDEcMBoGA1UEAwwTc2Nt
QHBrcnZtYmVyZnlocGI5dzEtMCsGA1UECwwkMzMwMTY3ODAtNzQ3MC00MzFhLWJk
ZGYtN2Y4NjZjNDQwMmVmMS0wKwYDVQQKDCRjZjMxNWQ2Yy04MGIyLTQ3MWEtYWY4
NS03YWRmMjc0ODE3Y2UxCjAIBgNVBAUTATEwHhcNMjUwNTEzMDc0MjQxWhcNMzAw
NjIxMDc0MjQxWjCBiDEcMBoGA1UEAwwTc2NtQHBrcnZtYmVyZnlocGI5dzEtMCsG
A1UECwwkMzMwMTY3ODAtNzQ3MC00MzFhLWJkZGYtN2Y4NjZjNDQwMmVmMS0wKwYD
VQQKDCRjZjMxNWQ2Yy04MGIyLTQ3MWEtYWY4NS03YWRmMjc0ODE3Y2UxCjAIBgNV
BAUTATEwggEiMA0GCSqGSIb3DQEBAQUAA4IBDwAwggEKAoIBAQCdYsJ5VKhVh2q5
bROkbYthMpdb7qHqWiP5uJFIySanNZ7K+ZyySf4MSBC7UBtmDVY9gvj3bnLTR4ii
XiIILP6EXaDsTjojxBW9zoUuFx9pfTNis75+W86ANLFWidzRg2z7Y2ciyiMdSNjr
s8kxlbNMnzBV0RFyQ8mNUuIzCQln1sJpL4kRaVzK2cuAHV/OyqLnR0+/yxM3CoMQ
/ucPdxw/EK0OKpCGRH9gfs3KYPWzLoyDXU18mjyng9V1LdmLgx7j23bVyvDyU7Lw
yJfRzKLTiBGFJqyI6L/u1/m9A9AkIKxGILFBJTjVdcE/Fv2ops9L6lS5PNa3neXp
FZcvnQqLAgMBAAGjNDAyMA8GA1UdEwEB/wQFMAMBAf8wDgYDVR0PAQH/BAQDAgEG
MA8GA1UdEQQIMAaHBAoBARgwDQYJKoZIhvcNAQELBQADggEBACtSj4ghJOA/1rp1
U9/2HP6UNwoFCckGlcH7lf42/PUJDbjlKr7KcjQlwEn/FKhlGermoG+vjCzOns6f
4nnVNjid82F8moOlEUN3cZwgwwep+y4Mesc9MmITYGrQo0Bs0/dMB8ea14TelLXb
m3bFBT6DB1MqOpfw4poki8yZg4ix35Sqo3ONLYHUiRRhNix8FFO9OHBKDT6qpE+a
xWY84Ma9VWW9Of4VwNamfd49MPCba7HBLIy08UsI/q7MJYxy9JdLHzh5l9+SxT4p
UfbkhCIkWC/oOxA65edGTeucTD/ZYrRzTlb0kXKZpQrzgm2WV8s34G72FTivITds
yJtIbGE=
-----END CERTIFICATE-----

2025-05-13 07:42:41,530 [main] INFO  client.SCMCertificateClient (SCMCertificateClient.java:recoverStateIfNeeded(289)) - Successfully stored SCM signed certificate.
2025-05-13 07:42:41,544 [main] INFO  ha.SCMHANodeDetails (SCMHANodeDetails.java:loadSCMHAConfig(162)) - ServiceID for StorageContainerManager is null
2025-05-13 07:42:41,545 [main] INFO  ha.SCMHANodeDetails (SCMHANodeDetails.java:loadSCMHAConfig(166)) - ozone.scm.default.service.id is not defined, falling back to ozone.scm.service.ids to find serviceID for StorageContainerManager if it is HA enabled cluster
2025-05-13 07:42:41,595 [main] INFO  server.RaftServerConfigKeys (ConfUtils.java:logGet(46)) - raft.server.log.appender.buffer.byte-limit = 4194304 (custom)
2025-05-13 07:42:41,612 [main] INFO  server.RaftServer (ConfUtils.java:logGet(46)) - raft.rpc.type = GRPC (default)
2025-05-13 07:42:41,666 [main] INFO  grpc.GrpcConfigKeys (ConfUtils.java:logFallback(53)) - raft.grpc.admin.host = null (fallback to raft.grpc.server.host)
2025-05-13 07:42:41,667 [main] INFO  grpc.GrpcConfigKeys (ConfUtils.java:logFallback(53)) - raft.grpc.admin.port = 15004 (fallback to raft.grpc.server.port)
2025-05-13 07:42:41,668 [main] INFO  grpc.GrpcConfigKeys (ConfUtils.java:logFallback(53)) - raft.grpc.client.host = null (fallback to raft.grpc.server.host)
2025-05-13 07:42:41,668 [main] INFO  grpc.GrpcConfigKeys (ConfUtils.java:logFallback(53)) - raft.grpc.client.port = 15004 (fallback to raft.grpc.server.port)
2025-05-13 07:42:41,668 [main] INFO  grpc.GrpcConfigKeys (ConfUtils.java:logGet(46)) - raft.grpc.server.host = null (default)
2025-05-13 07:42:41,669 [main] INFO  grpc.GrpcConfigKeys (ConfUtils.java:logGet(46)) - raft.grpc.server.port = 15004 (custom)
2025-05-13 07:42:41,669 [main] INFO  server.GrpcService (ConfUtils.java:logGet(46)) - raft.grpc.message.size.max = 5242880 (custom)
2025-05-13 07:42:41,670 [main] INFO  server.GrpcService (ConfUtils.java:logGet(46)) - raft.grpc.flow.control.window = 1MB (=1048576) (default)
2025-05-13 07:42:41,670 [main] INFO  server.RaftServerConfigKeys (ConfUtils.java:logGet(46)) - raft.server.rpc.request.timeout = 30000ms (custom)
2025-05-13 07:42:41,677 [main] INFO  grpc.GrpcConfigKeys (ConfUtils.java:logGet(46)) - raft.grpc.server.heartbeat.channel = true (default)
2025-05-13 07:42:41,677 [main] INFO  server.RaftServerConfigKeys (ConfUtils.java:logGet(46)) - raft.server.log.appender.buffer.byte-limit = 4194304 (custom)
2025-05-13 07:42:41,679 [main] INFO  grpc.GrpcConfigKeys (ConfUtils.java:logGet(46)) - raft.grpc.server.async.request.thread.pool.cached = true (default)
2025-05-13 07:42:41,679 [main] INFO  grpc.GrpcConfigKeys (ConfUtils.java:logGet(46)) - raft.grpc.server.async.request.thread.pool.size = 32 (default)
2025-05-13 07:42:41,797 [main] INFO  impl.DataStreamServerImpl (ConfUtils.java:logGet(46)) - raft.datastream.type = DISABLED (default)
2025-05-13 07:42:41,799 [main] INFO  server.RaftServerConfigKeys (ConfUtils.java:logGet(46)) - raft.server.sleep.deviation.threshold = 300ms (default)
2025-05-13 07:42:41,799 [main] INFO  server.RaftServerConfigKeys (ConfUtils.java:logGet(46)) - raft.server.close.threshold = 60s (default)
2025-05-13 07:42:41,800 [main] INFO  server.RaftServerConfigKeys (ConfUtils.java:logGet(46)) - raft.server.leaderelection.leader.step-down.wait-time = 10s (default)
2025-05-13 07:42:41,803 [main] INFO  server.RaftServerConfigKeys (ConfUtils.java:logGet(46)) - raft.server.storage.dir = [/tmp/junit-14113411677891839485/scm-meta/scm-ha] (custom)
2025-05-13 07:42:41,804 [main] INFO  server.RaftServerConfigKeys (ConfUtils.java:logGet(46)) - raft.server.threadpool.proxy.cached = true (default)
2025-05-13 07:42:41,804 [main] INFO  server.RaftServerConfigKeys (ConfUtils.java:logGet(46)) - raft.server.threadpool.proxy.size = 0 (default)
2025-05-13 07:42:41,809 [main] INFO  server.RaftServer (RaftServerProxy.java:addNew(100)) - 33016780-7470-431a-bddf-7f866c4402ef: addNew group-7ADF274817CE:[33016780-7470-431a-bddf-7f866c4402ef|pkrvmberfyhpb9w:15004] returns group-7ADF274817CE:java.util.concurrent.CompletableFuture@6b3b4f37[Not completed]
2025-05-13 07:42:41,818 [33016780-7470-431a-bddf-7f866c4402ef-groupManagement] INFO  server.RaftServer$Division (RaftServerImpl.java:<init>(255)) - 33016780-7470-431a-bddf-7f866c4402ef: new RaftServerImpl for group-7ADF274817CE:[33016780-7470-431a-bddf-7f866c4402ef|pkrvmberfyhpb9w:15004] with SCMStateMachine:uninitialized
2025-05-13 07:42:41,820 [33016780-7470-431a-bddf-7f866c4402ef-groupManagement] INFO  server.RaftServerConfigKeys (ConfUtils.java:logGet(46)) - raft.server.rpc.timeout.min = 5000ms (custom)
2025-05-13 07:42:41,820 [33016780-7470-431a-bddf-7f866c4402ef-groupManagement] INFO  server.RaftServerConfigKeys (ConfUtils.java:logGet(46)) - raft.server.rpc.timeout.max = 5200ms (custom)
2025-05-13 07:42:41,820 [33016780-7470-431a-bddf-7f866c4402ef-groupManagement] INFO  server.RaftServerConfigKeys (ConfUtils.java:logGet(46)) - raft.server.rpc.sleep.time = 25ms (default)
2025-05-13 07:42:41,821 [33016780-7470-431a-bddf-7f866c4402ef-groupManagement] INFO  server.RaftServerConfigKeys (ConfUtils.java:logGet(46)) - raft.server.rpc.slowness.timeout = 120000ms (custom)
2025-05-13 07:42:41,821 [33016780-7470-431a-bddf-7f866c4402ef-groupManagement] INFO  server.RaftServerConfigKeys (ConfUtils.java:logGet(46)) - raft.server.leaderelection.leader.step-down.wait-time = 10s (default)
2025-05-13 07:42:41,821 [33016780-7470-431a-bddf-7f866c4402ef-groupManagement] INFO  server.RaftServerConfigKeys (ConfUtils.java:logGet(46)) - raft.server.leaderelection.member.majority-add = false (default)
2025-05-13 07:42:41,821 [33016780-7470-431a-bddf-7f866c4402ef-groupManagement] INFO  server.RaftServerConfigKeys (ConfUtils.java:logGet(46)) - raft.server.sleep.deviation.threshold = 300ms (default)
2025-05-13 07:42:41,825 [33016780-7470-431a-bddf-7f866c4402ef-groupManagement] INFO  server.RaftServer$Division (ServerState.java:<init>(114)) - 33016780-7470-431a-bddf-7f866c4402ef@group-7ADF274817CE: ConfigurationManager, init=conf: {index: -1, cur=peers:[33016780-7470-431a-bddf-7f866c4402ef|pkrvmberfyhpb9w:15004]|listeners:[], old=null}, confs=<EMPTY_MAP>
2025-05-13 07:42:41,829 [33016780-7470-431a-bddf-7f866c4402ef-groupManagement] INFO  server.RaftServerConfigKeys (ConfUtils.java:logGet(46)) - raft.server.notification.no-leader.timeout = 60s (default)
2025-05-13 07:42:41,830 [33016780-7470-431a-bddf-7f866c4402ef-groupManagement] INFO  server.RaftServerConfigKeys (ConfUtils.java:logGet(46)) - raft.server.read.timeout = 10s (default)
2025-05-13 07:42:41,833 [33016780-7470-431a-bddf-7f866c4402ef-groupManagement] INFO  server.RaftServerConfigKeys (ConfUtils.java:logGet(46)) - raft.server.retrycache.expirytime = 60000ms (default)
2025-05-13 07:42:41,833 [33016780-7470-431a-bddf-7f866c4402ef-groupManagement] INFO  server.RaftServerConfigKeys (ConfUtils.java:logGet(46)) - raft.server.retrycache.statistics.expirytime = 100ms (default)
2025-05-13 07:42:41,836 [33016780-7470-431a-bddf-7f866c4402ef-groupManagement] INFO  server.RaftServerConfigKeys (ConfUtils.java:logGet(46)) - raft.server.read.option = DEFAULT (default)
2025-05-13 07:42:41,837 [33016780-7470-431a-bddf-7f866c4402ef-groupManagement] INFO  server.RaftServerConfigKeys (ConfUtils.java:logGet(46)) - raft.server.read.read-after-write-consistent.write-index-cache.expiry-time = 60s (default)
2025-05-13 07:42:41,946 [33016780-7470-431a-bddf-7f866c4402ef-groupManagement] INFO  server.RaftServerConfigKeys (ConfUtils.java:logGet(46)) - raft.server.rpc.request.timeout = 30000ms (custom)
2025-05-13 07:42:41,948 [33016780-7470-431a-bddf-7f866c4402ef-groupManagement] INFO  server.RaftServerConfigKeys (ConfUtils.java:logGet(46)) - raft.server.log.appender.install.snapshot.enabled = false (custom)
2025-05-13 07:42:41,948 [33016780-7470-431a-bddf-7f866c4402ef-groupManagement] INFO  server.RaftServerConfigKeys (ConfUtils.java:logGet(46)) - raft.server.threadpool.server.cached = true (default)
2025-05-13 07:42:41,949 [33016780-7470-431a-bddf-7f866c4402ef-groupManagement] INFO  server.RaftServerConfigKeys (ConfUtils.java:logGet(46)) - raft.server.threadpool.server.size = 0 (default)
2025-05-13 07:42:41,949 [33016780-7470-431a-bddf-7f866c4402ef-groupManagement] INFO  server.RaftServerConfigKeys (ConfUtils.java:logGet(46)) - raft.server.threadpool.client.cached = true (default)
2025-05-13 07:42:41,949 [33016780-7470-431a-bddf-7f866c4402ef-groupManagement] INFO  server.RaftServerConfigKeys (ConfUtils.java:logGet(46)) - raft.server.threadpool.client.size = 0 (default)
2025-05-13 07:42:41,951 [33016780-7470-431a-bddf-7f866c4402ef-impl-thread1] INFO  server.RaftServerConfigKeys (ConfUtils.java:logGet(46)) - raft.server.storage.free-space.min = 0MB (=0) (default)
2025-05-13 07:42:41,951 [33016780-7470-431a-bddf-7f866c4402ef-impl-thread1] INFO  server.RaftServerConfigKeys (ConfUtils.java:logGet(46)) - raft.server.log.corruption.policy = EXCEPTION (default)
2025-05-13 07:42:41,952 [33016780-7470-431a-bddf-7f866c4402ef-impl-thread1] INFO  server.RaftServerConfigKeys (ConfUtils.java:logGet(46)) - raft.server.storage.dir = [/tmp/junit-14113411677891839485/scm-meta/scm-ha] (custom)
2025-05-13 07:42:41,956 [33016780-7470-431a-bddf-7f866c4402ef-impl-thread1] INFO  storage.RaftStorageDirectory (RaftStorageDirectoryImpl.java:analyzeStorage(138)) - The storage directory /tmp/junit-14113411677891839485/scm-meta/scm-ha/cf315d6c-80b2-471a-af85-7adf274817ce does not exist. Creating ...
2025-05-13 07:42:41,958 [33016780-7470-431a-bddf-7f866c4402ef-impl-thread1] INFO  storage.RaftStorageDirectory (RaftStorageDirectoryImpl.java:tryLock(229)) - Lock on /tmp/junit-14113411677891839485/scm-meta/scm-ha/cf315d6c-80b2-471a-af85-7adf274817ce/in_use.lock acquired by nodename 25269@pkrvmberfyhpb9w
2025-05-13 07:42:41,962 [33016780-7470-431a-bddf-7f866c4402ef-impl-thread1] INFO  storage.RaftStorage (RaftStorageImpl.java:format(98)) - Storage directory /tmp/junit-14113411677891839485/scm-meta/scm-ha/cf315d6c-80b2-471a-af85-7adf274817ce has been successfully formatted.
2025-05-13 07:42:41,963 [33016780-7470-431a-bddf-7f866c4402ef-impl-thread1] INFO  ha.SCMStateMachine (SCMStateMachine.java:lambda$initialize$0(135)) - 33016780-7470-431a-bddf-7f866c4402ef: initialize group-7ADF274817CE
2025-05-13 07:42:41,964 [33016780-7470-431a-bddf-7f866c4402ef-impl-thread1] INFO  server.RaftServerConfigKeys (ConfUtils.java:logGet(46)) - raft.server.log.use.memory = false (default)
2025-05-13 07:42:41,969 [33016780-7470-431a-bddf-7f866c4402ef-impl-thread1] INFO  server.RaftServerConfigKeys (ConfUtils.java:logGet(46)) - raft.server.log.purge.gap = 1000000 (custom)
2025-05-13 07:42:41,969 [33016780-7470-431a-bddf-7f866c4402ef-impl-thread1] INFO  server.RaftServerConfigKeys (ConfUtils.java:logGet(46)) - raft.server.log.appender.buffer.byte-limit = 4194304 (custom)
2025-05-13 07:42:41,970 [33016780-7470-431a-bddf-7f866c4402ef-impl-thread1] INFO  server.RaftServerConfigKeys (ConfUtils.java:logGet(46)) - raft.server.log.statemachine.data.read.timeout = 1000ms (default)
2025-05-13 07:42:41,971 [33016780-7470-431a-bddf-7f866c4402ef-impl-thread1] INFO  server.RaftServerConfigKeys (ConfUtils.java:logGet(46)) - raft.server.log.purge.preservation.log.num = 0 (default)
2025-05-13 07:42:41,974 [33016780-7470-431a-bddf-7f866c4402ef-impl-thread1] INFO  server.RaftServerConfigKeys (ConfUtils.java:logGet(46)) - raft.server.log.segment.size.max = 4194304 (custom)
2025-05-13 07:42:41,977 [33016780-7470-431a-bddf-7f866c4402ef-impl-thread1] INFO  server.RaftServerConfigKeys (ConfUtils.java:logGet(46)) - raft.server.log.segment.cache.num.max = 2 (custom)
2025-05-13 07:42:41,977 [33016780-7470-431a-bddf-7f866c4402ef-impl-thread1] INFO  server.RaftServerConfigKeys (ConfUtils.java:logGet(46)) - raft.server.log.segment.cache.size.max = 200MB (=209715200) (default)
2025-05-13 07:42:41,977 [33016780-7470-431a-bddf-7f866c4402ef-impl-thread1] INFO  server.RaftServerConfigKeys (ConfUtils.java:logGet(46)) - raft.server.log.appender.buffer.byte-limit = 4194304 (custom)
2025-05-13 07:42:41,978 [33016780-7470-431a-bddf-7f866c4402ef-impl-thread1] INFO  util.AwaitToRun (AwaitToRun.java:start(81)) - Thread[#40,33016780-7470-431a-bddf-7f866c4402ef@group-7ADF274817CE-cacheEviction-AwaitToRun,5,main] started
2025-05-13 07:42:41,981 [33016780-7470-431a-bddf-7f866c4402ef-impl-thread1] INFO  segmented.SegmentedRaftLogWorker (SegmentedRaftLogWorker.java:<init>(188)) - new 33016780-7470-431a-bddf-7f866c4402ef@group-7ADF274817CE-SegmentedRaftLogWorker for RaftStorageImpl:Storage Directory /tmp/junit-14113411677891839485/scm-meta/scm-ha/cf315d6c-80b2-471a-af85-7adf274817ce
2025-05-13 07:42:41,981 [33016780-7470-431a-bddf-7f866c4402ef-impl-thread1] INFO  server.RaftServerConfigKeys (ConfUtils.java:logGet(46)) - raft.server.log.queue.byte-limit = 64MB (=67108864) (default)
2025-05-13 07:42:41,982 [33016780-7470-431a-bddf-7f866c4402ef-impl-thread1] INFO  server.RaftServerConfigKeys (ConfUtils.java:logGet(46)) - raft.server.log.queue.element-limit = 4096 (default)
2025-05-13 07:42:41,983 [33016780-7470-431a-bddf-7f866c4402ef-impl-thread1] INFO  server.RaftServerConfigKeys (ConfUtils.java:logGet(46)) - raft.server.log.segment.size.max = 4194304 (custom)
2025-05-13 07:42:41,983 [33016780-7470-431a-bddf-7f866c4402ef-impl-thread1] INFO  server.RaftServerConfigKeys (ConfUtils.java:logGet(46)) - raft.server.log.preallocated.size = 4194304 (custom)
2025-05-13 07:42:41,984 [33016780-7470-431a-bddf-7f866c4402ef-impl-thread1] INFO  server.RaftServerConfigKeys (ConfUtils.java:logGet(46)) - raft.server.log.force.sync.num = 128 (default)
2025-05-13 07:42:41,984 [33016780-7470-431a-bddf-7f866c4402ef-impl-thread1] INFO  server.RaftServerConfigKeys (ConfUtils.java:logGet(46)) - raft.server.log.statemachine.data.sync = true (default)
2025-05-13 07:42:41,985 [33016780-7470-431a-bddf-7f866c4402ef-impl-thread1] INFO  server.RaftServerConfigKeys (ConfUtils.java:logGet(46)) - raft.server.log.statemachine.data.sync.timeout = 10s (default)
2025-05-13 07:42:41,985 [33016780-7470-431a-bddf-7f866c4402ef-impl-thread1] INFO  server.RaftServerConfigKeys (ConfUtils.java:logGet(46)) - raft.server.log.statemachine.data.sync.timeout.retry = -1 (default)
2025-05-13 07:42:41,987 [33016780-7470-431a-bddf-7f866c4402ef-impl-thread1] INFO  server.RaftServerConfigKeys (ConfUtils.java:logGet(46)) - raft.server.log.write.buffer.size = 4194312 (custom)
2025-05-13 07:42:41,988 [33016780-7470-431a-bddf-7f866c4402ef-impl-thread1] INFO  server.RaftServerConfigKeys (ConfUtils.java:logGet(46)) - raft.server.log.appender.buffer.byte-limit = 4194304 (custom)
2025-05-13 07:42:41,989 [33016780-7470-431a-bddf-7f866c4402ef-impl-thread1] INFO  server.RaftServerConfigKeys (ConfUtils.java:logGet(46)) - raft.server.log.unsafe-flush.enabled = false (default)
2025-05-13 07:42:41,989 [33016780-7470-431a-bddf-7f866c4402ef-impl-thread1] INFO  server.RaftServerConfigKeys (ConfUtils.java:logGet(46)) - raft.server.log.async-flush.enabled = false (default)
2025-05-13 07:42:41,989 [33016780-7470-431a-bddf-7f866c4402ef-impl-thread1] INFO  server.RaftServerConfigKeys (ConfUtils.java:logGet(46)) - raft.server.log.statemachine.data.caching.enabled = false (default)
2025-05-13 07:42:41,994 [33016780-7470-431a-bddf-7f866c4402ef-impl-thread1] INFO  segmented.SegmentedRaftLogWorker (SegmentedRaftLogWorker.java:lambda$new$0(139)) - 33016780-7470-431a-bddf-7f866c4402ef@group-7ADF274817CE-SegmentedRaftLogWorker: flushIndex: setUnconditionally 0 -> -1
2025-05-13 07:42:41,994 [33016780-7470-431a-bddf-7f866c4402ef-impl-thread1] INFO  segmented.SegmentedRaftLogWorker (SegmentedRaftLogWorker.java:lambda$new$0(139)) - 33016780-7470-431a-bddf-7f866c4402ef@group-7ADF274817CE-SegmentedRaftLogWorker: safeCacheEvictIndex: setUnconditionally 0 -> -1
2025-05-13 07:42:41,995 [33016780-7470-431a-bddf-7f866c4402ef-impl-thread1] INFO  server.RaftServer$Division (RaftServerImpl.java:start(391)) - 33016780-7470-431a-bddf-7f866c4402ef@group-7ADF274817CE: start as a follower, conf=conf: {index: -1, cur=peers:[33016780-7470-431a-bddf-7f866c4402ef|pkrvmberfyhpb9w:15004]|listeners:[], old=null}
2025-05-13 07:42:41,996 [33016780-7470-431a-bddf-7f866c4402ef-impl-thread1] INFO  server.RaftServer$Division (RaftServerImpl.java:setRole(378)) - 33016780-7470-431a-bddf-7f866c4402ef@group-7ADF274817CE: changes role from      null to FOLLOWER at term 0 for startAsFollower
2025-05-13 07:42:41,996 [33016780-7470-431a-bddf-7f866c4402ef-impl-thread1] INFO  impl.RoleInfo (RoleInfo.java:updateAndGet(148)) - 33016780-7470-431a-bddf-7f866c4402ef: start 33016780-7470-431a-bddf-7f866c4402ef@group-7ADF274817CE-FollowerState
2025-05-13 07:42:41,997 [33016780-7470-431a-bddf-7f866c4402ef@group-7ADF274817CE-FollowerState] INFO  server.RaftServerConfigKeys (ConfUtils.java:logFallback(53)) - raft.server.rpc.first-election.timeout.min = 5000ms (fallback to raft.server.rpc.timeout.min)
2025-05-13 07:42:41,997 [33016780-7470-431a-bddf-7f866c4402ef@group-7ADF274817CE-FollowerState] INFO  server.RaftServerConfigKeys (ConfUtils.java:logFallback(53)) - raft.server.rpc.first-election.timeout.max = 5200ms (fallback to raft.server.rpc.timeout.max)
2025-05-13 07:42:41,998 [33016780-7470-431a-bddf-7f866c4402ef-impl-thread1] INFO  util.JmxRegister (JmxRegister.java:tryRegister(44)) - Successfully registered JMX Bean with object name Ratis:service=RaftServer,group=group-7ADF274817CE,id=33016780-7470-431a-bddf-7f866c4402ef
2025-05-13 07:42:41,998 [33016780-7470-431a-bddf-7f866c4402ef-impl-thread1] INFO  util.JmxRegister (JmxRegister.java:register(58)) - register mxBean class org.apache.ratis.server.impl.RaftServerJmxAdapter as Ratis:service=RaftServer,group=group-7ADF274817CE,id=33016780-7470-431a-bddf-7f866c4402ef
2025-05-13 07:42:41,999 [33016780-7470-431a-bddf-7f866c4402ef-impl-thread1] INFO  server.RaftServerConfigKeys (ConfUtils.java:logGet(46)) - raft.server.snapshot.trigger-when-stop.enabled = true (default)
2025-05-13 07:42:42,000 [33016780-7470-431a-bddf-7f866c4402ef-impl-thread1] INFO  server.RaftServerConfigKeys (ConfUtils.java:logGet(46)) - raft.server.snapshot.trigger-when-remove.enabled = true (default)
2025-05-13 07:42:42,000 [33016780-7470-431a-bddf-7f866c4402ef-impl-thread1] INFO  server.RaftServerConfigKeys (ConfUtils.java:logGet(46)) - raft.server.snapshot.auto.trigger.enabled = true (custom)
2025-05-13 07:42:42,000 [33016780-7470-431a-bddf-7f866c4402ef-impl-thread1] INFO  server.RaftServerConfigKeys (ConfUtils.java:logGet(46)) - raft.server.snapshot.auto.trigger.threshold = 1000 (custom)
2025-05-13 07:42:42,001 [33016780-7470-431a-bddf-7f866c4402ef-impl-thread1] INFO  server.RaftServerConfigKeys (ConfUtils.java:logGet(46)) - raft.server.snapshot.retention.file.num = -1 (default)
2025-05-13 07:42:42,001 [33016780-7470-431a-bddf-7f866c4402ef-impl-thread1] INFO  server.RaftServerConfigKeys (ConfUtils.java:logGet(46)) - raft.server.log.purge.upto.snapshot.index = false (default)
2025-05-13 07:42:42,005 [33016780-7470-431a-bddf-7f866c4402ef-impl-thread1] INFO  server.RaftServer$Division (RaftServerImpl.java:start(405)) - 33016780-7470-431a-bddf-7f866c4402ef@group-7ADF274817CE: Successfully started.
2025-05-13 07:42:42,005 [main] INFO  server.RaftServer (RaftServerProxy.java:startImpl(407)) - 33016780-7470-431a-bddf-7f866c4402ef: start RPC server
2025-05-13 07:42:42,031 [main] INFO  server.GrpcService (GrpcService.java:startImpl(334)) - 33016780-7470-431a-bddf-7f866c4402ef: GrpcService started, listening on 15004
2025-05-13 07:42:42,032 [JvmPauseMonitor0] INFO  util.JvmPauseMonitor (JvmPauseMonitor.java:run(146)) - JvmPauseMonitor-33016780-7470-431a-bddf-7f866c4402ef: Started
2025-05-13 07:42:47,176 [33016780-7470-431a-bddf-7f866c4402ef@group-7ADF274817CE-FollowerState] INFO  impl.FollowerState (FollowerState.java:runImpl(161)) - 33016780-7470-431a-bddf-7f866c4402ef@group-7ADF274817CE-FollowerState: change to CANDIDATE, lastRpcElapsedTime:5179851646ns, electionTimeout:5178ms
2025-05-13 07:42:47,177 [33016780-7470-431a-bddf-7f866c4402ef@group-7ADF274817CE-FollowerState] INFO  impl.RoleInfo (RoleInfo.java:shutdownFollowerState(121)) - 33016780-7470-431a-bddf-7f866c4402ef: shutdown 33016780-7470-431a-bddf-7f866c4402ef@group-7ADF274817CE-FollowerState
2025-05-13 07:42:47,177 [33016780-7470-431a-bddf-7f866c4402ef@group-7ADF274817CE-FollowerState] INFO  server.RaftServer$Division (RaftServerImpl.java:setRole(378)) - 33016780-7470-431a-bddf-7f866c4402ef@group-7ADF274817CE: changes role from  FOLLOWER to CANDIDATE at term 0 for changeToCandidate
2025-05-13 07:42:47,179 [33016780-7470-431a-bddf-7f866c4402ef@group-7ADF274817CE-FollowerState] INFO  server.RaftServerConfigKeys (ConfUtils.java:logGet(46)) - raft.server.leaderelection.pre-vote = true (default)
2025-05-13 07:42:47,179 [33016780-7470-431a-bddf-7f866c4402ef@group-7ADF274817CE-FollowerState] INFO  impl.RoleInfo (RoleInfo.java:updateAndGet(148)) - 33016780-7470-431a-bddf-7f866c4402ef: start 33016780-7470-431a-bddf-7f866c4402ef@group-7ADF274817CE-LeaderElection1
2025-05-13 07:42:47,181 [33016780-7470-431a-bddf-7f866c4402ef@group-7ADF274817CE-LeaderElection1] INFO  impl.LeaderElection (LeaderElection.java:askForVotes(332)) - 33016780-7470-431a-bddf-7f866c4402ef@group-7ADF274817CE-LeaderElection1 PRE_VOTE round 0: submit vote requests at term 0 for conf: {index: -1, cur=peers:[33016780-7470-431a-bddf-7f866c4402ef|pkrvmberfyhpb9w:15004]|listeners:[], old=null}
2025-05-13 07:42:47,181 [33016780-7470-431a-bddf-7f866c4402ef@group-7ADF274817CE-LeaderElection1] INFO  impl.LeaderElection (LeaderElection.java:askForVotes(334)) - 33016780-7470-431a-bddf-7f866c4402ef@group-7ADF274817CE-LeaderElection1 PRE_VOTE round 0: result PASSED (term=0)
2025-05-13 07:42:47,183 [33016780-7470-431a-bddf-7f866c4402ef@group-7ADF274817CE-LeaderElection1] INFO  impl.LeaderElection (LeaderElection.java:askForVotes(332)) - 33016780-7470-431a-bddf-7f866c4402ef@group-7ADF274817CE-LeaderElection1 ELECTION round 0: submit vote requests at term 1 for conf: {index: -1, cur=peers:[33016780-7470-431a-bddf-7f866c4402ef|pkrvmberfyhpb9w:15004]|listeners:[], old=null}
2025-05-13 07:42:47,183 [33016780-7470-431a-bddf-7f866c4402ef@group-7ADF274817CE-LeaderElection1] INFO  impl.LeaderElection (LeaderElection.java:askForVotes(334)) - 33016780-7470-431a-bddf-7f866c4402ef@group-7ADF274817CE-LeaderElection1 ELECTION round 0: result PASSED (term=1)
2025-05-13 07:42:47,183 [33016780-7470-431a-bddf-7f866c4402ef@group-7ADF274817CE-LeaderElection1] INFO  impl.RoleInfo (RoleInfo.java:shutdownLeaderElection(141)) - 33016780-7470-431a-bddf-7f866c4402ef: shutdown 33016780-7470-431a-bddf-7f866c4402ef@group-7ADF274817CE-LeaderElection1
2025-05-13 07:42:47,184 [33016780-7470-431a-bddf-7f866c4402ef@group-7ADF274817CE-LeaderElection1] INFO  server.RaftServer$Division (RaftServerImpl.java:setRole(378)) - 33016780-7470-431a-bddf-7f866c4402ef@group-7ADF274817CE: changes role from CANDIDATE to LEADER at term 1 for changeToLeader
2025-05-13 07:42:47,187 [33016780-7470-431a-bddf-7f866c4402ef@group-7ADF274817CE-LeaderElection1] INFO  server.RaftServerConfigKeys (ConfUtils.java:logGet(46)) - raft.server.staging.catchup.gap = 1000 (default)
2025-05-13 07:42:47,189 [33016780-7470-431a-bddf-7f866c4402ef@group-7ADF274817CE-LeaderElection1] INFO  server.RaftServerConfigKeys (ConfUtils.java:logGet(46)) - raft.server.write.element-limit = 4096 (default)
2025-05-13 07:42:47,190 [33016780-7470-431a-bddf-7f866c4402ef@group-7ADF274817CE-LeaderElection1] INFO  server.RaftServerConfigKeys (ConfUtils.java:logGet(46)) - raft.server.write.byte-limit = 64MB (=67108864) (default)
2025-05-13 07:42:47,192 [33016780-7470-431a-bddf-7f866c4402ef@group-7ADF274817CE-LeaderElection1] INFO  server.RaftServerConfigKeys (ConfUtils.java:logGet(46)) - raft.server.watch.timeout = 10s (default)
2025-05-13 07:42:47,192 [33016780-7470-431a-bddf-7f866c4402ef@group-7ADF274817CE-LeaderElection1] INFO  server.RaftServerConfigKeys (ConfUtils.java:logGet(46)) - raft.server.watch.timeout.denomination = 1s (default)
2025-05-13 07:42:47,193 [33016780-7470-431a-bddf-7f866c4402ef@group-7ADF274817CE-LeaderElection1] INFO  server.RaftServerConfigKeys (ConfUtils.java:logGet(46)) - raft.server.watch.element-limit = 65536 (default)
2025-05-13 07:42:47,198 [33016780-7470-431a-bddf-7f866c4402ef@group-7ADF274817CE-LeaderElection1] INFO  server.RaftServerConfigKeys (ConfUtils.java:logGet(46)) - raft.server.read.leader.lease.enabled = false (default)
2025-05-13 07:42:47,199 [33016780-7470-431a-bddf-7f866c4402ef@group-7ADF274817CE-LeaderElection1] INFO  server.RaftServerConfigKeys (ConfUtils.java:logGet(46)) - raft.server.read.leader.lease.timeout.ratio = 0.9 (default)
2025-05-13 07:42:47,199 [33016780-7470-431a-bddf-7f866c4402ef@group-7ADF274817CE-LeaderElection1] INFO  server.RaftServerConfigKeys (ConfUtils.java:logGet(46)) - raft.server.rpc.timeout.min = 5000ms (custom)
2025-05-13 07:42:47,200 [33016780-7470-431a-bddf-7f866c4402ef@group-7ADF274817CE-LeaderElection1] INFO  server.RaftServerConfigKeys (ConfUtils.java:logGet(46)) - raft.server.log.log-metadata.enabled = true (default)
2025-05-13 07:42:47,200 [33016780-7470-431a-bddf-7f866c4402ef@group-7ADF274817CE-LeaderElection1] INFO  server.RaftServerConfigKeys (ConfUtils.java:logGet(46)) - raft.server.write.element-limit = 4096 (default)
2025-05-13 07:42:47,200 [33016780-7470-431a-bddf-7f866c4402ef@group-7ADF274817CE-LeaderElection1] INFO  server.RaftServerConfigKeys (ConfUtils.java:logGet(46)) - raft.server.write.follower.gap.ratio.max = -1.0 (default)
2025-05-13 07:42:47,202 [33016780-7470-431a-bddf-7f866c4402ef@group-7ADF274817CE-LeaderElection1] INFO  impl.RoleInfo (RoleInfo.java:updateAndGet(148)) - 33016780-7470-431a-bddf-7f866c4402ef: start 33016780-7470-431a-bddf-7f866c4402ef@group-7ADF274817CE-LeaderStateImpl
2025-05-13 07:42:47,202 [33016780-7470-431a-bddf-7f866c4402ef@group-7ADF274817CE-LeaderElection1] INFO  server.RaftServer$Division (RaftServerImpl.java:setFirstElection(562)) - 33016780-7470-431a-bddf-7f866c4402ef@group-7ADF274817CE: set firstElectionSinceStartup to false for becomeLeader
2025-05-13 07:42:47,202 [33016780-7470-431a-bddf-7f866c4402ef@group-7ADF274817CE-LeaderElection1] INFO  server.RaftServer$Division (ServerState.java:setLeader(272)) - 33016780-7470-431a-bddf-7f866c4402ef@group-7ADF274817CE: change Leader from null to 33016780-7470-431a-bddf-7f866c4402ef at term 1 for becomeLeader, leader elected after 5373ms
2025-05-13 07:42:47,217 [33016780-7470-431a-bddf-7f866c4402ef@group-7ADF274817CE-LeaderElection1] INFO  segmented.SegmentedRaftLogWorker (SegmentedRaftLogWorker.java:startLogSegment(438)) - 33016780-7470-431a-bddf-7f866c4402ef@group-7ADF274817CE-SegmentedRaftLogWorker: Starting segment from index:0
2025-05-13 07:42:47,235 [33016780-7470-431a-bddf-7f866c4402ef@group-7ADF274817CE-LeaderElection1] INFO  server.RaftServer$Division (ServerState.java:setRaftConf(386)) - 33016780-7470-431a-bddf-7f866c4402ef@group-7ADF274817CE: set configuration conf: {index: 0, cur=peers:[33016780-7470-431a-bddf-7f866c4402ef|pkrvmberfyhpb9w:15004]|listeners:[], old=null}
2025-05-13 07:42:47,238 [33016780-7470-431a-bddf-7f866c4402ef@group-7ADF274817CE-SegmentedRaftLogWorker] INFO  segmented.BufferedWriteChannel (BufferedWriteChannel.java:open(61)) - open log_inprogress_0 at position 0
2025-05-13 07:42:47,246 [33016780-7470-431a-bddf-7f866c4402ef@group-7ADF274817CE-SegmentedRaftLogWorker] INFO  segmented.SegmentedRaftLogWorker (SegmentedRaftLogWorker.java:execute(644)) - 33016780-7470-431a-bddf-7f866c4402ef@group-7ADF274817CE-SegmentedRaftLogWorker: created new log segment /tmp/junit-14113411677891839485/scm-meta/scm-ha/cf315d6c-80b2-471a-af85-7adf274817ce/current/log_inprogress_0
2025-05-13 07:42:47,254 [33016780-7470-431a-bddf-7f866c4402ef@group-7ADF274817CE-StateMachineUpdater] INFO  server.RaftServer$Division (LeaderStateImpl.java:checkStartIndex(313)) - Leader 33016780-7470-431a-bddf-7f866c4402ef@group-7ADF274817CE-LeaderStateImpl is ready since appliedIndex == startIndex == 0
2025-05-13 07:42:48,033 [main] INFO  server.RaftServer (RaftServerProxy.java:lambda$close$9(417)) - 33016780-7470-431a-bddf-7f866c4402ef: close
2025-05-13 07:42:48,034 [33016780-7470-431a-bddf-7f866c4402ef-impl-thread1] INFO  server.RaftServer$Division (RaftServerImpl.java:lambda$close$1(513)) - 33016780-7470-431a-bddf-7f866c4402ef@group-7ADF274817CE: shutdown
2025-05-13 07:42:48,034 [main] INFO  server.GrpcService (GrpcService.java:closeImpl(343)) - 33016780-7470-431a-bddf-7f866c4402ef: shutdown server GrpcServerProtocolService now
2025-05-13 07:42:48,034 [33016780-7470-431a-bddf-7f866c4402ef-impl-thread1] INFO  util.JmxRegister (JmxRegister.java:unregister(74)) - Successfully un-registered JMX Bean with object name Ratis:service=RaftServer,group=group-7ADF274817CE,id=33016780-7470-431a-bddf-7f866c4402ef
2025-05-13 07:42:48,034 [33016780-7470-431a-bddf-7f866c4402ef-impl-thread1] INFO  impl.RoleInfo (RoleInfo.java:shutdownLeaderState(103)) - 33016780-7470-431a-bddf-7f866c4402ef: shutdown 33016780-7470-431a-bddf-7f866c4402ef@group-7ADF274817CE-LeaderStateImpl
2025-05-13 07:42:48,038 [33016780-7470-431a-bddf-7f866c4402ef-impl-thread1] INFO  impl.PendingRequests (PendingRequests.java:sendNotLeaderResponses(287)) - 33016780-7470-431a-bddf-7f866c4402ef@group-7ADF274817CE-PendingRequests: sendNotLeaderResponses
2025-05-13 07:42:48,039 [main] INFO  server.GrpcService (GrpcService.java:closeImpl(352)) - 33016780-7470-431a-bddf-7f866c4402ef: shutdown server GrpcServerProtocolService successfully
2025-05-13 07:42:48,041 [33016780-7470-431a-bddf-7f866c4402ef-impl-thread1] INFO  impl.StateMachineUpdater (StateMachineUpdater.java:stopAndJoin(164)) - 33016780-7470-431a-bddf-7f866c4402ef@group-7ADF274817CE-StateMachineUpdater: set stopIndex = 0
2025-05-13 07:42:48,042 [33016780-7470-431a-bddf-7f866c4402ef@group-7ADF274817CE-StateMachineUpdater] INFO  impl.StateMachineUpdater (StateMachineUpdater.java:takeSnapshot(303)) - 33016780-7470-431a-bddf-7f866c4402ef@group-7ADF274817CE-StateMachineUpdater: Took a snapshot at index 0
2025-05-13 07:42:48,042 [33016780-7470-431a-bddf-7f866c4402ef@group-7ADF274817CE-StateMachineUpdater] INFO  impl.StateMachineUpdater (StateMachineUpdater.java:lambda$new$0(102)) - 33016780-7470-431a-bddf-7f866c4402ef@group-7ADF274817CE-StateMachineUpdater: snapshotIndex: updateIncreasingly -1 -> 0
2025-05-13 07:42:48,044 [33016780-7470-431a-bddf-7f866c4402ef@group-7ADF274817CE-StateMachineUpdater] INFO  impl.StateMachineUpdater (StateMachineUpdater.java:stop(141)) - 33016780-7470-431a-bddf-7f866c4402ef@group-7ADF274817CE-StateMachineUpdater: closing SCMStateMachine, lastApplied=(t:1, i:0)
2025-05-13 07:42:48,044 [33016780-7470-431a-bddf-7f866c4402ef@group-7ADF274817CE-cacheEviction-AwaitToRun] INFO  util.AwaitToRun (AwaitToRun.java:run(49)) - 33016780-7470-431a-bddf-7f866c4402ef@group-7ADF274817CE-cacheEviction-AwaitToRun-AwaitForSignal is interrupted
2025-05-13 07:42:48,251 [33016780-7470-431a-bddf-7f866c4402ef-impl-thread1] INFO  segmented.SegmentedRaftLogWorker (SegmentedRaftLogWorker.java:close(252)) - 33016780-7470-431a-bddf-7f866c4402ef@group-7ADF274817CE-SegmentedRaftLogWorker close()
2025-05-13 07:42:48,255 [JvmPauseMonitor0] INFO  util.JvmPauseMonitor (JvmPauseMonitor.java:run(152)) - JvmPauseMonitor-33016780-7470-431a-bddf-7f866c4402ef: Stopped
2025-05-13 07:42:48,270 [main] WARN  server.ServerUtils (ServerUtils.java:getScmDbDir(138)) - ozone.scm.db.dirs is not configured. We recommend adding this setting. Falling back to ozone.metadata.dirs instead.
2025-05-13 07:42:48,270 [main] INFO  ha.SCMHANodeDetails (SCMHANodeDetails.java:loadSCMHAConfig(162)) - ServiceID for StorageContainerManager is null
2025-05-13 07:42:48,271 [main] INFO  ha.SCMHANodeDetails (SCMHANodeDetails.java:loadSCMHAConfig(166)) - ozone.scm.default.service.id is not defined, falling back to ozone.scm.service.ids to find serviceID for StorageContainerManager if it is HA enabled cluster
2025-05-13 07:42:48,405 [pool-2-thread-1] INFO  request.KdcRequest (KdcRequest.java:preauth(683)) - The preauth data is empty.
2025-05-13 07:42:48,408 [pool-2-thread-1] INFO  server.KdcHandler (KdcHandler.java:handleRecoverableException(177)) - KRB error occurred while processing request: Additional pre-authentication required
2025-05-13 07:42:48,426 [pool-2-thread-1] INFO  request.AsRequest (AsRequest.java:issueTicket(112)) - AS_REQ ISSUE: authtime 1747122168425,om/pkrvmberfyhpb9w.internal.cloudapp.net@EXAMPLE.COM for krbtgt/EXAMPLE.COM@EXAMPLE.COM
2025-05-13 07:42:48,433 [main] INFO  security.UserGroupInformation (UserGroupInformation.java:loginUserFromKeytab(1143)) - Login successful for user om/pkrvmberfyhpb9w.internal.cloudapp.net@EXAMPLE.COM using keytab file om.keytab. Keytab auto renewal enabled : false
2025-05-13 07:42:48,433 [main] INFO  server.StorageContainerManager (StorageContainerManager.java:loginAsSCMUserIfSecurityEnabled(1062)) - SCM login successful.
2025-05-13 07:42:48,436 [main] INFO  proxy.SCMSecurityProtocolFailoverProxyProvider (SCMFailoverProxyProviderBase.java:<init>(120)) - Created fail-over proxy for protocol SCMSecurityProtocolPB with 1 nodes: [nodeId=scmNodeId,nodeAddress=localhost/127.0.0.1:15003]
2025-05-13 07:42:48,442 [main] INFO  client.SCMCertificateClient (DefaultCertificateClient.java:updateCertSerialId(1289)) - Certificate serial ID set to 2
2025-05-13 07:42:48,445 [main] INFO  client.SCMCertificateClient (DefaultCertificateClient.java:readCertificateFile(247)) - Added certificate 2 from file: /tmp/junit-14113411677891839485/scm-meta/scm/sub-ca/certs/2.crt.
2025-05-13 07:42:48,446 [main] INFO  client.SCMCertificateClient (DefaultCertificateClient.java:readCertificateFile(247)) - Added certificate 1 from file: /tmp/junit-14113411677891839485/scm-meta/scm/sub-ca/certs/CA-1.crt.
2025-05-13 07:42:48,448 [main] INFO  client.SCMCertificateClient (DefaultCertificateClient.java:readCertificateFile(247)) - Added certificate 2 from file: /tmp/junit-14113411677891839485/scm-meta/scm/sub-ca/certs/certificate.crt.
2025-05-13 07:42:48,448 [main] INFO  client.SCMCertificateClient (DefaultCertificateClient.java:loadAllCertificates(196)) - CertificateRenewerService and root ca rotation polling is disabled for scm/sub-ca
2025-05-13 07:42:48,499 [main] WARN  utils.HAUtils (HAUtils.java:getMetaDir(311)) - ozone.scm.db.dirs is not configured. We recommend adding this setting. Falling back to ozone.metadata.dirs instead.
2025-05-13 07:42:48,608 [main] WARN  db.DBStoreBuilder (DBStoreBuilder.java:getDBDirPath(160)) - ozone.scm.db.dirs is not configured. We recommend adding this setting. Falling back to ozone.metadata.dirs instead.
2025-05-13 07:42:48,766 [main] INFO  net.NodeSchemaLoader (NodeSchemaLoader.java:loadSchemaFromFile(128)) - Loading schema from [jar:file:/home/runner/work/ozone/ozone/hadoop-hdds/common/target/hdds-common-2.1.0-SNAPSHOT.jar!/network-topology-default.xml]
2025-05-13 07:42:48,768 [main] INFO  net.NodeSchemaLoader (NodeSchemaLoader.java:loadSchema(175)) - Loading network topology layer schema file
2025-05-13 07:42:48,853 [main] INFO  ha.SCMRatisServerImpl (SCMRatisServerImpl.java:<init>(100)) - starting Raft server for scm:33016780-7470-431a-bddf-7f866c4402ef
2025-05-13 07:42:48,854 [main] INFO  server.RaftServerConfigKeys (ConfUtils.java:logGet(46)) - raft.server.log.appender.buffer.byte-limit = 4194304 (custom)
2025-05-13 07:42:48,856 [main] INFO  server.RaftServer (ConfUtils.java:logGet(46)) - raft.rpc.type = GRPC (default)
2025-05-13 07:42:48,856 [main] INFO  grpc.GrpcConfigKeys (ConfUtils.java:logFallback(53)) - raft.grpc.admin.host = null (fallback to raft.grpc.server.host)
2025-05-13 07:42:48,856 [main] INFO  grpc.GrpcConfigKeys (ConfUtils.java:logFallback(53)) - raft.grpc.admin.port = 15004 (fallback to raft.grpc.server.port)
2025-05-13 07:42:48,857 [main] INFO  grpc.GrpcConfigKeys (ConfUtils.java:logFallback(53)) - raft.grpc.client.host = null (fallback to raft.grpc.server.host)
2025-05-13 07:42:48,857 [main] INFO  grpc.GrpcConfigKeys (ConfUtils.java:logFallback(53)) - raft.grpc.client.port = 15004 (fallback to raft.grpc.server.port)
2025-05-13 07:42:48,857 [main] INFO  grpc.GrpcConfigKeys (ConfUtils.java:logGet(46)) - raft.grpc.server.host = null (default)
2025-05-13 07:42:48,857 [main] INFO  grpc.GrpcConfigKeys (ConfUtils.java:logGet(46)) - raft.grpc.server.port = 15004 (custom)
2025-05-13 07:42:48,857 [main] INFO  server.GrpcService (ConfUtils.java:logGet(46)) - raft.grpc.message.size.max = 5242880 (custom)
2025-05-13 07:42:48,857 [main] INFO  server.GrpcService (ConfUtils.java:logGet(46)) - raft.grpc.flow.control.window = 1MB (=1048576) (default)
2025-05-13 07:42:48,858 [main] INFO  server.RaftServerConfigKeys (ConfUtils.java:logGet(46)) - raft.server.rpc.request.timeout = 30000ms (custom)
2025-05-13 07:42:48,858 [main] INFO  grpc.GrpcConfigKeys (ConfUtils.java:logGet(46)) - raft.grpc.server.heartbeat.channel = true (default)
2025-05-13 07:42:48,858 [main] INFO  server.RaftServerConfigKeys (ConfUtils.java:logGet(46)) - raft.server.log.appender.buffer.byte-limit = 4194304 (custom)
2025-05-13 07:42:48,858 [main] INFO  grpc.GrpcConfigKeys (ConfUtils.java:logGet(46)) - raft.grpc.server.async.request.thread.pool.cached = true (default)
2025-05-13 07:42:48,858 [main] INFO  grpc.GrpcConfigKeys (ConfUtils.java:logGet(46)) - raft.grpc.server.async.request.thread.pool.size = 32 (default)
2025-05-13 07:42:48,859 [main] INFO  impl.DataStreamServerImpl (ConfUtils.java:logGet(46)) - raft.datastream.type = DISABLED (default)
2025-05-13 07:42:48,859 [main] INFO  server.RaftServerConfigKeys (ConfUtils.java:logGet(46)) - raft.server.sleep.deviation.threshold = 300ms (default)
2025-05-13 07:42:48,860 [main] INFO  server.RaftServerConfigKeys (ConfUtils.java:logGet(46)) - raft.server.close.threshold = 60s (default)
2025-05-13 07:42:48,860 [main] INFO  server.RaftServerConfigKeys (ConfUtils.java:logGet(46)) - raft.server.leaderelection.leader.step-down.wait-time = 10s (default)
2025-05-13 07:42:48,860 [main] INFO  server.RaftServerConfigKeys (ConfUtils.java:logGet(46)) - raft.server.storage.dir = [/tmp/junit-14113411677891839485/scm-meta/scm-ha] (custom)
2025-05-13 07:42:48,860 [main] INFO  server.RaftServerConfigKeys (ConfUtils.java:logGet(46)) - raft.server.threadpool.proxy.cached = true (default)
2025-05-13 07:42:48,860 [main] INFO  server.RaftServerConfigKeys (ConfUtils.java:logGet(46)) - raft.server.threadpool.proxy.size = 0 (default)
2025-05-13 07:42:48,861 [33016780-7470-431a-bddf-7f866c4402ef-impl-thread1] INFO  server.RaftServer (RaftServerProxy.java:initGroupDir(265)) - 33016780-7470-431a-bddf-7f866c4402ef: found a subdirectory /tmp/junit-14113411677891839485/scm-meta/scm-ha/cf315d6c-80b2-471a-af85-7adf274817ce
2025-05-13 07:42:48,862 [main] INFO  server.RaftServer (RaftServerProxy.java:addNew(100)) - 33016780-7470-431a-bddf-7f866c4402ef: addNew group-7ADF274817CE:[] returns group-7ADF274817CE:java.util.concurrent.CompletableFuture@475eb4fd[Not completed]
2025-05-13 07:42:48,864 [33016780-7470-431a-bddf-7f866c4402ef-groupManagement] INFO  server.RaftServer$Division (RaftServerImpl.java:<init>(255)) - 33016780-7470-431a-bddf-7f866c4402ef: new RaftServerImpl for group-7ADF274817CE:[] with SCMStateMachine:uninitialized
2025-05-13 07:42:48,864 [33016780-7470-431a-bddf-7f866c4402ef-groupManagement] INFO  server.RaftServerConfigKeys (ConfUtils.java:logGet(46)) - raft.server.rpc.timeout.min = 5000ms (custom)
2025-05-13 07:42:48,864 [33016780-7470-431a-bddf-7f866c4402ef-groupManagement] INFO  server.RaftServerConfigKeys (ConfUtils.java:logGet(46)) - raft.server.rpc.timeout.max = 5200ms (custom)
2025-05-13 07:42:48,864 [33016780-7470-431a-bddf-7f866c4402ef-groupManagement] INFO  server.RaftServerConfigKeys (ConfUtils.java:logGet(46)) - raft.server.rpc.sleep.time = 25ms (default)
2025-05-13 07:42:48,864 [33016780-7470-431a-bddf-7f866c4402ef-groupManagement] INFO  server.RaftServerConfigKeys (ConfUtils.java:logGet(46)) - raft.server.rpc.slowness.timeout = 120000ms (custom)
2025-05-13 07:42:48,864 [33016780-7470-431a-bddf-7f866c4402ef-groupManagement] INFO  server.RaftServerConfigKeys (ConfUtils.java:logGet(46)) - raft.server.leaderelection.leader.step-down.wait-time = 10s (default)
2025-05-13 07:42:48,864 [33016780-7470-431a-bddf-7f866c4402ef-groupManagement] INFO  server.RaftServerConfigKeys (ConfUtils.java:logGet(46)) - raft.server.leaderelection.member.majority-add = false (default)
2025-05-13 07:42:48,865 [33016780-7470-431a-bddf-7f866c4402ef-groupManagement] INFO  server.RaftServerConfigKeys (ConfUtils.java:logGet(46)) - raft.server.sleep.deviation.threshold = 300ms (default)
2025-05-13 07:42:48,865 [33016780-7470-431a-bddf-7f866c4402ef-groupManagement] INFO  server.RaftServer$Division (ServerState.java:<init>(114)) - 33016780-7470-431a-bddf-7f866c4402ef@group-7ADF274817CE: ConfigurationManager, init=conf: {index: -1, cur=peers:[]|listeners:[], old=null}, confs=<EMPTY_MAP>
2025-05-13 07:42:48,866 [33016780-7470-431a-bddf-7f866c4402ef-groupManagement] INFO  server.RaftServerConfigKeys (ConfUtils.java:logGet(46)) - raft.server.notification.no-leader.timeout = 60s (default)
2025-05-13 07:42:48,866 [33016780-7470-431a-bddf-7f866c4402ef-groupManagement] INFO  server.RaftServerConfigKeys (ConfUtils.java:logGet(46)) - raft.server.read.timeout = 10s (default)
2025-05-13 07:42:48,866 [33016780-7470-431a-bddf-7f866c4402ef-groupManagement] INFO  server.RaftServerConfigKeys (ConfUtils.java:logGet(46)) - raft.server.retrycache.expirytime = 60000ms (default)
2025-05-13 07:42:48,866 [33016780-7470-431a-bddf-7f866c4402ef-groupManagement] INFO  server.RaftServerConfigKeys (ConfUtils.java:logGet(46)) - raft.server.retrycache.statistics.expirytime = 100ms (default)
2025-05-13 07:42:48,866 [33016780-7470-431a-bddf-7f866c4402ef-groupManagement] INFO  server.RaftServerConfigKeys (ConfUtils.java:logGet(46)) - raft.server.read.option = DEFAULT (default)
2025-05-13 07:42:48,866 [33016780-7470-431a-bddf-7f866c4402ef-groupManagement] INFO  server.RaftServerConfigKeys (ConfUtils.java:logGet(46)) - raft.server.read.read-after-write-consistent.write-index-cache.expiry-time = 60s (default)
2025-05-13 07:42:48,873 [33016780-7470-431a-bddf-7f866c4402ef-groupManagement] INFO  server.RaftServerConfigKeys (ConfUtils.java:logGet(46)) - raft.server.rpc.request.timeout = 30000ms (custom)
2025-05-13 07:42:48,873 [33016780-7470-431a-bddf-7f866c4402ef-groupManagement] INFO  server.RaftServerConfigKeys (ConfUtils.java:logGet(46)) - raft.server.log.appender.install.snapshot.enabled = false (custom)
2025-05-13 07:42:48,873 [33016780-7470-431a-bddf-7f866c4402ef-groupManagement] INFO  server.RaftServerConfigKeys (ConfUtils.java:logGet(46)) - raft.server.threadpool.server.cached = true (default)
2025-05-13 07:42:48,874 [33016780-7470-431a-bddf-7f866c4402ef-groupManagement] INFO  server.RaftServerConfigKeys (ConfUtils.java:logGet(46)) - raft.server.threadpool.server.size = 0 (default)
2025-05-13 07:42:48,874 [33016780-7470-431a-bddf-7f866c4402ef-groupManagement] INFO  server.RaftServerConfigKeys (ConfUtils.java:logGet(46)) - raft.server.threadpool.client.cached = true (default)
2025-05-13 07:42:48,874 [33016780-7470-431a-bddf-7f866c4402ef-groupManagement] INFO  server.RaftServerConfigKeys (ConfUtils.java:logGet(46)) - raft.server.threadpool.client.size = 0 (default)
2025-05-13 07:42:48,875 [main] INFO  ha.SCMSnapshotProvider (SCMSnapshotProvider.java:<init>(61)) - Initializing SCM Snapshot Provider
2025-05-13 07:42:48,875 [main] WARN  server.ServerUtils (ServerUtils.java:getDefaultRatisDirectory(304)) - Storage directory for Ratis is not configured. It is a good idea to map this to an SSD disk. Falling back to ozone.metadata.dirs
2025-05-13 07:42:48,876 [main] WARN  ha.SCMHAUtils (SCMHAUtils.java:getSCMRatisSnapshotDirectory(120)) - SCM snapshot dir is not configured. Falling back to ozone.metadata.dirs config
2025-05-13 07:42:48,897 [main] INFO  upgrade.AbstractLayoutVersionManager (AbstractLayoutVersionManager.java:init(80)) - Initializing Layout version manager with metadata layout = HBASE_SUPPORT (version = 8), software layout = HBASE_SUPPORT (version = 8)
2025-05-13 07:42:48,917 [main] INFO  ha.SequenceIdGenerator (SequenceIdGenerator.java:upgradeToSequenceId(355)) - upgrade localId to 115816896921600000
2025-05-13 07:42:48,920 [main] INFO  ha.SequenceIdGenerator (SequenceIdGenerator.java:upgradeToSequenceId(365)) - upgrade delTxnId to 0
2025-05-13 07:42:48,924 [main] INFO  ha.SequenceIdGenerator (SequenceIdGenerator.java:upgradeToSequenceId(382)) - upgrade containerId to 0
2025-05-13 07:42:48,926 [main] INFO  ha.SequenceIdGenerator (SequenceIdGenerator.java:upgradeToCertificateSequenceId(419)) - upgrade CertificateId to 2
2025-05-13 07:42:48,928 [main] INFO  ha.SequenceIdGenerator (SequenceIdGenerator.java:<init>(232)) - Init the HA SequenceIdGenerator.
2025-05-13 07:42:48,962 [main] WARN  server.ServerUtils (ServerUtils.java:sanitizeUserArgs(76)) - ozone.scm.stale.node.interval value = 300000 is larger than max = 100000 based on the key value of ozone.scm.heartbeat.thread.interval, reset to the max value 100000.
2025-05-13 07:42:48,962 [main] WARN  server.ServerUtils (ServerUtils.java:sanitizeUserArgs(76)) - ozone.scm.stale.node.interval value = 300000 is larger than max = 100000 based on the key value of ozone.scm.heartbeat.thread.interval, reset to the max value 100000.
2025-05-13 07:42:48,967 [main] INFO  node.SCMNodeManager (SCMNodeManager.java:<init>(182)) - Entering startup safe mode.
2025-05-13 07:42:48,976 [main] INFO  algorithms.ContainerPlacementPolicyFactory (ContainerPlacementPolicyFactory.java:getPolicyInternal(84)) - Create container placement policy of type org.apache.hadoop.hdds.scm.container.placement.algorithms.SCMContainerPlacementRackAware
2025-05-13 07:42:48,980 [main] INFO  algorithms.ContainerPlacementPolicyFactory (ContainerPlacementPolicyFactory.java:getPolicyInternal(84)) - Create container placement policy of type org.apache.hadoop.hdds.scm.container.placement.algorithms.SCMContainerPlacementRackScatter
2025-05-13 07:42:48,986 [main] INFO  pipeline.PipelineStateManagerImpl (PipelineStateManagerImpl.java:initialize(75)) - No pipeline exists in current db
2025-05-13 07:42:48,995 [main] INFO  algorithms.LeaderChoosePolicyFactory (LeaderChoosePolicyFactory.java:getPolicy(55)) - Create leader choose policy of type org.apache.hadoop.hdds.scm.pipeline.leader.choose.algorithms.MinLeaderCountChoosePolicy
2025-05-13 07:42:48,996 [main] INFO  algorithms.ContainerPlacementPolicyFactory (ContainerPlacementPolicyFactory.java:getPolicyInternal(84)) - Create container placement policy of type org.apache.hadoop.hdds.scm.container.placement.algorithms.SCMContainerPlacementRackScatter
2025-05-13 07:42:49,001 [main] INFO  ha.SCMServiceManager (SCMServiceManager.java:register(42)) - Registering service BackgroundPipelineCreator.
2025-05-13 07:42:49,001 [main] INFO  pipeline.BackgroundPipelineCreator (BackgroundPipelineCreator.java:start(126)) - Starting RatisPipelineUtilsThread.
2025-05-13 07:42:49,003 [main] INFO  BackgroundPipelineScrubber (BackgroundSCMService.java:start(64)) - Starting BackgroundPipelineScrubber Service.
2025-05-13 07:42:49,004 [main] INFO  ha.SCMServiceManager (SCMServiceManager.java:register(42)) - Registering service BackgroundPipelineScrubber.
2025-05-13 07:42:49,008 [main] INFO  ExpiredContainerReplicaOpScrubber (BackgroundSCMService.java:start(64)) - Starting ExpiredContainerReplicaOpScrubber Service.
2025-05-13 07:42:49,008 [main] INFO  ha.SCMServiceManager (SCMServiceManager.java:register(42)) - Registering service ExpiredContainerReplicaOpScrubber.
2025-05-13 07:42:49,028 [main] INFO  algorithms.PipelineChoosePolicyFactory (PipelineChoosePolicyFactory.java:createPipelineChoosePolicyFromClass(78)) - Create pipeline choose policy of type org.apache.hadoop.hdds.scm.pipeline.choose.algorithms.RandomPipelineChoosePolicy
2025-05-13 07:42:49,028 [main] INFO  algorithms.PipelineChoosePolicyFactory (PipelineChoosePolicyFactory.java:createPipelineChoosePolicyFromClass(78)) - Create pipeline choose policy of type org.apache.hadoop.hdds.scm.pipeline.choose.algorithms.RandomPipelineChoosePolicy
2025-05-13 07:42:49,054 [main] INFO  ha.SCMServiceManager (SCMServiceManager.java:register(42)) - Registering service SCMBlockDeletingService.
2025-05-13 07:42:49,101 [main] INFO  replication.ReplicationManager (ReplicationManager.java:start(285)) - Starting Replication Monitor Thread.
2025-05-13 07:42:49,102 [main] INFO  ha.SCMServiceManager (SCMServiceManager.java:register(42)) - Registering service ReplicationManager.
2025-05-13 07:42:49,110 [main] INFO  safemode.RatisContainerSafeModeRule (RatisContainerSafeModeRule.java:initializeRule(160)) - Refreshed Containers with one replica threshold count 0.
2025-05-13 07:42:49,112 [main] INFO  safemode.ECContainerSafeModeRule (ECContainerSafeModeRule.java:initializeRule(205)) - Refreshed Containers with ec n replica threshold count 0.
2025-05-13 07:42:49,115 [main] INFO  safemode.HealthyPipelineSafeModeRule (HealthyPipelineSafeModeRule.java:initializeRule(177)) - Total pipeline count is 0, healthy pipeline threshold count is 0
2025-05-13 07:42:49,116 [main] INFO  safemode.OneReplicaPipelineSafeModeRule (OneReplicaPipelineSafeModeRule.java:initializeRule(190)) - Total pipeline count is 0, pipeline's with at least one datanode reported threshold count is 0
2025-05-13 07:42:49,147 [main] INFO  security.SecretKeyManagerService (SecretKeyManagerService.java:start(143)) - Scheduling rotation checker with interval PT10M
2025-05-13 07:42:49,147 [main] INFO  ha.SCMServiceManager (SCMServiceManager.java:register(42)) - Registering service SecretKeyManagerService.
2025-05-13 07:42:49,150 [main] INFO  keys.KeyStorage (KeyStorage.java:readPublicKey(174)) - Reading public key from /tmp/junit-14113411677891839485/scm-meta/scm/sub-ca/keys/public.pem.
2025-05-13 07:42:49,151 [main] INFO  keys.KeyStorage (KeyStorage.java:readPrivateKey(158)) - Reading private key from /tmp/junit-14113411677891839485/scm-meta/scm/sub-ca/keys/private.pem.
2025-05-13 07:42:49,152 [main] INFO  authority.DefaultCAServer (DefaultCAServer.java:lambda$processVerificationStatus$0(392)) - CertificateServer validation is successful
2025-05-13 07:42:49,152 [main] INFO  keys.KeyStorage (KeyStorage.java:readPublicKey(174)) - Reading public key from /tmp/junit-14113411677891839485/scm-meta/scm/ca/keys/public.pem.
2025-05-13 07:42:49,152 [main] INFO  keys.KeyStorage (KeyStorage.java:readPrivateKey(158)) - Reading private key from /tmp/junit-14113411677891839485/scm-meta/scm/ca/keys/private.pem.
2025-05-13 07:42:49,153 [main] INFO  authority.DefaultCAServer (DefaultCAServer.java:lambda$processVerificationStatus$0(392)) - CertificateServer validation is successful
2025-05-13 07:42:49,153 [main] INFO  server.StorageContainerManager (StorageContainerManager.java:persistPrimarySCMCerts(950)) - Storing sub-ca certificate serialId 2 on primary SCM
2025-05-13 07:42:49,163 [main] INFO  server.SCMCertStore (SCMCertStore.java:storeValidScmCertificate(96)) - Scm certificate 2 for CN=scm-sub@pkrvmberfyhpb9w,OU=33016780-7470-431a-bddf-7f866c4402ef,O=cf315d6c-80b2-471a-af85-7adf274817ce,SERIALNUMBER=2 is stored
2025-05-13 07:42:49,164 [main] INFO  server.StorageContainerManager (StorageContainerManager.java:persistPrimarySCMCerts(957)) - Storing root certificate serialId 1
2025-05-13 07:42:49,165 [main] INFO  server.SCMCertStore (SCMCertStore.java:storeValidScmCertificate(96)) - Scm certificate 1 for CN=scm@pkrvmberfyhpb9w,OU=33016780-7470-431a-bddf-7f866c4402ef,O=cf315d6c-80b2-471a-af85-7adf274817ce,SERIALNUMBER=1 is stored
2025-05-13 07:42:49,169 [main] INFO  ha.SequenceIdGenerator (SequenceIdGenerator.java:upgradeToCertificateSequenceId(419)) - upgrade CertificateId to 2
2025-05-13 07:42:49,183 [main] INFO  ipc.CallQueueManager (CallQueueManager.java:<init>(93)) - Using callQueue: class java.util.concurrent.LinkedBlockingQueue, queueCapacity: 200, scheduler: class org.apache.hadoop.ipc.DefaultRpcScheduler, ipcBackoff: false, ipcFailOver: false.
2025-05-13 07:42:49,204 [main] INFO  ipc.Server (Server.java:<init>(1438)) - Listener at 0.0.0.0:15003
2025-05-13 07:42:49,205 [Socket Reader #1 for port 15003] INFO  ipc.Server (Server.java:run(1474)) - Starting Socket Reader #1 for port 15003
2025-05-13 07:42:49,222 [main] INFO  server.StorageContainerManager (StorageContainerManager.java:<init>(430)) - SCM start with adminUsers: [runner, om]
2025-05-13 07:42:49,241 [main] INFO  audit.AuditLogger (AuditLogger.java:refreshDebugCmdSet(133)) - Refresh DebugCmdSet for SCMAudit to [].
2025-05-13 07:42:49,245 [main] INFO  ipc.CallQueueManager (CallQueueManager.java:<init>(93)) - Using callQueue: class java.util.concurrent.LinkedBlockingQueue, queueCapacity: 10000, scheduler: class org.apache.hadoop.ipc.DefaultRpcScheduler, ipcBackoff: false, ipcFailOver: false.
2025-05-13 07:42:49,245 [main] INFO  ipc.Server (Server.java:<init>(1438)) - Listener at 0.0.0.0:15001
2025-05-13 07:42:49,246 [Socket Reader #1 for port 15001] INFO  ipc.Server (Server.java:run(1474)) - Starting Socket Reader #1 for port 15001
2025-05-13 07:42:49,246 [Socket Reader #2 for port 15001] INFO  ipc.Server (Server.java:run(1474)) - Starting Socket Reader #2 for port 15001
2025-05-13 07:42:49,247 [Socket Reader #3 for port 15001] INFO  ipc.Server (Server.java:run(1474)) - Starting Socket Reader #3 for port 15001
2025-05-13 07:42:49,247 [Socket Reader #4 for port 15001] INFO  ipc.Server (Server.java:run(1474)) - Starting Socket Reader #4 for port 15001
2025-05-13 07:42:49,248 [Socket Reader #5 for port 15001] INFO  ipc.Server (Server.java:run(1474)) - Starting Socket Reader #5 for port 15001
2025-05-13 07:42:49,248 [Socket Reader #6 for port 15001] INFO  ipc.Server (Server.java:run(1474)) - Starting Socket Reader #6 for port 15001
2025-05-13 07:42:49,249 [Socket Reader #7 for port 15001] INFO  ipc.Server (Server.java:run(1474)) - Starting Socket Reader #7 for port 15001
2025-05-13 07:42:49,249 [Socket Reader #8 for port 15001] INFO  ipc.Server (Server.java:run(1474)) - Starting Socket Reader #8 for port 15001
2025-05-13 07:42:49,250 [Socket Reader #9 for port 15001] INFO  ipc.Server (Server.java:run(1474)) - Starting Socket Reader #9 for port 15001
2025-05-13 07:42:49,251 [Socket Reader #10 for port 15001] INFO  ipc.Server (Server.java:run(1474)) - Starting Socket Reader #10 for port 15001
2025-05-13 07:42:49,271 [main] INFO  audit.AuditLogger (AuditLogger.java:refreshDebugCmdSet(133)) - Refresh DebugCmdSet for SCMAudit to [].
2025-05-13 07:42:49,274 [main] INFO  ipc.CallQueueManager (CallQueueManager.java:<init>(93)) - Using callQueue: class java.util.concurrent.LinkedBlockingQueue, queueCapacity: 10000, scheduler: class org.apache.hadoop.ipc.DefaultRpcScheduler, ipcBackoff: false, ipcFailOver: false.
2025-05-13 07:42:49,275 [main] INFO  ipc.Server (Server.java:<init>(1438)) - Listener at 0.0.0.0:15002
2025-05-13 07:42:49,276 [Socket Reader #1 for port 15002] INFO  ipc.Server (Server.java:run(1474)) - Starting Socket Reader #1 for port 15002
2025-05-13 07:42:49,276 [Socket Reader #2 for port 15002] INFO  ipc.Server (Server.java:run(1474)) - Starting Socket Reader #2 for port 15002
2025-05-13 07:42:49,276 [Socket Reader #3 for port 15002] INFO  ipc.Server (Server.java:run(1474)) - Starting Socket Reader #3 for port 15002
2025-05-13 07:42:49,277 [Socket Reader #4 for port 15002] INFO  ipc.Server (Server.java:run(1474)) - Starting Socket Reader #4 for port 15002
2025-05-13 07:42:49,277 [Socket Reader #5 for port 15002] INFO  ipc.Server (Server.java:run(1474)) - Starting Socket Reader #5 for port 15002
2025-05-13 07:42:49,278 [Socket Reader #6 for port 15002] INFO  ipc.Server (Server.java:run(1474)) - Starting Socket Reader #6 for port 15002
2025-05-13 07:42:49,279 [Socket Reader #7 for port 15002] INFO  ipc.Server (Server.java:run(1474)) - Starting Socket Reader #7 for port 15002
2025-05-13 07:42:49,279 [Socket Reader #8 for port 15002] INFO  ipc.Server (Server.java:run(1474)) - Starting Socket Reader #8 for port 15002
2025-05-13 07:42:49,279 [Socket Reader #9 for port 15002] INFO  ipc.Server (Server.java:run(1474)) - Starting Socket Reader #9 for port 15002
2025-05-13 07:42:49,280 [Socket Reader #10 for port 15002] INFO  ipc.Server (Server.java:run(1474)) - Starting Socket Reader #10 for port 15002
2025-05-13 07:42:49,309 [main] INFO  audit.AuditLogger (AuditLogger.java:refreshDebugCmdSet(133)) - Refresh DebugCmdSet for SCMAudit to [].
2025-05-13 07:42:49,318 [main] INFO  ipc.CallQueueManager (CallQueueManager.java:<init>(93)) - Using callQueue: class java.util.concurrent.LinkedBlockingQueue, queueCapacity: 10000, scheduler: class org.apache.hadoop.ipc.DefaultRpcScheduler, ipcBackoff: false, ipcFailOver: false.
2025-05-13 07:42:49,319 [main] INFO  ipc.Server (Server.java:<init>(1438)) - Listener at 0.0.0.0:15000
2025-05-13 07:42:49,319 [Socket Reader #1 for port 15000] INFO  ipc.Server (Server.java:run(1474)) - Starting Socket Reader #1 for port 15000
2025-05-13 07:42:49,319 [Socket Reader #2 for port 15000] INFO  ipc.Server (Server.java:run(1474)) - Starting Socket Reader #2 for port 15000
2025-05-13 07:42:49,320 [Socket Reader #3 for port 15000] INFO  ipc.Server (Server.java:run(1474)) - Starting Socket Reader #3 for port 15000
2025-05-13 07:42:49,320 [Socket Reader #4 for port 15000] INFO  ipc.Server (Server.java:run(1474)) - Starting Socket Reader #4 for port 15000
2025-05-13 07:42:49,321 [Socket Reader #5 for port 15000] INFO  ipc.Server (Server.java:run(1474)) - Starting Socket Reader #5 for port 15000
2025-05-13 07:42:49,321 [Socket Reader #6 for port 15000] INFO  ipc.Server (Server.java:run(1474)) - Starting Socket Reader #6 for port 15000
2025-05-13 07:42:49,321 [Socket Reader #7 for port 15000] INFO  ipc.Server (Server.java:run(1474)) - Starting Socket Reader #7 for port 15000
2025-05-13 07:42:49,322 [Socket Reader #8 for port 15000] INFO  ipc.Server (Server.java:run(1474)) - Starting Socket Reader #8 for port 15000
2025-05-13 07:42:49,322 [Socket Reader #9 for port 15000] INFO  ipc.Server (Server.java:run(1474)) - Starting Socket Reader #9 for port 15000
2025-05-13 07:42:49,322 [Socket Reader #10 for port 15000] INFO  ipc.Server (Server.java:run(1474)) - Starting Socket Reader #10 for port 15000
2025-05-13 07:42:49,372 [main] INFO  ha.SCMServiceManager (SCMServiceManager.java:register(42)) - Registering service ContainerBalancer.
2025-05-13 07:42:49,372 [main] INFO  ha.SCMContext (SCMContext.java:updateSafeModeStatus(224)) - Update SafeModeStatus from SafeModeStatus{safeModeStatus=true, preCheckPassed=false} to SafeModeStatus{safeModeStatus=true, preCheckPassed=false}.
2025-05-13 07:42:49,380 [main] INFO  server.StorageContainerManager (StorageContainerManager.java:start(1507)) - StorageContainerLocationProtocol RPC server is listening at /0.0.0.0:15000
2025-05-13 07:42:49,381 [main] INFO  ha.SCMRatisServerImpl (SCMRatisServerImpl.java:start(203)) - starting ratis server 0.0.0.0:15004
2025-05-13 07:42:49,381 [33016780-7470-431a-bddf-7f866c4402ef-impl-thread1] INFO  server.RaftServerConfigKeys (ConfUtils.java:logGet(46)) - raft.server.storage.free-space.min = 0MB (=0) (default)
2025-05-13 07:42:49,381 [33016780-7470-431a-bddf-7f866c4402ef-impl-thread1] INFO  server.RaftServerConfigKeys (ConfUtils.java:logGet(46)) - raft.server.log.corruption.policy = EXCEPTION (default)
2025-05-13 07:42:49,381 [33016780-7470-431a-bddf-7f866c4402ef-impl-thread1] INFO  server.RaftServerConfigKeys (ConfUtils.java:logGet(46)) - raft.server.storage.dir = [/tmp/junit-14113411677891839485/scm-meta/scm-ha] (custom)
2025-05-13 07:42:49,383 [33016780-7470-431a-bddf-7f866c4402ef-impl-thread1] INFO  storage.RaftStorageDirectory (RaftStorageDirectoryImpl.java:tryLock(229)) - Lock on /tmp/junit-14113411677891839485/scm-meta/scm-ha/cf315d6c-80b2-471a-af85-7adf274817ce/in_use.lock acquired by nodename 25269@pkrvmberfyhpb9w
2025-05-13 07:42:49,384 [33016780-7470-431a-bddf-7f866c4402ef-impl-thread1] INFO  storage.RaftStorage (RaftStorageImpl.java:analyzeAndRecoverStorage(118)) - Read RaftStorageMetadata{term=1, votedFor=33016780-7470-431a-bddf-7f866c4402ef} from /tmp/junit-14113411677891839485/scm-meta/scm-ha/cf315d6c-80b2-471a-af85-7adf274817ce/current/raft-meta
2025-05-13 07:42:49,386 [33016780-7470-431a-bddf-7f866c4402ef-impl-thread1] INFO  server.RaftServer$Division (ServerState.java:setRaftConf(386)) - 33016780-7470-431a-bddf-7f866c4402ef@group-7ADF274817CE: set configuration conf: {index: 0, cur=peers:[33016780-7470-431a-bddf-7f866c4402ef|pkrvmberfyhpb9w:15004]|listeners:[], old=null}
2025-05-13 07:42:49,386 [33016780-7470-431a-bddf-7f866c4402ef-impl-thread1] INFO  ha.SCMStateMachine (SCMStateMachine.java:lambda$initialize$0(135)) - 33016780-7470-431a-bddf-7f866c4402ef: initialize group-7ADF274817CE
2025-05-13 07:42:49,387 [33016780-7470-431a-bddf-7f866c4402ef-impl-thread1] INFO  server.RaftServerConfigKeys (ConfUtils.java:logGet(46)) - raft.server.log.use.memory = false (default)
2025-05-13 07:42:49,387 [33016780-7470-431a-bddf-7f866c4402ef-impl-thread1] INFO  server.RaftServerConfigKeys (ConfUtils.java:logGet(46)) - raft.server.log.purge.gap = 1000000 (custom)
2025-05-13 07:42:49,387 [33016780-7470-431a-bddf-7f866c4402ef-impl-thread1] INFO  server.RaftServerConfigKeys (ConfUtils.java:logGet(46)) - raft.server.log.appender.buffer.byte-limit = 4194304 (custom)
2025-05-13 07:42:49,387 [33016780-7470-431a-bddf-7f866c4402ef-impl-thread1] INFO  server.RaftServerConfigKeys (ConfUtils.java:logGet(46)) - raft.server.log.statemachine.data.read.timeout = 1000ms (default)
2025-05-13 07:42:49,387 [33016780-7470-431a-bddf-7f866c4402ef-impl-thread1] INFO  server.RaftServerConfigKeys (ConfUtils.java:logGet(46)) - raft.server.log.purge.preservation.log.num = 0 (default)
2025-05-13 07:42:49,389 [33016780-7470-431a-bddf-7f866c4402ef-impl-thread1] INFO  server.RaftServerConfigKeys (ConfUtils.java:logGet(46)) - raft.server.log.segment.size.max = 4194304 (custom)
2025-05-13 07:42:49,390 [33016780-7470-431a-bddf-7f866c4402ef-impl-thread1] INFO  server.RaftServerConfigKeys (ConfUtils.java:logGet(46)) - raft.server.log.segment.cache.num.max = 2 (custom)
2025-05-13 07:42:49,390 [33016780-7470-431a-bddf-7f866c4402ef-impl-thread1] INFO  server.RaftServerConfigKeys (ConfUtils.java:logGet(46)) - raft.server.log.segment.cache.size.max = 200MB (=209715200) (default)
2025-05-13 07:42:49,390 [33016780-7470-431a-bddf-7f866c4402ef-impl-thread1] INFO  server.RaftServerConfigKeys (ConfUtils.java:logGet(46)) - raft.server.log.appender.buffer.byte-limit = 4194304 (custom)
2025-05-13 07:42:49,390 [33016780-7470-431a-bddf-7f866c4402ef-impl-thread1] INFO  util.AwaitToRun (AwaitToRun.java:start(81)) - Thread[#120,33016780-7470-431a-bddf-7f866c4402ef@group-7ADF274817CE-cacheEviction-AwaitToRun,5,main] started
2025-05-13 07:42:49,390 [33016780-7470-431a-bddf-7f866c4402ef-impl-thread1] INFO  segmented.SegmentedRaftLogWorker (SegmentedRaftLogWorker.java:<init>(188)) - new 33016780-7470-431a-bddf-7f866c4402ef@group-7ADF274817CE-SegmentedRaftLogWorker for RaftStorageImpl:Storage Directory /tmp/junit-14113411677891839485/scm-meta/scm-ha/cf315d6c-80b2-471a-af85-7adf274817ce
2025-05-13 07:42:49,390 [33016780-7470-431a-bddf-7f866c4402ef-impl-thread1] INFO  server.RaftServerConfigKeys (ConfUtils.java:logGet(46)) - raft.server.log.queue.byte-limit = 64MB (=67108864) (default)
2025-05-13 07:42:49,390 [33016780-7470-431a-bddf-7f866c4402ef-impl-thread1] INFO  server.RaftServerConfigKeys (ConfUtils.java:logGet(46)) - raft.server.log.queue.element-limit = 4096 (default)
2025-05-13 07:42:49,391 [33016780-7470-431a-bddf-7f866c4402ef-impl-thread1] INFO  server.RaftServerConfigKeys (ConfUtils.java:logGet(46)) - raft.server.log.segment.size.max = 4194304 (custom)
2025-05-13 07:42:49,391 [33016780-7470-431a-bddf-7f866c4402ef-impl-thread1] INFO  server.RaftServerConfigKeys (ConfUtils.java:logGet(46)) - raft.server.log.preallocated.size = 4194304 (custom)
2025-05-13 07:42:49,391 [33016780-7470-431a-bddf-7f866c4402ef-impl-thread1] INFO  server.RaftServerConfigKeys (ConfUtils.java:logGet(46)) - raft.server.log.force.sync.num = 128 (default)
2025-05-13 07:42:49,391 [33016780-7470-431a-bddf-7f866c4402ef-impl-thread1] INFO  server.RaftServerConfigKeys (ConfUtils.java:logGet(46)) - raft.server.log.statemachine.data.sync = true (default)
2025-05-13 07:42:49,391 [33016780-7470-431a-bddf-7f866c4402ef-impl-thread1] INFO  server.RaftServerConfigKeys (ConfUtils.java:logGet(46)) - raft.server.log.statemachine.data.sync.timeout = 10s (default)
2025-05-13 07:42:49,391 [33016780-7470-431a-bddf-7f866c4402ef-impl-thread1] INFO  server.RaftServerConfigKeys (ConfUtils.java:logGet(46)) - raft.server.log.statemachine.data.sync.timeout.retry = -1 (default)
2025-05-13 07:42:49,392 [33016780-7470-431a-bddf-7f866c4402ef-impl-thread1] INFO  server.RaftServerConfigKeys (ConfUtils.java:logGet(46)) - raft.server.log.write.buffer.size = 4194312 (custom)
2025-05-13 07:42:49,393 [33016780-7470-431a-bddf-7f866c4402ef-impl-thread1] INFO  server.RaftServerConfigKeys (ConfUtils.java:logGet(46)) - raft.server.log.appender.buffer.byte-limit = 4194304 (custom)
2025-05-13 07:42:49,394 [33016780-7470-431a-bddf-7f866c4402ef-impl-thread1] INFO  server.RaftServerConfigKeys (ConfUtils.java:logGet(46)) - raft.server.log.unsafe-flush.enabled = false (default)
2025-05-13 07:42:49,394 [33016780-7470-431a-bddf-7f866c4402ef-impl-thread1] INFO  server.RaftServerConfigKeys (ConfUtils.java:logGet(46)) - raft.server.log.async-flush.enabled = false (default)
2025-05-13 07:42:49,394 [33016780-7470-431a-bddf-7f866c4402ef-impl-thread1] INFO  server.RaftServerConfigKeys (ConfUtils.java:logGet(46)) - raft.server.log.statemachine.data.caching.enabled = false (default)
2025-05-13 07:42:49,398 [33016780-7470-431a-bddf-7f866c4402ef-impl-thread1] INFO  server.RaftServer$Division (ServerState.java:setRaftConf(386)) - 33016780-7470-431a-bddf-7f866c4402ef@group-7ADF274817CE: set configuration conf: {index: 0, cur=peers:[33016780-7470-431a-bddf-7f866c4402ef|pkrvmberfyhpb9w:15004]|listeners:[], old=null}
2025-05-13 07:42:49,398 [33016780-7470-431a-bddf-7f866c4402ef-impl-thread1] INFO  segmented.LogSegment (LogSegment.java:loadSegment(171)) - Successfully read 1 entries from segment file /tmp/junit-14113411677891839485/scm-meta/scm-ha/cf315d6c-80b2-471a-af85-7adf274817ce/current/log_inprogress_0
2025-05-13 07:42:49,398 [33016780-7470-431a-bddf-7f866c4402ef-impl-thread1] INFO  segmented.SegmentedRaftLogWorker (SegmentedRaftLogWorker.java:lambda$new$0(139)) - 33016780-7470-431a-bddf-7f866c4402ef@group-7ADF274817CE-SegmentedRaftLogWorker: safeCacheEvictIndex: setUnconditionally 0 -> -1
2025-05-13 07:42:49,399 [33016780-7470-431a-bddf-7f866c4402ef-impl-thread1] INFO  segmented.BufferedWriteChannel (BufferedWriteChannel.java:open(61)) - open log_inprogress_0 (append) at position 82
2025-05-13 07:42:49,399 [33016780-7470-431a-bddf-7f866c4402ef-impl-thread1] INFO  server.RaftServer$Division (RaftServerImpl.java:start(391)) - 33016780-7470-431a-bddf-7f866c4402ef@group-7ADF274817CE: start as a follower, conf=conf: {index: 0, cur=peers:[33016780-7470-431a-bddf-7f866c4402ef|pkrvmberfyhpb9w:15004]|listeners:[], old=null}
2025-05-13 07:42:49,399 [33016780-7470-431a-bddf-7f866c4402ef-impl-thread1] INFO  server.RaftServer$Division (RaftServerImpl.java:setRole(378)) - 33016780-7470-431a-bddf-7f866c4402ef@group-7ADF274817CE: changes role from      null to FOLLOWER at term 1 for startAsFollower
2025-05-13 07:42:49,399 [33016780-7470-431a-bddf-7f866c4402ef-impl-thread1] INFO  impl.RoleInfo (RoleInfo.java:updateAndGet(148)) - 33016780-7470-431a-bddf-7f866c4402ef: start 33016780-7470-431a-bddf-7f866c4402ef@group-7ADF274817CE-FollowerState
2025-05-13 07:42:49,400 [33016780-7470-431a-bddf-7f866c4402ef@group-7ADF274817CE-FollowerState] INFO  server.RaftServerConfigKeys (ConfUtils.java:logFallback(53)) - raft.server.rpc.first-election.timeout.min = 5000ms (fallback to raft.server.rpc.timeout.min)
2025-05-13 07:42:49,400 [33016780-7470-431a-bddf-7f866c4402ef@group-7ADF274817CE-FollowerState] INFO  server.RaftServerConfigKeys (ConfUtils.java:logFallback(53)) - raft.server.rpc.first-election.timeout.max = 5200ms (fallback to raft.server.rpc.timeout.max)
2025-05-13 07:42:49,400 [33016780-7470-431a-bddf-7f866c4402ef-impl-thread1] INFO  util.JmxRegister (JmxRegister.java:tryRegister(44)) - Successfully registered JMX Bean with object name Ratis:service=RaftServer,group=group-7ADF274817CE,id=33016780-7470-431a-bddf-7f866c4402ef
2025-05-13 07:42:49,400 [33016780-7470-431a-bddf-7f866c4402ef-impl-thread1] INFO  util.JmxRegister (JmxRegister.java:register(58)) - register mxBean class org.apache.ratis.server.impl.RaftServerJmxAdapter as Ratis:service=RaftServer,group=group-7ADF274817CE,id=33016780-7470-431a-bddf-7f866c4402ef
2025-05-13 07:42:49,400 [33016780-7470-431a-bddf-7f866c4402ef-impl-thread1] INFO  server.RaftServerConfigKeys (ConfUtils.java:logGet(46)) - raft.server.snapshot.trigger-when-stop.enabled = true (default)
2025-05-13 07:42:49,401 [33016780-7470-431a-bddf-7f866c4402ef-impl-thread1] INFO  server.RaftServerConfigKeys (ConfUtils.java:logGet(46)) - raft.server.snapshot.trigger-when-remove.enabled = true (default)
2025-05-13 07:42:49,401 [33016780-7470-431a-bddf-7f866c4402ef-impl-thread1] INFO  server.RaftServerConfigKeys (ConfUtils.java:logGet(46)) - raft.server.snapshot.auto.trigger.enabled = true (custom)
2025-05-13 07:42:49,401 [33016780-7470-431a-bddf-7f866c4402ef-impl-thread1] INFO  server.RaftServerConfigKeys (ConfUtils.java:logGet(46)) - raft.server.snapshot.auto.trigger.threshold = 1000 (custom)
2025-05-13 07:42:49,401 [33016780-7470-431a-bddf-7f866c4402ef-impl-thread1] INFO  server.RaftServerConfigKeys (ConfUtils.java:logGet(46)) - raft.server.snapshot.retention.file.num = -1 (default)
2025-05-13 07:42:49,401 [33016780-7470-431a-bddf-7f866c4402ef-impl-thread1] INFO  server.RaftServerConfigKeys (ConfUtils.java:logGet(46)) - raft.server.log.purge.upto.snapshot.index = false (default)
2025-05-13 07:42:49,402 [33016780-7470-431a-bddf-7f866c4402ef-impl-thread1] INFO  server.RaftServer$Division (RaftServerImpl.java:start(405)) - 33016780-7470-431a-bddf-7f866c4402ef@group-7ADF274817CE: Successfully started.
2025-05-13 07:42:49,402 [main] INFO  server.RaftServer (RaftServerProxy.java:startImpl(407)) - 33016780-7470-431a-bddf-7f866c4402ef: start RPC server
2025-05-13 07:42:49,403 [main] INFO  server.GrpcService (GrpcService.java:startImpl(334)) - 33016780-7470-431a-bddf-7f866c4402ef: GrpcService started, listening on 15004
2025-05-13 07:42:49,403 [JvmPauseMonitor1] INFO  util.JvmPauseMonitor (JvmPauseMonitor.java:run(146)) - JvmPauseMonitor-33016780-7470-431a-bddf-7f866c4402ef: Started
2025-05-13 07:42:49,409 [main] INFO  ha.SCMHAManagerImpl (SCMHAManagerImpl.java:start(131)) -  scm role is FOLLOWER peers [33016780-7470-431a-bddf-7f866c4402ef|pkrvmberfyhpb9w:15004]
2025-05-13 07:42:49,409 [main] INFO  ha.InterSCMGrpcService (InterSCMGrpcProtocolService.java:start(98)) - Starting SCM Grpc Service at port 15005
2025-05-13 07:42:49,410 [main] INFO  SCMHATransactionMonitor (BackgroundSCMService.java:start(64)) - Starting SCMHATransactionMonitor Service.
2025-05-13 07:42:49,410 [main] INFO  ha.SCMServiceManager (SCMServiceManager.java:register(42)) - Registering service SCMHATransactionMonitor.
2025-05-13 07:42:49,410 [main] INFO  SCMHATransactionMonitor (BackgroundSCMService.java:start(61)) - SCMHATransactionMonitor Service is already running, skip start.
2025-05-13 07:42:49,452 [main] WARN  impl.MetricsConfig (MetricsConfig.java:loadFirst(138)) - Cannot locate configuration: tried hadoop-metrics2-storagecontainermanager.properties,hadoop-metrics2.properties
2025-05-13 07:42:49,459 [main] INFO  impl.MetricsSystemImpl (MetricsSystemImpl.java:startTimer(378)) - Scheduled Metric snapshot period at 10 second(s).
2025-05-13 07:42:49,459 [main] INFO  impl.MetricsSystemImpl (MetricsSystemImpl.java:start(191)) - StorageContainerManager metrics system started
2025-05-13 07:42:49,513 [main] INFO  server.SCMClientProtocolServer (SCMClientProtocolServer.java:start(207)) - RPC server for Client  is listening at /0.0.0.0:15000
2025-05-13 07:42:49,514 [IPC Server Responder] INFO  ipc.Server (Server.java:run(1713)) - IPC Server Responder: starting
2025-05-13 07:42:49,515 [IPC Server listener on 15000] INFO  ipc.Server (Server.java:run(1553)) - IPC Server listener on 15000: starting
2025-05-13 07:42:49,530 [main] INFO  server.StorageContainerManager (StorageContainerManager.java:start(1520)) - ScmBlockLocationProtocol RPC server is listening at /0.0.0.0:15002
2025-05-13 07:42:49,531 [main] INFO  server.SCMBlockProtocolServer (SCMBlockProtocolServer.java:start(166)) - RPC server for Block Protocol is listening at /0.0.0.0:15002
2025-05-13 07:42:49,531 [IPC Server Responder] INFO  ipc.Server (Server.java:run(1713)) - IPC Server Responder: starting
2025-05-13 07:42:49,532 [IPC Server listener on 15002] INFO  ipc.Server (Server.java:run(1553)) - IPC Server listener on 15002: starting
2025-05-13 07:42:49,544 [main] INFO  server.SCMSecurityProtocolServer (SCMSecurityProtocolServer.java:start(503)) - Starting RPC server for SCMSecurityProtocolServer. is listening at /0.0.0.0:15003
2025-05-13 07:42:49,545 [IPC Server Responder] INFO  ipc.Server (Server.java:run(1713)) - IPC Server Responder: starting
2025-05-13 07:42:49,545 [IPC Server listener on 15003] INFO  ipc.Server (Server.java:run(1553)) - IPC Server listener on 15003: starting
2025-05-13 07:42:49,554 [main] INFO  http.BaseHttpServer (BaseHttpServer.java:newHttpServer2BuilderForOzone(229)) - Starting Web-server for scm at: http://0.0.0.0:9876
2025-05-13 07:42:49,554 [main] INFO  http.BaseHttpServer (BaseHttpServer.java:<init>(107)) - Hadoop Security Enabled: true Ozone Security Enabled: true Ozone HTTP Security Enabled: false 
2025-05-13 07:42:49,570 [main] INFO  util.log (Log.java:initialized(170)) - Logging initialized @11540ms to org.eclipse.jetty.util.log.Slf4jLog
2025-05-13 07:42:49,659 [main] WARN  server.AuthenticationFilter (AuthenticationFilter.java:constructSecretProvider(240)) - Unable to initialize FileSignerSecretProvider, falling back to use random secrets. Reason: Could not read signature secret file: /home/runner/hadoop-http-auth-signature-secret
2025-05-13 07:42:49,685 [main] INFO  http.HttpServer2 (HttpServer2.java:addGlobalFilter(1042)) - Added global filter 'safety' (class=org.apache.hadoop.hdds.server.http.HttpServer2$QuotingInputFilter)
2025-05-13 07:42:49,687 [main] INFO  http.HttpServer2 (HttpServer2.java:addFilter(1018)) - Added filter static_user_filter (class=org.apache.hadoop.http.lib.StaticUserWebFilter$StaticUserFilter) to context scm
2025-05-13 07:42:49,687 [main] INFO  http.HttpServer2 (HttpServer2.java:addFilter(1026)) - Added filter static_user_filter (class=org.apache.hadoop.http.lib.StaticUserWebFilter$StaticUserFilter) to context static
2025-05-13 07:42:49,687 [main] INFO  http.HttpServer2 (HttpServer2.java:addFilter(1026)) - Added filter static_user_filter (class=org.apache.hadoop.http.lib.StaticUserWebFilter$StaticUserFilter) to context logs
2025-05-13 07:42:49,708 [main] INFO  http.BaseHttpServer (BaseHttpServer.java:<init>(195)) - HTTP server of scm uses base directory /tmp/junit-14113411677891839485/scm-meta/webserver
2025-05-13 07:42:49,709 [main] INFO  http.HttpServer2 (HttpServer2.java:bindListener(1242)) - Jetty bound to port 9876
2025-05-13 07:42:49,710 [main] INFO  server.Server (Server.java:doStart(375)) - jetty-9.4.57.v20241219; built: 2025-01-08T21:24:30.412Z; git: df524e6b29271c2e09ba9aea83c18dc9db464a31; jvm 21.0.7+6-LTS
2025-05-13 07:42:49,727 [main] INFO  server.session (DefaultSessionIdManager.java:doStart(334)) - DefaultSessionIdManager workerName=node0
2025-05-13 07:42:49,727 [main] INFO  server.session (DefaultSessionIdManager.java:doStart(339)) - No SessionScavenger set, using defaults
2025-05-13 07:42:49,728 [main] INFO  server.session (HouseKeeper.java:startScavenging(132)) - node0 Scavenging every 660000ms
2025-05-13 07:42:49,735 [main] INFO  handler.ContextHandler (ContextHandler.java:doStart(921)) - Started o.e.j.s.ServletContextHandler@21288943{logs,/logs,file:///home/runner/work/ozone/ozone/hadoop-ozone/integration-test/target/log,AVAILABLE}
2025-05-13 07:42:49,735 [main] INFO  handler.ContextHandler (ContextHandler.java:doStart(921)) - Started o.e.j.s.ServletContextHandler@5522f9b{static,/static,file:///home/runner/work/ozone/ozone/hadoop-ozone/integration-test/target/test-classes/webapps/static,AVAILABLE}
2025-05-13 07:42:49,766 [main] INFO  handler.ContextHandler (ContextHandler.java:doStart(921)) - Started o.e.j.w.WebAppContext@684001e6{scm,/,file:///home/runner/work/ozone/ozone/hadoop-ozone/integration-test/target/test-classes/webapps/scm/,AVAILABLE}{file:/home/runner/work/ozone/ozone/hadoop-ozone/integration-test/target/test-classes/webapps/scm}
2025-05-13 07:42:49,770 [main] INFO  server.AbstractConnector (AbstractConnector.java:doStart(333)) - Started ServerConnector@1cad8bce{HTTP/1.1, (http/1.1)}{0.0.0.0:9876}
2025-05-13 07:42:49,770 [main] INFO  server.Server (Server.java:doStart(415)) - Started @11740ms
2025-05-13 07:42:49,772 [main] INFO  impl.MetricsSinkAdapter (MetricsSinkAdapter.java:start(204)) - Sink prometheus started
2025-05-13 07:42:49,772 [main] INFO  impl.MetricsSystemImpl (MetricsSystemImpl.java:registerSink(305)) - Registered sink prometheus
2025-05-13 07:42:49,773 [main] INFO  http.BaseHttpServer (BaseHttpServer.java:updateConnectorAddress(359)) - HTTP server of scm listening at http://0.0.0.0:9876
2025-05-13 07:42:49,781 [pool-2-thread-1] INFO  request.KdcRequest (KdcRequest.java:preauth(683)) - The preauth data is empty.
2025-05-13 07:42:49,781 [pool-2-thread-1] INFO  server.KdcHandler (KdcHandler.java:handleRecoverableException(177)) - KRB error occurred while processing request: Additional pre-authentication required
2025-05-13 07:42:49,787 [pool-2-thread-1] INFO  request.AsRequest (AsRequest.java:issueTicket(112)) - AS_REQ ISSUE: authtime 1747122169786,test@EXAMPLE.COM for krbtgt/EXAMPLE.COM@EXAMPLE.COM
2025-05-13 07:42:49,790 [main] INFO  proxy.SCMSecurityProtocolFailoverProxyProvider (SCMFailoverProxyProviderBase.java:<init>(120)) - Created fail-over proxy for protocol SCMSecurityProtocolPB with 1 nodes: [nodeId=scmNodeId,nodeAddress=/0.0.0.0:15003]
2025-05-13 07:42:49,882 [pool-2-thread-1] INFO  request.TgsRequest (TgsRequest.java:issueTicket(117)) - TGS_REQ ISSUE: authtime 1747122169881,om/pkrvmberfyhpb9w.internal.cloudapp.net@EXAMPLE.COM for om/pkrvmberfyhpb9w.internal.cloudapp.net@EXAMPLE.COM
2025-05-13 07:42:49,883 [pool-2-thread-2] INFO  request.TgsRequest (TgsRequest.java:issueTicket(117)) - TGS_REQ ISSUE: authtime 1747122169882,test@EXAMPLE.COM for om/pkrvmberfyhpb9w.internal.cloudapp.net@EXAMPLE.COM
2025-05-13 07:42:49,905 [Socket Reader #1 for port 15003] INFO  ipc.Server (Server.java:saslProcess(2290)) - Auth successful for om/pkrvmberfyhpb9w.internal.cloudapp.net@EXAMPLE.COM (auth:KERBEROS) from 127.0.0.1:34122
2025-05-13 07:42:49,906 [Socket Reader #1 for port 15003] INFO  ipc.Server (Server.java:saslProcess(2290)) - Auth successful for test@EXAMPLE.COM (auth:KERBEROS) from 127.0.0.1:34120
2025-05-13 07:42:49,929 [IPC Server handler 1 on default port 15003] INFO  ipc.Server (Server.java:logException(3260)) - IPC Server handler 1 on default port 15003, call Call#0 Retry#0 org.apache.hadoop.hdds.protocol.SCMSecurityProtocol.submitRequest from 127.0.0.1:34122
org.apache.hadoop.hdds.ratis.ServerNotLeaderException: SCM Server:33016780-7470-431a-bddf-7f866c4402ef(pkrvmberfyhpb9w.internal.cloudapp.net) is not the leader. Could not determine the leader node.
	at org.apache.hadoop.hdds.ratis.ServerNotLeaderException.convertToNotLeaderException(ServerNotLeaderException.java:106)
	at org.apache.hadoop.hdds.scm.ha.RatisUtil.checkRatisException(RatisUtil.java:248)
	at org.apache.hadoop.hdds.scm.protocol.SCMSecurityProtocolServerSideTranslatorPB.submitRequest(SCMSecurityProtocolServerSideTranslatorPB.java:83)
	at org.apache.hadoop.hdds.protocol.proto.SCMSecurityProtocolProtos$SCMSecurityProtocolService$2.callBlockingMethod(SCMSecurityProtocolProtos.java:18942)
	at org.apache.hadoop.ipc.ProtobufRpcEngine$Server.processCall(ProtobufRpcEngine.java:484)
	at org.apache.hadoop.ipc.ProtobufRpcEngine2$Server$ProtoBufRpcInvoker.call(ProtobufRpcEngine2.java:595)
	at org.apache.hadoop.ipc.ProtobufRpcEngine2$Server$ProtoBufRpcInvoker.call(ProtobufRpcEngine2.java:573)
	at org.apache.hadoop.ipc.RPC$Server.call(RPC.java:1227)
	at org.apache.hadoop.ipc.Server$RpcCall.run(Server.java:1246)
	at org.apache.hadoop.ipc.Server$RpcCall.run(Server.java:1169)
	at java.base/java.security.AccessController.doPrivileged(AccessController.java:714)
	at java.base/javax.security.auth.Subject.doAs(Subject.java:525)
	at org.apache.hadoop.security.UserGroupInformation.doAs(UserGroupInformation.java:1953)
	at org.apache.hadoop.ipc.Server$Handler.run(Server.java:3198)
2025-05-13 07:42:49,929 [IPC Server handler 0 on default port 15003] INFO  ipc.Server (Server.java:logException(3260)) - IPC Server handler 0 on default port 15003, call Call#1 Retry#0 org.apache.hadoop.hdds.protocol.SCMSecurityProtocol.submitRequest from 127.0.0.1:34120
org.apache.hadoop.hdds.ratis.ServerNotLeaderException: SCM Server:33016780-7470-431a-bddf-7f866c4402ef(pkrvmberfyhpb9w.internal.cloudapp.net) is not the leader. Could not determine the leader node.
	at org.apache.hadoop.hdds.ratis.ServerNotLeaderException.convertToNotLeaderException(ServerNotLeaderException.java:106)
	at org.apache.hadoop.hdds.scm.ha.RatisUtil.checkRatisException(RatisUtil.java:248)
	at org.apache.hadoop.hdds.scm.protocol.SCMSecurityProtocolServerSideTranslatorPB.submitRequest(SCMSecurityProtocolServerSideTranslatorPB.java:83)
	at org.apache.hadoop.hdds.protocol.proto.SCMSecurityProtocolProtos$SCMSecurityProtocolService$2.callBlockingMethod(SCMSecurityProtocolProtos.java:18942)
	at org.apache.hadoop.ipc.ProtobufRpcEngine$Server.processCall(ProtobufRpcEngine.java:484)
	at org.apache.hadoop.ipc.ProtobufRpcEngine2$Server$ProtoBufRpcInvoker.call(ProtobufRpcEngine2.java:595)
	at org.apache.hadoop.ipc.ProtobufRpcEngine2$Server$ProtoBufRpcInvoker.call(ProtobufRpcEngine2.java:573)
	at org.apache.hadoop.ipc.RPC$Server.call(RPC.java:1227)
	at org.apache.hadoop.ipc.Server$RpcCall.run(Server.java:1246)
	at org.apache.hadoop.ipc.Server$RpcCall.run(Server.java:1169)
	at java.base/java.security.AccessController.doPrivileged(AccessController.java:714)
	at java.base/javax.security.auth.Subject.doAs(Subject.java:525)
	at org.apache.hadoop.security.UserGroupInformation.doAs(UserGroupInformation.java:1953)
	at org.apache.hadoop.ipc.Server$Handler.run(Server.java:3198)
2025-05-13 07:42:51,935 [IPC Server handler 1 on default port 15003] INFO  ipc.Server (Server.java:logException(3260)) - IPC Server handler 1 on default port 15003, call Call#0 Retry#1 org.apache.hadoop.hdds.protocol.SCMSecurityProtocol.submitRequest from 127.0.0.1:34122
org.apache.hadoop.hdds.ratis.ServerNotLeaderException: SCM Server:33016780-7470-431a-bddf-7f866c4402ef(pkrvmberfyhpb9w.internal.cloudapp.net) is not the leader. Could not determine the leader node.
	at org.apache.hadoop.hdds.ratis.ServerNotLeaderException.convertToNotLeaderException(ServerNotLeaderException.java:106)
	at org.apache.hadoop.hdds.scm.ha.RatisUtil.checkRatisException(RatisUtil.java:248)
	at org.apache.hadoop.hdds.scm.protocol.SCMSecurityProtocolServerSideTranslatorPB.submitRequest(SCMSecurityProtocolServerSideTranslatorPB.java:83)
	at org.apache.hadoop.hdds.protocol.proto.SCMSecurityProtocolProtos$SCMSecurityProtocolService$2.callBlockingMethod(SCMSecurityProtocolProtos.java:18942)
	at org.apache.hadoop.ipc.ProtobufRpcEngine$Server.processCall(ProtobufRpcEngine.java:484)
	at org.apache.hadoop.ipc.ProtobufRpcEngine2$Server$ProtoBufRpcInvoker.call(ProtobufRpcEngine2.java:595)
	at org.apache.hadoop.ipc.ProtobufRpcEngine2$Server$ProtoBufRpcInvoker.call(ProtobufRpcEngine2.java:573)
	at org.apache.hadoop.ipc.RPC$Server.call(RPC.java:1227)
	at org.apache.hadoop.ipc.Server$RpcCall.run(Server.java:1246)
	at org.apache.hadoop.ipc.Server$RpcCall.run(Server.java:1169)
	at java.base/java.security.AccessController.doPrivileged(AccessController.java:714)
	at java.base/javax.security.auth.Subject.doAs(Subject.java:525)
	at org.apache.hadoop.security.UserGroupInformation.doAs(UserGroupInformation.java:1953)
	at org.apache.hadoop.ipc.Server$Handler.run(Server.java:3198)
2025-05-13 07:42:51,935 [IPC Server handler 0 on default port 15003] INFO  ipc.Server (Server.java:logException(3260)) - IPC Server handler 0 on default port 15003, call Call#1 Retry#1 org.apache.hadoop.hdds.protocol.SCMSecurityProtocol.submitRequest from 127.0.0.1:34120
org.apache.hadoop.hdds.ratis.ServerNotLeaderException: SCM Server:33016780-7470-431a-bddf-7f866c4402ef(pkrvmberfyhpb9w.internal.cloudapp.net) is not the leader. Could not determine the leader node.
	at org.apache.hadoop.hdds.ratis.ServerNotLeaderException.convertToNotLeaderException(ServerNotLeaderException.java:106)
	at org.apache.hadoop.hdds.scm.ha.RatisUtil.checkRatisException(RatisUtil.java:248)
	at org.apache.hadoop.hdds.scm.protocol.SCMSecurityProtocolServerSideTranslatorPB.submitRequest(SCMSecurityProtocolServerSideTranslatorPB.java:83)
	at org.apache.hadoop.hdds.protocol.proto.SCMSecurityProtocolProtos$SCMSecurityProtocolService$2.callBlockingMethod(SCMSecurityProtocolProtos.java:18942)
	at org.apache.hadoop.ipc.ProtobufRpcEngine$Server.processCall(ProtobufRpcEngine.java:484)
	at org.apache.hadoop.ipc.ProtobufRpcEngine2$Server$ProtoBufRpcInvoker.call(ProtobufRpcEngine2.java:595)
	at org.apache.hadoop.ipc.ProtobufRpcEngine2$Server$ProtoBufRpcInvoker.call(ProtobufRpcEngine2.java:573)
	at org.apache.hadoop.ipc.RPC$Server.call(RPC.java:1227)
	at org.apache.hadoop.ipc.Server$RpcCall.run(Server.java:1246)
	at org.apache.hadoop.ipc.Server$RpcCall.run(Server.java:1169)
	at java.base/java.security.AccessController.doPrivileged(AccessController.java:714)
	at java.base/javax.security.auth.Subject.doAs(Subject.java:525)
	at org.apache.hadoop.security.UserGroupInformation.doAs(UserGroupInformation.java:1953)
	at org.apache.hadoop.ipc.Server$Handler.run(Server.java:3198)
2025-05-13 07:42:51,937 [33016780-7470-431a-bddf-7f866c4402ef-scm/sub-ca-refreshCACertificates] INFO  retry.RetryInvocationHandler (RetryInvocationHandler.java:log(426)) - com.google.protobuf.ServiceException: org.apache.hadoop.ipc.RemoteException(org.apache.hadoop.hdds.ratis.ServerNotLeaderException): SCM Server:33016780-7470-431a-bddf-7f866c4402ef(pkrvmberfyhpb9w.internal.cloudapp.net) is not the leader. Could not determine the leader node.
	at org.apache.hadoop.hdds.ratis.ServerNotLeaderException.convertToNotLeaderException(ServerNotLeaderException.java:106)
	at org.apache.hadoop.hdds.scm.ha.RatisUtil.checkRatisException(RatisUtil.java:248)
	at org.apache.hadoop.hdds.scm.protocol.SCMSecurityProtocolServerSideTranslatorPB.submitRequest(SCMSecurityProtocolServerSideTranslatorPB.java:83)
	at org.apache.hadoop.hdds.protocol.proto.SCMSecurityProtocolProtos$SCMSecurityProtocolService$2.callBlockingMethod(SCMSecurityProtocolProtos.java:18942)
	at org.apache.hadoop.ipc.ProtobufRpcEngine$Server.processCall(ProtobufRpcEngine.java:484)
	at org.apache.hadoop.ipc.ProtobufRpcEngine2$Server$ProtoBufRpcInvoker.call(ProtobufRpcEngine2.java:595)
	at org.apache.hadoop.ipc.ProtobufRpcEngine2$Server$ProtoBufRpcInvoker.call(ProtobufRpcEngine2.java:573)
	at org.apache.hadoop.ipc.RPC$Server.call(RPC.java:1227)
	at org.apache.hadoop.ipc.Server$RpcCall.run(Server.java:1246)
	at org.apache.hadoop.ipc.Server$RpcCall.run(Server.java:1169)
	at java.base/java.security.AccessController.doPrivileged(AccessController.java:714)
	at java.base/javax.security.auth.Subject.doAs(Subject.java:525)
	at org.apache.hadoop.security.UserGroupInformation.doAs(UserGroupInformation.java:1953)
	at org.apache.hadoop.ipc.Server$Handler.run(Server.java:3198)
, while invoking $Proxy45.submitRequest over nodeId=scmNodeId,nodeAddress=localhost/127.0.0.1:15003 after 1 failover attempts. Trying to failover after sleeping for 2000ms. Current retry count: 1.
2025-05-13 07:42:51,937 [main] INFO  retry.RetryInvocationHandler (RetryInvocationHandler.java:log(426)) - com.google.protobuf.ServiceException: org.apache.hadoop.ipc.RemoteException(org.apache.hadoop.hdds.ratis.ServerNotLeaderException): SCM Server:33016780-7470-431a-bddf-7f866c4402ef(pkrvmberfyhpb9w.internal.cloudapp.net) is not the leader. Could not determine the leader node.
	at org.apache.hadoop.hdds.ratis.ServerNotLeaderException.convertToNotLeaderException(ServerNotLeaderException.java:106)
	at org.apache.hadoop.hdds.scm.ha.RatisUtil.checkRatisException(RatisUtil.java:248)
	at org.apache.hadoop.hdds.scm.protocol.SCMSecurityProtocolServerSideTranslatorPB.submitRequest(SCMSecurityProtocolServerSideTranslatorPB.java:83)
	at org.apache.hadoop.hdds.protocol.proto.SCMSecurityProtocolProtos$SCMSecurityProtocolService$2.callBlockingMethod(SCMSecurityProtocolProtos.java:18942)
	at org.apache.hadoop.ipc.ProtobufRpcEngine$Server.processCall(ProtobufRpcEngine.java:484)
	at org.apache.hadoop.ipc.ProtobufRpcEngine2$Server$ProtoBufRpcInvoker.call(ProtobufRpcEngine2.java:595)
	at org.apache.hadoop.ipc.ProtobufRpcEngine2$Server$ProtoBufRpcInvoker.call(ProtobufRpcEngine2.java:573)
	at org.apache.hadoop.ipc.RPC$Server.call(RPC.java:1227)
	at org.apache.hadoop.ipc.Server$RpcCall.run(Server.java:1246)
	at org.apache.hadoop.ipc.Server$RpcCall.run(Server.java:1169)
	at java.base/java.security.AccessController.doPrivileged(AccessController.java:714)
	at java.base/javax.security.auth.Subject.doAs(Subject.java:525)
	at org.apache.hadoop.security.UserGroupInformation.doAs(UserGroupInformation.java:1953)
	at org.apache.hadoop.ipc.Server$Handler.run(Server.java:3198)
, while invoking $Proxy45.submitRequest over nodeId=scmNodeId,nodeAddress=/0.0.0.0:15003 after 1 failover attempts. Trying to failover after sleeping for 2000ms. Current retry count: 1.
2025-05-13 07:42:53,938 [IPC Server handler 0 on default port 15003] INFO  ipc.Server (Server.java:logException(3260)) - IPC Server handler 0 on default port 15003, call Call#1 Retry#2 org.apache.hadoop.hdds.protocol.SCMSecurityProtocol.submitRequest from 127.0.0.1:34120
org.apache.hadoop.hdds.ratis.ServerNotLeaderException: SCM Server:33016780-7470-431a-bddf-7f866c4402ef(pkrvmberfyhpb9w.internal.cloudapp.net) is not the leader. Could not determine the leader node.
	at org.apache.hadoop.hdds.ratis.ServerNotLeaderException.convertToNotLeaderException(ServerNotLeaderException.java:106)
	at org.apache.hadoop.hdds.scm.ha.RatisUtil.checkRatisException(RatisUtil.java:248)
	at org.apache.hadoop.hdds.scm.protocol.SCMSecurityProtocolServerSideTranslatorPB.submitRequest(SCMSecurityProtocolServerSideTranslatorPB.java:83)
	at org.apache.hadoop.hdds.protocol.proto.SCMSecurityProtocolProtos$SCMSecurityProtocolService$2.callBlockingMethod(SCMSecurityProtocolProtos.java:18942)
	at org.apache.hadoop.ipc.ProtobufRpcEngine$Server.processCall(ProtobufRpcEngine.java:484)
	at org.apache.hadoop.ipc.ProtobufRpcEngine2$Server$ProtoBufRpcInvoker.call(ProtobufRpcEngine2.java:595)
	at org.apache.hadoop.ipc.ProtobufRpcEngine2$Server$ProtoBufRpcInvoker.call(ProtobufRpcEngine2.java:573)
	at org.apache.hadoop.ipc.RPC$Server.call(RPC.java:1227)
	at org.apache.hadoop.ipc.Server$RpcCall.run(Server.java:1246)
	at org.apache.hadoop.ipc.Server$RpcCall.run(Server.java:1169)
	at java.base/java.security.AccessController.doPrivileged(AccessController.java:714)
	at java.base/javax.security.auth.Subject.doAs(Subject.java:525)
	at org.apache.hadoop.security.UserGroupInformation.doAs(UserGroupInformation.java:1953)
	at org.apache.hadoop.ipc.Server$Handler.run(Server.java:3198)
2025-05-13 07:42:53,938 [IPC Server handler 1 on default port 15003] INFO  ipc.Server (Server.java:logException(3260)) - IPC Server handler 1 on default port 15003, call Call#0 Retry#2 org.apache.hadoop.hdds.protocol.SCMSecurityProtocol.submitRequest from 127.0.0.1:34122
org.apache.hadoop.hdds.ratis.ServerNotLeaderException: SCM Server:33016780-7470-431a-bddf-7f866c4402ef(pkrvmberfyhpb9w.internal.cloudapp.net) is not the leader. Could not determine the leader node.
	at org.apache.hadoop.hdds.ratis.ServerNotLeaderException.convertToNotLeaderException(ServerNotLeaderException.java:106)
	at org.apache.hadoop.hdds.scm.ha.RatisUtil.checkRatisException(RatisUtil.java:248)
	at org.apache.hadoop.hdds.scm.protocol.SCMSecurityProtocolServerSideTranslatorPB.submitRequest(SCMSecurityProtocolServerSideTranslatorPB.java:83)
	at org.apache.hadoop.hdds.protocol.proto.SCMSecurityProtocolProtos$SCMSecurityProtocolService$2.callBlockingMethod(SCMSecurityProtocolProtos.java:18942)
	at org.apache.hadoop.ipc.ProtobufRpcEngine$Server.processCall(ProtobufRpcEngine.java:484)
	at org.apache.hadoop.ipc.ProtobufRpcEngine2$Server$ProtoBufRpcInvoker.call(ProtobufRpcEngine2.java:595)
	at org.apache.hadoop.ipc.ProtobufRpcEngine2$Server$ProtoBufRpcInvoker.call(ProtobufRpcEngine2.java:573)
	at org.apache.hadoop.ipc.RPC$Server.call(RPC.java:1227)
	at org.apache.hadoop.ipc.Server$RpcCall.run(Server.java:1246)
	at org.apache.hadoop.ipc.Server$RpcCall.run(Server.java:1169)
	at java.base/java.security.AccessController.doPrivileged(AccessController.java:714)
	at java.base/javax.security.auth.Subject.doAs(Subject.java:525)
	at org.apache.hadoop.security.UserGroupInformation.doAs(UserGroupInformation.java:1953)
	at org.apache.hadoop.ipc.Server$Handler.run(Server.java:3198)
2025-05-13 07:42:53,940 [main] INFO  retry.RetryInvocationHandler (RetryInvocationHandler.java:log(426)) - com.google.protobuf.ServiceException: org.apache.hadoop.ipc.RemoteException(org.apache.hadoop.hdds.ratis.ServerNotLeaderException): SCM Server:33016780-7470-431a-bddf-7f866c4402ef(pkrvmberfyhpb9w.internal.cloudapp.net) is not the leader. Could not determine the leader node.
	at org.apache.hadoop.hdds.ratis.ServerNotLeaderException.convertToNotLeaderException(ServerNotLeaderException.java:106)
	at org.apache.hadoop.hdds.scm.ha.RatisUtil.checkRatisException(RatisUtil.java:248)
	at org.apache.hadoop.hdds.scm.protocol.SCMSecurityProtocolServerSideTranslatorPB.submitRequest(SCMSecurityProtocolServerSideTranslatorPB.java:83)
	at org.apache.hadoop.hdds.protocol.proto.SCMSecurityProtocolProtos$SCMSecurityProtocolService$2.callBlockingMethod(SCMSecurityProtocolProtos.java:18942)
	at org.apache.hadoop.ipc.ProtobufRpcEngine$Server.processCall(ProtobufRpcEngine.java:484)
	at org.apache.hadoop.ipc.ProtobufRpcEngine2$Server$ProtoBufRpcInvoker.call(ProtobufRpcEngine2.java:595)
	at org.apache.hadoop.ipc.ProtobufRpcEngine2$Server$ProtoBufRpcInvoker.call(ProtobufRpcEngine2.java:573)
	at org.apache.hadoop.ipc.RPC$Server.call(RPC.java:1227)
	at org.apache.hadoop.ipc.Server$RpcCall.run(Server.java:1246)
	at org.apache.hadoop.ipc.Server$RpcCall.run(Server.java:1169)
	at java.base/java.security.AccessController.doPrivileged(AccessController.java:714)
	at java.base/javax.security.auth.Subject.doAs(Subject.java:525)
	at org.apache.hadoop.security.UserGroupInformation.doAs(UserGroupInformation.java:1953)
	at org.apache.hadoop.ipc.Server$Handler.run(Server.java:3198)
, while invoking $Proxy45.submitRequest over nodeId=scmNodeId,nodeAddress=/0.0.0.0:15003 after 2 failover attempts. Trying to failover after sleeping for 2000ms. Current retry count: 2.
2025-05-13 07:42:53,941 [33016780-7470-431a-bddf-7f866c4402ef-scm/sub-ca-refreshCACertificates] INFO  retry.RetryInvocationHandler (RetryInvocationHandler.java:log(426)) - com.google.protobuf.ServiceException: org.apache.hadoop.ipc.RemoteException(org.apache.hadoop.hdds.ratis.ServerNotLeaderException): SCM Server:33016780-7470-431a-bddf-7f866c4402ef(pkrvmberfyhpb9w.internal.cloudapp.net) is not the leader. Could not determine the leader node.
	at org.apache.hadoop.hdds.ratis.ServerNotLeaderException.convertToNotLeaderException(ServerNotLeaderException.java:106)
	at org.apache.hadoop.hdds.scm.ha.RatisUtil.checkRatisException(RatisUtil.java:248)
	at org.apache.hadoop.hdds.scm.protocol.SCMSecurityProtocolServerSideTranslatorPB.submitRequest(SCMSecurityProtocolServerSideTranslatorPB.java:83)
	at org.apache.hadoop.hdds.protocol.proto.SCMSecurityProtocolProtos$SCMSecurityProtocolService$2.callBlockingMethod(SCMSecurityProtocolProtos.java:18942)
	at org.apache.hadoop.ipc.ProtobufRpcEngine$Server.processCall(ProtobufRpcEngine.java:484)
	at org.apache.hadoop.ipc.ProtobufRpcEngine2$Server$ProtoBufRpcInvoker.call(ProtobufRpcEngine2.java:595)
	at org.apache.hadoop.ipc.ProtobufRpcEngine2$Server$ProtoBufRpcInvoker.call(ProtobufRpcEngine2.java:573)
	at org.apache.hadoop.ipc.RPC$Server.call(RPC.java:1227)
	at org.apache.hadoop.ipc.Server$RpcCall.run(Server.java:1246)
	at org.apache.hadoop.ipc.Server$RpcCall.run(Server.java:1169)
	at java.base/java.security.AccessController.doPrivileged(AccessController.java:714)
	at java.base/javax.security.auth.Subject.doAs(Subject.java:525)
	at org.apache.hadoop.security.UserGroupInformation.doAs(UserGroupInformation.java:1953)
	at org.apache.hadoop.ipc.Server$Handler.run(Server.java:3198)
, while invoking $Proxy45.submitRequest over nodeId=scmNodeId,nodeAddress=localhost/127.0.0.1:15003 after 2 failover attempts. Trying to failover after sleeping for 2000ms. Current retry count: 2.
2025-05-13 07:42:54,594 [33016780-7470-431a-bddf-7f866c4402ef@group-7ADF274817CE-FollowerState] INFO  impl.FollowerState (FollowerState.java:runImpl(161)) - 33016780-7470-431a-bddf-7f866c4402ef@group-7ADF274817CE-FollowerState: change to CANDIDATE, lastRpcElapsedTime:5194763455ns, electionTimeout:5194ms
2025-05-13 07:42:54,594 [33016780-7470-431a-bddf-7f866c4402ef@group-7ADF274817CE-FollowerState] INFO  impl.RoleInfo (RoleInfo.java:shutdownFollowerState(121)) - 33016780-7470-431a-bddf-7f866c4402ef: shutdown 33016780-7470-431a-bddf-7f866c4402ef@group-7ADF274817CE-FollowerState
2025-05-13 07:42:54,594 [33016780-7470-431a-bddf-7f866c4402ef@group-7ADF274817CE-FollowerState] INFO  server.RaftServer$Division (RaftServerImpl.java:setRole(378)) - 33016780-7470-431a-bddf-7f866c4402ef@group-7ADF274817CE: changes role from  FOLLOWER to CANDIDATE at term 1 for changeToCandidate
2025-05-13 07:42:54,595 [33016780-7470-431a-bddf-7f866c4402ef@group-7ADF274817CE-FollowerState] INFO  server.RaftServerConfigKeys (ConfUtils.java:logGet(46)) - raft.server.leaderelection.pre-vote = true (default)
2025-05-13 07:42:54,595 [33016780-7470-431a-bddf-7f866c4402ef@group-7ADF274817CE-FollowerState] INFO  impl.RoleInfo (RoleInfo.java:updateAndGet(148)) - 33016780-7470-431a-bddf-7f866c4402ef: start 33016780-7470-431a-bddf-7f866c4402ef@group-7ADF274817CE-LeaderElection2
2025-05-13 07:42:54,595 [33016780-7470-431a-bddf-7f866c4402ef@group-7ADF274817CE-LeaderElection2] INFO  impl.LeaderElection (LeaderElection.java:askForVotes(332)) - 33016780-7470-431a-bddf-7f866c4402ef@group-7ADF274817CE-LeaderElection2 PRE_VOTE round 0: submit vote requests at term 1 for conf: {index: 0, cur=peers:[33016780-7470-431a-bddf-7f866c4402ef|pkrvmberfyhpb9w:15004]|listeners:[], old=null}
2025-05-13 07:42:54,595 [33016780-7470-431a-bddf-7f866c4402ef@group-7ADF274817CE-LeaderElection2] INFO  impl.LeaderElection (LeaderElection.java:askForVotes(334)) - 33016780-7470-431a-bddf-7f866c4402ef@group-7ADF274817CE-LeaderElection2 PRE_VOTE round 0: result PASSED (term=1)
2025-05-13 07:42:54,597 [33016780-7470-431a-bddf-7f866c4402ef@group-7ADF274817CE-LeaderElection2] INFO  impl.LeaderElection (LeaderElection.java:askForVotes(332)) - 33016780-7470-431a-bddf-7f866c4402ef@group-7ADF274817CE-LeaderElection2 ELECTION round 0: submit vote requests at term 2 for conf: {index: 0, cur=peers:[33016780-7470-431a-bddf-7f866c4402ef|pkrvmberfyhpb9w:15004]|listeners:[], old=null}
2025-05-13 07:42:54,597 [33016780-7470-431a-bddf-7f866c4402ef@group-7ADF274817CE-LeaderElection2] INFO  impl.LeaderElection (LeaderElection.java:askForVotes(334)) - 33016780-7470-431a-bddf-7f866c4402ef@group-7ADF274817CE-LeaderElection2 ELECTION round 0: result PASSED (term=2)
2025-05-13 07:42:54,597 [33016780-7470-431a-bddf-7f866c4402ef@group-7ADF274817CE-LeaderElection2] INFO  impl.RoleInfo (RoleInfo.java:shutdownLeaderElection(141)) - 33016780-7470-431a-bddf-7f866c4402ef: shutdown 33016780-7470-431a-bddf-7f866c4402ef@group-7ADF274817CE-LeaderElection2
2025-05-13 07:42:54,597 [33016780-7470-431a-bddf-7f866c4402ef@group-7ADF274817CE-LeaderElection2] INFO  server.RaftServer$Division (RaftServerImpl.java:setRole(378)) - 33016780-7470-431a-bddf-7f866c4402ef@group-7ADF274817CE: changes role from CANDIDATE to LEADER at term 2 for changeToLeader
2025-05-13 07:42:54,597 [33016780-7470-431a-bddf-7f866c4402ef@group-7ADF274817CE-LeaderElection2] INFO  server.RaftServerConfigKeys (ConfUtils.java:logGet(46)) - raft.server.staging.catchup.gap = 1000 (default)
2025-05-13 07:42:54,598 [33016780-7470-431a-bddf-7f866c4402ef@group-7ADF274817CE-LeaderElection2] INFO  server.RaftServerConfigKeys (ConfUtils.java:logGet(46)) - raft.server.write.element-limit = 4096 (default)
2025-05-13 07:42:54,598 [33016780-7470-431a-bddf-7f866c4402ef@group-7ADF274817CE-LeaderElection2] INFO  server.RaftServerConfigKeys (ConfUtils.java:logGet(46)) - raft.server.write.byte-limit = 64MB (=67108864) (default)
2025-05-13 07:42:54,598 [33016780-7470-431a-bddf-7f866c4402ef@group-7ADF274817CE-LeaderElection2] INFO  server.RaftServerConfigKeys (ConfUtils.java:logGet(46)) - raft.server.watch.timeout = 10s (default)
2025-05-13 07:42:54,598 [33016780-7470-431a-bddf-7f866c4402ef@group-7ADF274817CE-LeaderElection2] INFO  server.RaftServerConfigKeys (ConfUtils.java:logGet(46)) - raft.server.watch.timeout.denomination = 1s (default)
2025-05-13 07:42:54,598 [33016780-7470-431a-bddf-7f866c4402ef@group-7ADF274817CE-LeaderElection2] INFO  server.RaftServerConfigKeys (ConfUtils.java:logGet(46)) - raft.server.watch.element-limit = 65536 (default)
2025-05-13 07:42:54,599 [33016780-7470-431a-bddf-7f866c4402ef@group-7ADF274817CE-LeaderElection2] INFO  server.RaftServerConfigKeys (ConfUtils.java:logGet(46)) - raft.server.read.leader.lease.enabled = false (default)
2025-05-13 07:42:54,599 [33016780-7470-431a-bddf-7f866c4402ef@group-7ADF274817CE-LeaderElection2] INFO  server.RaftServerConfigKeys (ConfUtils.java:logGet(46)) - raft.server.read.leader.lease.timeout.ratio = 0.9 (default)
2025-05-13 07:42:54,599 [33016780-7470-431a-bddf-7f866c4402ef@group-7ADF274817CE-LeaderElection2] INFO  server.RaftServerConfigKeys (ConfUtils.java:logGet(46)) - raft.server.rpc.timeout.min = 5000ms (custom)
2025-05-13 07:42:54,600 [33016780-7470-431a-bddf-7f866c4402ef@group-7ADF274817CE-LeaderElection2] INFO  server.RaftServerConfigKeys (ConfUtils.java:logGet(46)) - raft.server.log.log-metadata.enabled = true (default)
2025-05-13 07:42:54,600 [33016780-7470-431a-bddf-7f866c4402ef@group-7ADF274817CE-LeaderElection2] INFO  server.RaftServerConfigKeys (ConfUtils.java:logGet(46)) - raft.server.write.element-limit = 4096 (default)
2025-05-13 07:42:54,600 [33016780-7470-431a-bddf-7f866c4402ef@group-7ADF274817CE-LeaderElection2] INFO  server.RaftServerConfigKeys (ConfUtils.java:logGet(46)) - raft.server.write.follower.gap.ratio.max = -1.0 (default)
2025-05-13 07:42:54,600 [33016780-7470-431a-bddf-7f866c4402ef@group-7ADF274817CE-LeaderElection2] INFO  impl.RoleInfo (RoleInfo.java:updateAndGet(148)) - 33016780-7470-431a-bddf-7f866c4402ef: start 33016780-7470-431a-bddf-7f866c4402ef@group-7ADF274817CE-LeaderStateImpl
2025-05-13 07:42:54,600 [33016780-7470-431a-bddf-7f866c4402ef@group-7ADF274817CE-LeaderElection2] INFO  server.RaftServer$Division (RaftServerImpl.java:setFirstElection(562)) - 33016780-7470-431a-bddf-7f866c4402ef@group-7ADF274817CE: set firstElectionSinceStartup to false for becomeLeader
2025-05-13 07:42:54,600 [33016780-7470-431a-bddf-7f866c4402ef@group-7ADF274817CE-LeaderElection2] INFO  ha.SCMStateMachine (SCMStateMachine.java:notifyLeaderChanged(291)) - current SCM becomes leader of term 2.
2025-05-13 07:42:54,600 [33016780-7470-431a-bddf-7f866c4402ef@group-7ADF274817CE-LeaderElection2] INFO  ha.SCMContext (SCMContext.java:updateLeaderAndTerm(95)) - update <isLeader,term> from <false,0> to <true,2>
2025-05-13 07:42:54,602 [33016780-7470-431a-bddf-7f866c4402ef@group-7ADF274817CE-LeaderElection2] INFO  server.RaftServer$Division (ServerState.java:setLeader(272)) - 33016780-7470-431a-bddf-7f866c4402ef@group-7ADF274817CE: change Leader from null to 33016780-7470-431a-bddf-7f866c4402ef at term 2 for becomeLeader, leader elected after 5734ms
2025-05-13 07:42:54,602 [33016780-7470-431a-bddf-7f866c4402ef@group-7ADF274817CE-LeaderElection2] INFO  segmented.SegmentedRaftLogWorker (SegmentedRaftLogWorker.java:rollLogSegment(443)) - 33016780-7470-431a-bddf-7f866c4402ef@group-7ADF274817CE-SegmentedRaftLogWorker: Rolling segment log-0_0 to index:0
2025-05-13 07:42:54,603 [33016780-7470-431a-bddf-7f866c4402ef@group-7ADF274817CE-LeaderElection2] INFO  server.RaftServer$Division (ServerState.java:setRaftConf(386)) - 33016780-7470-431a-bddf-7f866c4402ef@group-7ADF274817CE: set configuration conf: {index: 1, cur=peers:[33016780-7470-431a-bddf-7f866c4402ef|pkrvmberfyhpb9w:15004]|listeners:[], old=null}
2025-05-13 07:42:54,603 [33016780-7470-431a-bddf-7f866c4402ef@group-7ADF274817CE-SegmentedRaftLogWorker] INFO  segmented.SegmentedRaftLogWorker (SegmentedRaftLogWorker.java:execute(601)) - 33016780-7470-431a-bddf-7f866c4402ef@group-7ADF274817CE-SegmentedRaftLogWorker: Rolled log segment from /tmp/junit-14113411677891839485/scm-meta/scm-ha/cf315d6c-80b2-471a-af85-7adf274817ce/current/log_inprogress_0 to /tmp/junit-14113411677891839485/scm-meta/scm-ha/cf315d6c-80b2-471a-af85-7adf274817ce/current/log_0-0
2025-05-13 07:42:54,606 [33016780-7470-431a-bddf-7f866c4402ef@group-7ADF274817CE-SegmentedRaftLogWorker] INFO  segmented.BufferedWriteChannel (BufferedWriteChannel.java:open(61)) - open log_inprogress_1 at position 0
2025-05-13 07:42:54,612 [33016780-7470-431a-bddf-7f866c4402ef@group-7ADF274817CE-SegmentedRaftLogWorker] INFO  segmented.SegmentedRaftLogWorker (SegmentedRaftLogWorker.java:execute(644)) - 33016780-7470-431a-bddf-7f866c4402ef@group-7ADF274817CE-SegmentedRaftLogWorker: created new log segment /tmp/junit-14113411677891839485/scm-meta/scm-ha/cf315d6c-80b2-471a-af85-7adf274817ce/current/log_inprogress_1
2025-05-13 07:42:54,617 [33016780-7470-431a-bddf-7f866c4402ef@group-7ADF274817CE-StateMachineUpdater] INFO  server.RaftServer$Division (LeaderStateImpl.java:checkStartIndex(313)) - Leader 33016780-7470-431a-bddf-7f866c4402ef@group-7ADF274817CE-LeaderStateImpl is ready since appliedIndex == startIndex == 1
2025-05-13 07:42:54,617 [33016780-7470-431a-bddf-7f866c4402ef@group-7ADF274817CE-StateMachineUpdater] INFO  ha.SCMContext (SCMContext.java:setLeaderReady(122)) - update <isLeaderReady> from <false> to <true>
2025-05-13 07:42:54,617 [33016780-7470-431a-bddf-7f866c4402ef@group-7ADF274817CE-StateMachineUpdater] INFO  pipeline.BackgroundPipelineCreator (BackgroundPipelineCreator.java:notifyStatusChanged(268)) - Service BackgroundPipelineCreator transitions to RUNNING.
2025-05-13 07:42:54,618 [SecretKeyManagerService] INFO  symmetric.SecretKeyManager (SecretKeyManager.java:checkAndInitialize(78)) - Initializing SecretKeys.
2025-05-13 07:42:54,618 [33016780-7470-431a-bddf-7f866c4402ef@group-7ADF274817CE-StateMachineUpdater] INFO  safemode.RatisContainerSafeModeRule (RatisContainerSafeModeRule.java:initializeRule(160)) - Refreshed Containers with one replica threshold count 0.
2025-05-13 07:42:54,619 [33016780-7470-431a-bddf-7f866c4402ef@group-7ADF274817CE-StateMachineUpdater] INFO  safemode.HealthyPipelineSafeModeRule (HealthyPipelineSafeModeRule.java:initializeRule(173)) - Refreshed total pipeline count is 0, healthy pipeline threshold count is 0
2025-05-13 07:42:54,619 [SecretKeyManagerService] INFO  symmetric.SecretKeyManager (SecretKeyManager.java:checkAndInitialize(92)) - No valid key has been loaded. A new key is generated: SecretKey(id = 69d19005-cac8-47de-a3b9-87b29fdad5a4, creation at: 2025-05-13T07:42:54.618657924Z, expire at: 2025-05-20T07:42:54.618657924Z)
2025-05-13 07:42:54,619 [33016780-7470-431a-bddf-7f866c4402ef@group-7ADF274817CE-StateMachineUpdater] INFO  safemode.ECContainerSafeModeRule (ECContainerSafeModeRule.java:initializeRule(205)) - Refreshed Containers with ec n replica threshold count 0.
2025-05-13 07:42:54,619 [33016780-7470-431a-bddf-7f866c4402ef@group-7ADF274817CE-StateMachineUpdater] INFO  safemode.OneReplicaPipelineSafeModeRule (OneReplicaPipelineSafeModeRule.java:initializeRule(186)) - Refreshed Total pipeline count is 0, pipeline's with at least one datanode reported threshold count is 0
2025-05-13 07:42:54,619 [33016780-7470-431a-bddf-7f866c4402ef@group-7ADF274817CE-StateMachineUpdater] INFO  server.SCMDatanodeProtocolServer (SCMDatanodeProtocolServer.java:start(193)) - ScmDatanodeProtocol RPC server for DataNodes is listening at /0.0.0.0:15001
2025-05-13 07:42:54,620 [IPC Server Responder] INFO  ipc.Server (Server.java:run(1713)) - IPC Server Responder: starting
2025-05-13 07:42:54,620 [IPC Server listener on 15001] INFO  ipc.Server (Server.java:run(1553)) - IPC Server listener on 15001: starting
2025-05-13 07:42:54,665 [33016780-7470-431a-bddf-7f866c4402ef@group-7ADF274817CE-StateMachineUpdater] INFO  symmetric.SecretKeyStateImpl (SecretKeyStateImpl.java:updateKeysInternal(111)) - Updating keys with [SecretKey(id = 69d19005-cac8-47de-a3b9-87b29fdad5a4, creation at: 2025-05-13T07:42:54.618Z, expire at: 2025-05-20T07:42:54.618Z)]
2025-05-13 07:42:54,666 [33016780-7470-431a-bddf-7f866c4402ef@group-7ADF274817CE-StateMachineUpdater] INFO  symmetric.SecretKeyStateImpl (SecretKeyStateImpl.java:updateKeysInternal(126)) - Current key updated SecretKey(id = 69d19005-cac8-47de-a3b9-87b29fdad5a4, creation at: 2025-05-13T07:42:54.618Z, expire at: 2025-05-20T07:42:54.618Z)
2025-05-13 07:42:54,681 [33016780-7470-431a-bddf-7f866c4402ef@group-7ADF274817CE-StateMachineUpdater] INFO  symmetric.LocalSecretKeyStore (LocalSecretKeyStore.java:save(107)) - Saved [SecretKey(id = 69d19005-cac8-47de-a3b9-87b29fdad5a4, creation at: 2025-05-13T07:42:54.618Z, expire at: 2025-05-20T07:42:54.618Z)] to file /tmp/junit-14113411677891839485/scm-meta/scm/keys/secret_keys.json
2025-05-13 07:42:54,682 [33016780-7470-431a-bddf-7f866c4402ef@group-7ADF274817CE-StateMachineUpdater] INFO  safemode.SCMSafeModeManager (SCMSafeModeManager.java:validateSafeModeExitRules(140)) - RatisContainerSafeModeRule rule is successfully validated
2025-05-13 07:42:54,682 [33016780-7470-431a-bddf-7f866c4402ef@group-7ADF274817CE-StateMachineUpdater] INFO  safemode.SCMSafeModeManager (SCMSafeModeManager.java:validateSafeModeExitRules(140)) - HealthyPipelineSafeModeRule rule is successfully validated
2025-05-13 07:42:54,682 [33016780-7470-431a-bddf-7f866c4402ef@group-7ADF274817CE-StateMachineUpdater] INFO  safemode.SCMSafeModeManager (SCMSafeModeManager.java:validateSafeModeExitRules(140)) - ECContainerSafeModeRule rule is successfully validated
2025-05-13 07:42:54,682 [33016780-7470-431a-bddf-7f866c4402ef@group-7ADF274817CE-StateMachineUpdater] INFO  safemode.SCMSafeModeManager (SCMSafeModeManager.java:validateSafeModeExitRules(140)) - AtleastOneDatanodeReportedRule rule is successfully validated
2025-05-13 07:42:55,962 [IPC Server handler 1 on default port 15003] INFO  client.SCMCertificateClient (DefaultCertificateClient.java:getAllRootCaCerts(971)) - scm/sub-ca has 0 Root CA certificates
2025-05-13 07:42:55,963 [IPC Server handler 1 on default port 15003] INFO  client.SCMCertificateClient (DefaultCertificateClient.java:getAllCaCerts(979)) - scm/sub-ca has 1 CA certificates
2025-05-13 07:42:55,964 [33016780-7470-431a-bddf-7f866c4402ef-scm/sub-ca-refreshCACertificates] INFO  client.SCMCertificateClient (DefaultCertificateClient.java:getAllRootCaCerts(971)) - scm/sub-ca has 0 Root CA certificates
2025-05-13 07:42:55,965 [33016780-7470-431a-bddf-7f866c4402ef-scm/sub-ca-refreshCACertificates] INFO  client.SCMCertificateClient (DefaultCertificateClient.java:getAllCaCerts(979)) - scm/sub-ca has 1 CA certificates
2025-05-13 07:42:55,966 [33016780-7470-431a-bddf-7f866c4402ef-scm/sub-ca-refreshCACertificates] INFO  client.SCMCertificateClient (SCMCertificateClient.java:run(249)) - CA certificates are not changed.
2025-05-13 07:42:55,971 [IPC Server handler 1 on default port 15003] INFO  server.SCMSecurityProtocolServer (SCMSecurityProtocolServer.java:getCertificate(404)) - Certificate with serial id 100 not found.
2025-05-13 07:42:56,020 [main] INFO  proxy.SCMSecurityProtocolFailoverProxyProvider (SCMFailoverProxyProviderBase.java:<init>(120)) - Created fail-over proxy for protocol SCMSecurityProtocolPB with 1 nodes: [nodeId=scmNodeId,nodeAddress=/0.0.0.0:15003]
2025-05-13 07:42:56,023 [main] WARN  ipc.Client (Client.java:run(749)) - Exception encountered while connecting to the server 0.0.0.0/0.0.0.0:15003
org.apache.hadoop.security.AccessControlException: Client cannot authenticate via:[KERBEROS]
	at org.apache.hadoop.security.SaslRpcClient.selectSaslClient(SaslRpcClient.java:179)
	at org.apache.hadoop.security.SaslRpcClient.saslConnect(SaslRpcClient.java:399)
	at org.apache.hadoop.ipc.Client$Connection.setupSaslConnection(Client.java:578)
	at org.apache.hadoop.ipc.Client$Connection.access$2100(Client.java:364)
	at org.apache.hadoop.ipc.Client$Connection$2.run(Client.java:799)
	at org.apache.hadoop.ipc.Client$Connection$2.run(Client.java:795)
	at java.base/java.security.AccessController.doPrivileged(AccessController.java:714)
	at java.base/javax.security.auth.Subject.doAs(Subject.java:525)
	at org.apache.hadoop.security.UserGroupInformation.doAs(UserGroupInformation.java:1953)
	at org.apache.hadoop.ipc.Client$Connection.setupIOstreams(Client.java:795)
	at org.apache.hadoop.ipc.Client$Connection.access$3800(Client.java:364)
	at org.apache.hadoop.ipc.Client.getConnection(Client.java:1649)
	at org.apache.hadoop.ipc.Client.call(Client.java:1473)
	at org.apache.hadoop.ipc.Client.call(Client.java:1426)
	at org.apache.hadoop.ipc.ProtobufRpcEngine$Invoker.invoke(ProtobufRpcEngine.java:250)
	at org.apache.hadoop.ipc.ProtobufRpcEngine$Invoker.invoke(ProtobufRpcEngine.java:132)
	at jdk.proxy2/jdk.proxy2.$Proxy45.submitRequest(Unknown Source)
	at java.base/jdk.internal.reflect.DirectMethodHandleAccessor.invoke(DirectMethodHandleAccessor.java:103)
	at java.base/java.lang.reflect.Method.invoke(Method.java:580)
	at org.apache.hadoop.io.retry.RetryInvocationHandler.invokeMethod(RetryInvocationHandler.java:437)
	at org.apache.hadoop.io.retry.RetryInvocationHandler$Call.invokeMethod(RetryInvocationHandler.java:170)
	at org.apache.hadoop.io.retry.RetryInvocationHandler$Call.invoke(RetryInvocationHandler.java:162)
	at org.apache.hadoop.io.retry.RetryInvocationHandler$Call.invokeOnce(RetryInvocationHandler.java:100)
	at org.apache.hadoop.io.retry.RetryInvocationHandler.invoke(RetryInvocationHandler.java:366)
	at jdk.proxy2/jdk.proxy2.$Proxy45.submitRequest(Unknown Source)
	at org.apache.hadoop.hdds.protocolPB.SCMSecurityProtocolClientSideTranslatorPB.submitRequest(SCMSecurityProtocolClientSideTranslatorPB.java:93)
	at org.apache.hadoop.hdds.protocolPB.SCMSecurityProtocolClientSideTranslatorPB.getCACert(SCMSecurityProtocolClientSideTranslatorPB.java:325)
	at org.apache.hadoop.hdds.protocolPB.SCMSecurityProtocolClientSideTranslatorPB.getCACertificate(SCMSecurityProtocolClientSideTranslatorPB.java:319)
	at org.junit.jupiter.api.AssertThrows.assertThrows(AssertThrows.java:53)
	at org.junit.jupiter.api.AssertThrows.assertThrows(AssertThrows.java:35)
	at org.junit.jupiter.api.Assertions.assertThrows(Assertions.java:3128)
	at org.apache.hadoop.ozone.TestSecureOzoneCluster.testSCMSecurityProtocol(TestSecureOzoneCluster.java:392)
	at java.base/jdk.internal.reflect.DirectMethodHandleAccessor.invoke(DirectMethodHandleAccessor.java:103)
	at java.base/java.lang.reflect.Method.invoke(Method.java:580)
	at org.junit.platform.commons.util.ReflectionUtils.invokeMethod(ReflectionUtils.java:775)
	at org.junit.platform.commons.support.ReflectionSupport.invokeMethod(ReflectionSupport.java:479)
	at org.junit.jupiter.engine.execution.MethodInvocation.proceed(MethodInvocation.java:60)
	at org.junit.jupiter.engine.execution.InvocationInterceptorChain$ValidatingInvocation.proceed(InvocationInterceptorChain.java:131)
	at org.junit.jupiter.engine.extension.SameThreadTimeoutInvocation.proceed(SameThreadTimeoutInvocation.java:49)
	at org.junit.jupiter.engine.extension.TimeoutExtension.intercept(TimeoutExtension.java:161)
	at org.junit.jupiter.engine.extension.TimeoutExtension.interceptTestableMethod(TimeoutExtension.java:152)
	at org.junit.jupiter.engine.extension.TimeoutExtension.interceptTestMethod(TimeoutExtension.java:91)
	at org.junit.jupiter.engine.execution.InterceptingExecutableInvoker$ReflectiveInterceptorCall.lambda$ofVoidMethod$0(InterceptingExecutableInvoker.java:112)
	at org.junit.jupiter.engine.execution.InterceptingExecutableInvoker.lambda$invoke$0(InterceptingExecutableInvoker.java:94)
	at org.junit.jupiter.engine.execution.InvocationInterceptorChain$InterceptedInvocation.proceed(InvocationInterceptorChain.java:106)
	at org.junit.jupiter.engine.execution.InvocationInterceptorChain.proceed(InvocationInterceptorChain.java:64)
	at org.junit.jupiter.engine.execution.InvocationInterceptorChain.chainAndInvoke(InvocationInterceptorChain.java:45)
	at org.junit.jupiter.engine.execution.InvocationInterceptorChain.invoke(InvocationInterceptorChain.java:37)
	at org.junit.jupiter.engine.execution.InterceptingExecutableInvoker.invoke(InterceptingExecutableInvoker.java:93)
	at org.junit.jupiter.engine.execution.InterceptingExecutableInvoker.invoke(InterceptingExecutableInvoker.java:87)
	at org.junit.jupiter.engine.descriptor.TestMethodTestDescriptor.lambda$invokeTestMethod$7(TestMethodTestDescriptor.java:216)
	at org.junit.platform.engine.support.hierarchical.ThrowableCollector.execute(ThrowableCollector.java:73)
	at org.junit.jupiter.engine.descriptor.TestMethodTestDescriptor.invokeTestMethod(TestMethodTestDescriptor.java:212)
	at org.junit.jupiter.engine.descriptor.TestMethodTestDescriptor.execute(TestMethodTestDescriptor.java:137)
	at org.junit.jupiter.engine.descriptor.TestMethodTestDescriptor.execute(TestMethodTestDescriptor.java:69)
	at org.junit.platform.engine.support.hierarchical.NodeTestTask.lambda$executeRecursively$6(NodeTestTask.java:156)
	at org.junit.platform.engine.support.hierarchical.ThrowableCollector.execute(ThrowableCollector.java:73)
	at org.junit.platform.engine.support.hierarchical.NodeTestTask.lambda$executeRecursively$8(NodeTestTask.java:146)
	at org.junit.platform.engine.support.hierarchical.Node.around(Node.java:137)
	at org.junit.platform.engine.support.hierarchical.NodeTestTask.lambda$executeRecursively$9(NodeTestTask.java:144)
	at org.junit.platform.engine.support.hierarchical.ThrowableCollector.execute(ThrowableCollector.java:73)
	at org.junit.platform.engine.support.hierarchical.NodeTestTask.executeRecursively(NodeTestTask.java:143)
	at org.junit.platform.engine.support.hierarchical.NodeTestTask.execute(NodeTestTask.java:100)
	at java.base/java.util.ArrayList.forEach(ArrayList.java:1596)
	at org.junit.platform.engine.support.hierarchical.SameThreadHierarchicalTestExecutorService.invokeAll(SameThreadHierarchicalTestExecutorService.java:41)
	at org.junit.platform.engine.support.hierarchical.NodeTestTask.lambda$executeRecursively$6(NodeTestTask.java:160)
	at org.junit.platform.engine.support.hierarchical.ThrowableCollector.execute(ThrowableCollector.java:73)
	at org.junit.platform.engine.support.hierarchical.NodeTestTask.lambda$executeRecursively$8(NodeTestTask.java:146)
	at org.junit.platform.engine.support.hierarchical.Node.around(Node.java:137)
	at org.junit.platform.engine.support.hierarchical.NodeTestTask.lambda$executeRecursively$9(NodeTestTask.java:144)
	at org.junit.platform.engine.support.hierarchical.ThrowableCollector.execute(ThrowableCollector.java:73)
	at org.junit.platform.engine.support.hierarchical.NodeTestTask.executeRecursively(NodeTestTask.java:143)
	at org.junit.platform.engine.support.hierarchical.NodeTestTask.execute(NodeTestTask.java:100)
	at java.base/java.util.ArrayList.forEach(ArrayList.java:1596)
	at org.junit.platform.engine.support.hierarchical.SameThreadHierarchicalTestExecutorService.invokeAll(SameThreadHierarchicalTestExecutorService.java:41)
	at org.junit.platform.engine.support.hierarchical.NodeTestTask.lambda$executeRecursively$6(NodeTestTask.java:160)
	at org.junit.platform.engine.support.hierarchical.ThrowableCollector.execute(ThrowableCollector.java:73)
	at org.junit.platform.engine.support.hierarchical.NodeTestTask.lambda$executeRecursively$8(NodeTestTask.java:146)
	at org.junit.platform.engine.support.hierarchical.Node.around(Node.java:137)
	at org.junit.platform.engine.support.hierarchical.NodeTestTask.lambda$executeRecursively$9(NodeTestTask.java:144)
	at org.junit.platform.engine.support.hierarchical.ThrowableCollector.execute(ThrowableCollector.java:73)
	at org.junit.platform.engine.support.hierarchical.NodeTestTask.executeRecursively(NodeTestTask.java:143)
	at org.junit.platform.engine.support.hierarchical.NodeTestTask.execute(NodeTestTask.java:100)
	at org.junit.platform.engine.support.hierarchical.SameThreadHierarchicalTestExecutorService.submit(SameThreadHierarchicalTestExecutorService.java:35)
	at org.junit.platform.engine.support.hierarchical.HierarchicalTestExecutor.execute(HierarchicalTestExecutor.java:57)
	at org.junit.platform.engine.support.hierarchical.HierarchicalTestEngine.execute(HierarchicalTestEngine.java:54)
	at org.junit.platform.launcher.core.EngineExecutionOrchestrator.execute(EngineExecutionOrchestrator.java:201)
	at org.junit.platform.launcher.core.EngineExecutionOrchestrator.execute(EngineExecutionOrchestrator.java:170)
	at org.junit.platform.launcher.core.EngineExecutionOrchestrator.execute(EngineExecutionOrchestrator.java:94)
	at org.junit.platform.launcher.core.EngineExecutionOrchestrator.lambda$execute$0(EngineExecutionOrchestrator.java:59)
	at org.junit.platform.launcher.core.EngineExecutionOrchestrator.withInterceptedStreams(EngineExecutionOrchestrator.java:142)
	at org.junit.platform.launcher.core.EngineExecutionOrchestrator.execute(EngineExecutionOrchestrator.java:58)
	at org.junit.platform.launcher.core.DefaultLauncher.execute(DefaultLauncher.java:103)
	at org.junit.platform.launcher.core.DefaultLauncher.execute(DefaultLauncher.java:85)
	at org.junit.platform.launcher.core.DelegatingLauncher.execute(DelegatingLauncher.java:47)
	at org.junit.platform.launcher.core.InterceptingLauncher.lambda$execute$1(InterceptingLauncher.java:39)
	at org.junit.platform.launcher.core.ClasspathAlignmentCheckingLauncherInterceptor.intercept(ClasspathAlignmentCheckingLauncherInterceptor.java:25)
	at org.junit.platform.launcher.core.InterceptingLauncher.execute(InterceptingLauncher.java:38)
	at org.junit.platform.launcher.core.DelegatingLauncher.execute(DelegatingLauncher.java:47)
	at org.apache.maven.surefire.junitplatform.LazyLauncher.execute(LazyLauncher.java:56)
	at org.apache.maven.surefire.junitplatform.JUnitPlatformProvider.execute(JUnitPlatformProvider.java:184)
	at org.apache.maven.surefire.junitplatform.JUnitPlatformProvider.invokeAllTests(JUnitPlatformProvider.java:148)
	at org.apache.maven.surefire.junitplatform.JUnitPlatformProvider.invoke(JUnitPlatformProvider.java:120)
	at org.apache.maven.surefire.booter.ForkedBooter.runSuitesInProcess(ForkedBooter.java:385)
	at org.apache.maven.surefire.booter.ForkedBooter.execute(ForkedBooter.java:162)
	at org.apache.maven.surefire.booter.ForkedBooter.run(ForkedBooter.java:507)
	at org.apache.maven.surefire.booter.ForkedBooter.main(ForkedBooter.java:495)
2025-05-13 07:42:56,028 [main] WARN  ipc.Client (Client.java:run(749)) - Exception encountered while connecting to the server 0.0.0.0/0.0.0.0:15003
org.apache.hadoop.security.AccessControlException: Client cannot authenticate via:[KERBEROS]
	at org.apache.hadoop.security.SaslRpcClient.selectSaslClient(SaslRpcClient.java:179)
	at org.apache.hadoop.security.SaslRpcClient.saslConnect(SaslRpcClient.java:399)
	at org.apache.hadoop.ipc.Client$Connection.setupSaslConnection(Client.java:578)
	at org.apache.hadoop.ipc.Client$Connection.access$2100(Client.java:364)
	at org.apache.hadoop.ipc.Client$Connection$2.run(Client.java:799)
	at org.apache.hadoop.ipc.Client$Connection$2.run(Client.java:795)
	at java.base/java.security.AccessController.doPrivileged(AccessController.java:714)
	at java.base/javax.security.auth.Subject.doAs(Subject.java:525)
	at org.apache.hadoop.security.UserGroupInformation.doAs(UserGroupInformation.java:1953)
	at org.apache.hadoop.ipc.Client$Connection.setupIOstreams(Client.java:795)
	at org.apache.hadoop.ipc.Client$Connection.access$3800(Client.java:364)
	at org.apache.hadoop.ipc.Client.getConnection(Client.java:1649)
	at org.apache.hadoop.ipc.Client.call(Client.java:1473)
	at org.apache.hadoop.ipc.Client.call(Client.java:1426)
	at org.apache.hadoop.ipc.ProtobufRpcEngine$Invoker.invoke(ProtobufRpcEngine.java:250)
	at org.apache.hadoop.ipc.ProtobufRpcEngine$Invoker.invoke(ProtobufRpcEngine.java:132)
	at jdk.proxy2/jdk.proxy2.$Proxy45.submitRequest(Unknown Source)
	at java.base/jdk.internal.reflect.DirectMethodHandleAccessor.invoke(DirectMethodHandleAccessor.java:103)
	at java.base/java.lang.reflect.Method.invoke(Method.java:580)
	at org.apache.hadoop.io.retry.RetryInvocationHandler.invokeMethod(RetryInvocationHandler.java:437)
	at org.apache.hadoop.io.retry.RetryInvocationHandler$Call.invokeMethod(RetryInvocationHandler.java:170)
	at org.apache.hadoop.io.retry.RetryInvocationHandler$Call.invoke(RetryInvocationHandler.java:162)
	at org.apache.hadoop.io.retry.RetryInvocationHandler$Call.invokeOnce(RetryInvocationHandler.java:100)
	at org.apache.hadoop.io.retry.RetryInvocationHandler.invoke(RetryInvocationHandler.java:366)
	at jdk.proxy2/jdk.proxy2.$Proxy45.submitRequest(Unknown Source)
	at org.apache.hadoop.hdds.protocolPB.SCMSecurityProtocolClientSideTranslatorPB.submitRequest(SCMSecurityProtocolClientSideTranslatorPB.java:93)
	at org.apache.hadoop.hdds.protocolPB.SCMSecurityProtocolClientSideTranslatorPB.getCertificate(SCMSecurityProtocolClientSideTranslatorPB.java:264)
	at org.apache.hadoop.ozone.TestSecureOzoneCluster.lambda$testSCMSecurityProtocol$1(TestSecureOzoneCluster.java:396)
	at org.junit.jupiter.api.AssertThrows.assertThrows(AssertThrows.java:53)
	at org.junit.jupiter.api.AssertThrows.assertThrows(AssertThrows.java:35)
	at org.junit.jupiter.api.Assertions.assertThrows(Assertions.java:3128)
	at org.apache.hadoop.ozone.TestSecureOzoneCluster.testSCMSecurityProtocol(TestSecureOzoneCluster.java:395)
	at java.base/jdk.internal.reflect.DirectMethodHandleAccessor.invoke(DirectMethodHandleAccessor.java:103)
	at java.base/java.lang.reflect.Method.invoke(Method.java:580)
	at org.junit.platform.commons.util.ReflectionUtils.invokeMethod(ReflectionUtils.java:775)
	at org.junit.platform.commons.support.ReflectionSupport.invokeMethod(ReflectionSupport.java:479)
	at org.junit.jupiter.engine.execution.MethodInvocation.proceed(MethodInvocation.java:60)
	at org.junit.jupiter.engine.execution.InvocationInterceptorChain$ValidatingInvocation.proceed(InvocationInterceptorChain.java:131)
	at org.junit.jupiter.engine.extension.SameThreadTimeoutInvocation.proceed(SameThreadTimeoutInvocation.java:49)
	at org.junit.jupiter.engine.extension.TimeoutExtension.intercept(TimeoutExtension.java:161)
	at org.junit.jupiter.engine.extension.TimeoutExtension.interceptTestableMethod(TimeoutExtension.java:152)
	at org.junit.jupiter.engine.extension.TimeoutExtension.interceptTestMethod(TimeoutExtension.java:91)
	at org.junit.jupiter.engine.execution.InterceptingExecutableInvoker$ReflectiveInterceptorCall.lambda$ofVoidMethod$0(InterceptingExecutableInvoker.java:112)
	at org.junit.jupiter.engine.execution.InterceptingExecutableInvoker.lambda$invoke$0(InterceptingExecutableInvoker.java:94)
	at org.junit.jupiter.engine.execution.InvocationInterceptorChain$InterceptedInvocation.proceed(InvocationInterceptorChain.java:106)
	at org.junit.jupiter.engine.execution.InvocationInterceptorChain.proceed(InvocationInterceptorChain.java:64)
	at org.junit.jupiter.engine.execution.InvocationInterceptorChain.chainAndInvoke(InvocationInterceptorChain.java:45)
	at org.junit.jupiter.engine.execution.InvocationInterceptorChain.invoke(InvocationInterceptorChain.java:37)
	at org.junit.jupiter.engine.execution.InterceptingExecutableInvoker.invoke(InterceptingExecutableInvoker.java:93)
	at org.junit.jupiter.engine.execution.InterceptingExecutableInvoker.invoke(InterceptingExecutableInvoker.java:87)
	at org.junit.jupiter.engine.descriptor.TestMethodTestDescriptor.lambda$invokeTestMethod$7(TestMethodTestDescriptor.java:216)
	at org.junit.platform.engine.support.hierarchical.ThrowableCollector.execute(ThrowableCollector.java:73)
	at org.junit.jupiter.engine.descriptor.TestMethodTestDescriptor.invokeTestMethod(TestMethodTestDescriptor.java:212)
	at org.junit.jupiter.engine.descriptor.TestMethodTestDescriptor.execute(TestMethodTestDescriptor.java:137)
	at org.junit.jupiter.engine.descriptor.TestMethodTestDescriptor.execute(TestMethodTestDescriptor.java:69)
	at org.junit.platform.engine.support.hierarchical.NodeTestTask.lambda$executeRecursively$6(NodeTestTask.java:156)
	at org.junit.platform.engine.support.hierarchical.ThrowableCollector.execute(ThrowableCollector.java:73)
	at org.junit.platform.engine.support.hierarchical.NodeTestTask.lambda$executeRecursively$8(NodeTestTask.java:146)
	at org.junit.platform.engine.support.hierarchical.Node.around(Node.java:137)
	at org.junit.platform.engine.support.hierarchical.NodeTestTask.lambda$executeRecursively$9(NodeTestTask.java:144)
	at org.junit.platform.engine.support.hierarchical.ThrowableCollector.execute(ThrowableCollector.java:73)
	at org.junit.platform.engine.support.hierarchical.NodeTestTask.executeRecursively(NodeTestTask.java:143)
	at org.junit.platform.engine.support.hierarchical.NodeTestTask.execute(NodeTestTask.java:100)
	at java.base/java.util.ArrayList.forEach(ArrayList.java:1596)
	at org.junit.platform.engine.support.hierarchical.SameThreadHierarchicalTestExecutorService.invokeAll(SameThreadHierarchicalTestExecutorService.java:41)
	at org.junit.platform.engine.support.hierarchical.NodeTestTask.lambda$executeRecursively$6(NodeTestTask.java:160)
	at org.junit.platform.engine.support.hierarchical.ThrowableCollector.execute(ThrowableCollector.java:73)
	at org.junit.platform.engine.support.hierarchical.NodeTestTask.lambda$executeRecursively$8(NodeTestTask.java:146)
	at org.junit.platform.engine.support.hierarchical.Node.around(Node.java:137)
	at org.junit.platform.engine.support.hierarchical.NodeTestTask.lambda$executeRecursively$9(NodeTestTask.java:144)
	at org.junit.platform.engine.support.hierarchical.ThrowableCollector.execute(ThrowableCollector.java:73)
	at org.junit.platform.engine.support.hierarchical.NodeTestTask.executeRecursively(NodeTestTask.java:143)
	at org.junit.platform.engine.support.hierarchical.NodeTestTask.execute(NodeTestTask.java:100)
	at java.base/java.util.ArrayList.forEach(ArrayList.java:1596)
	at org.junit.platform.engine.support.hierarchical.SameThreadHierarchicalTestExecutorService.invokeAll(SameThreadHierarchicalTestExecutorService.java:41)
	at org.junit.platform.engine.support.hierarchical.NodeTestTask.lambda$executeRecursively$6(NodeTestTask.java:160)
	at org.junit.platform.engine.support.hierarchical.ThrowableCollector.execute(ThrowableCollector.java:73)
	at org.junit.platform.engine.support.hierarchical.NodeTestTask.lambda$executeRecursively$8(NodeTestTask.java:146)
	at org.junit.platform.engine.support.hierarchical.Node.around(Node.java:137)
	at org.junit.platform.engine.support.hierarchical.NodeTestTask.lambda$executeRecursively$9(NodeTestTask.java:144)
	at org.junit.platform.engine.support.hierarchical.ThrowableCollector.execute(ThrowableCollector.java:73)
	at org.junit.platform.engine.support.hierarchical.NodeTestTask.executeRecursively(NodeTestTask.java:143)
	at org.junit.platform.engine.support.hierarchical.NodeTestTask.execute(NodeTestTask.java:100)
	at org.junit.platform.engine.support.hierarchical.SameThreadHierarchicalTestExecutorService.submit(SameThreadHierarchicalTestExecutorService.java:35)
	at org.junit.platform.engine.support.hierarchical.HierarchicalTestExecutor.execute(HierarchicalTestExecutor.java:57)
	at org.junit.platform.engine.support.hierarchical.HierarchicalTestEngine.execute(HierarchicalTestEngine.java:54)
	at org.junit.platform.launcher.core.EngineExecutionOrchestrator.execute(EngineExecutionOrchestrator.java:201)
	at org.junit.platform.launcher.core.EngineExecutionOrchestrator.execute(EngineExecutionOrchestrator.java:170)
	at org.junit.platform.launcher.core.EngineExecutionOrchestrator.execute(EngineExecutionOrchestrator.java:94)
	at org.junit.platform.launcher.core.EngineExecutionOrchestrator.lambda$execute$0(EngineExecutionOrchestrator.java:59)
	at org.junit.platform.launcher.core.EngineExecutionOrchestrator.withInterceptedStreams(EngineExecutionOrchestrator.java:142)
	at org.junit.platform.launcher.core.EngineExecutionOrchestrator.execute(EngineExecutionOrchestrator.java:58)
	at org.junit.platform.launcher.core.DefaultLauncher.execute(DefaultLauncher.java:103)
	at org.junit.platform.launcher.core.DefaultLauncher.execute(DefaultLauncher.java:85)
	at org.junit.platform.launcher.core.DelegatingLauncher.execute(DelegatingLauncher.java:47)
	at org.junit.platform.launcher.core.InterceptingLauncher.lambda$execute$1(InterceptingLauncher.java:39)
	at org.junit.platform.launcher.core.ClasspathAlignmentCheckingLauncherInterceptor.intercept(ClasspathAlignmentCheckingLauncherInterceptor.java:25)
	at org.junit.platform.launcher.core.InterceptingLauncher.execute(InterceptingLauncher.java:38)
	at org.junit.platform.launcher.core.DelegatingLauncher.execute(DelegatingLauncher.java:47)
	at org.apache.maven.surefire.junitplatform.LazyLauncher.execute(LazyLauncher.java:56)
	at org.apache.maven.surefire.junitplatform.JUnitPlatformProvider.execute(JUnitPlatformProvider.java:184)
	at org.apache.maven.surefire.junitplatform.JUnitPlatformProvider.invokeAllTests(JUnitPlatformProvider.java:148)
	at org.apache.maven.surefire.junitplatform.JUnitPlatformProvider.invoke(JUnitPlatformProvider.java:120)
	at org.apache.maven.surefire.booter.ForkedBooter.runSuitesInProcess(ForkedBooter.java:385)
	at org.apache.maven.surefire.booter.ForkedBooter.execute(ForkedBooter.java:162)
	at org.apache.maven.surefire.booter.ForkedBooter.run(ForkedBooter.java:507)
	at org.apache.maven.surefire.booter.ForkedBooter.main(ForkedBooter.java:495)
2025-05-13 07:42:56,029 [main] INFO  server.StorageContainerManager (StorageContainerManager.java:stop(1608)) - Container Balancer is not running.
2025-05-13 07:42:56,029 [main] INFO  server.StorageContainerManager (StorageContainerManager.java:stopReplicationManager(1742)) - Stopping Replication Manager Service.
2025-05-13 07:42:56,029 [main] INFO  replication.ReplicationManager (ReplicationManager.java:stop(316)) - Stopping Replication Monitor Thread.
2025-05-13 07:42:56,029 [main] INFO  server.StorageContainerManager (StorageContainerManager.java:stop(1617)) - Stopping the Datanode Admin Monitor.
2025-05-13 07:42:56,030 [UnderReplicatedProcessor] WARN  replication.UnhealthyReplicationProcessor (UnhealthyReplicationProcessor.java:run(178)) - UnderReplicatedProcessor interrupted. Exiting...
2025-05-13 07:42:56,030 [main] INFO  server.StorageContainerManager (StorageContainerManager.java:stop(1624)) - Stopping datanode service RPC server
2025-05-13 07:42:56,030 [main] INFO  server.SCMDatanodeProtocolServer (SCMDatanodeProtocolServer.java:stop(447)) - Stopping the RPC server for DataNodes
2025-05-13 07:42:56,030 [main] INFO  ipc.Server (Server.java:stop(3697)) - Stopping server on 15001
2025-05-13 07:42:56,030 [OverReplicatedProcessor] WARN  replication.UnhealthyReplicationProcessor (UnhealthyReplicationProcessor.java:run(178)) - OverReplicatedProcessor interrupted. Exiting...
2025-05-13 07:42:56,033 [ReplicationMonitor] INFO  replication.ReplicationManager (ReplicationManager.java:run(936)) - Replication Monitor Thread is stopped
2025-05-13 07:42:56,037 [IPC Server listener on 15001] INFO  ipc.Server (Server.java:run(1585)) - Stopping IPC Server listener on 15001
2025-05-13 07:42:56,037 [IPC Server Responder] INFO  ipc.Server (Server.java:run(1718)) - Stopping IPC Server Responder
2025-05-13 07:42:56,077 [SCMHeartbeatProcessor-0] WARN  node.NodeStateManager (NodeStateManager.java:scheduleNextHealthCheck(909)) - Current Thread is interrupted, shutting down HB processing thread for Node Manager.
2025-05-13 07:42:56,077 [main] INFO  server.StorageContainerManager (StorageContainerManager.java:stop(1632)) - Stopping block service RPC server
2025-05-13 07:42:56,077 [main] INFO  server.SCMBlockProtocolServer (SCMBlockProtocolServer.java:stop(175)) - Stopping the RPC server for Block Protocol
2025-05-13 07:42:56,077 [main] INFO  ipc.Server (Server.java:stop(3697)) - Stopping server on 15002
2025-05-13 07:42:56,082 [IPC Server listener on 15002] INFO  ipc.Server (Server.java:run(1585)) - Stopping IPC Server listener on 15002
2025-05-13 07:42:56,082 [main] INFO  server.StorageContainerManager (StorageContainerManager.java:stop(1639)) - Stopping the StorageContainerLocationProtocol RPC server
2025-05-13 07:42:56,082 [main] INFO  server.SCMClientProtocolServer (SCMClientProtocolServer.java:stop(216)) - Stopping the RPC server for Client Protocol
2025-05-13 07:42:56,083 [main] INFO  ipc.Server (Server.java:stop(3697)) - Stopping server on 15000
2025-05-13 07:42:56,082 [IPC Server Responder] INFO  ipc.Server (Server.java:run(1718)) - Stopping IPC Server Responder
2025-05-13 07:42:56,087 [IPC Server listener on 15000] INFO  ipc.Server (Server.java:run(1585)) - Stopping IPC Server listener on 15000
2025-05-13 07:42:56,087 [main] INFO  server.StorageContainerManager (StorageContainerManager.java:stop(1646)) - Stopping Storage Container Manager HTTP server.
2025-05-13 07:42:56,087 [IPC Server Responder] INFO  ipc.Server (Server.java:run(1718)) - Stopping IPC Server Responder
2025-05-13 07:42:56,090 [main] INFO  handler.ContextHandler (ContextHandler.java:doStop(1159)) - Stopped o.e.j.w.WebAppContext@684001e6{scm,/,null,STOPPED}{file:/home/runner/work/ozone/ozone/hadoop-ozone/integration-test/target/test-classes/webapps/scm}
2025-05-13 07:42:56,093 [main] INFO  server.AbstractConnector (AbstractConnector.java:doStop(383)) - Stopped ServerConnector@1cad8bce{HTTP/1.1, (http/1.1)}{0.0.0.0:9876}
2025-05-13 07:42:56,093 [main] INFO  server.session (HouseKeeper.java:stopScavenging(149)) - node0 Stopped scavenging
2025-05-13 07:42:56,094 [main] INFO  handler.ContextHandler (ContextHandler.java:doStop(1159)) - Stopped o.e.j.s.ServletContextHandler@5522f9b{static,/static,file:///home/runner/work/ozone/ozone/hadoop-ozone/integration-test/target/test-classes/webapps/static,STOPPED}
2025-05-13 07:42:56,094 [main] INFO  handler.ContextHandler (ContextHandler.java:doStop(1159)) - Stopped o.e.j.s.ServletContextHandler@21288943{logs,/logs,file:///home/runner/work/ozone/ozone/hadoop-ozone/integration-test/target/log,STOPPED}
2025-05-13 07:42:56,096 [main] INFO  server.StorageContainerManager (StorageContainerManager.java:stop(1654)) - Stopping SCM LayoutVersionManager Service.
2025-05-13 07:42:56,096 [main] INFO  server.SCMSecurityProtocolServer (SCMSecurityProtocolServer.java:stop(510)) - Stopping the SCMSecurityProtocolServer.
2025-05-13 07:42:56,096 [main] INFO  ipc.Server (Server.java:stop(3697)) - Stopping server on 15003
2025-05-13 07:42:56,096 [IPC Server listener on 15003] INFO  ipc.Server (Server.java:run(1585)) - Stopping IPC Server listener on 15003
2025-05-13 07:42:56,097 [main] INFO  server.StorageContainerManager (StorageContainerManager.java:stop(1666)) - Stopping Block Manager Service.
2025-05-13 07:42:56,097 [main] INFO  utils.BackgroundService (BackgroundService.java:shutdown(160)) - Shutting down service SCMBlockDeletingService
2025-05-13 07:42:56,097 [IPC Server Responder] INFO  ipc.Server (Server.java:run(1718)) - Stopping IPC Server Responder
2025-05-13 07:42:56,098 [main] INFO  utils.BackgroundService (BackgroundService.java:shutdown(160)) - Shutting down service SCMBlockDeletingService
2025-05-13 07:42:56,098 [main] INFO  server.StorageContainerManager (StorageContainerManager.java:stop(1691)) - Stopping SCM Event Queue.
2025-05-13 07:42:56,100 [main] INFO  server.StorageContainerManager (StorageContainerManager.java:stop(1698)) - Stopping SCM HA services.
2025-05-13 07:42:56,100 [main] INFO  ha.SCMRatisServerImpl (SCMRatisServerImpl.java:stop(266)) - stopping ratis server 0.0.0.0:15004
2025-05-13 07:42:56,101 [main] INFO  server.RaftServer (RaftServerProxy.java:lambda$close$9(417)) - 33016780-7470-431a-bddf-7f866c4402ef: close
2025-05-13 07:42:56,101 [main] INFO  server.GrpcService (GrpcService.java:closeImpl(343)) - 33016780-7470-431a-bddf-7f866c4402ef: shutdown server GrpcServerProtocolService now
2025-05-13 07:42:56,101 [33016780-7470-431a-bddf-7f866c4402ef-impl-thread1] INFO  server.RaftServer$Division (RaftServerImpl.java:lambda$close$1(513)) - 33016780-7470-431a-bddf-7f866c4402ef@group-7ADF274817CE: shutdown
2025-05-13 07:42:56,101 [33016780-7470-431a-bddf-7f866c4402ef-impl-thread1] INFO  util.JmxRegister (JmxRegister.java:unregister(74)) - Successfully un-registered JMX Bean with object name Ratis:service=RaftServer,group=group-7ADF274817CE,id=33016780-7470-431a-bddf-7f866c4402ef
2025-05-13 07:42:56,101 [33016780-7470-431a-bddf-7f866c4402ef-impl-thread1] INFO  impl.RoleInfo (RoleInfo.java:shutdownLeaderState(103)) - 33016780-7470-431a-bddf-7f866c4402ef: shutdown 33016780-7470-431a-bddf-7f866c4402ef@group-7ADF274817CE-LeaderStateImpl
2025-05-13 07:42:56,102 [33016780-7470-431a-bddf-7f866c4402ef-impl-thread1] INFO  impl.PendingRequests (PendingRequests.java:sendNotLeaderResponses(287)) - 33016780-7470-431a-bddf-7f866c4402ef@group-7ADF274817CE-PendingRequests: sendNotLeaderResponses
2025-05-13 07:42:56,102 [33016780-7470-431a-bddf-7f866c4402ef-impl-thread1] INFO  ha.SCMStateMachine (SCMStateMachine.java:notifyNotLeader(211)) - current leader SCM steps down.
2025-05-13 07:42:56,102 [33016780-7470-431a-bddf-7f866c4402ef-impl-thread1] INFO  ha.SCMContext (SCMContext.java:updateLeaderAndTerm(95)) - update <isLeader,term> from <true,2> to <false,0>
2025-05-13 07:42:56,102 [33016780-7470-431a-bddf-7f866c4402ef-impl-thread1] INFO  ha.SCMContext (SCMContext.java:updateLeaderAndTerm(101)) - update <isLeaderReady> from <true> to <false>
2025-05-13 07:42:56,102 [main] INFO  server.GrpcService (GrpcService.java:closeImpl(352)) - 33016780-7470-431a-bddf-7f866c4402ef: shutdown server GrpcServerProtocolService successfully
2025-05-13 07:42:56,103 [33016780-7470-431a-bddf-7f866c4402ef-impl-thread1] INFO  impl.StateMachineUpdater (StateMachineUpdater.java:stopAndJoin(164)) - 33016780-7470-431a-bddf-7f866c4402ef@group-7ADF274817CE-StateMachineUpdater: set stopIndex = 4
2025-05-13 07:42:56,104 [33016780-7470-431a-bddf-7f866c4402ef@group-7ADF274817CE-StateMachineUpdater] INFO  ha.SCMStateMachine (SCMStateMachine.java:takeSnapshot(330)) - Current Snapshot Index 4, takeSnapshot took 1 ms
2025-05-13 07:42:56,105 [33016780-7470-431a-bddf-7f866c4402ef@group-7ADF274817CE-StateMachineUpdater] INFO  impl.StateMachineUpdater (StateMachineUpdater.java:takeSnapshot(303)) - 33016780-7470-431a-bddf-7f866c4402ef@group-7ADF274817CE-StateMachineUpdater: Took a snapshot at index 4
2025-05-13 07:42:56,105 [33016780-7470-431a-bddf-7f866c4402ef@group-7ADF274817CE-StateMachineUpdater] INFO  impl.StateMachineUpdater (StateMachineUpdater.java:lambda$new$0(102)) - 33016780-7470-431a-bddf-7f866c4402ef@group-7ADF274817CE-StateMachineUpdater: snapshotIndex: updateIncreasingly -1 -> 4
2025-05-13 07:42:56,105 [33016780-7470-431a-bddf-7f866c4402ef@group-7ADF274817CE-StateMachineUpdater] INFO  impl.StateMachineUpdater (StateMachineUpdater.java:stop(141)) - 33016780-7470-431a-bddf-7f866c4402ef@group-7ADF274817CE-StateMachineUpdater: closing SCMStateMachine, lastApplied=(t:2, i:4)
2025-05-13 07:42:56,105 [33016780-7470-431a-bddf-7f866c4402ef@group-7ADF274817CE-cacheEviction-AwaitToRun] INFO  util.AwaitToRun (AwaitToRun.java:run(49)) - 33016780-7470-431a-bddf-7f866c4402ef@group-7ADF274817CE-cacheEviction-AwaitToRun-AwaitForSignal is interrupted
2025-05-13 07:42:56,666 [33016780-7470-431a-bddf-7f866c4402ef-impl-thread1] INFO  segmented.SegmentedRaftLogWorker (SegmentedRaftLogWorker.java:close(252)) - 33016780-7470-431a-bddf-7f866c4402ef@group-7ADF274817CE-SegmentedRaftLogWorker close()
2025-05-13 07:42:56,667 [JvmPauseMonitor1] INFO  util.JvmPauseMonitor (JvmPauseMonitor.java:run(152)) - JvmPauseMonitor-33016780-7470-431a-bddf-7f866c4402ef: Stopped
2025-05-13 07:42:56,667 [main] INFO  SCMHATransactionMonitor (BackgroundSCMService.java:stop(127)) - Stopping SCMHATransactionMonitor Service.
2025-05-13 07:42:56,667 [SCMHATransactionMonitor] WARN  SCMHATransactionMonitor (BackgroundSCMService.java:run(111)) - SCMHATransactionMonitor is interrupted, exit
2025-05-13 07:42:56,668 [main] INFO  pipeline.BackgroundPipelineCreator (BackgroundPipelineCreator.java:stop(154)) - Stopping RatisPipelineUtilsThread.
2025-05-13 07:42:56,668 [RatisPipelineUtilsThread-0] WARN  pipeline.BackgroundPipelineCreator (BackgroundPipelineCreator.java:run(185)) - RatisPipelineUtilsThread is interrupted.
2025-05-13 07:42:56,668 [main] INFO  BackgroundPipelineScrubber (BackgroundSCMService.java:stop(127)) - Stopping BackgroundPipelineScrubber Service.
2025-05-13 07:42:56,668 [BackgroundPipelineScrubber] WARN  BackgroundPipelineScrubber (BackgroundSCMService.java:run(111)) - BackgroundPipelineScrubber is interrupted, exit
2025-05-13 07:42:56,669 [main] INFO  impl.MetricsSystemImpl (MetricsSystemImpl.java:stop(210)) - Stopping StorageContainerManager metrics system...
2025-05-13 07:42:56,669 [prometheus] INFO  impl.MetricsSinkAdapter (MetricsSinkAdapter.java:publishMetricsFromQueue(141)) - prometheus thread interrupted.
2025-05-13 07:42:56,669 [main] INFO  impl.MetricsSystemImpl (MetricsSystemImpl.java:stop(216)) - StorageContainerManager metrics system stopped.
2025-05-13 07:42:56,670 [main] WARN  pipeline.BackgroundPipelineCreator (BackgroundPipelineCreator.java:stop(150)) - RatisPipelineUtilsThread is not running, just ignore.
2025-05-13 07:42:56,670 [main] INFO  BackgroundPipelineScrubber (BackgroundSCMService.java:stop(122)) - BackgroundPipelineScrubber Service is not running, skip stop.
2025-05-13 07:42:56,670 [main] INFO  ExpiredContainerReplicaOpScrubber (BackgroundSCMService.java:stop(127)) - Stopping ExpiredContainerReplicaOpScrubber Service.
2025-05-13 07:42:56,670 [ExpiredContainerReplicaOpScrubber] WARN  ExpiredContainerReplicaOpScrubber (BackgroundSCMService.java:run(111)) - ExpiredContainerReplicaOpScrubber is interrupted, exit
2025-05-13 07:42:56,670 [main] INFO  utils.BackgroundService (BackgroundService.java:shutdown(160)) - Shutting down service SCMBlockDeletingService
2025-05-13 07:42:56,670 [main] INFO  replication.ReplicationManager (ReplicationManager.java:stop(323)) - Replication Monitor Thread is not running.
2025-05-13 07:42:56,670 [main] WARN  balancer.ContainerBalancer (ContainerBalancer.java:stop(350)) - Cannot stop Container Balancer because it's not running or stopping
2025-05-13 07:42:56,671 [main] INFO  SCMHATransactionMonitor (BackgroundSCMService.java:stop(122)) - SCMHATransactionMonitor Service is not running, skip stop.
2025-05-13 07:42:56,671 [LeaseManager#LeaseMonitor] WARN  lease.LeaseManager (LeaseManager.java:run(285)) - Lease manager is interrupted. Shutting down...
java.lang.InterruptedException
	at java.base/java.util.concurrent.locks.AbstractQueuedSynchronizer.tryAcquireSharedNanos(AbstractQueuedSynchronizer.java:1133)
	at java.base/java.util.concurrent.Semaphore.tryAcquire(Semaphore.java:415)
	at org.apache.hadoop.ozone.lease.LeaseManager$LeaseMonitor.run(LeaseManager.java:283)
	at java.base/java.lang.Thread.run(Thread.java:1583)
2025-05-13 07:42:56,671 [main] INFO  server.StorageContainerManager (StorageContainerManager.java:stop(1733)) - Stopping SCM MetadataStore.
2025-05-13 07:42:56,676 [main] INFO  impl.DefaultInternalKdcServerImpl (DefaultInternalKdcServerImpl.java:doStop(102)) - Default Internal kdc server stopped.
2025-05-13 07:42:57,676 [main] INFO  minikdc.MiniKdc (MiniKdc.java:stop(359)) - MiniKdc stopped.
2025-05-13 07:42:57,676 [main] INFO  server.StorageContainerManager (StorageContainerManager.java:stop(1597)) - Storage Container Manager is not running.
2025-05-13 07:42:57,677 [main] INFO  server.StorageContainerManager (StorageContainerManager.java:stopReplicationManager(1742)) - Stopping Replication Manager Service.
2025-05-13 07:42:57,677 [main] INFO  replication.ReplicationManager (ReplicationManager.java:stop(323)) - Replication Monitor Thread is not running.
2025-05-13 07:42:57,677 [main] INFO  server.SCMSecurityProtocolServer (SCMSecurityProtocolServer.java:join(519)) - Join RPC server for SCMSecurityProtocolServer.
2025-05-13 07:42:57,677 [main] INFO  server.SCMSecurityProtocolServer (SCMSecurityProtocolServer.java:join(521)) - Join gRPC server for SCMSecurityProtocolServer.
]]></system-out>
  </testcase>
  <testcase name="testSecureOmReInit" classname="org.apache.hadoop.ozone.TestSecureOzoneCluster" time="10.523">
    <error message="Problem binding to [pkrvmberfyhpb9w.internal.cloudapp.net:15013] java.net.BindException: Cannot assign requested address; For more details see:  http://wiki.apache.org/hadoop/BindException" type="java.net.BindException"><![CDATA[java.net.BindException: Problem binding to [pkrvmberfyhpb9w.internal.cloudapp.net:15013] java.net.BindException: Cannot assign requested address; For more details see:  http://wiki.apache.org/hadoop/BindException
	at java.base/jdk.internal.reflect.DirectConstructorHandleAccessor.newInstance(DirectConstructorHandleAccessor.java:62)
	at java.base/java.lang.reflect.Constructor.newInstanceWithCaller(Constructor.java:502)
	at java.base/java.lang.reflect.Constructor.newInstance(Constructor.java:486)
	at org.apache.hadoop.net.NetUtils.wrapWithMessage(NetUtils.java:961)
	at org.apache.hadoop.net.NetUtils.wrapException(NetUtils.java:857)
	at org.apache.hadoop.ipc.Server.bind(Server.java:715)
	at org.apache.hadoop.ipc.Server$Listener.<init>(Server.java:1435)
	at org.apache.hadoop.ipc.Server.<init>(Server.java:3364)
	at org.apache.hadoop.ipc.RPC$Server.<init>(RPC.java:1195)
	at org.apache.hadoop.ipc.ProtobufRpcEngine2$Server.<init>(ProtobufRpcEngine2.java:485)
	at org.apache.hadoop.ipc.ProtobufRpcEngine$Server.<init>(ProtobufRpcEngine.java:452)
	at org.apache.hadoop.ipc.ProtobufRpcEngine.getServer(ProtobufRpcEngine.java:375)
	at org.apache.hadoop.ipc.RPC$Builder.build(RPC.java:986)
	at org.apache.hadoop.ozone.om.OzoneManager.startRpcServer(OzoneManager.java:1414)
	at org.apache.hadoop.ozone.om.OzoneManager.getRpcServer(OzoneManager.java:1376)
	at org.apache.hadoop.ozone.om.OzoneManager.<init>(OzoneManager.java:695)
	at org.apache.hadoop.ozone.om.OzoneManager.createOm(OzoneManager.java:877)
	at org.apache.hadoop.ozone.TestSecureOzoneCluster.testSecureOmReInit(TestSecureOzoneCluster.java:833)
	at java.base/java.lang.reflect.Method.invoke(Method.java:580)
	at java.base/java.util.ArrayList.forEach(ArrayList.java:1596)
	at java.base/java.util.ArrayList.forEach(ArrayList.java:1596)
Caused by: java.net.BindException: Cannot assign requested address
	at java.base/sun.nio.ch.Net.bind0(Native Method)
	at java.base/sun.nio.ch.Net.bind(Net.java:565)
	at java.base/sun.nio.ch.ServerSocketChannelImpl.netBind(ServerSocketChannelImpl.java:344)
	at java.base/sun.nio.ch.ServerSocketChannelImpl.bind(ServerSocketChannelImpl.java:301)
	at java.base/sun.nio.ch.ServerSocketAdaptor.bind(ServerSocketAdaptor.java:89)
	at org.apache.hadoop.ipc.Server.bind(Server.java:698)
	... 15 more
]]></error>
    <system-out><![CDATA[2025-05-13 07:42:57,716 [main] INFO  minikdc.MiniKdc (MiniKdc.java:<init>(225)) - Configuration:
2025-05-13 07:42:57,716 [main] INFO  minikdc.MiniKdc (MiniKdc.java:<init>(226)) - ---------------------------------------------------------------
2025-05-13 07:42:57,716 [main] INFO  minikdc.MiniKdc (MiniKdc.java:<init>(228)) -   max.renewable.lifetime: 604800000
2025-05-13 07:42:57,716 [main] INFO  minikdc.MiniKdc (MiniKdc.java:<init>(228)) -   instance: DefaultKrbServer
2025-05-13 07:42:57,716 [main] INFO  minikdc.MiniKdc (MiniKdc.java:<init>(228)) -   debug: false
2025-05-13 07:42:57,716 [main] INFO  minikdc.MiniKdc (MiniKdc.java:<init>(228)) -   kdc.bind.address: localhost
2025-05-13 07:42:57,716 [main] INFO  minikdc.MiniKdc (MiniKdc.java:<init>(228)) -   max.ticket.lifetime: 86400000
2025-05-13 07:42:57,716 [main] INFO  minikdc.MiniKdc (MiniKdc.java:<init>(228)) -   transport: TCP
2025-05-13 07:42:57,716 [main] INFO  minikdc.MiniKdc (MiniKdc.java:<init>(228)) -   org.name: EXAMPLE
2025-05-13 07:42:57,717 [main] INFO  minikdc.MiniKdc (MiniKdc.java:<init>(228)) -   org.domain: COM
2025-05-13 07:42:57,717 [main] INFO  minikdc.MiniKdc (MiniKdc.java:<init>(228)) -   kdc.port: 0
2025-05-13 07:42:57,717 [main] INFO  minikdc.MiniKdc (MiniKdc.java:<init>(230)) - ---------------------------------------------------------------
2025-05-13 07:42:57,718 [main] INFO  minikdc.MiniKdc (MiniKdc.java:start(285)) - MiniKdc started.
2025-05-13 07:42:57,924 [main] INFO  keys.KeyStorage (KeyStorage.java:storePublicKey(210)) - Storing public key to /tmp/junit-9214812903889702170/om-meta/om/keys/public.pem.
2025-05-13 07:42:57,925 [main] INFO  keys.KeyStorage (KeyStorage.java:storePrivateKey(194)) - Storing private key to /tmp/junit-9214812903889702170/om-meta/om/keys/private.pem.
2025-05-13 07:42:57,925 [main] INFO  om.OzoneManager (OzoneManager.java:getOmDetailsProto(4941)) - OzoneManager ports added:[name: "RPC"
value: 15013
]
2025-05-13 07:42:57,929 [main] WARN  server.ServerUtils (ServerUtils.java:getScmDbDir(138)) - ozone.scm.db.dirs is not configured. We recommend adding this setting. Falling back to ozone.metadata.dirs instead.
2025-05-13 07:42:57,930 [main] INFO  ha.HASecurityUtils (HASecurityUtils.java:initializeSecurity(79)) - Initializing secure StorageContainerManager.
2025-05-13 07:42:57,930 [main] INFO  proxy.SCMSecurityProtocolFailoverProxyProvider (SCMFailoverProxyProviderBase.java:<init>(120)) - Created fail-over proxy for protocol SCMSecurityProtocolPB with 1 nodes: [nodeId=scmNodeId,nodeAddress=localhost/127.0.0.1:15010]
2025-05-13 07:42:57,931 [main] INFO  client.SCMCertificateClient (DefaultCertificateClient.java:updateCertSerialId(1289)) - Certificate serial ID set to null
2025-05-13 07:42:57,931 [main] ERROR client.SCMCertificateClient (DefaultCertificateClient.java:getCertPath(373)) - Default certificate serial id is not set. Can't locate the default certificate for this client.
2025-05-13 07:42:57,931 [main] INFO  client.SCMCertificateClient (DefaultCertificateClient.java:init(717)) - Certificate client init case: 0
2025-05-13 07:42:57,931 [main] INFO  client.SCMCertificateClient (DefaultCertificateClient.java:handleCase(735)) - Creating keypair for client as keypair and certificate not found.
2025-05-13 07:42:58,008 [main] INFO  keys.KeyStorage (KeyStorage.java:storePublicKey(210)) - Storing public key to /tmp/junit-9214812903889702170/scm-meta/scm/sub-ca/keys/public.pem.
2025-05-13 07:42:58,009 [main] INFO  keys.KeyStorage (KeyStorage.java:storePrivateKey(194)) - Storing private key to /tmp/junit-9214812903889702170/scm-meta/scm/sub-ca/keys/private.pem.
2025-05-13 07:42:58,009 [main] INFO  client.SCMCertificateClient (SCMCertificateClient.java:recoverStateIfNeeded(278)) - Init response: GETCERT
2025-05-13 07:42:58,010 [main] INFO  keys.KeyStorage (KeyStorage.java:readPublicKey(174)) - Reading public key from /tmp/junit-9214812903889702170/scm-meta/scm/ca/keys/public.pem.
2025-05-13 07:42:58,011 [main] ERROR keys.KeyStorage (KeyStorage.java:readPublicKey(178)) - Failed to read the public key.
java.nio.file.NoSuchFileException: /tmp/junit-9214812903889702170/scm-meta/scm/ca/keys/public.pem
	at java.base/sun.nio.fs.UnixException.translateToIOException(UnixException.java:92)
	at java.base/sun.nio.fs.UnixException.rethrowAsIOException(UnixException.java:106)
	at java.base/sun.nio.fs.UnixException.rethrowAsIOException(UnixException.java:111)
	at java.base/sun.nio.fs.UnixFileSystemProvider.newByteChannel(UnixFileSystemProvider.java:261)
	at java.base/java.nio.file.Files.newByteChannel(Files.java:380)
	at java.base/java.nio.file.Files.newByteChannel(Files.java:432)
	at java.base/java.nio.file.Files.readAllBytes(Files.java:3281)
	at org.apache.hadoop.hdds.security.x509.keys.KeyStorage.readPublicKey(KeyStorage.java:176)
	at org.apache.hadoop.hdds.security.x509.keys.KeyStorage.readKeyPair(KeyStorage.java:184)
	at org.apache.hadoop.hdds.security.x509.certificate.authority.DefaultCAServer.checkIfKeysExist(DefaultCAServer.java:354)
	at org.apache.hadoop.hdds.security.x509.certificate.authority.DefaultCAServer.verifySelfSignedCA(DefaultCAServer.java:323)
	at org.apache.hadoop.hdds.security.x509.certificate.authority.DefaultCAServer.init(DefaultCAServer.java:162)
	at org.apache.hadoop.hdds.security.x509.certificate.client.SCMCertificateClient.initializeRootCertificateServer(SCMCertificateClient.java:396)
	at org.apache.hadoop.hdds.security.x509.certificate.client.SCMCertificateClient.getPrimarySCMSelfSignedCert(SCMCertificateClient.java:346)
	at org.apache.hadoop.hdds.security.x509.certificate.client.SCMCertificateClient.recoverStateIfNeeded(SCMCertificateClient.java:287)
	at org.apache.hadoop.hdds.security.x509.certificate.client.DefaultCertificateClient.initWithRecovery(DefaultCertificateClient.java:698)
	at org.apache.hadoop.hdds.scm.ha.HASecurityUtils.initializeSecurity(HASecurityUtils.java:96)
	at org.apache.hadoop.ozone.TestSecureOzoneCluster.initSCM(TestSecureOzoneCluster.java:450)
	at org.apache.hadoop.ozone.TestSecureOzoneCluster.testSecureOmReInit(TestSecureOzoneCluster.java:825)
	at java.base/jdk.internal.reflect.DirectMethodHandleAccessor.invoke(DirectMethodHandleAccessor.java:103)
	at java.base/java.lang.reflect.Method.invoke(Method.java:580)
	at org.junit.platform.commons.util.ReflectionUtils.invokeMethod(ReflectionUtils.java:775)
	at org.junit.platform.commons.support.ReflectionSupport.invokeMethod(ReflectionSupport.java:479)
	at org.junit.jupiter.engine.execution.MethodInvocation.proceed(MethodInvocation.java:60)
	at org.junit.jupiter.engine.execution.InvocationInterceptorChain$ValidatingInvocation.proceed(InvocationInterceptorChain.java:131)
	at org.junit.jupiter.engine.extension.SameThreadTimeoutInvocation.proceed(SameThreadTimeoutInvocation.java:49)
	at org.junit.jupiter.engine.extension.TimeoutExtension.intercept(TimeoutExtension.java:161)
	at org.junit.jupiter.engine.extension.TimeoutExtension.interceptTestableMethod(TimeoutExtension.java:152)
	at org.junit.jupiter.engine.extension.TimeoutExtension.interceptTestMethod(TimeoutExtension.java:91)
	at org.junit.jupiter.engine.execution.InterceptingExecutableInvoker$ReflectiveInterceptorCall.lambda$ofVoidMethod$0(InterceptingExecutableInvoker.java:112)
	at org.junit.jupiter.engine.execution.InterceptingExecutableInvoker.lambda$invoke$0(InterceptingExecutableInvoker.java:94)
	at org.junit.jupiter.engine.execution.InvocationInterceptorChain$InterceptedInvocation.proceed(InvocationInterceptorChain.java:106)
	at org.junit.jupiter.engine.execution.InvocationInterceptorChain.proceed(InvocationInterceptorChain.java:64)
	at org.junit.jupiter.engine.execution.InvocationInterceptorChain.chainAndInvoke(InvocationInterceptorChain.java:45)
	at org.junit.jupiter.engine.execution.InvocationInterceptorChain.invoke(InvocationInterceptorChain.java:37)
	at org.junit.jupiter.engine.execution.InterceptingExecutableInvoker.invoke(InterceptingExecutableInvoker.java:93)
	at org.junit.jupiter.engine.execution.InterceptingExecutableInvoker.invoke(InterceptingExecutableInvoker.java:87)
	at org.junit.jupiter.engine.descriptor.TestMethodTestDescriptor.lambda$invokeTestMethod$7(TestMethodTestDescriptor.java:216)
	at org.junit.platform.engine.support.hierarchical.ThrowableCollector.execute(ThrowableCollector.java:73)
	at org.junit.jupiter.engine.descriptor.TestMethodTestDescriptor.invokeTestMethod(TestMethodTestDescriptor.java:212)
	at org.junit.jupiter.engine.descriptor.TestMethodTestDescriptor.execute(TestMethodTestDescriptor.java:137)
	at org.junit.jupiter.engine.descriptor.TestMethodTestDescriptor.execute(TestMethodTestDescriptor.java:69)
	at org.junit.platform.engine.support.hierarchical.NodeTestTask.lambda$executeRecursively$6(NodeTestTask.java:156)
	at org.junit.platform.engine.support.hierarchical.ThrowableCollector.execute(ThrowableCollector.java:73)
	at org.junit.platform.engine.support.hierarchical.NodeTestTask.lambda$executeRecursively$8(NodeTestTask.java:146)
	at org.junit.platform.engine.support.hierarchical.Node.around(Node.java:137)
	at org.junit.platform.engine.support.hierarchical.NodeTestTask.lambda$executeRecursively$9(NodeTestTask.java:144)
	at org.junit.platform.engine.support.hierarchical.ThrowableCollector.execute(ThrowableCollector.java:73)
	at org.junit.platform.engine.support.hierarchical.NodeTestTask.executeRecursively(NodeTestTask.java:143)
	at org.junit.platform.engine.support.hierarchical.NodeTestTask.execute(NodeTestTask.java:100)
	at java.base/java.util.ArrayList.forEach(ArrayList.java:1596)
	at org.junit.platform.engine.support.hierarchical.SameThreadHierarchicalTestExecutorService.invokeAll(SameThreadHierarchicalTestExecutorService.java:41)
	at org.junit.platform.engine.support.hierarchical.NodeTestTask.lambda$executeRecursively$6(NodeTestTask.java:160)
	at org.junit.platform.engine.support.hierarchical.ThrowableCollector.execute(ThrowableCollector.java:73)
	at org.junit.platform.engine.support.hierarchical.NodeTestTask.lambda$executeRecursively$8(NodeTestTask.java:146)
	at org.junit.platform.engine.support.hierarchical.Node.around(Node.java:137)
	at org.junit.platform.engine.support.hierarchical.NodeTestTask.lambda$executeRecursively$9(NodeTestTask.java:144)
	at org.junit.platform.engine.support.hierarchical.ThrowableCollector.execute(ThrowableCollector.java:73)
	at org.junit.platform.engine.support.hierarchical.NodeTestTask.executeRecursively(NodeTestTask.java:143)
	at org.junit.platform.engine.support.hierarchical.NodeTestTask.execute(NodeTestTask.java:100)
	at java.base/java.util.ArrayList.forEach(ArrayList.java:1596)
	at org.junit.platform.engine.support.hierarchical.SameThreadHierarchicalTestExecutorService.invokeAll(SameThreadHierarchicalTestExecutorService.java:41)
	at org.junit.platform.engine.support.hierarchical.NodeTestTask.lambda$executeRecursively$6(NodeTestTask.java:160)
	at org.junit.platform.engine.support.hierarchical.ThrowableCollector.execute(ThrowableCollector.java:73)
	at org.junit.platform.engine.support.hierarchical.NodeTestTask.lambda$executeRecursively$8(NodeTestTask.java:146)
	at org.junit.platform.engine.support.hierarchical.Node.around(Node.java:137)
	at org.junit.platform.engine.support.hierarchical.NodeTestTask.lambda$executeRecursively$9(NodeTestTask.java:144)
	at org.junit.platform.engine.support.hierarchical.ThrowableCollector.execute(ThrowableCollector.java:73)
	at org.junit.platform.engine.support.hierarchical.NodeTestTask.executeRecursively(NodeTestTask.java:143)
	at org.junit.platform.engine.support.hierarchical.NodeTestTask.execute(NodeTestTask.java:100)
	at org.junit.platform.engine.support.hierarchical.SameThreadHierarchicalTestExecutorService.submit(SameThreadHierarchicalTestExecutorService.java:35)
	at org.junit.platform.engine.support.hierarchical.HierarchicalTestExecutor.execute(HierarchicalTestExecutor.java:57)
	at org.junit.platform.engine.support.hierarchical.HierarchicalTestEngine.execute(HierarchicalTestEngine.java:54)
	at org.junit.platform.launcher.core.EngineExecutionOrchestrator.execute(EngineExecutionOrchestrator.java:201)
	at org.junit.platform.launcher.core.EngineExecutionOrchestrator.execute(EngineExecutionOrchestrator.java:170)
	at org.junit.platform.launcher.core.EngineExecutionOrchestrator.execute(EngineExecutionOrchestrator.java:94)
	at org.junit.platform.launcher.core.EngineExecutionOrchestrator.lambda$execute$0(EngineExecutionOrchestrator.java:59)
	at org.junit.platform.launcher.core.EngineExecutionOrchestrator.withInterceptedStreams(EngineExecutionOrchestrator.java:142)
	at org.junit.platform.launcher.core.EngineExecutionOrchestrator.execute(EngineExecutionOrchestrator.java:58)
	at org.junit.platform.launcher.core.DefaultLauncher.execute(DefaultLauncher.java:103)
	at org.junit.platform.launcher.core.DefaultLauncher.execute(DefaultLauncher.java:85)
	at org.junit.platform.launcher.core.DelegatingLauncher.execute(DelegatingLauncher.java:47)
	at org.junit.platform.launcher.core.InterceptingLauncher.lambda$execute$1(InterceptingLauncher.java:39)
	at org.junit.platform.launcher.core.ClasspathAlignmentCheckingLauncherInterceptor.intercept(ClasspathAlignmentCheckingLauncherInterceptor.java:25)
	at org.junit.platform.launcher.core.InterceptingLauncher.execute(InterceptingLauncher.java:38)
	at org.junit.platform.launcher.core.DelegatingLauncher.execute(DelegatingLauncher.java:47)
	at org.apache.maven.surefire.junitplatform.LazyLauncher.execute(LazyLauncher.java:56)
	at org.apache.maven.surefire.junitplatform.JUnitPlatformProvider.execute(JUnitPlatformProvider.java:184)
	at org.apache.maven.surefire.junitplatform.JUnitPlatformProvider.invokeAllTests(JUnitPlatformProvider.java:148)
	at org.apache.maven.surefire.junitplatform.JUnitPlatformProvider.invoke(JUnitPlatformProvider.java:120)
	at org.apache.maven.surefire.booter.ForkedBooter.runSuitesInProcess(ForkedBooter.java:385)
	at org.apache.maven.surefire.booter.ForkedBooter.execute(ForkedBooter.java:162)
	at org.apache.maven.surefire.booter.ForkedBooter.run(ForkedBooter.java:507)
	at org.apache.maven.surefire.booter.ForkedBooter.main(ForkedBooter.java:495)
2025-05-13 07:42:58,766 [main] INFO  keys.KeyStorage (KeyStorage.java:storePublicKey(210)) - Storing public key to /tmp/junit-9214812903889702170/scm-meta/scm/ca/keys/public.pem.
2025-05-13 07:42:58,767 [main] INFO  keys.KeyStorage (KeyStorage.java:storePrivateKey(194)) - Storing private key to /tmp/junit-9214812903889702170/scm-meta/scm/ca/keys/private.pem.
2025-05-13 07:42:58,768 [main] INFO  ozone.OzoneSecurityUtil (OzoneSecurityUtil.java:getValidInetsForCurrentHost(116)) - ip:fe80:0:0:0:222:48ff:fe46:ea58%eth0 not returned.
2025-05-13 07:42:58,773 [main] INFO  ozone.OzoneSecurityUtil (OzoneSecurityUtil.java:getValidInetsForCurrentHost(113)) - Adding ip:10.1.1.24,host:10.1.1.24
2025-05-13 07:42:58,773 [main] INFO  ozone.OzoneSecurityUtil (OzoneSecurityUtil.java:getValidInetsForCurrentHost(116)) - ip:0:0:0:0:0:0:0:1%lo not returned.
2025-05-13 07:42:58,773 [main] INFO  ozone.OzoneSecurityUtil (OzoneSecurityUtil.java:getValidInetsForCurrentHost(116)) - ip:127.0.0.1 not returned.
2025-05-13 07:42:58,777 [main] ERROR utils.SelfSignedCertificate (SelfSignedCertificate.java:lambda$addInetAddresses$0(244)) - Invalid domain 10.1.1.24
2025-05-13 07:42:58,781 [main] INFO  utils.SelfSignedCertificate (SelfSignedCertificate.java:generateCertificate(156)) - Certificate 1 is issued by SERIALNUMBER=1, O=de5480ba-ac40-44e3-b8bd-449e480d4b58, OU=f4bacb90-9d91-4a22-a416-18e936ed4b04, CN=scm@pkrvmberfyhpb9w to SERIALNUMBER=1, O=de5480ba-ac40-44e3-b8bd-449e480d4b58, OU=f4bacb90-9d91-4a22-a416-18e936ed4b04, CN=scm@pkrvmberfyhpb9w, valid from Tue May 13 07:42:58 UTC 2025 to Fri Jun 21 07:42:58 UTC 2030
2025-05-13 07:42:58,781 [main] INFO  utils.CertificateCodec (CertificateCodec.java:writeCertificate(239)) - Save certificate to /tmp/junit-9214812903889702170/scm-meta/scm/ca/certs/certificate.crt
2025-05-13 07:42:58,781 [main] INFO  utils.CertificateCodec (CertificateCodec.java:writeCertificate(240)) - Certificate -----BEGIN CERTIFICATE-----
MIIDwTCCAqmgAwIBAgIBATANBgkqhkiG9w0BAQsFADCBiDEcMBoGA1UEAwwTc2Nt
QHBrcnZtYmVyZnlocGI5dzEtMCsGA1UECwwkZjRiYWNiOTAtOWQ5MS00YTIyLWE0
MTYtMThlOTM2ZWQ0YjA0MS0wKwYDVQQKDCRkZTU0ODBiYS1hYzQwLTQ0ZTMtYjhi
ZC00NDllNDgwZDRiNTgxCjAIBgNVBAUTATEwHhcNMjUwNTEzMDc0MjU4WhcNMzAw
NjIxMDc0MjU4WjCBiDEcMBoGA1UEAwwTc2NtQHBrcnZtYmVyZnlocGI5dzEtMCsG
A1UECwwkZjRiYWNiOTAtOWQ5MS00YTIyLWE0MTYtMThlOTM2ZWQ0YjA0MS0wKwYD
VQQKDCRkZTU0ODBiYS1hYzQwLTQ0ZTMtYjhiZC00NDllNDgwZDRiNTgxCjAIBgNV
BAUTATEwggEiMA0GCSqGSIb3DQEBAQUAA4IBDwAwggEKAoIBAQC5EZgEU2t8FqTi
48tUd0sbm3utTmeR2yg/Gq6vIlulYnPX7caR4Xz6Sjlb+Pks7oi9k1BpA5tu38x1
RnlacdIQaSvsL9IkHakl0OdmZdOWpy+l2HCVABZAUbARkK6YHkYdCzzgVQ3nPANd
l+CgcMXfX7onJxzW4b16zGuYVfF1Za6klguEH4fPaATj0tdns4xV9+WoJWQRV7Os
Ye064JF6HzdoTJyzixc8+r3toDIplaQ0WBG5vRjl8RNTdunfRUIXQeEO4/ley92k
bc1FzLR2TnezsZh8BQsV+MpHQ+Majtp8sAcpwHLnGfhnmp8ecBjKC78WhqplkyCM
TRsHPUvrAgMBAAGjNDAyMA8GA1UdEwEB/wQFMAMBAf8wDgYDVR0PAQH/BAQDAgEG
MA8GA1UdEQQIMAaHBAoBARgwDQYJKoZIhvcNAQELBQADggEBAH/HjmGLqzBflgQJ
1ySnnHnV9Lc99s9mujGRKSS236IyhOzGUThkKuGhofq30DaaZPDCJVB0pQmZsfk4
+CShSR/L6PnIW5pAWck4/rSoLB22dhDsU+lE1gz+wQA5UHE9msr4drwMD5t1sGiG
Ngk7NJBDbovS0A6sXcN/U0WZnlgQa3JzGikCJ0KQ9vuo9xNg673EOI3IhBVqnDhp
jstpcvhI1LE+b5nOBYTAgg2IkgOS4y9HYtG7/oUUVVzFtoQm4y1KUivxM5un3M7f
0qez9ZY7MtDOS9OYPPOYk6Vmn15W32pMf4/9iYU+rkiEDLX9bJt2C/4mqlRq4I1p
pe6BGjc=
-----END CERTIFICATE-----

2025-05-13 07:42:58,782 [main] INFO  keys.KeyStorage (KeyStorage.java:readPublicKey(174)) - Reading public key from /tmp/junit-9214812903889702170/scm-meta/scm/ca/keys/public.pem.
2025-05-13 07:42:58,782 [main] INFO  keys.KeyStorage (KeyStorage.java:readPrivateKey(158)) - Reading private key from /tmp/junit-9214812903889702170/scm-meta/scm/ca/keys/private.pem.
2025-05-13 07:42:58,783 [main] INFO  client.SCMCertificateClient (SCMCertificateClient.java:configureCSRBuilder(141)) - Creating csr for SCM->hostName:pkrvmberfyhpb9w,scmId:f4bacb90-9d91-4a22-a416-18e936ed4b04,clusterId:de5480ba-ac40-44e3-b8bd-449e480d4b58,subject:scm-sub@pkrvmberfyhpb9w
2025-05-13 07:42:58,784 [main] INFO  ozone.OzoneSecurityUtil (OzoneSecurityUtil.java:getValidInetsForCurrentHost(116)) - ip:fe80:0:0:0:222:48ff:fe46:ea58%eth0 not returned.
2025-05-13 07:42:58,787 [main] INFO  ozone.OzoneSecurityUtil (OzoneSecurityUtil.java:getValidInetsForCurrentHost(113)) - Adding ip:10.1.1.24,host:10.1.1.24
2025-05-13 07:42:58,787 [main] INFO  ozone.OzoneSecurityUtil (OzoneSecurityUtil.java:getValidInetsForCurrentHost(116)) - ip:0:0:0:0:0:0:0:1%lo not returned.
2025-05-13 07:42:58,787 [main] INFO  ozone.OzoneSecurityUtil (OzoneSecurityUtil.java:getValidInetsForCurrentHost(116)) - ip:127.0.0.1 not returned.
2025-05-13 07:42:58,791 [main] ERROR utils.CertificateSignRequest (CertificateSignRequest.java:lambda$addInetAddresses$0(316)) - Invalid domain 10.1.1.24
2025-05-13 07:42:58,793 [main] INFO  keys.KeyStorage (KeyStorage.java:readPrivateKey(158)) - Reading private key from /tmp/junit-9214812903889702170/scm-meta/scm/ca/keys/private.pem.
2025-05-13 07:42:58,795 [main] INFO  authority.DefaultApprover (DefaultApprover.java:sign(171)) - Extensions in CSR: 2.5.29.19, 2.5.29.15, 2.5.29.17
2025-05-13 07:42:58,795 [main] INFO  authority.DefaultApprover (DefaultApprover.java:sign(175)) - Extensions to add to the certificate if they present in CSR: 2.5.29.15, 2.5.29.17, 2.5.29.35, 2.5.29.37, 2.5.29.19, 1.3.6.1.5.5.7.1.12
2025-05-13 07:42:58,799 [main] INFO  utils.CertificateCodec (CertificateCodec.java:writeCertificate(239)) - Save certificate to /tmp/junit-9214812903889702170/scm-meta/scm/sub-ca/certs/CA-1.crt
2025-05-13 07:42:58,799 [main] INFO  utils.CertificateCodec (CertificateCodec.java:writeCertificate(240)) - Certificate -----BEGIN CERTIFICATE-----
MIIDwTCCAqmgAwIBAgIBATANBgkqhkiG9w0BAQsFADCBiDEcMBoGA1UEAwwTc2Nt
QHBrcnZtYmVyZnlocGI5dzEtMCsGA1UECwwkZjRiYWNiOTAtOWQ5MS00YTIyLWE0
MTYtMThlOTM2ZWQ0YjA0MS0wKwYDVQQKDCRkZTU0ODBiYS1hYzQwLTQ0ZTMtYjhi
ZC00NDllNDgwZDRiNTgxCjAIBgNVBAUTATEwHhcNMjUwNTEzMDc0MjU4WhcNMzAw
NjIxMDc0MjU4WjCBiDEcMBoGA1UEAwwTc2NtQHBrcnZtYmVyZnlocGI5dzEtMCsG
A1UECwwkZjRiYWNiOTAtOWQ5MS00YTIyLWE0MTYtMThlOTM2ZWQ0YjA0MS0wKwYD
VQQKDCRkZTU0ODBiYS1hYzQwLTQ0ZTMtYjhiZC00NDllNDgwZDRiNTgxCjAIBgNV
BAUTATEwggEiMA0GCSqGSIb3DQEBAQUAA4IBDwAwggEKAoIBAQC5EZgEU2t8FqTi
48tUd0sbm3utTmeR2yg/Gq6vIlulYnPX7caR4Xz6Sjlb+Pks7oi9k1BpA5tu38x1
RnlacdIQaSvsL9IkHakl0OdmZdOWpy+l2HCVABZAUbARkK6YHkYdCzzgVQ3nPANd
l+CgcMXfX7onJxzW4b16zGuYVfF1Za6klguEH4fPaATj0tdns4xV9+WoJWQRV7Os
Ye064JF6HzdoTJyzixc8+r3toDIplaQ0WBG5vRjl8RNTdunfRUIXQeEO4/ley92k
bc1FzLR2TnezsZh8BQsV+MpHQ+Majtp8sAcpwHLnGfhnmp8ecBjKC78WhqplkyCM
TRsHPUvrAgMBAAGjNDAyMA8GA1UdEwEB/wQFMAMBAf8wDgYDVR0PAQH/BAQDAgEG
MA8GA1UdEQQIMAaHBAoBARgwDQYJKoZIhvcNAQELBQADggEBAH/HjmGLqzBflgQJ
1ySnnHnV9Lc99s9mujGRKSS236IyhOzGUThkKuGhofq30DaaZPDCJVB0pQmZsfk4
+CShSR/L6PnIW5pAWck4/rSoLB22dhDsU+lE1gz+wQA5UHE9msr4drwMD5t1sGiG
Ngk7NJBDbovS0A6sXcN/U0WZnlgQa3JzGikCJ0KQ9vuo9xNg673EOI3IhBVqnDhp
jstpcvhI1LE+b5nOBYTAgg2IkgOS4y9HYtG7/oUUVVzFtoQm4y1KUivxM5un3M7f
0qez9ZY7MtDOS9OYPPOYk6Vmn15W32pMf4/9iYU+rkiEDLX9bJt2C/4mqlRq4I1p
pe6BGjc=
-----END CERTIFICATE-----

2025-05-13 07:42:58,801 [main] INFO  utils.CertificateCodec (CertificateCodec.java:writeCertificate(239)) - Save certificate to /tmp/junit-9214812903889702170/scm-meta/scm/sub-ca/certs/2.crt
2025-05-13 07:42:58,801 [main] INFO  utils.CertificateCodec (CertificateCodec.java:writeCertificate(240)) - Certificate -----BEGIN CERTIFICATE-----
MIIDxTCCAq2gAwIBAgIBAjANBgkqhkiG9w0BAQsFADCBiDEcMBoGA1UEAwwTc2Nt
QHBrcnZtYmVyZnlocGI5dzEtMCsGA1UECwwkZjRiYWNiOTAtOWQ5MS00YTIyLWE0
MTYtMThlOTM2ZWQ0YjA0MS0wKwYDVQQKDCRkZTU0ODBiYS1hYzQwLTQ0ZTMtYjhi
ZC00NDllNDgwZDRiNTgxCjAIBgNVBAUTATEwHhcNMjUwNTEzMDc0MjU4WhcNMzAw
NjIxMDc0MjU4WjCBjDEgMB4GA1UEAwwXc2NtLXN1YkBwa3J2bWJlcmZ5aHBiOXcx
LTArBgNVBAsMJGY0YmFjYjkwLTlkOTEtNGEyMi1hNDE2LTE4ZTkzNmVkNGIwNDEt
MCsGA1UECgwkZGU1NDgwYmEtYWM0MC00NGUzLWI4YmQtNDQ5ZTQ4MGQ0YjU4MQow
CAYDVQQFEwEyMIIBIjANBgkqhkiG9w0BAQEFAAOCAQ8AMIIBCgKCAQEAkW/NTDXp
A5ysruEBFy81duQqM3G6RGkhBQZDY5NWmbDldAo+uiucIxOiMfapEdgGiFBqg7TJ
hpBdODhfkUS9gp1RiCjrnWKfl39U6pn1PuNXg2bui+ca7OUDma9t/QRR3gw/YloK
xY1oPXfSI9kVO2/OqRiMgrOCA9wLzIWeEGC7rl+VJik80tQmgbhKzSA3u8uGlWMz
3iRlAXgE1sMrA+St7UjdDH5+LMweHoo9KTu52KHwLKBbvJtDs2qq84bITlsMM1T4
O5qz/tS24cKqMg78x6svru7OVCWO+zojyogZ1N/GTsf4Ll/t4MdtGfpN1b8cXRXJ
tP+uzS5MTOY4yQIDAQABozQwMjAOBgNVHQ8BAf8EBAMCAb4wDwYDVR0RBAgwBocE
CgEBGDAPBgNVHRMBAf8EBTADAQH/MA0GCSqGSIb3DQEBCwUAA4IBAQBxCpNs2EFP
BIp+TtcTe8zRfdZDnweJQpVU5IIhiCg8GMsRd1iE79u5JReWEXxEeL6XOnx4bw+B
K0Id8DMMGXZWG5ZVlGQ5NfKrlG15FWaYcEOIBIMkXMqFnxIK/PE0Ywc4K4yCeEqM
klVYiLILbU47yzH2Ell9y2oTJWLuJ2HJu/2g7TzQTOFBCJfEdceQaevEyc0R8pdT
YvEhD1dZnTQYP8Al24RKMQfmEASyJ8uWyUDUQAYPpp2CYLE5kmfMVqLDyUlUOTdn
W3y5eKKOIh1fKrzk1fcXiZhg4Ju7XnwSLWQGX364L6wroTA7FXG25n6/dR9A6exX
ZlbvIzSwQE5O
-----END CERTIFICATE-----

-----BEGIN CERTIFICATE-----
MIIDwTCCAqmgAwIBAgIBATANBgkqhkiG9w0BAQsFADCBiDEcMBoGA1UEAwwTc2Nt
QHBrcnZtYmVyZnlocGI5dzEtMCsGA1UECwwkZjRiYWNiOTAtOWQ5MS00YTIyLWE0
MTYtMThlOTM2ZWQ0YjA0MS0wKwYDVQQKDCRkZTU0ODBiYS1hYzQwLTQ0ZTMtYjhi
ZC00NDllNDgwZDRiNTgxCjAIBgNVBAUTATEwHhcNMjUwNTEzMDc0MjU4WhcNMzAw
NjIxMDc0MjU4WjCBiDEcMBoGA1UEAwwTc2NtQHBrcnZtYmVyZnlocGI5dzEtMCsG
A1UECwwkZjRiYWNiOTAtOWQ5MS00YTIyLWE0MTYtMThlOTM2ZWQ0YjA0MS0wKwYD
VQQKDCRkZTU0ODBiYS1hYzQwLTQ0ZTMtYjhiZC00NDllNDgwZDRiNTgxCjAIBgNV
BAUTATEwggEiMA0GCSqGSIb3DQEBAQUAA4IBDwAwggEKAoIBAQC5EZgEU2t8FqTi
48tUd0sbm3utTmeR2yg/Gq6vIlulYnPX7caR4Xz6Sjlb+Pks7oi9k1BpA5tu38x1
RnlacdIQaSvsL9IkHakl0OdmZdOWpy+l2HCVABZAUbARkK6YHkYdCzzgVQ3nPANd
l+CgcMXfX7onJxzW4b16zGuYVfF1Za6klguEH4fPaATj0tdns4xV9+WoJWQRV7Os
Ye064JF6HzdoTJyzixc8+r3toDIplaQ0WBG5vRjl8RNTdunfRUIXQeEO4/ley92k
bc1FzLR2TnezsZh8BQsV+MpHQ+Majtp8sAcpwHLnGfhnmp8ecBjKC78WhqplkyCM
TRsHPUvrAgMBAAGjNDAyMA8GA1UdEwEB/wQFMAMBAf8wDgYDVR0PAQH/BAQDAgEG
MA8GA1UdEQQIMAaHBAoBARgwDQYJKoZIhvcNAQELBQADggEBAH/HjmGLqzBflgQJ
1ySnnHnV9Lc99s9mujGRKSS236IyhOzGUThkKuGhofq30DaaZPDCJVB0pQmZsfk4
+CShSR/L6PnIW5pAWck4/rSoLB22dhDsU+lE1gz+wQA5UHE9msr4drwMD5t1sGiG
Ngk7NJBDbovS0A6sXcN/U0WZnlgQa3JzGikCJ0KQ9vuo9xNg673EOI3IhBVqnDhp
jstpcvhI1LE+b5nOBYTAgg2IkgOS4y9HYtG7/oUUVVzFtoQm4y1KUivxM5un3M7f
0qez9ZY7MtDOS9OYPPOYk6Vmn15W32pMf4/9iYU+rkiEDLX9bJt2C/4mqlRq4I1p
pe6BGjc=
-----END CERTIFICATE-----

2025-05-13 07:42:58,801 [main] INFO  utils.CertificateCodec (CertificateCodec.java:writeCertificate(239)) - Save certificate to /tmp/junit-9214812903889702170/scm-meta/scm/sub-ca/certs/certificate.crt
2025-05-13 07:42:58,801 [main] INFO  utils.CertificateCodec (CertificateCodec.java:writeCertificate(240)) - Certificate -----BEGIN CERTIFICATE-----
MIIDxTCCAq2gAwIBAgIBAjANBgkqhkiG9w0BAQsFADCBiDEcMBoGA1UEAwwTc2Nt
QHBrcnZtYmVyZnlocGI5dzEtMCsGA1UECwwkZjRiYWNiOTAtOWQ5MS00YTIyLWE0
MTYtMThlOTM2ZWQ0YjA0MS0wKwYDVQQKDCRkZTU0ODBiYS1hYzQwLTQ0ZTMtYjhi
ZC00NDllNDgwZDRiNTgxCjAIBgNVBAUTATEwHhcNMjUwNTEzMDc0MjU4WhcNMzAw
NjIxMDc0MjU4WjCBjDEgMB4GA1UEAwwXc2NtLXN1YkBwa3J2bWJlcmZ5aHBiOXcx
LTArBgNVBAsMJGY0YmFjYjkwLTlkOTEtNGEyMi1hNDE2LTE4ZTkzNmVkNGIwNDEt
MCsGA1UECgwkZGU1NDgwYmEtYWM0MC00NGUzLWI4YmQtNDQ5ZTQ4MGQ0YjU4MQow
CAYDVQQFEwEyMIIBIjANBgkqhkiG9w0BAQEFAAOCAQ8AMIIBCgKCAQEAkW/NTDXp
A5ysruEBFy81duQqM3G6RGkhBQZDY5NWmbDldAo+uiucIxOiMfapEdgGiFBqg7TJ
hpBdODhfkUS9gp1RiCjrnWKfl39U6pn1PuNXg2bui+ca7OUDma9t/QRR3gw/YloK
xY1oPXfSI9kVO2/OqRiMgrOCA9wLzIWeEGC7rl+VJik80tQmgbhKzSA3u8uGlWMz
3iRlAXgE1sMrA+St7UjdDH5+LMweHoo9KTu52KHwLKBbvJtDs2qq84bITlsMM1T4
O5qz/tS24cKqMg78x6svru7OVCWO+zojyogZ1N/GTsf4Ll/t4MdtGfpN1b8cXRXJ
tP+uzS5MTOY4yQIDAQABozQwMjAOBgNVHQ8BAf8EBAMCAb4wDwYDVR0RBAgwBocE
CgEBGDAPBgNVHRMBAf8EBTADAQH/MA0GCSqGSIb3DQEBCwUAA4IBAQBxCpNs2EFP
BIp+TtcTe8zRfdZDnweJQpVU5IIhiCg8GMsRd1iE79u5JReWEXxEeL6XOnx4bw+B
K0Id8DMMGXZWG5ZVlGQ5NfKrlG15FWaYcEOIBIMkXMqFnxIK/PE0Ywc4K4yCeEqM
klVYiLILbU47yzH2Ell9y2oTJWLuJ2HJu/2g7TzQTOFBCJfEdceQaevEyc0R8pdT
YvEhD1dZnTQYP8Al24RKMQfmEASyJ8uWyUDUQAYPpp2CYLE5kmfMVqLDyUlUOTdn
W3y5eKKOIh1fKrzk1fcXiZhg4Ju7XnwSLWQGX364L6wroTA7FXG25n6/dR9A6exX
ZlbvIzSwQE5O
-----END CERTIFICATE-----

-----BEGIN CERTIFICATE-----
MIIDwTCCAqmgAwIBAgIBATANBgkqhkiG9w0BAQsFADCBiDEcMBoGA1UEAwwTc2Nt
QHBrcnZtYmVyZnlocGI5dzEtMCsGA1UECwwkZjRiYWNiOTAtOWQ5MS00YTIyLWE0
MTYtMThlOTM2ZWQ0YjA0MS0wKwYDVQQKDCRkZTU0ODBiYS1hYzQwLTQ0ZTMtYjhi
ZC00NDllNDgwZDRiNTgxCjAIBgNVBAUTATEwHhcNMjUwNTEzMDc0MjU4WhcNMzAw
NjIxMDc0MjU4WjCBiDEcMBoGA1UEAwwTc2NtQHBrcnZtYmVyZnlocGI5dzEtMCsG
A1UECwwkZjRiYWNiOTAtOWQ5MS00YTIyLWE0MTYtMThlOTM2ZWQ0YjA0MS0wKwYD
VQQKDCRkZTU0ODBiYS1hYzQwLTQ0ZTMtYjhiZC00NDllNDgwZDRiNTgxCjAIBgNV
BAUTATEwggEiMA0GCSqGSIb3DQEBAQUAA4IBDwAwggEKAoIBAQC5EZgEU2t8FqTi
48tUd0sbm3utTmeR2yg/Gq6vIlulYnPX7caR4Xz6Sjlb+Pks7oi9k1BpA5tu38x1
RnlacdIQaSvsL9IkHakl0OdmZdOWpy+l2HCVABZAUbARkK6YHkYdCzzgVQ3nPANd
l+CgcMXfX7onJxzW4b16zGuYVfF1Za6klguEH4fPaATj0tdns4xV9+WoJWQRV7Os
Ye064JF6HzdoTJyzixc8+r3toDIplaQ0WBG5vRjl8RNTdunfRUIXQeEO4/ley92k
bc1FzLR2TnezsZh8BQsV+MpHQ+Majtp8sAcpwHLnGfhnmp8ecBjKC78WhqplkyCM
TRsHPUvrAgMBAAGjNDAyMA8GA1UdEwEB/wQFMAMBAf8wDgYDVR0PAQH/BAQDAgEG
MA8GA1UdEQQIMAaHBAoBARgwDQYJKoZIhvcNAQELBQADggEBAH/HjmGLqzBflgQJ
1ySnnHnV9Lc99s9mujGRKSS236IyhOzGUThkKuGhofq30DaaZPDCJVB0pQmZsfk4
+CShSR/L6PnIW5pAWck4/rSoLB22dhDsU+lE1gz+wQA5UHE9msr4drwMD5t1sGiG
Ngk7NJBDbovS0A6sXcN/U0WZnlgQa3JzGikCJ0KQ9vuo9xNg673EOI3IhBVqnDhp
jstpcvhI1LE+b5nOBYTAgg2IkgOS4y9HYtG7/oUUVVzFtoQm4y1KUivxM5un3M7f
0qez9ZY7MtDOS9OYPPOYk6Vmn15W32pMf4/9iYU+rkiEDLX9bJt2C/4mqlRq4I1p
pe6BGjc=
-----END CERTIFICATE-----

2025-05-13 07:42:58,801 [main] INFO  client.SCMCertificateClient (SCMCertificateClient.java:recoverStateIfNeeded(289)) - Successfully stored SCM signed certificate.
2025-05-13 07:42:58,803 [main] INFO  ha.SCMHANodeDetails (SCMHANodeDetails.java:loadSCMHAConfig(162)) - ServiceID for StorageContainerManager is null
2025-05-13 07:42:58,803 [main] INFO  ha.SCMHANodeDetails (SCMHANodeDetails.java:loadSCMHAConfig(166)) - ozone.scm.default.service.id is not defined, falling back to ozone.scm.service.ids to find serviceID for StorageContainerManager if it is HA enabled cluster
2025-05-13 07:42:58,804 [main] INFO  server.RaftServerConfigKeys (ConfUtils.java:logGet(46)) - raft.server.log.appender.buffer.byte-limit = 4194304 (custom)
2025-05-13 07:42:58,805 [main] INFO  server.RaftServer (ConfUtils.java:logGet(46)) - raft.rpc.type = GRPC (default)
2025-05-13 07:42:58,805 [main] INFO  grpc.GrpcConfigKeys (ConfUtils.java:logFallback(53)) - raft.grpc.admin.host = null (fallback to raft.grpc.server.host)
2025-05-13 07:42:58,805 [main] INFO  grpc.GrpcConfigKeys (ConfUtils.java:logFallback(53)) - raft.grpc.admin.port = 15011 (fallback to raft.grpc.server.port)
2025-05-13 07:42:58,806 [main] INFO  grpc.GrpcConfigKeys (ConfUtils.java:logFallback(53)) - raft.grpc.client.host = null (fallback to raft.grpc.server.host)
2025-05-13 07:42:58,806 [main] INFO  grpc.GrpcConfigKeys (ConfUtils.java:logFallback(53)) - raft.grpc.client.port = 15011 (fallback to raft.grpc.server.port)
2025-05-13 07:42:58,806 [main] INFO  grpc.GrpcConfigKeys (ConfUtils.java:logGet(46)) - raft.grpc.server.host = null (default)
2025-05-13 07:42:58,806 [main] INFO  grpc.GrpcConfigKeys (ConfUtils.java:logGet(46)) - raft.grpc.server.port = 15011 (custom)
2025-05-13 07:42:58,806 [main] INFO  server.GrpcService (ConfUtils.java:logGet(46)) - raft.grpc.message.size.max = 5242880 (custom)
2025-05-13 07:42:58,806 [main] INFO  server.GrpcService (ConfUtils.java:logGet(46)) - raft.grpc.flow.control.window = 1MB (=1048576) (default)
2025-05-13 07:42:58,806 [main] INFO  server.RaftServerConfigKeys (ConfUtils.java:logGet(46)) - raft.server.rpc.request.timeout = 30000ms (custom)
2025-05-13 07:42:58,806 [main] INFO  grpc.GrpcConfigKeys (ConfUtils.java:logGet(46)) - raft.grpc.server.heartbeat.channel = true (default)
2025-05-13 07:42:58,807 [main] INFO  server.RaftServerConfigKeys (ConfUtils.java:logGet(46)) - raft.server.log.appender.buffer.byte-limit = 4194304 (custom)
2025-05-13 07:42:58,807 [main] INFO  grpc.GrpcConfigKeys (ConfUtils.java:logGet(46)) - raft.grpc.server.async.request.thread.pool.cached = true (default)
2025-05-13 07:42:58,807 [main] INFO  grpc.GrpcConfigKeys (ConfUtils.java:logGet(46)) - raft.grpc.server.async.request.thread.pool.size = 32 (default)
2025-05-13 07:42:58,808 [main] INFO  impl.DataStreamServerImpl (ConfUtils.java:logGet(46)) - raft.datastream.type = DISABLED (default)
2025-05-13 07:42:58,808 [main] INFO  server.RaftServerConfigKeys (ConfUtils.java:logGet(46)) - raft.server.sleep.deviation.threshold = 300ms (default)
2025-05-13 07:42:58,808 [main] INFO  server.RaftServerConfigKeys (ConfUtils.java:logGet(46)) - raft.server.close.threshold = 60s (default)
2025-05-13 07:42:58,809 [main] INFO  server.RaftServerConfigKeys (ConfUtils.java:logGet(46)) - raft.server.leaderelection.leader.step-down.wait-time = 10s (default)
2025-05-13 07:42:58,809 [main] INFO  server.RaftServerConfigKeys (ConfUtils.java:logGet(46)) - raft.server.storage.dir = [/tmp/junit-9214812903889702170/scm-meta/scm-ha] (custom)
2025-05-13 07:42:58,809 [main] INFO  server.RaftServerConfigKeys (ConfUtils.java:logGet(46)) - raft.server.threadpool.proxy.cached = true (default)
2025-05-13 07:42:58,809 [main] INFO  server.RaftServerConfigKeys (ConfUtils.java:logGet(46)) - raft.server.threadpool.proxy.size = 0 (default)
2025-05-13 07:42:58,810 [main] INFO  server.RaftServer (RaftServerProxy.java:addNew(100)) - f4bacb90-9d91-4a22-a416-18e936ed4b04: addNew group-449E480D4B58:[f4bacb90-9d91-4a22-a416-18e936ed4b04|pkrvmberfyhpb9w:15011] returns group-449E480D4B58:java.util.concurrent.CompletableFuture@6e1bd2b[Not completed]
2025-05-13 07:42:58,810 [f4bacb90-9d91-4a22-a416-18e936ed4b04-groupManagement] INFO  server.RaftServer$Division (RaftServerImpl.java:<init>(255)) - f4bacb90-9d91-4a22-a416-18e936ed4b04: new RaftServerImpl for group-449E480D4B58:[f4bacb90-9d91-4a22-a416-18e936ed4b04|pkrvmberfyhpb9w:15011] with SCMStateMachine:uninitialized
2025-05-13 07:42:58,810 [f4bacb90-9d91-4a22-a416-18e936ed4b04-groupManagement] INFO  server.RaftServerConfigKeys (ConfUtils.java:logGet(46)) - raft.server.rpc.timeout.min = 5000ms (custom)
2025-05-13 07:42:58,810 [f4bacb90-9d91-4a22-a416-18e936ed4b04-groupManagement] INFO  server.RaftServerConfigKeys (ConfUtils.java:logGet(46)) - raft.server.rpc.timeout.max = 5200ms (custom)
2025-05-13 07:42:58,810 [f4bacb90-9d91-4a22-a416-18e936ed4b04-groupManagement] INFO  server.RaftServerConfigKeys (ConfUtils.java:logGet(46)) - raft.server.rpc.sleep.time = 25ms (default)
2025-05-13 07:42:58,810 [f4bacb90-9d91-4a22-a416-18e936ed4b04-groupManagement] INFO  server.RaftServerConfigKeys (ConfUtils.java:logGet(46)) - raft.server.rpc.slowness.timeout = 120000ms (custom)
2025-05-13 07:42:58,810 [f4bacb90-9d91-4a22-a416-18e936ed4b04-groupManagement] INFO  server.RaftServerConfigKeys (ConfUtils.java:logGet(46)) - raft.server.leaderelection.leader.step-down.wait-time = 10s (default)
2025-05-13 07:42:58,810 [f4bacb90-9d91-4a22-a416-18e936ed4b04-groupManagement] INFO  server.RaftServerConfigKeys (ConfUtils.java:logGet(46)) - raft.server.leaderelection.member.majority-add = false (default)
2025-05-13 07:42:58,810 [f4bacb90-9d91-4a22-a416-18e936ed4b04-groupManagement] INFO  server.RaftServerConfigKeys (ConfUtils.java:logGet(46)) - raft.server.sleep.deviation.threshold = 300ms (default)
2025-05-13 07:42:58,810 [f4bacb90-9d91-4a22-a416-18e936ed4b04-groupManagement] INFO  server.RaftServer$Division (ServerState.java:<init>(114)) - f4bacb90-9d91-4a22-a416-18e936ed4b04@group-449E480D4B58: ConfigurationManager, init=conf: {index: -1, cur=peers:[f4bacb90-9d91-4a22-a416-18e936ed4b04|pkrvmberfyhpb9w:15011]|listeners:[], old=null}, confs=<EMPTY_MAP>
2025-05-13 07:42:58,811 [f4bacb90-9d91-4a22-a416-18e936ed4b04-groupManagement] INFO  server.RaftServerConfigKeys (ConfUtils.java:logGet(46)) - raft.server.notification.no-leader.timeout = 60s (default)
2025-05-13 07:42:58,811 [f4bacb90-9d91-4a22-a416-18e936ed4b04-groupManagement] INFO  server.RaftServerConfigKeys (ConfUtils.java:logGet(46)) - raft.server.read.timeout = 10s (default)
2025-05-13 07:42:58,811 [f4bacb90-9d91-4a22-a416-18e936ed4b04-groupManagement] INFO  server.RaftServerConfigKeys (ConfUtils.java:logGet(46)) - raft.server.retrycache.expirytime = 60000ms (default)
2025-05-13 07:42:58,811 [f4bacb90-9d91-4a22-a416-18e936ed4b04-groupManagement] INFO  server.RaftServerConfigKeys (ConfUtils.java:logGet(46)) - raft.server.retrycache.statistics.expirytime = 100ms (default)
2025-05-13 07:42:58,811 [f4bacb90-9d91-4a22-a416-18e936ed4b04-groupManagement] INFO  server.RaftServerConfigKeys (ConfUtils.java:logGet(46)) - raft.server.read.option = DEFAULT (default)
2025-05-13 07:42:58,811 [f4bacb90-9d91-4a22-a416-18e936ed4b04-groupManagement] INFO  server.RaftServerConfigKeys (ConfUtils.java:logGet(46)) - raft.server.read.read-after-write-consistent.write-index-cache.expiry-time = 60s (default)
2025-05-13 07:42:58,813 [f4bacb90-9d91-4a22-a416-18e936ed4b04-groupManagement] INFO  server.RaftServerConfigKeys (ConfUtils.java:logGet(46)) - raft.server.rpc.request.timeout = 30000ms (custom)
2025-05-13 07:42:58,813 [f4bacb90-9d91-4a22-a416-18e936ed4b04-groupManagement] INFO  server.RaftServerConfigKeys (ConfUtils.java:logGet(46)) - raft.server.log.appender.install.snapshot.enabled = false (custom)
2025-05-13 07:42:58,813 [f4bacb90-9d91-4a22-a416-18e936ed4b04-groupManagement] INFO  server.RaftServerConfigKeys (ConfUtils.java:logGet(46)) - raft.server.threadpool.server.cached = true (default)
2025-05-13 07:42:58,813 [f4bacb90-9d91-4a22-a416-18e936ed4b04-groupManagement] INFO  server.RaftServerConfigKeys (ConfUtils.java:logGet(46)) - raft.server.threadpool.server.size = 0 (default)
2025-05-13 07:42:58,813 [f4bacb90-9d91-4a22-a416-18e936ed4b04-groupManagement] INFO  server.RaftServerConfigKeys (ConfUtils.java:logGet(46)) - raft.server.threadpool.client.cached = true (default)
2025-05-13 07:42:58,813 [f4bacb90-9d91-4a22-a416-18e936ed4b04-groupManagement] INFO  server.RaftServerConfigKeys (ConfUtils.java:logGet(46)) - raft.server.threadpool.client.size = 0 (default)
2025-05-13 07:42:58,813 [f4bacb90-9d91-4a22-a416-18e936ed4b04-impl-thread1] INFO  server.RaftServerConfigKeys (ConfUtils.java:logGet(46)) - raft.server.storage.free-space.min = 0MB (=0) (default)
2025-05-13 07:42:58,814 [f4bacb90-9d91-4a22-a416-18e936ed4b04-impl-thread1] INFO  server.RaftServerConfigKeys (ConfUtils.java:logGet(46)) - raft.server.log.corruption.policy = EXCEPTION (default)
2025-05-13 07:42:58,814 [f4bacb90-9d91-4a22-a416-18e936ed4b04-impl-thread1] INFO  server.RaftServerConfigKeys (ConfUtils.java:logGet(46)) - raft.server.storage.dir = [/tmp/junit-9214812903889702170/scm-meta/scm-ha] (custom)
2025-05-13 07:42:58,814 [f4bacb90-9d91-4a22-a416-18e936ed4b04-impl-thread1] INFO  storage.RaftStorageDirectory (RaftStorageDirectoryImpl.java:analyzeStorage(138)) - The storage directory /tmp/junit-9214812903889702170/scm-meta/scm-ha/de5480ba-ac40-44e3-b8bd-449e480d4b58 does not exist. Creating ...
2025-05-13 07:42:58,815 [f4bacb90-9d91-4a22-a416-18e936ed4b04-impl-thread1] INFO  storage.RaftStorageDirectory (RaftStorageDirectoryImpl.java:tryLock(229)) - Lock on /tmp/junit-9214812903889702170/scm-meta/scm-ha/de5480ba-ac40-44e3-b8bd-449e480d4b58/in_use.lock acquired by nodename 25269@pkrvmberfyhpb9w
2025-05-13 07:42:58,816 [f4bacb90-9d91-4a22-a416-18e936ed4b04-impl-thread1] INFO  storage.RaftStorage (RaftStorageImpl.java:format(98)) - Storage directory /tmp/junit-9214812903889702170/scm-meta/scm-ha/de5480ba-ac40-44e3-b8bd-449e480d4b58 has been successfully formatted.
2025-05-13 07:42:58,816 [f4bacb90-9d91-4a22-a416-18e936ed4b04-impl-thread1] INFO  ha.SCMStateMachine (SCMStateMachine.java:lambda$initialize$0(135)) - f4bacb90-9d91-4a22-a416-18e936ed4b04: initialize group-449E480D4B58
2025-05-13 07:42:58,816 [f4bacb90-9d91-4a22-a416-18e936ed4b04-impl-thread1] INFO  server.RaftServerConfigKeys (ConfUtils.java:logGet(46)) - raft.server.log.use.memory = false (default)
2025-05-13 07:42:58,817 [f4bacb90-9d91-4a22-a416-18e936ed4b04-impl-thread1] INFO  server.RaftServerConfigKeys (ConfUtils.java:logGet(46)) - raft.server.log.purge.gap = 1000000 (custom)
2025-05-13 07:42:58,817 [f4bacb90-9d91-4a22-a416-18e936ed4b04-impl-thread1] INFO  server.RaftServerConfigKeys (ConfUtils.java:logGet(46)) - raft.server.log.appender.buffer.byte-limit = 4194304 (custom)
2025-05-13 07:42:58,817 [f4bacb90-9d91-4a22-a416-18e936ed4b04-impl-thread1] INFO  server.RaftServerConfigKeys (ConfUtils.java:logGet(46)) - raft.server.log.statemachine.data.read.timeout = 1000ms (default)
2025-05-13 07:42:58,817 [f4bacb90-9d91-4a22-a416-18e936ed4b04-impl-thread1] INFO  server.RaftServerConfigKeys (ConfUtils.java:logGet(46)) - raft.server.log.purge.preservation.log.num = 0 (default)
2025-05-13 07:42:58,817 [f4bacb90-9d91-4a22-a416-18e936ed4b04-impl-thread1] INFO  server.RaftServerConfigKeys (ConfUtils.java:logGet(46)) - raft.server.log.segment.size.max = 4194304 (custom)
2025-05-13 07:42:58,818 [f4bacb90-9d91-4a22-a416-18e936ed4b04-impl-thread1] INFO  server.RaftServerConfigKeys (ConfUtils.java:logGet(46)) - raft.server.log.segment.cache.num.max = 2 (custom)
2025-05-13 07:42:58,818 [f4bacb90-9d91-4a22-a416-18e936ed4b04-impl-thread1] INFO  server.RaftServerConfigKeys (ConfUtils.java:logGet(46)) - raft.server.log.segment.cache.size.max = 200MB (=209715200) (default)
2025-05-13 07:42:58,818 [f4bacb90-9d91-4a22-a416-18e936ed4b04-impl-thread1] INFO  server.RaftServerConfigKeys (ConfUtils.java:logGet(46)) - raft.server.log.appender.buffer.byte-limit = 4194304 (custom)
2025-05-13 07:42:58,818 [f4bacb90-9d91-4a22-a416-18e936ed4b04-impl-thread1] INFO  util.AwaitToRun (AwaitToRun.java:start(81)) - Thread[#465,f4bacb90-9d91-4a22-a416-18e936ed4b04@group-449E480D4B58-cacheEviction-AwaitToRun,5,main] started
2025-05-13 07:42:58,818 [f4bacb90-9d91-4a22-a416-18e936ed4b04-impl-thread1] INFO  segmented.SegmentedRaftLogWorker (SegmentedRaftLogWorker.java:<init>(188)) - new f4bacb90-9d91-4a22-a416-18e936ed4b04@group-449E480D4B58-SegmentedRaftLogWorker for RaftStorageImpl:Storage Directory /tmp/junit-9214812903889702170/scm-meta/scm-ha/de5480ba-ac40-44e3-b8bd-449e480d4b58
2025-05-13 07:42:58,818 [f4bacb90-9d91-4a22-a416-18e936ed4b04-impl-thread1] INFO  server.RaftServerConfigKeys (ConfUtils.java:logGet(46)) - raft.server.log.queue.byte-limit = 64MB (=67108864) (default)
2025-05-13 07:42:58,818 [f4bacb90-9d91-4a22-a416-18e936ed4b04-impl-thread1] INFO  server.RaftServerConfigKeys (ConfUtils.java:logGet(46)) - raft.server.log.queue.element-limit = 4096 (default)
2025-05-13 07:42:58,818 [f4bacb90-9d91-4a22-a416-18e936ed4b04-impl-thread1] INFO  server.RaftServerConfigKeys (ConfUtils.java:logGet(46)) - raft.server.log.segment.size.max = 4194304 (custom)
2025-05-13 07:42:58,818 [f4bacb90-9d91-4a22-a416-18e936ed4b04-impl-thread1] INFO  server.RaftServerConfigKeys (ConfUtils.java:logGet(46)) - raft.server.log.preallocated.size = 4194304 (custom)
2025-05-13 07:42:58,818 [f4bacb90-9d91-4a22-a416-18e936ed4b04-impl-thread1] INFO  server.RaftServerConfigKeys (ConfUtils.java:logGet(46)) - raft.server.log.force.sync.num = 128 (default)
2025-05-13 07:42:58,818 [f4bacb90-9d91-4a22-a416-18e936ed4b04-impl-thread1] INFO  server.RaftServerConfigKeys (ConfUtils.java:logGet(46)) - raft.server.log.statemachine.data.sync = true (default)
2025-05-13 07:42:58,819 [f4bacb90-9d91-4a22-a416-18e936ed4b04-impl-thread1] INFO  server.RaftServerConfigKeys (ConfUtils.java:logGet(46)) - raft.server.log.statemachine.data.sync.timeout = 10s (default)
2025-05-13 07:42:58,819 [f4bacb90-9d91-4a22-a416-18e936ed4b04-impl-thread1] INFO  server.RaftServerConfigKeys (ConfUtils.java:logGet(46)) - raft.server.log.statemachine.data.sync.timeout.retry = -1 (default)
2025-05-13 07:42:58,819 [f4bacb90-9d91-4a22-a416-18e936ed4b04-impl-thread1] INFO  server.RaftServerConfigKeys (ConfUtils.java:logGet(46)) - raft.server.log.write.buffer.size = 4194312 (custom)
2025-05-13 07:42:58,820 [f4bacb90-9d91-4a22-a416-18e936ed4b04-impl-thread1] INFO  server.RaftServerConfigKeys (ConfUtils.java:logGet(46)) - raft.server.log.appender.buffer.byte-limit = 4194304 (custom)
2025-05-13 07:42:58,820 [f4bacb90-9d91-4a22-a416-18e936ed4b04-impl-thread1] INFO  server.RaftServerConfigKeys (ConfUtils.java:logGet(46)) - raft.server.log.unsafe-flush.enabled = false (default)
2025-05-13 07:42:58,820 [f4bacb90-9d91-4a22-a416-18e936ed4b04-impl-thread1] INFO  server.RaftServerConfigKeys (ConfUtils.java:logGet(46)) - raft.server.log.async-flush.enabled = false (default)
2025-05-13 07:42:58,821 [f4bacb90-9d91-4a22-a416-18e936ed4b04-impl-thread1] INFO  server.RaftServerConfigKeys (ConfUtils.java:logGet(46)) - raft.server.log.statemachine.data.caching.enabled = false (default)
2025-05-13 07:42:58,821 [f4bacb90-9d91-4a22-a416-18e936ed4b04-impl-thread1] INFO  segmented.SegmentedRaftLogWorker (SegmentedRaftLogWorker.java:lambda$new$0(139)) - f4bacb90-9d91-4a22-a416-18e936ed4b04@group-449E480D4B58-SegmentedRaftLogWorker: flushIndex: setUnconditionally 0 -> -1
2025-05-13 07:42:58,821 [f4bacb90-9d91-4a22-a416-18e936ed4b04-impl-thread1] INFO  segmented.SegmentedRaftLogWorker (SegmentedRaftLogWorker.java:lambda$new$0(139)) - f4bacb90-9d91-4a22-a416-18e936ed4b04@group-449E480D4B58-SegmentedRaftLogWorker: safeCacheEvictIndex: setUnconditionally 0 -> -1
2025-05-13 07:42:58,821 [f4bacb90-9d91-4a22-a416-18e936ed4b04-impl-thread1] INFO  server.RaftServer$Division (RaftServerImpl.java:start(391)) - f4bacb90-9d91-4a22-a416-18e936ed4b04@group-449E480D4B58: start as a follower, conf=conf: {index: -1, cur=peers:[f4bacb90-9d91-4a22-a416-18e936ed4b04|pkrvmberfyhpb9w:15011]|listeners:[], old=null}
2025-05-13 07:42:58,821 [f4bacb90-9d91-4a22-a416-18e936ed4b04-impl-thread1] INFO  server.RaftServer$Division (RaftServerImpl.java:setRole(378)) - f4bacb90-9d91-4a22-a416-18e936ed4b04@group-449E480D4B58: changes role from      null to FOLLOWER at term 0 for startAsFollower
2025-05-13 07:42:58,821 [f4bacb90-9d91-4a22-a416-18e936ed4b04-impl-thread1] INFO  impl.RoleInfo (RoleInfo.java:updateAndGet(148)) - f4bacb90-9d91-4a22-a416-18e936ed4b04: start f4bacb90-9d91-4a22-a416-18e936ed4b04@group-449E480D4B58-FollowerState
2025-05-13 07:42:58,822 [f4bacb90-9d91-4a22-a416-18e936ed4b04-impl-thread1] INFO  util.JmxRegister (JmxRegister.java:tryRegister(44)) - Successfully registered JMX Bean with object name Ratis:service=RaftServer,group=group-449E480D4B58,id=f4bacb90-9d91-4a22-a416-18e936ed4b04
2025-05-13 07:42:58,822 [f4bacb90-9d91-4a22-a416-18e936ed4b04-impl-thread1] INFO  util.JmxRegister (JmxRegister.java:register(58)) - register mxBean class org.apache.ratis.server.impl.RaftServerJmxAdapter as Ratis:service=RaftServer,group=group-449E480D4B58,id=f4bacb90-9d91-4a22-a416-18e936ed4b04
2025-05-13 07:42:58,822 [f4bacb90-9d91-4a22-a416-18e936ed4b04-impl-thread1] INFO  server.RaftServerConfigKeys (ConfUtils.java:logGet(46)) - raft.server.snapshot.trigger-when-stop.enabled = true (default)
2025-05-13 07:42:58,822 [f4bacb90-9d91-4a22-a416-18e936ed4b04-impl-thread1] INFO  server.RaftServerConfigKeys (ConfUtils.java:logGet(46)) - raft.server.snapshot.trigger-when-remove.enabled = true (default)
2025-05-13 07:42:58,822 [f4bacb90-9d91-4a22-a416-18e936ed4b04-impl-thread1] INFO  server.RaftServerConfigKeys (ConfUtils.java:logGet(46)) - raft.server.snapshot.auto.trigger.enabled = true (custom)
2025-05-13 07:42:58,822 [f4bacb90-9d91-4a22-a416-18e936ed4b04-impl-thread1] INFO  server.RaftServerConfigKeys (ConfUtils.java:logGet(46)) - raft.server.snapshot.auto.trigger.threshold = 1000 (custom)
2025-05-13 07:42:58,822 [f4bacb90-9d91-4a22-a416-18e936ed4b04-impl-thread1] INFO  server.RaftServerConfigKeys (ConfUtils.java:logGet(46)) - raft.server.snapshot.retention.file.num = -1 (default)
2025-05-13 07:42:58,823 [f4bacb90-9d91-4a22-a416-18e936ed4b04-impl-thread1] INFO  server.RaftServerConfigKeys (ConfUtils.java:logGet(46)) - raft.server.log.purge.upto.snapshot.index = false (default)
2025-05-13 07:42:58,823 [f4bacb90-9d91-4a22-a416-18e936ed4b04-impl-thread1] INFO  server.RaftServer$Division (RaftServerImpl.java:start(405)) - f4bacb90-9d91-4a22-a416-18e936ed4b04@group-449E480D4B58: Successfully started.
2025-05-13 07:42:58,823 [main] INFO  server.RaftServer (RaftServerProxy.java:startImpl(407)) - f4bacb90-9d91-4a22-a416-18e936ed4b04: start RPC server
2025-05-13 07:42:58,824 [f4bacb90-9d91-4a22-a416-18e936ed4b04@group-449E480D4B58-FollowerState] INFO  server.RaftServerConfigKeys (ConfUtils.java:logFallback(53)) - raft.server.rpc.first-election.timeout.min = 5000ms (fallback to raft.server.rpc.timeout.min)
2025-05-13 07:42:58,824 [f4bacb90-9d91-4a22-a416-18e936ed4b04@group-449E480D4B58-FollowerState] INFO  server.RaftServerConfigKeys (ConfUtils.java:logFallback(53)) - raft.server.rpc.first-election.timeout.max = 5200ms (fallback to raft.server.rpc.timeout.max)
2025-05-13 07:42:58,825 [main] INFO  server.GrpcService (GrpcService.java:startImpl(334)) - f4bacb90-9d91-4a22-a416-18e936ed4b04: GrpcService started, listening on 15011
2025-05-13 07:42:58,825 [JvmPauseMonitor2] INFO  util.JvmPauseMonitor (JvmPauseMonitor.java:run(146)) - JvmPauseMonitor-f4bacb90-9d91-4a22-a416-18e936ed4b04: Started
2025-05-13 07:43:04,013 [f4bacb90-9d91-4a22-a416-18e936ed4b04@group-449E480D4B58-FollowerState] INFO  impl.FollowerState (FollowerState.java:runImpl(161)) - f4bacb90-9d91-4a22-a416-18e936ed4b04@group-449E480D4B58-FollowerState: change to CANDIDATE, lastRpcElapsedTime:5191869695ns, electionTimeout:5189ms
2025-05-13 07:43:04,013 [f4bacb90-9d91-4a22-a416-18e936ed4b04@group-449E480D4B58-FollowerState] INFO  impl.RoleInfo (RoleInfo.java:shutdownFollowerState(121)) - f4bacb90-9d91-4a22-a416-18e936ed4b04: shutdown f4bacb90-9d91-4a22-a416-18e936ed4b04@group-449E480D4B58-FollowerState
2025-05-13 07:43:04,014 [f4bacb90-9d91-4a22-a416-18e936ed4b04@group-449E480D4B58-FollowerState] INFO  server.RaftServer$Division (RaftServerImpl.java:setRole(378)) - f4bacb90-9d91-4a22-a416-18e936ed4b04@group-449E480D4B58: changes role from  FOLLOWER to CANDIDATE at term 0 for changeToCandidate
2025-05-13 07:43:04,014 [f4bacb90-9d91-4a22-a416-18e936ed4b04@group-449E480D4B58-FollowerState] INFO  server.RaftServerConfigKeys (ConfUtils.java:logGet(46)) - raft.server.leaderelection.pre-vote = true (default)
2025-05-13 07:43:04,014 [f4bacb90-9d91-4a22-a416-18e936ed4b04@group-449E480D4B58-FollowerState] INFO  impl.RoleInfo (RoleInfo.java:updateAndGet(148)) - f4bacb90-9d91-4a22-a416-18e936ed4b04: start f4bacb90-9d91-4a22-a416-18e936ed4b04@group-449E480D4B58-LeaderElection3
2025-05-13 07:43:04,014 [f4bacb90-9d91-4a22-a416-18e936ed4b04@group-449E480D4B58-LeaderElection3] INFO  impl.LeaderElection (LeaderElection.java:askForVotes(332)) - f4bacb90-9d91-4a22-a416-18e936ed4b04@group-449E480D4B58-LeaderElection3 PRE_VOTE round 0: submit vote requests at term 0 for conf: {index: -1, cur=peers:[f4bacb90-9d91-4a22-a416-18e936ed4b04|pkrvmberfyhpb9w:15011]|listeners:[], old=null}
2025-05-13 07:43:04,014 [f4bacb90-9d91-4a22-a416-18e936ed4b04@group-449E480D4B58-LeaderElection3] INFO  impl.LeaderElection (LeaderElection.java:askForVotes(334)) - f4bacb90-9d91-4a22-a416-18e936ed4b04@group-449E480D4B58-LeaderElection3 PRE_VOTE round 0: result PASSED (term=0)
2025-05-13 07:43:04,016 [f4bacb90-9d91-4a22-a416-18e936ed4b04@group-449E480D4B58-LeaderElection3] INFO  impl.LeaderElection (LeaderElection.java:askForVotes(332)) - f4bacb90-9d91-4a22-a416-18e936ed4b04@group-449E480D4B58-LeaderElection3 ELECTION round 0: submit vote requests at term 1 for conf: {index: -1, cur=peers:[f4bacb90-9d91-4a22-a416-18e936ed4b04|pkrvmberfyhpb9w:15011]|listeners:[], old=null}
2025-05-13 07:43:04,016 [f4bacb90-9d91-4a22-a416-18e936ed4b04@group-449E480D4B58-LeaderElection3] INFO  impl.LeaderElection (LeaderElection.java:askForVotes(334)) - f4bacb90-9d91-4a22-a416-18e936ed4b04@group-449E480D4B58-LeaderElection3 ELECTION round 0: result PASSED (term=1)
2025-05-13 07:43:04,016 [f4bacb90-9d91-4a22-a416-18e936ed4b04@group-449E480D4B58-LeaderElection3] INFO  impl.RoleInfo (RoleInfo.java:shutdownLeaderElection(141)) - f4bacb90-9d91-4a22-a416-18e936ed4b04: shutdown f4bacb90-9d91-4a22-a416-18e936ed4b04@group-449E480D4B58-LeaderElection3
2025-05-13 07:43:04,016 [f4bacb90-9d91-4a22-a416-18e936ed4b04@group-449E480D4B58-LeaderElection3] INFO  server.RaftServer$Division (RaftServerImpl.java:setRole(378)) - f4bacb90-9d91-4a22-a416-18e936ed4b04@group-449E480D4B58: changes role from CANDIDATE to LEADER at term 1 for changeToLeader
2025-05-13 07:43:04,016 [f4bacb90-9d91-4a22-a416-18e936ed4b04@group-449E480D4B58-LeaderElection3] INFO  server.RaftServerConfigKeys (ConfUtils.java:logGet(46)) - raft.server.staging.catchup.gap = 1000 (default)
2025-05-13 07:43:04,016 [f4bacb90-9d91-4a22-a416-18e936ed4b04@group-449E480D4B58-LeaderElection3] INFO  server.RaftServerConfigKeys (ConfUtils.java:logGet(46)) - raft.server.write.element-limit = 4096 (default)
2025-05-13 07:43:04,016 [f4bacb90-9d91-4a22-a416-18e936ed4b04@group-449E480D4B58-LeaderElection3] INFO  server.RaftServerConfigKeys (ConfUtils.java:logGet(46)) - raft.server.write.byte-limit = 64MB (=67108864) (default)
2025-05-13 07:43:04,017 [f4bacb90-9d91-4a22-a416-18e936ed4b04@group-449E480D4B58-LeaderElection3] INFO  server.RaftServerConfigKeys (ConfUtils.java:logGet(46)) - raft.server.watch.timeout = 10s (default)
2025-05-13 07:43:04,017 [f4bacb90-9d91-4a22-a416-18e936ed4b04@group-449E480D4B58-LeaderElection3] INFO  server.RaftServerConfigKeys (ConfUtils.java:logGet(46)) - raft.server.watch.timeout.denomination = 1s (default)
2025-05-13 07:43:04,017 [f4bacb90-9d91-4a22-a416-18e936ed4b04@group-449E480D4B58-LeaderElection3] INFO  server.RaftServerConfigKeys (ConfUtils.java:logGet(46)) - raft.server.watch.element-limit = 65536 (default)
2025-05-13 07:43:04,017 [f4bacb90-9d91-4a22-a416-18e936ed4b04@group-449E480D4B58-LeaderElection3] INFO  server.RaftServerConfigKeys (ConfUtils.java:logGet(46)) - raft.server.read.leader.lease.enabled = false (default)
2025-05-13 07:43:04,017 [f4bacb90-9d91-4a22-a416-18e936ed4b04@group-449E480D4B58-LeaderElection3] INFO  server.RaftServerConfigKeys (ConfUtils.java:logGet(46)) - raft.server.read.leader.lease.timeout.ratio = 0.9 (default)
2025-05-13 07:43:04,017 [f4bacb90-9d91-4a22-a416-18e936ed4b04@group-449E480D4B58-LeaderElection3] INFO  server.RaftServerConfigKeys (ConfUtils.java:logGet(46)) - raft.server.rpc.timeout.min = 5000ms (custom)
2025-05-13 07:43:04,017 [f4bacb90-9d91-4a22-a416-18e936ed4b04@group-449E480D4B58-LeaderElection3] INFO  server.RaftServerConfigKeys (ConfUtils.java:logGet(46)) - raft.server.log.log-metadata.enabled = true (default)
2025-05-13 07:43:04,017 [f4bacb90-9d91-4a22-a416-18e936ed4b04@group-449E480D4B58-LeaderElection3] INFO  server.RaftServerConfigKeys (ConfUtils.java:logGet(46)) - raft.server.write.element-limit = 4096 (default)
2025-05-13 07:43:04,018 [f4bacb90-9d91-4a22-a416-18e936ed4b04@group-449E480D4B58-LeaderElection3] INFO  server.RaftServerConfigKeys (ConfUtils.java:logGet(46)) - raft.server.write.follower.gap.ratio.max = -1.0 (default)
2025-05-13 07:43:04,018 [f4bacb90-9d91-4a22-a416-18e936ed4b04@group-449E480D4B58-LeaderElection3] INFO  impl.RoleInfo (RoleInfo.java:updateAndGet(148)) - f4bacb90-9d91-4a22-a416-18e936ed4b04: start f4bacb90-9d91-4a22-a416-18e936ed4b04@group-449E480D4B58-LeaderStateImpl
2025-05-13 07:43:04,018 [f4bacb90-9d91-4a22-a416-18e936ed4b04@group-449E480D4B58-LeaderElection3] INFO  server.RaftServer$Division (RaftServerImpl.java:setFirstElection(562)) - f4bacb90-9d91-4a22-a416-18e936ed4b04@group-449E480D4B58: set firstElectionSinceStartup to false for becomeLeader
2025-05-13 07:43:04,018 [f4bacb90-9d91-4a22-a416-18e936ed4b04@group-449E480D4B58-LeaderElection3] INFO  server.RaftServer$Division (ServerState.java:setLeader(272)) - f4bacb90-9d91-4a22-a416-18e936ed4b04@group-449E480D4B58: change Leader from null to f4bacb90-9d91-4a22-a416-18e936ed4b04 at term 1 for becomeLeader, leader elected after 5207ms
2025-05-13 07:43:04,018 [f4bacb90-9d91-4a22-a416-18e936ed4b04@group-449E480D4B58-LeaderElection3] INFO  segmented.SegmentedRaftLogWorker (SegmentedRaftLogWorker.java:startLogSegment(438)) - f4bacb90-9d91-4a22-a416-18e936ed4b04@group-449E480D4B58-SegmentedRaftLogWorker: Starting segment from index:0
2025-05-13 07:43:04,018 [f4bacb90-9d91-4a22-a416-18e936ed4b04@group-449E480D4B58-LeaderElection3] INFO  server.RaftServer$Division (ServerState.java:setRaftConf(386)) - f4bacb90-9d91-4a22-a416-18e936ed4b04@group-449E480D4B58: set configuration conf: {index: 0, cur=peers:[f4bacb90-9d91-4a22-a416-18e936ed4b04|pkrvmberfyhpb9w:15011]|listeners:[], old=null}
2025-05-13 07:43:04,018 [f4bacb90-9d91-4a22-a416-18e936ed4b04@group-449E480D4B58-SegmentedRaftLogWorker] INFO  segmented.BufferedWriteChannel (BufferedWriteChannel.java:open(61)) - open log_inprogress_0 at position 0
2025-05-13 07:43:04,024 [f4bacb90-9d91-4a22-a416-18e936ed4b04@group-449E480D4B58-SegmentedRaftLogWorker] INFO  segmented.SegmentedRaftLogWorker (SegmentedRaftLogWorker.java:execute(644)) - f4bacb90-9d91-4a22-a416-18e936ed4b04@group-449E480D4B58-SegmentedRaftLogWorker: created new log segment /tmp/junit-9214812903889702170/scm-meta/scm-ha/de5480ba-ac40-44e3-b8bd-449e480d4b58/current/log_inprogress_0
2025-05-13 07:43:04,026 [f4bacb90-9d91-4a22-a416-18e936ed4b04@group-449E480D4B58-StateMachineUpdater] INFO  server.RaftServer$Division (LeaderStateImpl.java:checkStartIndex(313)) - Leader f4bacb90-9d91-4a22-a416-18e936ed4b04@group-449E480D4B58-LeaderStateImpl is ready since appliedIndex == startIndex == 0
2025-05-13 07:43:04,825 [main] INFO  server.RaftServer (RaftServerProxy.java:lambda$close$9(417)) - f4bacb90-9d91-4a22-a416-18e936ed4b04: close
2025-05-13 07:43:04,826 [main] INFO  server.GrpcService (GrpcService.java:closeImpl(343)) - f4bacb90-9d91-4a22-a416-18e936ed4b04: shutdown server GrpcServerProtocolService now
2025-05-13 07:43:04,826 [f4bacb90-9d91-4a22-a416-18e936ed4b04-impl-thread1] INFO  server.RaftServer$Division (RaftServerImpl.java:lambda$close$1(513)) - f4bacb90-9d91-4a22-a416-18e936ed4b04@group-449E480D4B58: shutdown
2025-05-13 07:43:04,826 [f4bacb90-9d91-4a22-a416-18e936ed4b04-impl-thread1] INFO  util.JmxRegister (JmxRegister.java:unregister(74)) - Successfully un-registered JMX Bean with object name Ratis:service=RaftServer,group=group-449E480D4B58,id=f4bacb90-9d91-4a22-a416-18e936ed4b04
2025-05-13 07:43:04,826 [f4bacb90-9d91-4a22-a416-18e936ed4b04-impl-thread1] INFO  impl.RoleInfo (RoleInfo.java:shutdownLeaderState(103)) - f4bacb90-9d91-4a22-a416-18e936ed4b04: shutdown f4bacb90-9d91-4a22-a416-18e936ed4b04@group-449E480D4B58-LeaderStateImpl
2025-05-13 07:43:04,826 [f4bacb90-9d91-4a22-a416-18e936ed4b04-impl-thread1] INFO  impl.PendingRequests (PendingRequests.java:sendNotLeaderResponses(287)) - f4bacb90-9d91-4a22-a416-18e936ed4b04@group-449E480D4B58-PendingRequests: sendNotLeaderResponses
2025-05-13 07:43:04,827 [f4bacb90-9d91-4a22-a416-18e936ed4b04-impl-thread1] INFO  impl.StateMachineUpdater (StateMachineUpdater.java:stopAndJoin(164)) - f4bacb90-9d91-4a22-a416-18e936ed4b04@group-449E480D4B58-StateMachineUpdater: set stopIndex = 0
2025-05-13 07:43:04,827 [main] INFO  server.GrpcService (GrpcService.java:closeImpl(352)) - f4bacb90-9d91-4a22-a416-18e936ed4b04: shutdown server GrpcServerProtocolService successfully
2025-05-13 07:43:04,827 [f4bacb90-9d91-4a22-a416-18e936ed4b04@group-449E480D4B58-StateMachineUpdater] INFO  impl.StateMachineUpdater (StateMachineUpdater.java:takeSnapshot(303)) - f4bacb90-9d91-4a22-a416-18e936ed4b04@group-449E480D4B58-StateMachineUpdater: Took a snapshot at index 0
2025-05-13 07:43:04,827 [f4bacb90-9d91-4a22-a416-18e936ed4b04@group-449E480D4B58-StateMachineUpdater] INFO  impl.StateMachineUpdater (StateMachineUpdater.java:lambda$new$0(102)) - f4bacb90-9d91-4a22-a416-18e936ed4b04@group-449E480D4B58-StateMachineUpdater: snapshotIndex: updateIncreasingly -1 -> 0
2025-05-13 07:43:04,828 [f4bacb90-9d91-4a22-a416-18e936ed4b04@group-449E480D4B58-StateMachineUpdater] INFO  impl.StateMachineUpdater (StateMachineUpdater.java:stop(141)) - f4bacb90-9d91-4a22-a416-18e936ed4b04@group-449E480D4B58-StateMachineUpdater: closing SCMStateMachine, lastApplied=(t:1, i:0)
2025-05-13 07:43:04,828 [f4bacb90-9d91-4a22-a416-18e936ed4b04@group-449E480D4B58-cacheEviction-AwaitToRun] INFO  util.AwaitToRun (AwaitToRun.java:run(49)) - f4bacb90-9d91-4a22-a416-18e936ed4b04@group-449E480D4B58-cacheEviction-AwaitToRun-AwaitForSignal is interrupted
2025-05-13 07:43:05,025 [f4bacb90-9d91-4a22-a416-18e936ed4b04-impl-thread1] INFO  segmented.SegmentedRaftLogWorker (SegmentedRaftLogWorker.java:close(252)) - f4bacb90-9d91-4a22-a416-18e936ed4b04@group-449E480D4B58-SegmentedRaftLogWorker close()
2025-05-13 07:43:05,026 [JvmPauseMonitor2] INFO  util.JvmPauseMonitor (JvmPauseMonitor.java:run(152)) - JvmPauseMonitor-f4bacb90-9d91-4a22-a416-18e936ed4b04: Stopped
2025-05-13 07:43:05,026 [main] WARN  server.ServerUtils (ServerUtils.java:getScmDbDir(138)) - ozone.scm.db.dirs is not configured. We recommend adding this setting. Falling back to ozone.metadata.dirs instead.
2025-05-13 07:43:05,027 [main] INFO  ha.SCMHANodeDetails (SCMHANodeDetails.java:loadSCMHAConfig(162)) - ServiceID for StorageContainerManager is null
2025-05-13 07:43:05,027 [main] INFO  ha.SCMHANodeDetails (SCMHANodeDetails.java:loadSCMHAConfig(166)) - ozone.scm.default.service.id is not defined, falling back to ozone.scm.service.ids to find serviceID for StorageContainerManager if it is HA enabled cluster
2025-05-13 07:43:05,037 [pool-41-thread-1] INFO  request.KdcRequest (KdcRequest.java:preauth(683)) - The preauth data is empty.
2025-05-13 07:43:05,038 [pool-41-thread-1] INFO  server.KdcHandler (KdcHandler.java:handleRecoverableException(177)) - KRB error occurred while processing request: Additional pre-authentication required
2025-05-13 07:43:05,042 [pool-41-thread-1] INFO  request.AsRequest (AsRequest.java:issueTicket(112)) - AS_REQ ISSUE: authtime 1747122185042,om/pkrvmberfyhpb9w.internal.cloudapp.net@EXAMPLE.COM for krbtgt/EXAMPLE.COM@EXAMPLE.COM
2025-05-13 07:43:05,044 [main] INFO  security.UserGroupInformation (UserGroupInformation.java:loginUserFromKeytab(1143)) - Login successful for user om/pkrvmberfyhpb9w.internal.cloudapp.net@EXAMPLE.COM using keytab file om.keytab. Keytab auto renewal enabled : false
2025-05-13 07:43:05,044 [main] INFO  server.StorageContainerManager (StorageContainerManager.java:loginAsSCMUserIfSecurityEnabled(1062)) - SCM login successful.
2025-05-13 07:43:05,046 [main] INFO  proxy.SCMSecurityProtocolFailoverProxyProvider (SCMFailoverProxyProviderBase.java:<init>(120)) - Created fail-over proxy for protocol SCMSecurityProtocolPB with 1 nodes: [nodeId=scmNodeId,nodeAddress=localhost/127.0.0.1:15010]
2025-05-13 07:43:05,046 [main] INFO  client.SCMCertificateClient (DefaultCertificateClient.java:updateCertSerialId(1289)) - Certificate serial ID set to 2
2025-05-13 07:43:05,048 [main] INFO  client.SCMCertificateClient (DefaultCertificateClient.java:readCertificateFile(247)) - Added certificate 2 from file: /tmp/junit-9214812903889702170/scm-meta/scm/sub-ca/certs/2.crt.
2025-05-13 07:43:05,049 [main] INFO  client.SCMCertificateClient (DefaultCertificateClient.java:readCertificateFile(247)) - Added certificate 1 from file: /tmp/junit-9214812903889702170/scm-meta/scm/sub-ca/certs/CA-1.crt.
2025-05-13 07:43:05,050 [main] INFO  client.SCMCertificateClient (DefaultCertificateClient.java:readCertificateFile(247)) - Added certificate 2 from file: /tmp/junit-9214812903889702170/scm-meta/scm/sub-ca/certs/certificate.crt.
2025-05-13 07:43:05,050 [main] INFO  client.SCMCertificateClient (DefaultCertificateClient.java:loadAllCertificates(196)) - CertificateRenewerService and root ca rotation polling is disabled for scm/sub-ca
2025-05-13 07:43:05,050 [main] WARN  utils.HAUtils (HAUtils.java:getMetaDir(311)) - ozone.scm.db.dirs is not configured. We recommend adding this setting. Falling back to ozone.metadata.dirs instead.
2025-05-13 07:43:05,051 [main] WARN  db.DBStoreBuilder (DBStoreBuilder.java:getDBDirPath(160)) - ozone.scm.db.dirs is not configured. We recommend adding this setting. Falling back to ozone.metadata.dirs instead.
2025-05-13 07:43:05,113 [main] INFO  net.NodeSchemaLoader (NodeSchemaLoader.java:loadSchemaFromFile(128)) - Loading schema from [jar:file:/home/runner/work/ozone/ozone/hadoop-hdds/common/target/hdds-common-2.1.0-SNAPSHOT.jar!/network-topology-default.xml]
2025-05-13 07:43:05,114 [main] INFO  net.NodeSchemaLoader (NodeSchemaLoader.java:loadSchema(175)) - Loading network topology layer schema file
2025-05-13 07:43:05,131 [main] INFO  ha.SCMRatisServerImpl (SCMRatisServerImpl.java:<init>(100)) - starting Raft server for scm:f4bacb90-9d91-4a22-a416-18e936ed4b04
2025-05-13 07:43:05,132 [main] INFO  server.RaftServerConfigKeys (ConfUtils.java:logGet(46)) - raft.server.log.appender.buffer.byte-limit = 4194304 (custom)
2025-05-13 07:43:05,133 [main] INFO  server.RaftServer (ConfUtils.java:logGet(46)) - raft.rpc.type = GRPC (default)
2025-05-13 07:43:05,133 [main] INFO  grpc.GrpcConfigKeys (ConfUtils.java:logFallback(53)) - raft.grpc.admin.host = null (fallback to raft.grpc.server.host)
2025-05-13 07:43:05,134 [main] INFO  grpc.GrpcConfigKeys (ConfUtils.java:logFallback(53)) - raft.grpc.admin.port = 15011 (fallback to raft.grpc.server.port)
2025-05-13 07:43:05,134 [main] INFO  grpc.GrpcConfigKeys (ConfUtils.java:logFallback(53)) - raft.grpc.client.host = null (fallback to raft.grpc.server.host)
2025-05-13 07:43:05,134 [main] INFO  grpc.GrpcConfigKeys (ConfUtils.java:logFallback(53)) - raft.grpc.client.port = 15011 (fallback to raft.grpc.server.port)
2025-05-13 07:43:05,134 [main] INFO  grpc.GrpcConfigKeys (ConfUtils.java:logGet(46)) - raft.grpc.server.host = null (default)
2025-05-13 07:43:05,134 [main] INFO  grpc.GrpcConfigKeys (ConfUtils.java:logGet(46)) - raft.grpc.server.port = 15011 (custom)
2025-05-13 07:43:05,134 [main] INFO  server.GrpcService (ConfUtils.java:logGet(46)) - raft.grpc.message.size.max = 5242880 (custom)
2025-05-13 07:43:05,134 [main] INFO  server.GrpcService (ConfUtils.java:logGet(46)) - raft.grpc.flow.control.window = 1MB (=1048576) (default)
2025-05-13 07:43:05,134 [main] INFO  server.RaftServerConfigKeys (ConfUtils.java:logGet(46)) - raft.server.rpc.request.timeout = 30000ms (custom)
2025-05-13 07:43:05,135 [main] INFO  grpc.GrpcConfigKeys (ConfUtils.java:logGet(46)) - raft.grpc.server.heartbeat.channel = true (default)
2025-05-13 07:43:05,135 [main] INFO  server.RaftServerConfigKeys (ConfUtils.java:logGet(46)) - raft.server.log.appender.buffer.byte-limit = 4194304 (custom)
2025-05-13 07:43:05,135 [main] INFO  grpc.GrpcConfigKeys (ConfUtils.java:logGet(46)) - raft.grpc.server.async.request.thread.pool.cached = true (default)
2025-05-13 07:43:05,135 [main] INFO  grpc.GrpcConfigKeys (ConfUtils.java:logGet(46)) - raft.grpc.server.async.request.thread.pool.size = 32 (default)
2025-05-13 07:43:05,136 [main] INFO  impl.DataStreamServerImpl (ConfUtils.java:logGet(46)) - raft.datastream.type = DISABLED (default)
2025-05-13 07:43:05,136 [main] INFO  server.RaftServerConfigKeys (ConfUtils.java:logGet(46)) - raft.server.sleep.deviation.threshold = 300ms (default)
2025-05-13 07:43:05,136 [main] INFO  server.RaftServerConfigKeys (ConfUtils.java:logGet(46)) - raft.server.close.threshold = 60s (default)
2025-05-13 07:43:05,136 [main] INFO  server.RaftServerConfigKeys (ConfUtils.java:logGet(46)) - raft.server.leaderelection.leader.step-down.wait-time = 10s (default)
2025-05-13 07:43:05,137 [main] INFO  server.RaftServerConfigKeys (ConfUtils.java:logGet(46)) - raft.server.storage.dir = [/tmp/junit-9214812903889702170/scm-meta/scm-ha] (custom)
2025-05-13 07:43:05,137 [main] INFO  server.RaftServerConfigKeys (ConfUtils.java:logGet(46)) - raft.server.threadpool.proxy.cached = true (default)
2025-05-13 07:43:05,137 [main] INFO  server.RaftServerConfigKeys (ConfUtils.java:logGet(46)) - raft.server.threadpool.proxy.size = 0 (default)
2025-05-13 07:43:05,137 [f4bacb90-9d91-4a22-a416-18e936ed4b04-impl-thread1] INFO  server.RaftServer (RaftServerProxy.java:initGroupDir(265)) - f4bacb90-9d91-4a22-a416-18e936ed4b04: found a subdirectory /tmp/junit-9214812903889702170/scm-meta/scm-ha/de5480ba-ac40-44e3-b8bd-449e480d4b58
2025-05-13 07:43:05,138 [main] INFO  server.RaftServer (RaftServerProxy.java:addNew(100)) - f4bacb90-9d91-4a22-a416-18e936ed4b04: addNew group-449E480D4B58:[] returns group-449E480D4B58:java.util.concurrent.CompletableFuture@18f37d6e[Not completed]
2025-05-13 07:43:05,138 [f4bacb90-9d91-4a22-a416-18e936ed4b04-groupManagement] INFO  server.RaftServer$Division (RaftServerImpl.java:<init>(255)) - f4bacb90-9d91-4a22-a416-18e936ed4b04: new RaftServerImpl for group-449E480D4B58:[] with SCMStateMachine:uninitialized
2025-05-13 07:43:05,138 [f4bacb90-9d91-4a22-a416-18e936ed4b04-groupManagement] INFO  server.RaftServerConfigKeys (ConfUtils.java:logGet(46)) - raft.server.rpc.timeout.min = 5000ms (custom)
2025-05-13 07:43:05,138 [f4bacb90-9d91-4a22-a416-18e936ed4b04-groupManagement] INFO  server.RaftServerConfigKeys (ConfUtils.java:logGet(46)) - raft.server.rpc.timeout.max = 5200ms (custom)
2025-05-13 07:43:05,138 [f4bacb90-9d91-4a22-a416-18e936ed4b04-groupManagement] INFO  server.RaftServerConfigKeys (ConfUtils.java:logGet(46)) - raft.server.rpc.sleep.time = 25ms (default)
2025-05-13 07:43:05,138 [f4bacb90-9d91-4a22-a416-18e936ed4b04-groupManagement] INFO  server.RaftServerConfigKeys (ConfUtils.java:logGet(46)) - raft.server.rpc.slowness.timeout = 120000ms (custom)
2025-05-13 07:43:05,138 [f4bacb90-9d91-4a22-a416-18e936ed4b04-groupManagement] INFO  server.RaftServerConfigKeys (ConfUtils.java:logGet(46)) - raft.server.leaderelection.leader.step-down.wait-time = 10s (default)
2025-05-13 07:43:05,138 [f4bacb90-9d91-4a22-a416-18e936ed4b04-groupManagement] INFO  server.RaftServerConfigKeys (ConfUtils.java:logGet(46)) - raft.server.leaderelection.member.majority-add = false (default)
2025-05-13 07:43:05,139 [f4bacb90-9d91-4a22-a416-18e936ed4b04-groupManagement] INFO  server.RaftServerConfigKeys (ConfUtils.java:logGet(46)) - raft.server.sleep.deviation.threshold = 300ms (default)
2025-05-13 07:43:05,139 [f4bacb90-9d91-4a22-a416-18e936ed4b04-groupManagement] INFO  server.RaftServer$Division (ServerState.java:<init>(114)) - f4bacb90-9d91-4a22-a416-18e936ed4b04@group-449E480D4B58: ConfigurationManager, init=conf: {index: -1, cur=peers:[]|listeners:[], old=null}, confs=<EMPTY_MAP>
2025-05-13 07:43:05,139 [f4bacb90-9d91-4a22-a416-18e936ed4b04-groupManagement] INFO  server.RaftServerConfigKeys (ConfUtils.java:logGet(46)) - raft.server.notification.no-leader.timeout = 60s (default)
2025-05-13 07:43:05,139 [f4bacb90-9d91-4a22-a416-18e936ed4b04-groupManagement] INFO  server.RaftServerConfigKeys (ConfUtils.java:logGet(46)) - raft.server.read.timeout = 10s (default)
2025-05-13 07:43:05,139 [f4bacb90-9d91-4a22-a416-18e936ed4b04-groupManagement] INFO  server.RaftServerConfigKeys (ConfUtils.java:logGet(46)) - raft.server.retrycache.expirytime = 60000ms (default)
2025-05-13 07:43:05,139 [f4bacb90-9d91-4a22-a416-18e936ed4b04-groupManagement] INFO  server.RaftServerConfigKeys (ConfUtils.java:logGet(46)) - raft.server.retrycache.statistics.expirytime = 100ms (default)
2025-05-13 07:43:05,139 [f4bacb90-9d91-4a22-a416-18e936ed4b04-groupManagement] INFO  server.RaftServerConfigKeys (ConfUtils.java:logGet(46)) - raft.server.read.option = DEFAULT (default)
2025-05-13 07:43:05,139 [f4bacb90-9d91-4a22-a416-18e936ed4b04-groupManagement] INFO  server.RaftServerConfigKeys (ConfUtils.java:logGet(46)) - raft.server.read.read-after-write-consistent.write-index-cache.expiry-time = 60s (default)
2025-05-13 07:43:05,143 [f4bacb90-9d91-4a22-a416-18e936ed4b04-groupManagement] INFO  server.RaftServerConfigKeys (ConfUtils.java:logGet(46)) - raft.server.rpc.request.timeout = 30000ms (custom)
2025-05-13 07:43:05,143 [f4bacb90-9d91-4a22-a416-18e936ed4b04-groupManagement] INFO  server.RaftServerConfigKeys (ConfUtils.java:logGet(46)) - raft.server.log.appender.install.snapshot.enabled = false (custom)
2025-05-13 07:43:05,143 [f4bacb90-9d91-4a22-a416-18e936ed4b04-groupManagement] INFO  server.RaftServerConfigKeys (ConfUtils.java:logGet(46)) - raft.server.threadpool.server.cached = true (default)
2025-05-13 07:43:05,143 [f4bacb90-9d91-4a22-a416-18e936ed4b04-groupManagement] INFO  server.RaftServerConfigKeys (ConfUtils.java:logGet(46)) - raft.server.threadpool.server.size = 0 (default)
2025-05-13 07:43:05,143 [f4bacb90-9d91-4a22-a416-18e936ed4b04-groupManagement] INFO  server.RaftServerConfigKeys (ConfUtils.java:logGet(46)) - raft.server.threadpool.client.cached = true (default)
2025-05-13 07:43:05,143 [f4bacb90-9d91-4a22-a416-18e936ed4b04-groupManagement] INFO  server.RaftServerConfigKeys (ConfUtils.java:logGet(46)) - raft.server.threadpool.client.size = 0 (default)
2025-05-13 07:43:05,143 [main] INFO  ha.SCMSnapshotProvider (SCMSnapshotProvider.java:<init>(61)) - Initializing SCM Snapshot Provider
2025-05-13 07:43:05,143 [main] WARN  server.ServerUtils (ServerUtils.java:getDefaultRatisDirectory(304)) - Storage directory for Ratis is not configured. It is a good idea to map this to an SSD disk. Falling back to ozone.metadata.dirs
2025-05-13 07:43:05,144 [main] WARN  ha.SCMHAUtils (SCMHAUtils.java:getSCMRatisSnapshotDirectory(120)) - SCM snapshot dir is not configured. Falling back to ozone.metadata.dirs config
2025-05-13 07:43:05,145 [main] INFO  upgrade.AbstractLayoutVersionManager (AbstractLayoutVersionManager.java:init(80)) - Initializing Layout version manager with metadata layout = HBASE_SUPPORT (version = 8), software layout = HBASE_SUPPORT (version = 8)
2025-05-13 07:43:05,147 [main] INFO  ha.SequenceIdGenerator (SequenceIdGenerator.java:upgradeToSequenceId(355)) - upgrade localId to 115816896921600000
2025-05-13 07:43:05,148 [main] INFO  ha.SequenceIdGenerator (SequenceIdGenerator.java:upgradeToSequenceId(365)) - upgrade delTxnId to 0
2025-05-13 07:43:05,149 [main] INFO  ha.SequenceIdGenerator (SequenceIdGenerator.java:upgradeToSequenceId(382)) - upgrade containerId to 0
2025-05-13 07:43:05,150 [main] INFO  ha.SequenceIdGenerator (SequenceIdGenerator.java:upgradeToCertificateSequenceId(419)) - upgrade CertificateId to 2
2025-05-13 07:43:05,151 [main] INFO  ha.SequenceIdGenerator (SequenceIdGenerator.java:<init>(232)) - Init the HA SequenceIdGenerator.
2025-05-13 07:43:05,151 [main] WARN  server.ServerUtils (ServerUtils.java:sanitizeUserArgs(76)) - ozone.scm.stale.node.interval value = 300000 is larger than max = 100000 based on the key value of ozone.scm.heartbeat.thread.interval, reset to the max value 100000.
2025-05-13 07:43:05,151 [main] WARN  server.ServerUtils (ServerUtils.java:sanitizeUserArgs(76)) - ozone.scm.stale.node.interval value = 300000 is larger than max = 100000 based on the key value of ozone.scm.heartbeat.thread.interval, reset to the max value 100000.
2025-05-13 07:43:05,152 [main] INFO  node.SCMNodeManager (SCMNodeManager.java:<init>(182)) - Entering startup safe mode.
2025-05-13 07:43:05,153 [main] INFO  algorithms.ContainerPlacementPolicyFactory (ContainerPlacementPolicyFactory.java:getPolicyInternal(84)) - Create container placement policy of type org.apache.hadoop.hdds.scm.container.placement.algorithms.SCMContainerPlacementRackAware
2025-05-13 07:43:05,153 [main] INFO  algorithms.ContainerPlacementPolicyFactory (ContainerPlacementPolicyFactory.java:getPolicyInternal(84)) - Create container placement policy of type org.apache.hadoop.hdds.scm.container.placement.algorithms.SCMContainerPlacementRackScatter
2025-05-13 07:43:05,153 [main] INFO  pipeline.PipelineStateManagerImpl (PipelineStateManagerImpl.java:initialize(75)) - No pipeline exists in current db
2025-05-13 07:43:05,154 [main] INFO  algorithms.LeaderChoosePolicyFactory (LeaderChoosePolicyFactory.java:getPolicy(55)) - Create leader choose policy of type org.apache.hadoop.hdds.scm.pipeline.leader.choose.algorithms.MinLeaderCountChoosePolicy
2025-05-13 07:43:05,154 [main] INFO  algorithms.ContainerPlacementPolicyFactory (ContainerPlacementPolicyFactory.java:getPolicyInternal(84)) - Create container placement policy of type org.apache.hadoop.hdds.scm.container.placement.algorithms.SCMContainerPlacementRackScatter
2025-05-13 07:43:05,154 [main] INFO  ha.SCMServiceManager (SCMServiceManager.java:register(42)) - Registering service BackgroundPipelineCreator.
2025-05-13 07:43:05,155 [main] INFO  pipeline.BackgroundPipelineCreator (BackgroundPipelineCreator.java:start(126)) - Starting RatisPipelineUtilsThread.
2025-05-13 07:43:05,155 [main] INFO  BackgroundPipelineScrubber (BackgroundSCMService.java:start(64)) - Starting BackgroundPipelineScrubber Service.
2025-05-13 07:43:05,155 [main] INFO  ha.SCMServiceManager (SCMServiceManager.java:register(42)) - Registering service BackgroundPipelineScrubber.
2025-05-13 07:43:05,155 [main] INFO  ExpiredContainerReplicaOpScrubber (BackgroundSCMService.java:start(64)) - Starting ExpiredContainerReplicaOpScrubber Service.
2025-05-13 07:43:05,155 [main] INFO  ha.SCMServiceManager (SCMServiceManager.java:register(42)) - Registering service ExpiredContainerReplicaOpScrubber.
2025-05-13 07:43:05,156 [main] INFO  algorithms.PipelineChoosePolicyFactory (PipelineChoosePolicyFactory.java:createPipelineChoosePolicyFromClass(78)) - Create pipeline choose policy of type org.apache.hadoop.hdds.scm.pipeline.choose.algorithms.RandomPipelineChoosePolicy
2025-05-13 07:43:05,156 [main] INFO  algorithms.PipelineChoosePolicyFactory (PipelineChoosePolicyFactory.java:createPipelineChoosePolicyFromClass(78)) - Create pipeline choose policy of type org.apache.hadoop.hdds.scm.pipeline.choose.algorithms.RandomPipelineChoosePolicy
2025-05-13 07:43:05,158 [main] INFO  ha.SCMServiceManager (SCMServiceManager.java:register(42)) - Registering service SCMBlockDeletingService.
2025-05-13 07:43:05,159 [main] INFO  replication.ReplicationManager (ReplicationManager.java:start(285)) - Starting Replication Monitor Thread.
2025-05-13 07:43:05,159 [main] INFO  ha.SCMServiceManager (SCMServiceManager.java:register(42)) - Registering service ReplicationManager.
2025-05-13 07:43:05,160 [main] INFO  safemode.RatisContainerSafeModeRule (RatisContainerSafeModeRule.java:initializeRule(160)) - Refreshed Containers with one replica threshold count 0.
2025-05-13 07:43:05,160 [main] INFO  safemode.ECContainerSafeModeRule (ECContainerSafeModeRule.java:initializeRule(205)) - Refreshed Containers with ec n replica threshold count 0.
2025-05-13 07:43:05,161 [main] INFO  safemode.HealthyPipelineSafeModeRule (HealthyPipelineSafeModeRule.java:initializeRule(177)) - Total pipeline count is 0, healthy pipeline threshold count is 0
2025-05-13 07:43:05,161 [main] INFO  safemode.OneReplicaPipelineSafeModeRule (OneReplicaPipelineSafeModeRule.java:initializeRule(190)) - Total pipeline count is 0, pipeline's with at least one datanode reported threshold count is 0
2025-05-13 07:43:05,162 [main] INFO  security.SecretKeyManagerService (SecretKeyManagerService.java:start(143)) - Scheduling rotation checker with interval PT10M
2025-05-13 07:43:05,162 [main] INFO  ha.SCMServiceManager (SCMServiceManager.java:register(42)) - Registering service SecretKeyManagerService.
2025-05-13 07:43:05,162 [main] INFO  keys.KeyStorage (KeyStorage.java:readPublicKey(174)) - Reading public key from /tmp/junit-9214812903889702170/scm-meta/scm/sub-ca/keys/public.pem.
2025-05-13 07:43:05,163 [main] INFO  keys.KeyStorage (KeyStorage.java:readPrivateKey(158)) - Reading private key from /tmp/junit-9214812903889702170/scm-meta/scm/sub-ca/keys/private.pem.
2025-05-13 07:43:05,163 [main] INFO  authority.DefaultCAServer (DefaultCAServer.java:lambda$processVerificationStatus$0(392)) - CertificateServer validation is successful
2025-05-13 07:43:05,163 [main] INFO  keys.KeyStorage (KeyStorage.java:readPublicKey(174)) - Reading public key from /tmp/junit-9214812903889702170/scm-meta/scm/ca/keys/public.pem.
2025-05-13 07:43:05,164 [main] INFO  keys.KeyStorage (KeyStorage.java:readPrivateKey(158)) - Reading private key from /tmp/junit-9214812903889702170/scm-meta/scm/ca/keys/private.pem.
2025-05-13 07:43:05,164 [main] INFO  authority.DefaultCAServer (DefaultCAServer.java:lambda$processVerificationStatus$0(392)) - CertificateServer validation is successful
2025-05-13 07:43:05,164 [main] INFO  server.StorageContainerManager (StorageContainerManager.java:persistPrimarySCMCerts(950)) - Storing sub-ca certificate serialId 2 on primary SCM
2025-05-13 07:43:05,166 [main] INFO  server.SCMCertStore (SCMCertStore.java:storeValidScmCertificate(96)) - Scm certificate 2 for CN=scm-sub@pkrvmberfyhpb9w,OU=f4bacb90-9d91-4a22-a416-18e936ed4b04,O=de5480ba-ac40-44e3-b8bd-449e480d4b58,SERIALNUMBER=2 is stored
2025-05-13 07:43:05,166 [main] INFO  server.StorageContainerManager (StorageContainerManager.java:persistPrimarySCMCerts(957)) - Storing root certificate serialId 1
2025-05-13 07:43:05,167 [main] INFO  server.SCMCertStore (SCMCertStore.java:storeValidScmCertificate(96)) - Scm certificate 1 for CN=scm@pkrvmberfyhpb9w,OU=f4bacb90-9d91-4a22-a416-18e936ed4b04,O=de5480ba-ac40-44e3-b8bd-449e480d4b58,SERIALNUMBER=1 is stored
2025-05-13 07:43:05,169 [main] INFO  ha.SequenceIdGenerator (SequenceIdGenerator.java:upgradeToCertificateSequenceId(419)) - upgrade CertificateId to 2
2025-05-13 07:43:05,170 [main] INFO  ipc.CallQueueManager (CallQueueManager.java:<init>(93)) - Using callQueue: class java.util.concurrent.LinkedBlockingQueue, queueCapacity: 200, scheduler: class org.apache.hadoop.ipc.DefaultRpcScheduler, ipcBackoff: false, ipcFailOver: false.
2025-05-13 07:43:05,171 [main] INFO  ipc.Server (Server.java:<init>(1438)) - Listener at 0.0.0.0:15010
2025-05-13 07:43:05,171 [Socket Reader #1 for port 15010] INFO  ipc.Server (Server.java:run(1474)) - Starting Socket Reader #1 for port 15010
2025-05-13 07:43:05,173 [main] INFO  server.StorageContainerManager (StorageContainerManager.java:<init>(430)) - SCM start with adminUsers: [om/pkrvmberfyhpb9w.internal.cloudapp.net@EXAMPLE.COM, om]
2025-05-13 07:43:05,173 [main] INFO  ipc.CallQueueManager (CallQueueManager.java:<init>(93)) - Using callQueue: class java.util.concurrent.LinkedBlockingQueue, queueCapacity: 10000, scheduler: class org.apache.hadoop.ipc.DefaultRpcScheduler, ipcBackoff: false, ipcFailOver: false.
2025-05-13 07:43:05,173 [main] INFO  ipc.Server (Server.java:<init>(1438)) - Listener at 0.0.0.0:15008
2025-05-13 07:43:05,174 [Socket Reader #2 for port 15008] INFO  ipc.Server (Server.java:run(1474)) - Starting Socket Reader #2 for port 15008
2025-05-13 07:43:05,174 [Socket Reader #3 for port 15008] INFO  ipc.Server (Server.java:run(1474)) - Starting Socket Reader #3 for port 15008
2025-05-13 07:43:05,174 [Socket Reader #1 for port 15008] INFO  ipc.Server (Server.java:run(1474)) - Starting Socket Reader #1 for port 15008
2025-05-13 07:43:05,175 [Socket Reader #4 for port 15008] INFO  ipc.Server (Server.java:run(1474)) - Starting Socket Reader #4 for port 15008
2025-05-13 07:43:05,175 [Socket Reader #5 for port 15008] INFO  ipc.Server (Server.java:run(1474)) - Starting Socket Reader #5 for port 15008
2025-05-13 07:43:05,175 [Socket Reader #6 for port 15008] INFO  ipc.Server (Server.java:run(1474)) - Starting Socket Reader #6 for port 15008
2025-05-13 07:43:05,175 [Socket Reader #7 for port 15008] INFO  ipc.Server (Server.java:run(1474)) - Starting Socket Reader #7 for port 15008
2025-05-13 07:43:05,175 [Socket Reader #8 for port 15008] INFO  ipc.Server (Server.java:run(1474)) - Starting Socket Reader #8 for port 15008
2025-05-13 07:43:05,176 [Socket Reader #9 for port 15008] INFO  ipc.Server (Server.java:run(1474)) - Starting Socket Reader #9 for port 15008
2025-05-13 07:43:05,176 [Socket Reader #10 for port 15008] INFO  ipc.Server (Server.java:run(1474)) - Starting Socket Reader #10 for port 15008
2025-05-13 07:43:05,177 [main] INFO  ipc.CallQueueManager (CallQueueManager.java:<init>(93)) - Using callQueue: class java.util.concurrent.LinkedBlockingQueue, queueCapacity: 10000, scheduler: class org.apache.hadoop.ipc.DefaultRpcScheduler, ipcBackoff: false, ipcFailOver: false.
2025-05-13 07:43:05,177 [main] INFO  ipc.Server (Server.java:<init>(1438)) - Listener at 0.0.0.0:15009
2025-05-13 07:43:05,178 [Socket Reader #1 for port 15009] INFO  ipc.Server (Server.java:run(1474)) - Starting Socket Reader #1 for port 15009
2025-05-13 07:43:05,178 [Socket Reader #2 for port 15009] INFO  ipc.Server (Server.java:run(1474)) - Starting Socket Reader #2 for port 15009
2025-05-13 07:43:05,178 [Socket Reader #3 for port 15009] INFO  ipc.Server (Server.java:run(1474)) - Starting Socket Reader #3 for port 15009
2025-05-13 07:43:05,178 [Socket Reader #4 for port 15009] INFO  ipc.Server (Server.java:run(1474)) - Starting Socket Reader #4 for port 15009
2025-05-13 07:43:05,179 [Socket Reader #5 for port 15009] INFO  ipc.Server (Server.java:run(1474)) - Starting Socket Reader #5 for port 15009
2025-05-13 07:43:05,179 [Socket Reader #6 for port 15009] INFO  ipc.Server (Server.java:run(1474)) - Starting Socket Reader #6 for port 15009
2025-05-13 07:43:05,179 [Socket Reader #7 for port 15009] INFO  ipc.Server (Server.java:run(1474)) - Starting Socket Reader #7 for port 15009
2025-05-13 07:43:05,179 [Socket Reader #8 for port 15009] INFO  ipc.Server (Server.java:run(1474)) - Starting Socket Reader #8 for port 15009
2025-05-13 07:43:05,179 [Socket Reader #9 for port 15009] INFO  ipc.Server (Server.java:run(1474)) - Starting Socket Reader #9 for port 15009
2025-05-13 07:43:05,180 [Socket Reader #10 for port 15009] INFO  ipc.Server (Server.java:run(1474)) - Starting Socket Reader #10 for port 15009
2025-05-13 07:43:05,181 [main] INFO  ipc.CallQueueManager (CallQueueManager.java:<init>(93)) - Using callQueue: class java.util.concurrent.LinkedBlockingQueue, queueCapacity: 10000, scheduler: class org.apache.hadoop.ipc.DefaultRpcScheduler, ipcBackoff: false, ipcFailOver: false.
2025-05-13 07:43:05,181 [main] INFO  ipc.Server (Server.java:<init>(1438)) - Listener at 0.0.0.0:15007
2025-05-13 07:43:05,182 [Socket Reader #1 for port 15007] INFO  ipc.Server (Server.java:run(1474)) - Starting Socket Reader #1 for port 15007
2025-05-13 07:43:05,182 [Socket Reader #2 for port 15007] INFO  ipc.Server (Server.java:run(1474)) - Starting Socket Reader #2 for port 15007
2025-05-13 07:43:05,182 [Socket Reader #3 for port 15007] INFO  ipc.Server (Server.java:run(1474)) - Starting Socket Reader #3 for port 15007
2025-05-13 07:43:05,182 [Socket Reader #4 for port 15007] INFO  ipc.Server (Server.java:run(1474)) - Starting Socket Reader #4 for port 15007
2025-05-13 07:43:05,182 [Socket Reader #5 for port 15007] INFO  ipc.Server (Server.java:run(1474)) - Starting Socket Reader #5 for port 15007
2025-05-13 07:43:05,183 [Socket Reader #6 for port 15007] INFO  ipc.Server (Server.java:run(1474)) - Starting Socket Reader #6 for port 15007
2025-05-13 07:43:05,183 [Socket Reader #7 for port 15007] INFO  ipc.Server (Server.java:run(1474)) - Starting Socket Reader #7 for port 15007
2025-05-13 07:43:05,183 [Socket Reader #8 for port 15007] INFO  ipc.Server (Server.java:run(1474)) - Starting Socket Reader #8 for port 15007
2025-05-13 07:43:05,183 [Socket Reader #9 for port 15007] INFO  ipc.Server (Server.java:run(1474)) - Starting Socket Reader #9 for port 15007
2025-05-13 07:43:05,183 [Socket Reader #10 for port 15007] INFO  ipc.Server (Server.java:run(1474)) - Starting Socket Reader #10 for port 15007
2025-05-13 07:43:05,189 [main] INFO  ha.SCMServiceManager (SCMServiceManager.java:register(42)) - Registering service ContainerBalancer.
2025-05-13 07:43:05,189 [main] INFO  ha.SCMContext (SCMContext.java:updateSafeModeStatus(224)) - Update SafeModeStatus from SafeModeStatus{safeModeStatus=true, preCheckPassed=false} to SafeModeStatus{safeModeStatus=true, preCheckPassed=false}.
2025-05-13 07:43:05,190 [main] INFO  server.StorageContainerManager (StorageContainerManager.java:start(1507)) - StorageContainerLocationProtocol RPC server is listening at /0.0.0.0:15007
2025-05-13 07:43:05,190 [main] INFO  ha.SCMRatisServerImpl (SCMRatisServerImpl.java:start(203)) - starting ratis server 0.0.0.0:15011
2025-05-13 07:43:05,190 [f4bacb90-9d91-4a22-a416-18e936ed4b04-impl-thread1] INFO  server.RaftServerConfigKeys (ConfUtils.java:logGet(46)) - raft.server.storage.free-space.min = 0MB (=0) (default)
2025-05-13 07:43:05,190 [f4bacb90-9d91-4a22-a416-18e936ed4b04-impl-thread1] INFO  server.RaftServerConfigKeys (ConfUtils.java:logGet(46)) - raft.server.log.corruption.policy = EXCEPTION (default)
2025-05-13 07:43:05,190 [f4bacb90-9d91-4a22-a416-18e936ed4b04-impl-thread1] INFO  server.RaftServerConfigKeys (ConfUtils.java:logGet(46)) - raft.server.storage.dir = [/tmp/junit-9214812903889702170/scm-meta/scm-ha] (custom)
2025-05-13 07:43:05,192 [f4bacb90-9d91-4a22-a416-18e936ed4b04-impl-thread1] INFO  storage.RaftStorageDirectory (RaftStorageDirectoryImpl.java:tryLock(229)) - Lock on /tmp/junit-9214812903889702170/scm-meta/scm-ha/de5480ba-ac40-44e3-b8bd-449e480d4b58/in_use.lock acquired by nodename 25269@pkrvmberfyhpb9w
2025-05-13 07:43:05,192 [f4bacb90-9d91-4a22-a416-18e936ed4b04-impl-thread1] INFO  storage.RaftStorage (RaftStorageImpl.java:analyzeAndRecoverStorage(118)) - Read RaftStorageMetadata{term=1, votedFor=f4bacb90-9d91-4a22-a416-18e936ed4b04} from /tmp/junit-9214812903889702170/scm-meta/scm-ha/de5480ba-ac40-44e3-b8bd-449e480d4b58/current/raft-meta
2025-05-13 07:43:05,192 [f4bacb90-9d91-4a22-a416-18e936ed4b04-impl-thread1] INFO  server.RaftServer$Division (ServerState.java:setRaftConf(386)) - f4bacb90-9d91-4a22-a416-18e936ed4b04@group-449E480D4B58: set configuration conf: {index: 0, cur=peers:[f4bacb90-9d91-4a22-a416-18e936ed4b04|pkrvmberfyhpb9w:15011]|listeners:[], old=null}
2025-05-13 07:43:05,193 [f4bacb90-9d91-4a22-a416-18e936ed4b04-impl-thread1] INFO  ha.SCMStateMachine (SCMStateMachine.java:lambda$initialize$0(135)) - f4bacb90-9d91-4a22-a416-18e936ed4b04: initialize group-449E480D4B58
2025-05-13 07:43:05,193 [f4bacb90-9d91-4a22-a416-18e936ed4b04-impl-thread1] INFO  server.RaftServerConfigKeys (ConfUtils.java:logGet(46)) - raft.server.log.use.memory = false (default)
2025-05-13 07:43:05,193 [f4bacb90-9d91-4a22-a416-18e936ed4b04-impl-thread1] INFO  server.RaftServerConfigKeys (ConfUtils.java:logGet(46)) - raft.server.log.purge.gap = 1000000 (custom)
2025-05-13 07:43:05,193 [f4bacb90-9d91-4a22-a416-18e936ed4b04-impl-thread1] INFO  server.RaftServerConfigKeys (ConfUtils.java:logGet(46)) - raft.server.log.appender.buffer.byte-limit = 4194304 (custom)
2025-05-13 07:43:05,193 [f4bacb90-9d91-4a22-a416-18e936ed4b04-impl-thread1] INFO  server.RaftServerConfigKeys (ConfUtils.java:logGet(46)) - raft.server.log.statemachine.data.read.timeout = 1000ms (default)
2025-05-13 07:43:05,193 [f4bacb90-9d91-4a22-a416-18e936ed4b04-impl-thread1] INFO  server.RaftServerConfigKeys (ConfUtils.java:logGet(46)) - raft.server.log.purge.preservation.log.num = 0 (default)
2025-05-13 07:43:05,195 [f4bacb90-9d91-4a22-a416-18e936ed4b04-impl-thread1] INFO  server.RaftServerConfigKeys (ConfUtils.java:logGet(46)) - raft.server.log.segment.size.max = 4194304 (custom)
2025-05-13 07:43:05,195 [f4bacb90-9d91-4a22-a416-18e936ed4b04-impl-thread1] INFO  server.RaftServerConfigKeys (ConfUtils.java:logGet(46)) - raft.server.log.segment.cache.num.max = 2 (custom)
2025-05-13 07:43:05,195 [f4bacb90-9d91-4a22-a416-18e936ed4b04-impl-thread1] INFO  server.RaftServerConfigKeys (ConfUtils.java:logGet(46)) - raft.server.log.segment.cache.size.max = 200MB (=209715200) (default)
2025-05-13 07:43:05,195 [f4bacb90-9d91-4a22-a416-18e936ed4b04-impl-thread1] INFO  server.RaftServerConfigKeys (ConfUtils.java:logGet(46)) - raft.server.log.appender.buffer.byte-limit = 4194304 (custom)
2025-05-13 07:43:05,195 [f4bacb90-9d91-4a22-a416-18e936ed4b04-impl-thread1] INFO  util.AwaitToRun (AwaitToRun.java:start(81)) - Thread[#544,f4bacb90-9d91-4a22-a416-18e936ed4b04@group-449E480D4B58-cacheEviction-AwaitToRun,5,main] started
2025-05-13 07:43:05,195 [f4bacb90-9d91-4a22-a416-18e936ed4b04-impl-thread1] INFO  segmented.SegmentedRaftLogWorker (SegmentedRaftLogWorker.java:<init>(188)) - new f4bacb90-9d91-4a22-a416-18e936ed4b04@group-449E480D4B58-SegmentedRaftLogWorker for RaftStorageImpl:Storage Directory /tmp/junit-9214812903889702170/scm-meta/scm-ha/de5480ba-ac40-44e3-b8bd-449e480d4b58
2025-05-13 07:43:05,196 [f4bacb90-9d91-4a22-a416-18e936ed4b04-impl-thread1] INFO  server.RaftServerConfigKeys (ConfUtils.java:logGet(46)) - raft.server.log.queue.byte-limit = 64MB (=67108864) (default)
2025-05-13 07:43:05,196 [f4bacb90-9d91-4a22-a416-18e936ed4b04-impl-thread1] INFO  server.RaftServerConfigKeys (ConfUtils.java:logGet(46)) - raft.server.log.queue.element-limit = 4096 (default)
2025-05-13 07:43:05,196 [f4bacb90-9d91-4a22-a416-18e936ed4b04-impl-thread1] INFO  server.RaftServerConfigKeys (ConfUtils.java:logGet(46)) - raft.server.log.segment.size.max = 4194304 (custom)
2025-05-13 07:43:05,196 [f4bacb90-9d91-4a22-a416-18e936ed4b04-impl-thread1] INFO  server.RaftServerConfigKeys (ConfUtils.java:logGet(46)) - raft.server.log.preallocated.size = 4194304 (custom)
2025-05-13 07:43:05,196 [f4bacb90-9d91-4a22-a416-18e936ed4b04-impl-thread1] INFO  server.RaftServerConfigKeys (ConfUtils.java:logGet(46)) - raft.server.log.force.sync.num = 128 (default)
2025-05-13 07:43:05,196 [f4bacb90-9d91-4a22-a416-18e936ed4b04-impl-thread1] INFO  server.RaftServerConfigKeys (ConfUtils.java:logGet(46)) - raft.server.log.statemachine.data.sync = true (default)
2025-05-13 07:43:05,196 [f4bacb90-9d91-4a22-a416-18e936ed4b04-impl-thread1] INFO  server.RaftServerConfigKeys (ConfUtils.java:logGet(46)) - raft.server.log.statemachine.data.sync.timeout = 10s (default)
2025-05-13 07:43:05,196 [f4bacb90-9d91-4a22-a416-18e936ed4b04-impl-thread1] INFO  server.RaftServerConfigKeys (ConfUtils.java:logGet(46)) - raft.server.log.statemachine.data.sync.timeout.retry = -1 (default)
2025-05-13 07:43:05,196 [f4bacb90-9d91-4a22-a416-18e936ed4b04-impl-thread1] INFO  server.RaftServerConfigKeys (ConfUtils.java:logGet(46)) - raft.server.log.write.buffer.size = 4194312 (custom)
2025-05-13 07:43:05,197 [f4bacb90-9d91-4a22-a416-18e936ed4b04-impl-thread1] INFO  server.RaftServerConfigKeys (ConfUtils.java:logGet(46)) - raft.server.log.appender.buffer.byte-limit = 4194304 (custom)
2025-05-13 07:43:05,197 [f4bacb90-9d91-4a22-a416-18e936ed4b04-impl-thread1] INFO  server.RaftServerConfigKeys (ConfUtils.java:logGet(46)) - raft.server.log.unsafe-flush.enabled = false (default)
2025-05-13 07:43:05,197 [f4bacb90-9d91-4a22-a416-18e936ed4b04-impl-thread1] INFO  server.RaftServerConfigKeys (ConfUtils.java:logGet(46)) - raft.server.log.async-flush.enabled = false (default)
2025-05-13 07:43:05,197 [f4bacb90-9d91-4a22-a416-18e936ed4b04-impl-thread1] INFO  server.RaftServerConfigKeys (ConfUtils.java:logGet(46)) - raft.server.log.statemachine.data.caching.enabled = false (default)
2025-05-13 07:43:05,198 [f4bacb90-9d91-4a22-a416-18e936ed4b04-impl-thread1] INFO  server.RaftServer$Division (ServerState.java:setRaftConf(386)) - f4bacb90-9d91-4a22-a416-18e936ed4b04@group-449E480D4B58: set configuration conf: {index: 0, cur=peers:[f4bacb90-9d91-4a22-a416-18e936ed4b04|pkrvmberfyhpb9w:15011]|listeners:[], old=null}
2025-05-13 07:43:05,198 [f4bacb90-9d91-4a22-a416-18e936ed4b04-impl-thread1] INFO  segmented.LogSegment (LogSegment.java:loadSegment(171)) - Successfully read 1 entries from segment file /tmp/junit-9214812903889702170/scm-meta/scm-ha/de5480ba-ac40-44e3-b8bd-449e480d4b58/current/log_inprogress_0
2025-05-13 07:43:05,198 [f4bacb90-9d91-4a22-a416-18e936ed4b04-impl-thread1] INFO  segmented.SegmentedRaftLogWorker (SegmentedRaftLogWorker.java:lambda$new$0(139)) - f4bacb90-9d91-4a22-a416-18e936ed4b04@group-449E480D4B58-SegmentedRaftLogWorker: safeCacheEvictIndex: setUnconditionally 0 -> -1
2025-05-13 07:43:05,198 [f4bacb90-9d91-4a22-a416-18e936ed4b04-impl-thread1] INFO  segmented.BufferedWriteChannel (BufferedWriteChannel.java:open(61)) - open log_inprogress_0 (append) at position 82
2025-05-13 07:43:05,199 [f4bacb90-9d91-4a22-a416-18e936ed4b04-impl-thread1] INFO  server.RaftServer$Division (RaftServerImpl.java:start(391)) - f4bacb90-9d91-4a22-a416-18e936ed4b04@group-449E480D4B58: start as a follower, conf=conf: {index: 0, cur=peers:[f4bacb90-9d91-4a22-a416-18e936ed4b04|pkrvmberfyhpb9w:15011]|listeners:[], old=null}
2025-05-13 07:43:05,199 [f4bacb90-9d91-4a22-a416-18e936ed4b04-impl-thread1] INFO  server.RaftServer$Division (RaftServerImpl.java:setRole(378)) - f4bacb90-9d91-4a22-a416-18e936ed4b04@group-449E480D4B58: changes role from      null to FOLLOWER at term 1 for startAsFollower
2025-05-13 07:43:05,199 [f4bacb90-9d91-4a22-a416-18e936ed4b04-impl-thread1] INFO  impl.RoleInfo (RoleInfo.java:updateAndGet(148)) - f4bacb90-9d91-4a22-a416-18e936ed4b04: start f4bacb90-9d91-4a22-a416-18e936ed4b04@group-449E480D4B58-FollowerState
2025-05-13 07:43:05,199 [f4bacb90-9d91-4a22-a416-18e936ed4b04@group-449E480D4B58-FollowerState] INFO  server.RaftServerConfigKeys (ConfUtils.java:logFallback(53)) - raft.server.rpc.first-election.timeout.min = 5000ms (fallback to raft.server.rpc.timeout.min)
2025-05-13 07:43:05,199 [f4bacb90-9d91-4a22-a416-18e936ed4b04@group-449E480D4B58-FollowerState] INFO  server.RaftServerConfigKeys (ConfUtils.java:logFallback(53)) - raft.server.rpc.first-election.timeout.max = 5200ms (fallback to raft.server.rpc.timeout.max)
2025-05-13 07:43:05,199 [f4bacb90-9d91-4a22-a416-18e936ed4b04-impl-thread1] INFO  util.JmxRegister (JmxRegister.java:tryRegister(44)) - Successfully registered JMX Bean with object name Ratis:service=RaftServer,group=group-449E480D4B58,id=f4bacb90-9d91-4a22-a416-18e936ed4b04
2025-05-13 07:43:05,199 [f4bacb90-9d91-4a22-a416-18e936ed4b04-impl-thread1] INFO  util.JmxRegister (JmxRegister.java:register(58)) - register mxBean class org.apache.ratis.server.impl.RaftServerJmxAdapter as Ratis:service=RaftServer,group=group-449E480D4B58,id=f4bacb90-9d91-4a22-a416-18e936ed4b04
2025-05-13 07:43:05,200 [f4bacb90-9d91-4a22-a416-18e936ed4b04-impl-thread1] INFO  server.RaftServerConfigKeys (ConfUtils.java:logGet(46)) - raft.server.snapshot.trigger-when-stop.enabled = true (default)
2025-05-13 07:43:05,200 [f4bacb90-9d91-4a22-a416-18e936ed4b04-impl-thread1] INFO  server.RaftServerConfigKeys (ConfUtils.java:logGet(46)) - raft.server.snapshot.trigger-when-remove.enabled = true (default)
2025-05-13 07:43:05,200 [f4bacb90-9d91-4a22-a416-18e936ed4b04-impl-thread1] INFO  server.RaftServerConfigKeys (ConfUtils.java:logGet(46)) - raft.server.snapshot.auto.trigger.enabled = true (custom)
2025-05-13 07:43:05,200 [f4bacb90-9d91-4a22-a416-18e936ed4b04-impl-thread1] INFO  server.RaftServerConfigKeys (ConfUtils.java:logGet(46)) - raft.server.snapshot.auto.trigger.threshold = 1000 (custom)
2025-05-13 07:43:05,200 [f4bacb90-9d91-4a22-a416-18e936ed4b04-impl-thread1] INFO  server.RaftServerConfigKeys (ConfUtils.java:logGet(46)) - raft.server.snapshot.retention.file.num = -1 (default)
2025-05-13 07:43:05,200 [f4bacb90-9d91-4a22-a416-18e936ed4b04-impl-thread1] INFO  server.RaftServerConfigKeys (ConfUtils.java:logGet(46)) - raft.server.log.purge.upto.snapshot.index = false (default)
2025-05-13 07:43:05,202 [f4bacb90-9d91-4a22-a416-18e936ed4b04-impl-thread1] INFO  server.RaftServer$Division (RaftServerImpl.java:start(405)) - f4bacb90-9d91-4a22-a416-18e936ed4b04@group-449E480D4B58: Successfully started.
2025-05-13 07:43:05,202 [main] INFO  server.RaftServer (RaftServerProxy.java:startImpl(407)) - f4bacb90-9d91-4a22-a416-18e936ed4b04: start RPC server
2025-05-13 07:43:05,204 [main] INFO  server.GrpcService (GrpcService.java:startImpl(334)) - f4bacb90-9d91-4a22-a416-18e936ed4b04: GrpcService started, listening on 15011
2025-05-13 07:43:05,205 [main] INFO  ha.SCMHAManagerImpl (SCMHAManagerImpl.java:start(131)) -  scm role is FOLLOWER peers [f4bacb90-9d91-4a22-a416-18e936ed4b04|pkrvmberfyhpb9w:15011]
2025-05-13 07:43:05,205 [main] INFO  ha.InterSCMGrpcService (InterSCMGrpcProtocolService.java:start(98)) - Starting SCM Grpc Service at port 15012
2025-05-13 07:43:05,205 [JvmPauseMonitor3] INFO  util.JvmPauseMonitor (JvmPauseMonitor.java:run(146)) - JvmPauseMonitor-f4bacb90-9d91-4a22-a416-18e936ed4b04: Started
2025-05-13 07:43:05,207 [main] INFO  SCMHATransactionMonitor (BackgroundSCMService.java:start(64)) - Starting SCMHATransactionMonitor Service.
2025-05-13 07:43:05,207 [main] INFO  ha.SCMServiceManager (SCMServiceManager.java:register(42)) - Registering service SCMHATransactionMonitor.
2025-05-13 07:43:05,207 [main] INFO  SCMHATransactionMonitor (BackgroundSCMService.java:start(61)) - SCMHATransactionMonitor Service is already running, skip start.
2025-05-13 07:43:05,209 [main] WARN  impl.MetricsConfig (MetricsConfig.java:loadFirst(138)) - Cannot locate configuration: tried hadoop-metrics2-storagecontainermanager.properties,hadoop-metrics2.properties
2025-05-13 07:43:05,209 [main] INFO  impl.MetricsSystemImpl (MetricsSystemImpl.java:startTimer(378)) - Scheduled Metric snapshot period at 10 second(s).
2025-05-13 07:43:05,209 [main] INFO  impl.MetricsSystemImpl (MetricsSystemImpl.java:start(191)) - StorageContainerManager metrics system started
2025-05-13 07:43:05,220 [main] INFO  impl.MetricsSinkAdapter (MetricsSinkAdapter.java:start(204)) - Sink prometheus started
2025-05-13 07:43:05,220 [main] INFO  impl.MetricsSystemImpl (MetricsSystemImpl.java:registerSink(305)) - Registered sink prometheus
2025-05-13 07:43:05,238 [main] INFO  server.SCMClientProtocolServer (SCMClientProtocolServer.java:start(207)) - RPC server for Client  is listening at /0.0.0.0:15007
2025-05-13 07:43:05,238 [IPC Server Responder] INFO  ipc.Server (Server.java:run(1713)) - IPC Server Responder: starting
2025-05-13 07:43:05,238 [IPC Server listener on 15007] INFO  ipc.Server (Server.java:run(1553)) - IPC Server listener on 15007: starting
2025-05-13 07:43:05,250 [main] INFO  server.StorageContainerManager (StorageContainerManager.java:start(1520)) - ScmBlockLocationProtocol RPC server is listening at /0.0.0.0:15009
2025-05-13 07:43:05,251 [main] INFO  server.SCMBlockProtocolServer (SCMBlockProtocolServer.java:start(166)) - RPC server for Block Protocol is listening at /0.0.0.0:15009
2025-05-13 07:43:05,251 [IPC Server Responder] INFO  ipc.Server (Server.java:run(1713)) - IPC Server Responder: starting
2025-05-13 07:43:05,251 [IPC Server listener on 15009] INFO  ipc.Server (Server.java:run(1553)) - IPC Server listener on 15009: starting
2025-05-13 07:43:05,262 [main] INFO  server.SCMSecurityProtocolServer (SCMSecurityProtocolServer.java:start(503)) - Starting RPC server for SCMSecurityProtocolServer. is listening at /0.0.0.0:15010
2025-05-13 07:43:05,263 [IPC Server Responder] INFO  ipc.Server (Server.java:run(1713)) - IPC Server Responder: starting
2025-05-13 07:43:05,263 [IPC Server listener on 15010] INFO  ipc.Server (Server.java:run(1553)) - IPC Server listener on 15010: starting
2025-05-13 07:43:05,265 [main] INFO  http.BaseHttpServer (BaseHttpServer.java:newHttpServer2BuilderForOzone(229)) - Starting Web-server for scm at: http://0.0.0.0:9876
2025-05-13 07:43:05,265 [main] INFO  http.BaseHttpServer (BaseHttpServer.java:<init>(107)) - Hadoop Security Enabled: true Ozone Security Enabled: true Ozone HTTP Security Enabled: false 
2025-05-13 07:43:05,271 [main] WARN  server.AuthenticationFilter (AuthenticationFilter.java:constructSecretProvider(240)) - Unable to initialize FileSignerSecretProvider, falling back to use random secrets. Reason: Could not read signature secret file: /home/runner/hadoop-http-auth-signature-secret
2025-05-13 07:43:05,275 [main] INFO  http.HttpServer2 (HttpServer2.java:addGlobalFilter(1042)) - Added global filter 'safety' (class=org.apache.hadoop.hdds.server.http.HttpServer2$QuotingInputFilter)
2025-05-13 07:43:05,276 [main] INFO  http.HttpServer2 (HttpServer2.java:addFilter(1018)) - Added filter static_user_filter (class=org.apache.hadoop.http.lib.StaticUserWebFilter$StaticUserFilter) to context scm
2025-05-13 07:43:05,276 [main] INFO  http.HttpServer2 (HttpServer2.java:addFilter(1026)) - Added filter static_user_filter (class=org.apache.hadoop.http.lib.StaticUserWebFilter$StaticUserFilter) to context logs
2025-05-13 07:43:05,276 [main] INFO  http.HttpServer2 (HttpServer2.java:addFilter(1026)) - Added filter static_user_filter (class=org.apache.hadoop.http.lib.StaticUserWebFilter$StaticUserFilter) to context static
2025-05-13 07:43:05,277 [main] INFO  http.BaseHttpServer (BaseHttpServer.java:<init>(195)) - HTTP server of scm uses base directory /tmp/junit-9214812903889702170/scm-meta/webserver
2025-05-13 07:43:05,277 [main] INFO  http.HttpServer2 (HttpServer2.java:bindListener(1242)) - Jetty bound to port 9876
2025-05-13 07:43:05,278 [main] INFO  server.Server (Server.java:doStart(375)) - jetty-9.4.57.v20241219; built: 2025-01-08T21:24:30.412Z; git: df524e6b29271c2e09ba9aea83c18dc9db464a31; jvm 21.0.7+6-LTS
2025-05-13 07:43:05,280 [main] INFO  server.session (DefaultSessionIdManager.java:doStart(334)) - DefaultSessionIdManager workerName=node0
2025-05-13 07:43:05,280 [main] INFO  server.session (DefaultSessionIdManager.java:doStart(339)) - No SessionScavenger set, using defaults
2025-05-13 07:43:05,280 [main] INFO  server.session (HouseKeeper.java:startScavenging(132)) - node0 Scavenging every 660000ms
2025-05-13 07:43:05,281 [main] INFO  handler.ContextHandler (ContextHandler.java:doStart(921)) - Started o.e.j.s.ServletContextHandler@27131d01{logs,/logs,file:///home/runner/work/ozone/ozone/hadoop-ozone/integration-test/target/log,AVAILABLE}
2025-05-13 07:43:05,281 [main] INFO  handler.ContextHandler (ContextHandler.java:doStart(921)) - Started o.e.j.s.ServletContextHandler@106a6420{static,/static,file:///home/runner/work/ozone/ozone/hadoop-ozone/integration-test/target/test-classes/webapps/static,AVAILABLE}
2025-05-13 07:43:05,290 [main] INFO  handler.ContextHandler (ContextHandler.java:doStart(921)) - Started o.e.j.w.WebAppContext@397f3ff5{scm,/,file:///home/runner/work/ozone/ozone/hadoop-ozone/integration-test/target/test-classes/webapps/scm/,AVAILABLE}{file:/home/runner/work/ozone/ozone/hadoop-ozone/integration-test/target/test-classes/webapps/scm}
2025-05-13 07:43:05,291 [main] INFO  server.AbstractConnector (AbstractConnector.java:doStart(333)) - Started ServerConnector@2baf2c6{HTTP/1.1, (http/1.1)}{0.0.0.0:9876}
2025-05-13 07:43:05,291 [main] INFO  server.Server (Server.java:doStart(415)) - Started @27261ms
2025-05-13 07:43:05,291 [main] WARN  impl.MetricsSystemImpl (MetricsSystemImpl.java:register(279)) - Sink prometheus already exists!
2025-05-13 07:43:05,292 [main] INFO  http.BaseHttpServer (BaseHttpServer.java:updateConnectorAddress(359)) - HTTP server of scm listening at http://0.0.0.0:9876
2025-05-13 07:43:05,293 [main] WARN  server.ServerUtils (ServerUtils.java:getDBPath(292)) - ozone.om.db.dirs is not configured. We recommend adding this setting. Falling back to ozone.metadata.dirs instead.
2025-05-13 07:43:05,304 [main] INFO  ha.OMHANodeDetails (OMHANodeDetails.java:loadOMHAConfig(113)) - ozone.om.internal.service.id is not defined, falling back to ozone.om.service.ids to find serviceID for OzoneManager if it is HA enabled cluster
2025-05-13 07:43:05,304 [main] INFO  ha.OMHANodeDetails (OMHANodeDetails.java:loadOMHAConfig(224)) - Configuration does not have ozone.om.address set. Falling back to the default OM address pkrvmberfyhpb9w.internal.cloudapp.net/10.1.0.33:15013
2025-05-13 07:43:05,305 [main] INFO  ha.OMHANodeDetails (OMHANodeDetails.java:getOMNodeDetailsForNonHA(252)) - OM Service ID is not set. Setting it to the default ID: omServiceIdDefault
2025-05-13 07:43:05,305 [main] INFO  ha.OMHANodeDetails (OMHANodeDetails.java:getOMNodeDetailsForNonHA(259)) - OM Node ID is not set. Setting it to the default ID: om1
2025-05-13 07:43:05,306 [pool-41-thread-1] INFO  request.TgsRequest (TgsRequest.java:issueTicket(117)) - TGS_REQ ISSUE: authtime 1747122185305,om/pkrvmberfyhpb9w.internal.cloudapp.net@EXAMPLE.COM for om/pkrvmberfyhpb9w.internal.cloudapp.net@EXAMPLE.COM
2025-05-13 07:43:05,309 [main] WARN  server.ServerUtils (ServerUtils.java:getDBPath(292)) - ozone.om.db.dirs is not configured. We recommend adding this setting. Falling back to ozone.metadata.dirs instead.
2025-05-13 07:43:05,314 [main] INFO  upgrade.AbstractLayoutVersionManager (AbstractLayoutVersionManager.java:init(80)) - Initializing Layout version manager with metadata layout = DELEGATION_TOKEN_SYMMETRIC_SIGN (version = 8), software layout = DELEGATION_TOKEN_SYMMETRIC_SIGN (version = 8)
2025-05-13 07:43:05,316 [Socket Reader #1 for port 15010] INFO  ipc.Server (Server.java:saslProcess(2290)) - Auth successful for om/pkrvmberfyhpb9w.internal.cloudapp.net@EXAMPLE.COM (auth:KERBEROS) from 127.0.0.1:45934
2025-05-13 07:43:05,320 [IPC Server handler 0 on default port 15010] INFO  ipc.Server (Server.java:logException(3260)) - IPC Server handler 0 on default port 15010, call Call#5 Retry#0 org.apache.hadoop.hdds.protocol.SCMSecurityProtocol.submitRequest from 127.0.0.1:45934
org.apache.hadoop.hdds.ratis.ServerNotLeaderException: SCM Server:f4bacb90-9d91-4a22-a416-18e936ed4b04(pkrvmberfyhpb9w.internal.cloudapp.net) is not the leader. Could not determine the leader node.
	at org.apache.hadoop.hdds.ratis.ServerNotLeaderException.convertToNotLeaderException(ServerNotLeaderException.java:106)
	at org.apache.hadoop.hdds.scm.ha.RatisUtil.checkRatisException(RatisUtil.java:248)
	at org.apache.hadoop.hdds.scm.protocol.SCMSecurityProtocolServerSideTranslatorPB.submitRequest(SCMSecurityProtocolServerSideTranslatorPB.java:83)
	at org.apache.hadoop.hdds.protocol.proto.SCMSecurityProtocolProtos$SCMSecurityProtocolService$2.callBlockingMethod(SCMSecurityProtocolProtos.java:18942)
	at org.apache.hadoop.ipc.ProtobufRpcEngine$Server.processCall(ProtobufRpcEngine.java:484)
	at org.apache.hadoop.ipc.ProtobufRpcEngine2$Server$ProtoBufRpcInvoker.call(ProtobufRpcEngine2.java:595)
	at org.apache.hadoop.ipc.ProtobufRpcEngine2$Server$ProtoBufRpcInvoker.call(ProtobufRpcEngine2.java:573)
	at org.apache.hadoop.ipc.RPC$Server.call(RPC.java:1227)
	at org.apache.hadoop.ipc.Server$RpcCall.run(Server.java:1246)
	at org.apache.hadoop.ipc.Server$RpcCall.run(Server.java:1169)
	at java.base/java.security.AccessController.doPrivileged(AccessController.java:714)
	at java.base/javax.security.auth.Subject.doAs(Subject.java:525)
	at org.apache.hadoop.security.UserGroupInformation.doAs(UserGroupInformation.java:1953)
	at org.apache.hadoop.ipc.Server$Handler.run(Server.java:3198)
2025-05-13 07:43:05,434 [main] INFO  reflections.Reflections (Reflections.java:scan(219)) - Reflections took 118 ms to scan 2 urls, producing 207 keys and 618 values
2025-05-13 07:43:05,438 [main] INFO  upgrade.OMLayoutVersionManager (OMLayoutVersionManager.java:lambda$0(110)) - Skipping Upgrade Action QuotaRepairUpgradeAction since it has been finalized.
2025-05-13 07:43:05,439 [main] INFO  upgrade.OMLayoutVersionManager (OMLayoutVersionManager.java:lambda$0(110)) - Skipping Upgrade Action MockOmUpgradeAction since it has been finalized.
2025-05-13 07:43:05,441 [main] WARN  server.ServerUtils (ServerUtils.java:getDBPath(292)) - ozone.om.db.dirs is not configured. We recommend adding this setting. Falling back to ozone.metadata.dirs instead.
2025-05-13 07:43:05,445 [main] INFO  om.OzoneManager (OzoneManager.java:setReplicationFromConfig(4596)) - Set default replication in OM: RATIS/3 -> RATIS/THREE
2025-05-13 07:43:05,449 [main] INFO  proxy.SCMContainerLocationFailoverProxyProvider (SCMFailoverProxyProviderBase.java:<init>(120)) - Created fail-over proxy for protocol StorageContainerLocationProtocolPB with 1 nodes: [nodeId=scmNodeId,nodeAddress=/0.0.0.0:15007]
2025-05-13 07:43:05,480 [main] INFO  proxy.SCMBlockLocationFailoverProxyProvider (SCMFailoverProxyProviderBase.java:<init>(120)) - Created fail-over proxy for protocol ScmBlockLocationProtocolPB with 1 nodes: [nodeId=scmNodeId,nodeAddress=/0.0.0.0:15009]
2025-05-13 07:43:05,527 [main] INFO  om.OzoneManager (OzoneManager.java:<init>(670)) - OM start with adminUsers: [om/pkrvmberfyhpb9w.internal.cloudapp.net@EXAMPLE.COM, om]
2025-05-13 07:43:05,543 [main] WARN  server.ServerUtils (ServerUtils.java:getDBPath(292)) - ozone.om.db.dirs is not configured. We recommend adding this setting. Falling back to ozone.metadata.dirs instead.
2025-05-13 07:43:05,801 [main] INFO  om.OzoneManager (OzoneManager.java:instantiateServices(914)) - S3 Multi-Tenancy is disabled
2025-05-13 07:43:05,808 [main] INFO  security.OzoneSecretStore (OzoneSecretStore.java:loadState(70)) - Loaded 0 tokens
2025-05-13 07:43:05,808 [main] INFO  security.OzoneDelegationTokenSecretManager (OzoneDelegationTokenSecretManager.java:loadTokenSecretState(513)) - Loading token state into token manager.
2025-05-13 07:43:05,825 [main] INFO  om.OmSnapshotManager (OmSnapshotManager.java:<init>(187)) - Ozone filesystem snapshot feature is enabled.
2025-05-13 07:43:05,832 [main] WARN  server.ServerUtils (ServerUtils.java:getDBPath(292)) - ozone.om.snapshot.diff.db.dir is not configured. We recommend adding this setting. Falling back to ozone.metadata.dirs instead.
2025-05-13 07:43:05,867 [main] INFO  utils.NativeLibraryLoader (NativeLibraryLoader.java:loadLibrary(120)) - Loading Library: ozone_rocksdb_tools
2025-05-13 07:43:06,005 [main] INFO  om.OzoneManager (OzoneManager.java:addS3GVolumeToDB(4654)) - Created Volume s3v With Owner om required for S3Gateway operations.
2025-05-13 07:43:06,053 [main] WARN  server.ServerUtils (ServerUtils.java:getDefaultRatisDirectory(304)) - Storage directory for Ratis is not configured. It is a good idea to map this to an SSD disk. Falling back to ozone.metadata.dirs
2025-05-13 07:43:06,054 [main] WARN  utils.OzoneManagerRatisUtils (OzoneManagerRatisUtils.java:getOMRatisSnapshotDirectory(488)) - ozone.om.ratis.snapshot.dir is not configured. Falling back to ozone.metadata.dirs config
2025-05-13 07:43:06,057 [main] WARN  dropwizard3.Dm3MetricRegistriesImpl (Dm3MetricRegistriesImpl.java:addReporterRegistration(114)) - New reporters are added after registries were created. Some metrics will be missing from the reporter. Please add reporter before adding any new registry.
2025-05-13 07:43:06,057 [main] WARN  dropwizard3.Dm3MetricRegistriesImpl (Dm3MetricRegistriesImpl.java:addReporterRegistration(114)) - New reporters are added after registries were created. Some metrics will be missing from the reporter. Please add reporter before adding any new registry.
2025-05-13 07:43:06,057 [main] WARN  server.ServerUtils (ServerUtils.java:getDefaultRatisDirectory(304)) - Storage directory for Ratis is not configured. It is a good idea to map this to an SSD disk. Falling back to ozone.metadata.dirs
2025-05-13 07:43:06,058 [main] INFO  server.RaftServerConfigKeys (ConfUtils.java:logGet(46)) - raft.server.log.appender.buffer.byte-limit = 4194304 (custom)
2025-05-13 07:43:06,060 [main] INFO  ratis.OzoneManagerRatisServer (OzoneManagerRatisServer.java:<init>(167)) - Instantiating OM Ratis server with groupID: omServiceIdDefault and peers: pkrvmberfyhpb9w.internal.cloudapp.net:9872
2025-05-13 07:43:06,064 [main] INFO  ratis.OzoneManagerStateMachine (OzoneManagerStateMachine.java:loadSnapshotInfoFromDB(618)) - TransactionInfo not found in OM DB.
2025-05-13 07:43:06,093 [main] INFO  server.RaftServer (ConfUtils.java:logGet(46)) - raft.rpc.type = GRPC (default)
2025-05-13 07:43:06,094 [main] INFO  grpc.GrpcConfigKeys (ConfUtils.java:logFallback(53)) - raft.grpc.admin.host = null (fallback to raft.grpc.server.host)
2025-05-13 07:43:06,094 [main] INFO  grpc.GrpcConfigKeys (ConfUtils.java:logFallback(53)) - raft.grpc.admin.port = 9872 (fallback to raft.grpc.server.port)
2025-05-13 07:43:06,094 [main] INFO  grpc.GrpcConfigKeys (ConfUtils.java:logFallback(53)) - raft.grpc.client.host = null (fallback to raft.grpc.server.host)
2025-05-13 07:43:06,094 [main] INFO  grpc.GrpcConfigKeys (ConfUtils.java:logFallback(53)) - raft.grpc.client.port = 9872 (fallback to raft.grpc.server.port)
2025-05-13 07:43:06,094 [main] INFO  grpc.GrpcConfigKeys (ConfUtils.java:logGet(46)) - raft.grpc.server.host = null (default)
2025-05-13 07:43:06,094 [main] INFO  grpc.GrpcConfigKeys (ConfUtils.java:logGet(46)) - raft.grpc.server.port = 9872 (custom)
2025-05-13 07:43:06,094 [main] INFO  server.GrpcService (ConfUtils.java:logGet(46)) - raft.grpc.message.size.max = 5242880 (custom)
2025-05-13 07:43:06,094 [main] INFO  server.GrpcService (ConfUtils.java:logGet(46)) - raft.grpc.flow.control.window = 1MB (=1048576) (default)
2025-05-13 07:43:06,095 [main] INFO  server.RaftServerConfigKeys (ConfUtils.java:logGet(46)) - raft.server.rpc.request.timeout = 3000ms (default)
2025-05-13 07:43:06,095 [main] INFO  grpc.GrpcConfigKeys (ConfUtils.java:logGet(46)) - raft.grpc.server.heartbeat.channel = true (default)
2025-05-13 07:43:06,095 [main] INFO  server.RaftServerConfigKeys (ConfUtils.java:logGet(46)) - raft.server.log.appender.buffer.byte-limit = 4194304 (custom)
2025-05-13 07:43:06,095 [main] INFO  grpc.GrpcConfigKeys (ConfUtils.java:logGet(46)) - raft.grpc.server.async.request.thread.pool.cached = true (default)
2025-05-13 07:43:06,095 [main] INFO  grpc.GrpcConfigKeys (ConfUtils.java:logGet(46)) - raft.grpc.server.async.request.thread.pool.size = 32 (default)
2025-05-13 07:43:06,096 [main] INFO  impl.DataStreamServerImpl (ConfUtils.java:logGet(46)) - raft.datastream.type = DISABLED (default)
2025-05-13 07:43:06,096 [main] INFO  server.RaftServerConfigKeys (ConfUtils.java:logGet(46)) - raft.server.sleep.deviation.threshold = 300ms (default)
2025-05-13 07:43:06,096 [main] INFO  server.RaftServerConfigKeys (ConfUtils.java:logGet(46)) - raft.server.close.threshold = 60s (default)
2025-05-13 07:43:06,096 [main] INFO  server.RaftServerConfigKeys (ConfUtils.java:logGet(46)) - raft.server.leaderelection.leader.step-down.wait-time = 10s (default)
2025-05-13 07:43:06,097 [main] INFO  server.RaftServerConfigKeys (ConfUtils.java:logGet(46)) - raft.server.storage.dir = [/tmp/junit-9214812903889702170/scm-meta/ratis] (custom)
2025-05-13 07:43:06,097 [main] INFO  server.RaftServerConfigKeys (ConfUtils.java:logGet(46)) - raft.server.threadpool.proxy.cached = true (default)
2025-05-13 07:43:06,097 [main] INFO  server.RaftServerConfigKeys (ConfUtils.java:logGet(46)) - raft.server.threadpool.proxy.size = 0 (default)
2025-05-13 07:43:06,098 [main] INFO  server.RaftServer (RaftServerProxy.java:addNew(100)) - om1: addNew group-C5BA1605619E:[om1|pkrvmberfyhpb9w.internal.cloudapp.net:9872] returns group-C5BA1605619E:java.util.concurrent.CompletableFuture@1f6460f5[Not completed]
2025-05-13 07:43:06,098 [om1-groupManagement] INFO  server.RaftServer$Division (RaftServerImpl.java:<init>(255)) - om1: new RaftServerImpl for group-C5BA1605619E:[om1|pkrvmberfyhpb9w.internal.cloudapp.net:9872] with OzoneManagerStateMachine:uninitialized
2025-05-13 07:43:06,098 [main] INFO  om.OzoneManager (OzoneManager.java:initializeRatisServer(2284)) - OzoneManager Ratis server initialized at port 9872
2025-05-13 07:43:06,098 [om1-groupManagement] INFO  server.RaftServerConfigKeys (ConfUtils.java:logGet(46)) - raft.server.rpc.timeout.min = 5s (custom)
2025-05-13 07:43:06,098 [om1-groupManagement] INFO  server.RaftServerConfigKeys (ConfUtils.java:logGet(46)) - raft.server.rpc.timeout.max = 5200ms (custom)
2025-05-13 07:43:06,098 [om1-groupManagement] INFO  server.RaftServerConfigKeys (ConfUtils.java:logGet(46)) - raft.server.rpc.sleep.time = 25ms (default)
2025-05-13 07:43:06,098 [om1-groupManagement] INFO  server.RaftServerConfigKeys (ConfUtils.java:logGet(46)) - raft.server.rpc.slowness.timeout = 120s (custom)
2025-05-13 07:43:06,098 [om1-groupManagement] INFO  server.RaftServerConfigKeys (ConfUtils.java:logGet(46)) - raft.server.leaderelection.leader.step-down.wait-time = 10s (default)
2025-05-13 07:43:06,099 [om1-groupManagement] INFO  server.RaftServerConfigKeys (ConfUtils.java:logGet(46)) - raft.server.leaderelection.member.majority-add = false (default)
2025-05-13 07:43:06,099 [om1-groupManagement] INFO  server.RaftServerConfigKeys (ConfUtils.java:logGet(46)) - raft.server.sleep.deviation.threshold = 300ms (default)
2025-05-13 07:43:06,099 [om1-groupManagement] INFO  server.RaftServer$Division (ServerState.java:<init>(114)) - om1@group-C5BA1605619E: ConfigurationManager, init=conf: {index: -1, cur=peers:[om1|pkrvmberfyhpb9w.internal.cloudapp.net:9872]|listeners:[], old=null}, confs=<EMPTY_MAP>
2025-05-13 07:43:06,099 [om1-groupManagement] INFO  server.RaftServerConfigKeys (ConfUtils.java:logGet(46)) - raft.server.notification.no-leader.timeout = 120s (custom)
2025-05-13 07:43:06,099 [om1-groupManagement] INFO  server.RaftServerConfigKeys (ConfUtils.java:logGet(46)) - raft.server.read.timeout = 10s (default)
2025-05-13 07:43:06,099 [om1-groupManagement] INFO  server.RaftServerConfigKeys (ConfUtils.java:logGet(46)) - raft.server.retrycache.expirytime = 300s (custom)
2025-05-13 07:43:06,099 [om1-groupManagement] INFO  server.RaftServerConfigKeys (ConfUtils.java:logGet(46)) - raft.server.retrycache.statistics.expirytime = 100ms (default)
2025-05-13 07:43:06,099 [om1-groupManagement] INFO  server.RaftServerConfigKeys (ConfUtils.java:logGet(46)) - raft.server.read.option = DEFAULT (default)
2025-05-13 07:43:06,099 [om1-groupManagement] INFO  server.RaftServerConfigKeys (ConfUtils.java:logGet(46)) - raft.server.read.read-after-write-consistent.write-index-cache.expiry-time = 60s (default)
2025-05-13 07:43:06,103 [main] INFO  om.OzoneManager (OzoneManager.java:getRpcServer(1340)) - Creating RPC Server
2025-05-13 07:43:06,103 [om1-groupManagement] INFO  server.RaftServerConfigKeys (ConfUtils.java:logGet(46)) - raft.server.rpc.request.timeout = 3000ms (default)
2025-05-13 07:43:06,103 [om1-groupManagement] INFO  server.RaftServerConfigKeys (ConfUtils.java:logGet(46)) - raft.server.log.appender.install.snapshot.enabled = false (custom)
2025-05-13 07:43:06,104 [om1-groupManagement] INFO  server.RaftServerConfigKeys (ConfUtils.java:logGet(46)) - raft.server.threadpool.server.cached = true (default)
2025-05-13 07:43:06,104 [om1-groupManagement] INFO  server.RaftServerConfigKeys (ConfUtils.java:logGet(46)) - raft.server.threadpool.server.size = 0 (default)
2025-05-13 07:43:06,104 [om1-groupManagement] INFO  server.RaftServerConfigKeys (ConfUtils.java:logGet(46)) - raft.server.threadpool.client.cached = true (default)
2025-05-13 07:43:06,104 [om1-groupManagement] INFO  server.RaftServerConfigKeys (ConfUtils.java:logGet(46)) - raft.server.threadpool.client.size = 0 (default)
2025-05-13 07:43:06,955 [main] INFO  reflections.Reflections (Reflections.java:scan(219)) - Reflections took 819 ms to scan 24 urls, producing 60 keys and 7515 values
2025-05-13 07:43:07,087 [main] INFO  ipc.CallQueueManager (CallQueueManager.java:<init>(93)) - Using callQueue: class java.util.concurrent.LinkedBlockingQueue, queueCapacity: 2000, scheduler: class org.apache.hadoop.ipc.DefaultRpcScheduler, ipcBackoff: false, ipcFailOver: false.
2025-05-13 07:43:07,088 [main] INFO  server.StorageContainerManager (StorageContainerManager.java:stop(1608)) - Container Balancer is not running.
2025-05-13 07:43:07,088 [main] INFO  server.StorageContainerManager (StorageContainerManager.java:stopReplicationManager(1742)) - Stopping Replication Manager Service.
2025-05-13 07:43:07,088 [main] INFO  replication.ReplicationManager (ReplicationManager.java:stop(316)) - Stopping Replication Monitor Thread.
2025-05-13 07:43:07,089 [OverReplicatedProcessor] WARN  replication.UnhealthyReplicationProcessor (UnhealthyReplicationProcessor.java:run(178)) - OverReplicatedProcessor interrupted. Exiting...
2025-05-13 07:43:07,089 [UnderReplicatedProcessor] WARN  replication.UnhealthyReplicationProcessor (UnhealthyReplicationProcessor.java:run(178)) - UnderReplicatedProcessor interrupted. Exiting...
2025-05-13 07:43:07,089 [ReplicationMonitor] INFO  replication.ReplicationManager (ReplicationManager.java:run(936)) - Replication Monitor Thread is stopped
2025-05-13 07:43:07,089 [main] INFO  server.StorageContainerManager (StorageContainerManager.java:stop(1617)) - Stopping the Datanode Admin Monitor.
2025-05-13 07:43:07,089 [main] INFO  server.StorageContainerManager (StorageContainerManager.java:stop(1624)) - Stopping datanode service RPC server
2025-05-13 07:43:07,089 [main] INFO  server.SCMDatanodeProtocolServer (SCMDatanodeProtocolServer.java:stop(447)) - Stopping the RPC server for DataNodes
2025-05-13 07:43:07,089 [main] INFO  ipc.Server (Server.java:stop(3697)) - Stopping server on 15008
2025-05-13 07:43:07,158 [SCMHeartbeatProcessor-0] WARN  node.NodeStateManager (NodeStateManager.java:scheduleNextHealthCheck(909)) - Current Thread is interrupted, shutting down HB processing thread for Node Manager.
2025-05-13 07:43:07,158 [main] INFO  server.StorageContainerManager (StorageContainerManager.java:stop(1632)) - Stopping block service RPC server
2025-05-13 07:43:07,158 [main] INFO  server.SCMBlockProtocolServer (SCMBlockProtocolServer.java:stop(175)) - Stopping the RPC server for Block Protocol
2025-05-13 07:43:07,158 [main] INFO  ipc.Server (Server.java:stop(3697)) - Stopping server on 15009
2025-05-13 07:43:07,162 [IPC Server Responder] INFO  ipc.Server (Server.java:run(1718)) - Stopping IPC Server Responder
2025-05-13 07:43:07,162 [main] INFO  server.StorageContainerManager (StorageContainerManager.java:stop(1639)) - Stopping the StorageContainerLocationProtocol RPC server
2025-05-13 07:43:07,162 [IPC Server listener on 15009] INFO  ipc.Server (Server.java:run(1585)) - Stopping IPC Server listener on 15009
2025-05-13 07:43:07,163 [main] INFO  server.SCMClientProtocolServer (SCMClientProtocolServer.java:stop(216)) - Stopping the RPC server for Client Protocol
2025-05-13 07:43:07,163 [main] INFO  ipc.Server (Server.java:stop(3697)) - Stopping server on 15007
2025-05-13 07:43:07,168 [IPC Server listener on 15007] INFO  ipc.Server (Server.java:run(1585)) - Stopping IPC Server listener on 15007
2025-05-13 07:43:07,168 [IPC Server Responder] INFO  ipc.Server (Server.java:run(1718)) - Stopping IPC Server Responder
2025-05-13 07:43:07,168 [main] INFO  server.StorageContainerManager (StorageContainerManager.java:stop(1646)) - Stopping Storage Container Manager HTTP server.
2025-05-13 07:43:07,169 [main] INFO  handler.ContextHandler (ContextHandler.java:doStop(1159)) - Stopped o.e.j.w.WebAppContext@397f3ff5{scm,/,null,STOPPED}{file:/home/runner/work/ozone/ozone/hadoop-ozone/integration-test/target/test-classes/webapps/scm}
2025-05-13 07:43:07,171 [main] INFO  server.AbstractConnector (AbstractConnector.java:doStop(383)) - Stopped ServerConnector@2baf2c6{HTTP/1.1, (http/1.1)}{0.0.0.0:9876}
2025-05-13 07:43:07,171 [main] INFO  server.session (HouseKeeper.java:stopScavenging(149)) - node0 Stopped scavenging
2025-05-13 07:43:07,172 [main] INFO  handler.ContextHandler (ContextHandler.java:doStop(1159)) - Stopped o.e.j.s.ServletContextHandler@106a6420{static,/static,file:///home/runner/work/ozone/ozone/hadoop-ozone/integration-test/target/test-classes/webapps/static,STOPPED}
2025-05-13 07:43:07,172 [main] INFO  handler.ContextHandler (ContextHandler.java:doStop(1159)) - Stopped o.e.j.s.ServletContextHandler@27131d01{logs,/logs,file:///home/runner/work/ozone/ozone/hadoop-ozone/integration-test/target/log,STOPPED}
2025-05-13 07:43:07,173 [main] INFO  server.StorageContainerManager (StorageContainerManager.java:stop(1654)) - Stopping SCM LayoutVersionManager Service.
2025-05-13 07:43:07,173 [main] INFO  server.SCMSecurityProtocolServer (SCMSecurityProtocolServer.java:stop(510)) - Stopping the SCMSecurityProtocolServer.
2025-05-13 07:43:07,173 [main] INFO  ipc.Server (Server.java:stop(3697)) - Stopping server on 15010
2025-05-13 07:43:07,173 [IPC Server listener on 15010] INFO  ipc.Server (Server.java:run(1585)) - Stopping IPC Server listener on 15010
2025-05-13 07:43:07,173 [IPC Server Responder] INFO  ipc.Server (Server.java:run(1718)) - Stopping IPC Server Responder
2025-05-13 07:43:07,174 [main] INFO  server.StorageContainerManager (StorageContainerManager.java:stop(1666)) - Stopping Block Manager Service.
2025-05-13 07:43:07,174 [main] INFO  utils.BackgroundService (BackgroundService.java:shutdown(160)) - Shutting down service SCMBlockDeletingService
2025-05-13 07:43:07,174 [main] INFO  utils.BackgroundService (BackgroundService.java:shutdown(160)) - Shutting down service SCMBlockDeletingService
2025-05-13 07:43:07,174 [main] INFO  server.StorageContainerManager (StorageContainerManager.java:stop(1691)) - Stopping SCM Event Queue.
2025-05-13 07:43:07,175 [main] INFO  server.StorageContainerManager (StorageContainerManager.java:stop(1698)) - Stopping SCM HA services.
2025-05-13 07:43:07,176 [main] INFO  ha.SCMRatisServerImpl (SCMRatisServerImpl.java:stop(266)) - stopping ratis server 0.0.0.0:15011
2025-05-13 07:43:07,176 [main] INFO  server.RaftServer (RaftServerProxy.java:lambda$close$9(417)) - f4bacb90-9d91-4a22-a416-18e936ed4b04: close
2025-05-13 07:43:07,176 [f4bacb90-9d91-4a22-a416-18e936ed4b04-impl-thread1] INFO  server.RaftServer$Division (RaftServerImpl.java:lambda$close$1(513)) - f4bacb90-9d91-4a22-a416-18e936ed4b04@group-449E480D4B58: shutdown
2025-05-13 07:43:07,176 [f4bacb90-9d91-4a22-a416-18e936ed4b04-impl-thread1] INFO  util.JmxRegister (JmxRegister.java:unregister(74)) - Successfully un-registered JMX Bean with object name Ratis:service=RaftServer,group=group-449E480D4B58,id=f4bacb90-9d91-4a22-a416-18e936ed4b04
2025-05-13 07:43:07,177 [f4bacb90-9d91-4a22-a416-18e936ed4b04-impl-thread1] INFO  impl.RoleInfo (RoleInfo.java:shutdownFollowerState(121)) - f4bacb90-9d91-4a22-a416-18e936ed4b04: shutdown f4bacb90-9d91-4a22-a416-18e936ed4b04@group-449E480D4B58-FollowerState
2025-05-13 07:43:07,177 [f4bacb90-9d91-4a22-a416-18e936ed4b04-impl-thread1] INFO  impl.StateMachineUpdater (StateMachineUpdater.java:stopAndJoin(164)) - f4bacb90-9d91-4a22-a416-18e936ed4b04@group-449E480D4B58-StateMachineUpdater: set stopIndex = -1
2025-05-13 07:43:07,176 [main] INFO  server.GrpcService (GrpcService.java:closeImpl(343)) - f4bacb90-9d91-4a22-a416-18e936ed4b04: shutdown server GrpcServerProtocolService now
2025-05-13 07:43:07,177 [f4bacb90-9d91-4a22-a416-18e936ed4b04@group-449E480D4B58-FollowerState] INFO  impl.FollowerState (FollowerState.java:runImpl(170)) - f4bacb90-9d91-4a22-a416-18e936ed4b04@group-449E480D4B58-FollowerState was interrupted
2025-05-13 07:43:07,177 [f4bacb90-9d91-4a22-a416-18e936ed4b04@group-449E480D4B58-StateMachineUpdater] INFO  impl.StateMachineUpdater (StateMachineUpdater.java:stop(141)) - f4bacb90-9d91-4a22-a416-18e936ed4b04@group-449E480D4B58-StateMachineUpdater: closing SCMStateMachine, lastApplied=(t:0, i:~)
2025-05-13 07:43:07,177 [f4bacb90-9d91-4a22-a416-18e936ed4b04@group-449E480D4B58-cacheEviction-AwaitToRun] INFO  util.AwaitToRun (AwaitToRun.java:run(49)) - f4bacb90-9d91-4a22-a416-18e936ed4b04@group-449E480D4B58-cacheEviction-AwaitToRun-AwaitForSignal is interrupted
2025-05-13 07:43:07,181 [main] INFO  server.GrpcService (GrpcService.java:closeImpl(352)) - f4bacb90-9d91-4a22-a416-18e936ed4b04: shutdown server GrpcServerProtocolService successfully
2025-05-13 07:43:07,202 [f4bacb90-9d91-4a22-a416-18e936ed4b04-impl-thread1] INFO  segmented.SegmentedRaftLogWorker (SegmentedRaftLogWorker.java:close(252)) - f4bacb90-9d91-4a22-a416-18e936ed4b04@group-449E480D4B58-SegmentedRaftLogWorker close()
2025-05-13 07:43:07,202 [JvmPauseMonitor3] INFO  util.JvmPauseMonitor (JvmPauseMonitor.java:run(152)) - JvmPauseMonitor-f4bacb90-9d91-4a22-a416-18e936ed4b04: Stopped
2025-05-13 07:43:07,203 [main] INFO  SCMHATransactionMonitor (BackgroundSCMService.java:stop(127)) - Stopping SCMHATransactionMonitor Service.
2025-05-13 07:43:07,203 [SCMHATransactionMonitor] WARN  SCMHATransactionMonitor (BackgroundSCMService.java:run(111)) - SCMHATransactionMonitor is interrupted, exit
2025-05-13 07:43:07,203 [main] INFO  pipeline.BackgroundPipelineCreator (BackgroundPipelineCreator.java:stop(154)) - Stopping RatisPipelineUtilsThread.
2025-05-13 07:43:07,203 [RatisPipelineUtilsThread-0] WARN  pipeline.BackgroundPipelineCreator (BackgroundPipelineCreator.java:run(185)) - RatisPipelineUtilsThread is interrupted.
2025-05-13 07:43:07,204 [main] INFO  BackgroundPipelineScrubber (BackgroundSCMService.java:stop(127)) - Stopping BackgroundPipelineScrubber Service.
2025-05-13 07:43:07,204 [BackgroundPipelineScrubber] WARN  BackgroundPipelineScrubber (BackgroundSCMService.java:run(111)) - BackgroundPipelineScrubber is interrupted, exit
2025-05-13 07:43:07,204 [main] INFO  impl.MetricsSystemImpl (MetricsSystemImpl.java:stop(210)) - Stopping StorageContainerManager metrics system...
2025-05-13 07:43:07,205 [prometheus] INFO  impl.MetricsSinkAdapter (MetricsSinkAdapter.java:publishMetricsFromQueue(141)) - prometheus thread interrupted.
2025-05-13 07:43:07,205 [main] INFO  impl.MetricsSystemImpl (MetricsSystemImpl.java:stop(216)) - StorageContainerManager metrics system stopped.
2025-05-13 07:43:07,205 [main] WARN  pipeline.BackgroundPipelineCreator (BackgroundPipelineCreator.java:stop(150)) - RatisPipelineUtilsThread is not running, just ignore.
2025-05-13 07:43:07,205 [main] INFO  BackgroundPipelineScrubber (BackgroundSCMService.java:stop(122)) - BackgroundPipelineScrubber Service is not running, skip stop.
2025-05-13 07:43:07,205 [main] INFO  ExpiredContainerReplicaOpScrubber (BackgroundSCMService.java:stop(127)) - Stopping ExpiredContainerReplicaOpScrubber Service.
2025-05-13 07:43:07,205 [ExpiredContainerReplicaOpScrubber] WARN  ExpiredContainerReplicaOpScrubber (BackgroundSCMService.java:run(111)) - ExpiredContainerReplicaOpScrubber is interrupted, exit
2025-05-13 07:43:07,205 [main] INFO  utils.BackgroundService (BackgroundService.java:shutdown(160)) - Shutting down service SCMBlockDeletingService
2025-05-13 07:43:07,205 [main] INFO  replication.ReplicationManager (ReplicationManager.java:stop(323)) - Replication Monitor Thread is not running.
2025-05-13 07:43:07,206 [main] WARN  balancer.ContainerBalancer (ContainerBalancer.java:stop(350)) - Cannot stop Container Balancer because it's not running or stopping
2025-05-13 07:43:07,206 [main] INFO  SCMHATransactionMonitor (BackgroundSCMService.java:stop(122)) - SCMHATransactionMonitor Service is not running, skip stop.
2025-05-13 07:43:07,206 [LeaseManager#LeaseMonitor] WARN  lease.LeaseManager (LeaseManager.java:run(285)) - Lease manager is interrupted. Shutting down...
java.lang.InterruptedException
	at java.base/java.util.concurrent.locks.AbstractQueuedSynchronizer.tryAcquireSharedNanos(AbstractQueuedSynchronizer.java:1133)
	at java.base/java.util.concurrent.Semaphore.tryAcquire(Semaphore.java:415)
	at org.apache.hadoop.ozone.lease.LeaseManager$LeaseMonitor.run(LeaseManager.java:283)
	at java.base/java.lang.Thread.run(Thread.java:1583)
2025-05-13 07:43:07,206 [f4bacb90-9d91-4a22-a416-18e936ed4b04-scm/sub-ca-refreshCACertificates] ERROR util.ExitUtils (ExitUtils.java:terminate(133)) - Terminating with exit status -1: Thread[#766,f4bacb90-9d91-4a22-a416-18e936ed4b04-scm/sub-ca-refreshCACertificates,5,main] has thrown an uncaught exception
java.lang.reflect.UndeclaredThrowableException
	at jdk.proxy2/jdk.proxy2.$Proxy45.submitRequest(Unknown Source)
	at org.apache.hadoop.hdds.protocolPB.SCMSecurityProtocolClientSideTranslatorPB.submitRequest(SCMSecurityProtocolClientSideTranslatorPB.java:93)
	at org.apache.hadoop.hdds.protocolPB.SCMSecurityProtocolClientSideTranslatorPB.getAllRootCaCertificates(SCMSecurityProtocolClientSideTranslatorPB.java:382)
	at org.apache.hadoop.hdds.security.x509.certificate.client.SCMCertificateClient$RefreshCACertificates.run(SCMCertificateClient.java:238)
	at java.base/java.util.concurrent.ThreadPoolExecutor.runWorker(ThreadPoolExecutor.java:1144)
	at java.base/java.util.concurrent.ThreadPoolExecutor$Worker.run(ThreadPoolExecutor.java:642)
	at java.base/java.lang.Thread.run(Thread.java:1583)
Caused by: java.io.InterruptedIOException: Retry interrupted
	at org.apache.hadoop.io.retry.RetryInvocationHandler$Call.processWaitTimeAndRetryInfo(RetryInvocationHandler.java:141)
	at org.apache.hadoop.io.retry.RetryInvocationHandler$Call.invokeOnce(RetryInvocationHandler.java:112)
	at org.apache.hadoop.io.retry.RetryInvocationHandler.invoke(RetryInvocationHandler.java:366)
	... 7 more
Caused by: java.lang.InterruptedException: sleep interrupted
	at java.base/java.lang.Thread.sleep0(Native Method)
	at java.base/java.lang.Thread.sleep(Thread.java:509)
	at org.apache.hadoop.io.retry.RetryInvocationHandler$Call.processWaitTimeAndRetryInfo(RetryInvocationHandler.java:135)
	... 9 more
2025-05-13 07:43:07,206 [main] INFO  server.StorageContainerManager (StorageContainerManager.java:stop(1733)) - Stopping SCM MetadataStore.
2025-05-13 07:43:07,210 [main] INFO  impl.DefaultInternalKdcServerImpl (DefaultInternalKdcServerImpl.java:doStop(102)) - Default Internal kdc server stopped.
2025-05-13 07:43:08,210 [main] INFO  minikdc.MiniKdc (MiniKdc.java:stop(359)) - MiniKdc stopped.
2025-05-13 07:43:08,211 [main] INFO  server.StorageContainerManager (StorageContainerManager.java:stop(1597)) - Storage Container Manager is not running.
2025-05-13 07:43:08,211 [main] INFO  server.StorageContainerManager (StorageContainerManager.java:stopReplicationManager(1742)) - Stopping Replication Manager Service.
2025-05-13 07:43:08,211 [main] INFO  replication.ReplicationManager (ReplicationManager.java:stop(323)) - Replication Monitor Thread is not running.
2025-05-13 07:43:08,211 [main] INFO  server.SCMSecurityProtocolServer (SCMSecurityProtocolServer.java:join(519)) - Join RPC server for SCMSecurityProtocolServer.
2025-05-13 07:43:08,211 [main] INFO  server.SCMSecurityProtocolServer (SCMSecurityProtocolServer.java:join(521)) - Join gRPC server for SCMSecurityProtocolServer.
]]></system-out>
  </testcase>
  <testcase name="testDelegationTokenRenewCrossSecretKeyRotation" classname="org.apache.hadoop.ozone.TestSecureOzoneCluster" time="8.711">
    <error message="Problem binding to [pkrvmberfyhpb9w.internal.cloudapp.net:15020] java.net.BindException: Cannot assign requested address; For more details see:  http://wiki.apache.org/hadoop/BindException" type="java.net.BindException"><![CDATA[java.net.BindException: Problem binding to [pkrvmberfyhpb9w.internal.cloudapp.net:15020] java.net.BindException: Cannot assign requested address; For more details see:  http://wiki.apache.org/hadoop/BindException
	at java.base/jdk.internal.reflect.DirectConstructorHandleAccessor.newInstance(DirectConstructorHandleAccessor.java:62)
	at java.base/java.lang.reflect.Constructor.newInstanceWithCaller(Constructor.java:502)
	at java.base/java.lang.reflect.Constructor.newInstance(Constructor.java:486)
	at org.apache.hadoop.net.NetUtils.wrapWithMessage(NetUtils.java:961)
	at org.apache.hadoop.net.NetUtils.wrapException(NetUtils.java:857)
	at org.apache.hadoop.ipc.Server.bind(Server.java:715)
	at org.apache.hadoop.ipc.Server$Listener.<init>(Server.java:1435)
	at org.apache.hadoop.ipc.Server.<init>(Server.java:3364)
	at org.apache.hadoop.ipc.RPC$Server.<init>(RPC.java:1195)
	at org.apache.hadoop.ipc.ProtobufRpcEngine2$Server.<init>(ProtobufRpcEngine2.java:485)
	at org.apache.hadoop.ipc.ProtobufRpcEngine$Server.<init>(ProtobufRpcEngine.java:452)
	at org.apache.hadoop.ipc.ProtobufRpcEngine.getServer(ProtobufRpcEngine.java:375)
	at org.apache.hadoop.ipc.RPC$Builder.build(RPC.java:986)
	at org.apache.hadoop.ozone.om.OzoneManager.startRpcServer(OzoneManager.java:1414)
	at org.apache.hadoop.ozone.om.OzoneManager.getRpcServer(OzoneManager.java:1376)
	at org.apache.hadoop.ozone.om.OzoneManager.<init>(OzoneManager.java:695)
	at org.apache.hadoop.ozone.om.OzoneManager.createOm(OzoneManager.java:877)
	at org.apache.hadoop.ozone.TestSecureOzoneCluster.setupOm(TestSecureOzoneCluster.java:716)
	at org.apache.hadoop.ozone.TestSecureOzoneCluster.testDelegationTokenRenewCrossSecretKeyRotation(TestSecureOzoneCluster.java:1171)
	at java.base/java.lang.reflect.Method.invoke(Method.java:580)
	at java.base/java.util.ArrayList.forEach(ArrayList.java:1596)
	at java.base/java.util.ArrayList.forEach(ArrayList.java:1596)
Caused by: java.net.BindException: Cannot assign requested address
	at java.base/sun.nio.ch.Net.bind0(Native Method)
	at java.base/sun.nio.ch.Net.bind(Net.java:565)
	at java.base/sun.nio.ch.ServerSocketChannelImpl.netBind(ServerSocketChannelImpl.java:344)
	at java.base/sun.nio.ch.ServerSocketChannelImpl.bind(ServerSocketChannelImpl.java:301)
	at java.base/sun.nio.ch.ServerSocketAdaptor.bind(ServerSocketAdaptor.java:89)
	at org.apache.hadoop.ipc.Server.bind(Server.java:698)
	... 16 more
]]></error>
    <system-out><![CDATA[2025-05-13 07:43:08,244 [main] INFO  minikdc.MiniKdc (MiniKdc.java:<init>(225)) - Configuration:
2025-05-13 07:43:08,244 [main] INFO  minikdc.MiniKdc (MiniKdc.java:<init>(226)) - ---------------------------------------------------------------
2025-05-13 07:43:08,244 [main] INFO  minikdc.MiniKdc (MiniKdc.java:<init>(228)) -   max.renewable.lifetime: 604800000
2025-05-13 07:43:08,244 [main] INFO  minikdc.MiniKdc (MiniKdc.java:<init>(228)) -   instance: DefaultKrbServer
2025-05-13 07:43:08,245 [main] INFO  minikdc.MiniKdc (MiniKdc.java:<init>(228)) -   debug: false
2025-05-13 07:43:08,245 [main] INFO  minikdc.MiniKdc (MiniKdc.java:<init>(228)) -   kdc.bind.address: localhost
2025-05-13 07:43:08,245 [main] INFO  minikdc.MiniKdc (MiniKdc.java:<init>(228)) -   max.ticket.lifetime: 86400000
2025-05-13 07:43:08,245 [main] INFO  minikdc.MiniKdc (MiniKdc.java:<init>(228)) -   transport: TCP
2025-05-13 07:43:08,245 [main] INFO  minikdc.MiniKdc (MiniKdc.java:<init>(228)) -   org.name: EXAMPLE
2025-05-13 07:43:08,245 [main] INFO  minikdc.MiniKdc (MiniKdc.java:<init>(228)) -   org.domain: COM
2025-05-13 07:43:08,245 [main] INFO  minikdc.MiniKdc (MiniKdc.java:<init>(228)) -   kdc.port: 0
2025-05-13 07:43:08,245 [main] INFO  minikdc.MiniKdc (MiniKdc.java:<init>(230)) - ---------------------------------------------------------------
2025-05-13 07:43:08,247 [main] INFO  minikdc.MiniKdc (MiniKdc.java:start(285)) - MiniKdc started.
2025-05-13 07:43:08,342 [main] INFO  keys.KeyStorage (KeyStorage.java:storePublicKey(210)) - Storing public key to /tmp/junit-9293481765410222335/om-meta/om/keys/public.pem.
2025-05-13 07:43:08,343 [main] INFO  keys.KeyStorage (KeyStorage.java:storePrivateKey(194)) - Storing private key to /tmp/junit-9293481765410222335/om-meta/om/keys/private.pem.
2025-05-13 07:43:08,344 [main] INFO  om.OzoneManager (OzoneManager.java:getOmDetailsProto(4941)) - OzoneManager ports added:[name: "RPC"
value: 15020
]
2025-05-13 07:43:08,344 [main] WARN  server.ServerUtils (ServerUtils.java:getScmDbDir(138)) - ozone.scm.db.dirs is not configured. We recommend adding this setting. Falling back to ozone.metadata.dirs instead.
2025-05-13 07:43:08,345 [main] INFO  ha.HASecurityUtils (HASecurityUtils.java:initializeSecurity(79)) - Initializing secure StorageContainerManager.
2025-05-13 07:43:08,346 [main] INFO  proxy.SCMSecurityProtocolFailoverProxyProvider (SCMFailoverProxyProviderBase.java:<init>(120)) - Created fail-over proxy for protocol SCMSecurityProtocolPB with 1 nodes: [nodeId=scmNodeId,nodeAddress=localhost/127.0.0.1:15017]
2025-05-13 07:43:08,346 [main] INFO  client.SCMCertificateClient (DefaultCertificateClient.java:updateCertSerialId(1289)) - Certificate serial ID set to null
2025-05-13 07:43:08,346 [main] ERROR client.SCMCertificateClient (DefaultCertificateClient.java:getCertPath(373)) - Default certificate serial id is not set. Can't locate the default certificate for this client.
2025-05-13 07:43:08,346 [main] INFO  client.SCMCertificateClient (DefaultCertificateClient.java:init(717)) - Certificate client init case: 0
2025-05-13 07:43:08,346 [main] INFO  client.SCMCertificateClient (DefaultCertificateClient.java:handleCase(735)) - Creating keypair for client as keypair and certificate not found.
2025-05-13 07:43:08,383 [main] INFO  keys.KeyStorage (KeyStorage.java:storePublicKey(210)) - Storing public key to /tmp/junit-9293481765410222335/scm-meta/scm/sub-ca/keys/public.pem.
2025-05-13 07:43:08,384 [main] INFO  keys.KeyStorage (KeyStorage.java:storePrivateKey(194)) - Storing private key to /tmp/junit-9293481765410222335/scm-meta/scm/sub-ca/keys/private.pem.
2025-05-13 07:43:08,384 [main] INFO  client.SCMCertificateClient (SCMCertificateClient.java:recoverStateIfNeeded(278)) - Init response: GETCERT
2025-05-13 07:43:08,384 [main] INFO  keys.KeyStorage (KeyStorage.java:readPublicKey(174)) - Reading public key from /tmp/junit-9293481765410222335/scm-meta/scm/ca/keys/public.pem.
2025-05-13 07:43:08,385 [main] ERROR keys.KeyStorage (KeyStorage.java:readPublicKey(178)) - Failed to read the public key.
java.nio.file.NoSuchFileException: /tmp/junit-9293481765410222335/scm-meta/scm/ca/keys/public.pem
	at java.base/sun.nio.fs.UnixException.translateToIOException(UnixException.java:92)
	at java.base/sun.nio.fs.UnixException.rethrowAsIOException(UnixException.java:106)
	at java.base/sun.nio.fs.UnixException.rethrowAsIOException(UnixException.java:111)
	at java.base/sun.nio.fs.UnixFileSystemProvider.newByteChannel(UnixFileSystemProvider.java:261)
	at java.base/java.nio.file.Files.newByteChannel(Files.java:380)
	at java.base/java.nio.file.Files.newByteChannel(Files.java:432)
	at java.base/java.nio.file.Files.readAllBytes(Files.java:3281)
	at org.apache.hadoop.hdds.security.x509.keys.KeyStorage.readPublicKey(KeyStorage.java:176)
	at org.apache.hadoop.hdds.security.x509.keys.KeyStorage.readKeyPair(KeyStorage.java:184)
	at org.apache.hadoop.hdds.security.x509.certificate.authority.DefaultCAServer.checkIfKeysExist(DefaultCAServer.java:354)
	at org.apache.hadoop.hdds.security.x509.certificate.authority.DefaultCAServer.verifySelfSignedCA(DefaultCAServer.java:323)
	at org.apache.hadoop.hdds.security.x509.certificate.authority.DefaultCAServer.init(DefaultCAServer.java:162)
	at org.apache.hadoop.hdds.security.x509.certificate.client.SCMCertificateClient.initializeRootCertificateServer(SCMCertificateClient.java:396)
	at org.apache.hadoop.hdds.security.x509.certificate.client.SCMCertificateClient.getPrimarySCMSelfSignedCert(SCMCertificateClient.java:346)
	at org.apache.hadoop.hdds.security.x509.certificate.client.SCMCertificateClient.recoverStateIfNeeded(SCMCertificateClient.java:287)
	at org.apache.hadoop.hdds.security.x509.certificate.client.DefaultCertificateClient.initWithRecovery(DefaultCertificateClient.java:698)
	at org.apache.hadoop.hdds.scm.ha.HASecurityUtils.initializeSecurity(HASecurityUtils.java:96)
	at org.apache.hadoop.ozone.TestSecureOzoneCluster.initSCM(TestSecureOzoneCluster.java:450)
	at org.apache.hadoop.ozone.TestSecureOzoneCluster.testDelegationTokenRenewCrossSecretKeyRotation(TestSecureOzoneCluster.java:1156)
	at java.base/jdk.internal.reflect.DirectMethodHandleAccessor.invoke(DirectMethodHandleAccessor.java:103)
	at java.base/java.lang.reflect.Method.invoke(Method.java:580)
	at org.junit.platform.commons.util.ReflectionUtils.invokeMethod(ReflectionUtils.java:775)
	at org.junit.platform.commons.support.ReflectionSupport.invokeMethod(ReflectionSupport.java:479)
	at org.junit.jupiter.engine.execution.MethodInvocation.proceed(MethodInvocation.java:60)
	at org.junit.jupiter.engine.execution.InvocationInterceptorChain$ValidatingInvocation.proceed(InvocationInterceptorChain.java:131)
	at org.junit.jupiter.engine.extension.SameThreadTimeoutInvocation.proceed(SameThreadTimeoutInvocation.java:49)
	at org.junit.jupiter.engine.extension.TimeoutExtension.intercept(TimeoutExtension.java:161)
	at org.junit.jupiter.engine.extension.TimeoutExtension.interceptTestableMethod(TimeoutExtension.java:152)
	at org.junit.jupiter.engine.extension.TimeoutExtension.interceptTestMethod(TimeoutExtension.java:91)
	at org.junit.jupiter.engine.execution.InterceptingExecutableInvoker$ReflectiveInterceptorCall.lambda$ofVoidMethod$0(InterceptingExecutableInvoker.java:112)
	at org.junit.jupiter.engine.execution.InterceptingExecutableInvoker.lambda$invoke$0(InterceptingExecutableInvoker.java:94)
	at org.junit.jupiter.engine.execution.InvocationInterceptorChain$InterceptedInvocation.proceed(InvocationInterceptorChain.java:106)
	at org.junit.jupiter.engine.execution.InvocationInterceptorChain.proceed(InvocationInterceptorChain.java:64)
	at org.junit.jupiter.engine.execution.InvocationInterceptorChain.chainAndInvoke(InvocationInterceptorChain.java:45)
	at org.junit.jupiter.engine.execution.InvocationInterceptorChain.invoke(InvocationInterceptorChain.java:37)
	at org.junit.jupiter.engine.execution.InterceptingExecutableInvoker.invoke(InterceptingExecutableInvoker.java:93)
	at org.junit.jupiter.engine.execution.InterceptingExecutableInvoker.invoke(InterceptingExecutableInvoker.java:87)
	at org.junit.jupiter.engine.descriptor.TestMethodTestDescriptor.lambda$invokeTestMethod$7(TestMethodTestDescriptor.java:216)
	at org.junit.platform.engine.support.hierarchical.ThrowableCollector.execute(ThrowableCollector.java:73)
	at org.junit.jupiter.engine.descriptor.TestMethodTestDescriptor.invokeTestMethod(TestMethodTestDescriptor.java:212)
	at org.junit.jupiter.engine.descriptor.TestMethodTestDescriptor.execute(TestMethodTestDescriptor.java:137)
	at org.junit.jupiter.engine.descriptor.TestMethodTestDescriptor.execute(TestMethodTestDescriptor.java:69)
	at org.junit.platform.engine.support.hierarchical.NodeTestTask.lambda$executeRecursively$6(NodeTestTask.java:156)
	at org.junit.platform.engine.support.hierarchical.ThrowableCollector.execute(ThrowableCollector.java:73)
	at org.junit.platform.engine.support.hierarchical.NodeTestTask.lambda$executeRecursively$8(NodeTestTask.java:146)
	at org.junit.platform.engine.support.hierarchical.Node.around(Node.java:137)
	at org.junit.platform.engine.support.hierarchical.NodeTestTask.lambda$executeRecursively$9(NodeTestTask.java:144)
	at org.junit.platform.engine.support.hierarchical.ThrowableCollector.execute(ThrowableCollector.java:73)
	at org.junit.platform.engine.support.hierarchical.NodeTestTask.executeRecursively(NodeTestTask.java:143)
	at org.junit.platform.engine.support.hierarchical.NodeTestTask.execute(NodeTestTask.java:100)
	at java.base/java.util.ArrayList.forEach(ArrayList.java:1596)
	at org.junit.platform.engine.support.hierarchical.SameThreadHierarchicalTestExecutorService.invokeAll(SameThreadHierarchicalTestExecutorService.java:41)
	at org.junit.platform.engine.support.hierarchical.NodeTestTask.lambda$executeRecursively$6(NodeTestTask.java:160)
	at org.junit.platform.engine.support.hierarchical.ThrowableCollector.execute(ThrowableCollector.java:73)
	at org.junit.platform.engine.support.hierarchical.NodeTestTask.lambda$executeRecursively$8(NodeTestTask.java:146)
	at org.junit.platform.engine.support.hierarchical.Node.around(Node.java:137)
	at org.junit.platform.engine.support.hierarchical.NodeTestTask.lambda$executeRecursively$9(NodeTestTask.java:144)
	at org.junit.platform.engine.support.hierarchical.ThrowableCollector.execute(ThrowableCollector.java:73)
	at org.junit.platform.engine.support.hierarchical.NodeTestTask.executeRecursively(NodeTestTask.java:143)
	at org.junit.platform.engine.support.hierarchical.NodeTestTask.execute(NodeTestTask.java:100)
	at java.base/java.util.ArrayList.forEach(ArrayList.java:1596)
	at org.junit.platform.engine.support.hierarchical.SameThreadHierarchicalTestExecutorService.invokeAll(SameThreadHierarchicalTestExecutorService.java:41)
	at org.junit.platform.engine.support.hierarchical.NodeTestTask.lambda$executeRecursively$6(NodeTestTask.java:160)
	at org.junit.platform.engine.support.hierarchical.ThrowableCollector.execute(ThrowableCollector.java:73)
	at org.junit.platform.engine.support.hierarchical.NodeTestTask.lambda$executeRecursively$8(NodeTestTask.java:146)
	at org.junit.platform.engine.support.hierarchical.Node.around(Node.java:137)
	at org.junit.platform.engine.support.hierarchical.NodeTestTask.lambda$executeRecursively$9(NodeTestTask.java:144)
	at org.junit.platform.engine.support.hierarchical.ThrowableCollector.execute(ThrowableCollector.java:73)
	at org.junit.platform.engine.support.hierarchical.NodeTestTask.executeRecursively(NodeTestTask.java:143)
	at org.junit.platform.engine.support.hierarchical.NodeTestTask.execute(NodeTestTask.java:100)
	at org.junit.platform.engine.support.hierarchical.SameThreadHierarchicalTestExecutorService.submit(SameThreadHierarchicalTestExecutorService.java:35)
	at org.junit.platform.engine.support.hierarchical.HierarchicalTestExecutor.execute(HierarchicalTestExecutor.java:57)
	at org.junit.platform.engine.support.hierarchical.HierarchicalTestEngine.execute(HierarchicalTestEngine.java:54)
	at org.junit.platform.launcher.core.EngineExecutionOrchestrator.execute(EngineExecutionOrchestrator.java:201)
	at org.junit.platform.launcher.core.EngineExecutionOrchestrator.execute(EngineExecutionOrchestrator.java:170)
	at org.junit.platform.launcher.core.EngineExecutionOrchestrator.execute(EngineExecutionOrchestrator.java:94)
	at org.junit.platform.launcher.core.EngineExecutionOrchestrator.lambda$execute$0(EngineExecutionOrchestrator.java:59)
	at org.junit.platform.launcher.core.EngineExecutionOrchestrator.withInterceptedStreams(EngineExecutionOrchestrator.java:142)
	at org.junit.platform.launcher.core.EngineExecutionOrchestrator.execute(EngineExecutionOrchestrator.java:58)
	at org.junit.platform.launcher.core.DefaultLauncher.execute(DefaultLauncher.java:103)
	at org.junit.platform.launcher.core.DefaultLauncher.execute(DefaultLauncher.java:85)
	at org.junit.platform.launcher.core.DelegatingLauncher.execute(DelegatingLauncher.java:47)
	at org.junit.platform.launcher.core.InterceptingLauncher.lambda$execute$1(InterceptingLauncher.java:39)
	at org.junit.platform.launcher.core.ClasspathAlignmentCheckingLauncherInterceptor.intercept(ClasspathAlignmentCheckingLauncherInterceptor.java:25)
	at org.junit.platform.launcher.core.InterceptingLauncher.execute(InterceptingLauncher.java:38)
	at org.junit.platform.launcher.core.DelegatingLauncher.execute(DelegatingLauncher.java:47)
	at org.apache.maven.surefire.junitplatform.LazyLauncher.execute(LazyLauncher.java:56)
	at org.apache.maven.surefire.junitplatform.JUnitPlatformProvider.execute(JUnitPlatformProvider.java:184)
	at org.apache.maven.surefire.junitplatform.JUnitPlatformProvider.invokeAllTests(JUnitPlatformProvider.java:148)
	at org.apache.maven.surefire.junitplatform.JUnitPlatformProvider.invoke(JUnitPlatformProvider.java:120)
	at org.apache.maven.surefire.booter.ForkedBooter.runSuitesInProcess(ForkedBooter.java:385)
	at org.apache.maven.surefire.booter.ForkedBooter.execute(ForkedBooter.java:162)
	at org.apache.maven.surefire.booter.ForkedBooter.run(ForkedBooter.java:507)
	at org.apache.maven.surefire.booter.ForkedBooter.main(ForkedBooter.java:495)
2025-05-13 07:43:08,594 [main] INFO  keys.KeyStorage (KeyStorage.java:storePublicKey(210)) - Storing public key to /tmp/junit-9293481765410222335/scm-meta/scm/ca/keys/public.pem.
2025-05-13 07:43:08,595 [main] INFO  keys.KeyStorage (KeyStorage.java:storePrivateKey(194)) - Storing private key to /tmp/junit-9293481765410222335/scm-meta/scm/ca/keys/private.pem.
2025-05-13 07:43:08,596 [main] INFO  ozone.OzoneSecurityUtil (OzoneSecurityUtil.java:getValidInetsForCurrentHost(116)) - ip:fe80:0:0:0:222:48ff:fe46:ea58%eth0 not returned.
2025-05-13 07:43:08,599 [main] INFO  ozone.OzoneSecurityUtil (OzoneSecurityUtil.java:getValidInetsForCurrentHost(113)) - Adding ip:10.1.1.24,host:10.1.1.24
2025-05-13 07:43:08,599 [main] INFO  ozone.OzoneSecurityUtil (OzoneSecurityUtil.java:getValidInetsForCurrentHost(116)) - ip:0:0:0:0:0:0:0:1%lo not returned.
2025-05-13 07:43:08,599 [main] INFO  ozone.OzoneSecurityUtil (OzoneSecurityUtil.java:getValidInetsForCurrentHost(116)) - ip:127.0.0.1 not returned.
2025-05-13 07:43:08,603 [main] ERROR utils.SelfSignedCertificate (SelfSignedCertificate.java:lambda$addInetAddresses$0(244)) - Invalid domain 10.1.1.24
2025-05-13 07:43:08,606 [main] INFO  utils.SelfSignedCertificate (SelfSignedCertificate.java:generateCertificate(156)) - Certificate 1 is issued by SERIALNUMBER=1, O=784ecb46-c1c0-47aa-bea7-1c8d1734010b, OU=e73312e9-cbe5-44c4-8eb4-8d68b9d9c5af, CN=scm@pkrvmberfyhpb9w to SERIALNUMBER=1, O=784ecb46-c1c0-47aa-bea7-1c8d1734010b, OU=e73312e9-cbe5-44c4-8eb4-8d68b9d9c5af, CN=scm@pkrvmberfyhpb9w, valid from Tue May 13 07:43:08 UTC 2025 to Fri Jun 21 07:43:08 UTC 2030
2025-05-13 07:43:08,606 [main] INFO  utils.CertificateCodec (CertificateCodec.java:writeCertificate(239)) - Save certificate to /tmp/junit-9293481765410222335/scm-meta/scm/ca/certs/certificate.crt
2025-05-13 07:43:08,606 [main] INFO  utils.CertificateCodec (CertificateCodec.java:writeCertificate(240)) - Certificate -----BEGIN CERTIFICATE-----
MIIDwTCCAqmgAwIBAgIBATANBgkqhkiG9w0BAQsFADCBiDEcMBoGA1UEAwwTc2Nt
QHBrcnZtYmVyZnlocGI5dzEtMCsGA1UECwwkZTczMzEyZTktY2JlNS00NGM0LThl
YjQtOGQ2OGI5ZDljNWFmMS0wKwYDVQQKDCQ3ODRlY2I0Ni1jMWMwLTQ3YWEtYmVh
Ny0xYzhkMTczNDAxMGIxCjAIBgNVBAUTATEwHhcNMjUwNTEzMDc0MzA4WhcNMzAw
NjIxMDc0MzA4WjCBiDEcMBoGA1UEAwwTc2NtQHBrcnZtYmVyZnlocGI5dzEtMCsG
A1UECwwkZTczMzEyZTktY2JlNS00NGM0LThlYjQtOGQ2OGI5ZDljNWFmMS0wKwYD
VQQKDCQ3ODRlY2I0Ni1jMWMwLTQ3YWEtYmVhNy0xYzhkMTczNDAxMGIxCjAIBgNV
BAUTATEwggEiMA0GCSqGSIb3DQEBAQUAA4IBDwAwggEKAoIBAQC+CnTiWJ5AepH3
4er6/CljhAAUs8iORWgmuMsTGcrH+0wWi0afZleEy/BvLew84h0m86NMcAt90gTt
q4o+zp7S+rrdp2abC7LZk3SSUW5Gl+0xRBC7VHtLV3lH+2FO8TgoIp/BWdMdT7d3
XOzA/oUvo1zB2LAtajk//tq45zIMr+gpitdk5sQRmFDvhLZ7tOpl5303oc9BsXB0
qAVH/SIFA/K+e4bAJngYbb+00sTvGXWP0hNoRRekjkB3m+dcW76EzPlk4B94ABkV
UogW2jIBoefzYVk5Fk5WLyv3AVldqq07wgqQ8ZCmVIk/8VnK5S5VRLGOiCNc4T76
aZbw5+IbAgMBAAGjNDAyMA8GA1UdEwEB/wQFMAMBAf8wDgYDVR0PAQH/BAQDAgEG
MA8GA1UdEQQIMAaHBAoBARgwDQYJKoZIhvcNAQELBQADggEBABJdZHWWKNOsb9f/
yNZqCB0uuxBcOUQ1Nn4k7D2klIGbmH3Q/2/lh9TLqMa/sPPaulHpx2k4BGFUqGNz
eUmUSQu79KsTa0xFd6EpKSGkEQ/hMHjk1bKA5/wQjSnfQ4xLNTeojb9t8ZPn0UCW
FuT1gGuUePYGc+ikyjK2zzwcD+smyv2DEVLWV4En8NARmXS9/bskNVPcsTaPFYkh
oFtktvZCqSCOB4BgNSi39NoJkmZ7yNNX9uUD7Ctj4jJZBrxpI69Q8CgufWPHPWV8
l6ELTMuftg8DDpOB502BfEK/MKu+XiFlg70aOT/Kl+jU1PIRXO/jyMp2cUmk3WWj
dFdJ6y8=
-----END CERTIFICATE-----

2025-05-13 07:43:08,607 [main] INFO  keys.KeyStorage (KeyStorage.java:readPublicKey(174)) - Reading public key from /tmp/junit-9293481765410222335/scm-meta/scm/ca/keys/public.pem.
2025-05-13 07:43:08,607 [main] INFO  keys.KeyStorage (KeyStorage.java:readPrivateKey(158)) - Reading private key from /tmp/junit-9293481765410222335/scm-meta/scm/ca/keys/private.pem.
2025-05-13 07:43:08,608 [main] INFO  client.SCMCertificateClient (SCMCertificateClient.java:configureCSRBuilder(141)) - Creating csr for SCM->hostName:pkrvmberfyhpb9w,scmId:e73312e9-cbe5-44c4-8eb4-8d68b9d9c5af,clusterId:784ecb46-c1c0-47aa-bea7-1c8d1734010b,subject:scm-sub@pkrvmberfyhpb9w
2025-05-13 07:43:08,608 [main] INFO  ozone.OzoneSecurityUtil (OzoneSecurityUtil.java:getValidInetsForCurrentHost(116)) - ip:fe80:0:0:0:222:48ff:fe46:ea58%eth0 not returned.
2025-05-13 07:43:08,612 [main] INFO  ozone.OzoneSecurityUtil (OzoneSecurityUtil.java:getValidInetsForCurrentHost(113)) - Adding ip:10.1.1.24,host:10.1.1.24
2025-05-13 07:43:08,612 [main] INFO  ozone.OzoneSecurityUtil (OzoneSecurityUtil.java:getValidInetsForCurrentHost(116)) - ip:0:0:0:0:0:0:0:1%lo not returned.
2025-05-13 07:43:08,612 [main] INFO  ozone.OzoneSecurityUtil (OzoneSecurityUtil.java:getValidInetsForCurrentHost(116)) - ip:127.0.0.1 not returned.
2025-05-13 07:43:08,614 [main] ERROR utils.CertificateSignRequest (CertificateSignRequest.java:lambda$addInetAddresses$0(316)) - Invalid domain 10.1.1.24
2025-05-13 07:43:08,617 [main] INFO  keys.KeyStorage (KeyStorage.java:readPrivateKey(158)) - Reading private key from /tmp/junit-9293481765410222335/scm-meta/scm/ca/keys/private.pem.
2025-05-13 07:43:08,618 [main] INFO  authority.DefaultApprover (DefaultApprover.java:sign(171)) - Extensions in CSR: 2.5.29.19, 2.5.29.15, 2.5.29.17
2025-05-13 07:43:08,618 [main] INFO  authority.DefaultApprover (DefaultApprover.java:sign(175)) - Extensions to add to the certificate if they present in CSR: 2.5.29.15, 2.5.29.17, 2.5.29.35, 2.5.29.37, 2.5.29.19, 1.3.6.1.5.5.7.1.12
2025-05-13 07:43:08,622 [main] INFO  utils.CertificateCodec (CertificateCodec.java:writeCertificate(239)) - Save certificate to /tmp/junit-9293481765410222335/scm-meta/scm/sub-ca/certs/CA-1.crt
2025-05-13 07:43:08,622 [main] INFO  utils.CertificateCodec (CertificateCodec.java:writeCertificate(240)) - Certificate -----BEGIN CERTIFICATE-----
MIIDwTCCAqmgAwIBAgIBATANBgkqhkiG9w0BAQsFADCBiDEcMBoGA1UEAwwTc2Nt
QHBrcnZtYmVyZnlocGI5dzEtMCsGA1UECwwkZTczMzEyZTktY2JlNS00NGM0LThl
YjQtOGQ2OGI5ZDljNWFmMS0wKwYDVQQKDCQ3ODRlY2I0Ni1jMWMwLTQ3YWEtYmVh
Ny0xYzhkMTczNDAxMGIxCjAIBgNVBAUTATEwHhcNMjUwNTEzMDc0MzA4WhcNMzAw
NjIxMDc0MzA4WjCBiDEcMBoGA1UEAwwTc2NtQHBrcnZtYmVyZnlocGI5dzEtMCsG
A1UECwwkZTczMzEyZTktY2JlNS00NGM0LThlYjQtOGQ2OGI5ZDljNWFmMS0wKwYD
VQQKDCQ3ODRlY2I0Ni1jMWMwLTQ3YWEtYmVhNy0xYzhkMTczNDAxMGIxCjAIBgNV
BAUTATEwggEiMA0GCSqGSIb3DQEBAQUAA4IBDwAwggEKAoIBAQC+CnTiWJ5AepH3
4er6/CljhAAUs8iORWgmuMsTGcrH+0wWi0afZleEy/BvLew84h0m86NMcAt90gTt
q4o+zp7S+rrdp2abC7LZk3SSUW5Gl+0xRBC7VHtLV3lH+2FO8TgoIp/BWdMdT7d3
XOzA/oUvo1zB2LAtajk//tq45zIMr+gpitdk5sQRmFDvhLZ7tOpl5303oc9BsXB0
qAVH/SIFA/K+e4bAJngYbb+00sTvGXWP0hNoRRekjkB3m+dcW76EzPlk4B94ABkV
UogW2jIBoefzYVk5Fk5WLyv3AVldqq07wgqQ8ZCmVIk/8VnK5S5VRLGOiCNc4T76
aZbw5+IbAgMBAAGjNDAyMA8GA1UdEwEB/wQFMAMBAf8wDgYDVR0PAQH/BAQDAgEG
MA8GA1UdEQQIMAaHBAoBARgwDQYJKoZIhvcNAQELBQADggEBABJdZHWWKNOsb9f/
yNZqCB0uuxBcOUQ1Nn4k7D2klIGbmH3Q/2/lh9TLqMa/sPPaulHpx2k4BGFUqGNz
eUmUSQu79KsTa0xFd6EpKSGkEQ/hMHjk1bKA5/wQjSnfQ4xLNTeojb9t8ZPn0UCW
FuT1gGuUePYGc+ikyjK2zzwcD+smyv2DEVLWV4En8NARmXS9/bskNVPcsTaPFYkh
oFtktvZCqSCOB4BgNSi39NoJkmZ7yNNX9uUD7Ctj4jJZBrxpI69Q8CgufWPHPWV8
l6ELTMuftg8DDpOB502BfEK/MKu+XiFlg70aOT/Kl+jU1PIRXO/jyMp2cUmk3WWj
dFdJ6y8=
-----END CERTIFICATE-----

2025-05-13 07:43:08,623 [main] INFO  utils.CertificateCodec (CertificateCodec.java:writeCertificate(239)) - Save certificate to /tmp/junit-9293481765410222335/scm-meta/scm/sub-ca/certs/2.crt
2025-05-13 07:43:08,623 [main] INFO  utils.CertificateCodec (CertificateCodec.java:writeCertificate(240)) - Certificate -----BEGIN CERTIFICATE-----
MIIDxTCCAq2gAwIBAgIBAjANBgkqhkiG9w0BAQsFADCBiDEcMBoGA1UEAwwTc2Nt
QHBrcnZtYmVyZnlocGI5dzEtMCsGA1UECwwkZTczMzEyZTktY2JlNS00NGM0LThl
YjQtOGQ2OGI5ZDljNWFmMS0wKwYDVQQKDCQ3ODRlY2I0Ni1jMWMwLTQ3YWEtYmVh
Ny0xYzhkMTczNDAxMGIxCjAIBgNVBAUTATEwHhcNMjUwNTEzMDc0MzA4WhcNMzAw
NjIxMDc0MzA4WjCBjDEgMB4GA1UEAwwXc2NtLXN1YkBwa3J2bWJlcmZ5aHBiOXcx
LTArBgNVBAsMJGU3MzMxMmU5LWNiZTUtNDRjNC04ZWI0LThkNjhiOWQ5YzVhZjEt
MCsGA1UECgwkNzg0ZWNiNDYtYzFjMC00N2FhLWJlYTctMWM4ZDE3MzQwMTBiMQow
CAYDVQQFEwEyMIIBIjANBgkqhkiG9w0BAQEFAAOCAQ8AMIIBCgKCAQEAg9Z2LVbd
B6pg0cn2nYzP55cEJW/dvXip8wAmOYQyhWqVmQtsy84l1vwhqE8Qbqye7HOKXoSs
qP/UhHbhstI8s6ORkX1hDsneKj7ndcbxnbMRWngxqHeyiAt+mjxang+fpUfHcMw/
KyPxrYQkwhx4AJ1cxa/iFp4kk28vh1BVPvmcEzCqGfSWhVR/GfRK9S6r7Hsxb8Mi
9l7+YtLz3jpRbDT6V4SmieSzJGUr8qS7afQPyIK6hWN97xmm9yHPojI3byudzHle
NwgNC7Vpl4sIhm1xAN45jNKNM02Sl89up4mcGSnjhPEhyoDJpEU/wdOURQrLXCDC
U9Y+u8bsVwZuwQIDAQABozQwMjAOBgNVHQ8BAf8EBAMCAb4wDwYDVR0RBAgwBocE
CgEBGDAPBgNVHRMBAf8EBTADAQH/MA0GCSqGSIb3DQEBCwUAA4IBAQA/bqRrZZ0k
OhqwMQfZCuD7mbtHCI79HVP1e0mSMpTz/L7oSAUpSJTEErxPyALRcOnA3Ch9KRuK
B/JBB8hpnyrsMzHY8nIFK9fUOpAOKHjgg17WwwukCWnIVe2gaxTqZ77iZm1PWovD
8fGSd9Gj9nqUR/5oRlgAj9uZwL3Zmpozlr0OIt9HqQivsDKDs07oJP1czwDrs1Pp
abatU7pC9OClJ+xMTFFRyZUMJ85naT5fsRg19l75e2DDzcpWuC+5N+TrY66cDDQz
jugzet9FwOzCkUJ6NL/r5kUaUMZ5wPsQbp6f2JG/tRpniPlB+QrI9YhiOWr/j4/C
TkWQncQ4XY4k
-----END CERTIFICATE-----

-----BEGIN CERTIFICATE-----
MIIDwTCCAqmgAwIBAgIBATANBgkqhkiG9w0BAQsFADCBiDEcMBoGA1UEAwwTc2Nt
QHBrcnZtYmVyZnlocGI5dzEtMCsGA1UECwwkZTczMzEyZTktY2JlNS00NGM0LThl
YjQtOGQ2OGI5ZDljNWFmMS0wKwYDVQQKDCQ3ODRlY2I0Ni1jMWMwLTQ3YWEtYmVh
Ny0xYzhkMTczNDAxMGIxCjAIBgNVBAUTATEwHhcNMjUwNTEzMDc0MzA4WhcNMzAw
NjIxMDc0MzA4WjCBiDEcMBoGA1UEAwwTc2NtQHBrcnZtYmVyZnlocGI5dzEtMCsG
A1UECwwkZTczMzEyZTktY2JlNS00NGM0LThlYjQtOGQ2OGI5ZDljNWFmMS0wKwYD
VQQKDCQ3ODRlY2I0Ni1jMWMwLTQ3YWEtYmVhNy0xYzhkMTczNDAxMGIxCjAIBgNV
BAUTATEwggEiMA0GCSqGSIb3DQEBAQUAA4IBDwAwggEKAoIBAQC+CnTiWJ5AepH3
4er6/CljhAAUs8iORWgmuMsTGcrH+0wWi0afZleEy/BvLew84h0m86NMcAt90gTt
q4o+zp7S+rrdp2abC7LZk3SSUW5Gl+0xRBC7VHtLV3lH+2FO8TgoIp/BWdMdT7d3
XOzA/oUvo1zB2LAtajk//tq45zIMr+gpitdk5sQRmFDvhLZ7tOpl5303oc9BsXB0
qAVH/SIFA/K+e4bAJngYbb+00sTvGXWP0hNoRRekjkB3m+dcW76EzPlk4B94ABkV
UogW2jIBoefzYVk5Fk5WLyv3AVldqq07wgqQ8ZCmVIk/8VnK5S5VRLGOiCNc4T76
aZbw5+IbAgMBAAGjNDAyMA8GA1UdEwEB/wQFMAMBAf8wDgYDVR0PAQH/BAQDAgEG
MA8GA1UdEQQIMAaHBAoBARgwDQYJKoZIhvcNAQELBQADggEBABJdZHWWKNOsb9f/
yNZqCB0uuxBcOUQ1Nn4k7D2klIGbmH3Q/2/lh9TLqMa/sPPaulHpx2k4BGFUqGNz
eUmUSQu79KsTa0xFd6EpKSGkEQ/hMHjk1bKA5/wQjSnfQ4xLNTeojb9t8ZPn0UCW
FuT1gGuUePYGc+ikyjK2zzwcD+smyv2DEVLWV4En8NARmXS9/bskNVPcsTaPFYkh
oFtktvZCqSCOB4BgNSi39NoJkmZ7yNNX9uUD7Ctj4jJZBrxpI69Q8CgufWPHPWV8
l6ELTMuftg8DDpOB502BfEK/MKu+XiFlg70aOT/Kl+jU1PIRXO/jyMp2cUmk3WWj
dFdJ6y8=
-----END CERTIFICATE-----

2025-05-13 07:43:08,623 [main] INFO  utils.CertificateCodec (CertificateCodec.java:writeCertificate(239)) - Save certificate to /tmp/junit-9293481765410222335/scm-meta/scm/sub-ca/certs/certificate.crt
2025-05-13 07:43:08,624 [main] INFO  utils.CertificateCodec (CertificateCodec.java:writeCertificate(240)) - Certificate -----BEGIN CERTIFICATE-----
MIIDxTCCAq2gAwIBAgIBAjANBgkqhkiG9w0BAQsFADCBiDEcMBoGA1UEAwwTc2Nt
QHBrcnZtYmVyZnlocGI5dzEtMCsGA1UECwwkZTczMzEyZTktY2JlNS00NGM0LThl
YjQtOGQ2OGI5ZDljNWFmMS0wKwYDVQQKDCQ3ODRlY2I0Ni1jMWMwLTQ3YWEtYmVh
Ny0xYzhkMTczNDAxMGIxCjAIBgNVBAUTATEwHhcNMjUwNTEzMDc0MzA4WhcNMzAw
NjIxMDc0MzA4WjCBjDEgMB4GA1UEAwwXc2NtLXN1YkBwa3J2bWJlcmZ5aHBiOXcx
LTArBgNVBAsMJGU3MzMxMmU5LWNiZTUtNDRjNC04ZWI0LThkNjhiOWQ5YzVhZjEt
MCsGA1UECgwkNzg0ZWNiNDYtYzFjMC00N2FhLWJlYTctMWM4ZDE3MzQwMTBiMQow
CAYDVQQFEwEyMIIBIjANBgkqhkiG9w0BAQEFAAOCAQ8AMIIBCgKCAQEAg9Z2LVbd
B6pg0cn2nYzP55cEJW/dvXip8wAmOYQyhWqVmQtsy84l1vwhqE8Qbqye7HOKXoSs
qP/UhHbhstI8s6ORkX1hDsneKj7ndcbxnbMRWngxqHeyiAt+mjxang+fpUfHcMw/
KyPxrYQkwhx4AJ1cxa/iFp4kk28vh1BVPvmcEzCqGfSWhVR/GfRK9S6r7Hsxb8Mi
9l7+YtLz3jpRbDT6V4SmieSzJGUr8qS7afQPyIK6hWN97xmm9yHPojI3byudzHle
NwgNC7Vpl4sIhm1xAN45jNKNM02Sl89up4mcGSnjhPEhyoDJpEU/wdOURQrLXCDC
U9Y+u8bsVwZuwQIDAQABozQwMjAOBgNVHQ8BAf8EBAMCAb4wDwYDVR0RBAgwBocE
CgEBGDAPBgNVHRMBAf8EBTADAQH/MA0GCSqGSIb3DQEBCwUAA4IBAQA/bqRrZZ0k
OhqwMQfZCuD7mbtHCI79HVP1e0mSMpTz/L7oSAUpSJTEErxPyALRcOnA3Ch9KRuK
B/JBB8hpnyrsMzHY8nIFK9fUOpAOKHjgg17WwwukCWnIVe2gaxTqZ77iZm1PWovD
8fGSd9Gj9nqUR/5oRlgAj9uZwL3Zmpozlr0OIt9HqQivsDKDs07oJP1czwDrs1Pp
abatU7pC9OClJ+xMTFFRyZUMJ85naT5fsRg19l75e2DDzcpWuC+5N+TrY66cDDQz
jugzet9FwOzCkUJ6NL/r5kUaUMZ5wPsQbp6f2JG/tRpniPlB+QrI9YhiOWr/j4/C
TkWQncQ4XY4k
-----END CERTIFICATE-----

-----BEGIN CERTIFICATE-----
MIIDwTCCAqmgAwIBAgIBATANBgkqhkiG9w0BAQsFADCBiDEcMBoGA1UEAwwTc2Nt
QHBrcnZtYmVyZnlocGI5dzEtMCsGA1UECwwkZTczMzEyZTktY2JlNS00NGM0LThl
YjQtOGQ2OGI5ZDljNWFmMS0wKwYDVQQKDCQ3ODRlY2I0Ni1jMWMwLTQ3YWEtYmVh
Ny0xYzhkMTczNDAxMGIxCjAIBgNVBAUTATEwHhcNMjUwNTEzMDc0MzA4WhcNMzAw
NjIxMDc0MzA4WjCBiDEcMBoGA1UEAwwTc2NtQHBrcnZtYmVyZnlocGI5dzEtMCsG
A1UECwwkZTczMzEyZTktY2JlNS00NGM0LThlYjQtOGQ2OGI5ZDljNWFmMS0wKwYD
VQQKDCQ3ODRlY2I0Ni1jMWMwLTQ3YWEtYmVhNy0xYzhkMTczNDAxMGIxCjAIBgNV
BAUTATEwggEiMA0GCSqGSIb3DQEBAQUAA4IBDwAwggEKAoIBAQC+CnTiWJ5AepH3
4er6/CljhAAUs8iORWgmuMsTGcrH+0wWi0afZleEy/BvLew84h0m86NMcAt90gTt
q4o+zp7S+rrdp2abC7LZk3SSUW5Gl+0xRBC7VHtLV3lH+2FO8TgoIp/BWdMdT7d3
XOzA/oUvo1zB2LAtajk//tq45zIMr+gpitdk5sQRmFDvhLZ7tOpl5303oc9BsXB0
qAVH/SIFA/K+e4bAJngYbb+00sTvGXWP0hNoRRekjkB3m+dcW76EzPlk4B94ABkV
UogW2jIBoefzYVk5Fk5WLyv3AVldqq07wgqQ8ZCmVIk/8VnK5S5VRLGOiCNc4T76
aZbw5+IbAgMBAAGjNDAyMA8GA1UdEwEB/wQFMAMBAf8wDgYDVR0PAQH/BAQDAgEG
MA8GA1UdEQQIMAaHBAoBARgwDQYJKoZIhvcNAQELBQADggEBABJdZHWWKNOsb9f/
yNZqCB0uuxBcOUQ1Nn4k7D2klIGbmH3Q/2/lh9TLqMa/sPPaulHpx2k4BGFUqGNz
eUmUSQu79KsTa0xFd6EpKSGkEQ/hMHjk1bKA5/wQjSnfQ4xLNTeojb9t8ZPn0UCW
FuT1gGuUePYGc+ikyjK2zzwcD+smyv2DEVLWV4En8NARmXS9/bskNVPcsTaPFYkh
oFtktvZCqSCOB4BgNSi39NoJkmZ7yNNX9uUD7Ctj4jJZBrxpI69Q8CgufWPHPWV8
l6ELTMuftg8DDpOB502BfEK/MKu+XiFlg70aOT/Kl+jU1PIRXO/jyMp2cUmk3WWj
dFdJ6y8=
-----END CERTIFICATE-----

2025-05-13 07:43:08,624 [main] INFO  client.SCMCertificateClient (SCMCertificateClient.java:recoverStateIfNeeded(289)) - Successfully stored SCM signed certificate.
2025-05-13 07:43:08,626 [main] INFO  ha.SCMHANodeDetails (SCMHANodeDetails.java:loadSCMHAConfig(162)) - ServiceID for StorageContainerManager is null
2025-05-13 07:43:08,626 [main] INFO  ha.SCMHANodeDetails (SCMHANodeDetails.java:loadSCMHAConfig(166)) - ozone.scm.default.service.id is not defined, falling back to ozone.scm.service.ids to find serviceID for StorageContainerManager if it is HA enabled cluster
2025-05-13 07:43:08,627 [main] INFO  server.RaftServerConfigKeys (ConfUtils.java:logGet(46)) - raft.server.log.appender.buffer.byte-limit = 4194304 (custom)
2025-05-13 07:43:08,629 [main] INFO  server.RaftServer (ConfUtils.java:logGet(46)) - raft.rpc.type = GRPC (default)
2025-05-13 07:43:08,629 [main] INFO  grpc.GrpcConfigKeys (ConfUtils.java:logFallback(53)) - raft.grpc.admin.host = null (fallback to raft.grpc.server.host)
2025-05-13 07:43:08,630 [main] INFO  grpc.GrpcConfigKeys (ConfUtils.java:logFallback(53)) - raft.grpc.admin.port = 15018 (fallback to raft.grpc.server.port)
2025-05-13 07:43:08,630 [main] INFO  grpc.GrpcConfigKeys (ConfUtils.java:logFallback(53)) - raft.grpc.client.host = null (fallback to raft.grpc.server.host)
2025-05-13 07:43:08,630 [main] INFO  grpc.GrpcConfigKeys (ConfUtils.java:logFallback(53)) - raft.grpc.client.port = 15018 (fallback to raft.grpc.server.port)
2025-05-13 07:43:08,630 [main] INFO  grpc.GrpcConfigKeys (ConfUtils.java:logGet(46)) - raft.grpc.server.host = null (default)
2025-05-13 07:43:08,630 [main] INFO  grpc.GrpcConfigKeys (ConfUtils.java:logGet(46)) - raft.grpc.server.port = 15018 (custom)
2025-05-13 07:43:08,630 [main] INFO  server.GrpcService (ConfUtils.java:logGet(46)) - raft.grpc.message.size.max = 5242880 (custom)
2025-05-13 07:43:08,630 [main] INFO  server.GrpcService (ConfUtils.java:logGet(46)) - raft.grpc.flow.control.window = 1MB (=1048576) (default)
2025-05-13 07:43:08,630 [main] INFO  server.RaftServerConfigKeys (ConfUtils.java:logGet(46)) - raft.server.rpc.request.timeout = 30000ms (custom)
2025-05-13 07:43:08,630 [main] INFO  grpc.GrpcConfigKeys (ConfUtils.java:logGet(46)) - raft.grpc.server.heartbeat.channel = true (default)
2025-05-13 07:43:08,631 [main] INFO  server.RaftServerConfigKeys (ConfUtils.java:logGet(46)) - raft.server.log.appender.buffer.byte-limit = 4194304 (custom)
2025-05-13 07:43:08,631 [main] INFO  grpc.GrpcConfigKeys (ConfUtils.java:logGet(46)) - raft.grpc.server.async.request.thread.pool.cached = true (default)
2025-05-13 07:43:08,631 [main] INFO  grpc.GrpcConfigKeys (ConfUtils.java:logGet(46)) - raft.grpc.server.async.request.thread.pool.size = 32 (default)
2025-05-13 07:43:08,632 [main] INFO  impl.DataStreamServerImpl (ConfUtils.java:logGet(46)) - raft.datastream.type = DISABLED (default)
2025-05-13 07:43:08,632 [main] INFO  server.RaftServerConfigKeys (ConfUtils.java:logGet(46)) - raft.server.sleep.deviation.threshold = 300ms (default)
2025-05-13 07:43:08,632 [main] INFO  server.RaftServerConfigKeys (ConfUtils.java:logGet(46)) - raft.server.close.threshold = 60s (default)
2025-05-13 07:43:08,632 [main] INFO  server.RaftServerConfigKeys (ConfUtils.java:logGet(46)) - raft.server.leaderelection.leader.step-down.wait-time = 10s (default)
2025-05-13 07:43:08,632 [main] INFO  server.RaftServerConfigKeys (ConfUtils.java:logGet(46)) - raft.server.storage.dir = [/tmp/junit-9293481765410222335/scm-meta/scm-ha] (custom)
2025-05-13 07:43:08,632 [main] INFO  server.RaftServerConfigKeys (ConfUtils.java:logGet(46)) - raft.server.threadpool.proxy.cached = true (default)
2025-05-13 07:43:08,632 [main] INFO  server.RaftServerConfigKeys (ConfUtils.java:logGet(46)) - raft.server.threadpool.proxy.size = 0 (default)
2025-05-13 07:43:08,633 [main] INFO  server.RaftServer (RaftServerProxy.java:addNew(100)) - e73312e9-cbe5-44c4-8eb4-8d68b9d9c5af: addNew group-1C8D1734010B:[e73312e9-cbe5-44c4-8eb4-8d68b9d9c5af|pkrvmberfyhpb9w:15018] returns group-1C8D1734010B:java.util.concurrent.CompletableFuture@32ad7ecc[Not completed]
2025-05-13 07:43:08,633 [e73312e9-cbe5-44c4-8eb4-8d68b9d9c5af-groupManagement] INFO  server.RaftServer$Division (RaftServerImpl.java:<init>(255)) - e73312e9-cbe5-44c4-8eb4-8d68b9d9c5af: new RaftServerImpl for group-1C8D1734010B:[e73312e9-cbe5-44c4-8eb4-8d68b9d9c5af|pkrvmberfyhpb9w:15018] with SCMStateMachine:uninitialized
2025-05-13 07:43:08,633 [e73312e9-cbe5-44c4-8eb4-8d68b9d9c5af-groupManagement] INFO  server.RaftServerConfigKeys (ConfUtils.java:logGet(46)) - raft.server.rpc.timeout.min = 5000ms (custom)
2025-05-13 07:43:08,633 [e73312e9-cbe5-44c4-8eb4-8d68b9d9c5af-groupManagement] INFO  server.RaftServerConfigKeys (ConfUtils.java:logGet(46)) - raft.server.rpc.timeout.max = 5200ms (custom)
2025-05-13 07:43:08,634 [e73312e9-cbe5-44c4-8eb4-8d68b9d9c5af-groupManagement] INFO  server.RaftServerConfigKeys (ConfUtils.java:logGet(46)) - raft.server.rpc.sleep.time = 25ms (default)
2025-05-13 07:43:08,634 [e73312e9-cbe5-44c4-8eb4-8d68b9d9c5af-groupManagement] INFO  server.RaftServerConfigKeys (ConfUtils.java:logGet(46)) - raft.server.rpc.slowness.timeout = 120000ms (custom)
2025-05-13 07:43:08,634 [e73312e9-cbe5-44c4-8eb4-8d68b9d9c5af-groupManagement] INFO  server.RaftServerConfigKeys (ConfUtils.java:logGet(46)) - raft.server.leaderelection.leader.step-down.wait-time = 10s (default)
2025-05-13 07:43:08,634 [e73312e9-cbe5-44c4-8eb4-8d68b9d9c5af-groupManagement] INFO  server.RaftServerConfigKeys (ConfUtils.java:logGet(46)) - raft.server.leaderelection.member.majority-add = false (default)
2025-05-13 07:43:08,634 [e73312e9-cbe5-44c4-8eb4-8d68b9d9c5af-groupManagement] INFO  server.RaftServerConfigKeys (ConfUtils.java:logGet(46)) - raft.server.sleep.deviation.threshold = 300ms (default)
2025-05-13 07:43:08,634 [e73312e9-cbe5-44c4-8eb4-8d68b9d9c5af-groupManagement] INFO  server.RaftServer$Division (ServerState.java:<init>(114)) - e73312e9-cbe5-44c4-8eb4-8d68b9d9c5af@group-1C8D1734010B: ConfigurationManager, init=conf: {index: -1, cur=peers:[e73312e9-cbe5-44c4-8eb4-8d68b9d9c5af|pkrvmberfyhpb9w:15018]|listeners:[], old=null}, confs=<EMPTY_MAP>
2025-05-13 07:43:08,634 [e73312e9-cbe5-44c4-8eb4-8d68b9d9c5af-groupManagement] INFO  server.RaftServerConfigKeys (ConfUtils.java:logGet(46)) - raft.server.notification.no-leader.timeout = 60s (default)
2025-05-13 07:43:08,634 [e73312e9-cbe5-44c4-8eb4-8d68b9d9c5af-groupManagement] INFO  server.RaftServerConfigKeys (ConfUtils.java:logGet(46)) - raft.server.read.timeout = 10s (default)
2025-05-13 07:43:08,634 [e73312e9-cbe5-44c4-8eb4-8d68b9d9c5af-groupManagement] INFO  server.RaftServerConfigKeys (ConfUtils.java:logGet(46)) - raft.server.retrycache.expirytime = 60000ms (default)
2025-05-13 07:43:08,634 [e73312e9-cbe5-44c4-8eb4-8d68b9d9c5af-groupManagement] INFO  server.RaftServerConfigKeys (ConfUtils.java:logGet(46)) - raft.server.retrycache.statistics.expirytime = 100ms (default)
2025-05-13 07:43:08,634 [e73312e9-cbe5-44c4-8eb4-8d68b9d9c5af-groupManagement] INFO  server.RaftServerConfigKeys (ConfUtils.java:logGet(46)) - raft.server.read.option = DEFAULT (default)
2025-05-13 07:43:08,634 [e73312e9-cbe5-44c4-8eb4-8d68b9d9c5af-groupManagement] INFO  server.RaftServerConfigKeys (ConfUtils.java:logGet(46)) - raft.server.read.read-after-write-consistent.write-index-cache.expiry-time = 60s (default)
2025-05-13 07:43:08,637 [e73312e9-cbe5-44c4-8eb4-8d68b9d9c5af-groupManagement] INFO  server.RaftServerConfigKeys (ConfUtils.java:logGet(46)) - raft.server.rpc.request.timeout = 30000ms (custom)
2025-05-13 07:43:08,637 [e73312e9-cbe5-44c4-8eb4-8d68b9d9c5af-groupManagement] INFO  server.RaftServerConfigKeys (ConfUtils.java:logGet(46)) - raft.server.log.appender.install.snapshot.enabled = false (custom)
2025-05-13 07:43:08,637 [e73312e9-cbe5-44c4-8eb4-8d68b9d9c5af-groupManagement] INFO  server.RaftServerConfigKeys (ConfUtils.java:logGet(46)) - raft.server.threadpool.server.cached = true (default)
2025-05-13 07:43:08,637 [e73312e9-cbe5-44c4-8eb4-8d68b9d9c5af-groupManagement] INFO  server.RaftServerConfigKeys (ConfUtils.java:logGet(46)) - raft.server.threadpool.server.size = 0 (default)
2025-05-13 07:43:08,637 [e73312e9-cbe5-44c4-8eb4-8d68b9d9c5af-groupManagement] INFO  server.RaftServerConfigKeys (ConfUtils.java:logGet(46)) - raft.server.threadpool.client.cached = true (default)
2025-05-13 07:43:08,637 [e73312e9-cbe5-44c4-8eb4-8d68b9d9c5af-groupManagement] INFO  server.RaftServerConfigKeys (ConfUtils.java:logGet(46)) - raft.server.threadpool.client.size = 0 (default)
2025-05-13 07:43:08,637 [e73312e9-cbe5-44c4-8eb4-8d68b9d9c5af-impl-thread1] INFO  server.RaftServerConfigKeys (ConfUtils.java:logGet(46)) - raft.server.storage.free-space.min = 0MB (=0) (default)
2025-05-13 07:43:08,638 [e73312e9-cbe5-44c4-8eb4-8d68b9d9c5af-impl-thread1] INFO  server.RaftServerConfigKeys (ConfUtils.java:logGet(46)) - raft.server.log.corruption.policy = EXCEPTION (default)
2025-05-13 07:43:08,638 [e73312e9-cbe5-44c4-8eb4-8d68b9d9c5af-impl-thread1] INFO  server.RaftServerConfigKeys (ConfUtils.java:logGet(46)) - raft.server.storage.dir = [/tmp/junit-9293481765410222335/scm-meta/scm-ha] (custom)
2025-05-13 07:43:08,638 [e73312e9-cbe5-44c4-8eb4-8d68b9d9c5af-impl-thread1] INFO  storage.RaftStorageDirectory (RaftStorageDirectoryImpl.java:analyzeStorage(138)) - The storage directory /tmp/junit-9293481765410222335/scm-meta/scm-ha/784ecb46-c1c0-47aa-bea7-1c8d1734010b does not exist. Creating ...
2025-05-13 07:43:08,639 [e73312e9-cbe5-44c4-8eb4-8d68b9d9c5af-impl-thread1] INFO  storage.RaftStorageDirectory (RaftStorageDirectoryImpl.java:tryLock(229)) - Lock on /tmp/junit-9293481765410222335/scm-meta/scm-ha/784ecb46-c1c0-47aa-bea7-1c8d1734010b/in_use.lock acquired by nodename 25269@pkrvmberfyhpb9w
2025-05-13 07:43:08,640 [e73312e9-cbe5-44c4-8eb4-8d68b9d9c5af-impl-thread1] INFO  storage.RaftStorage (RaftStorageImpl.java:format(98)) - Storage directory /tmp/junit-9293481765410222335/scm-meta/scm-ha/784ecb46-c1c0-47aa-bea7-1c8d1734010b has been successfully formatted.
2025-05-13 07:43:08,640 [e73312e9-cbe5-44c4-8eb4-8d68b9d9c5af-impl-thread1] INFO  ha.SCMStateMachine (SCMStateMachine.java:lambda$initialize$0(135)) - e73312e9-cbe5-44c4-8eb4-8d68b9d9c5af: initialize group-1C8D1734010B
2025-05-13 07:43:08,640 [e73312e9-cbe5-44c4-8eb4-8d68b9d9c5af-impl-thread1] INFO  server.RaftServerConfigKeys (ConfUtils.java:logGet(46)) - raft.server.log.use.memory = false (default)
2025-05-13 07:43:08,640 [e73312e9-cbe5-44c4-8eb4-8d68b9d9c5af-impl-thread1] INFO  server.RaftServerConfigKeys (ConfUtils.java:logGet(46)) - raft.server.log.purge.gap = 1000000 (custom)
2025-05-13 07:43:08,640 [e73312e9-cbe5-44c4-8eb4-8d68b9d9c5af-impl-thread1] INFO  server.RaftServerConfigKeys (ConfUtils.java:logGet(46)) - raft.server.log.appender.buffer.byte-limit = 4194304 (custom)
2025-05-13 07:43:08,640 [e73312e9-cbe5-44c4-8eb4-8d68b9d9c5af-impl-thread1] INFO  server.RaftServerConfigKeys (ConfUtils.java:logGet(46)) - raft.server.log.statemachine.data.read.timeout = 1000ms (default)
2025-05-13 07:43:08,640 [e73312e9-cbe5-44c4-8eb4-8d68b9d9c5af-impl-thread1] INFO  server.RaftServerConfigKeys (ConfUtils.java:logGet(46)) - raft.server.log.purge.preservation.log.num = 0 (default)
2025-05-13 07:43:08,641 [e73312e9-cbe5-44c4-8eb4-8d68b9d9c5af-impl-thread1] INFO  server.RaftServerConfigKeys (ConfUtils.java:logGet(46)) - raft.server.log.segment.size.max = 4194304 (custom)
2025-05-13 07:43:08,642 [e73312e9-cbe5-44c4-8eb4-8d68b9d9c5af-impl-thread1] INFO  server.RaftServerConfigKeys (ConfUtils.java:logGet(46)) - raft.server.log.segment.cache.num.max = 2 (custom)
2025-05-13 07:43:08,642 [e73312e9-cbe5-44c4-8eb4-8d68b9d9c5af-impl-thread1] INFO  server.RaftServerConfigKeys (ConfUtils.java:logGet(46)) - raft.server.log.segment.cache.size.max = 200MB (=209715200) (default)
2025-05-13 07:43:08,642 [e73312e9-cbe5-44c4-8eb4-8d68b9d9c5af-impl-thread1] INFO  server.RaftServerConfigKeys (ConfUtils.java:logGet(46)) - raft.server.log.appender.buffer.byte-limit = 4194304 (custom)
2025-05-13 07:43:08,642 [e73312e9-cbe5-44c4-8eb4-8d68b9d9c5af-impl-thread1] INFO  util.AwaitToRun (AwaitToRun.java:start(81)) - Thread[#785,e73312e9-cbe5-44c4-8eb4-8d68b9d9c5af@group-1C8D1734010B-cacheEviction-AwaitToRun,5,main] started
2025-05-13 07:43:08,642 [e73312e9-cbe5-44c4-8eb4-8d68b9d9c5af-impl-thread1] INFO  segmented.SegmentedRaftLogWorker (SegmentedRaftLogWorker.java:<init>(188)) - new e73312e9-cbe5-44c4-8eb4-8d68b9d9c5af@group-1C8D1734010B-SegmentedRaftLogWorker for RaftStorageImpl:Storage Directory /tmp/junit-9293481765410222335/scm-meta/scm-ha/784ecb46-c1c0-47aa-bea7-1c8d1734010b
2025-05-13 07:43:08,642 [e73312e9-cbe5-44c4-8eb4-8d68b9d9c5af-impl-thread1] INFO  server.RaftServerConfigKeys (ConfUtils.java:logGet(46)) - raft.server.log.queue.byte-limit = 64MB (=67108864) (default)
2025-05-13 07:43:08,642 [e73312e9-cbe5-44c4-8eb4-8d68b9d9c5af-impl-thread1] INFO  server.RaftServerConfigKeys (ConfUtils.java:logGet(46)) - raft.server.log.queue.element-limit = 4096 (default)
2025-05-13 07:43:08,642 [e73312e9-cbe5-44c4-8eb4-8d68b9d9c5af-impl-thread1] INFO  server.RaftServerConfigKeys (ConfUtils.java:logGet(46)) - raft.server.log.segment.size.max = 4194304 (custom)
2025-05-13 07:43:08,642 [e73312e9-cbe5-44c4-8eb4-8d68b9d9c5af-impl-thread1] INFO  server.RaftServerConfigKeys (ConfUtils.java:logGet(46)) - raft.server.log.preallocated.size = 4194304 (custom)
2025-05-13 07:43:08,642 [e73312e9-cbe5-44c4-8eb4-8d68b9d9c5af-impl-thread1] INFO  server.RaftServerConfigKeys (ConfUtils.java:logGet(46)) - raft.server.log.force.sync.num = 128 (default)
2025-05-13 07:43:08,642 [e73312e9-cbe5-44c4-8eb4-8d68b9d9c5af-impl-thread1] INFO  server.RaftServerConfigKeys (ConfUtils.java:logGet(46)) - raft.server.log.statemachine.data.sync = true (default)
2025-05-13 07:43:08,642 [e73312e9-cbe5-44c4-8eb4-8d68b9d9c5af-impl-thread1] INFO  server.RaftServerConfigKeys (ConfUtils.java:logGet(46)) - raft.server.log.statemachine.data.sync.timeout = 10s (default)
2025-05-13 07:43:08,643 [e73312e9-cbe5-44c4-8eb4-8d68b9d9c5af-impl-thread1] INFO  server.RaftServerConfigKeys (ConfUtils.java:logGet(46)) - raft.server.log.statemachine.data.sync.timeout.retry = -1 (default)
2025-05-13 07:43:08,643 [e73312e9-cbe5-44c4-8eb4-8d68b9d9c5af-impl-thread1] INFO  server.RaftServerConfigKeys (ConfUtils.java:logGet(46)) - raft.server.log.write.buffer.size = 4194312 (custom)
2025-05-13 07:43:08,644 [e73312e9-cbe5-44c4-8eb4-8d68b9d9c5af-impl-thread1] INFO  server.RaftServerConfigKeys (ConfUtils.java:logGet(46)) - raft.server.log.appender.buffer.byte-limit = 4194304 (custom)
2025-05-13 07:43:08,644 [e73312e9-cbe5-44c4-8eb4-8d68b9d9c5af-impl-thread1] INFO  server.RaftServerConfigKeys (ConfUtils.java:logGet(46)) - raft.server.log.unsafe-flush.enabled = false (default)
2025-05-13 07:43:08,644 [e73312e9-cbe5-44c4-8eb4-8d68b9d9c5af-impl-thread1] INFO  server.RaftServerConfigKeys (ConfUtils.java:logGet(46)) - raft.server.log.async-flush.enabled = false (default)
2025-05-13 07:43:08,644 [e73312e9-cbe5-44c4-8eb4-8d68b9d9c5af-impl-thread1] INFO  server.RaftServerConfigKeys (ConfUtils.java:logGet(46)) - raft.server.log.statemachine.data.caching.enabled = false (default)
2025-05-13 07:43:08,644 [e73312e9-cbe5-44c4-8eb4-8d68b9d9c5af-impl-thread1] INFO  segmented.SegmentedRaftLogWorker (SegmentedRaftLogWorker.java:lambda$new$0(139)) - e73312e9-cbe5-44c4-8eb4-8d68b9d9c5af@group-1C8D1734010B-SegmentedRaftLogWorker: flushIndex: setUnconditionally 0 -> -1
2025-05-13 07:43:08,644 [e73312e9-cbe5-44c4-8eb4-8d68b9d9c5af-impl-thread1] INFO  segmented.SegmentedRaftLogWorker (SegmentedRaftLogWorker.java:lambda$new$0(139)) - e73312e9-cbe5-44c4-8eb4-8d68b9d9c5af@group-1C8D1734010B-SegmentedRaftLogWorker: safeCacheEvictIndex: setUnconditionally 0 -> -1
2025-05-13 07:43:08,645 [e73312e9-cbe5-44c4-8eb4-8d68b9d9c5af-impl-thread1] INFO  server.RaftServer$Division (RaftServerImpl.java:start(391)) - e73312e9-cbe5-44c4-8eb4-8d68b9d9c5af@group-1C8D1734010B: start as a follower, conf=conf: {index: -1, cur=peers:[e73312e9-cbe5-44c4-8eb4-8d68b9d9c5af|pkrvmberfyhpb9w:15018]|listeners:[], old=null}
2025-05-13 07:43:08,645 [e73312e9-cbe5-44c4-8eb4-8d68b9d9c5af-impl-thread1] INFO  server.RaftServer$Division (RaftServerImpl.java:setRole(378)) - e73312e9-cbe5-44c4-8eb4-8d68b9d9c5af@group-1C8D1734010B: changes role from      null to FOLLOWER at term 0 for startAsFollower
2025-05-13 07:43:08,645 [e73312e9-cbe5-44c4-8eb4-8d68b9d9c5af-impl-thread1] INFO  impl.RoleInfo (RoleInfo.java:updateAndGet(148)) - e73312e9-cbe5-44c4-8eb4-8d68b9d9c5af: start e73312e9-cbe5-44c4-8eb4-8d68b9d9c5af@group-1C8D1734010B-FollowerState
2025-05-13 07:43:08,645 [e73312e9-cbe5-44c4-8eb4-8d68b9d9c5af@group-1C8D1734010B-FollowerState] INFO  server.RaftServerConfigKeys (ConfUtils.java:logFallback(53)) - raft.server.rpc.first-election.timeout.min = 5000ms (fallback to raft.server.rpc.timeout.min)
2025-05-13 07:43:08,645 [e73312e9-cbe5-44c4-8eb4-8d68b9d9c5af@group-1C8D1734010B-FollowerState] INFO  server.RaftServerConfigKeys (ConfUtils.java:logFallback(53)) - raft.server.rpc.first-election.timeout.max = 5200ms (fallback to raft.server.rpc.timeout.max)
2025-05-13 07:43:08,645 [e73312e9-cbe5-44c4-8eb4-8d68b9d9c5af-impl-thread1] INFO  util.JmxRegister (JmxRegister.java:tryRegister(44)) - Successfully registered JMX Bean with object name Ratis:service=RaftServer,group=group-1C8D1734010B,id=e73312e9-cbe5-44c4-8eb4-8d68b9d9c5af
2025-05-13 07:43:08,645 [e73312e9-cbe5-44c4-8eb4-8d68b9d9c5af-impl-thread1] INFO  util.JmxRegister (JmxRegister.java:register(58)) - register mxBean class org.apache.ratis.server.impl.RaftServerJmxAdapter as Ratis:service=RaftServer,group=group-1C8D1734010B,id=e73312e9-cbe5-44c4-8eb4-8d68b9d9c5af
2025-05-13 07:43:08,646 [e73312e9-cbe5-44c4-8eb4-8d68b9d9c5af-impl-thread1] INFO  server.RaftServerConfigKeys (ConfUtils.java:logGet(46)) - raft.server.snapshot.trigger-when-stop.enabled = true (default)
2025-05-13 07:43:08,646 [e73312e9-cbe5-44c4-8eb4-8d68b9d9c5af-impl-thread1] INFO  server.RaftServerConfigKeys (ConfUtils.java:logGet(46)) - raft.server.snapshot.trigger-when-remove.enabled = true (default)
2025-05-13 07:43:08,646 [e73312e9-cbe5-44c4-8eb4-8d68b9d9c5af-impl-thread1] INFO  server.RaftServerConfigKeys (ConfUtils.java:logGet(46)) - raft.server.snapshot.auto.trigger.enabled = true (custom)
2025-05-13 07:43:08,646 [e73312e9-cbe5-44c4-8eb4-8d68b9d9c5af-impl-thread1] INFO  server.RaftServerConfigKeys (ConfUtils.java:logGet(46)) - raft.server.snapshot.auto.trigger.threshold = 1000 (custom)
2025-05-13 07:43:08,646 [e73312e9-cbe5-44c4-8eb4-8d68b9d9c5af-impl-thread1] INFO  server.RaftServerConfigKeys (ConfUtils.java:logGet(46)) - raft.server.snapshot.retention.file.num = -1 (default)
2025-05-13 07:43:08,646 [e73312e9-cbe5-44c4-8eb4-8d68b9d9c5af-impl-thread1] INFO  server.RaftServerConfigKeys (ConfUtils.java:logGet(46)) - raft.server.log.purge.upto.snapshot.index = false (default)
2025-05-13 07:43:08,646 [e73312e9-cbe5-44c4-8eb4-8d68b9d9c5af-impl-thread1] INFO  server.RaftServer$Division (RaftServerImpl.java:start(405)) - e73312e9-cbe5-44c4-8eb4-8d68b9d9c5af@group-1C8D1734010B: Successfully started.
2025-05-13 07:43:08,646 [main] INFO  server.RaftServer (RaftServerProxy.java:startImpl(407)) - e73312e9-cbe5-44c4-8eb4-8d68b9d9c5af: start RPC server
2025-05-13 07:43:08,647 [main] INFO  server.GrpcService (GrpcService.java:startImpl(334)) - e73312e9-cbe5-44c4-8eb4-8d68b9d9c5af: GrpcService started, listening on 15018
2025-05-13 07:43:08,648 [JvmPauseMonitor4] INFO  util.JvmPauseMonitor (JvmPauseMonitor.java:run(146)) - JvmPauseMonitor-e73312e9-cbe5-44c4-8eb4-8d68b9d9c5af: Started
2025-05-13 07:43:13,764 [e73312e9-cbe5-44c4-8eb4-8d68b9d9c5af@group-1C8D1734010B-FollowerState] INFO  impl.FollowerState (FollowerState.java:runImpl(161)) - e73312e9-cbe5-44c4-8eb4-8d68b9d9c5af@group-1C8D1734010B-FollowerState: change to CANDIDATE, lastRpcElapsedTime:5118600651ns, electionTimeout:5118ms
2025-05-13 07:43:13,764 [e73312e9-cbe5-44c4-8eb4-8d68b9d9c5af@group-1C8D1734010B-FollowerState] INFO  impl.RoleInfo (RoleInfo.java:shutdownFollowerState(121)) - e73312e9-cbe5-44c4-8eb4-8d68b9d9c5af: shutdown e73312e9-cbe5-44c4-8eb4-8d68b9d9c5af@group-1C8D1734010B-FollowerState
2025-05-13 07:43:13,764 [e73312e9-cbe5-44c4-8eb4-8d68b9d9c5af@group-1C8D1734010B-FollowerState] INFO  server.RaftServer$Division (RaftServerImpl.java:setRole(378)) - e73312e9-cbe5-44c4-8eb4-8d68b9d9c5af@group-1C8D1734010B: changes role from  FOLLOWER to CANDIDATE at term 0 for changeToCandidate
2025-05-13 07:43:13,764 [e73312e9-cbe5-44c4-8eb4-8d68b9d9c5af@group-1C8D1734010B-FollowerState] INFO  server.RaftServerConfigKeys (ConfUtils.java:logGet(46)) - raft.server.leaderelection.pre-vote = true (default)
2025-05-13 07:43:13,764 [e73312e9-cbe5-44c4-8eb4-8d68b9d9c5af@group-1C8D1734010B-FollowerState] INFO  impl.RoleInfo (RoleInfo.java:updateAndGet(148)) - e73312e9-cbe5-44c4-8eb4-8d68b9d9c5af: start e73312e9-cbe5-44c4-8eb4-8d68b9d9c5af@group-1C8D1734010B-LeaderElection4
2025-05-13 07:43:13,764 [e73312e9-cbe5-44c4-8eb4-8d68b9d9c5af@group-1C8D1734010B-LeaderElection4] INFO  impl.LeaderElection (LeaderElection.java:askForVotes(332)) - e73312e9-cbe5-44c4-8eb4-8d68b9d9c5af@group-1C8D1734010B-LeaderElection4 PRE_VOTE round 0: submit vote requests at term 0 for conf: {index: -1, cur=peers:[e73312e9-cbe5-44c4-8eb4-8d68b9d9c5af|pkrvmberfyhpb9w:15018]|listeners:[], old=null}
2025-05-13 07:43:13,764 [e73312e9-cbe5-44c4-8eb4-8d68b9d9c5af@group-1C8D1734010B-LeaderElection4] INFO  impl.LeaderElection (LeaderElection.java:askForVotes(334)) - e73312e9-cbe5-44c4-8eb4-8d68b9d9c5af@group-1C8D1734010B-LeaderElection4 PRE_VOTE round 0: result PASSED (term=0)
2025-05-13 07:43:13,766 [e73312e9-cbe5-44c4-8eb4-8d68b9d9c5af@group-1C8D1734010B-LeaderElection4] INFO  impl.LeaderElection (LeaderElection.java:askForVotes(332)) - e73312e9-cbe5-44c4-8eb4-8d68b9d9c5af@group-1C8D1734010B-LeaderElection4 ELECTION round 0: submit vote requests at term 1 for conf: {index: -1, cur=peers:[e73312e9-cbe5-44c4-8eb4-8d68b9d9c5af|pkrvmberfyhpb9w:15018]|listeners:[], old=null}
2025-05-13 07:43:13,766 [e73312e9-cbe5-44c4-8eb4-8d68b9d9c5af@group-1C8D1734010B-LeaderElection4] INFO  impl.LeaderElection (LeaderElection.java:askForVotes(334)) - e73312e9-cbe5-44c4-8eb4-8d68b9d9c5af@group-1C8D1734010B-LeaderElection4 ELECTION round 0: result PASSED (term=1)
2025-05-13 07:43:13,766 [e73312e9-cbe5-44c4-8eb4-8d68b9d9c5af@group-1C8D1734010B-LeaderElection4] INFO  impl.RoleInfo (RoleInfo.java:shutdownLeaderElection(141)) - e73312e9-cbe5-44c4-8eb4-8d68b9d9c5af: shutdown e73312e9-cbe5-44c4-8eb4-8d68b9d9c5af@group-1C8D1734010B-LeaderElection4
2025-05-13 07:43:13,766 [e73312e9-cbe5-44c4-8eb4-8d68b9d9c5af@group-1C8D1734010B-LeaderElection4] INFO  server.RaftServer$Division (RaftServerImpl.java:setRole(378)) - e73312e9-cbe5-44c4-8eb4-8d68b9d9c5af@group-1C8D1734010B: changes role from CANDIDATE to LEADER at term 1 for changeToLeader
2025-05-13 07:43:13,766 [e73312e9-cbe5-44c4-8eb4-8d68b9d9c5af@group-1C8D1734010B-LeaderElection4] INFO  server.RaftServerConfigKeys (ConfUtils.java:logGet(46)) - raft.server.staging.catchup.gap = 1000 (default)
2025-05-13 07:43:13,767 [e73312e9-cbe5-44c4-8eb4-8d68b9d9c5af@group-1C8D1734010B-LeaderElection4] INFO  server.RaftServerConfigKeys (ConfUtils.java:logGet(46)) - raft.server.write.element-limit = 4096 (default)
2025-05-13 07:43:13,767 [e73312e9-cbe5-44c4-8eb4-8d68b9d9c5af@group-1C8D1734010B-LeaderElection4] INFO  server.RaftServerConfigKeys (ConfUtils.java:logGet(46)) - raft.server.write.byte-limit = 64MB (=67108864) (default)
2025-05-13 07:43:13,767 [e73312e9-cbe5-44c4-8eb4-8d68b9d9c5af@group-1C8D1734010B-LeaderElection4] INFO  server.RaftServerConfigKeys (ConfUtils.java:logGet(46)) - raft.server.watch.timeout = 10s (default)
2025-05-13 07:43:13,767 [e73312e9-cbe5-44c4-8eb4-8d68b9d9c5af@group-1C8D1734010B-LeaderElection4] INFO  server.RaftServerConfigKeys (ConfUtils.java:logGet(46)) - raft.server.watch.timeout.denomination = 1s (default)
2025-05-13 07:43:13,767 [e73312e9-cbe5-44c4-8eb4-8d68b9d9c5af@group-1C8D1734010B-LeaderElection4] INFO  server.RaftServerConfigKeys (ConfUtils.java:logGet(46)) - raft.server.watch.element-limit = 65536 (default)
2025-05-13 07:43:13,767 [e73312e9-cbe5-44c4-8eb4-8d68b9d9c5af@group-1C8D1734010B-LeaderElection4] INFO  server.RaftServerConfigKeys (ConfUtils.java:logGet(46)) - raft.server.read.leader.lease.enabled = false (default)
2025-05-13 07:43:13,767 [e73312e9-cbe5-44c4-8eb4-8d68b9d9c5af@group-1C8D1734010B-LeaderElection4] INFO  server.RaftServerConfigKeys (ConfUtils.java:logGet(46)) - raft.server.read.leader.lease.timeout.ratio = 0.9 (default)
2025-05-13 07:43:13,767 [e73312e9-cbe5-44c4-8eb4-8d68b9d9c5af@group-1C8D1734010B-LeaderElection4] INFO  server.RaftServerConfigKeys (ConfUtils.java:logGet(46)) - raft.server.rpc.timeout.min = 5000ms (custom)
2025-05-13 07:43:13,768 [e73312e9-cbe5-44c4-8eb4-8d68b9d9c5af@group-1C8D1734010B-LeaderElection4] INFO  server.RaftServerConfigKeys (ConfUtils.java:logGet(46)) - raft.server.log.log-metadata.enabled = true (default)
2025-05-13 07:43:13,768 [e73312e9-cbe5-44c4-8eb4-8d68b9d9c5af@group-1C8D1734010B-LeaderElection4] INFO  server.RaftServerConfigKeys (ConfUtils.java:logGet(46)) - raft.server.write.element-limit = 4096 (default)
2025-05-13 07:43:13,768 [e73312e9-cbe5-44c4-8eb4-8d68b9d9c5af@group-1C8D1734010B-LeaderElection4] INFO  server.RaftServerConfigKeys (ConfUtils.java:logGet(46)) - raft.server.write.follower.gap.ratio.max = -1.0 (default)
2025-05-13 07:43:13,768 [e73312e9-cbe5-44c4-8eb4-8d68b9d9c5af@group-1C8D1734010B-LeaderElection4] INFO  impl.RoleInfo (RoleInfo.java:updateAndGet(148)) - e73312e9-cbe5-44c4-8eb4-8d68b9d9c5af: start e73312e9-cbe5-44c4-8eb4-8d68b9d9c5af@group-1C8D1734010B-LeaderStateImpl
2025-05-13 07:43:13,768 [e73312e9-cbe5-44c4-8eb4-8d68b9d9c5af@group-1C8D1734010B-LeaderElection4] INFO  server.RaftServer$Division (RaftServerImpl.java:setFirstElection(562)) - e73312e9-cbe5-44c4-8eb4-8d68b9d9c5af@group-1C8D1734010B: set firstElectionSinceStartup to false for becomeLeader
2025-05-13 07:43:13,768 [e73312e9-cbe5-44c4-8eb4-8d68b9d9c5af@group-1C8D1734010B-LeaderElection4] INFO  server.RaftServer$Division (ServerState.java:setLeader(272)) - e73312e9-cbe5-44c4-8eb4-8d68b9d9c5af@group-1C8D1734010B: change Leader from null to e73312e9-cbe5-44c4-8eb4-8d68b9d9c5af at term 1 for becomeLeader, leader elected after 5133ms
2025-05-13 07:43:13,768 [e73312e9-cbe5-44c4-8eb4-8d68b9d9c5af@group-1C8D1734010B-LeaderElection4] INFO  segmented.SegmentedRaftLogWorker (SegmentedRaftLogWorker.java:startLogSegment(438)) - e73312e9-cbe5-44c4-8eb4-8d68b9d9c5af@group-1C8D1734010B-SegmentedRaftLogWorker: Starting segment from index:0
2025-05-13 07:43:13,768 [e73312e9-cbe5-44c4-8eb4-8d68b9d9c5af@group-1C8D1734010B-LeaderElection4] INFO  server.RaftServer$Division (ServerState.java:setRaftConf(386)) - e73312e9-cbe5-44c4-8eb4-8d68b9d9c5af@group-1C8D1734010B: set configuration conf: {index: 0, cur=peers:[e73312e9-cbe5-44c4-8eb4-8d68b9d9c5af|pkrvmberfyhpb9w:15018]|listeners:[], old=null}
2025-05-13 07:43:13,769 [e73312e9-cbe5-44c4-8eb4-8d68b9d9c5af@group-1C8D1734010B-SegmentedRaftLogWorker] INFO  segmented.BufferedWriteChannel (BufferedWriteChannel.java:open(61)) - open log_inprogress_0 at position 0
2025-05-13 07:43:13,776 [e73312e9-cbe5-44c4-8eb4-8d68b9d9c5af@group-1C8D1734010B-SegmentedRaftLogWorker] INFO  segmented.SegmentedRaftLogWorker (SegmentedRaftLogWorker.java:execute(644)) - e73312e9-cbe5-44c4-8eb4-8d68b9d9c5af@group-1C8D1734010B-SegmentedRaftLogWorker: created new log segment /tmp/junit-9293481765410222335/scm-meta/scm-ha/784ecb46-c1c0-47aa-bea7-1c8d1734010b/current/log_inprogress_0
2025-05-13 07:43:13,777 [e73312e9-cbe5-44c4-8eb4-8d68b9d9c5af@group-1C8D1734010B-StateMachineUpdater] INFO  server.RaftServer$Division (LeaderStateImpl.java:checkStartIndex(313)) - Leader e73312e9-cbe5-44c4-8eb4-8d68b9d9c5af@group-1C8D1734010B-LeaderStateImpl is ready since appliedIndex == startIndex == 0
2025-05-13 07:43:14,648 [main] INFO  server.RaftServer (RaftServerProxy.java:lambda$close$9(417)) - e73312e9-cbe5-44c4-8eb4-8d68b9d9c5af: close
2025-05-13 07:43:14,648 [main] INFO  server.GrpcService (GrpcService.java:closeImpl(343)) - e73312e9-cbe5-44c4-8eb4-8d68b9d9c5af: shutdown server GrpcServerProtocolService now
2025-05-13 07:43:14,648 [e73312e9-cbe5-44c4-8eb4-8d68b9d9c5af-impl-thread1] INFO  server.RaftServer$Division (RaftServerImpl.java:lambda$close$1(513)) - e73312e9-cbe5-44c4-8eb4-8d68b9d9c5af@group-1C8D1734010B: shutdown
2025-05-13 07:43:14,649 [e73312e9-cbe5-44c4-8eb4-8d68b9d9c5af-impl-thread1] INFO  util.JmxRegister (JmxRegister.java:unregister(74)) - Successfully un-registered JMX Bean with object name Ratis:service=RaftServer,group=group-1C8D1734010B,id=e73312e9-cbe5-44c4-8eb4-8d68b9d9c5af
2025-05-13 07:43:14,649 [e73312e9-cbe5-44c4-8eb4-8d68b9d9c5af-impl-thread1] INFO  impl.RoleInfo (RoleInfo.java:shutdownLeaderState(103)) - e73312e9-cbe5-44c4-8eb4-8d68b9d9c5af: shutdown e73312e9-cbe5-44c4-8eb4-8d68b9d9c5af@group-1C8D1734010B-LeaderStateImpl
2025-05-13 07:43:14,649 [e73312e9-cbe5-44c4-8eb4-8d68b9d9c5af-impl-thread1] INFO  impl.PendingRequests (PendingRequests.java:sendNotLeaderResponses(287)) - e73312e9-cbe5-44c4-8eb4-8d68b9d9c5af@group-1C8D1734010B-PendingRequests: sendNotLeaderResponses
2025-05-13 07:43:14,649 [e73312e9-cbe5-44c4-8eb4-8d68b9d9c5af-impl-thread1] INFO  impl.StateMachineUpdater (StateMachineUpdater.java:stopAndJoin(164)) - e73312e9-cbe5-44c4-8eb4-8d68b9d9c5af@group-1C8D1734010B-StateMachineUpdater: set stopIndex = 0
2025-05-13 07:43:14,649 [e73312e9-cbe5-44c4-8eb4-8d68b9d9c5af@group-1C8D1734010B-StateMachineUpdater] INFO  impl.StateMachineUpdater (StateMachineUpdater.java:takeSnapshot(303)) - e73312e9-cbe5-44c4-8eb4-8d68b9d9c5af@group-1C8D1734010B-StateMachineUpdater: Took a snapshot at index 0
2025-05-13 07:43:14,649 [main] INFO  server.GrpcService (GrpcService.java:closeImpl(352)) - e73312e9-cbe5-44c4-8eb4-8d68b9d9c5af: shutdown server GrpcServerProtocolService successfully
2025-05-13 07:43:14,649 [e73312e9-cbe5-44c4-8eb4-8d68b9d9c5af@group-1C8D1734010B-StateMachineUpdater] INFO  impl.StateMachineUpdater (StateMachineUpdater.java:lambda$new$0(102)) - e73312e9-cbe5-44c4-8eb4-8d68b9d9c5af@group-1C8D1734010B-StateMachineUpdater: snapshotIndex: updateIncreasingly -1 -> 0
2025-05-13 07:43:14,650 [e73312e9-cbe5-44c4-8eb4-8d68b9d9c5af@group-1C8D1734010B-StateMachineUpdater] INFO  impl.StateMachineUpdater (StateMachineUpdater.java:stop(141)) - e73312e9-cbe5-44c4-8eb4-8d68b9d9c5af@group-1C8D1734010B-StateMachineUpdater: closing SCMStateMachine, lastApplied=(t:1, i:0)
2025-05-13 07:43:14,650 [e73312e9-cbe5-44c4-8eb4-8d68b9d9c5af@group-1C8D1734010B-cacheEviction-AwaitToRun] INFO  util.AwaitToRun (AwaitToRun.java:run(49)) - e73312e9-cbe5-44c4-8eb4-8d68b9d9c5af@group-1C8D1734010B-cacheEviction-AwaitToRun-AwaitForSignal is interrupted
2025-05-13 07:43:14,777 [e73312e9-cbe5-44c4-8eb4-8d68b9d9c5af-impl-thread1] INFO  segmented.SegmentedRaftLogWorker (SegmentedRaftLogWorker.java:close(252)) - e73312e9-cbe5-44c4-8eb4-8d68b9d9c5af@group-1C8D1734010B-SegmentedRaftLogWorker close()
2025-05-13 07:43:14,778 [JvmPauseMonitor4] INFO  util.JvmPauseMonitor (JvmPauseMonitor.java:run(152)) - JvmPauseMonitor-e73312e9-cbe5-44c4-8eb4-8d68b9d9c5af: Stopped
2025-05-13 07:43:14,778 [main] WARN  server.ServerUtils (ServerUtils.java:getScmDbDir(138)) - ozone.scm.db.dirs is not configured. We recommend adding this setting. Falling back to ozone.metadata.dirs instead.
2025-05-13 07:43:14,778 [main] INFO  ha.SCMHANodeDetails (SCMHANodeDetails.java:loadSCMHAConfig(162)) - ServiceID for StorageContainerManager is null
2025-05-13 07:43:14,778 [main] INFO  ha.SCMHANodeDetails (SCMHANodeDetails.java:loadSCMHAConfig(166)) - ozone.scm.default.service.id is not defined, falling back to ozone.scm.service.ids to find serviceID for StorageContainerManager if it is HA enabled cluster
2025-05-13 07:43:14,784 [pool-104-thread-1] INFO  request.KdcRequest (KdcRequest.java:preauth(683)) - The preauth data is empty.
2025-05-13 07:43:14,784 [pool-104-thread-1] INFO  server.KdcHandler (KdcHandler.java:handleRecoverableException(177)) - KRB error occurred while processing request: Additional pre-authentication required
2025-05-13 07:43:14,787 [pool-104-thread-1] INFO  request.AsRequest (AsRequest.java:issueTicket(112)) - AS_REQ ISSUE: authtime 1747122194787,om/pkrvmberfyhpb9w.internal.cloudapp.net@EXAMPLE.COM for krbtgt/EXAMPLE.COM@EXAMPLE.COM
2025-05-13 07:43:14,789 [main] INFO  security.UserGroupInformation (UserGroupInformation.java:loginUserFromKeytab(1143)) - Login successful for user om/pkrvmberfyhpb9w.internal.cloudapp.net@EXAMPLE.COM using keytab file om.keytab. Keytab auto renewal enabled : false
2025-05-13 07:43:14,789 [main] INFO  server.StorageContainerManager (StorageContainerManager.java:loginAsSCMUserIfSecurityEnabled(1062)) - SCM login successful.
2025-05-13 07:43:14,790 [main] INFO  proxy.SCMSecurityProtocolFailoverProxyProvider (SCMFailoverProxyProviderBase.java:<init>(120)) - Created fail-over proxy for protocol SCMSecurityProtocolPB with 1 nodes: [nodeId=scmNodeId,nodeAddress=localhost/127.0.0.1:15017]
2025-05-13 07:43:14,790 [main] INFO  client.SCMCertificateClient (DefaultCertificateClient.java:updateCertSerialId(1289)) - Certificate serial ID set to 2
2025-05-13 07:43:14,792 [main] INFO  client.SCMCertificateClient (DefaultCertificateClient.java:readCertificateFile(247)) - Added certificate 2 from file: /tmp/junit-9293481765410222335/scm-meta/scm/sub-ca/certs/2.crt.
2025-05-13 07:43:14,792 [main] INFO  client.SCMCertificateClient (DefaultCertificateClient.java:readCertificateFile(247)) - Added certificate 1 from file: /tmp/junit-9293481765410222335/scm-meta/scm/sub-ca/certs/CA-1.crt.
2025-05-13 07:43:14,793 [main] INFO  client.SCMCertificateClient (DefaultCertificateClient.java:readCertificateFile(247)) - Added certificate 2 from file: /tmp/junit-9293481765410222335/scm-meta/scm/sub-ca/certs/certificate.crt.
2025-05-13 07:43:14,794 [main] INFO  client.SCMCertificateClient (DefaultCertificateClient.java:loadAllCertificates(196)) - CertificateRenewerService and root ca rotation polling is disabled for scm/sub-ca
2025-05-13 07:43:14,794 [main] WARN  utils.HAUtils (HAUtils.java:getMetaDir(311)) - ozone.scm.db.dirs is not configured. We recommend adding this setting. Falling back to ozone.metadata.dirs instead.
2025-05-13 07:43:14,794 [main] WARN  db.DBStoreBuilder (DBStoreBuilder.java:getDBDirPath(160)) - ozone.scm.db.dirs is not configured. We recommend adding this setting. Falling back to ozone.metadata.dirs instead.
2025-05-13 07:43:14,840 [main] INFO  net.NodeSchemaLoader (NodeSchemaLoader.java:loadSchemaFromFile(128)) - Loading schema from [jar:file:/home/runner/work/ozone/ozone/hadoop-hdds/common/target/hdds-common-2.1.0-SNAPSHOT.jar!/network-topology-default.xml]
2025-05-13 07:43:14,840 [main] INFO  net.NodeSchemaLoader (NodeSchemaLoader.java:loadSchema(175)) - Loading network topology layer schema file
2025-05-13 07:43:14,856 [main] INFO  ha.SCMRatisServerImpl (SCMRatisServerImpl.java:<init>(100)) - starting Raft server for scm:e73312e9-cbe5-44c4-8eb4-8d68b9d9c5af
2025-05-13 07:43:14,857 [main] INFO  server.RaftServerConfigKeys (ConfUtils.java:logGet(46)) - raft.server.log.appender.buffer.byte-limit = 4194304 (custom)
2025-05-13 07:43:14,858 [main] INFO  server.RaftServer (ConfUtils.java:logGet(46)) - raft.rpc.type = GRPC (default)
2025-05-13 07:43:14,858 [main] INFO  grpc.GrpcConfigKeys (ConfUtils.java:logFallback(53)) - raft.grpc.admin.host = null (fallback to raft.grpc.server.host)
2025-05-13 07:43:14,858 [main] INFO  grpc.GrpcConfigKeys (ConfUtils.java:logFallback(53)) - raft.grpc.admin.port = 15018 (fallback to raft.grpc.server.port)
2025-05-13 07:43:14,858 [main] INFO  grpc.GrpcConfigKeys (ConfUtils.java:logFallback(53)) - raft.grpc.client.host = null (fallback to raft.grpc.server.host)
2025-05-13 07:43:14,858 [main] INFO  grpc.GrpcConfigKeys (ConfUtils.java:logFallback(53)) - raft.grpc.client.port = 15018 (fallback to raft.grpc.server.port)
2025-05-13 07:43:14,858 [main] INFO  grpc.GrpcConfigKeys (ConfUtils.java:logGet(46)) - raft.grpc.server.host = null (default)
2025-05-13 07:43:14,859 [main] INFO  grpc.GrpcConfigKeys (ConfUtils.java:logGet(46)) - raft.grpc.server.port = 15018 (custom)
2025-05-13 07:43:14,859 [main] INFO  server.GrpcService (ConfUtils.java:logGet(46)) - raft.grpc.message.size.max = 5242880 (custom)
2025-05-13 07:43:14,859 [main] INFO  server.GrpcService (ConfUtils.java:logGet(46)) - raft.grpc.flow.control.window = 1MB (=1048576) (default)
2025-05-13 07:43:14,859 [main] INFO  server.RaftServerConfigKeys (ConfUtils.java:logGet(46)) - raft.server.rpc.request.timeout = 30000ms (custom)
2025-05-13 07:43:14,859 [main] INFO  grpc.GrpcConfigKeys (ConfUtils.java:logGet(46)) - raft.grpc.server.heartbeat.channel = true (default)
2025-05-13 07:43:14,859 [main] INFO  server.RaftServerConfigKeys (ConfUtils.java:logGet(46)) - raft.server.log.appender.buffer.byte-limit = 4194304 (custom)
2025-05-13 07:43:14,859 [main] INFO  grpc.GrpcConfigKeys (ConfUtils.java:logGet(46)) - raft.grpc.server.async.request.thread.pool.cached = true (default)
2025-05-13 07:43:14,859 [main] INFO  grpc.GrpcConfigKeys (ConfUtils.java:logGet(46)) - raft.grpc.server.async.request.thread.pool.size = 32 (default)
2025-05-13 07:43:14,860 [main] INFO  impl.DataStreamServerImpl (ConfUtils.java:logGet(46)) - raft.datastream.type = DISABLED (default)
2025-05-13 07:43:14,860 [main] INFO  server.RaftServerConfigKeys (ConfUtils.java:logGet(46)) - raft.server.sleep.deviation.threshold = 300ms (default)
2025-05-13 07:43:14,860 [main] INFO  server.RaftServerConfigKeys (ConfUtils.java:logGet(46)) - raft.server.close.threshold = 60s (default)
2025-05-13 07:43:14,860 [main] INFO  server.RaftServerConfigKeys (ConfUtils.java:logGet(46)) - raft.server.leaderelection.leader.step-down.wait-time = 10s (default)
2025-05-13 07:43:14,860 [main] INFO  server.RaftServerConfigKeys (ConfUtils.java:logGet(46)) - raft.server.storage.dir = [/tmp/junit-9293481765410222335/scm-meta/scm-ha] (custom)
2025-05-13 07:43:14,860 [main] INFO  server.RaftServerConfigKeys (ConfUtils.java:logGet(46)) - raft.server.threadpool.proxy.cached = true (default)
2025-05-13 07:43:14,861 [main] INFO  server.RaftServerConfigKeys (ConfUtils.java:logGet(46)) - raft.server.threadpool.proxy.size = 0 (default)
2025-05-13 07:43:14,861 [e73312e9-cbe5-44c4-8eb4-8d68b9d9c5af-impl-thread1] INFO  server.RaftServer (RaftServerProxy.java:initGroupDir(265)) - e73312e9-cbe5-44c4-8eb4-8d68b9d9c5af: found a subdirectory /tmp/junit-9293481765410222335/scm-meta/scm-ha/784ecb46-c1c0-47aa-bea7-1c8d1734010b
2025-05-13 07:43:14,861 [main] INFO  server.RaftServer (RaftServerProxy.java:addNew(100)) - e73312e9-cbe5-44c4-8eb4-8d68b9d9c5af: addNew group-1C8D1734010B:[] returns group-1C8D1734010B:java.util.concurrent.CompletableFuture@251b3e8a[Not completed]
2025-05-13 07:43:14,862 [e73312e9-cbe5-44c4-8eb4-8d68b9d9c5af-groupManagement] INFO  server.RaftServer$Division (RaftServerImpl.java:<init>(255)) - e73312e9-cbe5-44c4-8eb4-8d68b9d9c5af: new RaftServerImpl for group-1C8D1734010B:[] with SCMStateMachine:uninitialized
2025-05-13 07:43:14,862 [e73312e9-cbe5-44c4-8eb4-8d68b9d9c5af-groupManagement] INFO  server.RaftServerConfigKeys (ConfUtils.java:logGet(46)) - raft.server.rpc.timeout.min = 5000ms (custom)
2025-05-13 07:43:14,862 [e73312e9-cbe5-44c4-8eb4-8d68b9d9c5af-groupManagement] INFO  server.RaftServerConfigKeys (ConfUtils.java:logGet(46)) - raft.server.rpc.timeout.max = 5200ms (custom)
2025-05-13 07:43:14,862 [e73312e9-cbe5-44c4-8eb4-8d68b9d9c5af-groupManagement] INFO  server.RaftServerConfigKeys (ConfUtils.java:logGet(46)) - raft.server.rpc.sleep.time = 25ms (default)
2025-05-13 07:43:14,862 [e73312e9-cbe5-44c4-8eb4-8d68b9d9c5af-groupManagement] INFO  server.RaftServerConfigKeys (ConfUtils.java:logGet(46)) - raft.server.rpc.slowness.timeout = 120000ms (custom)
2025-05-13 07:43:14,862 [e73312e9-cbe5-44c4-8eb4-8d68b9d9c5af-groupManagement] INFO  server.RaftServerConfigKeys (ConfUtils.java:logGet(46)) - raft.server.leaderelection.leader.step-down.wait-time = 10s (default)
2025-05-13 07:43:14,862 [e73312e9-cbe5-44c4-8eb4-8d68b9d9c5af-groupManagement] INFO  server.RaftServerConfigKeys (ConfUtils.java:logGet(46)) - raft.server.leaderelection.member.majority-add = false (default)
2025-05-13 07:43:14,862 [e73312e9-cbe5-44c4-8eb4-8d68b9d9c5af-groupManagement] INFO  server.RaftServerConfigKeys (ConfUtils.java:logGet(46)) - raft.server.sleep.deviation.threshold = 300ms (default)
2025-05-13 07:43:14,862 [e73312e9-cbe5-44c4-8eb4-8d68b9d9c5af-groupManagement] INFO  server.RaftServer$Division (ServerState.java:<init>(114)) - e73312e9-cbe5-44c4-8eb4-8d68b9d9c5af@group-1C8D1734010B: ConfigurationManager, init=conf: {index: -1, cur=peers:[]|listeners:[], old=null}, confs=<EMPTY_MAP>
2025-05-13 07:43:14,862 [e73312e9-cbe5-44c4-8eb4-8d68b9d9c5af-groupManagement] INFO  server.RaftServerConfigKeys (ConfUtils.java:logGet(46)) - raft.server.notification.no-leader.timeout = 60s (default)
2025-05-13 07:43:14,862 [e73312e9-cbe5-44c4-8eb4-8d68b9d9c5af-groupManagement] INFO  server.RaftServerConfigKeys (ConfUtils.java:logGet(46)) - raft.server.read.timeout = 10s (default)
2025-05-13 07:43:14,862 [e73312e9-cbe5-44c4-8eb4-8d68b9d9c5af-groupManagement] INFO  server.RaftServerConfigKeys (ConfUtils.java:logGet(46)) - raft.server.retrycache.expirytime = 60000ms (default)
2025-05-13 07:43:14,862 [e73312e9-cbe5-44c4-8eb4-8d68b9d9c5af-groupManagement] INFO  server.RaftServerConfigKeys (ConfUtils.java:logGet(46)) - raft.server.retrycache.statistics.expirytime = 100ms (default)
2025-05-13 07:43:14,862 [e73312e9-cbe5-44c4-8eb4-8d68b9d9c5af-groupManagement] INFO  server.RaftServerConfigKeys (ConfUtils.java:logGet(46)) - raft.server.read.option = DEFAULT (default)
2025-05-13 07:43:14,862 [e73312e9-cbe5-44c4-8eb4-8d68b9d9c5af-groupManagement] INFO  server.RaftServerConfigKeys (ConfUtils.java:logGet(46)) - raft.server.read.read-after-write-consistent.write-index-cache.expiry-time = 60s (default)
2025-05-13 07:43:14,865 [e73312e9-cbe5-44c4-8eb4-8d68b9d9c5af-groupManagement] INFO  server.RaftServerConfigKeys (ConfUtils.java:logGet(46)) - raft.server.rpc.request.timeout = 30000ms (custom)
2025-05-13 07:43:14,865 [e73312e9-cbe5-44c4-8eb4-8d68b9d9c5af-groupManagement] INFO  server.RaftServerConfigKeys (ConfUtils.java:logGet(46)) - raft.server.log.appender.install.snapshot.enabled = false (custom)
2025-05-13 07:43:14,865 [e73312e9-cbe5-44c4-8eb4-8d68b9d9c5af-groupManagement] INFO  server.RaftServerConfigKeys (ConfUtils.java:logGet(46)) - raft.server.threadpool.server.cached = true (default)
2025-05-13 07:43:14,865 [e73312e9-cbe5-44c4-8eb4-8d68b9d9c5af-groupManagement] INFO  server.RaftServerConfigKeys (ConfUtils.java:logGet(46)) - raft.server.threadpool.server.size = 0 (default)
2025-05-13 07:43:14,865 [e73312e9-cbe5-44c4-8eb4-8d68b9d9c5af-groupManagement] INFO  server.RaftServerConfigKeys (ConfUtils.java:logGet(46)) - raft.server.threadpool.client.cached = true (default)
2025-05-13 07:43:14,865 [e73312e9-cbe5-44c4-8eb4-8d68b9d9c5af-groupManagement] INFO  server.RaftServerConfigKeys (ConfUtils.java:logGet(46)) - raft.server.threadpool.client.size = 0 (default)
2025-05-13 07:43:14,865 [main] INFO  ha.SCMSnapshotProvider (SCMSnapshotProvider.java:<init>(61)) - Initializing SCM Snapshot Provider
2025-05-13 07:43:14,866 [main] WARN  server.ServerUtils (ServerUtils.java:getDefaultRatisDirectory(304)) - Storage directory for Ratis is not configured. It is a good idea to map this to an SSD disk. Falling back to ozone.metadata.dirs
2025-05-13 07:43:14,866 [main] WARN  ha.SCMHAUtils (SCMHAUtils.java:getSCMRatisSnapshotDirectory(120)) - SCM snapshot dir is not configured. Falling back to ozone.metadata.dirs config
2025-05-13 07:43:14,867 [main] INFO  upgrade.AbstractLayoutVersionManager (AbstractLayoutVersionManager.java:init(80)) - Initializing Layout version manager with metadata layout = HBASE_SUPPORT (version = 8), software layout = HBASE_SUPPORT (version = 8)
2025-05-13 07:43:14,868 [main] INFO  ha.SequenceIdGenerator (SequenceIdGenerator.java:upgradeToSequenceId(355)) - upgrade localId to 115816896921600000
2025-05-13 07:43:14,869 [main] INFO  ha.SequenceIdGenerator (SequenceIdGenerator.java:upgradeToSequenceId(365)) - upgrade delTxnId to 0
2025-05-13 07:43:14,870 [main] INFO  ha.SequenceIdGenerator (SequenceIdGenerator.java:upgradeToSequenceId(382)) - upgrade containerId to 0
2025-05-13 07:43:14,871 [main] INFO  ha.SequenceIdGenerator (SequenceIdGenerator.java:upgradeToCertificateSequenceId(419)) - upgrade CertificateId to 2
2025-05-13 07:43:14,871 [main] INFO  ha.SequenceIdGenerator (SequenceIdGenerator.java:<init>(232)) - Init the HA SequenceIdGenerator.
2025-05-13 07:43:14,871 [main] WARN  server.ServerUtils (ServerUtils.java:sanitizeUserArgs(76)) - ozone.scm.stale.node.interval value = 300000 is larger than max = 100000 based on the key value of ozone.scm.heartbeat.thread.interval, reset to the max value 100000.
2025-05-13 07:43:14,871 [main] WARN  server.ServerUtils (ServerUtils.java:sanitizeUserArgs(76)) - ozone.scm.stale.node.interval value = 300000 is larger than max = 100000 based on the key value of ozone.scm.heartbeat.thread.interval, reset to the max value 100000.
2025-05-13 07:43:14,872 [main] INFO  node.SCMNodeManager (SCMNodeManager.java:<init>(182)) - Entering startup safe mode.
2025-05-13 07:43:14,872 [main] INFO  algorithms.ContainerPlacementPolicyFactory (ContainerPlacementPolicyFactory.java:getPolicyInternal(84)) - Create container placement policy of type org.apache.hadoop.hdds.scm.container.placement.algorithms.SCMContainerPlacementRackAware
2025-05-13 07:43:14,872 [main] INFO  algorithms.ContainerPlacementPolicyFactory (ContainerPlacementPolicyFactory.java:getPolicyInternal(84)) - Create container placement policy of type org.apache.hadoop.hdds.scm.container.placement.algorithms.SCMContainerPlacementRackScatter
2025-05-13 07:43:14,873 [main] INFO  pipeline.PipelineStateManagerImpl (PipelineStateManagerImpl.java:initialize(75)) - No pipeline exists in current db
2025-05-13 07:43:14,873 [main] INFO  algorithms.LeaderChoosePolicyFactory (LeaderChoosePolicyFactory.java:getPolicy(55)) - Create leader choose policy of type org.apache.hadoop.hdds.scm.pipeline.leader.choose.algorithms.MinLeaderCountChoosePolicy
2025-05-13 07:43:14,873 [main] INFO  algorithms.ContainerPlacementPolicyFactory (ContainerPlacementPolicyFactory.java:getPolicyInternal(84)) - Create container placement policy of type org.apache.hadoop.hdds.scm.container.placement.algorithms.SCMContainerPlacementRackScatter
2025-05-13 07:43:14,873 [main] INFO  ha.SCMServiceManager (SCMServiceManager.java:register(42)) - Registering service BackgroundPipelineCreator.
2025-05-13 07:43:14,874 [main] INFO  pipeline.BackgroundPipelineCreator (BackgroundPipelineCreator.java:start(126)) - Starting RatisPipelineUtilsThread.
2025-05-13 07:43:14,874 [main] INFO  BackgroundPipelineScrubber (BackgroundSCMService.java:start(64)) - Starting BackgroundPipelineScrubber Service.
2025-05-13 07:43:14,874 [main] INFO  ha.SCMServiceManager (SCMServiceManager.java:register(42)) - Registering service BackgroundPipelineScrubber.
2025-05-13 07:43:14,874 [main] INFO  ExpiredContainerReplicaOpScrubber (BackgroundSCMService.java:start(64)) - Starting ExpiredContainerReplicaOpScrubber Service.
2025-05-13 07:43:14,875 [main] INFO  ha.SCMServiceManager (SCMServiceManager.java:register(42)) - Registering service ExpiredContainerReplicaOpScrubber.
2025-05-13 07:43:14,875 [main] INFO  algorithms.PipelineChoosePolicyFactory (PipelineChoosePolicyFactory.java:createPipelineChoosePolicyFromClass(78)) - Create pipeline choose policy of type org.apache.hadoop.hdds.scm.pipeline.choose.algorithms.RandomPipelineChoosePolicy
2025-05-13 07:43:14,876 [main] INFO  algorithms.PipelineChoosePolicyFactory (PipelineChoosePolicyFactory.java:createPipelineChoosePolicyFromClass(78)) - Create pipeline choose policy of type org.apache.hadoop.hdds.scm.pipeline.choose.algorithms.RandomPipelineChoosePolicy
2025-05-13 07:43:14,877 [main] INFO  ha.SCMServiceManager (SCMServiceManager.java:register(42)) - Registering service SCMBlockDeletingService.
2025-05-13 07:43:14,877 [main] INFO  replication.ReplicationManager (ReplicationManager.java:start(285)) - Starting Replication Monitor Thread.
2025-05-13 07:43:14,878 [main] INFO  ha.SCMServiceManager (SCMServiceManager.java:register(42)) - Registering service ReplicationManager.
2025-05-13 07:43:14,878 [main] INFO  safemode.RatisContainerSafeModeRule (RatisContainerSafeModeRule.java:initializeRule(160)) - Refreshed Containers with one replica threshold count 0.
2025-05-13 07:43:14,879 [main] INFO  safemode.ECContainerSafeModeRule (ECContainerSafeModeRule.java:initializeRule(205)) - Refreshed Containers with ec n replica threshold count 0.
2025-05-13 07:43:14,879 [main] INFO  safemode.HealthyPipelineSafeModeRule (HealthyPipelineSafeModeRule.java:initializeRule(177)) - Total pipeline count is 0, healthy pipeline threshold count is 0
2025-05-13 07:43:14,879 [main] INFO  safemode.OneReplicaPipelineSafeModeRule (OneReplicaPipelineSafeModeRule.java:initializeRule(190)) - Total pipeline count is 0, pipeline's with at least one datanode reported threshold count is 0
2025-05-13 07:43:14,880 [main] INFO  security.SecretKeyManagerService (SecretKeyManagerService.java:start(143)) - Scheduling rotation checker with interval PT10M
2025-05-13 07:43:14,880 [main] INFO  ha.SCMServiceManager (SCMServiceManager.java:register(42)) - Registering service SecretKeyManagerService.
2025-05-13 07:43:14,881 [main] INFO  keys.KeyStorage (KeyStorage.java:readPublicKey(174)) - Reading public key from /tmp/junit-9293481765410222335/scm-meta/scm/sub-ca/keys/public.pem.
2025-05-13 07:43:14,881 [main] INFO  keys.KeyStorage (KeyStorage.java:readPrivateKey(158)) - Reading private key from /tmp/junit-9293481765410222335/scm-meta/scm/sub-ca/keys/private.pem.
2025-05-13 07:43:14,881 [main] INFO  authority.DefaultCAServer (DefaultCAServer.java:lambda$processVerificationStatus$0(392)) - CertificateServer validation is successful
2025-05-13 07:43:14,882 [main] INFO  keys.KeyStorage (KeyStorage.java:readPublicKey(174)) - Reading public key from /tmp/junit-9293481765410222335/scm-meta/scm/ca/keys/public.pem.
2025-05-13 07:43:14,882 [main] INFO  keys.KeyStorage (KeyStorage.java:readPrivateKey(158)) - Reading private key from /tmp/junit-9293481765410222335/scm-meta/scm/ca/keys/private.pem.
2025-05-13 07:43:14,882 [main] INFO  authority.DefaultCAServer (DefaultCAServer.java:lambda$processVerificationStatus$0(392)) - CertificateServer validation is successful
2025-05-13 07:43:14,883 [main] INFO  server.StorageContainerManager (StorageContainerManager.java:persistPrimarySCMCerts(950)) - Storing sub-ca certificate serialId 2 on primary SCM
2025-05-13 07:43:14,884 [main] INFO  server.SCMCertStore (SCMCertStore.java:storeValidScmCertificate(96)) - Scm certificate 2 for CN=scm-sub@pkrvmberfyhpb9w,OU=e73312e9-cbe5-44c4-8eb4-8d68b9d9c5af,O=784ecb46-c1c0-47aa-bea7-1c8d1734010b,SERIALNUMBER=2 is stored
2025-05-13 07:43:14,884 [main] INFO  server.StorageContainerManager (StorageContainerManager.java:persistPrimarySCMCerts(957)) - Storing root certificate serialId 1
2025-05-13 07:43:14,885 [main] INFO  server.SCMCertStore (SCMCertStore.java:storeValidScmCertificate(96)) - Scm certificate 1 for CN=scm@pkrvmberfyhpb9w,OU=e73312e9-cbe5-44c4-8eb4-8d68b9d9c5af,O=784ecb46-c1c0-47aa-bea7-1c8d1734010b,SERIALNUMBER=1 is stored
2025-05-13 07:43:14,887 [main] INFO  ha.SequenceIdGenerator (SequenceIdGenerator.java:upgradeToCertificateSequenceId(419)) - upgrade CertificateId to 2
2025-05-13 07:43:14,887 [main] INFO  ipc.CallQueueManager (CallQueueManager.java:<init>(93)) - Using callQueue: class java.util.concurrent.LinkedBlockingQueue, queueCapacity: 200, scheduler: class org.apache.hadoop.ipc.DefaultRpcScheduler, ipcBackoff: false, ipcFailOver: false.
2025-05-13 07:43:14,888 [main] INFO  ipc.Server (Server.java:<init>(1438)) - Listener at 0.0.0.0:15017
2025-05-13 07:43:14,888 [Socket Reader #1 for port 15017] INFO  ipc.Server (Server.java:run(1474)) - Starting Socket Reader #1 for port 15017
2025-05-13 07:43:14,889 [main] INFO  server.StorageContainerManager (StorageContainerManager.java:<init>(430)) - SCM start with adminUsers: [om/pkrvmberfyhpb9w.internal.cloudapp.net@EXAMPLE.COM, om]
2025-05-13 07:43:14,889 [main] INFO  ipc.CallQueueManager (CallQueueManager.java:<init>(93)) - Using callQueue: class java.util.concurrent.LinkedBlockingQueue, queueCapacity: 10000, scheduler: class org.apache.hadoop.ipc.DefaultRpcScheduler, ipcBackoff: false, ipcFailOver: false.
2025-05-13 07:43:14,889 [main] INFO  ipc.Server (Server.java:<init>(1438)) - Listener at 0.0.0.0:15015
2025-05-13 07:43:14,890 [Socket Reader #1 for port 15015] INFO  ipc.Server (Server.java:run(1474)) - Starting Socket Reader #1 for port 15015
2025-05-13 07:43:14,890 [Socket Reader #2 for port 15015] INFO  ipc.Server (Server.java:run(1474)) - Starting Socket Reader #2 for port 15015
2025-05-13 07:43:14,890 [Socket Reader #3 for port 15015] INFO  ipc.Server (Server.java:run(1474)) - Starting Socket Reader #3 for port 15015
2025-05-13 07:43:14,890 [Socket Reader #4 for port 15015] INFO  ipc.Server (Server.java:run(1474)) - Starting Socket Reader #4 for port 15015
2025-05-13 07:43:14,891 [Socket Reader #5 for port 15015] INFO  ipc.Server (Server.java:run(1474)) - Starting Socket Reader #5 for port 15015
2025-05-13 07:43:14,891 [Socket Reader #6 for port 15015] INFO  ipc.Server (Server.java:run(1474)) - Starting Socket Reader #6 for port 15015
2025-05-13 07:43:14,891 [Socket Reader #7 for port 15015] INFO  ipc.Server (Server.java:run(1474)) - Starting Socket Reader #7 for port 15015
2025-05-13 07:43:14,891 [Socket Reader #8 for port 15015] INFO  ipc.Server (Server.java:run(1474)) - Starting Socket Reader #8 for port 15015
2025-05-13 07:43:14,891 [Socket Reader #9 for port 15015] INFO  ipc.Server (Server.java:run(1474)) - Starting Socket Reader #9 for port 15015
2025-05-13 07:43:14,891 [Socket Reader #10 for port 15015] INFO  ipc.Server (Server.java:run(1474)) - Starting Socket Reader #10 for port 15015
2025-05-13 07:43:14,892 [main] INFO  ipc.CallQueueManager (CallQueueManager.java:<init>(93)) - Using callQueue: class java.util.concurrent.LinkedBlockingQueue, queueCapacity: 10000, scheduler: class org.apache.hadoop.ipc.DefaultRpcScheduler, ipcBackoff: false, ipcFailOver: false.
2025-05-13 07:43:14,893 [main] INFO  ipc.Server (Server.java:<init>(1438)) - Listener at 0.0.0.0:15016
2025-05-13 07:43:14,893 [Socket Reader #1 for port 15016] INFO  ipc.Server (Server.java:run(1474)) - Starting Socket Reader #1 for port 15016
2025-05-13 07:43:14,893 [Socket Reader #2 for port 15016] INFO  ipc.Server (Server.java:run(1474)) - Starting Socket Reader #2 for port 15016
2025-05-13 07:43:14,893 [Socket Reader #3 for port 15016] INFO  ipc.Server (Server.java:run(1474)) - Starting Socket Reader #3 for port 15016
2025-05-13 07:43:14,894 [Socket Reader #4 for port 15016] INFO  ipc.Server (Server.java:run(1474)) - Starting Socket Reader #4 for port 15016
2025-05-13 07:43:14,894 [Socket Reader #5 for port 15016] INFO  ipc.Server (Server.java:run(1474)) - Starting Socket Reader #5 for port 15016
2025-05-13 07:43:14,894 [Socket Reader #6 for port 15016] INFO  ipc.Server (Server.java:run(1474)) - Starting Socket Reader #6 for port 15016
2025-05-13 07:43:14,895 [Socket Reader #7 for port 15016] INFO  ipc.Server (Server.java:run(1474)) - Starting Socket Reader #7 for port 15016
2025-05-13 07:43:14,895 [Socket Reader #8 for port 15016] INFO  ipc.Server (Server.java:run(1474)) - Starting Socket Reader #8 for port 15016
2025-05-13 07:43:14,895 [Socket Reader #9 for port 15016] INFO  ipc.Server (Server.java:run(1474)) - Starting Socket Reader #9 for port 15016
2025-05-13 07:43:14,895 [Socket Reader #10 for port 15016] INFO  ipc.Server (Server.java:run(1474)) - Starting Socket Reader #10 for port 15016
2025-05-13 07:43:14,896 [main] INFO  ipc.CallQueueManager (CallQueueManager.java:<init>(93)) - Using callQueue: class java.util.concurrent.LinkedBlockingQueue, queueCapacity: 10000, scheduler: class org.apache.hadoop.ipc.DefaultRpcScheduler, ipcBackoff: false, ipcFailOver: false.
2025-05-13 07:43:14,896 [main] INFO  ipc.Server (Server.java:<init>(1438)) - Listener at 0.0.0.0:15014
2025-05-13 07:43:14,897 [Socket Reader #1 for port 15014] INFO  ipc.Server (Server.java:run(1474)) - Starting Socket Reader #1 for port 15014
2025-05-13 07:43:14,897 [Socket Reader #2 for port 15014] INFO  ipc.Server (Server.java:run(1474)) - Starting Socket Reader #2 for port 15014
2025-05-13 07:43:14,897 [Socket Reader #3 for port 15014] INFO  ipc.Server (Server.java:run(1474)) - Starting Socket Reader #3 for port 15014
2025-05-13 07:43:14,897 [Socket Reader #4 for port 15014] INFO  ipc.Server (Server.java:run(1474)) - Starting Socket Reader #4 for port 15014
2025-05-13 07:43:14,898 [Socket Reader #5 for port 15014] INFO  ipc.Server (Server.java:run(1474)) - Starting Socket Reader #5 for port 15014
2025-05-13 07:43:14,898 [Socket Reader #6 for port 15014] INFO  ipc.Server (Server.java:run(1474)) - Starting Socket Reader #6 for port 15014
2025-05-13 07:43:14,898 [Socket Reader #7 for port 15014] INFO  ipc.Server (Server.java:run(1474)) - Starting Socket Reader #7 for port 15014
2025-05-13 07:43:14,898 [Socket Reader #8 for port 15014] INFO  ipc.Server (Server.java:run(1474)) - Starting Socket Reader #8 for port 15014
2025-05-13 07:43:14,898 [Socket Reader #9 for port 15014] INFO  ipc.Server (Server.java:run(1474)) - Starting Socket Reader #9 for port 15014
2025-05-13 07:43:14,899 [Socket Reader #10 for port 15014] INFO  ipc.Server (Server.java:run(1474)) - Starting Socket Reader #10 for port 15014
2025-05-13 07:43:14,905 [main] INFO  ha.SCMServiceManager (SCMServiceManager.java:register(42)) - Registering service ContainerBalancer.
2025-05-13 07:43:14,905 [main] INFO  ha.SCMContext (SCMContext.java:updateSafeModeStatus(224)) - Update SafeModeStatus from SafeModeStatus{safeModeStatus=true, preCheckPassed=false} to SafeModeStatus{safeModeStatus=true, preCheckPassed=false}.
2025-05-13 07:43:14,905 [main] INFO  server.StorageContainerManager (StorageContainerManager.java:start(1507)) - StorageContainerLocationProtocol RPC server is listening at /0.0.0.0:15014
2025-05-13 07:43:14,905 [main] INFO  ha.SCMRatisServerImpl (SCMRatisServerImpl.java:start(203)) - starting ratis server 0.0.0.0:15018
2025-05-13 07:43:14,905 [e73312e9-cbe5-44c4-8eb4-8d68b9d9c5af-impl-thread1] INFO  server.RaftServerConfigKeys (ConfUtils.java:logGet(46)) - raft.server.storage.free-space.min = 0MB (=0) (default)
2025-05-13 07:43:14,905 [e73312e9-cbe5-44c4-8eb4-8d68b9d9c5af-impl-thread1] INFO  server.RaftServerConfigKeys (ConfUtils.java:logGet(46)) - raft.server.log.corruption.policy = EXCEPTION (default)
2025-05-13 07:43:14,906 [e73312e9-cbe5-44c4-8eb4-8d68b9d9c5af-impl-thread1] INFO  server.RaftServerConfigKeys (ConfUtils.java:logGet(46)) - raft.server.storage.dir = [/tmp/junit-9293481765410222335/scm-meta/scm-ha] (custom)
2025-05-13 07:43:14,908 [e73312e9-cbe5-44c4-8eb4-8d68b9d9c5af-impl-thread1] INFO  storage.RaftStorageDirectory (RaftStorageDirectoryImpl.java:tryLock(229)) - Lock on /tmp/junit-9293481765410222335/scm-meta/scm-ha/784ecb46-c1c0-47aa-bea7-1c8d1734010b/in_use.lock acquired by nodename 25269@pkrvmberfyhpb9w
2025-05-13 07:43:14,908 [e73312e9-cbe5-44c4-8eb4-8d68b9d9c5af-impl-thread1] INFO  storage.RaftStorage (RaftStorageImpl.java:analyzeAndRecoverStorage(118)) - Read RaftStorageMetadata{term=1, votedFor=e73312e9-cbe5-44c4-8eb4-8d68b9d9c5af} from /tmp/junit-9293481765410222335/scm-meta/scm-ha/784ecb46-c1c0-47aa-bea7-1c8d1734010b/current/raft-meta
2025-05-13 07:43:14,908 [e73312e9-cbe5-44c4-8eb4-8d68b9d9c5af-impl-thread1] INFO  server.RaftServer$Division (ServerState.java:setRaftConf(386)) - e73312e9-cbe5-44c4-8eb4-8d68b9d9c5af@group-1C8D1734010B: set configuration conf: {index: 0, cur=peers:[e73312e9-cbe5-44c4-8eb4-8d68b9d9c5af|pkrvmberfyhpb9w:15018]|listeners:[], old=null}
2025-05-13 07:43:14,909 [e73312e9-cbe5-44c4-8eb4-8d68b9d9c5af-impl-thread1] INFO  ha.SCMStateMachine (SCMStateMachine.java:lambda$initialize$0(135)) - e73312e9-cbe5-44c4-8eb4-8d68b9d9c5af: initialize group-1C8D1734010B
2025-05-13 07:43:14,909 [e73312e9-cbe5-44c4-8eb4-8d68b9d9c5af-impl-thread1] INFO  server.RaftServerConfigKeys (ConfUtils.java:logGet(46)) - raft.server.log.use.memory = false (default)
2025-05-13 07:43:14,909 [e73312e9-cbe5-44c4-8eb4-8d68b9d9c5af-impl-thread1] INFO  server.RaftServerConfigKeys (ConfUtils.java:logGet(46)) - raft.server.log.purge.gap = 1000000 (custom)
2025-05-13 07:43:14,909 [e73312e9-cbe5-44c4-8eb4-8d68b9d9c5af-impl-thread1] INFO  server.RaftServerConfigKeys (ConfUtils.java:logGet(46)) - raft.server.log.appender.buffer.byte-limit = 4194304 (custom)
2025-05-13 07:43:14,909 [e73312e9-cbe5-44c4-8eb4-8d68b9d9c5af-impl-thread1] INFO  server.RaftServerConfigKeys (ConfUtils.java:logGet(46)) - raft.server.log.statemachine.data.read.timeout = 1000ms (default)
2025-05-13 07:43:14,909 [e73312e9-cbe5-44c4-8eb4-8d68b9d9c5af-impl-thread1] INFO  server.RaftServerConfigKeys (ConfUtils.java:logGet(46)) - raft.server.log.purge.preservation.log.num = 0 (default)
2025-05-13 07:43:14,910 [e73312e9-cbe5-44c4-8eb4-8d68b9d9c5af-impl-thread1] INFO  server.RaftServerConfigKeys (ConfUtils.java:logGet(46)) - raft.server.log.segment.size.max = 4194304 (custom)
2025-05-13 07:43:14,910 [e73312e9-cbe5-44c4-8eb4-8d68b9d9c5af-impl-thread1] INFO  server.RaftServerConfigKeys (ConfUtils.java:logGet(46)) - raft.server.log.segment.cache.num.max = 2 (custom)
2025-05-13 07:43:14,910 [e73312e9-cbe5-44c4-8eb4-8d68b9d9c5af-impl-thread1] INFO  server.RaftServerConfigKeys (ConfUtils.java:logGet(46)) - raft.server.log.segment.cache.size.max = 200MB (=209715200) (default)
2025-05-13 07:43:14,910 [e73312e9-cbe5-44c4-8eb4-8d68b9d9c5af-impl-thread1] INFO  server.RaftServerConfigKeys (ConfUtils.java:logGet(46)) - raft.server.log.appender.buffer.byte-limit = 4194304 (custom)
2025-05-13 07:43:14,912 [e73312e9-cbe5-44c4-8eb4-8d68b9d9c5af-impl-thread1] INFO  util.AwaitToRun (AwaitToRun.java:start(81)) - Thread[#862,e73312e9-cbe5-44c4-8eb4-8d68b9d9c5af@group-1C8D1734010B-cacheEviction-AwaitToRun,5,main] started
2025-05-13 07:43:14,912 [e73312e9-cbe5-44c4-8eb4-8d68b9d9c5af-impl-thread1] INFO  segmented.SegmentedRaftLogWorker (SegmentedRaftLogWorker.java:<init>(188)) - new e73312e9-cbe5-44c4-8eb4-8d68b9d9c5af@group-1C8D1734010B-SegmentedRaftLogWorker for RaftStorageImpl:Storage Directory /tmp/junit-9293481765410222335/scm-meta/scm-ha/784ecb46-c1c0-47aa-bea7-1c8d1734010b
2025-05-13 07:43:14,912 [e73312e9-cbe5-44c4-8eb4-8d68b9d9c5af-impl-thread1] INFO  server.RaftServerConfigKeys (ConfUtils.java:logGet(46)) - raft.server.log.queue.byte-limit = 64MB (=67108864) (default)
2025-05-13 07:43:14,912 [e73312e9-cbe5-44c4-8eb4-8d68b9d9c5af-impl-thread1] INFO  server.RaftServerConfigKeys (ConfUtils.java:logGet(46)) - raft.server.log.queue.element-limit = 4096 (default)
2025-05-13 07:43:14,912 [e73312e9-cbe5-44c4-8eb4-8d68b9d9c5af-impl-thread1] INFO  server.RaftServerConfigKeys (ConfUtils.java:logGet(46)) - raft.server.log.segment.size.max = 4194304 (custom)
2025-05-13 07:43:14,913 [e73312e9-cbe5-44c4-8eb4-8d68b9d9c5af-impl-thread1] INFO  server.RaftServerConfigKeys (ConfUtils.java:logGet(46)) - raft.server.log.preallocated.size = 4194304 (custom)
2025-05-13 07:43:14,913 [e73312e9-cbe5-44c4-8eb4-8d68b9d9c5af-impl-thread1] INFO  server.RaftServerConfigKeys (ConfUtils.java:logGet(46)) - raft.server.log.force.sync.num = 128 (default)
2025-05-13 07:43:14,913 [e73312e9-cbe5-44c4-8eb4-8d68b9d9c5af-impl-thread1] INFO  server.RaftServerConfigKeys (ConfUtils.java:logGet(46)) - raft.server.log.statemachine.data.sync = true (default)
2025-05-13 07:43:14,913 [e73312e9-cbe5-44c4-8eb4-8d68b9d9c5af-impl-thread1] INFO  server.RaftServerConfigKeys (ConfUtils.java:logGet(46)) - raft.server.log.statemachine.data.sync.timeout = 10s (default)
2025-05-13 07:43:14,913 [e73312e9-cbe5-44c4-8eb4-8d68b9d9c5af-impl-thread1] INFO  server.RaftServerConfigKeys (ConfUtils.java:logGet(46)) - raft.server.log.statemachine.data.sync.timeout.retry = -1 (default)
2025-05-13 07:43:14,913 [e73312e9-cbe5-44c4-8eb4-8d68b9d9c5af-impl-thread1] INFO  server.RaftServerConfigKeys (ConfUtils.java:logGet(46)) - raft.server.log.write.buffer.size = 4194312 (custom)
2025-05-13 07:43:14,913 [e73312e9-cbe5-44c4-8eb4-8d68b9d9c5af-impl-thread1] INFO  server.RaftServerConfigKeys (ConfUtils.java:logGet(46)) - raft.server.log.appender.buffer.byte-limit = 4194304 (custom)
2025-05-13 07:43:14,913 [e73312e9-cbe5-44c4-8eb4-8d68b9d9c5af-impl-thread1] INFO  server.RaftServerConfigKeys (ConfUtils.java:logGet(46)) - raft.server.log.unsafe-flush.enabled = false (default)
2025-05-13 07:43:14,913 [e73312e9-cbe5-44c4-8eb4-8d68b9d9c5af-impl-thread1] INFO  server.RaftServerConfigKeys (ConfUtils.java:logGet(46)) - raft.server.log.async-flush.enabled = false (default)
2025-05-13 07:43:14,914 [e73312e9-cbe5-44c4-8eb4-8d68b9d9c5af-impl-thread1] INFO  server.RaftServerConfigKeys (ConfUtils.java:logGet(46)) - raft.server.log.statemachine.data.caching.enabled = false (default)
2025-05-13 07:43:14,914 [e73312e9-cbe5-44c4-8eb4-8d68b9d9c5af-impl-thread1] INFO  server.RaftServer$Division (ServerState.java:setRaftConf(386)) - e73312e9-cbe5-44c4-8eb4-8d68b9d9c5af@group-1C8D1734010B: set configuration conf: {index: 0, cur=peers:[e73312e9-cbe5-44c4-8eb4-8d68b9d9c5af|pkrvmberfyhpb9w:15018]|listeners:[], old=null}
2025-05-13 07:43:14,914 [e73312e9-cbe5-44c4-8eb4-8d68b9d9c5af-impl-thread1] INFO  segmented.LogSegment (LogSegment.java:loadSegment(171)) - Successfully read 1 entries from segment file /tmp/junit-9293481765410222335/scm-meta/scm-ha/784ecb46-c1c0-47aa-bea7-1c8d1734010b/current/log_inprogress_0
2025-05-13 07:43:14,915 [e73312e9-cbe5-44c4-8eb4-8d68b9d9c5af-impl-thread1] INFO  segmented.SegmentedRaftLogWorker (SegmentedRaftLogWorker.java:lambda$new$0(139)) - e73312e9-cbe5-44c4-8eb4-8d68b9d9c5af@group-1C8D1734010B-SegmentedRaftLogWorker: safeCacheEvictIndex: setUnconditionally 0 -> -1
2025-05-13 07:43:14,915 [e73312e9-cbe5-44c4-8eb4-8d68b9d9c5af-impl-thread1] INFO  segmented.BufferedWriteChannel (BufferedWriteChannel.java:open(61)) - open log_inprogress_0 (append) at position 82
2025-05-13 07:43:14,915 [e73312e9-cbe5-44c4-8eb4-8d68b9d9c5af-impl-thread1] INFO  server.RaftServer$Division (RaftServerImpl.java:start(391)) - e73312e9-cbe5-44c4-8eb4-8d68b9d9c5af@group-1C8D1734010B: start as a follower, conf=conf: {index: 0, cur=peers:[e73312e9-cbe5-44c4-8eb4-8d68b9d9c5af|pkrvmberfyhpb9w:15018]|listeners:[], old=null}
2025-05-13 07:43:14,915 [e73312e9-cbe5-44c4-8eb4-8d68b9d9c5af-impl-thread1] INFO  server.RaftServer$Division (RaftServerImpl.java:setRole(378)) - e73312e9-cbe5-44c4-8eb4-8d68b9d9c5af@group-1C8D1734010B: changes role from      null to FOLLOWER at term 1 for startAsFollower
2025-05-13 07:43:14,916 [e73312e9-cbe5-44c4-8eb4-8d68b9d9c5af-impl-thread1] INFO  impl.RoleInfo (RoleInfo.java:updateAndGet(148)) - e73312e9-cbe5-44c4-8eb4-8d68b9d9c5af: start e73312e9-cbe5-44c4-8eb4-8d68b9d9c5af@group-1C8D1734010B-FollowerState
2025-05-13 07:43:14,916 [e73312e9-cbe5-44c4-8eb4-8d68b9d9c5af@group-1C8D1734010B-FollowerState] INFO  server.RaftServerConfigKeys (ConfUtils.java:logFallback(53)) - raft.server.rpc.first-election.timeout.min = 5000ms (fallback to raft.server.rpc.timeout.min)
2025-05-13 07:43:14,917 [e73312e9-cbe5-44c4-8eb4-8d68b9d9c5af@group-1C8D1734010B-FollowerState] INFO  server.RaftServerConfigKeys (ConfUtils.java:logFallback(53)) - raft.server.rpc.first-election.timeout.max = 5200ms (fallback to raft.server.rpc.timeout.max)
2025-05-13 07:43:14,917 [e73312e9-cbe5-44c4-8eb4-8d68b9d9c5af-impl-thread1] INFO  util.JmxRegister (JmxRegister.java:tryRegister(44)) - Successfully registered JMX Bean with object name Ratis:service=RaftServer,group=group-1C8D1734010B,id=e73312e9-cbe5-44c4-8eb4-8d68b9d9c5af
2025-05-13 07:43:14,917 [e73312e9-cbe5-44c4-8eb4-8d68b9d9c5af-impl-thread1] INFO  util.JmxRegister (JmxRegister.java:register(58)) - register mxBean class org.apache.ratis.server.impl.RaftServerJmxAdapter as Ratis:service=RaftServer,group=group-1C8D1734010B,id=e73312e9-cbe5-44c4-8eb4-8d68b9d9c5af
2025-05-13 07:43:14,917 [e73312e9-cbe5-44c4-8eb4-8d68b9d9c5af-impl-thread1] INFO  server.RaftServerConfigKeys (ConfUtils.java:logGet(46)) - raft.server.snapshot.trigger-when-stop.enabled = true (default)
2025-05-13 07:43:14,917 [e73312e9-cbe5-44c4-8eb4-8d68b9d9c5af-impl-thread1] INFO  server.RaftServerConfigKeys (ConfUtils.java:logGet(46)) - raft.server.snapshot.trigger-when-remove.enabled = true (default)
2025-05-13 07:43:14,917 [e73312e9-cbe5-44c4-8eb4-8d68b9d9c5af-impl-thread1] INFO  server.RaftServerConfigKeys (ConfUtils.java:logGet(46)) - raft.server.snapshot.auto.trigger.enabled = true (custom)
2025-05-13 07:43:14,917 [e73312e9-cbe5-44c4-8eb4-8d68b9d9c5af-impl-thread1] INFO  server.RaftServerConfigKeys (ConfUtils.java:logGet(46)) - raft.server.snapshot.auto.trigger.threshold = 1000 (custom)
2025-05-13 07:43:14,917 [e73312e9-cbe5-44c4-8eb4-8d68b9d9c5af-impl-thread1] INFO  server.RaftServerConfigKeys (ConfUtils.java:logGet(46)) - raft.server.snapshot.retention.file.num = -1 (default)
2025-05-13 07:43:14,918 [e73312e9-cbe5-44c4-8eb4-8d68b9d9c5af-impl-thread1] INFO  server.RaftServerConfigKeys (ConfUtils.java:logGet(46)) - raft.server.log.purge.upto.snapshot.index = false (default)
2025-05-13 07:43:14,919 [e73312e9-cbe5-44c4-8eb4-8d68b9d9c5af-impl-thread1] INFO  server.RaftServer$Division (RaftServerImpl.java:start(405)) - e73312e9-cbe5-44c4-8eb4-8d68b9d9c5af@group-1C8D1734010B: Successfully started.
2025-05-13 07:43:14,919 [main] INFO  server.RaftServer (RaftServerProxy.java:startImpl(407)) - e73312e9-cbe5-44c4-8eb4-8d68b9d9c5af: start RPC server
2025-05-13 07:43:14,920 [main] INFO  server.GrpcService (GrpcService.java:startImpl(334)) - e73312e9-cbe5-44c4-8eb4-8d68b9d9c5af: GrpcService started, listening on 15018
2025-05-13 07:43:14,920 [JvmPauseMonitor5] INFO  util.JvmPauseMonitor (JvmPauseMonitor.java:run(146)) - JvmPauseMonitor-e73312e9-cbe5-44c4-8eb4-8d68b9d9c5af: Started
2025-05-13 07:43:14,920 [main] INFO  ha.SCMHAManagerImpl (SCMHAManagerImpl.java:start(131)) -  scm role is FOLLOWER peers [e73312e9-cbe5-44c4-8eb4-8d68b9d9c5af|pkrvmberfyhpb9w:15018]
2025-05-13 07:43:14,920 [main] INFO  ha.InterSCMGrpcService (InterSCMGrpcProtocolService.java:start(98)) - Starting SCM Grpc Service at port 15019
2025-05-13 07:43:14,921 [main] INFO  SCMHATransactionMonitor (BackgroundSCMService.java:start(64)) - Starting SCMHATransactionMonitor Service.
2025-05-13 07:43:14,921 [main] INFO  ha.SCMServiceManager (SCMServiceManager.java:register(42)) - Registering service SCMHATransactionMonitor.
2025-05-13 07:43:14,921 [main] INFO  SCMHATransactionMonitor (BackgroundSCMService.java:start(61)) - SCMHATransactionMonitor Service is already running, skip start.
2025-05-13 07:43:14,923 [main] WARN  impl.MetricsConfig (MetricsConfig.java:loadFirst(138)) - Cannot locate configuration: tried hadoop-metrics2-storagecontainermanager.properties,hadoop-metrics2.properties
2025-05-13 07:43:14,923 [main] INFO  impl.MetricsSystemImpl (MetricsSystemImpl.java:startTimer(378)) - Scheduled Metric snapshot period at 10 second(s).
2025-05-13 07:43:14,924 [main] INFO  impl.MetricsSystemImpl (MetricsSystemImpl.java:start(191)) - StorageContainerManager metrics system started
2025-05-13 07:43:14,933 [main] INFO  impl.MetricsSinkAdapter (MetricsSinkAdapter.java:start(204)) - Sink prometheus started
2025-05-13 07:43:14,933 [main] INFO  impl.MetricsSystemImpl (MetricsSystemImpl.java:registerSink(305)) - Registered sink prometheus
2025-05-13 07:43:14,952 [main] INFO  server.SCMClientProtocolServer (SCMClientProtocolServer.java:start(207)) - RPC server for Client  is listening at /0.0.0.0:15014
2025-05-13 07:43:14,952 [IPC Server Responder] INFO  ipc.Server (Server.java:run(1713)) - IPC Server Responder: starting
2025-05-13 07:43:14,952 [IPC Server listener on 15014] INFO  ipc.Server (Server.java:run(1553)) - IPC Server listener on 15014: starting
2025-05-13 07:43:14,961 [main] INFO  server.StorageContainerManager (StorageContainerManager.java:start(1520)) - ScmBlockLocationProtocol RPC server is listening at /0.0.0.0:15016
2025-05-13 07:43:14,962 [main] INFO  server.SCMBlockProtocolServer (SCMBlockProtocolServer.java:start(166)) - RPC server for Block Protocol is listening at /0.0.0.0:15016
2025-05-13 07:43:14,962 [IPC Server Responder] INFO  ipc.Server (Server.java:run(1713)) - IPC Server Responder: starting
2025-05-13 07:43:14,962 [IPC Server listener on 15016] INFO  ipc.Server (Server.java:run(1553)) - IPC Server listener on 15016: starting
2025-05-13 07:43:14,971 [main] INFO  server.SCMSecurityProtocolServer (SCMSecurityProtocolServer.java:start(503)) - Starting RPC server for SCMSecurityProtocolServer. is listening at /0.0.0.0:15017
2025-05-13 07:43:14,971 [IPC Server Responder] INFO  ipc.Server (Server.java:run(1713)) - IPC Server Responder: starting
2025-05-13 07:43:14,971 [IPC Server listener on 15017] INFO  ipc.Server (Server.java:run(1553)) - IPC Server listener on 15017: starting
2025-05-13 07:43:14,973 [main] INFO  http.BaseHttpServer (BaseHttpServer.java:newHttpServer2BuilderForOzone(229)) - Starting Web-server for scm at: http://0.0.0.0:9876
2025-05-13 07:43:14,973 [main] INFO  http.BaseHttpServer (BaseHttpServer.java:<init>(107)) - Hadoop Security Enabled: true Ozone Security Enabled: true Ozone HTTP Security Enabled: false 
2025-05-13 07:43:14,978 [main] WARN  server.AuthenticationFilter (AuthenticationFilter.java:constructSecretProvider(240)) - Unable to initialize FileSignerSecretProvider, falling back to use random secrets. Reason: Could not read signature secret file: /home/runner/hadoop-http-auth-signature-secret
2025-05-13 07:43:14,981 [main] INFO  http.HttpServer2 (HttpServer2.java:addGlobalFilter(1042)) - Added global filter 'safety' (class=org.apache.hadoop.hdds.server.http.HttpServer2$QuotingInputFilter)
2025-05-13 07:43:14,982 [main] INFO  http.HttpServer2 (HttpServer2.java:addFilter(1018)) - Added filter static_user_filter (class=org.apache.hadoop.http.lib.StaticUserWebFilter$StaticUserFilter) to context scm
2025-05-13 07:43:14,982 [main] INFO  http.HttpServer2 (HttpServer2.java:addFilter(1026)) - Added filter static_user_filter (class=org.apache.hadoop.http.lib.StaticUserWebFilter$StaticUserFilter) to context logs
2025-05-13 07:43:14,982 [main] INFO  http.HttpServer2 (HttpServer2.java:addFilter(1026)) - Added filter static_user_filter (class=org.apache.hadoop.http.lib.StaticUserWebFilter$StaticUserFilter) to context static
2025-05-13 07:43:14,983 [main] INFO  http.BaseHttpServer (BaseHttpServer.java:<init>(195)) - HTTP server of scm uses base directory /tmp/junit-9293481765410222335/scm-meta/webserver
2025-05-13 07:43:14,983 [main] INFO  http.HttpServer2 (HttpServer2.java:bindListener(1242)) - Jetty bound to port 9876
2025-05-13 07:43:14,983 [main] INFO  server.Server (Server.java:doStart(375)) - jetty-9.4.57.v20241219; built: 2025-01-08T21:24:30.412Z; git: df524e6b29271c2e09ba9aea83c18dc9db464a31; jvm 21.0.7+6-LTS
2025-05-13 07:43:14,984 [main] INFO  server.session (DefaultSessionIdManager.java:doStart(334)) - DefaultSessionIdManager workerName=node0
2025-05-13 07:43:14,984 [main] INFO  server.session (DefaultSessionIdManager.java:doStart(339)) - No SessionScavenger set, using defaults
2025-05-13 07:43:14,985 [main] INFO  server.session (HouseKeeper.java:startScavenging(132)) - node0 Scavenging every 600000ms
2025-05-13 07:43:14,985 [main] INFO  handler.ContextHandler (ContextHandler.java:doStart(921)) - Started o.e.j.s.ServletContextHandler@753b0607{logs,/logs,file:///home/runner/work/ozone/ozone/hadoop-ozone/integration-test/target/log,AVAILABLE}
2025-05-13 07:43:14,986 [main] INFO  handler.ContextHandler (ContextHandler.java:doStart(921)) - Started o.e.j.s.ServletContextHandler@7a7ebcf3{static,/static,file:///home/runner/work/ozone/ozone/hadoop-ozone/integration-test/target/test-classes/webapps/static,AVAILABLE}
2025-05-13 07:43:14,993 [main] INFO  handler.ContextHandler (ContextHandler.java:doStart(921)) - Started o.e.j.w.WebAppContext@1eb306f9{scm,/,file:///home/runner/work/ozone/ozone/hadoop-ozone/integration-test/target/test-classes/webapps/scm/,AVAILABLE}{file:/home/runner/work/ozone/ozone/hadoop-ozone/integration-test/target/test-classes/webapps/scm}
2025-05-13 07:43:14,993 [main] INFO  server.AbstractConnector (AbstractConnector.java:doStart(333)) - Started ServerConnector@60648aad{HTTP/1.1, (http/1.1)}{0.0.0.0:9876}
2025-05-13 07:43:14,994 [main] INFO  server.Server (Server.java:doStart(415)) - Started @36964ms
2025-05-13 07:43:14,994 [main] WARN  impl.MetricsSystemImpl (MetricsSystemImpl.java:register(279)) - Sink prometheus already exists!
2025-05-13 07:43:14,994 [main] INFO  http.BaseHttpServer (BaseHttpServer.java:updateConnectorAddress(359)) - HTTP server of scm listening at http://0.0.0.0:9876
2025-05-13 07:43:14,996 [main] WARN  server.ServerUtils (ServerUtils.java:getDBPath(292)) - ozone.om.db.dirs is not configured. We recommend adding this setting. Falling back to ozone.metadata.dirs instead.
2025-05-13 07:43:15,000 [main] INFO  ha.OMHANodeDetails (OMHANodeDetails.java:loadOMHAConfig(113)) - ozone.om.internal.service.id is not defined, falling back to ozone.om.service.ids to find serviceID for OzoneManager if it is HA enabled cluster
2025-05-13 07:43:15,001 [main] INFO  ha.OMHANodeDetails (OMHANodeDetails.java:loadOMHAConfig(224)) - Configuration does not have ozone.om.address set. Falling back to the default OM address pkrvmberfyhpb9w.internal.cloudapp.net/10.1.0.33:15020
2025-05-13 07:43:15,001 [main] INFO  ha.OMHANodeDetails (OMHANodeDetails.java:getOMNodeDetailsForNonHA(252)) - OM Service ID is not set. Setting it to the default ID: omServiceIdDefault
2025-05-13 07:43:15,001 [main] INFO  ha.OMHANodeDetails (OMHANodeDetails.java:getOMNodeDetailsForNonHA(259)) - OM Node ID is not set. Setting it to the default ID: om1
2025-05-13 07:43:15,001 [main] WARN  server.ServerUtils (ServerUtils.java:getDBPath(292)) - ozone.om.db.dirs is not configured. We recommend adding this setting. Falling back to ozone.metadata.dirs instead.
2025-05-13 07:43:15,004 [main] INFO  upgrade.AbstractLayoutVersionManager (AbstractLayoutVersionManager.java:init(80)) - Initializing Layout version manager with metadata layout = DELEGATION_TOKEN_SYMMETRIC_SIGN (version = 8), software layout = DELEGATION_TOKEN_SYMMETRIC_SIGN (version = 8)
2025-05-13 07:43:15,005 [pool-104-thread-1] INFO  request.TgsRequest (TgsRequest.java:issueTicket(117)) - TGS_REQ ISSUE: authtime 1747122195005,om/pkrvmberfyhpb9w.internal.cloudapp.net@EXAMPLE.COM for om/pkrvmberfyhpb9w.internal.cloudapp.net@EXAMPLE.COM
2025-05-13 07:43:15,025 [Socket Reader #1 for port 15017] INFO  ipc.Server (Server.java:saslProcess(2290)) - Auth successful for om/pkrvmberfyhpb9w.internal.cloudapp.net@EXAMPLE.COM (auth:KERBEROS) from 127.0.0.1:37120
2025-05-13 07:43:15,027 [IPC Server handler 0 on default port 15017] INFO  ipc.Server (Server.java:logException(3260)) - IPC Server handler 0 on default port 15017, call Call#6 Retry#0 org.apache.hadoop.hdds.protocol.SCMSecurityProtocol.submitRequest from 127.0.0.1:37120
org.apache.hadoop.hdds.ratis.ServerNotLeaderException: SCM Server:e73312e9-cbe5-44c4-8eb4-8d68b9d9c5af(pkrvmberfyhpb9w.internal.cloudapp.net) is not the leader. Could not determine the leader node.
	at org.apache.hadoop.hdds.ratis.ServerNotLeaderException.convertToNotLeaderException(ServerNotLeaderException.java:106)
	at org.apache.hadoop.hdds.scm.ha.RatisUtil.checkRatisException(RatisUtil.java:248)
	at org.apache.hadoop.hdds.scm.protocol.SCMSecurityProtocolServerSideTranslatorPB.submitRequest(SCMSecurityProtocolServerSideTranslatorPB.java:83)
	at org.apache.hadoop.hdds.protocol.proto.SCMSecurityProtocolProtos$SCMSecurityProtocolService$2.callBlockingMethod(SCMSecurityProtocolProtos.java:18942)
	at org.apache.hadoop.ipc.ProtobufRpcEngine$Server.processCall(ProtobufRpcEngine.java:484)
	at org.apache.hadoop.ipc.ProtobufRpcEngine2$Server$ProtoBufRpcInvoker.call(ProtobufRpcEngine2.java:595)
	at org.apache.hadoop.ipc.ProtobufRpcEngine2$Server$ProtoBufRpcInvoker.call(ProtobufRpcEngine2.java:573)
	at org.apache.hadoop.ipc.RPC$Server.call(RPC.java:1227)
	at org.apache.hadoop.ipc.Server$RpcCall.run(Server.java:1246)
	at org.apache.hadoop.ipc.Server$RpcCall.run(Server.java:1169)
	at java.base/java.security.AccessController.doPrivileged(AccessController.java:714)
	at java.base/javax.security.auth.Subject.doAs(Subject.java:525)
	at org.apache.hadoop.security.UserGroupInformation.doAs(UserGroupInformation.java:1953)
	at org.apache.hadoop.ipc.Server$Handler.run(Server.java:3198)
2025-05-13 07:43:15,075 [main] INFO  reflections.Reflections (Reflections.java:scan(219)) - Reflections took 70 ms to scan 2 urls, producing 207 keys and 618 values
2025-05-13 07:43:15,076 [main] INFO  upgrade.OMLayoutVersionManager (OMLayoutVersionManager.java:lambda$0(110)) - Skipping Upgrade Action QuotaRepairUpgradeAction since it has been finalized.
2025-05-13 07:43:15,076 [main] INFO  upgrade.OMLayoutVersionManager (OMLayoutVersionManager.java:lambda$0(110)) - Skipping Upgrade Action MockOmUpgradeAction since it has been finalized.
2025-05-13 07:43:15,084 [pool-104-thread-1] INFO  request.KdcRequest (KdcRequest.java:preauth(683)) - The preauth data is empty.
2025-05-13 07:43:15,085 [pool-104-thread-1] INFO  server.KdcHandler (KdcHandler.java:handleRecoverableException(177)) - KRB error occurred while processing request: Additional pre-authentication required
2025-05-13 07:43:15,090 [pool-104-thread-1] INFO  request.AsRequest (AsRequest.java:issueTicket(112)) - AS_REQ ISSUE: authtime 1747122195089,om/pkrvmberfyhpb9w.internal.cloudapp.net@EXAMPLE.COM for krbtgt/EXAMPLE.COM@EXAMPLE.COM
2025-05-13 07:43:15,091 [main] INFO  security.UserGroupInformation (UserGroupInformation.java:loginUserFromKeytab(1143)) - Login successful for user om/pkrvmberfyhpb9w.internal.cloudapp.net@EXAMPLE.COM using keytab file om.keytab. Keytab auto renewal enabled : false
2025-05-13 07:43:15,091 [main] INFO  om.OzoneManager (OzoneManager.java:loginOMUser(1308)) - Ozone Manager login successful.
2025-05-13 07:43:15,092 [main] WARN  server.ServerUtils (ServerUtils.java:getDBPath(292)) - ozone.om.db.dirs is not configured. We recommend adding this setting. Falling back to ozone.metadata.dirs instead.
2025-05-13 07:43:15,092 [main] INFO  om.OzoneManager (OzoneManager.java:setReplicationFromConfig(4596)) - Set default replication in OM: RATIS/3 -> RATIS/THREE
2025-05-13 07:43:15,093 [main] INFO  proxy.SCMContainerLocationFailoverProxyProvider (SCMFailoverProxyProviderBase.java:<init>(120)) - Created fail-over proxy for protocol StorageContainerLocationProtocolPB with 1 nodes: [nodeId=scmNodeId,nodeAddress=/0.0.0.0:15014]
2025-05-13 07:43:15,094 [main] INFO  proxy.SCMBlockLocationFailoverProxyProvider (SCMFailoverProxyProviderBase.java:<init>(120)) - Created fail-over proxy for protocol ScmBlockLocationProtocolPB with 1 nodes: [nodeId=scmNodeId,nodeAddress=/0.0.0.0:15016]
2025-05-13 07:43:15,095 [main] INFO  om.OzoneManager (OzoneManager.java:getOmDetailsProto(4941)) - OzoneManager ports added:[name: "RPC"
value: 15020
]
2025-05-13 07:43:15,097 [main] INFO  proxy.SCMSecurityProtocolFailoverProxyProvider (SCMFailoverProxyProviderBase.java:<init>(120)) - Created fail-over proxy for protocol SCMSecurityProtocolPB with 1 nodes: [nodeId=scmNodeId,nodeAddress=/0.0.0.0:15017]
2025-05-13 07:43:15,098 [main] INFO  security.OMCertificateClient (DefaultCertificateClient.java:updateCertSerialId(1289)) - Certificate serial ID set to 9879877970576
2025-05-13 07:43:15,098 [main] WARN  security.OMCertificateClient (DefaultCertificateClient.java:loadAllCertificates(178)) - Certificates could not be loaded.
java.nio.file.NoSuchFileException: /tmp/junit-9293481765410222335/scm-meta/om/certs
	at java.base/sun.nio.fs.UnixException.translateToIOException(UnixException.java:92)
	at java.base/sun.nio.fs.UnixException.asIOException(UnixException.java:115)
	at java.base/sun.nio.fs.UnixFileSystemProvider.newDirectoryStream(UnixFileSystemProvider.java:501)
	at java.base/java.nio.file.Files.newDirectoryStream(Files.java:482)
	at java.base/java.nio.file.Files.list(Files.java:3785)
	at org.apache.hadoop.hdds.security.x509.certificate.client.DefaultCertificateClient.loadAllCertificates(DefaultCertificateClient.java:173)
	at org.apache.hadoop.hdds.security.x509.certificate.client.DefaultCertificateClient.updateCertSerialId(DefaultCertificateClient.java:1290)
	at org.apache.hadoop.hdds.security.x509.certificate.client.DefaultCertificateClient.<init>(DefaultCertificateClient.java:155)
	at org.apache.hadoop.ozone.security.OMCertificateClient.<init>(OMCertificateClient.java:65)
	at org.apache.hadoop.ozone.om.OzoneManager.<init>(OzoneManager.java:646)
	at org.apache.hadoop.ozone.om.OzoneManager.createOm(OzoneManager.java:877)
	at org.apache.hadoop.ozone.TestSecureOzoneCluster.setupOm(TestSecureOzoneCluster.java:716)
	at org.apache.hadoop.ozone.TestSecureOzoneCluster.testDelegationTokenRenewCrossSecretKeyRotation(TestSecureOzoneCluster.java:1171)
	at java.base/jdk.internal.reflect.DirectMethodHandleAccessor.invoke(DirectMethodHandleAccessor.java:103)
	at java.base/java.lang.reflect.Method.invoke(Method.java:580)
	at org.junit.platform.commons.util.ReflectionUtils.invokeMethod(ReflectionUtils.java:775)
	at org.junit.platform.commons.support.ReflectionSupport.invokeMethod(ReflectionSupport.java:479)
	at org.junit.jupiter.engine.execution.MethodInvocation.proceed(MethodInvocation.java:60)
	at org.junit.jupiter.engine.execution.InvocationInterceptorChain$ValidatingInvocation.proceed(InvocationInterceptorChain.java:131)
	at org.junit.jupiter.engine.extension.SameThreadTimeoutInvocation.proceed(SameThreadTimeoutInvocation.java:49)
	at org.junit.jupiter.engine.extension.TimeoutExtension.intercept(TimeoutExtension.java:161)
	at org.junit.jupiter.engine.extension.TimeoutExtension.interceptTestableMethod(TimeoutExtension.java:152)
	at org.junit.jupiter.engine.extension.TimeoutExtension.interceptTestMethod(TimeoutExtension.java:91)
	at org.junit.jupiter.engine.execution.InterceptingExecutableInvoker$ReflectiveInterceptorCall.lambda$ofVoidMethod$0(InterceptingExecutableInvoker.java:112)
	at org.junit.jupiter.engine.execution.InterceptingExecutableInvoker.lambda$invoke$0(InterceptingExecutableInvoker.java:94)
	at org.junit.jupiter.engine.execution.InvocationInterceptorChain$InterceptedInvocation.proceed(InvocationInterceptorChain.java:106)
	at org.junit.jupiter.engine.execution.InvocationInterceptorChain.proceed(InvocationInterceptorChain.java:64)
	at org.junit.jupiter.engine.execution.InvocationInterceptorChain.chainAndInvoke(InvocationInterceptorChain.java:45)
	at org.junit.jupiter.engine.execution.InvocationInterceptorChain.invoke(InvocationInterceptorChain.java:37)
	at org.junit.jupiter.engine.execution.InterceptingExecutableInvoker.invoke(InterceptingExecutableInvoker.java:93)
	at org.junit.jupiter.engine.execution.InterceptingExecutableInvoker.invoke(InterceptingExecutableInvoker.java:87)
	at org.junit.jupiter.engine.descriptor.TestMethodTestDescriptor.lambda$invokeTestMethod$7(TestMethodTestDescriptor.java:216)
	at org.junit.platform.engine.support.hierarchical.ThrowableCollector.execute(ThrowableCollector.java:73)
	at org.junit.jupiter.engine.descriptor.TestMethodTestDescriptor.invokeTestMethod(TestMethodTestDescriptor.java:212)
	at org.junit.jupiter.engine.descriptor.TestMethodTestDescriptor.execute(TestMethodTestDescriptor.java:137)
	at org.junit.jupiter.engine.descriptor.TestMethodTestDescriptor.execute(TestMethodTestDescriptor.java:69)
	at org.junit.platform.engine.support.hierarchical.NodeTestTask.lambda$executeRecursively$6(NodeTestTask.java:156)
	at org.junit.platform.engine.support.hierarchical.ThrowableCollector.execute(ThrowableCollector.java:73)
	at org.junit.platform.engine.support.hierarchical.NodeTestTask.lambda$executeRecursively$8(NodeTestTask.java:146)
	at org.junit.platform.engine.support.hierarchical.Node.around(Node.java:137)
	at org.junit.platform.engine.support.hierarchical.NodeTestTask.lambda$executeRecursively$9(NodeTestTask.java:144)
	at org.junit.platform.engine.support.hierarchical.ThrowableCollector.execute(ThrowableCollector.java:73)
	at org.junit.platform.engine.support.hierarchical.NodeTestTask.executeRecursively(NodeTestTask.java:143)
	at org.junit.platform.engine.support.hierarchical.NodeTestTask.execute(NodeTestTask.java:100)
	at java.base/java.util.ArrayList.forEach(ArrayList.java:1596)
	at org.junit.platform.engine.support.hierarchical.SameThreadHierarchicalTestExecutorService.invokeAll(SameThreadHierarchicalTestExecutorService.java:41)
	at org.junit.platform.engine.support.hierarchical.NodeTestTask.lambda$executeRecursively$6(NodeTestTask.java:160)
	at org.junit.platform.engine.support.hierarchical.ThrowableCollector.execute(ThrowableCollector.java:73)
	at org.junit.platform.engine.support.hierarchical.NodeTestTask.lambda$executeRecursively$8(NodeTestTask.java:146)
	at org.junit.platform.engine.support.hierarchical.Node.around(Node.java:137)
	at org.junit.platform.engine.support.hierarchical.NodeTestTask.lambda$executeRecursively$9(NodeTestTask.java:144)
	at org.junit.platform.engine.support.hierarchical.ThrowableCollector.execute(ThrowableCollector.java:73)
	at org.junit.platform.engine.support.hierarchical.NodeTestTask.executeRecursively(NodeTestTask.java:143)
	at org.junit.platform.engine.support.hierarchical.NodeTestTask.execute(NodeTestTask.java:100)
	at java.base/java.util.ArrayList.forEach(ArrayList.java:1596)
	at org.junit.platform.engine.support.hierarchical.SameThreadHierarchicalTestExecutorService.invokeAll(SameThreadHierarchicalTestExecutorService.java:41)
	at org.junit.platform.engine.support.hierarchical.NodeTestTask.lambda$executeRecursively$6(NodeTestTask.java:160)
	at org.junit.platform.engine.support.hierarchical.ThrowableCollector.execute(ThrowableCollector.java:73)
	at org.junit.platform.engine.support.hierarchical.NodeTestTask.lambda$executeRecursively$8(NodeTestTask.java:146)
	at org.junit.platform.engine.support.hierarchical.Node.around(Node.java:137)
	at org.junit.platform.engine.support.hierarchical.NodeTestTask.lambda$executeRecursively$9(NodeTestTask.java:144)
	at org.junit.platform.engine.support.hierarchical.ThrowableCollector.execute(ThrowableCollector.java:73)
	at org.junit.platform.engine.support.hierarchical.NodeTestTask.executeRecursively(NodeTestTask.java:143)
	at org.junit.platform.engine.support.hierarchical.NodeTestTask.execute(NodeTestTask.java:100)
	at org.junit.platform.engine.support.hierarchical.SameThreadHierarchicalTestExecutorService.submit(SameThreadHierarchicalTestExecutorService.java:35)
	at org.junit.platform.engine.support.hierarchical.HierarchicalTestExecutor.execute(HierarchicalTestExecutor.java:57)
	at org.junit.platform.engine.support.hierarchical.HierarchicalTestEngine.execute(HierarchicalTestEngine.java:54)
	at org.junit.platform.launcher.core.EngineExecutionOrchestrator.execute(EngineExecutionOrchestrator.java:201)
	at org.junit.platform.launcher.core.EngineExecutionOrchestrator.execute(EngineExecutionOrchestrator.java:170)
	at org.junit.platform.launcher.core.EngineExecutionOrchestrator.execute(EngineExecutionOrchestrator.java:94)
	at org.junit.platform.launcher.core.EngineExecutionOrchestrator.lambda$execute$0(EngineExecutionOrchestrator.java:59)
	at org.junit.platform.launcher.core.EngineExecutionOrchestrator.withInterceptedStreams(EngineExecutionOrchestrator.java:142)
	at org.junit.platform.launcher.core.EngineExecutionOrchestrator.execute(EngineExecutionOrchestrator.java:58)
	at org.junit.platform.launcher.core.DefaultLauncher.execute(DefaultLauncher.java:103)
	at org.junit.platform.launcher.core.DefaultLauncher.execute(DefaultLauncher.java:85)
	at org.junit.platform.launcher.core.DelegatingLauncher.execute(DelegatingLauncher.java:47)
	at org.junit.platform.launcher.core.InterceptingLauncher.lambda$execute$1(InterceptingLauncher.java:39)
	at org.junit.platform.launcher.core.ClasspathAlignmentCheckingLauncherInterceptor.intercept(ClasspathAlignmentCheckingLauncherInterceptor.java:25)
	at org.junit.platform.launcher.core.InterceptingLauncher.execute(InterceptingLauncher.java:38)
	at org.junit.platform.launcher.core.DelegatingLauncher.execute(DelegatingLauncher.java:47)
	at org.apache.maven.surefire.junitplatform.LazyLauncher.execute(LazyLauncher.java:56)
	at org.apache.maven.surefire.junitplatform.JUnitPlatformProvider.execute(JUnitPlatformProvider.java:184)
	at org.apache.maven.surefire.junitplatform.JUnitPlatformProvider.invokeAllTests(JUnitPlatformProvider.java:148)
	at org.apache.maven.surefire.junitplatform.JUnitPlatformProvider.invoke(JUnitPlatformProvider.java:120)
	at org.apache.maven.surefire.booter.ForkedBooter.runSuitesInProcess(ForkedBooter.java:385)
	at org.apache.maven.surefire.booter.ForkedBooter.execute(ForkedBooter.java:162)
	at org.apache.maven.surefire.booter.ForkedBooter.run(ForkedBooter.java:507)
	at org.apache.maven.surefire.booter.ForkedBooter.main(ForkedBooter.java:495)
2025-05-13 07:43:15,101 [main] INFO  proxy.SecretKeyProtocolFailoverProxyProvider (SCMFailoverProxyProviderBase.java:<init>(120)) - Created fail-over proxy for protocol SecretKeyProtocolOmPB with 1 nodes: [nodeId=scmNodeId,nodeAddress=/0.0.0.0:15017]
2025-05-13 07:43:15,108 [main] INFO  symmetric.DefaultSecretKeyVerifierClient (DefaultSecretKeyVerifierClient.java:<init>(76)) - Initializing secret key cache with size 16, TTL PT168H
2025-05-13 07:43:15,111 [main] INFO  om.OzoneManager (OzoneManager.java:<init>(670)) - OM start with adminUsers: [om/pkrvmberfyhpb9w.internal.cloudapp.net@EXAMPLE.COM, om]
2025-05-13 07:43:15,112 [main] WARN  server.ServerUtils (ServerUtils.java:getDBPath(292)) - ozone.om.db.dirs is not configured. We recommend adding this setting. Falling back to ozone.metadata.dirs instead.
2025-05-13 07:43:15,269 [main] INFO  om.OzoneManager (OzoneManager.java:instantiateServices(914)) - S3 Multi-Tenancy is disabled
2025-05-13 07:43:15,271 [main] INFO  security.OzoneSecretStore (OzoneSecretStore.java:loadState(70)) - Loaded 0 tokens
2025-05-13 07:43:15,271 [main] INFO  security.OzoneDelegationTokenSecretManager (OzoneDelegationTokenSecretManager.java:loadTokenSecretState(513)) - Loading token state into token manager.
2025-05-13 07:43:15,271 [main] INFO  om.OmSnapshotManager (OmSnapshotManager.java:<init>(187)) - Ozone filesystem snapshot feature is enabled.
2025-05-13 07:43:15,271 [main] WARN  server.ServerUtils (ServerUtils.java:getDBPath(292)) - ozone.om.snapshot.diff.db.dir is not configured. We recommend adding this setting. Falling back to ozone.metadata.dirs instead.
2025-05-13 07:43:15,291 [main] INFO  om.OzoneManager (OzoneManager.java:addS3GVolumeToDB(4654)) - Created Volume s3v With Owner om required for S3Gateway operations.
2025-05-13 07:43:15,291 [main] WARN  server.ServerUtils (ServerUtils.java:getDefaultRatisDirectory(304)) - Storage directory for Ratis is not configured. It is a good idea to map this to an SSD disk. Falling back to ozone.metadata.dirs
2025-05-13 07:43:15,291 [main] WARN  utils.OzoneManagerRatisUtils (OzoneManagerRatisUtils.java:getOMRatisSnapshotDirectory(488)) - ozone.om.ratis.snapshot.dir is not configured. Falling back to ozone.metadata.dirs config
2025-05-13 07:43:15,291 [main] WARN  dropwizard3.Dm3MetricRegistriesImpl (Dm3MetricRegistriesImpl.java:addReporterRegistration(114)) - New reporters are added after registries were created. Some metrics will be missing from the reporter. Please add reporter before adding any new registry.
2025-05-13 07:43:15,292 [main] WARN  dropwizard3.Dm3MetricRegistriesImpl (Dm3MetricRegistriesImpl.java:addReporterRegistration(114)) - New reporters are added after registries were created. Some metrics will be missing from the reporter. Please add reporter before adding any new registry.
2025-05-13 07:43:15,292 [main] WARN  server.ServerUtils (ServerUtils.java:getDefaultRatisDirectory(304)) - Storage directory for Ratis is not configured. It is a good idea to map this to an SSD disk. Falling back to ozone.metadata.dirs
2025-05-13 07:43:15,292 [main] INFO  server.RaftServerConfigKeys (ConfUtils.java:logGet(46)) - raft.server.log.appender.buffer.byte-limit = 4194304 (custom)
2025-05-13 07:43:15,294 [main] INFO  ratis.OzoneManagerRatisServer (OzoneManagerRatisServer.java:<init>(167)) - Instantiating OM Ratis server with groupID: omServiceIdDefault and peers: pkrvmberfyhpb9w.internal.cloudapp.net:9872
2025-05-13 07:43:15,294 [main] INFO  ratis.OzoneManagerStateMachine (OzoneManagerStateMachine.java:loadSnapshotInfoFromDB(618)) - TransactionInfo not found in OM DB.
2025-05-13 07:43:15,294 [main] INFO  server.RaftServer (ConfUtils.java:logGet(46)) - raft.rpc.type = GRPC (default)
2025-05-13 07:43:15,295 [main] INFO  grpc.GrpcConfigKeys (ConfUtils.java:logFallback(53)) - raft.grpc.admin.host = null (fallback to raft.grpc.server.host)
2025-05-13 07:43:15,295 [main] INFO  grpc.GrpcConfigKeys (ConfUtils.java:logFallback(53)) - raft.grpc.admin.port = 9872 (fallback to raft.grpc.server.port)
2025-05-13 07:43:15,295 [main] INFO  grpc.GrpcConfigKeys (ConfUtils.java:logFallback(53)) - raft.grpc.client.host = null (fallback to raft.grpc.server.host)
2025-05-13 07:43:15,295 [main] INFO  grpc.GrpcConfigKeys (ConfUtils.java:logFallback(53)) - raft.grpc.client.port = 9872 (fallback to raft.grpc.server.port)
2025-05-13 07:43:15,295 [main] INFO  grpc.GrpcConfigKeys (ConfUtils.java:logGet(46)) - raft.grpc.server.host = null (default)
2025-05-13 07:43:15,295 [main] INFO  grpc.GrpcConfigKeys (ConfUtils.java:logGet(46)) - raft.grpc.server.port = 9872 (custom)
2025-05-13 07:43:15,295 [main] INFO  server.GrpcService (ConfUtils.java:logGet(46)) - raft.grpc.message.size.max = 5242880 (custom)
2025-05-13 07:43:15,295 [main] INFO  server.GrpcService (ConfUtils.java:logGet(46)) - raft.grpc.flow.control.window = 1MB (=1048576) (default)
2025-05-13 07:43:15,295 [main] INFO  server.RaftServerConfigKeys (ConfUtils.java:logGet(46)) - raft.server.rpc.request.timeout = 3000ms (default)
2025-05-13 07:43:15,296 [main] INFO  grpc.GrpcConfigKeys (ConfUtils.java:logGet(46)) - raft.grpc.server.heartbeat.channel = true (default)
2025-05-13 07:43:15,296 [main] INFO  server.RaftServerConfigKeys (ConfUtils.java:logGet(46)) - raft.server.log.appender.buffer.byte-limit = 4194304 (custom)
2025-05-13 07:43:15,296 [main] INFO  grpc.GrpcConfigKeys (ConfUtils.java:logGet(46)) - raft.grpc.server.async.request.thread.pool.cached = true (default)
2025-05-13 07:43:15,296 [main] INFO  grpc.GrpcConfigKeys (ConfUtils.java:logGet(46)) - raft.grpc.server.async.request.thread.pool.size = 32 (default)
2025-05-13 07:43:15,297 [main] INFO  impl.DataStreamServerImpl (ConfUtils.java:logGet(46)) - raft.datastream.type = DISABLED (default)
2025-05-13 07:43:15,297 [main] INFO  server.RaftServerConfigKeys (ConfUtils.java:logGet(46)) - raft.server.sleep.deviation.threshold = 300ms (default)
2025-05-13 07:43:15,297 [main] INFO  server.RaftServerConfigKeys (ConfUtils.java:logGet(46)) - raft.server.close.threshold = 60s (default)
2025-05-13 07:43:15,297 [main] INFO  server.RaftServerConfigKeys (ConfUtils.java:logGet(46)) - raft.server.leaderelection.leader.step-down.wait-time = 10s (default)
2025-05-13 07:43:15,297 [main] INFO  server.RaftServerConfigKeys (ConfUtils.java:logGet(46)) - raft.server.storage.dir = [/tmp/junit-9293481765410222335/scm-meta/ratis] (custom)
2025-05-13 07:43:15,297 [main] INFO  server.RaftServerConfigKeys (ConfUtils.java:logGet(46)) - raft.server.threadpool.proxy.cached = true (default)
2025-05-13 07:43:15,298 [main] INFO  server.RaftServerConfigKeys (ConfUtils.java:logGet(46)) - raft.server.threadpool.proxy.size = 0 (default)
2025-05-13 07:43:15,298 [main] INFO  server.RaftServer (RaftServerProxy.java:addNew(100)) - om1: addNew group-C5BA1605619E:[om1|pkrvmberfyhpb9w.internal.cloudapp.net:9872] returns group-C5BA1605619E:java.util.concurrent.CompletableFuture@10ed3435[Not completed]
2025-05-13 07:43:15,298 [om1-groupManagement] INFO  server.RaftServer$Division (RaftServerImpl.java:<init>(255)) - om1: new RaftServerImpl for group-C5BA1605619E:[om1|pkrvmberfyhpb9w.internal.cloudapp.net:9872] with OzoneManagerStateMachine:uninitialized
2025-05-13 07:43:15,298 [main] INFO  om.OzoneManager (OzoneManager.java:initializeRatisServer(2284)) - OzoneManager Ratis server initialized at port 9872
2025-05-13 07:43:15,298 [om1-groupManagement] INFO  server.RaftServerConfigKeys (ConfUtils.java:logGet(46)) - raft.server.rpc.timeout.min = 5s (custom)
2025-05-13 07:43:15,298 [main] INFO  om.OzoneManager (OzoneManager.java:getRpcServer(1340)) - Creating RPC Server
2025-05-13 07:43:15,298 [om1-groupManagement] INFO  server.RaftServerConfigKeys (ConfUtils.java:logGet(46)) - raft.server.rpc.timeout.max = 5200ms (custom)
2025-05-13 07:43:15,299 [om1-groupManagement] INFO  server.RaftServerConfigKeys (ConfUtils.java:logGet(46)) - raft.server.rpc.sleep.time = 25ms (default)
2025-05-13 07:43:15,299 [om1-groupManagement] INFO  server.RaftServerConfigKeys (ConfUtils.java:logGet(46)) - raft.server.rpc.slowness.timeout = 120s (custom)
2025-05-13 07:43:15,299 [om1-groupManagement] INFO  server.RaftServerConfigKeys (ConfUtils.java:logGet(46)) - raft.server.leaderelection.leader.step-down.wait-time = 10s (default)
2025-05-13 07:43:15,299 [om1-groupManagement] INFO  server.RaftServerConfigKeys (ConfUtils.java:logGet(46)) - raft.server.leaderelection.member.majority-add = false (default)
2025-05-13 07:43:15,299 [om1-groupManagement] INFO  server.RaftServerConfigKeys (ConfUtils.java:logGet(46)) - raft.server.sleep.deviation.threshold = 300ms (default)
2025-05-13 07:43:15,299 [om1-groupManagement] INFO  server.RaftServer$Division (ServerState.java:<init>(114)) - om1@group-C5BA1605619E: ConfigurationManager, init=conf: {index: -1, cur=peers:[om1|pkrvmberfyhpb9w.internal.cloudapp.net:9872]|listeners:[], old=null}, confs=<EMPTY_MAP>
2025-05-13 07:43:15,299 [om1-groupManagement] INFO  server.RaftServerConfigKeys (ConfUtils.java:logGet(46)) - raft.server.notification.no-leader.timeout = 120s (custom)
2025-05-13 07:43:15,299 [om1-groupManagement] INFO  server.RaftServerConfigKeys (ConfUtils.java:logGet(46)) - raft.server.read.timeout = 10s (default)
2025-05-13 07:43:15,299 [om1-groupManagement] INFO  server.RaftServerConfigKeys (ConfUtils.java:logGet(46)) - raft.server.retrycache.expirytime = 300s (custom)
2025-05-13 07:43:15,299 [om1-groupManagement] INFO  server.RaftServerConfigKeys (ConfUtils.java:logGet(46)) - raft.server.retrycache.statistics.expirytime = 100ms (default)
2025-05-13 07:43:15,299 [om1-groupManagement] INFO  server.RaftServerConfigKeys (ConfUtils.java:logGet(46)) - raft.server.read.option = DEFAULT (default)
2025-05-13 07:43:15,299 [om1-groupManagement] INFO  server.RaftServerConfigKeys (ConfUtils.java:logGet(46)) - raft.server.read.read-after-write-consistent.write-index-cache.expiry-time = 60s (default)
2025-05-13 07:43:15,300 [om1-groupManagement] INFO  server.RaftServerConfigKeys (ConfUtils.java:logGet(46)) - raft.server.rpc.request.timeout = 3000ms (default)
2025-05-13 07:43:15,300 [om1-groupManagement] INFO  server.RaftServerConfigKeys (ConfUtils.java:logGet(46)) - raft.server.log.appender.install.snapshot.enabled = false (custom)
2025-05-13 07:43:15,300 [om1-groupManagement] INFO  server.RaftServerConfigKeys (ConfUtils.java:logGet(46)) - raft.server.threadpool.server.cached = true (default)
2025-05-13 07:43:15,300 [om1-groupManagement] INFO  server.RaftServerConfigKeys (ConfUtils.java:logGet(46)) - raft.server.threadpool.server.size = 0 (default)
2025-05-13 07:43:15,300 [om1-groupManagement] INFO  server.RaftServerConfigKeys (ConfUtils.java:logGet(46)) - raft.server.threadpool.client.cached = true (default)
2025-05-13 07:43:15,300 [om1-groupManagement] INFO  server.RaftServerConfigKeys (ConfUtils.java:logGet(46)) - raft.server.threadpool.client.size = 0 (default)
2025-05-13 07:43:15,728 [main] INFO  reflections.Reflections (Reflections.java:scan(219)) - Reflections took 429 ms to scan 24 urls, producing 60 keys and 7515 values
2025-05-13 07:43:15,731 [main] INFO  ipc.CallQueueManager (CallQueueManager.java:<init>(93)) - Using callQueue: class java.util.concurrent.LinkedBlockingQueue, queueCapacity: 2000, scheduler: class org.apache.hadoop.ipc.DefaultRpcScheduler, ipcBackoff: false, ipcFailOver: false.
2025-05-13 07:43:15,732 [main] INFO  server.StorageContainerManager (StorageContainerManager.java:stop(1608)) - Container Balancer is not running.
2025-05-13 07:43:15,732 [main] INFO  server.StorageContainerManager (StorageContainerManager.java:stopReplicationManager(1742)) - Stopping Replication Manager Service.
2025-05-13 07:43:15,732 [main] INFO  replication.ReplicationManager (ReplicationManager.java:stop(316)) - Stopping Replication Monitor Thread.
2025-05-13 07:43:15,732 [UnderReplicatedProcessor] WARN  replication.UnhealthyReplicationProcessor (UnhealthyReplicationProcessor.java:run(178)) - UnderReplicatedProcessor interrupted. Exiting...
2025-05-13 07:43:15,732 [ReplicationMonitor] INFO  replication.ReplicationManager (ReplicationManager.java:run(936)) - Replication Monitor Thread is stopped
2025-05-13 07:43:15,732 [OverReplicatedProcessor] WARN  replication.UnhealthyReplicationProcessor (UnhealthyReplicationProcessor.java:run(178)) - OverReplicatedProcessor interrupted. Exiting...
2025-05-13 07:43:15,732 [main] INFO  server.StorageContainerManager (StorageContainerManager.java:stop(1617)) - Stopping the Datanode Admin Monitor.
2025-05-13 07:43:15,733 [main] INFO  server.StorageContainerManager (StorageContainerManager.java:stop(1624)) - Stopping datanode service RPC server
2025-05-13 07:43:15,733 [main] INFO  server.SCMDatanodeProtocolServer (SCMDatanodeProtocolServer.java:stop(447)) - Stopping the RPC server for DataNodes
2025-05-13 07:43:15,733 [main] INFO  ipc.Server (Server.java:stop(3697)) - Stopping server on 15015
2025-05-13 07:43:15,776 [SCMHeartbeatProcessor-0] WARN  node.NodeStateManager (NodeStateManager.java:scheduleNextHealthCheck(909)) - Current Thread is interrupted, shutting down HB processing thread for Node Manager.
2025-05-13 07:43:15,777 [main] INFO  server.StorageContainerManager (StorageContainerManager.java:stop(1632)) - Stopping block service RPC server
2025-05-13 07:43:15,777 [main] INFO  server.SCMBlockProtocolServer (SCMBlockProtocolServer.java:stop(175)) - Stopping the RPC server for Block Protocol
2025-05-13 07:43:15,777 [main] INFO  ipc.Server (Server.java:stop(3697)) - Stopping server on 15016
2025-05-13 07:43:15,780 [IPC Server listener on 15016] INFO  ipc.Server (Server.java:run(1585)) - Stopping IPC Server listener on 15016
2025-05-13 07:43:15,781 [main] INFO  server.StorageContainerManager (StorageContainerManager.java:stop(1639)) - Stopping the StorageContainerLocationProtocol RPC server
2025-05-13 07:43:15,781 [main] INFO  server.SCMClientProtocolServer (SCMClientProtocolServer.java:stop(216)) - Stopping the RPC server for Client Protocol
2025-05-13 07:43:15,781 [main] INFO  ipc.Server (Server.java:stop(3697)) - Stopping server on 15014
2025-05-13 07:43:15,781 [IPC Server Responder] INFO  ipc.Server (Server.java:run(1718)) - Stopping IPC Server Responder
2025-05-13 07:43:15,786 [IPC Server listener on 15014] INFO  ipc.Server (Server.java:run(1585)) - Stopping IPC Server listener on 15014
2025-05-13 07:43:15,786 [IPC Server Responder] INFO  ipc.Server (Server.java:run(1718)) - Stopping IPC Server Responder
2025-05-13 07:43:15,787 [main] INFO  server.StorageContainerManager (StorageContainerManager.java:stop(1646)) - Stopping Storage Container Manager HTTP server.
2025-05-13 07:43:15,787 [main] INFO  handler.ContextHandler (ContextHandler.java:doStop(1159)) - Stopped o.e.j.w.WebAppContext@1eb306f9{scm,/,null,STOPPED}{file:/home/runner/work/ozone/ozone/hadoop-ozone/integration-test/target/test-classes/webapps/scm}
2025-05-13 07:43:15,788 [main] INFO  server.AbstractConnector (AbstractConnector.java:doStop(383)) - Stopped ServerConnector@60648aad{HTTP/1.1, (http/1.1)}{0.0.0.0:9876}
2025-05-13 07:43:15,789 [main] INFO  server.session (HouseKeeper.java:stopScavenging(149)) - node0 Stopped scavenging
2025-05-13 07:43:15,789 [main] INFO  handler.ContextHandler (ContextHandler.java:doStop(1159)) - Stopped o.e.j.s.ServletContextHandler@7a7ebcf3{static,/static,file:///home/runner/work/ozone/ozone/hadoop-ozone/integration-test/target/test-classes/webapps/static,STOPPED}
2025-05-13 07:43:15,789 [main] INFO  handler.ContextHandler (ContextHandler.java:doStop(1159)) - Stopped o.e.j.s.ServletContextHandler@753b0607{logs,/logs,file:///home/runner/work/ozone/ozone/hadoop-ozone/integration-test/target/log,STOPPED}
2025-05-13 07:43:15,790 [main] INFO  server.StorageContainerManager (StorageContainerManager.java:stop(1654)) - Stopping SCM LayoutVersionManager Service.
2025-05-13 07:43:15,790 [main] INFO  server.SCMSecurityProtocolServer (SCMSecurityProtocolServer.java:stop(510)) - Stopping the SCMSecurityProtocolServer.
2025-05-13 07:43:15,790 [main] INFO  ipc.Server (Server.java:stop(3697)) - Stopping server on 15017
2025-05-13 07:43:15,790 [IPC Server listener on 15017] INFO  ipc.Server (Server.java:run(1585)) - Stopping IPC Server listener on 15017
2025-05-13 07:43:15,791 [main] INFO  server.StorageContainerManager (StorageContainerManager.java:stop(1666)) - Stopping Block Manager Service.
2025-05-13 07:43:15,791 [main] INFO  utils.BackgroundService (BackgroundService.java:shutdown(160)) - Shutting down service SCMBlockDeletingService
2025-05-13 07:43:15,791 [IPC Server Responder] INFO  ipc.Server (Server.java:run(1718)) - Stopping IPC Server Responder
2025-05-13 07:43:15,791 [main] INFO  utils.BackgroundService (BackgroundService.java:shutdown(160)) - Shutting down service SCMBlockDeletingService
2025-05-13 07:43:15,791 [main] INFO  server.StorageContainerManager (StorageContainerManager.java:stop(1691)) - Stopping SCM Event Queue.
2025-05-13 07:43:15,792 [main] INFO  server.StorageContainerManager (StorageContainerManager.java:stop(1698)) - Stopping SCM HA services.
2025-05-13 07:43:15,792 [main] INFO  ha.SCMRatisServerImpl (SCMRatisServerImpl.java:stop(266)) - stopping ratis server 0.0.0.0:15018
2025-05-13 07:43:15,792 [main] INFO  server.RaftServer (RaftServerProxy.java:lambda$close$9(417)) - e73312e9-cbe5-44c4-8eb4-8d68b9d9c5af: close
2025-05-13 07:43:15,793 [main] INFO  server.GrpcService (GrpcService.java:closeImpl(343)) - e73312e9-cbe5-44c4-8eb4-8d68b9d9c5af: shutdown server GrpcServerProtocolService now
2025-05-13 07:43:15,793 [e73312e9-cbe5-44c4-8eb4-8d68b9d9c5af-impl-thread1] INFO  server.RaftServer$Division (RaftServerImpl.java:lambda$close$1(513)) - e73312e9-cbe5-44c4-8eb4-8d68b9d9c5af@group-1C8D1734010B: shutdown
2025-05-13 07:43:15,793 [e73312e9-cbe5-44c4-8eb4-8d68b9d9c5af-impl-thread1] INFO  util.JmxRegister (JmxRegister.java:unregister(74)) - Successfully un-registered JMX Bean with object name Ratis:service=RaftServer,group=group-1C8D1734010B,id=e73312e9-cbe5-44c4-8eb4-8d68b9d9c5af
2025-05-13 07:43:15,793 [e73312e9-cbe5-44c4-8eb4-8d68b9d9c5af-impl-thread1] INFO  impl.RoleInfo (RoleInfo.java:shutdownFollowerState(121)) - e73312e9-cbe5-44c4-8eb4-8d68b9d9c5af: shutdown e73312e9-cbe5-44c4-8eb4-8d68b9d9c5af@group-1C8D1734010B-FollowerState
2025-05-13 07:43:15,793 [e73312e9-cbe5-44c4-8eb4-8d68b9d9c5af-impl-thread1] INFO  impl.StateMachineUpdater (StateMachineUpdater.java:stopAndJoin(164)) - e73312e9-cbe5-44c4-8eb4-8d68b9d9c5af@group-1C8D1734010B-StateMachineUpdater: set stopIndex = -1
2025-05-13 07:43:15,793 [e73312e9-cbe5-44c4-8eb4-8d68b9d9c5af@group-1C8D1734010B-FollowerState] INFO  impl.FollowerState (FollowerState.java:runImpl(170)) - e73312e9-cbe5-44c4-8eb4-8d68b9d9c5af@group-1C8D1734010B-FollowerState was interrupted
2025-05-13 07:43:15,793 [e73312e9-cbe5-44c4-8eb4-8d68b9d9c5af@group-1C8D1734010B-StateMachineUpdater] INFO  impl.StateMachineUpdater (StateMachineUpdater.java:stop(141)) - e73312e9-cbe5-44c4-8eb4-8d68b9d9c5af@group-1C8D1734010B-StateMachineUpdater: closing SCMStateMachine, lastApplied=(t:0, i:~)
2025-05-13 07:43:15,794 [e73312e9-cbe5-44c4-8eb4-8d68b9d9c5af@group-1C8D1734010B-cacheEviction-AwaitToRun] INFO  util.AwaitToRun (AwaitToRun.java:run(49)) - e73312e9-cbe5-44c4-8eb4-8d68b9d9c5af@group-1C8D1734010B-cacheEviction-AwaitToRun-AwaitForSignal is interrupted
2025-05-13 07:43:15,797 [main] INFO  server.GrpcService (GrpcService.java:closeImpl(352)) - e73312e9-cbe5-44c4-8eb4-8d68b9d9c5af: shutdown server GrpcServerProtocolService successfully
2025-05-13 07:43:15,916 [e73312e9-cbe5-44c4-8eb4-8d68b9d9c5af-impl-thread1] INFO  segmented.SegmentedRaftLogWorker (SegmentedRaftLogWorker.java:close(252)) - e73312e9-cbe5-44c4-8eb4-8d68b9d9c5af@group-1C8D1734010B-SegmentedRaftLogWorker close()
2025-05-13 07:43:15,917 [JvmPauseMonitor5] INFO  util.JvmPauseMonitor (JvmPauseMonitor.java:run(152)) - JvmPauseMonitor-e73312e9-cbe5-44c4-8eb4-8d68b9d9c5af: Stopped
2025-05-13 07:43:15,917 [main] INFO  SCMHATransactionMonitor (BackgroundSCMService.java:stop(127)) - Stopping SCMHATransactionMonitor Service.
2025-05-13 07:43:15,917 [SCMHATransactionMonitor] WARN  SCMHATransactionMonitor (BackgroundSCMService.java:run(111)) - SCMHATransactionMonitor is interrupted, exit
2025-05-13 07:43:15,917 [main] INFO  pipeline.BackgroundPipelineCreator (BackgroundPipelineCreator.java:stop(154)) - Stopping RatisPipelineUtilsThread.
2025-05-13 07:43:15,917 [RatisPipelineUtilsThread-0] WARN  pipeline.BackgroundPipelineCreator (BackgroundPipelineCreator.java:run(185)) - RatisPipelineUtilsThread is interrupted.
2025-05-13 07:43:15,918 [main] INFO  BackgroundPipelineScrubber (BackgroundSCMService.java:stop(127)) - Stopping BackgroundPipelineScrubber Service.
2025-05-13 07:43:15,918 [BackgroundPipelineScrubber] WARN  BackgroundPipelineScrubber (BackgroundSCMService.java:run(111)) - BackgroundPipelineScrubber is interrupted, exit
2025-05-13 07:43:15,918 [main] INFO  impl.MetricsSystemImpl (MetricsSystemImpl.java:stop(210)) - Stopping StorageContainerManager metrics system...
2025-05-13 07:43:15,918 [prometheus] INFO  impl.MetricsSinkAdapter (MetricsSinkAdapter.java:publishMetricsFromQueue(141)) - prometheus thread interrupted.
2025-05-13 07:43:15,919 [main] INFO  impl.MetricsSystemImpl (MetricsSystemImpl.java:stop(216)) - StorageContainerManager metrics system stopped.
2025-05-13 07:43:15,919 [main] WARN  pipeline.BackgroundPipelineCreator (BackgroundPipelineCreator.java:stop(150)) - RatisPipelineUtilsThread is not running, just ignore.
2025-05-13 07:43:15,919 [main] INFO  BackgroundPipelineScrubber (BackgroundSCMService.java:stop(122)) - BackgroundPipelineScrubber Service is not running, skip stop.
2025-05-13 07:43:15,919 [main] INFO  ExpiredContainerReplicaOpScrubber (BackgroundSCMService.java:stop(127)) - Stopping ExpiredContainerReplicaOpScrubber Service.
2025-05-13 07:43:15,919 [ExpiredContainerReplicaOpScrubber] WARN  ExpiredContainerReplicaOpScrubber (BackgroundSCMService.java:run(111)) - ExpiredContainerReplicaOpScrubber is interrupted, exit
2025-05-13 07:43:15,919 [main] INFO  utils.BackgroundService (BackgroundService.java:shutdown(160)) - Shutting down service SCMBlockDeletingService
2025-05-13 07:43:15,919 [main] INFO  replication.ReplicationManager (ReplicationManager.java:stop(323)) - Replication Monitor Thread is not running.
2025-05-13 07:43:15,919 [main] WARN  balancer.ContainerBalancer (ContainerBalancer.java:stop(350)) - Cannot stop Container Balancer because it's not running or stopping
2025-05-13 07:43:15,919 [main] INFO  SCMHATransactionMonitor (BackgroundSCMService.java:stop(122)) - SCMHATransactionMonitor Service is not running, skip stop.
2025-05-13 07:43:15,920 [main] INFO  server.StorageContainerManager (StorageContainerManager.java:stop(1733)) - Stopping SCM MetadataStore.
2025-05-13 07:43:15,920 [LeaseManager#LeaseMonitor] WARN  lease.LeaseManager (LeaseManager.java:run(285)) - Lease manager is interrupted. Shutting down...
java.lang.InterruptedException
	at java.base/java.util.concurrent.locks.AbstractQueuedSynchronizer.tryAcquireSharedNanos(AbstractQueuedSynchronizer.java:1133)
	at java.base/java.util.concurrent.Semaphore.tryAcquire(Semaphore.java:415)
	at org.apache.hadoop.ozone.lease.LeaseManager$LeaseMonitor.run(LeaseManager.java:283)
	at java.base/java.lang.Thread.run(Thread.java:1583)
2025-05-13 07:43:15,921 [e73312e9-cbe5-44c4-8eb4-8d68b9d9c5af-scm/sub-ca-refreshCACertificates] ERROR util.ExitUtils (ExitUtils.java:terminate(133)) - Terminating with exit status -1: Thread[#1084,e73312e9-cbe5-44c4-8eb4-8d68b9d9c5af-scm/sub-ca-refreshCACertificates,5,main] has thrown an uncaught exception
java.lang.reflect.UndeclaredThrowableException
	at jdk.proxy2/jdk.proxy2.$Proxy45.submitRequest(Unknown Source)
	at org.apache.hadoop.hdds.protocolPB.SCMSecurityProtocolClientSideTranslatorPB.submitRequest(SCMSecurityProtocolClientSideTranslatorPB.java:93)
	at org.apache.hadoop.hdds.protocolPB.SCMSecurityProtocolClientSideTranslatorPB.getAllRootCaCertificates(SCMSecurityProtocolClientSideTranslatorPB.java:382)
	at org.apache.hadoop.hdds.security.x509.certificate.client.SCMCertificateClient$RefreshCACertificates.run(SCMCertificateClient.java:238)
	at java.base/java.util.concurrent.ThreadPoolExecutor.runWorker(ThreadPoolExecutor.java:1144)
	at java.base/java.util.concurrent.ThreadPoolExecutor$Worker.run(ThreadPoolExecutor.java:642)
	at java.base/java.lang.Thread.run(Thread.java:1583)
Caused by: java.io.InterruptedIOException: Retry interrupted
	at org.apache.hadoop.io.retry.RetryInvocationHandler$Call.processWaitTimeAndRetryInfo(RetryInvocationHandler.java:141)
	at org.apache.hadoop.io.retry.RetryInvocationHandler$Call.invokeOnce(RetryInvocationHandler.java:112)
	at org.apache.hadoop.io.retry.RetryInvocationHandler.invoke(RetryInvocationHandler.java:366)
	... 7 more
Caused by: java.lang.InterruptedException: sleep interrupted
	at java.base/java.lang.Thread.sleep0(Native Method)
	at java.base/java.lang.Thread.sleep(Thread.java:509)
	at org.apache.hadoop.io.retry.RetryInvocationHandler$Call.processWaitTimeAndRetryInfo(RetryInvocationHandler.java:135)
	... 9 more
2025-05-13 07:43:15,922 [main] INFO  impl.DefaultInternalKdcServerImpl (DefaultInternalKdcServerImpl.java:doStop(102)) - Default Internal kdc server stopped.
2025-05-13 07:43:16,922 [main] INFO  minikdc.MiniKdc (MiniKdc.java:stop(359)) - MiniKdc stopped.
2025-05-13 07:43:16,923 [main] INFO  server.StorageContainerManager (StorageContainerManager.java:stop(1597)) - Storage Container Manager is not running.
2025-05-13 07:43:16,923 [main] INFO  server.StorageContainerManager (StorageContainerManager.java:stopReplicationManager(1742)) - Stopping Replication Manager Service.
2025-05-13 07:43:16,923 [main] INFO  replication.ReplicationManager (ReplicationManager.java:stop(323)) - Replication Monitor Thread is not running.
2025-05-13 07:43:16,923 [main] INFO  server.SCMSecurityProtocolServer (SCMSecurityProtocolServer.java:join(519)) - Join RPC server for SCMSecurityProtocolServer.
2025-05-13 07:43:16,923 [main] INFO  server.SCMSecurityProtocolServer (SCMSecurityProtocolServer.java:join(521)) - Join gRPC server for SCMSecurityProtocolServer.
]]></system-out>
  </testcase>
  <testcase name="testCertificateRotationUnRecoverableFailure" classname="org.apache.hadoop.ozone.TestSecureOzoneCluster" time="1.852">
    <error message="Problem binding to [pkrvmberfyhpb9w.internal.cloudapp.net:15027] java.net.BindException: Cannot assign requested address; For more details see:  http://wiki.apache.org/hadoop/BindException" type="java.net.BindException"><![CDATA[java.net.BindException: Problem binding to [pkrvmberfyhpb9w.internal.cloudapp.net:15027] java.net.BindException: Cannot assign requested address; For more details see:  http://wiki.apache.org/hadoop/BindException
	at java.base/jdk.internal.reflect.DirectConstructorHandleAccessor.newInstance(DirectConstructorHandleAccessor.java:62)
	at java.base/java.lang.reflect.Constructor.newInstanceWithCaller(Constructor.java:502)
	at java.base/java.lang.reflect.Constructor.newInstance(Constructor.java:486)
	at org.apache.hadoop.net.NetUtils.wrapWithMessage(NetUtils.java:961)
	at org.apache.hadoop.net.NetUtils.wrapException(NetUtils.java:857)
	at org.apache.hadoop.ipc.Server.bind(Server.java:715)
	at org.apache.hadoop.ipc.Server$Listener.<init>(Server.java:1435)
	at org.apache.hadoop.ipc.Server.<init>(Server.java:3364)
	at org.apache.hadoop.ipc.RPC$Server.<init>(RPC.java:1195)
	at org.apache.hadoop.ipc.ProtobufRpcEngine2$Server.<init>(ProtobufRpcEngine2.java:485)
	at org.apache.hadoop.ipc.ProtobufRpcEngine$Server.<init>(ProtobufRpcEngine.java:452)
	at org.apache.hadoop.ipc.ProtobufRpcEngine.getServer(ProtobufRpcEngine.java:375)
	at org.apache.hadoop.ipc.RPC$Builder.build(RPC.java:986)
	at org.apache.hadoop.ozone.om.OzoneManager.startRpcServer(OzoneManager.java:1414)
	at org.apache.hadoop.ozone.om.OzoneManager.getRpcServer(OzoneManager.java:1376)
	at org.apache.hadoop.ozone.om.OzoneManager.<init>(OzoneManager.java:695)
	at org.apache.hadoop.ozone.om.OzoneManager.createOm(OzoneManager.java:877)
	at org.apache.hadoop.ozone.TestSecureOzoneCluster.testCertificateRotationUnRecoverableFailure(TestSecureOzoneCluster.java:1122)
	at java.base/java.lang.reflect.Method.invoke(Method.java:580)
	at java.base/java.util.ArrayList.forEach(ArrayList.java:1596)
	at java.base/java.util.ArrayList.forEach(ArrayList.java:1596)
Caused by: java.net.BindException: Cannot assign requested address
	at java.base/sun.nio.ch.Net.bind0(Native Method)
	at java.base/sun.nio.ch.Net.bind(Net.java:565)
	at java.base/sun.nio.ch.ServerSocketChannelImpl.netBind(ServerSocketChannelImpl.java:344)
	at java.base/sun.nio.ch.ServerSocketChannelImpl.bind(ServerSocketChannelImpl.java:301)
	at java.base/sun.nio.ch.ServerSocketAdaptor.bind(ServerSocketAdaptor.java:89)
	at org.apache.hadoop.ipc.Server.bind(Server.java:698)
	... 15 more
]]></error>
    <system-out><![CDATA[2025-05-13 07:43:16,956 [main] INFO  minikdc.MiniKdc (MiniKdc.java:<init>(225)) - Configuration:
2025-05-13 07:43:16,956 [main] INFO  minikdc.MiniKdc (MiniKdc.java:<init>(226)) - ---------------------------------------------------------------
2025-05-13 07:43:16,956 [main] INFO  minikdc.MiniKdc (MiniKdc.java:<init>(228)) -   max.renewable.lifetime: 604800000
2025-05-13 07:43:16,956 [main] INFO  minikdc.MiniKdc (MiniKdc.java:<init>(228)) -   instance: DefaultKrbServer
2025-05-13 07:43:16,956 [main] INFO  minikdc.MiniKdc (MiniKdc.java:<init>(228)) -   debug: false
2025-05-13 07:43:16,956 [main] INFO  minikdc.MiniKdc (MiniKdc.java:<init>(228)) -   kdc.bind.address: localhost
2025-05-13 07:43:16,956 [main] INFO  minikdc.MiniKdc (MiniKdc.java:<init>(228)) -   max.ticket.lifetime: 86400000
2025-05-13 07:43:16,956 [main] INFO  minikdc.MiniKdc (MiniKdc.java:<init>(228)) -   transport: TCP
2025-05-13 07:43:16,956 [main] INFO  minikdc.MiniKdc (MiniKdc.java:<init>(228)) -   org.name: EXAMPLE
2025-05-13 07:43:16,957 [main] INFO  minikdc.MiniKdc (MiniKdc.java:<init>(228)) -   org.domain: COM
2025-05-13 07:43:16,957 [main] INFO  minikdc.MiniKdc (MiniKdc.java:<init>(228)) -   kdc.port: 0
2025-05-13 07:43:16,957 [main] INFO  minikdc.MiniKdc (MiniKdc.java:<init>(230)) - ---------------------------------------------------------------
2025-05-13 07:43:16,958 [main] INFO  minikdc.MiniKdc (MiniKdc.java:start(285)) - MiniKdc started.
2025-05-13 07:43:17,117 [main] INFO  keys.KeyStorage (KeyStorage.java:storePublicKey(210)) - Storing public key to /tmp/junit-9132357186985646491/om-meta/om/keys/public.pem.
2025-05-13 07:43:17,118 [main] INFO  keys.KeyStorage (KeyStorage.java:storePrivateKey(194)) - Storing private key to /tmp/junit-9132357186985646491/om-meta/om/keys/private.pem.
2025-05-13 07:43:17,119 [main] INFO  om.OzoneManager (OzoneManager.java:getOmDetailsProto(4941)) - OzoneManager ports added:[name: "RPC"
value: 15027
]
2025-05-13 07:43:17,121 [main] WARN  server.ServerUtils (ServerUtils.java:getDBPath(292)) - ozone.om.db.dirs is not configured. We recommend adding this setting. Falling back to ozone.metadata.dirs instead.
2025-05-13 07:43:17,121 [main] INFO  security.OMCertificateClient (DefaultCertificateClient.java:updateCertSerialId(1289)) - Certificate serial ID set to null
2025-05-13 07:43:17,121 [main] INFO  keys.KeyStorage (KeyStorage.java:readPrivateKey(158)) - Reading private key from /tmp/junit-9132357186985646491/om-meta/om/keys/private.pem.
2025-05-13 07:43:17,122 [main] INFO  keys.KeyStorage (KeyStorage.java:readPublicKey(174)) - Reading public key from /tmp/junit-9132357186985646491/om-meta/om/keys/public.pem.
2025-05-13 07:43:17,122 [main] ERROR security.OMCertificateClient (DefaultCertificateClient.java:getCertPath(373)) - Default certificate serial id is not set. Can't locate the default certificate for this client.
2025-05-13 07:43:17,122 [main] INFO  security.OMCertificateClient (DefaultCertificateClient.java:init(717)) - Certificate client init case: 6
2025-05-13 07:43:17,122 [main] INFO  security.OMCertificateClient (DefaultCertificateClient.java:handleCase(769)) - Found private and public key but certificate is missing.
2025-05-13 07:43:17,135 [main] INFO  utils.SelfSignedCertificate (SelfSignedCertificate.java:generateCertificate(156)) - Certificate 994467 is issued by SERIALNUMBER=994467, O=cluster, OU=test, CN=localhost to SERIALNUMBER=994467, O=cluster, OU=test, CN=localhost, valid from Tue May 13 07:43:17 UTC 2025 to Tue May 13 07:43:37 UTC 2025
2025-05-13 07:43:17,136 [main] INFO  utils.CertificateCodec (CertificateCodec.java:writeCertificate(239)) - Save certificate to /tmp/junit-9132357186985646491/om-meta/om/certs/certificate.crt
2025-05-13 07:43:17,136 [main] INFO  utils.CertificateCodec (CertificateCodec.java:writeCertificate(240)) - Certificate -----BEGIN CERTIFICATE-----
MIIDBzCCAe+gAwIBAgIDDyyjMA0GCSqGSIb3DQEBCwUAMEYxEjAQBgNVBAMMCWxv
Y2FsaG9zdDENMAsGA1UECwwEdGVzdDEQMA4GA1UECgwHY2x1c3RlcjEPMA0GA1UE
BRMGOTk0NDY3MB4XDTI1MDUxMzA3NDMxN1oXDTI1MDUxMzA3NDMzN1owRjESMBAG
A1UEAwwJbG9jYWxob3N0MQ0wCwYDVQQLDAR0ZXN0MRAwDgYDVQQKDAdjbHVzdGVy
MQ8wDQYDVQQFEwY5OTQ0NjcwggEiMA0GCSqGSIb3DQEBAQUAA4IBDwAwggEKAoIB
AQC41y9FvMpWW7fH2kqoSBs7Zl6TB66kDYImdzLwjJ8FOSWcYJxFrMaW2e6woQ9O
Xu7CJT4nx6VTy60ZnLdwW2w/vVpkAnSrThcwcjSFab/x73JJ7OcsqyVmTpWhDfmJ
D6PMYviAYMuSLCgbcHf0yjeEAZ691O57oKv2/y7ootXAgQT9TRPEmI9YtKoB7x0r
vnSEa+IXmK111Ihq+IZ9x8jKXsGiUhvxP6Qzfgq4tHFKOj+4Nam5ZVytYeeXQTh4
jmnq9855hb2SWMk9M0CVxxN9Juvcmlus6QHIJRrnL4cjiK3HXhZs5/mcJC1GaP6z
TPmQWNPNE3IZduWPWmTQDvA1AgMBAAEwDQYJKoZIhvcNAQELBQADggEBADNwedOK
MjZ1LGJQxfhJlD2tSv4mV8MYKBYlDTvdvid+2S/DNsCtBIaLcQgb6yNjyozA+4oR
IhyseXDrymdbG3+g+b9LRfHlv4m7eRLqGukFFFu6un8cJ7wKh1BpRDLqvr/ZCQGl
ox1g8gwp9dcIwXYnll1RQP30PHxdH6QCKUbCpa/RrWwrggNmgYWX+bLcXekA7uVj
8GWH7xYZS7APsCCjFfFmbbCUoig+a4cvDpplTCbBsTbjtnvFIDTGA4UN7xbeCnai
ZGeykx+/Cri/+GURtquRB1suKqKd4wEwodLcZmiTFWd6LL/7kIqkso8WEHVWmKCg
bb1QbjONVSVmIVI=
-----END CERTIFICATE-----

2025-05-13 07:43:17,138 [main] INFO  ha.OMHANodeDetails (OMHANodeDetails.java:loadOMHAConfig(113)) - ozone.om.internal.service.id is not defined, falling back to ozone.om.service.ids to find serviceID for OzoneManager if it is HA enabled cluster
2025-05-13 07:43:17,138 [main] INFO  ha.OMHANodeDetails (OMHANodeDetails.java:loadOMHAConfig(224)) - Configuration does not have ozone.om.address set. Falling back to the default OM address pkrvmberfyhpb9w.internal.cloudapp.net/10.1.0.33:15027
2025-05-13 07:43:17,138 [main] INFO  ha.OMHANodeDetails (OMHANodeDetails.java:getOMNodeDetailsForNonHA(252)) - OM Service ID is not set. Setting it to the default ID: omServiceIdDefault
2025-05-13 07:43:17,138 [main] INFO  ha.OMHANodeDetails (OMHANodeDetails.java:getOMNodeDetailsForNonHA(259)) - OM Node ID is not set. Setting it to the default ID: om1
2025-05-13 07:43:17,138 [main] WARN  server.ServerUtils (ServerUtils.java:getDBPath(292)) - ozone.om.db.dirs is not configured. We recommend adding this setting. Falling back to ozone.metadata.dirs instead.
2025-05-13 07:43:17,140 [main] INFO  upgrade.AbstractLayoutVersionManager (AbstractLayoutVersionManager.java:init(80)) - Initializing Layout version manager with metadata layout = DELEGATION_TOKEN_SYMMETRIC_SIGN (version = 8), software layout = DELEGATION_TOKEN_SYMMETRIC_SIGN (version = 8)
2025-05-13 07:43:17,199 [main] INFO  reflections.Reflections (Reflections.java:scan(219)) - Reflections took 58 ms to scan 2 urls, producing 207 keys and 618 values
2025-05-13 07:43:17,199 [main] INFO  upgrade.OMLayoutVersionManager (OMLayoutVersionManager.java:lambda$0(110)) - Skipping Upgrade Action QuotaRepairUpgradeAction since it has been finalized.
2025-05-13 07:43:17,199 [main] INFO  upgrade.OMLayoutVersionManager (OMLayoutVersionManager.java:lambda$0(110)) - Skipping Upgrade Action MockOmUpgradeAction since it has been finalized.
2025-05-13 07:43:17,202 [pool-166-thread-1] INFO  request.KdcRequest (KdcRequest.java:preauth(683)) - The preauth data is empty.
2025-05-13 07:43:17,203 [pool-166-thread-1] INFO  server.KdcHandler (KdcHandler.java:handleRecoverableException(177)) - KRB error occurred while processing request: Additional pre-authentication required
2025-05-13 07:43:17,206 [pool-166-thread-1] INFO  request.AsRequest (AsRequest.java:issueTicket(112)) - AS_REQ ISSUE: authtime 1747122197206,om/pkrvmberfyhpb9w.internal.cloudapp.net@EXAMPLE.COM for krbtgt/EXAMPLE.COM@EXAMPLE.COM
2025-05-13 07:43:17,208 [main] INFO  security.UserGroupInformation (UserGroupInformation.java:loginUserFromKeytab(1143)) - Login successful for user om/pkrvmberfyhpb9w.internal.cloudapp.net@EXAMPLE.COM using keytab file om.keytab. Keytab auto renewal enabled : false
2025-05-13 07:43:17,208 [main] INFO  om.OzoneManager (OzoneManager.java:loginOMUser(1308)) - Ozone Manager login successful.
2025-05-13 07:43:17,208 [main] WARN  server.ServerUtils (ServerUtils.java:getDBPath(292)) - ozone.om.db.dirs is not configured. We recommend adding this setting. Falling back to ozone.metadata.dirs instead.
2025-05-13 07:43:17,208 [main] INFO  om.OzoneManager (OzoneManager.java:setReplicationFromConfig(4596)) - Set default replication in OM: RATIS/3 -> RATIS/THREE
2025-05-13 07:43:17,209 [main] INFO  proxy.SCMContainerLocationFailoverProxyProvider (SCMFailoverProxyProviderBase.java:<init>(120)) - Created fail-over proxy for protocol StorageContainerLocationProtocolPB with 1 nodes: [nodeId=scmNodeId,nodeAddress=localhost/127.0.0.1:15021]
2025-05-13 07:43:17,209 [main] INFO  proxy.SCMBlockLocationFailoverProxyProvider (SCMFailoverProxyProviderBase.java:<init>(120)) - Created fail-over proxy for protocol ScmBlockLocationProtocolPB with 1 nodes: [nodeId=scmNodeId,nodeAddress=localhost/127.0.0.1:15023]
2025-05-13 07:43:17,210 [main] INFO  om.OzoneManager (OzoneManager.java:getOmDetailsProto(4941)) - OzoneManager ports added:[name: "RPC"
value: 15027
]
2025-05-13 07:43:17,211 [main] INFO  proxy.SCMSecurityProtocolFailoverProxyProvider (SCMFailoverProxyProviderBase.java:<init>(120)) - Created fail-over proxy for protocol SCMSecurityProtocolPB with 1 nodes: [nodeId=scmNodeId,nodeAddress=localhost/127.0.0.1:15024]
2025-05-13 07:43:17,211 [main] INFO  security.OMCertificateClient (DefaultCertificateClient.java:updateCertSerialId(1289)) - Certificate serial ID set to 994467
2025-05-13 07:43:17,212 [main] INFO  security.OMCertificateClient (DefaultCertificateClient.java:readCertificateFile(247)) - Added certificate 994467 from file: /tmp/junit-9132357186985646491/om-meta/om/certs/certificate.crt.
2025-05-13 07:43:17,214 [main] INFO  security.OMCertificateClient (DefaultCertificateClient.java:startCertificateRenewerService(1380)) - CertificateRenewerService for om is started with first delay 9786 ms and interval 3333 ms.
2025-05-13 07:43:17,215 [main] INFO  proxy.SecretKeyProtocolFailoverProxyProvider (SCMFailoverProxyProviderBase.java:<init>(120)) - Created fail-over proxy for protocol SecretKeyProtocolOmPB with 1 nodes: [nodeId=scmNodeId,nodeAddress=localhost/127.0.0.1:15024]
2025-05-13 07:43:17,215 [main] INFO  symmetric.DefaultSecretKeyVerifierClient (DefaultSecretKeyVerifierClient.java:<init>(76)) - Initializing secret key cache with size 16, TTL PT168H
2025-05-13 07:43:17,216 [main] INFO  om.OzoneManager (OzoneManager.java:<init>(670)) - OM start with adminUsers: [om/pkrvmberfyhpb9w.internal.cloudapp.net@EXAMPLE.COM, om]
2025-05-13 07:43:17,217 [main] WARN  server.ServerUtils (ServerUtils.java:getDBPath(292)) - ozone.om.db.dirs is not configured. We recommend adding this setting. Falling back to ozone.metadata.dirs instead.
2025-05-13 07:43:17,353 [main] INFO  om.OzoneManager (OzoneManager.java:instantiateServices(914)) - S3 Multi-Tenancy is disabled
2025-05-13 07:43:17,354 [main] INFO  security.OzoneSecretStore (OzoneSecretStore.java:loadState(70)) - Loaded 0 tokens
2025-05-13 07:43:17,354 [main] INFO  security.OzoneDelegationTokenSecretManager (OzoneDelegationTokenSecretManager.java:loadTokenSecretState(513)) - Loading token state into token manager.
2025-05-13 07:43:17,354 [main] INFO  om.OmSnapshotManager (OmSnapshotManager.java:<init>(187)) - Ozone filesystem snapshot feature is enabled.
2025-05-13 07:43:17,355 [main] WARN  server.ServerUtils (ServerUtils.java:getDBPath(292)) - ozone.om.snapshot.diff.db.dir is not configured. We recommend adding this setting. Falling back to ozone.metadata.dirs instead.
2025-05-13 07:43:17,374 [main] INFO  om.OzoneManager (OzoneManager.java:addS3GVolumeToDB(4654)) - Created Volume s3v With Owner om required for S3Gateway operations.
2025-05-13 07:43:17,374 [main] WARN  server.ServerUtils (ServerUtils.java:getDefaultRatisDirectory(304)) - Storage directory for Ratis is not configured. It is a good idea to map this to an SSD disk. Falling back to ozone.metadata.dirs
2025-05-13 07:43:17,375 [main] WARN  utils.OzoneManagerRatisUtils (OzoneManagerRatisUtils.java:getOMRatisSnapshotDirectory(488)) - ozone.om.ratis.snapshot.dir is not configured. Falling back to ozone.metadata.dirs config
2025-05-13 07:43:17,375 [main] WARN  server.ServerUtils (ServerUtils.java:getDefaultRatisDirectory(304)) - Storage directory for Ratis is not configured. It is a good idea to map this to an SSD disk. Falling back to ozone.metadata.dirs
2025-05-13 07:43:17,376 [main] INFO  server.RaftServerConfigKeys (ConfUtils.java:logGet(46)) - raft.server.log.appender.buffer.byte-limit = 4194304 (custom)
2025-05-13 07:43:17,377 [main] INFO  ratis.OzoneManagerRatisServer (OzoneManagerRatisServer.java:<init>(167)) - Instantiating OM Ratis server with groupID: omServiceIdDefault and peers: pkrvmberfyhpb9w.internal.cloudapp.net:9872
2025-05-13 07:43:17,377 [main] INFO  ratis.OzoneManagerStateMachine (OzoneManagerStateMachine.java:loadSnapshotInfoFromDB(618)) - TransactionInfo not found in OM DB.
2025-05-13 07:43:17,378 [main] INFO  server.RaftServer (ConfUtils.java:logGet(46)) - raft.rpc.type = GRPC (default)
2025-05-13 07:43:17,378 [main] INFO  grpc.GrpcConfigKeys (ConfUtils.java:logFallback(53)) - raft.grpc.admin.host = null (fallback to raft.grpc.server.host)
2025-05-13 07:43:17,378 [main] INFO  grpc.GrpcConfigKeys (ConfUtils.java:logFallback(53)) - raft.grpc.admin.port = 9872 (fallback to raft.grpc.server.port)
2025-05-13 07:43:17,378 [main] INFO  grpc.GrpcConfigKeys (ConfUtils.java:logFallback(53)) - raft.grpc.client.host = null (fallback to raft.grpc.server.host)
2025-05-13 07:43:17,378 [main] INFO  grpc.GrpcConfigKeys (ConfUtils.java:logFallback(53)) - raft.grpc.client.port = 9872 (fallback to raft.grpc.server.port)
2025-05-13 07:43:17,378 [main] INFO  grpc.GrpcConfigKeys (ConfUtils.java:logGet(46)) - raft.grpc.server.host = null (default)
2025-05-13 07:43:17,378 [main] INFO  grpc.GrpcConfigKeys (ConfUtils.java:logGet(46)) - raft.grpc.server.port = 9872 (custom)
2025-05-13 07:43:17,379 [main] INFO  server.GrpcService (ConfUtils.java:logGet(46)) - raft.grpc.message.size.max = 5242880 (custom)
2025-05-13 07:43:17,379 [main] INFO  server.GrpcService (ConfUtils.java:logGet(46)) - raft.grpc.flow.control.window = 1MB (=1048576) (default)
2025-05-13 07:43:17,379 [main] INFO  server.RaftServerConfigKeys (ConfUtils.java:logGet(46)) - raft.server.rpc.request.timeout = 3000ms (default)
2025-05-13 07:43:17,379 [main] INFO  grpc.GrpcConfigKeys (ConfUtils.java:logGet(46)) - raft.grpc.server.heartbeat.channel = true (default)
2025-05-13 07:43:17,379 [main] INFO  server.RaftServerConfigKeys (ConfUtils.java:logGet(46)) - raft.server.log.appender.buffer.byte-limit = 4194304 (custom)
2025-05-13 07:43:17,379 [main] INFO  grpc.GrpcConfigKeys (ConfUtils.java:logGet(46)) - raft.grpc.server.async.request.thread.pool.cached = true (default)
2025-05-13 07:43:17,379 [main] INFO  grpc.GrpcConfigKeys (ConfUtils.java:logGet(46)) - raft.grpc.server.async.request.thread.pool.size = 32 (default)
2025-05-13 07:43:17,380 [main] INFO  impl.DataStreamServerImpl (ConfUtils.java:logGet(46)) - raft.datastream.type = DISABLED (default)
2025-05-13 07:43:17,380 [main] INFO  server.RaftServerConfigKeys (ConfUtils.java:logGet(46)) - raft.server.sleep.deviation.threshold = 300ms (default)
2025-05-13 07:43:17,380 [main] INFO  server.RaftServerConfigKeys (ConfUtils.java:logGet(46)) - raft.server.close.threshold = 60s (default)
2025-05-13 07:43:17,380 [main] INFO  server.RaftServerConfigKeys (ConfUtils.java:logGet(46)) - raft.server.leaderelection.leader.step-down.wait-time = 10s (default)
2025-05-13 07:43:17,381 [main] INFO  server.RaftServerConfigKeys (ConfUtils.java:logGet(46)) - raft.server.storage.dir = [/tmp/junit-9132357186985646491/om-meta/ratis] (custom)
2025-05-13 07:43:17,381 [main] INFO  server.RaftServerConfigKeys (ConfUtils.java:logGet(46)) - raft.server.threadpool.proxy.cached = true (default)
2025-05-13 07:43:17,381 [main] INFO  server.RaftServerConfigKeys (ConfUtils.java:logGet(46)) - raft.server.threadpool.proxy.size = 0 (default)
2025-05-13 07:43:17,381 [main] INFO  server.RaftServer (RaftServerProxy.java:addNew(100)) - om1: addNew group-C5BA1605619E:[om1|pkrvmberfyhpb9w.internal.cloudapp.net:9872] returns group-C5BA1605619E:java.util.concurrent.CompletableFuture@4ec23ac[Not completed]
2025-05-13 07:43:17,382 [main] INFO  om.OzoneManager (OzoneManager.java:initializeRatisServer(2284)) - OzoneManager Ratis server initialized at port 9872
2025-05-13 07:43:17,382 [main] INFO  om.OzoneManager (OzoneManager.java:getRpcServer(1340)) - Creating RPC Server
2025-05-13 07:43:17,382 [om1-groupManagement] INFO  server.RaftServer$Division (RaftServerImpl.java:<init>(255)) - om1: new RaftServerImpl for group-C5BA1605619E:[om1|pkrvmberfyhpb9w.internal.cloudapp.net:9872] with OzoneManagerStateMachine:uninitialized
2025-05-13 07:43:17,382 [om1-groupManagement] INFO  server.RaftServerConfigKeys (ConfUtils.java:logGet(46)) - raft.server.rpc.timeout.min = 5s (custom)
2025-05-13 07:43:17,382 [om1-groupManagement] INFO  server.RaftServerConfigKeys (ConfUtils.java:logGet(46)) - raft.server.rpc.timeout.max = 5200ms (custom)
2025-05-13 07:43:17,382 [om1-groupManagement] INFO  server.RaftServerConfigKeys (ConfUtils.java:logGet(46)) - raft.server.rpc.sleep.time = 25ms (default)
2025-05-13 07:43:17,382 [om1-groupManagement] INFO  server.RaftServerConfigKeys (ConfUtils.java:logGet(46)) - raft.server.rpc.slowness.timeout = 120s (custom)
2025-05-13 07:43:17,382 [om1-groupManagement] INFO  server.RaftServerConfigKeys (ConfUtils.java:logGet(46)) - raft.server.leaderelection.leader.step-down.wait-time = 10s (default)
2025-05-13 07:43:17,382 [om1-groupManagement] INFO  server.RaftServerConfigKeys (ConfUtils.java:logGet(46)) - raft.server.leaderelection.member.majority-add = false (default)
2025-05-13 07:43:17,382 [om1-groupManagement] INFO  server.RaftServerConfigKeys (ConfUtils.java:logGet(46)) - raft.server.sleep.deviation.threshold = 300ms (default)
2025-05-13 07:43:17,382 [om1-groupManagement] INFO  server.RaftServer$Division (ServerState.java:<init>(114)) - om1@group-C5BA1605619E: ConfigurationManager, init=conf: {index: -1, cur=peers:[om1|pkrvmberfyhpb9w.internal.cloudapp.net:9872]|listeners:[], old=null}, confs=<EMPTY_MAP>
2025-05-13 07:43:17,383 [om1-groupManagement] INFO  server.RaftServerConfigKeys (ConfUtils.java:logGet(46)) - raft.server.notification.no-leader.timeout = 120s (custom)
2025-05-13 07:43:17,383 [om1-groupManagement] INFO  server.RaftServerConfigKeys (ConfUtils.java:logGet(46)) - raft.server.read.timeout = 10s (default)
2025-05-13 07:43:17,383 [om1-groupManagement] INFO  server.RaftServerConfigKeys (ConfUtils.java:logGet(46)) - raft.server.retrycache.expirytime = 300s (custom)
2025-05-13 07:43:17,383 [om1-groupManagement] INFO  server.RaftServerConfigKeys (ConfUtils.java:logGet(46)) - raft.server.retrycache.statistics.expirytime = 100ms (default)
2025-05-13 07:43:17,383 [om1-groupManagement] INFO  server.RaftServerConfigKeys (ConfUtils.java:logGet(46)) - raft.server.read.option = DEFAULT (default)
2025-05-13 07:43:17,383 [om1-groupManagement] INFO  server.RaftServerConfigKeys (ConfUtils.java:logGet(46)) - raft.server.read.read-after-write-consistent.write-index-cache.expiry-time = 60s (default)
2025-05-13 07:43:17,384 [om1-groupManagement] INFO  server.RaftServerConfigKeys (ConfUtils.java:logGet(46)) - raft.server.rpc.request.timeout = 3000ms (default)
2025-05-13 07:43:17,384 [om1-groupManagement] INFO  server.RaftServerConfigKeys (ConfUtils.java:logGet(46)) - raft.server.log.appender.install.snapshot.enabled = false (custom)
2025-05-13 07:43:17,384 [om1-groupManagement] INFO  server.RaftServerConfigKeys (ConfUtils.java:logGet(46)) - raft.server.threadpool.server.cached = true (default)
2025-05-13 07:43:17,384 [om1-groupManagement] INFO  server.RaftServerConfigKeys (ConfUtils.java:logGet(46)) - raft.server.threadpool.server.size = 0 (default)
2025-05-13 07:43:17,384 [om1-groupManagement] INFO  server.RaftServerConfigKeys (ConfUtils.java:logGet(46)) - raft.server.threadpool.client.cached = true (default)
2025-05-13 07:43:17,384 [om1-groupManagement] INFO  server.RaftServerConfigKeys (ConfUtils.java:logGet(46)) - raft.server.threadpool.client.size = 0 (default)
2025-05-13 07:43:17,777 [main] INFO  reflections.Reflections (Reflections.java:scan(219)) - Reflections took 395 ms to scan 24 urls, producing 60 keys and 7515 values
2025-05-13 07:43:17,780 [main] INFO  ipc.CallQueueManager (CallQueueManager.java:<init>(93)) - Using callQueue: class java.util.concurrent.LinkedBlockingQueue, queueCapacity: 2000, scheduler: class org.apache.hadoop.ipc.DefaultRpcScheduler, ipcBackoff: false, ipcFailOver: false.
2025-05-13 07:43:17,781 [main] INFO  impl.DefaultInternalKdcServerImpl (DefaultInternalKdcServerImpl.java:doStop(102)) - Default Internal kdc server stopped.
2025-05-13 07:43:18,781 [main] INFO  minikdc.MiniKdc (MiniKdc.java:stop(359)) - MiniKdc stopped.
]]></system-out>
  </testcase>
  <testcase name="testCertificateRotation" classname="org.apache.hadoop.ozone.TestSecureOzoneCluster" time="3.637">
    <error message="Problem binding to [pkrvmberfyhpb9w.internal.cloudapp.net:15034] java.net.BindException: Cannot assign requested address; For more details see:  http://wiki.apache.org/hadoop/BindException" type="java.net.BindException"><![CDATA[java.net.BindException: Problem binding to [pkrvmberfyhpb9w.internal.cloudapp.net:15034] java.net.BindException: Cannot assign requested address; For more details see:  http://wiki.apache.org/hadoop/BindException
	at java.base/jdk.internal.reflect.DirectConstructorHandleAccessor.newInstance(DirectConstructorHandleAccessor.java:62)
	at java.base/java.lang.reflect.Constructor.newInstanceWithCaller(Constructor.java:502)
	at java.base/java.lang.reflect.Constructor.newInstance(Constructor.java:486)
	at org.apache.hadoop.net.NetUtils.wrapWithMessage(NetUtils.java:961)
	at org.apache.hadoop.net.NetUtils.wrapException(NetUtils.java:857)
	at org.apache.hadoop.ipc.Server.bind(Server.java:715)
	at org.apache.hadoop.ipc.Server$Listener.<init>(Server.java:1435)
	at org.apache.hadoop.ipc.Server.<init>(Server.java:3364)
	at org.apache.hadoop.ipc.RPC$Server.<init>(RPC.java:1195)
	at org.apache.hadoop.ipc.ProtobufRpcEngine2$Server.<init>(ProtobufRpcEngine2.java:485)
	at org.apache.hadoop.ipc.ProtobufRpcEngine$Server.<init>(ProtobufRpcEngine.java:452)
	at org.apache.hadoop.ipc.ProtobufRpcEngine.getServer(ProtobufRpcEngine.java:375)
	at org.apache.hadoop.ipc.RPC$Builder.build(RPC.java:986)
	at org.apache.hadoop.ozone.om.OzoneManager.startRpcServer(OzoneManager.java:1414)
	at org.apache.hadoop.ozone.om.OzoneManager.getRpcServer(OzoneManager.java:1376)
	at org.apache.hadoop.ozone.om.OzoneManager.<init>(OzoneManager.java:695)
	at org.apache.hadoop.ozone.om.OzoneManager.createOm(OzoneManager.java:877)
	at org.apache.hadoop.ozone.TestSecureOzoneCluster.testCertificateRotation(TestSecureOzoneCluster.java:968)
	at java.base/java.lang.reflect.Method.invoke(Method.java:580)
	at java.base/java.util.ArrayList.forEach(ArrayList.java:1596)
	at java.base/java.util.ArrayList.forEach(ArrayList.java:1596)
Caused by: java.net.BindException: Cannot assign requested address
	at java.base/sun.nio.ch.Net.bind0(Native Method)
	at java.base/sun.nio.ch.Net.bind(Net.java:565)
	at java.base/sun.nio.ch.ServerSocketChannelImpl.netBind(ServerSocketChannelImpl.java:344)
	at java.base/sun.nio.ch.ServerSocketChannelImpl.bind(ServerSocketChannelImpl.java:301)
	at java.base/sun.nio.ch.ServerSocketAdaptor.bind(ServerSocketAdaptor.java:89)
	at org.apache.hadoop.ipc.Server.bind(Server.java:698)
	... 15 more
]]></error>
    <system-out><![CDATA[2025-05-13 07:43:18,806 [main] INFO  minikdc.MiniKdc (MiniKdc.java:<init>(225)) - Configuration:
2025-05-13 07:43:18,806 [main] INFO  minikdc.MiniKdc (MiniKdc.java:<init>(226)) - ---------------------------------------------------------------
2025-05-13 07:43:18,806 [main] INFO  minikdc.MiniKdc (MiniKdc.java:<init>(228)) -   max.renewable.lifetime: 604800000
2025-05-13 07:43:18,806 [main] INFO  minikdc.MiniKdc (MiniKdc.java:<init>(228)) -   instance: DefaultKrbServer
2025-05-13 07:43:18,806 [main] INFO  minikdc.MiniKdc (MiniKdc.java:<init>(228)) -   debug: false
2025-05-13 07:43:18,806 [main] INFO  minikdc.MiniKdc (MiniKdc.java:<init>(228)) -   kdc.bind.address: localhost
2025-05-13 07:43:18,806 [main] INFO  minikdc.MiniKdc (MiniKdc.java:<init>(228)) -   max.ticket.lifetime: 86400000
2025-05-13 07:43:18,806 [main] INFO  minikdc.MiniKdc (MiniKdc.java:<init>(228)) -   transport: TCP
2025-05-13 07:43:18,806 [main] INFO  minikdc.MiniKdc (MiniKdc.java:<init>(228)) -   org.name: EXAMPLE
2025-05-13 07:43:18,806 [main] INFO  minikdc.MiniKdc (MiniKdc.java:<init>(228)) -   org.domain: COM
2025-05-13 07:43:18,806 [main] INFO  minikdc.MiniKdc (MiniKdc.java:<init>(228)) -   kdc.port: 0
2025-05-13 07:43:18,806 [main] INFO  minikdc.MiniKdc (MiniKdc.java:<init>(230)) - ---------------------------------------------------------------
2025-05-13 07:43:18,808 [main] INFO  minikdc.MiniKdc (MiniKdc.java:start(285)) - MiniKdc started.
2025-05-13 07:43:19,065 [main] INFO  keys.KeyStorage (KeyStorage.java:storePublicKey(210)) - Storing public key to /tmp/junit-11014147910962875720/om-meta/om/keys/public.pem.
2025-05-13 07:43:19,066 [main] INFO  keys.KeyStorage (KeyStorage.java:storePrivateKey(194)) - Storing private key to /tmp/junit-11014147910962875720/om-meta/om/keys/private.pem.
2025-05-13 07:43:19,067 [main] INFO  om.OzoneManager (OzoneManager.java:getOmDetailsProto(4941)) - OzoneManager ports added:[name: "RPC"
value: 15034
]
2025-05-13 07:43:19,067 [main] WARN  server.ServerUtils (ServerUtils.java:getDBPath(292)) - ozone.om.db.dirs is not configured. We recommend adding this setting. Falling back to ozone.metadata.dirs instead.
2025-05-13 07:43:19,068 [main] INFO  keys.KeyStorage (KeyStorage.java:readPublicKey(174)) - Reading public key from /tmp/junit-11014147910962875720/om-meta/om/keys/public.pem.
2025-05-13 07:43:19,068 [main] INFO  keys.KeyStorage (KeyStorage.java:readPrivateKey(158)) - Reading private key from /tmp/junit-11014147910962875720/om-meta/om/keys/private.pem.
2025-05-13 07:43:19,071 [main] INFO  utils.SelfSignedCertificate (SelfSignedCertificate.java:generateCertificate(156)) - Certificate 996404 is issued by SERIALNUMBER=996404, O=cluster, OU=test, CN=localhost to SERIALNUMBER=996404, O=cluster, OU=test, CN=localhost, valid from Tue May 13 07:43:19 UTC 2025 to Tue May 13 07:43:39 UTC 2025
2025-05-13 07:43:19,073 [main] INFO  utils.CertificateCodec (CertificateCodec.java:writeCertificate(239)) - Save certificate to /tmp/junit-11014147910962875720/om-meta/om/certs/certificate.crt
2025-05-13 07:43:19,073 [main] INFO  utils.CertificateCodec (CertificateCodec.java:writeCertificate(240)) - Certificate -----BEGIN CERTIFICATE-----
MIIDBzCCAe+gAwIBAgIDDzQ0MA0GCSqGSIb3DQEBCwUAMEYxEjAQBgNVBAMMCWxv
Y2FsaG9zdDENMAsGA1UECwwEdGVzdDEQMA4GA1UECgwHY2x1c3RlcjEPMA0GA1UE
BRMGOTk2NDA0MB4XDTI1MDUxMzA3NDMxOVoXDTI1MDUxMzA3NDMzOVowRjESMBAG
A1UEAwwJbG9jYWxob3N0MQ0wCwYDVQQLDAR0ZXN0MRAwDgYDVQQKDAdjbHVzdGVy
MQ8wDQYDVQQFEwY5OTY0MDQwggEiMA0GCSqGSIb3DQEBAQUAA4IBDwAwggEKAoIB
AQC2bqJrrRDovNsBuVkOp2bUUfhLOe2dDRsqzCQg0O+k8ZKI2MIxh6ZwJBm/g2ZL
E2MoMlkrKD5LScm+UKJIwdLRRRZX+JhtokWAtQjP895k8p4H7kMZ/LAkE7qRieTP
a+TW+T1oPlpRotroeLKFL6ianRbbSiBt3cSd7KlVbaMCTXkXdzNRYplDajcvLTNF
zTV4iW2YmW/CyK3RkwgoPABVaPgmISyUOsJuQnUOIx1CKPvwfwfJ7zGJ3KnhNjt2
L1VE1buplwAA9Ek8UwDBsmiEQvHIGq0b5Day+Yq1SyHpNR0UxG2bLxARPFqHs/Tr
i5kMZi5a0bGfLyFicjxm5CBLAgMBAAEwDQYJKoZIhvcNAQELBQADggEBADKCljLj
3DpEsNcsroQlGPIgaQUGopTqeoUJYEvF6dQ4/JBKimvtWY69G89N2xdQh5BlhIBA
GS3ImUWidcpE6+ySXrmB6LRcbrGrRwGvqV9d8lrGP2eIZM5o+M1NDmqPtPTIzYIg
j2WhbMs5AuIpL3SM7TZgvBnB11BH8SscPLOW2JbJPg0ozCJZyblpMv+n+QjSvbUJ
/zH4nfj8Q6r+PH/Tnu8XXeHaUdllLxjT0zGlbWgp4QWs2Ldj8BU7JBU6BqZbNITx
05jXKKx6wJlN2qyOKk5WTX3hktMIYCdgln2DF7IWbuPUCHVYGjLhlYfjQsJxB4RA
ldqhLoDwN9jkWpU=
-----END CERTIFICATE-----

2025-05-13 07:43:19,074 [main] INFO  utils.CertificateCodec (CertificateCodec.java:writeCertificate(239)) - Save certificate to /tmp/junit-11014147910962875720/om-meta/om/certs/ROOTCA-996404.crt
2025-05-13 07:43:19,074 [main] INFO  utils.CertificateCodec (CertificateCodec.java:writeCertificate(240)) - Certificate -----BEGIN CERTIFICATE-----
MIIDBzCCAe+gAwIBAgIDDzQ0MA0GCSqGSIb3DQEBCwUAMEYxEjAQBgNVBAMMCWxv
Y2FsaG9zdDENMAsGA1UECwwEdGVzdDEQMA4GA1UECgwHY2x1c3RlcjEPMA0GA1UE
BRMGOTk2NDA0MB4XDTI1MDUxMzA3NDMxOVoXDTI1MDUxMzA3NDMzOVowRjESMBAG
A1UEAwwJbG9jYWxob3N0MQ0wCwYDVQQLDAR0ZXN0MRAwDgYDVQQKDAdjbHVzdGVy
MQ8wDQYDVQQFEwY5OTY0MDQwggEiMA0GCSqGSIb3DQEBAQUAA4IBDwAwggEKAoIB
AQC2bqJrrRDovNsBuVkOp2bUUfhLOe2dDRsqzCQg0O+k8ZKI2MIxh6ZwJBm/g2ZL
E2MoMlkrKD5LScm+UKJIwdLRRRZX+JhtokWAtQjP895k8p4H7kMZ/LAkE7qRieTP
a+TW+T1oPlpRotroeLKFL6ianRbbSiBt3cSd7KlVbaMCTXkXdzNRYplDajcvLTNF
zTV4iW2YmW/CyK3RkwgoPABVaPgmISyUOsJuQnUOIx1CKPvwfwfJ7zGJ3KnhNjt2
L1VE1buplwAA9Ek8UwDBsmiEQvHIGq0b5Day+Yq1SyHpNR0UxG2bLxARPFqHs/Tr
i5kMZi5a0bGfLyFicjxm5CBLAgMBAAEwDQYJKoZIhvcNAQELBQADggEBADKCljLj
3DpEsNcsroQlGPIgaQUGopTqeoUJYEvF6dQ4/JBKimvtWY69G89N2xdQh5BlhIBA
GS3ImUWidcpE6+ySXrmB6LRcbrGrRwGvqV9d8lrGP2eIZM5o+M1NDmqPtPTIzYIg
j2WhbMs5AuIpL3SM7TZgvBnB11BH8SscPLOW2JbJPg0ozCJZyblpMv+n+QjSvbUJ
/zH4nfj8Q6r+PH/Tnu8XXeHaUdllLxjT0zGlbWgp4QWs2Ldj8BU7JBU6BqZbNITx
05jXKKx6wJlN2qyOKk5WTX3hktMIYCdgln2DF7IWbuPUCHVYGjLhlYfjQsJxB4RA
ldqhLoDwN9jkWpU=
-----END CERTIFICATE-----

2025-05-13 07:43:19,096 [main] INFO  utils.SelfSignedCertificate (SelfSignedCertificate.java:generateCertificate(156)) - Certificate 996430 is issued by SERIALNUMBER=996430, O=cluster, OU=test, CN=localhost to SERIALNUMBER=996430, O=cluster, OU=test, CN=localhost, valid from Tue May 13 07:43:29 UTC 2025 to Tue May 13 07:43:49 UTC 2025
2025-05-13 07:43:19,904 [main] INFO  security.OMCertificateClient (DefaultCertificateClient.java:updateCertSerialId(1289)) - Certificate serial ID set to 996404
2025-05-13 07:43:19,908 [main] INFO  security.OMCertificateClient (DefaultCertificateClient.java:readCertificateFile(247)) - Added certificate 996404 from file: /tmp/junit-11014147910962875720/om-meta/om/certs/ROOTCA-996404.crt.
2025-05-13 07:43:19,911 [main] INFO  security.OMCertificateClient (DefaultCertificateClient.java:readCertificateFile(247)) - Added certificate 996404 from file: /tmp/junit-11014147910962875720/om-meta/om/certs/certificate.crt.
2025-05-13 07:43:19,914 [main] INFO  security.OMCertificateClient (DefaultCertificateClient.java:startCertificateRenewerService(1380)) - CertificateRenewerService for om is started with first delay 9087 ms and interval 3333 ms.
2025-05-13 07:43:19,915 [main] INFO  keys.KeyStorage (KeyStorage.java:readPrivateKey(158)) - Reading private key from /tmp/junit-11014147910962875720/om-meta/om/keys/private.pem.
2025-05-13 07:43:19,916 [main] INFO  keys.KeyStorage (KeyStorage.java:readPublicKey(174)) - Reading public key from /tmp/junit-11014147910962875720/om-meta/om/keys/public.pem.
2025-05-13 07:43:19,918 [main] INFO  security.OMCertificateClient (DefaultCertificateClient.java:init(717)) - Certificate client init case: 7
2025-05-13 07:43:19,918 [main] INFO  security.OMCertificateClient (DefaultCertificateClient.java:handleCase(778)) - Found certificate file along with KeyPair.
2025-05-13 07:43:20,022 [main] INFO  security.OMCertificateClient (DefaultCertificateClient.java:validateKeyPairAndCertificate(830)) - Keypair validated.
2025-05-13 07:43:20,061 [main] INFO  security.OMCertificateClient (DefaultCertificateClient.java:validateKeyPairAndCertificate(833)) - Keypair validated with certificate.
2025-05-13 07:43:20,065 [main] INFO  ha.OMHANodeDetails (OMHANodeDetails.java:loadOMHAConfig(113)) - ozone.om.internal.service.id is not defined, falling back to ozone.om.service.ids to find serviceID for OzoneManager if it is HA enabled cluster
2025-05-13 07:43:20,066 [main] INFO  ha.OMHANodeDetails (OMHANodeDetails.java:loadOMHAConfig(224)) - Configuration does not have ozone.om.address set. Falling back to the default OM address pkrvmberfyhpb9w.internal.cloudapp.net/10.1.0.33:15034
2025-05-13 07:43:20,066 [main] INFO  ha.OMHANodeDetails (OMHANodeDetails.java:getOMNodeDetailsForNonHA(252)) - OM Service ID is not set. Setting it to the default ID: omServiceIdDefault
2025-05-13 07:43:20,066 [main] INFO  ha.OMHANodeDetails (OMHANodeDetails.java:getOMNodeDetailsForNonHA(259)) - OM Node ID is not set. Setting it to the default ID: om1
2025-05-13 07:43:20,067 [main] WARN  server.ServerUtils (ServerUtils.java:getDBPath(292)) - ozone.om.db.dirs is not configured. We recommend adding this setting. Falling back to ozone.metadata.dirs instead.
2025-05-13 07:43:20,073 [main] INFO  upgrade.AbstractLayoutVersionManager (AbstractLayoutVersionManager.java:init(80)) - Initializing Layout version manager with metadata layout = DELEGATION_TOKEN_SYMMETRIC_SIGN (version = 8), software layout = DELEGATION_TOKEN_SYMMETRIC_SIGN (version = 8)
2025-05-13 07:43:20,276 [main] INFO  reflections.Reflections (Reflections.java:scan(219)) - Reflections took 198 ms to scan 2 urls, producing 207 keys and 618 values
2025-05-13 07:43:20,278 [main] INFO  upgrade.OMLayoutVersionManager (OMLayoutVersionManager.java:lambda$0(110)) - Skipping Upgrade Action QuotaRepairUpgradeAction since it has been finalized.
2025-05-13 07:43:20,278 [main] INFO  upgrade.OMLayoutVersionManager (OMLayoutVersionManager.java:lambda$0(110)) - Skipping Upgrade Action MockOmUpgradeAction since it has been finalized.
2025-05-13 07:43:20,285 [pool-194-thread-1] INFO  request.KdcRequest (KdcRequest.java:preauth(683)) - The preauth data is empty.
2025-05-13 07:43:20,285 [pool-194-thread-1] INFO  server.KdcHandler (KdcHandler.java:handleRecoverableException(177)) - KRB error occurred while processing request: Additional pre-authentication required
2025-05-13 07:43:20,299 [pool-194-thread-1] INFO  request.AsRequest (AsRequest.java:issueTicket(112)) - AS_REQ ISSUE: authtime 1747122200298,om/pkrvmberfyhpb9w.internal.cloudapp.net@EXAMPLE.COM for krbtgt/EXAMPLE.COM@EXAMPLE.COM
2025-05-13 07:43:20,302 [main] INFO  security.UserGroupInformation (UserGroupInformation.java:loginUserFromKeytab(1143)) - Login successful for user om/pkrvmberfyhpb9w.internal.cloudapp.net@EXAMPLE.COM using keytab file om.keytab. Keytab auto renewal enabled : false
2025-05-13 07:43:20,303 [main] INFO  om.OzoneManager (OzoneManager.java:loginOMUser(1308)) - Ozone Manager login successful.
2025-05-13 07:43:20,303 [main] WARN  server.ServerUtils (ServerUtils.java:getDBPath(292)) - ozone.om.db.dirs is not configured. We recommend adding this setting. Falling back to ozone.metadata.dirs instead.
2025-05-13 07:43:20,304 [main] INFO  om.OzoneManager (OzoneManager.java:setReplicationFromConfig(4596)) - Set default replication in OM: RATIS/3 -> RATIS/THREE
2025-05-13 07:43:20,306 [main] INFO  proxy.SCMContainerLocationFailoverProxyProvider (SCMFailoverProxyProviderBase.java:<init>(120)) - Created fail-over proxy for protocol StorageContainerLocationProtocolPB with 1 nodes: [nodeId=scmNodeId,nodeAddress=localhost/127.0.0.1:15028]
2025-05-13 07:43:20,308 [main] INFO  proxy.SCMBlockLocationFailoverProxyProvider (SCMFailoverProxyProviderBase.java:<init>(120)) - Created fail-over proxy for protocol ScmBlockLocationProtocolPB with 1 nodes: [nodeId=scmNodeId,nodeAddress=localhost/127.0.0.1:15030]
2025-05-13 07:43:20,309 [main] INFO  om.OzoneManager (OzoneManager.java:getOmDetailsProto(4941)) - OzoneManager ports added:[name: "RPC"
value: 15034
]
2025-05-13 07:43:20,317 [main] INFO  proxy.SCMSecurityProtocolFailoverProxyProvider (SCMFailoverProxyProviderBase.java:<init>(120)) - Created fail-over proxy for protocol SCMSecurityProtocolPB with 1 nodes: [nodeId=scmNodeId,nodeAddress=localhost/127.0.0.1:15031]
2025-05-13 07:43:20,317 [main] INFO  security.OMCertificateClient (DefaultCertificateClient.java:updateCertSerialId(1289)) - Certificate serial ID set to 996404
2025-05-13 07:43:20,319 [main] INFO  security.OMCertificateClient (DefaultCertificateClient.java:readCertificateFile(247)) - Added certificate 996404 from file: /tmp/junit-11014147910962875720/om-meta/om/certs/ROOTCA-996404.crt.
2025-05-13 07:43:20,320 [main] INFO  security.OMCertificateClient (DefaultCertificateClient.java:readCertificateFile(247)) - Added certificate 996404 from file: /tmp/junit-11014147910962875720/om-meta/om/certs/certificate.crt.
2025-05-13 07:43:20,321 [main] INFO  security.OMCertificateClient (DefaultCertificateClient.java:startCertificateRenewerService(1380)) - CertificateRenewerService for om is started with first delay 8678 ms and interval 3333 ms.
2025-05-13 07:43:20,322 [main] INFO  proxy.SecretKeyProtocolFailoverProxyProvider (SCMFailoverProxyProviderBase.java:<init>(120)) - Created fail-over proxy for protocol SecretKeyProtocolOmPB with 1 nodes: [nodeId=scmNodeId,nodeAddress=localhost/127.0.0.1:15031]
2025-05-13 07:43:20,323 [main] INFO  symmetric.DefaultSecretKeyVerifierClient (DefaultSecretKeyVerifierClient.java:<init>(76)) - Initializing secret key cache with size 16, TTL PT168H
2025-05-13 07:43:20,360 [main] INFO  om.OzoneManager (OzoneManager.java:<init>(670)) - OM start with adminUsers: [om/pkrvmberfyhpb9w.internal.cloudapp.net@EXAMPLE.COM, om]
2025-05-13 07:43:20,364 [main] WARN  server.ServerUtils (ServerUtils.java:getDBPath(292)) - ozone.om.db.dirs is not configured. We recommend adding this setting. Falling back to ozone.metadata.dirs instead.
2025-05-13 07:43:20,589 [main] INFO  om.OzoneManager (OzoneManager.java:instantiateServices(914)) - S3 Multi-Tenancy is disabled
2025-05-13 07:43:20,590 [main] INFO  security.OzoneSecretStore (OzoneSecretStore.java:loadState(70)) - Loaded 0 tokens
2025-05-13 07:43:20,590 [main] INFO  security.OzoneDelegationTokenSecretManager (OzoneDelegationTokenSecretManager.java:loadTokenSecretState(513)) - Loading token state into token manager.
2025-05-13 07:43:20,591 [main] INFO  om.OmSnapshotManager (OmSnapshotManager.java:<init>(187)) - Ozone filesystem snapshot feature is enabled.
2025-05-13 07:43:20,591 [main] WARN  server.ServerUtils (ServerUtils.java:getDBPath(292)) - ozone.om.snapshot.diff.db.dir is not configured. We recommend adding this setting. Falling back to ozone.metadata.dirs instead.
2025-05-13 07:43:20,615 [main] INFO  om.OzoneManager (OzoneManager.java:addS3GVolumeToDB(4654)) - Created Volume s3v With Owner om required for S3Gateway operations.
2025-05-13 07:43:20,615 [main] WARN  server.ServerUtils (ServerUtils.java:getDefaultRatisDirectory(304)) - Storage directory for Ratis is not configured. It is a good idea to map this to an SSD disk. Falling back to ozone.metadata.dirs
2025-05-13 07:43:20,616 [main] WARN  utils.OzoneManagerRatisUtils (OzoneManagerRatisUtils.java:getOMRatisSnapshotDirectory(488)) - ozone.om.ratis.snapshot.dir is not configured. Falling back to ozone.metadata.dirs config
2025-05-13 07:43:20,617 [main] WARN  dropwizard3.Dm3MetricRegistriesImpl (Dm3MetricRegistriesImpl.java:addReporterRegistration(114)) - New reporters are added after registries were created. Some metrics will be missing from the reporter. Please add reporter before adding any new registry.
2025-05-13 07:43:20,617 [main] WARN  dropwizard3.Dm3MetricRegistriesImpl (Dm3MetricRegistriesImpl.java:addReporterRegistration(114)) - New reporters are added after registries were created. Some metrics will be missing from the reporter. Please add reporter before adding any new registry.
2025-05-13 07:43:20,617 [main] WARN  server.ServerUtils (ServerUtils.java:getDefaultRatisDirectory(304)) - Storage directory for Ratis is not configured. It is a good idea to map this to an SSD disk. Falling back to ozone.metadata.dirs
2025-05-13 07:43:20,618 [main] INFO  server.RaftServerConfigKeys (ConfUtils.java:logGet(46)) - raft.server.log.appender.buffer.byte-limit = 4194304 (custom)
2025-05-13 07:43:20,620 [main] INFO  ratis.OzoneManagerRatisServer (OzoneManagerRatisServer.java:<init>(167)) - Instantiating OM Ratis server with groupID: omServiceIdDefault and peers: pkrvmberfyhpb9w.internal.cloudapp.net:9872
2025-05-13 07:43:20,621 [main] INFO  ratis.OzoneManagerStateMachine (OzoneManagerStateMachine.java:loadSnapshotInfoFromDB(618)) - TransactionInfo not found in OM DB.
2025-05-13 07:43:20,622 [main] INFO  server.RaftServer (ConfUtils.java:logGet(46)) - raft.rpc.type = GRPC (default)
2025-05-13 07:43:20,623 [main] INFO  grpc.GrpcConfigKeys (ConfUtils.java:logFallback(53)) - raft.grpc.admin.host = null (fallback to raft.grpc.server.host)
2025-05-13 07:43:20,623 [main] INFO  grpc.GrpcConfigKeys (ConfUtils.java:logFallback(53)) - raft.grpc.admin.port = 9872 (fallback to raft.grpc.server.port)
2025-05-13 07:43:20,623 [main] INFO  grpc.GrpcConfigKeys (ConfUtils.java:logFallback(53)) - raft.grpc.client.host = null (fallback to raft.grpc.server.host)
2025-05-13 07:43:20,623 [main] INFO  grpc.GrpcConfigKeys (ConfUtils.java:logFallback(53)) - raft.grpc.client.port = 9872 (fallback to raft.grpc.server.port)
2025-05-13 07:43:20,625 [main] INFO  grpc.GrpcConfigKeys (ConfUtils.java:logGet(46)) - raft.grpc.server.host = null (default)
2025-05-13 07:43:20,625 [main] INFO  grpc.GrpcConfigKeys (ConfUtils.java:logGet(46)) - raft.grpc.server.port = 9872 (custom)
2025-05-13 07:43:20,626 [main] INFO  server.GrpcService (ConfUtils.java:logGet(46)) - raft.grpc.message.size.max = 5242880 (custom)
2025-05-13 07:43:20,626 [main] INFO  server.GrpcService (ConfUtils.java:logGet(46)) - raft.grpc.flow.control.window = 1MB (=1048576) (default)
2025-05-13 07:43:20,627 [main] INFO  server.RaftServerConfigKeys (ConfUtils.java:logGet(46)) - raft.server.rpc.request.timeout = 3000ms (default)
2025-05-13 07:43:20,628 [main] INFO  grpc.GrpcConfigKeys (ConfUtils.java:logGet(46)) - raft.grpc.server.heartbeat.channel = true (default)
2025-05-13 07:43:20,628 [main] INFO  server.RaftServerConfigKeys (ConfUtils.java:logGet(46)) - raft.server.log.appender.buffer.byte-limit = 4194304 (custom)
2025-05-13 07:43:20,628 [main] INFO  grpc.GrpcConfigKeys (ConfUtils.java:logGet(46)) - raft.grpc.server.async.request.thread.pool.cached = true (default)
2025-05-13 07:43:20,628 [main] INFO  grpc.GrpcConfigKeys (ConfUtils.java:logGet(46)) - raft.grpc.server.async.request.thread.pool.size = 32 (default)
2025-05-13 07:43:20,630 [main] INFO  impl.DataStreamServerImpl (ConfUtils.java:logGet(46)) - raft.datastream.type = DISABLED (default)
2025-05-13 07:43:20,630 [main] INFO  server.RaftServerConfigKeys (ConfUtils.java:logGet(46)) - raft.server.sleep.deviation.threshold = 300ms (default)
2025-05-13 07:43:20,630 [main] INFO  server.RaftServerConfigKeys (ConfUtils.java:logGet(46)) - raft.server.close.threshold = 60s (default)
2025-05-13 07:43:20,631 [main] INFO  server.RaftServerConfigKeys (ConfUtils.java:logGet(46)) - raft.server.leaderelection.leader.step-down.wait-time = 10s (default)
2025-05-13 07:43:20,632 [main] INFO  server.RaftServerConfigKeys (ConfUtils.java:logGet(46)) - raft.server.storage.dir = [/tmp/junit-11014147910962875720/om-meta/ratis] (custom)
2025-05-13 07:43:20,632 [main] INFO  server.RaftServerConfigKeys (ConfUtils.java:logGet(46)) - raft.server.threadpool.proxy.cached = true (default)
2025-05-13 07:43:20,632 [main] INFO  server.RaftServerConfigKeys (ConfUtils.java:logGet(46)) - raft.server.threadpool.proxy.size = 0 (default)
2025-05-13 07:43:20,636 [om1-groupManagement] INFO  server.RaftServer$Division (RaftServerImpl.java:<init>(255)) - om1: new RaftServerImpl for group-C5BA1605619E:[om1|pkrvmberfyhpb9w.internal.cloudapp.net:9872] with OzoneManagerStateMachine:uninitialized
2025-05-13 07:43:20,636 [main] INFO  server.RaftServer (RaftServerProxy.java:addNew(100)) - om1: addNew group-C5BA1605619E:[om1|pkrvmberfyhpb9w.internal.cloudapp.net:9872] returns group-C5BA1605619E:java.util.concurrent.CompletableFuture@3230879d[Not completed]
2025-05-13 07:43:20,637 [main] INFO  om.OzoneManager (OzoneManager.java:initializeRatisServer(2284)) - OzoneManager Ratis server initialized at port 9872
2025-05-13 07:43:20,636 [om1-groupManagement] INFO  server.RaftServerConfigKeys (ConfUtils.java:logGet(46)) - raft.server.rpc.timeout.min = 5s (custom)
2025-05-13 07:43:20,638 [om1-groupManagement] INFO  server.RaftServerConfigKeys (ConfUtils.java:logGet(46)) - raft.server.rpc.timeout.max = 5200ms (custom)
2025-05-13 07:43:20,639 [om1-groupManagement] INFO  server.RaftServerConfigKeys (ConfUtils.java:logGet(46)) - raft.server.rpc.sleep.time = 25ms (default)
2025-05-13 07:43:20,639 [om1-groupManagement] INFO  server.RaftServerConfigKeys (ConfUtils.java:logGet(46)) - raft.server.rpc.slowness.timeout = 120s (custom)
2025-05-13 07:43:20,639 [om1-groupManagement] INFO  server.RaftServerConfigKeys (ConfUtils.java:logGet(46)) - raft.server.leaderelection.leader.step-down.wait-time = 10s (default)
2025-05-13 07:43:20,639 [om1-groupManagement] INFO  server.RaftServerConfigKeys (ConfUtils.java:logGet(46)) - raft.server.leaderelection.member.majority-add = false (default)
2025-05-13 07:43:20,639 [om1-groupManagement] INFO  server.RaftServerConfigKeys (ConfUtils.java:logGet(46)) - raft.server.sleep.deviation.threshold = 300ms (default)
2025-05-13 07:43:20,639 [om1-groupManagement] INFO  server.RaftServer$Division (ServerState.java:<init>(114)) - om1@group-C5BA1605619E: ConfigurationManager, init=conf: {index: -1, cur=peers:[om1|pkrvmberfyhpb9w.internal.cloudapp.net:9872]|listeners:[], old=null}, confs=<EMPTY_MAP>
2025-05-13 07:43:20,639 [om1-groupManagement] INFO  server.RaftServerConfigKeys (ConfUtils.java:logGet(46)) - raft.server.notification.no-leader.timeout = 120s (custom)
2025-05-13 07:43:20,640 [om1-groupManagement] INFO  server.RaftServerConfigKeys (ConfUtils.java:logGet(46)) - raft.server.read.timeout = 10s (default)
2025-05-13 07:43:20,640 [om1-groupManagement] INFO  server.RaftServerConfigKeys (ConfUtils.java:logGet(46)) - raft.server.retrycache.expirytime = 300s (custom)
2025-05-13 07:43:20,640 [om1-groupManagement] INFO  server.RaftServerConfigKeys (ConfUtils.java:logGet(46)) - raft.server.retrycache.statistics.expirytime = 100ms (default)
2025-05-13 07:43:20,640 [om1-groupManagement] INFO  server.RaftServerConfigKeys (ConfUtils.java:logGet(46)) - raft.server.read.option = DEFAULT (default)
2025-05-13 07:43:20,640 [om1-groupManagement] INFO  server.RaftServerConfigKeys (ConfUtils.java:logGet(46)) - raft.server.read.read-after-write-consistent.write-index-cache.expiry-time = 60s (default)
2025-05-13 07:43:20,640 [om1-groupManagement] INFO  server.RaftServerConfigKeys (ConfUtils.java:logGet(46)) - raft.server.rpc.request.timeout = 3000ms (default)
2025-05-13 07:43:20,641 [om1-groupManagement] INFO  server.RaftServerConfigKeys (ConfUtils.java:logGet(46)) - raft.server.log.appender.install.snapshot.enabled = false (custom)
2025-05-13 07:43:20,641 [om1-groupManagement] INFO  server.RaftServerConfigKeys (ConfUtils.java:logGet(46)) - raft.server.threadpool.server.cached = true (default)
2025-05-13 07:43:20,641 [om1-groupManagement] INFO  server.RaftServerConfigKeys (ConfUtils.java:logGet(46)) - raft.server.threadpool.server.size = 0 (default)
2025-05-13 07:43:20,641 [om1-groupManagement] INFO  server.RaftServerConfigKeys (ConfUtils.java:logGet(46)) - raft.server.threadpool.client.cached = true (default)
2025-05-13 07:43:20,641 [om1-groupManagement] INFO  server.RaftServerConfigKeys (ConfUtils.java:logGet(46)) - raft.server.threadpool.client.size = 0 (default)
2025-05-13 07:43:20,638 [main] INFO  om.OzoneManager (OzoneManager.java:getRpcServer(1340)) - Creating RPC Server
2025-05-13 07:43:21,403 [main] INFO  reflections.Reflections (Reflections.java:scan(219)) - Reflections took 759 ms to scan 24 urls, producing 60 keys and 7515 values
2025-05-13 07:43:21,413 [main] INFO  ipc.CallQueueManager (CallQueueManager.java:<init>(93)) - Using callQueue: class java.util.concurrent.LinkedBlockingQueue, queueCapacity: 2000, scheduler: class org.apache.hadoop.ipc.DefaultRpcScheduler, ipcBackoff: false, ipcFailOver: false.
2025-05-13 07:43:21,416 [main] INFO  impl.DefaultInternalKdcServerImpl (DefaultInternalKdcServerImpl.java:doStop(102)) - Default Internal kdc server stopped.
2025-05-13 07:43:22,417 [main] INFO  minikdc.MiniKdc (MiniKdc.java:stop(359)) - MiniKdc stopped.
]]></system-out>
    <system-err><![CDATA[WARNING: A Java agent has been loaded dynamically (/home/runner/.m2/repository/net/bytebuddy/byte-buddy-agent/1.12.19/byte-buddy-agent-1.12.19.jar)
WARNING: If a serviceability tool is in use, please run with -XX:+EnableDynamicAgentLoading to hide this warning
WARNING: If a serviceability tool is not in use, please run with -Djdk.instrument.traceUsage for more information
WARNING: Dynamic loading of agents will be disallowed by default in a future release
]]></system-err>
  </testcase>
  <testcase name="testSecureOmInitSuccess" classname="org.apache.hadoop.ozone.TestSecureOzoneCluster" time="75.696">
    <error message="Error while signing and storing SCM signed certificate." type="org.apache.hadoop.hdds.security.x509.exception.CertificateException"><![CDATA[org.apache.hadoop.hdds.security.x509.exception.CertificateException: Error while signing and storing SCM signed certificate.
	at org.apache.hadoop.hdds.security.x509.certificate.client.DefaultCertificateClient.signAndStoreCertificate(DefaultCertificateClient.java:1323)
	at org.apache.hadoop.hdds.security.x509.certificate.client.DefaultCertificateClient.recoverStateIfNeeded(DefaultCertificateClient.java:803)
	at org.apache.hadoop.hdds.security.x509.certificate.client.DefaultCertificateClient.initWithRecovery(DefaultCertificateClient.java:698)
	at org.apache.hadoop.ozone.om.OzoneManager.initializeSecurity(OzoneManager.java:1553)
	at org.apache.hadoop.ozone.TestSecureOzoneCluster.initializeOmStorage(TestSecureOzoneCluster.java:1371)
	at org.apache.hadoop.ozone.TestSecureOzoneCluster.testSecureOmInitSuccess(TestSecureOzoneCluster.java:886)
	at java.base/java.lang.reflect.Method.invoke(Method.java:580)
	at java.base/java.util.ArrayList.forEach(ArrayList.java:1596)
	at java.base/java.util.ArrayList.forEach(ArrayList.java:1596)
Caused by: org.apache.hadoop.hdds.security.exception.SCMSecurityException: org.apache.hadoop.hdds.scm.exceptions.SCMException: org.apache.ratis.protocol.exceptions.AlreadyClosedException: SlidingWindow$Client:client-C4877CDCD2FA->RAFT is closed.
	at org.apache.hadoop.hdds.protocolPB.SCMSecurityProtocolClientSideTranslatorPB.handleError(SCMSecurityProtocolClientSideTranslatorPB.java:113)
	at org.apache.hadoop.hdds.protocolPB.SCMSecurityProtocolClientSideTranslatorPB.submitRequest(SCMSecurityProtocolClientSideTranslatorPB.java:95)
	at org.apache.hadoop.hdds.protocolPB.SCMSecurityProtocolClientSideTranslatorPB.getOMCertChain(SCMSecurityProtocolClientSideTranslatorPB.java:246)
	at org.apache.hadoop.ozone.security.OMCertificateClient.sign(OMCertificateClient.java:117)
	at org.apache.hadoop.hdds.security.x509.certificate.client.DefaultCertificateClient.signAndStoreCertificate(DefaultCertificateClient.java:1299)
	... 8 more
]]></error>
    <system-out><![CDATA[2025-05-13 07:43:22,544 [main] INFO  minikdc.MiniKdc (MiniKdc.java:<init>(225)) - Configuration:
2025-05-13 07:43:22,545 [main] INFO  minikdc.MiniKdc (MiniKdc.java:<init>(226)) - ---------------------------------------------------------------
2025-05-13 07:43:22,545 [main] INFO  minikdc.MiniKdc (MiniKdc.java:<init>(228)) -   max.renewable.lifetime: 604800000
2025-05-13 07:43:22,545 [main] INFO  minikdc.MiniKdc (MiniKdc.java:<init>(228)) -   instance: DefaultKrbServer
2025-05-13 07:43:22,545 [main] INFO  minikdc.MiniKdc (MiniKdc.java:<init>(228)) -   debug: false
2025-05-13 07:43:22,545 [main] INFO  minikdc.MiniKdc (MiniKdc.java:<init>(228)) -   kdc.bind.address: localhost
2025-05-13 07:43:22,545 [main] INFO  minikdc.MiniKdc (MiniKdc.java:<init>(228)) -   max.ticket.lifetime: 86400000
2025-05-13 07:43:22,545 [main] INFO  minikdc.MiniKdc (MiniKdc.java:<init>(228)) -   transport: TCP
2025-05-13 07:43:22,545 [main] INFO  minikdc.MiniKdc (MiniKdc.java:<init>(228)) -   org.name: EXAMPLE
2025-05-13 07:43:22,546 [main] INFO  minikdc.MiniKdc (MiniKdc.java:<init>(228)) -   org.domain: COM
2025-05-13 07:43:22,546 [main] INFO  minikdc.MiniKdc (MiniKdc.java:<init>(228)) -   kdc.port: 0
2025-05-13 07:43:22,546 [main] INFO  minikdc.MiniKdc (MiniKdc.java:<init>(230)) - ---------------------------------------------------------------
2025-05-13 07:43:22,549 [main] INFO  minikdc.MiniKdc (MiniKdc.java:start(285)) - MiniKdc started.
2025-05-13 07:43:22,710 [main] INFO  keys.KeyStorage (KeyStorage.java:storePublicKey(210)) - Storing public key to /tmp/junit-6012229698098752559/om-meta/om/keys/public.pem.
2025-05-13 07:43:22,711 [main] INFO  keys.KeyStorage (KeyStorage.java:storePrivateKey(194)) - Storing private key to /tmp/junit-6012229698098752559/om-meta/om/keys/private.pem.
2025-05-13 07:43:22,713 [main] INFO  om.OzoneManager (OzoneManager.java:getOmDetailsProto(4941)) - OzoneManager ports added:[name: "RPC"
value: 15041
]
2025-05-13 07:43:22,714 [main] WARN  server.ServerUtils (ServerUtils.java:getScmDbDir(138)) - ozone.scm.db.dirs is not configured. We recommend adding this setting. Falling back to ozone.metadata.dirs instead.
2025-05-13 07:43:22,715 [main] INFO  ha.HASecurityUtils (HASecurityUtils.java:initializeSecurity(79)) - Initializing secure StorageContainerManager.
2025-05-13 07:43:22,716 [main] INFO  proxy.SCMSecurityProtocolFailoverProxyProvider (SCMFailoverProxyProviderBase.java:<init>(120)) - Created fail-over proxy for protocol SCMSecurityProtocolPB with 1 nodes: [nodeId=scmNodeId,nodeAddress=localhost/127.0.0.1:15038]
2025-05-13 07:43:22,717 [main] INFO  client.SCMCertificateClient (DefaultCertificateClient.java:updateCertSerialId(1289)) - Certificate serial ID set to null
2025-05-13 07:43:22,717 [main] ERROR client.SCMCertificateClient (DefaultCertificateClient.java:getCertPath(373)) - Default certificate serial id is not set. Can't locate the default certificate for this client.
2025-05-13 07:43:22,718 [main] INFO  client.SCMCertificateClient (DefaultCertificateClient.java:init(717)) - Certificate client init case: 0
2025-05-13 07:43:22,718 [main] INFO  client.SCMCertificateClient (DefaultCertificateClient.java:handleCase(735)) - Creating keypair for client as keypair and certificate not found.
2025-05-13 07:43:23,095 [main] INFO  keys.KeyStorage (KeyStorage.java:storePublicKey(210)) - Storing public key to /tmp/junit-6012229698098752559/scm-meta/scm/sub-ca/keys/public.pem.
2025-05-13 07:43:23,096 [main] INFO  keys.KeyStorage (KeyStorage.java:storePrivateKey(194)) - Storing private key to /tmp/junit-6012229698098752559/scm-meta/scm/sub-ca/keys/private.pem.
2025-05-13 07:43:23,097 [main] INFO  client.SCMCertificateClient (SCMCertificateClient.java:recoverStateIfNeeded(278)) - Init response: GETCERT
2025-05-13 07:43:23,097 [main] INFO  keys.KeyStorage (KeyStorage.java:readPublicKey(174)) - Reading public key from /tmp/junit-6012229698098752559/scm-meta/scm/ca/keys/public.pem.
2025-05-13 07:43:23,098 [main] ERROR keys.KeyStorage (KeyStorage.java:readPublicKey(178)) - Failed to read the public key.
java.nio.file.NoSuchFileException: /tmp/junit-6012229698098752559/scm-meta/scm/ca/keys/public.pem
	at java.base/sun.nio.fs.UnixException.translateToIOException(UnixException.java:92)
	at java.base/sun.nio.fs.UnixException.rethrowAsIOException(UnixException.java:106)
	at java.base/sun.nio.fs.UnixException.rethrowAsIOException(UnixException.java:111)
	at java.base/sun.nio.fs.UnixFileSystemProvider.newByteChannel(UnixFileSystemProvider.java:261)
	at java.base/java.nio.file.Files.newByteChannel(Files.java:380)
	at java.base/java.nio.file.Files.newByteChannel(Files.java:432)
	at java.base/java.nio.file.Files.readAllBytes(Files.java:3281)
	at org.apache.hadoop.hdds.security.x509.keys.KeyStorage.readPublicKey(KeyStorage.java:176)
	at org.apache.hadoop.hdds.security.x509.keys.KeyStorage.readKeyPair(KeyStorage.java:184)
	at org.apache.hadoop.hdds.security.x509.certificate.authority.DefaultCAServer.checkIfKeysExist(DefaultCAServer.java:354)
	at org.apache.hadoop.hdds.security.x509.certificate.authority.DefaultCAServer.verifySelfSignedCA(DefaultCAServer.java:323)
	at org.apache.hadoop.hdds.security.x509.certificate.authority.DefaultCAServer.init(DefaultCAServer.java:162)
	at org.apache.hadoop.hdds.security.x509.certificate.client.SCMCertificateClient.initializeRootCertificateServer(SCMCertificateClient.java:396)
	at org.apache.hadoop.hdds.security.x509.certificate.client.SCMCertificateClient.getPrimarySCMSelfSignedCert(SCMCertificateClient.java:346)
	at org.apache.hadoop.hdds.security.x509.certificate.client.SCMCertificateClient.recoverStateIfNeeded(SCMCertificateClient.java:287)
	at org.apache.hadoop.hdds.security.x509.certificate.client.DefaultCertificateClient.initWithRecovery(DefaultCertificateClient.java:698)
	at org.apache.hadoop.hdds.scm.ha.HASecurityUtils.initializeSecurity(HASecurityUtils.java:96)
	at org.apache.hadoop.ozone.TestSecureOzoneCluster.initSCM(TestSecureOzoneCluster.java:450)
	at org.apache.hadoop.ozone.TestSecureOzoneCluster.testSecureOmInitSuccess(TestSecureOzoneCluster.java:880)
	at java.base/jdk.internal.reflect.DirectMethodHandleAccessor.invoke(DirectMethodHandleAccessor.java:103)
	at java.base/java.lang.reflect.Method.invoke(Method.java:580)
	at org.junit.platform.commons.util.ReflectionUtils.invokeMethod(ReflectionUtils.java:775)
	at org.junit.platform.commons.support.ReflectionSupport.invokeMethod(ReflectionSupport.java:479)
	at org.junit.jupiter.engine.execution.MethodInvocation.proceed(MethodInvocation.java:60)
	at org.junit.jupiter.engine.execution.InvocationInterceptorChain$ValidatingInvocation.proceed(InvocationInterceptorChain.java:131)
	at org.junit.jupiter.engine.extension.SameThreadTimeoutInvocation.proceed(SameThreadTimeoutInvocation.java:49)
	at org.junit.jupiter.engine.extension.TimeoutExtension.intercept(TimeoutExtension.java:161)
	at org.junit.jupiter.engine.extension.TimeoutExtension.interceptTestableMethod(TimeoutExtension.java:152)
	at org.junit.jupiter.engine.extension.TimeoutExtension.interceptTestMethod(TimeoutExtension.java:91)
	at org.junit.jupiter.engine.execution.InterceptingExecutableInvoker$ReflectiveInterceptorCall.lambda$ofVoidMethod$0(InterceptingExecutableInvoker.java:112)
	at org.junit.jupiter.engine.execution.InterceptingExecutableInvoker.lambda$invoke$0(InterceptingExecutableInvoker.java:94)
	at org.junit.jupiter.engine.execution.InvocationInterceptorChain$InterceptedInvocation.proceed(InvocationInterceptorChain.java:106)
	at org.junit.jupiter.engine.execution.InvocationInterceptorChain.proceed(InvocationInterceptorChain.java:64)
	at org.junit.jupiter.engine.execution.InvocationInterceptorChain.chainAndInvoke(InvocationInterceptorChain.java:45)
	at org.junit.jupiter.engine.execution.InvocationInterceptorChain.invoke(InvocationInterceptorChain.java:37)
	at org.junit.jupiter.engine.execution.InterceptingExecutableInvoker.invoke(InterceptingExecutableInvoker.java:93)
	at org.junit.jupiter.engine.execution.InterceptingExecutableInvoker.invoke(InterceptingExecutableInvoker.java:87)
	at org.junit.jupiter.engine.descriptor.TestMethodTestDescriptor.lambda$invokeTestMethod$7(TestMethodTestDescriptor.java:216)
	at org.junit.platform.engine.support.hierarchical.ThrowableCollector.execute(ThrowableCollector.java:73)
	at org.junit.jupiter.engine.descriptor.TestMethodTestDescriptor.invokeTestMethod(TestMethodTestDescriptor.java:212)
	at org.junit.jupiter.engine.descriptor.TestMethodTestDescriptor.execute(TestMethodTestDescriptor.java:137)
	at org.junit.jupiter.engine.descriptor.TestMethodTestDescriptor.execute(TestMethodTestDescriptor.java:69)
	at org.junit.platform.engine.support.hierarchical.NodeTestTask.lambda$executeRecursively$6(NodeTestTask.java:156)
	at org.junit.platform.engine.support.hierarchical.ThrowableCollector.execute(ThrowableCollector.java:73)
	at org.junit.platform.engine.support.hierarchical.NodeTestTask.lambda$executeRecursively$8(NodeTestTask.java:146)
	at org.junit.platform.engine.support.hierarchical.Node.around(Node.java:137)
	at org.junit.platform.engine.support.hierarchical.NodeTestTask.lambda$executeRecursively$9(NodeTestTask.java:144)
	at org.junit.platform.engine.support.hierarchical.ThrowableCollector.execute(ThrowableCollector.java:73)
	at org.junit.platform.engine.support.hierarchical.NodeTestTask.executeRecursively(NodeTestTask.java:143)
	at org.junit.platform.engine.support.hierarchical.NodeTestTask.execute(NodeTestTask.java:100)
	at java.base/java.util.ArrayList.forEach(ArrayList.java:1596)
	at org.junit.platform.engine.support.hierarchical.SameThreadHierarchicalTestExecutorService.invokeAll(SameThreadHierarchicalTestExecutorService.java:41)
	at org.junit.platform.engine.support.hierarchical.NodeTestTask.lambda$executeRecursively$6(NodeTestTask.java:160)
	at org.junit.platform.engine.support.hierarchical.ThrowableCollector.execute(ThrowableCollector.java:73)
	at org.junit.platform.engine.support.hierarchical.NodeTestTask.lambda$executeRecursively$8(NodeTestTask.java:146)
	at org.junit.platform.engine.support.hierarchical.Node.around(Node.java:137)
	at org.junit.platform.engine.support.hierarchical.NodeTestTask.lambda$executeRecursively$9(NodeTestTask.java:144)
	at org.junit.platform.engine.support.hierarchical.ThrowableCollector.execute(ThrowableCollector.java:73)
	at org.junit.platform.engine.support.hierarchical.NodeTestTask.executeRecursively(NodeTestTask.java:143)
	at org.junit.platform.engine.support.hierarchical.NodeTestTask.execute(NodeTestTask.java:100)
	at java.base/java.util.ArrayList.forEach(ArrayList.java:1596)
	at org.junit.platform.engine.support.hierarchical.SameThreadHierarchicalTestExecutorService.invokeAll(SameThreadHierarchicalTestExecutorService.java:41)
	at org.junit.platform.engine.support.hierarchical.NodeTestTask.lambda$executeRecursively$6(NodeTestTask.java:160)
	at org.junit.platform.engine.support.hierarchical.ThrowableCollector.execute(ThrowableCollector.java:73)
	at org.junit.platform.engine.support.hierarchical.NodeTestTask.lambda$executeRecursively$8(NodeTestTask.java:146)
	at org.junit.platform.engine.support.hierarchical.Node.around(Node.java:137)
	at org.junit.platform.engine.support.hierarchical.NodeTestTask.lambda$executeRecursively$9(NodeTestTask.java:144)
	at org.junit.platform.engine.support.hierarchical.ThrowableCollector.execute(ThrowableCollector.java:73)
	at org.junit.platform.engine.support.hierarchical.NodeTestTask.executeRecursively(NodeTestTask.java:143)
	at org.junit.platform.engine.support.hierarchical.NodeTestTask.execute(NodeTestTask.java:100)
	at org.junit.platform.engine.support.hierarchical.SameThreadHierarchicalTestExecutorService.submit(SameThreadHierarchicalTestExecutorService.java:35)
	at org.junit.platform.engine.support.hierarchical.HierarchicalTestExecutor.execute(HierarchicalTestExecutor.java:57)
	at org.junit.platform.engine.support.hierarchical.HierarchicalTestEngine.execute(HierarchicalTestEngine.java:54)
	at org.junit.platform.launcher.core.EngineExecutionOrchestrator.execute(EngineExecutionOrchestrator.java:201)
	at org.junit.platform.launcher.core.EngineExecutionOrchestrator.execute(EngineExecutionOrchestrator.java:170)
	at org.junit.platform.launcher.core.EngineExecutionOrchestrator.execute(EngineExecutionOrchestrator.java:94)
	at org.junit.platform.launcher.core.EngineExecutionOrchestrator.lambda$execute$0(EngineExecutionOrchestrator.java:59)
	at org.junit.platform.launcher.core.EngineExecutionOrchestrator.withInterceptedStreams(EngineExecutionOrchestrator.java:142)
	at org.junit.platform.launcher.core.EngineExecutionOrchestrator.execute(EngineExecutionOrchestrator.java:58)
	at org.junit.platform.launcher.core.DefaultLauncher.execute(DefaultLauncher.java:103)
	at org.junit.platform.launcher.core.DefaultLauncher.execute(DefaultLauncher.java:85)
	at org.junit.platform.launcher.core.DelegatingLauncher.execute(DelegatingLauncher.java:47)
	at org.junit.platform.launcher.core.InterceptingLauncher.lambda$execute$1(InterceptingLauncher.java:39)
	at org.junit.platform.launcher.core.ClasspathAlignmentCheckingLauncherInterceptor.intercept(ClasspathAlignmentCheckingLauncherInterceptor.java:25)
	at org.junit.platform.launcher.core.InterceptingLauncher.execute(InterceptingLauncher.java:38)
	at org.junit.platform.launcher.core.DelegatingLauncher.execute(DelegatingLauncher.java:47)
	at org.apache.maven.surefire.junitplatform.LazyLauncher.execute(LazyLauncher.java:56)
	at org.apache.maven.surefire.junitplatform.JUnitPlatformProvider.execute(JUnitPlatformProvider.java:184)
	at org.apache.maven.surefire.junitplatform.JUnitPlatformProvider.invokeAllTests(JUnitPlatformProvider.java:148)
	at org.apache.maven.surefire.junitplatform.JUnitPlatformProvider.invoke(JUnitPlatformProvider.java:120)
	at org.apache.maven.surefire.booter.ForkedBooter.runSuitesInProcess(ForkedBooter.java:385)
	at org.apache.maven.surefire.booter.ForkedBooter.execute(ForkedBooter.java:162)
	at org.apache.maven.surefire.booter.ForkedBooter.run(ForkedBooter.java:507)
	at org.apache.maven.surefire.booter.ForkedBooter.main(ForkedBooter.java:495)
2025-05-13 07:43:23,273 [main] INFO  keys.KeyStorage (KeyStorage.java:storePublicKey(210)) - Storing public key to /tmp/junit-6012229698098752559/scm-meta/scm/ca/keys/public.pem.
2025-05-13 07:43:23,274 [main] INFO  keys.KeyStorage (KeyStorage.java:storePrivateKey(194)) - Storing private key to /tmp/junit-6012229698098752559/scm-meta/scm/ca/keys/private.pem.
2025-05-13 07:43:23,274 [main] INFO  ozone.OzoneSecurityUtil (OzoneSecurityUtil.java:getValidInetsForCurrentHost(116)) - ip:fe80:0:0:0:222:48ff:fe46:ea58%eth0 not returned.
2025-05-13 07:43:23,280 [main] INFO  ozone.OzoneSecurityUtil (OzoneSecurityUtil.java:getValidInetsForCurrentHost(113)) - Adding ip:10.1.1.24,host:10.1.1.24
2025-05-13 07:43:23,280 [main] INFO  ozone.OzoneSecurityUtil (OzoneSecurityUtil.java:getValidInetsForCurrentHost(116)) - ip:0:0:0:0:0:0:0:1%lo not returned.
2025-05-13 07:43:23,280 [main] INFO  ozone.OzoneSecurityUtil (OzoneSecurityUtil.java:getValidInetsForCurrentHost(116)) - ip:127.0.0.1 not returned.
2025-05-13 07:43:23,284 [main] ERROR utils.SelfSignedCertificate (SelfSignedCertificate.java:lambda$addInetAddresses$0(244)) - Invalid domain 10.1.1.24
2025-05-13 07:43:23,289 [main] INFO  utils.SelfSignedCertificate (SelfSignedCertificate.java:generateCertificate(156)) - Certificate 1 is issued by SERIALNUMBER=1, O=fdce2867-8dd6-4a71-8a39-bd937a2d3539, OU=c7e37fed-ffe8-4455-9e33-59458259ae49, CN=scm@pkrvmberfyhpb9w to SERIALNUMBER=1, O=fdce2867-8dd6-4a71-8a39-bd937a2d3539, OU=c7e37fed-ffe8-4455-9e33-59458259ae49, CN=scm@pkrvmberfyhpb9w, valid from Tue May 13 07:43:23 UTC 2025 to Fri Jun 21 07:43:23 UTC 2030
2025-05-13 07:43:23,290 [main] INFO  utils.CertificateCodec (CertificateCodec.java:writeCertificate(239)) - Save certificate to /tmp/junit-6012229698098752559/scm-meta/scm/ca/certs/certificate.crt
2025-05-13 07:43:23,290 [main] INFO  utils.CertificateCodec (CertificateCodec.java:writeCertificate(240)) - Certificate -----BEGIN CERTIFICATE-----
MIIDwTCCAqmgAwIBAgIBATANBgkqhkiG9w0BAQsFADCBiDEcMBoGA1UEAwwTc2Nt
QHBrcnZtYmVyZnlocGI5dzEtMCsGA1UECwwkYzdlMzdmZWQtZmZlOC00NDU1LTll
MzMtNTk0NTgyNTlhZTQ5MS0wKwYDVQQKDCRmZGNlMjg2Ny04ZGQ2LTRhNzEtOGEz
OS1iZDkzN2EyZDM1MzkxCjAIBgNVBAUTATEwHhcNMjUwNTEzMDc0MzIzWhcNMzAw
NjIxMDc0MzIzWjCBiDEcMBoGA1UEAwwTc2NtQHBrcnZtYmVyZnlocGI5dzEtMCsG
A1UECwwkYzdlMzdmZWQtZmZlOC00NDU1LTllMzMtNTk0NTgyNTlhZTQ5MS0wKwYD
VQQKDCRmZGNlMjg2Ny04ZGQ2LTRhNzEtOGEzOS1iZDkzN2EyZDM1MzkxCjAIBgNV
BAUTATEwggEiMA0GCSqGSIb3DQEBAQUAA4IBDwAwggEKAoIBAQDGUeSWFKEchrWF
WNDvxsObSnl8CMkib+IpmJkIaeU/HL+DMhsTrb3cxVBMz69YAslNv8jgYkA2rMJU
eMQajX7A4Rvkip099wiHZs0ybcyve7LPbycVgow8u9JuBs1D/P9z2j2BDHzH9Dfj
AxJNQrScYLa/qN2RxdF4GLzQnMBKE39GvK3tfsbFyzBkQAUYR0mbeXNDa2g7+LBt
sHCneWLUd3zvbd9wL1XCLkiSzHmCTqup4zuyYlZXrmOEX11vSP9z4hH30EjI8+Ih
IL+3VAjfCeZtww3++H96ArXPT6zaCxjSMHlCpfPJjX+661UGp7bzDlLauqfku2da
OaUlujnvAgMBAAGjNDAyMA8GA1UdEwEB/wQFMAMBAf8wDgYDVR0PAQH/BAQDAgEG
MA8GA1UdEQQIMAaHBAoBARgwDQYJKoZIhvcNAQELBQADggEBAIqYbSKSrV4qS6dS
TVz0grY5GJs+vXyi/M3DlbRpyFAiRKGkE0iwLs0O+TQptqunne52v4BMKmn6UWHi
s9y2G5iWYx9bbVBxoDdDqgc5Rk1mVpS8Tu4jBstjegKIvVIRKTNerehfkSQjQlzT
121vcE/fJp870TKatHNv9UwfAhyfE0Qpuk8imW/jenwsoFwXhQ2Xr6718p3tZldD
Bn4vMlAYz19urlpn+MOonOMIQuDAGqaHqMUrX3n62c3xE8a0rH6Z5OBwePaggdJ7
PWkwL8xSP5KqGHV2I1wnPu7BST6GCp03Djcasz1Z/mGtwCP8ehWR5CIMvc1qdcvH
UrP7wtU=
-----END CERTIFICATE-----

2025-05-13 07:43:23,290 [main] INFO  keys.KeyStorage (KeyStorage.java:readPublicKey(174)) - Reading public key from /tmp/junit-6012229698098752559/scm-meta/scm/ca/keys/public.pem.
2025-05-13 07:43:23,291 [main] INFO  keys.KeyStorage (KeyStorage.java:readPrivateKey(158)) - Reading private key from /tmp/junit-6012229698098752559/scm-meta/scm/ca/keys/private.pem.
2025-05-13 07:43:23,293 [main] INFO  client.SCMCertificateClient (SCMCertificateClient.java:configureCSRBuilder(141)) - Creating csr for SCM->hostName:pkrvmberfyhpb9w,scmId:c7e37fed-ffe8-4455-9e33-59458259ae49,clusterId:fdce2867-8dd6-4a71-8a39-bd937a2d3539,subject:scm-sub@pkrvmberfyhpb9w
2025-05-13 07:43:23,293 [main] INFO  ozone.OzoneSecurityUtil (OzoneSecurityUtil.java:getValidInetsForCurrentHost(116)) - ip:fe80:0:0:0:222:48ff:fe46:ea58%eth0 not returned.
2025-05-13 07:43:23,295 [main] INFO  ozone.OzoneSecurityUtil (OzoneSecurityUtil.java:getValidInetsForCurrentHost(113)) - Adding ip:10.1.1.24,host:10.1.1.24
2025-05-13 07:43:23,295 [main] INFO  ozone.OzoneSecurityUtil (OzoneSecurityUtil.java:getValidInetsForCurrentHost(116)) - ip:0:0:0:0:0:0:0:1%lo not returned.
2025-05-13 07:43:23,296 [main] INFO  ozone.OzoneSecurityUtil (OzoneSecurityUtil.java:getValidInetsForCurrentHost(116)) - ip:127.0.0.1 not returned.
2025-05-13 07:43:23,299 [main] ERROR utils.CertificateSignRequest (CertificateSignRequest.java:lambda$addInetAddresses$0(316)) - Invalid domain 10.1.1.24
2025-05-13 07:43:23,302 [main] INFO  keys.KeyStorage (KeyStorage.java:readPrivateKey(158)) - Reading private key from /tmp/junit-6012229698098752559/scm-meta/scm/ca/keys/private.pem.
2025-05-13 07:43:23,305 [main] INFO  authority.DefaultApprover (DefaultApprover.java:sign(171)) - Extensions in CSR: 2.5.29.19, 2.5.29.15, 2.5.29.17
2025-05-13 07:43:23,305 [main] INFO  authority.DefaultApprover (DefaultApprover.java:sign(175)) - Extensions to add to the certificate if they present in CSR: 2.5.29.15, 2.5.29.17, 2.5.29.35, 2.5.29.37, 2.5.29.19, 1.3.6.1.5.5.7.1.12
2025-05-13 07:43:23,310 [main] INFO  utils.CertificateCodec (CertificateCodec.java:writeCertificate(239)) - Save certificate to /tmp/junit-6012229698098752559/scm-meta/scm/sub-ca/certs/CA-1.crt
2025-05-13 07:43:23,310 [main] INFO  utils.CertificateCodec (CertificateCodec.java:writeCertificate(240)) - Certificate -----BEGIN CERTIFICATE-----
MIIDwTCCAqmgAwIBAgIBATANBgkqhkiG9w0BAQsFADCBiDEcMBoGA1UEAwwTc2Nt
QHBrcnZtYmVyZnlocGI5dzEtMCsGA1UECwwkYzdlMzdmZWQtZmZlOC00NDU1LTll
MzMtNTk0NTgyNTlhZTQ5MS0wKwYDVQQKDCRmZGNlMjg2Ny04ZGQ2LTRhNzEtOGEz
OS1iZDkzN2EyZDM1MzkxCjAIBgNVBAUTATEwHhcNMjUwNTEzMDc0MzIzWhcNMzAw
NjIxMDc0MzIzWjCBiDEcMBoGA1UEAwwTc2NtQHBrcnZtYmVyZnlocGI5dzEtMCsG
A1UECwwkYzdlMzdmZWQtZmZlOC00NDU1LTllMzMtNTk0NTgyNTlhZTQ5MS0wKwYD
VQQKDCRmZGNlMjg2Ny04ZGQ2LTRhNzEtOGEzOS1iZDkzN2EyZDM1MzkxCjAIBgNV
BAUTATEwggEiMA0GCSqGSIb3DQEBAQUAA4IBDwAwggEKAoIBAQDGUeSWFKEchrWF
WNDvxsObSnl8CMkib+IpmJkIaeU/HL+DMhsTrb3cxVBMz69YAslNv8jgYkA2rMJU
eMQajX7A4Rvkip099wiHZs0ybcyve7LPbycVgow8u9JuBs1D/P9z2j2BDHzH9Dfj
AxJNQrScYLa/qN2RxdF4GLzQnMBKE39GvK3tfsbFyzBkQAUYR0mbeXNDa2g7+LBt
sHCneWLUd3zvbd9wL1XCLkiSzHmCTqup4zuyYlZXrmOEX11vSP9z4hH30EjI8+Ih
IL+3VAjfCeZtww3++H96ArXPT6zaCxjSMHlCpfPJjX+661UGp7bzDlLauqfku2da
OaUlujnvAgMBAAGjNDAyMA8GA1UdEwEB/wQFMAMBAf8wDgYDVR0PAQH/BAQDAgEG
MA8GA1UdEQQIMAaHBAoBARgwDQYJKoZIhvcNAQELBQADggEBAIqYbSKSrV4qS6dS
TVz0grY5GJs+vXyi/M3DlbRpyFAiRKGkE0iwLs0O+TQptqunne52v4BMKmn6UWHi
s9y2G5iWYx9bbVBxoDdDqgc5Rk1mVpS8Tu4jBstjegKIvVIRKTNerehfkSQjQlzT
121vcE/fJp870TKatHNv9UwfAhyfE0Qpuk8imW/jenwsoFwXhQ2Xr6718p3tZldD
Bn4vMlAYz19urlpn+MOonOMIQuDAGqaHqMUrX3n62c3xE8a0rH6Z5OBwePaggdJ7
PWkwL8xSP5KqGHV2I1wnPu7BST6GCp03Djcasz1Z/mGtwCP8ehWR5CIMvc1qdcvH
UrP7wtU=
-----END CERTIFICATE-----

2025-05-13 07:43:23,312 [main] INFO  utils.CertificateCodec (CertificateCodec.java:writeCertificate(239)) - Save certificate to /tmp/junit-6012229698098752559/scm-meta/scm/sub-ca/certs/2.crt
2025-05-13 07:43:23,312 [main] INFO  utils.CertificateCodec (CertificateCodec.java:writeCertificate(240)) - Certificate -----BEGIN CERTIFICATE-----
MIIDxTCCAq2gAwIBAgIBAjANBgkqhkiG9w0BAQsFADCBiDEcMBoGA1UEAwwTc2Nt
QHBrcnZtYmVyZnlocGI5dzEtMCsGA1UECwwkYzdlMzdmZWQtZmZlOC00NDU1LTll
MzMtNTk0NTgyNTlhZTQ5MS0wKwYDVQQKDCRmZGNlMjg2Ny04ZGQ2LTRhNzEtOGEz
OS1iZDkzN2EyZDM1MzkxCjAIBgNVBAUTATEwHhcNMjUwNTEzMDc0MzIzWhcNMzAw
NjIxMDc0MzIzWjCBjDEgMB4GA1UEAwwXc2NtLXN1YkBwa3J2bWJlcmZ5aHBiOXcx
LTArBgNVBAsMJGM3ZTM3ZmVkLWZmZTgtNDQ1NS05ZTMzLTU5NDU4MjU5YWU0OTEt
MCsGA1UECgwkZmRjZTI4NjctOGRkNi00YTcxLThhMzktYmQ5MzdhMmQzNTM5MQow
CAYDVQQFEwEyMIIBIjANBgkqhkiG9w0BAQEFAAOCAQ8AMIIBCgKCAQEA0KW4pHGN
8m/Igfeo8ailMJ2L71Ab1yuIsQOTJgyN+0t7b4OZOR3AvZCQraEAbR6XjeHW1DDN
B0R6mWkWP7/z9xnrkVsnzJphCe4msUh21qF4ryAzjxgEc/jVS5SzqmT+DnKwEp2/
EwEuwajSOfuUpT1CRreIfGoTYuONUo5GZLQdH9gL33LsllBoKoXywq3ZP1knZ4eo
1fLGSOK6qQxH6V1cYSq4+TltvDa4AOHTMwdf6iQrO1Bl46WORLdyhszZq4DJKqxt
U0Z5jUeMS8ke0qDlwl5djO/h2lhgVMshvkrt4cmnmoyxcPTNzxqSVfc5tShc6Pp2
yNET+QOaCtwBtwIDAQABozQwMjAOBgNVHQ8BAf8EBAMCAb4wDwYDVR0RBAgwBocE
CgEBGDAPBgNVHRMBAf8EBTADAQH/MA0GCSqGSIb3DQEBCwUAA4IBAQAzV3oMTiFj
9HImqPwaJHoE9kXrslIhdGma4mOpaC1UJXoIOqWi5WS42Uu7sGpmZk8qkJNw7N54
p12VpAtiizOWVCShzIdmGX84ktNUYgitfB5O9ClEL/JiP/2R7gyWVW0JM8234zs4
uTMX3B/KEvcQRE9gzs2WcQscMEC+hfLh9Co9+jBoVpM0Uwg8FloOcjodxXXznby+
acByb6/4N7AkSO9s1hWg79rF6DWp2CYrRE7F5S9i8VrlcilQ44UjeVf/8wf8vez5
m2XnJlt3PsoRAB1NRmHn2qkvF3Yo8ktjEq5tTIEJDnznjrFP2BKHr3ygzwxisOeT
0YiCH6FM/bhn
-----END CERTIFICATE-----

-----BEGIN CERTIFICATE-----
MIIDwTCCAqmgAwIBAgIBATANBgkqhkiG9w0BAQsFADCBiDEcMBoGA1UEAwwTc2Nt
QHBrcnZtYmVyZnlocGI5dzEtMCsGA1UECwwkYzdlMzdmZWQtZmZlOC00NDU1LTll
MzMtNTk0NTgyNTlhZTQ5MS0wKwYDVQQKDCRmZGNlMjg2Ny04ZGQ2LTRhNzEtOGEz
OS1iZDkzN2EyZDM1MzkxCjAIBgNVBAUTATEwHhcNMjUwNTEzMDc0MzIzWhcNMzAw
NjIxMDc0MzIzWjCBiDEcMBoGA1UEAwwTc2NtQHBrcnZtYmVyZnlocGI5dzEtMCsG
A1UECwwkYzdlMzdmZWQtZmZlOC00NDU1LTllMzMtNTk0NTgyNTlhZTQ5MS0wKwYD
VQQKDCRmZGNlMjg2Ny04ZGQ2LTRhNzEtOGEzOS1iZDkzN2EyZDM1MzkxCjAIBgNV
BAUTATEwggEiMA0GCSqGSIb3DQEBAQUAA4IBDwAwggEKAoIBAQDGUeSWFKEchrWF
WNDvxsObSnl8CMkib+IpmJkIaeU/HL+DMhsTrb3cxVBMz69YAslNv8jgYkA2rMJU
eMQajX7A4Rvkip099wiHZs0ybcyve7LPbycVgow8u9JuBs1D/P9z2j2BDHzH9Dfj
AxJNQrScYLa/qN2RxdF4GLzQnMBKE39GvK3tfsbFyzBkQAUYR0mbeXNDa2g7+LBt
sHCneWLUd3zvbd9wL1XCLkiSzHmCTqup4zuyYlZXrmOEX11vSP9z4hH30EjI8+Ih
IL+3VAjfCeZtww3++H96ArXPT6zaCxjSMHlCpfPJjX+661UGp7bzDlLauqfku2da
OaUlujnvAgMBAAGjNDAyMA8GA1UdEwEB/wQFMAMBAf8wDgYDVR0PAQH/BAQDAgEG
MA8GA1UdEQQIMAaHBAoBARgwDQYJKoZIhvcNAQELBQADggEBAIqYbSKSrV4qS6dS
TVz0grY5GJs+vXyi/M3DlbRpyFAiRKGkE0iwLs0O+TQptqunne52v4BMKmn6UWHi
s9y2G5iWYx9bbVBxoDdDqgc5Rk1mVpS8Tu4jBstjegKIvVIRKTNerehfkSQjQlzT
121vcE/fJp870TKatHNv9UwfAhyfE0Qpuk8imW/jenwsoFwXhQ2Xr6718p3tZldD
Bn4vMlAYz19urlpn+MOonOMIQuDAGqaHqMUrX3n62c3xE8a0rH6Z5OBwePaggdJ7
PWkwL8xSP5KqGHV2I1wnPu7BST6GCp03Djcasz1Z/mGtwCP8ehWR5CIMvc1qdcvH
UrP7wtU=
-----END CERTIFICATE-----

2025-05-13 07:43:23,313 [main] INFO  utils.CertificateCodec (CertificateCodec.java:writeCertificate(239)) - Save certificate to /tmp/junit-6012229698098752559/scm-meta/scm/sub-ca/certs/certificate.crt
2025-05-13 07:43:23,313 [main] INFO  utils.CertificateCodec (CertificateCodec.java:writeCertificate(240)) - Certificate -----BEGIN CERTIFICATE-----
MIIDxTCCAq2gAwIBAgIBAjANBgkqhkiG9w0BAQsFADCBiDEcMBoGA1UEAwwTc2Nt
QHBrcnZtYmVyZnlocGI5dzEtMCsGA1UECwwkYzdlMzdmZWQtZmZlOC00NDU1LTll
MzMtNTk0NTgyNTlhZTQ5MS0wKwYDVQQKDCRmZGNlMjg2Ny04ZGQ2LTRhNzEtOGEz
OS1iZDkzN2EyZDM1MzkxCjAIBgNVBAUTATEwHhcNMjUwNTEzMDc0MzIzWhcNMzAw
NjIxMDc0MzIzWjCBjDEgMB4GA1UEAwwXc2NtLXN1YkBwa3J2bWJlcmZ5aHBiOXcx
LTArBgNVBAsMJGM3ZTM3ZmVkLWZmZTgtNDQ1NS05ZTMzLTU5NDU4MjU5YWU0OTEt
MCsGA1UECgwkZmRjZTI4NjctOGRkNi00YTcxLThhMzktYmQ5MzdhMmQzNTM5MQow
CAYDVQQFEwEyMIIBIjANBgkqhkiG9w0BAQEFAAOCAQ8AMIIBCgKCAQEA0KW4pHGN
8m/Igfeo8ailMJ2L71Ab1yuIsQOTJgyN+0t7b4OZOR3AvZCQraEAbR6XjeHW1DDN
B0R6mWkWP7/z9xnrkVsnzJphCe4msUh21qF4ryAzjxgEc/jVS5SzqmT+DnKwEp2/
EwEuwajSOfuUpT1CRreIfGoTYuONUo5GZLQdH9gL33LsllBoKoXywq3ZP1knZ4eo
1fLGSOK6qQxH6V1cYSq4+TltvDa4AOHTMwdf6iQrO1Bl46WORLdyhszZq4DJKqxt
U0Z5jUeMS8ke0qDlwl5djO/h2lhgVMshvkrt4cmnmoyxcPTNzxqSVfc5tShc6Pp2
yNET+QOaCtwBtwIDAQABozQwMjAOBgNVHQ8BAf8EBAMCAb4wDwYDVR0RBAgwBocE
CgEBGDAPBgNVHRMBAf8EBTADAQH/MA0GCSqGSIb3DQEBCwUAA4IBAQAzV3oMTiFj
9HImqPwaJHoE9kXrslIhdGma4mOpaC1UJXoIOqWi5WS42Uu7sGpmZk8qkJNw7N54
p12VpAtiizOWVCShzIdmGX84ktNUYgitfB5O9ClEL/JiP/2R7gyWVW0JM8234zs4
uTMX3B/KEvcQRE9gzs2WcQscMEC+hfLh9Co9+jBoVpM0Uwg8FloOcjodxXXznby+
acByb6/4N7AkSO9s1hWg79rF6DWp2CYrRE7F5S9i8VrlcilQ44UjeVf/8wf8vez5
m2XnJlt3PsoRAB1NRmHn2qkvF3Yo8ktjEq5tTIEJDnznjrFP2BKHr3ygzwxisOeT
0YiCH6FM/bhn
-----END CERTIFICATE-----

-----BEGIN CERTIFICATE-----
MIIDwTCCAqmgAwIBAgIBATANBgkqhkiG9w0BAQsFADCBiDEcMBoGA1UEAwwTc2Nt
QHBrcnZtYmVyZnlocGI5dzEtMCsGA1UECwwkYzdlMzdmZWQtZmZlOC00NDU1LTll
MzMtNTk0NTgyNTlhZTQ5MS0wKwYDVQQKDCRmZGNlMjg2Ny04ZGQ2LTRhNzEtOGEz
OS1iZDkzN2EyZDM1MzkxCjAIBgNVBAUTATEwHhcNMjUwNTEzMDc0MzIzWhcNMzAw
NjIxMDc0MzIzWjCBiDEcMBoGA1UEAwwTc2NtQHBrcnZtYmVyZnlocGI5dzEtMCsG
A1UECwwkYzdlMzdmZWQtZmZlOC00NDU1LTllMzMtNTk0NTgyNTlhZTQ5MS0wKwYD
VQQKDCRmZGNlMjg2Ny04ZGQ2LTRhNzEtOGEzOS1iZDkzN2EyZDM1MzkxCjAIBgNV
BAUTATEwggEiMA0GCSqGSIb3DQEBAQUAA4IBDwAwggEKAoIBAQDGUeSWFKEchrWF
WNDvxsObSnl8CMkib+IpmJkIaeU/HL+DMhsTrb3cxVBMz69YAslNv8jgYkA2rMJU
eMQajX7A4Rvkip099wiHZs0ybcyve7LPbycVgow8u9JuBs1D/P9z2j2BDHzH9Dfj
AxJNQrScYLa/qN2RxdF4GLzQnMBKE39GvK3tfsbFyzBkQAUYR0mbeXNDa2g7+LBt
sHCneWLUd3zvbd9wL1XCLkiSzHmCTqup4zuyYlZXrmOEX11vSP9z4hH30EjI8+Ih
IL+3VAjfCeZtww3++H96ArXPT6zaCxjSMHlCpfPJjX+661UGp7bzDlLauqfku2da
OaUlujnvAgMBAAGjNDAyMA8GA1UdEwEB/wQFMAMBAf8wDgYDVR0PAQH/BAQDAgEG
MA8GA1UdEQQIMAaHBAoBARgwDQYJKoZIhvcNAQELBQADggEBAIqYbSKSrV4qS6dS
TVz0grY5GJs+vXyi/M3DlbRpyFAiRKGkE0iwLs0O+TQptqunne52v4BMKmn6UWHi
s9y2G5iWYx9bbVBxoDdDqgc5Rk1mVpS8Tu4jBstjegKIvVIRKTNerehfkSQjQlzT
121vcE/fJp870TKatHNv9UwfAhyfE0Qpuk8imW/jenwsoFwXhQ2Xr6718p3tZldD
Bn4vMlAYz19urlpn+MOonOMIQuDAGqaHqMUrX3n62c3xE8a0rH6Z5OBwePaggdJ7
PWkwL8xSP5KqGHV2I1wnPu7BST6GCp03Djcasz1Z/mGtwCP8ehWR5CIMvc1qdcvH
UrP7wtU=
-----END CERTIFICATE-----

2025-05-13 07:43:23,313 [main] INFO  client.SCMCertificateClient (SCMCertificateClient.java:recoverStateIfNeeded(289)) - Successfully stored SCM signed certificate.
2025-05-13 07:43:23,316 [main] INFO  ha.SCMHANodeDetails (SCMHANodeDetails.java:loadSCMHAConfig(162)) - ServiceID for StorageContainerManager is null
2025-05-13 07:43:23,316 [main] INFO  ha.SCMHANodeDetails (SCMHANodeDetails.java:loadSCMHAConfig(166)) - ozone.scm.default.service.id is not defined, falling back to ozone.scm.service.ids to find serviceID for StorageContainerManager if it is HA enabled cluster
2025-05-13 07:43:23,318 [main] INFO  server.RaftServerConfigKeys (ConfUtils.java:logGet(46)) - raft.server.log.appender.buffer.byte-limit = 4194304 (custom)
2025-05-13 07:43:23,320 [main] INFO  server.RaftServer (ConfUtils.java:logGet(46)) - raft.rpc.type = GRPC (default)
2025-05-13 07:43:23,320 [main] INFO  grpc.GrpcConfigKeys (ConfUtils.java:logFallback(53)) - raft.grpc.admin.host = null (fallback to raft.grpc.server.host)
2025-05-13 07:43:23,321 [main] INFO  grpc.GrpcConfigKeys (ConfUtils.java:logFallback(53)) - raft.grpc.admin.port = 15039 (fallback to raft.grpc.server.port)
2025-05-13 07:43:23,321 [main] INFO  grpc.GrpcConfigKeys (ConfUtils.java:logFallback(53)) - raft.grpc.client.host = null (fallback to raft.grpc.server.host)
2025-05-13 07:43:23,321 [main] INFO  grpc.GrpcConfigKeys (ConfUtils.java:logFallback(53)) - raft.grpc.client.port = 15039 (fallback to raft.grpc.server.port)
2025-05-13 07:43:23,321 [main] INFO  grpc.GrpcConfigKeys (ConfUtils.java:logGet(46)) - raft.grpc.server.host = null (default)
2025-05-13 07:43:23,321 [main] INFO  grpc.GrpcConfigKeys (ConfUtils.java:logGet(46)) - raft.grpc.server.port = 15039 (custom)
2025-05-13 07:43:23,322 [main] INFO  server.GrpcService (ConfUtils.java:logGet(46)) - raft.grpc.message.size.max = 5242880 (custom)
2025-05-13 07:43:23,322 [main] INFO  server.GrpcService (ConfUtils.java:logGet(46)) - raft.grpc.flow.control.window = 1MB (=1048576) (default)
2025-05-13 07:43:23,322 [main] INFO  server.RaftServerConfigKeys (ConfUtils.java:logGet(46)) - raft.server.rpc.request.timeout = 30000ms (custom)
2025-05-13 07:43:23,322 [main] INFO  grpc.GrpcConfigKeys (ConfUtils.java:logGet(46)) - raft.grpc.server.heartbeat.channel = true (default)
2025-05-13 07:43:23,322 [main] INFO  server.RaftServerConfigKeys (ConfUtils.java:logGet(46)) - raft.server.log.appender.buffer.byte-limit = 4194304 (custom)
2025-05-13 07:43:23,322 [main] INFO  grpc.GrpcConfigKeys (ConfUtils.java:logGet(46)) - raft.grpc.server.async.request.thread.pool.cached = true (default)
2025-05-13 07:43:23,323 [main] INFO  grpc.GrpcConfigKeys (ConfUtils.java:logGet(46)) - raft.grpc.server.async.request.thread.pool.size = 32 (default)
2025-05-13 07:43:23,324 [main] INFO  impl.DataStreamServerImpl (ConfUtils.java:logGet(46)) - raft.datastream.type = DISABLED (default)
2025-05-13 07:43:23,325 [main] INFO  server.RaftServerConfigKeys (ConfUtils.java:logGet(46)) - raft.server.sleep.deviation.threshold = 300ms (default)
2025-05-13 07:43:23,325 [main] INFO  server.RaftServerConfigKeys (ConfUtils.java:logGet(46)) - raft.server.close.threshold = 60s (default)
2025-05-13 07:43:23,325 [main] INFO  server.RaftServerConfigKeys (ConfUtils.java:logGet(46)) - raft.server.leaderelection.leader.step-down.wait-time = 10s (default)
2025-05-13 07:43:23,326 [main] INFO  server.RaftServerConfigKeys (ConfUtils.java:logGet(46)) - raft.server.storage.dir = [/tmp/junit-6012229698098752559/scm-meta/scm-ha] (custom)
2025-05-13 07:43:23,326 [main] INFO  server.RaftServerConfigKeys (ConfUtils.java:logGet(46)) - raft.server.threadpool.proxy.cached = true (default)
2025-05-13 07:43:23,326 [main] INFO  server.RaftServerConfigKeys (ConfUtils.java:logGet(46)) - raft.server.threadpool.proxy.size = 0 (default)
2025-05-13 07:43:23,328 [main] INFO  server.RaftServer (RaftServerProxy.java:addNew(100)) - c7e37fed-ffe8-4455-9e33-59458259ae49: addNew group-BD937A2D3539:[c7e37fed-ffe8-4455-9e33-59458259ae49|pkrvmberfyhpb9w:15039] returns group-BD937A2D3539:java.util.concurrent.CompletableFuture@622c53d2[Not completed]
2025-05-13 07:43:23,328 [c7e37fed-ffe8-4455-9e33-59458259ae49-groupManagement] INFO  server.RaftServer$Division (RaftServerImpl.java:<init>(255)) - c7e37fed-ffe8-4455-9e33-59458259ae49: new RaftServerImpl for group-BD937A2D3539:[c7e37fed-ffe8-4455-9e33-59458259ae49|pkrvmberfyhpb9w:15039] with SCMStateMachine:uninitialized
2025-05-13 07:43:23,328 [c7e37fed-ffe8-4455-9e33-59458259ae49-groupManagement] INFO  server.RaftServerConfigKeys (ConfUtils.java:logGet(46)) - raft.server.rpc.timeout.min = 5000ms (custom)
2025-05-13 07:43:23,328 [c7e37fed-ffe8-4455-9e33-59458259ae49-groupManagement] INFO  server.RaftServerConfigKeys (ConfUtils.java:logGet(46)) - raft.server.rpc.timeout.max = 5200ms (custom)
2025-05-13 07:43:23,328 [c7e37fed-ffe8-4455-9e33-59458259ae49-groupManagement] INFO  server.RaftServerConfigKeys (ConfUtils.java:logGet(46)) - raft.server.rpc.sleep.time = 25ms (default)
2025-05-13 07:43:23,329 [c7e37fed-ffe8-4455-9e33-59458259ae49-groupManagement] INFO  server.RaftServerConfigKeys (ConfUtils.java:logGet(46)) - raft.server.rpc.slowness.timeout = 120000ms (custom)
2025-05-13 07:43:23,329 [c7e37fed-ffe8-4455-9e33-59458259ae49-groupManagement] INFO  server.RaftServerConfigKeys (ConfUtils.java:logGet(46)) - raft.server.leaderelection.leader.step-down.wait-time = 10s (default)
2025-05-13 07:43:23,329 [c7e37fed-ffe8-4455-9e33-59458259ae49-groupManagement] INFO  server.RaftServerConfigKeys (ConfUtils.java:logGet(46)) - raft.server.leaderelection.member.majority-add = false (default)
2025-05-13 07:43:23,329 [c7e37fed-ffe8-4455-9e33-59458259ae49-groupManagement] INFO  server.RaftServerConfigKeys (ConfUtils.java:logGet(46)) - raft.server.sleep.deviation.threshold = 300ms (default)
2025-05-13 07:43:23,329 [c7e37fed-ffe8-4455-9e33-59458259ae49-groupManagement] INFO  server.RaftServer$Division (ServerState.java:<init>(114)) - c7e37fed-ffe8-4455-9e33-59458259ae49@group-BD937A2D3539: ConfigurationManager, init=conf: {index: -1, cur=peers:[c7e37fed-ffe8-4455-9e33-59458259ae49|pkrvmberfyhpb9w:15039]|listeners:[], old=null}, confs=<EMPTY_MAP>
2025-05-13 07:43:23,329 [c7e37fed-ffe8-4455-9e33-59458259ae49-groupManagement] INFO  server.RaftServerConfigKeys (ConfUtils.java:logGet(46)) - raft.server.notification.no-leader.timeout = 60s (default)
2025-05-13 07:43:23,330 [c7e37fed-ffe8-4455-9e33-59458259ae49-groupManagement] INFO  server.RaftServerConfigKeys (ConfUtils.java:logGet(46)) - raft.server.read.timeout = 10s (default)
2025-05-13 07:43:23,330 [c7e37fed-ffe8-4455-9e33-59458259ae49-groupManagement] INFO  server.RaftServerConfigKeys (ConfUtils.java:logGet(46)) - raft.server.retrycache.expirytime = 60000ms (default)
2025-05-13 07:43:23,330 [c7e37fed-ffe8-4455-9e33-59458259ae49-groupManagement] INFO  server.RaftServerConfigKeys (ConfUtils.java:logGet(46)) - raft.server.retrycache.statistics.expirytime = 100ms (default)
2025-05-13 07:43:23,330 [c7e37fed-ffe8-4455-9e33-59458259ae49-groupManagement] INFO  server.RaftServerConfigKeys (ConfUtils.java:logGet(46)) - raft.server.read.option = DEFAULT (default)
2025-05-13 07:43:23,330 [c7e37fed-ffe8-4455-9e33-59458259ae49-groupManagement] INFO  server.RaftServerConfigKeys (ConfUtils.java:logGet(46)) - raft.server.read.read-after-write-consistent.write-index-cache.expiry-time = 60s (default)
2025-05-13 07:43:23,341 [c7e37fed-ffe8-4455-9e33-59458259ae49-groupManagement] INFO  server.RaftServerConfigKeys (ConfUtils.java:logGet(46)) - raft.server.rpc.request.timeout = 30000ms (custom)
2025-05-13 07:43:23,341 [c7e37fed-ffe8-4455-9e33-59458259ae49-groupManagement] INFO  server.RaftServerConfigKeys (ConfUtils.java:logGet(46)) - raft.server.log.appender.install.snapshot.enabled = false (custom)
2025-05-13 07:43:23,341 [c7e37fed-ffe8-4455-9e33-59458259ae49-groupManagement] INFO  server.RaftServerConfigKeys (ConfUtils.java:logGet(46)) - raft.server.threadpool.server.cached = true (default)
2025-05-13 07:43:23,342 [c7e37fed-ffe8-4455-9e33-59458259ae49-groupManagement] INFO  server.RaftServerConfigKeys (ConfUtils.java:logGet(46)) - raft.server.threadpool.server.size = 0 (default)
2025-05-13 07:43:23,342 [c7e37fed-ffe8-4455-9e33-59458259ae49-groupManagement] INFO  server.RaftServerConfigKeys (ConfUtils.java:logGet(46)) - raft.server.threadpool.client.cached = true (default)
2025-05-13 07:43:23,342 [c7e37fed-ffe8-4455-9e33-59458259ae49-groupManagement] INFO  server.RaftServerConfigKeys (ConfUtils.java:logGet(46)) - raft.server.threadpool.client.size = 0 (default)
2025-05-13 07:43:23,342 [c7e37fed-ffe8-4455-9e33-59458259ae49-impl-thread1] INFO  server.RaftServerConfigKeys (ConfUtils.java:logGet(46)) - raft.server.storage.free-space.min = 0MB (=0) (default)
2025-05-13 07:43:23,343 [c7e37fed-ffe8-4455-9e33-59458259ae49-impl-thread1] INFO  server.RaftServerConfigKeys (ConfUtils.java:logGet(46)) - raft.server.log.corruption.policy = EXCEPTION (default)
2025-05-13 07:43:23,343 [c7e37fed-ffe8-4455-9e33-59458259ae49-impl-thread1] INFO  server.RaftServerConfigKeys (ConfUtils.java:logGet(46)) - raft.server.storage.dir = [/tmp/junit-6012229698098752559/scm-meta/scm-ha] (custom)
2025-05-13 07:43:23,343 [c7e37fed-ffe8-4455-9e33-59458259ae49-impl-thread1] INFO  storage.RaftStorageDirectory (RaftStorageDirectoryImpl.java:analyzeStorage(138)) - The storage directory /tmp/junit-6012229698098752559/scm-meta/scm-ha/fdce2867-8dd6-4a71-8a39-bd937a2d3539 does not exist. Creating ...
2025-05-13 07:43:23,345 [c7e37fed-ffe8-4455-9e33-59458259ae49-impl-thread1] INFO  storage.RaftStorageDirectory (RaftStorageDirectoryImpl.java:tryLock(229)) - Lock on /tmp/junit-6012229698098752559/scm-meta/scm-ha/fdce2867-8dd6-4a71-8a39-bd937a2d3539/in_use.lock acquired by nodename 25269@pkrvmberfyhpb9w
2025-05-13 07:43:23,347 [c7e37fed-ffe8-4455-9e33-59458259ae49-impl-thread1] INFO  storage.RaftStorage (RaftStorageImpl.java:format(98)) - Storage directory /tmp/junit-6012229698098752559/scm-meta/scm-ha/fdce2867-8dd6-4a71-8a39-bd937a2d3539 has been successfully formatted.
2025-05-13 07:43:23,347 [c7e37fed-ffe8-4455-9e33-59458259ae49-impl-thread1] INFO  ha.SCMStateMachine (SCMStateMachine.java:lambda$initialize$0(135)) - c7e37fed-ffe8-4455-9e33-59458259ae49: initialize group-BD937A2D3539
2025-05-13 07:43:23,347 [c7e37fed-ffe8-4455-9e33-59458259ae49-impl-thread1] INFO  server.RaftServerConfigKeys (ConfUtils.java:logGet(46)) - raft.server.log.use.memory = false (default)
2025-05-13 07:43:23,347 [c7e37fed-ffe8-4455-9e33-59458259ae49-impl-thread1] INFO  server.RaftServerConfigKeys (ConfUtils.java:logGet(46)) - raft.server.log.purge.gap = 1000000 (custom)
2025-05-13 07:43:23,347 [c7e37fed-ffe8-4455-9e33-59458259ae49-impl-thread1] INFO  server.RaftServerConfigKeys (ConfUtils.java:logGet(46)) - raft.server.log.appender.buffer.byte-limit = 4194304 (custom)
2025-05-13 07:43:23,347 [c7e37fed-ffe8-4455-9e33-59458259ae49-impl-thread1] INFO  server.RaftServerConfigKeys (ConfUtils.java:logGet(46)) - raft.server.log.statemachine.data.read.timeout = 1000ms (default)
2025-05-13 07:43:23,348 [c7e37fed-ffe8-4455-9e33-59458259ae49-impl-thread1] INFO  server.RaftServerConfigKeys (ConfUtils.java:logGet(46)) - raft.server.log.purge.preservation.log.num = 0 (default)
2025-05-13 07:43:23,351 [c7e37fed-ffe8-4455-9e33-59458259ae49-impl-thread1] INFO  server.RaftServerConfigKeys (ConfUtils.java:logGet(46)) - raft.server.log.segment.size.max = 4194304 (custom)
2025-05-13 07:43:23,352 [c7e37fed-ffe8-4455-9e33-59458259ae49-impl-thread1] INFO  server.RaftServerConfigKeys (ConfUtils.java:logGet(46)) - raft.server.log.segment.cache.num.max = 2 (custom)
2025-05-13 07:43:23,352 [c7e37fed-ffe8-4455-9e33-59458259ae49-impl-thread1] INFO  server.RaftServerConfigKeys (ConfUtils.java:logGet(46)) - raft.server.log.segment.cache.size.max = 200MB (=209715200) (default)
2025-05-13 07:43:23,352 [c7e37fed-ffe8-4455-9e33-59458259ae49-impl-thread1] INFO  server.RaftServerConfigKeys (ConfUtils.java:logGet(46)) - raft.server.log.appender.buffer.byte-limit = 4194304 (custom)
2025-05-13 07:43:23,353 [c7e37fed-ffe8-4455-9e33-59458259ae49-impl-thread1] INFO  util.AwaitToRun (AwaitToRun.java:start(81)) - Thread[#1126,c7e37fed-ffe8-4455-9e33-59458259ae49@group-BD937A2D3539-cacheEviction-AwaitToRun,5,main] started
2025-05-13 07:43:23,353 [c7e37fed-ffe8-4455-9e33-59458259ae49-impl-thread1] INFO  segmented.SegmentedRaftLogWorker (SegmentedRaftLogWorker.java:<init>(188)) - new c7e37fed-ffe8-4455-9e33-59458259ae49@group-BD937A2D3539-SegmentedRaftLogWorker for RaftStorageImpl:Storage Directory /tmp/junit-6012229698098752559/scm-meta/scm-ha/fdce2867-8dd6-4a71-8a39-bd937a2d3539
2025-05-13 07:43:23,353 [c7e37fed-ffe8-4455-9e33-59458259ae49-impl-thread1] INFO  server.RaftServerConfigKeys (ConfUtils.java:logGet(46)) - raft.server.log.queue.byte-limit = 64MB (=67108864) (default)
2025-05-13 07:43:23,354 [c7e37fed-ffe8-4455-9e33-59458259ae49-impl-thread1] INFO  server.RaftServerConfigKeys (ConfUtils.java:logGet(46)) - raft.server.log.queue.element-limit = 4096 (default)
2025-05-13 07:43:23,354 [c7e37fed-ffe8-4455-9e33-59458259ae49-impl-thread1] INFO  server.RaftServerConfigKeys (ConfUtils.java:logGet(46)) - raft.server.log.segment.size.max = 4194304 (custom)
2025-05-13 07:43:23,354 [c7e37fed-ffe8-4455-9e33-59458259ae49-impl-thread1] INFO  server.RaftServerConfigKeys (ConfUtils.java:logGet(46)) - raft.server.log.preallocated.size = 4194304 (custom)
2025-05-13 07:43:23,354 [c7e37fed-ffe8-4455-9e33-59458259ae49-impl-thread1] INFO  server.RaftServerConfigKeys (ConfUtils.java:logGet(46)) - raft.server.log.force.sync.num = 128 (default)
2025-05-13 07:43:23,354 [c7e37fed-ffe8-4455-9e33-59458259ae49-impl-thread1] INFO  server.RaftServerConfigKeys (ConfUtils.java:logGet(46)) - raft.server.log.statemachine.data.sync = true (default)
2025-05-13 07:43:23,354 [c7e37fed-ffe8-4455-9e33-59458259ae49-impl-thread1] INFO  server.RaftServerConfigKeys (ConfUtils.java:logGet(46)) - raft.server.log.statemachine.data.sync.timeout = 10s (default)
2025-05-13 07:43:23,354 [c7e37fed-ffe8-4455-9e33-59458259ae49-impl-thread1] INFO  server.RaftServerConfigKeys (ConfUtils.java:logGet(46)) - raft.server.log.statemachine.data.sync.timeout.retry = -1 (default)
2025-05-13 07:43:23,355 [c7e37fed-ffe8-4455-9e33-59458259ae49-impl-thread1] INFO  server.RaftServerConfigKeys (ConfUtils.java:logGet(46)) - raft.server.log.write.buffer.size = 4194312 (custom)
2025-05-13 07:43:23,357 [c7e37fed-ffe8-4455-9e33-59458259ae49-impl-thread1] INFO  server.RaftServerConfigKeys (ConfUtils.java:logGet(46)) - raft.server.log.appender.buffer.byte-limit = 4194304 (custom)
2025-05-13 07:43:23,357 [c7e37fed-ffe8-4455-9e33-59458259ae49-impl-thread1] INFO  server.RaftServerConfigKeys (ConfUtils.java:logGet(46)) - raft.server.log.unsafe-flush.enabled = false (default)
2025-05-13 07:43:23,357 [c7e37fed-ffe8-4455-9e33-59458259ae49-impl-thread1] INFO  server.RaftServerConfigKeys (ConfUtils.java:logGet(46)) - raft.server.log.async-flush.enabled = false (default)
2025-05-13 07:43:23,358 [c7e37fed-ffe8-4455-9e33-59458259ae49-impl-thread1] INFO  server.RaftServerConfigKeys (ConfUtils.java:logGet(46)) - raft.server.log.statemachine.data.caching.enabled = false (default)
2025-05-13 07:43:23,358 [c7e37fed-ffe8-4455-9e33-59458259ae49-impl-thread1] INFO  segmented.SegmentedRaftLogWorker (SegmentedRaftLogWorker.java:lambda$new$0(139)) - c7e37fed-ffe8-4455-9e33-59458259ae49@group-BD937A2D3539-SegmentedRaftLogWorker: flushIndex: setUnconditionally 0 -> -1
2025-05-13 07:43:23,358 [c7e37fed-ffe8-4455-9e33-59458259ae49-impl-thread1] INFO  segmented.SegmentedRaftLogWorker (SegmentedRaftLogWorker.java:lambda$new$0(139)) - c7e37fed-ffe8-4455-9e33-59458259ae49@group-BD937A2D3539-SegmentedRaftLogWorker: safeCacheEvictIndex: setUnconditionally 0 -> -1
2025-05-13 07:43:23,360 [c7e37fed-ffe8-4455-9e33-59458259ae49-impl-thread1] INFO  server.RaftServer$Division (RaftServerImpl.java:start(391)) - c7e37fed-ffe8-4455-9e33-59458259ae49@group-BD937A2D3539: start as a follower, conf=conf: {index: -1, cur=peers:[c7e37fed-ffe8-4455-9e33-59458259ae49|pkrvmberfyhpb9w:15039]|listeners:[], old=null}
2025-05-13 07:43:23,360 [c7e37fed-ffe8-4455-9e33-59458259ae49-impl-thread1] INFO  server.RaftServer$Division (RaftServerImpl.java:setRole(378)) - c7e37fed-ffe8-4455-9e33-59458259ae49@group-BD937A2D3539: changes role from      null to FOLLOWER at term 0 for startAsFollower
2025-05-13 07:43:23,360 [c7e37fed-ffe8-4455-9e33-59458259ae49-impl-thread1] INFO  impl.RoleInfo (RoleInfo.java:updateAndGet(148)) - c7e37fed-ffe8-4455-9e33-59458259ae49: start c7e37fed-ffe8-4455-9e33-59458259ae49@group-BD937A2D3539-FollowerState
2025-05-13 07:43:23,361 [c7e37fed-ffe8-4455-9e33-59458259ae49@group-BD937A2D3539-FollowerState] INFO  server.RaftServerConfigKeys (ConfUtils.java:logFallback(53)) - raft.server.rpc.first-election.timeout.min = 5000ms (fallback to raft.server.rpc.timeout.min)
2025-05-13 07:43:23,361 [c7e37fed-ffe8-4455-9e33-59458259ae49@group-BD937A2D3539-FollowerState] INFO  server.RaftServerConfigKeys (ConfUtils.java:logFallback(53)) - raft.server.rpc.first-election.timeout.max = 5200ms (fallback to raft.server.rpc.timeout.max)
2025-05-13 07:43:23,363 [c7e37fed-ffe8-4455-9e33-59458259ae49-impl-thread1] INFO  util.JmxRegister (JmxRegister.java:tryRegister(44)) - Successfully registered JMX Bean with object name Ratis:service=RaftServer,group=group-BD937A2D3539,id=c7e37fed-ffe8-4455-9e33-59458259ae49
2025-05-13 07:43:23,363 [c7e37fed-ffe8-4455-9e33-59458259ae49-impl-thread1] INFO  util.JmxRegister (JmxRegister.java:register(58)) - register mxBean class org.apache.ratis.server.impl.RaftServerJmxAdapter as Ratis:service=RaftServer,group=group-BD937A2D3539,id=c7e37fed-ffe8-4455-9e33-59458259ae49
2025-05-13 07:43:23,363 [c7e37fed-ffe8-4455-9e33-59458259ae49-impl-thread1] INFO  server.RaftServerConfigKeys (ConfUtils.java:logGet(46)) - raft.server.snapshot.trigger-when-stop.enabled = true (default)
2025-05-13 07:43:23,363 [c7e37fed-ffe8-4455-9e33-59458259ae49-impl-thread1] INFO  server.RaftServerConfigKeys (ConfUtils.java:logGet(46)) - raft.server.snapshot.trigger-when-remove.enabled = true (default)
2025-05-13 07:43:23,363 [c7e37fed-ffe8-4455-9e33-59458259ae49-impl-thread1] INFO  server.RaftServerConfigKeys (ConfUtils.java:logGet(46)) - raft.server.snapshot.auto.trigger.enabled = true (custom)
2025-05-13 07:43:23,363 [c7e37fed-ffe8-4455-9e33-59458259ae49-impl-thread1] INFO  server.RaftServerConfigKeys (ConfUtils.java:logGet(46)) - raft.server.snapshot.auto.trigger.threshold = 1000 (custom)
2025-05-13 07:43:23,363 [c7e37fed-ffe8-4455-9e33-59458259ae49-impl-thread1] INFO  server.RaftServerConfigKeys (ConfUtils.java:logGet(46)) - raft.server.snapshot.retention.file.num = -1 (default)
2025-05-13 07:43:23,363 [c7e37fed-ffe8-4455-9e33-59458259ae49-impl-thread1] INFO  server.RaftServerConfigKeys (ConfUtils.java:logGet(46)) - raft.server.log.purge.upto.snapshot.index = false (default)
2025-05-13 07:43:23,364 [c7e37fed-ffe8-4455-9e33-59458259ae49-impl-thread1] INFO  server.RaftServer$Division (RaftServerImpl.java:start(405)) - c7e37fed-ffe8-4455-9e33-59458259ae49@group-BD937A2D3539: Successfully started.
2025-05-13 07:43:23,364 [main] INFO  server.RaftServer (RaftServerProxy.java:startImpl(407)) - c7e37fed-ffe8-4455-9e33-59458259ae49: start RPC server
2025-05-13 07:43:23,365 [main] INFO  server.GrpcService (GrpcService.java:startImpl(334)) - c7e37fed-ffe8-4455-9e33-59458259ae49: GrpcService started, listening on 15039
2025-05-13 07:43:23,366 [JvmPauseMonitor6] INFO  util.JvmPauseMonitor (JvmPauseMonitor.java:run(146)) - JvmPauseMonitor-c7e37fed-ffe8-4455-9e33-59458259ae49: Started
2025-05-13 07:43:27,002 [om1-om-CertificateRenewerService] INFO  security.OMCertificateClient (DefaultCertificateClient.java:run(1419)) - Current certificate 994467 needs to be renewed remaining grace period PT0S. Forced renewal due to root ca rotation: false.
2025-05-13 07:43:27,058 [om1-om-CertificateRenewerService] INFO  keys.KeyStorage (KeyStorage.java:storePublicKey(210)) - Storing public key to /tmp/junit-9132357186985646491/om-meta/om/keys-next/public.pem.
2025-05-13 07:43:27,059 [om1-om-CertificateRenewerService] INFO  keys.KeyStorage (KeyStorage.java:storePrivateKey(194)) - Storing private key to /tmp/junit-9132357186985646491/om-meta/om/keys-next/private.pem.
2025-05-13 07:43:27,060 [om1-om-CertificateRenewerService] INFO  ozone.OzoneSecurityUtil (OzoneSecurityUtil.java:getValidInetsForCurrentHost(116)) - ip:fe80:0:0:0:222:48ff:fe46:ea58%eth0 not returned.
2025-05-13 07:43:27,063 [om1-om-CertificateRenewerService] INFO  ozone.OzoneSecurityUtil (OzoneSecurityUtil.java:getValidInetsForCurrentHost(113)) - Adding ip:10.1.1.24,host:10.1.1.24
2025-05-13 07:43:27,063 [om1-om-CertificateRenewerService] INFO  ozone.OzoneSecurityUtil (OzoneSecurityUtil.java:getValidInetsForCurrentHost(116)) - ip:0:0:0:0:0:0:0:1%lo not returned.
2025-05-13 07:43:27,063 [om1-om-CertificateRenewerService] INFO  ozone.OzoneSecurityUtil (OzoneSecurityUtil.java:getValidInetsForCurrentHost(116)) - ip:127.0.0.1 not returned.
2025-05-13 07:43:27,067 [om1-om-CertificateRenewerService] ERROR utils.CertificateSignRequest (CertificateSignRequest.java:lambda$addInetAddresses$0(316)) - Invalid domain 10.1.1.24
2025-05-13 07:43:27,067 [om1-om-CertificateRenewerService] INFO  security.OMCertificateClient (OMCertificateClient.java:configureCSRBuilder(109)) - Creating csr for OM->dns:pkrvmberfyhpb9w.internal.cloudapp.net,ip:10.1.0.33,scmId:test,clusterId:d65bb86e-4311-483a-bfab-1b1cdfd9778b,subject:pkrvmberfyhpb9w.internal.cloudapp.net
2025-05-13 07:43:28,555 [c7e37fed-ffe8-4455-9e33-59458259ae49@group-BD937A2D3539-FollowerState] INFO  impl.FollowerState (FollowerState.java:runImpl(161)) - c7e37fed-ffe8-4455-9e33-59458259ae49@group-BD937A2D3539-FollowerState: change to CANDIDATE, lastRpcElapsedTime:5194139329ns, electionTimeout:5193ms
2025-05-13 07:43:28,555 [c7e37fed-ffe8-4455-9e33-59458259ae49@group-BD937A2D3539-FollowerState] INFO  impl.RoleInfo (RoleInfo.java:shutdownFollowerState(121)) - c7e37fed-ffe8-4455-9e33-59458259ae49: shutdown c7e37fed-ffe8-4455-9e33-59458259ae49@group-BD937A2D3539-FollowerState
2025-05-13 07:43:28,555 [c7e37fed-ffe8-4455-9e33-59458259ae49@group-BD937A2D3539-FollowerState] INFO  server.RaftServer$Division (RaftServerImpl.java:setRole(378)) - c7e37fed-ffe8-4455-9e33-59458259ae49@group-BD937A2D3539: changes role from  FOLLOWER to CANDIDATE at term 0 for changeToCandidate
2025-05-13 07:43:28,555 [c7e37fed-ffe8-4455-9e33-59458259ae49@group-BD937A2D3539-FollowerState] INFO  server.RaftServerConfigKeys (ConfUtils.java:logGet(46)) - raft.server.leaderelection.pre-vote = true (default)
2025-05-13 07:43:28,555 [c7e37fed-ffe8-4455-9e33-59458259ae49@group-BD937A2D3539-FollowerState] INFO  impl.RoleInfo (RoleInfo.java:updateAndGet(148)) - c7e37fed-ffe8-4455-9e33-59458259ae49: start c7e37fed-ffe8-4455-9e33-59458259ae49@group-BD937A2D3539-LeaderElection5
2025-05-13 07:43:28,556 [c7e37fed-ffe8-4455-9e33-59458259ae49@group-BD937A2D3539-LeaderElection5] INFO  impl.LeaderElection (LeaderElection.java:askForVotes(332)) - c7e37fed-ffe8-4455-9e33-59458259ae49@group-BD937A2D3539-LeaderElection5 PRE_VOTE round 0: submit vote requests at term 0 for conf: {index: -1, cur=peers:[c7e37fed-ffe8-4455-9e33-59458259ae49|pkrvmberfyhpb9w:15039]|listeners:[], old=null}
2025-05-13 07:43:28,556 [c7e37fed-ffe8-4455-9e33-59458259ae49@group-BD937A2D3539-LeaderElection5] INFO  impl.LeaderElection (LeaderElection.java:askForVotes(334)) - c7e37fed-ffe8-4455-9e33-59458259ae49@group-BD937A2D3539-LeaderElection5 PRE_VOTE round 0: result PASSED (term=0)
2025-05-13 07:43:28,558 [c7e37fed-ffe8-4455-9e33-59458259ae49@group-BD937A2D3539-LeaderElection5] INFO  impl.LeaderElection (LeaderElection.java:askForVotes(332)) - c7e37fed-ffe8-4455-9e33-59458259ae49@group-BD937A2D3539-LeaderElection5 ELECTION round 0: submit vote requests at term 1 for conf: {index: -1, cur=peers:[c7e37fed-ffe8-4455-9e33-59458259ae49|pkrvmberfyhpb9w:15039]|listeners:[], old=null}
2025-05-13 07:43:28,558 [c7e37fed-ffe8-4455-9e33-59458259ae49@group-BD937A2D3539-LeaderElection5] INFO  impl.LeaderElection (LeaderElection.java:askForVotes(334)) - c7e37fed-ffe8-4455-9e33-59458259ae49@group-BD937A2D3539-LeaderElection5 ELECTION round 0: result PASSED (term=1)
2025-05-13 07:43:28,558 [c7e37fed-ffe8-4455-9e33-59458259ae49@group-BD937A2D3539-LeaderElection5] INFO  impl.RoleInfo (RoleInfo.java:shutdownLeaderElection(141)) - c7e37fed-ffe8-4455-9e33-59458259ae49: shutdown c7e37fed-ffe8-4455-9e33-59458259ae49@group-BD937A2D3539-LeaderElection5
2025-05-13 07:43:28,558 [c7e37fed-ffe8-4455-9e33-59458259ae49@group-BD937A2D3539-LeaderElection5] INFO  server.RaftServer$Division (RaftServerImpl.java:setRole(378)) - c7e37fed-ffe8-4455-9e33-59458259ae49@group-BD937A2D3539: changes role from CANDIDATE to LEADER at term 1 for changeToLeader
2025-05-13 07:43:28,558 [c7e37fed-ffe8-4455-9e33-59458259ae49@group-BD937A2D3539-LeaderElection5] INFO  server.RaftServerConfigKeys (ConfUtils.java:logGet(46)) - raft.server.staging.catchup.gap = 1000 (default)
2025-05-13 07:43:28,558 [c7e37fed-ffe8-4455-9e33-59458259ae49@group-BD937A2D3539-LeaderElection5] INFO  server.RaftServerConfigKeys (ConfUtils.java:logGet(46)) - raft.server.write.element-limit = 4096 (default)
2025-05-13 07:43:28,559 [c7e37fed-ffe8-4455-9e33-59458259ae49@group-BD937A2D3539-LeaderElection5] INFO  server.RaftServerConfigKeys (ConfUtils.java:logGet(46)) - raft.server.write.byte-limit = 64MB (=67108864) (default)
2025-05-13 07:43:28,559 [c7e37fed-ffe8-4455-9e33-59458259ae49@group-BD937A2D3539-LeaderElection5] INFO  server.RaftServerConfigKeys (ConfUtils.java:logGet(46)) - raft.server.watch.timeout = 10s (default)
2025-05-13 07:43:28,559 [c7e37fed-ffe8-4455-9e33-59458259ae49@group-BD937A2D3539-LeaderElection5] INFO  server.RaftServerConfigKeys (ConfUtils.java:logGet(46)) - raft.server.watch.timeout.denomination = 1s (default)
2025-05-13 07:43:28,559 [c7e37fed-ffe8-4455-9e33-59458259ae49@group-BD937A2D3539-LeaderElection5] INFO  server.RaftServerConfigKeys (ConfUtils.java:logGet(46)) - raft.server.watch.element-limit = 65536 (default)
2025-05-13 07:43:28,560 [c7e37fed-ffe8-4455-9e33-59458259ae49@group-BD937A2D3539-LeaderElection5] INFO  server.RaftServerConfigKeys (ConfUtils.java:logGet(46)) - raft.server.read.leader.lease.enabled = false (default)
2025-05-13 07:43:28,560 [c7e37fed-ffe8-4455-9e33-59458259ae49@group-BD937A2D3539-LeaderElection5] INFO  server.RaftServerConfigKeys (ConfUtils.java:logGet(46)) - raft.server.read.leader.lease.timeout.ratio = 0.9 (default)
2025-05-13 07:43:28,560 [c7e37fed-ffe8-4455-9e33-59458259ae49@group-BD937A2D3539-LeaderElection5] INFO  server.RaftServerConfigKeys (ConfUtils.java:logGet(46)) - raft.server.rpc.timeout.min = 5000ms (custom)
2025-05-13 07:43:28,560 [c7e37fed-ffe8-4455-9e33-59458259ae49@group-BD937A2D3539-LeaderElection5] INFO  server.RaftServerConfigKeys (ConfUtils.java:logGet(46)) - raft.server.log.log-metadata.enabled = true (default)
2025-05-13 07:43:28,560 [c7e37fed-ffe8-4455-9e33-59458259ae49@group-BD937A2D3539-LeaderElection5] INFO  server.RaftServerConfigKeys (ConfUtils.java:logGet(46)) - raft.server.write.element-limit = 4096 (default)
2025-05-13 07:43:28,561 [c7e37fed-ffe8-4455-9e33-59458259ae49@group-BD937A2D3539-LeaderElection5] INFO  server.RaftServerConfigKeys (ConfUtils.java:logGet(46)) - raft.server.write.follower.gap.ratio.max = -1.0 (default)
2025-05-13 07:43:28,561 [c7e37fed-ffe8-4455-9e33-59458259ae49@group-BD937A2D3539-LeaderElection5] INFO  impl.RoleInfo (RoleInfo.java:updateAndGet(148)) - c7e37fed-ffe8-4455-9e33-59458259ae49: start c7e37fed-ffe8-4455-9e33-59458259ae49@group-BD937A2D3539-LeaderStateImpl
2025-05-13 07:43:28,561 [c7e37fed-ffe8-4455-9e33-59458259ae49@group-BD937A2D3539-LeaderElection5] INFO  server.RaftServer$Division (RaftServerImpl.java:setFirstElection(562)) - c7e37fed-ffe8-4455-9e33-59458259ae49@group-BD937A2D3539: set firstElectionSinceStartup to false for becomeLeader
2025-05-13 07:43:28,561 [c7e37fed-ffe8-4455-9e33-59458259ae49@group-BD937A2D3539-LeaderElection5] INFO  server.RaftServer$Division (ServerState.java:setLeader(272)) - c7e37fed-ffe8-4455-9e33-59458259ae49@group-BD937A2D3539: change Leader from null to c7e37fed-ffe8-4455-9e33-59458259ae49 at term 1 for becomeLeader, leader elected after 5231ms
2025-05-13 07:43:28,561 [c7e37fed-ffe8-4455-9e33-59458259ae49@group-BD937A2D3539-LeaderElection5] INFO  segmented.SegmentedRaftLogWorker (SegmentedRaftLogWorker.java:startLogSegment(438)) - c7e37fed-ffe8-4455-9e33-59458259ae49@group-BD937A2D3539-SegmentedRaftLogWorker: Starting segment from index:0
2025-05-13 07:43:28,561 [c7e37fed-ffe8-4455-9e33-59458259ae49@group-BD937A2D3539-LeaderElection5] INFO  server.RaftServer$Division (ServerState.java:setRaftConf(386)) - c7e37fed-ffe8-4455-9e33-59458259ae49@group-BD937A2D3539: set configuration conf: {index: 0, cur=peers:[c7e37fed-ffe8-4455-9e33-59458259ae49|pkrvmberfyhpb9w:15039]|listeners:[], old=null}
2025-05-13 07:43:28,562 [c7e37fed-ffe8-4455-9e33-59458259ae49@group-BD937A2D3539-SegmentedRaftLogWorker] INFO  segmented.BufferedWriteChannel (BufferedWriteChannel.java:open(61)) - open log_inprogress_0 at position 0
2025-05-13 07:43:28,569 [c7e37fed-ffe8-4455-9e33-59458259ae49@group-BD937A2D3539-SegmentedRaftLogWorker] INFO  segmented.SegmentedRaftLogWorker (SegmentedRaftLogWorker.java:execute(644)) - c7e37fed-ffe8-4455-9e33-59458259ae49@group-BD937A2D3539-SegmentedRaftLogWorker: created new log segment /tmp/junit-6012229698098752559/scm-meta/scm-ha/fdce2867-8dd6-4a71-8a39-bd937a2d3539/current/log_inprogress_0
2025-05-13 07:43:28,572 [c7e37fed-ffe8-4455-9e33-59458259ae49@group-BD937A2D3539-StateMachineUpdater] INFO  server.RaftServer$Division (LeaderStateImpl.java:checkStartIndex(313)) - Leader c7e37fed-ffe8-4455-9e33-59458259ae49@group-BD937A2D3539-LeaderStateImpl is ready since appliedIndex == startIndex == 0
2025-05-13 07:43:29,089 [om1-om-CertificateRenewerService] INFO  retry.RetryInvocationHandler (RetryInvocationHandler.java:log(426)) - com.google.protobuf.ServiceException: java.net.ConnectException: Call From pkrvmberfyhpb9w/10.1.0.33 to localhost:15024 failed on connection exception: java.net.ConnectException: Connection refused; For more details see:  http://wiki.apache.org/hadoop/ConnectionRefused, while invoking $Proxy45.submitRequest over nodeId=scmNodeId,nodeAddress=localhost/127.0.0.1:15024 after 1 failover attempts. Trying to failover after sleeping for 2000ms. Current retry count: 1.
2025-05-13 07:43:29,366 [main] INFO  server.RaftServer (RaftServerProxy.java:lambda$close$9(417)) - c7e37fed-ffe8-4455-9e33-59458259ae49: close
2025-05-13 07:43:29,366 [main] INFO  server.GrpcService (GrpcService.java:closeImpl(343)) - c7e37fed-ffe8-4455-9e33-59458259ae49: shutdown server GrpcServerProtocolService now
2025-05-13 07:43:29,366 [c7e37fed-ffe8-4455-9e33-59458259ae49-impl-thread1] INFO  server.RaftServer$Division (RaftServerImpl.java:lambda$close$1(513)) - c7e37fed-ffe8-4455-9e33-59458259ae49@group-BD937A2D3539: shutdown
2025-05-13 07:43:29,366 [c7e37fed-ffe8-4455-9e33-59458259ae49-impl-thread1] INFO  util.JmxRegister (JmxRegister.java:unregister(74)) - Successfully un-registered JMX Bean with object name Ratis:service=RaftServer,group=group-BD937A2D3539,id=c7e37fed-ffe8-4455-9e33-59458259ae49
2025-05-13 07:43:29,367 [c7e37fed-ffe8-4455-9e33-59458259ae49-impl-thread1] INFO  impl.RoleInfo (RoleInfo.java:shutdownLeaderState(103)) - c7e37fed-ffe8-4455-9e33-59458259ae49: shutdown c7e37fed-ffe8-4455-9e33-59458259ae49@group-BD937A2D3539-LeaderStateImpl
2025-05-13 07:43:29,367 [c7e37fed-ffe8-4455-9e33-59458259ae49-impl-thread1] INFO  impl.PendingRequests (PendingRequests.java:sendNotLeaderResponses(287)) - c7e37fed-ffe8-4455-9e33-59458259ae49@group-BD937A2D3539-PendingRequests: sendNotLeaderResponses
2025-05-13 07:43:29,367 [main] INFO  server.GrpcService (GrpcService.java:closeImpl(352)) - c7e37fed-ffe8-4455-9e33-59458259ae49: shutdown server GrpcServerProtocolService successfully
2025-05-13 07:43:29,368 [c7e37fed-ffe8-4455-9e33-59458259ae49-impl-thread1] INFO  impl.StateMachineUpdater (StateMachineUpdater.java:stopAndJoin(164)) - c7e37fed-ffe8-4455-9e33-59458259ae49@group-BD937A2D3539-StateMachineUpdater: set stopIndex = 0
2025-05-13 07:43:29,368 [c7e37fed-ffe8-4455-9e33-59458259ae49@group-BD937A2D3539-StateMachineUpdater] INFO  impl.StateMachineUpdater (StateMachineUpdater.java:takeSnapshot(303)) - c7e37fed-ffe8-4455-9e33-59458259ae49@group-BD937A2D3539-StateMachineUpdater: Took a snapshot at index 0
2025-05-13 07:43:29,368 [c7e37fed-ffe8-4455-9e33-59458259ae49@group-BD937A2D3539-StateMachineUpdater] INFO  impl.StateMachineUpdater (StateMachineUpdater.java:lambda$new$0(102)) - c7e37fed-ffe8-4455-9e33-59458259ae49@group-BD937A2D3539-StateMachineUpdater: snapshotIndex: updateIncreasingly -1 -> 0
2025-05-13 07:43:29,368 [c7e37fed-ffe8-4455-9e33-59458259ae49@group-BD937A2D3539-StateMachineUpdater] INFO  impl.StateMachineUpdater (StateMachineUpdater.java:stop(141)) - c7e37fed-ffe8-4455-9e33-59458259ae49@group-BD937A2D3539-StateMachineUpdater: closing SCMStateMachine, lastApplied=(t:1, i:0)
2025-05-13 07:43:29,369 [c7e37fed-ffe8-4455-9e33-59458259ae49@group-BD937A2D3539-cacheEviction-AwaitToRun] INFO  util.AwaitToRun (AwaitToRun.java:run(49)) - c7e37fed-ffe8-4455-9e33-59458259ae49@group-BD937A2D3539-cacheEviction-AwaitToRun-AwaitForSignal is interrupted
2025-05-13 07:43:29,571 [c7e37fed-ffe8-4455-9e33-59458259ae49-impl-thread1] INFO  segmented.SegmentedRaftLogWorker (SegmentedRaftLogWorker.java:close(252)) - c7e37fed-ffe8-4455-9e33-59458259ae49@group-BD937A2D3539-SegmentedRaftLogWorker close()
2025-05-13 07:43:29,572 [JvmPauseMonitor6] INFO  util.JvmPauseMonitor (JvmPauseMonitor.java:run(152)) - JvmPauseMonitor-c7e37fed-ffe8-4455-9e33-59458259ae49: Stopped
2025-05-13 07:43:29,572 [main] WARN  server.ServerUtils (ServerUtils.java:getScmDbDir(138)) - ozone.scm.db.dirs is not configured. We recommend adding this setting. Falling back to ozone.metadata.dirs instead.
2025-05-13 07:43:29,573 [main] INFO  ha.SCMHANodeDetails (SCMHANodeDetails.java:loadSCMHAConfig(162)) - ServiceID for StorageContainerManager is null
2025-05-13 07:43:29,573 [main] INFO  ha.SCMHANodeDetails (SCMHANodeDetails.java:loadSCMHAConfig(166)) - ozone.scm.default.service.id is not defined, falling back to ozone.scm.service.ids to find serviceID for StorageContainerManager if it is HA enabled cluster
2025-05-13 07:43:29,578 [pool-223-thread-1] INFO  request.KdcRequest (KdcRequest.java:preauth(683)) - The preauth data is empty.
2025-05-13 07:43:29,578 [pool-223-thread-1] INFO  server.KdcHandler (KdcHandler.java:handleRecoverableException(177)) - KRB error occurred while processing request: Additional pre-authentication required
2025-05-13 07:43:29,584 [pool-223-thread-1] INFO  request.AsRequest (AsRequest.java:issueTicket(112)) - AS_REQ ISSUE: authtime 1747122209583,om/pkrvmberfyhpb9w.internal.cloudapp.net@EXAMPLE.COM for krbtgt/EXAMPLE.COM@EXAMPLE.COM
2025-05-13 07:43:29,586 [main] INFO  security.UserGroupInformation (UserGroupInformation.java:loginUserFromKeytab(1143)) - Login successful for user om/pkrvmberfyhpb9w.internal.cloudapp.net@EXAMPLE.COM using keytab file om.keytab. Keytab auto renewal enabled : false
2025-05-13 07:43:29,586 [main] INFO  server.StorageContainerManager (StorageContainerManager.java:loginAsSCMUserIfSecurityEnabled(1062)) - SCM login successful.
2025-05-13 07:43:29,589 [main] INFO  proxy.SCMSecurityProtocolFailoverProxyProvider (SCMFailoverProxyProviderBase.java:<init>(120)) - Created fail-over proxy for protocol SCMSecurityProtocolPB with 1 nodes: [nodeId=scmNodeId,nodeAddress=localhost/127.0.0.1:15038]
2025-05-13 07:43:29,589 [main] INFO  client.SCMCertificateClient (DefaultCertificateClient.java:updateCertSerialId(1289)) - Certificate serial ID set to 2
2025-05-13 07:43:29,590 [main] INFO  client.SCMCertificateClient (DefaultCertificateClient.java:readCertificateFile(247)) - Added certificate 2 from file: /tmp/junit-6012229698098752559/scm-meta/scm/sub-ca/certs/2.crt.
2025-05-13 07:43:29,591 [main] INFO  client.SCMCertificateClient (DefaultCertificateClient.java:readCertificateFile(247)) - Added certificate 1 from file: /tmp/junit-6012229698098752559/scm-meta/scm/sub-ca/certs/CA-1.crt.
2025-05-13 07:43:29,592 [main] INFO  client.SCMCertificateClient (DefaultCertificateClient.java:readCertificateFile(247)) - Added certificate 2 from file: /tmp/junit-6012229698098752559/scm-meta/scm/sub-ca/certs/certificate.crt.
2025-05-13 07:43:29,592 [main] INFO  client.SCMCertificateClient (DefaultCertificateClient.java:loadAllCertificates(196)) - CertificateRenewerService and root ca rotation polling is disabled for scm/sub-ca
2025-05-13 07:43:29,593 [main] WARN  utils.HAUtils (HAUtils.java:getMetaDir(311)) - ozone.scm.db.dirs is not configured. We recommend adding this setting. Falling back to ozone.metadata.dirs instead.
2025-05-13 07:43:29,593 [main] WARN  db.DBStoreBuilder (DBStoreBuilder.java:getDBDirPath(160)) - ozone.scm.db.dirs is not configured. We recommend adding this setting. Falling back to ozone.metadata.dirs instead.
2025-05-13 07:43:29,667 [main] INFO  net.NodeSchemaLoader (NodeSchemaLoader.java:loadSchemaFromFile(128)) - Loading schema from [jar:file:/home/runner/work/ozone/ozone/hadoop-hdds/common/target/hdds-common-2.1.0-SNAPSHOT.jar!/network-topology-default.xml]
2025-05-13 07:43:29,668 [main] INFO  net.NodeSchemaLoader (NodeSchemaLoader.java:loadSchema(175)) - Loading network topology layer schema file
2025-05-13 07:43:29,672 [main] WARN  dropwizard3.Dm3MetricRegistriesImpl (Dm3MetricRegistriesImpl.java:addReporterRegistration(114)) - New reporters are added after registries were created. Some metrics will be missing from the reporter. Please add reporter before adding any new registry.
2025-05-13 07:43:29,672 [main] WARN  dropwizard3.Dm3MetricRegistriesImpl (Dm3MetricRegistriesImpl.java:addReporterRegistration(114)) - New reporters are added after registries were created. Some metrics will be missing from the reporter. Please add reporter before adding any new registry.
2025-05-13 07:43:29,692 [main] INFO  ha.SCMRatisServerImpl (SCMRatisServerImpl.java:<init>(100)) - starting Raft server for scm:c7e37fed-ffe8-4455-9e33-59458259ae49
2025-05-13 07:43:29,693 [main] INFO  server.RaftServerConfigKeys (ConfUtils.java:logGet(46)) - raft.server.log.appender.buffer.byte-limit = 4194304 (custom)
2025-05-13 07:43:29,695 [main] INFO  server.RaftServer (ConfUtils.java:logGet(46)) - raft.rpc.type = GRPC (default)
2025-05-13 07:43:29,695 [main] INFO  grpc.GrpcConfigKeys (ConfUtils.java:logFallback(53)) - raft.grpc.admin.host = null (fallback to raft.grpc.server.host)
2025-05-13 07:43:29,695 [main] INFO  grpc.GrpcConfigKeys (ConfUtils.java:logFallback(53)) - raft.grpc.admin.port = 15039 (fallback to raft.grpc.server.port)
2025-05-13 07:43:29,695 [main] INFO  grpc.GrpcConfigKeys (ConfUtils.java:logFallback(53)) - raft.grpc.client.host = null (fallback to raft.grpc.server.host)
2025-05-13 07:43:29,695 [main] INFO  grpc.GrpcConfigKeys (ConfUtils.java:logFallback(53)) - raft.grpc.client.port = 15039 (fallback to raft.grpc.server.port)
2025-05-13 07:43:29,695 [main] INFO  grpc.GrpcConfigKeys (ConfUtils.java:logGet(46)) - raft.grpc.server.host = null (default)
2025-05-13 07:43:29,695 [main] INFO  grpc.GrpcConfigKeys (ConfUtils.java:logGet(46)) - raft.grpc.server.port = 15039 (custom)
2025-05-13 07:43:29,696 [main] INFO  server.GrpcService (ConfUtils.java:logGet(46)) - raft.grpc.message.size.max = 5242880 (custom)
2025-05-13 07:43:29,696 [main] INFO  server.GrpcService (ConfUtils.java:logGet(46)) - raft.grpc.flow.control.window = 1MB (=1048576) (default)
2025-05-13 07:43:29,696 [main] INFO  server.RaftServerConfigKeys (ConfUtils.java:logGet(46)) - raft.server.rpc.request.timeout = 30000ms (custom)
2025-05-13 07:43:29,696 [main] INFO  grpc.GrpcConfigKeys (ConfUtils.java:logGet(46)) - raft.grpc.server.heartbeat.channel = true (default)
2025-05-13 07:43:29,696 [main] INFO  server.RaftServerConfigKeys (ConfUtils.java:logGet(46)) - raft.server.log.appender.buffer.byte-limit = 4194304 (custom)
2025-05-13 07:43:29,696 [main] INFO  grpc.GrpcConfigKeys (ConfUtils.java:logGet(46)) - raft.grpc.server.async.request.thread.pool.cached = true (default)
2025-05-13 07:43:29,696 [main] INFO  grpc.GrpcConfigKeys (ConfUtils.java:logGet(46)) - raft.grpc.server.async.request.thread.pool.size = 32 (default)
2025-05-13 07:43:29,697 [main] INFO  impl.DataStreamServerImpl (ConfUtils.java:logGet(46)) - raft.datastream.type = DISABLED (default)
2025-05-13 07:43:29,697 [main] INFO  server.RaftServerConfigKeys (ConfUtils.java:logGet(46)) - raft.server.sleep.deviation.threshold = 300ms (default)
2025-05-13 07:43:29,697 [main] INFO  server.RaftServerConfigKeys (ConfUtils.java:logGet(46)) - raft.server.close.threshold = 60s (default)
2025-05-13 07:43:29,698 [main] INFO  server.RaftServerConfigKeys (ConfUtils.java:logGet(46)) - raft.server.leaderelection.leader.step-down.wait-time = 10s (default)
2025-05-13 07:43:29,698 [main] INFO  server.RaftServerConfigKeys (ConfUtils.java:logGet(46)) - raft.server.storage.dir = [/tmp/junit-6012229698098752559/scm-meta/scm-ha] (custom)
2025-05-13 07:43:29,698 [main] INFO  server.RaftServerConfigKeys (ConfUtils.java:logGet(46)) - raft.server.threadpool.proxy.cached = true (default)
2025-05-13 07:43:29,698 [main] INFO  server.RaftServerConfigKeys (ConfUtils.java:logGet(46)) - raft.server.threadpool.proxy.size = 0 (default)
2025-05-13 07:43:29,698 [c7e37fed-ffe8-4455-9e33-59458259ae49-impl-thread1] INFO  server.RaftServer (RaftServerProxy.java:initGroupDir(265)) - c7e37fed-ffe8-4455-9e33-59458259ae49: found a subdirectory /tmp/junit-6012229698098752559/scm-meta/scm-ha/fdce2867-8dd6-4a71-8a39-bd937a2d3539
2025-05-13 07:43:29,699 [main] INFO  server.RaftServer (RaftServerProxy.java:addNew(100)) - c7e37fed-ffe8-4455-9e33-59458259ae49: addNew group-BD937A2D3539:[] returns group-BD937A2D3539:java.util.concurrent.CompletableFuture@c03da6b[Not completed]
2025-05-13 07:43:29,699 [c7e37fed-ffe8-4455-9e33-59458259ae49-groupManagement] INFO  server.RaftServer$Division (RaftServerImpl.java:<init>(255)) - c7e37fed-ffe8-4455-9e33-59458259ae49: new RaftServerImpl for group-BD937A2D3539:[] with SCMStateMachine:uninitialized
2025-05-13 07:43:29,699 [c7e37fed-ffe8-4455-9e33-59458259ae49-groupManagement] INFO  server.RaftServerConfigKeys (ConfUtils.java:logGet(46)) - raft.server.rpc.timeout.min = 5000ms (custom)
2025-05-13 07:43:29,699 [c7e37fed-ffe8-4455-9e33-59458259ae49-groupManagement] INFO  server.RaftServerConfigKeys (ConfUtils.java:logGet(46)) - raft.server.rpc.timeout.max = 5200ms (custom)
2025-05-13 07:43:29,700 [c7e37fed-ffe8-4455-9e33-59458259ae49-groupManagement] INFO  server.RaftServerConfigKeys (ConfUtils.java:logGet(46)) - raft.server.rpc.sleep.time = 25ms (default)
2025-05-13 07:43:29,700 [c7e37fed-ffe8-4455-9e33-59458259ae49-groupManagement] INFO  server.RaftServerConfigKeys (ConfUtils.java:logGet(46)) - raft.server.rpc.slowness.timeout = 120000ms (custom)
2025-05-13 07:43:29,700 [c7e37fed-ffe8-4455-9e33-59458259ae49-groupManagement] INFO  server.RaftServerConfigKeys (ConfUtils.java:logGet(46)) - raft.server.leaderelection.leader.step-down.wait-time = 10s (default)
2025-05-13 07:43:29,700 [c7e37fed-ffe8-4455-9e33-59458259ae49-groupManagement] INFO  server.RaftServerConfigKeys (ConfUtils.java:logGet(46)) - raft.server.leaderelection.member.majority-add = false (default)
2025-05-13 07:43:29,700 [c7e37fed-ffe8-4455-9e33-59458259ae49-groupManagement] INFO  server.RaftServerConfigKeys (ConfUtils.java:logGet(46)) - raft.server.sleep.deviation.threshold = 300ms (default)
2025-05-13 07:43:29,700 [c7e37fed-ffe8-4455-9e33-59458259ae49-groupManagement] INFO  server.RaftServer$Division (ServerState.java:<init>(114)) - c7e37fed-ffe8-4455-9e33-59458259ae49@group-BD937A2D3539: ConfigurationManager, init=conf: {index: -1, cur=peers:[]|listeners:[], old=null}, confs=<EMPTY_MAP>
2025-05-13 07:43:29,700 [c7e37fed-ffe8-4455-9e33-59458259ae49-groupManagement] INFO  server.RaftServerConfigKeys (ConfUtils.java:logGet(46)) - raft.server.notification.no-leader.timeout = 60s (default)
2025-05-13 07:43:29,700 [c7e37fed-ffe8-4455-9e33-59458259ae49-groupManagement] INFO  server.RaftServerConfigKeys (ConfUtils.java:logGet(46)) - raft.server.read.timeout = 10s (default)
2025-05-13 07:43:29,700 [c7e37fed-ffe8-4455-9e33-59458259ae49-groupManagement] INFO  server.RaftServerConfigKeys (ConfUtils.java:logGet(46)) - raft.server.retrycache.expirytime = 60000ms (default)
2025-05-13 07:43:29,700 [c7e37fed-ffe8-4455-9e33-59458259ae49-groupManagement] INFO  server.RaftServerConfigKeys (ConfUtils.java:logGet(46)) - raft.server.retrycache.statistics.expirytime = 100ms (default)
2025-05-13 07:43:29,700 [c7e37fed-ffe8-4455-9e33-59458259ae49-groupManagement] INFO  server.RaftServerConfigKeys (ConfUtils.java:logGet(46)) - raft.server.read.option = DEFAULT (default)
2025-05-13 07:43:29,701 [c7e37fed-ffe8-4455-9e33-59458259ae49-groupManagement] INFO  server.RaftServerConfigKeys (ConfUtils.java:logGet(46)) - raft.server.read.read-after-write-consistent.write-index-cache.expiry-time = 60s (default)
2025-05-13 07:43:29,710 [c7e37fed-ffe8-4455-9e33-59458259ae49-groupManagement] INFO  server.RaftServerConfigKeys (ConfUtils.java:logGet(46)) - raft.server.rpc.request.timeout = 30000ms (custom)
2025-05-13 07:43:29,710 [c7e37fed-ffe8-4455-9e33-59458259ae49-groupManagement] INFO  server.RaftServerConfigKeys (ConfUtils.java:logGet(46)) - raft.server.log.appender.install.snapshot.enabled = false (custom)
2025-05-13 07:43:29,710 [c7e37fed-ffe8-4455-9e33-59458259ae49-groupManagement] INFO  server.RaftServerConfigKeys (ConfUtils.java:logGet(46)) - raft.server.threadpool.server.cached = true (default)
2025-05-13 07:43:29,710 [c7e37fed-ffe8-4455-9e33-59458259ae49-groupManagement] INFO  server.RaftServerConfigKeys (ConfUtils.java:logGet(46)) - raft.server.threadpool.server.size = 0 (default)
2025-05-13 07:43:29,710 [c7e37fed-ffe8-4455-9e33-59458259ae49-groupManagement] INFO  server.RaftServerConfigKeys (ConfUtils.java:logGet(46)) - raft.server.threadpool.client.cached = true (default)
2025-05-13 07:43:29,710 [c7e37fed-ffe8-4455-9e33-59458259ae49-groupManagement] INFO  server.RaftServerConfigKeys (ConfUtils.java:logGet(46)) - raft.server.threadpool.client.size = 0 (default)
2025-05-13 07:43:29,710 [main] INFO  ha.SCMSnapshotProvider (SCMSnapshotProvider.java:<init>(61)) - Initializing SCM Snapshot Provider
2025-05-13 07:43:29,710 [main] WARN  server.ServerUtils (ServerUtils.java:getDefaultRatisDirectory(304)) - Storage directory for Ratis is not configured. It is a good idea to map this to an SSD disk. Falling back to ozone.metadata.dirs
2025-05-13 07:43:29,711 [main] WARN  ha.SCMHAUtils (SCMHAUtils.java:getSCMRatisSnapshotDirectory(120)) - SCM snapshot dir is not configured. Falling back to ozone.metadata.dirs config
2025-05-13 07:43:29,712 [main] INFO  upgrade.AbstractLayoutVersionManager (AbstractLayoutVersionManager.java:init(80)) - Initializing Layout version manager with metadata layout = HBASE_SUPPORT (version = 8), software layout = HBASE_SUPPORT (version = 8)
2025-05-13 07:43:29,714 [main] INFO  ha.SequenceIdGenerator (SequenceIdGenerator.java:upgradeToSequenceId(355)) - upgrade localId to 115816896921600000
2025-05-13 07:43:29,716 [main] INFO  ha.SequenceIdGenerator (SequenceIdGenerator.java:upgradeToSequenceId(365)) - upgrade delTxnId to 0
2025-05-13 07:43:29,717 [main] INFO  ha.SequenceIdGenerator (SequenceIdGenerator.java:upgradeToSequenceId(382)) - upgrade containerId to 0
2025-05-13 07:43:29,718 [main] INFO  ha.SequenceIdGenerator (SequenceIdGenerator.java:upgradeToCertificateSequenceId(419)) - upgrade CertificateId to 2
2025-05-13 07:43:29,719 [main] INFO  ha.SequenceIdGenerator (SequenceIdGenerator.java:<init>(232)) - Init the HA SequenceIdGenerator.
2025-05-13 07:43:29,720 [main] WARN  server.ServerUtils (ServerUtils.java:sanitizeUserArgs(76)) - ozone.scm.stale.node.interval value = 300000 is larger than max = 100000 based on the key value of ozone.scm.heartbeat.thread.interval, reset to the max value 100000.
2025-05-13 07:43:29,720 [main] WARN  server.ServerUtils (ServerUtils.java:sanitizeUserArgs(76)) - ozone.scm.stale.node.interval value = 300000 is larger than max = 100000 based on the key value of ozone.scm.heartbeat.thread.interval, reset to the max value 100000.
2025-05-13 07:43:29,721 [main] INFO  node.SCMNodeManager (SCMNodeManager.java:<init>(182)) - Entering startup safe mode.
2025-05-13 07:43:29,724 [main] INFO  algorithms.ContainerPlacementPolicyFactory (ContainerPlacementPolicyFactory.java:getPolicyInternal(84)) - Create container placement policy of type org.apache.hadoop.hdds.scm.container.placement.algorithms.SCMContainerPlacementRackAware
2025-05-13 07:43:29,725 [main] INFO  algorithms.ContainerPlacementPolicyFactory (ContainerPlacementPolicyFactory.java:getPolicyInternal(84)) - Create container placement policy of type org.apache.hadoop.hdds.scm.container.placement.algorithms.SCMContainerPlacementRackScatter
2025-05-13 07:43:29,725 [main] INFO  pipeline.PipelineStateManagerImpl (PipelineStateManagerImpl.java:initialize(75)) - No pipeline exists in current db
2025-05-13 07:43:29,725 [main] INFO  algorithms.LeaderChoosePolicyFactory (LeaderChoosePolicyFactory.java:getPolicy(55)) - Create leader choose policy of type org.apache.hadoop.hdds.scm.pipeline.leader.choose.algorithms.MinLeaderCountChoosePolicy
2025-05-13 07:43:29,726 [main] INFO  algorithms.ContainerPlacementPolicyFactory (ContainerPlacementPolicyFactory.java:getPolicyInternal(84)) - Create container placement policy of type org.apache.hadoop.hdds.scm.container.placement.algorithms.SCMContainerPlacementRackScatter
2025-05-13 07:43:29,728 [main] INFO  ha.SCMServiceManager (SCMServiceManager.java:register(42)) - Registering service BackgroundPipelineCreator.
2025-05-13 07:43:29,728 [main] INFO  pipeline.BackgroundPipelineCreator (BackgroundPipelineCreator.java:start(126)) - Starting RatisPipelineUtilsThread.
2025-05-13 07:43:29,730 [main] INFO  BackgroundPipelineScrubber (BackgroundSCMService.java:start(64)) - Starting BackgroundPipelineScrubber Service.
2025-05-13 07:43:29,730 [main] INFO  ha.SCMServiceManager (SCMServiceManager.java:register(42)) - Registering service BackgroundPipelineScrubber.
2025-05-13 07:43:29,731 [main] INFO  ExpiredContainerReplicaOpScrubber (BackgroundSCMService.java:start(64)) - Starting ExpiredContainerReplicaOpScrubber Service.
2025-05-13 07:43:29,731 [main] INFO  ha.SCMServiceManager (SCMServiceManager.java:register(42)) - Registering service ExpiredContainerReplicaOpScrubber.
2025-05-13 07:43:29,734 [main] INFO  algorithms.PipelineChoosePolicyFactory (PipelineChoosePolicyFactory.java:createPipelineChoosePolicyFromClass(78)) - Create pipeline choose policy of type org.apache.hadoop.hdds.scm.pipeline.choose.algorithms.RandomPipelineChoosePolicy
2025-05-13 07:43:29,734 [main] INFO  algorithms.PipelineChoosePolicyFactory (PipelineChoosePolicyFactory.java:createPipelineChoosePolicyFromClass(78)) - Create pipeline choose policy of type org.apache.hadoop.hdds.scm.pipeline.choose.algorithms.RandomPipelineChoosePolicy
2025-05-13 07:43:29,740 [main] INFO  ha.SCMServiceManager (SCMServiceManager.java:register(42)) - Registering service SCMBlockDeletingService.
2025-05-13 07:43:29,745 [main] INFO  replication.ReplicationManager (ReplicationManager.java:start(285)) - Starting Replication Monitor Thread.
2025-05-13 07:43:29,746 [main] INFO  ha.SCMServiceManager (SCMServiceManager.java:register(42)) - Registering service ReplicationManager.
2025-05-13 07:43:29,748 [main] INFO  safemode.RatisContainerSafeModeRule (RatisContainerSafeModeRule.java:initializeRule(160)) - Refreshed Containers with one replica threshold count 0.
2025-05-13 07:43:29,749 [main] INFO  safemode.ECContainerSafeModeRule (ECContainerSafeModeRule.java:initializeRule(205)) - Refreshed Containers with ec n replica threshold count 0.
2025-05-13 07:43:29,750 [main] INFO  safemode.HealthyPipelineSafeModeRule (HealthyPipelineSafeModeRule.java:initializeRule(177)) - Total pipeline count is 0, healthy pipeline threshold count is 0
2025-05-13 07:43:29,750 [main] INFO  safemode.OneReplicaPipelineSafeModeRule (OneReplicaPipelineSafeModeRule.java:initializeRule(190)) - Total pipeline count is 0, pipeline's with at least one datanode reported threshold count is 0
2025-05-13 07:43:29,752 [main] INFO  security.SecretKeyManagerService (SecretKeyManagerService.java:start(143)) - Scheduling rotation checker with interval PT10M
2025-05-13 07:43:29,752 [main] INFO  ha.SCMServiceManager (SCMServiceManager.java:register(42)) - Registering service SecretKeyManagerService.
2025-05-13 07:43:29,752 [main] INFO  keys.KeyStorage (KeyStorage.java:readPublicKey(174)) - Reading public key from /tmp/junit-6012229698098752559/scm-meta/scm/sub-ca/keys/public.pem.
2025-05-13 07:43:29,753 [main] INFO  keys.KeyStorage (KeyStorage.java:readPrivateKey(158)) - Reading private key from /tmp/junit-6012229698098752559/scm-meta/scm/sub-ca/keys/private.pem.
2025-05-13 07:43:29,753 [main] INFO  authority.DefaultCAServer (DefaultCAServer.java:lambda$processVerificationStatus$0(392)) - CertificateServer validation is successful
2025-05-13 07:43:29,753 [main] INFO  keys.KeyStorage (KeyStorage.java:readPublicKey(174)) - Reading public key from /tmp/junit-6012229698098752559/scm-meta/scm/ca/keys/public.pem.
2025-05-13 07:43:29,754 [main] INFO  keys.KeyStorage (KeyStorage.java:readPrivateKey(158)) - Reading private key from /tmp/junit-6012229698098752559/scm-meta/scm/ca/keys/private.pem.
2025-05-13 07:43:29,754 [main] INFO  authority.DefaultCAServer (DefaultCAServer.java:lambda$processVerificationStatus$0(392)) - CertificateServer validation is successful
2025-05-13 07:43:29,754 [main] INFO  server.StorageContainerManager (StorageContainerManager.java:persistPrimarySCMCerts(950)) - Storing sub-ca certificate serialId 2 on primary SCM
2025-05-13 07:43:29,756 [main] INFO  server.SCMCertStore (SCMCertStore.java:storeValidScmCertificate(96)) - Scm certificate 2 for CN=scm-sub@pkrvmberfyhpb9w,OU=c7e37fed-ffe8-4455-9e33-59458259ae49,O=fdce2867-8dd6-4a71-8a39-bd937a2d3539,SERIALNUMBER=2 is stored
2025-05-13 07:43:29,756 [main] INFO  server.StorageContainerManager (StorageContainerManager.java:persistPrimarySCMCerts(957)) - Storing root certificate serialId 1
2025-05-13 07:43:29,757 [main] INFO  server.SCMCertStore (SCMCertStore.java:storeValidScmCertificate(96)) - Scm certificate 1 for CN=scm@pkrvmberfyhpb9w,OU=c7e37fed-ffe8-4455-9e33-59458259ae49,O=fdce2867-8dd6-4a71-8a39-bd937a2d3539,SERIALNUMBER=1 is stored
2025-05-13 07:43:29,760 [main] INFO  ha.SequenceIdGenerator (SequenceIdGenerator.java:upgradeToCertificateSequenceId(419)) - upgrade CertificateId to 2
2025-05-13 07:43:29,761 [main] INFO  ipc.CallQueueManager (CallQueueManager.java:<init>(93)) - Using callQueue: class java.util.concurrent.LinkedBlockingQueue, queueCapacity: 200, scheduler: class org.apache.hadoop.ipc.DefaultRpcScheduler, ipcBackoff: false, ipcFailOver: false.
2025-05-13 07:43:29,761 [main] INFO  ipc.Server (Server.java:<init>(1438)) - Listener at 0.0.0.0:15038
2025-05-13 07:43:29,763 [Socket Reader #1 for port 15038] INFO  ipc.Server (Server.java:run(1474)) - Starting Socket Reader #1 for port 15038
2025-05-13 07:43:29,765 [main] INFO  server.StorageContainerManager (StorageContainerManager.java:<init>(430)) - SCM start with adminUsers: [om/pkrvmberfyhpb9w.internal.cloudapp.net@EXAMPLE.COM, om]
2025-05-13 07:43:29,766 [main] INFO  ipc.CallQueueManager (CallQueueManager.java:<init>(93)) - Using callQueue: class java.util.concurrent.LinkedBlockingQueue, queueCapacity: 10000, scheduler: class org.apache.hadoop.ipc.DefaultRpcScheduler, ipcBackoff: false, ipcFailOver: false.
2025-05-13 07:43:29,766 [main] INFO  ipc.Server (Server.java:<init>(1438)) - Listener at 0.0.0.0:15036
2025-05-13 07:43:29,767 [Socket Reader #1 for port 15036] INFO  ipc.Server (Server.java:run(1474)) - Starting Socket Reader #1 for port 15036
2025-05-13 07:43:29,767 [Socket Reader #2 for port 15036] INFO  ipc.Server (Server.java:run(1474)) - Starting Socket Reader #2 for port 15036
2025-05-13 07:43:29,767 [Socket Reader #3 for port 15036] INFO  ipc.Server (Server.java:run(1474)) - Starting Socket Reader #3 for port 15036
2025-05-13 07:43:29,768 [Socket Reader #4 for port 15036] INFO  ipc.Server (Server.java:run(1474)) - Starting Socket Reader #4 for port 15036
2025-05-13 07:43:29,768 [Socket Reader #5 for port 15036] INFO  ipc.Server (Server.java:run(1474)) - Starting Socket Reader #5 for port 15036
2025-05-13 07:43:29,768 [Socket Reader #6 for port 15036] INFO  ipc.Server (Server.java:run(1474)) - Starting Socket Reader #6 for port 15036
2025-05-13 07:43:29,769 [Socket Reader #7 for port 15036] INFO  ipc.Server (Server.java:run(1474)) - Starting Socket Reader #7 for port 15036
2025-05-13 07:43:29,769 [Socket Reader #8 for port 15036] INFO  ipc.Server (Server.java:run(1474)) - Starting Socket Reader #8 for port 15036
2025-05-13 07:43:29,769 [Socket Reader #9 for port 15036] INFO  ipc.Server (Server.java:run(1474)) - Starting Socket Reader #9 for port 15036
2025-05-13 07:43:29,770 [Socket Reader #10 for port 15036] INFO  ipc.Server (Server.java:run(1474)) - Starting Socket Reader #10 for port 15036
2025-05-13 07:43:29,771 [main] INFO  ipc.CallQueueManager (CallQueueManager.java:<init>(93)) - Using callQueue: class java.util.concurrent.LinkedBlockingQueue, queueCapacity: 10000, scheduler: class org.apache.hadoop.ipc.DefaultRpcScheduler, ipcBackoff: false, ipcFailOver: false.
2025-05-13 07:43:29,772 [main] INFO  ipc.Server (Server.java:<init>(1438)) - Listener at 0.0.0.0:15037
2025-05-13 07:43:29,772 [Socket Reader #1 for port 15037] INFO  ipc.Server (Server.java:run(1474)) - Starting Socket Reader #1 for port 15037
2025-05-13 07:43:29,773 [Socket Reader #2 for port 15037] INFO  ipc.Server (Server.java:run(1474)) - Starting Socket Reader #2 for port 15037
2025-05-13 07:43:29,773 [Socket Reader #3 for port 15037] INFO  ipc.Server (Server.java:run(1474)) - Starting Socket Reader #3 for port 15037
2025-05-13 07:43:29,774 [Socket Reader #4 for port 15037] INFO  ipc.Server (Server.java:run(1474)) - Starting Socket Reader #4 for port 15037
2025-05-13 07:43:29,774 [Socket Reader #5 for port 15037] INFO  ipc.Server (Server.java:run(1474)) - Starting Socket Reader #5 for port 15037
2025-05-13 07:43:29,775 [Socket Reader #6 for port 15037] INFO  ipc.Server (Server.java:run(1474)) - Starting Socket Reader #6 for port 15037
2025-05-13 07:43:29,775 [Socket Reader #7 for port 15037] INFO  ipc.Server (Server.java:run(1474)) - Starting Socket Reader #7 for port 15037
2025-05-13 07:43:29,775 [Socket Reader #8 for port 15037] INFO  ipc.Server (Server.java:run(1474)) - Starting Socket Reader #8 for port 15037
2025-05-13 07:43:29,776 [Socket Reader #9 for port 15037] INFO  ipc.Server (Server.java:run(1474)) - Starting Socket Reader #9 for port 15037
2025-05-13 07:43:29,777 [Socket Reader #10 for port 15037] INFO  ipc.Server (Server.java:run(1474)) - Starting Socket Reader #10 for port 15037
2025-05-13 07:43:29,778 [main] INFO  ipc.CallQueueManager (CallQueueManager.java:<init>(93)) - Using callQueue: class java.util.concurrent.LinkedBlockingQueue, queueCapacity: 10000, scheduler: class org.apache.hadoop.ipc.DefaultRpcScheduler, ipcBackoff: false, ipcFailOver: false.
2025-05-13 07:43:29,778 [main] INFO  ipc.Server (Server.java:<init>(1438)) - Listener at 0.0.0.0:15035
2025-05-13 07:43:29,779 [Socket Reader #1 for port 15035] INFO  ipc.Server (Server.java:run(1474)) - Starting Socket Reader #1 for port 15035
2025-05-13 07:43:29,783 [Socket Reader #4 for port 15035] INFO  ipc.Server (Server.java:run(1474)) - Starting Socket Reader #4 for port 15035
2025-05-13 07:43:29,783 [Socket Reader #3 for port 15035] INFO  ipc.Server (Server.java:run(1474)) - Starting Socket Reader #3 for port 15035
2025-05-13 07:43:29,782 [Socket Reader #2 for port 15035] INFO  ipc.Server (Server.java:run(1474)) - Starting Socket Reader #2 for port 15035
2025-05-13 07:43:29,784 [Socket Reader #5 for port 15035] INFO  ipc.Server (Server.java:run(1474)) - Starting Socket Reader #5 for port 15035
2025-05-13 07:43:29,784 [Socket Reader #7 for port 15035] INFO  ipc.Server (Server.java:run(1474)) - Starting Socket Reader #7 for port 15035
2025-05-13 07:43:29,785 [Socket Reader #6 for port 15035] INFO  ipc.Server (Server.java:run(1474)) - Starting Socket Reader #6 for port 15035
2025-05-13 07:43:29,785 [Socket Reader #9 for port 15035] INFO  ipc.Server (Server.java:run(1474)) - Starting Socket Reader #9 for port 15035
2025-05-13 07:43:29,785 [Socket Reader #10 for port 15035] INFO  ipc.Server (Server.java:run(1474)) - Starting Socket Reader #10 for port 15035
2025-05-13 07:43:29,788 [Socket Reader #8 for port 15035] INFO  ipc.Server (Server.java:run(1474)) - Starting Socket Reader #8 for port 15035
2025-05-13 07:43:29,794 [main] INFO  ha.SCMServiceManager (SCMServiceManager.java:register(42)) - Registering service ContainerBalancer.
2025-05-13 07:43:29,794 [main] INFO  ha.SCMContext (SCMContext.java:updateSafeModeStatus(224)) - Update SafeModeStatus from SafeModeStatus{safeModeStatus=true, preCheckPassed=false} to SafeModeStatus{safeModeStatus=true, preCheckPassed=false}.
2025-05-13 07:43:29,797 [main] INFO  server.StorageContainerManager (StorageContainerManager.java:start(1507)) - StorageContainerLocationProtocol RPC server is listening at /0.0.0.0:15035
2025-05-13 07:43:29,797 [main] INFO  ha.SCMRatisServerImpl (SCMRatisServerImpl.java:start(203)) - starting ratis server 0.0.0.0:15039
2025-05-13 07:43:29,797 [c7e37fed-ffe8-4455-9e33-59458259ae49-impl-thread1] INFO  server.RaftServerConfigKeys (ConfUtils.java:logGet(46)) - raft.server.storage.free-space.min = 0MB (=0) (default)
2025-05-13 07:43:29,797 [c7e37fed-ffe8-4455-9e33-59458259ae49-impl-thread1] INFO  server.RaftServerConfigKeys (ConfUtils.java:logGet(46)) - raft.server.log.corruption.policy = EXCEPTION (default)
2025-05-13 07:43:29,797 [c7e37fed-ffe8-4455-9e33-59458259ae49-impl-thread1] INFO  server.RaftServerConfigKeys (ConfUtils.java:logGet(46)) - raft.server.storage.dir = [/tmp/junit-6012229698098752559/scm-meta/scm-ha] (custom)
2025-05-13 07:43:29,800 [c7e37fed-ffe8-4455-9e33-59458259ae49-impl-thread1] INFO  storage.RaftStorageDirectory (RaftStorageDirectoryImpl.java:tryLock(229)) - Lock on /tmp/junit-6012229698098752559/scm-meta/scm-ha/fdce2867-8dd6-4a71-8a39-bd937a2d3539/in_use.lock acquired by nodename 25269@pkrvmberfyhpb9w
2025-05-13 07:43:29,800 [c7e37fed-ffe8-4455-9e33-59458259ae49-impl-thread1] INFO  storage.RaftStorage (RaftStorageImpl.java:analyzeAndRecoverStorage(118)) - Read RaftStorageMetadata{term=1, votedFor=c7e37fed-ffe8-4455-9e33-59458259ae49} from /tmp/junit-6012229698098752559/scm-meta/scm-ha/fdce2867-8dd6-4a71-8a39-bd937a2d3539/current/raft-meta
2025-05-13 07:43:29,801 [c7e37fed-ffe8-4455-9e33-59458259ae49-impl-thread1] INFO  server.RaftServer$Division (ServerState.java:setRaftConf(386)) - c7e37fed-ffe8-4455-9e33-59458259ae49@group-BD937A2D3539: set configuration conf: {index: 0, cur=peers:[c7e37fed-ffe8-4455-9e33-59458259ae49|pkrvmberfyhpb9w:15039]|listeners:[], old=null}
2025-05-13 07:43:29,801 [c7e37fed-ffe8-4455-9e33-59458259ae49-impl-thread1] INFO  ha.SCMStateMachine (SCMStateMachine.java:lambda$initialize$0(135)) - c7e37fed-ffe8-4455-9e33-59458259ae49: initialize group-BD937A2D3539
2025-05-13 07:43:29,801 [c7e37fed-ffe8-4455-9e33-59458259ae49-impl-thread1] INFO  server.RaftServerConfigKeys (ConfUtils.java:logGet(46)) - raft.server.log.use.memory = false (default)
2025-05-13 07:43:29,801 [c7e37fed-ffe8-4455-9e33-59458259ae49-impl-thread1] INFO  server.RaftServerConfigKeys (ConfUtils.java:logGet(46)) - raft.server.log.purge.gap = 1000000 (custom)
2025-05-13 07:43:29,801 [c7e37fed-ffe8-4455-9e33-59458259ae49-impl-thread1] INFO  server.RaftServerConfigKeys (ConfUtils.java:logGet(46)) - raft.server.log.appender.buffer.byte-limit = 4194304 (custom)
2025-05-13 07:43:29,801 [c7e37fed-ffe8-4455-9e33-59458259ae49-impl-thread1] INFO  server.RaftServerConfigKeys (ConfUtils.java:logGet(46)) - raft.server.log.statemachine.data.read.timeout = 1000ms (default)
2025-05-13 07:43:29,801 [c7e37fed-ffe8-4455-9e33-59458259ae49-impl-thread1] INFO  server.RaftServerConfigKeys (ConfUtils.java:logGet(46)) - raft.server.log.purge.preservation.log.num = 0 (default)
2025-05-13 07:43:29,804 [c7e37fed-ffe8-4455-9e33-59458259ae49-impl-thread1] INFO  server.RaftServerConfigKeys (ConfUtils.java:logGet(46)) - raft.server.log.segment.size.max = 4194304 (custom)
2025-05-13 07:43:29,805 [c7e37fed-ffe8-4455-9e33-59458259ae49-impl-thread1] INFO  server.RaftServerConfigKeys (ConfUtils.java:logGet(46)) - raft.server.log.segment.cache.num.max = 2 (custom)
2025-05-13 07:43:29,806 [c7e37fed-ffe8-4455-9e33-59458259ae49-impl-thread1] INFO  server.RaftServerConfigKeys (ConfUtils.java:logGet(46)) - raft.server.log.segment.cache.size.max = 200MB (=209715200) (default)
2025-05-13 07:43:29,806 [c7e37fed-ffe8-4455-9e33-59458259ae49-impl-thread1] INFO  server.RaftServerConfigKeys (ConfUtils.java:logGet(46)) - raft.server.log.appender.buffer.byte-limit = 4194304 (custom)
2025-05-13 07:43:29,806 [c7e37fed-ffe8-4455-9e33-59458259ae49-impl-thread1] INFO  util.AwaitToRun (AwaitToRun.java:start(81)) - Thread[#1207,c7e37fed-ffe8-4455-9e33-59458259ae49@group-BD937A2D3539-cacheEviction-AwaitToRun,5,main] started
2025-05-13 07:43:29,807 [c7e37fed-ffe8-4455-9e33-59458259ae49-impl-thread1] INFO  segmented.SegmentedRaftLogWorker (SegmentedRaftLogWorker.java:<init>(188)) - new c7e37fed-ffe8-4455-9e33-59458259ae49@group-BD937A2D3539-SegmentedRaftLogWorker for RaftStorageImpl:Storage Directory /tmp/junit-6012229698098752559/scm-meta/scm-ha/fdce2867-8dd6-4a71-8a39-bd937a2d3539
2025-05-13 07:43:29,807 [c7e37fed-ffe8-4455-9e33-59458259ae49-impl-thread1] INFO  server.RaftServerConfigKeys (ConfUtils.java:logGet(46)) - raft.server.log.queue.byte-limit = 64MB (=67108864) (default)
2025-05-13 07:43:29,807 [c7e37fed-ffe8-4455-9e33-59458259ae49-impl-thread1] INFO  server.RaftServerConfigKeys (ConfUtils.java:logGet(46)) - raft.server.log.queue.element-limit = 4096 (default)
2025-05-13 07:43:29,807 [c7e37fed-ffe8-4455-9e33-59458259ae49-impl-thread1] INFO  server.RaftServerConfigKeys (ConfUtils.java:logGet(46)) - raft.server.log.segment.size.max = 4194304 (custom)
2025-05-13 07:43:29,808 [c7e37fed-ffe8-4455-9e33-59458259ae49-impl-thread1] INFO  server.RaftServerConfigKeys (ConfUtils.java:logGet(46)) - raft.server.log.preallocated.size = 4194304 (custom)
2025-05-13 07:43:29,808 [c7e37fed-ffe8-4455-9e33-59458259ae49-impl-thread1] INFO  server.RaftServerConfigKeys (ConfUtils.java:logGet(46)) - raft.server.log.force.sync.num = 128 (default)
2025-05-13 07:43:29,808 [c7e37fed-ffe8-4455-9e33-59458259ae49-impl-thread1] INFO  server.RaftServerConfigKeys (ConfUtils.java:logGet(46)) - raft.server.log.statemachine.data.sync = true (default)
2025-05-13 07:43:29,808 [c7e37fed-ffe8-4455-9e33-59458259ae49-impl-thread1] INFO  server.RaftServerConfigKeys (ConfUtils.java:logGet(46)) - raft.server.log.statemachine.data.sync.timeout = 10s (default)
2025-05-13 07:43:29,809 [c7e37fed-ffe8-4455-9e33-59458259ae49-impl-thread1] INFO  server.RaftServerConfigKeys (ConfUtils.java:logGet(46)) - raft.server.log.statemachine.data.sync.timeout.retry = -1 (default)
2025-05-13 07:43:29,809 [c7e37fed-ffe8-4455-9e33-59458259ae49-impl-thread1] INFO  server.RaftServerConfigKeys (ConfUtils.java:logGet(46)) - raft.server.log.write.buffer.size = 4194312 (custom)
2025-05-13 07:43:29,809 [c7e37fed-ffe8-4455-9e33-59458259ae49-impl-thread1] INFO  server.RaftServerConfigKeys (ConfUtils.java:logGet(46)) - raft.server.log.appender.buffer.byte-limit = 4194304 (custom)
2025-05-13 07:43:29,809 [c7e37fed-ffe8-4455-9e33-59458259ae49-impl-thread1] INFO  server.RaftServerConfigKeys (ConfUtils.java:logGet(46)) - raft.server.log.unsafe-flush.enabled = false (default)
2025-05-13 07:43:29,809 [c7e37fed-ffe8-4455-9e33-59458259ae49-impl-thread1] INFO  server.RaftServerConfigKeys (ConfUtils.java:logGet(46)) - raft.server.log.async-flush.enabled = false (default)
2025-05-13 07:43:29,809 [c7e37fed-ffe8-4455-9e33-59458259ae49-impl-thread1] INFO  server.RaftServerConfigKeys (ConfUtils.java:logGet(46)) - raft.server.log.statemachine.data.caching.enabled = false (default)
2025-05-13 07:43:29,810 [c7e37fed-ffe8-4455-9e33-59458259ae49-impl-thread1] INFO  server.RaftServer$Division (ServerState.java:setRaftConf(386)) - c7e37fed-ffe8-4455-9e33-59458259ae49@group-BD937A2D3539: set configuration conf: {index: 0, cur=peers:[c7e37fed-ffe8-4455-9e33-59458259ae49|pkrvmberfyhpb9w:15039]|listeners:[], old=null}
2025-05-13 07:43:29,810 [c7e37fed-ffe8-4455-9e33-59458259ae49-impl-thread1] INFO  segmented.LogSegment (LogSegment.java:loadSegment(171)) - Successfully read 1 entries from segment file /tmp/junit-6012229698098752559/scm-meta/scm-ha/fdce2867-8dd6-4a71-8a39-bd937a2d3539/current/log_inprogress_0
2025-05-13 07:43:29,810 [c7e37fed-ffe8-4455-9e33-59458259ae49-impl-thread1] INFO  segmented.SegmentedRaftLogWorker (SegmentedRaftLogWorker.java:lambda$new$0(139)) - c7e37fed-ffe8-4455-9e33-59458259ae49@group-BD937A2D3539-SegmentedRaftLogWorker: safeCacheEvictIndex: setUnconditionally 0 -> -1
2025-05-13 07:43:29,810 [c7e37fed-ffe8-4455-9e33-59458259ae49-impl-thread1] INFO  segmented.BufferedWriteChannel (BufferedWriteChannel.java:open(61)) - open log_inprogress_0 (append) at position 82
2025-05-13 07:43:29,811 [c7e37fed-ffe8-4455-9e33-59458259ae49-impl-thread1] INFO  server.RaftServer$Division (RaftServerImpl.java:start(391)) - c7e37fed-ffe8-4455-9e33-59458259ae49@group-BD937A2D3539: start as a follower, conf=conf: {index: 0, cur=peers:[c7e37fed-ffe8-4455-9e33-59458259ae49|pkrvmberfyhpb9w:15039]|listeners:[], old=null}
2025-05-13 07:43:29,811 [c7e37fed-ffe8-4455-9e33-59458259ae49-impl-thread1] INFO  server.RaftServer$Division (RaftServerImpl.java:setRole(378)) - c7e37fed-ffe8-4455-9e33-59458259ae49@group-BD937A2D3539: changes role from      null to FOLLOWER at term 1 for startAsFollower
2025-05-13 07:43:29,811 [c7e37fed-ffe8-4455-9e33-59458259ae49-impl-thread1] INFO  impl.RoleInfo (RoleInfo.java:updateAndGet(148)) - c7e37fed-ffe8-4455-9e33-59458259ae49: start c7e37fed-ffe8-4455-9e33-59458259ae49@group-BD937A2D3539-FollowerState
2025-05-13 07:43:29,812 [c7e37fed-ffe8-4455-9e33-59458259ae49@group-BD937A2D3539-FollowerState] INFO  server.RaftServerConfigKeys (ConfUtils.java:logFallback(53)) - raft.server.rpc.first-election.timeout.min = 5000ms (fallback to raft.server.rpc.timeout.min)
2025-05-13 07:43:29,812 [c7e37fed-ffe8-4455-9e33-59458259ae49@group-BD937A2D3539-FollowerState] INFO  server.RaftServerConfigKeys (ConfUtils.java:logFallback(53)) - raft.server.rpc.first-election.timeout.max = 5200ms (fallback to raft.server.rpc.timeout.max)
2025-05-13 07:43:29,812 [c7e37fed-ffe8-4455-9e33-59458259ae49-impl-thread1] INFO  util.JmxRegister (JmxRegister.java:tryRegister(44)) - Successfully registered JMX Bean with object name Ratis:service=RaftServer,group=group-BD937A2D3539,id=c7e37fed-ffe8-4455-9e33-59458259ae49
2025-05-13 07:43:29,812 [c7e37fed-ffe8-4455-9e33-59458259ae49-impl-thread1] INFO  util.JmxRegister (JmxRegister.java:register(58)) - register mxBean class org.apache.ratis.server.impl.RaftServerJmxAdapter as Ratis:service=RaftServer,group=group-BD937A2D3539,id=c7e37fed-ffe8-4455-9e33-59458259ae49
2025-05-13 07:43:29,812 [c7e37fed-ffe8-4455-9e33-59458259ae49-impl-thread1] INFO  server.RaftServerConfigKeys (ConfUtils.java:logGet(46)) - raft.server.snapshot.trigger-when-stop.enabled = true (default)
2025-05-13 07:43:29,812 [c7e37fed-ffe8-4455-9e33-59458259ae49-impl-thread1] INFO  server.RaftServerConfigKeys (ConfUtils.java:logGet(46)) - raft.server.snapshot.trigger-when-remove.enabled = true (default)
2025-05-13 07:43:29,813 [c7e37fed-ffe8-4455-9e33-59458259ae49-impl-thread1] INFO  server.RaftServerConfigKeys (ConfUtils.java:logGet(46)) - raft.server.snapshot.auto.trigger.enabled = true (custom)
2025-05-13 07:43:29,813 [c7e37fed-ffe8-4455-9e33-59458259ae49-impl-thread1] INFO  server.RaftServerConfigKeys (ConfUtils.java:logGet(46)) - raft.server.snapshot.auto.trigger.threshold = 1000 (custom)
2025-05-13 07:43:29,813 [c7e37fed-ffe8-4455-9e33-59458259ae49-impl-thread1] INFO  server.RaftServerConfigKeys (ConfUtils.java:logGet(46)) - raft.server.snapshot.retention.file.num = -1 (default)
2025-05-13 07:43:29,813 [c7e37fed-ffe8-4455-9e33-59458259ae49-impl-thread1] INFO  server.RaftServerConfigKeys (ConfUtils.java:logGet(46)) - raft.server.log.purge.upto.snapshot.index = false (default)
2025-05-13 07:43:29,814 [c7e37fed-ffe8-4455-9e33-59458259ae49-impl-thread1] INFO  server.RaftServer$Division (RaftServerImpl.java:start(405)) - c7e37fed-ffe8-4455-9e33-59458259ae49@group-BD937A2D3539: Successfully started.
2025-05-13 07:43:29,814 [main] INFO  server.RaftServer (RaftServerProxy.java:startImpl(407)) - c7e37fed-ffe8-4455-9e33-59458259ae49: start RPC server
2025-05-13 07:43:29,815 [main] INFO  server.GrpcService (GrpcService.java:startImpl(334)) - c7e37fed-ffe8-4455-9e33-59458259ae49: GrpcService started, listening on 15039
2025-05-13 07:43:29,816 [JvmPauseMonitor7] INFO  util.JvmPauseMonitor (JvmPauseMonitor.java:run(146)) - JvmPauseMonitor-c7e37fed-ffe8-4455-9e33-59458259ae49: Started
2025-05-13 07:43:29,816 [main] INFO  ha.SCMHAManagerImpl (SCMHAManagerImpl.java:start(131)) -  scm role is FOLLOWER peers [c7e37fed-ffe8-4455-9e33-59458259ae49|pkrvmberfyhpb9w:15039]
2025-05-13 07:43:29,816 [main] INFO  ha.InterSCMGrpcService (InterSCMGrpcProtocolService.java:start(98)) - Starting SCM Grpc Service at port 15040
2025-05-13 07:43:29,817 [main] INFO  SCMHATransactionMonitor (BackgroundSCMService.java:start(64)) - Starting SCMHATransactionMonitor Service.
2025-05-13 07:43:29,817 [main] INFO  ha.SCMServiceManager (SCMServiceManager.java:register(42)) - Registering service SCMHATransactionMonitor.
2025-05-13 07:43:29,817 [main] INFO  SCMHATransactionMonitor (BackgroundSCMService.java:start(61)) - SCMHATransactionMonitor Service is already running, skip start.
2025-05-13 07:43:29,819 [main] WARN  impl.MetricsConfig (MetricsConfig.java:loadFirst(138)) - Cannot locate configuration: tried hadoop-metrics2-storagecontainermanager.properties,hadoop-metrics2.properties
2025-05-13 07:43:29,821 [main] INFO  impl.MetricsSystemImpl (MetricsSystemImpl.java:startTimer(378)) - Scheduled Metric snapshot period at 10 second(s).
2025-05-13 07:43:29,821 [main] INFO  impl.MetricsSystemImpl (MetricsSystemImpl.java:start(191)) - StorageContainerManager metrics system started
2025-05-13 07:43:29,844 [main] INFO  impl.MetricsSinkAdapter (MetricsSinkAdapter.java:start(204)) - Sink prometheus started
2025-05-13 07:43:29,844 [main] INFO  impl.MetricsSystemImpl (MetricsSystemImpl.java:registerSink(305)) - Registered sink prometheus
2025-05-13 07:43:29,865 [main] INFO  server.SCMClientProtocolServer (SCMClientProtocolServer.java:start(207)) - RPC server for Client  is listening at /0.0.0.0:15035
2025-05-13 07:43:29,865 [IPC Server Responder] INFO  ipc.Server (Server.java:run(1713)) - IPC Server Responder: starting
2025-05-13 07:43:29,866 [IPC Server listener on 15035] INFO  ipc.Server (Server.java:run(1553)) - IPC Server listener on 15035: starting
2025-05-13 07:43:29,883 [main] INFO  server.StorageContainerManager (StorageContainerManager.java:start(1520)) - ScmBlockLocationProtocol RPC server is listening at /0.0.0.0:15037
2025-05-13 07:43:29,884 [main] INFO  server.SCMBlockProtocolServer (SCMBlockProtocolServer.java:start(166)) - RPC server for Block Protocol is listening at /0.0.0.0:15037
2025-05-13 07:43:29,884 [IPC Server Responder] INFO  ipc.Server (Server.java:run(1713)) - IPC Server Responder: starting
2025-05-13 07:43:29,885 [IPC Server listener on 15037] INFO  ipc.Server (Server.java:run(1553)) - IPC Server listener on 15037: starting
2025-05-13 07:43:29,898 [main] INFO  server.SCMSecurityProtocolServer (SCMSecurityProtocolServer.java:start(503)) - Starting RPC server for SCMSecurityProtocolServer. is listening at /0.0.0.0:15038
2025-05-13 07:43:29,900 [IPC Server Responder] INFO  ipc.Server (Server.java:run(1713)) - IPC Server Responder: starting
2025-05-13 07:43:29,900 [IPC Server listener on 15038] INFO  ipc.Server (Server.java:run(1553)) - IPC Server listener on 15038: starting
2025-05-13 07:43:29,917 [main] INFO  http.BaseHttpServer (BaseHttpServer.java:newHttpServer2BuilderForOzone(229)) - Starting Web-server for scm at: http://0.0.0.0:9876
2025-05-13 07:43:29,917 [main] INFO  http.BaseHttpServer (BaseHttpServer.java:<init>(107)) - Hadoop Security Enabled: true Ozone Security Enabled: true Ozone HTTP Security Enabled: false 
2025-05-13 07:43:29,920 [main] WARN  server.AuthenticationFilter (AuthenticationFilter.java:constructSecretProvider(240)) - Unable to initialize FileSignerSecretProvider, falling back to use random secrets. Reason: Could not read signature secret file: /home/runner/hadoop-http-auth-signature-secret
2025-05-13 07:43:29,925 [main] INFO  http.HttpServer2 (HttpServer2.java:addGlobalFilter(1042)) - Added global filter 'safety' (class=org.apache.hadoop.hdds.server.http.HttpServer2$QuotingInputFilter)
2025-05-13 07:43:29,926 [main] INFO  http.HttpServer2 (HttpServer2.java:addFilter(1018)) - Added filter static_user_filter (class=org.apache.hadoop.http.lib.StaticUserWebFilter$StaticUserFilter) to context scm
2025-05-13 07:43:29,926 [main] INFO  http.HttpServer2 (HttpServer2.java:addFilter(1026)) - Added filter static_user_filter (class=org.apache.hadoop.http.lib.StaticUserWebFilter$StaticUserFilter) to context static
2025-05-13 07:43:29,926 [main] INFO  http.HttpServer2 (HttpServer2.java:addFilter(1026)) - Added filter static_user_filter (class=org.apache.hadoop.http.lib.StaticUserWebFilter$StaticUserFilter) to context logs
2025-05-13 07:43:29,928 [main] INFO  http.BaseHttpServer (BaseHttpServer.java:<init>(195)) - HTTP server of scm uses base directory /tmp/junit-6012229698098752559/scm-meta/webserver
2025-05-13 07:43:29,929 [main] INFO  http.HttpServer2 (HttpServer2.java:bindListener(1242)) - Jetty bound to port 9876
2025-05-13 07:43:29,929 [main] INFO  server.Server (Server.java:doStart(375)) - jetty-9.4.57.v20241219; built: 2025-01-08T21:24:30.412Z; git: df524e6b29271c2e09ba9aea83c18dc9db464a31; jvm 21.0.7+6-LTS
2025-05-13 07:43:29,931 [main] INFO  server.session (DefaultSessionIdManager.java:doStart(334)) - DefaultSessionIdManager workerName=node0
2025-05-13 07:43:29,932 [main] INFO  server.session (DefaultSessionIdManager.java:doStart(339)) - No SessionScavenger set, using defaults
2025-05-13 07:43:29,932 [main] INFO  server.session (HouseKeeper.java:startScavenging(132)) - node0 Scavenging every 660000ms
2025-05-13 07:43:29,933 [main] INFO  handler.ContextHandler (ContextHandler.java:doStart(921)) - Started o.e.j.s.ServletContextHandler@69823333{logs,/logs,file:///home/runner/work/ozone/ozone/hadoop-ozone/integration-test/target/log,AVAILABLE}
2025-05-13 07:43:29,933 [main] INFO  handler.ContextHandler (ContextHandler.java:doStart(921)) - Started o.e.j.s.ServletContextHandler@59a01c50{static,/static,file:///home/runner/work/ozone/ozone/hadoop-ozone/integration-test/target/test-classes/webapps/static,AVAILABLE}
2025-05-13 07:43:29,944 [main] INFO  handler.ContextHandler (ContextHandler.java:doStart(921)) - Started o.e.j.w.WebAppContext@6de00147{scm,/,file:///home/runner/work/ozone/ozone/hadoop-ozone/integration-test/target/test-classes/webapps/scm/,AVAILABLE}{file:/home/runner/work/ozone/ozone/hadoop-ozone/integration-test/target/test-classes/webapps/scm}
2025-05-13 07:43:29,944 [main] INFO  server.AbstractConnector (AbstractConnector.java:doStart(333)) - Started ServerConnector@5717eea2{HTTP/1.1, (http/1.1)}{0.0.0.0:9876}
2025-05-13 07:43:29,944 [main] INFO  server.Server (Server.java:doStart(415)) - Started @51915ms
2025-05-13 07:43:29,945 [main] WARN  impl.MetricsSystemImpl (MetricsSystemImpl.java:register(279)) - Sink prometheus already exists!
2025-05-13 07:43:29,945 [main] INFO  http.BaseHttpServer (BaseHttpServer.java:updateConnectorAddress(359)) - HTTP server of scm listening at http://0.0.0.0:9876
2025-05-13 07:43:29,946 [main] WARN  server.ServerUtils (ServerUtils.java:getDBPath(292)) - ozone.om.db.dirs is not configured. We recommend adding this setting. Falling back to ozone.metadata.dirs instead.
2025-05-13 07:43:29,947 [main] INFO  om.OzoneManager (OzoneManager.java:initializeSecurity(1533)) - Initializing secure OzoneManager.
2025-05-13 07:43:29,947 [main] INFO  om.OzoneManager (OzoneManager.java:getOmDetailsProto(4941)) - OzoneManager ports added:[name: "RPC"
value: 15041
]
2025-05-13 07:43:29,948 [main] INFO  proxy.SCMSecurityProtocolFailoverProxyProvider (SCMFailoverProxyProviderBase.java:<init>(120)) - Created fail-over proxy for protocol SCMSecurityProtocolPB with 1 nodes: [nodeId=scmNodeId,nodeAddress=/0.0.0.0:15038]
2025-05-13 07:43:29,951 [main] INFO  security.OMCertificateClient (DefaultCertificateClient.java:updateCertSerialId(1289)) - Certificate serial ID set to null
2025-05-13 07:43:29,951 [main] ERROR security.OMCertificateClient (DefaultCertificateClient.java:getCertPath(373)) - Default certificate serial id is not set. Can't locate the default certificate for this client.
2025-05-13 07:43:29,951 [main] INFO  security.OMCertificateClient (DefaultCertificateClient.java:init(717)) - Certificate client init case: 0
2025-05-13 07:43:29,951 [main] INFO  security.OMCertificateClient (DefaultCertificateClient.java:handleCase(735)) - Creating keypair for client as keypair and certificate not found.
2025-05-13 07:43:29,973 [pool-223-thread-1] INFO  request.TgsRequest (TgsRequest.java:issueTicket(117)) - TGS_REQ ISSUE: authtime 1747122209972,om/pkrvmberfyhpb9w.internal.cloudapp.net@EXAMPLE.COM for om/pkrvmberfyhpb9w.internal.cloudapp.net@EXAMPLE.COM
2025-05-13 07:43:29,988 [Socket Reader #1 for port 15038] INFO  ipc.Server (Server.java:saslProcess(2290)) - Auth successful for om/pkrvmberfyhpb9w.internal.cloudapp.net@EXAMPLE.COM (auth:KERBEROS) from 127.0.0.1:38768
2025-05-13 07:43:29,992 [IPC Server handler 0 on default port 15038] INFO  ipc.Server (Server.java:logException(3260)) - IPC Server handler 0 on default port 15038, call Call#8 Retry#0 org.apache.hadoop.hdds.protocol.SCMSecurityProtocol.submitRequest from 127.0.0.1:38768
org.apache.hadoop.hdds.ratis.ServerNotLeaderException: SCM Server:c7e37fed-ffe8-4455-9e33-59458259ae49(pkrvmberfyhpb9w.internal.cloudapp.net) is not the leader. Could not determine the leader node.
	at org.apache.hadoop.hdds.ratis.ServerNotLeaderException.convertToNotLeaderException(ServerNotLeaderException.java:106)
	at org.apache.hadoop.hdds.scm.ha.RatisUtil.checkRatisException(RatisUtil.java:248)
	at org.apache.hadoop.hdds.scm.protocol.SCMSecurityProtocolServerSideTranslatorPB.submitRequest(SCMSecurityProtocolServerSideTranslatorPB.java:83)
	at org.apache.hadoop.hdds.protocol.proto.SCMSecurityProtocolProtos$SCMSecurityProtocolService$2.callBlockingMethod(SCMSecurityProtocolProtos.java:18942)
	at org.apache.hadoop.ipc.ProtobufRpcEngine$Server.processCall(ProtobufRpcEngine.java:484)
	at org.apache.hadoop.ipc.ProtobufRpcEngine2$Server$ProtoBufRpcInvoker.call(ProtobufRpcEngine2.java:595)
	at org.apache.hadoop.ipc.ProtobufRpcEngine2$Server$ProtoBufRpcInvoker.call(ProtobufRpcEngine2.java:573)
	at org.apache.hadoop.ipc.RPC$Server.call(RPC.java:1227)
	at org.apache.hadoop.ipc.Server$RpcCall.run(Server.java:1246)
	at org.apache.hadoop.ipc.Server$RpcCall.run(Server.java:1169)
	at java.base/java.security.AccessController.doPrivileged(AccessController.java:714)
	at java.base/javax.security.auth.Subject.doAs(Subject.java:525)
	at org.apache.hadoop.security.UserGroupInformation.doAs(UserGroupInformation.java:1953)
	at org.apache.hadoop.ipc.Server$Handler.run(Server.java:3198)
2025-05-13 07:43:30,051 [main] INFO  keys.KeyStorage (KeyStorage.java:storePublicKey(210)) - Storing public key to /tmp/junit-6012229698098752559/scm-meta/om/keys/public.pem.
2025-05-13 07:43:30,052 [main] INFO  keys.KeyStorage (KeyStorage.java:storePrivateKey(194)) - Storing private key to /tmp/junit-6012229698098752559/scm-meta/om/keys/private.pem.
2025-05-13 07:43:30,052 [main] INFO  security.OMCertificateClient (DefaultCertificateClient.java:recoverStateIfNeeded(796)) - Init response: GETCERT
2025-05-13 07:43:30,055 [main] INFO  ozone.OzoneSecurityUtil (OzoneSecurityUtil.java:getValidInetsForCurrentHost(116)) - ip:fe80:0:0:0:222:48ff:fe46:ea58%eth0 not returned.
2025-05-13 07:43:30,059 [main] INFO  ozone.OzoneSecurityUtil (OzoneSecurityUtil.java:getValidInetsForCurrentHost(113)) - Adding ip:10.1.1.24,host:10.1.1.24
2025-05-13 07:43:30,059 [main] INFO  ozone.OzoneSecurityUtil (OzoneSecurityUtil.java:getValidInetsForCurrentHost(116)) - ip:0:0:0:0:0:0:0:1%lo not returned.
2025-05-13 07:43:30,059 [main] INFO  ozone.OzoneSecurityUtil (OzoneSecurityUtil.java:getValidInetsForCurrentHost(116)) - ip:127.0.0.1 not returned.
2025-05-13 07:43:30,062 [main] ERROR utils.CertificateSignRequest (CertificateSignRequest.java:lambda$addInetAddresses$0(316)) - Invalid domain 10.1.1.24
2025-05-13 07:43:30,063 [main] INFO  security.OMCertificateClient (OMCertificateClient.java:configureCSRBuilder(109)) - Creating csr for OM->dns:pkrvmberfyhpb9w.internal.cloudapp.net,ip:10.1.0.33,scmId:c7e37fed-ffe8-4455-9e33-59458259ae49,clusterId:fdce2867-8dd6-4a71-8a39-bd937a2d3539,subject:pkrvmberfyhpb9w.internal.cloudapp.net
2025-05-13 07:43:30,075 [Socket Reader #1 for port 15038] INFO  ipc.Server (Server.java:saslProcess(2290)) - Auth successful for om/pkrvmberfyhpb9w.internal.cloudapp.net@EXAMPLE.COM (auth:KERBEROS) from 127.0.0.1:38776
2025-05-13 07:43:30,078 [IPC Server handler 1 on default port 15038] INFO  ipc.Server (Server.java:logException(3260)) - IPC Server handler 1 on default port 15038, call Call#9 Retry#0 org.apache.hadoop.hdds.protocol.SCMSecurityProtocol.submitRequest from 127.0.0.1:38776
org.apache.hadoop.hdds.ratis.ServerNotLeaderException: SCM Server:c7e37fed-ffe8-4455-9e33-59458259ae49(pkrvmberfyhpb9w.internal.cloudapp.net) is not the leader. Could not determine the leader node.
	at org.apache.hadoop.hdds.ratis.ServerNotLeaderException.convertToNotLeaderException(ServerNotLeaderException.java:106)
	at org.apache.hadoop.hdds.scm.ha.RatisUtil.checkRatisException(RatisUtil.java:248)
	at org.apache.hadoop.hdds.scm.protocol.SCMSecurityProtocolServerSideTranslatorPB.submitRequest(SCMSecurityProtocolServerSideTranslatorPB.java:83)
	at org.apache.hadoop.hdds.protocol.proto.SCMSecurityProtocolProtos$SCMSecurityProtocolService$2.callBlockingMethod(SCMSecurityProtocolProtos.java:18942)
	at org.apache.hadoop.ipc.ProtobufRpcEngine$Server.processCall(ProtobufRpcEngine.java:484)
	at org.apache.hadoop.ipc.ProtobufRpcEngine2$Server$ProtoBufRpcInvoker.call(ProtobufRpcEngine2.java:595)
	at org.apache.hadoop.ipc.ProtobufRpcEngine2$Server$ProtoBufRpcInvoker.call(ProtobufRpcEngine2.java:573)
	at org.apache.hadoop.ipc.RPC$Server.call(RPC.java:1227)
	at org.apache.hadoop.ipc.Server$RpcCall.run(Server.java:1246)
	at org.apache.hadoop.ipc.Server$RpcCall.run(Server.java:1169)
	at java.base/java.security.AccessController.doPrivileged(AccessController.java:714)
	at java.base/javax.security.auth.Subject.doAs(Subject.java:525)
	at org.apache.hadoop.security.UserGroupInformation.doAs(UserGroupInformation.java:1953)
	at org.apache.hadoop.ipc.Server$Handler.run(Server.java:3198)
2025-05-13 07:43:31,090 [om1-om-CertificateRenewerService] INFO  retry.RetryInvocationHandler (RetryInvocationHandler.java:log(426)) - com.google.protobuf.ServiceException: java.net.ConnectException: Call From pkrvmberfyhpb9w/10.1.0.33 to localhost:15024 failed on connection exception: java.net.ConnectException: Connection refused; For more details see:  http://wiki.apache.org/hadoop/ConnectionRefused, while invoking $Proxy45.submitRequest over nodeId=scmNodeId,nodeAddress=localhost/127.0.0.1:15024 after 2 failover attempts. Trying to failover after sleeping for 2000ms. Current retry count: 2.
2025-05-13 07:43:31,997 [IPC Server handler 1 on default port 15038] INFO  ipc.Server (Server.java:logException(3260)) - IPC Server handler 1 on default port 15038, call Call#8 Retry#1 org.apache.hadoop.hdds.protocol.SCMSecurityProtocol.submitRequest from 127.0.0.1:38768
org.apache.hadoop.hdds.ratis.ServerNotLeaderException: SCM Server:c7e37fed-ffe8-4455-9e33-59458259ae49(pkrvmberfyhpb9w.internal.cloudapp.net) is not the leader. Could not determine the leader node.
	at org.apache.hadoop.hdds.ratis.ServerNotLeaderException.convertToNotLeaderException(ServerNotLeaderException.java:106)
	at org.apache.hadoop.hdds.scm.ha.RatisUtil.checkRatisException(RatisUtil.java:248)
	at org.apache.hadoop.hdds.scm.protocol.SCMSecurityProtocolServerSideTranslatorPB.submitRequest(SCMSecurityProtocolServerSideTranslatorPB.java:83)
	at org.apache.hadoop.hdds.protocol.proto.SCMSecurityProtocolProtos$SCMSecurityProtocolService$2.callBlockingMethod(SCMSecurityProtocolProtos.java:18942)
	at org.apache.hadoop.ipc.ProtobufRpcEngine$Server.processCall(ProtobufRpcEngine.java:484)
	at org.apache.hadoop.ipc.ProtobufRpcEngine2$Server$ProtoBufRpcInvoker.call(ProtobufRpcEngine2.java:595)
	at org.apache.hadoop.ipc.ProtobufRpcEngine2$Server$ProtoBufRpcInvoker.call(ProtobufRpcEngine2.java:573)
	at org.apache.hadoop.ipc.RPC$Server.call(RPC.java:1227)
	at org.apache.hadoop.ipc.Server$RpcCall.run(Server.java:1246)
	at org.apache.hadoop.ipc.Server$RpcCall.run(Server.java:1169)
	at java.base/java.security.AccessController.doPrivileged(AccessController.java:714)
	at java.base/javax.security.auth.Subject.doAs(Subject.java:525)
	at org.apache.hadoop.security.UserGroupInformation.doAs(UserGroupInformation.java:1953)
	at org.apache.hadoop.ipc.Server$Handler.run(Server.java:3198)
2025-05-13 07:43:31,999 [c7e37fed-ffe8-4455-9e33-59458259ae49-scm/sub-ca-refreshCACertificates] INFO  retry.RetryInvocationHandler (RetryInvocationHandler.java:log(426)) - com.google.protobuf.ServiceException: org.apache.hadoop.ipc.RemoteException(org.apache.hadoop.hdds.ratis.ServerNotLeaderException): SCM Server:c7e37fed-ffe8-4455-9e33-59458259ae49(pkrvmberfyhpb9w.internal.cloudapp.net) is not the leader. Could not determine the leader node.
	at org.apache.hadoop.hdds.ratis.ServerNotLeaderException.convertToNotLeaderException(ServerNotLeaderException.java:106)
	at org.apache.hadoop.hdds.scm.ha.RatisUtil.checkRatisException(RatisUtil.java:248)
	at org.apache.hadoop.hdds.scm.protocol.SCMSecurityProtocolServerSideTranslatorPB.submitRequest(SCMSecurityProtocolServerSideTranslatorPB.java:83)
	at org.apache.hadoop.hdds.protocol.proto.SCMSecurityProtocolProtos$SCMSecurityProtocolService$2.callBlockingMethod(SCMSecurityProtocolProtos.java:18942)
	at org.apache.hadoop.ipc.ProtobufRpcEngine$Server.processCall(ProtobufRpcEngine.java:484)
	at org.apache.hadoop.ipc.ProtobufRpcEngine2$Server$ProtoBufRpcInvoker.call(ProtobufRpcEngine2.java:595)
	at org.apache.hadoop.ipc.ProtobufRpcEngine2$Server$ProtoBufRpcInvoker.call(ProtobufRpcEngine2.java:573)
	at org.apache.hadoop.ipc.RPC$Server.call(RPC.java:1227)
	at org.apache.hadoop.ipc.Server$RpcCall.run(Server.java:1246)
	at org.apache.hadoop.ipc.Server$RpcCall.run(Server.java:1169)
	at java.base/java.security.AccessController.doPrivileged(AccessController.java:714)
	at java.base/javax.security.auth.Subject.doAs(Subject.java:525)
	at org.apache.hadoop.security.UserGroupInformation.doAs(UserGroupInformation.java:1953)
	at org.apache.hadoop.ipc.Server$Handler.run(Server.java:3198)
, while invoking $Proxy45.submitRequest over nodeId=scmNodeId,nodeAddress=localhost/127.0.0.1:15038 after 1 failover attempts. Trying to failover after sleeping for 2000ms. Current retry count: 1.
2025-05-13 07:43:32,081 [IPC Server handler 0 on default port 15038] INFO  ipc.Server (Server.java:logException(3260)) - IPC Server handler 0 on default port 15038, call Call#9 Retry#1 org.apache.hadoop.hdds.protocol.SCMSecurityProtocol.submitRequest from 127.0.0.1:38776
org.apache.hadoop.hdds.ratis.ServerNotLeaderException: SCM Server:c7e37fed-ffe8-4455-9e33-59458259ae49(pkrvmberfyhpb9w.internal.cloudapp.net) is not the leader. Could not determine the leader node.
	at org.apache.hadoop.hdds.ratis.ServerNotLeaderException.convertToNotLeaderException(ServerNotLeaderException.java:106)
	at org.apache.hadoop.hdds.scm.ha.RatisUtil.checkRatisException(RatisUtil.java:248)
	at org.apache.hadoop.hdds.scm.protocol.SCMSecurityProtocolServerSideTranslatorPB.submitRequest(SCMSecurityProtocolServerSideTranslatorPB.java:83)
	at org.apache.hadoop.hdds.protocol.proto.SCMSecurityProtocolProtos$SCMSecurityProtocolService$2.callBlockingMethod(SCMSecurityProtocolProtos.java:18942)
	at org.apache.hadoop.ipc.ProtobufRpcEngine$Server.processCall(ProtobufRpcEngine.java:484)
	at org.apache.hadoop.ipc.ProtobufRpcEngine2$Server$ProtoBufRpcInvoker.call(ProtobufRpcEngine2.java:595)
	at org.apache.hadoop.ipc.ProtobufRpcEngine2$Server$ProtoBufRpcInvoker.call(ProtobufRpcEngine2.java:573)
	at org.apache.hadoop.ipc.RPC$Server.call(RPC.java:1227)
	at org.apache.hadoop.ipc.Server$RpcCall.run(Server.java:1246)
	at org.apache.hadoop.ipc.Server$RpcCall.run(Server.java:1169)
	at java.base/java.security.AccessController.doPrivileged(AccessController.java:714)
	at java.base/javax.security.auth.Subject.doAs(Subject.java:525)
	at org.apache.hadoop.security.UserGroupInformation.doAs(UserGroupInformation.java:1953)
	at org.apache.hadoop.ipc.Server$Handler.run(Server.java:3198)
2025-05-13 07:43:32,082 [main] INFO  retry.RetryInvocationHandler (RetryInvocationHandler.java:log(426)) - com.google.protobuf.ServiceException: org.apache.hadoop.ipc.RemoteException(org.apache.hadoop.hdds.ratis.ServerNotLeaderException): SCM Server:c7e37fed-ffe8-4455-9e33-59458259ae49(pkrvmberfyhpb9w.internal.cloudapp.net) is not the leader. Could not determine the leader node.
	at org.apache.hadoop.hdds.ratis.ServerNotLeaderException.convertToNotLeaderException(ServerNotLeaderException.java:106)
	at org.apache.hadoop.hdds.scm.ha.RatisUtil.checkRatisException(RatisUtil.java:248)
	at org.apache.hadoop.hdds.scm.protocol.SCMSecurityProtocolServerSideTranslatorPB.submitRequest(SCMSecurityProtocolServerSideTranslatorPB.java:83)
	at org.apache.hadoop.hdds.protocol.proto.SCMSecurityProtocolProtos$SCMSecurityProtocolService$2.callBlockingMethod(SCMSecurityProtocolProtos.java:18942)
	at org.apache.hadoop.ipc.ProtobufRpcEngine$Server.processCall(ProtobufRpcEngine.java:484)
	at org.apache.hadoop.ipc.ProtobufRpcEngine2$Server$ProtoBufRpcInvoker.call(ProtobufRpcEngine2.java:595)
	at org.apache.hadoop.ipc.ProtobufRpcEngine2$Server$ProtoBufRpcInvoker.call(ProtobufRpcEngine2.java:573)
	at org.apache.hadoop.ipc.RPC$Server.call(RPC.java:1227)
	at org.apache.hadoop.ipc.Server$RpcCall.run(Server.java:1246)
	at org.apache.hadoop.ipc.Server$RpcCall.run(Server.java:1169)
	at java.base/java.security.AccessController.doPrivileged(AccessController.java:714)
	at java.base/javax.security.auth.Subject.doAs(Subject.java:525)
	at org.apache.hadoop.security.UserGroupInformation.doAs(UserGroupInformation.java:1953)
	at org.apache.hadoop.ipc.Server$Handler.run(Server.java:3198)
, while invoking $Proxy45.submitRequest over nodeId=scmNodeId,nodeAddress=/0.0.0.0:15038 after 1 failover attempts. Trying to failover after sleeping for 2000ms. Current retry count: 1.
2025-05-13 07:43:33,091 [om1-om-CertificateRenewerService] INFO  retry.RetryInvocationHandler (RetryInvocationHandler.java:log(426)) - com.google.protobuf.ServiceException: java.net.ConnectException: Call From pkrvmberfyhpb9w/10.1.0.33 to localhost:15024 failed on connection exception: java.net.ConnectException: Connection refused; For more details see:  http://wiki.apache.org/hadoop/ConnectionRefused, while invoking $Proxy45.submitRequest over nodeId=scmNodeId,nodeAddress=localhost/127.0.0.1:15024 after 3 failover attempts. Trying to failover after sleeping for 2000ms. Current retry count: 3.
2025-05-13 07:43:34,000 [IPC Server handler 0 on default port 15038] INFO  ipc.Server (Server.java:logException(3260)) - IPC Server handler 0 on default port 15038, call Call#8 Retry#2 org.apache.hadoop.hdds.protocol.SCMSecurityProtocol.submitRequest from 127.0.0.1:38768
org.apache.hadoop.hdds.ratis.ServerNotLeaderException: SCM Server:c7e37fed-ffe8-4455-9e33-59458259ae49(pkrvmberfyhpb9w.internal.cloudapp.net) is not the leader. Could not determine the leader node.
	at org.apache.hadoop.hdds.ratis.ServerNotLeaderException.convertToNotLeaderException(ServerNotLeaderException.java:106)
	at org.apache.hadoop.hdds.scm.ha.RatisUtil.checkRatisException(RatisUtil.java:248)
	at org.apache.hadoop.hdds.scm.protocol.SCMSecurityProtocolServerSideTranslatorPB.submitRequest(SCMSecurityProtocolServerSideTranslatorPB.java:83)
	at org.apache.hadoop.hdds.protocol.proto.SCMSecurityProtocolProtos$SCMSecurityProtocolService$2.callBlockingMethod(SCMSecurityProtocolProtos.java:18942)
	at org.apache.hadoop.ipc.ProtobufRpcEngine$Server.processCall(ProtobufRpcEngine.java:484)
	at org.apache.hadoop.ipc.ProtobufRpcEngine2$Server$ProtoBufRpcInvoker.call(ProtobufRpcEngine2.java:595)
	at org.apache.hadoop.ipc.ProtobufRpcEngine2$Server$ProtoBufRpcInvoker.call(ProtobufRpcEngine2.java:573)
	at org.apache.hadoop.ipc.RPC$Server.call(RPC.java:1227)
	at org.apache.hadoop.ipc.Server$RpcCall.run(Server.java:1246)
	at org.apache.hadoop.ipc.Server$RpcCall.run(Server.java:1169)
	at java.base/java.security.AccessController.doPrivileged(AccessController.java:714)
	at java.base/javax.security.auth.Subject.doAs(Subject.java:525)
	at org.apache.hadoop.security.UserGroupInformation.doAs(UserGroupInformation.java:1953)
	at org.apache.hadoop.ipc.Server$Handler.run(Server.java:3198)
2025-05-13 07:43:34,003 [c7e37fed-ffe8-4455-9e33-59458259ae49-scm/sub-ca-refreshCACertificates] INFO  retry.RetryInvocationHandler (RetryInvocationHandler.java:log(426)) - com.google.protobuf.ServiceException: org.apache.hadoop.ipc.RemoteException(org.apache.hadoop.hdds.ratis.ServerNotLeaderException): SCM Server:c7e37fed-ffe8-4455-9e33-59458259ae49(pkrvmberfyhpb9w.internal.cloudapp.net) is not the leader. Could not determine the leader node.
	at org.apache.hadoop.hdds.ratis.ServerNotLeaderException.convertToNotLeaderException(ServerNotLeaderException.java:106)
	at org.apache.hadoop.hdds.scm.ha.RatisUtil.checkRatisException(RatisUtil.java:248)
	at org.apache.hadoop.hdds.scm.protocol.SCMSecurityProtocolServerSideTranslatorPB.submitRequest(SCMSecurityProtocolServerSideTranslatorPB.java:83)
	at org.apache.hadoop.hdds.protocol.proto.SCMSecurityProtocolProtos$SCMSecurityProtocolService$2.callBlockingMethod(SCMSecurityProtocolProtos.java:18942)
	at org.apache.hadoop.ipc.ProtobufRpcEngine$Server.processCall(ProtobufRpcEngine.java:484)
	at org.apache.hadoop.ipc.ProtobufRpcEngine2$Server$ProtoBufRpcInvoker.call(ProtobufRpcEngine2.java:595)
	at org.apache.hadoop.ipc.ProtobufRpcEngine2$Server$ProtoBufRpcInvoker.call(ProtobufRpcEngine2.java:573)
	at org.apache.hadoop.ipc.RPC$Server.call(RPC.java:1227)
	at org.apache.hadoop.ipc.Server$RpcCall.run(Server.java:1246)
	at org.apache.hadoop.ipc.Server$RpcCall.run(Server.java:1169)
	at java.base/java.security.AccessController.doPrivileged(AccessController.java:714)
	at java.base/javax.security.auth.Subject.doAs(Subject.java:525)
	at org.apache.hadoop.security.UserGroupInformation.doAs(UserGroupInformation.java:1953)
	at org.apache.hadoop.ipc.Server$Handler.run(Server.java:3198)
, while invoking $Proxy45.submitRequest over nodeId=scmNodeId,nodeAddress=localhost/127.0.0.1:15038 after 2 failover attempts. Trying to failover after sleeping for 2000ms. Current retry count: 2.
2025-05-13 07:43:34,083 [IPC Server handler 1 on default port 15038] INFO  ipc.Server (Server.java:logException(3260)) - IPC Server handler 1 on default port 15038, call Call#9 Retry#2 org.apache.hadoop.hdds.protocol.SCMSecurityProtocol.submitRequest from 127.0.0.1:38776
org.apache.hadoop.hdds.ratis.ServerNotLeaderException: SCM Server:c7e37fed-ffe8-4455-9e33-59458259ae49(pkrvmberfyhpb9w.internal.cloudapp.net) is not the leader. Could not determine the leader node.
	at org.apache.hadoop.hdds.ratis.ServerNotLeaderException.convertToNotLeaderException(ServerNotLeaderException.java:106)
	at org.apache.hadoop.hdds.scm.ha.RatisUtil.checkRatisException(RatisUtil.java:248)
	at org.apache.hadoop.hdds.scm.protocol.SCMSecurityProtocolServerSideTranslatorPB.submitRequest(SCMSecurityProtocolServerSideTranslatorPB.java:83)
	at org.apache.hadoop.hdds.protocol.proto.SCMSecurityProtocolProtos$SCMSecurityProtocolService$2.callBlockingMethod(SCMSecurityProtocolProtos.java:18942)
	at org.apache.hadoop.ipc.ProtobufRpcEngine$Server.processCall(ProtobufRpcEngine.java:484)
	at org.apache.hadoop.ipc.ProtobufRpcEngine2$Server$ProtoBufRpcInvoker.call(ProtobufRpcEngine2.java:595)
	at org.apache.hadoop.ipc.ProtobufRpcEngine2$Server$ProtoBufRpcInvoker.call(ProtobufRpcEngine2.java:573)
	at org.apache.hadoop.ipc.RPC$Server.call(RPC.java:1227)
	at org.apache.hadoop.ipc.Server$RpcCall.run(Server.java:1246)
	at org.apache.hadoop.ipc.Server$RpcCall.run(Server.java:1169)
	at java.base/java.security.AccessController.doPrivileged(AccessController.java:714)
	at java.base/javax.security.auth.Subject.doAs(Subject.java:525)
	at org.apache.hadoop.security.UserGroupInformation.doAs(UserGroupInformation.java:1953)
	at org.apache.hadoop.ipc.Server$Handler.run(Server.java:3198)
2025-05-13 07:43:34,084 [main] INFO  retry.RetryInvocationHandler (RetryInvocationHandler.java:log(426)) - com.google.protobuf.ServiceException: org.apache.hadoop.ipc.RemoteException(org.apache.hadoop.hdds.ratis.ServerNotLeaderException): SCM Server:c7e37fed-ffe8-4455-9e33-59458259ae49(pkrvmberfyhpb9w.internal.cloudapp.net) is not the leader. Could not determine the leader node.
	at org.apache.hadoop.hdds.ratis.ServerNotLeaderException.convertToNotLeaderException(ServerNotLeaderException.java:106)
	at org.apache.hadoop.hdds.scm.ha.RatisUtil.checkRatisException(RatisUtil.java:248)
	at org.apache.hadoop.hdds.scm.protocol.SCMSecurityProtocolServerSideTranslatorPB.submitRequest(SCMSecurityProtocolServerSideTranslatorPB.java:83)
	at org.apache.hadoop.hdds.protocol.proto.SCMSecurityProtocolProtos$SCMSecurityProtocolService$2.callBlockingMethod(SCMSecurityProtocolProtos.java:18942)
	at org.apache.hadoop.ipc.ProtobufRpcEngine$Server.processCall(ProtobufRpcEngine.java:484)
	at org.apache.hadoop.ipc.ProtobufRpcEngine2$Server$ProtoBufRpcInvoker.call(ProtobufRpcEngine2.java:595)
	at org.apache.hadoop.ipc.ProtobufRpcEngine2$Server$ProtoBufRpcInvoker.call(ProtobufRpcEngine2.java:573)
	at org.apache.hadoop.ipc.RPC$Server.call(RPC.java:1227)
	at org.apache.hadoop.ipc.Server$RpcCall.run(Server.java:1246)
	at org.apache.hadoop.ipc.Server$RpcCall.run(Server.java:1169)
	at java.base/java.security.AccessController.doPrivileged(AccessController.java:714)
	at java.base/javax.security.auth.Subject.doAs(Subject.java:525)
	at org.apache.hadoop.security.UserGroupInformation.doAs(UserGroupInformation.java:1953)
	at org.apache.hadoop.ipc.Server$Handler.run(Server.java:3198)
, while invoking $Proxy45.submitRequest over nodeId=scmNodeId,nodeAddress=/0.0.0.0:15038 after 2 failover attempts. Trying to failover after sleeping for 2000ms. Current retry count: 2.
2025-05-13 07:43:34,905 [c7e37fed-ffe8-4455-9e33-59458259ae49@group-BD937A2D3539-FollowerState] INFO  impl.FollowerState (FollowerState.java:runImpl(161)) - c7e37fed-ffe8-4455-9e33-59458259ae49@group-BD937A2D3539-FollowerState: change to CANDIDATE, lastRpcElapsedTime:5093618724ns, electionTimeout:5093ms
2025-05-13 07:43:34,905 [c7e37fed-ffe8-4455-9e33-59458259ae49@group-BD937A2D3539-FollowerState] INFO  impl.RoleInfo (RoleInfo.java:shutdownFollowerState(121)) - c7e37fed-ffe8-4455-9e33-59458259ae49: shutdown c7e37fed-ffe8-4455-9e33-59458259ae49@group-BD937A2D3539-FollowerState
2025-05-13 07:43:34,905 [c7e37fed-ffe8-4455-9e33-59458259ae49@group-BD937A2D3539-FollowerState] INFO  server.RaftServer$Division (RaftServerImpl.java:setRole(378)) - c7e37fed-ffe8-4455-9e33-59458259ae49@group-BD937A2D3539: changes role from  FOLLOWER to CANDIDATE at term 1 for changeToCandidate
2025-05-13 07:43:34,905 [c7e37fed-ffe8-4455-9e33-59458259ae49@group-BD937A2D3539-FollowerState] INFO  server.RaftServerConfigKeys (ConfUtils.java:logGet(46)) - raft.server.leaderelection.pre-vote = true (default)
2025-05-13 07:43:34,905 [c7e37fed-ffe8-4455-9e33-59458259ae49@group-BD937A2D3539-FollowerState] INFO  impl.RoleInfo (RoleInfo.java:updateAndGet(148)) - c7e37fed-ffe8-4455-9e33-59458259ae49: start c7e37fed-ffe8-4455-9e33-59458259ae49@group-BD937A2D3539-LeaderElection6
2025-05-13 07:43:34,906 [c7e37fed-ffe8-4455-9e33-59458259ae49@group-BD937A2D3539-LeaderElection6] INFO  impl.LeaderElection (LeaderElection.java:askForVotes(332)) - c7e37fed-ffe8-4455-9e33-59458259ae49@group-BD937A2D3539-LeaderElection6 PRE_VOTE round 0: submit vote requests at term 1 for conf: {index: 0, cur=peers:[c7e37fed-ffe8-4455-9e33-59458259ae49|pkrvmberfyhpb9w:15039]|listeners:[], old=null}
2025-05-13 07:43:34,906 [c7e37fed-ffe8-4455-9e33-59458259ae49@group-BD937A2D3539-LeaderElection6] INFO  impl.LeaderElection (LeaderElection.java:askForVotes(334)) - c7e37fed-ffe8-4455-9e33-59458259ae49@group-BD937A2D3539-LeaderElection6 PRE_VOTE round 0: result PASSED (term=1)
2025-05-13 07:43:34,907 [c7e37fed-ffe8-4455-9e33-59458259ae49@group-BD937A2D3539-LeaderElection6] INFO  impl.LeaderElection (LeaderElection.java:askForVotes(332)) - c7e37fed-ffe8-4455-9e33-59458259ae49@group-BD937A2D3539-LeaderElection6 ELECTION round 0: submit vote requests at term 2 for conf: {index: 0, cur=peers:[c7e37fed-ffe8-4455-9e33-59458259ae49|pkrvmberfyhpb9w:15039]|listeners:[], old=null}
2025-05-13 07:43:34,907 [c7e37fed-ffe8-4455-9e33-59458259ae49@group-BD937A2D3539-LeaderElection6] INFO  impl.LeaderElection (LeaderElection.java:askForVotes(334)) - c7e37fed-ffe8-4455-9e33-59458259ae49@group-BD937A2D3539-LeaderElection6 ELECTION round 0: result PASSED (term=2)
2025-05-13 07:43:34,907 [c7e37fed-ffe8-4455-9e33-59458259ae49@group-BD937A2D3539-LeaderElection6] INFO  impl.RoleInfo (RoleInfo.java:shutdownLeaderElection(141)) - c7e37fed-ffe8-4455-9e33-59458259ae49: shutdown c7e37fed-ffe8-4455-9e33-59458259ae49@group-BD937A2D3539-LeaderElection6
2025-05-13 07:43:34,907 [c7e37fed-ffe8-4455-9e33-59458259ae49@group-BD937A2D3539-LeaderElection6] INFO  server.RaftServer$Division (RaftServerImpl.java:setRole(378)) - c7e37fed-ffe8-4455-9e33-59458259ae49@group-BD937A2D3539: changes role from CANDIDATE to LEADER at term 2 for changeToLeader
2025-05-13 07:43:34,907 [c7e37fed-ffe8-4455-9e33-59458259ae49@group-BD937A2D3539-LeaderElection6] INFO  server.RaftServerConfigKeys (ConfUtils.java:logGet(46)) - raft.server.staging.catchup.gap = 1000 (default)
2025-05-13 07:43:34,908 [c7e37fed-ffe8-4455-9e33-59458259ae49@group-BD937A2D3539-LeaderElection6] INFO  server.RaftServerConfigKeys (ConfUtils.java:logGet(46)) - raft.server.write.element-limit = 4096 (default)
2025-05-13 07:43:34,908 [c7e37fed-ffe8-4455-9e33-59458259ae49@group-BD937A2D3539-LeaderElection6] INFO  server.RaftServerConfigKeys (ConfUtils.java:logGet(46)) - raft.server.write.byte-limit = 64MB (=67108864) (default)
2025-05-13 07:43:34,908 [c7e37fed-ffe8-4455-9e33-59458259ae49@group-BD937A2D3539-LeaderElection6] INFO  server.RaftServerConfigKeys (ConfUtils.java:logGet(46)) - raft.server.watch.timeout = 10s (default)
2025-05-13 07:43:34,908 [c7e37fed-ffe8-4455-9e33-59458259ae49@group-BD937A2D3539-LeaderElection6] INFO  server.RaftServerConfigKeys (ConfUtils.java:logGet(46)) - raft.server.watch.timeout.denomination = 1s (default)
2025-05-13 07:43:34,908 [c7e37fed-ffe8-4455-9e33-59458259ae49@group-BD937A2D3539-LeaderElection6] INFO  server.RaftServerConfigKeys (ConfUtils.java:logGet(46)) - raft.server.watch.element-limit = 65536 (default)
2025-05-13 07:43:34,909 [c7e37fed-ffe8-4455-9e33-59458259ae49@group-BD937A2D3539-LeaderElection6] INFO  server.RaftServerConfigKeys (ConfUtils.java:logGet(46)) - raft.server.read.leader.lease.enabled = false (default)
2025-05-13 07:43:34,909 [c7e37fed-ffe8-4455-9e33-59458259ae49@group-BD937A2D3539-LeaderElection6] INFO  server.RaftServerConfigKeys (ConfUtils.java:logGet(46)) - raft.server.read.leader.lease.timeout.ratio = 0.9 (default)
2025-05-13 07:43:34,909 [c7e37fed-ffe8-4455-9e33-59458259ae49@group-BD937A2D3539-LeaderElection6] INFO  server.RaftServerConfigKeys (ConfUtils.java:logGet(46)) - raft.server.rpc.timeout.min = 5000ms (custom)
2025-05-13 07:43:34,909 [c7e37fed-ffe8-4455-9e33-59458259ae49@group-BD937A2D3539-LeaderElection6] INFO  server.RaftServerConfigKeys (ConfUtils.java:logGet(46)) - raft.server.log.log-metadata.enabled = true (default)
2025-05-13 07:43:34,909 [c7e37fed-ffe8-4455-9e33-59458259ae49@group-BD937A2D3539-LeaderElection6] INFO  server.RaftServerConfigKeys (ConfUtils.java:logGet(46)) - raft.server.write.element-limit = 4096 (default)
2025-05-13 07:43:34,909 [c7e37fed-ffe8-4455-9e33-59458259ae49@group-BD937A2D3539-LeaderElection6] INFO  server.RaftServerConfigKeys (ConfUtils.java:logGet(46)) - raft.server.write.follower.gap.ratio.max = -1.0 (default)
2025-05-13 07:43:34,909 [c7e37fed-ffe8-4455-9e33-59458259ae49@group-BD937A2D3539-LeaderElection6] INFO  impl.RoleInfo (RoleInfo.java:updateAndGet(148)) - c7e37fed-ffe8-4455-9e33-59458259ae49: start c7e37fed-ffe8-4455-9e33-59458259ae49@group-BD937A2D3539-LeaderStateImpl
2025-05-13 07:43:34,909 [c7e37fed-ffe8-4455-9e33-59458259ae49@group-BD937A2D3539-LeaderElection6] INFO  server.RaftServer$Division (RaftServerImpl.java:setFirstElection(562)) - c7e37fed-ffe8-4455-9e33-59458259ae49@group-BD937A2D3539: set firstElectionSinceStartup to false for becomeLeader
2025-05-13 07:43:34,909 [c7e37fed-ffe8-4455-9e33-59458259ae49@group-BD937A2D3539-LeaderElection6] INFO  ha.SCMStateMachine (SCMStateMachine.java:notifyLeaderChanged(291)) - current SCM becomes leader of term 2.
2025-05-13 07:43:34,909 [c7e37fed-ffe8-4455-9e33-59458259ae49@group-BD937A2D3539-LeaderElection6] INFO  ha.SCMContext (SCMContext.java:updateLeaderAndTerm(95)) - update <isLeader,term> from <false,0> to <true,2>
2025-05-13 07:43:34,910 [c7e37fed-ffe8-4455-9e33-59458259ae49@group-BD937A2D3539-LeaderElection6] INFO  server.RaftServer$Division (ServerState.java:setLeader(272)) - c7e37fed-ffe8-4455-9e33-59458259ae49@group-BD937A2D3539: change Leader from null to c7e37fed-ffe8-4455-9e33-59458259ae49 at term 2 for becomeLeader, leader elected after 5209ms
2025-05-13 07:43:34,910 [c7e37fed-ffe8-4455-9e33-59458259ae49@group-BD937A2D3539-LeaderElection6] INFO  segmented.SegmentedRaftLogWorker (SegmentedRaftLogWorker.java:rollLogSegment(443)) - c7e37fed-ffe8-4455-9e33-59458259ae49@group-BD937A2D3539-SegmentedRaftLogWorker: Rolling segment log-0_0 to index:0
2025-05-13 07:43:34,910 [c7e37fed-ffe8-4455-9e33-59458259ae49@group-BD937A2D3539-LeaderElection6] INFO  server.RaftServer$Division (ServerState.java:setRaftConf(386)) - c7e37fed-ffe8-4455-9e33-59458259ae49@group-BD937A2D3539: set configuration conf: {index: 1, cur=peers:[c7e37fed-ffe8-4455-9e33-59458259ae49|pkrvmberfyhpb9w:15039]|listeners:[], old=null}
2025-05-13 07:43:34,911 [c7e37fed-ffe8-4455-9e33-59458259ae49@group-BD937A2D3539-SegmentedRaftLogWorker] INFO  segmented.SegmentedRaftLogWorker (SegmentedRaftLogWorker.java:execute(601)) - c7e37fed-ffe8-4455-9e33-59458259ae49@group-BD937A2D3539-SegmentedRaftLogWorker: Rolled log segment from /tmp/junit-6012229698098752559/scm-meta/scm-ha/fdce2867-8dd6-4a71-8a39-bd937a2d3539/current/log_inprogress_0 to /tmp/junit-6012229698098752559/scm-meta/scm-ha/fdce2867-8dd6-4a71-8a39-bd937a2d3539/current/log_0-0
2025-05-13 07:43:34,911 [c7e37fed-ffe8-4455-9e33-59458259ae49@group-BD937A2D3539-SegmentedRaftLogWorker] INFO  segmented.BufferedWriteChannel (BufferedWriteChannel.java:open(61)) - open log_inprogress_1 at position 0
2025-05-13 07:43:34,917 [c7e37fed-ffe8-4455-9e33-59458259ae49@group-BD937A2D3539-SegmentedRaftLogWorker] INFO  segmented.SegmentedRaftLogWorker (SegmentedRaftLogWorker.java:execute(644)) - c7e37fed-ffe8-4455-9e33-59458259ae49@group-BD937A2D3539-SegmentedRaftLogWorker: created new log segment /tmp/junit-6012229698098752559/scm-meta/scm-ha/fdce2867-8dd6-4a71-8a39-bd937a2d3539/current/log_inprogress_1
2025-05-13 07:43:34,920 [c7e37fed-ffe8-4455-9e33-59458259ae49@group-BD937A2D3539-StateMachineUpdater] INFO  server.RaftServer$Division (LeaderStateImpl.java:checkStartIndex(313)) - Leader c7e37fed-ffe8-4455-9e33-59458259ae49@group-BD937A2D3539-LeaderStateImpl is ready since appliedIndex == startIndex == 1
2025-05-13 07:43:34,920 [c7e37fed-ffe8-4455-9e33-59458259ae49@group-BD937A2D3539-StateMachineUpdater] INFO  ha.SCMContext (SCMContext.java:setLeaderReady(122)) - update <isLeaderReady> from <false> to <true>
2025-05-13 07:43:34,920 [c7e37fed-ffe8-4455-9e33-59458259ae49@group-BD937A2D3539-StateMachineUpdater] INFO  pipeline.BackgroundPipelineCreator (BackgroundPipelineCreator.java:notifyStatusChanged(268)) - Service BackgroundPipelineCreator transitions to RUNNING.
2025-05-13 07:43:34,920 [SecretKeyManagerService] INFO  symmetric.SecretKeyManager (SecretKeyManager.java:checkAndInitialize(78)) - Initializing SecretKeys.
2025-05-13 07:43:34,920 [SecretKeyManagerService] INFO  symmetric.SecretKeyManager (SecretKeyManager.java:checkAndInitialize(92)) - No valid key has been loaded. A new key is generated: SecretKey(id = ae715a65-3a1b-4ca4-a586-aa3efad6b5e1, creation at: 2025-05-13T07:43:34.920603230Z, expire at: 2025-05-20T07:43:34.920603230Z)
2025-05-13 07:43:34,920 [c7e37fed-ffe8-4455-9e33-59458259ae49@group-BD937A2D3539-StateMachineUpdater] INFO  safemode.RatisContainerSafeModeRule (RatisContainerSafeModeRule.java:initializeRule(160)) - Refreshed Containers with one replica threshold count 0.
2025-05-13 07:43:34,921 [c7e37fed-ffe8-4455-9e33-59458259ae49@group-BD937A2D3539-StateMachineUpdater] INFO  safemode.HealthyPipelineSafeModeRule (HealthyPipelineSafeModeRule.java:initializeRule(173)) - Refreshed total pipeline count is 0, healthy pipeline threshold count is 0
2025-05-13 07:43:34,921 [c7e37fed-ffe8-4455-9e33-59458259ae49@group-BD937A2D3539-StateMachineUpdater] INFO  safemode.ECContainerSafeModeRule (ECContainerSafeModeRule.java:initializeRule(205)) - Refreshed Containers with ec n replica threshold count 0.
2025-05-13 07:43:34,921 [c7e37fed-ffe8-4455-9e33-59458259ae49@group-BD937A2D3539-StateMachineUpdater] INFO  safemode.OneReplicaPipelineSafeModeRule (OneReplicaPipelineSafeModeRule.java:initializeRule(186)) - Refreshed Total pipeline count is 0, pipeline's with at least one datanode reported threshold count is 0
2025-05-13 07:43:34,921 [c7e37fed-ffe8-4455-9e33-59458259ae49@group-BD937A2D3539-StateMachineUpdater] INFO  server.SCMDatanodeProtocolServer (SCMDatanodeProtocolServer.java:start(193)) - ScmDatanodeProtocol RPC server for DataNodes is listening at /0.0.0.0:15036
2025-05-13 07:43:34,922 [IPC Server Responder] INFO  ipc.Server (Server.java:run(1713)) - IPC Server Responder: starting
2025-05-13 07:43:34,922 [IPC Server listener on 15036] INFO  ipc.Server (Server.java:run(1553)) - IPC Server listener on 15036: starting
2025-05-13 07:43:34,932 [c7e37fed-ffe8-4455-9e33-59458259ae49@group-BD937A2D3539-StateMachineUpdater] INFO  symmetric.SecretKeyStateImpl (SecretKeyStateImpl.java:updateKeysInternal(111)) - Updating keys with [SecretKey(id = ae715a65-3a1b-4ca4-a586-aa3efad6b5e1, creation at: 2025-05-13T07:43:34.920Z, expire at: 2025-05-20T07:43:34.920Z)]
2025-05-13 07:43:34,932 [c7e37fed-ffe8-4455-9e33-59458259ae49@group-BD937A2D3539-StateMachineUpdater] INFO  symmetric.SecretKeyStateImpl (SecretKeyStateImpl.java:updateKeysInternal(126)) - Current key updated SecretKey(id = ae715a65-3a1b-4ca4-a586-aa3efad6b5e1, creation at: 2025-05-13T07:43:34.920Z, expire at: 2025-05-20T07:43:34.920Z)
2025-05-13 07:43:34,935 [c7e37fed-ffe8-4455-9e33-59458259ae49@group-BD937A2D3539-StateMachineUpdater] INFO  symmetric.LocalSecretKeyStore (LocalSecretKeyStore.java:save(107)) - Saved [SecretKey(id = ae715a65-3a1b-4ca4-a586-aa3efad6b5e1, creation at: 2025-05-13T07:43:34.920Z, expire at: 2025-05-20T07:43:34.920Z)] to file /tmp/junit-6012229698098752559/scm-meta/scm/keys/secret_keys.json
2025-05-13 07:43:34,935 [c7e37fed-ffe8-4455-9e33-59458259ae49@group-BD937A2D3539-StateMachineUpdater] INFO  safemode.SCMSafeModeManager (SCMSafeModeManager.java:validateSafeModeExitRules(140)) - RatisContainerSafeModeRule rule is successfully validated
2025-05-13 07:43:34,935 [c7e37fed-ffe8-4455-9e33-59458259ae49@group-BD937A2D3539-StateMachineUpdater] INFO  safemode.SCMSafeModeManager (SCMSafeModeManager.java:validateSafeModeExitRules(140)) - HealthyPipelineSafeModeRule rule is successfully validated
2025-05-13 07:43:34,935 [c7e37fed-ffe8-4455-9e33-59458259ae49@group-BD937A2D3539-StateMachineUpdater] INFO  safemode.SCMSafeModeManager (SCMSafeModeManager.java:validateSafeModeExitRules(140)) - ECContainerSafeModeRule rule is successfully validated
2025-05-13 07:43:34,935 [c7e37fed-ffe8-4455-9e33-59458259ae49@group-BD937A2D3539-StateMachineUpdater] INFO  safemode.SCMSafeModeManager (SCMSafeModeManager.java:validateSafeModeExitRules(140)) - AtleastOneDatanodeReportedRule rule is successfully validated
2025-05-13 07:43:35,096 [om1-om-CertificateRenewerService] INFO  retry.RetryInvocationHandler (RetryInvocationHandler.java:log(426)) - com.google.protobuf.ServiceException: java.net.ConnectException: Call From pkrvmberfyhpb9w/10.1.0.33 to localhost:15024 failed on connection exception: java.net.ConnectException: Connection refused; For more details see:  http://wiki.apache.org/hadoop/ConnectionRefused, while invoking $Proxy45.submitRequest over nodeId=scmNodeId,nodeAddress=localhost/127.0.0.1:15024 after 4 failover attempts. Trying to failover after sleeping for 2000ms. Current retry count: 4.
2025-05-13 07:43:36,004 [IPC Server handler 1 on default port 15038] INFO  client.SCMCertificateClient (DefaultCertificateClient.java:getAllRootCaCerts(971)) - scm/sub-ca has 0 Root CA certificates
2025-05-13 07:43:36,004 [IPC Server handler 1 on default port 15038] INFO  client.SCMCertificateClient (DefaultCertificateClient.java:getAllCaCerts(979)) - scm/sub-ca has 1 CA certificates
2025-05-13 07:43:36,005 [c7e37fed-ffe8-4455-9e33-59458259ae49-scm/sub-ca-refreshCACertificates] INFO  client.SCMCertificateClient (DefaultCertificateClient.java:getAllRootCaCerts(971)) - scm/sub-ca has 0 Root CA certificates
2025-05-13 07:43:36,005 [c7e37fed-ffe8-4455-9e33-59458259ae49-scm/sub-ca-refreshCACertificates] INFO  client.SCMCertificateClient (DefaultCertificateClient.java:getAllCaCerts(979)) - scm/sub-ca has 1 CA certificates
2025-05-13 07:43:36,006 [c7e37fed-ffe8-4455-9e33-59458259ae49-scm/sub-ca-refreshCACertificates] INFO  client.SCMCertificateClient (SCMCertificateClient.java:run(249)) - CA certificates are not changed.
2025-05-13 07:43:36,085 [IPC Server handler 0 on default port 15038] INFO  server.SCMSecurityProtocolServer (SCMSecurityProtocolServer.java:getOMCertificate(278)) - Processing CSR for om pkrvmberfyhpb9w.internal.cloudapp.net, UUID: e25155fb-6619-479b-9b44-9e2656bb5feb
2025-05-13 07:43:36,091 [c7e37fed-ffe8-4455-9e33-59458259ae49@group-BD937A2D3539-StateMachineUpdater] WARN  ha.SequenceIdGenerator (SequenceIdGenerator.java:allocateBatch(249)) - Failed to allocate a batch for CertificateId, expected lastId is 0, actual lastId is 2.
2025-05-13 07:43:36,102 [c7e37fed-ffe8-4455-9e33-59458259ae49@group-BD937A2D3539-StateMachineUpdater] INFO  safemode.SCMSafeModeManager (SCMSafeModeManager.java:validateSafeModeExitRules(140)) - RatisContainerSafeModeRule rule is successfully validated
2025-05-13 07:43:36,102 [c7e37fed-ffe8-4455-9e33-59458259ae49@group-BD937A2D3539-StateMachineUpdater] INFO  safemode.SCMSafeModeManager (SCMSafeModeManager.java:validateSafeModeExitRules(140)) - HealthyPipelineSafeModeRule rule is successfully validated
2025-05-13 07:43:36,102 [c7e37fed-ffe8-4455-9e33-59458259ae49@group-BD937A2D3539-StateMachineUpdater] INFO  safemode.SCMSafeModeManager (SCMSafeModeManager.java:validateSafeModeExitRules(140)) - ECContainerSafeModeRule rule is successfully validated
2025-05-13 07:43:36,102 [c7e37fed-ffe8-4455-9e33-59458259ae49@group-BD937A2D3539-StateMachineUpdater] INFO  safemode.SCMSafeModeManager (SCMSafeModeManager.java:validateSafeModeExitRules(140)) - AtleastOneDatanodeReportedRule rule is successfully validated
2025-05-13 07:43:36,105 [c7e37fed-ffe8-4455-9e33-59458259ae49@group-BD937A2D3539-StateMachineUpdater] INFO  safemode.SCMSafeModeManager (SCMSafeModeManager.java:validateSafeModeExitRules(140)) - RatisContainerSafeModeRule rule is successfully validated
2025-05-13 07:43:36,105 [c7e37fed-ffe8-4455-9e33-59458259ae49@group-BD937A2D3539-StateMachineUpdater] INFO  safemode.SCMSafeModeManager (SCMSafeModeManager.java:validateSafeModeExitRules(140)) - HealthyPipelineSafeModeRule rule is successfully validated
2025-05-13 07:43:36,105 [c7e37fed-ffe8-4455-9e33-59458259ae49@group-BD937A2D3539-StateMachineUpdater] INFO  safemode.SCMSafeModeManager (SCMSafeModeManager.java:validateSafeModeExitRules(140)) - ECContainerSafeModeRule rule is successfully validated
2025-05-13 07:43:36,105 [c7e37fed-ffe8-4455-9e33-59458259ae49@group-BD937A2D3539-StateMachineUpdater] INFO  safemode.SCMSafeModeManager (SCMSafeModeManager.java:validateSafeModeExitRules(140)) - AtleastOneDatanodeReportedRule rule is successfully validated
2025-05-13 07:43:36,106 [IPC Server handler 0 on default port 15038] INFO  ha.SequenceIdGenerator (SequenceIdGenerator.java:getNextId(136)) - Allocate a batch for CertificateId, change lastId from 2 to 3.
2025-05-13 07:43:36,108 [IPC Server handler 0 on default port 15038] INFO  keys.KeyStorage (KeyStorage.java:readPrivateKey(158)) - Reading private key from /tmp/junit-6012229698098752559/scm-meta/scm/sub-ca/keys/private.pem.
2025-05-13 07:43:36,110 [IPC Server handler 0 on default port 15038] INFO  authority.DefaultApprover (DefaultApprover.java:sign(171)) - Extensions in CSR: 2.5.29.15, 2.5.29.17
2025-05-13 07:43:36,111 [IPC Server handler 0 on default port 15038] INFO  authority.DefaultApprover (DefaultApprover.java:sign(175)) - Extensions to add to the certificate if they present in CSR: 2.5.29.15, 2.5.29.17, 2.5.29.35, 2.5.29.37, 2.5.29.19, 1.3.6.1.5.5.7.1.12
2025-05-13 07:43:36,317 [grpc-default-executor-1] ERROR impl.OrderedAsync (OrderedAsync.java:lambda$null$6(215)) -  client-C4877CDCD2FA: Failed* RaftClientRequest:client-C4877CDCD2FA->c7e37fed-ffe8-4455-9e33-59458259ae49@group-BD937A2D3539, cid=1, seq=1*, Watch(0), null
java.util.concurrent.CompletionException: java.io.IOException: org.apache.ratis.thirdparty.io.grpc.StatusRuntimeException: UNAVAILABLE: io exception
	at java.base/java.util.concurrent.CompletableFuture.encodeThrowable(CompletableFuture.java:332)
	at java.base/java.util.concurrent.CompletableFuture.completeThrowable(CompletableFuture.java:347)
	at java.base/java.util.concurrent.CompletableFuture$UniAccept.tryFire(CompletableFuture.java:708)
	at java.base/java.util.concurrent.CompletableFuture.postComplete(CompletableFuture.java:510)
	at java.base/java.util.concurrent.CompletableFuture.completeExceptionally(CompletableFuture.java:2194)
	at org.apache.ratis.grpc.client.GrpcClientProtocolClient$AsyncStreamObservers.completeReplyExceptionally(GrpcClientProtocolClient.java:397)
	at org.apache.ratis.grpc.client.GrpcClientProtocolClient$AsyncStreamObservers.access$000(GrpcClientProtocolClient.java:303)
	at org.apache.ratis.grpc.client.GrpcClientProtocolClient$AsyncStreamObservers$1.onError(GrpcClientProtocolClient.java:334)
	at org.apache.ratis.thirdparty.io.grpc.stub.ClientCalls$StreamObserverToCallListenerAdapter.onClose(ClientCalls.java:481)
	at org.apache.ratis.thirdparty.io.grpc.PartialForwardingClientCallListener.onClose(PartialForwardingClientCallListener.java:39)
	at org.apache.ratis.thirdparty.io.grpc.ForwardingClientCallListener.onClose(ForwardingClientCallListener.java:23)
	at org.apache.ratis.grpc.metrics.intercept.client.MetricClientCallListener.onClose(MetricClientCallListener.java:47)
	at org.apache.ratis.thirdparty.io.grpc.internal.DelayedClientCall$DelayedListener$3.run(DelayedClientCall.java:489)
	at org.apache.ratis.thirdparty.io.grpc.internal.DelayedClientCall$DelayedListener.delayOrExecute(DelayedClientCall.java:453)
	at org.apache.ratis.thirdparty.io.grpc.internal.DelayedClientCall$DelayedListener.onClose(DelayedClientCall.java:486)
	at org.apache.ratis.thirdparty.io.grpc.internal.ClientCallImpl.closeObserver(ClientCallImpl.java:567)
	at org.apache.ratis.thirdparty.io.grpc.internal.ClientCallImpl.access$300(ClientCallImpl.java:71)
	at org.apache.ratis.thirdparty.io.grpc.internal.ClientCallImpl$ClientStreamListenerImpl$1StreamClosed.runInternal(ClientCallImpl.java:735)
	at org.apache.ratis.thirdparty.io.grpc.internal.ClientCallImpl$ClientStreamListenerImpl$1StreamClosed.runInContext(ClientCallImpl.java:716)
	at org.apache.ratis.thirdparty.io.grpc.internal.ContextRunnable.run(ContextRunnable.java:37)
	at org.apache.ratis.thirdparty.io.grpc.internal.SerializingExecutor.run(SerializingExecutor.java:133)
	at java.base/java.util.concurrent.ThreadPoolExecutor.runWorker(ThreadPoolExecutor.java:1144)
	at java.base/java.util.concurrent.ThreadPoolExecutor$Worker.run(ThreadPoolExecutor.java:642)
	at java.base/java.lang.Thread.run(Thread.java:1583)
Caused by: java.io.IOException: org.apache.ratis.thirdparty.io.grpc.StatusRuntimeException: UNAVAILABLE: io exception
	at org.apache.ratis.grpc.GrpcUtil.unwrapException(GrpcUtil.java:99)
	at org.apache.ratis.grpc.GrpcUtil.unwrapIOException(GrpcUtil.java:159)
	at org.apache.ratis.grpc.client.GrpcClientProtocolClient$AsyncStreamObservers$1.onError(GrpcClientProtocolClient.java:333)
	... 16 more
Caused by: org.apache.ratis.thirdparty.io.grpc.StatusRuntimeException: UNAVAILABLE: io exception
	at org.apache.ratis.thirdparty.io.grpc.Status.asRuntimeException(Status.java:537)
	... 16 more
Caused by: org.apache.ratis.thirdparty.io.netty.channel.AbstractChannel$AnnotatedConnectException: finishConnect(..) failed: Connection refused: pkrvmberfyhpb9w/10.1.0.33:15039
Caused by: java.net.ConnectException: finishConnect(..) failed: Connection refused
	at org.apache.ratis.thirdparty.io.netty.channel.unix.Errors.newConnectException0(Errors.java:166)
	at org.apache.ratis.thirdparty.io.netty.channel.unix.Errors.handleConnectErrno(Errors.java:131)
	at org.apache.ratis.thirdparty.io.netty.channel.unix.Socket.finishConnect(Socket.java:359)
	at org.apache.ratis.thirdparty.io.netty.channel.epoll.AbstractEpollChannel$AbstractEpollUnsafe.doFinishConnect(AbstractEpollChannel.java:715)
	at org.apache.ratis.thirdparty.io.netty.channel.epoll.AbstractEpollChannel$AbstractEpollUnsafe.finishConnect(AbstractEpollChannel.java:692)
	at org.apache.ratis.thirdparty.io.netty.channel.epoll.AbstractEpollChannel$AbstractEpollUnsafe.epollOutReady(AbstractEpollChannel.java:567)
	at org.apache.ratis.thirdparty.io.netty.channel.epoll.EpollEventLoop.processReady(EpollEventLoop.java:491)
	at org.apache.ratis.thirdparty.io.netty.channel.epoll.EpollEventLoop.run(EpollEventLoop.java:399)
	at org.apache.ratis.thirdparty.io.netty.util.concurrent.SingleThreadEventExecutor$4.run(SingleThreadEventExecutor.java:997)
	at org.apache.ratis.thirdparty.io.netty.util.internal.ThreadExecutorMap$2.run(ThreadExecutorMap.java:74)
	at org.apache.ratis.thirdparty.io.netty.util.concurrent.FastThreadLocalRunnable.run(FastThreadLocalRunnable.java:30)
	at java.base/java.lang.Thread.run(Thread.java:1583)
2025-05-13 07:43:37,097 [om1-om-CertificateRenewerService] INFO  retry.RetryInvocationHandler (RetryInvocationHandler.java:log(426)) - com.google.protobuf.ServiceException: java.net.ConnectException: Call From pkrvmberfyhpb9w/10.1.0.33 to localhost:15024 failed on connection exception: java.net.ConnectException: Connection refused; For more details see:  http://wiki.apache.org/hadoop/ConnectionRefused, while invoking $Proxy45.submitRequest over nodeId=scmNodeId,nodeAddress=localhost/127.0.0.1:15024 after 5 failover attempts. Trying to failover after sleeping for 2000ms. Current retry count: 5.
2025-05-13 07:43:39,098 [om1-om-CertificateRenewerService] INFO  retry.RetryInvocationHandler (RetryInvocationHandler.java:log(426)) - com.google.protobuf.ServiceException: java.net.ConnectException: Call From pkrvmberfyhpb9w/10.1.0.33 to localhost:15024 failed on connection exception: java.net.ConnectException: Connection refused; For more details see:  http://wiki.apache.org/hadoop/ConnectionRefused, while invoking $Proxy45.submitRequest over nodeId=scmNodeId,nodeAddress=localhost/127.0.0.1:15024 after 6 failover attempts. Trying to failover after sleeping for 2000ms. Current retry count: 6.
2025-05-13 07:43:41,102 [om1-om-CertificateRenewerService] INFO  retry.RetryInvocationHandler (RetryInvocationHandler.java:log(426)) - com.google.protobuf.ServiceException: java.net.ConnectException: Call From pkrvmberfyhpb9w/10.1.0.33 to localhost:15024 failed on connection exception: java.net.ConnectException: Connection refused; For more details see:  http://wiki.apache.org/hadoop/ConnectionRefused, while invoking $Proxy45.submitRequest over nodeId=scmNodeId,nodeAddress=localhost/127.0.0.1:15024 after 7 failover attempts. Trying to failover after sleeping for 2000ms. Current retry count: 7.
2025-05-13 07:43:41,319 [timer2] ERROR impl.OrderedAsync (OrderedAsync.java:lambda$null$6(215)) -  (Repeated 10 times in the last 5.002s) client-C4877CDCD2FA: Failed* RaftClientRequest:client-C4877CDCD2FA->c7e37fed-ffe8-4455-9e33-59458259ae49@group-BD937A2D3539, cid=1, seq=1*, Watch(0), null
java.util.concurrent.CompletionException: java.io.IOException: org.apache.ratis.thirdparty.io.grpc.StatusRuntimeException: UNAVAILABLE: io exception
	at java.base/java.util.concurrent.CompletableFuture.encodeThrowable(CompletableFuture.java:332)
	at java.base/java.util.concurrent.CompletableFuture.completeThrowable(CompletableFuture.java:347)
	at java.base/java.util.concurrent.CompletableFuture$UniAccept.tryFire(CompletableFuture.java:708)
	at java.base/java.util.concurrent.CompletableFuture.postComplete(CompletableFuture.java:510)
	at java.base/java.util.concurrent.CompletableFuture.completeExceptionally(CompletableFuture.java:2194)
	at org.apache.ratis.grpc.client.GrpcClientProtocolClient$AsyncStreamObservers.completeReplyExceptionally(GrpcClientProtocolClient.java:397)
	at org.apache.ratis.grpc.client.GrpcClientProtocolClient$AsyncStreamObservers.access$000(GrpcClientProtocolClient.java:303)
	at org.apache.ratis.grpc.client.GrpcClientProtocolClient$AsyncStreamObservers$1.onError(GrpcClientProtocolClient.java:334)
	at org.apache.ratis.thirdparty.io.grpc.stub.ClientCalls$StreamObserverToCallListenerAdapter.onClose(ClientCalls.java:481)
	at org.apache.ratis.thirdparty.io.grpc.PartialForwardingClientCallListener.onClose(PartialForwardingClientCallListener.java:39)
	at org.apache.ratis.thirdparty.io.grpc.ForwardingClientCallListener.onClose(ForwardingClientCallListener.java:23)
	at org.apache.ratis.grpc.metrics.intercept.client.MetricClientCallListener.onClose(MetricClientCallListener.java:47)
	at org.apache.ratis.thirdparty.io.grpc.internal.DelayedClientCall$DelayedListener$3.run(DelayedClientCall.java:489)
	at org.apache.ratis.thirdparty.io.grpc.internal.DelayedClientCall$DelayedListener.delayOrExecute(DelayedClientCall.java:453)
	at org.apache.ratis.thirdparty.io.grpc.internal.DelayedClientCall$DelayedListener.onClose(DelayedClientCall.java:486)
	at org.apache.ratis.thirdparty.io.grpc.internal.ClientCallImpl.closeObserver(ClientCallImpl.java:567)
	at org.apache.ratis.thirdparty.io.grpc.internal.ClientCallImpl.access$300(ClientCallImpl.java:71)
	at org.apache.ratis.thirdparty.io.grpc.internal.ClientCallImpl$ClientStreamListenerImpl$1StreamClosed.runInternal(ClientCallImpl.java:735)
	at org.apache.ratis.thirdparty.io.grpc.internal.ClientCallImpl$ClientStreamListenerImpl$1StreamClosed.runInContext(ClientCallImpl.java:716)
	at org.apache.ratis.thirdparty.io.grpc.internal.ContextRunnable.run(ContextRunnable.java:37)
	at org.apache.ratis.thirdparty.io.grpc.internal.SerializingExecutor.run(SerializingExecutor.java:133)
	at java.base/java.util.concurrent.ThreadPoolExecutor.runWorker(ThreadPoolExecutor.java:1144)
	at java.base/java.util.concurrent.ThreadPoolExecutor$Worker.run(ThreadPoolExecutor.java:642)
	at java.base/java.lang.Thread.run(Thread.java:1583)
Caused by: java.io.IOException: org.apache.ratis.thirdparty.io.grpc.StatusRuntimeException: UNAVAILABLE: io exception
	at org.apache.ratis.grpc.GrpcUtil.unwrapException(GrpcUtil.java:99)
	at org.apache.ratis.grpc.GrpcUtil.unwrapIOException(GrpcUtil.java:159)
	at org.apache.ratis.grpc.client.GrpcClientProtocolClient$AsyncStreamObservers$1.onError(GrpcClientProtocolClient.java:333)
	... 16 more
Caused by: org.apache.ratis.thirdparty.io.grpc.StatusRuntimeException: UNAVAILABLE: io exception
	at org.apache.ratis.thirdparty.io.grpc.Status.asRuntimeException(Status.java:537)
	... 16 more
Caused by: org.apache.ratis.thirdparty.io.netty.channel.AbstractChannel$AnnotatedConnectException: finishConnect(..) failed: Connection refused: pkrvmberfyhpb9w/10.1.0.33:15039
Caused by: java.net.ConnectException: finishConnect(..) failed: Connection refused
	at org.apache.ratis.thirdparty.io.netty.channel.unix.Errors.newConnectException0(Errors.java:166)
	at org.apache.ratis.thirdparty.io.netty.channel.unix.Errors.handleConnectErrno(Errors.java:131)
	at org.apache.ratis.thirdparty.io.netty.channel.unix.Socket.finishConnect(Socket.java:359)
	at org.apache.ratis.thirdparty.io.netty.channel.epoll.AbstractEpollChannel$AbstractEpollUnsafe.doFinishConnect(AbstractEpollChannel.java:715)
	at org.apache.ratis.thirdparty.io.netty.channel.epoll.AbstractEpollChannel$AbstractEpollUnsafe.finishConnect(AbstractEpollChannel.java:692)
	at org.apache.ratis.thirdparty.io.netty.channel.epoll.AbstractEpollChannel$AbstractEpollUnsafe.epollOutReady(AbstractEpollChannel.java:567)
	at org.apache.ratis.thirdparty.io.netty.channel.epoll.EpollEventLoop.processReady(EpollEventLoop.java:491)
	at org.apache.ratis.thirdparty.io.netty.channel.epoll.EpollEventLoop.run(EpollEventLoop.java:399)
	at org.apache.ratis.thirdparty.io.netty.util.concurrent.SingleThreadEventExecutor$4.run(SingleThreadEventExecutor.java:997)
	at org.apache.ratis.thirdparty.io.netty.util.internal.ThreadExecutorMap$2.run(ThreadExecutorMap.java:74)
	at org.apache.ratis.thirdparty.io.netty.util.concurrent.FastThreadLocalRunnable.run(FastThreadLocalRunnable.java:30)
	at java.base/java.lang.Thread.run(Thread.java:1583)
2025-05-13 07:43:41,362 [grpc-default-executor-2] ERROR impl.OrderedAsync (OrderedAsync.java:lambda$null$6(215)) -  client-C4877CDCD2FA: Failed* RaftClientRequest:client-C4877CDCD2FA->c7e37fed-ffe8-4455-9e33-59458259ae49@group-BD937A2D3539, cid=1, seq=1*, Watch(0), null
java.util.concurrent.CompletionException: java.io.IOException: org.apache.ratis.thirdparty.io.grpc.StatusRuntimeException: UNAVAILABLE: io exception
	at java.base/java.util.concurrent.CompletableFuture.encodeThrowable(CompletableFuture.java:332)
	at java.base/java.util.concurrent.CompletableFuture.completeThrowable(CompletableFuture.java:347)
	at java.base/java.util.concurrent.CompletableFuture$UniAccept.tryFire(CompletableFuture.java:708)
	at java.base/java.util.concurrent.CompletableFuture.postComplete(CompletableFuture.java:510)
	at java.base/java.util.concurrent.CompletableFuture.completeExceptionally(CompletableFuture.java:2194)
	at org.apache.ratis.grpc.client.GrpcClientProtocolClient$AsyncStreamObservers.completeReplyExceptionally(GrpcClientProtocolClient.java:397)
	at org.apache.ratis.grpc.client.GrpcClientProtocolClient$AsyncStreamObservers.access$000(GrpcClientProtocolClient.java:303)
	at org.apache.ratis.grpc.client.GrpcClientProtocolClient$AsyncStreamObservers$1.onError(GrpcClientProtocolClient.java:334)
	at org.apache.ratis.thirdparty.io.grpc.stub.ClientCalls$StreamObserverToCallListenerAdapter.onClose(ClientCalls.java:481)
	at org.apache.ratis.thirdparty.io.grpc.PartialForwardingClientCallListener.onClose(PartialForwardingClientCallListener.java:39)
	at org.apache.ratis.thirdparty.io.grpc.ForwardingClientCallListener.onClose(ForwardingClientCallListener.java:23)
	at org.apache.ratis.grpc.metrics.intercept.client.MetricClientCallListener.onClose(MetricClientCallListener.java:47)
	at org.apache.ratis.thirdparty.io.grpc.internal.DelayedClientCall$DelayedListener$3.run(DelayedClientCall.java:489)
	at org.apache.ratis.thirdparty.io.grpc.internal.DelayedClientCall$DelayedListener.delayOrExecute(DelayedClientCall.java:453)
	at org.apache.ratis.thirdparty.io.grpc.internal.DelayedClientCall$DelayedListener.onClose(DelayedClientCall.java:486)
	at org.apache.ratis.thirdparty.io.grpc.internal.ClientCallImpl.closeObserver(ClientCallImpl.java:567)
	at org.apache.ratis.thirdparty.io.grpc.internal.ClientCallImpl.access$300(ClientCallImpl.java:71)
	at org.apache.ratis.thirdparty.io.grpc.internal.ClientCallImpl$ClientStreamListenerImpl$1StreamClosed.runInternal(ClientCallImpl.java:735)
	at org.apache.ratis.thirdparty.io.grpc.internal.ClientCallImpl$ClientStreamListenerImpl$1StreamClosed.runInContext(ClientCallImpl.java:716)
	at org.apache.ratis.thirdparty.io.grpc.internal.ContextRunnable.run(ContextRunnable.java:37)
	at org.apache.ratis.thirdparty.io.grpc.internal.SerializingExecutor.run(SerializingExecutor.java:133)
	at java.base/java.util.concurrent.ThreadPoolExecutor.runWorker(ThreadPoolExecutor.java:1144)
	at java.base/java.util.concurrent.ThreadPoolExecutor$Worker.run(ThreadPoolExecutor.java:642)
	at java.base/java.lang.Thread.run(Thread.java:1583)
Caused by: java.io.IOException: org.apache.ratis.thirdparty.io.grpc.StatusRuntimeException: UNAVAILABLE: io exception
	at org.apache.ratis.grpc.GrpcUtil.unwrapException(GrpcUtil.java:99)
	at org.apache.ratis.grpc.GrpcUtil.unwrapIOException(GrpcUtil.java:159)
	at org.apache.ratis.grpc.client.GrpcClientProtocolClient$AsyncStreamObservers$1.onError(GrpcClientProtocolClient.java:333)
	... 16 more
Caused by: org.apache.ratis.thirdparty.io.grpc.StatusRuntimeException: UNAVAILABLE: io exception
	at org.apache.ratis.thirdparty.io.grpc.Status.asRuntimeException(Status.java:537)
	... 16 more
Caused by: org.apache.ratis.thirdparty.io.netty.channel.AbstractChannel$AnnotatedConnectException: finishConnect(..) failed: Connection refused: pkrvmberfyhpb9w/10.1.0.33:15039
Caused by: java.net.ConnectException: finishConnect(..) failed: Connection refused
	at org.apache.ratis.thirdparty.io.netty.channel.unix.Errors.newConnectException0(Errors.java:166)
	at org.apache.ratis.thirdparty.io.netty.channel.unix.Errors.handleConnectErrno(Errors.java:131)
	at org.apache.ratis.thirdparty.io.netty.channel.unix.Socket.finishConnect(Socket.java:359)
	at org.apache.ratis.thirdparty.io.netty.channel.epoll.AbstractEpollChannel$AbstractEpollUnsafe.doFinishConnect(AbstractEpollChannel.java:715)
	at org.apache.ratis.thirdparty.io.netty.channel.epoll.AbstractEpollChannel$AbstractEpollUnsafe.finishConnect(AbstractEpollChannel.java:692)
	at org.apache.ratis.thirdparty.io.netty.channel.epoll.AbstractEpollChannel$AbstractEpollUnsafe.epollOutReady(AbstractEpollChannel.java:567)
	at org.apache.ratis.thirdparty.io.netty.channel.epoll.EpollEventLoop.processReady(EpollEventLoop.java:491)
	at org.apache.ratis.thirdparty.io.netty.channel.epoll.EpollEventLoop.run(EpollEventLoop.java:399)
	at org.apache.ratis.thirdparty.io.netty.util.concurrent.SingleThreadEventExecutor$4.run(SingleThreadEventExecutor.java:997)
	at org.apache.ratis.thirdparty.io.netty.util.internal.ThreadExecutorMap$2.run(ThreadExecutorMap.java:74)
	at org.apache.ratis.thirdparty.io.netty.util.concurrent.FastThreadLocalRunnable.run(FastThreadLocalRunnable.java:30)
	at java.base/java.lang.Thread.run(Thread.java:1583)
2025-05-13 07:43:43,104 [om1-om-CertificateRenewerService] INFO  retry.RetryInvocationHandler (RetryInvocationHandler.java:log(426)) - com.google.protobuf.ServiceException: java.net.ConnectException: Call From pkrvmberfyhpb9w/10.1.0.33 to localhost:15024 failed on connection exception: java.net.ConnectException: Connection refused; For more details see:  http://wiki.apache.org/hadoop/ConnectionRefused, while invoking $Proxy45.submitRequest over nodeId=scmNodeId,nodeAddress=localhost/127.0.0.1:15024 after 8 failover attempts. Trying to failover after sleeping for 2000ms. Current retry count: 8.
2025-05-13 07:43:45,108 [om1-om-CertificateRenewerService] INFO  retry.RetryInvocationHandler (RetryInvocationHandler.java:log(426)) - com.google.protobuf.ServiceException: java.net.ConnectException: Call From pkrvmberfyhpb9w/10.1.0.33 to localhost:15024 failed on connection exception: java.net.ConnectException: Connection refused; For more details see:  http://wiki.apache.org/hadoop/ConnectionRefused, while invoking $Proxy45.submitRequest over nodeId=scmNodeId,nodeAddress=localhost/127.0.0.1:15024 after 9 failover attempts. Trying to failover after sleeping for 2000ms. Current retry count: 9.
2025-05-13 07:43:46,362 [timer4] ERROR impl.OrderedAsync (OrderedAsync.java:lambda$null$6(215)) -  (Repeated 10 times in the last 5.000s) client-C4877CDCD2FA: Failed* RaftClientRequest:client-C4877CDCD2FA->c7e37fed-ffe8-4455-9e33-59458259ae49@group-BD937A2D3539, cid=1, seq=1*, Watch(0), null
java.util.concurrent.CompletionException: java.io.IOException: org.apache.ratis.thirdparty.io.grpc.StatusRuntimeException: UNAVAILABLE: io exception
	at java.base/java.util.concurrent.CompletableFuture.encodeThrowable(CompletableFuture.java:332)
	at java.base/java.util.concurrent.CompletableFuture.completeThrowable(CompletableFuture.java:347)
	at java.base/java.util.concurrent.CompletableFuture$UniAccept.tryFire(CompletableFuture.java:708)
	at java.base/java.util.concurrent.CompletableFuture.postComplete(CompletableFuture.java:510)
	at java.base/java.util.concurrent.CompletableFuture.completeExceptionally(CompletableFuture.java:2194)
	at org.apache.ratis.grpc.client.GrpcClientProtocolClient$AsyncStreamObservers.completeReplyExceptionally(GrpcClientProtocolClient.java:397)
	at org.apache.ratis.grpc.client.GrpcClientProtocolClient$AsyncStreamObservers.access$000(GrpcClientProtocolClient.java:303)
	at org.apache.ratis.grpc.client.GrpcClientProtocolClient$AsyncStreamObservers$1.onError(GrpcClientProtocolClient.java:334)
	at org.apache.ratis.thirdparty.io.grpc.stub.ClientCalls$StreamObserverToCallListenerAdapter.onClose(ClientCalls.java:481)
	at org.apache.ratis.thirdparty.io.grpc.PartialForwardingClientCallListener.onClose(PartialForwardingClientCallListener.java:39)
	at org.apache.ratis.thirdparty.io.grpc.ForwardingClientCallListener.onClose(ForwardingClientCallListener.java:23)
	at org.apache.ratis.grpc.metrics.intercept.client.MetricClientCallListener.onClose(MetricClientCallListener.java:47)
	at org.apache.ratis.thirdparty.io.grpc.internal.ClientCallImpl.closeObserver(ClientCallImpl.java:567)
	at org.apache.ratis.thirdparty.io.grpc.internal.ClientCallImpl.access$300(ClientCallImpl.java:71)
	at org.apache.ratis.thirdparty.io.grpc.internal.ClientCallImpl$ClientStreamListenerImpl$1StreamClosed.runInternal(ClientCallImpl.java:735)
	at org.apache.ratis.thirdparty.io.grpc.internal.ClientCallImpl$ClientStreamListenerImpl$1StreamClosed.runInContext(ClientCallImpl.java:716)
	at org.apache.ratis.thirdparty.io.grpc.internal.ContextRunnable.run(ContextRunnable.java:37)
	at org.apache.ratis.thirdparty.io.grpc.internal.SerializingExecutor.run(SerializingExecutor.java:133)
	at java.base/java.util.concurrent.ThreadPoolExecutor.runWorker(ThreadPoolExecutor.java:1144)
	at java.base/java.util.concurrent.ThreadPoolExecutor$Worker.run(ThreadPoolExecutor.java:642)
	at java.base/java.lang.Thread.run(Thread.java:1583)
Caused by: java.io.IOException: org.apache.ratis.thirdparty.io.grpc.StatusRuntimeException: UNAVAILABLE: io exception
	at org.apache.ratis.grpc.GrpcUtil.unwrapException(GrpcUtil.java:99)
	at org.apache.ratis.grpc.GrpcUtil.unwrapIOException(GrpcUtil.java:159)
	at org.apache.ratis.grpc.client.GrpcClientProtocolClient$AsyncStreamObservers$1.onError(GrpcClientProtocolClient.java:333)
	... 13 more
Caused by: org.apache.ratis.thirdparty.io.grpc.StatusRuntimeException: UNAVAILABLE: io exception
	at org.apache.ratis.thirdparty.io.grpc.Status.asRuntimeException(Status.java:537)
	... 13 more
Caused by: org.apache.ratis.thirdparty.io.netty.channel.AbstractChannel$AnnotatedConnectException: finishConnect(..) failed: Connection refused: pkrvmberfyhpb9w/10.1.0.33:15039
Caused by: java.net.ConnectException: finishConnect(..) failed: Connection refused
	at org.apache.ratis.thirdparty.io.netty.channel.unix.Errors.newConnectException0(Errors.java:166)
	at org.apache.ratis.thirdparty.io.netty.channel.unix.Errors.handleConnectErrno(Errors.java:131)
	at org.apache.ratis.thirdparty.io.netty.channel.unix.Socket.finishConnect(Socket.java:359)
	at org.apache.ratis.thirdparty.io.netty.channel.epoll.AbstractEpollChannel$AbstractEpollUnsafe.doFinishConnect(AbstractEpollChannel.java:715)
	at org.apache.ratis.thirdparty.io.netty.channel.epoll.AbstractEpollChannel$AbstractEpollUnsafe.finishConnect(AbstractEpollChannel.java:692)
	at org.apache.ratis.thirdparty.io.netty.channel.epoll.AbstractEpollChannel$AbstractEpollUnsafe.epollOutReady(AbstractEpollChannel.java:567)
	at org.apache.ratis.thirdparty.io.netty.channel.epoll.EpollEventLoop.processReady(EpollEventLoop.java:491)
	at org.apache.ratis.thirdparty.io.netty.channel.epoll.EpollEventLoop.run(EpollEventLoop.java:399)
	at org.apache.ratis.thirdparty.io.netty.util.concurrent.SingleThreadEventExecutor$4.run(SingleThreadEventExecutor.java:997)
	at org.apache.ratis.thirdparty.io.netty.util.internal.ThreadExecutorMap$2.run(ThreadExecutorMap.java:74)
	at org.apache.ratis.thirdparty.io.netty.util.concurrent.FastThreadLocalRunnable.run(FastThreadLocalRunnable.java:30)
	at java.base/java.lang.Thread.run(Thread.java:1583)
2025-05-13 07:43:46,398 [grpc-default-executor-0] ERROR impl.OrderedAsync (OrderedAsync.java:lambda$null$6(215)) -  client-C4877CDCD2FA: Failed* RaftClientRequest:client-C4877CDCD2FA->c7e37fed-ffe8-4455-9e33-59458259ae49@group-BD937A2D3539, cid=1, seq=1*, Watch(0), null
java.util.concurrent.CompletionException: java.io.IOException: org.apache.ratis.thirdparty.io.grpc.StatusRuntimeException: UNAVAILABLE: io exception
	at java.base/java.util.concurrent.CompletableFuture.encodeThrowable(CompletableFuture.java:332)
	at java.base/java.util.concurrent.CompletableFuture.completeThrowable(CompletableFuture.java:347)
	at java.base/java.util.concurrent.CompletableFuture$UniAccept.tryFire(CompletableFuture.java:708)
	at java.base/java.util.concurrent.CompletableFuture.postComplete(CompletableFuture.java:510)
	at java.base/java.util.concurrent.CompletableFuture.completeExceptionally(CompletableFuture.java:2194)
	at org.apache.ratis.grpc.client.GrpcClientProtocolClient$AsyncStreamObservers.completeReplyExceptionally(GrpcClientProtocolClient.java:397)
	at org.apache.ratis.grpc.client.GrpcClientProtocolClient$AsyncStreamObservers.access$000(GrpcClientProtocolClient.java:303)
	at org.apache.ratis.grpc.client.GrpcClientProtocolClient$AsyncStreamObservers$1.onError(GrpcClientProtocolClient.java:334)
	at org.apache.ratis.thirdparty.io.grpc.stub.ClientCalls$StreamObserverToCallListenerAdapter.onClose(ClientCalls.java:481)
	at org.apache.ratis.thirdparty.io.grpc.PartialForwardingClientCallListener.onClose(PartialForwardingClientCallListener.java:39)
	at org.apache.ratis.thirdparty.io.grpc.ForwardingClientCallListener.onClose(ForwardingClientCallListener.java:23)
	at org.apache.ratis.grpc.metrics.intercept.client.MetricClientCallListener.onClose(MetricClientCallListener.java:47)
	at org.apache.ratis.thirdparty.io.grpc.internal.ClientCallImpl.closeObserver(ClientCallImpl.java:567)
	at org.apache.ratis.thirdparty.io.grpc.internal.ClientCallImpl.access$300(ClientCallImpl.java:71)
	at org.apache.ratis.thirdparty.io.grpc.internal.ClientCallImpl$ClientStreamListenerImpl$1StreamClosed.runInternal(ClientCallImpl.java:735)
	at org.apache.ratis.thirdparty.io.grpc.internal.ClientCallImpl$ClientStreamListenerImpl$1StreamClosed.runInContext(ClientCallImpl.java:716)
	at org.apache.ratis.thirdparty.io.grpc.internal.ContextRunnable.run(ContextRunnable.java:37)
	at org.apache.ratis.thirdparty.io.grpc.internal.SerializingExecutor.run(SerializingExecutor.java:133)
	at java.base/java.util.concurrent.ThreadPoolExecutor.runWorker(ThreadPoolExecutor.java:1144)
	at java.base/java.util.concurrent.ThreadPoolExecutor$Worker.run(ThreadPoolExecutor.java:642)
	at java.base/java.lang.Thread.run(Thread.java:1583)
Caused by: java.io.IOException: org.apache.ratis.thirdparty.io.grpc.StatusRuntimeException: UNAVAILABLE: io exception
	at org.apache.ratis.grpc.GrpcUtil.unwrapException(GrpcUtil.java:99)
	at org.apache.ratis.grpc.GrpcUtil.unwrapIOException(GrpcUtil.java:159)
	at org.apache.ratis.grpc.client.GrpcClientProtocolClient$AsyncStreamObservers$1.onError(GrpcClientProtocolClient.java:333)
	... 13 more
Caused by: org.apache.ratis.thirdparty.io.grpc.StatusRuntimeException: UNAVAILABLE: io exception
	at org.apache.ratis.thirdparty.io.grpc.Status.asRuntimeException(Status.java:537)
	... 13 more
Caused by: org.apache.ratis.thirdparty.io.netty.channel.AbstractChannel$AnnotatedConnectException: finishConnect(..) failed: Connection refused: pkrvmberfyhpb9w/10.1.0.33:15039
Caused by: java.net.ConnectException: finishConnect(..) failed: Connection refused
	at org.apache.ratis.thirdparty.io.netty.channel.unix.Errors.newConnectException0(Errors.java:166)
	at org.apache.ratis.thirdparty.io.netty.channel.unix.Errors.handleConnectErrno(Errors.java:131)
	at org.apache.ratis.thirdparty.io.netty.channel.unix.Socket.finishConnect(Socket.java:359)
	at org.apache.ratis.thirdparty.io.netty.channel.epoll.AbstractEpollChannel$AbstractEpollUnsafe.doFinishConnect(AbstractEpollChannel.java:715)
	at org.apache.ratis.thirdparty.io.netty.channel.epoll.AbstractEpollChannel$AbstractEpollUnsafe.finishConnect(AbstractEpollChannel.java:692)
	at org.apache.ratis.thirdparty.io.netty.channel.epoll.AbstractEpollChannel$AbstractEpollUnsafe.epollOutReady(AbstractEpollChannel.java:567)
	at org.apache.ratis.thirdparty.io.netty.channel.epoll.EpollEventLoop.processReady(EpollEventLoop.java:491)
	at org.apache.ratis.thirdparty.io.netty.channel.epoll.EpollEventLoop.run(EpollEventLoop.java:399)
	at org.apache.ratis.thirdparty.io.netty.util.concurrent.SingleThreadEventExecutor$4.run(SingleThreadEventExecutor.java:997)
	at org.apache.ratis.thirdparty.io.netty.util.internal.ThreadExecutorMap$2.run(ThreadExecutorMap.java:74)
	at org.apache.ratis.thirdparty.io.netty.util.concurrent.FastThreadLocalRunnable.run(FastThreadLocalRunnable.java:30)
	at java.base/java.lang.Thread.run(Thread.java:1583)
2025-05-13 07:43:47,119 [om1-om-CertificateRenewerService] INFO  retry.RetryInvocationHandler (RetryInvocationHandler.java:log(426)) - com.google.protobuf.ServiceException: java.net.ConnectException: Call From pkrvmberfyhpb9w/10.1.0.33 to localhost:15024 failed on connection exception: java.net.ConnectException: Connection refused; For more details see:  http://wiki.apache.org/hadoop/ConnectionRefused, while invoking $Proxy45.submitRequest over nodeId=scmNodeId,nodeAddress=localhost/127.0.0.1:15024 after 10 failover attempts. Trying to failover after sleeping for 2000ms. Current retry count: 10.
2025-05-13 07:43:49,120 [om1-om-CertificateRenewerService] INFO  retry.RetryInvocationHandler (RetryInvocationHandler.java:log(426)) - com.google.protobuf.ServiceException: java.net.ConnectException: Call From pkrvmberfyhpb9w/10.1.0.33 to localhost:15024 failed on connection exception: java.net.ConnectException: Connection refused; For more details see:  http://wiki.apache.org/hadoop/ConnectionRefused, while invoking $Proxy45.submitRequest over nodeId=scmNodeId,nodeAddress=localhost/127.0.0.1:15024 after 11 failover attempts. Trying to failover after sleeping for 2000ms. Current retry count: 11.
2025-05-13 07:43:51,121 [om1-om-CertificateRenewerService] INFO  retry.RetryInvocationHandler (RetryInvocationHandler.java:log(426)) - com.google.protobuf.ServiceException: java.net.ConnectException: Call From pkrvmberfyhpb9w/10.1.0.33 to localhost:15024 failed on connection exception: java.net.ConnectException: Connection refused; For more details see:  http://wiki.apache.org/hadoop/ConnectionRefused, while invoking $Proxy45.submitRequest over nodeId=scmNodeId,nodeAddress=localhost/127.0.0.1:15024 after 12 failover attempts. Trying to failover after sleeping for 2000ms. Current retry count: 12.
2025-05-13 07:43:51,399 [timer5] ERROR impl.OrderedAsync (OrderedAsync.java:lambda$null$6(215)) -  (Repeated 10 times in the last 5.000s) client-C4877CDCD2FA: Failed* RaftClientRequest:client-C4877CDCD2FA->c7e37fed-ffe8-4455-9e33-59458259ae49@group-BD937A2D3539, cid=1, seq=1*, Watch(0), null
java.util.concurrent.CompletionException: java.io.IOException: org.apache.ratis.thirdparty.io.grpc.StatusRuntimeException: UNAVAILABLE: io exception
	at java.base/java.util.concurrent.CompletableFuture.encodeThrowable(CompletableFuture.java:332)
	at java.base/java.util.concurrent.CompletableFuture.completeThrowable(CompletableFuture.java:347)
	at java.base/java.util.concurrent.CompletableFuture$UniAccept.tryFire(CompletableFuture.java:708)
	at java.base/java.util.concurrent.CompletableFuture.postComplete(CompletableFuture.java:510)
	at java.base/java.util.concurrent.CompletableFuture.completeExceptionally(CompletableFuture.java:2194)
	at org.apache.ratis.grpc.client.GrpcClientProtocolClient$AsyncStreamObservers.completeReplyExceptionally(GrpcClientProtocolClient.java:397)
	at org.apache.ratis.grpc.client.GrpcClientProtocolClient$AsyncStreamObservers.access$000(GrpcClientProtocolClient.java:303)
	at org.apache.ratis.grpc.client.GrpcClientProtocolClient$AsyncStreamObservers$1.onError(GrpcClientProtocolClient.java:334)
	at org.apache.ratis.thirdparty.io.grpc.stub.ClientCalls$StreamObserverToCallListenerAdapter.onClose(ClientCalls.java:481)
	at org.apache.ratis.thirdparty.io.grpc.PartialForwardingClientCallListener.onClose(PartialForwardingClientCallListener.java:39)
	at org.apache.ratis.thirdparty.io.grpc.ForwardingClientCallListener.onClose(ForwardingClientCallListener.java:23)
	at org.apache.ratis.grpc.metrics.intercept.client.MetricClientCallListener.onClose(MetricClientCallListener.java:47)
	at org.apache.ratis.thirdparty.io.grpc.internal.ClientCallImpl.closeObserver(ClientCallImpl.java:567)
	at org.apache.ratis.thirdparty.io.grpc.internal.ClientCallImpl.access$300(ClientCallImpl.java:71)
	at org.apache.ratis.thirdparty.io.grpc.internal.ClientCallImpl$ClientStreamListenerImpl$1StreamClosed.runInternal(ClientCallImpl.java:735)
	at org.apache.ratis.thirdparty.io.grpc.internal.ClientCallImpl$ClientStreamListenerImpl$1StreamClosed.runInContext(ClientCallImpl.java:716)
	at org.apache.ratis.thirdparty.io.grpc.internal.ContextRunnable.run(ContextRunnable.java:37)
	at org.apache.ratis.thirdparty.io.grpc.internal.SerializingExecutor.run(SerializingExecutor.java:133)
	at java.base/java.util.concurrent.ThreadPoolExecutor.runWorker(ThreadPoolExecutor.java:1144)
	at java.base/java.util.concurrent.ThreadPoolExecutor$Worker.run(ThreadPoolExecutor.java:642)
	at java.base/java.lang.Thread.run(Thread.java:1583)
Caused by: java.io.IOException: org.apache.ratis.thirdparty.io.grpc.StatusRuntimeException: UNAVAILABLE: io exception
	at org.apache.ratis.grpc.GrpcUtil.unwrapException(GrpcUtil.java:99)
	at org.apache.ratis.grpc.GrpcUtil.unwrapIOException(GrpcUtil.java:159)
	at org.apache.ratis.grpc.client.GrpcClientProtocolClient$AsyncStreamObservers$1.onError(GrpcClientProtocolClient.java:333)
	... 13 more
Caused by: org.apache.ratis.thirdparty.io.grpc.StatusRuntimeException: UNAVAILABLE: io exception
	at org.apache.ratis.thirdparty.io.grpc.Status.asRuntimeException(Status.java:537)
	... 13 more
Caused by: org.apache.ratis.thirdparty.io.netty.channel.AbstractChannel$AnnotatedConnectException: finishConnect(..) failed: Connection refused: pkrvmberfyhpb9w/10.1.0.33:15039
Caused by: java.net.ConnectException: finishConnect(..) failed: Connection refused
	at org.apache.ratis.thirdparty.io.netty.channel.unix.Errors.newConnectException0(Errors.java:166)
	at org.apache.ratis.thirdparty.io.netty.channel.unix.Errors.handleConnectErrno(Errors.java:131)
	at org.apache.ratis.thirdparty.io.netty.channel.unix.Socket.finishConnect(Socket.java:359)
	at org.apache.ratis.thirdparty.io.netty.channel.epoll.AbstractEpollChannel$AbstractEpollUnsafe.doFinishConnect(AbstractEpollChannel.java:715)
	at org.apache.ratis.thirdparty.io.netty.channel.epoll.AbstractEpollChannel$AbstractEpollUnsafe.finishConnect(AbstractEpollChannel.java:692)
	at org.apache.ratis.thirdparty.io.netty.channel.epoll.AbstractEpollChannel$AbstractEpollUnsafe.epollOutReady(AbstractEpollChannel.java:567)
	at org.apache.ratis.thirdparty.io.netty.channel.epoll.EpollEventLoop.processReady(EpollEventLoop.java:491)
	at org.apache.ratis.thirdparty.io.netty.channel.epoll.EpollEventLoop.run(EpollEventLoop.java:399)
	at org.apache.ratis.thirdparty.io.netty.util.concurrent.SingleThreadEventExecutor$4.run(SingleThreadEventExecutor.java:997)
	at org.apache.ratis.thirdparty.io.netty.util.internal.ThreadExecutorMap$2.run(ThreadExecutorMap.java:74)
	at org.apache.ratis.thirdparty.io.netty.util.concurrent.FastThreadLocalRunnable.run(FastThreadLocalRunnable.java:30)
	at java.base/java.lang.Thread.run(Thread.java:1583)
2025-05-13 07:43:51,434 [grpc-default-executor-1] ERROR impl.OrderedAsync (OrderedAsync.java:lambda$null$6(215)) -  client-C4877CDCD2FA: Failed* RaftClientRequest:client-C4877CDCD2FA->c7e37fed-ffe8-4455-9e33-59458259ae49@group-BD937A2D3539, cid=1, seq=1*, Watch(0), null
java.util.concurrent.CompletionException: java.io.IOException: org.apache.ratis.thirdparty.io.grpc.StatusRuntimeException: UNAVAILABLE: io exception
	at java.base/java.util.concurrent.CompletableFuture.encodeThrowable(CompletableFuture.java:332)
	at java.base/java.util.concurrent.CompletableFuture.completeThrowable(CompletableFuture.java:347)
	at java.base/java.util.concurrent.CompletableFuture$UniAccept.tryFire(CompletableFuture.java:708)
	at java.base/java.util.concurrent.CompletableFuture.postComplete(CompletableFuture.java:510)
	at java.base/java.util.concurrent.CompletableFuture.completeExceptionally(CompletableFuture.java:2194)
	at org.apache.ratis.grpc.client.GrpcClientProtocolClient$AsyncStreamObservers.completeReplyExceptionally(GrpcClientProtocolClient.java:397)
	at org.apache.ratis.grpc.client.GrpcClientProtocolClient$AsyncStreamObservers.access$000(GrpcClientProtocolClient.java:303)
	at org.apache.ratis.grpc.client.GrpcClientProtocolClient$AsyncStreamObservers$1.onError(GrpcClientProtocolClient.java:334)
	at org.apache.ratis.thirdparty.io.grpc.stub.ClientCalls$StreamObserverToCallListenerAdapter.onClose(ClientCalls.java:481)
	at org.apache.ratis.thirdparty.io.grpc.PartialForwardingClientCallListener.onClose(PartialForwardingClientCallListener.java:39)
	at org.apache.ratis.thirdparty.io.grpc.ForwardingClientCallListener.onClose(ForwardingClientCallListener.java:23)
	at org.apache.ratis.grpc.metrics.intercept.client.MetricClientCallListener.onClose(MetricClientCallListener.java:47)
	at org.apache.ratis.thirdparty.io.grpc.internal.ClientCallImpl.closeObserver(ClientCallImpl.java:567)
	at org.apache.ratis.thirdparty.io.grpc.internal.ClientCallImpl.access$300(ClientCallImpl.java:71)
	at org.apache.ratis.thirdparty.io.grpc.internal.ClientCallImpl$ClientStreamListenerImpl$1StreamClosed.runInternal(ClientCallImpl.java:735)
	at org.apache.ratis.thirdparty.io.grpc.internal.ClientCallImpl$ClientStreamListenerImpl$1StreamClosed.runInContext(ClientCallImpl.java:716)
	at org.apache.ratis.thirdparty.io.grpc.internal.ContextRunnable.run(ContextRunnable.java:37)
	at org.apache.ratis.thirdparty.io.grpc.internal.SerializingExecutor.run(SerializingExecutor.java:133)
	at java.base/java.util.concurrent.ThreadPoolExecutor.runWorker(ThreadPoolExecutor.java:1144)
	at java.base/java.util.concurrent.ThreadPoolExecutor$Worker.run(ThreadPoolExecutor.java:642)
	at java.base/java.lang.Thread.run(Thread.java:1583)
Caused by: java.io.IOException: org.apache.ratis.thirdparty.io.grpc.StatusRuntimeException: UNAVAILABLE: io exception
	at org.apache.ratis.grpc.GrpcUtil.unwrapException(GrpcUtil.java:99)
	at org.apache.ratis.grpc.GrpcUtil.unwrapIOException(GrpcUtil.java:159)
	at org.apache.ratis.grpc.client.GrpcClientProtocolClient$AsyncStreamObservers$1.onError(GrpcClientProtocolClient.java:333)
	... 13 more
Caused by: org.apache.ratis.thirdparty.io.grpc.StatusRuntimeException: UNAVAILABLE: io exception
	at org.apache.ratis.thirdparty.io.grpc.Status.asRuntimeException(Status.java:537)
	... 13 more
Caused by: org.apache.ratis.thirdparty.io.netty.channel.AbstractChannel$AnnotatedConnectException: finishConnect(..) failed: Connection refused: pkrvmberfyhpb9w/10.1.0.33:15039
Caused by: java.net.ConnectException: finishConnect(..) failed: Connection refused
	at org.apache.ratis.thirdparty.io.netty.channel.unix.Errors.newConnectException0(Errors.java:166)
	at org.apache.ratis.thirdparty.io.netty.channel.unix.Errors.handleConnectErrno(Errors.java:131)
	at org.apache.ratis.thirdparty.io.netty.channel.unix.Socket.finishConnect(Socket.java:359)
	at org.apache.ratis.thirdparty.io.netty.channel.epoll.AbstractEpollChannel$AbstractEpollUnsafe.doFinishConnect(AbstractEpollChannel.java:715)
	at org.apache.ratis.thirdparty.io.netty.channel.epoll.AbstractEpollChannel$AbstractEpollUnsafe.finishConnect(AbstractEpollChannel.java:692)
	at org.apache.ratis.thirdparty.io.netty.channel.epoll.AbstractEpollChannel$AbstractEpollUnsafe.epollOutReady(AbstractEpollChannel.java:567)
	at org.apache.ratis.thirdparty.io.netty.channel.epoll.EpollEventLoop.processReady(EpollEventLoop.java:491)
	at org.apache.ratis.thirdparty.io.netty.channel.epoll.EpollEventLoop.run(EpollEventLoop.java:399)
	at org.apache.ratis.thirdparty.io.netty.util.concurrent.SingleThreadEventExecutor$4.run(SingleThreadEventExecutor.java:997)
	at org.apache.ratis.thirdparty.io.netty.util.internal.ThreadExecutorMap$2.run(ThreadExecutorMap.java:74)
	at org.apache.ratis.thirdparty.io.netty.util.concurrent.FastThreadLocalRunnable.run(FastThreadLocalRunnable.java:30)
	at java.base/java.lang.Thread.run(Thread.java:1583)
2025-05-13 07:43:53,126 [om1-om-CertificateRenewerService] INFO  retry.RetryInvocationHandler (RetryInvocationHandler.java:log(426)) - com.google.protobuf.ServiceException: java.net.ConnectException: Call From pkrvmberfyhpb9w/10.1.0.33 to localhost:15024 failed on connection exception: java.net.ConnectException: Connection refused; For more details see:  http://wiki.apache.org/hadoop/ConnectionRefused, while invoking $Proxy45.submitRequest over nodeId=scmNodeId,nodeAddress=localhost/127.0.0.1:15024 after 13 failover attempts. Trying to failover after sleeping for 2000ms. Current retry count: 13.
2025-05-13 07:43:55,127 [om1-om-CertificateRenewerService] INFO  retry.RetryInvocationHandler (RetryInvocationHandler.java:log(426)) - com.google.protobuf.ServiceException: java.net.ConnectException: Call From pkrvmberfyhpb9w/10.1.0.33 to localhost:15024 failed on connection exception: java.net.ConnectException: Connection refused; For more details see:  http://wiki.apache.org/hadoop/ConnectionRefused, while invoking $Proxy45.submitRequest over nodeId=scmNodeId,nodeAddress=localhost/127.0.0.1:15024 after 14 failover attempts. Trying to failover after sleeping for 2000ms. Current retry count: 14.
2025-05-13 07:43:56,434 [timer5] ERROR impl.OrderedAsync (OrderedAsync.java:lambda$null$6(215)) -  (Repeated 10 times in the last 5.001s) client-C4877CDCD2FA: Failed* RaftClientRequest:client-C4877CDCD2FA->c7e37fed-ffe8-4455-9e33-59458259ae49@group-BD937A2D3539, cid=1, seq=1*, Watch(0), null
java.util.concurrent.CompletionException: java.io.IOException: org.apache.ratis.thirdparty.io.grpc.StatusRuntimeException: UNAVAILABLE: io exception
	at java.base/java.util.concurrent.CompletableFuture.encodeThrowable(CompletableFuture.java:332)
	at java.base/java.util.concurrent.CompletableFuture.completeThrowable(CompletableFuture.java:347)
	at java.base/java.util.concurrent.CompletableFuture$UniAccept.tryFire(CompletableFuture.java:708)
	at java.base/java.util.concurrent.CompletableFuture.postComplete(CompletableFuture.java:510)
	at java.base/java.util.concurrent.CompletableFuture.completeExceptionally(CompletableFuture.java:2194)
	at org.apache.ratis.grpc.client.GrpcClientProtocolClient$AsyncStreamObservers.completeReplyExceptionally(GrpcClientProtocolClient.java:397)
	at org.apache.ratis.grpc.client.GrpcClientProtocolClient$AsyncStreamObservers.access$000(GrpcClientProtocolClient.java:303)
	at org.apache.ratis.grpc.client.GrpcClientProtocolClient$AsyncStreamObservers$1.onError(GrpcClientProtocolClient.java:334)
	at org.apache.ratis.thirdparty.io.grpc.stub.ClientCalls$StreamObserverToCallListenerAdapter.onClose(ClientCalls.java:481)
	at org.apache.ratis.thirdparty.io.grpc.PartialForwardingClientCallListener.onClose(PartialForwardingClientCallListener.java:39)
	at org.apache.ratis.thirdparty.io.grpc.ForwardingClientCallListener.onClose(ForwardingClientCallListener.java:23)
	at org.apache.ratis.grpc.metrics.intercept.client.MetricClientCallListener.onClose(MetricClientCallListener.java:47)
	at org.apache.ratis.thirdparty.io.grpc.internal.ClientCallImpl.closeObserver(ClientCallImpl.java:567)
	at org.apache.ratis.thirdparty.io.grpc.internal.ClientCallImpl.access$300(ClientCallImpl.java:71)
	at org.apache.ratis.thirdparty.io.grpc.internal.ClientCallImpl$ClientStreamListenerImpl$1StreamClosed.runInternal(ClientCallImpl.java:735)
	at org.apache.ratis.thirdparty.io.grpc.internal.ClientCallImpl$ClientStreamListenerImpl$1StreamClosed.runInContext(ClientCallImpl.java:716)
	at org.apache.ratis.thirdparty.io.grpc.internal.ContextRunnable.run(ContextRunnable.java:37)
	at org.apache.ratis.thirdparty.io.grpc.internal.SerializingExecutor.run(SerializingExecutor.java:133)
	at java.base/java.util.concurrent.ThreadPoolExecutor.runWorker(ThreadPoolExecutor.java:1144)
	at java.base/java.util.concurrent.ThreadPoolExecutor$Worker.run(ThreadPoolExecutor.java:642)
	at java.base/java.lang.Thread.run(Thread.java:1583)
Caused by: java.io.IOException: org.apache.ratis.thirdparty.io.grpc.StatusRuntimeException: UNAVAILABLE: io exception
	at org.apache.ratis.grpc.GrpcUtil.unwrapException(GrpcUtil.java:99)
	at org.apache.ratis.grpc.GrpcUtil.unwrapIOException(GrpcUtil.java:159)
	at org.apache.ratis.grpc.client.GrpcClientProtocolClient$AsyncStreamObservers$1.onError(GrpcClientProtocolClient.java:333)
	... 13 more
Caused by: org.apache.ratis.thirdparty.io.grpc.StatusRuntimeException: UNAVAILABLE: io exception
	at org.apache.ratis.thirdparty.io.grpc.Status.asRuntimeException(Status.java:537)
	... 13 more
Caused by: org.apache.ratis.thirdparty.io.netty.channel.AbstractChannel$AnnotatedConnectException: finishConnect(..) failed: Connection refused: pkrvmberfyhpb9w/10.1.0.33:15039
Caused by: java.net.ConnectException: finishConnect(..) failed: Connection refused
	at org.apache.ratis.thirdparty.io.netty.channel.unix.Errors.newConnectException0(Errors.java:166)
	at org.apache.ratis.thirdparty.io.netty.channel.unix.Errors.handleConnectErrno(Errors.java:131)
	at org.apache.ratis.thirdparty.io.netty.channel.unix.Socket.finishConnect(Socket.java:359)
	at org.apache.ratis.thirdparty.io.netty.channel.epoll.AbstractEpollChannel$AbstractEpollUnsafe.doFinishConnect(AbstractEpollChannel.java:715)
	at org.apache.ratis.thirdparty.io.netty.channel.epoll.AbstractEpollChannel$AbstractEpollUnsafe.finishConnect(AbstractEpollChannel.java:692)
	at org.apache.ratis.thirdparty.io.netty.channel.epoll.AbstractEpollChannel$AbstractEpollUnsafe.epollOutReady(AbstractEpollChannel.java:567)
	at org.apache.ratis.thirdparty.io.netty.channel.epoll.EpollEventLoop.processReady(EpollEventLoop.java:491)
	at org.apache.ratis.thirdparty.io.netty.channel.epoll.EpollEventLoop.run(EpollEventLoop.java:399)
	at org.apache.ratis.thirdparty.io.netty.util.concurrent.SingleThreadEventExecutor$4.run(SingleThreadEventExecutor.java:997)
	at org.apache.ratis.thirdparty.io.netty.util.internal.ThreadExecutorMap$2.run(ThreadExecutorMap.java:74)
	at org.apache.ratis.thirdparty.io.netty.util.concurrent.FastThreadLocalRunnable.run(FastThreadLocalRunnable.java:30)
	at java.base/java.lang.Thread.run(Thread.java:1583)
2025-05-13 07:43:56,467 [grpc-default-executor-0] ERROR impl.OrderedAsync (OrderedAsync.java:lambda$null$6(215)) -  client-C4877CDCD2FA: Failed* RaftClientRequest:client-C4877CDCD2FA->c7e37fed-ffe8-4455-9e33-59458259ae49@group-BD937A2D3539, cid=1, seq=1*, Watch(0), null
java.util.concurrent.CompletionException: java.io.IOException: org.apache.ratis.thirdparty.io.grpc.StatusRuntimeException: UNAVAILABLE: io exception
	at java.base/java.util.concurrent.CompletableFuture.encodeThrowable(CompletableFuture.java:332)
	at java.base/java.util.concurrent.CompletableFuture.completeThrowable(CompletableFuture.java:347)
	at java.base/java.util.concurrent.CompletableFuture$UniAccept.tryFire(CompletableFuture.java:708)
	at java.base/java.util.concurrent.CompletableFuture.postComplete(CompletableFuture.java:510)
	at java.base/java.util.concurrent.CompletableFuture.completeExceptionally(CompletableFuture.java:2194)
	at org.apache.ratis.grpc.client.GrpcClientProtocolClient$AsyncStreamObservers.completeReplyExceptionally(GrpcClientProtocolClient.java:397)
	at org.apache.ratis.grpc.client.GrpcClientProtocolClient$AsyncStreamObservers.access$000(GrpcClientProtocolClient.java:303)
	at org.apache.ratis.grpc.client.GrpcClientProtocolClient$AsyncStreamObservers$1.onError(GrpcClientProtocolClient.java:334)
	at org.apache.ratis.thirdparty.io.grpc.stub.ClientCalls$StreamObserverToCallListenerAdapter.onClose(ClientCalls.java:481)
	at org.apache.ratis.thirdparty.io.grpc.PartialForwardingClientCallListener.onClose(PartialForwardingClientCallListener.java:39)
	at org.apache.ratis.thirdparty.io.grpc.ForwardingClientCallListener.onClose(ForwardingClientCallListener.java:23)
	at org.apache.ratis.grpc.metrics.intercept.client.MetricClientCallListener.onClose(MetricClientCallListener.java:47)
	at org.apache.ratis.thirdparty.io.grpc.internal.ClientCallImpl.closeObserver(ClientCallImpl.java:567)
	at org.apache.ratis.thirdparty.io.grpc.internal.ClientCallImpl.access$300(ClientCallImpl.java:71)
	at org.apache.ratis.thirdparty.io.grpc.internal.ClientCallImpl$ClientStreamListenerImpl$1StreamClosed.runInternal(ClientCallImpl.java:735)
	at org.apache.ratis.thirdparty.io.grpc.internal.ClientCallImpl$ClientStreamListenerImpl$1StreamClosed.runInContext(ClientCallImpl.java:716)
	at org.apache.ratis.thirdparty.io.grpc.internal.ContextRunnable.run(ContextRunnable.java:37)
	at org.apache.ratis.thirdparty.io.grpc.internal.SerializingExecutor.run(SerializingExecutor.java:133)
	at java.base/java.util.concurrent.ThreadPoolExecutor.runWorker(ThreadPoolExecutor.java:1144)
	at java.base/java.util.concurrent.ThreadPoolExecutor$Worker.run(ThreadPoolExecutor.java:642)
	at java.base/java.lang.Thread.run(Thread.java:1583)
Caused by: java.io.IOException: org.apache.ratis.thirdparty.io.grpc.StatusRuntimeException: UNAVAILABLE: io exception
	at org.apache.ratis.grpc.GrpcUtil.unwrapException(GrpcUtil.java:99)
	at org.apache.ratis.grpc.GrpcUtil.unwrapIOException(GrpcUtil.java:159)
	at org.apache.ratis.grpc.client.GrpcClientProtocolClient$AsyncStreamObservers$1.onError(GrpcClientProtocolClient.java:333)
	... 13 more
Caused by: org.apache.ratis.thirdparty.io.grpc.StatusRuntimeException: UNAVAILABLE: io exception
	at org.apache.ratis.thirdparty.io.grpc.Status.asRuntimeException(Status.java:537)
	... 13 more
Caused by: org.apache.ratis.thirdparty.io.netty.channel.AbstractChannel$AnnotatedConnectException: finishConnect(..) failed: Connection refused: pkrvmberfyhpb9w/10.1.0.33:15039
Caused by: java.net.ConnectException: finishConnect(..) failed: Connection refused
	at org.apache.ratis.thirdparty.io.netty.channel.unix.Errors.newConnectException0(Errors.java:166)
	at org.apache.ratis.thirdparty.io.netty.channel.unix.Errors.handleConnectErrno(Errors.java:131)
	at org.apache.ratis.thirdparty.io.netty.channel.unix.Socket.finishConnect(Socket.java:359)
	at org.apache.ratis.thirdparty.io.netty.channel.epoll.AbstractEpollChannel$AbstractEpollUnsafe.doFinishConnect(AbstractEpollChannel.java:715)
	at org.apache.ratis.thirdparty.io.netty.channel.epoll.AbstractEpollChannel$AbstractEpollUnsafe.finishConnect(AbstractEpollChannel.java:692)
	at org.apache.ratis.thirdparty.io.netty.channel.epoll.AbstractEpollChannel$AbstractEpollUnsafe.epollOutReady(AbstractEpollChannel.java:567)
	at org.apache.ratis.thirdparty.io.netty.channel.epoll.EpollEventLoop.processReady(EpollEventLoop.java:491)
	at org.apache.ratis.thirdparty.io.netty.channel.epoll.EpollEventLoop.run(EpollEventLoop.java:399)
	at org.apache.ratis.thirdparty.io.netty.util.concurrent.SingleThreadEventExecutor$4.run(SingleThreadEventExecutor.java:997)
	at org.apache.ratis.thirdparty.io.netty.util.internal.ThreadExecutorMap$2.run(ThreadExecutorMap.java:74)
	at org.apache.ratis.thirdparty.io.netty.util.concurrent.FastThreadLocalRunnable.run(FastThreadLocalRunnable.java:30)
	at java.base/java.lang.Thread.run(Thread.java:1583)
2025-05-13 07:43:57,128 [om1-om-CertificateRenewerService] INFO  retry.RetryInvocationHandler (RetryInvocationHandler.java:log(426)) - com.google.protobuf.ServiceException: java.net.ConnectException: Call From pkrvmberfyhpb9w/10.1.0.33 to localhost:15024 failed on connection exception: java.net.ConnectException: Connection refused; For more details see:  http://wiki.apache.org/hadoop/ConnectionRefused, while invoking $Proxy45.submitRequest over nodeId=scmNodeId,nodeAddress=localhost/127.0.0.1:15024 after 15 failover attempts. Trying to failover after sleeping for 2000ms. Current retry count: 15.
2025-05-13 07:43:59,132 [om1-om-CertificateRenewerService] INFO  retry.RetryInvocationHandler (RetryInvocationHandler.java:log(426)) - com.google.protobuf.ServiceException: java.net.ConnectException: Call From pkrvmberfyhpb9w/10.1.0.33 to localhost:15024 failed on connection exception: java.net.ConnectException: Connection refused; For more details see:  http://wiki.apache.org/hadoop/ConnectionRefused, while invoking $Proxy45.submitRequest over nodeId=scmNodeId,nodeAddress=localhost/127.0.0.1:15024 after 16 failover attempts. Trying to failover after sleeping for 2000ms. Current retry count: 16.
2025-05-13 07:44:01,133 [om1-om-CertificateRenewerService] INFO  retry.RetryInvocationHandler (RetryInvocationHandler.java:log(426)) - com.google.protobuf.ServiceException: java.net.ConnectException: Call From pkrvmberfyhpb9w/10.1.0.33 to localhost:15024 failed on connection exception: java.net.ConnectException: Connection refused; For more details see:  http://wiki.apache.org/hadoop/ConnectionRefused, while invoking $Proxy45.submitRequest over nodeId=scmNodeId,nodeAddress=localhost/127.0.0.1:15024 after 17 failover attempts. Trying to failover after sleeping for 2000ms. Current retry count: 17.
2025-05-13 07:44:01,468 [timer5] ERROR impl.OrderedAsync (OrderedAsync.java:lambda$null$6(215)) -  (Repeated 10 times in the last 5.000s) client-C4877CDCD2FA: Failed* RaftClientRequest:client-C4877CDCD2FA->c7e37fed-ffe8-4455-9e33-59458259ae49@group-BD937A2D3539, cid=1, seq=1*, Watch(0), null
java.util.concurrent.CompletionException: java.io.IOException: org.apache.ratis.thirdparty.io.grpc.StatusRuntimeException: UNAVAILABLE: io exception
	at java.base/java.util.concurrent.CompletableFuture.encodeThrowable(CompletableFuture.java:332)
	at java.base/java.util.concurrent.CompletableFuture.completeThrowable(CompletableFuture.java:347)
	at java.base/java.util.concurrent.CompletableFuture$UniAccept.tryFire(CompletableFuture.java:708)
	at java.base/java.util.concurrent.CompletableFuture.postComplete(CompletableFuture.java:510)
	at java.base/java.util.concurrent.CompletableFuture.completeExceptionally(CompletableFuture.java:2194)
	at org.apache.ratis.grpc.client.GrpcClientProtocolClient$AsyncStreamObservers.completeReplyExceptionally(GrpcClientProtocolClient.java:397)
	at org.apache.ratis.grpc.client.GrpcClientProtocolClient$AsyncStreamObservers.access$000(GrpcClientProtocolClient.java:303)
	at org.apache.ratis.grpc.client.GrpcClientProtocolClient$AsyncStreamObservers$1.onError(GrpcClientProtocolClient.java:334)
	at org.apache.ratis.thirdparty.io.grpc.stub.ClientCalls$StreamObserverToCallListenerAdapter.onClose(ClientCalls.java:481)
	at org.apache.ratis.thirdparty.io.grpc.PartialForwardingClientCallListener.onClose(PartialForwardingClientCallListener.java:39)
	at org.apache.ratis.thirdparty.io.grpc.ForwardingClientCallListener.onClose(ForwardingClientCallListener.java:23)
	at org.apache.ratis.grpc.metrics.intercept.client.MetricClientCallListener.onClose(MetricClientCallListener.java:47)
	at org.apache.ratis.thirdparty.io.grpc.internal.ClientCallImpl.closeObserver(ClientCallImpl.java:567)
	at org.apache.ratis.thirdparty.io.grpc.internal.ClientCallImpl.access$300(ClientCallImpl.java:71)
	at org.apache.ratis.thirdparty.io.grpc.internal.ClientCallImpl$ClientStreamListenerImpl$1StreamClosed.runInternal(ClientCallImpl.java:735)
	at org.apache.ratis.thirdparty.io.grpc.internal.ClientCallImpl$ClientStreamListenerImpl$1StreamClosed.runInContext(ClientCallImpl.java:716)
	at org.apache.ratis.thirdparty.io.grpc.internal.ContextRunnable.run(ContextRunnable.java:37)
	at org.apache.ratis.thirdparty.io.grpc.internal.SerializingExecutor.run(SerializingExecutor.java:133)
	at java.base/java.util.concurrent.ThreadPoolExecutor.runWorker(ThreadPoolExecutor.java:1144)
	at java.base/java.util.concurrent.ThreadPoolExecutor$Worker.run(ThreadPoolExecutor.java:642)
	at java.base/java.lang.Thread.run(Thread.java:1583)
Caused by: java.io.IOException: org.apache.ratis.thirdparty.io.grpc.StatusRuntimeException: UNAVAILABLE: io exception
	at org.apache.ratis.grpc.GrpcUtil.unwrapException(GrpcUtil.java:99)
	at org.apache.ratis.grpc.GrpcUtil.unwrapIOException(GrpcUtil.java:159)
	at org.apache.ratis.grpc.client.GrpcClientProtocolClient$AsyncStreamObservers$1.onError(GrpcClientProtocolClient.java:333)
	... 13 more
Caused by: org.apache.ratis.thirdparty.io.grpc.StatusRuntimeException: UNAVAILABLE: io exception
	at org.apache.ratis.thirdparty.io.grpc.Status.asRuntimeException(Status.java:537)
	... 13 more
Caused by: org.apache.ratis.thirdparty.io.netty.channel.AbstractChannel$AnnotatedConnectException: finishConnect(..) failed: Connection refused: pkrvmberfyhpb9w/10.1.0.33:15039
Caused by: java.net.ConnectException: finishConnect(..) failed: Connection refused
	at org.apache.ratis.thirdparty.io.netty.channel.unix.Errors.newConnectException0(Errors.java:166)
	at org.apache.ratis.thirdparty.io.netty.channel.unix.Errors.handleConnectErrno(Errors.java:131)
	at org.apache.ratis.thirdparty.io.netty.channel.unix.Socket.finishConnect(Socket.java:359)
	at org.apache.ratis.thirdparty.io.netty.channel.epoll.AbstractEpollChannel$AbstractEpollUnsafe.doFinishConnect(AbstractEpollChannel.java:715)
	at org.apache.ratis.thirdparty.io.netty.channel.epoll.AbstractEpollChannel$AbstractEpollUnsafe.finishConnect(AbstractEpollChannel.java:692)
	at org.apache.ratis.thirdparty.io.netty.channel.epoll.AbstractEpollChannel$AbstractEpollUnsafe.epollOutReady(AbstractEpollChannel.java:567)
	at org.apache.ratis.thirdparty.io.netty.channel.epoll.EpollEventLoop.processReady(EpollEventLoop.java:491)
	at org.apache.ratis.thirdparty.io.netty.channel.epoll.EpollEventLoop.run(EpollEventLoop.java:399)
	at org.apache.ratis.thirdparty.io.netty.util.concurrent.SingleThreadEventExecutor$4.run(SingleThreadEventExecutor.java:997)
	at org.apache.ratis.thirdparty.io.netty.util.internal.ThreadExecutorMap$2.run(ThreadExecutorMap.java:74)
	at org.apache.ratis.thirdparty.io.netty.util.concurrent.FastThreadLocalRunnable.run(FastThreadLocalRunnable.java:30)
	at java.base/java.lang.Thread.run(Thread.java:1583)
2025-05-13 07:44:01,503 [grpc-default-executor-0] ERROR impl.OrderedAsync (OrderedAsync.java:lambda$null$6(215)) -  client-C4877CDCD2FA: Failed* RaftClientRequest:client-C4877CDCD2FA->c7e37fed-ffe8-4455-9e33-59458259ae49@group-BD937A2D3539, cid=1, seq=1*, Watch(0), null
java.util.concurrent.CompletionException: java.io.IOException: org.apache.ratis.thirdparty.io.grpc.StatusRuntimeException: UNAVAILABLE: io exception
	at java.base/java.util.concurrent.CompletableFuture.encodeThrowable(CompletableFuture.java:332)
	at java.base/java.util.concurrent.CompletableFuture.completeThrowable(CompletableFuture.java:347)
	at java.base/java.util.concurrent.CompletableFuture$UniAccept.tryFire(CompletableFuture.java:708)
	at java.base/java.util.concurrent.CompletableFuture.postComplete(CompletableFuture.java:510)
	at java.base/java.util.concurrent.CompletableFuture.completeExceptionally(CompletableFuture.java:2194)
	at org.apache.ratis.grpc.client.GrpcClientProtocolClient$AsyncStreamObservers.completeReplyExceptionally(GrpcClientProtocolClient.java:397)
	at org.apache.ratis.grpc.client.GrpcClientProtocolClient$AsyncStreamObservers.access$000(GrpcClientProtocolClient.java:303)
	at org.apache.ratis.grpc.client.GrpcClientProtocolClient$AsyncStreamObservers$1.onError(GrpcClientProtocolClient.java:334)
	at org.apache.ratis.thirdparty.io.grpc.stub.ClientCalls$StreamObserverToCallListenerAdapter.onClose(ClientCalls.java:481)
	at org.apache.ratis.thirdparty.io.grpc.PartialForwardingClientCallListener.onClose(PartialForwardingClientCallListener.java:39)
	at org.apache.ratis.thirdparty.io.grpc.ForwardingClientCallListener.onClose(ForwardingClientCallListener.java:23)
	at org.apache.ratis.grpc.metrics.intercept.client.MetricClientCallListener.onClose(MetricClientCallListener.java:47)
	at org.apache.ratis.thirdparty.io.grpc.internal.DelayedClientCall$DelayedListener$3.run(DelayedClientCall.java:489)
	at org.apache.ratis.thirdparty.io.grpc.internal.DelayedClientCall$DelayedListener.delayOrExecute(DelayedClientCall.java:453)
	at org.apache.ratis.thirdparty.io.grpc.internal.DelayedClientCall$DelayedListener.onClose(DelayedClientCall.java:486)
	at org.apache.ratis.thirdparty.io.grpc.internal.ClientCallImpl.closeObserver(ClientCallImpl.java:567)
	at org.apache.ratis.thirdparty.io.grpc.internal.ClientCallImpl.access$300(ClientCallImpl.java:71)
	at org.apache.ratis.thirdparty.io.grpc.internal.ClientCallImpl$ClientStreamListenerImpl$1StreamClosed.runInternal(ClientCallImpl.java:735)
	at org.apache.ratis.thirdparty.io.grpc.internal.ClientCallImpl$ClientStreamListenerImpl$1StreamClosed.runInContext(ClientCallImpl.java:716)
	at org.apache.ratis.thirdparty.io.grpc.internal.ContextRunnable.run(ContextRunnable.java:37)
	at org.apache.ratis.thirdparty.io.grpc.internal.SerializingExecutor.run(SerializingExecutor.java:133)
	at java.base/java.util.concurrent.ThreadPoolExecutor.runWorker(ThreadPoolExecutor.java:1144)
	at java.base/java.util.concurrent.ThreadPoolExecutor$Worker.run(ThreadPoolExecutor.java:642)
	at java.base/java.lang.Thread.run(Thread.java:1583)
Caused by: java.io.IOException: org.apache.ratis.thirdparty.io.grpc.StatusRuntimeException: UNAVAILABLE: io exception
	at org.apache.ratis.grpc.GrpcUtil.unwrapException(GrpcUtil.java:99)
	at org.apache.ratis.grpc.GrpcUtil.unwrapIOException(GrpcUtil.java:159)
	at org.apache.ratis.grpc.client.GrpcClientProtocolClient$AsyncStreamObservers$1.onError(GrpcClientProtocolClient.java:333)
	... 16 more
Caused by: org.apache.ratis.thirdparty.io.grpc.StatusRuntimeException: UNAVAILABLE: io exception
	at org.apache.ratis.thirdparty.io.grpc.Status.asRuntimeException(Status.java:537)
	... 16 more
Caused by: org.apache.ratis.thirdparty.io.netty.channel.AbstractChannel$AnnotatedConnectException: finishConnect(..) failed: Connection refused: pkrvmberfyhpb9w/10.1.0.33:15039
Caused by: java.net.ConnectException: finishConnect(..) failed: Connection refused
	at org.apache.ratis.thirdparty.io.netty.channel.unix.Errors.newConnectException0(Errors.java:166)
	at org.apache.ratis.thirdparty.io.netty.channel.unix.Errors.handleConnectErrno(Errors.java:131)
	at org.apache.ratis.thirdparty.io.netty.channel.unix.Socket.finishConnect(Socket.java:359)
	at org.apache.ratis.thirdparty.io.netty.channel.epoll.AbstractEpollChannel$AbstractEpollUnsafe.doFinishConnect(AbstractEpollChannel.java:715)
	at org.apache.ratis.thirdparty.io.netty.channel.epoll.AbstractEpollChannel$AbstractEpollUnsafe.finishConnect(AbstractEpollChannel.java:692)
	at org.apache.ratis.thirdparty.io.netty.channel.epoll.AbstractEpollChannel$AbstractEpollUnsafe.epollOutReady(AbstractEpollChannel.java:567)
	at org.apache.ratis.thirdparty.io.netty.channel.epoll.EpollEventLoop.processReady(EpollEventLoop.java:491)
	at org.apache.ratis.thirdparty.io.netty.channel.epoll.EpollEventLoop.run(EpollEventLoop.java:399)
	at org.apache.ratis.thirdparty.io.netty.util.concurrent.SingleThreadEventExecutor$4.run(SingleThreadEventExecutor.java:997)
	at org.apache.ratis.thirdparty.io.netty.util.internal.ThreadExecutorMap$2.run(ThreadExecutorMap.java:74)
	at org.apache.ratis.thirdparty.io.netty.util.concurrent.FastThreadLocalRunnable.run(FastThreadLocalRunnable.java:30)
	at java.base/java.lang.Thread.run(Thread.java:1583)
2025-05-13 07:44:03,134 [om1-om-CertificateRenewerService] INFO  retry.RetryInvocationHandler (RetryInvocationHandler.java:log(426)) - com.google.protobuf.ServiceException: java.net.ConnectException: Call From pkrvmberfyhpb9w/10.1.0.33 to localhost:15024 failed on connection exception: java.net.ConnectException: Connection refused; For more details see:  http://wiki.apache.org/hadoop/ConnectionRefused, while invoking $Proxy45.submitRequest over nodeId=scmNodeId,nodeAddress=localhost/127.0.0.1:15024 after 18 failover attempts. Trying to failover after sleeping for 2000ms. Current retry count: 18.
2025-05-13 07:44:05,138 [om1-om-CertificateRenewerService] INFO  retry.RetryInvocationHandler (RetryInvocationHandler.java:log(426)) - com.google.protobuf.ServiceException: java.net.ConnectException: Call From pkrvmberfyhpb9w/10.1.0.33 to localhost:15024 failed on connection exception: java.net.ConnectException: Connection refused; For more details see:  http://wiki.apache.org/hadoop/ConnectionRefused, while invoking $Proxy45.submitRequest over nodeId=scmNodeId,nodeAddress=localhost/127.0.0.1:15024 after 19 failover attempts. Trying to failover after sleeping for 2000ms. Current retry count: 19.
2025-05-13 07:44:06,503 [timer5] ERROR impl.OrderedAsync (OrderedAsync.java:lambda$null$6(215)) -  (Repeated 10 times in the last 5.000s) client-C4877CDCD2FA: Failed* RaftClientRequest:client-C4877CDCD2FA->c7e37fed-ffe8-4455-9e33-59458259ae49@group-BD937A2D3539, cid=1, seq=1*, Watch(0), null
java.util.concurrent.CompletionException: java.io.IOException: org.apache.ratis.thirdparty.io.grpc.StatusRuntimeException: UNAVAILABLE: io exception
	at java.base/java.util.concurrent.CompletableFuture.encodeThrowable(CompletableFuture.java:332)
	at java.base/java.util.concurrent.CompletableFuture.completeThrowable(CompletableFuture.java:347)
	at java.base/java.util.concurrent.CompletableFuture$UniAccept.tryFire(CompletableFuture.java:708)
	at java.base/java.util.concurrent.CompletableFuture.postComplete(CompletableFuture.java:510)
	at java.base/java.util.concurrent.CompletableFuture.completeExceptionally(CompletableFuture.java:2194)
	at org.apache.ratis.grpc.client.GrpcClientProtocolClient$AsyncStreamObservers.completeReplyExceptionally(GrpcClientProtocolClient.java:397)
	at org.apache.ratis.grpc.client.GrpcClientProtocolClient$AsyncStreamObservers.access$000(GrpcClientProtocolClient.java:303)
	at org.apache.ratis.grpc.client.GrpcClientProtocolClient$AsyncStreamObservers$1.onError(GrpcClientProtocolClient.java:334)
	at org.apache.ratis.thirdparty.io.grpc.stub.ClientCalls$StreamObserverToCallListenerAdapter.onClose(ClientCalls.java:481)
	at org.apache.ratis.thirdparty.io.grpc.PartialForwardingClientCallListener.onClose(PartialForwardingClientCallListener.java:39)
	at org.apache.ratis.thirdparty.io.grpc.ForwardingClientCallListener.onClose(ForwardingClientCallListener.java:23)
	at org.apache.ratis.grpc.metrics.intercept.client.MetricClientCallListener.onClose(MetricClientCallListener.java:47)
	at org.apache.ratis.thirdparty.io.grpc.internal.DelayedClientCall$DelayedListener$3.run(DelayedClientCall.java:489)
	at org.apache.ratis.thirdparty.io.grpc.internal.DelayedClientCall$DelayedListener.delayOrExecute(DelayedClientCall.java:453)
	at org.apache.ratis.thirdparty.io.grpc.internal.DelayedClientCall$DelayedListener.onClose(DelayedClientCall.java:486)
	at org.apache.ratis.thirdparty.io.grpc.internal.ClientCallImpl.closeObserver(ClientCallImpl.java:567)
	at org.apache.ratis.thirdparty.io.grpc.internal.ClientCallImpl.access$300(ClientCallImpl.java:71)
	at org.apache.ratis.thirdparty.io.grpc.internal.ClientCallImpl$ClientStreamListenerImpl$1StreamClosed.runInternal(ClientCallImpl.java:735)
	at org.apache.ratis.thirdparty.io.grpc.internal.ClientCallImpl$ClientStreamListenerImpl$1StreamClosed.runInContext(ClientCallImpl.java:716)
	at org.apache.ratis.thirdparty.io.grpc.internal.ContextRunnable.run(ContextRunnable.java:37)
	at org.apache.ratis.thirdparty.io.grpc.internal.SerializingExecutor.run(SerializingExecutor.java:133)
	at java.base/java.util.concurrent.ThreadPoolExecutor.runWorker(ThreadPoolExecutor.java:1144)
	at java.base/java.util.concurrent.ThreadPoolExecutor$Worker.run(ThreadPoolExecutor.java:642)
	at java.base/java.lang.Thread.run(Thread.java:1583)
Caused by: java.io.IOException: org.apache.ratis.thirdparty.io.grpc.StatusRuntimeException: UNAVAILABLE: io exception
	at org.apache.ratis.grpc.GrpcUtil.unwrapException(GrpcUtil.java:99)
	at org.apache.ratis.grpc.GrpcUtil.unwrapIOException(GrpcUtil.java:159)
	at org.apache.ratis.grpc.client.GrpcClientProtocolClient$AsyncStreamObservers$1.onError(GrpcClientProtocolClient.java:333)
	... 16 more
Caused by: org.apache.ratis.thirdparty.io.grpc.StatusRuntimeException: UNAVAILABLE: io exception
	at org.apache.ratis.thirdparty.io.grpc.Status.asRuntimeException(Status.java:537)
	... 16 more
Caused by: org.apache.ratis.thirdparty.io.netty.channel.AbstractChannel$AnnotatedConnectException: finishConnect(..) failed: Connection refused: pkrvmberfyhpb9w/10.1.0.33:15039
Caused by: java.net.ConnectException: finishConnect(..) failed: Connection refused
	at org.apache.ratis.thirdparty.io.netty.channel.unix.Errors.newConnectException0(Errors.java:166)
	at org.apache.ratis.thirdparty.io.netty.channel.unix.Errors.handleConnectErrno(Errors.java:131)
	at org.apache.ratis.thirdparty.io.netty.channel.unix.Socket.finishConnect(Socket.java:359)
	at org.apache.ratis.thirdparty.io.netty.channel.epoll.AbstractEpollChannel$AbstractEpollUnsafe.doFinishConnect(AbstractEpollChannel.java:715)
	at org.apache.ratis.thirdparty.io.netty.channel.epoll.AbstractEpollChannel$AbstractEpollUnsafe.finishConnect(AbstractEpollChannel.java:692)
	at org.apache.ratis.thirdparty.io.netty.channel.epoll.AbstractEpollChannel$AbstractEpollUnsafe.epollOutReady(AbstractEpollChannel.java:567)
	at org.apache.ratis.thirdparty.io.netty.channel.epoll.EpollEventLoop.processReady(EpollEventLoop.java:491)
	at org.apache.ratis.thirdparty.io.netty.channel.epoll.EpollEventLoop.run(EpollEventLoop.java:399)
	at org.apache.ratis.thirdparty.io.netty.util.concurrent.SingleThreadEventExecutor$4.run(SingleThreadEventExecutor.java:997)
	at org.apache.ratis.thirdparty.io.netty.util.internal.ThreadExecutorMap$2.run(ThreadExecutorMap.java:74)
	at org.apache.ratis.thirdparty.io.netty.util.concurrent.FastThreadLocalRunnable.run(FastThreadLocalRunnable.java:30)
	at java.base/java.lang.Thread.run(Thread.java:1583)
2025-05-13 07:44:06,536 [grpc-default-executor-1] ERROR impl.OrderedAsync (OrderedAsync.java:lambda$null$6(215)) -  client-C4877CDCD2FA: Failed* RaftClientRequest:client-C4877CDCD2FA->c7e37fed-ffe8-4455-9e33-59458259ae49@group-BD937A2D3539, cid=1, seq=1*, Watch(0), null
java.util.concurrent.CompletionException: java.io.IOException: org.apache.ratis.thirdparty.io.grpc.StatusRuntimeException: UNAVAILABLE: io exception
	at java.base/java.util.concurrent.CompletableFuture.encodeThrowable(CompletableFuture.java:332)
	at java.base/java.util.concurrent.CompletableFuture.completeThrowable(CompletableFuture.java:347)
	at java.base/java.util.concurrent.CompletableFuture$UniAccept.tryFire(CompletableFuture.java:708)
	at java.base/java.util.concurrent.CompletableFuture.postComplete(CompletableFuture.java:510)
	at java.base/java.util.concurrent.CompletableFuture.completeExceptionally(CompletableFuture.java:2194)
	at org.apache.ratis.grpc.client.GrpcClientProtocolClient$AsyncStreamObservers.completeReplyExceptionally(GrpcClientProtocolClient.java:397)
	at org.apache.ratis.grpc.client.GrpcClientProtocolClient$AsyncStreamObservers.access$000(GrpcClientProtocolClient.java:303)
	at org.apache.ratis.grpc.client.GrpcClientProtocolClient$AsyncStreamObservers$1.onError(GrpcClientProtocolClient.java:334)
	at org.apache.ratis.thirdparty.io.grpc.stub.ClientCalls$StreamObserverToCallListenerAdapter.onClose(ClientCalls.java:481)
	at org.apache.ratis.thirdparty.io.grpc.PartialForwardingClientCallListener.onClose(PartialForwardingClientCallListener.java:39)
	at org.apache.ratis.thirdparty.io.grpc.ForwardingClientCallListener.onClose(ForwardingClientCallListener.java:23)
	at org.apache.ratis.grpc.metrics.intercept.client.MetricClientCallListener.onClose(MetricClientCallListener.java:47)
	at org.apache.ratis.thirdparty.io.grpc.internal.DelayedClientCall$DelayedListener$3.run(DelayedClientCall.java:489)
	at org.apache.ratis.thirdparty.io.grpc.internal.DelayedClientCall$DelayedListener.delayOrExecute(DelayedClientCall.java:453)
	at org.apache.ratis.thirdparty.io.grpc.internal.DelayedClientCall$DelayedListener.onClose(DelayedClientCall.java:486)
	at org.apache.ratis.thirdparty.io.grpc.internal.ClientCallImpl.closeObserver(ClientCallImpl.java:567)
	at org.apache.ratis.thirdparty.io.grpc.internal.ClientCallImpl.access$300(ClientCallImpl.java:71)
	at org.apache.ratis.thirdparty.io.grpc.internal.ClientCallImpl$ClientStreamListenerImpl$1StreamClosed.runInternal(ClientCallImpl.java:735)
	at org.apache.ratis.thirdparty.io.grpc.internal.ClientCallImpl$ClientStreamListenerImpl$1StreamClosed.runInContext(ClientCallImpl.java:716)
	at org.apache.ratis.thirdparty.io.grpc.internal.ContextRunnable.run(ContextRunnable.java:37)
	at org.apache.ratis.thirdparty.io.grpc.internal.SerializingExecutor.run(SerializingExecutor.java:133)
	at java.base/java.util.concurrent.ThreadPoolExecutor.runWorker(ThreadPoolExecutor.java:1144)
	at java.base/java.util.concurrent.ThreadPoolExecutor$Worker.run(ThreadPoolExecutor.java:642)
	at java.base/java.lang.Thread.run(Thread.java:1583)
Caused by: java.io.IOException: org.apache.ratis.thirdparty.io.grpc.StatusRuntimeException: UNAVAILABLE: io exception
	at org.apache.ratis.grpc.GrpcUtil.unwrapException(GrpcUtil.java:99)
	at org.apache.ratis.grpc.GrpcUtil.unwrapIOException(GrpcUtil.java:159)
	at org.apache.ratis.grpc.client.GrpcClientProtocolClient$AsyncStreamObservers$1.onError(GrpcClientProtocolClient.java:333)
	... 16 more
Caused by: org.apache.ratis.thirdparty.io.grpc.StatusRuntimeException: UNAVAILABLE: io exception
	at org.apache.ratis.thirdparty.io.grpc.Status.asRuntimeException(Status.java:537)
	... 16 more
Caused by: org.apache.ratis.thirdparty.io.netty.channel.AbstractChannel$AnnotatedConnectException: finishConnect(..) failed: Connection refused: pkrvmberfyhpb9w/10.1.0.33:15039
Caused by: java.net.ConnectException: finishConnect(..) failed: Connection refused
	at org.apache.ratis.thirdparty.io.netty.channel.unix.Errors.newConnectException0(Errors.java:166)
	at org.apache.ratis.thirdparty.io.netty.channel.unix.Errors.handleConnectErrno(Errors.java:131)
	at org.apache.ratis.thirdparty.io.netty.channel.unix.Socket.finishConnect(Socket.java:359)
	at org.apache.ratis.thirdparty.io.netty.channel.epoll.AbstractEpollChannel$AbstractEpollUnsafe.doFinishConnect(AbstractEpollChannel.java:715)
	at org.apache.ratis.thirdparty.io.netty.channel.epoll.AbstractEpollChannel$AbstractEpollUnsafe.finishConnect(AbstractEpollChannel.java:692)
	at org.apache.ratis.thirdparty.io.netty.channel.epoll.AbstractEpollChannel$AbstractEpollUnsafe.epollOutReady(AbstractEpollChannel.java:567)
	at org.apache.ratis.thirdparty.io.netty.channel.epoll.EpollEventLoop.processReady(EpollEventLoop.java:491)
	at org.apache.ratis.thirdparty.io.netty.channel.epoll.EpollEventLoop.run(EpollEventLoop.java:399)
	at org.apache.ratis.thirdparty.io.netty.util.concurrent.SingleThreadEventExecutor$4.run(SingleThreadEventExecutor.java:997)
	at org.apache.ratis.thirdparty.io.netty.util.internal.ThreadExecutorMap$2.run(ThreadExecutorMap.java:74)
	at org.apache.ratis.thirdparty.io.netty.util.concurrent.FastThreadLocalRunnable.run(FastThreadLocalRunnable.java:30)
	at java.base/java.lang.Thread.run(Thread.java:1583)
2025-05-13 07:44:07,139 [om1-om-CertificateRenewerService] INFO  retry.RetryInvocationHandler (RetryInvocationHandler.java:log(426)) - com.google.protobuf.ServiceException: java.net.ConnectException: Call From pkrvmberfyhpb9w/10.1.0.33 to localhost:15024 failed on connection exception: java.net.ConnectException: Connection refused; For more details see:  http://wiki.apache.org/hadoop/ConnectionRefused, while invoking $Proxy45.submitRequest over nodeId=scmNodeId,nodeAddress=localhost/127.0.0.1:15024 after 20 failover attempts. Trying to failover after sleeping for 2000ms. Current retry count: 20.
2025-05-13 07:44:09,140 [om1-om-CertificateRenewerService] INFO  retry.RetryInvocationHandler (RetryInvocationHandler.java:log(426)) - com.google.protobuf.ServiceException: java.net.ConnectException: Call From pkrvmberfyhpb9w/10.1.0.33 to localhost:15024 failed on connection exception: java.net.ConnectException: Connection refused; For more details see:  http://wiki.apache.org/hadoop/ConnectionRefused, while invoking $Proxy45.submitRequest over nodeId=scmNodeId,nodeAddress=localhost/127.0.0.1:15024 after 21 failover attempts. Trying to failover after sleeping for 2000ms. Current retry count: 21.
2025-05-13 07:44:11,144 [om1-om-CertificateRenewerService] INFO  retry.RetryInvocationHandler (RetryInvocationHandler.java:log(426)) - com.google.protobuf.ServiceException: java.net.ConnectException: Call From pkrvmberfyhpb9w/10.1.0.33 to localhost:15024 failed on connection exception: java.net.ConnectException: Connection refused; For more details see:  http://wiki.apache.org/hadoop/ConnectionRefused, while invoking $Proxy45.submitRequest over nodeId=scmNodeId,nodeAddress=localhost/127.0.0.1:15024 after 22 failover attempts. Trying to failover after sleeping for 2000ms. Current retry count: 22.
2025-05-13 07:44:11,536 [timer5] ERROR impl.OrderedAsync (OrderedAsync.java:lambda$null$6(215)) -  (Repeated 10 times in the last 5.000s) client-C4877CDCD2FA: Failed* RaftClientRequest:client-C4877CDCD2FA->c7e37fed-ffe8-4455-9e33-59458259ae49@group-BD937A2D3539, cid=1, seq=1*, Watch(0), null
java.util.concurrent.CompletionException: java.io.IOException: org.apache.ratis.thirdparty.io.grpc.StatusRuntimeException: UNAVAILABLE: io exception
	at java.base/java.util.concurrent.CompletableFuture.encodeThrowable(CompletableFuture.java:332)
	at java.base/java.util.concurrent.CompletableFuture.completeThrowable(CompletableFuture.java:347)
	at java.base/java.util.concurrent.CompletableFuture$UniAccept.tryFire(CompletableFuture.java:708)
	at java.base/java.util.concurrent.CompletableFuture.postComplete(CompletableFuture.java:510)
	at java.base/java.util.concurrent.CompletableFuture.completeExceptionally(CompletableFuture.java:2194)
	at org.apache.ratis.grpc.client.GrpcClientProtocolClient$AsyncStreamObservers.completeReplyExceptionally(GrpcClientProtocolClient.java:397)
	at org.apache.ratis.grpc.client.GrpcClientProtocolClient$AsyncStreamObservers.access$000(GrpcClientProtocolClient.java:303)
	at org.apache.ratis.grpc.client.GrpcClientProtocolClient$AsyncStreamObservers$1.onError(GrpcClientProtocolClient.java:334)
	at org.apache.ratis.thirdparty.io.grpc.stub.ClientCalls$StreamObserverToCallListenerAdapter.onClose(ClientCalls.java:481)
	at org.apache.ratis.thirdparty.io.grpc.PartialForwardingClientCallListener.onClose(PartialForwardingClientCallListener.java:39)
	at org.apache.ratis.thirdparty.io.grpc.ForwardingClientCallListener.onClose(ForwardingClientCallListener.java:23)
	at org.apache.ratis.grpc.metrics.intercept.client.MetricClientCallListener.onClose(MetricClientCallListener.java:47)
	at org.apache.ratis.thirdparty.io.grpc.internal.ClientCallImpl.closeObserver(ClientCallImpl.java:567)
	at org.apache.ratis.thirdparty.io.grpc.internal.ClientCallImpl.access$300(ClientCallImpl.java:71)
	at org.apache.ratis.thirdparty.io.grpc.internal.ClientCallImpl$ClientStreamListenerImpl$1StreamClosed.runInternal(ClientCallImpl.java:735)
	at org.apache.ratis.thirdparty.io.grpc.internal.ClientCallImpl$ClientStreamListenerImpl$1StreamClosed.runInContext(ClientCallImpl.java:716)
	at org.apache.ratis.thirdparty.io.grpc.internal.ContextRunnable.run(ContextRunnable.java:37)
	at org.apache.ratis.thirdparty.io.grpc.internal.SerializingExecutor.run(SerializingExecutor.java:133)
	at java.base/java.util.concurrent.ThreadPoolExecutor.runWorker(ThreadPoolExecutor.java:1144)
	at java.base/java.util.concurrent.ThreadPoolExecutor$Worker.run(ThreadPoolExecutor.java:642)
	at java.base/java.lang.Thread.run(Thread.java:1583)
Caused by: java.io.IOException: org.apache.ratis.thirdparty.io.grpc.StatusRuntimeException: UNAVAILABLE: io exception
	at org.apache.ratis.grpc.GrpcUtil.unwrapException(GrpcUtil.java:99)
	at org.apache.ratis.grpc.GrpcUtil.unwrapIOException(GrpcUtil.java:159)
	at org.apache.ratis.grpc.client.GrpcClientProtocolClient$AsyncStreamObservers$1.onError(GrpcClientProtocolClient.java:333)
	... 13 more
Caused by: org.apache.ratis.thirdparty.io.grpc.StatusRuntimeException: UNAVAILABLE: io exception
	at org.apache.ratis.thirdparty.io.grpc.Status.asRuntimeException(Status.java:537)
	... 13 more
Caused by: org.apache.ratis.thirdparty.io.netty.channel.AbstractChannel$AnnotatedConnectException: finishConnect(..) failed: Connection refused: pkrvmberfyhpb9w/10.1.0.33:15039
Caused by: java.net.ConnectException: finishConnect(..) failed: Connection refused
	at org.apache.ratis.thirdparty.io.netty.channel.unix.Errors.newConnectException0(Errors.java:166)
	at org.apache.ratis.thirdparty.io.netty.channel.unix.Errors.handleConnectErrno(Errors.java:131)
	at org.apache.ratis.thirdparty.io.netty.channel.unix.Socket.finishConnect(Socket.java:359)
	at org.apache.ratis.thirdparty.io.netty.channel.epoll.AbstractEpollChannel$AbstractEpollUnsafe.doFinishConnect(AbstractEpollChannel.java:715)
	at org.apache.ratis.thirdparty.io.netty.channel.epoll.AbstractEpollChannel$AbstractEpollUnsafe.finishConnect(AbstractEpollChannel.java:692)
	at org.apache.ratis.thirdparty.io.netty.channel.epoll.AbstractEpollChannel$AbstractEpollUnsafe.epollOutReady(AbstractEpollChannel.java:567)
	at org.apache.ratis.thirdparty.io.netty.channel.epoll.EpollEventLoop.processReady(EpollEventLoop.java:491)
	at org.apache.ratis.thirdparty.io.netty.channel.epoll.EpollEventLoop.run(EpollEventLoop.java:399)
	at org.apache.ratis.thirdparty.io.netty.util.concurrent.SingleThreadEventExecutor$4.run(SingleThreadEventExecutor.java:997)
	at org.apache.ratis.thirdparty.io.netty.util.internal.ThreadExecutorMap$2.run(ThreadExecutorMap.java:74)
	at org.apache.ratis.thirdparty.io.netty.util.concurrent.FastThreadLocalRunnable.run(FastThreadLocalRunnable.java:30)
	at java.base/java.lang.Thread.run(Thread.java:1583)
2025-05-13 07:44:11,570 [grpc-default-executor-0] ERROR impl.OrderedAsync (OrderedAsync.java:lambda$null$6(215)) -  client-C4877CDCD2FA: Failed* RaftClientRequest:client-C4877CDCD2FA->c7e37fed-ffe8-4455-9e33-59458259ae49@group-BD937A2D3539, cid=1, seq=1*, Watch(0), null
java.util.concurrent.CompletionException: java.io.IOException: org.apache.ratis.thirdparty.io.grpc.StatusRuntimeException: UNAVAILABLE: io exception
	at java.base/java.util.concurrent.CompletableFuture.encodeThrowable(CompletableFuture.java:332)
	at java.base/java.util.concurrent.CompletableFuture.completeThrowable(CompletableFuture.java:347)
	at java.base/java.util.concurrent.CompletableFuture$UniAccept.tryFire(CompletableFuture.java:708)
	at java.base/java.util.concurrent.CompletableFuture.postComplete(CompletableFuture.java:510)
	at java.base/java.util.concurrent.CompletableFuture.completeExceptionally(CompletableFuture.java:2194)
	at org.apache.ratis.grpc.client.GrpcClientProtocolClient$AsyncStreamObservers.completeReplyExceptionally(GrpcClientProtocolClient.java:397)
	at org.apache.ratis.grpc.client.GrpcClientProtocolClient$AsyncStreamObservers.access$000(GrpcClientProtocolClient.java:303)
	at org.apache.ratis.grpc.client.GrpcClientProtocolClient$AsyncStreamObservers$1.onError(GrpcClientProtocolClient.java:334)
	at org.apache.ratis.thirdparty.io.grpc.stub.ClientCalls$StreamObserverToCallListenerAdapter.onClose(ClientCalls.java:481)
	at org.apache.ratis.thirdparty.io.grpc.PartialForwardingClientCallListener.onClose(PartialForwardingClientCallListener.java:39)
	at org.apache.ratis.thirdparty.io.grpc.ForwardingClientCallListener.onClose(ForwardingClientCallListener.java:23)
	at org.apache.ratis.grpc.metrics.intercept.client.MetricClientCallListener.onClose(MetricClientCallListener.java:47)
	at org.apache.ratis.thirdparty.io.grpc.internal.DelayedClientCall$DelayedListener$3.run(DelayedClientCall.java:489)
	at org.apache.ratis.thirdparty.io.grpc.internal.DelayedClientCall$DelayedListener.delayOrExecute(DelayedClientCall.java:453)
	at org.apache.ratis.thirdparty.io.grpc.internal.DelayedClientCall$DelayedListener.onClose(DelayedClientCall.java:486)
	at org.apache.ratis.thirdparty.io.grpc.internal.ClientCallImpl.closeObserver(ClientCallImpl.java:567)
	at org.apache.ratis.thirdparty.io.grpc.internal.ClientCallImpl.access$300(ClientCallImpl.java:71)
	at org.apache.ratis.thirdparty.io.grpc.internal.ClientCallImpl$ClientStreamListenerImpl$1StreamClosed.runInternal(ClientCallImpl.java:735)
	at org.apache.ratis.thirdparty.io.grpc.internal.ClientCallImpl$ClientStreamListenerImpl$1StreamClosed.runInContext(ClientCallImpl.java:716)
	at org.apache.ratis.thirdparty.io.grpc.internal.ContextRunnable.run(ContextRunnable.java:37)
	at org.apache.ratis.thirdparty.io.grpc.internal.SerializingExecutor.run(SerializingExecutor.java:133)
	at java.base/java.util.concurrent.ThreadPoolExecutor.runWorker(ThreadPoolExecutor.java:1144)
	at java.base/java.util.concurrent.ThreadPoolExecutor$Worker.run(ThreadPoolExecutor.java:642)
	at java.base/java.lang.Thread.run(Thread.java:1583)
Caused by: java.io.IOException: org.apache.ratis.thirdparty.io.grpc.StatusRuntimeException: UNAVAILABLE: io exception
	at org.apache.ratis.grpc.GrpcUtil.unwrapException(GrpcUtil.java:99)
	at org.apache.ratis.grpc.GrpcUtil.unwrapIOException(GrpcUtil.java:159)
	at org.apache.ratis.grpc.client.GrpcClientProtocolClient$AsyncStreamObservers$1.onError(GrpcClientProtocolClient.java:333)
	... 16 more
Caused by: org.apache.ratis.thirdparty.io.grpc.StatusRuntimeException: UNAVAILABLE: io exception
	at org.apache.ratis.thirdparty.io.grpc.Status.asRuntimeException(Status.java:537)
	... 16 more
Caused by: org.apache.ratis.thirdparty.io.netty.channel.AbstractChannel$AnnotatedConnectException: finishConnect(..) failed: Connection refused: pkrvmberfyhpb9w/10.1.0.33:15039
Caused by: java.net.ConnectException: finishConnect(..) failed: Connection refused
	at org.apache.ratis.thirdparty.io.netty.channel.unix.Errors.newConnectException0(Errors.java:166)
	at org.apache.ratis.thirdparty.io.netty.channel.unix.Errors.handleConnectErrno(Errors.java:131)
	at org.apache.ratis.thirdparty.io.netty.channel.unix.Socket.finishConnect(Socket.java:359)
	at org.apache.ratis.thirdparty.io.netty.channel.epoll.AbstractEpollChannel$AbstractEpollUnsafe.doFinishConnect(AbstractEpollChannel.java:715)
	at org.apache.ratis.thirdparty.io.netty.channel.epoll.AbstractEpollChannel$AbstractEpollUnsafe.finishConnect(AbstractEpollChannel.java:692)
	at org.apache.ratis.thirdparty.io.netty.channel.epoll.AbstractEpollChannel$AbstractEpollUnsafe.epollOutReady(AbstractEpollChannel.java:567)
	at org.apache.ratis.thirdparty.io.netty.channel.epoll.EpollEventLoop.processReady(EpollEventLoop.java:491)
	at org.apache.ratis.thirdparty.io.netty.channel.epoll.EpollEventLoop.run(EpollEventLoop.java:399)
	at org.apache.ratis.thirdparty.io.netty.util.concurrent.SingleThreadEventExecutor$4.run(SingleThreadEventExecutor.java:997)
	at org.apache.ratis.thirdparty.io.netty.util.internal.ThreadExecutorMap$2.run(ThreadExecutorMap.java:74)
	at org.apache.ratis.thirdparty.io.netty.util.concurrent.FastThreadLocalRunnable.run(FastThreadLocalRunnable.java:30)
	at java.base/java.lang.Thread.run(Thread.java:1583)
2025-05-13 07:44:13,145 [om1-om-CertificateRenewerService] INFO  retry.RetryInvocationHandler (RetryInvocationHandler.java:log(426)) - com.google.protobuf.ServiceException: java.net.ConnectException: Call From pkrvmberfyhpb9w/10.1.0.33 to localhost:15024 failed on connection exception: java.net.ConnectException: Connection refused; For more details see:  http://wiki.apache.org/hadoop/ConnectionRefused, while invoking $Proxy45.submitRequest over nodeId=scmNodeId,nodeAddress=localhost/127.0.0.1:15024 after 23 failover attempts. Trying to failover after sleeping for 2000ms. Current retry count: 23.
2025-05-13 07:44:15,149 [om1-om-CertificateRenewerService] INFO  retry.RetryInvocationHandler (RetryInvocationHandler.java:log(426)) - com.google.protobuf.ServiceException: java.net.ConnectException: Call From pkrvmberfyhpb9w/10.1.0.33 to localhost:15024 failed on connection exception: java.net.ConnectException: Connection refused; For more details see:  http://wiki.apache.org/hadoop/ConnectionRefused, while invoking $Proxy45.submitRequest over nodeId=scmNodeId,nodeAddress=localhost/127.0.0.1:15024 after 24 failover attempts. Trying to failover after sleeping for 2000ms. Current retry count: 24.
2025-05-13 07:44:16,570 [timer5] ERROR impl.OrderedAsync (OrderedAsync.java:lambda$null$6(215)) -  (Repeated 10 times in the last 5.000s) client-C4877CDCD2FA: Failed* RaftClientRequest:client-C4877CDCD2FA->c7e37fed-ffe8-4455-9e33-59458259ae49@group-BD937A2D3539, cid=1, seq=1*, Watch(0), null
java.util.concurrent.CompletionException: java.io.IOException: org.apache.ratis.thirdparty.io.grpc.StatusRuntimeException: UNAVAILABLE: io exception
	at java.base/java.util.concurrent.CompletableFuture.encodeThrowable(CompletableFuture.java:332)
	at java.base/java.util.concurrent.CompletableFuture.completeThrowable(CompletableFuture.java:347)
	at java.base/java.util.concurrent.CompletableFuture$UniAccept.tryFire(CompletableFuture.java:708)
	at java.base/java.util.concurrent.CompletableFuture.postComplete(CompletableFuture.java:510)
	at java.base/java.util.concurrent.CompletableFuture.completeExceptionally(CompletableFuture.java:2194)
	at org.apache.ratis.grpc.client.GrpcClientProtocolClient$AsyncStreamObservers.completeReplyExceptionally(GrpcClientProtocolClient.java:397)
	at org.apache.ratis.grpc.client.GrpcClientProtocolClient$AsyncStreamObservers.access$000(GrpcClientProtocolClient.java:303)
	at org.apache.ratis.grpc.client.GrpcClientProtocolClient$AsyncStreamObservers$1.onError(GrpcClientProtocolClient.java:334)
	at org.apache.ratis.thirdparty.io.grpc.stub.ClientCalls$StreamObserverToCallListenerAdapter.onClose(ClientCalls.java:481)
	at org.apache.ratis.thirdparty.io.grpc.PartialForwardingClientCallListener.onClose(PartialForwardingClientCallListener.java:39)
	at org.apache.ratis.thirdparty.io.grpc.ForwardingClientCallListener.onClose(ForwardingClientCallListener.java:23)
	at org.apache.ratis.grpc.metrics.intercept.client.MetricClientCallListener.onClose(MetricClientCallListener.java:47)
	at org.apache.ratis.thirdparty.io.grpc.internal.ClientCallImpl.closeObserver(ClientCallImpl.java:567)
	at org.apache.ratis.thirdparty.io.grpc.internal.ClientCallImpl.access$300(ClientCallImpl.java:71)
	at org.apache.ratis.thirdparty.io.grpc.internal.ClientCallImpl$ClientStreamListenerImpl$1StreamClosed.runInternal(ClientCallImpl.java:735)
	at org.apache.ratis.thirdparty.io.grpc.internal.ClientCallImpl$ClientStreamListenerImpl$1StreamClosed.runInContext(ClientCallImpl.java:716)
	at org.apache.ratis.thirdparty.io.grpc.internal.ContextRunnable.run(ContextRunnable.java:37)
	at org.apache.ratis.thirdparty.io.grpc.internal.SerializingExecutor.run(SerializingExecutor.java:133)
	at java.base/java.util.concurrent.ThreadPoolExecutor.runWorker(ThreadPoolExecutor.java:1144)
	at java.base/java.util.concurrent.ThreadPoolExecutor$Worker.run(ThreadPoolExecutor.java:642)
	at java.base/java.lang.Thread.run(Thread.java:1583)
Caused by: java.io.IOException: org.apache.ratis.thirdparty.io.grpc.StatusRuntimeException: UNAVAILABLE: io exception
	at org.apache.ratis.grpc.GrpcUtil.unwrapException(GrpcUtil.java:99)
	at org.apache.ratis.grpc.GrpcUtil.unwrapIOException(GrpcUtil.java:159)
	at org.apache.ratis.grpc.client.GrpcClientProtocolClient$AsyncStreamObservers$1.onError(GrpcClientProtocolClient.java:333)
	... 13 more
Caused by: org.apache.ratis.thirdparty.io.grpc.StatusRuntimeException: UNAVAILABLE: io exception
	at org.apache.ratis.thirdparty.io.grpc.Status.asRuntimeException(Status.java:537)
	... 13 more
Caused by: org.apache.ratis.thirdparty.io.netty.channel.AbstractChannel$AnnotatedConnectException: finishConnect(..) failed: Connection refused: pkrvmberfyhpb9w/10.1.0.33:15039
Caused by: java.net.ConnectException: finishConnect(..) failed: Connection refused
	at org.apache.ratis.thirdparty.io.netty.channel.unix.Errors.newConnectException0(Errors.java:166)
	at org.apache.ratis.thirdparty.io.netty.channel.unix.Errors.handleConnectErrno(Errors.java:131)
	at org.apache.ratis.thirdparty.io.netty.channel.unix.Socket.finishConnect(Socket.java:359)
	at org.apache.ratis.thirdparty.io.netty.channel.epoll.AbstractEpollChannel$AbstractEpollUnsafe.doFinishConnect(AbstractEpollChannel.java:715)
	at org.apache.ratis.thirdparty.io.netty.channel.epoll.AbstractEpollChannel$AbstractEpollUnsafe.finishConnect(AbstractEpollChannel.java:692)
	at org.apache.ratis.thirdparty.io.netty.channel.epoll.AbstractEpollChannel$AbstractEpollUnsafe.epollOutReady(AbstractEpollChannel.java:567)
	at org.apache.ratis.thirdparty.io.netty.channel.epoll.EpollEventLoop.processReady(EpollEventLoop.java:491)
	at org.apache.ratis.thirdparty.io.netty.channel.epoll.EpollEventLoop.run(EpollEventLoop.java:399)
	at org.apache.ratis.thirdparty.io.netty.util.concurrent.SingleThreadEventExecutor$4.run(SingleThreadEventExecutor.java:997)
	at org.apache.ratis.thirdparty.io.netty.util.internal.ThreadExecutorMap$2.run(ThreadExecutorMap.java:74)
	at org.apache.ratis.thirdparty.io.netty.util.concurrent.FastThreadLocalRunnable.run(FastThreadLocalRunnable.java:30)
	at java.base/java.lang.Thread.run(Thread.java:1583)
2025-05-13 07:44:16,602 [grpc-default-executor-1] ERROR impl.OrderedAsync (OrderedAsync.java:lambda$null$6(215)) -  client-C4877CDCD2FA: Failed* RaftClientRequest:client-C4877CDCD2FA->c7e37fed-ffe8-4455-9e33-59458259ae49@group-BD937A2D3539, cid=1, seq=1*, Watch(0), null
java.util.concurrent.CompletionException: java.io.IOException: org.apache.ratis.thirdparty.io.grpc.StatusRuntimeException: UNAVAILABLE: io exception
	at java.base/java.util.concurrent.CompletableFuture.encodeThrowable(CompletableFuture.java:332)
	at java.base/java.util.concurrent.CompletableFuture.completeThrowable(CompletableFuture.java:347)
	at java.base/java.util.concurrent.CompletableFuture$UniAccept.tryFire(CompletableFuture.java:708)
	at java.base/java.util.concurrent.CompletableFuture.postComplete(CompletableFuture.java:510)
	at java.base/java.util.concurrent.CompletableFuture.completeExceptionally(CompletableFuture.java:2194)
	at org.apache.ratis.grpc.client.GrpcClientProtocolClient$AsyncStreamObservers.completeReplyExceptionally(GrpcClientProtocolClient.java:397)
	at org.apache.ratis.grpc.client.GrpcClientProtocolClient$AsyncStreamObservers.access$000(GrpcClientProtocolClient.java:303)
	at org.apache.ratis.grpc.client.GrpcClientProtocolClient$AsyncStreamObservers$1.onError(GrpcClientProtocolClient.java:334)
	at org.apache.ratis.thirdparty.io.grpc.stub.ClientCalls$StreamObserverToCallListenerAdapter.onClose(ClientCalls.java:481)
	at org.apache.ratis.thirdparty.io.grpc.PartialForwardingClientCallListener.onClose(PartialForwardingClientCallListener.java:39)
	at org.apache.ratis.thirdparty.io.grpc.ForwardingClientCallListener.onClose(ForwardingClientCallListener.java:23)
	at org.apache.ratis.grpc.metrics.intercept.client.MetricClientCallListener.onClose(MetricClientCallListener.java:47)
	at org.apache.ratis.thirdparty.io.grpc.internal.DelayedClientCall$DelayedListener$3.run(DelayedClientCall.java:489)
	at org.apache.ratis.thirdparty.io.grpc.internal.DelayedClientCall$DelayedListener.delayOrExecute(DelayedClientCall.java:453)
	at org.apache.ratis.thirdparty.io.grpc.internal.DelayedClientCall$DelayedListener.onClose(DelayedClientCall.java:486)
	at org.apache.ratis.thirdparty.io.grpc.internal.ClientCallImpl.closeObserver(ClientCallImpl.java:567)
	at org.apache.ratis.thirdparty.io.grpc.internal.ClientCallImpl.access$300(ClientCallImpl.java:71)
	at org.apache.ratis.thirdparty.io.grpc.internal.ClientCallImpl$ClientStreamListenerImpl$1StreamClosed.runInternal(ClientCallImpl.java:735)
	at org.apache.ratis.thirdparty.io.grpc.internal.ClientCallImpl$ClientStreamListenerImpl$1StreamClosed.runInContext(ClientCallImpl.java:716)
	at org.apache.ratis.thirdparty.io.grpc.internal.ContextRunnable.run(ContextRunnable.java:37)
	at org.apache.ratis.thirdparty.io.grpc.internal.SerializingExecutor.run(SerializingExecutor.java:133)
	at java.base/java.util.concurrent.ThreadPoolExecutor.runWorker(ThreadPoolExecutor.java:1144)
	at java.base/java.util.concurrent.ThreadPoolExecutor$Worker.run(ThreadPoolExecutor.java:642)
	at java.base/java.lang.Thread.run(Thread.java:1583)
Caused by: java.io.IOException: org.apache.ratis.thirdparty.io.grpc.StatusRuntimeException: UNAVAILABLE: io exception
	at org.apache.ratis.grpc.GrpcUtil.unwrapException(GrpcUtil.java:99)
	at org.apache.ratis.grpc.GrpcUtil.unwrapIOException(GrpcUtil.java:159)
	at org.apache.ratis.grpc.client.GrpcClientProtocolClient$AsyncStreamObservers$1.onError(GrpcClientProtocolClient.java:333)
	... 16 more
Caused by: org.apache.ratis.thirdparty.io.grpc.StatusRuntimeException: UNAVAILABLE: io exception
	at org.apache.ratis.thirdparty.io.grpc.Status.asRuntimeException(Status.java:537)
	... 16 more
Caused by: org.apache.ratis.thirdparty.io.netty.channel.AbstractChannel$AnnotatedConnectException: finishConnect(..) failed: Connection refused: pkrvmberfyhpb9w/10.1.0.33:15039
Caused by: java.net.ConnectException: finishConnect(..) failed: Connection refused
	at org.apache.ratis.thirdparty.io.netty.channel.unix.Errors.newConnectException0(Errors.java:166)
	at org.apache.ratis.thirdparty.io.netty.channel.unix.Errors.handleConnectErrno(Errors.java:131)
	at org.apache.ratis.thirdparty.io.netty.channel.unix.Socket.finishConnect(Socket.java:359)
	at org.apache.ratis.thirdparty.io.netty.channel.epoll.AbstractEpollChannel$AbstractEpollUnsafe.doFinishConnect(AbstractEpollChannel.java:715)
	at org.apache.ratis.thirdparty.io.netty.channel.epoll.AbstractEpollChannel$AbstractEpollUnsafe.finishConnect(AbstractEpollChannel.java:692)
	at org.apache.ratis.thirdparty.io.netty.channel.epoll.AbstractEpollChannel$AbstractEpollUnsafe.epollOutReady(AbstractEpollChannel.java:567)
	at org.apache.ratis.thirdparty.io.netty.channel.epoll.EpollEventLoop.processReady(EpollEventLoop.java:491)
	at org.apache.ratis.thirdparty.io.netty.channel.epoll.EpollEventLoop.run(EpollEventLoop.java:399)
	at org.apache.ratis.thirdparty.io.netty.util.concurrent.SingleThreadEventExecutor$4.run(SingleThreadEventExecutor.java:997)
	at org.apache.ratis.thirdparty.io.netty.util.internal.ThreadExecutorMap$2.run(ThreadExecutorMap.java:74)
	at org.apache.ratis.thirdparty.io.netty.util.concurrent.FastThreadLocalRunnable.run(FastThreadLocalRunnable.java:30)
	at java.base/java.lang.Thread.run(Thread.java:1583)
2025-05-13 07:44:17,161 [om1-om-CertificateRenewerService] INFO  retry.RetryInvocationHandler (RetryInvocationHandler.java:log(426)) - com.google.protobuf.ServiceException: java.net.ConnectException: Call From pkrvmberfyhpb9w/10.1.0.33 to localhost:15024 failed on connection exception: java.net.ConnectException: Connection refused; For more details see:  http://wiki.apache.org/hadoop/ConnectionRefused, while invoking $Proxy45.submitRequest over nodeId=scmNodeId,nodeAddress=localhost/127.0.0.1:15024 after 25 failover attempts. Trying to failover after sleeping for 2000ms. Current retry count: 25.
2025-05-13 07:44:19,162 [om1-om-CertificateRenewerService] INFO  retry.RetryInvocationHandler (RetryInvocationHandler.java:log(426)) - com.google.protobuf.ServiceException: java.net.ConnectException: Call From pkrvmberfyhpb9w/10.1.0.33 to localhost:15024 failed on connection exception: java.net.ConnectException: Connection refused; For more details see:  http://wiki.apache.org/hadoop/ConnectionRefused, while invoking $Proxy45.submitRequest over nodeId=scmNodeId,nodeAddress=localhost/127.0.0.1:15024 after 26 failover attempts. Trying to failover after sleeping for 2000ms. Current retry count: 26.
2025-05-13 07:44:21,163 [om1-om-CertificateRenewerService] INFO  retry.RetryInvocationHandler (RetryInvocationHandler.java:log(426)) - com.google.protobuf.ServiceException: java.net.ConnectException: Call From pkrvmberfyhpb9w/10.1.0.33 to localhost:15024 failed on connection exception: java.net.ConnectException: Connection refused; For more details see:  http://wiki.apache.org/hadoop/ConnectionRefused, while invoking $Proxy45.submitRequest over nodeId=scmNodeId,nodeAddress=localhost/127.0.0.1:15024 after 27 failover attempts. Trying to failover after sleeping for 2000ms. Current retry count: 27.
2025-05-13 07:44:21,603 [timer5] ERROR impl.OrderedAsync (OrderedAsync.java:lambda$null$6(215)) -  (Repeated 10 times in the last 5.001s) client-C4877CDCD2FA: Failed* RaftClientRequest:client-C4877CDCD2FA->c7e37fed-ffe8-4455-9e33-59458259ae49@group-BD937A2D3539, cid=1, seq=1*, Watch(0), null
java.util.concurrent.CompletionException: java.io.IOException: org.apache.ratis.thirdparty.io.grpc.StatusRuntimeException: UNAVAILABLE: io exception
	at java.base/java.util.concurrent.CompletableFuture.encodeThrowable(CompletableFuture.java:332)
	at java.base/java.util.concurrent.CompletableFuture.completeThrowable(CompletableFuture.java:347)
	at java.base/java.util.concurrent.CompletableFuture$UniAccept.tryFire(CompletableFuture.java:708)
	at java.base/java.util.concurrent.CompletableFuture.postComplete(CompletableFuture.java:510)
	at java.base/java.util.concurrent.CompletableFuture.completeExceptionally(CompletableFuture.java:2194)
	at org.apache.ratis.grpc.client.GrpcClientProtocolClient$AsyncStreamObservers.completeReplyExceptionally(GrpcClientProtocolClient.java:397)
	at org.apache.ratis.grpc.client.GrpcClientProtocolClient$AsyncStreamObservers.access$000(GrpcClientProtocolClient.java:303)
	at org.apache.ratis.grpc.client.GrpcClientProtocolClient$AsyncStreamObservers$1.onError(GrpcClientProtocolClient.java:334)
	at org.apache.ratis.thirdparty.io.grpc.stub.ClientCalls$StreamObserverToCallListenerAdapter.onClose(ClientCalls.java:481)
	at org.apache.ratis.thirdparty.io.grpc.PartialForwardingClientCallListener.onClose(PartialForwardingClientCallListener.java:39)
	at org.apache.ratis.thirdparty.io.grpc.ForwardingClientCallListener.onClose(ForwardingClientCallListener.java:23)
	at org.apache.ratis.grpc.metrics.intercept.client.MetricClientCallListener.onClose(MetricClientCallListener.java:47)
	at org.apache.ratis.thirdparty.io.grpc.internal.ClientCallImpl.closeObserver(ClientCallImpl.java:567)
	at org.apache.ratis.thirdparty.io.grpc.internal.ClientCallImpl.access$300(ClientCallImpl.java:71)
	at org.apache.ratis.thirdparty.io.grpc.internal.ClientCallImpl$ClientStreamListenerImpl$1StreamClosed.runInternal(ClientCallImpl.java:735)
	at org.apache.ratis.thirdparty.io.grpc.internal.ClientCallImpl$ClientStreamListenerImpl$1StreamClosed.runInContext(ClientCallImpl.java:716)
	at org.apache.ratis.thirdparty.io.grpc.internal.ContextRunnable.run(ContextRunnable.java:37)
	at org.apache.ratis.thirdparty.io.grpc.internal.SerializingExecutor.run(SerializingExecutor.java:133)
	at java.base/java.util.concurrent.ThreadPoolExecutor.runWorker(ThreadPoolExecutor.java:1144)
	at java.base/java.util.concurrent.ThreadPoolExecutor$Worker.run(ThreadPoolExecutor.java:642)
	at java.base/java.lang.Thread.run(Thread.java:1583)
Caused by: java.io.IOException: org.apache.ratis.thirdparty.io.grpc.StatusRuntimeException: UNAVAILABLE: io exception
	at org.apache.ratis.grpc.GrpcUtil.unwrapException(GrpcUtil.java:99)
	at org.apache.ratis.grpc.GrpcUtil.unwrapIOException(GrpcUtil.java:159)
	at org.apache.ratis.grpc.client.GrpcClientProtocolClient$AsyncStreamObservers$1.onError(GrpcClientProtocolClient.java:333)
	... 13 more
Caused by: org.apache.ratis.thirdparty.io.grpc.StatusRuntimeException: UNAVAILABLE: io exception
	at org.apache.ratis.thirdparty.io.grpc.Status.asRuntimeException(Status.java:537)
	... 13 more
Caused by: org.apache.ratis.thirdparty.io.netty.channel.AbstractChannel$AnnotatedConnectException: finishConnect(..) failed: Connection refused: pkrvmberfyhpb9w/10.1.0.33:15039
Caused by: java.net.ConnectException: finishConnect(..) failed: Connection refused
	at org.apache.ratis.thirdparty.io.netty.channel.unix.Errors.newConnectException0(Errors.java:166)
	at org.apache.ratis.thirdparty.io.netty.channel.unix.Errors.handleConnectErrno(Errors.java:131)
	at org.apache.ratis.thirdparty.io.netty.channel.unix.Socket.finishConnect(Socket.java:359)
	at org.apache.ratis.thirdparty.io.netty.channel.epoll.AbstractEpollChannel$AbstractEpollUnsafe.doFinishConnect(AbstractEpollChannel.java:715)
	at org.apache.ratis.thirdparty.io.netty.channel.epoll.AbstractEpollChannel$AbstractEpollUnsafe.finishConnect(AbstractEpollChannel.java:692)
	at org.apache.ratis.thirdparty.io.netty.channel.epoll.AbstractEpollChannel$AbstractEpollUnsafe.epollOutReady(AbstractEpollChannel.java:567)
	at org.apache.ratis.thirdparty.io.netty.channel.epoll.EpollEventLoop.processReady(EpollEventLoop.java:491)
	at org.apache.ratis.thirdparty.io.netty.channel.epoll.EpollEventLoop.run(EpollEventLoop.java:399)
	at org.apache.ratis.thirdparty.io.netty.util.concurrent.SingleThreadEventExecutor$4.run(SingleThreadEventExecutor.java:997)
	at org.apache.ratis.thirdparty.io.netty.util.internal.ThreadExecutorMap$2.run(ThreadExecutorMap.java:74)
	at org.apache.ratis.thirdparty.io.netty.util.concurrent.FastThreadLocalRunnable.run(FastThreadLocalRunnable.java:30)
	at java.base/java.lang.Thread.run(Thread.java:1583)
2025-05-13 07:44:21,633 [grpc-default-executor-2] ERROR impl.OrderedAsync (OrderedAsync.java:lambda$null$6(215)) -  client-C4877CDCD2FA: Failed* RaftClientRequest:client-C4877CDCD2FA->c7e37fed-ffe8-4455-9e33-59458259ae49@group-BD937A2D3539, cid=1, seq=1*, Watch(0), null
java.util.concurrent.CompletionException: java.io.IOException: org.apache.ratis.thirdparty.io.grpc.StatusRuntimeException: UNAVAILABLE: io exception
	at java.base/java.util.concurrent.CompletableFuture.encodeThrowable(CompletableFuture.java:332)
	at java.base/java.util.concurrent.CompletableFuture.completeThrowable(CompletableFuture.java:347)
	at java.base/java.util.concurrent.CompletableFuture$UniAccept.tryFire(CompletableFuture.java:708)
	at java.base/java.util.concurrent.CompletableFuture.postComplete(CompletableFuture.java:510)
	at java.base/java.util.concurrent.CompletableFuture.completeExceptionally(CompletableFuture.java:2194)
	at org.apache.ratis.grpc.client.GrpcClientProtocolClient$AsyncStreamObservers.completeReplyExceptionally(GrpcClientProtocolClient.java:397)
	at org.apache.ratis.grpc.client.GrpcClientProtocolClient$AsyncStreamObservers.access$000(GrpcClientProtocolClient.java:303)
	at org.apache.ratis.grpc.client.GrpcClientProtocolClient$AsyncStreamObservers$1.onError(GrpcClientProtocolClient.java:334)
	at org.apache.ratis.thirdparty.io.grpc.stub.ClientCalls$StreamObserverToCallListenerAdapter.onClose(ClientCalls.java:481)
	at org.apache.ratis.thirdparty.io.grpc.PartialForwardingClientCallListener.onClose(PartialForwardingClientCallListener.java:39)
	at org.apache.ratis.thirdparty.io.grpc.ForwardingClientCallListener.onClose(ForwardingClientCallListener.java:23)
	at org.apache.ratis.grpc.metrics.intercept.client.MetricClientCallListener.onClose(MetricClientCallListener.java:47)
	at org.apache.ratis.thirdparty.io.grpc.internal.ClientCallImpl.closeObserver(ClientCallImpl.java:567)
	at org.apache.ratis.thirdparty.io.grpc.internal.ClientCallImpl.access$300(ClientCallImpl.java:71)
	at org.apache.ratis.thirdparty.io.grpc.internal.ClientCallImpl$ClientStreamListenerImpl$1StreamClosed.runInternal(ClientCallImpl.java:735)
	at org.apache.ratis.thirdparty.io.grpc.internal.ClientCallImpl$ClientStreamListenerImpl$1StreamClosed.runInContext(ClientCallImpl.java:716)
	at org.apache.ratis.thirdparty.io.grpc.internal.ContextRunnable.run(ContextRunnable.java:37)
	at org.apache.ratis.thirdparty.io.grpc.internal.SerializingExecutor.run(SerializingExecutor.java:133)
	at java.base/java.util.concurrent.ThreadPoolExecutor.runWorker(ThreadPoolExecutor.java:1144)
	at java.base/java.util.concurrent.ThreadPoolExecutor$Worker.run(ThreadPoolExecutor.java:642)
	at java.base/java.lang.Thread.run(Thread.java:1583)
Caused by: java.io.IOException: org.apache.ratis.thirdparty.io.grpc.StatusRuntimeException: UNAVAILABLE: io exception
	at org.apache.ratis.grpc.GrpcUtil.unwrapException(GrpcUtil.java:99)
	at org.apache.ratis.grpc.GrpcUtil.unwrapIOException(GrpcUtil.java:159)
	at org.apache.ratis.grpc.client.GrpcClientProtocolClient$AsyncStreamObservers$1.onError(GrpcClientProtocolClient.java:333)
	... 13 more
Caused by: org.apache.ratis.thirdparty.io.grpc.StatusRuntimeException: UNAVAILABLE: io exception
	at org.apache.ratis.thirdparty.io.grpc.Status.asRuntimeException(Status.java:537)
	... 13 more
Caused by: org.apache.ratis.thirdparty.io.netty.channel.AbstractChannel$AnnotatedConnectException: finishConnect(..) failed: Connection refused: pkrvmberfyhpb9w/10.1.0.33:15039
Caused by: java.net.ConnectException: finishConnect(..) failed: Connection refused
	at org.apache.ratis.thirdparty.io.netty.channel.unix.Errors.newConnectException0(Errors.java:166)
	at org.apache.ratis.thirdparty.io.netty.channel.unix.Errors.handleConnectErrno(Errors.java:131)
	at org.apache.ratis.thirdparty.io.netty.channel.unix.Socket.finishConnect(Socket.java:359)
	at org.apache.ratis.thirdparty.io.netty.channel.epoll.AbstractEpollChannel$AbstractEpollUnsafe.doFinishConnect(AbstractEpollChannel.java:715)
	at org.apache.ratis.thirdparty.io.netty.channel.epoll.AbstractEpollChannel$AbstractEpollUnsafe.finishConnect(AbstractEpollChannel.java:692)
	at org.apache.ratis.thirdparty.io.netty.channel.epoll.AbstractEpollChannel$AbstractEpollUnsafe.epollOutReady(AbstractEpollChannel.java:567)
	at org.apache.ratis.thirdparty.io.netty.channel.epoll.EpollEventLoop.processReady(EpollEventLoop.java:491)
	at org.apache.ratis.thirdparty.io.netty.channel.epoll.EpollEventLoop.run(EpollEventLoop.java:399)
	at org.apache.ratis.thirdparty.io.netty.util.concurrent.SingleThreadEventExecutor$4.run(SingleThreadEventExecutor.java:997)
	at org.apache.ratis.thirdparty.io.netty.util.internal.ThreadExecutorMap$2.run(ThreadExecutorMap.java:74)
	at org.apache.ratis.thirdparty.io.netty.util.concurrent.FastThreadLocalRunnable.run(FastThreadLocalRunnable.java:30)
	at java.base/java.lang.Thread.run(Thread.java:1583)
2025-05-13 07:44:23,167 [om1-om-CertificateRenewerService] INFO  retry.RetryInvocationHandler (RetryInvocationHandler.java:log(426)) - com.google.protobuf.ServiceException: java.net.ConnectException: Call From pkrvmberfyhpb9w/10.1.0.33 to localhost:15024 failed on connection exception: java.net.ConnectException: Connection refused; For more details see:  http://wiki.apache.org/hadoop/ConnectionRefused, while invoking $Proxy45.submitRequest over nodeId=scmNodeId,nodeAddress=localhost/127.0.0.1:15024 after 28 failover attempts. Trying to failover after sleeping for 2000ms. Current retry count: 28.
2025-05-13 07:44:25,168 [om1-om-CertificateRenewerService] INFO  retry.RetryInvocationHandler (RetryInvocationHandler.java:log(426)) - com.google.protobuf.ServiceException: java.net.ConnectException: Call From pkrvmberfyhpb9w/10.1.0.33 to localhost:15024 failed on connection exception: java.net.ConnectException: Connection refused; For more details see:  http://wiki.apache.org/hadoop/ConnectionRefused, while invoking $Proxy45.submitRequest over nodeId=scmNodeId,nodeAddress=localhost/127.0.0.1:15024 after 29 failover attempts. Trying to failover after sleeping for 2000ms. Current retry count: 29.
2025-05-13 07:44:26,634 [timer5] ERROR impl.OrderedAsync (OrderedAsync.java:lambda$null$6(215)) -  (Repeated 10 times in the last 5.000s) client-C4877CDCD2FA: Failed* RaftClientRequest:client-C4877CDCD2FA->c7e37fed-ffe8-4455-9e33-59458259ae49@group-BD937A2D3539, cid=1, seq=1*, Watch(0), null
java.util.concurrent.CompletionException: java.io.IOException: org.apache.ratis.thirdparty.io.grpc.StatusRuntimeException: UNAVAILABLE: io exception
	at java.base/java.util.concurrent.CompletableFuture.encodeThrowable(CompletableFuture.java:332)
	at java.base/java.util.concurrent.CompletableFuture.completeThrowable(CompletableFuture.java:347)
	at java.base/java.util.concurrent.CompletableFuture$UniAccept.tryFire(CompletableFuture.java:708)
	at java.base/java.util.concurrent.CompletableFuture.postComplete(CompletableFuture.java:510)
	at java.base/java.util.concurrent.CompletableFuture.completeExceptionally(CompletableFuture.java:2194)
	at org.apache.ratis.grpc.client.GrpcClientProtocolClient$AsyncStreamObservers.completeReplyExceptionally(GrpcClientProtocolClient.java:397)
	at org.apache.ratis.grpc.client.GrpcClientProtocolClient$AsyncStreamObservers.access$000(GrpcClientProtocolClient.java:303)
	at org.apache.ratis.grpc.client.GrpcClientProtocolClient$AsyncStreamObservers$1.onError(GrpcClientProtocolClient.java:334)
	at org.apache.ratis.thirdparty.io.grpc.stub.ClientCalls$StreamObserverToCallListenerAdapter.onClose(ClientCalls.java:481)
	at org.apache.ratis.thirdparty.io.grpc.PartialForwardingClientCallListener.onClose(PartialForwardingClientCallListener.java:39)
	at org.apache.ratis.thirdparty.io.grpc.ForwardingClientCallListener.onClose(ForwardingClientCallListener.java:23)
	at org.apache.ratis.grpc.metrics.intercept.client.MetricClientCallListener.onClose(MetricClientCallListener.java:47)
	at org.apache.ratis.thirdparty.io.grpc.internal.ClientCallImpl.closeObserver(ClientCallImpl.java:567)
	at org.apache.ratis.thirdparty.io.grpc.internal.ClientCallImpl.access$300(ClientCallImpl.java:71)
	at org.apache.ratis.thirdparty.io.grpc.internal.ClientCallImpl$ClientStreamListenerImpl$1StreamClosed.runInternal(ClientCallImpl.java:735)
	at org.apache.ratis.thirdparty.io.grpc.internal.ClientCallImpl$ClientStreamListenerImpl$1StreamClosed.runInContext(ClientCallImpl.java:716)
	at org.apache.ratis.thirdparty.io.grpc.internal.ContextRunnable.run(ContextRunnable.java:37)
	at org.apache.ratis.thirdparty.io.grpc.internal.SerializingExecutor.run(SerializingExecutor.java:133)
	at java.base/java.util.concurrent.ThreadPoolExecutor.runWorker(ThreadPoolExecutor.java:1144)
	at java.base/java.util.concurrent.ThreadPoolExecutor$Worker.run(ThreadPoolExecutor.java:642)
	at java.base/java.lang.Thread.run(Thread.java:1583)
Caused by: java.io.IOException: org.apache.ratis.thirdparty.io.grpc.StatusRuntimeException: UNAVAILABLE: io exception
	at org.apache.ratis.grpc.GrpcUtil.unwrapException(GrpcUtil.java:99)
	at org.apache.ratis.grpc.GrpcUtil.unwrapIOException(GrpcUtil.java:159)
	at org.apache.ratis.grpc.client.GrpcClientProtocolClient$AsyncStreamObservers$1.onError(GrpcClientProtocolClient.java:333)
	... 13 more
Caused by: org.apache.ratis.thirdparty.io.grpc.StatusRuntimeException: UNAVAILABLE: io exception
	at org.apache.ratis.thirdparty.io.grpc.Status.asRuntimeException(Status.java:537)
	... 13 more
Caused by: org.apache.ratis.thirdparty.io.netty.channel.AbstractChannel$AnnotatedConnectException: finishConnect(..) failed: Connection refused: pkrvmberfyhpb9w/10.1.0.33:15039
Caused by: java.net.ConnectException: finishConnect(..) failed: Connection refused
	at org.apache.ratis.thirdparty.io.netty.channel.unix.Errors.newConnectException0(Errors.java:166)
	at org.apache.ratis.thirdparty.io.netty.channel.unix.Errors.handleConnectErrno(Errors.java:131)
	at org.apache.ratis.thirdparty.io.netty.channel.unix.Socket.finishConnect(Socket.java:359)
	at org.apache.ratis.thirdparty.io.netty.channel.epoll.AbstractEpollChannel$AbstractEpollUnsafe.doFinishConnect(AbstractEpollChannel.java:715)
	at org.apache.ratis.thirdparty.io.netty.channel.epoll.AbstractEpollChannel$AbstractEpollUnsafe.finishConnect(AbstractEpollChannel.java:692)
	at org.apache.ratis.thirdparty.io.netty.channel.epoll.AbstractEpollChannel$AbstractEpollUnsafe.epollOutReady(AbstractEpollChannel.java:567)
	at org.apache.ratis.thirdparty.io.netty.channel.epoll.EpollEventLoop.processReady(EpollEventLoop.java:491)
	at org.apache.ratis.thirdparty.io.netty.channel.epoll.EpollEventLoop.run(EpollEventLoop.java:399)
	at org.apache.ratis.thirdparty.io.netty.util.concurrent.SingleThreadEventExecutor$4.run(SingleThreadEventExecutor.java:997)
	at org.apache.ratis.thirdparty.io.netty.util.internal.ThreadExecutorMap$2.run(ThreadExecutorMap.java:74)
	at org.apache.ratis.thirdparty.io.netty.util.concurrent.FastThreadLocalRunnable.run(FastThreadLocalRunnable.java:30)
	at java.base/java.lang.Thread.run(Thread.java:1583)
2025-05-13 07:44:26,665 [grpc-default-executor-0] ERROR impl.OrderedAsync (OrderedAsync.java:lambda$null$6(215)) -  client-C4877CDCD2FA: Failed* RaftClientRequest:client-C4877CDCD2FA->c7e37fed-ffe8-4455-9e33-59458259ae49@group-BD937A2D3539, cid=1, seq=1*, Watch(0), null
java.util.concurrent.CompletionException: java.io.IOException: org.apache.ratis.thirdparty.io.grpc.StatusRuntimeException: UNAVAILABLE: io exception
	at java.base/java.util.concurrent.CompletableFuture.encodeThrowable(CompletableFuture.java:332)
	at java.base/java.util.concurrent.CompletableFuture.completeThrowable(CompletableFuture.java:347)
	at java.base/java.util.concurrent.CompletableFuture$UniAccept.tryFire(CompletableFuture.java:708)
	at java.base/java.util.concurrent.CompletableFuture.postComplete(CompletableFuture.java:510)
	at java.base/java.util.concurrent.CompletableFuture.completeExceptionally(CompletableFuture.java:2194)
	at org.apache.ratis.grpc.client.GrpcClientProtocolClient$AsyncStreamObservers.completeReplyExceptionally(GrpcClientProtocolClient.java:397)
	at org.apache.ratis.grpc.client.GrpcClientProtocolClient$AsyncStreamObservers.access$000(GrpcClientProtocolClient.java:303)
	at org.apache.ratis.grpc.client.GrpcClientProtocolClient$AsyncStreamObservers$1.onError(GrpcClientProtocolClient.java:334)
	at org.apache.ratis.thirdparty.io.grpc.stub.ClientCalls$StreamObserverToCallListenerAdapter.onClose(ClientCalls.java:481)
	at org.apache.ratis.thirdparty.io.grpc.PartialForwardingClientCallListener.onClose(PartialForwardingClientCallListener.java:39)
	at org.apache.ratis.thirdparty.io.grpc.ForwardingClientCallListener.onClose(ForwardingClientCallListener.java:23)
	at org.apache.ratis.grpc.metrics.intercept.client.MetricClientCallListener.onClose(MetricClientCallListener.java:47)
	at org.apache.ratis.thirdparty.io.grpc.internal.ClientCallImpl.closeObserver(ClientCallImpl.java:567)
	at org.apache.ratis.thirdparty.io.grpc.internal.ClientCallImpl.access$300(ClientCallImpl.java:71)
	at org.apache.ratis.thirdparty.io.grpc.internal.ClientCallImpl$ClientStreamListenerImpl$1StreamClosed.runInternal(ClientCallImpl.java:735)
	at org.apache.ratis.thirdparty.io.grpc.internal.ClientCallImpl$ClientStreamListenerImpl$1StreamClosed.runInContext(ClientCallImpl.java:716)
	at org.apache.ratis.thirdparty.io.grpc.internal.ContextRunnable.run(ContextRunnable.java:37)
	at org.apache.ratis.thirdparty.io.grpc.internal.SerializingExecutor.run(SerializingExecutor.java:133)
	at java.base/java.util.concurrent.ThreadPoolExecutor.runWorker(ThreadPoolExecutor.java:1144)
	at java.base/java.util.concurrent.ThreadPoolExecutor$Worker.run(ThreadPoolExecutor.java:642)
	at java.base/java.lang.Thread.run(Thread.java:1583)
Caused by: java.io.IOException: org.apache.ratis.thirdparty.io.grpc.StatusRuntimeException: UNAVAILABLE: io exception
	at org.apache.ratis.grpc.GrpcUtil.unwrapException(GrpcUtil.java:99)
	at org.apache.ratis.grpc.GrpcUtil.unwrapIOException(GrpcUtil.java:159)
	at org.apache.ratis.grpc.client.GrpcClientProtocolClient$AsyncStreamObservers$1.onError(GrpcClientProtocolClient.java:333)
	... 13 more
Caused by: org.apache.ratis.thirdparty.io.grpc.StatusRuntimeException: UNAVAILABLE: io exception
	at org.apache.ratis.thirdparty.io.grpc.Status.asRuntimeException(Status.java:537)
	... 13 more
Caused by: org.apache.ratis.thirdparty.io.netty.channel.AbstractChannel$AnnotatedConnectException: finishConnect(..) failed: Connection refused: pkrvmberfyhpb9w/10.1.0.33:15039
Caused by: java.net.ConnectException: finishConnect(..) failed: Connection refused
	at org.apache.ratis.thirdparty.io.netty.channel.unix.Errors.newConnectException0(Errors.java:166)
	at org.apache.ratis.thirdparty.io.netty.channel.unix.Errors.handleConnectErrno(Errors.java:131)
	at org.apache.ratis.thirdparty.io.netty.channel.unix.Socket.finishConnect(Socket.java:359)
	at org.apache.ratis.thirdparty.io.netty.channel.epoll.AbstractEpollChannel$AbstractEpollUnsafe.doFinishConnect(AbstractEpollChannel.java:715)
	at org.apache.ratis.thirdparty.io.netty.channel.epoll.AbstractEpollChannel$AbstractEpollUnsafe.finishConnect(AbstractEpollChannel.java:692)
	at org.apache.ratis.thirdparty.io.netty.channel.epoll.AbstractEpollChannel$AbstractEpollUnsafe.epollOutReady(AbstractEpollChannel.java:567)
	at org.apache.ratis.thirdparty.io.netty.channel.epoll.EpollEventLoop.processReady(EpollEventLoop.java:491)
	at org.apache.ratis.thirdparty.io.netty.channel.epoll.EpollEventLoop.run(EpollEventLoop.java:399)
	at org.apache.ratis.thirdparty.io.netty.util.concurrent.SingleThreadEventExecutor$4.run(SingleThreadEventExecutor.java:997)
	at org.apache.ratis.thirdparty.io.netty.util.internal.ThreadExecutorMap$2.run(ThreadExecutorMap.java:74)
	at org.apache.ratis.thirdparty.io.netty.util.concurrent.FastThreadLocalRunnable.run(FastThreadLocalRunnable.java:30)
	at java.base/java.lang.Thread.run(Thread.java:1583)
2025-05-13 07:44:27,169 [om1-om-CertificateRenewerService] INFO  retry.RetryInvocationHandler (RetryInvocationHandler.java:log(426)) - com.google.protobuf.ServiceException: java.net.ConnectException: Call From pkrvmberfyhpb9w/10.1.0.33 to localhost:15024 failed on connection exception: java.net.ConnectException: Connection refused; For more details see:  http://wiki.apache.org/hadoop/ConnectionRefused, while invoking $Proxy45.submitRequest over nodeId=scmNodeId,nodeAddress=localhost/127.0.0.1:15024 after 30 failover attempts. Trying to failover after sleeping for 2000ms. Current retry count: 30.
2025-05-13 07:44:29,173 [om1-om-CertificateRenewerService] INFO  retry.RetryInvocationHandler (RetryInvocationHandler.java:log(426)) - com.google.protobuf.ServiceException: java.net.ConnectException: Call From pkrvmberfyhpb9w/10.1.0.33 to localhost:15024 failed on connection exception: java.net.ConnectException: Connection refused; For more details see:  http://wiki.apache.org/hadoop/ConnectionRefused, while invoking $Proxy45.submitRequest over nodeId=scmNodeId,nodeAddress=localhost/127.0.0.1:15024 after 31 failover attempts. Trying to failover after sleeping for 2000ms. Current retry count: 31.
2025-05-13 07:44:31,175 [om1-om-CertificateRenewerService] INFO  retry.RetryInvocationHandler (RetryInvocationHandler.java:log(426)) - com.google.protobuf.ServiceException: java.net.ConnectException: Call From pkrvmberfyhpb9w/10.1.0.33 to localhost:15024 failed on connection exception: java.net.ConnectException: Connection refused; For more details see:  http://wiki.apache.org/hadoop/ConnectionRefused, while invoking $Proxy45.submitRequest over nodeId=scmNodeId,nodeAddress=localhost/127.0.0.1:15024 after 32 failover attempts. Trying to failover after sleeping for 2000ms. Current retry count: 32.
2025-05-13 07:44:31,665 [timer5] ERROR impl.OrderedAsync (OrderedAsync.java:lambda$null$6(215)) -  (Repeated 10 times in the last 5.000s) client-C4877CDCD2FA: Failed* RaftClientRequest:client-C4877CDCD2FA->c7e37fed-ffe8-4455-9e33-59458259ae49@group-BD937A2D3539, cid=1, seq=1*, Watch(0), null
java.util.concurrent.CompletionException: java.io.IOException: org.apache.ratis.thirdparty.io.grpc.StatusRuntimeException: UNAVAILABLE: io exception
	at java.base/java.util.concurrent.CompletableFuture.encodeThrowable(CompletableFuture.java:332)
	at java.base/java.util.concurrent.CompletableFuture.completeThrowable(CompletableFuture.java:347)
	at java.base/java.util.concurrent.CompletableFuture$UniAccept.tryFire(CompletableFuture.java:708)
	at java.base/java.util.concurrent.CompletableFuture.postComplete(CompletableFuture.java:510)
	at java.base/java.util.concurrent.CompletableFuture.completeExceptionally(CompletableFuture.java:2194)
	at org.apache.ratis.grpc.client.GrpcClientProtocolClient$AsyncStreamObservers.completeReplyExceptionally(GrpcClientProtocolClient.java:397)
	at org.apache.ratis.grpc.client.GrpcClientProtocolClient$AsyncStreamObservers.access$000(GrpcClientProtocolClient.java:303)
	at org.apache.ratis.grpc.client.GrpcClientProtocolClient$AsyncStreamObservers$1.onError(GrpcClientProtocolClient.java:334)
	at org.apache.ratis.thirdparty.io.grpc.stub.ClientCalls$StreamObserverToCallListenerAdapter.onClose(ClientCalls.java:481)
	at org.apache.ratis.thirdparty.io.grpc.PartialForwardingClientCallListener.onClose(PartialForwardingClientCallListener.java:39)
	at org.apache.ratis.thirdparty.io.grpc.ForwardingClientCallListener.onClose(ForwardingClientCallListener.java:23)
	at org.apache.ratis.grpc.metrics.intercept.client.MetricClientCallListener.onClose(MetricClientCallListener.java:47)
	at org.apache.ratis.thirdparty.io.grpc.internal.ClientCallImpl.closeObserver(ClientCallImpl.java:567)
	at org.apache.ratis.thirdparty.io.grpc.internal.ClientCallImpl.access$300(ClientCallImpl.java:71)
	at org.apache.ratis.thirdparty.io.grpc.internal.ClientCallImpl$ClientStreamListenerImpl$1StreamClosed.runInternal(ClientCallImpl.java:735)
	at org.apache.ratis.thirdparty.io.grpc.internal.ClientCallImpl$ClientStreamListenerImpl$1StreamClosed.runInContext(ClientCallImpl.java:716)
	at org.apache.ratis.thirdparty.io.grpc.internal.ContextRunnable.run(ContextRunnable.java:37)
	at org.apache.ratis.thirdparty.io.grpc.internal.SerializingExecutor.run(SerializingExecutor.java:133)
	at java.base/java.util.concurrent.ThreadPoolExecutor.runWorker(ThreadPoolExecutor.java:1144)
	at java.base/java.util.concurrent.ThreadPoolExecutor$Worker.run(ThreadPoolExecutor.java:642)
	at java.base/java.lang.Thread.run(Thread.java:1583)
Caused by: java.io.IOException: org.apache.ratis.thirdparty.io.grpc.StatusRuntimeException: UNAVAILABLE: io exception
	at org.apache.ratis.grpc.GrpcUtil.unwrapException(GrpcUtil.java:99)
	at org.apache.ratis.grpc.GrpcUtil.unwrapIOException(GrpcUtil.java:159)
	at org.apache.ratis.grpc.client.GrpcClientProtocolClient$AsyncStreamObservers$1.onError(GrpcClientProtocolClient.java:333)
	... 13 more
Caused by: org.apache.ratis.thirdparty.io.grpc.StatusRuntimeException: UNAVAILABLE: io exception
	at org.apache.ratis.thirdparty.io.grpc.Status.asRuntimeException(Status.java:537)
	... 13 more
Caused by: org.apache.ratis.thirdparty.io.netty.channel.AbstractChannel$AnnotatedConnectException: finishConnect(..) failed: Connection refused: pkrvmberfyhpb9w/10.1.0.33:15039
Caused by: java.net.ConnectException: finishConnect(..) failed: Connection refused
	at org.apache.ratis.thirdparty.io.netty.channel.unix.Errors.newConnectException0(Errors.java:166)
	at org.apache.ratis.thirdparty.io.netty.channel.unix.Errors.handleConnectErrno(Errors.java:131)
	at org.apache.ratis.thirdparty.io.netty.channel.unix.Socket.finishConnect(Socket.java:359)
	at org.apache.ratis.thirdparty.io.netty.channel.epoll.AbstractEpollChannel$AbstractEpollUnsafe.doFinishConnect(AbstractEpollChannel.java:715)
	at org.apache.ratis.thirdparty.io.netty.channel.epoll.AbstractEpollChannel$AbstractEpollUnsafe.finishConnect(AbstractEpollChannel.java:692)
	at org.apache.ratis.thirdparty.io.netty.channel.epoll.AbstractEpollChannel$AbstractEpollUnsafe.epollOutReady(AbstractEpollChannel.java:567)
	at org.apache.ratis.thirdparty.io.netty.channel.epoll.EpollEventLoop.processReady(EpollEventLoop.java:491)
	at org.apache.ratis.thirdparty.io.netty.channel.epoll.EpollEventLoop.run(EpollEventLoop.java:399)
	at org.apache.ratis.thirdparty.io.netty.util.concurrent.SingleThreadEventExecutor$4.run(SingleThreadEventExecutor.java:997)
	at org.apache.ratis.thirdparty.io.netty.util.internal.ThreadExecutorMap$2.run(ThreadExecutorMap.java:74)
	at org.apache.ratis.thirdparty.io.netty.util.concurrent.FastThreadLocalRunnable.run(FastThreadLocalRunnable.java:30)
	at java.base/java.lang.Thread.run(Thread.java:1583)
2025-05-13 07:44:31,696 [grpc-default-executor-0] ERROR impl.OrderedAsync (OrderedAsync.java:lambda$null$6(215)) -  client-C4877CDCD2FA: Failed* RaftClientRequest:client-C4877CDCD2FA->c7e37fed-ffe8-4455-9e33-59458259ae49@group-BD937A2D3539, cid=1, seq=1*, Watch(0), null
java.util.concurrent.CompletionException: java.io.IOException: org.apache.ratis.thirdparty.io.grpc.StatusRuntimeException: UNAVAILABLE: io exception
	at java.base/java.util.concurrent.CompletableFuture.encodeThrowable(CompletableFuture.java:332)
	at java.base/java.util.concurrent.CompletableFuture.completeThrowable(CompletableFuture.java:347)
	at java.base/java.util.concurrent.CompletableFuture$UniAccept.tryFire(CompletableFuture.java:708)
	at java.base/java.util.concurrent.CompletableFuture.postComplete(CompletableFuture.java:510)
	at java.base/java.util.concurrent.CompletableFuture.completeExceptionally(CompletableFuture.java:2194)
	at org.apache.ratis.grpc.client.GrpcClientProtocolClient$AsyncStreamObservers.completeReplyExceptionally(GrpcClientProtocolClient.java:397)
	at org.apache.ratis.grpc.client.GrpcClientProtocolClient$AsyncStreamObservers.access$000(GrpcClientProtocolClient.java:303)
	at org.apache.ratis.grpc.client.GrpcClientProtocolClient$AsyncStreamObservers$1.onError(GrpcClientProtocolClient.java:334)
	at org.apache.ratis.thirdparty.io.grpc.stub.ClientCalls$StreamObserverToCallListenerAdapter.onClose(ClientCalls.java:481)
	at org.apache.ratis.thirdparty.io.grpc.PartialForwardingClientCallListener.onClose(PartialForwardingClientCallListener.java:39)
	at org.apache.ratis.thirdparty.io.grpc.ForwardingClientCallListener.onClose(ForwardingClientCallListener.java:23)
	at org.apache.ratis.grpc.metrics.intercept.client.MetricClientCallListener.onClose(MetricClientCallListener.java:47)
	at org.apache.ratis.thirdparty.io.grpc.internal.ClientCallImpl.closeObserver(ClientCallImpl.java:567)
	at org.apache.ratis.thirdparty.io.grpc.internal.ClientCallImpl.access$300(ClientCallImpl.java:71)
	at org.apache.ratis.thirdparty.io.grpc.internal.ClientCallImpl$ClientStreamListenerImpl$1StreamClosed.runInternal(ClientCallImpl.java:735)
	at org.apache.ratis.thirdparty.io.grpc.internal.ClientCallImpl$ClientStreamListenerImpl$1StreamClosed.runInContext(ClientCallImpl.java:716)
	at org.apache.ratis.thirdparty.io.grpc.internal.ContextRunnable.run(ContextRunnable.java:37)
	at org.apache.ratis.thirdparty.io.grpc.internal.SerializingExecutor.run(SerializingExecutor.java:133)
	at java.base/java.util.concurrent.ThreadPoolExecutor.runWorker(ThreadPoolExecutor.java:1144)
	at java.base/java.util.concurrent.ThreadPoolExecutor$Worker.run(ThreadPoolExecutor.java:642)
	at java.base/java.lang.Thread.run(Thread.java:1583)
Caused by: java.io.IOException: org.apache.ratis.thirdparty.io.grpc.StatusRuntimeException: UNAVAILABLE: io exception
	at org.apache.ratis.grpc.GrpcUtil.unwrapException(GrpcUtil.java:99)
	at org.apache.ratis.grpc.GrpcUtil.unwrapIOException(GrpcUtil.java:159)
	at org.apache.ratis.grpc.client.GrpcClientProtocolClient$AsyncStreamObservers$1.onError(GrpcClientProtocolClient.java:333)
	... 13 more
Caused by: org.apache.ratis.thirdparty.io.grpc.StatusRuntimeException: UNAVAILABLE: io exception
	at org.apache.ratis.thirdparty.io.grpc.Status.asRuntimeException(Status.java:537)
	... 13 more
Caused by: org.apache.ratis.thirdparty.io.netty.channel.AbstractChannel$AnnotatedConnectException: finishConnect(..) failed: Connection refused: pkrvmberfyhpb9w/10.1.0.33:15039
Caused by: java.net.ConnectException: finishConnect(..) failed: Connection refused
	at org.apache.ratis.thirdparty.io.netty.channel.unix.Errors.newConnectException0(Errors.java:166)
	at org.apache.ratis.thirdparty.io.netty.channel.unix.Errors.handleConnectErrno(Errors.java:131)
	at org.apache.ratis.thirdparty.io.netty.channel.unix.Socket.finishConnect(Socket.java:359)
	at org.apache.ratis.thirdparty.io.netty.channel.epoll.AbstractEpollChannel$AbstractEpollUnsafe.doFinishConnect(AbstractEpollChannel.java:715)
	at org.apache.ratis.thirdparty.io.netty.channel.epoll.AbstractEpollChannel$AbstractEpollUnsafe.finishConnect(AbstractEpollChannel.java:692)
	at org.apache.ratis.thirdparty.io.netty.channel.epoll.AbstractEpollChannel$AbstractEpollUnsafe.epollOutReady(AbstractEpollChannel.java:567)
	at org.apache.ratis.thirdparty.io.netty.channel.epoll.EpollEventLoop.processReady(EpollEventLoop.java:491)
	at org.apache.ratis.thirdparty.io.netty.channel.epoll.EpollEventLoop.run(EpollEventLoop.java:399)
	at org.apache.ratis.thirdparty.io.netty.util.concurrent.SingleThreadEventExecutor$4.run(SingleThreadEventExecutor.java:997)
	at org.apache.ratis.thirdparty.io.netty.util.internal.ThreadExecutorMap$2.run(ThreadExecutorMap.java:74)
	at org.apache.ratis.thirdparty.io.netty.util.concurrent.FastThreadLocalRunnable.run(FastThreadLocalRunnable.java:30)
	at java.base/java.lang.Thread.run(Thread.java:1583)
2025-05-13 07:44:33,176 [om1-om-CertificateRenewerService] INFO  retry.RetryInvocationHandler (RetryInvocationHandler.java:log(426)) - com.google.protobuf.ServiceException: java.net.ConnectException: Call From pkrvmberfyhpb9w/10.1.0.33 to localhost:15024 failed on connection exception: java.net.ConnectException: Connection refused; For more details see:  http://wiki.apache.org/hadoop/ConnectionRefused, while invoking $Proxy45.submitRequest over nodeId=scmNodeId,nodeAddress=localhost/127.0.0.1:15024 after 33 failover attempts. Trying to failover after sleeping for 2000ms. Current retry count: 33.
2025-05-13 07:44:35,180 [om1-om-CertificateRenewerService] INFO  retry.RetryInvocationHandler (RetryInvocationHandler.java:log(426)) - com.google.protobuf.ServiceException: java.net.ConnectException: Call From pkrvmberfyhpb9w/10.1.0.33 to localhost:15024 failed on connection exception: java.net.ConnectException: Connection refused; For more details see:  http://wiki.apache.org/hadoop/ConnectionRefused, while invoking $Proxy45.submitRequest over nodeId=scmNodeId,nodeAddress=localhost/127.0.0.1:15024 after 34 failover attempts. Trying to failover after sleeping for 2000ms. Current retry count: 34.
2025-05-13 07:44:36,225 [grpc-default-executor-0] ERROR impl.OrderedAsync (OrderedAsync.java:lambda$send$4(181)) - Failed to send request, message=null
java.util.concurrent.CompletionException: org.apache.ratis.protocol.exceptions.RaftRetryFailureException: Failed RaftClientRequest:client-C4877CDCD2FA->c7e37fed-ffe8-4455-9e33-59458259ae49@group-BD937A2D3539, cid=1, seq=1*, Watch(0), null for 120 attempts with RetryLimited(maxAttempts=120, sleepTime=500ms)
	at java.base/java.util.concurrent.CompletableFuture.encodeThrowable(CompletableFuture.java:332)
	at java.base/java.util.concurrent.CompletableFuture.completeThrowable(CompletableFuture.java:347)
	at java.base/java.util.concurrent.CompletableFuture$UniApply.tryFire(CompletableFuture.java:636)
	at java.base/java.util.concurrent.CompletableFuture.postComplete(CompletableFuture.java:510)
	at java.base/java.util.concurrent.CompletableFuture.completeExceptionally(CompletableFuture.java:2194)
	at org.apache.ratis.client.impl.OrderedAsync$PendingOrderedRequest.fail(OrderedAsync.java:111)
	at org.apache.ratis.util.SlidingWindow$Client.fail(SlidingWindow.java:395)
	at org.apache.ratis.client.impl.OrderedAsync.failAllAsyncRequests(OrderedAsync.java:155)
	at org.apache.ratis.client.impl.OrderedAsync.handleException(OrderedAsync.java:239)
	at org.apache.ratis.client.impl.OrderedAsync.lambda$sendRequestWithRetry$7(OrderedAsync.java:217)
	at java.base/java.util.concurrent.CompletableFuture.uniExceptionally(CompletableFuture.java:990)
	at java.base/java.util.concurrent.CompletableFuture$UniExceptionally.tryFire(CompletableFuture.java:974)
	at java.base/java.util.concurrent.CompletableFuture.postComplete(CompletableFuture.java:510)
	at java.base/java.util.concurrent.CompletableFuture.completeExceptionally(CompletableFuture.java:2194)
	at org.apache.ratis.grpc.client.GrpcClientProtocolClient$AsyncStreamObservers.completeReplyExceptionally(GrpcClientProtocolClient.java:397)
	at org.apache.ratis.grpc.client.GrpcClientProtocolClient$AsyncStreamObservers.access$000(GrpcClientProtocolClient.java:303)
	at org.apache.ratis.grpc.client.GrpcClientProtocolClient$AsyncStreamObservers$1.onError(GrpcClientProtocolClient.java:334)
	at org.apache.ratis.thirdparty.io.grpc.stub.ClientCalls$StreamObserverToCallListenerAdapter.onClose(ClientCalls.java:481)
	at org.apache.ratis.thirdparty.io.grpc.PartialForwardingClientCallListener.onClose(PartialForwardingClientCallListener.java:39)
	at org.apache.ratis.thirdparty.io.grpc.ForwardingClientCallListener.onClose(ForwardingClientCallListener.java:23)
	at org.apache.ratis.grpc.metrics.intercept.client.MetricClientCallListener.onClose(MetricClientCallListener.java:47)
	at org.apache.ratis.thirdparty.io.grpc.internal.ClientCallImpl.closeObserver(ClientCallImpl.java:567)
	at org.apache.ratis.thirdparty.io.grpc.internal.ClientCallImpl.access$300(ClientCallImpl.java:71)
	at org.apache.ratis.thirdparty.io.grpc.internal.ClientCallImpl$ClientStreamListenerImpl$1StreamClosed.runInternal(ClientCallImpl.java:735)
	at org.apache.ratis.thirdparty.io.grpc.internal.ClientCallImpl$ClientStreamListenerImpl$1StreamClosed.runInContext(ClientCallImpl.java:716)
	at org.apache.ratis.thirdparty.io.grpc.internal.ContextRunnable.run(ContextRunnable.java:37)
	at org.apache.ratis.thirdparty.io.grpc.internal.SerializingExecutor.run(SerializingExecutor.java:133)
	at java.base/java.util.concurrent.ThreadPoolExecutor.runWorker(ThreadPoolExecutor.java:1144)
	at java.base/java.util.concurrent.ThreadPoolExecutor$Worker.run(ThreadPoolExecutor.java:642)
	at java.base/java.lang.Thread.run(Thread.java:1583)
Caused by: org.apache.ratis.protocol.exceptions.RaftRetryFailureException: Failed RaftClientRequest:client-C4877CDCD2FA->c7e37fed-ffe8-4455-9e33-59458259ae49@group-BD937A2D3539, cid=1, seq=1*, Watch(0), null for 120 attempts with RetryLimited(maxAttempts=120, sleepTime=500ms)
	at org.apache.ratis.client.impl.RaftClientImpl.noMoreRetries(RaftClientImpl.java:352)
	... 22 more
Caused by: java.io.IOException: org.apache.ratis.thirdparty.io.grpc.StatusRuntimeException: UNAVAILABLE: io exception
	at org.apache.ratis.grpc.GrpcUtil.unwrapException(GrpcUtil.java:99)
	at org.apache.ratis.grpc.GrpcUtil.unwrapIOException(GrpcUtil.java:159)
	at org.apache.ratis.grpc.client.GrpcClientProtocolClient$AsyncStreamObservers$1.onError(GrpcClientProtocolClient.java:333)
	... 13 more
Caused by: org.apache.ratis.thirdparty.io.grpc.StatusRuntimeException: UNAVAILABLE: io exception
	at org.apache.ratis.thirdparty.io.grpc.Status.asRuntimeException(Status.java:537)
	... 13 more
Caused by: org.apache.ratis.thirdparty.io.netty.channel.AbstractChannel$AnnotatedConnectException: finishConnect(..) failed: Connection refused: pkrvmberfyhpb9w/10.1.0.33:15039
Caused by: java.net.ConnectException: finishConnect(..) failed: Connection refused
	at org.apache.ratis.thirdparty.io.netty.channel.unix.Errors.newConnectException0(Errors.java:166)
	at org.apache.ratis.thirdparty.io.netty.channel.unix.Errors.handleConnectErrno(Errors.java:131)
	at org.apache.ratis.thirdparty.io.netty.channel.unix.Socket.finishConnect(Socket.java:359)
	at org.apache.ratis.thirdparty.io.netty.channel.epoll.AbstractEpollChannel$AbstractEpollUnsafe.doFinishConnect(AbstractEpollChannel.java:715)
	at org.apache.ratis.thirdparty.io.netty.channel.epoll.AbstractEpollChannel$AbstractEpollUnsafe.finishConnect(AbstractEpollChannel.java:692)
	at org.apache.ratis.thirdparty.io.netty.channel.epoll.AbstractEpollChannel$AbstractEpollUnsafe.epollOutReady(AbstractEpollChannel.java:567)
	at org.apache.ratis.thirdparty.io.netty.channel.epoll.EpollEventLoop.processReady(EpollEventLoop.java:491)
	at org.apache.ratis.thirdparty.io.netty.channel.epoll.EpollEventLoop.run(EpollEventLoop.java:399)
	at org.apache.ratis.thirdparty.io.netty.util.concurrent.SingleThreadEventExecutor$4.run(SingleThreadEventExecutor.java:997)
	at org.apache.ratis.thirdparty.io.netty.util.internal.ThreadExecutorMap$2.run(ThreadExecutorMap.java:74)
	at org.apache.ratis.thirdparty.io.netty.util.concurrent.FastThreadLocalRunnable.run(FastThreadLocalRunnable.java:30)
	at java.base/java.lang.Thread.run(Thread.java:1583)
2025-05-13 07:44:36,226 [grpc-default-executor-0] ERROR impl.OrderedAsync (OrderedAsync.java:lambda$send$4(179)) - Failed to send request, message=Message:080512fa0b0a1573746f...(size=1535) due to java.util.concurrent.CompletionException: org.apache.ratis.protocol.exceptions.AlreadyClosedException: SlidingWindow$Client:client-C4877CDCD2FA->RAFT is closed.
2025-05-13 07:44:36,229 [IPC Server handler 0 on default port 15038] ERROR authority.DefaultCAServer (DefaultCAServer.java:requestCertificate(237)) - Unable to issue a certificate.
org.apache.hadoop.hdds.scm.exceptions.SCMException: org.apache.ratis.protocol.exceptions.AlreadyClosedException: SlidingWindow$Client:client-C4877CDCD2FA->RAFT is closed.
	at org.apache.hadoop.hdds.scm.ha.SCMHAInvocationHandler.translateException(SCMHAInvocationHandler.java:163)
	at org.apache.hadoop.hdds.scm.ha.SCMHAInvocationHandler.translateException(SCMHAInvocationHandler.java:149)
	at org.apache.hadoop.hdds.scm.ha.SCMHAInvocationHandler.invokeRatis(SCMHAInvocationHandler.java:113)
	at org.apache.hadoop.hdds.scm.ha.SCMHAInvocationHandler.invoke(SCMHAInvocationHandler.java:72)
	at jdk.proxy2/jdk.proxy2.$Proxy57.storeValidCertificate(Unknown Source)
	at org.apache.hadoop.hdds.security.x509.certificate.authority.DefaultCAServer.signAndStoreCertificate(DefaultCAServer.java:267)
	at org.apache.hadoop.hdds.security.x509.certificate.authority.DefaultCAServer.requestCertificate(DefaultCAServer.java:227)
	at org.apache.hadoop.hdds.scm.server.SCMSecurityProtocolServer.getEncodedCertToString(SCMSecurityProtocolServer.java:347)
	at org.apache.hadoop.hdds.scm.server.SCMSecurityProtocolServer.getOMCertificate(SCMSecurityProtocolServer.java:286)
	at org.apache.hadoop.hdds.scm.protocol.SCMSecurityProtocolServerSideTranslatorPB.getOMCertificate(SCMSecurityProtocolServerSideTranslatorPB.java:268)
	at org.apache.hadoop.hdds.scm.protocol.SCMSecurityProtocolServerSideTranslatorPB.processRequest(SCMSecurityProtocolServerSideTranslatorPB.java:106)
	at org.apache.hadoop.hdds.server.OzoneProtocolMessageDispatcher.processRequest(OzoneProtocolMessageDispatcher.java:87)
	at org.apache.hadoop.hdds.scm.protocol.SCMSecurityProtocolServerSideTranslatorPB.submitRequest(SCMSecurityProtocolServerSideTranslatorPB.java:87)
	at org.apache.hadoop.hdds.protocol.proto.SCMSecurityProtocolProtos$SCMSecurityProtocolService$2.callBlockingMethod(SCMSecurityProtocolProtos.java:18942)
	at org.apache.hadoop.ipc.ProtobufRpcEngine$Server.processCall(ProtobufRpcEngine.java:484)
	at org.apache.hadoop.ipc.ProtobufRpcEngine2$Server$ProtoBufRpcInvoker.call(ProtobufRpcEngine2.java:595)
	at org.apache.hadoop.ipc.ProtobufRpcEngine2$Server$ProtoBufRpcInvoker.call(ProtobufRpcEngine2.java:573)
	at org.apache.hadoop.ipc.RPC$Server.call(RPC.java:1227)
	at org.apache.hadoop.ipc.Server$RpcCall.run(Server.java:1246)
	at org.apache.hadoop.ipc.Server$RpcCall.run(Server.java:1169)
	at java.base/java.security.AccessController.doPrivileged(AccessController.java:714)
	at java.base/javax.security.auth.Subject.doAs(Subject.java:525)
	at org.apache.hadoop.security.UserGroupInformation.doAs(UserGroupInformation.java:1953)
	at org.apache.hadoop.ipc.Server$Handler.run(Server.java:3198)
Caused by: org.apache.ratis.protocol.exceptions.AlreadyClosedException: SlidingWindow$Client:client-C4877CDCD2FA->RAFT is closed.
	at org.apache.ratis.util.SlidingWindow$Client.alreadyClosed(SlidingWindow.java:409)
	at org.apache.ratis.util.SlidingWindow$Client.fail(SlidingWindow.java:397)
	at org.apache.ratis.client.impl.OrderedAsync.failAllAsyncRequests(OrderedAsync.java:155)
	at org.apache.ratis.client.impl.OrderedAsync.handleException(OrderedAsync.java:239)
	at org.apache.ratis.client.impl.OrderedAsync.lambda$sendRequestWithRetry$7(OrderedAsync.java:217)
	at java.base/java.util.concurrent.CompletableFuture.uniExceptionally(CompletableFuture.java:990)
	at java.base/java.util.concurrent.CompletableFuture$UniExceptionally.tryFire(CompletableFuture.java:974)
	at java.base/java.util.concurrent.CompletableFuture.postComplete(CompletableFuture.java:510)
	at java.base/java.util.concurrent.CompletableFuture.completeExceptionally(CompletableFuture.java:2194)
	at org.apache.ratis.grpc.client.GrpcClientProtocolClient$AsyncStreamObservers.completeReplyExceptionally(GrpcClientProtocolClient.java:397)
	at org.apache.ratis.grpc.client.GrpcClientProtocolClient$AsyncStreamObservers.access$000(GrpcClientProtocolClient.java:303)
	at org.apache.ratis.grpc.client.GrpcClientProtocolClient$AsyncStreamObservers$1.onError(GrpcClientProtocolClient.java:334)
	at org.apache.ratis.thirdparty.io.grpc.stub.ClientCalls$StreamObserverToCallListenerAdapter.onClose(ClientCalls.java:481)
	at org.apache.ratis.thirdparty.io.grpc.PartialForwardingClientCallListener.onClose(PartialForwardingClientCallListener.java:39)
	at org.apache.ratis.thirdparty.io.grpc.ForwardingClientCallListener.onClose(ForwardingClientCallListener.java:23)
	at org.apache.ratis.grpc.metrics.intercept.client.MetricClientCallListener.onClose(MetricClientCallListener.java:47)
	at org.apache.ratis.thirdparty.io.grpc.internal.ClientCallImpl.closeObserver(ClientCallImpl.java:567)
	at org.apache.ratis.thirdparty.io.grpc.internal.ClientCallImpl.access$300(ClientCallImpl.java:71)
	at org.apache.ratis.thirdparty.io.grpc.internal.ClientCallImpl$ClientStreamListenerImpl$1StreamClosed.runInternal(ClientCallImpl.java:735)
	at org.apache.ratis.thirdparty.io.grpc.internal.ClientCallImpl$ClientStreamListenerImpl$1StreamClosed.runInContext(ClientCallImpl.java:716)
	at org.apache.ratis.thirdparty.io.grpc.internal.ContextRunnable.run(ContextRunnable.java:37)
	at org.apache.ratis.thirdparty.io.grpc.internal.SerializingExecutor.run(SerializingExecutor.java:133)
	at java.base/java.util.concurrent.ThreadPoolExecutor.runWorker(ThreadPoolExecutor.java:1144)
	at java.base/java.util.concurrent.ThreadPoolExecutor$Worker.run(ThreadPoolExecutor.java:642)
	at java.base/java.lang.Thread.run(Thread.java:1583)
Caused by: org.apache.ratis.protocol.exceptions.RaftRetryFailureException: Failed RaftClientRequest:client-C4877CDCD2FA->c7e37fed-ffe8-4455-9e33-59458259ae49@group-BD937A2D3539, cid=1, seq=1*, Watch(0), null for 120 attempts with RetryLimited(maxAttempts=120, sleepTime=500ms)
	at org.apache.ratis.client.impl.RaftClientImpl.noMoreRetries(RaftClientImpl.java:352)
	... 22 more
Caused by: java.io.IOException: org.apache.ratis.thirdparty.io.grpc.StatusRuntimeException: UNAVAILABLE: io exception
	at org.apache.ratis.grpc.GrpcUtil.unwrapException(GrpcUtil.java:99)
	at org.apache.ratis.grpc.GrpcUtil.unwrapIOException(GrpcUtil.java:159)
	at org.apache.ratis.grpc.client.GrpcClientProtocolClient$AsyncStreamObservers$1.onError(GrpcClientProtocolClient.java:333)
	... 13 more
Caused by: org.apache.ratis.thirdparty.io.grpc.StatusRuntimeException: UNAVAILABLE: io exception
	at org.apache.ratis.thirdparty.io.grpc.Status.asRuntimeException(Status.java:537)
	... 13 more
Caused by: org.apache.ratis.thirdparty.io.netty.channel.AbstractChannel$AnnotatedConnectException: finishConnect(..) failed: Connection refused: pkrvmberfyhpb9w/10.1.0.33:15039
Caused by: java.net.ConnectException: finishConnect(..) failed: Connection refused
	at org.apache.ratis.thirdparty.io.netty.channel.unix.Errors.newConnectException0(Errors.java:166)
	at org.apache.ratis.thirdparty.io.netty.channel.unix.Errors.handleConnectErrno(Errors.java:131)
	at org.apache.ratis.thirdparty.io.netty.channel.unix.Socket.finishConnect(Socket.java:359)
	at org.apache.ratis.thirdparty.io.netty.channel.epoll.AbstractEpollChannel$AbstractEpollUnsafe.doFinishConnect(AbstractEpollChannel.java:715)
	at org.apache.ratis.thirdparty.io.netty.channel.epoll.AbstractEpollChannel$AbstractEpollUnsafe.finishConnect(AbstractEpollChannel.java:692)
	at org.apache.ratis.thirdparty.io.netty.channel.epoll.AbstractEpollChannel$AbstractEpollUnsafe.epollOutReady(AbstractEpollChannel.java:567)
	at org.apache.ratis.thirdparty.io.netty.channel.epoll.EpollEventLoop.processReady(EpollEventLoop.java:491)
	at org.apache.ratis.thirdparty.io.netty.channel.epoll.EpollEventLoop.run(EpollEventLoop.java:399)
	at org.apache.ratis.thirdparty.io.netty.util.concurrent.SingleThreadEventExecutor$4.run(SingleThreadEventExecutor.java:997)
	at org.apache.ratis.thirdparty.io.netty.util.internal.ThreadExecutorMap$2.run(ThreadExecutorMap.java:74)
	at org.apache.ratis.thirdparty.io.netty.util.concurrent.FastThreadLocalRunnable.run(FastThreadLocalRunnable.java:30)
	at java.base/java.lang.Thread.run(Thread.java:1583)
2025-05-13 07:44:36,230 [main] ERROR security.OMCertificateClient (DefaultCertificateClient.java:signAndStoreCertificate(1321)) - Error while signing and storing SCM signed certificate.
org.apache.hadoop.hdds.security.exception.SCMSecurityException: org.apache.hadoop.hdds.scm.exceptions.SCMException: org.apache.ratis.protocol.exceptions.AlreadyClosedException: SlidingWindow$Client:client-C4877CDCD2FA->RAFT is closed.
	at org.apache.hadoop.hdds.protocolPB.SCMSecurityProtocolClientSideTranslatorPB.handleError(SCMSecurityProtocolClientSideTranslatorPB.java:113)
	at org.apache.hadoop.hdds.protocolPB.SCMSecurityProtocolClientSideTranslatorPB.submitRequest(SCMSecurityProtocolClientSideTranslatorPB.java:95)
	at org.apache.hadoop.hdds.protocolPB.SCMSecurityProtocolClientSideTranslatorPB.getOMCertChain(SCMSecurityProtocolClientSideTranslatorPB.java:246)
	at org.apache.hadoop.ozone.security.OMCertificateClient.sign(OMCertificateClient.java:117)
	at org.apache.hadoop.hdds.security.x509.certificate.client.DefaultCertificateClient.signAndStoreCertificate(DefaultCertificateClient.java:1299)
	at org.apache.hadoop.hdds.security.x509.certificate.client.DefaultCertificateClient.recoverStateIfNeeded(DefaultCertificateClient.java:803)
	at org.apache.hadoop.hdds.security.x509.certificate.client.DefaultCertificateClient.initWithRecovery(DefaultCertificateClient.java:698)
	at org.apache.hadoop.ozone.om.OzoneManager.initializeSecurity(OzoneManager.java:1553)
	at org.apache.hadoop.ozone.TestSecureOzoneCluster.initializeOmStorage(TestSecureOzoneCluster.java:1371)
	at org.apache.hadoop.ozone.TestSecureOzoneCluster.testSecureOmInitSuccess(TestSecureOzoneCluster.java:886)
	at java.base/jdk.internal.reflect.DirectMethodHandleAccessor.invoke(DirectMethodHandleAccessor.java:103)
	at java.base/java.lang.reflect.Method.invoke(Method.java:580)
	at org.junit.platform.commons.util.ReflectionUtils.invokeMethod(ReflectionUtils.java:775)
	at org.junit.platform.commons.support.ReflectionSupport.invokeMethod(ReflectionSupport.java:479)
	at org.junit.jupiter.engine.execution.MethodInvocation.proceed(MethodInvocation.java:60)
	at org.junit.jupiter.engine.execution.InvocationInterceptorChain$ValidatingInvocation.proceed(InvocationInterceptorChain.java:131)
	at org.junit.jupiter.engine.extension.SameThreadTimeoutInvocation.proceed(SameThreadTimeoutInvocation.java:49)
	at org.junit.jupiter.engine.extension.TimeoutExtension.intercept(TimeoutExtension.java:161)
	at org.junit.jupiter.engine.extension.TimeoutExtension.interceptTestableMethod(TimeoutExtension.java:152)
	at org.junit.jupiter.engine.extension.TimeoutExtension.interceptTestMethod(TimeoutExtension.java:91)
	at org.junit.jupiter.engine.execution.InterceptingExecutableInvoker$ReflectiveInterceptorCall.lambda$ofVoidMethod$0(InterceptingExecutableInvoker.java:112)
	at org.junit.jupiter.engine.execution.InterceptingExecutableInvoker.lambda$invoke$0(InterceptingExecutableInvoker.java:94)
	at org.junit.jupiter.engine.execution.InvocationInterceptorChain$InterceptedInvocation.proceed(InvocationInterceptorChain.java:106)
	at org.junit.jupiter.engine.execution.InvocationInterceptorChain.proceed(InvocationInterceptorChain.java:64)
	at org.junit.jupiter.engine.execution.InvocationInterceptorChain.chainAndInvoke(InvocationInterceptorChain.java:45)
	at org.junit.jupiter.engine.execution.InvocationInterceptorChain.invoke(InvocationInterceptorChain.java:37)
	at org.junit.jupiter.engine.execution.InterceptingExecutableInvoker.invoke(InterceptingExecutableInvoker.java:93)
	at org.junit.jupiter.engine.execution.InterceptingExecutableInvoker.invoke(InterceptingExecutableInvoker.java:87)
	at org.junit.jupiter.engine.descriptor.TestMethodTestDescriptor.lambda$invokeTestMethod$7(TestMethodTestDescriptor.java:216)
	at org.junit.platform.engine.support.hierarchical.ThrowableCollector.execute(ThrowableCollector.java:73)
	at org.junit.jupiter.engine.descriptor.TestMethodTestDescriptor.invokeTestMethod(TestMethodTestDescriptor.java:212)
	at org.junit.jupiter.engine.descriptor.TestMethodTestDescriptor.execute(TestMethodTestDescriptor.java:137)
	at org.junit.jupiter.engine.descriptor.TestMethodTestDescriptor.execute(TestMethodTestDescriptor.java:69)
	at org.junit.platform.engine.support.hierarchical.NodeTestTask.lambda$executeRecursively$6(NodeTestTask.java:156)
	at org.junit.platform.engine.support.hierarchical.ThrowableCollector.execute(ThrowableCollector.java:73)
	at org.junit.platform.engine.support.hierarchical.NodeTestTask.lambda$executeRecursively$8(NodeTestTask.java:146)
	at org.junit.platform.engine.support.hierarchical.Node.around(Node.java:137)
	at org.junit.platform.engine.support.hierarchical.NodeTestTask.lambda$executeRecursively$9(NodeTestTask.java:144)
	at org.junit.platform.engine.support.hierarchical.ThrowableCollector.execute(ThrowableCollector.java:73)
	at org.junit.platform.engine.support.hierarchical.NodeTestTask.executeRecursively(NodeTestTask.java:143)
	at org.junit.platform.engine.support.hierarchical.NodeTestTask.execute(NodeTestTask.java:100)
	at java.base/java.util.ArrayList.forEach(ArrayList.java:1596)
	at org.junit.platform.engine.support.hierarchical.SameThreadHierarchicalTestExecutorService.invokeAll(SameThreadHierarchicalTestExecutorService.java:41)
	at org.junit.platform.engine.support.hierarchical.NodeTestTask.lambda$executeRecursively$6(NodeTestTask.java:160)
	at org.junit.platform.engine.support.hierarchical.ThrowableCollector.execute(ThrowableCollector.java:73)
	at org.junit.platform.engine.support.hierarchical.NodeTestTask.lambda$executeRecursively$8(NodeTestTask.java:146)
	at org.junit.platform.engine.support.hierarchical.Node.around(Node.java:137)
	at org.junit.platform.engine.support.hierarchical.NodeTestTask.lambda$executeRecursively$9(NodeTestTask.java:144)
	at org.junit.platform.engine.support.hierarchical.ThrowableCollector.execute(ThrowableCollector.java:73)
	at org.junit.platform.engine.support.hierarchical.NodeTestTask.executeRecursively(NodeTestTask.java:143)
	at org.junit.platform.engine.support.hierarchical.NodeTestTask.execute(NodeTestTask.java:100)
	at java.base/java.util.ArrayList.forEach(ArrayList.java:1596)
	at org.junit.platform.engine.support.hierarchical.SameThreadHierarchicalTestExecutorService.invokeAll(SameThreadHierarchicalTestExecutorService.java:41)
	at org.junit.platform.engine.support.hierarchical.NodeTestTask.lambda$executeRecursively$6(NodeTestTask.java:160)
	at org.junit.platform.engine.support.hierarchical.ThrowableCollector.execute(ThrowableCollector.java:73)
	at org.junit.platform.engine.support.hierarchical.NodeTestTask.lambda$executeRecursively$8(NodeTestTask.java:146)
	at org.junit.platform.engine.support.hierarchical.Node.around(Node.java:137)
	at org.junit.platform.engine.support.hierarchical.NodeTestTask.lambda$executeRecursively$9(NodeTestTask.java:144)
	at org.junit.platform.engine.support.hierarchical.ThrowableCollector.execute(ThrowableCollector.java:73)
	at org.junit.platform.engine.support.hierarchical.NodeTestTask.executeRecursively(NodeTestTask.java:143)
	at org.junit.platform.engine.support.hierarchical.NodeTestTask.execute(NodeTestTask.java:100)
	at org.junit.platform.engine.support.hierarchical.SameThreadHierarchicalTestExecutorService.submit(SameThreadHierarchicalTestExecutorService.java:35)
	at org.junit.platform.engine.support.hierarchical.HierarchicalTestExecutor.execute(HierarchicalTestExecutor.java:57)
	at org.junit.platform.engine.support.hierarchical.HierarchicalTestEngine.execute(HierarchicalTestEngine.java:54)
	at org.junit.platform.launcher.core.EngineExecutionOrchestrator.execute(EngineExecutionOrchestrator.java:201)
	at org.junit.platform.launcher.core.EngineExecutionOrchestrator.execute(EngineExecutionOrchestrator.java:170)
	at org.junit.platform.launcher.core.EngineExecutionOrchestrator.execute(EngineExecutionOrchestrator.java:94)
	at org.junit.platform.launcher.core.EngineExecutionOrchestrator.lambda$execute$0(EngineExecutionOrchestrator.java:59)
	at org.junit.platform.launcher.core.EngineExecutionOrchestrator.withInterceptedStreams(EngineExecutionOrchestrator.java:142)
	at org.junit.platform.launcher.core.EngineExecutionOrchestrator.execute(EngineExecutionOrchestrator.java:58)
	at org.junit.platform.launcher.core.DefaultLauncher.execute(DefaultLauncher.java:103)
	at org.junit.platform.launcher.core.DefaultLauncher.execute(DefaultLauncher.java:85)
	at org.junit.platform.launcher.core.DelegatingLauncher.execute(DelegatingLauncher.java:47)
	at org.junit.platform.launcher.core.InterceptingLauncher.lambda$execute$1(InterceptingLauncher.java:39)
	at org.junit.platform.launcher.core.ClasspathAlignmentCheckingLauncherInterceptor.intercept(ClasspathAlignmentCheckingLauncherInterceptor.java:25)
	at org.junit.platform.launcher.core.InterceptingLauncher.execute(InterceptingLauncher.java:38)
	at org.junit.platform.launcher.core.DelegatingLauncher.execute(DelegatingLauncher.java:47)
	at org.apache.maven.surefire.junitplatform.LazyLauncher.execute(LazyLauncher.java:56)
	at org.apache.maven.surefire.junitplatform.JUnitPlatformProvider.execute(JUnitPlatformProvider.java:184)
	at org.apache.maven.surefire.junitplatform.JUnitPlatformProvider.invokeAllTests(JUnitPlatformProvider.java:148)
	at org.apache.maven.surefire.junitplatform.JUnitPlatformProvider.invoke(JUnitPlatformProvider.java:120)
	at org.apache.maven.surefire.booter.ForkedBooter.runSuitesInProcess(ForkedBooter.java:385)
	at org.apache.maven.surefire.booter.ForkedBooter.execute(ForkedBooter.java:162)
	at org.apache.maven.surefire.booter.ForkedBooter.run(ForkedBooter.java:507)
	at org.apache.maven.surefire.booter.ForkedBooter.main(ForkedBooter.java:495)
2025-05-13 07:44:36,231 [main] INFO  server.StorageContainerManager (StorageContainerManager.java:stop(1608)) - Container Balancer is not running.
2025-05-13 07:44:36,231 [main] INFO  server.StorageContainerManager (StorageContainerManager.java:stopReplicationManager(1742)) - Stopping Replication Manager Service.
2025-05-13 07:44:36,231 [main] INFO  replication.ReplicationManager (ReplicationManager.java:stop(316)) - Stopping Replication Monitor Thread.
2025-05-13 07:44:36,231 [main] INFO  server.StorageContainerManager (StorageContainerManager.java:stop(1617)) - Stopping the Datanode Admin Monitor.
2025-05-13 07:44:36,231 [main] INFO  server.StorageContainerManager (StorageContainerManager.java:stop(1624)) - Stopping datanode service RPC server
2025-05-13 07:44:36,231 [main] INFO  server.SCMDatanodeProtocolServer (SCMDatanodeProtocolServer.java:stop(447)) - Stopping the RPC server for DataNodes
2025-05-13 07:44:36,231 [main] INFO  ipc.Server (Server.java:stop(3697)) - Stopping server on 15036
2025-05-13 07:44:36,232 [UnderReplicatedProcessor] WARN  replication.UnhealthyReplicationProcessor (UnhealthyReplicationProcessor.java:run(178)) - UnderReplicatedProcessor interrupted. Exiting...
2025-05-13 07:44:36,232 [OverReplicatedProcessor] WARN  replication.UnhealthyReplicationProcessor (UnhealthyReplicationProcessor.java:run(178)) - OverReplicatedProcessor interrupted. Exiting...
2025-05-13 07:44:36,231 [ReplicationMonitor] INFO  replication.ReplicationManager (ReplicationManager.java:run(936)) - Replication Monitor Thread is stopped
2025-05-13 07:44:36,240 [IPC Server listener on 15036] INFO  ipc.Server (Server.java:run(1585)) - Stopping IPC Server listener on 15036
2025-05-13 07:44:36,242 [IPC Server Responder] INFO  ipc.Server (Server.java:run(1718)) - Stopping IPC Server Responder
2025-05-13 07:44:36,272 [SCMHeartbeatProcessor-0] WARN  node.NodeStateManager (NodeStateManager.java:scheduleNextHealthCheck(909)) - Current Thread is interrupted, shutting down HB processing thread for Node Manager.
2025-05-13 07:44:36,272 [main] INFO  server.StorageContainerManager (StorageContainerManager.java:stop(1632)) - Stopping block service RPC server
2025-05-13 07:44:36,272 [main] INFO  server.SCMBlockProtocolServer (SCMBlockProtocolServer.java:stop(175)) - Stopping the RPC server for Block Protocol
2025-05-13 07:44:36,272 [main] INFO  ipc.Server (Server.java:stop(3697)) - Stopping server on 15037
2025-05-13 07:44:36,277 [IPC Server listener on 15037] INFO  ipc.Server (Server.java:run(1585)) - Stopping IPC Server listener on 15037
2025-05-13 07:44:36,277 [IPC Server Responder] INFO  ipc.Server (Server.java:run(1718)) - Stopping IPC Server Responder
2025-05-13 07:44:36,277 [main] INFO  server.StorageContainerManager (StorageContainerManager.java:stop(1639)) - Stopping the StorageContainerLocationProtocol RPC server
2025-05-13 07:44:36,277 [main] INFO  server.SCMClientProtocolServer (SCMClientProtocolServer.java:stop(216)) - Stopping the RPC server for Client Protocol
2025-05-13 07:44:36,277 [main] INFO  ipc.Server (Server.java:stop(3697)) - Stopping server on 15035
2025-05-13 07:44:36,282 [IPC Server listener on 15035] INFO  ipc.Server (Server.java:run(1585)) - Stopping IPC Server listener on 15035
2025-05-13 07:44:36,282 [IPC Server Responder] INFO  ipc.Server (Server.java:run(1718)) - Stopping IPC Server Responder
2025-05-13 07:44:36,283 [main] INFO  server.StorageContainerManager (StorageContainerManager.java:stop(1646)) - Stopping Storage Container Manager HTTP server.
2025-05-13 07:44:36,285 [main] INFO  handler.ContextHandler (ContextHandler.java:doStop(1159)) - Stopped o.e.j.w.WebAppContext@6de00147{scm,/,null,STOPPED}{file:/home/runner/work/ozone/ozone/hadoop-ozone/integration-test/target/test-classes/webapps/scm}
2025-05-13 07:44:36,286 [main] INFO  server.AbstractConnector (AbstractConnector.java:doStop(383)) - Stopped ServerConnector@5717eea2{HTTP/1.1, (http/1.1)}{0.0.0.0:9876}
2025-05-13 07:44:36,286 [main] INFO  server.session (HouseKeeper.java:stopScavenging(149)) - node0 Stopped scavenging
2025-05-13 07:44:36,286 [main] INFO  handler.ContextHandler (ContextHandler.java:doStop(1159)) - Stopped o.e.j.s.ServletContextHandler@59a01c50{static,/static,file:///home/runner/work/ozone/ozone/hadoop-ozone/integration-test/target/test-classes/webapps/static,STOPPED}
2025-05-13 07:44:36,287 [main] INFO  handler.ContextHandler (ContextHandler.java:doStop(1159)) - Stopped o.e.j.s.ServletContextHandler@69823333{logs,/logs,file:///home/runner/work/ozone/ozone/hadoop-ozone/integration-test/target/log,STOPPED}
2025-05-13 07:44:36,288 [main] INFO  server.StorageContainerManager (StorageContainerManager.java:stop(1654)) - Stopping SCM LayoutVersionManager Service.
2025-05-13 07:44:36,288 [main] INFO  server.SCMSecurityProtocolServer (SCMSecurityProtocolServer.java:stop(510)) - Stopping the SCMSecurityProtocolServer.
2025-05-13 07:44:36,288 [main] INFO  ipc.Server (Server.java:stop(3697)) - Stopping server on 15038
2025-05-13 07:44:36,288 [IPC Server listener on 15038] INFO  ipc.Server (Server.java:run(1585)) - Stopping IPC Server listener on 15038
2025-05-13 07:44:36,288 [IPC Server Responder] INFO  ipc.Server (Server.java:run(1718)) - Stopping IPC Server Responder
2025-05-13 07:44:36,289 [main] INFO  server.StorageContainerManager (StorageContainerManager.java:stop(1666)) - Stopping Block Manager Service.
2025-05-13 07:44:36,289 [main] INFO  utils.BackgroundService (BackgroundService.java:shutdown(160)) - Shutting down service SCMBlockDeletingService
2025-05-13 07:44:36,289 [main] INFO  utils.BackgroundService (BackgroundService.java:shutdown(160)) - Shutting down service SCMBlockDeletingService
2025-05-13 07:44:36,290 [main] INFO  server.StorageContainerManager (StorageContainerManager.java:stop(1691)) - Stopping SCM Event Queue.
2025-05-13 07:44:36,290 [main] INFO  server.StorageContainerManager (StorageContainerManager.java:stop(1698)) - Stopping SCM HA services.
2025-05-13 07:44:36,290 [main] INFO  ha.SCMRatisServerImpl (SCMRatisServerImpl.java:stop(266)) - stopping ratis server 0.0.0.0:15039
2025-05-13 07:44:36,291 [main] INFO  server.RaftServer (RaftServerProxy.java:lambda$close$9(417)) - c7e37fed-ffe8-4455-9e33-59458259ae49: close
2025-05-13 07:44:36,298 [main] INFO  server.GrpcService (GrpcService.java:closeImpl(343)) - c7e37fed-ffe8-4455-9e33-59458259ae49: shutdown server GrpcServerProtocolService now
2025-05-13 07:44:36,298 [c7e37fed-ffe8-4455-9e33-59458259ae49-impl-thread2] INFO  server.RaftServer$Division (RaftServerImpl.java:lambda$close$1(513)) - c7e37fed-ffe8-4455-9e33-59458259ae49@group-BD937A2D3539: shutdown
2025-05-13 07:44:36,299 [c7e37fed-ffe8-4455-9e33-59458259ae49-impl-thread2] INFO  util.JmxRegister (JmxRegister.java:unregister(74)) - Successfully un-registered JMX Bean with object name Ratis:service=RaftServer,group=group-BD937A2D3539,id=c7e37fed-ffe8-4455-9e33-59458259ae49
2025-05-13 07:44:36,299 [c7e37fed-ffe8-4455-9e33-59458259ae49-impl-thread2] INFO  impl.RoleInfo (RoleInfo.java:shutdownLeaderState(103)) - c7e37fed-ffe8-4455-9e33-59458259ae49: shutdown c7e37fed-ffe8-4455-9e33-59458259ae49@group-BD937A2D3539-LeaderStateImpl
2025-05-13 07:44:36,299 [c7e37fed-ffe8-4455-9e33-59458259ae49-impl-thread2] INFO  impl.PendingRequests (PendingRequests.java:sendNotLeaderResponses(287)) - c7e37fed-ffe8-4455-9e33-59458259ae49@group-BD937A2D3539-PendingRequests: sendNotLeaderResponses
2025-05-13 07:44:36,299 [c7e37fed-ffe8-4455-9e33-59458259ae49-impl-thread2] INFO  ha.SCMStateMachine (SCMStateMachine.java:notifyNotLeader(211)) - current leader SCM steps down.
2025-05-13 07:44:36,299 [c7e37fed-ffe8-4455-9e33-59458259ae49-impl-thread2] INFO  ha.SCMContext (SCMContext.java:updateLeaderAndTerm(95)) - update <isLeader,term> from <true,2> to <false,0>
2025-05-13 07:44:36,299 [c7e37fed-ffe8-4455-9e33-59458259ae49-impl-thread2] INFO  ha.SCMContext (SCMContext.java:updateLeaderAndTerm(101)) - update <isLeaderReady> from <true> to <false>
2025-05-13 07:44:36,300 [c7e37fed-ffe8-4455-9e33-59458259ae49-impl-thread2] INFO  impl.StateMachineUpdater (StateMachineUpdater.java:stopAndJoin(164)) - c7e37fed-ffe8-4455-9e33-59458259ae49@group-BD937A2D3539-StateMachineUpdater: set stopIndex = 8
2025-05-13 07:44:36,300 [main] INFO  server.GrpcService (GrpcService.java:closeImpl(352)) - c7e37fed-ffe8-4455-9e33-59458259ae49: shutdown server GrpcServerProtocolService successfully
2025-05-13 07:44:36,301 [c7e37fed-ffe8-4455-9e33-59458259ae49@group-BD937A2D3539-StateMachineUpdater] INFO  ha.SCMStateMachine (SCMStateMachine.java:takeSnapshot(330)) - Current Snapshot Index 8, takeSnapshot took 1 ms
2025-05-13 07:44:36,301 [c7e37fed-ffe8-4455-9e33-59458259ae49@group-BD937A2D3539-StateMachineUpdater] INFO  impl.StateMachineUpdater (StateMachineUpdater.java:takeSnapshot(303)) - c7e37fed-ffe8-4455-9e33-59458259ae49@group-BD937A2D3539-StateMachineUpdater: Took a snapshot at index 8
2025-05-13 07:44:36,301 [c7e37fed-ffe8-4455-9e33-59458259ae49@group-BD937A2D3539-StateMachineUpdater] INFO  impl.StateMachineUpdater (StateMachineUpdater.java:lambda$new$0(102)) - c7e37fed-ffe8-4455-9e33-59458259ae49@group-BD937A2D3539-StateMachineUpdater: snapshotIndex: updateIncreasingly -1 -> 8
2025-05-13 07:44:36,301 [c7e37fed-ffe8-4455-9e33-59458259ae49@group-BD937A2D3539-StateMachineUpdater] INFO  impl.StateMachineUpdater (StateMachineUpdater.java:stop(141)) - c7e37fed-ffe8-4455-9e33-59458259ae49@group-BD937A2D3539-StateMachineUpdater: closing SCMStateMachine, lastApplied=(t:2, i:8)
2025-05-13 07:44:36,302 [c7e37fed-ffe8-4455-9e33-59458259ae49@group-BD937A2D3539-cacheEviction-AwaitToRun] INFO  util.AwaitToRun (AwaitToRun.java:run(49)) - c7e37fed-ffe8-4455-9e33-59458259ae49@group-BD937A2D3539-cacheEviction-AwaitToRun-AwaitForSignal is interrupted
2025-05-13 07:44:36,696 [timer5] ERROR impl.OrderedAsync (OrderedAsync.java:lambda$null$6(215)) -  (Repeated 10 times in the last 5.000s) client-C4877CDCD2FA: Failed* RaftClientRequest:client-C4877CDCD2FA->c7e37fed-ffe8-4455-9e33-59458259ae49@group-BD937A2D3539, cid=1, seq=1*, Watch(0), null
java.util.concurrent.CompletionException: java.io.IOException: org.apache.ratis.thirdparty.io.grpc.StatusRuntimeException: UNAVAILABLE: io exception
	at java.base/java.util.concurrent.CompletableFuture.encodeThrowable(CompletableFuture.java:332)
	at java.base/java.util.concurrent.CompletableFuture.completeThrowable(CompletableFuture.java:347)
	at java.base/java.util.concurrent.CompletableFuture$UniAccept.tryFire(CompletableFuture.java:708)
	at java.base/java.util.concurrent.CompletableFuture.postComplete(CompletableFuture.java:510)
	at java.base/java.util.concurrent.CompletableFuture.completeExceptionally(CompletableFuture.java:2194)
	at org.apache.ratis.grpc.client.GrpcClientProtocolClient$AsyncStreamObservers.completeReplyExceptionally(GrpcClientProtocolClient.java:397)
	at org.apache.ratis.grpc.client.GrpcClientProtocolClient$AsyncStreamObservers.access$000(GrpcClientProtocolClient.java:303)
	at org.apache.ratis.grpc.client.GrpcClientProtocolClient$AsyncStreamObservers$1.onError(GrpcClientProtocolClient.java:334)
	at org.apache.ratis.thirdparty.io.grpc.stub.ClientCalls$StreamObserverToCallListenerAdapter.onClose(ClientCalls.java:481)
	at org.apache.ratis.thirdparty.io.grpc.PartialForwardingClientCallListener.onClose(PartialForwardingClientCallListener.java:39)
	at org.apache.ratis.thirdparty.io.grpc.ForwardingClientCallListener.onClose(ForwardingClientCallListener.java:23)
	at org.apache.ratis.grpc.metrics.intercept.client.MetricClientCallListener.onClose(MetricClientCallListener.java:47)
	at org.apache.ratis.thirdparty.io.grpc.internal.ClientCallImpl.closeObserver(ClientCallImpl.java:567)
	at org.apache.ratis.thirdparty.io.grpc.internal.ClientCallImpl.access$300(ClientCallImpl.java:71)
	at org.apache.ratis.thirdparty.io.grpc.internal.ClientCallImpl$ClientStreamListenerImpl$1StreamClosed.runInternal(ClientCallImpl.java:735)
	at org.apache.ratis.thirdparty.io.grpc.internal.ClientCallImpl$ClientStreamListenerImpl$1StreamClosed.runInContext(ClientCallImpl.java:716)
	at org.apache.ratis.thirdparty.io.grpc.internal.ContextRunnable.run(ContextRunnable.java:37)
	at org.apache.ratis.thirdparty.io.grpc.internal.SerializingExecutor.run(SerializingExecutor.java:133)
	at java.base/java.util.concurrent.ThreadPoolExecutor.runWorker(ThreadPoolExecutor.java:1144)
	at java.base/java.util.concurrent.ThreadPoolExecutor$Worker.run(ThreadPoolExecutor.java:642)
	at java.base/java.lang.Thread.run(Thread.java:1583)
Caused by: java.io.IOException: org.apache.ratis.thirdparty.io.grpc.StatusRuntimeException: UNAVAILABLE: io exception
	at org.apache.ratis.grpc.GrpcUtil.unwrapException(GrpcUtil.java:99)
	at org.apache.ratis.grpc.GrpcUtil.unwrapIOException(GrpcUtil.java:159)
	at org.apache.ratis.grpc.client.GrpcClientProtocolClient$AsyncStreamObservers$1.onError(GrpcClientProtocolClient.java:333)
	... 13 more
Caused by: org.apache.ratis.thirdparty.io.grpc.StatusRuntimeException: UNAVAILABLE: io exception
	at org.apache.ratis.thirdparty.io.grpc.Status.asRuntimeException(Status.java:537)
	... 13 more
Caused by: org.apache.ratis.thirdparty.io.netty.channel.AbstractChannel$AnnotatedConnectException: finishConnect(..) failed: Connection refused: pkrvmberfyhpb9w/10.1.0.33:15039
Caused by: java.net.ConnectException: finishConnect(..) failed: Connection refused
	at org.apache.ratis.thirdparty.io.netty.channel.unix.Errors.newConnectException0(Errors.java:166)
	at org.apache.ratis.thirdparty.io.netty.channel.unix.Errors.handleConnectErrno(Errors.java:131)
	at org.apache.ratis.thirdparty.io.netty.channel.unix.Socket.finishConnect(Socket.java:359)
	at org.apache.ratis.thirdparty.io.netty.channel.epoll.AbstractEpollChannel$AbstractEpollUnsafe.doFinishConnect(AbstractEpollChannel.java:715)
	at org.apache.ratis.thirdparty.io.netty.channel.epoll.AbstractEpollChannel$AbstractEpollUnsafe.finishConnect(AbstractEpollChannel.java:692)
	at org.apache.ratis.thirdparty.io.netty.channel.epoll.AbstractEpollChannel$AbstractEpollUnsafe.epollOutReady(AbstractEpollChannel.java:567)
	at org.apache.ratis.thirdparty.io.netty.channel.epoll.EpollEventLoop.processReady(EpollEventLoop.java:491)
	at org.apache.ratis.thirdparty.io.netty.channel.epoll.EpollEventLoop.run(EpollEventLoop.java:399)
	at org.apache.ratis.thirdparty.io.netty.util.concurrent.SingleThreadEventExecutor$4.run(SingleThreadEventExecutor.java:997)
	at org.apache.ratis.thirdparty.io.netty.util.internal.ThreadExecutorMap$2.run(ThreadExecutorMap.java:74)
	at org.apache.ratis.thirdparty.io.netty.util.concurrent.FastThreadLocalRunnable.run(FastThreadLocalRunnable.java:30)
	at java.base/java.lang.Thread.run(Thread.java:1583)
2025-05-13 07:44:37,110 [c7e37fed-ffe8-4455-9e33-59458259ae49-impl-thread2] INFO  segmented.SegmentedRaftLogWorker (SegmentedRaftLogWorker.java:close(252)) - c7e37fed-ffe8-4455-9e33-59458259ae49@group-BD937A2D3539-SegmentedRaftLogWorker close()
2025-05-13 07:44:37,111 [JvmPauseMonitor7] INFO  util.JvmPauseMonitor (JvmPauseMonitor.java:run(152)) - JvmPauseMonitor-c7e37fed-ffe8-4455-9e33-59458259ae49: Stopped
2025-05-13 07:44:37,111 [main] INFO  SCMHATransactionMonitor (BackgroundSCMService.java:stop(127)) - Stopping SCMHATransactionMonitor Service.
2025-05-13 07:44:37,111 [SCMHATransactionMonitor] WARN  SCMHATransactionMonitor (BackgroundSCMService.java:run(111)) - SCMHATransactionMonitor is interrupted, exit
2025-05-13 07:44:37,112 [main] INFO  pipeline.BackgroundPipelineCreator (BackgroundPipelineCreator.java:stop(154)) - Stopping RatisPipelineUtilsThread.
2025-05-13 07:44:37,112 [RatisPipelineUtilsThread-0] WARN  pipeline.BackgroundPipelineCreator (BackgroundPipelineCreator.java:run(185)) - RatisPipelineUtilsThread is interrupted.
2025-05-13 07:44:37,112 [BackgroundPipelineScrubber] WARN  BackgroundPipelineScrubber (BackgroundSCMService.java:run(111)) - BackgroundPipelineScrubber is interrupted, exit
2025-05-13 07:44:37,112 [main] INFO  BackgroundPipelineScrubber (BackgroundSCMService.java:stop(127)) - Stopping BackgroundPipelineScrubber Service.
2025-05-13 07:44:37,113 [main] INFO  impl.MetricsSystemImpl (MetricsSystemImpl.java:stop(210)) - Stopping StorageContainerManager metrics system...
2025-05-13 07:44:37,114 [prometheus] INFO  impl.MetricsSinkAdapter (MetricsSinkAdapter.java:publishMetricsFromQueue(141)) - prometheus thread interrupted.
2025-05-13 07:44:37,114 [main] INFO  impl.MetricsSystemImpl (MetricsSystemImpl.java:stop(216)) - StorageContainerManager metrics system stopped.
2025-05-13 07:44:37,114 [main] WARN  pipeline.BackgroundPipelineCreator (BackgroundPipelineCreator.java:stop(150)) - RatisPipelineUtilsThread is not running, just ignore.
2025-05-13 07:44:37,114 [main] INFO  BackgroundPipelineScrubber (BackgroundSCMService.java:stop(122)) - BackgroundPipelineScrubber Service is not running, skip stop.
2025-05-13 07:44:37,114 [main] INFO  ExpiredContainerReplicaOpScrubber (BackgroundSCMService.java:stop(127)) - Stopping ExpiredContainerReplicaOpScrubber Service.
2025-05-13 07:44:37,114 [ExpiredContainerReplicaOpScrubber] WARN  ExpiredContainerReplicaOpScrubber (BackgroundSCMService.java:run(111)) - ExpiredContainerReplicaOpScrubber is interrupted, exit
2025-05-13 07:44:37,114 [main] INFO  utils.BackgroundService (BackgroundService.java:shutdown(160)) - Shutting down service SCMBlockDeletingService
2025-05-13 07:44:37,115 [main] INFO  replication.ReplicationManager (ReplicationManager.java:stop(323)) - Replication Monitor Thread is not running.
2025-05-13 07:44:37,115 [main] WARN  balancer.ContainerBalancer (ContainerBalancer.java:stop(350)) - Cannot stop Container Balancer because it's not running or stopping
2025-05-13 07:44:37,115 [main] INFO  SCMHATransactionMonitor (BackgroundSCMService.java:stop(122)) - SCMHATransactionMonitor Service is not running, skip stop.
2025-05-13 07:44:37,116 [main] INFO  server.StorageContainerManager (StorageContainerManager.java:stop(1733)) - Stopping SCM MetadataStore.
2025-05-13 07:44:37,116 [LeaseManager#LeaseMonitor] WARN  lease.LeaseManager (LeaseManager.java:run(285)) - Lease manager is interrupted. Shutting down...
java.lang.InterruptedException
	at java.base/java.util.concurrent.locks.AbstractQueuedSynchronizer.tryAcquireSharedNanos(AbstractQueuedSynchronizer.java:1133)
	at java.base/java.util.concurrent.Semaphore.tryAcquire(Semaphore.java:415)
	at org.apache.hadoop.ozone.lease.LeaseManager$LeaseMonitor.run(LeaseManager.java:283)
	at java.base/java.lang.Thread.run(Thread.java:1583)
2025-05-13 07:44:37,117 [main] INFO  impl.DefaultInternalKdcServerImpl (DefaultInternalKdcServerImpl.java:doStop(102)) - Default Internal kdc server stopped.
2025-05-13 07:44:37,181 [om1-om-CertificateRenewerService] INFO  retry.RetryInvocationHandler (RetryInvocationHandler.java:log(426)) - com.google.protobuf.ServiceException: java.net.ConnectException: Call From pkrvmberfyhpb9w/10.1.0.33 to localhost:15024 failed on connection exception: java.net.ConnectException: Connection refused; For more details see:  http://wiki.apache.org/hadoop/ConnectionRefused, while invoking $Proxy45.submitRequest over nodeId=scmNodeId,nodeAddress=localhost/127.0.0.1:15024 after 35 failover attempts. Trying to failover after sleeping for 2000ms. Current retry count: 35.
2025-05-13 07:44:38,118 [main] INFO  minikdc.MiniKdc (MiniKdc.java:stop(359)) - MiniKdc stopped.
2025-05-13 07:44:38,118 [main] INFO  server.StorageContainerManager (StorageContainerManager.java:stop(1597)) - Storage Container Manager is not running.
2025-05-13 07:44:38,118 [main] INFO  server.StorageContainerManager (StorageContainerManager.java:stopReplicationManager(1742)) - Stopping Replication Manager Service.
2025-05-13 07:44:38,118 [main] INFO  replication.ReplicationManager (ReplicationManager.java:stop(323)) - Replication Monitor Thread is not running.
2025-05-13 07:44:38,118 [main] INFO  server.SCMSecurityProtocolServer (SCMSecurityProtocolServer.java:join(519)) - Join RPC server for SCMSecurityProtocolServer.
2025-05-13 07:44:38,118 [main] INFO  server.SCMSecurityProtocolServer (SCMSecurityProtocolServer.java:join(521)) - Join gRPC server for SCMSecurityProtocolServer.
]]></system-out>
  </testcase>
  <testcase name="testSecureOmInitializationSuccess" classname="org.apache.hadoop.ozone.TestSecureOzoneCluster" time="9.053">
    <system-out><![CDATA[2025-05-13 07:44:38,151 [main] INFO  minikdc.MiniKdc (MiniKdc.java:<init>(225)) - Configuration:
2025-05-13 07:44:38,151 [main] INFO  minikdc.MiniKdc (MiniKdc.java:<init>(226)) - ---------------------------------------------------------------
2025-05-13 07:44:38,151 [main] INFO  minikdc.MiniKdc (MiniKdc.java:<init>(228)) -   max.renewable.lifetime: 604800000
2025-05-13 07:44:38,151 [main] INFO  minikdc.MiniKdc (MiniKdc.java:<init>(228)) -   instance: DefaultKrbServer
2025-05-13 07:44:38,151 [main] INFO  minikdc.MiniKdc (MiniKdc.java:<init>(228)) -   debug: false
2025-05-13 07:44:38,152 [main] INFO  minikdc.MiniKdc (MiniKdc.java:<init>(228)) -   kdc.bind.address: localhost
2025-05-13 07:44:38,152 [main] INFO  minikdc.MiniKdc (MiniKdc.java:<init>(228)) -   max.ticket.lifetime: 86400000
2025-05-13 07:44:38,152 [main] INFO  minikdc.MiniKdc (MiniKdc.java:<init>(228)) -   transport: TCP
2025-05-13 07:44:38,152 [main] INFO  minikdc.MiniKdc (MiniKdc.java:<init>(228)) -   org.name: EXAMPLE
2025-05-13 07:44:38,152 [main] INFO  minikdc.MiniKdc (MiniKdc.java:<init>(228)) -   org.domain: COM
2025-05-13 07:44:38,152 [main] INFO  minikdc.MiniKdc (MiniKdc.java:<init>(228)) -   kdc.port: 0
2025-05-13 07:44:38,152 [main] INFO  minikdc.MiniKdc (MiniKdc.java:<init>(230)) - ---------------------------------------------------------------
2025-05-13 07:44:38,153 [main] INFO  minikdc.MiniKdc (MiniKdc.java:start(285)) - MiniKdc started.
2025-05-13 07:44:38,382 [main] INFO  keys.KeyStorage (KeyStorage.java:storePublicKey(210)) - Storing public key to /tmp/junit-5323695652344220701/om-meta/om/keys/public.pem.
2025-05-13 07:44:38,382 [main] INFO  keys.KeyStorage (KeyStorage.java:storePrivateKey(194)) - Storing private key to /tmp/junit-5323695652344220701/om-meta/om/keys/private.pem.
2025-05-13 07:44:38,383 [main] INFO  om.OzoneManager (OzoneManager.java:getOmDetailsProto(4941)) - OzoneManager ports added:[name: "RPC"
value: 15048
]
2025-05-13 07:44:38,383 [main] WARN  server.ServerUtils (ServerUtils.java:getScmDbDir(138)) - ozone.scm.db.dirs is not configured. We recommend adding this setting. Falling back to ozone.metadata.dirs instead.
2025-05-13 07:44:38,384 [main] INFO  ha.HASecurityUtils (HASecurityUtils.java:initializeSecurity(79)) - Initializing secure StorageContainerManager.
2025-05-13 07:44:38,384 [main] INFO  proxy.SCMSecurityProtocolFailoverProxyProvider (SCMFailoverProxyProviderBase.java:<init>(120)) - Created fail-over proxy for protocol SCMSecurityProtocolPB with 1 nodes: [nodeId=scmNodeId,nodeAddress=localhost/127.0.0.1:15045]
2025-05-13 07:44:38,385 [main] INFO  client.SCMCertificateClient (DefaultCertificateClient.java:updateCertSerialId(1289)) - Certificate serial ID set to null
2025-05-13 07:44:38,385 [main] ERROR client.SCMCertificateClient (DefaultCertificateClient.java:getCertPath(373)) - Default certificate serial id is not set. Can't locate the default certificate for this client.
2025-05-13 07:44:38,394 [main] INFO  client.SCMCertificateClient (DefaultCertificateClient.java:init(717)) - Certificate client init case: 0
2025-05-13 07:44:38,394 [main] INFO  client.SCMCertificateClient (DefaultCertificateClient.java:handleCase(735)) - Creating keypair for client as keypair and certificate not found.
2025-05-13 07:44:38,617 [main] INFO  keys.KeyStorage (KeyStorage.java:storePublicKey(210)) - Storing public key to /tmp/junit-5323695652344220701/scm-meta/scm/sub-ca/keys/public.pem.
2025-05-13 07:44:38,617 [main] INFO  keys.KeyStorage (KeyStorage.java:storePrivateKey(194)) - Storing private key to /tmp/junit-5323695652344220701/scm-meta/scm/sub-ca/keys/private.pem.
2025-05-13 07:44:38,618 [main] INFO  client.SCMCertificateClient (SCMCertificateClient.java:recoverStateIfNeeded(278)) - Init response: GETCERT
2025-05-13 07:44:38,618 [main] INFO  keys.KeyStorage (KeyStorage.java:readPublicKey(174)) - Reading public key from /tmp/junit-5323695652344220701/scm-meta/scm/ca/keys/public.pem.
2025-05-13 07:44:38,618 [main] ERROR keys.KeyStorage (KeyStorage.java:readPublicKey(178)) - Failed to read the public key.
java.nio.file.NoSuchFileException: /tmp/junit-5323695652344220701/scm-meta/scm/ca/keys/public.pem
	at java.base/sun.nio.fs.UnixException.translateToIOException(UnixException.java:92)
	at java.base/sun.nio.fs.UnixException.rethrowAsIOException(UnixException.java:106)
	at java.base/sun.nio.fs.UnixException.rethrowAsIOException(UnixException.java:111)
	at java.base/sun.nio.fs.UnixFileSystemProvider.newByteChannel(UnixFileSystemProvider.java:261)
	at java.base/java.nio.file.Files.newByteChannel(Files.java:380)
	at java.base/java.nio.file.Files.newByteChannel(Files.java:432)
	at java.base/java.nio.file.Files.readAllBytes(Files.java:3281)
	at org.apache.hadoop.hdds.security.x509.keys.KeyStorage.readPublicKey(KeyStorage.java:176)
	at org.apache.hadoop.hdds.security.x509.keys.KeyStorage.readKeyPair(KeyStorage.java:184)
	at org.apache.hadoop.hdds.security.x509.certificate.authority.DefaultCAServer.checkIfKeysExist(DefaultCAServer.java:354)
	at org.apache.hadoop.hdds.security.x509.certificate.authority.DefaultCAServer.verifySelfSignedCA(DefaultCAServer.java:323)
	at org.apache.hadoop.hdds.security.x509.certificate.authority.DefaultCAServer.init(DefaultCAServer.java:162)
	at org.apache.hadoop.hdds.security.x509.certificate.client.SCMCertificateClient.initializeRootCertificateServer(SCMCertificateClient.java:396)
	at org.apache.hadoop.hdds.security.x509.certificate.client.SCMCertificateClient.getPrimarySCMSelfSignedCert(SCMCertificateClient.java:346)
	at org.apache.hadoop.hdds.security.x509.certificate.client.SCMCertificateClient.recoverStateIfNeeded(SCMCertificateClient.java:287)
	at org.apache.hadoop.hdds.security.x509.certificate.client.DefaultCertificateClient.initWithRecovery(DefaultCertificateClient.java:698)
	at org.apache.hadoop.hdds.scm.ha.HASecurityUtils.initializeSecurity(HASecurityUtils.java:96)
	at org.apache.hadoop.ozone.TestSecureOzoneCluster.initSCM(TestSecureOzoneCluster.java:450)
	at org.apache.hadoop.ozone.TestSecureOzoneCluster.testSecureOmInitializationSuccess(TestSecureOzoneCluster.java:543)
	at java.base/jdk.internal.reflect.DirectMethodHandleAccessor.invoke(DirectMethodHandleAccessor.java:103)
	at java.base/java.lang.reflect.Method.invoke(Method.java:580)
	at org.junit.platform.commons.util.ReflectionUtils.invokeMethod(ReflectionUtils.java:775)
	at org.junit.platform.commons.support.ReflectionSupport.invokeMethod(ReflectionSupport.java:479)
	at org.junit.jupiter.engine.execution.MethodInvocation.proceed(MethodInvocation.java:60)
	at org.junit.jupiter.engine.execution.InvocationInterceptorChain$ValidatingInvocation.proceed(InvocationInterceptorChain.java:131)
	at org.junit.jupiter.engine.extension.SameThreadTimeoutInvocation.proceed(SameThreadTimeoutInvocation.java:49)
	at org.junit.jupiter.engine.extension.TimeoutExtension.intercept(TimeoutExtension.java:161)
	at org.junit.jupiter.engine.extension.TimeoutExtension.interceptTestableMethod(TimeoutExtension.java:152)
	at org.junit.jupiter.engine.extension.TimeoutExtension.interceptTestMethod(TimeoutExtension.java:91)
	at org.junit.jupiter.engine.execution.InterceptingExecutableInvoker$ReflectiveInterceptorCall.lambda$ofVoidMethod$0(InterceptingExecutableInvoker.java:112)
	at org.junit.jupiter.engine.execution.InterceptingExecutableInvoker.lambda$invoke$0(InterceptingExecutableInvoker.java:94)
	at org.junit.jupiter.engine.execution.InvocationInterceptorChain$InterceptedInvocation.proceed(InvocationInterceptorChain.java:106)
	at org.junit.jupiter.engine.execution.InvocationInterceptorChain.proceed(InvocationInterceptorChain.java:64)
	at org.junit.jupiter.engine.execution.InvocationInterceptorChain.chainAndInvoke(InvocationInterceptorChain.java:45)
	at org.junit.jupiter.engine.execution.InvocationInterceptorChain.invoke(InvocationInterceptorChain.java:37)
	at org.junit.jupiter.engine.execution.InterceptingExecutableInvoker.invoke(InterceptingExecutableInvoker.java:93)
	at org.junit.jupiter.engine.execution.InterceptingExecutableInvoker.invoke(InterceptingExecutableInvoker.java:87)
	at org.junit.jupiter.engine.descriptor.TestMethodTestDescriptor.lambda$invokeTestMethod$7(TestMethodTestDescriptor.java:216)
	at org.junit.platform.engine.support.hierarchical.ThrowableCollector.execute(ThrowableCollector.java:73)
	at org.junit.jupiter.engine.descriptor.TestMethodTestDescriptor.invokeTestMethod(TestMethodTestDescriptor.java:212)
	at org.junit.jupiter.engine.descriptor.TestMethodTestDescriptor.execute(TestMethodTestDescriptor.java:137)
	at org.junit.jupiter.engine.descriptor.TestMethodTestDescriptor.execute(TestMethodTestDescriptor.java:69)
	at org.junit.platform.engine.support.hierarchical.NodeTestTask.lambda$executeRecursively$6(NodeTestTask.java:156)
	at org.junit.platform.engine.support.hierarchical.ThrowableCollector.execute(ThrowableCollector.java:73)
	at org.junit.platform.engine.support.hierarchical.NodeTestTask.lambda$executeRecursively$8(NodeTestTask.java:146)
	at org.junit.platform.engine.support.hierarchical.Node.around(Node.java:137)
	at org.junit.platform.engine.support.hierarchical.NodeTestTask.lambda$executeRecursively$9(NodeTestTask.java:144)
	at org.junit.platform.engine.support.hierarchical.ThrowableCollector.execute(ThrowableCollector.java:73)
	at org.junit.platform.engine.support.hierarchical.NodeTestTask.executeRecursively(NodeTestTask.java:143)
	at org.junit.platform.engine.support.hierarchical.NodeTestTask.execute(NodeTestTask.java:100)
	at java.base/java.util.ArrayList.forEach(ArrayList.java:1596)
	at org.junit.platform.engine.support.hierarchical.SameThreadHierarchicalTestExecutorService.invokeAll(SameThreadHierarchicalTestExecutorService.java:41)
	at org.junit.platform.engine.support.hierarchical.NodeTestTask.lambda$executeRecursively$6(NodeTestTask.java:160)
	at org.junit.platform.engine.support.hierarchical.ThrowableCollector.execute(ThrowableCollector.java:73)
	at org.junit.platform.engine.support.hierarchical.NodeTestTask.lambda$executeRecursively$8(NodeTestTask.java:146)
	at org.junit.platform.engine.support.hierarchical.Node.around(Node.java:137)
	at org.junit.platform.engine.support.hierarchical.NodeTestTask.lambda$executeRecursively$9(NodeTestTask.java:144)
	at org.junit.platform.engine.support.hierarchical.ThrowableCollector.execute(ThrowableCollector.java:73)
	at org.junit.platform.engine.support.hierarchical.NodeTestTask.executeRecursively(NodeTestTask.java:143)
	at org.junit.platform.engine.support.hierarchical.NodeTestTask.execute(NodeTestTask.java:100)
	at java.base/java.util.ArrayList.forEach(ArrayList.java:1596)
	at org.junit.platform.engine.support.hierarchical.SameThreadHierarchicalTestExecutorService.invokeAll(SameThreadHierarchicalTestExecutorService.java:41)
	at org.junit.platform.engine.support.hierarchical.NodeTestTask.lambda$executeRecursively$6(NodeTestTask.java:160)
	at org.junit.platform.engine.support.hierarchical.ThrowableCollector.execute(ThrowableCollector.java:73)
	at org.junit.platform.engine.support.hierarchical.NodeTestTask.lambda$executeRecursively$8(NodeTestTask.java:146)
	at org.junit.platform.engine.support.hierarchical.Node.around(Node.java:137)
	at org.junit.platform.engine.support.hierarchical.NodeTestTask.lambda$executeRecursively$9(NodeTestTask.java:144)
	at org.junit.platform.engine.support.hierarchical.ThrowableCollector.execute(ThrowableCollector.java:73)
	at org.junit.platform.engine.support.hierarchical.NodeTestTask.executeRecursively(NodeTestTask.java:143)
	at org.junit.platform.engine.support.hierarchical.NodeTestTask.execute(NodeTestTask.java:100)
	at org.junit.platform.engine.support.hierarchical.SameThreadHierarchicalTestExecutorService.submit(SameThreadHierarchicalTestExecutorService.java:35)
	at org.junit.platform.engine.support.hierarchical.HierarchicalTestExecutor.execute(HierarchicalTestExecutor.java:57)
	at org.junit.platform.engine.support.hierarchical.HierarchicalTestEngine.execute(HierarchicalTestEngine.java:54)
	at org.junit.platform.launcher.core.EngineExecutionOrchestrator.execute(EngineExecutionOrchestrator.java:201)
	at org.junit.platform.launcher.core.EngineExecutionOrchestrator.execute(EngineExecutionOrchestrator.java:170)
	at org.junit.platform.launcher.core.EngineExecutionOrchestrator.execute(EngineExecutionOrchestrator.java:94)
	at org.junit.platform.launcher.core.EngineExecutionOrchestrator.lambda$execute$0(EngineExecutionOrchestrator.java:59)
	at org.junit.platform.launcher.core.EngineExecutionOrchestrator.withInterceptedStreams(EngineExecutionOrchestrator.java:142)
	at org.junit.platform.launcher.core.EngineExecutionOrchestrator.execute(EngineExecutionOrchestrator.java:58)
	at org.junit.platform.launcher.core.DefaultLauncher.execute(DefaultLauncher.java:103)
	at org.junit.platform.launcher.core.DefaultLauncher.execute(DefaultLauncher.java:85)
	at org.junit.platform.launcher.core.DelegatingLauncher.execute(DelegatingLauncher.java:47)
	at org.junit.platform.launcher.core.InterceptingLauncher.lambda$execute$1(InterceptingLauncher.java:39)
	at org.junit.platform.launcher.core.ClasspathAlignmentCheckingLauncherInterceptor.intercept(ClasspathAlignmentCheckingLauncherInterceptor.java:25)
	at org.junit.platform.launcher.core.InterceptingLauncher.execute(InterceptingLauncher.java:38)
	at org.junit.platform.launcher.core.DelegatingLauncher.execute(DelegatingLauncher.java:47)
	at org.apache.maven.surefire.junitplatform.LazyLauncher.execute(LazyLauncher.java:56)
	at org.apache.maven.surefire.junitplatform.JUnitPlatformProvider.execute(JUnitPlatformProvider.java:184)
	at org.apache.maven.surefire.junitplatform.JUnitPlatformProvider.invokeAllTests(JUnitPlatformProvider.java:148)
	at org.apache.maven.surefire.junitplatform.JUnitPlatformProvider.invoke(JUnitPlatformProvider.java:120)
	at org.apache.maven.surefire.booter.ForkedBooter.runSuitesInProcess(ForkedBooter.java:385)
	at org.apache.maven.surefire.booter.ForkedBooter.execute(ForkedBooter.java:162)
	at org.apache.maven.surefire.booter.ForkedBooter.run(ForkedBooter.java:507)
	at org.apache.maven.surefire.booter.ForkedBooter.main(ForkedBooter.java:495)
2025-05-13 07:44:38,786 [main] INFO  keys.KeyStorage (KeyStorage.java:storePublicKey(210)) - Storing public key to /tmp/junit-5323695652344220701/scm-meta/scm/ca/keys/public.pem.
2025-05-13 07:44:38,786 [main] INFO  keys.KeyStorage (KeyStorage.java:storePrivateKey(194)) - Storing private key to /tmp/junit-5323695652344220701/scm-meta/scm/ca/keys/private.pem.
2025-05-13 07:44:38,787 [main] INFO  ozone.OzoneSecurityUtil (OzoneSecurityUtil.java:getValidInetsForCurrentHost(116)) - ip:fe80:0:0:0:222:48ff:fe46:ea58%eth0 not returned.
2025-05-13 07:44:38,791 [main] INFO  ozone.OzoneSecurityUtil (OzoneSecurityUtil.java:getValidInetsForCurrentHost(113)) - Adding ip:10.1.1.24,host:10.1.1.24
2025-05-13 07:44:38,791 [main] INFO  ozone.OzoneSecurityUtil (OzoneSecurityUtil.java:getValidInetsForCurrentHost(116)) - ip:0:0:0:0:0:0:0:1%lo not returned.
2025-05-13 07:44:38,791 [main] INFO  ozone.OzoneSecurityUtil (OzoneSecurityUtil.java:getValidInetsForCurrentHost(116)) - ip:127.0.0.1 not returned.
2025-05-13 07:44:38,798 [main] ERROR utils.SelfSignedCertificate (SelfSignedCertificate.java:lambda$addInetAddresses$0(244)) - Invalid domain 10.1.1.24
2025-05-13 07:44:38,801 [main] INFO  utils.SelfSignedCertificate (SelfSignedCertificate.java:generateCertificate(156)) - Certificate 1 is issued by SERIALNUMBER=1, O=95e7a8ba-633b-42b8-a4d8-9dbd4c00002e, OU=a4575a20-a5a9-4997-a498-3e278eefae97, CN=scm@pkrvmberfyhpb9w to SERIALNUMBER=1, O=95e7a8ba-633b-42b8-a4d8-9dbd4c00002e, OU=a4575a20-a5a9-4997-a498-3e278eefae97, CN=scm@pkrvmberfyhpb9w, valid from Tue May 13 07:44:38 UTC 2025 to Fri Jun 21 07:44:38 UTC 2030
2025-05-13 07:44:38,801 [main] INFO  utils.CertificateCodec (CertificateCodec.java:writeCertificate(239)) - Save certificate to /tmp/junit-5323695652344220701/scm-meta/scm/ca/certs/certificate.crt
2025-05-13 07:44:38,801 [main] INFO  utils.CertificateCodec (CertificateCodec.java:writeCertificate(240)) - Certificate -----BEGIN CERTIFICATE-----
MIIDwTCCAqmgAwIBAgIBATANBgkqhkiG9w0BAQsFADCBiDEcMBoGA1UEAwwTc2Nt
QHBrcnZtYmVyZnlocGI5dzEtMCsGA1UECwwkYTQ1NzVhMjAtYTVhOS00OTk3LWE0
OTgtM2UyNzhlZWZhZTk3MS0wKwYDVQQKDCQ5NWU3YThiYS02MzNiLTQyYjgtYTRk
OC05ZGJkNGMwMDAwMmUxCjAIBgNVBAUTATEwHhcNMjUwNTEzMDc0NDM4WhcNMzAw
NjIxMDc0NDM4WjCBiDEcMBoGA1UEAwwTc2NtQHBrcnZtYmVyZnlocGI5dzEtMCsG
A1UECwwkYTQ1NzVhMjAtYTVhOS00OTk3LWE0OTgtM2UyNzhlZWZhZTk3MS0wKwYD
VQQKDCQ5NWU3YThiYS02MzNiLTQyYjgtYTRkOC05ZGJkNGMwMDAwMmUxCjAIBgNV
BAUTATEwggEiMA0GCSqGSIb3DQEBAQUAA4IBDwAwggEKAoIBAQCf7KZyD889EHQt
dK/Gm8oe9PuZfAaGuYtNkeh4eS47Ff8fL+kzkCBvABLHXM2ekcED/MIdXG9hiP8N
o/AK9yXsec9XwzBYu7MHapC9UaEAqf6eV62+6L4q2GK7y0Xmir31kwfSofdPphSq
LitWoLuxh61BLQdFuLTMlTM2/aNv+xGzk+xmeW3fdRYiveKVZsYI+TqHJMlRtMnH
NwcnZmgKOdAN8wkf0eisldAgW0FR1cY1FblhfSl07QKIVFS2N3i2V0juc2jAR9Jz
cpwwPfuT8a3Omb8DCok/QqEgtMj9bsg8cZ8m3f6vGsAcJmQvMe8Ws0xgA743kLtD
cc/2+AmVAgMBAAGjNDAyMA8GA1UdEwEB/wQFMAMBAf8wDgYDVR0PAQH/BAQDAgEG
MA8GA1UdEQQIMAaHBAoBARgwDQYJKoZIhvcNAQELBQADggEBADpi+rgB3kLxKwdo
BysuLhUXxBvBZVEdZlY6+I6Yr1idjK3TIt7nOHuWlukkAkHIvBC/+YTXyM1al0nD
DUNsOUcMnq+qsAseVy+4OpUw2LWjZfk8HVzi6i+Ix+TV5RNDFtJ7ptLFdNs3B4lt
AhFJ9Ky7A1zOZaP1mw0uSwEwy3Vqj+C4ftod3v/2FED7HaTdf2VHCG5RgHVKQf7N
OddB/igc/EvhE2dPhOo8l00ralPggE6yJ+/35Om0F4yDMlx2MeyDy+Dp4du1Mcu3
Mqun9t4mEV7XWXQBnRGyYDzQpMPx4x1IqhusmLLYUWRrSk5ozNksFSL+TxzqcyaX
OD0Efts=
-----END CERTIFICATE-----

2025-05-13 07:44:38,801 [main] INFO  keys.KeyStorage (KeyStorage.java:readPublicKey(174)) - Reading public key from /tmp/junit-5323695652344220701/scm-meta/scm/ca/keys/public.pem.
2025-05-13 07:44:38,802 [main] INFO  keys.KeyStorage (KeyStorage.java:readPrivateKey(158)) - Reading private key from /tmp/junit-5323695652344220701/scm-meta/scm/ca/keys/private.pem.
2025-05-13 07:44:38,803 [main] INFO  client.SCMCertificateClient (SCMCertificateClient.java:configureCSRBuilder(141)) - Creating csr for SCM->hostName:pkrvmberfyhpb9w,scmId:a4575a20-a5a9-4997-a498-3e278eefae97,clusterId:95e7a8ba-633b-42b8-a4d8-9dbd4c00002e,subject:scm-sub@pkrvmberfyhpb9w
2025-05-13 07:44:38,803 [main] INFO  ozone.OzoneSecurityUtil (OzoneSecurityUtil.java:getValidInetsForCurrentHost(116)) - ip:fe80:0:0:0:222:48ff:fe46:ea58%eth0 not returned.
2025-05-13 07:44:38,806 [main] INFO  ozone.OzoneSecurityUtil (OzoneSecurityUtil.java:getValidInetsForCurrentHost(113)) - Adding ip:10.1.1.24,host:10.1.1.24
2025-05-13 07:44:38,806 [main] INFO  ozone.OzoneSecurityUtil (OzoneSecurityUtil.java:getValidInetsForCurrentHost(116)) - ip:0:0:0:0:0:0:0:1%lo not returned.
2025-05-13 07:44:38,806 [main] INFO  ozone.OzoneSecurityUtil (OzoneSecurityUtil.java:getValidInetsForCurrentHost(116)) - ip:127.0.0.1 not returned.
2025-05-13 07:44:38,815 [main] ERROR utils.CertificateSignRequest (CertificateSignRequest.java:lambda$addInetAddresses$0(316)) - Invalid domain 10.1.1.24
2025-05-13 07:44:38,817 [main] INFO  keys.KeyStorage (KeyStorage.java:readPrivateKey(158)) - Reading private key from /tmp/junit-5323695652344220701/scm-meta/scm/ca/keys/private.pem.
2025-05-13 07:44:38,819 [main] INFO  authority.DefaultApprover (DefaultApprover.java:sign(171)) - Extensions in CSR: 2.5.29.19, 2.5.29.15, 2.5.29.17
2025-05-13 07:44:38,819 [main] INFO  authority.DefaultApprover (DefaultApprover.java:sign(175)) - Extensions to add to the certificate if they present in CSR: 2.5.29.15, 2.5.29.17, 2.5.29.35, 2.5.29.37, 2.5.29.19, 1.3.6.1.5.5.7.1.12
2025-05-13 07:44:38,823 [main] INFO  utils.CertificateCodec (CertificateCodec.java:writeCertificate(239)) - Save certificate to /tmp/junit-5323695652344220701/scm-meta/scm/sub-ca/certs/CA-1.crt
2025-05-13 07:44:38,823 [main] INFO  utils.CertificateCodec (CertificateCodec.java:writeCertificate(240)) - Certificate -----BEGIN CERTIFICATE-----
MIIDwTCCAqmgAwIBAgIBATANBgkqhkiG9w0BAQsFADCBiDEcMBoGA1UEAwwTc2Nt
QHBrcnZtYmVyZnlocGI5dzEtMCsGA1UECwwkYTQ1NzVhMjAtYTVhOS00OTk3LWE0
OTgtM2UyNzhlZWZhZTk3MS0wKwYDVQQKDCQ5NWU3YThiYS02MzNiLTQyYjgtYTRk
OC05ZGJkNGMwMDAwMmUxCjAIBgNVBAUTATEwHhcNMjUwNTEzMDc0NDM4WhcNMzAw
NjIxMDc0NDM4WjCBiDEcMBoGA1UEAwwTc2NtQHBrcnZtYmVyZnlocGI5dzEtMCsG
A1UECwwkYTQ1NzVhMjAtYTVhOS00OTk3LWE0OTgtM2UyNzhlZWZhZTk3MS0wKwYD
VQQKDCQ5NWU3YThiYS02MzNiLTQyYjgtYTRkOC05ZGJkNGMwMDAwMmUxCjAIBgNV
BAUTATEwggEiMA0GCSqGSIb3DQEBAQUAA4IBDwAwggEKAoIBAQCf7KZyD889EHQt
dK/Gm8oe9PuZfAaGuYtNkeh4eS47Ff8fL+kzkCBvABLHXM2ekcED/MIdXG9hiP8N
o/AK9yXsec9XwzBYu7MHapC9UaEAqf6eV62+6L4q2GK7y0Xmir31kwfSofdPphSq
LitWoLuxh61BLQdFuLTMlTM2/aNv+xGzk+xmeW3fdRYiveKVZsYI+TqHJMlRtMnH
NwcnZmgKOdAN8wkf0eisldAgW0FR1cY1FblhfSl07QKIVFS2N3i2V0juc2jAR9Jz
cpwwPfuT8a3Omb8DCok/QqEgtMj9bsg8cZ8m3f6vGsAcJmQvMe8Ws0xgA743kLtD
cc/2+AmVAgMBAAGjNDAyMA8GA1UdEwEB/wQFMAMBAf8wDgYDVR0PAQH/BAQDAgEG
MA8GA1UdEQQIMAaHBAoBARgwDQYJKoZIhvcNAQELBQADggEBADpi+rgB3kLxKwdo
BysuLhUXxBvBZVEdZlY6+I6Yr1idjK3TIt7nOHuWlukkAkHIvBC/+YTXyM1al0nD
DUNsOUcMnq+qsAseVy+4OpUw2LWjZfk8HVzi6i+Ix+TV5RNDFtJ7ptLFdNs3B4lt
AhFJ9Ky7A1zOZaP1mw0uSwEwy3Vqj+C4ftod3v/2FED7HaTdf2VHCG5RgHVKQf7N
OddB/igc/EvhE2dPhOo8l00ralPggE6yJ+/35Om0F4yDMlx2MeyDy+Dp4du1Mcu3
Mqun9t4mEV7XWXQBnRGyYDzQpMPx4x1IqhusmLLYUWRrSk5ozNksFSL+TxzqcyaX
OD0Efts=
-----END CERTIFICATE-----

2025-05-13 07:44:38,824 [main] INFO  utils.CertificateCodec (CertificateCodec.java:writeCertificate(239)) - Save certificate to /tmp/junit-5323695652344220701/scm-meta/scm/sub-ca/certs/2.crt
2025-05-13 07:44:38,824 [main] INFO  utils.CertificateCodec (CertificateCodec.java:writeCertificate(240)) - Certificate -----BEGIN CERTIFICATE-----
MIIDxTCCAq2gAwIBAgIBAjANBgkqhkiG9w0BAQsFADCBiDEcMBoGA1UEAwwTc2Nt
QHBrcnZtYmVyZnlocGI5dzEtMCsGA1UECwwkYTQ1NzVhMjAtYTVhOS00OTk3LWE0
OTgtM2UyNzhlZWZhZTk3MS0wKwYDVQQKDCQ5NWU3YThiYS02MzNiLTQyYjgtYTRk
OC05ZGJkNGMwMDAwMmUxCjAIBgNVBAUTATEwHhcNMjUwNTEzMDc0NDM4WhcNMzAw
NjIxMDc0NDM4WjCBjDEgMB4GA1UEAwwXc2NtLXN1YkBwa3J2bWJlcmZ5aHBiOXcx
LTArBgNVBAsMJGE0NTc1YTIwLWE1YTktNDk5Ny1hNDk4LTNlMjc4ZWVmYWU5NzEt
MCsGA1UECgwkOTVlN2E4YmEtNjMzYi00MmI4LWE0ZDgtOWRiZDRjMDAwMDJlMQow
CAYDVQQFEwEyMIIBIjANBgkqhkiG9w0BAQEFAAOCAQ8AMIIBCgKCAQEA3nOjsAYZ
imh/dTg8k4z3eyc4NmapJzZvYae4+cEyr49ppa6QSlEF53GufXDXk7QCXTaZ+zDs
9diZeb68le6aA1tyHweI5K/5dKKeVgtV2uDfyhSUR9ZbQeyfIq8q0rw/ubn/oFK6
QM3SuovT/HWVlWzTRiCHC01vdqcvwgIqVgfNfJEXpZt+b7ECOAaf8TknhsJlqFCJ
PepgxO899Ofz4qnvPD7oDrpwuepMO3yd8LA3BdaHDVbd1IZ1Dfno8jrKRP6uy7xh
lYYZqjUnUcNKEmp5fYx63QRZSdqOopzULDdEORrN7jPBSfVKRtGLNagZgxYCF09s
SsCOl3BtB7aIfQIDAQABozQwMjAOBgNVHQ8BAf8EBAMCAb4wDwYDVR0RBAgwBocE
CgEBGDAPBgNVHRMBAf8EBTADAQH/MA0GCSqGSIb3DQEBCwUAA4IBAQAxqy4hwLrZ
gOV3i+0X6b7fWhhCmGa/bOj+0vd7ZHL2iCbWZU7B5e4jeJrWPauzppwEDq+hMdMb
iHIB5zwiQ/qqMgxsvvAEl+RgVXNhKNI27vaHf3WNB6nn1FrzIuavUlA7kse31HFO
JSaC2+L4UUPpScpjj0n+QHhrtEoMn4GG0TsPH3G9EeeXvH/LZmwUwP7RhlMQONGU
VlcdxeI2Fyzt+JQR84YmdjUshi34o5DKG+MBBgOcNLt0sN50CvlFp9C3tRSJ9kD2
e08XC356QNjTCwvG8CaAFIwof+aBfgPyjo+RxoiSWZK7myZWIq9405DhSx8ESN4G
ImkRRr/AmUw5
-----END CERTIFICATE-----

-----BEGIN CERTIFICATE-----
MIIDwTCCAqmgAwIBAgIBATANBgkqhkiG9w0BAQsFADCBiDEcMBoGA1UEAwwTc2Nt
QHBrcnZtYmVyZnlocGI5dzEtMCsGA1UECwwkYTQ1NzVhMjAtYTVhOS00OTk3LWE0
OTgtM2UyNzhlZWZhZTk3MS0wKwYDVQQKDCQ5NWU3YThiYS02MzNiLTQyYjgtYTRk
OC05ZGJkNGMwMDAwMmUxCjAIBgNVBAUTATEwHhcNMjUwNTEzMDc0NDM4WhcNMzAw
NjIxMDc0NDM4WjCBiDEcMBoGA1UEAwwTc2NtQHBrcnZtYmVyZnlocGI5dzEtMCsG
A1UECwwkYTQ1NzVhMjAtYTVhOS00OTk3LWE0OTgtM2UyNzhlZWZhZTk3MS0wKwYD
VQQKDCQ5NWU3YThiYS02MzNiLTQyYjgtYTRkOC05ZGJkNGMwMDAwMmUxCjAIBgNV
BAUTATEwggEiMA0GCSqGSIb3DQEBAQUAA4IBDwAwggEKAoIBAQCf7KZyD889EHQt
dK/Gm8oe9PuZfAaGuYtNkeh4eS47Ff8fL+kzkCBvABLHXM2ekcED/MIdXG9hiP8N
o/AK9yXsec9XwzBYu7MHapC9UaEAqf6eV62+6L4q2GK7y0Xmir31kwfSofdPphSq
LitWoLuxh61BLQdFuLTMlTM2/aNv+xGzk+xmeW3fdRYiveKVZsYI+TqHJMlRtMnH
NwcnZmgKOdAN8wkf0eisldAgW0FR1cY1FblhfSl07QKIVFS2N3i2V0juc2jAR9Jz
cpwwPfuT8a3Omb8DCok/QqEgtMj9bsg8cZ8m3f6vGsAcJmQvMe8Ws0xgA743kLtD
cc/2+AmVAgMBAAGjNDAyMA8GA1UdEwEB/wQFMAMBAf8wDgYDVR0PAQH/BAQDAgEG
MA8GA1UdEQQIMAaHBAoBARgwDQYJKoZIhvcNAQELBQADggEBADpi+rgB3kLxKwdo
BysuLhUXxBvBZVEdZlY6+I6Yr1idjK3TIt7nOHuWlukkAkHIvBC/+YTXyM1al0nD
DUNsOUcMnq+qsAseVy+4OpUw2LWjZfk8HVzi6i+Ix+TV5RNDFtJ7ptLFdNs3B4lt
AhFJ9Ky7A1zOZaP1mw0uSwEwy3Vqj+C4ftod3v/2FED7HaTdf2VHCG5RgHVKQf7N
OddB/igc/EvhE2dPhOo8l00ralPggE6yJ+/35Om0F4yDMlx2MeyDy+Dp4du1Mcu3
Mqun9t4mEV7XWXQBnRGyYDzQpMPx4x1IqhusmLLYUWRrSk5ozNksFSL+TxzqcyaX
OD0Efts=
-----END CERTIFICATE-----

2025-05-13 07:44:38,824 [main] INFO  utils.CertificateCodec (CertificateCodec.java:writeCertificate(239)) - Save certificate to /tmp/junit-5323695652344220701/scm-meta/scm/sub-ca/certs/certificate.crt
2025-05-13 07:44:38,824 [main] INFO  utils.CertificateCodec (CertificateCodec.java:writeCertificate(240)) - Certificate -----BEGIN CERTIFICATE-----
MIIDxTCCAq2gAwIBAgIBAjANBgkqhkiG9w0BAQsFADCBiDEcMBoGA1UEAwwTc2Nt
QHBrcnZtYmVyZnlocGI5dzEtMCsGA1UECwwkYTQ1NzVhMjAtYTVhOS00OTk3LWE0
OTgtM2UyNzhlZWZhZTk3MS0wKwYDVQQKDCQ5NWU3YThiYS02MzNiLTQyYjgtYTRk
OC05ZGJkNGMwMDAwMmUxCjAIBgNVBAUTATEwHhcNMjUwNTEzMDc0NDM4WhcNMzAw
NjIxMDc0NDM4WjCBjDEgMB4GA1UEAwwXc2NtLXN1YkBwa3J2bWJlcmZ5aHBiOXcx
LTArBgNVBAsMJGE0NTc1YTIwLWE1YTktNDk5Ny1hNDk4LTNlMjc4ZWVmYWU5NzEt
MCsGA1UECgwkOTVlN2E4YmEtNjMzYi00MmI4LWE0ZDgtOWRiZDRjMDAwMDJlMQow
CAYDVQQFEwEyMIIBIjANBgkqhkiG9w0BAQEFAAOCAQ8AMIIBCgKCAQEA3nOjsAYZ
imh/dTg8k4z3eyc4NmapJzZvYae4+cEyr49ppa6QSlEF53GufXDXk7QCXTaZ+zDs
9diZeb68le6aA1tyHweI5K/5dKKeVgtV2uDfyhSUR9ZbQeyfIq8q0rw/ubn/oFK6
QM3SuovT/HWVlWzTRiCHC01vdqcvwgIqVgfNfJEXpZt+b7ECOAaf8TknhsJlqFCJ
PepgxO899Ofz4qnvPD7oDrpwuepMO3yd8LA3BdaHDVbd1IZ1Dfno8jrKRP6uy7xh
lYYZqjUnUcNKEmp5fYx63QRZSdqOopzULDdEORrN7jPBSfVKRtGLNagZgxYCF09s
SsCOl3BtB7aIfQIDAQABozQwMjAOBgNVHQ8BAf8EBAMCAb4wDwYDVR0RBAgwBocE
CgEBGDAPBgNVHRMBAf8EBTADAQH/MA0GCSqGSIb3DQEBCwUAA4IBAQAxqy4hwLrZ
gOV3i+0X6b7fWhhCmGa/bOj+0vd7ZHL2iCbWZU7B5e4jeJrWPauzppwEDq+hMdMb
iHIB5zwiQ/qqMgxsvvAEl+RgVXNhKNI27vaHf3WNB6nn1FrzIuavUlA7kse31HFO
JSaC2+L4UUPpScpjj0n+QHhrtEoMn4GG0TsPH3G9EeeXvH/LZmwUwP7RhlMQONGU
VlcdxeI2Fyzt+JQR84YmdjUshi34o5DKG+MBBgOcNLt0sN50CvlFp9C3tRSJ9kD2
e08XC356QNjTCwvG8CaAFIwof+aBfgPyjo+RxoiSWZK7myZWIq9405DhSx8ESN4G
ImkRRr/AmUw5
-----END CERTIFICATE-----

-----BEGIN CERTIFICATE-----
MIIDwTCCAqmgAwIBAgIBATANBgkqhkiG9w0BAQsFADCBiDEcMBoGA1UEAwwTc2Nt
QHBrcnZtYmVyZnlocGI5dzEtMCsGA1UECwwkYTQ1NzVhMjAtYTVhOS00OTk3LWE0
OTgtM2UyNzhlZWZhZTk3MS0wKwYDVQQKDCQ5NWU3YThiYS02MzNiLTQyYjgtYTRk
OC05ZGJkNGMwMDAwMmUxCjAIBgNVBAUTATEwHhcNMjUwNTEzMDc0NDM4WhcNMzAw
NjIxMDc0NDM4WjCBiDEcMBoGA1UEAwwTc2NtQHBrcnZtYmVyZnlocGI5dzEtMCsG
A1UECwwkYTQ1NzVhMjAtYTVhOS00OTk3LWE0OTgtM2UyNzhlZWZhZTk3MS0wKwYD
VQQKDCQ5NWU3YThiYS02MzNiLTQyYjgtYTRkOC05ZGJkNGMwMDAwMmUxCjAIBgNV
BAUTATEwggEiMA0GCSqGSIb3DQEBAQUAA4IBDwAwggEKAoIBAQCf7KZyD889EHQt
dK/Gm8oe9PuZfAaGuYtNkeh4eS47Ff8fL+kzkCBvABLHXM2ekcED/MIdXG9hiP8N
o/AK9yXsec9XwzBYu7MHapC9UaEAqf6eV62+6L4q2GK7y0Xmir31kwfSofdPphSq
LitWoLuxh61BLQdFuLTMlTM2/aNv+xGzk+xmeW3fdRYiveKVZsYI+TqHJMlRtMnH
NwcnZmgKOdAN8wkf0eisldAgW0FR1cY1FblhfSl07QKIVFS2N3i2V0juc2jAR9Jz
cpwwPfuT8a3Omb8DCok/QqEgtMj9bsg8cZ8m3f6vGsAcJmQvMe8Ws0xgA743kLtD
cc/2+AmVAgMBAAGjNDAyMA8GA1UdEwEB/wQFMAMBAf8wDgYDVR0PAQH/BAQDAgEG
MA8GA1UdEQQIMAaHBAoBARgwDQYJKoZIhvcNAQELBQADggEBADpi+rgB3kLxKwdo
BysuLhUXxBvBZVEdZlY6+I6Yr1idjK3TIt7nOHuWlukkAkHIvBC/+YTXyM1al0nD
DUNsOUcMnq+qsAseVy+4OpUw2LWjZfk8HVzi6i+Ix+TV5RNDFtJ7ptLFdNs3B4lt
AhFJ9Ky7A1zOZaP1mw0uSwEwy3Vqj+C4ftod3v/2FED7HaTdf2VHCG5RgHVKQf7N
OddB/igc/EvhE2dPhOo8l00ralPggE6yJ+/35Om0F4yDMlx2MeyDy+Dp4du1Mcu3
Mqun9t4mEV7XWXQBnRGyYDzQpMPx4x1IqhusmLLYUWRrSk5ozNksFSL+TxzqcyaX
OD0Efts=
-----END CERTIFICATE-----

2025-05-13 07:44:38,825 [main] INFO  client.SCMCertificateClient (SCMCertificateClient.java:recoverStateIfNeeded(289)) - Successfully stored SCM signed certificate.
2025-05-13 07:44:38,826 [main] INFO  ha.SCMHANodeDetails (SCMHANodeDetails.java:loadSCMHAConfig(162)) - ServiceID for StorageContainerManager is null
2025-05-13 07:44:38,826 [main] INFO  ha.SCMHANodeDetails (SCMHANodeDetails.java:loadSCMHAConfig(166)) - ozone.scm.default.service.id is not defined, falling back to ozone.scm.service.ids to find serviceID for StorageContainerManager if it is HA enabled cluster
2025-05-13 07:44:38,827 [main] INFO  server.RaftServerConfigKeys (ConfUtils.java:logGet(46)) - raft.server.log.appender.buffer.byte-limit = 4194304 (custom)
2025-05-13 07:44:38,829 [main] INFO  server.RaftServer (ConfUtils.java:logGet(46)) - raft.rpc.type = GRPC (default)
2025-05-13 07:44:38,829 [main] INFO  grpc.GrpcConfigKeys (ConfUtils.java:logFallback(53)) - raft.grpc.admin.host = null (fallback to raft.grpc.server.host)
2025-05-13 07:44:38,829 [main] INFO  grpc.GrpcConfigKeys (ConfUtils.java:logFallback(53)) - raft.grpc.admin.port = 15046 (fallback to raft.grpc.server.port)
2025-05-13 07:44:38,829 [main] INFO  grpc.GrpcConfigKeys (ConfUtils.java:logFallback(53)) - raft.grpc.client.host = null (fallback to raft.grpc.server.host)
2025-05-13 07:44:38,830 [main] INFO  grpc.GrpcConfigKeys (ConfUtils.java:logFallback(53)) - raft.grpc.client.port = 15046 (fallback to raft.grpc.server.port)
2025-05-13 07:44:38,830 [main] INFO  grpc.GrpcConfigKeys (ConfUtils.java:logGet(46)) - raft.grpc.server.host = null (default)
2025-05-13 07:44:38,830 [main] INFO  grpc.GrpcConfigKeys (ConfUtils.java:logGet(46)) - raft.grpc.server.port = 15046 (custom)
2025-05-13 07:44:38,830 [main] INFO  server.GrpcService (ConfUtils.java:logGet(46)) - raft.grpc.message.size.max = 5242880 (custom)
2025-05-13 07:44:38,830 [main] INFO  server.GrpcService (ConfUtils.java:logGet(46)) - raft.grpc.flow.control.window = 1MB (=1048576) (default)
2025-05-13 07:44:38,830 [main] INFO  server.RaftServerConfigKeys (ConfUtils.java:logGet(46)) - raft.server.rpc.request.timeout = 30000ms (custom)
2025-05-13 07:44:38,830 [main] INFO  grpc.GrpcConfigKeys (ConfUtils.java:logGet(46)) - raft.grpc.server.heartbeat.channel = true (default)
2025-05-13 07:44:38,830 [main] INFO  server.RaftServerConfigKeys (ConfUtils.java:logGet(46)) - raft.server.log.appender.buffer.byte-limit = 4194304 (custom)
2025-05-13 07:44:38,830 [main] INFO  grpc.GrpcConfigKeys (ConfUtils.java:logGet(46)) - raft.grpc.server.async.request.thread.pool.cached = true (default)
2025-05-13 07:44:38,830 [main] INFO  grpc.GrpcConfigKeys (ConfUtils.java:logGet(46)) - raft.grpc.server.async.request.thread.pool.size = 32 (default)
2025-05-13 07:44:38,831 [main] INFO  impl.DataStreamServerImpl (ConfUtils.java:logGet(46)) - raft.datastream.type = DISABLED (default)
2025-05-13 07:44:38,831 [main] INFO  server.RaftServerConfigKeys (ConfUtils.java:logGet(46)) - raft.server.sleep.deviation.threshold = 300ms (default)
2025-05-13 07:44:38,832 [main] INFO  server.RaftServerConfigKeys (ConfUtils.java:logGet(46)) - raft.server.close.threshold = 60s (default)
2025-05-13 07:44:38,832 [main] INFO  server.RaftServerConfigKeys (ConfUtils.java:logGet(46)) - raft.server.leaderelection.leader.step-down.wait-time = 10s (default)
2025-05-13 07:44:38,832 [main] INFO  server.RaftServerConfigKeys (ConfUtils.java:logGet(46)) - raft.server.storage.dir = [/tmp/junit-5323695652344220701/scm-meta/scm-ha] (custom)
2025-05-13 07:44:38,832 [main] INFO  server.RaftServerConfigKeys (ConfUtils.java:logGet(46)) - raft.server.threadpool.proxy.cached = true (default)
2025-05-13 07:44:38,832 [main] INFO  server.RaftServerConfigKeys (ConfUtils.java:logGet(46)) - raft.server.threadpool.proxy.size = 0 (default)
2025-05-13 07:44:38,833 [main] INFO  server.RaftServer (RaftServerProxy.java:addNew(100)) - a4575a20-a5a9-4997-a498-3e278eefae97: addNew group-9DBD4C00002E:[a4575a20-a5a9-4997-a498-3e278eefae97|pkrvmberfyhpb9w:15046] returns group-9DBD4C00002E:java.util.concurrent.CompletableFuture@b081816[Not completed]
2025-05-13 07:44:38,833 [a4575a20-a5a9-4997-a498-3e278eefae97-groupManagement] INFO  server.RaftServer$Division (RaftServerImpl.java:<init>(255)) - a4575a20-a5a9-4997-a498-3e278eefae97: new RaftServerImpl for group-9DBD4C00002E:[a4575a20-a5a9-4997-a498-3e278eefae97|pkrvmberfyhpb9w:15046] with SCMStateMachine:uninitialized
2025-05-13 07:44:38,833 [a4575a20-a5a9-4997-a498-3e278eefae97-groupManagement] INFO  server.RaftServerConfigKeys (ConfUtils.java:logGet(46)) - raft.server.rpc.timeout.min = 5000ms (custom)
2025-05-13 07:44:38,833 [a4575a20-a5a9-4997-a498-3e278eefae97-groupManagement] INFO  server.RaftServerConfigKeys (ConfUtils.java:logGet(46)) - raft.server.rpc.timeout.max = 5200ms (custom)
2025-05-13 07:44:38,833 [a4575a20-a5a9-4997-a498-3e278eefae97-groupManagement] INFO  server.RaftServerConfigKeys (ConfUtils.java:logGet(46)) - raft.server.rpc.sleep.time = 25ms (default)
2025-05-13 07:44:38,833 [a4575a20-a5a9-4997-a498-3e278eefae97-groupManagement] INFO  server.RaftServerConfigKeys (ConfUtils.java:logGet(46)) - raft.server.rpc.slowness.timeout = 120000ms (custom)
2025-05-13 07:44:38,833 [a4575a20-a5a9-4997-a498-3e278eefae97-groupManagement] INFO  server.RaftServerConfigKeys (ConfUtils.java:logGet(46)) - raft.server.leaderelection.leader.step-down.wait-time = 10s (default)
2025-05-13 07:44:38,833 [a4575a20-a5a9-4997-a498-3e278eefae97-groupManagement] INFO  server.RaftServerConfigKeys (ConfUtils.java:logGet(46)) - raft.server.leaderelection.member.majority-add = false (default)
2025-05-13 07:44:38,833 [a4575a20-a5a9-4997-a498-3e278eefae97-groupManagement] INFO  server.RaftServerConfigKeys (ConfUtils.java:logGet(46)) - raft.server.sleep.deviation.threshold = 300ms (default)
2025-05-13 07:44:38,833 [a4575a20-a5a9-4997-a498-3e278eefae97-groupManagement] INFO  server.RaftServer$Division (ServerState.java:<init>(114)) - a4575a20-a5a9-4997-a498-3e278eefae97@group-9DBD4C00002E: ConfigurationManager, init=conf: {index: -1, cur=peers:[a4575a20-a5a9-4997-a498-3e278eefae97|pkrvmberfyhpb9w:15046]|listeners:[], old=null}, confs=<EMPTY_MAP>
2025-05-13 07:44:38,833 [a4575a20-a5a9-4997-a498-3e278eefae97-groupManagement] INFO  server.RaftServerConfigKeys (ConfUtils.java:logGet(46)) - raft.server.notification.no-leader.timeout = 60s (default)
2025-05-13 07:44:38,833 [a4575a20-a5a9-4997-a498-3e278eefae97-groupManagement] INFO  server.RaftServerConfigKeys (ConfUtils.java:logGet(46)) - raft.server.read.timeout = 10s (default)
2025-05-13 07:44:38,834 [a4575a20-a5a9-4997-a498-3e278eefae97-groupManagement] INFO  server.RaftServerConfigKeys (ConfUtils.java:logGet(46)) - raft.server.retrycache.expirytime = 60000ms (default)
2025-05-13 07:44:38,834 [a4575a20-a5a9-4997-a498-3e278eefae97-groupManagement] INFO  server.RaftServerConfigKeys (ConfUtils.java:logGet(46)) - raft.server.retrycache.statistics.expirytime = 100ms (default)
2025-05-13 07:44:38,834 [a4575a20-a5a9-4997-a498-3e278eefae97-groupManagement] INFO  server.RaftServerConfigKeys (ConfUtils.java:logGet(46)) - raft.server.read.option = DEFAULT (default)
2025-05-13 07:44:38,834 [a4575a20-a5a9-4997-a498-3e278eefae97-groupManagement] INFO  server.RaftServerConfigKeys (ConfUtils.java:logGet(46)) - raft.server.read.read-after-write-consistent.write-index-cache.expiry-time = 60s (default)
2025-05-13 07:44:38,837 [a4575a20-a5a9-4997-a498-3e278eefae97-groupManagement] INFO  server.RaftServerConfigKeys (ConfUtils.java:logGet(46)) - raft.server.rpc.request.timeout = 30000ms (custom)
2025-05-13 07:44:38,837 [a4575a20-a5a9-4997-a498-3e278eefae97-groupManagement] INFO  server.RaftServerConfigKeys (ConfUtils.java:logGet(46)) - raft.server.log.appender.install.snapshot.enabled = false (custom)
2025-05-13 07:44:38,837 [a4575a20-a5a9-4997-a498-3e278eefae97-groupManagement] INFO  server.RaftServerConfigKeys (ConfUtils.java:logGet(46)) - raft.server.threadpool.server.cached = true (default)
2025-05-13 07:44:38,837 [a4575a20-a5a9-4997-a498-3e278eefae97-groupManagement] INFO  server.RaftServerConfigKeys (ConfUtils.java:logGet(46)) - raft.server.threadpool.server.size = 0 (default)
2025-05-13 07:44:38,837 [a4575a20-a5a9-4997-a498-3e278eefae97-groupManagement] INFO  server.RaftServerConfigKeys (ConfUtils.java:logGet(46)) - raft.server.threadpool.client.cached = true (default)
2025-05-13 07:44:38,837 [a4575a20-a5a9-4997-a498-3e278eefae97-groupManagement] INFO  server.RaftServerConfigKeys (ConfUtils.java:logGet(46)) - raft.server.threadpool.client.size = 0 (default)
2025-05-13 07:44:38,837 [a4575a20-a5a9-4997-a498-3e278eefae97-impl-thread1] INFO  server.RaftServerConfigKeys (ConfUtils.java:logGet(46)) - raft.server.storage.free-space.min = 0MB (=0) (default)
2025-05-13 07:44:38,837 [a4575a20-a5a9-4997-a498-3e278eefae97-impl-thread1] INFO  server.RaftServerConfigKeys (ConfUtils.java:logGet(46)) - raft.server.log.corruption.policy = EXCEPTION (default)
2025-05-13 07:44:38,837 [a4575a20-a5a9-4997-a498-3e278eefae97-impl-thread1] INFO  server.RaftServerConfigKeys (ConfUtils.java:logGet(46)) - raft.server.storage.dir = [/tmp/junit-5323695652344220701/scm-meta/scm-ha] (custom)
2025-05-13 07:44:38,837 [a4575a20-a5a9-4997-a498-3e278eefae97-impl-thread1] INFO  storage.RaftStorageDirectory (RaftStorageDirectoryImpl.java:analyzeStorage(138)) - The storage directory /tmp/junit-5323695652344220701/scm-meta/scm-ha/95e7a8ba-633b-42b8-a4d8-9dbd4c00002e does not exist. Creating ...
2025-05-13 07:44:38,840 [a4575a20-a5a9-4997-a498-3e278eefae97-impl-thread1] INFO  storage.RaftStorageDirectory (RaftStorageDirectoryImpl.java:tryLock(229)) - Lock on /tmp/junit-5323695652344220701/scm-meta/scm-ha/95e7a8ba-633b-42b8-a4d8-9dbd4c00002e/in_use.lock acquired by nodename 25269@pkrvmberfyhpb9w
2025-05-13 07:44:38,841 [a4575a20-a5a9-4997-a498-3e278eefae97-impl-thread1] INFO  storage.RaftStorage (RaftStorageImpl.java:format(98)) - Storage directory /tmp/junit-5323695652344220701/scm-meta/scm-ha/95e7a8ba-633b-42b8-a4d8-9dbd4c00002e has been successfully formatted.
2025-05-13 07:44:38,841 [a4575a20-a5a9-4997-a498-3e278eefae97-impl-thread1] INFO  ha.SCMStateMachine (SCMStateMachine.java:lambda$initialize$0(135)) - a4575a20-a5a9-4997-a498-3e278eefae97: initialize group-9DBD4C00002E
2025-05-13 07:44:38,841 [a4575a20-a5a9-4997-a498-3e278eefae97-impl-thread1] INFO  server.RaftServerConfigKeys (ConfUtils.java:logGet(46)) - raft.server.log.use.memory = false (default)
2025-05-13 07:44:38,841 [a4575a20-a5a9-4997-a498-3e278eefae97-impl-thread1] INFO  server.RaftServerConfigKeys (ConfUtils.java:logGet(46)) - raft.server.log.purge.gap = 1000000 (custom)
2025-05-13 07:44:38,841 [a4575a20-a5a9-4997-a498-3e278eefae97-impl-thread1] INFO  server.RaftServerConfigKeys (ConfUtils.java:logGet(46)) - raft.server.log.appender.buffer.byte-limit = 4194304 (custom)
2025-05-13 07:44:38,841 [a4575a20-a5a9-4997-a498-3e278eefae97-impl-thread1] INFO  server.RaftServerConfigKeys (ConfUtils.java:logGet(46)) - raft.server.log.statemachine.data.read.timeout = 1000ms (default)
2025-05-13 07:44:38,841 [a4575a20-a5a9-4997-a498-3e278eefae97-impl-thread1] INFO  server.RaftServerConfigKeys (ConfUtils.java:logGet(46)) - raft.server.log.purge.preservation.log.num = 0 (default)
2025-05-13 07:44:38,843 [a4575a20-a5a9-4997-a498-3e278eefae97-impl-thread1] INFO  server.RaftServerConfigKeys (ConfUtils.java:logGet(46)) - raft.server.log.segment.size.max = 4194304 (custom)
2025-05-13 07:44:38,843 [a4575a20-a5a9-4997-a498-3e278eefae97-impl-thread1] INFO  server.RaftServerConfigKeys (ConfUtils.java:logGet(46)) - raft.server.log.segment.cache.num.max = 2 (custom)
2025-05-13 07:44:38,843 [a4575a20-a5a9-4997-a498-3e278eefae97-impl-thread1] INFO  server.RaftServerConfigKeys (ConfUtils.java:logGet(46)) - raft.server.log.segment.cache.size.max = 200MB (=209715200) (default)
2025-05-13 07:44:38,843 [a4575a20-a5a9-4997-a498-3e278eefae97-impl-thread1] INFO  server.RaftServerConfigKeys (ConfUtils.java:logGet(46)) - raft.server.log.appender.buffer.byte-limit = 4194304 (custom)
2025-05-13 07:44:38,843 [a4575a20-a5a9-4997-a498-3e278eefae97-impl-thread1] INFO  util.AwaitToRun (AwaitToRun.java:start(81)) - Thread[#1627,a4575a20-a5a9-4997-a498-3e278eefae97@group-9DBD4C00002E-cacheEviction-AwaitToRun,5,main] started
2025-05-13 07:44:38,844 [a4575a20-a5a9-4997-a498-3e278eefae97-impl-thread1] INFO  segmented.SegmentedRaftLogWorker (SegmentedRaftLogWorker.java:<init>(188)) - new a4575a20-a5a9-4997-a498-3e278eefae97@group-9DBD4C00002E-SegmentedRaftLogWorker for RaftStorageImpl:Storage Directory /tmp/junit-5323695652344220701/scm-meta/scm-ha/95e7a8ba-633b-42b8-a4d8-9dbd4c00002e
2025-05-13 07:44:38,844 [a4575a20-a5a9-4997-a498-3e278eefae97-impl-thread1] INFO  server.RaftServerConfigKeys (ConfUtils.java:logGet(46)) - raft.server.log.queue.byte-limit = 64MB (=67108864) (default)
2025-05-13 07:44:38,844 [a4575a20-a5a9-4997-a498-3e278eefae97-impl-thread1] INFO  server.RaftServerConfigKeys (ConfUtils.java:logGet(46)) - raft.server.log.queue.element-limit = 4096 (default)
2025-05-13 07:44:38,844 [a4575a20-a5a9-4997-a498-3e278eefae97-impl-thread1] INFO  server.RaftServerConfigKeys (ConfUtils.java:logGet(46)) - raft.server.log.segment.size.max = 4194304 (custom)
2025-05-13 07:44:38,844 [a4575a20-a5a9-4997-a498-3e278eefae97-impl-thread1] INFO  server.RaftServerConfigKeys (ConfUtils.java:logGet(46)) - raft.server.log.preallocated.size = 4194304 (custom)
2025-05-13 07:44:38,844 [a4575a20-a5a9-4997-a498-3e278eefae97-impl-thread1] INFO  server.RaftServerConfigKeys (ConfUtils.java:logGet(46)) - raft.server.log.force.sync.num = 128 (default)
2025-05-13 07:44:38,844 [a4575a20-a5a9-4997-a498-3e278eefae97-impl-thread1] INFO  server.RaftServerConfigKeys (ConfUtils.java:logGet(46)) - raft.server.log.statemachine.data.sync = true (default)
2025-05-13 07:44:38,844 [a4575a20-a5a9-4997-a498-3e278eefae97-impl-thread1] INFO  server.RaftServerConfigKeys (ConfUtils.java:logGet(46)) - raft.server.log.statemachine.data.sync.timeout = 10s (default)
2025-05-13 07:44:38,844 [a4575a20-a5a9-4997-a498-3e278eefae97-impl-thread1] INFO  server.RaftServerConfigKeys (ConfUtils.java:logGet(46)) - raft.server.log.statemachine.data.sync.timeout.retry = -1 (default)
2025-05-13 07:44:38,844 [a4575a20-a5a9-4997-a498-3e278eefae97-impl-thread1] INFO  server.RaftServerConfigKeys (ConfUtils.java:logGet(46)) - raft.server.log.write.buffer.size = 4194312 (custom)
2025-05-13 07:44:38,845 [a4575a20-a5a9-4997-a498-3e278eefae97-impl-thread1] INFO  server.RaftServerConfigKeys (ConfUtils.java:logGet(46)) - raft.server.log.appender.buffer.byte-limit = 4194304 (custom)
2025-05-13 07:44:38,845 [a4575a20-a5a9-4997-a498-3e278eefae97-impl-thread1] INFO  server.RaftServerConfigKeys (ConfUtils.java:logGet(46)) - raft.server.log.unsafe-flush.enabled = false (default)
2025-05-13 07:44:38,846 [a4575a20-a5a9-4997-a498-3e278eefae97-impl-thread1] INFO  server.RaftServerConfigKeys (ConfUtils.java:logGet(46)) - raft.server.log.async-flush.enabled = false (default)
2025-05-13 07:44:38,846 [a4575a20-a5a9-4997-a498-3e278eefae97-impl-thread1] INFO  server.RaftServerConfigKeys (ConfUtils.java:logGet(46)) - raft.server.log.statemachine.data.caching.enabled = false (default)
2025-05-13 07:44:38,846 [a4575a20-a5a9-4997-a498-3e278eefae97-impl-thread1] INFO  segmented.SegmentedRaftLogWorker (SegmentedRaftLogWorker.java:lambda$new$0(139)) - a4575a20-a5a9-4997-a498-3e278eefae97@group-9DBD4C00002E-SegmentedRaftLogWorker: flushIndex: setUnconditionally 0 -> -1
2025-05-13 07:44:38,846 [a4575a20-a5a9-4997-a498-3e278eefae97-impl-thread1] INFO  segmented.SegmentedRaftLogWorker (SegmentedRaftLogWorker.java:lambda$new$0(139)) - a4575a20-a5a9-4997-a498-3e278eefae97@group-9DBD4C00002E-SegmentedRaftLogWorker: safeCacheEvictIndex: setUnconditionally 0 -> -1
2025-05-13 07:44:38,846 [a4575a20-a5a9-4997-a498-3e278eefae97-impl-thread1] INFO  server.RaftServer$Division (RaftServerImpl.java:start(391)) - a4575a20-a5a9-4997-a498-3e278eefae97@group-9DBD4C00002E: start as a follower, conf=conf: {index: -1, cur=peers:[a4575a20-a5a9-4997-a498-3e278eefae97|pkrvmberfyhpb9w:15046]|listeners:[], old=null}
2025-05-13 07:44:38,846 [a4575a20-a5a9-4997-a498-3e278eefae97-impl-thread1] INFO  server.RaftServer$Division (RaftServerImpl.java:setRole(378)) - a4575a20-a5a9-4997-a498-3e278eefae97@group-9DBD4C00002E: changes role from      null to FOLLOWER at term 0 for startAsFollower
2025-05-13 07:44:38,846 [a4575a20-a5a9-4997-a498-3e278eefae97-impl-thread1] INFO  impl.RoleInfo (RoleInfo.java:updateAndGet(148)) - a4575a20-a5a9-4997-a498-3e278eefae97: start a4575a20-a5a9-4997-a498-3e278eefae97@group-9DBD4C00002E-FollowerState
2025-05-13 07:44:38,846 [a4575a20-a5a9-4997-a498-3e278eefae97@group-9DBD4C00002E-FollowerState] INFO  server.RaftServerConfigKeys (ConfUtils.java:logFallback(53)) - raft.server.rpc.first-election.timeout.min = 5000ms (fallback to raft.server.rpc.timeout.min)
2025-05-13 07:44:38,846 [a4575a20-a5a9-4997-a498-3e278eefae97@group-9DBD4C00002E-FollowerState] INFO  server.RaftServerConfigKeys (ConfUtils.java:logFallback(53)) - raft.server.rpc.first-election.timeout.max = 5200ms (fallback to raft.server.rpc.timeout.max)
2025-05-13 07:44:38,847 [a4575a20-a5a9-4997-a498-3e278eefae97-impl-thread1] INFO  util.JmxRegister (JmxRegister.java:tryRegister(44)) - Successfully registered JMX Bean with object name Ratis:service=RaftServer,group=group-9DBD4C00002E,id=a4575a20-a5a9-4997-a498-3e278eefae97
2025-05-13 07:44:38,847 [a4575a20-a5a9-4997-a498-3e278eefae97-impl-thread1] INFO  util.JmxRegister (JmxRegister.java:register(58)) - register mxBean class org.apache.ratis.server.impl.RaftServerJmxAdapter as Ratis:service=RaftServer,group=group-9DBD4C00002E,id=a4575a20-a5a9-4997-a498-3e278eefae97
2025-05-13 07:44:38,847 [a4575a20-a5a9-4997-a498-3e278eefae97-impl-thread1] INFO  server.RaftServerConfigKeys (ConfUtils.java:logGet(46)) - raft.server.snapshot.trigger-when-stop.enabled = true (default)
2025-05-13 07:44:38,847 [a4575a20-a5a9-4997-a498-3e278eefae97-impl-thread1] INFO  server.RaftServerConfigKeys (ConfUtils.java:logGet(46)) - raft.server.snapshot.trigger-when-remove.enabled = true (default)
2025-05-13 07:44:38,847 [a4575a20-a5a9-4997-a498-3e278eefae97-impl-thread1] INFO  server.RaftServerConfigKeys (ConfUtils.java:logGet(46)) - raft.server.snapshot.auto.trigger.enabled = true (custom)
2025-05-13 07:44:38,847 [a4575a20-a5a9-4997-a498-3e278eefae97-impl-thread1] INFO  server.RaftServerConfigKeys (ConfUtils.java:logGet(46)) - raft.server.snapshot.auto.trigger.threshold = 1000 (custom)
2025-05-13 07:44:38,847 [a4575a20-a5a9-4997-a498-3e278eefae97-impl-thread1] INFO  server.RaftServerConfigKeys (ConfUtils.java:logGet(46)) - raft.server.snapshot.retention.file.num = -1 (default)
2025-05-13 07:44:38,847 [a4575a20-a5a9-4997-a498-3e278eefae97-impl-thread1] INFO  server.RaftServerConfigKeys (ConfUtils.java:logGet(46)) - raft.server.log.purge.upto.snapshot.index = false (default)
2025-05-13 07:44:38,848 [a4575a20-a5a9-4997-a498-3e278eefae97-impl-thread1] INFO  server.RaftServer$Division (RaftServerImpl.java:start(405)) - a4575a20-a5a9-4997-a498-3e278eefae97@group-9DBD4C00002E: Successfully started.
2025-05-13 07:44:38,848 [main] INFO  server.RaftServer (RaftServerProxy.java:startImpl(407)) - a4575a20-a5a9-4997-a498-3e278eefae97: start RPC server
2025-05-13 07:44:38,849 [main] INFO  server.GrpcService (GrpcService.java:startImpl(334)) - a4575a20-a5a9-4997-a498-3e278eefae97: GrpcService started, listening on 15046
2025-05-13 07:44:38,850 [JvmPauseMonitor8] INFO  util.JvmPauseMonitor (JvmPauseMonitor.java:run(146)) - JvmPauseMonitor-a4575a20-a5a9-4997-a498-3e278eefae97: Started
2025-05-13 07:44:39,182 [om1-om-CertificateRenewerService] INFO  retry.RetryInvocationHandler (RetryInvocationHandler.java:log(426)) - com.google.protobuf.ServiceException: java.net.ConnectException: Call From pkrvmberfyhpb9w/10.1.0.33 to localhost:15024 failed on connection exception: java.net.ConnectException: Connection refused; For more details see:  http://wiki.apache.org/hadoop/ConnectionRefused, while invoking $Proxy45.submitRequest over nodeId=scmNodeId,nodeAddress=localhost/127.0.0.1:15024 after 36 failover attempts. Trying to failover after sleeping for 2000ms. Current retry count: 36.
2025-05-13 07:44:41,188 [om1-om-CertificateRenewerService] INFO  retry.RetryInvocationHandler (RetryInvocationHandler.java:log(426)) - com.google.protobuf.ServiceException: java.net.ConnectException: Call From pkrvmberfyhpb9w/10.1.0.101 to localhost:15024 failed on connection exception: java.net.ConnectException: Connection refused; For more details see:  http://wiki.apache.org/hadoop/ConnectionRefused, while invoking $Proxy45.submitRequest over nodeId=scmNodeId,nodeAddress=localhost/127.0.0.1:15024 after 37 failover attempts. Trying to failover after sleeping for 2000ms. Current retry count: 37.
2025-05-13 07:44:43,189 [om1-om-CertificateRenewerService] INFO  retry.RetryInvocationHandler (RetryInvocationHandler.java:log(426)) - com.google.protobuf.ServiceException: java.net.ConnectException: Call From pkrvmberfyhpb9w/10.1.0.101 to localhost:15024 failed on connection exception: java.net.ConnectException: Connection refused; For more details see:  http://wiki.apache.org/hadoop/ConnectionRefused, while invoking $Proxy45.submitRequest over nodeId=scmNodeId,nodeAddress=localhost/127.0.0.1:15024 after 38 failover attempts. Trying to failover after sleeping for 2000ms. Current retry count: 38.
2025-05-13 07:44:43,991 [a4575a20-a5a9-4997-a498-3e278eefae97@group-9DBD4C00002E-FollowerState] INFO  impl.FollowerState (FollowerState.java:runImpl(161)) - a4575a20-a5a9-4997-a498-3e278eefae97@group-9DBD4C00002E-FollowerState: change to CANDIDATE, lastRpcElapsedTime:5144495312ns, electionTimeout:5144ms
2025-05-13 07:44:43,991 [a4575a20-a5a9-4997-a498-3e278eefae97@group-9DBD4C00002E-FollowerState] INFO  impl.RoleInfo (RoleInfo.java:shutdownFollowerState(121)) - a4575a20-a5a9-4997-a498-3e278eefae97: shutdown a4575a20-a5a9-4997-a498-3e278eefae97@group-9DBD4C00002E-FollowerState
2025-05-13 07:44:43,991 [a4575a20-a5a9-4997-a498-3e278eefae97@group-9DBD4C00002E-FollowerState] INFO  server.RaftServer$Division (RaftServerImpl.java:setRole(378)) - a4575a20-a5a9-4997-a498-3e278eefae97@group-9DBD4C00002E: changes role from  FOLLOWER to CANDIDATE at term 0 for changeToCandidate
2025-05-13 07:44:43,991 [a4575a20-a5a9-4997-a498-3e278eefae97@group-9DBD4C00002E-FollowerState] INFO  server.RaftServerConfigKeys (ConfUtils.java:logGet(46)) - raft.server.leaderelection.pre-vote = true (default)
2025-05-13 07:44:43,991 [a4575a20-a5a9-4997-a498-3e278eefae97@group-9DBD4C00002E-FollowerState] INFO  impl.RoleInfo (RoleInfo.java:updateAndGet(148)) - a4575a20-a5a9-4997-a498-3e278eefae97: start a4575a20-a5a9-4997-a498-3e278eefae97@group-9DBD4C00002E-LeaderElection7
2025-05-13 07:44:43,991 [a4575a20-a5a9-4997-a498-3e278eefae97@group-9DBD4C00002E-LeaderElection7] INFO  impl.LeaderElection (LeaderElection.java:askForVotes(332)) - a4575a20-a5a9-4997-a498-3e278eefae97@group-9DBD4C00002E-LeaderElection7 PRE_VOTE round 0: submit vote requests at term 0 for conf: {index: -1, cur=peers:[a4575a20-a5a9-4997-a498-3e278eefae97|pkrvmberfyhpb9w:15046]|listeners:[], old=null}
2025-05-13 07:44:43,992 [a4575a20-a5a9-4997-a498-3e278eefae97@group-9DBD4C00002E-LeaderElection7] INFO  impl.LeaderElection (LeaderElection.java:askForVotes(334)) - a4575a20-a5a9-4997-a498-3e278eefae97@group-9DBD4C00002E-LeaderElection7 PRE_VOTE round 0: result PASSED (term=0)
2025-05-13 07:44:43,997 [a4575a20-a5a9-4997-a498-3e278eefae97@group-9DBD4C00002E-LeaderElection7] INFO  impl.LeaderElection (LeaderElection.java:askForVotes(332)) - a4575a20-a5a9-4997-a498-3e278eefae97@group-9DBD4C00002E-LeaderElection7 ELECTION round 0: submit vote requests at term 1 for conf: {index: -1, cur=peers:[a4575a20-a5a9-4997-a498-3e278eefae97|pkrvmberfyhpb9w:15046]|listeners:[], old=null}
2025-05-13 07:44:43,997 [a4575a20-a5a9-4997-a498-3e278eefae97@group-9DBD4C00002E-LeaderElection7] INFO  impl.LeaderElection (LeaderElection.java:askForVotes(334)) - a4575a20-a5a9-4997-a498-3e278eefae97@group-9DBD4C00002E-LeaderElection7 ELECTION round 0: result PASSED (term=1)
2025-05-13 07:44:43,997 [a4575a20-a5a9-4997-a498-3e278eefae97@group-9DBD4C00002E-LeaderElection7] INFO  impl.RoleInfo (RoleInfo.java:shutdownLeaderElection(141)) - a4575a20-a5a9-4997-a498-3e278eefae97: shutdown a4575a20-a5a9-4997-a498-3e278eefae97@group-9DBD4C00002E-LeaderElection7
2025-05-13 07:44:43,997 [a4575a20-a5a9-4997-a498-3e278eefae97@group-9DBD4C00002E-LeaderElection7] INFO  server.RaftServer$Division (RaftServerImpl.java:setRole(378)) - a4575a20-a5a9-4997-a498-3e278eefae97@group-9DBD4C00002E: changes role from CANDIDATE to LEADER at term 1 for changeToLeader
2025-05-13 07:44:43,997 [a4575a20-a5a9-4997-a498-3e278eefae97@group-9DBD4C00002E-LeaderElection7] INFO  server.RaftServerConfigKeys (ConfUtils.java:logGet(46)) - raft.server.staging.catchup.gap = 1000 (default)
2025-05-13 07:44:43,997 [a4575a20-a5a9-4997-a498-3e278eefae97@group-9DBD4C00002E-LeaderElection7] INFO  server.RaftServerConfigKeys (ConfUtils.java:logGet(46)) - raft.server.write.element-limit = 4096 (default)
2025-05-13 07:44:43,998 [a4575a20-a5a9-4997-a498-3e278eefae97@group-9DBD4C00002E-LeaderElection7] INFO  server.RaftServerConfigKeys (ConfUtils.java:logGet(46)) - raft.server.write.byte-limit = 64MB (=67108864) (default)
2025-05-13 07:44:43,998 [a4575a20-a5a9-4997-a498-3e278eefae97@group-9DBD4C00002E-LeaderElection7] INFO  server.RaftServerConfigKeys (ConfUtils.java:logGet(46)) - raft.server.watch.timeout = 10s (default)
2025-05-13 07:44:43,998 [a4575a20-a5a9-4997-a498-3e278eefae97@group-9DBD4C00002E-LeaderElection7] INFO  server.RaftServerConfigKeys (ConfUtils.java:logGet(46)) - raft.server.watch.timeout.denomination = 1s (default)
2025-05-13 07:44:43,998 [a4575a20-a5a9-4997-a498-3e278eefae97@group-9DBD4C00002E-LeaderElection7] INFO  server.RaftServerConfigKeys (ConfUtils.java:logGet(46)) - raft.server.watch.element-limit = 65536 (default)
2025-05-13 07:44:43,998 [a4575a20-a5a9-4997-a498-3e278eefae97@group-9DBD4C00002E-LeaderElection7] INFO  server.RaftServerConfigKeys (ConfUtils.java:logGet(46)) - raft.server.read.leader.lease.enabled = false (default)
2025-05-13 07:44:43,998 [a4575a20-a5a9-4997-a498-3e278eefae97@group-9DBD4C00002E-LeaderElection7] INFO  server.RaftServerConfigKeys (ConfUtils.java:logGet(46)) - raft.server.read.leader.lease.timeout.ratio = 0.9 (default)
2025-05-13 07:44:43,998 [a4575a20-a5a9-4997-a498-3e278eefae97@group-9DBD4C00002E-LeaderElection7] INFO  server.RaftServerConfigKeys (ConfUtils.java:logGet(46)) - raft.server.rpc.timeout.min = 5000ms (custom)
2025-05-13 07:44:43,999 [a4575a20-a5a9-4997-a498-3e278eefae97@group-9DBD4C00002E-LeaderElection7] INFO  server.RaftServerConfigKeys (ConfUtils.java:logGet(46)) - raft.server.log.log-metadata.enabled = true (default)
2025-05-13 07:44:43,999 [a4575a20-a5a9-4997-a498-3e278eefae97@group-9DBD4C00002E-LeaderElection7] INFO  server.RaftServerConfigKeys (ConfUtils.java:logGet(46)) - raft.server.write.element-limit = 4096 (default)
2025-05-13 07:44:43,999 [a4575a20-a5a9-4997-a498-3e278eefae97@group-9DBD4C00002E-LeaderElection7] INFO  server.RaftServerConfigKeys (ConfUtils.java:logGet(46)) - raft.server.write.follower.gap.ratio.max = -1.0 (default)
2025-05-13 07:44:43,999 [a4575a20-a5a9-4997-a498-3e278eefae97@group-9DBD4C00002E-LeaderElection7] INFO  impl.RoleInfo (RoleInfo.java:updateAndGet(148)) - a4575a20-a5a9-4997-a498-3e278eefae97: start a4575a20-a5a9-4997-a498-3e278eefae97@group-9DBD4C00002E-LeaderStateImpl
2025-05-13 07:44:43,999 [a4575a20-a5a9-4997-a498-3e278eefae97@group-9DBD4C00002E-LeaderElection7] INFO  server.RaftServer$Division (RaftServerImpl.java:setFirstElection(562)) - a4575a20-a5a9-4997-a498-3e278eefae97@group-9DBD4C00002E: set firstElectionSinceStartup to false for becomeLeader
2025-05-13 07:44:43,999 [a4575a20-a5a9-4997-a498-3e278eefae97@group-9DBD4C00002E-LeaderElection7] INFO  server.RaftServer$Division (ServerState.java:setLeader(272)) - a4575a20-a5a9-4997-a498-3e278eefae97@group-9DBD4C00002E: change Leader from null to a4575a20-a5a9-4997-a498-3e278eefae97 at term 1 for becomeLeader, leader elected after 5165ms
2025-05-13 07:44:43,999 [a4575a20-a5a9-4997-a498-3e278eefae97@group-9DBD4C00002E-LeaderElection7] INFO  segmented.SegmentedRaftLogWorker (SegmentedRaftLogWorker.java:startLogSegment(438)) - a4575a20-a5a9-4997-a498-3e278eefae97@group-9DBD4C00002E-SegmentedRaftLogWorker: Starting segment from index:0
2025-05-13 07:44:43,999 [a4575a20-a5a9-4997-a498-3e278eefae97@group-9DBD4C00002E-LeaderElection7] INFO  server.RaftServer$Division (ServerState.java:setRaftConf(386)) - a4575a20-a5a9-4997-a498-3e278eefae97@group-9DBD4C00002E: set configuration conf: {index: 0, cur=peers:[a4575a20-a5a9-4997-a498-3e278eefae97|pkrvmberfyhpb9w:15046]|listeners:[], old=null}
2025-05-13 07:44:43,999 [a4575a20-a5a9-4997-a498-3e278eefae97@group-9DBD4C00002E-SegmentedRaftLogWorker] INFO  segmented.BufferedWriteChannel (BufferedWriteChannel.java:open(61)) - open log_inprogress_0 at position 0
2025-05-13 07:44:44,006 [a4575a20-a5a9-4997-a498-3e278eefae97@group-9DBD4C00002E-SegmentedRaftLogWorker] INFO  segmented.SegmentedRaftLogWorker (SegmentedRaftLogWorker.java:execute(644)) - a4575a20-a5a9-4997-a498-3e278eefae97@group-9DBD4C00002E-SegmentedRaftLogWorker: created new log segment /tmp/junit-5323695652344220701/scm-meta/scm-ha/95e7a8ba-633b-42b8-a4d8-9dbd4c00002e/current/log_inprogress_0
2025-05-13 07:44:44,007 [a4575a20-a5a9-4997-a498-3e278eefae97@group-9DBD4C00002E-StateMachineUpdater] INFO  server.RaftServer$Division (LeaderStateImpl.java:checkStartIndex(313)) - Leader a4575a20-a5a9-4997-a498-3e278eefae97@group-9DBD4C00002E-LeaderStateImpl is ready since appliedIndex == startIndex == 0
2025-05-13 07:44:44,849 [main] INFO  server.RaftServer (RaftServerProxy.java:lambda$close$9(417)) - a4575a20-a5a9-4997-a498-3e278eefae97: close
2025-05-13 07:44:44,850 [main] INFO  server.GrpcService (GrpcService.java:closeImpl(343)) - a4575a20-a5a9-4997-a498-3e278eefae97: shutdown server GrpcServerProtocolService now
2025-05-13 07:44:44,850 [a4575a20-a5a9-4997-a498-3e278eefae97-impl-thread1] INFO  server.RaftServer$Division (RaftServerImpl.java:lambda$close$1(513)) - a4575a20-a5a9-4997-a498-3e278eefae97@group-9DBD4C00002E: shutdown
2025-05-13 07:44:44,850 [a4575a20-a5a9-4997-a498-3e278eefae97-impl-thread1] INFO  util.JmxRegister (JmxRegister.java:unregister(74)) - Successfully un-registered JMX Bean with object name Ratis:service=RaftServer,group=group-9DBD4C00002E,id=a4575a20-a5a9-4997-a498-3e278eefae97
2025-05-13 07:44:44,850 [a4575a20-a5a9-4997-a498-3e278eefae97-impl-thread1] INFO  impl.RoleInfo (RoleInfo.java:shutdownLeaderState(103)) - a4575a20-a5a9-4997-a498-3e278eefae97: shutdown a4575a20-a5a9-4997-a498-3e278eefae97@group-9DBD4C00002E-LeaderStateImpl
2025-05-13 07:44:44,850 [a4575a20-a5a9-4997-a498-3e278eefae97-impl-thread1] INFO  impl.PendingRequests (PendingRequests.java:sendNotLeaderResponses(287)) - a4575a20-a5a9-4997-a498-3e278eefae97@group-9DBD4C00002E-PendingRequests: sendNotLeaderResponses
2025-05-13 07:44:44,851 [a4575a20-a5a9-4997-a498-3e278eefae97-impl-thread1] INFO  impl.StateMachineUpdater (StateMachineUpdater.java:stopAndJoin(164)) - a4575a20-a5a9-4997-a498-3e278eefae97@group-9DBD4C00002E-StateMachineUpdater: set stopIndex = 0
2025-05-13 07:44:44,851 [a4575a20-a5a9-4997-a498-3e278eefae97@group-9DBD4C00002E-StateMachineUpdater] INFO  impl.StateMachineUpdater (StateMachineUpdater.java:takeSnapshot(303)) - a4575a20-a5a9-4997-a498-3e278eefae97@group-9DBD4C00002E-StateMachineUpdater: Took a snapshot at index 0
2025-05-13 07:44:44,851 [a4575a20-a5a9-4997-a498-3e278eefae97@group-9DBD4C00002E-StateMachineUpdater] INFO  impl.StateMachineUpdater (StateMachineUpdater.java:lambda$new$0(102)) - a4575a20-a5a9-4997-a498-3e278eefae97@group-9DBD4C00002E-StateMachineUpdater: snapshotIndex: updateIncreasingly -1 -> 0
2025-05-13 07:44:44,851 [a4575a20-a5a9-4997-a498-3e278eefae97@group-9DBD4C00002E-StateMachineUpdater] INFO  impl.StateMachineUpdater (StateMachineUpdater.java:stop(141)) - a4575a20-a5a9-4997-a498-3e278eefae97@group-9DBD4C00002E-StateMachineUpdater: closing SCMStateMachine, lastApplied=(t:1, i:0)
2025-05-13 07:44:44,852 [a4575a20-a5a9-4997-a498-3e278eefae97@group-9DBD4C00002E-cacheEviction-AwaitToRun] INFO  util.AwaitToRun (AwaitToRun.java:run(49)) - a4575a20-a5a9-4997-a498-3e278eefae97@group-9DBD4C00002E-cacheEviction-AwaitToRun-AwaitForSignal is interrupted
2025-05-13 07:44:44,852 [main] INFO  server.GrpcService (GrpcService.java:closeImpl(352)) - a4575a20-a5a9-4997-a498-3e278eefae97: shutdown server GrpcServerProtocolService successfully
2025-05-13 07:44:45,007 [a4575a20-a5a9-4997-a498-3e278eefae97-impl-thread1] INFO  segmented.SegmentedRaftLogWorker (SegmentedRaftLogWorker.java:close(252)) - a4575a20-a5a9-4997-a498-3e278eefae97@group-9DBD4C00002E-SegmentedRaftLogWorker close()
2025-05-13 07:44:45,008 [JvmPauseMonitor8] INFO  util.JvmPauseMonitor (JvmPauseMonitor.java:run(152)) - JvmPauseMonitor-a4575a20-a5a9-4997-a498-3e278eefae97: Stopped
2025-05-13 07:44:45,008 [main] WARN  server.ServerUtils (ServerUtils.java:getScmDbDir(138)) - ozone.scm.db.dirs is not configured. We recommend adding this setting. Falling back to ozone.metadata.dirs instead.
2025-05-13 07:44:45,008 [main] INFO  ha.SCMHANodeDetails (SCMHANodeDetails.java:loadSCMHAConfig(162)) - ServiceID for StorageContainerManager is null
2025-05-13 07:44:45,008 [main] INFO  ha.SCMHANodeDetails (SCMHANodeDetails.java:loadSCMHAConfig(166)) - ozone.scm.default.service.id is not defined, falling back to ozone.scm.service.ids to find serviceID for StorageContainerManager if it is HA enabled cluster
2025-05-13 07:44:45,011 [pool-259-thread-1] INFO  request.KdcRequest (KdcRequest.java:preauth(683)) - The preauth data is empty.
2025-05-13 07:44:45,011 [pool-259-thread-1] INFO  server.KdcHandler (KdcHandler.java:handleRecoverableException(177)) - KRB error occurred while processing request: Additional pre-authentication required
2025-05-13 07:44:45,015 [pool-259-thread-1] INFO  request.AsRequest (AsRequest.java:issueTicket(112)) - AS_REQ ISSUE: authtime 1747122285014,om/pkrvmberfyhpb9w.internal.cloudapp.net@EXAMPLE.COM for krbtgt/EXAMPLE.COM@EXAMPLE.COM
2025-05-13 07:44:45,016 [main] INFO  security.UserGroupInformation (UserGroupInformation.java:loginUserFromKeytab(1143)) - Login successful for user om/pkrvmberfyhpb9w.internal.cloudapp.net@EXAMPLE.COM using keytab file om.keytab. Keytab auto renewal enabled : false
2025-05-13 07:44:45,016 [main] INFO  server.StorageContainerManager (StorageContainerManager.java:loginAsSCMUserIfSecurityEnabled(1062)) - SCM login successful.
2025-05-13 07:44:45,017 [main] INFO  proxy.SCMSecurityProtocolFailoverProxyProvider (SCMFailoverProxyProviderBase.java:<init>(120)) - Created fail-over proxy for protocol SCMSecurityProtocolPB with 1 nodes: [nodeId=scmNodeId,nodeAddress=localhost/127.0.0.1:15045]
2025-05-13 07:44:45,018 [main] INFO  client.SCMCertificateClient (DefaultCertificateClient.java:updateCertSerialId(1289)) - Certificate serial ID set to 2
2025-05-13 07:44:45,019 [main] INFO  client.SCMCertificateClient (DefaultCertificateClient.java:readCertificateFile(247)) - Added certificate 2 from file: /tmp/junit-5323695652344220701/scm-meta/scm/sub-ca/certs/2.crt.
2025-05-13 07:44:45,019 [main] INFO  client.SCMCertificateClient (DefaultCertificateClient.java:readCertificateFile(247)) - Added certificate 1 from file: /tmp/junit-5323695652344220701/scm-meta/scm/sub-ca/certs/CA-1.crt.
2025-05-13 07:44:45,020 [main] INFO  client.SCMCertificateClient (DefaultCertificateClient.java:readCertificateFile(247)) - Added certificate 2 from file: /tmp/junit-5323695652344220701/scm-meta/scm/sub-ca/certs/certificate.crt.
2025-05-13 07:44:45,020 [main] INFO  client.SCMCertificateClient (DefaultCertificateClient.java:loadAllCertificates(196)) - CertificateRenewerService and root ca rotation polling is disabled for scm/sub-ca
2025-05-13 07:44:45,020 [main] WARN  utils.HAUtils (HAUtils.java:getMetaDir(311)) - ozone.scm.db.dirs is not configured. We recommend adding this setting. Falling back to ozone.metadata.dirs instead.
2025-05-13 07:44:45,021 [main] WARN  db.DBStoreBuilder (DBStoreBuilder.java:getDBDirPath(160)) - ozone.scm.db.dirs is not configured. We recommend adding this setting. Falling back to ozone.metadata.dirs instead.
2025-05-13 07:44:45,087 [main] INFO  net.NodeSchemaLoader (NodeSchemaLoader.java:loadSchemaFromFile(128)) - Loading schema from [jar:file:/home/runner/work/ozone/ozone/hadoop-hdds/common/target/hdds-common-2.1.0-SNAPSHOT.jar!/network-topology-default.xml]
2025-05-13 07:44:45,087 [main] INFO  net.NodeSchemaLoader (NodeSchemaLoader.java:loadSchema(175)) - Loading network topology layer schema file
2025-05-13 07:44:45,105 [main] INFO  ha.SCMRatisServerImpl (SCMRatisServerImpl.java:<init>(100)) - starting Raft server for scm:a4575a20-a5a9-4997-a498-3e278eefae97
2025-05-13 07:44:45,106 [main] INFO  server.RaftServerConfigKeys (ConfUtils.java:logGet(46)) - raft.server.log.appender.buffer.byte-limit = 4194304 (custom)
2025-05-13 07:44:45,107 [main] INFO  server.RaftServer (ConfUtils.java:logGet(46)) - raft.rpc.type = GRPC (default)
2025-05-13 07:44:45,107 [main] INFO  grpc.GrpcConfigKeys (ConfUtils.java:logFallback(53)) - raft.grpc.admin.host = null (fallback to raft.grpc.server.host)
2025-05-13 07:44:45,107 [main] INFO  grpc.GrpcConfigKeys (ConfUtils.java:logFallback(53)) - raft.grpc.admin.port = 15046 (fallback to raft.grpc.server.port)
2025-05-13 07:44:45,107 [main] INFO  grpc.GrpcConfigKeys (ConfUtils.java:logFallback(53)) - raft.grpc.client.host = null (fallback to raft.grpc.server.host)
2025-05-13 07:44:45,107 [main] INFO  grpc.GrpcConfigKeys (ConfUtils.java:logFallback(53)) - raft.grpc.client.port = 15046 (fallback to raft.grpc.server.port)
2025-05-13 07:44:45,107 [main] INFO  grpc.GrpcConfigKeys (ConfUtils.java:logGet(46)) - raft.grpc.server.host = null (default)
2025-05-13 07:44:45,107 [main] INFO  grpc.GrpcConfigKeys (ConfUtils.java:logGet(46)) - raft.grpc.server.port = 15046 (custom)
2025-05-13 07:44:45,107 [main] INFO  server.GrpcService (ConfUtils.java:logGet(46)) - raft.grpc.message.size.max = 5242880 (custom)
2025-05-13 07:44:45,107 [main] INFO  server.GrpcService (ConfUtils.java:logGet(46)) - raft.grpc.flow.control.window = 1MB (=1048576) (default)
2025-05-13 07:44:45,107 [main] INFO  server.RaftServerConfigKeys (ConfUtils.java:logGet(46)) - raft.server.rpc.request.timeout = 30000ms (custom)
2025-05-13 07:44:45,108 [main] INFO  grpc.GrpcConfigKeys (ConfUtils.java:logGet(46)) - raft.grpc.server.heartbeat.channel = true (default)
2025-05-13 07:44:45,108 [main] INFO  server.RaftServerConfigKeys (ConfUtils.java:logGet(46)) - raft.server.log.appender.buffer.byte-limit = 4194304 (custom)
2025-05-13 07:44:45,108 [main] INFO  grpc.GrpcConfigKeys (ConfUtils.java:logGet(46)) - raft.grpc.server.async.request.thread.pool.cached = true (default)
2025-05-13 07:44:45,108 [main] INFO  grpc.GrpcConfigKeys (ConfUtils.java:logGet(46)) - raft.grpc.server.async.request.thread.pool.size = 32 (default)
2025-05-13 07:44:45,109 [main] INFO  impl.DataStreamServerImpl (ConfUtils.java:logGet(46)) - raft.datastream.type = DISABLED (default)
2025-05-13 07:44:45,109 [main] INFO  server.RaftServerConfigKeys (ConfUtils.java:logGet(46)) - raft.server.sleep.deviation.threshold = 300ms (default)
2025-05-13 07:44:45,109 [main] INFO  server.RaftServerConfigKeys (ConfUtils.java:logGet(46)) - raft.server.close.threshold = 60s (default)
2025-05-13 07:44:45,109 [main] INFO  server.RaftServerConfigKeys (ConfUtils.java:logGet(46)) - raft.server.leaderelection.leader.step-down.wait-time = 10s (default)
2025-05-13 07:44:45,109 [main] INFO  server.RaftServerConfigKeys (ConfUtils.java:logGet(46)) - raft.server.storage.dir = [/tmp/junit-5323695652344220701/scm-meta/scm-ha] (custom)
2025-05-13 07:44:45,109 [main] INFO  server.RaftServerConfigKeys (ConfUtils.java:logGet(46)) - raft.server.threadpool.proxy.cached = true (default)
2025-05-13 07:44:45,109 [main] INFO  server.RaftServerConfigKeys (ConfUtils.java:logGet(46)) - raft.server.threadpool.proxy.size = 0 (default)
2025-05-13 07:44:45,110 [a4575a20-a5a9-4997-a498-3e278eefae97-impl-thread1] INFO  server.RaftServer (RaftServerProxy.java:initGroupDir(265)) - a4575a20-a5a9-4997-a498-3e278eefae97: found a subdirectory /tmp/junit-5323695652344220701/scm-meta/scm-ha/95e7a8ba-633b-42b8-a4d8-9dbd4c00002e
2025-05-13 07:44:45,111 [main] INFO  server.RaftServer (RaftServerProxy.java:addNew(100)) - a4575a20-a5a9-4997-a498-3e278eefae97: addNew group-9DBD4C00002E:[] returns group-9DBD4C00002E:java.util.concurrent.CompletableFuture@6adfbf61[Not completed]
2025-05-13 07:44:45,111 [a4575a20-a5a9-4997-a498-3e278eefae97-groupManagement] INFO  server.RaftServer$Division (RaftServerImpl.java:<init>(255)) - a4575a20-a5a9-4997-a498-3e278eefae97: new RaftServerImpl for group-9DBD4C00002E:[] with SCMStateMachine:uninitialized
2025-05-13 07:44:45,111 [a4575a20-a5a9-4997-a498-3e278eefae97-groupManagement] INFO  server.RaftServerConfigKeys (ConfUtils.java:logGet(46)) - raft.server.rpc.timeout.min = 5000ms (custom)
2025-05-13 07:44:45,111 [a4575a20-a5a9-4997-a498-3e278eefae97-groupManagement] INFO  server.RaftServerConfigKeys (ConfUtils.java:logGet(46)) - raft.server.rpc.timeout.max = 5200ms (custom)
2025-05-13 07:44:45,111 [a4575a20-a5a9-4997-a498-3e278eefae97-groupManagement] INFO  server.RaftServerConfigKeys (ConfUtils.java:logGet(46)) - raft.server.rpc.sleep.time = 25ms (default)
2025-05-13 07:44:45,111 [a4575a20-a5a9-4997-a498-3e278eefae97-groupManagement] INFO  server.RaftServerConfigKeys (ConfUtils.java:logGet(46)) - raft.server.rpc.slowness.timeout = 120000ms (custom)
2025-05-13 07:44:45,111 [a4575a20-a5a9-4997-a498-3e278eefae97-groupManagement] INFO  server.RaftServerConfigKeys (ConfUtils.java:logGet(46)) - raft.server.leaderelection.leader.step-down.wait-time = 10s (default)
2025-05-13 07:44:45,111 [a4575a20-a5a9-4997-a498-3e278eefae97-groupManagement] INFO  server.RaftServerConfigKeys (ConfUtils.java:logGet(46)) - raft.server.leaderelection.member.majority-add = false (default)
2025-05-13 07:44:45,111 [a4575a20-a5a9-4997-a498-3e278eefae97-groupManagement] INFO  server.RaftServerConfigKeys (ConfUtils.java:logGet(46)) - raft.server.sleep.deviation.threshold = 300ms (default)
2025-05-13 07:44:45,111 [a4575a20-a5a9-4997-a498-3e278eefae97-groupManagement] INFO  server.RaftServer$Division (ServerState.java:<init>(114)) - a4575a20-a5a9-4997-a498-3e278eefae97@group-9DBD4C00002E: ConfigurationManager, init=conf: {index: -1, cur=peers:[]|listeners:[], old=null}, confs=<EMPTY_MAP>
2025-05-13 07:44:45,111 [a4575a20-a5a9-4997-a498-3e278eefae97-groupManagement] INFO  server.RaftServerConfigKeys (ConfUtils.java:logGet(46)) - raft.server.notification.no-leader.timeout = 60s (default)
2025-05-13 07:44:45,112 [a4575a20-a5a9-4997-a498-3e278eefae97-groupManagement] INFO  server.RaftServerConfigKeys (ConfUtils.java:logGet(46)) - raft.server.read.timeout = 10s (default)
2025-05-13 07:44:45,112 [a4575a20-a5a9-4997-a498-3e278eefae97-groupManagement] INFO  server.RaftServerConfigKeys (ConfUtils.java:logGet(46)) - raft.server.retrycache.expirytime = 60000ms (default)
2025-05-13 07:44:45,112 [a4575a20-a5a9-4997-a498-3e278eefae97-groupManagement] INFO  server.RaftServerConfigKeys (ConfUtils.java:logGet(46)) - raft.server.retrycache.statistics.expirytime = 100ms (default)
2025-05-13 07:44:45,112 [a4575a20-a5a9-4997-a498-3e278eefae97-groupManagement] INFO  server.RaftServerConfigKeys (ConfUtils.java:logGet(46)) - raft.server.read.option = DEFAULT (default)
2025-05-13 07:44:45,112 [a4575a20-a5a9-4997-a498-3e278eefae97-groupManagement] INFO  server.RaftServerConfigKeys (ConfUtils.java:logGet(46)) - raft.server.read.read-after-write-consistent.write-index-cache.expiry-time = 60s (default)
2025-05-13 07:44:45,116 [a4575a20-a5a9-4997-a498-3e278eefae97-groupManagement] INFO  server.RaftServerConfigKeys (ConfUtils.java:logGet(46)) - raft.server.rpc.request.timeout = 30000ms (custom)
2025-05-13 07:44:45,116 [a4575a20-a5a9-4997-a498-3e278eefae97-groupManagement] INFO  server.RaftServerConfigKeys (ConfUtils.java:logGet(46)) - raft.server.log.appender.install.snapshot.enabled = false (custom)
2025-05-13 07:44:45,116 [a4575a20-a5a9-4997-a498-3e278eefae97-groupManagement] INFO  server.RaftServerConfigKeys (ConfUtils.java:logGet(46)) - raft.server.threadpool.server.cached = true (default)
2025-05-13 07:44:45,116 [a4575a20-a5a9-4997-a498-3e278eefae97-groupManagement] INFO  server.RaftServerConfigKeys (ConfUtils.java:logGet(46)) - raft.server.threadpool.server.size = 0 (default)
2025-05-13 07:44:45,116 [a4575a20-a5a9-4997-a498-3e278eefae97-groupManagement] INFO  server.RaftServerConfigKeys (ConfUtils.java:logGet(46)) - raft.server.threadpool.client.cached = true (default)
2025-05-13 07:44:45,116 [a4575a20-a5a9-4997-a498-3e278eefae97-groupManagement] INFO  server.RaftServerConfigKeys (ConfUtils.java:logGet(46)) - raft.server.threadpool.client.size = 0 (default)
2025-05-13 07:44:45,116 [main] INFO  ha.SCMSnapshotProvider (SCMSnapshotProvider.java:<init>(61)) - Initializing SCM Snapshot Provider
2025-05-13 07:44:45,116 [main] WARN  server.ServerUtils (ServerUtils.java:getDefaultRatisDirectory(304)) - Storage directory for Ratis is not configured. It is a good idea to map this to an SSD disk. Falling back to ozone.metadata.dirs
2025-05-13 07:44:45,116 [main] WARN  ha.SCMHAUtils (SCMHAUtils.java:getSCMRatisSnapshotDirectory(120)) - SCM snapshot dir is not configured. Falling back to ozone.metadata.dirs config
2025-05-13 07:44:45,117 [main] INFO  upgrade.AbstractLayoutVersionManager (AbstractLayoutVersionManager.java:init(80)) - Initializing Layout version manager with metadata layout = HBASE_SUPPORT (version = 8), software layout = HBASE_SUPPORT (version = 8)
2025-05-13 07:44:45,118 [main] INFO  ha.SequenceIdGenerator (SequenceIdGenerator.java:upgradeToSequenceId(355)) - upgrade localId to 115816896921600000
2025-05-13 07:44:45,119 [main] INFO  ha.SequenceIdGenerator (SequenceIdGenerator.java:upgradeToSequenceId(365)) - upgrade delTxnId to 0
2025-05-13 07:44:45,120 [main] INFO  ha.SequenceIdGenerator (SequenceIdGenerator.java:upgradeToSequenceId(382)) - upgrade containerId to 0
2025-05-13 07:44:45,121 [main] INFO  ha.SequenceIdGenerator (SequenceIdGenerator.java:upgradeToCertificateSequenceId(419)) - upgrade CertificateId to 2
2025-05-13 07:44:45,121 [main] INFO  ha.SequenceIdGenerator (SequenceIdGenerator.java:<init>(232)) - Init the HA SequenceIdGenerator.
2025-05-13 07:44:45,121 [main] WARN  server.ServerUtils (ServerUtils.java:sanitizeUserArgs(76)) - ozone.scm.stale.node.interval value = 300000 is larger than max = 100000 based on the key value of ozone.scm.heartbeat.thread.interval, reset to the max value 100000.
2025-05-13 07:44:45,121 [main] WARN  server.ServerUtils (ServerUtils.java:sanitizeUserArgs(76)) - ozone.scm.stale.node.interval value = 300000 is larger than max = 100000 based on the key value of ozone.scm.heartbeat.thread.interval, reset to the max value 100000.
2025-05-13 07:44:45,122 [main] INFO  node.SCMNodeManager (SCMNodeManager.java:<init>(182)) - Entering startup safe mode.
2025-05-13 07:44:45,122 [main] INFO  algorithms.ContainerPlacementPolicyFactory (ContainerPlacementPolicyFactory.java:getPolicyInternal(84)) - Create container placement policy of type org.apache.hadoop.hdds.scm.container.placement.algorithms.SCMContainerPlacementRackAware
2025-05-13 07:44:45,123 [main] INFO  algorithms.ContainerPlacementPolicyFactory (ContainerPlacementPolicyFactory.java:getPolicyInternal(84)) - Create container placement policy of type org.apache.hadoop.hdds.scm.container.placement.algorithms.SCMContainerPlacementRackScatter
2025-05-13 07:44:45,123 [main] INFO  pipeline.PipelineStateManagerImpl (PipelineStateManagerImpl.java:initialize(75)) - No pipeline exists in current db
2025-05-13 07:44:45,123 [main] INFO  algorithms.LeaderChoosePolicyFactory (LeaderChoosePolicyFactory.java:getPolicy(55)) - Create leader choose policy of type org.apache.hadoop.hdds.scm.pipeline.leader.choose.algorithms.MinLeaderCountChoosePolicy
2025-05-13 07:44:45,123 [main] INFO  algorithms.ContainerPlacementPolicyFactory (ContainerPlacementPolicyFactory.java:getPolicyInternal(84)) - Create container placement policy of type org.apache.hadoop.hdds.scm.container.placement.algorithms.SCMContainerPlacementRackScatter
2025-05-13 07:44:45,124 [main] INFO  ha.SCMServiceManager (SCMServiceManager.java:register(42)) - Registering service BackgroundPipelineCreator.
2025-05-13 07:44:45,124 [main] INFO  pipeline.BackgroundPipelineCreator (BackgroundPipelineCreator.java:start(126)) - Starting RatisPipelineUtilsThread.
2025-05-13 07:44:45,124 [main] INFO  BackgroundPipelineScrubber (BackgroundSCMService.java:start(64)) - Starting BackgroundPipelineScrubber Service.
2025-05-13 07:44:45,124 [main] INFO  ha.SCMServiceManager (SCMServiceManager.java:register(42)) - Registering service BackgroundPipelineScrubber.
2025-05-13 07:44:45,124 [main] INFO  ExpiredContainerReplicaOpScrubber (BackgroundSCMService.java:start(64)) - Starting ExpiredContainerReplicaOpScrubber Service.
2025-05-13 07:44:45,125 [main] INFO  ha.SCMServiceManager (SCMServiceManager.java:register(42)) - Registering service ExpiredContainerReplicaOpScrubber.
2025-05-13 07:44:45,125 [main] INFO  algorithms.PipelineChoosePolicyFactory (PipelineChoosePolicyFactory.java:createPipelineChoosePolicyFromClass(78)) - Create pipeline choose policy of type org.apache.hadoop.hdds.scm.pipeline.choose.algorithms.RandomPipelineChoosePolicy
2025-05-13 07:44:45,126 [main] INFO  algorithms.PipelineChoosePolicyFactory (PipelineChoosePolicyFactory.java:createPipelineChoosePolicyFromClass(78)) - Create pipeline choose policy of type org.apache.hadoop.hdds.scm.pipeline.choose.algorithms.RandomPipelineChoosePolicy
2025-05-13 07:44:45,127 [main] INFO  ha.SCMServiceManager (SCMServiceManager.java:register(42)) - Registering service SCMBlockDeletingService.
2025-05-13 07:44:45,128 [main] INFO  replication.ReplicationManager (ReplicationManager.java:start(285)) - Starting Replication Monitor Thread.
2025-05-13 07:44:45,128 [main] INFO  ha.SCMServiceManager (SCMServiceManager.java:register(42)) - Registering service ReplicationManager.
2025-05-13 07:44:45,129 [main] INFO  safemode.RatisContainerSafeModeRule (RatisContainerSafeModeRule.java:initializeRule(160)) - Refreshed Containers with one replica threshold count 0.
2025-05-13 07:44:45,129 [main] INFO  safemode.ECContainerSafeModeRule (ECContainerSafeModeRule.java:initializeRule(205)) - Refreshed Containers with ec n replica threshold count 0.
2025-05-13 07:44:45,129 [main] INFO  safemode.HealthyPipelineSafeModeRule (HealthyPipelineSafeModeRule.java:initializeRule(177)) - Total pipeline count is 0, healthy pipeline threshold count is 0
2025-05-13 07:44:45,130 [main] INFO  safemode.OneReplicaPipelineSafeModeRule (OneReplicaPipelineSafeModeRule.java:initializeRule(190)) - Total pipeline count is 0, pipeline's with at least one datanode reported threshold count is 0
2025-05-13 07:44:45,130 [main] INFO  security.SecretKeyManagerService (SecretKeyManagerService.java:start(143)) - Scheduling rotation checker with interval PT10M
2025-05-13 07:44:45,130 [main] INFO  ha.SCMServiceManager (SCMServiceManager.java:register(42)) - Registering service SecretKeyManagerService.
2025-05-13 07:44:45,131 [main] INFO  keys.KeyStorage (KeyStorage.java:readPublicKey(174)) - Reading public key from /tmp/junit-5323695652344220701/scm-meta/scm/sub-ca/keys/public.pem.
2025-05-13 07:44:45,131 [main] INFO  keys.KeyStorage (KeyStorage.java:readPrivateKey(158)) - Reading private key from /tmp/junit-5323695652344220701/scm-meta/scm/sub-ca/keys/private.pem.
2025-05-13 07:44:45,131 [main] INFO  authority.DefaultCAServer (DefaultCAServer.java:lambda$processVerificationStatus$0(392)) - CertificateServer validation is successful
2025-05-13 07:44:45,132 [main] INFO  keys.KeyStorage (KeyStorage.java:readPublicKey(174)) - Reading public key from /tmp/junit-5323695652344220701/scm-meta/scm/ca/keys/public.pem.
2025-05-13 07:44:45,132 [main] INFO  keys.KeyStorage (KeyStorage.java:readPrivateKey(158)) - Reading private key from /tmp/junit-5323695652344220701/scm-meta/scm/ca/keys/private.pem.
2025-05-13 07:44:45,132 [main] INFO  authority.DefaultCAServer (DefaultCAServer.java:lambda$processVerificationStatus$0(392)) - CertificateServer validation is successful
2025-05-13 07:44:45,132 [main] INFO  server.StorageContainerManager (StorageContainerManager.java:persistPrimarySCMCerts(950)) - Storing sub-ca certificate serialId 2 on primary SCM
2025-05-13 07:44:45,133 [main] INFO  server.SCMCertStore (SCMCertStore.java:storeValidScmCertificate(96)) - Scm certificate 2 for CN=scm-sub@pkrvmberfyhpb9w,OU=a4575a20-a5a9-4997-a498-3e278eefae97,O=95e7a8ba-633b-42b8-a4d8-9dbd4c00002e,SERIALNUMBER=2 is stored
2025-05-13 07:44:45,134 [main] INFO  server.StorageContainerManager (StorageContainerManager.java:persistPrimarySCMCerts(957)) - Storing root certificate serialId 1
2025-05-13 07:44:45,134 [main] INFO  server.SCMCertStore (SCMCertStore.java:storeValidScmCertificate(96)) - Scm certificate 1 for CN=scm@pkrvmberfyhpb9w,OU=a4575a20-a5a9-4997-a498-3e278eefae97,O=95e7a8ba-633b-42b8-a4d8-9dbd4c00002e,SERIALNUMBER=1 is stored
2025-05-13 07:44:45,137 [main] INFO  ha.SequenceIdGenerator (SequenceIdGenerator.java:upgradeToCertificateSequenceId(419)) - upgrade CertificateId to 2
2025-05-13 07:44:45,137 [main] INFO  ipc.CallQueueManager (CallQueueManager.java:<init>(93)) - Using callQueue: class java.util.concurrent.LinkedBlockingQueue, queueCapacity: 200, scheduler: class org.apache.hadoop.ipc.DefaultRpcScheduler, ipcBackoff: false, ipcFailOver: false.
2025-05-13 07:44:45,138 [main] INFO  ipc.Server (Server.java:<init>(1438)) - Listener at 0.0.0.0:15045
2025-05-13 07:44:45,138 [Socket Reader #1 for port 15045] INFO  ipc.Server (Server.java:run(1474)) - Starting Socket Reader #1 for port 15045
2025-05-13 07:44:45,139 [main] INFO  server.StorageContainerManager (StorageContainerManager.java:<init>(430)) - SCM start with adminUsers: [om/pkrvmberfyhpb9w.internal.cloudapp.net@EXAMPLE.COM, om]
2025-05-13 07:44:45,139 [main] INFO  ipc.CallQueueManager (CallQueueManager.java:<init>(93)) - Using callQueue: class java.util.concurrent.LinkedBlockingQueue, queueCapacity: 10000, scheduler: class org.apache.hadoop.ipc.DefaultRpcScheduler, ipcBackoff: false, ipcFailOver: false.
2025-05-13 07:44:45,140 [main] INFO  ipc.Server (Server.java:<init>(1438)) - Listener at 0.0.0.0:15043
2025-05-13 07:44:45,140 [Socket Reader #1 for port 15043] INFO  ipc.Server (Server.java:run(1474)) - Starting Socket Reader #1 for port 15043
2025-05-13 07:44:45,140 [Socket Reader #2 for port 15043] INFO  ipc.Server (Server.java:run(1474)) - Starting Socket Reader #2 for port 15043
2025-05-13 07:44:45,141 [Socket Reader #3 for port 15043] INFO  ipc.Server (Server.java:run(1474)) - Starting Socket Reader #3 for port 15043
2025-05-13 07:44:45,141 [Socket Reader #4 for port 15043] INFO  ipc.Server (Server.java:run(1474)) - Starting Socket Reader #4 for port 15043
2025-05-13 07:44:45,141 [Socket Reader #5 for port 15043] INFO  ipc.Server (Server.java:run(1474)) - Starting Socket Reader #5 for port 15043
2025-05-13 07:44:45,141 [Socket Reader #6 for port 15043] INFO  ipc.Server (Server.java:run(1474)) - Starting Socket Reader #6 for port 15043
2025-05-13 07:44:45,141 [Socket Reader #7 for port 15043] INFO  ipc.Server (Server.java:run(1474)) - Starting Socket Reader #7 for port 15043
2025-05-13 07:44:45,142 [Socket Reader #8 for port 15043] INFO  ipc.Server (Server.java:run(1474)) - Starting Socket Reader #8 for port 15043
2025-05-13 07:44:45,142 [Socket Reader #9 for port 15043] INFO  ipc.Server (Server.java:run(1474)) - Starting Socket Reader #9 for port 15043
2025-05-13 07:44:45,142 [Socket Reader #10 for port 15043] INFO  ipc.Server (Server.java:run(1474)) - Starting Socket Reader #10 for port 15043
2025-05-13 07:44:45,143 [main] INFO  ipc.CallQueueManager (CallQueueManager.java:<init>(93)) - Using callQueue: class java.util.concurrent.LinkedBlockingQueue, queueCapacity: 10000, scheduler: class org.apache.hadoop.ipc.DefaultRpcScheduler, ipcBackoff: false, ipcFailOver: false.
2025-05-13 07:44:45,143 [main] INFO  ipc.Server (Server.java:<init>(1438)) - Listener at 0.0.0.0:15044
2025-05-13 07:44:45,143 [Socket Reader #1 for port 15044] INFO  ipc.Server (Server.java:run(1474)) - Starting Socket Reader #1 for port 15044
2025-05-13 07:44:45,144 [Socket Reader #2 for port 15044] INFO  ipc.Server (Server.java:run(1474)) - Starting Socket Reader #2 for port 15044
2025-05-13 07:44:45,144 [Socket Reader #3 for port 15044] INFO  ipc.Server (Server.java:run(1474)) - Starting Socket Reader #3 for port 15044
2025-05-13 07:44:45,144 [Socket Reader #4 for port 15044] INFO  ipc.Server (Server.java:run(1474)) - Starting Socket Reader #4 for port 15044
2025-05-13 07:44:45,145 [Socket Reader #5 for port 15044] INFO  ipc.Server (Server.java:run(1474)) - Starting Socket Reader #5 for port 15044
2025-05-13 07:44:45,145 [Socket Reader #6 for port 15044] INFO  ipc.Server (Server.java:run(1474)) - Starting Socket Reader #6 for port 15044
2025-05-13 07:44:45,145 [Socket Reader #7 for port 15044] INFO  ipc.Server (Server.java:run(1474)) - Starting Socket Reader #7 for port 15044
2025-05-13 07:44:45,145 [Socket Reader #8 for port 15044] INFO  ipc.Server (Server.java:run(1474)) - Starting Socket Reader #8 for port 15044
2025-05-13 07:44:45,145 [Socket Reader #9 for port 15044] INFO  ipc.Server (Server.java:run(1474)) - Starting Socket Reader #9 for port 15044
2025-05-13 07:44:45,145 [Socket Reader #10 for port 15044] INFO  ipc.Server (Server.java:run(1474)) - Starting Socket Reader #10 for port 15044
2025-05-13 07:44:45,146 [main] INFO  ipc.CallQueueManager (CallQueueManager.java:<init>(93)) - Using callQueue: class java.util.concurrent.LinkedBlockingQueue, queueCapacity: 10000, scheduler: class org.apache.hadoop.ipc.DefaultRpcScheduler, ipcBackoff: false, ipcFailOver: false.
2025-05-13 07:44:45,147 [main] INFO  ipc.Server (Server.java:<init>(1438)) - Listener at 0.0.0.0:15042
2025-05-13 07:44:45,147 [Socket Reader #1 for port 15042] INFO  ipc.Server (Server.java:run(1474)) - Starting Socket Reader #1 for port 15042
2025-05-13 07:44:45,147 [Socket Reader #2 for port 15042] INFO  ipc.Server (Server.java:run(1474)) - Starting Socket Reader #2 for port 15042
2025-05-13 07:44:45,148 [Socket Reader #3 for port 15042] INFO  ipc.Server (Server.java:run(1474)) - Starting Socket Reader #3 for port 15042
2025-05-13 07:44:45,148 [Socket Reader #4 for port 15042] INFO  ipc.Server (Server.java:run(1474)) - Starting Socket Reader #4 for port 15042
2025-05-13 07:44:45,148 [Socket Reader #5 for port 15042] INFO  ipc.Server (Server.java:run(1474)) - Starting Socket Reader #5 for port 15042
2025-05-13 07:44:45,148 [Socket Reader #6 for port 15042] INFO  ipc.Server (Server.java:run(1474)) - Starting Socket Reader #6 for port 15042
2025-05-13 07:44:45,149 [Socket Reader #7 for port 15042] INFO  ipc.Server (Server.java:run(1474)) - Starting Socket Reader #7 for port 15042
2025-05-13 07:44:45,149 [Socket Reader #8 for port 15042] INFO  ipc.Server (Server.java:run(1474)) - Starting Socket Reader #8 for port 15042
2025-05-13 07:44:45,149 [Socket Reader #9 for port 15042] INFO  ipc.Server (Server.java:run(1474)) - Starting Socket Reader #9 for port 15042
2025-05-13 07:44:45,149 [Socket Reader #10 for port 15042] INFO  ipc.Server (Server.java:run(1474)) - Starting Socket Reader #10 for port 15042
2025-05-13 07:44:45,155 [main] INFO  ha.SCMServiceManager (SCMServiceManager.java:register(42)) - Registering service ContainerBalancer.
2025-05-13 07:44:45,155 [main] INFO  ha.SCMContext (SCMContext.java:updateSafeModeStatus(224)) - Update SafeModeStatus from SafeModeStatus{safeModeStatus=true, preCheckPassed=false} to SafeModeStatus{safeModeStatus=true, preCheckPassed=false}.
2025-05-13 07:44:45,157 [main] INFO  server.StorageContainerManager (StorageContainerManager.java:start(1507)) - StorageContainerLocationProtocol RPC server is listening at /0.0.0.0:15042
2025-05-13 07:44:45,157 [main] INFO  ha.SCMRatisServerImpl (SCMRatisServerImpl.java:start(203)) - starting ratis server 0.0.0.0:15046
2025-05-13 07:44:45,157 [a4575a20-a5a9-4997-a498-3e278eefae97-impl-thread1] INFO  server.RaftServerConfigKeys (ConfUtils.java:logGet(46)) - raft.server.storage.free-space.min = 0MB (=0) (default)
2025-05-13 07:44:45,157 [a4575a20-a5a9-4997-a498-3e278eefae97-impl-thread1] INFO  server.RaftServerConfigKeys (ConfUtils.java:logGet(46)) - raft.server.log.corruption.policy = EXCEPTION (default)
2025-05-13 07:44:45,157 [a4575a20-a5a9-4997-a498-3e278eefae97-impl-thread1] INFO  server.RaftServerConfigKeys (ConfUtils.java:logGet(46)) - raft.server.storage.dir = [/tmp/junit-5323695652344220701/scm-meta/scm-ha] (custom)
2025-05-13 07:44:45,158 [a4575a20-a5a9-4997-a498-3e278eefae97-impl-thread1] INFO  storage.RaftStorageDirectory (RaftStorageDirectoryImpl.java:tryLock(229)) - Lock on /tmp/junit-5323695652344220701/scm-meta/scm-ha/95e7a8ba-633b-42b8-a4d8-9dbd4c00002e/in_use.lock acquired by nodename 25269@pkrvmberfyhpb9w
2025-05-13 07:44:45,158 [a4575a20-a5a9-4997-a498-3e278eefae97-impl-thread1] INFO  storage.RaftStorage (RaftStorageImpl.java:analyzeAndRecoverStorage(118)) - Read RaftStorageMetadata{term=1, votedFor=a4575a20-a5a9-4997-a498-3e278eefae97} from /tmp/junit-5323695652344220701/scm-meta/scm-ha/95e7a8ba-633b-42b8-a4d8-9dbd4c00002e/current/raft-meta
2025-05-13 07:44:45,159 [a4575a20-a5a9-4997-a498-3e278eefae97-impl-thread1] INFO  server.RaftServer$Division (ServerState.java:setRaftConf(386)) - a4575a20-a5a9-4997-a498-3e278eefae97@group-9DBD4C00002E: set configuration conf: {index: 0, cur=peers:[a4575a20-a5a9-4997-a498-3e278eefae97|pkrvmberfyhpb9w:15046]|listeners:[], old=null}
2025-05-13 07:44:45,159 [a4575a20-a5a9-4997-a498-3e278eefae97-impl-thread1] INFO  ha.SCMStateMachine (SCMStateMachine.java:lambda$initialize$0(135)) - a4575a20-a5a9-4997-a498-3e278eefae97: initialize group-9DBD4C00002E
2025-05-13 07:44:45,159 [a4575a20-a5a9-4997-a498-3e278eefae97-impl-thread1] INFO  server.RaftServerConfigKeys (ConfUtils.java:logGet(46)) - raft.server.log.use.memory = false (default)
2025-05-13 07:44:45,159 [a4575a20-a5a9-4997-a498-3e278eefae97-impl-thread1] INFO  server.RaftServerConfigKeys (ConfUtils.java:logGet(46)) - raft.server.log.purge.gap = 1000000 (custom)
2025-05-13 07:44:45,159 [a4575a20-a5a9-4997-a498-3e278eefae97-impl-thread1] INFO  server.RaftServerConfigKeys (ConfUtils.java:logGet(46)) - raft.server.log.appender.buffer.byte-limit = 4194304 (custom)
2025-05-13 07:44:45,159 [a4575a20-a5a9-4997-a498-3e278eefae97-impl-thread1] INFO  server.RaftServerConfigKeys (ConfUtils.java:logGet(46)) - raft.server.log.statemachine.data.read.timeout = 1000ms (default)
2025-05-13 07:44:45,159 [a4575a20-a5a9-4997-a498-3e278eefae97-impl-thread1] INFO  server.RaftServerConfigKeys (ConfUtils.java:logGet(46)) - raft.server.log.purge.preservation.log.num = 0 (default)
2025-05-13 07:44:45,161 [a4575a20-a5a9-4997-a498-3e278eefae97-impl-thread1] INFO  server.RaftServerConfigKeys (ConfUtils.java:logGet(46)) - raft.server.log.segment.size.max = 4194304 (custom)
2025-05-13 07:44:45,161 [a4575a20-a5a9-4997-a498-3e278eefae97-impl-thread1] INFO  server.RaftServerConfigKeys (ConfUtils.java:logGet(46)) - raft.server.log.segment.cache.num.max = 2 (custom)
2025-05-13 07:44:45,161 [a4575a20-a5a9-4997-a498-3e278eefae97-impl-thread1] INFO  server.RaftServerConfigKeys (ConfUtils.java:logGet(46)) - raft.server.log.segment.cache.size.max = 200MB (=209715200) (default)
2025-05-13 07:44:45,162 [a4575a20-a5a9-4997-a498-3e278eefae97-impl-thread1] INFO  server.RaftServerConfigKeys (ConfUtils.java:logGet(46)) - raft.server.log.appender.buffer.byte-limit = 4194304 (custom)
2025-05-13 07:44:45,162 [a4575a20-a5a9-4997-a498-3e278eefae97-impl-thread1] INFO  util.AwaitToRun (AwaitToRun.java:start(81)) - Thread[#1710,a4575a20-a5a9-4997-a498-3e278eefae97@group-9DBD4C00002E-cacheEviction-AwaitToRun,5,main] started
2025-05-13 07:44:45,162 [a4575a20-a5a9-4997-a498-3e278eefae97-impl-thread1] INFO  segmented.SegmentedRaftLogWorker (SegmentedRaftLogWorker.java:<init>(188)) - new a4575a20-a5a9-4997-a498-3e278eefae97@group-9DBD4C00002E-SegmentedRaftLogWorker for RaftStorageImpl:Storage Directory /tmp/junit-5323695652344220701/scm-meta/scm-ha/95e7a8ba-633b-42b8-a4d8-9dbd4c00002e
2025-05-13 07:44:45,162 [a4575a20-a5a9-4997-a498-3e278eefae97-impl-thread1] INFO  server.RaftServerConfigKeys (ConfUtils.java:logGet(46)) - raft.server.log.queue.byte-limit = 64MB (=67108864) (default)
2025-05-13 07:44:45,162 [a4575a20-a5a9-4997-a498-3e278eefae97-impl-thread1] INFO  server.RaftServerConfigKeys (ConfUtils.java:logGet(46)) - raft.server.log.queue.element-limit = 4096 (default)
2025-05-13 07:44:45,162 [a4575a20-a5a9-4997-a498-3e278eefae97-impl-thread1] INFO  server.RaftServerConfigKeys (ConfUtils.java:logGet(46)) - raft.server.log.segment.size.max = 4194304 (custom)
2025-05-13 07:44:45,162 [a4575a20-a5a9-4997-a498-3e278eefae97-impl-thread1] INFO  server.RaftServerConfigKeys (ConfUtils.java:logGet(46)) - raft.server.log.preallocated.size = 4194304 (custom)
2025-05-13 07:44:45,162 [a4575a20-a5a9-4997-a498-3e278eefae97-impl-thread1] INFO  server.RaftServerConfigKeys (ConfUtils.java:logGet(46)) - raft.server.log.force.sync.num = 128 (default)
2025-05-13 07:44:45,162 [a4575a20-a5a9-4997-a498-3e278eefae97-impl-thread1] INFO  server.RaftServerConfigKeys (ConfUtils.java:logGet(46)) - raft.server.log.statemachine.data.sync = true (default)
2025-05-13 07:44:45,162 [a4575a20-a5a9-4997-a498-3e278eefae97-impl-thread1] INFO  server.RaftServerConfigKeys (ConfUtils.java:logGet(46)) - raft.server.log.statemachine.data.sync.timeout = 10s (default)
2025-05-13 07:44:45,162 [a4575a20-a5a9-4997-a498-3e278eefae97-impl-thread1] INFO  server.RaftServerConfigKeys (ConfUtils.java:logGet(46)) - raft.server.log.statemachine.data.sync.timeout.retry = -1 (default)
2025-05-13 07:44:45,163 [a4575a20-a5a9-4997-a498-3e278eefae97-impl-thread1] INFO  server.RaftServerConfigKeys (ConfUtils.java:logGet(46)) - raft.server.log.write.buffer.size = 4194312 (custom)
2025-05-13 07:44:45,163 [a4575a20-a5a9-4997-a498-3e278eefae97-impl-thread1] INFO  server.RaftServerConfigKeys (ConfUtils.java:logGet(46)) - raft.server.log.appender.buffer.byte-limit = 4194304 (custom)
2025-05-13 07:44:45,163 [a4575a20-a5a9-4997-a498-3e278eefae97-impl-thread1] INFO  server.RaftServerConfigKeys (ConfUtils.java:logGet(46)) - raft.server.log.unsafe-flush.enabled = false (default)
2025-05-13 07:44:45,163 [a4575a20-a5a9-4997-a498-3e278eefae97-impl-thread1] INFO  server.RaftServerConfigKeys (ConfUtils.java:logGet(46)) - raft.server.log.async-flush.enabled = false (default)
2025-05-13 07:44:45,164 [a4575a20-a5a9-4997-a498-3e278eefae97-impl-thread1] INFO  server.RaftServerConfigKeys (ConfUtils.java:logGet(46)) - raft.server.log.statemachine.data.caching.enabled = false (default)
2025-05-13 07:44:45,164 [a4575a20-a5a9-4997-a498-3e278eefae97-impl-thread1] INFO  server.RaftServer$Division (ServerState.java:setRaftConf(386)) - a4575a20-a5a9-4997-a498-3e278eefae97@group-9DBD4C00002E: set configuration conf: {index: 0, cur=peers:[a4575a20-a5a9-4997-a498-3e278eefae97|pkrvmberfyhpb9w:15046]|listeners:[], old=null}
2025-05-13 07:44:45,164 [a4575a20-a5a9-4997-a498-3e278eefae97-impl-thread1] INFO  segmented.LogSegment (LogSegment.java:loadSegment(171)) - Successfully read 1 entries from segment file /tmp/junit-5323695652344220701/scm-meta/scm-ha/95e7a8ba-633b-42b8-a4d8-9dbd4c00002e/current/log_inprogress_0
2025-05-13 07:44:45,164 [a4575a20-a5a9-4997-a498-3e278eefae97-impl-thread1] INFO  segmented.SegmentedRaftLogWorker (SegmentedRaftLogWorker.java:lambda$new$0(139)) - a4575a20-a5a9-4997-a498-3e278eefae97@group-9DBD4C00002E-SegmentedRaftLogWorker: safeCacheEvictIndex: setUnconditionally 0 -> -1
2025-05-13 07:44:45,165 [a4575a20-a5a9-4997-a498-3e278eefae97-impl-thread1] INFO  segmented.BufferedWriteChannel (BufferedWriteChannel.java:open(61)) - open log_inprogress_0 (append) at position 82
2025-05-13 07:44:45,165 [a4575a20-a5a9-4997-a498-3e278eefae97-impl-thread1] INFO  server.RaftServer$Division (RaftServerImpl.java:start(391)) - a4575a20-a5a9-4997-a498-3e278eefae97@group-9DBD4C00002E: start as a follower, conf=conf: {index: 0, cur=peers:[a4575a20-a5a9-4997-a498-3e278eefae97|pkrvmberfyhpb9w:15046]|listeners:[], old=null}
2025-05-13 07:44:45,165 [a4575a20-a5a9-4997-a498-3e278eefae97-impl-thread1] INFO  server.RaftServer$Division (RaftServerImpl.java:setRole(378)) - a4575a20-a5a9-4997-a498-3e278eefae97@group-9DBD4C00002E: changes role from      null to FOLLOWER at term 1 for startAsFollower
2025-05-13 07:44:45,165 [a4575a20-a5a9-4997-a498-3e278eefae97-impl-thread1] INFO  impl.RoleInfo (RoleInfo.java:updateAndGet(148)) - a4575a20-a5a9-4997-a498-3e278eefae97: start a4575a20-a5a9-4997-a498-3e278eefae97@group-9DBD4C00002E-FollowerState
2025-05-13 07:44:45,165 [a4575a20-a5a9-4997-a498-3e278eefae97-impl-thread1] INFO  util.JmxRegister (JmxRegister.java:tryRegister(44)) - Successfully registered JMX Bean with object name Ratis:service=RaftServer,group=group-9DBD4C00002E,id=a4575a20-a5a9-4997-a498-3e278eefae97
2025-05-13 07:44:45,165 [a4575a20-a5a9-4997-a498-3e278eefae97-impl-thread1] INFO  util.JmxRegister (JmxRegister.java:register(58)) - register mxBean class org.apache.ratis.server.impl.RaftServerJmxAdapter as Ratis:service=RaftServer,group=group-9DBD4C00002E,id=a4575a20-a5a9-4997-a498-3e278eefae97
2025-05-13 07:44:45,165 [a4575a20-a5a9-4997-a498-3e278eefae97-impl-thread1] INFO  server.RaftServerConfigKeys (ConfUtils.java:logGet(46)) - raft.server.snapshot.trigger-when-stop.enabled = true (default)
2025-05-13 07:44:45,165 [a4575a20-a5a9-4997-a498-3e278eefae97-impl-thread1] INFO  server.RaftServerConfigKeys (ConfUtils.java:logGet(46)) - raft.server.snapshot.trigger-when-remove.enabled = true (default)
2025-05-13 07:44:45,165 [a4575a20-a5a9-4997-a498-3e278eefae97-impl-thread1] INFO  server.RaftServerConfigKeys (ConfUtils.java:logGet(46)) - raft.server.snapshot.auto.trigger.enabled = true (custom)
2025-05-13 07:44:45,165 [a4575a20-a5a9-4997-a498-3e278eefae97-impl-thread1] INFO  server.RaftServerConfigKeys (ConfUtils.java:logGet(46)) - raft.server.snapshot.auto.trigger.threshold = 1000 (custom)
2025-05-13 07:44:45,165 [a4575a20-a5a9-4997-a498-3e278eefae97-impl-thread1] INFO  server.RaftServerConfigKeys (ConfUtils.java:logGet(46)) - raft.server.snapshot.retention.file.num = -1 (default)
2025-05-13 07:44:45,165 [a4575a20-a5a9-4997-a498-3e278eefae97-impl-thread1] INFO  server.RaftServerConfigKeys (ConfUtils.java:logGet(46)) - raft.server.log.purge.upto.snapshot.index = false (default)
2025-05-13 07:44:45,166 [a4575a20-a5a9-4997-a498-3e278eefae97@group-9DBD4C00002E-FollowerState] INFO  server.RaftServerConfigKeys (ConfUtils.java:logFallback(53)) - raft.server.rpc.first-election.timeout.min = 5000ms (fallback to raft.server.rpc.timeout.min)
2025-05-13 07:44:45,166 [a4575a20-a5a9-4997-a498-3e278eefae97@group-9DBD4C00002E-FollowerState] INFO  server.RaftServerConfigKeys (ConfUtils.java:logFallback(53)) - raft.server.rpc.first-election.timeout.max = 5200ms (fallback to raft.server.rpc.timeout.max)
2025-05-13 07:44:45,166 [a4575a20-a5a9-4997-a498-3e278eefae97-impl-thread1] INFO  server.RaftServer$Division (RaftServerImpl.java:start(405)) - a4575a20-a5a9-4997-a498-3e278eefae97@group-9DBD4C00002E: Successfully started.
2025-05-13 07:44:45,166 [main] INFO  server.RaftServer (RaftServerProxy.java:startImpl(407)) - a4575a20-a5a9-4997-a498-3e278eefae97: start RPC server
2025-05-13 07:44:45,167 [main] INFO  server.GrpcService (GrpcService.java:startImpl(334)) - a4575a20-a5a9-4997-a498-3e278eefae97: GrpcService started, listening on 15046
2025-05-13 07:44:45,167 [main] INFO  ha.SCMHAManagerImpl (SCMHAManagerImpl.java:start(131)) -  scm role is FOLLOWER peers [a4575a20-a5a9-4997-a498-3e278eefae97|pkrvmberfyhpb9w:15046]
2025-05-13 07:44:45,167 [main] INFO  ha.InterSCMGrpcService (InterSCMGrpcProtocolService.java:start(98)) - Starting SCM Grpc Service at port 15047
2025-05-13 07:44:45,167 [JvmPauseMonitor9] INFO  util.JvmPauseMonitor (JvmPauseMonitor.java:run(146)) - JvmPauseMonitor-a4575a20-a5a9-4997-a498-3e278eefae97: Started
2025-05-13 07:44:45,168 [main] INFO  SCMHATransactionMonitor (BackgroundSCMService.java:start(64)) - Starting SCMHATransactionMonitor Service.
2025-05-13 07:44:45,168 [main] INFO  ha.SCMServiceManager (SCMServiceManager.java:register(42)) - Registering service SCMHATransactionMonitor.
2025-05-13 07:44:45,168 [main] INFO  SCMHATransactionMonitor (BackgroundSCMService.java:start(61)) - SCMHATransactionMonitor Service is already running, skip start.
2025-05-13 07:44:45,169 [main] WARN  impl.MetricsConfig (MetricsConfig.java:loadFirst(138)) - Cannot locate configuration: tried hadoop-metrics2-storagecontainermanager.properties,hadoop-metrics2.properties
2025-05-13 07:44:45,170 [main] INFO  impl.MetricsSystemImpl (MetricsSystemImpl.java:startTimer(378)) - Scheduled Metric snapshot period at 10 second(s).
2025-05-13 07:44:45,170 [main] INFO  impl.MetricsSystemImpl (MetricsSystemImpl.java:start(191)) - StorageContainerManager metrics system started
2025-05-13 07:44:45,186 [main] INFO  impl.MetricsSinkAdapter (MetricsSinkAdapter.java:start(204)) - Sink prometheus started
2025-05-13 07:44:45,186 [main] INFO  impl.MetricsSystemImpl (MetricsSystemImpl.java:registerSink(305)) - Registered sink prometheus
2025-05-13 07:44:45,194 [om1-om-CertificateRenewerService] INFO  retry.RetryInvocationHandler (RetryInvocationHandler.java:log(426)) - com.google.protobuf.ServiceException: java.net.ConnectException: Call From pkrvmberfyhpb9w/10.1.0.101 to localhost:15024 failed on connection exception: java.net.ConnectException: Connection refused; For more details see:  http://wiki.apache.org/hadoop/ConnectionRefused, while invoking $Proxy45.submitRequest over nodeId=scmNodeId,nodeAddress=localhost/127.0.0.1:15024 after 39 failover attempts. Trying to failover after sleeping for 2000ms. Current retry count: 39.
2025-05-13 07:44:45,203 [main] INFO  server.SCMClientProtocolServer (SCMClientProtocolServer.java:start(207)) - RPC server for Client  is listening at /0.0.0.0:15042
2025-05-13 07:44:45,203 [IPC Server Responder] INFO  ipc.Server (Server.java:run(1713)) - IPC Server Responder: starting
2025-05-13 07:44:45,203 [IPC Server listener on 15042] INFO  ipc.Server (Server.java:run(1553)) - IPC Server listener on 15042: starting
2025-05-13 07:44:45,214 [main] INFO  server.StorageContainerManager (StorageContainerManager.java:start(1520)) - ScmBlockLocationProtocol RPC server is listening at /0.0.0.0:15044
2025-05-13 07:44:45,214 [main] INFO  server.SCMBlockProtocolServer (SCMBlockProtocolServer.java:start(166)) - RPC server for Block Protocol is listening at /0.0.0.0:15044
2025-05-13 07:44:45,215 [IPC Server listener on 15044] INFO  ipc.Server (Server.java:run(1553)) - IPC Server listener on 15044: starting
2025-05-13 07:44:45,215 [IPC Server Responder] INFO  ipc.Server (Server.java:run(1713)) - IPC Server Responder: starting
2025-05-13 07:44:45,223 [main] INFO  server.SCMSecurityProtocolServer (SCMSecurityProtocolServer.java:start(503)) - Starting RPC server for SCMSecurityProtocolServer. is listening at /0.0.0.0:15045
2025-05-13 07:44:45,224 [IPC Server Responder] INFO  ipc.Server (Server.java:run(1713)) - IPC Server Responder: starting
2025-05-13 07:44:45,224 [IPC Server listener on 15045] INFO  ipc.Server (Server.java:run(1553)) - IPC Server listener on 15045: starting
2025-05-13 07:44:45,225 [main] INFO  http.BaseHttpServer (BaseHttpServer.java:newHttpServer2BuilderForOzone(229)) - Starting Web-server for scm at: http://0.0.0.0:9876
2025-05-13 07:44:45,225 [main] INFO  http.BaseHttpServer (BaseHttpServer.java:<init>(107)) - Hadoop Security Enabled: true Ozone Security Enabled: true Ozone HTTP Security Enabled: false 
2025-05-13 07:44:45,230 [main] WARN  server.AuthenticationFilter (AuthenticationFilter.java:constructSecretProvider(240)) - Unable to initialize FileSignerSecretProvider, falling back to use random secrets. Reason: Could not read signature secret file: /home/runner/hadoop-http-auth-signature-secret
2025-05-13 07:44:45,232 [main] INFO  http.HttpServer2 (HttpServer2.java:addGlobalFilter(1042)) - Added global filter 'safety' (class=org.apache.hadoop.hdds.server.http.HttpServer2$QuotingInputFilter)
2025-05-13 07:44:45,234 [main] INFO  http.HttpServer2 (HttpServer2.java:addFilter(1018)) - Added filter static_user_filter (class=org.apache.hadoop.http.lib.StaticUserWebFilter$StaticUserFilter) to context scm
2025-05-13 07:44:45,234 [main] INFO  http.HttpServer2 (HttpServer2.java:addFilter(1026)) - Added filter static_user_filter (class=org.apache.hadoop.http.lib.StaticUserWebFilter$StaticUserFilter) to context static
2025-05-13 07:44:45,234 [main] INFO  http.HttpServer2 (HttpServer2.java:addFilter(1026)) - Added filter static_user_filter (class=org.apache.hadoop.http.lib.StaticUserWebFilter$StaticUserFilter) to context logs
2025-05-13 07:44:45,235 [main] INFO  http.BaseHttpServer (BaseHttpServer.java:<init>(195)) - HTTP server of scm uses base directory /tmp/junit-5323695652344220701/scm-meta/webserver
2025-05-13 07:44:45,235 [main] INFO  http.HttpServer2 (HttpServer2.java:bindListener(1242)) - Jetty bound to port 9876
2025-05-13 07:44:45,236 [main] INFO  server.Server (Server.java:doStart(375)) - jetty-9.4.57.v20241219; built: 2025-01-08T21:24:30.412Z; git: df524e6b29271c2e09ba9aea83c18dc9db464a31; jvm 21.0.7+6-LTS
2025-05-13 07:44:45,238 [main] INFO  server.session (DefaultSessionIdManager.java:doStart(334)) - DefaultSessionIdManager workerName=node0
2025-05-13 07:44:45,238 [main] INFO  server.session (DefaultSessionIdManager.java:doStart(339)) - No SessionScavenger set, using defaults
2025-05-13 07:44:45,238 [main] INFO  server.session (HouseKeeper.java:startScavenging(132)) - node0 Scavenging every 660000ms
2025-05-13 07:44:45,239 [main] INFO  handler.ContextHandler (ContextHandler.java:doStart(921)) - Started o.e.j.s.ServletContextHandler@736a8733{logs,/logs,file:///home/runner/work/ozone/ozone/hadoop-ozone/integration-test/target/log,AVAILABLE}
2025-05-13 07:44:45,239 [main] INFO  handler.ContextHandler (ContextHandler.java:doStart(921)) - Started o.e.j.s.ServletContextHandler@4bd47cb5{static,/static,file:///home/runner/work/ozone/ozone/hadoop-ozone/integration-test/target/test-classes/webapps/static,AVAILABLE}
2025-05-13 07:44:45,246 [main] INFO  handler.ContextHandler (ContextHandler.java:doStart(921)) - Started o.e.j.w.WebAppContext@4010ad81{scm,/,file:///home/runner/work/ozone/ozone/hadoop-ozone/integration-test/target/test-classes/webapps/scm/,AVAILABLE}{file:/home/runner/work/ozone/ozone/hadoop-ozone/integration-test/target/test-classes/webapps/scm}
2025-05-13 07:44:45,246 [main] INFO  server.AbstractConnector (AbstractConnector.java:doStart(333)) - Started ServerConnector@225d6b97{HTTP/1.1, (http/1.1)}{0.0.0.0:9876}
2025-05-13 07:44:45,246 [main] INFO  server.Server (Server.java:doStart(415)) - Started @127217ms
2025-05-13 07:44:45,247 [main] WARN  impl.MetricsSystemImpl (MetricsSystemImpl.java:register(279)) - Sink prometheus already exists!
2025-05-13 07:44:45,247 [main] INFO  http.BaseHttpServer (BaseHttpServer.java:updateConnectorAddress(359)) - HTTP server of scm listening at http://0.0.0.0:9876
2025-05-13 07:44:45,247 [main] WARN  server.ServerUtils (ServerUtils.java:getDBPath(292)) - ozone.om.db.dirs is not configured. We recommend adding this setting. Falling back to ozone.metadata.dirs instead.
2025-05-13 07:44:45,250 [main] INFO  ha.OMHANodeDetails (OMHANodeDetails.java:loadOMHAConfig(113)) - ozone.om.internal.service.id is not defined, falling back to ozone.om.service.ids to find serviceID for OzoneManager if it is HA enabled cluster
2025-05-13 07:44:45,251 [main] INFO  ha.OMHANodeDetails (OMHANodeDetails.java:loadOMHAConfig(224)) - Configuration does not have ozone.om.address set. Falling back to the default OM address pkrvmberfyhpb9w.internal.cloudapp.net/10.1.0.14:15048
2025-05-13 07:44:45,251 [main] INFO  ha.OMHANodeDetails (OMHANodeDetails.java:getOMNodeDetailsForNonHA(252)) - OM Service ID is not set. Setting it to the default ID: omServiceIdDefault
2025-05-13 07:44:45,251 [main] INFO  ha.OMHANodeDetails (OMHANodeDetails.java:getOMNodeDetailsForNonHA(259)) - OM Node ID is not set. Setting it to the default ID: om1
2025-05-13 07:44:45,251 [main] WARN  server.ServerUtils (ServerUtils.java:getDBPath(292)) - ozone.om.db.dirs is not configured. We recommend adding this setting. Falling back to ozone.metadata.dirs instead.
2025-05-13 07:44:45,255 [main] INFO  upgrade.AbstractLayoutVersionManager (AbstractLayoutVersionManager.java:init(80)) - Initializing Layout version manager with metadata layout = DELEGATION_TOKEN_SYMMETRIC_SIGN (version = 8), software layout = DELEGATION_TOKEN_SYMMETRIC_SIGN (version = 8)
2025-05-13 07:44:45,266 [pool-259-thread-1] INFO  request.TgsRequest (TgsRequest.java:issueTicket(117)) - TGS_REQ ISSUE: authtime 1747122285263,om/pkrvmberfyhpb9w.internal.cloudapp.net@EXAMPLE.COM for om/pkrvmberfyhpb9w.internal.cloudapp.net@EXAMPLE.COM
2025-05-13 07:44:45,279 [Socket Reader #1 for port 15045] INFO  ipc.Server (Server.java:saslProcess(2290)) - Auth successful for om/pkrvmberfyhpb9w.internal.cloudapp.net@EXAMPLE.COM (auth:KERBEROS) from 127.0.0.1:46332
2025-05-13 07:44:45,288 [IPC Server handler 0 on default port 15045] INFO  ipc.Server (Server.java:logException(3260)) - IPC Server handler 0 on default port 15045, call Call#10 Retry#0 org.apache.hadoop.hdds.protocol.SCMSecurityProtocol.submitRequest from 127.0.0.1:46332
org.apache.hadoop.hdds.ratis.ServerNotLeaderException: SCM Server:a4575a20-a5a9-4997-a498-3e278eefae97(pkrvmberfyhpb9w.internal.cloudapp.net) is not the leader. Could not determine the leader node.
	at org.apache.hadoop.hdds.ratis.ServerNotLeaderException.convertToNotLeaderException(ServerNotLeaderException.java:106)
	at org.apache.hadoop.hdds.scm.ha.RatisUtil.checkRatisException(RatisUtil.java:248)
	at org.apache.hadoop.hdds.scm.protocol.SCMSecurityProtocolServerSideTranslatorPB.submitRequest(SCMSecurityProtocolServerSideTranslatorPB.java:83)
	at org.apache.hadoop.hdds.protocol.proto.SCMSecurityProtocolProtos$SCMSecurityProtocolService$2.callBlockingMethod(SCMSecurityProtocolProtos.java:18942)
	at org.apache.hadoop.ipc.ProtobufRpcEngine$Server.processCall(ProtobufRpcEngine.java:484)
	at org.apache.hadoop.ipc.ProtobufRpcEngine2$Server$ProtoBufRpcInvoker.call(ProtobufRpcEngine2.java:595)
	at org.apache.hadoop.ipc.ProtobufRpcEngine2$Server$ProtoBufRpcInvoker.call(ProtobufRpcEngine2.java:573)
	at org.apache.hadoop.ipc.RPC$Server.call(RPC.java:1227)
	at org.apache.hadoop.ipc.Server$RpcCall.run(Server.java:1246)
	at org.apache.hadoop.ipc.Server$RpcCall.run(Server.java:1169)
	at java.base/java.security.AccessController.doPrivileged(AccessController.java:714)
	at java.base/javax.security.auth.Subject.doAs(Subject.java:525)
	at org.apache.hadoop.security.UserGroupInformation.doAs(UserGroupInformation.java:1953)
	at org.apache.hadoop.ipc.Server$Handler.run(Server.java:3198)
2025-05-13 07:44:45,349 [main] INFO  reflections.Reflections (Reflections.java:scan(219)) - Reflections took 94 ms to scan 2 urls, producing 207 keys and 618 values
2025-05-13 07:44:45,350 [main] INFO  upgrade.OMLayoutVersionManager (OMLayoutVersionManager.java:lambda$0(110)) - Skipping Upgrade Action QuotaRepairUpgradeAction since it has been finalized.
2025-05-13 07:44:45,350 [main] INFO  upgrade.OMLayoutVersionManager (OMLayoutVersionManager.java:lambda$0(110)) - Skipping Upgrade Action MockOmUpgradeAction since it has been finalized.
2025-05-13 07:44:45,352 [pool-259-thread-1] INFO  request.KdcRequest (KdcRequest.java:preauth(683)) - The preauth data is empty.
2025-05-13 07:44:45,352 [pool-259-thread-1] INFO  server.KdcHandler (KdcHandler.java:handleRecoverableException(177)) - KRB error occurred while processing request: Additional pre-authentication required
2025-05-13 07:44:45,355 [pool-259-thread-1] INFO  request.AsRequest (AsRequest.java:issueTicket(112)) - AS_REQ ISSUE: authtime 1747122285355,om/pkrvmberfyhpb9w.internal.cloudapp.net@EXAMPLE.COM for krbtgt/EXAMPLE.COM@EXAMPLE.COM
2025-05-13 07:44:45,357 [main] INFO  security.UserGroupInformation (UserGroupInformation.java:loginUserFromKeytab(1143)) - Login successful for user om/pkrvmberfyhpb9w.internal.cloudapp.net@EXAMPLE.COM using keytab file om.keytab. Keytab auto renewal enabled : false
2025-05-13 07:44:45,357 [main] INFO  om.OzoneManager (OzoneManager.java:loginOMUser(1308)) - Ozone Manager login successful.
2025-05-13 07:44:45,357 [main] WARN  server.ServerUtils (ServerUtils.java:getDBPath(292)) - ozone.om.db.dirs is not configured. We recommend adding this setting. Falling back to ozone.metadata.dirs instead.
2025-05-13 07:44:45,357 [main] INFO  om.OzoneManager (OzoneManager.java:setReplicationFromConfig(4596)) - Set default replication in OM: RATIS/3 -> RATIS/THREE
2025-05-13 07:44:45,358 [main] INFO  proxy.SCMContainerLocationFailoverProxyProvider (SCMFailoverProxyProviderBase.java:<init>(120)) - Created fail-over proxy for protocol StorageContainerLocationProtocolPB with 1 nodes: [nodeId=scmNodeId,nodeAddress=/0.0.0.0:15042]
2025-05-13 07:44:45,358 [main] INFO  proxy.SCMBlockLocationFailoverProxyProvider (SCMFailoverProxyProviderBase.java:<init>(120)) - Created fail-over proxy for protocol ScmBlockLocationProtocolPB with 1 nodes: [nodeId=scmNodeId,nodeAddress=/0.0.0.0:15044]
2025-05-13 07:44:45,359 [main] INFO  om.OzoneManager (OzoneManager.java:getOmDetailsProto(4941)) - OzoneManager ports added:[name: "RPC"
value: 15048
]
2025-05-13 07:44:45,360 [main] INFO  proxy.SCMSecurityProtocolFailoverProxyProvider (SCMFailoverProxyProviderBase.java:<init>(120)) - Created fail-over proxy for protocol SCMSecurityProtocolPB with 1 nodes: [nodeId=scmNodeId,nodeAddress=/0.0.0.0:15045]
2025-05-13 07:44:45,361 [main] INFO  security.OMCertificateClient (DefaultCertificateClient.java:updateCertSerialId(1289)) - Certificate serial ID set to 9879877970576
2025-05-13 07:44:45,361 [main] WARN  security.OMCertificateClient (DefaultCertificateClient.java:loadAllCertificates(178)) - Certificates could not be loaded.
java.nio.file.NoSuchFileException: /tmp/junit-5323695652344220701/scm-meta/om/certs
	at java.base/sun.nio.fs.UnixException.translateToIOException(UnixException.java:92)
	at java.base/sun.nio.fs.UnixException.asIOException(UnixException.java:115)
	at java.base/sun.nio.fs.UnixFileSystemProvider.newDirectoryStream(UnixFileSystemProvider.java:501)
	at java.base/java.nio.file.Files.newDirectoryStream(Files.java:482)
	at java.base/java.nio.file.Files.list(Files.java:3785)
	at org.apache.hadoop.hdds.security.x509.certificate.client.DefaultCertificateClient.loadAllCertificates(DefaultCertificateClient.java:173)
	at org.apache.hadoop.hdds.security.x509.certificate.client.DefaultCertificateClient.updateCertSerialId(DefaultCertificateClient.java:1290)
	at org.apache.hadoop.hdds.security.x509.certificate.client.DefaultCertificateClient.<init>(DefaultCertificateClient.java:155)
	at org.apache.hadoop.ozone.security.OMCertificateClient.<init>(OMCertificateClient.java:65)
	at org.apache.hadoop.ozone.om.OzoneManager.<init>(OzoneManager.java:646)
	at org.apache.hadoop.ozone.om.OzoneManager.createOm(OzoneManager.java:877)
	at org.apache.hadoop.ozone.TestSecureOzoneCluster.setupOm(TestSecureOzoneCluster.java:716)
	at org.apache.hadoop.ozone.TestSecureOzoneCluster.testSecureOmInitializationSuccess(TestSecureOzoneCluster.java:551)
	at java.base/jdk.internal.reflect.DirectMethodHandleAccessor.invoke(DirectMethodHandleAccessor.java:103)
	at java.base/java.lang.reflect.Method.invoke(Method.java:580)
	at org.junit.platform.commons.util.ReflectionUtils.invokeMethod(ReflectionUtils.java:775)
	at org.junit.platform.commons.support.ReflectionSupport.invokeMethod(ReflectionSupport.java:479)
	at org.junit.jupiter.engine.execution.MethodInvocation.proceed(MethodInvocation.java:60)
	at org.junit.jupiter.engine.execution.InvocationInterceptorChain$ValidatingInvocation.proceed(InvocationInterceptorChain.java:131)
	at org.junit.jupiter.engine.extension.SameThreadTimeoutInvocation.proceed(SameThreadTimeoutInvocation.java:49)
	at org.junit.jupiter.engine.extension.TimeoutExtension.intercept(TimeoutExtension.java:161)
	at org.junit.jupiter.engine.extension.TimeoutExtension.interceptTestableMethod(TimeoutExtension.java:152)
	at org.junit.jupiter.engine.extension.TimeoutExtension.interceptTestMethod(TimeoutExtension.java:91)
	at org.junit.jupiter.engine.execution.InterceptingExecutableInvoker$ReflectiveInterceptorCall.lambda$ofVoidMethod$0(InterceptingExecutableInvoker.java:112)
	at org.junit.jupiter.engine.execution.InterceptingExecutableInvoker.lambda$invoke$0(InterceptingExecutableInvoker.java:94)
	at org.junit.jupiter.engine.execution.InvocationInterceptorChain$InterceptedInvocation.proceed(InvocationInterceptorChain.java:106)
	at org.junit.jupiter.engine.execution.InvocationInterceptorChain.proceed(InvocationInterceptorChain.java:64)
	at org.junit.jupiter.engine.execution.InvocationInterceptorChain.chainAndInvoke(InvocationInterceptorChain.java:45)
	at org.junit.jupiter.engine.execution.InvocationInterceptorChain.invoke(InvocationInterceptorChain.java:37)
	at org.junit.jupiter.engine.execution.InterceptingExecutableInvoker.invoke(InterceptingExecutableInvoker.java:93)
	at org.junit.jupiter.engine.execution.InterceptingExecutableInvoker.invoke(InterceptingExecutableInvoker.java:87)
	at org.junit.jupiter.engine.descriptor.TestMethodTestDescriptor.lambda$invokeTestMethod$7(TestMethodTestDescriptor.java:216)
	at org.junit.platform.engine.support.hierarchical.ThrowableCollector.execute(ThrowableCollector.java:73)
	at org.junit.jupiter.engine.descriptor.TestMethodTestDescriptor.invokeTestMethod(TestMethodTestDescriptor.java:212)
	at org.junit.jupiter.engine.descriptor.TestMethodTestDescriptor.execute(TestMethodTestDescriptor.java:137)
	at org.junit.jupiter.engine.descriptor.TestMethodTestDescriptor.execute(TestMethodTestDescriptor.java:69)
	at org.junit.platform.engine.support.hierarchical.NodeTestTask.lambda$executeRecursively$6(NodeTestTask.java:156)
	at org.junit.platform.engine.support.hierarchical.ThrowableCollector.execute(ThrowableCollector.java:73)
	at org.junit.platform.engine.support.hierarchical.NodeTestTask.lambda$executeRecursively$8(NodeTestTask.java:146)
	at org.junit.platform.engine.support.hierarchical.Node.around(Node.java:137)
	at org.junit.platform.engine.support.hierarchical.NodeTestTask.lambda$executeRecursively$9(NodeTestTask.java:144)
	at org.junit.platform.engine.support.hierarchical.ThrowableCollector.execute(ThrowableCollector.java:73)
	at org.junit.platform.engine.support.hierarchical.NodeTestTask.executeRecursively(NodeTestTask.java:143)
	at org.junit.platform.engine.support.hierarchical.NodeTestTask.execute(NodeTestTask.java:100)
	at java.base/java.util.ArrayList.forEach(ArrayList.java:1596)
	at org.junit.platform.engine.support.hierarchical.SameThreadHierarchicalTestExecutorService.invokeAll(SameThreadHierarchicalTestExecutorService.java:41)
	at org.junit.platform.engine.support.hierarchical.NodeTestTask.lambda$executeRecursively$6(NodeTestTask.java:160)
	at org.junit.platform.engine.support.hierarchical.ThrowableCollector.execute(ThrowableCollector.java:73)
	at org.junit.platform.engine.support.hierarchical.NodeTestTask.lambda$executeRecursively$8(NodeTestTask.java:146)
	at org.junit.platform.engine.support.hierarchical.Node.around(Node.java:137)
	at org.junit.platform.engine.support.hierarchical.NodeTestTask.lambda$executeRecursively$9(NodeTestTask.java:144)
	at org.junit.platform.engine.support.hierarchical.ThrowableCollector.execute(ThrowableCollector.java:73)
	at org.junit.platform.engine.support.hierarchical.NodeTestTask.executeRecursively(NodeTestTask.java:143)
	at org.junit.platform.engine.support.hierarchical.NodeTestTask.execute(NodeTestTask.java:100)
	at java.base/java.util.ArrayList.forEach(ArrayList.java:1596)
	at org.junit.platform.engine.support.hierarchical.SameThreadHierarchicalTestExecutorService.invokeAll(SameThreadHierarchicalTestExecutorService.java:41)
	at org.junit.platform.engine.support.hierarchical.NodeTestTask.lambda$executeRecursively$6(NodeTestTask.java:160)
	at org.junit.platform.engine.support.hierarchical.ThrowableCollector.execute(ThrowableCollector.java:73)
	at org.junit.platform.engine.support.hierarchical.NodeTestTask.lambda$executeRecursively$8(NodeTestTask.java:146)
	at org.junit.platform.engine.support.hierarchical.Node.around(Node.java:137)
	at org.junit.platform.engine.support.hierarchical.NodeTestTask.lambda$executeRecursively$9(NodeTestTask.java:144)
	at org.junit.platform.engine.support.hierarchical.ThrowableCollector.execute(ThrowableCollector.java:73)
	at org.junit.platform.engine.support.hierarchical.NodeTestTask.executeRecursively(NodeTestTask.java:143)
	at org.junit.platform.engine.support.hierarchical.NodeTestTask.execute(NodeTestTask.java:100)
	at org.junit.platform.engine.support.hierarchical.SameThreadHierarchicalTestExecutorService.submit(SameThreadHierarchicalTestExecutorService.java:35)
	at org.junit.platform.engine.support.hierarchical.HierarchicalTestExecutor.execute(HierarchicalTestExecutor.java:57)
	at org.junit.platform.engine.support.hierarchical.HierarchicalTestEngine.execute(HierarchicalTestEngine.java:54)
	at org.junit.platform.launcher.core.EngineExecutionOrchestrator.execute(EngineExecutionOrchestrator.java:201)
	at org.junit.platform.launcher.core.EngineExecutionOrchestrator.execute(EngineExecutionOrchestrator.java:170)
	at org.junit.platform.launcher.core.EngineExecutionOrchestrator.execute(EngineExecutionOrchestrator.java:94)
	at org.junit.platform.launcher.core.EngineExecutionOrchestrator.lambda$execute$0(EngineExecutionOrchestrator.java:59)
	at org.junit.platform.launcher.core.EngineExecutionOrchestrator.withInterceptedStreams(EngineExecutionOrchestrator.java:142)
	at org.junit.platform.launcher.core.EngineExecutionOrchestrator.execute(EngineExecutionOrchestrator.java:58)
	at org.junit.platform.launcher.core.DefaultLauncher.execute(DefaultLauncher.java:103)
	at org.junit.platform.launcher.core.DefaultLauncher.execute(DefaultLauncher.java:85)
	at org.junit.platform.launcher.core.DelegatingLauncher.execute(DelegatingLauncher.java:47)
	at org.junit.platform.launcher.core.InterceptingLauncher.lambda$execute$1(InterceptingLauncher.java:39)
	at org.junit.platform.launcher.core.ClasspathAlignmentCheckingLauncherInterceptor.intercept(ClasspathAlignmentCheckingLauncherInterceptor.java:25)
	at org.junit.platform.launcher.core.InterceptingLauncher.execute(InterceptingLauncher.java:38)
	at org.junit.platform.launcher.core.DelegatingLauncher.execute(DelegatingLauncher.java:47)
	at org.apache.maven.surefire.junitplatform.LazyLauncher.execute(LazyLauncher.java:56)
	at org.apache.maven.surefire.junitplatform.JUnitPlatformProvider.execute(JUnitPlatformProvider.java:184)
	at org.apache.maven.surefire.junitplatform.JUnitPlatformProvider.invokeAllTests(JUnitPlatformProvider.java:148)
	at org.apache.maven.surefire.junitplatform.JUnitPlatformProvider.invoke(JUnitPlatformProvider.java:120)
	at org.apache.maven.surefire.booter.ForkedBooter.runSuitesInProcess(ForkedBooter.java:385)
	at org.apache.maven.surefire.booter.ForkedBooter.execute(ForkedBooter.java:162)
	at org.apache.maven.surefire.booter.ForkedBooter.run(ForkedBooter.java:507)
	at org.apache.maven.surefire.booter.ForkedBooter.main(ForkedBooter.java:495)
2025-05-13 07:44:45,361 [main] INFO  proxy.SecretKeyProtocolFailoverProxyProvider (SCMFailoverProxyProviderBase.java:<init>(120)) - Created fail-over proxy for protocol SecretKeyProtocolOmPB with 1 nodes: [nodeId=scmNodeId,nodeAddress=/0.0.0.0:15045]
2025-05-13 07:44:45,362 [main] INFO  symmetric.DefaultSecretKeyVerifierClient (DefaultSecretKeyVerifierClient.java:<init>(76)) - Initializing secret key cache with size 16, TTL PT168H
2025-05-13 07:44:45,367 [main] INFO  om.OzoneManager (OzoneManager.java:<init>(670)) - OM start with adminUsers: [om/pkrvmberfyhpb9w.internal.cloudapp.net@EXAMPLE.COM, om]
2025-05-13 07:44:45,368 [main] WARN  server.ServerUtils (ServerUtils.java:getDBPath(292)) - ozone.om.db.dirs is not configured. We recommend adding this setting. Falling back to ozone.metadata.dirs instead.
2025-05-13 07:44:45,514 [main] INFO  om.OzoneManager (OzoneManager.java:instantiateServices(914)) - S3 Multi-Tenancy is disabled
2025-05-13 07:44:45,515 [main] INFO  security.OzoneSecretStore (OzoneSecretStore.java:loadState(70)) - Loaded 0 tokens
2025-05-13 07:44:45,515 [main] INFO  security.OzoneDelegationTokenSecretManager (OzoneDelegationTokenSecretManager.java:loadTokenSecretState(513)) - Loading token state into token manager.
2025-05-13 07:44:45,515 [main] INFO  om.OmSnapshotManager (OmSnapshotManager.java:<init>(187)) - Ozone filesystem snapshot feature is enabled.
2025-05-13 07:44:45,515 [main] WARN  server.ServerUtils (ServerUtils.java:getDBPath(292)) - ozone.om.snapshot.diff.db.dir is not configured. We recommend adding this setting. Falling back to ozone.metadata.dirs instead.
2025-05-13 07:44:45,551 [main] INFO  om.OzoneManager (OzoneManager.java:addS3GVolumeToDB(4654)) - Created Volume s3v With Owner om required for S3Gateway operations.
2025-05-13 07:44:45,551 [main] WARN  server.ServerUtils (ServerUtils.java:getDefaultRatisDirectory(304)) - Storage directory for Ratis is not configured. It is a good idea to map this to an SSD disk. Falling back to ozone.metadata.dirs
2025-05-13 07:44:45,551 [main] WARN  utils.OzoneManagerRatisUtils (OzoneManagerRatisUtils.java:getOMRatisSnapshotDirectory(488)) - ozone.om.ratis.snapshot.dir is not configured. Falling back to ozone.metadata.dirs config
2025-05-13 07:44:45,551 [main] WARN  dropwizard3.Dm3MetricRegistriesImpl (Dm3MetricRegistriesImpl.java:addReporterRegistration(114)) - New reporters are added after registries were created. Some metrics will be missing from the reporter. Please add reporter before adding any new registry.
2025-05-13 07:44:45,551 [main] WARN  dropwizard3.Dm3MetricRegistriesImpl (Dm3MetricRegistriesImpl.java:addReporterRegistration(114)) - New reporters are added after registries were created. Some metrics will be missing from the reporter. Please add reporter before adding any new registry.
2025-05-13 07:44:45,551 [main] WARN  server.ServerUtils (ServerUtils.java:getDefaultRatisDirectory(304)) - Storage directory for Ratis is not configured. It is a good idea to map this to an SSD disk. Falling back to ozone.metadata.dirs
2025-05-13 07:44:45,552 [main] INFO  server.RaftServerConfigKeys (ConfUtils.java:logGet(46)) - raft.server.log.appender.buffer.byte-limit = 4194304 (custom)
2025-05-13 07:44:45,553 [main] INFO  ratis.OzoneManagerRatisServer (OzoneManagerRatisServer.java:<init>(167)) - Instantiating OM Ratis server with groupID: omServiceIdDefault and peers: pkrvmberfyhpb9w.internal.cloudapp.net:9872
2025-05-13 07:44:45,554 [main] INFO  ratis.OzoneManagerStateMachine (OzoneManagerStateMachine.java:loadSnapshotInfoFromDB(618)) - TransactionInfo not found in OM DB.
2025-05-13 07:44:45,554 [main] INFO  server.RaftServer (ConfUtils.java:logGet(46)) - raft.rpc.type = GRPC (default)
2025-05-13 07:44:45,555 [main] INFO  grpc.GrpcConfigKeys (ConfUtils.java:logFallback(53)) - raft.grpc.admin.host = null (fallback to raft.grpc.server.host)
2025-05-13 07:44:45,555 [main] INFO  grpc.GrpcConfigKeys (ConfUtils.java:logFallback(53)) - raft.grpc.admin.port = 9872 (fallback to raft.grpc.server.port)
2025-05-13 07:44:45,555 [main] INFO  grpc.GrpcConfigKeys (ConfUtils.java:logFallback(53)) - raft.grpc.client.host = null (fallback to raft.grpc.server.host)
2025-05-13 07:44:45,555 [main] INFO  grpc.GrpcConfigKeys (ConfUtils.java:logFallback(53)) - raft.grpc.client.port = 9872 (fallback to raft.grpc.server.port)
2025-05-13 07:44:45,555 [main] INFO  grpc.GrpcConfigKeys (ConfUtils.java:logGet(46)) - raft.grpc.server.host = null (default)
2025-05-13 07:44:45,555 [main] INFO  grpc.GrpcConfigKeys (ConfUtils.java:logGet(46)) - raft.grpc.server.port = 9872 (custom)
2025-05-13 07:44:45,555 [main] INFO  server.GrpcService (ConfUtils.java:logGet(46)) - raft.grpc.message.size.max = 5242880 (custom)
2025-05-13 07:44:45,555 [main] INFO  server.GrpcService (ConfUtils.java:logGet(46)) - raft.grpc.flow.control.window = 1MB (=1048576) (default)
2025-05-13 07:44:45,555 [main] INFO  server.RaftServerConfigKeys (ConfUtils.java:logGet(46)) - raft.server.rpc.request.timeout = 3000ms (default)
2025-05-13 07:44:45,555 [main] INFO  grpc.GrpcConfigKeys (ConfUtils.java:logGet(46)) - raft.grpc.server.heartbeat.channel = true (default)
2025-05-13 07:44:45,555 [main] INFO  server.RaftServerConfigKeys (ConfUtils.java:logGet(46)) - raft.server.log.appender.buffer.byte-limit = 4194304 (custom)
2025-05-13 07:44:45,556 [main] INFO  grpc.GrpcConfigKeys (ConfUtils.java:logGet(46)) - raft.grpc.server.async.request.thread.pool.cached = true (default)
2025-05-13 07:44:45,556 [main] INFO  grpc.GrpcConfigKeys (ConfUtils.java:logGet(46)) - raft.grpc.server.async.request.thread.pool.size = 32 (default)
2025-05-13 07:44:45,556 [main] INFO  impl.DataStreamServerImpl (ConfUtils.java:logGet(46)) - raft.datastream.type = DISABLED (default)
2025-05-13 07:44:45,556 [main] INFO  server.RaftServerConfigKeys (ConfUtils.java:logGet(46)) - raft.server.sleep.deviation.threshold = 300ms (default)
2025-05-13 07:44:45,556 [main] INFO  server.RaftServerConfigKeys (ConfUtils.java:logGet(46)) - raft.server.close.threshold = 60s (default)
2025-05-13 07:44:45,556 [main] INFO  server.RaftServerConfigKeys (ConfUtils.java:logGet(46)) - raft.server.leaderelection.leader.step-down.wait-time = 10s (default)
2025-05-13 07:44:45,557 [main] INFO  server.RaftServerConfigKeys (ConfUtils.java:logGet(46)) - raft.server.storage.dir = [/tmp/junit-5323695652344220701/scm-meta/ratis] (custom)
2025-05-13 07:44:45,557 [main] INFO  server.RaftServerConfigKeys (ConfUtils.java:logGet(46)) - raft.server.threadpool.proxy.cached = true (default)
2025-05-13 07:44:45,557 [main] INFO  server.RaftServerConfigKeys (ConfUtils.java:logGet(46)) - raft.server.threadpool.proxy.size = 0 (default)
2025-05-13 07:44:45,557 [main] INFO  server.RaftServer (RaftServerProxy.java:addNew(100)) - om1: addNew group-C5BA1605619E:[om1|pkrvmberfyhpb9w.internal.cloudapp.net:9872] returns group-C5BA1605619E:java.util.concurrent.CompletableFuture@fc244e2[Not completed]
2025-05-13 07:44:45,557 [main] INFO  om.OzoneManager (RaftServerImpl.java:<init>(255)) - om1: new RaftServerImpl for group-C5BA1605619E:[om1|pkrvmberfyhpb9w.internal.cloudapp.net:9872] with OzoneManagerStateMachine:uninitialized
2025-05-13 07:44:45,557 [main] INFO  om.OzoneManager (OzoneManager.java:initializeRatisServer(2284)) - OzoneManager Ratis server initialized at port 9872
2025-05-13 07:44:45,557 [om1-groupManagement] INFO  server.RaftServerConfigKeys (ConfUtils.java:logGet(46)) - raft.server.rpc.timeout.min = 5s (custom)
2025-05-13 07:44:45,557 [om1-groupManagement] INFO  server.RaftServerConfigKeys (ConfUtils.java:logGet(46)) - raft.server.rpc.timeout.max = 5200ms (custom)
2025-05-13 07:44:45,557 [om1-groupManagement] INFO  server.RaftServerConfigKeys (OzoneManager.java:getRpcServer(1340)) - Creating RPC Server
ConfUtils.java:logGet(46)) - raft.server.rpc.sleep.time = 25ms (default)
2025-05-13 07:44:45,557 [main] INFO  om.OzoneManager (OzoneManager.java:getRpcServer(1340)) - Creating RPC Server
2025-05-13 07:44:45,557 [om1-groupManagement] INFO  server.RaftServerConfigKeys (ConfUtils.java:logGet(46)) - raft.server.rpc.slowness.timeout = 120s (custom)
2025-05-13 07:44:45,558 [om1-groupManagement] INFO  server.RaftServerConfigKeys (ConfUtils.java:logGet(46)) - raft.server.leaderelection.leader.step-down.wait-time = 10s (default)
2025-05-13 07:44:45,558 [om1-groupManagement] INFO  server.RaftServerConfigKeys (ConfUtils.java:logGet(46)) - raft.server.leaderelection.member.majority-add = false (default)
2025-05-13 07:44:45,558 [om1-groupManagement] INFO  server.RaftServerConfigKeys (ConfUtils.java:logGet(46)) - raft.server.sleep.deviation.threshold = 300ms (default)
2025-05-13 07:44:45,558 [om1-groupManagement] INFO  server.RaftServer$Division (ServerState.java:<init>(114)) - om1@group-C5BA1605619E: ConfigurationManager, init=conf: {index: -1, cur=peers:[om1|pkrvmberfyhpb9w.internal.cloudapp.net:9872]|listeners:[], old=null}, confs=<EMPTY_MAP>
2025-05-13 07:44:45,558 [om1-groupManagement] INFO  server.RaftServerConfigKeys (ConfUtils.java:logGet(46)) - raft.server.notification.no-leader.timeout = 120s (custom)
2025-05-13 07:44:45,558 [om1-groupManagement] INFO  server.RaftServerConfigKeys (ConfUtils.java:logGet(46)) - raft.server.read.timeout = 10s (default)
2025-05-13 07:44:45,558 [om1-groupManagement] INFO  server.RaftServerConfigKeys (ConfUtils.java:logGet(46)) - raft.server.retrycache.expirytime = 300s (custom)
2025-05-13 07:44:45,558 [om1-groupManagement] INFO  server.RaftServerConfigKeys (ConfUtils.java:logGet(46)) - raft.server.retrycache.statistics.expirytime = 100ms (default)
2025-05-13 07:44:45,558 [om1-groupManagement] INFO  server.RaftServerConfigKeys (ConfUtils.java:logGet(46)) - raft.server.read.option = DEFAULT (default)
2025-05-13 07:44:45,558 [om1-groupManagement] INFO  server.RaftServerConfigKeys (ConfUtils.java:logGet(46)) - raft.server.read.read-after-write-consistent.write-index-cache.expiry-time = 60s (default)
2025-05-13 07:44:45,559 [om1-groupManagement] INFO  server.RaftServerConfigKeys (ConfUtils.java:logGet(46)) - raft.server.rpc.request.timeout = 3000ms (default)
2025-05-13 07:44:45,559 [om1-groupManagement] INFO  server.RaftServerConfigKeys (ConfUtils.java:logGet(46)) - raft.server.log.appender.install.snapshot.enabled = false (custom)
2025-05-13 07:44:45,559 [om1-groupManagement] INFO  server.RaftServerConfigKeys (ConfUtils.java:logGet(46)) - raft.server.threadpool.server.cached = true (default)
2025-05-13 07:44:45,559 [om1-groupManagement] INFO  server.RaftServerConfigKeys (ConfUtils.java:logGet(46)) - raft.server.threadpool.server.size = 0 (default)
2025-05-13 07:44:45,559 [om1-groupManagement] INFO  server.RaftServerConfigKeys (ConfUtils.java:logGet(46)) - raft.server.threadpool.client.cached = true (default)
2025-05-13 07:44:45,559 [om1-groupManagement] INFO  server.RaftServerConfigKeys (ConfUtils.java:logGet(46)) - raft.server.threadpool.client.size = 0 (default)
2025-05-13 07:44:45,960 [main] INFO  reflections.Reflections (Reflections.java:scan(219)) - Reflections took 402 ms to scan 24 urls, producing 60 keys and 7515 values
2025-05-13 07:44:45,962 [main] INFO  ipc.CallQueueManager (CallQueueManager.java:<init>(93)) - Using callQueue: class java.util.concurrent.LinkedBlockingQueue, queueCapacity: 2000, scheduler: class org.apache.hadoop.ipc.DefaultRpcScheduler, ipcBackoff: false, ipcFailOver: false.
2025-05-13 07:44:45,966 [main] INFO  server.StorageContainerManager (StorageContainerManager.java:stop(1608)) - Container Balancer is not running.
2025-05-13 07:44:45,966 [main] INFO  server.StorageContainerManager (StorageContainerManager.java:stopReplicationManager(1742)) - Stopping Replication Manager Service.
2025-05-13 07:44:45,966 [main] INFO  replication.ReplicationManager (ReplicationManager.java:stop(316)) - Stopping Replication Monitor Thread.
2025-05-13 07:44:45,966 [OverReplicatedProcessor] WARN  replication.UnhealthyReplicationProcessor (UnhealthyReplicationProcessor.java:run(178)) - OverReplicatedProcessor interrupted. Exiting...
2025-05-13 07:44:45,966 [UnderReplicatedProcessor] WARN  replication.UnhealthyReplicationProcessor (UnhealthyReplicationProcessor.java:run(178)) - UnderReplicatedProcessor interrupted. Exiting...
2025-05-13 07:44:45,967 [main] INFO  server.StorageContainerManager (StorageContainerManager.java:stop(1617)) - Stopping the Datanode Admin Monitor.
2025-05-13 07:44:45,967 [ReplicationMonitor] INFO  replication.ReplicationManager (ReplicationManager.java:run(936)) - Replication Monitor Thread is stopped
2025-05-13 07:44:45,967 [main] INFO  server.StorageContainerManager (StorageContainerManager.java:stop(1624)) - Stopping datanode service RPC server
2025-05-13 07:44:45,967 [main] INFO  server.SCMDatanodeProtocolServer (SCMDatanodeProtocolServer.java:stop(447)) - Stopping the RPC server for DataNodes
2025-05-13 07:44:45,967 [main] INFO  ipc.Server (Server.java:stop(3697)) - Stopping server on 15043
2025-05-13 07:44:46,025 [SCMHeartbeatProcessor-0] WARN  node.NodeStateManager (NodeStateManager.java:scheduleNextHealthCheck(909)) - Current Thread is interrupted, shutting down HB processing thread for Node Manager.
2025-05-13 07:44:46,026 [main] INFO  server.StorageContainerManager (StorageContainerManager.java:stop(1632)) - Stopping block service RPC server
2025-05-13 07:44:46,026 [main] INFO  server.SCMBlockProtocolServer (SCMBlockProtocolServer.java:stop(175)) - Stopping the RPC server for Block Protocol
2025-05-13 07:44:46,026 [main] INFO  ipc.Server (Server.java:stop(3697)) - Stopping server on 15044
2025-05-13 07:44:46,029 [IPC Server listener on 15044] INFO  ipc.Server (Server.java:run(1585)) - Stopping IPC Server listener on 15044
2025-05-13 07:44:46,029 [main] INFO  server.StorageContainerManager (StorageContainerManager.java:stop(1639)) - Stopping the StorageContainerLocationProtocol RPC server
2025-05-13 07:44:46,029 [main] INFO  server.SCMClientProtocolServer (SCMClientProtocolServer.java:stop(216)) - Stopping the RPC server for Client Protocol
2025-05-13 07:44:46,029 [main] INFO  ipc.Server (Server.java:stop(3697)) - Stopping server on 15042
2025-05-13 07:44:46,029 [IPC Server Responder] INFO  ipc.Server (Server.java:run(1718)) - Stopping IPC Server Responder
2025-05-13 07:44:46,032 [IPC Server Responder] INFO  ipc.Server (Server.java:run(1718)) - Stopping IPC Server Responder
2025-05-13 07:44:46,032 [main] INFO  server.StorageContainerManager (StorageContainerManager.java:stop(1646)) - Stopping Storage Container Manager HTTP server.
2025-05-13 07:44:46,032 [IPC Server listener on 15042] INFO  ipc.Server (Server.java:run(1585)) - Stopping IPC Server listener on 15042
2025-05-13 07:44:46,034 [main] INFO  handler.ContextHandler (ContextHandler.java:doStop(1159)) - Stopped o.e.j.w.WebAppContext@4010ad81{scm,/,null,STOPPED}{file:/home/runner/work/ozone/ozone/hadoop-ozone/integration-test/target/test-classes/webapps/scm}
2025-05-13 07:44:46,035 [main] INFO  server.AbstractConnector (AbstractConnector.java:doStop(383)) - Stopped ServerConnector@225d6b97{HTTP/1.1, (http/1.1)}{0.0.0.0:9876}
2025-05-13 07:44:46,035 [main] INFO  server.session (HouseKeeper.java:stopScavenging(149)) - node0 Stopped scavenging
2025-05-13 07:44:46,036 [main] INFO  handler.ContextHandler (ContextHandler.java:doStop(1159)) - Stopped o.e.j.s.ServletContextHandler@4bd47cb5{static,/static,file:///home/runner/work/ozone/ozone/hadoop-ozone/integration-test/target/test-classes/webapps/static,STOPPED}
2025-05-13 07:44:46,036 [main] INFO  handler.ContextHandler (ContextHandler.java:doStop(1159)) - Stopped o.e.j.s.ServletContextHandler@736a8733{logs,/logs,file:///home/runner/work/ozone/ozone/hadoop-ozone/integration-test/target/log,STOPPED}
2025-05-13 07:44:46,037 [main] INFO  server.StorageContainerManager (StorageContainerManager.java:stop(1654)) - Stopping SCM LayoutVersionManager Service.
2025-05-13 07:44:46,037 [main] INFO  server.SCMSecurityProtocolServer (SCMSecurityProtocolServer.java:stop(510)) - Stopping the SCMSecurityProtocolServer.
2025-05-13 07:44:46,037 [main] INFO  ipc.Server (Server.java:stop(3697)) - Stopping server on 15045
2025-05-13 07:44:46,037 [IPC Server Responder] INFO  ipc.Server (Server.java:run(1718)) - Stopping IPC Server Responder
2025-05-13 07:44:46,037 [IPC Server listener on 15045] INFO  ipc.Server (Server.java:run(1585)) - Stopping IPC Server listener on 15045
2025-05-13 07:44:46,038 [main] INFO  server.StorageContainerManager (StorageContainerManager.java:stop(1666)) - Stopping Block Manager Service.
2025-05-13 07:44:46,038 [main] INFO  utils.BackgroundService (BackgroundService.java:shutdown(160)) - Shutting down service SCMBlockDeletingService
2025-05-13 07:44:46,038 [main] INFO  utils.BackgroundService (BackgroundService.java:shutdown(160)) - Shutting down service SCMBlockDeletingService
2025-05-13 07:44:46,038 [main] INFO  server.StorageContainerManager (StorageContainerManager.java:stop(1691)) - Stopping SCM Event Queue.
2025-05-13 07:44:46,039 [main] INFO  server.StorageContainerManager (StorageContainerManager.java:stop(1698)) - Stopping SCM HA services.
2025-05-13 07:44:46,039 [main] INFO  ha.SCMRatisServerImpl (SCMRatisServerImpl.java:stop(266)) - stopping ratis server 0.0.0.0:15046
2025-05-13 07:44:46,040 [main] INFO  server.RaftServer (RaftServerProxy.java:lambda$close$9(417)) - a4575a20-a5a9-4997-a498-3e278eefae97: close
2025-05-13 07:44:46,040 [main] INFO  server.GrpcService (GrpcService.java:closeImpl(343)) - a4575a20-a5a9-4997-a498-3e278eefae97: shutdown server GrpcServerProtocolService now
2025-05-13 07:44:46,040 [a4575a20-a5a9-4997-a498-3e278eefae97-impl-thread1] INFO  server.RaftServer$Division (RaftServerImpl.java:lambda$close$1(513)) - a4575a20-a5a9-4997-a498-3e278eefae97@group-9DBD4C00002E: shutdown
2025-05-13 07:44:46,040 [a4575a20-a5a9-4997-a498-3e278eefae97-impl-thread1] INFO  util.JmxRegister (JmxRegister.java:unregister(74)) - Successfully un-registered JMX Bean with object name Ratis:service=RaftServer,group=group-9DBD4C00002E,id=a4575a20-a5a9-4997-a498-3e278eefae97
2025-05-13 07:44:46,040 [a4575a20-a5a9-4997-a498-3e278eefae97-impl-thread1] INFO  impl.RoleInfo (RoleInfo.java:shutdownFollowerState(121)) - a4575a20-a5a9-4997-a498-3e278eefae97: shutdown a4575a20-a5a9-4997-a498-3e278eefae97@group-9DBD4C00002E-FollowerState
2025-05-13 07:44:46,040 [a4575a20-a5a9-4997-a498-3e278eefae97-impl-thread1] INFO  impl.StateMachineUpdater (StateMachineUpdater.java:stopAndJoin(164)) - a4575a20-a5a9-4997-a498-3e278eefae97@group-9DBD4C00002E-StateMachineUpdater: set stopIndex = -1
2025-05-13 07:44:46,040 [a4575a20-a5a9-4997-a498-3e278eefae97@group-9DBD4C00002E-FollowerState] INFO  impl.FollowerState (FollowerState.java:runImpl(170)) - a4575a20-a5a9-4997-a498-3e278eefae97@group-9DBD4C00002E-FollowerState was interrupted
2025-05-13 07:44:46,040 [a4575a20-a5a9-4997-a498-3e278eefae97@group-9DBD4C00002E-StateMachineUpdater] INFO  impl.StateMachineUpdater (StateMachineUpdater.java:stop(141)) - a4575a20-a5a9-4997-a498-3e278eefae97@group-9DBD4C00002E-StateMachineUpdater: closing SCMStateMachine, lastApplied=(t:0, i:~)
2025-05-13 07:44:46,041 [a4575a20-a5a9-4997-a498-3e278eefae97@group-9DBD4C00002E-cacheEviction-AwaitToRun] INFO  util.AwaitToRun (AwaitToRun.java:run(49)) - a4575a20-a5a9-4997-a498-3e278eefae97@group-9DBD4C00002E-cacheEviction-AwaitToRun-AwaitForSignal is interrupted
2025-05-13 07:44:46,045 [main] INFO  server.GrpcService (GrpcService.java:closeImpl(352)) - a4575a20-a5a9-4997-a498-3e278eefae97: shutdown server GrpcServerProtocolService successfully
2025-05-13 07:44:46,165 [a4575a20-a5a9-4997-a498-3e278eefae97-impl-thread1] INFO  segmented.SegmentedRaftLogWorker (SegmentedRaftLogWorker.java:close(252)) - a4575a20-a5a9-4997-a498-3e278eefae97@group-9DBD4C00002E-SegmentedRaftLogWorker close()
2025-05-13 07:44:46,165 [JvmPauseMonitor9] INFO  util.JvmPauseMonitor (JvmPauseMonitor.java:run(152)) - JvmPauseMonitor-a4575a20-a5a9-4997-a498-3e278eefae97: Stopped
2025-05-13 07:44:46,166 [main] INFO  SCMHATransactionMonitor (BackgroundSCMService.java:stop(127)) - Stopping SCMHATransactionMonitor Service.
2025-05-13 07:44:46,166 [SCMHATransactionMonitor] WARN  SCMHATransactionMonitor (BackgroundSCMService.java:run(111)) - SCMHATransactionMonitor is interrupted, exit
2025-05-13 07:44:46,166 [main] INFO  pipeline.BackgroundPipelineCreator (BackgroundPipelineCreator.java:stop(154)) - Stopping RatisPipelineUtilsThread.
2025-05-13 07:44:46,166 [RatisPipelineUtilsThread-0] WARN  pipeline.BackgroundPipelineCreator (BackgroundPipelineCreator.java:run(185)) - RatisPipelineUtilsThread is interrupted.
2025-05-13 07:44:46,167 [main] INFO  BackgroundPipelineScrubber (BackgroundSCMService.java:stop(127)) - Stopping BackgroundPipelineScrubber Service.
2025-05-13 07:44:46,167 [BackgroundPipelineScrubber] WARN  BackgroundPipelineScrubber (BackgroundSCMService.java:run(111)) - BackgroundPipelineScrubber is interrupted, exit
2025-05-13 07:44:46,167 [main] INFO  impl.MetricsSystemImpl (MetricsSystemImpl.java:stop(210)) - Stopping StorageContainerManager metrics system...
2025-05-13 07:44:46,168 [prometheus] INFO  impl.MetricsSinkAdapter (MetricsSinkAdapter.java:publishMetricsFromQueue(141)) - prometheus thread interrupted.
2025-05-13 07:44:46,168 [main] INFO  impl.MetricsSystemImpl (MetricsSystemImpl.java:stop(216)) - StorageContainerManager metrics system stopped.
2025-05-13 07:44:46,168 [main] WARN  pipeline.BackgroundPipelineCreator (BackgroundPipelineCreator.java:stop(150)) - RatisPipelineUtilsThread is not running, just ignore.
2025-05-13 07:44:46,168 [main] INFO  BackgroundPipelineScrubber (BackgroundSCMService.java:stop(122)) - BackgroundPipelineScrubber Service is not running, skip stop.
2025-05-13 07:44:46,168 [main] INFO  ExpiredContainerReplicaOpScrubber (BackgroundSCMService.java:stop(127)) - Stopping ExpiredContainerReplicaOpScrubber Service.
2025-05-13 07:44:46,168 [ExpiredContainerReplicaOpScrubber] WARN  ExpiredContainerReplicaOpScrubber (BackgroundSCMService.java:run(111)) - ExpiredContainerReplicaOpScrubber is interrupted, exit
2025-05-13 07:44:46,168 [main] INFO  utils.BackgroundService (BackgroundService.java:shutdown(160)) - Shutting down service SCMBlockDeletingService
2025-05-13 07:44:46,168 [main] INFO  replication.ReplicationManager (ReplicationManager.java:stop(323)) - Replication Monitor Thread is not running.
2025-05-13 07:44:46,169 [main] WARN  balancer.ContainerBalancer (ContainerBalancer.java:stop(350)) - Cannot stop Container Balancer because it's not running or stopping
2025-05-13 07:44:46,169 [main] INFO  SCMHATransactionMonitor (BackgroundSCMService.java:stop(122)) - SCMHATransactionMonitor Service is not running, skip stop.
2025-05-13 07:44:46,169 [LeaseManager#LeaseMonitor] WARN  lease.LeaseManager (LeaseManager.java:run(285)) - Lease manager is interrupted. Shutting down...
java.lang.InterruptedException
	at java.base/java.util.concurrent.locks.AbstractQueuedSynchronizer.tryAcquireSharedNanos(AbstractQueuedSynchronizer.java:1133)
	at java.base/java.util.concurrent.Semaphore.tryAcquire(Semaphore.java:415)
	at org.apache.hadoop.ozone.lease.LeaseManager$LeaseMonitor.run(LeaseManager.java:283)
	at java.base/java.lang.Thread.run(Thread.java:1583)
2025-05-13 07:44:46,169 [a4575a20-a5a9-4997-a498-3e278eefae97-scm/sub-ca-refreshCACertificates] ERROR util.ExitUtils (ExitUtils.java:terminate(133)) - Terminating with exit status -1: Thread[#1934,a4575a20-a5a9-4997-a498-3e278eefae97-scm/sub-ca-refreshCACertificates,5,main] has thrown an uncaught exception
java.lang.reflect.UndeclaredThrowableException
	at jdk.proxy2/jdk.proxy2.$Proxy45.submitRequest(Unknown Source)
	at org.apache.hadoop.hdds.protocolPB.SCMSecurityProtocolClientSideTranslatorPB.submitRequest(SCMSecurityProtocolClientSideTranslatorPB.java:93)
	at org.apache.hadoop.hdds.protocolPB.SCMSecurityProtocolClientSideTranslatorPB.getAllRootCaCertificates(SCMSecurityProtocolClientSideTranslatorPB.java:382)
	at org.apache.hadoop.hdds.security.x509.certificate.client.SCMCertificateClient$RefreshCACertificates.run(SCMCertificateClient.java:238)
	at java.base/java.util.concurrent.ThreadPoolExecutor.runWorker(ThreadPoolExecutor.java:1144)
	at java.base/java.util.concurrent.ThreadPoolExecutor$Worker.run(ThreadPoolExecutor.java:642)
	at java.base/java.lang.Thread.run(Thread.java:1583)
Caused by: java.io.InterruptedIOException: Retry interrupted
	at org.apache.hadoop.io.retry.RetryInvocationHandler$Call.processWaitTimeAndRetryInfo(RetryInvocationHandler.java:141)
	at org.apache.hadoop.io.retry.RetryInvocationHandler$Call.invokeOnce(RetryInvocationHandler.java:112)
	at org.apache.hadoop.io.retry.RetryInvocationHandler.invoke(RetryInvocationHandler.java:366)
	... 7 more
Caused by: java.lang.InterruptedException: sleep interrupted
	at java.base/java.lang.Thread.sleep0(Native Method)
	at java.base/java.lang.Thread.sleep(Thread.java:509)
	at org.apache.hadoop.io.retry.RetryInvocationHandler$Call.processWaitTimeAndRetryInfo(RetryInvocationHandler.java:135)
	... 9 more
2025-05-13 07:44:46,169 [main] INFO  server.StorageContainerManager (StorageContainerManager.java:stop(1733)) - Stopping SCM MetadataStore.
2025-05-13 07:44:46,170 [main] INFO  impl.DefaultInternalKdcServerImpl (DefaultInternalKdcServerImpl.java:doStop(102)) - Default Internal kdc server stopped.
2025-05-13 07:44:47,171 [main] INFO  minikdc.MiniKdc (MiniKdc.java:stop(359)) - MiniKdc stopped.
2025-05-13 07:44:47,171 [main] INFO  server.StorageContainerManager (StorageContainerManager.java:stop(1597)) - Storage Container Manager is not running.
2025-05-13 07:44:47,171 [main] INFO  server.StorageContainerManager (StorageContainerManager.java:stopReplicationManager(1742)) - Stopping Replication Manager Service.
2025-05-13 07:44:47,171 [main] INFO  replication.ReplicationManager (ReplicationManager.java:stop(323)) - Replication Monitor Thread is not running.
2025-05-13 07:44:47,171 [main] INFO  server.SCMSecurityProtocolServer (SCMSecurityProtocolServer.java:join(519)) - Join RPC server for SCMSecurityProtocolServer.
2025-05-13 07:44:47,171 [main] INFO  server.SCMSecurityProtocolServer (SCMSecurityProtocolServer.java:join(521)) - Join gRPC server for SCMSecurityProtocolServer.
]]></system-out>
  </testcase>
  <testcase name="testAccessControlExceptionOnClient" classname="org.apache.hadoop.ozone.TestSecureOzoneCluster" time="301.915">
    <error message="testAccessControlExceptionOnClient() timed out after 5 minutes" type="java.util.concurrent.TimeoutException"><![CDATA[java.util.concurrent.TimeoutException: testAccessControlExceptionOnClient() timed out after 5 minutes
	at java.base/java.util.ArrayList.forEach(ArrayList.java:1596)
	at java.base/java.util.ArrayList.forEach(ArrayList.java:1596)
	Suppressed: java.io.InterruptedIOException: DestHost:destPort 10.1.0.101:15055 , LocalHost:localPort pkrvmberfyhpb9w/10.1.0.36:0. Failed on local exception: java.io.InterruptedIOException: Interrupted while waiting for IO on channel java.nio.channels.SocketChannel[connection-pending remote=10.1.0.101/10.1.0.101:15055]. Total timeout mills is 20000, 17267 millis timeout left.
		at java.base/jdk.internal.reflect.DirectConstructorHandleAccessor.newInstance(DirectConstructorHandleAccessor.java:62)
		at java.base/java.lang.reflect.Constructor.newInstanceWithCaller(Constructor.java:502)
		at java.base/java.lang.reflect.Constructor.newInstance(Constructor.java:486)
		at org.apache.hadoop.net.NetUtils.wrapWithMessage(NetUtils.java:961)
		at org.apache.hadoop.net.NetUtils.wrapException(NetUtils.java:936)
		at org.apache.hadoop.ipc.Client.getRpcResponse(Client.java:1588)
		at org.apache.hadoop.ipc.Client.call(Client.java:1529)
		at org.apache.hadoop.ipc.Client.call(Client.java:1426)
		at org.apache.hadoop.ipc.ProtobufRpcEngine$Invoker.invoke(ProtobufRpcEngine.java:250)
		at org.apache.hadoop.ipc.ProtobufRpcEngine$Invoker.invoke(ProtobufRpcEngine.java:132)
		at jdk.proxy2/jdk.proxy2.$Proxy118.submitRequest(Unknown Source)
		at java.base/jdk.internal.reflect.DirectMethodHandleAccessor.invoke(DirectMethodHandleAccessor.java:103)
		at java.base/java.lang.reflect.Method.invoke(Method.java:580)
		at org.apache.hadoop.io.retry.RetryInvocationHandler.invokeMethod(RetryInvocationHandler.java:437)
		at org.apache.hadoop.io.retry.RetryInvocationHandler$Call.invokeMethod(RetryInvocationHandler.java:170)
		at org.apache.hadoop.io.retry.RetryInvocationHandler$Call.invoke(RetryInvocationHandler.java:162)
		at org.apache.hadoop.io.retry.RetryInvocationHandler$Call.invokeOnce(RetryInvocationHandler.java:100)
		at org.apache.hadoop.io.retry.RetryInvocationHandler.invoke(RetryInvocationHandler.java:366)
		at jdk.proxy2/jdk.proxy2.$Proxy118.submitRequest(Unknown Source)
		at org.apache.hadoop.ozone.om.protocolPB.Hadoop3OmTransport.submitRequest(Hadoop3OmTransport.java:73)
		at org.apache.hadoop.ozone.om.protocolPB.OzoneManagerProtocolClientSideTranslatorPB.submitRequest(OzoneManagerProtocolClientSideTranslatorPB.java:340)
		at org.apache.hadoop.ozone.om.protocolPB.OzoneManagerProtocolClientSideTranslatorPB.createVolume(OzoneManagerProtocolClientSideTranslatorPB.java:362)
		at org.apache.hadoop.ozone.TestSecureOzoneCluster.testAccessControlExceptionOnClient(TestSecureOzoneCluster.java:591)
		at java.base/java.lang.reflect.Method.invoke(Method.java:580)
		... 2 more
	Caused by: java.io.InterruptedIOException: Interrupted while waiting for IO on channel java.nio.channels.SocketChannel[connection-pending remote=10.1.0.101/10.1.0.101:15055]. Total timeout mills is 20000, 17267 millis timeout left.
		at org.apache.hadoop.net.SocketIOWithTimeout$SelectorPool.select(SocketIOWithTimeout.java:350)
		at org.apache.hadoop.net.SocketIOWithTimeout.connect(SocketIOWithTimeout.java:202)
		at org.apache.hadoop.net.NetUtils.connect(NetUtils.java:614)
		at org.apache.hadoop.ipc.Client$Connection.setupConnection(Client.java:668)
		at org.apache.hadoop.ipc.Client$Connection.setupIOstreams(Client.java:789)
		at org.apache.hadoop.ipc.Client$Connection.access$3800(Client.java:364)
		at org.apache.hadoop.ipc.Client.getConnection(Client.java:1649)
		at org.apache.hadoop.ipc.Client.call(Client.java:1473)
		... 19 more
]]></error>
    <system-out><![CDATA[2025-05-13 07:44:47,197 [om1-om-CertificateRenewerService] INFO  retry.RetryInvocationHandler (RetryInvocationHandler.java:log(426)) - com.google.protobuf.ServiceException: java.net.ConnectException: Call From pkrvmberfyhpb9w/10.1.0.101 to localhost:15024 failed on connection exception: java.net.ConnectException: Connection refused; For more details see:  http://wiki.apache.org/hadoop/ConnectionRefused, while invoking $Proxy45.submitRequest over nodeId=scmNodeId,nodeAddress=localhost/127.0.0.1:15024 after 40 failover attempts. Trying to failover after sleeping for 2000ms. Current retry count: 40.
2025-05-13 07:44:47,202 [main] INFO  minikdc.MiniKdc (MiniKdc.java:<init>(225)) - Configuration:
2025-05-13 07:44:47,202 [main] INFO  minikdc.MiniKdc (MiniKdc.java:<init>(226)) - ---------------------------------------------------------------
2025-05-13 07:44:47,202 [main] INFO  minikdc.MiniKdc (MiniKdc.java:<init>(228)) -   max.renewable.lifetime: 604800000
2025-05-13 07:44:47,202 [main] INFO  minikdc.MiniKdc (MiniKdc.java:<init>(228)) -   instance: DefaultKrbServer
2025-05-13 07:44:47,202 [main] INFO  minikdc.MiniKdc (MiniKdc.java:<init>(228)) -   debug: false
2025-05-13 07:44:47,202 [main] INFO  minikdc.MiniKdc (MiniKdc.java:<init>(228)) -   kdc.bind.address: localhost
2025-05-13 07:44:47,202 [main] INFO  minikdc.MiniKdc (MiniKdc.java:<init>(228)) -   max.ticket.lifetime: 86400000
2025-05-13 07:44:47,202 [main] INFO  minikdc.MiniKdc (MiniKdc.java:<init>(228)) -   transport: TCP
2025-05-13 07:44:47,202 [main] INFO  minikdc.MiniKdc (MiniKdc.java:<init>(228)) -   org.name: EXAMPLE
2025-05-13 07:44:47,202 [main] INFO  minikdc.MiniKdc (MiniKdc.java:<init>(228)) -   org.domain: COM
2025-05-13 07:44:47,202 [main] INFO  minikdc.MiniKdc (MiniKdc.java:<init>(228)) -   kdc.port: 0
2025-05-13 07:44:47,202 [main] INFO  minikdc.MiniKdc (MiniKdc.java:<init>(230)) - ---------------------------------------------------------------
2025-05-13 07:44:47,204 [main] INFO  minikdc.MiniKdc (MiniKdc.java:start(285)) - MiniKdc started.
2025-05-13 07:44:47,248 [main] INFO  keys.KeyStorage (KeyStorage.java:storePublicKey(210)) - Storing public key to /tmp/junit-3052917412008176063/om-meta/om/keys/public.pem.
2025-05-13 07:44:47,248 [main] INFO  keys.KeyStorage (KeyStorage.java:storePrivateKey(194)) - Storing private key to /tmp/junit-3052917412008176063/om-meta/om/keys/private.pem.
2025-05-13 07:44:47,252 [main] INFO  om.OzoneManager (OzoneManager.java:getOmDetailsProto(4941)) - OzoneManager ports added:[name: "RPC"
value: 15055
]
2025-05-13 07:44:47,252 [main] WARN  server.ServerUtils (ServerUtils.java:getScmDbDir(138)) - ozone.scm.db.dirs is not configured. We recommend adding this setting. Falling back to ozone.metadata.dirs instead.
2025-05-13 07:44:47,252 [main] INFO  ha.HASecurityUtils (HASecurityUtils.java:initializeSecurity(79)) - Initializing secure StorageContainerManager.
2025-05-13 07:44:47,253 [main] INFO  proxy.SCMSecurityProtocolFailoverProxyProvider (SCMFailoverProxyProviderBase.java:<init>(120)) - Created fail-over proxy for protocol SCMSecurityProtocolPB with 1 nodes: [nodeId=scmNodeId,nodeAddress=localhost/127.0.0.1:15052]
2025-05-13 07:44:47,253 [main] INFO  client.SCMCertificateClient (DefaultCertificateClient.java:updateCertSerialId(1289)) - Certificate serial ID set to null
2025-05-13 07:44:47,253 [main] ERROR client.SCMCertificateClient (DefaultCertificateClient.java:getCertPath(373)) - Default certificate serial id is not set. Can't locate the default certificate for this client.
2025-05-13 07:44:47,253 [main] INFO  client.SCMCertificateClient (DefaultCertificateClient.java:init(717)) - Certificate client init case: 0
2025-05-13 07:44:47,254 [main] INFO  client.SCMCertificateClient (DefaultCertificateClient.java:handleCase(735)) - Creating keypair for client as keypair and certificate not found.
2025-05-13 07:44:47,312 [main] INFO  keys.KeyStorage (KeyStorage.java:storePublicKey(210)) - Storing public key to /tmp/junit-3052917412008176063/scm-meta/scm/sub-ca/keys/public.pem.
2025-05-13 07:44:47,312 [main] INFO  keys.KeyStorage (KeyStorage.java:storePrivateKey(194)) - Storing private key to /tmp/junit-3052917412008176063/scm-meta/scm/sub-ca/keys/private.pem.
2025-05-13 07:44:47,312 [main] INFO  client.SCMCertificateClient (SCMCertificateClient.java:recoverStateIfNeeded(278)) - Init response: GETCERT
2025-05-13 07:44:47,313 [main] INFO  keys.KeyStorage (KeyStorage.java:readPublicKey(174)) - Reading public key from /tmp/junit-3052917412008176063/scm-meta/scm/ca/keys/public.pem.
2025-05-13 07:44:47,313 [main] ERROR keys.KeyStorage (KeyStorage.java:readPublicKey(178)) - Failed to read the public key.
java.nio.file.NoSuchFileException: /tmp/junit-3052917412008176063/scm-meta/scm/ca/keys/public.pem
	at java.base/sun.nio.fs.UnixException.translateToIOException(UnixException.java:92)
	at java.base/sun.nio.fs.UnixException.rethrowAsIOException(UnixException.java:106)
	at java.base/sun.nio.fs.UnixException.rethrowAsIOException(UnixException.java:111)
	at java.base/sun.nio.fs.UnixFileSystemProvider.newByteChannel(UnixFileSystemProvider.java:261)
	at java.base/java.nio.file.Files.newByteChannel(Files.java:380)
	at java.base/java.nio.file.Files.newByteChannel(Files.java:432)
	at java.base/java.nio.file.Files.readAllBytes(Files.java:3281)
	at org.apache.hadoop.hdds.security.x509.keys.KeyStorage.readPublicKey(KeyStorage.java:176)
	at org.apache.hadoop.hdds.security.x509.keys.KeyStorage.readKeyPair(KeyStorage.java:184)
	at org.apache.hadoop.hdds.security.x509.certificate.authority.DefaultCAServer.checkIfKeysExist(DefaultCAServer.java:354)
	at org.apache.hadoop.hdds.security.x509.certificate.authority.DefaultCAServer.verifySelfSignedCA(DefaultCAServer.java:323)
	at org.apache.hadoop.hdds.security.x509.certificate.authority.DefaultCAServer.init(DefaultCAServer.java:162)
	at org.apache.hadoop.hdds.security.x509.certificate.client.SCMCertificateClient.initializeRootCertificateServer(SCMCertificateClient.java:396)
	at org.apache.hadoop.hdds.security.x509.certificate.client.SCMCertificateClient.getPrimarySCMSelfSignedCert(SCMCertificateClient.java:346)
	at org.apache.hadoop.hdds.security.x509.certificate.client.SCMCertificateClient.recoverStateIfNeeded(SCMCertificateClient.java:287)
	at org.apache.hadoop.hdds.security.x509.certificate.client.DefaultCertificateClient.initWithRecovery(DefaultCertificateClient.java:698)
	at org.apache.hadoop.hdds.scm.ha.HASecurityUtils.initializeSecurity(HASecurityUtils.java:96)
	at org.apache.hadoop.ozone.TestSecureOzoneCluster.initSCM(TestSecureOzoneCluster.java:450)
	at org.apache.hadoop.ozone.TestSecureOzoneCluster.testAccessControlExceptionOnClient(TestSecureOzoneCluster.java:566)
	at java.base/jdk.internal.reflect.DirectMethodHandleAccessor.invoke(DirectMethodHandleAccessor.java:103)
	at java.base/java.lang.reflect.Method.invoke(Method.java:580)
	at org.junit.platform.commons.util.ReflectionUtils.invokeMethod(ReflectionUtils.java:775)
	at org.junit.platform.commons.support.ReflectionSupport.invokeMethod(ReflectionSupport.java:479)
	at org.junit.jupiter.engine.execution.MethodInvocation.proceed(MethodInvocation.java:60)
	at org.junit.jupiter.engine.execution.InvocationInterceptorChain$ValidatingInvocation.proceed(InvocationInterceptorChain.java:131)
	at org.junit.jupiter.engine.extension.SameThreadTimeoutInvocation.proceed(SameThreadTimeoutInvocation.java:49)
	at org.junit.jupiter.engine.extension.TimeoutExtension.intercept(TimeoutExtension.java:161)
	at org.junit.jupiter.engine.extension.TimeoutExtension.interceptTestableMethod(TimeoutExtension.java:152)
	at org.junit.jupiter.engine.extension.TimeoutExtension.interceptTestMethod(TimeoutExtension.java:91)
	at org.junit.jupiter.engine.execution.InterceptingExecutableInvoker$ReflectiveInterceptorCall.lambda$ofVoidMethod$0(InterceptingExecutableInvoker.java:112)
	at org.junit.jupiter.engine.execution.InterceptingExecutableInvoker.lambda$invoke$0(InterceptingExecutableInvoker.java:94)
	at org.junit.jupiter.engine.execution.InvocationInterceptorChain$InterceptedInvocation.proceed(InvocationInterceptorChain.java:106)
	at org.junit.jupiter.engine.execution.InvocationInterceptorChain.proceed(InvocationInterceptorChain.java:64)
	at org.junit.jupiter.engine.execution.InvocationInterceptorChain.chainAndInvoke(InvocationInterceptorChain.java:45)
	at org.junit.jupiter.engine.execution.InvocationInterceptorChain.invoke(InvocationInterceptorChain.java:37)
	at org.junit.jupiter.engine.execution.InterceptingExecutableInvoker.invoke(InterceptingExecutableInvoker.java:93)
	at org.junit.jupiter.engine.execution.InterceptingExecutableInvoker.invoke(InterceptingExecutableInvoker.java:87)
	at org.junit.jupiter.engine.descriptor.TestMethodTestDescriptor.lambda$invokeTestMethod$7(TestMethodTestDescriptor.java:216)
	at org.junit.platform.engine.support.hierarchical.ThrowableCollector.execute(ThrowableCollector.java:73)
	at org.junit.jupiter.engine.descriptor.TestMethodTestDescriptor.invokeTestMethod(TestMethodTestDescriptor.java:212)
	at org.junit.jupiter.engine.descriptor.TestMethodTestDescriptor.execute(TestMethodTestDescriptor.java:137)
	at org.junit.jupiter.engine.descriptor.TestMethodTestDescriptor.execute(TestMethodTestDescriptor.java:69)
	at org.junit.platform.engine.support.hierarchical.NodeTestTask.lambda$executeRecursively$6(NodeTestTask.java:156)
	at org.junit.platform.engine.support.hierarchical.ThrowableCollector.execute(ThrowableCollector.java:73)
	at org.junit.platform.engine.support.hierarchical.NodeTestTask.lambda$executeRecursively$8(NodeTestTask.java:146)
	at org.junit.platform.engine.support.hierarchical.Node.around(Node.java:137)
	at org.junit.platform.engine.support.hierarchical.NodeTestTask.lambda$executeRecursively$9(NodeTestTask.java:144)
	at org.junit.platform.engine.support.hierarchical.ThrowableCollector.execute(ThrowableCollector.java:73)
	at org.junit.platform.engine.support.hierarchical.NodeTestTask.executeRecursively(NodeTestTask.java:143)
	at org.junit.platform.engine.support.hierarchical.NodeTestTask.execute(NodeTestTask.java:100)
	at java.base/java.util.ArrayList.forEach(ArrayList.java:1596)
	at org.junit.platform.engine.support.hierarchical.SameThreadHierarchicalTestExecutorService.invokeAll(SameThreadHierarchicalTestExecutorService.java:41)
	at org.junit.platform.engine.support.hierarchical.NodeTestTask.lambda$executeRecursively$6(NodeTestTask.java:160)
	at org.junit.platform.engine.support.hierarchical.ThrowableCollector.execute(ThrowableCollector.java:73)
	at org.junit.platform.engine.support.hierarchical.NodeTestTask.lambda$executeRecursively$8(NodeTestTask.java:146)
	at org.junit.platform.engine.support.hierarchical.Node.around(Node.java:137)
	at org.junit.platform.engine.support.hierarchical.NodeTestTask.lambda$executeRecursively$9(NodeTestTask.java:144)
	at org.junit.platform.engine.support.hierarchical.ThrowableCollector.execute(ThrowableCollector.java:73)
	at org.junit.platform.engine.support.hierarchical.NodeTestTask.executeRecursively(NodeTestTask.java:143)
	at org.junit.platform.engine.support.hierarchical.NodeTestTask.execute(NodeTestTask.java:100)
	at java.base/java.util.ArrayList.forEach(ArrayList.java:1596)
	at org.junit.platform.engine.support.hierarchical.SameThreadHierarchicalTestExecutorService.invokeAll(SameThreadHierarchicalTestExecutorService.java:41)
	at org.junit.platform.engine.support.hierarchical.NodeTestTask.lambda$executeRecursively$6(NodeTestTask.java:160)
	at org.junit.platform.engine.support.hierarchical.ThrowableCollector.execute(ThrowableCollector.java:73)
	at org.junit.platform.engine.support.hierarchical.NodeTestTask.lambda$executeRecursively$8(NodeTestTask.java:146)
	at org.junit.platform.engine.support.hierarchical.Node.around(Node.java:137)
	at org.junit.platform.engine.support.hierarchical.NodeTestTask.lambda$executeRecursively$9(NodeTestTask.java:144)
	at org.junit.platform.engine.support.hierarchical.ThrowableCollector.execute(ThrowableCollector.java:73)
	at org.junit.platform.engine.support.hierarchical.NodeTestTask.executeRecursively(NodeTestTask.java:143)
	at org.junit.platform.engine.support.hierarchical.NodeTestTask.execute(NodeTestTask.java:100)
	at org.junit.platform.engine.support.hierarchical.SameThreadHierarchicalTestExecutorService.submit(SameThreadHierarchicalTestExecutorService.java:35)
	at org.junit.platform.engine.support.hierarchical.HierarchicalTestExecutor.execute(HierarchicalTestExecutor.java:57)
	at org.junit.platform.engine.support.hierarchical.HierarchicalTestEngine.execute(HierarchicalTestEngine.java:54)
	at org.junit.platform.launcher.core.EngineExecutionOrchestrator.execute(EngineExecutionOrchestrator.java:201)
	at org.junit.platform.launcher.core.EngineExecutionOrchestrator.execute(EngineExecutionOrchestrator.java:170)
	at org.junit.platform.launcher.core.EngineExecutionOrchestrator.execute(EngineExecutionOrchestrator.java:94)
	at org.junit.platform.launcher.core.EngineExecutionOrchestrator.lambda$execute$0(EngineExecutionOrchestrator.java:59)
	at org.junit.platform.launcher.core.EngineExecutionOrchestrator.withInterceptedStreams(EngineExecutionOrchestrator.java:142)
	at org.junit.platform.launcher.core.EngineExecutionOrchestrator.execute(EngineExecutionOrchestrator.java:58)
	at org.junit.platform.launcher.core.DefaultLauncher.execute(DefaultLauncher.java:103)
	at org.junit.platform.launcher.core.DefaultLauncher.execute(DefaultLauncher.java:85)
	at org.junit.platform.launcher.core.DelegatingLauncher.execute(DelegatingLauncher.java:47)
	at org.junit.platform.launcher.core.InterceptingLauncher.lambda$execute$1(InterceptingLauncher.java:39)
	at org.junit.platform.launcher.core.ClasspathAlignmentCheckingLauncherInterceptor.intercept(ClasspathAlignmentCheckingLauncherInterceptor.java:25)
	at org.junit.platform.launcher.core.InterceptingLauncher.execute(InterceptingLauncher.java:38)
	at org.junit.platform.launcher.core.DelegatingLauncher.execute(DelegatingLauncher.java:47)
	at org.apache.maven.surefire.junitplatform.LazyLauncher.execute(LazyLauncher.java:56)
	at org.apache.maven.surefire.junitplatform.JUnitPlatformProvider.execute(JUnitPlatformProvider.java:184)
	at org.apache.maven.surefire.junitplatform.JUnitPlatformProvider.invokeAllTests(JUnitPlatformProvider.java:148)
	at org.apache.maven.surefire.junitplatform.JUnitPlatformProvider.invoke(JUnitPlatformProvider.java:120)
	at org.apache.maven.surefire.booter.ForkedBooter.runSuitesInProcess(ForkedBooter.java:385)
	at org.apache.maven.surefire.booter.ForkedBooter.execute(ForkedBooter.java:162)
	at org.apache.maven.surefire.booter.ForkedBooter.run(ForkedBooter.java:507)
	at org.apache.maven.surefire.booter.ForkedBooter.main(ForkedBooter.java:495)
2025-05-13 07:44:47,708 [main] INFO  keys.KeyStorage (KeyStorage.java:storePublicKey(210)) - Storing public key to /tmp/junit-3052917412008176063/scm-meta/scm/ca/keys/public.pem.
2025-05-13 07:44:47,708 [main] INFO  keys.KeyStorage (KeyStorage.java:storePrivateKey(194)) - Storing private key to /tmp/junit-3052917412008176063/scm-meta/scm/ca/keys/private.pem.
2025-05-13 07:44:47,709 [main] INFO  ozone.OzoneSecurityUtil (OzoneSecurityUtil.java:getValidInetsForCurrentHost(116)) - ip:fe80:0:0:0:222:48ff:fe46:ea58%eth0 not returned.
2025-05-13 07:44:47,711 [main] INFO  ozone.OzoneSecurityUtil (OzoneSecurityUtil.java:getValidInetsForCurrentHost(113)) - Adding ip:10.1.1.24,host:10.1.1.24
2025-05-13 07:44:47,711 [main] INFO  ozone.OzoneSecurityUtil (OzoneSecurityUtil.java:getValidInetsForCurrentHost(116)) - ip:0:0:0:0:0:0:0:1%lo not returned.
2025-05-13 07:44:47,711 [main] INFO  ozone.OzoneSecurityUtil (OzoneSecurityUtil.java:getValidInetsForCurrentHost(116)) - ip:127.0.0.1 not returned.
2025-05-13 07:44:47,714 [main] ERROR utils.SelfSignedCertificate (SelfSignedCertificate.java:lambda$addInetAddresses$0(244)) - Invalid domain 10.1.1.24
2025-05-13 07:44:47,717 [main] INFO  utils.SelfSignedCertificate (SelfSignedCertificate.java:generateCertificate(156)) - Certificate 1 is issued by SERIALNUMBER=1, O=53ec9346-515c-41e3-8420-11e3d3358789, OU=3542b160-3524-44ff-92da-cbafe8793333, CN=scm@pkrvmberfyhpb9w to SERIALNUMBER=1, O=53ec9346-515c-41e3-8420-11e3d3358789, OU=3542b160-3524-44ff-92da-cbafe8793333, CN=scm@pkrvmberfyhpb9w, valid from Tue May 13 07:44:47 UTC 2025 to Fri Jun 21 07:44:47 UTC 2030
2025-05-13 07:44:47,718 [main] INFO  utils.CertificateCodec (CertificateCodec.java:writeCertificate(239)) - Save certificate to /tmp/junit-3052917412008176063/scm-meta/scm/ca/certs/certificate.crt
2025-05-13 07:44:47,718 [main] INFO  utils.CertificateCodec (CertificateCodec.java:writeCertificate(240)) - Certificate -----BEGIN CERTIFICATE-----
MIIDwTCCAqmgAwIBAgIBATANBgkqhkiG9w0BAQsFADCBiDEcMBoGA1UEAwwTc2Nt
QHBrcnZtYmVyZnlocGI5dzEtMCsGA1UECwwkMzU0MmIxNjAtMzUyNC00NGZmLTky
ZGEtY2JhZmU4NzkzMzMzMS0wKwYDVQQKDCQ1M2VjOTM0Ni01MTVjLTQxZTMtODQy
MC0xMWUzZDMzNTg3ODkxCjAIBgNVBAUTATEwHhcNMjUwNTEzMDc0NDQ3WhcNMzAw
NjIxMDc0NDQ3WjCBiDEcMBoGA1UEAwwTc2NtQHBrcnZtYmVyZnlocGI5dzEtMCsG
A1UECwwkMzU0MmIxNjAtMzUyNC00NGZmLTkyZGEtY2JhZmU4NzkzMzMzMS0wKwYD
VQQKDCQ1M2VjOTM0Ni01MTVjLTQxZTMtODQyMC0xMWUzZDMzNTg3ODkxCjAIBgNV
BAUTATEwggEiMA0GCSqGSIb3DQEBAQUAA4IBDwAwggEKAoIBAQCt999jv3pSKDwl
l+uXgK0Ce49Vy0FL1M8dU5dAMqSjaBxDftXfWoRW0FsT6nZQV0g6jycoiN1yIkQF
YO6xLamIv3bSF56k18ZV/N9j6YRh7tAbWvVylw2FEOAIyy87Q1QhV5BytZ4VxtKL
rJA/Ll92idrl1cokjpzxa8MlZTBke9U94BXuE52xioJkg/vN3+7wT17yzFdQnFzN
CZWx1fn1BkpNzFLbPMd0FMV10Lfu8SdsfTo0DXJ91YIx4jIpRUuYnS4anqoqV1M3
QTsvntM1W0ZXbiC1CkdMAeRYB2hDFx5u1C8cZpTldwL80lXRk6Jm6kTiBxePK0DY
P3S0jYS3AgMBAAGjNDAyMA8GA1UdEwEB/wQFMAMBAf8wDgYDVR0PAQH/BAQDAgEG
MA8GA1UdEQQIMAaHBAoBARgwDQYJKoZIhvcNAQELBQADggEBAETFiAixxiTwOT/I
Eo/i0TQYr0CcYtpNoyyOVtkKlDqutJE+rOAtCnUvF1TE3kWyL0WbOaO+TjJMdhpi
sOP49f8RmXLa1hsbB+RjBttZhGlZa3e4u2WCB9/rd6xpyhzQ71T0RdIvlNACx06j
9Y5W3QeFeCt+adIwCnN03w4fbO6uBDICP1M/qo1938Oym/lv0cCrOWpkntzEL11d
mp1mUkbxuXT8PSqP5/+5tKpg4Km0PkeN6QrSlzOQy4MwTF9lS0F9BjtFsTsXWTWq
3zq7Pgid+tGWEq/NT/puEsDaY1fJHOQYawvlll9U3uqlDXoS3mj3UtZG3HZoFv2M
AS1bVWM=
-----END CERTIFICATE-----

2025-05-13 07:44:47,718 [main] INFO  keys.KeyStorage (KeyStorage.java:readPublicKey(174)) - Reading public key from /tmp/junit-3052917412008176063/scm-meta/scm/ca/keys/public.pem.
2025-05-13 07:44:47,718 [main] INFO  keys.KeyStorage (KeyStorage.java:readPrivateKey(158)) - Reading private key from /tmp/junit-3052917412008176063/scm-meta/scm/ca/keys/private.pem.
2025-05-13 07:44:47,719 [main] INFO  client.SCMCertificateClient (SCMCertificateClient.java:configureCSRBuilder(141)) - Creating csr for SCM->hostName:pkrvmberfyhpb9w,scmId:3542b160-3524-44ff-92da-cbafe8793333,clusterId:53ec9346-515c-41e3-8420-11e3d3358789,subject:scm-sub@pkrvmberfyhpb9w
2025-05-13 07:44:47,719 [main] INFO  ozone.OzoneSecurityUtil (OzoneSecurityUtil.java:getValidInetsForCurrentHost(116)) - ip:fe80:0:0:0:222:48ff:fe46:ea58%eth0 not returned.
2025-05-13 07:44:47,721 [main] INFO  ozone.OzoneSecurityUtil (OzoneSecurityUtil.java:getValidInetsForCurrentHost(113)) - Adding ip:10.1.1.24,host:10.1.1.24
2025-05-13 07:44:47,721 [main] INFO  ozone.OzoneSecurityUtil (OzoneSecurityUtil.java:getValidInetsForCurrentHost(116)) - ip:0:0:0:0:0:0:0:1%lo not returned.
2025-05-13 07:44:47,722 [main] INFO  ozone.OzoneSecurityUtil (OzoneSecurityUtil.java:getValidInetsForCurrentHost(116)) - ip:127.0.0.1 not returned.
2025-05-13 07:44:47,724 [main] ERROR utils.CertificateSignRequest (CertificateSignRequest.java:lambda$addInetAddresses$0(316)) - Invalid domain 10.1.1.24
2025-05-13 07:44:47,727 [main] INFO  keys.KeyStorage (KeyStorage.java:readPrivateKey(158)) - Reading private key from /tmp/junit-3052917412008176063/scm-meta/scm/ca/keys/private.pem.
2025-05-13 07:44:47,728 [main] INFO  authority.DefaultApprover (DefaultApprover.java:sign(171)) - Extensions in CSR: 2.5.29.19, 2.5.29.15, 2.5.29.17
2025-05-13 07:44:47,728 [main] INFO  authority.DefaultApprover (DefaultApprover.java:sign(175)) - Extensions to add to the certificate if they present in CSR: 2.5.29.15, 2.5.29.17, 2.5.29.35, 2.5.29.37, 2.5.29.19, 1.3.6.1.5.5.7.1.12
2025-05-13 07:44:47,732 [main] INFO  utils.CertificateCodec (CertificateCodec.java:writeCertificate(239)) - Save certificate to /tmp/junit-3052917412008176063/scm-meta/scm/sub-ca/certs/CA-1.crt
2025-05-13 07:44:47,732 [main] INFO  utils.CertificateCodec (CertificateCodec.java:writeCertificate(240)) - Certificate -----BEGIN CERTIFICATE-----
MIIDwTCCAqmgAwIBAgIBATANBgkqhkiG9w0BAQsFADCBiDEcMBoGA1UEAwwTc2Nt
QHBrcnZtYmVyZnlocGI5dzEtMCsGA1UECwwkMzU0MmIxNjAtMzUyNC00NGZmLTky
ZGEtY2JhZmU4NzkzMzMzMS0wKwYDVQQKDCQ1M2VjOTM0Ni01MTVjLTQxZTMtODQy
MC0xMWUzZDMzNTg3ODkxCjAIBgNVBAUTATEwHhcNMjUwNTEzMDc0NDQ3WhcNMzAw
NjIxMDc0NDQ3WjCBiDEcMBoGA1UEAwwTc2NtQHBrcnZtYmVyZnlocGI5dzEtMCsG
A1UECwwkMzU0MmIxNjAtMzUyNC00NGZmLTkyZGEtY2JhZmU4NzkzMzMzMS0wKwYD
VQQKDCQ1M2VjOTM0Ni01MTVjLTQxZTMtODQyMC0xMWUzZDMzNTg3ODkxCjAIBgNV
BAUTATEwggEiMA0GCSqGSIb3DQEBAQUAA4IBDwAwggEKAoIBAQCt999jv3pSKDwl
l+uXgK0Ce49Vy0FL1M8dU5dAMqSjaBxDftXfWoRW0FsT6nZQV0g6jycoiN1yIkQF
YO6xLamIv3bSF56k18ZV/N9j6YRh7tAbWvVylw2FEOAIyy87Q1QhV5BytZ4VxtKL
rJA/Ll92idrl1cokjpzxa8MlZTBke9U94BXuE52xioJkg/vN3+7wT17yzFdQnFzN
CZWx1fn1BkpNzFLbPMd0FMV10Lfu8SdsfTo0DXJ91YIx4jIpRUuYnS4anqoqV1M3
QTsvntM1W0ZXbiC1CkdMAeRYB2hDFx5u1C8cZpTldwL80lXRk6Jm6kTiBxePK0DY
P3S0jYS3AgMBAAGjNDAyMA8GA1UdEwEB/wQFMAMBAf8wDgYDVR0PAQH/BAQDAgEG
MA8GA1UdEQQIMAaHBAoBARgwDQYJKoZIhvcNAQELBQADggEBAETFiAixxiTwOT/I
Eo/i0TQYr0CcYtpNoyyOVtkKlDqutJE+rOAtCnUvF1TE3kWyL0WbOaO+TjJMdhpi
sOP49f8RmXLa1hsbB+RjBttZhGlZa3e4u2WCB9/rd6xpyhzQ71T0RdIvlNACx06j
9Y5W3QeFeCt+adIwCnN03w4fbO6uBDICP1M/qo1938Oym/lv0cCrOWpkntzEL11d
mp1mUkbxuXT8PSqP5/+5tKpg4Km0PkeN6QrSlzOQy4MwTF9lS0F9BjtFsTsXWTWq
3zq7Pgid+tGWEq/NT/puEsDaY1fJHOQYawvlll9U3uqlDXoS3mj3UtZG3HZoFv2M
AS1bVWM=
-----END CERTIFICATE-----

2025-05-13 07:44:47,733 [main] INFO  utils.CertificateCodec (CertificateCodec.java:writeCertificate(239)) - Save certificate to /tmp/junit-3052917412008176063/scm-meta/scm/sub-ca/certs/2.crt
2025-05-13 07:44:47,733 [main] INFO  utils.CertificateCodec (CertificateCodec.java:writeCertificate(240)) - Certificate -----BEGIN CERTIFICATE-----
MIIDxTCCAq2gAwIBAgIBAjANBgkqhkiG9w0BAQsFADCBiDEcMBoGA1UEAwwTc2Nt
QHBrcnZtYmVyZnlocGI5dzEtMCsGA1UECwwkMzU0MmIxNjAtMzUyNC00NGZmLTky
ZGEtY2JhZmU4NzkzMzMzMS0wKwYDVQQKDCQ1M2VjOTM0Ni01MTVjLTQxZTMtODQy
MC0xMWUzZDMzNTg3ODkxCjAIBgNVBAUTATEwHhcNMjUwNTEzMDc0NDQ3WhcNMzAw
NjIxMDc0NDQ3WjCBjDEgMB4GA1UEAwwXc2NtLXN1YkBwa3J2bWJlcmZ5aHBiOXcx
LTArBgNVBAsMJDM1NDJiMTYwLTM1MjQtNDRmZi05MmRhLWNiYWZlODc5MzMzMzEt
MCsGA1UECgwkNTNlYzkzNDYtNTE1Yy00MWUzLTg0MjAtMTFlM2QzMzU4Nzg5MQow
CAYDVQQFEwEyMIIBIjANBgkqhkiG9w0BAQEFAAOCAQ8AMIIBCgKCAQEA7nW7I5/C
+xXUzSIYW8SSTsSSyP5Ed+qGOPdXpbhgjwaknPgV7lRaa8hwWe1GqsLbUWqtpiZU
DFpbZGo9M//OX3dfwC6a+nq5iD2JfXqtOH0bneRIhwdSpMdP4e2RJ2uJh65B4SgN
MXXd3XVyZq2ElV3Macxrzom+RfBSDXoUOUjRLLe7CJeBkqzM1WXveqvWVppYYslW
03FVzTfECUnu2GgWUAq/VOmAOyk8WFaUROvyS6UEaJUzZrmk5s4cVdbLgOsqTHTC
su/nTQiPcE8hxhkVxr6BQA63tG0e3+sGUPgrgCRPHkEf07JH25fkMbRAmvJY+ZKT
9PYbLhVNgQg5JQIDAQABozQwMjAOBgNVHQ8BAf8EBAMCAb4wDwYDVR0RBAgwBocE
CgEBGDAPBgNVHRMBAf8EBTADAQH/MA0GCSqGSIb3DQEBCwUAA4IBAQAu/dTIqvVS
xyXjD9tpl8x3BXvFCtBwPGkIFSs2Z1Fb1/APDk8Jz4VISctn4dGfs6FUL8MZvqnQ
1qGUNmLh+sPkoXGJwVMDs8KeabGEKeweDhXSVZ1O2eoOSXeVNh+PDTikgpzpPG53
UJk6OoUS9bNFG7CA3BEsJbOiDKNFf6vd9Ns8uptWX0sOFvkgxEWbH68UlHjfNWVh
AT3Y/niw1jmAsX016+YgVDQIF4LNvOcU8S/myuDgxq5bdS4GE22v+DH39TQEXDMn
OQxWygfKlWp+Z52cxLvMMHrmNrieGalltC3pLjNmoMw66FoIp/lqcnSIJQchUhph
30L8oSvwdzOD
-----END CERTIFICATE-----

-----BEGIN CERTIFICATE-----
MIIDwTCCAqmgAwIBAgIBATANBgkqhkiG9w0BAQsFADCBiDEcMBoGA1UEAwwTc2Nt
QHBrcnZtYmVyZnlocGI5dzEtMCsGA1UECwwkMzU0MmIxNjAtMzUyNC00NGZmLTky
ZGEtY2JhZmU4NzkzMzMzMS0wKwYDVQQKDCQ1M2VjOTM0Ni01MTVjLTQxZTMtODQy
MC0xMWUzZDMzNTg3ODkxCjAIBgNVBAUTATEwHhcNMjUwNTEzMDc0NDQ3WhcNMzAw
NjIxMDc0NDQ3WjCBiDEcMBoGA1UEAwwTc2NtQHBrcnZtYmVyZnlocGI5dzEtMCsG
A1UECwwkMzU0MmIxNjAtMzUyNC00NGZmLTkyZGEtY2JhZmU4NzkzMzMzMS0wKwYD
VQQKDCQ1M2VjOTM0Ni01MTVjLTQxZTMtODQyMC0xMWUzZDMzNTg3ODkxCjAIBgNV
BAUTATEwggEiMA0GCSqGSIb3DQEBAQUAA4IBDwAwggEKAoIBAQCt999jv3pSKDwl
l+uXgK0Ce49Vy0FL1M8dU5dAMqSjaBxDftXfWoRW0FsT6nZQV0g6jycoiN1yIkQF
YO6xLamIv3bSF56k18ZV/N9j6YRh7tAbWvVylw2FEOAIyy87Q1QhV5BytZ4VxtKL
rJA/Ll92idrl1cokjpzxa8MlZTBke9U94BXuE52xioJkg/vN3+7wT17yzFdQnFzN
CZWx1fn1BkpNzFLbPMd0FMV10Lfu8SdsfTo0DXJ91YIx4jIpRUuYnS4anqoqV1M3
QTsvntM1W0ZXbiC1CkdMAeRYB2hDFx5u1C8cZpTldwL80lXRk6Jm6kTiBxePK0DY
P3S0jYS3AgMBAAGjNDAyMA8GA1UdEwEB/wQFMAMBAf8wDgYDVR0PAQH/BAQDAgEG
MA8GA1UdEQQIMAaHBAoBARgwDQYJKoZIhvcNAQELBQADggEBAETFiAixxiTwOT/I
Eo/i0TQYr0CcYtpNoyyOVtkKlDqutJE+rOAtCnUvF1TE3kWyL0WbOaO+TjJMdhpi
sOP49f8RmXLa1hsbB+RjBttZhGlZa3e4u2WCB9/rd6xpyhzQ71T0RdIvlNACx06j
9Y5W3QeFeCt+adIwCnN03w4fbO6uBDICP1M/qo1938Oym/lv0cCrOWpkntzEL11d
mp1mUkbxuXT8PSqP5/+5tKpg4Km0PkeN6QrSlzOQy4MwTF9lS0F9BjtFsTsXWTWq
3zq7Pgid+tGWEq/NT/puEsDaY1fJHOQYawvlll9U3uqlDXoS3mj3UtZG3HZoFv2M
AS1bVWM=
-----END CERTIFICATE-----

2025-05-13 07:44:47,733 [main] INFO  utils.CertificateCodec (CertificateCodec.java:writeCertificate(239)) - Save certificate to /tmp/junit-3052917412008176063/scm-meta/scm/sub-ca/certs/certificate.crt
2025-05-13 07:44:47,733 [main] INFO  utils.CertificateCodec (CertificateCodec.java:writeCertificate(240)) - Certificate -----BEGIN CERTIFICATE-----
MIIDxTCCAq2gAwIBAgIBAjANBgkqhkiG9w0BAQsFADCBiDEcMBoGA1UEAwwTc2Nt
QHBrcnZtYmVyZnlocGI5dzEtMCsGA1UECwwkMzU0MmIxNjAtMzUyNC00NGZmLTky
ZGEtY2JhZmU4NzkzMzMzMS0wKwYDVQQKDCQ1M2VjOTM0Ni01MTVjLTQxZTMtODQy
MC0xMWUzZDMzNTg3ODkxCjAIBgNVBAUTATEwHhcNMjUwNTEzMDc0NDQ3WhcNMzAw
NjIxMDc0NDQ3WjCBjDEgMB4GA1UEAwwXc2NtLXN1YkBwa3J2bWJlcmZ5aHBiOXcx
LTArBgNVBAsMJDM1NDJiMTYwLTM1MjQtNDRmZi05MmRhLWNiYWZlODc5MzMzMzEt
MCsGA1UECgwkNTNlYzkzNDYtNTE1Yy00MWUzLTg0MjAtMTFlM2QzMzU4Nzg5MQow
CAYDVQQFEwEyMIIBIjANBgkqhkiG9w0BAQEFAAOCAQ8AMIIBCgKCAQEA7nW7I5/C
+xXUzSIYW8SSTsSSyP5Ed+qGOPdXpbhgjwaknPgV7lRaa8hwWe1GqsLbUWqtpiZU
DFpbZGo9M//OX3dfwC6a+nq5iD2JfXqtOH0bneRIhwdSpMdP4e2RJ2uJh65B4SgN
MXXd3XVyZq2ElV3Macxrzom+RfBSDXoUOUjRLLe7CJeBkqzM1WXveqvWVppYYslW
03FVzTfECUnu2GgWUAq/VOmAOyk8WFaUROvyS6UEaJUzZrmk5s4cVdbLgOsqTHTC
su/nTQiPcE8hxhkVxr6BQA63tG0e3+sGUPgrgCRPHkEf07JH25fkMbRAmvJY+ZKT
9PYbLhVNgQg5JQIDAQABozQwMjAOBgNVHQ8BAf8EBAMCAb4wDwYDVR0RBAgwBocE
CgEBGDAPBgNVHRMBAf8EBTADAQH/MA0GCSqGSIb3DQEBCwUAA4IBAQAu/dTIqvVS
xyXjD9tpl8x3BXvFCtBwPGkIFSs2Z1Fb1/APDk8Jz4VISctn4dGfs6FUL8MZvqnQ
1qGUNmLh+sPkoXGJwVMDs8KeabGEKeweDhXSVZ1O2eoOSXeVNh+PDTikgpzpPG53
UJk6OoUS9bNFG7CA3BEsJbOiDKNFf6vd9Ns8uptWX0sOFvkgxEWbH68UlHjfNWVh
AT3Y/niw1jmAsX016+YgVDQIF4LNvOcU8S/myuDgxq5bdS4GE22v+DH39TQEXDMn
OQxWygfKlWp+Z52cxLvMMHrmNrieGalltC3pLjNmoMw66FoIp/lqcnSIJQchUhph
30L8oSvwdzOD
-----END CERTIFICATE-----

-----BEGIN CERTIFICATE-----
MIIDwTCCAqmgAwIBAgIBATANBgkqhkiG9w0BAQsFADCBiDEcMBoGA1UEAwwTc2Nt
QHBrcnZtYmVyZnlocGI5dzEtMCsGA1UECwwkMzU0MmIxNjAtMzUyNC00NGZmLTky
ZGEtY2JhZmU4NzkzMzMzMS0wKwYDVQQKDCQ1M2VjOTM0Ni01MTVjLTQxZTMtODQy
MC0xMWUzZDMzNTg3ODkxCjAIBgNVBAUTATEwHhcNMjUwNTEzMDc0NDQ3WhcNMzAw
NjIxMDc0NDQ3WjCBiDEcMBoGA1UEAwwTc2NtQHBrcnZtYmVyZnlocGI5dzEtMCsG
A1UECwwkMzU0MmIxNjAtMzUyNC00NGZmLTkyZGEtY2JhZmU4NzkzMzMzMS0wKwYD
VQQKDCQ1M2VjOTM0Ni01MTVjLTQxZTMtODQyMC0xMWUzZDMzNTg3ODkxCjAIBgNV
BAUTATEwggEiMA0GCSqGSIb3DQEBAQUAA4IBDwAwggEKAoIBAQCt999jv3pSKDwl
l+uXgK0Ce49Vy0FL1M8dU5dAMqSjaBxDftXfWoRW0FsT6nZQV0g6jycoiN1yIkQF
YO6xLamIv3bSF56k18ZV/N9j6YRh7tAbWvVylw2FEOAIyy87Q1QhV5BytZ4VxtKL
rJA/Ll92idrl1cokjpzxa8MlZTBke9U94BXuE52xioJkg/vN3+7wT17yzFdQnFzN
CZWx1fn1BkpNzFLbPMd0FMV10Lfu8SdsfTo0DXJ91YIx4jIpRUuYnS4anqoqV1M3
QTsvntM1W0ZXbiC1CkdMAeRYB2hDFx5u1C8cZpTldwL80lXRk6Jm6kTiBxePK0DY
P3S0jYS3AgMBAAGjNDAyMA8GA1UdEwEB/wQFMAMBAf8wDgYDVR0PAQH/BAQDAgEG
MA8GA1UdEQQIMAaHBAoBARgwDQYJKoZIhvcNAQELBQADggEBAETFiAixxiTwOT/I
Eo/i0TQYr0CcYtpNoyyOVtkKlDqutJE+rOAtCnUvF1TE3kWyL0WbOaO+TjJMdhpi
sOP49f8RmXLa1hsbB+RjBttZhGlZa3e4u2WCB9/rd6xpyhzQ71T0RdIvlNACx06j
9Y5W3QeFeCt+adIwCnN03w4fbO6uBDICP1M/qo1938Oym/lv0cCrOWpkntzEL11d
mp1mUkbxuXT8PSqP5/+5tKpg4Km0PkeN6QrSlzOQy4MwTF9lS0F9BjtFsTsXWTWq
3zq7Pgid+tGWEq/NT/puEsDaY1fJHOQYawvlll9U3uqlDXoS3mj3UtZG3HZoFv2M
AS1bVWM=
-----END CERTIFICATE-----

2025-05-13 07:44:47,733 [main] INFO  client.SCMCertificateClient (SCMCertificateClient.java:recoverStateIfNeeded(289)) - Successfully stored SCM signed certificate.
2025-05-13 07:44:47,735 [main] INFO  ha.SCMHANodeDetails (SCMHANodeDetails.java:loadSCMHAConfig(162)) - ServiceID for StorageContainerManager is null
2025-05-13 07:44:47,735 [main] INFO  ha.SCMHANodeDetails (SCMHANodeDetails.java:loadSCMHAConfig(166)) - ozone.scm.default.service.id is not defined, falling back to ozone.scm.service.ids to find serviceID for StorageContainerManager if it is HA enabled cluster
2025-05-13 07:44:47,736 [main] INFO  server.RaftServerConfigKeys (ConfUtils.java:logGet(46)) - raft.server.log.appender.buffer.byte-limit = 4194304 (custom)
2025-05-13 07:44:47,737 [main] INFO  server.RaftServer (ConfUtils.java:logGet(46)) - raft.rpc.type = GRPC (default)
2025-05-13 07:44:47,738 [main] INFO  grpc.GrpcConfigKeys (ConfUtils.java:logFallback(53)) - raft.grpc.admin.host = null (fallback to raft.grpc.server.host)
2025-05-13 07:44:47,738 [main] INFO  grpc.GrpcConfigKeys (ConfUtils.java:logFallback(53)) - raft.grpc.admin.port = 15053 (fallback to raft.grpc.server.port)
2025-05-13 07:44:47,738 [main] INFO  grpc.GrpcConfigKeys (ConfUtils.java:logFallback(53)) - raft.grpc.client.host = null (fallback to raft.grpc.server.host)
2025-05-13 07:44:47,738 [main] INFO  grpc.GrpcConfigKeys (ConfUtils.java:logFallback(53)) - raft.grpc.client.port = 15053 (fallback to raft.grpc.server.port)
2025-05-13 07:44:47,738 [main] INFO  grpc.GrpcConfigKeys (ConfUtils.java:logGet(46)) - raft.grpc.server.host = null (default)
2025-05-13 07:44:47,738 [main] INFO  grpc.GrpcConfigKeys (ConfUtils.java:logGet(46)) - raft.grpc.server.port = 15053 (custom)
2025-05-13 07:44:47,738 [main] INFO  server.GrpcService (ConfUtils.java:logGet(46)) - raft.grpc.message.size.max = 5242880 (custom)
2025-05-13 07:44:47,738 [main] INFO  server.GrpcService (ConfUtils.java:logGet(46)) - raft.grpc.flow.control.window = 1MB (=1048576) (default)
2025-05-13 07:44:47,738 [main] INFO  server.RaftServerConfigKeys (ConfUtils.java:logGet(46)) - raft.server.rpc.request.timeout = 30000ms (custom)
2025-05-13 07:44:47,739 [main] INFO  grpc.GrpcConfigKeys (ConfUtils.java:logGet(46)) - raft.grpc.server.heartbeat.channel = true (default)
2025-05-13 07:44:47,739 [main] INFO  server.RaftServerConfigKeys (ConfUtils.java:logGet(46)) - raft.server.log.appender.buffer.byte-limit = 4194304 (custom)
2025-05-13 07:44:47,739 [main] INFO  grpc.GrpcConfigKeys (ConfUtils.java:logGet(46)) - raft.grpc.server.async.request.thread.pool.cached = true (default)
2025-05-13 07:44:47,739 [main] INFO  grpc.GrpcConfigKeys (ConfUtils.java:logGet(46)) - raft.grpc.server.async.request.thread.pool.size = 32 (default)
2025-05-13 07:44:47,740 [main] INFO  impl.DataStreamServerImpl (ConfUtils.java:logGet(46)) - raft.datastream.type = DISABLED (default)
2025-05-13 07:44:47,740 [main] INFO  server.RaftServerConfigKeys (ConfUtils.java:logGet(46)) - raft.server.sleep.deviation.threshold = 300ms (default)
2025-05-13 07:44:47,740 [main] INFO  server.RaftServerConfigKeys (ConfUtils.java:logGet(46)) - raft.server.close.threshold = 60s (default)
2025-05-13 07:44:47,740 [main] INFO  server.RaftServerConfigKeys (ConfUtils.java:logGet(46)) - raft.server.leaderelection.leader.step-down.wait-time = 10s (default)
2025-05-13 07:44:47,740 [main] INFO  server.RaftServerConfigKeys (ConfUtils.java:logGet(46)) - raft.server.storage.dir = [/tmp/junit-3052917412008176063/scm-meta/scm-ha] (custom)
2025-05-13 07:44:47,741 [main] INFO  server.RaftServerConfigKeys (ConfUtils.java:logGet(46)) - raft.server.threadpool.proxy.cached = true (default)
2025-05-13 07:44:47,741 [main] INFO  server.RaftServerConfigKeys (ConfUtils.java:logGet(46)) - raft.server.threadpool.proxy.size = 0 (default)
2025-05-13 07:44:47,741 [main] INFO  server.RaftServer (RaftServerProxy.java:addNew(100)) - 3542b160-3524-44ff-92da-cbafe8793333: addNew group-11E3D3358789:[3542b160-3524-44ff-92da-cbafe8793333|pkrvmberfyhpb9w:15053] returns group-11E3D3358789:java.util.concurrent.CompletableFuture@585444b[Not completed]
2025-05-13 07:44:47,742 [3542b160-3524-44ff-92da-cbafe8793333-groupManagement] INFO  server.RaftServer$Division (RaftServerImpl.java:<init>(255)) - 3542b160-3524-44ff-92da-cbafe8793333: new RaftServerImpl for group-11E3D3358789:[3542b160-3524-44ff-92da-cbafe8793333|pkrvmberfyhpb9w:15053] with SCMStateMachine:uninitialized
2025-05-13 07:44:47,742 [3542b160-3524-44ff-92da-cbafe8793333-groupManagement] INFO  server.RaftServerConfigKeys (ConfUtils.java:logGet(46)) - raft.server.rpc.timeout.min = 5000ms (custom)
2025-05-13 07:44:47,742 [3542b160-3524-44ff-92da-cbafe8793333-groupManagement] INFO  server.RaftServerConfigKeys (ConfUtils.java:logGet(46)) - raft.server.rpc.timeout.max = 5200ms (custom)
2025-05-13 07:44:47,742 [3542b160-3524-44ff-92da-cbafe8793333-groupManagement] INFO  server.RaftServerConfigKeys (ConfUtils.java:logGet(46)) - raft.server.rpc.sleep.time = 25ms (default)
2025-05-13 07:44:47,742 [3542b160-3524-44ff-92da-cbafe8793333-groupManagement] INFO  server.RaftServerConfigKeys (ConfUtils.java:logGet(46)) - raft.server.rpc.slowness.timeout = 120000ms (custom)
2025-05-13 07:44:47,742 [3542b160-3524-44ff-92da-cbafe8793333-groupManagement] INFO  server.RaftServerConfigKeys (ConfUtils.java:logGet(46)) - raft.server.leaderelection.leader.step-down.wait-time = 10s (default)
2025-05-13 07:44:47,742 [3542b160-3524-44ff-92da-cbafe8793333-groupManagement] INFO  server.RaftServerConfigKeys (ConfUtils.java:logGet(46)) - raft.server.leaderelection.member.majority-add = false (default)
2025-05-13 07:44:47,742 [3542b160-3524-44ff-92da-cbafe8793333-groupManagement] INFO  server.RaftServerConfigKeys (ConfUtils.java:logGet(46)) - raft.server.sleep.deviation.threshold = 300ms (default)
2025-05-13 07:44:47,742 [3542b160-3524-44ff-92da-cbafe8793333-groupManagement] INFO  server.RaftServer$Division (ServerState.java:<init>(114)) - 3542b160-3524-44ff-92da-cbafe8793333@group-11E3D3358789: ConfigurationManager, init=conf: {index: -1, cur=peers:[3542b160-3524-44ff-92da-cbafe8793333|pkrvmberfyhpb9w:15053]|listeners:[], old=null}, confs=<EMPTY_MAP>
2025-05-13 07:44:47,742 [3542b160-3524-44ff-92da-cbafe8793333-groupManagement] INFO  server.RaftServerConfigKeys (ConfUtils.java:logGet(46)) - raft.server.notification.no-leader.timeout = 60s (default)
2025-05-13 07:44:47,742 [3542b160-3524-44ff-92da-cbafe8793333-groupManagement] INFO  server.RaftServerConfigKeys (ConfUtils.java:logGet(46)) - raft.server.read.timeout = 10s (default)
2025-05-13 07:44:47,742 [3542b160-3524-44ff-92da-cbafe8793333-groupManagement] INFO  server.RaftServerConfigKeys (ConfUtils.java:logGet(46)) - raft.server.retrycache.expirytime = 60000ms (default)
2025-05-13 07:44:47,742 [3542b160-3524-44ff-92da-cbafe8793333-groupManagement] INFO  server.RaftServerConfigKeys (ConfUtils.java:logGet(46)) - raft.server.retrycache.statistics.expirytime = 100ms (default)
2025-05-13 07:44:47,742 [3542b160-3524-44ff-92da-cbafe8793333-groupManagement] INFO  server.RaftServerConfigKeys (ConfUtils.java:logGet(46)) - raft.server.read.option = DEFAULT (default)
2025-05-13 07:44:47,742 [3542b160-3524-44ff-92da-cbafe8793333-groupManagement] INFO  server.RaftServerConfigKeys (ConfUtils.java:logGet(46)) - raft.server.read.read-after-write-consistent.write-index-cache.expiry-time = 60s (default)
2025-05-13 07:44:47,746 [3542b160-3524-44ff-92da-cbafe8793333-groupManagement] INFO  server.RaftServerConfigKeys (ConfUtils.java:logGet(46)) - raft.server.rpc.request.timeout = 30000ms (custom)
2025-05-13 07:44:47,746 [3542b160-3524-44ff-92da-cbafe8793333-groupManagement] INFO  server.RaftServerConfigKeys (ConfUtils.java:logGet(46)) - raft.server.log.appender.install.snapshot.enabled = false (custom)
2025-05-13 07:44:47,746 [3542b160-3524-44ff-92da-cbafe8793333-groupManagement] INFO  server.RaftServerConfigKeys (ConfUtils.java:logGet(46)) - raft.server.threadpool.server.cached = true (default)
2025-05-13 07:44:47,746 [3542b160-3524-44ff-92da-cbafe8793333-groupManagement] INFO  server.RaftServerConfigKeys (ConfUtils.java:logGet(46)) - raft.server.threadpool.server.size = 0 (default)
2025-05-13 07:44:47,746 [3542b160-3524-44ff-92da-cbafe8793333-groupManagement] INFO  server.RaftServerConfigKeys (ConfUtils.java:logGet(46)) - raft.server.threadpool.client.cached = true (default)
2025-05-13 07:44:47,746 [3542b160-3524-44ff-92da-cbafe8793333-groupManagement] INFO  server.RaftServerConfigKeys (ConfUtils.java:logGet(46)) - raft.server.threadpool.client.size = 0 (default)
2025-05-13 07:44:47,746 [3542b160-3524-44ff-92da-cbafe8793333-impl-thread1] INFO  server.RaftServerConfigKeys (ConfUtils.java:logGet(46)) - raft.server.storage.free-space.min = 0MB (=0) (default)
2025-05-13 07:44:47,746 [3542b160-3524-44ff-92da-cbafe8793333-impl-thread1] INFO  server.RaftServerConfigKeys (ConfUtils.java:logGet(46)) - raft.server.log.corruption.policy = EXCEPTION (default)
2025-05-13 07:44:47,746 [3542b160-3524-44ff-92da-cbafe8793333-impl-thread1] INFO  server.RaftServerConfigKeys (ConfUtils.java:logGet(46)) - raft.server.storage.dir = [/tmp/junit-3052917412008176063/scm-meta/scm-ha] (custom)
2025-05-13 07:44:47,746 [3542b160-3524-44ff-92da-cbafe8793333-impl-thread1] INFO  storage.RaftStorageDirectory (RaftStorageDirectoryImpl.java:analyzeStorage(138)) - The storage directory /tmp/junit-3052917412008176063/scm-meta/scm-ha/53ec9346-515c-41e3-8420-11e3d3358789 does not exist. Creating ...
2025-05-13 07:44:47,747 [3542b160-3524-44ff-92da-cbafe8793333-impl-thread1] INFO  storage.RaftStorageDirectory (RaftStorageDirectoryImpl.java:tryLock(229)) - Lock on /tmp/junit-3052917412008176063/scm-meta/scm-ha/53ec9346-515c-41e3-8420-11e3d3358789/in_use.lock acquired by nodename 25269@pkrvmberfyhpb9w
2025-05-13 07:44:47,749 [3542b160-3524-44ff-92da-cbafe8793333-impl-thread1] INFO  storage.RaftStorage (RaftStorageImpl.java:format(98)) - Storage directory /tmp/junit-3052917412008176063/scm-meta/scm-ha/53ec9346-515c-41e3-8420-11e3d3358789 has been successfully formatted.
2025-05-13 07:44:47,749 [3542b160-3524-44ff-92da-cbafe8793333-impl-thread1] INFO  ha.SCMStateMachine (SCMStateMachine.java:lambda$initialize$0(135)) - 3542b160-3524-44ff-92da-cbafe8793333: initialize group-11E3D3358789
2025-05-13 07:44:47,749 [3542b160-3524-44ff-92da-cbafe8793333-impl-thread1] INFO  server.RaftServerConfigKeys (ConfUtils.java:logGet(46)) - raft.server.log.use.memory = false (default)
2025-05-13 07:44:47,749 [3542b160-3524-44ff-92da-cbafe8793333-impl-thread1] INFO  server.RaftServerConfigKeys (ConfUtils.java:logGet(46)) - raft.server.log.purge.gap = 1000000 (custom)
2025-05-13 07:44:47,749 [3542b160-3524-44ff-92da-cbafe8793333-impl-thread1] INFO  server.RaftServerConfigKeys (ConfUtils.java:logGet(46)) - raft.server.log.appender.buffer.byte-limit = 4194304 (custom)
2025-05-13 07:44:47,749 [3542b160-3524-44ff-92da-cbafe8793333-impl-thread1] INFO  server.RaftServerConfigKeys (ConfUtils.java:logGet(46)) - raft.server.log.statemachine.data.read.timeout = 1000ms (default)
2025-05-13 07:44:47,749 [3542b160-3524-44ff-92da-cbafe8793333-impl-thread1] INFO  server.RaftServerConfigKeys (ConfUtils.java:logGet(46)) - raft.server.log.purge.preservation.log.num = 0 (default)
2025-05-13 07:44:47,751 [3542b160-3524-44ff-92da-cbafe8793333-impl-thread1] INFO  server.RaftServerConfigKeys (ConfUtils.java:logGet(46)) - raft.server.log.segment.size.max = 4194304 (custom)
2025-05-13 07:44:47,751 [3542b160-3524-44ff-92da-cbafe8793333-impl-thread1] INFO  server.RaftServerConfigKeys (ConfUtils.java:logGet(46)) - raft.server.log.segment.cache.num.max = 2 (custom)
2025-05-13 07:44:47,751 [3542b160-3524-44ff-92da-cbafe8793333-impl-thread1] INFO  server.RaftServerConfigKeys (ConfUtils.java:logGet(46)) - raft.server.log.segment.cache.size.max = 200MB (=209715200) (default)
2025-05-13 07:44:47,751 [3542b160-3524-44ff-92da-cbafe8793333-impl-thread1] INFO  server.RaftServerConfigKeys (ConfUtils.java:logGet(46)) - raft.server.log.appender.buffer.byte-limit = 4194304 (custom)
2025-05-13 07:44:47,751 [3542b160-3524-44ff-92da-cbafe8793333-impl-thread1] INFO  util.AwaitToRun (AwaitToRun.java:start(81)) - Thread[#1954,3542b160-3524-44ff-92da-cbafe8793333@group-11E3D3358789-cacheEviction-AwaitToRun,5,main] started
2025-05-13 07:44:47,751 [3542b160-3524-44ff-92da-cbafe8793333-impl-thread1] INFO  segmented.SegmentedRaftLogWorker (SegmentedRaftLogWorker.java:<init>(188)) - new 3542b160-3524-44ff-92da-cbafe8793333@group-11E3D3358789-SegmentedRaftLogWorker for RaftStorageImpl:Storage Directory /tmp/junit-3052917412008176063/scm-meta/scm-ha/53ec9346-515c-41e3-8420-11e3d3358789
2025-05-13 07:44:47,751 [3542b160-3524-44ff-92da-cbafe8793333-impl-thread1] INFO  server.RaftServerConfigKeys (ConfUtils.java:logGet(46)) - raft.server.log.queue.byte-limit = 64MB (=67108864) (default)
2025-05-13 07:44:47,751 [3542b160-3524-44ff-92da-cbafe8793333-impl-thread1] INFO  server.RaftServerConfigKeys (ConfUtils.java:logGet(46)) - raft.server.log.queue.element-limit = 4096 (default)
2025-05-13 07:44:47,751 [3542b160-3524-44ff-92da-cbafe8793333-impl-thread1] INFO  server.RaftServerConfigKeys (ConfUtils.java:logGet(46)) - raft.server.log.segment.size.max = 4194304 (custom)
2025-05-13 07:44:47,751 [3542b160-3524-44ff-92da-cbafe8793333-impl-thread1] INFO  server.RaftServerConfigKeys (ConfUtils.java:logGet(46)) - raft.server.log.preallocated.size = 4194304 (custom)
2025-05-13 07:44:47,752 [3542b160-3524-44ff-92da-cbafe8793333-impl-thread1] INFO  server.RaftServerConfigKeys (ConfUtils.java:logGet(46)) - raft.server.log.force.sync.num = 128 (default)
2025-05-13 07:44:47,752 [3542b160-3524-44ff-92da-cbafe8793333-impl-thread1] INFO  server.RaftServerConfigKeys (ConfUtils.java:logGet(46)) - raft.server.log.statemachine.data.sync = true (default)
2025-05-13 07:44:47,752 [3542b160-3524-44ff-92da-cbafe8793333-impl-thread1] INFO  server.RaftServerConfigKeys (ConfUtils.java:logGet(46)) - raft.server.log.statemachine.data.sync.timeout = 10s (default)
2025-05-13 07:44:47,752 [3542b160-3524-44ff-92da-cbafe8793333-impl-thread1] INFO  server.RaftServerConfigKeys (ConfUtils.java:logGet(46)) - raft.server.log.statemachine.data.sync.timeout.retry = -1 (default)
2025-05-13 07:44:47,752 [3542b160-3524-44ff-92da-cbafe8793333-impl-thread1] INFO  server.RaftServerConfigKeys (ConfUtils.java:logGet(46)) - raft.server.log.write.buffer.size = 4194312 (custom)
2025-05-13 07:44:47,752 [3542b160-3524-44ff-92da-cbafe8793333-impl-thread1] INFO  server.RaftServerConfigKeys (ConfUtils.java:logGet(46)) - raft.server.log.appender.buffer.byte-limit = 4194304 (custom)
2025-05-13 07:44:47,752 [3542b160-3524-44ff-92da-cbafe8793333-impl-thread1] INFO  server.RaftServerConfigKeys (ConfUtils.java:logGet(46)) - raft.server.log.unsafe-flush.enabled = false (default)
2025-05-13 07:44:47,752 [3542b160-3524-44ff-92da-cbafe8793333-impl-thread1] INFO  server.RaftServerConfigKeys (ConfUtils.java:logGet(46)) - raft.server.log.async-flush.enabled = false (default)
2025-05-13 07:44:47,752 [3542b160-3524-44ff-92da-cbafe8793333-impl-thread1] INFO  server.RaftServerConfigKeys (ConfUtils.java:logGet(46)) - raft.server.log.statemachine.data.caching.enabled = false (default)
2025-05-13 07:44:47,753 [3542b160-3524-44ff-92da-cbafe8793333-impl-thread1] INFO  segmented.SegmentedRaftLogWorker (SegmentedRaftLogWorker.java:lambda$new$0(139)) - 3542b160-3524-44ff-92da-cbafe8793333@group-11E3D3358789-SegmentedRaftLogWorker: flushIndex: setUnconditionally 0 -> -1
2025-05-13 07:44:47,753 [3542b160-3524-44ff-92da-cbafe8793333-impl-thread1] INFO  segmented.SegmentedRaftLogWorker (SegmentedRaftLogWorker.java:lambda$new$0(139)) - 3542b160-3524-44ff-92da-cbafe8793333@group-11E3D3358789-SegmentedRaftLogWorker: safeCacheEvictIndex: setUnconditionally 0 -> -1
2025-05-13 07:44:47,753 [3542b160-3524-44ff-92da-cbafe8793333-impl-thread1] INFO  server.RaftServer$Division (RaftServerImpl.java:start(391)) - 3542b160-3524-44ff-92da-cbafe8793333@group-11E3D3358789: start as a follower, conf=conf: {index: -1, cur=peers:[3542b160-3524-44ff-92da-cbafe8793333|pkrvmberfyhpb9w:15053]|listeners:[], old=null}
2025-05-13 07:44:47,753 [3542b160-3524-44ff-92da-cbafe8793333-impl-thread1] INFO  server.RaftServer$Division (RaftServerImpl.java:setRole(378)) - 3542b160-3524-44ff-92da-cbafe8793333@group-11E3D3358789: changes role from      null to FOLLOWER at term 0 for startAsFollower
2025-05-13 07:44:47,753 [3542b160-3524-44ff-92da-cbafe8793333-impl-thread1] INFO  impl.RoleInfo (RoleInfo.java:updateAndGet(148)) - 3542b160-3524-44ff-92da-cbafe8793333: start 3542b160-3524-44ff-92da-cbafe8793333@group-11E3D3358789-FollowerState
2025-05-13 07:44:47,753 [3542b160-3524-44ff-92da-cbafe8793333-impl-thread1] INFO  util.JmxRegister (JmxRegister.java:tryRegister(44)) - Successfully registered JMX Bean with object name Ratis:service=RaftServer,group=group-11E3D3358789,id=3542b160-3524-44ff-92da-cbafe8793333
2025-05-13 07:44:47,754 [3542b160-3524-44ff-92da-cbafe8793333-impl-thread1] INFO  util.JmxRegister (JmxRegister.java:register(58)) - register mxBean class org.apache.ratis.server.impl.RaftServerJmxAdapter as Ratis:service=RaftServer,group=group-11E3D3358789,id=3542b160-3524-44ff-92da-cbafe8793333
2025-05-13 07:44:47,754 [3542b160-3524-44ff-92da-cbafe8793333-impl-thread1] INFO  server.RaftServerConfigKeys (ConfUtils.java:logGet(46)) - raft.server.snapshot.trigger-when-stop.enabled = true (default)
2025-05-13 07:44:47,754 [3542b160-3524-44ff-92da-cbafe8793333-impl-thread1] INFO  server.RaftServerConfigKeys (ConfUtils.java:logGet(46)) - raft.server.snapshot.trigger-when-remove.enabled = true (default)
2025-05-13 07:44:47,754 [3542b160-3524-44ff-92da-cbafe8793333-impl-thread1] INFO  server.RaftServerConfigKeys (ConfUtils.java:logGet(46)) - raft.server.snapshot.auto.trigger.enabled = true (custom)
2025-05-13 07:44:47,754 [3542b160-3524-44ff-92da-cbafe8793333-impl-thread1] INFO  server.RaftServerConfigKeys (ConfUtils.java:logGet(46)) - raft.server.snapshot.auto.trigger.threshold = 1000 (custom)
2025-05-13 07:44:47,754 [3542b160-3524-44ff-92da-cbafe8793333-impl-thread1] INFO  server.RaftServerConfigKeys (ConfUtils.java:logGet(46)) - raft.server.snapshot.retention.file.num = -1 (default)
2025-05-13 07:44:47,754 [3542b160-3524-44ff-92da-cbafe8793333-impl-thread1] INFO  server.RaftServerConfigKeys (ConfUtils.java:logGet(46)) - raft.server.log.purge.upto.snapshot.index = false (default)
2025-05-13 07:44:47,754 [3542b160-3524-44ff-92da-cbafe8793333@group-11E3D3358789-FollowerState] INFO  server.RaftServerConfigKeys (ConfUtils.java:logFallback(53)) - raft.server.rpc.first-election.timeout.min = 5000ms (fallback to raft.server.rpc.timeout.min)
2025-05-13 07:44:47,754 [3542b160-3524-44ff-92da-cbafe8793333@group-11E3D3358789-FollowerState] INFO  server.RaftServerConfigKeys (ConfUtils.java:logFallback(53)) - raft.server.rpc.first-election.timeout.max = 5200ms (fallback to raft.server.rpc.timeout.max)
2025-05-13 07:44:47,755 [3542b160-3524-44ff-92da-cbafe8793333-impl-thread1] INFO  server.RaftServer$Division (RaftServerImpl.java:start(405)) - 3542b160-3524-44ff-92da-cbafe8793333@group-11E3D3358789: Successfully started.
2025-05-13 07:44:47,755 [main] INFO  server.RaftServer (RaftServerProxy.java:startImpl(407)) - 3542b160-3524-44ff-92da-cbafe8793333: start RPC server
2025-05-13 07:44:47,756 [main] INFO  server.GrpcService (GrpcService.java:startImpl(334)) - 3542b160-3524-44ff-92da-cbafe8793333: GrpcService started, listening on 15053
2025-05-13 07:44:47,757 [JvmPauseMonitor10] INFO  util.JvmPauseMonitor (JvmPauseMonitor.java:run(146)) - JvmPauseMonitor-3542b160-3524-44ff-92da-cbafe8793333: Started
2025-05-13 07:44:49,198 [om1-om-CertificateRenewerService] INFO  retry.RetryInvocationHandler (RetryInvocationHandler.java:log(426)) - com.google.protobuf.ServiceException: java.net.ConnectException: Call From pkrvmberfyhpb9w/10.1.0.101 to localhost:15024 failed on connection exception: java.net.ConnectException: Connection refused; For more details see:  http://wiki.apache.org/hadoop/ConnectionRefused, while invoking $Proxy45.submitRequest over nodeId=scmNodeId,nodeAddress=localhost/127.0.0.1:15024 after 41 failover attempts. Trying to failover after sleeping for 2000ms. Current retry count: 41.
2025-05-13 07:44:51,199 [om1-om-CertificateRenewerService] INFO  retry.RetryInvocationHandler (RetryInvocationHandler.java:log(426)) - com.google.protobuf.ServiceException: java.net.ConnectException: Call From pkrvmberfyhpb9w/10.1.0.101 to localhost:15024 failed on connection exception: java.net.ConnectException: Connection refused; For more details see:  http://wiki.apache.org/hadoop/ConnectionRefused, while invoking $Proxy45.submitRequest over nodeId=scmNodeId,nodeAddress=localhost/127.0.0.1:15024 after 42 failover attempts. Trying to failover after sleeping for 2000ms. Current retry count: 42.
2025-05-13 07:44:52,784 [3542b160-3524-44ff-92da-cbafe8793333@group-11E3D3358789-FollowerState] INFO  impl.FollowerState (FollowerState.java:runImpl(161)) - 3542b160-3524-44ff-92da-cbafe8793333@group-11E3D3358789-FollowerState: change to CANDIDATE, lastRpcElapsedTime:5031325150ns, electionTimeout:5030ms
2025-05-13 07:44:52,785 [3542b160-3524-44ff-92da-cbafe8793333@group-11E3D3358789-FollowerState] INFO  impl.RoleInfo (RoleInfo.java:shutdownFollowerState(121)) - 3542b160-3524-44ff-92da-cbafe8793333: shutdown 3542b160-3524-44ff-92da-cbafe8793333@group-11E3D3358789-FollowerState
2025-05-13 07:44:52,785 [3542b160-3524-44ff-92da-cbafe8793333@group-11E3D3358789-FollowerState] INFO  server.RaftServer$Division (RaftServerImpl.java:setRole(378)) - 3542b160-3524-44ff-92da-cbafe8793333@group-11E3D3358789: changes role from  FOLLOWER to CANDIDATE at term 0 for changeToCandidate
2025-05-13 07:44:52,785 [3542b160-3524-44ff-92da-cbafe8793333@group-11E3D3358789-FollowerState] INFO  server.RaftServerConfigKeys (ConfUtils.java:logGet(46)) - raft.server.leaderelection.pre-vote = true (default)
2025-05-13 07:44:52,785 [3542b160-3524-44ff-92da-cbafe8793333@group-11E3D3358789-FollowerState] INFO  impl.RoleInfo (RoleInfo.java:updateAndGet(148)) - 3542b160-3524-44ff-92da-cbafe8793333: start 3542b160-3524-44ff-92da-cbafe8793333@group-11E3D3358789-LeaderElection8
2025-05-13 07:44:52,785 [3542b160-3524-44ff-92da-cbafe8793333@group-11E3D3358789-LeaderElection8] INFO  impl.LeaderElection (LeaderElection.java:askForVotes(332)) - 3542b160-3524-44ff-92da-cbafe8793333@group-11E3D3358789-LeaderElection8 PRE_VOTE round 0: submit vote requests at term 0 for conf: {index: -1, cur=peers:[3542b160-3524-44ff-92da-cbafe8793333|pkrvmberfyhpb9w:15053]|listeners:[], old=null}
2025-05-13 07:44:52,785 [3542b160-3524-44ff-92da-cbafe8793333@group-11E3D3358789-LeaderElection8] INFO  impl.LeaderElection (LeaderElection.java:askForVotes(334)) - 3542b160-3524-44ff-92da-cbafe8793333@group-11E3D3358789-LeaderElection8 PRE_VOTE round 0: result PASSED (term=0)
2025-05-13 07:44:52,787 [3542b160-3524-44ff-92da-cbafe8793333@group-11E3D3358789-LeaderElection8] INFO  impl.LeaderElection (LeaderElection.java:askForVotes(332)) - 3542b160-3524-44ff-92da-cbafe8793333@group-11E3D3358789-LeaderElection8 ELECTION round 0: submit vote requests at term 1 for conf: {index: -1, cur=peers:[3542b160-3524-44ff-92da-cbafe8793333|pkrvmberfyhpb9w:15053]|listeners:[], old=null}
2025-05-13 07:44:52,787 [3542b160-3524-44ff-92da-cbafe8793333@group-11E3D3358789-LeaderElection8] INFO  impl.LeaderElection (LeaderElection.java:askForVotes(334)) - 3542b160-3524-44ff-92da-cbafe8793333@group-11E3D3358789-LeaderElection8 ELECTION round 0: result PASSED (term=1)
2025-05-13 07:44:52,787 [3542b160-3524-44ff-92da-cbafe8793333@group-11E3D3358789-LeaderElection8] INFO  impl.RoleInfo (RoleInfo.java:shutdownLeaderElection(141)) - 3542b160-3524-44ff-92da-cbafe8793333: shutdown 3542b160-3524-44ff-92da-cbafe8793333@group-11E3D3358789-LeaderElection8
2025-05-13 07:44:52,787 [3542b160-3524-44ff-92da-cbafe8793333@group-11E3D3358789-LeaderElection8] INFO  server.RaftServer$Division (RaftServerImpl.java:setRole(378)) - 3542b160-3524-44ff-92da-cbafe8793333@group-11E3D3358789: changes role from CANDIDATE to LEADER at term 1 for changeToLeader
2025-05-13 07:44:52,787 [3542b160-3524-44ff-92da-cbafe8793333@group-11E3D3358789-LeaderElection8] INFO  server.RaftServerConfigKeys (ConfUtils.java:logGet(46)) - raft.server.staging.catchup.gap = 1000 (default)
2025-05-13 07:44:52,787 [3542b160-3524-44ff-92da-cbafe8793333@group-11E3D3358789-LeaderElection8] INFO  server.RaftServerConfigKeys (ConfUtils.java:logGet(46)) - raft.server.write.element-limit = 4096 (default)
2025-05-13 07:44:52,788 [3542b160-3524-44ff-92da-cbafe8793333@group-11E3D3358789-LeaderElection8] INFO  server.RaftServerConfigKeys (ConfUtils.java:logGet(46)) - raft.server.write.byte-limit = 64MB (=67108864) (default)
2025-05-13 07:44:52,788 [3542b160-3524-44ff-92da-cbafe8793333@group-11E3D3358789-LeaderElection8] INFO  server.RaftServerConfigKeys (ConfUtils.java:logGet(46)) - raft.server.watch.timeout = 10s (default)
2025-05-13 07:44:52,788 [3542b160-3524-44ff-92da-cbafe8793333@group-11E3D3358789-LeaderElection8] INFO  server.RaftServerConfigKeys (ConfUtils.java:logGet(46)) - raft.server.watch.timeout.denomination = 1s (default)
2025-05-13 07:44:52,788 [3542b160-3524-44ff-92da-cbafe8793333@group-11E3D3358789-LeaderElection8] INFO  server.RaftServerConfigKeys (ConfUtils.java:logGet(46)) - raft.server.watch.element-limit = 65536 (default)
2025-05-13 07:44:52,788 [3542b160-3524-44ff-92da-cbafe8793333@group-11E3D3358789-LeaderElection8] INFO  server.RaftServerConfigKeys (ConfUtils.java:logGet(46)) - raft.server.read.leader.lease.enabled = false (default)
2025-05-13 07:44:52,788 [3542b160-3524-44ff-92da-cbafe8793333@group-11E3D3358789-LeaderElection8] INFO  server.RaftServerConfigKeys (ConfUtils.java:logGet(46)) - raft.server.read.leader.lease.timeout.ratio = 0.9 (default)
2025-05-13 07:44:52,788 [3542b160-3524-44ff-92da-cbafe8793333@group-11E3D3358789-LeaderElection8] INFO  server.RaftServerConfigKeys (ConfUtils.java:logGet(46)) - raft.server.rpc.timeout.min = 5000ms (custom)
2025-05-13 07:44:52,788 [3542b160-3524-44ff-92da-cbafe8793333@group-11E3D3358789-LeaderElection8] INFO  server.RaftServerConfigKeys (ConfUtils.java:logGet(46)) - raft.server.log.log-metadata.enabled = true (default)
2025-05-13 07:44:52,788 [3542b160-3524-44ff-92da-cbafe8793333@group-11E3D3358789-LeaderElection8] INFO  server.RaftServerConfigKeys (ConfUtils.java:logGet(46)) - raft.server.write.element-limit = 4096 (default)
2025-05-13 07:44:52,788 [3542b160-3524-44ff-92da-cbafe8793333@group-11E3D3358789-LeaderElection8] INFO  server.RaftServerConfigKeys (ConfUtils.java:logGet(46)) - raft.server.write.follower.gap.ratio.max = -1.0 (default)
2025-05-13 07:44:52,788 [3542b160-3524-44ff-92da-cbafe8793333@group-11E3D3358789-LeaderElection8] INFO  impl.RoleInfo (RoleInfo.java:updateAndGet(148)) - 3542b160-3524-44ff-92da-cbafe8793333: start 3542b160-3524-44ff-92da-cbafe8793333@group-11E3D3358789-LeaderStateImpl
2025-05-13 07:44:52,788 [3542b160-3524-44ff-92da-cbafe8793333@group-11E3D3358789-LeaderElection8] INFO  server.RaftServer$Division (RaftServerImpl.java:setFirstElection(562)) - 3542b160-3524-44ff-92da-cbafe8793333@group-11E3D3358789: set firstElectionSinceStartup to false for becomeLeader
2025-05-13 07:44:52,788 [3542b160-3524-44ff-92da-cbafe8793333@group-11E3D3358789-LeaderElection8] INFO  server.RaftServer$Division (ServerState.java:setLeader(272)) - 3542b160-3524-44ff-92da-cbafe8793333@group-11E3D3358789: change Leader from null to 3542b160-3524-44ff-92da-cbafe8793333 at term 1 for becomeLeader, leader elected after 5046ms
2025-05-13 07:44:52,789 [3542b160-3524-44ff-92da-cbafe8793333@group-11E3D3358789-LeaderElection8] INFO  segmented.SegmentedRaftLogWorker (SegmentedRaftLogWorker.java:startLogSegment(438)) - 3542b160-3524-44ff-92da-cbafe8793333@group-11E3D3358789-SegmentedRaftLogWorker: Starting segment from index:0
2025-05-13 07:44:52,789 [3542b160-3524-44ff-92da-cbafe8793333@group-11E3D3358789-LeaderElection8] INFO  server.RaftServer$Division (ServerState.java:setRaftConf(386)) - 3542b160-3524-44ff-92da-cbafe8793333@group-11E3D3358789: set configuration conf: {index: 0, cur=peers:[3542b160-3524-44ff-92da-cbafe8793333|pkrvmberfyhpb9w:15053]|listeners:[], old=null}
2025-05-13 07:44:52,789 [3542b160-3524-44ff-92da-cbafe8793333@group-11E3D3358789-SegmentedRaftLogWorker] INFO  segmented.BufferedWriteChannel (BufferedWriteChannel.java:open(61)) - open log_inprogress_0 at position 0
2025-05-13 07:44:52,794 [3542b160-3524-44ff-92da-cbafe8793333@group-11E3D3358789-SegmentedRaftLogWorker] INFO  segmented.SegmentedRaftLogWorker (SegmentedRaftLogWorker.java:execute(644)) - 3542b160-3524-44ff-92da-cbafe8793333@group-11E3D3358789-SegmentedRaftLogWorker: created new log segment /tmp/junit-3052917412008176063/scm-meta/scm-ha/53ec9346-515c-41e3-8420-11e3d3358789/current/log_inprogress_0
2025-05-13 07:44:52,796 [3542b160-3524-44ff-92da-cbafe8793333@group-11E3D3358789-StateMachineUpdater] INFO  server.RaftServer$Division (LeaderStateImpl.java:checkStartIndex(313)) - Leader 3542b160-3524-44ff-92da-cbafe8793333@group-11E3D3358789-LeaderStateImpl is ready since appliedIndex == startIndex == 0
2025-05-13 07:44:53,204 [om1-om-CertificateRenewerService] INFO  retry.RetryInvocationHandler (RetryInvocationHandler.java:log(426)) - com.google.protobuf.ServiceException: java.net.ConnectException: Call From pkrvmberfyhpb9w/10.1.0.14 to localhost:15024 failed on connection exception: java.net.ConnectException: Connection refused; For more details see:  http://wiki.apache.org/hadoop/ConnectionRefused, while invoking $Proxy45.submitRequest over nodeId=scmNodeId,nodeAddress=localhost/127.0.0.1:15024 after 43 failover attempts. Trying to failover after sleeping for 2000ms. Current retry count: 43.
2025-05-13 07:44:53,757 [main] INFO  server.RaftServer (RaftServerProxy.java:lambda$close$9(417)) - 3542b160-3524-44ff-92da-cbafe8793333: close
2025-05-13 07:44:53,757 [main] INFO  server.GrpcService (GrpcService.java:closeImpl(343)) - 3542b160-3524-44ff-92da-cbafe8793333: shutdown server GrpcServerProtocolService now
2025-05-13 07:44:53,757 [3542b160-3524-44ff-92da-cbafe8793333-impl-thread1] INFO  server.RaftServer$Division (RaftServerImpl.java:lambda$close$1(513)) - 3542b160-3524-44ff-92da-cbafe8793333@group-11E3D3358789: shutdown
2025-05-13 07:44:53,757 [3542b160-3524-44ff-92da-cbafe8793333-impl-thread1] INFO  util.JmxRegister (JmxRegister.java:unregister(74)) - Successfully un-registered JMX Bean with object name Ratis:service=RaftServer,group=group-11E3D3358789,id=3542b160-3524-44ff-92da-cbafe8793333
2025-05-13 07:44:53,757 [3542b160-3524-44ff-92da-cbafe8793333-impl-thread1] INFO  impl.RoleInfo (RoleInfo.java:shutdownLeaderState(103)) - 3542b160-3524-44ff-92da-cbafe8793333: shutdown 3542b160-3524-44ff-92da-cbafe8793333@group-11E3D3358789-LeaderStateImpl
2025-05-13 07:44:53,757 [3542b160-3524-44ff-92da-cbafe8793333-impl-thread1] INFO  impl.PendingRequests (PendingRequests.java:sendNotLeaderResponses(287)) - 3542b160-3524-44ff-92da-cbafe8793333@group-11E3D3358789-PendingRequests: sendNotLeaderResponses
2025-05-13 07:44:53,758 [main] INFO  server.GrpcService (GrpcService.java:closeImpl(352)) - 3542b160-3524-44ff-92da-cbafe8793333: shutdown server GrpcServerProtocolService successfully
2025-05-13 07:44:53,758 [3542b160-3524-44ff-92da-cbafe8793333-impl-thread1] INFO  impl.StateMachineUpdater (StateMachineUpdater.java:stopAndJoin(164)) - 3542b160-3524-44ff-92da-cbafe8793333@group-11E3D3358789-StateMachineUpdater: set stopIndex = 0
2025-05-13 07:44:53,758 [3542b160-3524-44ff-92da-cbafe8793333@group-11E3D3358789-StateMachineUpdater] INFO  impl.StateMachineUpdater (StateMachineUpdater.java:takeSnapshot(303)) - 3542b160-3524-44ff-92da-cbafe8793333@group-11E3D3358789-StateMachineUpdater: Took a snapshot at index 0
2025-05-13 07:44:53,758 [3542b160-3524-44ff-92da-cbafe8793333@group-11E3D3358789-StateMachineUpdater] INFO  impl.StateMachineUpdater (StateMachineUpdater.java:lambda$new$0(102)) - 3542b160-3524-44ff-92da-cbafe8793333@group-11E3D3358789-StateMachineUpdater: snapshotIndex: updateIncreasingly -1 -> 0
2025-05-13 07:44:53,758 [3542b160-3524-44ff-92da-cbafe8793333@group-11E3D3358789-StateMachineUpdater] INFO  impl.StateMachineUpdater (StateMachineUpdater.java:stop(141)) - 3542b160-3524-44ff-92da-cbafe8793333@group-11E3D3358789-StateMachineUpdater: closing SCMStateMachine, lastApplied=(t:1, i:0)
2025-05-13 07:44:53,759 [3542b160-3524-44ff-92da-cbafe8793333@group-11E3D3358789-cacheEviction-AwaitToRun] INFO  util.AwaitToRun (AwaitToRun.java:run(49)) - 3542b160-3524-44ff-92da-cbafe8793333@group-11E3D3358789-cacheEviction-AwaitToRun-AwaitForSignal is interrupted
2025-05-13 07:44:53,796 [3542b160-3524-44ff-92da-cbafe8793333-impl-thread1] INFO  segmented.SegmentedRaftLogWorker (SegmentedRaftLogWorker.java:close(252)) - 3542b160-3524-44ff-92da-cbafe8793333@group-11E3D3358789-SegmentedRaftLogWorker close()
2025-05-13 07:44:53,796 [JvmPauseMonitor10] INFO  util.JvmPauseMonitor (JvmPauseMonitor.java:run(152)) - JvmPauseMonitor-3542b160-3524-44ff-92da-cbafe8793333: Stopped
2025-05-13 07:44:53,796 [main] WARN  server.ServerUtils (ServerUtils.java:getScmDbDir(138)) - ozone.scm.db.dirs is not configured. We recommend adding this setting. Falling back to ozone.metadata.dirs instead.
2025-05-13 07:44:53,797 [main] INFO  ha.SCMHANodeDetails (SCMHANodeDetails.java:loadSCMHAConfig(162)) - ServiceID for StorageContainerManager is null
2025-05-13 07:44:53,797 [main] INFO  ha.SCMHANodeDetails (SCMHANodeDetails.java:loadSCMHAConfig(166)) - ozone.scm.default.service.id is not defined, falling back to ozone.scm.service.ids to find serviceID for StorageContainerManager if it is HA enabled cluster
2025-05-13 07:44:53,799 [pool-321-thread-1] INFO  request.KdcRequest (KdcRequest.java:preauth(683)) - The preauth data is empty.
2025-05-13 07:44:53,800 [pool-321-thread-1] INFO  server.KdcHandler (KdcHandler.java:handleRecoverableException(177)) - KRB error occurred while processing request: Additional pre-authentication required
2025-05-13 07:44:53,802 [pool-321-thread-1] INFO  request.AsRequest (AsRequest.java:issueTicket(112)) - AS_REQ ISSUE: authtime 1747122293802,om/10.1.0.101@EXAMPLE.COM for krbtgt/EXAMPLE.COM@EXAMPLE.COM
2025-05-13 07:44:53,803 [main] INFO  security.UserGroupInformation (UserGroupInformation.java:loginUserFromKeytab(1143)) - Login successful for user om/10.1.0.101@EXAMPLE.COM using keytab file om.keytab. Keytab auto renewal enabled : false
2025-05-13 07:44:53,803 [main] INFO  server.StorageContainerManager (StorageContainerManager.java:loginAsSCMUserIfSecurityEnabled(1062)) - SCM login successful.
2025-05-13 07:44:53,805 [main] INFO  proxy.SCMSecurityProtocolFailoverProxyProvider (SCMFailoverProxyProviderBase.java:<init>(120)) - Created fail-over proxy for protocol SCMSecurityProtocolPB with 1 nodes: [nodeId=scmNodeId,nodeAddress=localhost/127.0.0.1:15052]
2025-05-13 07:44:53,805 [main] INFO  client.SCMCertificateClient (DefaultCertificateClient.java:updateCertSerialId(1289)) - Certificate serial ID set to 2
2025-05-13 07:44:53,806 [main] INFO  client.SCMCertificateClient (DefaultCertificateClient.java:readCertificateFile(247)) - Added certificate 2 from file: /tmp/junit-3052917412008176063/scm-meta/scm/sub-ca/certs/2.crt.
2025-05-13 07:44:53,806 [main] INFO  client.SCMCertificateClient (DefaultCertificateClient.java:readCertificateFile(247)) - Added certificate 1 from file: /tmp/junit-3052917412008176063/scm-meta/scm/sub-ca/certs/CA-1.crt.
2025-05-13 07:44:53,807 [main] INFO  client.SCMCertificateClient (DefaultCertificateClient.java:readCertificateFile(247)) - Added certificate 2 from file: /tmp/junit-3052917412008176063/scm-meta/scm/sub-ca/certs/certificate.crt.
2025-05-13 07:44:53,807 [main] INFO  client.SCMCertificateClient (DefaultCertificateClient.java:loadAllCertificates(196)) - CertificateRenewerService and root ca rotation polling is disabled for scm/sub-ca
2025-05-13 07:44:53,807 [main] WARN  utils.HAUtils (HAUtils.java:getMetaDir(311)) - ozone.scm.db.dirs is not configured. We recommend adding this setting. Falling back to ozone.metadata.dirs instead.
2025-05-13 07:44:53,808 [main] WARN  db.DBStoreBuilder (DBStoreBuilder.java:getDBDirPath(160)) - ozone.scm.db.dirs is not configured. We recommend adding this setting. Falling back to ozone.metadata.dirs instead.
2025-05-13 07:44:53,875 [main] INFO  net.NodeSchemaLoader (NodeSchemaLoader.java:loadSchemaFromFile(128)) - Loading schema from [jar:file:/home/runner/work/ozone/ozone/hadoop-hdds/common/target/hdds-common-2.1.0-SNAPSHOT.jar!/network-topology-default.xml]
2025-05-13 07:44:53,875 [main] INFO  net.NodeSchemaLoader (NodeSchemaLoader.java:loadSchema(175)) - Loading network topology layer schema file
2025-05-13 07:44:53,892 [main] INFO  ha.SCMRatisServerImpl (SCMRatisServerImpl.java:<init>(100)) - starting Raft server for scm:3542b160-3524-44ff-92da-cbafe8793333
2025-05-13 07:44:53,892 [main] INFO  server.RaftServerConfigKeys (ConfUtils.java:logGet(46)) - raft.server.log.appender.buffer.byte-limit = 4194304 (custom)
2025-05-13 07:44:53,893 [main] INFO  server.RaftServer (ConfUtils.java:logGet(46)) - raft.rpc.type = GRPC (default)
2025-05-13 07:44:53,893 [main] INFO  grpc.GrpcConfigKeys (ConfUtils.java:logFallback(53)) - raft.grpc.admin.host = null (fallback to raft.grpc.server.host)
2025-05-13 07:44:53,893 [main] INFO  grpc.GrpcConfigKeys (ConfUtils.java:logFallback(53)) - raft.grpc.admin.port = 15053 (fallback to raft.grpc.server.port)
2025-05-13 07:44:53,893 [main] INFO  grpc.GrpcConfigKeys (ConfUtils.java:logFallback(53)) - raft.grpc.client.host = null (fallback to raft.grpc.server.host)
2025-05-13 07:44:53,893 [main] INFO  grpc.GrpcConfigKeys (ConfUtils.java:logFallback(53)) - raft.grpc.client.port = 15053 (fallback to raft.grpc.server.port)
2025-05-13 07:44:53,894 [main] INFO  grpc.GrpcConfigKeys (ConfUtils.java:logGet(46)) - raft.grpc.server.host = null (default)
2025-05-13 07:44:53,894 [main] INFO  grpc.GrpcConfigKeys (ConfUtils.java:logGet(46)) - raft.grpc.server.port = 15053 (custom)
2025-05-13 07:44:53,894 [main] INFO  server.GrpcService (ConfUtils.java:logGet(46)) - raft.grpc.message.size.max = 5242880 (custom)
2025-05-13 07:44:53,894 [main] INFO  server.GrpcService (ConfUtils.java:logGet(46)) - raft.grpc.flow.control.window = 1MB (=1048576) (default)
2025-05-13 07:44:53,894 [main] INFO  server.RaftServerConfigKeys (ConfUtils.java:logGet(46)) - raft.server.rpc.request.timeout = 30000ms (custom)
2025-05-13 07:44:53,894 [main] INFO  grpc.GrpcConfigKeys (ConfUtils.java:logGet(46)) - raft.grpc.server.heartbeat.channel = true (default)
2025-05-13 07:44:53,894 [main] INFO  server.RaftServerConfigKeys (ConfUtils.java:logGet(46)) - raft.server.log.appender.buffer.byte-limit = 4194304 (custom)
2025-05-13 07:44:53,894 [main] INFO  grpc.GrpcConfigKeys (ConfUtils.java:logGet(46)) - raft.grpc.server.async.request.thread.pool.cached = true (default)
2025-05-13 07:44:53,894 [main] INFO  grpc.GrpcConfigKeys (ConfUtils.java:logGet(46)) - raft.grpc.server.async.request.thread.pool.size = 32 (default)
2025-05-13 07:44:53,895 [main] INFO  impl.DataStreamServerImpl (ConfUtils.java:logGet(46)) - raft.datastream.type = DISABLED (default)
2025-05-13 07:44:53,895 [main] INFO  server.RaftServerConfigKeys (ConfUtils.java:logGet(46)) - raft.server.sleep.deviation.threshold = 300ms (default)
2025-05-13 07:44:53,895 [main] INFO  server.RaftServerConfigKeys (ConfUtils.java:logGet(46)) - raft.server.close.threshold = 60s (default)
2025-05-13 07:44:53,895 [main] INFO  server.RaftServerConfigKeys (ConfUtils.java:logGet(46)) - raft.server.leaderelection.leader.step-down.wait-time = 10s (default)
2025-05-13 07:44:53,895 [main] INFO  server.RaftServerConfigKeys (ConfUtils.java:logGet(46)) - raft.server.storage.dir = [/tmp/junit-3052917412008176063/scm-meta/scm-ha] (custom)
2025-05-13 07:44:53,895 [main] INFO  server.RaftServerConfigKeys (ConfUtils.java:logGet(46)) - raft.server.threadpool.proxy.cached = true (default)
2025-05-13 07:44:53,895 [main] INFO  server.RaftServerConfigKeys (ConfUtils.java:logGet(46)) - raft.server.threadpool.proxy.size = 0 (default)
2025-05-13 07:44:53,896 [3542b160-3524-44ff-92da-cbafe8793333-impl-thread1] INFO  server.RaftServer (RaftServerProxy.java:initGroupDir(265)) - 3542b160-3524-44ff-92da-cbafe8793333: found a subdirectory /tmp/junit-3052917412008176063/scm-meta/scm-ha/53ec9346-515c-41e3-8420-11e3d3358789
2025-05-13 07:44:53,896 [main] INFO  server.RaftServer (RaftServerProxy.java:addNew(100)) - 3542b160-3524-44ff-92da-cbafe8793333: addNew group-11E3D3358789:[] returns group-11E3D3358789:java.util.concurrent.CompletableFuture@3ddff8de[Not completed]
2025-05-13 07:44:53,896 [3542b160-3524-44ff-92da-cbafe8793333-groupManagement] INFO  server.RaftServer$Division (RaftServerImpl.java:<init>(255)) - 3542b160-3524-44ff-92da-cbafe8793333: new RaftServerImpl for group-11E3D3358789:[] with SCMStateMachine:uninitialized
2025-05-13 07:44:53,896 [3542b160-3524-44ff-92da-cbafe8793333-groupManagement] INFO  server.RaftServerConfigKeys (ConfUtils.java:logGet(46)) - raft.server.rpc.timeout.min = 5000ms (custom)
2025-05-13 07:44:53,897 [3542b160-3524-44ff-92da-cbafe8793333-groupManagement] INFO  server.RaftServerConfigKeys (ConfUtils.java:logGet(46)) - raft.server.rpc.timeout.max = 5200ms (custom)
2025-05-13 07:44:53,897 [3542b160-3524-44ff-92da-cbafe8793333-groupManagement] INFO  server.RaftServerConfigKeys (ConfUtils.java:logGet(46)) - raft.server.rpc.sleep.time = 25ms (default)
2025-05-13 07:44:53,897 [3542b160-3524-44ff-92da-cbafe8793333-groupManagement] INFO  server.RaftServerConfigKeys (ConfUtils.java:logGet(46)) - raft.server.rpc.slowness.timeout = 120000ms (custom)
2025-05-13 07:44:53,897 [3542b160-3524-44ff-92da-cbafe8793333-groupManagement] INFO  server.RaftServerConfigKeys (ConfUtils.java:logGet(46)) - raft.server.leaderelection.leader.step-down.wait-time = 10s (default)
2025-05-13 07:44:53,897 [3542b160-3524-44ff-92da-cbafe8793333-groupManagement] INFO  server.RaftServerConfigKeys (ConfUtils.java:logGet(46)) - raft.server.leaderelection.member.majority-add = false (default)
2025-05-13 07:44:53,897 [3542b160-3524-44ff-92da-cbafe8793333-groupManagement] INFO  server.RaftServerConfigKeys (ConfUtils.java:logGet(46)) - raft.server.sleep.deviation.threshold = 300ms (default)
2025-05-13 07:44:53,897 [3542b160-3524-44ff-92da-cbafe8793333-groupManagement] INFO  server.RaftServer$Division (ServerState.java:<init>(114)) - 3542b160-3524-44ff-92da-cbafe8793333@group-11E3D3358789: ConfigurationManager, init=conf: {index: -1, cur=peers:[]|listeners:[], old=null}, confs=<EMPTY_MAP>
2025-05-13 07:44:53,897 [3542b160-3524-44ff-92da-cbafe8793333-groupManagement] INFO  server.RaftServerConfigKeys (ConfUtils.java:logGet(46)) - raft.server.notification.no-leader.timeout = 60s (default)
2025-05-13 07:44:53,897 [3542b160-3524-44ff-92da-cbafe8793333-groupManagement] INFO  server.RaftServerConfigKeys (ConfUtils.java:logGet(46)) - raft.server.read.timeout = 10s (default)
2025-05-13 07:44:53,897 [3542b160-3524-44ff-92da-cbafe8793333-groupManagement] INFO  server.RaftServerConfigKeys (ConfUtils.java:logGet(46)) - raft.server.retrycache.expirytime = 60000ms (default)
2025-05-13 07:44:53,897 [3542b160-3524-44ff-92da-cbafe8793333-groupManagement] INFO  server.RaftServerConfigKeys (ConfUtils.java:logGet(46)) - raft.server.retrycache.statistics.expirytime = 100ms (default)
2025-05-13 07:44:53,897 [3542b160-3524-44ff-92da-cbafe8793333-groupManagement] INFO  server.RaftServerConfigKeys (ConfUtils.java:logGet(46)) - raft.server.read.option = DEFAULT (default)
2025-05-13 07:44:53,897 [3542b160-3524-44ff-92da-cbafe8793333-groupManagement] INFO  server.RaftServerConfigKeys (ConfUtils.java:logGet(46)) - raft.server.read.read-after-write-consistent.write-index-cache.expiry-time = 60s (default)
2025-05-13 07:44:53,900 [3542b160-3524-44ff-92da-cbafe8793333-groupManagement] INFO  server.RaftServerConfigKeys (ConfUtils.java:logGet(46)) - raft.server.rpc.request.timeout = 30000ms (custom)
2025-05-13 07:44:53,900 [3542b160-3524-44ff-92da-cbafe8793333-groupManagement] INFO  server.RaftServerConfigKeys (ConfUtils.java:logGet(46)) - raft.server.log.appender.install.snapshot.enabled = false (custom)
2025-05-13 07:44:53,900 [3542b160-3524-44ff-92da-cbafe8793333-groupManagement] INFO  server.RaftServerConfigKeys (ConfUtils.java:logGet(46)) - raft.server.threadpool.server.cached = true (default)
2025-05-13 07:44:53,900 [3542b160-3524-44ff-92da-cbafe8793333-groupManagement] INFO  server.RaftServerConfigKeys (ConfUtils.java:logGet(46)) - raft.server.threadpool.server.size = 0 (default)
2025-05-13 07:44:53,900 [3542b160-3524-44ff-92da-cbafe8793333-groupManagement] INFO  server.RaftServerConfigKeys (ConfUtils.java:logGet(46)) - raft.server.threadpool.client.cached = true (default)
2025-05-13 07:44:53,900 [3542b160-3524-44ff-92da-cbafe8793333-groupManagement] INFO  server.RaftServerConfigKeys (ConfUtils.java:logGet(46)) - raft.server.threadpool.client.size = 0 (default)
2025-05-13 07:44:53,900 [main] INFO  ha.SCMSnapshotProvider (SCMSnapshotProvider.java:<init>(61)) - Initializing SCM Snapshot Provider
2025-05-13 07:44:53,900 [main] WARN  server.ServerUtils (ServerUtils.java:getDefaultRatisDirectory(304)) - Storage directory for Ratis is not configured. It is a good idea to map this to an SSD disk. Falling back to ozone.metadata.dirs
2025-05-13 07:44:53,900 [main] WARN  ha.SCMHAUtils (SCMHAUtils.java:getSCMRatisSnapshotDirectory(120)) - SCM snapshot dir is not configured. Falling back to ozone.metadata.dirs config
2025-05-13 07:44:53,901 [main] INFO  upgrade.AbstractLayoutVersionManager (AbstractLayoutVersionManager.java:init(80)) - Initializing Layout version manager with metadata layout = HBASE_SUPPORT (version = 8), software layout = HBASE_SUPPORT (version = 8)
2025-05-13 07:44:53,903 [main] INFO  ha.SequenceIdGenerator (SequenceIdGenerator.java:upgradeToSequenceId(355)) - upgrade localId to 115816896921600000
2025-05-13 07:44:53,904 [main] INFO  ha.SequenceIdGenerator (SequenceIdGenerator.java:upgradeToSequenceId(365)) - upgrade delTxnId to 0
2025-05-13 07:44:53,905 [main] INFO  ha.SequenceIdGenerator (SequenceIdGenerator.java:upgradeToSequenceId(382)) - upgrade containerId to 0
2025-05-13 07:44:53,906 [main] INFO  ha.SequenceIdGenerator (SequenceIdGenerator.java:upgradeToCertificateSequenceId(419)) - upgrade CertificateId to 2
2025-05-13 07:44:53,906 [main] INFO  ha.SequenceIdGenerator (SequenceIdGenerator.java:<init>(232)) - Init the HA SequenceIdGenerator.
2025-05-13 07:44:53,907 [main] WARN  server.ServerUtils (ServerUtils.java:sanitizeUserArgs(76)) - ozone.scm.stale.node.interval value = 300000 is larger than max = 100000 based on the key value of ozone.scm.heartbeat.thread.interval, reset to the max value 100000.
2025-05-13 07:44:53,907 [main] WARN  server.ServerUtils (ServerUtils.java:sanitizeUserArgs(76)) - ozone.scm.stale.node.interval value = 300000 is larger than max = 100000 based on the key value of ozone.scm.heartbeat.thread.interval, reset to the max value 100000.
2025-05-13 07:44:53,907 [main] INFO  node.SCMNodeManager (SCMNodeManager.java:<init>(182)) - Entering startup safe mode.
2025-05-13 07:44:53,907 [main] INFO  algorithms.ContainerPlacementPolicyFactory (ContainerPlacementPolicyFactory.java:getPolicyInternal(84)) - Create container placement policy of type org.apache.hadoop.hdds.scm.container.placement.algorithms.SCMContainerPlacementRackAware
2025-05-13 07:44:53,908 [main] INFO  algorithms.ContainerPlacementPolicyFactory (ContainerPlacementPolicyFactory.java:getPolicyInternal(84)) - Create container placement policy of type org.apache.hadoop.hdds.scm.container.placement.algorithms.SCMContainerPlacementRackScatter
2025-05-13 07:44:53,908 [main] INFO  pipeline.PipelineStateManagerImpl (PipelineStateManagerImpl.java:initialize(75)) - No pipeline exists in current db
2025-05-13 07:44:53,908 [main] INFO  algorithms.LeaderChoosePolicyFactory (LeaderChoosePolicyFactory.java:getPolicy(55)) - Create leader choose policy of type org.apache.hadoop.hdds.scm.pipeline.leader.choose.algorithms.MinLeaderCountChoosePolicy
2025-05-13 07:44:53,908 [main] INFO  algorithms.ContainerPlacementPolicyFactory (ContainerPlacementPolicyFactory.java:getPolicyInternal(84)) - Create container placement policy of type org.apache.hadoop.hdds.scm.container.placement.algorithms.SCMContainerPlacementRackScatter
2025-05-13 07:44:53,908 [main] INFO  ha.SCMServiceManager (SCMServiceManager.java:register(42)) - Registering service BackgroundPipelineCreator.
2025-05-13 07:44:53,909 [main] INFO  pipeline.BackgroundPipelineCreator (BackgroundPipelineCreator.java:start(126)) - Starting RatisPipelineUtilsThread.
2025-05-13 07:44:53,909 [main] INFO  BackgroundPipelineScrubber (BackgroundSCMService.java:start(64)) - Starting BackgroundPipelineScrubber Service.
2025-05-13 07:44:53,909 [main] INFO  ha.SCMServiceManager (SCMServiceManager.java:register(42)) - Registering service BackgroundPipelineScrubber.
2025-05-13 07:44:53,909 [main] INFO  ExpiredContainerReplicaOpScrubber (BackgroundSCMService.java:start(64)) - Starting ExpiredContainerReplicaOpScrubber Service.
2025-05-13 07:44:53,909 [main] INFO  ha.SCMServiceManager (SCMServiceManager.java:register(42)) - Registering service ExpiredContainerReplicaOpScrubber.
2025-05-13 07:44:53,910 [main] INFO  algorithms.PipelineChoosePolicyFactory (PipelineChoosePolicyFactory.java:createPipelineChoosePolicyFromClass(78)) - Create pipeline choose policy of type org.apache.hadoop.hdds.scm.pipeline.choose.algorithms.RandomPipelineChoosePolicy
2025-05-13 07:44:53,911 [main] INFO  algorithms.PipelineChoosePolicyFactory (PipelineChoosePolicyFactory.java:createPipelineChoosePolicyFromClass(78)) - Create pipeline choose policy of type org.apache.hadoop.hdds.scm.pipeline.choose.algorithms.RandomPipelineChoosePolicy
2025-05-13 07:44:53,912 [main] INFO  ha.SCMServiceManager (SCMServiceManager.java:register(42)) - Registering service SCMBlockDeletingService.
2025-05-13 07:44:53,912 [main] INFO  replication.ReplicationManager (ReplicationManager.java:start(285)) - Starting Replication Monitor Thread.
2025-05-13 07:44:53,913 [main] INFO  ha.SCMServiceManager (SCMServiceManager.java:register(42)) - Registering service ReplicationManager.
2025-05-13 07:44:53,914 [main] INFO  safemode.RatisContainerSafeModeRule (RatisContainerSafeModeRule.java:initializeRule(160)) - Refreshed Containers with one replica threshold count 0.
2025-05-13 07:44:53,914 [main] INFO  safemode.ECContainerSafeModeRule (ECContainerSafeModeRule.java:initializeRule(205)) - Refreshed Containers with ec n replica threshold count 0.
2025-05-13 07:44:53,914 [main] INFO  safemode.HealthyPipelineSafeModeRule (HealthyPipelineSafeModeRule.java:initializeRule(177)) - Total pipeline count is 0, healthy pipeline threshold count is 0
2025-05-13 07:44:53,914 [main] INFO  safemode.OneReplicaPipelineSafeModeRule (OneReplicaPipelineSafeModeRule.java:initializeRule(190)) - Total pipeline count is 0, pipeline's with at least one datanode reported threshold count is 0
2025-05-13 07:44:53,915 [main] INFO  security.SecretKeyManagerService (SecretKeyManagerService.java:start(143)) - Scheduling rotation checker with interval PT10M
2025-05-13 07:44:53,915 [main] INFO  ha.SCMServiceManager (SCMServiceManager.java:register(42)) - Registering service SecretKeyManagerService.
2025-05-13 07:44:53,916 [main] INFO  keys.KeyStorage (KeyStorage.java:readPublicKey(174)) - Reading public key from /tmp/junit-3052917412008176063/scm-meta/scm/sub-ca/keys/public.pem.
2025-05-13 07:44:53,916 [main] INFO  keys.KeyStorage (KeyStorage.java:readPrivateKey(158)) - Reading private key from /tmp/junit-3052917412008176063/scm-meta/scm/sub-ca/keys/private.pem.
2025-05-13 07:44:53,916 [main] INFO  authority.DefaultCAServer (DefaultCAServer.java:lambda$processVerificationStatus$0(392)) - CertificateServer validation is successful
2025-05-13 07:44:53,916 [main] INFO  keys.KeyStorage (KeyStorage.java:readPublicKey(174)) - Reading public key from /tmp/junit-3052917412008176063/scm-meta/scm/ca/keys/public.pem.
2025-05-13 07:44:53,917 [main] INFO  keys.KeyStorage (KeyStorage.java:readPrivateKey(158)) - Reading private key from /tmp/junit-3052917412008176063/scm-meta/scm/ca/keys/private.pem.
2025-05-13 07:44:53,917 [main] INFO  authority.DefaultCAServer (DefaultCAServer.java:lambda$processVerificationStatus$0(392)) - CertificateServer validation is successful
2025-05-13 07:44:53,917 [main] INFO  server.StorageContainerManager (StorageContainerManager.java:persistPrimarySCMCerts(950)) - Storing sub-ca certificate serialId 2 on primary SCM
2025-05-13 07:44:53,918 [main] INFO  server.SCMCertStore (SCMCertStore.java:storeValidScmCertificate(96)) - Scm certificate 2 for CN=scm-sub@pkrvmberfyhpb9w,OU=3542b160-3524-44ff-92da-cbafe8793333,O=53ec9346-515c-41e3-8420-11e3d3358789,SERIALNUMBER=2 is stored
2025-05-13 07:44:53,918 [main] INFO  server.StorageContainerManager (StorageContainerManager.java:persistPrimarySCMCerts(957)) - Storing root certificate serialId 1
2025-05-13 07:44:53,919 [main] INFO  server.SCMCertStore (SCMCertStore.java:storeValidScmCertificate(96)) - Scm certificate 1 for CN=scm@pkrvmberfyhpb9w,OU=3542b160-3524-44ff-92da-cbafe8793333,O=53ec9346-515c-41e3-8420-11e3d3358789,SERIALNUMBER=1 is stored
2025-05-13 07:44:53,921 [main] INFO  ha.SequenceIdGenerator (SequenceIdGenerator.java:upgradeToCertificateSequenceId(419)) - upgrade CertificateId to 2
2025-05-13 07:44:53,921 [main] INFO  ipc.CallQueueManager (CallQueueManager.java:<init>(93)) - Using callQueue: class java.util.concurrent.LinkedBlockingQueue, queueCapacity: 200, scheduler: class org.apache.hadoop.ipc.DefaultRpcScheduler, ipcBackoff: false, ipcFailOver: false.
2025-05-13 07:44:53,922 [main] INFO  ipc.Server (Server.java:<init>(1438)) - Listener at 0.0.0.0:15052
2025-05-13 07:44:53,922 [Socket Reader #1 for port 15052] INFO  ipc.Server (Server.java:run(1474)) - Starting Socket Reader #1 for port 15052
2025-05-13 07:44:53,923 [main] INFO  server.StorageContainerManager (StorageContainerManager.java:<init>(430)) - SCM start with adminUsers: [om/pkrvmberfyhpb9w.internal.cloudapp.net@EXAMPLE.COM, om]
2025-05-13 07:44:53,923 [main] INFO  ipc.CallQueueManager (CallQueueManager.java:<init>(93)) - Using callQueue: class java.util.concurrent.LinkedBlockingQueue, queueCapacity: 10000, scheduler: class org.apache.hadoop.ipc.DefaultRpcScheduler, ipcBackoff: false, ipcFailOver: false.
2025-05-13 07:44:53,923 [main] INFO  ipc.Server (Server.java:<init>(1438)) - Listener at 0.0.0.0:15050
2025-05-13 07:44:53,923 [Socket Reader #1 for port 15050] INFO  ipc.Server (Server.java:run(1474)) - Starting Socket Reader #1 for port 15050
2025-05-13 07:44:53,924 [Socket Reader #2 for port 15050] INFO  ipc.Server (Server.java:run(1474)) - Starting Socket Reader #2 for port 15050
2025-05-13 07:44:53,924 [Socket Reader #3 for port 15050] INFO  ipc.Server (Server.java:run(1474)) - Starting Socket Reader #3 for port 15050
2025-05-13 07:44:53,924 [Socket Reader #4 for port 15050] INFO  ipc.Server (Server.java:run(1474)) - Starting Socket Reader #4 for port 15050
2025-05-13 07:44:53,924 [Socket Reader #5 for port 15050] INFO  ipc.Server (Server.java:run(1474)) - Starting Socket Reader #5 for port 15050
2025-05-13 07:44:53,924 [Socket Reader #6 for port 15050] INFO  ipc.Server (Server.java:run(1474)) - Starting Socket Reader #6 for port 15050
2025-05-13 07:44:53,924 [Socket Reader #7 for port 15050] INFO  ipc.Server (Server.java:run(1474)) - Starting Socket Reader #7 for port 15050
2025-05-13 07:44:53,924 [Socket Reader #8 for port 15050] INFO  ipc.Server (Server.java:run(1474)) - Starting Socket Reader #8 for port 15050
2025-05-13 07:44:53,925 [Socket Reader #9 for port 15050] INFO  ipc.Server (Server.java:run(1474)) - Starting Socket Reader #9 for port 15050
2025-05-13 07:44:53,925 [Socket Reader #10 for port 15050] INFO  ipc.Server (Server.java:run(1474)) - Starting Socket Reader #10 for port 15050
2025-05-13 07:44:53,925 [main] INFO  ipc.CallQueueManager (CallQueueManager.java:<init>(93)) - Using callQueue: class java.util.concurrent.LinkedBlockingQueue, queueCapacity: 10000, scheduler: class org.apache.hadoop.ipc.DefaultRpcScheduler, ipcBackoff: false, ipcFailOver: false.
2025-05-13 07:44:53,926 [main] INFO  ipc.Server (Server.java:<init>(1438)) - Listener at 0.0.0.0:15051
2025-05-13 07:44:53,926 [Socket Reader #1 for port 15051] INFO  ipc.Server (Server.java:run(1474)) - Starting Socket Reader #1 for port 15051
2025-05-13 07:44:53,926 [Socket Reader #2 for port 15051] INFO  ipc.Server (Server.java:run(1474)) - Starting Socket Reader #2 for port 15051
2025-05-13 07:44:53,926 [Socket Reader #3 for port 15051] INFO  ipc.Server (Server.java:run(1474)) - Starting Socket Reader #3 for port 15051
2025-05-13 07:44:53,927 [Socket Reader #4 for port 15051] INFO  ipc.Server (Server.java:run(1474)) - Starting Socket Reader #4 for port 15051
2025-05-13 07:44:53,927 [Socket Reader #5 for port 15051] INFO  ipc.Server (Server.java:run(1474)) - Starting Socket Reader #5 for port 15051
2025-05-13 07:44:53,927 [Socket Reader #6 for port 15051] INFO  ipc.Server (Server.java:run(1474)) - Starting Socket Reader #6 for port 15051
2025-05-13 07:44:53,927 [Socket Reader #8 for port 15051] INFO  ipc.Server (Server.java:run(1474)) - Starting Socket Reader #8 for port 15051
2025-05-13 07:44:53,927 [Socket Reader #9 for port 15051] INFO  ipc.Server (Server.java:run(1474)) - Starting Socket Reader #9 for port 15051
2025-05-13 07:44:53,927 [Socket Reader #10 for port 15051] INFO  ipc.Server (Server.java:run(1474)) - Starting Socket Reader #10 for port 15051
2025-05-13 07:44:53,927 [Socket Reader #7 for port 15051] INFO  ipc.Server (Server.java:run(1474)) - Starting Socket Reader #7 for port 15051
2025-05-13 07:44:53,928 [main] INFO  ipc.CallQueueManager (CallQueueManager.java:<init>(93)) - Using callQueue: class java.util.concurrent.LinkedBlockingQueue, queueCapacity: 10000, scheduler: class org.apache.hadoop.ipc.DefaultRpcScheduler, ipcBackoff: false, ipcFailOver: false.
2025-05-13 07:44:53,929 [main] INFO  ipc.Server (Server.java:<init>(1438)) - Listener at 0.0.0.0:15049
2025-05-13 07:44:53,929 [Socket Reader #1 for port 15049] INFO  ipc.Server (Server.java:run(1474)) - Starting Socket Reader #1 for port 15049
2025-05-13 07:44:53,929 [Socket Reader #2 for port 15049] INFO  ipc.Server (Server.java:run(1474)) - Starting Socket Reader #2 for port 15049
2025-05-13 07:44:53,930 [Socket Reader #3 for port 15049] INFO  ipc.Server (Server.java:run(1474)) - Starting Socket Reader #3 for port 15049
2025-05-13 07:44:53,930 [Socket Reader #4 for port 15049] INFO  ipc.Server (Server.java:run(1474)) - Starting Socket Reader #4 for port 15049
2025-05-13 07:44:53,931 [Socket Reader #5 for port 15049] INFO  ipc.Server (Server.java:run(1474)) - Starting Socket Reader #5 for port 15049
2025-05-13 07:44:53,931 [Socket Reader #6 for port 15049] INFO  ipc.Server (Server.java:run(1474)) - Starting Socket Reader #6 for port 15049
2025-05-13 07:44:53,931 [Socket Reader #7 for port 15049] INFO  ipc.Server (Server.java:run(1474)) - Starting Socket Reader #7 for port 15049
2025-05-13 07:44:53,931 [Socket Reader #8 for port 15049] INFO  ipc.Server (Server.java:run(1474)) - Starting Socket Reader #8 for port 15049
2025-05-13 07:44:53,931 [Socket Reader #9 for port 15049] INFO  ipc.Server (Server.java:run(1474)) - Starting Socket Reader #9 for port 15049
2025-05-13 07:44:53,932 [Socket Reader #10 for port 15049] INFO  ipc.Server (Server.java:run(1474)) - Starting Socket Reader #10 for port 15049
2025-05-13 07:44:53,937 [main] INFO  ha.SCMServiceManager (SCMServiceManager.java:register(42)) - Registering service ContainerBalancer.
2025-05-13 07:44:53,937 [main] INFO  ha.SCMContext (SCMContext.java:updateSafeModeStatus(224)) - Update SafeModeStatus from SafeModeStatus{safeModeStatus=true, preCheckPassed=false} to SafeModeStatus{safeModeStatus=true, preCheckPassed=false}.
2025-05-13 07:44:53,937 [main] INFO  server.StorageContainerManager (StorageContainerManager.java:start(1507)) - StorageContainerLocationProtocol RPC server is listening at /0.0.0.0:15049
2025-05-13 07:44:53,937 [main] INFO  ha.SCMRatisServerImpl (SCMRatisServerImpl.java:start(203)) - starting ratis server 0.0.0.0:15053
2025-05-13 07:44:53,937 [3542b160-3524-44ff-92da-cbafe8793333-impl-thread1] INFO  server.RaftServerConfigKeys (ConfUtils.java:logGet(46)) - raft.server.storage.free-space.min = 0MB (=0) (default)
2025-05-13 07:44:53,937 [3542b160-3524-44ff-92da-cbafe8793333-impl-thread1] INFO  server.RaftServerConfigKeys (ConfUtils.java:logGet(46)) - raft.server.log.corruption.policy = EXCEPTION (default)
2025-05-13 07:44:53,937 [3542b160-3524-44ff-92da-cbafe8793333-impl-thread1] INFO  server.RaftServerConfigKeys (ConfUtils.java:logGet(46)) - raft.server.storage.dir = [/tmp/junit-3052917412008176063/scm-meta/scm-ha] (custom)
2025-05-13 07:44:53,939 [3542b160-3524-44ff-92da-cbafe8793333-impl-thread1] INFO  storage.RaftStorageDirectory (RaftStorageDirectoryImpl.java:tryLock(229)) - Lock on /tmp/junit-3052917412008176063/scm-meta/scm-ha/53ec9346-515c-41e3-8420-11e3d3358789/in_use.lock acquired by nodename 25269@pkrvmberfyhpb9w
2025-05-13 07:44:53,939 [3542b160-3524-44ff-92da-cbafe8793333-impl-thread1] INFO  storage.RaftStorage (RaftStorageImpl.java:analyzeAndRecoverStorage(118)) - Read RaftStorageMetadata{term=1, votedFor=3542b160-3524-44ff-92da-cbafe8793333} from /tmp/junit-3052917412008176063/scm-meta/scm-ha/53ec9346-515c-41e3-8420-11e3d3358789/current/raft-meta
2025-05-13 07:44:53,939 [3542b160-3524-44ff-92da-cbafe8793333-impl-thread1] INFO  server.RaftServer$Division (ServerState.java:setRaftConf(386)) - 3542b160-3524-44ff-92da-cbafe8793333@group-11E3D3358789: set configuration conf: {index: 0, cur=peers:[3542b160-3524-44ff-92da-cbafe8793333|pkrvmberfyhpb9w:15053]|listeners:[], old=null}
2025-05-13 07:44:53,939 [3542b160-3524-44ff-92da-cbafe8793333-impl-thread1] INFO  ha.SCMStateMachine (SCMStateMachine.java:lambda$initialize$0(135)) - 3542b160-3524-44ff-92da-cbafe8793333: initialize group-11E3D3358789
2025-05-13 07:44:53,939 [3542b160-3524-44ff-92da-cbafe8793333-impl-thread1] INFO  server.RaftServerConfigKeys (ConfUtils.java:logGet(46)) - raft.server.log.use.memory = false (default)
2025-05-13 07:44:53,939 [3542b160-3524-44ff-92da-cbafe8793333-impl-thread1] INFO  server.RaftServerConfigKeys (ConfUtils.java:logGet(46)) - raft.server.log.purge.gap = 1000000 (custom)
2025-05-13 07:44:53,940 [3542b160-3524-44ff-92da-cbafe8793333-impl-thread1] INFO  server.RaftServerConfigKeys (ConfUtils.java:logGet(46)) - raft.server.log.appender.buffer.byte-limit = 4194304 (custom)
2025-05-13 07:44:53,940 [3542b160-3524-44ff-92da-cbafe8793333-impl-thread1] INFO  server.RaftServerConfigKeys (ConfUtils.java:logGet(46)) - raft.server.log.statemachine.data.read.timeout = 1000ms (default)
2025-05-13 07:44:53,940 [3542b160-3524-44ff-92da-cbafe8793333-impl-thread1] INFO  server.RaftServerConfigKeys (ConfUtils.java:logGet(46)) - raft.server.log.purge.preservation.log.num = 0 (default)
2025-05-13 07:44:53,941 [3542b160-3524-44ff-92da-cbafe8793333-impl-thread1] INFO  server.RaftServerConfigKeys (ConfUtils.java:logGet(46)) - raft.server.log.segment.size.max = 4194304 (custom)
2025-05-13 07:44:53,942 [3542b160-3524-44ff-92da-cbafe8793333-impl-thread1] INFO  server.RaftServerConfigKeys (ConfUtils.java:logGet(46)) - raft.server.log.segment.cache.num.max = 2 (custom)
2025-05-13 07:44:53,942 [3542b160-3524-44ff-92da-cbafe8793333-impl-thread1] INFO  server.RaftServerConfigKeys (ConfUtils.java:logGet(46)) - raft.server.log.segment.cache.size.max = 200MB (=209715200) (default)
2025-05-13 07:44:53,942 [3542b160-3524-44ff-92da-cbafe8793333-impl-thread1] INFO  server.RaftServerConfigKeys (ConfUtils.java:logGet(46)) - raft.server.log.appender.buffer.byte-limit = 4194304 (custom)
2025-05-13 07:44:53,942 [3542b160-3524-44ff-92da-cbafe8793333-impl-thread1] INFO  util.AwaitToRun (AwaitToRun.java:start(81)) - Thread[#2037,3542b160-3524-44ff-92da-cbafe8793333@group-11E3D3358789-cacheEviction-AwaitToRun,5,main] started
2025-05-13 07:44:53,942 [3542b160-3524-44ff-92da-cbafe8793333-impl-thread1] INFO  segmented.SegmentedRaftLogWorker (SegmentedRaftLogWorker.java:<init>(188)) - new 3542b160-3524-44ff-92da-cbafe8793333@group-11E3D3358789-SegmentedRaftLogWorker for RaftStorageImpl:Storage Directory /tmp/junit-3052917412008176063/scm-meta/scm-ha/53ec9346-515c-41e3-8420-11e3d3358789
2025-05-13 07:44:53,942 [3542b160-3524-44ff-92da-cbafe8793333-impl-thread1] INFO  server.RaftServerConfigKeys (ConfUtils.java:logGet(46)) - raft.server.log.queue.byte-limit = 64MB (=67108864) (default)
2025-05-13 07:44:53,942 [3542b160-3524-44ff-92da-cbafe8793333-impl-thread1] INFO  server.RaftServerConfigKeys (ConfUtils.java:logGet(46)) - raft.server.log.queue.element-limit = 4096 (default)
2025-05-13 07:44:53,942 [3542b160-3524-44ff-92da-cbafe8793333-impl-thread1] INFO  server.RaftServerConfigKeys (ConfUtils.java:logGet(46)) - raft.server.log.segment.size.max = 4194304 (custom)
2025-05-13 07:44:53,942 [3542b160-3524-44ff-92da-cbafe8793333-impl-thread1] INFO  server.RaftServerConfigKeys (ConfUtils.java:logGet(46)) - raft.server.log.preallocated.size = 4194304 (custom)
2025-05-13 07:44:53,942 [3542b160-3524-44ff-92da-cbafe8793333-impl-thread1] INFO  server.RaftServerConfigKeys (ConfUtils.java:logGet(46)) - raft.server.log.force.sync.num = 128 (default)
2025-05-13 07:44:53,942 [3542b160-3524-44ff-92da-cbafe8793333-impl-thread1] INFO  server.RaftServerConfigKeys (ConfUtils.java:logGet(46)) - raft.server.log.statemachine.data.sync = true (default)
2025-05-13 07:44:53,942 [3542b160-3524-44ff-92da-cbafe8793333-impl-thread1] INFO  server.RaftServerConfigKeys (ConfUtils.java:logGet(46)) - raft.server.log.statemachine.data.sync.timeout = 10s (default)
2025-05-13 07:44:53,942 [3542b160-3524-44ff-92da-cbafe8793333-impl-thread1] INFO  server.RaftServerConfigKeys (ConfUtils.java:logGet(46)) - raft.server.log.statemachine.data.sync.timeout.retry = -1 (default)
2025-05-13 07:44:53,943 [3542b160-3524-44ff-92da-cbafe8793333-impl-thread1] INFO  server.RaftServerConfigKeys (ConfUtils.java:logGet(46)) - raft.server.log.write.buffer.size = 4194312 (custom)
2025-05-13 07:44:53,944 [3542b160-3524-44ff-92da-cbafe8793333-impl-thread1] INFO  server.RaftServerConfigKeys (ConfUtils.java:logGet(46)) - raft.server.log.appender.buffer.byte-limit = 4194304 (custom)
2025-05-13 07:44:53,944 [3542b160-3524-44ff-92da-cbafe8793333-impl-thread1] INFO  server.RaftServerConfigKeys (ConfUtils.java:logGet(46)) - raft.server.log.unsafe-flush.enabled = false (default)
2025-05-13 07:44:53,944 [3542b160-3524-44ff-92da-cbafe8793333-impl-thread1] INFO  server.RaftServerConfigKeys (ConfUtils.java:logGet(46)) - raft.server.log.async-flush.enabled = false (default)
2025-05-13 07:44:53,944 [3542b160-3524-44ff-92da-cbafe8793333-impl-thread1] INFO  server.RaftServerConfigKeys (ConfUtils.java:logGet(46)) - raft.server.log.statemachine.data.caching.enabled = false (default)
2025-05-13 07:44:53,945 [3542b160-3524-44ff-92da-cbafe8793333-impl-thread1] INFO  server.RaftServer$Division (ServerState.java:setRaftConf(386)) - 3542b160-3524-44ff-92da-cbafe8793333@group-11E3D3358789: set configuration conf: {index: 0, cur=peers:[3542b160-3524-44ff-92da-cbafe8793333|pkrvmberfyhpb9w:15053]|listeners:[], old=null}
2025-05-13 07:44:53,945 [3542b160-3524-44ff-92da-cbafe8793333-impl-thread1] INFO  segmented.LogSegment (LogSegment.java:loadSegment(171)) - Successfully read 1 entries from segment file /tmp/junit-3052917412008176063/scm-meta/scm-ha/53ec9346-515c-41e3-8420-11e3d3358789/current/log_inprogress_0
2025-05-13 07:44:53,945 [3542b160-3524-44ff-92da-cbafe8793333-impl-thread1] INFO  segmented.SegmentedRaftLogWorker (SegmentedRaftLogWorker.java:lambda$new$0(139)) - 3542b160-3524-44ff-92da-cbafe8793333@group-11E3D3358789-SegmentedRaftLogWorker: safeCacheEvictIndex: setUnconditionally 0 -> -1
2025-05-13 07:44:53,945 [3542b160-3524-44ff-92da-cbafe8793333-impl-thread1] INFO  segmented.BufferedWriteChannel (BufferedWriteChannel.java:open(61)) - open log_inprogress_0 (append) at position 82
2025-05-13 07:44:53,945 [3542b160-3524-44ff-92da-cbafe8793333-impl-thread1] INFO  server.RaftServer$Division (RaftServerImpl.java:start(391)) - 3542b160-3524-44ff-92da-cbafe8793333@group-11E3D3358789: start as a follower, conf=conf: {index: 0, cur=peers:[3542b160-3524-44ff-92da-cbafe8793333|pkrvmberfyhpb9w:15053]|listeners:[], old=null}
2025-05-13 07:44:53,945 [3542b160-3524-44ff-92da-cbafe8793333-impl-thread1] INFO  server.RaftServer$Division (RaftServerImpl.java:setRole(378)) - 3542b160-3524-44ff-92da-cbafe8793333@group-11E3D3358789: changes role from      null to FOLLOWER at term 1 for startAsFollower
2025-05-13 07:44:53,945 [3542b160-3524-44ff-92da-cbafe8793333-impl-thread1] INFO  impl.RoleInfo (RoleInfo.java:updateAndGet(148)) - 3542b160-3524-44ff-92da-cbafe8793333: start 3542b160-3524-44ff-92da-cbafe8793333@group-11E3D3358789-FollowerState
2025-05-13 07:44:53,946 [3542b160-3524-44ff-92da-cbafe8793333-impl-thread1] INFO  util.JmxRegister (JmxRegister.java:tryRegister(44)) - Successfully registered JMX Bean with object name Ratis:service=RaftServer,group=group-11E3D3358789,id=3542b160-3524-44ff-92da-cbafe8793333
2025-05-13 07:44:53,946 [3542b160-3524-44ff-92da-cbafe8793333-impl-thread1] INFO  util.JmxRegister (JmxRegister.java:register(58)) - register mxBean class org.apache.ratis.server.impl.RaftServerJmxAdapter as Ratis:service=RaftServer,group=group-11E3D3358789,id=3542b160-3524-44ff-92da-cbafe8793333
2025-05-13 07:44:53,946 [3542b160-3524-44ff-92da-cbafe8793333-impl-thread1] INFO  server.RaftServerConfigKeys (ConfUtils.java:logGet(46)) - raft.server.snapshot.trigger-when-stop.enabled = true (default)
2025-05-13 07:44:53,946 [3542b160-3524-44ff-92da-cbafe8793333-impl-thread1] INFO  server.RaftServerConfigKeys (ConfUtils.java:logGet(46)) - raft.server.snapshot.trigger-when-remove.enabled = true (default)
2025-05-13 07:44:53,946 [3542b160-3524-44ff-92da-cbafe8793333-impl-thread1] INFO  server.RaftServerConfigKeys (ConfUtils.java:logGet(46)) - raft.server.snapshot.auto.trigger.enabled = true (custom)
2025-05-13 07:44:53,946 [3542b160-3524-44ff-92da-cbafe8793333-impl-thread1] INFO  server.RaftServerConfigKeys (ConfUtils.java:logGet(46)) - raft.server.snapshot.auto.trigger.threshold = 1000 (custom)
2025-05-13 07:44:53,946 [3542b160-3524-44ff-92da-cbafe8793333-impl-thread1] INFO  server.RaftServerConfigKeys (ConfUtils.java:logGet(46)) - raft.server.snapshot.retention.file.num = -1 (default)
2025-05-13 07:44:53,946 [3542b160-3524-44ff-92da-cbafe8793333-impl-thread1] INFO  server.RaftServerConfigKeys (ConfUtils.java:logGet(46)) - raft.server.log.purge.upto.snapshot.index = false (default)
2025-05-13 07:44:53,946 [3542b160-3524-44ff-92da-cbafe8793333@group-11E3D3358789-FollowerState] INFO  server.RaftServerConfigKeys (ConfUtils.java:logFallback(53)) - raft.server.rpc.first-election.timeout.min = 5000ms (fallback to raft.server.rpc.timeout.min)
2025-05-13 07:44:53,946 [3542b160-3524-44ff-92da-cbafe8793333@group-11E3D3358789-FollowerState] INFO  server.RaftServerConfigKeys (ConfUtils.java:logFallback(53)) - raft.server.rpc.first-election.timeout.max = 5200ms (fallback to raft.server.rpc.timeout.max)
2025-05-13 07:44:53,946 [3542b160-3524-44ff-92da-cbafe8793333-impl-thread1] INFO  server.RaftServer$Division (RaftServerImpl.java:start(405)) - 3542b160-3524-44ff-92da-cbafe8793333@group-11E3D3358789: Successfully started.
2025-05-13 07:44:53,947 [main] INFO  server.RaftServer (RaftServerProxy.java:startImpl(407)) - 3542b160-3524-44ff-92da-cbafe8793333: start RPC server
2025-05-13 07:44:53,947 [main] INFO  server.GrpcService (GrpcService.java:startImpl(334)) - 3542b160-3524-44ff-92da-cbafe8793333: GrpcService started, listening on 15053
2025-05-13 07:44:53,947 [JvmPauseMonitor11] INFO  util.JvmPauseMonitor (JvmPauseMonitor.java:run(146)) - JvmPauseMonitor-3542b160-3524-44ff-92da-cbafe8793333: Started
2025-05-13 07:44:53,948 [main] INFO  ha.SCMHAManagerImpl (SCMHAManagerImpl.java:start(131)) -  scm role is FOLLOWER peers [3542b160-3524-44ff-92da-cbafe8793333|pkrvmberfyhpb9w:15053]
2025-05-13 07:44:53,948 [main] INFO  ha.InterSCMGrpcService (InterSCMGrpcProtocolService.java:start(98)) - Starting SCM Grpc Service at port 15054
2025-05-13 07:44:53,948 [main] INFO  SCMHATransactionMonitor (BackgroundSCMService.java:start(64)) - Starting SCMHATransactionMonitor Service.
2025-05-13 07:44:53,948 [main] INFO  ha.SCMServiceManager (SCMServiceManager.java:register(42)) - Registering service SCMHATransactionMonitor.
2025-05-13 07:44:53,949 [main] INFO  SCMHATransactionMonitor (BackgroundSCMService.java:start(61)) - SCMHATransactionMonitor Service is already running, skip start.
2025-05-13 07:44:53,950 [main] WARN  impl.MetricsConfig (MetricsConfig.java:loadFirst(138)) - Cannot locate configuration: tried hadoop-metrics2-storagecontainermanager.properties,hadoop-metrics2.properties
2025-05-13 07:44:53,950 [main] INFO  impl.MetricsSystemImpl (MetricsSystemImpl.java:startTimer(378)) - Scheduled Metric snapshot period at 10 second(s).
2025-05-13 07:44:53,950 [main] INFO  impl.MetricsSystemImpl (MetricsSystemImpl.java:start(191)) - StorageContainerManager metrics system started
2025-05-13 07:44:53,966 [main] INFO  impl.MetricsSinkAdapter (MetricsSinkAdapter.java:start(204)) - Sink prometheus started
2025-05-13 07:44:53,966 [main] INFO  impl.MetricsSystemImpl (MetricsSystemImpl.java:registerSink(305)) - Registered sink prometheus
2025-05-13 07:44:53,982 [main] INFO  server.SCMClientProtocolServer (SCMClientProtocolServer.java:start(207)) - RPC server for Client  is listening at /0.0.0.0:15049
2025-05-13 07:44:53,982 [IPC Server Responder] INFO  ipc.Server (Server.java:run(1713)) - IPC Server Responder: starting
2025-05-13 07:44:53,982 [IPC Server listener on 15049] INFO  ipc.Server (Server.java:run(1553)) - IPC Server listener on 15049: starting
2025-05-13 07:44:53,994 [main] INFO  server.StorageContainerManager (StorageContainerManager.java:start(1520)) - ScmBlockLocationProtocol RPC server is listening at /0.0.0.0:15051
2025-05-13 07:44:53,995 [main] INFO  server.SCMBlockProtocolServer (SCMBlockProtocolServer.java:start(166)) - RPC server for Block Protocol is listening at /0.0.0.0:15051
2025-05-13 07:44:53,995 [IPC Server Responder] INFO  ipc.Server (Server.java:run(1713)) - IPC Server Responder: starting
2025-05-13 07:44:53,995 [IPC Server listener on 15051] INFO  ipc.Server (Server.java:run(1553)) - IPC Server listener on 15051: starting
2025-05-13 07:44:54,006 [main] INFO  server.SCMSecurityProtocolServer (SCMSecurityProtocolServer.java:start(503)) - Starting RPC server for SCMSecurityProtocolServer. is listening at /0.0.0.0:15052
2025-05-13 07:44:54,007 [IPC Server Responder] INFO  ipc.Server (Server.java:run(1713)) - IPC Server Responder: starting
2025-05-13 07:44:54,007 [IPC Server listener on 15052] INFO  ipc.Server (Server.java:run(1553)) - IPC Server listener on 15052: starting
2025-05-13 07:44:54,009 [main] INFO  http.BaseHttpServer (BaseHttpServer.java:newHttpServer2BuilderForOzone(229)) - Starting Web-server for scm at: http://0.0.0.0:9876
2025-05-13 07:44:54,009 [main] INFO  http.BaseHttpServer (BaseHttpServer.java:<init>(107)) - Hadoop Security Enabled: true Ozone Security Enabled: true Ozone HTTP Security Enabled: false 
2025-05-13 07:44:54,011 [main] WARN  server.AuthenticationFilter (AuthenticationFilter.java:constructSecretProvider(240)) - Unable to initialize FileSignerSecretProvider, falling back to use random secrets. Reason: Could not read signature secret file: /home/runner/hadoop-http-auth-signature-secret
2025-05-13 07:44:54,014 [main] INFO  http.HttpServer2 (HttpServer2.java:addGlobalFilter(1042)) - Added global filter 'safety' (class=org.apache.hadoop.hdds.server.http.HttpServer2$QuotingInputFilter)
2025-05-13 07:44:54,015 [main] INFO  http.HttpServer2 (HttpServer2.java:addFilter(1018)) - Added filter static_user_filter (class=org.apache.hadoop.http.lib.StaticUserWebFilter$StaticUserFilter) to context scm
2025-05-13 07:44:54,015 [main] INFO  http.HttpServer2 (HttpServer2.java:addFilter(1026)) - Added filter static_user_filter (class=org.apache.hadoop.http.lib.StaticUserWebFilter$StaticUserFilter) to context logs
2025-05-13 07:44:54,015 [main] INFO  http.HttpServer2 (HttpServer2.java:addFilter(1026)) - Added filter static_user_filter (class=org.apache.hadoop.http.lib.StaticUserWebFilter$StaticUserFilter) to context static
2025-05-13 07:44:54,015 [main] INFO  http.BaseHttpServer (BaseHttpServer.java:<init>(195)) - HTTP server of scm uses base directory /tmp/junit-3052917412008176063/scm-meta/webserver
2025-05-13 07:44:54,016 [main] INFO  http.HttpServer2 (HttpServer2.java:bindListener(1242)) - Jetty bound to port 9876
2025-05-13 07:44:54,016 [main] INFO  server.Server (Server.java:doStart(375)) - jetty-9.4.57.v20241219; built: 2025-01-08T21:24:30.412Z; git: df524e6b29271c2e09ba9aea83c18dc9db464a31; jvm 21.0.7+6-LTS
2025-05-13 07:44:54,017 [main] INFO  server.session (DefaultSessionIdManager.java:doStart(334)) - DefaultSessionIdManager workerName=node0
2025-05-13 07:44:54,018 [main] INFO  server.session (DefaultSessionIdManager.java:doStart(339)) - No SessionScavenger set, using defaults
2025-05-13 07:44:54,018 [main] INFO  server.session (HouseKeeper.java:startScavenging(132)) - node0 Scavenging every 660000ms
2025-05-13 07:44:54,018 [main] INFO  handler.ContextHandler (ContextHandler.java:doStart(921)) - Started o.e.j.s.ServletContextHandler@74acb786{logs,/logs,file:///home/runner/work/ozone/ozone/hadoop-ozone/integration-test/target/log,AVAILABLE}
2025-05-13 07:44:54,019 [main] INFO  handler.ContextHandler (ContextHandler.java:doStart(921)) - Started o.e.j.s.ServletContextHandler@7f25d78a{static,/static,file:///home/runner/work/ozone/ozone/hadoop-ozone/integration-test/target/test-classes/webapps/static,AVAILABLE}
2025-05-13 07:44:54,025 [main] INFO  handler.ContextHandler (ContextHandler.java:doStart(921)) - Started o.e.j.w.WebAppContext@2b9438ed{scm,/,file:///home/runner/work/ozone/ozone/hadoop-ozone/integration-test/target/test-classes/webapps/scm/,AVAILABLE}{file:/home/runner/work/ozone/ozone/hadoop-ozone/integration-test/target/test-classes/webapps/scm}
2025-05-13 07:44:54,025 [main] INFO  server.AbstractConnector (AbstractConnector.java:doStart(333)) - Started ServerConnector@45f4f928{HTTP/1.1, (http/1.1)}{0.0.0.0:9876}
2025-05-13 07:44:54,025 [main] INFO  server.Server (Server.java:doStart(415)) - Started @135996ms
2025-05-13 07:44:54,026 [main] WARN  impl.MetricsSystemImpl (MetricsSystemImpl.java:register(279)) - Sink prometheus already exists!
2025-05-13 07:44:54,026 [main] INFO  http.BaseHttpServer (BaseHttpServer.java:updateConnectorAddress(359)) - HTTP server of scm listening at http://0.0.0.0:9876
2025-05-13 07:44:54,026 [main] WARN  server.ServerUtils (ServerUtils.java:getDBPath(292)) - ozone.om.db.dirs is not configured. We recommend adding this setting. Falling back to ozone.metadata.dirs instead.
2025-05-13 07:44:54,029 [main] INFO  ha.OMHANodeDetails (OMHANodeDetails.java:loadOMHAConfig(113)) - ozone.om.internal.service.id is not defined, falling back to ozone.om.service.ids to find serviceID for OzoneManager if it is HA enabled cluster
2025-05-13 07:44:54,029 [main] INFO  ha.OMHANodeDetails (OMHANodeDetails.java:loadOMHAConfig(224)) - Configuration does not have ozone.om.address set. Falling back to the default OM address /10.1.0.101:15055
2025-05-13 07:44:54,029 [main] INFO  ha.OMHANodeDetails (OMHANodeDetails.java:getOMNodeDetailsForNonHA(252)) - OM Service ID is not set. Setting it to the default ID: omServiceIdDefault
2025-05-13 07:44:54,030 [main] INFO  ha.OMHANodeDetails (OMHANodeDetails.java:getOMNodeDetailsForNonHA(259)) - OM Node ID is not set. Setting it to the default ID: om1
2025-05-13 07:44:54,032 [main] WARN  server.ServerUtils (ServerUtils.java:getDBPath(292)) - ozone.om.db.dirs is not configured. We recommend adding this setting. Falling back to ozone.metadata.dirs instead.
2025-05-13 07:44:54,034 [main] INFO  upgrade.AbstractLayoutVersionManager (AbstractLayoutVersionManager.java:init(80)) - Initializing Layout version manager with metadata layout = DELEGATION_TOKEN_SYMMETRIC_SIGN (version = 8), software layout = DELEGATION_TOKEN_SYMMETRIC_SIGN (version = 8)
2025-05-13 07:44:54,041 [pool-321-thread-1] INFO  request.TgsRequest (TgsRequest.java:issueTicket(117)) - TGS_REQ ISSUE: authtime 1747122294040,om/10.1.0.101@EXAMPLE.COM for om/10.1.0.101@EXAMPLE.COM
2025-05-13 07:44:54,056 [Socket Reader #1 for port 15052] INFO  ipc.Server (Server.java:saslProcess(2290)) - Auth successful for om/10.1.0.101@EXAMPLE.COM (auth:KERBEROS) from 127.0.0.1:48452
2025-05-13 07:44:54,058 [IPC Server handler 0 on default port 15052] INFO  ipc.Server (Server.java:logException(3260)) - IPC Server handler 0 on default port 15052, call Call#11 Retry#0 org.apache.hadoop.hdds.protocol.SCMSecurityProtocol.submitRequest from 127.0.0.1:48452
org.apache.hadoop.hdds.ratis.ServerNotLeaderException: SCM Server:3542b160-3524-44ff-92da-cbafe8793333(pkrvmberfyhpb9w.internal.cloudapp.net) is not the leader. Could not determine the leader node.
	at org.apache.hadoop.hdds.ratis.ServerNotLeaderException.convertToNotLeaderException(ServerNotLeaderException.java:106)
	at org.apache.hadoop.hdds.scm.ha.RatisUtil.checkRatisException(RatisUtil.java:248)
	at org.apache.hadoop.hdds.scm.protocol.SCMSecurityProtocolServerSideTranslatorPB.submitRequest(SCMSecurityProtocolServerSideTranslatorPB.java:83)
	at org.apache.hadoop.hdds.protocol.proto.SCMSecurityProtocolProtos$SCMSecurityProtocolService$2.callBlockingMethod(SCMSecurityProtocolProtos.java:18942)
	at org.apache.hadoop.ipc.ProtobufRpcEngine$Server.processCall(ProtobufRpcEngine.java:484)
	at org.apache.hadoop.ipc.ProtobufRpcEngine2$Server$ProtoBufRpcInvoker.call(ProtobufRpcEngine2.java:595)
	at org.apache.hadoop.ipc.ProtobufRpcEngine2$Server$ProtoBufRpcInvoker.call(ProtobufRpcEngine2.java:573)
	at org.apache.hadoop.ipc.RPC$Server.call(RPC.java:1227)
	at org.apache.hadoop.ipc.Server$RpcCall.run(Server.java:1246)
	at org.apache.hadoop.ipc.Server$RpcCall.run(Server.java:1169)
	at java.base/java.security.AccessController.doPrivileged(AccessController.java:714)
	at java.base/javax.security.auth.Subject.doAs(Subject.java:525)
	at org.apache.hadoop.security.UserGroupInformation.doAs(UserGroupInformation.java:1953)
	at org.apache.hadoop.ipc.Server$Handler.run(Server.java:3198)
2025-05-13 07:44:54,119 [main] INFO  reflections.Reflections (Reflections.java:scan(219)) - Reflections took 84 ms to scan 2 urls, producing 207 keys and 618 values
2025-05-13 07:44:54,120 [main] INFO  upgrade.OMLayoutVersionManager (OMLayoutVersionManager.java:lambda$0(110)) - Skipping Upgrade Action QuotaRepairUpgradeAction since it has been finalized.
2025-05-13 07:44:54,120 [main] INFO  upgrade.OMLayoutVersionManager (OMLayoutVersionManager.java:lambda$0(110)) - Skipping Upgrade Action MockOmUpgradeAction since it has been finalized.
2025-05-13 07:44:54,125 [pool-321-thread-1] INFO  request.KdcRequest (KdcRequest.java:preauth(683)) - The preauth data is empty.
2025-05-13 07:44:54,125 [pool-321-thread-1] INFO  server.KdcHandler (KdcHandler.java:handleRecoverableException(177)) - KRB error occurred while processing request: Additional pre-authentication required
2025-05-13 07:44:54,127 [pool-321-thread-1] INFO  request.AsRequest (AsRequest.java:issueTicket(112)) - AS_REQ ISSUE: authtime 1747122294127,om/10.1.0.101@EXAMPLE.COM for krbtgt/EXAMPLE.COM@EXAMPLE.COM
2025-05-13 07:44:54,129 [main] INFO  security.UserGroupInformation (UserGroupInformation.java:loginUserFromKeytab(1143)) - Login successful for user om/10.1.0.101@EXAMPLE.COM using keytab file om.keytab. Keytab auto renewal enabled : false
2025-05-13 07:44:54,129 [main] INFO  om.OzoneManager (OzoneManager.java:loginOMUser(1308)) - Ozone Manager login successful.
2025-05-13 07:44:54,129 [main] WARN  server.ServerUtils (ServerUtils.java:getDBPath(292)) - ozone.om.db.dirs is not configured. We recommend adding this setting. Falling back to ozone.metadata.dirs instead.
2025-05-13 07:44:54,129 [main] INFO  om.OzoneManager (OzoneManager.java:setReplicationFromConfig(4596)) - Set default replication in OM: RATIS/3 -> RATIS/THREE
2025-05-13 07:44:54,130 [main] INFO  proxy.SCMContainerLocationFailoverProxyProvider (SCMFailoverProxyProviderBase.java:<init>(120)) - Created fail-over proxy for protocol StorageContainerLocationProtocolPB with 1 nodes: [nodeId=scmNodeId,nodeAddress=/0.0.0.0:15049]
2025-05-13 07:44:54,130 [main] INFO  proxy.SCMBlockLocationFailoverProxyProvider (SCMFailoverProxyProviderBase.java:<init>(120)) - Created fail-over proxy for protocol ScmBlockLocationProtocolPB with 1 nodes: [nodeId=scmNodeId,nodeAddress=/0.0.0.0:15051]
2025-05-13 07:44:54,133 [main] INFO  om.OzoneManager (OzoneManager.java:getOmDetailsProto(4941)) - OzoneManager ports added:[name: "RPC"
value: 15055
]
2025-05-13 07:44:54,135 [main] INFO  proxy.SCMSecurityProtocolFailoverProxyProvider (SCMFailoverProxyProviderBase.java:<init>(120)) - Created fail-over proxy for protocol SCMSecurityProtocolPB with 1 nodes: [nodeId=scmNodeId,nodeAddress=/0.0.0.0:15052]
2025-05-13 07:44:54,135 [main] INFO  security.OMCertificateClient (DefaultCertificateClient.java:updateCertSerialId(1289)) - Certificate serial ID set to 9879877970576
2025-05-13 07:44:54,135 [main] WARN  security.OMCertificateClient (DefaultCertificateClient.java:loadAllCertificates(178)) - Certificates could not be loaded.
java.nio.file.NoSuchFileException: /tmp/junit-3052917412008176063/scm-meta/om/certs
	at java.base/sun.nio.fs.UnixException.translateToIOException(UnixException.java:92)
	at java.base/sun.nio.fs.UnixException.asIOException(UnixException.java:115)
	at java.base/sun.nio.fs.UnixFileSystemProvider.newDirectoryStream(UnixFileSystemProvider.java:501)
	at java.base/java.nio.file.Files.newDirectoryStream(Files.java:482)
	at java.base/java.nio.file.Files.list(Files.java:3785)
	at org.apache.hadoop.hdds.security.x509.certificate.client.DefaultCertificateClient.loadAllCertificates(DefaultCertificateClient.java:173)
	at org.apache.hadoop.hdds.security.x509.certificate.client.DefaultCertificateClient.updateCertSerialId(DefaultCertificateClient.java:1290)
	at org.apache.hadoop.hdds.security.x509.certificate.client.DefaultCertificateClient.<init>(DefaultCertificateClient.java:155)
	at org.apache.hadoop.ozone.security.OMCertificateClient.<init>(OMCertificateClient.java:65)
	at org.apache.hadoop.ozone.om.OzoneManager.<init>(OzoneManager.java:646)
	at org.apache.hadoop.ozone.om.OzoneManager.createOm(OzoneManager.java:877)
	at org.apache.hadoop.ozone.TestSecureOzoneCluster.setupOm(TestSecureOzoneCluster.java:716)
	at org.apache.hadoop.ozone.TestSecureOzoneCluster.testAccessControlExceptionOnClient(TestSecureOzoneCluster.java:574)
	at java.base/jdk.internal.reflect.DirectMethodHandleAccessor.invoke(DirectMethodHandleAccessor.java:103)
	at java.base/java.lang.reflect.Method.invoke(Method.java:580)
	at org.junit.platform.commons.util.ReflectionUtils.invokeMethod(ReflectionUtils.java:775)
	at org.junit.platform.commons.support.ReflectionSupport.invokeMethod(ReflectionSupport.java:479)
	at org.junit.jupiter.engine.execution.MethodInvocation.proceed(MethodInvocation.java:60)
	at org.junit.jupiter.engine.execution.InvocationInterceptorChain$ValidatingInvocation.proceed(InvocationInterceptorChain.java:131)
	at org.junit.jupiter.engine.extension.SameThreadTimeoutInvocation.proceed(SameThreadTimeoutInvocation.java:49)
	at org.junit.jupiter.engine.extension.TimeoutExtension.intercept(TimeoutExtension.java:161)
	at org.junit.jupiter.engine.extension.TimeoutExtension.interceptTestableMethod(TimeoutExtension.java:152)
	at org.junit.jupiter.engine.extension.TimeoutExtension.interceptTestMethod(TimeoutExtension.java:91)
	at org.junit.jupiter.engine.execution.InterceptingExecutableInvoker$ReflectiveInterceptorCall.lambda$ofVoidMethod$0(InterceptingExecutableInvoker.java:112)
	at org.junit.jupiter.engine.execution.InterceptingExecutableInvoker.lambda$invoke$0(InterceptingExecutableInvoker.java:94)
	at org.junit.jupiter.engine.execution.InvocationInterceptorChain$InterceptedInvocation.proceed(InvocationInterceptorChain.java:106)
	at org.junit.jupiter.engine.execution.InvocationInterceptorChain.proceed(InvocationInterceptorChain.java:64)
	at org.junit.jupiter.engine.execution.InvocationInterceptorChain.chainAndInvoke(InvocationInterceptorChain.java:45)
	at org.junit.jupiter.engine.execution.InvocationInterceptorChain.invoke(InvocationInterceptorChain.java:37)
	at org.junit.jupiter.engine.execution.InterceptingExecutableInvoker.invoke(InterceptingExecutableInvoker.java:93)
	at org.junit.jupiter.engine.execution.InterceptingExecutableInvoker.invoke(InterceptingExecutableInvoker.java:87)
	at org.junit.jupiter.engine.descriptor.TestMethodTestDescriptor.lambda$invokeTestMethod$7(TestMethodTestDescriptor.java:216)
	at org.junit.platform.engine.support.hierarchical.ThrowableCollector.execute(ThrowableCollector.java:73)
	at org.junit.jupiter.engine.descriptor.TestMethodTestDescriptor.invokeTestMethod(TestMethodTestDescriptor.java:212)
	at org.junit.jupiter.engine.descriptor.TestMethodTestDescriptor.execute(TestMethodTestDescriptor.java:137)
	at org.junit.jupiter.engine.descriptor.TestMethodTestDescriptor.execute(TestMethodTestDescriptor.java:69)
	at org.junit.platform.engine.support.hierarchical.NodeTestTask.lambda$executeRecursively$6(NodeTestTask.java:156)
	at org.junit.platform.engine.support.hierarchical.ThrowableCollector.execute(ThrowableCollector.java:73)
	at org.junit.platform.engine.support.hierarchical.NodeTestTask.lambda$executeRecursively$8(NodeTestTask.java:146)
	at org.junit.platform.engine.support.hierarchical.Node.around(Node.java:137)
	at org.junit.platform.engine.support.hierarchical.NodeTestTask.lambda$executeRecursively$9(NodeTestTask.java:144)
	at org.junit.platform.engine.support.hierarchical.ThrowableCollector.execute(ThrowableCollector.java:73)
	at org.junit.platform.engine.support.hierarchical.NodeTestTask.executeRecursively(NodeTestTask.java:143)
	at org.junit.platform.engine.support.hierarchical.NodeTestTask.execute(NodeTestTask.java:100)
	at java.base/java.util.ArrayList.forEach(ArrayList.java:1596)
	at org.junit.platform.engine.support.hierarchical.SameThreadHierarchicalTestExecutorService.invokeAll(SameThreadHierarchicalTestExecutorService.java:41)
	at org.junit.platform.engine.support.hierarchical.NodeTestTask.lambda$executeRecursively$6(NodeTestTask.java:160)
	at org.junit.platform.engine.support.hierarchical.ThrowableCollector.execute(ThrowableCollector.java:73)
	at org.junit.platform.engine.support.hierarchical.NodeTestTask.lambda$executeRecursively$8(NodeTestTask.java:146)
	at org.junit.platform.engine.support.hierarchical.Node.around(Node.java:137)
	at org.junit.platform.engine.support.hierarchical.NodeTestTask.lambda$executeRecursively$9(NodeTestTask.java:144)
	at org.junit.platform.engine.support.hierarchical.ThrowableCollector.execute(ThrowableCollector.java:73)
	at org.junit.platform.engine.support.hierarchical.NodeTestTask.executeRecursively(NodeTestTask.java:143)
	at org.junit.platform.engine.support.hierarchical.NodeTestTask.execute(NodeTestTask.java:100)
	at java.base/java.util.ArrayList.forEach(ArrayList.java:1596)
	at org.junit.platform.engine.support.hierarchical.SameThreadHierarchicalTestExecutorService.invokeAll(SameThreadHierarchicalTestExecutorService.java:41)
	at org.junit.platform.engine.support.hierarchical.NodeTestTask.lambda$executeRecursively$6(NodeTestTask.java:160)
	at org.junit.platform.engine.support.hierarchical.ThrowableCollector.execute(ThrowableCollector.java:73)
	at org.junit.platform.engine.support.hierarchical.NodeTestTask.lambda$executeRecursively$8(NodeTestTask.java:146)
	at org.junit.platform.engine.support.hierarchical.Node.around(Node.java:137)
	at org.junit.platform.engine.support.hierarchical.NodeTestTask.lambda$executeRecursively$9(NodeTestTask.java:144)
	at org.junit.platform.engine.support.hierarchical.ThrowableCollector.execute(ThrowableCollector.java:73)
	at org.junit.platform.engine.support.hierarchical.NodeTestTask.executeRecursively(NodeTestTask.java:143)
	at org.junit.platform.engine.support.hierarchical.NodeTestTask.execute(NodeTestTask.java:100)
	at org.junit.platform.engine.support.hierarchical.SameThreadHierarchicalTestExecutorService.submit(SameThreadHierarchicalTestExecutorService.java:35)
	at org.junit.platform.engine.support.hierarchical.HierarchicalTestExecutor.execute(HierarchicalTestExecutor.java:57)
	at org.junit.platform.engine.support.hierarchical.HierarchicalTestEngine.execute(HierarchicalTestEngine.java:54)
	at org.junit.platform.launcher.core.EngineExecutionOrchestrator.execute(EngineExecutionOrchestrator.java:201)
	at org.junit.platform.launcher.core.EngineExecutionOrchestrator.execute(EngineExecutionOrchestrator.java:170)
	at org.junit.platform.launcher.core.EngineExecutionOrchestrator.execute(EngineExecutionOrchestrator.java:94)
	at org.junit.platform.launcher.core.EngineExecutionOrchestrator.lambda$execute$0(EngineExecutionOrchestrator.java:59)
	at org.junit.platform.launcher.core.EngineExecutionOrchestrator.withInterceptedStreams(EngineExecutionOrchestrator.java:142)
	at org.junit.platform.launcher.core.EngineExecutionOrchestrator.execute(EngineExecutionOrchestrator.java:58)
	at org.junit.platform.launcher.core.DefaultLauncher.execute(DefaultLauncher.java:103)
	at org.junit.platform.launcher.core.DefaultLauncher.execute(DefaultLauncher.java:85)
	at org.junit.platform.launcher.core.DelegatingLauncher.execute(DelegatingLauncher.java:47)
	at org.junit.platform.launcher.core.InterceptingLauncher.lambda$execute$1(InterceptingLauncher.java:39)
	at org.junit.platform.launcher.core.ClasspathAlignmentCheckingLauncherInterceptor.intercept(ClasspathAlignmentCheckingLauncherInterceptor.java:25)
	at org.junit.platform.launcher.core.InterceptingLauncher.execute(InterceptingLauncher.java:38)
	at org.junit.platform.launcher.core.DelegatingLauncher.execute(DelegatingLauncher.java:47)
	at org.apache.maven.surefire.junitplatform.LazyLauncher.execute(LazyLauncher.java:56)
	at org.apache.maven.surefire.junitplatform.JUnitPlatformProvider.execute(JUnitPlatformProvider.java:184)
	at org.apache.maven.surefire.junitplatform.JUnitPlatformProvider.invokeAllTests(JUnitPlatformProvider.java:148)
	at org.apache.maven.surefire.junitplatform.JUnitPlatformProvider.invoke(JUnitPlatformProvider.java:120)
	at org.apache.maven.surefire.booter.ForkedBooter.runSuitesInProcess(ForkedBooter.java:385)
	at org.apache.maven.surefire.booter.ForkedBooter.execute(ForkedBooter.java:162)
	at org.apache.maven.surefire.booter.ForkedBooter.run(ForkedBooter.java:507)
	at org.apache.maven.surefire.booter.ForkedBooter.main(ForkedBooter.java:495)
2025-05-13 07:44:54,136 [main] INFO  proxy.SecretKeyProtocolFailoverProxyProvider (SCMFailoverProxyProviderBase.java:<init>(120)) - Created fail-over proxy for protocol SecretKeyProtocolOmPB with 1 nodes: [nodeId=scmNodeId,nodeAddress=/0.0.0.0:15052]
2025-05-13 07:44:54,136 [main] INFO  symmetric.DefaultSecretKeyVerifierClient (DefaultSecretKeyVerifierClient.java:<init>(76)) - Initializing secret key cache with size 16, TTL PT168H
2025-05-13 07:44:54,138 [main] INFO  om.OzoneManager (OzoneManager.java:<init>(670)) - OM start with adminUsers: [om/pkrvmberfyhpb9w.internal.cloudapp.net@EXAMPLE.COM, om]
2025-05-13 07:44:54,139 [main] WARN  server.ServerUtils (ServerUtils.java:getDBPath(292)) - ozone.om.db.dirs is not configured. We recommend adding this setting. Falling back to ozone.metadata.dirs instead.
2025-05-13 07:44:54,305 [main] INFO  om.OzoneManager (OzoneManager.java:instantiateServices(914)) - S3 Multi-Tenancy is disabled
2025-05-13 07:44:54,306 [main] INFO  security.OzoneSecretStore (OzoneSecretStore.java:loadState(70)) - Loaded 0 tokens
2025-05-13 07:44:54,306 [main] INFO  security.OzoneDelegationTokenSecretManager (OzoneDelegationTokenSecretManager.java:loadTokenSecretState(513)) - Loading token state into token manager.
2025-05-13 07:44:54,306 [main] INFO  om.OmSnapshotManager (OmSnapshotManager.java:<init>(187)) - Ozone filesystem snapshot feature is enabled.
2025-05-13 07:44:54,306 [main] WARN  server.ServerUtils (ServerUtils.java:getDBPath(292)) - ozone.om.snapshot.diff.db.dir is not configured. We recommend adding this setting. Falling back to ozone.metadata.dirs instead.
2025-05-13 07:44:54,328 [main] INFO  om.OzoneManager (OzoneManager.java:addS3GVolumeToDB(4654)) - Created Volume s3v With Owner om required for S3Gateway operations.
2025-05-13 07:44:54,328 [main] WARN  server.ServerUtils (ServerUtils.java:getDefaultRatisDirectory(304)) - Storage directory for Ratis is not configured. It is a good idea to map this to an SSD disk. Falling back to ozone.metadata.dirs
2025-05-13 07:44:54,329 [main] WARN  utils.OzoneManagerRatisUtils (OzoneManagerRatisUtils.java:getOMRatisSnapshotDirectory(488)) - ozone.om.ratis.snapshot.dir is not configured. Falling back to ozone.metadata.dirs config
2025-05-13 07:44:54,329 [main] WARN  dropwizard3.Dm3MetricRegistriesImpl (Dm3MetricRegistriesImpl.java:addReporterRegistration(114)) - New reporters are added after registries were created. Some metrics will be missing from the reporter. Please add reporter before adding any new registry.
2025-05-13 07:44:54,329 [main] WARN  dropwizard3.Dm3MetricRegistriesImpl (Dm3MetricRegistriesImpl.java:addReporterRegistration(114)) - New reporters are added after registries were created. Some metrics will be missing from the reporter. Please add reporter before adding any new registry.
2025-05-13 07:44:54,332 [main] WARN  server.ServerUtils (ServerUtils.java:getDefaultRatisDirectory(304)) - Storage directory for Ratis is not configured. It is a good idea to map this to an SSD disk. Falling back to ozone.metadata.dirs
2025-05-13 07:44:54,332 [main] INFO  server.RaftServerConfigKeys (ConfUtils.java:logGet(46)) - raft.server.log.appender.buffer.byte-limit = 4194304 (custom)
2025-05-13 07:44:54,333 [main] INFO  ratis.OzoneManagerRatisServer (OzoneManagerRatisServer.java:<init>(167)) - Instantiating OM Ratis server with groupID: omServiceIdDefault and peers: 10.1.0.101:9872
2025-05-13 07:44:54,334 [main] INFO  ratis.OzoneManagerStateMachine (OzoneManagerStateMachine.java:loadSnapshotInfoFromDB(618)) - TransactionInfo not found in OM DB.
2025-05-13 07:44:54,334 [main] INFO  server.RaftServer (ConfUtils.java:logGet(46)) - raft.rpc.type = GRPC (default)
2025-05-13 07:44:54,334 [main] INFO  grpc.GrpcConfigKeys (ConfUtils.java:logFallback(53)) - raft.grpc.admin.host = null (fallback to raft.grpc.server.host)
2025-05-13 07:44:54,334 [main] INFO  grpc.GrpcConfigKeys (ConfUtils.java:logFallback(53)) - raft.grpc.admin.port = 9872 (fallback to raft.grpc.server.port)
2025-05-13 07:44:54,335 [main] INFO  grpc.GrpcConfigKeys (ConfUtils.java:logFallback(53)) - raft.grpc.client.host = null (fallback to raft.grpc.server.host)
2025-05-13 07:44:54,335 [main] INFO  grpc.GrpcConfigKeys (ConfUtils.java:logFallback(53)) - raft.grpc.client.port = 9872 (fallback to raft.grpc.server.port)
2025-05-13 07:44:54,335 [main] INFO  grpc.GrpcConfigKeys (ConfUtils.java:logGet(46)) - raft.grpc.server.host = null (default)
2025-05-13 07:44:54,335 [main] INFO  grpc.GrpcConfigKeys (ConfUtils.java:logGet(46)) - raft.grpc.server.port = 9872 (custom)
2025-05-13 07:44:54,335 [main] INFO  server.GrpcService (ConfUtils.java:logGet(46)) - raft.grpc.message.size.max = 5242880 (custom)
2025-05-13 07:44:54,335 [main] INFO  server.GrpcService (ConfUtils.java:logGet(46)) - raft.grpc.flow.control.window = 1MB (=1048576) (default)
2025-05-13 07:44:54,335 [main] INFO  server.RaftServerConfigKeys (ConfUtils.java:logGet(46)) - raft.server.rpc.request.timeout = 3000ms (default)
2025-05-13 07:44:54,335 [main] INFO  grpc.GrpcConfigKeys (ConfUtils.java:logGet(46)) - raft.grpc.server.heartbeat.channel = true (default)
2025-05-13 07:44:54,335 [main] INFO  server.RaftServerConfigKeys (ConfUtils.java:logGet(46)) - raft.server.log.appender.buffer.byte-limit = 4194304 (custom)
2025-05-13 07:44:54,335 [main] INFO  grpc.GrpcConfigKeys (ConfUtils.java:logGet(46)) - raft.grpc.server.async.request.thread.pool.cached = true (default)
2025-05-13 07:44:54,335 [main] INFO  grpc.GrpcConfigKeys (ConfUtils.java:logGet(46)) - raft.grpc.server.async.request.thread.pool.size = 32 (default)
2025-05-13 07:44:54,336 [main] INFO  impl.DataStreamServerImpl (ConfUtils.java:logGet(46)) - raft.datastream.type = DISABLED (default)
2025-05-13 07:44:54,336 [main] INFO  server.RaftServerConfigKeys (ConfUtils.java:logGet(46)) - raft.server.sleep.deviation.threshold = 300ms (default)
2025-05-13 07:44:54,336 [main] INFO  server.RaftServerConfigKeys (ConfUtils.java:logGet(46)) - raft.server.close.threshold = 60s (default)
2025-05-13 07:44:54,337 [main] INFO  server.RaftServerConfigKeys (ConfUtils.java:logGet(46)) - raft.server.leaderelection.leader.step-down.wait-time = 10s (default)
2025-05-13 07:44:54,337 [main] INFO  server.RaftServerConfigKeys (ConfUtils.java:logGet(46)) - raft.server.storage.dir = [/tmp/junit-3052917412008176063/scm-meta/ratis] (custom)
2025-05-13 07:44:54,337 [main] INFO  server.RaftServerConfigKeys (ConfUtils.java:logGet(46)) - raft.server.threadpool.proxy.cached = true (default)
2025-05-13 07:44:54,337 [main] INFO  server.RaftServerConfigKeys (ConfUtils.java:logGet(46)) - raft.server.threadpool.proxy.size = 0 (default)
2025-05-13 07:44:54,337 [main] INFO  server.RaftServer (RaftServerProxy.java:addNew(100)) - om1: addNew group-C5BA1605619E:[om1|10.1.0.101:9872] returns group-C5BA1605619E:java.util.concurrent.CompletableFuture@170324c0[Not completed]
2025-05-13 07:44:54,337 [main] INFO  om.OzoneManager (OzoneManager.java:initializeRatisServer(2284)) - OzoneManager Ratis server initialized at port 9872
2025-05-13 07:44:54,338 [om1-groupManagement] INFO  server.RaftServer$Division (RaftServerImpl.java:<init>(255)) - om1: new RaftServerImpl for group-C5BA1605619E:[om1|10.1.0.101:9872] with OzoneManagerStateMachine:uninitialized
2025-05-13 07:44:54,338 [main] INFO  om.OzoneManager (OzoneManager.java:getRpcServer(1340)) - Creating RPC Server
ConfUtils.java:logGet(46)) - raft.server.rpc.timeout.min = 5s (custom)
2025-05-13 07:44:54,338 [main] INFO  om.OzoneManager (OzoneManager.java:getRpcServer(1340)) - Creating RPC Server
2025-05-13 07:44:54,338 [om1-groupManagement] INFO  server.RaftServerConfigKeys (ConfUtils.java:logGet(46)) - raft.server.rpc.timeout.max = 5200ms (custom)
2025-05-13 07:44:54,338 [om1-groupManagement] INFO  server.RaftServerConfigKeys (ConfUtils.java:logGet(46)) - raft.server.rpc.sleep.time = 25ms (default)
2025-05-13 07:44:54,338 [om1-groupManagement] INFO  server.RaftServerConfigKeys (ConfUtils.java:logGet(46)) - raft.server.rpc.slowness.timeout = 120s (custom)
2025-05-13 07:44:54,338 [om1-groupManagement] INFO  server.RaftServerConfigKeys (ConfUtils.java:logGet(46)) - raft.server.leaderelection.leader.step-down.wait-time = 10s (default)
2025-05-13 07:44:54,338 [om1-groupManagement] INFO  server.RaftServerConfigKeys (ConfUtils.java:logGet(46)) - raft.server.leaderelection.member.majority-add = false (default)
2025-05-13 07:44:54,338 [om1-groupManagement] INFO  server.RaftServerConfigKeys (ConfUtils.java:logGet(46)) - raft.server.sleep.deviation.threshold = 300ms (default)
2025-05-13 07:44:54,338 [om1-groupManagement] INFO  server.RaftServer$Division (ServerState.java:<init>(114)) - om1@group-C5BA1605619E: ConfigurationManager, init=conf: {index: -1, cur=peers:[om1|10.1.0.101:9872]|listeners:[], old=null}, confs=<EMPTY_MAP>
2025-05-13 07:44:54,338 [om1-groupManagement] INFO  server.RaftServerConfigKeys (ConfUtils.java:logGet(46)) - raft.server.notification.no-leader.timeout = 120s (custom)
2025-05-13 07:44:54,338 [om1-groupManagement] INFO  server.RaftServerConfigKeys (ConfUtils.java:logGet(46)) - raft.server.read.timeout = 10s (default)
2025-05-13 07:44:54,338 [om1-groupManagement] INFO  server.RaftServerConfigKeys (ConfUtils.java:logGet(46)) - raft.server.retrycache.expirytime = 300s (custom)
2025-05-13 07:44:54,338 [om1-groupManagement] INFO  server.RaftServerConfigKeys (ConfUtils.java:logGet(46)) - raft.server.retrycache.statistics.expirytime = 100ms (default)
2025-05-13 07:44:54,338 [om1-groupManagement] INFO  server.RaftServerConfigKeys (ConfUtils.java:logGet(46)) - raft.server.read.option = DEFAULT (default)
2025-05-13 07:44:54,338 [om1-groupManagement] INFO  server.RaftServerConfigKeys (ConfUtils.java:logGet(46)) - raft.server.read.read-after-write-consistent.write-index-cache.expiry-time = 60s (default)
2025-05-13 07:44:54,339 [om1-groupManagement] INFO  server.RaftServerConfigKeys (ConfUtils.java:logGet(46)) - raft.server.rpc.request.timeout = 3000ms (default)
2025-05-13 07:44:54,339 [om1-groupManagement] INFO  server.RaftServerConfigKeys (ConfUtils.java:logGet(46)) - raft.server.log.appender.install.snapshot.enabled = false (custom)
2025-05-13 07:44:54,339 [om1-groupManagement] INFO  server.RaftServerConfigKeys (ConfUtils.java:logGet(46)) - raft.server.threadpool.server.cached = true (default)
2025-05-13 07:44:54,339 [om1-groupManagement] INFO  server.RaftServerConfigKeys (ConfUtils.java:logGet(46)) - raft.server.threadpool.server.size = 0 (default)
2025-05-13 07:44:54,339 [om1-groupManagement] INFO  server.RaftServerConfigKeys (ConfUtils.java:logGet(46)) - raft.server.threadpool.client.cached = true (default)
2025-05-13 07:44:54,339 [om1-groupManagement] INFO  server.RaftServerConfigKeys (ConfUtils.java:logGet(46)) - raft.server.threadpool.client.size = 0 (default)
2025-05-13 07:44:54,722 [main] INFO  reflections.Reflections (Reflections.java:scan(219)) - Reflections took 384 ms to scan 24 urls, producing 60 keys and 7515 values
2025-05-13 07:44:54,724 [main] INFO  ipc.CallQueueManager (CallQueueManager.java:<init>(93)) - Using callQueue: class java.util.concurrent.LinkedBlockingQueue, queueCapacity: 2000, scheduler: class org.apache.hadoop.ipc.DefaultRpcScheduler, ipcBackoff: false, ipcFailOver: false.
2025-05-13 07:44:54,728 [pool-321-thread-1] INFO  request.KdcRequest (KdcRequest.java:preauth(683)) - The preauth data is empty.
2025-05-13 07:44:54,728 [pool-321-thread-1] INFO  server.KdcHandler (KdcHandler.java:handleRecoverableException(177)) - KRB error occurred while processing request: Additional pre-authentication required
2025-05-13 07:44:54,731 [pool-321-thread-1] INFO  request.AsRequest (AsRequest.java:issueTicket(112)) - AS_REQ ISSUE: authtime 1747122294730,test@EXAMPLE.COM for krbtgt/EXAMPLE.COM@EXAMPLE.COM
2025-05-13 07:44:55,205 [om1-om-CertificateRenewerService] INFO  retry.RetryInvocationHandler (RetryInvocationHandler.java:log(426)) - com.google.protobuf.ServiceException: java.net.ConnectException: Call From pkrvmberfyhpb9w/10.1.0.14 to localhost:15024 failed on connection exception: java.net.ConnectException: Connection refused; For more details see:  http://wiki.apache.org/hadoop/ConnectionRefused, while invoking $Proxy45.submitRequest over nodeId=scmNodeId,nodeAddress=localhost/127.0.0.1:15024 after 44 failover attempts. Trying to failover after sleeping for 2000ms. Current retry count: 44.
2025-05-13 07:44:56,063 [IPC Server handler 1 on default port 15052] INFO  ipc.Server (Server.java:logException(3260)) - IPC Server handler 1 on default port 15052, call Call#11 Retry#1 org.apache.hadoop.hdds.protocol.SCMSecurityProtocol.submitRequest from 127.0.0.1:48452
org.apache.hadoop.hdds.ratis.ServerNotLeaderException: SCM Server:3542b160-3524-44ff-92da-cbafe8793333(pkrvmberfyhpb9w.internal.cloudapp.net) is not the leader. Could not determine the leader node.
	at org.apache.hadoop.hdds.ratis.ServerNotLeaderException.convertToNotLeaderException(ServerNotLeaderException.java:106)
	at org.apache.hadoop.hdds.scm.ha.RatisUtil.checkRatisException(RatisUtil.java:248)
	at org.apache.hadoop.hdds.scm.protocol.SCMSecurityProtocolServerSideTranslatorPB.submitRequest(SCMSecurityProtocolServerSideTranslatorPB.java:83)
	at org.apache.hadoop.hdds.protocol.proto.SCMSecurityProtocolProtos$SCMSecurityProtocolService$2.callBlockingMethod(SCMSecurityProtocolProtos.java:18942)
	at org.apache.hadoop.ipc.ProtobufRpcEngine$Server.processCall(ProtobufRpcEngine.java:484)
	at org.apache.hadoop.ipc.ProtobufRpcEngine2$Server$ProtoBufRpcInvoker.call(ProtobufRpcEngine2.java:595)
	at org.apache.hadoop.ipc.ProtobufRpcEngine2$Server$ProtoBufRpcInvoker.call(ProtobufRpcEngine2.java:573)
	at org.apache.hadoop.ipc.RPC$Server.call(RPC.java:1227)
	at org.apache.hadoop.ipc.Server$RpcCall.run(Server.java:1246)
	at org.apache.hadoop.ipc.Server$RpcCall.run(Server.java:1169)
	at java.base/java.security.AccessController.doPrivileged(AccessController.java:714)
	at java.base/javax.security.auth.Subject.doAs(Subject.java:525)
	at org.apache.hadoop.security.UserGroupInformation.doAs(UserGroupInformation.java:1953)
	at org.apache.hadoop.ipc.Server$Handler.run(Server.java:3198)
2025-05-13 07:44:56,064 [3542b160-3524-44ff-92da-cbafe8793333-scm/sub-ca-refreshCACertificates] INFO  retry.RetryInvocationHandler (RetryInvocationHandler.java:log(426)) - com.google.protobuf.ServiceException: org.apache.hadoop.ipc.RemoteException(org.apache.hadoop.hdds.ratis.ServerNotLeaderException): SCM Server:3542b160-3524-44ff-92da-cbafe8793333(pkrvmberfyhpb9w.internal.cloudapp.net) is not the leader. Could not determine the leader node.
	at org.apache.hadoop.hdds.ratis.ServerNotLeaderException.convertToNotLeaderException(ServerNotLeaderException.java:106)
	at org.apache.hadoop.hdds.scm.ha.RatisUtil.checkRatisException(RatisUtil.java:248)
	at org.apache.hadoop.hdds.scm.protocol.SCMSecurityProtocolServerSideTranslatorPB.submitRequest(SCMSecurityProtocolServerSideTranslatorPB.java:83)
	at org.apache.hadoop.hdds.protocol.proto.SCMSecurityProtocolProtos$SCMSecurityProtocolService$2.callBlockingMethod(SCMSecurityProtocolProtos.java:18942)
	at org.apache.hadoop.ipc.ProtobufRpcEngine$Server.processCall(ProtobufRpcEngine.java:484)
	at org.apache.hadoop.ipc.ProtobufRpcEngine2$Server$ProtoBufRpcInvoker.call(ProtobufRpcEngine2.java:595)
	at org.apache.hadoop.ipc.ProtobufRpcEngine2$Server$ProtoBufRpcInvoker.call(ProtobufRpcEngine2.java:573)
	at org.apache.hadoop.ipc.RPC$Server.call(RPC.java:1227)
	at org.apache.hadoop.ipc.Server$RpcCall.run(Server.java:1246)
	at org.apache.hadoop.ipc.Server$RpcCall.run(Server.java:1169)
	at java.base/java.security.AccessController.doPrivileged(AccessController.java:714)
	at java.base/javax.security.auth.Subject.doAs(Subject.java:525)
	at org.apache.hadoop.security.UserGroupInformation.doAs(UserGroupInformation.java:1953)
	at org.apache.hadoop.ipc.Server$Handler.run(Server.java:3198)
, while invoking $Proxy45.submitRequest over nodeId=scmNodeId,nodeAddress=localhost/127.0.0.1:15052 after 1 failover attempts. Trying to failover after sleeping for 2000ms. Current retry count: 1.
2025-05-13 07:44:56,967 [main] INFO  retry.RetryInvocationHandler (RetryInvocationHandler.java:log(426)) - com.google.protobuf.ServiceException: java.net.ConnectException: Call From pkrvmberfyhpb9w/10.1.0.14 to 10.1.0.101:15055 failed on connection exception: java.net.ConnectException: Connection refused; For more details see:  http://wiki.apache.org/hadoop/ConnectionRefused, while invoking $Proxy118.submitRequest over nodeId=null,nodeAddress=10.1.0.101:15055 after 1 failover attempts. Trying to failover after sleeping for 4000ms. Current retry count: 1.
2025-05-13 07:44:57,206 [om1-om-CertificateRenewerService] INFO  retry.RetryInvocationHandler (RetryInvocationHandler.java:log(426)) - com.google.protobuf.ServiceException: java.net.ConnectException: Call From pkrvmberfyhpb9w/10.1.0.14 to localhost:15024 failed on connection exception: java.net.ConnectException: Connection refused; For more details see:  http://wiki.apache.org/hadoop/ConnectionRefused, while invoking $Proxy45.submitRequest over nodeId=scmNodeId,nodeAddress=localhost/127.0.0.1:15024 after 45 failover attempts. Trying to failover after sleeping for 2000ms. Current retry count: 45.
2025-05-13 07:44:58,065 [IPC Server handler 0 on default port 15052] INFO  ipc.Server (Server.java:logException(3260)) - IPC Server handler 0 on default port 15052, call Call#11 Retry#2 org.apache.hadoop.hdds.protocol.SCMSecurityProtocol.submitRequest from 127.0.0.1:48452
org.apache.hadoop.hdds.ratis.ServerNotLeaderException: SCM Server:3542b160-3524-44ff-92da-cbafe8793333(pkrvmberfyhpb9w.internal.cloudapp.net) is not the leader. Could not determine the leader node.
	at org.apache.hadoop.hdds.ratis.ServerNotLeaderException.convertToNotLeaderException(ServerNotLeaderException.java:106)
	at org.apache.hadoop.hdds.scm.ha.RatisUtil.checkRatisException(RatisUtil.java:248)
	at org.apache.hadoop.hdds.scm.protocol.SCMSecurityProtocolServerSideTranslatorPB.submitRequest(SCMSecurityProtocolServerSideTranslatorPB.java:83)
	at org.apache.hadoop.hdds.protocol.proto.SCMSecurityProtocolProtos$SCMSecurityProtocolService$2.callBlockingMethod(SCMSecurityProtocolProtos.java:18942)
	at org.apache.hadoop.ipc.ProtobufRpcEngine$Server.processCall(ProtobufRpcEngine.java:484)
	at org.apache.hadoop.ipc.ProtobufRpcEngine2$Server$ProtoBufRpcInvoker.call(ProtobufRpcEngine2.java:595)
	at org.apache.hadoop.ipc.ProtobufRpcEngine2$Server$ProtoBufRpcInvoker.call(ProtobufRpcEngine2.java:573)
	at org.apache.hadoop.ipc.RPC$Server.call(RPC.java:1227)
	at org.apache.hadoop.ipc.Server$RpcCall.run(Server.java:1246)
	at org.apache.hadoop.ipc.Server$RpcCall.run(Server.java:1169)
	at java.base/java.security.AccessController.doPrivileged(AccessController.java:714)
	at java.base/javax.security.auth.Subject.doAs(Subject.java:525)
	at org.apache.hadoop.security.UserGroupInformation.doAs(UserGroupInformation.java:1953)
	at org.apache.hadoop.ipc.Server$Handler.run(Server.java:3198)
2025-05-13 07:44:58,066 [3542b160-3524-44ff-92da-cbafe8793333-scm/sub-ca-refreshCACertificates] INFO  retry.RetryInvocationHandler (RetryInvocationHandler.java:log(426)) - com.google.protobuf.ServiceException: org.apache.hadoop.ipc.RemoteException(org.apache.hadoop.hdds.ratis.ServerNotLeaderException): SCM Server:3542b160-3524-44ff-92da-cbafe8793333(pkrvmberfyhpb9w.internal.cloudapp.net) is not the leader. Could not determine the leader node.
	at org.apache.hadoop.hdds.ratis.ServerNotLeaderException.convertToNotLeaderException(ServerNotLeaderException.java:106)
	at org.apache.hadoop.hdds.scm.ha.RatisUtil.checkRatisException(RatisUtil.java:248)
	at org.apache.hadoop.hdds.scm.protocol.SCMSecurityProtocolServerSideTranslatorPB.submitRequest(SCMSecurityProtocolServerSideTranslatorPB.java:83)
	at org.apache.hadoop.hdds.protocol.proto.SCMSecurityProtocolProtos$SCMSecurityProtocolService$2.callBlockingMethod(SCMSecurityProtocolProtos.java:18942)
	at org.apache.hadoop.ipc.ProtobufRpcEngine$Server.processCall(ProtobufRpcEngine.java:484)
	at org.apache.hadoop.ipc.ProtobufRpcEngine2$Server$ProtoBufRpcInvoker.call(ProtobufRpcEngine2.java:595)
	at org.apache.hadoop.ipc.ProtobufRpcEngine2$Server$ProtoBufRpcInvoker.call(ProtobufRpcEngine2.java:573)
	at org.apache.hadoop.ipc.RPC$Server.call(RPC.java:1227)
	at org.apache.hadoop.ipc.Server$RpcCall.run(Server.java:1246)
	at org.apache.hadoop.ipc.Server$RpcCall.run(Server.java:1169)
	at java.base/java.security.AccessController.doPrivileged(AccessController.java:714)
	at java.base/javax.security.auth.Subject.doAs(Subject.java:525)
	at org.apache.hadoop.security.UserGroupInformation.doAs(UserGroupInformation.java:1953)
	at org.apache.hadoop.ipc.Server$Handler.run(Server.java:3198)
, while invoking $Proxy45.submitRequest over nodeId=scmNodeId,nodeAddress=localhost/127.0.0.1:15052 after 2 failover attempts. Trying to failover after sleeping for 2000ms. Current retry count: 2.
2025-05-13 07:44:59,044 [3542b160-3524-44ff-92da-cbafe8793333@group-11E3D3358789-FollowerState] INFO  impl.FollowerState (FollowerState.java:runImpl(161)) - 3542b160-3524-44ff-92da-cbafe8793333@group-11E3D3358789-FollowerState: change to CANDIDATE, lastRpcElapsedTime:5098979646ns, electionTimeout:5098ms
2025-05-13 07:44:59,044 [3542b160-3524-44ff-92da-cbafe8793333@group-11E3D3358789-FollowerState] INFO  impl.RoleInfo (RoleInfo.java:shutdownFollowerState(121)) - 3542b160-3524-44ff-92da-cbafe8793333: shutdown 3542b160-3524-44ff-92da-cbafe8793333@group-11E3D3358789-FollowerState
2025-05-13 07:44:59,045 [3542b160-3524-44ff-92da-cbafe8793333@group-11E3D3358789-FollowerState] INFO  server.RaftServer$Division (RaftServerImpl.java:setRole(378)) - 3542b160-3524-44ff-92da-cbafe8793333@group-11E3D3358789: changes role from  FOLLOWER to CANDIDATE at term 1 for changeToCandidate
2025-05-13 07:44:59,045 [3542b160-3524-44ff-92da-cbafe8793333@group-11E3D3358789-FollowerState] INFO  server.RaftServerConfigKeys (ConfUtils.java:logGet(46)) - raft.server.leaderelection.pre-vote = true (default)
2025-05-13 07:44:59,045 [3542b160-3524-44ff-92da-cbafe8793333@group-11E3D3358789-FollowerState] INFO  impl.RoleInfo (RoleInfo.java:updateAndGet(148)) - 3542b160-3524-44ff-92da-cbafe8793333: start 3542b160-3524-44ff-92da-cbafe8793333@group-11E3D3358789-LeaderElection9
2025-05-13 07:44:59,045 [3542b160-3524-44ff-92da-cbafe8793333@group-11E3D3358789-LeaderElection9] INFO  impl.LeaderElection (LeaderElection.java:askForVotes(332)) - 3542b160-3524-44ff-92da-cbafe8793333@group-11E3D3358789-LeaderElection9 PRE_VOTE round 0: submit vote requests at term 1 for conf: {index: 0, cur=peers:[3542b160-3524-44ff-92da-cbafe8793333|pkrvmberfyhpb9w:15053]|listeners:[], old=null}
2025-05-13 07:44:59,045 [3542b160-3524-44ff-92da-cbafe8793333@group-11E3D3358789-LeaderElection9] INFO  impl.LeaderElection (LeaderElection.java:askForVotes(334)) - 3542b160-3524-44ff-92da-cbafe8793333@group-11E3D3358789-LeaderElection9 PRE_VOTE round 0: result PASSED (term=1)
2025-05-13 07:44:59,047 [3542b160-3524-44ff-92da-cbafe8793333@group-11E3D3358789-LeaderElection9] INFO  impl.LeaderElection (LeaderElection.java:askForVotes(332)) - 3542b160-3524-44ff-92da-cbafe8793333@group-11E3D3358789-LeaderElection9 ELECTION round 0: submit vote requests at term 2 for conf: {index: 0, cur=peers:[3542b160-3524-44ff-92da-cbafe8793333|pkrvmberfyhpb9w:15053]|listeners:[], old=null}
2025-05-13 07:44:59,047 [3542b160-3524-44ff-92da-cbafe8793333@group-11E3D3358789-LeaderElection9] INFO  impl.LeaderElection (LeaderElection.java:askForVotes(334)) - 3542b160-3524-44ff-92da-cbafe8793333@group-11E3D3358789-LeaderElection9 ELECTION round 0: result PASSED (term=2)
2025-05-13 07:44:59,047 [3542b160-3524-44ff-92da-cbafe8793333@group-11E3D3358789-LeaderElection9] INFO  impl.RoleInfo (RoleInfo.java:shutdownLeaderElection(141)) - 3542b160-3524-44ff-92da-cbafe8793333: shutdown 3542b160-3524-44ff-92da-cbafe8793333@group-11E3D3358789-LeaderElection9
2025-05-13 07:44:59,047 [3542b160-3524-44ff-92da-cbafe8793333@group-11E3D3358789-LeaderElection9] INFO  server.RaftServer$Division (RaftServerImpl.java:setRole(378)) - 3542b160-3524-44ff-92da-cbafe8793333@group-11E3D3358789: changes role from CANDIDATE to LEADER at term 2 for changeToLeader
2025-05-13 07:44:59,047 [3542b160-3524-44ff-92da-cbafe8793333@group-11E3D3358789-LeaderElection9] INFO  server.RaftServerConfigKeys (ConfUtils.java:logGet(46)) - raft.server.staging.catchup.gap = 1000 (default)
2025-05-13 07:44:59,047 [3542b160-3524-44ff-92da-cbafe8793333@group-11E3D3358789-LeaderElection9] INFO  server.RaftServerConfigKeys (ConfUtils.java:logGet(46)) - raft.server.write.element-limit = 4096 (default)
2025-05-13 07:44:59,047 [3542b160-3524-44ff-92da-cbafe8793333@group-11E3D3358789-LeaderElection9] INFO  server.RaftServerConfigKeys (ConfUtils.java:logGet(46)) - raft.server.write.byte-limit = 64MB (=67108864) (default)
2025-05-13 07:44:59,048 [3542b160-3524-44ff-92da-cbafe8793333@group-11E3D3358789-LeaderElection9] INFO  server.RaftServerConfigKeys (ConfUtils.java:logGet(46)) - raft.server.watch.timeout = 10s (default)
2025-05-13 07:44:59,048 [3542b160-3524-44ff-92da-cbafe8793333@group-11E3D3358789-LeaderElection9] INFO  server.RaftServerConfigKeys (ConfUtils.java:logGet(46)) - raft.server.watch.timeout.denomination = 1s (default)
2025-05-13 07:44:59,048 [3542b160-3524-44ff-92da-cbafe8793333@group-11E3D3358789-LeaderElection9] INFO  server.RaftServerConfigKeys (ConfUtils.java:logGet(46)) - raft.server.watch.element-limit = 65536 (default)
2025-05-13 07:44:59,048 [3542b160-3524-44ff-92da-cbafe8793333@group-11E3D3358789-LeaderElection9] INFO  server.RaftServerConfigKeys (ConfUtils.java:logGet(46)) - raft.server.read.leader.lease.enabled = false (default)
2025-05-13 07:44:59,048 [3542b160-3524-44ff-92da-cbafe8793333@group-11E3D3358789-LeaderElection9] INFO  server.RaftServerConfigKeys (ConfUtils.java:logGet(46)) - raft.server.read.leader.lease.timeout.ratio = 0.9 (default)
2025-05-13 07:44:59,048 [3542b160-3524-44ff-92da-cbafe8793333@group-11E3D3358789-LeaderElection9] INFO  server.RaftServerConfigKeys (ConfUtils.java:logGet(46)) - raft.server.rpc.timeout.min = 5000ms (custom)
2025-05-13 07:44:59,048 [3542b160-3524-44ff-92da-cbafe8793333@group-11E3D3358789-LeaderElection9] INFO  server.RaftServerConfigKeys (ConfUtils.java:logGet(46)) - raft.server.log.log-metadata.enabled = true (default)
2025-05-13 07:44:59,048 [3542b160-3524-44ff-92da-cbafe8793333@group-11E3D3358789-LeaderElection9] INFO  server.RaftServerConfigKeys (ConfUtils.java:logGet(46)) - raft.server.write.element-limit = 4096 (default)
2025-05-13 07:44:59,048 [3542b160-3524-44ff-92da-cbafe8793333@group-11E3D3358789-LeaderElection9] INFO  server.RaftServerConfigKeys (ConfUtils.java:logGet(46)) - raft.server.write.follower.gap.ratio.max = -1.0 (default)
2025-05-13 07:44:59,048 [3542b160-3524-44ff-92da-cbafe8793333@group-11E3D3358789-LeaderElection9] INFO  impl.RoleInfo (RoleInfo.java:updateAndGet(148)) - 3542b160-3524-44ff-92da-cbafe8793333: start 3542b160-3524-44ff-92da-cbafe8793333@group-11E3D3358789-LeaderStateImpl
2025-05-13 07:44:59,048 [3542b160-3524-44ff-92da-cbafe8793333@group-11E3D3358789-LeaderElection9] INFO  server.RaftServer$Division (RaftServerImpl.java:setFirstElection(562)) - 3542b160-3524-44ff-92da-cbafe8793333@group-11E3D3358789: set firstElectionSinceStartup to false for becomeLeader
2025-05-13 07:44:59,048 [3542b160-3524-44ff-92da-cbafe8793333@group-11E3D3358789-LeaderElection9] INFO  ha.SCMStateMachine (SCMStateMachine.java:notifyLeaderChanged(291)) - current SCM becomes leader of term 2.
2025-05-13 07:44:59,048 [3542b160-3524-44ff-92da-cbafe8793333@group-11E3D3358789-LeaderElection9] INFO  ha.SCMContext (SCMContext.java:updateLeaderAndTerm(95)) - update <isLeader,term> from <false,0> to <true,2>
2025-05-13 07:44:59,049 [3542b160-3524-44ff-92da-cbafe8793333@group-11E3D3358789-LeaderElection9] INFO  server.RaftServer$Division (ServerState.java:setLeader(272)) - 3542b160-3524-44ff-92da-cbafe8793333@group-11E3D3358789: change Leader from null to 3542b160-3524-44ff-92da-cbafe8793333 at term 2 for becomeLeader, leader elected after 5151ms
2025-05-13 07:44:59,049 [3542b160-3524-44ff-92da-cbafe8793333@group-11E3D3358789-LeaderElection9] INFO  segmented.SegmentedRaftLogWorker (SegmentedRaftLogWorker.java:rollLogSegment(443)) - 3542b160-3524-44ff-92da-cbafe8793333@group-11E3D3358789-SegmentedRaftLogWorker: Rolling segment log-0_0 to index:0
2025-05-13 07:44:59,049 [3542b160-3524-44ff-92da-cbafe8793333@group-11E3D3358789-LeaderElection9] INFO  server.RaftServer$Division (ServerState.java:setRaftConf(386)) - 3542b160-3524-44ff-92da-cbafe8793333@group-11E3D3358789: set configuration conf: {index: 1, cur=peers:[3542b160-3524-44ff-92da-cbafe8793333|pkrvmberfyhpb9w:15053]|listeners:[], old=null}
2025-05-13 07:44:59,049 [3542b160-3524-44ff-92da-cbafe8793333@group-11E3D3358789-SegmentedRaftLogWorker] INFO  segmented.SegmentedRaftLogWorker (SegmentedRaftLogWorker.java:execute(601)) - 3542b160-3524-44ff-92da-cbafe8793333@group-11E3D3358789-SegmentedRaftLogWorker: Rolled log segment from /tmp/junit-3052917412008176063/scm-meta/scm-ha/53ec9346-515c-41e3-8420-11e3d3358789/current/log_inprogress_0 to /tmp/junit-3052917412008176063/scm-meta/scm-ha/53ec9346-515c-41e3-8420-11e3d3358789/current/log_0-0
2025-05-13 07:44:59,050 [3542b160-3524-44ff-92da-cbafe8793333@group-11E3D3358789-SegmentedRaftLogWorker] INFO  segmented.BufferedWriteChannel (BufferedWriteChannel.java:open(61)) - open log_inprogress_1 at position 0
2025-05-13 07:44:59,055 [3542b160-3524-44ff-92da-cbafe8793333@group-11E3D3358789-SegmentedRaftLogWorker] INFO  segmented.SegmentedRaftLogWorker (SegmentedRaftLogWorker.java:execute(644)) - 3542b160-3524-44ff-92da-cbafe8793333@group-11E3D3358789-SegmentedRaftLogWorker: created new log segment /tmp/junit-3052917412008176063/scm-meta/scm-ha/53ec9346-515c-41e3-8420-11e3d3358789/current/log_inprogress_1
2025-05-13 07:44:59,058 [3542b160-3524-44ff-92da-cbafe8793333@group-11E3D3358789-StateMachineUpdater] INFO  server.RaftServer$Division (LeaderStateImpl.java:checkStartIndex(313)) - Leader 3542b160-3524-44ff-92da-cbafe8793333@group-11E3D3358789-LeaderStateImpl is ready since appliedIndex == startIndex == 1
2025-05-13 07:44:59,058 [3542b160-3524-44ff-92da-cbafe8793333@group-11E3D3358789-StateMachineUpdater] INFO  ha.SCMContext (SCMContext.java:setLeaderReady(122)) - update <isLeaderReady> from <false> to <true>
2025-05-13 07:44:59,058 [3542b160-3524-44ff-92da-cbafe8793333@group-11E3D3358789-StateMachineUpdater] INFO  pipeline.BackgroundPipelineCreator (BackgroundPipelineCreator.java:notifyStatusChanged(268)) - Service BackgroundPipelineCreator transitions to RUNNING.
2025-05-13 07:44:59,058 [SecretKeyManagerService] INFO  symmetric.SecretKeyManager (SecretKeyManager.java:checkAndInitialize(78)) - Initializing SecretKeys.
2025-05-13 07:44:59,059 [3542b160-3524-44ff-92da-cbafe8793333@group-11E3D3358789-StateMachineUpdater] INFO  safemode.RatisContainerSafeModeRule (RatisContainerSafeModeRule.java:initializeRule(160)) - Refreshed Containers with one replica threshold count 0.
2025-05-13 07:44:59,059 [SecretKeyManagerService] INFO  symmetric.SecretKeyManager (SecretKeyManager.java:checkAndInitialize(92)) - No valid key has been loaded. A new key is generated: SecretKey(id = 1d3769f0-c0b7-470e-8016-0b17f78f1370, creation at: 2025-05-13T07:44:59.059022665Z, expire at: 2025-05-20T07:44:59.059022665Z)
2025-05-13 07:44:59,059 [3542b160-3524-44ff-92da-cbafe8793333@group-11E3D3358789-StateMachineUpdater] INFO  safemode.HealthyPipelineSafeModeRule (HealthyPipelineSafeModeRule.java:initializeRule(173)) - Refreshed total pipeline count is 0, healthy pipeline threshold count is 0
2025-05-13 07:44:59,059 [3542b160-3524-44ff-92da-cbafe8793333@group-11E3D3358789-StateMachineUpdater] INFO  safemode.ECContainerSafeModeRule (ECContainerSafeModeRule.java:initializeRule(205)) - Refreshed Containers with ec n replica threshold count 0.
2025-05-13 07:44:59,059 [3542b160-3524-44ff-92da-cbafe8793333@group-11E3D3358789-StateMachineUpdater] INFO  safemode.OneReplicaPipelineSafeModeRule (OneReplicaPipelineSafeModeRule.java:initializeRule(186)) - Refreshed Total pipeline count is 0, pipeline's with at least one datanode reported threshold count is 0
2025-05-13 07:44:59,059 [3542b160-3524-44ff-92da-cbafe8793333@group-11E3D3358789-StateMachineUpdater] INFO  server.SCMDatanodeProtocolServer (SCMDatanodeProtocolServer.java:start(193)) - ScmDatanodeProtocol RPC server for DataNodes is listening at /0.0.0.0:15050
2025-05-13 07:44:59,060 [IPC Server Responder] INFO  ipc.Server (Server.java:run(1713)) - IPC Server Responder: starting
2025-05-13 07:44:59,060 [IPC Server listener on 15050] INFO  ipc.Server (Server.java:run(1553)) - IPC Server listener on 15050: starting
2025-05-13 07:44:59,071 [3542b160-3524-44ff-92da-cbafe8793333@group-11E3D3358789-StateMachineUpdater] INFO  symmetric.SecretKeyStateImpl (SecretKeyStateImpl.java:updateKeysInternal(111)) - Updating keys with [SecretKey(id = 1d3769f0-c0b7-470e-8016-0b17f78f1370, creation at: 2025-05-13T07:44:59.059Z, expire at: 2025-05-20T07:44:59.059Z)]
2025-05-13 07:44:59,071 [3542b160-3524-44ff-92da-cbafe8793333@group-11E3D3358789-StateMachineUpdater] INFO  symmetric.SecretKeyStateImpl (SecretKeyStateImpl.java:updateKeysInternal(126)) - Current key updated SecretKey(id = 1d3769f0-c0b7-470e-8016-0b17f78f1370, creation at: 2025-05-13T07:44:59.059Z, expire at: 2025-05-20T07:44:59.059Z)
2025-05-13 07:44:59,073 [3542b160-3524-44ff-92da-cbafe8793333@group-11E3D3358789-StateMachineUpdater] INFO  symmetric.LocalSecretKeyStore (LocalSecretKeyStore.java:save(107)) - Saved [SecretKey(id = 1d3769f0-c0b7-470e-8016-0b17f78f1370, creation at: 2025-05-13T07:44:59.059Z, expire at: 2025-05-20T07:44:59.059Z)] to file /tmp/junit-3052917412008176063/scm-meta/scm/keys/secret_keys.json
2025-05-13 07:44:59,073 [3542b160-3524-44ff-92da-cbafe8793333@group-11E3D3358789-StateMachineUpdater] INFO  safemode.SCMSafeModeManager (SCMSafeModeManager.java:validateSafeModeExitRules(140)) - RatisContainerSafeModeRule rule is successfully validated
2025-05-13 07:44:59,073 [3542b160-3524-44ff-92da-cbafe8793333@group-11E3D3358789-StateMachineUpdater] INFO  safemode.SCMSafeModeManager (SCMSafeModeManager.java:validateSafeModeExitRules(140)) - HealthyPipelineSafeModeRule rule is successfully validated
2025-05-13 07:44:59,073 [3542b160-3524-44ff-92da-cbafe8793333@group-11E3D3358789-StateMachineUpdater] INFO  safemode.SCMSafeModeManager (SCMSafeModeManager.java:validateSafeModeExitRules(140)) - ECContainerSafeModeRule rule is successfully validated
2025-05-13 07:44:59,073 [3542b160-3524-44ff-92da-cbafe8793333@group-11E3D3358789-StateMachineUpdater] INFO  safemode.SCMSafeModeManager (SCMSafeModeManager.java:validateSafeModeExitRules(140)) - AtleastOneDatanodeReportedRule rule is successfully validated
2025-05-13 07:44:59,210 [om1-om-CertificateRenewerService] INFO  retry.RetryInvocationHandler (RetryInvocationHandler.java:log(426)) - com.google.protobuf.ServiceException: java.net.ConnectException: Call From pkrvmberfyhpb9w/10.1.0.14 to localhost:15024 failed on connection exception: java.net.ConnectException: Connection refused; For more details see:  http://wiki.apache.org/hadoop/ConnectionRefused, while invoking $Proxy45.submitRequest over nodeId=scmNodeId,nodeAddress=localhost/127.0.0.1:15024 after 46 failover attempts. Trying to failover after sleeping for 2000ms. Current retry count: 46.
2025-05-13 07:45:00,066 [IPC Server handler 1 on default port 15052] INFO  client.SCMCertificateClient (DefaultCertificateClient.java:getAllRootCaCerts(971)) - scm/sub-ca has 0 Root CA certificates
2025-05-13 07:45:00,067 [IPC Server handler 1 on default port 15052] INFO  client.SCMCertificateClient (DefaultCertificateClient.java:getAllCaCerts(979)) - scm/sub-ca has 1 CA certificates
2025-05-13 07:45:00,067 [3542b160-3524-44ff-92da-cbafe8793333-scm/sub-ca-refreshCACertificates] INFO  client.SCMCertificateClient (DefaultCertificateClient.java:getAllRootCaCerts(971)) - scm/sub-ca has 0 Root CA certificates
2025-05-13 07:45:00,067 [3542b160-3524-44ff-92da-cbafe8793333-scm/sub-ca-refreshCACertificates] INFO  client.SCMCertificateClient (DefaultCertificateClient.java:getAllCaCerts(979)) - scm/sub-ca has 1 CA certificates
2025-05-13 07:45:00,068 [3542b160-3524-44ff-92da-cbafe8793333-scm/sub-ca-refreshCACertificates] INFO  client.SCMCertificateClient (SCMCertificateClient.java:run(249)) - CA certificates are not changed.
2025-05-13 07:45:00,968 [main] INFO  retry.RetryInvocationHandler (RetryInvocationHandler.java:log(426)) - com.google.protobuf.ServiceException: java.net.ConnectException: Call From pkrvmberfyhpb9w/10.1.0.14 to 10.1.0.101:15055 failed on connection exception: java.net.ConnectException: Connection refused; For more details see:  http://wiki.apache.org/hadoop/ConnectionRefused, while invoking $Proxy118.submitRequest over nodeId=null,nodeAddress=10.1.0.101:15055 after 2 failover attempts. Trying to failover after sleeping for 6000ms. Current retry count: 2.
2025-05-13 07:45:01,211 [om1-om-CertificateRenewerService] INFO  retry.RetryInvocationHandler (RetryInvocationHandler.java:log(426)) - com.google.protobuf.ServiceException: java.net.ConnectException: Call From pkrvmberfyhpb9w/10.1.0.14 to localhost:15024 failed on connection exception: java.net.ConnectException: Connection refused; For more details see:  http://wiki.apache.org/hadoop/ConnectionRefused, while invoking $Proxy45.submitRequest over nodeId=scmNodeId,nodeAddress=localhost/127.0.0.1:15024 after 47 failover attempts. Trying to failover after sleeping for 2000ms. Current retry count: 47.
2025-05-13 07:45:03,212 [om1-om-CertificateRenewerService] INFO  retry.RetryInvocationHandler (RetryInvocationHandler.java:log(426)) - com.google.protobuf.ServiceException: java.net.ConnectException: Call From pkrvmberfyhpb9w/10.1.0.14 to localhost:15024 failed on connection exception: java.net.ConnectException: Connection refused; For more details see:  http://wiki.apache.org/hadoop/ConnectionRefused, while invoking $Proxy45.submitRequest over nodeId=scmNodeId,nodeAddress=localhost/127.0.0.1:15024 after 48 failover attempts. Trying to failover after sleeping for 2000ms. Current retry count: 48.
2025-05-13 07:45:05,216 [om1-om-CertificateRenewerService] INFO  retry.RetryInvocationHandler (RetryInvocationHandler.java:log(426)) - com.google.protobuf.ServiceException: java.net.ConnectException: Call From pkrvmberfyhpb9w/10.1.0.14 to localhost:15024 failed on connection exception: java.net.ConnectException: Connection refused; For more details see:  http://wiki.apache.org/hadoop/ConnectionRefused, while invoking $Proxy45.submitRequest over nodeId=scmNodeId,nodeAddress=localhost/127.0.0.1:15024 after 49 failover attempts. Trying to failover after sleeping for 2000ms. Current retry count: 49.
2025-05-13 07:45:06,970 [main] INFO  retry.RetryInvocationHandler (RetryInvocationHandler.java:log(426)) - com.google.protobuf.ServiceException: java.net.ConnectException: Call From pkrvmberfyhpb9w/10.1.0.14 to 10.1.0.101:15055 failed on connection exception: java.net.ConnectException: Connection refused; For more details see:  http://wiki.apache.org/hadoop/ConnectionRefused, while invoking $Proxy118.submitRequest over nodeId=null,nodeAddress=10.1.0.101:15055 after 3 failover attempts. Trying to failover after sleeping for 8000ms. Current retry count: 3.
2025-05-13 07:45:07,217 [om1-om-CertificateRenewerService] INFO  retry.RetryInvocationHandler (RetryInvocationHandler.java:log(426)) - com.google.protobuf.ServiceException: java.net.ConnectException: Call From pkrvmberfyhpb9w/10.1.0.14 to localhost:15024 failed on connection exception: java.net.ConnectException: Connection refused; For more details see:  http://wiki.apache.org/hadoop/ConnectionRefused, while invoking $Proxy45.submitRequest over nodeId=scmNodeId,nodeAddress=localhost/127.0.0.1:15024 after 50 failover attempts. Trying to failover after sleeping for 2000ms. Current retry count: 50.
2025-05-13 07:45:09,218 [om1-om-CertificateRenewerService] INFO  retry.RetryInvocationHandler (RetryInvocationHandler.java:log(426)) - com.google.protobuf.ServiceException: java.net.ConnectException: Call From pkrvmberfyhpb9w/10.1.0.14 to localhost:15024 failed on connection exception: java.net.ConnectException: Connection refused; For more details see:  http://wiki.apache.org/hadoop/ConnectionRefused, while invoking $Proxy45.submitRequest over nodeId=scmNodeId,nodeAddress=localhost/127.0.0.1:15024 after 51 failover attempts. Trying to failover after sleeping for 2000ms. Current retry count: 51.
2025-05-13 07:45:11,225 [om1-om-CertificateRenewerService] INFO  retry.RetryInvocationHandler (RetryInvocationHandler.java:log(426)) - com.google.protobuf.ServiceException: java.net.ConnectException: Call From pkrvmberfyhpb9w/10.1.0.14 to localhost:15024 failed on connection exception: java.net.ConnectException: Connection refused; For more details see:  http://wiki.apache.org/hadoop/ConnectionRefused, while invoking $Proxy45.submitRequest over nodeId=scmNodeId,nodeAddress=localhost/127.0.0.1:15024 after 52 failover attempts. Trying to failover after sleeping for 2000ms. Current retry count: 52.
2025-05-13 07:45:13,226 [om1-om-CertificateRenewerService] INFO  retry.RetryInvocationHandler (RetryInvocationHandler.java:log(426)) - com.google.protobuf.ServiceException: java.net.ConnectException: Call From pkrvmberfyhpb9w/10.1.0.14 to localhost:15024 failed on connection exception: java.net.ConnectException: Connection refused; For more details see:  http://wiki.apache.org/hadoop/ConnectionRefused, while invoking $Proxy45.submitRequest over nodeId=scmNodeId,nodeAddress=localhost/127.0.0.1:15024 after 53 failover attempts. Trying to failover after sleeping for 2000ms. Current retry count: 53.
2025-05-13 07:45:14,971 [main] INFO  retry.RetryInvocationHandler (RetryInvocationHandler.java:log(426)) - com.google.protobuf.ServiceException: java.net.ConnectException: Call From pkrvmberfyhpb9w/10.1.0.14 to 10.1.0.101:15055 failed on connection exception: java.net.ConnectException: Connection refused; For more details see:  http://wiki.apache.org/hadoop/ConnectionRefused, while invoking $Proxy118.submitRequest over nodeId=null,nodeAddress=10.1.0.101:15055 after 4 failover attempts. Trying to failover after sleeping for 10000ms. Current retry count: 4.
2025-05-13 07:45:15,231 [om1-om-CertificateRenewerService] INFO  retry.RetryInvocationHandler (RetryInvocationHandler.java:log(426)) - com.google.protobuf.ServiceException: java.net.ConnectException: Call From pkrvmberfyhpb9w/10.1.0.14 to localhost:15024 failed on connection exception: java.net.ConnectException: Connection refused; For more details see:  http://wiki.apache.org/hadoop/ConnectionRefused, while invoking $Proxy45.submitRequest over nodeId=scmNodeId,nodeAddress=localhost/127.0.0.1:15024 after 54 failover attempts. Trying to failover after sleeping for 2000ms. Current retry count: 54.
2025-05-13 07:45:17,235 [om1-om-CertificateRenewerService] INFO  retry.RetryInvocationHandler (RetryInvocationHandler.java:log(426)) - com.google.protobuf.ServiceException: java.net.ConnectException: Call From pkrvmberfyhpb9w/10.1.0.14 to localhost:15024 failed on connection exception: java.net.ConnectException: Connection refused; For more details see:  http://wiki.apache.org/hadoop/ConnectionRefused, while invoking $Proxy45.submitRequest over nodeId=scmNodeId,nodeAddress=localhost/127.0.0.1:15024 after 55 failover attempts. Trying to failover after sleeping for 2000ms. Current retry count: 55.
2025-05-13 07:45:19,236 [om1-om-CertificateRenewerService] INFO  retry.RetryInvocationHandler (RetryInvocationHandler.java:log(426)) - com.google.protobuf.ServiceException: java.net.ConnectException: Call From pkrvmberfyhpb9w/10.1.0.14 to localhost:15024 failed on connection exception: java.net.ConnectException: Connection refused; For more details see:  http://wiki.apache.org/hadoop/ConnectionRefused, while invoking $Proxy45.submitRequest over nodeId=scmNodeId,nodeAddress=localhost/127.0.0.1:15024 after 56 failover attempts. Trying to failover after sleeping for 2000ms. Current retry count: 56.
2025-05-13 07:45:21,237 [om1-om-CertificateRenewerService] INFO  retry.RetryInvocationHandler (RetryInvocationHandler.java:log(426)) - com.google.protobuf.ServiceException: java.net.ConnectException: Call From pkrvmberfyhpb9w/10.1.0.14 to localhost:15024 failed on connection exception: java.net.ConnectException: Connection refused; For more details see:  http://wiki.apache.org/hadoop/ConnectionRefused, while invoking $Proxy45.submitRequest over nodeId=scmNodeId,nodeAddress=localhost/127.0.0.1:15024 after 57 failover attempts. Trying to failover after sleeping for 2000ms. Current retry count: 57.
2025-05-13 07:45:23,242 [om1-om-CertificateRenewerService] INFO  retry.RetryInvocationHandler (RetryInvocationHandler.java:log(426)) - com.google.protobuf.ServiceException: java.net.ConnectException: Call From pkrvmberfyhpb9w/10.1.0.14 to localhost:15024 failed on connection exception: java.net.ConnectException: Connection refused; For more details see:  http://wiki.apache.org/hadoop/ConnectionRefused, while invoking $Proxy45.submitRequest over nodeId=scmNodeId,nodeAddress=localhost/127.0.0.1:15024 after 58 failover attempts. Trying to failover after sleeping for 2000ms. Current retry count: 58.
2025-05-13 07:45:24,973 [main] INFO  retry.RetryInvocationHandler (RetryInvocationHandler.java:log(426)) - com.google.protobuf.ServiceException: java.net.ConnectException: Call From pkrvmberfyhpb9w/10.1.0.14 to 10.1.0.101:15055 failed on connection exception: java.net.ConnectException: Connection refused; For more details see:  http://wiki.apache.org/hadoop/ConnectionRefused, while invoking $Proxy118.submitRequest over nodeId=null,nodeAddress=10.1.0.101:15055 after 5 failover attempts. Trying to failover after sleeping for 12000ms. Current retry count: 5.
2025-05-13 07:45:25,242 [om1-om-CertificateRenewerService] INFO  retry.RetryInvocationHandler (RetryInvocationHandler.java:log(426)) - com.google.protobuf.ServiceException: java.net.ConnectException: Call From pkrvmberfyhpb9w/10.1.0.14 to localhost:15024 failed on connection exception: java.net.ConnectException: Connection refused; For more details see:  http://wiki.apache.org/hadoop/ConnectionRefused, while invoking $Proxy45.submitRequest over nodeId=scmNodeId,nodeAddress=localhost/127.0.0.1:15024 after 59 failover attempts. Trying to failover after sleeping for 2000ms. Current retry count: 59.
2025-05-13 07:45:27,243 [om1-om-CertificateRenewerService] INFO  retry.RetryInvocationHandler (RetryInvocationHandler.java:log(426)) - com.google.protobuf.ServiceException: java.net.ConnectException: Call From pkrvmberfyhpb9w/10.1.0.14 to localhost:15024 failed on connection exception: java.net.ConnectException: Connection refused; For more details see:  http://wiki.apache.org/hadoop/ConnectionRefused, while invoking $Proxy45.submitRequest over nodeId=scmNodeId,nodeAddress=localhost/127.0.0.1:15024 after 60 failover attempts. Trying to failover after sleeping for 2000ms. Current retry count: 60.
2025-05-13 07:45:29,248 [om1-om-CertificateRenewerService] INFO  retry.RetryInvocationHandler (RetryInvocationHandler.java:log(426)) - com.google.protobuf.ServiceException: java.net.ConnectException: Call From pkrvmberfyhpb9w/10.1.0.14 to localhost:15024 failed on connection exception: java.net.ConnectException: Connection refused; For more details see:  http://wiki.apache.org/hadoop/ConnectionRefused, while invoking $Proxy45.submitRequest over nodeId=scmNodeId,nodeAddress=localhost/127.0.0.1:15024 after 61 failover attempts. Trying to failover after sleeping for 2000ms. Current retry count: 61.
2025-05-13 07:45:31,249 [om1-om-CertificateRenewerService] INFO  retry.RetryInvocationHandler (RetryInvocationHandler.java:log(426)) - com.google.protobuf.ServiceException: java.net.ConnectException: Call From pkrvmberfyhpb9w/10.1.0.14 to localhost:15024 failed on connection exception: java.net.ConnectException: Connection refused; For more details see:  http://wiki.apache.org/hadoop/ConnectionRefused, while invoking $Proxy45.submitRequest over nodeId=scmNodeId,nodeAddress=localhost/127.0.0.1:15024 after 62 failover attempts. Trying to failover after sleeping for 2000ms. Current retry count: 62.
2025-05-13 07:45:33,250 [om1-om-CertificateRenewerService] INFO  retry.RetryInvocationHandler (RetryInvocationHandler.java:log(426)) - com.google.protobuf.ServiceException: java.net.ConnectException: Call From pkrvmberfyhpb9w/10.1.0.14 to localhost:15024 failed on connection exception: java.net.ConnectException: Connection refused; For more details see:  http://wiki.apache.org/hadoop/ConnectionRefused, while invoking $Proxy45.submitRequest over nodeId=scmNodeId,nodeAddress=localhost/127.0.0.1:15024 after 63 failover attempts. Trying to failover after sleeping for 2000ms. Current retry count: 63.
2025-05-13 07:45:35,256 [om1-om-CertificateRenewerService] INFO  retry.RetryInvocationHandler (RetryInvocationHandler.java:log(426)) - com.google.protobuf.ServiceException: java.net.ConnectException: Call From pkrvmberfyhpb9w/10.1.0.14 to localhost:15024 failed on connection exception: java.net.ConnectException: Connection refused; For more details see:  http://wiki.apache.org/hadoop/ConnectionRefused, while invoking $Proxy45.submitRequest over nodeId=scmNodeId,nodeAddress=localhost/127.0.0.1:15024 after 64 failover attempts. Trying to failover after sleeping for 2000ms. Current retry count: 64.
2025-05-13 07:45:37,256 [om1-om-CertificateRenewerService] INFO  retry.RetryInvocationHandler (RetryInvocationHandler.java:log(426)) - com.google.protobuf.ServiceException: java.net.ConnectException: Call From pkrvmberfyhpb9w/10.1.0.14 to localhost:15024 failed on connection exception: java.net.ConnectException: Connection refused; For more details see:  http://wiki.apache.org/hadoop/ConnectionRefused, while invoking $Proxy45.submitRequest over nodeId=scmNodeId,nodeAddress=localhost/127.0.0.1:15024 after 65 failover attempts. Trying to failover after sleeping for 2000ms. Current retry count: 65.
2025-05-13 07:45:39,257 [om1-om-CertificateRenewerService] INFO  retry.RetryInvocationHandler (RetryInvocationHandler.java:log(426)) - com.google.protobuf.ServiceException: java.net.ConnectException: Call From pkrvmberfyhpb9w/10.1.0.14 to localhost:15024 failed on connection exception: java.net.ConnectException: Connection refused; For more details see:  http://wiki.apache.org/hadoop/ConnectionRefused, while invoking $Proxy45.submitRequest over nodeId=scmNodeId,nodeAddress=localhost/127.0.0.1:15024 after 66 failover attempts. Trying to failover after sleeping for 2000ms. Current retry count: 66.
2025-05-13 07:45:41,262 [om1-om-CertificateRenewerService] INFO  retry.RetryInvocationHandler (RetryInvocationHandler.java:log(426)) - com.google.protobuf.ServiceException: java.net.ConnectException: Call From pkrvmberfyhpb9w/10.1.0.14 to localhost:15024 failed on connection exception: java.net.ConnectException: Connection refused; For more details see:  http://wiki.apache.org/hadoop/ConnectionRefused, while invoking $Proxy45.submitRequest over nodeId=scmNodeId,nodeAddress=localhost/127.0.0.1:15024 after 67 failover attempts. Trying to failover after sleeping for 2000ms. Current retry count: 67.
2025-05-13 07:45:43,263 [om1-om-CertificateRenewerService] INFO  retry.RetryInvocationHandler (RetryInvocationHandler.java:log(426)) - com.google.protobuf.ServiceException: java.net.ConnectException: Call From pkrvmberfyhpb9w/10.1.0.14 to localhost:15024 failed on connection exception: java.net.ConnectException: Connection refused; For more details see:  http://wiki.apache.org/hadoop/ConnectionRefused, while invoking $Proxy45.submitRequest over nodeId=scmNodeId,nodeAddress=localhost/127.0.0.1:15024 after 68 failover attempts. Trying to failover after sleeping for 2000ms. Current retry count: 68.
2025-05-13 07:45:45,275 [om1-om-CertificateRenewerService] INFO  retry.RetryInvocationHandler (RetryInvocationHandler.java:log(426)) - com.google.protobuf.ServiceException: java.net.ConnectException: Call From pkrvmberfyhpb9w/10.1.0.14 to localhost:15024 failed on connection exception: java.net.ConnectException: Connection refused; For more details see:  http://wiki.apache.org/hadoop/ConnectionRefused, while invoking $Proxy45.submitRequest over nodeId=scmNodeId,nodeAddress=localhost/127.0.0.1:15024 after 69 failover attempts. Trying to failover after sleeping for 2000ms. Current retry count: 69.
2025-05-13 07:45:47,280 [om1-om-CertificateRenewerService] INFO  retry.RetryInvocationHandler (RetryInvocationHandler.java:log(426)) - com.google.protobuf.ServiceException: java.net.ConnectException: Call From pkrvmberfyhpb9w/10.1.0.14 to localhost:15024 failed on connection exception: java.net.ConnectException: Connection refused; For more details see:  http://wiki.apache.org/hadoop/ConnectionRefused, while invoking $Proxy45.submitRequest over nodeId=scmNodeId,nodeAddress=localhost/127.0.0.1:15024 after 70 failover attempts. Trying to failover after sleeping for 2000ms. Current retry count: 70.
2025-05-13 07:45:49,281 [om1-om-CertificateRenewerService] INFO  retry.RetryInvocationHandler (RetryInvocationHandler.java:log(426)) - com.google.protobuf.ServiceException: java.net.ConnectException: Call From pkrvmberfyhpb9w/10.1.0.14 to localhost:15024 failed on connection exception: java.net.ConnectException: Connection refused; For more details see:  http://wiki.apache.org/hadoop/ConnectionRefused, while invoking $Proxy45.submitRequest over nodeId=scmNodeId,nodeAddress=localhost/127.0.0.1:15024 after 71 failover attempts. Trying to failover after sleeping for 2000ms. Current retry count: 71.
2025-05-13 07:45:51,274 [main] INFO  retry.RetryInvocationHandler (RetryInvocationHandler.java:log(426)) - com.google.protobuf.ServiceException: java.net.NoRouteToHostException: No Route to Host from  pkrvmberfyhpb9w/10.1.0.14 to 10.1.0.101:15055 failed on socket timeout exception: java.net.NoRouteToHostException: No route to host; For more details see:  http://wiki.apache.org/hadoop/NoRouteToHost, while invoking $Proxy118.submitRequest over nodeId=null,nodeAddress=10.1.0.101:15055 after 6 failover attempts. Trying to failover after sleeping for 14000ms. Current retry count: 6.
2025-05-13 07:45:51,281 [om1-om-CertificateRenewerService] INFO  retry.RetryInvocationHandler (RetryInvocationHandler.java:log(426)) - com.google.protobuf.ServiceException: java.net.ConnectException: Call From pkrvmberfyhpb9w/10.1.0.14 to localhost:15024 failed on connection exception: java.net.ConnectException: Connection refused; For more details see:  http://wiki.apache.org/hadoop/ConnectionRefused, while invoking $Proxy45.submitRequest over nodeId=scmNodeId,nodeAddress=localhost/127.0.0.1:15024 after 72 failover attempts. Trying to failover after sleeping for 2000ms. Current retry count: 72.
2025-05-13 07:45:53,286 [om1-om-CertificateRenewerService] INFO  retry.RetryInvocationHandler (RetryInvocationHandler.java:log(426)) - com.google.protobuf.ServiceException: java.net.ConnectException: Call From pkrvmberfyhpb9w/10.1.0.14 to localhost:15024 failed on connection exception: java.net.ConnectException: Connection refused; For more details see:  http://wiki.apache.org/hadoop/ConnectionRefused, while invoking $Proxy45.submitRequest over nodeId=scmNodeId,nodeAddress=localhost/127.0.0.1:15024 after 73 failover attempts. Trying to failover after sleeping for 2000ms. Current retry count: 73.
2025-05-13 07:45:55,287 [om1-om-CertificateRenewerService] INFO  retry.RetryInvocationHandler (RetryInvocationHandler.java:log(426)) - com.google.protobuf.ServiceException: java.net.ConnectException: Call From pkrvmberfyhpb9w/10.1.0.14 to localhost:15024 failed on connection exception: java.net.ConnectException: Connection refused; For more details see:  http://wiki.apache.org/hadoop/ConnectionRefused, while invoking $Proxy45.submitRequest over nodeId=scmNodeId,nodeAddress=localhost/127.0.0.1:15024 after 74 failover attempts. Trying to failover after sleeping for 2000ms. Current retry count: 74.
2025-05-13 07:45:57,288 [om1-om-CertificateRenewerService] INFO  retry.RetryInvocationHandler (RetryInvocationHandler.java:log(426)) - com.google.protobuf.ServiceException: java.net.ConnectException: Call From pkrvmberfyhpb9w/10.1.0.14 to localhost:15024 failed on connection exception: java.net.ConnectException: Connection refused; For more details see:  http://wiki.apache.org/hadoop/ConnectionRefused, while invoking $Proxy45.submitRequest over nodeId=scmNodeId,nodeAddress=localhost/127.0.0.1:15024 after 75 failover attempts. Trying to failover after sleeping for 2000ms. Current retry count: 75.
2025-05-13 07:45:59,293 [om1-om-CertificateRenewerService] INFO  retry.RetryInvocationHandler (RetryInvocationHandler.java:log(426)) - com.google.protobuf.ServiceException: java.net.ConnectException: Call From pkrvmberfyhpb9w/10.1.0.14 to localhost:15024 failed on connection exception: java.net.ConnectException: Connection refused; For more details see:  http://wiki.apache.org/hadoop/ConnectionRefused, while invoking $Proxy45.submitRequest over nodeId=scmNodeId,nodeAddress=localhost/127.0.0.1:15024 after 76 failover attempts. Trying to failover after sleeping for 2000ms. Current retry count: 76.
2025-05-13 07:46:01,294 [om1-om-CertificateRenewerService] INFO  retry.RetryInvocationHandler (RetryInvocationHandler.java:log(426)) - com.google.protobuf.ServiceException: java.net.ConnectException: Call From pkrvmberfyhpb9w/10.1.0.14 to localhost:15024 failed on connection exception: java.net.ConnectException: Connection refused; For more details see:  http://wiki.apache.org/hadoop/ConnectionRefused, while invoking $Proxy45.submitRequest over nodeId=scmNodeId,nodeAddress=localhost/127.0.0.1:15024 after 77 failover attempts. Trying to failover after sleeping for 2000ms. Current retry count: 77.
2025-05-13 07:46:03,295 [om1-om-CertificateRenewerService] INFO  retry.RetryInvocationHandler (RetryInvocationHandler.java:log(426)) - com.google.protobuf.ServiceException: java.net.ConnectException: Call From pkrvmberfyhpb9w/10.1.0.14 to localhost:15024 failed on connection exception: java.net.ConnectException: Connection refused; For more details see:  http://wiki.apache.org/hadoop/ConnectionRefused, while invoking $Proxy45.submitRequest over nodeId=scmNodeId,nodeAddress=localhost/127.0.0.1:15024 after 78 failover attempts. Trying to failover after sleeping for 2000ms. Current retry count: 78.
2025-05-13 07:46:05,300 [om1-om-CertificateRenewerService] INFO  retry.RetryInvocationHandler (RetryInvocationHandler.java:log(426)) - com.google.protobuf.ServiceException: java.net.ConnectException: Call From pkrvmberfyhpb9w/10.1.0.14 to localhost:15024 failed on connection exception: java.net.ConnectException: Connection refused; For more details see:  http://wiki.apache.org/hadoop/ConnectionRefused, while invoking $Proxy45.submitRequest over nodeId=scmNodeId,nodeAddress=localhost/127.0.0.1:15024 after 79 failover attempts. Trying to failover after sleeping for 2000ms. Current retry count: 79.
2025-05-13 07:46:07,301 [om1-om-CertificateRenewerService] INFO  retry.RetryInvocationHandler (RetryInvocationHandler.java:log(426)) - com.google.protobuf.ServiceException: java.net.ConnectException: Call From pkrvmberfyhpb9w/10.1.0.14 to localhost:15024 failed on connection exception: java.net.ConnectException: Connection refused; For more details see:  http://wiki.apache.org/hadoop/ConnectionRefused, while invoking $Proxy45.submitRequest over nodeId=scmNodeId,nodeAddress=localhost/127.0.0.1:15024 after 80 failover attempts. Trying to failover after sleeping for 2000ms. Current retry count: 80.
2025-05-13 07:46:08,362 [main] INFO  retry.RetryInvocationHandler (RetryInvocationHandler.java:log(426)) - com.google.protobuf.ServiceException: java.net.NoRouteToHostException: No Route to Host from  pkrvmberfyhpb9w/10.1.0.14 to 10.1.0.101:15055 failed on socket timeout exception: java.net.NoRouteToHostException: No route to host; For more details see:  http://wiki.apache.org/hadoop/NoRouteToHost, while invoking $Proxy118.submitRequest over nodeId=null,nodeAddress=10.1.0.101:15055 after 7 failover attempts. Trying to failover after sleeping for 16000ms. Current retry count: 7.
2025-05-13 07:46:09,302 [om1-om-CertificateRenewerService] INFO  retry.RetryInvocationHandler (RetryInvocationHandler.java:log(426)) - com.google.protobuf.ServiceException: java.net.ConnectException: Call From pkrvmberfyhpb9w/10.1.0.14 to localhost:15024 failed on connection exception: java.net.ConnectException: Connection refused; For more details see:  http://wiki.apache.org/hadoop/ConnectionRefused, while invoking $Proxy45.submitRequest over nodeId=scmNodeId,nodeAddress=localhost/127.0.0.1:15024 after 81 failover attempts. Trying to failover after sleeping for 2000ms. Current retry count: 81.
2025-05-13 07:46:11,306 [om1-om-CertificateRenewerService] INFO  retry.RetryInvocationHandler (RetryInvocationHandler.java:log(426)) - com.google.protobuf.ServiceException: java.net.ConnectException: Call From pkrvmberfyhpb9w/10.1.0.14 to localhost:15024 failed on connection exception: java.net.ConnectException: Connection refused; For more details see:  http://wiki.apache.org/hadoop/ConnectionRefused, while invoking $Proxy45.submitRequest over nodeId=scmNodeId,nodeAddress=localhost/127.0.0.1:15024 after 82 failover attempts. Trying to failover after sleeping for 2000ms. Current retry count: 82.
2025-05-13 07:46:13,307 [om1-om-CertificateRenewerService] INFO  retry.RetryInvocationHandler (RetryInvocationHandler.java:log(426)) - com.google.protobuf.ServiceException: java.net.ConnectException: Call From pkrvmberfyhpb9w/10.1.0.14 to localhost:15024 failed on connection exception: java.net.ConnectException: Connection refused; For more details see:  http://wiki.apache.org/hadoop/ConnectionRefused, while invoking $Proxy45.submitRequest over nodeId=scmNodeId,nodeAddress=localhost/127.0.0.1:15024 after 83 failover attempts. Trying to failover after sleeping for 2000ms. Current retry count: 83.
2025-05-13 07:46:15,311 [om1-om-CertificateRenewerService] INFO  retry.RetryInvocationHandler (RetryInvocationHandler.java:log(426)) - com.google.protobuf.ServiceException: java.net.ConnectException: Call From pkrvmberfyhpb9w/10.1.0.14 to localhost:15024 failed on connection exception: java.net.ConnectException: Connection refused; For more details see:  http://wiki.apache.org/hadoop/ConnectionRefused, while invoking $Proxy45.submitRequest over nodeId=scmNodeId,nodeAddress=localhost/127.0.0.1:15024 after 84 failover attempts. Trying to failover after sleeping for 2000ms. Current retry count: 84.
2025-05-13 07:46:17,316 [om1-om-CertificateRenewerService] INFO  retry.RetryInvocationHandler (RetryInvocationHandler.java:log(426)) - com.google.protobuf.ServiceException: java.net.ConnectException: Call From pkrvmberfyhpb9w/10.1.0.14 to localhost:15024 failed on connection exception: java.net.ConnectException: Connection refused; For more details see:  http://wiki.apache.org/hadoop/ConnectionRefused, while invoking $Proxy45.submitRequest over nodeId=scmNodeId,nodeAddress=localhost/127.0.0.1:15024 after 85 failover attempts. Trying to failover after sleeping for 2000ms. Current retry count: 85.
2025-05-13 07:46:19,316 [om1-om-CertificateRenewerService] INFO  retry.RetryInvocationHandler (RetryInvocationHandler.java:log(426)) - com.google.protobuf.ServiceException: java.net.ConnectException: Call From pkrvmberfyhpb9w/10.1.0.14 to localhost:15024 failed on connection exception: java.net.ConnectException: Connection refused; For more details see:  http://wiki.apache.org/hadoop/ConnectionRefused, while invoking $Proxy45.submitRequest over nodeId=scmNodeId,nodeAddress=localhost/127.0.0.1:15024 after 86 failover attempts. Trying to failover after sleeping for 2000ms. Current retry count: 86.
2025-05-13 07:46:21,317 [om1-om-CertificateRenewerService] INFO  retry.RetryInvocationHandler (RetryInvocationHandler.java:log(426)) - com.google.protobuf.ServiceException: java.net.ConnectException: Call From pkrvmberfyhpb9w/10.1.0.14 to localhost:15024 failed on connection exception: java.net.ConnectException: Connection refused; For more details see:  http://wiki.apache.org/hadoop/ConnectionRefused, while invoking $Proxy45.submitRequest over nodeId=scmNodeId,nodeAddress=localhost/127.0.0.1:15024 after 87 failover attempts. Trying to failover after sleeping for 2000ms. Current retry count: 87.
2025-05-13 07:46:23,322 [om1-om-CertificateRenewerService] INFO  retry.RetryInvocationHandler (RetryInvocationHandler.java:log(426)) - com.google.protobuf.ServiceException: java.net.ConnectException: Call From pkrvmberfyhpb9w/10.1.0.14 to localhost:15024 failed on connection exception: java.net.ConnectException: Connection refused; For more details see:  http://wiki.apache.org/hadoop/ConnectionRefused, while invoking $Proxy45.submitRequest over nodeId=scmNodeId,nodeAddress=localhost/127.0.0.1:15024 after 88 failover attempts. Trying to failover after sleeping for 2000ms. Current retry count: 88.
2025-05-13 07:46:25,322 [om1-om-CertificateRenewerService] INFO  retry.RetryInvocationHandler (RetryInvocationHandler.java:log(426)) - com.google.protobuf.ServiceException: java.net.ConnectException: Call From pkrvmberfyhpb9w/10.1.0.14 to localhost:15024 failed on connection exception: java.net.ConnectException: Connection refused; For more details see:  http://wiki.apache.org/hadoop/ConnectionRefused, while invoking $Proxy45.submitRequest over nodeId=scmNodeId,nodeAddress=localhost/127.0.0.1:15024 after 89 failover attempts. Trying to failover after sleeping for 2000ms. Current retry count: 89.
2025-05-13 07:46:26,414 [main] INFO  retry.RetryInvocationHandler (RetryInvocationHandler.java:log(426)) - com.google.protobuf.ServiceException: java.net.ConnectException: Call From pkrvmberfyhpb9w/10.1.0.14 to 10.1.0.101:15055 failed on connection exception: java.net.ConnectException: Connection refused; For more details see:  http://wiki.apache.org/hadoop/ConnectionRefused, while invoking $Proxy118.submitRequest over nodeId=null,nodeAddress=10.1.0.101:15055 after 8 failover attempts. Trying to failover after sleeping for 18000ms. Current retry count: 8.
2025-05-13 07:46:27,324 [om1-om-CertificateRenewerService] INFO  retry.RetryInvocationHandler (RetryInvocationHandler.java:log(426)) - com.google.protobuf.ServiceException: java.net.ConnectException: Call From pkrvmberfyhpb9w/10.1.0.14 to localhost:15024 failed on connection exception: java.net.ConnectException: Connection refused; For more details see:  http://wiki.apache.org/hadoop/ConnectionRefused, while invoking $Proxy45.submitRequest over nodeId=scmNodeId,nodeAddress=localhost/127.0.0.1:15024 after 90 failover attempts. Trying to failover after sleeping for 2000ms. Current retry count: 90.
2025-05-13 07:46:29,329 [om1-om-CertificateRenewerService] INFO  retry.RetryInvocationHandler (RetryInvocationHandler.java:log(426)) - com.google.protobuf.ServiceException: java.net.ConnectException: Call From pkrvmberfyhpb9w/10.1.0.14 to localhost:15024 failed on connection exception: java.net.ConnectException: Connection refused; For more details see:  http://wiki.apache.org/hadoop/ConnectionRefused, while invoking $Proxy45.submitRequest over nodeId=scmNodeId,nodeAddress=localhost/127.0.0.1:15024 after 91 failover attempts. Trying to failover after sleeping for 2000ms. Current retry count: 91.
2025-05-13 07:46:31,330 [om1-om-CertificateRenewerService] INFO  retry.RetryInvocationHandler (RetryInvocationHandler.java:log(426)) - com.google.protobuf.ServiceException: java.net.ConnectException: Call From pkrvmberfyhpb9w/10.1.0.14 to localhost:15024 failed on connection exception: java.net.ConnectException: Connection refused; For more details see:  http://wiki.apache.org/hadoop/ConnectionRefused, while invoking $Proxy45.submitRequest over nodeId=scmNodeId,nodeAddress=localhost/127.0.0.1:15024 after 92 failover attempts. Trying to failover after sleeping for 2000ms. Current retry count: 92.
2025-05-13 07:46:33,331 [om1-om-CertificateRenewerService] INFO  retry.RetryInvocationHandler (RetryInvocationHandler.java:log(426)) - com.google.protobuf.ServiceException: java.net.ConnectException: Call From pkrvmberfyhpb9w/10.1.0.14 to localhost:15024 failed on connection exception: java.net.ConnectException: Connection refused; For more details see:  http://wiki.apache.org/hadoop/ConnectionRefused, while invoking $Proxy45.submitRequest over nodeId=scmNodeId,nodeAddress=localhost/127.0.0.1:15024 after 93 failover attempts. Trying to failover after sleeping for 2000ms. Current retry count: 93.
2025-05-13 07:46:35,334 [om1-om-CertificateRenewerService] INFO  retry.RetryInvocationHandler (RetryInvocationHandler.java:log(426)) - com.google.protobuf.ServiceException: java.net.ConnectException: Call From pkrvmberfyhpb9w/10.1.0.14 to localhost:15024 failed on connection exception: java.net.ConnectException: Connection refused; For more details see:  http://wiki.apache.org/hadoop/ConnectionRefused, while invoking $Proxy45.submitRequest over nodeId=scmNodeId,nodeAddress=localhost/127.0.0.1:15024 after 94 failover attempts. Trying to failover after sleeping for 2000ms. Current retry count: 94.
2025-05-13 07:46:37,335 [om1-om-CertificateRenewerService] INFO  retry.RetryInvocationHandler (RetryInvocationHandler.java:log(426)) - com.google.protobuf.ServiceException: java.net.ConnectException: Call From pkrvmberfyhpb9w/10.1.0.14 to localhost:15024 failed on connection exception: java.net.ConnectException: Connection refused; For more details see:  http://wiki.apache.org/hadoop/ConnectionRefused, while invoking $Proxy45.submitRequest over nodeId=scmNodeId,nodeAddress=localhost/127.0.0.1:15024 after 95 failover attempts. Trying to failover after sleeping for 2000ms. Current retry count: 95.
2025-05-13 07:46:39,336 [om1-om-CertificateRenewerService] INFO  retry.RetryInvocationHandler (RetryInvocationHandler.java:log(426)) - com.google.protobuf.ServiceException: java.net.ConnectException: Call From pkrvmberfyhpb9w/10.1.0.14 to localhost:15024 failed on connection exception: java.net.ConnectException: Connection refused; For more details see:  http://wiki.apache.org/hadoop/ConnectionRefused, while invoking $Proxy45.submitRequest over nodeId=scmNodeId,nodeAddress=localhost/127.0.0.1:15024 after 96 failover attempts. Trying to failover after sleeping for 2000ms. Current retry count: 96.
2025-05-13 07:46:41,340 [om1-om-CertificateRenewerService] INFO  retry.RetryInvocationHandler (RetryInvocationHandler.java:log(426)) - com.google.protobuf.ServiceException: java.net.ConnectException: Call From pkrvmberfyhpb9w/10.1.0.14 to localhost:15024 failed on connection exception: java.net.ConnectException: Connection refused; For more details see:  http://wiki.apache.org/hadoop/ConnectionRefused, while invoking $Proxy45.submitRequest over nodeId=scmNodeId,nodeAddress=localhost/127.0.0.1:15024 after 97 failover attempts. Trying to failover after sleeping for 2000ms. Current retry count: 97.
2025-05-13 07:46:43,341 [om1-om-CertificateRenewerService] INFO  retry.RetryInvocationHandler (RetryInvocationHandler.java:log(426)) - com.google.protobuf.ServiceException: java.net.ConnectException: Call From pkrvmberfyhpb9w/10.1.0.14 to localhost:15024 failed on connection exception: java.net.ConnectException: Connection refused; For more details see:  http://wiki.apache.org/hadoop/ConnectionRefused, while invoking $Proxy45.submitRequest over nodeId=scmNodeId,nodeAddress=localhost/127.0.0.1:15024 after 98 failover attempts. Trying to failover after sleeping for 2000ms. Current retry count: 98.
2025-05-13 07:46:45,346 [om1-om-CertificateRenewerService] INFO  retry.RetryInvocationHandler (RetryInvocationHandler.java:log(426)) - com.google.protobuf.ServiceException: java.net.ConnectException: Call From pkrvmberfyhpb9w/10.1.0.14 to localhost:15024 failed on connection exception: java.net.ConnectException: Connection refused; For more details see:  http://wiki.apache.org/hadoop/ConnectionRefused, while invoking $Proxy45.submitRequest over nodeId=scmNodeId,nodeAddress=localhost/127.0.0.1:15024 after 99 failover attempts. Trying to failover after sleeping for 2000ms. Current retry count: 99.
2025-05-13 07:46:47,350 [om1-om-CertificateRenewerService] INFO  retry.RetryInvocationHandler (RetryInvocationHandler.java:log(426)) - com.google.protobuf.ServiceException: java.net.ConnectException: Call From pkrvmberfyhpb9w/10.1.0.14 to localhost:15024 failed on connection exception: java.net.ConnectException: Connection refused; For more details see:  http://wiki.apache.org/hadoop/ConnectionRefused, while invoking $Proxy45.submitRequest over nodeId=scmNodeId,nodeAddress=localhost/127.0.0.1:15024 after 100 failover attempts. Trying to failover after sleeping for 2000ms. Current retry count: 100.
2025-05-13 07:46:49,351 [om1-om-CertificateRenewerService] INFO  retry.RetryInvocationHandler (RetryInvocationHandler.java:log(426)) - com.google.protobuf.ServiceException: java.net.ConnectException: Call From pkrvmberfyhpb9w/10.1.0.14 to localhost:15024 failed on connection exception: java.net.ConnectException: Connection refused; For more details see:  http://wiki.apache.org/hadoop/ConnectionRefused, while invoking $Proxy45.submitRequest over nodeId=scmNodeId,nodeAddress=localhost/127.0.0.1:15024 after 101 failover attempts. Trying to failover after sleeping for 2000ms. Current retry count: 101.
2025-05-13 07:46:51,352 [om1-om-CertificateRenewerService] INFO  retry.RetryInvocationHandler (RetryInvocationHandler.java:log(426)) - com.google.protobuf.ServiceException: java.net.ConnectException: Call From pkrvmberfyhpb9w/10.1.0.14 to localhost:15024 failed on connection exception: java.net.ConnectException: Connection refused; For more details see:  http://wiki.apache.org/hadoop/ConnectionRefused, while invoking $Proxy45.submitRequest over nodeId=scmNodeId,nodeAddress=localhost/127.0.0.1:15024 after 102 failover attempts. Trying to failover after sleeping for 2000ms. Current retry count: 102.
2025-05-13 07:46:53,357 [om1-om-CertificateRenewerService] INFO  retry.RetryInvocationHandler (RetryInvocationHandler.java:log(426)) - com.google.protobuf.ServiceException: java.net.ConnectException: Call From pkrvmberfyhpb9w/10.1.0.14 to localhost:15024 failed on connection exception: java.net.ConnectException: Connection refused; For more details see:  http://wiki.apache.org/hadoop/ConnectionRefused, while invoking $Proxy45.submitRequest over nodeId=scmNodeId,nodeAddress=localhost/127.0.0.1:15024 after 103 failover attempts. Trying to failover after sleeping for 2000ms. Current retry count: 103.
2025-05-13 07:46:55,357 [om1-om-CertificateRenewerService] INFO  retry.RetryInvocationHandler (RetryInvocationHandler.java:log(426)) - com.google.protobuf.ServiceException: java.net.ConnectException: Call From pkrvmberfyhpb9w/10.1.0.14 to localhost:15024 failed on connection exception: java.net.ConnectException: Connection refused; For more details see:  http://wiki.apache.org/hadoop/ConnectionRefused, while invoking $Proxy45.submitRequest over nodeId=scmNodeId,nodeAddress=localhost/127.0.0.1:15024 after 104 failover attempts. Trying to failover after sleeping for 2000ms. Current retry count: 104.
2025-05-13 07:46:57,358 [om1-om-CertificateRenewerService] INFO  retry.RetryInvocationHandler (RetryInvocationHandler.java:log(426)) - com.google.protobuf.ServiceException: java.net.ConnectException: Call From pkrvmberfyhpb9w/10.1.0.14 to localhost:15024 failed on connection exception: java.net.ConnectException: Connection refused; For more details see:  http://wiki.apache.org/hadoop/ConnectionRefused, while invoking $Proxy45.submitRequest over nodeId=scmNodeId,nodeAddress=localhost/127.0.0.1:15024 after 105 failover attempts. Trying to failover after sleeping for 2000ms. Current retry count: 105.
2025-05-13 07:46:59,363 [om1-om-CertificateRenewerService] INFO  retry.RetryInvocationHandler (RetryInvocationHandler.java:log(426)) - com.google.protobuf.ServiceException: java.net.ConnectException: Call From pkrvmberfyhpb9w/10.1.0.14 to localhost:15024 failed on connection exception: java.net.ConnectException: Connection refused; For more details see:  http://wiki.apache.org/hadoop/ConnectionRefused, while invoking $Proxy45.submitRequest over nodeId=scmNodeId,nodeAddress=localhost/127.0.0.1:15024 after 106 failover attempts. Trying to failover after sleeping for 2000ms. Current retry count: 106.
2025-05-13 07:47:01,364 [om1-om-CertificateRenewerService] INFO  retry.RetryInvocationHandler (RetryInvocationHandler.java:log(426)) - com.google.protobuf.ServiceException: java.net.ConnectException: Call From pkrvmberfyhpb9w/10.1.0.14 to localhost:15024 failed on connection exception: java.net.ConnectException: Connection refused; For more details see:  http://wiki.apache.org/hadoop/ConnectionRefused, while invoking $Proxy45.submitRequest over nodeId=scmNodeId,nodeAddress=localhost/127.0.0.1:15024 after 107 failover attempts. Trying to failover after sleeping for 2000ms. Current retry count: 107.
2025-05-13 07:47:03,365 [om1-om-CertificateRenewerService] INFO  retry.RetryInvocationHandler (RetryInvocationHandler.java:log(426)) - com.google.protobuf.ServiceException: java.net.ConnectException: Call From pkrvmberfyhpb9w/10.1.0.14 to localhost:15024 failed on connection exception: java.net.ConnectException: Connection refused; For more details see:  http://wiki.apache.org/hadoop/ConnectionRefused, while invoking $Proxy45.submitRequest over nodeId=scmNodeId,nodeAddress=localhost/127.0.0.1:15024 after 108 failover attempts. Trying to failover after sleeping for 2000ms. Current retry count: 108.
2025-05-13 07:47:04,435 [main] INFO  ipc.Client (Client.java:handleConnectionTimeout(930)) - Retrying connect to server: 10.1.0.101/10.1.0.101:15055. Already tried 0 time(s); maxRetries=45
2025-05-13 07:47:05,371 [om1-om-CertificateRenewerService] INFO  retry.RetryInvocationHandler (RetryInvocationHandler.java:log(426)) - com.google.protobuf.ServiceException: java.net.ConnectException: Call From pkrvmberfyhpb9w/10.1.0.36 to localhost:15024 failed on connection exception: java.net.ConnectException: Connection refused; For more details see:  http://wiki.apache.org/hadoop/ConnectionRefused, while invoking $Proxy45.submitRequest over nodeId=scmNodeId,nodeAddress=localhost/127.0.0.1:15024 after 109 failover attempts. Trying to failover after sleeping for 2000ms. Current retry count: 109.
2025-05-13 07:47:07,372 [om1-om-CertificateRenewerService] INFO  retry.RetryInvocationHandler (RetryInvocationHandler.java:log(426)) - com.google.protobuf.ServiceException: java.net.ConnectException: Call From pkrvmberfyhpb9w/10.1.0.36 to localhost:15024 failed on connection exception: java.net.ConnectException: Connection refused; For more details see:  http://wiki.apache.org/hadoop/ConnectionRefused, while invoking $Proxy45.submitRequest over nodeId=scmNodeId,nodeAddress=localhost/127.0.0.1:15024 after 110 failover attempts. Trying to failover after sleeping for 2000ms. Current retry count: 110.
2025-05-13 07:47:09,373 [om1-om-CertificateRenewerService] INFO  retry.RetryInvocationHandler (RetryInvocationHandler.java:log(426)) - com.google.protobuf.ServiceException: java.net.ConnectException: Call From pkrvmberfyhpb9w/10.1.0.36 to localhost:15024 failed on connection exception: java.net.ConnectException: Connection refused; For more details see:  http://wiki.apache.org/hadoop/ConnectionRefused, while invoking $Proxy45.submitRequest over nodeId=scmNodeId,nodeAddress=localhost/127.0.0.1:15024 after 111 failover attempts. Trying to failover after sleeping for 2000ms. Current retry count: 111.
2025-05-13 07:47:11,378 [om1-om-CertificateRenewerService] INFO  retry.RetryInvocationHandler (RetryInvocationHandler.java:log(426)) - com.google.protobuf.ServiceException: java.net.ConnectException: Call From pkrvmberfyhpb9w/10.1.0.36 to localhost:15024 failed on connection exception: java.net.ConnectException: Connection refused; For more details see:  http://wiki.apache.org/hadoop/ConnectionRefused, while invoking $Proxy45.submitRequest over nodeId=scmNodeId,nodeAddress=localhost/127.0.0.1:15024 after 112 failover attempts. Trying to failover after sleeping for 2000ms. Current retry count: 112.
2025-05-13 07:47:13,379 [om1-om-CertificateRenewerService] INFO  retry.RetryInvocationHandler (RetryInvocationHandler.java:log(426)) - com.google.protobuf.ServiceException: java.net.ConnectException: Call From pkrvmberfyhpb9w/10.1.0.36 to localhost:15024 failed on connection exception: java.net.ConnectException: Connection refused; For more details see:  http://wiki.apache.org/hadoop/ConnectionRefused, while invoking $Proxy45.submitRequest over nodeId=scmNodeId,nodeAddress=localhost/127.0.0.1:15024 after 113 failover attempts. Trying to failover after sleeping for 2000ms. Current retry count: 113.
2025-05-13 07:47:15,383 [om1-om-CertificateRenewerService] INFO  retry.RetryInvocationHandler (RetryInvocationHandler.java:log(426)) - com.google.protobuf.ServiceException: java.net.ConnectException: Call From pkrvmberfyhpb9w/10.1.0.36 to localhost:15024 failed on connection exception: java.net.ConnectException: Connection refused; For more details see:  http://wiki.apache.org/hadoop/ConnectionRefused, while invoking $Proxy45.submitRequest over nodeId=scmNodeId,nodeAddress=localhost/127.0.0.1:15024 after 114 failover attempts. Trying to failover after sleeping for 2000ms. Current retry count: 114.
2025-05-13 07:47:17,388 [om1-om-CertificateRenewerService] INFO  retry.RetryInvocationHandler (RetryInvocationHandler.java:log(426)) - com.google.protobuf.ServiceException: java.net.ConnectException: Call From pkrvmberfyhpb9w/10.1.0.36 to localhost:15024 failed on connection exception: java.net.ConnectException: Connection refused; For more details see:  http://wiki.apache.org/hadoop/ConnectionRefused, while invoking $Proxy45.submitRequest over nodeId=scmNodeId,nodeAddress=localhost/127.0.0.1:15024 after 115 failover attempts. Trying to failover after sleeping for 2000ms. Current retry count: 115.
2025-05-13 07:47:19,389 [om1-om-CertificateRenewerService] INFO  retry.RetryInvocationHandler (RetryInvocationHandler.java:log(426)) - com.google.protobuf.ServiceException: java.net.ConnectException: Call From pkrvmberfyhpb9w/10.1.0.36 to localhost:15024 failed on connection exception: java.net.ConnectException: Connection refused; For more details see:  http://wiki.apache.org/hadoop/ConnectionRefused, while invoking $Proxy45.submitRequest over nodeId=scmNodeId,nodeAddress=localhost/127.0.0.1:15024 after 116 failover attempts. Trying to failover after sleeping for 2000ms. Current retry count: 116.
2025-05-13 07:47:21,390 [om1-om-CertificateRenewerService] INFO  retry.RetryInvocationHandler (RetryInvocationHandler.java:log(426)) - com.google.protobuf.ServiceException: java.net.ConnectException: Call From pkrvmberfyhpb9w/10.1.0.36 to localhost:15024 failed on connection exception: java.net.ConnectException: Connection refused; For more details see:  http://wiki.apache.org/hadoop/ConnectionRefused, while invoking $Proxy45.submitRequest over nodeId=scmNodeId,nodeAddress=localhost/127.0.0.1:15024 after 117 failover attempts. Trying to failover after sleeping for 2000ms. Current retry count: 117.
2025-05-13 07:47:23,393 [om1-om-CertificateRenewerService] INFO  retry.RetryInvocationHandler (RetryInvocationHandler.java:log(426)) - com.google.protobuf.ServiceException: java.net.ConnectException: Call From pkrvmberfyhpb9w/10.1.0.36 to localhost:15024 failed on connection exception: java.net.ConnectException: Connection refused; For more details see:  http://wiki.apache.org/hadoop/ConnectionRefused, while invoking $Proxy45.submitRequest over nodeId=scmNodeId,nodeAddress=localhost/127.0.0.1:15024 after 118 failover attempts. Trying to failover after sleeping for 2000ms. Current retry count: 118.
2025-05-13 07:47:24,455 [main] INFO  ipc.Client (Client.java:handleConnectionTimeout(930)) - Retrying connect to server: 10.1.0.101/10.1.0.101:15055. Already tried 1 time(s); maxRetries=45
2025-05-13 07:47:25,393 [om1-om-CertificateRenewerService] INFO  retry.RetryInvocationHandler (RetryInvocationHandler.java:log(426)) - com.google.protobuf.ServiceException: java.net.ConnectException: Call From pkrvmberfyhpb9w/10.1.0.36 to localhost:15024 failed on connection exception: java.net.ConnectException: Connection refused; For more details see:  http://wiki.apache.org/hadoop/ConnectionRefused, while invoking $Proxy45.submitRequest over nodeId=scmNodeId,nodeAddress=localhost/127.0.0.1:15024 after 119 failover attempts. Trying to failover after sleeping for 2000ms. Current retry count: 119.
2025-05-13 07:47:27,395 [om1-om-CertificateRenewerService] INFO  retry.RetryInvocationHandler (RetryInvocationHandler.java:log(426)) - com.google.protobuf.ServiceException: java.net.ConnectException: Call From pkrvmberfyhpb9w/10.1.0.36 to localhost:15024 failed on connection exception: java.net.ConnectException: Connection refused; For more details see:  http://wiki.apache.org/hadoop/ConnectionRefused, while invoking $Proxy45.submitRequest over nodeId=scmNodeId,nodeAddress=localhost/127.0.0.1:15024 after 120 failover attempts. Trying to failover after sleeping for 2000ms. Current retry count: 120.
2025-05-13 07:47:29,399 [om1-om-CertificateRenewerService] INFO  retry.RetryInvocationHandler (RetryInvocationHandler.java:log(426)) - com.google.protobuf.ServiceException: java.net.ConnectException: Call From pkrvmberfyhpb9w/10.1.0.36 to localhost:15024 failed on connection exception: java.net.ConnectException: Connection refused; For more details see:  http://wiki.apache.org/hadoop/ConnectionRefused, while invoking $Proxy45.submitRequest over nodeId=scmNodeId,nodeAddress=localhost/127.0.0.1:15024 after 121 failover attempts. Trying to failover after sleeping for 2000ms. Current retry count: 121.
2025-05-13 07:47:31,400 [om1-om-CertificateRenewerService] INFO  retry.RetryInvocationHandler (RetryInvocationHandler.java:log(426)) - com.google.protobuf.ServiceException: java.net.ConnectException: Call From pkrvmberfyhpb9w/10.1.0.36 to localhost:15024 failed on connection exception: java.net.ConnectException: Connection refused; For more details see:  http://wiki.apache.org/hadoop/ConnectionRefused, while invoking $Proxy45.submitRequest over nodeId=scmNodeId,nodeAddress=localhost/127.0.0.1:15024 after 122 failover attempts. Trying to failover after sleeping for 2000ms. Current retry count: 122.
2025-05-13 07:47:33,401 [om1-om-CertificateRenewerService] INFO  retry.RetryInvocationHandler (RetryInvocationHandler.java:log(426)) - com.google.protobuf.ServiceException: java.net.ConnectException: Call From pkrvmberfyhpb9w/10.1.0.36 to localhost:15024 failed on connection exception: java.net.ConnectException: Connection refused; For more details see:  http://wiki.apache.org/hadoop/ConnectionRefused, while invoking $Proxy45.submitRequest over nodeId=scmNodeId,nodeAddress=localhost/127.0.0.1:15024 after 123 failover attempts. Trying to failover after sleeping for 2000ms. Current retry count: 123.
2025-05-13 07:47:35,405 [om1-om-CertificateRenewerService] INFO  retry.RetryInvocationHandler (RetryInvocationHandler.java:log(426)) - com.google.protobuf.ServiceException: java.net.ConnectException: Call From pkrvmberfyhpb9w/10.1.0.36 to localhost:15024 failed on connection exception: java.net.ConnectException: Connection refused; For more details see:  http://wiki.apache.org/hadoop/ConnectionRefused, while invoking $Proxy45.submitRequest over nodeId=scmNodeId,nodeAddress=localhost/127.0.0.1:15024 after 124 failover attempts. Trying to failover after sleeping for 2000ms. Current retry count: 124.
2025-05-13 07:47:37,406 [om1-om-CertificateRenewerService] INFO  retry.RetryInvocationHandler (RetryInvocationHandler.java:log(426)) - com.google.protobuf.ServiceException: java.net.ConnectException: Call From pkrvmberfyhpb9w/10.1.0.36 to localhost:15024 failed on connection exception: java.net.ConnectException: Connection refused; For more details see:  http://wiki.apache.org/hadoop/ConnectionRefused, while invoking $Proxy45.submitRequest over nodeId=scmNodeId,nodeAddress=localhost/127.0.0.1:15024 after 125 failover attempts. Trying to failover after sleeping for 2000ms. Current retry count: 125.
2025-05-13 07:47:39,407 [om1-om-CertificateRenewerService] INFO  retry.RetryInvocationHandler (RetryInvocationHandler.java:log(426)) - com.google.protobuf.ServiceException: java.net.ConnectException: Call From pkrvmberfyhpb9w/10.1.0.36 to localhost:15024 failed on connection exception: java.net.ConnectException: Connection refused; For more details see:  http://wiki.apache.org/hadoop/ConnectionRefused, while invoking $Proxy45.submitRequest over nodeId=scmNodeId,nodeAddress=localhost/127.0.0.1:15024 after 126 failover attempts. Trying to failover after sleeping for 2000ms. Current retry count: 126.
2025-05-13 07:47:41,412 [om1-om-CertificateRenewerService] INFO  retry.RetryInvocationHandler (RetryInvocationHandler.java:log(426)) - com.google.protobuf.ServiceException: java.net.ConnectException: Call From pkrvmberfyhpb9w/10.1.0.36 to localhost:15024 failed on connection exception: java.net.ConnectException: Connection refused; For more details see:  http://wiki.apache.org/hadoop/ConnectionRefused, while invoking $Proxy45.submitRequest over nodeId=scmNodeId,nodeAddress=localhost/127.0.0.1:15024 after 127 failover attempts. Trying to failover after sleeping for 2000ms. Current retry count: 127.
2025-05-13 07:47:43,413 [om1-om-CertificateRenewerService] INFO  retry.RetryInvocationHandler (RetryInvocationHandler.java:log(426)) - com.google.protobuf.ServiceException: java.net.ConnectException: Call From pkrvmberfyhpb9w/10.1.0.36 to localhost:15024 failed on connection exception: java.net.ConnectException: Connection refused; For more details see:  http://wiki.apache.org/hadoop/ConnectionRefused, while invoking $Proxy45.submitRequest over nodeId=scmNodeId,nodeAddress=localhost/127.0.0.1:15024 after 128 failover attempts. Trying to failover after sleeping for 2000ms. Current retry count: 128.
2025-05-13 07:47:44,475 [main] INFO  ipc.Client (Client.java:handleConnectionTimeout(930)) - Retrying connect to server: 10.1.0.101/10.1.0.101:15055. Already tried 2 time(s); maxRetries=45
2025-05-13 07:47:45,418 [om1-om-CertificateRenewerService] INFO  retry.RetryInvocationHandler (RetryInvocationHandler.java:log(426)) - com.google.protobuf.ServiceException: java.net.ConnectException: Call From pkrvmberfyhpb9w/10.1.0.36 to localhost:15024 failed on connection exception: java.net.ConnectException: Connection refused; For more details see:  http://wiki.apache.org/hadoop/ConnectionRefused, while invoking $Proxy45.submitRequest over nodeId=scmNodeId,nodeAddress=localhost/127.0.0.1:15024 after 129 failover attempts. Trying to failover after sleeping for 2000ms. Current retry count: 129.
2025-05-13 07:47:47,423 [om1-om-CertificateRenewerService] INFO  retry.RetryInvocationHandler (RetryInvocationHandler.java:log(426)) - com.google.protobuf.ServiceException: java.net.ConnectException: Call From pkrvmberfyhpb9w/10.1.0.36 to localhost:15024 failed on connection exception: java.net.ConnectException: Connection refused; For more details see:  http://wiki.apache.org/hadoop/ConnectionRefused, while invoking $Proxy45.submitRequest over nodeId=scmNodeId,nodeAddress=localhost/127.0.0.1:15024 after 130 failover attempts. Trying to failover after sleeping for 2000ms. Current retry count: 130.
2025-05-13 07:47:49,423 [om1-om-CertificateRenewerService] INFO  retry.RetryInvocationHandler (RetryInvocationHandler.java:log(426)) - com.google.protobuf.ServiceException: java.net.ConnectException: Call From pkrvmberfyhpb9w/10.1.0.36 to localhost:15024 failed on connection exception: java.net.ConnectException: Connection refused; For more details see:  http://wiki.apache.org/hadoop/ConnectionRefused, while invoking $Proxy45.submitRequest over nodeId=scmNodeId,nodeAddress=localhost/127.0.0.1:15024 after 131 failover attempts. Trying to failover after sleeping for 2000ms. Current retry count: 131.
2025-05-13 07:47:51,424 [om1-om-CertificateRenewerService] INFO  retry.RetryInvocationHandler (RetryInvocationHandler.java:log(426)) - com.google.protobuf.ServiceException: java.net.ConnectException: Call From pkrvmberfyhpb9w/10.1.0.36 to localhost:15024 failed on connection exception: java.net.ConnectException: Connection refused; For more details see:  http://wiki.apache.org/hadoop/ConnectionRefused, while invoking $Proxy45.submitRequest over nodeId=scmNodeId,nodeAddress=localhost/127.0.0.1:15024 after 132 failover attempts. Trying to failover after sleeping for 2000ms. Current retry count: 132.
2025-05-13 07:47:53,428 [om1-om-CertificateRenewerService] INFO  retry.RetryInvocationHandler (RetryInvocationHandler.java:log(426)) - com.google.protobuf.ServiceException: java.net.ConnectException: Call From pkrvmberfyhpb9w/10.1.0.36 to localhost:15024 failed on connection exception: java.net.ConnectException: Connection refused; For more details see:  http://wiki.apache.org/hadoop/ConnectionRefused, while invoking $Proxy45.submitRequest over nodeId=scmNodeId,nodeAddress=localhost/127.0.0.1:15024 after 133 failover attempts. Trying to failover after sleeping for 2000ms. Current retry count: 133.
2025-05-13 07:47:55,429 [om1-om-CertificateRenewerService] INFO  retry.RetryInvocationHandler (RetryInvocationHandler.java:log(426)) - com.google.protobuf.ServiceException: java.net.ConnectException: Call From pkrvmberfyhpb9w/10.1.0.36 to localhost:15024 failed on connection exception: java.net.ConnectException: Connection refused; For more details see:  http://wiki.apache.org/hadoop/ConnectionRefused, while invoking $Proxy45.submitRequest over nodeId=scmNodeId,nodeAddress=localhost/127.0.0.1:15024 after 134 failover attempts. Trying to failover after sleeping for 2000ms. Current retry count: 134.
2025-05-13 07:47:57,430 [om1-om-CertificateRenewerService] INFO  retry.RetryInvocationHandler (RetryInvocationHandler.java:log(426)) - com.google.protobuf.ServiceException: java.net.ConnectException: Call From pkrvmberfyhpb9w/10.1.0.36 to localhost:15024 failed on connection exception: java.net.ConnectException: Connection refused; For more details see:  http://wiki.apache.org/hadoop/ConnectionRefused, while invoking $Proxy45.submitRequest over nodeId=scmNodeId,nodeAddress=localhost/127.0.0.1:15024 after 135 failover attempts. Trying to failover after sleeping for 2000ms. Current retry count: 135.
2025-05-13 07:47:59,435 [om1-om-CertificateRenewerService] INFO  retry.RetryInvocationHandler (RetryInvocationHandler.java:log(426)) - com.google.protobuf.ServiceException: java.net.ConnectException: Call From pkrvmberfyhpb9w/10.1.0.36 to localhost:15024 failed on connection exception: java.net.ConnectException: Connection refused; For more details see:  http://wiki.apache.org/hadoop/ConnectionRefused, while invoking $Proxy45.submitRequest over nodeId=scmNodeId,nodeAddress=localhost/127.0.0.1:15024 after 136 failover attempts. Trying to failover after sleeping for 2000ms. Current retry count: 136.
2025-05-13 07:48:01,436 [om1-om-CertificateRenewerService] INFO  retry.RetryInvocationHandler (RetryInvocationHandler.java:log(426)) - com.google.protobuf.ServiceException: java.net.ConnectException: Call From pkrvmberfyhpb9w/10.1.0.36 to localhost:15024 failed on connection exception: java.net.ConnectException: Connection refused; For more details see:  http://wiki.apache.org/hadoop/ConnectionRefused, while invoking $Proxy45.submitRequest over nodeId=scmNodeId,nodeAddress=localhost/127.0.0.1:15024 after 137 failover attempts. Trying to failover after sleeping for 2000ms. Current retry count: 137.
2025-05-13 07:48:03,437 [om1-om-CertificateRenewerService] INFO  retry.RetryInvocationHandler (RetryInvocationHandler.java:log(426)) - com.google.protobuf.ServiceException: java.net.ConnectException: Call From pkrvmberfyhpb9w/10.1.0.36 to localhost:15024 failed on connection exception: java.net.ConnectException: Connection refused; For more details see:  http://wiki.apache.org/hadoop/ConnectionRefused, while invoking $Proxy45.submitRequest over nodeId=scmNodeId,nodeAddress=localhost/127.0.0.1:15024 after 138 failover attempts. Trying to failover after sleeping for 2000ms. Current retry count: 138.
2025-05-13 07:48:04,477 [main] INFO  ipc.Client (Client.java:handleConnectionTimeout(930)) - Retrying connect to server: 10.1.0.101/10.1.0.101:15055. Already tried 3 time(s); maxRetries=45
2025-05-13 07:48:05,441 [om1-om-CertificateRenewerService] INFO  retry.RetryInvocationHandler (RetryInvocationHandler.java:log(426)) - com.google.protobuf.ServiceException: java.net.ConnectException: Call From pkrvmberfyhpb9w/10.1.0.36 to localhost:15024 failed on connection exception: java.net.ConnectException: Connection refused; For more details see:  http://wiki.apache.org/hadoop/ConnectionRefused, while invoking $Proxy45.submitRequest over nodeId=scmNodeId,nodeAddress=localhost/127.0.0.1:15024 after 139 failover attempts. Trying to failover after sleeping for 2000ms. Current retry count: 139.
2025-05-13 07:48:07,442 [om1-om-CertificateRenewerService] INFO  retry.RetryInvocationHandler (RetryInvocationHandler.java:log(426)) - com.google.protobuf.ServiceException: java.net.ConnectException: Call From pkrvmberfyhpb9w/10.1.0.36 to localhost:15024 failed on connection exception: java.net.ConnectException: Connection refused; For more details see:  http://wiki.apache.org/hadoop/ConnectionRefused, while invoking $Proxy45.submitRequest over nodeId=scmNodeId,nodeAddress=localhost/127.0.0.1:15024 after 140 failover attempts. Trying to failover after sleeping for 2000ms. Current retry count: 140.
2025-05-13 07:48:09,443 [om1-om-CertificateRenewerService] INFO  retry.RetryInvocationHandler (RetryInvocationHandler.java:log(426)) - com.google.protobuf.ServiceException: java.net.ConnectException: Call From pkrvmberfyhpb9w/10.1.0.36 to localhost:15024 failed on connection exception: java.net.ConnectException: Connection refused; For more details see:  http://wiki.apache.org/hadoop/ConnectionRefused, while invoking $Proxy45.submitRequest over nodeId=scmNodeId,nodeAddress=localhost/127.0.0.1:15024 after 141 failover attempts. Trying to failover after sleeping for 2000ms. Current retry count: 141.
2025-05-13 07:48:11,448 [om1-om-CertificateRenewerService] INFO  retry.RetryInvocationHandler (RetryInvocationHandler.java:log(426)) - com.google.protobuf.ServiceException: java.net.ConnectException: Call From pkrvmberfyhpb9w/10.1.0.36 to localhost:15024 failed on connection exception: java.net.ConnectException: Connection refused; For more details see:  http://wiki.apache.org/hadoop/ConnectionRefused, while invoking $Proxy45.submitRequest over nodeId=scmNodeId,nodeAddress=localhost/127.0.0.1:15024 after 142 failover attempts. Trying to failover after sleeping for 2000ms. Current retry count: 142.
2025-05-13 07:48:13,449 [om1-om-CertificateRenewerService] INFO  retry.RetryInvocationHandler (RetryInvocationHandler.java:log(426)) - com.google.protobuf.ServiceException: java.net.ConnectException: Call From pkrvmberfyhpb9w/10.1.0.36 to localhost:15024 failed on connection exception: java.net.ConnectException: Connection refused; For more details see:  http://wiki.apache.org/hadoop/ConnectionRefused, while invoking $Proxy45.submitRequest over nodeId=scmNodeId,nodeAddress=localhost/127.0.0.1:15024 after 143 failover attempts. Trying to failover after sleeping for 2000ms. Current retry count: 143.
2025-05-13 07:48:15,454 [om1-om-CertificateRenewerService] INFO  retry.RetryInvocationHandler (RetryInvocationHandler.java:log(426)) - com.google.protobuf.ServiceException: java.net.ConnectException: Call From pkrvmberfyhpb9w/10.1.0.36 to localhost:15024 failed on connection exception: java.net.ConnectException: Connection refused; For more details see:  http://wiki.apache.org/hadoop/ConnectionRefused, while invoking $Proxy45.submitRequest over nodeId=scmNodeId,nodeAddress=localhost/127.0.0.1:15024 after 144 failover attempts. Trying to failover after sleeping for 2000ms. Current retry count: 144.
2025-05-13 07:48:17,458 [om1-om-CertificateRenewerService] INFO  retry.RetryInvocationHandler (RetryInvocationHandler.java:log(426)) - com.google.protobuf.ServiceException: java.net.ConnectException: Call From pkrvmberfyhpb9w/10.1.0.36 to localhost:15024 failed on connection exception: java.net.ConnectException: Connection refused; For more details see:  http://wiki.apache.org/hadoop/ConnectionRefused, while invoking $Proxy45.submitRequest over nodeId=scmNodeId,nodeAddress=localhost/127.0.0.1:15024 after 145 failover attempts. Trying to failover after sleeping for 2000ms. Current retry count: 145.
2025-05-13 07:48:19,459 [om1-om-CertificateRenewerService] INFO  retry.RetryInvocationHandler (RetryInvocationHandler.java:log(426)) - com.google.protobuf.ServiceException: java.net.ConnectException: Call From pkrvmberfyhpb9w/10.1.0.36 to localhost:15024 failed on connection exception: java.net.ConnectException: Connection refused; For more details see:  http://wiki.apache.org/hadoop/ConnectionRefused, while invoking $Proxy45.submitRequest over nodeId=scmNodeId,nodeAddress=localhost/127.0.0.1:15024 after 146 failover attempts. Trying to failover after sleeping for 2000ms. Current retry count: 146.
2025-05-13 07:48:21,460 [om1-om-CertificateRenewerService] INFO  retry.RetryInvocationHandler (RetryInvocationHandler.java:log(426)) - com.google.protobuf.ServiceException: java.net.ConnectException: Call From pkrvmberfyhpb9w/10.1.0.36 to localhost:15024 failed on connection exception: java.net.ConnectException: Connection refused; For more details see:  http://wiki.apache.org/hadoop/ConnectionRefused, while invoking $Proxy45.submitRequest over nodeId=scmNodeId,nodeAddress=localhost/127.0.0.1:15024 after 147 failover attempts. Trying to failover after sleeping for 2000ms. Current retry count: 147.
2025-05-13 07:48:23,464 [om1-om-CertificateRenewerService] INFO  retry.RetryInvocationHandler (RetryInvocationHandler.java:log(426)) - com.google.protobuf.ServiceException: java.net.ConnectException: Call From pkrvmberfyhpb9w/10.1.0.36 to localhost:15024 failed on connection exception: java.net.ConnectException: Connection refused; For more details see:  http://wiki.apache.org/hadoop/ConnectionRefused, while invoking $Proxy45.submitRequest over nodeId=scmNodeId,nodeAddress=localhost/127.0.0.1:15024 after 148 failover attempts. Trying to failover after sleeping for 2000ms. Current retry count: 148.
2025-05-13 07:48:24,478 [main] INFO  ipc.Client (Client.java:handleConnectionTimeout(930)) - Retrying connect to server: 10.1.0.101/10.1.0.101:15055. Already tried 4 time(s); maxRetries=45
2025-05-13 07:48:25,465 [om1-om-CertificateRenewerService] INFO  retry.RetryInvocationHandler (RetryInvocationHandler.java:log(426)) - com.google.protobuf.ServiceException: java.net.ConnectException: Call From pkrvmberfyhpb9w/10.1.0.36 to localhost:15024 failed on connection exception: java.net.ConnectException: Connection refused; For more details see:  http://wiki.apache.org/hadoop/ConnectionRefused, while invoking $Proxy45.submitRequest over nodeId=scmNodeId,nodeAddress=localhost/127.0.0.1:15024 after 149 failover attempts. Trying to failover after sleeping for 2000ms. Current retry count: 149.
2025-05-13 07:48:27,466 [om1-om-CertificateRenewerService] INFO  retry.RetryInvocationHandler (RetryInvocationHandler.java:log(426)) - com.google.protobuf.ServiceException: java.net.ConnectException: Call From pkrvmberfyhpb9w/10.1.0.36 to localhost:15024 failed on connection exception: java.net.ConnectException: Connection refused; For more details see:  http://wiki.apache.org/hadoop/ConnectionRefused, while invoking $Proxy45.submitRequest over nodeId=scmNodeId,nodeAddress=localhost/127.0.0.1:15024 after 150 failover attempts. Trying to failover after sleeping for 2000ms. Current retry count: 150.
2025-05-13 07:48:29,471 [om1-om-CertificateRenewerService] INFO  retry.RetryInvocationHandler (RetryInvocationHandler.java:log(426)) - com.google.protobuf.ServiceException: java.net.ConnectException: Call From pkrvmberfyhpb9w/10.1.0.36 to localhost:15024 failed on connection exception: java.net.ConnectException: Connection refused; For more details see:  http://wiki.apache.org/hadoop/ConnectionRefused, while invoking $Proxy45.submitRequest over nodeId=scmNodeId,nodeAddress=localhost/127.0.0.1:15024 after 151 failover attempts. Trying to failover after sleeping for 2000ms. Current retry count: 151.
2025-05-13 07:48:31,471 [om1-om-CertificateRenewerService] INFO  retry.RetryInvocationHandler (RetryInvocationHandler.java:log(426)) - com.google.protobuf.ServiceException: java.net.ConnectException: Call From pkrvmberfyhpb9w/10.1.0.36 to localhost:15024 failed on connection exception: java.net.ConnectException: Connection refused; For more details see:  http://wiki.apache.org/hadoop/ConnectionRefused, while invoking $Proxy45.submitRequest over nodeId=scmNodeId,nodeAddress=localhost/127.0.0.1:15024 after 152 failover attempts. Trying to failover after sleeping for 2000ms. Current retry count: 152.
2025-05-13 07:48:33,473 [om1-om-CertificateRenewerService] INFO  retry.RetryInvocationHandler (RetryInvocationHandler.java:log(426)) - com.google.protobuf.ServiceException: java.net.ConnectException: Call From pkrvmberfyhpb9w/10.1.0.36 to localhost:15024 failed on connection exception: java.net.ConnectException: Connection refused; For more details see:  http://wiki.apache.org/hadoop/ConnectionRefused, while invoking $Proxy45.submitRequest over nodeId=scmNodeId,nodeAddress=localhost/127.0.0.1:15024 after 153 failover attempts. Trying to failover after sleeping for 2000ms. Current retry count: 153.
2025-05-13 07:48:35,477 [om1-om-CertificateRenewerService] INFO  retry.RetryInvocationHandler (RetryInvocationHandler.java:log(426)) - com.google.protobuf.ServiceException: java.net.ConnectException: Call From pkrvmberfyhpb9w/10.1.0.36 to localhost:15024 failed on connection exception: java.net.ConnectException: Connection refused; For more details see:  http://wiki.apache.org/hadoop/ConnectionRefused, while invoking $Proxy45.submitRequest over nodeId=scmNodeId,nodeAddress=localhost/127.0.0.1:15024 after 154 failover attempts. Trying to failover after sleeping for 2000ms. Current retry count: 154.
2025-05-13 07:48:37,478 [om1-om-CertificateRenewerService] INFO  retry.RetryInvocationHandler (RetryInvocationHandler.java:log(426)) - com.google.protobuf.ServiceException: java.net.ConnectException: Call From pkrvmberfyhpb9w/10.1.0.36 to localhost:15024 failed on connection exception: java.net.ConnectException: Connection refused; For more details see:  http://wiki.apache.org/hadoop/ConnectionRefused, while invoking $Proxy45.submitRequest over nodeId=scmNodeId,nodeAddress=localhost/127.0.0.1:15024 after 155 failover attempts. Trying to failover after sleeping for 2000ms. Current retry count: 155.
2025-05-13 07:48:39,479 [om1-om-CertificateRenewerService] INFO  retry.RetryInvocationHandler (RetryInvocationHandler.java:log(426)) - com.google.protobuf.ServiceException: java.net.ConnectException: Call From pkrvmberfyhpb9w/10.1.0.36 to localhost:15024 failed on connection exception: java.net.ConnectException: Connection refused; For more details see:  http://wiki.apache.org/hadoop/ConnectionRefused, while invoking $Proxy45.submitRequest over nodeId=scmNodeId,nodeAddress=localhost/127.0.0.1:15024 after 156 failover attempts. Trying to failover after sleeping for 2000ms. Current retry count: 156.
2025-05-13 07:48:41,483 [om1-om-CertificateRenewerService] INFO  retry.RetryInvocationHandler (RetryInvocationHandler.java:log(426)) - com.google.protobuf.ServiceException: java.net.ConnectException: Call From pkrvmberfyhpb9w/10.1.0.36 to localhost:15024 failed on connection exception: java.net.ConnectException: Connection refused; For more details see:  http://wiki.apache.org/hadoop/ConnectionRefused, while invoking $Proxy45.submitRequest over nodeId=scmNodeId,nodeAddress=localhost/127.0.0.1:15024 after 157 failover attempts. Trying to failover after sleeping for 2000ms. Current retry count: 157.
2025-05-13 07:48:43,484 [om1-om-CertificateRenewerService] INFO  retry.RetryInvocationHandler (RetryInvocationHandler.java:log(426)) - com.google.protobuf.ServiceException: java.net.ConnectException: Call From pkrvmberfyhpb9w/10.1.0.36 to localhost:15024 failed on connection exception: java.net.ConnectException: Connection refused; For more details see:  http://wiki.apache.org/hadoop/ConnectionRefused, while invoking $Proxy45.submitRequest over nodeId=scmNodeId,nodeAddress=localhost/127.0.0.1:15024 after 158 failover attempts. Trying to failover after sleeping for 2000ms. Current retry count: 158.
2025-05-13 07:48:44,499 [main] INFO  ipc.Client (Client.java:handleConnectionTimeout(930)) - Retrying connect to server: 10.1.0.101/10.1.0.101:15055. Already tried 5 time(s); maxRetries=45
2025-05-13 07:48:45,491 [om1-om-CertificateRenewerService] INFO  retry.RetryInvocationHandler (RetryInvocationHandler.java:log(426)) - com.google.protobuf.ServiceException: java.net.ConnectException: Call From pkrvmberfyhpb9w/10.1.0.36 to localhost:15024 failed on connection exception: java.net.ConnectException: Connection refused; For more details see:  http://wiki.apache.org/hadoop/ConnectionRefused, while invoking $Proxy45.submitRequest over nodeId=scmNodeId,nodeAddress=localhost/127.0.0.1:15024 after 159 failover attempts. Trying to failover after sleeping for 2000ms. Current retry count: 159.
2025-05-13 07:48:47,495 [om1-om-CertificateRenewerService] INFO  retry.RetryInvocationHandler (RetryInvocationHandler.java:log(426)) - com.google.protobuf.ServiceException: java.net.ConnectException: Call From pkrvmberfyhpb9w/10.1.0.36 to localhost:15024 failed on connection exception: java.net.ConnectException: Connection refused; For more details see:  http://wiki.apache.org/hadoop/ConnectionRefused, while invoking $Proxy45.submitRequest over nodeId=scmNodeId,nodeAddress=localhost/127.0.0.1:15024 after 160 failover attempts. Trying to failover after sleeping for 2000ms. Current retry count: 160.
2025-05-13 07:48:49,495 [om1-om-CertificateRenewerService] INFO  retry.RetryInvocationHandler (RetryInvocationHandler.java:log(426)) - com.google.protobuf.ServiceException: java.net.ConnectException: Call From pkrvmberfyhpb9w/10.1.0.36 to localhost:15024 failed on connection exception: java.net.ConnectException: Connection refused; For more details see:  http://wiki.apache.org/hadoop/ConnectionRefused, while invoking $Proxy45.submitRequest over nodeId=scmNodeId,nodeAddress=localhost/127.0.0.1:15024 after 161 failover attempts. Trying to failover after sleeping for 2000ms. Current retry count: 161.
2025-05-13 07:48:51,496 [om1-om-CertificateRenewerService] INFO  retry.RetryInvocationHandler (RetryInvocationHandler.java:log(426)) - com.google.protobuf.ServiceException: java.net.ConnectException: Call From pkrvmberfyhpb9w/10.1.0.36 to localhost:15024 failed on connection exception: java.net.ConnectException: Connection refused; For more details see:  http://wiki.apache.org/hadoop/ConnectionRefused, while invoking $Proxy45.submitRequest over nodeId=scmNodeId,nodeAddress=localhost/127.0.0.1:15024 after 162 failover attempts. Trying to failover after sleeping for 2000ms. Current retry count: 162.
2025-05-13 07:48:53,502 [om1-om-CertificateRenewerService] INFO  retry.RetryInvocationHandler (RetryInvocationHandler.java:log(426)) - com.google.protobuf.ServiceException: java.net.ConnectException: Call From pkrvmberfyhpb9w/10.1.0.36 to localhost:15024 failed on connection exception: java.net.ConnectException: Connection refused; For more details see:  http://wiki.apache.org/hadoop/ConnectionRefused, while invoking $Proxy45.submitRequest over nodeId=scmNodeId,nodeAddress=localhost/127.0.0.1:15024 after 163 failover attempts. Trying to failover after sleeping for 2000ms. Current retry count: 163.
2025-05-13 07:48:55,503 [om1-om-CertificateRenewerService] INFO  retry.RetryInvocationHandler (RetryInvocationHandler.java:log(426)) - com.google.protobuf.ServiceException: java.net.ConnectException: Call From pkrvmberfyhpb9w/10.1.0.36 to localhost:15024 failed on connection exception: java.net.ConnectException: Connection refused; For more details see:  http://wiki.apache.org/hadoop/ConnectionRefused, while invoking $Proxy45.submitRequest over nodeId=scmNodeId,nodeAddress=localhost/127.0.0.1:15024 after 164 failover attempts. Trying to failover after sleeping for 2000ms. Current retry count: 164.
2025-05-13 07:48:57,504 [om1-om-CertificateRenewerService] INFO  retry.RetryInvocationHandler (RetryInvocationHandler.java:log(426)) - com.google.protobuf.ServiceException: java.net.ConnectException: Call From pkrvmberfyhpb9w/10.1.0.36 to localhost:15024 failed on connection exception: java.net.ConnectException: Connection refused; For more details see:  http://wiki.apache.org/hadoop/ConnectionRefused, while invoking $Proxy45.submitRequest over nodeId=scmNodeId,nodeAddress=localhost/127.0.0.1:15024 after 165 failover attempts. Trying to failover after sleeping for 2000ms. Current retry count: 165.
2025-05-13 07:48:59,515 [om1-om-CertificateRenewerService] INFO  retry.RetryInvocationHandler (RetryInvocationHandler.java:log(426)) - com.google.protobuf.ServiceException: java.net.ConnectException: Call From pkrvmberfyhpb9w/10.1.0.36 to localhost:15024 failed on connection exception: java.net.ConnectException: Connection refused; For more details see:  http://wiki.apache.org/hadoop/ConnectionRefused, while invoking $Proxy45.submitRequest over nodeId=scmNodeId,nodeAddress=localhost/127.0.0.1:15024 after 166 failover attempts. Trying to failover after sleeping for 2000ms. Current retry count: 166.
2025-05-13 07:49:01,516 [om1-om-CertificateRenewerService] INFO  retry.RetryInvocationHandler (RetryInvocationHandler.java:log(426)) - com.google.protobuf.ServiceException: java.net.ConnectException: Call From pkrvmberfyhpb9w/10.1.0.36 to localhost:15024 failed on connection exception: java.net.ConnectException: Connection refused; For more details see:  http://wiki.apache.org/hadoop/ConnectionRefused, while invoking $Proxy45.submitRequest over nodeId=scmNodeId,nodeAddress=localhost/127.0.0.1:15024 after 167 failover attempts. Trying to failover after sleeping for 2000ms. Current retry count: 167.
2025-05-13 07:49:03,517 [om1-om-CertificateRenewerService] INFO  retry.RetryInvocationHandler (RetryInvocationHandler.java:log(426)) - com.google.protobuf.ServiceException: java.net.ConnectException: Call From pkrvmberfyhpb9w/10.1.0.36 to localhost:15024 failed on connection exception: java.net.ConnectException: Connection refused; For more details see:  http://wiki.apache.org/hadoop/ConnectionRefused, while invoking $Proxy45.submitRequest over nodeId=scmNodeId,nodeAddress=localhost/127.0.0.1:15024 after 168 failover attempts. Trying to failover after sleeping for 2000ms. Current retry count: 168.
2025-05-13 07:49:04,518 [main] INFO  ipc.Client (Client.java:handleConnectionTimeout(930)) - Retrying connect to server: 10.1.0.101/10.1.0.101:15055. Already tried 6 time(s); maxRetries=45
2025-05-13 07:49:05,521 [om1-om-CertificateRenewerService] INFO  retry.RetryInvocationHandler (RetryInvocationHandler.java:log(426)) - com.google.protobuf.ServiceException: java.net.ConnectException: Call From pkrvmberfyhpb9w/10.1.0.36 to localhost:15024 failed on connection exception: java.net.ConnectException: Connection refused; For more details see:  http://wiki.apache.org/hadoop/ConnectionRefused, while invoking $Proxy45.submitRequest over nodeId=scmNodeId,nodeAddress=localhost/127.0.0.1:15024 after 169 failover attempts. Trying to failover after sleeping for 2000ms. Current retry count: 169.
2025-05-13 07:49:07,522 [om1-om-CertificateRenewerService] INFO  retry.RetryInvocationHandler (RetryInvocationHandler.java:log(426)) - com.google.protobuf.ServiceException: java.net.ConnectException: Call From pkrvmberfyhpb9w/10.1.0.36 to localhost:15024 failed on connection exception: java.net.ConnectException: Connection refused; For more details see:  http://wiki.apache.org/hadoop/ConnectionRefused, while invoking $Proxy45.submitRequest over nodeId=scmNodeId,nodeAddress=localhost/127.0.0.1:15024 after 170 failover attempts. Trying to failover after sleeping for 2000ms. Current retry count: 170.
2025-05-13 07:49:09,523 [om1-om-CertificateRenewerService] INFO  retry.RetryInvocationHandler (RetryInvocationHandler.java:log(426)) - com.google.protobuf.ServiceException: java.net.ConnectException: Call From pkrvmberfyhpb9w/10.1.0.36 to localhost:15024 failed on connection exception: java.net.ConnectException: Connection refused; For more details see:  http://wiki.apache.org/hadoop/ConnectionRefused, while invoking $Proxy45.submitRequest over nodeId=scmNodeId,nodeAddress=localhost/127.0.0.1:15024 after 171 failover attempts. Trying to failover after sleeping for 2000ms. Current retry count: 171.
2025-05-13 07:49:11,528 [om1-om-CertificateRenewerService] INFO  retry.RetryInvocationHandler (RetryInvocationHandler.java:log(426)) - com.google.protobuf.ServiceException: java.net.ConnectException: Call From pkrvmberfyhpb9w/10.1.0.36 to localhost:15024 failed on connection exception: java.net.ConnectException: Connection refused; For more details see:  http://wiki.apache.org/hadoop/ConnectionRefused, while invoking $Proxy45.submitRequest over nodeId=scmNodeId,nodeAddress=localhost/127.0.0.1:15024 after 172 failover attempts. Trying to failover after sleeping for 2000ms. Current retry count: 172.
2025-05-13 07:49:13,529 [om1-om-CertificateRenewerService] INFO  retry.RetryInvocationHandler (RetryInvocationHandler.java:log(426)) - com.google.protobuf.ServiceException: java.net.ConnectException: Call From pkrvmberfyhpb9w/10.1.0.36 to localhost:15024 failed on connection exception: java.net.ConnectException: Connection refused; For more details see:  http://wiki.apache.org/hadoop/ConnectionRefused, while invoking $Proxy45.submitRequest over nodeId=scmNodeId,nodeAddress=localhost/127.0.0.1:15024 after 173 failover attempts. Trying to failover after sleeping for 2000ms. Current retry count: 173.
2025-05-13 07:49:15,534 [om1-om-CertificateRenewerService] INFO  retry.RetryInvocationHandler (RetryInvocationHandler.java:log(426)) - com.google.protobuf.ServiceException: java.net.ConnectException: Call From pkrvmberfyhpb9w/10.1.0.36 to localhost:15024 failed on connection exception: java.net.ConnectException: Connection refused; For more details see:  http://wiki.apache.org/hadoop/ConnectionRefused, while invoking $Proxy45.submitRequest over nodeId=scmNodeId,nodeAddress=localhost/127.0.0.1:15024 after 174 failover attempts. Trying to failover after sleeping for 2000ms. Current retry count: 174.
2025-05-13 07:49:17,538 [om1-om-CertificateRenewerService] INFO  retry.RetryInvocationHandler (RetryInvocationHandler.java:log(426)) - com.google.protobuf.ServiceException: java.net.ConnectException: Call From pkrvmberfyhpb9w/10.1.0.36 to localhost:15024 failed on connection exception: java.net.ConnectException: Connection refused; For more details see:  http://wiki.apache.org/hadoop/ConnectionRefused, while invoking $Proxy45.submitRequest over nodeId=scmNodeId,nodeAddress=localhost/127.0.0.1:15024 after 175 failover attempts. Trying to failover after sleeping for 2000ms. Current retry count: 175.
2025-05-13 07:49:19,539 [om1-om-CertificateRenewerService] INFO  retry.RetryInvocationHandler (RetryInvocationHandler.java:log(426)) - com.google.protobuf.ServiceException: java.net.ConnectException: Call From pkrvmberfyhpb9w/10.1.0.36 to localhost:15024 failed on connection exception: java.net.ConnectException: Connection refused; For more details see:  http://wiki.apache.org/hadoop/ConnectionRefused, while invoking $Proxy45.submitRequest over nodeId=scmNodeId,nodeAddress=localhost/127.0.0.1:15024 after 176 failover attempts. Trying to failover after sleeping for 2000ms. Current retry count: 176.
2025-05-13 07:49:21,540 [om1-om-CertificateRenewerService] INFO  retry.RetryInvocationHandler (RetryInvocationHandler.java:log(426)) - com.google.protobuf.ServiceException: java.net.ConnectException: Call From pkrvmberfyhpb9w/10.1.0.36 to localhost:15024 failed on connection exception: java.net.ConnectException: Connection refused; For more details see:  http://wiki.apache.org/hadoop/ConnectionRefused, while invoking $Proxy45.submitRequest over nodeId=scmNodeId,nodeAddress=localhost/127.0.0.1:15024 after 177 failover attempts. Trying to failover after sleeping for 2000ms. Current retry count: 177.
2025-05-13 07:49:23,544 [om1-om-CertificateRenewerService] INFO  retry.RetryInvocationHandler (RetryInvocationHandler.java:log(426)) - com.google.protobuf.ServiceException: java.net.ConnectException: Call From pkrvmberfyhpb9w/10.1.0.36 to localhost:15024 failed on connection exception: java.net.ConnectException: Connection refused; For more details see:  http://wiki.apache.org/hadoop/ConnectionRefused, while invoking $Proxy45.submitRequest over nodeId=scmNodeId,nodeAddress=localhost/127.0.0.1:15024 after 178 failover attempts. Trying to failover after sleeping for 2000ms. Current retry count: 178.
2025-05-13 07:49:24,519 [main] INFO  ipc.Client (Client.java:handleConnectionTimeout(930)) - Retrying connect to server: 10.1.0.101/10.1.0.101:15055. Already tried 7 time(s); maxRetries=45
2025-05-13 07:49:25,544 [om1-om-CertificateRenewerService] INFO  retry.RetryInvocationHandler (RetryInvocationHandler.java:log(426)) - com.google.protobuf.ServiceException: java.net.ConnectException: Call From pkrvmberfyhpb9w/10.1.0.36 to localhost:15024 failed on connection exception: java.net.ConnectException: Connection refused; For more details see:  http://wiki.apache.org/hadoop/ConnectionRefused, while invoking $Proxy45.submitRequest over nodeId=scmNodeId,nodeAddress=localhost/127.0.0.1:15024 after 179 failover attempts. Trying to failover after sleeping for 2000ms. Current retry count: 179.
2025-05-13 07:49:27,545 [om1-om-CertificateRenewerService] INFO  retry.RetryInvocationHandler (RetryInvocationHandler.java:log(426)) - com.google.protobuf.ServiceException: java.net.ConnectException: Call From pkrvmberfyhpb9w/10.1.0.36 to localhost:15024 failed on connection exception: java.net.ConnectException: Connection refused; For more details see:  http://wiki.apache.org/hadoop/ConnectionRefused, while invoking $Proxy45.submitRequest over nodeId=scmNodeId,nodeAddress=localhost/127.0.0.1:15024 after 180 failover attempts. Trying to failover after sleeping for 2000ms. Current retry count: 180.
2025-05-13 07:49:29,550 [om1-om-CertificateRenewerService] INFO  retry.RetryInvocationHandler (RetryInvocationHandler.java:log(426)) - com.google.protobuf.ServiceException: java.net.ConnectException: Call From pkrvmberfyhpb9w/10.1.0.36 to localhost:15024 failed on connection exception: java.net.ConnectException: Connection refused; For more details see:  http://wiki.apache.org/hadoop/ConnectionRefused, while invoking $Proxy45.submitRequest over nodeId=scmNodeId,nodeAddress=localhost/127.0.0.1:15024 after 181 failover attempts. Trying to failover after sleeping for 2000ms. Current retry count: 181.
2025-05-13 07:49:31,550 [om1-om-CertificateRenewerService] INFO  retry.RetryInvocationHandler (RetryInvocationHandler.java:log(426)) - com.google.protobuf.ServiceException: java.net.ConnectException: Call From pkrvmberfyhpb9w/10.1.0.36 to localhost:15024 failed on connection exception: java.net.ConnectException: Connection refused; For more details see:  http://wiki.apache.org/hadoop/ConnectionRefused, while invoking $Proxy45.submitRequest over nodeId=scmNodeId,nodeAddress=localhost/127.0.0.1:15024 after 182 failover attempts. Trying to failover after sleeping for 2000ms. Current retry count: 182.
2025-05-13 07:49:33,551 [om1-om-CertificateRenewerService] INFO  retry.RetryInvocationHandler (RetryInvocationHandler.java:log(426)) - com.google.protobuf.ServiceException: java.net.ConnectException: Call From pkrvmberfyhpb9w/10.1.0.36 to localhost:15024 failed on connection exception: java.net.ConnectException: Connection refused; For more details see:  http://wiki.apache.org/hadoop/ConnectionRefused, while invoking $Proxy45.submitRequest over nodeId=scmNodeId,nodeAddress=localhost/127.0.0.1:15024 after 183 failover attempts. Trying to failover after sleeping for 2000ms. Current retry count: 183.
2025-05-13 07:49:35,556 [om1-om-CertificateRenewerService] INFO  retry.RetryInvocationHandler (RetryInvocationHandler.java:log(426)) - com.google.protobuf.ServiceException: java.net.ConnectException: Call From pkrvmberfyhpb9w/10.1.0.36 to localhost:15024 failed on connection exception: java.net.ConnectException: Connection refused; For more details see:  http://wiki.apache.org/hadoop/ConnectionRefused, while invoking $Proxy45.submitRequest over nodeId=scmNodeId,nodeAddress=localhost/127.0.0.1:15024 after 184 failover attempts. Trying to failover after sleeping for 2000ms. Current retry count: 184.
2025-05-13 07:49:37,557 [om1-om-CertificateRenewerService] INFO  retry.RetryInvocationHandler (RetryInvocationHandler.java:log(426)) - com.google.protobuf.ServiceException: java.net.ConnectException: Call From pkrvmberfyhpb9w/10.1.0.36 to localhost:15024 failed on connection exception: java.net.ConnectException: Connection refused; For more details see:  http://wiki.apache.org/hadoop/ConnectionRefused, while invoking $Proxy45.submitRequest over nodeId=scmNodeId,nodeAddress=localhost/127.0.0.1:15024 after 185 failover attempts. Trying to failover after sleeping for 2000ms. Current retry count: 185.
2025-05-13 07:49:39,557 [om1-om-CertificateRenewerService] INFO  retry.RetryInvocationHandler (RetryInvocationHandler.java:log(426)) - com.google.protobuf.ServiceException: java.net.ConnectException: Call From pkrvmberfyhpb9w/10.1.0.36 to localhost:15024 failed on connection exception: java.net.ConnectException: Connection refused; For more details see:  http://wiki.apache.org/hadoop/ConnectionRefused, while invoking $Proxy45.submitRequest over nodeId=scmNodeId,nodeAddress=localhost/127.0.0.1:15024 after 186 failover attempts. Trying to failover after sleeping for 2000ms. Current retry count: 186.
2025-05-13 07:49:41,562 [om1-om-CertificateRenewerService] INFO  retry.RetryInvocationHandler (RetryInvocationHandler.java:log(426)) - com.google.protobuf.ServiceException: java.net.ConnectException: Call From pkrvmberfyhpb9w/10.1.0.36 to localhost:15024 failed on connection exception: java.net.ConnectException: Connection refused; For more details see:  http://wiki.apache.org/hadoop/ConnectionRefused, while invoking $Proxy45.submitRequest over nodeId=scmNodeId,nodeAddress=localhost/127.0.0.1:15024 after 187 failover attempts. Trying to failover after sleeping for 2000ms. Current retry count: 187.
2025-05-13 07:49:43,563 [om1-om-CertificateRenewerService] INFO  retry.RetryInvocationHandler (RetryInvocationHandler.java:log(426)) - com.google.protobuf.ServiceException: java.net.ConnectException: Call From pkrvmberfyhpb9w/10.1.0.36 to localhost:15024 failed on connection exception: java.net.ConnectException: Connection refused; For more details see:  http://wiki.apache.org/hadoop/ConnectionRefused, while invoking $Proxy45.submitRequest over nodeId=scmNodeId,nodeAddress=localhost/127.0.0.1:15024 after 188 failover attempts. Trying to failover after sleeping for 2000ms. Current retry count: 188.
2025-05-13 07:49:44,520 [main] INFO  ipc.Client (Client.java:handleConnectionTimeout(930)) - Retrying connect to server: 10.1.0.101/10.1.0.101:15055. Already tried 8 time(s); maxRetries=45
2025-05-13 07:49:45,567 [om1-om-CertificateRenewerService] INFO  retry.RetryInvocationHandler (RetryInvocationHandler.java:log(426)) - com.google.protobuf.ServiceException: java.net.ConnectException: Call From pkrvmberfyhpb9w/10.1.0.36 to localhost:15024 failed on connection exception: java.net.ConnectException: Connection refused; For more details see:  http://wiki.apache.org/hadoop/ConnectionRefused, while invoking $Proxy45.submitRequest over nodeId=scmNodeId,nodeAddress=localhost/127.0.0.1:15024 after 189 failover attempts. Trying to failover after sleeping for 2000ms. Current retry count: 189.
2025-05-13 07:49:47,258 [main] INFO  impl.DefaultInternalKdcServerImpl (DefaultInternalKdcServerImpl.java:doStop(102)) - Default Internal kdc server stopped.
2025-05-13 07:49:47,569 [om1-om-CertificateRenewerService] INFO  retry.RetryInvocationHandler (RetryInvocationHandler.java:log(426)) - com.google.protobuf.ServiceException: java.net.ConnectException: Call From pkrvmberfyhpb9w/10.1.0.36 to localhost:15024 failed on connection exception: java.net.ConnectException: Connection refused; For more details see:  http://wiki.apache.org/hadoop/ConnectionRefused, while invoking $Proxy45.submitRequest over nodeId=scmNodeId,nodeAddress=localhost/127.0.0.1:15024 after 190 failover attempts. Trying to failover after sleeping for 2000ms. Current retry count: 190.
2025-05-13 07:49:48,258 [main] INFO  minikdc.MiniKdc (MiniKdc.java:stop(359)) - MiniKdc stopped.
2025-05-13 07:49:48,259 [main] INFO  server.StorageContainerManager (StorageContainerManager.java:stop(1608)) - Container Balancer is not running.
2025-05-13 07:49:48,259 [main] INFO  server.StorageContainerManager (StorageContainerManager.java:stopReplicationManager(1742)) - Stopping Replication Manager Service.
2025-05-13 07:49:48,259 [main] INFO  replication.ReplicationManager (ReplicationManager.java:stop(316)) - Stopping Replication Monitor Thread.
2025-05-13 07:49:48,259 [main] INFO  server.StorageContainerManager (StorageContainerManager.java:stop(1617)) - Stopping the Datanode Admin Monitor.
2025-05-13 07:49:48,259 [UnderReplicatedProcessor] WARN  replication.UnhealthyReplicationProcessor (UnhealthyReplicationProcessor.java:run(178)) - UnderReplicatedProcessor interrupted. Exiting...
2025-05-13 07:49:48,259 [ReplicationMonitor] INFO  replication.ReplicationManager (ReplicationManager.java:run(936)) - Replication Monitor Thread is stopped
2025-05-13 07:49:48,259 [main] INFO  server.StorageContainerManager (StorageContainerManager.java:stop(1624)) - Stopping datanode service RPC server
2025-05-13 07:49:48,259 [main] INFO  server.SCMDatanodeProtocolServer (SCMDatanodeProtocolServer.java:stop(447)) - Stopping the RPC server for DataNodes
2025-05-13 07:49:48,259 [main] INFO  ipc.Server (Server.java:stop(3697)) - Stopping server on 15050
2025-05-13 07:49:48,259 [OverReplicatedProcessor] WARN  replication.UnhealthyReplicationProcessor (UnhealthyReplicationProcessor.java:run(178)) - OverReplicatedProcessor interrupted. Exiting...
2025-05-13 07:49:48,264 [IPC Server listener on 15050] INFO  ipc.Server (Server.java:run(1585)) - Stopping IPC Server listener on 15050
2025-05-13 07:49:48,264 [IPC Server Responder] INFO  ipc.Server (Server.java:run(1718)) - Stopping IPC Server Responder
2025-05-13 07:49:48,324 [SCMHeartbeatProcessor-0] WARN  node.NodeStateManager (NodeStateManager.java:scheduleNextHealthCheck(909)) - Current Thread is interrupted, shutting down HB processing thread for Node Manager.
2025-05-13 07:49:48,325 [main] INFO  server.StorageContainerManager (StorageContainerManager.java:stop(1632)) - Stopping block service RPC server
2025-05-13 07:49:48,325 [main] INFO  server.SCMBlockProtocolServer (SCMBlockProtocolServer.java:stop(175)) - Stopping the RPC server for Block Protocol
2025-05-13 07:49:48,325 [main] INFO  ipc.Server (Server.java:stop(3697)) - Stopping server on 15051
2025-05-13 07:49:48,327 [IPC Server listener on 15051] INFO  ipc.Server (Server.java:run(1585)) - Stopping IPC Server listener on 15051
2025-05-13 07:49:48,327 [main] INFO  server.StorageContainerManager (StorageContainerManager.java:stop(1639)) - Stopping the StorageContainerLocationProtocol RPC server
2025-05-13 07:49:48,327 [main] INFO  server.SCMClientProtocolServer (SCMClientProtocolServer.java:stop(216)) - Stopping the RPC server for Client Protocol
2025-05-13 07:49:48,328 [main] INFO  ipc.Server (Server.java:stop(3697)) - Stopping server on 15049
2025-05-13 07:49:48,327 [IPC Server Responder] INFO  ipc.Server (Server.java:run(1718)) - Stopping IPC Server Responder
2025-05-13 07:49:48,331 [IPC Server listener on 15049] INFO  ipc.Server (Server.java:run(1585)) - Stopping IPC Server listener on 15049
2025-05-13 07:49:48,331 [IPC Server Responder] INFO  ipc.Server (Server.java:run(1718)) - Stopping IPC Server Responder
2025-05-13 07:49:48,332 [main] INFO  server.StorageContainerManager (StorageContainerManager.java:stop(1646)) - Stopping Storage Container Manager HTTP server.
2025-05-13 07:49:48,332 [main] INFO  handler.ContextHandler (ContextHandler.java:doStop(1159)) - Stopped o.e.j.w.WebAppContext@2b9438ed{scm,/,null,STOPPED}{file:/home/runner/work/ozone/ozone/hadoop-ozone/integration-test/target/test-classes/webapps/scm}
2025-05-13 07:49:48,334 [main] INFO  server.AbstractConnector (AbstractConnector.java:doStop(383)) - Stopped ServerConnector@45f4f928{HTTP/1.1, (http/1.1)}{0.0.0.0:9876}
2025-05-13 07:49:48,334 [main] INFO  server.session (HouseKeeper.java:stopScavenging(149)) - node0 Stopped scavenging
2025-05-13 07:49:48,334 [main] INFO  handler.ContextHandler (ContextHandler.java:doStop(1159)) - Stopped o.e.j.s.ServletContextHandler@7f25d78a{static,/static,file:///home/runner/work/ozone/ozone/hadoop-ozone/integration-test/target/test-classes/webapps/static,STOPPED}
2025-05-13 07:49:48,334 [main] INFO  handler.ContextHandler (ContextHandler.java:doStop(1159)) - Stopped o.e.j.s.ServletContextHandler@74acb786{logs,/logs,file:///home/runner/work/ozone/ozone/hadoop-ozone/integration-test/target/log,STOPPED}
2025-05-13 07:49:48,335 [main] INFO  server.StorageContainerManager (StorageContainerManager.java:stop(1654)) - Stopping SCM LayoutVersionManager Service.
2025-05-13 07:49:48,335 [main] INFO  server.SCMSecurityProtocolServer (SCMSecurityProtocolServer.java:stop(510)) - Stopping the SCMSecurityProtocolServer.
2025-05-13 07:49:48,335 [main] INFO  ipc.Server (Server.java:stop(3697)) - Stopping server on 15052
2025-05-13 07:49:48,335 [IPC Server listener on 15052] INFO  ipc.Server (Server.java:run(1585)) - Stopping IPC Server listener on 15052
2025-05-13 07:49:48,336 [IPC Server Responder] INFO  ipc.Server (Server.java:run(1718)) - Stopping IPC Server Responder
2025-05-13 07:49:48,336 [main] INFO  server.StorageContainerManager (StorageContainerManager.java:stop(1666)) - Stopping Block Manager Service.
2025-05-13 07:49:48,336 [main] INFO  utils.BackgroundService (BackgroundService.java:shutdown(160)) - Shutting down service SCMBlockDeletingService
2025-05-13 07:49:48,336 [main] INFO  utils.BackgroundService (BackgroundService.java:shutdown(160)) - Shutting down service SCMBlockDeletingService
2025-05-13 07:49:48,337 [main] INFO  server.StorageContainerManager (StorageContainerManager.java:stop(1691)) - Stopping SCM Event Queue.
2025-05-13 07:49:48,337 [main] INFO  server.StorageContainerManager (StorageContainerManager.java:stop(1698)) - Stopping SCM HA services.
2025-05-13 07:49:48,337 [main] INFO  ha.SCMRatisServerImpl (SCMRatisServerImpl.java:stop(266)) - stopping ratis server 0.0.0.0:15053
2025-05-13 07:49:48,337 [main] INFO  server.RaftServer (RaftServerProxy.java:lambda$close$9(417)) - 3542b160-3524-44ff-92da-cbafe8793333: close
2025-05-13 07:49:48,342 [main] INFO  server.GrpcService (GrpcService.java:closeImpl(343)) - 3542b160-3524-44ff-92da-cbafe8793333: shutdown server GrpcServerProtocolService now
2025-05-13 07:49:48,342 [3542b160-3524-44ff-92da-cbafe8793333-impl-thread2] INFO  server.RaftServer$Division (RaftServerImpl.java:lambda$close$1(513)) - 3542b160-3524-44ff-92da-cbafe8793333@group-11E3D3358789: shutdown
2025-05-13 07:49:48,342 [3542b160-3524-44ff-92da-cbafe8793333-impl-thread2] INFO  util.JmxRegister (JmxRegister.java:unregister(74)) - Successfully un-registered JMX Bean with object name Ratis:service=RaftServer,group=group-11E3D3358789,id=3542b160-3524-44ff-92da-cbafe8793333
2025-05-13 07:49:48,343 [3542b160-3524-44ff-92da-cbafe8793333-impl-thread2] INFO  impl.RoleInfo (RoleInfo.java:shutdownLeaderState(103)) - 3542b160-3524-44ff-92da-cbafe8793333: shutdown 3542b160-3524-44ff-92da-cbafe8793333@group-11E3D3358789-LeaderStateImpl
2025-05-13 07:49:48,343 [3542b160-3524-44ff-92da-cbafe8793333-impl-thread2] INFO  impl.PendingRequests (PendingRequests.java:sendNotLeaderResponses(287)) - 3542b160-3524-44ff-92da-cbafe8793333@group-11E3D3358789-PendingRequests: sendNotLeaderResponses
2025-05-13 07:49:48,343 [3542b160-3524-44ff-92da-cbafe8793333-impl-thread2] INFO  ha.SCMStateMachine (SCMStateMachine.java:notifyNotLeader(211)) - current leader SCM steps down.
2025-05-13 07:49:48,343 [3542b160-3524-44ff-92da-cbafe8793333-impl-thread2] INFO  ha.SCMContext (SCMContext.java:updateLeaderAndTerm(95)) - update <isLeader,term> from <true,2> to <false,0>
2025-05-13 07:49:48,343 [3542b160-3524-44ff-92da-cbafe8793333-impl-thread2] INFO  ha.SCMContext (SCMContext.java:updateLeaderAndTerm(101)) - update <isLeaderReady> from <true> to <false>
2025-05-13 07:49:48,343 [main] INFO  server.GrpcService (GrpcService.java:closeImpl(352)) - 3542b160-3524-44ff-92da-cbafe8793333: shutdown server GrpcServerProtocolService successfully
2025-05-13 07:49:48,344 [3542b160-3524-44ff-92da-cbafe8793333-impl-thread2] INFO  impl.StateMachineUpdater (StateMachineUpdater.java:stopAndJoin(164)) - 3542b160-3524-44ff-92da-cbafe8793333@group-11E3D3358789-StateMachineUpdater: set stopIndex = 4
2025-05-13 07:49:48,347 [3542b160-3524-44ff-92da-cbafe8793333@group-11E3D3358789-StateMachineUpdater] INFO  ha.SCMStateMachine (SCMStateMachine.java:takeSnapshot(330)) - Current Snapshot Index 4, takeSnapshot took 3 ms
2025-05-13 07:49:48,347 [3542b160-3524-44ff-92da-cbafe8793333@group-11E3D3358789-StateMachineUpdater] INFO  impl.StateMachineUpdater (StateMachineUpdater.java:takeSnapshot(303)) - 3542b160-3524-44ff-92da-cbafe8793333@group-11E3D3358789-StateMachineUpdater: Took a snapshot at index 4
2025-05-13 07:49:48,347 [3542b160-3524-44ff-92da-cbafe8793333@group-11E3D3358789-StateMachineUpdater] INFO  impl.StateMachineUpdater (StateMachineUpdater.java:lambda$new$0(102)) - 3542b160-3524-44ff-92da-cbafe8793333@group-11E3D3358789-StateMachineUpdater: snapshotIndex: updateIncreasingly -1 -> 4
2025-05-13 07:49:48,347 [3542b160-3524-44ff-92da-cbafe8793333@group-11E3D3358789-StateMachineUpdater] INFO  impl.StateMachineUpdater (StateMachineUpdater.java:stop(141)) - 3542b160-3524-44ff-92da-cbafe8793333@group-11E3D3358789-StateMachineUpdater: closing SCMStateMachine, lastApplied=(t:2, i:4)
2025-05-13 07:49:48,348 [3542b160-3524-44ff-92da-cbafe8793333@group-11E3D3358789-cacheEviction-AwaitToRun] INFO  util.AwaitToRun (AwaitToRun.java:run(49)) - 3542b160-3524-44ff-92da-cbafe8793333@group-11E3D3358789-cacheEviction-AwaitToRun-AwaitForSignal is interrupted
2025-05-13 07:49:49,082 [3542b160-3524-44ff-92da-cbafe8793333-impl-thread2] INFO  segmented.SegmentedRaftLogWorker (SegmentedRaftLogWorker.java:close(252)) - 3542b160-3524-44ff-92da-cbafe8793333@group-11E3D3358789-SegmentedRaftLogWorker close()
2025-05-13 07:49:49,083 [JvmPauseMonitor11] INFO  util.JvmPauseMonitor (JvmPauseMonitor.java:run(152)) - JvmPauseMonitor-3542b160-3524-44ff-92da-cbafe8793333: Stopped
2025-05-13 07:49:49,083 [main] INFO  SCMHATransactionMonitor (BackgroundSCMService.java:stop(127)) - Stopping SCMHATransactionMonitor Service.
2025-05-13 07:49:49,083 [SCMHATransactionMonitor] WARN  SCMHATransactionMonitor (BackgroundSCMService.java:run(111)) - SCMHATransactionMonitor is interrupted, exit
2025-05-13 07:49:49,083 [main] INFO  pipeline.BackgroundPipelineCreator (BackgroundPipelineCreator.java:stop(154)) - Stopping RatisPipelineUtilsThread.
2025-05-13 07:49:49,083 [RatisPipelineUtilsThread-0] WARN  pipeline.BackgroundPipelineCreator (BackgroundPipelineCreator.java:run(185)) - RatisPipelineUtilsThread is interrupted.
2025-05-13 07:49:49,084 [main] INFO  BackgroundPipelineScrubber (BackgroundSCMService.java:stop(127)) - Stopping BackgroundPipelineScrubber Service.
2025-05-13 07:49:49,084 [BackgroundPipelineScrubber] WARN  BackgroundPipelineScrubber (BackgroundSCMService.java:run(111)) - BackgroundPipelineScrubber is interrupted, exit
2025-05-13 07:49:49,084 [main] INFO  impl.MetricsSystemImpl (MetricsSystemImpl.java:stop(210)) - Stopping StorageContainerManager metrics system...
2025-05-13 07:49:49,085 [prometheus] INFO  impl.MetricsSinkAdapter (MetricsSinkAdapter.java:publishMetricsFromQueue(141)) - prometheus thread interrupted.
2025-05-13 07:49:49,085 [main] INFO  impl.MetricsSystemImpl (MetricsSystemImpl.java:stop(216)) - StorageContainerManager metrics system stopped.
2025-05-13 07:49:49,085 [main] WARN  pipeline.BackgroundPipelineCreator (BackgroundPipelineCreator.java:stop(150)) - RatisPipelineUtilsThread is not running, just ignore.
2025-05-13 07:49:49,085 [main] INFO  BackgroundPipelineScrubber (BackgroundSCMService.java:stop(122)) - BackgroundPipelineScrubber Service is not running, skip stop.
2025-05-13 07:49:49,085 [main] INFO  ExpiredContainerReplicaOpScrubber (BackgroundSCMService.java:stop(127)) - Stopping ExpiredContainerReplicaOpScrubber Service.
2025-05-13 07:49:49,085 [ExpiredContainerReplicaOpScrubber] WARN  ExpiredContainerReplicaOpScrubber (BackgroundSCMService.java:run(111)) - ExpiredContainerReplicaOpScrubber is interrupted, exit
2025-05-13 07:49:49,085 [main] INFO  utils.BackgroundService (BackgroundService.java:shutdown(160)) - Shutting down service SCMBlockDeletingService
2025-05-13 07:49:49,085 [main] INFO  replication.ReplicationManager (ReplicationManager.java:stop(323)) - Replication Monitor Thread is not running.
2025-05-13 07:49:49,086 [main] WARN  balancer.ContainerBalancer (ContainerBalancer.java:stop(350)) - Cannot stop Container Balancer because it's not running or stopping
2025-05-13 07:49:49,086 [main] INFO  SCMHATransactionMonitor (BackgroundSCMService.java:stop(122)) - SCMHATransactionMonitor Service is not running, skip stop.
2025-05-13 07:49:49,086 [main] INFO  server.StorageContainerManager (StorageContainerManager.java:stop(1733)) - Stopping SCM MetadataStore.
2025-05-13 07:49:49,086 [LeaseManager#LeaseMonitor] WARN  lease.LeaseManager (LeaseManager.java:run(285)) - Lease manager is interrupted. Shutting down...
java.lang.InterruptedException
	at java.base/java.util.concurrent.locks.AbstractQueuedSynchronizer.tryAcquireSharedNanos(AbstractQueuedSynchronizer.java:1133)
	at java.base/java.util.concurrent.Semaphore.tryAcquire(Semaphore.java:415)
	at org.apache.hadoop.ozone.lease.LeaseManager$LeaseMonitor.run(LeaseManager.java:283)
	at java.base/java.lang.Thread.run(Thread.java:1583)
2025-05-13 07:49:49,087 [main] INFO  server.SCMSecurityProtocolServer (SCMSecurityProtocolServer.java:join(519)) - Join RPC server for SCMSecurityProtocolServer.
2025-05-13 07:49:49,087 [main] INFO  server.SCMSecurityProtocolServer (SCMSecurityProtocolServer.java:join(521)) - Join gRPC server for SCMSecurityProtocolServer.
]]></system-out>
  </testcase>
  <testcase name="testSecureScmStartupSuccess" classname="org.apache.hadoop.ozone.TestSecureOzoneCluster" time="8.622">
    <system-out><![CDATA[2025-05-13 07:49:49,120 [main] INFO  minikdc.MiniKdc (MiniKdc.java:<init>(225)) - Configuration:
2025-05-13 07:49:49,120 [main] INFO  minikdc.MiniKdc (MiniKdc.java:<init>(226)) - ---------------------------------------------------------------
2025-05-13 07:49:49,121 [main] INFO  minikdc.MiniKdc (MiniKdc.java:<init>(228)) -   max.renewable.lifetime: 604800000
2025-05-13 07:49:49,121 [main] INFO  minikdc.MiniKdc (MiniKdc.java:<init>(228)) -   instance: DefaultKrbServer
2025-05-13 07:49:49,121 [main] INFO  minikdc.MiniKdc (MiniKdc.java:<init>(228)) -   debug: false
2025-05-13 07:49:49,121 [main] INFO  minikdc.MiniKdc (MiniKdc.java:<init>(228)) -   kdc.bind.address: localhost
2025-05-13 07:49:49,121 [main] INFO  minikdc.MiniKdc (MiniKdc.java:<init>(228)) -   max.ticket.lifetime: 86400000
2025-05-13 07:49:49,121 [main] INFO  minikdc.MiniKdc (MiniKdc.java:<init>(228)) -   transport: TCP
2025-05-13 07:49:49,121 [main] INFO  minikdc.MiniKdc (MiniKdc.java:<init>(228)) -   org.name: EXAMPLE
2025-05-13 07:49:49,121 [main] INFO  minikdc.MiniKdc (MiniKdc.java:<init>(228)) -   org.domain: COM
2025-05-13 07:49:49,121 [main] INFO  minikdc.MiniKdc (MiniKdc.java:<init>(228)) -   kdc.port: 0
2025-05-13 07:49:49,121 [main] INFO  minikdc.MiniKdc (MiniKdc.java:<init>(230)) - ---------------------------------------------------------------
2025-05-13 07:49:49,123 [main] INFO  minikdc.MiniKdc (MiniKdc.java:start(285)) - MiniKdc started.
2025-05-13 07:49:49,272 [main] INFO  keys.KeyStorage (KeyStorage.java:storePublicKey(210)) - Storing public key to /tmp/junit-11147300826352839826/om-meta/om/keys/public.pem.
2025-05-13 07:49:49,273 [main] INFO  keys.KeyStorage (KeyStorage.java:storePrivateKey(194)) - Storing private key to /tmp/junit-11147300826352839826/om-meta/om/keys/private.pem.
2025-05-13 07:49:49,274 [main] INFO  om.OzoneManager (OzoneManager.java:getOmDetailsProto(4941)) - OzoneManager ports added:[name: "RPC"
value: 15062
]
2025-05-13 07:49:49,274 [main] WARN  server.ServerUtils (ServerUtils.java:getScmDbDir(138)) - ozone.scm.db.dirs is not configured. We recommend adding this setting. Falling back to ozone.metadata.dirs instead.
2025-05-13 07:49:49,275 [main] INFO  ha.HASecurityUtils (HASecurityUtils.java:initializeSecurity(79)) - Initializing secure StorageContainerManager.
2025-05-13 07:49:49,275 [main] INFO  proxy.SCMSecurityProtocolFailoverProxyProvider (SCMFailoverProxyProviderBase.java:<init>(120)) - Created fail-over proxy for protocol SCMSecurityProtocolPB with 1 nodes: [nodeId=scmNodeId,nodeAddress=localhost/127.0.0.1:15059]
2025-05-13 07:49:49,275 [main] INFO  client.SCMCertificateClient (DefaultCertificateClient.java:updateCertSerialId(1289)) - Certificate serial ID set to null
2025-05-13 07:49:49,276 [main] ERROR client.SCMCertificateClient (DefaultCertificateClient.java:getCertPath(373)) - Default certificate serial id is not set. Can't locate the default certificate for this client.
2025-05-13 07:49:49,276 [main] INFO  client.SCMCertificateClient (DefaultCertificateClient.java:init(717)) - Certificate client init case: 0
2025-05-13 07:49:49,276 [main] INFO  client.SCMCertificateClient (DefaultCertificateClient.java:handleCase(735)) - Creating keypair for client as keypair and certificate not found.
2025-05-13 07:49:49,459 [main] INFO  keys.KeyStorage (KeyStorage.java:storePublicKey(210)) - Storing public key to /tmp/junit-11147300826352839826/scm-meta/scm/sub-ca/keys/public.pem.
2025-05-13 07:49:49,460 [main] INFO  keys.KeyStorage (KeyStorage.java:storePrivateKey(194)) - Storing private key to /tmp/junit-11147300826352839826/scm-meta/scm/sub-ca/keys/private.pem.
2025-05-13 07:49:49,460 [main] INFO  client.SCMCertificateClient (SCMCertificateClient.java:recoverStateIfNeeded(278)) - Init response: GETCERT
2025-05-13 07:49:49,461 [main] INFO  keys.KeyStorage (KeyStorage.java:readPublicKey(174)) - Reading public key from /tmp/junit-11147300826352839826/scm-meta/scm/ca/keys/public.pem.
2025-05-13 07:49:49,461 [main] ERROR keys.KeyStorage (KeyStorage.java:readPublicKey(178)) - Failed to read the public key.
java.nio.file.NoSuchFileException: /tmp/junit-11147300826352839826/scm-meta/scm/ca/keys/public.pem
	at java.base/sun.nio.fs.UnixException.translateToIOException(UnixException.java:92)
	at java.base/sun.nio.fs.UnixException.rethrowAsIOException(UnixException.java:106)
	at java.base/sun.nio.fs.UnixException.rethrowAsIOException(UnixException.java:111)
	at java.base/sun.nio.fs.UnixFileSystemProvider.newByteChannel(UnixFileSystemProvider.java:261)
	at java.base/java.nio.file.Files.newByteChannel(Files.java:380)
	at java.base/java.nio.file.Files.newByteChannel(Files.java:432)
	at java.base/java.nio.file.Files.readAllBytes(Files.java:3281)
	at org.apache.hadoop.hdds.security.x509.keys.KeyStorage.readPublicKey(KeyStorage.java:176)
	at org.apache.hadoop.hdds.security.x509.keys.KeyStorage.readKeyPair(KeyStorage.java:184)
	at org.apache.hadoop.hdds.security.x509.certificate.authority.DefaultCAServer.checkIfKeysExist(DefaultCAServer.java:354)
	at org.apache.hadoop.hdds.security.x509.certificate.authority.DefaultCAServer.verifySelfSignedCA(DefaultCAServer.java:323)
	at org.apache.hadoop.hdds.security.x509.certificate.authority.DefaultCAServer.init(DefaultCAServer.java:162)
	at org.apache.hadoop.hdds.security.x509.certificate.client.SCMCertificateClient.initializeRootCertificateServer(SCMCertificateClient.java:396)
	at org.apache.hadoop.hdds.security.x509.certificate.client.SCMCertificateClient.getPrimarySCMSelfSignedCert(SCMCertificateClient.java:346)
	at org.apache.hadoop.hdds.security.x509.certificate.client.SCMCertificateClient.recoverStateIfNeeded(SCMCertificateClient.java:287)
	at org.apache.hadoop.hdds.security.x509.certificate.client.DefaultCertificateClient.initWithRecovery(DefaultCertificateClient.java:698)
	at org.apache.hadoop.hdds.scm.ha.HASecurityUtils.initializeSecurity(HASecurityUtils.java:96)
	at org.apache.hadoop.ozone.TestSecureOzoneCluster.initSCM(TestSecureOzoneCluster.java:450)
	at org.apache.hadoop.ozone.TestSecureOzoneCluster.testSecureScmStartupSuccess(TestSecureOzoneCluster.java:340)
	at java.base/jdk.internal.reflect.DirectMethodHandleAccessor.invoke(DirectMethodHandleAccessor.java:103)
	at java.base/java.lang.reflect.Method.invoke(Method.java:580)
	at org.junit.platform.commons.util.ReflectionUtils.invokeMethod(ReflectionUtils.java:775)
	at org.junit.platform.commons.support.ReflectionSupport.invokeMethod(ReflectionSupport.java:479)
	at org.junit.jupiter.engine.execution.MethodInvocation.proceed(MethodInvocation.java:60)
	at org.junit.jupiter.engine.execution.InvocationInterceptorChain$ValidatingInvocation.proceed(InvocationInterceptorChain.java:131)
	at org.junit.jupiter.engine.extension.SameThreadTimeoutInvocation.proceed(SameThreadTimeoutInvocation.java:49)
	at org.junit.jupiter.engine.extension.TimeoutExtension.intercept(TimeoutExtension.java:161)
	at org.junit.jupiter.engine.extension.TimeoutExtension.interceptTestableMethod(TimeoutExtension.java:152)
	at org.junit.jupiter.engine.extension.TimeoutExtension.interceptTestMethod(TimeoutExtension.java:91)
	at org.junit.jupiter.engine.execution.InterceptingExecutableInvoker$ReflectiveInterceptorCall.lambda$ofVoidMethod$0(InterceptingExecutableInvoker.java:112)
	at org.junit.jupiter.engine.execution.InterceptingExecutableInvoker.lambda$invoke$0(InterceptingExecutableInvoker.java:94)
	at org.junit.jupiter.engine.execution.InvocationInterceptorChain$InterceptedInvocation.proceed(InvocationInterceptorChain.java:106)
	at org.junit.jupiter.engine.execution.InvocationInterceptorChain.proceed(InvocationInterceptorChain.java:64)
	at org.junit.jupiter.engine.execution.InvocationInterceptorChain.chainAndInvoke(InvocationInterceptorChain.java:45)
	at org.junit.jupiter.engine.execution.InvocationInterceptorChain.invoke(InvocationInterceptorChain.java:37)
	at org.junit.jupiter.engine.execution.InterceptingExecutableInvoker.invoke(InterceptingExecutableInvoker.java:93)
	at org.junit.jupiter.engine.execution.InterceptingExecutableInvoker.invoke(InterceptingExecutableInvoker.java:87)
	at org.junit.jupiter.engine.descriptor.TestMethodTestDescriptor.lambda$invokeTestMethod$7(TestMethodTestDescriptor.java:216)
	at org.junit.platform.engine.support.hierarchical.ThrowableCollector.execute(ThrowableCollector.java:73)
	at org.junit.jupiter.engine.descriptor.TestMethodTestDescriptor.invokeTestMethod(TestMethodTestDescriptor.java:212)
	at org.junit.jupiter.engine.descriptor.TestMethodTestDescriptor.execute(TestMethodTestDescriptor.java:137)
	at org.junit.jupiter.engine.descriptor.TestMethodTestDescriptor.execute(TestMethodTestDescriptor.java:69)
	at org.junit.platform.engine.support.hierarchical.NodeTestTask.lambda$executeRecursively$6(NodeTestTask.java:156)
	at org.junit.platform.engine.support.hierarchical.ThrowableCollector.execute(ThrowableCollector.java:73)
	at org.junit.platform.engine.support.hierarchical.NodeTestTask.lambda$executeRecursively$8(NodeTestTask.java:146)
	at org.junit.platform.engine.support.hierarchical.Node.around(Node.java:137)
	at org.junit.platform.engine.support.hierarchical.NodeTestTask.lambda$executeRecursively$9(NodeTestTask.java:144)
	at org.junit.platform.engine.support.hierarchical.ThrowableCollector.execute(ThrowableCollector.java:73)
	at org.junit.platform.engine.support.hierarchical.NodeTestTask.executeRecursively(NodeTestTask.java:143)
	at org.junit.platform.engine.support.hierarchical.NodeTestTask.execute(NodeTestTask.java:100)
	at java.base/java.util.ArrayList.forEach(ArrayList.java:1596)
	at org.junit.platform.engine.support.hierarchical.SameThreadHierarchicalTestExecutorService.invokeAll(SameThreadHierarchicalTestExecutorService.java:41)
	at org.junit.platform.engine.support.hierarchical.NodeTestTask.lambda$executeRecursively$6(NodeTestTask.java:160)
	at org.junit.platform.engine.support.hierarchical.ThrowableCollector.execute(ThrowableCollector.java:73)
	at org.junit.platform.engine.support.hierarchical.NodeTestTask.lambda$executeRecursively$8(NodeTestTask.java:146)
	at org.junit.platform.engine.support.hierarchical.Node.around(Node.java:137)
	at org.junit.platform.engine.support.hierarchical.NodeTestTask.lambda$executeRecursively$9(NodeTestTask.java:144)
	at org.junit.platform.engine.support.hierarchical.ThrowableCollector.execute(ThrowableCollector.java:73)
	at org.junit.platform.engine.support.hierarchical.NodeTestTask.executeRecursively(NodeTestTask.java:143)
	at org.junit.platform.engine.support.hierarchical.NodeTestTask.execute(NodeTestTask.java:100)
	at java.base/java.util.ArrayList.forEach(ArrayList.java:1596)
	at org.junit.platform.engine.support.hierarchical.SameThreadHierarchicalTestExecutorService.invokeAll(SameThreadHierarchicalTestExecutorService.java:41)
	at org.junit.platform.engine.support.hierarchical.NodeTestTask.lambda$executeRecursively$6(NodeTestTask.java:160)
	at org.junit.platform.engine.support.hierarchical.ThrowableCollector.execute(ThrowableCollector.java:73)
	at org.junit.platform.engine.support.hierarchical.NodeTestTask.lambda$executeRecursively$8(NodeTestTask.java:146)
	at org.junit.platform.engine.support.hierarchical.Node.around(Node.java:137)
	at org.junit.platform.engine.support.hierarchical.NodeTestTask.lambda$executeRecursively$9(NodeTestTask.java:144)
	at org.junit.platform.engine.support.hierarchical.ThrowableCollector.execute(ThrowableCollector.java:73)
	at org.junit.platform.engine.support.hierarchical.NodeTestTask.executeRecursively(NodeTestTask.java:143)
	at org.junit.platform.engine.support.hierarchical.NodeTestTask.execute(NodeTestTask.java:100)
	at org.junit.platform.engine.support.hierarchical.SameThreadHierarchicalTestExecutorService.submit(SameThreadHierarchicalTestExecutorService.java:35)
	at org.junit.platform.engine.support.hierarchical.HierarchicalTestExecutor.execute(HierarchicalTestExecutor.java:57)
	at org.junit.platform.engine.support.hierarchical.HierarchicalTestEngine.execute(HierarchicalTestEngine.java:54)
	at org.junit.platform.launcher.core.EngineExecutionOrchestrator.execute(EngineExecutionOrchestrator.java:201)
	at org.junit.platform.launcher.core.EngineExecutionOrchestrator.execute(EngineExecutionOrchestrator.java:170)
	at org.junit.platform.launcher.core.EngineExecutionOrchestrator.execute(EngineExecutionOrchestrator.java:94)
	at org.junit.platform.launcher.core.EngineExecutionOrchestrator.lambda$execute$0(EngineExecutionOrchestrator.java:59)
	at org.junit.platform.launcher.core.EngineExecutionOrchestrator.withInterceptedStreams(EngineExecutionOrchestrator.java:142)
	at org.junit.platform.launcher.core.EngineExecutionOrchestrator.execute(EngineExecutionOrchestrator.java:58)
	at org.junit.platform.launcher.core.DefaultLauncher.execute(DefaultLauncher.java:103)
	at org.junit.platform.launcher.core.DefaultLauncher.execute(DefaultLauncher.java:85)
	at org.junit.platform.launcher.core.DelegatingLauncher.execute(DelegatingLauncher.java:47)
	at org.junit.platform.launcher.core.InterceptingLauncher.lambda$execute$1(InterceptingLauncher.java:39)
	at org.junit.platform.launcher.core.ClasspathAlignmentCheckingLauncherInterceptor.intercept(ClasspathAlignmentCheckingLauncherInterceptor.java:25)
	at org.junit.platform.launcher.core.InterceptingLauncher.execute(InterceptingLauncher.java:38)
	at org.junit.platform.launcher.core.DelegatingLauncher.execute(DelegatingLauncher.java:47)
	at org.apache.maven.surefire.junitplatform.LazyLauncher.execute(LazyLauncher.java:56)
	at org.apache.maven.surefire.junitplatform.JUnitPlatformProvider.execute(JUnitPlatformProvider.java:184)
	at org.apache.maven.surefire.junitplatform.JUnitPlatformProvider.invokeAllTests(JUnitPlatformProvider.java:148)
	at org.apache.maven.surefire.junitplatform.JUnitPlatformProvider.invoke(JUnitPlatformProvider.java:120)
	at org.apache.maven.surefire.booter.ForkedBooter.runSuitesInProcess(ForkedBooter.java:385)
	at org.apache.maven.surefire.booter.ForkedBooter.execute(ForkedBooter.java:162)
	at org.apache.maven.surefire.booter.ForkedBooter.run(ForkedBooter.java:507)
	at org.apache.maven.surefire.booter.ForkedBooter.main(ForkedBooter.java:495)
2025-05-13 07:49:49,510 [main] INFO  keys.KeyStorage (KeyStorage.java:storePublicKey(210)) - Storing public key to /tmp/junit-11147300826352839826/scm-meta/scm/ca/keys/public.pem.
2025-05-13 07:49:49,511 [main] INFO  keys.KeyStorage (KeyStorage.java:storePrivateKey(194)) - Storing private key to /tmp/junit-11147300826352839826/scm-meta/scm/ca/keys/private.pem.
2025-05-13 07:49:49,511 [main] INFO  ozone.OzoneSecurityUtil (OzoneSecurityUtil.java:getValidInetsForCurrentHost(116)) - ip:fe80:0:0:0:222:48ff:fe46:ea58%eth0 not returned.
2025-05-13 07:49:49,514 [main] INFO  ozone.OzoneSecurityUtil (OzoneSecurityUtil.java:getValidInetsForCurrentHost(113)) - Adding ip:10.1.1.24,host:10.1.1.24
2025-05-13 07:49:49,514 [main] INFO  ozone.OzoneSecurityUtil (OzoneSecurityUtil.java:getValidInetsForCurrentHost(116)) - ip:0:0:0:0:0:0:0:1%lo not returned.
2025-05-13 07:49:49,514 [main] INFO  ozone.OzoneSecurityUtil (OzoneSecurityUtil.java:getValidInetsForCurrentHost(116)) - ip:127.0.0.1 not returned.
2025-05-13 07:49:49,516 [main] ERROR utils.SelfSignedCertificate (SelfSignedCertificate.java:lambda$addInetAddresses$0(244)) - Invalid domain 10.1.1.24
2025-05-13 07:49:49,519 [main] INFO  utils.SelfSignedCertificate (SelfSignedCertificate.java:generateCertificate(156)) - Certificate 1 is issued by SERIALNUMBER=1, O=a413fef4-798a-492c-a01f-8c541f4fd93a, OU=71ef9eda-5262-4d1b-adac-c492fef1176c, CN=scm@pkrvmberfyhpb9w to SERIALNUMBER=1, O=a413fef4-798a-492c-a01f-8c541f4fd93a, OU=71ef9eda-5262-4d1b-adac-c492fef1176c, CN=scm@pkrvmberfyhpb9w, valid from Tue May 13 07:49:49 UTC 2025 to Fri Jun 21 07:49:49 UTC 2030
2025-05-13 07:49:49,519 [main] INFO  utils.CertificateCodec (CertificateCodec.java:writeCertificate(239)) - Save certificate to /tmp/junit-11147300826352839826/scm-meta/scm/ca/certs/certificate.crt
2025-05-13 07:49:49,519 [main] INFO  utils.CertificateCodec (CertificateCodec.java:writeCertificate(240)) - Certificate -----BEGIN CERTIFICATE-----
MIIDwTCCAqmgAwIBAgIBATANBgkqhkiG9w0BAQsFADCBiDEcMBoGA1UEAwwTc2Nt
QHBrcnZtYmVyZnlocGI5dzEtMCsGA1UECwwkNzFlZjllZGEtNTI2Mi00ZDFiLWFk
YWMtYzQ5MmZlZjExNzZjMS0wKwYDVQQKDCRhNDEzZmVmNC03OThhLTQ5MmMtYTAx
Zi04YzU0MWY0ZmQ5M2ExCjAIBgNVBAUTATEwHhcNMjUwNTEzMDc0OTQ5WhcNMzAw
NjIxMDc0OTQ5WjCBiDEcMBoGA1UEAwwTc2NtQHBrcnZtYmVyZnlocGI5dzEtMCsG
A1UECwwkNzFlZjllZGEtNTI2Mi00ZDFiLWFkYWMtYzQ5MmZlZjExNzZjMS0wKwYD
VQQKDCRhNDEzZmVmNC03OThhLTQ5MmMtYTAxZi04YzU0MWY0ZmQ5M2ExCjAIBgNV
BAUTATEwggEiMA0GCSqGSIb3DQEBAQUAA4IBDwAwggEKAoIBAQDYlmcbdUdd2+wY
uUEeGfhz9lTPF9bxDnnA87aaRd/6Q9doVcsZNg4dgLqJ1GkpRNM+h+CwKOmA18fJ
t1MNkrnexndakfUKBjK05UG73hyOn83jhD6BHtwCvuFM+IstMA4kxpmA7hPK3J+S
m2EkYeJlr+JbgBPLbesY76QemhZfJtdfGoX4PDVaq9Sryed85OWCK++hwXUB5e43
OdQy3OxSVB9Q4hChibwKfMBQvpzCNZFRHRa3GfPAL7eQtvI7sc5e/4/niilAwhi7
wBRXECiTLj8119APKdKGKLBYfJC1nvYjVd69NXDBw+NgB0JSIhnQrt0myGyvuuh1
DeJi5EtxAgMBAAGjNDAyMA8GA1UdEwEB/wQFMAMBAf8wDgYDVR0PAQH/BAQDAgEG
MA8GA1UdEQQIMAaHBAoBARgwDQYJKoZIhvcNAQELBQADggEBAAgMQw7c/n2i6Nsb
e/Zbq3DUnDY4MY108T7+iGTL4Z7fwiTnQWbRVLVp0g1+UEjs/8E3sdtLRtGdPlLC
E6cm7YQe40EQVS5/753HLw2u9h0BEhETeK08wKae5kvNXmrpWgW+fWElK8TBhB5N
o76920BkZy1J5/XlB8Rhikk7ms94Uq4oLXum02PTk00keAvNJetaEez+9uIbiJ4d
+eTyQ8uZb/ZUJOYp4NslBKTHEK/TRNpS8a4NSN4yIwExo1AUhWz7Eq1BBemltMJ2
Q/6HTVcJ8q/x9GohtplSSDuQcv0P/14dsR72WWsEtYuMGcLkZZHMEpmGhBoJYqbm
SHXzj7Y=
-----END CERTIFICATE-----

2025-05-13 07:49:49,519 [main] INFO  keys.KeyStorage (KeyStorage.java:readPublicKey(174)) - Reading public key from /tmp/junit-11147300826352839826/scm-meta/scm/ca/keys/public.pem.
2025-05-13 07:49:49,520 [main] INFO  keys.KeyStorage (KeyStorage.java:readPrivateKey(158)) - Reading private key from /tmp/junit-11147300826352839826/scm-meta/scm/ca/keys/private.pem.
2025-05-13 07:49:49,520 [main] INFO  client.SCMCertificateClient (SCMCertificateClient.java:configureCSRBuilder(141)) - Creating csr for SCM->hostName:pkrvmberfyhpb9w,scmId:71ef9eda-5262-4d1b-adac-c492fef1176c,clusterId:a413fef4-798a-492c-a01f-8c541f4fd93a,subject:scm-sub@pkrvmberfyhpb9w
2025-05-13 07:49:49,521 [main] INFO  ozone.OzoneSecurityUtil (OzoneSecurityUtil.java:getValidInetsForCurrentHost(116)) - ip:fe80:0:0:0:222:48ff:fe46:ea58%eth0 not returned.
2025-05-13 07:49:49,524 [main] INFO  ozone.OzoneSecurityUtil (OzoneSecurityUtil.java:getValidInetsForCurrentHost(113)) - Adding ip:10.1.1.24,host:10.1.1.24
2025-05-13 07:49:49,524 [main] INFO  ozone.OzoneSecurityUtil (OzoneSecurityUtil.java:getValidInetsForCurrentHost(116)) - ip:0:0:0:0:0:0:0:1%lo not returned.
2025-05-13 07:49:49,524 [main] INFO  ozone.OzoneSecurityUtil (OzoneSecurityUtil.java:getValidInetsForCurrentHost(116)) - ip:127.0.0.1 not returned.
2025-05-13 07:49:49,528 [main] ERROR utils.CertificateSignRequest (CertificateSignRequest.java:lambda$addInetAddresses$0(316)) - Invalid domain 10.1.1.24
2025-05-13 07:49:49,530 [main] INFO  keys.KeyStorage (KeyStorage.java:readPrivateKey(158)) - Reading private key from /tmp/junit-11147300826352839826/scm-meta/scm/ca/keys/private.pem.
2025-05-13 07:49:49,531 [main] INFO  authority.DefaultApprover (DefaultApprover.java:sign(171)) - Extensions in CSR: 2.5.29.19, 2.5.29.15, 2.5.29.17
2025-05-13 07:49:49,531 [main] INFO  authority.DefaultApprover (DefaultApprover.java:sign(175)) - Extensions to add to the certificate if they present in CSR: 2.5.29.15, 2.5.29.17, 2.5.29.35, 2.5.29.37, 2.5.29.19, 1.3.6.1.5.5.7.1.12
2025-05-13 07:49:49,534 [main] INFO  utils.CertificateCodec (CertificateCodec.java:writeCertificate(239)) - Save certificate to /tmp/junit-11147300826352839826/scm-meta/scm/sub-ca/certs/CA-1.crt
2025-05-13 07:49:49,534 [main] INFO  utils.CertificateCodec (CertificateCodec.java:writeCertificate(240)) - Certificate -----BEGIN CERTIFICATE-----
MIIDwTCCAqmgAwIBAgIBATANBgkqhkiG9w0BAQsFADCBiDEcMBoGA1UEAwwTc2Nt
QHBrcnZtYmVyZnlocGI5dzEtMCsGA1UECwwkNzFlZjllZGEtNTI2Mi00ZDFiLWFk
YWMtYzQ5MmZlZjExNzZjMS0wKwYDVQQKDCRhNDEzZmVmNC03OThhLTQ5MmMtYTAx
Zi04YzU0MWY0ZmQ5M2ExCjAIBgNVBAUTATEwHhcNMjUwNTEzMDc0OTQ5WhcNMzAw
NjIxMDc0OTQ5WjCBiDEcMBoGA1UEAwwTc2NtQHBrcnZtYmVyZnlocGI5dzEtMCsG
A1UECwwkNzFlZjllZGEtNTI2Mi00ZDFiLWFkYWMtYzQ5MmZlZjExNzZjMS0wKwYD
VQQKDCRhNDEzZmVmNC03OThhLTQ5MmMtYTAxZi04YzU0MWY0ZmQ5M2ExCjAIBgNV
BAUTATEwggEiMA0GCSqGSIb3DQEBAQUAA4IBDwAwggEKAoIBAQDYlmcbdUdd2+wY
uUEeGfhz9lTPF9bxDnnA87aaRd/6Q9doVcsZNg4dgLqJ1GkpRNM+h+CwKOmA18fJ
t1MNkrnexndakfUKBjK05UG73hyOn83jhD6BHtwCvuFM+IstMA4kxpmA7hPK3J+S
m2EkYeJlr+JbgBPLbesY76QemhZfJtdfGoX4PDVaq9Sryed85OWCK++hwXUB5e43
OdQy3OxSVB9Q4hChibwKfMBQvpzCNZFRHRa3GfPAL7eQtvI7sc5e/4/niilAwhi7
wBRXECiTLj8119APKdKGKLBYfJC1nvYjVd69NXDBw+NgB0JSIhnQrt0myGyvuuh1
DeJi5EtxAgMBAAGjNDAyMA8GA1UdEwEB/wQFMAMBAf8wDgYDVR0PAQH/BAQDAgEG
MA8GA1UdEQQIMAaHBAoBARgwDQYJKoZIhvcNAQELBQADggEBAAgMQw7c/n2i6Nsb
e/Zbq3DUnDY4MY108T7+iGTL4Z7fwiTnQWbRVLVp0g1+UEjs/8E3sdtLRtGdPlLC
E6cm7YQe40EQVS5/753HLw2u9h0BEhETeK08wKae5kvNXmrpWgW+fWElK8TBhB5N
o76920BkZy1J5/XlB8Rhikk7ms94Uq4oLXum02PTk00keAvNJetaEez+9uIbiJ4d
+eTyQ8uZb/ZUJOYp4NslBKTHEK/TRNpS8a4NSN4yIwExo1AUhWz7Eq1BBemltMJ2
Q/6HTVcJ8q/x9GohtplSSDuQcv0P/14dsR72WWsEtYuMGcLkZZHMEpmGhBoJYqbm
SHXzj7Y=
-----END CERTIFICATE-----

2025-05-13 07:49:49,534 [main] INFO  utils.CertificateCodec (CertificateCodec.java:writeCertificate(239)) - Save certificate to /tmp/junit-11147300826352839826/scm-meta/scm/sub-ca/certs/2.crt
2025-05-13 07:49:49,535 [main] INFO  utils.CertificateCodec (CertificateCodec.java:writeCertificate(240)) - Certificate -----BEGIN CERTIFICATE-----
MIIDxTCCAq2gAwIBAgIBAjANBgkqhkiG9w0BAQsFADCBiDEcMBoGA1UEAwwTc2Nt
QHBrcnZtYmVyZnlocGI5dzEtMCsGA1UECwwkNzFlZjllZGEtNTI2Mi00ZDFiLWFk
YWMtYzQ5MmZlZjExNzZjMS0wKwYDVQQKDCRhNDEzZmVmNC03OThhLTQ5MmMtYTAx
Zi04YzU0MWY0ZmQ5M2ExCjAIBgNVBAUTATEwHhcNMjUwNTEzMDc0OTQ5WhcNMzAw
NjIxMDc0OTQ5WjCBjDEgMB4GA1UEAwwXc2NtLXN1YkBwa3J2bWJlcmZ5aHBiOXcx
LTArBgNVBAsMJDcxZWY5ZWRhLTUyNjItNGQxYi1hZGFjLWM0OTJmZWYxMTc2YzEt
MCsGA1UECgwkYTQxM2ZlZjQtNzk4YS00OTJjLWEwMWYtOGM1NDFmNGZkOTNhMQow
CAYDVQQFEwEyMIIBIjANBgkqhkiG9w0BAQEFAAOCAQ8AMIIBCgKCAQEAqwHNhgCM
5z99Xo/JVEIm5cW5HtlkDAC+fDSjsjdy7z2s6Dnn/OQFjiS9agE9FSk+fP56gQXz
x4WH81t3mf3bJFe02hUGPSaDxKJTCj0hh1pmT23Lb0do7lf5IxzenBPTofzaxS1t
3qR0aNh8KnatdhJhs5Wq9Ya9pwu0QdArt48MHoH8KoqGgFeSQG00CLiA6JvEAFT/
/6FZlcSgISwAnarDebopjQy8sTbK28u1cbxvefKGVWdJ6ywqFbg6rL/4hQUqQyRH
bVGaV3V0ot1eByQaHArf0aIkx6DpDP/hX7mKkTHW6JR9N/SFu173nM/z9WOmLM00
g70LYDS0jk4JRQIDAQABozQwMjAOBgNVHQ8BAf8EBAMCAb4wDwYDVR0RBAgwBocE
CgEBGDAPBgNVHRMBAf8EBTADAQH/MA0GCSqGSIb3DQEBCwUAA4IBAQBJwVgGAM2m
941t3ieXckZgmEOa+A9QxKv9acmQYY5YiYJ/DMsV5GQehx/z3f9gg39ayQZlTOat
RD+1UMx5wViv1TEZ5b+IAvZuBym/2aIYUWCvJT26guJazu2kN1I1ZiKnpZ6PTyrY
BxJuuUjqC9gW1PL6keyvmJ0xCVnKHqdMM1dqvS7ZnPPi0W/7Su/KJOzR2ZwZcd5M
i7Y96FWB3ozbajEwabW+fXpSxejPPi+HkZVNH4zWMHHXphzK6e0xM7y8/IEorXlZ
bYmAK4HYcl66vvobyQHF7MLZKqmrS5aFuGKxx+ItLRuo9bmbbYMJYt46V7UhHIO8
ppr4FKVZ4Pmm
-----END CERTIFICATE-----

-----BEGIN CERTIFICATE-----
MIIDwTCCAqmgAwIBAgIBATANBgkqhkiG9w0BAQsFADCBiDEcMBoGA1UEAwwTc2Nt
QHBrcnZtYmVyZnlocGI5dzEtMCsGA1UECwwkNzFlZjllZGEtNTI2Mi00ZDFiLWFk
YWMtYzQ5MmZlZjExNzZjMS0wKwYDVQQKDCRhNDEzZmVmNC03OThhLTQ5MmMtYTAx
Zi04YzU0MWY0ZmQ5M2ExCjAIBgNVBAUTATEwHhcNMjUwNTEzMDc0OTQ5WhcNMzAw
NjIxMDc0OTQ5WjCBiDEcMBoGA1UEAwwTc2NtQHBrcnZtYmVyZnlocGI5dzEtMCsG
A1UECwwkNzFlZjllZGEtNTI2Mi00ZDFiLWFkYWMtYzQ5MmZlZjExNzZjMS0wKwYD
VQQKDCRhNDEzZmVmNC03OThhLTQ5MmMtYTAxZi04YzU0MWY0ZmQ5M2ExCjAIBgNV
BAUTATEwggEiMA0GCSqGSIb3DQEBAQUAA4IBDwAwggEKAoIBAQDYlmcbdUdd2+wY
uUEeGfhz9lTPF9bxDnnA87aaRd/6Q9doVcsZNg4dgLqJ1GkpRNM+h+CwKOmA18fJ
t1MNkrnexndakfUKBjK05UG73hyOn83jhD6BHtwCvuFM+IstMA4kxpmA7hPK3J+S
m2EkYeJlr+JbgBPLbesY76QemhZfJtdfGoX4PDVaq9Sryed85OWCK++hwXUB5e43
OdQy3OxSVB9Q4hChibwKfMBQvpzCNZFRHRa3GfPAL7eQtvI7sc5e/4/niilAwhi7
wBRXECiTLj8119APKdKGKLBYfJC1nvYjVd69NXDBw+NgB0JSIhnQrt0myGyvuuh1
DeJi5EtxAgMBAAGjNDAyMA8GA1UdEwEB/wQFMAMBAf8wDgYDVR0PAQH/BAQDAgEG
MA8GA1UdEQQIMAaHBAoBARgwDQYJKoZIhvcNAQELBQADggEBAAgMQw7c/n2i6Nsb
e/Zbq3DUnDY4MY108T7+iGTL4Z7fwiTnQWbRVLVp0g1+UEjs/8E3sdtLRtGdPlLC
E6cm7YQe40EQVS5/753HLw2u9h0BEhETeK08wKae5kvNXmrpWgW+fWElK8TBhB5N
o76920BkZy1J5/XlB8Rhikk7ms94Uq4oLXum02PTk00keAvNJetaEez+9uIbiJ4d
+eTyQ8uZb/ZUJOYp4NslBKTHEK/TRNpS8a4NSN4yIwExo1AUhWz7Eq1BBemltMJ2
Q/6HTVcJ8q/x9GohtplSSDuQcv0P/14dsR72WWsEtYuMGcLkZZHMEpmGhBoJYqbm
SHXzj7Y=
-----END CERTIFICATE-----

2025-05-13 07:49:49,535 [main] INFO  utils.CertificateCodec (CertificateCodec.java:writeCertificate(239)) - Save certificate to /tmp/junit-11147300826352839826/scm-meta/scm/sub-ca/certs/certificate.crt
2025-05-13 07:49:49,535 [main] INFO  utils.CertificateCodec (CertificateCodec.java:writeCertificate(240)) - Certificate -----BEGIN CERTIFICATE-----
MIIDxTCCAq2gAwIBAgIBAjANBgkqhkiG9w0BAQsFADCBiDEcMBoGA1UEAwwTc2Nt
QHBrcnZtYmVyZnlocGI5dzEtMCsGA1UECwwkNzFlZjllZGEtNTI2Mi00ZDFiLWFk
YWMtYzQ5MmZlZjExNzZjMS0wKwYDVQQKDCRhNDEzZmVmNC03OThhLTQ5MmMtYTAx
Zi04YzU0MWY0ZmQ5M2ExCjAIBgNVBAUTATEwHhcNMjUwNTEzMDc0OTQ5WhcNMzAw
NjIxMDc0OTQ5WjCBjDEgMB4GA1UEAwwXc2NtLXN1YkBwa3J2bWJlcmZ5aHBiOXcx
LTArBgNVBAsMJDcxZWY5ZWRhLTUyNjItNGQxYi1hZGFjLWM0OTJmZWYxMTc2YzEt
MCsGA1UECgwkYTQxM2ZlZjQtNzk4YS00OTJjLWEwMWYtOGM1NDFmNGZkOTNhMQow
CAYDVQQFEwEyMIIBIjANBgkqhkiG9w0BAQEFAAOCAQ8AMIIBCgKCAQEAqwHNhgCM
5z99Xo/JVEIm5cW5HtlkDAC+fDSjsjdy7z2s6Dnn/OQFjiS9agE9FSk+fP56gQXz
x4WH81t3mf3bJFe02hUGPSaDxKJTCj0hh1pmT23Lb0do7lf5IxzenBPTofzaxS1t
3qR0aNh8KnatdhJhs5Wq9Ya9pwu0QdArt48MHoH8KoqGgFeSQG00CLiA6JvEAFT/
/6FZlcSgISwAnarDebopjQy8sTbK28u1cbxvefKGVWdJ6ywqFbg6rL/4hQUqQyRH
bVGaV3V0ot1eByQaHArf0aIkx6DpDP/hX7mKkTHW6JR9N/SFu173nM/z9WOmLM00
g70LYDS0jk4JRQIDAQABozQwMjAOBgNVHQ8BAf8EBAMCAb4wDwYDVR0RBAgwBocE
CgEBGDAPBgNVHRMBAf8EBTADAQH/MA0GCSqGSIb3DQEBCwUAA4IBAQBJwVgGAM2m
941t3ieXckZgmEOa+A9QxKv9acmQYY5YiYJ/DMsV5GQehx/z3f9gg39ayQZlTOat
RD+1UMx5wViv1TEZ5b+IAvZuBym/2aIYUWCvJT26guJazu2kN1I1ZiKnpZ6PTyrY
BxJuuUjqC9gW1PL6keyvmJ0xCVnKHqdMM1dqvS7ZnPPi0W/7Su/KJOzR2ZwZcd5M
i7Y96FWB3ozbajEwabW+fXpSxejPPi+HkZVNH4zWMHHXphzK6e0xM7y8/IEorXlZ
bYmAK4HYcl66vvobyQHF7MLZKqmrS5aFuGKxx+ItLRuo9bmbbYMJYt46V7UhHIO8
ppr4FKVZ4Pmm
-----END CERTIFICATE-----

-----BEGIN CERTIFICATE-----
MIIDwTCCAqmgAwIBAgIBATANBgkqhkiG9w0BAQsFADCBiDEcMBoGA1UEAwwTc2Nt
QHBrcnZtYmVyZnlocGI5dzEtMCsGA1UECwwkNzFlZjllZGEtNTI2Mi00ZDFiLWFk
YWMtYzQ5MmZlZjExNzZjMS0wKwYDVQQKDCRhNDEzZmVmNC03OThhLTQ5MmMtYTAx
Zi04YzU0MWY0ZmQ5M2ExCjAIBgNVBAUTATEwHhcNMjUwNTEzMDc0OTQ5WhcNMzAw
NjIxMDc0OTQ5WjCBiDEcMBoGA1UEAwwTc2NtQHBrcnZtYmVyZnlocGI5dzEtMCsG
A1UECwwkNzFlZjllZGEtNTI2Mi00ZDFiLWFkYWMtYzQ5MmZlZjExNzZjMS0wKwYD
VQQKDCRhNDEzZmVmNC03OThhLTQ5MmMtYTAxZi04YzU0MWY0ZmQ5M2ExCjAIBgNV
BAUTATEwggEiMA0GCSqGSIb3DQEBAQUAA4IBDwAwggEKAoIBAQDYlmcbdUdd2+wY
uUEeGfhz9lTPF9bxDnnA87aaRd/6Q9doVcsZNg4dgLqJ1GkpRNM+h+CwKOmA18fJ
t1MNkrnexndakfUKBjK05UG73hyOn83jhD6BHtwCvuFM+IstMA4kxpmA7hPK3J+S
m2EkYeJlr+JbgBPLbesY76QemhZfJtdfGoX4PDVaq9Sryed85OWCK++hwXUB5e43
OdQy3OxSVB9Q4hChibwKfMBQvpzCNZFRHRa3GfPAL7eQtvI7sc5e/4/niilAwhi7
wBRXECiTLj8119APKdKGKLBYfJC1nvYjVd69NXDBw+NgB0JSIhnQrt0myGyvuuh1
DeJi5EtxAgMBAAGjNDAyMA8GA1UdEwEB/wQFMAMBAf8wDgYDVR0PAQH/BAQDAgEG
MA8GA1UdEQQIMAaHBAoBARgwDQYJKoZIhvcNAQELBQADggEBAAgMQw7c/n2i6Nsb
e/Zbq3DUnDY4MY108T7+iGTL4Z7fwiTnQWbRVLVp0g1+UEjs/8E3sdtLRtGdPlLC
E6cm7YQe40EQVS5/753HLw2u9h0BEhETeK08wKae5kvNXmrpWgW+fWElK8TBhB5N
o76920BkZy1J5/XlB8Rhikk7ms94Uq4oLXum02PTk00keAvNJetaEez+9uIbiJ4d
+eTyQ8uZb/ZUJOYp4NslBKTHEK/TRNpS8a4NSN4yIwExo1AUhWz7Eq1BBemltMJ2
Q/6HTVcJ8q/x9GohtplSSDuQcv0P/14dsR72WWsEtYuMGcLkZZHMEpmGhBoJYqbm
SHXzj7Y=
-----END CERTIFICATE-----

2025-05-13 07:49:49,535 [main] INFO  client.SCMCertificateClient (SCMCertificateClient.java:recoverStateIfNeeded(289)) - Successfully stored SCM signed certificate.
2025-05-13 07:49:49,537 [main] INFO  ha.SCMHANodeDetails (SCMHANodeDetails.java:loadSCMHAConfig(162)) - ServiceID for StorageContainerManager is null
2025-05-13 07:49:49,537 [main] INFO  ha.SCMHANodeDetails (SCMHANodeDetails.java:loadSCMHAConfig(166)) - ozone.scm.default.service.id is not defined, falling back to ozone.scm.service.ids to find serviceID for StorageContainerManager if it is HA enabled cluster
2025-05-13 07:49:49,537 [main] INFO  server.RaftServerConfigKeys (ConfUtils.java:logGet(46)) - raft.server.log.appender.buffer.byte-limit = 4194304 (custom)
2025-05-13 07:49:49,538 [main] INFO  server.RaftServer (ConfUtils.java:logGet(46)) - raft.rpc.type = GRPC (default)
2025-05-13 07:49:49,539 [main] INFO  grpc.GrpcConfigKeys (ConfUtils.java:logFallback(53)) - raft.grpc.admin.host = null (fallback to raft.grpc.server.host)
2025-05-13 07:49:49,539 [main] INFO  grpc.GrpcConfigKeys (ConfUtils.java:logFallback(53)) - raft.grpc.admin.port = 15060 (fallback to raft.grpc.server.port)
2025-05-13 07:49:49,539 [main] INFO  grpc.GrpcConfigKeys (ConfUtils.java:logFallback(53)) - raft.grpc.client.host = null (fallback to raft.grpc.server.host)
2025-05-13 07:49:49,539 [main] INFO  grpc.GrpcConfigKeys (ConfUtils.java:logFallback(53)) - raft.grpc.client.port = 15060 (fallback to raft.grpc.server.port)
2025-05-13 07:49:49,539 [main] INFO  grpc.GrpcConfigKeys (ConfUtils.java:logGet(46)) - raft.grpc.server.host = null (default)
2025-05-13 07:49:49,539 [main] INFO  grpc.GrpcConfigKeys (ConfUtils.java:logGet(46)) - raft.grpc.server.port = 15060 (custom)
2025-05-13 07:49:49,539 [main] INFO  server.GrpcService (ConfUtils.java:logGet(46)) - raft.grpc.message.size.max = 5242880 (custom)
2025-05-13 07:49:49,539 [main] INFO  server.GrpcService (ConfUtils.java:logGet(46)) - raft.grpc.flow.control.window = 1MB (=1048576) (default)
2025-05-13 07:49:49,540 [main] INFO  server.RaftServerConfigKeys (ConfUtils.java:logGet(46)) - raft.server.rpc.request.timeout = 30000ms (custom)
2025-05-13 07:49:49,540 [main] INFO  grpc.GrpcConfigKeys (ConfUtils.java:logGet(46)) - raft.grpc.server.heartbeat.channel = true (default)
2025-05-13 07:49:49,540 [main] INFO  server.RaftServerConfigKeys (ConfUtils.java:logGet(46)) - raft.server.log.appender.buffer.byte-limit = 4194304 (custom)
2025-05-13 07:49:49,540 [main] INFO  grpc.GrpcConfigKeys (ConfUtils.java:logGet(46)) - raft.grpc.server.async.request.thread.pool.cached = true (default)
2025-05-13 07:49:49,540 [main] INFO  grpc.GrpcConfigKeys (ConfUtils.java:logGet(46)) - raft.grpc.server.async.request.thread.pool.size = 32 (default)
2025-05-13 07:49:49,541 [main] INFO  impl.DataStreamServerImpl (ConfUtils.java:logGet(46)) - raft.datastream.type = DISABLED (default)
2025-05-13 07:49:49,541 [main] INFO  server.RaftServerConfigKeys (ConfUtils.java:logGet(46)) - raft.server.sleep.deviation.threshold = 300ms (default)
2025-05-13 07:49:49,541 [main] INFO  server.RaftServerConfigKeys (ConfUtils.java:logGet(46)) - raft.server.close.threshold = 60s (default)
2025-05-13 07:49:49,541 [main] INFO  server.RaftServerConfigKeys (ConfUtils.java:logGet(46)) - raft.server.leaderelection.leader.step-down.wait-time = 10s (default)
2025-05-13 07:49:49,541 [main] INFO  server.RaftServerConfigKeys (ConfUtils.java:logGet(46)) - raft.server.storage.dir = [/tmp/junit-11147300826352839826/scm-meta/scm-ha] (custom)
2025-05-13 07:49:49,542 [main] INFO  server.RaftServerConfigKeys (ConfUtils.java:logGet(46)) - raft.server.threadpool.proxy.cached = true (default)
2025-05-13 07:49:49,542 [main] INFO  server.RaftServerConfigKeys (ConfUtils.java:logGet(46)) - raft.server.threadpool.proxy.size = 0 (default)
2025-05-13 07:49:49,542 [main] INFO  server.RaftServer (RaftServerProxy.java:addNew(100)) - 71ef9eda-5262-4d1b-adac-c492fef1176c: addNew group-8C541F4FD93A:[71ef9eda-5262-4d1b-adac-c492fef1176c|pkrvmberfyhpb9w:15060] returns group-8C541F4FD93A:java.util.concurrent.CompletableFuture@2dec1507[Not completed]
2025-05-13 07:49:49,542 [71ef9eda-5262-4d1b-adac-c492fef1176c-groupManagement] INFO  server.RaftServer$Division (RaftServerImpl.java:<init>(255)) - 71ef9eda-5262-4d1b-adac-c492fef1176c: new RaftServerImpl for group-8C541F4FD93A:[71ef9eda-5262-4d1b-adac-c492fef1176c|pkrvmberfyhpb9w:15060] with SCMStateMachine:uninitialized
2025-05-13 07:49:49,542 [71ef9eda-5262-4d1b-adac-c492fef1176c-groupManagement] INFO  server.RaftServerConfigKeys (ConfUtils.java:logGet(46)) - raft.server.rpc.timeout.min = 5000ms (custom)
2025-05-13 07:49:49,542 [71ef9eda-5262-4d1b-adac-c492fef1176c-groupManagement] INFO  server.RaftServerConfigKeys (ConfUtils.java:logGet(46)) - raft.server.rpc.timeout.max = 5200ms (custom)
2025-05-13 07:49:49,543 [71ef9eda-5262-4d1b-adac-c492fef1176c-groupManagement] INFO  server.RaftServerConfigKeys (ConfUtils.java:logGet(46)) - raft.server.rpc.sleep.time = 25ms (default)
2025-05-13 07:49:49,543 [71ef9eda-5262-4d1b-adac-c492fef1176c-groupManagement] INFO  server.RaftServerConfigKeys (ConfUtils.java:logGet(46)) - raft.server.rpc.slowness.timeout = 120000ms (custom)
2025-05-13 07:49:49,543 [71ef9eda-5262-4d1b-adac-c492fef1176c-groupManagement] INFO  server.RaftServerConfigKeys (ConfUtils.java:logGet(46)) - raft.server.leaderelection.leader.step-down.wait-time = 10s (default)
2025-05-13 07:49:49,543 [71ef9eda-5262-4d1b-adac-c492fef1176c-groupManagement] INFO  server.RaftServerConfigKeys (ConfUtils.java:logGet(46)) - raft.server.leaderelection.member.majority-add = false (default)
2025-05-13 07:49:49,543 [71ef9eda-5262-4d1b-adac-c492fef1176c-groupManagement] INFO  server.RaftServerConfigKeys (ConfUtils.java:logGet(46)) - raft.server.sleep.deviation.threshold = 300ms (default)
2025-05-13 07:49:49,543 [71ef9eda-5262-4d1b-adac-c492fef1176c-groupManagement] INFO  server.RaftServer$Division (ServerState.java:<init>(114)) - 71ef9eda-5262-4d1b-adac-c492fef1176c@group-8C541F4FD93A: ConfigurationManager, init=conf: {index: -1, cur=peers:[71ef9eda-5262-4d1b-adac-c492fef1176c|pkrvmberfyhpb9w:15060]|listeners:[], old=null}, confs=<EMPTY_MAP>
2025-05-13 07:49:49,543 [71ef9eda-5262-4d1b-adac-c492fef1176c-groupManagement] INFO  server.RaftServerConfigKeys (ConfUtils.java:logGet(46)) - raft.server.notification.no-leader.timeout = 60s (default)
2025-05-13 07:49:49,543 [71ef9eda-5262-4d1b-adac-c492fef1176c-groupManagement] INFO  server.RaftServerConfigKeys (ConfUtils.java:logGet(46)) - raft.server.read.timeout = 10s (default)
2025-05-13 07:49:49,543 [71ef9eda-5262-4d1b-adac-c492fef1176c-groupManagement] INFO  server.RaftServerConfigKeys (ConfUtils.java:logGet(46)) - raft.server.retrycache.expirytime = 60000ms (default)
2025-05-13 07:49:49,543 [71ef9eda-5262-4d1b-adac-c492fef1176c-groupManagement] INFO  server.RaftServerConfigKeys (ConfUtils.java:logGet(46)) - raft.server.retrycache.statistics.expirytime = 100ms (default)
2025-05-13 07:49:49,543 [71ef9eda-5262-4d1b-adac-c492fef1176c-groupManagement] INFO  server.RaftServerConfigKeys (ConfUtils.java:logGet(46)) - raft.server.read.option = DEFAULT (default)
2025-05-13 07:49:49,543 [71ef9eda-5262-4d1b-adac-c492fef1176c-groupManagement] INFO  server.RaftServerConfigKeys (ConfUtils.java:logGet(46)) - raft.server.read.read-after-write-consistent.write-index-cache.expiry-time = 60s (default)
2025-05-13 07:49:49,547 [71ef9eda-5262-4d1b-adac-c492fef1176c-groupManagement] INFO  server.RaftServerConfigKeys (ConfUtils.java:logGet(46)) - raft.server.rpc.request.timeout = 30000ms (custom)
2025-05-13 07:49:49,547 [71ef9eda-5262-4d1b-adac-c492fef1176c-groupManagement] INFO  server.RaftServerConfigKeys (ConfUtils.java:logGet(46)) - raft.server.log.appender.install.snapshot.enabled = false (custom)
2025-05-13 07:49:49,547 [71ef9eda-5262-4d1b-adac-c492fef1176c-groupManagement] INFO  server.RaftServerConfigKeys (ConfUtils.java:logGet(46)) - raft.server.threadpool.server.cached = true (default)
2025-05-13 07:49:49,547 [71ef9eda-5262-4d1b-adac-c492fef1176c-groupManagement] INFO  server.RaftServerConfigKeys (ConfUtils.java:logGet(46)) - raft.server.threadpool.server.size = 0 (default)
2025-05-13 07:49:49,547 [71ef9eda-5262-4d1b-adac-c492fef1176c-groupManagement] INFO  server.RaftServerConfigKeys (ConfUtils.java:logGet(46)) - raft.server.threadpool.client.cached = true (default)
2025-05-13 07:49:49,547 [71ef9eda-5262-4d1b-adac-c492fef1176c-groupManagement] INFO  server.RaftServerConfigKeys (ConfUtils.java:logGet(46)) - raft.server.threadpool.client.size = 0 (default)
2025-05-13 07:49:49,547 [71ef9eda-5262-4d1b-adac-c492fef1176c-impl-thread1] INFO  server.RaftServerConfigKeys (ConfUtils.java:logGet(46)) - raft.server.storage.free-space.min = 0MB (=0) (default)
2025-05-13 07:49:49,547 [71ef9eda-5262-4d1b-adac-c492fef1176c-impl-thread1] INFO  server.RaftServerConfigKeys (ConfUtils.java:logGet(46)) - raft.server.log.corruption.policy = EXCEPTION (default)
2025-05-13 07:49:49,547 [71ef9eda-5262-4d1b-adac-c492fef1176c-impl-thread1] INFO  server.RaftServerConfigKeys (ConfUtils.java:logGet(46)) - raft.server.storage.dir = [/tmp/junit-11147300826352839826/scm-meta/scm-ha] (custom)
2025-05-13 07:49:49,547 [71ef9eda-5262-4d1b-adac-c492fef1176c-impl-thread1] INFO  storage.RaftStorageDirectory (RaftStorageDirectoryImpl.java:analyzeStorage(138)) - The storage directory /tmp/junit-11147300826352839826/scm-meta/scm-ha/a413fef4-798a-492c-a01f-8c541f4fd93a does not exist. Creating ...
2025-05-13 07:49:49,548 [71ef9eda-5262-4d1b-adac-c492fef1176c-impl-thread1] INFO  storage.RaftStorageDirectory (RaftStorageDirectoryImpl.java:tryLock(229)) - Lock on /tmp/junit-11147300826352839826/scm-meta/scm-ha/a413fef4-798a-492c-a01f-8c541f4fd93a/in_use.lock acquired by nodename 25269@pkrvmberfyhpb9w
2025-05-13 07:49:49,549 [71ef9eda-5262-4d1b-adac-c492fef1176c-impl-thread1] INFO  storage.RaftStorage (RaftStorageImpl.java:format(98)) - Storage directory /tmp/junit-11147300826352839826/scm-meta/scm-ha/a413fef4-798a-492c-a01f-8c541f4fd93a has been successfully formatted.
2025-05-13 07:49:49,550 [71ef9eda-5262-4d1b-adac-c492fef1176c-impl-thread1] INFO  ha.SCMStateMachine (SCMStateMachine.java:lambda$initialize$0(135)) - 71ef9eda-5262-4d1b-adac-c492fef1176c: initialize group-8C541F4FD93A
2025-05-13 07:49:49,550 [71ef9eda-5262-4d1b-adac-c492fef1176c-impl-thread1] INFO  server.RaftServerConfigKeys (ConfUtils.java:logGet(46)) - raft.server.log.use.memory = false (default)
2025-05-13 07:49:49,550 [71ef9eda-5262-4d1b-adac-c492fef1176c-impl-thread1] INFO  server.RaftServerConfigKeys (ConfUtils.java:logGet(46)) - raft.server.log.purge.gap = 1000000 (custom)
2025-05-13 07:49:49,550 [71ef9eda-5262-4d1b-adac-c492fef1176c-impl-thread1] INFO  server.RaftServerConfigKeys (ConfUtils.java:logGet(46)) - raft.server.log.appender.buffer.byte-limit = 4194304 (custom)
2025-05-13 07:49:49,550 [71ef9eda-5262-4d1b-adac-c492fef1176c-impl-thread1] INFO  server.RaftServerConfigKeys (ConfUtils.java:logGet(46)) - raft.server.log.statemachine.data.read.timeout = 1000ms (default)
2025-05-13 07:49:49,550 [71ef9eda-5262-4d1b-adac-c492fef1176c-impl-thread1] INFO  server.RaftServerConfigKeys (ConfUtils.java:logGet(46)) - raft.server.log.purge.preservation.log.num = 0 (default)
2025-05-13 07:49:49,551 [71ef9eda-5262-4d1b-adac-c492fef1176c-impl-thread1] INFO  server.RaftServerConfigKeys (ConfUtils.java:logGet(46)) - raft.server.log.segment.size.max = 4194304 (custom)
2025-05-13 07:49:49,551 [71ef9eda-5262-4d1b-adac-c492fef1176c-impl-thread1] INFO  server.RaftServerConfigKeys (ConfUtils.java:logGet(46)) - raft.server.log.segment.cache.num.max = 2 (custom)
2025-05-13 07:49:49,551 [71ef9eda-5262-4d1b-adac-c492fef1176c-impl-thread1] INFO  server.RaftServerConfigKeys (ConfUtils.java:logGet(46)) - raft.server.log.segment.cache.size.max = 200MB (=209715200) (default)
2025-05-13 07:49:49,551 [71ef9eda-5262-4d1b-adac-c492fef1176c-impl-thread1] INFO  server.RaftServerConfigKeys (ConfUtils.java:logGet(46)) - raft.server.log.appender.buffer.byte-limit = 4194304 (custom)
2025-05-13 07:49:49,551 [71ef9eda-5262-4d1b-adac-c492fef1176c-impl-thread1] INFO  util.AwaitToRun (AwaitToRun.java:start(81)) - Thread[#2694,71ef9eda-5262-4d1b-adac-c492fef1176c@group-8C541F4FD93A-cacheEviction-AwaitToRun,5,main] started
2025-05-13 07:49:49,551 [71ef9eda-5262-4d1b-adac-c492fef1176c-impl-thread1] INFO  segmented.SegmentedRaftLogWorker (SegmentedRaftLogWorker.java:<init>(188)) - new 71ef9eda-5262-4d1b-adac-c492fef1176c@group-8C541F4FD93A-SegmentedRaftLogWorker for RaftStorageImpl:Storage Directory /tmp/junit-11147300826352839826/scm-meta/scm-ha/a413fef4-798a-492c-a01f-8c541f4fd93a
2025-05-13 07:49:49,552 [71ef9eda-5262-4d1b-adac-c492fef1176c-impl-thread1] INFO  server.RaftServerConfigKeys (ConfUtils.java:logGet(46)) - raft.server.log.queue.byte-limit = 64MB (=67108864) (default)
2025-05-13 07:49:49,552 [71ef9eda-5262-4d1b-adac-c492fef1176c-impl-thread1] INFO  server.RaftServerConfigKeys (ConfUtils.java:logGet(46)) - raft.server.log.queue.element-limit = 4096 (default)
2025-05-13 07:49:49,552 [71ef9eda-5262-4d1b-adac-c492fef1176c-impl-thread1] INFO  server.RaftServerConfigKeys (ConfUtils.java:logGet(46)) - raft.server.log.segment.size.max = 4194304 (custom)
2025-05-13 07:49:49,552 [71ef9eda-5262-4d1b-adac-c492fef1176c-impl-thread1] INFO  server.RaftServerConfigKeys (ConfUtils.java:logGet(46)) - raft.server.log.preallocated.size = 4194304 (custom)
2025-05-13 07:49:49,552 [71ef9eda-5262-4d1b-adac-c492fef1176c-impl-thread1] INFO  server.RaftServerConfigKeys (ConfUtils.java:logGet(46)) - raft.server.log.force.sync.num = 128 (default)
2025-05-13 07:49:49,552 [71ef9eda-5262-4d1b-adac-c492fef1176c-impl-thread1] INFO  server.RaftServerConfigKeys (ConfUtils.java:logGet(46)) - raft.server.log.statemachine.data.sync = true (default)
2025-05-13 07:49:49,552 [71ef9eda-5262-4d1b-adac-c492fef1176c-impl-thread1] INFO  server.RaftServerConfigKeys (ConfUtils.java:logGet(46)) - raft.server.log.statemachine.data.sync.timeout = 10s (default)
2025-05-13 07:49:49,552 [71ef9eda-5262-4d1b-adac-c492fef1176c-impl-thread1] INFO  server.RaftServerConfigKeys (ConfUtils.java:logGet(46)) - raft.server.log.statemachine.data.sync.timeout.retry = -1 (default)
2025-05-13 07:49:49,552 [71ef9eda-5262-4d1b-adac-c492fef1176c-impl-thread1] INFO  server.RaftServerConfigKeys (ConfUtils.java:logGet(46)) - raft.server.log.write.buffer.size = 4194312 (custom)
2025-05-13 07:49:49,552 [71ef9eda-5262-4d1b-adac-c492fef1176c-impl-thread1] INFO  server.RaftServerConfigKeys (ConfUtils.java:logGet(46)) - raft.server.log.appender.buffer.byte-limit = 4194304 (custom)
2025-05-13 07:49:49,552 [71ef9eda-5262-4d1b-adac-c492fef1176c-impl-thread1] INFO  server.RaftServerConfigKeys (ConfUtils.java:logGet(46)) - raft.server.log.unsafe-flush.enabled = false (default)
2025-05-13 07:49:49,553 [71ef9eda-5262-4d1b-adac-c492fef1176c-impl-thread1] INFO  server.RaftServerConfigKeys (ConfUtils.java:logGet(46)) - raft.server.log.async-flush.enabled = false (default)
2025-05-13 07:49:49,553 [71ef9eda-5262-4d1b-adac-c492fef1176c-impl-thread1] INFO  server.RaftServerConfigKeys (ConfUtils.java:logGet(46)) - raft.server.log.statemachine.data.caching.enabled = false (default)
2025-05-13 07:49:49,553 [71ef9eda-5262-4d1b-adac-c492fef1176c-impl-thread1] INFO  segmented.SegmentedRaftLogWorker (SegmentedRaftLogWorker.java:lambda$new$0(139)) - 71ef9eda-5262-4d1b-adac-c492fef1176c@group-8C541F4FD93A-SegmentedRaftLogWorker: flushIndex: setUnconditionally 0 -> -1
2025-05-13 07:49:49,553 [71ef9eda-5262-4d1b-adac-c492fef1176c-impl-thread1] INFO  segmented.SegmentedRaftLogWorker (SegmentedRaftLogWorker.java:lambda$new$0(139)) - 71ef9eda-5262-4d1b-adac-c492fef1176c@group-8C541F4FD93A-SegmentedRaftLogWorker: safeCacheEvictIndex: setUnconditionally 0 -> -1
2025-05-13 07:49:49,553 [71ef9eda-5262-4d1b-adac-c492fef1176c-impl-thread1] INFO  server.RaftServer$Division (RaftServerImpl.java:start(391)) - 71ef9eda-5262-4d1b-adac-c492fef1176c@group-8C541F4FD93A: start as a follower, conf=conf: {index: -1, cur=peers:[71ef9eda-5262-4d1b-adac-c492fef1176c|pkrvmberfyhpb9w:15060]|listeners:[], old=null}
2025-05-13 07:49:49,553 [71ef9eda-5262-4d1b-adac-c492fef1176c-impl-thread1] INFO  server.RaftServer$Division (RaftServerImpl.java:setRole(378)) - 71ef9eda-5262-4d1b-adac-c492fef1176c@group-8C541F4FD93A: changes role from      null to FOLLOWER at term 0 for startAsFollower
2025-05-13 07:49:49,553 [71ef9eda-5262-4d1b-adac-c492fef1176c-impl-thread1] INFO  impl.RoleInfo (RoleInfo.java:updateAndGet(148)) - 71ef9eda-5262-4d1b-adac-c492fef1176c: start 71ef9eda-5262-4d1b-adac-c492fef1176c@group-8C541F4FD93A-FollowerState
2025-05-13 07:49:49,553 [71ef9eda-5262-4d1b-adac-c492fef1176c@group-8C541F4FD93A-FollowerState] INFO  server.RaftServerConfigKeys (ConfUtils.java:logFallback(53)) - raft.server.rpc.first-election.timeout.min = 5000ms (fallback to raft.server.rpc.timeout.min)
2025-05-13 07:49:49,553 [71ef9eda-5262-4d1b-adac-c492fef1176c@group-8C541F4FD93A-FollowerState] INFO  server.RaftServerConfigKeys (ConfUtils.java:logFallback(53)) - raft.server.rpc.first-election.timeout.max = 5200ms (fallback to raft.server.rpc.timeout.max)
2025-05-13 07:49:49,554 [71ef9eda-5262-4d1b-adac-c492fef1176c-impl-thread1] INFO  util.JmxRegister (JmxRegister.java:tryRegister(44)) - Successfully registered JMX Bean with object name Ratis:service=RaftServer,group=group-8C541F4FD93A,id=71ef9eda-5262-4d1b-adac-c492fef1176c
2025-05-13 07:49:49,554 [71ef9eda-5262-4d1b-adac-c492fef1176c-impl-thread1] INFO  util.JmxRegister (JmxRegister.java:register(58)) - register mxBean class org.apache.ratis.server.impl.RaftServerJmxAdapter as Ratis:service=RaftServer,group=group-8C541F4FD93A,id=71ef9eda-5262-4d1b-adac-c492fef1176c
2025-05-13 07:49:49,554 [71ef9eda-5262-4d1b-adac-c492fef1176c-impl-thread1] INFO  server.RaftServerConfigKeys (ConfUtils.java:logGet(46)) - raft.server.snapshot.trigger-when-stop.enabled = true (default)
2025-05-13 07:49:49,554 [71ef9eda-5262-4d1b-adac-c492fef1176c-impl-thread1] INFO  server.RaftServerConfigKeys (ConfUtils.java:logGet(46)) - raft.server.snapshot.trigger-when-remove.enabled = true (default)
2025-05-13 07:49:49,554 [71ef9eda-5262-4d1b-adac-c492fef1176c-impl-thread1] INFO  server.RaftServerConfigKeys (ConfUtils.java:logGet(46)) - raft.server.snapshot.auto.trigger.enabled = true (custom)
2025-05-13 07:49:49,554 [71ef9eda-5262-4d1b-adac-c492fef1176c-impl-thread1] INFO  server.RaftServerConfigKeys (ConfUtils.java:logGet(46)) - raft.server.snapshot.auto.trigger.threshold = 1000 (custom)
2025-05-13 07:49:49,554 [71ef9eda-5262-4d1b-adac-c492fef1176c-impl-thread1] INFO  server.RaftServerConfigKeys (ConfUtils.java:logGet(46)) - raft.server.snapshot.retention.file.num = -1 (default)
2025-05-13 07:49:49,554 [71ef9eda-5262-4d1b-adac-c492fef1176c-impl-thread1] INFO  server.RaftServerConfigKeys (ConfUtils.java:logGet(46)) - raft.server.log.purge.upto.snapshot.index = false (default)
2025-05-13 07:49:49,554 [71ef9eda-5262-4d1b-adac-c492fef1176c-impl-thread1] INFO  server.RaftServer$Division (RaftServerImpl.java:start(405)) - 71ef9eda-5262-4d1b-adac-c492fef1176c@group-8C541F4FD93A: Successfully started.
2025-05-13 07:49:49,555 [main] INFO  server.RaftServer (RaftServerProxy.java:startImpl(407)) - 71ef9eda-5262-4d1b-adac-c492fef1176c: start RPC server
2025-05-13 07:49:49,555 [main] INFO  server.GrpcService (GrpcService.java:startImpl(334)) - 71ef9eda-5262-4d1b-adac-c492fef1176c: GrpcService started, listening on 15060
2025-05-13 07:49:49,555 [JvmPauseMonitor12] INFO  util.JvmPauseMonitor (JvmPauseMonitor.java:run(146)) - JvmPauseMonitor-71ef9eda-5262-4d1b-adac-c492fef1176c: Started
2025-05-13 07:49:49,570 [om1-om-CertificateRenewerService] INFO  retry.RetryInvocationHandler (RetryInvocationHandler.java:log(426)) - com.google.protobuf.ServiceException: java.net.ConnectException: Call From pkrvmberfyhpb9w/10.1.0.36 to localhost:15024 failed on connection exception: java.net.ConnectException: Connection refused; For more details see:  http://wiki.apache.org/hadoop/ConnectionRefused, while invoking $Proxy45.submitRequest over nodeId=scmNodeId,nodeAddress=localhost/127.0.0.1:15024 after 191 failover attempts. Trying to failover after sleeping for 2000ms. Current retry count: 191.
2025-05-13 07:49:51,571 [om1-om-CertificateRenewerService] INFO  retry.RetryInvocationHandler (RetryInvocationHandler.java:log(426)) - com.google.protobuf.ServiceException: java.net.ConnectException: Call From pkrvmberfyhpb9w/10.1.0.36 to localhost:15024 failed on connection exception: java.net.ConnectException: Connection refused; For more details see:  http://wiki.apache.org/hadoop/ConnectionRefused, while invoking $Proxy45.submitRequest over nodeId=scmNodeId,nodeAddress=localhost/127.0.0.1:15024 after 192 failover attempts. Trying to failover after sleeping for 2000ms. Current retry count: 192.
2025-05-13 07:49:53,577 [om1-om-CertificateRenewerService] INFO  retry.RetryInvocationHandler (RetryInvocationHandler.java:log(426)) - com.google.protobuf.ServiceException: java.net.ConnectException: Call From pkrvmberfyhpb9w/10.1.0.36 to localhost:15024 failed on connection exception: java.net.ConnectException: Connection refused; For more details see:  http://wiki.apache.org/hadoop/ConnectionRefused, while invoking $Proxy45.submitRequest over nodeId=scmNodeId,nodeAddress=localhost/127.0.0.1:15024 after 193 failover attempts. Trying to failover after sleeping for 2000ms. Current retry count: 193.
2025-05-13 07:49:54,567 [71ef9eda-5262-4d1b-adac-c492fef1176c@group-8C541F4FD93A-FollowerState] INFO  impl.FollowerState (FollowerState.java:runImpl(161)) - 71ef9eda-5262-4d1b-adac-c492fef1176c@group-8C541F4FD93A-FollowerState: change to CANDIDATE, lastRpcElapsedTime:5013435531ns, electionTimeout:5013ms
2025-05-13 07:49:54,567 [71ef9eda-5262-4d1b-adac-c492fef1176c@group-8C541F4FD93A-FollowerState] INFO  impl.RoleInfo (RoleInfo.java:shutdownFollowerState(121)) - 71ef9eda-5262-4d1b-adac-c492fef1176c: shutdown 71ef9eda-5262-4d1b-adac-c492fef1176c@group-8C541F4FD93A-FollowerState
2025-05-13 07:49:54,567 [71ef9eda-5262-4d1b-adac-c492fef1176c@group-8C541F4FD93A-FollowerState] INFO  server.RaftServer$Division (RaftServerImpl.java:setRole(378)) - 71ef9eda-5262-4d1b-adac-c492fef1176c@group-8C541F4FD93A: changes role from  FOLLOWER to CANDIDATE at term 0 for changeToCandidate
2025-05-13 07:49:54,567 [71ef9eda-5262-4d1b-adac-c492fef1176c@group-8C541F4FD93A-FollowerState] INFO  server.RaftServerConfigKeys (ConfUtils.java:logGet(46)) - raft.server.leaderelection.pre-vote = true (default)
2025-05-13 07:49:54,567 [71ef9eda-5262-4d1b-adac-c492fef1176c@group-8C541F4FD93A-FollowerState] INFO  impl.RoleInfo (RoleInfo.java:updateAndGet(148)) - 71ef9eda-5262-4d1b-adac-c492fef1176c: start 71ef9eda-5262-4d1b-adac-c492fef1176c@group-8C541F4FD93A-LeaderElection10
2025-05-13 07:49:54,567 [71ef9eda-5262-4d1b-adac-c492fef1176c@group-8C541F4FD93A-LeaderElection10] INFO  impl.LeaderElection (LeaderElection.java:askForVotes(332)) - 71ef9eda-5262-4d1b-adac-c492fef1176c@group-8C541F4FD93A-LeaderElection10 PRE_VOTE round 0: submit vote requests at term 0 for conf: {index: -1, cur=peers:[71ef9eda-5262-4d1b-adac-c492fef1176c|pkrvmberfyhpb9w:15060]|listeners:[], old=null}
2025-05-13 07:49:54,568 [71ef9eda-5262-4d1b-adac-c492fef1176c@group-8C541F4FD93A-LeaderElection10] INFO  impl.LeaderElection (LeaderElection.java:askForVotes(334)) - 71ef9eda-5262-4d1b-adac-c492fef1176c@group-8C541F4FD93A-LeaderElection10 PRE_VOTE round 0: result PASSED (term=0)
2025-05-13 07:49:54,569 [71ef9eda-5262-4d1b-adac-c492fef1176c@group-8C541F4FD93A-LeaderElection10] INFO  impl.LeaderElection (LeaderElection.java:askForVotes(332)) - 71ef9eda-5262-4d1b-adac-c492fef1176c@group-8C541F4FD93A-LeaderElection10 ELECTION round 0: submit vote requests at term 1 for conf: {index: -1, cur=peers:[71ef9eda-5262-4d1b-adac-c492fef1176c|pkrvmberfyhpb9w:15060]|listeners:[], old=null}
2025-05-13 07:49:54,569 [71ef9eda-5262-4d1b-adac-c492fef1176c@group-8C541F4FD93A-LeaderElection10] INFO  impl.LeaderElection (LeaderElection.java:askForVotes(334)) - 71ef9eda-5262-4d1b-adac-c492fef1176c@group-8C541F4FD93A-LeaderElection10 ELECTION round 0: result PASSED (term=1)
2025-05-13 07:49:54,569 [71ef9eda-5262-4d1b-adac-c492fef1176c@group-8C541F4FD93A-LeaderElection10] INFO  impl.RoleInfo (RoleInfo.java:shutdownLeaderElection(141)) - 71ef9eda-5262-4d1b-adac-c492fef1176c: shutdown 71ef9eda-5262-4d1b-adac-c492fef1176c@group-8C541F4FD93A-LeaderElection10
2025-05-13 07:49:54,569 [71ef9eda-5262-4d1b-adac-c492fef1176c@group-8C541F4FD93A-LeaderElection10] INFO  server.RaftServer$Division (RaftServerImpl.java:setRole(378)) - 71ef9eda-5262-4d1b-adac-c492fef1176c@group-8C541F4FD93A: changes role from CANDIDATE to LEADER at term 1 for changeToLeader
2025-05-13 07:49:54,569 [71ef9eda-5262-4d1b-adac-c492fef1176c@group-8C541F4FD93A-LeaderElection10] INFO  server.RaftServerConfigKeys (ConfUtils.java:logGet(46)) - raft.server.staging.catchup.gap = 1000 (default)
2025-05-13 07:49:54,570 [71ef9eda-5262-4d1b-adac-c492fef1176c@group-8C541F4FD93A-LeaderElection10] INFO  server.RaftServerConfigKeys (ConfUtils.java:logGet(46)) - raft.server.write.element-limit = 4096 (default)
2025-05-13 07:49:54,570 [71ef9eda-5262-4d1b-adac-c492fef1176c@group-8C541F4FD93A-LeaderElection10] INFO  server.RaftServerConfigKeys (ConfUtils.java:logGet(46)) - raft.server.write.byte-limit = 64MB (=67108864) (default)
2025-05-13 07:49:54,570 [71ef9eda-5262-4d1b-adac-c492fef1176c@group-8C541F4FD93A-LeaderElection10] INFO  server.RaftServerConfigKeys (ConfUtils.java:logGet(46)) - raft.server.watch.timeout = 10s (default)
2025-05-13 07:49:54,570 [71ef9eda-5262-4d1b-adac-c492fef1176c@group-8C541F4FD93A-LeaderElection10] INFO  server.RaftServerConfigKeys (ConfUtils.java:logGet(46)) - raft.server.watch.timeout.denomination = 1s (default)
2025-05-13 07:49:54,570 [71ef9eda-5262-4d1b-adac-c492fef1176c@group-8C541F4FD93A-LeaderElection10] INFO  server.RaftServerConfigKeys (ConfUtils.java:logGet(46)) - raft.server.watch.element-limit = 65536 (default)
2025-05-13 07:49:54,571 [71ef9eda-5262-4d1b-adac-c492fef1176c@group-8C541F4FD93A-LeaderElection10] INFO  server.RaftServerConfigKeys (ConfUtils.java:logGet(46)) - raft.server.read.leader.lease.enabled = false (default)
2025-05-13 07:49:54,571 [71ef9eda-5262-4d1b-adac-c492fef1176c@group-8C541F4FD93A-LeaderElection10] INFO  server.RaftServerConfigKeys (ConfUtils.java:logGet(46)) - raft.server.read.leader.lease.timeout.ratio = 0.9 (default)
2025-05-13 07:49:54,571 [71ef9eda-5262-4d1b-adac-c492fef1176c@group-8C541F4FD93A-LeaderElection10] INFO  server.RaftServerConfigKeys (ConfUtils.java:logGet(46)) - raft.server.rpc.timeout.min = 5000ms (custom)
2025-05-13 07:49:54,571 [71ef9eda-5262-4d1b-adac-c492fef1176c@group-8C541F4FD93A-LeaderElection10] INFO  server.RaftServerConfigKeys (ConfUtils.java:logGet(46)) - raft.server.log.log-metadata.enabled = true (default)
2025-05-13 07:49:54,571 [71ef9eda-5262-4d1b-adac-c492fef1176c@group-8C541F4FD93A-LeaderElection10] INFO  server.RaftServerConfigKeys (ConfUtils.java:logGet(46)) - raft.server.write.element-limit = 4096 (default)
2025-05-13 07:49:54,571 [71ef9eda-5262-4d1b-adac-c492fef1176c@group-8C541F4FD93A-LeaderElection10] INFO  server.RaftServerConfigKeys (ConfUtils.java:logGet(46)) - raft.server.write.follower.gap.ratio.max = -1.0 (default)
2025-05-13 07:49:54,571 [71ef9eda-5262-4d1b-adac-c492fef1176c@group-8C541F4FD93A-LeaderElection10] INFO  impl.RoleInfo (RoleInfo.java:updateAndGet(148)) - 71ef9eda-5262-4d1b-adac-c492fef1176c: start 71ef9eda-5262-4d1b-adac-c492fef1176c@group-8C541F4FD93A-LeaderStateImpl
2025-05-13 07:49:54,571 [71ef9eda-5262-4d1b-adac-c492fef1176c@group-8C541F4FD93A-LeaderElection10] INFO  server.RaftServer$Division (RaftServerImpl.java:setFirstElection(562)) - 71ef9eda-5262-4d1b-adac-c492fef1176c@group-8C541F4FD93A: set firstElectionSinceStartup to false for becomeLeader
2025-05-13 07:49:54,571 [71ef9eda-5262-4d1b-adac-c492fef1176c@group-8C541F4FD93A-LeaderElection10] INFO  server.RaftServer$Division (ServerState.java:setLeader(272)) - 71ef9eda-5262-4d1b-adac-c492fef1176c@group-8C541F4FD93A: change Leader from null to 71ef9eda-5262-4d1b-adac-c492fef1176c at term 1 for becomeLeader, leader elected after 5028ms
2025-05-13 07:49:54,571 [71ef9eda-5262-4d1b-adac-c492fef1176c@group-8C541F4FD93A-LeaderElection10] INFO  segmented.SegmentedRaftLogWorker (SegmentedRaftLogWorker.java:startLogSegment(438)) - 71ef9eda-5262-4d1b-adac-c492fef1176c@group-8C541F4FD93A-SegmentedRaftLogWorker: Starting segment from index:0
2025-05-13 07:49:54,572 [71ef9eda-5262-4d1b-adac-c492fef1176c@group-8C541F4FD93A-LeaderElection10] INFO  server.RaftServer$Division (ServerState.java:setRaftConf(386)) - 71ef9eda-5262-4d1b-adac-c492fef1176c@group-8C541F4FD93A: set configuration conf: {index: 0, cur=peers:[71ef9eda-5262-4d1b-adac-c492fef1176c|pkrvmberfyhpb9w:15060]|listeners:[], old=null}
2025-05-13 07:49:54,572 [71ef9eda-5262-4d1b-adac-c492fef1176c@group-8C541F4FD93A-SegmentedRaftLogWorker] INFO  segmented.BufferedWriteChannel (BufferedWriteChannel.java:open(61)) - open log_inprogress_0 at position 0
2025-05-13 07:49:54,578 [71ef9eda-5262-4d1b-adac-c492fef1176c@group-8C541F4FD93A-SegmentedRaftLogWorker] INFO  segmented.SegmentedRaftLogWorker (SegmentedRaftLogWorker.java:execute(644)) - 71ef9eda-5262-4d1b-adac-c492fef1176c@group-8C541F4FD93A-SegmentedRaftLogWorker: created new log segment /tmp/junit-11147300826352839826/scm-meta/scm-ha/a413fef4-798a-492c-a01f-8c541f4fd93a/current/log_inprogress_0
2025-05-13 07:49:54,579 [71ef9eda-5262-4d1b-adac-c492fef1176c@group-8C541F4FD93A-StateMachineUpdater] INFO  server.RaftServer$Division (LeaderStateImpl.java:checkStartIndex(313)) - Leader 71ef9eda-5262-4d1b-adac-c492fef1176c@group-8C541F4FD93A-LeaderStateImpl is ready since appliedIndex == startIndex == 0
2025-05-13 07:49:55,556 [main] INFO  server.RaftServer (RaftServerProxy.java:lambda$close$9(417)) - 71ef9eda-5262-4d1b-adac-c492fef1176c: close
2025-05-13 07:49:55,556 [main] INFO  server.GrpcService (GrpcService.java:closeImpl(343)) - 71ef9eda-5262-4d1b-adac-c492fef1176c: shutdown server GrpcServerProtocolService now
2025-05-13 07:49:55,556 [71ef9eda-5262-4d1b-adac-c492fef1176c-impl-thread1] INFO  server.RaftServer$Division (RaftServerImpl.java:lambda$close$1(513)) - 71ef9eda-5262-4d1b-adac-c492fef1176c@group-8C541F4FD93A: shutdown
2025-05-13 07:49:55,556 [71ef9eda-5262-4d1b-adac-c492fef1176c-impl-thread1] INFO  util.JmxRegister (JmxRegister.java:unregister(74)) - Successfully un-registered JMX Bean with object name Ratis:service=RaftServer,group=group-8C541F4FD93A,id=71ef9eda-5262-4d1b-adac-c492fef1176c
2025-05-13 07:49:55,556 [71ef9eda-5262-4d1b-adac-c492fef1176c-impl-thread1] INFO  impl.RoleInfo (RoleInfo.java:shutdownLeaderState(103)) - 71ef9eda-5262-4d1b-adac-c492fef1176c: shutdown 71ef9eda-5262-4d1b-adac-c492fef1176c@group-8C541F4FD93A-LeaderStateImpl
2025-05-13 07:49:55,556 [71ef9eda-5262-4d1b-adac-c492fef1176c-impl-thread1] INFO  impl.PendingRequests (PendingRequests.java:sendNotLeaderResponses(287)) - 71ef9eda-5262-4d1b-adac-c492fef1176c@group-8C541F4FD93A-PendingRequests: sendNotLeaderResponses
2025-05-13 07:49:55,557 [main] INFO  server.GrpcService (GrpcService.java:closeImpl(352)) - 71ef9eda-5262-4d1b-adac-c492fef1176c: shutdown server GrpcServerProtocolService successfully
2025-05-13 07:49:55,557 [71ef9eda-5262-4d1b-adac-c492fef1176c-impl-thread1] INFO  impl.StateMachineUpdater (StateMachineUpdater.java:stopAndJoin(164)) - 71ef9eda-5262-4d1b-adac-c492fef1176c@group-8C541F4FD93A-StateMachineUpdater: set stopIndex = 0
2025-05-13 07:49:55,557 [71ef9eda-5262-4d1b-adac-c492fef1176c@group-8C541F4FD93A-StateMachineUpdater] INFO  impl.StateMachineUpdater (StateMachineUpdater.java:takeSnapshot(303)) - 71ef9eda-5262-4d1b-adac-c492fef1176c@group-8C541F4FD93A-StateMachineUpdater: Took a snapshot at index 0
2025-05-13 07:49:55,557 [71ef9eda-5262-4d1b-adac-c492fef1176c@group-8C541F4FD93A-StateMachineUpdater] INFO  impl.StateMachineUpdater (StateMachineUpdater.java:lambda$new$0(102)) - 71ef9eda-5262-4d1b-adac-c492fef1176c@group-8C541F4FD93A-StateMachineUpdater: snapshotIndex: updateIncreasingly -1 -> 0
2025-05-13 07:49:55,558 [71ef9eda-5262-4d1b-adac-c492fef1176c@group-8C541F4FD93A-StateMachineUpdater] INFO  impl.StateMachineUpdater (StateMachineUpdater.java:stop(141)) - 71ef9eda-5262-4d1b-adac-c492fef1176c@group-8C541F4FD93A-StateMachineUpdater: closing SCMStateMachine, lastApplied=(t:1, i:0)
2025-05-13 07:49:55,558 [71ef9eda-5262-4d1b-adac-c492fef1176c@group-8C541F4FD93A-cacheEviction-AwaitToRun] INFO  util.AwaitToRun (AwaitToRun.java:run(49)) - 71ef9eda-5262-4d1b-adac-c492fef1176c@group-8C541F4FD93A-cacheEviction-AwaitToRun-AwaitForSignal is interrupted
2025-05-13 07:49:55,578 [om1-om-CertificateRenewerService] INFO  retry.RetryInvocationHandler (RetryInvocationHandler.java:log(426)) - com.google.protobuf.ServiceException: java.net.ConnectException: Call From pkrvmberfyhpb9w/10.1.0.36 to localhost:15024 failed on connection exception: java.net.ConnectException: Connection refused; For more details see:  http://wiki.apache.org/hadoop/ConnectionRefused, while invoking $Proxy45.submitRequest over nodeId=scmNodeId,nodeAddress=localhost/127.0.0.1:15024 after 194 failover attempts. Trying to failover after sleeping for 2000ms. Current retry count: 194.
2025-05-13 07:49:55,579 [71ef9eda-5262-4d1b-adac-c492fef1176c-impl-thread1] INFO  segmented.SegmentedRaftLogWorker (SegmentedRaftLogWorker.java:close(252)) - 71ef9eda-5262-4d1b-adac-c492fef1176c@group-8C541F4FD93A-SegmentedRaftLogWorker close()
2025-05-13 07:49:55,579 [JvmPauseMonitor12] INFO  util.JvmPauseMonitor (JvmPauseMonitor.java:run(152)) - JvmPauseMonitor-71ef9eda-5262-4d1b-adac-c492fef1176c: Stopped
2025-05-13 07:49:55,580 [main] WARN  server.ServerUtils (ServerUtils.java:getScmDbDir(138)) - ozone.scm.db.dirs is not configured. We recommend adding this setting. Falling back to ozone.metadata.dirs instead.
2025-05-13 07:49:55,580 [main] INFO  ha.SCMHANodeDetails (SCMHANodeDetails.java:loadSCMHAConfig(162)) - ServiceID for StorageContainerManager is null
2025-05-13 07:49:55,580 [main] INFO  ha.SCMHANodeDetails (SCMHANodeDetails.java:loadSCMHAConfig(166)) - ozone.scm.default.service.id is not defined, falling back to ozone.scm.service.ids to find serviceID for StorageContainerManager if it is HA enabled cluster
2025-05-13 07:49:55,582 [pool-383-thread-1] INFO  request.KdcRequest (KdcRequest.java:preauth(683)) - The preauth data is empty.
2025-05-13 07:49:55,582 [pool-383-thread-1] INFO  server.KdcHandler (KdcHandler.java:handleRecoverableException(177)) - KRB error occurred while processing request: Additional pre-authentication required
2025-05-13 07:49:55,585 [pool-383-thread-1] INFO  request.AsRequest (AsRequest.java:issueTicket(112)) - AS_REQ ISSUE: authtime 1747122595584,om/pkrvmberfyhpb9w.internal.cloudapp.net@EXAMPLE.COM for krbtgt/EXAMPLE.COM@EXAMPLE.COM
2025-05-13 07:49:55,586 [main] INFO  security.UserGroupInformation (UserGroupInformation.java:loginUserFromKeytab(1143)) - Login successful for user om/pkrvmberfyhpb9w.internal.cloudapp.net@EXAMPLE.COM using keytab file om.keytab. Keytab auto renewal enabled : false
2025-05-13 07:49:55,586 [main] INFO  server.StorageContainerManager (StorageContainerManager.java:loginAsSCMUserIfSecurityEnabled(1062)) - SCM login successful.
2025-05-13 07:49:55,588 [main] INFO  proxy.SCMSecurityProtocolFailoverProxyProvider (SCMFailoverProxyProviderBase.java:<init>(120)) - Created fail-over proxy for protocol SCMSecurityProtocolPB with 1 nodes: [nodeId=scmNodeId,nodeAddress=localhost/127.0.0.1:15059]
2025-05-13 07:49:55,588 [main] INFO  client.SCMCertificateClient (DefaultCertificateClient.java:updateCertSerialId(1289)) - Certificate serial ID set to 2
2025-05-13 07:49:55,589 [main] INFO  client.SCMCertificateClient (DefaultCertificateClient.java:readCertificateFile(247)) - Added certificate 2 from file: /tmp/junit-11147300826352839826/scm-meta/scm/sub-ca/certs/2.crt.
2025-05-13 07:49:55,589 [main] INFO  client.SCMCertificateClient (DefaultCertificateClient.java:readCertificateFile(247)) - Added certificate 1 from file: /tmp/junit-11147300826352839826/scm-meta/scm/sub-ca/certs/CA-1.crt.
2025-05-13 07:49:55,590 [main] INFO  client.SCMCertificateClient (DefaultCertificateClient.java:readCertificateFile(247)) - Added certificate 2 from file: /tmp/junit-11147300826352839826/scm-meta/scm/sub-ca/certs/certificate.crt.
2025-05-13 07:49:55,590 [main] INFO  client.SCMCertificateClient (DefaultCertificateClient.java:loadAllCertificates(196)) - CertificateRenewerService and root ca rotation polling is disabled for scm/sub-ca
2025-05-13 07:49:55,590 [main] WARN  utils.HAUtils (HAUtils.java:getMetaDir(311)) - ozone.scm.db.dirs is not configured. We recommend adding this setting. Falling back to ozone.metadata.dirs instead.
2025-05-13 07:49:55,591 [main] WARN  db.DBStoreBuilder (DBStoreBuilder.java:getDBDirPath(160)) - ozone.scm.db.dirs is not configured. We recommend adding this setting. Falling back to ozone.metadata.dirs instead.
2025-05-13 07:49:55,641 [main] INFO  net.NodeSchemaLoader (NodeSchemaLoader.java:loadSchemaFromFile(128)) - Loading schema from [jar:file:/home/runner/work/ozone/ozone/hadoop-hdds/common/target/hdds-common-2.1.0-SNAPSHOT.jar!/network-topology-default.xml]
2025-05-13 07:49:55,641 [main] INFO  net.NodeSchemaLoader (NodeSchemaLoader.java:loadSchema(175)) - Loading network topology layer schema file
2025-05-13 07:49:55,658 [main] INFO  ha.SCMRatisServerImpl (SCMRatisServerImpl.java:<init>(100)) - starting Raft server for scm:71ef9eda-5262-4d1b-adac-c492fef1176c
2025-05-13 07:49:55,659 [main] INFO  server.RaftServerConfigKeys (ConfUtils.java:logGet(46)) - raft.server.log.appender.buffer.byte-limit = 4194304 (custom)
2025-05-13 07:49:55,659 [main] INFO  server.RaftServer (ConfUtils.java:logGet(46)) - raft.rpc.type = GRPC (default)
2025-05-13 07:49:55,659 [main] INFO  grpc.GrpcConfigKeys (ConfUtils.java:logFallback(53)) - raft.grpc.admin.host = null (fallback to raft.grpc.server.host)
2025-05-13 07:49:55,660 [main] INFO  grpc.GrpcConfigKeys (ConfUtils.java:logFallback(53)) - raft.grpc.admin.port = 15060 (fallback to raft.grpc.server.port)
2025-05-13 07:49:55,660 [main] INFO  grpc.GrpcConfigKeys (ConfUtils.java:logFallback(53)) - raft.grpc.client.host = null (fallback to raft.grpc.server.host)
2025-05-13 07:49:55,660 [main] INFO  grpc.GrpcConfigKeys (ConfUtils.java:logFallback(53)) - raft.grpc.client.port = 15060 (fallback to raft.grpc.server.port)
2025-05-13 07:49:55,660 [main] INFO  grpc.GrpcConfigKeys (ConfUtils.java:logGet(46)) - raft.grpc.server.host = null (default)
2025-05-13 07:49:55,660 [main] INFO  grpc.GrpcConfigKeys (ConfUtils.java:logGet(46)) - raft.grpc.server.port = 15060 (custom)
2025-05-13 07:49:55,660 [main] INFO  server.GrpcService (ConfUtils.java:logGet(46)) - raft.grpc.message.size.max = 5242880 (custom)
2025-05-13 07:49:55,660 [main] INFO  server.GrpcService (ConfUtils.java:logGet(46)) - raft.grpc.flow.control.window = 1MB (=1048576) (default)
2025-05-13 07:49:55,660 [main] INFO  server.RaftServerConfigKeys (ConfUtils.java:logGet(46)) - raft.server.rpc.request.timeout = 30000ms (custom)
2025-05-13 07:49:55,660 [main] INFO  grpc.GrpcConfigKeys (ConfUtils.java:logGet(46)) - raft.grpc.server.heartbeat.channel = true (default)
2025-05-13 07:49:55,660 [main] INFO  server.RaftServerConfigKeys (ConfUtils.java:logGet(46)) - raft.server.log.appender.buffer.byte-limit = 4194304 (custom)
2025-05-13 07:49:55,660 [main] INFO  grpc.GrpcConfigKeys (ConfUtils.java:logGet(46)) - raft.grpc.server.async.request.thread.pool.cached = true (default)
2025-05-13 07:49:55,660 [main] INFO  grpc.GrpcConfigKeys (ConfUtils.java:logGet(46)) - raft.grpc.server.async.request.thread.pool.size = 32 (default)
2025-05-13 07:49:55,661 [main] INFO  impl.DataStreamServerImpl (ConfUtils.java:logGet(46)) - raft.datastream.type = DISABLED (default)
2025-05-13 07:49:55,661 [main] INFO  server.RaftServerConfigKeys (ConfUtils.java:logGet(46)) - raft.server.sleep.deviation.threshold = 300ms (default)
2025-05-13 07:49:55,661 [main] INFO  server.RaftServerConfigKeys (ConfUtils.java:logGet(46)) - raft.server.close.threshold = 60s (default)
2025-05-13 07:49:55,661 [main] INFO  server.RaftServerConfigKeys (ConfUtils.java:logGet(46)) - raft.server.leaderelection.leader.step-down.wait-time = 10s (default)
2025-05-13 07:49:55,661 [main] INFO  server.RaftServerConfigKeys (ConfUtils.java:logGet(46)) - raft.server.storage.dir = [/tmp/junit-11147300826352839826/scm-meta/scm-ha] (custom)
2025-05-13 07:49:55,661 [main] INFO  server.RaftServerConfigKeys (ConfUtils.java:logGet(46)) - raft.server.threadpool.proxy.cached = true (default)
2025-05-13 07:49:55,661 [main] INFO  server.RaftServerConfigKeys (ConfUtils.java:logGet(46)) - raft.server.threadpool.proxy.size = 0 (default)
2025-05-13 07:49:55,662 [71ef9eda-5262-4d1b-adac-c492fef1176c-impl-thread1] INFO  server.RaftServer (RaftServerProxy.java:initGroupDir(265)) - 71ef9eda-5262-4d1b-adac-c492fef1176c: found a subdirectory /tmp/junit-11147300826352839826/scm-meta/scm-ha/a413fef4-798a-492c-a01f-8c541f4fd93a
2025-05-13 07:49:55,662 [main] INFO  server.RaftServer (RaftServerProxy.java:addNew(100)) - 71ef9eda-5262-4d1b-adac-c492fef1176c: addNew group-8C541F4FD93A:[] returns group-8C541F4FD93A:java.util.concurrent.CompletableFuture@6aa4c5c9[Not completed]
2025-05-13 07:49:55,662 [71ef9eda-5262-4d1b-adac-c492fef1176c-groupManagement] INFO  server.RaftServer$Division (RaftServerImpl.java:<init>(255)) - 71ef9eda-5262-4d1b-adac-c492fef1176c: new RaftServerImpl for group-8C541F4FD93A:[] with SCMStateMachine:uninitialized
2025-05-13 07:49:55,662 [71ef9eda-5262-4d1b-adac-c492fef1176c-groupManagement] INFO  server.RaftServerConfigKeys (ConfUtils.java:logGet(46)) - raft.server.rpc.timeout.min = 5000ms (custom)
2025-05-13 07:49:55,662 [71ef9eda-5262-4d1b-adac-c492fef1176c-groupManagement] INFO  server.RaftServerConfigKeys (ConfUtils.java:logGet(46)) - raft.server.rpc.timeout.max = 5200ms (custom)
2025-05-13 07:49:55,662 [71ef9eda-5262-4d1b-adac-c492fef1176c-groupManagement] INFO  server.RaftServerConfigKeys (ConfUtils.java:logGet(46)) - raft.server.rpc.sleep.time = 25ms (default)
2025-05-13 07:49:55,662 [71ef9eda-5262-4d1b-adac-c492fef1176c-groupManagement] INFO  server.RaftServerConfigKeys (ConfUtils.java:logGet(46)) - raft.server.rpc.slowness.timeout = 120000ms (custom)
2025-05-13 07:49:55,662 [71ef9eda-5262-4d1b-adac-c492fef1176c-groupManagement] INFO  server.RaftServerConfigKeys (ConfUtils.java:logGet(46)) - raft.server.leaderelection.leader.step-down.wait-time = 10s (default)
2025-05-13 07:49:55,662 [71ef9eda-5262-4d1b-adac-c492fef1176c-groupManagement] INFO  server.RaftServerConfigKeys (ConfUtils.java:logGet(46)) - raft.server.leaderelection.member.majority-add = false (default)
2025-05-13 07:49:55,662 [71ef9eda-5262-4d1b-adac-c492fef1176c-groupManagement] INFO  server.RaftServerConfigKeys (ConfUtils.java:logGet(46)) - raft.server.sleep.deviation.threshold = 300ms (default)
2025-05-13 07:49:55,662 [71ef9eda-5262-4d1b-adac-c492fef1176c-groupManagement] INFO  server.RaftServer$Division (ServerState.java:<init>(114)) - 71ef9eda-5262-4d1b-adac-c492fef1176c@group-8C541F4FD93A: ConfigurationManager, init=conf: {index: -1, cur=peers:[]|listeners:[], old=null}, confs=<EMPTY_MAP>
2025-05-13 07:49:55,662 [71ef9eda-5262-4d1b-adac-c492fef1176c-groupManagement] INFO  server.RaftServerConfigKeys (ConfUtils.java:logGet(46)) - raft.server.notification.no-leader.timeout = 60s (default)
2025-05-13 07:49:55,662 [71ef9eda-5262-4d1b-adac-c492fef1176c-groupManagement] INFO  server.RaftServerConfigKeys (ConfUtils.java:logGet(46)) - raft.server.read.timeout = 10s (default)
2025-05-13 07:49:55,662 [71ef9eda-5262-4d1b-adac-c492fef1176c-groupManagement] INFO  server.RaftServerConfigKeys (ConfUtils.java:logGet(46)) - raft.server.retrycache.expirytime = 60000ms (default)
2025-05-13 07:49:55,662 [71ef9eda-5262-4d1b-adac-c492fef1176c-groupManagement] INFO  server.RaftServerConfigKeys (ConfUtils.java:logGet(46)) - raft.server.retrycache.statistics.expirytime = 100ms (default)
2025-05-13 07:49:55,663 [71ef9eda-5262-4d1b-adac-c492fef1176c-groupManagement] INFO  server.RaftServerConfigKeys (ConfUtils.java:logGet(46)) - raft.server.read.option = DEFAULT (default)
2025-05-13 07:49:55,663 [71ef9eda-5262-4d1b-adac-c492fef1176c-groupManagement] INFO  server.RaftServerConfigKeys (ConfUtils.java:logGet(46)) - raft.server.read.read-after-write-consistent.write-index-cache.expiry-time = 60s (default)
2025-05-13 07:49:55,666 [71ef9eda-5262-4d1b-adac-c492fef1176c-groupManagement] INFO  server.RaftServerConfigKeys (ConfUtils.java:logGet(46)) - raft.server.rpc.request.timeout = 30000ms (custom)
2025-05-13 07:49:55,666 [71ef9eda-5262-4d1b-adac-c492fef1176c-groupManagement] INFO  server.RaftServerConfigKeys (ConfUtils.java:logGet(46)) - raft.server.log.appender.install.snapshot.enabled = false (custom)
2025-05-13 07:49:55,666 [71ef9eda-5262-4d1b-adac-c492fef1176c-groupManagement] INFO  server.RaftServerConfigKeys (ConfUtils.java:logGet(46)) - raft.server.threadpool.server.cached = true (default)
2025-05-13 07:49:55,667 [71ef9eda-5262-4d1b-adac-c492fef1176c-groupManagement] INFO  server.RaftServerConfigKeys (ConfUtils.java:logGet(46)) - raft.server.threadpool.server.size = 0 (default)
2025-05-13 07:49:55,667 [71ef9eda-5262-4d1b-adac-c492fef1176c-groupManagement] INFO  server.RaftServerConfigKeys (ConfUtils.java:logGet(46)) - raft.server.threadpool.client.cached = true (default)
2025-05-13 07:49:55,667 [71ef9eda-5262-4d1b-adac-c492fef1176c-groupManagement] INFO  server.RaftServerConfigKeys (ConfUtils.java:logGet(46)) - raft.server.threadpool.client.size = 0 (default)
2025-05-13 07:49:55,667 [main] INFO  ha.SCMSnapshotProvider (SCMSnapshotProvider.java:<init>(61)) - Initializing SCM Snapshot Provider
2025-05-13 07:49:55,667 [main] WARN  server.ServerUtils (ServerUtils.java:getDefaultRatisDirectory(304)) - Storage directory for Ratis is not configured. It is a good idea to map this to an SSD disk. Falling back to ozone.metadata.dirs
2025-05-13 07:49:55,667 [main] WARN  ha.SCMHAUtils (SCMHAUtils.java:getSCMRatisSnapshotDirectory(120)) - SCM snapshot dir is not configured. Falling back to ozone.metadata.dirs config
2025-05-13 07:49:55,668 [main] INFO  upgrade.AbstractLayoutVersionManager (AbstractLayoutVersionManager.java:init(80)) - Initializing Layout version manager with metadata layout = HBASE_SUPPORT (version = 8), software layout = HBASE_SUPPORT (version = 8)
2025-05-13 07:49:55,670 [main] INFO  ha.SequenceIdGenerator (SequenceIdGenerator.java:upgradeToSequenceId(355)) - upgrade localId to 115816896921600000
2025-05-13 07:49:55,671 [main] INFO  ha.SequenceIdGenerator (SequenceIdGenerator.java:upgradeToSequenceId(365)) - upgrade delTxnId to 0
2025-05-13 07:49:55,672 [main] INFO  ha.SequenceIdGenerator (SequenceIdGenerator.java:upgradeToSequenceId(382)) - upgrade containerId to 0
2025-05-13 07:49:55,673 [main] INFO  ha.SequenceIdGenerator (SequenceIdGenerator.java:upgradeToCertificateSequenceId(419)) - upgrade CertificateId to 2
2025-05-13 07:49:55,673 [main] INFO  ha.SequenceIdGenerator (SequenceIdGenerator.java:<init>(232)) - Init the HA SequenceIdGenerator.
2025-05-13 07:49:55,673 [main] WARN  server.ServerUtils (ServerUtils.java:sanitizeUserArgs(76)) - ozone.scm.stale.node.interval value = 300000 is larger than max = 100000 based on the key value of ozone.scm.heartbeat.thread.interval, reset to the max value 100000.
2025-05-13 07:49:55,674 [main] WARN  server.ServerUtils (ServerUtils.java:sanitizeUserArgs(76)) - ozone.scm.stale.node.interval value = 300000 is larger than max = 100000 based on the key value of ozone.scm.heartbeat.thread.interval, reset to the max value 100000.
2025-05-13 07:49:55,674 [main] INFO  node.SCMNodeManager (SCMNodeManager.java:<init>(182)) - Entering startup safe mode.
2025-05-13 07:49:55,674 [main] INFO  algorithms.ContainerPlacementPolicyFactory (ContainerPlacementPolicyFactory.java:getPolicyInternal(84)) - Create container placement policy of type org.apache.hadoop.hdds.scm.container.placement.algorithms.SCMContainerPlacementRackAware
2025-05-13 07:49:55,674 [main] INFO  algorithms.ContainerPlacementPolicyFactory (ContainerPlacementPolicyFactory.java:getPolicyInternal(84)) - Create container placement policy of type org.apache.hadoop.hdds.scm.container.placement.algorithms.SCMContainerPlacementRackScatter
2025-05-13 07:49:55,675 [main] INFO  pipeline.PipelineStateManagerImpl (PipelineStateManagerImpl.java:initialize(75)) - No pipeline exists in current db
2025-05-13 07:49:55,675 [main] INFO  algorithms.LeaderChoosePolicyFactory (LeaderChoosePolicyFactory.java:getPolicy(55)) - Create leader choose policy of type org.apache.hadoop.hdds.scm.pipeline.leader.choose.algorithms.MinLeaderCountChoosePolicy
2025-05-13 07:49:55,675 [main] INFO  algorithms.ContainerPlacementPolicyFactory (ContainerPlacementPolicyFactory.java:getPolicyInternal(84)) - Create container placement policy of type org.apache.hadoop.hdds.scm.container.placement.algorithms.SCMContainerPlacementRackScatter
2025-05-13 07:49:55,675 [main] INFO  ha.SCMServiceManager (SCMServiceManager.java:register(42)) - Registering service BackgroundPipelineCreator.
2025-05-13 07:49:55,675 [main] INFO  pipeline.BackgroundPipelineCreator (BackgroundPipelineCreator.java:start(126)) - Starting RatisPipelineUtilsThread.
2025-05-13 07:49:55,676 [main] INFO  BackgroundPipelineScrubber (BackgroundSCMService.java:start(64)) - Starting BackgroundPipelineScrubber Service.
2025-05-13 07:49:55,676 [main] INFO  ha.SCMServiceManager (SCMServiceManager.java:register(42)) - Registering service BackgroundPipelineScrubber.
2025-05-13 07:49:55,676 [main] INFO  ExpiredContainerReplicaOpScrubber (BackgroundSCMService.java:start(64)) - Starting ExpiredContainerReplicaOpScrubber Service.
2025-05-13 07:49:55,676 [main] INFO  ha.SCMServiceManager (SCMServiceManager.java:register(42)) - Registering service ExpiredContainerReplicaOpScrubber.
2025-05-13 07:49:55,677 [main] INFO  algorithms.PipelineChoosePolicyFactory (PipelineChoosePolicyFactory.java:createPipelineChoosePolicyFromClass(78)) - Create pipeline choose policy of type org.apache.hadoop.hdds.scm.pipeline.choose.algorithms.RandomPipelineChoosePolicy
2025-05-13 07:49:55,677 [main] INFO  algorithms.PipelineChoosePolicyFactory (PipelineChoosePolicyFactory.java:createPipelineChoosePolicyFromClass(78)) - Create pipeline choose policy of type org.apache.hadoop.hdds.scm.pipeline.choose.algorithms.RandomPipelineChoosePolicy
2025-05-13 07:49:55,678 [main] INFO  ha.SCMServiceManager (SCMServiceManager.java:register(42)) - Registering service SCMBlockDeletingService.
2025-05-13 07:49:55,679 [main] INFO  replication.ReplicationManager (ReplicationManager.java:start(285)) - Starting Replication Monitor Thread.
2025-05-13 07:49:55,679 [main] INFO  ha.SCMServiceManager (SCMServiceManager.java:register(42)) - Registering service ReplicationManager.
2025-05-13 07:49:55,680 [main] INFO  safemode.RatisContainerSafeModeRule (RatisContainerSafeModeRule.java:initializeRule(160)) - Refreshed Containers with one replica threshold count 0.
2025-05-13 07:49:55,680 [main] INFO  safemode.ECContainerSafeModeRule (ECContainerSafeModeRule.java:initializeRule(205)) - Refreshed Containers with ec n replica threshold count 0.
2025-05-13 07:49:55,680 [main] INFO  safemode.HealthyPipelineSafeModeRule (HealthyPipelineSafeModeRule.java:initializeRule(177)) - Total pipeline count is 0, healthy pipeline threshold count is 0
2025-05-13 07:49:55,680 [main] INFO  safemode.OneReplicaPipelineSafeModeRule (OneReplicaPipelineSafeModeRule.java:initializeRule(190)) - Total pipeline count is 0, pipeline's with at least one datanode reported threshold count is 0
2025-05-13 07:49:55,681 [main] INFO  security.SecretKeyManagerService (SecretKeyManagerService.java:start(143)) - Scheduling rotation checker with interval PT10M
2025-05-13 07:49:55,682 [main] INFO  ha.SCMServiceManager (SCMServiceManager.java:register(42)) - Registering service SecretKeyManagerService.
2025-05-13 07:49:55,682 [main] INFO  keys.KeyStorage (KeyStorage.java:readPublicKey(174)) - Reading public key from /tmp/junit-11147300826352839826/scm-meta/scm/sub-ca/keys/public.pem.
2025-05-13 07:49:55,682 [main] INFO  keys.KeyStorage (KeyStorage.java:readPrivateKey(158)) - Reading private key from /tmp/junit-11147300826352839826/scm-meta/scm/sub-ca/keys/private.pem.
2025-05-13 07:49:55,682 [main] INFO  authority.DefaultCAServer (DefaultCAServer.java:lambda$processVerificationStatus$0(392)) - CertificateServer validation is successful
2025-05-13 07:49:55,682 [main] INFO  keys.KeyStorage (KeyStorage.java:readPublicKey(174)) - Reading public key from /tmp/junit-11147300826352839826/scm-meta/scm/ca/keys/public.pem.
2025-05-13 07:49:55,683 [main] INFO  keys.KeyStorage (KeyStorage.java:readPrivateKey(158)) - Reading private key from /tmp/junit-11147300826352839826/scm-meta/scm/ca/keys/private.pem.
2025-05-13 07:49:55,683 [main] INFO  authority.DefaultCAServer (DefaultCAServer.java:lambda$processVerificationStatus$0(392)) - CertificateServer validation is successful
2025-05-13 07:49:55,683 [main] INFO  server.StorageContainerManager (StorageContainerManager.java:persistPrimarySCMCerts(950)) - Storing sub-ca certificate serialId 2 on primary SCM
2025-05-13 07:49:55,684 [main] INFO  server.SCMCertStore (SCMCertStore.java:storeValidScmCertificate(96)) - Scm certificate 2 for CN=scm-sub@pkrvmberfyhpb9w,OU=71ef9eda-5262-4d1b-adac-c492fef1176c,O=a413fef4-798a-492c-a01f-8c541f4fd93a,SERIALNUMBER=2 is stored
2025-05-13 07:49:55,684 [main] INFO  server.StorageContainerManager (StorageContainerManager.java:persistPrimarySCMCerts(957)) - Storing root certificate serialId 1
2025-05-13 07:49:55,685 [main] INFO  server.SCMCertStore (SCMCertStore.java:storeValidScmCertificate(96)) - Scm certificate 1 for CN=scm@pkrvmberfyhpb9w,OU=71ef9eda-5262-4d1b-adac-c492fef1176c,O=a413fef4-798a-492c-a01f-8c541f4fd93a,SERIALNUMBER=1 is stored
2025-05-13 07:49:55,686 [main] INFO  ha.SequenceIdGenerator (SequenceIdGenerator.java:upgradeToCertificateSequenceId(419)) - upgrade CertificateId to 2
2025-05-13 07:49:55,687 [main] INFO  ipc.CallQueueManager (CallQueueManager.java:<init>(93)) - Using callQueue: class java.util.concurrent.LinkedBlockingQueue, queueCapacity: 200, scheduler: class org.apache.hadoop.ipc.DefaultRpcScheduler, ipcBackoff: false, ipcFailOver: false.
2025-05-13 07:49:55,687 [main] INFO  ipc.Server (Server.java:<init>(1438)) - Listener at 0.0.0.0:15059
2025-05-13 07:49:55,688 [Socket Reader #1 for port 15059] INFO  ipc.Server (Server.java:run(1474)) - Starting Socket Reader #1 for port 15059
2025-05-13 07:49:55,688 [main] INFO  server.StorageContainerManager (StorageContainerManager.java:<init>(430)) - SCM start with adminUsers: [om/10.1.0.101@EXAMPLE.COM, om]
2025-05-13 07:49:55,689 [main] INFO  ipc.CallQueueManager (CallQueueManager.java:<init>(93)) - Using callQueue: class java.util.concurrent.LinkedBlockingQueue, queueCapacity: 10000, scheduler: class org.apache.hadoop.ipc.DefaultRpcScheduler, ipcBackoff: false, ipcFailOver: false.
2025-05-13 07:49:55,689 [main] INFO  ipc.Server (Server.java:<init>(1438)) - Listener at 0.0.0.0:15057
2025-05-13 07:49:55,689 [Socket Reader #1 for port 15057] INFO  ipc.Server (Server.java:run(1474)) - Starting Socket Reader #1 for port 15057
2025-05-13 07:49:55,689 [Socket Reader #2 for port 15057] INFO  ipc.Server (Server.java:run(1474)) - Starting Socket Reader #2 for port 15057
2025-05-13 07:49:55,690 [Socket Reader #3 for port 15057] INFO  ipc.Server (Server.java:run(1474)) - Starting Socket Reader #3 for port 15057
2025-05-13 07:49:55,690 [Socket Reader #4 for port 15057] INFO  ipc.Server (Server.java:run(1474)) - Starting Socket Reader #4 for port 15057
2025-05-13 07:49:55,690 [Socket Reader #5 for port 15057] INFO  ipc.Server (Server.java:run(1474)) - Starting Socket Reader #5 for port 15057
2025-05-13 07:49:55,690 [Socket Reader #6 for port 15057] INFO  ipc.Server (Server.java:run(1474)) - Starting Socket Reader #6 for port 15057
2025-05-13 07:49:55,691 [Socket Reader #7 for port 15057] INFO  ipc.Server (Server.java:run(1474)) - Starting Socket Reader #7 for port 15057
2025-05-13 07:49:55,691 [Socket Reader #8 for port 15057] INFO  ipc.Server (Server.java:run(1474)) - Starting Socket Reader #8 for port 15057
2025-05-13 07:49:55,691 [Socket Reader #9 for port 15057] INFO  ipc.Server (Server.java:run(1474)) - Starting Socket Reader #9 for port 15057
2025-05-13 07:49:55,691 [Socket Reader #10 for port 15057] INFO  ipc.Server (Server.java:run(1474)) - Starting Socket Reader #10 for port 15057
2025-05-13 07:49:55,692 [main] INFO  ipc.CallQueueManager (CallQueueManager.java:<init>(93)) - Using callQueue: class java.util.concurrent.LinkedBlockingQueue, queueCapacity: 10000, scheduler: class org.apache.hadoop.ipc.DefaultRpcScheduler, ipcBackoff: false, ipcFailOver: false.
2025-05-13 07:49:55,692 [main] INFO  ipc.Server (Server.java:<init>(1438)) - Listener at 0.0.0.0:15058
2025-05-13 07:49:55,692 [Socket Reader #1 for port 15058] INFO  ipc.Server (Server.java:run(1474)) - Starting Socket Reader #1 for port 15058
2025-05-13 07:49:55,692 [Socket Reader #2 for port 15058] INFO  ipc.Server (Server.java:run(1474)) - Starting Socket Reader #2 for port 15058
2025-05-13 07:49:55,693 [Socket Reader #3 for port 15058] INFO  ipc.Server (Server.java:run(1474)) - Starting Socket Reader #3 for port 15058
2025-05-13 07:49:55,693 [Socket Reader #4 for port 15058] INFO  ipc.Server (Server.java:run(1474)) - Starting Socket Reader #4 for port 15058
2025-05-13 07:49:55,693 [Socket Reader #5 for port 15058] INFO  ipc.Server (Server.java:run(1474)) - Starting Socket Reader #5 for port 15058
2025-05-13 07:49:55,693 [Socket Reader #6 for port 15058] INFO  ipc.Server (Server.java:run(1474)) - Starting Socket Reader #6 for port 15058
2025-05-13 07:49:55,693 [Socket Reader #7 for port 15058] INFO  ipc.Server (Server.java:run(1474)) - Starting Socket Reader #7 for port 15058
2025-05-13 07:49:55,693 [Socket Reader #8 for port 15058] INFO  ipc.Server (Server.java:run(1474)) - Starting Socket Reader #8 for port 15058
2025-05-13 07:49:55,694 [Socket Reader #9 for port 15058] INFO  ipc.Server (Server.java:run(1474)) - Starting Socket Reader #9 for port 15058
2025-05-13 07:49:55,694 [Socket Reader #10 for port 15058] INFO  ipc.Server (Server.java:run(1474)) - Starting Socket Reader #10 for port 15058
2025-05-13 07:49:55,695 [main] INFO  ipc.CallQueueManager (CallQueueManager.java:<init>(93)) - Using callQueue: class java.util.concurrent.LinkedBlockingQueue, queueCapacity: 10000, scheduler: class org.apache.hadoop.ipc.DefaultRpcScheduler, ipcBackoff: false, ipcFailOver: false.
2025-05-13 07:49:55,695 [main] INFO  ipc.Server (Server.java:<init>(1438)) - Listener at 0.0.0.0:15056
2025-05-13 07:49:55,695 [Socket Reader #1 for port 15056] INFO  ipc.Server (Server.java:run(1474)) - Starting Socket Reader #1 for port 15056
2025-05-13 07:49:55,695 [Socket Reader #2 for port 15056] INFO  ipc.Server (Server.java:run(1474)) - Starting Socket Reader #2 for port 15056
2025-05-13 07:49:55,695 [Socket Reader #3 for port 15056] INFO  ipc.Server (Server.java:run(1474)) - Starting Socket Reader #3 for port 15056
2025-05-13 07:49:55,696 [Socket Reader #4 for port 15056] INFO  ipc.Server (Server.java:run(1474)) - Starting Socket Reader #4 for port 15056
2025-05-13 07:49:55,696 [Socket Reader #5 for port 15056] INFO  ipc.Server (Server.java:run(1474)) - Starting Socket Reader #5 for port 15056
2025-05-13 07:49:55,696 [Socket Reader #6 for port 15056] INFO  ipc.Server (Server.java:run(1474)) - Starting Socket Reader #6 for port 15056
2025-05-13 07:49:55,696 [Socket Reader #7 for port 15056] INFO  ipc.Server (Server.java:run(1474)) - Starting Socket Reader #7 for port 15056
2025-05-13 07:49:55,696 [Socket Reader #8 for port 15056] INFO  ipc.Server (Server.java:run(1474)) - Starting Socket Reader #8 for port 15056
2025-05-13 07:49:55,696 [Socket Reader #9 for port 15056] INFO  ipc.Server (Server.java:run(1474)) - Starting Socket Reader #9 for port 15056
2025-05-13 07:49:55,696 [Socket Reader #10 for port 15056] INFO  ipc.Server (Server.java:run(1474)) - Starting Socket Reader #10 for port 15056
2025-05-13 07:49:55,699 [main] INFO  ha.SCMServiceManager (SCMServiceManager.java:register(42)) - Registering service ContainerBalancer.
2025-05-13 07:49:55,700 [main] INFO  ha.SCMContext (SCMContext.java:updateSafeModeStatus(224)) - Update SafeModeStatus from SafeModeStatus{safeModeStatus=true, preCheckPassed=false} to SafeModeStatus{safeModeStatus=true, preCheckPassed=false}.
2025-05-13 07:49:55,700 [main] INFO  server.StorageContainerManager (StorageContainerManager.java:start(1507)) - StorageContainerLocationProtocol RPC server is listening at /0.0.0.0:15056
2025-05-13 07:49:55,700 [main] INFO  ha.SCMRatisServerImpl (SCMRatisServerImpl.java:start(203)) - starting ratis server 0.0.0.0:15060
2025-05-13 07:49:55,700 [71ef9eda-5262-4d1b-adac-c492fef1176c-impl-thread1] INFO  server.RaftServerConfigKeys (ConfUtils.java:logGet(46)) - raft.server.storage.free-space.min = 0MB (=0) (default)
2025-05-13 07:49:55,700 [71ef9eda-5262-4d1b-adac-c492fef1176c-impl-thread1] INFO  server.RaftServerConfigKeys (ConfUtils.java:logGet(46)) - raft.server.log.corruption.policy = EXCEPTION (default)
2025-05-13 07:49:55,700 [71ef9eda-5262-4d1b-adac-c492fef1176c-impl-thread1] INFO  server.RaftServerConfigKeys (ConfUtils.java:logGet(46)) - raft.server.storage.dir = [/tmp/junit-11147300826352839826/scm-meta/scm-ha] (custom)
2025-05-13 07:49:55,701 [71ef9eda-5262-4d1b-adac-c492fef1176c-impl-thread1] INFO  storage.RaftStorageDirectory (RaftStorageDirectoryImpl.java:tryLock(229)) - Lock on /tmp/junit-11147300826352839826/scm-meta/scm-ha/a413fef4-798a-492c-a01f-8c541f4fd93a/in_use.lock acquired by nodename 25269@pkrvmberfyhpb9w
2025-05-13 07:49:55,702 [71ef9eda-5262-4d1b-adac-c492fef1176c-impl-thread1] INFO  storage.RaftStorage (RaftStorageImpl.java:analyzeAndRecoverStorage(118)) - Read RaftStorageMetadata{term=1, votedFor=71ef9eda-5262-4d1b-adac-c492fef1176c} from /tmp/junit-11147300826352839826/scm-meta/scm-ha/a413fef4-798a-492c-a01f-8c541f4fd93a/current/raft-meta
2025-05-13 07:49:55,702 [71ef9eda-5262-4d1b-adac-c492fef1176c-impl-thread1] INFO  server.RaftServer$Division (ServerState.java:setRaftConf(386)) - 71ef9eda-5262-4d1b-adac-c492fef1176c@group-8C541F4FD93A: set configuration conf: {index: 0, cur=peers:[71ef9eda-5262-4d1b-adac-c492fef1176c|pkrvmberfyhpb9w:15060]|listeners:[], old=null}
2025-05-13 07:49:55,702 [71ef9eda-5262-4d1b-adac-c492fef1176c-impl-thread1] INFO  ha.SCMStateMachine (SCMStateMachine.java:lambda$initialize$0(135)) - 71ef9eda-5262-4d1b-adac-c492fef1176c: initialize group-8C541F4FD93A
2025-05-13 07:49:55,702 [71ef9eda-5262-4d1b-adac-c492fef1176c-impl-thread1] INFO  server.RaftServerConfigKeys (ConfUtils.java:logGet(46)) - raft.server.log.use.memory = false (default)
2025-05-13 07:49:55,702 [71ef9eda-5262-4d1b-adac-c492fef1176c-impl-thread1] INFO  server.RaftServerConfigKeys (ConfUtils.java:logGet(46)) - raft.server.log.purge.gap = 1000000 (custom)
2025-05-13 07:49:55,702 [71ef9eda-5262-4d1b-adac-c492fef1176c-impl-thread1] INFO  server.RaftServerConfigKeys (ConfUtils.java:logGet(46)) - raft.server.log.appender.buffer.byte-limit = 4194304 (custom)
2025-05-13 07:49:55,702 [71ef9eda-5262-4d1b-adac-c492fef1176c-impl-thread1] INFO  server.RaftServerConfigKeys (ConfUtils.java:logGet(46)) - raft.server.log.statemachine.data.read.timeout = 1000ms (default)
2025-05-13 07:49:55,702 [71ef9eda-5262-4d1b-adac-c492fef1176c-impl-thread1] INFO  server.RaftServerConfigKeys (ConfUtils.java:logGet(46)) - raft.server.log.purge.preservation.log.num = 0 (default)
2025-05-13 07:49:55,704 [71ef9eda-5262-4d1b-adac-c492fef1176c-impl-thread1] INFO  server.RaftServerConfigKeys (ConfUtils.java:logGet(46)) - raft.server.log.segment.size.max = 4194304 (custom)
2025-05-13 07:49:55,704 [71ef9eda-5262-4d1b-adac-c492fef1176c-impl-thread1] INFO  server.RaftServerConfigKeys (ConfUtils.java:logGet(46)) - raft.server.log.segment.cache.num.max = 2 (custom)
2025-05-13 07:49:55,704 [71ef9eda-5262-4d1b-adac-c492fef1176c-impl-thread1] INFO  server.RaftServerConfigKeys (ConfUtils.java:logGet(46)) - raft.server.log.segment.cache.size.max = 200MB (=209715200) (default)
2025-05-13 07:49:55,704 [71ef9eda-5262-4d1b-adac-c492fef1176c-impl-thread1] INFO  server.RaftServerConfigKeys (ConfUtils.java:logGet(46)) - raft.server.log.appender.buffer.byte-limit = 4194304 (custom)
2025-05-13 07:49:55,704 [71ef9eda-5262-4d1b-adac-c492fef1176c-impl-thread1] INFO  util.AwaitToRun (AwaitToRun.java:start(81)) - Thread[#2779,71ef9eda-5262-4d1b-adac-c492fef1176c@group-8C541F4FD93A-cacheEviction-AwaitToRun,5,main] started
2025-05-13 07:49:55,704 [71ef9eda-5262-4d1b-adac-c492fef1176c-impl-thread1] INFO  segmented.SegmentedRaftLogWorker (SegmentedRaftLogWorker.java:<init>(188)) - new 71ef9eda-5262-4d1b-adac-c492fef1176c@group-8C541F4FD93A-SegmentedRaftLogWorker for RaftStorageImpl:Storage Directory /tmp/junit-11147300826352839826/scm-meta/scm-ha/a413fef4-798a-492c-a01f-8c541f4fd93a
2025-05-13 07:49:55,705 [71ef9eda-5262-4d1b-adac-c492fef1176c-impl-thread1] INFO  server.RaftServerConfigKeys (ConfUtils.java:logGet(46)) - raft.server.log.queue.byte-limit = 64MB (=67108864) (default)
2025-05-13 07:49:55,705 [71ef9eda-5262-4d1b-adac-c492fef1176c-impl-thread1] INFO  server.RaftServerConfigKeys (ConfUtils.java:logGet(46)) - raft.server.log.queue.element-limit = 4096 (default)
2025-05-13 07:49:55,705 [71ef9eda-5262-4d1b-adac-c492fef1176c-impl-thread1] INFO  server.RaftServerConfigKeys (ConfUtils.java:logGet(46)) - raft.server.log.segment.size.max = 4194304 (custom)
2025-05-13 07:49:55,705 [71ef9eda-5262-4d1b-adac-c492fef1176c-impl-thread1] INFO  server.RaftServerConfigKeys (ConfUtils.java:logGet(46)) - raft.server.log.preallocated.size = 4194304 (custom)
2025-05-13 07:49:55,705 [71ef9eda-5262-4d1b-adac-c492fef1176c-impl-thread1] INFO  server.RaftServerConfigKeys (ConfUtils.java:logGet(46)) - raft.server.log.force.sync.num = 128 (default)
2025-05-13 07:49:55,705 [71ef9eda-5262-4d1b-adac-c492fef1176c-impl-thread1] INFO  server.RaftServerConfigKeys (ConfUtils.java:logGet(46)) - raft.server.log.statemachine.data.sync = true (default)
2025-05-13 07:49:55,705 [71ef9eda-5262-4d1b-adac-c492fef1176c-impl-thread1] INFO  server.RaftServerConfigKeys (ConfUtils.java:logGet(46)) - raft.server.log.statemachine.data.sync.timeout = 10s (default)
2025-05-13 07:49:55,705 [71ef9eda-5262-4d1b-adac-c492fef1176c-impl-thread1] INFO  server.RaftServerConfigKeys (ConfUtils.java:logGet(46)) - raft.server.log.statemachine.data.sync.timeout.retry = -1 (default)
2025-05-13 07:49:55,705 [71ef9eda-5262-4d1b-adac-c492fef1176c-impl-thread1] INFO  server.RaftServerConfigKeys (ConfUtils.java:logGet(46)) - raft.server.log.write.buffer.size = 4194312 (custom)
2025-05-13 07:49:55,705 [71ef9eda-5262-4d1b-adac-c492fef1176c-impl-thread1] INFO  server.RaftServerConfigKeys (ConfUtils.java:logGet(46)) - raft.server.log.appender.buffer.byte-limit = 4194304 (custom)
2025-05-13 07:49:55,705 [71ef9eda-5262-4d1b-adac-c492fef1176c-impl-thread1] INFO  server.RaftServerConfigKeys (ConfUtils.java:logGet(46)) - raft.server.log.unsafe-flush.enabled = false (default)
2025-05-13 07:49:55,705 [71ef9eda-5262-4d1b-adac-c492fef1176c-impl-thread1] INFO  server.RaftServerConfigKeys (ConfUtils.java:logGet(46)) - raft.server.log.async-flush.enabled = false (default)
2025-05-13 07:49:55,706 [71ef9eda-5262-4d1b-adac-c492fef1176c-impl-thread1] INFO  server.RaftServerConfigKeys (ConfUtils.java:logGet(46)) - raft.server.log.statemachine.data.caching.enabled = false (default)
2025-05-13 07:49:55,706 [71ef9eda-5262-4d1b-adac-c492fef1176c-impl-thread1] INFO  server.RaftServer$Division (ServerState.java:setRaftConf(386)) - 71ef9eda-5262-4d1b-adac-c492fef1176c@group-8C541F4FD93A: set configuration conf: {index: 0, cur=peers:[71ef9eda-5262-4d1b-adac-c492fef1176c|pkrvmberfyhpb9w:15060]|listeners:[], old=null}
2025-05-13 07:49:55,706 [71ef9eda-5262-4d1b-adac-c492fef1176c-impl-thread1] INFO  segmented.LogSegment (LogSegment.java:loadSegment(171)) - Successfully read 1 entries from segment file /tmp/junit-11147300826352839826/scm-meta/scm-ha/a413fef4-798a-492c-a01f-8c541f4fd93a/current/log_inprogress_0
2025-05-13 07:49:55,706 [71ef9eda-5262-4d1b-adac-c492fef1176c-impl-thread1] INFO  segmented.SegmentedRaftLogWorker (SegmentedRaftLogWorker.java:lambda$new$0(139)) - 71ef9eda-5262-4d1b-adac-c492fef1176c@group-8C541F4FD93A-SegmentedRaftLogWorker: safeCacheEvictIndex: setUnconditionally 0 -> -1
2025-05-13 07:49:55,706 [71ef9eda-5262-4d1b-adac-c492fef1176c-impl-thread1] INFO  segmented.BufferedWriteChannel (BufferedWriteChannel.java:open(61)) - open log_inprogress_0 (append) at position 82
2025-05-13 07:49:55,707 [71ef9eda-5262-4d1b-adac-c492fef1176c-impl-thread1] INFO  server.RaftServer$Division (RaftServerImpl.java:start(391)) - 71ef9eda-5262-4d1b-adac-c492fef1176c@group-8C541F4FD93A: start as a follower, conf=conf: {index: 0, cur=peers:[71ef9eda-5262-4d1b-adac-c492fef1176c|pkrvmberfyhpb9w:15060]|listeners:[], old=null}
2025-05-13 07:49:55,707 [71ef9eda-5262-4d1b-adac-c492fef1176c-impl-thread1] INFO  server.RaftServer$Division (RaftServerImpl.java:setRole(378)) - 71ef9eda-5262-4d1b-adac-c492fef1176c@group-8C541F4FD93A: changes role from      null to FOLLOWER at term 1 for startAsFollower
2025-05-13 07:49:55,707 [71ef9eda-5262-4d1b-adac-c492fef1176c-impl-thread1] INFO  impl.RoleInfo (RoleInfo.java:updateAndGet(148)) - 71ef9eda-5262-4d1b-adac-c492fef1176c: start 71ef9eda-5262-4d1b-adac-c492fef1176c@group-8C541F4FD93A-FollowerState
2025-05-13 07:49:55,707 [71ef9eda-5262-4d1b-adac-c492fef1176c-impl-thread1] INFO  util.JmxRegister (JmxRegister.java:tryRegister(44)) - Successfully registered JMX Bean with object name Ratis:service=RaftServer,group=group-8C541F4FD93A,id=71ef9eda-5262-4d1b-adac-c492fef1176c
2025-05-13 07:49:55,707 [71ef9eda-5262-4d1b-adac-c492fef1176c-impl-thread1] INFO  util.JmxRegister (JmxRegister.java:register(58)) - register mxBean class org.apache.ratis.server.impl.RaftServerJmxAdapter as Ratis:service=RaftServer,group=group-8C541F4FD93A,id=71ef9eda-5262-4d1b-adac-c492fef1176c
2025-05-13 07:49:55,707 [71ef9eda-5262-4d1b-adac-c492fef1176c-impl-thread1] INFO  server.RaftServerConfigKeys (ConfUtils.java:logGet(46)) - raft.server.snapshot.trigger-when-stop.enabled = true (default)
2025-05-13 07:49:55,707 [71ef9eda-5262-4d1b-adac-c492fef1176c-impl-thread1] INFO  server.RaftServerConfigKeys (ConfUtils.java:logGet(46)) - raft.server.snapshot.trigger-when-remove.enabled = true (default)
2025-05-13 07:49:55,707 [71ef9eda-5262-4d1b-adac-c492fef1176c-impl-thread1] INFO  server.RaftServerConfigKeys (ConfUtils.java:logGet(46)) - raft.server.snapshot.auto.trigger.enabled = true (custom)
2025-05-13 07:49:55,707 [71ef9eda-5262-4d1b-adac-c492fef1176c-impl-thread1] INFO  server.RaftServerConfigKeys (ConfUtils.java:logGet(46)) - raft.server.snapshot.auto.trigger.threshold = 1000 (custom)
2025-05-13 07:49:55,707 [71ef9eda-5262-4d1b-adac-c492fef1176c-impl-thread1] INFO  server.RaftServerConfigKeys (ConfUtils.java:logGet(46)) - raft.server.snapshot.retention.file.num = -1 (default)
2025-05-13 07:49:55,707 [71ef9eda-5262-4d1b-adac-c492fef1176c-impl-thread1] INFO  server.RaftServerConfigKeys (ConfUtils.java:logGet(46)) - raft.server.log.purge.upto.snapshot.index = false (default)
2025-05-13 07:49:55,707 [71ef9eda-5262-4d1b-adac-c492fef1176c@group-8C541F4FD93A-FollowerState] INFO  server.RaftServerConfigKeys (ConfUtils.java:logFallback(53)) - raft.server.rpc.first-election.timeout.min = 5000ms (fallback to raft.server.rpc.timeout.min)
2025-05-13 07:49:55,708 [71ef9eda-5262-4d1b-adac-c492fef1176c@group-8C541F4FD93A-FollowerState] INFO  server.RaftServerConfigKeys (ConfUtils.java:logFallback(53)) - raft.server.rpc.first-election.timeout.max = 5200ms (fallback to raft.server.rpc.timeout.max)
2025-05-13 07:49:55,708 [71ef9eda-5262-4d1b-adac-c492fef1176c-impl-thread1] INFO  server.RaftServer$Division (RaftServerImpl.java:start(405)) - 71ef9eda-5262-4d1b-adac-c492fef1176c@group-8C541F4FD93A: Successfully started.
2025-05-13 07:49:55,708 [main] INFO  server.RaftServer (RaftServerProxy.java:startImpl(407)) - 71ef9eda-5262-4d1b-adac-c492fef1176c: start RPC server
2025-05-13 07:49:55,709 [main] INFO  server.GrpcService (GrpcService.java:startImpl(334)) - 71ef9eda-5262-4d1b-adac-c492fef1176c: GrpcService started, listening on 15060
2025-05-13 07:49:55,709 [main] INFO  ha.SCMHAManagerImpl (SCMHAManagerImpl.java:start(131)) -  scm role is FOLLOWER peers [71ef9eda-5262-4d1b-adac-c492fef1176c|pkrvmberfyhpb9w:15060]
2025-05-13 07:49:55,709 [main] INFO  ha.InterSCMGrpcService (InterSCMGrpcProtocolService.java:start(98)) - Starting SCM Grpc Service at port 15061
2025-05-13 07:49:55,710 [main] INFO  SCMHATransactionMonitor (BackgroundSCMService.java:start(64)) - Starting SCMHATransactionMonitor Service.
2025-05-13 07:49:55,709 [JvmPauseMonitor13] INFO  util.JvmPauseMonitor (JvmPauseMonitor.java:run(146)) - JvmPauseMonitor-71ef9eda-5262-4d1b-adac-c492fef1176c: Started
2025-05-13 07:49:55,710 [main] INFO  ha.SCMServiceManager (SCMServiceManager.java:register(42)) - Registering service SCMHATransactionMonitor.
2025-05-13 07:49:55,710 [main] INFO  SCMHATransactionMonitor (BackgroundSCMService.java:start(61)) - SCMHATransactionMonitor Service is already running, skip start.
2025-05-13 07:49:55,712 [main] WARN  impl.MetricsConfig (MetricsConfig.java:loadFirst(138)) - Cannot locate configuration: tried hadoop-metrics2-storagecontainermanager.properties,hadoop-metrics2.properties
2025-05-13 07:49:55,712 [main] INFO  impl.MetricsSystemImpl (MetricsSystemImpl.java:startTimer(378)) - Scheduled Metric snapshot period at 10 second(s).
2025-05-13 07:49:55,712 [main] INFO  impl.MetricsSystemImpl (MetricsSystemImpl.java:start(191)) - StorageContainerManager metrics system started
2025-05-13 07:49:55,735 [main] INFO  impl.MetricsSinkAdapter (MetricsSinkAdapter.java:start(204)) - Sink prometheus started
2025-05-13 07:49:55,736 [main] INFO  impl.MetricsSystemImpl (MetricsSystemImpl.java:registerSink(305)) - Registered sink prometheus
2025-05-13 07:49:55,752 [main] INFO  server.SCMClientProtocolServer (SCMClientProtocolServer.java:start(207)) - RPC server for Client  is listening at /0.0.0.0:15056
2025-05-13 07:49:55,752 [IPC Server Responder] INFO  ipc.Server (Server.java:run(1713)) - IPC Server Responder: starting
2025-05-13 07:49:55,753 [IPC Server listener on 15056] INFO  ipc.Server (Server.java:run(1553)) - IPC Server listener on 15056: starting
2025-05-13 07:49:55,765 [main] INFO  server.StorageContainerManager (StorageContainerManager.java:start(1520)) - ScmBlockLocationProtocol RPC server is listening at /0.0.0.0:15058
2025-05-13 07:49:55,765 [main] INFO  server.SCMBlockProtocolServer (SCMBlockProtocolServer.java:start(166)) - RPC server for Block Protocol is listening at /0.0.0.0:15058
2025-05-13 07:49:55,765 [IPC Server Responder] INFO  ipc.Server (Server.java:run(1713)) - IPC Server Responder: starting
2025-05-13 07:49:55,766 [IPC Server listener on 15058] INFO  ipc.Server (Server.java:run(1553)) - IPC Server listener on 15058: starting
2025-05-13 07:49:55,779 [main] INFO  server.SCMSecurityProtocolServer (SCMSecurityProtocolServer.java:start(503)) - Starting RPC server for SCMSecurityProtocolServer. is listening at /0.0.0.0:15059
2025-05-13 07:49:55,780 [IPC Server Responder] INFO  ipc.Server (Server.java:run(1713)) - IPC Server Responder: starting
2025-05-13 07:49:55,780 [IPC Server listener on 15059] INFO  ipc.Server (Server.java:run(1553)) - IPC Server listener on 15059: starting
2025-05-13 07:49:55,782 [main] INFO  http.BaseHttpServer (BaseHttpServer.java:newHttpServer2BuilderForOzone(229)) - Starting Web-server for scm at: http://0.0.0.0:9876
2025-05-13 07:49:55,782 [main] INFO  http.BaseHttpServer (BaseHttpServer.java:<init>(107)) - Hadoop Security Enabled: true Ozone Security Enabled: true Ozone HTTP Security Enabled: false 
2025-05-13 07:49:55,783 [main] WARN  server.AuthenticationFilter (AuthenticationFilter.java:constructSecretProvider(240)) - Unable to initialize FileSignerSecretProvider, falling back to use random secrets. Reason: Could not read signature secret file: /home/runner/hadoop-http-auth-signature-secret
2025-05-13 07:49:55,786 [main] INFO  http.HttpServer2 (HttpServer2.java:addGlobalFilter(1042)) - Added global filter 'safety' (class=org.apache.hadoop.hdds.server.http.HttpServer2$QuotingInputFilter)
2025-05-13 07:49:55,786 [main] INFO  http.HttpServer2 (HttpServer2.java:addFilter(1018)) - Added filter static_user_filter (class=org.apache.hadoop.http.lib.StaticUserWebFilter$StaticUserFilter) to context scm
2025-05-13 07:49:55,786 [main] INFO  http.HttpServer2 (HttpServer2.java:addFilter(1026)) - Added filter static_user_filter (class=org.apache.hadoop.http.lib.StaticUserWebFilter$StaticUserFilter) to context logs
2025-05-13 07:49:55,786 [main] INFO  http.HttpServer2 (HttpServer2.java:addFilter(1026)) - Added filter static_user_filter (class=org.apache.hadoop.http.lib.StaticUserWebFilter$StaticUserFilter) to context static
2025-05-13 07:49:55,787 [main] INFO  http.BaseHttpServer (BaseHttpServer.java:<init>(195)) - HTTP server of scm uses base directory /tmp/junit-11147300826352839826/scm-meta/webserver
2025-05-13 07:49:55,787 [main] INFO  http.HttpServer2 (HttpServer2.java:bindListener(1242)) - Jetty bound to port 9876
2025-05-13 07:49:55,787 [main] INFO  server.Server (Server.java:doStart(375)) - jetty-9.4.57.v20241219; built: 2025-01-08T21:24:30.412Z; git: df524e6b29271c2e09ba9aea83c18dc9db464a31; jvm 21.0.7+6-LTS
2025-05-13 07:49:55,789 [main] INFO  server.session (DefaultSessionIdManager.java:doStart(334)) - DefaultSessionIdManager workerName=node0
2025-05-13 07:49:55,789 [main] INFO  server.session (DefaultSessionIdManager.java:doStart(339)) - No SessionScavenger set, using defaults
2025-05-13 07:49:55,789 [main] INFO  server.session (HouseKeeper.java:startScavenging(132)) - node0 Scavenging every 600000ms
2025-05-13 07:49:55,790 [main] INFO  handler.ContextHandler (ContextHandler.java:doStart(921)) - Started o.e.j.s.ServletContextHandler@69f50fb5{logs,/logs,file:///home/runner/work/ozone/ozone/hadoop-ozone/integration-test/target/log,AVAILABLE}
2025-05-13 07:49:55,790 [main] INFO  handler.ContextHandler (ContextHandler.java:doStart(921)) - Started o.e.j.s.ServletContextHandler@68ccb865{static,/static,file:///home/runner/work/ozone/ozone/hadoop-ozone/integration-test/target/test-classes/webapps/static,AVAILABLE}
2025-05-13 07:49:55,795 [main] INFO  handler.ContextHandler (ContextHandler.java:doStart(921)) - Started o.e.j.w.WebAppContext@c833518{scm,/,file:///home/runner/work/ozone/ozone/hadoop-ozone/integration-test/target/test-classes/webapps/scm/,AVAILABLE}{file:/home/runner/work/ozone/ozone/hadoop-ozone/integration-test/target/test-classes/webapps/scm}
2025-05-13 07:49:55,796 [main] INFO  server.AbstractConnector (AbstractConnector.java:doStart(333)) - Started ServerConnector@445be104{HTTP/1.1, (http/1.1)}{0.0.0.0:9876}
2025-05-13 07:49:55,796 [main] INFO  server.Server (Server.java:doStart(415)) - Started @437766ms
2025-05-13 07:49:55,796 [main] WARN  impl.MetricsSystemImpl (MetricsSystemImpl.java:register(279)) - Sink prometheus already exists!
2025-05-13 07:49:55,796 [main] INFO  http.BaseHttpServer (BaseHttpServer.java:updateConnectorAddress(359)) - HTTP server of scm listening at http://0.0.0.0:9876
2025-05-13 07:49:55,804 [main] INFO  server.StorageContainerManager (StorageContainerManager.java:stop(1608)) - Container Balancer is not running.
2025-05-13 07:49:55,805 [main] INFO  server.StorageContainerManager (StorageContainerManager.java:stopReplicationManager(1742)) - Stopping Replication Manager Service.
2025-05-13 07:49:55,805 [main] INFO  replication.ReplicationManager (ReplicationManager.java:stop(316)) - Stopping Replication Monitor Thread.
2025-05-13 07:49:55,805 [main] INFO  server.StorageContainerManager (StorageContainerManager.java:stop(1617)) - Stopping the Datanode Admin Monitor.
2025-05-13 07:49:55,805 [pool-383-thread-1] INFO  request.TgsRequest (TgsRequest.java:issueTicket(117)) - TGS_REQ ISSUE: authtime 1747122595805,om/pkrvmberfyhpb9w.internal.cloudapp.net@EXAMPLE.COM for om/pkrvmberfyhpb9w.internal.cloudapp.net@EXAMPLE.COM
2025-05-13 07:49:55,805 [main] INFO  server.StorageContainerManager (StorageContainerManager.java:stop(1624)) - Stopping datanode service RPC server
2025-05-13 07:49:55,805 [main] INFO  server.SCMDatanodeProtocolServer (SCMDatanodeProtocolServer.java:stop(447)) - Stopping the RPC server for DataNodes
2025-05-13 07:49:55,805 [main] INFO  ipc.Server (Server.java:stop(3697)) - Stopping server on 15057
2025-05-13 07:49:55,805 [UnderReplicatedProcessor] WARN  replication.UnhealthyReplicationProcessor (UnhealthyReplicationProcessor.java:run(178)) - UnderReplicatedProcessor interrupted. Exiting...
2025-05-13 07:49:55,805 [OverReplicatedProcessor] WARN  replication.UnhealthyReplicationProcessor (UnhealthyReplicationProcessor.java:run(178)) - OverReplicatedProcessor interrupted. Exiting...
2025-05-13 07:49:55,805 [ReplicationMonitor] INFO  replication.ReplicationManager (ReplicationManager.java:run(936)) - Replication Monitor Thread is stopped
2025-05-13 07:49:55,811 [Socket Reader #1 for port 15059] INFO  ipc.Server (Server.java:saslProcess(2290)) - Auth successful for om/pkrvmberfyhpb9w.internal.cloudapp.net@EXAMPLE.COM (auth:KERBEROS) from 127.0.0.1:39396
2025-05-13 07:49:55,813 [IPC Server handler 0 on default port 15059] INFO  ipc.Server (Server.java:logException(3260)) - IPC Server handler 0 on default port 15059, call Call#13 Retry#0 org.apache.hadoop.hdds.protocol.SCMSecurityProtocol.submitRequest from 127.0.0.1:39396
org.apache.hadoop.hdds.ratis.ServerNotLeaderException: SCM Server:71ef9eda-5262-4d1b-adac-c492fef1176c(pkrvmberfyhpb9w.internal.cloudapp.net) is not the leader. Could not determine the leader node.
	at org.apache.hadoop.hdds.ratis.ServerNotLeaderException.convertToNotLeaderException(ServerNotLeaderException.java:106)
	at org.apache.hadoop.hdds.scm.ha.RatisUtil.checkRatisException(RatisUtil.java:248)
	at org.apache.hadoop.hdds.scm.protocol.SCMSecurityProtocolServerSideTranslatorPB.submitRequest(SCMSecurityProtocolServerSideTranslatorPB.java:83)
	at org.apache.hadoop.hdds.protocol.proto.SCMSecurityProtocolProtos$SCMSecurityProtocolService$2.callBlockingMethod(SCMSecurityProtocolProtos.java:18942)
	at org.apache.hadoop.ipc.ProtobufRpcEngine$Server.processCall(ProtobufRpcEngine.java:484)
	at org.apache.hadoop.ipc.ProtobufRpcEngine2$Server$ProtoBufRpcInvoker.call(ProtobufRpcEngine2.java:595)
	at org.apache.hadoop.ipc.ProtobufRpcEngine2$Server$ProtoBufRpcInvoker.call(ProtobufRpcEngine2.java:573)
	at org.apache.hadoop.ipc.RPC$Server.call(RPC.java:1227)
	at org.apache.hadoop.ipc.Server$RpcCall.run(Server.java:1246)
	at org.apache.hadoop.ipc.Server$RpcCall.run(Server.java:1169)
	at java.base/java.security.AccessController.doPrivileged(AccessController.java:714)
	at java.base/javax.security.auth.Subject.doAs(Subject.java:525)
	at org.apache.hadoop.security.UserGroupInformation.doAs(UserGroupInformation.java:1953)
	at org.apache.hadoop.ipc.Server$Handler.run(Server.java:3198)
2025-05-13 07:49:55,874 [SCMHeartbeatProcessor-0] WARN  node.NodeStateManager (NodeStateManager.java:scheduleNextHealthCheck(909)) - Current Thread is interrupted, shutting down HB processing thread for Node Manager.
2025-05-13 07:49:55,874 [main] INFO  server.StorageContainerManager (StorageContainerManager.java:stop(1632)) - Stopping block service RPC server
2025-05-13 07:49:55,875 [main] INFO  server.SCMBlockProtocolServer (SCMBlockProtocolServer.java:stop(175)) - Stopping the RPC server for Block Protocol
2025-05-13 07:49:55,875 [main] INFO  ipc.Server (Server.java:stop(3697)) - Stopping server on 15058
2025-05-13 07:49:55,879 [IPC Server Responder] INFO  ipc.Server (Server.java:run(1718)) - Stopping IPC Server Responder
2025-05-13 07:49:55,879 [main] INFO  server.StorageContainerManager (StorageContainerManager.java:stop(1639)) - Stopping the StorageContainerLocationProtocol RPC server
2025-05-13 07:49:55,879 [IPC Server listener on 15058] INFO  ipc.Server (Server.java:run(1585)) - Stopping IPC Server listener on 15058
2025-05-13 07:49:55,879 [main] INFO  server.SCMClientProtocolServer (SCMClientProtocolServer.java:stop(216)) - Stopping the RPC server for Client Protocol
2025-05-13 07:49:55,879 [main] INFO  ipc.Server (Server.java:stop(3697)) - Stopping server on 15056
2025-05-13 07:49:55,883 [IPC Server listener on 15056] INFO  ipc.Server (Server.java:run(1585)) - Stopping IPC Server listener on 15056
2025-05-13 07:49:55,883 [IPC Server Responder] INFO  ipc.Server (Server.java:run(1718)) - Stopping IPC Server Responder
2025-05-13 07:49:55,884 [main] INFO  server.StorageContainerManager (StorageContainerManager.java:stop(1646)) - Stopping Storage Container Manager HTTP server.
2025-05-13 07:49:55,885 [main] INFO  handler.ContextHandler (ContextHandler.java:doStop(1159)) - Stopped o.e.j.w.WebAppContext@c833518{scm,/,null,STOPPED}{file:/home/runner/work/ozone/ozone/hadoop-ozone/integration-test/target/test-classes/webapps/scm}
2025-05-13 07:49:55,886 [main] INFO  server.AbstractConnector (AbstractConnector.java:doStop(383)) - Stopped ServerConnector@445be104{HTTP/1.1, (http/1.1)}{0.0.0.0:9876}
2025-05-13 07:49:55,886 [main] INFO  server.session (HouseKeeper.java:stopScavenging(149)) - node0 Stopped scavenging
2025-05-13 07:49:55,887 [main] INFO  handler.ContextHandler (ContextHandler.java:doStop(1159)) - Stopped o.e.j.s.ServletContextHandler@68ccb865{static,/static,file:///home/runner/work/ozone/ozone/hadoop-ozone/integration-test/target/test-classes/webapps/static,STOPPED}
2025-05-13 07:49:55,887 [main] INFO  handler.ContextHandler (ContextHandler.java:doStop(1159)) - Stopped o.e.j.s.ServletContextHandler@69f50fb5{logs,/logs,file:///home/runner/work/ozone/ozone/hadoop-ozone/integration-test/target/log,STOPPED}
2025-05-13 07:49:55,888 [main] INFO  server.StorageContainerManager (StorageContainerManager.java:stop(1654)) - Stopping SCM LayoutVersionManager Service.
2025-05-13 07:49:55,888 [main] INFO  server.SCMSecurityProtocolServer (SCMSecurityProtocolServer.java:stop(510)) - Stopping the SCMSecurityProtocolServer.
2025-05-13 07:49:55,888 [main] INFO  ipc.Server (Server.java:stop(3697)) - Stopping server on 15059
2025-05-13 07:49:55,888 [IPC Server listener on 15059] INFO  ipc.Server (Server.java:run(1585)) - Stopping IPC Server listener on 15059
2025-05-13 07:49:55,889 [main] INFO  server.StorageContainerManager (StorageContainerManager.java:stop(1666)) - Stopping Block Manager Service.
2025-05-13 07:49:55,889 [main] INFO  utils.BackgroundService (BackgroundService.java:shutdown(160)) - Shutting down service SCMBlockDeletingService
2025-05-13 07:49:55,889 [main] INFO  utils.BackgroundService (BackgroundService.java:shutdown(160)) - Shutting down service SCMBlockDeletingService
2025-05-13 07:49:55,889 [IPC Server Responder] INFO  ipc.Server (Server.java:run(1718)) - Stopping IPC Server Responder
2025-05-13 07:49:55,889 [main] INFO  server.StorageContainerManager (StorageContainerManager.java:stop(1691)) - Stopping SCM Event Queue.
2025-05-13 07:49:55,890 [main] INFO  server.StorageContainerManager (StorageContainerManager.java:stop(1698)) - Stopping SCM HA services.
2025-05-13 07:49:55,890 [main] INFO  ha.SCMRatisServerImpl (SCMRatisServerImpl.java:stop(266)) - stopping ratis server 0.0.0.0:15060
2025-05-13 07:49:55,890 [main] INFO  server.RaftServer (RaftServerProxy.java:lambda$close$9(417)) - 71ef9eda-5262-4d1b-adac-c492fef1176c: close
2025-05-13 07:49:55,890 [main] INFO  server.GrpcService (GrpcService.java:closeImpl(343)) - 71ef9eda-5262-4d1b-adac-c492fef1176c: shutdown server GrpcServerProtocolService now
2025-05-13 07:49:55,891 [71ef9eda-5262-4d1b-adac-c492fef1176c-impl-thread1] INFO  server.RaftServer$Division (RaftServerImpl.java:lambda$close$1(513)) - 71ef9eda-5262-4d1b-adac-c492fef1176c@group-8C541F4FD93A: shutdown
2025-05-13 07:49:55,891 [71ef9eda-5262-4d1b-adac-c492fef1176c-impl-thread1] INFO  util.JmxRegister (JmxRegister.java:unregister(74)) - Successfully un-registered JMX Bean with object name Ratis:service=RaftServer,group=group-8C541F4FD93A,id=71ef9eda-5262-4d1b-adac-c492fef1176c
2025-05-13 07:49:55,891 [71ef9eda-5262-4d1b-adac-c492fef1176c-impl-thread1] INFO  impl.RoleInfo (RoleInfo.java:shutdownFollowerState(121)) - 71ef9eda-5262-4d1b-adac-c492fef1176c: shutdown 71ef9eda-5262-4d1b-adac-c492fef1176c@group-8C541F4FD93A-FollowerState
2025-05-13 07:49:55,891 [71ef9eda-5262-4d1b-adac-c492fef1176c-impl-thread1] INFO  impl.StateMachineUpdater (StateMachineUpdater.java:stopAndJoin(164)) - 71ef9eda-5262-4d1b-adac-c492fef1176c@group-8C541F4FD93A-StateMachineUpdater: set stopIndex = -1
2025-05-13 07:49:55,891 [71ef9eda-5262-4d1b-adac-c492fef1176c@group-8C541F4FD93A-StateMachineUpdater] INFO  impl.StateMachineUpdater (StateMachineUpdater.java:stop(141)) - 71ef9eda-5262-4d1b-adac-c492fef1176c@group-8C541F4FD93A-StateMachineUpdater: closing SCMStateMachine, lastApplied=(t:0, i:~)
2025-05-13 07:49:55,891 [main] INFO  server.GrpcService (GrpcService.java:closeImpl(352)) - 71ef9eda-5262-4d1b-adac-c492fef1176c: shutdown server GrpcServerProtocolService successfully
2025-05-13 07:49:55,891 [71ef9eda-5262-4d1b-adac-c492fef1176c@group-8C541F4FD93A-FollowerState] INFO  impl.FollowerState (FollowerState.java:runImpl(170)) - 71ef9eda-5262-4d1b-adac-c492fef1176c@group-8C541F4FD93A-FollowerState was interrupted
2025-05-13 07:49:55,892 [71ef9eda-5262-4d1b-adac-c492fef1176c@group-8C541F4FD93A-cacheEviction-AwaitToRun] INFO  util.AwaitToRun (AwaitToRun.java:run(49)) - 71ef9eda-5262-4d1b-adac-c492fef1176c@group-8C541F4FD93A-cacheEviction-AwaitToRun-AwaitForSignal is interrupted
2025-05-13 07:49:56,707 [71ef9eda-5262-4d1b-adac-c492fef1176c-impl-thread1] INFO  segmented.SegmentedRaftLogWorker (SegmentedRaftLogWorker.java:close(252)) - 71ef9eda-5262-4d1b-adac-c492fef1176c@group-8C541F4FD93A-SegmentedRaftLogWorker close()
2025-05-13 07:49:56,707 [JvmPauseMonitor13] INFO  util.JvmPauseMonitor (JvmPauseMonitor.java:run(152)) - JvmPauseMonitor-71ef9eda-5262-4d1b-adac-c492fef1176c: Stopped
2025-05-13 07:49:56,708 [main] INFO  SCMHATransactionMonitor (BackgroundSCMService.java:stop(127)) - Stopping SCMHATransactionMonitor Service.
2025-05-13 07:49:56,708 [SCMHATransactionMonitor] WARN  SCMHATransactionMonitor (BackgroundSCMService.java:run(111)) - SCMHATransactionMonitor is interrupted, exit
2025-05-13 07:49:56,708 [main] INFO  pipeline.BackgroundPipelineCreator (BackgroundPipelineCreator.java:stop(154)) - Stopping RatisPipelineUtilsThread.
2025-05-13 07:49:56,708 [RatisPipelineUtilsThread-0] WARN  pipeline.BackgroundPipelineCreator (BackgroundPipelineCreator.java:run(185)) - RatisPipelineUtilsThread is interrupted.
2025-05-13 07:49:56,708 [main] INFO  BackgroundPipelineScrubber (BackgroundSCMService.java:stop(127)) - Stopping BackgroundPipelineScrubber Service.
2025-05-13 07:49:56,708 [BackgroundPipelineScrubber] WARN  BackgroundPipelineScrubber (BackgroundSCMService.java:run(111)) - BackgroundPipelineScrubber is interrupted, exit
2025-05-13 07:49:56,708 [main] INFO  impl.MetricsSystemImpl (MetricsSystemImpl.java:stop(210)) - Stopping StorageContainerManager metrics system...
2025-05-13 07:49:56,709 [prometheus] INFO  impl.MetricsSinkAdapter (MetricsSinkAdapter.java:publishMetricsFromQueue(141)) - prometheus thread interrupted.
2025-05-13 07:49:56,709 [main] INFO  impl.MetricsSystemImpl (MetricsSystemImpl.java:stop(216)) - StorageContainerManager metrics system stopped.
2025-05-13 07:49:56,710 [main] WARN  pipeline.BackgroundPipelineCreator (BackgroundPipelineCreator.java:stop(150)) - RatisPipelineUtilsThread is not running, just ignore.
2025-05-13 07:49:56,710 [main] INFO  BackgroundPipelineScrubber (BackgroundSCMService.java:stop(122)) - BackgroundPipelineScrubber Service is not running, skip stop.
2025-05-13 07:49:56,710 [main] INFO  ExpiredContainerReplicaOpScrubber (BackgroundSCMService.java:stop(127)) - Stopping ExpiredContainerReplicaOpScrubber Service.
2025-05-13 07:49:56,710 [ExpiredContainerReplicaOpScrubber] WARN  ExpiredContainerReplicaOpScrubber (BackgroundSCMService.java:run(111)) - ExpiredContainerReplicaOpScrubber is interrupted, exit
2025-05-13 07:49:56,710 [main] INFO  utils.BackgroundService (BackgroundService.java:shutdown(160)) - Shutting down service SCMBlockDeletingService
2025-05-13 07:49:56,710 [main] INFO  replication.ReplicationManager (ReplicationManager.java:stop(323)) - Replication Monitor Thread is not running.
2025-05-13 07:49:56,710 [main] WARN  balancer.ContainerBalancer (ContainerBalancer.java:stop(350)) - Cannot stop Container Balancer because it's not running or stopping
2025-05-13 07:49:56,710 [main] INFO  SCMHATransactionMonitor (BackgroundSCMService.java:stop(122)) - SCMHATransactionMonitor Service is not running, skip stop.
2025-05-13 07:49:56,710 [main] INFO  server.StorageContainerManager (StorageContainerManager.java:stop(1733)) - Stopping SCM MetadataStore.
2025-05-13 07:49:56,711 [71ef9eda-5262-4d1b-adac-c492fef1176c-scm/sub-ca-refreshCACertificates] ERROR util.ExitUtils (ExitUtils.java:terminate(133)) - Terminating with exit status -1: Thread[#3001,71ef9eda-5262-4d1b-adac-c492fef1176c-scm/sub-ca-refreshCACertificates,5,main] has thrown an uncaught exception
java.lang.reflect.UndeclaredThrowableException
	at jdk.proxy2/jdk.proxy2.$Proxy45.submitRequest(Unknown Source)
	at org.apache.hadoop.hdds.protocolPB.SCMSecurityProtocolClientSideTranslatorPB.submitRequest(SCMSecurityProtocolClientSideTranslatorPB.java:93)
	at org.apache.hadoop.hdds.protocolPB.SCMSecurityProtocolClientSideTranslatorPB.getAllRootCaCertificates(SCMSecurityProtocolClientSideTranslatorPB.java:382)
	at org.apache.hadoop.hdds.security.x509.certificate.client.SCMCertificateClient$RefreshCACertificates.run(SCMCertificateClient.java:238)
	at java.base/java.util.concurrent.ThreadPoolExecutor.runWorker(ThreadPoolExecutor.java:1144)
	at java.base/java.util.concurrent.ThreadPoolExecutor$Worker.run(ThreadPoolExecutor.java:642)
	at java.base/java.lang.Thread.run(Thread.java:1583)
Caused by: java.io.InterruptedIOException: Retry interrupted
	at org.apache.hadoop.io.retry.RetryInvocationHandler$Call.processWaitTimeAndRetryInfo(RetryInvocationHandler.java:141)
	at org.apache.hadoop.io.retry.RetryInvocationHandler$Call.invokeOnce(RetryInvocationHandler.java:112)
	at org.apache.hadoop.io.retry.RetryInvocationHandler.invoke(RetryInvocationHandler.java:366)
	... 7 more
Caused by: java.lang.InterruptedException: sleep interrupted
	at java.base/java.lang.Thread.sleep0(Native Method)
	at java.base/java.lang.Thread.sleep(Thread.java:509)
	at org.apache.hadoop.io.retry.RetryInvocationHandler$Call.processWaitTimeAndRetryInfo(RetryInvocationHandler.java:135)
	... 9 more
2025-05-13 07:49:56,711 [LeaseManager#LeaseMonitor] WARN  lease.LeaseManager (LeaseManager.java:run(285)) - Lease manager is interrupted. Shutting down...
java.lang.InterruptedException
	at java.base/java.util.concurrent.locks.AbstractQueuedSynchronizer.tryAcquireSharedNanos(AbstractQueuedSynchronizer.java:1133)
	at java.base/java.util.concurrent.Semaphore.tryAcquire(Semaphore.java:415)
	at org.apache.hadoop.ozone.lease.LeaseManager$LeaseMonitor.run(LeaseManager.java:283)
	at java.base/java.lang.Thread.run(Thread.java:1583)
2025-05-13 07:49:56,714 [main] INFO  impl.DefaultInternalKdcServerImpl (DefaultInternalKdcServerImpl.java:doStop(102)) - Default Internal kdc server stopped.
2025-05-13 07:49:57,579 [om1-om-CertificateRenewerService] INFO  retry.RetryInvocationHandler (RetryInvocationHandler.java:log(426)) - com.google.protobuf.ServiceException: java.net.ConnectException: Call From pkrvmberfyhpb9w/10.1.0.36 to localhost:15024 failed on connection exception: java.net.ConnectException: Connection refused; For more details see:  http://wiki.apache.org/hadoop/ConnectionRefused, while invoking $Proxy45.submitRequest over nodeId=scmNodeId,nodeAddress=localhost/127.0.0.1:15024 after 195 failover attempts. Trying to failover after sleeping for 2000ms. Current retry count: 195.
2025-05-13 07:49:57,715 [main] INFO  minikdc.MiniKdc (MiniKdc.java:stop(359)) - MiniKdc stopped.
2025-05-13 07:49:57,715 [main] INFO  server.StorageContainerManager (StorageContainerManager.java:stop(1597)) - Storage Container Manager is not running.
2025-05-13 07:49:57,715 [main] INFO  server.StorageContainerManager (StorageContainerManager.java:stopReplicationManager(1742)) - Stopping Replication Manager Service.
2025-05-13 07:49:57,715 [main] INFO  replication.ReplicationManager (ReplicationManager.java:stop(323)) - Replication Monitor Thread is not running.
2025-05-13 07:49:57,715 [main] INFO  server.SCMSecurityProtocolServer (SCMSecurityProtocolServer.java:join(519)) - Join RPC server for SCMSecurityProtocolServer.
2025-05-13 07:49:57,715 [main] INFO  server.SCMSecurityProtocolServer (SCMSecurityProtocolServer.java:join(521)) - Join gRPC server for SCMSecurityProtocolServer.
]]></system-out>
    <system-err><![CDATA[====> testAccessControlExceptionOnClient() TIMED OUT. PRINTING THREAD DUMP. <====

Timestamp: 2025-05-13 07:49:49,095

"om1-OMDoubleBufferFlushThread" daemon prio=5 tid=776 timed_waiting
java.lang.Thread.State: TIMED_WAITING
        at java.base@21.0.7/java.lang.Object.wait0(Native Method)
        at java.base@21.0.7/java.lang.Object.wait(Object.java:366)
        at app//org.apache.hadoop.ozone.om.ratis.OzoneManagerDoubleBuffer.canFlush(OzoneManagerDoubleBuffer.java:547)
        at app//org.apache.hadoop.ozone.om.ratis.OzoneManagerDoubleBuffer.flushTransactions(OzoneManagerDoubleBuffer.java:279)
        at app//org.apache.hadoop.ozone.om.ratis.OzoneManagerDoubleBuffer$$Lambda/0x00007fe5088b6dc0.run(Unknown Source)
        at java.base@21.0.7/java.lang.Thread.runWith(Thread.java:1596)
        at java.base@21.0.7/java.lang.Thread.run(Thread.java:1583)
"timer4" daemon prio=5 tid=1554 in Object.wait()
java.lang.Thread.State: WAITING (on object monitor)
        at java.base@21.0.7/java.lang.Object.wait0(Native Method)
        at java.base@21.0.7/java.lang.Object.wait(Object.java:366)
        at java.base@21.0.7/java.lang.Object.wait(Object.java:339)
        at java.base@21.0.7/java.util.TimerThread.mainLoop(Timer.java:537)
        at java.base@21.0.7/java.util.TimerThread.run(Timer.java:516)
"bucketTable_FullTableCache-Cleanup-0" daemon prio=5 tid=1089 timed_waiting
java.lang.Thread.State: TIMED_WAITING
        at java.base@21.0.7/jdk.internal.misc.Unsafe.park(Native Method)
        at java.base@21.0.7/java.util.concurrent.locks.LockSupport.parkNanos(LockSupport.java:269)
        at java.base@21.0.7/java.util.concurrent.locks.AbstractQueuedSynchronizer$ConditionObject.awaitNanos(AbstractQueuedSynchronizer.java:1763)
        at java.base@21.0.7/java.util.concurrent.ScheduledThreadPoolExecutor$DelayedWorkQueue.take(ScheduledThreadPoolExecutor.java:1182)
        at java.base@21.0.7/java.util.concurrent.ScheduledThreadPoolExecutor$DelayedWorkQueue.take(ScheduledThreadPoolExecutor.java:899)
        at java.base@21.0.7/java.util.concurrent.ThreadPoolExecutor.getTask(ThreadPoolExecutor.java:1070)
        at java.base@21.0.7/java.util.concurrent.ThreadPoolExecutor.runWorker(ThreadPoolExecutor.java:1130)
        at java.base@21.0.7/java.util.concurrent.ThreadPoolExecutor$Worker.run(ThreadPoolExecutor.java:642)
        at java.base@21.0.7/java.lang.Thread.runWith(Thread.java:1596)
        at java.base@21.0.7/java.lang.Thread.run(Thread.java:1583)
"CompactionDagPruningService" daemon prio=5 tid=1087 timed_waiting
java.lang.Thread.State: TIMED_WAITING
        at java.base@21.0.7/jdk.internal.misc.Unsafe.park(Native Method)
        at java.base@21.0.7/java.util.concurrent.locks.LockSupport.parkNanos(LockSupport.java:269)
        at java.base@21.0.7/java.util.concurrent.locks.AbstractQueuedSynchronizer$ConditionObject.awaitNanos(AbstractQueuedSynchronizer.java:1763)
        at java.base@21.0.7/java.util.concurrent.ScheduledThreadPoolExecutor$DelayedWorkQueue.take(ScheduledThreadPoolExecutor.java:1182)
        at java.base@21.0.7/java.util.concurrent.ScheduledThreadPoolExecutor$DelayedWorkQueue.take(ScheduledThreadPoolExecutor.java:899)
        at java.base@21.0.7/java.util.concurrent.ThreadPoolExecutor.getTask(ThreadPoolExecutor.java:1070)
        at java.base@21.0.7/java.util.concurrent.ThreadPoolExecutor.runWorker(ThreadPoolExecutor.java:1130)
        at java.base@21.0.7/java.util.concurrent.ThreadPoolExecutor$Worker.run(ThreadPoolExecutor.java:642)
        at java.base@21.0.7/java.lang.Thread.runWith(Thread.java:1596)
        at java.base@21.0.7/java.lang.Thread.run(Thread.java:1583)
"SnapshotCacheCleanupService" daemon prio=5 tid=1940 timed_waiting
java.lang.Thread.State: TIMED_WAITING
        at java.base@21.0.7/jdk.internal.misc.Unsafe.park(Native Method)
        at java.base@21.0.7/java.util.concurrent.locks.LockSupport.parkNanos(LockSupport.java:269)
        at java.base@21.0.7/java.util.concurrent.locks.AbstractQueuedSynchronizer$ConditionObject.awaitNanos(AbstractQueuedSynchronizer.java:1763)
        at java.base@21.0.7/java.util.concurrent.ScheduledThreadPoolExecutor$DelayedWorkQueue.take(ScheduledThreadPoolExecutor.java:1182)
        at java.base@21.0.7/java.util.concurrent.ScheduledThreadPoolExecutor$DelayedWorkQueue.take(ScheduledThreadPoolExecutor.java:899)
        at java.base@21.0.7/java.util.concurrent.ThreadPoolExecutor.getTask(ThreadPoolExecutor.java:1070)
        at java.base@21.0.7/java.util.concurrent.ThreadPoolExecutor.runWorker(ThreadPoolExecutor.java:1130)
        at java.base@21.0.7/java.util.concurrent.ThreadPoolExecutor$Worker.run(ThreadPoolExecutor.java:642)
        at java.base@21.0.7/java.lang.Thread.runWith(Thread.java:1596)
        at java.base@21.0.7/java.lang.Thread.run(Thread.java:1583)
"LeakDetector-ManagedRocksObject0" daemon prio=5 tid=51 in Object.wait()
java.lang.Thread.State: WAITING (on object monitor)
        at java.base@21.0.7/jdk.internal.misc.Unsafe.park(Native Method)
        at java.base@21.0.7/java.util.concurrent.locks.LockSupport.park(LockSupport.java:371)
        at java.base@21.0.7/java.util.concurrent.locks.AbstractQueuedSynchronizer$ConditionNode.block(AbstractQueuedSynchronizer.java:519)
        at java.base@21.0.7/java.util.concurrent.ForkJoinPool.unmanagedBlock(ForkJoinPool.java:3780)
        at java.base@21.0.7/java.util.concurrent.ForkJoinPool.managedBlock(ForkJoinPool.java:3725)
        at java.base@21.0.7/java.util.concurrent.locks.AbstractQueuedSynchronizer$ConditionObject.await(AbstractQueuedSynchronizer.java:1712)
        at java.base@21.0.7/java.lang.ref.ReferenceQueue.await(ReferenceQueue.java:67)
        at java.base@21.0.7/java.lang.ref.ReferenceQueue.remove0(ReferenceQueue.java:158)
        at java.base@21.0.7/java.lang.ref.ReferenceQueue.remove(ReferenceQueue.java:234)
        at app//org.apache.hadoop.hdds.utils.LeakDetector.run(LeakDetector.java:79)
        at app//org.apache.hadoop.hdds.utils.LeakDetector$$Lambda/0x00007fe5085f8400.run(Unknown Source)
        at java.base@21.0.7/java.lang.Thread.runWith(Thread.java:1596)
        at java.base@21.0.7/java.lang.Thread.run(Thread.java:1583)
"SnapshotCacheCleanupService" daemon prio=5 tid=2265 timed_waiting
java.lang.Thread.State: TIMED_WAITING
        at java.base@21.0.7/jdk.internal.misc.Unsafe.park(Native Method)
        at java.base@21.0.7/java.util.concurrent.locks.LockSupport.parkNanos(LockSupport.java:269)
        at java.base@21.0.7/java.util.concurrent.locks.AbstractQueuedSynchronizer$ConditionObject.awaitNanos(AbstractQueuedSynchronizer.java:1763)
        at java.base@21.0.7/java.util.concurrent.ScheduledThreadPoolExecutor$DelayedWorkQueue.take(ScheduledThreadPoolExecutor.java:1182)
        at java.base@21.0.7/java.util.concurrent.ScheduledThreadPoolExecutor$DelayedWorkQueue.take(ScheduledThreadPoolExecutor.java:899)
        at java.base@21.0.7/java.util.concurrent.ThreadPoolExecutor.getTask(ThreadPoolExecutor.java:1070)
        at java.base@21.0.7/java.util.concurrent.ThreadPoolExecutor.runWorker(ThreadPoolExecutor.java:1130)
        at java.base@21.0.7/java.util.concurrent.ThreadPoolExecutor$Worker.run(ThreadPoolExecutor.java:642)
        at java.base@21.0.7/java.lang.Thread.runWith(Thread.java:1596)
        at java.base@21.0.7/java.lang.Thread.run(Thread.java:1583)
"grpc-shared-destroyer-0" daemon prio=5 tid=473 timed_waiting
java.lang.Thread.State: TIMED_WAITING
        at java.base@21.0.7/jdk.internal.misc.Unsafe.park(Native Method)
        at java.base@21.0.7/java.util.concurrent.locks.LockSupport.parkNanos(LockSupport.java:269)
        at java.base@21.0.7/java.util.concurrent.locks.AbstractQueuedSynchronizer$ConditionObject.awaitNanos(AbstractQueuedSynchronizer.java:1763)
        at java.base@21.0.7/java.util.concurrent.ScheduledThreadPoolExecutor$DelayedWorkQueue.take(ScheduledThreadPoolExecutor.java:1182)
        at java.base@21.0.7/java.util.concurrent.ScheduledThreadPoolExecutor$DelayedWorkQueue.take(ScheduledThreadPoolExecutor.java:899)
        at java.base@21.0.7/java.util.concurrent.ThreadPoolExecutor.getTask(ThreadPoolExecutor.java:1070)
        at java.base@21.0.7/java.util.concurrent.ThreadPoolExecutor.runWorker(ThreadPoolExecutor.java:1130)
        at java.base@21.0.7/java.util.concurrent.ThreadPoolExecutor$Worker.run(ThreadPoolExecutor.java:642)
        at java.base@21.0.7/java.lang.Thread.runWith(Thread.java:1596)
        at java.base@21.0.7/java.lang.Thread.run(Thread.java:1583)
"CompactionDagPruningService" daemon prio=5 tid=2262 timed_waiting
java.lang.Thread.State: TIMED_WAITING
        at java.base@21.0.7/jdk.internal.misc.Unsafe.park(Native Method)
        at java.base@21.0.7/java.util.concurrent.locks.LockSupport.parkNanos(LockSupport.java:269)
        at java.base@21.0.7/java.util.concurrent.locks.AbstractQueuedSynchronizer$ConditionObject.awaitNanos(AbstractQueuedSynchronizer.java:1763)
        at java.base@21.0.7/java.util.concurrent.ScheduledThreadPoolExecutor$DelayedWorkQueue.take(ScheduledThreadPoolExecutor.java:1182)
        at java.base@21.0.7/java.util.concurrent.ScheduledThreadPoolExecutor$DelayedWorkQueue.take(ScheduledThreadPoolExecutor.java:899)
        at java.base@21.0.7/java.util.concurrent.ThreadPoolExecutor.getTask(ThreadPoolExecutor.java:1070)
        at java.base@21.0.7/java.util.concurrent.ThreadPoolExecutor.runWorker(ThreadPoolExecutor.java:1130)
        at java.base@21.0.7/java.util.concurrent.ThreadPoolExecutor$Worker.run(ThreadPoolExecutor.java:642)
        at java.base@21.0.7/java.lang.Thread.runWith(Thread.java:1596)
        at java.base@21.0.7/java.lang.Thread.run(Thread.java:1583)
"om1-SnapshotDiffCleanupService#0" daemon prio=5 tid=1941 timed_waiting
java.lang.Thread.State: TIMED_WAITING
        at java.base@21.0.7/jdk.internal.misc.Unsafe.park(Native Method)
        at java.base@21.0.7/java.util.concurrent.locks.LockSupport.parkNanos(LockSupport.java:269)
        at java.base@21.0.7/java.util.concurrent.locks.AbstractQueuedSynchronizer$ConditionObject.awaitNanos(AbstractQueuedSynchronizer.java:1763)
        at java.base@21.0.7/java.util.concurrent.ScheduledThreadPoolExecutor$DelayedWorkQueue.take(ScheduledThreadPoolExecutor.java:1182)
        at java.base@21.0.7/java.util.concurrent.ScheduledThreadPoolExecutor$DelayedWorkQueue.take(ScheduledThreadPoolExecutor.java:899)
        at java.base@21.0.7/java.util.concurrent.ThreadPoolExecutor.getTask(ThreadPoolExecutor.java:1070)
        at java.base@21.0.7/java.util.concurrent.ThreadPoolExecutor.runWorker(ThreadPoolExecutor.java:1130)
        at java.base@21.0.7/java.util.concurrent.ThreadPoolExecutor$Worker.run(ThreadPoolExecutor.java:642)
        at java.base@21.0.7/java.lang.Thread.runWith(Thread.java:1596)
        at java.base@21.0.7/java.lang.Thread.run(Thread.java:1583)
"CompactionDagPruningService" daemon prio=5 tid=769 timed_waiting
java.lang.Thread.State: TIMED_WAITING
        at java.base@21.0.7/jdk.internal.misc.Unsafe.park(Native Method)
        at java.base@21.0.7/java.util.concurrent.locks.LockSupport.parkNanos(LockSupport.java:269)
        at java.base@21.0.7/java.util.concurrent.locks.AbstractQueuedSynchronizer$ConditionObject.awaitNanos(AbstractQueuedSynchronizer.java:1763)
        at java.base@21.0.7/java.util.concurrent.ScheduledThreadPoolExecutor$DelayedWorkQueue.take(ScheduledThreadPoolExecutor.java:1182)
        at java.base@21.0.7/java.util.concurrent.ScheduledThreadPoolExecutor$DelayedWorkQueue.take(ScheduledThreadPoolExecutor.java:899)
        at java.base@21.0.7/java.util.concurrent.ThreadPoolExecutor.getTask(ThreadPoolExecutor.java:1070)
        at java.base@21.0.7/java.util.concurrent.ThreadPoolExecutor.runWorker(ThreadPoolExecutor.java:1130)
        at java.base@21.0.7/java.util.concurrent.ThreadPoolExecutor$Worker.run(ThreadPoolExecutor.java:642)
        at java.base@21.0.7/java.lang.Thread.runWith(Thread.java:1596)
        at java.base@21.0.7/java.lang.Thread.run(Thread.java:1583)
"om1-groupManagement"  prio=5 tid=1094 in Object.wait()
java.lang.Thread.State: WAITING (on object monitor)
        at java.base@21.0.7/jdk.internal.misc.Unsafe.park(Native Method)
        at java.base@21.0.7/java.util.concurrent.locks.LockSupport.park(LockSupport.java:371)
        at java.base@21.0.7/java.util.concurrent.locks.AbstractQueuedSynchronizer$ConditionNode.block(AbstractQueuedSynchronizer.java:519)
        at java.base@21.0.7/java.util.concurrent.ForkJoinPool.unmanagedBlock(ForkJoinPool.java:3780)
        at java.base@21.0.7/java.util.concurrent.ForkJoinPool.managedBlock(ForkJoinPool.java:3725)
        at java.base@21.0.7/java.util.concurrent.locks.AbstractQueuedSynchronizer$ConditionObject.await(AbstractQueuedSynchronizer.java:1712)
        at java.base@21.0.7/java.util.concurrent.LinkedBlockingQueue.take(LinkedBlockingQueue.java:435)
        at java.base@21.0.7/java.util.concurrent.ThreadPoolExecutor.getTask(ThreadPoolExecutor.java:1070)
        at java.base@21.0.7/java.util.concurrent.ThreadPoolExecutor.runWorker(ThreadPoolExecutor.java:1130)
        at java.base@21.0.7/java.util.concurrent.ThreadPoolExecutor$Worker.run(ThreadPoolExecutor.java:642)
        at java.base@21.0.7/java.lang.Thread.runWith(Thread.java:1596)
        at java.base@21.0.7/java.lang.Thread.run(Thread.java:1583)
"bucketTable_FullTableCache-Cleanup-0" daemon prio=5 tid=2264 timed_waiting
java.lang.Thread.State: TIMED_WAITING
        at java.base@21.0.7/jdk.internal.misc.Unsafe.park(Native Method)
        at java.base@21.0.7/java.util.concurrent.locks.LockSupport.parkNanos(LockSupport.java:269)
        at java.base@21.0.7/java.util.concurrent.locks.AbstractQueuedSynchronizer$ConditionObject.awaitNanos(AbstractQueuedSynchronizer.java:1763)
        at java.base@21.0.7/java.util.concurrent.ScheduledThreadPoolExecutor$DelayedWorkQueue.take(ScheduledThreadPoolExecutor.java:1182)
        at java.base@21.0.7/java.util.concurrent.ScheduledThreadPoolExecutor$DelayedWorkQueue.take(ScheduledThreadPoolExecutor.java:899)
        at java.base@21.0.7/java.util.concurrent.ThreadPoolExecutor.getTask(ThreadPoolExecutor.java:1070)
        at java.base@21.0.7/java.util.concurrent.ThreadPoolExecutor.runWorker(ThreadPoolExecutor.java:1130)
        at java.base@21.0.7/java.util.concurrent.ThreadPoolExecutor$Worker.run(ThreadPoolExecutor.java:642)
        at java.base@21.0.7/java.lang.Thread.runWith(Thread.java:1596)
        at java.base@21.0.7/java.lang.Thread.run(Thread.java:1583)
"Finalizer" daemon prio=8 tid=10 in Object.wait()
java.lang.Thread.State: WAITING (on object monitor)
        at java.base@21.0.7/java.lang.Object.wait0(Native Method)
        at java.base@21.0.7/java.lang.Object.wait(Object.java:366)
        at java.base@21.0.7/java.lang.Object.wait(Object.java:339)
        at java.base@21.0.7/java.lang.ref.NativeReferenceQueue.await(NativeReferenceQueue.java:48)
        at java.base@21.0.7/java.lang.ref.ReferenceQueue.remove0(ReferenceQueue.java:158)
        at java.base@21.0.7/java.lang.ref.NativeReferenceQueue.remove(NativeReferenceQueue.java:89)
        at java.base@21.0.7/java.lang.ref.Finalizer$FinalizerThread.run(Finalizer.java:173)
"SnapshotCacheCleanupService" daemon prio=5 tid=772 timed_waiting
java.lang.Thread.State: TIMED_WAITING
        at java.base@21.0.7/jdk.internal.misc.Unsafe.park(Native Method)
        at java.base@21.0.7/java.util.concurrent.locks.LockSupport.parkNanos(LockSupport.java:269)
        at java.base@21.0.7/java.util.concurrent.locks.AbstractQueuedSynchronizer$ConditionObject.awaitNanos(AbstractQueuedSynchronizer.java:1763)
        at java.base@21.0.7/java.util.concurrent.ScheduledThreadPoolExecutor$DelayedWorkQueue.take(ScheduledThreadPoolExecutor.java:1182)
        at java.base@21.0.7/java.util.concurrent.ScheduledThreadPoolExecutor$DelayedWorkQueue.take(ScheduledThreadPoolExecutor.java:899)
        at java.base@21.0.7/java.util.concurrent.ThreadPoolExecutor.getTask(ThreadPoolExecutor.java:1070)
        at java.base@21.0.7/java.util.concurrent.ThreadPoolExecutor.runWorker(ThreadPoolExecutor.java:1130)
        at java.base@21.0.7/java.util.concurrent.ThreadPoolExecutor$Worker.run(ThreadPoolExecutor.java:642)
        at java.base@21.0.7/java.lang.Thread.runWith(Thread.java:1596)
        at java.base@21.0.7/java.lang.Thread.run(Thread.java:1583)
"surefire-forkedjvm-ping-30s" daemon prio=5 tid=27 timed_waiting
java.lang.Thread.State: TIMED_WAITING
        at java.base@21.0.7/jdk.internal.misc.Unsafe.park(Native Method)
        at java.base@21.0.7/java.util.concurrent.locks.LockSupport.parkNanos(LockSupport.java:269)
        at java.base@21.0.7/java.util.concurrent.locks.AbstractQueuedSynchronizer$ConditionObject.awaitNanos(AbstractQueuedSynchronizer.java:1763)
        at java.base@21.0.7/java.util.concurrent.ScheduledThreadPoolExecutor$DelayedWorkQueue.take(ScheduledThreadPoolExecutor.java:1182)
        at java.base@21.0.7/java.util.concurrent.ScheduledThreadPoolExecutor$DelayedWorkQueue.take(ScheduledThreadPoolExecutor.java:899)
        at java.base@21.0.7/java.util.concurrent.ThreadPoolExecutor.getTask(ThreadPoolExecutor.java:1070)
        at java.base@21.0.7/java.util.concurrent.ThreadPoolExecutor.runWorker(ThreadPoolExecutor.java:1130)
        at java.base@21.0.7/java.util.concurrent.ThreadPoolExecutor$Worker.run(ThreadPoolExecutor.java:642)
        at java.base@21.0.7/java.lang.Thread.runWith(Thread.java:1596)
        at java.base@21.0.7/java.lang.Thread.run(Thread.java:1583)
"volumeTable_FullTableCache-Cleanup-0" daemon prio=5 tid=1101 timed_waiting
java.lang.Thread.State: TIMED_WAITING
        at java.base@21.0.7/jdk.internal.misc.Unsafe.park(Native Method)
        at java.base@21.0.7/java.util.concurrent.locks.LockSupport.parkNanos(LockSupport.java:269)
        at java.base@21.0.7/java.util.concurrent.locks.AbstractQueuedSynchronizer$ConditionObject.awaitNanos(AbstractQueuedSynchronizer.java:1763)
        at java.base@21.0.7/java.util.concurrent.ScheduledThreadPoolExecutor$DelayedWorkQueue.take(ScheduledThreadPoolExecutor.java:1182)
        at java.base@21.0.7/java.util.concurrent.ScheduledThreadPoolExecutor$DelayedWorkQueue.take(ScheduledThreadPoolExecutor.java:899)
        at java.base@21.0.7/java.util.concurrent.ThreadPoolExecutor.getTask(ThreadPoolExecutor.java:1070)
        at java.base@21.0.7/java.util.concurrent.ThreadPoolExecutor.runWorker(ThreadPoolExecutor.java:1130)
        at java.base@21.0.7/java.util.concurrent.ThreadPoolExecutor$Worker.run(ThreadPoolExecutor.java:642)
        at java.base@21.0.7/java.lang.Thread.runWith(Thread.java:1596)
        at java.base@21.0.7/java.lang.Thread.run(Thread.java:1583)
"gradle-enterprise-test-client-gradle-enterprise-test-listener"  prio=5 tid=31 in Object.wait()
java.lang.Thread.State: WAITING (on object monitor)
        at java.base@21.0.7/java.io.ObjectOutputStream.writeSerialData(ObjectOutputStream.java:1542)
        at java.base@21.0.7/java.io.ObjectOutputStream.writeOrdinaryObject(ObjectOutputStream.java:1451)
        at java.base@21.0.7/java.io.ObjectOutputStream.writeObject0(ObjectOutputStream.java:1194)
        at java.base@21.0.7/java.io.ObjectOutputStream.writeObject(ObjectOutputStream.java:358)
        at app//com.gradle.maven.scan.extension.test.listener.obfuscated.k.a.a(SourceFile:141)
        at app//com.gradle.maven.scan.extension.test.listener.obfuscated.k.a.b(SourceFile:93)
        at app//com.gradle.maven.scan.extension.test.listener.obfuscated.k.a$$Lambda/0x00007fe50812c760.run(Unknown Source)
        at java.base@21.0.7/java.util.concurrent.Executors$RunnableAdapter.call(Executors.java:572)
        at java.base@21.0.7/java.util.concurrent.FutureTask.run(FutureTask.java:317)
        at java.base@21.0.7/java.util.concurrent.ThreadPoolExecutor.runWorker(ThreadPoolExecutor.java:1144)
        at java.base@21.0.7/java.util.concurrent.ThreadPoolExecutor$Worker.run(ThreadPoolExecutor.java:642)
        at java.base@21.0.7/java.lang.Thread.runWith(Thread.java:1596)
        at java.base@21.0.7/java.lang.Thread.run(Thread.java:1583)
"om1-om-CertificateRenewerService" daemon prio=5 tid=1099 timed_waiting
java.lang.Thread.State: TIMED_WAITING
        at java.base@21.0.7/java.lang.Thread.sleep0(Native Method)
        at java.base@21.0.7/java.lang.Thread.sleep(Thread.java:509)
        at app//org.apache.hadoop.io.retry.RetryInvocationHandler$Call.processWaitTimeAndRetryInfo(RetryInvocationHandler.java:135)
        at app//org.apache.hadoop.io.retry.RetryInvocationHandler$Call.invokeOnce(RetryInvocationHandler.java:112)
        at app//org.apache.hadoop.io.retry.RetryInvocationHandler.invoke(RetryInvocationHandler.java:366)
        at app/jdk.proxy2/jdk.proxy2.$Proxy45.submitRequest(Unknown Source)
        at app//org.apache.hadoop.hdds.protocolPB.SCMSecurityProtocolClientSideTranslatorPB.submitRequest(SCMSecurityProtocolClientSideTranslatorPB.java:93)
        at app//org.apache.hadoop.hdds.protocolPB.SCMSecurityProtocolClientSideTranslatorPB.getOMCertChain(SCMSecurityProtocolClientSideTranslatorPB.java:246)
        at app//org.apache.hadoop.ozone.security.OMCertificateClient.sign(OMCertificateClient.java:117)
        at app//org.apache.hadoop.hdds.security.x509.certificate.client.DefaultCertificateClient.signAndStoreCertificate(DefaultCertificateClient.java:1299)
        at app//org.apache.hadoop.hdds.security.x509.certificate.client.DefaultCertificateClient.renewAndStoreKeyAndCertificate(DefaultCertificateClient.java:1128)
        at app//org.apache.hadoop.hdds.security.x509.certificate.client.DefaultCertificateClient$CertificateRenewerService.run(DefaultCertificateClient.java:1424)
        at java.base@21.0.7/java.util.concurrent.Executors$RunnableAdapter.call(Executors.java:572)
        at java.base@21.0.7/java.util.concurrent.FutureTask.runAndReset(FutureTask.java:358)
        at java.base@21.0.7/java.util.concurrent.ScheduledThreadPoolExecutor$ScheduledFutureTask.run(ScheduledThreadPoolExecutor.java:305)
        at java.base@21.0.7/java.util.concurrent.ThreadPoolExecutor.runWorker(ThreadPoolExecutor.java:1144)
        at java.base@21.0.7/java.util.concurrent.ThreadPoolExecutor$Worker.run(ThreadPoolExecutor.java:642)
        at java.base@21.0.7/java.lang.Thread.runWith(Thread.java:1596)
        at java.base@21.0.7/java.lang.Thread.run(Thread.java:1583)
"timer7" daemon prio=5 tid=1559 in Object.wait()
java.lang.Thread.State: WAITING (on object monitor)
        at java.base@21.0.7/java.lang.Object.wait0(Native Method)
        at java.base@21.0.7/java.lang.Object.wait(Object.java:366)
        at java.base@21.0.7/java.lang.Object.wait(Object.java:339)
        at java.base@21.0.7/java.util.TimerThread.mainLoop(Timer.java:537)
        at java.base@21.0.7/java.util.TimerThread.run(Timer.java:516)
"om1-OMDoubleBufferFlushThread" daemon prio=5 tid=1119 timed_waiting
java.lang.Thread.State: TIMED_WAITING
        at java.base@21.0.7/java.lang.Object.wait0(Native Method)
        at java.base@21.0.7/java.lang.Object.wait(Object.java:366)
        at app//org.apache.hadoop.ozone.om.ratis.OzoneManagerDoubleBuffer.canFlush(OzoneManagerDoubleBuffer.java:547)
        at app//org.apache.hadoop.ozone.om.ratis.OzoneManagerDoubleBuffer.flushTransactions(OzoneManagerDoubleBuffer.java:279)
        at app//org.apache.hadoop.ozone.om.ratis.OzoneManagerDoubleBuffer$$Lambda/0x00007fe5088b6dc0.run(Unknown Source)
        at java.base@21.0.7/java.lang.Thread.runWith(Thread.java:1596)
        at java.base@21.0.7/java.lang.Thread.run(Thread.java:1583)
"bucketTable_FullTableCache-Cleanup-0" daemon prio=5 tid=1939 timed_waiting
java.lang.Thread.State: TIMED_WAITING
        at java.base@21.0.7/jdk.internal.misc.Unsafe.park(Native Method)
        at java.base@21.0.7/java.util.concurrent.locks.LockSupport.parkNanos(LockSupport.java:269)
        at java.base@21.0.7/java.util.concurrent.locks.AbstractQueuedSynchronizer$ConditionObject.awaitNanos(AbstractQueuedSynchronizer.java:1763)
        at java.base@21.0.7/java.util.concurrent.ScheduledThreadPoolExecutor$DelayedWorkQueue.take(ScheduledThreadPoolExecutor.java:1182)
        at java.base@21.0.7/java.util.concurrent.ScheduledThreadPoolExecutor$DelayedWorkQueue.take(ScheduledThreadPoolExecutor.java:899)
        at java.base@21.0.7/java.util.concurrent.ThreadPoolExecutor.getTask(ThreadPoolExecutor.java:1070)
        at java.base@21.0.7/java.util.concurrent.ThreadPoolExecutor.runWorker(ThreadPoolExecutor.java:1130)
        at java.base@21.0.7/java.util.concurrent.ThreadPoolExecutor$Worker.run(ThreadPoolExecutor.java:642)
        at java.base@21.0.7/java.lang.Thread.runWith(Thread.java:1596)
        at java.base@21.0.7/java.lang.Thread.run(Thread.java:1583)
"timer1" daemon prio=5 tid=1547 in Object.wait()
java.lang.Thread.State: WAITING (on object monitor)
        at java.base@21.0.7/java.lang.Object.wait0(Native Method)
        at java.base@21.0.7/java.lang.Object.wait(Object.java:366)
        at java.base@21.0.7/java.lang.Object.wait(Object.java:339)
        at java.base@21.0.7/java.util.TimerThread.mainLoop(Timer.java:537)
        at java.base@21.0.7/java.util.TimerThread.run(Timer.java:516)
"surefire-forkedjvm-command-thread" daemon prio=5 tid=25 runnable
java.lang.Thread.State: RUNNABLE
        at java.base@21.0.7/java.io.FileInputStream.readBytes(Native Method)
        at java.base@21.0.7/java.io.FileInputStream.read(FileInputStream.java:287)
        at java.base@21.0.7/java.io.BufferedInputStream.read1(BufferedInputStream.java:345)
        at java.base@21.0.7/java.io.BufferedInputStream.implRead(BufferedInputStream.java:420)
        at java.base@21.0.7/java.io.BufferedInputStream.read(BufferedInputStream.java:399)
        at java.base@21.0.7/java.io.BufferedInputStream.fill(BufferedInputStream.java:291)
        at java.base@21.0.7/java.io.BufferedInputStream.read1(BufferedInputStream.java:347)
        at java.base@21.0.7/java.io.BufferedInputStream.implRead(BufferedInputStream.java:420)
        at java.base@21.0.7/java.io.BufferedInputStream.read(BufferedInputStream.java:399)
        at app//org.apache.maven.surefire.api.util.internal.Channels$3.readImpl(Channels.java:169)
        at app//org.apache.maven.surefire.api.util.internal.AbstractNoninterruptibleReadableChannel.read(AbstractNoninterruptibleReadableChannel.java:50)
        at app//org.apache.maven.surefire.api.stream.AbstractStreamDecoder.read(AbstractStreamDecoder.java:430)
        at app//org.apache.maven.surefire.api.stream.AbstractStreamDecoder.read(AbstractStreamDecoder.java:419)
        at app//org.apache.maven.surefire.api.stream.AbstractStreamDecoder.readMessageType(AbstractStreamDecoder.java:116)
        at app//org.apache.maven.surefire.booter.stream.CommandDecoder.decode(CommandDecoder.java:77)
        at app//org.apache.maven.surefire.booter.spi.CommandChannelDecoder.decode(CommandChannelDecoder.java:60)
        at app//org.apache.maven.surefire.booter.CommandReader$CommandRunnable.run(CommandReader.java:290)
        at java.base@21.0.7/java.lang.Thread.runWith(Thread.java:1596)
        at java.base@21.0.7/java.lang.Thread.run(Thread.java:1583)
"om1-OMDoubleBufferFlushThread" daemon prio=5 tid=1092 timed_waiting
java.lang.Thread.State: TIMED_WAITING
        at java.base@21.0.7/java.lang.Object.wait0(Native Method)
        at java.base@21.0.7/java.lang.Object.wait(Object.java:366)
        at app//org.apache.hadoop.ozone.om.ratis.OzoneManagerDoubleBuffer.canFlush(OzoneManagerDoubleBuffer.java:547)
        at app//org.apache.hadoop.ozone.om.ratis.OzoneManagerDoubleBuffer.flushTransactions(OzoneManagerDoubleBuffer.java:279)
        at app//org.apache.hadoop.ozone.om.ratis.OzoneManagerDoubleBuffer$$Lambda/0x00007fe5088b6dc0.run(Unknown Source)
        at java.base@21.0.7/java.lang.Thread.runWith(Thread.java:1596)
        at java.base@21.0.7/java.lang.Thread.run(Thread.java:1583)
"SnapshotCacheCleanupService" daemon prio=5 tid=1090 timed_waiting
java.lang.Thread.State: TIMED_WAITING
        at java.base@21.0.7/jdk.internal.misc.Unsafe.park(Native Method)
        at java.base@21.0.7/java.util.concurrent.locks.LockSupport.parkNanos(LockSupport.java:269)
        at java.base@21.0.7/java.util.concurrent.locks.AbstractQueuedSynchronizer$ConditionObject.awaitNanos(AbstractQueuedSynchronizer.java:1763)
        at java.base@21.0.7/java.util.concurrent.ScheduledThreadPoolExecutor$DelayedWorkQueue.take(ScheduledThreadPoolExecutor.java:1182)
        at java.base@21.0.7/java.util.concurrent.ScheduledThreadPoolExecutor$DelayedWorkQueue.take(ScheduledThreadPoolExecutor.java:899)
        at java.base@21.0.7/java.util.concurrent.ThreadPoolExecutor.getTask(ThreadPoolExecutor.java:1070)
        at java.base@21.0.7/java.util.concurrent.ThreadPoolExecutor.runWorker(ThreadPoolExecutor.java:1130)
        at java.base@21.0.7/java.util.concurrent.ThreadPoolExecutor$Worker.run(ThreadPoolExecutor.java:642)
        at java.base@21.0.7/java.lang.Thread.runWith(Thread.java:1596)
        at java.base@21.0.7/java.lang.Thread.run(Thread.java:1583)
"om1-SnapshotDiffCleanupService#0" daemon prio=5 tid=1104 timed_waiting
java.lang.Thread.State: TIMED_WAITING
        at java.base@21.0.7/jdk.internal.misc.Unsafe.park(Native Method)
        at java.base@21.0.7/java.util.concurrent.locks.LockSupport.parkNanos(LockSupport.java:269)
        at java.base@21.0.7/java.util.concurrent.locks.AbstractQueuedSynchronizer$ConditionObject.awaitNanos(AbstractQueuedSynchronizer.java:1763)
        at java.base@21.0.7/java.util.concurrent.ScheduledThreadPoolExecutor$DelayedWorkQueue.take(ScheduledThreadPoolExecutor.java:1182)
        at java.base@21.0.7/java.util.concurrent.ScheduledThreadPoolExecutor$DelayedWorkQueue.take(ScheduledThreadPoolExecutor.java:899)
        at java.base@21.0.7/java.util.concurrent.ThreadPoolExecutor.getTask(ThreadPoolExecutor.java:1070)
        at java.base@21.0.7/java.util.concurrent.ThreadPoolExecutor.runWorker(ThreadPoolExecutor.java:1130)
        at java.base@21.0.7/java.util.concurrent.ThreadPoolExecutor$Worker.run(ThreadPoolExecutor.java:642)
        at java.base@21.0.7/java.lang.Thread.runWith(Thread.java:1596)
        at java.base@21.0.7/java.lang.Thread.run(Thread.java:1583)
"grpc-default-boss-ELG-4-1" daemon prio=5 tid=469 runnable
java.lang.Thread.State: RUNNABLE
        at app//org.apache.ratis.thirdparty.io.netty.channel.epoll.Native.epollWait(Native Method)
        at app//org.apache.ratis.thirdparty.io.netty.channel.epoll.Native.epollWait(Native.java:220)
        at app//org.apache.ratis.thirdparty.io.netty.channel.epoll.Native.epollWait(Native.java:213)
        at app//org.apache.ratis.thirdparty.io.netty.channel.epoll.EpollEventLoop.epollWaitNoTimerChange(EpollEventLoop.java:308)
        at app//org.apache.ratis.thirdparty.io.netty.channel.epoll.EpollEventLoop.run(EpollEventLoop.java:365)
        at app//org.apache.ratis.thirdparty.io.netty.util.concurrent.SingleThreadEventExecutor$4.run(SingleThreadEventExecutor.java:997)
        at app//org.apache.ratis.thirdparty.io.netty.util.internal.ThreadExecutorMap$2.run(ThreadExecutorMap.java:74)
        at app//org.apache.ratis.thirdparty.io.netty.util.concurrent.FastThreadLocalRunnable.run(FastThreadLocalRunnable.java:30)
        at java.base@21.0.7/java.lang.Thread.runWith(Thread.java:1596)
        at java.base@21.0.7/java.lang.Thread.run(Thread.java:1583)
"om1-OMDoubleBufferFlushThread" daemon prio=5 tid=2267 timed_waiting
java.lang.Thread.State: TIMED_WAITING
        at java.base@21.0.7/java.lang.Object.wait0(Native Method)
        at java.base@21.0.7/java.lang.Object.wait(Object.java:366)
        at app//org.apache.hadoop.ozone.om.ratis.OzoneManagerDoubleBuffer.canFlush(OzoneManagerDoubleBuffer.java:547)
        at app//org.apache.hadoop.ozone.om.ratis.OzoneManagerDoubleBuffer.flushTransactions(OzoneManagerDoubleBuffer.java:279)
        at app//org.apache.hadoop.ozone.om.ratis.OzoneManagerDoubleBuffer$$Lambda/0x00007fe5088b6dc0.run(Unknown Source)
        at java.base@21.0.7/java.lang.Thread.runWith(Thread.java:1596)
        at java.base@21.0.7/java.lang.Thread.run(Thread.java:1583)
"CompactionDagPruningService" daemon prio=5 tid=1937 timed_waiting
java.lang.Thread.State: TIMED_WAITING
        at java.base@21.0.7/jdk.internal.misc.Unsafe.park(Native Method)
        at java.base@21.0.7/java.util.concurrent.locks.LockSupport.parkNanos(LockSupport.java:269)
        at java.base@21.0.7/java.util.concurrent.locks.AbstractQueuedSynchronizer$ConditionObject.awaitNanos(AbstractQueuedSynchronizer.java:1763)
        at java.base@21.0.7/java.util.concurrent.ScheduledThreadPoolExecutor$DelayedWorkQueue.take(ScheduledThreadPoolExecutor.java:1182)
        at java.base@21.0.7/java.util.concurrent.ScheduledThreadPoolExecutor$DelayedWorkQueue.take(ScheduledThreadPoolExecutor.java:899)
        at java.base@21.0.7/java.util.concurrent.ThreadPoolExecutor.getTask(ThreadPoolExecutor.java:1070)
        at java.base@21.0.7/java.util.concurrent.ThreadPoolExecutor.runWorker(ThreadPoolExecutor.java:1130)
        at java.base@21.0.7/java.util.concurrent.ThreadPoolExecutor$Worker.run(ThreadPoolExecutor.java:642)
        at java.base@21.0.7/java.lang.Thread.runWith(Thread.java:1596)
        at java.base@21.0.7/java.lang.Thread.run(Thread.java:1583)
"CompactionDagPruningService" daemon prio=5 tid=1100 timed_waiting
java.lang.Thread.State: TIMED_WAITING
        at java.base@21.0.7/jdk.internal.misc.Unsafe.park(Native Method)
        at java.base@21.0.7/java.util.concurrent.locks.LockSupport.parkNanos(LockSupport.java:269)
        at java.base@21.0.7/java.util.concurrent.locks.AbstractQueuedSynchronizer$ConditionObject.awaitNanos(AbstractQueuedSynchronizer.java:1763)
        at java.base@21.0.7/java.util.concurrent.ScheduledThreadPoolExecutor$DelayedWorkQueue.take(ScheduledThreadPoolExecutor.java:1182)
        at java.base@21.0.7/java.util.concurrent.ScheduledThreadPoolExecutor$DelayedWorkQueue.take(ScheduledThreadPoolExecutor.java:899)
        at java.base@21.0.7/java.util.concurrent.ThreadPoolExecutor.getTask(ThreadPoolExecutor.java:1070)
        at java.base@21.0.7/java.util.concurrent.ThreadPoolExecutor.runWorker(ThreadPoolExecutor.java:1130)
        at java.base@21.0.7/java.util.concurrent.ThreadPoolExecutor$Worker.run(ThreadPoolExecutor.java:642)
        at java.base@21.0.7/java.lang.Thread.runWith(Thread.java:1596)
        at java.base@21.0.7/java.lang.Thread.run(Thread.java:1583)
"SnapshotCacheCleanupService" daemon prio=5 tid=1103 timed_waiting
java.lang.Thread.State: TIMED_WAITING
        at java.base@21.0.7/jdk.internal.misc.Unsafe.park(Native Method)
        at java.base@21.0.7/java.util.concurrent.locks.LockSupport.parkNanos(LockSupport.java:269)
        at java.base@21.0.7/java.util.concurrent.locks.AbstractQueuedSynchronizer$ConditionObject.awaitNanos(AbstractQueuedSynchronizer.java:1763)
        at java.base@21.0.7/java.util.concurrent.ScheduledThreadPoolExecutor$DelayedWorkQueue.take(ScheduledThreadPoolExecutor.java:1182)
        at java.base@21.0.7/java.util.concurrent.ScheduledThreadPoolExecutor$DelayedWorkQueue.take(ScheduledThreadPoolExecutor.java:899)
        at java.base@21.0.7/java.util.concurrent.ThreadPoolExecutor.getTask(ThreadPoolExecutor.java:1070)
        at java.base@21.0.7/java.util.concurrent.ThreadPoolExecutor.runWorker(ThreadPoolExecutor.java:1130)
        at java.base@21.0.7/java.util.concurrent.ThreadPoolExecutor$Worker.run(ThreadPoolExecutor.java:642)
        at java.base@21.0.7/java.lang.Thread.runWith(Thread.java:1596)
        at java.base@21.0.7/java.lang.Thread.run(Thread.java:1583)
"SnapshotCacheCleanupService" daemon prio=5 tid=1117 timed_waiting
java.lang.Thread.State: TIMED_WAITING
        at java.base@21.0.7/jdk.internal.misc.Unsafe.park(Native Method)
        at java.base@21.0.7/java.util.concurrent.locks.LockSupport.parkNanos(LockSupport.java:269)
        at java.base@21.0.7/java.util.concurrent.locks.AbstractQueuedSynchronizer$ConditionObject.awaitNanos(AbstractQueuedSynchronizer.java:1763)
        at java.base@21.0.7/java.util.concurrent.ScheduledThreadPoolExecutor$DelayedWorkQueue.take(ScheduledThreadPoolExecutor.java:1182)
        at java.base@21.0.7/java.util.concurrent.ScheduledThreadPoolExecutor$DelayedWorkQueue.take(ScheduledThreadPoolExecutor.java:899)
        at java.base@21.0.7/java.util.concurrent.ThreadPoolExecutor.getTask(ThreadPoolExecutor.java:1070)
        at java.base@21.0.7/java.util.concurrent.ThreadPoolExecutor.runWorker(ThreadPoolExecutor.java:1130)
        at java.base@21.0.7/java.util.concurrent.ThreadPoolExecutor$Worker.run(ThreadPoolExecutor.java:642)
        at java.base@21.0.7/java.lang.Thread.runWith(Thread.java:1596)
        at java.base@21.0.7/java.lang.Thread.run(Thread.java:1583)
"IPC Server idle connection scanner for port 15015" daemon prio=5 tid=821 in Object.wait()
java.lang.Thread.State: WAITING (on object monitor)
        at java.base@21.0.7/java.lang.Object.wait0(Native Method)
        at java.base@21.0.7/java.lang.Object.wait(Unknown Source)
        at java.base@21.0.7/java.lang.Object.wait(Unknown Source)
        at java.base@21.0.7/java.util.TimerThread.mainLoop(Timer.java:537)
        at java.base@21.0.7/java.util.TimerThread.run(Timer.java:516)
"om1-OMDoubleBufferFlushThread" daemon prio=5 tid=1105 timed_waiting
java.lang.Thread.State: TIMED_WAITING
        at java.base@21.0.7/java.lang.Object.wait0(Native Method)
        at java.base@21.0.7/java.lang.Object.wait(Object.java:366)
        at app//org.apache.hadoop.ozone.om.ratis.OzoneManagerDoubleBuffer.canFlush(OzoneManagerDoubleBuffer.java:547)
        at app//org.apache.hadoop.ozone.om.ratis.OzoneManagerDoubleBuffer.flushTransactions(OzoneManagerDoubleBuffer.java:279)
        at app//org.apache.hadoop.ozone.om.ratis.OzoneManagerDoubleBuffer$$Lambda/0x00007fe5088b6dc0.run(Unknown Source)
        at java.base@21.0.7/java.lang.Thread.runWith(Thread.java:1596)
        at java.base@21.0.7/java.lang.Thread.run(Thread.java:1583)
"surefire-forkedjvm-stream-flusher" daemon prio=5 tid=23 timed_waiting
java.lang.Thread.State: TIMED_WAITING
        at java.base@21.0.7/jdk.internal.misc.Unsafe.park(Native Method)
        at java.base@21.0.7/java.util.concurrent.locks.LockSupport.parkNanos(LockSupport.java:269)
        at java.base@21.0.7/java.util.concurrent.locks.AbstractQueuedSynchronizer$ConditionObject.awaitNanos(AbstractQueuedSynchronizer.java:1763)
        at java.base@21.0.7/java.util.concurrent.ScheduledThreadPoolExecutor$DelayedWorkQueue.take(ScheduledThreadPoolExecutor.java:1182)
        at java.base@21.0.7/java.util.concurrent.ScheduledThreadPoolExecutor$DelayedWorkQueue.take(ScheduledThreadPoolExecutor.java:899)
        at java.base@21.0.7/java.util.concurrent.ThreadPoolExecutor.getTask(ThreadPoolExecutor.java:1070)
        at java.base@21.0.7/java.util.concurrent.ThreadPoolExecutor.runWorker(ThreadPoolExecutor.java:1130)
        at java.base@21.0.7/java.util.concurrent.ThreadPoolExecutor$Worker.run(ThreadPoolExecutor.java:642)
        at java.base@21.0.7/java.lang.Thread.runWith(Thread.java:1596)
        at java.base@21.0.7/java.lang.Thread.run(Thread.java:1583)
"grpc-default-worker-ELG-5-2" daemon prio=5 tid=1549 runnable
java.lang.Thread.State: RUNNABLE
        at app//org.apache.ratis.thirdparty.io.netty.channel.epoll.Native.epollWait(Native Method)
        at app//org.apache.ratis.thirdparty.io.netty.channel.epoll.Native.epollWait(Native.java:220)
        at app//org.apache.ratis.thirdparty.io.netty.channel.epoll.Native.epollWait(Native.java:213)
        at app//org.apache.ratis.thirdparty.io.netty.channel.epoll.EpollEventLoop.epollWaitNoTimerChange(EpollEventLoop.java:308)
        at app//org.apache.ratis.thirdparty.io.netty.channel.epoll.EpollEventLoop.run(EpollEventLoop.java:365)
        at app//org.apache.ratis.thirdparty.io.netty.util.concurrent.SingleThreadEventExecutor$4.run(SingleThreadEventExecutor.java:997)
        at app//org.apache.ratis.thirdparty.io.netty.util.internal.ThreadExecutorMap$2.run(ThreadExecutorMap.java:74)
        at app//org.apache.ratis.thirdparty.io.netty.util.concurrent.FastThreadLocalRunnable.run(FastThreadLocalRunnable.java:30)
        at java.base@21.0.7/java.lang.Thread.runWith(Thread.java:1596)
        at java.base@21.0.7/java.lang.Thread.run(Thread.java:1583)
"grpc-default-worker-ELG-5-1" daemon prio=5 tid=1544 runnable
java.lang.Thread.State: RUNNABLE
        at app//org.apache.ratis.thirdparty.io.netty.channel.epoll.Native.epollWait(Native Method)
        at app//org.apache.ratis.thirdparty.io.netty.channel.epoll.Native.epollWait(Native.java:220)
        at app//org.apache.ratis.thirdparty.io.netty.channel.epoll.Native.epollWait(Native.java:213)
        at app//org.apache.ratis.thirdparty.io.netty.channel.epoll.EpollEventLoop.epollWaitNoTimerChange(EpollEventLoop.java:308)
        at app//org.apache.ratis.thirdparty.io.netty.channel.epoll.EpollEventLoop.run(EpollEventLoop.java:365)
        at app//org.apache.ratis.thirdparty.io.netty.util.concurrent.SingleThreadEventExecutor$4.run(SingleThreadEventExecutor.java:997)
        at app//org.apache.ratis.thirdparty.io.netty.util.internal.ThreadExecutorMap$2.run(ThreadExecutorMap.java:74)
        at app//org.apache.ratis.thirdparty.io.netty.util.concurrent.FastThreadLocalRunnable.run(FastThreadLocalRunnable.java:30)
        at java.base@21.0.7/java.lang.Thread.runWith(Thread.java:1596)
        at java.base@21.0.7/java.lang.Thread.run(Thread.java:1583)
"volumeTable_FullTableCache-Cleanup-0" daemon prio=5 tid=2263 timed_waiting
java.lang.Thread.State: TIMED_WAITING
        at java.base@21.0.7/jdk.internal.misc.Unsafe.park(Native Method)
        at java.base@21.0.7/java.util.concurrent.locks.LockSupport.parkNanos(LockSupport.java:269)
        at java.base@21.0.7/java.util.concurrent.locks.AbstractQueuedSynchronizer$ConditionObject.awaitNanos(AbstractQueuedSynchronizer.java:1763)
        at java.base@21.0.7/java.util.concurrent.ScheduledThreadPoolExecutor$DelayedWorkQueue.take(ScheduledThreadPoolExecutor.java:1182)
        at java.base@21.0.7/java.util.concurrent.ScheduledThreadPoolExecutor$DelayedWorkQueue.take(ScheduledThreadPoolExecutor.java:899)
        at java.base@21.0.7/java.util.concurrent.ThreadPoolExecutor.getTask(ThreadPoolExecutor.java:1070)
        at java.base@21.0.7/java.util.concurrent.ThreadPoolExecutor.runWorker(ThreadPoolExecutor.java:1130)
        at java.base@21.0.7/java.util.concurrent.ThreadPoolExecutor$Worker.run(ThreadPoolExecutor.java:642)
        at java.base@21.0.7/java.lang.Thread.runWith(Thread.java:1596)
        at java.base@21.0.7/java.lang.Thread.run(Thread.java:1583)
"timer0" daemon prio=5 tid=1560 in Object.wait()
java.lang.Thread.State: WAITING (on object monitor)
        at java.base@21.0.7/java.lang.Object.wait0(Native Method)
        at java.base@21.0.7/java.lang.Object.wait(Object.java:366)
        at java.base@21.0.7/java.lang.Object.wait(Object.java:339)
        at java.base@21.0.7/java.util.TimerThread.mainLoop(Timer.java:537)
        at java.base@21.0.7/java.util.TimerThread.run(Timer.java:516)
"om1-groupManagement"  prio=5 tid=1107 in Object.wait()
java.lang.Thread.State: WAITING (on object monitor)
        at java.base@21.0.7/jdk.internal.misc.Unsafe.park(Native Method)
        at java.base@21.0.7/java.util.concurrent.locks.LockSupport.park(LockSupport.java:371)
        at java.base@21.0.7/java.util.concurrent.locks.AbstractQueuedSynchronizer$ConditionNode.block(AbstractQueuedSynchronizer.java:519)
        at java.base@21.0.7/java.util.concurrent.ForkJoinPool.unmanagedBlock(ForkJoinPool.java:3780)
        at java.base@21.0.7/java.util.concurrent.ForkJoinPool.managedBlock(ForkJoinPool.java:3725)
        at java.base@21.0.7/java.util.concurrent.locks.AbstractQueuedSynchronizer$ConditionObject.await(AbstractQueuedSynchronizer.java:1712)
        at java.base@21.0.7/java.util.concurrent.LinkedBlockingQueue.take(LinkedBlockingQueue.java:435)
        at java.base@21.0.7/java.util.concurrent.ThreadPoolExecutor.getTask(ThreadPoolExecutor.java:1070)
        at java.base@21.0.7/java.util.concurrent.ThreadPoolExecutor.runWorker(ThreadPoolExecutor.java:1130)
        at java.base@21.0.7/java.util.concurrent.ThreadPoolExecutor$Worker.run(ThreadPoolExecutor.java:642)
        at java.base@21.0.7/java.lang.Thread.runWith(Thread.java:1596)
        at java.base@21.0.7/java.lang.Thread.run(Thread.java:1583)
"om1-groupManagement"  prio=5 tid=1121 in Object.wait()
java.lang.Thread.State: WAITING (on object monitor)
        at java.base@21.0.7/jdk.internal.misc.Unsafe.park(Native Method)
        at java.base@21.0.7/java.util.concurrent.locks.LockSupport.park(LockSupport.java:371)
        at java.base@21.0.7/java.util.concurrent.locks.AbstractQueuedSynchronizer$ConditionNode.block(AbstractQueuedSynchronizer.java:519)
        at java.base@21.0.7/java.util.concurrent.ForkJoinPool.unmanagedBlock(ForkJoinPool.java:3780)
        at java.base@21.0.7/java.util.concurrent.ForkJoinPool.managedBlock(ForkJoinPool.java:3725)
        at java.base@21.0.7/java.util.concurrent.locks.AbstractQueuedSynchronizer$ConditionObject.await(AbstractQueuedSynchronizer.java:1712)
        at java.base@21.0.7/java.util.concurrent.LinkedBlockingQueue.take(LinkedBlockingQueue.java:435)
        at java.base@21.0.7/java.util.concurrent.ThreadPoolExecutor.getTask(ThreadPoolExecutor.java:1070)
        at java.base@21.0.7/java.util.concurrent.ThreadPoolExecutor.runWorker(ThreadPoolExecutor.java:1130)
        at java.base@21.0.7/java.util.concurrent.ThreadPoolExecutor$Worker.run(ThreadPoolExecutor.java:642)
        at java.base@21.0.7/java.lang.Thread.runWith(Thread.java:1596)
        at java.base@21.0.7/java.lang.Thread.run(Thread.java:1583)
"Common-Cleaner" daemon prio=8 tid=17 timed_waiting
java.lang.Thread.State: TIMED_WAITING
        at java.base@21.0.7/jdk.internal.misc.Unsafe.park(Native Method)
        at java.base@21.0.7/java.util.concurrent.locks.LockSupport.parkNanos(LockSupport.java:269)
        at java.base@21.0.7/java.util.concurrent.locks.AbstractQueuedSynchronizer$ConditionObject.await(AbstractQueuedSynchronizer.java:1852)
        at java.base@21.0.7/java.lang.ref.ReferenceQueue.await(ReferenceQueue.java:71)
        at java.base@21.0.7/java.lang.ref.ReferenceQueue.remove0(ReferenceQueue.java:143)
        at java.base@21.0.7/java.lang.ref.ReferenceQueue.remove(ReferenceQueue.java:218)
        at java.base@21.0.7/jdk.internal.ref.CleanerImpl.run(CleanerImpl.java:140)
        at java.base@21.0.7/java.lang.Thread.runWith(Thread.java:1596)
        at java.base@21.0.7/java.lang.Thread.run(Thread.java:1583)
        at java.base@21.0.7/jdk.internal.misc.InnocuousThread.run(InnocuousThread.java:186)
"3542b160-3524-44ff-92da-cbafe8793333@group-11E3D3358789-LeaderStateImpl" daemon prio=5 tid=2280 timed_waiting
java.lang.Thread.State: TIMED_WAITING
        at java.base@21.0.7/jdk.internal.misc.Unsafe.park(Native Method)
        at java.base@21.0.7/java.util.concurrent.locks.LockSupport.parkNanos(LockSupport.java:269)
        at java.base@21.0.7/java.util.concurrent.locks.AbstractQueuedSynchronizer$ConditionObject.awaitNanos(AbstractQueuedSynchronizer.java:1763)
        at java.base@21.0.7/java.util.concurrent.ArrayBlockingQueue.poll(ArrayBlockingQueue.java:435)
        at app//org.apache.ratis.server.impl.LeaderStateImpl$EventQueue.poll(LeaderStateImpl.java:164)
        at app//org.apache.ratis.server.impl.LeaderStateImpl$EventProcessor.run(LeaderStateImpl.java:763)
"om1-OMDoubleBufferFlushThread" daemon prio=5 tid=1943 timed_waiting
java.lang.Thread.State: TIMED_WAITING
        at java.base@21.0.7/java.lang.Object.wait0(Native Method)
        at java.base@21.0.7/java.lang.Object.wait(Object.java:366)
        at app//org.apache.hadoop.ozone.om.ratis.OzoneManagerDoubleBuffer.canFlush(OzoneManagerDoubleBuffer.java:547)
        at app//org.apache.hadoop.ozone.om.ratis.OzoneManagerDoubleBuffer.flushTransactions(OzoneManagerDoubleBuffer.java:279)
        at app//org.apache.hadoop.ozone.om.ratis.OzoneManagerDoubleBuffer$$Lambda/0x00007fe5088b6dc0.run(Unknown Source)
        at java.base@21.0.7/java.lang.Thread.runWith(Thread.java:1596)
        at java.base@21.0.7/java.lang.Thread.run(Thread.java:1583)
"volumeTable_FullTableCache-Cleanup-0" daemon prio=5 tid=1088 timed_waiting
java.lang.Thread.State: TIMED_WAITING
        at java.base@21.0.7/jdk.internal.misc.Unsafe.park(Native Method)
        at java.base@21.0.7/java.util.concurrent.locks.LockSupport.parkNanos(LockSupport.java:269)
        at java.base@21.0.7/java.util.concurrent.locks.AbstractQueuedSynchronizer$ConditionObject.awaitNanos(AbstractQueuedSynchronizer.java:1763)
        at java.base@21.0.7/java.util.concurrent.ScheduledThreadPoolExecutor$DelayedWorkQueue.take(ScheduledThreadPoolExecutor.java:1182)
        at java.base@21.0.7/java.util.concurrent.ScheduledThreadPoolExecutor$DelayedWorkQueue.take(ScheduledThreadPoolExecutor.java:899)
        at java.base@21.0.7/java.util.concurrent.ThreadPoolExecutor.getTask(ThreadPoolExecutor.java:1070)
        at java.base@21.0.7/java.util.concurrent.ThreadPoolExecutor.runWorker(ThreadPoolExecutor.java:1130)
        at java.base@21.0.7/java.util.concurrent.ThreadPoolExecutor$Worker.run(ThreadPoolExecutor.java:642)
        at java.base@21.0.7/java.lang.Thread.runWith(Thread.java:1596)
        at java.base@21.0.7/java.lang.Thread.run(Thread.java:1583)
"bucketTable_FullTableCache-Cleanup-0" daemon prio=5 tid=1116 timed_waiting
java.lang.Thread.State: TIMED_WAITING
        at java.base@21.0.7/jdk.internal.misc.Unsafe.park(Native Method)
        at java.base@21.0.7/java.util.concurrent.locks.LockSupport.parkNanos(LockSupport.java:269)
        at java.base@21.0.7/java.util.concurrent.locks.AbstractQueuedSynchronizer$ConditionObject.awaitNanos(AbstractQueuedSynchronizer.java:1763)
        at java.base@21.0.7/java.util.concurrent.ScheduledThreadPoolExecutor$DelayedWorkQueue.take(ScheduledThreadPoolExecutor.java:1182)
        at java.base@21.0.7/java.util.concurrent.ScheduledThreadPoolExecutor$DelayedWorkQueue.take(ScheduledThreadPoolExecutor.java:899)
        at java.base@21.0.7/java.util.concurrent.ThreadPoolExecutor.getTask(ThreadPoolExecutor.java:1070)
        at java.base@21.0.7/java.util.concurrent.ThreadPoolExecutor.runWorker(ThreadPoolExecutor.java:1130)
        at java.base@21.0.7/java.util.concurrent.ThreadPoolExecutor$Worker.run(ThreadPoolExecutor.java:642)
        at java.base@21.0.7/java.lang.Thread.runWith(Thread.java:1596)
        at java.base@21.0.7/java.lang.Thread.run(Thread.java:1583)
"timer6" daemon prio=5 tid=1558 in Object.wait()
java.lang.Thread.State: WAITING (on object monitor)
        at java.base@21.0.7/java.lang.Object.wait0(Native Method)
        at java.base@21.0.7/java.lang.Object.wait(Object.java:366)
        at java.base@21.0.7/java.lang.Object.wait(Object.java:339)
        at java.base@21.0.7/java.util.TimerThread.mainLoop(Timer.java:537)
        at java.base@21.0.7/java.util.TimerThread.run(Timer.java:516)
"volumeTable_FullTableCache-Cleanup-0" daemon prio=5 tid=770 timed_waiting
java.lang.Thread.State: TIMED_WAITING
        at java.base@21.0.7/jdk.internal.misc.Unsafe.park(Native Method)
        at java.base@21.0.7/java.util.concurrent.locks.LockSupport.parkNanos(LockSupport.java:269)
        at java.base@21.0.7/java.util.concurrent.locks.AbstractQueuedSynchronizer$ConditionObject.awaitNanos(AbstractQueuedSynchronizer.java:1763)
        at java.base@21.0.7/java.util.concurrent.ScheduledThreadPoolExecutor$DelayedWorkQueue.take(ScheduledThreadPoolExecutor.java:1182)
        at java.base@21.0.7/java.util.concurrent.ScheduledThreadPoolExecutor$DelayedWorkQueue.take(ScheduledThreadPoolExecutor.java:899)
        at java.base@21.0.7/java.util.concurrent.ThreadPoolExecutor.getTask(ThreadPoolExecutor.java:1070)
        at java.base@21.0.7/java.util.concurrent.ThreadPoolExecutor.runWorker(ThreadPoolExecutor.java:1130)
        at java.base@21.0.7/java.util.concurrent.ThreadPoolExecutor$Worker.run(ThreadPoolExecutor.java:642)
        at java.base@21.0.7/java.lang.Thread.runWith(Thread.java:1596)
        at java.base@21.0.7/java.lang.Thread.run(Thread.java:1583)
"Reference Handler" daemon prio=10 tid=9 runnable
java.lang.Thread.State: RUNNABLE
        at java.base@21.0.7/java.lang.ref.Reference.waitForReferencePendingList(Native Method)
        at java.base@21.0.7/java.lang.ref.Reference.processPendingReferences(Reference.java:246)
        at java.base@21.0.7/java.lang.ref.Reference$ReferenceHandler.run(Reference.java:208)
"om1-groupManagement"  prio=5 tid=1945 in Object.wait()
java.lang.Thread.State: WAITING (on object monitor)
        at java.base@21.0.7/jdk.internal.misc.Unsafe.park(Native Method)
        at java.base@21.0.7/java.util.concurrent.locks.LockSupport.park(LockSupport.java:371)
        at java.base@21.0.7/java.util.concurrent.locks.AbstractQueuedSynchronizer$ConditionNode.block(AbstractQueuedSynchronizer.java:519)
        at java.base@21.0.7/java.util.concurrent.ForkJoinPool.unmanagedBlock(ForkJoinPool.java:3780)
        at java.base@21.0.7/java.util.concurrent.ForkJoinPool.managedBlock(ForkJoinPool.java:3725)
        at java.base@21.0.7/java.util.concurrent.locks.AbstractQueuedSynchronizer$ConditionObject.await(AbstractQueuedSynchronizer.java:1712)
        at java.base@21.0.7/java.util.concurrent.LinkedBlockingQueue.take(LinkedBlockingQueue.java:435)
        at java.base@21.0.7/java.util.concurrent.ThreadPoolExecutor.getTask(ThreadPoolExecutor.java:1070)
        at java.base@21.0.7/java.util.concurrent.ThreadPoolExecutor.runWorker(ThreadPoolExecutor.java:1130)
        at java.base@21.0.7/java.util.concurrent.ThreadPoolExecutor$Worker.run(ThreadPoolExecutor.java:642)
        at java.base@21.0.7/java.lang.Thread.runWith(Thread.java:1596)
        at java.base@21.0.7/java.lang.Thread.run(Thread.java:1583)
"bucketTable_FullTableCache-Cleanup-0" daemon prio=5 tid=1102 timed_waiting
java.lang.Thread.State: TIMED_WAITING
        at java.base@21.0.7/jdk.internal.misc.Unsafe.park(Native Method)
        at java.base@21.0.7/java.util.concurrent.locks.LockSupport.parkNanos(LockSupport.java:269)
        at java.base@21.0.7/java.util.concurrent.locks.AbstractQueuedSynchronizer$ConditionObject.awaitNanos(AbstractQueuedSynchronizer.java:1763)
        at java.base@21.0.7/java.util.concurrent.ScheduledThreadPoolExecutor$DelayedWorkQueue.take(ScheduledThreadPoolExecutor.java:1182)
        at java.base@21.0.7/java.util.concurrent.ScheduledThreadPoolExecutor$DelayedWorkQueue.take(ScheduledThreadPoolExecutor.java:899)
        at java.base@21.0.7/java.util.concurrent.ThreadPoolExecutor.getTask(ThreadPoolExecutor.java:1070)
        at java.base@21.0.7/java.util.concurrent.ThreadPoolExecutor.runWorker(ThreadPoolExecutor.java:1130)
        at java.base@21.0.7/java.util.concurrent.ThreadPoolExecutor$Worker.run(ThreadPoolExecutor.java:642)
        at java.base@21.0.7/java.lang.Thread.runWith(Thread.java:1596)
        at java.base@21.0.7/java.lang.Thread.run(Thread.java:1583)
"junit-jupiter-timeout-watcher"  prio=10 tid=33 timed_waiting
java.lang.Thread.State: TIMED_WAITING
        at java.base@21.0.7/jdk.internal.misc.Unsafe.park(Native Method)
        at java.base@21.0.7/java.util.concurrent.locks.LockSupport.parkNanos(LockSupport.java:269)
        at java.base@21.0.7/java.util.concurrent.locks.AbstractQueuedSynchronizer$ConditionObject.awaitNanos(AbstractQueuedSynchronizer.java:1763)
        at java.base@21.0.7/java.util.concurrent.ScheduledThreadPoolExecutor$DelayedWorkQueue.take(ScheduledThreadPoolExecutor.java:1182)
        at java.base@21.0.7/java.util.concurrent.ScheduledThreadPoolExecutor$DelayedWorkQueue.take(ScheduledThreadPoolExecutor.java:899)
        at java.base@21.0.7/java.util.concurrent.ThreadPoolExecutor.getTask(ThreadPoolExecutor.java:1070)
        at java.base@21.0.7/java.util.concurrent.ThreadPoolExecutor.runWorker(ThreadPoolExecutor.java:1130)
        at java.base@21.0.7/java.util.concurrent.ThreadPoolExecutor$Worker.run(ThreadPoolExecutor.java:642)
        at java.base@21.0.7/java.lang.Thread.runWith(Thread.java:1596)
        at java.base@21.0.7/java.lang.Thread.run(Thread.java:1583)
"om1-om-CertificateRenewerService" daemon prio=5 tid=1113 blocked
java.lang.Thread.State: BLOCKED
        at app//org.apache.hadoop.hdds.security.x509.certificate.client.DefaultCertificateClient$CertificateRenewerService.run(DefaultCertificateClient.java:1407)
        at java.base@21.0.7/java.util.concurrent.Executors$RunnableAdapter.call(Executors.java:572)
        at java.base@21.0.7/java.util.concurrent.FutureTask.runAndReset(FutureTask.java:358)
        at java.base@21.0.7/java.util.concurrent.ScheduledThreadPoolExecutor$ScheduledFutureTask.run(ScheduledThreadPoolExecutor.java:305)
        at java.base@21.0.7/java.util.concurrent.ThreadPoolExecutor.runWorker(ThreadPoolExecutor.java:1144)
        at java.base@21.0.7/java.util.concurrent.ThreadPoolExecutor$Worker.run(ThreadPoolExecutor.java:642)
        at java.base@21.0.7/java.lang.Thread.runWith(Thread.java:1596)
        at java.base@21.0.7/java.lang.Thread.run(Thread.java:1583)
"volumeTable_FullTableCache-Cleanup-0" daemon prio=5 tid=1115 timed_waiting
java.lang.Thread.State: TIMED_WAITING
        at java.base@21.0.7/jdk.internal.misc.Unsafe.park(Native Method)
        at java.base@21.0.7/java.util.concurrent.locks.LockSupport.parkNanos(LockSupport.java:269)
        at java.base@21.0.7/java.util.concurrent.locks.AbstractQueuedSynchronizer$ConditionObject.awaitNanos(AbstractQueuedSynchronizer.java:1763)
        at java.base@21.0.7/java.util.concurrent.ScheduledThreadPoolExecutor$DelayedWorkQueue.take(ScheduledThreadPoolExecutor.java:1182)
        at java.base@21.0.7/java.util.concurrent.ScheduledThreadPoolExecutor$DelayedWorkQueue.take(ScheduledThreadPoolExecutor.java:899)
        at java.base@21.0.7/java.util.concurrent.ThreadPoolExecutor.getTask(ThreadPoolExecutor.java:1070)
        at java.base@21.0.7/java.util.concurrent.ThreadPoolExecutor.runWorker(ThreadPoolExecutor.java:1130)
        at java.base@21.0.7/java.util.concurrent.ThreadPoolExecutor$Worker.run(ThreadPoolExecutor.java:642)
        at java.base@21.0.7/java.lang.Thread.runWith(Thread.java:1596)
        at java.base@21.0.7/java.lang.Thread.run(Thread.java:1583)
"om1-SnapshotDiffCleanupService#0" daemon prio=5 tid=774 timed_waiting
java.lang.Thread.State: TIMED_WAITING
        at java.base@21.0.7/jdk.internal.misc.Unsafe.park(Native Method)
        at java.base@21.0.7/java.util.concurrent.locks.LockSupport.parkNanos(LockSupport.java:269)
        at java.base@21.0.7/java.util.concurrent.locks.AbstractQueuedSynchronizer$ConditionObject.awaitNanos(AbstractQueuedSynchronizer.java:1763)
        at java.base@21.0.7/java.util.concurrent.ScheduledThreadPoolExecutor$DelayedWorkQueue.take(ScheduledThreadPoolExecutor.java:1182)
        at java.base@21.0.7/java.util.concurrent.ScheduledThreadPoolExecutor$DelayedWorkQueue.take(ScheduledThreadPoolExecutor.java:899)
        at java.base@21.0.7/java.util.concurrent.ThreadPoolExecutor.getTask(ThreadPoolExecutor.java:1070)
        at java.base@21.0.7/java.util.concurrent.ThreadPoolExecutor.runWorker(ThreadPoolExecutor.java:1130)
        at java.base@21.0.7/java.util.concurrent.ThreadPoolExecutor$Worker.run(ThreadPoolExecutor.java:642)
        at java.base@21.0.7/java.lang.Thread.runWith(Thread.java:1596)
        at java.base@21.0.7/java.lang.Thread.run(Thread.java:1583)
"grpc-default-worker-ELG-5-3" daemon prio=5 tid=1550 runnable
java.lang.Thread.State: RUNNABLE
        at app//org.apache.ratis.thirdparty.io.netty.channel.epoll.Native.epollWait(Native Method)
        at app//org.apache.ratis.thirdparty.io.netty.channel.epoll.Native.epollWait(Native.java:220)
        at app//org.apache.ratis.thirdparty.io.netty.channel.epoll.Native.epollWait(Native.java:213)
        at app//org.apache.ratis.thirdparty.io.netty.channel.epoll.EpollEventLoop.epollWaitNoTimerChange(EpollEventLoop.java:308)
        at app//org.apache.ratis.thirdparty.io.netty.channel.epoll.EpollEventLoop.run(EpollEventLoop.java:365)
        at app//org.apache.ratis.thirdparty.io.netty.util.concurrent.SingleThreadEventExecutor$4.run(SingleThreadEventExecutor.java:997)
        at app//org.apache.ratis.thirdparty.io.netty.util.internal.ThreadExecutorMap$2.run(ThreadExecutorMap.java:74)
        at app//org.apache.ratis.thirdparty.io.netty.util.concurrent.FastThreadLocalRunnable.run(FastThreadLocalRunnable.java:30)
        at java.base@21.0.7/java.lang.Thread.runWith(Thread.java:1596)
        at java.base@21.0.7/java.lang.Thread.run(Thread.java:1583)
"om1-SnapshotDiffCleanupService#0" daemon prio=5 tid=1118 timed_waiting
java.lang.Thread.State: TIMED_WAITING
        at java.base@21.0.7/jdk.internal.misc.Unsafe.park(Native Method)
        at java.base@21.0.7/java.util.concurrent.locks.LockSupport.parkNanos(LockSupport.java:269)
        at java.base@21.0.7/java.util.concurrent.locks.AbstractQueuedSynchronizer$ConditionObject.awaitNanos(AbstractQueuedSynchronizer.java:1763)
        at java.base@21.0.7/java.util.concurrent.ScheduledThreadPoolExecutor$DelayedWorkQueue.take(ScheduledThreadPoolExecutor.java:1182)
        at java.base@21.0.7/java.util.concurrent.ScheduledThreadPoolExecutor$DelayedWorkQueue.take(ScheduledThreadPoolExecutor.java:899)
        at java.base@21.0.7/java.util.concurrent.ThreadPoolExecutor.getTask(ThreadPoolExecutor.java:1070)
        at java.base@21.0.7/java.util.concurrent.ThreadPoolExecutor.runWorker(ThreadPoolExecutor.java:1130)
        at java.base@21.0.7/java.util.concurrent.ThreadPoolExecutor$Worker.run(ThreadPoolExecutor.java:642)
        at java.base@21.0.7/java.lang.Thread.runWith(Thread.java:1596)
        at java.base@21.0.7/java.lang.Thread.run(Thread.java:1583)
"IPC Server idle connection scanner for port 15008" daemon prio=5 tid=503 in Object.wait()
java.lang.Thread.State: WAITING (on object monitor)
        at java.base@21.0.7/java.lang.Object.wait0(Native Method)
        at java.base@21.0.7/java.lang.Object.wait(Unknown Source)
        at java.base@21.0.7/java.lang.Object.wait(Unknown Source)
        at java.base@21.0.7/java.util.TimerThread.mainLoop(Timer.java:537)
        at java.base@21.0.7/java.util.TimerThread.run(Timer.java:516)
"process reaper" daemon prio=10 tid=29 timed_waiting
java.lang.Thread.State: TIMED_WAITING
        at java.base@21.0.7/jdk.internal.misc.Unsafe.park(Native Method)
        at java.base@21.0.7/java.util.concurrent.locks.LockSupport.parkNanos(LockSupport.java:410)
        at java.base@21.0.7/java.util.concurrent.LinkedTransferQueue$DualNode.await(LinkedTransferQueue.java:452)
        at java.base@21.0.7/java.util.concurrent.SynchronousQueue$Transferer.xferLifo(SynchronousQueue.java:194)
        at java.base@21.0.7/java.util.concurrent.SynchronousQueue.xfer(SynchronousQueue.java:235)
        at java.base@21.0.7/java.util.concurrent.SynchronousQueue.poll(SynchronousQueue.java:338)
        at java.base@21.0.7/java.util.concurrent.ThreadPoolExecutor.getTask(ThreadPoolExecutor.java:1069)
        at java.base@21.0.7/java.util.concurrent.ThreadPoolExecutor.runWorker(ThreadPoolExecutor.java:1130)
        at java.base@21.0.7/java.util.concurrent.ThreadPoolExecutor$Worker.run(ThreadPoolExecutor.java:642)
        at java.base@21.0.7/java.lang.Thread.runWith(Thread.java:1596)
        at java.base@21.0.7/java.lang.Thread.run(Thread.java:1583)
        at java.base@21.0.7/jdk.internal.misc.InnocuousThread.run(InnocuousThread.java:186)
"timer3" daemon prio=5 tid=1552 in Object.wait()
java.lang.Thread.State: WAITING (on object monitor)
        at java.base@21.0.7/java.lang.Object.wait0(Native Method)
        at java.base@21.0.7/java.lang.Object.wait(Object.java:366)
        at java.base@21.0.7/java.lang.Object.wait(Object.java:339)
        at java.base@21.0.7/java.util.TimerThread.mainLoop(Timer.java:537)
        at java.base@21.0.7/java.util.TimerThread.run(Timer.java:516)
"Attach Listener" daemon prio=9 tid=1110 runnable
java.lang.Thread.State: RUNNABLE
"Signal Dispatcher" daemon prio=9 tid=11 runnable
java.lang.Thread.State: RUNNABLE
"main"  prio=5 tid=1 runnable
java.lang.Thread.State: RUNNABLE
        at java.base@21.0.7/java.lang.Thread.dumpThreads(Native Method)
        at java.base@21.0.7/java.lang.Thread.getAllStackTraces(Thread.java:2522)
        at app//org.apache.ozone.test.TimedOutTestsListener.buildThreadDump(TimedOutTestsListener.java:81)
        at app//org.apache.ozone.test.TimedOutTestsListener.buildThreadDiagnosticString(TimedOutTestsListener.java:67)
        at app//org.apache.ozone.test.TimedOutTestsListener.lambda$executionFinished$0(TimedOutTestsListener.java:53)
        at app//org.apache.ozone.test.TimedOutTestsListener$$Lambda/0x00007fe5088f5a48.accept(Unknown Source)
        at java.base@21.0.7/java.util.Optional.ifPresent(Optional.java:178)
        at app//org.apache.ozone.test.TimedOutTestsListener.executionFinished(TimedOutTestsListener.java:49)
        at app//org.junit.platform.launcher.core.CompositeTestExecutionListener.lambda$executionFinished$10(CompositeTestExecutionListener.java:74)
        at app//org.junit.platform.launcher.core.CompositeTestExecutionListener$$Lambda/0x00007fe50885a8b8.accept(Unknown Source)
        at app//org.junit.platform.launcher.core.CompositeTestExecutionListener.lambda$notifyEach$21(CompositeTestExecutionListener.java:110)
        at app//org.junit.platform.launcher.core.CompositeTestExecutionListener$$Lambda/0x00007fe508120440.accept(Unknown Source)
        at app//org.junit.platform.commons.util.CollectionUtils.forEachInReverseOrder(CollectionUtils.java:243)
        at app//org.junit.platform.launcher.core.IterationOrder$2.forEach(IterationOrder.java:30)
        at app//org.junit.platform.launcher.core.CompositeTestExecutionListener.notifyEach(CompositeTestExecutionListener.java:108)
        at app//org.junit.platform.launcher.core.CompositeTestExecutionListener.executionFinished(CompositeTestExecutionListener.java:73)
        at app//org.junit.platform.launcher.core.ExecutionListenerAdapter.executionFinished(ExecutionListenerAdapter.java:57)
        at app//org.junit.platform.launcher.core.CompositeEngineExecutionListener.lambda$executionFinished$6(CompositeEngineExecutionListener.java:60)
        at app//org.junit.platform.launcher.core.CompositeEngineExecutionListener$$Lambda/0x00007fe508859570.accept(Unknown Source)
        at app//org.junit.platform.launcher.core.CompositeEngineExecutionListener.lambda$notifyEach$13(CompositeEngineExecutionListener.java:82)
        at app//org.junit.platform.launcher.core.CompositeEngineExecutionListener$$Lambda/0x00007fe508140218.accept(Unknown Source)
        at app//org.junit.platform.commons.util.CollectionUtils.forEachInReverseOrder(CollectionUtils.java:243)
        at app//org.junit.platform.launcher.core.IterationOrder$2.forEach(IterationOrder.java:30)
        at app//org.junit.platform.launcher.core.CompositeEngineExecutionListener.notifyEach(CompositeEngineExecutionListener.java:80)
        at app//org.junit.platform.launcher.core.CompositeEngineExecutionListener.executionFinished(CompositeEngineExecutionListener.java:59)
        at app//org.junit.platform.launcher.core.DelegatingEngineExecutionListener.executionFinished(DelegatingEngineExecutionListener.java:47)
        at app//org.junit.platform.launcher.core.StackTracePruningEngineExecutionListener.executionFinished(StackTracePruningEngineExecutionListener.java:46)
        at app//org.junit.platform.launcher.core.DelegatingEngineExecutionListener.executionFinished(DelegatingEngineExecutionListener.java:47)
        at app//org.junit.platform.launcher.core.OutcomeDelayingEngineExecutionListener.executionFinished(OutcomeDelayingEngineExecutionListener.java:63)
        at app//org.junit.platform.engine.support.hierarchical.NodeTestTask.reportCompletion(NodeTestTask.java:200)
        at app//org.junit.platform.engine.support.hierarchical.NodeTestTask.execute(NodeTestTask.java:105)
        at app//org.junit.platform.engine.support.hierarchical.SameThreadHierarchicalTestExecutorService$$Lambda/0x00007fe508146d20.accept(Unknown Source)
        at java.base@21.0.7/java.util.ArrayList.forEach(ArrayList.java:1596)
        at app//org.junit.platform.engine.support.hierarchical.SameThreadHierarchicalTestExecutorService.invokeAll(SameThreadHierarchicalTestExecutorService.java:41)
        at app//org.junit.platform.engine.support.hierarchical.NodeTestTask.lambda$executeRecursively$6(NodeTestTask.java:160)
        at app//org.junit.platform.engine.support.hierarchical.NodeTestTask$$Lambda/0x00007fe508143bf0.execute(Unknown Source)
        at app//org.junit.platform.engine.support.hierarchical.ThrowableCollector.execute(ThrowableCollector.java:73)
        at app//org.junit.platform.engine.support.hierarchical.NodeTestTask.lambda$executeRecursively$8(NodeTestTask.java:146)
        at app//org.junit.platform.engine.support.hierarchical.NodeTestTask$$Lambda/0x00007fe5081439d8.invoke(Unknown Source)
        at app//org.junit.platform.engine.support.hierarchical.Node.around(Node.java:137)
        at app//org.junit.platform.engine.support.hierarchical.NodeTestTask.lambda$executeRecursively$9(NodeTestTask.java:144)
        at app//org.junit.platform.engine.support.hierarchical.NodeTestTask$$Lambda/0x00007fe5081435d0.execute(Unknown Source)
        at app//org.junit.platform.engine.support.hierarchical.ThrowableCollector.execute(ThrowableCollector.java:73)
        at app//org.junit.platform.engine.support.hierarchical.NodeTestTask.executeRecursively(NodeTestTask.java:143)
        at app//org.junit.platform.engine.support.hierarchical.NodeTestTask.execute(NodeTestTask.java:100)
        at app//org.junit.platform.engine.support.hierarchical.SameThreadHierarchicalTestExecutorService$$Lambda/0x00007fe508146d20.accept(Unknown Source)
        at java.base@21.0.7/java.util.ArrayList.forEach(ArrayList.java:1596)
        at app//org.junit.platform.engine.support.hierarchical.SameThreadHierarchicalTestExecutorService.invokeAll(SameThreadHierarchicalTestExecutorService.java:41)
        at app//org.junit.platform.engine.support.hierarchical.NodeTestTask.lambda$executeRecursively$6(NodeTestTask.java:160)
        at app//org.junit.platform.engine.support.hierarchical.NodeTestTask$$Lambda/0x00007fe508143bf0.execute(Unknown Source)
        at app//org.junit.platform.engine.support.hierarchical.ThrowableCollector.execute(ThrowableCollector.java:73)
        at app//org.junit.platform.engine.support.hierarchical.NodeTestTask.lambda$executeRecursively$8(NodeTestTask.java:146)
        at app//org.junit.platform.engine.support.hierarchical.NodeTestTask$$Lambda/0x00007fe5081439d8.invoke(Unknown Source)
        at app//org.junit.platform.engine.support.hierarchical.Node.around(Node.java:137)
        at app//org.junit.platform.engine.support.hierarchical.NodeTestTask.lambda$executeRecursively$9(NodeTestTask.java:144)
        at app//org.junit.platform.engine.support.hierarchical.NodeTestTask$$Lambda/0x00007fe5081435d0.execute(Unknown Source)
        at app//org.junit.platform.engine.support.hierarchical.ThrowableCollector.execute(ThrowableCollector.java:73)
        at app//org.junit.platform.engine.support.hierarchical.NodeTestTask.executeRecursively(NodeTestTask.java:143)
        at app//org.junit.platform.engine.support.hierarchical.NodeTestTask.execute(NodeTestTask.java:100)
        at app//org.junit.platform.engine.support.hierarchical.SameThreadHierarchicalTestExecutorService.submit(SameThreadHierarchicalTestExecutorService.java:35)
        at app//org.junit.platform.engine.support.hierarchical.HierarchicalTestExecutor.execute(HierarchicalTestExecutor.java:57)
        at app//org.junit.platform.engine.support.hierarchical.HierarchicalTestEngine.execute(HierarchicalTestEngine.java:54)
        at app//org.junit.platform.launcher.core.EngineExecutionOrchestrator.execute(EngineExecutionOrchestrator.java:201)
        at app//org.junit.platform.launcher.core.EngineExecutionOrchestrator.execute(EngineExecutionOrchestrator.java:170)
        at app//org.junit.platform.launcher.core.EngineExecutionOrchestrator.execute(EngineExecutionOrchestrator.java:94)
        at app//org.junit.platform.launcher.core.EngineExecutionOrchestrator.lambda$execute$0(EngineExecutionOrchestrator.java:59)
        at app//org.junit.platform.launcher.core.EngineExecutionOrchestrator$$Lambda/0x00007fe50811a6a8.accept(Unknown Source)
        at app//org.junit.platform.launcher.core.EngineExecutionOrchestrator.withInterceptedStreams(EngineExecutionOrchestrator.java:142)
        at app//org.junit.platform.launcher.core.EngineExecutionOrchestrator.execute(EngineExecutionOrchestrator.java:58)
        at app//org.junit.platform.launcher.core.DefaultLauncher.execute(DefaultLauncher.java:103)
        at app//org.junit.platform.launcher.core.DefaultLauncher.execute(DefaultLauncher.java:85)
        at app//org.junit.platform.launcher.core.DelegatingLauncher.execute(DelegatingLauncher.java:47)
        at app//org.junit.platform.launcher.core.InterceptingLauncher.lambda$execute$1(InterceptingLauncher.java:39)
        at app//org.junit.platform.launcher.core.InterceptingLauncher$$Lambda/0x00007fe50809e4b8.proceed(Unknown Source)
        at app//org.junit.platform.launcher.core.ClasspathAlignmentCheckingLauncherInterceptor.intercept(ClasspathAlignmentCheckingLauncherInterceptor.java:25)
        at app//org.junit.platform.launcher.core.InterceptingLauncher.execute(InterceptingLauncher.java:38)
        at app//org.junit.platform.launcher.core.DelegatingLauncher.execute(DelegatingLauncher.java:47)
        at app//org.apache.maven.surefire.junitplatform.LazyLauncher.execute(LazyLauncher.java:56)
        at app//org.apache.maven.surefire.junitplatform.JUnitPlatformProvider.execute(JUnitPlatformProvider.java:184)
        at app//org.apache.maven.surefire.junitplatform.JUnitPlatformProvider.invokeAllTests(JUnitPlatformProvider.java:148)
        at app//org.apache.maven.surefire.junitplatform.JUnitPlatformProvider.invoke(JUnitPlatformProvider.java:120)
        at app//org.apache.maven.surefire.booter.ForkedBooter.runSuitesInProcess(ForkedBooter.java:385)
        at app//org.apache.maven.surefire.booter.ForkedBooter.execute(ForkedBooter.java:162)
        at app//org.apache.maven.surefire.booter.ForkedBooter.run(ForkedBooter.java:507)
        at app//org.apache.maven.surefire.booter.ForkedBooter.main(ForkedBooter.java:495)
"om1-SnapshotDiffCleanupService#0" daemon prio=5 tid=1091 timed_waiting
java.lang.Thread.State: TIMED_WAITING
        at java.base@21.0.7/jdk.internal.misc.Unsafe.park(Native Method)
        at java.base@21.0.7/java.util.concurrent.locks.LockSupport.parkNanos(LockSupport.java:269)
        at java.base@21.0.7/java.util.concurrent.locks.AbstractQueuedSynchronizer$ConditionObject.awaitNanos(AbstractQueuedSynchronizer.java:1763)
        at java.base@21.0.7/java.util.concurrent.ScheduledThreadPoolExecutor$DelayedWorkQueue.take(ScheduledThreadPoolExecutor.java:1182)
        at java.base@21.0.7/java.util.concurrent.ScheduledThreadPoolExecutor$DelayedWorkQueue.take(ScheduledThreadPoolExecutor.java:899)
        at java.base@21.0.7/java.util.concurrent.ThreadPoolExecutor.getTask(ThreadPoolExecutor.java:1070)
        at java.base@21.0.7/java.util.concurrent.ThreadPoolExecutor.runWorker(ThreadPoolExecutor.java:1130)
        at java.base@21.0.7/java.util.concurrent.ThreadPoolExecutor$Worker.run(ThreadPoolExecutor.java:642)
        at java.base@21.0.7/java.lang.Thread.runWith(Thread.java:1596)
        at java.base@21.0.7/java.lang.Thread.run(Thread.java:1583)
"om1-groupManagement"  prio=5 tid=778 in Object.wait()
java.lang.Thread.State: WAITING (on object monitor)
        at java.base@21.0.7/jdk.internal.misc.Unsafe.park(Native Method)
        at java.base@21.0.7/java.util.concurrent.locks.LockSupport.park(LockSupport.java:371)
        at java.base@21.0.7/java.util.concurrent.locks.AbstractQueuedSynchronizer$ConditionNode.block(AbstractQueuedSynchronizer.java:519)
        at java.base@21.0.7/java.util.concurrent.ForkJoinPool.unmanagedBlock(ForkJoinPool.java:3780)
        at java.base@21.0.7/java.util.concurrent.ForkJoinPool.managedBlock(ForkJoinPool.java:3725)
        at java.base@21.0.7/java.util.concurrent.locks.AbstractQueuedSynchronizer$ConditionObject.await(AbstractQueuedSynchronizer.java:1712)
        at java.base@21.0.7/java.util.concurrent.LinkedBlockingQueue.take(LinkedBlockingQueue.java:435)
        at java.base@21.0.7/java.util.concurrent.ThreadPoolExecutor.getTask(ThreadPoolExecutor.java:1070)
        at java.base@21.0.7/java.util.concurrent.ThreadPoolExecutor.runWorker(ThreadPoolExecutor.java:1130)
        at java.base@21.0.7/java.util.concurrent.ThreadPoolExecutor$Worker.run(ThreadPoolExecutor.java:642)
        at java.base@21.0.7/java.lang.Thread.runWith(Thread.java:1596)
        at java.base@21.0.7/java.lang.Thread.run(Thread.java:1583)
"timer2" daemon prio=5 tid=1551 in Object.wait()
java.lang.Thread.State: WAITING (on object monitor)
        at java.base@21.0.7/java.lang.Object.wait0(Native Method)
        at java.base@21.0.7/java.lang.Object.wait(Object.java:366)
        at java.base@21.0.7/java.lang.Object.wait(Object.java:339)
        at java.base@21.0.7/java.util.TimerThread.mainLoop(Timer.java:537)
        at java.base@21.0.7/java.util.TimerThread.run(Timer.java:516)
"volumeTable_FullTableCache-Cleanup-0" daemon prio=5 tid=1938 timed_waiting
java.lang.Thread.State: TIMED_WAITING
        at java.base@21.0.7/jdk.internal.misc.Unsafe.park(Native Method)
        at java.base@21.0.7/java.util.concurrent.locks.LockSupport.parkNanos(LockSupport.java:269)
        at java.base@21.0.7/java.util.concurrent.locks.AbstractQueuedSynchronizer$ConditionObject.awaitNanos(AbstractQueuedSynchronizer.java:1763)
        at java.base@21.0.7/java.util.concurrent.ScheduledThreadPoolExecutor$DelayedWorkQueue.take(ScheduledThreadPoolExecutor.java:1182)
        at java.base@21.0.7/java.util.concurrent.ScheduledThreadPoolExecutor$DelayedWorkQueue.take(ScheduledThreadPoolExecutor.java:899)
        at java.base@21.0.7/java.util.concurrent.ThreadPoolExecutor.getTask(ThreadPoolExecutor.java:1070)
        at java.base@21.0.7/java.util.concurrent.ThreadPoolExecutor.runWorker(ThreadPoolExecutor.java:1130)
        at java.base@21.0.7/java.util.concurrent.ThreadPoolExecutor$Worker.run(ThreadPoolExecutor.java:642)
        at java.base@21.0.7/java.lang.Thread.runWith(Thread.java:1596)
        at java.base@21.0.7/java.lang.Thread.run(Thread.java:1583)
"surefire-process-checker" daemon prio=5 tid=26 timed_waiting
java.lang.Thread.State: TIMED_WAITING
        at java.base@21.0.7/jdk.internal.misc.Unsafe.park(Native Method)
        at java.base@21.0.7/java.util.concurrent.locks.LockSupport.parkNanos(LockSupport.java:269)
        at java.base@21.0.7/java.util.concurrent.locks.AbstractQueuedSynchronizer$ConditionObject.awaitNanos(AbstractQueuedSynchronizer.java:1763)
        at java.base@21.0.7/java.util.concurrent.ScheduledThreadPoolExecutor$DelayedWorkQueue.take(ScheduledThreadPoolExecutor.java:1182)
        at java.base@21.0.7/java.util.concurrent.ScheduledThreadPoolExecutor$DelayedWorkQueue.take(ScheduledThreadPoolExecutor.java:899)
        at java.base@21.0.7/java.util.concurrent.ThreadPoolExecutor.getTask(ThreadPoolExecutor.java:1070)
        at java.base@21.0.7/java.util.concurrent.ThreadPoolExecutor.runWorker(ThreadPoolExecutor.java:1130)
        at java.base@21.0.7/java.util.concurrent.ThreadPoolExecutor$Worker.run(ThreadPoolExecutor.java:642)
        at java.base@21.0.7/java.lang.Thread.runWith(Thread.java:1596)
        at java.base@21.0.7/java.lang.Thread.run(Thread.java:1583)
"CompactionDagPruningService" daemon prio=5 tid=1114 timed_waiting
java.lang.Thread.State: TIMED_WAITING
        at java.base@21.0.7/jdk.internal.misc.Unsafe.park(Native Method)
        at java.base@21.0.7/java.util.concurrent.locks.LockSupport.parkNanos(LockSupport.java:269)
        at java.base@21.0.7/java.util.concurrent.locks.AbstractQueuedSynchronizer$ConditionObject.awaitNanos(AbstractQueuedSynchronizer.java:1763)
        at java.base@21.0.7/java.util.concurrent.ScheduledThreadPoolExecutor$DelayedWorkQueue.take(ScheduledThreadPoolExecutor.java:1182)
        at java.base@21.0.7/java.util.concurrent.ScheduledThreadPoolExecutor$DelayedWorkQueue.take(ScheduledThreadPoolExecutor.java:899)
        at java.base@21.0.7/java.util.concurrent.ThreadPoolExecutor.getTask(ThreadPoolExecutor.java:1070)
        at java.base@21.0.7/java.util.concurrent.ThreadPoolExecutor.runWorker(ThreadPoolExecutor.java:1130)
        at java.base@21.0.7/java.util.concurrent.ThreadPoolExecutor$Worker.run(ThreadPoolExecutor.java:642)
        at java.base@21.0.7/java.lang.Thread.runWith(Thread.java:1596)
        at java.base@21.0.7/java.lang.Thread.run(Thread.java:1583)
"om1-groupManagement"  prio=5 tid=2269 in Object.wait()
java.lang.Thread.State: WAITING (on object monitor)
        at java.base@21.0.7/jdk.internal.misc.Unsafe.park(Native Method)
        at java.base@21.0.7/java.util.concurrent.locks.LockSupport.park(LockSupport.java:371)
        at java.base@21.0.7/java.util.concurrent.locks.AbstractQueuedSynchronizer$ConditionNode.block(AbstractQueuedSynchronizer.java:519)
        at java.base@21.0.7/java.util.concurrent.ForkJoinPool.unmanagedBlock(ForkJoinPool.java:3780)
        at java.base@21.0.7/java.util.concurrent.ForkJoinPool.managedBlock(ForkJoinPool.java:3725)
        at java.base@21.0.7/java.util.concurrent.locks.AbstractQueuedSynchronizer$ConditionObject.await(AbstractQueuedSynchronizer.java:1712)
        at java.base@21.0.7/java.util.concurrent.LinkedBlockingQueue.take(LinkedBlockingQueue.java:435)
        at java.base@21.0.7/java.util.concurrent.ThreadPoolExecutor.getTask(ThreadPoolExecutor.java:1070)
        at java.base@21.0.7/java.util.concurrent.ThreadPoolExecutor.runWorker(ThreadPoolExecutor.java:1130)
        at java.base@21.0.7/java.util.concurrent.ThreadPoolExecutor$Worker.run(ThreadPoolExecutor.java:642)
        at java.base@21.0.7/java.lang.Thread.runWith(Thread.java:1596)
        at java.base@21.0.7/java.lang.Thread.run(Thread.java:1583)
"om1-SnapshotDiffCleanupService#0" daemon prio=5 tid=2266 timed_waiting
java.lang.Thread.State: TIMED_WAITING
        at java.base@21.0.7/jdk.internal.misc.Unsafe.park(Native Method)
        at java.base@21.0.7/java.util.concurrent.locks.LockSupport.parkNanos(LockSupport.java:269)
        at java.base@21.0.7/java.util.concurrent.locks.AbstractQueuedSynchronizer$ConditionObject.awaitNanos(AbstractQueuedSynchronizer.java:1763)
        at java.base@21.0.7/java.util.concurrent.ScheduledThreadPoolExecutor$DelayedWorkQueue.take(ScheduledThreadPoolExecutor.java:1182)
        at java.base@21.0.7/java.util.concurrent.ScheduledThreadPoolExecutor$DelayedWorkQueue.take(ScheduledThreadPoolExecutor.java:899)
        at java.base@21.0.7/java.util.concurrent.ThreadPoolExecutor.getTask(ThreadPoolExecutor.java:1070)
        at java.base@21.0.7/java.util.concurrent.ThreadPoolExecutor.runWorker(ThreadPoolExecutor.java:1130)
        at java.base@21.0.7/java.util.concurrent.ThreadPoolExecutor$Worker.run(ThreadPoolExecutor.java:642)
        at java.base@21.0.7/java.lang.Thread.runWith(Thread.java:1596)
        at java.base@21.0.7/java.lang.Thread.run(Thread.java:1583)
"timer5" daemon prio=5 tid=1557 in Object.wait()
java.lang.Thread.State: WAITING (on object monitor)
        at java.base@21.0.7/java.lang.Object.wait0(Native Method)
        at java.base@21.0.7/java.lang.Object.wait(Object.java:366)
        at java.base@21.0.7/java.lang.Object.wait(Object.java:339)
        at java.base@21.0.7/java.util.TimerThread.mainLoop(Timer.java:537)
        at java.base@21.0.7/java.util.TimerThread.run(Timer.java:516)
"bucketTable_FullTableCache-Cleanup-0" daemon prio=5 tid=771 timed_waiting
java.lang.Thread.State: TIMED_WAITING
        at java.base@21.0.7/jdk.internal.misc.Unsafe.park(Native Method)
        at java.base@21.0.7/java.util.concurrent.locks.LockSupport.parkNanos(LockSupport.java:269)
        at java.base@21.0.7/java.util.concurrent.locks.AbstractQueuedSynchronizer$ConditionObject.awaitNanos(AbstractQueuedSynchronizer.java:1763)
        at java.base@21.0.7/java.util.concurrent.ScheduledThreadPoolExecutor$DelayedWorkQueue.take(ScheduledThreadPoolExecutor.java:1182)
        at java.base@21.0.7/java.util.concurrent.ScheduledThreadPoolExecutor$DelayedWorkQueue.take(ScheduledThreadPoolExecutor.java:899)
        at java.base@21.0.7/java.util.concurrent.ThreadPoolExecutor.getTask(ThreadPoolExecutor.java:1070)
        at java.base@21.0.7/java.util.concurrent.ThreadPoolExecutor.runWorker(ThreadPoolExecutor.java:1130)
        at java.base@21.0.7/java.util.concurrent.ThreadPoolExecutor$Worker.run(ThreadPoolExecutor.java:642)
        at java.base@21.0.7/java.lang.Thread.runWith(Thread.java:1596)
        at java.base@21.0.7/java.lang.Thread.run(Thread.java:1583)
"grpc-default-worker-ELG-5-4" daemon prio=5 tid=1553 runnable
java.lang.Thread.State: RUNNABLE
        at app//org.apache.ratis.thirdparty.io.netty.channel.epoll.Native.epollWait(Native Method)
        at app//org.apache.ratis.thirdparty.io.netty.channel.epoll.Native.epollWait(Native.java:220)
        at app//org.apache.ratis.thirdparty.io.netty.channel.epoll.Native.epollWait(Native.java:213)
        at app//org.apache.ratis.thirdparty.io.netty.channel.epoll.EpollEventLoop.epollWaitNoTimerChange(EpollEventLoop.java:308)
        at app//org.apache.ratis.thirdparty.io.netty.channel.epoll.EpollEventLoop.run(EpollEventLoop.java:365)
        at app//org.apache.ratis.thirdparty.io.netty.util.concurrent.SingleThreadEventExecutor$4.run(SingleThreadEventExecutor.java:997)
        at app//org.apache.ratis.thirdparty.io.netty.util.internal.ThreadExecutorMap$2.run(ThreadExecutorMap.java:74)
        at app//org.apache.ratis.thirdparty.io.netty.util.concurrent.FastThreadLocalRunnable.run(FastThreadLocalRunnable.java:30)
        at java.base@21.0.7/java.lang.Thread.runWith(Thread.java:1596)
        at java.base@21.0.7/java.lang.Thread.run(Thread.java:1583)
"Notification Thread" daemon prio=9 tid=22 runnable
java.lang.Thread.State: RUNNABLE

]]></system-err>
  </testcase>
  <testcase name="testCertificateRotationRecoverableFailure" classname="org.apache.hadoop.ozone.TestSecureOzoneCluster" time="21.285">
    <failure message="&#10;Expecting actual:&#10;  &quot;2025-05-13 07:49:57,988 [main] INFO  security.OMCertificateClient (DefaultCertificateClient.java:updateCertSerialId(1289)) - Certificate serial ID set to 1395303&#10;2025-05-13 07:49:57,989 [main] INFO  security.OMCertificateClient (DefaultCertificateClient.java:readCertificateFile(247)) - Added certificate 1395303 from file: /tmp/junit-3070183987745344977/om-meta/om/certs/certificate.crt.&#10;2025-05-13 07:49:57,989 [main] INFO  security.OMCertificateClient (DefaultCertificateClient.java:startCertificateRenewerService(1380)) - CertificateRenewerService for om is started with first delay 9010 ms and interval 3333 ms.&#10;2025-05-13 07:49:57,990 [main] INFO  security.OMCertificateClient (DefaultCertificateClient.java:init(717)) - Certificate client init case: 7&#10;2025-05-13 07:49:57,990 [main] INFO  security.OMCertificateClient (DefaultCertificateClient.java:handleCase(778)) - Found certificate file along with KeyPair.&#10;2025-05-13 07:49:57,994 [main] INFO  security.OMCertificateClient (DefaultCertificateClient.java:validateKeyPairAndCertificate(830)) - Keypair validated.&#10;2025-05-13 07:49:57,998 [main] INFO  security.OMCertificateClient (DefaultCertificateClient.java:validateKeyPairAndCertificate(833)) - Keypair validated with certificate.&#10;&quot;&#10;to contain:&#10;  &quot;Error while signing and storing SCM signed certificate.&quot; " type="java.lang.AssertionError"><![CDATA[java.lang.AssertionError: 

Expecting actual:
  "2025-05-13 07:49:57,988 [main] INFO  security.OMCertificateClient (DefaultCertificateClient.java:updateCertSerialId(1289)) - Certificate serial ID set to 1395303
2025-05-13 07:49:57,989 [main] INFO  security.OMCertificateClient (DefaultCertificateClient.java:readCertificateFile(247)) - Added certificate 1395303 from file: /tmp/junit-3070183987745344977/om-meta/om/certs/certificate.crt.
2025-05-13 07:49:57,989 [main] INFO  security.OMCertificateClient (DefaultCertificateClient.java:startCertificateRenewerService(1380)) - CertificateRenewerService for om is started with first delay 9010 ms and interval 3333 ms.
2025-05-13 07:49:57,990 [main] INFO  security.OMCertificateClient (DefaultCertificateClient.java:init(717)) - Certificate client init case: 7
2025-05-13 07:49:57,990 [main] INFO  security.OMCertificateClient (DefaultCertificateClient.java:handleCase(778)) - Found certificate file along with KeyPair.
2025-05-13 07:49:57,994 [main] INFO  security.OMCertificateClient (DefaultCertificateClient.java:validateKeyPairAndCertificate(830)) - Keypair validated.
2025-05-13 07:49:57,998 [main] INFO  security.OMCertificateClient (DefaultCertificateClient.java:validateKeyPairAndCertificate(833)) - Keypair validated with certificate.
"
to contain:
  "Error while signing and storing SCM signed certificate." 
	at org.apache.hadoop.ozone.TestSecureOzoneCluster.testCertificateRotationRecoverableFailure(TestSecureOzoneCluster.java:1063)
	at java.base/java.lang.reflect.Method.invoke(Method.java:580)
	at java.base/java.util.ArrayList.forEach(ArrayList.java:1596)
	at java.base/java.util.ArrayList.forEach(ArrayList.java:1596)
]]></failure>
    <system-out><![CDATA[2025-05-13 07:49:57,736 [main] INFO  minikdc.MiniKdc (MiniKdc.java:<init>(225)) - Configuration:
2025-05-13 07:49:57,736 [main] INFO  minikdc.MiniKdc (MiniKdc.java:<init>(226)) - ---------------------------------------------------------------
2025-05-13 07:49:57,736 [main] INFO  minikdc.MiniKdc (MiniKdc.java:<init>(228)) -   max.renewable.lifetime: 604800000
2025-05-13 07:49:57,736 [main] INFO  minikdc.MiniKdc (MiniKdc.java:<init>(228)) -   instance: DefaultKrbServer
2025-05-13 07:49:57,736 [main] INFO  minikdc.MiniKdc (MiniKdc.java:<init>(228)) -   debug: false
2025-05-13 07:49:57,736 [main] INFO  minikdc.MiniKdc (MiniKdc.java:<init>(228)) -   kdc.bind.address: localhost
2025-05-13 07:49:57,736 [main] INFO  minikdc.MiniKdc (MiniKdc.java:<init>(228)) -   max.ticket.lifetime: 86400000
2025-05-13 07:49:57,736 [main] INFO  minikdc.MiniKdc (MiniKdc.java:<init>(228)) -   transport: TCP
2025-05-13 07:49:57,736 [main] INFO  minikdc.MiniKdc (MiniKdc.java:<init>(228)) -   org.name: EXAMPLE
2025-05-13 07:49:57,736 [main] INFO  minikdc.MiniKdc (MiniKdc.java:<init>(228)) -   org.domain: COM
2025-05-13 07:49:57,736 [main] INFO  minikdc.MiniKdc (MiniKdc.java:<init>(228)) -   kdc.port: 0
2025-05-13 07:49:57,736 [main] INFO  minikdc.MiniKdc (MiniKdc.java:<init>(230)) - ---------------------------------------------------------------
2025-05-13 07:49:57,737 [main] INFO  minikdc.MiniKdc (MiniKdc.java:start(285)) - MiniKdc started.
2025-05-13 07:49:57,966 [main] INFO  keys.KeyStorage (KeyStorage.java:storePublicKey(210)) - Storing public key to /tmp/junit-3070183987745344977/om-meta/om/keys/public.pem.
2025-05-13 07:49:57,966 [main] INFO  keys.KeyStorage (KeyStorage.java:storePrivateKey(194)) - Storing private key to /tmp/junit-3070183987745344977/om-meta/om/keys/private.pem.
2025-05-13 07:49:57,966 [main] INFO  om.OzoneManager (OzoneManager.java:getOmDetailsProto(4941)) - OzoneManager ports added:[name: "RPC"
value: 15069
]
2025-05-13 07:49:57,967 [main] WARN  server.ServerUtils (ServerUtils.java:getDBPath(292)) - ozone.om.db.dirs is not configured. We recommend adding this setting. Falling back to ozone.metadata.dirs instead.
2025-05-13 07:49:57,967 [main] INFO  keys.KeyStorage (KeyStorage.java:readPublicKey(174)) - Reading public key from /tmp/junit-3070183987745344977/om-meta/om/keys/public.pem.
2025-05-13 07:49:57,968 [main] INFO  keys.KeyStorage (KeyStorage.java:readPrivateKey(158)) - Reading private key from /tmp/junit-3070183987745344977/om-meta/om/keys/private.pem.
2025-05-13 07:49:57,970 [main] INFO  utils.SelfSignedCertificate (SelfSignedCertificate.java:generateCertificate(156)) - Certificate 1395303 is issued by SERIALNUMBER=1395303, O=cluster, OU=test, CN=localhost to SERIALNUMBER=1395303, O=cluster, OU=test, CN=localhost, valid from Tue May 13 07:49:57 UTC 2025 to Tue May 13 07:50:17 UTC 2025
2025-05-13 07:49:57,970 [main] INFO  utils.CertificateCodec (CertificateCodec.java:writeCertificate(239)) - Save certificate to /tmp/junit-3070183987745344977/om-meta/om/certs/certificate.crt
2025-05-13 07:49:57,970 [main] INFO  utils.CertificateCodec (CertificateCodec.java:writeCertificate(240)) - Certificate -----BEGIN CERTIFICATE-----
MIIDCTCCAfGgAwIBAgIDFUpnMA0GCSqGSIb3DQEBCwUAMEcxEjAQBgNVBAMMCWxv
Y2FsaG9zdDENMAsGA1UECwwEdGVzdDEQMA4GA1UECgwHY2x1c3RlcjEQMA4GA1UE
BRMHMTM5NTMwMzAeFw0yNTA1MTMwNzQ5NTdaFw0yNTA1MTMwNzUwMTdaMEcxEjAQ
BgNVBAMMCWxvY2FsaG9zdDENMAsGA1UECwwEdGVzdDEQMA4GA1UECgwHY2x1c3Rl
cjEQMA4GA1UEBRMHMTM5NTMwMzCCASIwDQYJKoZIhvcNAQEBBQADggEPADCCAQoC
ggEBAKjReQ4SlsXr2RQFGE9IqRhAmtKlBIQxiDrZuPMhdqPTp9rtoPqrWumsNK0D
a5JDEy7iaAkoKt/Cc9OWwvJU2WQYunJMVF2irH7lCac72l40SeNIgVyobtK0Qre/
rjzw7AA1PI8ZXjLv4FoUmLJE63hl1NKV6XzQnWpKHK7KCymqanZCrm0bde4JV8zQ
bm85z4cA/iJcn69BWuXOvCoeDS0q5JqbC9E6uUbdJVejHV0neyHIEm6xTPwya6Cn
tHwC+z8TEZZW0SMQX/pqHjWF3RNQy9kc5Jg7RY2mPvVY9w4vL0QaaZjbjyvlDEeb
nnVDmDTDdNndqg1xT5A6Pn0g1eMCAwEAATANBgkqhkiG9w0BAQsFAAOCAQEAWxNU
6a1qLUluKo/tFLkGcwaqpLD1j6Aa1MNCtw7vU9HIzUz6oIhyxUNQwLa8YqpqRYXc
7lTi6Cy6iwV7Hjz8983XkwW8XUFQkCdsxsxgCB+nXF6ZikehF8xf9W5XvZ1iQIh9
QseKj1CJAB76sctlSD0P6+WKuwf0Puu1DgfWFfCa0GWvArqqAVYDAaSn1SaIawV5
//R8Cbawj03isJOAUlSPEzU0A7Ptv/MitW8VSrR+2p7cNCPY57XWVk/hKw7NwHfS
bGruxM7wEJqZGnP8Zv5MnKXbLtueAbM8kfAYxkhw2sqjgGEYur9DvEL/bzIFNwOM
aSQDwQ49PCs1BGQIDg==
-----END CERTIFICATE-----

2025-05-13 07:49:57,987 [main] INFO  utils.SelfSignedCertificate (SelfSignedCertificate.java:generateCertificate(156)) - Certificate 1395321 is issued by SERIALNUMBER=1395321, O=cluster, OU=test, CN=localhost to SERIALNUMBER=1395321, O=cluster, OU=test, CN=localhost, valid from Tue May 13 07:50:07 UTC 2025 to Tue May 13 07:50:27 UTC 2025
2025-05-13 07:49:57,988 [main] INFO  security.OMCertificateClient (DefaultCertificateClient.java:updateCertSerialId(1289)) - Certificate serial ID set to 1395303
2025-05-13 07:49:57,989 [main] INFO  security.OMCertificateClient (DefaultCertificateClient.java:readCertificateFile(247)) - Added certificate 1395303 from file: /tmp/junit-3070183987745344977/om-meta/om/certs/certificate.crt.
2025-05-13 07:49:57,989 [main] INFO  security.OMCertificateClient (DefaultCertificateClient.java:startCertificateRenewerService(1380)) - CertificateRenewerService for om is started with first delay 9010 ms and interval 3333 ms.
2025-05-13 07:49:57,990 [main] INFO  keys.KeyStorage (KeyStorage.java:readPrivateKey(158)) - Reading private key from /tmp/junit-3070183987745344977/om-meta/om/keys/private.pem.
2025-05-13 07:49:57,990 [main] INFO  keys.KeyStorage (KeyStorage.java:readPublicKey(174)) - Reading public key from /tmp/junit-3070183987745344977/om-meta/om/keys/public.pem.
2025-05-13 07:49:57,990 [main] INFO  security.OMCertificateClient (DefaultCertificateClient.java:init(717)) - Certificate client init case: 7
2025-05-13 07:49:57,990 [main] INFO  security.OMCertificateClient (DefaultCertificateClient.java:handleCase(778)) - Found certificate file along with KeyPair.
2025-05-13 07:49:57,994 [main] INFO  security.OMCertificateClient (DefaultCertificateClient.java:validateKeyPairAndCertificate(830)) - Keypair validated.
2025-05-13 07:49:57,998 [main] INFO  security.OMCertificateClient (DefaultCertificateClient.java:validateKeyPairAndCertificate(833)) - Keypair validated with certificate.
2025-05-13 07:49:59,582 [om1-om-CertificateRenewerService] INFO  retry.RetryInvocationHandler (RetryInvocationHandler.java:log(426)) - com.google.protobuf.ServiceException: java.net.ConnectException: Call From pkrvmberfyhpb9w/10.1.0.36 to localhost:15024 failed on connection exception: java.net.ConnectException: Connection refused; For more details see:  http://wiki.apache.org/hadoop/ConnectionRefused, while invoking $Proxy45.submitRequest over nodeId=scmNodeId,nodeAddress=localhost/127.0.0.1:15024 after 196 failover attempts. Trying to failover after sleeping for 2000ms. Current retry count: 196.
2025-05-13 07:50:01,583 [om1-om-CertificateRenewerService] INFO  retry.RetryInvocationHandler (RetryInvocationHandler.java:log(426)) - com.google.protobuf.ServiceException: java.net.ConnectException: Call From pkrvmberfyhpb9w/10.1.0.36 to localhost:15024 failed on connection exception: java.net.ConnectException: Connection refused; For more details see:  http://wiki.apache.org/hadoop/ConnectionRefused, while invoking $Proxy45.submitRequest over nodeId=scmNodeId,nodeAddress=localhost/127.0.0.1:15024 after 197 failover attempts. Trying to failover after sleeping for 2000ms. Current retry count: 197.
2025-05-13 07:50:03,584 [om1-om-CertificateRenewerService] INFO  retry.RetryInvocationHandler (RetryInvocationHandler.java:log(426)) - com.google.protobuf.ServiceException: java.net.ConnectException: Call From pkrvmberfyhpb9w/10.1.0.36 to localhost:15024 failed on connection exception: java.net.ConnectException: Connection refused; For more details see:  http://wiki.apache.org/hadoop/ConnectionRefused, while invoking $Proxy45.submitRequest over nodeId=scmNodeId,nodeAddress=localhost/127.0.0.1:15024 after 198 failover attempts. Trying to failover after sleeping for 2000ms. Current retry count: 198.
2025-05-13 07:50:05,588 [om1-om-CertificateRenewerService] INFO  retry.RetryInvocationHandler (RetryInvocationHandler.java:log(426)) - com.google.protobuf.ServiceException: java.net.ConnectException: Call From pkrvmberfyhpb9w/10.1.0.36 to localhost:15024 failed on connection exception: java.net.ConnectException: Connection refused; For more details see:  http://wiki.apache.org/hadoop/ConnectionRefused, while invoking $Proxy45.submitRequest over nodeId=scmNodeId,nodeAddress=localhost/127.0.0.1:15024 after 199 failover attempts. Trying to failover after sleeping for 2000ms. Current retry count: 199.
2025-05-13 07:50:07,589 [om1-om-CertificateRenewerService] INFO  retry.RetryInvocationHandler (RetryInvocationHandler.java:log(426)) - com.google.protobuf.ServiceException: java.net.ConnectException: Call From pkrvmberfyhpb9w/10.1.0.36 to localhost:15024 failed on connection exception: java.net.ConnectException: Connection refused; For more details see:  http://wiki.apache.org/hadoop/ConnectionRefused, while invoking $Proxy45.submitRequest over nodeId=scmNodeId,nodeAddress=localhost/127.0.0.1:15024 after 200 failover attempts. Trying to failover after sleeping for 2000ms. Current retry count: 200.
2025-05-13 07:50:09,590 [om1-om-CertificateRenewerService] INFO  retry.RetryInvocationHandler (RetryInvocationHandler.java:log(426)) - com.google.protobuf.ServiceException: java.net.ConnectException: Call From pkrvmberfyhpb9w/10.1.0.36 to localhost:15024 failed on connection exception: java.net.ConnectException: Connection refused; For more details see:  http://wiki.apache.org/hadoop/ConnectionRefused, while invoking $Proxy45.submitRequest over nodeId=scmNodeId,nodeAddress=localhost/127.0.0.1:15024 after 201 failover attempts. Trying to failover after sleeping for 2000ms. Current retry count: 201.
2025-05-13 07:50:11,596 [om1-om-CertificateRenewerService] INFO  retry.RetryInvocationHandler (RetryInvocationHandler.java:log(426)) - com.google.protobuf.ServiceException: java.net.ConnectException: Call From pkrvmberfyhpb9w/10.1.0.36 to localhost:15024 failed on connection exception: java.net.ConnectException: Connection refused; For more details see:  http://wiki.apache.org/hadoop/ConnectionRefused, while invoking $Proxy45.submitRequest over nodeId=scmNodeId,nodeAddress=localhost/127.0.0.1:15024 after 202 failover attempts. Trying to failover after sleeping for 2000ms. Current retry count: 202.
2025-05-13 07:50:13,597 [om1-om-CertificateRenewerService] INFO  retry.RetryInvocationHandler (RetryInvocationHandler.java:log(426)) - com.google.protobuf.ServiceException: java.net.ConnectException: Call From pkrvmberfyhpb9w/10.1.0.36 to localhost:15024 failed on connection exception: java.net.ConnectException: Connection refused; For more details see:  http://wiki.apache.org/hadoop/ConnectionRefused, while invoking $Proxy45.submitRequest over nodeId=scmNodeId,nodeAddress=localhost/127.0.0.1:15024 after 203 failover attempts. Trying to failover after sleeping for 2000ms. Current retry count: 203.
2025-05-13 07:50:15,602 [om1-om-CertificateRenewerService] INFO  retry.RetryInvocationHandler (RetryInvocationHandler.java:log(426)) - com.google.protobuf.ServiceException: java.net.ConnectException: Call From pkrvmberfyhpb9w/10.1.0.36 to localhost:15024 failed on connection exception: java.net.ConnectException: Connection refused; For more details see:  http://wiki.apache.org/hadoop/ConnectionRefused, while invoking $Proxy45.submitRequest over nodeId=scmNodeId,nodeAddress=localhost/127.0.0.1:15024 after 204 failover attempts. Trying to failover after sleeping for 2000ms. Current retry count: 204.
2025-05-13 07:50:17,607 [om1-om-CertificateRenewerService] INFO  retry.RetryInvocationHandler (RetryInvocationHandler.java:log(426)) - com.google.protobuf.ServiceException: java.net.ConnectException: Call From pkrvmberfyhpb9w/10.1.0.36 to localhost:15024 failed on connection exception: java.net.ConnectException: Connection refused; For more details see:  http://wiki.apache.org/hadoop/ConnectionRefused, while invoking $Proxy45.submitRequest over nodeId=scmNodeId,nodeAddress=localhost/127.0.0.1:15024 after 205 failover attempts. Trying to failover after sleeping for 2000ms. Current retry count: 205.
2025-05-13 07:50:18,003 [main] INFO  impl.DefaultInternalKdcServerImpl (DefaultInternalKdcServerImpl.java:doStop(102)) - Default Internal kdc server stopped.
2025-05-13 07:50:19,004 [main] INFO  minikdc.MiniKdc (MiniKdc.java:stop(359)) - MiniKdc stopped.
]]></system-out>
  </testcase>
  <testcase name="testSecureOMInitializationFailure" classname="org.apache.hadoop.ozone.TestSecureOzoneCluster" time="8.759">
    <error message="Problem binding to [pkrvmberfyhpb9w.internal.cloudapp.net:15076] java.net.BindException: Cannot assign requested address; For more details see:  http://wiki.apache.org/hadoop/BindException" type="java.net.BindException"><![CDATA[java.net.BindException: Problem binding to [pkrvmberfyhpb9w.internal.cloudapp.net:15076] java.net.BindException: Cannot assign requested address; For more details see:  http://wiki.apache.org/hadoop/BindException
	at java.base/jdk.internal.reflect.DirectConstructorHandleAccessor.newInstance(DirectConstructorHandleAccessor.java:62)
	at java.base/java.lang.reflect.Constructor.newInstanceWithCaller(Constructor.java:502)
	at java.base/java.lang.reflect.Constructor.newInstance(Constructor.java:486)
	at org.apache.hadoop.net.NetUtils.wrapWithMessage(NetUtils.java:961)
	at org.apache.hadoop.net.NetUtils.wrapException(NetUtils.java:857)
	at org.apache.hadoop.ipc.Server.bind(Server.java:715)
	at org.apache.hadoop.ipc.Server$Listener.<init>(Server.java:1435)
	at org.apache.hadoop.ipc.Server.<init>(Server.java:3364)
	at org.apache.hadoop.ipc.RPC$Server.<init>(RPC.java:1195)
	at org.apache.hadoop.ipc.ProtobufRpcEngine2$Server.<init>(ProtobufRpcEngine2.java:485)
	at org.apache.hadoop.ipc.ProtobufRpcEngine$Server.<init>(ProtobufRpcEngine.java:452)
	at org.apache.hadoop.ipc.ProtobufRpcEngine.getServer(ProtobufRpcEngine.java:375)
	at org.apache.hadoop.ipc.RPC$Builder.build(RPC.java:986)
	at org.apache.hadoop.ozone.om.OzoneManager.startRpcServer(OzoneManager.java:1414)
	at org.apache.hadoop.ozone.om.OzoneManager.getRpcServer(OzoneManager.java:1376)
	at org.apache.hadoop.ozone.om.OzoneManager.<init>(OzoneManager.java:695)
	at org.apache.hadoop.ozone.om.OzoneManager.createOm(OzoneManager.java:877)
	at org.apache.hadoop.ozone.TestSecureOzoneCluster.setupOm(TestSecureOzoneCluster.java:716)
	at org.apache.hadoop.ozone.TestSecureOzoneCluster.testSecureOMInitializationFailure(TestSecureOzoneCluster.java:527)
	at java.base/java.lang.reflect.Method.invoke(Method.java:580)
	at java.base/java.util.ArrayList.forEach(ArrayList.java:1596)
	at java.base/java.util.ArrayList.forEach(ArrayList.java:1596)
Caused by: java.net.BindException: Cannot assign requested address
	at java.base/sun.nio.ch.Net.bind0(Native Method)
	at java.base/sun.nio.ch.Net.bind(Net.java:565)
	at java.base/sun.nio.ch.ServerSocketChannelImpl.netBind(ServerSocketChannelImpl.java:344)
	at java.base/sun.nio.ch.ServerSocketChannelImpl.bind(ServerSocketChannelImpl.java:301)
	at java.base/sun.nio.ch.ServerSocketAdaptor.bind(ServerSocketAdaptor.java:89)
	at org.apache.hadoop.ipc.Server.bind(Server.java:698)
	... 16 more
]]></error>
    <system-out><![CDATA[2025-05-13 07:50:19,025 [main] INFO  minikdc.MiniKdc (MiniKdc.java:<init>(225)) - Configuration:
2025-05-13 07:50:19,025 [main] INFO  minikdc.MiniKdc (MiniKdc.java:<init>(226)) - ---------------------------------------------------------------
2025-05-13 07:50:19,025 [main] INFO  minikdc.MiniKdc (MiniKdc.java:<init>(228)) -   max.renewable.lifetime: 604800000
2025-05-13 07:50:19,025 [main] INFO  minikdc.MiniKdc (MiniKdc.java:<init>(228)) -   instance: DefaultKrbServer
2025-05-13 07:50:19,025 [main] INFO  minikdc.MiniKdc (MiniKdc.java:<init>(228)) -   debug: false
2025-05-13 07:50:19,025 [main] INFO  minikdc.MiniKdc (MiniKdc.java:<init>(228)) -   kdc.bind.address: localhost
2025-05-13 07:50:19,025 [main] INFO  minikdc.MiniKdc (MiniKdc.java:<init>(228)) -   max.ticket.lifetime: 86400000
2025-05-13 07:50:19,025 [main] INFO  minikdc.MiniKdc (MiniKdc.java:<init>(228)) -   transport: TCP
2025-05-13 07:50:19,025 [main] INFO  minikdc.MiniKdc (MiniKdc.java:<init>(228)) -   org.name: EXAMPLE
2025-05-13 07:50:19,025 [main] INFO  minikdc.MiniKdc (MiniKdc.java:<init>(228)) -   org.domain: COM
2025-05-13 07:50:19,025 [main] INFO  minikdc.MiniKdc (MiniKdc.java:<init>(228)) -   kdc.port: 0
2025-05-13 07:50:19,025 [main] INFO  minikdc.MiniKdc (MiniKdc.java:<init>(230)) - ---------------------------------------------------------------
2025-05-13 07:50:19,027 [main] INFO  minikdc.MiniKdc (MiniKdc.java:start(285)) - MiniKdc started.
2025-05-13 07:50:19,090 [main] INFO  keys.KeyStorage (KeyStorage.java:storePublicKey(210)) - Storing public key to /tmp/junit-18061277176405108087/om-meta/om/keys/public.pem.
2025-05-13 07:50:19,090 [main] INFO  keys.KeyStorage (KeyStorage.java:storePrivateKey(194)) - Storing private key to /tmp/junit-18061277176405108087/om-meta/om/keys/private.pem.
2025-05-13 07:50:19,090 [main] INFO  om.OzoneManager (OzoneManager.java:getOmDetailsProto(4941)) - OzoneManager ports added:[name: "RPC"
value: 15076
]
2025-05-13 07:50:19,091 [main] WARN  server.ServerUtils (ServerUtils.java:getScmDbDir(138)) - ozone.scm.db.dirs is not configured. We recommend adding this setting. Falling back to ozone.metadata.dirs instead.
2025-05-13 07:50:19,091 [main] INFO  ha.HASecurityUtils (HASecurityUtils.java:initializeSecurity(79)) - Initializing secure StorageContainerManager.
2025-05-13 07:50:19,091 [main] INFO  proxy.SCMSecurityProtocolFailoverProxyProvider (SCMFailoverProxyProviderBase.java:<init>(120)) - Created fail-over proxy for protocol SCMSecurityProtocolPB with 1 nodes: [nodeId=scmNodeId,nodeAddress=localhost/127.0.0.1:15073]
2025-05-13 07:50:19,091 [main] INFO  client.SCMCertificateClient (DefaultCertificateClient.java:updateCertSerialId(1289)) - Certificate serial ID set to null
2025-05-13 07:50:19,091 [main] ERROR client.SCMCertificateClient (DefaultCertificateClient.java:getCertPath(373)) - Default certificate serial id is not set. Can't locate the default certificate for this client.
2025-05-13 07:50:19,092 [main] INFO  client.SCMCertificateClient (DefaultCertificateClient.java:init(717)) - Certificate client init case: 0
2025-05-13 07:50:19,092 [main] INFO  client.SCMCertificateClient (DefaultCertificateClient.java:handleCase(735)) - Creating keypair for client as keypair and certificate not found.
2025-05-13 07:50:19,169 [main] INFO  keys.KeyStorage (KeyStorage.java:storePublicKey(210)) - Storing public key to /tmp/junit-18061277176405108087/scm-meta/scm/sub-ca/keys/public.pem.
2025-05-13 07:50:19,170 [main] INFO  keys.KeyStorage (KeyStorage.java:storePrivateKey(194)) - Storing private key to /tmp/junit-18061277176405108087/scm-meta/scm/sub-ca/keys/private.pem.
2025-05-13 07:50:19,170 [main] INFO  client.SCMCertificateClient (SCMCertificateClient.java:recoverStateIfNeeded(278)) - Init response: GETCERT
2025-05-13 07:50:19,170 [main] INFO  keys.KeyStorage (KeyStorage.java:readPublicKey(174)) - Reading public key from /tmp/junit-18061277176405108087/scm-meta/scm/ca/keys/public.pem.
2025-05-13 07:50:19,170 [main] ERROR keys.KeyStorage (KeyStorage.java:readPublicKey(178)) - Failed to read the public key.
java.nio.file.NoSuchFileException: /tmp/junit-18061277176405108087/scm-meta/scm/ca/keys/public.pem
	at java.base/sun.nio.fs.UnixException.translateToIOException(UnixException.java:92)
	at java.base/sun.nio.fs.UnixException.rethrowAsIOException(UnixException.java:106)
	at java.base/sun.nio.fs.UnixException.rethrowAsIOException(UnixException.java:111)
	at java.base/sun.nio.fs.UnixFileSystemProvider.newByteChannel(UnixFileSystemProvider.java:261)
	at java.base/java.nio.file.Files.newByteChannel(Files.java:380)
	at java.base/java.nio.file.Files.newByteChannel(Files.java:432)
	at java.base/java.nio.file.Files.readAllBytes(Files.java:3281)
	at org.apache.hadoop.hdds.security.x509.keys.KeyStorage.readPublicKey(KeyStorage.java:176)
	at org.apache.hadoop.hdds.security.x509.keys.KeyStorage.readKeyPair(KeyStorage.java:184)
	at org.apache.hadoop.hdds.security.x509.certificate.authority.DefaultCAServer.checkIfKeysExist(DefaultCAServer.java:354)
	at org.apache.hadoop.hdds.security.x509.certificate.authority.DefaultCAServer.verifySelfSignedCA(DefaultCAServer.java:323)
	at org.apache.hadoop.hdds.security.x509.certificate.authority.DefaultCAServer.init(DefaultCAServer.java:162)
	at org.apache.hadoop.hdds.security.x509.certificate.client.SCMCertificateClient.initializeRootCertificateServer(SCMCertificateClient.java:396)
	at org.apache.hadoop.hdds.security.x509.certificate.client.SCMCertificateClient.getPrimarySCMSelfSignedCert(SCMCertificateClient.java:346)
	at org.apache.hadoop.hdds.security.x509.certificate.client.SCMCertificateClient.recoverStateIfNeeded(SCMCertificateClient.java:287)
	at org.apache.hadoop.hdds.security.x509.certificate.client.DefaultCertificateClient.initWithRecovery(DefaultCertificateClient.java:698)
	at org.apache.hadoop.hdds.scm.ha.HASecurityUtils.initializeSecurity(HASecurityUtils.java:96)
	at org.apache.hadoop.ozone.TestSecureOzoneCluster.initSCM(TestSecureOzoneCluster.java:450)
	at org.apache.hadoop.ozone.TestSecureOzoneCluster.testSecureOMInitializationFailure(TestSecureOzoneCluster.java:522)
	at java.base/jdk.internal.reflect.DirectMethodHandleAccessor.invoke(DirectMethodHandleAccessor.java:103)
	at java.base/java.lang.reflect.Method.invoke(Method.java:580)
	at org.junit.platform.commons.util.ReflectionUtils.invokeMethod(ReflectionUtils.java:775)
	at org.junit.platform.commons.support.ReflectionSupport.invokeMethod(ReflectionSupport.java:479)
	at org.junit.jupiter.engine.execution.MethodInvocation.proceed(MethodInvocation.java:60)
	at org.junit.jupiter.engine.execution.InvocationInterceptorChain$ValidatingInvocation.proceed(InvocationInterceptorChain.java:131)
	at org.junit.jupiter.engine.extension.SameThreadTimeoutInvocation.proceed(SameThreadTimeoutInvocation.java:49)
	at org.junit.jupiter.engine.extension.TimeoutExtension.intercept(TimeoutExtension.java:161)
	at org.junit.jupiter.engine.extension.TimeoutExtension.interceptTestableMethod(TimeoutExtension.java:152)
	at org.junit.jupiter.engine.extension.TimeoutExtension.interceptTestMethod(TimeoutExtension.java:91)
	at org.junit.jupiter.engine.execution.InterceptingExecutableInvoker$ReflectiveInterceptorCall.lambda$ofVoidMethod$0(InterceptingExecutableInvoker.java:112)
	at org.junit.jupiter.engine.execution.InterceptingExecutableInvoker.lambda$invoke$0(InterceptingExecutableInvoker.java:94)
	at org.junit.jupiter.engine.execution.InvocationInterceptorChain$InterceptedInvocation.proceed(InvocationInterceptorChain.java:106)
	at org.junit.jupiter.engine.execution.InvocationInterceptorChain.proceed(InvocationInterceptorChain.java:64)
	at org.junit.jupiter.engine.execution.InvocationInterceptorChain.chainAndInvoke(InvocationInterceptorChain.java:45)
	at org.junit.jupiter.engine.execution.InvocationInterceptorChain.invoke(InvocationInterceptorChain.java:37)
	at org.junit.jupiter.engine.execution.InterceptingExecutableInvoker.invoke(InterceptingExecutableInvoker.java:93)
	at org.junit.jupiter.engine.execution.InterceptingExecutableInvoker.invoke(InterceptingExecutableInvoker.java:87)
	at org.junit.jupiter.engine.descriptor.TestMethodTestDescriptor.lambda$invokeTestMethod$7(TestMethodTestDescriptor.java:216)
	at org.junit.platform.engine.support.hierarchical.ThrowableCollector.execute(ThrowableCollector.java:73)
	at org.junit.jupiter.engine.descriptor.TestMethodTestDescriptor.invokeTestMethod(TestMethodTestDescriptor.java:212)
	at org.junit.jupiter.engine.descriptor.TestMethodTestDescriptor.execute(TestMethodTestDescriptor.java:137)
	at org.junit.jupiter.engine.descriptor.TestMethodTestDescriptor.execute(TestMethodTestDescriptor.java:69)
	at org.junit.platform.engine.support.hierarchical.NodeTestTask.lambda$executeRecursively$6(NodeTestTask.java:156)
	at org.junit.platform.engine.support.hierarchical.ThrowableCollector.execute(ThrowableCollector.java:73)
	at org.junit.platform.engine.support.hierarchical.NodeTestTask.lambda$executeRecursively$8(NodeTestTask.java:146)
	at org.junit.platform.engine.support.hierarchical.Node.around(Node.java:137)
	at org.junit.platform.engine.support.hierarchical.NodeTestTask.lambda$executeRecursively$9(NodeTestTask.java:144)
	at org.junit.platform.engine.support.hierarchical.ThrowableCollector.execute(ThrowableCollector.java:73)
	at org.junit.platform.engine.support.hierarchical.NodeTestTask.executeRecursively(NodeTestTask.java:143)
	at org.junit.platform.engine.support.hierarchical.NodeTestTask.execute(NodeTestTask.java:100)
	at java.base/java.util.ArrayList.forEach(ArrayList.java:1596)
	at org.junit.platform.engine.support.hierarchical.SameThreadHierarchicalTestExecutorService.invokeAll(SameThreadHierarchicalTestExecutorService.java:41)
	at org.junit.platform.engine.support.hierarchical.NodeTestTask.lambda$executeRecursively$6(NodeTestTask.java:160)
	at org.junit.platform.engine.support.hierarchical.ThrowableCollector.execute(ThrowableCollector.java:73)
	at org.junit.platform.engine.support.hierarchical.NodeTestTask.lambda$executeRecursively$8(NodeTestTask.java:146)
	at org.junit.platform.engine.support.hierarchical.Node.around(Node.java:137)
	at org.junit.platform.engine.support.hierarchical.NodeTestTask.lambda$executeRecursively$9(NodeTestTask.java:144)
	at org.junit.platform.engine.support.hierarchical.ThrowableCollector.execute(ThrowableCollector.java:73)
	at org.junit.platform.engine.support.hierarchical.NodeTestTask.executeRecursively(NodeTestTask.java:143)
	at org.junit.platform.engine.support.hierarchical.NodeTestTask.execute(NodeTestTask.java:100)
	at java.base/java.util.ArrayList.forEach(ArrayList.java:1596)
	at org.junit.platform.engine.support.hierarchical.SameThreadHierarchicalTestExecutorService.invokeAll(SameThreadHierarchicalTestExecutorService.java:41)
	at org.junit.platform.engine.support.hierarchical.NodeTestTask.lambda$executeRecursively$6(NodeTestTask.java:160)
	at org.junit.platform.engine.support.hierarchical.ThrowableCollector.execute(ThrowableCollector.java:73)
	at org.junit.platform.engine.support.hierarchical.NodeTestTask.lambda$executeRecursively$8(NodeTestTask.java:146)
	at org.junit.platform.engine.support.hierarchical.Node.around(Node.java:137)
	at org.junit.platform.engine.support.hierarchical.NodeTestTask.lambda$executeRecursively$9(NodeTestTask.java:144)
	at org.junit.platform.engine.support.hierarchical.ThrowableCollector.execute(ThrowableCollector.java:73)
	at org.junit.platform.engine.support.hierarchical.NodeTestTask.executeRecursively(NodeTestTask.java:143)
	at org.junit.platform.engine.support.hierarchical.NodeTestTask.execute(NodeTestTask.java:100)
	at org.junit.platform.engine.support.hierarchical.SameThreadHierarchicalTestExecutorService.submit(SameThreadHierarchicalTestExecutorService.java:35)
	at org.junit.platform.engine.support.hierarchical.HierarchicalTestExecutor.execute(HierarchicalTestExecutor.java:57)
	at org.junit.platform.engine.support.hierarchical.HierarchicalTestEngine.execute(HierarchicalTestEngine.java:54)
	at org.junit.platform.launcher.core.EngineExecutionOrchestrator.execute(EngineExecutionOrchestrator.java:201)
	at org.junit.platform.launcher.core.EngineExecutionOrchestrator.execute(EngineExecutionOrchestrator.java:170)
	at org.junit.platform.launcher.core.EngineExecutionOrchestrator.execute(EngineExecutionOrchestrator.java:94)
	at org.junit.platform.launcher.core.EngineExecutionOrchestrator.lambda$execute$0(EngineExecutionOrchestrator.java:59)
	at org.junit.platform.launcher.core.EngineExecutionOrchestrator.withInterceptedStreams(EngineExecutionOrchestrator.java:142)
	at org.junit.platform.launcher.core.EngineExecutionOrchestrator.execute(EngineExecutionOrchestrator.java:58)
	at org.junit.platform.launcher.core.DefaultLauncher.execute(DefaultLauncher.java:103)
	at org.junit.platform.launcher.core.DefaultLauncher.execute(DefaultLauncher.java:85)
	at org.junit.platform.launcher.core.DelegatingLauncher.execute(DelegatingLauncher.java:47)
	at org.junit.platform.launcher.core.InterceptingLauncher.lambda$execute$1(InterceptingLauncher.java:39)
	at org.junit.platform.launcher.core.ClasspathAlignmentCheckingLauncherInterceptor.intercept(ClasspathAlignmentCheckingLauncherInterceptor.java:25)
	at org.junit.platform.launcher.core.InterceptingLauncher.execute(InterceptingLauncher.java:38)
	at org.junit.platform.launcher.core.DelegatingLauncher.execute(DelegatingLauncher.java:47)
	at org.apache.maven.surefire.junitplatform.LazyLauncher.execute(LazyLauncher.java:56)
	at org.apache.maven.surefire.junitplatform.JUnitPlatformProvider.execute(JUnitPlatformProvider.java:184)
	at org.apache.maven.surefire.junitplatform.JUnitPlatformProvider.invokeAllTests(JUnitPlatformProvider.java:148)
	at org.apache.maven.surefire.junitplatform.JUnitPlatformProvider.invoke(JUnitPlatformProvider.java:120)
	at org.apache.maven.surefire.booter.ForkedBooter.runSuitesInProcess(ForkedBooter.java:385)
	at org.apache.maven.surefire.booter.ForkedBooter.execute(ForkedBooter.java:162)
	at org.apache.maven.surefire.booter.ForkedBooter.run(ForkedBooter.java:507)
	at org.apache.maven.surefire.booter.ForkedBooter.main(ForkedBooter.java:495)
2025-05-13 07:50:19,443 [main] INFO  keys.KeyStorage (KeyStorage.java:storePublicKey(210)) - Storing public key to /tmp/junit-18061277176405108087/scm-meta/scm/ca/keys/public.pem.
2025-05-13 07:50:19,444 [main] INFO  keys.KeyStorage (KeyStorage.java:storePrivateKey(194)) - Storing private key to /tmp/junit-18061277176405108087/scm-meta/scm/ca/keys/private.pem.
2025-05-13 07:50:19,444 [main] INFO  ozone.OzoneSecurityUtil (OzoneSecurityUtil.java:getValidInetsForCurrentHost(116)) - ip:fe80:0:0:0:222:48ff:fe46:ea58%eth0 not returned.
2025-05-13 07:50:19,447 [main] INFO  ozone.OzoneSecurityUtil (OzoneSecurityUtil.java:getValidInetsForCurrentHost(113)) - Adding ip:10.1.1.24,host:10.1.1.24
2025-05-13 07:50:19,447 [main] INFO  ozone.OzoneSecurityUtil (OzoneSecurityUtil.java:getValidInetsForCurrentHost(116)) - ip:0:0:0:0:0:0:0:1%lo not returned.
2025-05-13 07:50:19,447 [main] INFO  ozone.OzoneSecurityUtil (OzoneSecurityUtil.java:getValidInetsForCurrentHost(116)) - ip:127.0.0.1 not returned.
2025-05-13 07:50:19,450 [main] ERROR utils.SelfSignedCertificate (SelfSignedCertificate.java:lambda$addInetAddresses$0(244)) - Invalid domain 10.1.1.24
2025-05-13 07:50:19,453 [main] INFO  utils.SelfSignedCertificate (SelfSignedCertificate.java:generateCertificate(156)) - Certificate 1 is issued by SERIALNUMBER=1, O=51dd8001-5421-4949-b15b-0cc77ad6c726, OU=f76f490d-003c-4a5b-a83d-192db58333e4, CN=scm@pkrvmberfyhpb9w to SERIALNUMBER=1, O=51dd8001-5421-4949-b15b-0cc77ad6c726, OU=f76f490d-003c-4a5b-a83d-192db58333e4, CN=scm@pkrvmberfyhpb9w, valid from Tue May 13 07:50:19 UTC 2025 to Fri Jun 21 07:50:19 UTC 2030
2025-05-13 07:50:19,453 [main] INFO  utils.CertificateCodec (CertificateCodec.java:writeCertificate(239)) - Save certificate to /tmp/junit-18061277176405108087/scm-meta/scm/ca/certs/certificate.crt
2025-05-13 07:50:19,453 [main] INFO  utils.CertificateCodec (CertificateCodec.java:writeCertificate(240)) - Certificate -----BEGIN CERTIFICATE-----
MIIDwTCCAqmgAwIBAgIBATANBgkqhkiG9w0BAQsFADCBiDEcMBoGA1UEAwwTc2Nt
QHBrcnZtYmVyZnlocGI5dzEtMCsGA1UECwwkZjc2ZjQ5MGQtMDAzYy00YTViLWE4
M2QtMTkyZGI1ODMzM2U0MS0wKwYDVQQKDCQ1MWRkODAwMS01NDIxLTQ5NDktYjE1
Yi0wY2M3N2FkNmM3MjYxCjAIBgNVBAUTATEwHhcNMjUwNTEzMDc1MDE5WhcNMzAw
NjIxMDc1MDE5WjCBiDEcMBoGA1UEAwwTc2NtQHBrcnZtYmVyZnlocGI5dzEtMCsG
A1UECwwkZjc2ZjQ5MGQtMDAzYy00YTViLWE4M2QtMTkyZGI1ODMzM2U0MS0wKwYD
VQQKDCQ1MWRkODAwMS01NDIxLTQ5NDktYjE1Yi0wY2M3N2FkNmM3MjYxCjAIBgNV
BAUTATEwggEiMA0GCSqGSIb3DQEBAQUAA4IBDwAwggEKAoIBAQCWcBk94VQAxhyA
N7UZlhiYbmSRv8tPy+vfgV5onZ3DlrQjpy6lsvx6pLVG1cCchKT2rDS9GCkG9A42
3K7Oo8gmQF/Z93Qqj7wo4jVVkoJSiWC52j8VkThQAoAkcReOD0RGDy9otbYIHxbB
n/7jM/D1J5L3wvtGAL97h19MmR+s6PhoaM0Y4N/pXM2BTKyf2wbT2/EtrQlbeXh0
/6v743gtRMMQrUFGB6u5ljRwO5SieP8LVQiRf1+7S8SDHlfkfFY2abqBYmci87bN
RVExwVgdsnIiBEEtLdosanInDB7w2erMXW1jCzyuKz3Ecx/2tIGdThk/X59FYqaZ
06fNW5GLAgMBAAGjNDAyMA8GA1UdEwEB/wQFMAMBAf8wDgYDVR0PAQH/BAQDAgEG
MA8GA1UdEQQIMAaHBAoBARgwDQYJKoZIhvcNAQELBQADggEBAE8uPZX5VUDM/Wlj
0CC70K4JM/Kww8ILz12dyGWmpevc9z1ejC8GPEomxKvATz7JatStpKC98T9bqWk5
zshGsPPoQh+NtSG9NVfyg3jLoFHctb7OU1DVgT6Av47DcZrL9w3OYzQVBGnp5MkO
gY2nZSodZkCMxGZDL7Z+5LKBbz3pjBqzU5g8pVCMhrFtgcoEYYqhUiWnCBDLOJTv
wPOuUTyIzSq+M7Bhogq7vu5BnIS7EnqVkFmX557ES4Byq/xMaBAIMSoJMYmeZQgO
Ba7UGyHIX4ivDxD6DmIU5GIk26tBa6T7vKE1rFSc/flzwCbaWm/HTFM6U4+P8LJY
W2RkrUY=
-----END CERTIFICATE-----

2025-05-13 07:50:19,453 [main] INFO  keys.KeyStorage (KeyStorage.java:readPublicKey(174)) - Reading public key from /tmp/junit-18061277176405108087/scm-meta/scm/ca/keys/public.pem.
2025-05-13 07:50:19,453 [main] INFO  keys.KeyStorage (KeyStorage.java:readPrivateKey(158)) - Reading private key from /tmp/junit-18061277176405108087/scm-meta/scm/ca/keys/private.pem.
2025-05-13 07:50:19,454 [main] INFO  client.SCMCertificateClient (SCMCertificateClient.java:configureCSRBuilder(141)) - Creating csr for SCM->hostName:pkrvmberfyhpb9w,scmId:f76f490d-003c-4a5b-a83d-192db58333e4,clusterId:51dd8001-5421-4949-b15b-0cc77ad6c726,subject:scm-sub@pkrvmberfyhpb9w
2025-05-13 07:50:19,454 [main] INFO  ozone.OzoneSecurityUtil (OzoneSecurityUtil.java:getValidInetsForCurrentHost(116)) - ip:fe80:0:0:0:222:48ff:fe46:ea58%eth0 not returned.
2025-05-13 07:50:19,457 [main] INFO  ozone.OzoneSecurityUtil (OzoneSecurityUtil.java:getValidInetsForCurrentHost(113)) - Adding ip:10.1.1.24,host:10.1.1.24
2025-05-13 07:50:19,457 [main] INFO  ozone.OzoneSecurityUtil (OzoneSecurityUtil.java:getValidInetsForCurrentHost(116)) - ip:0:0:0:0:0:0:0:1%lo not returned.
2025-05-13 07:50:19,457 [main] INFO  ozone.OzoneSecurityUtil (OzoneSecurityUtil.java:getValidInetsForCurrentHost(116)) - ip:127.0.0.1 not returned.
2025-05-13 07:50:19,460 [main] ERROR utils.CertificateSignRequest (CertificateSignRequest.java:lambda$addInetAddresses$0(316)) - Invalid domain 10.1.1.24
2025-05-13 07:50:19,462 [main] INFO  keys.KeyStorage (KeyStorage.java:readPrivateKey(158)) - Reading private key from /tmp/junit-18061277176405108087/scm-meta/scm/ca/keys/private.pem.
2025-05-13 07:50:19,463 [main] INFO  authority.DefaultApprover (DefaultApprover.java:sign(171)) - Extensions in CSR: 2.5.29.19, 2.5.29.15, 2.5.29.17
2025-05-13 07:50:19,463 [main] INFO  authority.DefaultApprover (DefaultApprover.java:sign(175)) - Extensions to add to the certificate if they present in CSR: 2.5.29.15, 2.5.29.17, 2.5.29.35, 2.5.29.37, 2.5.29.19, 1.3.6.1.5.5.7.1.12
2025-05-13 07:50:19,466 [main] INFO  utils.CertificateCodec (CertificateCodec.java:writeCertificate(239)) - Save certificate to /tmp/junit-18061277176405108087/scm-meta/scm/sub-ca/certs/CA-1.crt
2025-05-13 07:50:19,466 [main] INFO  utils.CertificateCodec (CertificateCodec.java:writeCertificate(240)) - Certificate -----BEGIN CERTIFICATE-----
MIIDwTCCAqmgAwIBAgIBATANBgkqhkiG9w0BAQsFADCBiDEcMBoGA1UEAwwTc2Nt
QHBrcnZtYmVyZnlocGI5dzEtMCsGA1UECwwkZjc2ZjQ5MGQtMDAzYy00YTViLWE4
M2QtMTkyZGI1ODMzM2U0MS0wKwYDVQQKDCQ1MWRkODAwMS01NDIxLTQ5NDktYjE1
Yi0wY2M3N2FkNmM3MjYxCjAIBgNVBAUTATEwHhcNMjUwNTEzMDc1MDE5WhcNMzAw
NjIxMDc1MDE5WjCBiDEcMBoGA1UEAwwTc2NtQHBrcnZtYmVyZnlocGI5dzEtMCsG
A1UECwwkZjc2ZjQ5MGQtMDAzYy00YTViLWE4M2QtMTkyZGI1ODMzM2U0MS0wKwYD
VQQKDCQ1MWRkODAwMS01NDIxLTQ5NDktYjE1Yi0wY2M3N2FkNmM3MjYxCjAIBgNV
BAUTATEwggEiMA0GCSqGSIb3DQEBAQUAA4IBDwAwggEKAoIBAQCWcBk94VQAxhyA
N7UZlhiYbmSRv8tPy+vfgV5onZ3DlrQjpy6lsvx6pLVG1cCchKT2rDS9GCkG9A42
3K7Oo8gmQF/Z93Qqj7wo4jVVkoJSiWC52j8VkThQAoAkcReOD0RGDy9otbYIHxbB
n/7jM/D1J5L3wvtGAL97h19MmR+s6PhoaM0Y4N/pXM2BTKyf2wbT2/EtrQlbeXh0
/6v743gtRMMQrUFGB6u5ljRwO5SieP8LVQiRf1+7S8SDHlfkfFY2abqBYmci87bN
RVExwVgdsnIiBEEtLdosanInDB7w2erMXW1jCzyuKz3Ecx/2tIGdThk/X59FYqaZ
06fNW5GLAgMBAAGjNDAyMA8GA1UdEwEB/wQFMAMBAf8wDgYDVR0PAQH/BAQDAgEG
MA8GA1UdEQQIMAaHBAoBARgwDQYJKoZIhvcNAQELBQADggEBAE8uPZX5VUDM/Wlj
0CC70K4JM/Kww8ILz12dyGWmpevc9z1ejC8GPEomxKvATz7JatStpKC98T9bqWk5
zshGsPPoQh+NtSG9NVfyg3jLoFHctb7OU1DVgT6Av47DcZrL9w3OYzQVBGnp5MkO
gY2nZSodZkCMxGZDL7Z+5LKBbz3pjBqzU5g8pVCMhrFtgcoEYYqhUiWnCBDLOJTv
wPOuUTyIzSq+M7Bhogq7vu5BnIS7EnqVkFmX557ES4Byq/xMaBAIMSoJMYmeZQgO
Ba7UGyHIX4ivDxD6DmIU5GIk26tBa6T7vKE1rFSc/flzwCbaWm/HTFM6U4+P8LJY
W2RkrUY=
-----END CERTIFICATE-----

2025-05-13 07:50:19,467 [main] INFO  utils.CertificateCodec (CertificateCodec.java:writeCertificate(239)) - Save certificate to /tmp/junit-18061277176405108087/scm-meta/scm/sub-ca/certs/2.crt
2025-05-13 07:50:19,467 [main] INFO  utils.CertificateCodec (CertificateCodec.java:writeCertificate(240)) - Certificate -----BEGIN CERTIFICATE-----
MIIDxTCCAq2gAwIBAgIBAjANBgkqhkiG9w0BAQsFADCBiDEcMBoGA1UEAwwTc2Nt
QHBrcnZtYmVyZnlocGI5dzEtMCsGA1UECwwkZjc2ZjQ5MGQtMDAzYy00YTViLWE4
M2QtMTkyZGI1ODMzM2U0MS0wKwYDVQQKDCQ1MWRkODAwMS01NDIxLTQ5NDktYjE1
Yi0wY2M3N2FkNmM3MjYxCjAIBgNVBAUTATEwHhcNMjUwNTEzMDc1MDE5WhcNMzAw
NjIxMDc1MDE5WjCBjDEgMB4GA1UEAwwXc2NtLXN1YkBwa3J2bWJlcmZ5aHBiOXcx
LTArBgNVBAsMJGY3NmY0OTBkLTAwM2MtNGE1Yi1hODNkLTE5MmRiNTgzMzNlNDEt
MCsGA1UECgwkNTFkZDgwMDEtNTQyMS00OTQ5LWIxNWItMGNjNzdhZDZjNzI2MQow
CAYDVQQFEwEyMIIBIjANBgkqhkiG9w0BAQEFAAOCAQ8AMIIBCgKCAQEAwzQmy/WK
pGuueMbF/aL7rh6C87nVSz0FGbDwR2IZpteRrHoFwmDzvTQSQb8DKH7+bqp5WfH6
YnIy2CXC2qo+G8TZk1u1R0g8znGZiBJ2Sot1qOEW5YnyYdhc6zlz6w3lKKZ4Cj4o
ftCFPuxhRlfYyP7niPDoWfnLQbK9r346+mLf6roQzBG5ycL37n/icuju499MhqlP
NXTF/Y8tBpqiIqDOk18yHdeQKbifDVDU4GxwJoGGb1AU6LrmuDaPK+2V5pcdX6qk
xjcAese8zhEiFpyHYiEHto7j34MMS1mcRBDK/lGUwhMepn7zl5qZN8Vji1g+uuoh
CRGXRz2EHmRezwIDAQABozQwMjAOBgNVHQ8BAf8EBAMCAb4wDwYDVR0RBAgwBocE
CgEBGDAPBgNVHRMBAf8EBTADAQH/MA0GCSqGSIb3DQEBCwUAA4IBAQAu/+xtbG1O
RJHADJg4N56wtUHZHtNyayOqZfDXyI/d5iaYA4LpTguIaLaCm+Gg2iNxT28ue9yV
wvIWjcqcUBCdWcksJur9ij97p3FWb6B6l8SfP+lCute2dpFsXCZYywjjzkb2sHhG
zGACkCvc+SvsQWdtTeSHphw7DUsgsIaYMqWnDKOyPWM3JyuM+ewrq5/uVZdlX/sG
SolQ+jSSi0ymTjFcA/PEYiv0gUoGzeuJcbswVFjQl+xn0QMacVlQZ0i89//+boN1
pp3rjz5j8f4NsjahkY1SCbCGicJhYhq5ivZpz3T0g280ZYfFuUlok0tvroNjeBcv
RKc1k4WCmWCs
-----END CERTIFICATE-----

-----BEGIN CERTIFICATE-----
MIIDwTCCAqmgAwIBAgIBATANBgkqhkiG9w0BAQsFADCBiDEcMBoGA1UEAwwTc2Nt
QHBrcnZtYmVyZnlocGI5dzEtMCsGA1UECwwkZjc2ZjQ5MGQtMDAzYy00YTViLWE4
M2QtMTkyZGI1ODMzM2U0MS0wKwYDVQQKDCQ1MWRkODAwMS01NDIxLTQ5NDktYjE1
Yi0wY2M3N2FkNmM3MjYxCjAIBgNVBAUTATEwHhcNMjUwNTEzMDc1MDE5WhcNMzAw
NjIxMDc1MDE5WjCBiDEcMBoGA1UEAwwTc2NtQHBrcnZtYmVyZnlocGI5dzEtMCsG
A1UECwwkZjc2ZjQ5MGQtMDAzYy00YTViLWE4M2QtMTkyZGI1ODMzM2U0MS0wKwYD
VQQKDCQ1MWRkODAwMS01NDIxLTQ5NDktYjE1Yi0wY2M3N2FkNmM3MjYxCjAIBgNV
BAUTATEwggEiMA0GCSqGSIb3DQEBAQUAA4IBDwAwggEKAoIBAQCWcBk94VQAxhyA
N7UZlhiYbmSRv8tPy+vfgV5onZ3DlrQjpy6lsvx6pLVG1cCchKT2rDS9GCkG9A42
3K7Oo8gmQF/Z93Qqj7wo4jVVkoJSiWC52j8VkThQAoAkcReOD0RGDy9otbYIHxbB
n/7jM/D1J5L3wvtGAL97h19MmR+s6PhoaM0Y4N/pXM2BTKyf2wbT2/EtrQlbeXh0
/6v743gtRMMQrUFGB6u5ljRwO5SieP8LVQiRf1+7S8SDHlfkfFY2abqBYmci87bN
RVExwVgdsnIiBEEtLdosanInDB7w2erMXW1jCzyuKz3Ecx/2tIGdThk/X59FYqaZ
06fNW5GLAgMBAAGjNDAyMA8GA1UdEwEB/wQFMAMBAf8wDgYDVR0PAQH/BAQDAgEG
MA8GA1UdEQQIMAaHBAoBARgwDQYJKoZIhvcNAQELBQADggEBAE8uPZX5VUDM/Wlj
0CC70K4JM/Kww8ILz12dyGWmpevc9z1ejC8GPEomxKvATz7JatStpKC98T9bqWk5
zshGsPPoQh+NtSG9NVfyg3jLoFHctb7OU1DVgT6Av47DcZrL9w3OYzQVBGnp5MkO
gY2nZSodZkCMxGZDL7Z+5LKBbz3pjBqzU5g8pVCMhrFtgcoEYYqhUiWnCBDLOJTv
wPOuUTyIzSq+M7Bhogq7vu5BnIS7EnqVkFmX557ES4Byq/xMaBAIMSoJMYmeZQgO
Ba7UGyHIX4ivDxD6DmIU5GIk26tBa6T7vKE1rFSc/flzwCbaWm/HTFM6U4+P8LJY
W2RkrUY=
-----END CERTIFICATE-----

2025-05-13 07:50:19,467 [main] INFO  utils.CertificateCodec (CertificateCodec.java:writeCertificate(239)) - Save certificate to /tmp/junit-18061277176405108087/scm-meta/scm/sub-ca/certs/certificate.crt
2025-05-13 07:50:19,467 [main] INFO  utils.CertificateCodec (CertificateCodec.java:writeCertificate(240)) - Certificate -----BEGIN CERTIFICATE-----
MIIDxTCCAq2gAwIBAgIBAjANBgkqhkiG9w0BAQsFADCBiDEcMBoGA1UEAwwTc2Nt
QHBrcnZtYmVyZnlocGI5dzEtMCsGA1UECwwkZjc2ZjQ5MGQtMDAzYy00YTViLWE4
M2QtMTkyZGI1ODMzM2U0MS0wKwYDVQQKDCQ1MWRkODAwMS01NDIxLTQ5NDktYjE1
Yi0wY2M3N2FkNmM3MjYxCjAIBgNVBAUTATEwHhcNMjUwNTEzMDc1MDE5WhcNMzAw
NjIxMDc1MDE5WjCBjDEgMB4GA1UEAwwXc2NtLXN1YkBwa3J2bWJlcmZ5aHBiOXcx
LTArBgNVBAsMJGY3NmY0OTBkLTAwM2MtNGE1Yi1hODNkLTE5MmRiNTgzMzNlNDEt
MCsGA1UECgwkNTFkZDgwMDEtNTQyMS00OTQ5LWIxNWItMGNjNzdhZDZjNzI2MQow
CAYDVQQFEwEyMIIBIjANBgkqhkiG9w0BAQEFAAOCAQ8AMIIBCgKCAQEAwzQmy/WK
pGuueMbF/aL7rh6C87nVSz0FGbDwR2IZpteRrHoFwmDzvTQSQb8DKH7+bqp5WfH6
YnIy2CXC2qo+G8TZk1u1R0g8znGZiBJ2Sot1qOEW5YnyYdhc6zlz6w3lKKZ4Cj4o
ftCFPuxhRlfYyP7niPDoWfnLQbK9r346+mLf6roQzBG5ycL37n/icuju499MhqlP
NXTF/Y8tBpqiIqDOk18yHdeQKbifDVDU4GxwJoGGb1AU6LrmuDaPK+2V5pcdX6qk
xjcAese8zhEiFpyHYiEHto7j34MMS1mcRBDK/lGUwhMepn7zl5qZN8Vji1g+uuoh
CRGXRz2EHmRezwIDAQABozQwMjAOBgNVHQ8BAf8EBAMCAb4wDwYDVR0RBAgwBocE
CgEBGDAPBgNVHRMBAf8EBTADAQH/MA0GCSqGSIb3DQEBCwUAA4IBAQAu/+xtbG1O
RJHADJg4N56wtUHZHtNyayOqZfDXyI/d5iaYA4LpTguIaLaCm+Gg2iNxT28ue9yV
wvIWjcqcUBCdWcksJur9ij97p3FWb6B6l8SfP+lCute2dpFsXCZYywjjzkb2sHhG
zGACkCvc+SvsQWdtTeSHphw7DUsgsIaYMqWnDKOyPWM3JyuM+ewrq5/uVZdlX/sG
SolQ+jSSi0ymTjFcA/PEYiv0gUoGzeuJcbswVFjQl+xn0QMacVlQZ0i89//+boN1
pp3rjz5j8f4NsjahkY1SCbCGicJhYhq5ivZpz3T0g280ZYfFuUlok0tvroNjeBcv
RKc1k4WCmWCs
-----END CERTIFICATE-----

-----BEGIN CERTIFICATE-----
MIIDwTCCAqmgAwIBAgIBATANBgkqhkiG9w0BAQsFADCBiDEcMBoGA1UEAwwTc2Nt
QHBrcnZtYmVyZnlocGI5dzEtMCsGA1UECwwkZjc2ZjQ5MGQtMDAzYy00YTViLWE4
M2QtMTkyZGI1ODMzM2U0MS0wKwYDVQQKDCQ1MWRkODAwMS01NDIxLTQ5NDktYjE1
Yi0wY2M3N2FkNmM3MjYxCjAIBgNVBAUTATEwHhcNMjUwNTEzMDc1MDE5WhcNMzAw
NjIxMDc1MDE5WjCBiDEcMBoGA1UEAwwTc2NtQHBrcnZtYmVyZnlocGI5dzEtMCsG
A1UECwwkZjc2ZjQ5MGQtMDAzYy00YTViLWE4M2QtMTkyZGI1ODMzM2U0MS0wKwYD
VQQKDCQ1MWRkODAwMS01NDIxLTQ5NDktYjE1Yi0wY2M3N2FkNmM3MjYxCjAIBgNV
BAUTATEwggEiMA0GCSqGSIb3DQEBAQUAA4IBDwAwggEKAoIBAQCWcBk94VQAxhyA
N7UZlhiYbmSRv8tPy+vfgV5onZ3DlrQjpy6lsvx6pLVG1cCchKT2rDS9GCkG9A42
3K7Oo8gmQF/Z93Qqj7wo4jVVkoJSiWC52j8VkThQAoAkcReOD0RGDy9otbYIHxbB
n/7jM/D1J5L3wvtGAL97h19MmR+s6PhoaM0Y4N/pXM2BTKyf2wbT2/EtrQlbeXh0
/6v743gtRMMQrUFGB6u5ljRwO5SieP8LVQiRf1+7S8SDHlfkfFY2abqBYmci87bN
RVExwVgdsnIiBEEtLdosanInDB7w2erMXW1jCzyuKz3Ecx/2tIGdThk/X59FYqaZ
06fNW5GLAgMBAAGjNDAyMA8GA1UdEwEB/wQFMAMBAf8wDgYDVR0PAQH/BAQDAgEG
MA8GA1UdEQQIMAaHBAoBARgwDQYJKoZIhvcNAQELBQADggEBAE8uPZX5VUDM/Wlj
0CC70K4JM/Kww8ILz12dyGWmpevc9z1ejC8GPEomxKvATz7JatStpKC98T9bqWk5
zshGsPPoQh+NtSG9NVfyg3jLoFHctb7OU1DVgT6Av47DcZrL9w3OYzQVBGnp5MkO
gY2nZSodZkCMxGZDL7Z+5LKBbz3pjBqzU5g8pVCMhrFtgcoEYYqhUiWnCBDLOJTv
wPOuUTyIzSq+M7Bhogq7vu5BnIS7EnqVkFmX557ES4Byq/xMaBAIMSoJMYmeZQgO
Ba7UGyHIX4ivDxD6DmIU5GIk26tBa6T7vKE1rFSc/flzwCbaWm/HTFM6U4+P8LJY
W2RkrUY=
-----END CERTIFICATE-----

2025-05-13 07:50:19,467 [main] INFO  client.SCMCertificateClient (SCMCertificateClient.java:recoverStateIfNeeded(289)) - Successfully stored SCM signed certificate.
2025-05-13 07:50:19,469 [main] INFO  ha.SCMHANodeDetails (SCMHANodeDetails.java:loadSCMHAConfig(162)) - ServiceID for StorageContainerManager is null
2025-05-13 07:50:19,469 [main] INFO  ha.SCMHANodeDetails (SCMHANodeDetails.java:loadSCMHAConfig(166)) - ozone.scm.default.service.id is not defined, falling back to ozone.scm.service.ids to find serviceID for StorageContainerManager if it is HA enabled cluster
2025-05-13 07:50:19,469 [main] INFO  server.RaftServerConfigKeys (ConfUtils.java:logGet(46)) - raft.server.log.appender.buffer.byte-limit = 4194304 (custom)
2025-05-13 07:50:19,470 [main] INFO  server.RaftServer (ConfUtils.java:logGet(46)) - raft.rpc.type = GRPC (default)
2025-05-13 07:50:19,470 [main] INFO  grpc.GrpcConfigKeys (ConfUtils.java:logFallback(53)) - raft.grpc.admin.host = null (fallback to raft.grpc.server.host)
2025-05-13 07:50:19,470 [main] INFO  grpc.GrpcConfigKeys (ConfUtils.java:logFallback(53)) - raft.grpc.admin.port = 15074 (fallback to raft.grpc.server.port)
2025-05-13 07:50:19,471 [main] INFO  grpc.GrpcConfigKeys (ConfUtils.java:logFallback(53)) - raft.grpc.client.host = null (fallback to raft.grpc.server.host)
2025-05-13 07:50:19,471 [main] INFO  grpc.GrpcConfigKeys (ConfUtils.java:logFallback(53)) - raft.grpc.client.port = 15074 (fallback to raft.grpc.server.port)
2025-05-13 07:50:19,471 [main] INFO  grpc.GrpcConfigKeys (ConfUtils.java:logGet(46)) - raft.grpc.server.host = null (default)
2025-05-13 07:50:19,471 [main] INFO  grpc.GrpcConfigKeys (ConfUtils.java:logGet(46)) - raft.grpc.server.port = 15074 (custom)
2025-05-13 07:50:19,471 [main] INFO  server.GrpcService (ConfUtils.java:logGet(46)) - raft.grpc.message.size.max = 5242880 (custom)
2025-05-13 07:50:19,471 [main] INFO  server.GrpcService (ConfUtils.java:logGet(46)) - raft.grpc.flow.control.window = 1MB (=1048576) (default)
2025-05-13 07:50:19,471 [main] INFO  server.RaftServerConfigKeys (ConfUtils.java:logGet(46)) - raft.server.rpc.request.timeout = 30000ms (custom)
2025-05-13 07:50:19,471 [main] INFO  grpc.GrpcConfigKeys (ConfUtils.java:logGet(46)) - raft.grpc.server.heartbeat.channel = true (default)
2025-05-13 07:50:19,471 [main] INFO  server.RaftServerConfigKeys (ConfUtils.java:logGet(46)) - raft.server.log.appender.buffer.byte-limit = 4194304 (custom)
2025-05-13 07:50:19,471 [main] INFO  grpc.GrpcConfigKeys (ConfUtils.java:logGet(46)) - raft.grpc.server.async.request.thread.pool.cached = true (default)
2025-05-13 07:50:19,472 [main] INFO  grpc.GrpcConfigKeys (ConfUtils.java:logGet(46)) - raft.grpc.server.async.request.thread.pool.size = 32 (default)
2025-05-13 07:50:19,472 [main] INFO  impl.DataStreamServerImpl (ConfUtils.java:logGet(46)) - raft.datastream.type = DISABLED (default)
2025-05-13 07:50:19,472 [main] INFO  server.RaftServerConfigKeys (ConfUtils.java:logGet(46)) - raft.server.sleep.deviation.threshold = 300ms (default)
2025-05-13 07:50:19,473 [main] INFO  server.RaftServerConfigKeys (ConfUtils.java:logGet(46)) - raft.server.close.threshold = 60s (default)
2025-05-13 07:50:19,473 [main] INFO  server.RaftServerConfigKeys (ConfUtils.java:logGet(46)) - raft.server.leaderelection.leader.step-down.wait-time = 10s (default)
2025-05-13 07:50:19,473 [main] INFO  server.RaftServerConfigKeys (ConfUtils.java:logGet(46)) - raft.server.storage.dir = [/tmp/junit-18061277176405108087/scm-meta/scm-ha] (custom)
2025-05-13 07:50:19,473 [main] INFO  server.RaftServerConfigKeys (ConfUtils.java:logGet(46)) - raft.server.threadpool.proxy.cached = true (default)
2025-05-13 07:50:19,473 [main] INFO  server.RaftServerConfigKeys (ConfUtils.java:logGet(46)) - raft.server.threadpool.proxy.size = 0 (default)
2025-05-13 07:50:19,473 [main] INFO  server.RaftServer (RaftServerProxy.java:addNew(100)) - f76f490d-003c-4a5b-a83d-192db58333e4: addNew group-0CC77AD6C726:[f76f490d-003c-4a5b-a83d-192db58333e4|pkrvmberfyhpb9w:15074] returns group-0CC77AD6C726:java.util.concurrent.CompletableFuture@653b56ab[Not completed]
2025-05-13 07:50:19,474 [f76f490d-003c-4a5b-a83d-192db58333e4-groupManagement] INFO  server.RaftServer$Division (RaftServerImpl.java:<init>(255)) - f76f490d-003c-4a5b-a83d-192db58333e4: new RaftServerImpl for group-0CC77AD6C726:[f76f490d-003c-4a5b-a83d-192db58333e4|pkrvmberfyhpb9w:15074] with SCMStateMachine:uninitialized
2025-05-13 07:50:19,474 [f76f490d-003c-4a5b-a83d-192db58333e4-groupManagement] INFO  server.RaftServerConfigKeys (ConfUtils.java:logGet(46)) - raft.server.rpc.timeout.min = 5000ms (custom)
2025-05-13 07:50:19,474 [f76f490d-003c-4a5b-a83d-192db58333e4-groupManagement] INFO  server.RaftServerConfigKeys (ConfUtils.java:logGet(46)) - raft.server.rpc.timeout.max = 5200ms (custom)
2025-05-13 07:50:19,474 [f76f490d-003c-4a5b-a83d-192db58333e4-groupManagement] INFO  server.RaftServerConfigKeys (ConfUtils.java:logGet(46)) - raft.server.rpc.sleep.time = 25ms (default)
2025-05-13 07:50:19,474 [f76f490d-003c-4a5b-a83d-192db58333e4-groupManagement] INFO  server.RaftServerConfigKeys (ConfUtils.java:logGet(46)) - raft.server.rpc.slowness.timeout = 120000ms (custom)
2025-05-13 07:50:19,474 [f76f490d-003c-4a5b-a83d-192db58333e4-groupManagement] INFO  server.RaftServerConfigKeys (ConfUtils.java:logGet(46)) - raft.server.leaderelection.leader.step-down.wait-time = 10s (default)
2025-05-13 07:50:19,474 [f76f490d-003c-4a5b-a83d-192db58333e4-groupManagement] INFO  server.RaftServerConfigKeys (ConfUtils.java:logGet(46)) - raft.server.leaderelection.member.majority-add = false (default)
2025-05-13 07:50:19,474 [f76f490d-003c-4a5b-a83d-192db58333e4-groupManagement] INFO  server.RaftServerConfigKeys (ConfUtils.java:logGet(46)) - raft.server.sleep.deviation.threshold = 300ms (default)
2025-05-13 07:50:19,474 [f76f490d-003c-4a5b-a83d-192db58333e4-groupManagement] INFO  server.RaftServer$Division (ServerState.java:<init>(114)) - f76f490d-003c-4a5b-a83d-192db58333e4@group-0CC77AD6C726: ConfigurationManager, init=conf: {index: -1, cur=peers:[f76f490d-003c-4a5b-a83d-192db58333e4|pkrvmberfyhpb9w:15074]|listeners:[], old=null}, confs=<EMPTY_MAP>
2025-05-13 07:50:19,474 [f76f490d-003c-4a5b-a83d-192db58333e4-groupManagement] INFO  server.RaftServerConfigKeys (ConfUtils.java:logGet(46)) - raft.server.notification.no-leader.timeout = 60s (default)
2025-05-13 07:50:19,474 [f76f490d-003c-4a5b-a83d-192db58333e4-groupManagement] INFO  server.RaftServerConfigKeys (ConfUtils.java:logGet(46)) - raft.server.read.timeout = 10s (default)
2025-05-13 07:50:19,474 [f76f490d-003c-4a5b-a83d-192db58333e4-groupManagement] INFO  server.RaftServerConfigKeys (ConfUtils.java:logGet(46)) - raft.server.retrycache.expirytime = 60000ms (default)
2025-05-13 07:50:19,474 [f76f490d-003c-4a5b-a83d-192db58333e4-groupManagement] INFO  server.RaftServerConfigKeys (ConfUtils.java:logGet(46)) - raft.server.retrycache.statistics.expirytime = 100ms (default)
2025-05-13 07:50:19,474 [f76f490d-003c-4a5b-a83d-192db58333e4-groupManagement] INFO  server.RaftServerConfigKeys (ConfUtils.java:logGet(46)) - raft.server.read.option = DEFAULT (default)
2025-05-13 07:50:19,474 [f76f490d-003c-4a5b-a83d-192db58333e4-groupManagement] INFO  server.RaftServerConfigKeys (ConfUtils.java:logGet(46)) - raft.server.read.read-after-write-consistent.write-index-cache.expiry-time = 60s (default)
2025-05-13 07:50:19,476 [f76f490d-003c-4a5b-a83d-192db58333e4-groupManagement] INFO  server.RaftServerConfigKeys (ConfUtils.java:logGet(46)) - raft.server.rpc.request.timeout = 30000ms (custom)
2025-05-13 07:50:19,476 [f76f490d-003c-4a5b-a83d-192db58333e4-groupManagement] INFO  server.RaftServerConfigKeys (ConfUtils.java:logGet(46)) - raft.server.log.appender.install.snapshot.enabled = false (custom)
2025-05-13 07:50:19,476 [f76f490d-003c-4a5b-a83d-192db58333e4-groupManagement] INFO  server.RaftServerConfigKeys (ConfUtils.java:logGet(46)) - raft.server.threadpool.server.cached = true (default)
2025-05-13 07:50:19,476 [f76f490d-003c-4a5b-a83d-192db58333e4-groupManagement] INFO  server.RaftServerConfigKeys (ConfUtils.java:logGet(46)) - raft.server.threadpool.server.size = 0 (default)
2025-05-13 07:50:19,476 [f76f490d-003c-4a5b-a83d-192db58333e4-groupManagement] INFO  server.RaftServerConfigKeys (ConfUtils.java:logGet(46)) - raft.server.threadpool.client.cached = true (default)
2025-05-13 07:50:19,476 [f76f490d-003c-4a5b-a83d-192db58333e4-groupManagement] INFO  server.RaftServerConfigKeys (ConfUtils.java:logGet(46)) - raft.server.threadpool.client.size = 0 (default)
2025-05-13 07:50:19,476 [f76f490d-003c-4a5b-a83d-192db58333e4-impl-thread1] INFO  server.RaftServerConfigKeys (ConfUtils.java:logGet(46)) - raft.server.storage.free-space.min = 0MB (=0) (default)
2025-05-13 07:50:19,476 [f76f490d-003c-4a5b-a83d-192db58333e4-impl-thread1] INFO  server.RaftServerConfigKeys (ConfUtils.java:logGet(46)) - raft.server.log.corruption.policy = EXCEPTION (default)
2025-05-13 07:50:19,476 [f76f490d-003c-4a5b-a83d-192db58333e4-impl-thread1] INFO  server.RaftServerConfigKeys (ConfUtils.java:logGet(46)) - raft.server.storage.dir = [/tmp/junit-18061277176405108087/scm-meta/scm-ha] (custom)
2025-05-13 07:50:19,476 [f76f490d-003c-4a5b-a83d-192db58333e4-impl-thread1] INFO  storage.RaftStorageDirectory (RaftStorageDirectoryImpl.java:analyzeStorage(138)) - The storage directory /tmp/junit-18061277176405108087/scm-meta/scm-ha/51dd8001-5421-4949-b15b-0cc77ad6c726 does not exist. Creating ...
2025-05-13 07:50:19,477 [f76f490d-003c-4a5b-a83d-192db58333e4-impl-thread1] INFO  storage.RaftStorageDirectory (RaftStorageDirectoryImpl.java:tryLock(229)) - Lock on /tmp/junit-18061277176405108087/scm-meta/scm-ha/51dd8001-5421-4949-b15b-0cc77ad6c726/in_use.lock acquired by nodename 25269@pkrvmberfyhpb9w
2025-05-13 07:50:19,478 [f76f490d-003c-4a5b-a83d-192db58333e4-impl-thread1] INFO  storage.RaftStorage (RaftStorageImpl.java:format(98)) - Storage directory /tmp/junit-18061277176405108087/scm-meta/scm-ha/51dd8001-5421-4949-b15b-0cc77ad6c726 has been successfully formatted.
2025-05-13 07:50:19,478 [f76f490d-003c-4a5b-a83d-192db58333e4-impl-thread1] INFO  ha.SCMStateMachine (SCMStateMachine.java:lambda$initialize$0(135)) - f76f490d-003c-4a5b-a83d-192db58333e4: initialize group-0CC77AD6C726
2025-05-13 07:50:19,478 [f76f490d-003c-4a5b-a83d-192db58333e4-impl-thread1] INFO  server.RaftServerConfigKeys (ConfUtils.java:logGet(46)) - raft.server.log.use.memory = false (default)
2025-05-13 07:50:19,478 [f76f490d-003c-4a5b-a83d-192db58333e4-impl-thread1] INFO  server.RaftServerConfigKeys (ConfUtils.java:logGet(46)) - raft.server.log.purge.gap = 1000000 (custom)
2025-05-13 07:50:19,478 [f76f490d-003c-4a5b-a83d-192db58333e4-impl-thread1] INFO  server.RaftServerConfigKeys (ConfUtils.java:logGet(46)) - raft.server.log.appender.buffer.byte-limit = 4194304 (custom)
2025-05-13 07:50:19,478 [f76f490d-003c-4a5b-a83d-192db58333e4-impl-thread1] INFO  server.RaftServerConfigKeys (ConfUtils.java:logGet(46)) - raft.server.log.statemachine.data.read.timeout = 1000ms (default)
2025-05-13 07:50:19,478 [f76f490d-003c-4a5b-a83d-192db58333e4-impl-thread1] INFO  server.RaftServerConfigKeys (ConfUtils.java:logGet(46)) - raft.server.log.purge.preservation.log.num = 0 (default)
2025-05-13 07:50:19,479 [f76f490d-003c-4a5b-a83d-192db58333e4-impl-thread1] INFO  server.RaftServerConfigKeys (ConfUtils.java:logGet(46)) - raft.server.log.segment.size.max = 4194304 (custom)
2025-05-13 07:50:19,479 [f76f490d-003c-4a5b-a83d-192db58333e4-impl-thread1] INFO  server.RaftServerConfigKeys (ConfUtils.java:logGet(46)) - raft.server.log.segment.cache.num.max = 2 (custom)
2025-05-13 07:50:19,480 [f76f490d-003c-4a5b-a83d-192db58333e4-impl-thread1] INFO  server.RaftServerConfigKeys (ConfUtils.java:logGet(46)) - raft.server.log.segment.cache.size.max = 200MB (=209715200) (default)
2025-05-13 07:50:19,480 [f76f490d-003c-4a5b-a83d-192db58333e4-impl-thread1] INFO  server.RaftServerConfigKeys (ConfUtils.java:logGet(46)) - raft.server.log.appender.buffer.byte-limit = 4194304 (custom)
2025-05-13 07:50:19,480 [f76f490d-003c-4a5b-a83d-192db58333e4-impl-thread1] INFO  util.AwaitToRun (AwaitToRun.java:start(81)) - Thread[#3032,f76f490d-003c-4a5b-a83d-192db58333e4@group-0CC77AD6C726-cacheEviction-AwaitToRun,5,main] started
2025-05-13 07:50:19,480 [f76f490d-003c-4a5b-a83d-192db58333e4-impl-thread1] INFO  segmented.SegmentedRaftLogWorker (SegmentedRaftLogWorker.java:<init>(188)) - new f76f490d-003c-4a5b-a83d-192db58333e4@group-0CC77AD6C726-SegmentedRaftLogWorker for RaftStorageImpl:Storage Directory /tmp/junit-18061277176405108087/scm-meta/scm-ha/51dd8001-5421-4949-b15b-0cc77ad6c726
2025-05-13 07:50:19,480 [f76f490d-003c-4a5b-a83d-192db58333e4-impl-thread1] INFO  server.RaftServerConfigKeys (ConfUtils.java:logGet(46)) - raft.server.log.queue.byte-limit = 64MB (=67108864) (default)
2025-05-13 07:50:19,480 [f76f490d-003c-4a5b-a83d-192db58333e4-impl-thread1] INFO  server.RaftServerConfigKeys (ConfUtils.java:logGet(46)) - raft.server.log.queue.element-limit = 4096 (default)
2025-05-13 07:50:19,480 [f76f490d-003c-4a5b-a83d-192db58333e4-impl-thread1] INFO  server.RaftServerConfigKeys (ConfUtils.java:logGet(46)) - raft.server.log.segment.size.max = 4194304 (custom)
2025-05-13 07:50:19,480 [f76f490d-003c-4a5b-a83d-192db58333e4-impl-thread1] INFO  server.RaftServerConfigKeys (ConfUtils.java:logGet(46)) - raft.server.log.preallocated.size = 4194304 (custom)
2025-05-13 07:50:19,480 [f76f490d-003c-4a5b-a83d-192db58333e4-impl-thread1] INFO  server.RaftServerConfigKeys (ConfUtils.java:logGet(46)) - raft.server.log.force.sync.num = 128 (default)
2025-05-13 07:50:19,480 [f76f490d-003c-4a5b-a83d-192db58333e4-impl-thread1] INFO  server.RaftServerConfigKeys (ConfUtils.java:logGet(46)) - raft.server.log.statemachine.data.sync = true (default)
2025-05-13 07:50:19,480 [f76f490d-003c-4a5b-a83d-192db58333e4-impl-thread1] INFO  server.RaftServerConfigKeys (ConfUtils.java:logGet(46)) - raft.server.log.statemachine.data.sync.timeout = 10s (default)
2025-05-13 07:50:19,480 [f76f490d-003c-4a5b-a83d-192db58333e4-impl-thread1] INFO  server.RaftServerConfigKeys (ConfUtils.java:logGet(46)) - raft.server.log.statemachine.data.sync.timeout.retry = -1 (default)
2025-05-13 07:50:19,480 [f76f490d-003c-4a5b-a83d-192db58333e4-impl-thread1] INFO  server.RaftServerConfigKeys (ConfUtils.java:logGet(46)) - raft.server.log.write.buffer.size = 4194312 (custom)
2025-05-13 07:50:19,481 [f76f490d-003c-4a5b-a83d-192db58333e4-impl-thread1] INFO  server.RaftServerConfigKeys (ConfUtils.java:logGet(46)) - raft.server.log.appender.buffer.byte-limit = 4194304 (custom)
2025-05-13 07:50:19,481 [f76f490d-003c-4a5b-a83d-192db58333e4-impl-thread1] INFO  server.RaftServerConfigKeys (ConfUtils.java:logGet(46)) - raft.server.log.unsafe-flush.enabled = false (default)
2025-05-13 07:50:19,481 [f76f490d-003c-4a5b-a83d-192db58333e4-impl-thread1] INFO  server.RaftServerConfigKeys (ConfUtils.java:logGet(46)) - raft.server.log.async-flush.enabled = false (default)
2025-05-13 07:50:19,481 [f76f490d-003c-4a5b-a83d-192db58333e4-impl-thread1] INFO  server.RaftServerConfigKeys (ConfUtils.java:logGet(46)) - raft.server.log.statemachine.data.caching.enabled = false (default)
2025-05-13 07:50:19,481 [f76f490d-003c-4a5b-a83d-192db58333e4-impl-thread1] INFO  segmented.SegmentedRaftLogWorker (SegmentedRaftLogWorker.java:lambda$new$0(139)) - f76f490d-003c-4a5b-a83d-192db58333e4@group-0CC77AD6C726-SegmentedRaftLogWorker: flushIndex: setUnconditionally 0 -> -1
2025-05-13 07:50:19,481 [f76f490d-003c-4a5b-a83d-192db58333e4-impl-thread1] INFO  segmented.SegmentedRaftLogWorker (SegmentedRaftLogWorker.java:lambda$new$0(139)) - f76f490d-003c-4a5b-a83d-192db58333e4@group-0CC77AD6C726-SegmentedRaftLogWorker: safeCacheEvictIndex: setUnconditionally 0 -> -1
2025-05-13 07:50:19,481 [f76f490d-003c-4a5b-a83d-192db58333e4-impl-thread1] INFO  server.RaftServer$Division (RaftServerImpl.java:start(391)) - f76f490d-003c-4a5b-a83d-192db58333e4@group-0CC77AD6C726: start as a follower, conf=conf: {index: -1, cur=peers:[f76f490d-003c-4a5b-a83d-192db58333e4|pkrvmberfyhpb9w:15074]|listeners:[], old=null}
2025-05-13 07:50:19,481 [f76f490d-003c-4a5b-a83d-192db58333e4-impl-thread1] INFO  server.RaftServer$Division (RaftServerImpl.java:setRole(378)) - f76f490d-003c-4a5b-a83d-192db58333e4@group-0CC77AD6C726: changes role from      null to FOLLOWER at term 0 for startAsFollower
2025-05-13 07:50:19,481 [f76f490d-003c-4a5b-a83d-192db58333e4-impl-thread1] INFO  impl.RoleInfo (RoleInfo.java:updateAndGet(148)) - f76f490d-003c-4a5b-a83d-192db58333e4: start f76f490d-003c-4a5b-a83d-192db58333e4@group-0CC77AD6C726-FollowerState
2025-05-13 07:50:19,481 [f76f490d-003c-4a5b-a83d-192db58333e4@group-0CC77AD6C726-FollowerState] INFO  server.RaftServerConfigKeys (ConfUtils.java:logFallback(53)) - raft.server.rpc.first-election.timeout.min = 5000ms (fallback to raft.server.rpc.timeout.min)
2025-05-13 07:50:19,482 [f76f490d-003c-4a5b-a83d-192db58333e4@group-0CC77AD6C726-FollowerState] INFO  server.RaftServerConfigKeys (ConfUtils.java:logFallback(53)) - raft.server.rpc.first-election.timeout.max = 5200ms (fallback to raft.server.rpc.timeout.max)
2025-05-13 07:50:19,481 [f76f490d-003c-4a5b-a83d-192db58333e4-impl-thread1] INFO  util.JmxRegister (JmxRegister.java:tryRegister(44)) - Successfully registered JMX Bean with object name Ratis:service=RaftServer,group=group-0CC77AD6C726,id=f76f490d-003c-4a5b-a83d-192db58333e4
2025-05-13 07:50:19,482 [f76f490d-003c-4a5b-a83d-192db58333e4-impl-thread1] INFO  util.JmxRegister (JmxRegister.java:register(58)) - register mxBean class org.apache.ratis.server.impl.RaftServerJmxAdapter as Ratis:service=RaftServer,group=group-0CC77AD6C726,id=f76f490d-003c-4a5b-a83d-192db58333e4
2025-05-13 07:50:19,482 [f76f490d-003c-4a5b-a83d-192db58333e4-impl-thread1] INFO  server.RaftServerConfigKeys (ConfUtils.java:logGet(46)) - raft.server.snapshot.trigger-when-stop.enabled = true (default)
2025-05-13 07:50:19,482 [f76f490d-003c-4a5b-a83d-192db58333e4-impl-thread1] INFO  server.RaftServerConfigKeys (ConfUtils.java:logGet(46)) - raft.server.snapshot.trigger-when-remove.enabled = true (default)
2025-05-13 07:50:19,482 [f76f490d-003c-4a5b-a83d-192db58333e4-impl-thread1] INFO  server.RaftServerConfigKeys (ConfUtils.java:logGet(46)) - raft.server.snapshot.auto.trigger.enabled = true (custom)
2025-05-13 07:50:19,482 [f76f490d-003c-4a5b-a83d-192db58333e4-impl-thread1] INFO  server.RaftServerConfigKeys (ConfUtils.java:logGet(46)) - raft.server.snapshot.auto.trigger.threshold = 1000 (custom)
2025-05-13 07:50:19,482 [f76f490d-003c-4a5b-a83d-192db58333e4-impl-thread1] INFO  server.RaftServerConfigKeys (ConfUtils.java:logGet(46)) - raft.server.snapshot.retention.file.num = -1 (default)
2025-05-13 07:50:19,482 [f76f490d-003c-4a5b-a83d-192db58333e4-impl-thread1] INFO  server.RaftServerConfigKeys (ConfUtils.java:logGet(46)) - raft.server.log.purge.upto.snapshot.index = false (default)
2025-05-13 07:50:19,482 [f76f490d-003c-4a5b-a83d-192db58333e4-impl-thread1] INFO  server.RaftServer$Division (RaftServerImpl.java:start(405)) - f76f490d-003c-4a5b-a83d-192db58333e4@group-0CC77AD6C726: Successfully started.
2025-05-13 07:50:19,482 [main] INFO  server.RaftServer (RaftServerProxy.java:startImpl(407)) - f76f490d-003c-4a5b-a83d-192db58333e4: start RPC server
2025-05-13 07:50:19,483 [main] INFO  server.GrpcService (GrpcService.java:startImpl(334)) - f76f490d-003c-4a5b-a83d-192db58333e4: GrpcService started, listening on 15074
2025-05-13 07:50:19,483 [JvmPauseMonitor14] INFO  util.JvmPauseMonitor (JvmPauseMonitor.java:run(146)) - JvmPauseMonitor-f76f490d-003c-4a5b-a83d-192db58333e4: Started
2025-05-13 07:50:19,607 [om1-om-CertificateRenewerService] INFO  retry.RetryInvocationHandler (RetryInvocationHandler.java:log(426)) - com.google.protobuf.ServiceException: java.net.ConnectException: Call From pkrvmberfyhpb9w/10.1.0.36 to localhost:15024 failed on connection exception: java.net.ConnectException: Connection refused; For more details see:  http://wiki.apache.org/hadoop/ConnectionRefused, while invoking $Proxy45.submitRequest over nodeId=scmNodeId,nodeAddress=localhost/127.0.0.1:15024 after 206 failover attempts. Trying to failover after sleeping for 2000ms. Current retry count: 206.
2025-05-13 07:50:21,609 [om1-om-CertificateRenewerService] INFO  retry.RetryInvocationHandler (RetryInvocationHandler.java:log(426)) - com.google.protobuf.ServiceException: java.net.ConnectException: Call From pkrvmberfyhpb9w/10.1.0.36 to localhost:15024 failed on connection exception: java.net.ConnectException: Connection refused; For more details see:  http://wiki.apache.org/hadoop/ConnectionRefused, while invoking $Proxy45.submitRequest over nodeId=scmNodeId,nodeAddress=localhost/127.0.0.1:15024 after 207 failover attempts. Trying to failover after sleeping for 2000ms. Current retry count: 207.
2025-05-13 07:50:23,612 [om1-om-CertificateRenewerService] INFO  retry.RetryInvocationHandler (RetryInvocationHandler.java:log(426)) - com.google.protobuf.ServiceException: java.net.ConnectException: Call From pkrvmberfyhpb9w/10.1.0.36 to localhost:15024 failed on connection exception: java.net.ConnectException: Connection refused; For more details see:  http://wiki.apache.org/hadoop/ConnectionRefused, while invoking $Proxy45.submitRequest over nodeId=scmNodeId,nodeAddress=localhost/127.0.0.1:15024 after 208 failover attempts. Trying to failover after sleeping for 2000ms. Current retry count: 208.
2025-05-13 07:50:24,612 [f76f490d-003c-4a5b-a83d-192db58333e4@group-0CC77AD6C726-FollowerState] INFO  impl.FollowerState (FollowerState.java:runImpl(161)) - f76f490d-003c-4a5b-a83d-192db58333e4@group-0CC77AD6C726-FollowerState: change to CANDIDATE, lastRpcElapsedTime:5130481946ns, electionTimeout:5130ms
2025-05-13 07:50:24,612 [f76f490d-003c-4a5b-a83d-192db58333e4@group-0CC77AD6C726-FollowerState] INFO  impl.RoleInfo (RoleInfo.java:shutdownFollowerState(121)) - f76f490d-003c-4a5b-a83d-192db58333e4: shutdown f76f490d-003c-4a5b-a83d-192db58333e4@group-0CC77AD6C726-FollowerState
2025-05-13 07:50:24,612 [f76f490d-003c-4a5b-a83d-192db58333e4@group-0CC77AD6C726-FollowerState] INFO  server.RaftServer$Division (RaftServerImpl.java:setRole(378)) - f76f490d-003c-4a5b-a83d-192db58333e4@group-0CC77AD6C726: changes role from  FOLLOWER to CANDIDATE at term 0 for changeToCandidate
2025-05-13 07:50:24,612 [f76f490d-003c-4a5b-a83d-192db58333e4@group-0CC77AD6C726-FollowerState] INFO  server.RaftServerConfigKeys (ConfUtils.java:logGet(46)) - raft.server.leaderelection.pre-vote = true (default)
2025-05-13 07:50:24,612 [f76f490d-003c-4a5b-a83d-192db58333e4@group-0CC77AD6C726-FollowerState] INFO  impl.RoleInfo (RoleInfo.java:updateAndGet(148)) - f76f490d-003c-4a5b-a83d-192db58333e4: start f76f490d-003c-4a5b-a83d-192db58333e4@group-0CC77AD6C726-LeaderElection11
2025-05-13 07:50:24,612 [f76f490d-003c-4a5b-a83d-192db58333e4@group-0CC77AD6C726-LeaderElection11] INFO  impl.LeaderElection (LeaderElection.java:askForVotes(332)) - f76f490d-003c-4a5b-a83d-192db58333e4@group-0CC77AD6C726-LeaderElection11 PRE_VOTE round 0: submit vote requests at term 0 for conf: {index: -1, cur=peers:[f76f490d-003c-4a5b-a83d-192db58333e4|pkrvmberfyhpb9w:15074]|listeners:[], old=null}
2025-05-13 07:50:24,613 [f76f490d-003c-4a5b-a83d-192db58333e4@group-0CC77AD6C726-LeaderElection11] INFO  impl.LeaderElection (LeaderElection.java:askForVotes(334)) - f76f490d-003c-4a5b-a83d-192db58333e4@group-0CC77AD6C726-LeaderElection11 PRE_VOTE round 0: result PASSED (term=0)
2025-05-13 07:50:24,614 [f76f490d-003c-4a5b-a83d-192db58333e4@group-0CC77AD6C726-LeaderElection11] INFO  impl.LeaderElection (LeaderElection.java:askForVotes(332)) - f76f490d-003c-4a5b-a83d-192db58333e4@group-0CC77AD6C726-LeaderElection11 ELECTION round 0: submit vote requests at term 1 for conf: {index: -1, cur=peers:[f76f490d-003c-4a5b-a83d-192db58333e4|pkrvmberfyhpb9w:15074]|listeners:[], old=null}
2025-05-13 07:50:24,614 [f76f490d-003c-4a5b-a83d-192db58333e4@group-0CC77AD6C726-LeaderElection11] INFO  impl.LeaderElection (LeaderElection.java:askForVotes(334)) - f76f490d-003c-4a5b-a83d-192db58333e4@group-0CC77AD6C726-LeaderElection11 ELECTION round 0: result PASSED (term=1)
2025-05-13 07:50:24,614 [f76f490d-003c-4a5b-a83d-192db58333e4@group-0CC77AD6C726-LeaderElection11] INFO  impl.RoleInfo (RoleInfo.java:shutdownLeaderElection(141)) - f76f490d-003c-4a5b-a83d-192db58333e4: shutdown f76f490d-003c-4a5b-a83d-192db58333e4@group-0CC77AD6C726-LeaderElection11
2025-05-13 07:50:24,614 [f76f490d-003c-4a5b-a83d-192db58333e4@group-0CC77AD6C726-LeaderElection11] INFO  server.RaftServer$Division (RaftServerImpl.java:setRole(378)) - f76f490d-003c-4a5b-a83d-192db58333e4@group-0CC77AD6C726: changes role from CANDIDATE to LEADER at term 1 for changeToLeader
2025-05-13 07:50:24,615 [f76f490d-003c-4a5b-a83d-192db58333e4@group-0CC77AD6C726-LeaderElection11] INFO  server.RaftServerConfigKeys (ConfUtils.java:logGet(46)) - raft.server.staging.catchup.gap = 1000 (default)
2025-05-13 07:50:24,615 [f76f490d-003c-4a5b-a83d-192db58333e4@group-0CC77AD6C726-LeaderElection11] INFO  server.RaftServerConfigKeys (ConfUtils.java:logGet(46)) - raft.server.write.element-limit = 4096 (default)
2025-05-13 07:50:24,615 [f76f490d-003c-4a5b-a83d-192db58333e4@group-0CC77AD6C726-LeaderElection11] INFO  server.RaftServerConfigKeys (ConfUtils.java:logGet(46)) - raft.server.write.byte-limit = 64MB (=67108864) (default)
2025-05-13 07:50:24,615 [f76f490d-003c-4a5b-a83d-192db58333e4@group-0CC77AD6C726-LeaderElection11] INFO  server.RaftServerConfigKeys (ConfUtils.java:logGet(46)) - raft.server.watch.timeout = 10s (default)
2025-05-13 07:50:24,615 [f76f490d-003c-4a5b-a83d-192db58333e4@group-0CC77AD6C726-LeaderElection11] INFO  server.RaftServerConfigKeys (ConfUtils.java:logGet(46)) - raft.server.watch.timeout.denomination = 1s (default)
2025-05-13 07:50:24,615 [f76f490d-003c-4a5b-a83d-192db58333e4@group-0CC77AD6C726-LeaderElection11] INFO  server.RaftServerConfigKeys (ConfUtils.java:logGet(46)) - raft.server.watch.element-limit = 65536 (default)
2025-05-13 07:50:24,616 [f76f490d-003c-4a5b-a83d-192db58333e4@group-0CC77AD6C726-LeaderElection11] INFO  server.RaftServerConfigKeys (ConfUtils.java:logGet(46)) - raft.server.read.leader.lease.enabled = false (default)
2025-05-13 07:50:24,616 [f76f490d-003c-4a5b-a83d-192db58333e4@group-0CC77AD6C726-LeaderElection11] INFO  server.RaftServerConfigKeys (ConfUtils.java:logGet(46)) - raft.server.read.leader.lease.timeout.ratio = 0.9 (default)
2025-05-13 07:50:24,616 [f76f490d-003c-4a5b-a83d-192db58333e4@group-0CC77AD6C726-LeaderElection11] INFO  server.RaftServerConfigKeys (ConfUtils.java:logGet(46)) - raft.server.rpc.timeout.min = 5000ms (custom)
2025-05-13 07:50:24,616 [f76f490d-003c-4a5b-a83d-192db58333e4@group-0CC77AD6C726-LeaderElection11] INFO  server.RaftServerConfigKeys (ConfUtils.java:logGet(46)) - raft.server.log.log-metadata.enabled = true (default)
2025-05-13 07:50:24,616 [f76f490d-003c-4a5b-a83d-192db58333e4@group-0CC77AD6C726-LeaderElection11] INFO  server.RaftServerConfigKeys (ConfUtils.java:logGet(46)) - raft.server.write.element-limit = 4096 (default)
2025-05-13 07:50:24,616 [f76f490d-003c-4a5b-a83d-192db58333e4@group-0CC77AD6C726-LeaderElection11] INFO  server.RaftServerConfigKeys (ConfUtils.java:logGet(46)) - raft.server.write.follower.gap.ratio.max = -1.0 (default)
2025-05-13 07:50:24,616 [f76f490d-003c-4a5b-a83d-192db58333e4@group-0CC77AD6C726-LeaderElection11] INFO  impl.RoleInfo (RoleInfo.java:updateAndGet(148)) - f76f490d-003c-4a5b-a83d-192db58333e4: start f76f490d-003c-4a5b-a83d-192db58333e4@group-0CC77AD6C726-LeaderStateImpl
2025-05-13 07:50:24,616 [f76f490d-003c-4a5b-a83d-192db58333e4@group-0CC77AD6C726-LeaderElection11] INFO  server.RaftServer$Division (RaftServerImpl.java:setFirstElection(562)) - f76f490d-003c-4a5b-a83d-192db58333e4@group-0CC77AD6C726: set firstElectionSinceStartup to false for becomeLeader
2025-05-13 07:50:24,616 [f76f490d-003c-4a5b-a83d-192db58333e4@group-0CC77AD6C726-LeaderElection11] INFO  server.RaftServer$Division (ServerState.java:setLeader(272)) - f76f490d-003c-4a5b-a83d-192db58333e4@group-0CC77AD6C726: change Leader from null to f76f490d-003c-4a5b-a83d-192db58333e4 at term 1 for becomeLeader, leader elected after 5142ms
2025-05-13 07:50:24,616 [f76f490d-003c-4a5b-a83d-192db58333e4@group-0CC77AD6C726-LeaderElection11] INFO  segmented.SegmentedRaftLogWorker (SegmentedRaftLogWorker.java:startLogSegment(438)) - f76f490d-003c-4a5b-a83d-192db58333e4@group-0CC77AD6C726-SegmentedRaftLogWorker: Starting segment from index:0
2025-05-13 07:50:24,616 [f76f490d-003c-4a5b-a83d-192db58333e4@group-0CC77AD6C726-LeaderElection11] INFO  server.RaftServer$Division (ServerState.java:setRaftConf(386)) - f76f490d-003c-4a5b-a83d-192db58333e4@group-0CC77AD6C726: set configuration conf: {index: 0, cur=peers:[f76f490d-003c-4a5b-a83d-192db58333e4|pkrvmberfyhpb9w:15074]|listeners:[], old=null}
2025-05-13 07:50:24,617 [f76f490d-003c-4a5b-a83d-192db58333e4@group-0CC77AD6C726-SegmentedRaftLogWorker] INFO  segmented.BufferedWriteChannel (BufferedWriteChannel.java:open(61)) - open log_inprogress_0 at position 0
2025-05-13 07:50:24,623 [f76f490d-003c-4a5b-a83d-192db58333e4@group-0CC77AD6C726-SegmentedRaftLogWorker] INFO  segmented.SegmentedRaftLogWorker (SegmentedRaftLogWorker.java:execute(644)) - f76f490d-003c-4a5b-a83d-192db58333e4@group-0CC77AD6C726-SegmentedRaftLogWorker: created new log segment /tmp/junit-18061277176405108087/scm-meta/scm-ha/51dd8001-5421-4949-b15b-0cc77ad6c726/current/log_inprogress_0
2025-05-13 07:50:24,625 [f76f490d-003c-4a5b-a83d-192db58333e4@group-0CC77AD6C726-StateMachineUpdater] INFO  server.RaftServer$Division (LeaderStateImpl.java:checkStartIndex(313)) - Leader f76f490d-003c-4a5b-a83d-192db58333e4@group-0CC77AD6C726-LeaderStateImpl is ready since appliedIndex == startIndex == 0
2025-05-13 07:50:25,483 [main] INFO  server.RaftServer (RaftServerProxy.java:lambda$close$9(417)) - f76f490d-003c-4a5b-a83d-192db58333e4: close
2025-05-13 07:50:25,484 [main] INFO  server.GrpcService (GrpcService.java:closeImpl(343)) - f76f490d-003c-4a5b-a83d-192db58333e4: shutdown server GrpcServerProtocolService now
2025-05-13 07:50:25,484 [f76f490d-003c-4a5b-a83d-192db58333e4-impl-thread1] INFO  server.RaftServer$Division (RaftServerImpl.java:lambda$close$1(513)) - f76f490d-003c-4a5b-a83d-192db58333e4@group-0CC77AD6C726: shutdown
2025-05-13 07:50:25,484 [f76f490d-003c-4a5b-a83d-192db58333e4-impl-thread1] INFO  util.JmxRegister (JmxRegister.java:unregister(74)) - Successfully un-registered JMX Bean with object name Ratis:service=RaftServer,group=group-0CC77AD6C726,id=f76f490d-003c-4a5b-a83d-192db58333e4
2025-05-13 07:50:25,484 [f76f490d-003c-4a5b-a83d-192db58333e4-impl-thread1] INFO  impl.RoleInfo (RoleInfo.java:shutdownLeaderState(103)) - f76f490d-003c-4a5b-a83d-192db58333e4: shutdown f76f490d-003c-4a5b-a83d-192db58333e4@group-0CC77AD6C726-LeaderStateImpl
2025-05-13 07:50:25,484 [f76f490d-003c-4a5b-a83d-192db58333e4-impl-thread1] INFO  impl.PendingRequests (PendingRequests.java:sendNotLeaderResponses(287)) - f76f490d-003c-4a5b-a83d-192db58333e4@group-0CC77AD6C726-PendingRequests: sendNotLeaderResponses
2025-05-13 07:50:25,485 [f76f490d-003c-4a5b-a83d-192db58333e4-impl-thread1] INFO  impl.StateMachineUpdater (StateMachineUpdater.java:stopAndJoin(164)) - f76f490d-003c-4a5b-a83d-192db58333e4@group-0CC77AD6C726-StateMachineUpdater: set stopIndex = 0
2025-05-13 07:50:25,485 [f76f490d-003c-4a5b-a83d-192db58333e4@group-0CC77AD6C726-StateMachineUpdater] INFO  impl.StateMachineUpdater (StateMachineUpdater.java:takeSnapshot(303)) - f76f490d-003c-4a5b-a83d-192db58333e4@group-0CC77AD6C726-StateMachineUpdater: Took a snapshot at index 0
2025-05-13 07:50:25,485 [f76f490d-003c-4a5b-a83d-192db58333e4@group-0CC77AD6C726-StateMachineUpdater] INFO  impl.StateMachineUpdater (StateMachineUpdater.java:lambda$new$0(102)) - f76f490d-003c-4a5b-a83d-192db58333e4@group-0CC77AD6C726-StateMachineUpdater: snapshotIndex: updateIncreasingly -1 -> 0
2025-05-13 07:50:25,485 [f76f490d-003c-4a5b-a83d-192db58333e4@group-0CC77AD6C726-StateMachineUpdater] INFO  impl.StateMachineUpdater (StateMachineUpdater.java:stop(141)) - f76f490d-003c-4a5b-a83d-192db58333e4@group-0CC77AD6C726-StateMachineUpdater: closing SCMStateMachine, lastApplied=(t:1, i:0)
2025-05-13 07:50:25,485 [main] INFO  server.GrpcService (GrpcService.java:closeImpl(352)) - f76f490d-003c-4a5b-a83d-192db58333e4: shutdown server GrpcServerProtocolService successfully
2025-05-13 07:50:25,485 [f76f490d-003c-4a5b-a83d-192db58333e4@group-0CC77AD6C726-cacheEviction-AwaitToRun] INFO  util.AwaitToRun (AwaitToRun.java:run(49)) - f76f490d-003c-4a5b-a83d-192db58333e4@group-0CC77AD6C726-cacheEviction-AwaitToRun-AwaitForSignal is interrupted
2025-05-13 07:50:25,613 [om1-om-CertificateRenewerService] INFO  retry.RetryInvocationHandler (RetryInvocationHandler.java:log(426)) - com.google.protobuf.ServiceException: java.net.ConnectException: Call From pkrvmberfyhpb9w/10.1.0.36 to localhost:15024 failed on connection exception: java.net.ConnectException: Connection refused; For more details see:  http://wiki.apache.org/hadoop/ConnectionRefused, while invoking $Proxy45.submitRequest over nodeId=scmNodeId,nodeAddress=localhost/127.0.0.1:15024 after 209 failover attempts. Trying to failover after sleeping for 2000ms. Current retry count: 209.
2025-05-13 07:50:25,625 [f76f490d-003c-4a5b-a83d-192db58333e4-impl-thread1] INFO  segmented.SegmentedRaftLogWorker (SegmentedRaftLogWorker.java:close(252)) - f76f490d-003c-4a5b-a83d-192db58333e4@group-0CC77AD6C726-SegmentedRaftLogWorker close()
2025-05-13 07:50:25,625 [JvmPauseMonitor14] INFO  util.JvmPauseMonitor (JvmPauseMonitor.java:run(152)) - JvmPauseMonitor-f76f490d-003c-4a5b-a83d-192db58333e4: Stopped
2025-05-13 07:50:25,625 [main] WARN  server.ServerUtils (ServerUtils.java:getScmDbDir(138)) - ozone.scm.db.dirs is not configured. We recommend adding this setting. Falling back to ozone.metadata.dirs instead.
2025-05-13 07:50:25,625 [main] INFO  ha.SCMHANodeDetails (SCMHANodeDetails.java:loadSCMHAConfig(162)) - ServiceID for StorageContainerManager is null
2025-05-13 07:50:25,625 [main] INFO  ha.SCMHANodeDetails (SCMHANodeDetails.java:loadSCMHAConfig(166)) - ozone.scm.default.service.id is not defined, falling back to ozone.scm.service.ids to find serviceID for StorageContainerManager if it is HA enabled cluster
2025-05-13 07:50:25,627 [pool-420-thread-1] INFO  request.KdcRequest (KdcRequest.java:preauth(683)) - The preauth data is empty.
2025-05-13 07:50:25,628 [pool-420-thread-1] INFO  server.KdcHandler (KdcHandler.java:handleRecoverableException(177)) - KRB error occurred while processing request: Additional pre-authentication required
2025-05-13 07:50:25,630 [pool-420-thread-1] INFO  request.AsRequest (AsRequest.java:issueTicket(112)) - AS_REQ ISSUE: authtime 1747122625630,om/pkrvmberfyhpb9w.internal.cloudapp.net@EXAMPLE.COM for krbtgt/EXAMPLE.COM@EXAMPLE.COM
2025-05-13 07:50:25,631 [main] INFO  security.UserGroupInformation (UserGroupInformation.java:loginUserFromKeytab(1143)) - Login successful for user om/pkrvmberfyhpb9w.internal.cloudapp.net@EXAMPLE.COM using keytab file om.keytab. Keytab auto renewal enabled : false
2025-05-13 07:50:25,631 [main] INFO  server.StorageContainerManager (StorageContainerManager.java:loginAsSCMUserIfSecurityEnabled(1062)) - SCM login successful.
2025-05-13 07:50:25,632 [main] INFO  proxy.SCMSecurityProtocolFailoverProxyProvider (SCMFailoverProxyProviderBase.java:<init>(120)) - Created fail-over proxy for protocol SCMSecurityProtocolPB with 1 nodes: [nodeId=scmNodeId,nodeAddress=localhost/127.0.0.1:15073]
2025-05-13 07:50:25,632 [main] INFO  client.SCMCertificateClient (DefaultCertificateClient.java:updateCertSerialId(1289)) - Certificate serial ID set to 2
2025-05-13 07:50:25,633 [main] INFO  client.SCMCertificateClient (DefaultCertificateClient.java:readCertificateFile(247)) - Added certificate 2 from file: /tmp/junit-18061277176405108087/scm-meta/scm/sub-ca/certs/2.crt.
2025-05-13 07:50:25,633 [main] INFO  client.SCMCertificateClient (DefaultCertificateClient.java:readCertificateFile(247)) - Added certificate 1 from file: /tmp/junit-18061277176405108087/scm-meta/scm/sub-ca/certs/CA-1.crt.
2025-05-13 07:50:25,634 [main] INFO  client.SCMCertificateClient (DefaultCertificateClient.java:readCertificateFile(247)) - Added certificate 2 from file: /tmp/junit-18061277176405108087/scm-meta/scm/sub-ca/certs/certificate.crt.
2025-05-13 07:50:25,634 [main] INFO  client.SCMCertificateClient (DefaultCertificateClient.java:loadAllCertificates(196)) - CertificateRenewerService and root ca rotation polling is disabled for scm/sub-ca
2025-05-13 07:50:25,634 [main] WARN  utils.HAUtils (HAUtils.java:getMetaDir(311)) - ozone.scm.db.dirs is not configured. We recommend adding this setting. Falling back to ozone.metadata.dirs instead.
2025-05-13 07:50:25,635 [main] WARN  db.DBStoreBuilder (DBStoreBuilder.java:getDBDirPath(160)) - ozone.scm.db.dirs is not configured. We recommend adding this setting. Falling back to ozone.metadata.dirs instead.
2025-05-13 07:50:25,690 [main] INFO  net.NodeSchemaLoader (NodeSchemaLoader.java:loadSchemaFromFile(128)) - Loading schema from [jar:file:/home/runner/work/ozone/ozone/hadoop-hdds/common/target/hdds-common-2.1.0-SNAPSHOT.jar!/network-topology-default.xml]
2025-05-13 07:50:25,690 [main] INFO  net.NodeSchemaLoader (NodeSchemaLoader.java:loadSchema(175)) - Loading network topology layer schema file
2025-05-13 07:50:25,707 [main] INFO  ha.SCMRatisServerImpl (SCMRatisServerImpl.java:<init>(100)) - starting Raft server for scm:f76f490d-003c-4a5b-a83d-192db58333e4
2025-05-13 07:50:25,708 [main] INFO  server.RaftServerConfigKeys (ConfUtils.java:logGet(46)) - raft.server.log.appender.buffer.byte-limit = 4194304 (custom)
2025-05-13 07:50:25,708 [main] INFO  server.RaftServer (ConfUtils.java:logGet(46)) - raft.rpc.type = GRPC (default)
2025-05-13 07:50:25,708 [main] INFO  grpc.GrpcConfigKeys (ConfUtils.java:logFallback(53)) - raft.grpc.admin.host = null (fallback to raft.grpc.server.host)
2025-05-13 07:50:25,708 [main] INFO  grpc.GrpcConfigKeys (ConfUtils.java:logFallback(53)) - raft.grpc.admin.port = 15074 (fallback to raft.grpc.server.port)
2025-05-13 07:50:25,709 [main] INFO  grpc.GrpcConfigKeys (ConfUtils.java:logFallback(53)) - raft.grpc.client.host = null (fallback to raft.grpc.server.host)
2025-05-13 07:50:25,709 [main] INFO  grpc.GrpcConfigKeys (ConfUtils.java:logFallback(53)) - raft.grpc.client.port = 15074 (fallback to raft.grpc.server.port)
2025-05-13 07:50:25,709 [main] INFO  grpc.GrpcConfigKeys (ConfUtils.java:logGet(46)) - raft.grpc.server.host = null (default)
2025-05-13 07:50:25,709 [main] INFO  grpc.GrpcConfigKeys (ConfUtils.java:logGet(46)) - raft.grpc.server.port = 15074 (custom)
2025-05-13 07:50:25,709 [main] INFO  server.GrpcService (ConfUtils.java:logGet(46)) - raft.grpc.message.size.max = 5242880 (custom)
2025-05-13 07:50:25,709 [main] INFO  server.GrpcService (ConfUtils.java:logGet(46)) - raft.grpc.flow.control.window = 1MB (=1048576) (default)
2025-05-13 07:50:25,709 [main] INFO  server.RaftServerConfigKeys (ConfUtils.java:logGet(46)) - raft.server.rpc.request.timeout = 30000ms (custom)
2025-05-13 07:50:25,709 [main] INFO  grpc.GrpcConfigKeys (ConfUtils.java:logGet(46)) - raft.grpc.server.heartbeat.channel = true (default)
2025-05-13 07:50:25,709 [main] INFO  server.RaftServerConfigKeys (ConfUtils.java:logGet(46)) - raft.server.log.appender.buffer.byte-limit = 4194304 (custom)
2025-05-13 07:50:25,709 [main] INFO  grpc.GrpcConfigKeys (ConfUtils.java:logGet(46)) - raft.grpc.server.async.request.thread.pool.cached = true (default)
2025-05-13 07:50:25,709 [main] INFO  grpc.GrpcConfigKeys (ConfUtils.java:logGet(46)) - raft.grpc.server.async.request.thread.pool.size = 32 (default)
2025-05-13 07:50:25,710 [main] INFO  impl.DataStreamServerImpl (ConfUtils.java:logGet(46)) - raft.datastream.type = DISABLED (default)
2025-05-13 07:50:25,710 [main] INFO  server.RaftServerConfigKeys (ConfUtils.java:logGet(46)) - raft.server.sleep.deviation.threshold = 300ms (default)
2025-05-13 07:50:25,710 [main] INFO  server.RaftServerConfigKeys (ConfUtils.java:logGet(46)) - raft.server.close.threshold = 60s (default)
2025-05-13 07:50:25,710 [main] INFO  server.RaftServerConfigKeys (ConfUtils.java:logGet(46)) - raft.server.leaderelection.leader.step-down.wait-time = 10s (default)
2025-05-13 07:50:25,710 [main] INFO  server.RaftServerConfigKeys (ConfUtils.java:logGet(46)) - raft.server.storage.dir = [/tmp/junit-18061277176405108087/scm-meta/scm-ha] (custom)
2025-05-13 07:50:25,710 [main] INFO  server.RaftServerConfigKeys (ConfUtils.java:logGet(46)) - raft.server.threadpool.proxy.cached = true (default)
2025-05-13 07:50:25,710 [main] INFO  server.RaftServerConfigKeys (ConfUtils.java:logGet(46)) - raft.server.threadpool.proxy.size = 0 (default)
2025-05-13 07:50:25,710 [f76f490d-003c-4a5b-a83d-192db58333e4-impl-thread1] INFO  server.RaftServer (RaftServerProxy.java:initGroupDir(265)) - f76f490d-003c-4a5b-a83d-192db58333e4: found a subdirectory /tmp/junit-18061277176405108087/scm-meta/scm-ha/51dd8001-5421-4949-b15b-0cc77ad6c726
2025-05-13 07:50:25,711 [main] INFO  server.RaftServer (RaftServerProxy.java:addNew(100)) - f76f490d-003c-4a5b-a83d-192db58333e4: addNew group-0CC77AD6C726:[] returns group-0CC77AD6C726:java.util.concurrent.CompletableFuture@43182fe9[Not completed]
2025-05-13 07:50:25,711 [f76f490d-003c-4a5b-a83d-192db58333e4-groupManagement] INFO  server.RaftServer$Division (RaftServerImpl.java:<init>(255)) - f76f490d-003c-4a5b-a83d-192db58333e4: new RaftServerImpl for group-0CC77AD6C726:[] with SCMStateMachine:uninitialized
2025-05-13 07:50:25,711 [f76f490d-003c-4a5b-a83d-192db58333e4-groupManagement] INFO  server.RaftServerConfigKeys (ConfUtils.java:logGet(46)) - raft.server.rpc.timeout.min = 5000ms (custom)
2025-05-13 07:50:25,711 [f76f490d-003c-4a5b-a83d-192db58333e4-groupManagement] INFO  server.RaftServerConfigKeys (ConfUtils.java:logGet(46)) - raft.server.rpc.timeout.max = 5200ms (custom)
2025-05-13 07:50:25,711 [f76f490d-003c-4a5b-a83d-192db58333e4-groupManagement] INFO  server.RaftServerConfigKeys (ConfUtils.java:logGet(46)) - raft.server.rpc.sleep.time = 25ms (default)
2025-05-13 07:50:25,711 [f76f490d-003c-4a5b-a83d-192db58333e4-groupManagement] INFO  server.RaftServerConfigKeys (ConfUtils.java:logGet(46)) - raft.server.rpc.slowness.timeout = 120000ms (custom)
2025-05-13 07:50:25,711 [f76f490d-003c-4a5b-a83d-192db58333e4-groupManagement] INFO  server.RaftServerConfigKeys (ConfUtils.java:logGet(46)) - raft.server.leaderelection.leader.step-down.wait-time = 10s (default)
2025-05-13 07:50:25,711 [f76f490d-003c-4a5b-a83d-192db58333e4-groupManagement] INFO  server.RaftServerConfigKeys (ConfUtils.java:logGet(46)) - raft.server.leaderelection.member.majority-add = false (default)
2025-05-13 07:50:25,711 [f76f490d-003c-4a5b-a83d-192db58333e4-groupManagement] INFO  server.RaftServerConfigKeys (ConfUtils.java:logGet(46)) - raft.server.sleep.deviation.threshold = 300ms (default)
2025-05-13 07:50:25,711 [f76f490d-003c-4a5b-a83d-192db58333e4-groupManagement] INFO  server.RaftServer$Division (ServerState.java:<init>(114)) - f76f490d-003c-4a5b-a83d-192db58333e4@group-0CC77AD6C726: ConfigurationManager, init=conf: {index: -1, cur=peers:[]|listeners:[], old=null}, confs=<EMPTY_MAP>
2025-05-13 07:50:25,711 [f76f490d-003c-4a5b-a83d-192db58333e4-groupManagement] INFO  server.RaftServerConfigKeys (ConfUtils.java:logGet(46)) - raft.server.notification.no-leader.timeout = 60s (default)
2025-05-13 07:50:25,711 [f76f490d-003c-4a5b-a83d-192db58333e4-groupManagement] INFO  server.RaftServerConfigKeys (ConfUtils.java:logGet(46)) - raft.server.read.timeout = 10s (default)
2025-05-13 07:50:25,711 [f76f490d-003c-4a5b-a83d-192db58333e4-groupManagement] INFO  server.RaftServerConfigKeys (ConfUtils.java:logGet(46)) - raft.server.retrycache.expirytime = 60000ms (default)
2025-05-13 07:50:25,711 [f76f490d-003c-4a5b-a83d-192db58333e4-groupManagement] INFO  server.RaftServerConfigKeys (ConfUtils.java:logGet(46)) - raft.server.retrycache.statistics.expirytime = 100ms (default)
2025-05-13 07:50:25,711 [f76f490d-003c-4a5b-a83d-192db58333e4-groupManagement] INFO  server.RaftServerConfigKeys (ConfUtils.java:logGet(46)) - raft.server.read.option = DEFAULT (default)
2025-05-13 07:50:25,711 [f76f490d-003c-4a5b-a83d-192db58333e4-groupManagement] INFO  server.RaftServerConfigKeys (ConfUtils.java:logGet(46)) - raft.server.read.read-after-write-consistent.write-index-cache.expiry-time = 60s (default)
2025-05-13 07:50:25,714 [f76f490d-003c-4a5b-a83d-192db58333e4-groupManagement] INFO  server.RaftServerConfigKeys (ConfUtils.java:logGet(46)) - raft.server.rpc.request.timeout = 30000ms (custom)
2025-05-13 07:50:25,714 [f76f490d-003c-4a5b-a83d-192db58333e4-groupManagement] INFO  server.RaftServerConfigKeys (ConfUtils.java:logGet(46)) - raft.server.log.appender.install.snapshot.enabled = false (custom)
2025-05-13 07:50:25,714 [f76f490d-003c-4a5b-a83d-192db58333e4-groupManagement] INFO  server.RaftServerConfigKeys (ConfUtils.java:logGet(46)) - raft.server.threadpool.server.cached = true (default)
2025-05-13 07:50:25,714 [f76f490d-003c-4a5b-a83d-192db58333e4-groupManagement] INFO  server.RaftServerConfigKeys (ConfUtils.java:logGet(46)) - raft.server.threadpool.server.size = 0 (default)
2025-05-13 07:50:25,714 [f76f490d-003c-4a5b-a83d-192db58333e4-groupManagement] INFO  server.RaftServerConfigKeys (ConfUtils.java:logGet(46)) - raft.server.threadpool.client.cached = true (default)
2025-05-13 07:50:25,714 [f76f490d-003c-4a5b-a83d-192db58333e4-groupManagement] INFO  server.RaftServerConfigKeys (ConfUtils.java:logGet(46)) - raft.server.threadpool.client.size = 0 (default)
2025-05-13 07:50:25,714 [main] INFO  ha.SCMSnapshotProvider (SCMSnapshotProvider.java:<init>(61)) - Initializing SCM Snapshot Provider
2025-05-13 07:50:25,714 [main] WARN  server.ServerUtils (ServerUtils.java:getDefaultRatisDirectory(304)) - Storage directory for Ratis is not configured. It is a good idea to map this to an SSD disk. Falling back to ozone.metadata.dirs
2025-05-13 07:50:25,714 [main] WARN  ha.SCMHAUtils (SCMHAUtils.java:getSCMRatisSnapshotDirectory(120)) - SCM snapshot dir is not configured. Falling back to ozone.metadata.dirs config
2025-05-13 07:50:25,715 [main] INFO  upgrade.AbstractLayoutVersionManager (AbstractLayoutVersionManager.java:init(80)) - Initializing Layout version manager with metadata layout = HBASE_SUPPORT (version = 8), software layout = HBASE_SUPPORT (version = 8)
2025-05-13 07:50:25,716 [main] INFO  ha.SequenceIdGenerator (SequenceIdGenerator.java:upgradeToSequenceId(355)) - upgrade localId to 115816896921600000
2025-05-13 07:50:25,717 [main] INFO  ha.SequenceIdGenerator (SequenceIdGenerator.java:upgradeToSequenceId(365)) - upgrade delTxnId to 0
2025-05-13 07:50:25,718 [main] INFO  ha.SequenceIdGenerator (SequenceIdGenerator.java:upgradeToSequenceId(382)) - upgrade containerId to 0
2025-05-13 07:50:25,719 [main] INFO  ha.SequenceIdGenerator (SequenceIdGenerator.java:upgradeToCertificateSequenceId(419)) - upgrade CertificateId to 2
2025-05-13 07:50:25,719 [main] INFO  ha.SequenceIdGenerator (SequenceIdGenerator.java:<init>(232)) - Init the HA SequenceIdGenerator.
2025-05-13 07:50:25,720 [main] WARN  server.ServerUtils (ServerUtils.java:sanitizeUserArgs(76)) - ozone.scm.stale.node.interval value = 300000 is larger than max = 100000 based on the key value of ozone.scm.heartbeat.thread.interval, reset to the max value 100000.
2025-05-13 07:50:25,720 [main] WARN  server.ServerUtils (ServerUtils.java:sanitizeUserArgs(76)) - ozone.scm.stale.node.interval value = 300000 is larger than max = 100000 based on the key value of ozone.scm.heartbeat.thread.interval, reset to the max value 100000.
2025-05-13 07:50:25,720 [main] INFO  node.SCMNodeManager (SCMNodeManager.java:<init>(182)) - Entering startup safe mode.
2025-05-13 07:50:25,720 [main] INFO  algorithms.ContainerPlacementPolicyFactory (ContainerPlacementPolicyFactory.java:getPolicyInternal(84)) - Create container placement policy of type org.apache.hadoop.hdds.scm.container.placement.algorithms.SCMContainerPlacementRackAware
2025-05-13 07:50:25,720 [main] INFO  algorithms.ContainerPlacementPolicyFactory (ContainerPlacementPolicyFactory.java:getPolicyInternal(84)) - Create container placement policy of type org.apache.hadoop.hdds.scm.container.placement.algorithms.SCMContainerPlacementRackScatter
2025-05-13 07:50:25,721 [main] INFO  pipeline.PipelineStateManagerImpl (PipelineStateManagerImpl.java:initialize(75)) - No pipeline exists in current db
2025-05-13 07:50:25,721 [main] INFO  algorithms.LeaderChoosePolicyFactory (LeaderChoosePolicyFactory.java:getPolicy(55)) - Create leader choose policy of type org.apache.hadoop.hdds.scm.pipeline.leader.choose.algorithms.MinLeaderCountChoosePolicy
2025-05-13 07:50:25,721 [main] INFO  algorithms.ContainerPlacementPolicyFactory (ContainerPlacementPolicyFactory.java:getPolicyInternal(84)) - Create container placement policy of type org.apache.hadoop.hdds.scm.container.placement.algorithms.SCMContainerPlacementRackScatter
2025-05-13 07:50:25,721 [main] INFO  ha.SCMServiceManager (SCMServiceManager.java:register(42)) - Registering service BackgroundPipelineCreator.
2025-05-13 07:50:25,721 [main] INFO  pipeline.BackgroundPipelineCreator (BackgroundPipelineCreator.java:start(126)) - Starting RatisPipelineUtilsThread.
2025-05-13 07:50:25,722 [main] INFO  BackgroundPipelineScrubber (BackgroundSCMService.java:start(64)) - Starting BackgroundPipelineScrubber Service.
2025-05-13 07:50:25,722 [main] INFO  ha.SCMServiceManager (SCMServiceManager.java:register(42)) - Registering service BackgroundPipelineScrubber.
2025-05-13 07:50:25,722 [main] INFO  ExpiredContainerReplicaOpScrubber (BackgroundSCMService.java:start(64)) - Starting ExpiredContainerReplicaOpScrubber Service.
2025-05-13 07:50:25,722 [main] INFO  ha.SCMServiceManager (SCMServiceManager.java:register(42)) - Registering service ExpiredContainerReplicaOpScrubber.
2025-05-13 07:50:25,723 [main] INFO  algorithms.PipelineChoosePolicyFactory (PipelineChoosePolicyFactory.java:createPipelineChoosePolicyFromClass(78)) - Create pipeline choose policy of type org.apache.hadoop.hdds.scm.pipeline.choose.algorithms.RandomPipelineChoosePolicy
2025-05-13 07:50:25,723 [main] INFO  algorithms.PipelineChoosePolicyFactory (PipelineChoosePolicyFactory.java:createPipelineChoosePolicyFromClass(78)) - Create pipeline choose policy of type org.apache.hadoop.hdds.scm.pipeline.choose.algorithms.RandomPipelineChoosePolicy
2025-05-13 07:50:25,724 [main] INFO  ha.SCMServiceManager (SCMServiceManager.java:register(42)) - Registering service SCMBlockDeletingService.
2025-05-13 07:50:25,725 [main] INFO  replication.ReplicationManager (ReplicationManager.java:start(285)) - Starting Replication Monitor Thread.
2025-05-13 07:50:25,726 [main] INFO  ha.SCMServiceManager (SCMServiceManager.java:register(42)) - Registering service ReplicationManager.
2025-05-13 07:50:25,726 [main] INFO  safemode.RatisContainerSafeModeRule (RatisContainerSafeModeRule.java:initializeRule(160)) - Refreshed Containers with one replica threshold count 0.
2025-05-13 07:50:25,726 [main] INFO  safemode.ECContainerSafeModeRule (ECContainerSafeModeRule.java:initializeRule(205)) - Refreshed Containers with ec n replica threshold count 0.
2025-05-13 07:50:25,726 [main] INFO  safemode.HealthyPipelineSafeModeRule (HealthyPipelineSafeModeRule.java:initializeRule(177)) - Total pipeline count is 0, healthy pipeline threshold count is 0
2025-05-13 07:50:25,726 [main] INFO  safemode.OneReplicaPipelineSafeModeRule (OneReplicaPipelineSafeModeRule.java:initializeRule(190)) - Total pipeline count is 0, pipeline's with at least one datanode reported threshold count is 0
2025-05-13 07:50:25,727 [main] INFO  security.SecretKeyManagerService (SecretKeyManagerService.java:start(143)) - Scheduling rotation checker with interval PT10M
2025-05-13 07:50:25,727 [main] INFO  ha.SCMServiceManager (SCMServiceManager.java:register(42)) - Registering service SecretKeyManagerService.
2025-05-13 07:50:25,728 [main] INFO  keys.KeyStorage (KeyStorage.java:readPublicKey(174)) - Reading public key from /tmp/junit-18061277176405108087/scm-meta/scm/sub-ca/keys/public.pem.
2025-05-13 07:50:25,728 [main] INFO  keys.KeyStorage (KeyStorage.java:readPrivateKey(158)) - Reading private key from /tmp/junit-18061277176405108087/scm-meta/scm/sub-ca/keys/private.pem.
2025-05-13 07:50:25,728 [main] INFO  authority.DefaultCAServer (DefaultCAServer.java:lambda$processVerificationStatus$0(392)) - CertificateServer validation is successful
2025-05-13 07:50:25,728 [main] INFO  keys.KeyStorage (KeyStorage.java:readPublicKey(174)) - Reading public key from /tmp/junit-18061277176405108087/scm-meta/scm/ca/keys/public.pem.
2025-05-13 07:50:25,728 [main] INFO  keys.KeyStorage (KeyStorage.java:readPrivateKey(158)) - Reading private key from /tmp/junit-18061277176405108087/scm-meta/scm/ca/keys/private.pem.
2025-05-13 07:50:25,729 [main] INFO  authority.DefaultCAServer (DefaultCAServer.java:lambda$processVerificationStatus$0(392)) - CertificateServer validation is successful
2025-05-13 07:50:25,729 [main] INFO  server.StorageContainerManager (StorageContainerManager.java:persistPrimarySCMCerts(950)) - Storing sub-ca certificate serialId 2 on primary SCM
2025-05-13 07:50:25,730 [main] INFO  server.SCMCertStore (SCMCertStore.java:storeValidScmCertificate(96)) - Scm certificate 2 for CN=scm-sub@pkrvmberfyhpb9w,OU=f76f490d-003c-4a5b-a83d-192db58333e4,O=51dd8001-5421-4949-b15b-0cc77ad6c726,SERIALNUMBER=2 is stored
2025-05-13 07:50:25,730 [main] INFO  server.StorageContainerManager (StorageContainerManager.java:persistPrimarySCMCerts(957)) - Storing root certificate serialId 1
2025-05-13 07:50:25,731 [main] INFO  server.SCMCertStore (SCMCertStore.java:storeValidScmCertificate(96)) - Scm certificate 1 for CN=scm@pkrvmberfyhpb9w,OU=f76f490d-003c-4a5b-a83d-192db58333e4,O=51dd8001-5421-4949-b15b-0cc77ad6c726,SERIALNUMBER=1 is stored
2025-05-13 07:50:25,733 [main] INFO  ha.SequenceIdGenerator (SequenceIdGenerator.java:upgradeToCertificateSequenceId(419)) - upgrade CertificateId to 2
2025-05-13 07:50:25,733 [main] INFO  ipc.CallQueueManager (CallQueueManager.java:<init>(93)) - Using callQueue: class java.util.concurrent.LinkedBlockingQueue, queueCapacity: 200, scheduler: class org.apache.hadoop.ipc.DefaultRpcScheduler, ipcBackoff: false, ipcFailOver: false.
2025-05-13 07:50:25,733 [main] INFO  ipc.Server (Server.java:<init>(1438)) - Listener at 0.0.0.0:15073
2025-05-13 07:50:25,734 [Socket Reader #1 for port 15073] INFO  ipc.Server (Server.java:run(1474)) - Starting Socket Reader #1 for port 15073
2025-05-13 07:50:25,735 [main] INFO  server.StorageContainerManager (StorageContainerManager.java:<init>(430)) - SCM start with adminUsers: [om/pkrvmberfyhpb9w.internal.cloudapp.net@EXAMPLE.COM, om]
2025-05-13 07:50:25,735 [main] INFO  ipc.CallQueueManager (CallQueueManager.java:<init>(93)) - Using callQueue: class java.util.concurrent.LinkedBlockingQueue, queueCapacity: 10000, scheduler: class org.apache.hadoop.ipc.DefaultRpcScheduler, ipcBackoff: false, ipcFailOver: false.
2025-05-13 07:50:25,735 [main] INFO  ipc.Server (Server.java:<init>(1438)) - Listener at 0.0.0.0:15071
2025-05-13 07:50:25,736 [Socket Reader #1 for port 15071] INFO  ipc.Server (Server.java:run(1474)) - Starting Socket Reader #1 for port 15071
2025-05-13 07:50:25,736 [Socket Reader #2 for port 15071] INFO  ipc.Server (Server.java:run(1474)) - Starting Socket Reader #2 for port 15071
2025-05-13 07:50:25,736 [Socket Reader #3 for port 15071] INFO  ipc.Server (Server.java:run(1474)) - Starting Socket Reader #3 for port 15071
2025-05-13 07:50:25,736 [Socket Reader #4 for port 15071] INFO  ipc.Server (Server.java:run(1474)) - Starting Socket Reader #4 for port 15071
2025-05-13 07:50:25,736 [Socket Reader #5 for port 15071] INFO  ipc.Server (Server.java:run(1474)) - Starting Socket Reader #5 for port 15071
2025-05-13 07:50:25,736 [Socket Reader #6 for port 15071] INFO  ipc.Server (Server.java:run(1474)) - Starting Socket Reader #6 for port 15071
2025-05-13 07:50:25,736 [Socket Reader #7 for port 15071] INFO  ipc.Server (Server.java:run(1474)) - Starting Socket Reader #7 for port 15071
2025-05-13 07:50:25,737 [Socket Reader #8 for port 15071] INFO  ipc.Server (Server.java:run(1474)) - Starting Socket Reader #8 for port 15071
2025-05-13 07:50:25,737 [Socket Reader #9 for port 15071] INFO  ipc.Server (Server.java:run(1474)) - Starting Socket Reader #9 for port 15071
2025-05-13 07:50:25,737 [Socket Reader #10 for port 15071] INFO  ipc.Server (Server.java:run(1474)) - Starting Socket Reader #10 for port 15071
2025-05-13 07:50:25,738 [main] INFO  ipc.CallQueueManager (CallQueueManager.java:<init>(93)) - Using callQueue: class java.util.concurrent.LinkedBlockingQueue, queueCapacity: 10000, scheduler: class org.apache.hadoop.ipc.DefaultRpcScheduler, ipcBackoff: false, ipcFailOver: false.
2025-05-13 07:50:25,738 [main] INFO  ipc.Server (Server.java:<init>(1438)) - Listener at 0.0.0.0:15072
2025-05-13 07:50:25,738 [Socket Reader #1 for port 15072] INFO  ipc.Server (Server.java:run(1474)) - Starting Socket Reader #1 for port 15072
2025-05-13 07:50:25,739 [Socket Reader #2 for port 15072] INFO  ipc.Server (Server.java:run(1474)) - Starting Socket Reader #2 for port 15072
2025-05-13 07:50:25,739 [Socket Reader #3 for port 15072] INFO  ipc.Server (Server.java:run(1474)) - Starting Socket Reader #3 for port 15072
2025-05-13 07:50:25,739 [Socket Reader #4 for port 15072] INFO  ipc.Server (Server.java:run(1474)) - Starting Socket Reader #4 for port 15072
2025-05-13 07:50:25,739 [Socket Reader #5 for port 15072] INFO  ipc.Server (Server.java:run(1474)) - Starting Socket Reader #5 for port 15072
2025-05-13 07:50:25,740 [Socket Reader #6 for port 15072] INFO  ipc.Server (Server.java:run(1474)) - Starting Socket Reader #6 for port 15072
2025-05-13 07:50:25,740 [Socket Reader #7 for port 15072] INFO  ipc.Server (Server.java:run(1474)) - Starting Socket Reader #7 for port 15072
2025-05-13 07:50:25,740 [Socket Reader #8 for port 15072] INFO  ipc.Server (Server.java:run(1474)) - Starting Socket Reader #8 for port 15072
2025-05-13 07:50:25,740 [Socket Reader #9 for port 15072] INFO  ipc.Server (Server.java:run(1474)) - Starting Socket Reader #9 for port 15072
2025-05-13 07:50:25,740 [Socket Reader #10 for port 15072] INFO  ipc.Server (Server.java:run(1474)) - Starting Socket Reader #10 for port 15072
2025-05-13 07:50:25,741 [main] INFO  ipc.CallQueueManager (CallQueueManager.java:<init>(93)) - Using callQueue: class java.util.concurrent.LinkedBlockingQueue, queueCapacity: 10000, scheduler: class org.apache.hadoop.ipc.DefaultRpcScheduler, ipcBackoff: false, ipcFailOver: false.
2025-05-13 07:50:25,741 [main] INFO  ipc.Server (Server.java:<init>(1438)) - Listener at 0.0.0.0:15070
2025-05-13 07:50:25,742 [Socket Reader #1 for port 15070] INFO  ipc.Server (Server.java:run(1474)) - Starting Socket Reader #1 for port 15070
2025-05-13 07:50:25,742 [Socket Reader #2 for port 15070] INFO  ipc.Server (Server.java:run(1474)) - Starting Socket Reader #2 for port 15070
2025-05-13 07:50:25,742 [Socket Reader #4 for port 15070] INFO  ipc.Server (Server.java:run(1474)) - Starting Socket Reader #4 for port 15070
2025-05-13 07:50:25,742 [Socket Reader #5 for port 15070] INFO  ipc.Server (Server.java:run(1474)) - Starting Socket Reader #5 for port 15070
2025-05-13 07:50:25,742 [Socket Reader #6 for port 15070] INFO  ipc.Server (Server.java:run(1474)) - Starting Socket Reader #6 for port 15070
2025-05-13 07:50:25,742 [Socket Reader #7 for port 15070] INFO  ipc.Server (Server.java:run(1474)) - Starting Socket Reader #7 for port 15070
2025-05-13 07:50:25,742 [Socket Reader #3 for port 15070] INFO  ipc.Server (Server.java:run(1474)) - Starting Socket Reader #3 for port 15070
2025-05-13 07:50:25,743 [Socket Reader #8 for port 15070] INFO  ipc.Server (Server.java:run(1474)) - Starting Socket Reader #8 for port 15070
2025-05-13 07:50:25,743 [Socket Reader #9 for port 15070] INFO  ipc.Server (Server.java:run(1474)) - Starting Socket Reader #9 for port 15070
2025-05-13 07:50:25,743 [Socket Reader #10 for port 15070] INFO  ipc.Server (Server.java:run(1474)) - Starting Socket Reader #10 for port 15070
2025-05-13 07:50:25,746 [main] INFO  ha.SCMServiceManager (SCMServiceManager.java:register(42)) - Registering service ContainerBalancer.
2025-05-13 07:50:25,746 [main] INFO  ha.SCMContext (SCMContext.java:updateSafeModeStatus(224)) - Update SafeModeStatus from SafeModeStatus{safeModeStatus=true, preCheckPassed=false} to SafeModeStatus{safeModeStatus=true, preCheckPassed=false}.
2025-05-13 07:50:25,747 [main] INFO  server.StorageContainerManager (StorageContainerManager.java:start(1507)) - StorageContainerLocationProtocol RPC server is listening at /0.0.0.0:15070
2025-05-13 07:50:25,747 [main] INFO  ha.SCMRatisServerImpl (SCMRatisServerImpl.java:start(203)) - starting ratis server 0.0.0.0:15074
2025-05-13 07:50:25,747 [f76f490d-003c-4a5b-a83d-192db58333e4-impl-thread1] INFO  server.RaftServerConfigKeys (ConfUtils.java:logGet(46)) - raft.server.storage.free-space.min = 0MB (=0) (default)
2025-05-13 07:50:25,747 [f76f490d-003c-4a5b-a83d-192db58333e4-impl-thread1] INFO  server.RaftServerConfigKeys (ConfUtils.java:logGet(46)) - raft.server.log.corruption.policy = EXCEPTION (default)
2025-05-13 07:50:25,747 [f76f490d-003c-4a5b-a83d-192db58333e4-impl-thread1] INFO  server.RaftServerConfigKeys (ConfUtils.java:logGet(46)) - raft.server.storage.dir = [/tmp/junit-18061277176405108087/scm-meta/scm-ha] (custom)
2025-05-13 07:50:25,748 [f76f490d-003c-4a5b-a83d-192db58333e4-impl-thread1] INFO  storage.RaftStorageDirectory (RaftStorageDirectoryImpl.java:tryLock(229)) - Lock on /tmp/junit-18061277176405108087/scm-meta/scm-ha/51dd8001-5421-4949-b15b-0cc77ad6c726/in_use.lock acquired by nodename 25269@pkrvmberfyhpb9w
2025-05-13 07:50:25,748 [f76f490d-003c-4a5b-a83d-192db58333e4-impl-thread1] INFO  storage.RaftStorage (RaftStorageImpl.java:analyzeAndRecoverStorage(118)) - Read RaftStorageMetadata{term=1, votedFor=f76f490d-003c-4a5b-a83d-192db58333e4} from /tmp/junit-18061277176405108087/scm-meta/scm-ha/51dd8001-5421-4949-b15b-0cc77ad6c726/current/raft-meta
2025-05-13 07:50:25,748 [f76f490d-003c-4a5b-a83d-192db58333e4-impl-thread1] INFO  server.RaftServer$Division (ServerState.java:setRaftConf(386)) - f76f490d-003c-4a5b-a83d-192db58333e4@group-0CC77AD6C726: set configuration conf: {index: 0, cur=peers:[f76f490d-003c-4a5b-a83d-192db58333e4|pkrvmberfyhpb9w:15074]|listeners:[], old=null}
2025-05-13 07:50:25,748 [f76f490d-003c-4a5b-a83d-192db58333e4-impl-thread1] INFO  ha.SCMStateMachine (SCMStateMachine.java:lambda$initialize$0(135)) - f76f490d-003c-4a5b-a83d-192db58333e4: initialize group-0CC77AD6C726
2025-05-13 07:50:25,748 [f76f490d-003c-4a5b-a83d-192db58333e4-impl-thread1] INFO  server.RaftServerConfigKeys (ConfUtils.java:logGet(46)) - raft.server.log.use.memory = false (default)
2025-05-13 07:50:25,748 [f76f490d-003c-4a5b-a83d-192db58333e4-impl-thread1] INFO  server.RaftServerConfigKeys (ConfUtils.java:logGet(46)) - raft.server.log.purge.gap = 1000000 (custom)
2025-05-13 07:50:25,748 [f76f490d-003c-4a5b-a83d-192db58333e4-impl-thread1] INFO  server.RaftServerConfigKeys (ConfUtils.java:logGet(46)) - raft.server.log.appender.buffer.byte-limit = 4194304 (custom)
2025-05-13 07:50:25,748 [f76f490d-003c-4a5b-a83d-192db58333e4-impl-thread1] INFO  server.RaftServerConfigKeys (ConfUtils.java:logGet(46)) - raft.server.log.statemachine.data.read.timeout = 1000ms (default)
2025-05-13 07:50:25,748 [f76f490d-003c-4a5b-a83d-192db58333e4-impl-thread1] INFO  server.RaftServerConfigKeys (ConfUtils.java:logGet(46)) - raft.server.log.purge.preservation.log.num = 0 (default)
2025-05-13 07:50:25,749 [f76f490d-003c-4a5b-a83d-192db58333e4-impl-thread1] INFO  server.RaftServerConfigKeys (ConfUtils.java:logGet(46)) - raft.server.log.segment.size.max = 4194304 (custom)
2025-05-13 07:50:25,749 [f76f490d-003c-4a5b-a83d-192db58333e4-impl-thread1] INFO  server.RaftServerConfigKeys (ConfUtils.java:logGet(46)) - raft.server.log.segment.cache.num.max = 2 (custom)
2025-05-13 07:50:25,750 [f76f490d-003c-4a5b-a83d-192db58333e4-impl-thread1] INFO  server.RaftServerConfigKeys (ConfUtils.java:logGet(46)) - raft.server.log.segment.cache.size.max = 200MB (=209715200) (default)
2025-05-13 07:50:25,750 [f76f490d-003c-4a5b-a83d-192db58333e4-impl-thread1] INFO  server.RaftServerConfigKeys (ConfUtils.java:logGet(46)) - raft.server.log.appender.buffer.byte-limit = 4194304 (custom)
2025-05-13 07:50:25,750 [f76f490d-003c-4a5b-a83d-192db58333e4-impl-thread1] INFO  util.AwaitToRun (AwaitToRun.java:start(81)) - Thread[#3117,f76f490d-003c-4a5b-a83d-192db58333e4@group-0CC77AD6C726-cacheEviction-AwaitToRun,5,main] started
2025-05-13 07:50:25,750 [f76f490d-003c-4a5b-a83d-192db58333e4-impl-thread1] INFO  segmented.SegmentedRaftLogWorker (SegmentedRaftLogWorker.java:<init>(188)) - new f76f490d-003c-4a5b-a83d-192db58333e4@group-0CC77AD6C726-SegmentedRaftLogWorker for RaftStorageImpl:Storage Directory /tmp/junit-18061277176405108087/scm-meta/scm-ha/51dd8001-5421-4949-b15b-0cc77ad6c726
2025-05-13 07:50:25,750 [f76f490d-003c-4a5b-a83d-192db58333e4-impl-thread1] INFO  server.RaftServerConfigKeys (ConfUtils.java:logGet(46)) - raft.server.log.queue.byte-limit = 64MB (=67108864) (default)
2025-05-13 07:50:25,750 [f76f490d-003c-4a5b-a83d-192db58333e4-impl-thread1] INFO  server.RaftServerConfigKeys (ConfUtils.java:logGet(46)) - raft.server.log.queue.element-limit = 4096 (default)
2025-05-13 07:50:25,750 [f76f490d-003c-4a5b-a83d-192db58333e4-impl-thread1] INFO  server.RaftServerConfigKeys (ConfUtils.java:logGet(46)) - raft.server.log.segment.size.max = 4194304 (custom)
2025-05-13 07:50:25,750 [f76f490d-003c-4a5b-a83d-192db58333e4-impl-thread1] INFO  server.RaftServerConfigKeys (ConfUtils.java:logGet(46)) - raft.server.log.preallocated.size = 4194304 (custom)
2025-05-13 07:50:25,750 [f76f490d-003c-4a5b-a83d-192db58333e4-impl-thread1] INFO  server.RaftServerConfigKeys (ConfUtils.java:logGet(46)) - raft.server.log.force.sync.num = 128 (default)
2025-05-13 07:50:25,750 [f76f490d-003c-4a5b-a83d-192db58333e4-impl-thread1] INFO  server.RaftServerConfigKeys (ConfUtils.java:logGet(46)) - raft.server.log.statemachine.data.sync = true (default)
2025-05-13 07:50:25,750 [f76f490d-003c-4a5b-a83d-192db58333e4-impl-thread1] INFO  server.RaftServerConfigKeys (ConfUtils.java:logGet(46)) - raft.server.log.statemachine.data.sync.timeout = 10s (default)
2025-05-13 07:50:25,750 [f76f490d-003c-4a5b-a83d-192db58333e4-impl-thread1] INFO  server.RaftServerConfigKeys (ConfUtils.java:logGet(46)) - raft.server.log.statemachine.data.sync.timeout.retry = -1 (default)
2025-05-13 07:50:25,750 [f76f490d-003c-4a5b-a83d-192db58333e4-impl-thread1] INFO  server.RaftServerConfigKeys (ConfUtils.java:logGet(46)) - raft.server.log.write.buffer.size = 4194312 (custom)
2025-05-13 07:50:25,750 [f76f490d-003c-4a5b-a83d-192db58333e4-impl-thread1] INFO  server.RaftServerConfigKeys (ConfUtils.java:logGet(46)) - raft.server.log.appender.buffer.byte-limit = 4194304 (custom)
2025-05-13 07:50:25,750 [f76f490d-003c-4a5b-a83d-192db58333e4-impl-thread1] INFO  server.RaftServerConfigKeys (ConfUtils.java:logGet(46)) - raft.server.log.unsafe-flush.enabled = false (default)
2025-05-13 07:50:25,751 [f76f490d-003c-4a5b-a83d-192db58333e4-impl-thread1] INFO  server.RaftServerConfigKeys (ConfUtils.java:logGet(46)) - raft.server.log.async-flush.enabled = false (default)
2025-05-13 07:50:25,751 [f76f490d-003c-4a5b-a83d-192db58333e4-impl-thread1] INFO  server.RaftServerConfigKeys (ConfUtils.java:logGet(46)) - raft.server.log.statemachine.data.caching.enabled = false (default)
2025-05-13 07:50:25,751 [f76f490d-003c-4a5b-a83d-192db58333e4-impl-thread1] INFO  server.RaftServer$Division (ServerState.java:setRaftConf(386)) - f76f490d-003c-4a5b-a83d-192db58333e4@group-0CC77AD6C726: set configuration conf: {index: 0, cur=peers:[f76f490d-003c-4a5b-a83d-192db58333e4|pkrvmberfyhpb9w:15074]|listeners:[], old=null}
2025-05-13 07:50:25,751 [f76f490d-003c-4a5b-a83d-192db58333e4-impl-thread1] INFO  segmented.LogSegment (LogSegment.java:loadSegment(171)) - Successfully read 1 entries from segment file /tmp/junit-18061277176405108087/scm-meta/scm-ha/51dd8001-5421-4949-b15b-0cc77ad6c726/current/log_inprogress_0
2025-05-13 07:50:25,751 [f76f490d-003c-4a5b-a83d-192db58333e4-impl-thread1] INFO  segmented.SegmentedRaftLogWorker (SegmentedRaftLogWorker.java:lambda$new$0(139)) - f76f490d-003c-4a5b-a83d-192db58333e4@group-0CC77AD6C726-SegmentedRaftLogWorker: safeCacheEvictIndex: setUnconditionally 0 -> -1
2025-05-13 07:50:25,751 [f76f490d-003c-4a5b-a83d-192db58333e4-impl-thread1] INFO  segmented.BufferedWriteChannel (BufferedWriteChannel.java:open(61)) - open log_inprogress_0 (append) at position 82
2025-05-13 07:50:25,751 [f76f490d-003c-4a5b-a83d-192db58333e4-impl-thread1] INFO  server.RaftServer$Division (RaftServerImpl.java:start(391)) - f76f490d-003c-4a5b-a83d-192db58333e4@group-0CC77AD6C726: start as a follower, conf=conf: {index: 0, cur=peers:[f76f490d-003c-4a5b-a83d-192db58333e4|pkrvmberfyhpb9w:15074]|listeners:[], old=null}
2025-05-13 07:50:25,752 [f76f490d-003c-4a5b-a83d-192db58333e4-impl-thread1] INFO  server.RaftServer$Division (RaftServerImpl.java:setRole(378)) - f76f490d-003c-4a5b-a83d-192db58333e4@group-0CC77AD6C726: changes role from      null to FOLLOWER at term 1 for startAsFollower
2025-05-13 07:50:25,752 [f76f490d-003c-4a5b-a83d-192db58333e4-impl-thread1] INFO  impl.RoleInfo (RoleInfo.java:updateAndGet(148)) - f76f490d-003c-4a5b-a83d-192db58333e4: start f76f490d-003c-4a5b-a83d-192db58333e4@group-0CC77AD6C726-FollowerState
2025-05-13 07:50:25,752 [f76f490d-003c-4a5b-a83d-192db58333e4-impl-thread1] INFO  util.JmxRegister (JmxRegister.java:tryRegister(44)) - Successfully registered JMX Bean with object name Ratis:service=RaftServer,group=group-0CC77AD6C726,id=f76f490d-003c-4a5b-a83d-192db58333e4
2025-05-13 07:50:25,752 [f76f490d-003c-4a5b-a83d-192db58333e4@group-0CC77AD6C726-FollowerState] INFO  server.RaftServerConfigKeys (ConfUtils.java:logFallback(53)) - raft.server.rpc.first-election.timeout.min = 5000ms (fallback to raft.server.rpc.timeout.min)
2025-05-13 07:50:25,752 [f76f490d-003c-4a5b-a83d-192db58333e4@group-0CC77AD6C726-FollowerState] INFO  server.RaftServerConfigKeys (ConfUtils.java:logFallback(53)) - raft.server.rpc.first-election.timeout.max = 5200ms (fallback to raft.server.rpc.timeout.max)
2025-05-13 07:50:25,752 [f76f490d-003c-4a5b-a83d-192db58333e4-impl-thread1] INFO  util.JmxRegister (JmxRegister.java:register(58)) - register mxBean class org.apache.ratis.server.impl.RaftServerJmxAdapter as Ratis:service=RaftServer,group=group-0CC77AD6C726,id=f76f490d-003c-4a5b-a83d-192db58333e4
2025-05-13 07:50:25,752 [f76f490d-003c-4a5b-a83d-192db58333e4-impl-thread1] INFO  server.RaftServerConfigKeys (ConfUtils.java:logGet(46)) - raft.server.snapshot.trigger-when-stop.enabled = true (default)
2025-05-13 07:50:25,752 [f76f490d-003c-4a5b-a83d-192db58333e4-impl-thread1] INFO  server.RaftServerConfigKeys (ConfUtils.java:logGet(46)) - raft.server.snapshot.trigger-when-remove.enabled = true (default)
2025-05-13 07:50:25,752 [f76f490d-003c-4a5b-a83d-192db58333e4-impl-thread1] INFO  server.RaftServerConfigKeys (ConfUtils.java:logGet(46)) - raft.server.snapshot.auto.trigger.enabled = true (custom)
2025-05-13 07:50:25,752 [f76f490d-003c-4a5b-a83d-192db58333e4-impl-thread1] INFO  server.RaftServerConfigKeys (ConfUtils.java:logGet(46)) - raft.server.snapshot.auto.trigger.threshold = 1000 (custom)
2025-05-13 07:50:25,752 [f76f490d-003c-4a5b-a83d-192db58333e4-impl-thread1] INFO  server.RaftServerConfigKeys (ConfUtils.java:logGet(46)) - raft.server.snapshot.retention.file.num = -1 (default)
2025-05-13 07:50:25,752 [f76f490d-003c-4a5b-a83d-192db58333e4-impl-thread1] INFO  server.RaftServerConfigKeys (ConfUtils.java:logGet(46)) - raft.server.log.purge.upto.snapshot.index = false (default)
2025-05-13 07:50:25,753 [f76f490d-003c-4a5b-a83d-192db58333e4-impl-thread1] INFO  server.RaftServer$Division (RaftServerImpl.java:start(405)) - f76f490d-003c-4a5b-a83d-192db58333e4@group-0CC77AD6C726: Successfully started.
2025-05-13 07:50:25,753 [main] INFO  server.RaftServer (RaftServerProxy.java:startImpl(407)) - f76f490d-003c-4a5b-a83d-192db58333e4: start RPC server
2025-05-13 07:50:25,754 [main] INFO  server.GrpcService (GrpcService.java:startImpl(334)) - f76f490d-003c-4a5b-a83d-192db58333e4: GrpcService started, listening on 15074
2025-05-13 07:50:25,754 [main] INFO  ha.SCMHAManagerImpl (SCMHAManagerImpl.java:start(131)) -  scm role is FOLLOWER peers [f76f490d-003c-4a5b-a83d-192db58333e4|pkrvmberfyhpb9w:15074]
2025-05-13 07:50:25,754 [main] INFO  ha.InterSCMGrpcService (InterSCMGrpcProtocolService.java:start(98)) - Starting SCM Grpc Service at port 15075
2025-05-13 07:50:25,754 [JvmPauseMonitor15] INFO  util.JvmPauseMonitor (JvmPauseMonitor.java:run(146)) - JvmPauseMonitor-f76f490d-003c-4a5b-a83d-192db58333e4: Started
2025-05-13 07:50:25,755 [main] INFO  SCMHATransactionMonitor (BackgroundSCMService.java:start(64)) - Starting SCMHATransactionMonitor Service.
2025-05-13 07:50:25,755 [main] INFO  ha.SCMServiceManager (SCMServiceManager.java:register(42)) - Registering service SCMHATransactionMonitor.
2025-05-13 07:50:25,755 [main] INFO  SCMHATransactionMonitor (BackgroundSCMService.java:start(61)) - SCMHATransactionMonitor Service is already running, skip start.
2025-05-13 07:50:25,756 [main] WARN  impl.MetricsConfig (MetricsConfig.java:loadFirst(138)) - Cannot locate configuration: tried hadoop-metrics2-storagecontainermanager.properties,hadoop-metrics2.properties
2025-05-13 07:50:25,756 [main] INFO  impl.MetricsSystemImpl (MetricsSystemImpl.java:startTimer(378)) - Scheduled Metric snapshot period at 10 second(s).
2025-05-13 07:50:25,756 [main] INFO  impl.MetricsSystemImpl (MetricsSystemImpl.java:start(191)) - StorageContainerManager metrics system started
2025-05-13 07:50:25,766 [main] INFO  impl.MetricsSinkAdapter (MetricsSinkAdapter.java:start(204)) - Sink prometheus started
2025-05-13 07:50:25,766 [main] INFO  impl.MetricsSystemImpl (MetricsSystemImpl.java:registerSink(305)) - Registered sink prometheus
2025-05-13 07:50:25,777 [main] INFO  server.SCMClientProtocolServer (SCMClientProtocolServer.java:start(207)) - RPC server for Client  is listening at /0.0.0.0:15070
2025-05-13 07:50:25,778 [IPC Server Responder] INFO  ipc.Server (Server.java:run(1713)) - IPC Server Responder: starting
2025-05-13 07:50:25,778 [IPC Server listener on 15070] INFO  ipc.Server (Server.java:run(1553)) - IPC Server listener on 15070: starting
2025-05-13 07:50:25,786 [main] INFO  server.StorageContainerManager (StorageContainerManager.java:start(1520)) - ScmBlockLocationProtocol RPC server is listening at /0.0.0.0:15072
2025-05-13 07:50:25,786 [main] INFO  server.SCMBlockProtocolServer (SCMBlockProtocolServer.java:start(166)) - RPC server for Block Protocol is listening at /0.0.0.0:15072
2025-05-13 07:50:25,786 [IPC Server Responder] INFO  ipc.Server (Server.java:run(1713)) - IPC Server Responder: starting
2025-05-13 07:50:25,786 [IPC Server listener on 15072] INFO  ipc.Server (Server.java:run(1553)) - IPC Server listener on 15072: starting
2025-05-13 07:50:25,794 [main] INFO  server.SCMSecurityProtocolServer (SCMSecurityProtocolServer.java:start(503)) - Starting RPC server for SCMSecurityProtocolServer. is listening at /0.0.0.0:15073
2025-05-13 07:50:25,795 [IPC Server Responder] INFO  ipc.Server (Server.java:run(1713)) - IPC Server Responder: starting
2025-05-13 07:50:25,795 [IPC Server listener on 15073] INFO  ipc.Server (Server.java:run(1553)) - IPC Server listener on 15073: starting
2025-05-13 07:50:25,796 [main] INFO  http.BaseHttpServer (BaseHttpServer.java:newHttpServer2BuilderForOzone(229)) - Starting Web-server for scm at: http://0.0.0.0:9876
2025-05-13 07:50:25,796 [main] INFO  http.BaseHttpServer (BaseHttpServer.java:<init>(107)) - Hadoop Security Enabled: true Ozone Security Enabled: true Ozone HTTP Security Enabled: false 
2025-05-13 07:50:25,797 [main] WARN  server.AuthenticationFilter (AuthenticationFilter.java:constructSecretProvider(240)) - Unable to initialize FileSignerSecretProvider, falling back to use random secrets. Reason: Could not read signature secret file: /home/runner/hadoop-http-auth-signature-secret
2025-05-13 07:50:25,799 [main] INFO  http.HttpServer2 (HttpServer2.java:addGlobalFilter(1042)) - Added global filter 'safety' (class=org.apache.hadoop.hdds.server.http.HttpServer2$QuotingInputFilter)
2025-05-13 07:50:25,799 [main] INFO  http.HttpServer2 (HttpServer2.java:addFilter(1018)) - Added filter static_user_filter (class=org.apache.hadoop.http.lib.StaticUserWebFilter$StaticUserFilter) to context scm
2025-05-13 07:50:25,799 [main] INFO  http.HttpServer2 (HttpServer2.java:addFilter(1026)) - Added filter static_user_filter (class=org.apache.hadoop.http.lib.StaticUserWebFilter$StaticUserFilter) to context static
2025-05-13 07:50:25,799 [main] INFO  http.HttpServer2 (HttpServer2.java:addFilter(1026)) - Added filter static_user_filter (class=org.apache.hadoop.http.lib.StaticUserWebFilter$StaticUserFilter) to context logs
2025-05-13 07:50:25,800 [main] INFO  http.BaseHttpServer (BaseHttpServer.java:<init>(195)) - HTTP server of scm uses base directory /tmp/junit-18061277176405108087/scm-meta/webserver
2025-05-13 07:50:25,800 [main] INFO  http.HttpServer2 (HttpServer2.java:bindListener(1242)) - Jetty bound to port 9876
2025-05-13 07:50:25,800 [main] INFO  server.Server (Server.java:doStart(375)) - jetty-9.4.57.v20241219; built: 2025-01-08T21:24:30.412Z; git: df524e6b29271c2e09ba9aea83c18dc9db464a31; jvm 21.0.7+6-LTS
2025-05-13 07:50:25,802 [main] INFO  server.session (DefaultSessionIdManager.java:doStart(334)) - DefaultSessionIdManager workerName=node0
2025-05-13 07:50:25,802 [main] INFO  server.session (DefaultSessionIdManager.java:doStart(339)) - No SessionScavenger set, using defaults
2025-05-13 07:50:25,802 [main] INFO  server.session (HouseKeeper.java:startScavenging(132)) - node0 Scavenging every 660000ms
2025-05-13 07:50:25,803 [main] INFO  handler.ContextHandler (ContextHandler.java:doStart(921)) - Started o.e.j.s.ServletContextHandler@3d0c27ab{logs,/logs,file:///home/runner/work/ozone/ozone/hadoop-ozone/integration-test/target/log,AVAILABLE}
2025-05-13 07:50:25,803 [main] INFO  handler.ContextHandler (ContextHandler.java:doStart(921)) - Started o.e.j.s.ServletContextHandler@5b218cf1{static,/static,file:///home/runner/work/ozone/ozone/hadoop-ozone/integration-test/target/test-classes/webapps/static,AVAILABLE}
2025-05-13 07:50:25,807 [main] INFO  handler.ContextHandler (ContextHandler.java:doStart(921)) - Started o.e.j.w.WebAppContext@1e6bc3d2{scm,/,file:///home/runner/work/ozone/ozone/hadoop-ozone/integration-test/target/test-classes/webapps/scm/,AVAILABLE}{file:/home/runner/work/ozone/ozone/hadoop-ozone/integration-test/target/test-classes/webapps/scm}
2025-05-13 07:50:25,808 [main] INFO  server.AbstractConnector (AbstractConnector.java:doStart(333)) - Started ServerConnector@740f6565{HTTP/1.1, (http/1.1)}{0.0.0.0:9876}
2025-05-13 07:50:25,808 [main] INFO  server.Server (Server.java:doStart(415)) - Started @467778ms
2025-05-13 07:50:25,808 [main] WARN  impl.MetricsSystemImpl (MetricsSystemImpl.java:register(279)) - Sink prometheus already exists!
2025-05-13 07:50:25,808 [main] INFO  http.BaseHttpServer (BaseHttpServer.java:updateConnectorAddress(359)) - HTTP server of scm listening at http://0.0.0.0:9876
2025-05-13 07:50:25,809 [main] WARN  server.ServerUtils (ServerUtils.java:getDBPath(292)) - ozone.om.db.dirs is not configured. We recommend adding this setting. Falling back to ozone.metadata.dirs instead.
2025-05-13 07:50:25,811 [main] INFO  ha.OMHANodeDetails (OMHANodeDetails.java:loadOMHAConfig(113)) - ozone.om.internal.service.id is not defined, falling back to ozone.om.service.ids to find serviceID for OzoneManager if it is HA enabled cluster
2025-05-13 07:50:25,811 [main] INFO  ha.OMHANodeDetails (OMHANodeDetails.java:loadOMHAConfig(224)) - Configuration does not have ozone.om.address set. Falling back to the default OM address pkrvmberfyhpb9w.internal.cloudapp.net/10.1.0.36:15076
2025-05-13 07:50:25,811 [main] INFO  ha.OMHANodeDetails (OMHANodeDetails.java:getOMNodeDetailsForNonHA(252)) - OM Service ID is not set. Setting it to the default ID: omServiceIdDefault
2025-05-13 07:50:25,811 [main] INFO  ha.OMHANodeDetails (OMHANodeDetails.java:getOMNodeDetailsForNonHA(259)) - OM Node ID is not set. Setting it to the default ID: om1
2025-05-13 07:50:25,811 [main] WARN  server.ServerUtils (ServerUtils.java:getDBPath(292)) - ozone.om.db.dirs is not configured. We recommend adding this setting. Falling back to ozone.metadata.dirs instead.
2025-05-13 07:50:25,813 [main] INFO  upgrade.AbstractLayoutVersionManager (AbstractLayoutVersionManager.java:init(80)) - Initializing Layout version manager with metadata layout = DELEGATION_TOKEN_SYMMETRIC_SIGN (version = 8), software layout = DELEGATION_TOKEN_SYMMETRIC_SIGN (version = 8)
2025-05-13 07:50:25,815 [pool-420-thread-1] INFO  request.TgsRequest (TgsRequest.java:issueTicket(117)) - TGS_REQ ISSUE: authtime 1747122625814,om/pkrvmberfyhpb9w.internal.cloudapp.net@EXAMPLE.COM for om/pkrvmberfyhpb9w.internal.cloudapp.net@EXAMPLE.COM
2025-05-13 07:50:25,819 [Socket Reader #1 for port 15073] INFO  ipc.Server (Server.java:saslProcess(2290)) - Auth successful for om/pkrvmberfyhpb9w.internal.cloudapp.net@EXAMPLE.COM (auth:KERBEROS) from 127.0.0.1:37604
2025-05-13 07:50:25,821 [IPC Server handler 0 on default port 15073] INFO  ipc.Server (Server.java:logException(3260)) - IPC Server handler 0 on default port 15073, call Call#14 Retry#0 org.apache.hadoop.hdds.protocol.SCMSecurityProtocol.submitRequest from 127.0.0.1:37604
org.apache.hadoop.hdds.ratis.ServerNotLeaderException: SCM Server:f76f490d-003c-4a5b-a83d-192db58333e4(pkrvmberfyhpb9w.internal.cloudapp.net) is not the leader. Could not determine the leader node.
	at org.apache.hadoop.hdds.ratis.ServerNotLeaderException.convertToNotLeaderException(ServerNotLeaderException.java:106)
	at org.apache.hadoop.hdds.scm.ha.RatisUtil.checkRatisException(RatisUtil.java:248)
	at org.apache.hadoop.hdds.scm.protocol.SCMSecurityProtocolServerSideTranslatorPB.submitRequest(SCMSecurityProtocolServerSideTranslatorPB.java:83)
	at org.apache.hadoop.hdds.protocol.proto.SCMSecurityProtocolProtos$SCMSecurityProtocolService$2.callBlockingMethod(SCMSecurityProtocolProtos.java:18942)
	at org.apache.hadoop.ipc.ProtobufRpcEngine$Server.processCall(ProtobufRpcEngine.java:484)
	at org.apache.hadoop.ipc.ProtobufRpcEngine2$Server$ProtoBufRpcInvoker.call(ProtobufRpcEngine2.java:595)
	at org.apache.hadoop.ipc.ProtobufRpcEngine2$Server$ProtoBufRpcInvoker.call(ProtobufRpcEngine2.java:573)
	at org.apache.hadoop.ipc.RPC$Server.call(RPC.java:1227)
	at org.apache.hadoop.ipc.Server$RpcCall.run(Server.java:1246)
	at org.apache.hadoop.ipc.Server$RpcCall.run(Server.java:1169)
	at java.base/java.security.AccessController.doPrivileged(AccessController.java:714)
	at java.base/javax.security.auth.Subject.doAs(Subject.java:525)
	at org.apache.hadoop.security.UserGroupInformation.doAs(UserGroupInformation.java:1953)
	at org.apache.hadoop.ipc.Server$Handler.run(Server.java:3198)
2025-05-13 07:50:25,885 [main] INFO  reflections.Reflections (Reflections.java:scan(219)) - Reflections took 71 ms to scan 2 urls, producing 207 keys and 618 values
2025-05-13 07:50:25,885 [main] INFO  upgrade.OMLayoutVersionManager (OMLayoutVersionManager.java:lambda$0(110)) - Skipping Upgrade Action QuotaRepairUpgradeAction since it has been finalized.
2025-05-13 07:50:25,886 [main] INFO  upgrade.OMLayoutVersionManager (OMLayoutVersionManager.java:lambda$0(110)) - Skipping Upgrade Action MockOmUpgradeAction since it has been finalized.
2025-05-13 07:50:25,887 [pool-420-thread-1] INFO  request.KdcRequest (KdcRequest.java:preauth(683)) - The preauth data is empty.
2025-05-13 07:50:25,888 [pool-420-thread-1] INFO  server.KdcHandler (KdcHandler.java:handleRecoverableException(177)) - KRB error occurred while processing request: Additional pre-authentication required
2025-05-13 07:50:25,890 [pool-420-thread-1] INFO  request.AsRequest (AsRequest.java:issueTicket(112)) - AS_REQ ISSUE: authtime 1747122625890,om/pkrvmberfyhpb9w.internal.cloudapp.net@EXAMPLE.COM for krbtgt/EXAMPLE.COM@EXAMPLE.COM
2025-05-13 07:50:25,892 [main] INFO  security.UserGroupInformation (UserGroupInformation.java:loginUserFromKeytab(1143)) - Login successful for user om/pkrvmberfyhpb9w.internal.cloudapp.net@EXAMPLE.COM using keytab file om.keytab. Keytab auto renewal enabled : false
2025-05-13 07:50:25,892 [main] INFO  om.OzoneManager (OzoneManager.java:loginOMUser(1308)) - Ozone Manager login successful.
2025-05-13 07:50:25,892 [main] WARN  server.ServerUtils (ServerUtils.java:getDBPath(292)) - ozone.om.db.dirs is not configured. We recommend adding this setting. Falling back to ozone.metadata.dirs instead.
2025-05-13 07:50:25,892 [main] INFO  om.OzoneManager (OzoneManager.java:setReplicationFromConfig(4596)) - Set default replication in OM: RATIS/3 -> RATIS/THREE
2025-05-13 07:50:25,893 [main] INFO  proxy.SCMContainerLocationFailoverProxyProvider (SCMFailoverProxyProviderBase.java:<init>(120)) - Created fail-over proxy for protocol StorageContainerLocationProtocolPB with 1 nodes: [nodeId=scmNodeId,nodeAddress=/0.0.0.0:15070]
2025-05-13 07:50:25,893 [main] INFO  proxy.SCMBlockLocationFailoverProxyProvider (SCMFailoverProxyProviderBase.java:<init>(120)) - Created fail-over proxy for protocol ScmBlockLocationProtocolPB with 1 nodes: [nodeId=scmNodeId,nodeAddress=/0.0.0.0:15072]
2025-05-13 07:50:25,894 [main] INFO  om.OzoneManager (OzoneManager.java:getOmDetailsProto(4941)) - OzoneManager ports added:[name: "RPC"
value: 15076
]
2025-05-13 07:50:25,895 [main] INFO  proxy.SCMSecurityProtocolFailoverProxyProvider (SCMFailoverProxyProviderBase.java:<init>(120)) - Created fail-over proxy for protocol SCMSecurityProtocolPB with 1 nodes: [nodeId=scmNodeId,nodeAddress=/0.0.0.0:15073]
2025-05-13 07:50:25,895 [main] INFO  security.OMCertificateClient (DefaultCertificateClient.java:updateCertSerialId(1289)) - Certificate serial ID set to 9879877970576
2025-05-13 07:50:25,895 [main] WARN  security.OMCertificateClient (DefaultCertificateClient.java:loadAllCertificates(178)) - Certificates could not be loaded.
java.nio.file.NoSuchFileException: /tmp/junit-18061277176405108087/scm-meta/om/certs
	at java.base/sun.nio.fs.UnixException.translateToIOException(UnixException.java:92)
	at java.base/sun.nio.fs.UnixException.asIOException(UnixException.java:115)
	at java.base/sun.nio.fs.UnixFileSystemProvider.newDirectoryStream(UnixFileSystemProvider.java:501)
	at java.base/java.nio.file.Files.newDirectoryStream(Files.java:482)
	at java.base/java.nio.file.Files.list(Files.java:3785)
	at org.apache.hadoop.hdds.security.x509.certificate.client.DefaultCertificateClient.loadAllCertificates(DefaultCertificateClient.java:173)
	at org.apache.hadoop.hdds.security.x509.certificate.client.DefaultCertificateClient.updateCertSerialId(DefaultCertificateClient.java:1290)
	at org.apache.hadoop.hdds.security.x509.certificate.client.DefaultCertificateClient.<init>(DefaultCertificateClient.java:155)
	at org.apache.hadoop.ozone.security.OMCertificateClient.<init>(OMCertificateClient.java:65)
	at org.apache.hadoop.ozone.om.OzoneManager.<init>(OzoneManager.java:646)
	at org.apache.hadoop.ozone.om.OzoneManager.createOm(OzoneManager.java:877)
	at org.apache.hadoop.ozone.TestSecureOzoneCluster.setupOm(TestSecureOzoneCluster.java:716)
	at org.apache.hadoop.ozone.TestSecureOzoneCluster.testSecureOMInitializationFailure(TestSecureOzoneCluster.java:527)
	at java.base/jdk.internal.reflect.DirectMethodHandleAccessor.invoke(DirectMethodHandleAccessor.java:103)
	at java.base/java.lang.reflect.Method.invoke(Method.java:580)
	at org.junit.platform.commons.util.ReflectionUtils.invokeMethod(ReflectionUtils.java:775)
	at org.junit.platform.commons.support.ReflectionSupport.invokeMethod(ReflectionSupport.java:479)
	at org.junit.jupiter.engine.execution.MethodInvocation.proceed(MethodInvocation.java:60)
	at org.junit.jupiter.engine.execution.InvocationInterceptorChain$ValidatingInvocation.proceed(InvocationInterceptorChain.java:131)
	at org.junit.jupiter.engine.extension.SameThreadTimeoutInvocation.proceed(SameThreadTimeoutInvocation.java:49)
	at org.junit.jupiter.engine.extension.TimeoutExtension.intercept(TimeoutExtension.java:161)
	at org.junit.jupiter.engine.extension.TimeoutExtension.interceptTestableMethod(TimeoutExtension.java:152)
	at org.junit.jupiter.engine.extension.TimeoutExtension.interceptTestMethod(TimeoutExtension.java:91)
	at org.junit.jupiter.engine.execution.InterceptingExecutableInvoker$ReflectiveInterceptorCall.lambda$ofVoidMethod$0(InterceptingExecutableInvoker.java:112)
	at org.junit.jupiter.engine.execution.InterceptingExecutableInvoker.lambda$invoke$0(InterceptingExecutableInvoker.java:94)
	at org.junit.jupiter.engine.execution.InvocationInterceptorChain$InterceptedInvocation.proceed(InvocationInterceptorChain.java:106)
	at org.junit.jupiter.engine.execution.InvocationInterceptorChain.proceed(InvocationInterceptorChain.java:64)
	at org.junit.jupiter.engine.execution.InvocationInterceptorChain.chainAndInvoke(InvocationInterceptorChain.java:45)
	at org.junit.jupiter.engine.execution.InvocationInterceptorChain.invoke(InvocationInterceptorChain.java:37)
	at org.junit.jupiter.engine.execution.InterceptingExecutableInvoker.invoke(InterceptingExecutableInvoker.java:93)
	at org.junit.jupiter.engine.execution.InterceptingExecutableInvoker.invoke(InterceptingExecutableInvoker.java:87)
	at org.junit.jupiter.engine.descriptor.TestMethodTestDescriptor.lambda$invokeTestMethod$7(TestMethodTestDescriptor.java:216)
	at org.junit.platform.engine.support.hierarchical.ThrowableCollector.execute(ThrowableCollector.java:73)
	at org.junit.jupiter.engine.descriptor.TestMethodTestDescriptor.invokeTestMethod(TestMethodTestDescriptor.java:212)
	at org.junit.jupiter.engine.descriptor.TestMethodTestDescriptor.execute(TestMethodTestDescriptor.java:137)
	at org.junit.jupiter.engine.descriptor.TestMethodTestDescriptor.execute(TestMethodTestDescriptor.java:69)
	at org.junit.platform.engine.support.hierarchical.NodeTestTask.lambda$executeRecursively$6(NodeTestTask.java:156)
	at org.junit.platform.engine.support.hierarchical.ThrowableCollector.execute(ThrowableCollector.java:73)
	at org.junit.platform.engine.support.hierarchical.NodeTestTask.lambda$executeRecursively$8(NodeTestTask.java:146)
	at org.junit.platform.engine.support.hierarchical.Node.around(Node.java:137)
	at org.junit.platform.engine.support.hierarchical.NodeTestTask.lambda$executeRecursively$9(NodeTestTask.java:144)
	at org.junit.platform.engine.support.hierarchical.ThrowableCollector.execute(ThrowableCollector.java:73)
	at org.junit.platform.engine.support.hierarchical.NodeTestTask.executeRecursively(NodeTestTask.java:143)
	at org.junit.platform.engine.support.hierarchical.NodeTestTask.execute(NodeTestTask.java:100)
	at java.base/java.util.ArrayList.forEach(ArrayList.java:1596)
	at org.junit.platform.engine.support.hierarchical.SameThreadHierarchicalTestExecutorService.invokeAll(SameThreadHierarchicalTestExecutorService.java:41)
	at org.junit.platform.engine.support.hierarchical.NodeTestTask.lambda$executeRecursively$6(NodeTestTask.java:160)
	at org.junit.platform.engine.support.hierarchical.ThrowableCollector.execute(ThrowableCollector.java:73)
	at org.junit.platform.engine.support.hierarchical.NodeTestTask.lambda$executeRecursively$8(NodeTestTask.java:146)
	at org.junit.platform.engine.support.hierarchical.Node.around(Node.java:137)
	at org.junit.platform.engine.support.hierarchical.NodeTestTask.lambda$executeRecursively$9(NodeTestTask.java:144)
	at org.junit.platform.engine.support.hierarchical.ThrowableCollector.execute(ThrowableCollector.java:73)
	at org.junit.platform.engine.support.hierarchical.NodeTestTask.executeRecursively(NodeTestTask.java:143)
	at org.junit.platform.engine.support.hierarchical.NodeTestTask.execute(NodeTestTask.java:100)
	at java.base/java.util.ArrayList.forEach(ArrayList.java:1596)
	at org.junit.platform.engine.support.hierarchical.SameThreadHierarchicalTestExecutorService.invokeAll(SameThreadHierarchicalTestExecutorService.java:41)
	at org.junit.platform.engine.support.hierarchical.NodeTestTask.lambda$executeRecursively$6(NodeTestTask.java:160)
	at org.junit.platform.engine.support.hierarchical.ThrowableCollector.execute(ThrowableCollector.java:73)
	at org.junit.platform.engine.support.hierarchical.NodeTestTask.lambda$executeRecursively$8(NodeTestTask.java:146)
	at org.junit.platform.engine.support.hierarchical.Node.around(Node.java:137)
	at org.junit.platform.engine.support.hierarchical.NodeTestTask.lambda$executeRecursively$9(NodeTestTask.java:144)
	at org.junit.platform.engine.support.hierarchical.ThrowableCollector.execute(ThrowableCollector.java:73)
	at org.junit.platform.engine.support.hierarchical.NodeTestTask.executeRecursively(NodeTestTask.java:143)
	at org.junit.platform.engine.support.hierarchical.NodeTestTask.execute(NodeTestTask.java:100)
	at org.junit.platform.engine.support.hierarchical.SameThreadHierarchicalTestExecutorService.submit(SameThreadHierarchicalTestExecutorService.java:35)
	at org.junit.platform.engine.support.hierarchical.HierarchicalTestExecutor.execute(HierarchicalTestExecutor.java:57)
	at org.junit.platform.engine.support.hierarchical.HierarchicalTestEngine.execute(HierarchicalTestEngine.java:54)
	at org.junit.platform.launcher.core.EngineExecutionOrchestrator.execute(EngineExecutionOrchestrator.java:201)
	at org.junit.platform.launcher.core.EngineExecutionOrchestrator.execute(EngineExecutionOrchestrator.java:170)
	at org.junit.platform.launcher.core.EngineExecutionOrchestrator.execute(EngineExecutionOrchestrator.java:94)
	at org.junit.platform.launcher.core.EngineExecutionOrchestrator.lambda$execute$0(EngineExecutionOrchestrator.java:59)
	at org.junit.platform.launcher.core.EngineExecutionOrchestrator.withInterceptedStreams(EngineExecutionOrchestrator.java:142)
	at org.junit.platform.launcher.core.EngineExecutionOrchestrator.execute(EngineExecutionOrchestrator.java:58)
	at org.junit.platform.launcher.core.DefaultLauncher.execute(DefaultLauncher.java:103)
	at org.junit.platform.launcher.core.DefaultLauncher.execute(DefaultLauncher.java:85)
	at org.junit.platform.launcher.core.DelegatingLauncher.execute(DelegatingLauncher.java:47)
	at org.junit.platform.launcher.core.InterceptingLauncher.lambda$execute$1(InterceptingLauncher.java:39)
	at org.junit.platform.launcher.core.ClasspathAlignmentCheckingLauncherInterceptor.intercept(ClasspathAlignmentCheckingLauncherInterceptor.java:25)
	at org.junit.platform.launcher.core.InterceptingLauncher.execute(InterceptingLauncher.java:38)
	at org.junit.platform.launcher.core.DelegatingLauncher.execute(DelegatingLauncher.java:47)
	at org.apache.maven.surefire.junitplatform.LazyLauncher.execute(LazyLauncher.java:56)
	at org.apache.maven.surefire.junitplatform.JUnitPlatformProvider.execute(JUnitPlatformProvider.java:184)
	at org.apache.maven.surefire.junitplatform.JUnitPlatformProvider.invokeAllTests(JUnitPlatformProvider.java:148)
	at org.apache.maven.surefire.junitplatform.JUnitPlatformProvider.invoke(JUnitPlatformProvider.java:120)
	at org.apache.maven.surefire.booter.ForkedBooter.runSuitesInProcess(ForkedBooter.java:385)
	at org.apache.maven.surefire.booter.ForkedBooter.execute(ForkedBooter.java:162)
	at org.apache.maven.surefire.booter.ForkedBooter.run(ForkedBooter.java:507)
	at org.apache.maven.surefire.booter.ForkedBooter.main(ForkedBooter.java:495)
2025-05-13 07:50:25,896 [main] INFO  proxy.SecretKeyProtocolFailoverProxyProvider (SCMFailoverProxyProviderBase.java:<init>(120)) - Created fail-over proxy for protocol SecretKeyProtocolOmPB with 1 nodes: [nodeId=scmNodeId,nodeAddress=/0.0.0.0:15073]
2025-05-13 07:50:25,896 [main] INFO  symmetric.DefaultSecretKeyVerifierClient (DefaultSecretKeyVerifierClient.java:<init>(76)) - Initializing secret key cache with size 16, TTL PT168H
2025-05-13 07:50:25,899 [main] INFO  om.OzoneManager (OzoneManager.java:<init>(670)) - OM start with adminUsers: [om/pkrvmberfyhpb9w.internal.cloudapp.net@EXAMPLE.COM, om]
2025-05-13 07:50:25,899 [main] WARN  server.ServerUtils (ServerUtils.java:getDBPath(292)) - ozone.om.db.dirs is not configured. We recommend adding this setting. Falling back to ozone.metadata.dirs instead.
2025-05-13 07:50:26,061 [main] INFO  om.OzoneManager (OzoneManager.java:instantiateServices(914)) - S3 Multi-Tenancy is disabled
2025-05-13 07:50:26,062 [main] INFO  security.OzoneSecretStore (OzoneSecretStore.java:loadState(70)) - Loaded 0 tokens
2025-05-13 07:50:26,062 [main] INFO  security.OzoneDelegationTokenSecretManager (OzoneDelegationTokenSecretManager.java:loadTokenSecretState(513)) - Loading token state into token manager.
2025-05-13 07:50:26,062 [main] INFO  om.OmSnapshotManager (OmSnapshotManager.java:<init>(187)) - Ozone filesystem snapshot feature is enabled.
2025-05-13 07:50:26,062 [main] WARN  server.ServerUtils (ServerUtils.java:getDBPath(292)) - ozone.om.snapshot.diff.db.dir is not configured. We recommend adding this setting. Falling back to ozone.metadata.dirs instead.
2025-05-13 07:50:26,087 [main] INFO  om.OzoneManager (OzoneManager.java:addS3GVolumeToDB(4654)) - Created Volume s3v With Owner om required for S3Gateway operations.
2025-05-13 07:50:26,087 [main] WARN  server.ServerUtils (ServerUtils.java:getDefaultRatisDirectory(304)) - Storage directory for Ratis is not configured. It is a good idea to map this to an SSD disk. Falling back to ozone.metadata.dirs
2025-05-13 07:50:26,087 [main] WARN  utils.OzoneManagerRatisUtils (OzoneManagerRatisUtils.java:getOMRatisSnapshotDirectory(488)) - ozone.om.ratis.snapshot.dir is not configured. Falling back to ozone.metadata.dirs config
2025-05-13 07:50:26,087 [main] WARN  dropwizard3.Dm3MetricRegistriesImpl (Dm3MetricRegistriesImpl.java:addReporterRegistration(114)) - New reporters are added after registries were created. Some metrics will be missing from the reporter. Please add reporter before adding any new registry.
2025-05-13 07:50:26,087 [main] WARN  dropwizard3.Dm3MetricRegistriesImpl (Dm3MetricRegistriesImpl.java:addReporterRegistration(114)) - New reporters are added after registries were created. Some metrics will be missing from the reporter. Please add reporter before adding any new registry.
2025-05-13 07:50:26,088 [main] WARN  server.ServerUtils (ServerUtils.java:getDefaultRatisDirectory(304)) - Storage directory for Ratis is not configured. It is a good idea to map this to an SSD disk. Falling back to ozone.metadata.dirs
2025-05-13 07:50:26,088 [main] INFO  server.RaftServerConfigKeys (ConfUtils.java:logGet(46)) - raft.server.log.appender.buffer.byte-limit = 4194304 (custom)
2025-05-13 07:50:26,089 [main] INFO  ratis.OzoneManagerRatisServer (OzoneManagerRatisServer.java:<init>(167)) - Instantiating OM Ratis server with groupID: omServiceIdDefault and peers: pkrvmberfyhpb9w.internal.cloudapp.net:9872
2025-05-13 07:50:26,089 [main] INFO  ratis.OzoneManagerStateMachine (OzoneManagerStateMachine.java:loadSnapshotInfoFromDB(618)) - TransactionInfo not found in OM DB.
2025-05-13 07:50:26,090 [main] INFO  server.RaftServer (ConfUtils.java:logGet(46)) - raft.rpc.type = GRPC (default)
2025-05-13 07:50:26,090 [main] INFO  grpc.GrpcConfigKeys (ConfUtils.java:logFallback(53)) - raft.grpc.admin.host = null (fallback to raft.grpc.server.host)
2025-05-13 07:50:26,090 [main] INFO  grpc.GrpcConfigKeys (ConfUtils.java:logFallback(53)) - raft.grpc.admin.port = 9872 (fallback to raft.grpc.server.port)
2025-05-13 07:50:26,090 [main] INFO  grpc.GrpcConfigKeys (ConfUtils.java:logFallback(53)) - raft.grpc.client.host = null (fallback to raft.grpc.server.host)
2025-05-13 07:50:26,090 [main] INFO  grpc.GrpcConfigKeys (ConfUtils.java:logFallback(53)) - raft.grpc.client.port = 9872 (fallback to raft.grpc.server.port)
2025-05-13 07:50:26,090 [main] INFO  grpc.GrpcConfigKeys (ConfUtils.java:logGet(46)) - raft.grpc.server.host = null (default)
2025-05-13 07:50:26,090 [main] INFO  grpc.GrpcConfigKeys (ConfUtils.java:logGet(46)) - raft.grpc.server.port = 9872 (custom)
2025-05-13 07:50:26,090 [main] INFO  server.GrpcService (ConfUtils.java:logGet(46)) - raft.grpc.message.size.max = 5242880 (custom)
2025-05-13 07:50:26,091 [main] INFO  server.GrpcService (ConfUtils.java:logGet(46)) - raft.grpc.flow.control.window = 1MB (=1048576) (default)
2025-05-13 07:50:26,091 [main] INFO  server.RaftServerConfigKeys (ConfUtils.java:logGet(46)) - raft.server.rpc.request.timeout = 3000ms (default)
2025-05-13 07:50:26,091 [main] INFO  grpc.GrpcConfigKeys (ConfUtils.java:logGet(46)) - raft.grpc.server.heartbeat.channel = true (default)
2025-05-13 07:50:26,091 [main] INFO  server.RaftServerConfigKeys (ConfUtils.java:logGet(46)) - raft.server.log.appender.buffer.byte-limit = 4194304 (custom)
2025-05-13 07:50:26,091 [main] INFO  grpc.GrpcConfigKeys (ConfUtils.java:logGet(46)) - raft.grpc.server.async.request.thread.pool.cached = true (default)
2025-05-13 07:50:26,091 [main] INFO  grpc.GrpcConfigKeys (ConfUtils.java:logGet(46)) - raft.grpc.server.async.request.thread.pool.size = 32 (default)
2025-05-13 07:50:26,092 [main] INFO  impl.DataStreamServerImpl (ConfUtils.java:logGet(46)) - raft.datastream.type = DISABLED (default)
2025-05-13 07:50:26,092 [main] INFO  server.RaftServerConfigKeys (ConfUtils.java:logGet(46)) - raft.server.sleep.deviation.threshold = 300ms (default)
2025-05-13 07:50:26,092 [main] INFO  server.RaftServerConfigKeys (ConfUtils.java:logGet(46)) - raft.server.close.threshold = 60s (default)
2025-05-13 07:50:26,092 [main] INFO  server.RaftServerConfigKeys (ConfUtils.java:logGet(46)) - raft.server.leaderelection.leader.step-down.wait-time = 10s (default)
2025-05-13 07:50:26,092 [main] INFO  server.RaftServerConfigKeys (ConfUtils.java:logGet(46)) - raft.server.storage.dir = [/tmp/junit-18061277176405108087/scm-meta/ratis] (custom)
2025-05-13 07:50:26,092 [main] INFO  server.RaftServerConfigKeys (ConfUtils.java:logGet(46)) - raft.server.threadpool.proxy.cached = true (default)
2025-05-13 07:50:26,093 [main] INFO  server.RaftServerConfigKeys (ConfUtils.java:logGet(46)) - raft.server.threadpool.proxy.size = 0 (default)
2025-05-13 07:50:26,093 [main] INFO  server.RaftServer (RaftServerProxy.java:addNew(100)) - om1: addNew group-C5BA1605619E:[om1|pkrvmberfyhpb9w.internal.cloudapp.net:9872] returns group-C5BA1605619E:java.util.concurrent.CompletableFuture@7aadb8b7[Not completed]
2025-05-13 07:50:26,093 [main] INFO  om.OzoneManager (OzoneManager.java:initializeRatisServer(2284)) - OzoneManager Ratis server initialized at port 9872
RaftServerImpl.java:<init>(255)) - om1: new RaftServerImpl for group-C5BA1605619E:[om1|pkrvmberfyhpb9w.internal.cloudapp.net:9872] with OzoneManagerStateMachine:uninitialized
2025-05-13 07:50:26,093 [main] INFO  om.OzoneManager (OzoneManager.java:initializeRatisServer(2284)) - OzoneManager Ratis server initialized at port 9872
2025-05-13 07:50:26,093 [om1-groupManagement] INFO  server.RaftServerConfigKeys (ConfUtils.java:logGet(46)) - raft.server.rpc.timeout.min = 5s (custom)
2025-05-13 07:50:26,093 [om1-groupManagement] INFO  server.RaftServerConfigKeys (ConfUtils.java:logGet(46)) - raft.server.rpc.timeout.max = 5200ms (custom)
2025-05-13 07:50:26,093 [main] INFO  om.OzoneManager (OzoneManager.java:getRpcServer(1340)) - Creating RPC Server
ConfUtils.java:logGet(46)) - raft.server.rpc.sleep.time = 25ms (default)
2025-05-13 07:50:26,093 [main] INFO  om.OzoneManager (OzoneManager.java:getRpcServer(1340)) - Creating RPC Server
2025-05-13 07:50:26,093 [om1-groupManagement] INFO  server.RaftServerConfigKeys (ConfUtils.java:logGet(46)) - raft.server.rpc.slowness.timeout = 120s (custom)
2025-05-13 07:50:26,093 [om1-groupManagement] INFO  server.RaftServerConfigKeys (ConfUtils.java:logGet(46)) - raft.server.leaderelection.leader.step-down.wait-time = 10s (default)
2025-05-13 07:50:26,094 [om1-groupManagement] INFO  server.RaftServerConfigKeys (ConfUtils.java:logGet(46)) - raft.server.leaderelection.member.majority-add = false (default)
2025-05-13 07:50:26,094 [om1-groupManagement] INFO  server.RaftServerConfigKeys (ConfUtils.java:logGet(46)) - raft.server.sleep.deviation.threshold = 300ms (default)
2025-05-13 07:50:26,094 [om1-groupManagement] INFO  server.RaftServer$Division (ServerState.java:<init>(114)) - om1@group-C5BA1605619E: ConfigurationManager, init=conf: {index: -1, cur=peers:[om1|pkrvmberfyhpb9w.internal.cloudapp.net:9872]|listeners:[], old=null}, confs=<EMPTY_MAP>
2025-05-13 07:50:26,094 [om1-groupManagement] INFO  server.RaftServerConfigKeys (ConfUtils.java:logGet(46)) - raft.server.notification.no-leader.timeout = 120s (custom)
2025-05-13 07:50:26,094 [om1-groupManagement] INFO  server.RaftServerConfigKeys (ConfUtils.java:logGet(46)) - raft.server.read.timeout = 10s (default)
2025-05-13 07:50:26,094 [om1-groupManagement] INFO  server.RaftServerConfigKeys (ConfUtils.java:logGet(46)) - raft.server.retrycache.expirytime = 300s (custom)
2025-05-13 07:50:26,094 [om1-groupManagement] INFO  server.RaftServerConfigKeys (ConfUtils.java:logGet(46)) - raft.server.retrycache.statistics.expirytime = 100ms (default)
2025-05-13 07:50:26,094 [om1-groupManagement] INFO  server.RaftServerConfigKeys (ConfUtils.java:logGet(46)) - raft.server.read.option = DEFAULT (default)
2025-05-13 07:50:26,094 [om1-groupManagement] INFO  server.RaftServerConfigKeys (ConfUtils.java:logGet(46)) - raft.server.read.read-after-write-consistent.write-index-cache.expiry-time = 60s (default)
2025-05-13 07:50:26,095 [om1-groupManagement] INFO  server.RaftServerConfigKeys (ConfUtils.java:logGet(46)) - raft.server.rpc.request.timeout = 3000ms (default)
2025-05-13 07:50:26,095 [om1-groupManagement] INFO  server.RaftServerConfigKeys (ConfUtils.java:logGet(46)) - raft.server.log.appender.install.snapshot.enabled = false (custom)
2025-05-13 07:50:26,095 [om1-groupManagement] INFO  server.RaftServerConfigKeys (ConfUtils.java:logGet(46)) - raft.server.threadpool.server.cached = true (default)
2025-05-13 07:50:26,095 [om1-groupManagement] INFO  server.RaftServerConfigKeys (ConfUtils.java:logGet(46)) - raft.server.threadpool.server.size = 0 (default)
2025-05-13 07:50:26,095 [om1-groupManagement] INFO  server.RaftServerConfigKeys (ConfUtils.java:logGet(46)) - raft.server.threadpool.client.cached = true (default)
2025-05-13 07:50:26,095 [om1-groupManagement] INFO  server.RaftServerConfigKeys (ConfUtils.java:logGet(46)) - raft.server.threadpool.client.size = 0 (default)
2025-05-13 07:50:26,475 [main] INFO  reflections.Reflections (Reflections.java:scan(219)) - Reflections took 381 ms to scan 24 urls, producing 60 keys and 7515 values
2025-05-13 07:50:26,476 [main] INFO  ipc.CallQueueManager (CallQueueManager.java:<init>(93)) - Using callQueue: class java.util.concurrent.LinkedBlockingQueue, queueCapacity: 2000, scheduler: class org.apache.hadoop.ipc.DefaultRpcScheduler, ipcBackoff: false, ipcFailOver: false.
2025-05-13 07:50:26,476 [main] INFO  server.StorageContainerManager (StorageContainerManager.java:stop(1608)) - Container Balancer is not running.
2025-05-13 07:50:26,477 [main] INFO  server.StorageContainerManager (StorageContainerManager.java:stopReplicationManager(1742)) - Stopping Replication Manager Service.
2025-05-13 07:50:26,477 [main] INFO  replication.ReplicationManager (ReplicationManager.java:stop(316)) - Stopping Replication Monitor Thread.
2025-05-13 07:50:26,477 [main] INFO  server.StorageContainerManager (StorageContainerManager.java:stop(1617)) - Stopping the Datanode Admin Monitor.
2025-05-13 07:50:26,477 [ReplicationMonitor] INFO  replication.ReplicationManager (ReplicationManager.java:run(936)) - Replication Monitor Thread is stopped
2025-05-13 07:50:26,477 [main] INFO  server.StorageContainerManager (StorageContainerManager.java:stop(1624)) - Stopping datanode service RPC server
2025-05-13 07:50:26,477 [main] INFO  server.SCMDatanodeProtocolServer (SCMDatanodeProtocolServer.java:stop(447)) - Stopping the RPC server for DataNodes
2025-05-13 07:50:26,477 [main] INFO  ipc.Server (Server.java:stop(3697)) - Stopping server on 15071
2025-05-13 07:50:26,477 [OverReplicatedProcessor] WARN  replication.UnhealthyReplicationProcessor (UnhealthyReplicationProcessor.java:run(178)) - OverReplicatedProcessor interrupted. Exiting...
2025-05-13 07:50:26,477 [UnderReplicatedProcessor] WARN  replication.UnhealthyReplicationProcessor (UnhealthyReplicationProcessor.java:run(178)) - UnderReplicatedProcessor interrupted. Exiting...
2025-05-13 07:50:26,521 [SCMHeartbeatProcessor-0] WARN  node.NodeStateManager (NodeStateManager.java:scheduleNextHealthCheck(909)) - Current Thread is interrupted, shutting down HB processing thread for Node Manager.
2025-05-13 07:50:26,521 [main] INFO  server.StorageContainerManager (StorageContainerManager.java:stop(1632)) - Stopping block service RPC server
2025-05-13 07:50:26,521 [main] INFO  server.SCMBlockProtocolServer (SCMBlockProtocolServer.java:stop(175)) - Stopping the RPC server for Block Protocol
2025-05-13 07:50:26,521 [main] INFO  ipc.Server (Server.java:stop(3697)) - Stopping server on 15072
2025-05-13 07:50:26,526 [IPC Server listener on 15072] INFO  ipc.Server (Server.java:run(1585)) - Stopping IPC Server listener on 15072
2025-05-13 07:50:26,526 [IPC Server Responder] INFO  ipc.Server (Server.java:run(1718)) - Stopping IPC Server Responder
2025-05-13 07:50:26,526 [main] INFO  server.StorageContainerManager (StorageContainerManager.java:stop(1639)) - Stopping the StorageContainerLocationProtocol RPC server
2025-05-13 07:50:26,527 [main] INFO  server.SCMClientProtocolServer (SCMClientProtocolServer.java:stop(216)) - Stopping the RPC server for Client Protocol
2025-05-13 07:50:26,527 [main] INFO  ipc.Server (Server.java:stop(3697)) - Stopping server on 15070
2025-05-13 07:50:26,530 [main] INFO  server.StorageContainerManager (StorageContainerManager.java:stop(1646)) - Stopping Storage Container Manager HTTP server.
2025-05-13 07:50:26,531 [IPC Server Responder] INFO  ipc.Server (Server.java:run(1718)) - Stopping IPC Server Responder
2025-05-13 07:50:26,530 [IPC Server listener on 15070] INFO  ipc.Server (Server.java:run(1585)) - Stopping IPC Server listener on 15070
2025-05-13 07:50:26,531 [main] INFO  handler.ContextHandler (ContextHandler.java:doStop(1159)) - Stopped o.e.j.w.WebAppContext@1e6bc3d2{scm,/,null,STOPPED}{file:/home/runner/work/ozone/ozone/hadoop-ozone/integration-test/target/test-classes/webapps/scm}
2025-05-13 07:50:26,534 [main] INFO  server.AbstractConnector (AbstractConnector.java:doStop(383)) - Stopped ServerConnector@740f6565{HTTP/1.1, (http/1.1)}{0.0.0.0:9876}
2025-05-13 07:50:26,534 [main] INFO  server.session (HouseKeeper.java:stopScavenging(149)) - node0 Stopped scavenging
2025-05-13 07:50:26,535 [main] INFO  handler.ContextHandler (ContextHandler.java:doStop(1159)) - Stopped o.e.j.s.ServletContextHandler@5b218cf1{static,/static,file:///home/runner/work/ozone/ozone/hadoop-ozone/integration-test/target/test-classes/webapps/static,STOPPED}
2025-05-13 07:50:26,535 [main] INFO  handler.ContextHandler (ContextHandler.java:doStop(1159)) - Stopped o.e.j.s.ServletContextHandler@3d0c27ab{logs,/logs,file:///home/runner/work/ozone/ozone/hadoop-ozone/integration-test/target/log,STOPPED}
2025-05-13 07:50:26,536 [main] INFO  server.StorageContainerManager (StorageContainerManager.java:stop(1654)) - Stopping SCM LayoutVersionManager Service.
2025-05-13 07:50:26,536 [main] INFO  server.SCMSecurityProtocolServer (SCMSecurityProtocolServer.java:stop(510)) - Stopping the SCMSecurityProtocolServer.
2025-05-13 07:50:26,536 [main] INFO  ipc.Server (Server.java:stop(3697)) - Stopping server on 15073
2025-05-13 07:50:26,537 [IPC Server listener on 15073] INFO  ipc.Server (Server.java:run(1585)) - Stopping IPC Server listener on 15073
2025-05-13 07:50:26,537 [IPC Server Responder] INFO  ipc.Server (Server.java:run(1718)) - Stopping IPC Server Responder
2025-05-13 07:50:26,538 [main] INFO  server.StorageContainerManager (StorageContainerManager.java:stop(1666)) - Stopping Block Manager Service.
2025-05-13 07:50:26,538 [main] INFO  utils.BackgroundService (BackgroundService.java:shutdown(160)) - Shutting down service SCMBlockDeletingService
2025-05-13 07:50:26,538 [main] INFO  utils.BackgroundService (BackgroundService.java:shutdown(160)) - Shutting down service SCMBlockDeletingService
2025-05-13 07:50:26,538 [main] INFO  server.StorageContainerManager (StorageContainerManager.java:stop(1691)) - Stopping SCM Event Queue.
2025-05-13 07:50:26,539 [main] INFO  server.StorageContainerManager (StorageContainerManager.java:stop(1698)) - Stopping SCM HA services.
2025-05-13 07:50:26,539 [main] INFO  ha.SCMRatisServerImpl (SCMRatisServerImpl.java:stop(266)) - stopping ratis server 0.0.0.0:15074
2025-05-13 07:50:26,539 [main] INFO  server.RaftServer (RaftServerProxy.java:lambda$close$9(417)) - f76f490d-003c-4a5b-a83d-192db58333e4: close
2025-05-13 07:50:26,539 [f76f490d-003c-4a5b-a83d-192db58333e4-impl-thread1] INFO  server.RaftServer$Division (RaftServerImpl.java:lambda$close$1(513)) - f76f490d-003c-4a5b-a83d-192db58333e4@group-0CC77AD6C726: shutdown
2025-05-13 07:50:26,539 [main] INFO  server.GrpcService (GrpcService.java:closeImpl(343)) - f76f490d-003c-4a5b-a83d-192db58333e4: shutdown server GrpcServerProtocolService now
2025-05-13 07:50:26,539 [f76f490d-003c-4a5b-a83d-192db58333e4-impl-thread1] INFO  util.JmxRegister (JmxRegister.java:unregister(74)) - Successfully un-registered JMX Bean with object name Ratis:service=RaftServer,group=group-0CC77AD6C726,id=f76f490d-003c-4a5b-a83d-192db58333e4
2025-05-13 07:50:26,540 [f76f490d-003c-4a5b-a83d-192db58333e4-impl-thread1] INFO  impl.RoleInfo (RoleInfo.java:shutdownFollowerState(121)) - f76f490d-003c-4a5b-a83d-192db58333e4: shutdown f76f490d-003c-4a5b-a83d-192db58333e4@group-0CC77AD6C726-FollowerState
2025-05-13 07:50:26,540 [f76f490d-003c-4a5b-a83d-192db58333e4-impl-thread1] INFO  impl.StateMachineUpdater (StateMachineUpdater.java:stopAndJoin(164)) - f76f490d-003c-4a5b-a83d-192db58333e4@group-0CC77AD6C726-StateMachineUpdater: set stopIndex = -1
2025-05-13 07:50:26,540 [f76f490d-003c-4a5b-a83d-192db58333e4@group-0CC77AD6C726-FollowerState] INFO  impl.FollowerState (FollowerState.java:runImpl(170)) - f76f490d-003c-4a5b-a83d-192db58333e4@group-0CC77AD6C726-FollowerState was interrupted
2025-05-13 07:50:26,540 [f76f490d-003c-4a5b-a83d-192db58333e4@group-0CC77AD6C726-StateMachineUpdater] INFO  impl.StateMachineUpdater (StateMachineUpdater.java:stop(141)) - f76f490d-003c-4a5b-a83d-192db58333e4@group-0CC77AD6C726-StateMachineUpdater: closing SCMStateMachine, lastApplied=(t:0, i:~)
2025-05-13 07:50:26,540 [f76f490d-003c-4a5b-a83d-192db58333e4@group-0CC77AD6C726-cacheEviction-AwaitToRun] INFO  util.AwaitToRun (AwaitToRun.java:run(49)) - f76f490d-003c-4a5b-a83d-192db58333e4@group-0CC77AD6C726-cacheEviction-AwaitToRun-AwaitForSignal is interrupted
2025-05-13 07:50:26,545 [main] INFO  server.GrpcService (GrpcService.java:closeImpl(352)) - f76f490d-003c-4a5b-a83d-192db58333e4: shutdown server GrpcServerProtocolService successfully
2025-05-13 07:50:26,752 [f76f490d-003c-4a5b-a83d-192db58333e4-impl-thread1] INFO  segmented.SegmentedRaftLogWorker (SegmentedRaftLogWorker.java:close(252)) - f76f490d-003c-4a5b-a83d-192db58333e4@group-0CC77AD6C726-SegmentedRaftLogWorker close()
2025-05-13 07:50:26,752 [JvmPauseMonitor15] INFO  util.JvmPauseMonitor (JvmPauseMonitor.java:run(152)) - JvmPauseMonitor-f76f490d-003c-4a5b-a83d-192db58333e4: Stopped
2025-05-13 07:50:26,753 [main] INFO  SCMHATransactionMonitor (BackgroundSCMService.java:stop(127)) - Stopping SCMHATransactionMonitor Service.
2025-05-13 07:50:26,753 [SCMHATransactionMonitor] WARN  SCMHATransactionMonitor (BackgroundSCMService.java:run(111)) - SCMHATransactionMonitor is interrupted, exit
2025-05-13 07:50:26,753 [main] INFO  pipeline.BackgroundPipelineCreator (BackgroundPipelineCreator.java:stop(154)) - Stopping RatisPipelineUtilsThread.
2025-05-13 07:50:26,753 [RatisPipelineUtilsThread-0] WARN  pipeline.BackgroundPipelineCreator (BackgroundPipelineCreator.java:run(185)) - RatisPipelineUtilsThread is interrupted.
2025-05-13 07:50:26,753 [main] INFO  BackgroundPipelineScrubber (BackgroundSCMService.java:stop(127)) - Stopping BackgroundPipelineScrubber Service.
2025-05-13 07:50:26,753 [BackgroundPipelineScrubber] WARN  BackgroundPipelineScrubber (BackgroundSCMService.java:run(111)) - BackgroundPipelineScrubber is interrupted, exit
2025-05-13 07:50:26,754 [main] INFO  impl.MetricsSystemImpl (MetricsSystemImpl.java:stop(210)) - Stopping StorageContainerManager metrics system...
2025-05-13 07:50:26,755 [prometheus] INFO  impl.MetricsSinkAdapter (MetricsSinkAdapter.java:publishMetricsFromQueue(141)) - prometheus thread interrupted.
2025-05-13 07:50:26,755 [main] INFO  impl.MetricsSystemImpl (MetricsSystemImpl.java:stop(216)) - StorageContainerManager metrics system stopped.
2025-05-13 07:50:26,755 [main] WARN  pipeline.BackgroundPipelineCreator (BackgroundPipelineCreator.java:stop(150)) - RatisPipelineUtilsThread is not running, just ignore.
2025-05-13 07:50:26,755 [main] INFO  BackgroundPipelineScrubber (BackgroundSCMService.java:stop(122)) - BackgroundPipelineScrubber Service is not running, skip stop.
2025-05-13 07:50:26,755 [main] INFO  ExpiredContainerReplicaOpScrubber (BackgroundSCMService.java:stop(127)) - Stopping ExpiredContainerReplicaOpScrubber Service.
2025-05-13 07:50:26,755 [ExpiredContainerReplicaOpScrubber] WARN  ExpiredContainerReplicaOpScrubber (BackgroundSCMService.java:run(111)) - ExpiredContainerReplicaOpScrubber is interrupted, exit
2025-05-13 07:50:26,755 [main] INFO  utils.BackgroundService (BackgroundService.java:shutdown(160)) - Shutting down service SCMBlockDeletingService
2025-05-13 07:50:26,755 [main] INFO  replication.ReplicationManager (ReplicationManager.java:stop(323)) - Replication Monitor Thread is not running.
2025-05-13 07:50:26,755 [main] WARN  balancer.ContainerBalancer (ContainerBalancer.java:stop(350)) - Cannot stop Container Balancer because it's not running or stopping
2025-05-13 07:50:26,755 [main] INFO  SCMHATransactionMonitor (BackgroundSCMService.java:stop(122)) - SCMHATransactionMonitor Service is not running, skip stop.
2025-05-13 07:50:26,756 [main] INFO  server.StorageContainerManager (StorageContainerManager.java:stop(1733)) - Stopping SCM MetadataStore.
2025-05-13 07:50:26,756 [LeaseManager#LeaseMonitor] WARN  lease.LeaseManager (LeaseManager.java:run(285)) - Lease manager is interrupted. Shutting down...
java.lang.InterruptedException
	at java.base/java.util.concurrent.locks.AbstractQueuedSynchronizer.tryAcquireSharedNanos(AbstractQueuedSynchronizer.java:1133)
	at java.base/java.util.concurrent.Semaphore.tryAcquire(Semaphore.java:415)
	at org.apache.hadoop.ozone.lease.LeaseManager$LeaseMonitor.run(LeaseManager.java:283)
	at java.base/java.lang.Thread.run(Thread.java:1583)
2025-05-13 07:50:26,756 [f76f490d-003c-4a5b-a83d-192db58333e4-scm/sub-ca-refreshCACertificates] ERROR util.ExitUtils (ExitUtils.java:terminate(133)) - Terminating with exit status -1: Thread[#3339,f76f490d-003c-4a5b-a83d-192db58333e4-scm/sub-ca-refreshCACertificates,5,main] has thrown an uncaught exception
java.lang.reflect.UndeclaredThrowableException
	at jdk.proxy2/jdk.proxy2.$Proxy45.submitRequest(Unknown Source)
	at org.apache.hadoop.hdds.protocolPB.SCMSecurityProtocolClientSideTranslatorPB.submitRequest(SCMSecurityProtocolClientSideTranslatorPB.java:93)
	at org.apache.hadoop.hdds.protocolPB.SCMSecurityProtocolClientSideTranslatorPB.getAllRootCaCertificates(SCMSecurityProtocolClientSideTranslatorPB.java:382)
	at org.apache.hadoop.hdds.security.x509.certificate.client.SCMCertificateClient$RefreshCACertificates.run(SCMCertificateClient.java:238)
	at java.base/java.util.concurrent.ThreadPoolExecutor.runWorker(ThreadPoolExecutor.java:1144)
	at java.base/java.util.concurrent.ThreadPoolExecutor$Worker.run(ThreadPoolExecutor.java:642)
	at java.base/java.lang.Thread.run(Thread.java:1583)
Caused by: java.io.InterruptedIOException: Retry interrupted
	at org.apache.hadoop.io.retry.RetryInvocationHandler$Call.processWaitTimeAndRetryInfo(RetryInvocationHandler.java:141)
	at org.apache.hadoop.io.retry.RetryInvocationHandler$Call.invokeOnce(RetryInvocationHandler.java:112)
	at org.apache.hadoop.io.retry.RetryInvocationHandler.invoke(RetryInvocationHandler.java:366)
	... 7 more
Caused by: java.lang.InterruptedException: sleep interrupted
	at java.base/java.lang.Thread.sleep0(Native Method)
	at java.base/java.lang.Thread.sleep(Thread.java:509)
	at org.apache.hadoop.io.retry.RetryInvocationHandler$Call.processWaitTimeAndRetryInfo(RetryInvocationHandler.java:135)
	... 9 more
2025-05-13 07:50:26,757 [main] INFO  impl.DefaultInternalKdcServerImpl (DefaultInternalKdcServerImpl.java:doStop(102)) - Default Internal kdc server stopped.
2025-05-13 07:50:27,614 [om1-om-CertificateRenewerService] INFO  retry.RetryInvocationHandler (RetryInvocationHandler.java:log(426)) - com.google.protobuf.ServiceException: java.net.ConnectException: Call From pkrvmberfyhpb9w/10.1.0.36 to localhost:15024 failed on connection exception: java.net.ConnectException: Connection refused; For more details see:  http://wiki.apache.org/hadoop/ConnectionRefused, while invoking $Proxy45.submitRequest over nodeId=scmNodeId,nodeAddress=localhost/127.0.0.1:15024 after 210 failover attempts. Trying to failover after sleeping for 2000ms. Current retry count: 210.
2025-05-13 07:50:27,758 [main] INFO  minikdc.MiniKdc (MiniKdc.java:stop(359)) - MiniKdc stopped.
2025-05-13 07:50:27,758 [main] INFO  server.StorageContainerManager (StorageContainerManager.java:stop(1597)) - Storage Container Manager is not running.
2025-05-13 07:50:27,758 [main] INFO  server.StorageContainerManager (StorageContainerManager.java:stopReplicationManager(1742)) - Stopping Replication Manager Service.
2025-05-13 07:50:27,758 [main] INFO  replication.ReplicationManager (ReplicationManager.java:stop(323)) - Replication Monitor Thread is not running.
2025-05-13 07:50:27,758 [main] INFO  server.SCMSecurityProtocolServer (SCMSecurityProtocolServer.java:join(519)) - Join RPC server for SCMSecurityProtocolServer.
2025-05-13 07:50:27,758 [main] INFO  server.SCMSecurityProtocolServer (SCMSecurityProtocolServer.java:join(521)) - Join gRPC server for SCMSecurityProtocolServer.
]]></system-out>
  </testcase>
  <testcase name="testDelegationTokenRenewal" classname="org.apache.hadoop.ozone.TestSecureOzoneCluster" time="8.612">
    <error message="Problem binding to [pkrvmberfyhpb9w.internal.cloudapp.net:15083] java.net.BindException: Cannot assign requested address; For more details see:  http://wiki.apache.org/hadoop/BindException" type="java.net.BindException"><![CDATA[java.net.BindException: Problem binding to [pkrvmberfyhpb9w.internal.cloudapp.net:15083] java.net.BindException: Cannot assign requested address; For more details see:  http://wiki.apache.org/hadoop/BindException
	at java.base/jdk.internal.reflect.DirectConstructorHandleAccessor.newInstance(DirectConstructorHandleAccessor.java:62)
	at java.base/java.lang.reflect.Constructor.newInstanceWithCaller(Constructor.java:502)
	at java.base/java.lang.reflect.Constructor.newInstance(Constructor.java:486)
	at org.apache.hadoop.net.NetUtils.wrapWithMessage(NetUtils.java:961)
	at org.apache.hadoop.net.NetUtils.wrapException(NetUtils.java:857)
	at org.apache.hadoop.ipc.Server.bind(Server.java:715)
	at org.apache.hadoop.ipc.Server$Listener.<init>(Server.java:1435)
	at org.apache.hadoop.ipc.Server.<init>(Server.java:3364)
	at org.apache.hadoop.ipc.RPC$Server.<init>(RPC.java:1195)
	at org.apache.hadoop.ipc.ProtobufRpcEngine2$Server.<init>(ProtobufRpcEngine2.java:485)
	at org.apache.hadoop.ipc.ProtobufRpcEngine$Server.<init>(ProtobufRpcEngine.java:452)
	at org.apache.hadoop.ipc.ProtobufRpcEngine.getServer(ProtobufRpcEngine.java:375)
	at org.apache.hadoop.ipc.RPC$Builder.build(RPC.java:986)
	at org.apache.hadoop.ozone.om.OzoneManager.startRpcServer(OzoneManager.java:1414)
	at org.apache.hadoop.ozone.om.OzoneManager.getRpcServer(OzoneManager.java:1376)
	at org.apache.hadoop.ozone.om.OzoneManager.<init>(OzoneManager.java:695)
	at org.apache.hadoop.ozone.om.OzoneManager.createOm(OzoneManager.java:877)
	at org.apache.hadoop.ozone.TestSecureOzoneCluster.setupOm(TestSecureOzoneCluster.java:716)
	at org.apache.hadoop.ozone.TestSecureOzoneCluster.testDelegationTokenRenewal(TestSecureOzoneCluster.java:640)
	at java.base/java.lang.reflect.Method.invoke(Method.java:580)
	at java.base/java.util.ArrayList.forEach(ArrayList.java:1596)
	at java.base/java.util.ArrayList.forEach(ArrayList.java:1596)
Caused by: java.net.BindException: Cannot assign requested address
	at java.base/sun.nio.ch.Net.bind0(Native Method)
	at java.base/sun.nio.ch.Net.bind(Net.java:565)
	at java.base/sun.nio.ch.ServerSocketChannelImpl.netBind(ServerSocketChannelImpl.java:344)
	at java.base/sun.nio.ch.ServerSocketChannelImpl.bind(ServerSocketChannelImpl.java:301)
	at java.base/sun.nio.ch.ServerSocketAdaptor.bind(ServerSocketAdaptor.java:89)
	at org.apache.hadoop.ipc.Server.bind(Server.java:698)
	... 16 more
]]></error>
    <system-out><![CDATA[2025-05-13 07:50:27,785 [main] INFO  minikdc.MiniKdc (MiniKdc.java:<init>(225)) - Configuration:
2025-05-13 07:50:27,785 [main] INFO  minikdc.MiniKdc (MiniKdc.java:<init>(226)) - ---------------------------------------------------------------
2025-05-13 07:50:27,785 [main] INFO  minikdc.MiniKdc (MiniKdc.java:<init>(228)) -   max.renewable.lifetime: 604800000
2025-05-13 07:50:27,785 [main] INFO  minikdc.MiniKdc (MiniKdc.java:<init>(228)) -   instance: DefaultKrbServer
2025-05-13 07:50:27,785 [main] INFO  minikdc.MiniKdc (MiniKdc.java:<init>(228)) -   debug: false
2025-05-13 07:50:27,785 [main] INFO  minikdc.MiniKdc (MiniKdc.java:<init>(228)) -   kdc.bind.address: localhost
2025-05-13 07:50:27,785 [main] INFO  minikdc.MiniKdc (MiniKdc.java:<init>(228)) -   max.ticket.lifetime: 86400000
2025-05-13 07:50:27,785 [main] INFO  minikdc.MiniKdc (MiniKdc.java:<init>(228)) -   transport: TCP
2025-05-13 07:50:27,785 [main] INFO  minikdc.MiniKdc (MiniKdc.java:<init>(228)) -   org.name: EXAMPLE
2025-05-13 07:50:27,785 [main] INFO  minikdc.MiniKdc (MiniKdc.java:<init>(228)) -   org.domain: COM
2025-05-13 07:50:27,785 [main] INFO  minikdc.MiniKdc (MiniKdc.java:<init>(228)) -   kdc.port: 0
2025-05-13 07:50:27,785 [main] INFO  minikdc.MiniKdc (MiniKdc.java:<init>(230)) - ---------------------------------------------------------------
2025-05-13 07:50:27,787 [main] INFO  minikdc.MiniKdc (MiniKdc.java:start(285)) - MiniKdc started.
2025-05-13 07:50:27,951 [main] INFO  keys.KeyStorage (KeyStorage.java:storePublicKey(210)) - Storing public key to /tmp/junit-2179344238963848739/om-meta/om/keys/public.pem.
2025-05-13 07:50:27,952 [main] INFO  keys.KeyStorage (KeyStorage.java:storePrivateKey(194)) - Storing private key to /tmp/junit-2179344238963848739/om-meta/om/keys/private.pem.
2025-05-13 07:50:27,952 [main] INFO  om.OzoneManager (OzoneManager.java:getOmDetailsProto(4941)) - OzoneManager ports added:[name: "RPC"
value: 15083
]
2025-05-13 07:50:27,953 [main] WARN  server.ServerUtils (ServerUtils.java:getScmDbDir(138)) - ozone.scm.db.dirs is not configured. We recommend adding this setting. Falling back to ozone.metadata.dirs instead.
2025-05-13 07:50:27,953 [main] INFO  ha.HASecurityUtils (HASecurityUtils.java:initializeSecurity(79)) - Initializing secure StorageContainerManager.
2025-05-13 07:50:27,953 [main] INFO  proxy.SCMSecurityProtocolFailoverProxyProvider (SCMFailoverProxyProviderBase.java:<init>(120)) - Created fail-over proxy for protocol SCMSecurityProtocolPB with 1 nodes: [nodeId=scmNodeId,nodeAddress=localhost/127.0.0.1:15080]
2025-05-13 07:50:27,954 [main] INFO  client.SCMCertificateClient (DefaultCertificateClient.java:updateCertSerialId(1289)) - Certificate serial ID set to null
2025-05-13 07:50:27,954 [main] ERROR client.SCMCertificateClient (DefaultCertificateClient.java:getCertPath(373)) - Default certificate serial id is not set. Can't locate the default certificate for this client.
2025-05-13 07:50:27,954 [main] INFO  client.SCMCertificateClient (DefaultCertificateClient.java:init(717)) - Certificate client init case: 0
2025-05-13 07:50:27,954 [main] INFO  client.SCMCertificateClient (DefaultCertificateClient.java:handleCase(735)) - Creating keypair for client as keypair and certificate not found.
2025-05-13 07:50:28,028 [main] INFO  keys.KeyStorage (KeyStorage.java:storePublicKey(210)) - Storing public key to /tmp/junit-2179344238963848739/scm-meta/scm/sub-ca/keys/public.pem.
2025-05-13 07:50:28,029 [main] INFO  keys.KeyStorage (KeyStorage.java:storePrivateKey(194)) - Storing private key to /tmp/junit-2179344238963848739/scm-meta/scm/sub-ca/keys/private.pem.
2025-05-13 07:50:28,029 [main] INFO  client.SCMCertificateClient (SCMCertificateClient.java:recoverStateIfNeeded(278)) - Init response: GETCERT
2025-05-13 07:50:28,029 [main] INFO  keys.KeyStorage (KeyStorage.java:readPublicKey(174)) - Reading public key from /tmp/junit-2179344238963848739/scm-meta/scm/ca/keys/public.pem.
2025-05-13 07:50:28,029 [main] ERROR keys.KeyStorage (KeyStorage.java:readPublicKey(178)) - Failed to read the public key.
java.nio.file.NoSuchFileException: /tmp/junit-2179344238963848739/scm-meta/scm/ca/keys/public.pem
	at java.base/sun.nio.fs.UnixException.translateToIOException(UnixException.java:92)
	at java.base/sun.nio.fs.UnixException.rethrowAsIOException(UnixException.java:106)
	at java.base/sun.nio.fs.UnixException.rethrowAsIOException(UnixException.java:111)
	at java.base/sun.nio.fs.UnixFileSystemProvider.newByteChannel(UnixFileSystemProvider.java:261)
	at java.base/java.nio.file.Files.newByteChannel(Files.java:380)
	at java.base/java.nio.file.Files.newByteChannel(Files.java:432)
	at java.base/java.nio.file.Files.readAllBytes(Files.java:3281)
	at org.apache.hadoop.hdds.security.x509.keys.KeyStorage.readPublicKey(KeyStorage.java:176)
	at org.apache.hadoop.hdds.security.x509.keys.KeyStorage.readKeyPair(KeyStorage.java:184)
	at org.apache.hadoop.hdds.security.x509.certificate.authority.DefaultCAServer.checkIfKeysExist(DefaultCAServer.java:354)
	at org.apache.hadoop.hdds.security.x509.certificate.authority.DefaultCAServer.verifySelfSignedCA(DefaultCAServer.java:323)
	at org.apache.hadoop.hdds.security.x509.certificate.authority.DefaultCAServer.init(DefaultCAServer.java:162)
	at org.apache.hadoop.hdds.security.x509.certificate.client.SCMCertificateClient.initializeRootCertificateServer(SCMCertificateClient.java:396)
	at org.apache.hadoop.hdds.security.x509.certificate.client.SCMCertificateClient.getPrimarySCMSelfSignedCert(SCMCertificateClient.java:346)
	at org.apache.hadoop.hdds.security.x509.certificate.client.SCMCertificateClient.recoverStateIfNeeded(SCMCertificateClient.java:287)
	at org.apache.hadoop.hdds.security.x509.certificate.client.DefaultCertificateClient.initWithRecovery(DefaultCertificateClient.java:698)
	at org.apache.hadoop.hdds.scm.ha.HASecurityUtils.initializeSecurity(HASecurityUtils.java:96)
	at org.apache.hadoop.ozone.TestSecureOzoneCluster.initSCM(TestSecureOzoneCluster.java:450)
	at org.apache.hadoop.ozone.TestSecureOzoneCluster.testDelegationTokenRenewal(TestSecureOzoneCluster.java:631)
	at java.base/jdk.internal.reflect.DirectMethodHandleAccessor.invoke(DirectMethodHandleAccessor.java:103)
	at java.base/java.lang.reflect.Method.invoke(Method.java:580)
	at org.junit.platform.commons.util.ReflectionUtils.invokeMethod(ReflectionUtils.java:775)
	at org.junit.platform.commons.support.ReflectionSupport.invokeMethod(ReflectionSupport.java:479)
	at org.junit.jupiter.engine.execution.MethodInvocation.proceed(MethodInvocation.java:60)
	at org.junit.jupiter.engine.execution.InvocationInterceptorChain$ValidatingInvocation.proceed(InvocationInterceptorChain.java:131)
	at org.junit.jupiter.engine.extension.SameThreadTimeoutInvocation.proceed(SameThreadTimeoutInvocation.java:49)
	at org.junit.jupiter.engine.extension.TimeoutExtension.intercept(TimeoutExtension.java:161)
	at org.junit.jupiter.engine.extension.TimeoutExtension.interceptTestableMethod(TimeoutExtension.java:152)
	at org.junit.jupiter.engine.extension.TimeoutExtension.interceptTestMethod(TimeoutExtension.java:91)
	at org.junit.jupiter.engine.execution.InterceptingExecutableInvoker$ReflectiveInterceptorCall.lambda$ofVoidMethod$0(InterceptingExecutableInvoker.java:112)
	at org.junit.jupiter.engine.execution.InterceptingExecutableInvoker.lambda$invoke$0(InterceptingExecutableInvoker.java:94)
	at org.junit.jupiter.engine.execution.InvocationInterceptorChain$InterceptedInvocation.proceed(InvocationInterceptorChain.java:106)
	at org.junit.jupiter.engine.execution.InvocationInterceptorChain.proceed(InvocationInterceptorChain.java:64)
	at org.junit.jupiter.engine.execution.InvocationInterceptorChain.chainAndInvoke(InvocationInterceptorChain.java:45)
	at org.junit.jupiter.engine.execution.InvocationInterceptorChain.invoke(InvocationInterceptorChain.java:37)
	at org.junit.jupiter.engine.execution.InterceptingExecutableInvoker.invoke(InterceptingExecutableInvoker.java:93)
	at org.junit.jupiter.engine.execution.InterceptingExecutableInvoker.invoke(InterceptingExecutableInvoker.java:87)
	at org.junit.jupiter.engine.descriptor.TestMethodTestDescriptor.lambda$invokeTestMethod$7(TestMethodTestDescriptor.java:216)
	at org.junit.platform.engine.support.hierarchical.ThrowableCollector.execute(ThrowableCollector.java:73)
	at org.junit.jupiter.engine.descriptor.TestMethodTestDescriptor.invokeTestMethod(TestMethodTestDescriptor.java:212)
	at org.junit.jupiter.engine.descriptor.TestMethodTestDescriptor.execute(TestMethodTestDescriptor.java:137)
	at org.junit.jupiter.engine.descriptor.TestMethodTestDescriptor.execute(TestMethodTestDescriptor.java:69)
	at org.junit.platform.engine.support.hierarchical.NodeTestTask.lambda$executeRecursively$6(NodeTestTask.java:156)
	at org.junit.platform.engine.support.hierarchical.ThrowableCollector.execute(ThrowableCollector.java:73)
	at org.junit.platform.engine.support.hierarchical.NodeTestTask.lambda$executeRecursively$8(NodeTestTask.java:146)
	at org.junit.platform.engine.support.hierarchical.Node.around(Node.java:137)
	at org.junit.platform.engine.support.hierarchical.NodeTestTask.lambda$executeRecursively$9(NodeTestTask.java:144)
	at org.junit.platform.engine.support.hierarchical.ThrowableCollector.execute(ThrowableCollector.java:73)
	at org.junit.platform.engine.support.hierarchical.NodeTestTask.executeRecursively(NodeTestTask.java:143)
	at org.junit.platform.engine.support.hierarchical.NodeTestTask.execute(NodeTestTask.java:100)
	at java.base/java.util.ArrayList.forEach(ArrayList.java:1596)
	at org.junit.platform.engine.support.hierarchical.SameThreadHierarchicalTestExecutorService.invokeAll(SameThreadHierarchicalTestExecutorService.java:41)
	at org.junit.platform.engine.support.hierarchical.NodeTestTask.lambda$executeRecursively$6(NodeTestTask.java:160)
	at org.junit.platform.engine.support.hierarchical.ThrowableCollector.execute(ThrowableCollector.java:73)
	at org.junit.platform.engine.support.hierarchical.NodeTestTask.lambda$executeRecursively$8(NodeTestTask.java:146)
	at org.junit.platform.engine.support.hierarchical.Node.around(Node.java:137)
	at org.junit.platform.engine.support.hierarchical.NodeTestTask.lambda$executeRecursively$9(NodeTestTask.java:144)
	at org.junit.platform.engine.support.hierarchical.ThrowableCollector.execute(ThrowableCollector.java:73)
	at org.junit.platform.engine.support.hierarchical.NodeTestTask.executeRecursively(NodeTestTask.java:143)
	at org.junit.platform.engine.support.hierarchical.NodeTestTask.execute(NodeTestTask.java:100)
	at java.base/java.util.ArrayList.forEach(ArrayList.java:1596)
	at org.junit.platform.engine.support.hierarchical.SameThreadHierarchicalTestExecutorService.invokeAll(SameThreadHierarchicalTestExecutorService.java:41)
	at org.junit.platform.engine.support.hierarchical.NodeTestTask.lambda$executeRecursively$6(NodeTestTask.java:160)
	at org.junit.platform.engine.support.hierarchical.ThrowableCollector.execute(ThrowableCollector.java:73)
	at org.junit.platform.engine.support.hierarchical.NodeTestTask.lambda$executeRecursively$8(NodeTestTask.java:146)
	at org.junit.platform.engine.support.hierarchical.Node.around(Node.java:137)
	at org.junit.platform.engine.support.hierarchical.NodeTestTask.lambda$executeRecursively$9(NodeTestTask.java:144)
	at org.junit.platform.engine.support.hierarchical.ThrowableCollector.execute(ThrowableCollector.java:73)
	at org.junit.platform.engine.support.hierarchical.NodeTestTask.executeRecursively(NodeTestTask.java:143)
	at org.junit.platform.engine.support.hierarchical.NodeTestTask.execute(NodeTestTask.java:100)
	at org.junit.platform.engine.support.hierarchical.SameThreadHierarchicalTestExecutorService.submit(SameThreadHierarchicalTestExecutorService.java:35)
	at org.junit.platform.engine.support.hierarchical.HierarchicalTestExecutor.execute(HierarchicalTestExecutor.java:57)
	at org.junit.platform.engine.support.hierarchical.HierarchicalTestEngine.execute(HierarchicalTestEngine.java:54)
	at org.junit.platform.launcher.core.EngineExecutionOrchestrator.execute(EngineExecutionOrchestrator.java:201)
	at org.junit.platform.launcher.core.EngineExecutionOrchestrator.execute(EngineExecutionOrchestrator.java:170)
	at org.junit.platform.launcher.core.EngineExecutionOrchestrator.execute(EngineExecutionOrchestrator.java:94)
	at org.junit.platform.launcher.core.EngineExecutionOrchestrator.lambda$execute$0(EngineExecutionOrchestrator.java:59)
	at org.junit.platform.launcher.core.EngineExecutionOrchestrator.withInterceptedStreams(EngineExecutionOrchestrator.java:142)
	at org.junit.platform.launcher.core.EngineExecutionOrchestrator.execute(EngineExecutionOrchestrator.java:58)
	at org.junit.platform.launcher.core.DefaultLauncher.execute(DefaultLauncher.java:103)
	at org.junit.platform.launcher.core.DefaultLauncher.execute(DefaultLauncher.java:85)
	at org.junit.platform.launcher.core.DelegatingLauncher.execute(DelegatingLauncher.java:47)
	at org.junit.platform.launcher.core.InterceptingLauncher.lambda$execute$1(InterceptingLauncher.java:39)
	at org.junit.platform.launcher.core.ClasspathAlignmentCheckingLauncherInterceptor.intercept(ClasspathAlignmentCheckingLauncherInterceptor.java:25)
	at org.junit.platform.launcher.core.InterceptingLauncher.execute(InterceptingLauncher.java:38)
	at org.junit.platform.launcher.core.DelegatingLauncher.execute(DelegatingLauncher.java:47)
	at org.apache.maven.surefire.junitplatform.LazyLauncher.execute(LazyLauncher.java:56)
	at org.apache.maven.surefire.junitplatform.JUnitPlatformProvider.execute(JUnitPlatformProvider.java:184)
	at org.apache.maven.surefire.junitplatform.JUnitPlatformProvider.invokeAllTests(JUnitPlatformProvider.java:148)
	at org.apache.maven.surefire.junitplatform.JUnitPlatformProvider.invoke(JUnitPlatformProvider.java:120)
	at org.apache.maven.surefire.booter.ForkedBooter.runSuitesInProcess(ForkedBooter.java:385)
	at org.apache.maven.surefire.booter.ForkedBooter.execute(ForkedBooter.java:162)
	at org.apache.maven.surefire.booter.ForkedBooter.run(ForkedBooter.java:507)
	at org.apache.maven.surefire.booter.ForkedBooter.main(ForkedBooter.java:495)
2025-05-13 07:50:28,157 [main] INFO  keys.KeyStorage (KeyStorage.java:storePublicKey(210)) - Storing public key to /tmp/junit-2179344238963848739/scm-meta/scm/ca/keys/public.pem.
2025-05-13 07:50:28,157 [main] INFO  keys.KeyStorage (KeyStorage.java:storePrivateKey(194)) - Storing private key to /tmp/junit-2179344238963848739/scm-meta/scm/ca/keys/private.pem.
2025-05-13 07:50:28,158 [main] INFO  ozone.OzoneSecurityUtil (OzoneSecurityUtil.java:getValidInetsForCurrentHost(116)) - ip:fe80:0:0:0:222:48ff:fe46:ea58%eth0 not returned.
2025-05-13 07:50:28,164 [main] INFO  ozone.OzoneSecurityUtil (OzoneSecurityUtil.java:getValidInetsForCurrentHost(113)) - Adding ip:10.1.1.24,host:10.1.1.24
2025-05-13 07:50:28,164 [main] INFO  ozone.OzoneSecurityUtil (OzoneSecurityUtil.java:getValidInetsForCurrentHost(116)) - ip:0:0:0:0:0:0:0:1%lo not returned.
2025-05-13 07:50:28,164 [main] INFO  ozone.OzoneSecurityUtil (OzoneSecurityUtil.java:getValidInetsForCurrentHost(116)) - ip:127.0.0.1 not returned.
2025-05-13 07:50:28,168 [main] ERROR utils.SelfSignedCertificate (SelfSignedCertificate.java:lambda$addInetAddresses$0(244)) - Invalid domain 10.1.1.24
2025-05-13 07:50:28,171 [main] INFO  utils.SelfSignedCertificate (SelfSignedCertificate.java:generateCertificate(156)) - Certificate 1 is issued by SERIALNUMBER=1, O=bffec445-edee-4b03-9c63-130748eb3d6c, OU=66a2491f-8986-4faf-bc8e-5e007f748792, CN=scm@pkrvmberfyhpb9w to SERIALNUMBER=1, O=bffec445-edee-4b03-9c63-130748eb3d6c, OU=66a2491f-8986-4faf-bc8e-5e007f748792, CN=scm@pkrvmberfyhpb9w, valid from Tue May 13 07:50:28 UTC 2025 to Fri Jun 21 07:50:28 UTC 2030
2025-05-13 07:50:28,172 [main] INFO  utils.CertificateCodec (CertificateCodec.java:writeCertificate(239)) - Save certificate to /tmp/junit-2179344238963848739/scm-meta/scm/ca/certs/certificate.crt
2025-05-13 07:50:28,172 [main] INFO  utils.CertificateCodec (CertificateCodec.java:writeCertificate(240)) - Certificate -----BEGIN CERTIFICATE-----
MIIDwTCCAqmgAwIBAgIBATANBgkqhkiG9w0BAQsFADCBiDEcMBoGA1UEAwwTc2Nt
QHBrcnZtYmVyZnlocGI5dzEtMCsGA1UECwwkNjZhMjQ5MWYtODk4Ni00ZmFmLWJj
OGUtNWUwMDdmNzQ4NzkyMS0wKwYDVQQKDCRiZmZlYzQ0NS1lZGVlLTRiMDMtOWM2
My0xMzA3NDhlYjNkNmMxCjAIBgNVBAUTATEwHhcNMjUwNTEzMDc1MDI4WhcNMzAw
NjIxMDc1MDI4WjCBiDEcMBoGA1UEAwwTc2NtQHBrcnZtYmVyZnlocGI5dzEtMCsG
A1UECwwkNjZhMjQ5MWYtODk4Ni00ZmFmLWJjOGUtNWUwMDdmNzQ4NzkyMS0wKwYD
VQQKDCRiZmZlYzQ0NS1lZGVlLTRiMDMtOWM2My0xMzA3NDhlYjNkNmMxCjAIBgNV
BAUTATEwggEiMA0GCSqGSIb3DQEBAQUAA4IBDwAwggEKAoIBAQCfIer2G0jAi+OQ
dvYQxYesOTuKl9qNUjizHdAe8e0eeSycBpY7EW1CuAs+UHOz/Hx0P7a90y24Iimy
0lgFI1c8wdFCCO/BfR6/xIPbJEIZL4NCFtcx8ob/zRBmYFbyPoyhSbk93+WnwZ9f
xazhc95yKWJb2mxna2wGaXxS5dG7FA1yMpopSkaWV0rDKgQ9AfaPhWL5EvdbiFGN
DQOZsi92Qb+jWoLPp4JZlJqeoIkyy/L0a6i07P3AGUmp3phxaLEYl9VQnnhjiyG3
A4BYbHmvAvvhV+uw5X4PwpPKHCm2oazWFe/egE3CG+JsHHKvcozhpGDyiDMer9dj
gXKRkEqjAgMBAAGjNDAyMA8GA1UdEwEB/wQFMAMBAf8wDgYDVR0PAQH/BAQDAgEG
MA8GA1UdEQQIMAaHBAoBARgwDQYJKoZIhvcNAQELBQADggEBAJkpW94CKL5UHrxw
lznbceCjHHAZMTEtTURu75l3/pAgBbfKjfSkNLChye1vscQEAXSlXyfAOYANNDOr
z9eTSb85fQfGRLwMq0+TO4VYXzTMDegP+WMYwNdu9SN6Wc9nsgrwgyKHSwKcOF7q
cissBSQpL8LtImX1AD8fUDltBOaABnbEJ7Pfd/SsJD320NFngUY2HSK7jGUY3uZb
192Wp2OeWo2Czko+JA/8uMmSl0vjX4C28flBZW0cezunUT9orO3ZdoD3nl1V4Z6E
P/Qri450OlaUZFNtlb3UdF8EHpn3/ziBv0Frlgv83MY+PTKr6vqXMfObB/krDkBx
6WDEt0Y=
-----END CERTIFICATE-----

2025-05-13 07:50:28,172 [main] INFO  keys.KeyStorage (KeyStorage.java:readPublicKey(174)) - Reading public key from /tmp/junit-2179344238963848739/scm-meta/scm/ca/keys/public.pem.
2025-05-13 07:50:28,172 [main] INFO  keys.KeyStorage (KeyStorage.java:readPrivateKey(158)) - Reading private key from /tmp/junit-2179344238963848739/scm-meta/scm/ca/keys/private.pem.
2025-05-13 07:50:28,173 [main] INFO  client.SCMCertificateClient (SCMCertificateClient.java:configureCSRBuilder(141)) - Creating csr for SCM->hostName:pkrvmberfyhpb9w,scmId:66a2491f-8986-4faf-bc8e-5e007f748792,clusterId:bffec445-edee-4b03-9c63-130748eb3d6c,subject:scm-sub@pkrvmberfyhpb9w
2025-05-13 07:50:28,173 [main] INFO  ozone.OzoneSecurityUtil (OzoneSecurityUtil.java:getValidInetsForCurrentHost(116)) - ip:fe80:0:0:0:222:48ff:fe46:ea58%eth0 not returned.
2025-05-13 07:50:28,176 [main] INFO  ozone.OzoneSecurityUtil (OzoneSecurityUtil.java:getValidInetsForCurrentHost(113)) - Adding ip:10.1.1.24,host:10.1.1.24
2025-05-13 07:50:28,176 [main] INFO  ozone.OzoneSecurityUtil (OzoneSecurityUtil.java:getValidInetsForCurrentHost(116)) - ip:0:0:0:0:0:0:0:1%lo not returned.
2025-05-13 07:50:28,176 [main] INFO  ozone.OzoneSecurityUtil (OzoneSecurityUtil.java:getValidInetsForCurrentHost(116)) - ip:127.0.0.1 not returned.
2025-05-13 07:50:28,179 [main] ERROR utils.CertificateSignRequest (CertificateSignRequest.java:lambda$addInetAddresses$0(316)) - Invalid domain 10.1.1.24
2025-05-13 07:50:28,181 [main] INFO  keys.KeyStorage (KeyStorage.java:readPrivateKey(158)) - Reading private key from /tmp/junit-2179344238963848739/scm-meta/scm/ca/keys/private.pem.
2025-05-13 07:50:28,182 [main] INFO  authority.DefaultApprover (DefaultApprover.java:sign(171)) - Extensions in CSR: 2.5.29.19, 2.5.29.15, 2.5.29.17
2025-05-13 07:50:28,182 [main] INFO  authority.DefaultApprover (DefaultApprover.java:sign(175)) - Extensions to add to the certificate if they present in CSR: 2.5.29.15, 2.5.29.17, 2.5.29.35, 2.5.29.37, 2.5.29.19, 1.3.6.1.5.5.7.1.12
2025-05-13 07:50:28,185 [main] INFO  utils.CertificateCodec (CertificateCodec.java:writeCertificate(239)) - Save certificate to /tmp/junit-2179344238963848739/scm-meta/scm/sub-ca/certs/CA-1.crt
2025-05-13 07:50:28,185 [main] INFO  utils.CertificateCodec (CertificateCodec.java:writeCertificate(240)) - Certificate -----BEGIN CERTIFICATE-----
MIIDwTCCAqmgAwIBAgIBATANBgkqhkiG9w0BAQsFADCBiDEcMBoGA1UEAwwTc2Nt
QHBrcnZtYmVyZnlocGI5dzEtMCsGA1UECwwkNjZhMjQ5MWYtODk4Ni00ZmFmLWJj
OGUtNWUwMDdmNzQ4NzkyMS0wKwYDVQQKDCRiZmZlYzQ0NS1lZGVlLTRiMDMtOWM2
My0xMzA3NDhlYjNkNmMxCjAIBgNVBAUTATEwHhcNMjUwNTEzMDc1MDI4WhcNMzAw
NjIxMDc1MDI4WjCBiDEcMBoGA1UEAwwTc2NtQHBrcnZtYmVyZnlocGI5dzEtMCsG
A1UECwwkNjZhMjQ5MWYtODk4Ni00ZmFmLWJjOGUtNWUwMDdmNzQ4NzkyMS0wKwYD
VQQKDCRiZmZlYzQ0NS1lZGVlLTRiMDMtOWM2My0xMzA3NDhlYjNkNmMxCjAIBgNV
BAUTATEwggEiMA0GCSqGSIb3DQEBAQUAA4IBDwAwggEKAoIBAQCfIer2G0jAi+OQ
dvYQxYesOTuKl9qNUjizHdAe8e0eeSycBpY7EW1CuAs+UHOz/Hx0P7a90y24Iimy
0lgFI1c8wdFCCO/BfR6/xIPbJEIZL4NCFtcx8ob/zRBmYFbyPoyhSbk93+WnwZ9f
xazhc95yKWJb2mxna2wGaXxS5dG7FA1yMpopSkaWV0rDKgQ9AfaPhWL5EvdbiFGN
DQOZsi92Qb+jWoLPp4JZlJqeoIkyy/L0a6i07P3AGUmp3phxaLEYl9VQnnhjiyG3
A4BYbHmvAvvhV+uw5X4PwpPKHCm2oazWFe/egE3CG+JsHHKvcozhpGDyiDMer9dj
gXKRkEqjAgMBAAGjNDAyMA8GA1UdEwEB/wQFMAMBAf8wDgYDVR0PAQH/BAQDAgEG
MA8GA1UdEQQIMAaHBAoBARgwDQYJKoZIhvcNAQELBQADggEBAJkpW94CKL5UHrxw
lznbceCjHHAZMTEtTURu75l3/pAgBbfKjfSkNLChye1vscQEAXSlXyfAOYANNDOr
z9eTSb85fQfGRLwMq0+TO4VYXzTMDegP+WMYwNdu9SN6Wc9nsgrwgyKHSwKcOF7q
cissBSQpL8LtImX1AD8fUDltBOaABnbEJ7Pfd/SsJD320NFngUY2HSK7jGUY3uZb
192Wp2OeWo2Czko+JA/8uMmSl0vjX4C28flBZW0cezunUT9orO3ZdoD3nl1V4Z6E
P/Qri450OlaUZFNtlb3UdF8EHpn3/ziBv0Frlgv83MY+PTKr6vqXMfObB/krDkBx
6WDEt0Y=
-----END CERTIFICATE-----

2025-05-13 07:50:28,185 [main] INFO  utils.CertificateCodec (CertificateCodec.java:writeCertificate(239)) - Save certificate to /tmp/junit-2179344238963848739/scm-meta/scm/sub-ca/certs/2.crt
2025-05-13 07:50:28,186 [main] INFO  utils.CertificateCodec (CertificateCodec.java:writeCertificate(240)) - Certificate -----BEGIN CERTIFICATE-----
MIIDxTCCAq2gAwIBAgIBAjANBgkqhkiG9w0BAQsFADCBiDEcMBoGA1UEAwwTc2Nt
QHBrcnZtYmVyZnlocGI5dzEtMCsGA1UECwwkNjZhMjQ5MWYtODk4Ni00ZmFmLWJj
OGUtNWUwMDdmNzQ4NzkyMS0wKwYDVQQKDCRiZmZlYzQ0NS1lZGVlLTRiMDMtOWM2
My0xMzA3NDhlYjNkNmMxCjAIBgNVBAUTATEwHhcNMjUwNTEzMDc1MDI4WhcNMzAw
NjIxMDc1MDI4WjCBjDEgMB4GA1UEAwwXc2NtLXN1YkBwa3J2bWJlcmZ5aHBiOXcx
LTArBgNVBAsMJDY2YTI0OTFmLTg5ODYtNGZhZi1iYzhlLTVlMDA3Zjc0ODc5MjEt
MCsGA1UECgwkYmZmZWM0NDUtZWRlZS00YjAzLTljNjMtMTMwNzQ4ZWIzZDZjMQow
CAYDVQQFEwEyMIIBIjANBgkqhkiG9w0BAQEFAAOCAQ8AMIIBCgKCAQEAsJGK2XRC
rMr4fE2Uz/4lIpB/s98jb4rDqI0I2NhZoEPKqlTbrkESup2LcASUj9wvF5QiBpvL
o/DBdeOID9mTHMVgjx5yYzhLYomboBJqkXwiW5Z88f2UNWwXpEqPE+g5qEPEluBM
VB3FUjAfEIuNrwGdkiZaGcRB48Ucbn/yUvMbu7EGPh14NTDAISzpifb+K5fYbe3g
yppAIt1YoJuQ5HwGMemEH+XdnNxNEGtNpyN2zomXJXCScws9mdOokTBJqfmuxzx9
Ww2nsoj2qbuUmK8sVOlvWl4cci76Vc1u6qezATll9tOaFoev5TForYMmzBEWR1V5
IIRslmPdYvSyLQIDAQABozQwMjAOBgNVHQ8BAf8EBAMCAb4wDwYDVR0RBAgwBocE
CgEBGDAPBgNVHRMBAf8EBTADAQH/MA0GCSqGSIb3DQEBCwUAA4IBAQCEHt18crBZ
Bk8qh+lTory5mKT0G6Q4icM+SjMeZThMtDAcRLOsTf6hq5clIvHJkjqsZfN+ZLGA
I0fmhJ0uBHGGzXawmUcbjXeHGKJEXryl0Ldv23fXam9FZGydZZo2aaqdeMmgWiT7
rkhE7vnbn9q6z6X6QAnvJmZ8CiDs7EwdG+YWqW5hTuoOi97av5DhPIxZAmc959H7
jaSM9/7aLnhox4eg28xi01E/YlqXf8s5tRJag56N0+71xpZEfsd3Mp3Vib3Xjh65
nOOEjgLxUGc3B+dy8uuC4YDa8YCjX2A5lwF5ZDjKyn8hC59IFiiJ3Qp9L4QjfTek
PHYQ/ZCGrq1P
-----END CERTIFICATE-----

-----BEGIN CERTIFICATE-----
MIIDwTCCAqmgAwIBAgIBATANBgkqhkiG9w0BAQsFADCBiDEcMBoGA1UEAwwTc2Nt
QHBrcnZtYmVyZnlocGI5dzEtMCsGA1UECwwkNjZhMjQ5MWYtODk4Ni00ZmFmLWJj
OGUtNWUwMDdmNzQ4NzkyMS0wKwYDVQQKDCRiZmZlYzQ0NS1lZGVlLTRiMDMtOWM2
My0xMzA3NDhlYjNkNmMxCjAIBgNVBAUTATEwHhcNMjUwNTEzMDc1MDI4WhcNMzAw
NjIxMDc1MDI4WjCBiDEcMBoGA1UEAwwTc2NtQHBrcnZtYmVyZnlocGI5dzEtMCsG
A1UECwwkNjZhMjQ5MWYtODk4Ni00ZmFmLWJjOGUtNWUwMDdmNzQ4NzkyMS0wKwYD
VQQKDCRiZmZlYzQ0NS1lZGVlLTRiMDMtOWM2My0xMzA3NDhlYjNkNmMxCjAIBgNV
BAUTATEwggEiMA0GCSqGSIb3DQEBAQUAA4IBDwAwggEKAoIBAQCfIer2G0jAi+OQ
dvYQxYesOTuKl9qNUjizHdAe8e0eeSycBpY7EW1CuAs+UHOz/Hx0P7a90y24Iimy
0lgFI1c8wdFCCO/BfR6/xIPbJEIZL4NCFtcx8ob/zRBmYFbyPoyhSbk93+WnwZ9f
xazhc95yKWJb2mxna2wGaXxS5dG7FA1yMpopSkaWV0rDKgQ9AfaPhWL5EvdbiFGN
DQOZsi92Qb+jWoLPp4JZlJqeoIkyy/L0a6i07P3AGUmp3phxaLEYl9VQnnhjiyG3
A4BYbHmvAvvhV+uw5X4PwpPKHCm2oazWFe/egE3CG+JsHHKvcozhpGDyiDMer9dj
gXKRkEqjAgMBAAGjNDAyMA8GA1UdEwEB/wQFMAMBAf8wDgYDVR0PAQH/BAQDAgEG
MA8GA1UdEQQIMAaHBAoBARgwDQYJKoZIhvcNAQELBQADggEBAJkpW94CKL5UHrxw
lznbceCjHHAZMTEtTURu75l3/pAgBbfKjfSkNLChye1vscQEAXSlXyfAOYANNDOr
z9eTSb85fQfGRLwMq0+TO4VYXzTMDegP+WMYwNdu9SN6Wc9nsgrwgyKHSwKcOF7q
cissBSQpL8LtImX1AD8fUDltBOaABnbEJ7Pfd/SsJD320NFngUY2HSK7jGUY3uZb
192Wp2OeWo2Czko+JA/8uMmSl0vjX4C28flBZW0cezunUT9orO3ZdoD3nl1V4Z6E
P/Qri450OlaUZFNtlb3UdF8EHpn3/ziBv0Frlgv83MY+PTKr6vqXMfObB/krDkBx
6WDEt0Y=
-----END CERTIFICATE-----

2025-05-13 07:50:28,186 [main] INFO  utils.CertificateCodec (CertificateCodec.java:writeCertificate(239)) - Save certificate to /tmp/junit-2179344238963848739/scm-meta/scm/sub-ca/certs/certificate.crt
2025-05-13 07:50:28,186 [main] INFO  utils.CertificateCodec (CertificateCodec.java:writeCertificate(240)) - Certificate -----BEGIN CERTIFICATE-----
MIIDxTCCAq2gAwIBAgIBAjANBgkqhkiG9w0BAQsFADCBiDEcMBoGA1UEAwwTc2Nt
QHBrcnZtYmVyZnlocGI5dzEtMCsGA1UECwwkNjZhMjQ5MWYtODk4Ni00ZmFmLWJj
OGUtNWUwMDdmNzQ4NzkyMS0wKwYDVQQKDCRiZmZlYzQ0NS1lZGVlLTRiMDMtOWM2
My0xMzA3NDhlYjNkNmMxCjAIBgNVBAUTATEwHhcNMjUwNTEzMDc1MDI4WhcNMzAw
NjIxMDc1MDI4WjCBjDEgMB4GA1UEAwwXc2NtLXN1YkBwa3J2bWJlcmZ5aHBiOXcx
LTArBgNVBAsMJDY2YTI0OTFmLTg5ODYtNGZhZi1iYzhlLTVlMDA3Zjc0ODc5MjEt
MCsGA1UECgwkYmZmZWM0NDUtZWRlZS00YjAzLTljNjMtMTMwNzQ4ZWIzZDZjMQow
CAYDVQQFEwEyMIIBIjANBgkqhkiG9w0BAQEFAAOCAQ8AMIIBCgKCAQEAsJGK2XRC
rMr4fE2Uz/4lIpB/s98jb4rDqI0I2NhZoEPKqlTbrkESup2LcASUj9wvF5QiBpvL
o/DBdeOID9mTHMVgjx5yYzhLYomboBJqkXwiW5Z88f2UNWwXpEqPE+g5qEPEluBM
VB3FUjAfEIuNrwGdkiZaGcRB48Ucbn/yUvMbu7EGPh14NTDAISzpifb+K5fYbe3g
yppAIt1YoJuQ5HwGMemEH+XdnNxNEGtNpyN2zomXJXCScws9mdOokTBJqfmuxzx9
Ww2nsoj2qbuUmK8sVOlvWl4cci76Vc1u6qezATll9tOaFoev5TForYMmzBEWR1V5
IIRslmPdYvSyLQIDAQABozQwMjAOBgNVHQ8BAf8EBAMCAb4wDwYDVR0RBAgwBocE
CgEBGDAPBgNVHRMBAf8EBTADAQH/MA0GCSqGSIb3DQEBCwUAA4IBAQCEHt18crBZ
Bk8qh+lTory5mKT0G6Q4icM+SjMeZThMtDAcRLOsTf6hq5clIvHJkjqsZfN+ZLGA
I0fmhJ0uBHGGzXawmUcbjXeHGKJEXryl0Ldv23fXam9FZGydZZo2aaqdeMmgWiT7
rkhE7vnbn9q6z6X6QAnvJmZ8CiDs7EwdG+YWqW5hTuoOi97av5DhPIxZAmc959H7
jaSM9/7aLnhox4eg28xi01E/YlqXf8s5tRJag56N0+71xpZEfsd3Mp3Vib3Xjh65
nOOEjgLxUGc3B+dy8uuC4YDa8YCjX2A5lwF5ZDjKyn8hC59IFiiJ3Qp9L4QjfTek
PHYQ/ZCGrq1P
-----END CERTIFICATE-----

-----BEGIN CERTIFICATE-----
MIIDwTCCAqmgAwIBAgIBATANBgkqhkiG9w0BAQsFADCBiDEcMBoGA1UEAwwTc2Nt
QHBrcnZtYmVyZnlocGI5dzEtMCsGA1UECwwkNjZhMjQ5MWYtODk4Ni00ZmFmLWJj
OGUtNWUwMDdmNzQ4NzkyMS0wKwYDVQQKDCRiZmZlYzQ0NS1lZGVlLTRiMDMtOWM2
My0xMzA3NDhlYjNkNmMxCjAIBgNVBAUTATEwHhcNMjUwNTEzMDc1MDI4WhcNMzAw
NjIxMDc1MDI4WjCBiDEcMBoGA1UEAwwTc2NtQHBrcnZtYmVyZnlocGI5dzEtMCsG
A1UECwwkNjZhMjQ5MWYtODk4Ni00ZmFmLWJjOGUtNWUwMDdmNzQ4NzkyMS0wKwYD
VQQKDCRiZmZlYzQ0NS1lZGVlLTRiMDMtOWM2My0xMzA3NDhlYjNkNmMxCjAIBgNV
BAUTATEwggEiMA0GCSqGSIb3DQEBAQUAA4IBDwAwggEKAoIBAQCfIer2G0jAi+OQ
dvYQxYesOTuKl9qNUjizHdAe8e0eeSycBpY7EW1CuAs+UHOz/Hx0P7a90y24Iimy
0lgFI1c8wdFCCO/BfR6/xIPbJEIZL4NCFtcx8ob/zRBmYFbyPoyhSbk93+WnwZ9f
xazhc95yKWJb2mxna2wGaXxS5dG7FA1yMpopSkaWV0rDKgQ9AfaPhWL5EvdbiFGN
DQOZsi92Qb+jWoLPp4JZlJqeoIkyy/L0a6i07P3AGUmp3phxaLEYl9VQnnhjiyG3
A4BYbHmvAvvhV+uw5X4PwpPKHCm2oazWFe/egE3CG+JsHHKvcozhpGDyiDMer9dj
gXKRkEqjAgMBAAGjNDAyMA8GA1UdEwEB/wQFMAMBAf8wDgYDVR0PAQH/BAQDAgEG
MA8GA1UdEQQIMAaHBAoBARgwDQYJKoZIhvcNAQELBQADggEBAJkpW94CKL5UHrxw
lznbceCjHHAZMTEtTURu75l3/pAgBbfKjfSkNLChye1vscQEAXSlXyfAOYANNDOr
z9eTSb85fQfGRLwMq0+TO4VYXzTMDegP+WMYwNdu9SN6Wc9nsgrwgyKHSwKcOF7q
cissBSQpL8LtImX1AD8fUDltBOaABnbEJ7Pfd/SsJD320NFngUY2HSK7jGUY3uZb
192Wp2OeWo2Czko+JA/8uMmSl0vjX4C28flBZW0cezunUT9orO3ZdoD3nl1V4Z6E
P/Qri450OlaUZFNtlb3UdF8EHpn3/ziBv0Frlgv83MY+PTKr6vqXMfObB/krDkBx
6WDEt0Y=
-----END CERTIFICATE-----

2025-05-13 07:50:28,186 [main] INFO  client.SCMCertificateClient (SCMCertificateClient.java:recoverStateIfNeeded(289)) - Successfully stored SCM signed certificate.
2025-05-13 07:50:28,188 [main] INFO  ha.SCMHANodeDetails (SCMHANodeDetails.java:loadSCMHAConfig(162)) - ServiceID for StorageContainerManager is null
2025-05-13 07:50:28,188 [main] INFO  ha.SCMHANodeDetails (SCMHANodeDetails.java:loadSCMHAConfig(166)) - ozone.scm.default.service.id is not defined, falling back to ozone.scm.service.ids to find serviceID for StorageContainerManager if it is HA enabled cluster
2025-05-13 07:50:28,189 [main] INFO  server.RaftServerConfigKeys (ConfUtils.java:logGet(46)) - raft.server.log.appender.buffer.byte-limit = 4194304 (custom)
2025-05-13 07:50:28,190 [main] INFO  server.RaftServer (ConfUtils.java:logGet(46)) - raft.rpc.type = GRPC (default)
2025-05-13 07:50:28,190 [main] INFO  grpc.GrpcConfigKeys (ConfUtils.java:logFallback(53)) - raft.grpc.admin.host = null (fallback to raft.grpc.server.host)
2025-05-13 07:50:28,190 [main] INFO  grpc.GrpcConfigKeys (ConfUtils.java:logFallback(53)) - raft.grpc.admin.port = 15081 (fallback to raft.grpc.server.port)
2025-05-13 07:50:28,190 [main] INFO  grpc.GrpcConfigKeys (ConfUtils.java:logFallback(53)) - raft.grpc.client.host = null (fallback to raft.grpc.server.host)
2025-05-13 07:50:28,190 [main] INFO  grpc.GrpcConfigKeys (ConfUtils.java:logFallback(53)) - raft.grpc.client.port = 15081 (fallback to raft.grpc.server.port)
2025-05-13 07:50:28,190 [main] INFO  grpc.GrpcConfigKeys (ConfUtils.java:logGet(46)) - raft.grpc.server.host = null (default)
2025-05-13 07:50:28,190 [main] INFO  grpc.GrpcConfigKeys (ConfUtils.java:logGet(46)) - raft.grpc.server.port = 15081 (custom)
2025-05-13 07:50:28,190 [main] INFO  server.GrpcService (ConfUtils.java:logGet(46)) - raft.grpc.message.size.max = 5242880 (custom)
2025-05-13 07:50:28,191 [main] INFO  server.GrpcService (ConfUtils.java:logGet(46)) - raft.grpc.flow.control.window = 1MB (=1048576) (default)
2025-05-13 07:50:28,191 [main] INFO  server.RaftServerConfigKeys (ConfUtils.java:logGet(46)) - raft.server.rpc.request.timeout = 30000ms (custom)
2025-05-13 07:50:28,191 [main] INFO  grpc.GrpcConfigKeys (ConfUtils.java:logGet(46)) - raft.grpc.server.heartbeat.channel = true (default)
2025-05-13 07:50:28,191 [main] INFO  server.RaftServerConfigKeys (ConfUtils.java:logGet(46)) - raft.server.log.appender.buffer.byte-limit = 4194304 (custom)
2025-05-13 07:50:28,191 [main] INFO  grpc.GrpcConfigKeys (ConfUtils.java:logGet(46)) - raft.grpc.server.async.request.thread.pool.cached = true (default)
2025-05-13 07:50:28,191 [main] INFO  grpc.GrpcConfigKeys (ConfUtils.java:logGet(46)) - raft.grpc.server.async.request.thread.pool.size = 32 (default)
2025-05-13 07:50:28,192 [main] INFO  impl.DataStreamServerImpl (ConfUtils.java:logGet(46)) - raft.datastream.type = DISABLED (default)
2025-05-13 07:50:28,192 [main] INFO  server.RaftServerConfigKeys (ConfUtils.java:logGet(46)) - raft.server.sleep.deviation.threshold = 300ms (default)
2025-05-13 07:50:28,192 [main] INFO  server.RaftServerConfigKeys (ConfUtils.java:logGet(46)) - raft.server.close.threshold = 60s (default)
2025-05-13 07:50:28,192 [main] INFO  server.RaftServerConfigKeys (ConfUtils.java:logGet(46)) - raft.server.leaderelection.leader.step-down.wait-time = 10s (default)
2025-05-13 07:50:28,192 [main] INFO  server.RaftServerConfigKeys (ConfUtils.java:logGet(46)) - raft.server.storage.dir = [/tmp/junit-2179344238963848739/scm-meta/scm-ha] (custom)
2025-05-13 07:50:28,192 [main] INFO  server.RaftServerConfigKeys (ConfUtils.java:logGet(46)) - raft.server.threadpool.proxy.cached = true (default)
2025-05-13 07:50:28,192 [main] INFO  server.RaftServerConfigKeys (ConfUtils.java:logGet(46)) - raft.server.threadpool.proxy.size = 0 (default)
2025-05-13 07:50:28,193 [main] INFO  server.RaftServer (RaftServerProxy.java:addNew(100)) - 66a2491f-8986-4faf-bc8e-5e007f748792: addNew group-130748EB3D6C:[66a2491f-8986-4faf-bc8e-5e007f748792|pkrvmberfyhpb9w:15081] returns group-130748EB3D6C:java.util.concurrent.CompletableFuture@14ed0f42[Not completed]
2025-05-13 07:50:28,193 [66a2491f-8986-4faf-bc8e-5e007f748792-groupManagement] INFO  server.RaftServer$Division (RaftServerImpl.java:<init>(255)) - 66a2491f-8986-4faf-bc8e-5e007f748792: new RaftServerImpl for group-130748EB3D6C:[66a2491f-8986-4faf-bc8e-5e007f748792|pkrvmberfyhpb9w:15081] with SCMStateMachine:uninitialized
2025-05-13 07:50:28,193 [66a2491f-8986-4faf-bc8e-5e007f748792-groupManagement] INFO  server.RaftServerConfigKeys (ConfUtils.java:logGet(46)) - raft.server.rpc.timeout.min = 5000ms (custom)
2025-05-13 07:50:28,193 [66a2491f-8986-4faf-bc8e-5e007f748792-groupManagement] INFO  server.RaftServerConfigKeys (ConfUtils.java:logGet(46)) - raft.server.rpc.timeout.max = 5200ms (custom)
2025-05-13 07:50:28,193 [66a2491f-8986-4faf-bc8e-5e007f748792-groupManagement] INFO  server.RaftServerConfigKeys (ConfUtils.java:logGet(46)) - raft.server.rpc.sleep.time = 25ms (default)
2025-05-13 07:50:28,193 [66a2491f-8986-4faf-bc8e-5e007f748792-groupManagement] INFO  server.RaftServerConfigKeys (ConfUtils.java:logGet(46)) - raft.server.rpc.slowness.timeout = 120000ms (custom)
2025-05-13 07:50:28,193 [66a2491f-8986-4faf-bc8e-5e007f748792-groupManagement] INFO  server.RaftServerConfigKeys (ConfUtils.java:logGet(46)) - raft.server.leaderelection.leader.step-down.wait-time = 10s (default)
2025-05-13 07:50:28,193 [66a2491f-8986-4faf-bc8e-5e007f748792-groupManagement] INFO  server.RaftServerConfigKeys (ConfUtils.java:logGet(46)) - raft.server.leaderelection.member.majority-add = false (default)
2025-05-13 07:50:28,193 [66a2491f-8986-4faf-bc8e-5e007f748792-groupManagement] INFO  server.RaftServerConfigKeys (ConfUtils.java:logGet(46)) - raft.server.sleep.deviation.threshold = 300ms (default)
2025-05-13 07:50:28,193 [66a2491f-8986-4faf-bc8e-5e007f748792-groupManagement] INFO  server.RaftServer$Division (ServerState.java:<init>(114)) - 66a2491f-8986-4faf-bc8e-5e007f748792@group-130748EB3D6C: ConfigurationManager, init=conf: {index: -1, cur=peers:[66a2491f-8986-4faf-bc8e-5e007f748792|pkrvmberfyhpb9w:15081]|listeners:[], old=null}, confs=<EMPTY_MAP>
2025-05-13 07:50:28,193 [66a2491f-8986-4faf-bc8e-5e007f748792-groupManagement] INFO  server.RaftServerConfigKeys (ConfUtils.java:logGet(46)) - raft.server.notification.no-leader.timeout = 60s (default)
2025-05-13 07:50:28,193 [66a2491f-8986-4faf-bc8e-5e007f748792-groupManagement] INFO  server.RaftServerConfigKeys (ConfUtils.java:logGet(46)) - raft.server.read.timeout = 10s (default)
2025-05-13 07:50:28,194 [66a2491f-8986-4faf-bc8e-5e007f748792-groupManagement] INFO  server.RaftServerConfigKeys (ConfUtils.java:logGet(46)) - raft.server.retrycache.expirytime = 60000ms (default)
2025-05-13 07:50:28,194 [66a2491f-8986-4faf-bc8e-5e007f748792-groupManagement] INFO  server.RaftServerConfigKeys (ConfUtils.java:logGet(46)) - raft.server.retrycache.statistics.expirytime = 100ms (default)
2025-05-13 07:50:28,194 [66a2491f-8986-4faf-bc8e-5e007f748792-groupManagement] INFO  server.RaftServerConfigKeys (ConfUtils.java:logGet(46)) - raft.server.read.option = DEFAULT (default)
2025-05-13 07:50:28,194 [66a2491f-8986-4faf-bc8e-5e007f748792-groupManagement] INFO  server.RaftServerConfigKeys (ConfUtils.java:logGet(46)) - raft.server.read.read-after-write-consistent.write-index-cache.expiry-time = 60s (default)
2025-05-13 07:50:28,197 [66a2491f-8986-4faf-bc8e-5e007f748792-groupManagement] INFO  server.RaftServerConfigKeys (ConfUtils.java:logGet(46)) - raft.server.rpc.request.timeout = 30000ms (custom)
2025-05-13 07:50:28,197 [66a2491f-8986-4faf-bc8e-5e007f748792-groupManagement] INFO  server.RaftServerConfigKeys (ConfUtils.java:logGet(46)) - raft.server.log.appender.install.snapshot.enabled = false (custom)
2025-05-13 07:50:28,197 [66a2491f-8986-4faf-bc8e-5e007f748792-groupManagement] INFO  server.RaftServerConfigKeys (ConfUtils.java:logGet(46)) - raft.server.threadpool.server.cached = true (default)
2025-05-13 07:50:28,197 [66a2491f-8986-4faf-bc8e-5e007f748792-groupManagement] INFO  server.RaftServerConfigKeys (ConfUtils.java:logGet(46)) - raft.server.threadpool.server.size = 0 (default)
2025-05-13 07:50:28,197 [66a2491f-8986-4faf-bc8e-5e007f748792-groupManagement] INFO  server.RaftServerConfigKeys (ConfUtils.java:logGet(46)) - raft.server.threadpool.client.cached = true (default)
2025-05-13 07:50:28,197 [66a2491f-8986-4faf-bc8e-5e007f748792-groupManagement] INFO  server.RaftServerConfigKeys (ConfUtils.java:logGet(46)) - raft.server.threadpool.client.size = 0 (default)
2025-05-13 07:50:28,198 [66a2491f-8986-4faf-bc8e-5e007f748792-impl-thread1] INFO  server.RaftServerConfigKeys (ConfUtils.java:logGet(46)) - raft.server.storage.free-space.min = 0MB (=0) (default)
2025-05-13 07:50:28,198 [66a2491f-8986-4faf-bc8e-5e007f748792-impl-thread1] INFO  server.RaftServerConfigKeys (ConfUtils.java:logGet(46)) - raft.server.log.corruption.policy = EXCEPTION (default)
2025-05-13 07:50:28,198 [66a2491f-8986-4faf-bc8e-5e007f748792-impl-thread1] INFO  server.RaftServerConfigKeys (ConfUtils.java:logGet(46)) - raft.server.storage.dir = [/tmp/junit-2179344238963848739/scm-meta/scm-ha] (custom)
2025-05-13 07:50:28,198 [66a2491f-8986-4faf-bc8e-5e007f748792-impl-thread1] INFO  storage.RaftStorageDirectory (RaftStorageDirectoryImpl.java:analyzeStorage(138)) - The storage directory /tmp/junit-2179344238963848739/scm-meta/scm-ha/bffec445-edee-4b03-9c63-130748eb3d6c does not exist. Creating ...
2025-05-13 07:50:28,199 [66a2491f-8986-4faf-bc8e-5e007f748792-impl-thread1] INFO  storage.RaftStorageDirectory (RaftStorageDirectoryImpl.java:tryLock(229)) - Lock on /tmp/junit-2179344238963848739/scm-meta/scm-ha/bffec445-edee-4b03-9c63-130748eb3d6c/in_use.lock acquired by nodename 25269@pkrvmberfyhpb9w
2025-05-13 07:50:28,200 [66a2491f-8986-4faf-bc8e-5e007f748792-impl-thread1] INFO  storage.RaftStorage (RaftStorageImpl.java:format(98)) - Storage directory /tmp/junit-2179344238963848739/scm-meta/scm-ha/bffec445-edee-4b03-9c63-130748eb3d6c has been successfully formatted.
2025-05-13 07:50:28,200 [66a2491f-8986-4faf-bc8e-5e007f748792-impl-thread1] INFO  ha.SCMStateMachine (SCMStateMachine.java:lambda$initialize$0(135)) - 66a2491f-8986-4faf-bc8e-5e007f748792: initialize group-130748EB3D6C
2025-05-13 07:50:28,200 [66a2491f-8986-4faf-bc8e-5e007f748792-impl-thread1] INFO  server.RaftServerConfigKeys (ConfUtils.java:logGet(46)) - raft.server.log.use.memory = false (default)
2025-05-13 07:50:28,201 [66a2491f-8986-4faf-bc8e-5e007f748792-impl-thread1] INFO  server.RaftServerConfigKeys (ConfUtils.java:logGet(46)) - raft.server.log.purge.gap = 1000000 (custom)
2025-05-13 07:50:28,201 [66a2491f-8986-4faf-bc8e-5e007f748792-impl-thread1] INFO  server.RaftServerConfigKeys (ConfUtils.java:logGet(46)) - raft.server.log.appender.buffer.byte-limit = 4194304 (custom)
2025-05-13 07:50:28,201 [66a2491f-8986-4faf-bc8e-5e007f748792-impl-thread1] INFO  server.RaftServerConfigKeys (ConfUtils.java:logGet(46)) - raft.server.log.statemachine.data.read.timeout = 1000ms (default)
2025-05-13 07:50:28,201 [66a2491f-8986-4faf-bc8e-5e007f748792-impl-thread1] INFO  server.RaftServerConfigKeys (ConfUtils.java:logGet(46)) - raft.server.log.purge.preservation.log.num = 0 (default)
2025-05-13 07:50:28,202 [66a2491f-8986-4faf-bc8e-5e007f748792-impl-thread1] INFO  server.RaftServerConfigKeys (ConfUtils.java:logGet(46)) - raft.server.log.segment.size.max = 4194304 (custom)
2025-05-13 07:50:28,202 [66a2491f-8986-4faf-bc8e-5e007f748792-impl-thread1] INFO  server.RaftServerConfigKeys (ConfUtils.java:logGet(46)) - raft.server.log.segment.cache.num.max = 2 (custom)
2025-05-13 07:50:28,202 [66a2491f-8986-4faf-bc8e-5e007f748792-impl-thread1] INFO  server.RaftServerConfigKeys (ConfUtils.java:logGet(46)) - raft.server.log.segment.cache.size.max = 200MB (=209715200) (default)
2025-05-13 07:50:28,202 [66a2491f-8986-4faf-bc8e-5e007f748792-impl-thread1] INFO  server.RaftServerConfigKeys (ConfUtils.java:logGet(46)) - raft.server.log.appender.buffer.byte-limit = 4194304 (custom)
2025-05-13 07:50:28,202 [66a2491f-8986-4faf-bc8e-5e007f748792-impl-thread1] INFO  util.AwaitToRun (AwaitToRun.java:start(81)) - Thread[#3361,66a2491f-8986-4faf-bc8e-5e007f748792@group-130748EB3D6C-cacheEviction-AwaitToRun,5,main] started
2025-05-13 07:50:28,202 [66a2491f-8986-4faf-bc8e-5e007f748792-impl-thread1] INFO  segmented.SegmentedRaftLogWorker (SegmentedRaftLogWorker.java:<init>(188)) - new 66a2491f-8986-4faf-bc8e-5e007f748792@group-130748EB3D6C-SegmentedRaftLogWorker for RaftStorageImpl:Storage Directory /tmp/junit-2179344238963848739/scm-meta/scm-ha/bffec445-edee-4b03-9c63-130748eb3d6c
2025-05-13 07:50:28,202 [66a2491f-8986-4faf-bc8e-5e007f748792-impl-thread1] INFO  server.RaftServerConfigKeys (ConfUtils.java:logGet(46)) - raft.server.log.queue.byte-limit = 64MB (=67108864) (default)
2025-05-13 07:50:28,203 [66a2491f-8986-4faf-bc8e-5e007f748792-impl-thread1] INFO  server.RaftServerConfigKeys (ConfUtils.java:logGet(46)) - raft.server.log.queue.element-limit = 4096 (default)
2025-05-13 07:50:28,203 [66a2491f-8986-4faf-bc8e-5e007f748792-impl-thread1] INFO  server.RaftServerConfigKeys (ConfUtils.java:logGet(46)) - raft.server.log.segment.size.max = 4194304 (custom)
2025-05-13 07:50:28,203 [66a2491f-8986-4faf-bc8e-5e007f748792-impl-thread1] INFO  server.RaftServerConfigKeys (ConfUtils.java:logGet(46)) - raft.server.log.preallocated.size = 4194304 (custom)
2025-05-13 07:50:28,203 [66a2491f-8986-4faf-bc8e-5e007f748792-impl-thread1] INFO  server.RaftServerConfigKeys (ConfUtils.java:logGet(46)) - raft.server.log.force.sync.num = 128 (default)
2025-05-13 07:50:28,203 [66a2491f-8986-4faf-bc8e-5e007f748792-impl-thread1] INFO  server.RaftServerConfigKeys (ConfUtils.java:logGet(46)) - raft.server.log.statemachine.data.sync = true (default)
2025-05-13 07:50:28,203 [66a2491f-8986-4faf-bc8e-5e007f748792-impl-thread1] INFO  server.RaftServerConfigKeys (ConfUtils.java:logGet(46)) - raft.server.log.statemachine.data.sync.timeout = 10s (default)
2025-05-13 07:50:28,203 [66a2491f-8986-4faf-bc8e-5e007f748792-impl-thread1] INFO  server.RaftServerConfigKeys (ConfUtils.java:logGet(46)) - raft.server.log.statemachine.data.sync.timeout.retry = -1 (default)
2025-05-13 07:50:28,203 [66a2491f-8986-4faf-bc8e-5e007f748792-impl-thread1] INFO  server.RaftServerConfigKeys (ConfUtils.java:logGet(46)) - raft.server.log.write.buffer.size = 4194312 (custom)
2025-05-13 07:50:28,204 [66a2491f-8986-4faf-bc8e-5e007f748792-impl-thread1] INFO  server.RaftServerConfigKeys (ConfUtils.java:logGet(46)) - raft.server.log.appender.buffer.byte-limit = 4194304 (custom)
2025-05-13 07:50:28,204 [66a2491f-8986-4faf-bc8e-5e007f748792-impl-thread1] INFO  server.RaftServerConfigKeys (ConfUtils.java:logGet(46)) - raft.server.log.unsafe-flush.enabled = false (default)
2025-05-13 07:50:28,204 [66a2491f-8986-4faf-bc8e-5e007f748792-impl-thread1] INFO  server.RaftServerConfigKeys (ConfUtils.java:logGet(46)) - raft.server.log.async-flush.enabled = false (default)
2025-05-13 07:50:28,204 [66a2491f-8986-4faf-bc8e-5e007f748792-impl-thread1] INFO  server.RaftServerConfigKeys (ConfUtils.java:logGet(46)) - raft.server.log.statemachine.data.caching.enabled = false (default)
2025-05-13 07:50:28,204 [66a2491f-8986-4faf-bc8e-5e007f748792-impl-thread1] INFO  segmented.SegmentedRaftLogWorker (SegmentedRaftLogWorker.java:lambda$new$0(139)) - 66a2491f-8986-4faf-bc8e-5e007f748792@group-130748EB3D6C-SegmentedRaftLogWorker: flushIndex: setUnconditionally 0 -> -1
2025-05-13 07:50:28,204 [66a2491f-8986-4faf-bc8e-5e007f748792-impl-thread1] INFO  segmented.SegmentedRaftLogWorker (SegmentedRaftLogWorker.java:lambda$new$0(139)) - 66a2491f-8986-4faf-bc8e-5e007f748792@group-130748EB3D6C-SegmentedRaftLogWorker: safeCacheEvictIndex: setUnconditionally 0 -> -1
2025-05-13 07:50:28,205 [66a2491f-8986-4faf-bc8e-5e007f748792-impl-thread1] INFO  server.RaftServer$Division (RaftServerImpl.java:start(391)) - 66a2491f-8986-4faf-bc8e-5e007f748792@group-130748EB3D6C: start as a follower, conf=conf: {index: -1, cur=peers:[66a2491f-8986-4faf-bc8e-5e007f748792|pkrvmberfyhpb9w:15081]|listeners:[], old=null}
2025-05-13 07:50:28,205 [66a2491f-8986-4faf-bc8e-5e007f748792-impl-thread1] INFO  server.RaftServer$Division (RaftServerImpl.java:setRole(378)) - 66a2491f-8986-4faf-bc8e-5e007f748792@group-130748EB3D6C: changes role from      null to FOLLOWER at term 0 for startAsFollower
2025-05-13 07:50:28,205 [66a2491f-8986-4faf-bc8e-5e007f748792-impl-thread1] INFO  impl.RoleInfo (RoleInfo.java:updateAndGet(148)) - 66a2491f-8986-4faf-bc8e-5e007f748792: start 66a2491f-8986-4faf-bc8e-5e007f748792@group-130748EB3D6C-FollowerState
2025-05-13 07:50:28,205 [66a2491f-8986-4faf-bc8e-5e007f748792-impl-thread1] INFO  util.JmxRegister (JmxRegister.java:tryRegister(44)) - Successfully registered JMX Bean with object name Ratis:service=RaftServer,group=group-130748EB3D6C,id=66a2491f-8986-4faf-bc8e-5e007f748792
2025-05-13 07:50:28,205 [66a2491f-8986-4faf-bc8e-5e007f748792-impl-thread1] INFO  util.JmxRegister (JmxRegister.java:register(58)) - register mxBean class org.apache.ratis.server.impl.RaftServerJmxAdapter as Ratis:service=RaftServer,group=group-130748EB3D6C,id=66a2491f-8986-4faf-bc8e-5e007f748792
2025-05-13 07:50:28,205 [66a2491f-8986-4faf-bc8e-5e007f748792-impl-thread1] INFO  server.RaftServerConfigKeys (ConfUtils.java:logGet(46)) - raft.server.snapshot.trigger-when-stop.enabled = true (default)
2025-05-13 07:50:28,205 [66a2491f-8986-4faf-bc8e-5e007f748792@group-130748EB3D6C-FollowerState] INFO  server.RaftServerConfigKeys (ConfUtils.java:logFallback(53)) - raft.server.rpc.first-election.timeout.min = 5000ms (fallback to raft.server.rpc.timeout.min)
2025-05-13 07:50:28,205 [66a2491f-8986-4faf-bc8e-5e007f748792-impl-thread1] INFO  server.RaftServerConfigKeys (ConfUtils.java:logGet(46)) - raft.server.snapshot.trigger-when-remove.enabled = true (default)
2025-05-13 07:50:28,205 [66a2491f-8986-4faf-bc8e-5e007f748792-impl-thread1] INFO  server.RaftServerConfigKeys (ConfUtils.java:logGet(46)) - raft.server.snapshot.auto.trigger.enabled = true (custom)
2025-05-13 07:50:28,205 [66a2491f-8986-4faf-bc8e-5e007f748792-impl-thread1] INFO  server.RaftServerConfigKeys (ConfUtils.java:logGet(46)) - raft.server.snapshot.auto.trigger.threshold = 1000 (custom)
2025-05-13 07:50:28,205 [66a2491f-8986-4faf-bc8e-5e007f748792-impl-thread1] INFO  server.RaftServerConfigKeys (ConfUtils.java:logGet(46)) - raft.server.snapshot.retention.file.num = -1 (default)
2025-05-13 07:50:28,205 [66a2491f-8986-4faf-bc8e-5e007f748792-impl-thread1] INFO  server.RaftServerConfigKeys (ConfUtils.java:logGet(46)) - raft.server.log.purge.upto.snapshot.index = false (default)
2025-05-13 07:50:28,205 [66a2491f-8986-4faf-bc8e-5e007f748792@group-130748EB3D6C-FollowerState] INFO  server.RaftServerConfigKeys (ConfUtils.java:logFallback(53)) - raft.server.rpc.first-election.timeout.max = 5200ms (fallback to raft.server.rpc.timeout.max)
2025-05-13 07:50:28,206 [66a2491f-8986-4faf-bc8e-5e007f748792-impl-thread1] INFO  server.RaftServer$Division (RaftServerImpl.java:start(405)) - 66a2491f-8986-4faf-bc8e-5e007f748792@group-130748EB3D6C: Successfully started.
2025-05-13 07:50:28,206 [main] INFO  server.RaftServer (RaftServerProxy.java:startImpl(407)) - 66a2491f-8986-4faf-bc8e-5e007f748792: start RPC server
2025-05-13 07:50:28,207 [main] INFO  server.GrpcService (GrpcService.java:startImpl(334)) - 66a2491f-8986-4faf-bc8e-5e007f748792: GrpcService started, listening on 15081
2025-05-13 07:50:28,207 [JvmPauseMonitor16] INFO  util.JvmPauseMonitor (JvmPauseMonitor.java:run(146)) - JvmPauseMonitor-66a2491f-8986-4faf-bc8e-5e007f748792: Started
2025-05-13 07:50:29,618 [om1-om-CertificateRenewerService] INFO  retry.RetryInvocationHandler (RetryInvocationHandler.java:log(426)) - com.google.protobuf.ServiceException: java.net.ConnectException: Call From pkrvmberfyhpb9w/10.1.0.36 to localhost:15024 failed on connection exception: java.net.ConnectException: Connection refused; For more details see:  http://wiki.apache.org/hadoop/ConnectionRefused, while invoking $Proxy45.submitRequest over nodeId=scmNodeId,nodeAddress=localhost/127.0.0.1:15024 after 211 failover attempts. Trying to failover after sleeping for 2000ms. Current retry count: 211.
2025-05-13 07:50:31,619 [om1-om-CertificateRenewerService] INFO  retry.RetryInvocationHandler (RetryInvocationHandler.java:log(426)) - com.google.protobuf.ServiceException: java.net.ConnectException: Call From pkrvmberfyhpb9w/10.1.0.36 to localhost:15024 failed on connection exception: java.net.ConnectException: Connection refused; For more details see:  http://wiki.apache.org/hadoop/ConnectionRefused, while invoking $Proxy45.submitRequest over nodeId=scmNodeId,nodeAddress=localhost/127.0.0.1:15024 after 212 failover attempts. Trying to failover after sleeping for 2000ms. Current retry count: 212.
2025-05-13 07:50:33,224 [66a2491f-8986-4faf-bc8e-5e007f748792@group-130748EB3D6C-FollowerState] INFO  impl.FollowerState (FollowerState.java:runImpl(161)) - 66a2491f-8986-4faf-bc8e-5e007f748792@group-130748EB3D6C-FollowerState: change to CANDIDATE, lastRpcElapsedTime:5018819856ns, electionTimeout:5018ms
2025-05-13 07:50:33,224 [66a2491f-8986-4faf-bc8e-5e007f748792@group-130748EB3D6C-FollowerState] INFO  impl.RoleInfo (RoleInfo.java:shutdownFollowerState(121)) - 66a2491f-8986-4faf-bc8e-5e007f748792: shutdown 66a2491f-8986-4faf-bc8e-5e007f748792@group-130748EB3D6C-FollowerState
2025-05-13 07:50:33,224 [66a2491f-8986-4faf-bc8e-5e007f748792@group-130748EB3D6C-FollowerState] INFO  server.RaftServer$Division (RaftServerImpl.java:setRole(378)) - 66a2491f-8986-4faf-bc8e-5e007f748792@group-130748EB3D6C: changes role from  FOLLOWER to CANDIDATE at term 0 for changeToCandidate
2025-05-13 07:50:33,224 [66a2491f-8986-4faf-bc8e-5e007f748792@group-130748EB3D6C-FollowerState] INFO  server.RaftServerConfigKeys (ConfUtils.java:logGet(46)) - raft.server.leaderelection.pre-vote = true (default)
2025-05-13 07:50:33,224 [66a2491f-8986-4faf-bc8e-5e007f748792@group-130748EB3D6C-FollowerState] INFO  impl.RoleInfo (RoleInfo.java:updateAndGet(148)) - 66a2491f-8986-4faf-bc8e-5e007f748792: start 66a2491f-8986-4faf-bc8e-5e007f748792@group-130748EB3D6C-LeaderElection12
2025-05-13 07:50:33,224 [66a2491f-8986-4faf-bc8e-5e007f748792@group-130748EB3D6C-LeaderElection12] INFO  impl.LeaderElection (LeaderElection.java:askForVotes(332)) - 66a2491f-8986-4faf-bc8e-5e007f748792@group-130748EB3D6C-LeaderElection12 PRE_VOTE round 0: submit vote requests at term 0 for conf: {index: -1, cur=peers:[66a2491f-8986-4faf-bc8e-5e007f748792|pkrvmberfyhpb9w:15081]|listeners:[], old=null}
2025-05-13 07:50:33,225 [66a2491f-8986-4faf-bc8e-5e007f748792@group-130748EB3D6C-LeaderElection12] INFO  impl.LeaderElection (LeaderElection.java:askForVotes(334)) - 66a2491f-8986-4faf-bc8e-5e007f748792@group-130748EB3D6C-LeaderElection12 PRE_VOTE round 0: result PASSED (term=0)
2025-05-13 07:50:33,226 [66a2491f-8986-4faf-bc8e-5e007f748792@group-130748EB3D6C-LeaderElection12] INFO  impl.LeaderElection (LeaderElection.java:askForVotes(332)) - 66a2491f-8986-4faf-bc8e-5e007f748792@group-130748EB3D6C-LeaderElection12 ELECTION round 0: submit vote requests at term 1 for conf: {index: -1, cur=peers:[66a2491f-8986-4faf-bc8e-5e007f748792|pkrvmberfyhpb9w:15081]|listeners:[], old=null}
2025-05-13 07:50:33,226 [66a2491f-8986-4faf-bc8e-5e007f748792@group-130748EB3D6C-LeaderElection12] INFO  impl.LeaderElection (LeaderElection.java:askForVotes(334)) - 66a2491f-8986-4faf-bc8e-5e007f748792@group-130748EB3D6C-LeaderElection12 ELECTION round 0: result PASSED (term=1)
2025-05-13 07:50:33,227 [66a2491f-8986-4faf-bc8e-5e007f748792@group-130748EB3D6C-LeaderElection12] INFO  impl.RoleInfo (RoleInfo.java:shutdownLeaderElection(141)) - 66a2491f-8986-4faf-bc8e-5e007f748792: shutdown 66a2491f-8986-4faf-bc8e-5e007f748792@group-130748EB3D6C-LeaderElection12
2025-05-13 07:50:33,227 [66a2491f-8986-4faf-bc8e-5e007f748792@group-130748EB3D6C-LeaderElection12] INFO  server.RaftServer$Division (RaftServerImpl.java:setRole(378)) - 66a2491f-8986-4faf-bc8e-5e007f748792@group-130748EB3D6C: changes role from CANDIDATE to LEADER at term 1 for changeToLeader
2025-05-13 07:50:33,227 [66a2491f-8986-4faf-bc8e-5e007f748792@group-130748EB3D6C-LeaderElection12] INFO  server.RaftServerConfigKeys (ConfUtils.java:logGet(46)) - raft.server.staging.catchup.gap = 1000 (default)
2025-05-13 07:50:33,227 [66a2491f-8986-4faf-bc8e-5e007f748792@group-130748EB3D6C-LeaderElection12] INFO  server.RaftServerConfigKeys (ConfUtils.java:logGet(46)) - raft.server.write.element-limit = 4096 (default)
2025-05-13 07:50:33,227 [66a2491f-8986-4faf-bc8e-5e007f748792@group-130748EB3D6C-LeaderElection12] INFO  server.RaftServerConfigKeys (ConfUtils.java:logGet(46)) - raft.server.write.byte-limit = 64MB (=67108864) (default)
2025-05-13 07:50:33,227 [66a2491f-8986-4faf-bc8e-5e007f748792@group-130748EB3D6C-LeaderElection12] INFO  server.RaftServerConfigKeys (ConfUtils.java:logGet(46)) - raft.server.watch.timeout = 10s (default)
2025-05-13 07:50:33,227 [66a2491f-8986-4faf-bc8e-5e007f748792@group-130748EB3D6C-LeaderElection12] INFO  server.RaftServerConfigKeys (ConfUtils.java:logGet(46)) - raft.server.watch.timeout.denomination = 1s (default)
2025-05-13 07:50:33,227 [66a2491f-8986-4faf-bc8e-5e007f748792@group-130748EB3D6C-LeaderElection12] INFO  server.RaftServerConfigKeys (ConfUtils.java:logGet(46)) - raft.server.watch.element-limit = 65536 (default)
2025-05-13 07:50:33,228 [66a2491f-8986-4faf-bc8e-5e007f748792@group-130748EB3D6C-LeaderElection12] INFO  server.RaftServerConfigKeys (ConfUtils.java:logGet(46)) - raft.server.read.leader.lease.enabled = false (default)
2025-05-13 07:50:33,228 [66a2491f-8986-4faf-bc8e-5e007f748792@group-130748EB3D6C-LeaderElection12] INFO  server.RaftServerConfigKeys (ConfUtils.java:logGet(46)) - raft.server.read.leader.lease.timeout.ratio = 0.9 (default)
2025-05-13 07:50:33,228 [66a2491f-8986-4faf-bc8e-5e007f748792@group-130748EB3D6C-LeaderElection12] INFO  server.RaftServerConfigKeys (ConfUtils.java:logGet(46)) - raft.server.rpc.timeout.min = 5000ms (custom)
2025-05-13 07:50:33,228 [66a2491f-8986-4faf-bc8e-5e007f748792@group-130748EB3D6C-LeaderElection12] INFO  server.RaftServerConfigKeys (ConfUtils.java:logGet(46)) - raft.server.log.log-metadata.enabled = true (default)
2025-05-13 07:50:33,228 [66a2491f-8986-4faf-bc8e-5e007f748792@group-130748EB3D6C-LeaderElection12] INFO  server.RaftServerConfigKeys (ConfUtils.java:logGet(46)) - raft.server.write.element-limit = 4096 (default)
2025-05-13 07:50:33,228 [66a2491f-8986-4faf-bc8e-5e007f748792@group-130748EB3D6C-LeaderElection12] INFO  server.RaftServerConfigKeys (ConfUtils.java:logGet(46)) - raft.server.write.follower.gap.ratio.max = -1.0 (default)
2025-05-13 07:50:33,228 [66a2491f-8986-4faf-bc8e-5e007f748792@group-130748EB3D6C-LeaderElection12] INFO  impl.RoleInfo (RoleInfo.java:updateAndGet(148)) - 66a2491f-8986-4faf-bc8e-5e007f748792: start 66a2491f-8986-4faf-bc8e-5e007f748792@group-130748EB3D6C-LeaderStateImpl
2025-05-13 07:50:33,228 [66a2491f-8986-4faf-bc8e-5e007f748792@group-130748EB3D6C-LeaderElection12] INFO  server.RaftServer$Division (RaftServerImpl.java:setFirstElection(562)) - 66a2491f-8986-4faf-bc8e-5e007f748792@group-130748EB3D6C: set firstElectionSinceStartup to false for becomeLeader
2025-05-13 07:50:33,228 [66a2491f-8986-4faf-bc8e-5e007f748792@group-130748EB3D6C-LeaderElection12] INFO  server.RaftServer$Division (ServerState.java:setLeader(272)) - 66a2491f-8986-4faf-bc8e-5e007f748792@group-130748EB3D6C: change Leader from null to 66a2491f-8986-4faf-bc8e-5e007f748792 at term 1 for becomeLeader, leader elected after 5034ms
2025-05-13 07:50:33,228 [66a2491f-8986-4faf-bc8e-5e007f748792@group-130748EB3D6C-LeaderElection12] INFO  segmented.SegmentedRaftLogWorker (SegmentedRaftLogWorker.java:startLogSegment(438)) - 66a2491f-8986-4faf-bc8e-5e007f748792@group-130748EB3D6C-SegmentedRaftLogWorker: Starting segment from index:0
2025-05-13 07:50:33,228 [66a2491f-8986-4faf-bc8e-5e007f748792@group-130748EB3D6C-LeaderElection12] INFO  server.RaftServer$Division (ServerState.java:setRaftConf(386)) - 66a2491f-8986-4faf-bc8e-5e007f748792@group-130748EB3D6C: set configuration conf: {index: 0, cur=peers:[66a2491f-8986-4faf-bc8e-5e007f748792|pkrvmberfyhpb9w:15081]|listeners:[], old=null}
2025-05-13 07:50:33,229 [66a2491f-8986-4faf-bc8e-5e007f748792@group-130748EB3D6C-SegmentedRaftLogWorker] INFO  segmented.BufferedWriteChannel (BufferedWriteChannel.java:open(61)) - open log_inprogress_0 at position 0
2025-05-13 07:50:33,235 [66a2491f-8986-4faf-bc8e-5e007f748792@group-130748EB3D6C-SegmentedRaftLogWorker] INFO  segmented.SegmentedRaftLogWorker (SegmentedRaftLogWorker.java:execute(644)) - 66a2491f-8986-4faf-bc8e-5e007f748792@group-130748EB3D6C-SegmentedRaftLogWorker: created new log segment /tmp/junit-2179344238963848739/scm-meta/scm-ha/bffec445-edee-4b03-9c63-130748eb3d6c/current/log_inprogress_0
2025-05-13 07:50:33,237 [66a2491f-8986-4faf-bc8e-5e007f748792@group-130748EB3D6C-StateMachineUpdater] INFO  server.RaftServer$Division (LeaderStateImpl.java:checkStartIndex(313)) - Leader 66a2491f-8986-4faf-bc8e-5e007f748792@group-130748EB3D6C-LeaderStateImpl is ready since appliedIndex == startIndex == 0
2025-05-13 07:50:33,620 [om1-om-CertificateRenewerService] INFO  retry.RetryInvocationHandler (RetryInvocationHandler.java:log(426)) - com.google.protobuf.ServiceException: java.net.ConnectException: Call From pkrvmberfyhpb9w/10.1.0.36 to localhost:15024 failed on connection exception: java.net.ConnectException: Connection refused; For more details see:  http://wiki.apache.org/hadoop/ConnectionRefused, while invoking $Proxy45.submitRequest over nodeId=scmNodeId,nodeAddress=localhost/127.0.0.1:15024 after 213 failover attempts. Trying to failover after sleeping for 2000ms. Current retry count: 213.
2025-05-13 07:50:34,207 [main] INFO  server.RaftServer (RaftServerProxy.java:lambda$close$9(417)) - 66a2491f-8986-4faf-bc8e-5e007f748792: close
2025-05-13 07:50:34,208 [main] INFO  server.GrpcService (GrpcService.java:closeImpl(343)) - 66a2491f-8986-4faf-bc8e-5e007f748792: shutdown server GrpcServerProtocolService now
2025-05-13 07:50:34,208 [66a2491f-8986-4faf-bc8e-5e007f748792-impl-thread1] INFO  server.RaftServer$Division (RaftServerImpl.java:lambda$close$1(513)) - 66a2491f-8986-4faf-bc8e-5e007f748792@group-130748EB3D6C: shutdown
2025-05-13 07:50:34,208 [66a2491f-8986-4faf-bc8e-5e007f748792-impl-thread1] INFO  util.JmxRegister (JmxRegister.java:unregister(74)) - Successfully un-registered JMX Bean with object name Ratis:service=RaftServer,group=group-130748EB3D6C,id=66a2491f-8986-4faf-bc8e-5e007f748792
2025-05-13 07:50:34,208 [66a2491f-8986-4faf-bc8e-5e007f748792-impl-thread1] INFO  impl.RoleInfo (RoleInfo.java:shutdownLeaderState(103)) - 66a2491f-8986-4faf-bc8e-5e007f748792: shutdown 66a2491f-8986-4faf-bc8e-5e007f748792@group-130748EB3D6C-LeaderStateImpl
2025-05-13 07:50:34,208 [66a2491f-8986-4faf-bc8e-5e007f748792-impl-thread1] INFO  impl.PendingRequests (PendingRequests.java:sendNotLeaderResponses(287)) - 66a2491f-8986-4faf-bc8e-5e007f748792@group-130748EB3D6C-PendingRequests: sendNotLeaderResponses
2025-05-13 07:50:34,209 [main] INFO  server.GrpcService (GrpcService.java:closeImpl(352)) - 66a2491f-8986-4faf-bc8e-5e007f748792: shutdown server GrpcServerProtocolService successfully
2025-05-13 07:50:34,210 [66a2491f-8986-4faf-bc8e-5e007f748792-impl-thread1] INFO  impl.StateMachineUpdater (StateMachineUpdater.java:stopAndJoin(164)) - 66a2491f-8986-4faf-bc8e-5e007f748792@group-130748EB3D6C-StateMachineUpdater: set stopIndex = 0
2025-05-13 07:50:34,210 [66a2491f-8986-4faf-bc8e-5e007f748792@group-130748EB3D6C-StateMachineUpdater] INFO  impl.StateMachineUpdater (StateMachineUpdater.java:takeSnapshot(303)) - 66a2491f-8986-4faf-bc8e-5e007f748792@group-130748EB3D6C-StateMachineUpdater: Took a snapshot at index 0
2025-05-13 07:50:34,210 [66a2491f-8986-4faf-bc8e-5e007f748792@group-130748EB3D6C-StateMachineUpdater] INFO  impl.StateMachineUpdater (StateMachineUpdater.java:lambda$new$0(102)) - 66a2491f-8986-4faf-bc8e-5e007f748792@group-130748EB3D6C-StateMachineUpdater: snapshotIndex: updateIncreasingly -1 -> 0
2025-05-13 07:50:34,210 [66a2491f-8986-4faf-bc8e-5e007f748792@group-130748EB3D6C-StateMachineUpdater] INFO  impl.StateMachineUpdater (StateMachineUpdater.java:stop(141)) - 66a2491f-8986-4faf-bc8e-5e007f748792@group-130748EB3D6C-StateMachineUpdater: closing SCMStateMachine, lastApplied=(t:1, i:0)
2025-05-13 07:50:34,210 [66a2491f-8986-4faf-bc8e-5e007f748792@group-130748EB3D6C-cacheEviction-AwaitToRun] INFO  util.AwaitToRun (AwaitToRun.java:run(49)) - 66a2491f-8986-4faf-bc8e-5e007f748792@group-130748EB3D6C-cacheEviction-AwaitToRun-AwaitForSignal is interrupted
2025-05-13 07:50:34,237 [66a2491f-8986-4faf-bc8e-5e007f748792-impl-thread1] INFO  segmented.SegmentedRaftLogWorker (SegmentedRaftLogWorker.java:close(252)) - 66a2491f-8986-4faf-bc8e-5e007f748792@group-130748EB3D6C-SegmentedRaftLogWorker close()
2025-05-13 07:50:34,237 [JvmPauseMonitor16] INFO  util.JvmPauseMonitor (JvmPauseMonitor.java:run(152)) - JvmPauseMonitor-66a2491f-8986-4faf-bc8e-5e007f748792: Stopped
2025-05-13 07:50:34,237 [main] WARN  server.ServerUtils (ServerUtils.java:getScmDbDir(138)) - ozone.scm.db.dirs is not configured. We recommend adding this setting. Falling back to ozone.metadata.dirs instead.
2025-05-13 07:50:34,237 [main] INFO  ha.SCMHANodeDetails (SCMHANodeDetails.java:loadSCMHAConfig(162)) - ServiceID for StorageContainerManager is null
2025-05-13 07:50:34,237 [main] INFO  ha.SCMHANodeDetails (SCMHANodeDetails.java:loadSCMHAConfig(166)) - ozone.scm.default.service.id is not defined, falling back to ozone.scm.service.ids to find serviceID for StorageContainerManager if it is HA enabled cluster
2025-05-13 07:50:34,240 [pool-482-thread-1] INFO  request.KdcRequest (KdcRequest.java:preauth(683)) - The preauth data is empty.
2025-05-13 07:50:34,240 [pool-482-thread-1] INFO  server.KdcHandler (KdcHandler.java:handleRecoverableException(177)) - KRB error occurred while processing request: Additional pre-authentication required
2025-05-13 07:50:34,242 [pool-482-thread-1] INFO  request.AsRequest (AsRequest.java:issueTicket(112)) - AS_REQ ISSUE: authtime 1747122634242,om/pkrvmberfyhpb9w.internal.cloudapp.net@EXAMPLE.COM for krbtgt/EXAMPLE.COM@EXAMPLE.COM
2025-05-13 07:50:34,243 [main] INFO  security.UserGroupInformation (UserGroupInformation.java:loginUserFromKeytab(1143)) - Login successful for user om/pkrvmberfyhpb9w.internal.cloudapp.net@EXAMPLE.COM using keytab file om.keytab. Keytab auto renewal enabled : false
2025-05-13 07:50:34,243 [main] INFO  server.StorageContainerManager (StorageContainerManager.java:loginAsSCMUserIfSecurityEnabled(1062)) - SCM login successful.
2025-05-13 07:50:34,244 [main] INFO  proxy.SCMSecurityProtocolFailoverProxyProvider (SCMFailoverProxyProviderBase.java:<init>(120)) - Created fail-over proxy for protocol SCMSecurityProtocolPB with 1 nodes: [nodeId=scmNodeId,nodeAddress=localhost/127.0.0.1:15080]
2025-05-13 07:50:34,244 [main] INFO  client.SCMCertificateClient (DefaultCertificateClient.java:updateCertSerialId(1289)) - Certificate serial ID set to 2
2025-05-13 07:50:34,245 [main] INFO  client.SCMCertificateClient (DefaultCertificateClient.java:readCertificateFile(247)) - Added certificate 2 from file: /tmp/junit-2179344238963848739/scm-meta/scm/sub-ca/certs/2.crt.
2025-05-13 07:50:34,246 [main] INFO  client.SCMCertificateClient (DefaultCertificateClient.java:readCertificateFile(247)) - Added certificate 1 from file: /tmp/junit-2179344238963848739/scm-meta/scm/sub-ca/certs/CA-1.crt.
2025-05-13 07:50:34,246 [main] INFO  client.SCMCertificateClient (DefaultCertificateClient.java:readCertificateFile(247)) - Added certificate 2 from file: /tmp/junit-2179344238963848739/scm-meta/scm/sub-ca/certs/certificate.crt.
2025-05-13 07:50:34,246 [main] INFO  client.SCMCertificateClient (DefaultCertificateClient.java:loadAllCertificates(196)) - CertificateRenewerService and root ca rotation polling is disabled for scm/sub-ca
2025-05-13 07:50:34,246 [main] WARN  utils.HAUtils (HAUtils.java:getMetaDir(311)) - ozone.scm.db.dirs is not configured. We recommend adding this setting. Falling back to ozone.metadata.dirs instead.
2025-05-13 07:50:34,247 [main] WARN  db.DBStoreBuilder (DBStoreBuilder.java:getDBDirPath(160)) - ozone.scm.db.dirs is not configured. We recommend adding this setting. Falling back to ozone.metadata.dirs instead.
2025-05-13 07:50:34,296 [main] INFO  net.NodeSchemaLoader (NodeSchemaLoader.java:loadSchemaFromFile(128)) - Loading schema from [jar:file:/home/runner/work/ozone/ozone/hadoop-hdds/common/target/hdds-common-2.1.0-SNAPSHOT.jar!/network-topology-default.xml]
2025-05-13 07:50:34,296 [main] INFO  net.NodeSchemaLoader (NodeSchemaLoader.java:loadSchema(175)) - Loading network topology layer schema file
2025-05-13 07:50:34,313 [main] INFO  ha.SCMRatisServerImpl (SCMRatisServerImpl.java:<init>(100)) - starting Raft server for scm:66a2491f-8986-4faf-bc8e-5e007f748792
2025-05-13 07:50:34,313 [main] INFO  server.RaftServerConfigKeys (ConfUtils.java:logGet(46)) - raft.server.log.appender.buffer.byte-limit = 4194304 (custom)
2025-05-13 07:50:34,314 [main] INFO  server.RaftServer (ConfUtils.java:logGet(46)) - raft.rpc.type = GRPC (default)
2025-05-13 07:50:34,314 [main] INFO  grpc.GrpcConfigKeys (ConfUtils.java:logFallback(53)) - raft.grpc.admin.host = null (fallback to raft.grpc.server.host)
2025-05-13 07:50:34,314 [main] INFO  grpc.GrpcConfigKeys (ConfUtils.java:logFallback(53)) - raft.grpc.admin.port = 15081 (fallback to raft.grpc.server.port)
2025-05-13 07:50:34,315 [main] INFO  grpc.GrpcConfigKeys (ConfUtils.java:logFallback(53)) - raft.grpc.client.host = null (fallback to raft.grpc.server.host)
2025-05-13 07:50:34,315 [main] INFO  grpc.GrpcConfigKeys (ConfUtils.java:logFallback(53)) - raft.grpc.client.port = 15081 (fallback to raft.grpc.server.port)
2025-05-13 07:50:34,315 [main] INFO  grpc.GrpcConfigKeys (ConfUtils.java:logGet(46)) - raft.grpc.server.host = null (default)
2025-05-13 07:50:34,315 [main] INFO  grpc.GrpcConfigKeys (ConfUtils.java:logGet(46)) - raft.grpc.server.port = 15081 (custom)
2025-05-13 07:50:34,315 [main] INFO  server.GrpcService (ConfUtils.java:logGet(46)) - raft.grpc.message.size.max = 5242880 (custom)
2025-05-13 07:50:34,315 [main] INFO  server.GrpcService (ConfUtils.java:logGet(46)) - raft.grpc.flow.control.window = 1MB (=1048576) (default)
2025-05-13 07:50:34,315 [main] INFO  server.RaftServerConfigKeys (ConfUtils.java:logGet(46)) - raft.server.rpc.request.timeout = 30000ms (custom)
2025-05-13 07:50:34,315 [main] INFO  grpc.GrpcConfigKeys (ConfUtils.java:logGet(46)) - raft.grpc.server.heartbeat.channel = true (default)
2025-05-13 07:50:34,315 [main] INFO  server.RaftServerConfigKeys (ConfUtils.java:logGet(46)) - raft.server.log.appender.buffer.byte-limit = 4194304 (custom)
2025-05-13 07:50:34,315 [main] INFO  grpc.GrpcConfigKeys (ConfUtils.java:logGet(46)) - raft.grpc.server.async.request.thread.pool.cached = true (default)
2025-05-13 07:50:34,315 [main] INFO  grpc.GrpcConfigKeys (ConfUtils.java:logGet(46)) - raft.grpc.server.async.request.thread.pool.size = 32 (default)
2025-05-13 07:50:34,316 [main] INFO  impl.DataStreamServerImpl (ConfUtils.java:logGet(46)) - raft.datastream.type = DISABLED (default)
2025-05-13 07:50:34,316 [main] INFO  server.RaftServerConfigKeys (ConfUtils.java:logGet(46)) - raft.server.sleep.deviation.threshold = 300ms (default)
2025-05-13 07:50:34,316 [main] INFO  server.RaftServerConfigKeys (ConfUtils.java:logGet(46)) - raft.server.close.threshold = 60s (default)
2025-05-13 07:50:34,316 [main] INFO  server.RaftServerConfigKeys (ConfUtils.java:logGet(46)) - raft.server.leaderelection.leader.step-down.wait-time = 10s (default)
2025-05-13 07:50:34,317 [main] INFO  server.RaftServerConfigKeys (ConfUtils.java:logGet(46)) - raft.server.storage.dir = [/tmp/junit-2179344238963848739/scm-meta/scm-ha] (custom)
2025-05-13 07:50:34,317 [main] INFO  server.RaftServerConfigKeys (ConfUtils.java:logGet(46)) - raft.server.threadpool.proxy.cached = true (default)
2025-05-13 07:50:34,317 [main] INFO  server.RaftServerConfigKeys (ConfUtils.java:logGet(46)) - raft.server.threadpool.proxy.size = 0 (default)
2025-05-13 07:50:34,317 [66a2491f-8986-4faf-bc8e-5e007f748792-impl-thread1] INFO  server.RaftServer (RaftServerProxy.java:initGroupDir(265)) - 66a2491f-8986-4faf-bc8e-5e007f748792: found a subdirectory /tmp/junit-2179344238963848739/scm-meta/scm-ha/bffec445-edee-4b03-9c63-130748eb3d6c
2025-05-13 07:50:34,317 [main] INFO  server.RaftServer (RaftServerProxy.java:addNew(100)) - 66a2491f-8986-4faf-bc8e-5e007f748792: addNew group-130748EB3D6C:[] returns group-130748EB3D6C:java.util.concurrent.CompletableFuture@49b2033f[Not completed]
2025-05-13 07:50:34,318 [66a2491f-8986-4faf-bc8e-5e007f748792-groupManagement] INFO  server.RaftServer$Division (RaftServerImpl.java:<init>(255)) - 66a2491f-8986-4faf-bc8e-5e007f748792: new RaftServerImpl for group-130748EB3D6C:[] with SCMStateMachine:uninitialized
2025-05-13 07:50:34,318 [66a2491f-8986-4faf-bc8e-5e007f748792-groupManagement] INFO  server.RaftServerConfigKeys (ConfUtils.java:logGet(46)) - raft.server.rpc.timeout.min = 5000ms (custom)
2025-05-13 07:50:34,318 [66a2491f-8986-4faf-bc8e-5e007f748792-groupManagement] INFO  server.RaftServerConfigKeys (ConfUtils.java:logGet(46)) - raft.server.rpc.timeout.max = 5200ms (custom)
2025-05-13 07:50:34,318 [66a2491f-8986-4faf-bc8e-5e007f748792-groupManagement] INFO  server.RaftServerConfigKeys (ConfUtils.java:logGet(46)) - raft.server.rpc.sleep.time = 25ms (default)
2025-05-13 07:50:34,318 [66a2491f-8986-4faf-bc8e-5e007f748792-groupManagement] INFO  server.RaftServerConfigKeys (ConfUtils.java:logGet(46)) - raft.server.rpc.slowness.timeout = 120000ms (custom)
2025-05-13 07:50:34,318 [66a2491f-8986-4faf-bc8e-5e007f748792-groupManagement] INFO  server.RaftServerConfigKeys (ConfUtils.java:logGet(46)) - raft.server.leaderelection.leader.step-down.wait-time = 10s (default)
2025-05-13 07:50:34,318 [66a2491f-8986-4faf-bc8e-5e007f748792-groupManagement] INFO  server.RaftServerConfigKeys (ConfUtils.java:logGet(46)) - raft.server.leaderelection.member.majority-add = false (default)
2025-05-13 07:50:34,318 [66a2491f-8986-4faf-bc8e-5e007f748792-groupManagement] INFO  server.RaftServerConfigKeys (ConfUtils.java:logGet(46)) - raft.server.sleep.deviation.threshold = 300ms (default)
2025-05-13 07:50:34,318 [66a2491f-8986-4faf-bc8e-5e007f748792-groupManagement] INFO  server.RaftServer$Division (ServerState.java:<init>(114)) - 66a2491f-8986-4faf-bc8e-5e007f748792@group-130748EB3D6C: ConfigurationManager, init=conf: {index: -1, cur=peers:[]|listeners:[], old=null}, confs=<EMPTY_MAP>
2025-05-13 07:50:34,318 [66a2491f-8986-4faf-bc8e-5e007f748792-groupManagement] INFO  server.RaftServerConfigKeys (ConfUtils.java:logGet(46)) - raft.server.notification.no-leader.timeout = 60s (default)
2025-05-13 07:50:34,318 [66a2491f-8986-4faf-bc8e-5e007f748792-groupManagement] INFO  server.RaftServerConfigKeys (ConfUtils.java:logGet(46)) - raft.server.read.timeout = 10s (default)
2025-05-13 07:50:34,318 [66a2491f-8986-4faf-bc8e-5e007f748792-groupManagement] INFO  server.RaftServerConfigKeys (ConfUtils.java:logGet(46)) - raft.server.retrycache.expirytime = 60000ms (default)
2025-05-13 07:50:34,318 [66a2491f-8986-4faf-bc8e-5e007f748792-groupManagement] INFO  server.RaftServerConfigKeys (ConfUtils.java:logGet(46)) - raft.server.retrycache.statistics.expirytime = 100ms (default)
2025-05-13 07:50:34,318 [66a2491f-8986-4faf-bc8e-5e007f748792-groupManagement] INFO  server.RaftServerConfigKeys (ConfUtils.java:logGet(46)) - raft.server.read.option = DEFAULT (default)
2025-05-13 07:50:34,318 [66a2491f-8986-4faf-bc8e-5e007f748792-groupManagement] INFO  server.RaftServerConfigKeys (ConfUtils.java:logGet(46)) - raft.server.read.read-after-write-consistent.write-index-cache.expiry-time = 60s (default)
2025-05-13 07:50:34,321 [66a2491f-8986-4faf-bc8e-5e007f748792-groupManagement] INFO  server.RaftServerConfigKeys (ConfUtils.java:logGet(46)) - raft.server.rpc.request.timeout = 30000ms (custom)
2025-05-13 07:50:34,321 [66a2491f-8986-4faf-bc8e-5e007f748792-groupManagement] INFO  server.RaftServerConfigKeys (ConfUtils.java:logGet(46)) - raft.server.log.appender.install.snapshot.enabled = false (custom)
2025-05-13 07:50:34,321 [66a2491f-8986-4faf-bc8e-5e007f748792-groupManagement] INFO  server.RaftServerConfigKeys (ConfUtils.java:logGet(46)) - raft.server.threadpool.server.cached = true (default)
2025-05-13 07:50:34,322 [66a2491f-8986-4faf-bc8e-5e007f748792-groupManagement] INFO  server.RaftServerConfigKeys (ConfUtils.java:logGet(46)) - raft.server.threadpool.server.size = 0 (default)
2025-05-13 07:50:34,322 [66a2491f-8986-4faf-bc8e-5e007f748792-groupManagement] INFO  server.RaftServerConfigKeys (ConfUtils.java:logGet(46)) - raft.server.threadpool.client.cached = true (default)
2025-05-13 07:50:34,322 [66a2491f-8986-4faf-bc8e-5e007f748792-groupManagement] INFO  server.RaftServerConfigKeys (ConfUtils.java:logGet(46)) - raft.server.threadpool.client.size = 0 (default)
2025-05-13 07:50:34,322 [main] INFO  ha.SCMSnapshotProvider (SCMSnapshotProvider.java:<init>(61)) - Initializing SCM Snapshot Provider
2025-05-13 07:50:34,322 [main] WARN  server.ServerUtils (ServerUtils.java:getDefaultRatisDirectory(304)) - Storage directory for Ratis is not configured. It is a good idea to map this to an SSD disk. Falling back to ozone.metadata.dirs
2025-05-13 07:50:34,322 [main] WARN  ha.SCMHAUtils (SCMHAUtils.java:getSCMRatisSnapshotDirectory(120)) - SCM snapshot dir is not configured. Falling back to ozone.metadata.dirs config
2025-05-13 07:50:34,323 [main] INFO  upgrade.AbstractLayoutVersionManager (AbstractLayoutVersionManager.java:init(80)) - Initializing Layout version manager with metadata layout = HBASE_SUPPORT (version = 8), software layout = HBASE_SUPPORT (version = 8)
2025-05-13 07:50:34,324 [main] INFO  ha.SequenceIdGenerator (SequenceIdGenerator.java:upgradeToSequenceId(355)) - upgrade localId to 115816896921600000
2025-05-13 07:50:34,325 [main] INFO  ha.SequenceIdGenerator (SequenceIdGenerator.java:upgradeToSequenceId(365)) - upgrade delTxnId to 0
2025-05-13 07:50:34,326 [main] INFO  ha.SequenceIdGenerator (SequenceIdGenerator.java:upgradeToSequenceId(382)) - upgrade containerId to 0
2025-05-13 07:50:34,327 [main] INFO  ha.SequenceIdGenerator (SequenceIdGenerator.java:upgradeToCertificateSequenceId(419)) - upgrade CertificateId to 2
2025-05-13 07:50:34,327 [main] INFO  ha.SequenceIdGenerator (SequenceIdGenerator.java:<init>(232)) - Init the HA SequenceIdGenerator.
2025-05-13 07:50:34,328 [main] WARN  server.ServerUtils (ServerUtils.java:sanitizeUserArgs(76)) - ozone.scm.stale.node.interval value = 300000 is larger than max = 100000 based on the key value of ozone.scm.heartbeat.thread.interval, reset to the max value 100000.
2025-05-13 07:50:34,328 [main] WARN  server.ServerUtils (ServerUtils.java:sanitizeUserArgs(76)) - ozone.scm.stale.node.interval value = 300000 is larger than max = 100000 based on the key value of ozone.scm.heartbeat.thread.interval, reset to the max value 100000.
2025-05-13 07:50:34,328 [main] INFO  node.SCMNodeManager (SCMNodeManager.java:<init>(182)) - Entering startup safe mode.
2025-05-13 07:50:34,328 [main] INFO  algorithms.ContainerPlacementPolicyFactory (ContainerPlacementPolicyFactory.java:getPolicyInternal(84)) - Create container placement policy of type org.apache.hadoop.hdds.scm.container.placement.algorithms.SCMContainerPlacementRackAware
2025-05-13 07:50:34,328 [main] INFO  algorithms.ContainerPlacementPolicyFactory (ContainerPlacementPolicyFactory.java:getPolicyInternal(84)) - Create container placement policy of type org.apache.hadoop.hdds.scm.container.placement.algorithms.SCMContainerPlacementRackScatter
2025-05-13 07:50:34,329 [main] INFO  pipeline.PipelineStateManagerImpl (PipelineStateManagerImpl.java:initialize(75)) - No pipeline exists in current db
2025-05-13 07:50:34,329 [main] INFO  algorithms.LeaderChoosePolicyFactory (LeaderChoosePolicyFactory.java:getPolicy(55)) - Create leader choose policy of type org.apache.hadoop.hdds.scm.pipeline.leader.choose.algorithms.MinLeaderCountChoosePolicy
2025-05-13 07:50:34,329 [main] INFO  algorithms.ContainerPlacementPolicyFactory (ContainerPlacementPolicyFactory.java:getPolicyInternal(84)) - Create container placement policy of type org.apache.hadoop.hdds.scm.container.placement.algorithms.SCMContainerPlacementRackScatter
2025-05-13 07:50:34,329 [main] INFO  ha.SCMServiceManager (SCMServiceManager.java:register(42)) - Registering service BackgroundPipelineCreator.
2025-05-13 07:50:34,329 [main] INFO  pipeline.BackgroundPipelineCreator (BackgroundPipelineCreator.java:start(126)) - Starting RatisPipelineUtilsThread.
2025-05-13 07:50:34,330 [main] INFO  BackgroundPipelineScrubber (BackgroundSCMService.java:start(64)) - Starting BackgroundPipelineScrubber Service.
2025-05-13 07:50:34,330 [main] INFO  ha.SCMServiceManager (SCMServiceManager.java:register(42)) - Registering service BackgroundPipelineScrubber.
2025-05-13 07:50:34,330 [main] INFO  ExpiredContainerReplicaOpScrubber (BackgroundSCMService.java:start(64)) - Starting ExpiredContainerReplicaOpScrubber Service.
2025-05-13 07:50:34,330 [main] INFO  ha.SCMServiceManager (SCMServiceManager.java:register(42)) - Registering service ExpiredContainerReplicaOpScrubber.
2025-05-13 07:50:34,331 [main] INFO  algorithms.PipelineChoosePolicyFactory (PipelineChoosePolicyFactory.java:createPipelineChoosePolicyFromClass(78)) - Create pipeline choose policy of type org.apache.hadoop.hdds.scm.pipeline.choose.algorithms.RandomPipelineChoosePolicy
2025-05-13 07:50:34,331 [main] INFO  algorithms.PipelineChoosePolicyFactory (PipelineChoosePolicyFactory.java:createPipelineChoosePolicyFromClass(78)) - Create pipeline choose policy of type org.apache.hadoop.hdds.scm.pipeline.choose.algorithms.RandomPipelineChoosePolicy
2025-05-13 07:50:34,332 [main] INFO  ha.SCMServiceManager (SCMServiceManager.java:register(42)) - Registering service SCMBlockDeletingService.
2025-05-13 07:50:34,333 [main] INFO  replication.ReplicationManager (ReplicationManager.java:start(285)) - Starting Replication Monitor Thread.
2025-05-13 07:50:34,333 [main] INFO  ha.SCMServiceManager (SCMServiceManager.java:register(42)) - Registering service ReplicationManager.
2025-05-13 07:50:34,334 [main] INFO  safemode.RatisContainerSafeModeRule (RatisContainerSafeModeRule.java:initializeRule(160)) - Refreshed Containers with one replica threshold count 0.
2025-05-13 07:50:34,334 [main] INFO  safemode.ECContainerSafeModeRule (ECContainerSafeModeRule.java:initializeRule(205)) - Refreshed Containers with ec n replica threshold count 0.
2025-05-13 07:50:34,336 [main] INFO  safemode.HealthyPipelineSafeModeRule (HealthyPipelineSafeModeRule.java:initializeRule(177)) - Total pipeline count is 0, healthy pipeline threshold count is 0
2025-05-13 07:50:34,337 [main] INFO  safemode.OneReplicaPipelineSafeModeRule (OneReplicaPipelineSafeModeRule.java:initializeRule(190)) - Total pipeline count is 0, pipeline's with at least one datanode reported threshold count is 0
2025-05-13 07:50:34,338 [main] INFO  security.SecretKeyManagerService (SecretKeyManagerService.java:start(143)) - Scheduling rotation checker with interval PT10M
2025-05-13 07:50:34,338 [main] INFO  ha.SCMServiceManager (SCMServiceManager.java:register(42)) - Registering service SecretKeyManagerService.
2025-05-13 07:50:34,339 [main] INFO  keys.KeyStorage (KeyStorage.java:readPublicKey(174)) - Reading public key from /tmp/junit-2179344238963848739/scm-meta/scm/sub-ca/keys/public.pem.
2025-05-13 07:50:34,339 [main] INFO  keys.KeyStorage (KeyStorage.java:readPrivateKey(158)) - Reading private key from /tmp/junit-2179344238963848739/scm-meta/scm/sub-ca/keys/private.pem.
2025-05-13 07:50:34,339 [main] INFO  authority.DefaultCAServer (DefaultCAServer.java:lambda$processVerificationStatus$0(392)) - CertificateServer validation is successful
2025-05-13 07:50:34,339 [main] INFO  keys.KeyStorage (KeyStorage.java:readPublicKey(174)) - Reading public key from /tmp/junit-2179344238963848739/scm-meta/scm/ca/keys/public.pem.
2025-05-13 07:50:34,339 [main] INFO  keys.KeyStorage (KeyStorage.java:readPrivateKey(158)) - Reading private key from /tmp/junit-2179344238963848739/scm-meta/scm/ca/keys/private.pem.
2025-05-13 07:50:34,340 [main] INFO  authority.DefaultCAServer (DefaultCAServer.java:lambda$processVerificationStatus$0(392)) - CertificateServer validation is successful
2025-05-13 07:50:34,340 [main] INFO  server.StorageContainerManager (StorageContainerManager.java:persistPrimarySCMCerts(950)) - Storing sub-ca certificate serialId 2 on primary SCM
2025-05-13 07:50:34,341 [main] INFO  server.SCMCertStore (SCMCertStore.java:storeValidScmCertificate(96)) - Scm certificate 2 for CN=scm-sub@pkrvmberfyhpb9w,OU=66a2491f-8986-4faf-bc8e-5e007f748792,O=bffec445-edee-4b03-9c63-130748eb3d6c,SERIALNUMBER=2 is stored
2025-05-13 07:50:34,341 [main] INFO  server.StorageContainerManager (StorageContainerManager.java:persistPrimarySCMCerts(957)) - Storing root certificate serialId 1
2025-05-13 07:50:34,341 [main] INFO  server.SCMCertStore (SCMCertStore.java:storeValidScmCertificate(96)) - Scm certificate 1 for CN=scm@pkrvmberfyhpb9w,OU=66a2491f-8986-4faf-bc8e-5e007f748792,O=bffec445-edee-4b03-9c63-130748eb3d6c,SERIALNUMBER=1 is stored
2025-05-13 07:50:34,343 [main] INFO  ha.SequenceIdGenerator (SequenceIdGenerator.java:upgradeToCertificateSequenceId(419)) - upgrade CertificateId to 2
2025-05-13 07:50:34,344 [main] INFO  ipc.CallQueueManager (CallQueueManager.java:<init>(93)) - Using callQueue: class java.util.concurrent.LinkedBlockingQueue, queueCapacity: 200, scheduler: class org.apache.hadoop.ipc.DefaultRpcScheduler, ipcBackoff: false, ipcFailOver: false.
2025-05-13 07:50:34,344 [main] INFO  ipc.Server (Server.java:<init>(1438)) - Listener at 0.0.0.0:15080
2025-05-13 07:50:34,344 [Socket Reader #1 for port 15080] INFO  ipc.Server (Server.java:run(1474)) - Starting Socket Reader #1 for port 15080
2025-05-13 07:50:34,345 [main] INFO  server.StorageContainerManager (StorageContainerManager.java:<init>(430)) - SCM start with adminUsers: [om/pkrvmberfyhpb9w.internal.cloudapp.net@EXAMPLE.COM, om]
2025-05-13 07:50:34,345 [main] INFO  ipc.CallQueueManager (CallQueueManager.java:<init>(93)) - Using callQueue: class java.util.concurrent.LinkedBlockingQueue, queueCapacity: 10000, scheduler: class org.apache.hadoop.ipc.DefaultRpcScheduler, ipcBackoff: false, ipcFailOver: false.
2025-05-13 07:50:34,346 [main] INFO  ipc.Server (Server.java:<init>(1438)) - Listener at 0.0.0.0:15078
2025-05-13 07:50:34,346 [Socket Reader #1 for port 15078] INFO  ipc.Server (Server.java:run(1474)) - Starting Socket Reader #1 for port 15078
2025-05-13 07:50:34,346 [Socket Reader #2 for port 15078] INFO  ipc.Server (Server.java:run(1474)) - Starting Socket Reader #2 for port 15078
2025-05-13 07:50:34,346 [Socket Reader #3 for port 15078] INFO  ipc.Server (Server.java:run(1474)) - Starting Socket Reader #3 for port 15078
2025-05-13 07:50:34,347 [Socket Reader #4 for port 15078] INFO  ipc.Server (Server.java:run(1474)) - Starting Socket Reader #4 for port 15078
2025-05-13 07:50:34,347 [Socket Reader #5 for port 15078] INFO  ipc.Server (Server.java:run(1474)) - Starting Socket Reader #5 for port 15078
2025-05-13 07:50:34,347 [Socket Reader #6 for port 15078] INFO  ipc.Server (Server.java:run(1474)) - Starting Socket Reader #6 for port 15078
2025-05-13 07:50:34,348 [Socket Reader #7 for port 15078] INFO  ipc.Server (Server.java:run(1474)) - Starting Socket Reader #7 for port 15078
2025-05-13 07:50:34,348 [Socket Reader #8 for port 15078] INFO  ipc.Server (Server.java:run(1474)) - Starting Socket Reader #8 for port 15078
2025-05-13 07:50:34,348 [Socket Reader #9 for port 15078] INFO  ipc.Server (Server.java:run(1474)) - Starting Socket Reader #9 for port 15078
2025-05-13 07:50:34,349 [Socket Reader #10 for port 15078] INFO  ipc.Server (Server.java:run(1474)) - Starting Socket Reader #10 for port 15078
2025-05-13 07:50:34,350 [main] INFO  ipc.CallQueueManager (CallQueueManager.java:<init>(93)) - Using callQueue: class java.util.concurrent.LinkedBlockingQueue, queueCapacity: 10000, scheduler: class org.apache.hadoop.ipc.DefaultRpcScheduler, ipcBackoff: false, ipcFailOver: false.
2025-05-13 07:50:34,351 [main] INFO  ipc.Server (Server.java:<init>(1438)) - Listener at 0.0.0.0:15079
2025-05-13 07:50:34,351 [Socket Reader #1 for port 15079] INFO  ipc.Server (Server.java:run(1474)) - Starting Socket Reader #1 for port 15079
2025-05-13 07:50:34,351 [Socket Reader #2 for port 15079] INFO  ipc.Server (Server.java:run(1474)) - Starting Socket Reader #2 for port 15079
2025-05-13 07:50:34,351 [Socket Reader #3 for port 15079] INFO  ipc.Server (Server.java:run(1474)) - Starting Socket Reader #3 for port 15079
2025-05-13 07:50:34,352 [Socket Reader #4 for port 15079] INFO  ipc.Server (Server.java:run(1474)) - Starting Socket Reader #4 for port 15079
2025-05-13 07:50:34,352 [Socket Reader #5 for port 15079] INFO  ipc.Server (Server.java:run(1474)) - Starting Socket Reader #5 for port 15079
2025-05-13 07:50:34,352 [Socket Reader #6 for port 15079] INFO  ipc.Server (Server.java:run(1474)) - Starting Socket Reader #6 for port 15079
2025-05-13 07:50:34,353 [Socket Reader #7 for port 15079] INFO  ipc.Server (Server.java:run(1474)) - Starting Socket Reader #7 for port 15079
2025-05-13 07:50:34,353 [Socket Reader #8 for port 15079] INFO  ipc.Server (Server.java:run(1474)) - Starting Socket Reader #8 for port 15079
2025-05-13 07:50:34,353 [Socket Reader #9 for port 15079] INFO  ipc.Server (Server.java:run(1474)) - Starting Socket Reader #9 for port 15079
2025-05-13 07:50:34,353 [Socket Reader #10 for port 15079] INFO  ipc.Server (Server.java:run(1474)) - Starting Socket Reader #10 for port 15079
2025-05-13 07:50:34,354 [main] INFO  ipc.CallQueueManager (CallQueueManager.java:<init>(93)) - Using callQueue: class java.util.concurrent.LinkedBlockingQueue, queueCapacity: 10000, scheduler: class org.apache.hadoop.ipc.DefaultRpcScheduler, ipcBackoff: false, ipcFailOver: false.
2025-05-13 07:50:34,354 [main] INFO  ipc.Server (Server.java:<init>(1438)) - Listener at 0.0.0.0:15077
2025-05-13 07:50:34,355 [Socket Reader #1 for port 15077] INFO  ipc.Server (Server.java:run(1474)) - Starting Socket Reader #1 for port 15077
2025-05-13 07:50:34,355 [Socket Reader #2 for port 15077] INFO  ipc.Server (Server.java:run(1474)) - Starting Socket Reader #2 for port 15077
2025-05-13 07:50:34,355 [Socket Reader #3 for port 15077] INFO  ipc.Server (Server.java:run(1474)) - Starting Socket Reader #3 for port 15077
2025-05-13 07:50:34,355 [Socket Reader #4 for port 15077] INFO  ipc.Server (Server.java:run(1474)) - Starting Socket Reader #4 for port 15077
2025-05-13 07:50:34,355 [Socket Reader #5 for port 15077] INFO  ipc.Server (Server.java:run(1474)) - Starting Socket Reader #5 for port 15077
2025-05-13 07:50:34,356 [Socket Reader #6 for port 15077] INFO  ipc.Server (Server.java:run(1474)) - Starting Socket Reader #6 for port 15077
2025-05-13 07:50:34,356 [Socket Reader #7 for port 15077] INFO  ipc.Server (Server.java:run(1474)) - Starting Socket Reader #7 for port 15077
2025-05-13 07:50:34,356 [Socket Reader #8 for port 15077] INFO  ipc.Server (Server.java:run(1474)) - Starting Socket Reader #8 for port 15077
2025-05-13 07:50:34,356 [Socket Reader #9 for port 15077] INFO  ipc.Server (Server.java:run(1474)) - Starting Socket Reader #9 for port 15077
2025-05-13 07:50:34,356 [Socket Reader #10 for port 15077] INFO  ipc.Server (Server.java:run(1474)) - Starting Socket Reader #10 for port 15077
2025-05-13 07:50:34,360 [main] INFO  ha.SCMServiceManager (SCMServiceManager.java:register(42)) - Registering service ContainerBalancer.
2025-05-13 07:50:34,360 [main] INFO  ha.SCMContext (SCMContext.java:updateSafeModeStatus(224)) - Update SafeModeStatus from SafeModeStatus{safeModeStatus=true, preCheckPassed=false} to SafeModeStatus{safeModeStatus=true, preCheckPassed=false}.
2025-05-13 07:50:34,361 [main] INFO  server.StorageContainerManager (StorageContainerManager.java:start(1507)) - StorageContainerLocationProtocol RPC server is listening at /0.0.0.0:15077
2025-05-13 07:50:34,361 [main] INFO  ha.SCMRatisServerImpl (SCMRatisServerImpl.java:start(203)) - starting ratis server 0.0.0.0:15081
2025-05-13 07:50:34,361 [66a2491f-8986-4faf-bc8e-5e007f748792-impl-thread1] INFO  server.RaftServerConfigKeys (ConfUtils.java:logGet(46)) - raft.server.storage.free-space.min = 0MB (=0) (default)
2025-05-13 07:50:34,361 [66a2491f-8986-4faf-bc8e-5e007f748792-impl-thread1] INFO  server.RaftServerConfigKeys (ConfUtils.java:logGet(46)) - raft.server.log.corruption.policy = EXCEPTION (default)
2025-05-13 07:50:34,361 [66a2491f-8986-4faf-bc8e-5e007f748792-impl-thread1] INFO  server.RaftServerConfigKeys (ConfUtils.java:logGet(46)) - raft.server.storage.dir = [/tmp/junit-2179344238963848739/scm-meta/scm-ha] (custom)
2025-05-13 07:50:34,362 [66a2491f-8986-4faf-bc8e-5e007f748792-impl-thread1] INFO  storage.RaftStorageDirectory (RaftStorageDirectoryImpl.java:tryLock(229)) - Lock on /tmp/junit-2179344238963848739/scm-meta/scm-ha/bffec445-edee-4b03-9c63-130748eb3d6c/in_use.lock acquired by nodename 25269@pkrvmberfyhpb9w
2025-05-13 07:50:34,362 [66a2491f-8986-4faf-bc8e-5e007f748792-impl-thread1] INFO  storage.RaftStorage (RaftStorageImpl.java:analyzeAndRecoverStorage(118)) - Read RaftStorageMetadata{term=1, votedFor=66a2491f-8986-4faf-bc8e-5e007f748792} from /tmp/junit-2179344238963848739/scm-meta/scm-ha/bffec445-edee-4b03-9c63-130748eb3d6c/current/raft-meta
2025-05-13 07:50:34,362 [66a2491f-8986-4faf-bc8e-5e007f748792-impl-thread1] INFO  server.RaftServer$Division (ServerState.java:setRaftConf(386)) - 66a2491f-8986-4faf-bc8e-5e007f748792@group-130748EB3D6C: set configuration conf: {index: 0, cur=peers:[66a2491f-8986-4faf-bc8e-5e007f748792|pkrvmberfyhpb9w:15081]|listeners:[], old=null}
2025-05-13 07:50:34,363 [66a2491f-8986-4faf-bc8e-5e007f748792-impl-thread1] INFO  ha.SCMStateMachine (SCMStateMachine.java:lambda$initialize$0(135)) - 66a2491f-8986-4faf-bc8e-5e007f748792: initialize group-130748EB3D6C
2025-05-13 07:50:34,363 [66a2491f-8986-4faf-bc8e-5e007f748792-impl-thread1] INFO  server.RaftServerConfigKeys (ConfUtils.java:logGet(46)) - raft.server.log.use.memory = false (default)
2025-05-13 07:50:34,363 [66a2491f-8986-4faf-bc8e-5e007f748792-impl-thread1] INFO  server.RaftServerConfigKeys (ConfUtils.java:logGet(46)) - raft.server.log.purge.gap = 1000000 (custom)
2025-05-13 07:50:34,363 [66a2491f-8986-4faf-bc8e-5e007f748792-impl-thread1] INFO  server.RaftServerConfigKeys (ConfUtils.java:logGet(46)) - raft.server.log.appender.buffer.byte-limit = 4194304 (custom)
2025-05-13 07:50:34,363 [66a2491f-8986-4faf-bc8e-5e007f748792-impl-thread1] INFO  server.RaftServerConfigKeys (ConfUtils.java:logGet(46)) - raft.server.log.statemachine.data.read.timeout = 1000ms (default)
2025-05-13 07:50:34,363 [66a2491f-8986-4faf-bc8e-5e007f748792-impl-thread1] INFO  server.RaftServerConfigKeys (ConfUtils.java:logGet(46)) - raft.server.log.purge.preservation.log.num = 0 (default)
2025-05-13 07:50:34,364 [66a2491f-8986-4faf-bc8e-5e007f748792-impl-thread1] INFO  server.RaftServerConfigKeys (ConfUtils.java:logGet(46)) - raft.server.log.segment.size.max = 4194304 (custom)
2025-05-13 07:50:34,365 [66a2491f-8986-4faf-bc8e-5e007f748792-impl-thread1] INFO  server.RaftServerConfigKeys (ConfUtils.java:logGet(46)) - raft.server.log.segment.cache.num.max = 2 (custom)
2025-05-13 07:50:34,365 [66a2491f-8986-4faf-bc8e-5e007f748792-impl-thread1] INFO  server.RaftServerConfigKeys (ConfUtils.java:logGet(46)) - raft.server.log.segment.cache.size.max = 200MB (=209715200) (default)
2025-05-13 07:50:34,365 [66a2491f-8986-4faf-bc8e-5e007f748792-impl-thread1] INFO  server.RaftServerConfigKeys (ConfUtils.java:logGet(46)) - raft.server.log.appender.buffer.byte-limit = 4194304 (custom)
2025-05-13 07:50:34,365 [66a2491f-8986-4faf-bc8e-5e007f748792-impl-thread1] INFO  util.AwaitToRun (AwaitToRun.java:start(81)) - Thread[#3444,66a2491f-8986-4faf-bc8e-5e007f748792@group-130748EB3D6C-cacheEviction-AwaitToRun,5,main] started
2025-05-13 07:50:34,365 [66a2491f-8986-4faf-bc8e-5e007f748792-impl-thread1] INFO  segmented.SegmentedRaftLogWorker (SegmentedRaftLogWorker.java:<init>(188)) - new 66a2491f-8986-4faf-bc8e-5e007f748792@group-130748EB3D6C-SegmentedRaftLogWorker for RaftStorageImpl:Storage Directory /tmp/junit-2179344238963848739/scm-meta/scm-ha/bffec445-edee-4b03-9c63-130748eb3d6c
2025-05-13 07:50:34,365 [66a2491f-8986-4faf-bc8e-5e007f748792-impl-thread1] INFO  server.RaftServerConfigKeys (ConfUtils.java:logGet(46)) - raft.server.log.queue.byte-limit = 64MB (=67108864) (default)
2025-05-13 07:50:34,365 [66a2491f-8986-4faf-bc8e-5e007f748792-impl-thread1] INFO  server.RaftServerConfigKeys (ConfUtils.java:logGet(46)) - raft.server.log.queue.element-limit = 4096 (default)
2025-05-13 07:50:34,365 [66a2491f-8986-4faf-bc8e-5e007f748792-impl-thread1] INFO  server.RaftServerConfigKeys (ConfUtils.java:logGet(46)) - raft.server.log.segment.size.max = 4194304 (custom)
2025-05-13 07:50:34,365 [66a2491f-8986-4faf-bc8e-5e007f748792-impl-thread1] INFO  server.RaftServerConfigKeys (ConfUtils.java:logGet(46)) - raft.server.log.preallocated.size = 4194304 (custom)
2025-05-13 07:50:34,365 [66a2491f-8986-4faf-bc8e-5e007f748792-impl-thread1] INFO  server.RaftServerConfigKeys (ConfUtils.java:logGet(46)) - raft.server.log.force.sync.num = 128 (default)
2025-05-13 07:50:34,365 [66a2491f-8986-4faf-bc8e-5e007f748792-impl-thread1] INFO  server.RaftServerConfigKeys (ConfUtils.java:logGet(46)) - raft.server.log.statemachine.data.sync = true (default)
2025-05-13 07:50:34,365 [66a2491f-8986-4faf-bc8e-5e007f748792-impl-thread1] INFO  server.RaftServerConfigKeys (ConfUtils.java:logGet(46)) - raft.server.log.statemachine.data.sync.timeout = 10s (default)
2025-05-13 07:50:34,365 [66a2491f-8986-4faf-bc8e-5e007f748792-impl-thread1] INFO  server.RaftServerConfigKeys (ConfUtils.java:logGet(46)) - raft.server.log.statemachine.data.sync.timeout.retry = -1 (default)
2025-05-13 07:50:34,365 [66a2491f-8986-4faf-bc8e-5e007f748792-impl-thread1] INFO  server.RaftServerConfigKeys (ConfUtils.java:logGet(46)) - raft.server.log.write.buffer.size = 4194312 (custom)
2025-05-13 07:50:34,366 [66a2491f-8986-4faf-bc8e-5e007f748792-impl-thread1] INFO  server.RaftServerConfigKeys (ConfUtils.java:logGet(46)) - raft.server.log.appender.buffer.byte-limit = 4194304 (custom)
2025-05-13 07:50:34,366 [66a2491f-8986-4faf-bc8e-5e007f748792-impl-thread1] INFO  server.RaftServerConfigKeys (ConfUtils.java:logGet(46)) - raft.server.log.unsafe-flush.enabled = false (default)
2025-05-13 07:50:34,366 [66a2491f-8986-4faf-bc8e-5e007f748792-impl-thread1] INFO  server.RaftServerConfigKeys (ConfUtils.java:logGet(46)) - raft.server.log.async-flush.enabled = false (default)
2025-05-13 07:50:34,366 [66a2491f-8986-4faf-bc8e-5e007f748792-impl-thread1] INFO  server.RaftServerConfigKeys (ConfUtils.java:logGet(46)) - raft.server.log.statemachine.data.caching.enabled = false (default)
2025-05-13 07:50:34,366 [66a2491f-8986-4faf-bc8e-5e007f748792-impl-thread1] INFO  server.RaftServer$Division (ServerState.java:setRaftConf(386)) - 66a2491f-8986-4faf-bc8e-5e007f748792@group-130748EB3D6C: set configuration conf: {index: 0, cur=peers:[66a2491f-8986-4faf-bc8e-5e007f748792|pkrvmberfyhpb9w:15081]|listeners:[], old=null}
2025-05-13 07:50:34,367 [66a2491f-8986-4faf-bc8e-5e007f748792-impl-thread1] INFO  segmented.LogSegment (LogSegment.java:loadSegment(171)) - Successfully read 1 entries from segment file /tmp/junit-2179344238963848739/scm-meta/scm-ha/bffec445-edee-4b03-9c63-130748eb3d6c/current/log_inprogress_0
2025-05-13 07:50:34,367 [66a2491f-8986-4faf-bc8e-5e007f748792-impl-thread1] INFO  segmented.SegmentedRaftLogWorker (SegmentedRaftLogWorker.java:lambda$new$0(139)) - 66a2491f-8986-4faf-bc8e-5e007f748792@group-130748EB3D6C-SegmentedRaftLogWorker: safeCacheEvictIndex: setUnconditionally 0 -> -1
2025-05-13 07:50:34,367 [66a2491f-8986-4faf-bc8e-5e007f748792-impl-thread1] INFO  segmented.BufferedWriteChannel (BufferedWriteChannel.java:open(61)) - open log_inprogress_0 (append) at position 82
2025-05-13 07:50:34,367 [66a2491f-8986-4faf-bc8e-5e007f748792-impl-thread1] INFO  server.RaftServer$Division (RaftServerImpl.java:start(391)) - 66a2491f-8986-4faf-bc8e-5e007f748792@group-130748EB3D6C: start as a follower, conf=conf: {index: 0, cur=peers:[66a2491f-8986-4faf-bc8e-5e007f748792|pkrvmberfyhpb9w:15081]|listeners:[], old=null}
2025-05-13 07:50:34,367 [66a2491f-8986-4faf-bc8e-5e007f748792-impl-thread1] INFO  server.RaftServer$Division (RaftServerImpl.java:setRole(378)) - 66a2491f-8986-4faf-bc8e-5e007f748792@group-130748EB3D6C: changes role from      null to FOLLOWER at term 1 for startAsFollower
2025-05-13 07:50:34,367 [66a2491f-8986-4faf-bc8e-5e007f748792-impl-thread1] INFO  impl.RoleInfo (RoleInfo.java:updateAndGet(148)) - 66a2491f-8986-4faf-bc8e-5e007f748792: start 66a2491f-8986-4faf-bc8e-5e007f748792@group-130748EB3D6C-FollowerState
2025-05-13 07:50:34,368 [66a2491f-8986-4faf-bc8e-5e007f748792-impl-thread1] INFO  util.JmxRegister (JmxRegister.java:tryRegister(44)) - Successfully registered JMX Bean with object name Ratis:service=RaftServer,group=group-130748EB3D6C,id=66a2491f-8986-4faf-bc8e-5e007f748792
2025-05-13 07:50:34,368 [66a2491f-8986-4faf-bc8e-5e007f748792-impl-thread1] INFO  util.JmxRegister (JmxRegister.java:register(58)) - register mxBean class org.apache.ratis.server.impl.RaftServerJmxAdapter as Ratis:service=RaftServer,group=group-130748EB3D6C,id=66a2491f-8986-4faf-bc8e-5e007f748792
2025-05-13 07:50:34,368 [66a2491f-8986-4faf-bc8e-5e007f748792-impl-thread1] INFO  server.RaftServerConfigKeys (ConfUtils.java:logGet(46)) - raft.server.snapshot.trigger-when-stop.enabled = true (default)
2025-05-13 07:50:34,368 [66a2491f-8986-4faf-bc8e-5e007f748792-impl-thread1] INFO  server.RaftServerConfigKeys (ConfUtils.java:logGet(46)) - raft.server.snapshot.trigger-when-remove.enabled = true (default)
2025-05-13 07:50:34,368 [66a2491f-8986-4faf-bc8e-5e007f748792-impl-thread1] INFO  server.RaftServerConfigKeys (ConfUtils.java:logGet(46)) - raft.server.snapshot.auto.trigger.enabled = true (custom)
2025-05-13 07:50:34,368 [66a2491f-8986-4faf-bc8e-5e007f748792-impl-thread1] INFO  server.RaftServerConfigKeys (ConfUtils.java:logGet(46)) - raft.server.snapshot.auto.trigger.threshold = 1000 (custom)
2025-05-13 07:50:34,368 [66a2491f-8986-4faf-bc8e-5e007f748792-impl-thread1] INFO  server.RaftServerConfigKeys (ConfUtils.java:logGet(46)) - raft.server.snapshot.retention.file.num = -1 (default)
2025-05-13 07:50:34,368 [66a2491f-8986-4faf-bc8e-5e007f748792-impl-thread1] INFO  server.RaftServerConfigKeys (ConfUtils.java:logGet(46)) - raft.server.log.purge.upto.snapshot.index = false (default)
2025-05-13 07:50:34,368 [66a2491f-8986-4faf-bc8e-5e007f748792@group-130748EB3D6C-FollowerState] INFO  server.RaftServerConfigKeys (ConfUtils.java:logFallback(53)) - raft.server.rpc.first-election.timeout.min = 5000ms (fallback to raft.server.rpc.timeout.min)
2025-05-13 07:50:34,368 [66a2491f-8986-4faf-bc8e-5e007f748792@group-130748EB3D6C-FollowerState] INFO  server.RaftServerConfigKeys (ConfUtils.java:logFallback(53)) - raft.server.rpc.first-election.timeout.max = 5200ms (fallback to raft.server.rpc.timeout.max)
2025-05-13 07:50:34,368 [66a2491f-8986-4faf-bc8e-5e007f748792-impl-thread1] INFO  server.RaftServer$Division (RaftServerImpl.java:start(405)) - 66a2491f-8986-4faf-bc8e-5e007f748792@group-130748EB3D6C: Successfully started.
2025-05-13 07:50:34,368 [main] INFO  server.RaftServer (RaftServerProxy.java:startImpl(407)) - 66a2491f-8986-4faf-bc8e-5e007f748792: start RPC server
2025-05-13 07:50:34,369 [main] INFO  server.GrpcService (GrpcService.java:startImpl(334)) - 66a2491f-8986-4faf-bc8e-5e007f748792: GrpcService started, listening on 15081
2025-05-13 07:50:34,369 [main] INFO  ha.SCMHAManagerImpl (SCMHAManagerImpl.java:start(131)) -  scm role is FOLLOWER peers [66a2491f-8986-4faf-bc8e-5e007f748792|pkrvmberfyhpb9w:15081]
2025-05-13 07:50:34,370 [main] INFO  ha.InterSCMGrpcService (InterSCMGrpcProtocolService.java:start(98)) - Starting SCM Grpc Service at port 15082
2025-05-13 07:50:34,370 [main] INFO  SCMHATransactionMonitor (BackgroundSCMService.java:start(64)) - Starting SCMHATransactionMonitor Service.
2025-05-13 07:50:34,370 [main] INFO  ha.SCMServiceManager (SCMServiceManager.java:register(42)) - Registering service SCMHATransactionMonitor.
2025-05-13 07:50:34,370 [main] INFO  SCMHATransactionMonitor (BackgroundSCMService.java:start(61)) - SCMHATransactionMonitor Service is already running, skip start.
2025-05-13 07:50:34,372 [main] WARN  impl.MetricsConfig (MetricsConfig.java:loadFirst(138)) - Cannot locate configuration: tried hadoop-metrics2-storagecontainermanager.properties,hadoop-metrics2.properties
2025-05-13 07:50:34,372 [main] INFO  impl.MetricsSystemImpl (MetricsSystemImpl.java:startTimer(378)) - Scheduled Metric snapshot period at 10 second(s).
2025-05-13 07:50:34,372 [main] INFO  impl.MetricsSystemImpl (MetricsSystemImpl.java:start(191)) - StorageContainerManager metrics system started
2025-05-13 07:50:34,369 [JvmPauseMonitor17] INFO  util.JvmPauseMonitor (JvmPauseMonitor.java:run(146)) - JvmPauseMonitor-66a2491f-8986-4faf-bc8e-5e007f748792: Started
2025-05-13 07:50:34,377 [main] INFO  impl.MetricsSinkAdapter (MetricsSinkAdapter.java:start(204)) - Sink prometheus started
2025-05-13 07:50:34,377 [main] INFO  impl.MetricsSystemImpl (MetricsSystemImpl.java:registerSink(305)) - Registered sink prometheus
2025-05-13 07:50:34,398 [main] INFO  server.SCMClientProtocolServer (SCMClientProtocolServer.java:start(207)) - RPC server for Client  is listening at /0.0.0.0:15077
2025-05-13 07:50:34,399 [IPC Server Responder] INFO  ipc.Server (Server.java:run(1713)) - IPC Server Responder: starting
2025-05-13 07:50:34,399 [IPC Server listener on 15077] INFO  ipc.Server (Server.java:run(1553)) - IPC Server listener on 15077: starting
2025-05-13 07:50:34,411 [main] INFO  server.StorageContainerManager (StorageContainerManager.java:start(1520)) - ScmBlockLocationProtocol RPC server is listening at /0.0.0.0:15079
2025-05-13 07:50:34,412 [main] INFO  server.SCMBlockProtocolServer (SCMBlockProtocolServer.java:start(166)) - RPC server for Block Protocol is listening at /0.0.0.0:15079
2025-05-13 07:50:34,412 [IPC Server Responder] INFO  ipc.Server (Server.java:run(1713)) - IPC Server Responder: starting
2025-05-13 07:50:34,412 [IPC Server listener on 15079] INFO  ipc.Server (Server.java:run(1553)) - IPC Server listener on 15079: starting
2025-05-13 07:50:34,423 [main] INFO  server.SCMSecurityProtocolServer (SCMSecurityProtocolServer.java:start(503)) - Starting RPC server for SCMSecurityProtocolServer. is listening at /0.0.0.0:15080
2025-05-13 07:50:34,423 [IPC Server Responder] INFO  ipc.Server (Server.java:run(1713)) - IPC Server Responder: starting
2025-05-13 07:50:34,423 [IPC Server listener on 15080] INFO  ipc.Server (Server.java:run(1553)) - IPC Server listener on 15080: starting
2025-05-13 07:50:34,424 [main] INFO  http.BaseHttpServer (BaseHttpServer.java:newHttpServer2BuilderForOzone(229)) - Starting Web-server for scm at: http://0.0.0.0:9876
2025-05-13 07:50:34,424 [main] INFO  http.BaseHttpServer (BaseHttpServer.java:<init>(107)) - Hadoop Security Enabled: true Ozone Security Enabled: true Ozone HTTP Security Enabled: false 
2025-05-13 07:50:34,428 [main] WARN  server.AuthenticationFilter (AuthenticationFilter.java:constructSecretProvider(240)) - Unable to initialize FileSignerSecretProvider, falling back to use random secrets. Reason: Could not read signature secret file: /home/runner/hadoop-http-auth-signature-secret
2025-05-13 07:50:34,430 [main] INFO  http.HttpServer2 (HttpServer2.java:addGlobalFilter(1042)) - Added global filter 'safety' (class=org.apache.hadoop.hdds.server.http.HttpServer2$QuotingInputFilter)
2025-05-13 07:50:34,430 [main] INFO  http.HttpServer2 (HttpServer2.java:addFilter(1018)) - Added filter static_user_filter (class=org.apache.hadoop.http.lib.StaticUserWebFilter$StaticUserFilter) to context scm
2025-05-13 07:50:34,430 [main] INFO  http.HttpServer2 (HttpServer2.java:addFilter(1026)) - Added filter static_user_filter (class=org.apache.hadoop.http.lib.StaticUserWebFilter$StaticUserFilter) to context static
2025-05-13 07:50:34,430 [main] INFO  http.HttpServer2 (HttpServer2.java:addFilter(1026)) - Added filter static_user_filter (class=org.apache.hadoop.http.lib.StaticUserWebFilter$StaticUserFilter) to context logs
2025-05-13 07:50:34,431 [main] INFO  http.BaseHttpServer (BaseHttpServer.java:<init>(195)) - HTTP server of scm uses base directory /tmp/junit-2179344238963848739/scm-meta/webserver
2025-05-13 07:50:34,431 [main] INFO  http.HttpServer2 (HttpServer2.java:bindListener(1242)) - Jetty bound to port 9876
2025-05-13 07:50:34,431 [main] INFO  server.Server (Server.java:doStart(375)) - jetty-9.4.57.v20241219; built: 2025-01-08T21:24:30.412Z; git: df524e6b29271c2e09ba9aea83c18dc9db464a31; jvm 21.0.7+6-LTS
2025-05-13 07:50:34,433 [main] INFO  server.session (DefaultSessionIdManager.java:doStart(334)) - DefaultSessionIdManager workerName=node0
2025-05-13 07:50:34,433 [main] INFO  server.session (DefaultSessionIdManager.java:doStart(339)) - No SessionScavenger set, using defaults
2025-05-13 07:50:34,433 [main] INFO  server.session (HouseKeeper.java:startScavenging(132)) - node0 Scavenging every 600000ms
2025-05-13 07:50:34,433 [main] INFO  handler.ContextHandler (ContextHandler.java:doStart(921)) - Started o.e.j.s.ServletContextHandler@5d96a45a{logs,/logs,file:///home/runner/work/ozone/ozone/hadoop-ozone/integration-test/target/log,AVAILABLE}
2025-05-13 07:50:34,434 [main] INFO  handler.ContextHandler (ContextHandler.java:doStart(921)) - Started o.e.j.s.ServletContextHandler@34eabd4c{static,/static,file:///home/runner/work/ozone/ozone/hadoop-ozone/integration-test/target/test-classes/webapps/static,AVAILABLE}
2025-05-13 07:50:34,438 [main] INFO  handler.ContextHandler (ContextHandler.java:doStart(921)) - Started o.e.j.w.WebAppContext@3f65f898{scm,/,file:///home/runner/work/ozone/ozone/hadoop-ozone/integration-test/target/test-classes/webapps/scm/,AVAILABLE}{file:/home/runner/work/ozone/ozone/hadoop-ozone/integration-test/target/test-classes/webapps/scm}
2025-05-13 07:50:34,438 [main] INFO  server.AbstractConnector (AbstractConnector.java:doStart(333)) - Started ServerConnector@419f94d{HTTP/1.1, (http/1.1)}{0.0.0.0:9876}
2025-05-13 07:50:34,438 [main] INFO  server.Server (Server.java:doStart(415)) - Started @476409ms
2025-05-13 07:50:34,438 [main] WARN  impl.MetricsSystemImpl (MetricsSystemImpl.java:register(279)) - Sink prometheus already exists!
2025-05-13 07:50:34,439 [main] INFO  http.BaseHttpServer (BaseHttpServer.java:updateConnectorAddress(359)) - HTTP server of scm listening at http://0.0.0.0:9876
2025-05-13 07:50:34,439 [main] WARN  server.ServerUtils (ServerUtils.java:getDBPath(292)) - ozone.om.db.dirs is not configured. We recommend adding this setting. Falling back to ozone.metadata.dirs instead.
2025-05-13 07:50:34,441 [main] INFO  ha.OMHANodeDetails (OMHANodeDetails.java:loadOMHAConfig(113)) - ozone.om.internal.service.id is not defined, falling back to ozone.om.service.ids to find serviceID for OzoneManager if it is HA enabled cluster
2025-05-13 07:50:34,441 [main] INFO  ha.OMHANodeDetails (OMHANodeDetails.java:loadOMHAConfig(224)) - Configuration does not have ozone.om.address set. Falling back to the default OM address pkrvmberfyhpb9w.internal.cloudapp.net/10.1.0.36:15083
2025-05-13 07:50:34,441 [main] INFO  ha.OMHANodeDetails (OMHANodeDetails.java:getOMNodeDetailsForNonHA(252)) - OM Service ID is not set. Setting it to the default ID: omServiceIdDefault
2025-05-13 07:50:34,441 [main] INFO  ha.OMHANodeDetails (OMHANodeDetails.java:getOMNodeDetailsForNonHA(259)) - OM Node ID is not set. Setting it to the default ID: om1
2025-05-13 07:50:34,441 [main] WARN  server.ServerUtils (ServerUtils.java:getDBPath(292)) - ozone.om.db.dirs is not configured. We recommend adding this setting. Falling back to ozone.metadata.dirs instead.
2025-05-13 07:50:34,444 [main] INFO  upgrade.AbstractLayoutVersionManager (AbstractLayoutVersionManager.java:init(80)) - Initializing Layout version manager with metadata layout = DELEGATION_TOKEN_SYMMETRIC_SIGN (version = 8), software layout = DELEGATION_TOKEN_SYMMETRIC_SIGN (version = 8)
2025-05-13 07:50:34,446 [pool-482-thread-1] INFO  request.TgsRequest (TgsRequest.java:issueTicket(117)) - TGS_REQ ISSUE: authtime 1747122634445,om/pkrvmberfyhpb9w.internal.cloudapp.net@EXAMPLE.COM for om/pkrvmberfyhpb9w.internal.cloudapp.net@EXAMPLE.COM
2025-05-13 07:50:34,456 [Socket Reader #1 for port 15080] INFO  ipc.Server (Server.java:saslProcess(2290)) - Auth successful for om/pkrvmberfyhpb9w.internal.cloudapp.net@EXAMPLE.COM (auth:KERBEROS) from 127.0.0.1:38128
2025-05-13 07:50:34,458 [IPC Server handler 1 on default port 15080] INFO  ipc.Server (Server.java:logException(3260)) - IPC Server handler 1 on default port 15080, call Call#15 Retry#0 org.apache.hadoop.hdds.protocol.SCMSecurityProtocol.submitRequest from 127.0.0.1:38128
org.apache.hadoop.hdds.ratis.ServerNotLeaderException: SCM Server:66a2491f-8986-4faf-bc8e-5e007f748792(pkrvmberfyhpb9w.internal.cloudapp.net) is not the leader. Could not determine the leader node.
	at org.apache.hadoop.hdds.ratis.ServerNotLeaderException.convertToNotLeaderException(ServerNotLeaderException.java:106)
	at org.apache.hadoop.hdds.scm.ha.RatisUtil.checkRatisException(RatisUtil.java:248)
	at org.apache.hadoop.hdds.scm.protocol.SCMSecurityProtocolServerSideTranslatorPB.submitRequest(SCMSecurityProtocolServerSideTranslatorPB.java:83)
	at org.apache.hadoop.hdds.protocol.proto.SCMSecurityProtocolProtos$SCMSecurityProtocolService$2.callBlockingMethod(SCMSecurityProtocolProtos.java:18942)
	at org.apache.hadoop.ipc.ProtobufRpcEngine$Server.processCall(ProtobufRpcEngine.java:484)
	at org.apache.hadoop.ipc.ProtobufRpcEngine2$Server$ProtoBufRpcInvoker.call(ProtobufRpcEngine2.java:595)
	at org.apache.hadoop.ipc.ProtobufRpcEngine2$Server$ProtoBufRpcInvoker.call(ProtobufRpcEngine2.java:573)
	at org.apache.hadoop.ipc.RPC$Server.call(RPC.java:1227)
	at org.apache.hadoop.ipc.Server$RpcCall.run(Server.java:1246)
	at org.apache.hadoop.ipc.Server$RpcCall.run(Server.java:1169)
	at java.base/java.security.AccessController.doPrivileged(AccessController.java:714)
	at java.base/javax.security.auth.Subject.doAs(Subject.java:525)
	at org.apache.hadoop.security.UserGroupInformation.doAs(UserGroupInformation.java:1953)
	at org.apache.hadoop.ipc.Server$Handler.run(Server.java:3198)
2025-05-13 07:50:34,506 [main] INFO  reflections.Reflections (Reflections.java:scan(219)) - Reflections took 62 ms to scan 2 urls, producing 207 keys and 618 values
2025-05-13 07:50:34,506 [main] INFO  upgrade.OMLayoutVersionManager (OMLayoutVersionManager.java:lambda$0(110)) - Skipping Upgrade Action QuotaRepairUpgradeAction since it has been finalized.
2025-05-13 07:50:34,506 [main] INFO  upgrade.OMLayoutVersionManager (OMLayoutVersionManager.java:lambda$0(110)) - Skipping Upgrade Action MockOmUpgradeAction since it has been finalized.
2025-05-13 07:50:34,508 [pool-482-thread-1] INFO  request.KdcRequest (KdcRequest.java:preauth(683)) - The preauth data is empty.
2025-05-13 07:50:34,508 [pool-482-thread-1] INFO  server.KdcHandler (KdcHandler.java:handleRecoverableException(177)) - KRB error occurred while processing request: Additional pre-authentication required
2025-05-13 07:50:34,510 [pool-482-thread-1] INFO  request.AsRequest (AsRequest.java:issueTicket(112)) - AS_REQ ISSUE: authtime 1747122634509,om/pkrvmberfyhpb9w.internal.cloudapp.net@EXAMPLE.COM for krbtgt/EXAMPLE.COM@EXAMPLE.COM
2025-05-13 07:50:34,511 [main] INFO  security.UserGroupInformation (UserGroupInformation.java:loginUserFromKeytab(1143)) - Login successful for user om/pkrvmberfyhpb9w.internal.cloudapp.net@EXAMPLE.COM using keytab file om.keytab. Keytab auto renewal enabled : false
2025-05-13 07:50:34,511 [main] INFO  om.OzoneManager (OzoneManager.java:loginOMUser(1308)) - Ozone Manager login successful.
2025-05-13 07:50:34,511 [main] WARN  server.ServerUtils (ServerUtils.java:getDBPath(292)) - ozone.om.db.dirs is not configured. We recommend adding this setting. Falling back to ozone.metadata.dirs instead.
2025-05-13 07:50:34,511 [main] INFO  om.OzoneManager (OzoneManager.java:setReplicationFromConfig(4596)) - Set default replication in OM: RATIS/3 -> RATIS/THREE
2025-05-13 07:50:34,511 [main] INFO  proxy.SCMContainerLocationFailoverProxyProvider (SCMFailoverProxyProviderBase.java:<init>(120)) - Created fail-over proxy for protocol StorageContainerLocationProtocolPB with 1 nodes: [nodeId=scmNodeId,nodeAddress=/0.0.0.0:15077]
2025-05-13 07:50:34,512 [main] INFO  proxy.SCMBlockLocationFailoverProxyProvider (SCMFailoverProxyProviderBase.java:<init>(120)) - Created fail-over proxy for protocol ScmBlockLocationProtocolPB with 1 nodes: [nodeId=scmNodeId,nodeAddress=/0.0.0.0:15079]
2025-05-13 07:50:34,512 [main] INFO  om.OzoneManager (OzoneManager.java:getOmDetailsProto(4941)) - OzoneManager ports added:[name: "RPC"
value: 15083
]
2025-05-13 07:50:34,513 [main] INFO  proxy.SCMSecurityProtocolFailoverProxyProvider (SCMFailoverProxyProviderBase.java:<init>(120)) - Created fail-over proxy for protocol SCMSecurityProtocolPB with 1 nodes: [nodeId=scmNodeId,nodeAddress=/0.0.0.0:15080]
2025-05-13 07:50:34,513 [main] INFO  security.OMCertificateClient (DefaultCertificateClient.java:updateCertSerialId(1289)) - Certificate serial ID set to 9879877970576
2025-05-13 07:50:34,513 [main] WARN  security.OMCertificateClient (DefaultCertificateClient.java:loadAllCertificates(178)) - Certificates could not be loaded.
java.nio.file.NoSuchFileException: /tmp/junit-2179344238963848739/scm-meta/om/certs
	at java.base/sun.nio.fs.UnixException.translateToIOException(UnixException.java:92)
	at java.base/sun.nio.fs.UnixException.asIOException(UnixException.java:115)
	at java.base/sun.nio.fs.UnixFileSystemProvider.newDirectoryStream(UnixFileSystemProvider.java:501)
	at java.base/java.nio.file.Files.newDirectoryStream(Files.java:482)
	at java.base/java.nio.file.Files.list(Files.java:3785)
	at org.apache.hadoop.hdds.security.x509.certificate.client.DefaultCertificateClient.loadAllCertificates(DefaultCertificateClient.java:173)
	at org.apache.hadoop.hdds.security.x509.certificate.client.DefaultCertificateClient.updateCertSerialId(DefaultCertificateClient.java:1290)
	at org.apache.hadoop.hdds.security.x509.certificate.client.DefaultCertificateClient.<init>(DefaultCertificateClient.java:155)
	at org.apache.hadoop.ozone.security.OMCertificateClient.<init>(OMCertificateClient.java:65)
	at org.apache.hadoop.ozone.om.OzoneManager.<init>(OzoneManager.java:646)
	at org.apache.hadoop.ozone.om.OzoneManager.createOm(OzoneManager.java:877)
	at org.apache.hadoop.ozone.TestSecureOzoneCluster.setupOm(TestSecureOzoneCluster.java:716)
	at org.apache.hadoop.ozone.TestSecureOzoneCluster.testDelegationTokenRenewal(TestSecureOzoneCluster.java:640)
	at java.base/jdk.internal.reflect.DirectMethodHandleAccessor.invoke(DirectMethodHandleAccessor.java:103)
	at java.base/java.lang.reflect.Method.invoke(Method.java:580)
	at org.junit.platform.commons.util.ReflectionUtils.invokeMethod(ReflectionUtils.java:775)
	at org.junit.platform.commons.support.ReflectionSupport.invokeMethod(ReflectionSupport.java:479)
	at org.junit.jupiter.engine.execution.MethodInvocation.proceed(MethodInvocation.java:60)
	at org.junit.jupiter.engine.execution.InvocationInterceptorChain$ValidatingInvocation.proceed(InvocationInterceptorChain.java:131)
	at org.junit.jupiter.engine.extension.SameThreadTimeoutInvocation.proceed(SameThreadTimeoutInvocation.java:49)
	at org.junit.jupiter.engine.extension.TimeoutExtension.intercept(TimeoutExtension.java:161)
	at org.junit.jupiter.engine.extension.TimeoutExtension.interceptTestableMethod(TimeoutExtension.java:152)
	at org.junit.jupiter.engine.extension.TimeoutExtension.interceptTestMethod(TimeoutExtension.java:91)
	at org.junit.jupiter.engine.execution.InterceptingExecutableInvoker$ReflectiveInterceptorCall.lambda$ofVoidMethod$0(InterceptingExecutableInvoker.java:112)
	at org.junit.jupiter.engine.execution.InterceptingExecutableInvoker.lambda$invoke$0(InterceptingExecutableInvoker.java:94)
	at org.junit.jupiter.engine.execution.InvocationInterceptorChain$InterceptedInvocation.proceed(InvocationInterceptorChain.java:106)
	at org.junit.jupiter.engine.execution.InvocationInterceptorChain.proceed(InvocationInterceptorChain.java:64)
	at org.junit.jupiter.engine.execution.InvocationInterceptorChain.chainAndInvoke(InvocationInterceptorChain.java:45)
	at org.junit.jupiter.engine.execution.InvocationInterceptorChain.invoke(InvocationInterceptorChain.java:37)
	at org.junit.jupiter.engine.execution.InterceptingExecutableInvoker.invoke(InterceptingExecutableInvoker.java:93)
	at org.junit.jupiter.engine.execution.InterceptingExecutableInvoker.invoke(InterceptingExecutableInvoker.java:87)
	at org.junit.jupiter.engine.descriptor.TestMethodTestDescriptor.lambda$invokeTestMethod$7(TestMethodTestDescriptor.java:216)
	at org.junit.platform.engine.support.hierarchical.ThrowableCollector.execute(ThrowableCollector.java:73)
	at org.junit.jupiter.engine.descriptor.TestMethodTestDescriptor.invokeTestMethod(TestMethodTestDescriptor.java:212)
	at org.junit.jupiter.engine.descriptor.TestMethodTestDescriptor.execute(TestMethodTestDescriptor.java:137)
	at org.junit.jupiter.engine.descriptor.TestMethodTestDescriptor.execute(TestMethodTestDescriptor.java:69)
	at org.junit.platform.engine.support.hierarchical.NodeTestTask.lambda$executeRecursively$6(NodeTestTask.java:156)
	at org.junit.platform.engine.support.hierarchical.ThrowableCollector.execute(ThrowableCollector.java:73)
	at org.junit.platform.engine.support.hierarchical.NodeTestTask.lambda$executeRecursively$8(NodeTestTask.java:146)
	at org.junit.platform.engine.support.hierarchical.Node.around(Node.java:137)
	at org.junit.platform.engine.support.hierarchical.NodeTestTask.lambda$executeRecursively$9(NodeTestTask.java:144)
	at org.junit.platform.engine.support.hierarchical.ThrowableCollector.execute(ThrowableCollector.java:73)
	at org.junit.platform.engine.support.hierarchical.NodeTestTask.executeRecursively(NodeTestTask.java:143)
	at org.junit.platform.engine.support.hierarchical.NodeTestTask.execute(NodeTestTask.java:100)
	at java.base/java.util.ArrayList.forEach(ArrayList.java:1596)
	at org.junit.platform.engine.support.hierarchical.SameThreadHierarchicalTestExecutorService.invokeAll(SameThreadHierarchicalTestExecutorService.java:41)
	at org.junit.platform.engine.support.hierarchical.NodeTestTask.lambda$executeRecursively$6(NodeTestTask.java:160)
	at org.junit.platform.engine.support.hierarchical.ThrowableCollector.execute(ThrowableCollector.java:73)
	at org.junit.platform.engine.support.hierarchical.NodeTestTask.lambda$executeRecursively$8(NodeTestTask.java:146)
	at org.junit.platform.engine.support.hierarchical.Node.around(Node.java:137)
	at org.junit.platform.engine.support.hierarchical.NodeTestTask.lambda$executeRecursively$9(NodeTestTask.java:144)
	at org.junit.platform.engine.support.hierarchical.ThrowableCollector.execute(ThrowableCollector.java:73)
	at org.junit.platform.engine.support.hierarchical.NodeTestTask.executeRecursively(NodeTestTask.java:143)
	at org.junit.platform.engine.support.hierarchical.NodeTestTask.execute(NodeTestTask.java:100)
	at java.base/java.util.ArrayList.forEach(ArrayList.java:1596)
	at org.junit.platform.engine.support.hierarchical.SameThreadHierarchicalTestExecutorService.invokeAll(SameThreadHierarchicalTestExecutorService.java:41)
	at org.junit.platform.engine.support.hierarchical.NodeTestTask.lambda$executeRecursively$6(NodeTestTask.java:160)
	at org.junit.platform.engine.support.hierarchical.ThrowableCollector.execute(ThrowableCollector.java:73)
	at org.junit.platform.engine.support.hierarchical.NodeTestTask.lambda$executeRecursively$8(NodeTestTask.java:146)
	at org.junit.platform.engine.support.hierarchical.Node.around(Node.java:137)
	at org.junit.platform.engine.support.hierarchical.NodeTestTask.lambda$executeRecursively$9(NodeTestTask.java:144)
	at org.junit.platform.engine.support.hierarchical.ThrowableCollector.execute(ThrowableCollector.java:73)
	at org.junit.platform.engine.support.hierarchical.NodeTestTask.executeRecursively(NodeTestTask.java:143)
	at org.junit.platform.engine.support.hierarchical.NodeTestTask.execute(NodeTestTask.java:100)
	at org.junit.platform.engine.support.hierarchical.SameThreadHierarchicalTestExecutorService.submit(SameThreadHierarchicalTestExecutorService.java:35)
	at org.junit.platform.engine.support.hierarchical.HierarchicalTestExecutor.execute(HierarchicalTestExecutor.java:57)
	at org.junit.platform.engine.support.hierarchical.HierarchicalTestEngine.execute(HierarchicalTestEngine.java:54)
	at org.junit.platform.launcher.core.EngineExecutionOrchestrator.execute(EngineExecutionOrchestrator.java:201)
	at org.junit.platform.launcher.core.EngineExecutionOrchestrator.execute(EngineExecutionOrchestrator.java:170)
	at org.junit.platform.launcher.core.EngineExecutionOrchestrator.execute(EngineExecutionOrchestrator.java:94)
	at org.junit.platform.launcher.core.EngineExecutionOrchestrator.lambda$execute$0(EngineExecutionOrchestrator.java:59)
	at org.junit.platform.launcher.core.EngineExecutionOrchestrator.withInterceptedStreams(EngineExecutionOrchestrator.java:142)
	at org.junit.platform.launcher.core.EngineExecutionOrchestrator.execute(EngineExecutionOrchestrator.java:58)
	at org.junit.platform.launcher.core.DefaultLauncher.execute(DefaultLauncher.java:103)
	at org.junit.platform.launcher.core.DefaultLauncher.execute(DefaultLauncher.java:85)
	at org.junit.platform.launcher.core.DelegatingLauncher.execute(DelegatingLauncher.java:47)
	at org.junit.platform.launcher.core.InterceptingLauncher.lambda$execute$1(InterceptingLauncher.java:39)
	at org.junit.platform.launcher.core.ClasspathAlignmentCheckingLauncherInterceptor.intercept(ClasspathAlignmentCheckingLauncherInterceptor.java:25)
	at org.junit.platform.launcher.core.InterceptingLauncher.execute(InterceptingLauncher.java:38)
	at org.junit.platform.launcher.core.DelegatingLauncher.execute(DelegatingLauncher.java:47)
	at org.apache.maven.surefire.junitplatform.LazyLauncher.execute(LazyLauncher.java:56)
	at org.apache.maven.surefire.junitplatform.JUnitPlatformProvider.execute(JUnitPlatformProvider.java:184)
	at org.apache.maven.surefire.junitplatform.JUnitPlatformProvider.invokeAllTests(JUnitPlatformProvider.java:148)
	at org.apache.maven.surefire.junitplatform.JUnitPlatformProvider.invoke(JUnitPlatformProvider.java:120)
	at org.apache.maven.surefire.booter.ForkedBooter.runSuitesInProcess(ForkedBooter.java:385)
	at org.apache.maven.surefire.booter.ForkedBooter.execute(ForkedBooter.java:162)
	at org.apache.maven.surefire.booter.ForkedBooter.run(ForkedBooter.java:507)
	at org.apache.maven.surefire.booter.ForkedBooter.main(ForkedBooter.java:495)
2025-05-13 07:50:34,514 [main] INFO  proxy.SecretKeyProtocolFailoverProxyProvider (SCMFailoverProxyProviderBase.java:<init>(120)) - Created fail-over proxy for protocol SecretKeyProtocolOmPB with 1 nodes: [nodeId=scmNodeId,nodeAddress=/0.0.0.0:15080]
2025-05-13 07:50:34,514 [main] INFO  symmetric.DefaultSecretKeyVerifierClient (DefaultSecretKeyVerifierClient.java:<init>(76)) - Initializing secret key cache with size 16, TTL PT168H
2025-05-13 07:50:34,516 [main] INFO  om.OzoneManager (OzoneManager.java:<init>(670)) - OM start with adminUsers: [om/pkrvmberfyhpb9w.internal.cloudapp.net@EXAMPLE.COM, om]
2025-05-13 07:50:34,517 [main] WARN  server.ServerUtils (ServerUtils.java:getDBPath(292)) - ozone.om.db.dirs is not configured. We recommend adding this setting. Falling back to ozone.metadata.dirs instead.
2025-05-13 07:50:34,676 [main] INFO  om.OzoneManager (OzoneManager.java:instantiateServices(914)) - S3 Multi-Tenancy is disabled
2025-05-13 07:50:34,676 [main] INFO  security.OzoneSecretStore (OzoneSecretStore.java:loadState(70)) - Loaded 0 tokens
2025-05-13 07:50:34,676 [main] INFO  security.OzoneDelegationTokenSecretManager (OzoneDelegationTokenSecretManager.java:loadTokenSecretState(513)) - Loading token state into token manager.
2025-05-13 07:50:34,677 [main] INFO  om.OmSnapshotManager (OmSnapshotManager.java:<init>(187)) - Ozone filesystem snapshot feature is enabled.
2025-05-13 07:50:34,677 [main] WARN  server.ServerUtils (ServerUtils.java:getDBPath(292)) - ozone.om.snapshot.diff.db.dir is not configured. We recommend adding this setting. Falling back to ozone.metadata.dirs instead.
2025-05-13 07:50:34,693 [main] INFO  om.OzoneManager (OzoneManager.java:addS3GVolumeToDB(4654)) - Created Volume s3v With Owner om required for S3Gateway operations.
2025-05-13 07:50:34,693 [main] WARN  server.ServerUtils (ServerUtils.java:getDefaultRatisDirectory(304)) - Storage directory for Ratis is not configured. It is a good idea to map this to an SSD disk. Falling back to ozone.metadata.dirs
2025-05-13 07:50:34,693 [main] WARN  utils.OzoneManagerRatisUtils (OzoneManagerRatisUtils.java:getOMRatisSnapshotDirectory(488)) - ozone.om.ratis.snapshot.dir is not configured. Falling back to ozone.metadata.dirs config
2025-05-13 07:50:34,693 [main] WARN  dropwizard3.Dm3MetricRegistriesImpl (Dm3MetricRegistriesImpl.java:addReporterRegistration(114)) - New reporters are added after registries were created. Some metrics will be missing from the reporter. Please add reporter before adding any new registry.
2025-05-13 07:50:34,693 [main] WARN  dropwizard3.Dm3MetricRegistriesImpl (Dm3MetricRegistriesImpl.java:addReporterRegistration(114)) - New reporters are added after registries were created. Some metrics will be missing from the reporter. Please add reporter before adding any new registry.
2025-05-13 07:50:34,694 [main] WARN  server.ServerUtils (ServerUtils.java:getDefaultRatisDirectory(304)) - Storage directory for Ratis is not configured. It is a good idea to map this to an SSD disk. Falling back to ozone.metadata.dirs
2025-05-13 07:50:34,694 [main] INFO  server.RaftServerConfigKeys (ConfUtils.java:logGet(46)) - raft.server.log.appender.buffer.byte-limit = 4194304 (custom)
2025-05-13 07:50:34,695 [main] INFO  ratis.OzoneManagerRatisServer (OzoneManagerRatisServer.java:<init>(167)) - Instantiating OM Ratis server with groupID: omServiceIdDefault and peers: pkrvmberfyhpb9w.internal.cloudapp.net:9872
2025-05-13 07:50:34,695 [main] INFO  ratis.OzoneManagerStateMachine (OzoneManagerStateMachine.java:loadSnapshotInfoFromDB(618)) - TransactionInfo not found in OM DB.
2025-05-13 07:50:34,696 [main] INFO  server.RaftServer (ConfUtils.java:logGet(46)) - raft.rpc.type = GRPC (default)
2025-05-13 07:50:34,696 [main] INFO  grpc.GrpcConfigKeys (ConfUtils.java:logFallback(53)) - raft.grpc.admin.host = null (fallback to raft.grpc.server.host)
2025-05-13 07:50:34,696 [main] INFO  grpc.GrpcConfigKeys (ConfUtils.java:logFallback(53)) - raft.grpc.admin.port = 9872 (fallback to raft.grpc.server.port)
2025-05-13 07:50:34,696 [main] INFO  grpc.GrpcConfigKeys (ConfUtils.java:logFallback(53)) - raft.grpc.client.host = null (fallback to raft.grpc.server.host)
2025-05-13 07:50:34,696 [main] INFO  grpc.GrpcConfigKeys (ConfUtils.java:logFallback(53)) - raft.grpc.client.port = 9872 (fallback to raft.grpc.server.port)
2025-05-13 07:50:34,696 [main] INFO  grpc.GrpcConfigKeys (ConfUtils.java:logGet(46)) - raft.grpc.server.host = null (default)
2025-05-13 07:50:34,696 [main] INFO  grpc.GrpcConfigKeys (ConfUtils.java:logGet(46)) - raft.grpc.server.port = 9872 (custom)
2025-05-13 07:50:34,696 [main] INFO  server.GrpcService (ConfUtils.java:logGet(46)) - raft.grpc.message.size.max = 5242880 (custom)
2025-05-13 07:50:34,696 [main] INFO  server.GrpcService (ConfUtils.java:logGet(46)) - raft.grpc.flow.control.window = 1MB (=1048576) (default)
2025-05-13 07:50:34,696 [main] INFO  server.RaftServerConfigKeys (ConfUtils.java:logGet(46)) - raft.server.rpc.request.timeout = 3000ms (default)
2025-05-13 07:50:34,696 [main] INFO  grpc.GrpcConfigKeys (ConfUtils.java:logGet(46)) - raft.grpc.server.heartbeat.channel = true (default)
2025-05-13 07:50:34,697 [main] INFO  server.RaftServerConfigKeys (ConfUtils.java:logGet(46)) - raft.server.log.appender.buffer.byte-limit = 4194304 (custom)
2025-05-13 07:50:34,697 [main] INFO  grpc.GrpcConfigKeys (ConfUtils.java:logGet(46)) - raft.grpc.server.async.request.thread.pool.cached = true (default)
2025-05-13 07:50:34,697 [main] INFO  grpc.GrpcConfigKeys (ConfUtils.java:logGet(46)) - raft.grpc.server.async.request.thread.pool.size = 32 (default)
2025-05-13 07:50:34,698 [main] INFO  impl.DataStreamServerImpl (ConfUtils.java:logGet(46)) - raft.datastream.type = DISABLED (default)
2025-05-13 07:50:34,698 [main] INFO  server.RaftServerConfigKeys (ConfUtils.java:logGet(46)) - raft.server.sleep.deviation.threshold = 300ms (default)
2025-05-13 07:50:34,698 [main] INFO  server.RaftServerConfigKeys (ConfUtils.java:logGet(46)) - raft.server.close.threshold = 60s (default)
2025-05-13 07:50:34,698 [main] INFO  server.RaftServerConfigKeys (ConfUtils.java:logGet(46)) - raft.server.leaderelection.leader.step-down.wait-time = 10s (default)
2025-05-13 07:50:34,698 [main] INFO  server.RaftServerConfigKeys (ConfUtils.java:logGet(46)) - raft.server.storage.dir = [/tmp/junit-2179344238963848739/scm-meta/ratis] (custom)
2025-05-13 07:50:34,698 [main] INFO  server.RaftServerConfigKeys (ConfUtils.java:logGet(46)) - raft.server.threadpool.proxy.cached = true (default)
2025-05-13 07:50:34,698 [main] INFO  server.RaftServerConfigKeys (ConfUtils.java:logGet(46)) - raft.server.threadpool.proxy.size = 0 (default)
2025-05-13 07:50:34,699 [main] INFO  server.RaftServer (RaftServerProxy.java:addNew(100)) - om1: addNew group-C5BA1605619E:[om1|pkrvmberfyhpb9w.internal.cloudapp.net:9872] returns group-C5BA1605619E:java.util.concurrent.CompletableFuture@356b73ad[Not completed]
2025-05-13 07:50:34,699 [om1-groupManagement] INFO  server.RaftServer$Division (RaftServerImpl.java:<init>(255)) - om1: new RaftServerImpl for group-C5BA1605619E:[om1|pkrvmberfyhpb9w.internal.cloudapp.net:9872] with OzoneManagerStateMachine:uninitialized
2025-05-13 07:50:34,699 [main] INFO  om.OzoneManager (OzoneManager.java:initializeRatisServer(2284)) - OzoneManager Ratis server initialized at port 9872
2025-05-13 07:50:34,699 [om1-groupManagement] INFO  server.RaftServerConfigKeys (ConfUtils.java:logGet(46)) - raft.server.rpc.timeout.min = 5s (custom)
2025-05-13 07:50:34,699 [main] INFO  om.OzoneManager (ConfUtils.java:logGet(46)) - raft.server.rpc.timeout.max = 5200ms (custom)
2025-05-13 07:50:34,699 [om1-groupManagement] INFO  server.RaftServerConfigKeys (ConfUtils.java:logGet(46)) - raft.server.rpc.sleep.time = 25ms (default)
2025-05-13 07:50:34,699 [om1-groupManagement] INFO  server.RaftServerConfigKeys (OzoneManager.java:getRpcServer(1340)) - Creating RPC Server
ConfUtils.java:logGet(46)) - raft.server.rpc.slowness.timeout = 120s (custom)
2025-05-13 07:50:34,699 [main] INFO  om.OzoneManager (OzoneManager.java:getRpcServer(1340)) - Creating RPC Server
2025-05-13 07:50:34,699 [om1-groupManagement] INFO  server.RaftServerConfigKeys (ConfUtils.java:logGet(46)) - raft.server.leaderelection.leader.step-down.wait-time = 10s (default)
2025-05-13 07:50:34,699 [om1-groupManagement] INFO  server.RaftServerConfigKeys (ConfUtils.java:logGet(46)) - raft.server.leaderelection.member.majority-add = false (default)
2025-05-13 07:50:34,699 [om1-groupManagement] INFO  server.RaftServerConfigKeys (ConfUtils.java:logGet(46)) - raft.server.sleep.deviation.threshold = 300ms (default)
2025-05-13 07:50:34,699 [om1-groupManagement] INFO  server.RaftServer$Division (ServerState.java:<init>(114)) - om1@group-C5BA1605619E: ConfigurationManager, init=conf: {index: -1, cur=peers:[om1|pkrvmberfyhpb9w.internal.cloudapp.net:9872]|listeners:[], old=null}, confs=<EMPTY_MAP>
2025-05-13 07:50:34,699 [om1-groupManagement] INFO  server.RaftServerConfigKeys (ConfUtils.java:logGet(46)) - raft.server.notification.no-leader.timeout = 120s (custom)
2025-05-13 07:50:34,699 [om1-groupManagement] INFO  server.RaftServerConfigKeys (ConfUtils.java:logGet(46)) - raft.server.read.timeout = 10s (default)
2025-05-13 07:50:34,699 [om1-groupManagement] INFO  server.RaftServerConfigKeys (ConfUtils.java:logGet(46)) - raft.server.retrycache.expirytime = 300s (custom)
2025-05-13 07:50:34,699 [om1-groupManagement] INFO  server.RaftServerConfigKeys (ConfUtils.java:logGet(46)) - raft.server.retrycache.statistics.expirytime = 100ms (default)
2025-05-13 07:50:34,699 [om1-groupManagement] INFO  server.RaftServerConfigKeys (ConfUtils.java:logGet(46)) - raft.server.read.option = DEFAULT (default)
2025-05-13 07:50:34,699 [om1-groupManagement] INFO  server.RaftServerConfigKeys (ConfUtils.java:logGet(46)) - raft.server.read.read-after-write-consistent.write-index-cache.expiry-time = 60s (default)
2025-05-13 07:50:34,700 [om1-groupManagement] INFO  server.RaftServerConfigKeys (ConfUtils.java:logGet(46)) - raft.server.rpc.request.timeout = 3000ms (default)
2025-05-13 07:50:34,700 [om1-groupManagement] INFO  server.RaftServerConfigKeys (ConfUtils.java:logGet(46)) - raft.server.log.appender.install.snapshot.enabled = false (custom)
2025-05-13 07:50:34,700 [om1-groupManagement] INFO  server.RaftServerConfigKeys (ConfUtils.java:logGet(46)) - raft.server.threadpool.server.cached = true (default)
2025-05-13 07:50:34,700 [om1-groupManagement] INFO  server.RaftServerConfigKeys (ConfUtils.java:logGet(46)) - raft.server.threadpool.server.size = 0 (default)
2025-05-13 07:50:34,700 [om1-groupManagement] INFO  server.RaftServerConfigKeys (ConfUtils.java:logGet(46)) - raft.server.threadpool.client.cached = true (default)
2025-05-13 07:50:34,700 [om1-groupManagement] INFO  server.RaftServerConfigKeys (ConfUtils.java:logGet(46)) - raft.server.threadpool.client.size = 0 (default)
2025-05-13 07:50:35,074 [main] INFO  reflections.Reflections (Reflections.java:scan(219)) - Reflections took 375 ms to scan 24 urls, producing 60 keys and 7515 values
2025-05-13 07:50:35,076 [main] INFO  ipc.CallQueueManager (CallQueueManager.java:<init>(93)) - Using callQueue: class java.util.concurrent.LinkedBlockingQueue, queueCapacity: 2000, scheduler: class org.apache.hadoop.ipc.DefaultRpcScheduler, ipcBackoff: false, ipcFailOver: false.
2025-05-13 07:50:35,076 [main] INFO  server.StorageContainerManager (StorageContainerManager.java:stop(1608)) - Container Balancer is not running.
2025-05-13 07:50:35,076 [main] INFO  server.StorageContainerManager (StorageContainerManager.java:stopReplicationManager(1742)) - Stopping Replication Manager Service.
2025-05-13 07:50:35,076 [main] INFO  replication.ReplicationManager (ReplicationManager.java:stop(316)) - Stopping Replication Monitor Thread.
2025-05-13 07:50:35,076 [main] INFO  server.StorageContainerManager (StorageContainerManager.java:stop(1617)) - Stopping the Datanode Admin Monitor.
2025-05-13 07:50:35,077 [main] INFO  server.StorageContainerManager (StorageContainerManager.java:stop(1624)) - Stopping datanode service RPC server
2025-05-13 07:50:35,077 [main] INFO  server.SCMDatanodeProtocolServer (SCMDatanodeProtocolServer.java:stop(447)) - Stopping the RPC server for DataNodes
2025-05-13 07:50:35,077 [main] INFO  ipc.Server (Server.java:stop(3697)) - Stopping server on 15078
2025-05-13 07:50:35,077 [ReplicationMonitor] INFO  replication.ReplicationManager (ReplicationManager.java:run(936)) - Replication Monitor Thread is stopped
2025-05-13 07:50:35,077 [OverReplicatedProcessor] WARN  replication.UnhealthyReplicationProcessor (UnhealthyReplicationProcessor.java:run(178)) - OverReplicatedProcessor interrupted. Exiting...
2025-05-13 07:50:35,078 [UnderReplicatedProcessor] WARN  replication.UnhealthyReplicationProcessor (UnhealthyReplicationProcessor.java:run(178)) - UnderReplicatedProcessor interrupted. Exiting...
2025-05-13 07:50:35,131 [SCMHeartbeatProcessor-0] WARN  node.NodeStateManager (NodeStateManager.java:scheduleNextHealthCheck(909)) - Current Thread is interrupted, shutting down HB processing thread for Node Manager.
2025-05-13 07:50:35,131 [main] INFO  server.StorageContainerManager (StorageContainerManager.java:stop(1632)) - Stopping block service RPC server
2025-05-13 07:50:35,131 [main] INFO  server.SCMBlockProtocolServer (SCMBlockProtocolServer.java:stop(175)) - Stopping the RPC server for Block Protocol
2025-05-13 07:50:35,131 [main] INFO  ipc.Server (Server.java:stop(3697)) - Stopping server on 15079
2025-05-13 07:50:35,134 [IPC Server listener on 15079] INFO  ipc.Server (Server.java:run(1585)) - Stopping IPC Server listener on 15079
2025-05-13 07:50:35,134 [IPC Server Responder] INFO  ipc.Server (Server.java:run(1718)) - Stopping IPC Server Responder
2025-05-13 07:50:35,134 [main] INFO  server.StorageContainerManager (StorageContainerManager.java:stop(1639)) - Stopping the StorageContainerLocationProtocol RPC server
2025-05-13 07:50:35,134 [main] INFO  server.SCMClientProtocolServer (SCMClientProtocolServer.java:stop(216)) - Stopping the RPC server for Client Protocol
2025-05-13 07:50:35,134 [main] INFO  ipc.Server (Server.java:stop(3697)) - Stopping server on 15077
2025-05-13 07:50:35,136 [IPC Server listener on 15077] INFO  ipc.Server (Server.java:run(1585)) - Stopping IPC Server listener on 15077
2025-05-13 07:50:35,137 [main] INFO  server.StorageContainerManager (StorageContainerManager.java:stop(1646)) - Stopping Storage Container Manager HTTP server.
2025-05-13 07:50:35,137 [IPC Server Responder] INFO  ipc.Server (Server.java:run(1718)) - Stopping IPC Server Responder
2025-05-13 07:50:35,137 [main] INFO  handler.ContextHandler (ContextHandler.java:doStop(1159)) - Stopped o.e.j.w.WebAppContext@3f65f898{scm,/,null,STOPPED}{file:/home/runner/work/ozone/ozone/hadoop-ozone/integration-test/target/test-classes/webapps/scm}
2025-05-13 07:50:35,138 [main] INFO  server.AbstractConnector (AbstractConnector.java:doStop(383)) - Stopped ServerConnector@419f94d{HTTP/1.1, (http/1.1)}{0.0.0.0:9876}
2025-05-13 07:50:35,138 [main] INFO  server.session (HouseKeeper.java:stopScavenging(149)) - node0 Stopped scavenging
2025-05-13 07:50:35,138 [main] INFO  handler.ContextHandler (ContextHandler.java:doStop(1159)) - Stopped o.e.j.s.ServletContextHandler@34eabd4c{static,/static,file:///home/runner/work/ozone/ozone/hadoop-ozone/integration-test/target/test-classes/webapps/static,STOPPED}
2025-05-13 07:50:35,139 [main] INFO  handler.ContextHandler (ContextHandler.java:doStop(1159)) - Stopped o.e.j.s.ServletContextHandler@5d96a45a{logs,/logs,file:///home/runner/work/ozone/ozone/hadoop-ozone/integration-test/target/log,STOPPED}
2025-05-13 07:50:35,140 [main] INFO  server.StorageContainerManager (StorageContainerManager.java:stop(1654)) - Stopping SCM LayoutVersionManager Service.
2025-05-13 07:50:35,140 [main] INFO  server.SCMSecurityProtocolServer (SCMSecurityProtocolServer.java:stop(510)) - Stopping the SCMSecurityProtocolServer.
2025-05-13 07:50:35,140 [main] INFO  ipc.Server (Server.java:stop(3697)) - Stopping server on 15080
2025-05-13 07:50:35,141 [IPC Server listener on 15080] INFO  ipc.Server (Server.java:run(1585)) - Stopping IPC Server listener on 15080
2025-05-13 07:50:35,141 [IPC Server Responder] INFO  ipc.Server (Server.java:run(1718)) - Stopping IPC Server Responder
2025-05-13 07:50:35,141 [main] INFO  server.StorageContainerManager (StorageContainerManager.java:stop(1666)) - Stopping Block Manager Service.
2025-05-13 07:50:35,141 [main] INFO  utils.BackgroundService (BackgroundService.java:shutdown(160)) - Shutting down service SCMBlockDeletingService
2025-05-13 07:50:35,142 [main] INFO  utils.BackgroundService (BackgroundService.java:shutdown(160)) - Shutting down service SCMBlockDeletingService
2025-05-13 07:50:35,142 [main] INFO  server.StorageContainerManager (StorageContainerManager.java:stop(1691)) - Stopping SCM Event Queue.
2025-05-13 07:50:35,143 [main] INFO  server.StorageContainerManager (StorageContainerManager.java:stop(1698)) - Stopping SCM HA services.
2025-05-13 07:50:35,143 [main] INFO  ha.SCMRatisServerImpl (SCMRatisServerImpl.java:stop(266)) - stopping ratis server 0.0.0.0:15081
2025-05-13 07:50:35,143 [main] INFO  server.RaftServer (RaftServerProxy.java:lambda$close$9(417)) - 66a2491f-8986-4faf-bc8e-5e007f748792: close
2025-05-13 07:50:35,143 [main] INFO  server.GrpcService (GrpcService.java:closeImpl(343)) - 66a2491f-8986-4faf-bc8e-5e007f748792: shutdown server GrpcServerProtocolService now
2025-05-13 07:50:35,143 [66a2491f-8986-4faf-bc8e-5e007f748792-impl-thread1] INFO  server.RaftServer$Division (RaftServerImpl.java:lambda$close$1(513)) - 66a2491f-8986-4faf-bc8e-5e007f748792@group-130748EB3D6C: shutdown
2025-05-13 07:50:35,143 [66a2491f-8986-4faf-bc8e-5e007f748792-impl-thread1] INFO  util.JmxRegister (JmxRegister.java:unregister(74)) - Successfully un-registered JMX Bean with object name Ratis:service=RaftServer,group=group-130748EB3D6C,id=66a2491f-8986-4faf-bc8e-5e007f748792
2025-05-13 07:50:35,143 [66a2491f-8986-4faf-bc8e-5e007f748792-impl-thread1] INFO  impl.RoleInfo (RoleInfo.java:shutdownFollowerState(121)) - 66a2491f-8986-4faf-bc8e-5e007f748792: shutdown 66a2491f-8986-4faf-bc8e-5e007f748792@group-130748EB3D6C-FollowerState
2025-05-13 07:50:35,143 [66a2491f-8986-4faf-bc8e-5e007f748792-impl-thread1] INFO  impl.StateMachineUpdater (StateMachineUpdater.java:stopAndJoin(164)) - 66a2491f-8986-4faf-bc8e-5e007f748792@group-130748EB3D6C-StateMachineUpdater: set stopIndex = -1
2025-05-13 07:50:35,143 [66a2491f-8986-4faf-bc8e-5e007f748792@group-130748EB3D6C-FollowerState] INFO  impl.FollowerState (FollowerState.java:runImpl(170)) - 66a2491f-8986-4faf-bc8e-5e007f748792@group-130748EB3D6C-FollowerState was interrupted
2025-05-13 07:50:35,144 [66a2491f-8986-4faf-bc8e-5e007f748792@group-130748EB3D6C-StateMachineUpdater] INFO  impl.StateMachineUpdater (StateMachineUpdater.java:stop(141)) - 66a2491f-8986-4faf-bc8e-5e007f748792@group-130748EB3D6C-StateMachineUpdater: closing SCMStateMachine, lastApplied=(t:0, i:~)
2025-05-13 07:50:35,144 [66a2491f-8986-4faf-bc8e-5e007f748792@group-130748EB3D6C-cacheEviction-AwaitToRun] INFO  util.AwaitToRun (AwaitToRun.java:run(49)) - 66a2491f-8986-4faf-bc8e-5e007f748792@group-130748EB3D6C-cacheEviction-AwaitToRun-AwaitForSignal is interrupted
2025-05-13 07:50:35,149 [main] INFO  server.GrpcService (GrpcService.java:closeImpl(352)) - 66a2491f-8986-4faf-bc8e-5e007f748792: shutdown server GrpcServerProtocolService successfully
2025-05-13 07:50:35,367 [66a2491f-8986-4faf-bc8e-5e007f748792-impl-thread1] INFO  segmented.SegmentedRaftLogWorker (SegmentedRaftLogWorker.java:close(252)) - 66a2491f-8986-4faf-bc8e-5e007f748792@group-130748EB3D6C-SegmentedRaftLogWorker close()
2025-05-13 07:50:35,368 [JvmPauseMonitor17] INFO  util.JvmPauseMonitor (JvmPauseMonitor.java:run(152)) - JvmPauseMonitor-66a2491f-8986-4faf-bc8e-5e007f748792: Stopped
2025-05-13 07:50:35,368 [main] INFO  SCMHATransactionMonitor (BackgroundSCMService.java:stop(127)) - Stopping SCMHATransactionMonitor Service.
2025-05-13 07:50:35,368 [SCMHATransactionMonitor] WARN  SCMHATransactionMonitor (BackgroundSCMService.java:run(111)) - SCMHATransactionMonitor is interrupted, exit
2025-05-13 07:50:35,368 [main] INFO  pipeline.BackgroundPipelineCreator (BackgroundPipelineCreator.java:stop(154)) - Stopping RatisPipelineUtilsThread.
2025-05-13 07:50:35,368 [RatisPipelineUtilsThread-0] WARN  pipeline.BackgroundPipelineCreator (BackgroundPipelineCreator.java:run(185)) - RatisPipelineUtilsThread is interrupted.
2025-05-13 07:50:35,369 [main] INFO  BackgroundPipelineScrubber (BackgroundSCMService.java:stop(127)) - Stopping BackgroundPipelineScrubber Service.
2025-05-13 07:50:35,369 [main] INFO  impl.MetricsSystemImpl (MetricsSystemImpl.java:stop(210)) - Stopping StorageContainerManager metrics system...
2025-05-13 07:50:35,369 [BackgroundPipelineScrubber] WARN  BackgroundPipelineScrubber (BackgroundSCMService.java:run(111)) - BackgroundPipelineScrubber is interrupted, exit
2025-05-13 07:50:35,370 [prometheus] INFO  impl.MetricsSinkAdapter (MetricsSinkAdapter.java:publishMetricsFromQueue(141)) - prometheus thread interrupted.
2025-05-13 07:50:35,370 [main] INFO  impl.MetricsSystemImpl (MetricsSystemImpl.java:stop(216)) - StorageContainerManager metrics system stopped.
2025-05-13 07:50:35,370 [main] WARN  pipeline.BackgroundPipelineCreator (BackgroundPipelineCreator.java:stop(150)) - RatisPipelineUtilsThread is not running, just ignore.
2025-05-13 07:50:35,370 [main] INFO  BackgroundPipelineScrubber (BackgroundSCMService.java:stop(122)) - BackgroundPipelineScrubber Service is not running, skip stop.
2025-05-13 07:50:35,370 [main] INFO  ExpiredContainerReplicaOpScrubber (BackgroundSCMService.java:stop(127)) - Stopping ExpiredContainerReplicaOpScrubber Service.
2025-05-13 07:50:35,370 [main] INFO  utils.BackgroundService (BackgroundService.java:shutdown(160)) - Shutting down service SCMBlockDeletingService
2025-05-13 07:50:35,370 [ExpiredContainerReplicaOpScrubber] WARN  ExpiredContainerReplicaOpScrubber (BackgroundSCMService.java:run(111)) - ExpiredContainerReplicaOpScrubber is interrupted, exit
2025-05-13 07:50:35,371 [main] INFO  replication.ReplicationManager (ReplicationManager.java:stop(323)) - Replication Monitor Thread is not running.
2025-05-13 07:50:35,371 [main] WARN  balancer.ContainerBalancer (ContainerBalancer.java:stop(350)) - Cannot stop Container Balancer because it's not running or stopping
2025-05-13 07:50:35,371 [main] INFO  SCMHATransactionMonitor (BackgroundSCMService.java:stop(122)) - SCMHATransactionMonitor Service is not running, skip stop.
2025-05-13 07:50:35,371 [LeaseManager#LeaseMonitor] WARN  lease.LeaseManager (LeaseManager.java:run(285)) - Lease manager is interrupted. Shutting down...
java.lang.InterruptedException
	at java.base/java.util.concurrent.locks.AbstractQueuedSynchronizer.tryAcquireSharedNanos(AbstractQueuedSynchronizer.java:1133)
	at java.base/java.util.concurrent.Semaphore.tryAcquire(Semaphore.java:415)
	at org.apache.hadoop.ozone.lease.LeaseManager$LeaseMonitor.run(LeaseManager.java:283)
	at java.base/java.lang.Thread.run(Thread.java:1583)
2025-05-13 07:50:35,371 [66a2491f-8986-4faf-bc8e-5e007f748792-scm/sub-ca-refreshCACertificates] ERROR util.ExitUtils (ExitUtils.java:terminate(133)) - Terminating with exit status -1: Thread[#3666,66a2491f-8986-4faf-bc8e-5e007f748792-scm/sub-ca-refreshCACertificates,5,main] has thrown an uncaught exception
java.lang.reflect.UndeclaredThrowableException
	at jdk.proxy2/jdk.proxy2.$Proxy45.submitRequest(Unknown Source)
	at org.apache.hadoop.hdds.protocolPB.SCMSecurityProtocolClientSideTranslatorPB.submitRequest(SCMSecurityProtocolClientSideTranslatorPB.java:93)
	at org.apache.hadoop.hdds.protocolPB.SCMSecurityProtocolClientSideTranslatorPB.getAllRootCaCertificates(SCMSecurityProtocolClientSideTranslatorPB.java:382)
	at org.apache.hadoop.hdds.security.x509.certificate.client.SCMCertificateClient$RefreshCACertificates.run(SCMCertificateClient.java:238)
	at java.base/java.util.concurrent.ThreadPoolExecutor.runWorker(ThreadPoolExecutor.java:1144)
	at java.base/java.util.concurrent.ThreadPoolExecutor$Worker.run(ThreadPoolExecutor.java:642)
	at java.base/java.lang.Thread.run(Thread.java:1583)
Caused by: java.io.InterruptedIOException: Retry interrupted
	at org.apache.hadoop.io.retry.RetryInvocationHandler$Call.processWaitTimeAndRetryInfo(RetryInvocationHandler.java:141)
	at org.apache.hadoop.io.retry.RetryInvocationHandler$Call.invokeOnce(RetryInvocationHandler.java:112)
	at org.apache.hadoop.io.retry.RetryInvocationHandler.invoke(RetryInvocationHandler.java:366)
	... 7 more
Caused by: java.lang.InterruptedException: sleep interrupted
	at java.base/java.lang.Thread.sleep0(Native Method)
	at java.base/java.lang.Thread.sleep(Thread.java:509)
	at org.apache.hadoop.io.retry.RetryInvocationHandler$Call.processWaitTimeAndRetryInfo(RetryInvocationHandler.java:135)
	... 9 more
2025-05-13 07:50:35,371 [main] INFO  server.StorageContainerManager (StorageContainerManager.java:stop(1733)) - Stopping SCM MetadataStore.
2025-05-13 07:50:35,372 [main] INFO  impl.DefaultInternalKdcServerImpl (DefaultInternalKdcServerImpl.java:doStop(102)) - Default Internal kdc server stopped.
2025-05-13 07:50:35,624 [om1-om-CertificateRenewerService] INFO  retry.RetryInvocationHandler (RetryInvocationHandler.java:log(426)) - com.google.protobuf.ServiceException: java.net.ConnectException: Call From pkrvmberfyhpb9w/10.1.0.36 to localhost:15024 failed on connection exception: java.net.ConnectException: Connection refused; For more details see:  http://wiki.apache.org/hadoop/ConnectionRefused, while invoking $Proxy45.submitRequest over nodeId=scmNodeId,nodeAddress=localhost/127.0.0.1:15024 after 214 failover attempts. Trying to failover after sleeping for 2000ms. Current retry count: 214.
2025-05-13 07:50:36,373 [main] INFO  minikdc.MiniKdc (MiniKdc.java:stop(359)) - MiniKdc stopped.
2025-05-13 07:50:36,373 [main] INFO  server.StorageContainerManager (StorageContainerManager.java:stop(1597)) - Storage Container Manager is not running.
2025-05-13 07:50:36,373 [main] INFO  server.StorageContainerManager (StorageContainerManager.java:stopReplicationManager(1742)) - Stopping Replication Manager Service.
2025-05-13 07:50:36,373 [main] INFO  replication.ReplicationManager (ReplicationManager.java:stop(323)) - Replication Monitor Thread is not running.
2025-05-13 07:50:36,373 [main] INFO  server.SCMSecurityProtocolServer (SCMSecurityProtocolServer.java:join(519)) - Join RPC server for SCMSecurityProtocolServer.
2025-05-13 07:50:36,373 [main] INFO  server.SCMSecurityProtocolServer (SCMSecurityProtocolServer.java:join(521)) - Join gRPC server for SCMSecurityProtocolServer.
]]></system-out>
  </testcase>
  <testcase name="testSecureScmStartupFailure" classname="org.apache.hadoop.ozone.TestSecureOzoneCluster" time="7.393">
    <system-out><![CDATA[2025-05-13 07:50:36,394 [main] INFO  minikdc.MiniKdc (MiniKdc.java:<init>(225)) - Configuration:
2025-05-13 07:50:36,394 [main] INFO  minikdc.MiniKdc (MiniKdc.java:<init>(226)) - ---------------------------------------------------------------
2025-05-13 07:50:36,394 [main] INFO  minikdc.MiniKdc (MiniKdc.java:<init>(228)) -   max.renewable.lifetime: 604800000
2025-05-13 07:50:36,394 [main] INFO  minikdc.MiniKdc (MiniKdc.java:<init>(228)) -   instance: DefaultKrbServer
2025-05-13 07:50:36,394 [main] INFO  minikdc.MiniKdc (MiniKdc.java:<init>(228)) -   debug: false
2025-05-13 07:50:36,394 [main] INFO  minikdc.MiniKdc (MiniKdc.java:<init>(228)) -   kdc.bind.address: localhost
2025-05-13 07:50:36,394 [main] INFO  minikdc.MiniKdc (MiniKdc.java:<init>(228)) -   max.ticket.lifetime: 86400000
2025-05-13 07:50:36,394 [main] INFO  minikdc.MiniKdc (MiniKdc.java:<init>(228)) -   transport: TCP
2025-05-13 07:50:36,394 [main] INFO  minikdc.MiniKdc (MiniKdc.java:<init>(228)) -   org.name: EXAMPLE
2025-05-13 07:50:36,394 [main] INFO  minikdc.MiniKdc (MiniKdc.java:<init>(228)) -   org.domain: COM
2025-05-13 07:50:36,395 [main] INFO  minikdc.MiniKdc (MiniKdc.java:<init>(228)) -   kdc.port: 0
2025-05-13 07:50:36,395 [main] INFO  minikdc.MiniKdc (MiniKdc.java:<init>(230)) - ---------------------------------------------------------------
2025-05-13 07:50:36,396 [main] INFO  minikdc.MiniKdc (MiniKdc.java:start(285)) - MiniKdc started.
2025-05-13 07:50:36,488 [main] INFO  keys.KeyStorage (KeyStorage.java:storePublicKey(210)) - Storing public key to /tmp/junit-10141754546995174365/om-meta/om/keys/public.pem.
2025-05-13 07:50:36,488 [main] INFO  keys.KeyStorage (KeyStorage.java:storePrivateKey(194)) - Storing private key to /tmp/junit-10141754546995174365/om-meta/om/keys/private.pem.
2025-05-13 07:50:36,488 [main] INFO  om.OzoneManager (OzoneManager.java:getOmDetailsProto(4941)) - OzoneManager ports added:[name: "RPC"
value: 15090
]
2025-05-13 07:50:36,489 [main] WARN  server.ServerUtils (ServerUtils.java:getScmDbDir(138)) - ozone.scm.db.dirs is not configured. We recommend adding this setting. Falling back to ozone.metadata.dirs instead.
2025-05-13 07:50:36,489 [main] INFO  ha.HASecurityUtils (HASecurityUtils.java:initializeSecurity(79)) - Initializing secure StorageContainerManager.
2025-05-13 07:50:36,490 [main] INFO  proxy.SCMSecurityProtocolFailoverProxyProvider (SCMFailoverProxyProviderBase.java:<init>(120)) - Created fail-over proxy for protocol SCMSecurityProtocolPB with 1 nodes: [nodeId=scmNodeId,nodeAddress=localhost/127.0.0.1:15087]
2025-05-13 07:50:36,490 [main] INFO  client.SCMCertificateClient (DefaultCertificateClient.java:updateCertSerialId(1289)) - Certificate serial ID set to null
2025-05-13 07:50:36,490 [main] ERROR client.SCMCertificateClient (DefaultCertificateClient.java:getCertPath(373)) - Default certificate serial id is not set. Can't locate the default certificate for this client.
2025-05-13 07:50:36,490 [main] INFO  client.SCMCertificateClient (DefaultCertificateClient.java:init(717)) - Certificate client init case: 0
2025-05-13 07:50:36,490 [main] INFO  client.SCMCertificateClient (DefaultCertificateClient.java:handleCase(735)) - Creating keypair for client as keypair and certificate not found.
2025-05-13 07:50:36,604 [main] INFO  keys.KeyStorage (KeyStorage.java:storePublicKey(210)) - Storing public key to /tmp/junit-10141754546995174365/scm-meta/scm/sub-ca/keys/public.pem.
2025-05-13 07:50:36,604 [main] INFO  keys.KeyStorage (KeyStorage.java:storePrivateKey(194)) - Storing private key to /tmp/junit-10141754546995174365/scm-meta/scm/sub-ca/keys/private.pem.
2025-05-13 07:50:36,604 [main] INFO  client.SCMCertificateClient (SCMCertificateClient.java:recoverStateIfNeeded(278)) - Init response: GETCERT
2025-05-13 07:50:36,605 [main] INFO  keys.KeyStorage (KeyStorage.java:readPublicKey(174)) - Reading public key from /tmp/junit-10141754546995174365/scm-meta/scm/ca/keys/public.pem.
2025-05-13 07:50:36,605 [main] ERROR keys.KeyStorage (KeyStorage.java:readPublicKey(178)) - Failed to read the public key.
java.nio.file.NoSuchFileException: /tmp/junit-10141754546995174365/scm-meta/scm/ca/keys/public.pem
	at java.base/sun.nio.fs.UnixException.translateToIOException(UnixException.java:92)
	at java.base/sun.nio.fs.UnixException.rethrowAsIOException(UnixException.java:106)
	at java.base/sun.nio.fs.UnixException.rethrowAsIOException(UnixException.java:111)
	at java.base/sun.nio.fs.UnixFileSystemProvider.newByteChannel(UnixFileSystemProvider.java:261)
	at java.base/java.nio.file.Files.newByteChannel(Files.java:380)
	at java.base/java.nio.file.Files.newByteChannel(Files.java:432)
	at java.base/java.nio.file.Files.readAllBytes(Files.java:3281)
	at org.apache.hadoop.hdds.security.x509.keys.KeyStorage.readPublicKey(KeyStorage.java:176)
	at org.apache.hadoop.hdds.security.x509.keys.KeyStorage.readKeyPair(KeyStorage.java:184)
	at org.apache.hadoop.hdds.security.x509.certificate.authority.DefaultCAServer.checkIfKeysExist(DefaultCAServer.java:354)
	at org.apache.hadoop.hdds.security.x509.certificate.authority.DefaultCAServer.verifySelfSignedCA(DefaultCAServer.java:323)
	at org.apache.hadoop.hdds.security.x509.certificate.authority.DefaultCAServer.init(DefaultCAServer.java:162)
	at org.apache.hadoop.hdds.security.x509.certificate.client.SCMCertificateClient.initializeRootCertificateServer(SCMCertificateClient.java:396)
	at org.apache.hadoop.hdds.security.x509.certificate.client.SCMCertificateClient.getPrimarySCMSelfSignedCert(SCMCertificateClient.java:346)
	at org.apache.hadoop.hdds.security.x509.certificate.client.SCMCertificateClient.recoverStateIfNeeded(SCMCertificateClient.java:287)
	at org.apache.hadoop.hdds.security.x509.certificate.client.DefaultCertificateClient.initWithRecovery(DefaultCertificateClient.java:698)
	at org.apache.hadoop.hdds.scm.ha.HASecurityUtils.initializeSecurity(HASecurityUtils.java:96)
	at org.apache.hadoop.ozone.TestSecureOzoneCluster.initSCM(TestSecureOzoneCluster.java:450)
	at org.apache.hadoop.ozone.TestSecureOzoneCluster.testSecureScmStartupFailure(TestSecureOzoneCluster.java:477)
	at java.base/jdk.internal.reflect.DirectMethodHandleAccessor.invoke(DirectMethodHandleAccessor.java:103)
	at java.base/java.lang.reflect.Method.invoke(Method.java:580)
	at org.junit.platform.commons.util.ReflectionUtils.invokeMethod(ReflectionUtils.java:775)
	at org.junit.platform.commons.support.ReflectionSupport.invokeMethod(ReflectionSupport.java:479)
	at org.junit.jupiter.engine.execution.MethodInvocation.proceed(MethodInvocation.java:60)
	at org.junit.jupiter.engine.execution.InvocationInterceptorChain$ValidatingInvocation.proceed(InvocationInterceptorChain.java:131)
	at org.junit.jupiter.engine.extension.SameThreadTimeoutInvocation.proceed(SameThreadTimeoutInvocation.java:49)
	at org.junit.jupiter.engine.extension.TimeoutExtension.intercept(TimeoutExtension.java:161)
	at org.junit.jupiter.engine.extension.TimeoutExtension.interceptTestableMethod(TimeoutExtension.java:152)
	at org.junit.jupiter.engine.extension.TimeoutExtension.interceptTestMethod(TimeoutExtension.java:91)
	at org.junit.jupiter.engine.execution.InterceptingExecutableInvoker$ReflectiveInterceptorCall.lambda$ofVoidMethod$0(InterceptingExecutableInvoker.java:112)
	at org.junit.jupiter.engine.execution.InterceptingExecutableInvoker.lambda$invoke$0(InterceptingExecutableInvoker.java:94)
	at org.junit.jupiter.engine.execution.InvocationInterceptorChain$InterceptedInvocation.proceed(InvocationInterceptorChain.java:106)
	at org.junit.jupiter.engine.execution.InvocationInterceptorChain.proceed(InvocationInterceptorChain.java:64)
	at org.junit.jupiter.engine.execution.InvocationInterceptorChain.chainAndInvoke(InvocationInterceptorChain.java:45)
	at org.junit.jupiter.engine.execution.InvocationInterceptorChain.invoke(InvocationInterceptorChain.java:37)
	at org.junit.jupiter.engine.execution.InterceptingExecutableInvoker.invoke(InterceptingExecutableInvoker.java:93)
	at org.junit.jupiter.engine.execution.InterceptingExecutableInvoker.invoke(InterceptingExecutableInvoker.java:87)
	at org.junit.jupiter.engine.descriptor.TestMethodTestDescriptor.lambda$invokeTestMethod$7(TestMethodTestDescriptor.java:216)
	at org.junit.platform.engine.support.hierarchical.ThrowableCollector.execute(ThrowableCollector.java:73)
	at org.junit.jupiter.engine.descriptor.TestMethodTestDescriptor.invokeTestMethod(TestMethodTestDescriptor.java:212)
	at org.junit.jupiter.engine.descriptor.TestMethodTestDescriptor.execute(TestMethodTestDescriptor.java:137)
	at org.junit.jupiter.engine.descriptor.TestMethodTestDescriptor.execute(TestMethodTestDescriptor.java:69)
	at org.junit.platform.engine.support.hierarchical.NodeTestTask.lambda$executeRecursively$6(NodeTestTask.java:156)
	at org.junit.platform.engine.support.hierarchical.ThrowableCollector.execute(ThrowableCollector.java:73)
	at org.junit.platform.engine.support.hierarchical.NodeTestTask.lambda$executeRecursively$8(NodeTestTask.java:146)
	at org.junit.platform.engine.support.hierarchical.Node.around(Node.java:137)
	at org.junit.platform.engine.support.hierarchical.NodeTestTask.lambda$executeRecursively$9(NodeTestTask.java:144)
	at org.junit.platform.engine.support.hierarchical.ThrowableCollector.execute(ThrowableCollector.java:73)
	at org.junit.platform.engine.support.hierarchical.NodeTestTask.executeRecursively(NodeTestTask.java:143)
	at org.junit.platform.engine.support.hierarchical.NodeTestTask.execute(NodeTestTask.java:100)
	at java.base/java.util.ArrayList.forEach(ArrayList.java:1596)
	at org.junit.platform.engine.support.hierarchical.SameThreadHierarchicalTestExecutorService.invokeAll(SameThreadHierarchicalTestExecutorService.java:41)
	at org.junit.platform.engine.support.hierarchical.NodeTestTask.lambda$executeRecursively$6(NodeTestTask.java:160)
	at org.junit.platform.engine.support.hierarchical.ThrowableCollector.execute(ThrowableCollector.java:73)
	at org.junit.platform.engine.support.hierarchical.NodeTestTask.lambda$executeRecursively$8(NodeTestTask.java:146)
	at org.junit.platform.engine.support.hierarchical.Node.around(Node.java:137)
	at org.junit.platform.engine.support.hierarchical.NodeTestTask.lambda$executeRecursively$9(NodeTestTask.java:144)
	at org.junit.platform.engine.support.hierarchical.ThrowableCollector.execute(ThrowableCollector.java:73)
	at org.junit.platform.engine.support.hierarchical.NodeTestTask.executeRecursively(NodeTestTask.java:143)
	at org.junit.platform.engine.support.hierarchical.NodeTestTask.execute(NodeTestTask.java:100)
	at java.base/java.util.ArrayList.forEach(ArrayList.java:1596)
	at org.junit.platform.engine.support.hierarchical.SameThreadHierarchicalTestExecutorService.invokeAll(SameThreadHierarchicalTestExecutorService.java:41)
	at org.junit.platform.engine.support.hierarchical.NodeTestTask.lambda$executeRecursively$6(NodeTestTask.java:160)
	at org.junit.platform.engine.support.hierarchical.ThrowableCollector.execute(ThrowableCollector.java:73)
	at org.junit.platform.engine.support.hierarchical.NodeTestTask.lambda$executeRecursively$8(NodeTestTask.java:146)
	at org.junit.platform.engine.support.hierarchical.Node.around(Node.java:137)
	at org.junit.platform.engine.support.hierarchical.NodeTestTask.lambda$executeRecursively$9(NodeTestTask.java:144)
	at org.junit.platform.engine.support.hierarchical.ThrowableCollector.execute(ThrowableCollector.java:73)
	at org.junit.platform.engine.support.hierarchical.NodeTestTask.executeRecursively(NodeTestTask.java:143)
	at org.junit.platform.engine.support.hierarchical.NodeTestTask.execute(NodeTestTask.java:100)
	at org.junit.platform.engine.support.hierarchical.SameThreadHierarchicalTestExecutorService.submit(SameThreadHierarchicalTestExecutorService.java:35)
	at org.junit.platform.engine.support.hierarchical.HierarchicalTestExecutor.execute(HierarchicalTestExecutor.java:57)
	at org.junit.platform.engine.support.hierarchical.HierarchicalTestEngine.execute(HierarchicalTestEngine.java:54)
	at org.junit.platform.launcher.core.EngineExecutionOrchestrator.execute(EngineExecutionOrchestrator.java:201)
	at org.junit.platform.launcher.core.EngineExecutionOrchestrator.execute(EngineExecutionOrchestrator.java:170)
	at org.junit.platform.launcher.core.EngineExecutionOrchestrator.execute(EngineExecutionOrchestrator.java:94)
	at org.junit.platform.launcher.core.EngineExecutionOrchestrator.lambda$execute$0(EngineExecutionOrchestrator.java:59)
	at org.junit.platform.launcher.core.EngineExecutionOrchestrator.withInterceptedStreams(EngineExecutionOrchestrator.java:142)
	at org.junit.platform.launcher.core.EngineExecutionOrchestrator.execute(EngineExecutionOrchestrator.java:58)
	at org.junit.platform.launcher.core.DefaultLauncher.execute(DefaultLauncher.java:103)
	at org.junit.platform.launcher.core.DefaultLauncher.execute(DefaultLauncher.java:85)
	at org.junit.platform.launcher.core.DelegatingLauncher.execute(DelegatingLauncher.java:47)
	at org.junit.platform.launcher.core.InterceptingLauncher.lambda$execute$1(InterceptingLauncher.java:39)
	at org.junit.platform.launcher.core.ClasspathAlignmentCheckingLauncherInterceptor.intercept(ClasspathAlignmentCheckingLauncherInterceptor.java:25)
	at org.junit.platform.launcher.core.InterceptingLauncher.execute(InterceptingLauncher.java:38)
	at org.junit.platform.launcher.core.DelegatingLauncher.execute(DelegatingLauncher.java:47)
	at org.apache.maven.surefire.junitplatform.LazyLauncher.execute(LazyLauncher.java:56)
	at org.apache.maven.surefire.junitplatform.JUnitPlatformProvider.execute(JUnitPlatformProvider.java:184)
	at org.apache.maven.surefire.junitplatform.JUnitPlatformProvider.invokeAllTests(JUnitPlatformProvider.java:148)
	at org.apache.maven.surefire.junitplatform.JUnitPlatformProvider.invoke(JUnitPlatformProvider.java:120)
	at org.apache.maven.surefire.booter.ForkedBooter.runSuitesInProcess(ForkedBooter.java:385)
	at org.apache.maven.surefire.booter.ForkedBooter.execute(ForkedBooter.java:162)
	at org.apache.maven.surefire.booter.ForkedBooter.run(ForkedBooter.java:507)
	at org.apache.maven.surefire.booter.ForkedBooter.main(ForkedBooter.java:495)
2025-05-13 07:50:36,683 [main] INFO  keys.KeyStorage (KeyStorage.java:storePublicKey(210)) - Storing public key to /tmp/junit-10141754546995174365/scm-meta/scm/ca/keys/public.pem.
2025-05-13 07:50:36,683 [main] INFO  keys.KeyStorage (KeyStorage.java:storePrivateKey(194)) - Storing private key to /tmp/junit-10141754546995174365/scm-meta/scm/ca/keys/private.pem.
2025-05-13 07:50:36,684 [main] INFO  ozone.OzoneSecurityUtil (OzoneSecurityUtil.java:getValidInetsForCurrentHost(116)) - ip:fe80:0:0:0:222:48ff:fe46:ea58%eth0 not returned.
2025-05-13 07:50:36,686 [main] INFO  ozone.OzoneSecurityUtil (OzoneSecurityUtil.java:getValidInetsForCurrentHost(113)) - Adding ip:10.1.1.24,host:10.1.1.24
2025-05-13 07:50:36,686 [main] INFO  ozone.OzoneSecurityUtil (OzoneSecurityUtil.java:getValidInetsForCurrentHost(116)) - ip:0:0:0:0:0:0:0:1%lo not returned.
2025-05-13 07:50:36,686 [main] INFO  ozone.OzoneSecurityUtil (OzoneSecurityUtil.java:getValidInetsForCurrentHost(116)) - ip:127.0.0.1 not returned.
2025-05-13 07:50:36,689 [main] ERROR utils.SelfSignedCertificate (SelfSignedCertificate.java:lambda$addInetAddresses$0(244)) - Invalid domain 10.1.1.24
2025-05-13 07:50:36,692 [main] INFO  utils.SelfSignedCertificate (SelfSignedCertificate.java:generateCertificate(156)) - Certificate 1 is issued by SERIALNUMBER=1, O=8f9226c0-69a7-49ea-a860-8048381eddc2, OU=37e1ecfd-f2a2-4cc4-a24e-392407c8673e, CN=scm@pkrvmberfyhpb9w to SERIALNUMBER=1, O=8f9226c0-69a7-49ea-a860-8048381eddc2, OU=37e1ecfd-f2a2-4cc4-a24e-392407c8673e, CN=scm@pkrvmberfyhpb9w, valid from Tue May 13 07:50:36 UTC 2025 to Fri Jun 21 07:50:36 UTC 2030
2025-05-13 07:50:36,692 [main] INFO  utils.CertificateCodec (CertificateCodec.java:writeCertificate(239)) - Save certificate to /tmp/junit-10141754546995174365/scm-meta/scm/ca/certs/certificate.crt
2025-05-13 07:50:36,692 [main] INFO  utils.CertificateCodec (CertificateCodec.java:writeCertificate(240)) - Certificate -----BEGIN CERTIFICATE-----
MIIDwTCCAqmgAwIBAgIBATANBgkqhkiG9w0BAQsFADCBiDEcMBoGA1UEAwwTc2Nt
QHBrcnZtYmVyZnlocGI5dzEtMCsGA1UECwwkMzdlMWVjZmQtZjJhMi00Y2M0LWEy
NGUtMzkyNDA3Yzg2NzNlMS0wKwYDVQQKDCQ4ZjkyMjZjMC02OWE3LTQ5ZWEtYTg2
MC04MDQ4MzgxZWRkYzIxCjAIBgNVBAUTATEwHhcNMjUwNTEzMDc1MDM2WhcNMzAw
NjIxMDc1MDM2WjCBiDEcMBoGA1UEAwwTc2NtQHBrcnZtYmVyZnlocGI5dzEtMCsG
A1UECwwkMzdlMWVjZmQtZjJhMi00Y2M0LWEyNGUtMzkyNDA3Yzg2NzNlMS0wKwYD
VQQKDCQ4ZjkyMjZjMC02OWE3LTQ5ZWEtYTg2MC04MDQ4MzgxZWRkYzIxCjAIBgNV
BAUTATEwggEiMA0GCSqGSIb3DQEBAQUAA4IBDwAwggEKAoIBAQDPAE3k8paakVkr
MI+ufH+WpsGX/3OQrqjKIhijc9oEtsPJ6XJPH3z4Bf+dHYTH6mptN2LqH6wNEe0m
wmS/L7hx8KKIyDtQZzYR8g/TyIepNwuPsgf5ASQ/kr25jWFV5ySct/pbUdfj4jQr
YMWXiheUNweCS76MvU6KLh+rP1j3H02Nfj6/IUMeuHzIwoQgvkjYNwHh75o7WwLN
kV5MClBlUrmOG7jGUPnayUuCEPWzvn0Yss8KE976L5Zz+Sw8YoH4qjX6V89Q3jme
fJaPWxDUOTLVo1HT9/IuSHXVtmpJHp6UnbwGJP19JdfM2ZiTPmHD33JtdEDKRAeQ
Sse9X+1BAgMBAAGjNDAyMA8GA1UdEwEB/wQFMAMBAf8wDgYDVR0PAQH/BAQDAgEG
MA8GA1UdEQQIMAaHBAoBARgwDQYJKoZIhvcNAQELBQADggEBAGAR+Mz6roQqy0Aw
4nLoS5dpMNhwHq+5xvLbINy7NT/4mwOuGVjW3xSgNfAYV2zL3o6MsA/a0yU/wyQD
96u/2PZIO1dj8fLLO0+1eWoq+BV4zlr7LJWErXtjAlYnQJUrDJbqO6GFm8MLxqUg
0aoV3ohf323reTiyjNSb3IBuHmwS5cJgS7dLi0xFftunekskFzdtcPIJmIOibsTr
jjyLgqtWGmIyCsC0w6ScQHMDjn98xIQYG1O2AVRDWVBOR14O+4H/fSnBDDl4bKKU
O1BlT8v6SzGsaVFa7MYnnjyGwZmxEACbGyUalZ1KZcXmv10EERlGKRx5msyS2qEZ
/i7axG4=
-----END CERTIFICATE-----

2025-05-13 07:50:36,692 [main] INFO  keys.KeyStorage (KeyStorage.java:readPublicKey(174)) - Reading public key from /tmp/junit-10141754546995174365/scm-meta/scm/ca/keys/public.pem.
2025-05-13 07:50:36,693 [main] INFO  keys.KeyStorage (KeyStorage.java:readPrivateKey(158)) - Reading private key from /tmp/junit-10141754546995174365/scm-meta/scm/ca/keys/private.pem.
2025-05-13 07:50:36,693 [main] INFO  client.SCMCertificateClient (SCMCertificateClient.java:configureCSRBuilder(141)) - Creating csr for SCM->hostName:pkrvmberfyhpb9w,scmId:37e1ecfd-f2a2-4cc4-a24e-392407c8673e,clusterId:8f9226c0-69a7-49ea-a860-8048381eddc2,subject:scm-sub@pkrvmberfyhpb9w
2025-05-13 07:50:36,693 [main] INFO  ozone.OzoneSecurityUtil (OzoneSecurityUtil.java:getValidInetsForCurrentHost(116)) - ip:fe80:0:0:0:222:48ff:fe46:ea58%eth0 not returned.
2025-05-13 07:50:36,697 [main] INFO  ozone.OzoneSecurityUtil (OzoneSecurityUtil.java:getValidInetsForCurrentHost(113)) - Adding ip:10.1.1.24,host:10.1.1.24
2025-05-13 07:50:36,697 [main] INFO  ozone.OzoneSecurityUtil (OzoneSecurityUtil.java:getValidInetsForCurrentHost(116)) - ip:0:0:0:0:0:0:0:1%lo not returned.
2025-05-13 07:50:36,697 [main] INFO  ozone.OzoneSecurityUtil (OzoneSecurityUtil.java:getValidInetsForCurrentHost(116)) - ip:127.0.0.1 not returned.
2025-05-13 07:50:36,699 [main] ERROR utils.CertificateSignRequest (CertificateSignRequest.java:lambda$addInetAddresses$0(316)) - Invalid domain 10.1.1.24
2025-05-13 07:50:36,701 [main] INFO  keys.KeyStorage (KeyStorage.java:readPrivateKey(158)) - Reading private key from /tmp/junit-10141754546995174365/scm-meta/scm/ca/keys/private.pem.
2025-05-13 07:50:36,702 [main] INFO  authority.DefaultApprover (DefaultApprover.java:sign(171)) - Extensions in CSR: 2.5.29.19, 2.5.29.15, 2.5.29.17
2025-05-13 07:50:36,702 [main] INFO  authority.DefaultApprover (DefaultApprover.java:sign(175)) - Extensions to add to the certificate if they present in CSR: 2.5.29.15, 2.5.29.17, 2.5.29.35, 2.5.29.37, 2.5.29.19, 1.3.6.1.5.5.7.1.12
2025-05-13 07:50:36,704 [main] INFO  utils.CertificateCodec (CertificateCodec.java:writeCertificate(239)) - Save certificate to /tmp/junit-10141754546995174365/scm-meta/scm/sub-ca/certs/CA-1.crt
2025-05-13 07:50:36,704 [main] INFO  utils.CertificateCodec (CertificateCodec.java:writeCertificate(240)) - Certificate -----BEGIN CERTIFICATE-----
MIIDwTCCAqmgAwIBAgIBATANBgkqhkiG9w0BAQsFADCBiDEcMBoGA1UEAwwTc2Nt
QHBrcnZtYmVyZnlocGI5dzEtMCsGA1UECwwkMzdlMWVjZmQtZjJhMi00Y2M0LWEy
NGUtMzkyNDA3Yzg2NzNlMS0wKwYDVQQKDCQ4ZjkyMjZjMC02OWE3LTQ5ZWEtYTg2
MC04MDQ4MzgxZWRkYzIxCjAIBgNVBAUTATEwHhcNMjUwNTEzMDc1MDM2WhcNMzAw
NjIxMDc1MDM2WjCBiDEcMBoGA1UEAwwTc2NtQHBrcnZtYmVyZnlocGI5dzEtMCsG
A1UECwwkMzdlMWVjZmQtZjJhMi00Y2M0LWEyNGUtMzkyNDA3Yzg2NzNlMS0wKwYD
VQQKDCQ4ZjkyMjZjMC02OWE3LTQ5ZWEtYTg2MC04MDQ4MzgxZWRkYzIxCjAIBgNV
BAUTATEwggEiMA0GCSqGSIb3DQEBAQUAA4IBDwAwggEKAoIBAQDPAE3k8paakVkr
MI+ufH+WpsGX/3OQrqjKIhijc9oEtsPJ6XJPH3z4Bf+dHYTH6mptN2LqH6wNEe0m
wmS/L7hx8KKIyDtQZzYR8g/TyIepNwuPsgf5ASQ/kr25jWFV5ySct/pbUdfj4jQr
YMWXiheUNweCS76MvU6KLh+rP1j3H02Nfj6/IUMeuHzIwoQgvkjYNwHh75o7WwLN
kV5MClBlUrmOG7jGUPnayUuCEPWzvn0Yss8KE976L5Zz+Sw8YoH4qjX6V89Q3jme
fJaPWxDUOTLVo1HT9/IuSHXVtmpJHp6UnbwGJP19JdfM2ZiTPmHD33JtdEDKRAeQ
Sse9X+1BAgMBAAGjNDAyMA8GA1UdEwEB/wQFMAMBAf8wDgYDVR0PAQH/BAQDAgEG
MA8GA1UdEQQIMAaHBAoBARgwDQYJKoZIhvcNAQELBQADggEBAGAR+Mz6roQqy0Aw
4nLoS5dpMNhwHq+5xvLbINy7NT/4mwOuGVjW3xSgNfAYV2zL3o6MsA/a0yU/wyQD
96u/2PZIO1dj8fLLO0+1eWoq+BV4zlr7LJWErXtjAlYnQJUrDJbqO6GFm8MLxqUg
0aoV3ohf323reTiyjNSb3IBuHmwS5cJgS7dLi0xFftunekskFzdtcPIJmIOibsTr
jjyLgqtWGmIyCsC0w6ScQHMDjn98xIQYG1O2AVRDWVBOR14O+4H/fSnBDDl4bKKU
O1BlT8v6SzGsaVFa7MYnnjyGwZmxEACbGyUalZ1KZcXmv10EERlGKRx5msyS2qEZ
/i7axG4=
-----END CERTIFICATE-----

2025-05-13 07:50:36,705 [main] INFO  utils.CertificateCodec (CertificateCodec.java:writeCertificate(239)) - Save certificate to /tmp/junit-10141754546995174365/scm-meta/scm/sub-ca/certs/2.crt
2025-05-13 07:50:36,705 [main] INFO  utils.CertificateCodec (CertificateCodec.java:writeCertificate(240)) - Certificate -----BEGIN CERTIFICATE-----
MIIDxTCCAq2gAwIBAgIBAjANBgkqhkiG9w0BAQsFADCBiDEcMBoGA1UEAwwTc2Nt
QHBrcnZtYmVyZnlocGI5dzEtMCsGA1UECwwkMzdlMWVjZmQtZjJhMi00Y2M0LWEy
NGUtMzkyNDA3Yzg2NzNlMS0wKwYDVQQKDCQ4ZjkyMjZjMC02OWE3LTQ5ZWEtYTg2
MC04MDQ4MzgxZWRkYzIxCjAIBgNVBAUTATEwHhcNMjUwNTEzMDc1MDM2WhcNMzAw
NjIxMDc1MDM2WjCBjDEgMB4GA1UEAwwXc2NtLXN1YkBwa3J2bWJlcmZ5aHBiOXcx
LTArBgNVBAsMJDM3ZTFlY2ZkLWYyYTItNGNjNC1hMjRlLTM5MjQwN2M4NjczZTEt
MCsGA1UECgwkOGY5MjI2YzAtNjlhNy00OWVhLWE4NjAtODA0ODM4MWVkZGMyMQow
CAYDVQQFEwEyMIIBIjANBgkqhkiG9w0BAQEFAAOCAQ8AMIIBCgKCAQEAw+iENhdE
eIDmZvvS7pz692ib2BXzUgBcqJmxUxXF2ib6UeAZXJLrfN/lVLJYAvbaIa0iYOY9
w6JSJJ3sXqFZbEchxhSAbd2csEnxUblgydiVAfNNCqNkZyJ47FDIqOYh8l2Tgz72
q4OLjFVWsYZ2CDJQoot1KoEaVlyyyTKGkJYSMKWatPdx/TyOqjgQDpPYMBmGAXGG
esL0BKFFPq+gU9ZOligTJosBvmdqebhmKZkGY2DlC5cCySfLrSGX5ceev+Ck1N8q
U2aA0OLWWf8Ujm+1nn+eeSKIbXDU4ddClxtzEt811img0xrALayVss8SzpLbD5Dp
yIicAeEIxrDrowIDAQABozQwMjAOBgNVHQ8BAf8EBAMCAb4wDwYDVR0RBAgwBocE
CgEBGDAPBgNVHRMBAf8EBTADAQH/MA0GCSqGSIb3DQEBCwUAA4IBAQBrW8IhDEDO
31k5g+AUY4dfK4CqZBN0neWwyppd575RkCsS+JvanhiP/s/7XwdS/aI7we+uvGe2
A129FbWZ6sW2YhN4Orl475ZH9j8biX7tho9N5Dm/cHwGv8LaLwuPPOiAxZBt6FzM
izT791ssCBmsvcJ7rKuoCebNBwIaNDFPHELoKIPWcRawHoTh4yghn1pVQCXf5QiI
FM0EtygUOelWOFfn/XbHVmFEcB8lofyFy06CAWn1hZvJXxB21yobmhQqw7L0rjmE
zEt46advxefTQTqITExqS/xBdNnQKbiPkoCi0767bSxJTlA8ClFksGa893+6bnua
3dB3w83y1KjF
-----END CERTIFICATE-----

-----BEGIN CERTIFICATE-----
MIIDwTCCAqmgAwIBAgIBATANBgkqhkiG9w0BAQsFADCBiDEcMBoGA1UEAwwTc2Nt
QHBrcnZtYmVyZnlocGI5dzEtMCsGA1UECwwkMzdlMWVjZmQtZjJhMi00Y2M0LWEy
NGUtMzkyNDA3Yzg2NzNlMS0wKwYDVQQKDCQ4ZjkyMjZjMC02OWE3LTQ5ZWEtYTg2
MC04MDQ4MzgxZWRkYzIxCjAIBgNVBAUTATEwHhcNMjUwNTEzMDc1MDM2WhcNMzAw
NjIxMDc1MDM2WjCBiDEcMBoGA1UEAwwTc2NtQHBrcnZtYmVyZnlocGI5dzEtMCsG
A1UECwwkMzdlMWVjZmQtZjJhMi00Y2M0LWEyNGUtMzkyNDA3Yzg2NzNlMS0wKwYD
VQQKDCQ4ZjkyMjZjMC02OWE3LTQ5ZWEtYTg2MC04MDQ4MzgxZWRkYzIxCjAIBgNV
BAUTATEwggEiMA0GCSqGSIb3DQEBAQUAA4IBDwAwggEKAoIBAQDPAE3k8paakVkr
MI+ufH+WpsGX/3OQrqjKIhijc9oEtsPJ6XJPH3z4Bf+dHYTH6mptN2LqH6wNEe0m
wmS/L7hx8KKIyDtQZzYR8g/TyIepNwuPsgf5ASQ/kr25jWFV5ySct/pbUdfj4jQr
YMWXiheUNweCS76MvU6KLh+rP1j3H02Nfj6/IUMeuHzIwoQgvkjYNwHh75o7WwLN
kV5MClBlUrmOG7jGUPnayUuCEPWzvn0Yss8KE976L5Zz+Sw8YoH4qjX6V89Q3jme
fJaPWxDUOTLVo1HT9/IuSHXVtmpJHp6UnbwGJP19JdfM2ZiTPmHD33JtdEDKRAeQ
Sse9X+1BAgMBAAGjNDAyMA8GA1UdEwEB/wQFMAMBAf8wDgYDVR0PAQH/BAQDAgEG
MA8GA1UdEQQIMAaHBAoBARgwDQYJKoZIhvcNAQELBQADggEBAGAR+Mz6roQqy0Aw
4nLoS5dpMNhwHq+5xvLbINy7NT/4mwOuGVjW3xSgNfAYV2zL3o6MsA/a0yU/wyQD
96u/2PZIO1dj8fLLO0+1eWoq+BV4zlr7LJWErXtjAlYnQJUrDJbqO6GFm8MLxqUg
0aoV3ohf323reTiyjNSb3IBuHmwS5cJgS7dLi0xFftunekskFzdtcPIJmIOibsTr
jjyLgqtWGmIyCsC0w6ScQHMDjn98xIQYG1O2AVRDWVBOR14O+4H/fSnBDDl4bKKU
O1BlT8v6SzGsaVFa7MYnnjyGwZmxEACbGyUalZ1KZcXmv10EERlGKRx5msyS2qEZ
/i7axG4=
-----END CERTIFICATE-----

2025-05-13 07:50:36,705 [main] INFO  utils.CertificateCodec (CertificateCodec.java:writeCertificate(239)) - Save certificate to /tmp/junit-10141754546995174365/scm-meta/scm/sub-ca/certs/certificate.crt
2025-05-13 07:50:36,705 [main] INFO  utils.CertificateCodec (CertificateCodec.java:writeCertificate(240)) - Certificate -----BEGIN CERTIFICATE-----
MIIDxTCCAq2gAwIBAgIBAjANBgkqhkiG9w0BAQsFADCBiDEcMBoGA1UEAwwTc2Nt
QHBrcnZtYmVyZnlocGI5dzEtMCsGA1UECwwkMzdlMWVjZmQtZjJhMi00Y2M0LWEy
NGUtMzkyNDA3Yzg2NzNlMS0wKwYDVQQKDCQ4ZjkyMjZjMC02OWE3LTQ5ZWEtYTg2
MC04MDQ4MzgxZWRkYzIxCjAIBgNVBAUTATEwHhcNMjUwNTEzMDc1MDM2WhcNMzAw
NjIxMDc1MDM2WjCBjDEgMB4GA1UEAwwXc2NtLXN1YkBwa3J2bWJlcmZ5aHBiOXcx
LTArBgNVBAsMJDM3ZTFlY2ZkLWYyYTItNGNjNC1hMjRlLTM5MjQwN2M4NjczZTEt
MCsGA1UECgwkOGY5MjI2YzAtNjlhNy00OWVhLWE4NjAtODA0ODM4MWVkZGMyMQow
CAYDVQQFEwEyMIIBIjANBgkqhkiG9w0BAQEFAAOCAQ8AMIIBCgKCAQEAw+iENhdE
eIDmZvvS7pz692ib2BXzUgBcqJmxUxXF2ib6UeAZXJLrfN/lVLJYAvbaIa0iYOY9
w6JSJJ3sXqFZbEchxhSAbd2csEnxUblgydiVAfNNCqNkZyJ47FDIqOYh8l2Tgz72
q4OLjFVWsYZ2CDJQoot1KoEaVlyyyTKGkJYSMKWatPdx/TyOqjgQDpPYMBmGAXGG
esL0BKFFPq+gU9ZOligTJosBvmdqebhmKZkGY2DlC5cCySfLrSGX5ceev+Ck1N8q
U2aA0OLWWf8Ujm+1nn+eeSKIbXDU4ddClxtzEt811img0xrALayVss8SzpLbD5Dp
yIicAeEIxrDrowIDAQABozQwMjAOBgNVHQ8BAf8EBAMCAb4wDwYDVR0RBAgwBocE
CgEBGDAPBgNVHRMBAf8EBTADAQH/MA0GCSqGSIb3DQEBCwUAA4IBAQBrW8IhDEDO
31k5g+AUY4dfK4CqZBN0neWwyppd575RkCsS+JvanhiP/s/7XwdS/aI7we+uvGe2
A129FbWZ6sW2YhN4Orl475ZH9j8biX7tho9N5Dm/cHwGv8LaLwuPPOiAxZBt6FzM
izT791ssCBmsvcJ7rKuoCebNBwIaNDFPHELoKIPWcRawHoTh4yghn1pVQCXf5QiI
FM0EtygUOelWOFfn/XbHVmFEcB8lofyFy06CAWn1hZvJXxB21yobmhQqw7L0rjmE
zEt46advxefTQTqITExqS/xBdNnQKbiPkoCi0767bSxJTlA8ClFksGa893+6bnua
3dB3w83y1KjF
-----END CERTIFICATE-----

-----BEGIN CERTIFICATE-----
MIIDwTCCAqmgAwIBAgIBATANBgkqhkiG9w0BAQsFADCBiDEcMBoGA1UEAwwTc2Nt
QHBrcnZtYmVyZnlocGI5dzEtMCsGA1UECwwkMzdlMWVjZmQtZjJhMi00Y2M0LWEy
NGUtMzkyNDA3Yzg2NzNlMS0wKwYDVQQKDCQ4ZjkyMjZjMC02OWE3LTQ5ZWEtYTg2
MC04MDQ4MzgxZWRkYzIxCjAIBgNVBAUTATEwHhcNMjUwNTEzMDc1MDM2WhcNMzAw
NjIxMDc1MDM2WjCBiDEcMBoGA1UEAwwTc2NtQHBrcnZtYmVyZnlocGI5dzEtMCsG
A1UECwwkMzdlMWVjZmQtZjJhMi00Y2M0LWEyNGUtMzkyNDA3Yzg2NzNlMS0wKwYD
VQQKDCQ4ZjkyMjZjMC02OWE3LTQ5ZWEtYTg2MC04MDQ4MzgxZWRkYzIxCjAIBgNV
BAUTATEwggEiMA0GCSqGSIb3DQEBAQUAA4IBDwAwggEKAoIBAQDPAE3k8paakVkr
MI+ufH+WpsGX/3OQrqjKIhijc9oEtsPJ6XJPH3z4Bf+dHYTH6mptN2LqH6wNEe0m
wmS/L7hx8KKIyDtQZzYR8g/TyIepNwuPsgf5ASQ/kr25jWFV5ySct/pbUdfj4jQr
YMWXiheUNweCS76MvU6KLh+rP1j3H02Nfj6/IUMeuHzIwoQgvkjYNwHh75o7WwLN
kV5MClBlUrmOG7jGUPnayUuCEPWzvn0Yss8KE976L5Zz+Sw8YoH4qjX6V89Q3jme
fJaPWxDUOTLVo1HT9/IuSHXVtmpJHp6UnbwGJP19JdfM2ZiTPmHD33JtdEDKRAeQ
Sse9X+1BAgMBAAGjNDAyMA8GA1UdEwEB/wQFMAMBAf8wDgYDVR0PAQH/BAQDAgEG
MA8GA1UdEQQIMAaHBAoBARgwDQYJKoZIhvcNAQELBQADggEBAGAR+Mz6roQqy0Aw
4nLoS5dpMNhwHq+5xvLbINy7NT/4mwOuGVjW3xSgNfAYV2zL3o6MsA/a0yU/wyQD
96u/2PZIO1dj8fLLO0+1eWoq+BV4zlr7LJWErXtjAlYnQJUrDJbqO6GFm8MLxqUg
0aoV3ohf323reTiyjNSb3IBuHmwS5cJgS7dLi0xFftunekskFzdtcPIJmIOibsTr
jjyLgqtWGmIyCsC0w6ScQHMDjn98xIQYG1O2AVRDWVBOR14O+4H/fSnBDDl4bKKU
O1BlT8v6SzGsaVFa7MYnnjyGwZmxEACbGyUalZ1KZcXmv10EERlGKRx5msyS2qEZ
/i7axG4=
-----END CERTIFICATE-----

2025-05-13 07:50:36,706 [main] INFO  client.SCMCertificateClient (SCMCertificateClient.java:recoverStateIfNeeded(289)) - Successfully stored SCM signed certificate.
2025-05-13 07:50:36,707 [main] INFO  ha.SCMHANodeDetails (SCMHANodeDetails.java:loadSCMHAConfig(162)) - ServiceID for StorageContainerManager is null
2025-05-13 07:50:36,707 [main] INFO  ha.SCMHANodeDetails (SCMHANodeDetails.java:loadSCMHAConfig(166)) - ozone.scm.default.service.id is not defined, falling back to ozone.scm.service.ids to find serviceID for StorageContainerManager if it is HA enabled cluster
2025-05-13 07:50:36,708 [main] INFO  server.RaftServerConfigKeys (ConfUtils.java:logGet(46)) - raft.server.log.appender.buffer.byte-limit = 4194304 (custom)
2025-05-13 07:50:36,709 [main] INFO  server.RaftServer (ConfUtils.java:logGet(46)) - raft.rpc.type = GRPC (default)
2025-05-13 07:50:36,709 [main] INFO  grpc.GrpcConfigKeys (ConfUtils.java:logFallback(53)) - raft.grpc.admin.host = null (fallback to raft.grpc.server.host)
2025-05-13 07:50:36,709 [main] INFO  grpc.GrpcConfigKeys (ConfUtils.java:logFallback(53)) - raft.grpc.admin.port = 15088 (fallback to raft.grpc.server.port)
2025-05-13 07:50:36,709 [main] INFO  grpc.GrpcConfigKeys (ConfUtils.java:logFallback(53)) - raft.grpc.client.host = null (fallback to raft.grpc.server.host)
2025-05-13 07:50:36,709 [main] INFO  grpc.GrpcConfigKeys (ConfUtils.java:logFallback(53)) - raft.grpc.client.port = 15088 (fallback to raft.grpc.server.port)
2025-05-13 07:50:36,709 [main] INFO  grpc.GrpcConfigKeys (ConfUtils.java:logGet(46)) - raft.grpc.server.host = null (default)
2025-05-13 07:50:36,709 [main] INFO  grpc.GrpcConfigKeys (ConfUtils.java:logGet(46)) - raft.grpc.server.port = 15088 (custom)
2025-05-13 07:50:36,709 [main] INFO  server.GrpcService (ConfUtils.java:logGet(46)) - raft.grpc.message.size.max = 5242880 (custom)
2025-05-13 07:50:36,709 [main] INFO  server.GrpcService (ConfUtils.java:logGet(46)) - raft.grpc.flow.control.window = 1MB (=1048576) (default)
2025-05-13 07:50:36,710 [main] INFO  server.RaftServerConfigKeys (ConfUtils.java:logGet(46)) - raft.server.rpc.request.timeout = 30000ms (custom)
2025-05-13 07:50:36,710 [main] INFO  grpc.GrpcConfigKeys (ConfUtils.java:logGet(46)) - raft.grpc.server.heartbeat.channel = true (default)
2025-05-13 07:50:36,710 [main] INFO  server.RaftServerConfigKeys (ConfUtils.java:logGet(46)) - raft.server.log.appender.buffer.byte-limit = 4194304 (custom)
2025-05-13 07:50:36,710 [main] INFO  grpc.GrpcConfigKeys (ConfUtils.java:logGet(46)) - raft.grpc.server.async.request.thread.pool.cached = true (default)
2025-05-13 07:50:36,710 [main] INFO  grpc.GrpcConfigKeys (ConfUtils.java:logGet(46)) - raft.grpc.server.async.request.thread.pool.size = 32 (default)
2025-05-13 07:50:36,711 [main] INFO  impl.DataStreamServerImpl (ConfUtils.java:logGet(46)) - raft.datastream.type = DISABLED (default)
2025-05-13 07:50:36,711 [main] INFO  server.RaftServerConfigKeys (ConfUtils.java:logGet(46)) - raft.server.sleep.deviation.threshold = 300ms (default)
2025-05-13 07:50:36,711 [main] INFO  server.RaftServerConfigKeys (ConfUtils.java:logGet(46)) - raft.server.close.threshold = 60s (default)
2025-05-13 07:50:36,711 [main] INFO  server.RaftServerConfigKeys (ConfUtils.java:logGet(46)) - raft.server.leaderelection.leader.step-down.wait-time = 10s (default)
2025-05-13 07:50:36,711 [main] INFO  server.RaftServerConfigKeys (ConfUtils.java:logGet(46)) - raft.server.storage.dir = [/tmp/junit-10141754546995174365/scm-meta/scm-ha] (custom)
2025-05-13 07:50:36,711 [main] INFO  server.RaftServerConfigKeys (ConfUtils.java:logGet(46)) - raft.server.threadpool.proxy.cached = true (default)
2025-05-13 07:50:36,711 [main] INFO  server.RaftServerConfigKeys (ConfUtils.java:logGet(46)) - raft.server.threadpool.proxy.size = 0 (default)
2025-05-13 07:50:36,712 [main] INFO  server.RaftServer (RaftServerProxy.java:addNew(100)) - 37e1ecfd-f2a2-4cc4-a24e-392407c8673e: addNew group-8048381EDDC2:[37e1ecfd-f2a2-4cc4-a24e-392407c8673e|pkrvmberfyhpb9w:15088] returns group-8048381EDDC2:java.util.concurrent.CompletableFuture@3d93bcb1[Not completed]
2025-05-13 07:50:36,712 [37e1ecfd-f2a2-4cc4-a24e-392407c8673e-groupManagement] INFO  server.RaftServer$Division (RaftServerImpl.java:<init>(255)) - 37e1ecfd-f2a2-4cc4-a24e-392407c8673e: new RaftServerImpl for group-8048381EDDC2:[37e1ecfd-f2a2-4cc4-a24e-392407c8673e|pkrvmberfyhpb9w:15088] with SCMStateMachine:uninitialized
2025-05-13 07:50:36,712 [37e1ecfd-f2a2-4cc4-a24e-392407c8673e-groupManagement] INFO  server.RaftServerConfigKeys (ConfUtils.java:logGet(46)) - raft.server.rpc.timeout.min = 5000ms (custom)
2025-05-13 07:50:36,712 [37e1ecfd-f2a2-4cc4-a24e-392407c8673e-groupManagement] INFO  server.RaftServerConfigKeys (ConfUtils.java:logGet(46)) - raft.server.rpc.timeout.max = 5200ms (custom)
2025-05-13 07:50:36,712 [37e1ecfd-f2a2-4cc4-a24e-392407c8673e-groupManagement] INFO  server.RaftServerConfigKeys (ConfUtils.java:logGet(46)) - raft.server.rpc.sleep.time = 25ms (default)
2025-05-13 07:50:36,712 [37e1ecfd-f2a2-4cc4-a24e-392407c8673e-groupManagement] INFO  server.RaftServerConfigKeys (ConfUtils.java:logGet(46)) - raft.server.rpc.slowness.timeout = 120000ms (custom)
2025-05-13 07:50:36,712 [37e1ecfd-f2a2-4cc4-a24e-392407c8673e-groupManagement] INFO  server.RaftServerConfigKeys (ConfUtils.java:logGet(46)) - raft.server.leaderelection.leader.step-down.wait-time = 10s (default)
2025-05-13 07:50:36,712 [37e1ecfd-f2a2-4cc4-a24e-392407c8673e-groupManagement] INFO  server.RaftServerConfigKeys (ConfUtils.java:logGet(46)) - raft.server.leaderelection.member.majority-add = false (default)
2025-05-13 07:50:36,712 [37e1ecfd-f2a2-4cc4-a24e-392407c8673e-groupManagement] INFO  server.RaftServerConfigKeys (ConfUtils.java:logGet(46)) - raft.server.sleep.deviation.threshold = 300ms (default)
2025-05-13 07:50:36,712 [37e1ecfd-f2a2-4cc4-a24e-392407c8673e-groupManagement] INFO  server.RaftServer$Division (ServerState.java:<init>(114)) - 37e1ecfd-f2a2-4cc4-a24e-392407c8673e@group-8048381EDDC2: ConfigurationManager, init=conf: {index: -1, cur=peers:[37e1ecfd-f2a2-4cc4-a24e-392407c8673e|pkrvmberfyhpb9w:15088]|listeners:[], old=null}, confs=<EMPTY_MAP>
2025-05-13 07:50:36,712 [37e1ecfd-f2a2-4cc4-a24e-392407c8673e-groupManagement] INFO  server.RaftServerConfigKeys (ConfUtils.java:logGet(46)) - raft.server.notification.no-leader.timeout = 60s (default)
2025-05-13 07:50:36,713 [37e1ecfd-f2a2-4cc4-a24e-392407c8673e-groupManagement] INFO  server.RaftServerConfigKeys (ConfUtils.java:logGet(46)) - raft.server.read.timeout = 10s (default)
2025-05-13 07:50:36,713 [37e1ecfd-f2a2-4cc4-a24e-392407c8673e-groupManagement] INFO  server.RaftServerConfigKeys (ConfUtils.java:logGet(46)) - raft.server.retrycache.expirytime = 60000ms (default)
2025-05-13 07:50:36,713 [37e1ecfd-f2a2-4cc4-a24e-392407c8673e-groupManagement] INFO  server.RaftServerConfigKeys (ConfUtils.java:logGet(46)) - raft.server.retrycache.statistics.expirytime = 100ms (default)
2025-05-13 07:50:36,713 [37e1ecfd-f2a2-4cc4-a24e-392407c8673e-groupManagement] INFO  server.RaftServerConfigKeys (ConfUtils.java:logGet(46)) - raft.server.read.option = DEFAULT (default)
2025-05-13 07:50:36,713 [37e1ecfd-f2a2-4cc4-a24e-392407c8673e-groupManagement] INFO  server.RaftServerConfigKeys (ConfUtils.java:logGet(46)) - raft.server.read.read-after-write-consistent.write-index-cache.expiry-time = 60s (default)
2025-05-13 07:50:36,714 [37e1ecfd-f2a2-4cc4-a24e-392407c8673e-groupManagement] INFO  server.RaftServerConfigKeys (ConfUtils.java:logGet(46)) - raft.server.rpc.request.timeout = 30000ms (custom)
2025-05-13 07:50:36,714 [37e1ecfd-f2a2-4cc4-a24e-392407c8673e-groupManagement] INFO  server.RaftServerConfigKeys (ConfUtils.java:logGet(46)) - raft.server.log.appender.install.snapshot.enabled = false (custom)
2025-05-13 07:50:36,714 [37e1ecfd-f2a2-4cc4-a24e-392407c8673e-groupManagement] INFO  server.RaftServerConfigKeys (ConfUtils.java:logGet(46)) - raft.server.threadpool.server.cached = true (default)
2025-05-13 07:50:36,714 [37e1ecfd-f2a2-4cc4-a24e-392407c8673e-groupManagement] INFO  server.RaftServerConfigKeys (ConfUtils.java:logGet(46)) - raft.server.threadpool.server.size = 0 (default)
2025-05-13 07:50:36,715 [37e1ecfd-f2a2-4cc4-a24e-392407c8673e-groupManagement] INFO  server.RaftServerConfigKeys (ConfUtils.java:logGet(46)) - raft.server.threadpool.client.cached = true (default)
2025-05-13 07:50:36,715 [37e1ecfd-f2a2-4cc4-a24e-392407c8673e-groupManagement] INFO  server.RaftServerConfigKeys (ConfUtils.java:logGet(46)) - raft.server.threadpool.client.size = 0 (default)
2025-05-13 07:50:36,715 [37e1ecfd-f2a2-4cc4-a24e-392407c8673e-impl-thread1] INFO  server.RaftServerConfigKeys (ConfUtils.java:logGet(46)) - raft.server.storage.free-space.min = 0MB (=0) (default)
2025-05-13 07:50:36,715 [37e1ecfd-f2a2-4cc4-a24e-392407c8673e-impl-thread1] INFO  server.RaftServerConfigKeys (ConfUtils.java:logGet(46)) - raft.server.log.corruption.policy = EXCEPTION (default)
2025-05-13 07:50:36,715 [37e1ecfd-f2a2-4cc4-a24e-392407c8673e-impl-thread1] INFO  server.RaftServerConfigKeys (ConfUtils.java:logGet(46)) - raft.server.storage.dir = [/tmp/junit-10141754546995174365/scm-meta/scm-ha] (custom)
2025-05-13 07:50:36,715 [37e1ecfd-f2a2-4cc4-a24e-392407c8673e-impl-thread1] INFO  storage.RaftStorageDirectory (RaftStorageDirectoryImpl.java:analyzeStorage(138)) - The storage directory /tmp/junit-10141754546995174365/scm-meta/scm-ha/8f9226c0-69a7-49ea-a860-8048381eddc2 does not exist. Creating ...
2025-05-13 07:50:36,716 [37e1ecfd-f2a2-4cc4-a24e-392407c8673e-impl-thread1] INFO  storage.RaftStorageDirectory (RaftStorageDirectoryImpl.java:tryLock(229)) - Lock on /tmp/junit-10141754546995174365/scm-meta/scm-ha/8f9226c0-69a7-49ea-a860-8048381eddc2/in_use.lock acquired by nodename 25269@pkrvmberfyhpb9w
2025-05-13 07:50:36,717 [37e1ecfd-f2a2-4cc4-a24e-392407c8673e-impl-thread1] INFO  storage.RaftStorage (RaftStorageImpl.java:format(98)) - Storage directory /tmp/junit-10141754546995174365/scm-meta/scm-ha/8f9226c0-69a7-49ea-a860-8048381eddc2 has been successfully formatted.
2025-05-13 07:50:36,717 [37e1ecfd-f2a2-4cc4-a24e-392407c8673e-impl-thread1] INFO  ha.SCMStateMachine (SCMStateMachine.java:lambda$initialize$0(135)) - 37e1ecfd-f2a2-4cc4-a24e-392407c8673e: initialize group-8048381EDDC2
2025-05-13 07:50:36,717 [37e1ecfd-f2a2-4cc4-a24e-392407c8673e-impl-thread1] INFO  server.RaftServerConfigKeys (ConfUtils.java:logGet(46)) - raft.server.log.use.memory = false (default)
2025-05-13 07:50:36,717 [37e1ecfd-f2a2-4cc4-a24e-392407c8673e-impl-thread1] INFO  server.RaftServerConfigKeys (ConfUtils.java:logGet(46)) - raft.server.log.purge.gap = 1000000 (custom)
2025-05-13 07:50:36,717 [37e1ecfd-f2a2-4cc4-a24e-392407c8673e-impl-thread1] INFO  server.RaftServerConfigKeys (ConfUtils.java:logGet(46)) - raft.server.log.appender.buffer.byte-limit = 4194304 (custom)
2025-05-13 07:50:36,717 [37e1ecfd-f2a2-4cc4-a24e-392407c8673e-impl-thread1] INFO  server.RaftServerConfigKeys (ConfUtils.java:logGet(46)) - raft.server.log.statemachine.data.read.timeout = 1000ms (default)
2025-05-13 07:50:36,717 [37e1ecfd-f2a2-4cc4-a24e-392407c8673e-impl-thread1] INFO  server.RaftServerConfigKeys (ConfUtils.java:logGet(46)) - raft.server.log.purge.preservation.log.num = 0 (default)
2025-05-13 07:50:36,718 [37e1ecfd-f2a2-4cc4-a24e-392407c8673e-impl-thread1] INFO  server.RaftServerConfigKeys (ConfUtils.java:logGet(46)) - raft.server.log.segment.size.max = 4194304 (custom)
2025-05-13 07:50:36,719 [37e1ecfd-f2a2-4cc4-a24e-392407c8673e-impl-thread1] INFO  server.RaftServerConfigKeys (ConfUtils.java:logGet(46)) - raft.server.log.segment.cache.num.max = 2 (custom)
2025-05-13 07:50:36,719 [37e1ecfd-f2a2-4cc4-a24e-392407c8673e-impl-thread1] INFO  server.RaftServerConfigKeys (ConfUtils.java:logGet(46)) - raft.server.log.segment.cache.size.max = 200MB (=209715200) (default)
2025-05-13 07:50:36,719 [37e1ecfd-f2a2-4cc4-a24e-392407c8673e-impl-thread1] INFO  server.RaftServerConfigKeys (ConfUtils.java:logGet(46)) - raft.server.log.appender.buffer.byte-limit = 4194304 (custom)
2025-05-13 07:50:36,719 [37e1ecfd-f2a2-4cc4-a24e-392407c8673e-impl-thread1] INFO  util.AwaitToRun (AwaitToRun.java:start(81)) - Thread[#3684,37e1ecfd-f2a2-4cc4-a24e-392407c8673e@group-8048381EDDC2-cacheEviction-AwaitToRun,5,main] started
2025-05-13 07:50:36,719 [37e1ecfd-f2a2-4cc4-a24e-392407c8673e-impl-thread1] INFO  segmented.SegmentedRaftLogWorker (SegmentedRaftLogWorker.java:<init>(188)) - new 37e1ecfd-f2a2-4cc4-a24e-392407c8673e@group-8048381EDDC2-SegmentedRaftLogWorker for RaftStorageImpl:Storage Directory /tmp/junit-10141754546995174365/scm-meta/scm-ha/8f9226c0-69a7-49ea-a860-8048381eddc2
2025-05-13 07:50:36,719 [37e1ecfd-f2a2-4cc4-a24e-392407c8673e-impl-thread1] INFO  server.RaftServerConfigKeys (ConfUtils.java:logGet(46)) - raft.server.log.queue.byte-limit = 64MB (=67108864) (default)
2025-05-13 07:50:36,719 [37e1ecfd-f2a2-4cc4-a24e-392407c8673e-impl-thread1] INFO  server.RaftServerConfigKeys (ConfUtils.java:logGet(46)) - raft.server.log.queue.element-limit = 4096 (default)
2025-05-13 07:50:36,719 [37e1ecfd-f2a2-4cc4-a24e-392407c8673e-impl-thread1] INFO  server.RaftServerConfigKeys (ConfUtils.java:logGet(46)) - raft.server.log.segment.size.max = 4194304 (custom)
2025-05-13 07:50:36,719 [37e1ecfd-f2a2-4cc4-a24e-392407c8673e-impl-thread1] INFO  server.RaftServerConfigKeys (ConfUtils.java:logGet(46)) - raft.server.log.preallocated.size = 4194304 (custom)
2025-05-13 07:50:36,719 [37e1ecfd-f2a2-4cc4-a24e-392407c8673e-impl-thread1] INFO  server.RaftServerConfigKeys (ConfUtils.java:logGet(46)) - raft.server.log.force.sync.num = 128 (default)
2025-05-13 07:50:36,719 [37e1ecfd-f2a2-4cc4-a24e-392407c8673e-impl-thread1] INFO  server.RaftServerConfigKeys (ConfUtils.java:logGet(46)) - raft.server.log.statemachine.data.sync = true (default)
2025-05-13 07:50:36,719 [37e1ecfd-f2a2-4cc4-a24e-392407c8673e-impl-thread1] INFO  server.RaftServerConfigKeys (ConfUtils.java:logGet(46)) - raft.server.log.statemachine.data.sync.timeout = 10s (default)
2025-05-13 07:50:36,719 [37e1ecfd-f2a2-4cc4-a24e-392407c8673e-impl-thread1] INFO  server.RaftServerConfigKeys (ConfUtils.java:logGet(46)) - raft.server.log.statemachine.data.sync.timeout.retry = -1 (default)
2025-05-13 07:50:36,720 [37e1ecfd-f2a2-4cc4-a24e-392407c8673e-impl-thread1] INFO  server.RaftServerConfigKeys (ConfUtils.java:logGet(46)) - raft.server.log.write.buffer.size = 4194312 (custom)
2025-05-13 07:50:36,722 [37e1ecfd-f2a2-4cc4-a24e-392407c8673e-impl-thread1] INFO  server.RaftServerConfigKeys (ConfUtils.java:logGet(46)) - raft.server.log.appender.buffer.byte-limit = 4194304 (custom)
2025-05-13 07:50:36,722 [37e1ecfd-f2a2-4cc4-a24e-392407c8673e-impl-thread1] INFO  server.RaftServerConfigKeys (ConfUtils.java:logGet(46)) - raft.server.log.unsafe-flush.enabled = false (default)
2025-05-13 07:50:36,722 [37e1ecfd-f2a2-4cc4-a24e-392407c8673e-impl-thread1] INFO  server.RaftServerConfigKeys (ConfUtils.java:logGet(46)) - raft.server.log.async-flush.enabled = false (default)
2025-05-13 07:50:36,722 [37e1ecfd-f2a2-4cc4-a24e-392407c8673e-impl-thread1] INFO  server.RaftServerConfigKeys (ConfUtils.java:logGet(46)) - raft.server.log.statemachine.data.caching.enabled = false (default)
2025-05-13 07:50:36,722 [37e1ecfd-f2a2-4cc4-a24e-392407c8673e-impl-thread1] INFO  segmented.SegmentedRaftLogWorker (SegmentedRaftLogWorker.java:lambda$new$0(139)) - 37e1ecfd-f2a2-4cc4-a24e-392407c8673e@group-8048381EDDC2-SegmentedRaftLogWorker: flushIndex: setUnconditionally 0 -> -1
2025-05-13 07:50:36,722 [37e1ecfd-f2a2-4cc4-a24e-392407c8673e-impl-thread1] INFO  segmented.SegmentedRaftLogWorker (SegmentedRaftLogWorker.java:lambda$new$0(139)) - 37e1ecfd-f2a2-4cc4-a24e-392407c8673e@group-8048381EDDC2-SegmentedRaftLogWorker: safeCacheEvictIndex: setUnconditionally 0 -> -1
2025-05-13 07:50:36,722 [37e1ecfd-f2a2-4cc4-a24e-392407c8673e-impl-thread1] INFO  server.RaftServer$Division (RaftServerImpl.java:start(391)) - 37e1ecfd-f2a2-4cc4-a24e-392407c8673e@group-8048381EDDC2: start as a follower, conf=conf: {index: -1, cur=peers:[37e1ecfd-f2a2-4cc4-a24e-392407c8673e|pkrvmberfyhpb9w:15088]|listeners:[], old=null}
2025-05-13 07:50:36,723 [37e1ecfd-f2a2-4cc4-a24e-392407c8673e-impl-thread1] INFO  server.RaftServer$Division (RaftServerImpl.java:setRole(378)) - 37e1ecfd-f2a2-4cc4-a24e-392407c8673e@group-8048381EDDC2: changes role from      null to FOLLOWER at term 0 for startAsFollower
2025-05-13 07:50:36,723 [37e1ecfd-f2a2-4cc4-a24e-392407c8673e-impl-thread1] INFO  impl.RoleInfo (RoleInfo.java:updateAndGet(148)) - 37e1ecfd-f2a2-4cc4-a24e-392407c8673e: start 37e1ecfd-f2a2-4cc4-a24e-392407c8673e@group-8048381EDDC2-FollowerState
2025-05-13 07:50:36,723 [37e1ecfd-f2a2-4cc4-a24e-392407c8673e-impl-thread1] INFO  util.JmxRegister (JmxRegister.java:tryRegister(44)) - Successfully registered JMX Bean with object name Ratis:service=RaftServer,group=group-8048381EDDC2,id=37e1ecfd-f2a2-4cc4-a24e-392407c8673e
2025-05-13 07:50:36,723 [37e1ecfd-f2a2-4cc4-a24e-392407c8673e-impl-thread1] INFO  util.JmxRegister (JmxRegister.java:register(58)) - register mxBean class org.apache.ratis.server.impl.RaftServerJmxAdapter as Ratis:service=RaftServer,group=group-8048381EDDC2,id=37e1ecfd-f2a2-4cc4-a24e-392407c8673e
2025-05-13 07:50:36,723 [37e1ecfd-f2a2-4cc4-a24e-392407c8673e-impl-thread1] INFO  server.RaftServerConfigKeys (ConfUtils.java:logGet(46)) - raft.server.snapshot.trigger-when-stop.enabled = true (default)
2025-05-13 07:50:36,723 [37e1ecfd-f2a2-4cc4-a24e-392407c8673e-impl-thread1] INFO  server.RaftServerConfigKeys (ConfUtils.java:logGet(46)) - raft.server.snapshot.trigger-when-remove.enabled = true (default)
2025-05-13 07:50:36,723 [37e1ecfd-f2a2-4cc4-a24e-392407c8673e@group-8048381EDDC2-FollowerState] INFO  server.RaftServerConfigKeys (ConfUtils.java:logFallback(53)) - raft.server.rpc.first-election.timeout.min = 5000ms (fallback to raft.server.rpc.timeout.min)
2025-05-13 07:50:36,723 [37e1ecfd-f2a2-4cc4-a24e-392407c8673e@group-8048381EDDC2-FollowerState] INFO  server.RaftServerConfigKeys (ConfUtils.java:logFallback(53)) - raft.server.rpc.first-election.timeout.max = 5200ms (fallback to raft.server.rpc.timeout.max)
2025-05-13 07:50:36,723 [37e1ecfd-f2a2-4cc4-a24e-392407c8673e-impl-thread1] INFO  server.RaftServerConfigKeys (ConfUtils.java:logGet(46)) - raft.server.snapshot.auto.trigger.enabled = true (custom)
2025-05-13 07:50:36,723 [37e1ecfd-f2a2-4cc4-a24e-392407c8673e-impl-thread1] INFO  server.RaftServerConfigKeys (ConfUtils.java:logGet(46)) - raft.server.snapshot.auto.trigger.threshold = 1000 (custom)
2025-05-13 07:50:36,723 [37e1ecfd-f2a2-4cc4-a24e-392407c8673e-impl-thread1] INFO  server.RaftServerConfigKeys (ConfUtils.java:logGet(46)) - raft.server.snapshot.retention.file.num = -1 (default)
2025-05-13 07:50:36,723 [37e1ecfd-f2a2-4cc4-a24e-392407c8673e-impl-thread1] INFO  server.RaftServerConfigKeys (ConfUtils.java:logGet(46)) - raft.server.log.purge.upto.snapshot.index = false (default)
2025-05-13 07:50:36,724 [37e1ecfd-f2a2-4cc4-a24e-392407c8673e-impl-thread1] INFO  server.RaftServer$Division (RaftServerImpl.java:start(405)) - 37e1ecfd-f2a2-4cc4-a24e-392407c8673e@group-8048381EDDC2: Successfully started.
2025-05-13 07:50:36,724 [main] INFO  server.RaftServer (RaftServerProxy.java:startImpl(407)) - 37e1ecfd-f2a2-4cc4-a24e-392407c8673e: start RPC server
2025-05-13 07:50:36,724 [main] INFO  server.GrpcService (GrpcService.java:startImpl(334)) - 37e1ecfd-f2a2-4cc4-a24e-392407c8673e: GrpcService started, listening on 15088
2025-05-13 07:50:36,725 [JvmPauseMonitor18] INFO  util.JvmPauseMonitor (JvmPauseMonitor.java:run(146)) - JvmPauseMonitor-37e1ecfd-f2a2-4cc4-a24e-392407c8673e: Started
2025-05-13 07:50:37,625 [om1-om-CertificateRenewerService] INFO  retry.RetryInvocationHandler (RetryInvocationHandler.java:log(426)) - com.google.protobuf.ServiceException: java.net.ConnectException: Call From pkrvmberfyhpb9w/10.1.0.36 to localhost:15024 failed on connection exception: java.net.ConnectException: Connection refused; For more details see:  http://wiki.apache.org/hadoop/ConnectionRefused, while invoking $Proxy45.submitRequest over nodeId=scmNodeId,nodeAddress=localhost/127.0.0.1:15024 after 215 failover attempts. Trying to failover after sleeping for 2000ms. Current retry count: 215.
2025-05-13 07:50:39,626 [om1-om-CertificateRenewerService] INFO  retry.RetryInvocationHandler (RetryInvocationHandler.java:log(426)) - com.google.protobuf.ServiceException: java.net.ConnectException: Call From pkrvmberfyhpb9w/10.1.0.36 to localhost:15024 failed on connection exception: java.net.ConnectException: Connection refused; For more details see:  http://wiki.apache.org/hadoop/ConnectionRefused, while invoking $Proxy45.submitRequest over nodeId=scmNodeId,nodeAddress=localhost/127.0.0.1:15024 after 216 failover attempts. Trying to failover after sleeping for 2000ms. Current retry count: 216.
2025-05-13 07:50:41,630 [om1-om-CertificateRenewerService] INFO  retry.RetryInvocationHandler (RetryInvocationHandler.java:log(426)) - com.google.protobuf.ServiceException: java.net.ConnectException: Call From pkrvmberfyhpb9w/10.1.0.36 to localhost:15024 failed on connection exception: java.net.ConnectException: Connection refused; For more details see:  http://wiki.apache.org/hadoop/ConnectionRefused, while invoking $Proxy45.submitRequest over nodeId=scmNodeId,nodeAddress=localhost/127.0.0.1:15024 after 217 failover attempts. Trying to failover after sleeping for 2000ms. Current retry count: 217.
2025-05-13 07:50:41,752 [37e1ecfd-f2a2-4cc4-a24e-392407c8673e@group-8048381EDDC2-FollowerState] INFO  impl.FollowerState (FollowerState.java:runImpl(161)) - 37e1ecfd-f2a2-4cc4-a24e-392407c8673e@group-8048381EDDC2-FollowerState: change to CANDIDATE, lastRpcElapsedTime:5029668809ns, electionTimeout:5029ms
2025-05-13 07:50:41,752 [37e1ecfd-f2a2-4cc4-a24e-392407c8673e@group-8048381EDDC2-FollowerState] INFO  impl.RoleInfo (RoleInfo.java:shutdownFollowerState(121)) - 37e1ecfd-f2a2-4cc4-a24e-392407c8673e: shutdown 37e1ecfd-f2a2-4cc4-a24e-392407c8673e@group-8048381EDDC2-FollowerState
2025-05-13 07:50:41,752 [37e1ecfd-f2a2-4cc4-a24e-392407c8673e@group-8048381EDDC2-FollowerState] INFO  server.RaftServer$Division (RaftServerImpl.java:setRole(378)) - 37e1ecfd-f2a2-4cc4-a24e-392407c8673e@group-8048381EDDC2: changes role from  FOLLOWER to CANDIDATE at term 0 for changeToCandidate
2025-05-13 07:50:41,753 [37e1ecfd-f2a2-4cc4-a24e-392407c8673e@group-8048381EDDC2-FollowerState] INFO  server.RaftServerConfigKeys (ConfUtils.java:logGet(46)) - raft.server.leaderelection.pre-vote = true (default)
2025-05-13 07:50:41,753 [37e1ecfd-f2a2-4cc4-a24e-392407c8673e@group-8048381EDDC2-FollowerState] INFO  impl.RoleInfo (RoleInfo.java:updateAndGet(148)) - 37e1ecfd-f2a2-4cc4-a24e-392407c8673e: start 37e1ecfd-f2a2-4cc4-a24e-392407c8673e@group-8048381EDDC2-LeaderElection13
2025-05-13 07:50:41,753 [37e1ecfd-f2a2-4cc4-a24e-392407c8673e@group-8048381EDDC2-LeaderElection13] INFO  impl.LeaderElection (LeaderElection.java:askForVotes(332)) - 37e1ecfd-f2a2-4cc4-a24e-392407c8673e@group-8048381EDDC2-LeaderElection13 PRE_VOTE round 0: submit vote requests at term 0 for conf: {index: -1, cur=peers:[37e1ecfd-f2a2-4cc4-a24e-392407c8673e|pkrvmberfyhpb9w:15088]|listeners:[], old=null}
2025-05-13 07:50:41,753 [37e1ecfd-f2a2-4cc4-a24e-392407c8673e@group-8048381EDDC2-LeaderElection13] INFO  impl.LeaderElection (LeaderElection.java:askForVotes(334)) - 37e1ecfd-f2a2-4cc4-a24e-392407c8673e@group-8048381EDDC2-LeaderElection13 PRE_VOTE round 0: result PASSED (term=0)
2025-05-13 07:50:41,754 [37e1ecfd-f2a2-4cc4-a24e-392407c8673e@group-8048381EDDC2-LeaderElection13] INFO  impl.LeaderElection (LeaderElection.java:askForVotes(332)) - 37e1ecfd-f2a2-4cc4-a24e-392407c8673e@group-8048381EDDC2-LeaderElection13 ELECTION round 0: submit vote requests at term 1 for conf: {index: -1, cur=peers:[37e1ecfd-f2a2-4cc4-a24e-392407c8673e|pkrvmberfyhpb9w:15088]|listeners:[], old=null}
2025-05-13 07:50:41,754 [37e1ecfd-f2a2-4cc4-a24e-392407c8673e@group-8048381EDDC2-LeaderElection13] INFO  impl.LeaderElection (LeaderElection.java:askForVotes(334)) - 37e1ecfd-f2a2-4cc4-a24e-392407c8673e@group-8048381EDDC2-LeaderElection13 ELECTION round 0: result PASSED (term=1)
2025-05-13 07:50:41,754 [37e1ecfd-f2a2-4cc4-a24e-392407c8673e@group-8048381EDDC2-LeaderElection13] INFO  impl.RoleInfo (RoleInfo.java:shutdownLeaderElection(141)) - 37e1ecfd-f2a2-4cc4-a24e-392407c8673e: shutdown 37e1ecfd-f2a2-4cc4-a24e-392407c8673e@group-8048381EDDC2-LeaderElection13
2025-05-13 07:50:41,754 [37e1ecfd-f2a2-4cc4-a24e-392407c8673e@group-8048381EDDC2-LeaderElection13] INFO  server.RaftServer$Division (RaftServerImpl.java:setRole(378)) - 37e1ecfd-f2a2-4cc4-a24e-392407c8673e@group-8048381EDDC2: changes role from CANDIDATE to LEADER at term 1 for changeToLeader
2025-05-13 07:50:41,754 [37e1ecfd-f2a2-4cc4-a24e-392407c8673e@group-8048381EDDC2-LeaderElection13] INFO  server.RaftServerConfigKeys (ConfUtils.java:logGet(46)) - raft.server.staging.catchup.gap = 1000 (default)
2025-05-13 07:50:41,755 [37e1ecfd-f2a2-4cc4-a24e-392407c8673e@group-8048381EDDC2-LeaderElection13] INFO  server.RaftServerConfigKeys (ConfUtils.java:logGet(46)) - raft.server.write.element-limit = 4096 (default)
2025-05-13 07:50:41,755 [37e1ecfd-f2a2-4cc4-a24e-392407c8673e@group-8048381EDDC2-LeaderElection13] INFO  server.RaftServerConfigKeys (ConfUtils.java:logGet(46)) - raft.server.write.byte-limit = 64MB (=67108864) (default)
2025-05-13 07:50:41,755 [37e1ecfd-f2a2-4cc4-a24e-392407c8673e@group-8048381EDDC2-LeaderElection13] INFO  server.RaftServerConfigKeys (ConfUtils.java:logGet(46)) - raft.server.watch.timeout = 10s (default)
2025-05-13 07:50:41,755 [37e1ecfd-f2a2-4cc4-a24e-392407c8673e@group-8048381EDDC2-LeaderElection13] INFO  server.RaftServerConfigKeys (ConfUtils.java:logGet(46)) - raft.server.watch.timeout.denomination = 1s (default)
2025-05-13 07:50:41,755 [37e1ecfd-f2a2-4cc4-a24e-392407c8673e@group-8048381EDDC2-LeaderElection13] INFO  server.RaftServerConfigKeys (ConfUtils.java:logGet(46)) - raft.server.watch.element-limit = 65536 (default)
2025-05-13 07:50:41,755 [37e1ecfd-f2a2-4cc4-a24e-392407c8673e@group-8048381EDDC2-LeaderElection13] INFO  server.RaftServerConfigKeys (ConfUtils.java:logGet(46)) - raft.server.read.leader.lease.enabled = false (default)
2025-05-13 07:50:41,756 [37e1ecfd-f2a2-4cc4-a24e-392407c8673e@group-8048381EDDC2-LeaderElection13] INFO  server.RaftServerConfigKeys (ConfUtils.java:logGet(46)) - raft.server.read.leader.lease.timeout.ratio = 0.9 (default)
2025-05-13 07:50:41,756 [37e1ecfd-f2a2-4cc4-a24e-392407c8673e@group-8048381EDDC2-LeaderElection13] INFO  server.RaftServerConfigKeys (ConfUtils.java:logGet(46)) - raft.server.rpc.timeout.min = 5000ms (custom)
2025-05-13 07:50:41,756 [37e1ecfd-f2a2-4cc4-a24e-392407c8673e@group-8048381EDDC2-LeaderElection13] INFO  server.RaftServerConfigKeys (ConfUtils.java:logGet(46)) - raft.server.log.log-metadata.enabled = true (default)
2025-05-13 07:50:41,756 [37e1ecfd-f2a2-4cc4-a24e-392407c8673e@group-8048381EDDC2-LeaderElection13] INFO  server.RaftServerConfigKeys (ConfUtils.java:logGet(46)) - raft.server.write.element-limit = 4096 (default)
2025-05-13 07:50:41,756 [37e1ecfd-f2a2-4cc4-a24e-392407c8673e@group-8048381EDDC2-LeaderElection13] INFO  server.RaftServerConfigKeys (ConfUtils.java:logGet(46)) - raft.server.write.follower.gap.ratio.max = -1.0 (default)
2025-05-13 07:50:41,756 [37e1ecfd-f2a2-4cc4-a24e-392407c8673e@group-8048381EDDC2-LeaderElection13] INFO  impl.RoleInfo (RoleInfo.java:updateAndGet(148)) - 37e1ecfd-f2a2-4cc4-a24e-392407c8673e: start 37e1ecfd-f2a2-4cc4-a24e-392407c8673e@group-8048381EDDC2-LeaderStateImpl
2025-05-13 07:50:41,756 [37e1ecfd-f2a2-4cc4-a24e-392407c8673e@group-8048381EDDC2-LeaderElection13] INFO  server.RaftServer$Division (RaftServerImpl.java:setFirstElection(562)) - 37e1ecfd-f2a2-4cc4-a24e-392407c8673e@group-8048381EDDC2: set firstElectionSinceStartup to false for becomeLeader
2025-05-13 07:50:41,756 [37e1ecfd-f2a2-4cc4-a24e-392407c8673e@group-8048381EDDC2-LeaderElection13] INFO  server.RaftServer$Division (ServerState.java:setLeader(272)) - 37e1ecfd-f2a2-4cc4-a24e-392407c8673e@group-8048381EDDC2: change Leader from null to 37e1ecfd-f2a2-4cc4-a24e-392407c8673e at term 1 for becomeLeader, leader elected after 5043ms
2025-05-13 07:50:41,756 [37e1ecfd-f2a2-4cc4-a24e-392407c8673e@group-8048381EDDC2-LeaderElection13] INFO  segmented.SegmentedRaftLogWorker (SegmentedRaftLogWorker.java:startLogSegment(438)) - 37e1ecfd-f2a2-4cc4-a24e-392407c8673e@group-8048381EDDC2-SegmentedRaftLogWorker: Starting segment from index:0
2025-05-13 07:50:41,756 [37e1ecfd-f2a2-4cc4-a24e-392407c8673e@group-8048381EDDC2-LeaderElection13] INFO  server.RaftServer$Division (ServerState.java:setRaftConf(386)) - 37e1ecfd-f2a2-4cc4-a24e-392407c8673e@group-8048381EDDC2: set configuration conf: {index: 0, cur=peers:[37e1ecfd-f2a2-4cc4-a24e-392407c8673e|pkrvmberfyhpb9w:15088]|listeners:[], old=null}
2025-05-13 07:50:41,756 [37e1ecfd-f2a2-4cc4-a24e-392407c8673e@group-8048381EDDC2-SegmentedRaftLogWorker] INFO  segmented.BufferedWriteChannel (BufferedWriteChannel.java:open(61)) - open log_inprogress_0 at position 0
2025-05-13 07:50:41,762 [37e1ecfd-f2a2-4cc4-a24e-392407c8673e@group-8048381EDDC2-SegmentedRaftLogWorker] INFO  segmented.SegmentedRaftLogWorker (SegmentedRaftLogWorker.java:execute(644)) - 37e1ecfd-f2a2-4cc4-a24e-392407c8673e@group-8048381EDDC2-SegmentedRaftLogWorker: created new log segment /tmp/junit-10141754546995174365/scm-meta/scm-ha/8f9226c0-69a7-49ea-a860-8048381eddc2/current/log_inprogress_0
2025-05-13 07:50:41,763 [37e1ecfd-f2a2-4cc4-a24e-392407c8673e@group-8048381EDDC2-StateMachineUpdater] INFO  server.RaftServer$Division (LeaderStateImpl.java:checkStartIndex(313)) - Leader 37e1ecfd-f2a2-4cc4-a24e-392407c8673e@group-8048381EDDC2-LeaderStateImpl is ready since appliedIndex == startIndex == 0
2025-05-13 07:50:42,725 [main] INFO  server.RaftServer (RaftServerProxy.java:lambda$close$9(417)) - 37e1ecfd-f2a2-4cc4-a24e-392407c8673e: close
2025-05-13 07:50:42,725 [main] INFO  server.GrpcService (GrpcService.java:closeImpl(343)) - 37e1ecfd-f2a2-4cc4-a24e-392407c8673e: shutdown server GrpcServerProtocolService now
2025-05-13 07:50:42,725 [37e1ecfd-f2a2-4cc4-a24e-392407c8673e-impl-thread1] INFO  server.RaftServer$Division (RaftServerImpl.java:lambda$close$1(513)) - 37e1ecfd-f2a2-4cc4-a24e-392407c8673e@group-8048381EDDC2: shutdown
2025-05-13 07:50:42,726 [37e1ecfd-f2a2-4cc4-a24e-392407c8673e-impl-thread1] INFO  util.JmxRegister (JmxRegister.java:unregister(74)) - Successfully un-registered JMX Bean with object name Ratis:service=RaftServer,group=group-8048381EDDC2,id=37e1ecfd-f2a2-4cc4-a24e-392407c8673e
2025-05-13 07:50:42,726 [37e1ecfd-f2a2-4cc4-a24e-392407c8673e-impl-thread1] INFO  impl.RoleInfo (RoleInfo.java:shutdownLeaderState(103)) - 37e1ecfd-f2a2-4cc4-a24e-392407c8673e: shutdown 37e1ecfd-f2a2-4cc4-a24e-392407c8673e@group-8048381EDDC2-LeaderStateImpl
2025-05-13 07:50:42,726 [37e1ecfd-f2a2-4cc4-a24e-392407c8673e-impl-thread1] INFO  impl.PendingRequests (PendingRequests.java:sendNotLeaderResponses(287)) - 37e1ecfd-f2a2-4cc4-a24e-392407c8673e@group-8048381EDDC2-PendingRequests: sendNotLeaderResponses
2025-05-13 07:50:42,726 [main] INFO  server.GrpcService (GrpcService.java:closeImpl(352)) - 37e1ecfd-f2a2-4cc4-a24e-392407c8673e: shutdown server GrpcServerProtocolService successfully
2025-05-13 07:50:42,727 [37e1ecfd-f2a2-4cc4-a24e-392407c8673e-impl-thread1] INFO  impl.StateMachineUpdater (StateMachineUpdater.java:stopAndJoin(164)) - 37e1ecfd-f2a2-4cc4-a24e-392407c8673e@group-8048381EDDC2-StateMachineUpdater: set stopIndex = 0
2025-05-13 07:50:42,727 [37e1ecfd-f2a2-4cc4-a24e-392407c8673e@group-8048381EDDC2-StateMachineUpdater] INFO  impl.StateMachineUpdater (StateMachineUpdater.java:takeSnapshot(303)) - 37e1ecfd-f2a2-4cc4-a24e-392407c8673e@group-8048381EDDC2-StateMachineUpdater: Took a snapshot at index 0
2025-05-13 07:50:42,727 [37e1ecfd-f2a2-4cc4-a24e-392407c8673e@group-8048381EDDC2-StateMachineUpdater] INFO  impl.StateMachineUpdater (StateMachineUpdater.java:lambda$new$0(102)) - 37e1ecfd-f2a2-4cc4-a24e-392407c8673e@group-8048381EDDC2-StateMachineUpdater: snapshotIndex: updateIncreasingly -1 -> 0
2025-05-13 07:50:42,727 [37e1ecfd-f2a2-4cc4-a24e-392407c8673e@group-8048381EDDC2-StateMachineUpdater] INFO  impl.StateMachineUpdater (StateMachineUpdater.java:stop(141)) - 37e1ecfd-f2a2-4cc4-a24e-392407c8673e@group-8048381EDDC2-StateMachineUpdater: closing SCMStateMachine, lastApplied=(t:1, i:0)
2025-05-13 07:50:42,727 [37e1ecfd-f2a2-4cc4-a24e-392407c8673e@group-8048381EDDC2-cacheEviction-AwaitToRun] INFO  util.AwaitToRun (AwaitToRun.java:run(49)) - 37e1ecfd-f2a2-4cc4-a24e-392407c8673e@group-8048381EDDC2-cacheEviction-AwaitToRun-AwaitForSignal is interrupted
2025-05-13 07:50:42,763 [37e1ecfd-f2a2-4cc4-a24e-392407c8673e-impl-thread1] INFO  segmented.SegmentedRaftLogWorker (SegmentedRaftLogWorker.java:close(252)) - 37e1ecfd-f2a2-4cc4-a24e-392407c8673e@group-8048381EDDC2-SegmentedRaftLogWorker close()
2025-05-13 07:50:42,763 [JvmPauseMonitor18] INFO  util.JvmPauseMonitor (JvmPauseMonitor.java:run(152)) - JvmPauseMonitor-37e1ecfd-f2a2-4cc4-a24e-392407c8673e: Stopped
2025-05-13 07:50:42,764 [main] WARN  server.ServerUtils (ServerUtils.java:getScmDbDir(138)) - ozone.scm.db.dirs is not configured. We recommend adding this setting. Falling back to ozone.metadata.dirs instead.
2025-05-13 07:50:42,764 [main] INFO  ha.SCMHANodeDetails (SCMHANodeDetails.java:loadSCMHAConfig(162)) - ServiceID for StorageContainerManager is null
2025-05-13 07:50:42,764 [main] INFO  ha.SCMHANodeDetails (SCMHANodeDetails.java:loadSCMHAConfig(166)) - ozone.scm.default.service.id is not defined, falling back to ozone.scm.service.ids to find serviceID for StorageContainerManager if it is HA enabled cluster
2025-05-13 07:50:42,765 [main] WARN  server.ServerUtils (ServerUtils.java:getScmDbDir(138)) - ozone.scm.db.dirs is not configured. We recommend adding this setting. Falling back to ozone.metadata.dirs instead.
2025-05-13 07:50:42,765 [main] INFO  ha.SCMHANodeDetails (SCMHANodeDetails.java:loadSCMHAConfig(162)) - ServiceID for StorageContainerManager is null
2025-05-13 07:50:42,765 [main] INFO  ha.SCMHANodeDetails (SCMHANodeDetails.java:loadSCMHAConfig(166)) - ozone.scm.default.service.id is not defined, falling back to ozone.scm.service.ids to find serviceID for StorageContainerManager if it is HA enabled cluster
2025-05-13 07:50:42,767 [main] WARN  server.ServerUtils (ServerUtils.java:getScmDbDir(138)) - ozone.scm.db.dirs is not configured. We recommend adding this setting. Falling back to ozone.metadata.dirs instead.
2025-05-13 07:50:42,767 [main] INFO  ha.SCMHANodeDetails (SCMHANodeDetails.java:loadSCMHAConfig(162)) - ServiceID for StorageContainerManager is null
2025-05-13 07:50:42,767 [main] INFO  ha.SCMHANodeDetails (SCMHANodeDetails.java:loadSCMHAConfig(166)) - ozone.scm.default.service.id is not defined, falling back to ozone.scm.service.ids to find serviceID for StorageContainerManager if it is HA enabled cluster
2025-05-13 07:50:42,768 [main] WARN  server.ServerUtils (ServerUtils.java:getScmDbDir(138)) - ozone.scm.db.dirs is not configured. We recommend adding this setting. Falling back to ozone.metadata.dirs instead.
2025-05-13 07:50:42,768 [main] INFO  ha.SCMHANodeDetails (SCMHANodeDetails.java:loadSCMHAConfig(162)) - ServiceID for StorageContainerManager is null
2025-05-13 07:50:42,768 [main] INFO  ha.SCMHANodeDetails (SCMHANodeDetails.java:loadSCMHAConfig(166)) - ozone.scm.default.service.id is not defined, falling back to ozone.scm.service.ids to find serviceID for StorageContainerManager if it is HA enabled cluster
2025-05-13 07:50:42,768 [main] INFO  impl.DefaultInternalKdcServerImpl (DefaultInternalKdcServerImpl.java:doStop(102)) - Default Internal kdc server stopped.
2025-05-13 07:50:43,631 [om1-om-CertificateRenewerService] INFO  retry.RetryInvocationHandler (RetryInvocationHandler.java:log(426)) - com.google.protobuf.ServiceException: java.net.ConnectException: Call From pkrvmberfyhpb9w/10.1.0.36 to localhost:15024 failed on connection exception: java.net.ConnectException: Connection refused; For more details see:  http://wiki.apache.org/hadoop/ConnectionRefused, while invoking $Proxy45.submitRequest over nodeId=scmNodeId,nodeAddress=localhost/127.0.0.1:15024 after 218 failover attempts. Trying to failover after sleeping for 2000ms. Current retry count: 218.
2025-05-13 07:50:43,769 [main] INFO  minikdc.MiniKdc (MiniKdc.java:stop(359)) - MiniKdc stopped.
]]></system-out>
  </testcase>
  <testcase name="testAdminAccessControlException" classname="org.apache.hadoop.ozone.TestSecureOzoneCluster" time="8.872">
    <system-out><![CDATA[2025-05-13 07:50:43,787 [main] INFO  minikdc.MiniKdc (MiniKdc.java:<init>(225)) - Configuration:
2025-05-13 07:50:43,787 [main] INFO  minikdc.MiniKdc (MiniKdc.java:<init>(226)) - ---------------------------------------------------------------
2025-05-13 07:50:43,787 [main] INFO  minikdc.MiniKdc (MiniKdc.java:<init>(228)) -   max.renewable.lifetime: 604800000
2025-05-13 07:50:43,787 [main] INFO  minikdc.MiniKdc (MiniKdc.java:<init>(228)) -   instance: DefaultKrbServer
2025-05-13 07:50:43,787 [main] INFO  minikdc.MiniKdc (MiniKdc.java:<init>(228)) -   debug: false
2025-05-13 07:50:43,787 [main] INFO  minikdc.MiniKdc (MiniKdc.java:<init>(228)) -   kdc.bind.address: localhost
2025-05-13 07:50:43,787 [main] INFO  minikdc.MiniKdc (MiniKdc.java:<init>(228)) -   max.ticket.lifetime: 86400000
2025-05-13 07:50:43,787 [main] INFO  minikdc.MiniKdc (MiniKdc.java:<init>(228)) -   transport: TCP
2025-05-13 07:50:43,787 [main] INFO  minikdc.MiniKdc (MiniKdc.java:<init>(228)) -   org.name: EXAMPLE
2025-05-13 07:50:43,787 [main] INFO  minikdc.MiniKdc (MiniKdc.java:<init>(228)) -   org.domain: COM
2025-05-13 07:50:43,787 [main] INFO  minikdc.MiniKdc (MiniKdc.java:<init>(228)) -   kdc.port: 0
2025-05-13 07:50:43,787 [main] INFO  minikdc.MiniKdc (MiniKdc.java:<init>(230)) - ---------------------------------------------------------------
2025-05-13 07:50:43,788 [main] INFO  minikdc.MiniKdc (MiniKdc.java:start(285)) - MiniKdc started.
2025-05-13 07:50:43,961 [main] INFO  keys.KeyStorage (KeyStorage.java:storePublicKey(210)) - Storing public key to /tmp/junit-11264462521574289389/om-meta/om/keys/public.pem.
2025-05-13 07:50:43,961 [main] INFO  keys.KeyStorage (KeyStorage.java:storePrivateKey(194)) - Storing private key to /tmp/junit-11264462521574289389/om-meta/om/keys/private.pem.
2025-05-13 07:50:43,962 [main] INFO  om.OzoneManager (OzoneManager.java:getOmDetailsProto(4941)) - OzoneManager ports added:[name: "RPC"
value: 15097
]
2025-05-13 07:50:43,962 [main] WARN  server.ServerUtils (ServerUtils.java:getScmDbDir(138)) - ozone.scm.db.dirs is not configured. We recommend adding this setting. Falling back to ozone.metadata.dirs instead.
2025-05-13 07:50:43,962 [main] INFO  ha.HASecurityUtils (HASecurityUtils.java:initializeSecurity(79)) - Initializing secure StorageContainerManager.
2025-05-13 07:50:43,963 [main] INFO  proxy.SCMSecurityProtocolFailoverProxyProvider (SCMFailoverProxyProviderBase.java:<init>(120)) - Created fail-over proxy for protocol SCMSecurityProtocolPB with 1 nodes: [nodeId=scmNodeId,nodeAddress=localhost/127.0.0.1:15094]
2025-05-13 07:50:43,963 [main] INFO  client.SCMCertificateClient (DefaultCertificateClient.java:updateCertSerialId(1289)) - Certificate serial ID set to null
2025-05-13 07:50:43,963 [main] ERROR client.SCMCertificateClient (DefaultCertificateClient.java:getCertPath(373)) - Default certificate serial id is not set. Can't locate the default certificate for this client.
2025-05-13 07:50:43,963 [main] INFO  client.SCMCertificateClient (DefaultCertificateClient.java:init(717)) - Certificate client init case: 0
2025-05-13 07:50:43,963 [main] INFO  client.SCMCertificateClient (DefaultCertificateClient.java:handleCase(735)) - Creating keypair for client as keypair and certificate not found.
2025-05-13 07:50:44,054 [main] INFO  keys.KeyStorage (KeyStorage.java:storePublicKey(210)) - Storing public key to /tmp/junit-11264462521574289389/scm-meta/scm/sub-ca/keys/public.pem.
2025-05-13 07:50:44,054 [main] INFO  keys.KeyStorage (KeyStorage.java:storePrivateKey(194)) - Storing private key to /tmp/junit-11264462521574289389/scm-meta/scm/sub-ca/keys/private.pem.
2025-05-13 07:50:44,054 [main] INFO  client.SCMCertificateClient (SCMCertificateClient.java:recoverStateIfNeeded(278)) - Init response: GETCERT
2025-05-13 07:50:44,054 [main] INFO  keys.KeyStorage (KeyStorage.java:readPublicKey(174)) - Reading public key from /tmp/junit-11264462521574289389/scm-meta/scm/ca/keys/public.pem.
2025-05-13 07:50:44,054 [main] ERROR keys.KeyStorage (KeyStorage.java:readPublicKey(178)) - Failed to read the public key.
java.nio.file.NoSuchFileException: /tmp/junit-11264462521574289389/scm-meta/scm/ca/keys/public.pem
	at java.base/sun.nio.fs.UnixException.translateToIOException(UnixException.java:92)
	at java.base/sun.nio.fs.UnixException.rethrowAsIOException(UnixException.java:106)
	at java.base/sun.nio.fs.UnixException.rethrowAsIOException(UnixException.java:111)
	at java.base/sun.nio.fs.UnixFileSystemProvider.newByteChannel(UnixFileSystemProvider.java:261)
	at java.base/java.nio.file.Files.newByteChannel(Files.java:380)
	at java.base/java.nio.file.Files.newByteChannel(Files.java:432)
	at java.base/java.nio.file.Files.readAllBytes(Files.java:3281)
	at org.apache.hadoop.hdds.security.x509.keys.KeyStorage.readPublicKey(KeyStorage.java:176)
	at org.apache.hadoop.hdds.security.x509.keys.KeyStorage.readKeyPair(KeyStorage.java:184)
	at org.apache.hadoop.hdds.security.x509.certificate.authority.DefaultCAServer.checkIfKeysExist(DefaultCAServer.java:354)
	at org.apache.hadoop.hdds.security.x509.certificate.authority.DefaultCAServer.verifySelfSignedCA(DefaultCAServer.java:323)
	at org.apache.hadoop.hdds.security.x509.certificate.authority.DefaultCAServer.init(DefaultCAServer.java:162)
	at org.apache.hadoop.hdds.security.x509.certificate.client.SCMCertificateClient.initializeRootCertificateServer(SCMCertificateClient.java:396)
	at org.apache.hadoop.hdds.security.x509.certificate.client.SCMCertificateClient.getPrimarySCMSelfSignedCert(SCMCertificateClient.java:346)
	at org.apache.hadoop.hdds.security.x509.certificate.client.SCMCertificateClient.recoverStateIfNeeded(SCMCertificateClient.java:287)
	at org.apache.hadoop.hdds.security.x509.certificate.client.DefaultCertificateClient.initWithRecovery(DefaultCertificateClient.java:698)
	at org.apache.hadoop.hdds.scm.ha.HASecurityUtils.initializeSecurity(HASecurityUtils.java:96)
	at org.apache.hadoop.ozone.TestSecureOzoneCluster.initSCM(TestSecureOzoneCluster.java:450)
	at org.apache.hadoop.ozone.TestSecureOzoneCluster.testAdminAccessControlException(TestSecureOzoneCluster.java:408)
	at java.base/jdk.internal.reflect.DirectMethodHandleAccessor.invoke(DirectMethodHandleAccessor.java:103)
	at java.base/java.lang.reflect.Method.invoke(Method.java:580)
	at org.junit.platform.commons.util.ReflectionUtils.invokeMethod(ReflectionUtils.java:775)
	at org.junit.platform.commons.support.ReflectionSupport.invokeMethod(ReflectionSupport.java:479)
	at org.junit.jupiter.engine.execution.MethodInvocation.proceed(MethodInvocation.java:60)
	at org.junit.jupiter.engine.execution.InvocationInterceptorChain$ValidatingInvocation.proceed(InvocationInterceptorChain.java:131)
	at org.junit.jupiter.engine.extension.SameThreadTimeoutInvocation.proceed(SameThreadTimeoutInvocation.java:49)
	at org.junit.jupiter.engine.extension.TimeoutExtension.intercept(TimeoutExtension.java:161)
	at org.junit.jupiter.engine.extension.TimeoutExtension.interceptTestableMethod(TimeoutExtension.java:152)
	at org.junit.jupiter.engine.extension.TimeoutExtension.interceptTestMethod(TimeoutExtension.java:91)
	at org.junit.jupiter.engine.execution.InterceptingExecutableInvoker$ReflectiveInterceptorCall.lambda$ofVoidMethod$0(InterceptingExecutableInvoker.java:112)
	at org.junit.jupiter.engine.execution.InterceptingExecutableInvoker.lambda$invoke$0(InterceptingExecutableInvoker.java:94)
	at org.junit.jupiter.engine.execution.InvocationInterceptorChain$InterceptedInvocation.proceed(InvocationInterceptorChain.java:106)
	at org.junit.jupiter.engine.execution.InvocationInterceptorChain.proceed(InvocationInterceptorChain.java:64)
	at org.junit.jupiter.engine.execution.InvocationInterceptorChain.chainAndInvoke(InvocationInterceptorChain.java:45)
	at org.junit.jupiter.engine.execution.InvocationInterceptorChain.invoke(InvocationInterceptorChain.java:37)
	at org.junit.jupiter.engine.execution.InterceptingExecutableInvoker.invoke(InterceptingExecutableInvoker.java:93)
	at org.junit.jupiter.engine.execution.InterceptingExecutableInvoker.invoke(InterceptingExecutableInvoker.java:87)
	at org.junit.jupiter.engine.descriptor.TestMethodTestDescriptor.lambda$invokeTestMethod$7(TestMethodTestDescriptor.java:216)
	at org.junit.platform.engine.support.hierarchical.ThrowableCollector.execute(ThrowableCollector.java:73)
	at org.junit.jupiter.engine.descriptor.TestMethodTestDescriptor.invokeTestMethod(TestMethodTestDescriptor.java:212)
	at org.junit.jupiter.engine.descriptor.TestMethodTestDescriptor.execute(TestMethodTestDescriptor.java:137)
	at org.junit.jupiter.engine.descriptor.TestMethodTestDescriptor.execute(TestMethodTestDescriptor.java:69)
	at org.junit.platform.engine.support.hierarchical.NodeTestTask.lambda$executeRecursively$6(NodeTestTask.java:156)
	at org.junit.platform.engine.support.hierarchical.ThrowableCollector.execute(ThrowableCollector.java:73)
	at org.junit.platform.engine.support.hierarchical.NodeTestTask.lambda$executeRecursively$8(NodeTestTask.java:146)
	at org.junit.platform.engine.support.hierarchical.Node.around(Node.java:137)
	at org.junit.platform.engine.support.hierarchical.NodeTestTask.lambda$executeRecursively$9(NodeTestTask.java:144)
	at org.junit.platform.engine.support.hierarchical.ThrowableCollector.execute(ThrowableCollector.java:73)
	at org.junit.platform.engine.support.hierarchical.NodeTestTask.executeRecursively(NodeTestTask.java:143)
	at org.junit.platform.engine.support.hierarchical.NodeTestTask.execute(NodeTestTask.java:100)
	at java.base/java.util.ArrayList.forEach(ArrayList.java:1596)
	at org.junit.platform.engine.support.hierarchical.SameThreadHierarchicalTestExecutorService.invokeAll(SameThreadHierarchicalTestExecutorService.java:41)
	at org.junit.platform.engine.support.hierarchical.NodeTestTask.lambda$executeRecursively$6(NodeTestTask.java:160)
	at org.junit.platform.engine.support.hierarchical.ThrowableCollector.execute(ThrowableCollector.java:73)
	at org.junit.platform.engine.support.hierarchical.NodeTestTask.lambda$executeRecursively$8(NodeTestTask.java:146)
	at org.junit.platform.engine.support.hierarchical.Node.around(Node.java:137)
	at org.junit.platform.engine.support.hierarchical.NodeTestTask.lambda$executeRecursively$9(NodeTestTask.java:144)
	at org.junit.platform.engine.support.hierarchical.ThrowableCollector.execute(ThrowableCollector.java:73)
	at org.junit.platform.engine.support.hierarchical.NodeTestTask.executeRecursively(NodeTestTask.java:143)
	at org.junit.platform.engine.support.hierarchical.NodeTestTask.execute(NodeTestTask.java:100)
	at java.base/java.util.ArrayList.forEach(ArrayList.java:1596)
	at org.junit.platform.engine.support.hierarchical.SameThreadHierarchicalTestExecutorService.invokeAll(SameThreadHierarchicalTestExecutorService.java:41)
	at org.junit.platform.engine.support.hierarchical.NodeTestTask.lambda$executeRecursively$6(NodeTestTask.java:160)
	at org.junit.platform.engine.support.hierarchical.ThrowableCollector.execute(ThrowableCollector.java:73)
	at org.junit.platform.engine.support.hierarchical.NodeTestTask.lambda$executeRecursively$8(NodeTestTask.java:146)
	at org.junit.platform.engine.support.hierarchical.Node.around(Node.java:137)
	at org.junit.platform.engine.support.hierarchical.NodeTestTask.lambda$executeRecursively$9(NodeTestTask.java:144)
	at org.junit.platform.engine.support.hierarchical.ThrowableCollector.execute(ThrowableCollector.java:73)
	at org.junit.platform.engine.support.hierarchical.NodeTestTask.executeRecursively(NodeTestTask.java:143)
	at org.junit.platform.engine.support.hierarchical.NodeTestTask.execute(NodeTestTask.java:100)
	at org.junit.platform.engine.support.hierarchical.SameThreadHierarchicalTestExecutorService.submit(SameThreadHierarchicalTestExecutorService.java:35)
	at org.junit.platform.engine.support.hierarchical.HierarchicalTestExecutor.execute(HierarchicalTestExecutor.java:57)
	at org.junit.platform.engine.support.hierarchical.HierarchicalTestEngine.execute(HierarchicalTestEngine.java:54)
	at org.junit.platform.launcher.core.EngineExecutionOrchestrator.execute(EngineExecutionOrchestrator.java:201)
	at org.junit.platform.launcher.core.EngineExecutionOrchestrator.execute(EngineExecutionOrchestrator.java:170)
	at org.junit.platform.launcher.core.EngineExecutionOrchestrator.execute(EngineExecutionOrchestrator.java:94)
	at org.junit.platform.launcher.core.EngineExecutionOrchestrator.lambda$execute$0(EngineExecutionOrchestrator.java:59)
	at org.junit.platform.launcher.core.EngineExecutionOrchestrator.withInterceptedStreams(EngineExecutionOrchestrator.java:142)
	at org.junit.platform.launcher.core.EngineExecutionOrchestrator.execute(EngineExecutionOrchestrator.java:58)
	at org.junit.platform.launcher.core.DefaultLauncher.execute(DefaultLauncher.java:103)
	at org.junit.platform.launcher.core.DefaultLauncher.execute(DefaultLauncher.java:85)
	at org.junit.platform.launcher.core.DelegatingLauncher.execute(DelegatingLauncher.java:47)
	at org.junit.platform.launcher.core.InterceptingLauncher.lambda$execute$1(InterceptingLauncher.java:39)
	at org.junit.platform.launcher.core.ClasspathAlignmentCheckingLauncherInterceptor.intercept(ClasspathAlignmentCheckingLauncherInterceptor.java:25)
	at org.junit.platform.launcher.core.InterceptingLauncher.execute(InterceptingLauncher.java:38)
	at org.junit.platform.launcher.core.DelegatingLauncher.execute(DelegatingLauncher.java:47)
	at org.apache.maven.surefire.junitplatform.LazyLauncher.execute(LazyLauncher.java:56)
	at org.apache.maven.surefire.junitplatform.JUnitPlatformProvider.execute(JUnitPlatformProvider.java:184)
	at org.apache.maven.surefire.junitplatform.JUnitPlatformProvider.invokeAllTests(JUnitPlatformProvider.java:148)
	at org.apache.maven.surefire.junitplatform.JUnitPlatformProvider.invoke(JUnitPlatformProvider.java:120)
	at org.apache.maven.surefire.booter.ForkedBooter.runSuitesInProcess(ForkedBooter.java:385)
	at org.apache.maven.surefire.booter.ForkedBooter.execute(ForkedBooter.java:162)
	at org.apache.maven.surefire.booter.ForkedBooter.run(ForkedBooter.java:507)
	at org.apache.maven.surefire.booter.ForkedBooter.main(ForkedBooter.java:495)
2025-05-13 07:50:44,250 [main] INFO  keys.KeyStorage (KeyStorage.java:storePublicKey(210)) - Storing public key to /tmp/junit-11264462521574289389/scm-meta/scm/ca/keys/public.pem.
2025-05-13 07:50:44,250 [main] INFO  keys.KeyStorage (KeyStorage.java:storePrivateKey(194)) - Storing private key to /tmp/junit-11264462521574289389/scm-meta/scm/ca/keys/private.pem.
2025-05-13 07:50:44,251 [main] INFO  ozone.OzoneSecurityUtil (OzoneSecurityUtil.java:getValidInetsForCurrentHost(116)) - ip:fe80:0:0:0:222:48ff:fe46:ea58%eth0 not returned.
2025-05-13 07:50:44,254 [main] INFO  ozone.OzoneSecurityUtil (OzoneSecurityUtil.java:getValidInetsForCurrentHost(113)) - Adding ip:10.1.1.24,host:10.1.1.24
2025-05-13 07:50:44,254 [main] INFO  ozone.OzoneSecurityUtil (OzoneSecurityUtil.java:getValidInetsForCurrentHost(116)) - ip:0:0:0:0:0:0:0:1%lo not returned.
2025-05-13 07:50:44,254 [main] INFO  ozone.OzoneSecurityUtil (OzoneSecurityUtil.java:getValidInetsForCurrentHost(116)) - ip:127.0.0.1 not returned.
2025-05-13 07:50:44,260 [main] ERROR utils.SelfSignedCertificate (SelfSignedCertificate.java:lambda$addInetAddresses$0(244)) - Invalid domain 10.1.1.24
2025-05-13 07:50:44,262 [main] INFO  utils.SelfSignedCertificate (SelfSignedCertificate.java:generateCertificate(156)) - Certificate 1 is issued by SERIALNUMBER=1, O=98ec7afb-b70c-4863-a818-9fe30c7a4dc9, OU=6b3af311-e32e-4fc8-8f5a-7d2ebf50f5ab, CN=scm@pkrvmberfyhpb9w to SERIALNUMBER=1, O=98ec7afb-b70c-4863-a818-9fe30c7a4dc9, OU=6b3af311-e32e-4fc8-8f5a-7d2ebf50f5ab, CN=scm@pkrvmberfyhpb9w, valid from Tue May 13 07:50:44 UTC 2025 to Fri Jun 21 07:50:44 UTC 2030
2025-05-13 07:50:44,263 [main] INFO  utils.CertificateCodec (CertificateCodec.java:writeCertificate(239)) - Save certificate to /tmp/junit-11264462521574289389/scm-meta/scm/ca/certs/certificate.crt
2025-05-13 07:50:44,263 [main] INFO  utils.CertificateCodec (CertificateCodec.java:writeCertificate(240)) - Certificate -----BEGIN CERTIFICATE-----
MIIDwTCCAqmgAwIBAgIBATANBgkqhkiG9w0BAQsFADCBiDEcMBoGA1UEAwwTc2Nt
QHBrcnZtYmVyZnlocGI5dzEtMCsGA1UECwwkNmIzYWYzMTEtZTMyZS00ZmM4LThm
NWEtN2QyZWJmNTBmNWFiMS0wKwYDVQQKDCQ5OGVjN2FmYi1iNzBjLTQ4NjMtYTgx
OC05ZmUzMGM3YTRkYzkxCjAIBgNVBAUTATEwHhcNMjUwNTEzMDc1MDQ0WhcNMzAw
NjIxMDc1MDQ0WjCBiDEcMBoGA1UEAwwTc2NtQHBrcnZtYmVyZnlocGI5dzEtMCsG
A1UECwwkNmIzYWYzMTEtZTMyZS00ZmM4LThmNWEtN2QyZWJmNTBmNWFiMS0wKwYD
VQQKDCQ5OGVjN2FmYi1iNzBjLTQ4NjMtYTgxOC05ZmUzMGM3YTRkYzkxCjAIBgNV
BAUTATEwggEiMA0GCSqGSIb3DQEBAQUAA4IBDwAwggEKAoIBAQDBKmHWi3pzMvgm
g0MlEZkqfLOPUNzWBlZ0WOQCsk1Lrhoo4vluaV1Fx9kUDBuUiqBBlEz17ocDBslr
jsGr6Y5LN8XyX8Rg6OM0jggxXdEfeshEbaosBOXRyrjoQKkxvQEaTjyRWOiAd0Ay
l0JUMhDBNhNv5wNScATPSBA7d7+E1vEeGn/z25KdTXRdz2Ixcn6OHy6zmQ4hlqdj
O5wivBJdRNXF8XFUAOoSgiqWdYtRoO9qMA00VDX+PqxJ+WfheRug0mP06Kr5wbys
Dih9twdSEJ0Ds5LpyJ9ZY8MGkDA9ozE4pXQJaHRRs3GU+3YYNOwsUwBdhYqZP6wu
umRehionAgMBAAGjNDAyMA8GA1UdEwEB/wQFMAMBAf8wDgYDVR0PAQH/BAQDAgEG
MA8GA1UdEQQIMAaHBAoBARgwDQYJKoZIhvcNAQELBQADggEBAH0ODs+46PFMzgq+
E8MlhbZEGAbKSdP4mn6bLBMnNNutNN83lqmb9iuTYmJQaV1VJkcv3csM4vEaiovd
Xr4fzdfi2wELb8zjlzLStJaEq6N6Mnyhn17Ic7iAH5dFdCQKb9VTHVcWZCg5lex+
iE1K4j2Jrsodwf6uYIfUSAeeN8qC/hNDrJMrFEEWTIvZ0XaA/ulT1U8guko90ekX
pNWvQeh/BwXJL2DvLczhH/C3iapBhZ5o6dYptEDVmYPmViHKqCy+vnuWgku/2K3U
jkNgpfPh4jcWnk+tWhOn66HlTAE+MX+gHnhP9LWdCffCp6bsPBmm/zSY7LZRHDN0
KwaJH0k=
-----END CERTIFICATE-----

2025-05-13 07:50:44,263 [main] INFO  keys.KeyStorage (KeyStorage.java:readPublicKey(174)) - Reading public key from /tmp/junit-11264462521574289389/scm-meta/scm/ca/keys/public.pem.
2025-05-13 07:50:44,263 [main] INFO  keys.KeyStorage (KeyStorage.java:readPrivateKey(158)) - Reading private key from /tmp/junit-11264462521574289389/scm-meta/scm/ca/keys/private.pem.
2025-05-13 07:50:44,264 [main] INFO  client.SCMCertificateClient (SCMCertificateClient.java:configureCSRBuilder(141)) - Creating csr for SCM->hostName:pkrvmberfyhpb9w,scmId:6b3af311-e32e-4fc8-8f5a-7d2ebf50f5ab,clusterId:98ec7afb-b70c-4863-a818-9fe30c7a4dc9,subject:scm-sub@pkrvmberfyhpb9w
2025-05-13 07:50:44,264 [main] INFO  ozone.OzoneSecurityUtil (OzoneSecurityUtil.java:getValidInetsForCurrentHost(116)) - ip:fe80:0:0:0:222:48ff:fe46:ea58%eth0 not returned.
2025-05-13 07:50:44,266 [main] INFO  ozone.OzoneSecurityUtil (OzoneSecurityUtil.java:getValidInetsForCurrentHost(113)) - Adding ip:10.1.1.24,host:10.1.1.24
2025-05-13 07:50:44,267 [main] INFO  ozone.OzoneSecurityUtil (OzoneSecurityUtil.java:getValidInetsForCurrentHost(116)) - ip:0:0:0:0:0:0:0:1%lo not returned.
2025-05-13 07:50:44,267 [main] INFO  ozone.OzoneSecurityUtil (OzoneSecurityUtil.java:getValidInetsForCurrentHost(116)) - ip:127.0.0.1 not returned.
2025-05-13 07:50:44,269 [main] ERROR utils.CertificateSignRequest (CertificateSignRequest.java:lambda$addInetAddresses$0(316)) - Invalid domain 10.1.1.24
2025-05-13 07:50:44,271 [main] INFO  keys.KeyStorage (KeyStorage.java:readPrivateKey(158)) - Reading private key from /tmp/junit-11264462521574289389/scm-meta/scm/ca/keys/private.pem.
2025-05-13 07:50:44,272 [main] INFO  authority.DefaultApprover (DefaultApprover.java:sign(171)) - Extensions in CSR: 2.5.29.19, 2.5.29.15, 2.5.29.17
2025-05-13 07:50:44,272 [main] INFO  authority.DefaultApprover (DefaultApprover.java:sign(175)) - Extensions to add to the certificate if they present in CSR: 2.5.29.15, 2.5.29.17, 2.5.29.35, 2.5.29.37, 2.5.29.19, 1.3.6.1.5.5.7.1.12
2025-05-13 07:50:44,274 [main] INFO  utils.CertificateCodec (CertificateCodec.java:writeCertificate(239)) - Save certificate to /tmp/junit-11264462521574289389/scm-meta/scm/sub-ca/certs/CA-1.crt
2025-05-13 07:50:44,274 [main] INFO  utils.CertificateCodec (CertificateCodec.java:writeCertificate(240)) - Certificate -----BEGIN CERTIFICATE-----
MIIDwTCCAqmgAwIBAgIBATANBgkqhkiG9w0BAQsFADCBiDEcMBoGA1UEAwwTc2Nt
QHBrcnZtYmVyZnlocGI5dzEtMCsGA1UECwwkNmIzYWYzMTEtZTMyZS00ZmM4LThm
NWEtN2QyZWJmNTBmNWFiMS0wKwYDVQQKDCQ5OGVjN2FmYi1iNzBjLTQ4NjMtYTgx
OC05ZmUzMGM3YTRkYzkxCjAIBgNVBAUTATEwHhcNMjUwNTEzMDc1MDQ0WhcNMzAw
NjIxMDc1MDQ0WjCBiDEcMBoGA1UEAwwTc2NtQHBrcnZtYmVyZnlocGI5dzEtMCsG
A1UECwwkNmIzYWYzMTEtZTMyZS00ZmM4LThmNWEtN2QyZWJmNTBmNWFiMS0wKwYD
VQQKDCQ5OGVjN2FmYi1iNzBjLTQ4NjMtYTgxOC05ZmUzMGM3YTRkYzkxCjAIBgNV
BAUTATEwggEiMA0GCSqGSIb3DQEBAQUAA4IBDwAwggEKAoIBAQDBKmHWi3pzMvgm
g0MlEZkqfLOPUNzWBlZ0WOQCsk1Lrhoo4vluaV1Fx9kUDBuUiqBBlEz17ocDBslr
jsGr6Y5LN8XyX8Rg6OM0jggxXdEfeshEbaosBOXRyrjoQKkxvQEaTjyRWOiAd0Ay
l0JUMhDBNhNv5wNScATPSBA7d7+E1vEeGn/z25KdTXRdz2Ixcn6OHy6zmQ4hlqdj
O5wivBJdRNXF8XFUAOoSgiqWdYtRoO9qMA00VDX+PqxJ+WfheRug0mP06Kr5wbys
Dih9twdSEJ0Ds5LpyJ9ZY8MGkDA9ozE4pXQJaHRRs3GU+3YYNOwsUwBdhYqZP6wu
umRehionAgMBAAGjNDAyMA8GA1UdEwEB/wQFMAMBAf8wDgYDVR0PAQH/BAQDAgEG
MA8GA1UdEQQIMAaHBAoBARgwDQYJKoZIhvcNAQELBQADggEBAH0ODs+46PFMzgq+
E8MlhbZEGAbKSdP4mn6bLBMnNNutNN83lqmb9iuTYmJQaV1VJkcv3csM4vEaiovd
Xr4fzdfi2wELb8zjlzLStJaEq6N6Mnyhn17Ic7iAH5dFdCQKb9VTHVcWZCg5lex+
iE1K4j2Jrsodwf6uYIfUSAeeN8qC/hNDrJMrFEEWTIvZ0XaA/ulT1U8guko90ekX
pNWvQeh/BwXJL2DvLczhH/C3iapBhZ5o6dYptEDVmYPmViHKqCy+vnuWgku/2K3U
jkNgpfPh4jcWnk+tWhOn66HlTAE+MX+gHnhP9LWdCffCp6bsPBmm/zSY7LZRHDN0
KwaJH0k=
-----END CERTIFICATE-----

2025-05-13 07:50:44,275 [main] INFO  utils.CertificateCodec (CertificateCodec.java:writeCertificate(239)) - Save certificate to /tmp/junit-11264462521574289389/scm-meta/scm/sub-ca/certs/2.crt
2025-05-13 07:50:44,275 [main] INFO  utils.CertificateCodec (CertificateCodec.java:writeCertificate(240)) - Certificate -----BEGIN CERTIFICATE-----
MIIDxTCCAq2gAwIBAgIBAjANBgkqhkiG9w0BAQsFADCBiDEcMBoGA1UEAwwTc2Nt
QHBrcnZtYmVyZnlocGI5dzEtMCsGA1UECwwkNmIzYWYzMTEtZTMyZS00ZmM4LThm
NWEtN2QyZWJmNTBmNWFiMS0wKwYDVQQKDCQ5OGVjN2FmYi1iNzBjLTQ4NjMtYTgx
OC05ZmUzMGM3YTRkYzkxCjAIBgNVBAUTATEwHhcNMjUwNTEzMDc1MDQ0WhcNMzAw
NjIxMDc1MDQ0WjCBjDEgMB4GA1UEAwwXc2NtLXN1YkBwa3J2bWJlcmZ5aHBiOXcx
LTArBgNVBAsMJDZiM2FmMzExLWUzMmUtNGZjOC04ZjVhLTdkMmViZjUwZjVhYjEt
MCsGA1UECgwkOThlYzdhZmItYjcwYy00ODYzLWE4MTgtOWZlMzBjN2E0ZGM5MQow
CAYDVQQFEwEyMIIBIjANBgkqhkiG9w0BAQEFAAOCAQ8AMIIBCgKCAQEAzA8UrcJI
wrHzoWMyCgEZi4LJClJlDd3/IXDb6WFT0AuneQ3FOyM2jwjyUhP34nBYpSh/99EG
pBtehF+LpkVPyfeTMOImWfyUE0REnhxfWPLR07qg+KpKthEpBiOYSRa29UdkGqwa
xQQ+f92mCdOXdoNjVZXzxT7bq4NAUbKBb0lY6WloAJ3iDnDAyCIWYYM6O31LPkWy
Qxb3Fy4toqeF9nfOK0PMgqlZ3rGXfyBik01TEvIop2zzb4ou4WpkbxDFZOxORwZU
FzVPk/7025Jm8Wxrh2c6mSLaX5FgbPjdpsOi6D84QPtoPIKhimfqSO6Gj4m+p4Vx
6uIBsuqwUnFIewIDAQABozQwMjAOBgNVHQ8BAf8EBAMCAb4wDwYDVR0RBAgwBocE
CgEBGDAPBgNVHRMBAf8EBTADAQH/MA0GCSqGSIb3DQEBCwUAA4IBAQCHO3idhATE
PVJG6bCZodK2e/peicKJ4gQrn5u/1vD08Z3Nfvib7tXAYFk1wAezGs2ErOFCoxGK
DyxPXLQnyKwTYf9/srUUn2Q61rCrNinYxdAR8uQNcFxpALaxM7/ih1foemedCmMV
b/VdgMcfx5mGroOue5rOU8j1yju/c/0eqgTevywNQD0oTCq4N89rO/16ozEba5CV
TVDaGVhrOjgAaSqUjdlXXN64WyiLdvkltpdZR32Q5JKHNxxSGXJBC3ZKGM9YDotv
ksQCwnwbSUFUdkbogKcY7/mNVaL0/gQiu+5QkgytR3fCHITUM5wFPveUj6a6aoWa
t21yRANts0sA
-----END CERTIFICATE-----

-----BEGIN CERTIFICATE-----
MIIDwTCCAqmgAwIBAgIBATANBgkqhkiG9w0BAQsFADCBiDEcMBoGA1UEAwwTc2Nt
QHBrcnZtYmVyZnlocGI5dzEtMCsGA1UECwwkNmIzYWYzMTEtZTMyZS00ZmM4LThm
NWEtN2QyZWJmNTBmNWFiMS0wKwYDVQQKDCQ5OGVjN2FmYi1iNzBjLTQ4NjMtYTgx
OC05ZmUzMGM3YTRkYzkxCjAIBgNVBAUTATEwHhcNMjUwNTEzMDc1MDQ0WhcNMzAw
NjIxMDc1MDQ0WjCBiDEcMBoGA1UEAwwTc2NtQHBrcnZtYmVyZnlocGI5dzEtMCsG
A1UECwwkNmIzYWYzMTEtZTMyZS00ZmM4LThmNWEtN2QyZWJmNTBmNWFiMS0wKwYD
VQQKDCQ5OGVjN2FmYi1iNzBjLTQ4NjMtYTgxOC05ZmUzMGM3YTRkYzkxCjAIBgNV
BAUTATEwggEiMA0GCSqGSIb3DQEBAQUAA4IBDwAwggEKAoIBAQDBKmHWi3pzMvgm
g0MlEZkqfLOPUNzWBlZ0WOQCsk1Lrhoo4vluaV1Fx9kUDBuUiqBBlEz17ocDBslr
jsGr6Y5LN8XyX8Rg6OM0jggxXdEfeshEbaosBOXRyrjoQKkxvQEaTjyRWOiAd0Ay
l0JUMhDBNhNv5wNScATPSBA7d7+E1vEeGn/z25KdTXRdz2Ixcn6OHy6zmQ4hlqdj
O5wivBJdRNXF8XFUAOoSgiqWdYtRoO9qMA00VDX+PqxJ+WfheRug0mP06Kr5wbys
Dih9twdSEJ0Ds5LpyJ9ZY8MGkDA9ozE4pXQJaHRRs3GU+3YYNOwsUwBdhYqZP6wu
umRehionAgMBAAGjNDAyMA8GA1UdEwEB/wQFMAMBAf8wDgYDVR0PAQH/BAQDAgEG
MA8GA1UdEQQIMAaHBAoBARgwDQYJKoZIhvcNAQELBQADggEBAH0ODs+46PFMzgq+
E8MlhbZEGAbKSdP4mn6bLBMnNNutNN83lqmb9iuTYmJQaV1VJkcv3csM4vEaiovd
Xr4fzdfi2wELb8zjlzLStJaEq6N6Mnyhn17Ic7iAH5dFdCQKb9VTHVcWZCg5lex+
iE1K4j2Jrsodwf6uYIfUSAeeN8qC/hNDrJMrFEEWTIvZ0XaA/ulT1U8guko90ekX
pNWvQeh/BwXJL2DvLczhH/C3iapBhZ5o6dYptEDVmYPmViHKqCy+vnuWgku/2K3U
jkNgpfPh4jcWnk+tWhOn66HlTAE+MX+gHnhP9LWdCffCp6bsPBmm/zSY7LZRHDN0
KwaJH0k=
-----END CERTIFICATE-----

2025-05-13 07:50:44,275 [main] INFO  utils.CertificateCodec (CertificateCodec.java:writeCertificate(239)) - Save certificate to /tmp/junit-11264462521574289389/scm-meta/scm/sub-ca/certs/certificate.crt
2025-05-13 07:50:44,275 [main] INFO  utils.CertificateCodec (CertificateCodec.java:writeCertificate(240)) - Certificate -----BEGIN CERTIFICATE-----
MIIDxTCCAq2gAwIBAgIBAjANBgkqhkiG9w0BAQsFADCBiDEcMBoGA1UEAwwTc2Nt
QHBrcnZtYmVyZnlocGI5dzEtMCsGA1UECwwkNmIzYWYzMTEtZTMyZS00ZmM4LThm
NWEtN2QyZWJmNTBmNWFiMS0wKwYDVQQKDCQ5OGVjN2FmYi1iNzBjLTQ4NjMtYTgx
OC05ZmUzMGM3YTRkYzkxCjAIBgNVBAUTATEwHhcNMjUwNTEzMDc1MDQ0WhcNMzAw
NjIxMDc1MDQ0WjCBjDEgMB4GA1UEAwwXc2NtLXN1YkBwa3J2bWJlcmZ5aHBiOXcx
LTArBgNVBAsMJDZiM2FmMzExLWUzMmUtNGZjOC04ZjVhLTdkMmViZjUwZjVhYjEt
MCsGA1UECgwkOThlYzdhZmItYjcwYy00ODYzLWE4MTgtOWZlMzBjN2E0ZGM5MQow
CAYDVQQFEwEyMIIBIjANBgkqhkiG9w0BAQEFAAOCAQ8AMIIBCgKCAQEAzA8UrcJI
wrHzoWMyCgEZi4LJClJlDd3/IXDb6WFT0AuneQ3FOyM2jwjyUhP34nBYpSh/99EG
pBtehF+LpkVPyfeTMOImWfyUE0REnhxfWPLR07qg+KpKthEpBiOYSRa29UdkGqwa
xQQ+f92mCdOXdoNjVZXzxT7bq4NAUbKBb0lY6WloAJ3iDnDAyCIWYYM6O31LPkWy
Qxb3Fy4toqeF9nfOK0PMgqlZ3rGXfyBik01TEvIop2zzb4ou4WpkbxDFZOxORwZU
FzVPk/7025Jm8Wxrh2c6mSLaX5FgbPjdpsOi6D84QPtoPIKhimfqSO6Gj4m+p4Vx
6uIBsuqwUnFIewIDAQABozQwMjAOBgNVHQ8BAf8EBAMCAb4wDwYDVR0RBAgwBocE
CgEBGDAPBgNVHRMBAf8EBTADAQH/MA0GCSqGSIb3DQEBCwUAA4IBAQCHO3idhATE
PVJG6bCZodK2e/peicKJ4gQrn5u/1vD08Z3Nfvib7tXAYFk1wAezGs2ErOFCoxGK
DyxPXLQnyKwTYf9/srUUn2Q61rCrNinYxdAR8uQNcFxpALaxM7/ih1foemedCmMV
b/VdgMcfx5mGroOue5rOU8j1yju/c/0eqgTevywNQD0oTCq4N89rO/16ozEba5CV
TVDaGVhrOjgAaSqUjdlXXN64WyiLdvkltpdZR32Q5JKHNxxSGXJBC3ZKGM9YDotv
ksQCwnwbSUFUdkbogKcY7/mNVaL0/gQiu+5QkgytR3fCHITUM5wFPveUj6a6aoWa
t21yRANts0sA
-----END CERTIFICATE-----

-----BEGIN CERTIFICATE-----
MIIDwTCCAqmgAwIBAgIBATANBgkqhkiG9w0BAQsFADCBiDEcMBoGA1UEAwwTc2Nt
QHBrcnZtYmVyZnlocGI5dzEtMCsGA1UECwwkNmIzYWYzMTEtZTMyZS00ZmM4LThm
NWEtN2QyZWJmNTBmNWFiMS0wKwYDVQQKDCQ5OGVjN2FmYi1iNzBjLTQ4NjMtYTgx
OC05ZmUzMGM3YTRkYzkxCjAIBgNVBAUTATEwHhcNMjUwNTEzMDc1MDQ0WhcNMzAw
NjIxMDc1MDQ0WjCBiDEcMBoGA1UEAwwTc2NtQHBrcnZtYmVyZnlocGI5dzEtMCsG
A1UECwwkNmIzYWYzMTEtZTMyZS00ZmM4LThmNWEtN2QyZWJmNTBmNWFiMS0wKwYD
VQQKDCQ5OGVjN2FmYi1iNzBjLTQ4NjMtYTgxOC05ZmUzMGM3YTRkYzkxCjAIBgNV
BAUTATEwggEiMA0GCSqGSIb3DQEBAQUAA4IBDwAwggEKAoIBAQDBKmHWi3pzMvgm
g0MlEZkqfLOPUNzWBlZ0WOQCsk1Lrhoo4vluaV1Fx9kUDBuUiqBBlEz17ocDBslr
jsGr6Y5LN8XyX8Rg6OM0jggxXdEfeshEbaosBOXRyrjoQKkxvQEaTjyRWOiAd0Ay
l0JUMhDBNhNv5wNScATPSBA7d7+E1vEeGn/z25KdTXRdz2Ixcn6OHy6zmQ4hlqdj
O5wivBJdRNXF8XFUAOoSgiqWdYtRoO9qMA00VDX+PqxJ+WfheRug0mP06Kr5wbys
Dih9twdSEJ0Ds5LpyJ9ZY8MGkDA9ozE4pXQJaHRRs3GU+3YYNOwsUwBdhYqZP6wu
umRehionAgMBAAGjNDAyMA8GA1UdEwEB/wQFMAMBAf8wDgYDVR0PAQH/BAQDAgEG
MA8GA1UdEQQIMAaHBAoBARgwDQYJKoZIhvcNAQELBQADggEBAH0ODs+46PFMzgq+
E8MlhbZEGAbKSdP4mn6bLBMnNNutNN83lqmb9iuTYmJQaV1VJkcv3csM4vEaiovd
Xr4fzdfi2wELb8zjlzLStJaEq6N6Mnyhn17Ic7iAH5dFdCQKb9VTHVcWZCg5lex+
iE1K4j2Jrsodwf6uYIfUSAeeN8qC/hNDrJMrFEEWTIvZ0XaA/ulT1U8guko90ekX
pNWvQeh/BwXJL2DvLczhH/C3iapBhZ5o6dYptEDVmYPmViHKqCy+vnuWgku/2K3U
jkNgpfPh4jcWnk+tWhOn66HlTAE+MX+gHnhP9LWdCffCp6bsPBmm/zSY7LZRHDN0
KwaJH0k=
-----END CERTIFICATE-----

2025-05-13 07:50:44,276 [main] INFO  client.SCMCertificateClient (SCMCertificateClient.java:recoverStateIfNeeded(289)) - Successfully stored SCM signed certificate.
2025-05-13 07:50:44,277 [main] INFO  ha.SCMHANodeDetails (SCMHANodeDetails.java:loadSCMHAConfig(162)) - ServiceID for StorageContainerManager is null
2025-05-13 07:50:44,277 [main] INFO  ha.SCMHANodeDetails (SCMHANodeDetails.java:loadSCMHAConfig(166)) - ozone.scm.default.service.id is not defined, falling back to ozone.scm.service.ids to find serviceID for StorageContainerManager if it is HA enabled cluster
2025-05-13 07:50:44,278 [main] INFO  server.RaftServerConfigKeys (ConfUtils.java:logGet(46)) - raft.server.log.appender.buffer.byte-limit = 4194304 (custom)
2025-05-13 07:50:44,279 [main] INFO  server.RaftServer (ConfUtils.java:logGet(46)) - raft.rpc.type = GRPC (default)
2025-05-13 07:50:44,279 [main] INFO  grpc.GrpcConfigKeys (ConfUtils.java:logFallback(53)) - raft.grpc.admin.host = null (fallback to raft.grpc.server.host)
2025-05-13 07:50:44,279 [main] INFO  grpc.GrpcConfigKeys (ConfUtils.java:logFallback(53)) - raft.grpc.admin.port = 15095 (fallback to raft.grpc.server.port)
2025-05-13 07:50:44,279 [main] INFO  grpc.GrpcConfigKeys (ConfUtils.java:logFallback(53)) - raft.grpc.client.host = null (fallback to raft.grpc.server.host)
2025-05-13 07:50:44,279 [main] INFO  grpc.GrpcConfigKeys (ConfUtils.java:logFallback(53)) - raft.grpc.client.port = 15095 (fallback to raft.grpc.server.port)
2025-05-13 07:50:44,279 [main] INFO  grpc.GrpcConfigKeys (ConfUtils.java:logGet(46)) - raft.grpc.server.host = null (default)
2025-05-13 07:50:44,280 [main] INFO  grpc.GrpcConfigKeys (ConfUtils.java:logGet(46)) - raft.grpc.server.port = 15095 (custom)
2025-05-13 07:50:44,280 [main] INFO  server.GrpcService (ConfUtils.java:logGet(46)) - raft.grpc.message.size.max = 5242880 (custom)
2025-05-13 07:50:44,280 [main] INFO  server.GrpcService (ConfUtils.java:logGet(46)) - raft.grpc.flow.control.window = 1MB (=1048576) (default)
2025-05-13 07:50:44,280 [main] INFO  server.RaftServerConfigKeys (ConfUtils.java:logGet(46)) - raft.server.rpc.request.timeout = 30000ms (custom)
2025-05-13 07:50:44,280 [main] INFO  grpc.GrpcConfigKeys (ConfUtils.java:logGet(46)) - raft.grpc.server.heartbeat.channel = true (default)
2025-05-13 07:50:44,280 [main] INFO  server.RaftServerConfigKeys (ConfUtils.java:logGet(46)) - raft.server.log.appender.buffer.byte-limit = 4194304 (custom)
2025-05-13 07:50:44,280 [main] INFO  grpc.GrpcConfigKeys (ConfUtils.java:logGet(46)) - raft.grpc.server.async.request.thread.pool.cached = true (default)
2025-05-13 07:50:44,280 [main] INFO  grpc.GrpcConfigKeys (ConfUtils.java:logGet(46)) - raft.grpc.server.async.request.thread.pool.size = 32 (default)
2025-05-13 07:50:44,281 [main] INFO  impl.DataStreamServerImpl (ConfUtils.java:logGet(46)) - raft.datastream.type = DISABLED (default)
2025-05-13 07:50:44,281 [main] INFO  server.RaftServerConfigKeys (ConfUtils.java:logGet(46)) - raft.server.sleep.deviation.threshold = 300ms (default)
2025-05-13 07:50:44,281 [main] INFO  server.RaftServerConfigKeys (ConfUtils.java:logGet(46)) - raft.server.close.threshold = 60s (default)
2025-05-13 07:50:44,281 [main] INFO  server.RaftServerConfigKeys (ConfUtils.java:logGet(46)) - raft.server.leaderelection.leader.step-down.wait-time = 10s (default)
2025-05-13 07:50:44,281 [main] INFO  server.RaftServerConfigKeys (ConfUtils.java:logGet(46)) - raft.server.storage.dir = [/tmp/junit-11264462521574289389/scm-meta/scm-ha] (custom)
2025-05-13 07:50:44,281 [main] INFO  server.RaftServerConfigKeys (ConfUtils.java:logGet(46)) - raft.server.threadpool.proxy.cached = true (default)
2025-05-13 07:50:44,282 [main] INFO  server.RaftServerConfigKeys (ConfUtils.java:logGet(46)) - raft.server.threadpool.proxy.size = 0 (default)
2025-05-13 07:50:44,282 [main] INFO  server.RaftServer (RaftServerProxy.java:addNew(100)) - 6b3af311-e32e-4fc8-8f5a-7d2ebf50f5ab: addNew group-9FE30C7A4DC9:[6b3af311-e32e-4fc8-8f5a-7d2ebf50f5ab|pkrvmberfyhpb9w:15095] returns group-9FE30C7A4DC9:java.util.concurrent.CompletableFuture@65129082[Not completed]
2025-05-13 07:50:44,282 [6b3af311-e32e-4fc8-8f5a-7d2ebf50f5ab-groupManagement] INFO  server.RaftServer$Division (RaftServerImpl.java:<init>(255)) - 6b3af311-e32e-4fc8-8f5a-7d2ebf50f5ab: new RaftServerImpl for group-9FE30C7A4DC9:[6b3af311-e32e-4fc8-8f5a-7d2ebf50f5ab|pkrvmberfyhpb9w:15095] with SCMStateMachine:uninitialized
2025-05-13 07:50:44,282 [6b3af311-e32e-4fc8-8f5a-7d2ebf50f5ab-groupManagement] INFO  server.RaftServerConfigKeys (ConfUtils.java:logGet(46)) - raft.server.rpc.timeout.min = 5000ms (custom)
2025-05-13 07:50:44,282 [6b3af311-e32e-4fc8-8f5a-7d2ebf50f5ab-groupManagement] INFO  server.RaftServerConfigKeys (ConfUtils.java:logGet(46)) - raft.server.rpc.timeout.max = 5200ms (custom)
2025-05-13 07:50:44,282 [6b3af311-e32e-4fc8-8f5a-7d2ebf50f5ab-groupManagement] INFO  server.RaftServerConfigKeys (ConfUtils.java:logGet(46)) - raft.server.rpc.sleep.time = 25ms (default)
2025-05-13 07:50:44,282 [6b3af311-e32e-4fc8-8f5a-7d2ebf50f5ab-groupManagement] INFO  server.RaftServerConfigKeys (ConfUtils.java:logGet(46)) - raft.server.rpc.slowness.timeout = 120000ms (custom)
2025-05-13 07:50:44,282 [6b3af311-e32e-4fc8-8f5a-7d2ebf50f5ab-groupManagement] INFO  server.RaftServerConfigKeys (ConfUtils.java:logGet(46)) - raft.server.leaderelection.leader.step-down.wait-time = 10s (default)
2025-05-13 07:50:44,282 [6b3af311-e32e-4fc8-8f5a-7d2ebf50f5ab-groupManagement] INFO  server.RaftServerConfigKeys (ConfUtils.java:logGet(46)) - raft.server.leaderelection.member.majority-add = false (default)
2025-05-13 07:50:44,282 [6b3af311-e32e-4fc8-8f5a-7d2ebf50f5ab-groupManagement] INFO  server.RaftServerConfigKeys (ConfUtils.java:logGet(46)) - raft.server.sleep.deviation.threshold = 300ms (default)
2025-05-13 07:50:44,282 [6b3af311-e32e-4fc8-8f5a-7d2ebf50f5ab-groupManagement] INFO  server.RaftServer$Division (ServerState.java:<init>(114)) - 6b3af311-e32e-4fc8-8f5a-7d2ebf50f5ab@group-9FE30C7A4DC9: ConfigurationManager, init=conf: {index: -1, cur=peers:[6b3af311-e32e-4fc8-8f5a-7d2ebf50f5ab|pkrvmberfyhpb9w:15095]|listeners:[], old=null}, confs=<EMPTY_MAP>
2025-05-13 07:50:44,283 [6b3af311-e32e-4fc8-8f5a-7d2ebf50f5ab-groupManagement] INFO  server.RaftServerConfigKeys (ConfUtils.java:logGet(46)) - raft.server.notification.no-leader.timeout = 60s (default)
2025-05-13 07:50:44,283 [6b3af311-e32e-4fc8-8f5a-7d2ebf50f5ab-groupManagement] INFO  server.RaftServerConfigKeys (ConfUtils.java:logGet(46)) - raft.server.read.timeout = 10s (default)
2025-05-13 07:50:44,283 [6b3af311-e32e-4fc8-8f5a-7d2ebf50f5ab-groupManagement] INFO  server.RaftServerConfigKeys (ConfUtils.java:logGet(46)) - raft.server.retrycache.expirytime = 60000ms (default)
2025-05-13 07:50:44,283 [6b3af311-e32e-4fc8-8f5a-7d2ebf50f5ab-groupManagement] INFO  server.RaftServerConfigKeys (ConfUtils.java:logGet(46)) - raft.server.retrycache.statistics.expirytime = 100ms (default)
2025-05-13 07:50:44,283 [6b3af311-e32e-4fc8-8f5a-7d2ebf50f5ab-groupManagement] INFO  server.RaftServerConfigKeys (ConfUtils.java:logGet(46)) - raft.server.read.option = DEFAULT (default)
2025-05-13 07:50:44,283 [6b3af311-e32e-4fc8-8f5a-7d2ebf50f5ab-groupManagement] INFO  server.RaftServerConfigKeys (ConfUtils.java:logGet(46)) - raft.server.read.read-after-write-consistent.write-index-cache.expiry-time = 60s (default)
2025-05-13 07:50:44,286 [6b3af311-e32e-4fc8-8f5a-7d2ebf50f5ab-groupManagement] INFO  server.RaftServerConfigKeys (ConfUtils.java:logGet(46)) - raft.server.rpc.request.timeout = 30000ms (custom)
2025-05-13 07:50:44,286 [6b3af311-e32e-4fc8-8f5a-7d2ebf50f5ab-groupManagement] INFO  server.RaftServerConfigKeys (ConfUtils.java:logGet(46)) - raft.server.log.appender.install.snapshot.enabled = false (custom)
2025-05-13 07:50:44,286 [6b3af311-e32e-4fc8-8f5a-7d2ebf50f5ab-groupManagement] INFO  server.RaftServerConfigKeys (ConfUtils.java:logGet(46)) - raft.server.threadpool.server.cached = true (default)
2025-05-13 07:50:44,286 [6b3af311-e32e-4fc8-8f5a-7d2ebf50f5ab-groupManagement] INFO  server.RaftServerConfigKeys (ConfUtils.java:logGet(46)) - raft.server.threadpool.server.size = 0 (default)
2025-05-13 07:50:44,286 [6b3af311-e32e-4fc8-8f5a-7d2ebf50f5ab-groupManagement] INFO  server.RaftServerConfigKeys (ConfUtils.java:logGet(46)) - raft.server.threadpool.client.cached = true (default)
2025-05-13 07:50:44,286 [6b3af311-e32e-4fc8-8f5a-7d2ebf50f5ab-groupManagement] INFO  server.RaftServerConfigKeys (ConfUtils.java:logGet(46)) - raft.server.threadpool.client.size = 0 (default)
2025-05-13 07:50:44,286 [6b3af311-e32e-4fc8-8f5a-7d2ebf50f5ab-impl-thread1] INFO  server.RaftServerConfigKeys (ConfUtils.java:logGet(46)) - raft.server.storage.free-space.min = 0MB (=0) (default)
2025-05-13 07:50:44,286 [6b3af311-e32e-4fc8-8f5a-7d2ebf50f5ab-impl-thread1] INFO  server.RaftServerConfigKeys (ConfUtils.java:logGet(46)) - raft.server.log.corruption.policy = EXCEPTION (default)
2025-05-13 07:50:44,286 [6b3af311-e32e-4fc8-8f5a-7d2ebf50f5ab-impl-thread1] INFO  server.RaftServerConfigKeys (ConfUtils.java:logGet(46)) - raft.server.storage.dir = [/tmp/junit-11264462521574289389/scm-meta/scm-ha] (custom)
2025-05-13 07:50:44,286 [6b3af311-e32e-4fc8-8f5a-7d2ebf50f5ab-impl-thread1] INFO  storage.RaftStorageDirectory (RaftStorageDirectoryImpl.java:analyzeStorage(138)) - The storage directory /tmp/junit-11264462521574289389/scm-meta/scm-ha/98ec7afb-b70c-4863-a818-9fe30c7a4dc9 does not exist. Creating ...
2025-05-13 07:50:44,289 [6b3af311-e32e-4fc8-8f5a-7d2ebf50f5ab-impl-thread1] INFO  storage.RaftStorageDirectory (RaftStorageDirectoryImpl.java:tryLock(229)) - Lock on /tmp/junit-11264462521574289389/scm-meta/scm-ha/98ec7afb-b70c-4863-a818-9fe30c7a4dc9/in_use.lock acquired by nodename 25269@pkrvmberfyhpb9w
2025-05-13 07:50:44,290 [6b3af311-e32e-4fc8-8f5a-7d2ebf50f5ab-impl-thread1] INFO  storage.RaftStorage (RaftStorageImpl.java:format(98)) - Storage directory /tmp/junit-11264462521574289389/scm-meta/scm-ha/98ec7afb-b70c-4863-a818-9fe30c7a4dc9 has been successfully formatted.
2025-05-13 07:50:44,290 [6b3af311-e32e-4fc8-8f5a-7d2ebf50f5ab-impl-thread1] INFO  ha.SCMStateMachine (SCMStateMachine.java:lambda$initialize$0(135)) - 6b3af311-e32e-4fc8-8f5a-7d2ebf50f5ab: initialize group-9FE30C7A4DC9
2025-05-13 07:50:44,290 [6b3af311-e32e-4fc8-8f5a-7d2ebf50f5ab-impl-thread1] INFO  server.RaftServerConfigKeys (ConfUtils.java:logGet(46)) - raft.server.log.use.memory = false (default)
2025-05-13 07:50:44,290 [6b3af311-e32e-4fc8-8f5a-7d2ebf50f5ab-impl-thread1] INFO  server.RaftServerConfigKeys (ConfUtils.java:logGet(46)) - raft.server.log.purge.gap = 1000000 (custom)
2025-05-13 07:50:44,290 [6b3af311-e32e-4fc8-8f5a-7d2ebf50f5ab-impl-thread1] INFO  server.RaftServerConfigKeys (ConfUtils.java:logGet(46)) - raft.server.log.appender.buffer.byte-limit = 4194304 (custom)
2025-05-13 07:50:44,290 [6b3af311-e32e-4fc8-8f5a-7d2ebf50f5ab-impl-thread1] INFO  server.RaftServerConfigKeys (ConfUtils.java:logGet(46)) - raft.server.log.statemachine.data.read.timeout = 1000ms (default)
2025-05-13 07:50:44,290 [6b3af311-e32e-4fc8-8f5a-7d2ebf50f5ab-impl-thread1] INFO  server.RaftServerConfigKeys (ConfUtils.java:logGet(46)) - raft.server.log.purge.preservation.log.num = 0 (default)
2025-05-13 07:50:44,291 [6b3af311-e32e-4fc8-8f5a-7d2ebf50f5ab-impl-thread1] INFO  server.RaftServerConfigKeys (ConfUtils.java:logGet(46)) - raft.server.log.segment.size.max = 4194304 (custom)
2025-05-13 07:50:44,291 [6b3af311-e32e-4fc8-8f5a-7d2ebf50f5ab-impl-thread1] INFO  server.RaftServerConfigKeys (ConfUtils.java:logGet(46)) - raft.server.log.segment.cache.num.max = 2 (custom)
2025-05-13 07:50:44,291 [6b3af311-e32e-4fc8-8f5a-7d2ebf50f5ab-impl-thread1] INFO  server.RaftServerConfigKeys (ConfUtils.java:logGet(46)) - raft.server.log.segment.cache.size.max = 200MB (=209715200) (default)
2025-05-13 07:50:44,291 [6b3af311-e32e-4fc8-8f5a-7d2ebf50f5ab-impl-thread1] INFO  server.RaftServerConfigKeys (ConfUtils.java:logGet(46)) - raft.server.log.appender.buffer.byte-limit = 4194304 (custom)
2025-05-13 07:50:44,291 [6b3af311-e32e-4fc8-8f5a-7d2ebf50f5ab-impl-thread1] INFO  util.AwaitToRun (AwaitToRun.java:start(81)) - Thread[#3703,6b3af311-e32e-4fc8-8f5a-7d2ebf50f5ab@group-9FE30C7A4DC9-cacheEviction-AwaitToRun,5,main] started
2025-05-13 07:50:44,291 [6b3af311-e32e-4fc8-8f5a-7d2ebf50f5ab-impl-thread1] INFO  segmented.SegmentedRaftLogWorker (SegmentedRaftLogWorker.java:<init>(188)) - new 6b3af311-e32e-4fc8-8f5a-7d2ebf50f5ab@group-9FE30C7A4DC9-SegmentedRaftLogWorker for RaftStorageImpl:Storage Directory /tmp/junit-11264462521574289389/scm-meta/scm-ha/98ec7afb-b70c-4863-a818-9fe30c7a4dc9
2025-05-13 07:50:44,291 [6b3af311-e32e-4fc8-8f5a-7d2ebf50f5ab-impl-thread1] INFO  server.RaftServerConfigKeys (ConfUtils.java:logGet(46)) - raft.server.log.queue.byte-limit = 64MB (=67108864) (default)
2025-05-13 07:50:44,292 [6b3af311-e32e-4fc8-8f5a-7d2ebf50f5ab-impl-thread1] INFO  server.RaftServerConfigKeys (ConfUtils.java:logGet(46)) - raft.server.log.queue.element-limit = 4096 (default)
2025-05-13 07:50:44,292 [6b3af311-e32e-4fc8-8f5a-7d2ebf50f5ab-impl-thread1] INFO  server.RaftServerConfigKeys (ConfUtils.java:logGet(46)) - raft.server.log.segment.size.max = 4194304 (custom)
2025-05-13 07:50:44,292 [6b3af311-e32e-4fc8-8f5a-7d2ebf50f5ab-impl-thread1] INFO  server.RaftServerConfigKeys (ConfUtils.java:logGet(46)) - raft.server.log.preallocated.size = 4194304 (custom)
2025-05-13 07:50:44,292 [6b3af311-e32e-4fc8-8f5a-7d2ebf50f5ab-impl-thread1] INFO  server.RaftServerConfigKeys (ConfUtils.java:logGet(46)) - raft.server.log.force.sync.num = 128 (default)
2025-05-13 07:50:44,292 [6b3af311-e32e-4fc8-8f5a-7d2ebf50f5ab-impl-thread1] INFO  server.RaftServerConfigKeys (ConfUtils.java:logGet(46)) - raft.server.log.statemachine.data.sync = true (default)
2025-05-13 07:50:44,292 [6b3af311-e32e-4fc8-8f5a-7d2ebf50f5ab-impl-thread1] INFO  server.RaftServerConfigKeys (ConfUtils.java:logGet(46)) - raft.server.log.statemachine.data.sync.timeout = 10s (default)
2025-05-13 07:50:44,292 [6b3af311-e32e-4fc8-8f5a-7d2ebf50f5ab-impl-thread1] INFO  server.RaftServerConfigKeys (ConfUtils.java:logGet(46)) - raft.server.log.statemachine.data.sync.timeout.retry = -1 (default)
2025-05-13 07:50:44,292 [6b3af311-e32e-4fc8-8f5a-7d2ebf50f5ab-impl-thread1] INFO  server.RaftServerConfigKeys (ConfUtils.java:logGet(46)) - raft.server.log.write.buffer.size = 4194312 (custom)
2025-05-13 07:50:44,292 [6b3af311-e32e-4fc8-8f5a-7d2ebf50f5ab-impl-thread1] INFO  server.RaftServerConfigKeys (ConfUtils.java:logGet(46)) - raft.server.log.appender.buffer.byte-limit = 4194304 (custom)
2025-05-13 07:50:44,292 [6b3af311-e32e-4fc8-8f5a-7d2ebf50f5ab-impl-thread1] INFO  server.RaftServerConfigKeys (ConfUtils.java:logGet(46)) - raft.server.log.unsafe-flush.enabled = false (default)
2025-05-13 07:50:44,292 [6b3af311-e32e-4fc8-8f5a-7d2ebf50f5ab-impl-thread1] INFO  server.RaftServerConfigKeys (ConfUtils.java:logGet(46)) - raft.server.log.async-flush.enabled = false (default)
2025-05-13 07:50:44,292 [6b3af311-e32e-4fc8-8f5a-7d2ebf50f5ab-impl-thread1] INFO  server.RaftServerConfigKeys (ConfUtils.java:logGet(46)) - raft.server.log.statemachine.data.caching.enabled = false (default)
2025-05-13 07:50:44,292 [6b3af311-e32e-4fc8-8f5a-7d2ebf50f5ab-impl-thread1] INFO  segmented.SegmentedRaftLogWorker (SegmentedRaftLogWorker.java:lambda$new$0(139)) - 6b3af311-e32e-4fc8-8f5a-7d2ebf50f5ab@group-9FE30C7A4DC9-SegmentedRaftLogWorker: flushIndex: setUnconditionally 0 -> -1
2025-05-13 07:50:44,293 [6b3af311-e32e-4fc8-8f5a-7d2ebf50f5ab-impl-thread1] INFO  segmented.SegmentedRaftLogWorker (SegmentedRaftLogWorker.java:lambda$new$0(139)) - 6b3af311-e32e-4fc8-8f5a-7d2ebf50f5ab@group-9FE30C7A4DC9-SegmentedRaftLogWorker: safeCacheEvictIndex: setUnconditionally 0 -> -1
2025-05-13 07:50:44,293 [6b3af311-e32e-4fc8-8f5a-7d2ebf50f5ab-impl-thread1] INFO  server.RaftServer$Division (RaftServerImpl.java:start(391)) - 6b3af311-e32e-4fc8-8f5a-7d2ebf50f5ab@group-9FE30C7A4DC9: start as a follower, conf=conf: {index: -1, cur=peers:[6b3af311-e32e-4fc8-8f5a-7d2ebf50f5ab|pkrvmberfyhpb9w:15095]|listeners:[], old=null}
2025-05-13 07:50:44,293 [6b3af311-e32e-4fc8-8f5a-7d2ebf50f5ab-impl-thread1] INFO  server.RaftServer$Division (RaftServerImpl.java:setRole(378)) - 6b3af311-e32e-4fc8-8f5a-7d2ebf50f5ab@group-9FE30C7A4DC9: changes role from      null to FOLLOWER at term 0 for startAsFollower
2025-05-13 07:50:44,293 [6b3af311-e32e-4fc8-8f5a-7d2ebf50f5ab-impl-thread1] INFO  impl.RoleInfo (RoleInfo.java:updateAndGet(148)) - 6b3af311-e32e-4fc8-8f5a-7d2ebf50f5ab: start 6b3af311-e32e-4fc8-8f5a-7d2ebf50f5ab@group-9FE30C7A4DC9-FollowerState
2025-05-13 07:50:44,293 [6b3af311-e32e-4fc8-8f5a-7d2ebf50f5ab-impl-thread1] INFO  util.JmxRegister (JmxRegister.java:tryRegister(44)) - Successfully registered JMX Bean with object name Ratis:service=RaftServer,group=group-9FE30C7A4DC9,id=6b3af311-e32e-4fc8-8f5a-7d2ebf50f5ab
2025-05-13 07:50:44,293 [6b3af311-e32e-4fc8-8f5a-7d2ebf50f5ab@group-9FE30C7A4DC9-FollowerState] INFO  server.RaftServerConfigKeys (ConfUtils.java:logFallback(53)) - raft.server.rpc.first-election.timeout.min = 5000ms (fallback to raft.server.rpc.timeout.min)
2025-05-13 07:50:44,293 [6b3af311-e32e-4fc8-8f5a-7d2ebf50f5ab-impl-thread1] INFO  util.JmxRegister (JmxRegister.java:register(58)) - register mxBean class org.apache.ratis.server.impl.RaftServerJmxAdapter as Ratis:service=RaftServer,group=group-9FE30C7A4DC9,id=6b3af311-e32e-4fc8-8f5a-7d2ebf50f5ab
2025-05-13 07:50:44,293 [6b3af311-e32e-4fc8-8f5a-7d2ebf50f5ab@group-9FE30C7A4DC9-FollowerState] INFO  server.RaftServerConfigKeys (ConfUtils.java:logFallback(53)) - raft.server.rpc.first-election.timeout.max = 5200ms (fallback to raft.server.rpc.timeout.max)
2025-05-13 07:50:44,293 [6b3af311-e32e-4fc8-8f5a-7d2ebf50f5ab-impl-thread1] INFO  server.RaftServerConfigKeys (ConfUtils.java:logGet(46)) - raft.server.snapshot.trigger-when-stop.enabled = true (default)
2025-05-13 07:50:44,293 [6b3af311-e32e-4fc8-8f5a-7d2ebf50f5ab-impl-thread1] INFO  server.RaftServerConfigKeys (ConfUtils.java:logGet(46)) - raft.server.snapshot.trigger-when-remove.enabled = true (default)
2025-05-13 07:50:44,293 [6b3af311-e32e-4fc8-8f5a-7d2ebf50f5ab-impl-thread1] INFO  server.RaftServerConfigKeys (ConfUtils.java:logGet(46)) - raft.server.snapshot.auto.trigger.enabled = true (custom)
2025-05-13 07:50:44,293 [6b3af311-e32e-4fc8-8f5a-7d2ebf50f5ab-impl-thread1] INFO  server.RaftServerConfigKeys (ConfUtils.java:logGet(46)) - raft.server.snapshot.auto.trigger.threshold = 1000 (custom)
2025-05-13 07:50:44,293 [6b3af311-e32e-4fc8-8f5a-7d2ebf50f5ab-impl-thread1] INFO  server.RaftServerConfigKeys (ConfUtils.java:logGet(46)) - raft.server.snapshot.retention.file.num = -1 (default)
2025-05-13 07:50:44,293 [6b3af311-e32e-4fc8-8f5a-7d2ebf50f5ab-impl-thread1] INFO  server.RaftServerConfigKeys (ConfUtils.java:logGet(46)) - raft.server.log.purge.upto.snapshot.index = false (default)
2025-05-13 07:50:44,294 [6b3af311-e32e-4fc8-8f5a-7d2ebf50f5ab-impl-thread1] INFO  server.RaftServer$Division (RaftServerImpl.java:start(405)) - 6b3af311-e32e-4fc8-8f5a-7d2ebf50f5ab@group-9FE30C7A4DC9: Successfully started.
2025-05-13 07:50:44,294 [main] INFO  server.RaftServer (RaftServerProxy.java:startImpl(407)) - 6b3af311-e32e-4fc8-8f5a-7d2ebf50f5ab: start RPC server
2025-05-13 07:50:44,294 [main] INFO  server.GrpcService (GrpcService.java:startImpl(334)) - 6b3af311-e32e-4fc8-8f5a-7d2ebf50f5ab: GrpcService started, listening on 15095
2025-05-13 07:50:44,294 [JvmPauseMonitor19] INFO  util.JvmPauseMonitor (JvmPauseMonitor.java:run(146)) - JvmPauseMonitor-6b3af311-e32e-4fc8-8f5a-7d2ebf50f5ab: Started
2025-05-13 07:50:45,636 [om1-om-CertificateRenewerService] INFO  retry.RetryInvocationHandler (RetryInvocationHandler.java:log(426)) - com.google.protobuf.ServiceException: java.net.ConnectException: Call From pkrvmberfyhpb9w/10.1.0.36 to localhost:15024 failed on connection exception: java.net.ConnectException: Connection refused; For more details see:  http://wiki.apache.org/hadoop/ConnectionRefused, while invoking $Proxy45.submitRequest over nodeId=scmNodeId,nodeAddress=localhost/127.0.0.1:15024 after 219 failover attempts. Trying to failover after sleeping for 2000ms. Current retry count: 219.
2025-05-13 07:50:47,640 [om1-om-CertificateRenewerService] INFO  retry.RetryInvocationHandler (RetryInvocationHandler.java:log(426)) - com.google.protobuf.ServiceException: java.net.ConnectException: Call From pkrvmberfyhpb9w/10.1.0.36 to localhost:15024 failed on connection exception: java.net.ConnectException: Connection refused; For more details see:  http://wiki.apache.org/hadoop/ConnectionRefused, while invoking $Proxy45.submitRequest over nodeId=scmNodeId,nodeAddress=localhost/127.0.0.1:15024 after 220 failover attempts. Trying to failover after sleeping for 2000ms. Current retry count: 220.
2025-05-13 07:50:49,469 [6b3af311-e32e-4fc8-8f5a-7d2ebf50f5ab@group-9FE30C7A4DC9-FollowerState] INFO  impl.FollowerState (FollowerState.java:runImpl(161)) - 6b3af311-e32e-4fc8-8f5a-7d2ebf50f5ab@group-9FE30C7A4DC9-FollowerState: change to CANDIDATE, lastRpcElapsedTime:5176446560ns, electionTimeout:5176ms
2025-05-13 07:50:49,469 [6b3af311-e32e-4fc8-8f5a-7d2ebf50f5ab@group-9FE30C7A4DC9-FollowerState] INFO  impl.RoleInfo (RoleInfo.java:shutdownFollowerState(121)) - 6b3af311-e32e-4fc8-8f5a-7d2ebf50f5ab: shutdown 6b3af311-e32e-4fc8-8f5a-7d2ebf50f5ab@group-9FE30C7A4DC9-FollowerState
2025-05-13 07:50:49,469 [6b3af311-e32e-4fc8-8f5a-7d2ebf50f5ab@group-9FE30C7A4DC9-FollowerState] INFO  server.RaftServer$Division (RaftServerImpl.java:setRole(378)) - 6b3af311-e32e-4fc8-8f5a-7d2ebf50f5ab@group-9FE30C7A4DC9: changes role from  FOLLOWER to CANDIDATE at term 0 for changeToCandidate
2025-05-13 07:50:49,470 [6b3af311-e32e-4fc8-8f5a-7d2ebf50f5ab@group-9FE30C7A4DC9-FollowerState] INFO  server.RaftServerConfigKeys (ConfUtils.java:logGet(46)) - raft.server.leaderelection.pre-vote = true (default)
2025-05-13 07:50:49,470 [6b3af311-e32e-4fc8-8f5a-7d2ebf50f5ab@group-9FE30C7A4DC9-FollowerState] INFO  impl.RoleInfo (RoleInfo.java:updateAndGet(148)) - 6b3af311-e32e-4fc8-8f5a-7d2ebf50f5ab: start 6b3af311-e32e-4fc8-8f5a-7d2ebf50f5ab@group-9FE30C7A4DC9-LeaderElection14
2025-05-13 07:50:49,470 [6b3af311-e32e-4fc8-8f5a-7d2ebf50f5ab@group-9FE30C7A4DC9-LeaderElection14] INFO  impl.LeaderElection (LeaderElection.java:askForVotes(332)) - 6b3af311-e32e-4fc8-8f5a-7d2ebf50f5ab@group-9FE30C7A4DC9-LeaderElection14 PRE_VOTE round 0: submit vote requests at term 0 for conf: {index: -1, cur=peers:[6b3af311-e32e-4fc8-8f5a-7d2ebf50f5ab|pkrvmberfyhpb9w:15095]|listeners:[], old=null}
2025-05-13 07:50:49,470 [6b3af311-e32e-4fc8-8f5a-7d2ebf50f5ab@group-9FE30C7A4DC9-LeaderElection14] INFO  impl.LeaderElection (LeaderElection.java:askForVotes(334)) - 6b3af311-e32e-4fc8-8f5a-7d2ebf50f5ab@group-9FE30C7A4DC9-LeaderElection14 PRE_VOTE round 0: result PASSED (term=0)
2025-05-13 07:50:49,472 [6b3af311-e32e-4fc8-8f5a-7d2ebf50f5ab@group-9FE30C7A4DC9-LeaderElection14] INFO  impl.LeaderElection (LeaderElection.java:askForVotes(332)) - 6b3af311-e32e-4fc8-8f5a-7d2ebf50f5ab@group-9FE30C7A4DC9-LeaderElection14 ELECTION round 0: submit vote requests at term 1 for conf: {index: -1, cur=peers:[6b3af311-e32e-4fc8-8f5a-7d2ebf50f5ab|pkrvmberfyhpb9w:15095]|listeners:[], old=null}
2025-05-13 07:50:49,472 [6b3af311-e32e-4fc8-8f5a-7d2ebf50f5ab@group-9FE30C7A4DC9-LeaderElection14] INFO  impl.LeaderElection (LeaderElection.java:askForVotes(334)) - 6b3af311-e32e-4fc8-8f5a-7d2ebf50f5ab@group-9FE30C7A4DC9-LeaderElection14 ELECTION round 0: result PASSED (term=1)
2025-05-13 07:50:49,472 [6b3af311-e32e-4fc8-8f5a-7d2ebf50f5ab@group-9FE30C7A4DC9-LeaderElection14] INFO  impl.RoleInfo (RoleInfo.java:shutdownLeaderElection(141)) - 6b3af311-e32e-4fc8-8f5a-7d2ebf50f5ab: shutdown 6b3af311-e32e-4fc8-8f5a-7d2ebf50f5ab@group-9FE30C7A4DC9-LeaderElection14
2025-05-13 07:50:49,472 [6b3af311-e32e-4fc8-8f5a-7d2ebf50f5ab@group-9FE30C7A4DC9-LeaderElection14] INFO  server.RaftServer$Division (RaftServerImpl.java:setRole(378)) - 6b3af311-e32e-4fc8-8f5a-7d2ebf50f5ab@group-9FE30C7A4DC9: changes role from CANDIDATE to LEADER at term 1 for changeToLeader
2025-05-13 07:50:49,472 [6b3af311-e32e-4fc8-8f5a-7d2ebf50f5ab@group-9FE30C7A4DC9-LeaderElection14] INFO  server.RaftServerConfigKeys (ConfUtils.java:logGet(46)) - raft.server.staging.catchup.gap = 1000 (default)
2025-05-13 07:50:49,473 [6b3af311-e32e-4fc8-8f5a-7d2ebf50f5ab@group-9FE30C7A4DC9-LeaderElection14] INFO  server.RaftServerConfigKeys (ConfUtils.java:logGet(46)) - raft.server.write.element-limit = 4096 (default)
2025-05-13 07:50:49,473 [6b3af311-e32e-4fc8-8f5a-7d2ebf50f5ab@group-9FE30C7A4DC9-LeaderElection14] INFO  server.RaftServerConfigKeys (ConfUtils.java:logGet(46)) - raft.server.write.byte-limit = 64MB (=67108864) (default)
2025-05-13 07:50:49,473 [6b3af311-e32e-4fc8-8f5a-7d2ebf50f5ab@group-9FE30C7A4DC9-LeaderElection14] INFO  server.RaftServerConfigKeys (ConfUtils.java:logGet(46)) - raft.server.watch.timeout = 10s (default)
2025-05-13 07:50:49,473 [6b3af311-e32e-4fc8-8f5a-7d2ebf50f5ab@group-9FE30C7A4DC9-LeaderElection14] INFO  server.RaftServerConfigKeys (ConfUtils.java:logGet(46)) - raft.server.watch.timeout.denomination = 1s (default)
2025-05-13 07:50:49,473 [6b3af311-e32e-4fc8-8f5a-7d2ebf50f5ab@group-9FE30C7A4DC9-LeaderElection14] INFO  server.RaftServerConfigKeys (ConfUtils.java:logGet(46)) - raft.server.watch.element-limit = 65536 (default)
2025-05-13 07:50:49,473 [6b3af311-e32e-4fc8-8f5a-7d2ebf50f5ab@group-9FE30C7A4DC9-LeaderElection14] INFO  server.RaftServerConfigKeys (ConfUtils.java:logGet(46)) - raft.server.read.leader.lease.enabled = false (default)
2025-05-13 07:50:49,473 [6b3af311-e32e-4fc8-8f5a-7d2ebf50f5ab@group-9FE30C7A4DC9-LeaderElection14] INFO  server.RaftServerConfigKeys (ConfUtils.java:logGet(46)) - raft.server.read.leader.lease.timeout.ratio = 0.9 (default)
2025-05-13 07:50:49,473 [6b3af311-e32e-4fc8-8f5a-7d2ebf50f5ab@group-9FE30C7A4DC9-LeaderElection14] INFO  server.RaftServerConfigKeys (ConfUtils.java:logGet(46)) - raft.server.rpc.timeout.min = 5000ms (custom)
2025-05-13 07:50:49,473 [6b3af311-e32e-4fc8-8f5a-7d2ebf50f5ab@group-9FE30C7A4DC9-LeaderElection14] INFO  server.RaftServerConfigKeys (ConfUtils.java:logGet(46)) - raft.server.log.log-metadata.enabled = true (default)
2025-05-13 07:50:49,473 [6b3af311-e32e-4fc8-8f5a-7d2ebf50f5ab@group-9FE30C7A4DC9-LeaderElection14] INFO  server.RaftServerConfigKeys (ConfUtils.java:logGet(46)) - raft.server.write.element-limit = 4096 (default)
2025-05-13 07:50:49,473 [6b3af311-e32e-4fc8-8f5a-7d2ebf50f5ab@group-9FE30C7A4DC9-LeaderElection14] INFO  server.RaftServerConfigKeys (ConfUtils.java:logGet(46)) - raft.server.write.follower.gap.ratio.max = -1.0 (default)
2025-05-13 07:50:49,473 [6b3af311-e32e-4fc8-8f5a-7d2ebf50f5ab@group-9FE30C7A4DC9-LeaderElection14] INFO  impl.RoleInfo (RoleInfo.java:updateAndGet(148)) - 6b3af311-e32e-4fc8-8f5a-7d2ebf50f5ab: start 6b3af311-e32e-4fc8-8f5a-7d2ebf50f5ab@group-9FE30C7A4DC9-LeaderStateImpl
2025-05-13 07:50:49,473 [6b3af311-e32e-4fc8-8f5a-7d2ebf50f5ab@group-9FE30C7A4DC9-LeaderElection14] INFO  server.RaftServer$Division (RaftServerImpl.java:setFirstElection(562)) - 6b3af311-e32e-4fc8-8f5a-7d2ebf50f5ab@group-9FE30C7A4DC9: set firstElectionSinceStartup to false for becomeLeader
2025-05-13 07:50:49,473 [6b3af311-e32e-4fc8-8f5a-7d2ebf50f5ab@group-9FE30C7A4DC9-LeaderElection14] INFO  server.RaftServer$Division (ServerState.java:setLeader(272)) - 6b3af311-e32e-4fc8-8f5a-7d2ebf50f5ab@group-9FE30C7A4DC9: change Leader from null to 6b3af311-e32e-4fc8-8f5a-7d2ebf50f5ab at term 1 for becomeLeader, leader elected after 5190ms
2025-05-13 07:50:49,473 [6b3af311-e32e-4fc8-8f5a-7d2ebf50f5ab@group-9FE30C7A4DC9-LeaderElection14] INFO  segmented.SegmentedRaftLogWorker (SegmentedRaftLogWorker.java:startLogSegment(438)) - 6b3af311-e32e-4fc8-8f5a-7d2ebf50f5ab@group-9FE30C7A4DC9-SegmentedRaftLogWorker: Starting segment from index:0
2025-05-13 07:50:49,474 [6b3af311-e32e-4fc8-8f5a-7d2ebf50f5ab@group-9FE30C7A4DC9-LeaderElection14] INFO  server.RaftServer$Division (ServerState.java:setRaftConf(386)) - 6b3af311-e32e-4fc8-8f5a-7d2ebf50f5ab@group-9FE30C7A4DC9: set configuration conf: {index: 0, cur=peers:[6b3af311-e32e-4fc8-8f5a-7d2ebf50f5ab|pkrvmberfyhpb9w:15095]|listeners:[], old=null}
2025-05-13 07:50:49,474 [6b3af311-e32e-4fc8-8f5a-7d2ebf50f5ab@group-9FE30C7A4DC9-SegmentedRaftLogWorker] INFO  segmented.BufferedWriteChannel (BufferedWriteChannel.java:open(61)) - open log_inprogress_0 at position 0
2025-05-13 07:50:49,479 [6b3af311-e32e-4fc8-8f5a-7d2ebf50f5ab@group-9FE30C7A4DC9-SegmentedRaftLogWorker] INFO  segmented.SegmentedRaftLogWorker (SegmentedRaftLogWorker.java:execute(644)) - 6b3af311-e32e-4fc8-8f5a-7d2ebf50f5ab@group-9FE30C7A4DC9-SegmentedRaftLogWorker: created new log segment /tmp/junit-11264462521574289389/scm-meta/scm-ha/98ec7afb-b70c-4863-a818-9fe30c7a4dc9/current/log_inprogress_0
2025-05-13 07:50:49,481 [6b3af311-e32e-4fc8-8f5a-7d2ebf50f5ab@group-9FE30C7A4DC9-StateMachineUpdater] INFO  server.RaftServer$Division (LeaderStateImpl.java:checkStartIndex(313)) - Leader 6b3af311-e32e-4fc8-8f5a-7d2ebf50f5ab@group-9FE30C7A4DC9-LeaderStateImpl is ready since appliedIndex == startIndex == 0
2025-05-13 07:50:49,641 [om1-om-CertificateRenewerService] INFO  retry.RetryInvocationHandler (RetryInvocationHandler.java:log(426)) - com.google.protobuf.ServiceException: java.net.ConnectException: Call From pkrvmberfyhpb9w/10.1.0.36 to localhost:15024 failed on connection exception: java.net.ConnectException: Connection refused; For more details see:  http://wiki.apache.org/hadoop/ConnectionRefused, while invoking $Proxy45.submitRequest over nodeId=scmNodeId,nodeAddress=localhost/127.0.0.1:15024 after 221 failover attempts. Trying to failover after sleeping for 2000ms. Current retry count: 221.
2025-05-13 07:50:50,295 [main] INFO  server.RaftServer (RaftServerProxy.java:lambda$close$9(417)) - 6b3af311-e32e-4fc8-8f5a-7d2ebf50f5ab: close
2025-05-13 07:50:50,295 [main] INFO  server.GrpcService (GrpcService.java:closeImpl(343)) - 6b3af311-e32e-4fc8-8f5a-7d2ebf50f5ab: shutdown server GrpcServerProtocolService now
2025-05-13 07:50:50,295 [6b3af311-e32e-4fc8-8f5a-7d2ebf50f5ab-impl-thread1] INFO  server.RaftServer$Division (RaftServerImpl.java:lambda$close$1(513)) - 6b3af311-e32e-4fc8-8f5a-7d2ebf50f5ab@group-9FE30C7A4DC9: shutdown
2025-05-13 07:50:50,295 [6b3af311-e32e-4fc8-8f5a-7d2ebf50f5ab-impl-thread1] INFO  util.JmxRegister (JmxRegister.java:unregister(74)) - Successfully un-registered JMX Bean with object name Ratis:service=RaftServer,group=group-9FE30C7A4DC9,id=6b3af311-e32e-4fc8-8f5a-7d2ebf50f5ab
2025-05-13 07:50:50,295 [6b3af311-e32e-4fc8-8f5a-7d2ebf50f5ab-impl-thread1] INFO  impl.RoleInfo (RoleInfo.java:shutdownLeaderState(103)) - 6b3af311-e32e-4fc8-8f5a-7d2ebf50f5ab: shutdown 6b3af311-e32e-4fc8-8f5a-7d2ebf50f5ab@group-9FE30C7A4DC9-LeaderStateImpl
2025-05-13 07:50:50,295 [6b3af311-e32e-4fc8-8f5a-7d2ebf50f5ab-impl-thread1] INFO  impl.PendingRequests (PendingRequests.java:sendNotLeaderResponses(287)) - 6b3af311-e32e-4fc8-8f5a-7d2ebf50f5ab@group-9FE30C7A4DC9-PendingRequests: sendNotLeaderResponses
2025-05-13 07:50:50,296 [6b3af311-e32e-4fc8-8f5a-7d2ebf50f5ab-impl-thread1] INFO  impl.StateMachineUpdater (StateMachineUpdater.java:stopAndJoin(164)) - 6b3af311-e32e-4fc8-8f5a-7d2ebf50f5ab@group-9FE30C7A4DC9-StateMachineUpdater: set stopIndex = 0
2025-05-13 07:50:50,296 [main] INFO  server.GrpcService (GrpcService.java:closeImpl(352)) - 6b3af311-e32e-4fc8-8f5a-7d2ebf50f5ab: shutdown server GrpcServerProtocolService successfully
2025-05-13 07:50:50,296 [6b3af311-e32e-4fc8-8f5a-7d2ebf50f5ab@group-9FE30C7A4DC9-StateMachineUpdater] INFO  impl.StateMachineUpdater (StateMachineUpdater.java:takeSnapshot(303)) - 6b3af311-e32e-4fc8-8f5a-7d2ebf50f5ab@group-9FE30C7A4DC9-StateMachineUpdater: Took a snapshot at index 0
2025-05-13 07:50:50,296 [6b3af311-e32e-4fc8-8f5a-7d2ebf50f5ab@group-9FE30C7A4DC9-StateMachineUpdater] INFO  impl.StateMachineUpdater (StateMachineUpdater.java:lambda$new$0(102)) - 6b3af311-e32e-4fc8-8f5a-7d2ebf50f5ab@group-9FE30C7A4DC9-StateMachineUpdater: snapshotIndex: updateIncreasingly -1 -> 0
2025-05-13 07:50:50,297 [6b3af311-e32e-4fc8-8f5a-7d2ebf50f5ab@group-9FE30C7A4DC9-StateMachineUpdater] INFO  impl.StateMachineUpdater (StateMachineUpdater.java:stop(141)) - 6b3af311-e32e-4fc8-8f5a-7d2ebf50f5ab@group-9FE30C7A4DC9-StateMachineUpdater: closing SCMStateMachine, lastApplied=(t:1, i:0)
2025-05-13 07:50:50,297 [6b3af311-e32e-4fc8-8f5a-7d2ebf50f5ab@group-9FE30C7A4DC9-cacheEviction-AwaitToRun] INFO  util.AwaitToRun (AwaitToRun.java:run(49)) - 6b3af311-e32e-4fc8-8f5a-7d2ebf50f5ab@group-9FE30C7A4DC9-cacheEviction-AwaitToRun-AwaitForSignal is interrupted
2025-05-13 07:50:50,481 [6b3af311-e32e-4fc8-8f5a-7d2ebf50f5ab-impl-thread1] INFO  segmented.SegmentedRaftLogWorker (SegmentedRaftLogWorker.java:close(252)) - 6b3af311-e32e-4fc8-8f5a-7d2ebf50f5ab@group-9FE30C7A4DC9-SegmentedRaftLogWorker close()
2025-05-13 07:50:50,481 [JvmPauseMonitor19] INFO  util.JvmPauseMonitor (JvmPauseMonitor.java:run(152)) - JvmPauseMonitor-6b3af311-e32e-4fc8-8f5a-7d2ebf50f5ab: Stopped
2025-05-13 07:50:50,482 [main] WARN  server.ServerUtils (ServerUtils.java:getScmDbDir(138)) - ozone.scm.db.dirs is not configured. We recommend adding this setting. Falling back to ozone.metadata.dirs instead.
2025-05-13 07:50:50,482 [main] INFO  ha.SCMHANodeDetails (SCMHANodeDetails.java:loadSCMHAConfig(162)) - ServiceID for StorageContainerManager is null
2025-05-13 07:50:50,482 [main] INFO  ha.SCMHANodeDetails (SCMHANodeDetails.java:loadSCMHAConfig(166)) - ozone.scm.default.service.id is not defined, falling back to ozone.scm.service.ids to find serviceID for StorageContainerManager if it is HA enabled cluster
2025-05-13 07:50:50,484 [pool-546-thread-1] INFO  request.KdcRequest (KdcRequest.java:preauth(683)) - The preauth data is empty.
2025-05-13 07:50:50,484 [pool-546-thread-1] INFO  server.KdcHandler (KdcHandler.java:handleRecoverableException(177)) - KRB error occurred while processing request: Additional pre-authentication required
2025-05-13 07:50:50,486 [pool-546-thread-1] INFO  request.AsRequest (AsRequest.java:issueTicket(112)) - AS_REQ ISSUE: authtime 1747122650486,om/pkrvmberfyhpb9w.internal.cloudapp.net@EXAMPLE.COM for krbtgt/EXAMPLE.COM@EXAMPLE.COM
2025-05-13 07:50:50,487 [main] INFO  security.UserGroupInformation (UserGroupInformation.java:loginUserFromKeytab(1143)) - Login successful for user om/pkrvmberfyhpb9w.internal.cloudapp.net@EXAMPLE.COM using keytab file om.keytab. Keytab auto renewal enabled : false
2025-05-13 07:50:50,487 [main] INFO  server.StorageContainerManager (StorageContainerManager.java:loginAsSCMUserIfSecurityEnabled(1062)) - SCM login successful.
2025-05-13 07:50:50,489 [main] INFO  proxy.SCMSecurityProtocolFailoverProxyProvider (SCMFailoverProxyProviderBase.java:<init>(120)) - Created fail-over proxy for protocol SCMSecurityProtocolPB with 1 nodes: [nodeId=scmNodeId,nodeAddress=localhost/127.0.0.1:15094]
2025-05-13 07:50:50,489 [main] INFO  client.SCMCertificateClient (DefaultCertificateClient.java:updateCertSerialId(1289)) - Certificate serial ID set to 2
2025-05-13 07:50:50,490 [main] INFO  client.SCMCertificateClient (DefaultCertificateClient.java:readCertificateFile(247)) - Added certificate 2 from file: /tmp/junit-11264462521574289389/scm-meta/scm/sub-ca/certs/2.crt.
2025-05-13 07:50:50,490 [main] INFO  client.SCMCertificateClient (DefaultCertificateClient.java:readCertificateFile(247)) - Added certificate 1 from file: /tmp/junit-11264462521574289389/scm-meta/scm/sub-ca/certs/CA-1.crt.
2025-05-13 07:50:50,491 [main] INFO  client.SCMCertificateClient (DefaultCertificateClient.java:readCertificateFile(247)) - Added certificate 2 from file: /tmp/junit-11264462521574289389/scm-meta/scm/sub-ca/certs/certificate.crt.
2025-05-13 07:50:50,491 [main] INFO  client.SCMCertificateClient (DefaultCertificateClient.java:loadAllCertificates(196)) - CertificateRenewerService and root ca rotation polling is disabled for scm/sub-ca
2025-05-13 07:50:50,491 [main] WARN  utils.HAUtils (HAUtils.java:getMetaDir(311)) - ozone.scm.db.dirs is not configured. We recommend adding this setting. Falling back to ozone.metadata.dirs instead.
2025-05-13 07:50:50,492 [main] WARN  db.DBStoreBuilder (DBStoreBuilder.java:getDBDirPath(160)) - ozone.scm.db.dirs is not configured. We recommend adding this setting. Falling back to ozone.metadata.dirs instead.
2025-05-13 07:50:50,565 [main] INFO  net.NodeSchemaLoader (NodeSchemaLoader.java:loadSchemaFromFile(128)) - Loading schema from [jar:file:/home/runner/work/ozone/ozone/hadoop-hdds/common/target/hdds-common-2.1.0-SNAPSHOT.jar!/network-topology-default.xml]
2025-05-13 07:50:50,565 [main] INFO  net.NodeSchemaLoader (NodeSchemaLoader.java:loadSchema(175)) - Loading network topology layer schema file
2025-05-13 07:50:50,588 [main] INFO  ha.SCMRatisServerImpl (SCMRatisServerImpl.java:<init>(100)) - starting Raft server for scm:6b3af311-e32e-4fc8-8f5a-7d2ebf50f5ab
2025-05-13 07:50:50,588 [main] INFO  server.RaftServerConfigKeys (ConfUtils.java:logGet(46)) - raft.server.log.appender.buffer.byte-limit = 4194304 (custom)
2025-05-13 07:50:50,589 [main] INFO  server.RaftServer (ConfUtils.java:logGet(46)) - raft.rpc.type = GRPC (default)
2025-05-13 07:50:50,589 [main] INFO  grpc.GrpcConfigKeys (ConfUtils.java:logFallback(53)) - raft.grpc.admin.host = null (fallback to raft.grpc.server.host)
2025-05-13 07:50:50,589 [main] INFO  grpc.GrpcConfigKeys (ConfUtils.java:logFallback(53)) - raft.grpc.admin.port = 15095 (fallback to raft.grpc.server.port)
2025-05-13 07:50:50,589 [main] INFO  grpc.GrpcConfigKeys (ConfUtils.java:logFallback(53)) - raft.grpc.client.host = null (fallback to raft.grpc.server.host)
2025-05-13 07:50:50,589 [main] INFO  grpc.GrpcConfigKeys (ConfUtils.java:logFallback(53)) - raft.grpc.client.port = 15095 (fallback to raft.grpc.server.port)
2025-05-13 07:50:50,589 [main] INFO  grpc.GrpcConfigKeys (ConfUtils.java:logGet(46)) - raft.grpc.server.host = null (default)
2025-05-13 07:50:50,589 [main] INFO  grpc.GrpcConfigKeys (ConfUtils.java:logGet(46)) - raft.grpc.server.port = 15095 (custom)
2025-05-13 07:50:50,590 [main] INFO  server.GrpcService (ConfUtils.java:logGet(46)) - raft.grpc.message.size.max = 5242880 (custom)
2025-05-13 07:50:50,590 [main] INFO  server.GrpcService (ConfUtils.java:logGet(46)) - raft.grpc.flow.control.window = 1MB (=1048576) (default)
2025-05-13 07:50:50,590 [main] INFO  server.RaftServerConfigKeys (ConfUtils.java:logGet(46)) - raft.server.rpc.request.timeout = 30000ms (custom)
2025-05-13 07:50:50,590 [main] INFO  grpc.GrpcConfigKeys (ConfUtils.java:logGet(46)) - raft.grpc.server.heartbeat.channel = true (default)
2025-05-13 07:50:50,590 [main] INFO  server.RaftServerConfigKeys (ConfUtils.java:logGet(46)) - raft.server.log.appender.buffer.byte-limit = 4194304 (custom)
2025-05-13 07:50:50,590 [main] INFO  grpc.GrpcConfigKeys (ConfUtils.java:logGet(46)) - raft.grpc.server.async.request.thread.pool.cached = true (default)
2025-05-13 07:50:50,590 [main] INFO  grpc.GrpcConfigKeys (ConfUtils.java:logGet(46)) - raft.grpc.server.async.request.thread.pool.size = 32 (default)
2025-05-13 07:50:50,591 [main] INFO  impl.DataStreamServerImpl (ConfUtils.java:logGet(46)) - raft.datastream.type = DISABLED (default)
2025-05-13 07:50:50,591 [main] INFO  server.RaftServerConfigKeys (ConfUtils.java:logGet(46)) - raft.server.sleep.deviation.threshold = 300ms (default)
2025-05-13 07:50:50,591 [main] INFO  server.RaftServerConfigKeys (ConfUtils.java:logGet(46)) - raft.server.close.threshold = 60s (default)
2025-05-13 07:50:50,591 [main] INFO  server.RaftServerConfigKeys (ConfUtils.java:logGet(46)) - raft.server.leaderelection.leader.step-down.wait-time = 10s (default)
2025-05-13 07:50:50,591 [main] INFO  server.RaftServerConfigKeys (ConfUtils.java:logGet(46)) - raft.server.storage.dir = [/tmp/junit-11264462521574289389/scm-meta/scm-ha] (custom)
2025-05-13 07:50:50,591 [main] INFO  server.RaftServerConfigKeys (ConfUtils.java:logGet(46)) - raft.server.threadpool.proxy.cached = true (default)
2025-05-13 07:50:50,591 [main] INFO  server.RaftServerConfigKeys (ConfUtils.java:logGet(46)) - raft.server.threadpool.proxy.size = 0 (default)
2025-05-13 07:50:50,592 [6b3af311-e32e-4fc8-8f5a-7d2ebf50f5ab-impl-thread1] INFO  server.RaftServer (RaftServerProxy.java:initGroupDir(265)) - 6b3af311-e32e-4fc8-8f5a-7d2ebf50f5ab: found a subdirectory /tmp/junit-11264462521574289389/scm-meta/scm-ha/98ec7afb-b70c-4863-a818-9fe30c7a4dc9
2025-05-13 07:50:50,592 [main] INFO  server.RaftServer (RaftServerProxy.java:addNew(100)) - 6b3af311-e32e-4fc8-8f5a-7d2ebf50f5ab: addNew group-9FE30C7A4DC9:[] returns group-9FE30C7A4DC9:java.util.concurrent.CompletableFuture@69d455e5[Not completed]
2025-05-13 07:50:50,592 [6b3af311-e32e-4fc8-8f5a-7d2ebf50f5ab-groupManagement] INFO  server.RaftServer$Division (RaftServerImpl.java:<init>(255)) - 6b3af311-e32e-4fc8-8f5a-7d2ebf50f5ab: new RaftServerImpl for group-9FE30C7A4DC9:[] with SCMStateMachine:uninitialized
2025-05-13 07:50:50,592 [6b3af311-e32e-4fc8-8f5a-7d2ebf50f5ab-groupManagement] INFO  server.RaftServerConfigKeys (ConfUtils.java:logGet(46)) - raft.server.rpc.timeout.min = 5000ms (custom)
2025-05-13 07:50:50,592 [6b3af311-e32e-4fc8-8f5a-7d2ebf50f5ab-groupManagement] INFO  server.RaftServerConfigKeys (ConfUtils.java:logGet(46)) - raft.server.rpc.timeout.max = 5200ms (custom)
2025-05-13 07:50:50,592 [6b3af311-e32e-4fc8-8f5a-7d2ebf50f5ab-groupManagement] INFO  server.RaftServerConfigKeys (ConfUtils.java:logGet(46)) - raft.server.rpc.sleep.time = 25ms (default)
2025-05-13 07:50:50,592 [6b3af311-e32e-4fc8-8f5a-7d2ebf50f5ab-groupManagement] INFO  server.RaftServerConfigKeys (ConfUtils.java:logGet(46)) - raft.server.rpc.slowness.timeout = 120000ms (custom)
2025-05-13 07:50:50,592 [6b3af311-e32e-4fc8-8f5a-7d2ebf50f5ab-groupManagement] INFO  server.RaftServerConfigKeys (ConfUtils.java:logGet(46)) - raft.server.leaderelection.leader.step-down.wait-time = 10s (default)
2025-05-13 07:50:50,592 [6b3af311-e32e-4fc8-8f5a-7d2ebf50f5ab-groupManagement] INFO  server.RaftServerConfigKeys (ConfUtils.java:logGet(46)) - raft.server.leaderelection.member.majority-add = false (default)
2025-05-13 07:50:50,592 [6b3af311-e32e-4fc8-8f5a-7d2ebf50f5ab-groupManagement] INFO  server.RaftServerConfigKeys (ConfUtils.java:logGet(46)) - raft.server.sleep.deviation.threshold = 300ms (default)
2025-05-13 07:50:50,593 [6b3af311-e32e-4fc8-8f5a-7d2ebf50f5ab-groupManagement] INFO  server.RaftServer$Division (ServerState.java:<init>(114)) - 6b3af311-e32e-4fc8-8f5a-7d2ebf50f5ab@group-9FE30C7A4DC9: ConfigurationManager, init=conf: {index: -1, cur=peers:[]|listeners:[], old=null}, confs=<EMPTY_MAP>
2025-05-13 07:50:50,593 [6b3af311-e32e-4fc8-8f5a-7d2ebf50f5ab-groupManagement] INFO  server.RaftServerConfigKeys (ConfUtils.java:logGet(46)) - raft.server.notification.no-leader.timeout = 60s (default)
2025-05-13 07:50:50,593 [6b3af311-e32e-4fc8-8f5a-7d2ebf50f5ab-groupManagement] INFO  server.RaftServerConfigKeys (ConfUtils.java:logGet(46)) - raft.server.read.timeout = 10s (default)
2025-05-13 07:50:50,593 [6b3af311-e32e-4fc8-8f5a-7d2ebf50f5ab-groupManagement] INFO  server.RaftServerConfigKeys (ConfUtils.java:logGet(46)) - raft.server.retrycache.expirytime = 60000ms (default)
2025-05-13 07:50:50,593 [6b3af311-e32e-4fc8-8f5a-7d2ebf50f5ab-groupManagement] INFO  server.RaftServerConfigKeys (ConfUtils.java:logGet(46)) - raft.server.retrycache.statistics.expirytime = 100ms (default)
2025-05-13 07:50:50,593 [6b3af311-e32e-4fc8-8f5a-7d2ebf50f5ab-groupManagement] INFO  server.RaftServerConfigKeys (ConfUtils.java:logGet(46)) - raft.server.read.option = DEFAULT (default)
2025-05-13 07:50:50,593 [6b3af311-e32e-4fc8-8f5a-7d2ebf50f5ab-groupManagement] INFO  server.RaftServerConfigKeys (ConfUtils.java:logGet(46)) - raft.server.read.read-after-write-consistent.write-index-cache.expiry-time = 60s (default)
2025-05-13 07:50:50,596 [6b3af311-e32e-4fc8-8f5a-7d2ebf50f5ab-groupManagement] INFO  server.RaftServerConfigKeys (ConfUtils.java:logGet(46)) - raft.server.rpc.request.timeout = 30000ms (custom)
2025-05-13 07:50:50,596 [6b3af311-e32e-4fc8-8f5a-7d2ebf50f5ab-groupManagement] INFO  server.RaftServerConfigKeys (ConfUtils.java:logGet(46)) - raft.server.log.appender.install.snapshot.enabled = false (custom)
2025-05-13 07:50:50,596 [6b3af311-e32e-4fc8-8f5a-7d2ebf50f5ab-groupManagement] INFO  server.RaftServerConfigKeys (ConfUtils.java:logGet(46)) - raft.server.threadpool.server.cached = true (default)
2025-05-13 07:50:50,596 [6b3af311-e32e-4fc8-8f5a-7d2ebf50f5ab-groupManagement] INFO  server.RaftServerConfigKeys (ConfUtils.java:logGet(46)) - raft.server.threadpool.server.size = 0 (default)
2025-05-13 07:50:50,596 [6b3af311-e32e-4fc8-8f5a-7d2ebf50f5ab-groupManagement] INFO  server.RaftServerConfigKeys (ConfUtils.java:logGet(46)) - raft.server.threadpool.client.cached = true (default)
2025-05-13 07:50:50,596 [6b3af311-e32e-4fc8-8f5a-7d2ebf50f5ab-groupManagement] INFO  server.RaftServerConfigKeys (ConfUtils.java:logGet(46)) - raft.server.threadpool.client.size = 0 (default)
2025-05-13 07:50:50,596 [main] INFO  ha.SCMSnapshotProvider (SCMSnapshotProvider.java:<init>(61)) - Initializing SCM Snapshot Provider
2025-05-13 07:50:50,596 [main] WARN  server.ServerUtils (ServerUtils.java:getDefaultRatisDirectory(304)) - Storage directory for Ratis is not configured. It is a good idea to map this to an SSD disk. Falling back to ozone.metadata.dirs
2025-05-13 07:50:50,596 [main] WARN  ha.SCMHAUtils (SCMHAUtils.java:getSCMRatisSnapshotDirectory(120)) - SCM snapshot dir is not configured. Falling back to ozone.metadata.dirs config
2025-05-13 07:50:50,597 [main] INFO  upgrade.AbstractLayoutVersionManager (AbstractLayoutVersionManager.java:init(80)) - Initializing Layout version manager with metadata layout = HBASE_SUPPORT (version = 8), software layout = HBASE_SUPPORT (version = 8)
2025-05-13 07:50:50,598 [main] INFO  ha.SequenceIdGenerator (SequenceIdGenerator.java:upgradeToSequenceId(355)) - upgrade localId to 115816896921600000
2025-05-13 07:50:50,598 [main] INFO  ha.SequenceIdGenerator (SequenceIdGenerator.java:upgradeToSequenceId(365)) - upgrade delTxnId to 0
2025-05-13 07:50:50,599 [main] INFO  ha.SequenceIdGenerator (SequenceIdGenerator.java:upgradeToSequenceId(382)) - upgrade containerId to 0
2025-05-13 07:50:50,600 [main] INFO  ha.SequenceIdGenerator (SequenceIdGenerator.java:upgradeToCertificateSequenceId(419)) - upgrade CertificateId to 2
2025-05-13 07:50:50,600 [main] INFO  ha.SequenceIdGenerator (SequenceIdGenerator.java:<init>(232)) - Init the HA SequenceIdGenerator.
2025-05-13 07:50:50,600 [main] WARN  server.ServerUtils (ServerUtils.java:sanitizeUserArgs(76)) - ozone.scm.stale.node.interval value = 300000 is larger than max = 100000 based on the key value of ozone.scm.heartbeat.thread.interval, reset to the max value 100000.
2025-05-13 07:50:50,600 [main] WARN  server.ServerUtils (ServerUtils.java:sanitizeUserArgs(76)) - ozone.scm.stale.node.interval value = 300000 is larger than max = 100000 based on the key value of ozone.scm.heartbeat.thread.interval, reset to the max value 100000.
2025-05-13 07:50:50,600 [main] INFO  node.SCMNodeManager (SCMNodeManager.java:<init>(182)) - Entering startup safe mode.
2025-05-13 07:50:50,601 [main] INFO  algorithms.ContainerPlacementPolicyFactory (ContainerPlacementPolicyFactory.java:getPolicyInternal(84)) - Create container placement policy of type org.apache.hadoop.hdds.scm.container.placement.algorithms.SCMContainerPlacementRackAware
2025-05-13 07:50:50,601 [main] INFO  algorithms.ContainerPlacementPolicyFactory (ContainerPlacementPolicyFactory.java:getPolicyInternal(84)) - Create container placement policy of type org.apache.hadoop.hdds.scm.container.placement.algorithms.SCMContainerPlacementRackScatter
2025-05-13 07:50:50,601 [main] INFO  pipeline.PipelineStateManagerImpl (PipelineStateManagerImpl.java:initialize(75)) - No pipeline exists in current db
2025-05-13 07:50:50,601 [main] INFO  algorithms.LeaderChoosePolicyFactory (LeaderChoosePolicyFactory.java:getPolicy(55)) - Create leader choose policy of type org.apache.hadoop.hdds.scm.pipeline.leader.choose.algorithms.MinLeaderCountChoosePolicy
2025-05-13 07:50:50,601 [main] INFO  algorithms.ContainerPlacementPolicyFactory (ContainerPlacementPolicyFactory.java:getPolicyInternal(84)) - Create container placement policy of type org.apache.hadoop.hdds.scm.container.placement.algorithms.SCMContainerPlacementRackScatter
2025-05-13 07:50:50,601 [main] INFO  ha.SCMServiceManager (SCMServiceManager.java:register(42)) - Registering service BackgroundPipelineCreator.
2025-05-13 07:50:50,601 [main] INFO  pipeline.BackgroundPipelineCreator (BackgroundPipelineCreator.java:start(126)) - Starting RatisPipelineUtilsThread.
2025-05-13 07:50:50,602 [main] INFO  BackgroundPipelineScrubber (BackgroundSCMService.java:start(64)) - Starting BackgroundPipelineScrubber Service.
2025-05-13 07:50:50,602 [main] INFO  ha.SCMServiceManager (SCMServiceManager.java:register(42)) - Registering service BackgroundPipelineScrubber.
2025-05-13 07:50:50,602 [main] INFO  ExpiredContainerReplicaOpScrubber (BackgroundSCMService.java:start(64)) - Starting ExpiredContainerReplicaOpScrubber Service.
2025-05-13 07:50:50,602 [main] INFO  ha.SCMServiceManager (SCMServiceManager.java:register(42)) - Registering service ExpiredContainerReplicaOpScrubber.
2025-05-13 07:50:50,603 [main] INFO  algorithms.PipelineChoosePolicyFactory (PipelineChoosePolicyFactory.java:createPipelineChoosePolicyFromClass(78)) - Create pipeline choose policy of type org.apache.hadoop.hdds.scm.pipeline.choose.algorithms.RandomPipelineChoosePolicy
2025-05-13 07:50:50,603 [main] INFO  algorithms.PipelineChoosePolicyFactory (PipelineChoosePolicyFactory.java:createPipelineChoosePolicyFromClass(78)) - Create pipeline choose policy of type org.apache.hadoop.hdds.scm.pipeline.choose.algorithms.RandomPipelineChoosePolicy
2025-05-13 07:50:50,604 [main] INFO  ha.SCMServiceManager (SCMServiceManager.java:register(42)) - Registering service SCMBlockDeletingService.
2025-05-13 07:50:50,604 [main] INFO  replication.ReplicationManager (ReplicationManager.java:start(285)) - Starting Replication Monitor Thread.
2025-05-13 07:50:50,605 [main] INFO  ha.SCMServiceManager (SCMServiceManager.java:register(42)) - Registering service ReplicationManager.
2025-05-13 07:50:50,605 [main] INFO  safemode.RatisContainerSafeModeRule (RatisContainerSafeModeRule.java:initializeRule(160)) - Refreshed Containers with one replica threshold count 0.
2025-05-13 07:50:50,605 [main] INFO  safemode.ECContainerSafeModeRule (ECContainerSafeModeRule.java:initializeRule(205)) - Refreshed Containers with ec n replica threshold count 0.
2025-05-13 07:50:50,606 [main] INFO  safemode.HealthyPipelineSafeModeRule (HealthyPipelineSafeModeRule.java:initializeRule(177)) - Total pipeline count is 0, healthy pipeline threshold count is 0
2025-05-13 07:50:50,606 [main] INFO  safemode.OneReplicaPipelineSafeModeRule (OneReplicaPipelineSafeModeRule.java:initializeRule(190)) - Total pipeline count is 0, pipeline's with at least one datanode reported threshold count is 0
2025-05-13 07:50:50,606 [main] INFO  security.SecretKeyManagerService (SecretKeyManagerService.java:start(143)) - Scheduling rotation checker with interval PT10M
2025-05-13 07:50:50,606 [main] INFO  ha.SCMServiceManager (SCMServiceManager.java:register(42)) - Registering service SecretKeyManagerService.
2025-05-13 07:50:50,607 [main] INFO  keys.KeyStorage (KeyStorage.java:readPublicKey(174)) - Reading public key from /tmp/junit-11264462521574289389/scm-meta/scm/sub-ca/keys/public.pem.
2025-05-13 07:50:50,607 [main] INFO  keys.KeyStorage (KeyStorage.java:readPrivateKey(158)) - Reading private key from /tmp/junit-11264462521574289389/scm-meta/scm/sub-ca/keys/private.pem.
2025-05-13 07:50:50,608 [main] INFO  authority.DefaultCAServer (DefaultCAServer.java:lambda$processVerificationStatus$0(392)) - CertificateServer validation is successful
2025-05-13 07:50:50,608 [main] INFO  keys.KeyStorage (KeyStorage.java:readPublicKey(174)) - Reading public key from /tmp/junit-11264462521574289389/scm-meta/scm/ca/keys/public.pem.
2025-05-13 07:50:50,608 [main] INFO  keys.KeyStorage (KeyStorage.java:readPrivateKey(158)) - Reading private key from /tmp/junit-11264462521574289389/scm-meta/scm/ca/keys/private.pem.
2025-05-13 07:50:50,608 [main] INFO  authority.DefaultCAServer (DefaultCAServer.java:lambda$processVerificationStatus$0(392)) - CertificateServer validation is successful
2025-05-13 07:50:50,608 [main] INFO  server.StorageContainerManager (StorageContainerManager.java:persistPrimarySCMCerts(950)) - Storing sub-ca certificate serialId 2 on primary SCM
2025-05-13 07:50:50,609 [main] INFO  server.SCMCertStore (SCMCertStore.java:storeValidScmCertificate(96)) - Scm certificate 2 for CN=scm-sub@pkrvmberfyhpb9w,OU=6b3af311-e32e-4fc8-8f5a-7d2ebf50f5ab,O=98ec7afb-b70c-4863-a818-9fe30c7a4dc9,SERIALNUMBER=2 is stored
2025-05-13 07:50:50,609 [main] INFO  server.StorageContainerManager (StorageContainerManager.java:persistPrimarySCMCerts(957)) - Storing root certificate serialId 1
2025-05-13 07:50:50,610 [main] INFO  server.SCMCertStore (SCMCertStore.java:storeValidScmCertificate(96)) - Scm certificate 1 for CN=scm@pkrvmberfyhpb9w,OU=6b3af311-e32e-4fc8-8f5a-7d2ebf50f5ab,O=98ec7afb-b70c-4863-a818-9fe30c7a4dc9,SERIALNUMBER=1 is stored
2025-05-13 07:50:50,611 [main] INFO  ha.SequenceIdGenerator (SequenceIdGenerator.java:upgradeToCertificateSequenceId(419)) - upgrade CertificateId to 2
2025-05-13 07:50:50,612 [main] INFO  ipc.CallQueueManager (CallQueueManager.java:<init>(93)) - Using callQueue: class java.util.concurrent.LinkedBlockingQueue, queueCapacity: 200, scheduler: class org.apache.hadoop.ipc.DefaultRpcScheduler, ipcBackoff: false, ipcFailOver: false.
2025-05-13 07:50:50,612 [main] INFO  ipc.Server (Server.java:<init>(1438)) - Listener at 0.0.0.0:15094
2025-05-13 07:50:50,612 [Socket Reader #1 for port 15094] INFO  ipc.Server (Server.java:run(1474)) - Starting Socket Reader #1 for port 15094
2025-05-13 07:50:50,613 [main] INFO  server.StorageContainerManager (StorageContainerManager.java:<init>(430)) - SCM start with adminUsers: [om/pkrvmberfyhpb9w.internal.cloudapp.net@EXAMPLE.COM, om]
2025-05-13 07:50:50,614 [main] INFO  ipc.CallQueueManager (CallQueueManager.java:<init>(93)) - Using callQueue: class java.util.concurrent.LinkedBlockingQueue, queueCapacity: 10000, scheduler: class org.apache.hadoop.ipc.DefaultRpcScheduler, ipcBackoff: false, ipcFailOver: false.
2025-05-13 07:50:50,614 [main] INFO  ipc.Server (Server.java:<init>(1438)) - Listener at 0.0.0.0:15092
2025-05-13 07:50:50,614 [Socket Reader #1 for port 15092] INFO  ipc.Server (Server.java:run(1474)) - Starting Socket Reader #1 for port 15092
2025-05-13 07:50:50,615 [Socket Reader #2 for port 15092] INFO  ipc.Server (Server.java:run(1474)) - Starting Socket Reader #2 for port 15092
2025-05-13 07:50:50,615 [Socket Reader #3 for port 15092] INFO  ipc.Server (Server.java:run(1474)) - Starting Socket Reader #3 for port 15092
2025-05-13 07:50:50,615 [Socket Reader #4 for port 15092] INFO  ipc.Server (Server.java:run(1474)) - Starting Socket Reader #4 for port 15092
2025-05-13 07:50:50,615 [Socket Reader #5 for port 15092] INFO  ipc.Server (Server.java:run(1474)) - Starting Socket Reader #5 for port 15092
2025-05-13 07:50:50,615 [Socket Reader #6 for port 15092] INFO  ipc.Server (Server.java:run(1474)) - Starting Socket Reader #6 for port 15092
2025-05-13 07:50:50,616 [Socket Reader #7 for port 15092] INFO  ipc.Server (Server.java:run(1474)) - Starting Socket Reader #7 for port 15092
2025-05-13 07:50:50,616 [Socket Reader #8 for port 15092] INFO  ipc.Server (Server.java:run(1474)) - Starting Socket Reader #8 for port 15092
2025-05-13 07:50:50,616 [Socket Reader #9 for port 15092] INFO  ipc.Server (Server.java:run(1474)) - Starting Socket Reader #9 for port 15092
2025-05-13 07:50:50,616 [Socket Reader #10 for port 15092] INFO  ipc.Server (Server.java:run(1474)) - Starting Socket Reader #10 for port 15092
2025-05-13 07:50:50,617 [main] INFO  ipc.CallQueueManager (CallQueueManager.java:<init>(93)) - Using callQueue: class java.util.concurrent.LinkedBlockingQueue, queueCapacity: 10000, scheduler: class org.apache.hadoop.ipc.DefaultRpcScheduler, ipcBackoff: false, ipcFailOver: false.
2025-05-13 07:50:50,617 [main] INFO  ipc.Server (Server.java:<init>(1438)) - Listener at 0.0.0.0:15093
2025-05-13 07:50:50,618 [Socket Reader #1 for port 15093] INFO  ipc.Server (Server.java:run(1474)) - Starting Socket Reader #1 for port 15093
2025-05-13 07:50:50,618 [Socket Reader #2 for port 15093] INFO  ipc.Server (Server.java:run(1474)) - Starting Socket Reader #2 for port 15093
2025-05-13 07:50:50,618 [Socket Reader #3 for port 15093] INFO  ipc.Server (Server.java:run(1474)) - Starting Socket Reader #3 for port 15093
2025-05-13 07:50:50,618 [Socket Reader #4 for port 15093] INFO  ipc.Server (Server.java:run(1474)) - Starting Socket Reader #4 for port 15093
2025-05-13 07:50:50,619 [Socket Reader #5 for port 15093] INFO  ipc.Server (Server.java:run(1474)) - Starting Socket Reader #5 for port 15093
2025-05-13 07:50:50,619 [Socket Reader #6 for port 15093] INFO  ipc.Server (Server.java:run(1474)) - Starting Socket Reader #6 for port 15093
2025-05-13 07:50:50,619 [Socket Reader #7 for port 15093] INFO  ipc.Server (Server.java:run(1474)) - Starting Socket Reader #7 for port 15093
2025-05-13 07:50:50,619 [Socket Reader #8 for port 15093] INFO  ipc.Server (Server.java:run(1474)) - Starting Socket Reader #8 for port 15093
2025-05-13 07:50:50,619 [Socket Reader #9 for port 15093] INFO  ipc.Server (Server.java:run(1474)) - Starting Socket Reader #9 for port 15093
2025-05-13 07:50:50,619 [Socket Reader #10 for port 15093] INFO  ipc.Server (Server.java:run(1474)) - Starting Socket Reader #10 for port 15093
2025-05-13 07:50:50,620 [main] INFO  ipc.CallQueueManager (CallQueueManager.java:<init>(93)) - Using callQueue: class java.util.concurrent.LinkedBlockingQueue, queueCapacity: 10000, scheduler: class org.apache.hadoop.ipc.DefaultRpcScheduler, ipcBackoff: false, ipcFailOver: false.
2025-05-13 07:50:50,620 [main] INFO  ipc.Server (Server.java:<init>(1438)) - Listener at 0.0.0.0:15091
2025-05-13 07:50:50,621 [Socket Reader #1 for port 15091] INFO  ipc.Server (Server.java:run(1474)) - Starting Socket Reader #1 for port 15091
2025-05-13 07:50:50,621 [Socket Reader #2 for port 15091] INFO  ipc.Server (Server.java:run(1474)) - Starting Socket Reader #2 for port 15091
2025-05-13 07:50:50,621 [Socket Reader #3 for port 15091] INFO  ipc.Server (Server.java:run(1474)) - Starting Socket Reader #3 for port 15091
2025-05-13 07:50:50,621 [Socket Reader #4 for port 15091] INFO  ipc.Server (Server.java:run(1474)) - Starting Socket Reader #4 for port 15091
2025-05-13 07:50:50,621 [Socket Reader #5 for port 15091] INFO  ipc.Server (Server.java:run(1474)) - Starting Socket Reader #5 for port 15091
2025-05-13 07:50:50,621 [Socket Reader #6 for port 15091] INFO  ipc.Server (Server.java:run(1474)) - Starting Socket Reader #6 for port 15091
2025-05-13 07:50:50,622 [Socket Reader #7 for port 15091] INFO  ipc.Server (Server.java:run(1474)) - Starting Socket Reader #7 for port 15091
2025-05-13 07:50:50,622 [Socket Reader #8 for port 15091] INFO  ipc.Server (Server.java:run(1474)) - Starting Socket Reader #8 for port 15091
2025-05-13 07:50:50,622 [Socket Reader #9 for port 15091] INFO  ipc.Server (Server.java:run(1474)) - Starting Socket Reader #9 for port 15091
2025-05-13 07:50:50,622 [Socket Reader #10 for port 15091] INFO  ipc.Server (Server.java:run(1474)) - Starting Socket Reader #10 for port 15091
2025-05-13 07:50:50,624 [main] INFO  ha.SCMServiceManager (SCMServiceManager.java:register(42)) - Registering service ContainerBalancer.
2025-05-13 07:50:50,625 [main] INFO  ha.SCMContext (SCMContext.java:updateSafeModeStatus(224)) - Update SafeModeStatus from SafeModeStatus{safeModeStatus=true, preCheckPassed=false} to SafeModeStatus{safeModeStatus=true, preCheckPassed=false}.
2025-05-13 07:50:50,625 [main] INFO  server.StorageContainerManager (StorageContainerManager.java:start(1507)) - StorageContainerLocationProtocol RPC server is listening at /0.0.0.0:15091
2025-05-13 07:50:50,625 [main] INFO  ha.SCMRatisServerImpl (SCMRatisServerImpl.java:start(203)) - starting ratis server 0.0.0.0:15095
2025-05-13 07:50:50,625 [6b3af311-e32e-4fc8-8f5a-7d2ebf50f5ab-impl-thread1] INFO  server.RaftServerConfigKeys (ConfUtils.java:logGet(46)) - raft.server.storage.free-space.min = 0MB (=0) (default)
2025-05-13 07:50:50,625 [6b3af311-e32e-4fc8-8f5a-7d2ebf50f5ab-impl-thread1] INFO  server.RaftServerConfigKeys (ConfUtils.java:logGet(46)) - raft.server.log.corruption.policy = EXCEPTION (default)
2025-05-13 07:50:50,625 [6b3af311-e32e-4fc8-8f5a-7d2ebf50f5ab-impl-thread1] INFO  server.RaftServerConfigKeys (ConfUtils.java:logGet(46)) - raft.server.storage.dir = [/tmp/junit-11264462521574289389/scm-meta/scm-ha] (custom)
2025-05-13 07:50:50,626 [6b3af311-e32e-4fc8-8f5a-7d2ebf50f5ab-impl-thread1] INFO  storage.RaftStorageDirectory (RaftStorageDirectoryImpl.java:tryLock(229)) - Lock on /tmp/junit-11264462521574289389/scm-meta/scm-ha/98ec7afb-b70c-4863-a818-9fe30c7a4dc9/in_use.lock acquired by nodename 25269@pkrvmberfyhpb9w
2025-05-13 07:50:50,627 [6b3af311-e32e-4fc8-8f5a-7d2ebf50f5ab-impl-thread1] INFO  storage.RaftStorage (RaftStorageImpl.java:analyzeAndRecoverStorage(118)) - Read RaftStorageMetadata{term=1, votedFor=6b3af311-e32e-4fc8-8f5a-7d2ebf50f5ab} from /tmp/junit-11264462521574289389/scm-meta/scm-ha/98ec7afb-b70c-4863-a818-9fe30c7a4dc9/current/raft-meta
2025-05-13 07:50:50,627 [6b3af311-e32e-4fc8-8f5a-7d2ebf50f5ab-impl-thread1] INFO  server.RaftServer$Division (ServerState.java:setRaftConf(386)) - 6b3af311-e32e-4fc8-8f5a-7d2ebf50f5ab@group-9FE30C7A4DC9: set configuration conf: {index: 0, cur=peers:[6b3af311-e32e-4fc8-8f5a-7d2ebf50f5ab|pkrvmberfyhpb9w:15095]|listeners:[], old=null}
2025-05-13 07:50:50,627 [6b3af311-e32e-4fc8-8f5a-7d2ebf50f5ab-impl-thread1] INFO  ha.SCMStateMachine (SCMStateMachine.java:lambda$initialize$0(135)) - 6b3af311-e32e-4fc8-8f5a-7d2ebf50f5ab: initialize group-9FE30C7A4DC9
2025-05-13 07:50:50,627 [6b3af311-e32e-4fc8-8f5a-7d2ebf50f5ab-impl-thread1] INFO  server.RaftServerConfigKeys (ConfUtils.java:logGet(46)) - raft.server.log.use.memory = false (default)
2025-05-13 07:50:50,627 [6b3af311-e32e-4fc8-8f5a-7d2ebf50f5ab-impl-thread1] INFO  server.RaftServerConfigKeys (ConfUtils.java:logGet(46)) - raft.server.log.purge.gap = 1000000 (custom)
2025-05-13 07:50:50,627 [6b3af311-e32e-4fc8-8f5a-7d2ebf50f5ab-impl-thread1] INFO  server.RaftServerConfigKeys (ConfUtils.java:logGet(46)) - raft.server.log.appender.buffer.byte-limit = 4194304 (custom)
2025-05-13 07:50:50,627 [6b3af311-e32e-4fc8-8f5a-7d2ebf50f5ab-impl-thread1] INFO  server.RaftServerConfigKeys (ConfUtils.java:logGet(46)) - raft.server.log.statemachine.data.read.timeout = 1000ms (default)
2025-05-13 07:50:50,627 [6b3af311-e32e-4fc8-8f5a-7d2ebf50f5ab-impl-thread1] INFO  server.RaftServerConfigKeys (ConfUtils.java:logGet(46)) - raft.server.log.purge.preservation.log.num = 0 (default)
2025-05-13 07:50:50,628 [6b3af311-e32e-4fc8-8f5a-7d2ebf50f5ab-impl-thread1] INFO  server.RaftServerConfigKeys (ConfUtils.java:logGet(46)) - raft.server.log.segment.size.max = 4194304 (custom)
2025-05-13 07:50:50,628 [6b3af311-e32e-4fc8-8f5a-7d2ebf50f5ab-impl-thread1] INFO  server.RaftServerConfigKeys (ConfUtils.java:logGet(46)) - raft.server.log.segment.cache.num.max = 2 (custom)
2025-05-13 07:50:50,628 [6b3af311-e32e-4fc8-8f5a-7d2ebf50f5ab-impl-thread1] INFO  server.RaftServerConfigKeys (ConfUtils.java:logGet(46)) - raft.server.log.segment.cache.size.max = 200MB (=209715200) (default)
2025-05-13 07:50:50,628 [6b3af311-e32e-4fc8-8f5a-7d2ebf50f5ab-impl-thread1] INFO  server.RaftServerConfigKeys (ConfUtils.java:logGet(46)) - raft.server.log.appender.buffer.byte-limit = 4194304 (custom)
2025-05-13 07:50:50,629 [6b3af311-e32e-4fc8-8f5a-7d2ebf50f5ab-impl-thread1] INFO  util.AwaitToRun (AwaitToRun.java:start(81)) - Thread[#3786,6b3af311-e32e-4fc8-8f5a-7d2ebf50f5ab@group-9FE30C7A4DC9-cacheEviction-AwaitToRun,5,main] started
2025-05-13 07:50:50,629 [6b3af311-e32e-4fc8-8f5a-7d2ebf50f5ab-impl-thread1] INFO  segmented.SegmentedRaftLogWorker (SegmentedRaftLogWorker.java:<init>(188)) - new 6b3af311-e32e-4fc8-8f5a-7d2ebf50f5ab@group-9FE30C7A4DC9-SegmentedRaftLogWorker for RaftStorageImpl:Storage Directory /tmp/junit-11264462521574289389/scm-meta/scm-ha/98ec7afb-b70c-4863-a818-9fe30c7a4dc9
2025-05-13 07:50:50,629 [6b3af311-e32e-4fc8-8f5a-7d2ebf50f5ab-impl-thread1] INFO  server.RaftServerConfigKeys (ConfUtils.java:logGet(46)) - raft.server.log.queue.byte-limit = 64MB (=67108864) (default)
2025-05-13 07:50:50,629 [6b3af311-e32e-4fc8-8f5a-7d2ebf50f5ab-impl-thread1] INFO  server.RaftServerConfigKeys (ConfUtils.java:logGet(46)) - raft.server.log.queue.element-limit = 4096 (default)
2025-05-13 07:50:50,629 [6b3af311-e32e-4fc8-8f5a-7d2ebf50f5ab-impl-thread1] INFO  server.RaftServerConfigKeys (ConfUtils.java:logGet(46)) - raft.server.log.segment.size.max = 4194304 (custom)
2025-05-13 07:50:50,629 [6b3af311-e32e-4fc8-8f5a-7d2ebf50f5ab-impl-thread1] INFO  server.RaftServerConfigKeys (ConfUtils.java:logGet(46)) - raft.server.log.preallocated.size = 4194304 (custom)
2025-05-13 07:50:50,629 [6b3af311-e32e-4fc8-8f5a-7d2ebf50f5ab-impl-thread1] INFO  server.RaftServerConfigKeys (ConfUtils.java:logGet(46)) - raft.server.log.force.sync.num = 128 (default)
2025-05-13 07:50:50,629 [6b3af311-e32e-4fc8-8f5a-7d2ebf50f5ab-impl-thread1] INFO  server.RaftServerConfigKeys (ConfUtils.java:logGet(46)) - raft.server.log.statemachine.data.sync = true (default)
2025-05-13 07:50:50,629 [6b3af311-e32e-4fc8-8f5a-7d2ebf50f5ab-impl-thread1] INFO  server.RaftServerConfigKeys (ConfUtils.java:logGet(46)) - raft.server.log.statemachine.data.sync.timeout = 10s (default)
2025-05-13 07:50:50,629 [6b3af311-e32e-4fc8-8f5a-7d2ebf50f5ab-impl-thread1] INFO  server.RaftServerConfigKeys (ConfUtils.java:logGet(46)) - raft.server.log.statemachine.data.sync.timeout.retry = -1 (default)
2025-05-13 07:50:50,629 [6b3af311-e32e-4fc8-8f5a-7d2ebf50f5ab-impl-thread1] INFO  server.RaftServerConfigKeys (ConfUtils.java:logGet(46)) - raft.server.log.write.buffer.size = 4194312 (custom)
2025-05-13 07:50:50,629 [6b3af311-e32e-4fc8-8f5a-7d2ebf50f5ab-impl-thread1] INFO  server.RaftServerConfigKeys (ConfUtils.java:logGet(46)) - raft.server.log.appender.buffer.byte-limit = 4194304 (custom)
2025-05-13 07:50:50,629 [6b3af311-e32e-4fc8-8f5a-7d2ebf50f5ab-impl-thread1] INFO  server.RaftServerConfigKeys (ConfUtils.java:logGet(46)) - raft.server.log.unsafe-flush.enabled = false (default)
2025-05-13 07:50:50,629 [6b3af311-e32e-4fc8-8f5a-7d2ebf50f5ab-impl-thread1] INFO  server.RaftServerConfigKeys (ConfUtils.java:logGet(46)) - raft.server.log.async-flush.enabled = false (default)
2025-05-13 07:50:50,629 [6b3af311-e32e-4fc8-8f5a-7d2ebf50f5ab-impl-thread1] INFO  server.RaftServerConfigKeys (ConfUtils.java:logGet(46)) - raft.server.log.statemachine.data.caching.enabled = false (default)
2025-05-13 07:50:50,630 [6b3af311-e32e-4fc8-8f5a-7d2ebf50f5ab-impl-thread1] INFO  server.RaftServer$Division (ServerState.java:setRaftConf(386)) - 6b3af311-e32e-4fc8-8f5a-7d2ebf50f5ab@group-9FE30C7A4DC9: set configuration conf: {index: 0, cur=peers:[6b3af311-e32e-4fc8-8f5a-7d2ebf50f5ab|pkrvmberfyhpb9w:15095]|listeners:[], old=null}
2025-05-13 07:50:50,630 [6b3af311-e32e-4fc8-8f5a-7d2ebf50f5ab-impl-thread1] INFO  segmented.LogSegment (LogSegment.java:loadSegment(171)) - Successfully read 1 entries from segment file /tmp/junit-11264462521574289389/scm-meta/scm-ha/98ec7afb-b70c-4863-a818-9fe30c7a4dc9/current/log_inprogress_0
2025-05-13 07:50:50,630 [6b3af311-e32e-4fc8-8f5a-7d2ebf50f5ab-impl-thread1] INFO  segmented.SegmentedRaftLogWorker (SegmentedRaftLogWorker.java:lambda$new$0(139)) - 6b3af311-e32e-4fc8-8f5a-7d2ebf50f5ab@group-9FE30C7A4DC9-SegmentedRaftLogWorker: safeCacheEvictIndex: setUnconditionally 0 -> -1
2025-05-13 07:50:50,630 [6b3af311-e32e-4fc8-8f5a-7d2ebf50f5ab-impl-thread1] INFO  segmented.BufferedWriteChannel (BufferedWriteChannel.java:open(61)) - open log_inprogress_0 (append) at position 82
2025-05-13 07:50:50,630 [6b3af311-e32e-4fc8-8f5a-7d2ebf50f5ab-impl-thread1] INFO  server.RaftServer$Division (RaftServerImpl.java:start(391)) - 6b3af311-e32e-4fc8-8f5a-7d2ebf50f5ab@group-9FE30C7A4DC9: start as a follower, conf=conf: {index: 0, cur=peers:[6b3af311-e32e-4fc8-8f5a-7d2ebf50f5ab|pkrvmberfyhpb9w:15095]|listeners:[], old=null}
2025-05-13 07:50:50,630 [6b3af311-e32e-4fc8-8f5a-7d2ebf50f5ab-impl-thread1] INFO  server.RaftServer$Division (RaftServerImpl.java:setRole(378)) - 6b3af311-e32e-4fc8-8f5a-7d2ebf50f5ab@group-9FE30C7A4DC9: changes role from      null to FOLLOWER at term 1 for startAsFollower
2025-05-13 07:50:50,630 [6b3af311-e32e-4fc8-8f5a-7d2ebf50f5ab-impl-thread1] INFO  impl.RoleInfo (RoleInfo.java:updateAndGet(148)) - 6b3af311-e32e-4fc8-8f5a-7d2ebf50f5ab: start 6b3af311-e32e-4fc8-8f5a-7d2ebf50f5ab@group-9FE30C7A4DC9-FollowerState
2025-05-13 07:50:50,631 [6b3af311-e32e-4fc8-8f5a-7d2ebf50f5ab-impl-thread1] INFO  util.JmxRegister (JmxRegister.java:tryRegister(44)) - Successfully registered JMX Bean with object name Ratis:service=RaftServer,group=group-9FE30C7A4DC9,id=6b3af311-e32e-4fc8-8f5a-7d2ebf50f5ab
2025-05-13 07:50:50,631 [6b3af311-e32e-4fc8-8f5a-7d2ebf50f5ab-impl-thread1] INFO  util.JmxRegister (JmxRegister.java:register(58)) - register mxBean class org.apache.ratis.server.impl.RaftServerJmxAdapter as Ratis:service=RaftServer,group=group-9FE30C7A4DC9,id=6b3af311-e32e-4fc8-8f5a-7d2ebf50f5ab
2025-05-13 07:50:50,631 [6b3af311-e32e-4fc8-8f5a-7d2ebf50f5ab@group-9FE30C7A4DC9-FollowerState] INFO  server.RaftServerConfigKeys (ConfUtils.java:logFallback(53)) - raft.server.rpc.first-election.timeout.min = 5000ms (fallback to raft.server.rpc.timeout.min)
2025-05-13 07:50:50,631 [6b3af311-e32e-4fc8-8f5a-7d2ebf50f5ab-impl-thread1] INFO  server.RaftServerConfigKeys (ConfUtils.java:logGet(46)) - raft.server.snapshot.trigger-when-stop.enabled = true (default)
2025-05-13 07:50:50,631 [6b3af311-e32e-4fc8-8f5a-7d2ebf50f5ab@group-9FE30C7A4DC9-FollowerState] INFO  server.RaftServerConfigKeys (ConfUtils.java:logFallback(53)) - raft.server.rpc.first-election.timeout.max = 5200ms (fallback to raft.server.rpc.timeout.max)
2025-05-13 07:50:50,631 [6b3af311-e32e-4fc8-8f5a-7d2ebf50f5ab-impl-thread1] INFO  server.RaftServerConfigKeys (ConfUtils.java:logGet(46)) - raft.server.snapshot.trigger-when-remove.enabled = true (default)
2025-05-13 07:50:50,631 [6b3af311-e32e-4fc8-8f5a-7d2ebf50f5ab-impl-thread1] INFO  server.RaftServerConfigKeys (ConfUtils.java:logGet(46)) - raft.server.snapshot.auto.trigger.enabled = true (custom)
2025-05-13 07:50:50,631 [6b3af311-e32e-4fc8-8f5a-7d2ebf50f5ab-impl-thread1] INFO  server.RaftServerConfigKeys (ConfUtils.java:logGet(46)) - raft.server.snapshot.auto.trigger.threshold = 1000 (custom)
2025-05-13 07:50:50,631 [6b3af311-e32e-4fc8-8f5a-7d2ebf50f5ab-impl-thread1] INFO  server.RaftServerConfigKeys (ConfUtils.java:logGet(46)) - raft.server.snapshot.retention.file.num = -1 (default)
2025-05-13 07:50:50,631 [6b3af311-e32e-4fc8-8f5a-7d2ebf50f5ab-impl-thread1] INFO  server.RaftServerConfigKeys (ConfUtils.java:logGet(46)) - raft.server.log.purge.upto.snapshot.index = false (default)
2025-05-13 07:50:50,631 [6b3af311-e32e-4fc8-8f5a-7d2ebf50f5ab-impl-thread1] INFO  server.RaftServer$Division (RaftServerImpl.java:start(405)) - 6b3af311-e32e-4fc8-8f5a-7d2ebf50f5ab@group-9FE30C7A4DC9: Successfully started.
2025-05-13 07:50:50,631 [main] INFO  server.RaftServer (RaftServerProxy.java:startImpl(407)) - 6b3af311-e32e-4fc8-8f5a-7d2ebf50f5ab: start RPC server
2025-05-13 07:50:50,632 [main] INFO  server.GrpcService (GrpcService.java:startImpl(334)) - 6b3af311-e32e-4fc8-8f5a-7d2ebf50f5ab: GrpcService started, listening on 15095
2025-05-13 07:50:50,632 [main] INFO  ha.SCMHAManagerImpl (SCMHAManagerImpl.java:start(131)) -  scm role is FOLLOWER peers [6b3af311-e32e-4fc8-8f5a-7d2ebf50f5ab|pkrvmberfyhpb9w:15095]
2025-05-13 07:50:50,632 [main] INFO  ha.InterSCMGrpcService (InterSCMGrpcProtocolService.java:start(98)) - Starting SCM Grpc Service at port 15096
2025-05-13 07:50:50,633 [main] INFO  SCMHATransactionMonitor (BackgroundSCMService.java:start(64)) - Starting SCMHATransactionMonitor Service.
2025-05-13 07:50:50,633 [JvmPauseMonitor20] INFO  util.JvmPauseMonitor (JvmPauseMonitor.java:run(146)) - JvmPauseMonitor-6b3af311-e32e-4fc8-8f5a-7d2ebf50f5ab: Started
2025-05-13 07:50:50,633 [main] INFO  ha.SCMServiceManager (SCMServiceManager.java:register(42)) - Registering service SCMHATransactionMonitor.
2025-05-13 07:50:50,633 [main] INFO  SCMHATransactionMonitor (BackgroundSCMService.java:start(61)) - SCMHATransactionMonitor Service is already running, skip start.
2025-05-13 07:50:50,634 [main] WARN  impl.MetricsConfig (MetricsConfig.java:loadFirst(138)) - Cannot locate configuration: tried hadoop-metrics2-storagecontainermanager.properties,hadoop-metrics2.properties
2025-05-13 07:50:50,634 [main] INFO  impl.MetricsSystemImpl (MetricsSystemImpl.java:startTimer(378)) - Scheduled Metric snapshot period at 10 second(s).
2025-05-13 07:50:50,634 [main] INFO  impl.MetricsSystemImpl (MetricsSystemImpl.java:start(191)) - StorageContainerManager metrics system started
2025-05-13 07:50:50,639 [main] INFO  impl.MetricsSinkAdapter (MetricsSinkAdapter.java:start(204)) - Sink prometheus started
2025-05-13 07:50:50,639 [main] INFO  impl.MetricsSystemImpl (MetricsSystemImpl.java:registerSink(305)) - Registered sink prometheus
2025-05-13 07:50:50,654 [main] INFO  server.SCMClientProtocolServer (SCMClientProtocolServer.java:start(207)) - RPC server for Client  is listening at /0.0.0.0:15091
2025-05-13 07:50:50,654 [IPC Server Responder] INFO  ipc.Server (Server.java:run(1713)) - IPC Server Responder: starting
2025-05-13 07:50:50,654 [IPC Server listener on 15091] INFO  ipc.Server (Server.java:run(1553)) - IPC Server listener on 15091: starting
2025-05-13 07:50:50,664 [main] INFO  server.StorageContainerManager (StorageContainerManager.java:start(1520)) - ScmBlockLocationProtocol RPC server is listening at /0.0.0.0:15093
2025-05-13 07:50:50,664 [main] INFO  server.SCMBlockProtocolServer (SCMBlockProtocolServer.java:start(166)) - RPC server for Block Protocol is listening at /0.0.0.0:15093
2025-05-13 07:50:50,664 [IPC Server Responder] INFO  ipc.Server (Server.java:run(1713)) - IPC Server Responder: starting
2025-05-13 07:50:50,665 [IPC Server listener on 15093] INFO  ipc.Server (Server.java:run(1553)) - IPC Server listener on 15093: starting
2025-05-13 07:50:50,675 [main] INFO  server.SCMSecurityProtocolServer (SCMSecurityProtocolServer.java:start(503)) - Starting RPC server for SCMSecurityProtocolServer. is listening at /0.0.0.0:15094
2025-05-13 07:50:50,675 [IPC Server Responder] INFO  ipc.Server (Server.java:run(1713)) - IPC Server Responder: starting
2025-05-13 07:50:50,675 [IPC Server listener on 15094] INFO  ipc.Server (Server.java:run(1553)) - IPC Server listener on 15094: starting
2025-05-13 07:50:50,676 [main] INFO  http.BaseHttpServer (BaseHttpServer.java:newHttpServer2BuilderForOzone(229)) - Starting Web-server for scm at: http://0.0.0.0:9876
2025-05-13 07:50:50,676 [main] INFO  http.BaseHttpServer (BaseHttpServer.java:<init>(107)) - Hadoop Security Enabled: true Ozone Security Enabled: true Ozone HTTP Security Enabled: false 
2025-05-13 07:50:50,681 [main] WARN  server.AuthenticationFilter (AuthenticationFilter.java:constructSecretProvider(240)) - Unable to initialize FileSignerSecretProvider, falling back to use random secrets. Reason: Could not read signature secret file: /home/runner/hadoop-http-auth-signature-secret
2025-05-13 07:50:50,684 [main] INFO  http.HttpServer2 (HttpServer2.java:addGlobalFilter(1042)) - Added global filter 'safety' (class=org.apache.hadoop.hdds.server.http.HttpServer2$QuotingInputFilter)
2025-05-13 07:50:50,684 [main] INFO  http.HttpServer2 (HttpServer2.java:addFilter(1018)) - Added filter static_user_filter (class=org.apache.hadoop.http.lib.StaticUserWebFilter$StaticUserFilter) to context scm
2025-05-13 07:50:50,684 [main] INFO  http.HttpServer2 (HttpServer2.java:addFilter(1026)) - Added filter static_user_filter (class=org.apache.hadoop.http.lib.StaticUserWebFilter$StaticUserFilter) to context static
2025-05-13 07:50:50,685 [main] INFO  http.HttpServer2 (HttpServer2.java:addFilter(1026)) - Added filter static_user_filter (class=org.apache.hadoop.http.lib.StaticUserWebFilter$StaticUserFilter) to context logs
2025-05-13 07:50:50,685 [main] INFO  http.BaseHttpServer (BaseHttpServer.java:<init>(195)) - HTTP server of scm uses base directory /tmp/junit-11264462521574289389/scm-meta/webserver
2025-05-13 07:50:50,685 [main] INFO  http.HttpServer2 (HttpServer2.java:bindListener(1242)) - Jetty bound to port 9876
2025-05-13 07:50:50,686 [main] INFO  server.Server (Server.java:doStart(375)) - jetty-9.4.57.v20241219; built: 2025-01-08T21:24:30.412Z; git: df524e6b29271c2e09ba9aea83c18dc9db464a31; jvm 21.0.7+6-LTS
2025-05-13 07:50:50,687 [main] INFO  server.session (DefaultSessionIdManager.java:doStart(334)) - DefaultSessionIdManager workerName=node0
2025-05-13 07:50:50,687 [main] INFO  server.session (DefaultSessionIdManager.java:doStart(339)) - No SessionScavenger set, using defaults
2025-05-13 07:50:50,687 [main] INFO  server.session (HouseKeeper.java:startScavenging(132)) - node0 Scavenging every 600000ms
2025-05-13 07:50:50,688 [main] INFO  handler.ContextHandler (ContextHandler.java:doStart(921)) - Started o.e.j.s.ServletContextHandler@72031e{logs,/logs,file:///home/runner/work/ozone/ozone/hadoop-ozone/integration-test/target/log,AVAILABLE}
2025-05-13 07:50:50,688 [main] INFO  handler.ContextHandler (ContextHandler.java:doStart(921)) - Started o.e.j.s.ServletContextHandler@26d8ccf9{static,/static,file:///home/runner/work/ozone/ozone/hadoop-ozone/integration-test/target/test-classes/webapps/static,AVAILABLE}
2025-05-13 07:50:50,694 [main] INFO  handler.ContextHandler (ContextHandler.java:doStart(921)) - Started o.e.j.w.WebAppContext@2d2ee6f{scm,/,file:///home/runner/work/ozone/ozone/hadoop-ozone/integration-test/target/test-classes/webapps/scm/,AVAILABLE}{file:/home/runner/work/ozone/ozone/hadoop-ozone/integration-test/target/test-classes/webapps/scm}
2025-05-13 07:50:50,694 [main] INFO  server.AbstractConnector (AbstractConnector.java:doStart(333)) - Started ServerConnector@5da22a39{HTTP/1.1, (http/1.1)}{0.0.0.0:9876}
2025-05-13 07:50:50,694 [main] INFO  server.Server (Server.java:doStart(415)) - Started @492664ms
2025-05-13 07:50:50,694 [main] WARN  impl.MetricsSystemImpl (MetricsSystemImpl.java:register(279)) - Sink prometheus already exists!
2025-05-13 07:50:50,694 [main] INFO  http.BaseHttpServer (BaseHttpServer.java:updateConnectorAddress(359)) - HTTP server of scm listening at http://0.0.0.0:9876
2025-05-13 07:50:50,696 [pool-546-thread-1] INFO  request.KdcRequest (KdcRequest.java:preauth(683)) - The preauth data is empty.
2025-05-13 07:50:50,697 [pool-546-thread-1] INFO  server.KdcHandler (KdcHandler.java:handleRecoverableException(177)) - KRB error occurred while processing request: Additional pre-authentication required
2025-05-13 07:50:50,699 [pool-546-thread-1] INFO  request.AsRequest (AsRequest.java:issueTicket(112)) - AS_REQ ISSUE: authtime 1747122650699,test@EXAMPLE.COM for krbtgt/EXAMPLE.COM@EXAMPLE.COM
2025-05-13 07:50:50,700 [pool-546-thread-2] INFO  request.TgsRequest (TgsRequest.java:issueTicket(117)) - TGS_REQ ISSUE: authtime 1747122650700,om/pkrvmberfyhpb9w.internal.cloudapp.net@EXAMPLE.COM for om/pkrvmberfyhpb9w.internal.cloudapp.net@EXAMPLE.COM
2025-05-13 07:50:50,701 [main] INFO  proxy.SCMContainerLocationFailoverProxyProvider (SCMFailoverProxyProviderBase.java:<init>(120)) - Created fail-over proxy for protocol StorageContainerLocationProtocolPB with 1 nodes: [nodeId=scmNodeId,nodeAddress=/0.0.0.0:15091]
2025-05-13 07:50:50,705 [Socket Reader #1 for port 15094] INFO  ipc.Server (Server.java:saslProcess(2290)) - Auth successful for om/pkrvmberfyhpb9w.internal.cloudapp.net@EXAMPLE.COM (auth:KERBEROS) from 127.0.0.1:50414
2025-05-13 07:50:50,707 [IPC Server handler 0 on default port 15094] INFO  ipc.Server (Server.java:logException(3260)) - IPC Server handler 0 on default port 15094, call Call#16 Retry#0 org.apache.hadoop.hdds.protocol.SCMSecurityProtocol.submitRequest from 127.0.0.1:50414
org.apache.hadoop.hdds.ratis.ServerNotLeaderException: SCM Server:6b3af311-e32e-4fc8-8f5a-7d2ebf50f5ab(pkrvmberfyhpb9w.internal.cloudapp.net) is not the leader. Could not determine the leader node.
	at org.apache.hadoop.hdds.ratis.ServerNotLeaderException.convertToNotLeaderException(ServerNotLeaderException.java:106)
	at org.apache.hadoop.hdds.scm.ha.RatisUtil.checkRatisException(RatisUtil.java:248)
	at org.apache.hadoop.hdds.scm.protocol.SCMSecurityProtocolServerSideTranslatorPB.submitRequest(SCMSecurityProtocolServerSideTranslatorPB.java:83)
	at org.apache.hadoop.hdds.protocol.proto.SCMSecurityProtocolProtos$SCMSecurityProtocolService$2.callBlockingMethod(SCMSecurityProtocolProtos.java:18942)
	at org.apache.hadoop.ipc.ProtobufRpcEngine$Server.processCall(ProtobufRpcEngine.java:484)
	at org.apache.hadoop.ipc.ProtobufRpcEngine2$Server$ProtoBufRpcInvoker.call(ProtobufRpcEngine2.java:595)
	at org.apache.hadoop.ipc.ProtobufRpcEngine2$Server$ProtoBufRpcInvoker.call(ProtobufRpcEngine2.java:573)
	at org.apache.hadoop.ipc.RPC$Server.call(RPC.java:1227)
	at org.apache.hadoop.ipc.Server$RpcCall.run(Server.java:1246)
	at org.apache.hadoop.ipc.Server$RpcCall.run(Server.java:1169)
	at java.base/java.security.AccessController.doPrivileged(AccessController.java:714)
	at java.base/javax.security.auth.Subject.doAs(Subject.java:525)
	at org.apache.hadoop.security.UserGroupInformation.doAs(UserGroupInformation.java:1953)
	at org.apache.hadoop.ipc.Server$Handler.run(Server.java:3198)
2025-05-13 07:50:50,804 [pool-546-thread-2] INFO  request.TgsRequest (TgsRequest.java:issueTicket(117)) - TGS_REQ ISSUE: authtime 1747122650803,test@EXAMPLE.COM for om/pkrvmberfyhpb9w.internal.cloudapp.net@EXAMPLE.COM
2025-05-13 07:50:50,808 [Socket Reader #2 for port 15091] INFO  ipc.Server (Server.java:saslProcess(2290)) - Auth successful for test@EXAMPLE.COM (auth:KERBEROS) from 127.0.0.1:46642
07:50:50.943 [IPC Server handler 0 on default port 15091] ERROR SCMAudit - user=test@EXAMPLE.COM | ip=127.0.0.1 | op=FORCE_EXIT_SAFE_MODE null | ret=FAILURE
org.apache.hadoop.security.AccessControlException: Access denied for user test@EXAMPLE.COM. SCM superuser privilege is required.
	at org.apache.hadoop.hdds.scm.server.StorageContainerManager.checkAdminAccess(StorageContainerManager.java:1911) ~[hdds-server-scm-2.1.0-SNAPSHOT.jar:?]
	at org.apache.hadoop.hdds.scm.server.SCMClientProtocolServer.forceExitSafeMode(SCMClientProtocolServer.java:1036) ~[hdds-server-scm-2.1.0-SNAPSHOT.jar:?]
	at org.apache.hadoop.hdds.scm.protocol.StorageContainerLocationProtocolServerSideTranslatorPB.forceExitSafeMode(StorageContainerLocationProtocolServerSideTranslatorPB.java:1076) ~[hdds-server-scm-2.1.0-SNAPSHOT.jar:?]
	at org.apache.hadoop.hdds.scm.protocol.StorageContainerLocationProtocolServerSideTranslatorPB.processRequest(StorageContainerLocationProtocolServerSideTranslatorPB.java:553) ~[hdds-server-scm-2.1.0-SNAPSHOT.jar:?]
	at org.apache.hadoop.hdds.server.OzoneProtocolMessageDispatcher.processRequest(OzoneProtocolMessageDispatcher.java:87) ~[hdds-server-framework-2.1.0-SNAPSHOT.jar:?]
	at org.apache.hadoop.hdds.scm.protocol.StorageContainerLocationProtocolServerSideTranslatorPB.submitRequest(StorageContainerLocationProtocolServerSideTranslatorPB.java:234) ~[hdds-server-scm-2.1.0-SNAPSHOT.jar:?]
	at org.apache.hadoop.hdds.protocol.proto.StorageContainerLocationProtocolProtos$StorageContainerLocationProtocolService$2.callBlockingMethod(StorageContainerLocationProtocolProtos.java) ~[hdds-interface-admin-2.1.0-SNAPSHOT.jar:?]
	at org.apache.hadoop.ipc.ProtobufRpcEngine$Server.processCall(ProtobufRpcEngine.java:484) ~[hadoop-common-3.4.1.jar:?]
	at org.apache.hadoop.ipc.ProtobufRpcEngine2$Server$ProtoBufRpcInvoker.call(ProtobufRpcEngine2.java:595) ~[hadoop-common-3.4.1.jar:?]
	at org.apache.hadoop.ipc.ProtobufRpcEngine2$Server$ProtoBufRpcInvoker.call(ProtobufRpcEngine2.java:573) ~[hadoop-common-3.4.1.jar:?]
	at org.apache.hadoop.ipc.RPC$Server.call(RPC.java:1227) ~[hadoop-common-3.4.1.jar:?]
	at org.apache.hadoop.ipc.Server$RpcCall.run(Server.java:1246) ~[hadoop-common-3.4.1.jar:?]
	at org.apache.hadoop.ipc.Server$RpcCall.run(Server.java:1169) ~[hadoop-common-3.4.1.jar:?]
	at java.base/java.security.AccessController.doPrivileged(AccessController.java:714) [?:?]
	at java.base/javax.security.auth.Subject.doAs(Subject.java:525) [?:?]
	at org.apache.hadoop.security.UserGroupInformation.doAs(UserGroupInformation.java:1953) [hadoop-common-3.4.1.jar:?]
	at org.apache.hadoop.ipc.Server$Handler.run(Server.java:3198) [hadoop-common-3.4.1.jar:?]
2025-05-13 07:50:50,952 [IPC Server handler 0 on default port 15091] INFO  ipc.Server (Server.java:logException(3260)) - IPC Server handler 0 on default port 15091, call Call#17 Retry#9 org.apache.hadoop.hdds.scm.protocol.StorageContainerLocationProtocol.submitRequest from 127.0.0.1:46642
org.apache.hadoop.security.AccessControlException: Access denied for user test@EXAMPLE.COM. SCM superuser privilege is required.
	at org.apache.hadoop.hdds.scm.server.StorageContainerManager.checkAdminAccess(StorageContainerManager.java:1911)
	at org.apache.hadoop.hdds.scm.server.SCMClientProtocolServer.forceExitSafeMode(SCMClientProtocolServer.java:1036)
	at org.apache.hadoop.hdds.scm.protocol.StorageContainerLocationProtocolServerSideTranslatorPB.forceExitSafeMode(StorageContainerLocationProtocolServerSideTranslatorPB.java:1076)
	at org.apache.hadoop.hdds.scm.protocol.StorageContainerLocationProtocolServerSideTranslatorPB.processRequest(StorageContainerLocationProtocolServerSideTranslatorPB.java:553)
	at org.apache.hadoop.hdds.server.OzoneProtocolMessageDispatcher.processRequest(OzoneProtocolMessageDispatcher.java:87)
	at org.apache.hadoop.hdds.scm.protocol.StorageContainerLocationProtocolServerSideTranslatorPB.submitRequest(StorageContainerLocationProtocolServerSideTranslatorPB.java:234)
	at org.apache.hadoop.hdds.protocol.proto.StorageContainerLocationProtocolProtos$StorageContainerLocationProtocolService$2.callBlockingMethod(StorageContainerLocationProtocolProtos.java)
	at org.apache.hadoop.ipc.ProtobufRpcEngine$Server.processCall(ProtobufRpcEngine.java:484)
	at org.apache.hadoop.ipc.ProtobufRpcEngine2$Server$ProtoBufRpcInvoker.call(ProtobufRpcEngine2.java:595)
	at org.apache.hadoop.ipc.ProtobufRpcEngine2$Server$ProtoBufRpcInvoker.call(ProtobufRpcEngine2.java:573)
	at org.apache.hadoop.ipc.RPC$Server.call(RPC.java:1227)
	at org.apache.hadoop.ipc.Server$RpcCall.run(Server.java:1246)
	at org.apache.hadoop.ipc.Server$RpcCall.run(Server.java:1169)
	at java.base/java.security.AccessController.doPrivileged(AccessController.java:714)
	at java.base/javax.security.auth.Subject.doAs(Subject.java:525)
	at org.apache.hadoop.security.UserGroupInformation.doAs(UserGroupInformation.java:1953)
	at org.apache.hadoop.ipc.Server$Handler.run(Server.java:3198)
2025-05-13 07:50:50,953 [main] INFO  proxy.SCMContainerLocationFailoverProxyProvider (SCMFailoverProxyProviderBase.java:<init>(120)) - Created fail-over proxy for protocol StorageContainerLocationProtocolPB with 1 nodes: [nodeId=scmNodeId,nodeAddress=/0.0.0.0:15091]
2025-05-13 07:50:50,955 [main] WARN  ipc.Client (Client.java:run(749)) - Exception encountered while connecting to the server 0.0.0.0/0.0.0.0:15091
org.apache.hadoop.security.AccessControlException: Client cannot authenticate via:[KERBEROS]
	at org.apache.hadoop.security.SaslRpcClient.selectSaslClient(SaslRpcClient.java:179)
	at org.apache.hadoop.security.SaslRpcClient.saslConnect(SaslRpcClient.java:399)
	at org.apache.hadoop.ipc.Client$Connection.setupSaslConnection(Client.java:578)
	at org.apache.hadoop.ipc.Client$Connection.access$2100(Client.java:364)
	at org.apache.hadoop.ipc.Client$Connection$2.run(Client.java:799)
	at org.apache.hadoop.ipc.Client$Connection$2.run(Client.java:795)
	at java.base/java.security.AccessController.doPrivileged(AccessController.java:714)
	at java.base/javax.security.auth.Subject.doAs(Subject.java:525)
	at org.apache.hadoop.security.UserGroupInformation.doAs(UserGroupInformation.java:1953)
	at org.apache.hadoop.ipc.Client$Connection.setupIOstreams(Client.java:795)
	at org.apache.hadoop.ipc.Client$Connection.access$3800(Client.java:364)
	at org.apache.hadoop.ipc.Client.getConnection(Client.java:1649)
	at org.apache.hadoop.ipc.Client.call(Client.java:1473)
	at org.apache.hadoop.ipc.Client.call(Client.java:1426)
	at org.apache.hadoop.ipc.ProtobufRpcEngine$Invoker.invoke(ProtobufRpcEngine.java:250)
	at org.apache.hadoop.ipc.ProtobufRpcEngine$Invoker.invoke(ProtobufRpcEngine.java:132)
	at jdk.proxy2/jdk.proxy2.$Proxy62.submitRequest(Unknown Source)
	at org.apache.hadoop.hdds.scm.protocolPB.StorageContainerLocationProtocolClientSideTranslatorPB.submitRpcRequest(StorageContainerLocationProtocolClientSideTranslatorPB.java:207)
	at org.apache.hadoop.hdds.scm.protocolPB.StorageContainerLocationProtocolClientSideTranslatorPB.submitRequest(StorageContainerLocationProtocolClientSideTranslatorPB.java:191)
	at org.apache.hadoop.hdds.scm.protocolPB.StorageContainerLocationProtocolClientSideTranslatorPB.forceExitSafeMode(StorageContainerLocationProtocolClientSideTranslatorPB.java:847)
	at org.junit.jupiter.api.AssertThrows.assertThrows(AssertThrows.java:53)
	at org.junit.jupiter.api.AssertThrows.assertThrows(AssertThrows.java:35)
	at org.junit.jupiter.api.Assertions.assertThrows(Assertions.java:3128)
	at org.apache.hadoop.ozone.TestSecureOzoneCluster.testAdminAccessControlException(TestSecureOzoneCluster.java:431)
	at java.base/jdk.internal.reflect.DirectMethodHandleAccessor.invoke(DirectMethodHandleAccessor.java:103)
	at java.base/java.lang.reflect.Method.invoke(Method.java:580)
	at org.junit.platform.commons.util.ReflectionUtils.invokeMethod(ReflectionUtils.java:775)
	at org.junit.platform.commons.support.ReflectionSupport.invokeMethod(ReflectionSupport.java:479)
	at org.junit.jupiter.engine.execution.MethodInvocation.proceed(MethodInvocation.java:60)
	at org.junit.jupiter.engine.execution.InvocationInterceptorChain$ValidatingInvocation.proceed(InvocationInterceptorChain.java:131)
	at org.junit.jupiter.engine.extension.SameThreadTimeoutInvocation.proceed(SameThreadTimeoutInvocation.java:49)
	at org.junit.jupiter.engine.extension.TimeoutExtension.intercept(TimeoutExtension.java:161)
	at org.junit.jupiter.engine.extension.TimeoutExtension.interceptTestableMethod(TimeoutExtension.java:152)
	at org.junit.jupiter.engine.extension.TimeoutExtension.interceptTestMethod(TimeoutExtension.java:91)
	at org.junit.jupiter.engine.execution.InterceptingExecutableInvoker$ReflectiveInterceptorCall.lambda$ofVoidMethod$0(InterceptingExecutableInvoker.java:112)
	at org.junit.jupiter.engine.execution.InterceptingExecutableInvoker.lambda$invoke$0(InterceptingExecutableInvoker.java:94)
	at org.junit.jupiter.engine.execution.InvocationInterceptorChain$InterceptedInvocation.proceed(InvocationInterceptorChain.java:106)
	at org.junit.jupiter.engine.execution.InvocationInterceptorChain.proceed(InvocationInterceptorChain.java:64)
	at org.junit.jupiter.engine.execution.InvocationInterceptorChain.chainAndInvoke(InvocationInterceptorChain.java:45)
	at org.junit.jupiter.engine.execution.InvocationInterceptorChain.invoke(InvocationInterceptorChain.java:37)
	at org.junit.jupiter.engine.execution.InterceptingExecutableInvoker.invoke(InterceptingExecutableInvoker.java:93)
	at org.junit.jupiter.engine.execution.InterceptingExecutableInvoker.invoke(InterceptingExecutableInvoker.java:87)
	at org.junit.jupiter.engine.descriptor.TestMethodTestDescriptor.lambda$invokeTestMethod$7(TestMethodTestDescriptor.java:216)
	at org.junit.platform.engine.support.hierarchical.ThrowableCollector.execute(ThrowableCollector.java:73)
	at org.junit.jupiter.engine.descriptor.TestMethodTestDescriptor.invokeTestMethod(TestMethodTestDescriptor.java:212)
	at org.junit.jupiter.engine.descriptor.TestMethodTestDescriptor.execute(TestMethodTestDescriptor.java:137)
	at org.junit.jupiter.engine.descriptor.TestMethodTestDescriptor.execute(TestMethodTestDescriptor.java:69)
	at org.junit.platform.engine.support.hierarchical.NodeTestTask.lambda$executeRecursively$6(NodeTestTask.java:156)
	at org.junit.platform.engine.support.hierarchical.ThrowableCollector.execute(ThrowableCollector.java:73)
	at org.junit.platform.engine.support.hierarchical.NodeTestTask.lambda$executeRecursively$8(NodeTestTask.java:146)
	at org.junit.platform.engine.support.hierarchical.Node.around(Node.java:137)
	at org.junit.platform.engine.support.hierarchical.NodeTestTask.lambda$executeRecursively$9(NodeTestTask.java:144)
	at org.junit.platform.engine.support.hierarchical.ThrowableCollector.execute(ThrowableCollector.java:73)
	at org.junit.platform.engine.support.hierarchical.NodeTestTask.executeRecursively(NodeTestTask.java:143)
	at org.junit.platform.engine.support.hierarchical.NodeTestTask.execute(NodeTestTask.java:100)
	at java.base/java.util.ArrayList.forEach(ArrayList.java:1596)
	at org.junit.platform.engine.support.hierarchical.SameThreadHierarchicalTestExecutorService.invokeAll(SameThreadHierarchicalTestExecutorService.java:41)
	at org.junit.platform.engine.support.hierarchical.NodeTestTask.lambda$executeRecursively$6(NodeTestTask.java:160)
	at org.junit.platform.engine.support.hierarchical.ThrowableCollector.execute(ThrowableCollector.java:73)
	at org.junit.platform.engine.support.hierarchical.NodeTestTask.lambda$executeRecursively$8(NodeTestTask.java:146)
	at org.junit.platform.engine.support.hierarchical.Node.around(Node.java:137)
	at org.junit.platform.engine.support.hierarchical.NodeTestTask.lambda$executeRecursively$9(NodeTestTask.java:144)
	at org.junit.platform.engine.support.hierarchical.ThrowableCollector.execute(ThrowableCollector.java:73)
	at org.junit.platform.engine.support.hierarchical.NodeTestTask.executeRecursively(NodeTestTask.java:143)
	at org.junit.platform.engine.support.hierarchical.NodeTestTask.execute(NodeTestTask.java:100)
	at java.base/java.util.ArrayList.forEach(ArrayList.java:1596)
	at org.junit.platform.engine.support.hierarchical.SameThreadHierarchicalTestExecutorService.invokeAll(SameThreadHierarchicalTestExecutorService.java:41)
	at org.junit.platform.engine.support.hierarchical.NodeTestTask.lambda$executeRecursively$6(NodeTestTask.java:160)
	at org.junit.platform.engine.support.hierarchical.ThrowableCollector.execute(ThrowableCollector.java:73)
	at org.junit.platform.engine.support.hierarchical.NodeTestTask.lambda$executeRecursively$8(NodeTestTask.java:146)
	at org.junit.platform.engine.support.hierarchical.Node.around(Node.java:137)
	at org.junit.platform.engine.support.hierarchical.NodeTestTask.lambda$executeRecursively$9(NodeTestTask.java:144)
	at org.junit.platform.engine.support.hierarchical.ThrowableCollector.execute(ThrowableCollector.java:73)
	at org.junit.platform.engine.support.hierarchical.NodeTestTask.executeRecursively(NodeTestTask.java:143)
	at org.junit.platform.engine.support.hierarchical.NodeTestTask.execute(NodeTestTask.java:100)
	at org.junit.platform.engine.support.hierarchical.SameThreadHierarchicalTestExecutorService.submit(SameThreadHierarchicalTestExecutorService.java:35)
	at org.junit.platform.engine.support.hierarchical.HierarchicalTestExecutor.execute(HierarchicalTestExecutor.java:57)
	at org.junit.platform.engine.support.hierarchical.HierarchicalTestEngine.execute(HierarchicalTestEngine.java:54)
	at org.junit.platform.launcher.core.EngineExecutionOrchestrator.execute(EngineExecutionOrchestrator.java:201)
	at org.junit.platform.launcher.core.EngineExecutionOrchestrator.execute(EngineExecutionOrchestrator.java:170)
	at org.junit.platform.launcher.core.EngineExecutionOrchestrator.execute(EngineExecutionOrchestrator.java:94)
	at org.junit.platform.launcher.core.EngineExecutionOrchestrator.lambda$execute$0(EngineExecutionOrchestrator.java:59)
	at org.junit.platform.launcher.core.EngineExecutionOrchestrator.withInterceptedStreams(EngineExecutionOrchestrator.java:142)
	at org.junit.platform.launcher.core.EngineExecutionOrchestrator.execute(EngineExecutionOrchestrator.java:58)
	at org.junit.platform.launcher.core.DefaultLauncher.execute(DefaultLauncher.java:103)
	at org.junit.platform.launcher.core.DefaultLauncher.execute(DefaultLauncher.java:85)
	at org.junit.platform.launcher.core.DelegatingLauncher.execute(DelegatingLauncher.java:47)
	at org.junit.platform.launcher.core.InterceptingLauncher.lambda$execute$1(InterceptingLauncher.java:39)
	at org.junit.platform.launcher.core.ClasspathAlignmentCheckingLauncherInterceptor.intercept(ClasspathAlignmentCheckingLauncherInterceptor.java:25)
	at org.junit.platform.launcher.core.InterceptingLauncher.execute(InterceptingLauncher.java:38)
	at org.junit.platform.launcher.core.DelegatingLauncher.execute(DelegatingLauncher.java:47)
	at org.apache.maven.surefire.junitplatform.LazyLauncher.execute(LazyLauncher.java:56)
	at org.apache.maven.surefire.junitplatform.JUnitPlatformProvider.execute(JUnitPlatformProvider.java:184)
	at org.apache.maven.surefire.junitplatform.JUnitPlatformProvider.invokeAllTests(JUnitPlatformProvider.java:148)
	at org.apache.maven.surefire.junitplatform.JUnitPlatformProvider.invoke(JUnitPlatformProvider.java:120)
	at org.apache.maven.surefire.booter.ForkedBooter.runSuitesInProcess(ForkedBooter.java:385)
	at org.apache.maven.surefire.booter.ForkedBooter.execute(ForkedBooter.java:162)
	at org.apache.maven.surefire.booter.ForkedBooter.run(ForkedBooter.java:507)
	at org.apache.maven.surefire.booter.ForkedBooter.main(ForkedBooter.java:495)
2025-05-13 07:50:50,955 [main] INFO  server.StorageContainerManager (StorageContainerManager.java:stop(1608)) - Container Balancer is not running.
2025-05-13 07:50:50,955 [main] INFO  server.StorageContainerManager (StorageContainerManager.java:stopReplicationManager(1742)) - Stopping Replication Manager Service.
2025-05-13 07:50:50,955 [main] INFO  replication.ReplicationManager (ReplicationManager.java:stop(316)) - Stopping Replication Monitor Thread.
2025-05-13 07:50:50,955 [main] INFO  server.StorageContainerManager (StorageContainerManager.java:stop(1617)) - Stopping the Datanode Admin Monitor.
2025-05-13 07:50:50,956 [main] INFO  server.StorageContainerManager (StorageContainerManager.java:stop(1624)) - Stopping datanode service RPC server
2025-05-13 07:50:50,956 [main] INFO  server.SCMDatanodeProtocolServer (SCMDatanodeProtocolServer.java:stop(447)) - Stopping the RPC server for DataNodes
2025-05-13 07:50:50,956 [main] INFO  ipc.Server (Server.java:stop(3697)) - Stopping server on 15092
2025-05-13 07:50:50,956 [ReplicationMonitor] INFO  replication.ReplicationManager (ReplicationManager.java:run(936)) - Replication Monitor Thread is stopped
2025-05-13 07:50:50,956 [OverReplicatedProcessor] WARN  replication.UnhealthyReplicationProcessor (UnhealthyReplicationProcessor.java:run(178)) - OverReplicatedProcessor interrupted. Exiting...
2025-05-13 07:50:50,957 [UnderReplicatedProcessor] WARN  replication.UnhealthyReplicationProcessor (UnhealthyReplicationProcessor.java:run(178)) - UnderReplicatedProcessor interrupted. Exiting...
2025-05-13 07:50:51,001 [SCMHeartbeatProcessor-0] WARN  node.NodeStateManager (NodeStateManager.java:scheduleNextHealthCheck(909)) - Current Thread is interrupted, shutting down HB processing thread for Node Manager.
2025-05-13 07:50:51,001 [main] INFO  server.StorageContainerManager (StorageContainerManager.java:stop(1632)) - Stopping block service RPC server
2025-05-13 07:50:51,001 [main] INFO  server.SCMBlockProtocolServer (SCMBlockProtocolServer.java:stop(175)) - Stopping the RPC server for Block Protocol
2025-05-13 07:50:51,001 [main] INFO  ipc.Server (Server.java:stop(3697)) - Stopping server on 15093
2025-05-13 07:50:51,005 [IPC Server listener on 15093] INFO  ipc.Server (Server.java:run(1585)) - Stopping IPC Server listener on 15093
2025-05-13 07:50:51,006 [main] INFO  server.StorageContainerManager (StorageContainerManager.java:stop(1639)) - Stopping the StorageContainerLocationProtocol RPC server
2025-05-13 07:50:51,006 [IPC Server Responder] INFO  ipc.Server (Server.java:run(1718)) - Stopping IPC Server Responder
2025-05-13 07:50:51,006 [main] INFO  server.SCMClientProtocolServer (SCMClientProtocolServer.java:stop(216)) - Stopping the RPC server for Client Protocol
2025-05-13 07:50:51,006 [main] INFO  ipc.Server (Server.java:stop(3697)) - Stopping server on 15091
2025-05-13 07:50:51,010 [IPC Server Responder] INFO  ipc.Server (Server.java:run(1718)) - Stopping IPC Server Responder
2025-05-13 07:50:51,010 [IPC Server listener on 15091] INFO  ipc.Server (Server.java:run(1585)) - Stopping IPC Server listener on 15091
2025-05-13 07:50:51,011 [main] INFO  server.StorageContainerManager (StorageContainerManager.java:stop(1646)) - Stopping Storage Container Manager HTTP server.
2025-05-13 07:50:51,012 [main] INFO  handler.ContextHandler (ContextHandler.java:doStop(1159)) - Stopped o.e.j.w.WebAppContext@2d2ee6f{scm,/,null,STOPPED}{file:/home/runner/work/ozone/ozone/hadoop-ozone/integration-test/target/test-classes/webapps/scm}
2025-05-13 07:50:51,013 [main] INFO  server.AbstractConnector (AbstractConnector.java:doStop(383)) - Stopped ServerConnector@5da22a39{HTTP/1.1, (http/1.1)}{0.0.0.0:9876}
2025-05-13 07:50:51,014 [main] INFO  server.session (HouseKeeper.java:stopScavenging(149)) - node0 Stopped scavenging
2025-05-13 07:50:51,014 [main] INFO  handler.ContextHandler (ContextHandler.java:doStop(1159)) - Stopped o.e.j.s.ServletContextHandler@26d8ccf9{static,/static,file:///home/runner/work/ozone/ozone/hadoop-ozone/integration-test/target/test-classes/webapps/static,STOPPED}
2025-05-13 07:50:51,014 [main] INFO  handler.ContextHandler (ContextHandler.java:doStop(1159)) - Stopped o.e.j.s.ServletContextHandler@72031e{logs,/logs,file:///home/runner/work/ozone/ozone/hadoop-ozone/integration-test/target/log,STOPPED}
2025-05-13 07:50:51,015 [main] INFO  server.StorageContainerManager (StorageContainerManager.java:stop(1654)) - Stopping SCM LayoutVersionManager Service.
2025-05-13 07:50:51,015 [main] INFO  server.SCMSecurityProtocolServer (SCMSecurityProtocolServer.java:stop(510)) - Stopping the SCMSecurityProtocolServer.
2025-05-13 07:50:51,016 [main] INFO  ipc.Server (Server.java:stop(3697)) - Stopping server on 15094
2025-05-13 07:50:51,016 [IPC Server listener on 15094] INFO  ipc.Server (Server.java:run(1585)) - Stopping IPC Server listener on 15094
2025-05-13 07:50:51,016 [IPC Server Responder] INFO  ipc.Server (Server.java:run(1718)) - Stopping IPC Server Responder
2025-05-13 07:50:51,016 [main] INFO  server.StorageContainerManager (StorageContainerManager.java:stop(1666)) - Stopping Block Manager Service.
2025-05-13 07:50:51,016 [main] INFO  utils.BackgroundService (BackgroundService.java:shutdown(160)) - Shutting down service SCMBlockDeletingService
2025-05-13 07:50:51,016 [main] INFO  utils.BackgroundService (BackgroundService.java:shutdown(160)) - Shutting down service SCMBlockDeletingService
2025-05-13 07:50:51,017 [main] INFO  server.StorageContainerManager (StorageContainerManager.java:stop(1691)) - Stopping SCM Event Queue.
2025-05-13 07:50:51,017 [main] INFO  server.StorageContainerManager (StorageContainerManager.java:stop(1698)) - Stopping SCM HA services.
2025-05-13 07:50:51,017 [main] INFO  ha.SCMRatisServerImpl (SCMRatisServerImpl.java:stop(266)) - stopping ratis server 0.0.0.0:15095
2025-05-13 07:50:51,017 [main] INFO  server.RaftServer (RaftServerProxy.java:lambda$close$9(417)) - 6b3af311-e32e-4fc8-8f5a-7d2ebf50f5ab: close
2025-05-13 07:50:51,018 [6b3af311-e32e-4fc8-8f5a-7d2ebf50f5ab-impl-thread1] INFO  server.RaftServer$Division (RaftServerImpl.java:lambda$close$1(513)) - 6b3af311-e32e-4fc8-8f5a-7d2ebf50f5ab@group-9FE30C7A4DC9: shutdown
2025-05-13 07:50:51,018 [6b3af311-e32e-4fc8-8f5a-7d2ebf50f5ab-impl-thread1] INFO  util.JmxRegister (JmxRegister.java:unregister(74)) - Successfully un-registered JMX Bean with object name Ratis:service=RaftServer,group=group-9FE30C7A4DC9,id=6b3af311-e32e-4fc8-8f5a-7d2ebf50f5ab
2025-05-13 07:50:51,018 [6b3af311-e32e-4fc8-8f5a-7d2ebf50f5ab-impl-thread1] INFO  impl.RoleInfo (RoleInfo.java:shutdownFollowerState(121)) - 6b3af311-e32e-4fc8-8f5a-7d2ebf50f5ab: shutdown 6b3af311-e32e-4fc8-8f5a-7d2ebf50f5ab@group-9FE30C7A4DC9-FollowerState
2025-05-13 07:50:51,018 [main] INFO  server.GrpcService (GrpcService.java:closeImpl(343)) - 6b3af311-e32e-4fc8-8f5a-7d2ebf50f5ab: shutdown server GrpcServerProtocolService now
2025-05-13 07:50:51,018 [6b3af311-e32e-4fc8-8f5a-7d2ebf50f5ab-impl-thread1] INFO  impl.StateMachineUpdater (StateMachineUpdater.java:stopAndJoin(164)) - 6b3af311-e32e-4fc8-8f5a-7d2ebf50f5ab@group-9FE30C7A4DC9-StateMachineUpdater: set stopIndex = -1
2025-05-13 07:50:51,018 [6b3af311-e32e-4fc8-8f5a-7d2ebf50f5ab@group-9FE30C7A4DC9-StateMachineUpdater] INFO  impl.StateMachineUpdater (StateMachineUpdater.java:stop(141)) - 6b3af311-e32e-4fc8-8f5a-7d2ebf50f5ab@group-9FE30C7A4DC9-StateMachineUpdater: closing SCMStateMachine, lastApplied=(t:0, i:~)
2025-05-13 07:50:51,018 [6b3af311-e32e-4fc8-8f5a-7d2ebf50f5ab@group-9FE30C7A4DC9-FollowerState] INFO  impl.FollowerState (FollowerState.java:runImpl(170)) - 6b3af311-e32e-4fc8-8f5a-7d2ebf50f5ab@group-9FE30C7A4DC9-FollowerState was interrupted
2025-05-13 07:50:51,018 [6b3af311-e32e-4fc8-8f5a-7d2ebf50f5ab@group-9FE30C7A4DC9-cacheEviction-AwaitToRun] INFO  util.AwaitToRun (AwaitToRun.java:run(49)) - 6b3af311-e32e-4fc8-8f5a-7d2ebf50f5ab@group-9FE30C7A4DC9-cacheEviction-AwaitToRun-AwaitForSignal is interrupted
2025-05-13 07:50:51,021 [main] INFO  server.GrpcService (GrpcService.java:closeImpl(352)) - 6b3af311-e32e-4fc8-8f5a-7d2ebf50f5ab: shutdown server GrpcServerProtocolService successfully
2025-05-13 07:50:51,631 [6b3af311-e32e-4fc8-8f5a-7d2ebf50f5ab-impl-thread1] INFO  segmented.SegmentedRaftLogWorker (SegmentedRaftLogWorker.java:close(252)) - 6b3af311-e32e-4fc8-8f5a-7d2ebf50f5ab@group-9FE30C7A4DC9-SegmentedRaftLogWorker close()
2025-05-13 07:50:51,631 [JvmPauseMonitor20] INFO  util.JvmPauseMonitor (JvmPauseMonitor.java:run(152)) - JvmPauseMonitor-6b3af311-e32e-4fc8-8f5a-7d2ebf50f5ab: Stopped
2025-05-13 07:50:51,631 [main] INFO  SCMHATransactionMonitor (BackgroundSCMService.java:stop(127)) - Stopping SCMHATransactionMonitor Service.
2025-05-13 07:50:51,631 [SCMHATransactionMonitor] WARN  SCMHATransactionMonitor (BackgroundSCMService.java:run(111)) - SCMHATransactionMonitor is interrupted, exit
2025-05-13 07:50:51,632 [main] INFO  pipeline.BackgroundPipelineCreator (BackgroundPipelineCreator.java:stop(154)) - Stopping RatisPipelineUtilsThread.
2025-05-13 07:50:51,632 [RatisPipelineUtilsThread-0] WARN  pipeline.BackgroundPipelineCreator (BackgroundPipelineCreator.java:run(185)) - RatisPipelineUtilsThread is interrupted.
2025-05-13 07:50:51,632 [main] INFO  BackgroundPipelineScrubber (BackgroundSCMService.java:stop(127)) - Stopping BackgroundPipelineScrubber Service.
2025-05-13 07:50:51,632 [BackgroundPipelineScrubber] WARN  BackgroundPipelineScrubber (BackgroundSCMService.java:run(111)) - BackgroundPipelineScrubber is interrupted, exit
2025-05-13 07:50:51,632 [main] INFO  impl.MetricsSystemImpl (MetricsSystemImpl.java:stop(210)) - Stopping StorageContainerManager metrics system...
2025-05-13 07:50:51,633 [prometheus] INFO  impl.MetricsSinkAdapter (MetricsSinkAdapter.java:publishMetricsFromQueue(141)) - prometheus thread interrupted.
2025-05-13 07:50:51,633 [main] INFO  impl.MetricsSystemImpl (MetricsSystemImpl.java:stop(216)) - StorageContainerManager metrics system stopped.
2025-05-13 07:50:51,633 [main] WARN  pipeline.BackgroundPipelineCreator (BackgroundPipelineCreator.java:stop(150)) - RatisPipelineUtilsThread is not running, just ignore.
2025-05-13 07:50:51,633 [main] INFO  BackgroundPipelineScrubber (BackgroundSCMService.java:stop(122)) - BackgroundPipelineScrubber Service is not running, skip stop.
2025-05-13 07:50:51,633 [main] INFO  ExpiredContainerReplicaOpScrubber (BackgroundSCMService.java:stop(127)) - Stopping ExpiredContainerReplicaOpScrubber Service.
2025-05-13 07:50:51,633 [ExpiredContainerReplicaOpScrubber] WARN  ExpiredContainerReplicaOpScrubber (BackgroundSCMService.java:run(111)) - ExpiredContainerReplicaOpScrubber is interrupted, exit
2025-05-13 07:50:51,633 [main] INFO  utils.BackgroundService (BackgroundService.java:shutdown(160)) - Shutting down service SCMBlockDeletingService
2025-05-13 07:50:51,634 [main] INFO  replication.ReplicationManager (ReplicationManager.java:stop(323)) - Replication Monitor Thread is not running.
2025-05-13 07:50:51,634 [main] WARN  balancer.ContainerBalancer (ContainerBalancer.java:stop(350)) - Cannot stop Container Balancer because it's not running or stopping
2025-05-13 07:50:51,634 [main] INFO  SCMHATransactionMonitor (BackgroundSCMService.java:stop(122)) - SCMHATransactionMonitor Service is not running, skip stop.
2025-05-13 07:50:51,634 [LeaseManager#LeaseMonitor] WARN  lease.LeaseManager (LeaseManager.java:run(285)) - Lease manager is interrupted. Shutting down...
java.lang.InterruptedException
	at java.base/java.util.concurrent.locks.AbstractQueuedSynchronizer.tryAcquireSharedNanos(AbstractQueuedSynchronizer.java:1133)
	at java.base/java.util.concurrent.Semaphore.tryAcquire(Semaphore.java:415)
	at org.apache.hadoop.ozone.lease.LeaseManager$LeaseMonitor.run(LeaseManager.java:283)
	at java.base/java.lang.Thread.run(Thread.java:1583)
2025-05-13 07:50:51,634 [6b3af311-e32e-4fc8-8f5a-7d2ebf50f5ab-scm/sub-ca-refreshCACertificates] ERROR util.ExitUtils (ExitUtils.java:terminate(133)) - Terminating with exit status -1: Thread[#4008,6b3af311-e32e-4fc8-8f5a-7d2ebf50f5ab-scm/sub-ca-refreshCACertificates,5,main] has thrown an uncaught exception
java.lang.reflect.UndeclaredThrowableException
	at jdk.proxy2/jdk.proxy2.$Proxy45.submitRequest(Unknown Source)
	at org.apache.hadoop.hdds.protocolPB.SCMSecurityProtocolClientSideTranslatorPB.submitRequest(SCMSecurityProtocolClientSideTranslatorPB.java:93)
	at org.apache.hadoop.hdds.protocolPB.SCMSecurityProtocolClientSideTranslatorPB.getAllRootCaCertificates(SCMSecurityProtocolClientSideTranslatorPB.java:382)
	at org.apache.hadoop.hdds.security.x509.certificate.client.SCMCertificateClient$RefreshCACertificates.run(SCMCertificateClient.java:238)
	at java.base/java.util.concurrent.ThreadPoolExecutor.runWorker(ThreadPoolExecutor.java:1144)
	at java.base/java.util.concurrent.ThreadPoolExecutor$Worker.run(ThreadPoolExecutor.java:642)
	at java.base/java.lang.Thread.run(Thread.java:1583)
Caused by: java.io.InterruptedIOException: Retry interrupted
	at org.apache.hadoop.io.retry.RetryInvocationHandler$Call.processWaitTimeAndRetryInfo(RetryInvocationHandler.java:141)
	at org.apache.hadoop.io.retry.RetryInvocationHandler$Call.invokeOnce(RetryInvocationHandler.java:112)
	at org.apache.hadoop.io.retry.RetryInvocationHandler.invoke(RetryInvocationHandler.java:366)
	... 7 more
Caused by: java.lang.InterruptedException: sleep interrupted
	at java.base/java.lang.Thread.sleep0(Native Method)
	at java.base/java.lang.Thread.sleep(Thread.java:509)
	at org.apache.hadoop.io.retry.RetryInvocationHandler$Call.processWaitTimeAndRetryInfo(RetryInvocationHandler.java:135)
	... 9 more
2025-05-13 07:50:51,634 [main] INFO  server.StorageContainerManager (StorageContainerManager.java:stop(1733)) - Stopping SCM MetadataStore.
2025-05-13 07:50:51,639 [main] INFO  impl.DefaultInternalKdcServerImpl (DefaultInternalKdcServerImpl.java:doStop(102)) - Default Internal kdc server stopped.
2025-05-13 07:50:51,642 [om1-om-CertificateRenewerService] INFO  retry.RetryInvocationHandler (RetryInvocationHandler.java:log(426)) - com.google.protobuf.ServiceException: java.net.ConnectException: Call From pkrvmberfyhpb9w/10.1.0.36 to localhost:15024 failed on connection exception: java.net.ConnectException: Connection refused; For more details see:  http://wiki.apache.org/hadoop/ConnectionRefused, while invoking $Proxy45.submitRequest over nodeId=scmNodeId,nodeAddress=localhost/127.0.0.1:15024 after 222 failover attempts. Trying to failover after sleeping for 2000ms. Current retry count: 222.
2025-05-13 07:50:52,639 [main] INFO  minikdc.MiniKdc (MiniKdc.java:stop(359)) - MiniKdc stopped.
2025-05-13 07:50:52,639 [main] INFO  server.StorageContainerManager (StorageContainerManager.java:stop(1597)) - Storage Container Manager is not running.
2025-05-13 07:50:52,639 [main] INFO  server.StorageContainerManager (StorageContainerManager.java:stopReplicationManager(1742)) - Stopping Replication Manager Service.
2025-05-13 07:50:52,640 [main] INFO  replication.ReplicationManager (ReplicationManager.java:stop(323)) - Replication Monitor Thread is not running.
2025-05-13 07:50:52,640 [main] INFO  server.SCMSecurityProtocolServer (SCMSecurityProtocolServer.java:join(519)) - Join RPC server for SCMSecurityProtocolServer.
2025-05-13 07:50:52,640 [main] INFO  server.SCMSecurityProtocolServer (SCMSecurityProtocolServer.java:join(521)) - Join gRPC server for SCMSecurityProtocolServer.
]]></system-out>
  </testcase>
</testsuite>