<?xml version="1.0" encoding="UTF-8"?>
<testsuite xmlns:xsi="http://www.w3.org/2001/XMLSchema-instance" xsi:noNamespaceSchemaLocation="https://maven.apache.org/surefire/maven-surefire-plugin/xsd/surefire-test-report-3.0.xsd" version="3.0" name="org.apache.hadoop.ozone.om.snapshot.TestSnapshotDirectoryCleaningService" time="47.353" tests="1" errors="0" skipped="0" failures="1">
  <properties>
    <property name="java.specification.version" value="17"/>
    <property name="sun.jnu.encoding" value="UTF-8"/>
    <property name="gradle.enterprise.listener.surefire.forkId" value="1"/>
    <property name="java.class.path" value="/home/runner/work/ozone/ozone/hadoop-ozone/integration-test/target/test-classes:/home/runner/work/ozone/ozone/hadoop-ozone/integration-test/target/classes:/home/runner/work/ozone/ozone/hadoop-ozone/common/target/classes:/home/runner/.m2/repository/io/grpc/grpc-netty/1.58.0/grpc-netty-1.58.0.jar:/home/runner/.m2/repository/io/grpc/grpc-core/1.58.0/grpc-core-1.58.0.jar:/home/runner/.m2/repository/com/google/android/annotations/4.1.1.4/annotations-4.1.1.4.jar:/home/runner/.m2/repository/org/codehaus/mojo/animal-sniffer-annotations/1.23/animal-sniffer-annotations-1.23.jar:/home/runner/.m2/repository/io/grpc/grpc-context/1.58.0/grpc-context-1.58.0.jar:/home/runner/.m2/repository/io/grpc/grpc-util/1.58.0/grpc-util-1.58.0.jar:/home/runner/.m2/repository/com/google/errorprone/error_prone_annotations/2.2.0/error_prone_annotations-2.2.0.jar:/home/runner/.m2/repository/io/perfmark/perfmark-api/0.26.0/perfmark-api-0.26.0.jar:/home/runner/.m2/repository/io/netty/netty-codec-http2/4.1.100.Final/netty-codec-http2-4.1.100.Final.jar:/home/runner/.m2/repository/io/netty/netty-common/4.1.100.Final/netty-common-4.1.100.Final.jar:/home/runner/.m2/repository/io/netty/netty-buffer/4.1.100.Final/netty-buffer-4.1.100.Final.jar:/home/runner/.m2/repository/io/netty/netty-codec-http/4.1.100.Final/netty-codec-http-4.1.100.Final.jar:/home/runner/.m2/repository/io/netty/netty-handler-proxy/4.1.100.Final/netty-handler-proxy-4.1.100.Final.jar:/home/runner/.m2/repository/io/netty/netty-codec-socks/4.1.100.Final/netty-codec-socks-4.1.100.Final.jar:/home/runner/.m2/repository/io/netty/netty-tcnative-boringssl-static/2.0.61.Final/netty-tcnative-boringssl-static-2.0.61.Final.jar:/home/runner/.m2/repository/io/netty/netty-tcnative-classes/2.0.61.Final/netty-tcnative-classes-2.0.61.Final.jar:/home/runner/.m2/repository/io/netty/netty-tcnative-boringssl-static/2.0.61.Final/netty-tcnative-boringssl-static-2.0.61.Final-linux-x86_64.jar:/home/runner/.m2/repository/io/netty/netty-tcnative-boringssl-static/2.0.61.Final/netty-tcnative-boringssl-static-2.0.61.Final-linux-aarch_64.jar:/home/runner/.m2/repository/io/netty/netty-tcnative-boringssl-static/2.0.61.Final/netty-tcnative-boringssl-static-2.0.61.Final-osx-x86_64.jar:/home/runner/.m2/repository/io/netty/netty-tcnative-boringssl-static/2.0.61.Final/netty-tcnative-boringssl-static-2.0.61.Final-osx-aarch_64.jar:/home/runner/.m2/repository/io/netty/netty-tcnative-boringssl-static/2.0.61.Final/netty-tcnative-boringssl-static-2.0.61.Final-windows-x86_64.jar:/home/runner/.m2/repository/org/apache/commons/commons-compress/1.26.0/commons-compress-1.26.0.jar:/home/runner/work/ozone/ozone/hadoop-hdds/common/target/classes:/home/runner/work/ozone/ozone/hadoop-hdds/client/target/classes:/home/runner/work/ozone/ozone/hadoop-ozone/interface-client/target/classes:/home/runner/.m2/repository/org/apache/hadoop/hadoop-hdfs-client/3.3.6/hadoop-hdfs-client-3.3.6.jar:/home/runner/.m2/repository/com/squareup/okhttp3/okhttp/4.12.0/okhttp-4.12.0.jar:/home/runner/.m2/repository/com/squareup/okio/okio/3.6.0/okio-3.6.0.jar:/home/runner/.m2/repository/com/squareup/okio/okio-jvm/3.6.0/okio-jvm-3.6.0.jar:/home/runner/.m2/repository/org/jetbrains/kotlin/kotlin-stdlib-jdk8/1.9.22/kotlin-stdlib-jdk8-1.9.22.jar:/home/runner/.m2/repository/org/jetbrains/kotlin/kotlin-stdlib-jdk7/1.9.22/kotlin-stdlib-jdk7-1.9.22.jar:/home/runner/.m2/repository/org/jetbrains/kotlin/kotlin-stdlib-common/1.9.22/kotlin-stdlib-common-1.9.22.jar:/home/runner/work/ozone/ozone/hadoop-hdds/test-utils/target/classes:/home/runner/.m2/repository/org/assertj/assertj-core/3.12.2/assertj-core-3.12.2.jar:/home/runner/.m2/repository/com/google/guava/guava/32.0.0-jre/guava-32.0.0-jre.jar:/home/runner/.m2/repository/com/google/guava/failureaccess/1.0.1/failureaccess-1.0.1.jar:/home/runner/.m2/repository/com/google/guava/listenablefuture/9999.0-empty-to-avoid-conflict-with-guava/listenablefuture-9999.0-empty-to-avoid-conflict-with-guava.jar:/home/runner/.m2/repository/org/checkerframework/checker-qual/3.33.0/checker-qual-3.33.0.jar:/home/runner/.m2/repository/com/google/j2objc/j2objc-annotations/2.8/j2objc-annotations-2.8.jar:/home/runner/.m2/repository/commons-io/commons-io/2.16.1/commons-io-2.16.1.jar:/home/runner/.m2/repository/commons-logging/commons-logging/1.2/commons-logging-1.2.jar:/home/runner/.m2/repository/org/junit/jupiter/junit-jupiter-api/5.10.2/junit-jupiter-api-5.10.2.jar:/home/runner/.m2/repository/org/opentest4j/opentest4j/1.3.0/opentest4j-1.3.0.jar:/home/runner/.m2/repository/org/junit/platform/junit-platform-commons/1.10.2/junit-platform-commons-1.10.2.jar:/home/runner/.m2/repository/ch/qos/reload4j/reload4j/1.2.25/reload4j-1.2.25.jar:/home/runner/.m2/repository/jakarta/annotation/jakarta.annotation-api/2.1.1/jakarta.annotation-api-2.1.1.jar:/home/runner/.m2/repository/org/slf4j/slf4j-api/2.0.12/slf4j-api-2.0.12.jar:/home/runner/.m2/repository/org/apache/logging/log4j/log4j-api/2.17.1/log4j-api-2.17.1.jar:/home/runner/work/ozone/ozone/hadoop-hdds/server-scm/target/classes:/home/runner/.m2/repository/com/google/protobuf/protobuf-java/2.5.0/protobuf-java-2.5.0.jar:/home/runner/work/ozone/ozone/hadoop-hdds/container-service/target/classes:/home/runner/work/ozone/ozone/hadoop-hdds/hadoop-dependency-server/target/classes:/home/runner/.m2/repository/com/nimbusds/nimbus-jose-jwt/9.37.2/nimbus-jose-jwt-9.37.2.jar:/home/runner/.m2/repository/com/github/stephenc/jcip/jcip-annotations/1.0-1/jcip-annotations-1.0-1.jar:/home/runner/.m2/repository/org/apache/hadoop/hadoop-hdfs/3.3.6/hadoop-hdfs-3.3.6.jar:/home/runner/.m2/repository/commons-daemon/commons-daemon/1.3.4/commons-daemon-1.3.4.jar:/home/runner/.m2/repository/org/xerial/snappy/snappy-java/1.1.10.5/snappy-java-1.1.10.5.jar:/home/runner/work/ozone/ozone/hadoop-hdds/framework/target/classes:/home/runner/.m2/repository/org/bouncycastle/bcprov-jdk18on/1.77/bcprov-jdk18on-1.77.jar:/home/runner/.m2/repository/io/dropwizard/metrics/metrics-core/3.2.4/metrics-core-3.2.4.jar:/home/runner/.m2/repository/org/apache/commons/commons-text/1.11.0/commons-text-1.11.0.jar:/home/runner/work/ozone/ozone/hadoop-hdds/framework/target/test-classes:/home/runner/work/ozone/ozone/hadoop-hdds/interface-server/target/classes:/home/runner/work/ozone/ozone/hadoop-hdds/interface-admin/target/classes:/home/runner/work/ozone/ozone/hadoop-hdds/managed-rocksdb/target/classes:/home/runner/.m2/repository/org/rocksdb/rocksdbjni/7.7.3/rocksdbjni-7.7.3.jar:/home/runner/.m2/repository/org/slf4j/slf4j-reload4j/2.0.12/slf4j-reload4j-2.0.12.jar:/home/runner/.m2/repository/org/apache/commons/commons-configuration2/2.10.1/commons-configuration2-2.10.1.jar:/home/runner/.m2/repository/commons-fileupload/commons-fileupload/1.5/commons-fileupload-1.5.jar:/home/runner/.m2/repository/org/apache/logging/log4j/log4j-core/2.17.1/log4j-core-2.17.1.jar:/home/runner/.m2/repository/com/lmax/disruptor/3.4.4/disruptor-3.4.4.jar:/home/runner/.m2/repository/org/eclipse/jetty/jetty-util/9.4.53.v20231009/jetty-util-9.4.53.v20231009.jar:/home/runner/.m2/repository/org/eclipse/jetty/jetty-server/9.4.53.v20231009/jetty-server-9.4.53.v20231009.jar:/home/runner/.m2/repository/org/eclipse/jetty/jetty-http/9.4.53.v20231009/jetty-http-9.4.53.v20231009.jar:/home/runner/.m2/repository/org/eclipse/jetty/jetty-io/9.4.53.v20231009/jetty-io-9.4.53.v20231009.jar:/home/runner/.m2/repository/org/eclipse/jetty/jetty-servlet/9.4.53.v20231009/jetty-servlet-9.4.53.v20231009.jar:/home/runner/.m2/repository/org/eclipse/jetty/jetty-security/9.4.53.v20231009/jetty-security-9.4.53.v20231009.jar:/home/runner/.m2/repository/org/eclipse/jetty/jetty-util-ajax/9.4.53.v20231009/jetty-util-ajax-9.4.53.v20231009.jar:/home/runner/.m2/repository/org/eclipse/jetty/jetty-webapp/9.4.53.v20231009/jetty-webapp-9.4.53.v20231009.jar:/home/runner/.m2/repository/org/eclipse/jetty/jetty-xml/9.4.53.v20231009/jetty-xml-9.4.53.v20231009.jar:/home/runner/.m2/repository/org/apache/ratis/ratis-server/3.0.1/ratis-server-3.0.1.jar:/home/runner/.m2/repository/org/apache/ratis/ratis-thirdparty-misc/1.0.5/ratis-thirdparty-misc-1.0.5.jar:/home/runner/.m2/repository/org/apache/ratis/ratis-proto/3.0.1/ratis-proto-3.0.1.jar:/home/runner/.m2/repository/org/apache/ratis/ratis-common/3.0.1/ratis-common-3.0.1.jar:/home/runner/.m2/repository/org/apache/ratis/ratis-client/3.0.1/ratis-client-3.0.1.jar:/home/runner/.m2/repository/org/apache/ratis/ratis-server-api/3.0.1/ratis-server-api-3.0.1.jar:/home/runner/.m2/repository/org/apache/ratis/ratis-metrics-api/3.0.1/ratis-metrics-api-3.0.1.jar:/home/runner/.m2/repository/org/apache/ratis/ratis-metrics-dropwizard3/3.0.1/ratis-metrics-dropwizard3-3.0.1.jar:/home/runner/.m2/repository/io/prometheus/simpleclient_dropwizard/0.16.0/simpleclient_dropwizard-0.16.0.jar:/home/runner/.m2/repository/io/prometheus/simpleclient/0.16.0/simpleclient-0.16.0.jar:/home/runner/.m2/repository/io/prometheus/simpleclient_common/0.16.0/simpleclient_common-0.16.0.jar:/home/runner/.m2/repository/com/fasterxml/jackson/datatype/jackson-datatype-jsr310/2.16.1/jackson-datatype-jsr310-2.16.1.jar:/home/runner/.m2/repository/com/fasterxml/jackson/core/jackson-core/2.16.1/jackson-core-2.16.1.jar:/home/runner/work/ozone/ozone/hadoop-hdds/rocksdb-checkpoint-differ/target/classes:/home/runner/.m2/repository/org/jgrapht/jgrapht-core/1.4.0/jgrapht-core-1.4.0.jar:/home/runner/.m2/repository/org/jheaps/jheaps/0.11/jheaps-0.11.jar:/home/runner/.m2/repository/org/jgrapht/jgrapht-ext/1.4.0/jgrapht-ext-1.4.0.jar:/home/runner/.m2/repository/com/github/vlsi/mxgraph/jgraphx/3.9.8.1/jgraphx-3.9.8.1.jar:/home/runner/work/ozone/ozone/hadoop-ozone/ozone-manager/target/classes:/home/runner/.m2/repository/org/aspectj/aspectjrt/1.9.7/aspectjrt-1.9.7.jar:/home/runner/.m2/repository/org/aspectj/aspectjweaver/1.9.7/aspectjweaver-1.9.7.jar:/home/runner/work/ozone/ozone/hadoop-hdds/interface-client/target/classes:/home/runner/.m2/repository/org/apache/hadoop/thirdparty/hadoop-shaded-protobuf_3_7/1.1.1/hadoop-shaded-protobuf_3_7-1.1.1.jar:/home/runner/work/ozone/ozone/hadoop-ozone/interface-storage/target/classes:/home/runner/.m2/repository/org/reflections/reflections/0.10.2/reflections-0.10.2.jar:/home/runner/.m2/repository/com/sun/jersey/jersey-client/1.19.4/jersey-client-1.19.4.jar:/home/runner/.m2/repository/org/codehaus/jackson/jackson-core-asl/1.9.13/jackson-core-asl-1.9.13.jar:/home/runner/.m2/repository/org/codehaus/jackson/jackson-mapper-asl/1.9.13/jackson-mapper-asl-1.9.13.jar:/home/runner/.m2/repository/org/codehaus/jackson/jackson-jaxrs/1.9.13/jackson-jaxrs-1.9.13.jar:/home/runner/.m2/repository/org/apache/ranger/ranger-intg/2.3.0/ranger-intg-2.3.0.jar:/home/runner/.m2/repository/org/apache/ranger/ranger-plugins-common/2.3.0/ranger-plugins-common-2.3.0.jar:/home/runner/.m2/repository/commons-lang/commons-lang/2.6/commons-lang-2.6.jar:/home/runner/.m2/repository/org/apache/ranger/ranger-plugins-cred/2.3.0/ranger-plugins-cred-2.3.0.jar:/home/runner/.m2/repository/org/apache/ranger/ranger-plugins-audit/2.3.0/ranger-plugins-audit-2.3.0.jar:/home/runner/.m2/repository/org/eclipse/jetty/jetty-client/9.4.53.v20231009/jetty-client-9.4.53.v20231009.jar:/home/runner/.m2/repository/org/apache/httpcomponents/httpmime/4.5.6/httpmime-4.5.6.jar:/home/runner/.m2/repository/org/apache/httpcomponents/httpcore-nio/4.4.16/httpcore-nio-4.4.16.jar:/home/runner/.m2/repository/org/apache/httpcomponents/httpasyncclient/4.1.3/httpasyncclient-4.1.3.jar:/home/runner/.m2/repository/com/carrotsearch/hppc/0.8.0/hppc-0.8.0.jar:/home/runner/.m2/repository/org/apache/orc/orc-core/1.5.8/orc-core-1.5.8.jar:/home/runner/.m2/repository/net/java/dev/jna/jna/5.2.0/jna-5.2.0.jar:/home/runner/.m2/repository/net/java/dev/jna/jna-platform/5.2.0/jna-platform-5.2.0.jar:/home/runner/.m2/repository/com/kstruct/gethostname4j/0.0.2/gethostname4j-0.0.2.jar:/home/runner/.m2/repository/org/apache/ranger/ranger-plugin-classloader/2.3.0/ranger-plugin-classloader-2.3.0.jar:/home/runner/work/ozone/ozone/hadoop-hdds/rocks-native/target/classes:/home/runner/.m2/repository/org/apache/hadoop/hadoop-minikdc/3.3.6/hadoop-minikdc-3.3.6.jar:/home/runner/.m2/repository/org/apache/kerby/kerb-simplekdc/1.0.1/kerb-simplekdc-1.0.1.jar:/home/runner/.m2/repository/org/apache/kerby/kerb-client/1.0.1/kerb-client-1.0.1.jar:/home/runner/.m2/repository/org/apache/kerby/kerby-config/1.0.1/kerby-config-1.0.1.jar:/home/runner/.m2/repository/org/apache/kerby/kerb-common/1.0.1/kerb-common-1.0.1.jar:/home/runner/.m2/repository/org/apache/kerby/kerb-crypto/1.0.1/kerb-crypto-1.0.1.jar:/home/runner/.m2/repository/org/apache/kerby/kerb-util/1.0.1/kerb-util-1.0.1.jar:/home/runner/.m2/repository/org/apache/kerby/token-provider/1.0.1/token-provider-1.0.1.jar:/home/runner/.m2/repository/org/apache/kerby/kerb-admin/1.0.1/kerb-admin-1.0.1.jar:/home/runner/.m2/repository/org/apache/kerby/kerb-server/1.0.1/kerb-server-1.0.1.jar:/home/runner/.m2/repository/org/apache/kerby/kerb-identity/1.0.1/kerb-identity-1.0.1.jar:/home/runner/.m2/repository/org/apache/kerby/kerby-xdr/1.0.1/kerby-xdr-1.0.1.jar:/home/runner/.m2/repository/junit/junit/4.13.2/junit-4.13.2.jar:/home/runner/.m2/repository/org/hamcrest/hamcrest-core/1.3/hamcrest-core-1.3.jar:/home/runner/work/ozone/ozone/hadoop-ozone/s3gateway/target/classes:/home/runner/.m2/repository/org/javassist/javassist/3.30.2-GA/javassist-3.30.2-GA.jar:/home/runner/.m2/repository/org/jboss/weld/servlet/weld-servlet-shaded/3.1.9.Final/weld-servlet-shaded-3.1.9.Final.jar:/home/runner/.m2/repository/org/glassfish/jersey/containers/jersey-container-servlet-core/2.42/jersey-container-servlet-core-2.42.jar:/home/runner/.m2/repository/org/glassfish/hk2/external/jakarta.inject/2.6.1/jakarta.inject-2.6.1.jar:/home/runner/.m2/repository/org/glassfish/jersey/core/jersey-common/2.42/jersey-common-2.42.jar:/home/runner/.m2/repository/jakarta/ws/rs/jakarta.ws.rs-api/2.1.6/jakarta.ws.rs-api-2.1.6.jar:/home/runner/.m2/repository/org/glassfish/jersey/ext/cdi/jersey-cdi1x/2.42/jersey-cdi1x-2.42.jar:/home/runner/.m2/repository/org/glassfish/jersey/inject/jersey-hk2/2.42/jersey-hk2-2.42.jar:/home/runner/.m2/repository/org/glassfish/hk2/hk2-locator/2.6.1/hk2-locator-2.6.1.jar:/home/runner/.m2/repository/org/glassfish/jersey/media/jersey-media-jaxb/2.42/jersey-media-jaxb-2.42.jar:/home/runner/.m2/repository/org/glassfish/hk2/osgi-resource-locator/1.0.3/osgi-resource-locator-1.0.3.jar:/home/runner/.m2/repository/org/glassfish/hk2/hk2-api/2.6.1/hk2-api-2.6.1.jar:/home/runner/.m2/repository/org/glassfish/hk2/hk2-utils/2.6.1/hk2-utils-2.6.1.jar:/home/runner/.m2/repository/org/glassfish/hk2/external/aopalliance-repackaged/2.6.1/aopalliance-repackaged-2.6.1.jar:/home/runner/.m2/repository/com/fasterxml/jackson/dataformat/jackson-dataformat-xml/2.16.1/jackson-dataformat-xml-2.16.1.jar:/home/runner/.m2/repository/org/codehaus/woodstox/stax2-api/4.2.2/stax2-api-4.2.2.jar:/home/runner/.m2/repository/com/fasterxml/woodstox/woodstox-core/5.4.0/woodstox-core-5.4.0.jar:/home/runner/.m2/repository/com/fasterxml/jackson/module/jackson-module-jaxb-annotations/2.16.1/jackson-module-jaxb-annotations-2.16.1.jar:/home/runner/.m2/repository/javax/enterprise/cdi-api/2.0/cdi-api-2.0.jar:/home/runner/.m2/repository/javax/el/javax.el-api/3.0.0/javax.el-api-3.0.0.jar:/home/runner/.m2/repository/javax/interceptor/javax.interceptor-api/1.2/javax.interceptor-api-1.2.jar:/home/runner/.m2/repository/javax/inject/javax.inject/1/javax.inject-1.jar:/home/runner/.m2/repository/jakarta/xml/bind/jakarta.xml.bind-api/2.3.3/jakarta.xml.bind-api-2.3.3.jar:/home/runner/.m2/repository/org/glassfish/jaxb/jaxb-runtime/2.3.9/jaxb-runtime-2.3.9.jar:/home/runner/.m2/repository/org/glassfish/jaxb/txw2/2.3.9/txw2-2.3.9.jar:/home/runner/.m2/repository/com/sun/istack/istack-commons-runtime/3.0.12/istack-commons-runtime-3.0.12.jar:/home/runner/.m2/repository/com/sun/activation/jakarta.activation/1.2.2/jakarta.activation-1.2.2.jar:/home/runner/.m2/repository/jakarta/activation/jakarta.activation-api/1.2.2/jakarta.activation-api-1.2.2.jar:/home/runner/.m2/repository/io/grpc/grpc-protobuf/1.58.0/grpc-protobuf-1.58.0.jar:/home/runner/.m2/repository/com/google/api/grpc/proto-google-common-protos/2.22.0/proto-google-common-protos-2.22.0.jar:/home/runner/.m2/repository/io/grpc/grpc-protobuf-lite/1.58.0/grpc-protobuf-lite-1.58.0.jar:/home/runner/.m2/repository/io/grpc/grpc-stub/1.58.0/grpc-stub-1.58.0.jar:/home/runner/.m2/repository/io/netty/netty-transport/4.1.100.Final/netty-transport-4.1.100.Final.jar:/home/runner/.m2/repository/io/netty/netty-resolver/4.1.100.Final/netty-resolver-4.1.100.Final.jar:/home/runner/work/ozone/ozone/hadoop-ozone/csi/target/classes:/home/runner/.m2/repository/com/google/protobuf/protobuf-java-util/3.19.6/protobuf-java-util-3.19.6.jar:/home/runner/.m2/repository/com/google/code/gson/gson/2.10.1/gson-2.10.1.jar:/home/runner/work/ozone/ozone/hadoop-hdds/config/target/classes:/home/runner/.m2/repository/io/netty/netty-transport-native-epoll/4.1.100.Final/netty-transport-native-epoll-4.1.100.Final-linux-x86_64.jar:/home/runner/.m2/repository/io/netty/netty-transport-classes-epoll/4.1.100.Final/netty-transport-classes-epoll-4.1.100.Final.jar:/home/runner/.m2/repository/io/netty/netty-transport-native-unix-common/4.1.100.Final/netty-transport-native-unix-common-4.1.100.Final.jar:/home/runner/work/ozone/ozone/hadoop-ozone/recon/target/classes:/home/runner/work/ozone/ozone/hadoop-ozone/recon-codegen/target/classes:/home/runner/.m2/repository/com/google/inject/guice/6.0.0/guice-6.0.0.jar:/home/runner/.m2/repository/jakarta/inject/jakarta.inject-api/2.0.1/jakarta.inject-api-2.0.1.jar:/home/runner/.m2/repository/aopalliance/aopalliance/1.0/aopalliance-1.0.jar:/home/runner/.m2/repository/com/google/inject/extensions/guice-assistedinject/6.0.0/guice-assistedinject-6.0.0.jar:/home/runner/.m2/repository/com/google/inject/extensions/guice-servlet/6.0.0/guice-servlet-6.0.0.jar:/home/runner/.m2/repository/org/glassfish/jersey/containers/jersey-container-servlet/2.42/jersey-container-servlet-2.42.jar:/home/runner/.m2/repository/org/glassfish/hk2/guice-bridge/2.6.1/guice-bridge-2.6.1.jar:/home/runner/.m2/repository/org/glassfish/jersey/core/jersey-server/2.42/jersey-server-2.42.jar:/home/runner/.m2/repository/org/glassfish/jersey/core/jersey-client/2.42/jersey-client-2.42.jar:/home/runner/.m2/repository/jakarta/validation/jakarta.validation-api/2.0.2/jakarta.validation-api-2.0.2.jar:/home/runner/.m2/repository/org/glassfish/jersey/media/jersey-media-json-jackson/2.42/jersey-media-json-jackson-2.42.jar:/home/runner/.m2/repository/org/glassfish/jersey/ext/jersey-entity-filtering/2.42/jersey-entity-filtering-2.42.jar:/home/runner/.m2/repository/org/jooq/jooq/3.11.10/jooq-3.11.10.jar:/home/runner/.m2/repository/org/jooq/jooq-meta/3.11.10/jooq-meta-3.11.10.jar:/home/runner/.m2/repository/org/jooq/jooq-codegen/3.11.10/jooq-codegen-3.11.10.jar:/home/runner/.m2/repository/com/jolbox/bonecp/0.8.0.RELEASE/bonecp-0.8.0.RELEASE.jar:/home/runner/.m2/repository/org/apache/derby/derby/10.14.2.0/derby-10.14.2.0.jar:/home/runner/.m2/repository/org/xerial/sqlite-jdbc/3.44.1.0/sqlite-jdbc-3.44.1.0.jar:/home/runner/.m2/repository/org/springframework/spring-jdbc/5.3.27/spring-jdbc-5.3.27.jar:/home/runner/.m2/repository/org/springframework/spring-beans/5.3.27/spring-beans-5.3.27.jar:/home/runner/.m2/repository/org/springframework/spring-core/5.3.27/spring-core-5.3.27.jar:/home/runner/.m2/repository/org/springframework/spring-tx/5.3.27/spring-tx-5.3.27.jar:/home/runner/work/ozone/ozone/hadoop-ozone/client/target/classes:/home/runner/work/ozone/ozone/hadoop-hdds/erasurecode/target/classes:/home/runner/work/ozone/ozone/hadoop-ozone/ozonefs/target/classes:/home/runner/work/ozone/ozone/hadoop-ozone/ozonefs-common/target/classes:/home/runner/work/ozone/ozone/hadoop-ozone/tools/target/classes:/home/runner/.m2/repository/com/amazonaws/aws-java-sdk-core/1.12.661/aws-java-sdk-core-1.12.661.jar:/home/runner/.m2/repository/org/apache/httpcomponents/httpclient/4.5.14/httpclient-4.5.14.jar:/home/runner/.m2/repository/org/apache/httpcomponents/httpcore/4.4.16/httpcore-4.4.16.jar:/home/runner/.m2/repository/com/fasterxml/jackson/dataformat/jackson-dataformat-cbor/2.16.1/jackson-dataformat-cbor-2.16.1.jar:/home/runner/.m2/repository/joda-time/joda-time/2.12.7/joda-time-2.12.7.jar:/home/runner/.m2/repository/com/amazonaws/aws-java-sdk-s3/1.12.661/aws-java-sdk-s3-1.12.661.jar:/home/runner/.m2/repository/com/amazonaws/aws-java-sdk-kms/1.12.661/aws-java-sdk-kms-1.12.661.jar:/home/runner/.m2/repository/com/amazonaws/jmespath-java/1.12.661/jmespath-java-1.12.661.jar:/home/runner/.m2/repository/org/kohsuke/metainf-services/metainf-services/1.11/metainf-services-1.11.jar:/home/runner/work/ozone/ozone/hadoop-hdds/tools/target/classes:/home/runner/.m2/repository/org/apache/ratis/ratis-tools/3.0.1/ratis-tools-3.0.1.jar:/home/runner/.m2/repository/commons-cli/commons-cli/1.6.0/commons-cli-1.6.0.jar:/home/runner/.m2/repository/org/apache/commons/commons-lang3/3.14.0/commons-lang3-3.14.0.jar:/home/runner/work/ozone/ozone/hadoop-ozone/ozone-manager/target/test-classes:/home/runner/work/ozone/ozone/hadoop-hdds/common/target/test-classes:/home/runner/work/ozone/ozone/hadoop-hdds/hadoop-dependency-client/target/classes:/home/runner/.m2/repository/info/picocli/picocli/4.7.5/picocli-4.7.5.jar:/home/runner/.m2/repository/com/fasterxml/jackson/core/jackson-annotations/2.16.1/jackson-annotations-2.16.1.jar:/home/runner/work/ozone/ozone/hadoop-hdds/annotations/target/classes:/home/runner/.m2/repository/javax/annotation/javax.annotation-api/1.3.2/javax.annotation-api-1.3.2.jar:/home/runner/.m2/repository/org/apache/ratis/ratis-netty/3.0.1/ratis-netty-3.0.1.jar:/home/runner/.m2/repository/org/apache/ratis/ratis-grpc/3.0.1/ratis-grpc-3.0.1.jar:/home/runner/.m2/repository/org/bouncycastle/bcpkix-jdk18on/1.77/bcpkix-jdk18on-1.77.jar:/home/runner/.m2/repository/org/bouncycastle/bcutil-jdk18on/1.77/bcutil-jdk18on-1.77.jar:/home/runner/.m2/repository/commons-validator/commons-validator/1.6/commons-validator-1.6.jar:/home/runner/.m2/repository/commons-beanutils/commons-beanutils/1.9.4/commons-beanutils-1.9.4.jar:/home/runner/.m2/repository/commons-digester/commons-digester/1.8.1/commons-digester-1.8.1.jar:/home/runner/.m2/repository/commons-collections/commons-collections/3.2.2/commons-collections-3.2.2.jar:/home/runner/.m2/repository/io/jaegertracing/jaeger-client/1.8.1/jaeger-client-1.8.1.jar:/home/runner/.m2/repository/io/jaegertracing/jaeger-thrift/1.8.1/jaeger-thrift-1.8.1.jar:/home/runner/.m2/repository/org/apache/thrift/libthrift/0.15.0/libthrift-0.15.0.jar:/home/runner/.m2/repository/io/jaegertracing/jaeger-core/1.8.1/jaeger-core-1.8.1.jar:/home/runner/.m2/repository/io/jaegertracing/jaeger-tracerresolver/1.8.1/jaeger-tracerresolver-1.8.1.jar:/home/runner/.m2/repository/io/opentracing/contrib/opentracing-tracerresolver/0.1.8/opentracing-tracerresolver-0.1.8.jar:/home/runner/.m2/repository/org/jetbrains/kotlin/kotlin-stdlib/1.9.22/kotlin-stdlib-1.9.22.jar:/home/runner/.m2/repository/org/jetbrains/annotations/13.0/annotations-13.0.jar:/home/runner/.m2/repository/io/opentracing/opentracing-util/0.33.0/opentracing-util-0.33.0.jar:/home/runner/.m2/repository/io/opentracing/opentracing-api/0.33.0/opentracing-api-0.33.0.jar:/home/runner/.m2/repository/io/opentracing/opentracing-noop/0.33.0/opentracing-noop-0.33.0.jar:/home/runner/.m2/repository/org/yaml/snakeyaml/2.0/snakeyaml-2.0.jar:/home/runner/.m2/repository/io/grpc/grpc-api/1.58.0/grpc-api-1.58.0.jar:/home/runner/.m2/repository/org/junit/platform/junit-platform-launcher/1.10.2/junit-platform-launcher-1.10.2.jar:/home/runner/.m2/repository/org/junit/platform/junit-platform-engine/1.10.2/junit-platform-engine-1.10.2.jar:/home/runner/.m2/repository/org/apiguardian/apiguardian-api/1.1.2/apiguardian-api-1.1.2.jar:/home/runner/.m2/repository/org/apache/hadoop/hadoop-kms/3.3.6/hadoop-kms-3.3.6.jar:/home/runner/.m2/repository/org/apache/hadoop/hadoop-auth/3.3.6/hadoop-auth-3.3.6.jar:/home/runner/.m2/repository/org/apache/zookeeper/zookeeper/3.8.4/zookeeper-3.8.4.jar:/home/runner/.m2/repository/org/apache/zookeeper/zookeeper-jute/3.8.4/zookeeper-jute-3.8.4.jar:/home/runner/.m2/repository/org/apache/yetus/audience-annotations/0.12.0/audience-annotations-0.12.0.jar:/home/runner/.m2/repository/org/apache/curator/curator-framework/4.2.0/curator-framework-4.2.0.jar:/home/runner/.m2/repository/org/apache/hadoop/thirdparty/hadoop-shaded-guava/1.2.0/hadoop-shaded-guava-1.2.0.jar:/home/runner/.m2/repository/com/sun/jersey/jersey-core/1.19.4/jersey-core-1.19.4.jar:/home/runner/.m2/repository/javax/ws/rs/jsr311-api/1.1.1/jsr311-api-1.1.1.jar:/home/runner/.m2/repository/com/sun/jersey/jersey-server/1.19.4/jersey-server-1.19.4.jar:/home/runner/.m2/repository/javax/servlet/javax.servlet-api/3.1.0/javax.servlet-api-3.1.0.jar:/home/runner/.m2/repository/org/apache/hadoop/hadoop-common/3.3.6/hadoop-common-3.3.6.jar:/home/runner/.m2/repository/org/apache/commons/commons-math3/3.6.1/commons-math3-3.6.1.jar:/home/runner/.m2/repository/commons-net/commons-net/3.10.0/commons-net-3.10.0.jar:/home/runner/.m2/repository/com/sun/jersey/jersey-servlet/1.19.4/jersey-servlet-1.19.4.jar:/home/runner/.m2/repository/com/github/pjfanning/jersey-json/1.20/jersey-json-1.20.jar:/home/runner/.m2/repository/org/codehaus/jettison/jettison/1.1/jettison-1.1.jar:/home/runner/.m2/repository/com/sun/xml/bind/jaxb-impl/2.2.3-1/jaxb-impl-2.2.3-1.jar:/home/runner/.m2/repository/com/google/re2j/re2j/1.7/re2j-1.7.jar:/home/runner/.m2/repository/com/jcraft/jsch/0.1.55/jsch-0.1.55.jar:/home/runner/.m2/repository/org/apache/curator/curator-client/4.2.0/curator-client-4.2.0.jar:/home/runner/.m2/repository/org/apache/curator/curator-recipes/5.2.0/curator-recipes-5.2.0.jar:/home/runner/.m2/repository/com/google/code/findbugs/jsr305/3.0.2/jsr305-3.0.2.jar:/home/runner/.m2/repository/org/apache/kerby/kerb-core/1.0.1/kerb-core-1.0.1.jar:/home/runner/.m2/repository/org/apache/kerby/kerby-pkix/1.0.1/kerby-pkix-1.0.1.jar:/home/runner/.m2/repository/org/apache/kerby/kerby-asn1/1.0.1/kerby-asn1-1.0.1.jar:/home/runner/.m2/repository/org/apache/kerby/kerby-util/1.0.1/kerby-util-1.0.1.jar:/home/runner/.m2/repository/dnsjava/dnsjava/2.1.7/dnsjava-2.1.7.jar:/home/runner/.m2/repository/com/fasterxml/jackson/core/jackson-databind/2.16.1/jackson-databind-2.16.1.jar:/home/runner/.m2/repository/org/apache/hadoop/hadoop-kms/3.3.6/hadoop-kms-3.3.6-tests.jar:/home/runner/work/ozone/ozone/hadoop-hdds/server-scm/target/test-classes:/home/runner/work/ozone/ozone/hadoop-hdds/container-service/target/test-classes:/home/runner/.m2/repository/com/github/luben/zstd-jni/1.5.6-2/zstd-jni-1.5.6-2.jar:/home/runner/.m2/repository/commons-codec/commons-codec/1.15/commons-codec-1.15.jar:/home/runner/.m2/repository/io/netty/netty-codec/4.1.100.Final/netty-codec-4.1.100.Final.jar:/home/runner/.m2/repository/io/netty/netty-handler/4.1.100.Final/netty-handler-4.1.100.Final.jar:/home/runner/work/ozone/ozone/hadoop-hdds/hadoop-dependency-test/target/classes:/home/runner/.m2/repository/org/apache/hadoop/hadoop-common/3.3.6/hadoop-common-3.3.6-tests.jar:/home/runner/.m2/repository/org/apache/hadoop/hadoop-hdfs/3.3.6/hadoop-hdfs-3.3.6-tests.jar:/home/runner/.m2/repository/org/junit/jupiter/junit-jupiter-engine/5.10.2/junit-jupiter-engine-5.10.2.jar:/home/runner/.m2/repository/org/junit/jupiter/junit-jupiter-params/5.10.2/junit-jupiter-params-5.10.2.jar:/home/runner/.m2/repository/org/mockito/mockito-core/4.11.0/mockito-core-4.11.0.jar:/home/runner/.m2/repository/net/bytebuddy/byte-buddy/1.12.19/byte-buddy-1.12.19.jar:/home/runner/.m2/repository/net/bytebuddy/byte-buddy-agent/1.12.19/byte-buddy-agent-1.12.19.jar:/home/runner/.m2/repository/org/objenesis/objenesis/3.3/objenesis-3.3.jar:/home/runner/.m2/repository/org/mockito/mockito-inline/4.11.0/mockito-inline-4.11.0.jar:/home/runner/.m2/repository/org/mockito/mockito-junit-jupiter/4.11.0/mockito-junit-jupiter-4.11.0.jar:/home/runner/.m2/repository/org/apache/hadoop/hadoop-distcp/3.3.6/hadoop-distcp-3.3.6.jar:/home/runner/.m2/repository/org/apache/hadoop/hadoop-mapreduce-client-jobclient/3.3.6/hadoop-mapreduce-client-jobclient-3.3.6.jar:/home/runner/.m2/repository/org/apache/hadoop/hadoop-mapreduce-client-common/3.3.6/hadoop-mapreduce-client-common-3.3.6.jar:/home/runner/.m2/repository/org/apache/hadoop/hadoop-yarn-common/3.3.6/hadoop-yarn-common-3.3.6.jar:/home/runner/.m2/repository/org/apache/hadoop/hadoop-yarn-api/3.3.6/hadoop-yarn-api-3.3.6.jar:/home/runner/.m2/repository/javax/xml/bind/jaxb-api/2.2.11/jaxb-api-2.2.11.jar:/home/runner/.m2/repository/com/sun/jersey/contribs/jersey-guice/1.19.4/jersey-guice-1.19.4.jar:/home/runner/.m2/repository/com/fasterxml/jackson/jaxrs/jackson-jaxrs-json-provider/2.16.1/jackson-jaxrs-json-provider-2.16.1.jar:/home/runner/.m2/repository/com/fasterxml/jackson/jaxrs/jackson-jaxrs-base/2.16.1/jackson-jaxrs-base-2.16.1.jar:/home/runner/.m2/repository/org/apache/hadoop/hadoop-yarn-client/3.3.6/hadoop-yarn-client-3.3.6.jar:/home/runner/.m2/repository/org/eclipse/jetty/websocket/websocket-client/9.4.51.v20230217/websocket-client-9.4.51.v20230217.jar:/home/runner/.m2/repository/org/eclipse/jetty/websocket/websocket-common/9.4.51.v20230217/websocket-common-9.4.51.v20230217.jar:/home/runner/.m2/repository/org/eclipse/jetty/websocket/websocket-api/9.4.51.v20230217/websocket-api-9.4.51.v20230217.jar:/home/runner/.m2/repository/org/jline/jline/3.9.0/jline-3.9.0.jar:/home/runner/.m2/repository/org/apache/hadoop/hadoop-mapreduce-client-core/3.3.6/hadoop-mapreduce-client-core-3.3.6.jar:/home/runner/.m2/repository/org/apache/avro/avro/1.7.7/avro-1.7.7.jar:/home/runner/.m2/repository/com/thoughtworks/paranamer/paranamer/2.3/paranamer-2.3.jar:/home/runner/.m2/repository/org/apache/hadoop/hadoop-annotations/3.3.6/hadoop-annotations-3.3.6.jar:/home/runner/.m2/repository/io/netty/netty/3.10.6.Final/netty-3.10.6.Final.jar:/home/runner/.m2/repository/org/apache/hadoop/hadoop-distcp/3.3.6/hadoop-distcp-3.3.6-tests.jar:/home/runner/.m2/repository/org/hamcrest/hamcrest/2.2/hamcrest-2.2.jar:/home/runner/.m2/repository/org/slf4j/jul-to-slf4j/2.0.12/jul-to-slf4j-2.0.12.jar:/home/runner/work/ozone/ozone/hadoop-ozone/integration-test/target/gradle-enterprise/test-listeners.jar:"/>
    <property name="java.vm.vendor" value="Eclipse Adoptium"/>
    <property name="sun.arch.data.model" value="64"/>
    <property name="test.build.dir" value="/home/runner/work/ozone/ozone/hadoop-ozone/integration-test/target/test-dir"/>
    <property name="test.cache.data" value=""/>
    <property name="java.vendor.url" value="https://adoptium.net/"/>
    <property name="user.timezone" value="Etc/UTC"/>
    <property name="maven-surefire-plugin.argLineAccessArgs" value=" --add-opens java.management/com.sun.jmx.mbeanserver=ALL-UNNAMED --add-exports java.management/com.sun.jmx.mbeanserver=ALL-UNNAMED --add-opens java.base/java.nio=ALL-UNNAMED --add-opens java.base/java.lang=ALL-UNNAMED --add-opens java.base/java.lang.reflect=ALL-UNNAMED"/>
    <property name="os.name" value="Linux"/>
    <property name="java.vm.specification.version" value="17"/>
    <property name="test.build.data" value="/home/runner/work/ozone/ozone/hadoop-ozone/integration-test/target/test-dir"/>
    <property name="sun.java.launcher" value="SUN_STANDARD"/>
    <property name="sun.boot.library.path" value="/usr/lib/jvm/temurin-17-jdk-amd64/lib"/>
    <property name="sun.java.command" value="/home/runner/work/ozone/ozone/hadoop-ozone/integration-test/target/surefire/surefirebooter13311235528944482913.jar /home/runner/work/ozone/ozone/hadoop-ozone/integration-test/target/surefire 2024-04-24T06-40-12_618-jvmRun1 surefire6453253628143259336tmp surefire_2011515775260085287644tmp"/>
    <property name="jdk.debug" value="release"/>
    <property name="native.lib.tmp.dir" value="/tmp"/>
    <property name="surefire.test.class.path" value="/home/runner/work/ozone/ozone/hadoop-ozone/integration-test/target/test-classes:/home/runner/work/ozone/ozone/hadoop-ozone/integration-test/target/classes:/home/runner/work/ozone/ozone/hadoop-ozone/common/target/classes:/home/runner/.m2/repository/io/grpc/grpc-netty/1.58.0/grpc-netty-1.58.0.jar:/home/runner/.m2/repository/io/grpc/grpc-core/1.58.0/grpc-core-1.58.0.jar:/home/runner/.m2/repository/com/google/android/annotations/4.1.1.4/annotations-4.1.1.4.jar:/home/runner/.m2/repository/org/codehaus/mojo/animal-sniffer-annotations/1.23/animal-sniffer-annotations-1.23.jar:/home/runner/.m2/repository/io/grpc/grpc-context/1.58.0/grpc-context-1.58.0.jar:/home/runner/.m2/repository/io/grpc/grpc-util/1.58.0/grpc-util-1.58.0.jar:/home/runner/.m2/repository/com/google/errorprone/error_prone_annotations/2.2.0/error_prone_annotations-2.2.0.jar:/home/runner/.m2/repository/io/perfmark/perfmark-api/0.26.0/perfmark-api-0.26.0.jar:/home/runner/.m2/repository/io/netty/netty-codec-http2/4.1.100.Final/netty-codec-http2-4.1.100.Final.jar:/home/runner/.m2/repository/io/netty/netty-common/4.1.100.Final/netty-common-4.1.100.Final.jar:/home/runner/.m2/repository/io/netty/netty-buffer/4.1.100.Final/netty-buffer-4.1.100.Final.jar:/home/runner/.m2/repository/io/netty/netty-codec-http/4.1.100.Final/netty-codec-http-4.1.100.Final.jar:/home/runner/.m2/repository/io/netty/netty-handler-proxy/4.1.100.Final/netty-handler-proxy-4.1.100.Final.jar:/home/runner/.m2/repository/io/netty/netty-codec-socks/4.1.100.Final/netty-codec-socks-4.1.100.Final.jar:/home/runner/.m2/repository/io/netty/netty-tcnative-boringssl-static/2.0.61.Final/netty-tcnative-boringssl-static-2.0.61.Final.jar:/home/runner/.m2/repository/io/netty/netty-tcnative-classes/2.0.61.Final/netty-tcnative-classes-2.0.61.Final.jar:/home/runner/.m2/repository/io/netty/netty-tcnative-boringssl-static/2.0.61.Final/netty-tcnative-boringssl-static-2.0.61.Final-linux-x86_64.jar:/home/runner/.m2/repository/io/netty/netty-tcnative-boringssl-static/2.0.61.Final/netty-tcnative-boringssl-static-2.0.61.Final-linux-aarch_64.jar:/home/runner/.m2/repository/io/netty/netty-tcnative-boringssl-static/2.0.61.Final/netty-tcnative-boringssl-static-2.0.61.Final-osx-x86_64.jar:/home/runner/.m2/repository/io/netty/netty-tcnative-boringssl-static/2.0.61.Final/netty-tcnative-boringssl-static-2.0.61.Final-osx-aarch_64.jar:/home/runner/.m2/repository/io/netty/netty-tcnative-boringssl-static/2.0.61.Final/netty-tcnative-boringssl-static-2.0.61.Final-windows-x86_64.jar:/home/runner/.m2/repository/org/apache/commons/commons-compress/1.26.0/commons-compress-1.26.0.jar:/home/runner/work/ozone/ozone/hadoop-hdds/common/target/classes:/home/runner/work/ozone/ozone/hadoop-hdds/client/target/classes:/home/runner/work/ozone/ozone/hadoop-ozone/interface-client/target/classes:/home/runner/.m2/repository/org/apache/hadoop/hadoop-hdfs-client/3.3.6/hadoop-hdfs-client-3.3.6.jar:/home/runner/.m2/repository/com/squareup/okhttp3/okhttp/4.12.0/okhttp-4.12.0.jar:/home/runner/.m2/repository/com/squareup/okio/okio/3.6.0/okio-3.6.0.jar:/home/runner/.m2/repository/com/squareup/okio/okio-jvm/3.6.0/okio-jvm-3.6.0.jar:/home/runner/.m2/repository/org/jetbrains/kotlin/kotlin-stdlib-jdk8/1.9.22/kotlin-stdlib-jdk8-1.9.22.jar:/home/runner/.m2/repository/org/jetbrains/kotlin/kotlin-stdlib-jdk7/1.9.22/kotlin-stdlib-jdk7-1.9.22.jar:/home/runner/.m2/repository/org/jetbrains/kotlin/kotlin-stdlib-common/1.9.22/kotlin-stdlib-common-1.9.22.jar:/home/runner/work/ozone/ozone/hadoop-hdds/test-utils/target/classes:/home/runner/.m2/repository/org/assertj/assertj-core/3.12.2/assertj-core-3.12.2.jar:/home/runner/.m2/repository/com/google/guava/guava/32.0.0-jre/guava-32.0.0-jre.jar:/home/runner/.m2/repository/com/google/guava/failureaccess/1.0.1/failureaccess-1.0.1.jar:/home/runner/.m2/repository/com/google/guava/listenablefuture/9999.0-empty-to-avoid-conflict-with-guava/listenablefuture-9999.0-empty-to-avoid-conflict-with-guava.jar:/home/runner/.m2/repository/org/checkerframework/checker-qual/3.33.0/checker-qual-3.33.0.jar:/home/runner/.m2/repository/com/google/j2objc/j2objc-annotations/2.8/j2objc-annotations-2.8.jar:/home/runner/.m2/repository/commons-io/commons-io/2.16.1/commons-io-2.16.1.jar:/home/runner/.m2/repository/commons-logging/commons-logging/1.2/commons-logging-1.2.jar:/home/runner/.m2/repository/org/junit/jupiter/junit-jupiter-api/5.10.2/junit-jupiter-api-5.10.2.jar:/home/runner/.m2/repository/org/opentest4j/opentest4j/1.3.0/opentest4j-1.3.0.jar:/home/runner/.m2/repository/org/junit/platform/junit-platform-commons/1.10.2/junit-platform-commons-1.10.2.jar:/home/runner/.m2/repository/ch/qos/reload4j/reload4j/1.2.25/reload4j-1.2.25.jar:/home/runner/.m2/repository/jakarta/annotation/jakarta.annotation-api/2.1.1/jakarta.annotation-api-2.1.1.jar:/home/runner/.m2/repository/org/slf4j/slf4j-api/2.0.12/slf4j-api-2.0.12.jar:/home/runner/.m2/repository/org/apache/logging/log4j/log4j-api/2.17.1/log4j-api-2.17.1.jar:/home/runner/work/ozone/ozone/hadoop-hdds/server-scm/target/classes:/home/runner/.m2/repository/com/google/protobuf/protobuf-java/2.5.0/protobuf-java-2.5.0.jar:/home/runner/work/ozone/ozone/hadoop-hdds/container-service/target/classes:/home/runner/work/ozone/ozone/hadoop-hdds/hadoop-dependency-server/target/classes:/home/runner/.m2/repository/com/nimbusds/nimbus-jose-jwt/9.37.2/nimbus-jose-jwt-9.37.2.jar:/home/runner/.m2/repository/com/github/stephenc/jcip/jcip-annotations/1.0-1/jcip-annotations-1.0-1.jar:/home/runner/.m2/repository/org/apache/hadoop/hadoop-hdfs/3.3.6/hadoop-hdfs-3.3.6.jar:/home/runner/.m2/repository/commons-daemon/commons-daemon/1.3.4/commons-daemon-1.3.4.jar:/home/runner/.m2/repository/org/xerial/snappy/snappy-java/1.1.10.5/snappy-java-1.1.10.5.jar:/home/runner/work/ozone/ozone/hadoop-hdds/framework/target/classes:/home/runner/.m2/repository/org/bouncycastle/bcprov-jdk18on/1.77/bcprov-jdk18on-1.77.jar:/home/runner/.m2/repository/io/dropwizard/metrics/metrics-core/3.2.4/metrics-core-3.2.4.jar:/home/runner/.m2/repository/org/apache/commons/commons-text/1.11.0/commons-text-1.11.0.jar:/home/runner/work/ozone/ozone/hadoop-hdds/framework/target/test-classes:/home/runner/work/ozone/ozone/hadoop-hdds/interface-server/target/classes:/home/runner/work/ozone/ozone/hadoop-hdds/interface-admin/target/classes:/home/runner/work/ozone/ozone/hadoop-hdds/managed-rocksdb/target/classes:/home/runner/.m2/repository/org/rocksdb/rocksdbjni/7.7.3/rocksdbjni-7.7.3.jar:/home/runner/.m2/repository/org/slf4j/slf4j-reload4j/2.0.12/slf4j-reload4j-2.0.12.jar:/home/runner/.m2/repository/org/apache/commons/commons-configuration2/2.10.1/commons-configuration2-2.10.1.jar:/home/runner/.m2/repository/commons-fileupload/commons-fileupload/1.5/commons-fileupload-1.5.jar:/home/runner/.m2/repository/org/apache/logging/log4j/log4j-core/2.17.1/log4j-core-2.17.1.jar:/home/runner/.m2/repository/com/lmax/disruptor/3.4.4/disruptor-3.4.4.jar:/home/runner/.m2/repository/org/eclipse/jetty/jetty-util/9.4.53.v20231009/jetty-util-9.4.53.v20231009.jar:/home/runner/.m2/repository/org/eclipse/jetty/jetty-server/9.4.53.v20231009/jetty-server-9.4.53.v20231009.jar:/home/runner/.m2/repository/org/eclipse/jetty/jetty-http/9.4.53.v20231009/jetty-http-9.4.53.v20231009.jar:/home/runner/.m2/repository/org/eclipse/jetty/jetty-io/9.4.53.v20231009/jetty-io-9.4.53.v20231009.jar:/home/runner/.m2/repository/org/eclipse/jetty/jetty-servlet/9.4.53.v20231009/jetty-servlet-9.4.53.v20231009.jar:/home/runner/.m2/repository/org/eclipse/jetty/jetty-security/9.4.53.v20231009/jetty-security-9.4.53.v20231009.jar:/home/runner/.m2/repository/org/eclipse/jetty/jetty-util-ajax/9.4.53.v20231009/jetty-util-ajax-9.4.53.v20231009.jar:/home/runner/.m2/repository/org/eclipse/jetty/jetty-webapp/9.4.53.v20231009/jetty-webapp-9.4.53.v20231009.jar:/home/runner/.m2/repository/org/eclipse/jetty/jetty-xml/9.4.53.v20231009/jetty-xml-9.4.53.v20231009.jar:/home/runner/.m2/repository/org/apache/ratis/ratis-server/3.0.1/ratis-server-3.0.1.jar:/home/runner/.m2/repository/org/apache/ratis/ratis-thirdparty-misc/1.0.5/ratis-thirdparty-misc-1.0.5.jar:/home/runner/.m2/repository/org/apache/ratis/ratis-proto/3.0.1/ratis-proto-3.0.1.jar:/home/runner/.m2/repository/org/apache/ratis/ratis-common/3.0.1/ratis-common-3.0.1.jar:/home/runner/.m2/repository/org/apache/ratis/ratis-client/3.0.1/ratis-client-3.0.1.jar:/home/runner/.m2/repository/org/apache/ratis/ratis-server-api/3.0.1/ratis-server-api-3.0.1.jar:/home/runner/.m2/repository/org/apache/ratis/ratis-metrics-api/3.0.1/ratis-metrics-api-3.0.1.jar:/home/runner/.m2/repository/org/apache/ratis/ratis-metrics-dropwizard3/3.0.1/ratis-metrics-dropwizard3-3.0.1.jar:/home/runner/.m2/repository/io/prometheus/simpleclient_dropwizard/0.16.0/simpleclient_dropwizard-0.16.0.jar:/home/runner/.m2/repository/io/prometheus/simpleclient/0.16.0/simpleclient-0.16.0.jar:/home/runner/.m2/repository/io/prometheus/simpleclient_common/0.16.0/simpleclient_common-0.16.0.jar:/home/runner/.m2/repository/com/fasterxml/jackson/datatype/jackson-datatype-jsr310/2.16.1/jackson-datatype-jsr310-2.16.1.jar:/home/runner/.m2/repository/com/fasterxml/jackson/core/jackson-core/2.16.1/jackson-core-2.16.1.jar:/home/runner/work/ozone/ozone/hadoop-hdds/rocksdb-checkpoint-differ/target/classes:/home/runner/.m2/repository/org/jgrapht/jgrapht-core/1.4.0/jgrapht-core-1.4.0.jar:/home/runner/.m2/repository/org/jheaps/jheaps/0.11/jheaps-0.11.jar:/home/runner/.m2/repository/org/jgrapht/jgrapht-ext/1.4.0/jgrapht-ext-1.4.0.jar:/home/runner/.m2/repository/com/github/vlsi/mxgraph/jgraphx/3.9.8.1/jgraphx-3.9.8.1.jar:/home/runner/work/ozone/ozone/hadoop-ozone/ozone-manager/target/classes:/home/runner/.m2/repository/org/aspectj/aspectjrt/1.9.7/aspectjrt-1.9.7.jar:/home/runner/.m2/repository/org/aspectj/aspectjweaver/1.9.7/aspectjweaver-1.9.7.jar:/home/runner/work/ozone/ozone/hadoop-hdds/interface-client/target/classes:/home/runner/.m2/repository/org/apache/hadoop/thirdparty/hadoop-shaded-protobuf_3_7/1.1.1/hadoop-shaded-protobuf_3_7-1.1.1.jar:/home/runner/work/ozone/ozone/hadoop-ozone/interface-storage/target/classes:/home/runner/.m2/repository/org/reflections/reflections/0.10.2/reflections-0.10.2.jar:/home/runner/.m2/repository/com/sun/jersey/jersey-client/1.19.4/jersey-client-1.19.4.jar:/home/runner/.m2/repository/org/codehaus/jackson/jackson-core-asl/1.9.13/jackson-core-asl-1.9.13.jar:/home/runner/.m2/repository/org/codehaus/jackson/jackson-mapper-asl/1.9.13/jackson-mapper-asl-1.9.13.jar:/home/runner/.m2/repository/org/codehaus/jackson/jackson-jaxrs/1.9.13/jackson-jaxrs-1.9.13.jar:/home/runner/.m2/repository/org/apache/ranger/ranger-intg/2.3.0/ranger-intg-2.3.0.jar:/home/runner/.m2/repository/org/apache/ranger/ranger-plugins-common/2.3.0/ranger-plugins-common-2.3.0.jar:/home/runner/.m2/repository/commons-lang/commons-lang/2.6/commons-lang-2.6.jar:/home/runner/.m2/repository/org/apache/ranger/ranger-plugins-cred/2.3.0/ranger-plugins-cred-2.3.0.jar:/home/runner/.m2/repository/org/apache/ranger/ranger-plugins-audit/2.3.0/ranger-plugins-audit-2.3.0.jar:/home/runner/.m2/repository/org/eclipse/jetty/jetty-client/9.4.53.v20231009/jetty-client-9.4.53.v20231009.jar:/home/runner/.m2/repository/org/apache/httpcomponents/httpmime/4.5.6/httpmime-4.5.6.jar:/home/runner/.m2/repository/org/apache/httpcomponents/httpcore-nio/4.4.16/httpcore-nio-4.4.16.jar:/home/runner/.m2/repository/org/apache/httpcomponents/httpasyncclient/4.1.3/httpasyncclient-4.1.3.jar:/home/runner/.m2/repository/com/carrotsearch/hppc/0.8.0/hppc-0.8.0.jar:/home/runner/.m2/repository/org/apache/orc/orc-core/1.5.8/orc-core-1.5.8.jar:/home/runner/.m2/repository/net/java/dev/jna/jna/5.2.0/jna-5.2.0.jar:/home/runner/.m2/repository/net/java/dev/jna/jna-platform/5.2.0/jna-platform-5.2.0.jar:/home/runner/.m2/repository/com/kstruct/gethostname4j/0.0.2/gethostname4j-0.0.2.jar:/home/runner/.m2/repository/org/apache/ranger/ranger-plugin-classloader/2.3.0/ranger-plugin-classloader-2.3.0.jar:/home/runner/work/ozone/ozone/hadoop-hdds/rocks-native/target/classes:/home/runner/.m2/repository/org/apache/hadoop/hadoop-minikdc/3.3.6/hadoop-minikdc-3.3.6.jar:/home/runner/.m2/repository/org/apache/kerby/kerb-simplekdc/1.0.1/kerb-simplekdc-1.0.1.jar:/home/runner/.m2/repository/org/apache/kerby/kerb-client/1.0.1/kerb-client-1.0.1.jar:/home/runner/.m2/repository/org/apache/kerby/kerby-config/1.0.1/kerby-config-1.0.1.jar:/home/runner/.m2/repository/org/apache/kerby/kerb-common/1.0.1/kerb-common-1.0.1.jar:/home/runner/.m2/repository/org/apache/kerby/kerb-crypto/1.0.1/kerb-crypto-1.0.1.jar:/home/runner/.m2/repository/org/apache/kerby/kerb-util/1.0.1/kerb-util-1.0.1.jar:/home/runner/.m2/repository/org/apache/kerby/token-provider/1.0.1/token-provider-1.0.1.jar:/home/runner/.m2/repository/org/apache/kerby/kerb-admin/1.0.1/kerb-admin-1.0.1.jar:/home/runner/.m2/repository/org/apache/kerby/kerb-server/1.0.1/kerb-server-1.0.1.jar:/home/runner/.m2/repository/org/apache/kerby/kerb-identity/1.0.1/kerb-identity-1.0.1.jar:/home/runner/.m2/repository/org/apache/kerby/kerby-xdr/1.0.1/kerby-xdr-1.0.1.jar:/home/runner/.m2/repository/junit/junit/4.13.2/junit-4.13.2.jar:/home/runner/.m2/repository/org/hamcrest/hamcrest-core/1.3/hamcrest-core-1.3.jar:/home/runner/work/ozone/ozone/hadoop-ozone/s3gateway/target/classes:/home/runner/.m2/repository/org/javassist/javassist/3.30.2-GA/javassist-3.30.2-GA.jar:/home/runner/.m2/repository/org/jboss/weld/servlet/weld-servlet-shaded/3.1.9.Final/weld-servlet-shaded-3.1.9.Final.jar:/home/runner/.m2/repository/org/glassfish/jersey/containers/jersey-container-servlet-core/2.42/jersey-container-servlet-core-2.42.jar:/home/runner/.m2/repository/org/glassfish/hk2/external/jakarta.inject/2.6.1/jakarta.inject-2.6.1.jar:/home/runner/.m2/repository/org/glassfish/jersey/core/jersey-common/2.42/jersey-common-2.42.jar:/home/runner/.m2/repository/jakarta/ws/rs/jakarta.ws.rs-api/2.1.6/jakarta.ws.rs-api-2.1.6.jar:/home/runner/.m2/repository/org/glassfish/jersey/ext/cdi/jersey-cdi1x/2.42/jersey-cdi1x-2.42.jar:/home/runner/.m2/repository/org/glassfish/jersey/inject/jersey-hk2/2.42/jersey-hk2-2.42.jar:/home/runner/.m2/repository/org/glassfish/hk2/hk2-locator/2.6.1/hk2-locator-2.6.1.jar:/home/runner/.m2/repository/org/glassfish/jersey/media/jersey-media-jaxb/2.42/jersey-media-jaxb-2.42.jar:/home/runner/.m2/repository/org/glassfish/hk2/osgi-resource-locator/1.0.3/osgi-resource-locator-1.0.3.jar:/home/runner/.m2/repository/org/glassfish/hk2/hk2-api/2.6.1/hk2-api-2.6.1.jar:/home/runner/.m2/repository/org/glassfish/hk2/hk2-utils/2.6.1/hk2-utils-2.6.1.jar:/home/runner/.m2/repository/org/glassfish/hk2/external/aopalliance-repackaged/2.6.1/aopalliance-repackaged-2.6.1.jar:/home/runner/.m2/repository/com/fasterxml/jackson/dataformat/jackson-dataformat-xml/2.16.1/jackson-dataformat-xml-2.16.1.jar:/home/runner/.m2/repository/org/codehaus/woodstox/stax2-api/4.2.2/stax2-api-4.2.2.jar:/home/runner/.m2/repository/com/fasterxml/woodstox/woodstox-core/5.4.0/woodstox-core-5.4.0.jar:/home/runner/.m2/repository/com/fasterxml/jackson/module/jackson-module-jaxb-annotations/2.16.1/jackson-module-jaxb-annotations-2.16.1.jar:/home/runner/.m2/repository/javax/enterprise/cdi-api/2.0/cdi-api-2.0.jar:/home/runner/.m2/repository/javax/el/javax.el-api/3.0.0/javax.el-api-3.0.0.jar:/home/runner/.m2/repository/javax/interceptor/javax.interceptor-api/1.2/javax.interceptor-api-1.2.jar:/home/runner/.m2/repository/javax/inject/javax.inject/1/javax.inject-1.jar:/home/runner/.m2/repository/jakarta/xml/bind/jakarta.xml.bind-api/2.3.3/jakarta.xml.bind-api-2.3.3.jar:/home/runner/.m2/repository/org/glassfish/jaxb/jaxb-runtime/2.3.9/jaxb-runtime-2.3.9.jar:/home/runner/.m2/repository/org/glassfish/jaxb/txw2/2.3.9/txw2-2.3.9.jar:/home/runner/.m2/repository/com/sun/istack/istack-commons-runtime/3.0.12/istack-commons-runtime-3.0.12.jar:/home/runner/.m2/repository/com/sun/activation/jakarta.activation/1.2.2/jakarta.activation-1.2.2.jar:/home/runner/.m2/repository/jakarta/activation/jakarta.activation-api/1.2.2/jakarta.activation-api-1.2.2.jar:/home/runner/.m2/repository/io/grpc/grpc-protobuf/1.58.0/grpc-protobuf-1.58.0.jar:/home/runner/.m2/repository/com/google/api/grpc/proto-google-common-protos/2.22.0/proto-google-common-protos-2.22.0.jar:/home/runner/.m2/repository/io/grpc/grpc-protobuf-lite/1.58.0/grpc-protobuf-lite-1.58.0.jar:/home/runner/.m2/repository/io/grpc/grpc-stub/1.58.0/grpc-stub-1.58.0.jar:/home/runner/.m2/repository/io/netty/netty-transport/4.1.100.Final/netty-transport-4.1.100.Final.jar:/home/runner/.m2/repository/io/netty/netty-resolver/4.1.100.Final/netty-resolver-4.1.100.Final.jar:/home/runner/work/ozone/ozone/hadoop-ozone/csi/target/classes:/home/runner/.m2/repository/com/google/protobuf/protobuf-java-util/3.19.6/protobuf-java-util-3.19.6.jar:/home/runner/.m2/repository/com/google/code/gson/gson/2.10.1/gson-2.10.1.jar:/home/runner/work/ozone/ozone/hadoop-hdds/config/target/classes:/home/runner/.m2/repository/io/netty/netty-transport-native-epoll/4.1.100.Final/netty-transport-native-epoll-4.1.100.Final-linux-x86_64.jar:/home/runner/.m2/repository/io/netty/netty-transport-classes-epoll/4.1.100.Final/netty-transport-classes-epoll-4.1.100.Final.jar:/home/runner/.m2/repository/io/netty/netty-transport-native-unix-common/4.1.100.Final/netty-transport-native-unix-common-4.1.100.Final.jar:/home/runner/work/ozone/ozone/hadoop-ozone/recon/target/classes:/home/runner/work/ozone/ozone/hadoop-ozone/recon-codegen/target/classes:/home/runner/.m2/repository/com/google/inject/guice/6.0.0/guice-6.0.0.jar:/home/runner/.m2/repository/jakarta/inject/jakarta.inject-api/2.0.1/jakarta.inject-api-2.0.1.jar:/home/runner/.m2/repository/aopalliance/aopalliance/1.0/aopalliance-1.0.jar:/home/runner/.m2/repository/com/google/inject/extensions/guice-assistedinject/6.0.0/guice-assistedinject-6.0.0.jar:/home/runner/.m2/repository/com/google/inject/extensions/guice-servlet/6.0.0/guice-servlet-6.0.0.jar:/home/runner/.m2/repository/org/glassfish/jersey/containers/jersey-container-servlet/2.42/jersey-container-servlet-2.42.jar:/home/runner/.m2/repository/org/glassfish/hk2/guice-bridge/2.6.1/guice-bridge-2.6.1.jar:/home/runner/.m2/repository/org/glassfish/jersey/core/jersey-server/2.42/jersey-server-2.42.jar:/home/runner/.m2/repository/org/glassfish/jersey/core/jersey-client/2.42/jersey-client-2.42.jar:/home/runner/.m2/repository/jakarta/validation/jakarta.validation-api/2.0.2/jakarta.validation-api-2.0.2.jar:/home/runner/.m2/repository/org/glassfish/jersey/media/jersey-media-json-jackson/2.42/jersey-media-json-jackson-2.42.jar:/home/runner/.m2/repository/org/glassfish/jersey/ext/jersey-entity-filtering/2.42/jersey-entity-filtering-2.42.jar:/home/runner/.m2/repository/org/jooq/jooq/3.11.10/jooq-3.11.10.jar:/home/runner/.m2/repository/org/jooq/jooq-meta/3.11.10/jooq-meta-3.11.10.jar:/home/runner/.m2/repository/org/jooq/jooq-codegen/3.11.10/jooq-codegen-3.11.10.jar:/home/runner/.m2/repository/com/jolbox/bonecp/0.8.0.RELEASE/bonecp-0.8.0.RELEASE.jar:/home/runner/.m2/repository/org/apache/derby/derby/10.14.2.0/derby-10.14.2.0.jar:/home/runner/.m2/repository/org/xerial/sqlite-jdbc/3.44.1.0/sqlite-jdbc-3.44.1.0.jar:/home/runner/.m2/repository/org/springframework/spring-jdbc/5.3.27/spring-jdbc-5.3.27.jar:/home/runner/.m2/repository/org/springframework/spring-beans/5.3.27/spring-beans-5.3.27.jar:/home/runner/.m2/repository/org/springframework/spring-core/5.3.27/spring-core-5.3.27.jar:/home/runner/.m2/repository/org/springframework/spring-tx/5.3.27/spring-tx-5.3.27.jar:/home/runner/work/ozone/ozone/hadoop-ozone/client/target/classes:/home/runner/work/ozone/ozone/hadoop-hdds/erasurecode/target/classes:/home/runner/work/ozone/ozone/hadoop-ozone/ozonefs/target/classes:/home/runner/work/ozone/ozone/hadoop-ozone/ozonefs-common/target/classes:/home/runner/work/ozone/ozone/hadoop-ozone/tools/target/classes:/home/runner/.m2/repository/com/amazonaws/aws-java-sdk-core/1.12.661/aws-java-sdk-core-1.12.661.jar:/home/runner/.m2/repository/org/apache/httpcomponents/httpclient/4.5.14/httpclient-4.5.14.jar:/home/runner/.m2/repository/org/apache/httpcomponents/httpcore/4.4.16/httpcore-4.4.16.jar:/home/runner/.m2/repository/com/fasterxml/jackson/dataformat/jackson-dataformat-cbor/2.16.1/jackson-dataformat-cbor-2.16.1.jar:/home/runner/.m2/repository/joda-time/joda-time/2.12.7/joda-time-2.12.7.jar:/home/runner/.m2/repository/com/amazonaws/aws-java-sdk-s3/1.12.661/aws-java-sdk-s3-1.12.661.jar:/home/runner/.m2/repository/com/amazonaws/aws-java-sdk-kms/1.12.661/aws-java-sdk-kms-1.12.661.jar:/home/runner/.m2/repository/com/amazonaws/jmespath-java/1.12.661/jmespath-java-1.12.661.jar:/home/runner/.m2/repository/org/kohsuke/metainf-services/metainf-services/1.11/metainf-services-1.11.jar:/home/runner/work/ozone/ozone/hadoop-hdds/tools/target/classes:/home/runner/.m2/repository/org/apache/ratis/ratis-tools/3.0.1/ratis-tools-3.0.1.jar:/home/runner/.m2/repository/commons-cli/commons-cli/1.6.0/commons-cli-1.6.0.jar:/home/runner/.m2/repository/org/apache/commons/commons-lang3/3.14.0/commons-lang3-3.14.0.jar:/home/runner/work/ozone/ozone/hadoop-ozone/ozone-manager/target/test-classes:/home/runner/work/ozone/ozone/hadoop-hdds/common/target/test-classes:/home/runner/work/ozone/ozone/hadoop-hdds/hadoop-dependency-client/target/classes:/home/runner/.m2/repository/info/picocli/picocli/4.7.5/picocli-4.7.5.jar:/home/runner/.m2/repository/com/fasterxml/jackson/core/jackson-annotations/2.16.1/jackson-annotations-2.16.1.jar:/home/runner/work/ozone/ozone/hadoop-hdds/annotations/target/classes:/home/runner/.m2/repository/javax/annotation/javax.annotation-api/1.3.2/javax.annotation-api-1.3.2.jar:/home/runner/.m2/repository/org/apache/ratis/ratis-netty/3.0.1/ratis-netty-3.0.1.jar:/home/runner/.m2/repository/org/apache/ratis/ratis-grpc/3.0.1/ratis-grpc-3.0.1.jar:/home/runner/.m2/repository/org/bouncycastle/bcpkix-jdk18on/1.77/bcpkix-jdk18on-1.77.jar:/home/runner/.m2/repository/org/bouncycastle/bcutil-jdk18on/1.77/bcutil-jdk18on-1.77.jar:/home/runner/.m2/repository/commons-validator/commons-validator/1.6/commons-validator-1.6.jar:/home/runner/.m2/repository/commons-beanutils/commons-beanutils/1.9.4/commons-beanutils-1.9.4.jar:/home/runner/.m2/repository/commons-digester/commons-digester/1.8.1/commons-digester-1.8.1.jar:/home/runner/.m2/repository/commons-collections/commons-collections/3.2.2/commons-collections-3.2.2.jar:/home/runner/.m2/repository/io/jaegertracing/jaeger-client/1.8.1/jaeger-client-1.8.1.jar:/home/runner/.m2/repository/io/jaegertracing/jaeger-thrift/1.8.1/jaeger-thrift-1.8.1.jar:/home/runner/.m2/repository/org/apache/thrift/libthrift/0.15.0/libthrift-0.15.0.jar:/home/runner/.m2/repository/io/jaegertracing/jaeger-core/1.8.1/jaeger-core-1.8.1.jar:/home/runner/.m2/repository/io/jaegertracing/jaeger-tracerresolver/1.8.1/jaeger-tracerresolver-1.8.1.jar:/home/runner/.m2/repository/io/opentracing/contrib/opentracing-tracerresolver/0.1.8/opentracing-tracerresolver-0.1.8.jar:/home/runner/.m2/repository/org/jetbrains/kotlin/kotlin-stdlib/1.9.22/kotlin-stdlib-1.9.22.jar:/home/runner/.m2/repository/org/jetbrains/annotations/13.0/annotations-13.0.jar:/home/runner/.m2/repository/io/opentracing/opentracing-util/0.33.0/opentracing-util-0.33.0.jar:/home/runner/.m2/repository/io/opentracing/opentracing-api/0.33.0/opentracing-api-0.33.0.jar:/home/runner/.m2/repository/io/opentracing/opentracing-noop/0.33.0/opentracing-noop-0.33.0.jar:/home/runner/.m2/repository/org/yaml/snakeyaml/2.0/snakeyaml-2.0.jar:/home/runner/.m2/repository/io/grpc/grpc-api/1.58.0/grpc-api-1.58.0.jar:/home/runner/.m2/repository/org/junit/platform/junit-platform-launcher/1.10.2/junit-platform-launcher-1.10.2.jar:/home/runner/.m2/repository/org/junit/platform/junit-platform-engine/1.10.2/junit-platform-engine-1.10.2.jar:/home/runner/.m2/repository/org/apiguardian/apiguardian-api/1.1.2/apiguardian-api-1.1.2.jar:/home/runner/.m2/repository/org/apache/hadoop/hadoop-kms/3.3.6/hadoop-kms-3.3.6.jar:/home/runner/.m2/repository/org/apache/hadoop/hadoop-auth/3.3.6/hadoop-auth-3.3.6.jar:/home/runner/.m2/repository/org/apache/zookeeper/zookeeper/3.8.4/zookeeper-3.8.4.jar:/home/runner/.m2/repository/org/apache/zookeeper/zookeeper-jute/3.8.4/zookeeper-jute-3.8.4.jar:/home/runner/.m2/repository/org/apache/yetus/audience-annotations/0.12.0/audience-annotations-0.12.0.jar:/home/runner/.m2/repository/org/apache/curator/curator-framework/4.2.0/curator-framework-4.2.0.jar:/home/runner/.m2/repository/org/apache/hadoop/thirdparty/hadoop-shaded-guava/1.2.0/hadoop-shaded-guava-1.2.0.jar:/home/runner/.m2/repository/com/sun/jersey/jersey-core/1.19.4/jersey-core-1.19.4.jar:/home/runner/.m2/repository/javax/ws/rs/jsr311-api/1.1.1/jsr311-api-1.1.1.jar:/home/runner/.m2/repository/com/sun/jersey/jersey-server/1.19.4/jersey-server-1.19.4.jar:/home/runner/.m2/repository/javax/servlet/javax.servlet-api/3.1.0/javax.servlet-api-3.1.0.jar:/home/runner/.m2/repository/org/apache/hadoop/hadoop-common/3.3.6/hadoop-common-3.3.6.jar:/home/runner/.m2/repository/org/apache/commons/commons-math3/3.6.1/commons-math3-3.6.1.jar:/home/runner/.m2/repository/commons-net/commons-net/3.10.0/commons-net-3.10.0.jar:/home/runner/.m2/repository/com/sun/jersey/jersey-servlet/1.19.4/jersey-servlet-1.19.4.jar:/home/runner/.m2/repository/com/github/pjfanning/jersey-json/1.20/jersey-json-1.20.jar:/home/runner/.m2/repository/org/codehaus/jettison/jettison/1.1/jettison-1.1.jar:/home/runner/.m2/repository/com/sun/xml/bind/jaxb-impl/2.2.3-1/jaxb-impl-2.2.3-1.jar:/home/runner/.m2/repository/com/google/re2j/re2j/1.7/re2j-1.7.jar:/home/runner/.m2/repository/com/jcraft/jsch/0.1.55/jsch-0.1.55.jar:/home/runner/.m2/repository/org/apache/curator/curator-client/4.2.0/curator-client-4.2.0.jar:/home/runner/.m2/repository/org/apache/curator/curator-recipes/5.2.0/curator-recipes-5.2.0.jar:/home/runner/.m2/repository/com/google/code/findbugs/jsr305/3.0.2/jsr305-3.0.2.jar:/home/runner/.m2/repository/org/apache/kerby/kerb-core/1.0.1/kerb-core-1.0.1.jar:/home/runner/.m2/repository/org/apache/kerby/kerby-pkix/1.0.1/kerby-pkix-1.0.1.jar:/home/runner/.m2/repository/org/apache/kerby/kerby-asn1/1.0.1/kerby-asn1-1.0.1.jar:/home/runner/.m2/repository/org/apache/kerby/kerby-util/1.0.1/kerby-util-1.0.1.jar:/home/runner/.m2/repository/dnsjava/dnsjava/2.1.7/dnsjava-2.1.7.jar:/home/runner/.m2/repository/com/fasterxml/jackson/core/jackson-databind/2.16.1/jackson-databind-2.16.1.jar:/home/runner/.m2/repository/org/apache/hadoop/hadoop-kms/3.3.6/hadoop-kms-3.3.6-tests.jar:/home/runner/work/ozone/ozone/hadoop-hdds/server-scm/target/test-classes:/home/runner/work/ozone/ozone/hadoop-hdds/container-service/target/test-classes:/home/runner/.m2/repository/com/github/luben/zstd-jni/1.5.6-2/zstd-jni-1.5.6-2.jar:/home/runner/.m2/repository/commons-codec/commons-codec/1.15/commons-codec-1.15.jar:/home/runner/.m2/repository/io/netty/netty-codec/4.1.100.Final/netty-codec-4.1.100.Final.jar:/home/runner/.m2/repository/io/netty/netty-handler/4.1.100.Final/netty-handler-4.1.100.Final.jar:/home/runner/work/ozone/ozone/hadoop-hdds/hadoop-dependency-test/target/classes:/home/runner/.m2/repository/org/apache/hadoop/hadoop-common/3.3.6/hadoop-common-3.3.6-tests.jar:/home/runner/.m2/repository/org/apache/hadoop/hadoop-hdfs/3.3.6/hadoop-hdfs-3.3.6-tests.jar:/home/runner/.m2/repository/org/junit/jupiter/junit-jupiter-engine/5.10.2/junit-jupiter-engine-5.10.2.jar:/home/runner/.m2/repository/org/junit/jupiter/junit-jupiter-params/5.10.2/junit-jupiter-params-5.10.2.jar:/home/runner/.m2/repository/org/mockito/mockito-core/4.11.0/mockito-core-4.11.0.jar:/home/runner/.m2/repository/net/bytebuddy/byte-buddy/1.12.19/byte-buddy-1.12.19.jar:/home/runner/.m2/repository/net/bytebuddy/byte-buddy-agent/1.12.19/byte-buddy-agent-1.12.19.jar:/home/runner/.m2/repository/org/objenesis/objenesis/3.3/objenesis-3.3.jar:/home/runner/.m2/repository/org/mockito/mockito-inline/4.11.0/mockito-inline-4.11.0.jar:/home/runner/.m2/repository/org/mockito/mockito-junit-jupiter/4.11.0/mockito-junit-jupiter-4.11.0.jar:/home/runner/.m2/repository/org/apache/hadoop/hadoop-distcp/3.3.6/hadoop-distcp-3.3.6.jar:/home/runner/.m2/repository/org/apache/hadoop/hadoop-mapreduce-client-jobclient/3.3.6/hadoop-mapreduce-client-jobclient-3.3.6.jar:/home/runner/.m2/repository/org/apache/hadoop/hadoop-mapreduce-client-common/3.3.6/hadoop-mapreduce-client-common-3.3.6.jar:/home/runner/.m2/repository/org/apache/hadoop/hadoop-yarn-common/3.3.6/hadoop-yarn-common-3.3.6.jar:/home/runner/.m2/repository/org/apache/hadoop/hadoop-yarn-api/3.3.6/hadoop-yarn-api-3.3.6.jar:/home/runner/.m2/repository/javax/xml/bind/jaxb-api/2.2.11/jaxb-api-2.2.11.jar:/home/runner/.m2/repository/com/sun/jersey/contribs/jersey-guice/1.19.4/jersey-guice-1.19.4.jar:/home/runner/.m2/repository/com/fasterxml/jackson/jaxrs/jackson-jaxrs-json-provider/2.16.1/jackson-jaxrs-json-provider-2.16.1.jar:/home/runner/.m2/repository/com/fasterxml/jackson/jaxrs/jackson-jaxrs-base/2.16.1/jackson-jaxrs-base-2.16.1.jar:/home/runner/.m2/repository/org/apache/hadoop/hadoop-yarn-client/3.3.6/hadoop-yarn-client-3.3.6.jar:/home/runner/.m2/repository/org/eclipse/jetty/websocket/websocket-client/9.4.51.v20230217/websocket-client-9.4.51.v20230217.jar:/home/runner/.m2/repository/org/eclipse/jetty/websocket/websocket-common/9.4.51.v20230217/websocket-common-9.4.51.v20230217.jar:/home/runner/.m2/repository/org/eclipse/jetty/websocket/websocket-api/9.4.51.v20230217/websocket-api-9.4.51.v20230217.jar:/home/runner/.m2/repository/org/jline/jline/3.9.0/jline-3.9.0.jar:/home/runner/.m2/repository/org/apache/hadoop/hadoop-mapreduce-client-core/3.3.6/hadoop-mapreduce-client-core-3.3.6.jar:/home/runner/.m2/repository/org/apache/avro/avro/1.7.7/avro-1.7.7.jar:/home/runner/.m2/repository/com/thoughtworks/paranamer/paranamer/2.3/paranamer-2.3.jar:/home/runner/.m2/repository/org/apache/hadoop/hadoop-annotations/3.3.6/hadoop-annotations-3.3.6.jar:/home/runner/.m2/repository/io/netty/netty/3.10.6.Final/netty-3.10.6.Final.jar:/home/runner/.m2/repository/org/apache/hadoop/hadoop-distcp/3.3.6/hadoop-distcp-3.3.6-tests.jar:/home/runner/.m2/repository/org/hamcrest/hamcrest/2.2/hamcrest-2.2.jar:/home/runner/.m2/repository/org/slf4j/jul-to-slf4j/2.0.12/jul-to-slf4j-2.0.12.jar:/home/runner/work/ozone/ozone/hadoop-ozone/integration-test/target/gradle-enterprise/test-listeners.jar:"/>
    <property name="sun.cpu.endian" value="little"/>
    <property name="user.home" value="/home/runner"/>
    <property name="user.language" value="en"/>
    <property name="java.specification.vendor" value="Oracle Corporation"/>
    <property name="java.version.date" value="2024-01-16"/>
    <property name="java.home" value="/usr/lib/jvm/temurin-17-jdk-amd64"/>
    <property name="java.security.krb5.conf" value="/home/runner/work/ozone/ozone/hadoop-ozone/integration-test/target/test-classes/krb5.conf"/>
    <property name="file.separator" value="/"/>
    <property name="basedir" value="/home/runner/work/ozone/ozone/hadoop-ozone/integration-test"/>
    <property name="java.vm.compressedOopsMode" value="Zero based"/>
    <property name="line.separator" value="&#10;"/>
    <property name="java.vm.specification.vendor" value="Oracle Corporation"/>
    <property name="java.specification.name" value="Java Platform API Specification"/>
    <property name="skip.installnpx" value="true"/>
    <property name="surefire.real.class.path" value="/home/runner/work/ozone/ozone/hadoop-ozone/integration-test/target/surefire/surefirebooter13311235528944482913.jar"/>
    <property name="hadoop.log.dir" value="/home/runner/work/ozone/ozone/hadoop-ozone/integration-test/target/log"/>
    <property name="sun.management.compiler" value="HotSpot 64-Bit Tiered Compilers"/>
    <property name="java.runtime.version" value="17.0.10+7"/>
    <property name="skip.npx" value="true"/>
    <property name="user.name" value="runner"/>
    <property name="java.net.preferIPv4Stack" value="true"/>
    <property name="path.separator" value=":"/>
    <property name="java.security.egd" value="file:///dev/urandom"/>
    <property name="os.version" value="5.15.0-1060-azure"/>
    <property name="java.runtime.name" value="OpenJDK Runtime Environment"/>
    <property name="com.gradle.maven.scan.extension.test.listener.junitplatform.NestedExecutionSafeDelegatingTestExecutionListener" value="2fd1433e"/>
    <property name="file.encoding" value="UTF-8"/>
    <property name="java.vm.name" value="OpenJDK 64-Bit Server VM"/>
    <property name="java.vendor.version" value="Temurin-17.0.10+7"/>
    <property name="test.build.webapps" value=""/>
    <property name="gradle.enterprise.listener.port" value="42051"/>
    <property name="localRepository" value="/home/runner/.m2/repository"/>
    <property name="java.vendor.url.bug" value="https://github.com/adoptium/adoptium-support/issues"/>
    <property name="jetty.git.hash" value="27bde00a0b95a1d5bbee0eae7984f891d2d0f8c9"/>
    <property name="java.io.tmpdir" value="/tmp"/>
    <property name="require.test.libhadoop" value=""/>
    <property name="java.version" value="17.0.10"/>
    <property name="user.dir" value="/home/runner/work/ozone/ozone/hadoop-ozone/integration-test"/>
    <property name="os.arch" value="amd64"/>
    <property name="java.vm.specification.name" value="Java Virtual Machine Specification"/>
    <property name="test.build.classes" value="/home/runner/work/ozone/ozone/hadoop-ozone/integration-test/target/test-classes"/>
    <property name="org.apache.ratis.thirdparty.io.netty.allocator.useCacheForAllThreads" value="false"/>
    <property name="native.encoding" value="UTF-8"/>
    <property name="hadoop.tmp.dir" value="/home/runner/work/ozone/ozone/hadoop-ozone/integration-test/target/tmp"/>
    <property name="java.library.path" value="/usr/java/packages/lib:/usr/lib64:/lib64:/lib:/usr/lib"/>
    <property name="java.vm.info" value="mixed mode, sharing"/>
    <property name="java.vendor" value="Eclipse Adoptium"/>
    <property name="java.vm.version" value="17.0.10+7"/>
    <property name="sun.io.unicode.encoding" value="UnicodeLittle"/>
    <property name="java.class.version" value="61.0"/>
  </properties>
  <testcase name="testExclusiveSizeWithDirectoryDeepClean" classname="org.apache.hadoop.ozone.om.snapshot.TestSnapshotDirectoryCleaningService" time="10.613">
    <failure type="org.opentest4j.AssertionFailedError"><![CDATA[org.opentest4j.AssertionFailedError: expected: <3> but was: <0>
	at org.junit.jupiter.api.AssertionFailureBuilder.build(AssertionFailureBuilder.java:151)
	at org.junit.jupiter.api.AssertionFailureBuilder.buildAndThrow(AssertionFailureBuilder.java:132)
	at org.junit.jupiter.api.AssertEquals.failNotEqual(AssertEquals.java:197)
	at org.junit.jupiter.api.AssertEquals.assertEquals(AssertEquals.java:182)
	at org.junit.jupiter.api.AssertEquals.assertEquals(AssertEquals.java:177)
	at org.junit.jupiter.api.Assertions.assertEquals(Assertions.java:646)
	at org.apache.hadoop.ozone.om.snapshot.TestSnapshotDirectoryCleaningService.testExclusiveSizeWithDirectoryDeepClean(TestSnapshotDirectoryCleaningService.java:242)
	at java.base/java.lang.reflect.Method.invoke(Method.java:568)
	at java.base/java.util.ArrayList.forEach(ArrayList.java:1511)
	at java.base/java.util.ArrayList.forEach(ArrayList.java:1511)
]]></failure>
    <system-out><![CDATA[2024-04-24 06:58:40,126 [main] WARN  server.ServerUtils (ServerUtils.java:getScmDbDir(143)) - ozone.scm.db.dirs is not configured. We recommend adding this setting. Falling back to ozone.metadata.dirs instead.
2024-04-24 06:58:40,321 [main] INFO  reflections.Reflections (Reflections.java:scan(219)) - Reflections took 156 ms to scan 7 urls, producing 158 keys and 372 values
2024-04-24 06:58:40,487 [main] WARN  server.ServerUtils (ServerUtils.java:getScmDbDir(143)) - ozone.scm.db.dirs is not configured. We recommend adding this setting. Falling back to ozone.metadata.dirs instead.
2024-04-24 06:58:40,492 [main] INFO  ha.SCMHANodeDetails (SCMHANodeDetails.java:loadSCMHAConfig(207)) - ServiceID for StorageContainerManager is null
2024-04-24 06:58:40,500 [main] WARN  ha.SCMHANodeDetails (SCMHANodeDetails.java:validateSCMHAConfig(180)) - Default/Configured value of config ozone.scm.ratis.enable conflicts with the expected value. Default/Configured: true. Expected: false. Falling back to the expected value. Current State of SCM: SCM is running without Ratis. Ratis SCM -> Non Ratis SCM is not supported.
2024-04-24 06:58:40,500 [main] INFO  ha.SCMHANodeDetails (SCMHANodeDetails.java:loadSCMHAConfig(212)) - ozone.scm.default.service.id is not defined, falling back to ozone.scm.service.ids to find serviceID for StorageContainerManager if it is HA enabled cluster
2024-04-24 06:58:41,010 [main] WARN  utils.HAUtils (HAUtils.java:getMetaDir(339)) - ozone.scm.db.dirs is not configured. We recommend adding this setting. Falling back to ozone.metadata.dirs instead.
2024-04-24 06:58:41,117 [main] WARN  db.DBStoreBuilder (DBStoreBuilder.java:applyDBDefinition(171)) - ozone.scm.db.dirs is not configured. We recommend adding this setting. Falling back to ozone.metadata.dirs instead.
2024-04-24 06:58:41,126 [main] INFO  utils.LeakDetector (LeakDetector.java:start(73)) - Starting leak detector thread ManagedRocksObject0.
2024-04-24 06:58:41,333 [main] INFO  net.NodeSchemaLoader (NodeSchemaLoader.java:loadSchemaFromFile(129)) - Loading schema from [file:/home/runner/work/ozone/ozone/hadoop-hdds/common/target/classes/network-topology-default.xml]
2024-04-24 06:58:41,336 [main] INFO  net.NodeSchemaLoader (NodeSchemaLoader.java:loadSchema(176)) - Loading network topology layer schema file
2024-04-24 06:58:41,378 [main] INFO  metrics.MetricRegistries (MetricRegistriesLoader.java:load(64)) - Loaded MetricRegistries class org.apache.ratis.metrics.dropwizard3.Dm3MetricRegistriesImpl
2024-04-24 06:58:41,391 [main] INFO  upgrade.AbstractLayoutVersionManager (AbstractLayoutVersionManager.java:init(83)) - Initializing Layout version manager with metadata layout = HADOOP_PRC_PORTS_IN_DATANODEDETAILS (version = 7), software layout = HADOOP_PRC_PORTS_IN_DATANODEDETAILS (version = 7)
2024-04-24 06:58:41,547 [main] INFO  ha.SequenceIdGenerator (SequenceIdGenerator.java:upgradeToSequenceId(370)) - upgrade localId to 113750153625600000
2024-04-24 06:58:41,549 [main] INFO  ha.SequenceIdGenerator (SequenceIdGenerator.java:upgradeToSequenceId(380)) - upgrade delTxnId to 0
2024-04-24 06:58:41,558 [main] INFO  ha.SequenceIdGenerator (SequenceIdGenerator.java:upgradeToSequenceId(397)) - upgrade containerId to 0
2024-04-24 06:58:41,562 [main] INFO  ha.SequenceIdGenerator (SequenceIdGenerator.java:upgradeToCertificateSequenceId(444)) - upgrade CertificateId to 2
2024-04-24 06:58:41,565 [main] INFO  ha.SequenceIdGenerator (SequenceIdGenerator.java:<init>(241)) - Init the HA SequenceIdGenerator.
2024-04-24 06:58:41,610 [main] WARN  server.ServerUtils (ServerUtils.java:sanitizeUserArgs(79)) - ozone.scm.stale.node.interval value = 300000 is larger than max = 100000 based on the key value of ozone.scm.heartbeat.thread.interval, reset to the max value 100000.
2024-04-24 06:58:41,611 [main] WARN  server.ServerUtils (ServerUtils.java:sanitizeUserArgs(79)) - ozone.scm.stale.node.interval value = 300000 is larger than max = 100000 based on the key value of ozone.scm.heartbeat.thread.interval, reset to the max value 100000.
2024-04-24 06:58:41,631 [main] INFO  node.SCMNodeManager (SCMNodeManager.java:<init>(177)) - Entering startup safe mode.
2024-04-24 06:58:41,646 [main] INFO  algorithms.ContainerPlacementPolicyFactory (ContainerPlacementPolicyFactory.java:getPolicyInternal(86)) - Create container placement policy of type org.apache.hadoop.hdds.scm.container.placement.algorithms.SCMContainerPlacementRackAware
2024-04-24 06:58:41,649 [main] INFO  algorithms.ContainerPlacementPolicyFactory (ContainerPlacementPolicyFactory.java:getPolicyInternal(86)) - Create container placement policy of type org.apache.hadoop.hdds.scm.container.placement.algorithms.SCMContainerPlacementRackScatter
2024-04-24 06:58:41,659 [main] INFO  pipeline.PipelineStateManagerImpl (PipelineStateManagerImpl.java:initialize(78)) - No pipeline exists in current db
2024-04-24 06:58:41,672 [main] INFO  algorithms.LeaderChoosePolicyFactory (LeaderChoosePolicyFactory.java:getPolicy(57)) - Create leader choose policy of type org.apache.hadoop.hdds.scm.pipeline.leader.choose.algorithms.MinLeaderCountChoosePolicy
2024-04-24 06:58:41,673 [main] INFO  algorithms.ContainerPlacementPolicyFactory (ContainerPlacementPolicyFactory.java:getPolicyInternal(86)) - Create container placement policy of type org.apache.hadoop.hdds.scm.container.placement.algorithms.SCMContainerPlacementRackScatter
2024-04-24 06:58:41,680 [main] INFO  ha.SCMServiceManager (SCMServiceManager.java:register(42)) - Registering service BackgroundPipelineCreator.
2024-04-24 06:58:41,681 [main] INFO  pipeline.BackgroundPipelineCreator (BackgroundPipelineCreator.java:start(127)) - Starting RatisPipelineUtilsThread.
2024-04-24 06:58:41,684 [main] INFO  BackgroundPipelineScrubber (BackgroundSCMService.java:start(65)) - Starting BackgroundPipelineScrubber Service.
2024-04-24 06:58:41,685 [main] INFO  ha.SCMServiceManager (SCMServiceManager.java:register(42)) - Registering service BackgroundPipelineScrubber.
2024-04-24 06:58:41,692 [main] INFO  ExpiredContainerReplicaOpScrubber (BackgroundSCMService.java:start(65)) - Starting ExpiredContainerReplicaOpScrubber Service.
2024-04-24 06:58:41,692 [main] INFO  ha.SCMServiceManager (SCMServiceManager.java:register(42)) - Registering service ExpiredContainerReplicaOpScrubber.
2024-04-24 06:58:41,713 [main] INFO  algorithms.PipelineChoosePolicyFactory (PipelineChoosePolicyFactory.java:createPipelineChoosePolicyFromClass(80)) - Create pipeline choose policy of type org.apache.hadoop.hdds.scm.pipeline.choose.algorithms.RandomPipelineChoosePolicy
2024-04-24 06:58:41,714 [main] INFO  algorithms.PipelineChoosePolicyFactory (PipelineChoosePolicyFactory.java:createPipelineChoosePolicyFromClass(80)) - Create pipeline choose policy of type org.apache.hadoop.hdds.scm.pipeline.choose.algorithms.RandomPipelineChoosePolicy
2024-04-24 06:58:41,746 [main] INFO  ha.SCMServiceManager (SCMServiceManager.java:register(42)) - Registering service SCMBlockDeletingService.
2024-04-24 06:58:41,821 [main] INFO  replication.ReplicationManager (ReplicationManager.java:start(295)) - Starting Replication Monitor Thread.
2024-04-24 06:58:41,822 [ReplicationMonitor] INFO  replication.ReplicationManager (ReplicationManager.java:processAll(371)) - Replication Manager is not ready to run until 3000ms after safemode exit
2024-04-24 06:58:41,822 [main] INFO  ha.SCMServiceManager (SCMServiceManager.java:register(42)) - Registering service ReplicationManager.
2024-04-24 06:58:41,837 [main] INFO  safemode.ContainerSafeModeRule (ContainerSafeModeRule.java:<init>(91)) - containers with one replica threshold count 0
2024-04-24 06:58:41,843 [main] INFO  safemode.HealthyPipelineSafeModeRule (HealthyPipelineSafeModeRule.java:initializeRule(176)) - Total pipeline count is 0, healthy pipeline threshold count is 1
2024-04-24 06:58:41,847 [main] INFO  safemode.OneReplicaPipelineSafeModeRule (OneReplicaPipelineSafeModeRule.java:initializeRule(193)) - Total pipeline count is 0, pipeline's with at least one datanode reported threshold count is 0
2024-04-24 06:58:41,922 [main] INFO  server.StorageContainerManager (StorageContainerManager.java:<init>(440)) - SCM start with adminUsers: [runner]
2024-04-24 06:58:42,169 [main] INFO  audit.AuditLogger (AuditLogger.java:refreshDebugCmdSet(135)) - Refresh DebugCmdSet for SCMAudit to [].
2024-04-24 06:58:42,203 [main] INFO  ipc.CallQueueManager (CallQueueManager.java:<init>(90)) - Using callQueue: class java.util.concurrent.LinkedBlockingQueue, queueCapacity: 10000, scheduler: class org.apache.hadoop.ipc.DefaultRpcScheduler, ipcBackoff: false.
2024-04-24 06:58:42,236 [main] INFO  ipc.Server (Server.java:<init>(1287)) - Listener at 0.0.0.0:15002
2024-04-24 06:58:42,239 [Socket Reader #1 for port 15002] INFO  ipc.Server (Server.java:run(1323)) - Starting Socket Reader #1 for port 15002
2024-04-24 06:58:42,294 [main] INFO  audit.AuditLogger (AuditLogger.java:refreshDebugCmdSet(135)) - Refresh DebugCmdSet for SCMAudit to [].
2024-04-24 06:58:42,300 [main] INFO  ipc.CallQueueManager (CallQueueManager.java:<init>(90)) - Using callQueue: class java.util.concurrent.LinkedBlockingQueue, queueCapacity: 10000, scheduler: class org.apache.hadoop.ipc.DefaultRpcScheduler, ipcBackoff: false.
2024-04-24 06:58:42,301 [main] INFO  ipc.Server (Server.java:<init>(1287)) - Listener at 0.0.0.0:15001
2024-04-24 06:58:42,303 [Socket Reader #1 for port 15001] INFO  ipc.Server (Server.java:run(1323)) - Starting Socket Reader #1 for port 15001
2024-04-24 06:58:42,339 [main] INFO  audit.AuditLogger (AuditLogger.java:refreshDebugCmdSet(135)) - Refresh DebugCmdSet for SCMAudit to [].
2024-04-24 06:58:42,350 [main] INFO  ipc.CallQueueManager (CallQueueManager.java:<init>(90)) - Using callQueue: class java.util.concurrent.LinkedBlockingQueue, queueCapacity: 10000, scheduler: class org.apache.hadoop.ipc.DefaultRpcScheduler, ipcBackoff: false.
2024-04-24 06:58:42,351 [main] INFO  ipc.Server (Server.java:<init>(1287)) - Listener at 0.0.0.0:15000
2024-04-24 06:58:42,352 [Socket Reader #1 for port 15000] INFO  ipc.Server (Server.java:run(1323)) - Starting Socket Reader #1 for port 15000
2024-04-24 06:58:42,405 [main] INFO  ha.SCMServiceManager (SCMServiceManager.java:register(42)) - Registering service ContainerBalancer.
2024-04-24 06:58:42,406 [main] INFO  ha.SCMContext (SCMContext.java:updateSafeModeStatus(225)) - Update SafeModeStatus from SafeModeStatus{safeModeStatus=true, preCheckPassed=false} to SafeModeStatus{safeModeStatus=true, preCheckPassed=false}.
2024-04-24 06:58:42,410 [main] INFO  server.StorageContainerManager (StorageContainerManager.java:start(1545)) - StorageContainerLocationProtocol RPC server is listening at /0.0.0.0:15000
2024-04-24 06:58:42,503 [main] WARN  impl.MetricsConfig (MetricsConfig.java:loadFirst(136)) - Cannot locate configuration: tried hadoop-metrics2-storagecontainermanager.properties,hadoop-metrics2.properties
2024-04-24 06:58:42,514 [main] INFO  impl.MetricsSystemImpl (MetricsSystemImpl.java:startTimer(378)) - Scheduled Metric snapshot period at 10 second(s).
2024-04-24 06:58:42,514 [main] INFO  impl.MetricsSystemImpl (MetricsSystemImpl.java:start(191)) - StorageContainerManager metrics system started
2024-04-24 06:58:42,720 [main] INFO  server.SCMClientProtocolServer (SCMClientProtocolServer.java:start(204)) - RPC server for Client  is listening at /0.0.0.0:15000
2024-04-24 06:58:42,721 [IPC Server Responder] INFO  ipc.Server (Server.java:run(1562)) - IPC Server Responder: starting
2024-04-24 06:58:42,722 [IPC Server listener on 15000] INFO  ipc.Server (Server.java:run(1402)) - IPC Server listener on 15000: starting
2024-04-24 06:58:42,763 [main] INFO  server.StorageContainerManager (StorageContainerManager.java:start(1558)) - ScmBlockLocationProtocol RPC server is listening at /0.0.0.0:15001
2024-04-24 06:58:42,764 [main] INFO  server.SCMBlockProtocolServer (SCMBlockProtocolServer.java:start(162)) - RPC server for Block Protocol is listening at /0.0.0.0:15001
2024-04-24 06:58:42,765 [IPC Server Responder] INFO  ipc.Server (Server.java:run(1562)) - IPC Server Responder: starting
2024-04-24 06:58:42,765 [IPC Server listener on 15001] INFO  ipc.Server (Server.java:run(1402)) - IPC Server listener on 15001: starting
2024-04-24 06:58:42,812 [main] INFO  server.SCMDatanodeProtocolServer (SCMDatanodeProtocolServer.java:start(194)) - ScmDatanodeProtocol RPC server for DataNodes is listening at /0.0.0.0:15002
2024-04-24 06:58:42,820 [IPC Server Responder] INFO  ipc.Server (Server.java:run(1562)) - IPC Server Responder: starting
2024-04-24 06:58:42,820 [IPC Server listener on 15002] INFO  ipc.Server (Server.java:run(1402)) - IPC Server listener on 15002: starting
2024-04-24 06:58:42,848 [JvmPauseMonitor0] INFO  util.JvmPauseMonitor (JvmPauseMonitor.java:run(146)) - JvmPauseMonitor-6f4659a6-29df-40e1-ab9a-bd2e7e347012: Started
2024-04-24 06:58:42,861 [main] INFO  http.BaseHttpServer (BaseHttpServer.java:newHttpServer2BuilderForOzone(223)) - Starting Web-server for scm at: http://0.0.0.0:15003
2024-04-24 06:58:42,861 [main] INFO  http.BaseHttpServer (BaseHttpServer.java:<init>(110)) - Hadoop Security Enabled: false Ozone Security Enabled: false Ozone HTTP Security Enabled: false 
2024-04-24 06:58:42,884 [main] INFO  util.log (Log.java:initialized(170)) - Logging initialized @4105ms to org.eclipse.jetty.util.log.Slf4jLog
2024-04-24 06:58:42,959 [main] WARN  server.AuthenticationFilter (AuthenticationFilter.java:constructSecretProvider(240)) - Unable to initialize FileSignerSecretProvider, falling back to use random secrets. Reason: Could not read signature secret file: /home/runner/hadoop-http-auth-signature-secret
2024-04-24 06:58:42,964 [main] INFO  http.HttpRequestLog (HttpRequestLog.java:getRequestLog(86)) - Http request log for http.requests.scm is not defined
2024-04-24 06:58:42,969 [main] INFO  http.HttpServer2 (HttpServer2.java:addGlobalFilter(1036)) - Added global filter 'safety' (class=org.apache.hadoop.hdds.server.http.HttpServer2$QuotingInputFilter)
2024-04-24 06:58:42,972 [main] INFO  http.HttpServer2 (HttpServer2.java:addFilter(1012)) - Added filter static_user_filter (class=org.apache.hadoop.http.lib.StaticUserWebFilter$StaticUserFilter) to context scm
2024-04-24 06:58:42,972 [main] INFO  http.HttpServer2 (HttpServer2.java:addFilter(1020)) - Added filter static_user_filter (class=org.apache.hadoop.http.lib.StaticUserWebFilter$StaticUserFilter) to context logs
2024-04-24 06:58:42,972 [main] INFO  http.HttpServer2 (HttpServer2.java:addFilter(1020)) - Added filter static_user_filter (class=org.apache.hadoop.http.lib.StaticUserWebFilter$StaticUserFilter) to context static
2024-04-24 06:58:43,000 [main] INFO  http.BaseHttpServer (BaseHttpServer.java:<init>(189)) - HTTP server of scm uses base directory /home/runner/work/ozone/ozone/hadoop-ozone/integration-test/target/test-dir/MiniOzoneClusterImpl-402bd57a-b865-4622-973c-767f06725353/ozone-meta/webserver
2024-04-24 06:58:43,001 [main] INFO  http.HttpServer2 (HttpServer2.java:bindListener(1236)) - Jetty bound to port 15003
2024-04-24 06:58:43,002 [main] INFO  server.Server (Server.java:doStart(375)) - jetty-9.4.53.v20231009; built: 2023-10-09T12:29:09.265Z; git: 27bde00a0b95a1d5bbee0eae7984f891d2d0f8c9; jvm 17.0.10+7
2024-04-24 06:58:43,033 [main] INFO  server.session (DefaultSessionIdManager.java:doStart(334)) - DefaultSessionIdManager workerName=node0
2024-04-24 06:58:43,033 [main] INFO  server.session (DefaultSessionIdManager.java:doStart(339)) - No SessionScavenger set, using defaults
2024-04-24 06:58:43,035 [main] INFO  server.session (HouseKeeper.java:startScavenging(132)) - node0 Scavenging every 660000ms
2024-04-24 06:58:43,044 [main] INFO  handler.ContextHandler (ContextHandler.java:doStart(921)) - Started o.e.j.s.ServletContextHandler@43fbc2bf{logs,/logs,file:///home/runner/work/ozone/ozone/hadoop-ozone/integration-test/target/log,AVAILABLE}
2024-04-24 06:58:43,045 [main] INFO  handler.ContextHandler (ContextHandler.java:doStart(921)) - Started o.e.j.s.ServletContextHandler@440461ef{static,/static,file:///home/runner/work/ozone/ozone/hadoop-ozone/integration-test/target/test-classes/webapps/static,AVAILABLE}
2024-04-24 06:58:43,084 [main] INFO  handler.ContextHandler (ContextHandler.java:doStart(921)) - Started o.e.j.w.WebAppContext@7591cbd1{scm,/,file:///home/runner/work/ozone/ozone/hadoop-ozone/integration-test/target/test-classes/webapps/scm/,AVAILABLE}{file:/home/runner/work/ozone/ozone/hadoop-ozone/integration-test/target/test-classes/webapps/scm}
2024-04-24 06:58:43,095 [main] INFO  server.AbstractConnector (AbstractConnector.java:doStart(333)) - Started ServerConnector@1abf951a{HTTP/1.1, (http/1.1)}{0.0.0.0:15003}
2024-04-24 06:58:43,096 [main] INFO  server.Server (Server.java:doStart(415)) - Started @4317ms
2024-04-24 06:58:43,099 [main] INFO  impl.MetricsSinkAdapter (MetricsSinkAdapter.java:start(204)) - Sink prometheus started
2024-04-24 06:58:43,100 [main] INFO  impl.MetricsSystemImpl (MetricsSystemImpl.java:registerSink(305)) - Registered sink prometheus
2024-04-24 06:58:43,102 [main] INFO  http.BaseHttpServer (BaseHttpServer.java:updateConnectorAddress(354)) - HTTP server of scm listening at http://0.0.0.0:15003
2024-04-24 06:58:43,106 [main] WARN  server.ServerUtils (ServerUtils.java:getDBPath(299)) - ozone.om.db.dirs is not configured. We recommend adding this setting. Falling back to ozone.metadata.dirs instead.
2024-04-24 06:58:43,171 [main] INFO  audit.AuditLogger (AuditLogger.java:refreshDebugCmdSet(135)) - Refresh DebugCmdSet for OMAudit to [].
2024-04-24 06:58:43,243 [main] INFO  ha.OMHANodeDetails (OMHANodeDetails.java:loadOMHAConfig(115)) - ozone.om.internal.service.id is not defined, falling back to ozone.om.service.ids to find serviceID for OzoneManager if it is HA enabled cluster
2024-04-24 06:58:43,247 [main] INFO  ha.OMHANodeDetails (OMHANodeDetails.java:loadOMHAConfig(226)) - Configuration does not have ozone.om.address set. Falling back to the default OM address /127.0.0.1:15004
2024-04-24 06:58:43,248 [main] INFO  ha.OMHANodeDetails (OMHANodeDetails.java:getOMNodeDetailsForNonHA(254)) - OM Service ID is not set. Setting it to the default ID: omServiceIdDefault
2024-04-24 06:58:43,249 [main] INFO  ha.OMHANodeDetails (OMHANodeDetails.java:getOMNodeDetailsForNonHA(261)) - OM Node ID is not set. Setting it to the default ID: om1
2024-04-24 06:58:43,253 [main] WARN  server.ServerUtils (ServerUtils.java:getDBPath(299)) - ozone.om.db.dirs is not configured. We recommend adding this setting. Falling back to ozone.metadata.dirs instead.
2024-04-24 06:58:43,258 [main] INFO  upgrade.AbstractLayoutVersionManager (AbstractLayoutVersionManager.java:init(83)) - Initializing Layout version manager with metadata layout = QUOTA (version = 6), software layout = QUOTA (version = 6)
2024-04-24 06:58:43,347 [main] INFO  reflections.Reflections (Reflections.java:scan(219)) - Reflections took 87 ms to scan 2 urls, producing 188 keys and 545 values
2024-04-24 06:58:43,351 [main] INFO  upgrade.OMLayoutVersionManager (OMLayoutVersionManager.java:lambda$0(113)) - Skipping Upgrade Action QuotaRepairUpgradeAction since it has been finalized.
2024-04-24 06:58:43,353 [main] INFO  upgrade.OMLayoutVersionManager (OMLayoutVersionManager.java:lambda$0(113)) - Skipping Upgrade Action MockOmUpgradeAction since it has been finalized.
2024-04-24 06:58:43,355 [main] WARN  server.ServerUtils (ServerUtils.java:getDBPath(299)) - ozone.om.db.dirs is not configured. We recommend adding this setting. Falling back to ozone.metadata.dirs instead.
2024-04-24 06:58:43,514 [main] INFO  proxy.SCMBlockLocationFailoverProxyProvider (SCMBlockLocationFailoverProxyProvider.java:<init>(115)) - Created block location fail-over proxy with 1 nodes: [nodeId=scmNodeId,nodeAddress=/0.0.0.0:15001]
2024-04-24 06:58:43,549 [main] INFO  proxy.SCMBlockLocationFailoverProxyProvider (SCMBlockLocationFailoverProxyProvider.java:<init>(115)) - Created block location fail-over proxy with 1 nodes: [nodeId=scmNodeId,nodeAddress=/0.0.0.0:15001]
2024-04-24 06:58:43,747 [main] INFO  om.OzoneManager (OzoneManager.java:<init>(677)) - OM start with adminUsers: [runner]
2024-04-24 06:58:43,765 [main] WARN  server.ServerUtils (ServerUtils.java:getDBPath(299)) - ozone.om.db.dirs is not configured. We recommend adding this setting. Falling back to ozone.metadata.dirs instead.
2024-04-24 06:58:43,795 [main] INFO  helpers.OmKeyInfo (OmKeyInfo.java:getCodec(71)) - OmKeyInfo.getCodec ignorePipeline = true
2024-04-24 06:58:44,115 [main] INFO  om.OzoneManager (OzoneManager.java:instantiateServices(811)) - S3 Multi-Tenancy is disabled
2024-04-24 06:58:44,152 [main] INFO  om.OmSnapshotManager (OmSnapshotManager.java:<init>(179)) - Ozone filesystem snapshot feature is enabled.
2024-04-24 06:58:44,160 [main] WARN  server.ServerUtils (ServerUtils.java:getDBPath(299)) - ozone.om.snapshot.diff.db.dir is not configured. We recommend adding this setting. Falling back to ozone.metadata.dirs instead.
2024-04-24 06:58:44,203 [main] INFO  utils.NativeLibraryLoader (NativeLibraryLoader.java:loadLibrary(111)) - Loading Library: ozone_rocksdb_tools
2024-04-24 06:58:44,205 [main] ERROR snapshot.SnapshotDiffManager (SnapshotDiffManager.java:initNativeLibraryForEfficientDiff(287)) - Native Library for raw sst file reading loading failed.
org.apache.hadoop.hdds.utils.NativeLibraryNotLoadedException: Unable to load library ozone_rocksdb_tools from both java.library.path & resource file libozone_rocksdb_tools.so from jar.
	at org.apache.hadoop.hdds.utils.db.managed.ManagedRawSSTFileReader.loadLibrary(ManagedRawSSTFileReader.java:40)
	at org.apache.hadoop.ozone.om.snapshot.SnapshotDiffManager.initNativeLibraryForEfficientDiff(SnapshotDiffManager.java:285)
	at org.apache.hadoop.ozone.om.snapshot.SnapshotDiffManager.<init>(SnapshotDiffManager.java:259)
	at org.apache.hadoop.ozone.om.OmSnapshotManager.<init>(OmSnapshotManager.java:286)
	at org.apache.hadoop.ozone.om.OzoneManager.instantiateServices(OzoneManager.java:863)
	at org.apache.hadoop.ozone.om.OzoneManager.<init>(OzoneManager.java:687)
	at org.apache.hadoop.ozone.om.OzoneManager.createOm(OzoneManager.java:774)
	at org.apache.hadoop.ozone.MiniOzoneClusterImpl$Builder.createOM(MiniOzoneClusterImpl.java:689)
	at org.apache.hadoop.ozone.MiniOzoneClusterImpl$Builder.createAndStartSingleOM(MiniOzoneClusterImpl.java:673)
	at org.apache.hadoop.ozone.MiniOzoneClusterImpl$Builder.build(MiniOzoneClusterImpl.java:535)
	at org.apache.hadoop.ozone.om.snapshot.TestSnapshotDirectoryCleaningService.init(TestSnapshotDirectoryCleaningService.java:86)
	at java.base/jdk.internal.reflect.NativeMethodAccessorImpl.invoke0(Native Method)
	at java.base/jdk.internal.reflect.NativeMethodAccessorImpl.invoke(NativeMethodAccessorImpl.java:77)
	at java.base/jdk.internal.reflect.DelegatingMethodAccessorImpl.invoke(DelegatingMethodAccessorImpl.java:43)
	at java.base/java.lang.reflect.Method.invoke(Method.java:568)
	at org.junit.platform.commons.util.ReflectionUtils.invokeMethod(ReflectionUtils.java:728)
	at org.junit.jupiter.engine.execution.MethodInvocation.proceed(MethodInvocation.java:60)
	at org.junit.jupiter.engine.execution.InvocationInterceptorChain$ValidatingInvocation.proceed(InvocationInterceptorChain.java:131)
	at org.junit.jupiter.engine.extension.TimeoutExtension.intercept(TimeoutExtension.java:156)
	at org.junit.jupiter.engine.extension.TimeoutExtension.interceptLifecycleMethod(TimeoutExtension.java:128)
	at org.junit.jupiter.engine.extension.TimeoutExtension.interceptBeforeAllMethod(TimeoutExtension.java:70)
	at org.junit.jupiter.engine.execution.InterceptingExecutableInvoker$ReflectiveInterceptorCall.lambda$ofVoidMethod$0(InterceptingExecutableInvoker.java:103)
	at org.junit.jupiter.engine.execution.InterceptingExecutableInvoker.lambda$invoke$0(InterceptingExecutableInvoker.java:93)
	at org.junit.jupiter.engine.execution.InvocationInterceptorChain$InterceptedInvocation.proceed(InvocationInterceptorChain.java:106)
	at org.junit.jupiter.engine.execution.InvocationInterceptorChain.proceed(InvocationInterceptorChain.java:64)
	at org.junit.jupiter.engine.execution.InvocationInterceptorChain.chainAndInvoke(InvocationInterceptorChain.java:45)
	at org.junit.jupiter.engine.execution.InvocationInterceptorChain.invoke(InvocationInterceptorChain.java:37)
	at org.junit.jupiter.engine.execution.InterceptingExecutableInvoker.invoke(InterceptingExecutableInvoker.java:92)
	at org.junit.jupiter.engine.execution.InterceptingExecutableInvoker.invoke(InterceptingExecutableInvoker.java:86)
	at org.junit.jupiter.engine.descriptor.ClassBasedTestDescriptor.lambda$invokeBeforeAllMethods$13(ClassBasedTestDescriptor.java:412)
	at org.junit.platform.engine.support.hierarchical.ThrowableCollector.execute(ThrowableCollector.java:73)
	at org.junit.jupiter.engine.descriptor.ClassBasedTestDescriptor.invokeBeforeAllMethods(ClassBasedTestDescriptor.java:410)
	at org.junit.jupiter.engine.descriptor.ClassBasedTestDescriptor.before(ClassBasedTestDescriptor.java:216)
	at org.junit.jupiter.engine.descriptor.ClassBasedTestDescriptor.before(ClassBasedTestDescriptor.java:85)
	at org.junit.platform.engine.support.hierarchical.NodeTestTask.lambda$executeRecursively$6(NodeTestTask.java:148)
	at org.junit.platform.engine.support.hierarchical.ThrowableCollector.execute(ThrowableCollector.java:73)
	at org.junit.platform.engine.support.hierarchical.NodeTestTask.lambda$executeRecursively$8(NodeTestTask.java:141)
	at org.junit.platform.engine.support.hierarchical.Node.around(Node.java:137)
	at org.junit.platform.engine.support.hierarchical.NodeTestTask.lambda$executeRecursively$9(NodeTestTask.java:139)
	at org.junit.platform.engine.support.hierarchical.ThrowableCollector.execute(ThrowableCollector.java:73)
	at org.junit.platform.engine.support.hierarchical.NodeTestTask.executeRecursively(NodeTestTask.java:138)
	at org.junit.platform.engine.support.hierarchical.NodeTestTask.execute(NodeTestTask.java:95)
	at java.base/java.util.ArrayList.forEach(ArrayList.java:1511)
	at org.junit.platform.engine.support.hierarchical.SameThreadHierarchicalTestExecutorService.invokeAll(SameThreadHierarchicalTestExecutorService.java:41)
	at org.junit.platform.engine.support.hierarchical.NodeTestTask.lambda$executeRecursively$6(NodeTestTask.java:155)
	at org.junit.platform.engine.support.hierarchical.ThrowableCollector.execute(ThrowableCollector.java:73)
	at org.junit.platform.engine.support.hierarchical.NodeTestTask.lambda$executeRecursively$8(NodeTestTask.java:141)
	at org.junit.platform.engine.support.hierarchical.Node.around(Node.java:137)
	at org.junit.platform.engine.support.hierarchical.NodeTestTask.lambda$executeRecursively$9(NodeTestTask.java:139)
	at org.junit.platform.engine.support.hierarchical.ThrowableCollector.execute(ThrowableCollector.java:73)
	at org.junit.platform.engine.support.hierarchical.NodeTestTask.executeRecursively(NodeTestTask.java:138)
	at org.junit.platform.engine.support.hierarchical.NodeTestTask.execute(NodeTestTask.java:95)
	at org.junit.platform.engine.support.hierarchical.SameThreadHierarchicalTestExecutorService.submit(SameThreadHierarchicalTestExecutorService.java:35)
	at org.junit.platform.engine.support.hierarchical.HierarchicalTestExecutor.execute(HierarchicalTestExecutor.java:57)
	at org.junit.platform.engine.support.hierarchical.HierarchicalTestEngine.execute(HierarchicalTestEngine.java:54)
	at org.junit.platform.launcher.core.EngineExecutionOrchestrator.execute(EngineExecutionOrchestrator.java:198)
	at org.junit.platform.launcher.core.EngineExecutionOrchestrator.execute(EngineExecutionOrchestrator.java:169)
	at org.junit.platform.launcher.core.EngineExecutionOrchestrator.execute(EngineExecutionOrchestrator.java:93)
	at org.junit.platform.launcher.core.EngineExecutionOrchestrator.lambda$execute$0(EngineExecutionOrchestrator.java:58)
	at org.junit.platform.launcher.core.EngineExecutionOrchestrator.withInterceptedStreams(EngineExecutionOrchestrator.java:141)
	at org.junit.platform.launcher.core.EngineExecutionOrchestrator.execute(EngineExecutionOrchestrator.java:57)
	at org.junit.platform.launcher.core.DefaultLauncher.execute(DefaultLauncher.java:103)
	at org.junit.platform.launcher.core.DefaultLauncher.execute(DefaultLauncher.java:85)
	at org.junit.platform.launcher.core.DelegatingLauncher.execute(DelegatingLauncher.java:47)
	at org.junit.platform.launcher.core.SessionPerRequestLauncher.execute(SessionPerRequestLauncher.java:63)
	at org.apache.maven.surefire.junitplatform.JUnitPlatformProvider.invokeAllTests(JUnitPlatformProvider.java:154)
	at org.apache.maven.surefire.junitplatform.JUnitPlatformProvider.invoke(JUnitPlatformProvider.java:123)
	at org.apache.maven.surefire.booter.ForkedBooter.runSuitesInProcess(ForkedBooter.java:377)
	at org.apache.maven.surefire.booter.ForkedBooter.execute(ForkedBooter.java:138)
	at org.apache.maven.surefire.booter.ForkedBooter.run(ForkedBooter.java:465)
	at org.apache.maven.surefire.booter.ForkedBooter.main(ForkedBooter.java:451)
2024-04-24 06:58:44,268 [main] INFO  om.OzoneManager (OzoneManager.java:addS3GVolumeToDB(4463)) - Created Volume s3v With Owner runner required for S3Gateway operations.
2024-04-24 06:58:44,326 [main] WARN  server.ServerUtils (ServerUtils.java:getDefaultRatisDirectory(311)) - Storage directory for Ratis is not configured. It is a good idea to map this to an SSD disk. Falling back to ozone.metadata.dirs
2024-04-24 06:58:44,327 [main] WARN  utils.OzoneManagerRatisUtils (OzoneManagerRatisUtils.java:getOMRatisSnapshotDirectory(476)) - ozone.om.ratis.snapshot.dir is not configured. Falling back to ozone.metadata.dirs config
2024-04-24 06:58:44,341 [main] WARN  server.ServerUtils (ServerUtils.java:getDefaultRatisDirectory(311)) - Storage directory for Ratis is not configured. It is a good idea to map this to an SSD disk. Falling back to ozone.metadata.dirs
2024-04-24 06:58:44,359 [main] INFO  ratis.OzoneManagerRatisServer (OzoneManagerRatisServer.java:<init>(167)) - Instantiating OM Ratis server with groupID: omServiceIdDefault and peers: localhost:15007
2024-04-24 06:58:44,372 [main] INFO  ratis.OzoneManagerStateMachine (OzoneManagerStateMachine.java:loadSnapshotInfoFromDB(589)) - TransactionInfo not found in OM DB.
2024-04-24 06:58:44,413 [main] INFO  server.RaftServer (ConfUtils.java:logGet(46)) - raft.rpc.type = GRPC (default)
2024-04-24 06:58:44,420 [main] INFO  grpc.GrpcConfigKeys (ConfUtils.java:logFallback(53)) - raft.grpc.admin.host = null (fallback to raft.grpc.server.host)
2024-04-24 06:58:44,421 [main] INFO  grpc.GrpcConfigKeys (ConfUtils.java:logFallback(53)) - raft.grpc.admin.port = 15007 (fallback to raft.grpc.server.port)
2024-04-24 06:58:44,422 [main] INFO  grpc.GrpcConfigKeys (ConfUtils.java:logFallback(53)) - raft.grpc.client.host = null (fallback to raft.grpc.server.host)
2024-04-24 06:58:44,422 [main] INFO  grpc.GrpcConfigKeys (ConfUtils.java:logFallback(53)) - raft.grpc.client.port = 15007 (fallback to raft.grpc.server.port)
2024-04-24 06:58:44,423 [main] INFO  grpc.GrpcConfigKeys (ConfUtils.java:logGet(46)) - raft.grpc.server.host = null (default)
2024-04-24 06:58:44,423 [main] INFO  grpc.GrpcConfigKeys (ConfUtils.java:logGet(46)) - raft.grpc.server.port = 15007 (custom)
2024-04-24 06:58:44,424 [main] INFO  server.GrpcService (ConfUtils.java:logGet(46)) - raft.grpc.message.size.max = 4194304 (custom)
2024-04-24 06:58:44,425 [main] INFO  server.RaftServerConfigKeys (ConfUtils.java:logGet(46)) - raft.server.log.appender.buffer.byte-limit = 4194304 (custom)
2024-04-24 06:58:44,425 [main] INFO  server.GrpcService (ConfUtils.java:logGet(46)) - raft.grpc.flow.control.window = 1MB (=1048576) (default)
2024-04-24 06:58:44,426 [main] INFO  server.RaftServerConfigKeys (ConfUtils.java:logGet(46)) - raft.server.rpc.request.timeout = 3000ms (default)
2024-04-24 06:58:44,433 [main] INFO  grpc.GrpcConfigKeys (ConfUtils.java:logGet(46)) - raft.grpc.server.heartbeat.channel = true (default)
2024-04-24 06:58:44,436 [main] INFO  grpc.GrpcConfigKeys (ConfUtils.java:logGet(46)) - raft.grpc.server.async.request.thread.pool.cached = true (default)
2024-04-24 06:58:44,437 [main] INFO  grpc.GrpcConfigKeys (ConfUtils.java:logGet(46)) - raft.grpc.server.async.request.thread.pool.size = 32 (default)
2024-04-24 06:58:44,582 [main] INFO  impl.DataStreamServerImpl (ConfUtils.java:logGet(46)) - raft.datastream.type = DISABLED (default)
2024-04-24 06:58:44,584 [main] INFO  server.RaftServerConfigKeys (ConfUtils.java:logGet(46)) - raft.server.sleep.deviation.threshold = 300ms (default)
2024-04-24 06:58:44,584 [main] INFO  server.RaftServerConfigKeys (ConfUtils.java:logGet(46)) - raft.server.close.threshold = 60s (default)
2024-04-24 06:58:44,584 [main] INFO  server.RaftServerConfigKeys (ConfUtils.java:logGet(46)) - raft.server.leaderelection.leader.step-down.wait-time = 10s (default)
2024-04-24 06:58:44,586 [main] INFO  server.RaftServerConfigKeys (ConfUtils.java:logGet(46)) - raft.server.storage.dir = [/home/runner/work/ozone/ozone/hadoop-ozone/integration-test/target/test-dir/MiniOzoneClusterImpl-402bd57a-b865-4622-973c-767f06725353/ozone-meta/ratis] (custom)
2024-04-24 06:58:44,587 [main] INFO  server.RaftServerConfigKeys (ConfUtils.java:logGet(46)) - raft.server.threadpool.proxy.cached = true (default)
2024-04-24 06:58:44,587 [main] INFO  server.RaftServerConfigKeys (ConfUtils.java:logGet(46)) - raft.server.threadpool.proxy.size = 0 (default)
2024-04-24 06:58:44,592 [main] INFO  server.RaftServer (RaftServerProxy.java:addNew(100)) - om1: addNew group-C5BA1605619E:[om1|localhost:15007] returns group-C5BA1605619E:java.util.concurrent.CompletableFuture@59dae020[Not completed]
2024-04-24 06:58:44,593 [main] INFO  om.OzoneManager (OzoneManager.java:initializeRatisServer(2168)) - OzoneManager Ratis server initialized at port 15007
2024-04-24 06:58:44,596 [main] INFO  om.OzoneManager (OzoneManager.java:getRpcServer(1227)) - Creating RPC Server
2024-04-24 06:58:44,602 [om1-groupManagement] INFO  server.RaftServer$Division (RaftServerImpl.java:<init>(256)) - om1: new RaftServerImpl for group-C5BA1605619E:[om1|localhost:15007] with OzoneManagerStateMachine:uninitialized
2024-04-24 06:58:44,604 [om1-groupManagement] INFO  server.RaftServerConfigKeys (ConfUtils.java:logGet(46)) - raft.server.rpc.timeout.min = 1s (custom)
2024-04-24 06:58:44,605 [om1-groupManagement] INFO  server.RaftServerConfigKeys (ConfUtils.java:logGet(46)) - raft.server.rpc.timeout.max = 1200ms (custom)
2024-04-24 06:58:44,605 [om1-groupManagement] INFO  server.RaftServerConfigKeys (ConfUtils.java:logGet(46)) - raft.server.rpc.sleep.time = 25ms (default)
2024-04-24 06:58:44,605 [om1-groupManagement] INFO  server.RaftServerConfigKeys (ConfUtils.java:logGet(46)) - raft.server.rpc.slowness.timeout = 120s (custom)
2024-04-24 06:58:44,606 [om1-groupManagement] INFO  server.RaftServerConfigKeys (ConfUtils.java:logGet(46)) - raft.server.leaderelection.leader.step-down.wait-time = 10s (default)
2024-04-24 06:58:44,606 [om1-groupManagement] INFO  server.RaftServerConfigKeys (ConfUtils.java:logGet(46)) - raft.server.leaderelection.member.majority-add = false (default)
2024-04-24 06:58:44,607 [om1-groupManagement] INFO  server.RaftServerConfigKeys (ConfUtils.java:logGet(46)) - raft.server.sleep.deviation.threshold = 300ms (default)
2024-04-24 06:58:44,613 [om1-groupManagement] INFO  server.RaftServer$Division (ServerState.java:<init>(113)) - om1@group-C5BA1605619E: ConfigurationManager, init=-1: peers:[om1|localhost:15007]|listeners:[], old=null, confs=<EMPTY_MAP>
2024-04-24 06:58:44,619 [om1-groupManagement] INFO  server.RaftServerConfigKeys (ConfUtils.java:logGet(46)) - raft.server.notification.no-leader.timeout = 120s (custom)
2024-04-24 06:58:44,621 [om1-groupManagement] INFO  server.RaftServerConfigKeys (ConfUtils.java:logGet(46)) - raft.server.read.timeout = 10s (default)
2024-04-24 06:58:44,626 [om1-groupManagement] INFO  server.RaftServerConfigKeys (ConfUtils.java:logGet(46)) - raft.server.retrycache.expirytime = 300s (custom)
2024-04-24 06:58:44,626 [om1-groupManagement] INFO  server.RaftServerConfigKeys (ConfUtils.java:logGet(46)) - raft.server.retrycache.statistics.expirytime = 100ms (default)
2024-04-24 06:58:44,631 [om1-groupManagement] INFO  server.RaftServerConfigKeys (ConfUtils.java:logGet(46)) - raft.server.read.option = DEFAULT (default)
2024-04-24 06:58:44,632 [om1-groupManagement] INFO  server.RaftServerConfigKeys (ConfUtils.java:logGet(46)) - raft.server.read.read-after-write-consistent.write-index-cache.expiry-time = 60s (default)
2024-04-24 06:58:44,700 [om1-groupManagement] INFO  server.RaftServerConfigKeys (ConfUtils.java:logGet(46)) - raft.server.rpc.request.timeout = 3000ms (default)
2024-04-24 06:58:44,703 [om1-groupManagement] INFO  server.RaftServerConfigKeys (ConfUtils.java:logGet(46)) - raft.server.log.appender.install.snapshot.enabled = false (custom)
2024-04-24 06:58:44,704 [om1-groupManagement] INFO  server.RaftServerConfigKeys (ConfUtils.java:logGet(46)) - raft.server.threadpool.server.cached = true (default)
2024-04-24 06:58:44,705 [om1-groupManagement] INFO  server.RaftServerConfigKeys (ConfUtils.java:logGet(46)) - raft.server.threadpool.server.size = 0 (default)
2024-04-24 06:58:44,706 [om1-groupManagement] INFO  server.RaftServerConfigKeys (ConfUtils.java:logGet(46)) - raft.server.threadpool.client.cached = true (default)
2024-04-24 06:58:44,707 [om1-groupManagement] INFO  server.RaftServerConfigKeys (ConfUtils.java:logGet(46)) - raft.server.threadpool.client.size = 0 (default)
2024-04-24 06:58:45,380 [main] INFO  reflections.Reflections (Reflections.java:scan(219)) - Reflections took 735 ms to scan 20 urls, producing 58 keys and 6544 values
2024-04-24 06:58:45,565 [main] INFO  ipc.CallQueueManager (CallQueueManager.java:<init>(90)) - Using callQueue: class java.util.concurrent.LinkedBlockingQueue, queueCapacity: 2000, scheduler: class org.apache.hadoop.ipc.DefaultRpcScheduler, ipcBackoff: false.
2024-04-24 06:58:45,566 [main] INFO  ipc.Server (Server.java:<init>(1287)) - Listener at 127.0.0.1:15004
2024-04-24 06:58:45,566 [Socket Reader #1 for port 15004] INFO  ipc.Server (Server.java:run(1323)) - Starting Socket Reader #1 for port 15004
2024-04-24 06:58:45,600 [main] INFO  impl.MetricsSystemImpl (MetricsSystemImpl.java:init(158)) - OzoneManager metrics system started (again)
2024-04-24 06:58:45,615 [main] INFO  om.OzoneManager (OzoneManager.java:start(1649)) - OzoneManager RPC server is listening at localhost/127.0.0.1:15004
2024-04-24 06:58:45,616 [main] INFO  ratis.OzoneManagerRatisServer (OzoneManagerRatisServer.java:start(588)) - Starting OzoneManagerRatisServer om1 at port 15007
2024-04-24 06:58:45,620 [om1-impl-thread1] INFO  server.RaftServerConfigKeys (ConfUtils.java:logGet(46)) - raft.server.storage.free-space.min = 0MB (=0) (default)
2024-04-24 06:58:45,620 [om1-impl-thread1] INFO  server.RaftServerConfigKeys (ConfUtils.java:logGet(46)) - raft.server.log.corruption.policy = EXCEPTION (default)
2024-04-24 06:58:45,621 [om1-impl-thread1] INFO  server.RaftServerConfigKeys (ConfUtils.java:logGet(46)) - raft.server.storage.dir = [/home/runner/work/ozone/ozone/hadoop-ozone/integration-test/target/test-dir/MiniOzoneClusterImpl-402bd57a-b865-4622-973c-767f06725353/ozone-meta/ratis] (custom)
2024-04-24 06:58:45,627 [om1-impl-thread1] INFO  storage.RaftStorageDirectory (RaftStorageDirectoryImpl.java:analyzeStorage(138)) - The storage directory /home/runner/work/ozone/ozone/hadoop-ozone/integration-test/target/test-dir/MiniOzoneClusterImpl-402bd57a-b865-4622-973c-767f06725353/ozone-meta/ratis/bf265839-605b-3f16-9796-c5ba1605619e does not exist. Creating ...
2024-04-24 06:58:45,632 [om1-impl-thread1] INFO  storage.RaftStorageDirectory (RaftStorageDirectoryImpl.java:tryLock(228)) - Lock on /home/runner/work/ozone/ozone/hadoop-ozone/integration-test/target/test-dir/MiniOzoneClusterImpl-402bd57a-b865-4622-973c-767f06725353/ozone-meta/ratis/bf265839-605b-3f16-9796-c5ba1605619e/in_use.lock acquired by nodename 83740@fv-az1117-300
2024-04-24 06:58:45,639 [om1-impl-thread1] INFO  storage.RaftStorage (RaftStorageImpl.java:format(99)) - Storage directory /home/runner/work/ozone/ozone/hadoop-ozone/integration-test/target/test-dir/MiniOzoneClusterImpl-402bd57a-b865-4622-973c-767f06725353/ozone-meta/ratis/bf265839-605b-3f16-9796-c5ba1605619e has been successfully formatted.
2024-04-24 06:58:45,640 [om1-impl-thread1] WARN  util.FileUtils (LogUtils.java:supplyAndLog(63)) - Failed to Files.newInputStream /home/runner/work/ozone/ozone/hadoop-ozone/integration-test/target/test-dir/MiniOzoneClusterImpl-402bd57a-b865-4622-973c-767f06725353/ozone-meta/ratis/bf265839-605b-3f16-9796-c5ba1605619e/current/raft-meta.conf with options []: java.nio.file.NoSuchFileException: /home/runner/work/ozone/ozone/hadoop-ozone/integration-test/target/test-dir/MiniOzoneClusterImpl-402bd57a-b865-4622-973c-767f06725353/ozone-meta/ratis/bf265839-605b-3f16-9796-c5ba1605619e/current/raft-meta.conf
2024-04-24 06:58:45,642 [om1-impl-thread1] INFO  server.RaftServerConfigKeys (ConfUtils.java:logGet(46)) - raft.server.log.use.memory = false (default)
2024-04-24 06:58:45,651 [om1-impl-thread1] INFO  server.RaftServerConfigKeys (ConfUtils.java:logGet(46)) - raft.server.log.purge.gap = 1000000 (custom)
2024-04-24 06:58:45,652 [om1-impl-thread1] INFO  server.RaftServerConfigKeys (ConfUtils.java:logGet(46)) - raft.server.log.appender.buffer.byte-limit = 4194304 (custom)
2024-04-24 06:58:45,654 [om1-impl-thread1] INFO  server.RaftServerConfigKeys (ConfUtils.java:logGet(46)) - raft.server.log.statemachine.data.read.timeout = 1000ms (default)
2024-04-24 06:58:45,655 [om1-impl-thread1] INFO  server.RaftServerConfigKeys (ConfUtils.java:logGet(46)) - raft.server.log.purge.preservation.log.num = 0 (default)
2024-04-24 06:58:45,660 [om1-impl-thread1] INFO  server.RaftServerConfigKeys (ConfUtils.java:logGet(46)) - raft.server.log.segment.size.max = 4194304 (custom)
2024-04-24 06:58:45,665 [om1-impl-thread1] INFO  server.RaftServerConfigKeys (ConfUtils.java:logGet(46)) - raft.server.log.segment.cache.num.max = 2 (custom)
2024-04-24 06:58:45,666 [om1-impl-thread1] INFO  server.RaftServerConfigKeys (ConfUtils.java:logGet(46)) - raft.server.log.segment.cache.size.max = 200MB (=209715200) (default)
2024-04-24 06:58:45,667 [om1-impl-thread1] INFO  server.RaftServerConfigKeys (ConfUtils.java:logGet(46)) - raft.server.log.appender.buffer.byte-limit = 4194304 (custom)
2024-04-24 06:58:45,669 [om1-impl-thread1] INFO  util.AwaitToRun (AwaitToRun.java:start(81)) - Thread[om1@group-C5BA1605619E-cacheEviction-AwaitToRun,5,main] started
2024-04-24 06:58:45,675 [om1-impl-thread1] INFO  segmented.SegmentedRaftLogWorker (SegmentedRaftLogWorker.java:<init>(182)) - new om1@group-C5BA1605619E-SegmentedRaftLogWorker for RaftStorageImpl:Storage Directory /home/runner/work/ozone/ozone/hadoop-ozone/integration-test/target/test-dir/MiniOzoneClusterImpl-402bd57a-b865-4622-973c-767f06725353/ozone-meta/ratis/bf265839-605b-3f16-9796-c5ba1605619e
2024-04-24 06:58:45,677 [om1-impl-thread1] INFO  server.RaftServerConfigKeys (ConfUtils.java:logGet(46)) - raft.server.log.queue.byte-limit = 64MB (=67108864) (default)
2024-04-24 06:58:45,677 [om1-impl-thread1] INFO  server.RaftServerConfigKeys (ConfUtils.java:logGet(46)) - raft.server.log.queue.element-limit = 4096 (default)
2024-04-24 06:58:45,679 [om1-impl-thread1] INFO  server.RaftServerConfigKeys (ConfUtils.java:logGet(46)) - raft.server.log.segment.size.max = 4194304 (custom)
2024-04-24 06:58:45,680 [om1-impl-thread1] INFO  server.RaftServerConfigKeys (ConfUtils.java:logGet(46)) - raft.server.log.preallocated.size = 4194304 (custom)
2024-04-24 06:58:45,683 [om1-impl-thread1] INFO  server.RaftServerConfigKeys (ConfUtils.java:logGet(46)) - raft.server.log.force.sync.num = 128 (default)
2024-04-24 06:58:45,684 [om1-impl-thread1] INFO  server.RaftServerConfigKeys (ConfUtils.java:logGet(46)) - raft.server.log.statemachine.data.sync = true (default)
2024-04-24 06:58:45,684 [om1-impl-thread1] INFO  server.RaftServerConfigKeys (ConfUtils.java:logGet(46)) - raft.server.log.statemachine.data.sync.timeout = 10s (default)
2024-04-24 06:58:45,685 [om1-impl-thread1] INFO  server.RaftServerConfigKeys (ConfUtils.java:logGet(46)) - raft.server.log.statemachine.data.sync.timeout.retry = -1 (default)
2024-04-24 06:58:45,686 [om1-impl-thread1] INFO  server.RaftServerConfigKeys (ConfUtils.java:logGet(46)) - raft.server.log.write.buffer.size = 4194312 (custom)
2024-04-24 06:58:45,688 [om1-impl-thread1] INFO  server.RaftServerConfigKeys (ConfUtils.java:logGet(46)) - raft.server.log.appender.buffer.byte-limit = 4194304 (custom)
2024-04-24 06:58:45,688 [om1-impl-thread1] INFO  server.RaftServerConfigKeys (ConfUtils.java:logGet(46)) - raft.server.log.unsafe-flush.enabled = false (default)
2024-04-24 06:58:45,689 [om1-impl-thread1] INFO  server.RaftServerConfigKeys (ConfUtils.java:logGet(46)) - raft.server.log.async-flush.enabled = false (default)
2024-04-24 06:58:45,689 [om1-impl-thread1] INFO  server.RaftServerConfigKeys (ConfUtils.java:logGet(46)) - raft.server.log.statemachine.data.caching.enabled = false (default)
2024-04-24 06:58:45,693 [om1-impl-thread1] INFO  segmented.SegmentedRaftLogWorker (SegmentedRaftLogWorker.java:lambda$new$0(134)) - om1@group-C5BA1605619E-SegmentedRaftLogWorker: flushIndex: setUnconditionally 0 -> -1
2024-04-24 06:58:45,693 [om1-impl-thread1] INFO  segmented.SegmentedRaftLogWorker (SegmentedRaftLogWorker.java:lambda$new$0(134)) - om1@group-C5BA1605619E-SegmentedRaftLogWorker: safeCacheEvictIndex: setUnconditionally 0 -> -1
2024-04-24 06:58:45,695 [om1-impl-thread1] INFO  server.RaftServer$Division (RaftServerImpl.java:start(396)) - om1@group-C5BA1605619E: start as a follower, conf=-1: peers:[om1|localhost:15007]|listeners:[], old=null
2024-04-24 06:58:45,695 [om1-impl-thread1] INFO  server.RaftServer$Division (RaftServerImpl.java:setRole(383)) - om1@group-C5BA1605619E: changes role from      null to FOLLOWER at term 0 for startAsFollower
2024-04-24 06:58:45,696 [om1-impl-thread1] INFO  impl.RoleInfo (RoleInfo.java:updateAndGet(139)) - om1: start om1@group-C5BA1605619E-FollowerState
2024-04-24 06:58:45,697 [om1@group-C5BA1605619E-FollowerState] INFO  server.RaftServerConfigKeys (ConfUtils.java:logFallback(53)) - raft.server.rpc.first-election.timeout.min = 1s (fallback to raft.server.rpc.timeout.min)
2024-04-24 06:58:45,698 [om1@group-C5BA1605619E-FollowerState] INFO  server.RaftServerConfigKeys (ConfUtils.java:logFallback(53)) - raft.server.rpc.first-election.timeout.max = 1200ms (fallback to raft.server.rpc.timeout.max)
2024-04-24 06:58:45,698 [om1-impl-thread1] INFO  util.JmxRegister (JmxRegister.java:tryRegister(44)) - Successfully registered JMX Bean with object name Ratis:service=RaftServer,group=group-C5BA1605619E,id=om1
2024-04-24 06:58:45,700 [om1-impl-thread1] INFO  server.RaftServerConfigKeys (ConfUtils.java:logGet(46)) - raft.server.snapshot.trigger-when-stop.enabled = true (default)
2024-04-24 06:58:45,700 [om1-impl-thread1] INFO  server.RaftServerConfigKeys (ConfUtils.java:logGet(46)) - raft.server.snapshot.auto.trigger.enabled = true (custom)
2024-04-24 06:58:45,701 [om1-impl-thread1] INFO  server.RaftServerConfigKeys (ConfUtils.java:logGet(46)) - raft.server.snapshot.auto.trigger.threshold = 400000 (default)
2024-04-24 06:58:45,701 [om1-impl-thread1] INFO  server.RaftServerConfigKeys (ConfUtils.java:logGet(46)) - raft.server.snapshot.retention.file.num = -1 (default)
2024-04-24 06:58:45,702 [om1-impl-thread1] INFO  server.RaftServerConfigKeys (ConfUtils.java:logGet(46)) - raft.server.log.purge.upto.snapshot.index = true (custom)
2024-04-24 06:58:45,706 [main] INFO  server.RaftServer (RaftServerProxy.java:startImpl(406)) - om1: start RPC server
2024-04-24 06:58:45,748 [main] INFO  server.GrpcService (GrpcService.java:startImpl(302)) - om1: GrpcService started, listening on 15007
2024-04-24 06:58:45,750 [main] INFO  om.OzoneManager (OzoneManager.java:start(1665)) - Version File has different layout version (6) than OM DB (null). That is expected if this OM has never been finalized to a newer layout version.
2024-04-24 06:58:45,755 [JvmPauseMonitor1] INFO  util.JvmPauseMonitor (JvmPauseMonitor.java:run(146)) - JvmPauseMonitor-om1: Started
2024-04-24 06:58:45,778 [main] INFO  client.ScmTopologyClient (ScmTopologyClient.java:start(72)) - Initial network topology fetched from SCM: /.
2024-04-24 06:58:45,779 [main] INFO  net.NodeSchemaLoader (NodeSchemaLoader.java:loadSchemaFromFile(129)) - Loading schema from [file:/home/runner/work/ozone/ozone/hadoop-hdds/common/target/classes/network-topology-default.xml]
2024-04-24 06:58:45,779 [main] INFO  net.NodeSchemaLoader (NodeSchemaLoader.java:loadSchema(176)) - Loading network topology layer schema file
2024-04-24 06:58:45,805 [main] INFO  http.BaseHttpServer (BaseHttpServer.java:newHttpServer2BuilderForOzone(223)) - Starting Web-server for ozoneManager at: http://0.0.0.0:15005
2024-04-24 06:58:45,805 [main] INFO  http.BaseHttpServer (BaseHttpServer.java:<init>(110)) - Hadoop Security Enabled: false Ozone Security Enabled: false Ozone HTTP Security Enabled: false 
2024-04-24 06:58:45,807 [main] WARN  server.AuthenticationFilter (AuthenticationFilter.java:constructSecretProvider(240)) - Unable to initialize FileSignerSecretProvider, falling back to use random secrets. Reason: Could not read signature secret file: /home/runner/hadoop-http-auth-signature-secret
2024-04-24 06:58:45,808 [main] INFO  http.HttpRequestLog (HttpRequestLog.java:getRequestLog(86)) - Http request log for http.requests.ozoneManager is not defined
2024-04-24 06:58:45,810 [main] INFO  http.HttpServer2 (HttpServer2.java:addGlobalFilter(1036)) - Added global filter 'safety' (class=org.apache.hadoop.hdds.server.http.HttpServer2$QuotingInputFilter)
2024-04-24 06:58:45,811 [main] INFO  http.HttpServer2 (HttpServer2.java:addFilter(1012)) - Added filter static_user_filter (class=org.apache.hadoop.http.lib.StaticUserWebFilter$StaticUserFilter) to context ozoneManager
2024-04-24 06:58:45,811 [main] INFO  http.HttpServer2 (HttpServer2.java:addFilter(1020)) - Added filter static_user_filter (class=org.apache.hadoop.http.lib.StaticUserWebFilter$StaticUserFilter) to context static
2024-04-24 06:58:45,811 [main] INFO  http.HttpServer2 (HttpServer2.java:addFilter(1020)) - Added filter static_user_filter (class=org.apache.hadoop.http.lib.StaticUserWebFilter$StaticUserFilter) to context logs
2024-04-24 06:58:45,814 [main] INFO  http.BaseHttpServer (BaseHttpServer.java:<init>(189)) - HTTP server of ozoneManager uses base directory /home/runner/work/ozone/ozone/hadoop-ozone/integration-test/target/test-dir/MiniOzoneClusterImpl-402bd57a-b865-4622-973c-767f06725353/ozone-meta/webserver
2024-04-24 06:58:45,817 [main] INFO  http.HttpServer2 (HttpServer2.java:bindListener(1236)) - Jetty bound to port 15005
2024-04-24 06:58:45,818 [main] INFO  server.Server (Server.java:doStart(375)) - jetty-9.4.53.v20231009; built: 2023-10-09T12:29:09.265Z; git: 27bde00a0b95a1d5bbee0eae7984f891d2d0f8c9; jvm 17.0.10+7
2024-04-24 06:58:45,827 [main] INFO  server.session (DefaultSessionIdManager.java:doStart(334)) - DefaultSessionIdManager workerName=node0
2024-04-24 06:58:45,828 [main] INFO  server.session (DefaultSessionIdManager.java:doStart(339)) - No SessionScavenger set, using defaults
2024-04-24 06:58:45,829 [main] INFO  server.session (HouseKeeper.java:startScavenging(132)) - node0 Scavenging every 600000ms
2024-04-24 06:58:45,830 [main] INFO  handler.ContextHandler (ContextHandler.java:doStart(921)) - Started o.e.j.s.ServletContextHandler@57999175{logs,/logs,file:///home/runner/work/ozone/ozone/hadoop-ozone/integration-test/target/log,AVAILABLE}
2024-04-24 06:58:45,831 [main] INFO  handler.ContextHandler (ContextHandler.java:doStart(921)) - Started o.e.j.s.ServletContextHandler@50dcc20a{static,/static,file:///home/runner/work/ozone/ozone/hadoop-ozone/integration-test/target/test-classes/webapps/static,AVAILABLE}
2024-04-24 06:58:45,842 [main] INFO  handler.ContextHandler (ContextHandler.java:doStart(921)) - Started o.e.j.w.WebAppContext@720bf74d{ozoneManager,/,file:///home/runner/work/ozone/ozone/hadoop-ozone/integration-test/target/test-classes/webapps/ozoneManager/,AVAILABLE}{file:/home/runner/work/ozone/ozone/hadoop-ozone/integration-test/target/test-classes/webapps/ozoneManager}
2024-04-24 06:58:45,843 [main] INFO  server.AbstractConnector (AbstractConnector.java:doStart(333)) - Started ServerConnector@563434b4{HTTP/1.1, (http/1.1)}{0.0.0.0:15005}
2024-04-24 06:58:45,844 [main] INFO  server.Server (Server.java:doStart(415)) - Started @7064ms
2024-04-24 06:58:45,844 [main] WARN  impl.MetricsSystemImpl (MetricsSystemImpl.java:register(279)) - Sink prometheus already exists!
2024-04-24 06:58:45,845 [main] INFO  http.BaseHttpServer (BaseHttpServer.java:updateConnectorAddress(354)) - HTTP server of ozoneManager listening at http://0.0.0.0:15005
2024-04-24 06:58:45,850 [IPC Server Responder] INFO  ipc.Server (Server.java:run(1562)) - IPC Server Responder: starting
2024-04-24 06:58:45,851 [IPC Server listener on 15004] INFO  ipc.Server (Server.java:run(1402)) - IPC Server listener on 15004: starting
2024-04-24 06:58:45,854 [main] INFO  om.OzoneManager (OzoneManager.java:startTrashEmptier(2121)) - Trash Interval set to 0. Files deleted won't move to trash
2024-04-24 06:58:45,863 [main] INFO  db.CodecBuffer (CodecBuffer.java:set(63)) - Successfully set constructor to org.apache.hadoop.hdds.utils.db.CodecBuffer$$Lambda$1159/0x00007f91d8735ef8@3467d540
2024-04-24 06:58:45,971 [main] WARN  dropwizard3.Dm3MetricRegistriesImpl (Dm3MetricRegistriesImpl.java:addReporterRegistration(113)) - New reporters are added after registries were created. Some metrics will be missing from the reporter. Please add reporter before adding any new registry.
2024-04-24 06:58:45,972 [main] WARN  dropwizard3.Dm3MetricRegistriesImpl (Dm3MetricRegistriesImpl.java:addReporterRegistration(113)) - New reporters are added after registries were created. Some metrics will be missing from the reporter. Please add reporter before adding any new registry.
2024-04-24 06:58:45,972 [main] INFO  impl.MetricsSystemImpl (MetricsSystemImpl.java:init(158)) - HddsDatanode metrics system started (again)
2024-04-24 06:58:45,989 [main] INFO  ozone.HddsDatanodeService (HddsDatanodeService.java:start(240)) - HddsDatanodeService host:fv-az1117-300.frmogvfxo1lepnjzqgguis2xib.cx.internal.cloudapp.net ip:10.1.0.43
2024-04-24 06:58:46,022 [main] INFO  upgrade.AbstractLayoutVersionManager (AbstractLayoutVersionManager.java:init(83)) - Initializing Layout version manager with metadata layout = HADOOP_PRC_PORTS_IN_DATANODEDETAILS (version = 7), software layout = HADOOP_PRC_PORTS_IN_DATANODEDETAILS (version = 7)
2024-04-24 06:58:46,025 [main] INFO  statemachine.DatanodeStateMachine (DatanodeStateMachine.java:getEndPointTaskThreadPoolSize(299)) - Datanode State Machine Task Thread Pool size 2
2024-04-24 06:58:46,079 [main] INFO  volume.HddsVolume (HddsVolume.java:<init>(126)) - Creating HddsVolume: /home/runner/work/ozone/ozone/hadoop-ozone/integration-test/target/test-dir/MiniOzoneClusterImpl-402bd57a-b865-4622-973c-767f06725353/ozone-meta/datanode-1/data-0/hdds of storage type : DISK capacity : 9223372036854775807
2024-04-24 06:58:46,082 [main] INFO  volume.MutableVolumeSet (MutableVolumeSet.java:initializeVolumeSet(173)) - Added Volume : /home/runner/work/ozone/ozone/hadoop-ozone/integration-test/target/test-dir/MiniOzoneClusterImpl-402bd57a-b865-4622-973c-767f06725353/ozone-meta/datanode-1/data-0/hdds to VolumeSet
2024-04-24 06:58:46,096 [main] INFO  volume.MutableVolumeSet (MutableVolumeSet.java:initializeVolumeSet(173)) - Added Volume : /home/runner/work/ozone/ozone/hadoop-ozone/integration-test/target/test-dir/MiniOzoneClusterImpl-402bd57a-b865-4622-973c-767f06725353/ozone-meta/datanode-1/ratis to VolumeSet
2024-04-24 06:58:46,100 [main] INFO  ozoneimpl.OzoneContainer (HddsVolumeUtil.java:loadAllHddsVolumeDbStore(103)) - Load 1 volumes DbStore cost: 0ms
2024-04-24 06:58:46,172 [main] INFO  audit.AuditLogger (AuditLogger.java:refreshDebugCmdSet(135)) - Refresh DebugCmdSet for DNAudit to [].
2024-04-24 06:58:46,200 [main] INFO  server.RaftServer (ConfUtils.java:logGet(46)) - raft.rpc.type = GRPC (default)
2024-04-24 06:58:46,200 [main] INFO  grpc.GrpcConfigKeys (ConfUtils.java:logFallback(53)) - raft.grpc.admin.host = null (fallback to raft.grpc.server.host)
2024-04-24 06:58:46,201 [main] INFO  grpc.GrpcConfigKeys (ConfUtils.java:logGet(46)) - raft.grpc.admin.port = 15013 (custom)
2024-04-24 06:58:46,201 [main] INFO  grpc.GrpcConfigKeys (ConfUtils.java:logFallback(53)) - raft.grpc.client.host = null (fallback to raft.grpc.server.host)
2024-04-24 06:58:46,201 [main] INFO  grpc.GrpcConfigKeys (ConfUtils.java:logGet(46)) - raft.grpc.client.port = 15012 (custom)
2024-04-24 06:58:46,201 [main] INFO  grpc.GrpcConfigKeys (ConfUtils.java:logGet(46)) - raft.grpc.server.host = null (default)
2024-04-24 06:58:46,202 [main] INFO  grpc.GrpcConfigKeys (ConfUtils.java:logGet(46)) - raft.grpc.server.port = 15014 (custom)
2024-04-24 06:58:46,202 [main] INFO  server.GrpcService (ConfUtils.java:logGet(46)) - raft.grpc.message.size.max = 32MB (=33554432) (custom)
2024-04-24 06:58:46,202 [main] INFO  server.RaftServerConfigKeys (ConfUtils.java:logGet(46)) - raft.server.log.appender.buffer.byte-limit = 8388608 (custom)
2024-04-24 06:58:46,202 [main] INFO  server.GrpcService (ConfUtils.java:logGet(46)) - raft.grpc.flow.control.window = 5MB (=5242880) (custom)
2024-04-24 06:58:46,202 [main] INFO  server.RaftServerConfigKeys (ConfUtils.java:logGet(46)) - raft.server.rpc.request.timeout = 60s (custom)
2024-04-24 06:58:46,203 [main] INFO  grpc.GrpcConfigKeys (ConfUtils.java:logGet(46)) - raft.grpc.server.heartbeat.channel = true (default)
2024-04-24 06:58:46,203 [main] INFO  grpc.GrpcConfigKeys (ConfUtils.java:logGet(46)) - raft.grpc.server.async.request.thread.pool.cached = true (default)
2024-04-24 06:58:46,203 [main] INFO  grpc.GrpcConfigKeys (ConfUtils.java:logGet(46)) - raft.grpc.server.async.request.thread.pool.size = 32 (default)
2024-04-24 06:58:46,208 [main] INFO  impl.DataStreamServerImpl (ConfUtils.java:logGet(46)) - raft.datastream.type = NETTY (custom)
2024-04-24 06:58:46,224 [main] INFO  server.RaftServerConfigKeys (ConfUtils.java:logGet(46)) - raft.server.data-stream.async.request.thread.pool.cached = false (default)
2024-04-24 06:58:46,226 [main] INFO  server.RaftServerConfigKeys (ConfUtils.java:logGet(46)) - raft.server.data-stream.async.request.thread.pool.size = 20 (custom)
2024-04-24 06:58:46,226 [main] INFO  server.RaftServerConfigKeys (ConfUtils.java:logGet(46)) - raft.server.data-stream.async.write.thread.pool.size = 16 (default)
2024-04-24 06:58:46,227 [main] INFO  netty.NettyConfigKeys$DataStream (ConfUtils.java:logGet(46)) - raft.netty.dataStream.server.channel.inactive.grace-period = 10min (default)
2024-04-24 06:58:46,228 [main] INFO  server.RaftServerConfigKeys (ConfUtils.java:logGet(46)) - raft.server.data-stream.client.pool.size = 10 (default)
2024-04-24 06:58:46,230 [main] INFO  netty.NettyConfigKeys$DataStream (ConfUtils.java:logGet(46)) - raft.netty.dataStream.server.use-epoll = true (default)
2024-04-24 06:58:46,231 [main] INFO  netty.NettyConfigKeys$DataStream (ConfUtils.java:logGet(46)) - raft.netty.dataStream.server.boss-group.size = 0 (default)
2024-04-24 06:58:46,232 [main] INFO  netty.NettyUtils (NettyUtils.java:newEventLoopGroup(69)) - Create EpollEventLoopGroup for c635de7f-7955-4843-9021-ff51e3697f04-NettyServerStreamRpc-bossGroup; Thread size is 0.
2024-04-24 06:58:46,233 [main] INFO  netty.NettyConfigKeys$DataStream (ConfUtils.java:logGet(46)) - raft.netty.dataStream.server.worker-group.size = 0 (default)
2024-04-24 06:58:46,233 [main] INFO  netty.NettyUtils (NettyUtils.java:newEventLoopGroup(69)) - Create EpollEventLoopGroup for c635de7f-7955-4843-9021-ff51e3697f04-NettyServerStreamRpc-workerGroup; Thread size is 0.
2024-04-24 06:58:46,234 [main] INFO  netty.NettyConfigKeys$DataStream (ConfUtils.java:logGet(46)) - raft.netty.dataStream.server.tls.conf = null (default)
2024-04-24 06:58:46,236 [main] INFO  netty.NettyConfigKeys$DataStream (ConfUtils.java:logGet(46)) - raft.netty.dataStream.host = null (default)
2024-04-24 06:58:46,236 [main] INFO  netty.NettyConfigKeys$DataStream (ConfUtils.java:logGet(46)) - raft.netty.dataStream.port = 15015 (custom)
2024-04-24 06:58:46,240 [main] INFO  server.RaftServerConfigKeys (ConfUtils.java:logGet(46)) - raft.server.sleep.deviation.threshold = 300ms (default)
2024-04-24 06:58:46,240 [main] INFO  server.RaftServerConfigKeys (ConfUtils.java:logGet(46)) - raft.server.close.threshold = 60s (default)
2024-04-24 06:58:46,240 [main] INFO  server.RaftServerConfigKeys (ConfUtils.java:logGet(46)) - raft.server.leaderelection.leader.step-down.wait-time = 10s (default)
2024-04-24 06:58:46,241 [main] INFO  server.RaftServerConfigKeys (ConfUtils.java:logGet(46)) - raft.server.storage.dir = [/home/runner/work/ozone/ozone/hadoop-ozone/integration-test/target/test-dir/MiniOzoneClusterImpl-402bd57a-b865-4622-973c-767f06725353/ozone-meta/datanode-1/ratis] (custom)
2024-04-24 06:58:46,241 [main] INFO  server.RaftServerConfigKeys (ConfUtils.java:logGet(46)) - raft.server.threadpool.proxy.cached = true (default)
2024-04-24 06:58:46,241 [main] INFO  server.RaftServerConfigKeys (ConfUtils.java:logGet(46)) - raft.server.threadpool.proxy.size = 0 (default)
2024-04-24 06:58:46,247 [c635de7f-7955-4843-9021-ff51e3697f04-impl-thread1] INFO  server.RaftServer (RaftServerProxy.java:initGroupDir(264)) - c635de7f-7955-4843-9021-ff51e3697f04: found a subdirectory /home/runner/work/ozone/ozone/hadoop-ozone/integration-test/target/test-dir/MiniOzoneClusterImpl-402bd57a-b865-4622-973c-767f06725353/ozone-meta/datanode-1/ratis/tmp
2024-04-24 06:58:46,248 [c635de7f-7955-4843-9021-ff51e3697f04-impl-thread1] INFO  server.RaftServer (RaftServerProxy.java:initGroupDir(269)) - c635de7f-7955-4843-9021-ff51e3697f04: The directory /home/runner/work/ozone/ozone/hadoop-ozone/integration-test/target/test-dir/MiniOzoneClusterImpl-402bd57a-b865-4622-973c-767f06725353/ozone-meta/datanode-1/ratis/tmp is not a group directory; ignoring it. 
2024-04-24 06:58:46,250 [c635de7f-7955-4843-9021-ff51e3697f04-NettyServerStreamRpc-bossGroup--thread1] INFO  logging.LoggingHandler (AbstractInternalLogger.java:log(148)) - [id: 0xc47c24cf] REGISTERED
2024-04-24 06:58:46,251 [c635de7f-7955-4843-9021-ff51e3697f04-NettyServerStreamRpc-bossGroup--thread1] INFO  logging.LoggingHandler (AbstractInternalLogger.java:log(148)) - [id: 0xc47c24cf] BIND: 0.0.0.0/0.0.0.0:15015
2024-04-24 06:58:46,251 [main] INFO  replication.ReplicationServer (ReplicationServer.java:<init>(86)) - Initializing replication server with thread count = 10 queue length = 4096
2024-04-24 06:58:46,254 [c635de7f-7955-4843-9021-ff51e3697f04-NettyServerStreamRpc-bossGroup--thread1] INFO  logging.LoggingHandler (AbstractInternalLogger.java:log(148)) - [id: 0xc47c24cf, L:/0.0.0.0:15015] ACTIVE
2024-04-24 06:58:46,279 [main] INFO  server.XceiverServerGrpc (XceiverServerGrpc.java:<init>(141)) - GrpcServer channel type EpollServerSocketChannel
2024-04-24 06:58:46,318 [main] INFO  replication.ReplicationSupervisor (ReplicationSupervisor.java:build(157)) - Initializing replication supervisor with thread count = 10
2024-04-24 06:58:46,319 [main] INFO  replication.ReplicationSupervisor (ReplicationSupervisor.java:nodeStateUpdated(312)) - Node state updated to IN_SERVICE, scaling executor pool size to 10
2024-04-24 06:58:46,385 [main] INFO  http.BaseHttpServer (BaseHttpServer.java:newHttpServer2BuilderForOzone(223)) - Starting Web-server for hddsDatanode at: http://0.0.0.0:15009
2024-04-24 06:58:46,386 [main] INFO  http.BaseHttpServer (BaseHttpServer.java:<init>(110)) - Hadoop Security Enabled: false Ozone Security Enabled: false Ozone HTTP Security Enabled: false 
2024-04-24 06:58:46,388 [main] WARN  server.AuthenticationFilter (AuthenticationFilter.java:constructSecretProvider(240)) - Unable to initialize FileSignerSecretProvider, falling back to use random secrets. Reason: Could not read signature secret file: /home/runner/hadoop-http-auth-signature-secret
2024-04-24 06:58:46,389 [main] INFO  http.HttpRequestLog (HttpRequestLog.java:getRequestLog(86)) - Http request log for http.requests.hddsDatanode is not defined
2024-04-24 06:58:46,391 [main] INFO  http.HttpServer2 (HttpServer2.java:addGlobalFilter(1036)) - Added global filter 'safety' (class=org.apache.hadoop.hdds.server.http.HttpServer2$QuotingInputFilter)
2024-04-24 06:58:46,392 [main] INFO  http.HttpServer2 (HttpServer2.java:addFilter(1012)) - Added filter static_user_filter (class=org.apache.hadoop.http.lib.StaticUserWebFilter$StaticUserFilter) to context hddsDatanode
2024-04-24 06:58:46,392 [main] INFO  http.HttpServer2 (HttpServer2.java:addFilter(1020)) - Added filter static_user_filter (class=org.apache.hadoop.http.lib.StaticUserWebFilter$StaticUserFilter) to context logs
2024-04-24 06:58:46,392 [main] INFO  http.HttpServer2 (HttpServer2.java:addFilter(1020)) - Added filter static_user_filter (class=org.apache.hadoop.http.lib.StaticUserWebFilter$StaticUserFilter) to context static
2024-04-24 06:58:46,394 [main] INFO  http.BaseHttpServer (BaseHttpServer.java:<init>(189)) - HTTP server of hddsDatanode uses base directory /home/runner/work/ozone/ozone/hadoop-ozone/integration-test/target/test-dir/MiniOzoneClusterImpl-402bd57a-b865-4622-973c-767f06725353/ozone-meta/datanode-1/meta/webserver
2024-04-24 06:58:46,394 [main] INFO  http.HttpServer2 (HttpServer2.java:bindListener(1236)) - Jetty bound to port 15009
2024-04-24 06:58:46,394 [main] INFO  server.Server (Server.java:doStart(375)) - jetty-9.4.53.v20231009; built: 2023-10-09T12:29:09.265Z; git: 27bde00a0b95a1d5bbee0eae7984f891d2d0f8c9; jvm 17.0.10+7
2024-04-24 06:58:46,408 [main] INFO  server.session (DefaultSessionIdManager.java:doStart(334)) - DefaultSessionIdManager workerName=node0
2024-04-24 06:58:46,408 [main] INFO  server.session (DefaultSessionIdManager.java:doStart(339)) - No SessionScavenger set, using defaults
2024-04-24 06:58:46,408 [main] INFO  server.session (HouseKeeper.java:startScavenging(132)) - node0 Scavenging every 660000ms
2024-04-24 06:58:46,412 [main] INFO  handler.ContextHandler (ContextHandler.java:doStart(921)) - Started o.e.j.s.ServletContextHandler@3519fc2a{logs,/logs,file:///home/runner/work/ozone/ozone/hadoop-ozone/integration-test/target/log,AVAILABLE}
2024-04-24 06:58:46,412 [main] INFO  handler.ContextHandler (ContextHandler.java:doStart(921)) - Started o.e.j.s.ServletContextHandler@26ac8501{static,/static,file:///home/runner/work/ozone/ozone/hadoop-hdds/container-service/target/classes/webapps/static,AVAILABLE}
2024-04-24 06:58:46,420 [main] INFO  handler.ContextHandler (ContextHandler.java:doStart(921)) - Started o.e.j.w.WebAppContext@1a6b2564{hddsDatanode,/,file:///home/runner/work/ozone/ozone/hadoop-hdds/container-service/target/classes/webapps/hddsDatanode/,AVAILABLE}{file:/home/runner/work/ozone/ozone/hadoop-hdds/container-service/target/classes/webapps/hddsDatanode}
2024-04-24 06:58:46,421 [main] INFO  server.AbstractConnector (AbstractConnector.java:doStart(333)) - Started ServerConnector@8814bb5{HTTP/1.1, (http/1.1)}{0.0.0.0:15009}
2024-04-24 06:58:46,421 [main] INFO  server.Server (Server.java:doStart(415)) - Started @7642ms
2024-04-24 06:58:46,422 [main] WARN  impl.MetricsSystemImpl (MetricsSystemImpl.java:register(279)) - Sink prometheus already exists!
2024-04-24 06:58:46,422 [main] INFO  http.BaseHttpServer (BaseHttpServer.java:updateConnectorAddress(354)) - HTTP server of hddsDatanode listening at http://0.0.0.0:15009
2024-04-24 06:58:46,426 [main] INFO  ipc.CallQueueManager (CallQueueManager.java:<init>(90)) - Using callQueue: class java.util.concurrent.LinkedBlockingQueue, queueCapacity: 100, scheduler: class org.apache.hadoop.ipc.DefaultRpcScheduler, ipcBackoff: false.
2024-04-24 06:58:46,427 [main] INFO  ipc.Server (Server.java:<init>(1287)) - Listener at 0.0.0.0:15010
2024-04-24 06:58:46,428 [Socket Reader #1 for port 15010] INFO  ipc.Server (Server.java:run(1323)) - Starting Socket Reader #1 for port 15010
2024-04-24 06:58:46,433 [main] INFO  ozone.HddsDatanodeService (HddsDatanodeService.java:start(327)) - Datanode start with admins: [runner]
2024-04-24 06:58:46,433 [main] INFO  ozone.HddsDatanodeClientProtocolServer (HddsDatanodeClientProtocolServer.java:start(77)) - RPC server for Client /0.0.0.0:15010
2024-04-24 06:58:46,434 [IPC Server Responder] INFO  ipc.Server (Server.java:run(1562)) - IPC Server Responder: starting
2024-04-24 06:58:46,434 [IPC Server listener on 15010] INFO  ipc.Server (Server.java:run(1402)) - IPC Server listener on 15010: starting
2024-04-24 06:58:46,436 [main] WARN  dropwizard3.Dm3MetricRegistriesImpl (Dm3MetricRegistriesImpl.java:addReporterRegistration(113)) - New reporters are added after registries were created. Some metrics will be missing from the reporter. Please add reporter before adding any new registry.
2024-04-24 06:58:46,436 [main] WARN  dropwizard3.Dm3MetricRegistriesImpl (Dm3MetricRegistriesImpl.java:addReporterRegistration(113)) - New reporters are added after registries were created. Some metrics will be missing from the reporter. Please add reporter before adding any new registry.
2024-04-24 06:58:46,436 [main] INFO  impl.MetricsSystemImpl (MetricsSystemImpl.java:init(158)) - HddsDatanode metrics system started (again)
2024-04-24 06:58:46,440 [c635de7f-7955-4843-9021-ff51e3697f04-DatanodeStateMachineDaemonThread] INFO  statemachine.DatanodeStateMachine (DatanodeStateMachine.java:lambda$startDaemon$1(555)) - Ozone container server started.
2024-04-24 06:58:46,450 [main] INFO  ozone.HddsDatanodeService (HddsDatanodeService.java:start(240)) - HddsDatanodeService host:fv-az1117-300.frmogvfxo1lepnjzqgguis2xib.cx.internal.cloudapp.net ip:10.1.0.43
2024-04-24 06:58:46,483 [main] INFO  upgrade.AbstractLayoutVersionManager (AbstractLayoutVersionManager.java:init(83)) - Initializing Layout version manager with metadata layout = HADOOP_PRC_PORTS_IN_DATANODEDETAILS (version = 7), software layout = HADOOP_PRC_PORTS_IN_DATANODEDETAILS (version = 7)
2024-04-24 06:58:46,484 [main] INFO  statemachine.DatanodeStateMachine (DatanodeStateMachine.java:getEndPointTaskThreadPoolSize(299)) - Datanode State Machine Task Thread Pool size 2
2024-04-24 06:58:46,488 [main] INFO  volume.HddsVolume (HddsVolume.java:<init>(126)) - Creating HddsVolume: /home/runner/work/ozone/ozone/hadoop-ozone/integration-test/target/test-dir/MiniOzoneClusterImpl-402bd57a-b865-4622-973c-767f06725353/ozone-meta/datanode-2/data-0/hdds of storage type : DISK capacity : 9223372036854775807
2024-04-24 06:58:46,489 [main] INFO  volume.MutableVolumeSet (MutableVolumeSet.java:initializeVolumeSet(173)) - Added Volume : /home/runner/work/ozone/ozone/hadoop-ozone/integration-test/target/test-dir/MiniOzoneClusterImpl-402bd57a-b865-4622-973c-767f06725353/ozone-meta/datanode-2/data-0/hdds to VolumeSet
2024-04-24 06:58:46,491 [main] INFO  volume.MutableVolumeSet (MutableVolumeSet.java:initializeVolumeSet(173)) - Added Volume : /home/runner/work/ozone/ozone/hadoop-ozone/integration-test/target/test-dir/MiniOzoneClusterImpl-402bd57a-b865-4622-973c-767f06725353/ozone-meta/datanode-2/ratis to VolumeSet
2024-04-24 06:58:46,491 [main] INFO  ozoneimpl.OzoneContainer (HddsVolumeUtil.java:loadAllHddsVolumeDbStore(103)) - Load 1 volumes DbStore cost: 0ms
2024-04-24 06:58:46,496 [main] INFO  server.RaftServer (ConfUtils.java:logGet(46)) - raft.rpc.type = GRPC (default)
2024-04-24 06:58:46,497 [main] INFO  grpc.GrpcConfigKeys (ConfUtils.java:logFallback(53)) - raft.grpc.admin.host = null (fallback to raft.grpc.server.host)
2024-04-24 06:58:46,497 [main] INFO  grpc.GrpcConfigKeys (ConfUtils.java:logGet(46)) - raft.grpc.admin.port = 15022 (custom)
2024-04-24 06:58:46,497 [main] INFO  grpc.GrpcConfigKeys (ConfUtils.java:logFallback(53)) - raft.grpc.client.host = null (fallback to raft.grpc.server.host)
2024-04-24 06:58:46,497 [main] INFO  grpc.GrpcConfigKeys (ConfUtils.java:logGet(46)) - raft.grpc.client.port = 15021 (custom)
2024-04-24 06:58:46,498 [main] INFO  grpc.GrpcConfigKeys (ConfUtils.java:logGet(46)) - raft.grpc.server.host = null (default)
2024-04-24 06:58:46,498 [main] INFO  grpc.GrpcConfigKeys (ConfUtils.java:logGet(46)) - raft.grpc.server.port = 15023 (custom)
2024-04-24 06:58:46,498 [main] INFO  server.GrpcService (ConfUtils.java:logGet(46)) - raft.grpc.message.size.max = 32MB (=33554432) (custom)
2024-04-24 06:58:46,498 [main] INFO  server.RaftServerConfigKeys (ConfUtils.java:logGet(46)) - raft.server.log.appender.buffer.byte-limit = 8388608 (custom)
2024-04-24 06:58:46,498 [main] INFO  server.GrpcService (ConfUtils.java:logGet(46)) - raft.grpc.flow.control.window = 5MB (=5242880) (custom)
2024-04-24 06:58:46,498 [main] INFO  server.RaftServerConfigKeys (ConfUtils.java:logGet(46)) - raft.server.rpc.request.timeout = 60s (custom)
2024-04-24 06:58:46,498 [main] INFO  grpc.GrpcConfigKeys (ConfUtils.java:logGet(46)) - raft.grpc.server.heartbeat.channel = true (default)
2024-04-24 06:58:46,499 [main] INFO  grpc.GrpcConfigKeys (ConfUtils.java:logGet(46)) - raft.grpc.server.async.request.thread.pool.cached = true (default)
2024-04-24 06:58:46,499 [main] INFO  grpc.GrpcConfigKeys (ConfUtils.java:logGet(46)) - raft.grpc.server.async.request.thread.pool.size = 32 (default)
2024-04-24 06:58:46,501 [main] INFO  impl.DataStreamServerImpl (ConfUtils.java:logGet(46)) - raft.datastream.type = NETTY (custom)
2024-04-24 06:58:46,502 [main] INFO  server.RaftServerConfigKeys (ConfUtils.java:logGet(46)) - raft.server.data-stream.async.request.thread.pool.cached = false (default)
2024-04-24 06:58:46,503 [main] INFO  server.RaftServerConfigKeys (ConfUtils.java:logGet(46)) - raft.server.data-stream.async.request.thread.pool.size = 20 (custom)
2024-04-24 06:58:46,503 [main] INFO  server.RaftServerConfigKeys (ConfUtils.java:logGet(46)) - raft.server.data-stream.async.write.thread.pool.size = 16 (default)
2024-04-24 06:58:46,503 [main] INFO  netty.NettyConfigKeys$DataStream (ConfUtils.java:logGet(46)) - raft.netty.dataStream.server.channel.inactive.grace-period = 10min (default)
2024-04-24 06:58:46,503 [main] INFO  server.RaftServerConfigKeys (ConfUtils.java:logGet(46)) - raft.server.data-stream.client.pool.size = 10 (default)
2024-04-24 06:58:46,503 [main] INFO  netty.NettyConfigKeys$DataStream (ConfUtils.java:logGet(46)) - raft.netty.dataStream.server.use-epoll = true (default)
2024-04-24 06:58:46,503 [main] INFO  netty.NettyConfigKeys$DataStream (ConfUtils.java:logGet(46)) - raft.netty.dataStream.server.boss-group.size = 0 (default)
2024-04-24 06:58:46,503 [main] INFO  netty.NettyUtils (NettyUtils.java:newEventLoopGroup(69)) - Create EpollEventLoopGroup for 356ba7ca-2ac8-4352-a0c1-d7eac5981de9-NettyServerStreamRpc-bossGroup; Thread size is 0.
2024-04-24 06:58:46,524 [main] INFO  netty.NettyConfigKeys$DataStream (ConfUtils.java:logGet(46)) - raft.netty.dataStream.server.worker-group.size = 0 (default)
2024-04-24 06:58:46,524 [main] INFO  netty.NettyUtils (NettyUtils.java:newEventLoopGroup(69)) - Create EpollEventLoopGroup for 356ba7ca-2ac8-4352-a0c1-d7eac5981de9-NettyServerStreamRpc-workerGroup; Thread size is 0.
2024-04-24 06:58:46,525 [main] INFO  netty.NettyConfigKeys$DataStream (ConfUtils.java:logGet(46)) - raft.netty.dataStream.server.tls.conf = null (default)
2024-04-24 06:58:46,525 [main] INFO  netty.NettyConfigKeys$DataStream (ConfUtils.java:logGet(46)) - raft.netty.dataStream.host = null (default)
2024-04-24 06:58:46,525 [main] INFO  netty.NettyConfigKeys$DataStream (ConfUtils.java:logGet(46)) - raft.netty.dataStream.port = 15024 (custom)
2024-04-24 06:58:46,526 [main] INFO  server.RaftServerConfigKeys (ConfUtils.java:logGet(46)) - raft.server.sleep.deviation.threshold = 300ms (default)
2024-04-24 06:58:46,526 [main] INFO  server.RaftServerConfigKeys (ConfUtils.java:logGet(46)) - raft.server.close.threshold = 60s (default)
2024-04-24 06:58:46,526 [main] INFO  server.RaftServerConfigKeys (ConfUtils.java:logGet(46)) - raft.server.leaderelection.leader.step-down.wait-time = 10s (default)
2024-04-24 06:58:46,526 [main] INFO  server.RaftServerConfigKeys (ConfUtils.java:logGet(46)) - raft.server.storage.dir = [/home/runner/work/ozone/ozone/hadoop-ozone/integration-test/target/test-dir/MiniOzoneClusterImpl-402bd57a-b865-4622-973c-767f06725353/ozone-meta/datanode-2/ratis] (custom)
2024-04-24 06:58:46,526 [main] INFO  server.RaftServerConfigKeys (ConfUtils.java:logGet(46)) - raft.server.threadpool.proxy.cached = true (default)
2024-04-24 06:58:46,526 [main] INFO  server.RaftServerConfigKeys (ConfUtils.java:logGet(46)) - raft.server.threadpool.proxy.size = 0 (default)
2024-04-24 06:58:46,527 [356ba7ca-2ac8-4352-a0c1-d7eac5981de9-NettyServerStreamRpc-bossGroup--thread1] INFO  logging.LoggingHandler (AbstractInternalLogger.java:log(148)) - [id: 0xb8f01c94] REGISTERED
2024-04-24 06:58:46,527 [356ba7ca-2ac8-4352-a0c1-d7eac5981de9-NettyServerStreamRpc-bossGroup--thread1] INFO  logging.LoggingHandler (AbstractInternalLogger.java:log(148)) - [id: 0xb8f01c94] BIND: 0.0.0.0/0.0.0.0:15024
2024-04-24 06:58:46,527 [356ba7ca-2ac8-4352-a0c1-d7eac5981de9-NettyServerStreamRpc-bossGroup--thread1] INFO  logging.LoggingHandler (AbstractInternalLogger.java:log(148)) - [id: 0xb8f01c94, L:/0.0.0.0:15024] ACTIVE
2024-04-24 06:58:46,528 [356ba7ca-2ac8-4352-a0c1-d7eac5981de9-impl-thread1] INFO  server.RaftServer (RaftServerProxy.java:initGroupDir(264)) - 356ba7ca-2ac8-4352-a0c1-d7eac5981de9: found a subdirectory /home/runner/work/ozone/ozone/hadoop-ozone/integration-test/target/test-dir/MiniOzoneClusterImpl-402bd57a-b865-4622-973c-767f06725353/ozone-meta/datanode-2/ratis/tmp
2024-04-24 06:58:46,528 [356ba7ca-2ac8-4352-a0c1-d7eac5981de9-impl-thread1] INFO  server.RaftServer (RaftServerProxy.java:initGroupDir(269)) - 356ba7ca-2ac8-4352-a0c1-d7eac5981de9: The directory /home/runner/work/ozone/ozone/hadoop-ozone/integration-test/target/test-dir/MiniOzoneClusterImpl-402bd57a-b865-4622-973c-767f06725353/ozone-meta/datanode-2/ratis/tmp is not a group directory; ignoring it. 
2024-04-24 06:58:46,528 [main] INFO  replication.ReplicationServer (ReplicationServer.java:<init>(86)) - Initializing replication server with thread count = 10 queue length = 4096
2024-04-24 06:58:46,530 [main] INFO  server.XceiverServerGrpc (XceiverServerGrpc.java:<init>(141)) - GrpcServer channel type EpollServerSocketChannel
2024-04-24 06:58:46,534 [main] INFO  replication.ReplicationSupervisor (ReplicationSupervisor.java:build(157)) - Initializing replication supervisor with thread count = 10
2024-04-24 06:58:46,534 [main] INFO  replication.ReplicationSupervisor (ReplicationSupervisor.java:nodeStateUpdated(312)) - Node state updated to IN_SERVICE, scaling executor pool size to 10
2024-04-24 06:58:46,541 [main] INFO  http.BaseHttpServer (BaseHttpServer.java:newHttpServer2BuilderForOzone(223)) - Starting Web-server for hddsDatanode at: http://0.0.0.0:15018
2024-04-24 06:58:46,541 [main] INFO  http.BaseHttpServer (BaseHttpServer.java:<init>(110)) - Hadoop Security Enabled: false Ozone Security Enabled: false Ozone HTTP Security Enabled: false 
2024-04-24 06:58:46,543 [main] WARN  server.AuthenticationFilter (AuthenticationFilter.java:constructSecretProvider(240)) - Unable to initialize FileSignerSecretProvider, falling back to use random secrets. Reason: Could not read signature secret file: /home/runner/hadoop-http-auth-signature-secret
2024-04-24 06:58:46,544 [main] INFO  http.HttpRequestLog (HttpRequestLog.java:getRequestLog(86)) - Http request log for http.requests.hddsDatanode is not defined
2024-04-24 06:58:46,545 [main] INFO  http.HttpServer2 (HttpServer2.java:addGlobalFilter(1036)) - Added global filter 'safety' (class=org.apache.hadoop.hdds.server.http.HttpServer2$QuotingInputFilter)
2024-04-24 06:58:46,546 [main] INFO  http.HttpServer2 (HttpServer2.java:addFilter(1012)) - Added filter static_user_filter (class=org.apache.hadoop.http.lib.StaticUserWebFilter$StaticUserFilter) to context hddsDatanode
2024-04-24 06:58:46,547 [main] INFO  http.HttpServer2 (HttpServer2.java:addFilter(1020)) - Added filter static_user_filter (class=org.apache.hadoop.http.lib.StaticUserWebFilter$StaticUserFilter) to context static
2024-04-24 06:58:46,547 [main] INFO  http.HttpServer2 (HttpServer2.java:addFilter(1020)) - Added filter static_user_filter (class=org.apache.hadoop.http.lib.StaticUserWebFilter$StaticUserFilter) to context logs
2024-04-24 06:58:46,547 [main] INFO  http.BaseHttpServer (BaseHttpServer.java:<init>(189)) - HTTP server of hddsDatanode uses base directory /home/runner/work/ozone/ozone/hadoop-ozone/integration-test/target/test-dir/MiniOzoneClusterImpl-402bd57a-b865-4622-973c-767f06725353/ozone-meta/datanode-2/meta/webserver
2024-04-24 06:58:46,548 [main] INFO  http.HttpServer2 (HttpServer2.java:bindListener(1236)) - Jetty bound to port 15018
2024-04-24 06:58:46,548 [main] INFO  server.Server (Server.java:doStart(375)) - jetty-9.4.53.v20231009; built: 2023-10-09T12:29:09.265Z; git: 27bde00a0b95a1d5bbee0eae7984f891d2d0f8c9; jvm 17.0.10+7
2024-04-24 06:58:46,551 [main] INFO  server.session (DefaultSessionIdManager.java:doStart(334)) - DefaultSessionIdManager workerName=node0
2024-04-24 06:58:46,551 [main] INFO  server.session (DefaultSessionIdManager.java:doStart(339)) - No SessionScavenger set, using defaults
2024-04-24 06:58:46,552 [main] INFO  server.session (HouseKeeper.java:startScavenging(132)) - node0 Scavenging every 660000ms
2024-04-24 06:58:46,557 [main] INFO  handler.ContextHandler (ContextHandler.java:doStart(921)) - Started o.e.j.s.ServletContextHandler@1cf8d43b{logs,/logs,file:///home/runner/work/ozone/ozone/hadoop-ozone/integration-test/target/log,AVAILABLE}
2024-04-24 06:58:46,557 [main] INFO  handler.ContextHandler (ContextHandler.java:doStart(921)) - Started o.e.j.s.ServletContextHandler@187c011d{static,/static,file:///home/runner/work/ozone/ozone/hadoop-hdds/container-service/target/classes/webapps/static,AVAILABLE}
2024-04-24 06:58:46,567 [main] INFO  handler.ContextHandler (ContextHandler.java:doStart(921)) - Started o.e.j.w.WebAppContext@19e7aa5b{hddsDatanode,/,file:///home/runner/work/ozone/ozone/hadoop-hdds/container-service/target/classes/webapps/hddsDatanode/,AVAILABLE}{file:/home/runner/work/ozone/ozone/hadoop-hdds/container-service/target/classes/webapps/hddsDatanode}
2024-04-24 06:58:46,569 [main] INFO  server.AbstractConnector (AbstractConnector.java:doStart(333)) - Started ServerConnector@6a79a909{HTTP/1.1, (http/1.1)}{0.0.0.0:15018}
2024-04-24 06:58:46,570 [main] INFO  server.Server (Server.java:doStart(415)) - Started @7791ms
2024-04-24 06:58:46,571 [main] WARN  impl.MetricsSystemImpl (MetricsSystemImpl.java:register(279)) - Sink prometheus already exists!
2024-04-24 06:58:46,572 [main] INFO  http.BaseHttpServer (BaseHttpServer.java:updateConnectorAddress(354)) - HTTP server of hddsDatanode listening at http://0.0.0.0:15018
2024-04-24 06:58:46,573 [main] INFO  ipc.CallQueueManager (CallQueueManager.java:<init>(90)) - Using callQueue: class java.util.concurrent.LinkedBlockingQueue, queueCapacity: 100, scheduler: class org.apache.hadoop.ipc.DefaultRpcScheduler, ipcBackoff: false.
2024-04-24 06:58:46,574 [main] INFO  ipc.Server (Server.java:<init>(1287)) - Listener at 0.0.0.0:15019
2024-04-24 06:58:46,575 [Socket Reader #1 for port 15019] INFO  ipc.Server (Server.java:run(1323)) - Starting Socket Reader #1 for port 15019
2024-04-24 06:58:46,579 [main] INFO  ozone.HddsDatanodeService (HddsDatanodeService.java:start(327)) - Datanode start with admins: [runner]
2024-04-24 06:58:46,579 [main] INFO  ozone.HddsDatanodeClientProtocolServer (HddsDatanodeClientProtocolServer.java:start(77)) - RPC server for Client /0.0.0.0:15019
2024-04-24 06:58:46,580 [IPC Server Responder] INFO  ipc.Server (Server.java:run(1562)) - IPC Server Responder: starting
2024-04-24 06:58:46,581 [IPC Server listener on 15019] INFO  ipc.Server (Server.java:run(1402)) - IPC Server listener on 15019: starting
2024-04-24 06:58:46,584 [c635de7f-7955-4843-9021-ff51e3697f04-DatanodeStateMachineTaskThread-0] INFO  datanode.InitDatanodeState (InitDatanodeState.java:persistContainerDatanodeDetails(139)) - DatanodeDetails is persisted to /home/runner/work/ozone/ozone/hadoop-ozone/integration-test/target/test-dir/MiniOzoneClusterImpl-402bd57a-b865-4622-973c-767f06725353/ozone-meta/datanode-1/meta/datanode.id
2024-04-24 06:58:46,585 [main] WARN  dropwizard3.Dm3MetricRegistriesImpl (Dm3MetricRegistriesImpl.java:addReporterRegistration(113)) - New reporters are added after registries were created. Some metrics will be missing from the reporter. Please add reporter before adding any new registry.
2024-04-24 06:58:46,586 [main] WARN  dropwizard3.Dm3MetricRegistriesImpl (Dm3MetricRegistriesImpl.java:addReporterRegistration(113)) - New reporters are added after registries were created. Some metrics will be missing from the reporter. Please add reporter before adding any new registry.
2024-04-24 06:58:46,586 [main] INFO  impl.MetricsSystemImpl (MetricsSystemImpl.java:init(158)) - HddsDatanode metrics system started (again)
2024-04-24 06:58:46,588 [356ba7ca-2ac8-4352-a0c1-d7eac5981de9-DatanodeStateMachineDaemonThread] INFO  statemachine.DatanodeStateMachine (DatanodeStateMachine.java:lambda$startDaemon$1(555)) - Ozone container server started.
2024-04-24 06:58:46,598 [356ba7ca-2ac8-4352-a0c1-d7eac5981de9-DatanodeStateMachineTaskThread-0] INFO  datanode.InitDatanodeState (InitDatanodeState.java:persistContainerDatanodeDetails(139)) - DatanodeDetails is persisted to /home/runner/work/ozone/ozone/hadoop-ozone/integration-test/target/test-dir/MiniOzoneClusterImpl-402bd57a-b865-4622-973c-767f06725353/ozone-meta/datanode-2/meta/datanode.id
2024-04-24 06:58:46,600 [main] INFO  ozone.HddsDatanodeService (HddsDatanodeService.java:start(240)) - HddsDatanodeService host:fv-az1117-300.frmogvfxo1lepnjzqgguis2xib.cx.internal.cloudapp.net ip:10.1.0.43
2024-04-24 06:58:46,630 [main] INFO  upgrade.AbstractLayoutVersionManager (AbstractLayoutVersionManager.java:init(83)) - Initializing Layout version manager with metadata layout = HADOOP_PRC_PORTS_IN_DATANODEDETAILS (version = 7), software layout = HADOOP_PRC_PORTS_IN_DATANODEDETAILS (version = 7)
2024-04-24 06:58:46,631 [main] INFO  statemachine.DatanodeStateMachine (DatanodeStateMachine.java:getEndPointTaskThreadPoolSize(299)) - Datanode State Machine Task Thread Pool size 2
2024-04-24 06:58:46,635 [main] INFO  volume.HddsVolume (HddsVolume.java:<init>(126)) - Creating HddsVolume: /home/runner/work/ozone/ozone/hadoop-ozone/integration-test/target/test-dir/MiniOzoneClusterImpl-402bd57a-b865-4622-973c-767f06725353/ozone-meta/datanode-3/data-0/hdds of storage type : DISK capacity : 9223372036854775807
2024-04-24 06:58:46,635 [main] INFO  volume.MutableVolumeSet (MutableVolumeSet.java:initializeVolumeSet(173)) - Added Volume : /home/runner/work/ozone/ozone/hadoop-ozone/integration-test/target/test-dir/MiniOzoneClusterImpl-402bd57a-b865-4622-973c-767f06725353/ozone-meta/datanode-3/data-0/hdds to VolumeSet
2024-04-24 06:58:46,637 [main] INFO  volume.MutableVolumeSet (MutableVolumeSet.java:initializeVolumeSet(173)) - Added Volume : /home/runner/work/ozone/ozone/hadoop-ozone/integration-test/target/test-dir/MiniOzoneClusterImpl-402bd57a-b865-4622-973c-767f06725353/ozone-meta/datanode-3/ratis to VolumeSet
2024-04-24 06:58:46,638 [main] INFO  ozoneimpl.OzoneContainer (HddsVolumeUtil.java:loadAllHddsVolumeDbStore(103)) - Load 1 volumes DbStore cost: 0ms
2024-04-24 06:58:46,643 [main] INFO  server.RaftServer (ConfUtils.java:logGet(46)) - raft.rpc.type = GRPC (default)
2024-04-24 06:58:46,643 [main] INFO  grpc.GrpcConfigKeys (ConfUtils.java:logFallback(53)) - raft.grpc.admin.host = null (fallback to raft.grpc.server.host)
2024-04-24 06:58:46,643 [main] INFO  grpc.GrpcConfigKeys (ConfUtils.java:logGet(46)) - raft.grpc.admin.port = 15031 (custom)
2024-04-24 06:58:46,643 [main] INFO  grpc.GrpcConfigKeys (ConfUtils.java:logFallback(53)) - raft.grpc.client.host = null (fallback to raft.grpc.server.host)
2024-04-24 06:58:46,644 [main] INFO  grpc.GrpcConfigKeys (ConfUtils.java:logGet(46)) - raft.grpc.client.port = 15030 (custom)
2024-04-24 06:58:46,644 [main] INFO  grpc.GrpcConfigKeys (ConfUtils.java:logGet(46)) - raft.grpc.server.host = null (default)
2024-04-24 06:58:46,644 [main] INFO  grpc.GrpcConfigKeys (ConfUtils.java:logGet(46)) - raft.grpc.server.port = 15032 (custom)
2024-04-24 06:58:46,644 [main] INFO  server.GrpcService (ConfUtils.java:logGet(46)) - raft.grpc.message.size.max = 32MB (=33554432) (custom)
2024-04-24 06:58:46,644 [main] INFO  server.RaftServerConfigKeys (ConfUtils.java:logGet(46)) - raft.server.log.appender.buffer.byte-limit = 8388608 (custom)
2024-04-24 06:58:46,644 [main] INFO  server.GrpcService (ConfUtils.java:logGet(46)) - raft.grpc.flow.control.window = 5MB (=5242880) (custom)
2024-04-24 06:58:46,645 [main] INFO  server.RaftServerConfigKeys (ConfUtils.java:logGet(46)) - raft.server.rpc.request.timeout = 60s (custom)
2024-04-24 06:58:46,645 [main] INFO  grpc.GrpcConfigKeys (ConfUtils.java:logGet(46)) - raft.grpc.server.heartbeat.channel = true (default)
2024-04-24 06:58:46,645 [main] INFO  grpc.GrpcConfigKeys (ConfUtils.java:logGet(46)) - raft.grpc.server.async.request.thread.pool.cached = true (default)
2024-04-24 06:58:46,645 [main] INFO  grpc.GrpcConfigKeys (ConfUtils.java:logGet(46)) - raft.grpc.server.async.request.thread.pool.size = 32 (default)
2024-04-24 06:58:46,648 [main] INFO  impl.DataStreamServerImpl (ConfUtils.java:logGet(46)) - raft.datastream.type = NETTY (custom)
2024-04-24 06:58:46,649 [main] INFO  server.RaftServerConfigKeys (ConfUtils.java:logGet(46)) - raft.server.data-stream.async.request.thread.pool.cached = false (default)
2024-04-24 06:58:46,649 [main] INFO  server.RaftServerConfigKeys (ConfUtils.java:logGet(46)) - raft.server.data-stream.async.request.thread.pool.size = 20 (custom)
2024-04-24 06:58:46,650 [main] INFO  server.RaftServerConfigKeys (ConfUtils.java:logGet(46)) - raft.server.data-stream.async.write.thread.pool.size = 16 (default)
2024-04-24 06:58:46,650 [main] INFO  netty.NettyConfigKeys$DataStream (ConfUtils.java:logGet(46)) - raft.netty.dataStream.server.channel.inactive.grace-period = 10min (default)
2024-04-24 06:58:46,650 [main] INFO  server.RaftServerConfigKeys (ConfUtils.java:logGet(46)) - raft.server.data-stream.client.pool.size = 10 (default)
2024-04-24 06:58:46,650 [main] INFO  netty.NettyConfigKeys$DataStream (ConfUtils.java:logGet(46)) - raft.netty.dataStream.server.use-epoll = true (default)
2024-04-24 06:58:46,650 [main] INFO  netty.NettyConfigKeys$DataStream (ConfUtils.java:logGet(46)) - raft.netty.dataStream.server.boss-group.size = 0 (default)
2024-04-24 06:58:46,651 [main] INFO  netty.NettyUtils (NettyUtils.java:newEventLoopGroup(69)) - Create EpollEventLoopGroup for af396eb3-dbe1-4cff-9ccf-d69285efe845-NettyServerStreamRpc-bossGroup; Thread size is 0.
2024-04-24 06:58:46,651 [main] INFO  netty.NettyConfigKeys$DataStream (ConfUtils.java:logGet(46)) - raft.netty.dataStream.server.worker-group.size = 0 (default)
2024-04-24 06:58:46,651 [main] INFO  netty.NettyUtils (NettyUtils.java:newEventLoopGroup(69)) - Create EpollEventLoopGroup for af396eb3-dbe1-4cff-9ccf-d69285efe845-NettyServerStreamRpc-workerGroup; Thread size is 0.
2024-04-24 06:58:46,652 [main] INFO  netty.NettyConfigKeys$DataStream (ConfUtils.java:logGet(46)) - raft.netty.dataStream.server.tls.conf = null (default)
2024-04-24 06:58:46,652 [main] INFO  netty.NettyConfigKeys$DataStream (ConfUtils.java:logGet(46)) - raft.netty.dataStream.host = null (default)
2024-04-24 06:58:46,652 [main] INFO  netty.NettyConfigKeys$DataStream (ConfUtils.java:logGet(46)) - raft.netty.dataStream.port = 15033 (custom)
2024-04-24 06:58:46,653 [main] INFO  server.RaftServerConfigKeys (ConfUtils.java:logGet(46)) - raft.server.sleep.deviation.threshold = 300ms (default)
2024-04-24 06:58:46,653 [main] INFO  server.RaftServerConfigKeys (ConfUtils.java:logGet(46)) - raft.server.close.threshold = 60s (default)
2024-04-24 06:58:46,653 [main] INFO  server.RaftServerConfigKeys (ConfUtils.java:logGet(46)) - raft.server.leaderelection.leader.step-down.wait-time = 10s (default)
2024-04-24 06:58:46,654 [main] INFO  server.RaftServerConfigKeys (ConfUtils.java:logGet(46)) - raft.server.storage.dir = [/home/runner/work/ozone/ozone/hadoop-ozone/integration-test/target/test-dir/MiniOzoneClusterImpl-402bd57a-b865-4622-973c-767f06725353/ozone-meta/datanode-3/ratis] (custom)
2024-04-24 06:58:46,654 [main] INFO  server.RaftServerConfigKeys (ConfUtils.java:logGet(46)) - raft.server.threadpool.proxy.cached = true (default)
2024-04-24 06:58:46,654 [main] INFO  server.RaftServerConfigKeys (ConfUtils.java:logGet(46)) - raft.server.threadpool.proxy.size = 0 (default)
2024-04-24 06:58:46,655 [af396eb3-dbe1-4cff-9ccf-d69285efe845-impl-thread1] INFO  server.RaftServer (RaftServerProxy.java:initGroupDir(264)) - af396eb3-dbe1-4cff-9ccf-d69285efe845: found a subdirectory /home/runner/work/ozone/ozone/hadoop-ozone/integration-test/target/test-dir/MiniOzoneClusterImpl-402bd57a-b865-4622-973c-767f06725353/ozone-meta/datanode-3/ratis/tmp
2024-04-24 06:58:46,656 [af396eb3-dbe1-4cff-9ccf-d69285efe845-NettyServerStreamRpc-bossGroup--thread1] INFO  logging.LoggingHandler (AbstractInternalLogger.java:log(148)) - [id: 0x1cabfe72] REGISTERED
2024-04-24 06:58:46,656 [af396eb3-dbe1-4cff-9ccf-d69285efe845-NettyServerStreamRpc-bossGroup--thread1] INFO  logging.LoggingHandler (AbstractInternalLogger.java:log(148)) - [id: 0x1cabfe72] BIND: 0.0.0.0/0.0.0.0:15033
2024-04-24 06:58:46,656 [af396eb3-dbe1-4cff-9ccf-d69285efe845-NettyServerStreamRpc-bossGroup--thread1] INFO  logging.LoggingHandler (AbstractInternalLogger.java:log(148)) - [id: 0x1cabfe72, L:/0.0.0.0:15033] ACTIVE
2024-04-24 06:58:46,656 [af396eb3-dbe1-4cff-9ccf-d69285efe845-impl-thread1] INFO  server.RaftServer (RaftServerProxy.java:initGroupDir(269)) - af396eb3-dbe1-4cff-9ccf-d69285efe845: The directory /home/runner/work/ozone/ozone/hadoop-ozone/integration-test/target/test-dir/MiniOzoneClusterImpl-402bd57a-b865-4622-973c-767f06725353/ozone-meta/datanode-3/ratis/tmp is not a group directory; ignoring it. 
2024-04-24 06:58:46,657 [main] INFO  replication.ReplicationServer (ReplicationServer.java:<init>(86)) - Initializing replication server with thread count = 10 queue length = 4096
2024-04-24 06:58:46,659 [main] INFO  server.XceiverServerGrpc (XceiverServerGrpc.java:<init>(141)) - GrpcServer channel type EpollServerSocketChannel
2024-04-24 06:58:46,663 [main] INFO  replication.ReplicationSupervisor (ReplicationSupervisor.java:build(157)) - Initializing replication supervisor with thread count = 10
2024-04-24 06:58:46,664 [main] INFO  replication.ReplicationSupervisor (ReplicationSupervisor.java:nodeStateUpdated(312)) - Node state updated to IN_SERVICE, scaling executor pool size to 10
2024-04-24 06:58:46,667 [main] INFO  http.BaseHttpServer (BaseHttpServer.java:newHttpServer2BuilderForOzone(223)) - Starting Web-server for hddsDatanode at: http://0.0.0.0:15027
2024-04-24 06:58:46,667 [main] INFO  http.BaseHttpServer (BaseHttpServer.java:<init>(110)) - Hadoop Security Enabled: false Ozone Security Enabled: false Ozone HTTP Security Enabled: false 
2024-04-24 06:58:46,669 [main] WARN  server.AuthenticationFilter (AuthenticationFilter.java:constructSecretProvider(240)) - Unable to initialize FileSignerSecretProvider, falling back to use random secrets. Reason: Could not read signature secret file: /home/runner/hadoop-http-auth-signature-secret
2024-04-24 06:58:46,671 [main] INFO  http.HttpRequestLog (HttpRequestLog.java:getRequestLog(86)) - Http request log for http.requests.hddsDatanode is not defined
2024-04-24 06:58:46,673 [main] INFO  http.HttpServer2 (HttpServer2.java:addGlobalFilter(1036)) - Added global filter 'safety' (class=org.apache.hadoop.hdds.server.http.HttpServer2$QuotingInputFilter)
2024-04-24 06:58:46,674 [main] INFO  http.HttpServer2 (HttpServer2.java:addFilter(1012)) - Added filter static_user_filter (class=org.apache.hadoop.http.lib.StaticUserWebFilter$StaticUserFilter) to context hddsDatanode
2024-04-24 06:58:46,674 [main] INFO  http.HttpServer2 (HttpServer2.java:addFilter(1020)) - Added filter static_user_filter (class=org.apache.hadoop.http.lib.StaticUserWebFilter$StaticUserFilter) to context logs
2024-04-24 06:58:46,674 [main] INFO  http.HttpServer2 (HttpServer2.java:addFilter(1020)) - Added filter static_user_filter (class=org.apache.hadoop.http.lib.StaticUserWebFilter$StaticUserFilter) to context static
2024-04-24 06:58:46,675 [main] INFO  http.BaseHttpServer (BaseHttpServer.java:<init>(189)) - HTTP server of hddsDatanode uses base directory /home/runner/work/ozone/ozone/hadoop-ozone/integration-test/target/test-dir/MiniOzoneClusterImpl-402bd57a-b865-4622-973c-767f06725353/ozone-meta/datanode-3/meta/webserver
2024-04-24 06:58:46,676 [main] INFO  http.HttpServer2 (HttpServer2.java:bindListener(1236)) - Jetty bound to port 15027
2024-04-24 06:58:46,676 [main] INFO  server.Server (Server.java:doStart(375)) - jetty-9.4.53.v20231009; built: 2023-10-09T12:29:09.265Z; git: 27bde00a0b95a1d5bbee0eae7984f891d2d0f8c9; jvm 17.0.10+7
2024-04-24 06:58:46,684 [main] INFO  server.session (DefaultSessionIdManager.java:doStart(334)) - DefaultSessionIdManager workerName=node0
2024-04-24 06:58:46,684 [main] INFO  server.session (DefaultSessionIdManager.java:doStart(339)) - No SessionScavenger set, using defaults
2024-04-24 06:58:46,684 [main] INFO  server.session (HouseKeeper.java:startScavenging(132)) - node0 Scavenging every 660000ms
2024-04-24 06:58:46,688 [main] INFO  handler.ContextHandler (ContextHandler.java:doStart(921)) - Started o.e.j.s.ServletContextHandler@7abc82fa{logs,/logs,file:///home/runner/work/ozone/ozone/hadoop-ozone/integration-test/target/log,AVAILABLE}
2024-04-24 06:58:46,689 [main] INFO  handler.ContextHandler (ContextHandler.java:doStart(921)) - Started o.e.j.s.ServletContextHandler@79acb200{static,/static,file:///home/runner/work/ozone/ozone/hadoop-hdds/container-service/target/classes/webapps/static,AVAILABLE}
2024-04-24 06:58:46,694 [main] INFO  handler.ContextHandler (ContextHandler.java:doStart(921)) - Started o.e.j.w.WebAppContext@4d36c8cb{hddsDatanode,/,file:///home/runner/work/ozone/ozone/hadoop-hdds/container-service/target/classes/webapps/hddsDatanode/,AVAILABLE}{file:/home/runner/work/ozone/ozone/hadoop-hdds/container-service/target/classes/webapps/hddsDatanode}
2024-04-24 06:58:46,697 [main] INFO  server.AbstractConnector (AbstractConnector.java:doStart(333)) - Started ServerConnector@4aa8504f{HTTP/1.1, (http/1.1)}{0.0.0.0:15027}
2024-04-24 06:58:46,697 [main] INFO  server.Server (Server.java:doStart(415)) - Started @7918ms
2024-04-24 06:58:46,697 [main] WARN  impl.MetricsSystemImpl (MetricsSystemImpl.java:register(279)) - Sink prometheus already exists!
2024-04-24 06:58:46,698 [main] INFO  http.BaseHttpServer (BaseHttpServer.java:updateConnectorAddress(354)) - HTTP server of hddsDatanode listening at http://0.0.0.0:15027
2024-04-24 06:58:46,698 [main] INFO  ipc.CallQueueManager (CallQueueManager.java:<init>(90)) - Using callQueue: class java.util.concurrent.LinkedBlockingQueue, queueCapacity: 100, scheduler: class org.apache.hadoop.ipc.DefaultRpcScheduler, ipcBackoff: false.
2024-04-24 06:58:46,699 [main] INFO  ipc.Server (Server.java:<init>(1287)) - Listener at 0.0.0.0:15028
2024-04-24 06:58:46,699 [Socket Reader #1 for port 15028] INFO  ipc.Server (Server.java:run(1323)) - Starting Socket Reader #1 for port 15028
2024-04-24 06:58:46,708 [main] INFO  ozone.HddsDatanodeService (HddsDatanodeService.java:start(327)) - Datanode start with admins: [runner]
2024-04-24 06:58:46,708 [main] INFO  ozone.HddsDatanodeClientProtocolServer (HddsDatanodeClientProtocolServer.java:start(77)) - RPC server for Client /0.0.0.0:15028
2024-04-24 06:58:46,709 [IPC Server Responder] INFO  ipc.Server (Server.java:run(1562)) - IPC Server Responder: starting
2024-04-24 06:58:46,710 [IPC Server listener on 15028] INFO  ipc.Server (Server.java:run(1402)) - IPC Server listener on 15028: starting
2024-04-24 06:58:46,711 [af396eb3-dbe1-4cff-9ccf-d69285efe845-DatanodeStateMachineDaemonThread] INFO  statemachine.DatanodeStateMachine (DatanodeStateMachine.java:lambda$startDaemon$1(555)) - Ozone container server started.
2024-04-24 06:58:46,712 [main] INFO  ozone.MiniOzoneClusterImpl (MiniOzoneClusterImpl.java:lambda$waitForClusterToBeReady$0(194)) - Waiting for nodes to be ready. Got 0 of 3 DN Heartbeats.
2024-04-24 06:58:46,712 [main] INFO  ozone.MiniOzoneClusterImpl (MiniOzoneClusterImpl.java:lambda$waitForClusterToBeReady$0(197)) - Waiting for cluster to exit safe mode
2024-04-24 06:58:46,712 [main] INFO  ozone.MiniOzoneClusterImpl (MiniOzoneClusterImpl.java:lambda$waitForClusterToBeReady$0(199)) - SCM became leader
2024-04-24 06:58:46,719 [af396eb3-dbe1-4cff-9ccf-d69285efe845-DatanodeStateMachineTaskThread-0] INFO  datanode.InitDatanodeState (InitDatanodeState.java:persistContainerDatanodeDetails(139)) - DatanodeDetails is persisted to /home/runner/work/ozone/ozone/hadoop-ozone/integration-test/target/test-dir/MiniOzoneClusterImpl-402bd57a-b865-4622-973c-767f06725353/ozone-meta/datanode-3/meta/datanode.id
2024-04-24 06:58:46,807 [om1@group-C5BA1605619E-FollowerState] INFO  impl.FollowerState (FollowerState.java:run(143)) - om1@group-C5BA1605619E-FollowerState: change to CANDIDATE, lastRpcElapsedTime:1110529258ns, electionTimeout:1108ms
2024-04-24 06:58:46,807 [om1@group-C5BA1605619E-FollowerState] INFO  impl.RoleInfo (RoleInfo.java:shutdownFollowerState(110)) - om1: shutdown om1@group-C5BA1605619E-FollowerState
2024-04-24 06:58:46,807 [om1@group-C5BA1605619E-FollowerState] INFO  server.RaftServer$Division (RaftServerImpl.java:setRole(383)) - om1@group-C5BA1605619E: changes role from  FOLLOWER to CANDIDATE at term 0 for changeToCandidate
2024-04-24 06:58:46,809 [om1@group-C5BA1605619E-FollowerState] INFO  server.RaftServerConfigKeys (ConfUtils.java:logGet(46)) - raft.server.leaderelection.pre-vote = true (default)
2024-04-24 06:58:46,810 [om1@group-C5BA1605619E-FollowerState] INFO  impl.RoleInfo (RoleInfo.java:updateAndGet(139)) - om1: start om1@group-C5BA1605619E-LeaderElection1
2024-04-24 06:58:46,812 [om1@group-C5BA1605619E-LeaderElection1] INFO  impl.LeaderElection (LeaderElection.java:askForVotes(321)) - om1@group-C5BA1605619E-LeaderElection1 PRE_VOTE round 0: submit vote requests at term 0 for -1: peers:[om1|localhost:15007]|listeners:[], old=null
2024-04-24 06:58:46,814 [om1@group-C5BA1605619E-LeaderElection1] INFO  impl.LeaderElection (LeaderElection.java:askForVotes(323)) - om1@group-C5BA1605619E-LeaderElection1 PRE_VOTE round 0: result PASSED (term=0)
2024-04-24 06:58:46,816 [om1@group-C5BA1605619E-LeaderElection1] INFO  impl.LeaderElection (LeaderElection.java:askForVotes(321)) - om1@group-C5BA1605619E-LeaderElection1 ELECTION round 0: submit vote requests at term 1 for -1: peers:[om1|localhost:15007]|listeners:[], old=null
2024-04-24 06:58:46,817 [om1@group-C5BA1605619E-LeaderElection1] INFO  impl.LeaderElection (LeaderElection.java:askForVotes(323)) - om1@group-C5BA1605619E-LeaderElection1 ELECTION round 0: result PASSED (term=1)
2024-04-24 06:58:46,817 [om1@group-C5BA1605619E-LeaderElection1] INFO  impl.RoleInfo (RoleInfo.java:shutdownLeaderElection(130)) - om1: shutdown om1@group-C5BA1605619E-LeaderElection1
2024-04-24 06:58:46,818 [om1@group-C5BA1605619E-LeaderElection1] INFO  server.RaftServer$Division (RaftServerImpl.java:setRole(383)) - om1@group-C5BA1605619E: changes role from CANDIDATE to LEADER at term 1 for changeToLeader
2024-04-24 06:58:46,823 [om1@group-C5BA1605619E-LeaderElection1] INFO  server.RaftServerConfigKeys (ConfUtils.java:logGet(46)) - raft.server.staging.catchup.gap = 1000 (default)
2024-04-24 06:58:46,825 [om1@group-C5BA1605619E-LeaderElection1] INFO  server.RaftServerConfigKeys (ConfUtils.java:logGet(46)) - raft.server.write.element-limit = 4096 (default)
2024-04-24 06:58:46,826 [om1@group-C5BA1605619E-LeaderElection1] INFO  server.RaftServerConfigKeys (ConfUtils.java:logGet(46)) - raft.server.write.byte-limit = 64MB (=67108864) (default)
2024-04-24 06:58:46,831 [om1@group-C5BA1605619E-LeaderElection1] INFO  server.RaftServerConfigKeys (ConfUtils.java:logGet(46)) - raft.server.watch.timeout = 10s (default)
2024-04-24 06:58:46,831 [om1@group-C5BA1605619E-LeaderElection1] INFO  server.RaftServerConfigKeys (ConfUtils.java:logGet(46)) - raft.server.watch.timeout.denomination = 1s (default)
2024-04-24 06:58:46,832 [om1@group-C5BA1605619E-LeaderElection1] INFO  server.RaftServerConfigKeys (ConfUtils.java:logGet(46)) - raft.server.watch.element-limit = 65536 (default)
2024-04-24 06:58:46,837 [om1@group-C5BA1605619E-LeaderElection1] INFO  server.RaftServerConfigKeys (ConfUtils.java:logGet(46)) - raft.server.read.leader.lease.enabled = false (default)
2024-04-24 06:58:46,843 [om1@group-C5BA1605619E-LeaderElection1] INFO  server.RaftServerConfigKeys (ConfUtils.java:logGet(46)) - raft.server.read.leader.lease.timeout.ratio = 0.9 (default)
2024-04-24 06:58:46,843 [om1@group-C5BA1605619E-LeaderElection1] INFO  server.RaftServerConfigKeys (ConfUtils.java:logGet(46)) - raft.server.rpc.timeout.min = 1s (custom)
2024-04-24 06:58:46,843 [om1@group-C5BA1605619E-LeaderElection1] INFO  server.RaftServerConfigKeys (ConfUtils.java:logGet(46)) - raft.server.write.element-limit = 4096 (default)
2024-04-24 06:58:46,844 [om1@group-C5BA1605619E-LeaderElection1] INFO  server.RaftServerConfigKeys (ConfUtils.java:logGet(46)) - raft.server.write.follower.gap.ratio.max = -1.0 (default)
2024-04-24 06:58:46,848 [om1@group-C5BA1605619E-LeaderElection1] INFO  impl.RoleInfo (RoleInfo.java:updateAndGet(139)) - om1: start om1@group-C5BA1605619E-LeaderStateImpl
2024-04-24 06:58:46,848 [om1@group-C5BA1605619E-LeaderElection1] INFO  server.RaftServer$Division (RaftServerImpl.java:setFirstElection(574)) - om1@group-C5BA1605619E: set firstElectionSinceStartup to false for becomeLeader
2024-04-24 06:58:46,850 [om1@group-C5BA1605619E-LeaderElection1] INFO  server.RaftServer$Division (ServerState.java:setLeader(269)) - om1@group-C5BA1605619E: change Leader from null to om1 at term 1 for becomeLeader, leader elected after 2229ms
2024-04-24 06:58:46,866 [om1@group-C5BA1605619E-LeaderElection1] INFO  segmented.SegmentedRaftLogWorker (SegmentedRaftLogWorker.java:startLogSegment(430)) - om1@group-C5BA1605619E-SegmentedRaftLogWorker: Starting segment from index:0
2024-04-24 06:58:46,886 [om1@group-C5BA1605619E-SegmentedRaftLogWorker] INFO  segmented.BufferedWriteChannel (BufferedWriteChannel.java:open(62)) - open log_inprogress_0 at position 0
2024-04-24 06:58:46,887 [om1@group-C5BA1605619E-LeaderElection1] INFO  server.RaftServer$Division (ServerState.java:setRaftConf(386)) - om1@group-C5BA1605619E: set configuration 0: peers:[om1|localhost:15007]|listeners:[], old=null
2024-04-24 06:58:46,895 [om1@group-C5BA1605619E-SegmentedRaftLogWorker] INFO  segmented.SegmentedRaftLogWorker (SegmentedRaftLogWorker.java:execute(634)) - om1@group-C5BA1605619E-SegmentedRaftLogWorker: created new log segment /home/runner/work/ozone/ozone/hadoop-ozone/integration-test/target/test-dir/MiniOzoneClusterImpl-402bd57a-b865-4622-973c-767f06725353/ozone-meta/ratis/bf265839-605b-3f16-9796-c5ba1605619e/current/log_inprogress_0
2024-04-24 06:58:46,961 [om1@group-C5BA1605619E-StateMachineUpdater] INFO  ratis.OzoneManagerStateMachine (OzoneManagerStateMachine.java:notifyConfigurationChanged(212)) - Received Configuration change notification from Ratis. New Peer list:
[id: "om1"
address: "localhost:15007"
startupRole: FOLLOWER
]
2024-04-24 06:58:46,962 [om1@group-C5BA1605619E-StateMachineUpdater] INFO  server.RaftServer$Division (LeaderStateImpl.java:isApplied(320)) - leader is ready since appliedIndex == 0 >= startIndex == 0
2024-04-24 06:58:47,713 [main] INFO  ozone.MiniOzoneClusterImpl (MiniOzoneClusterImpl.java:lambda$waitForClusterToBeReady$0(194)) - Waiting for nodes to be ready. Got 0 of 3 DN Heartbeats.
2024-04-24 06:58:47,713 [main] INFO  ozone.MiniOzoneClusterImpl (MiniOzoneClusterImpl.java:lambda$waitForClusterToBeReady$0(197)) - Waiting for cluster to exit safe mode
2024-04-24 06:58:47,713 [main] INFO  ozone.MiniOzoneClusterImpl (MiniOzoneClusterImpl.java:lambda$waitForClusterToBeReady$0(199)) - SCM became leader
2024-04-24 06:58:48,546 [c635de7f-7955-4843-9021-ff51e3697f04-EndpointStateMachineTaskThread-/0.0.0.0:15002-0 ] INFO  utils.DatanodeStoreCache (DatanodeStoreCache.java:addDB(72)) - Added db /home/runner/work/ozone/ozone/hadoop-ozone/integration-test/target/test-dir/MiniOzoneClusterImpl-402bd57a-b865-4622-973c-767f06725353/ozone-meta/datanode-1/data-0/hdds/402bd57a-b865-4622-973c-767f06725353/DS-b120afee-fd1e-434f-b945-57bf53d8b032/container.db to cache
2024-04-24 06:58:48,546 [c635de7f-7955-4843-9021-ff51e3697f04-EndpointStateMachineTaskThread-/0.0.0.0:15002-0 ] INFO  volume.HddsVolume (HddsVolume.java:createDbStore(437)) - SchemaV3 db is created and loaded at /home/runner/work/ozone/ozone/hadoop-ozone/integration-test/target/test-dir/MiniOzoneClusterImpl-402bd57a-b865-4622-973c-767f06725353/ozone-meta/datanode-1/data-0/hdds/402bd57a-b865-4622-973c-767f06725353/DS-b120afee-fd1e-434f-b945-57bf53d8b032/container.db for volume DS-b120afee-fd1e-434f-b945-57bf53d8b032
2024-04-24 06:58:48,561 [c635de7f-7955-4843-9021-ff51e3697f04-ContainerReader-0] INFO  ozoneimpl.ContainerReader (ContainerReader.java:readVolume(148)) - Start to verify containers on volume /home/runner/work/ozone/ozone/hadoop-ozone/integration-test/target/test-dir/MiniOzoneClusterImpl-402bd57a-b865-4622-973c-767f06725353/ozone-meta/datanode-1/data-0/hdds
2024-04-24 06:58:48,561 [c635de7f-7955-4843-9021-ff51e3697f04-ContainerReader-0] INFO  ozoneimpl.ContainerReader (ContainerReader.java:readVolume(178)) - Finish verifying containers on volume /home/runner/work/ozone/ozone/hadoop-ozone/integration-test/target/test-dir/MiniOzoneClusterImpl-402bd57a-b865-4622-973c-767f06725353/ozone-meta/datanode-1/data-0/hdds
2024-04-24 06:58:48,562 [c635de7f-7955-4843-9021-ff51e3697f04-EndpointStateMachineTaskThread-/0.0.0.0:15002-0 ] INFO  ozoneimpl.OzoneContainer (OzoneContainer.java:buildContainerSet(328)) - Build ContainerSet costs 0s
2024-04-24 06:58:48,563 [c635de7f-7955-4843-9021-ff51e3697f04-EndpointStateMachineTaskThread-/0.0.0.0:15002-0 ] INFO  volume.ThrottledAsyncChecker (ThrottledAsyncChecker.java:schedule(141)) - Scheduling a check for /home/runner/work/ozone/ozone/hadoop-ozone/integration-test/target/test-dir/MiniOzoneClusterImpl-402bd57a-b865-4622-973c-767f06725353/ozone-meta/datanode-1/data-0/hdds
2024-04-24 06:58:48,572 [c635de7f-7955-4843-9021-ff51e3697f04-EndpointStateMachineTaskThread-/0.0.0.0:15002-0 ] INFO  volume.StorageVolumeChecker (StorageVolumeChecker.java:checkAllVolumes(218)) - Scheduled health check for volume /home/runner/work/ozone/ozone/hadoop-ozone/integration-test/target/test-dir/MiniOzoneClusterImpl-402bd57a-b865-4622-973c-767f06725353/ozone-meta/datanode-1/data-0/hdds
2024-04-24 06:58:48,578 [c635de7f-7955-4843-9021-ff51e3697f04-EndpointStateMachineTaskThread-/0.0.0.0:15002-0 ] INFO  volume.ThrottledAsyncChecker (ThrottledAsyncChecker.java:schedule(141)) - Scheduling a check for /home/runner/work/ozone/ozone/hadoop-ozone/integration-test/target/test-dir/MiniOzoneClusterImpl-402bd57a-b865-4622-973c-767f06725353/ozone-meta/datanode-1/ratis
2024-04-24 06:58:48,578 [c635de7f-7955-4843-9021-ff51e3697f04-EndpointStateMachineTaskThread-/0.0.0.0:15002-0 ] INFO  volume.StorageVolumeChecker (StorageVolumeChecker.java:checkAllVolumes(218)) - Scheduled health check for volume /home/runner/work/ozone/ozone/hadoop-ozone/integration-test/target/test-dir/MiniOzoneClusterImpl-402bd57a-b865-4622-973c-767f06725353/ozone-meta/datanode-1/ratis
2024-04-24 06:58:48,579 [c635de7f-7955-4843-9021-ff51e3697f04-EndpointStateMachineTaskThread-/0.0.0.0:15002-0 ] INFO  ozoneimpl.OzoneContainer (OzoneContainer.java:start(459)) - Attempting to start container services.
2024-04-24 06:58:48,585 [ContainerMetadataScanner] INFO  ozoneimpl.AbstractBackgroundContainerScanner (AbstractBackgroundContainerScanner.java:runIteration(87)) - Completed an iteration in 0 minutes. Number of iterations (since the data-node restart) : 1, Number of containers scanned in this iteration : 0, Number of unhealthy containers found in this iteration : 0
2024-04-24 06:58:48,588 [c635de7f-7955-4843-9021-ff51e3697f04-EndpointStateMachineTaskThread-/0.0.0.0:15002-0 ] INFO  replication.ReplicationServer (ReplicationServer.java:start(142)) - ReplicationServer is started using port 15016
2024-04-24 06:58:48,588 [c635de7f-7955-4843-9021-ff51e3697f04-EndpointStateMachineTaskThread-/0.0.0.0:15002-0 ] INFO  ratis.XceiverServerRatis (XceiverServerRatis.java:start(566)) - Starting XceiverServerRatis c635de7f-7955-4843-9021-ff51e3697f04
2024-04-24 06:58:48,589 [c635de7f-7955-4843-9021-ff51e3697f04-EndpointStateMachineTaskThread-/0.0.0.0:15002-0 ] INFO  server.RaftServer (RaftServerProxy.java:startImpl(406)) - c635de7f-7955-4843-9021-ff51e3697f04: start RPC server
2024-04-24 06:58:48,589 [ContainerDataScanner(/home/runner/work/ozone/ozone/hadoop-ozone/integration-test/target/test-dir/MiniOzoneClusterImpl-402bd57a-b865-4622-973c-767f06725353/ozone-meta/datanode-1/data-0/hdds)] INFO  ozoneimpl.AbstractBackgroundContainerScanner (AbstractBackgroundContainerScanner.java:runIteration(87)) - Completed an iteration in 0 minutes. Number of iterations (since the data-node restart) : 1, Number of containers scanned in this iteration : 0, Number of unhealthy containers found in this iteration : 0
2024-04-24 06:58:48,589 [c635de7f-7955-4843-9021-ff51e3697f04-EndpointStateMachineTaskThread-/0.0.0.0:15002-0 ] INFO  server.GrpcService (GrpcService.java:startImpl(302)) - c635de7f-7955-4843-9021-ff51e3697f04: GrpcService started, listening on 15012
2024-04-24 06:58:48,590 [c635de7f-7955-4843-9021-ff51e3697f04-EndpointStateMachineTaskThread-/0.0.0.0:15002-0 ] INFO  server.GrpcService (GrpcService.java:startImpl(302)) - c635de7f-7955-4843-9021-ff51e3697f04: GrpcService started, listening on 15014
2024-04-24 06:58:48,590 [c635de7f-7955-4843-9021-ff51e3697f04-EndpointStateMachineTaskThread-/0.0.0.0:15002-0 ] INFO  server.GrpcService (GrpcService.java:startImpl(302)) - c635de7f-7955-4843-9021-ff51e3697f04: GrpcService started, listening on 15013
2024-04-24 06:58:48,592 [JvmPauseMonitor2] INFO  util.JvmPauseMonitor (JvmPauseMonitor.java:run(146)) - JvmPauseMonitor-c635de7f-7955-4843-9021-ff51e3697f04: Started
2024-04-24 06:58:48,592 [c635de7f-7955-4843-9021-ff51e3697f04-EndpointStateMachineTaskThread-/0.0.0.0:15002-0 ] INFO  ratis.XceiverServerRatis (XceiverServerRatis.java:getRealPort(592)) - XceiverServerRatis c635de7f-7955-4843-9021-ff51e3697f04 is started using port 15012 for RATIS
2024-04-24 06:58:48,592 [c635de7f-7955-4843-9021-ff51e3697f04-EndpointStateMachineTaskThread-/0.0.0.0:15002-0 ] INFO  ratis.XceiverServerRatis (XceiverServerRatis.java:getRealPort(592)) - XceiverServerRatis c635de7f-7955-4843-9021-ff51e3697f04 is started using port 15013 for RATIS_ADMIN
2024-04-24 06:58:48,592 [c635de7f-7955-4843-9021-ff51e3697f04-EndpointStateMachineTaskThread-/0.0.0.0:15002-0 ] INFO  ratis.XceiverServerRatis (XceiverServerRatis.java:getRealPort(592)) - XceiverServerRatis c635de7f-7955-4843-9021-ff51e3697f04 is started using port 15014 for RATIS_SERVER
2024-04-24 06:58:48,592 [c635de7f-7955-4843-9021-ff51e3697f04-EndpointStateMachineTaskThread-/0.0.0.0:15002-0 ] INFO  ratis.XceiverServerRatis (XceiverServerRatis.java:getRealPort(592)) - XceiverServerRatis c635de7f-7955-4843-9021-ff51e3697f04 is started using port 15015 for RATIS_DATASTREAM
2024-04-24 06:58:48,600 [c635de7f-7955-4843-9021-ff51e3697f04-BlockDeletingService#0] INFO  interfaces.ContainerDeletionChoosingPolicyTemplate (ContainerDeletionChoosingPolicyTemplate.java:chooseContainerForBlockDeletion(85)) - Chosen 0/5000 blocks from 0 candidate containers.
2024-04-24 06:58:48,623 [356ba7ca-2ac8-4352-a0c1-d7eac5981de9-EndpointStateMachineTaskThread-/0.0.0.0:15002-0 ] INFO  utils.DatanodeStoreCache (DatanodeStoreCache.java:addDB(72)) - Added db /home/runner/work/ozone/ozone/hadoop-ozone/integration-test/target/test-dir/MiniOzoneClusterImpl-402bd57a-b865-4622-973c-767f06725353/ozone-meta/datanode-2/data-0/hdds/402bd57a-b865-4622-973c-767f06725353/DS-f9c31c74-e2b5-41ba-ac6a-bcf9452bca48/container.db to cache
2024-04-24 06:58:48,624 [356ba7ca-2ac8-4352-a0c1-d7eac5981de9-EndpointStateMachineTaskThread-/0.0.0.0:15002-0 ] INFO  volume.HddsVolume (HddsVolume.java:createDbStore(437)) - SchemaV3 db is created and loaded at /home/runner/work/ozone/ozone/hadoop-ozone/integration-test/target/test-dir/MiniOzoneClusterImpl-402bd57a-b865-4622-973c-767f06725353/ozone-meta/datanode-2/data-0/hdds/402bd57a-b865-4622-973c-767f06725353/DS-f9c31c74-e2b5-41ba-ac6a-bcf9452bca48/container.db for volume DS-f9c31c74-e2b5-41ba-ac6a-bcf9452bca48
2024-04-24 06:58:48,642 [356ba7ca-2ac8-4352-a0c1-d7eac5981de9-ContainerReader-0] INFO  ozoneimpl.ContainerReader (ContainerReader.java:readVolume(148)) - Start to verify containers on volume /home/runner/work/ozone/ozone/hadoop-ozone/integration-test/target/test-dir/MiniOzoneClusterImpl-402bd57a-b865-4622-973c-767f06725353/ozone-meta/datanode-2/data-0/hdds
2024-04-24 06:58:48,643 [356ba7ca-2ac8-4352-a0c1-d7eac5981de9-ContainerReader-0] INFO  ozoneimpl.ContainerReader (ContainerReader.java:readVolume(178)) - Finish verifying containers on volume /home/runner/work/ozone/ozone/hadoop-ozone/integration-test/target/test-dir/MiniOzoneClusterImpl-402bd57a-b865-4622-973c-767f06725353/ozone-meta/datanode-2/data-0/hdds
2024-04-24 06:58:48,643 [356ba7ca-2ac8-4352-a0c1-d7eac5981de9-EndpointStateMachineTaskThread-/0.0.0.0:15002-0 ] INFO  ozoneimpl.OzoneContainer (OzoneContainer.java:buildContainerSet(328)) - Build ContainerSet costs 0s
2024-04-24 06:58:48,647 [356ba7ca-2ac8-4352-a0c1-d7eac5981de9-EndpointStateMachineTaskThread-/0.0.0.0:15002-0 ] INFO  volume.ThrottledAsyncChecker (ThrottledAsyncChecker.java:schedule(141)) - Scheduling a check for /home/runner/work/ozone/ozone/hadoop-ozone/integration-test/target/test-dir/MiniOzoneClusterImpl-402bd57a-b865-4622-973c-767f06725353/ozone-meta/datanode-2/data-0/hdds
2024-04-24 06:58:48,648 [356ba7ca-2ac8-4352-a0c1-d7eac5981de9-EndpointStateMachineTaskThread-/0.0.0.0:15002-0 ] INFO  volume.StorageVolumeChecker (StorageVolumeChecker.java:checkAllVolumes(218)) - Scheduled health check for volume /home/runner/work/ozone/ozone/hadoop-ozone/integration-test/target/test-dir/MiniOzoneClusterImpl-402bd57a-b865-4622-973c-767f06725353/ozone-meta/datanode-2/data-0/hdds
2024-04-24 06:58:48,651 [356ba7ca-2ac8-4352-a0c1-d7eac5981de9-EndpointStateMachineTaskThread-/0.0.0.0:15002-0 ] INFO  volume.ThrottledAsyncChecker (ThrottledAsyncChecker.java:schedule(141)) - Scheduling a check for /home/runner/work/ozone/ozone/hadoop-ozone/integration-test/target/test-dir/MiniOzoneClusterImpl-402bd57a-b865-4622-973c-767f06725353/ozone-meta/datanode-2/ratis
2024-04-24 06:58:48,651 [356ba7ca-2ac8-4352-a0c1-d7eac5981de9-EndpointStateMachineTaskThread-/0.0.0.0:15002-0 ] INFO  volume.StorageVolumeChecker (StorageVolumeChecker.java:checkAllVolumes(218)) - Scheduled health check for volume /home/runner/work/ozone/ozone/hadoop-ozone/integration-test/target/test-dir/MiniOzoneClusterImpl-402bd57a-b865-4622-973c-767f06725353/ozone-meta/datanode-2/ratis
2024-04-24 06:58:48,656 [356ba7ca-2ac8-4352-a0c1-d7eac5981de9-EndpointStateMachineTaskThread-/0.0.0.0:15002-0 ] INFO  ozoneimpl.OzoneContainer (OzoneContainer.java:start(459)) - Attempting to start container services.
2024-04-24 06:58:48,656 [356ba7ca-2ac8-4352-a0c1-d7eac5981de9-EndpointStateMachineTaskThread-/0.0.0.0:15002-0 ] WARN  ozoneimpl.OnDemandContainerDataScanner (OnDemandContainerDataScanner.java:init(75)) - Trying to initialize on demand scanner a second time on a datanode.
2024-04-24 06:58:48,661 [ContainerMetadataScanner] INFO  ozoneimpl.AbstractBackgroundContainerScanner (AbstractBackgroundContainerScanner.java:runIteration(87)) - Completed an iteration in 0 minutes. Number of iterations (since the data-node restart) : 1, Number of containers scanned in this iteration : 0, Number of unhealthy containers found in this iteration : 0
2024-04-24 06:58:48,662 [ContainerDataScanner(/home/runner/work/ozone/ozone/hadoop-ozone/integration-test/target/test-dir/MiniOzoneClusterImpl-402bd57a-b865-4622-973c-767f06725353/ozone-meta/datanode-2/data-0/hdds)] INFO  ozoneimpl.AbstractBackgroundContainerScanner (AbstractBackgroundContainerScanner.java:runIteration(87)) - Completed an iteration in 0 minutes. Number of iterations (since the data-node restart) : 1, Number of containers scanned in this iteration : 0, Number of unhealthy containers found in this iteration : 0
2024-04-24 06:58:48,662 [356ba7ca-2ac8-4352-a0c1-d7eac5981de9-EndpointStateMachineTaskThread-/0.0.0.0:15002-0 ] INFO  replication.ReplicationServer (ReplicationServer.java:start(142)) - ReplicationServer is started using port 15025
2024-04-24 06:58:48,663 [356ba7ca-2ac8-4352-a0c1-d7eac5981de9-EndpointStateMachineTaskThread-/0.0.0.0:15002-0 ] INFO  ratis.XceiverServerRatis (XceiverServerRatis.java:start(566)) - Starting XceiverServerRatis 356ba7ca-2ac8-4352-a0c1-d7eac5981de9
2024-04-24 06:58:48,664 [356ba7ca-2ac8-4352-a0c1-d7eac5981de9-EndpointStateMachineTaskThread-/0.0.0.0:15002-0 ] INFO  server.RaftServer (RaftServerProxy.java:startImpl(406)) - 356ba7ca-2ac8-4352-a0c1-d7eac5981de9: start RPC server
2024-04-24 06:58:48,665 [356ba7ca-2ac8-4352-a0c1-d7eac5981de9-EndpointStateMachineTaskThread-/0.0.0.0:15002-0 ] INFO  server.GrpcService (GrpcService.java:startImpl(302)) - 356ba7ca-2ac8-4352-a0c1-d7eac5981de9: GrpcService started, listening on 15021
2024-04-24 06:58:48,665 [356ba7ca-2ac8-4352-a0c1-d7eac5981de9-EndpointStateMachineTaskThread-/0.0.0.0:15002-0 ] INFO  server.GrpcService (GrpcService.java:startImpl(302)) - 356ba7ca-2ac8-4352-a0c1-d7eac5981de9: GrpcService started, listening on 15023
2024-04-24 06:58:48,666 [356ba7ca-2ac8-4352-a0c1-d7eac5981de9-EndpointStateMachineTaskThread-/0.0.0.0:15002-0 ] INFO  server.GrpcService (GrpcService.java:startImpl(302)) - 356ba7ca-2ac8-4352-a0c1-d7eac5981de9: GrpcService started, listening on 15022
2024-04-24 06:58:48,670 [356ba7ca-2ac8-4352-a0c1-d7eac5981de9-EndpointStateMachineTaskThread-/0.0.0.0:15002-0 ] INFO  ratis.XceiverServerRatis (XceiverServerRatis.java:getRealPort(592)) - XceiverServerRatis 356ba7ca-2ac8-4352-a0c1-d7eac5981de9 is started using port 15021 for RATIS
2024-04-24 06:58:48,670 [JvmPauseMonitor3] INFO  util.JvmPauseMonitor (JvmPauseMonitor.java:run(146)) - JvmPauseMonitor-356ba7ca-2ac8-4352-a0c1-d7eac5981de9: Started
2024-04-24 06:58:48,670 [356ba7ca-2ac8-4352-a0c1-d7eac5981de9-EndpointStateMachineTaskThread-/0.0.0.0:15002-0 ] INFO  ratis.XceiverServerRatis (XceiverServerRatis.java:getRealPort(592)) - XceiverServerRatis 356ba7ca-2ac8-4352-a0c1-d7eac5981de9 is started using port 15022 for RATIS_ADMIN
2024-04-24 06:58:48,671 [356ba7ca-2ac8-4352-a0c1-d7eac5981de9-EndpointStateMachineTaskThread-/0.0.0.0:15002-0 ] INFO  ratis.XceiverServerRatis (XceiverServerRatis.java:getRealPort(592)) - XceiverServerRatis 356ba7ca-2ac8-4352-a0c1-d7eac5981de9 is started using port 15023 for RATIS_SERVER
2024-04-24 06:58:48,671 [356ba7ca-2ac8-4352-a0c1-d7eac5981de9-EndpointStateMachineTaskThread-/0.0.0.0:15002-0 ] INFO  ratis.XceiverServerRatis (XceiverServerRatis.java:getRealPort(592)) - XceiverServerRatis 356ba7ca-2ac8-4352-a0c1-d7eac5981de9 is started using port 15024 for RATIS_DATASTREAM
2024-04-24 06:58:48,675 [356ba7ca-2ac8-4352-a0c1-d7eac5981de9-BlockDeletingService#0] INFO  interfaces.ContainerDeletionChoosingPolicyTemplate (ContainerDeletionChoosingPolicyTemplate.java:chooseContainerForBlockDeletion(85)) - Chosen 0/5000 blocks from 0 candidate containers.
2024-04-24 06:58:48,713 [main] INFO  ozone.MiniOzoneClusterImpl (MiniOzoneClusterImpl.java:lambda$waitForClusterToBeReady$0(194)) - Waiting for nodes to be ready. Got 0 of 3 DN Heartbeats.
2024-04-24 06:58:48,714 [main] INFO  ozone.MiniOzoneClusterImpl (MiniOzoneClusterImpl.java:lambda$waitForClusterToBeReady$0(197)) - Waiting for cluster to exit safe mode
2024-04-24 06:58:48,714 [main] INFO  ozone.MiniOzoneClusterImpl (MiniOzoneClusterImpl.java:lambda$waitForClusterToBeReady$0(199)) - SCM became leader
2024-04-24 06:58:48,743 [af396eb3-dbe1-4cff-9ccf-d69285efe845-EndpointStateMachineTaskThread-/0.0.0.0:15002-0 ] INFO  utils.DatanodeStoreCache (DatanodeStoreCache.java:addDB(72)) - Added db /home/runner/work/ozone/ozone/hadoop-ozone/integration-test/target/test-dir/MiniOzoneClusterImpl-402bd57a-b865-4622-973c-767f06725353/ozone-meta/datanode-3/data-0/hdds/402bd57a-b865-4622-973c-767f06725353/DS-d855f491-2c78-4bf6-8fec-fa4da7fcb8a6/container.db to cache
2024-04-24 06:58:48,743 [af396eb3-dbe1-4cff-9ccf-d69285efe845-EndpointStateMachineTaskThread-/0.0.0.0:15002-0 ] INFO  volume.HddsVolume (HddsVolume.java:createDbStore(437)) - SchemaV3 db is created and loaded at /home/runner/work/ozone/ozone/hadoop-ozone/integration-test/target/test-dir/MiniOzoneClusterImpl-402bd57a-b865-4622-973c-767f06725353/ozone-meta/datanode-3/data-0/hdds/402bd57a-b865-4622-973c-767f06725353/DS-d855f491-2c78-4bf6-8fec-fa4da7fcb8a6/container.db for volume DS-d855f491-2c78-4bf6-8fec-fa4da7fcb8a6
2024-04-24 06:58:48,748 [af396eb3-dbe1-4cff-9ccf-d69285efe845-ContainerReader-0] INFO  ozoneimpl.ContainerReader (ContainerReader.java:readVolume(148)) - Start to verify containers on volume /home/runner/work/ozone/ozone/hadoop-ozone/integration-test/target/test-dir/MiniOzoneClusterImpl-402bd57a-b865-4622-973c-767f06725353/ozone-meta/datanode-3/data-0/hdds
2024-04-24 06:58:48,749 [af396eb3-dbe1-4cff-9ccf-d69285efe845-ContainerReader-0] INFO  ozoneimpl.ContainerReader (ContainerReader.java:readVolume(178)) - Finish verifying containers on volume /home/runner/work/ozone/ozone/hadoop-ozone/integration-test/target/test-dir/MiniOzoneClusterImpl-402bd57a-b865-4622-973c-767f06725353/ozone-meta/datanode-3/data-0/hdds
2024-04-24 06:58:48,749 [af396eb3-dbe1-4cff-9ccf-d69285efe845-EndpointStateMachineTaskThread-/0.0.0.0:15002-0 ] INFO  ozoneimpl.OzoneContainer (OzoneContainer.java:buildContainerSet(328)) - Build ContainerSet costs 0s
2024-04-24 06:58:48,750 [af396eb3-dbe1-4cff-9ccf-d69285efe845-EndpointStateMachineTaskThread-/0.0.0.0:15002-0 ] INFO  volume.ThrottledAsyncChecker (ThrottledAsyncChecker.java:schedule(141)) - Scheduling a check for /home/runner/work/ozone/ozone/hadoop-ozone/integration-test/target/test-dir/MiniOzoneClusterImpl-402bd57a-b865-4622-973c-767f06725353/ozone-meta/datanode-3/data-0/hdds
2024-04-24 06:58:48,751 [af396eb3-dbe1-4cff-9ccf-d69285efe845-EndpointStateMachineTaskThread-/0.0.0.0:15002-0 ] INFO  volume.StorageVolumeChecker (StorageVolumeChecker.java:checkAllVolumes(218)) - Scheduled health check for volume /home/runner/work/ozone/ozone/hadoop-ozone/integration-test/target/test-dir/MiniOzoneClusterImpl-402bd57a-b865-4622-973c-767f06725353/ozone-meta/datanode-3/data-0/hdds
2024-04-24 06:58:48,756 [af396eb3-dbe1-4cff-9ccf-d69285efe845-EndpointStateMachineTaskThread-/0.0.0.0:15002-0 ] INFO  volume.ThrottledAsyncChecker (ThrottledAsyncChecker.java:schedule(141)) - Scheduling a check for /home/runner/work/ozone/ozone/hadoop-ozone/integration-test/target/test-dir/MiniOzoneClusterImpl-402bd57a-b865-4622-973c-767f06725353/ozone-meta/datanode-3/ratis
2024-04-24 06:58:48,757 [af396eb3-dbe1-4cff-9ccf-d69285efe845-EndpointStateMachineTaskThread-/0.0.0.0:15002-0 ] INFO  volume.StorageVolumeChecker (StorageVolumeChecker.java:checkAllVolumes(218)) - Scheduled health check for volume /home/runner/work/ozone/ozone/hadoop-ozone/integration-test/target/test-dir/MiniOzoneClusterImpl-402bd57a-b865-4622-973c-767f06725353/ozone-meta/datanode-3/ratis
2024-04-24 06:58:48,758 [af396eb3-dbe1-4cff-9ccf-d69285efe845-EndpointStateMachineTaskThread-/0.0.0.0:15002-0 ] INFO  ozoneimpl.OzoneContainer (OzoneContainer.java:start(459)) - Attempting to start container services.
2024-04-24 06:58:48,759 [af396eb3-dbe1-4cff-9ccf-d69285efe845-EndpointStateMachineTaskThread-/0.0.0.0:15002-0 ] WARN  ozoneimpl.OnDemandContainerDataScanner (OnDemandContainerDataScanner.java:init(75)) - Trying to initialize on demand scanner a second time on a datanode.
2024-04-24 06:58:48,760 [ContainerMetadataScanner] INFO  ozoneimpl.AbstractBackgroundContainerScanner (AbstractBackgroundContainerScanner.java:runIteration(87)) - Completed an iteration in 0 minutes. Number of iterations (since the data-node restart) : 1, Number of containers scanned in this iteration : 0, Number of unhealthy containers found in this iteration : 0
2024-04-24 06:58:48,761 [ContainerDataScanner(/home/runner/work/ozone/ozone/hadoop-ozone/integration-test/target/test-dir/MiniOzoneClusterImpl-402bd57a-b865-4622-973c-767f06725353/ozone-meta/datanode-3/data-0/hdds)] INFO  ozoneimpl.AbstractBackgroundContainerScanner (AbstractBackgroundContainerScanner.java:runIteration(87)) - Completed an iteration in 0 minutes. Number of iterations (since the data-node restart) : 1, Number of containers scanned in this iteration : 0, Number of unhealthy containers found in this iteration : 0
2024-04-24 06:58:48,761 [af396eb3-dbe1-4cff-9ccf-d69285efe845-EndpointStateMachineTaskThread-/0.0.0.0:15002-0 ] INFO  replication.ReplicationServer (ReplicationServer.java:start(142)) - ReplicationServer is started using port 15034
2024-04-24 06:58:48,762 [af396eb3-dbe1-4cff-9ccf-d69285efe845-EndpointStateMachineTaskThread-/0.0.0.0:15002-0 ] INFO  ratis.XceiverServerRatis (XceiverServerRatis.java:start(566)) - Starting XceiverServerRatis af396eb3-dbe1-4cff-9ccf-d69285efe845
2024-04-24 06:58:48,762 [af396eb3-dbe1-4cff-9ccf-d69285efe845-EndpointStateMachineTaskThread-/0.0.0.0:15002-0 ] INFO  server.RaftServer (RaftServerProxy.java:startImpl(406)) - af396eb3-dbe1-4cff-9ccf-d69285efe845: start RPC server
2024-04-24 06:58:48,763 [af396eb3-dbe1-4cff-9ccf-d69285efe845-EndpointStateMachineTaskThread-/0.0.0.0:15002-0 ] INFO  server.GrpcService (GrpcService.java:startImpl(302)) - af396eb3-dbe1-4cff-9ccf-d69285efe845: GrpcService started, listening on 15030
2024-04-24 06:58:48,763 [af396eb3-dbe1-4cff-9ccf-d69285efe845-EndpointStateMachineTaskThread-/0.0.0.0:15002-0 ] INFO  server.GrpcService (GrpcService.java:startImpl(302)) - af396eb3-dbe1-4cff-9ccf-d69285efe845: GrpcService started, listening on 15032
2024-04-24 06:58:48,764 [af396eb3-dbe1-4cff-9ccf-d69285efe845-EndpointStateMachineTaskThread-/0.0.0.0:15002-0 ] INFO  server.GrpcService (GrpcService.java:startImpl(302)) - af396eb3-dbe1-4cff-9ccf-d69285efe845: GrpcService started, listening on 15031
2024-04-24 06:58:48,764 [af396eb3-dbe1-4cff-9ccf-d69285efe845-EndpointStateMachineTaskThread-/0.0.0.0:15002-0 ] INFO  ratis.XceiverServerRatis (XceiverServerRatis.java:getRealPort(592)) - XceiverServerRatis af396eb3-dbe1-4cff-9ccf-d69285efe845 is started using port 15030 for RATIS
2024-04-24 06:58:48,764 [JvmPauseMonitor4] INFO  util.JvmPauseMonitor (JvmPauseMonitor.java:run(146)) - JvmPauseMonitor-af396eb3-dbe1-4cff-9ccf-d69285efe845: Started
2024-04-24 06:58:48,764 [af396eb3-dbe1-4cff-9ccf-d69285efe845-EndpointStateMachineTaskThread-/0.0.0.0:15002-0 ] INFO  ratis.XceiverServerRatis (XceiverServerRatis.java:getRealPort(592)) - XceiverServerRatis af396eb3-dbe1-4cff-9ccf-d69285efe845 is started using port 15031 for RATIS_ADMIN
2024-04-24 06:58:48,764 [af396eb3-dbe1-4cff-9ccf-d69285efe845-EndpointStateMachineTaskThread-/0.0.0.0:15002-0 ] INFO  ratis.XceiverServerRatis (XceiverServerRatis.java:getRealPort(592)) - XceiverServerRatis af396eb3-dbe1-4cff-9ccf-d69285efe845 is started using port 15032 for RATIS_SERVER
2024-04-24 06:58:48,764 [af396eb3-dbe1-4cff-9ccf-d69285efe845-EndpointStateMachineTaskThread-/0.0.0.0:15002-0 ] INFO  ratis.XceiverServerRatis (XceiverServerRatis.java:getRealPort(592)) - XceiverServerRatis af396eb3-dbe1-4cff-9ccf-d69285efe845 is started using port 15033 for RATIS_DATASTREAM
2024-04-24 06:58:48,766 [af396eb3-dbe1-4cff-9ccf-d69285efe845-BlockDeletingService#0] INFO  interfaces.ContainerDeletionChoosingPolicyTemplate (ContainerDeletionChoosingPolicyTemplate.java:chooseContainerForBlockDeletion(85)) - Chosen 0/5000 blocks from 0 candidate containers.
2024-04-24 06:58:49,714 [main] INFO  ozone.MiniOzoneClusterImpl (MiniOzoneClusterImpl.java:lambda$waitForClusterToBeReady$0(194)) - Waiting for nodes to be ready. Got 0 of 3 DN Heartbeats.
2024-04-24 06:58:49,714 [main] INFO  ozone.MiniOzoneClusterImpl (MiniOzoneClusterImpl.java:lambda$waitForClusterToBeReady$0(197)) - Waiting for cluster to exit safe mode
2024-04-24 06:58:49,714 [main] INFO  ozone.MiniOzoneClusterImpl (MiniOzoneClusterImpl.java:lambda$waitForClusterToBeReady$0(199)) - SCM became leader
2024-04-24 06:58:50,467 [IPC Server handler 0 on default port 15002] INFO  net.NetworkTopologyImpl (NetworkTopologyImpl.java:add(134)) - Added a new node: /default-rack/c635de7f-7955-4843-9021-ff51e3697f04
2024-04-24 06:58:50,470 [IPC Server handler 0 on default port 15002] INFO  node.SCMNodeManager (SCMNodeManager.java:register(421)) - Registered datanode: c635de7f-7955-4843-9021-ff51e3697f04{ip: 127.0.0.1, host: localhost, ports: [HTTP=15009, CLIENT_RPC=15010, REPLICATION=15016, RATIS=15012, RATIS_ADMIN=15013, RATIS_SERVER=15014, RATIS_DATASTREAM=15015, STANDALONE=15011], networkLocation: /default-rack, certSerialId: null, persistedOpState: null, persistedOpStateExpiryEpochSec: 0}
2024-04-24 06:58:50,472 [EventQueue-NewNodeForNewNodeHandler] INFO  pipeline.BackgroundPipelineCreator (BackgroundPipelineCreator.java:notifyEventTriggered(280)) - trigger a one-shot run on RatisPipelineUtilsThread.
2024-04-24 06:58:50,473 [EventQueue-NodeRegistrationContainerReportForContainerSafeModeRule] INFO  safemode.SCMSafeModeManager (SCMSafeModeManager.java:validateSafeModeExitRules(203)) - ContainerSafeModeRule rule is successfully validated
2024-04-24 06:58:50,473 [EventQueue-NodeRegistrationContainerReportForDataNodeSafeModeRule] INFO  safemode.SCMSafeModeManager (DataNodeSafeModeRule.java:process(71)) - SCM in safe mode. 1 DataNodes registered, 3 required.
2024-04-24 06:58:50,475 [EventQueue-PipelineReportForOneReplicaPipelineSafeModeRule] INFO  safemode.SCMSafeModeManager (SCMSafeModeManager.java:validateSafeModeExitRules(203)) - AtleastOneDatanodeReportedRule rule is successfully validated
2024-04-24 06:58:50,479 [RatisPipelineUtilsThread-0] INFO  pipeline.RatisPipelineProvider (RatisPipelineProvider.java:lambda$create$0(205)) - Sending CreatePipelineCommand for pipeline:PipelineID=10b15f27-9e1c-469f-868d-75741bda0535 to datanode:c635de7f-7955-4843-9021-ff51e3697f04
2024-04-24 06:58:50,489 [RatisPipelineUtilsThread-0] INFO  pipeline.BackgroundPipelineCreator (BackgroundPipelineCreator.java:createPipelines(236)) - Created new pipeline Pipeline[ Id: 10b15f27-9e1c-469f-868d-75741bda0535, Nodes: c635de7f-7955-4843-9021-ff51e3697f04(localhost/127.0.0.1), ReplicationConfig: RATIS/ONE, State:ALLOCATED, leaderId:, CreationTimestamp2024-04-24T06:58:50.478916593Z[Etc/UTC]]
2024-04-24 06:58:50,593 [IPC Server handler 1 on default port 15002] INFO  net.NetworkTopologyImpl (NetworkTopologyImpl.java:add(134)) - Added a new node: /default-rack/356ba7ca-2ac8-4352-a0c1-d7eac5981de9
2024-04-24 06:58:50,594 [IPC Server handler 1 on default port 15002] INFO  node.SCMNodeManager (SCMNodeManager.java:register(421)) - Registered datanode: 356ba7ca-2ac8-4352-a0c1-d7eac5981de9{ip: 127.0.0.1, host: localhost, ports: [HTTP=15018, CLIENT_RPC=15019, REPLICATION=15025, RATIS=15021, RATIS_ADMIN=15022, RATIS_SERVER=15023, RATIS_DATASTREAM=15024, STANDALONE=15020], networkLocation: /default-rack, certSerialId: null, persistedOpState: null, persistedOpStateExpiryEpochSec: 0}
2024-04-24 06:58:50,595 [EventQueue-NewNodeForNewNodeHandler] INFO  pipeline.BackgroundPipelineCreator (BackgroundPipelineCreator.java:notifyEventTriggered(280)) - trigger a one-shot run on RatisPipelineUtilsThread.
2024-04-24 06:58:50,595 [EventQueue-NodeRegistrationContainerReportForDataNodeSafeModeRule] INFO  safemode.SCMSafeModeManager (DataNodeSafeModeRule.java:process(71)) - SCM in safe mode. 2 DataNodes registered, 3 required.
2024-04-24 06:58:50,595 [RatisPipelineUtilsThread-0] INFO  pipeline.RatisPipelineProvider (RatisPipelineProvider.java:lambda$create$0(205)) - Sending CreatePipelineCommand for pipeline:PipelineID=bbcf56e0-6821-4d78-a0ea-9b96892ca716 to datanode:356ba7ca-2ac8-4352-a0c1-d7eac5981de9
2024-04-24 06:58:50,597 [RatisPipelineUtilsThread-0] INFO  pipeline.BackgroundPipelineCreator (BackgroundPipelineCreator.java:createPipelines(236)) - Created new pipeline Pipeline[ Id: bbcf56e0-6821-4d78-a0ea-9b96892ca716, Nodes: 356ba7ca-2ac8-4352-a0c1-d7eac5981de9(localhost/127.0.0.1), ReplicationConfig: RATIS/ONE, State:ALLOCATED, leaderId:, CreationTimestamp2024-04-24T06:58:50.595850018Z[Etc/UTC]]
2024-04-24 06:58:50,715 [main] INFO  ozone.MiniOzoneClusterImpl (MiniOzoneClusterImpl.java:lambda$waitForClusterToBeReady$0(194)) - Waiting for nodes to be ready. Got 2 of 3 DN Heartbeats.
2024-04-24 06:58:50,715 [main] INFO  ozone.MiniOzoneClusterImpl (MiniOzoneClusterImpl.java:lambda$waitForClusterToBeReady$0(197)) - Waiting for cluster to exit safe mode
2024-04-24 06:58:50,715 [main] INFO  ozone.MiniOzoneClusterImpl (MiniOzoneClusterImpl.java:lambda$waitForClusterToBeReady$0(199)) - SCM became leader
2024-04-24 06:58:50,717 [IPC Server handler 2 on default port 15002] INFO  net.NetworkTopologyImpl (NetworkTopologyImpl.java:add(134)) - Added a new node: /default-rack/af396eb3-dbe1-4cff-9ccf-d69285efe845
2024-04-24 06:58:50,718 [IPC Server handler 2 on default port 15002] INFO  node.SCMNodeManager (SCMNodeManager.java:register(421)) - Registered datanode: af396eb3-dbe1-4cff-9ccf-d69285efe845{ip: 127.0.0.1, host: localhost, ports: [HTTP=15027, CLIENT_RPC=15028, REPLICATION=15034, RATIS=15030, RATIS_ADMIN=15031, RATIS_SERVER=15032, RATIS_DATASTREAM=15033, STANDALONE=15029], networkLocation: /default-rack, certSerialId: null, persistedOpState: null, persistedOpStateExpiryEpochSec: 0}
2024-04-24 06:58:50,718 [EventQueue-NewNodeForNewNodeHandler] INFO  pipeline.BackgroundPipelineCreator (BackgroundPipelineCreator.java:notifyEventTriggered(280)) - trigger a one-shot run on RatisPipelineUtilsThread.
2024-04-24 06:58:50,719 [RatisPipelineUtilsThread-0] INFO  pipeline.RatisPipelineProvider (RatisPipelineProvider.java:lambda$create$0(205)) - Sending CreatePipelineCommand for pipeline:PipelineID=3ab4dde3-33ea-4c95-a287-a4b04096841d to datanode:af396eb3-dbe1-4cff-9ccf-d69285efe845
2024-04-24 06:58:50,720 [EventQueue-NodeRegistrationContainerReportForDataNodeSafeModeRule] INFO  safemode.SCMSafeModeManager (DataNodeSafeModeRule.java:process(71)) - SCM in safe mode. 3 DataNodes registered, 3 required.
2024-04-24 06:58:50,720 [EventQueue-NodeRegistrationContainerReportForDataNodeSafeModeRule] INFO  safemode.SCMSafeModeManager (SCMSafeModeManager.java:validateSafeModeExitRules(203)) - DataNodeSafeModeRule rule is successfully validated
2024-04-24 06:58:50,720 [EventQueue-NodeRegistrationContainerReportForDataNodeSafeModeRule] INFO  safemode.SCMSafeModeManager (SCMSafeModeManager.java:completePreCheck(232)) - All SCM safe mode pre check rules have passed
2024-04-24 06:58:50,720 [EventQueue-NodeRegistrationContainerReportForDataNodeSafeModeRule] INFO  ha.SCMContext (SCMContext.java:updateSafeModeStatus(225)) - Update SafeModeStatus from SafeModeStatus{safeModeStatus=true, preCheckPassed=false} to SafeModeStatus{safeModeStatus=true, preCheckPassed=true}.
2024-04-24 06:58:50,721 [RatisPipelineUtilsThread-0] INFO  pipeline.BackgroundPipelineCreator (BackgroundPipelineCreator.java:createPipelines(236)) - Created new pipeline Pipeline[ Id: 3ab4dde3-33ea-4c95-a287-a4b04096841d, Nodes: af396eb3-dbe1-4cff-9ccf-d69285efe845(localhost/127.0.0.1), ReplicationConfig: RATIS/ONE, State:ALLOCATED, leaderId:, CreationTimestamp2024-04-24T06:58:50.719533438Z[Etc/UTC]]
2024-04-24 06:58:50,726 [EventQueue-NodeRegistrationContainerReportForDataNodeSafeModeRule] INFO  pipeline.BackgroundPipelineCreator (BackgroundPipelineCreator.java:notifyEventTriggered(280)) - trigger a one-shot run on RatisPipelineUtilsThread.
2024-04-24 06:58:50,727 [RatisPipelineUtilsThread-0] INFO  pipeline.RatisPipelineProvider (RatisPipelineProvider.java:lambda$create$0(205)) - Sending CreatePipelineCommand for pipeline:PipelineID=ad3a5459-11d6-4ec0-b487-75cbc85c592e to datanode:356ba7ca-2ac8-4352-a0c1-d7eac5981de9
2024-04-24 06:58:50,728 [RatisPipelineUtilsThread-0] INFO  pipeline.RatisPipelineProvider (RatisPipelineProvider.java:lambda$create$0(205)) - Sending CreatePipelineCommand for pipeline:PipelineID=ad3a5459-11d6-4ec0-b487-75cbc85c592e to datanode:c635de7f-7955-4843-9021-ff51e3697f04
2024-04-24 06:58:50,728 [RatisPipelineUtilsThread-0] INFO  pipeline.RatisPipelineProvider (RatisPipelineProvider.java:lambda$create$0(205)) - Sending CreatePipelineCommand for pipeline:PipelineID=ad3a5459-11d6-4ec0-b487-75cbc85c592e to datanode:af396eb3-dbe1-4cff-9ccf-d69285efe845
2024-04-24 06:58:50,731 [RatisPipelineUtilsThread-0] INFO  pipeline.BackgroundPipelineCreator (BackgroundPipelineCreator.java:createPipelines(236)) - Created new pipeline Pipeline[ Id: ad3a5459-11d6-4ec0-b487-75cbc85c592e, Nodes: 356ba7ca-2ac8-4352-a0c1-d7eac5981de9(localhost/127.0.0.1)c635de7f-7955-4843-9021-ff51e3697f04(localhost/127.0.0.1)af396eb3-dbe1-4cff-9ccf-d69285efe845(localhost/127.0.0.1), ReplicationConfig: RATIS/THREE, State:ALLOCATED, leaderId:, CreationTimestamp2024-04-24T06:58:50.727491874Z[Etc/UTC]]
2024-04-24 06:58:50,733 [RatisPipelineUtilsThread-0] INFO  pipeline.RatisPipelineProvider (RatisPipelineProvider.java:lambda$create$0(205)) - Sending CreatePipelineCommand for pipeline:PipelineID=d9392581-a6cd-4348-8125-fdff7ff3aa0e to datanode:c635de7f-7955-4843-9021-ff51e3697f04
2024-04-24 06:58:50,733 [RatisPipelineUtilsThread-0] INFO  pipeline.RatisPipelineProvider (RatisPipelineProvider.java:lambda$create$0(205)) - Sending CreatePipelineCommand for pipeline:PipelineID=d9392581-a6cd-4348-8125-fdff7ff3aa0e to datanode:af396eb3-dbe1-4cff-9ccf-d69285efe845
2024-04-24 06:58:50,733 [RatisPipelineUtilsThread-0] INFO  pipeline.RatisPipelineProvider (RatisPipelineProvider.java:lambda$create$0(205)) - Sending CreatePipelineCommand for pipeline:PipelineID=d9392581-a6cd-4348-8125-fdff7ff3aa0e to datanode:356ba7ca-2ac8-4352-a0c1-d7eac5981de9
2024-04-24 06:58:50,735 [RatisPipelineUtilsThread-0] INFO  pipeline.PipelineManagerImpl (PipelineManagerImpl.java:recordMetricsForPipeline(916)) - Pipeline: PipelineID=d9392581-a6cd-4348-8125-fdff7ff3aa0e contains same datanodes as previous pipelines: PipelineID=ad3a5459-11d6-4ec0-b487-75cbc85c592e nodeIds: c635de7f-7955-4843-9021-ff51e3697f04, af396eb3-dbe1-4cff-9ccf-d69285efe845, 356ba7ca-2ac8-4352-a0c1-d7eac5981de9
2024-04-24 06:58:50,736 [RatisPipelineUtilsThread-0] INFO  pipeline.BackgroundPipelineCreator (BackgroundPipelineCreator.java:createPipelines(236)) - Created new pipeline Pipeline[ Id: d9392581-a6cd-4348-8125-fdff7ff3aa0e, Nodes: c635de7f-7955-4843-9021-ff51e3697f04(localhost/127.0.0.1)af396eb3-dbe1-4cff-9ccf-d69285efe845(localhost/127.0.0.1)356ba7ca-2ac8-4352-a0c1-d7eac5981de9(localhost/127.0.0.1), ReplicationConfig: RATIS/THREE, State:ALLOCATED, leaderId:, CreationTimestamp2024-04-24T06:58:50.733164396Z[Etc/UTC]]
2024-04-24 06:58:51,715 [main] INFO  ozone.MiniOzoneClusterImpl (MiniOzoneClusterImpl.java:lambda$waitForClusterToBeReady$0(194)) - Nodes are ready. Got 3 of 3 DN Heartbeats.
2024-04-24 06:58:51,716 [main] INFO  ozone.MiniOzoneClusterImpl (MiniOzoneClusterImpl.java:lambda$waitForClusterToBeReady$0(197)) - Waiting for cluster to exit safe mode
2024-04-24 06:58:51,716 [main] INFO  ozone.MiniOzoneClusterImpl (MiniOzoneClusterImpl.java:lambda$waitForClusterToBeReady$0(199)) - SCM became leader
2024-04-24 06:58:52,716 [main] INFO  ozone.MiniOzoneClusterImpl (MiniOzoneClusterImpl.java:lambda$waitForClusterToBeReady$0(194)) - Nodes are ready. Got 3 of 3 DN Heartbeats.
2024-04-24 06:58:52,716 [main] INFO  ozone.MiniOzoneClusterImpl (MiniOzoneClusterImpl.java:lambda$waitForClusterToBeReady$0(197)) - Waiting for cluster to exit safe mode
2024-04-24 06:58:52,716 [main] INFO  ozone.MiniOzoneClusterImpl (MiniOzoneClusterImpl.java:lambda$waitForClusterToBeReady$0(199)) - SCM became leader
2024-04-24 06:58:53,468 [c635de7f-7955-4843-9021-ff51e3697f04-PipelineCommandHandlerThread-0] INFO  server.RaftServer (RaftServerProxy.java:addNew(100)) - c635de7f-7955-4843-9021-ff51e3697f04: addNew group-75741BDA0535:[c635de7f-7955-4843-9021-ff51e3697f04|127.0.0.1:15014] returns group-75741BDA0535:java.util.concurrent.CompletableFuture@4daa1103[Not completed]
2024-04-24 06:58:53,472 [c635de7f-7955-4843-9021-ff51e3697f04-groupManagement] INFO  lib.Interns (Interns.java:removeEldestEntry(50)) - Metrics intern cache overflow at 2011 for MetricsSystem={MetricsSystem=MetricsInfoImpl{name=MetricsSystem, description=MetricsSystem}, MetricsSystem record=MetricsInfoImpl{name=MetricsSystem, description=MetricsSystem record}}
2024-04-24 06:58:53,475 [c635de7f-7955-4843-9021-ff51e3697f04-groupManagement] INFO  server.RaftServer$Division (RaftServerImpl.java:<init>(256)) - c635de7f-7955-4843-9021-ff51e3697f04: new RaftServerImpl for group-75741BDA0535:[c635de7f-7955-4843-9021-ff51e3697f04|127.0.0.1:15014] with ContainerStateMachine:uninitialized
2024-04-24 06:58:53,475 [c635de7f-7955-4843-9021-ff51e3697f04-groupManagement] INFO  server.RaftServerConfigKeys (ConfUtils.java:logGet(46)) - raft.server.rpc.timeout.min = 5s (custom)
2024-04-24 06:58:53,475 [c635de7f-7955-4843-9021-ff51e3697f04-groupManagement] INFO  server.RaftServerConfigKeys (ConfUtils.java:logGet(46)) - raft.server.rpc.timeout.max = 5200ms (custom)
2024-04-24 06:58:53,475 [c635de7f-7955-4843-9021-ff51e3697f04-groupManagement] INFO  server.RaftServerConfigKeys (ConfUtils.java:logGet(46)) - raft.server.rpc.sleep.time = 25ms (default)
2024-04-24 06:58:53,475 [c635de7f-7955-4843-9021-ff51e3697f04-groupManagement] INFO  server.RaftServerConfigKeys (ConfUtils.java:logGet(46)) - raft.server.rpc.slowness.timeout = 300s (custom)
2024-04-24 06:58:53,475 [c635de7f-7955-4843-9021-ff51e3697f04-groupManagement] INFO  server.RaftServerConfigKeys (ConfUtils.java:logGet(46)) - raft.server.leaderelection.leader.step-down.wait-time = 10s (default)
2024-04-24 06:58:53,475 [c635de7f-7955-4843-9021-ff51e3697f04-groupManagement] INFO  server.RaftServerConfigKeys (ConfUtils.java:logGet(46)) - raft.server.leaderelection.member.majority-add = false (default)
2024-04-24 06:58:53,476 [c635de7f-7955-4843-9021-ff51e3697f04-groupManagement] INFO  server.RaftServerConfigKeys (ConfUtils.java:logGet(46)) - raft.server.sleep.deviation.threshold = 300ms (default)
2024-04-24 06:58:53,476 [c635de7f-7955-4843-9021-ff51e3697f04-groupManagement] INFO  server.RaftServer$Division (ServerState.java:<init>(113)) - c635de7f-7955-4843-9021-ff51e3697f04@group-75741BDA0535: ConfigurationManager, init=-1: peers:[c635de7f-7955-4843-9021-ff51e3697f04|127.0.0.1:15014]|listeners:[], old=null, confs=<EMPTY_MAP>
2024-04-24 06:58:53,476 [c635de7f-7955-4843-9021-ff51e3697f04-groupManagement] INFO  server.RaftServerConfigKeys (ConfUtils.java:logGet(46)) - raft.server.notification.no-leader.timeout = 300s (custom)
2024-04-24 06:58:53,476 [c635de7f-7955-4843-9021-ff51e3697f04-groupManagement] INFO  server.RaftServerConfigKeys (ConfUtils.java:logGet(46)) - raft.server.read.timeout = 10s (default)
2024-04-24 06:58:53,476 [c635de7f-7955-4843-9021-ff51e3697f04-groupManagement] INFO  server.RaftServerConfigKeys (ConfUtils.java:logGet(46)) - raft.server.retrycache.expirytime = 600000ms (custom)
2024-04-24 06:58:53,476 [c635de7f-7955-4843-9021-ff51e3697f04-groupManagement] INFO  server.RaftServerConfigKeys (ConfUtils.java:logGet(46)) - raft.server.retrycache.statistics.expirytime = 100ms (default)
2024-04-24 06:58:53,476 [c635de7f-7955-4843-9021-ff51e3697f04-groupManagement] INFO  server.RaftServerConfigKeys (ConfUtils.java:logGet(46)) - raft.server.read.option = DEFAULT (default)
2024-04-24 06:58:53,476 [c635de7f-7955-4843-9021-ff51e3697f04-groupManagement] INFO  server.RaftServerConfigKeys (ConfUtils.java:logGet(46)) - raft.server.read.read-after-write-consistent.write-index-cache.expiry-time = 60s (default)
2024-04-24 06:58:53,483 [c635de7f-7955-4843-9021-ff51e3697f04-groupManagement] INFO  server.RaftServerConfigKeys (ConfUtils.java:logGet(46)) - raft.server.rpc.request.timeout = 60s (custom)
2024-04-24 06:58:53,483 [c635de7f-7955-4843-9021-ff51e3697f04-groupManagement] INFO  server.RaftServerConfigKeys (ConfUtils.java:logGet(46)) - raft.server.log.appender.install.snapshot.enabled = false (custom)
2024-04-24 06:58:53,483 [c635de7f-7955-4843-9021-ff51e3697f04-groupManagement] INFO  server.RaftServerConfigKeys (ConfUtils.java:logGet(46)) - raft.server.threadpool.server.cached = true (default)
2024-04-24 06:58:53,483 [c635de7f-7955-4843-9021-ff51e3697f04-groupManagement] INFO  server.RaftServerConfigKeys (ConfUtils.java:logGet(46)) - raft.server.threadpool.server.size = 0 (default)
2024-04-24 06:58:53,483 [c635de7f-7955-4843-9021-ff51e3697f04-groupManagement] INFO  server.RaftServerConfigKeys (ConfUtils.java:logGet(46)) - raft.server.threadpool.client.cached = true (default)
2024-04-24 06:58:53,484 [c635de7f-7955-4843-9021-ff51e3697f04-groupManagement] INFO  server.RaftServerConfigKeys (ConfUtils.java:logGet(46)) - raft.server.threadpool.client.size = 0 (default)
2024-04-24 06:58:53,484 [c635de7f-7955-4843-9021-ff51e3697f04-groupManagement] INFO  server.RaftServerConfigKeys (ConfUtils.java:logGet(46)) - raft.server.storage.free-space.min = 0MB (=0) (default)
2024-04-24 06:58:53,484 [c635de7f-7955-4843-9021-ff51e3697f04-groupManagement] INFO  server.RaftServerConfigKeys (ConfUtils.java:logGet(46)) - raft.server.log.corruption.policy = EXCEPTION (default)
2024-04-24 06:58:53,484 [c635de7f-7955-4843-9021-ff51e3697f04-groupManagement] INFO  server.RaftServerConfigKeys (ConfUtils.java:logGet(46)) - raft.server.storage.dir = [/home/runner/work/ozone/ozone/hadoop-ozone/integration-test/target/test-dir/MiniOzoneClusterImpl-402bd57a-b865-4622-973c-767f06725353/ozone-meta/datanode-1/ratis] (custom)
2024-04-24 06:58:53,484 [c635de7f-7955-4843-9021-ff51e3697f04-groupManagement] INFO  storage.RaftStorageDirectory (RaftStorageDirectoryImpl.java:analyzeStorage(138)) - The storage directory /home/runner/work/ozone/ozone/hadoop-ozone/integration-test/target/test-dir/MiniOzoneClusterImpl-402bd57a-b865-4622-973c-767f06725353/ozone-meta/datanode-1/ratis/10b15f27-9e1c-469f-868d-75741bda0535 does not exist. Creating ...
2024-04-24 06:58:53,486 [c635de7f-7955-4843-9021-ff51e3697f04-groupManagement] INFO  storage.RaftStorageDirectory (RaftStorageDirectoryImpl.java:tryLock(228)) - Lock on /home/runner/work/ozone/ozone/hadoop-ozone/integration-test/target/test-dir/MiniOzoneClusterImpl-402bd57a-b865-4622-973c-767f06725353/ozone-meta/datanode-1/ratis/10b15f27-9e1c-469f-868d-75741bda0535/in_use.lock acquired by nodename 83740@fv-az1117-300
2024-04-24 06:58:53,487 [c635de7f-7955-4843-9021-ff51e3697f04-groupManagement] INFO  storage.RaftStorage (RaftStorageImpl.java:format(99)) - Storage directory /home/runner/work/ozone/ozone/hadoop-ozone/integration-test/target/test-dir/MiniOzoneClusterImpl-402bd57a-b865-4622-973c-767f06725353/ozone-meta/datanode-1/ratis/10b15f27-9e1c-469f-868d-75741bda0535 has been successfully formatted.
2024-04-24 06:58:53,488 [c635de7f-7955-4843-9021-ff51e3697f04-groupManagement] WARN  util.FileUtils (LogUtils.java:supplyAndLog(63)) - Failed to Files.newInputStream /home/runner/work/ozone/ozone/hadoop-ozone/integration-test/target/test-dir/MiniOzoneClusterImpl-402bd57a-b865-4622-973c-767f06725353/ozone-meta/datanode-1/ratis/10b15f27-9e1c-469f-868d-75741bda0535/current/raft-meta.conf with options []: java.nio.file.NoSuchFileException: /home/runner/work/ozone/ozone/hadoop-ozone/integration-test/target/test-dir/MiniOzoneClusterImpl-402bd57a-b865-4622-973c-767f06725353/ozone-meta/datanode-1/ratis/10b15f27-9e1c-469f-868d-75741bda0535/current/raft-meta.conf
2024-04-24 06:58:53,495 [c635de7f-7955-4843-9021-ff51e3697f04-groupManagement] INFO  ratis.ContainerStateMachine (ContainerStateMachine.java:loadSnapshot(287)) - group-75741BDA0535: The snapshot info is null. Setting the last applied index to:(t:0, i:~)
2024-04-24 06:58:53,496 [c635de7f-7955-4843-9021-ff51e3697f04-groupManagement] INFO  server.RaftServerConfigKeys (ConfUtils.java:logGet(46)) - raft.server.log.use.memory = false (default)
2024-04-24 06:58:53,496 [c635de7f-7955-4843-9021-ff51e3697f04-groupManagement] INFO  server.RaftServerConfigKeys (ConfUtils.java:logGet(46)) - raft.server.log.purge.gap = 1000000 (custom)
2024-04-24 06:58:53,496 [c635de7f-7955-4843-9021-ff51e3697f04-groupManagement] INFO  server.RaftServerConfigKeys (ConfUtils.java:logGet(46)) - raft.server.log.appender.buffer.byte-limit = 8388608 (custom)
2024-04-24 06:58:53,496 [c635de7f-7955-4843-9021-ff51e3697f04-groupManagement] INFO  server.RaftServerConfigKeys (ConfUtils.java:logGet(46)) - raft.server.log.statemachine.data.read.timeout = 1000ms (default)
2024-04-24 06:58:53,496 [c635de7f-7955-4843-9021-ff51e3697f04-groupManagement] INFO  server.RaftServerConfigKeys (ConfUtils.java:logGet(46)) - raft.server.log.purge.preservation.log.num = 0 (default)
2024-04-24 06:58:53,500 [c635de7f-7955-4843-9021-ff51e3697f04-groupManagement] INFO  server.RaftServerConfigKeys (ConfUtils.java:logGet(46)) - raft.server.log.segment.size.max = 67108864 (custom)
2024-04-24 06:58:53,501 [c635de7f-7955-4843-9021-ff51e3697f04-groupManagement] INFO  server.RaftServerConfigKeys (ConfUtils.java:logGet(46)) - raft.server.log.segment.cache.num.max = 2 (custom)
2024-04-24 06:58:53,501 [c635de7f-7955-4843-9021-ff51e3697f04-groupManagement] INFO  server.RaftServerConfigKeys (ConfUtils.java:logGet(46)) - raft.server.log.segment.cache.size.max = 200MB (=209715200) (default)
2024-04-24 06:58:53,501 [c635de7f-7955-4843-9021-ff51e3697f04-groupManagement] INFO  server.RaftServerConfigKeys (ConfUtils.java:logGet(46)) - raft.server.log.appender.buffer.byte-limit = 8388608 (custom)
2024-04-24 06:58:53,503 [c635de7f-7955-4843-9021-ff51e3697f04-groupManagement] INFO  util.AwaitToRun (AwaitToRun.java:start(81)) - Thread[c635de7f-7955-4843-9021-ff51e3697f04@group-75741BDA0535-cacheEviction-AwaitToRun,5,main] started
2024-04-24 06:58:53,503 [c635de7f-7955-4843-9021-ff51e3697f04-groupManagement] INFO  segmented.SegmentedRaftLogWorker (SegmentedRaftLogWorker.java:<init>(182)) - new c635de7f-7955-4843-9021-ff51e3697f04@group-75741BDA0535-SegmentedRaftLogWorker for RaftStorageImpl:Storage Directory /home/runner/work/ozone/ozone/hadoop-ozone/integration-test/target/test-dir/MiniOzoneClusterImpl-402bd57a-b865-4622-973c-767f06725353/ozone-meta/datanode-1/ratis/10b15f27-9e1c-469f-868d-75741bda0535
2024-04-24 06:58:53,503 [c635de7f-7955-4843-9021-ff51e3697f04-groupManagement] INFO  server.RaftServerConfigKeys (ConfUtils.java:logGet(46)) - raft.server.log.queue.byte-limit = 4294967296 (custom)
2024-04-24 06:58:53,504 [c635de7f-7955-4843-9021-ff51e3697f04-groupManagement] INFO  server.RaftServerConfigKeys (ConfUtils.java:logGet(46)) - raft.server.log.queue.element-limit = 1024 (custom)
2024-04-24 06:58:53,504 [c635de7f-7955-4843-9021-ff51e3697f04-groupManagement] INFO  server.RaftServerConfigKeys (ConfUtils.java:logGet(46)) - raft.server.log.segment.size.max = 67108864 (custom)
2024-04-24 06:58:53,504 [c635de7f-7955-4843-9021-ff51e3697f04-groupManagement] INFO  server.RaftServerConfigKeys (ConfUtils.java:logGet(46)) - raft.server.log.preallocated.size = 4194304 (custom)
2024-04-24 06:58:53,504 [c635de7f-7955-4843-9021-ff51e3697f04-groupManagement] INFO  server.RaftServerConfigKeys (ConfUtils.java:logGet(46)) - raft.server.log.force.sync.num = 128 (default)
2024-04-24 06:58:53,504 [c635de7f-7955-4843-9021-ff51e3697f04-groupManagement] INFO  server.RaftServerConfigKeys (ConfUtils.java:logGet(46)) - raft.server.log.statemachine.data.sync = true (default)
2024-04-24 06:58:53,504 [c635de7f-7955-4843-9021-ff51e3697f04-groupManagement] INFO  server.RaftServerConfigKeys (ConfUtils.java:logGet(46)) - raft.server.log.statemachine.data.sync.timeout = 10s (default)
2024-04-24 06:58:53,504 [c635de7f-7955-4843-9021-ff51e3697f04-groupManagement] INFO  server.RaftServerConfigKeys (ConfUtils.java:logGet(46)) - raft.server.log.statemachine.data.sync.timeout.retry = 30 (custom)
2024-04-24 06:58:53,505 [c635de7f-7955-4843-9021-ff51e3697f04-groupManagement] INFO  server.RaftServerConfigKeys (ConfUtils.java:logGet(46)) - raft.server.log.write.buffer.size = 8388616 (custom)
2024-04-24 06:58:53,506 [c635de7f-7955-4843-9021-ff51e3697f04-groupManagement] INFO  server.RaftServerConfigKeys (ConfUtils.java:logGet(46)) - raft.server.log.appender.buffer.byte-limit = 8388608 (custom)
2024-04-24 06:58:53,507 [c635de7f-7955-4843-9021-ff51e3697f04-groupManagement] INFO  server.RaftServerConfigKeys (ConfUtils.java:logGet(46)) - raft.server.log.unsafe-flush.enabled = false (default)
2024-04-24 06:58:53,507 [c635de7f-7955-4843-9021-ff51e3697f04-groupManagement] INFO  server.RaftServerConfigKeys (ConfUtils.java:logGet(46)) - raft.server.log.async-flush.enabled = false (default)
2024-04-24 06:58:53,507 [c635de7f-7955-4843-9021-ff51e3697f04-groupManagement] INFO  server.RaftServerConfigKeys (ConfUtils.java:logGet(46)) - raft.server.log.statemachine.data.caching.enabled = true (custom)
2024-04-24 06:58:53,507 [c635de7f-7955-4843-9021-ff51e3697f04-groupManagement] INFO  segmented.SegmentedRaftLogWorker (SegmentedRaftLogWorker.java:lambda$new$0(134)) - c635de7f-7955-4843-9021-ff51e3697f04@group-75741BDA0535-SegmentedRaftLogWorker: flushIndex: setUnconditionally 0 -> -1
2024-04-24 06:58:53,507 [c635de7f-7955-4843-9021-ff51e3697f04-groupManagement] INFO  segmented.SegmentedRaftLogWorker (SegmentedRaftLogWorker.java:lambda$new$0(134)) - c635de7f-7955-4843-9021-ff51e3697f04@group-75741BDA0535-SegmentedRaftLogWorker: safeCacheEvictIndex: setUnconditionally 0 -> -1
2024-04-24 06:58:53,509 [c635de7f-7955-4843-9021-ff51e3697f04-groupManagement] INFO  server.RaftServer$Division (RaftServerImpl.java:start(396)) - c635de7f-7955-4843-9021-ff51e3697f04@group-75741BDA0535: start as a follower, conf=-1: peers:[c635de7f-7955-4843-9021-ff51e3697f04|127.0.0.1:15014]|listeners:[], old=null
2024-04-24 06:58:53,510 [c635de7f-7955-4843-9021-ff51e3697f04-groupManagement] INFO  server.RaftServer$Division (RaftServerImpl.java:setRole(383)) - c635de7f-7955-4843-9021-ff51e3697f04@group-75741BDA0535: changes role from      null to FOLLOWER at term 0 for startAsFollower
2024-04-24 06:58:53,510 [c635de7f-7955-4843-9021-ff51e3697f04-groupManagement] INFO  impl.RoleInfo (RoleInfo.java:updateAndGet(139)) - c635de7f-7955-4843-9021-ff51e3697f04: start c635de7f-7955-4843-9021-ff51e3697f04@group-75741BDA0535-FollowerState
2024-04-24 06:58:53,510 [c635de7f-7955-4843-9021-ff51e3697f04@group-75741BDA0535-FollowerState] INFO  server.RaftServerConfigKeys (ConfUtils.java:logFallback(53)) - raft.server.rpc.first-election.timeout.min = 5s (fallback to raft.server.rpc.timeout.min)
2024-04-24 06:58:53,510 [c635de7f-7955-4843-9021-ff51e3697f04-groupManagement] INFO  util.JmxRegister (JmxRegister.java:tryRegister(44)) - Successfully registered JMX Bean with object name Ratis:service=RaftServer,group=group-75741BDA0535,id=c635de7f-7955-4843-9021-ff51e3697f04
2024-04-24 06:58:53,511 [c635de7f-7955-4843-9021-ff51e3697f04@group-75741BDA0535-FollowerState] INFO  server.RaftServerConfigKeys (ConfUtils.java:logFallback(53)) - raft.server.rpc.first-election.timeout.max = 5200ms (fallback to raft.server.rpc.timeout.max)
2024-04-24 06:58:53,511 [c635de7f-7955-4843-9021-ff51e3697f04-groupManagement] INFO  server.RaftServerConfigKeys (ConfUtils.java:logGet(46)) - raft.server.snapshot.trigger-when-stop.enabled = true (default)
2024-04-24 06:58:53,511 [c635de7f-7955-4843-9021-ff51e3697f04-groupManagement] INFO  server.RaftServerConfigKeys (ConfUtils.java:logGet(46)) - raft.server.snapshot.auto.trigger.enabled = true (custom)
2024-04-24 06:58:53,511 [c635de7f-7955-4843-9021-ff51e3697f04-groupManagement] INFO  server.RaftServerConfigKeys (ConfUtils.java:logGet(46)) - raft.server.snapshot.auto.trigger.threshold = 10000 (custom)
2024-04-24 06:58:53,511 [c635de7f-7955-4843-9021-ff51e3697f04-groupManagement] INFO  server.RaftServerConfigKeys (ConfUtils.java:logGet(46)) - raft.server.snapshot.retention.file.num = 5 (custom)
2024-04-24 06:58:53,511 [c635de7f-7955-4843-9021-ff51e3697f04-groupManagement] INFO  server.RaftServerConfigKeys (ConfUtils.java:logGet(46)) - raft.server.log.purge.upto.snapshot.index = false (default)
2024-04-24 06:58:53,516 [EventQueue-PipelineReportForPipelineReportHandler] INFO  pipeline.PipelineReportHandler (PipelineReportHandler.java:processPipelineReport(136)) - Opened pipeline PipelineID=10b15f27-9e1c-469f-868d-75741bda0535
2024-04-24 06:58:53,518 [c635de7f-7955-4843-9021-ff51e3697f04-PipelineCommandHandlerThread-0] INFO  ratis.XceiverServerRatis (XceiverServerRatis.java:addGroup(864)) - Created group PipelineID=10b15f27-9e1c-469f-868d-75741bda0535
2024-04-24 06:58:53,519 [c635de7f-7955-4843-9021-ff51e3697f04-PipelineCommandHandlerThread-0] INFO  commandhandler.CreatePipelineCommandHandler (CreatePipelineCommandHandler.java:lambda$handle$2(124)) - Created Pipeline RATIS ONE PipelineID=10b15f27-9e1c-469f-868d-75741bda0535.
2024-04-24 06:58:53,519 [c635de7f-7955-4843-9021-ff51e3697f04-PipelineCommandHandlerThread-0] INFO  server.RaftServer (RaftServerProxy.java:addNew(100)) - c635de7f-7955-4843-9021-ff51e3697f04: addNew group-75CBC85C592E:[c635de7f-7955-4843-9021-ff51e3697f04|127.0.0.1:15014, 356ba7ca-2ac8-4352-a0c1-d7eac5981de9|127.0.0.1:15023, af396eb3-dbe1-4cff-9ccf-d69285efe845|127.0.0.1:15032] returns group-75CBC85C592E:java.util.concurrent.CompletableFuture@44c59d85[Not completed]
2024-04-24 06:58:53,521 [c635de7f-7955-4843-9021-ff51e3697f04-groupManagement] INFO  server.RaftServer$Division (RaftServerImpl.java:<init>(256)) - c635de7f-7955-4843-9021-ff51e3697f04: new RaftServerImpl for group-75CBC85C592E:[c635de7f-7955-4843-9021-ff51e3697f04|127.0.0.1:15014, 356ba7ca-2ac8-4352-a0c1-d7eac5981de9|127.0.0.1:15023, af396eb3-dbe1-4cff-9ccf-d69285efe845|127.0.0.1:15032] with ContainerStateMachine:uninitialized
2024-04-24 06:58:53,521 [c635de7f-7955-4843-9021-ff51e3697f04-groupManagement] INFO  server.RaftServerConfigKeys (ConfUtils.java:logGet(46)) - raft.server.rpc.timeout.min = 5s (custom)
2024-04-24 06:58:53,521 [c635de7f-7955-4843-9021-ff51e3697f04-groupManagement] INFO  server.RaftServerConfigKeys (ConfUtils.java:logGet(46)) - raft.server.rpc.timeout.max = 5200ms (custom)
2024-04-24 06:58:53,522 [c635de7f-7955-4843-9021-ff51e3697f04-groupManagement] INFO  server.RaftServerConfigKeys (ConfUtils.java:logGet(46)) - raft.server.rpc.sleep.time = 25ms (default)
2024-04-24 06:58:53,522 [c635de7f-7955-4843-9021-ff51e3697f04-groupManagement] INFO  server.RaftServerConfigKeys (ConfUtils.java:logGet(46)) - raft.server.rpc.slowness.timeout = 300s (custom)
2024-04-24 06:58:53,522 [c635de7f-7955-4843-9021-ff51e3697f04-groupManagement] INFO  server.RaftServerConfigKeys (ConfUtils.java:logGet(46)) - raft.server.leaderelection.leader.step-down.wait-time = 10s (default)
2024-04-24 06:58:53,522 [c635de7f-7955-4843-9021-ff51e3697f04-groupManagement] INFO  server.RaftServerConfigKeys (ConfUtils.java:logGet(46)) - raft.server.leaderelection.member.majority-add = false (default)
2024-04-24 06:58:53,522 [c635de7f-7955-4843-9021-ff51e3697f04-groupManagement] INFO  server.RaftServerConfigKeys (ConfUtils.java:logGet(46)) - raft.server.sleep.deviation.threshold = 300ms (default)
2024-04-24 06:58:53,522 [c635de7f-7955-4843-9021-ff51e3697f04-groupManagement] INFO  server.RaftServer$Division (ServerState.java:<init>(113)) - c635de7f-7955-4843-9021-ff51e3697f04@group-75CBC85C592E: ConfigurationManager, init=-1: peers:[c635de7f-7955-4843-9021-ff51e3697f04|127.0.0.1:15014, 356ba7ca-2ac8-4352-a0c1-d7eac5981de9|127.0.0.1:15023, af396eb3-dbe1-4cff-9ccf-d69285efe845|127.0.0.1:15032]|listeners:[], old=null, confs=<EMPTY_MAP>
2024-04-24 06:58:53,522 [c635de7f-7955-4843-9021-ff51e3697f04-groupManagement] INFO  server.RaftServerConfigKeys (ConfUtils.java:logGet(46)) - raft.server.notification.no-leader.timeout = 300s (custom)
2024-04-24 06:58:53,522 [c635de7f-7955-4843-9021-ff51e3697f04-groupManagement] INFO  server.RaftServerConfigKeys (ConfUtils.java:logGet(46)) - raft.server.read.timeout = 10s (default)
2024-04-24 06:58:53,522 [c635de7f-7955-4843-9021-ff51e3697f04-groupManagement] INFO  server.RaftServerConfigKeys (ConfUtils.java:logGet(46)) - raft.server.retrycache.expirytime = 600000ms (custom)
2024-04-24 06:58:53,522 [c635de7f-7955-4843-9021-ff51e3697f04-groupManagement] INFO  server.RaftServerConfigKeys (ConfUtils.java:logGet(46)) - raft.server.retrycache.statistics.expirytime = 100ms (default)
2024-04-24 06:58:53,522 [c635de7f-7955-4843-9021-ff51e3697f04-groupManagement] INFO  server.RaftServerConfigKeys (ConfUtils.java:logGet(46)) - raft.server.read.option = DEFAULT (default)
2024-04-24 06:58:53,522 [c635de7f-7955-4843-9021-ff51e3697f04-groupManagement] INFO  server.RaftServerConfigKeys (ConfUtils.java:logGet(46)) - raft.server.read.read-after-write-consistent.write-index-cache.expiry-time = 60s (default)
2024-04-24 06:58:53,523 [EventQueue-OpenPipelineForHealthyPipelineSafeModeRule] INFO  safemode.SCMSafeModeManager (HealthyPipelineSafeModeRule.java:process(140)) - SCM in safe mode. Healthy pipelines reported count is 0, required healthy pipeline reported count is 1
2024-04-24 06:58:53,528 [c635de7f-7955-4843-9021-ff51e3697f04-groupManagement] INFO  server.RaftServerConfigKeys (ConfUtils.java:logGet(46)) - raft.server.rpc.request.timeout = 60s (custom)
2024-04-24 06:58:53,528 [c635de7f-7955-4843-9021-ff51e3697f04-groupManagement] INFO  server.RaftServerConfigKeys (ConfUtils.java:logGet(46)) - raft.server.log.appender.install.snapshot.enabled = false (custom)
2024-04-24 06:58:53,528 [c635de7f-7955-4843-9021-ff51e3697f04-groupManagement] INFO  server.RaftServerConfigKeys (ConfUtils.java:logGet(46)) - raft.server.threadpool.server.cached = true (default)
2024-04-24 06:58:53,528 [c635de7f-7955-4843-9021-ff51e3697f04-groupManagement] INFO  server.RaftServerConfigKeys (ConfUtils.java:logGet(46)) - raft.server.threadpool.server.size = 0 (default)
2024-04-24 06:58:53,528 [c635de7f-7955-4843-9021-ff51e3697f04-groupManagement] INFO  server.RaftServerConfigKeys (ConfUtils.java:logGet(46)) - raft.server.threadpool.client.cached = true (default)
2024-04-24 06:58:53,528 [c635de7f-7955-4843-9021-ff51e3697f04-groupManagement] INFO  server.RaftServerConfigKeys (ConfUtils.java:logGet(46)) - raft.server.threadpool.client.size = 0 (default)
2024-04-24 06:58:53,529 [c635de7f-7955-4843-9021-ff51e3697f04-groupManagement] INFO  server.RaftServerConfigKeys (ConfUtils.java:logGet(46)) - raft.server.storage.free-space.min = 0MB (=0) (default)
2024-04-24 06:58:53,529 [c635de7f-7955-4843-9021-ff51e3697f04-groupManagement] INFO  server.RaftServerConfigKeys (ConfUtils.java:logGet(46)) - raft.server.log.corruption.policy = EXCEPTION (default)
2024-04-24 06:58:53,529 [c635de7f-7955-4843-9021-ff51e3697f04-groupManagement] INFO  server.RaftServerConfigKeys (ConfUtils.java:logGet(46)) - raft.server.storage.dir = [/home/runner/work/ozone/ozone/hadoop-ozone/integration-test/target/test-dir/MiniOzoneClusterImpl-402bd57a-b865-4622-973c-767f06725353/ozone-meta/datanode-1/ratis] (custom)
2024-04-24 06:58:53,529 [c635de7f-7955-4843-9021-ff51e3697f04-groupManagement] INFO  storage.RaftStorageDirectory (RaftStorageDirectoryImpl.java:analyzeStorage(138)) - The storage directory /home/runner/work/ozone/ozone/hadoop-ozone/integration-test/target/test-dir/MiniOzoneClusterImpl-402bd57a-b865-4622-973c-767f06725353/ozone-meta/datanode-1/ratis/ad3a5459-11d6-4ec0-b487-75cbc85c592e does not exist. Creating ...
2024-04-24 06:58:53,530 [c635de7f-7955-4843-9021-ff51e3697f04-groupManagement] INFO  storage.RaftStorageDirectory (RaftStorageDirectoryImpl.java:tryLock(228)) - Lock on /home/runner/work/ozone/ozone/hadoop-ozone/integration-test/target/test-dir/MiniOzoneClusterImpl-402bd57a-b865-4622-973c-767f06725353/ozone-meta/datanode-1/ratis/ad3a5459-11d6-4ec0-b487-75cbc85c592e/in_use.lock acquired by nodename 83740@fv-az1117-300
2024-04-24 06:58:53,531 [c635de7f-7955-4843-9021-ff51e3697f04-groupManagement] INFO  storage.RaftStorage (RaftStorageImpl.java:format(99)) - Storage directory /home/runner/work/ozone/ozone/hadoop-ozone/integration-test/target/test-dir/MiniOzoneClusterImpl-402bd57a-b865-4622-973c-767f06725353/ozone-meta/datanode-1/ratis/ad3a5459-11d6-4ec0-b487-75cbc85c592e has been successfully formatted.
2024-04-24 06:58:53,532 [c635de7f-7955-4843-9021-ff51e3697f04-groupManagement] WARN  util.FileUtils (LogUtils.java:supplyAndLog(63)) - Failed to Files.newInputStream /home/runner/work/ozone/ozone/hadoop-ozone/integration-test/target/test-dir/MiniOzoneClusterImpl-402bd57a-b865-4622-973c-767f06725353/ozone-meta/datanode-1/ratis/ad3a5459-11d6-4ec0-b487-75cbc85c592e/current/raft-meta.conf with options []: java.nio.file.NoSuchFileException: /home/runner/work/ozone/ozone/hadoop-ozone/integration-test/target/test-dir/MiniOzoneClusterImpl-402bd57a-b865-4622-973c-767f06725353/ozone-meta/datanode-1/ratis/ad3a5459-11d6-4ec0-b487-75cbc85c592e/current/raft-meta.conf
2024-04-24 06:58:53,532 [c635de7f-7955-4843-9021-ff51e3697f04-groupManagement] INFO  ratis.ContainerStateMachine (ContainerStateMachine.java:loadSnapshot(287)) - group-75CBC85C592E: The snapshot info is null. Setting the last applied index to:(t:0, i:~)
2024-04-24 06:58:53,532 [c635de7f-7955-4843-9021-ff51e3697f04-groupManagement] INFO  server.RaftServerConfigKeys (ConfUtils.java:logGet(46)) - raft.server.log.use.memory = false (default)
2024-04-24 06:58:53,533 [c635de7f-7955-4843-9021-ff51e3697f04-groupManagement] INFO  server.RaftServerConfigKeys (ConfUtils.java:logGet(46)) - raft.server.log.purge.gap = 1000000 (custom)
2024-04-24 06:58:53,533 [c635de7f-7955-4843-9021-ff51e3697f04-groupManagement] INFO  server.RaftServerConfigKeys (ConfUtils.java:logGet(46)) - raft.server.log.appender.buffer.byte-limit = 8388608 (custom)
2024-04-24 06:58:53,533 [c635de7f-7955-4843-9021-ff51e3697f04-groupManagement] INFO  server.RaftServerConfigKeys (ConfUtils.java:logGet(46)) - raft.server.log.statemachine.data.read.timeout = 1000ms (default)
2024-04-24 06:58:53,533 [c635de7f-7955-4843-9021-ff51e3697f04-groupManagement] INFO  server.RaftServerConfigKeys (ConfUtils.java:logGet(46)) - raft.server.log.purge.preservation.log.num = 0 (default)
2024-04-24 06:58:53,534 [EventQueue-OpenPipelineForHealthyPipelineSafeModeRule] INFO  safemode.SCMSafeModeManager (HealthyPipelineSafeModeRule.java:process(140)) - SCM in safe mode. Healthy pipelines reported count is 0, required healthy pipeline reported count is 1
2024-04-24 06:58:53,536 [c635de7f-7955-4843-9021-ff51e3697f04-groupManagement] INFO  server.RaftServerConfigKeys (ConfUtils.java:logGet(46)) - raft.server.log.segment.size.max = 67108864 (custom)
2024-04-24 06:58:53,537 [c635de7f-7955-4843-9021-ff51e3697f04-groupManagement] INFO  server.RaftServerConfigKeys (ConfUtils.java:logGet(46)) - raft.server.log.segment.cache.num.max = 2 (custom)
2024-04-24 06:58:53,537 [c635de7f-7955-4843-9021-ff51e3697f04-groupManagement] INFO  server.RaftServerConfigKeys (ConfUtils.java:logGet(46)) - raft.server.log.segment.cache.size.max = 200MB (=209715200) (default)
2024-04-24 06:58:53,537 [c635de7f-7955-4843-9021-ff51e3697f04-groupManagement] INFO  server.RaftServerConfigKeys (ConfUtils.java:logGet(46)) - raft.server.log.appender.buffer.byte-limit = 8388608 (custom)
2024-04-24 06:58:53,543 [c635de7f-7955-4843-9021-ff51e3697f04-groupManagement] INFO  util.AwaitToRun (AwaitToRun.java:start(81)) - Thread[c635de7f-7955-4843-9021-ff51e3697f04@group-75CBC85C592E-cacheEviction-AwaitToRun,5,main] started
2024-04-24 06:58:53,544 [c635de7f-7955-4843-9021-ff51e3697f04-groupManagement] INFO  segmented.SegmentedRaftLogWorker (SegmentedRaftLogWorker.java:<init>(182)) - new c635de7f-7955-4843-9021-ff51e3697f04@group-75CBC85C592E-SegmentedRaftLogWorker for RaftStorageImpl:Storage Directory /home/runner/work/ozone/ozone/hadoop-ozone/integration-test/target/test-dir/MiniOzoneClusterImpl-402bd57a-b865-4622-973c-767f06725353/ozone-meta/datanode-1/ratis/ad3a5459-11d6-4ec0-b487-75cbc85c592e
2024-04-24 06:58:53,544 [c635de7f-7955-4843-9021-ff51e3697f04-groupManagement] INFO  server.RaftServerConfigKeys (ConfUtils.java:logGet(46)) - raft.server.log.queue.byte-limit = 4294967296 (custom)
2024-04-24 06:58:53,544 [c635de7f-7955-4843-9021-ff51e3697f04-groupManagement] INFO  server.RaftServerConfigKeys (ConfUtils.java:logGet(46)) - raft.server.log.queue.element-limit = 1024 (custom)
2024-04-24 06:58:53,544 [c635de7f-7955-4843-9021-ff51e3697f04-groupManagement] INFO  server.RaftServerConfigKeys (ConfUtils.java:logGet(46)) - raft.server.log.segment.size.max = 67108864 (custom)
2024-04-24 06:58:53,544 [c635de7f-7955-4843-9021-ff51e3697f04-groupManagement] INFO  server.RaftServerConfigKeys (ConfUtils.java:logGet(46)) - raft.server.log.preallocated.size = 4194304 (custom)
2024-04-24 06:58:53,544 [c635de7f-7955-4843-9021-ff51e3697f04-groupManagement] INFO  server.RaftServerConfigKeys (ConfUtils.java:logGet(46)) - raft.server.log.force.sync.num = 128 (default)
2024-04-24 06:58:53,544 [c635de7f-7955-4843-9021-ff51e3697f04-groupManagement] INFO  server.RaftServerConfigKeys (ConfUtils.java:logGet(46)) - raft.server.log.statemachine.data.sync = true (default)
2024-04-24 06:58:53,544 [c635de7f-7955-4843-9021-ff51e3697f04-groupManagement] INFO  server.RaftServerConfigKeys (ConfUtils.java:logGet(46)) - raft.server.log.statemachine.data.sync.timeout = 10s (default)
2024-04-24 06:58:53,544 [c635de7f-7955-4843-9021-ff51e3697f04-groupManagement] INFO  server.RaftServerConfigKeys (ConfUtils.java:logGet(46)) - raft.server.log.statemachine.data.sync.timeout.retry = 30 (custom)
2024-04-24 06:58:53,545 [c635de7f-7955-4843-9021-ff51e3697f04-groupManagement] INFO  server.RaftServerConfigKeys (ConfUtils.java:logGet(46)) - raft.server.log.write.buffer.size = 8388616 (custom)
2024-04-24 06:58:53,547 [c635de7f-7955-4843-9021-ff51e3697f04-groupManagement] INFO  server.RaftServerConfigKeys (ConfUtils.java:logGet(46)) - raft.server.log.appender.buffer.byte-limit = 8388608 (custom)
2024-04-24 06:58:53,547 [c635de7f-7955-4843-9021-ff51e3697f04-groupManagement] INFO  server.RaftServerConfigKeys (ConfUtils.java:logGet(46)) - raft.server.log.unsafe-flush.enabled = false (default)
2024-04-24 06:58:53,547 [c635de7f-7955-4843-9021-ff51e3697f04-groupManagement] INFO  server.RaftServerConfigKeys (ConfUtils.java:logGet(46)) - raft.server.log.async-flush.enabled = false (default)
2024-04-24 06:58:53,548 [c635de7f-7955-4843-9021-ff51e3697f04-groupManagement] INFO  server.RaftServerConfigKeys (ConfUtils.java:logGet(46)) - raft.server.log.statemachine.data.caching.enabled = true (custom)
2024-04-24 06:58:53,548 [c635de7f-7955-4843-9021-ff51e3697f04-groupManagement] INFO  segmented.SegmentedRaftLogWorker (SegmentedRaftLogWorker.java:lambda$new$0(134)) - c635de7f-7955-4843-9021-ff51e3697f04@group-75CBC85C592E-SegmentedRaftLogWorker: flushIndex: setUnconditionally 0 -> -1
2024-04-24 06:58:53,548 [c635de7f-7955-4843-9021-ff51e3697f04-groupManagement] INFO  segmented.SegmentedRaftLogWorker (SegmentedRaftLogWorker.java:lambda$new$0(134)) - c635de7f-7955-4843-9021-ff51e3697f04@group-75CBC85C592E-SegmentedRaftLogWorker: safeCacheEvictIndex: setUnconditionally 0 -> -1
2024-04-24 06:58:53,548 [c635de7f-7955-4843-9021-ff51e3697f04-groupManagement] INFO  server.RaftServer$Division (RaftServerImpl.java:start(396)) - c635de7f-7955-4843-9021-ff51e3697f04@group-75CBC85C592E: start as a follower, conf=-1: peers:[c635de7f-7955-4843-9021-ff51e3697f04|127.0.0.1:15014, 356ba7ca-2ac8-4352-a0c1-d7eac5981de9|127.0.0.1:15023, af396eb3-dbe1-4cff-9ccf-d69285efe845|127.0.0.1:15032]|listeners:[], old=null
2024-04-24 06:58:53,548 [c635de7f-7955-4843-9021-ff51e3697f04-groupManagement] INFO  server.RaftServer$Division (RaftServerImpl.java:setRole(383)) - c635de7f-7955-4843-9021-ff51e3697f04@group-75CBC85C592E: changes role from      null to FOLLOWER at term 0 for startAsFollower
2024-04-24 06:58:53,549 [c635de7f-7955-4843-9021-ff51e3697f04-groupManagement] INFO  impl.RoleInfo (RoleInfo.java:updateAndGet(139)) - c635de7f-7955-4843-9021-ff51e3697f04: start c635de7f-7955-4843-9021-ff51e3697f04@group-75CBC85C592E-FollowerState
2024-04-24 06:58:53,549 [c635de7f-7955-4843-9021-ff51e3697f04-groupManagement] INFO  util.JmxRegister (JmxRegister.java:tryRegister(44)) - Successfully registered JMX Bean with object name Ratis:service=RaftServer,group=group-75CBC85C592E,id=c635de7f-7955-4843-9021-ff51e3697f04
2024-04-24 06:58:53,549 [c635de7f-7955-4843-9021-ff51e3697f04-groupManagement] INFO  server.RaftServerConfigKeys (ConfUtils.java:logGet(46)) - raft.server.snapshot.trigger-when-stop.enabled = true (default)
2024-04-24 06:58:53,549 [c635de7f-7955-4843-9021-ff51e3697f04-groupManagement] INFO  server.RaftServerConfigKeys (ConfUtils.java:logGet(46)) - raft.server.snapshot.auto.trigger.enabled = true (custom)
2024-04-24 06:58:53,549 [c635de7f-7955-4843-9021-ff51e3697f04-groupManagement] INFO  server.RaftServerConfigKeys (ConfUtils.java:logGet(46)) - raft.server.snapshot.auto.trigger.threshold = 10000 (custom)
2024-04-24 06:58:53,549 [c635de7f-7955-4843-9021-ff51e3697f04-groupManagement] INFO  server.RaftServerConfigKeys (ConfUtils.java:logGet(46)) - raft.server.snapshot.retention.file.num = 5 (custom)
2024-04-24 06:58:53,549 [c635de7f-7955-4843-9021-ff51e3697f04-groupManagement] INFO  server.RaftServerConfigKeys (ConfUtils.java:logGet(46)) - raft.server.log.purge.upto.snapshot.index = false (default)
2024-04-24 06:58:53,550 [c635de7f-7955-4843-9021-ff51e3697f04@group-75CBC85C592E-FollowerState] INFO  server.RaftServerConfigKeys (ConfUtils.java:logFallback(53)) - raft.server.rpc.first-election.timeout.min = 5s (fallback to raft.server.rpc.timeout.min)
2024-04-24 06:58:53,551 [c635de7f-7955-4843-9021-ff51e3697f04@group-75CBC85C592E-FollowerState] INFO  server.RaftServerConfigKeys (ConfUtils.java:logFallback(53)) - raft.server.rpc.first-election.timeout.max = 5200ms (fallback to raft.server.rpc.timeout.max)
2024-04-24 06:58:53,551 [c635de7f-7955-4843-9021-ff51e3697f04-PipelineCommandHandlerThread-0] INFO  ratis.XceiverServerRatis (XceiverServerRatis.java:addGroup(864)) - Created group PipelineID=ad3a5459-11d6-4ec0-b487-75cbc85c592e
2024-04-24 06:58:53,599 [356ba7ca-2ac8-4352-a0c1-d7eac5981de9-PipelineCommandHandlerThread-0] INFO  server.RaftServer (RaftServerProxy.java:addNew(100)) - 356ba7ca-2ac8-4352-a0c1-d7eac5981de9: addNew group-9B96892CA716:[356ba7ca-2ac8-4352-a0c1-d7eac5981de9|127.0.0.1:15023] returns group-9B96892CA716:java.util.concurrent.CompletableFuture@afd23d4[Not completed]
2024-04-24 06:58:53,603 [356ba7ca-2ac8-4352-a0c1-d7eac5981de9-groupManagement] INFO  server.RaftServer$Division (RaftServerImpl.java:<init>(256)) - 356ba7ca-2ac8-4352-a0c1-d7eac5981de9: new RaftServerImpl for group-9B96892CA716:[356ba7ca-2ac8-4352-a0c1-d7eac5981de9|127.0.0.1:15023] with ContainerStateMachine:uninitialized
2024-04-24 06:58:53,603 [356ba7ca-2ac8-4352-a0c1-d7eac5981de9-groupManagement] INFO  server.RaftServerConfigKeys (ConfUtils.java:logGet(46)) - raft.server.rpc.timeout.min = 5s (custom)
2024-04-24 06:58:53,604 [356ba7ca-2ac8-4352-a0c1-d7eac5981de9-groupManagement] INFO  server.RaftServerConfigKeys (ConfUtils.java:logGet(46)) - raft.server.rpc.timeout.max = 5200ms (custom)
2024-04-24 06:58:53,604 [356ba7ca-2ac8-4352-a0c1-d7eac5981de9-groupManagement] INFO  server.RaftServerConfigKeys (ConfUtils.java:logGet(46)) - raft.server.rpc.sleep.time = 25ms (default)
2024-04-24 06:58:53,604 [356ba7ca-2ac8-4352-a0c1-d7eac5981de9-groupManagement] INFO  server.RaftServerConfigKeys (ConfUtils.java:logGet(46)) - raft.server.rpc.slowness.timeout = 300s (custom)
2024-04-24 06:58:53,604 [356ba7ca-2ac8-4352-a0c1-d7eac5981de9-groupManagement] INFO  server.RaftServerConfigKeys (ConfUtils.java:logGet(46)) - raft.server.leaderelection.leader.step-down.wait-time = 10s (default)
2024-04-24 06:58:53,604 [356ba7ca-2ac8-4352-a0c1-d7eac5981de9-groupManagement] INFO  server.RaftServerConfigKeys (ConfUtils.java:logGet(46)) - raft.server.leaderelection.member.majority-add = false (default)
2024-04-24 06:58:53,604 [356ba7ca-2ac8-4352-a0c1-d7eac5981de9-groupManagement] INFO  server.RaftServerConfigKeys (ConfUtils.java:logGet(46)) - raft.server.sleep.deviation.threshold = 300ms (default)
2024-04-24 06:58:53,605 [356ba7ca-2ac8-4352-a0c1-d7eac5981de9-groupManagement] INFO  server.RaftServer$Division (ServerState.java:<init>(113)) - 356ba7ca-2ac8-4352-a0c1-d7eac5981de9@group-9B96892CA716: ConfigurationManager, init=-1: peers:[356ba7ca-2ac8-4352-a0c1-d7eac5981de9|127.0.0.1:15023]|listeners:[], old=null, confs=<EMPTY_MAP>
2024-04-24 06:58:53,605 [356ba7ca-2ac8-4352-a0c1-d7eac5981de9-groupManagement] INFO  server.RaftServerConfigKeys (ConfUtils.java:logGet(46)) - raft.server.notification.no-leader.timeout = 300s (custom)
2024-04-24 06:58:53,605 [356ba7ca-2ac8-4352-a0c1-d7eac5981de9-groupManagement] INFO  server.RaftServerConfigKeys (ConfUtils.java:logGet(46)) - raft.server.read.timeout = 10s (default)
2024-04-24 06:58:53,605 [356ba7ca-2ac8-4352-a0c1-d7eac5981de9-groupManagement] INFO  server.RaftServerConfigKeys (ConfUtils.java:logGet(46)) - raft.server.retrycache.expirytime = 600000ms (custom)
2024-04-24 06:58:53,605 [356ba7ca-2ac8-4352-a0c1-d7eac5981de9-groupManagement] INFO  server.RaftServerConfigKeys (ConfUtils.java:logGet(46)) - raft.server.retrycache.statistics.expirytime = 100ms (default)
2024-04-24 06:58:53,605 [356ba7ca-2ac8-4352-a0c1-d7eac5981de9-groupManagement] INFO  server.RaftServerConfigKeys (ConfUtils.java:logGet(46)) - raft.server.read.option = DEFAULT (default)
2024-04-24 06:58:53,606 [356ba7ca-2ac8-4352-a0c1-d7eac5981de9-groupManagement] INFO  server.RaftServerConfigKeys (ConfUtils.java:logGet(46)) - raft.server.read.read-after-write-consistent.write-index-cache.expiry-time = 60s (default)
2024-04-24 06:58:53,617 [356ba7ca-2ac8-4352-a0c1-d7eac5981de9-groupManagement] INFO  server.RaftServerConfigKeys (ConfUtils.java:logGet(46)) - raft.server.rpc.request.timeout = 60s (custom)
2024-04-24 06:58:53,617 [356ba7ca-2ac8-4352-a0c1-d7eac5981de9-groupManagement] INFO  server.RaftServerConfigKeys (ConfUtils.java:logGet(46)) - raft.server.log.appender.install.snapshot.enabled = false (custom)
2024-04-24 06:58:53,618 [356ba7ca-2ac8-4352-a0c1-d7eac5981de9-groupManagement] INFO  server.RaftServerConfigKeys (ConfUtils.java:logGet(46)) - raft.server.threadpool.server.cached = true (default)
2024-04-24 06:58:53,619 [356ba7ca-2ac8-4352-a0c1-d7eac5981de9-groupManagement] INFO  server.RaftServerConfigKeys (ConfUtils.java:logGet(46)) - raft.server.threadpool.server.size = 0 (default)
2024-04-24 06:58:53,620 [356ba7ca-2ac8-4352-a0c1-d7eac5981de9-groupManagement] INFO  server.RaftServerConfigKeys (ConfUtils.java:logGet(46)) - raft.server.threadpool.client.cached = true (default)
2024-04-24 06:58:53,620 [356ba7ca-2ac8-4352-a0c1-d7eac5981de9-groupManagement] INFO  server.RaftServerConfigKeys (ConfUtils.java:logGet(46)) - raft.server.threadpool.client.size = 0 (default)
2024-04-24 06:58:53,621 [356ba7ca-2ac8-4352-a0c1-d7eac5981de9-groupManagement] INFO  server.RaftServerConfigKeys (ConfUtils.java:logGet(46)) - raft.server.storage.free-space.min = 0MB (=0) (default)
2024-04-24 06:58:53,621 [356ba7ca-2ac8-4352-a0c1-d7eac5981de9-groupManagement] INFO  server.RaftServerConfigKeys (ConfUtils.java:logGet(46)) - raft.server.log.corruption.policy = EXCEPTION (default)
2024-04-24 06:58:53,621 [356ba7ca-2ac8-4352-a0c1-d7eac5981de9-groupManagement] INFO  server.RaftServerConfigKeys (ConfUtils.java:logGet(46)) - raft.server.storage.dir = [/home/runner/work/ozone/ozone/hadoop-ozone/integration-test/target/test-dir/MiniOzoneClusterImpl-402bd57a-b865-4622-973c-767f06725353/ozone-meta/datanode-2/ratis] (custom)
2024-04-24 06:58:53,622 [356ba7ca-2ac8-4352-a0c1-d7eac5981de9-groupManagement] INFO  storage.RaftStorageDirectory (RaftStorageDirectoryImpl.java:analyzeStorage(138)) - The storage directory /home/runner/work/ozone/ozone/hadoop-ozone/integration-test/target/test-dir/MiniOzoneClusterImpl-402bd57a-b865-4622-973c-767f06725353/ozone-meta/datanode-2/ratis/bbcf56e0-6821-4d78-a0ea-9b96892ca716 does not exist. Creating ...
2024-04-24 06:58:53,623 [356ba7ca-2ac8-4352-a0c1-d7eac5981de9-groupManagement] INFO  storage.RaftStorageDirectory (RaftStorageDirectoryImpl.java:tryLock(228)) - Lock on /home/runner/work/ozone/ozone/hadoop-ozone/integration-test/target/test-dir/MiniOzoneClusterImpl-402bd57a-b865-4622-973c-767f06725353/ozone-meta/datanode-2/ratis/bbcf56e0-6821-4d78-a0ea-9b96892ca716/in_use.lock acquired by nodename 83740@fv-az1117-300
2024-04-24 06:58:53,626 [356ba7ca-2ac8-4352-a0c1-d7eac5981de9-groupManagement] INFO  storage.RaftStorage (RaftStorageImpl.java:format(99)) - Storage directory /home/runner/work/ozone/ozone/hadoop-ozone/integration-test/target/test-dir/MiniOzoneClusterImpl-402bd57a-b865-4622-973c-767f06725353/ozone-meta/datanode-2/ratis/bbcf56e0-6821-4d78-a0ea-9b96892ca716 has been successfully formatted.
2024-04-24 06:58:53,627 [356ba7ca-2ac8-4352-a0c1-d7eac5981de9-groupManagement] WARN  util.FileUtils (LogUtils.java:supplyAndLog(63)) - Failed to Files.newInputStream /home/runner/work/ozone/ozone/hadoop-ozone/integration-test/target/test-dir/MiniOzoneClusterImpl-402bd57a-b865-4622-973c-767f06725353/ozone-meta/datanode-2/ratis/bbcf56e0-6821-4d78-a0ea-9b96892ca716/current/raft-meta.conf with options []: java.nio.file.NoSuchFileException: /home/runner/work/ozone/ozone/hadoop-ozone/integration-test/target/test-dir/MiniOzoneClusterImpl-402bd57a-b865-4622-973c-767f06725353/ozone-meta/datanode-2/ratis/bbcf56e0-6821-4d78-a0ea-9b96892ca716/current/raft-meta.conf
2024-04-24 06:58:53,628 [356ba7ca-2ac8-4352-a0c1-d7eac5981de9-groupManagement] INFO  ratis.ContainerStateMachine (ContainerStateMachine.java:loadSnapshot(287)) - group-9B96892CA716: The snapshot info is null. Setting the last applied index to:(t:0, i:~)
2024-04-24 06:58:53,630 [356ba7ca-2ac8-4352-a0c1-d7eac5981de9-groupManagement] INFO  server.RaftServerConfigKeys (ConfUtils.java:logGet(46)) - raft.server.log.use.memory = false (default)
2024-04-24 06:58:53,630 [356ba7ca-2ac8-4352-a0c1-d7eac5981de9-groupManagement] INFO  server.RaftServerConfigKeys (ConfUtils.java:logGet(46)) - raft.server.log.purge.gap = 1000000 (custom)
2024-04-24 06:58:53,630 [356ba7ca-2ac8-4352-a0c1-d7eac5981de9-groupManagement] INFO  server.RaftServerConfigKeys (ConfUtils.java:logGet(46)) - raft.server.log.appender.buffer.byte-limit = 8388608 (custom)
2024-04-24 06:58:53,631 [356ba7ca-2ac8-4352-a0c1-d7eac5981de9-groupManagement] INFO  server.RaftServerConfigKeys (ConfUtils.java:logGet(46)) - raft.server.log.statemachine.data.read.timeout = 1000ms (default)
2024-04-24 06:58:53,631 [356ba7ca-2ac8-4352-a0c1-d7eac5981de9-groupManagement] INFO  server.RaftServerConfigKeys (ConfUtils.java:logGet(46)) - raft.server.log.purge.preservation.log.num = 0 (default)
2024-04-24 06:58:53,633 [EventQueue-PipelineReportForPipelineReportHandler] INFO  pipeline.PipelineReportHandler (PipelineReportHandler.java:processPipelineReport(136)) - Opened pipeline PipelineID=bbcf56e0-6821-4d78-a0ea-9b96892ca716
2024-04-24 06:58:53,634 [EventQueue-OpenPipelineForHealthyPipelineSafeModeRule] INFO  safemode.SCMSafeModeManager (HealthyPipelineSafeModeRule.java:process(140)) - SCM in safe mode. Healthy pipelines reported count is 0, required healthy pipeline reported count is 1
2024-04-24 06:58:53,635 [356ba7ca-2ac8-4352-a0c1-d7eac5981de9-groupManagement] INFO  server.RaftServerConfigKeys (ConfUtils.java:logGet(46)) - raft.server.log.segment.size.max = 67108864 (custom)
2024-04-24 06:58:53,635 [356ba7ca-2ac8-4352-a0c1-d7eac5981de9-groupManagement] INFO  server.RaftServerConfigKeys (ConfUtils.java:logGet(46)) - raft.server.log.segment.cache.num.max = 2 (custom)
2024-04-24 06:58:53,636 [356ba7ca-2ac8-4352-a0c1-d7eac5981de9-groupManagement] INFO  server.RaftServerConfigKeys (ConfUtils.java:logGet(46)) - raft.server.log.segment.cache.size.max = 200MB (=209715200) (default)
2024-04-24 06:58:53,636 [356ba7ca-2ac8-4352-a0c1-d7eac5981de9-groupManagement] INFO  server.RaftServerConfigKeys (ConfUtils.java:logGet(46)) - raft.server.log.appender.buffer.byte-limit = 8388608 (custom)
2024-04-24 06:58:53,639 [356ba7ca-2ac8-4352-a0c1-d7eac5981de9-groupManagement] INFO  util.AwaitToRun (AwaitToRun.java:start(81)) - Thread[356ba7ca-2ac8-4352-a0c1-d7eac5981de9@group-9B96892CA716-cacheEviction-AwaitToRun,5,main] started
2024-04-24 06:58:53,639 [356ba7ca-2ac8-4352-a0c1-d7eac5981de9-groupManagement] INFO  segmented.SegmentedRaftLogWorker (SegmentedRaftLogWorker.java:<init>(182)) - new 356ba7ca-2ac8-4352-a0c1-d7eac5981de9@group-9B96892CA716-SegmentedRaftLogWorker for RaftStorageImpl:Storage Directory /home/runner/work/ozone/ozone/hadoop-ozone/integration-test/target/test-dir/MiniOzoneClusterImpl-402bd57a-b865-4622-973c-767f06725353/ozone-meta/datanode-2/ratis/bbcf56e0-6821-4d78-a0ea-9b96892ca716
2024-04-24 06:58:53,640 [356ba7ca-2ac8-4352-a0c1-d7eac5981de9-groupManagement] INFO  server.RaftServerConfigKeys (ConfUtils.java:logGet(46)) - raft.server.log.queue.byte-limit = 4294967296 (custom)
2024-04-24 06:58:53,640 [356ba7ca-2ac8-4352-a0c1-d7eac5981de9-groupManagement] INFO  server.RaftServerConfigKeys (ConfUtils.java:logGet(46)) - raft.server.log.queue.element-limit = 1024 (custom)
2024-04-24 06:58:53,640 [356ba7ca-2ac8-4352-a0c1-d7eac5981de9-groupManagement] INFO  server.RaftServerConfigKeys (ConfUtils.java:logGet(46)) - raft.server.log.segment.size.max = 67108864 (custom)
2024-04-24 06:58:53,640 [356ba7ca-2ac8-4352-a0c1-d7eac5981de9-groupManagement] INFO  server.RaftServerConfigKeys (ConfUtils.java:logGet(46)) - raft.server.log.preallocated.size = 4194304 (custom)
2024-04-24 06:58:53,640 [356ba7ca-2ac8-4352-a0c1-d7eac5981de9-groupManagement] INFO  server.RaftServerConfigKeys (ConfUtils.java:logGet(46)) - raft.server.log.force.sync.num = 128 (default)
2024-04-24 06:58:53,640 [356ba7ca-2ac8-4352-a0c1-d7eac5981de9-groupManagement] INFO  server.RaftServerConfigKeys (ConfUtils.java:logGet(46)) - raft.server.log.statemachine.data.sync = true (default)
2024-04-24 06:58:53,641 [356ba7ca-2ac8-4352-a0c1-d7eac5981de9-groupManagement] INFO  server.RaftServerConfigKeys (ConfUtils.java:logGet(46)) - raft.server.log.statemachine.data.sync.timeout = 10s (default)
2024-04-24 06:58:53,641 [356ba7ca-2ac8-4352-a0c1-d7eac5981de9-groupManagement] INFO  server.RaftServerConfigKeys (ConfUtils.java:logGet(46)) - raft.server.log.statemachine.data.sync.timeout.retry = 30 (custom)
2024-04-24 06:58:53,642 [356ba7ca-2ac8-4352-a0c1-d7eac5981de9-groupManagement] INFO  server.RaftServerConfigKeys (ConfUtils.java:logGet(46)) - raft.server.log.write.buffer.size = 8388616 (custom)
2024-04-24 06:58:53,644 [356ba7ca-2ac8-4352-a0c1-d7eac5981de9-groupManagement] INFO  server.RaftServerConfigKeys (ConfUtils.java:logGet(46)) - raft.server.log.appender.buffer.byte-limit = 8388608 (custom)
2024-04-24 06:58:53,645 [356ba7ca-2ac8-4352-a0c1-d7eac5981de9-groupManagement] INFO  server.RaftServerConfigKeys (ConfUtils.java:logGet(46)) - raft.server.log.unsafe-flush.enabled = false (default)
2024-04-24 06:58:53,645 [356ba7ca-2ac8-4352-a0c1-d7eac5981de9-groupManagement] INFO  server.RaftServerConfigKeys (ConfUtils.java:logGet(46)) - raft.server.log.async-flush.enabled = false (default)
2024-04-24 06:58:53,646 [356ba7ca-2ac8-4352-a0c1-d7eac5981de9-groupManagement] INFO  server.RaftServerConfigKeys (ConfUtils.java:logGet(46)) - raft.server.log.statemachine.data.caching.enabled = true (custom)
2024-04-24 06:58:53,646 [356ba7ca-2ac8-4352-a0c1-d7eac5981de9-groupManagement] INFO  segmented.SegmentedRaftLogWorker (SegmentedRaftLogWorker.java:lambda$new$0(134)) - 356ba7ca-2ac8-4352-a0c1-d7eac5981de9@group-9B96892CA716-SegmentedRaftLogWorker: flushIndex: setUnconditionally 0 -> -1
2024-04-24 06:58:53,647 [356ba7ca-2ac8-4352-a0c1-d7eac5981de9-groupManagement] INFO  segmented.SegmentedRaftLogWorker (SegmentedRaftLogWorker.java:lambda$new$0(134)) - 356ba7ca-2ac8-4352-a0c1-d7eac5981de9@group-9B96892CA716-SegmentedRaftLogWorker: safeCacheEvictIndex: setUnconditionally 0 -> -1
2024-04-24 06:58:53,647 [356ba7ca-2ac8-4352-a0c1-d7eac5981de9-groupManagement] INFO  server.RaftServer$Division (RaftServerImpl.java:start(396)) - 356ba7ca-2ac8-4352-a0c1-d7eac5981de9@group-9B96892CA716: start as a follower, conf=-1: peers:[356ba7ca-2ac8-4352-a0c1-d7eac5981de9|127.0.0.1:15023]|listeners:[], old=null
2024-04-24 06:58:53,647 [356ba7ca-2ac8-4352-a0c1-d7eac5981de9-groupManagement] INFO  server.RaftServer$Division (RaftServerImpl.java:setRole(383)) - 356ba7ca-2ac8-4352-a0c1-d7eac5981de9@group-9B96892CA716: changes role from      null to FOLLOWER at term 0 for startAsFollower
2024-04-24 06:58:53,648 [356ba7ca-2ac8-4352-a0c1-d7eac5981de9-groupManagement] INFO  impl.RoleInfo (RoleInfo.java:updateAndGet(139)) - 356ba7ca-2ac8-4352-a0c1-d7eac5981de9: start 356ba7ca-2ac8-4352-a0c1-d7eac5981de9@group-9B96892CA716-FollowerState
2024-04-24 06:58:53,648 [356ba7ca-2ac8-4352-a0c1-d7eac5981de9-groupManagement] INFO  util.JmxRegister (JmxRegister.java:tryRegister(44)) - Successfully registered JMX Bean with object name Ratis:service=RaftServer,group=group-9B96892CA716,id=356ba7ca-2ac8-4352-a0c1-d7eac5981de9
2024-04-24 06:58:53,648 [356ba7ca-2ac8-4352-a0c1-d7eac5981de9-groupManagement] INFO  server.RaftServerConfigKeys (ConfUtils.java:logGet(46)) - raft.server.snapshot.trigger-when-stop.enabled = true (default)
2024-04-24 06:58:53,649 [356ba7ca-2ac8-4352-a0c1-d7eac5981de9-groupManagement] INFO  server.RaftServerConfigKeys (ConfUtils.java:logGet(46)) - raft.server.snapshot.auto.trigger.enabled = true (custom)
2024-04-24 06:58:53,649 [356ba7ca-2ac8-4352-a0c1-d7eac5981de9-groupManagement] INFO  server.RaftServerConfigKeys (ConfUtils.java:logGet(46)) - raft.server.snapshot.auto.trigger.threshold = 10000 (custom)
2024-04-24 06:58:53,649 [356ba7ca-2ac8-4352-a0c1-d7eac5981de9-groupManagement] INFO  server.RaftServerConfigKeys (ConfUtils.java:logGet(46)) - raft.server.snapshot.retention.file.num = 5 (custom)
2024-04-24 06:58:53,649 [356ba7ca-2ac8-4352-a0c1-d7eac5981de9-groupManagement] INFO  server.RaftServerConfigKeys (ConfUtils.java:logGet(46)) - raft.server.log.purge.upto.snapshot.index = false (default)
2024-04-24 06:58:53,650 [356ba7ca-2ac8-4352-a0c1-d7eac5981de9@group-9B96892CA716-FollowerState] INFO  server.RaftServerConfigKeys (ConfUtils.java:logFallback(53)) - raft.server.rpc.first-election.timeout.min = 5s (fallback to raft.server.rpc.timeout.min)
2024-04-24 06:58:53,650 [356ba7ca-2ac8-4352-a0c1-d7eac5981de9@group-9B96892CA716-FollowerState] INFO  server.RaftServerConfigKeys (ConfUtils.java:logFallback(53)) - raft.server.rpc.first-election.timeout.max = 5200ms (fallback to raft.server.rpc.timeout.max)
2024-04-24 06:58:53,651 [356ba7ca-2ac8-4352-a0c1-d7eac5981de9-PipelineCommandHandlerThread-0] INFO  ratis.XceiverServerRatis (XceiverServerRatis.java:addGroup(864)) - Created group PipelineID=bbcf56e0-6821-4d78-a0ea-9b96892ca716
2024-04-24 06:58:53,651 [356ba7ca-2ac8-4352-a0c1-d7eac5981de9-PipelineCommandHandlerThread-0] INFO  commandhandler.CreatePipelineCommandHandler (CreatePipelineCommandHandler.java:lambda$handle$2(124)) - Created Pipeline RATIS ONE PipelineID=bbcf56e0-6821-4d78-a0ea-9b96892ca716.
2024-04-24 06:58:53,651 [356ba7ca-2ac8-4352-a0c1-d7eac5981de9-PipelineCommandHandlerThread-0] INFO  server.RaftServer (RaftServerProxy.java:addNew(100)) - 356ba7ca-2ac8-4352-a0c1-d7eac5981de9: addNew group-75CBC85C592E:[c635de7f-7955-4843-9021-ff51e3697f04|127.0.0.1:15014, 356ba7ca-2ac8-4352-a0c1-d7eac5981de9|127.0.0.1:15023, af396eb3-dbe1-4cff-9ccf-d69285efe845|127.0.0.1:15032] returns group-75CBC85C592E:java.util.concurrent.CompletableFuture@ec2a653[Not completed]
2024-04-24 06:58:53,653 [356ba7ca-2ac8-4352-a0c1-d7eac5981de9-groupManagement] INFO  server.RaftServer$Division (RaftServerImpl.java:<init>(256)) - 356ba7ca-2ac8-4352-a0c1-d7eac5981de9: new RaftServerImpl for group-75CBC85C592E:[c635de7f-7955-4843-9021-ff51e3697f04|127.0.0.1:15014, 356ba7ca-2ac8-4352-a0c1-d7eac5981de9|127.0.0.1:15023, af396eb3-dbe1-4cff-9ccf-d69285efe845|127.0.0.1:15032] with ContainerStateMachine:uninitialized
2024-04-24 06:58:53,653 [356ba7ca-2ac8-4352-a0c1-d7eac5981de9-groupManagement] INFO  server.RaftServerConfigKeys (ConfUtils.java:logGet(46)) - raft.server.rpc.timeout.min = 5s (custom)
2024-04-24 06:58:53,653 [356ba7ca-2ac8-4352-a0c1-d7eac5981de9-groupManagement] INFO  server.RaftServerConfigKeys (ConfUtils.java:logGet(46)) - raft.server.rpc.timeout.max = 5200ms (custom)
2024-04-24 06:58:53,653 [356ba7ca-2ac8-4352-a0c1-d7eac5981de9-groupManagement] INFO  server.RaftServerConfigKeys (ConfUtils.java:logGet(46)) - raft.server.rpc.sleep.time = 25ms (default)
2024-04-24 06:58:53,654 [356ba7ca-2ac8-4352-a0c1-d7eac5981de9-groupManagement] INFO  server.RaftServerConfigKeys (ConfUtils.java:logGet(46)) - raft.server.rpc.slowness.timeout = 300s (custom)
2024-04-24 06:58:53,654 [356ba7ca-2ac8-4352-a0c1-d7eac5981de9-groupManagement] INFO  server.RaftServerConfigKeys (ConfUtils.java:logGet(46)) - raft.server.leaderelection.leader.step-down.wait-time = 10s (default)
2024-04-24 06:58:53,654 [356ba7ca-2ac8-4352-a0c1-d7eac5981de9-groupManagement] INFO  server.RaftServerConfigKeys (ConfUtils.java:logGet(46)) - raft.server.leaderelection.member.majority-add = false (default)
2024-04-24 06:58:53,654 [356ba7ca-2ac8-4352-a0c1-d7eac5981de9-groupManagement] INFO  server.RaftServerConfigKeys (ConfUtils.java:logGet(46)) - raft.server.sleep.deviation.threshold = 300ms (default)
2024-04-24 06:58:53,654 [356ba7ca-2ac8-4352-a0c1-d7eac5981de9-groupManagement] INFO  server.RaftServer$Division (ServerState.java:<init>(113)) - 356ba7ca-2ac8-4352-a0c1-d7eac5981de9@group-75CBC85C592E: ConfigurationManager, init=-1: peers:[c635de7f-7955-4843-9021-ff51e3697f04|127.0.0.1:15014, 356ba7ca-2ac8-4352-a0c1-d7eac5981de9|127.0.0.1:15023, af396eb3-dbe1-4cff-9ccf-d69285efe845|127.0.0.1:15032]|listeners:[], old=null, confs=<EMPTY_MAP>
2024-04-24 06:58:53,654 [356ba7ca-2ac8-4352-a0c1-d7eac5981de9-groupManagement] INFO  server.RaftServerConfigKeys (ConfUtils.java:logGet(46)) - raft.server.notification.no-leader.timeout = 300s (custom)
2024-04-24 06:58:53,654 [356ba7ca-2ac8-4352-a0c1-d7eac5981de9-groupManagement] INFO  server.RaftServerConfigKeys (ConfUtils.java:logGet(46)) - raft.server.read.timeout = 10s (default)
2024-04-24 06:58:53,654 [356ba7ca-2ac8-4352-a0c1-d7eac5981de9-groupManagement] INFO  server.RaftServerConfigKeys (ConfUtils.java:logGet(46)) - raft.server.retrycache.expirytime = 600000ms (custom)
2024-04-24 06:58:53,654 [356ba7ca-2ac8-4352-a0c1-d7eac5981de9-groupManagement] INFO  server.RaftServerConfigKeys (ConfUtils.java:logGet(46)) - raft.server.retrycache.statistics.expirytime = 100ms (default)
2024-04-24 06:58:53,654 [356ba7ca-2ac8-4352-a0c1-d7eac5981de9-groupManagement] INFO  server.RaftServerConfigKeys (ConfUtils.java:logGet(46)) - raft.server.read.option = DEFAULT (default)
2024-04-24 06:58:53,655 [356ba7ca-2ac8-4352-a0c1-d7eac5981de9-groupManagement] INFO  server.RaftServerConfigKeys (ConfUtils.java:logGet(46)) - raft.server.read.read-after-write-consistent.write-index-cache.expiry-time = 60s (default)
2024-04-24 06:58:53,658 [356ba7ca-2ac8-4352-a0c1-d7eac5981de9-groupManagement] INFO  server.RaftServerConfigKeys (ConfUtils.java:logGet(46)) - raft.server.rpc.request.timeout = 60s (custom)
2024-04-24 06:58:53,659 [356ba7ca-2ac8-4352-a0c1-d7eac5981de9-groupManagement] INFO  server.RaftServerConfigKeys (ConfUtils.java:logGet(46)) - raft.server.log.appender.install.snapshot.enabled = false (custom)
2024-04-24 06:58:53,659 [356ba7ca-2ac8-4352-a0c1-d7eac5981de9-groupManagement] INFO  server.RaftServerConfigKeys (ConfUtils.java:logGet(46)) - raft.server.threadpool.server.cached = true (default)
2024-04-24 06:58:53,659 [356ba7ca-2ac8-4352-a0c1-d7eac5981de9-groupManagement] INFO  server.RaftServerConfigKeys (ConfUtils.java:logGet(46)) - raft.server.threadpool.server.size = 0 (default)
2024-04-24 06:58:53,659 [356ba7ca-2ac8-4352-a0c1-d7eac5981de9-groupManagement] INFO  server.RaftServerConfigKeys (ConfUtils.java:logGet(46)) - raft.server.threadpool.client.cached = true (default)
2024-04-24 06:58:53,659 [356ba7ca-2ac8-4352-a0c1-d7eac5981de9-groupManagement] INFO  server.RaftServerConfigKeys (ConfUtils.java:logGet(46)) - raft.server.threadpool.client.size = 0 (default)
2024-04-24 06:58:53,661 [356ba7ca-2ac8-4352-a0c1-d7eac5981de9-groupManagement] INFO  server.RaftServerConfigKeys (ConfUtils.java:logGet(46)) - raft.server.storage.free-space.min = 0MB (=0) (default)
2024-04-24 06:58:53,661 [356ba7ca-2ac8-4352-a0c1-d7eac5981de9-groupManagement] INFO  server.RaftServerConfigKeys (ConfUtils.java:logGet(46)) - raft.server.log.corruption.policy = EXCEPTION (default)
2024-04-24 06:58:53,662 [356ba7ca-2ac8-4352-a0c1-d7eac5981de9-groupManagement] INFO  server.RaftServerConfigKeys (ConfUtils.java:logGet(46)) - raft.server.storage.dir = [/home/runner/work/ozone/ozone/hadoop-ozone/integration-test/target/test-dir/MiniOzoneClusterImpl-402bd57a-b865-4622-973c-767f06725353/ozone-meta/datanode-2/ratis] (custom)
2024-04-24 06:58:53,666 [356ba7ca-2ac8-4352-a0c1-d7eac5981de9-groupManagement] INFO  storage.RaftStorageDirectory (RaftStorageDirectoryImpl.java:analyzeStorage(138)) - The storage directory /home/runner/work/ozone/ozone/hadoop-ozone/integration-test/target/test-dir/MiniOzoneClusterImpl-402bd57a-b865-4622-973c-767f06725353/ozone-meta/datanode-2/ratis/ad3a5459-11d6-4ec0-b487-75cbc85c592e does not exist. Creating ...
2024-04-24 06:58:53,670 [356ba7ca-2ac8-4352-a0c1-d7eac5981de9-groupManagement] INFO  storage.RaftStorageDirectory (RaftStorageDirectoryImpl.java:tryLock(228)) - Lock on /home/runner/work/ozone/ozone/hadoop-ozone/integration-test/target/test-dir/MiniOzoneClusterImpl-402bd57a-b865-4622-973c-767f06725353/ozone-meta/datanode-2/ratis/ad3a5459-11d6-4ec0-b487-75cbc85c592e/in_use.lock acquired by nodename 83740@fv-az1117-300
2024-04-24 06:58:53,671 [356ba7ca-2ac8-4352-a0c1-d7eac5981de9-groupManagement] INFO  storage.RaftStorage (RaftStorageImpl.java:format(99)) - Storage directory /home/runner/work/ozone/ozone/hadoop-ozone/integration-test/target/test-dir/MiniOzoneClusterImpl-402bd57a-b865-4622-973c-767f06725353/ozone-meta/datanode-2/ratis/ad3a5459-11d6-4ec0-b487-75cbc85c592e has been successfully formatted.
2024-04-24 06:58:53,672 [356ba7ca-2ac8-4352-a0c1-d7eac5981de9-groupManagement] WARN  util.FileUtils (LogUtils.java:supplyAndLog(63)) - Failed to Files.newInputStream /home/runner/work/ozone/ozone/hadoop-ozone/integration-test/target/test-dir/MiniOzoneClusterImpl-402bd57a-b865-4622-973c-767f06725353/ozone-meta/datanode-2/ratis/ad3a5459-11d6-4ec0-b487-75cbc85c592e/current/raft-meta.conf with options []: java.nio.file.NoSuchFileException: /home/runner/work/ozone/ozone/hadoop-ozone/integration-test/target/test-dir/MiniOzoneClusterImpl-402bd57a-b865-4622-973c-767f06725353/ozone-meta/datanode-2/ratis/ad3a5459-11d6-4ec0-b487-75cbc85c592e/current/raft-meta.conf
2024-04-24 06:58:53,674 [EventQueue-OpenPipelineForHealthyPipelineSafeModeRule] INFO  safemode.SCMSafeModeManager (HealthyPipelineSafeModeRule.java:process(140)) - SCM in safe mode. Healthy pipelines reported count is 0, required healthy pipeline reported count is 1
2024-04-24 06:58:53,675 [356ba7ca-2ac8-4352-a0c1-d7eac5981de9-groupManagement] INFO  ratis.ContainerStateMachine (ContainerStateMachine.java:loadSnapshot(287)) - group-75CBC85C592E: The snapshot info is null. Setting the last applied index to:(t:0, i:~)
2024-04-24 06:58:53,676 [356ba7ca-2ac8-4352-a0c1-d7eac5981de9-groupManagement] INFO  server.RaftServerConfigKeys (ConfUtils.java:logGet(46)) - raft.server.log.use.memory = false (default)
2024-04-24 06:58:53,677 [356ba7ca-2ac8-4352-a0c1-d7eac5981de9-groupManagement] INFO  server.RaftServerConfigKeys (ConfUtils.java:logGet(46)) - raft.server.log.purge.gap = 1000000 (custom)
2024-04-24 06:58:53,677 [356ba7ca-2ac8-4352-a0c1-d7eac5981de9-groupManagement] INFO  server.RaftServerConfigKeys (ConfUtils.java:logGet(46)) - raft.server.log.appender.buffer.byte-limit = 8388608 (custom)
2024-04-24 06:58:53,677 [356ba7ca-2ac8-4352-a0c1-d7eac5981de9-groupManagement] INFO  server.RaftServerConfigKeys (ConfUtils.java:logGet(46)) - raft.server.log.statemachine.data.read.timeout = 1000ms (default)
2024-04-24 06:58:53,677 [356ba7ca-2ac8-4352-a0c1-d7eac5981de9-groupManagement] INFO  server.RaftServerConfigKeys (ConfUtils.java:logGet(46)) - raft.server.log.purge.preservation.log.num = 0 (default)
2024-04-24 06:58:53,690 [356ba7ca-2ac8-4352-a0c1-d7eac5981de9-groupManagement] INFO  server.RaftServerConfigKeys (ConfUtils.java:logGet(46)) - raft.server.log.segment.size.max = 67108864 (custom)
2024-04-24 06:58:53,691 [356ba7ca-2ac8-4352-a0c1-d7eac5981de9-groupManagement] INFO  server.RaftServerConfigKeys (ConfUtils.java:logGet(46)) - raft.server.log.segment.cache.num.max = 2 (custom)
2024-04-24 06:58:53,691 [356ba7ca-2ac8-4352-a0c1-d7eac5981de9-groupManagement] INFO  server.RaftServerConfigKeys (ConfUtils.java:logGet(46)) - raft.server.log.segment.cache.size.max = 200MB (=209715200) (default)
2024-04-24 06:58:53,691 [356ba7ca-2ac8-4352-a0c1-d7eac5981de9-groupManagement] INFO  server.RaftServerConfigKeys (ConfUtils.java:logGet(46)) - raft.server.log.appender.buffer.byte-limit = 8388608 (custom)
2024-04-24 06:58:53,694 [356ba7ca-2ac8-4352-a0c1-d7eac5981de9-groupManagement] INFO  util.AwaitToRun (AwaitToRun.java:start(81)) - Thread[356ba7ca-2ac8-4352-a0c1-d7eac5981de9@group-75CBC85C592E-cacheEviction-AwaitToRun,5,main] started
2024-04-24 06:58:53,695 [356ba7ca-2ac8-4352-a0c1-d7eac5981de9-groupManagement] INFO  segmented.SegmentedRaftLogWorker (SegmentedRaftLogWorker.java:<init>(182)) - new 356ba7ca-2ac8-4352-a0c1-d7eac5981de9@group-75CBC85C592E-SegmentedRaftLogWorker for RaftStorageImpl:Storage Directory /home/runner/work/ozone/ozone/hadoop-ozone/integration-test/target/test-dir/MiniOzoneClusterImpl-402bd57a-b865-4622-973c-767f06725353/ozone-meta/datanode-2/ratis/ad3a5459-11d6-4ec0-b487-75cbc85c592e
2024-04-24 06:58:53,695 [356ba7ca-2ac8-4352-a0c1-d7eac5981de9-groupManagement] INFO  server.RaftServerConfigKeys (ConfUtils.java:logGet(46)) - raft.server.log.queue.byte-limit = 4294967296 (custom)
2024-04-24 06:58:53,695 [356ba7ca-2ac8-4352-a0c1-d7eac5981de9-groupManagement] INFO  server.RaftServerConfigKeys (ConfUtils.java:logGet(46)) - raft.server.log.queue.element-limit = 1024 (custom)
2024-04-24 06:58:53,695 [356ba7ca-2ac8-4352-a0c1-d7eac5981de9-groupManagement] INFO  server.RaftServerConfigKeys (ConfUtils.java:logGet(46)) - raft.server.log.segment.size.max = 67108864 (custom)
2024-04-24 06:58:53,695 [356ba7ca-2ac8-4352-a0c1-d7eac5981de9-groupManagement] INFO  server.RaftServerConfigKeys (ConfUtils.java:logGet(46)) - raft.server.log.preallocated.size = 4194304 (custom)
2024-04-24 06:58:53,695 [356ba7ca-2ac8-4352-a0c1-d7eac5981de9-groupManagement] INFO  server.RaftServerConfigKeys (ConfUtils.java:logGet(46)) - raft.server.log.force.sync.num = 128 (default)
2024-04-24 06:58:53,695 [356ba7ca-2ac8-4352-a0c1-d7eac5981de9-groupManagement] INFO  server.RaftServerConfigKeys (ConfUtils.java:logGet(46)) - raft.server.log.statemachine.data.sync = true (default)
2024-04-24 06:58:53,695 [356ba7ca-2ac8-4352-a0c1-d7eac5981de9-groupManagement] INFO  server.RaftServerConfigKeys (ConfUtils.java:logGet(46)) - raft.server.log.statemachine.data.sync.timeout = 10s (default)
2024-04-24 06:58:53,695 [356ba7ca-2ac8-4352-a0c1-d7eac5981de9-groupManagement] INFO  server.RaftServerConfigKeys (ConfUtils.java:logGet(46)) - raft.server.log.statemachine.data.sync.timeout.retry = 30 (custom)
2024-04-24 06:58:53,697 [356ba7ca-2ac8-4352-a0c1-d7eac5981de9-groupManagement] INFO  server.RaftServerConfigKeys (ConfUtils.java:logGet(46)) - raft.server.log.write.buffer.size = 8388616 (custom)
2024-04-24 06:58:53,698 [356ba7ca-2ac8-4352-a0c1-d7eac5981de9-groupManagement] INFO  server.RaftServerConfigKeys (ConfUtils.java:logGet(46)) - raft.server.log.appender.buffer.byte-limit = 8388608 (custom)
2024-04-24 06:58:53,698 [356ba7ca-2ac8-4352-a0c1-d7eac5981de9-groupManagement] INFO  server.RaftServerConfigKeys (ConfUtils.java:logGet(46)) - raft.server.log.unsafe-flush.enabled = false (default)
2024-04-24 06:58:53,699 [356ba7ca-2ac8-4352-a0c1-d7eac5981de9-groupManagement] INFO  server.RaftServerConfigKeys (ConfUtils.java:logGet(46)) - raft.server.log.async-flush.enabled = false (default)
2024-04-24 06:58:53,699 [356ba7ca-2ac8-4352-a0c1-d7eac5981de9-groupManagement] INFO  server.RaftServerConfigKeys (ConfUtils.java:logGet(46)) - raft.server.log.statemachine.data.caching.enabled = true (custom)
2024-04-24 06:58:53,699 [356ba7ca-2ac8-4352-a0c1-d7eac5981de9-groupManagement] INFO  segmented.SegmentedRaftLogWorker (SegmentedRaftLogWorker.java:lambda$new$0(134)) - 356ba7ca-2ac8-4352-a0c1-d7eac5981de9@group-75CBC85C592E-SegmentedRaftLogWorker: flushIndex: setUnconditionally 0 -> -1
2024-04-24 06:58:53,699 [356ba7ca-2ac8-4352-a0c1-d7eac5981de9-groupManagement] INFO  segmented.SegmentedRaftLogWorker (SegmentedRaftLogWorker.java:lambda$new$0(134)) - 356ba7ca-2ac8-4352-a0c1-d7eac5981de9@group-75CBC85C592E-SegmentedRaftLogWorker: safeCacheEvictIndex: setUnconditionally 0 -> -1
2024-04-24 06:58:53,699 [356ba7ca-2ac8-4352-a0c1-d7eac5981de9-groupManagement] INFO  server.RaftServer$Division (RaftServerImpl.java:start(396)) - 356ba7ca-2ac8-4352-a0c1-d7eac5981de9@group-75CBC85C592E: start as a follower, conf=-1: peers:[c635de7f-7955-4843-9021-ff51e3697f04|127.0.0.1:15014, 356ba7ca-2ac8-4352-a0c1-d7eac5981de9|127.0.0.1:15023, af396eb3-dbe1-4cff-9ccf-d69285efe845|127.0.0.1:15032]|listeners:[], old=null
2024-04-24 06:58:53,700 [356ba7ca-2ac8-4352-a0c1-d7eac5981de9-groupManagement] INFO  server.RaftServer$Division (RaftServerImpl.java:setRole(383)) - 356ba7ca-2ac8-4352-a0c1-d7eac5981de9@group-75CBC85C592E: changes role from      null to FOLLOWER at term 0 for startAsFollower
2024-04-24 06:58:53,700 [356ba7ca-2ac8-4352-a0c1-d7eac5981de9-groupManagement] INFO  impl.RoleInfo (RoleInfo.java:updateAndGet(139)) - 356ba7ca-2ac8-4352-a0c1-d7eac5981de9: start 356ba7ca-2ac8-4352-a0c1-d7eac5981de9@group-75CBC85C592E-FollowerState
2024-04-24 06:58:53,700 [356ba7ca-2ac8-4352-a0c1-d7eac5981de9-groupManagement] INFO  util.JmxRegister (JmxRegister.java:tryRegister(44)) - Successfully registered JMX Bean with object name Ratis:service=RaftServer,group=group-75CBC85C592E,id=356ba7ca-2ac8-4352-a0c1-d7eac5981de9
2024-04-24 06:58:53,700 [356ba7ca-2ac8-4352-a0c1-d7eac5981de9-groupManagement] INFO  server.RaftServerConfigKeys (ConfUtils.java:logGet(46)) - raft.server.snapshot.trigger-when-stop.enabled = true (default)
2024-04-24 06:58:53,700 [356ba7ca-2ac8-4352-a0c1-d7eac5981de9-groupManagement] INFO  server.RaftServerConfigKeys (ConfUtils.java:logGet(46)) - raft.server.snapshot.auto.trigger.enabled = true (custom)
2024-04-24 06:58:53,701 [356ba7ca-2ac8-4352-a0c1-d7eac5981de9-groupManagement] INFO  server.RaftServerConfigKeys (ConfUtils.java:logGet(46)) - raft.server.snapshot.auto.trigger.threshold = 10000 (custom)
2024-04-24 06:58:53,701 [356ba7ca-2ac8-4352-a0c1-d7eac5981de9-groupManagement] INFO  server.RaftServerConfigKeys (ConfUtils.java:logGet(46)) - raft.server.snapshot.retention.file.num = 5 (custom)
2024-04-24 06:58:53,701 [356ba7ca-2ac8-4352-a0c1-d7eac5981de9-groupManagement] INFO  server.RaftServerConfigKeys (ConfUtils.java:logGet(46)) - raft.server.log.purge.upto.snapshot.index = false (default)
2024-04-24 06:58:53,711 [356ba7ca-2ac8-4352-a0c1-d7eac5981de9-PipelineCommandHandlerThread-0] INFO  ratis.XceiverServerRatis (XceiverServerRatis.java:addGroup(864)) - Created group PipelineID=ad3a5459-11d6-4ec0-b487-75cbc85c592e
2024-04-24 06:58:53,714 [356ba7ca-2ac8-4352-a0c1-d7eac5981de9@group-75CBC85C592E-FollowerState] INFO  server.RaftServerConfigKeys (ConfUtils.java:logFallback(53)) - raft.server.rpc.first-election.timeout.min = 5s (fallback to raft.server.rpc.timeout.min)
2024-04-24 06:58:53,714 [356ba7ca-2ac8-4352-a0c1-d7eac5981de9@group-75CBC85C592E-FollowerState] INFO  server.RaftServerConfigKeys (ConfUtils.java:logFallback(53)) - raft.server.rpc.first-election.timeout.max = 5200ms (fallback to raft.server.rpc.timeout.max)
2024-04-24 06:58:53,717 [main] INFO  ozone.MiniOzoneClusterImpl (MiniOzoneClusterImpl.java:lambda$waitForClusterToBeReady$0(194)) - Nodes are ready. Got 3 of 3 DN Heartbeats.
2024-04-24 06:58:53,717 [main] INFO  ozone.MiniOzoneClusterImpl (MiniOzoneClusterImpl.java:lambda$waitForClusterToBeReady$0(197)) - Waiting for cluster to exit safe mode
2024-04-24 06:58:53,717 [main] INFO  ozone.MiniOzoneClusterImpl (MiniOzoneClusterImpl.java:lambda$waitForClusterToBeReady$0(199)) - SCM became leader
2024-04-24 06:58:53,731 [af396eb3-dbe1-4cff-9ccf-d69285efe845-PipelineCommandHandlerThread-0] INFO  server.RaftServer (RaftServerProxy.java:addNew(100)) - af396eb3-dbe1-4cff-9ccf-d69285efe845: addNew group-A4B04096841D:[af396eb3-dbe1-4cff-9ccf-d69285efe845|127.0.0.1:15032] returns group-A4B04096841D:java.util.concurrent.CompletableFuture@63062350[Not completed]
2024-04-24 06:58:53,737 [af396eb3-dbe1-4cff-9ccf-d69285efe845-groupManagement] INFO  server.RaftServer$Division (RaftServerImpl.java:<init>(256)) - af396eb3-dbe1-4cff-9ccf-d69285efe845: new RaftServerImpl for group-A4B04096841D:[af396eb3-dbe1-4cff-9ccf-d69285efe845|127.0.0.1:15032] with ContainerStateMachine:uninitialized
2024-04-24 06:58:53,738 [af396eb3-dbe1-4cff-9ccf-d69285efe845-groupManagement] INFO  server.RaftServerConfigKeys (ConfUtils.java:logGet(46)) - raft.server.rpc.timeout.min = 5s (custom)
2024-04-24 06:58:53,739 [af396eb3-dbe1-4cff-9ccf-d69285efe845-groupManagement] INFO  server.RaftServerConfigKeys (ConfUtils.java:logGet(46)) - raft.server.rpc.timeout.max = 5200ms (custom)
2024-04-24 06:58:53,739 [af396eb3-dbe1-4cff-9ccf-d69285efe845-groupManagement] INFO  server.RaftServerConfigKeys (ConfUtils.java:logGet(46)) - raft.server.rpc.sleep.time = 25ms (default)
2024-04-24 06:58:53,740 [af396eb3-dbe1-4cff-9ccf-d69285efe845-groupManagement] INFO  server.RaftServerConfigKeys (ConfUtils.java:logGet(46)) - raft.server.rpc.slowness.timeout = 300s (custom)
2024-04-24 06:58:53,740 [af396eb3-dbe1-4cff-9ccf-d69285efe845-groupManagement] INFO  server.RaftServerConfigKeys (ConfUtils.java:logGet(46)) - raft.server.leaderelection.leader.step-down.wait-time = 10s (default)
2024-04-24 06:58:53,740 [af396eb3-dbe1-4cff-9ccf-d69285efe845-groupManagement] INFO  server.RaftServerConfigKeys (ConfUtils.java:logGet(46)) - raft.server.leaderelection.member.majority-add = false (default)
2024-04-24 06:58:53,741 [af396eb3-dbe1-4cff-9ccf-d69285efe845-groupManagement] INFO  server.RaftServerConfigKeys (ConfUtils.java:logGet(46)) - raft.server.sleep.deviation.threshold = 300ms (default)
2024-04-24 06:58:53,741 [af396eb3-dbe1-4cff-9ccf-d69285efe845-groupManagement] INFO  server.RaftServer$Division (ServerState.java:<init>(113)) - af396eb3-dbe1-4cff-9ccf-d69285efe845@group-A4B04096841D: ConfigurationManager, init=-1: peers:[af396eb3-dbe1-4cff-9ccf-d69285efe845|127.0.0.1:15032]|listeners:[], old=null, confs=<EMPTY_MAP>
2024-04-24 06:58:53,741 [af396eb3-dbe1-4cff-9ccf-d69285efe845-groupManagement] INFO  server.RaftServerConfigKeys (ConfUtils.java:logGet(46)) - raft.server.notification.no-leader.timeout = 300s (custom)
2024-04-24 06:58:53,742 [af396eb3-dbe1-4cff-9ccf-d69285efe845-groupManagement] INFO  server.RaftServerConfigKeys (ConfUtils.java:logGet(46)) - raft.server.read.timeout = 10s (default)
2024-04-24 06:58:53,742 [af396eb3-dbe1-4cff-9ccf-d69285efe845-groupManagement] INFO  server.RaftServerConfigKeys (ConfUtils.java:logGet(46)) - raft.server.retrycache.expirytime = 600000ms (custom)
2024-04-24 06:58:53,743 [af396eb3-dbe1-4cff-9ccf-d69285efe845-groupManagement] INFO  server.RaftServerConfigKeys (ConfUtils.java:logGet(46)) - raft.server.retrycache.statistics.expirytime = 100ms (default)
2024-04-24 06:58:53,743 [af396eb3-dbe1-4cff-9ccf-d69285efe845-groupManagement] INFO  server.RaftServerConfigKeys (ConfUtils.java:logGet(46)) - raft.server.read.option = DEFAULT (default)
2024-04-24 06:58:53,743 [af396eb3-dbe1-4cff-9ccf-d69285efe845-groupManagement] INFO  server.RaftServerConfigKeys (ConfUtils.java:logGet(46)) - raft.server.read.read-after-write-consistent.write-index-cache.expiry-time = 60s (default)
2024-04-24 06:58:53,750 [af396eb3-dbe1-4cff-9ccf-d69285efe845-groupManagement] INFO  server.RaftServerConfigKeys (ConfUtils.java:logGet(46)) - raft.server.rpc.request.timeout = 60s (custom)
2024-04-24 06:58:53,751 [af396eb3-dbe1-4cff-9ccf-d69285efe845-groupManagement] INFO  server.RaftServerConfigKeys (ConfUtils.java:logGet(46)) - raft.server.log.appender.install.snapshot.enabled = false (custom)
2024-04-24 06:58:53,751 [af396eb3-dbe1-4cff-9ccf-d69285efe845-groupManagement] INFO  server.RaftServerConfigKeys (ConfUtils.java:logGet(46)) - raft.server.threadpool.server.cached = true (default)
2024-04-24 06:58:53,751 [af396eb3-dbe1-4cff-9ccf-d69285efe845-groupManagement] INFO  server.RaftServerConfigKeys (ConfUtils.java:logGet(46)) - raft.server.threadpool.server.size = 0 (default)
2024-04-24 06:58:53,751 [af396eb3-dbe1-4cff-9ccf-d69285efe845-groupManagement] INFO  server.RaftServerConfigKeys (ConfUtils.java:logGet(46)) - raft.server.threadpool.client.cached = true (default)
2024-04-24 06:58:53,751 [af396eb3-dbe1-4cff-9ccf-d69285efe845-groupManagement] INFO  server.RaftServerConfigKeys (ConfUtils.java:logGet(46)) - raft.server.threadpool.client.size = 0 (default)
2024-04-24 06:58:53,751 [af396eb3-dbe1-4cff-9ccf-d69285efe845-groupManagement] INFO  server.RaftServerConfigKeys (ConfUtils.java:logGet(46)) - raft.server.storage.free-space.min = 0MB (=0) (default)
2024-04-24 06:58:53,752 [af396eb3-dbe1-4cff-9ccf-d69285efe845-groupManagement] INFO  server.RaftServerConfigKeys (ConfUtils.java:logGet(46)) - raft.server.log.corruption.policy = EXCEPTION (default)
2024-04-24 06:58:53,752 [af396eb3-dbe1-4cff-9ccf-d69285efe845-groupManagement] INFO  server.RaftServerConfigKeys (ConfUtils.java:logGet(46)) - raft.server.storage.dir = [/home/runner/work/ozone/ozone/hadoop-ozone/integration-test/target/test-dir/MiniOzoneClusterImpl-402bd57a-b865-4622-973c-767f06725353/ozone-meta/datanode-3/ratis] (custom)
2024-04-24 06:58:53,753 [af396eb3-dbe1-4cff-9ccf-d69285efe845-groupManagement] INFO  storage.RaftStorageDirectory (RaftStorageDirectoryImpl.java:analyzeStorage(138)) - The storage directory /home/runner/work/ozone/ozone/hadoop-ozone/integration-test/target/test-dir/MiniOzoneClusterImpl-402bd57a-b865-4622-973c-767f06725353/ozone-meta/datanode-3/ratis/3ab4dde3-33ea-4c95-a287-a4b04096841d does not exist. Creating ...
2024-04-24 06:58:53,758 [af396eb3-dbe1-4cff-9ccf-d69285efe845-groupManagement] INFO  storage.RaftStorageDirectory (RaftStorageDirectoryImpl.java:tryLock(228)) - Lock on /home/runner/work/ozone/ozone/hadoop-ozone/integration-test/target/test-dir/MiniOzoneClusterImpl-402bd57a-b865-4622-973c-767f06725353/ozone-meta/datanode-3/ratis/3ab4dde3-33ea-4c95-a287-a4b04096841d/in_use.lock acquired by nodename 83740@fv-az1117-300
2024-04-24 06:58:53,761 [af396eb3-dbe1-4cff-9ccf-d69285efe845-groupManagement] INFO  storage.RaftStorage (RaftStorageImpl.java:format(99)) - Storage directory /home/runner/work/ozone/ozone/hadoop-ozone/integration-test/target/test-dir/MiniOzoneClusterImpl-402bd57a-b865-4622-973c-767f06725353/ozone-meta/datanode-3/ratis/3ab4dde3-33ea-4c95-a287-a4b04096841d has been successfully formatted.
2024-04-24 06:58:53,761 [af396eb3-dbe1-4cff-9ccf-d69285efe845-groupManagement] WARN  util.FileUtils (LogUtils.java:supplyAndLog(63)) - Failed to Files.newInputStream /home/runner/work/ozone/ozone/hadoop-ozone/integration-test/target/test-dir/MiniOzoneClusterImpl-402bd57a-b865-4622-973c-767f06725353/ozone-meta/datanode-3/ratis/3ab4dde3-33ea-4c95-a287-a4b04096841d/current/raft-meta.conf with options []: java.nio.file.NoSuchFileException: /home/runner/work/ozone/ozone/hadoop-ozone/integration-test/target/test-dir/MiniOzoneClusterImpl-402bd57a-b865-4622-973c-767f06725353/ozone-meta/datanode-3/ratis/3ab4dde3-33ea-4c95-a287-a4b04096841d/current/raft-meta.conf
2024-04-24 06:58:53,762 [af396eb3-dbe1-4cff-9ccf-d69285efe845-groupManagement] INFO  ratis.ContainerStateMachine (ContainerStateMachine.java:loadSnapshot(287)) - group-A4B04096841D: The snapshot info is null. Setting the last applied index to:(t:0, i:~)
2024-04-24 06:58:53,762 [af396eb3-dbe1-4cff-9ccf-d69285efe845-groupManagement] INFO  server.RaftServerConfigKeys (ConfUtils.java:logGet(46)) - raft.server.log.use.memory = false (default)
2024-04-24 06:58:53,762 [af396eb3-dbe1-4cff-9ccf-d69285efe845-groupManagement] INFO  server.RaftServerConfigKeys (ConfUtils.java:logGet(46)) - raft.server.log.purge.gap = 1000000 (custom)
2024-04-24 06:58:53,762 [af396eb3-dbe1-4cff-9ccf-d69285efe845-groupManagement] INFO  server.RaftServerConfigKeys (ConfUtils.java:logGet(46)) - raft.server.log.appender.buffer.byte-limit = 8388608 (custom)
2024-04-24 06:58:53,762 [af396eb3-dbe1-4cff-9ccf-d69285efe845-groupManagement] INFO  server.RaftServerConfigKeys (ConfUtils.java:logGet(46)) - raft.server.log.statemachine.data.read.timeout = 1000ms (default)
2024-04-24 06:58:53,762 [af396eb3-dbe1-4cff-9ccf-d69285efe845-groupManagement] INFO  server.RaftServerConfigKeys (ConfUtils.java:logGet(46)) - raft.server.log.purge.preservation.log.num = 0 (default)
2024-04-24 06:58:53,764 [EventQueue-PipelineReportForPipelineReportHandler] INFO  pipeline.PipelineReportHandler (PipelineReportHandler.java:processPipelineReport(136)) - Opened pipeline PipelineID=3ab4dde3-33ea-4c95-a287-a4b04096841d
2024-04-24 06:58:53,765 [EventQueue-OpenPipelineForHealthyPipelineSafeModeRule] INFO  safemode.SCMSafeModeManager (HealthyPipelineSafeModeRule.java:process(140)) - SCM in safe mode. Healthy pipelines reported count is 0, required healthy pipeline reported count is 1
2024-04-24 06:58:53,767 [af396eb3-dbe1-4cff-9ccf-d69285efe845-groupManagement] INFO  server.RaftServerConfigKeys (ConfUtils.java:logGet(46)) - raft.server.log.segment.size.max = 67108864 (custom)
2024-04-24 06:58:53,767 [af396eb3-dbe1-4cff-9ccf-d69285efe845-groupManagement] INFO  server.RaftServerConfigKeys (ConfUtils.java:logGet(46)) - raft.server.log.segment.cache.num.max = 2 (custom)
2024-04-24 06:58:53,767 [af396eb3-dbe1-4cff-9ccf-d69285efe845-groupManagement] INFO  server.RaftServerConfigKeys (ConfUtils.java:logGet(46)) - raft.server.log.segment.cache.size.max = 200MB (=209715200) (default)
2024-04-24 06:58:53,768 [af396eb3-dbe1-4cff-9ccf-d69285efe845-groupManagement] INFO  server.RaftServerConfigKeys (ConfUtils.java:logGet(46)) - raft.server.log.appender.buffer.byte-limit = 8388608 (custom)
2024-04-24 06:58:53,768 [af396eb3-dbe1-4cff-9ccf-d69285efe845-groupManagement] INFO  util.AwaitToRun (AwaitToRun.java:start(81)) - Thread[af396eb3-dbe1-4cff-9ccf-d69285efe845@group-A4B04096841D-cacheEviction-AwaitToRun,5,main] started
2024-04-24 06:58:53,768 [af396eb3-dbe1-4cff-9ccf-d69285efe845-groupManagement] INFO  segmented.SegmentedRaftLogWorker (SegmentedRaftLogWorker.java:<init>(182)) - new af396eb3-dbe1-4cff-9ccf-d69285efe845@group-A4B04096841D-SegmentedRaftLogWorker for RaftStorageImpl:Storage Directory /home/runner/work/ozone/ozone/hadoop-ozone/integration-test/target/test-dir/MiniOzoneClusterImpl-402bd57a-b865-4622-973c-767f06725353/ozone-meta/datanode-3/ratis/3ab4dde3-33ea-4c95-a287-a4b04096841d
2024-04-24 06:58:53,768 [af396eb3-dbe1-4cff-9ccf-d69285efe845-groupManagement] INFO  server.RaftServerConfigKeys (ConfUtils.java:logGet(46)) - raft.server.log.queue.byte-limit = 4294967296 (custom)
2024-04-24 06:58:53,768 [af396eb3-dbe1-4cff-9ccf-d69285efe845-groupManagement] INFO  server.RaftServerConfigKeys (ConfUtils.java:logGet(46)) - raft.server.log.queue.element-limit = 1024 (custom)
2024-04-24 06:58:53,768 [af396eb3-dbe1-4cff-9ccf-d69285efe845-groupManagement] INFO  server.RaftServerConfigKeys (ConfUtils.java:logGet(46)) - raft.server.log.segment.size.max = 67108864 (custom)
2024-04-24 06:58:53,768 [af396eb3-dbe1-4cff-9ccf-d69285efe845-groupManagement] INFO  server.RaftServerConfigKeys (ConfUtils.java:logGet(46)) - raft.server.log.preallocated.size = 4194304 (custom)
2024-04-24 06:58:53,768 [af396eb3-dbe1-4cff-9ccf-d69285efe845-groupManagement] INFO  server.RaftServerConfigKeys (ConfUtils.java:logGet(46)) - raft.server.log.force.sync.num = 128 (default)
2024-04-24 06:58:53,768 [af396eb3-dbe1-4cff-9ccf-d69285efe845-groupManagement] INFO  server.RaftServerConfigKeys (ConfUtils.java:logGet(46)) - raft.server.log.statemachine.data.sync = true (default)
2024-04-24 06:58:53,768 [af396eb3-dbe1-4cff-9ccf-d69285efe845-groupManagement] INFO  server.RaftServerConfigKeys (ConfUtils.java:logGet(46)) - raft.server.log.statemachine.data.sync.timeout = 10s (default)
2024-04-24 06:58:53,768 [af396eb3-dbe1-4cff-9ccf-d69285efe845-groupManagement] INFO  server.RaftServerConfigKeys (ConfUtils.java:logGet(46)) - raft.server.log.statemachine.data.sync.timeout.retry = 30 (custom)
2024-04-24 06:58:53,769 [af396eb3-dbe1-4cff-9ccf-d69285efe845-groupManagement] INFO  server.RaftServerConfigKeys (ConfUtils.java:logGet(46)) - raft.server.log.write.buffer.size = 8388616 (custom)
2024-04-24 06:58:53,771 [af396eb3-dbe1-4cff-9ccf-d69285efe845-groupManagement] INFO  server.RaftServerConfigKeys (ConfUtils.java:logGet(46)) - raft.server.log.appender.buffer.byte-limit = 8388608 (custom)
2024-04-24 06:58:53,771 [af396eb3-dbe1-4cff-9ccf-d69285efe845-groupManagement] INFO  server.RaftServerConfigKeys (ConfUtils.java:logGet(46)) - raft.server.log.unsafe-flush.enabled = false (default)
2024-04-24 06:58:53,771 [af396eb3-dbe1-4cff-9ccf-d69285efe845-groupManagement] INFO  server.RaftServerConfigKeys (ConfUtils.java:logGet(46)) - raft.server.log.async-flush.enabled = false (default)
2024-04-24 06:58:53,771 [af396eb3-dbe1-4cff-9ccf-d69285efe845-groupManagement] INFO  server.RaftServerConfigKeys (ConfUtils.java:logGet(46)) - raft.server.log.statemachine.data.caching.enabled = true (custom)
2024-04-24 06:58:53,771 [af396eb3-dbe1-4cff-9ccf-d69285efe845-groupManagement] INFO  segmented.SegmentedRaftLogWorker (SegmentedRaftLogWorker.java:lambda$new$0(134)) - af396eb3-dbe1-4cff-9ccf-d69285efe845@group-A4B04096841D-SegmentedRaftLogWorker: flushIndex: setUnconditionally 0 -> -1
2024-04-24 06:58:53,771 [af396eb3-dbe1-4cff-9ccf-d69285efe845-groupManagement] INFO  segmented.SegmentedRaftLogWorker (SegmentedRaftLogWorker.java:lambda$new$0(134)) - af396eb3-dbe1-4cff-9ccf-d69285efe845@group-A4B04096841D-SegmentedRaftLogWorker: safeCacheEvictIndex: setUnconditionally 0 -> -1
2024-04-24 06:58:53,772 [af396eb3-dbe1-4cff-9ccf-d69285efe845-groupManagement] INFO  server.RaftServer$Division (RaftServerImpl.java:start(396)) - af396eb3-dbe1-4cff-9ccf-d69285efe845@group-A4B04096841D: start as a follower, conf=-1: peers:[af396eb3-dbe1-4cff-9ccf-d69285efe845|127.0.0.1:15032]|listeners:[], old=null
2024-04-24 06:58:53,772 [af396eb3-dbe1-4cff-9ccf-d69285efe845-groupManagement] INFO  server.RaftServer$Division (RaftServerImpl.java:setRole(383)) - af396eb3-dbe1-4cff-9ccf-d69285efe845@group-A4B04096841D: changes role from      null to FOLLOWER at term 0 for startAsFollower
2024-04-24 06:58:53,772 [af396eb3-dbe1-4cff-9ccf-d69285efe845-groupManagement] INFO  impl.RoleInfo (RoleInfo.java:updateAndGet(139)) - af396eb3-dbe1-4cff-9ccf-d69285efe845: start af396eb3-dbe1-4cff-9ccf-d69285efe845@group-A4B04096841D-FollowerState
2024-04-24 06:58:53,772 [af396eb3-dbe1-4cff-9ccf-d69285efe845-groupManagement] INFO  util.JmxRegister (JmxRegister.java:tryRegister(44)) - Successfully registered JMX Bean with object name Ratis:service=RaftServer,group=group-A4B04096841D,id=af396eb3-dbe1-4cff-9ccf-d69285efe845
2024-04-24 06:58:53,772 [af396eb3-dbe1-4cff-9ccf-d69285efe845-groupManagement] INFO  server.RaftServerConfigKeys (ConfUtils.java:logGet(46)) - raft.server.snapshot.trigger-when-stop.enabled = true (default)
2024-04-24 06:58:53,772 [af396eb3-dbe1-4cff-9ccf-d69285efe845-groupManagement] INFO  server.RaftServerConfigKeys (ConfUtils.java:logGet(46)) - raft.server.snapshot.auto.trigger.enabled = true (custom)
2024-04-24 06:58:53,773 [af396eb3-dbe1-4cff-9ccf-d69285efe845-groupManagement] INFO  server.RaftServerConfigKeys (ConfUtils.java:logGet(46)) - raft.server.snapshot.auto.trigger.threshold = 10000 (custom)
2024-04-24 06:58:53,773 [af396eb3-dbe1-4cff-9ccf-d69285efe845-groupManagement] INFO  server.RaftServerConfigKeys (ConfUtils.java:logGet(46)) - raft.server.snapshot.retention.file.num = 5 (custom)
2024-04-24 06:58:53,773 [af396eb3-dbe1-4cff-9ccf-d69285efe845-groupManagement] INFO  server.RaftServerConfigKeys (ConfUtils.java:logGet(46)) - raft.server.log.purge.upto.snapshot.index = false (default)
2024-04-24 06:58:53,774 [af396eb3-dbe1-4cff-9ccf-d69285efe845@group-A4B04096841D-FollowerState] INFO  server.RaftServerConfigKeys (ConfUtils.java:logFallback(53)) - raft.server.rpc.first-election.timeout.min = 5s (fallback to raft.server.rpc.timeout.min)
2024-04-24 06:58:53,774 [af396eb3-dbe1-4cff-9ccf-d69285efe845@group-A4B04096841D-FollowerState] INFO  server.RaftServerConfigKeys (ConfUtils.java:logFallback(53)) - raft.server.rpc.first-election.timeout.max = 5200ms (fallback to raft.server.rpc.timeout.max)
2024-04-24 06:58:53,775 [af396eb3-dbe1-4cff-9ccf-d69285efe845-PipelineCommandHandlerThread-0] INFO  ratis.XceiverServerRatis (XceiverServerRatis.java:addGroup(864)) - Created group PipelineID=3ab4dde3-33ea-4c95-a287-a4b04096841d
2024-04-24 06:58:53,775 [af396eb3-dbe1-4cff-9ccf-d69285efe845-PipelineCommandHandlerThread-0] INFO  commandhandler.CreatePipelineCommandHandler (CreatePipelineCommandHandler.java:lambda$handle$2(124)) - Created Pipeline RATIS ONE PipelineID=3ab4dde3-33ea-4c95-a287-a4b04096841d.
2024-04-24 06:58:53,775 [af396eb3-dbe1-4cff-9ccf-d69285efe845-PipelineCommandHandlerThread-0] INFO  server.RaftServer (RaftServerProxy.java:addNew(100)) - af396eb3-dbe1-4cff-9ccf-d69285efe845: addNew group-75CBC85C592E:[c635de7f-7955-4843-9021-ff51e3697f04|127.0.0.1:15014, 356ba7ca-2ac8-4352-a0c1-d7eac5981de9|127.0.0.1:15023, af396eb3-dbe1-4cff-9ccf-d69285efe845|127.0.0.1:15032] returns group-75CBC85C592E:java.util.concurrent.CompletableFuture@6739abe8[Not completed]
2024-04-24 06:58:53,777 [af396eb3-dbe1-4cff-9ccf-d69285efe845-groupManagement] INFO  server.RaftServer$Division (RaftServerImpl.java:<init>(256)) - af396eb3-dbe1-4cff-9ccf-d69285efe845: new RaftServerImpl for group-75CBC85C592E:[c635de7f-7955-4843-9021-ff51e3697f04|127.0.0.1:15014, 356ba7ca-2ac8-4352-a0c1-d7eac5981de9|127.0.0.1:15023, af396eb3-dbe1-4cff-9ccf-d69285efe845|127.0.0.1:15032] with ContainerStateMachine:uninitialized
2024-04-24 06:58:53,778 [af396eb3-dbe1-4cff-9ccf-d69285efe845-groupManagement] INFO  server.RaftServerConfigKeys (ConfUtils.java:logGet(46)) - raft.server.rpc.timeout.min = 5s (custom)
2024-04-24 06:58:53,778 [af396eb3-dbe1-4cff-9ccf-d69285efe845-groupManagement] INFO  server.RaftServerConfigKeys (ConfUtils.java:logGet(46)) - raft.server.rpc.timeout.max = 5200ms (custom)
2024-04-24 06:58:53,778 [af396eb3-dbe1-4cff-9ccf-d69285efe845-groupManagement] INFO  server.RaftServerConfigKeys (ConfUtils.java:logGet(46)) - raft.server.rpc.sleep.time = 25ms (default)
2024-04-24 06:58:53,778 [af396eb3-dbe1-4cff-9ccf-d69285efe845-groupManagement] INFO  server.RaftServerConfigKeys (ConfUtils.java:logGet(46)) - raft.server.rpc.slowness.timeout = 300s (custom)
2024-04-24 06:58:53,778 [af396eb3-dbe1-4cff-9ccf-d69285efe845-groupManagement] INFO  server.RaftServerConfigKeys (ConfUtils.java:logGet(46)) - raft.server.leaderelection.leader.step-down.wait-time = 10s (default)
2024-04-24 06:58:53,778 [af396eb3-dbe1-4cff-9ccf-d69285efe845-groupManagement] INFO  server.RaftServerConfigKeys (ConfUtils.java:logGet(46)) - raft.server.leaderelection.member.majority-add = false (default)
2024-04-24 06:58:53,778 [af396eb3-dbe1-4cff-9ccf-d69285efe845-groupManagement] INFO  server.RaftServerConfigKeys (ConfUtils.java:logGet(46)) - raft.server.sleep.deviation.threshold = 300ms (default)
2024-04-24 06:58:53,778 [af396eb3-dbe1-4cff-9ccf-d69285efe845-groupManagement] INFO  server.RaftServer$Division (ServerState.java:<init>(113)) - af396eb3-dbe1-4cff-9ccf-d69285efe845@group-75CBC85C592E: ConfigurationManager, init=-1: peers:[c635de7f-7955-4843-9021-ff51e3697f04|127.0.0.1:15014, 356ba7ca-2ac8-4352-a0c1-d7eac5981de9|127.0.0.1:15023, af396eb3-dbe1-4cff-9ccf-d69285efe845|127.0.0.1:15032]|listeners:[], old=null, confs=<EMPTY_MAP>
2024-04-24 06:58:53,778 [af396eb3-dbe1-4cff-9ccf-d69285efe845-groupManagement] INFO  server.RaftServerConfigKeys (ConfUtils.java:logGet(46)) - raft.server.notification.no-leader.timeout = 300s (custom)
2024-04-24 06:58:53,778 [af396eb3-dbe1-4cff-9ccf-d69285efe845-groupManagement] INFO  server.RaftServerConfigKeys (ConfUtils.java:logGet(46)) - raft.server.read.timeout = 10s (default)
2024-04-24 06:58:53,778 [af396eb3-dbe1-4cff-9ccf-d69285efe845-groupManagement] INFO  server.RaftServerConfigKeys (ConfUtils.java:logGet(46)) - raft.server.retrycache.expirytime = 600000ms (custom)
2024-04-24 06:58:53,778 [af396eb3-dbe1-4cff-9ccf-d69285efe845-groupManagement] INFO  server.RaftServerConfigKeys (ConfUtils.java:logGet(46)) - raft.server.retrycache.statistics.expirytime = 100ms (default)
2024-04-24 06:58:53,778 [af396eb3-dbe1-4cff-9ccf-d69285efe845-groupManagement] INFO  server.RaftServerConfigKeys (ConfUtils.java:logGet(46)) - raft.server.read.option = DEFAULT (default)
2024-04-24 06:58:53,778 [af396eb3-dbe1-4cff-9ccf-d69285efe845-groupManagement] INFO  server.RaftServerConfigKeys (ConfUtils.java:logGet(46)) - raft.server.read.read-after-write-consistent.write-index-cache.expiry-time = 60s (default)
2024-04-24 06:58:53,783 [af396eb3-dbe1-4cff-9ccf-d69285efe845-groupManagement] INFO  server.RaftServerConfigKeys (ConfUtils.java:logGet(46)) - raft.server.rpc.request.timeout = 60s (custom)
2024-04-24 06:58:53,783 [af396eb3-dbe1-4cff-9ccf-d69285efe845-groupManagement] INFO  server.RaftServerConfigKeys (ConfUtils.java:logGet(46)) - raft.server.log.appender.install.snapshot.enabled = false (custom)
2024-04-24 06:58:53,783 [af396eb3-dbe1-4cff-9ccf-d69285efe845-groupManagement] INFO  server.RaftServerConfigKeys (ConfUtils.java:logGet(46)) - raft.server.threadpool.server.cached = true (default)
2024-04-24 06:58:53,784 [af396eb3-dbe1-4cff-9ccf-d69285efe845-groupManagement] INFO  server.RaftServerConfigKeys (ConfUtils.java:logGet(46)) - raft.server.threadpool.server.size = 0 (default)
2024-04-24 06:58:53,784 [af396eb3-dbe1-4cff-9ccf-d69285efe845-groupManagement] INFO  server.RaftServerConfigKeys (ConfUtils.java:logGet(46)) - raft.server.threadpool.client.cached = true (default)
2024-04-24 06:58:53,784 [af396eb3-dbe1-4cff-9ccf-d69285efe845-groupManagement] INFO  server.RaftServerConfigKeys (ConfUtils.java:logGet(46)) - raft.server.threadpool.client.size = 0 (default)
2024-04-24 06:58:53,784 [af396eb3-dbe1-4cff-9ccf-d69285efe845-groupManagement] INFO  server.RaftServerConfigKeys (ConfUtils.java:logGet(46)) - raft.server.storage.free-space.min = 0MB (=0) (default)
2024-04-24 06:58:53,784 [af396eb3-dbe1-4cff-9ccf-d69285efe845-groupManagement] INFO  server.RaftServerConfigKeys (ConfUtils.java:logGet(46)) - raft.server.log.corruption.policy = EXCEPTION (default)
2024-04-24 06:58:53,784 [af396eb3-dbe1-4cff-9ccf-d69285efe845-groupManagement] INFO  server.RaftServerConfigKeys (ConfUtils.java:logGet(46)) - raft.server.storage.dir = [/home/runner/work/ozone/ozone/hadoop-ozone/integration-test/target/test-dir/MiniOzoneClusterImpl-402bd57a-b865-4622-973c-767f06725353/ozone-meta/datanode-3/ratis] (custom)
2024-04-24 06:58:53,784 [af396eb3-dbe1-4cff-9ccf-d69285efe845-groupManagement] INFO  storage.RaftStorageDirectory (RaftStorageDirectoryImpl.java:analyzeStorage(138)) - The storage directory /home/runner/work/ozone/ozone/hadoop-ozone/integration-test/target/test-dir/MiniOzoneClusterImpl-402bd57a-b865-4622-973c-767f06725353/ozone-meta/datanode-3/ratis/ad3a5459-11d6-4ec0-b487-75cbc85c592e does not exist. Creating ...
2024-04-24 06:58:53,786 [af396eb3-dbe1-4cff-9ccf-d69285efe845-groupManagement] INFO  storage.RaftStorageDirectory (RaftStorageDirectoryImpl.java:tryLock(228)) - Lock on /home/runner/work/ozone/ozone/hadoop-ozone/integration-test/target/test-dir/MiniOzoneClusterImpl-402bd57a-b865-4622-973c-767f06725353/ozone-meta/datanode-3/ratis/ad3a5459-11d6-4ec0-b487-75cbc85c592e/in_use.lock acquired by nodename 83740@fv-az1117-300
2024-04-24 06:58:53,788 [af396eb3-dbe1-4cff-9ccf-d69285efe845-groupManagement] INFO  storage.RaftStorage (RaftStorageImpl.java:format(99)) - Storage directory /home/runner/work/ozone/ozone/hadoop-ozone/integration-test/target/test-dir/MiniOzoneClusterImpl-402bd57a-b865-4622-973c-767f06725353/ozone-meta/datanode-3/ratis/ad3a5459-11d6-4ec0-b487-75cbc85c592e has been successfully formatted.
2024-04-24 06:58:53,788 [af396eb3-dbe1-4cff-9ccf-d69285efe845-groupManagement] WARN  util.FileUtils (LogUtils.java:supplyAndLog(63)) - Failed to Files.newInputStream /home/runner/work/ozone/ozone/hadoop-ozone/integration-test/target/test-dir/MiniOzoneClusterImpl-402bd57a-b865-4622-973c-767f06725353/ozone-meta/datanode-3/ratis/ad3a5459-11d6-4ec0-b487-75cbc85c592e/current/raft-meta.conf with options []: java.nio.file.NoSuchFileException: /home/runner/work/ozone/ozone/hadoop-ozone/integration-test/target/test-dir/MiniOzoneClusterImpl-402bd57a-b865-4622-973c-767f06725353/ozone-meta/datanode-3/ratis/ad3a5459-11d6-4ec0-b487-75cbc85c592e/current/raft-meta.conf
2024-04-24 06:58:53,789 [af396eb3-dbe1-4cff-9ccf-d69285efe845-groupManagement] INFO  ratis.ContainerStateMachine (ContainerStateMachine.java:loadSnapshot(287)) - group-75CBC85C592E: The snapshot info is null. Setting the last applied index to:(t:0, i:~)
2024-04-24 06:58:53,789 [af396eb3-dbe1-4cff-9ccf-d69285efe845-groupManagement] INFO  server.RaftServerConfigKeys (ConfUtils.java:logGet(46)) - raft.server.log.use.memory = false (default)
2024-04-24 06:58:53,789 [af396eb3-dbe1-4cff-9ccf-d69285efe845-groupManagement] INFO  server.RaftServerConfigKeys (ConfUtils.java:logGet(46)) - raft.server.log.purge.gap = 1000000 (custom)
2024-04-24 06:58:53,789 [af396eb3-dbe1-4cff-9ccf-d69285efe845-groupManagement] INFO  server.RaftServerConfigKeys (ConfUtils.java:logGet(46)) - raft.server.log.appender.buffer.byte-limit = 8388608 (custom)
2024-04-24 06:58:53,789 [af396eb3-dbe1-4cff-9ccf-d69285efe845-groupManagement] INFO  server.RaftServerConfigKeys (ConfUtils.java:logGet(46)) - raft.server.log.statemachine.data.read.timeout = 1000ms (default)
2024-04-24 06:58:53,789 [af396eb3-dbe1-4cff-9ccf-d69285efe845-groupManagement] INFO  server.RaftServerConfigKeys (ConfUtils.java:logGet(46)) - raft.server.log.purge.preservation.log.num = 0 (default)
2024-04-24 06:58:53,791 [EventQueue-OpenPipelineForHealthyPipelineSafeModeRule] INFO  safemode.SCMSafeModeManager (HealthyPipelineSafeModeRule.java:process(140)) - SCM in safe mode. Healthy pipelines reported count is 0, required healthy pipeline reported count is 1
2024-04-24 06:58:53,791 [af396eb3-dbe1-4cff-9ccf-d69285efe845-groupManagement] INFO  server.RaftServerConfigKeys (ConfUtils.java:logGet(46)) - raft.server.log.segment.size.max = 67108864 (custom)
2024-04-24 06:58:53,792 [af396eb3-dbe1-4cff-9ccf-d69285efe845-groupManagement] INFO  server.RaftServerConfigKeys (ConfUtils.java:logGet(46)) - raft.server.log.segment.cache.num.max = 2 (custom)
2024-04-24 06:58:53,792 [af396eb3-dbe1-4cff-9ccf-d69285efe845-groupManagement] INFO  server.RaftServerConfigKeys (ConfUtils.java:logGet(46)) - raft.server.log.segment.cache.size.max = 200MB (=209715200) (default)
2024-04-24 06:58:53,792 [af396eb3-dbe1-4cff-9ccf-d69285efe845-groupManagement] INFO  server.RaftServerConfigKeys (ConfUtils.java:logGet(46)) - raft.server.log.appender.buffer.byte-limit = 8388608 (custom)
2024-04-24 06:58:53,792 [af396eb3-dbe1-4cff-9ccf-d69285efe845-groupManagement] INFO  util.AwaitToRun (AwaitToRun.java:start(81)) - Thread[af396eb3-dbe1-4cff-9ccf-d69285efe845@group-75CBC85C592E-cacheEviction-AwaitToRun,5,main] started
2024-04-24 06:58:53,792 [af396eb3-dbe1-4cff-9ccf-d69285efe845-groupManagement] INFO  segmented.SegmentedRaftLogWorker (SegmentedRaftLogWorker.java:<init>(182)) - new af396eb3-dbe1-4cff-9ccf-d69285efe845@group-75CBC85C592E-SegmentedRaftLogWorker for RaftStorageImpl:Storage Directory /home/runner/work/ozone/ozone/hadoop-ozone/integration-test/target/test-dir/MiniOzoneClusterImpl-402bd57a-b865-4622-973c-767f06725353/ozone-meta/datanode-3/ratis/ad3a5459-11d6-4ec0-b487-75cbc85c592e
2024-04-24 06:58:53,792 [af396eb3-dbe1-4cff-9ccf-d69285efe845-groupManagement] INFO  server.RaftServerConfigKeys (ConfUtils.java:logGet(46)) - raft.server.log.queue.byte-limit = 4294967296 (custom)
2024-04-24 06:58:53,792 [af396eb3-dbe1-4cff-9ccf-d69285efe845-groupManagement] INFO  server.RaftServerConfigKeys (ConfUtils.java:logGet(46)) - raft.server.log.queue.element-limit = 1024 (custom)
2024-04-24 06:58:53,792 [af396eb3-dbe1-4cff-9ccf-d69285efe845-groupManagement] INFO  server.RaftServerConfigKeys (ConfUtils.java:logGet(46)) - raft.server.log.segment.size.max = 67108864 (custom)
2024-04-24 06:58:53,792 [af396eb3-dbe1-4cff-9ccf-d69285efe845-groupManagement] INFO  server.RaftServerConfigKeys (ConfUtils.java:logGet(46)) - raft.server.log.preallocated.size = 4194304 (custom)
2024-04-24 06:58:53,792 [af396eb3-dbe1-4cff-9ccf-d69285efe845-groupManagement] INFO  server.RaftServerConfigKeys (ConfUtils.java:logGet(46)) - raft.server.log.force.sync.num = 128 (default)
2024-04-24 06:58:53,793 [af396eb3-dbe1-4cff-9ccf-d69285efe845-groupManagement] INFO  server.RaftServerConfigKeys (ConfUtils.java:logGet(46)) - raft.server.log.statemachine.data.sync = true (default)
2024-04-24 06:58:53,793 [af396eb3-dbe1-4cff-9ccf-d69285efe845-groupManagement] INFO  server.RaftServerConfigKeys (ConfUtils.java:logGet(46)) - raft.server.log.statemachine.data.sync.timeout = 10s (default)
2024-04-24 06:58:53,793 [af396eb3-dbe1-4cff-9ccf-d69285efe845-groupManagement] INFO  server.RaftServerConfigKeys (ConfUtils.java:logGet(46)) - raft.server.log.statemachine.data.sync.timeout.retry = 30 (custom)
2024-04-24 06:58:53,793 [af396eb3-dbe1-4cff-9ccf-d69285efe845-groupManagement] INFO  server.RaftServerConfigKeys (ConfUtils.java:logGet(46)) - raft.server.log.write.buffer.size = 8388616 (custom)
2024-04-24 06:58:53,795 [af396eb3-dbe1-4cff-9ccf-d69285efe845-groupManagement] INFO  server.RaftServerConfigKeys (ConfUtils.java:logGet(46)) - raft.server.log.appender.buffer.byte-limit = 8388608 (custom)
2024-04-24 06:58:53,795 [af396eb3-dbe1-4cff-9ccf-d69285efe845-groupManagement] INFO  server.RaftServerConfigKeys (ConfUtils.java:logGet(46)) - raft.server.log.unsafe-flush.enabled = false (default)
2024-04-24 06:58:53,795 [af396eb3-dbe1-4cff-9ccf-d69285efe845-groupManagement] INFO  server.RaftServerConfigKeys (ConfUtils.java:logGet(46)) - raft.server.log.async-flush.enabled = false (default)
2024-04-24 06:58:53,795 [af396eb3-dbe1-4cff-9ccf-d69285efe845-groupManagement] INFO  server.RaftServerConfigKeys (ConfUtils.java:logGet(46)) - raft.server.log.statemachine.data.caching.enabled = true (custom)
2024-04-24 06:58:53,795 [af396eb3-dbe1-4cff-9ccf-d69285efe845-groupManagement] INFO  segmented.SegmentedRaftLogWorker (SegmentedRaftLogWorker.java:lambda$new$0(134)) - af396eb3-dbe1-4cff-9ccf-d69285efe845@group-75CBC85C592E-SegmentedRaftLogWorker: flushIndex: setUnconditionally 0 -> -1
2024-04-24 06:58:53,795 [af396eb3-dbe1-4cff-9ccf-d69285efe845-groupManagement] INFO  segmented.SegmentedRaftLogWorker (SegmentedRaftLogWorker.java:lambda$new$0(134)) - af396eb3-dbe1-4cff-9ccf-d69285efe845@group-75CBC85C592E-SegmentedRaftLogWorker: safeCacheEvictIndex: setUnconditionally 0 -> -1
2024-04-24 06:58:53,796 [af396eb3-dbe1-4cff-9ccf-d69285efe845-groupManagement] INFO  server.RaftServer$Division (RaftServerImpl.java:start(396)) - af396eb3-dbe1-4cff-9ccf-d69285efe845@group-75CBC85C592E: start as a follower, conf=-1: peers:[c635de7f-7955-4843-9021-ff51e3697f04|127.0.0.1:15014, 356ba7ca-2ac8-4352-a0c1-d7eac5981de9|127.0.0.1:15023, af396eb3-dbe1-4cff-9ccf-d69285efe845|127.0.0.1:15032]|listeners:[], old=null
2024-04-24 06:58:53,796 [af396eb3-dbe1-4cff-9ccf-d69285efe845-groupManagement] INFO  server.RaftServer$Division (RaftServerImpl.java:setRole(383)) - af396eb3-dbe1-4cff-9ccf-d69285efe845@group-75CBC85C592E: changes role from      null to FOLLOWER at term 0 for startAsFollower
2024-04-24 06:58:53,796 [af396eb3-dbe1-4cff-9ccf-d69285efe845-groupManagement] INFO  impl.RoleInfo (RoleInfo.java:updateAndGet(139)) - af396eb3-dbe1-4cff-9ccf-d69285efe845: start af396eb3-dbe1-4cff-9ccf-d69285efe845@group-75CBC85C592E-FollowerState
2024-04-24 06:58:53,796 [af396eb3-dbe1-4cff-9ccf-d69285efe845-groupManagement] INFO  util.JmxRegister (JmxRegister.java:tryRegister(44)) - Successfully registered JMX Bean with object name Ratis:service=RaftServer,group=group-75CBC85C592E,id=af396eb3-dbe1-4cff-9ccf-d69285efe845
2024-04-24 06:58:53,796 [af396eb3-dbe1-4cff-9ccf-d69285efe845-groupManagement] INFO  server.RaftServerConfigKeys (ConfUtils.java:logGet(46)) - raft.server.snapshot.trigger-when-stop.enabled = true (default)
2024-04-24 06:58:53,796 [af396eb3-dbe1-4cff-9ccf-d69285efe845-groupManagement] INFO  server.RaftServerConfigKeys (ConfUtils.java:logGet(46)) - raft.server.snapshot.auto.trigger.enabled = true (custom)
2024-04-24 06:58:53,796 [af396eb3-dbe1-4cff-9ccf-d69285efe845-groupManagement] INFO  server.RaftServerConfigKeys (ConfUtils.java:logGet(46)) - raft.server.snapshot.auto.trigger.threshold = 10000 (custom)
2024-04-24 06:58:53,796 [af396eb3-dbe1-4cff-9ccf-d69285efe845-groupManagement] INFO  server.RaftServerConfigKeys (ConfUtils.java:logGet(46)) - raft.server.snapshot.retention.file.num = 5 (custom)
2024-04-24 06:58:53,797 [af396eb3-dbe1-4cff-9ccf-d69285efe845-groupManagement] INFO  server.RaftServerConfigKeys (ConfUtils.java:logGet(46)) - raft.server.log.purge.upto.snapshot.index = false (default)
2024-04-24 06:58:53,797 [af396eb3-dbe1-4cff-9ccf-d69285efe845@group-75CBC85C592E-FollowerState] INFO  server.RaftServerConfigKeys (ConfUtils.java:logFallback(53)) - raft.server.rpc.first-election.timeout.min = 5s (fallback to raft.server.rpc.timeout.min)
2024-04-24 06:58:53,798 [af396eb3-dbe1-4cff-9ccf-d69285efe845@group-75CBC85C592E-FollowerState] INFO  server.RaftServerConfigKeys (ConfUtils.java:logFallback(53)) - raft.server.rpc.first-election.timeout.max = 5200ms (fallback to raft.server.rpc.timeout.max)
2024-04-24 06:58:53,798 [af396eb3-dbe1-4cff-9ccf-d69285efe845-PipelineCommandHandlerThread-0] INFO  ratis.XceiverServerRatis (XceiverServerRatis.java:addGroup(864)) - Created group PipelineID=ad3a5459-11d6-4ec0-b487-75cbc85c592e
2024-04-24 06:58:54,029 [356ba7ca-2ac8-4352-a0c1-d7eac5981de9-PipelineCommandHandlerThread-0] INFO  commandhandler.CreatePipelineCommandHandler (CreatePipelineCommandHandler.java:lambda$handle$2(124)) - Created Pipeline RATIS THREE PipelineID=ad3a5459-11d6-4ec0-b487-75cbc85c592e.
2024-04-24 06:58:54,030 [356ba7ca-2ac8-4352-a0c1-d7eac5981de9-PipelineCommandHandlerThread-0] INFO  server.RaftServer (RaftServerProxy.java:addNew(100)) - 356ba7ca-2ac8-4352-a0c1-d7eac5981de9: addNew group-FDFF7FF3AA0E:[c635de7f-7955-4843-9021-ff51e3697f04|127.0.0.1:15014, 356ba7ca-2ac8-4352-a0c1-d7eac5981de9|127.0.0.1:15023, af396eb3-dbe1-4cff-9ccf-d69285efe845|127.0.0.1:15032] returns group-FDFF7FF3AA0E:java.util.concurrent.CompletableFuture@1544af5d[Not completed]
2024-04-24 06:58:54,031 [356ba7ca-2ac8-4352-a0c1-d7eac5981de9-groupManagement] INFO  server.RaftServer$Division (RaftServerImpl.java:<init>(256)) - 356ba7ca-2ac8-4352-a0c1-d7eac5981de9: new RaftServerImpl for group-FDFF7FF3AA0E:[c635de7f-7955-4843-9021-ff51e3697f04|127.0.0.1:15014, 356ba7ca-2ac8-4352-a0c1-d7eac5981de9|127.0.0.1:15023, af396eb3-dbe1-4cff-9ccf-d69285efe845|127.0.0.1:15032] with ContainerStateMachine:uninitialized
2024-04-24 06:58:54,031 [356ba7ca-2ac8-4352-a0c1-d7eac5981de9-groupManagement] INFO  server.RaftServerConfigKeys (ConfUtils.java:logGet(46)) - raft.server.rpc.timeout.min = 5s (custom)
2024-04-24 06:58:54,032 [356ba7ca-2ac8-4352-a0c1-d7eac5981de9-groupManagement] INFO  server.RaftServerConfigKeys (ConfUtils.java:logGet(46)) - raft.server.rpc.timeout.max = 5200ms (custom)
2024-04-24 06:58:54,032 [356ba7ca-2ac8-4352-a0c1-d7eac5981de9-groupManagement] INFO  server.RaftServerConfigKeys (ConfUtils.java:logGet(46)) - raft.server.rpc.sleep.time = 25ms (default)
2024-04-24 06:58:54,032 [356ba7ca-2ac8-4352-a0c1-d7eac5981de9-groupManagement] INFO  server.RaftServerConfigKeys (ConfUtils.java:logGet(46)) - raft.server.rpc.slowness.timeout = 300s (custom)
2024-04-24 06:58:54,032 [356ba7ca-2ac8-4352-a0c1-d7eac5981de9-groupManagement] INFO  server.RaftServerConfigKeys (ConfUtils.java:logGet(46)) - raft.server.leaderelection.leader.step-down.wait-time = 10s (default)
2024-04-24 06:58:54,032 [356ba7ca-2ac8-4352-a0c1-d7eac5981de9-groupManagement] INFO  server.RaftServerConfigKeys (ConfUtils.java:logGet(46)) - raft.server.leaderelection.member.majority-add = false (default)
2024-04-24 06:58:54,032 [356ba7ca-2ac8-4352-a0c1-d7eac5981de9-groupManagement] INFO  server.RaftServerConfigKeys (ConfUtils.java:logGet(46)) - raft.server.sleep.deviation.threshold = 300ms (default)
2024-04-24 06:58:54,032 [356ba7ca-2ac8-4352-a0c1-d7eac5981de9-groupManagement] INFO  server.RaftServer$Division (ServerState.java:<init>(113)) - 356ba7ca-2ac8-4352-a0c1-d7eac5981de9@group-FDFF7FF3AA0E: ConfigurationManager, init=-1: peers:[c635de7f-7955-4843-9021-ff51e3697f04|127.0.0.1:15014, 356ba7ca-2ac8-4352-a0c1-d7eac5981de9|127.0.0.1:15023, af396eb3-dbe1-4cff-9ccf-d69285efe845|127.0.0.1:15032]|listeners:[], old=null, confs=<EMPTY_MAP>
2024-04-24 06:58:54,032 [356ba7ca-2ac8-4352-a0c1-d7eac5981de9-groupManagement] INFO  server.RaftServerConfigKeys (ConfUtils.java:logGet(46)) - raft.server.notification.no-leader.timeout = 300s (custom)
2024-04-24 06:58:54,032 [356ba7ca-2ac8-4352-a0c1-d7eac5981de9-groupManagement] INFO  server.RaftServerConfigKeys (ConfUtils.java:logGet(46)) - raft.server.read.timeout = 10s (default)
2024-04-24 06:58:54,032 [356ba7ca-2ac8-4352-a0c1-d7eac5981de9-groupManagement] INFO  server.RaftServerConfigKeys (ConfUtils.java:logGet(46)) - raft.server.retrycache.expirytime = 600000ms (custom)
2024-04-24 06:58:54,032 [356ba7ca-2ac8-4352-a0c1-d7eac5981de9-groupManagement] INFO  server.RaftServerConfigKeys (ConfUtils.java:logGet(46)) - raft.server.retrycache.statistics.expirytime = 100ms (default)
2024-04-24 06:58:54,032 [356ba7ca-2ac8-4352-a0c1-d7eac5981de9-groupManagement] INFO  server.RaftServerConfigKeys (ConfUtils.java:logGet(46)) - raft.server.read.option = DEFAULT (default)
2024-04-24 06:58:54,032 [356ba7ca-2ac8-4352-a0c1-d7eac5981de9-groupManagement] INFO  server.RaftServerConfigKeys (ConfUtils.java:logGet(46)) - raft.server.read.read-after-write-consistent.write-index-cache.expiry-time = 60s (default)
2024-04-24 06:58:54,035 [356ba7ca-2ac8-4352-a0c1-d7eac5981de9-groupManagement] INFO  server.RaftServerConfigKeys (ConfUtils.java:logGet(46)) - raft.server.rpc.request.timeout = 60s (custom)
2024-04-24 06:58:54,035 [356ba7ca-2ac8-4352-a0c1-d7eac5981de9-groupManagement] INFO  server.RaftServerConfigKeys (ConfUtils.java:logGet(46)) - raft.server.log.appender.install.snapshot.enabled = false (custom)
2024-04-24 06:58:54,035 [356ba7ca-2ac8-4352-a0c1-d7eac5981de9-groupManagement] INFO  server.RaftServerConfigKeys (ConfUtils.java:logGet(46)) - raft.server.threadpool.server.cached = true (default)
2024-04-24 06:58:54,035 [356ba7ca-2ac8-4352-a0c1-d7eac5981de9-groupManagement] INFO  server.RaftServerConfigKeys (ConfUtils.java:logGet(46)) - raft.server.threadpool.server.size = 0 (default)
2024-04-24 06:58:54,035 [356ba7ca-2ac8-4352-a0c1-d7eac5981de9-groupManagement] INFO  server.RaftServerConfigKeys (ConfUtils.java:logGet(46)) - raft.server.threadpool.client.cached = true (default)
2024-04-24 06:58:54,036 [356ba7ca-2ac8-4352-a0c1-d7eac5981de9-groupManagement] INFO  server.RaftServerConfigKeys (ConfUtils.java:logGet(46)) - raft.server.threadpool.client.size = 0 (default)
2024-04-24 06:58:54,036 [356ba7ca-2ac8-4352-a0c1-d7eac5981de9-groupManagement] INFO  server.RaftServerConfigKeys (ConfUtils.java:logGet(46)) - raft.server.storage.free-space.min = 0MB (=0) (default)
2024-04-24 06:58:54,036 [356ba7ca-2ac8-4352-a0c1-d7eac5981de9-groupManagement] INFO  server.RaftServerConfigKeys (ConfUtils.java:logGet(46)) - raft.server.log.corruption.policy = EXCEPTION (default)
2024-04-24 06:58:54,036 [356ba7ca-2ac8-4352-a0c1-d7eac5981de9-groupManagement] INFO  server.RaftServerConfigKeys (ConfUtils.java:logGet(46)) - raft.server.storage.dir = [/home/runner/work/ozone/ozone/hadoop-ozone/integration-test/target/test-dir/MiniOzoneClusterImpl-402bd57a-b865-4622-973c-767f06725353/ozone-meta/datanode-2/ratis] (custom)
2024-04-24 06:58:54,036 [356ba7ca-2ac8-4352-a0c1-d7eac5981de9-groupManagement] INFO  storage.RaftStorageDirectory (RaftStorageDirectoryImpl.java:analyzeStorage(138)) - The storage directory /home/runner/work/ozone/ozone/hadoop-ozone/integration-test/target/test-dir/MiniOzoneClusterImpl-402bd57a-b865-4622-973c-767f06725353/ozone-meta/datanode-2/ratis/d9392581-a6cd-4348-8125-fdff7ff3aa0e does not exist. Creating ...
2024-04-24 06:58:54,037 [356ba7ca-2ac8-4352-a0c1-d7eac5981de9-groupManagement] INFO  storage.RaftStorageDirectory (RaftStorageDirectoryImpl.java:tryLock(228)) - Lock on /home/runner/work/ozone/ozone/hadoop-ozone/integration-test/target/test-dir/MiniOzoneClusterImpl-402bd57a-b865-4622-973c-767f06725353/ozone-meta/datanode-2/ratis/d9392581-a6cd-4348-8125-fdff7ff3aa0e/in_use.lock acquired by nodename 83740@fv-az1117-300
2024-04-24 06:58:54,038 [af396eb3-dbe1-4cff-9ccf-d69285efe845-PipelineCommandHandlerThread-0] INFO  commandhandler.CreatePipelineCommandHandler (CreatePipelineCommandHandler.java:lambda$handle$2(124)) - Created Pipeline RATIS THREE PipelineID=ad3a5459-11d6-4ec0-b487-75cbc85c592e.
2024-04-24 06:58:54,038 [af396eb3-dbe1-4cff-9ccf-d69285efe845-PipelineCommandHandlerThread-0] INFO  server.RaftServer (RaftServerProxy.java:addNew(100)) - af396eb3-dbe1-4cff-9ccf-d69285efe845: addNew group-FDFF7FF3AA0E:[c635de7f-7955-4843-9021-ff51e3697f04|127.0.0.1:15014, 356ba7ca-2ac8-4352-a0c1-d7eac5981de9|127.0.0.1:15023, af396eb3-dbe1-4cff-9ccf-d69285efe845|127.0.0.1:15032] returns group-FDFF7FF3AA0E:java.util.concurrent.CompletableFuture@6dc08736[Not completed]
2024-04-24 06:58:54,039 [356ba7ca-2ac8-4352-a0c1-d7eac5981de9-groupManagement] INFO  storage.RaftStorage (RaftStorageImpl.java:format(99)) - Storage directory /home/runner/work/ozone/ozone/hadoop-ozone/integration-test/target/test-dir/MiniOzoneClusterImpl-402bd57a-b865-4622-973c-767f06725353/ozone-meta/datanode-2/ratis/d9392581-a6cd-4348-8125-fdff7ff3aa0e has been successfully formatted.
2024-04-24 06:58:54,039 [356ba7ca-2ac8-4352-a0c1-d7eac5981de9-groupManagement] WARN  util.FileUtils (LogUtils.java:supplyAndLog(63)) - Failed to Files.newInputStream /home/runner/work/ozone/ozone/hadoop-ozone/integration-test/target/test-dir/MiniOzoneClusterImpl-402bd57a-b865-4622-973c-767f06725353/ozone-meta/datanode-2/ratis/d9392581-a6cd-4348-8125-fdff7ff3aa0e/current/raft-meta.conf with options []: java.nio.file.NoSuchFileException: /home/runner/work/ozone/ozone/hadoop-ozone/integration-test/target/test-dir/MiniOzoneClusterImpl-402bd57a-b865-4622-973c-767f06725353/ozone-meta/datanode-2/ratis/d9392581-a6cd-4348-8125-fdff7ff3aa0e/current/raft-meta.conf
2024-04-24 06:58:54,040 [356ba7ca-2ac8-4352-a0c1-d7eac5981de9-groupManagement] INFO  ratis.ContainerStateMachine (ContainerStateMachine.java:loadSnapshot(287)) - group-FDFF7FF3AA0E: The snapshot info is null. Setting the last applied index to:(t:0, i:~)
2024-04-24 06:58:54,040 [356ba7ca-2ac8-4352-a0c1-d7eac5981de9-groupManagement] INFO  server.RaftServerConfigKeys (ConfUtils.java:logGet(46)) - raft.server.log.use.memory = false (default)
2024-04-24 06:58:54,040 [356ba7ca-2ac8-4352-a0c1-d7eac5981de9-groupManagement] INFO  server.RaftServerConfigKeys (ConfUtils.java:logGet(46)) - raft.server.log.purge.gap = 1000000 (custom)
2024-04-24 06:58:54,040 [356ba7ca-2ac8-4352-a0c1-d7eac5981de9-groupManagement] INFO  server.RaftServerConfigKeys (ConfUtils.java:logGet(46)) - raft.server.log.appender.buffer.byte-limit = 8388608 (custom)
2024-04-24 06:58:54,040 [356ba7ca-2ac8-4352-a0c1-d7eac5981de9-groupManagement] INFO  server.RaftServerConfigKeys (ConfUtils.java:logGet(46)) - raft.server.log.statemachine.data.read.timeout = 1000ms (default)
2024-04-24 06:58:54,040 [356ba7ca-2ac8-4352-a0c1-d7eac5981de9-groupManagement] INFO  server.RaftServerConfigKeys (ConfUtils.java:logGet(46)) - raft.server.log.purge.preservation.log.num = 0 (default)
2024-04-24 06:58:54,042 [c635de7f-7955-4843-9021-ff51e3697f04-PipelineCommandHandlerThread-0] INFO  commandhandler.CreatePipelineCommandHandler (CreatePipelineCommandHandler.java:lambda$handle$2(124)) - Created Pipeline RATIS THREE PipelineID=ad3a5459-11d6-4ec0-b487-75cbc85c592e.
2024-04-24 06:58:54,042 [356ba7ca-2ac8-4352-a0c1-d7eac5981de9-groupManagement] INFO  server.RaftServerConfigKeys (ConfUtils.java:logGet(46)) - raft.server.log.segment.size.max = 67108864 (custom)
2024-04-24 06:58:54,042 [c635de7f-7955-4843-9021-ff51e3697f04-PipelineCommandHandlerThread-0] INFO  server.RaftServer (RaftServerProxy.java:addNew(100)) - c635de7f-7955-4843-9021-ff51e3697f04: addNew group-FDFF7FF3AA0E:[c635de7f-7955-4843-9021-ff51e3697f04|127.0.0.1:15014, 356ba7ca-2ac8-4352-a0c1-d7eac5981de9|127.0.0.1:15023, af396eb3-dbe1-4cff-9ccf-d69285efe845|127.0.0.1:15032] returns group-FDFF7FF3AA0E:java.util.concurrent.CompletableFuture@44212d23[Not completed]
2024-04-24 06:58:54,040 [af396eb3-dbe1-4cff-9ccf-d69285efe845-groupManagement] INFO  server.RaftServer$Division (RaftServerImpl.java:<init>(256)) - af396eb3-dbe1-4cff-9ccf-d69285efe845: new RaftServerImpl for group-FDFF7FF3AA0E:[c635de7f-7955-4843-9021-ff51e3697f04|127.0.0.1:15014, 356ba7ca-2ac8-4352-a0c1-d7eac5981de9|127.0.0.1:15023, af396eb3-dbe1-4cff-9ccf-d69285efe845|127.0.0.1:15032] with ContainerStateMachine:uninitialized
2024-04-24 06:58:54,042 [af396eb3-dbe1-4cff-9ccf-d69285efe845-groupManagement] INFO  server.RaftServerConfigKeys (ConfUtils.java:logGet(46)) - raft.server.rpc.timeout.min = 5s (custom)
2024-04-24 06:58:54,042 [af396eb3-dbe1-4cff-9ccf-d69285efe845-groupManagement] INFO  server.RaftServerConfigKeys (ConfUtils.java:logGet(46)) - raft.server.rpc.timeout.max = 5200ms (custom)
2024-04-24 06:58:54,043 [af396eb3-dbe1-4cff-9ccf-d69285efe845-groupManagement] INFO  server.RaftServerConfigKeys (ConfUtils.java:logGet(46)) - raft.server.rpc.sleep.time = 25ms (default)
2024-04-24 06:58:54,043 [af396eb3-dbe1-4cff-9ccf-d69285efe845-groupManagement] INFO  server.RaftServerConfigKeys (ConfUtils.java:logGet(46)) - raft.server.rpc.slowness.timeout = 300s (custom)
2024-04-24 06:58:54,043 [af396eb3-dbe1-4cff-9ccf-d69285efe845-groupManagement] INFO  server.RaftServerConfigKeys (ConfUtils.java:logGet(46)) - raft.server.leaderelection.leader.step-down.wait-time = 10s (default)
2024-04-24 06:58:54,043 [af396eb3-dbe1-4cff-9ccf-d69285efe845-groupManagement] INFO  server.RaftServerConfigKeys (ConfUtils.java:logGet(46)) - raft.server.leaderelection.member.majority-add = false (default)
2024-04-24 06:58:54,043 [af396eb3-dbe1-4cff-9ccf-d69285efe845-groupManagement] INFO  server.RaftServerConfigKeys (ConfUtils.java:logGet(46)) - raft.server.sleep.deviation.threshold = 300ms (default)
2024-04-24 06:58:54,043 [af396eb3-dbe1-4cff-9ccf-d69285efe845-groupManagement] INFO  server.RaftServer$Division (ServerState.java:<init>(113)) - af396eb3-dbe1-4cff-9ccf-d69285efe845@group-FDFF7FF3AA0E: ConfigurationManager, init=-1: peers:[c635de7f-7955-4843-9021-ff51e3697f04|127.0.0.1:15014, 356ba7ca-2ac8-4352-a0c1-d7eac5981de9|127.0.0.1:15023, af396eb3-dbe1-4cff-9ccf-d69285efe845|127.0.0.1:15032]|listeners:[], old=null, confs=<EMPTY_MAP>
2024-04-24 06:58:54,043 [af396eb3-dbe1-4cff-9ccf-d69285efe845-groupManagement] INFO  server.RaftServerConfigKeys (ConfUtils.java:logGet(46)) - raft.server.notification.no-leader.timeout = 300s (custom)
2024-04-24 06:58:54,043 [af396eb3-dbe1-4cff-9ccf-d69285efe845-groupManagement] INFO  server.RaftServerConfigKeys (ConfUtils.java:logGet(46)) - raft.server.read.timeout = 10s (default)
2024-04-24 06:58:54,043 [af396eb3-dbe1-4cff-9ccf-d69285efe845-groupManagement] INFO  server.RaftServerConfigKeys (ConfUtils.java:logGet(46)) - raft.server.retrycache.expirytime = 600000ms (custom)
2024-04-24 06:58:54,043 [af396eb3-dbe1-4cff-9ccf-d69285efe845-groupManagement] INFO  server.RaftServerConfigKeys (ConfUtils.java:logGet(46)) - raft.server.retrycache.statistics.expirytime = 100ms (default)
2024-04-24 06:58:54,043 [af396eb3-dbe1-4cff-9ccf-d69285efe845-groupManagement] INFO  server.RaftServerConfigKeys (ConfUtils.java:logGet(46)) - raft.server.read.option = DEFAULT (default)
2024-04-24 06:58:54,043 [af396eb3-dbe1-4cff-9ccf-d69285efe845-groupManagement] INFO  server.RaftServerConfigKeys (ConfUtils.java:logGet(46)) - raft.server.read.read-after-write-consistent.write-index-cache.expiry-time = 60s (default)
2024-04-24 06:58:54,044 [c635de7f-7955-4843-9021-ff51e3697f04-groupManagement] INFO  server.RaftServer$Division (RaftServerImpl.java:<init>(256)) - c635de7f-7955-4843-9021-ff51e3697f04: new RaftServerImpl for group-FDFF7FF3AA0E:[c635de7f-7955-4843-9021-ff51e3697f04|127.0.0.1:15014, 356ba7ca-2ac8-4352-a0c1-d7eac5981de9|127.0.0.1:15023, af396eb3-dbe1-4cff-9ccf-d69285efe845|127.0.0.1:15032] with ContainerStateMachine:uninitialized
2024-04-24 06:58:54,044 [c635de7f-7955-4843-9021-ff51e3697f04-groupManagement] INFO  server.RaftServerConfigKeys (ConfUtils.java:logGet(46)) - raft.server.rpc.timeout.min = 5s (custom)
2024-04-24 06:58:54,044 [c635de7f-7955-4843-9021-ff51e3697f04-groupManagement] INFO  server.RaftServerConfigKeys (ConfUtils.java:logGet(46)) - raft.server.rpc.timeout.max = 5200ms (custom)
2024-04-24 06:58:54,044 [c635de7f-7955-4843-9021-ff51e3697f04-groupManagement] INFO  server.RaftServerConfigKeys (ConfUtils.java:logGet(46)) - raft.server.rpc.sleep.time = 25ms (default)
2024-04-24 06:58:54,044 [c635de7f-7955-4843-9021-ff51e3697f04-groupManagement] INFO  server.RaftServerConfigKeys (ConfUtils.java:logGet(46)) - raft.server.rpc.slowness.timeout = 300s (custom)
2024-04-24 06:58:54,045 [c635de7f-7955-4843-9021-ff51e3697f04-groupManagement] INFO  server.RaftServerConfigKeys (ConfUtils.java:logGet(46)) - raft.server.leaderelection.leader.step-down.wait-time = 10s (default)
2024-04-24 06:58:54,046 [c635de7f-7955-4843-9021-ff51e3697f04-groupManagement] INFO  server.RaftServerConfigKeys (ConfUtils.java:logGet(46)) - raft.server.leaderelection.member.majority-add = false (default)
2024-04-24 06:58:54,046 [c635de7f-7955-4843-9021-ff51e3697f04-groupManagement] INFO  server.RaftServerConfigKeys (ConfUtils.java:logGet(46)) - raft.server.sleep.deviation.threshold = 300ms (default)
2024-04-24 06:58:54,046 [c635de7f-7955-4843-9021-ff51e3697f04-groupManagement] INFO  server.RaftServer$Division (ServerState.java:<init>(113)) - c635de7f-7955-4843-9021-ff51e3697f04@group-FDFF7FF3AA0E: ConfigurationManager, init=-1: peers:[c635de7f-7955-4843-9021-ff51e3697f04|127.0.0.1:15014, 356ba7ca-2ac8-4352-a0c1-d7eac5981de9|127.0.0.1:15023, af396eb3-dbe1-4cff-9ccf-d69285efe845|127.0.0.1:15032]|listeners:[], old=null, confs=<EMPTY_MAP>
2024-04-24 06:58:54,046 [c635de7f-7955-4843-9021-ff51e3697f04-groupManagement] INFO  server.RaftServerConfigKeys (ConfUtils.java:logGet(46)) - raft.server.notification.no-leader.timeout = 300s (custom)
2024-04-24 06:58:54,046 [c635de7f-7955-4843-9021-ff51e3697f04-groupManagement] INFO  server.RaftServerConfigKeys (ConfUtils.java:logGet(46)) - raft.server.read.timeout = 10s (default)
2024-04-24 06:58:54,046 [c635de7f-7955-4843-9021-ff51e3697f04-groupManagement] INFO  server.RaftServerConfigKeys (ConfUtils.java:logGet(46)) - raft.server.retrycache.expirytime = 600000ms (custom)
2024-04-24 06:58:54,042 [356ba7ca-2ac8-4352-a0c1-d7eac5981de9-groupManagement] INFO  server.RaftServerConfigKeys (ConfUtils.java:logGet(46)) - raft.server.log.segment.cache.num.max = 2 (custom)
2024-04-24 06:58:54,042 [EventQueue-OpenPipelineForHealthyPipelineSafeModeRule] INFO  safemode.SCMSafeModeManager (HealthyPipelineSafeModeRule.java:process(140)) - SCM in safe mode. Healthy pipelines reported count is 0, required healthy pipeline reported count is 1
2024-04-24 06:58:54,046 [356ba7ca-2ac8-4352-a0c1-d7eac5981de9-groupManagement] INFO  server.RaftServerConfigKeys (ConfUtils.java:logGet(46)) - raft.server.log.segment.cache.size.max = 200MB (=209715200) (default)
2024-04-24 06:58:54,047 [356ba7ca-2ac8-4352-a0c1-d7eac5981de9-groupManagement] INFO  server.RaftServerConfigKeys (ConfUtils.java:logGet(46)) - raft.server.log.appender.buffer.byte-limit = 8388608 (custom)
2024-04-24 06:58:54,047 [356ba7ca-2ac8-4352-a0c1-d7eac5981de9-groupManagement] INFO  util.AwaitToRun (AwaitToRun.java:start(81)) - Thread[356ba7ca-2ac8-4352-a0c1-d7eac5981de9@group-FDFF7FF3AA0E-cacheEviction-AwaitToRun,5,main] started
2024-04-24 06:58:54,047 [356ba7ca-2ac8-4352-a0c1-d7eac5981de9-groupManagement] INFO  segmented.SegmentedRaftLogWorker (SegmentedRaftLogWorker.java:<init>(182)) - new 356ba7ca-2ac8-4352-a0c1-d7eac5981de9@group-FDFF7FF3AA0E-SegmentedRaftLogWorker for RaftStorageImpl:Storage Directory /home/runner/work/ozone/ozone/hadoop-ozone/integration-test/target/test-dir/MiniOzoneClusterImpl-402bd57a-b865-4622-973c-767f06725353/ozone-meta/datanode-2/ratis/d9392581-a6cd-4348-8125-fdff7ff3aa0e
2024-04-24 06:58:54,047 [356ba7ca-2ac8-4352-a0c1-d7eac5981de9-groupManagement] INFO  server.RaftServerConfigKeys (ConfUtils.java:logGet(46)) - raft.server.log.queue.byte-limit = 4294967296 (custom)
2024-04-24 06:58:54,047 [356ba7ca-2ac8-4352-a0c1-d7eac5981de9-groupManagement] INFO  server.RaftServerConfigKeys (ConfUtils.java:logGet(46)) - raft.server.log.queue.element-limit = 1024 (custom)
2024-04-24 06:58:54,047 [356ba7ca-2ac8-4352-a0c1-d7eac5981de9-groupManagement] INFO  server.RaftServerConfigKeys (ConfUtils.java:logGet(46)) - raft.server.log.segment.size.max = 67108864 (custom)
2024-04-24 06:58:54,047 [356ba7ca-2ac8-4352-a0c1-d7eac5981de9-groupManagement] INFO  server.RaftServerConfigKeys (ConfUtils.java:logGet(46)) - raft.server.log.preallocated.size = 4194304 (custom)
2024-04-24 06:58:54,047 [356ba7ca-2ac8-4352-a0c1-d7eac5981de9-groupManagement] INFO  server.RaftServerConfigKeys (ConfUtils.java:logGet(46)) - raft.server.log.force.sync.num = 128 (default)
2024-04-24 06:58:54,047 [356ba7ca-2ac8-4352-a0c1-d7eac5981de9-groupManagement] INFO  server.RaftServerConfigKeys (ConfUtils.java:logGet(46)) - raft.server.log.statemachine.data.sync = true (default)
2024-04-24 06:58:54,047 [356ba7ca-2ac8-4352-a0c1-d7eac5981de9-groupManagement] INFO  server.RaftServerConfigKeys (ConfUtils.java:logGet(46)) - raft.server.log.statemachine.data.sync.timeout = 10s (default)
2024-04-24 06:58:54,047 [356ba7ca-2ac8-4352-a0c1-d7eac5981de9-groupManagement] INFO  server.RaftServerConfigKeys (ConfUtils.java:logGet(46)) - raft.server.log.statemachine.data.sync.timeout.retry = 30 (custom)
2024-04-24 06:58:54,048 [356ba7ca-2ac8-4352-a0c1-d7eac5981de9-groupManagement] INFO  server.RaftServerConfigKeys (ConfUtils.java:logGet(46)) - raft.server.log.write.buffer.size = 8388616 (custom)
2024-04-24 06:58:54,046 [c635de7f-7955-4843-9021-ff51e3697f04-groupManagement] INFO  server.RaftServerConfigKeys (ConfUtils.java:logGet(46)) - raft.server.retrycache.statistics.expirytime = 100ms (default)
2024-04-24 06:58:54,048 [c635de7f-7955-4843-9021-ff51e3697f04-groupManagement] INFO  server.RaftServerConfigKeys (ConfUtils.java:logGet(46)) - raft.server.read.option = DEFAULT (default)
2024-04-24 06:58:54,048 [c635de7f-7955-4843-9021-ff51e3697f04-groupManagement] INFO  server.RaftServerConfigKeys (ConfUtils.java:logGet(46)) - raft.server.read.read-after-write-consistent.write-index-cache.expiry-time = 60s (default)
2024-04-24 06:58:54,049 [356ba7ca-2ac8-4352-a0c1-d7eac5981de9-groupManagement] INFO  server.RaftServerConfigKeys (ConfUtils.java:logGet(46)) - raft.server.log.appender.buffer.byte-limit = 8388608 (custom)
2024-04-24 06:58:54,049 [356ba7ca-2ac8-4352-a0c1-d7eac5981de9-groupManagement] INFO  server.RaftServerConfigKeys (ConfUtils.java:logGet(46)) - raft.server.log.unsafe-flush.enabled = false (default)
2024-04-24 06:58:54,049 [356ba7ca-2ac8-4352-a0c1-d7eac5981de9-groupManagement] INFO  server.RaftServerConfigKeys (ConfUtils.java:logGet(46)) - raft.server.log.async-flush.enabled = false (default)
2024-04-24 06:58:54,049 [356ba7ca-2ac8-4352-a0c1-d7eac5981de9-groupManagement] INFO  server.RaftServerConfigKeys (ConfUtils.java:logGet(46)) - raft.server.log.statemachine.data.caching.enabled = true (custom)
2024-04-24 06:58:54,050 [356ba7ca-2ac8-4352-a0c1-d7eac5981de9-groupManagement] INFO  segmented.SegmentedRaftLogWorker (SegmentedRaftLogWorker.java:lambda$new$0(134)) - 356ba7ca-2ac8-4352-a0c1-d7eac5981de9@group-FDFF7FF3AA0E-SegmentedRaftLogWorker: flushIndex: setUnconditionally 0 -> -1
2024-04-24 06:58:54,050 [356ba7ca-2ac8-4352-a0c1-d7eac5981de9-groupManagement] INFO  segmented.SegmentedRaftLogWorker (SegmentedRaftLogWorker.java:lambda$new$0(134)) - 356ba7ca-2ac8-4352-a0c1-d7eac5981de9@group-FDFF7FF3AA0E-SegmentedRaftLogWorker: safeCacheEvictIndex: setUnconditionally 0 -> -1
2024-04-24 06:58:54,046 [af396eb3-dbe1-4cff-9ccf-d69285efe845-groupManagement] INFO  server.RaftServerConfigKeys (ConfUtils.java:logGet(46)) - raft.server.rpc.request.timeout = 60s (custom)
2024-04-24 06:58:54,050 [af396eb3-dbe1-4cff-9ccf-d69285efe845-groupManagement] INFO  server.RaftServerConfigKeys (ConfUtils.java:logGet(46)) - raft.server.log.appender.install.snapshot.enabled = false (custom)
2024-04-24 06:58:54,050 [af396eb3-dbe1-4cff-9ccf-d69285efe845-groupManagement] INFO  server.RaftServerConfigKeys (ConfUtils.java:logGet(46)) - raft.server.threadpool.server.cached = true (default)
2024-04-24 06:58:54,050 [af396eb3-dbe1-4cff-9ccf-d69285efe845-groupManagement] INFO  server.RaftServerConfigKeys (ConfUtils.java:logGet(46)) - raft.server.threadpool.server.size = 0 (default)
2024-04-24 06:58:54,050 [af396eb3-dbe1-4cff-9ccf-d69285efe845-groupManagement] INFO  server.RaftServerConfigKeys (ConfUtils.java:logGet(46)) - raft.server.threadpool.client.cached = true (default)
2024-04-24 06:58:54,050 [af396eb3-dbe1-4cff-9ccf-d69285efe845-groupManagement] INFO  server.RaftServerConfigKeys (ConfUtils.java:logGet(46)) - raft.server.threadpool.client.size = 0 (default)
2024-04-24 06:58:54,050 [af396eb3-dbe1-4cff-9ccf-d69285efe845-groupManagement] INFO  server.RaftServerConfigKeys (ConfUtils.java:logGet(46)) - raft.server.storage.free-space.min = 0MB (=0) (default)
2024-04-24 06:58:54,050 [af396eb3-dbe1-4cff-9ccf-d69285efe845-groupManagement] INFO  server.RaftServerConfigKeys (ConfUtils.java:logGet(46)) - raft.server.log.corruption.policy = EXCEPTION (default)
2024-04-24 06:58:54,050 [af396eb3-dbe1-4cff-9ccf-d69285efe845-groupManagement] INFO  server.RaftServerConfigKeys (ConfUtils.java:logGet(46)) - raft.server.storage.dir = [/home/runner/work/ozone/ozone/hadoop-ozone/integration-test/target/test-dir/MiniOzoneClusterImpl-402bd57a-b865-4622-973c-767f06725353/ozone-meta/datanode-3/ratis] (custom)
2024-04-24 06:58:54,051 [af396eb3-dbe1-4cff-9ccf-d69285efe845-groupManagement] INFO  storage.RaftStorageDirectory (RaftStorageDirectoryImpl.java:analyzeStorage(138)) - The storage directory /home/runner/work/ozone/ozone/hadoop-ozone/integration-test/target/test-dir/MiniOzoneClusterImpl-402bd57a-b865-4622-973c-767f06725353/ozone-meta/datanode-3/ratis/d9392581-a6cd-4348-8125-fdff7ff3aa0e does not exist. Creating ...
2024-04-24 06:58:54,051 [c635de7f-7955-4843-9021-ff51e3697f04-groupManagement] INFO  server.RaftServerConfigKeys (ConfUtils.java:logGet(46)) - raft.server.rpc.request.timeout = 60s (custom)
2024-04-24 06:58:54,051 [c635de7f-7955-4843-9021-ff51e3697f04-groupManagement] INFO  server.RaftServerConfigKeys (ConfUtils.java:logGet(46)) - raft.server.log.appender.install.snapshot.enabled = false (custom)
2024-04-24 06:58:54,052 [c635de7f-7955-4843-9021-ff51e3697f04-groupManagement] INFO  server.RaftServerConfigKeys (ConfUtils.java:logGet(46)) - raft.server.threadpool.server.cached = true (default)
2024-04-24 06:58:54,052 [c635de7f-7955-4843-9021-ff51e3697f04-groupManagement] INFO  server.RaftServerConfigKeys (ConfUtils.java:logGet(46)) - raft.server.threadpool.server.size = 0 (default)
2024-04-24 06:58:54,052 [af396eb3-dbe1-4cff-9ccf-d69285efe845-groupManagement] INFO  storage.RaftStorageDirectory (RaftStorageDirectoryImpl.java:tryLock(228)) - Lock on /home/runner/work/ozone/ozone/hadoop-ozone/integration-test/target/test-dir/MiniOzoneClusterImpl-402bd57a-b865-4622-973c-767f06725353/ozone-meta/datanode-3/ratis/d9392581-a6cd-4348-8125-fdff7ff3aa0e/in_use.lock acquired by nodename 83740@fv-az1117-300
2024-04-24 06:58:54,053 [af396eb3-dbe1-4cff-9ccf-d69285efe845-groupManagement] INFO  storage.RaftStorage (RaftStorageImpl.java:format(99)) - Storage directory /home/runner/work/ozone/ozone/hadoop-ozone/integration-test/target/test-dir/MiniOzoneClusterImpl-402bd57a-b865-4622-973c-767f06725353/ozone-meta/datanode-3/ratis/d9392581-a6cd-4348-8125-fdff7ff3aa0e has been successfully formatted.
2024-04-24 06:58:54,053 [af396eb3-dbe1-4cff-9ccf-d69285efe845-groupManagement] WARN  util.FileUtils (LogUtils.java:supplyAndLog(63)) - Failed to Files.newInputStream /home/runner/work/ozone/ozone/hadoop-ozone/integration-test/target/test-dir/MiniOzoneClusterImpl-402bd57a-b865-4622-973c-767f06725353/ozone-meta/datanode-3/ratis/d9392581-a6cd-4348-8125-fdff7ff3aa0e/current/raft-meta.conf with options []: java.nio.file.NoSuchFileException: /home/runner/work/ozone/ozone/hadoop-ozone/integration-test/target/test-dir/MiniOzoneClusterImpl-402bd57a-b865-4622-973c-767f06725353/ozone-meta/datanode-3/ratis/d9392581-a6cd-4348-8125-fdff7ff3aa0e/current/raft-meta.conf
2024-04-24 06:58:54,053 [af396eb3-dbe1-4cff-9ccf-d69285efe845-groupManagement] INFO  ratis.ContainerStateMachine (ContainerStateMachine.java:loadSnapshot(287)) - group-FDFF7FF3AA0E: The snapshot info is null. Setting the last applied index to:(t:0, i:~)
2024-04-24 06:58:54,053 [af396eb3-dbe1-4cff-9ccf-d69285efe845-groupManagement] INFO  server.RaftServerConfigKeys (ConfUtils.java:logGet(46)) - raft.server.log.use.memory = false (default)
2024-04-24 06:58:54,053 [af396eb3-dbe1-4cff-9ccf-d69285efe845-groupManagement] INFO  server.RaftServerConfigKeys (ConfUtils.java:logGet(46)) - raft.server.log.purge.gap = 1000000 (custom)
2024-04-24 06:58:54,054 [af396eb3-dbe1-4cff-9ccf-d69285efe845-groupManagement] INFO  server.RaftServerConfigKeys (ConfUtils.java:logGet(46)) - raft.server.log.appender.buffer.byte-limit = 8388608 (custom)
2024-04-24 06:58:54,054 [af396eb3-dbe1-4cff-9ccf-d69285efe845-groupManagement] INFO  server.RaftServerConfigKeys (ConfUtils.java:logGet(46)) - raft.server.log.statemachine.data.read.timeout = 1000ms (default)
2024-04-24 06:58:54,054 [af396eb3-dbe1-4cff-9ccf-d69285efe845-groupManagement] INFO  server.RaftServerConfigKeys (ConfUtils.java:logGet(46)) - raft.server.log.purge.preservation.log.num = 0 (default)
2024-04-24 06:58:54,055 [af396eb3-dbe1-4cff-9ccf-d69285efe845-groupManagement] INFO  server.RaftServerConfigKeys (ConfUtils.java:logGet(46)) - raft.server.log.segment.size.max = 67108864 (custom)
2024-04-24 06:58:54,055 [af396eb3-dbe1-4cff-9ccf-d69285efe845-groupManagement] INFO  server.RaftServerConfigKeys (ConfUtils.java:logGet(46)) - raft.server.log.segment.cache.num.max = 2 (custom)
2024-04-24 06:58:54,055 [af396eb3-dbe1-4cff-9ccf-d69285efe845-groupManagement] INFO  server.RaftServerConfigKeys (ConfUtils.java:logGet(46)) - raft.server.log.segment.cache.size.max = 200MB (=209715200) (default)
2024-04-24 06:58:54,056 [af396eb3-dbe1-4cff-9ccf-d69285efe845-groupManagement] INFO  server.RaftServerConfigKeys (ConfUtils.java:logGet(46)) - raft.server.log.appender.buffer.byte-limit = 8388608 (custom)
2024-04-24 06:58:54,056 [356ba7ca-2ac8-4352-a0c1-d7eac5981de9-groupManagement] INFO  server.RaftServer$Division (RaftServerImpl.java:start(396)) - 356ba7ca-2ac8-4352-a0c1-d7eac5981de9@group-FDFF7FF3AA0E: start as a follower, conf=-1: peers:[c635de7f-7955-4843-9021-ff51e3697f04|127.0.0.1:15014, 356ba7ca-2ac8-4352-a0c1-d7eac5981de9|127.0.0.1:15023, af396eb3-dbe1-4cff-9ccf-d69285efe845|127.0.0.1:15032]|listeners:[], old=null
2024-04-24 06:58:54,056 [356ba7ca-2ac8-4352-a0c1-d7eac5981de9-groupManagement] INFO  server.RaftServer$Division (RaftServerImpl.java:setRole(383)) - 356ba7ca-2ac8-4352-a0c1-d7eac5981de9@group-FDFF7FF3AA0E: changes role from      null to FOLLOWER at term 0 for startAsFollower
2024-04-24 06:58:54,056 [356ba7ca-2ac8-4352-a0c1-d7eac5981de9-groupManagement] INFO  impl.RoleInfo (RoleInfo.java:updateAndGet(139)) - 356ba7ca-2ac8-4352-a0c1-d7eac5981de9: start 356ba7ca-2ac8-4352-a0c1-d7eac5981de9@group-FDFF7FF3AA0E-FollowerState
2024-04-24 06:58:54,058 [EventQueue-OpenPipelineForHealthyPipelineSafeModeRule] INFO  safemode.SCMSafeModeManager (HealthyPipelineSafeModeRule.java:process(140)) - SCM in safe mode. Healthy pipelines reported count is 0, required healthy pipeline reported count is 1
2024-04-24 06:58:54,052 [c635de7f-7955-4843-9021-ff51e3697f04-groupManagement] INFO  server.RaftServerConfigKeys (ConfUtils.java:logGet(46)) - raft.server.threadpool.client.cached = true (default)
2024-04-24 06:58:54,059 [c635de7f-7955-4843-9021-ff51e3697f04-groupManagement] INFO  server.RaftServerConfigKeys (ConfUtils.java:logGet(46)) - raft.server.threadpool.client.size = 0 (default)
2024-04-24 06:58:54,059 [c635de7f-7955-4843-9021-ff51e3697f04-groupManagement] INFO  server.RaftServerConfigKeys (ConfUtils.java:logGet(46)) - raft.server.storage.free-space.min = 0MB (=0) (default)
2024-04-24 06:58:54,060 [c635de7f-7955-4843-9021-ff51e3697f04-groupManagement] INFO  server.RaftServerConfigKeys (ConfUtils.java:logGet(46)) - raft.server.log.corruption.policy = EXCEPTION (default)
2024-04-24 06:58:54,060 [c635de7f-7955-4843-9021-ff51e3697f04-groupManagement] INFO  server.RaftServerConfigKeys (ConfUtils.java:logGet(46)) - raft.server.storage.dir = [/home/runner/work/ozone/ozone/hadoop-ozone/integration-test/target/test-dir/MiniOzoneClusterImpl-402bd57a-b865-4622-973c-767f06725353/ozone-meta/datanode-1/ratis] (custom)
2024-04-24 06:58:54,060 [c635de7f-7955-4843-9021-ff51e3697f04-groupManagement] INFO  storage.RaftStorageDirectory (RaftStorageDirectoryImpl.java:analyzeStorage(138)) - The storage directory /home/runner/work/ozone/ozone/hadoop-ozone/integration-test/target/test-dir/MiniOzoneClusterImpl-402bd57a-b865-4622-973c-767f06725353/ozone-meta/datanode-1/ratis/d9392581-a6cd-4348-8125-fdff7ff3aa0e does not exist. Creating ...
2024-04-24 06:58:54,061 [c635de7f-7955-4843-9021-ff51e3697f04-groupManagement] INFO  storage.RaftStorageDirectory (RaftStorageDirectoryImpl.java:tryLock(228)) - Lock on /home/runner/work/ozone/ozone/hadoop-ozone/integration-test/target/test-dir/MiniOzoneClusterImpl-402bd57a-b865-4622-973c-767f06725353/ozone-meta/datanode-1/ratis/d9392581-a6cd-4348-8125-fdff7ff3aa0e/in_use.lock acquired by nodename 83740@fv-az1117-300
2024-04-24 06:58:54,062 [356ba7ca-2ac8-4352-a0c1-d7eac5981de9-groupManagement] INFO  util.JmxRegister (JmxRegister.java:tryRegister(44)) - Successfully registered JMX Bean with object name Ratis:service=RaftServer,group=group-FDFF7FF3AA0E,id=356ba7ca-2ac8-4352-a0c1-d7eac5981de9
2024-04-24 06:58:54,062 [356ba7ca-2ac8-4352-a0c1-d7eac5981de9-groupManagement] INFO  server.RaftServerConfigKeys (ConfUtils.java:logGet(46)) - raft.server.snapshot.trigger-when-stop.enabled = true (default)
2024-04-24 06:58:54,062 [356ba7ca-2ac8-4352-a0c1-d7eac5981de9-groupManagement] INFO  server.RaftServerConfigKeys (ConfUtils.java:logGet(46)) - raft.server.snapshot.auto.trigger.enabled = true (custom)
2024-04-24 06:58:54,062 [356ba7ca-2ac8-4352-a0c1-d7eac5981de9-groupManagement] INFO  server.RaftServerConfigKeys (ConfUtils.java:logGet(46)) - raft.server.snapshot.auto.trigger.threshold = 10000 (custom)
2024-04-24 06:58:54,062 [356ba7ca-2ac8-4352-a0c1-d7eac5981de9-groupManagement] INFO  server.RaftServerConfigKeys (ConfUtils.java:logGet(46)) - raft.server.snapshot.retention.file.num = 5 (custom)
2024-04-24 06:58:54,062 [356ba7ca-2ac8-4352-a0c1-d7eac5981de9-groupManagement] INFO  server.RaftServerConfigKeys (ConfUtils.java:logGet(46)) - raft.server.log.purge.upto.snapshot.index = false (default)
2024-04-24 06:58:54,063 [356ba7ca-2ac8-4352-a0c1-d7eac5981de9@group-FDFF7FF3AA0E-FollowerState] INFO  server.RaftServerConfigKeys (ConfUtils.java:logFallback(53)) - raft.server.rpc.first-election.timeout.min = 5s (fallback to raft.server.rpc.timeout.min)
2024-04-24 06:58:54,064 [356ba7ca-2ac8-4352-a0c1-d7eac5981de9@group-FDFF7FF3AA0E-FollowerState] INFO  server.RaftServerConfigKeys (ConfUtils.java:logFallback(53)) - raft.server.rpc.first-election.timeout.max = 5200ms (fallback to raft.server.rpc.timeout.max)
2024-04-24 06:58:54,064 [c635de7f-7955-4843-9021-ff51e3697f04-groupManagement] INFO  storage.RaftStorage (RaftStorageImpl.java:format(99)) - Storage directory /home/runner/work/ozone/ozone/hadoop-ozone/integration-test/target/test-dir/MiniOzoneClusterImpl-402bd57a-b865-4622-973c-767f06725353/ozone-meta/datanode-1/ratis/d9392581-a6cd-4348-8125-fdff7ff3aa0e has been successfully formatted.
2024-04-24 06:58:54,064 [c635de7f-7955-4843-9021-ff51e3697f04-groupManagement] WARN  util.FileUtils (LogUtils.java:supplyAndLog(63)) - Failed to Files.newInputStream /home/runner/work/ozone/ozone/hadoop-ozone/integration-test/target/test-dir/MiniOzoneClusterImpl-402bd57a-b865-4622-973c-767f06725353/ozone-meta/datanode-1/ratis/d9392581-a6cd-4348-8125-fdff7ff3aa0e/current/raft-meta.conf with options []: java.nio.file.NoSuchFileException: /home/runner/work/ozone/ozone/hadoop-ozone/integration-test/target/test-dir/MiniOzoneClusterImpl-402bd57a-b865-4622-973c-767f06725353/ozone-meta/datanode-1/ratis/d9392581-a6cd-4348-8125-fdff7ff3aa0e/current/raft-meta.conf
2024-04-24 06:58:54,065 [c635de7f-7955-4843-9021-ff51e3697f04-groupManagement] INFO  ratis.ContainerStateMachine (ContainerStateMachine.java:loadSnapshot(287)) - group-FDFF7FF3AA0E: The snapshot info is null. Setting the last applied index to:(t:0, i:~)
2024-04-24 06:58:54,065 [c635de7f-7955-4843-9021-ff51e3697f04-groupManagement] INFO  server.RaftServerConfigKeys (ConfUtils.java:logGet(46)) - raft.server.log.use.memory = false (default)
2024-04-24 06:58:54,065 [c635de7f-7955-4843-9021-ff51e3697f04-groupManagement] INFO  server.RaftServerConfigKeys (ConfUtils.java:logGet(46)) - raft.server.log.purge.gap = 1000000 (custom)
2024-04-24 06:58:54,065 [c635de7f-7955-4843-9021-ff51e3697f04-groupManagement] INFO  server.RaftServerConfigKeys (ConfUtils.java:logGet(46)) - raft.server.log.appender.buffer.byte-limit = 8388608 (custom)
2024-04-24 06:58:54,065 [c635de7f-7955-4843-9021-ff51e3697f04-groupManagement] INFO  server.RaftServerConfigKeys (ConfUtils.java:logGet(46)) - raft.server.log.statemachine.data.read.timeout = 1000ms (default)
2024-04-24 06:58:54,065 [c635de7f-7955-4843-9021-ff51e3697f04-groupManagement] INFO  server.RaftServerConfigKeys (ConfUtils.java:logGet(46)) - raft.server.log.purge.preservation.log.num = 0 (default)
2024-04-24 06:58:54,067 [c635de7f-7955-4843-9021-ff51e3697f04-groupManagement] INFO  server.RaftServerConfigKeys (ConfUtils.java:logGet(46)) - raft.server.log.segment.size.max = 67108864 (custom)
2024-04-24 06:58:54,067 [EventQueue-OpenPipelineForHealthyPipelineSafeModeRule] INFO  safemode.SCMSafeModeManager (HealthyPipelineSafeModeRule.java:process(140)) - SCM in safe mode. Healthy pipelines reported count is 0, required healthy pipeline reported count is 1
2024-04-24 06:58:54,067 [c635de7f-7955-4843-9021-ff51e3697f04-groupManagement] INFO  server.RaftServerConfigKeys (ConfUtils.java:logGet(46)) - raft.server.log.segment.cache.num.max = 2 (custom)
2024-04-24 06:58:54,067 [c635de7f-7955-4843-9021-ff51e3697f04-groupManagement] INFO  server.RaftServerConfigKeys (ConfUtils.java:logGet(46)) - raft.server.log.segment.cache.size.max = 200MB (=209715200) (default)
2024-04-24 06:58:54,067 [c635de7f-7955-4843-9021-ff51e3697f04-groupManagement] INFO  server.RaftServerConfigKeys (ConfUtils.java:logGet(46)) - raft.server.log.appender.buffer.byte-limit = 8388608 (custom)
2024-04-24 06:58:54,067 [356ba7ca-2ac8-4352-a0c1-d7eac5981de9-PipelineCommandHandlerThread-0] INFO  ratis.XceiverServerRatis (XceiverServerRatis.java:addGroup(864)) - Created group PipelineID=d9392581-a6cd-4348-8125-fdff7ff3aa0e
2024-04-24 06:58:54,077 [af396eb3-dbe1-4cff-9ccf-d69285efe845-groupManagement] INFO  util.AwaitToRun (AwaitToRun.java:start(81)) - Thread[af396eb3-dbe1-4cff-9ccf-d69285efe845@group-FDFF7FF3AA0E-cacheEviction-AwaitToRun,5,main] started
2024-04-24 06:58:54,077 [af396eb3-dbe1-4cff-9ccf-d69285efe845-groupManagement] INFO  segmented.SegmentedRaftLogWorker (SegmentedRaftLogWorker.java:<init>(182)) - new af396eb3-dbe1-4cff-9ccf-d69285efe845@group-FDFF7FF3AA0E-SegmentedRaftLogWorker for RaftStorageImpl:Storage Directory /home/runner/work/ozone/ozone/hadoop-ozone/integration-test/target/test-dir/MiniOzoneClusterImpl-402bd57a-b865-4622-973c-767f06725353/ozone-meta/datanode-3/ratis/d9392581-a6cd-4348-8125-fdff7ff3aa0e
2024-04-24 06:58:54,077 [af396eb3-dbe1-4cff-9ccf-d69285efe845-groupManagement] INFO  server.RaftServerConfigKeys (ConfUtils.java:logGet(46)) - raft.server.log.queue.byte-limit = 4294967296 (custom)
2024-04-24 06:58:54,077 [af396eb3-dbe1-4cff-9ccf-d69285efe845-groupManagement] INFO  server.RaftServerConfigKeys (ConfUtils.java:logGet(46)) - raft.server.log.queue.element-limit = 1024 (custom)
2024-04-24 06:58:54,077 [af396eb3-dbe1-4cff-9ccf-d69285efe845-groupManagement] INFO  server.RaftServerConfigKeys (ConfUtils.java:logGet(46)) - raft.server.log.segment.size.max = 67108864 (custom)
2024-04-24 06:58:54,077 [af396eb3-dbe1-4cff-9ccf-d69285efe845-groupManagement] INFO  server.RaftServerConfigKeys (ConfUtils.java:logGet(46)) - raft.server.log.preallocated.size = 4194304 (custom)
2024-04-24 06:58:54,077 [af396eb3-dbe1-4cff-9ccf-d69285efe845-groupManagement] INFO  server.RaftServerConfigKeys (ConfUtils.java:logGet(46)) - raft.server.log.force.sync.num = 128 (default)
2024-04-24 06:58:54,077 [af396eb3-dbe1-4cff-9ccf-d69285efe845-groupManagement] INFO  server.RaftServerConfigKeys (ConfUtils.java:logGet(46)) - raft.server.log.statemachine.data.sync = true (default)
2024-04-24 06:58:54,077 [af396eb3-dbe1-4cff-9ccf-d69285efe845-groupManagement] INFO  server.RaftServerConfigKeys (ConfUtils.java:logGet(46)) - raft.server.log.statemachine.data.sync.timeout = 10s (default)
2024-04-24 06:58:54,077 [af396eb3-dbe1-4cff-9ccf-d69285efe845-groupManagement] INFO  server.RaftServerConfigKeys (ConfUtils.java:logGet(46)) - raft.server.log.statemachine.data.sync.timeout.retry = 30 (custom)
2024-04-24 06:58:54,078 [af396eb3-dbe1-4cff-9ccf-d69285efe845-groupManagement] INFO  server.RaftServerConfigKeys (ConfUtils.java:logGet(46)) - raft.server.log.write.buffer.size = 8388616 (custom)
2024-04-24 06:58:54,079 [af396eb3-dbe1-4cff-9ccf-d69285efe845-groupManagement] INFO  server.RaftServerConfigKeys (ConfUtils.java:logGet(46)) - raft.server.log.appender.buffer.byte-limit = 8388608 (custom)
2024-04-24 06:58:54,080 [af396eb3-dbe1-4cff-9ccf-d69285efe845-groupManagement] INFO  server.RaftServerConfigKeys (ConfUtils.java:logGet(46)) - raft.server.log.unsafe-flush.enabled = false (default)
2024-04-24 06:58:54,080 [af396eb3-dbe1-4cff-9ccf-d69285efe845-groupManagement] INFO  server.RaftServerConfigKeys (ConfUtils.java:logGet(46)) - raft.server.log.async-flush.enabled = false (default)
2024-04-24 06:58:54,080 [af396eb3-dbe1-4cff-9ccf-d69285efe845-groupManagement] INFO  server.RaftServerConfigKeys (ConfUtils.java:logGet(46)) - raft.server.log.statemachine.data.caching.enabled = true (custom)
2024-04-24 06:58:54,080 [af396eb3-dbe1-4cff-9ccf-d69285efe845-groupManagement] INFO  segmented.SegmentedRaftLogWorker (SegmentedRaftLogWorker.java:lambda$new$0(134)) - af396eb3-dbe1-4cff-9ccf-d69285efe845@group-FDFF7FF3AA0E-SegmentedRaftLogWorker: flushIndex: setUnconditionally 0 -> -1
2024-04-24 06:58:54,080 [af396eb3-dbe1-4cff-9ccf-d69285efe845-groupManagement] INFO  segmented.SegmentedRaftLogWorker (SegmentedRaftLogWorker.java:lambda$new$0(134)) - af396eb3-dbe1-4cff-9ccf-d69285efe845@group-FDFF7FF3AA0E-SegmentedRaftLogWorker: safeCacheEvictIndex: setUnconditionally 0 -> -1
2024-04-24 06:58:54,082 [c635de7f-7955-4843-9021-ff51e3697f04-groupManagement] INFO  util.AwaitToRun (AwaitToRun.java:start(81)) - Thread[c635de7f-7955-4843-9021-ff51e3697f04@group-FDFF7FF3AA0E-cacheEviction-AwaitToRun,5,main] started
2024-04-24 06:58:54,082 [c635de7f-7955-4843-9021-ff51e3697f04-groupManagement] INFO  segmented.SegmentedRaftLogWorker (SegmentedRaftLogWorker.java:<init>(182)) - new c635de7f-7955-4843-9021-ff51e3697f04@group-FDFF7FF3AA0E-SegmentedRaftLogWorker for RaftStorageImpl:Storage Directory /home/runner/work/ozone/ozone/hadoop-ozone/integration-test/target/test-dir/MiniOzoneClusterImpl-402bd57a-b865-4622-973c-767f06725353/ozone-meta/datanode-1/ratis/d9392581-a6cd-4348-8125-fdff7ff3aa0e
2024-04-24 06:58:54,082 [c635de7f-7955-4843-9021-ff51e3697f04-groupManagement] INFO  server.RaftServerConfigKeys (ConfUtils.java:logGet(46)) - raft.server.log.queue.byte-limit = 4294967296 (custom)
2024-04-24 06:58:54,082 [c635de7f-7955-4843-9021-ff51e3697f04-groupManagement] INFO  server.RaftServerConfigKeys (ConfUtils.java:logGet(46)) - raft.server.log.queue.element-limit = 1024 (custom)
2024-04-24 06:58:54,082 [c635de7f-7955-4843-9021-ff51e3697f04-groupManagement] INFO  server.RaftServerConfigKeys (ConfUtils.java:logGet(46)) - raft.server.log.segment.size.max = 67108864 (custom)
2024-04-24 06:58:54,083 [c635de7f-7955-4843-9021-ff51e3697f04-groupManagement] INFO  server.RaftServerConfigKeys (ConfUtils.java:logGet(46)) - raft.server.log.preallocated.size = 4194304 (custom)
2024-04-24 06:58:54,083 [c635de7f-7955-4843-9021-ff51e3697f04-groupManagement] INFO  server.RaftServerConfigKeys (ConfUtils.java:logGet(46)) - raft.server.log.force.sync.num = 128 (default)
2024-04-24 06:58:54,083 [c635de7f-7955-4843-9021-ff51e3697f04-groupManagement] INFO  server.RaftServerConfigKeys (ConfUtils.java:logGet(46)) - raft.server.log.statemachine.data.sync = true (default)
2024-04-24 06:58:54,083 [c635de7f-7955-4843-9021-ff51e3697f04-groupManagement] INFO  server.RaftServerConfigKeys (ConfUtils.java:logGet(46)) - raft.server.log.statemachine.data.sync.timeout = 10s (default)
2024-04-24 06:58:54,083 [c635de7f-7955-4843-9021-ff51e3697f04-groupManagement] INFO  server.RaftServerConfigKeys (ConfUtils.java:logGet(46)) - raft.server.log.statemachine.data.sync.timeout.retry = 30 (custom)
2024-04-24 06:58:54,083 [c635de7f-7955-4843-9021-ff51e3697f04-groupManagement] INFO  server.RaftServerConfigKeys (ConfUtils.java:logGet(46)) - raft.server.log.write.buffer.size = 8388616 (custom)
2024-04-24 06:58:54,085 [c635de7f-7955-4843-9021-ff51e3697f04-groupManagement] INFO  server.RaftServerConfigKeys (ConfUtils.java:logGet(46)) - raft.server.log.appender.buffer.byte-limit = 8388608 (custom)
2024-04-24 06:58:54,086 [c635de7f-7955-4843-9021-ff51e3697f04-groupManagement] INFO  server.RaftServerConfigKeys (ConfUtils.java:logGet(46)) - raft.server.log.unsafe-flush.enabled = false (default)
2024-04-24 06:58:54,086 [c635de7f-7955-4843-9021-ff51e3697f04-groupManagement] INFO  server.RaftServerConfigKeys (ConfUtils.java:logGet(46)) - raft.server.log.async-flush.enabled = false (default)
2024-04-24 06:58:54,086 [c635de7f-7955-4843-9021-ff51e3697f04-groupManagement] INFO  server.RaftServerConfigKeys (ConfUtils.java:logGet(46)) - raft.server.log.statemachine.data.caching.enabled = true (custom)
2024-04-24 06:58:54,086 [c635de7f-7955-4843-9021-ff51e3697f04-groupManagement] INFO  segmented.SegmentedRaftLogWorker (SegmentedRaftLogWorker.java:lambda$new$0(134)) - c635de7f-7955-4843-9021-ff51e3697f04@group-FDFF7FF3AA0E-SegmentedRaftLogWorker: flushIndex: setUnconditionally 0 -> -1
2024-04-24 06:58:54,086 [c635de7f-7955-4843-9021-ff51e3697f04-groupManagement] INFO  segmented.SegmentedRaftLogWorker (SegmentedRaftLogWorker.java:lambda$new$0(134)) - c635de7f-7955-4843-9021-ff51e3697f04@group-FDFF7FF3AA0E-SegmentedRaftLogWorker: safeCacheEvictIndex: setUnconditionally 0 -> -1
2024-04-24 06:58:54,094 [af396eb3-dbe1-4cff-9ccf-d69285efe845-groupManagement] INFO  server.RaftServer$Division (RaftServerImpl.java:start(396)) - af396eb3-dbe1-4cff-9ccf-d69285efe845@group-FDFF7FF3AA0E: start as a follower, conf=-1: peers:[c635de7f-7955-4843-9021-ff51e3697f04|127.0.0.1:15014, 356ba7ca-2ac8-4352-a0c1-d7eac5981de9|127.0.0.1:15023, af396eb3-dbe1-4cff-9ccf-d69285efe845|127.0.0.1:15032]|listeners:[], old=null
2024-04-24 06:58:54,095 [af396eb3-dbe1-4cff-9ccf-d69285efe845-groupManagement] INFO  server.RaftServer$Division (RaftServerImpl.java:setRole(383)) - af396eb3-dbe1-4cff-9ccf-d69285efe845@group-FDFF7FF3AA0E: changes role from      null to FOLLOWER at term 0 for startAsFollower
2024-04-24 06:58:54,095 [af396eb3-dbe1-4cff-9ccf-d69285efe845-groupManagement] INFO  impl.RoleInfo (RoleInfo.java:updateAndGet(139)) - af396eb3-dbe1-4cff-9ccf-d69285efe845: start af396eb3-dbe1-4cff-9ccf-d69285efe845@group-FDFF7FF3AA0E-FollowerState
2024-04-24 06:58:54,095 [c635de7f-7955-4843-9021-ff51e3697f04-groupManagement] INFO  server.RaftServer$Division (RaftServerImpl.java:start(396)) - c635de7f-7955-4843-9021-ff51e3697f04@group-FDFF7FF3AA0E: start as a follower, conf=-1: peers:[c635de7f-7955-4843-9021-ff51e3697f04|127.0.0.1:15014, 356ba7ca-2ac8-4352-a0c1-d7eac5981de9|127.0.0.1:15023, af396eb3-dbe1-4cff-9ccf-d69285efe845|127.0.0.1:15032]|listeners:[], old=null
2024-04-24 06:58:54,095 [c635de7f-7955-4843-9021-ff51e3697f04-groupManagement] INFO  server.RaftServer$Division (RaftServerImpl.java:setRole(383)) - c635de7f-7955-4843-9021-ff51e3697f04@group-FDFF7FF3AA0E: changes role from      null to FOLLOWER at term 0 for startAsFollower
2024-04-24 06:58:54,096 [c635de7f-7955-4843-9021-ff51e3697f04-groupManagement] INFO  impl.RoleInfo (RoleInfo.java:updateAndGet(139)) - c635de7f-7955-4843-9021-ff51e3697f04: start c635de7f-7955-4843-9021-ff51e3697f04@group-FDFF7FF3AA0E-FollowerState
2024-04-24 06:58:54,098 [c635de7f-7955-4843-9021-ff51e3697f04-groupManagement] INFO  util.JmxRegister (JmxRegister.java:tryRegister(44)) - Successfully registered JMX Bean with object name Ratis:service=RaftServer,group=group-FDFF7FF3AA0E,id=c635de7f-7955-4843-9021-ff51e3697f04
2024-04-24 06:58:54,098 [c635de7f-7955-4843-9021-ff51e3697f04-groupManagement] INFO  server.RaftServerConfigKeys (ConfUtils.java:logGet(46)) - raft.server.snapshot.trigger-when-stop.enabled = true (default)
2024-04-24 06:58:54,098 [c635de7f-7955-4843-9021-ff51e3697f04-groupManagement] INFO  server.RaftServerConfigKeys (ConfUtils.java:logGet(46)) - raft.server.snapshot.auto.trigger.enabled = true (custom)
2024-04-24 06:58:54,098 [c635de7f-7955-4843-9021-ff51e3697f04-groupManagement] INFO  server.RaftServerConfigKeys (ConfUtils.java:logGet(46)) - raft.server.snapshot.auto.trigger.threshold = 10000 (custom)
2024-04-24 06:58:54,098 [c635de7f-7955-4843-9021-ff51e3697f04-groupManagement] INFO  server.RaftServerConfigKeys (ConfUtils.java:logGet(46)) - raft.server.snapshot.retention.file.num = 5 (custom)
2024-04-24 06:58:54,098 [c635de7f-7955-4843-9021-ff51e3697f04-groupManagement] INFO  server.RaftServerConfigKeys (ConfUtils.java:logGet(46)) - raft.server.log.purge.upto.snapshot.index = false (default)
2024-04-24 06:58:54,099 [c635de7f-7955-4843-9021-ff51e3697f04@group-FDFF7FF3AA0E-FollowerState] INFO  server.RaftServerConfigKeys (ConfUtils.java:logFallback(53)) - raft.server.rpc.first-election.timeout.min = 5s (fallback to raft.server.rpc.timeout.min)
2024-04-24 06:58:54,100 [c635de7f-7955-4843-9021-ff51e3697f04@group-FDFF7FF3AA0E-FollowerState] INFO  server.RaftServerConfigKeys (ConfUtils.java:logFallback(53)) - raft.server.rpc.first-election.timeout.max = 5200ms (fallback to raft.server.rpc.timeout.max)
2024-04-24 06:58:54,100 [af396eb3-dbe1-4cff-9ccf-d69285efe845-groupManagement] INFO  util.JmxRegister (JmxRegister.java:tryRegister(44)) - Successfully registered JMX Bean with object name Ratis:service=RaftServer,group=group-FDFF7FF3AA0E,id=af396eb3-dbe1-4cff-9ccf-d69285efe845
2024-04-24 06:58:54,100 [af396eb3-dbe1-4cff-9ccf-d69285efe845-groupManagement] INFO  server.RaftServerConfigKeys (ConfUtils.java:logGet(46)) - raft.server.snapshot.trigger-when-stop.enabled = true (default)
2024-04-24 06:58:54,101 [af396eb3-dbe1-4cff-9ccf-d69285efe845-groupManagement] INFO  server.RaftServerConfigKeys (ConfUtils.java:logGet(46)) - raft.server.snapshot.auto.trigger.enabled = true (custom)
2024-04-24 06:58:54,101 [af396eb3-dbe1-4cff-9ccf-d69285efe845-groupManagement] INFO  server.RaftServerConfigKeys (ConfUtils.java:logGet(46)) - raft.server.snapshot.auto.trigger.threshold = 10000 (custom)
2024-04-24 06:58:54,101 [af396eb3-dbe1-4cff-9ccf-d69285efe845-groupManagement] INFO  server.RaftServerConfigKeys (ConfUtils.java:logGet(46)) - raft.server.snapshot.retention.file.num = 5 (custom)
2024-04-24 06:58:54,101 [af396eb3-dbe1-4cff-9ccf-d69285efe845-groupManagement] INFO  server.RaftServerConfigKeys (ConfUtils.java:logGet(46)) - raft.server.log.purge.upto.snapshot.index = false (default)
2024-04-24 06:58:54,103 [af396eb3-dbe1-4cff-9ccf-d69285efe845@group-FDFF7FF3AA0E-FollowerState] INFO  server.RaftServerConfigKeys (ConfUtils.java:logFallback(53)) - raft.server.rpc.first-election.timeout.min = 5s (fallback to raft.server.rpc.timeout.min)
2024-04-24 06:58:54,103 [af396eb3-dbe1-4cff-9ccf-d69285efe845@group-FDFF7FF3AA0E-FollowerState] INFO  server.RaftServerConfigKeys (ConfUtils.java:logFallback(53)) - raft.server.rpc.first-election.timeout.max = 5200ms (fallback to raft.server.rpc.timeout.max)
2024-04-24 06:58:54,105 [af396eb3-dbe1-4cff-9ccf-d69285efe845-PipelineCommandHandlerThread-0] INFO  ratis.XceiverServerRatis (XceiverServerRatis.java:addGroup(864)) - Created group PipelineID=d9392581-a6cd-4348-8125-fdff7ff3aa0e
2024-04-24 06:58:54,112 [c635de7f-7955-4843-9021-ff51e3697f04-PipelineCommandHandlerThread-0] INFO  ratis.XceiverServerRatis (XceiverServerRatis.java:addGroup(864)) - Created group PipelineID=d9392581-a6cd-4348-8125-fdff7ff3aa0e
2024-04-24 06:58:54,130 [356ba7ca-2ac8-4352-a0c1-d7eac5981de9-PipelineCommandHandlerThread-0] INFO  commandhandler.CreatePipelineCommandHandler (CreatePipelineCommandHandler.java:lambda$handle$2(124)) - Created Pipeline RATIS THREE PipelineID=d9392581-a6cd-4348-8125-fdff7ff3aa0e.
2024-04-24 06:58:54,151 [af396eb3-dbe1-4cff-9ccf-d69285efe845-PipelineCommandHandlerThread-0] INFO  commandhandler.CreatePipelineCommandHandler (CreatePipelineCommandHandler.java:lambda$handle$2(124)) - Created Pipeline RATIS THREE PipelineID=d9392581-a6cd-4348-8125-fdff7ff3aa0e.
2024-04-24 06:58:54,152 [c635de7f-7955-4843-9021-ff51e3697f04-PipelineCommandHandlerThread-0] INFO  commandhandler.CreatePipelineCommandHandler (CreatePipelineCommandHandler.java:lambda$handle$2(124)) - Created Pipeline RATIS THREE PipelineID=d9392581-a6cd-4348-8125-fdff7ff3aa0e.
2024-04-24 06:58:54,717 [main] INFO  ozone.MiniOzoneClusterImpl (MiniOzoneClusterImpl.java:lambda$waitForClusterToBeReady$0(194)) - Nodes are ready. Got 3 of 3 DN Heartbeats.
2024-04-24 06:58:54,717 [main] INFO  ozone.MiniOzoneClusterImpl (MiniOzoneClusterImpl.java:lambda$waitForClusterToBeReady$0(197)) - Waiting for cluster to exit safe mode
2024-04-24 06:58:54,717 [main] INFO  ozone.MiniOzoneClusterImpl (MiniOzoneClusterImpl.java:lambda$waitForClusterToBeReady$0(199)) - SCM became leader
2024-04-24 06:58:55,718 [main] INFO  ozone.MiniOzoneClusterImpl (MiniOzoneClusterImpl.java:lambda$waitForClusterToBeReady$0(194)) - Nodes are ready. Got 3 of 3 DN Heartbeats.
2024-04-24 06:58:55,718 [main] INFO  ozone.MiniOzoneClusterImpl (MiniOzoneClusterImpl.java:lambda$waitForClusterToBeReady$0(197)) - Waiting for cluster to exit safe mode
2024-04-24 06:58:55,718 [main] INFO  ozone.MiniOzoneClusterImpl (MiniOzoneClusterImpl.java:lambda$waitForClusterToBeReady$0(199)) - SCM became leader
2024-04-24 06:58:56,718 [main] INFO  ozone.MiniOzoneClusterImpl (MiniOzoneClusterImpl.java:lambda$waitForClusterToBeReady$0(194)) - Nodes are ready. Got 3 of 3 DN Heartbeats.
2024-04-24 06:58:56,719 [main] INFO  ozone.MiniOzoneClusterImpl (MiniOzoneClusterImpl.java:lambda$waitForClusterToBeReady$0(197)) - Waiting for cluster to exit safe mode
2024-04-24 06:58:56,719 [main] INFO  ozone.MiniOzoneClusterImpl (MiniOzoneClusterImpl.java:lambda$waitForClusterToBeReady$0(199)) - SCM became leader
2024-04-24 06:58:57,719 [main] INFO  ozone.MiniOzoneClusterImpl (MiniOzoneClusterImpl.java:lambda$waitForClusterToBeReady$0(194)) - Nodes are ready. Got 3 of 3 DN Heartbeats.
2024-04-24 06:58:57,719 [main] INFO  ozone.MiniOzoneClusterImpl (MiniOzoneClusterImpl.java:lambda$waitForClusterToBeReady$0(197)) - Waiting for cluster to exit safe mode
2024-04-24 06:58:57,720 [main] INFO  ozone.MiniOzoneClusterImpl (MiniOzoneClusterImpl.java:lambda$waitForClusterToBeReady$0(199)) - SCM became leader
2024-04-24 06:58:58,552 [c635de7f-7955-4843-9021-ff51e3697f04@group-75CBC85C592E-FollowerState] INFO  impl.FollowerState (FollowerState.java:run(143)) - c635de7f-7955-4843-9021-ff51e3697f04@group-75CBC85C592E-FollowerState: change to CANDIDATE, lastRpcElapsedTime:5003282908ns, electionTimeout:5001ms
2024-04-24 06:58:58,552 [c635de7f-7955-4843-9021-ff51e3697f04@group-75CBC85C592E-FollowerState] INFO  impl.RoleInfo (RoleInfo.java:shutdownFollowerState(110)) - c635de7f-7955-4843-9021-ff51e3697f04: shutdown c635de7f-7955-4843-9021-ff51e3697f04@group-75CBC85C592E-FollowerState
2024-04-24 06:58:58,552 [c635de7f-7955-4843-9021-ff51e3697f04@group-75CBC85C592E-FollowerState] INFO  server.RaftServer$Division (RaftServerImpl.java:setRole(383)) - c635de7f-7955-4843-9021-ff51e3697f04@group-75CBC85C592E: changes role from  FOLLOWER to CANDIDATE at term 0 for changeToCandidate
2024-04-24 06:58:58,552 [c635de7f-7955-4843-9021-ff51e3697f04@group-75CBC85C592E-FollowerState] INFO  server.RaftServerConfigKeys (ConfUtils.java:logGet(46)) - raft.server.leaderelection.pre-vote = true (default)
2024-04-24 06:58:58,553 [c635de7f-7955-4843-9021-ff51e3697f04@group-75CBC85C592E-FollowerState] INFO  impl.RoleInfo (RoleInfo.java:updateAndGet(139)) - c635de7f-7955-4843-9021-ff51e3697f04: start c635de7f-7955-4843-9021-ff51e3697f04@group-75CBC85C592E-LeaderElection2
2024-04-24 06:58:58,553 [c635de7f-7955-4843-9021-ff51e3697f04@group-75CBC85C592E-LeaderElection2] INFO  impl.LeaderElection (LeaderElection.java:askForVotes(321)) - c635de7f-7955-4843-9021-ff51e3697f04@group-75CBC85C592E-LeaderElection2 PRE_VOTE round 0: submit vote requests at term 0 for -1: peers:[c635de7f-7955-4843-9021-ff51e3697f04|127.0.0.1:15014, 356ba7ca-2ac8-4352-a0c1-d7eac5981de9|127.0.0.1:15023, af396eb3-dbe1-4cff-9ccf-d69285efe845|127.0.0.1:15032]|listeners:[], old=null
2024-04-24 06:58:58,554 [c635de7f-7955-4843-9021-ff51e3697f04@group-75741BDA0535-FollowerState] INFO  impl.FollowerState (FollowerState.java:run(143)) - c635de7f-7955-4843-9021-ff51e3697f04@group-75741BDA0535-FollowerState: change to CANDIDATE, lastRpcElapsedTime:5043890125ns, electionTimeout:5041ms
2024-04-24 06:58:58,554 [c635de7f-7955-4843-9021-ff51e3697f04@group-75741BDA0535-FollowerState] INFO  impl.RoleInfo (RoleInfo.java:shutdownFollowerState(110)) - c635de7f-7955-4843-9021-ff51e3697f04: shutdown c635de7f-7955-4843-9021-ff51e3697f04@group-75741BDA0535-FollowerState
2024-04-24 06:58:58,554 [c635de7f-7955-4843-9021-ff51e3697f04@group-75741BDA0535-FollowerState] INFO  server.RaftServer$Division (RaftServerImpl.java:setRole(383)) - c635de7f-7955-4843-9021-ff51e3697f04@group-75741BDA0535: changes role from  FOLLOWER to CANDIDATE at term 0 for changeToCandidate
2024-04-24 06:58:58,554 [c635de7f-7955-4843-9021-ff51e3697f04@group-75741BDA0535-FollowerState] INFO  server.RaftServerConfigKeys (ConfUtils.java:logGet(46)) - raft.server.leaderelection.pre-vote = true (default)
2024-04-24 06:58:58,554 [c635de7f-7955-4843-9021-ff51e3697f04@group-75741BDA0535-FollowerState] INFO  impl.RoleInfo (RoleInfo.java:updateAndGet(139)) - c635de7f-7955-4843-9021-ff51e3697f04: start c635de7f-7955-4843-9021-ff51e3697f04@group-75741BDA0535-LeaderElection3
2024-04-24 06:58:58,554 [c635de7f-7955-4843-9021-ff51e3697f04@group-75741BDA0535-LeaderElection3] INFO  impl.LeaderElection (LeaderElection.java:askForVotes(321)) - c635de7f-7955-4843-9021-ff51e3697f04@group-75741BDA0535-LeaderElection3 PRE_VOTE round 0: submit vote requests at term 0 for -1: peers:[c635de7f-7955-4843-9021-ff51e3697f04|127.0.0.1:15014]|listeners:[], old=null
2024-04-24 06:58:58,554 [c635de7f-7955-4843-9021-ff51e3697f04@group-75741BDA0535-LeaderElection3] INFO  impl.LeaderElection (LeaderElection.java:askForVotes(323)) - c635de7f-7955-4843-9021-ff51e3697f04@group-75741BDA0535-LeaderElection3 PRE_VOTE round 0: result PASSED (term=0)
2024-04-24 06:58:58,556 [c635de7f-7955-4843-9021-ff51e3697f04@group-75741BDA0535-LeaderElection3] INFO  impl.LeaderElection (LeaderElection.java:askForVotes(321)) - c635de7f-7955-4843-9021-ff51e3697f04@group-75741BDA0535-LeaderElection3 ELECTION round 0: submit vote requests at term 1 for -1: peers:[c635de7f-7955-4843-9021-ff51e3697f04|127.0.0.1:15014]|listeners:[], old=null
2024-04-24 06:58:58,556 [c635de7f-7955-4843-9021-ff51e3697f04@group-75741BDA0535-LeaderElection3] INFO  impl.LeaderElection (LeaderElection.java:askForVotes(323)) - c635de7f-7955-4843-9021-ff51e3697f04@group-75741BDA0535-LeaderElection3 ELECTION round 0: result PASSED (term=1)
2024-04-24 06:58:58,556 [c635de7f-7955-4843-9021-ff51e3697f04@group-75741BDA0535-LeaderElection3] INFO  impl.RoleInfo (RoleInfo.java:shutdownLeaderElection(130)) - c635de7f-7955-4843-9021-ff51e3697f04: shutdown c635de7f-7955-4843-9021-ff51e3697f04@group-75741BDA0535-LeaderElection3
2024-04-24 06:58:58,557 [c635de7f-7955-4843-9021-ff51e3697f04@group-75741BDA0535-LeaderElection3] INFO  server.RaftServer$Division (RaftServerImpl.java:setRole(383)) - c635de7f-7955-4843-9021-ff51e3697f04@group-75741BDA0535: changes role from CANDIDATE to LEADER at term 1 for changeToLeader
2024-04-24 06:58:58,557 [c635de7f-7955-4843-9021-ff51e3697f04@group-75741BDA0535-LeaderElection3] INFO  server.RaftServerConfigKeys (ConfUtils.java:logGet(46)) - raft.server.staging.catchup.gap = 1000 (default)
2024-04-24 06:58:58,557 [c635de7f-7955-4843-9021-ff51e3697f04@group-75741BDA0535-LeaderElection3] INFO  server.RaftServerConfigKeys (ConfUtils.java:logGet(46)) - raft.server.write.element-limit = 1024 (custom)
2024-04-24 06:58:58,557 [c635de7f-7955-4843-9021-ff51e3697f04@group-75741BDA0535-LeaderElection3] INFO  server.RaftServerConfigKeys (ConfUtils.java:logGet(46)) - raft.server.write.byte-limit = 1024 M (=1073741824) (custom)
2024-04-24 06:58:58,558 [c635de7f-7955-4843-9021-ff51e3697f04@group-75CBC85C592E-LeaderElection2] INFO  server.RaftServerConfigKeys (ConfUtils.java:logFallback(53)) - raft.server.rpc.first-election.timeout.min = 5s (fallback to raft.server.rpc.timeout.min)
2024-04-24 06:58:58,558 [c635de7f-7955-4843-9021-ff51e3697f04@group-75CBC85C592E-LeaderElection2] INFO  server.RaftServerConfigKeys (ConfUtils.java:logFallback(53)) - raft.server.rpc.first-election.timeout.max = 5200ms (fallback to raft.server.rpc.timeout.max)
2024-04-24 06:58:58,557 [c635de7f-7955-4843-9021-ff51e3697f04@group-75CBC85C592E-LeaderElection2-1] INFO  server.GrpcServerProtocolClient (GrpcServerProtocolClient.java:<init>(65)) - Build channel for 356ba7ca-2ac8-4352-a0c1-d7eac5981de9|127.0.0.1:15023
2024-04-24 06:58:58,559 [c635de7f-7955-4843-9021-ff51e3697f04@group-75CBC85C592E-LeaderElection2-2] INFO  server.GrpcServerProtocolClient (GrpcServerProtocolClient.java:<init>(65)) - Build channel for af396eb3-dbe1-4cff-9ccf-d69285efe845|127.0.0.1:15032
2024-04-24 06:58:58,562 [c635de7f-7955-4843-9021-ff51e3697f04@group-75741BDA0535-LeaderElection3] INFO  server.RaftServerConfigKeys (ConfUtils.java:logGet(46)) - raft.server.watch.timeout = 180s (custom)
2024-04-24 06:58:58,562 [c635de7f-7955-4843-9021-ff51e3697f04@group-75741BDA0535-LeaderElection3] INFO  server.RaftServerConfigKeys (ConfUtils.java:logGet(46)) - raft.server.watch.timeout.denomination = 1s (default)
2024-04-24 06:58:58,563 [c635de7f-7955-4843-9021-ff51e3697f04@group-75741BDA0535-LeaderElection3] INFO  server.RaftServerConfigKeys (ConfUtils.java:logGet(46)) - raft.server.watch.element-limit = 65536 (default)
2024-04-24 06:58:58,563 [c635de7f-7955-4843-9021-ff51e3697f04@group-75741BDA0535-LeaderElection3] INFO  server.RaftServerConfigKeys (ConfUtils.java:logGet(46)) - raft.server.read.leader.lease.enabled = false (default)
2024-04-24 06:58:58,563 [c635de7f-7955-4843-9021-ff51e3697f04@group-75741BDA0535-LeaderElection3] INFO  server.RaftServerConfigKeys (ConfUtils.java:logGet(46)) - raft.server.read.leader.lease.timeout.ratio = 0.9 (default)
2024-04-24 06:58:58,563 [c635de7f-7955-4843-9021-ff51e3697f04@group-75741BDA0535-LeaderElection3] INFO  server.RaftServerConfigKeys (ConfUtils.java:logGet(46)) - raft.server.rpc.timeout.min = 5s (custom)
2024-04-24 06:58:58,563 [c635de7f-7955-4843-9021-ff51e3697f04@group-75741BDA0535-LeaderElection3] INFO  server.RaftServerConfigKeys (ConfUtils.java:logGet(46)) - raft.server.write.element-limit = 1024 (custom)
2024-04-24 06:58:58,563 [c635de7f-7955-4843-9021-ff51e3697f04@group-75741BDA0535-LeaderElection3] INFO  server.RaftServerConfigKeys (ConfUtils.java:logGet(46)) - raft.server.write.follower.gap.ratio.max = -1.0 (default)
2024-04-24 06:58:58,564 [c635de7f-7955-4843-9021-ff51e3697f04@group-75741BDA0535-LeaderElection3] INFO  impl.RoleInfo (RoleInfo.java:updateAndGet(139)) - c635de7f-7955-4843-9021-ff51e3697f04: start c635de7f-7955-4843-9021-ff51e3697f04@group-75741BDA0535-LeaderStateImpl
2024-04-24 06:58:58,564 [c635de7f-7955-4843-9021-ff51e3697f04@group-75741BDA0535-LeaderElection3] INFO  server.RaftServer$Division (RaftServerImpl.java:setFirstElection(574)) - c635de7f-7955-4843-9021-ff51e3697f04@group-75741BDA0535: set firstElectionSinceStartup to false for becomeLeader
2024-04-24 06:58:58,564 [c635de7f-7955-4843-9021-ff51e3697f04@group-75741BDA0535-LeaderElection3] INFO  ratis.XceiverServerRatis (XceiverServerRatis.java:handleLeaderChangedNotification(966)) - Leader change notification received for group: group-75741BDA0535 with new leaderId: c635de7f-7955-4843-9021-ff51e3697f04
2024-04-24 06:58:58,565 [c635de7f-7955-4843-9021-ff51e3697f04@group-75741BDA0535-LeaderElection3] INFO  server.RaftServer$Division (ServerState.java:setLeader(269)) - c635de7f-7955-4843-9021-ff51e3697f04@group-75741BDA0535: change Leader from null to c635de7f-7955-4843-9021-ff51e3697f04 at term 1 for becomeLeader, leader elected after 5087ms
2024-04-24 06:58:58,566 [c635de7f-7955-4843-9021-ff51e3697f04@group-75741BDA0535-LeaderElection3] INFO  segmented.SegmentedRaftLogWorker (SegmentedRaftLogWorker.java:startLogSegment(430)) - c635de7f-7955-4843-9021-ff51e3697f04@group-75741BDA0535-SegmentedRaftLogWorker: Starting segment from index:0
2024-04-24 06:58:58,567 [c635de7f-7955-4843-9021-ff51e3697f04@group-75741BDA0535-SegmentedRaftLogWorker] INFO  segmented.BufferedWriteChannel (BufferedWriteChannel.java:open(62)) - open log_inprogress_0 at position 0
2024-04-24 06:58:58,567 [EventQueue-OpenPipelineForHealthyPipelineSafeModeRule] INFO  safemode.SCMSafeModeManager (HealthyPipelineSafeModeRule.java:process(140)) - SCM in safe mode. Healthy pipelines reported count is 0, required healthy pipeline reported count is 1
2024-04-24 06:58:58,571 [grpc-default-executor-0] INFO  server.RaftServer$Division (RaftServerImpl.java:requestVote(1389)) - 356ba7ca-2ac8-4352-a0c1-d7eac5981de9@group-75CBC85C592E: receive requestVote(PRE_VOTE, c635de7f-7955-4843-9021-ff51e3697f04, group-75CBC85C592E, 0, (t:0, i:0))
2024-04-24 06:58:58,573 [c635de7f-7955-4843-9021-ff51e3697f04@group-75741BDA0535-LeaderElection3] INFO  server.RaftServer$Division (ServerState.java:setRaftConf(386)) - c635de7f-7955-4843-9021-ff51e3697f04@group-75741BDA0535: set configuration 0: peers:[c635de7f-7955-4843-9021-ff51e3697f04|127.0.0.1:15014]|listeners:[], old=null
2024-04-24 06:58:58,573 [grpc-default-executor-0] INFO  impl.VoteContext (VoteContext.java:log(49)) - 356ba7ca-2ac8-4352-a0c1-d7eac5981de9@group-75CBC85C592E-FOLLOWER: reject PRE_VOTE from c635de7f-7955-4843-9021-ff51e3697f04: our priority 1 > candidate's priority 0
2024-04-24 06:58:58,577 [c635de7f-7955-4843-9021-ff51e3697f04@group-75741BDA0535-SegmentedRaftLogWorker] INFO  segmented.SegmentedRaftLogWorker (SegmentedRaftLogWorker.java:execute(634)) - c635de7f-7955-4843-9021-ff51e3697f04@group-75741BDA0535-SegmentedRaftLogWorker: created new log segment /home/runner/work/ozone/ozone/hadoop-ozone/integration-test/target/test-dir/MiniOzoneClusterImpl-402bd57a-b865-4622-973c-767f06725353/ozone-meta/datanode-1/ratis/10b15f27-9e1c-469f-868d-75741bda0535/current/log_inprogress_0
2024-04-24 06:58:58,577 [grpc-default-executor-0] INFO  server.RaftServer$Division (RaftServerImpl.java:requestVote(1422)) - 356ba7ca-2ac8-4352-a0c1-d7eac5981de9@group-75CBC85C592E replies to PRE_VOTE vote request: c635de7f-7955-4843-9021-ff51e3697f04<-356ba7ca-2ac8-4352-a0c1-d7eac5981de9#0:FAIL-t0. Peer's state: 356ba7ca-2ac8-4352-a0c1-d7eac5981de9@group-75CBC85C592E:t0, leader=null, voted=, raftlog=Memoized:356ba7ca-2ac8-4352-a0c1-d7eac5981de9@group-75CBC85C592E-SegmentedRaftLog:OPENED:c-1, conf=-1: peers:[c635de7f-7955-4843-9021-ff51e3697f04|127.0.0.1:15014, 356ba7ca-2ac8-4352-a0c1-d7eac5981de9|127.0.0.1:15023, af396eb3-dbe1-4cff-9ccf-d69285efe845|127.0.0.1:15032]|listeners:[], old=null
2024-04-24 06:58:58,581 [grpc-default-executor-2] INFO  server.RaftServer$Division (RaftServerImpl.java:requestVote(1389)) - af396eb3-dbe1-4cff-9ccf-d69285efe845@group-75CBC85C592E: receive requestVote(PRE_VOTE, c635de7f-7955-4843-9021-ff51e3697f04, group-75CBC85C592E, 0, (t:0, i:0))
2024-04-24 06:58:58,582 [grpc-default-executor-2] INFO  impl.VoteContext (VoteContext.java:log(49)) - af396eb3-dbe1-4cff-9ccf-d69285efe845@group-75CBC85C592E-FOLLOWER: accept PRE_VOTE from c635de7f-7955-4843-9021-ff51e3697f04: our priority 0 <= candidate's priority 0
2024-04-24 06:58:58,584 [grpc-default-executor-2] INFO  server.RaftServer$Division (RaftServerImpl.java:requestVote(1422)) - af396eb3-dbe1-4cff-9ccf-d69285efe845@group-75CBC85C592E replies to PRE_VOTE vote request: c635de7f-7955-4843-9021-ff51e3697f04<-af396eb3-dbe1-4cff-9ccf-d69285efe845#0:OK-t0. Peer's state: af396eb3-dbe1-4cff-9ccf-d69285efe845@group-75CBC85C592E:t0, leader=null, voted=, raftlog=Memoized:af396eb3-dbe1-4cff-9ccf-d69285efe845@group-75CBC85C592E-SegmentedRaftLog:OPENED:c-1, conf=-1: peers:[c635de7f-7955-4843-9021-ff51e3697f04|127.0.0.1:15014, 356ba7ca-2ac8-4352-a0c1-d7eac5981de9|127.0.0.1:15023, af396eb3-dbe1-4cff-9ccf-d69285efe845|127.0.0.1:15032]|listeners:[], old=null
2024-04-24 06:58:58,587 [c635de7f-7955-4843-9021-ff51e3697f04@group-75CBC85C592E-LeaderElection2] INFO  impl.LeaderElection (LeaderElection.java:logAndReturn(89)) - c635de7f-7955-4843-9021-ff51e3697f04@group-75CBC85C592E-LeaderElection2: PRE_VOTE REJECTED received 2 response(s) and 0 exception(s):
2024-04-24 06:58:58,587 [c635de7f-7955-4843-9021-ff51e3697f04@group-75CBC85C592E-LeaderElection2] INFO  impl.LeaderElection (LeaderElection.java:logAndReturn(93)) -   Response 0: c635de7f-7955-4843-9021-ff51e3697f04<-356ba7ca-2ac8-4352-a0c1-d7eac5981de9#0:FAIL-t0
2024-04-24 06:58:58,587 [c635de7f-7955-4843-9021-ff51e3697f04@group-75CBC85C592E-LeaderElection2] INFO  impl.LeaderElection (LeaderElection.java:logAndReturn(93)) -   Response 1: c635de7f-7955-4843-9021-ff51e3697f04<-af396eb3-dbe1-4cff-9ccf-d69285efe845#0:OK-t0
2024-04-24 06:58:58,588 [c635de7f-7955-4843-9021-ff51e3697f04@group-75CBC85C592E-LeaderElection2] INFO  impl.LeaderElection (LeaderElection.java:askForVotes(323)) - c635de7f-7955-4843-9021-ff51e3697f04@group-75CBC85C592E-LeaderElection2 PRE_VOTE round 0: result REJECTED
2024-04-24 06:58:58,588 [c635de7f-7955-4843-9021-ff51e3697f04@group-75CBC85C592E-LeaderElection2] INFO  server.RaftServer$Division (RaftServerImpl.java:setRole(383)) - c635de7f-7955-4843-9021-ff51e3697f04@group-75CBC85C592E: changes role from CANDIDATE to FOLLOWER at term 0 for REJECTED
2024-04-24 06:58:58,588 [c635de7f-7955-4843-9021-ff51e3697f04@group-75CBC85C592E-LeaderElection2] INFO  impl.RoleInfo (RoleInfo.java:shutdownLeaderElection(130)) - c635de7f-7955-4843-9021-ff51e3697f04: shutdown c635de7f-7955-4843-9021-ff51e3697f04@group-75CBC85C592E-LeaderElection2
2024-04-24 06:58:58,588 [c635de7f-7955-4843-9021-ff51e3697f04@group-75CBC85C592E-LeaderElection2] INFO  impl.RoleInfo (RoleInfo.java:updateAndGet(139)) - c635de7f-7955-4843-9021-ff51e3697f04: start c635de7f-7955-4843-9021-ff51e3697f04@group-75CBC85C592E-FollowerState
2024-04-24 06:58:58,588 [c635de7f-7955-4843-9021-ff51e3697f04@group-75741BDA0535-StateMachineUpdater] INFO  server.RaftServer$Division (LeaderStateImpl.java:isApplied(320)) - leader is ready since appliedIndex == 0 >= startIndex == 0
2024-04-24 06:58:58,591 [c635de7f-7955-4843-9021-ff51e3697f04@group-75CBC85C592E-LeaderElection2] INFO  server.RaftServer$Division (RaftServerImpl.java:setFirstElection(574)) - c635de7f-7955-4843-9021-ff51e3697f04@group-75CBC85C592E: set firstElectionSinceStartup to false for REJECTED
2024-04-24 06:58:58,720 [main] INFO  ozone.MiniOzoneClusterImpl (MiniOzoneClusterImpl.java:lambda$waitForClusterToBeReady$0(194)) - Nodes are ready. Got 3 of 3 DN Heartbeats.
2024-04-24 06:58:58,720 [main] INFO  ozone.MiniOzoneClusterImpl (MiniOzoneClusterImpl.java:lambda$waitForClusterToBeReady$0(197)) - Waiting for cluster to exit safe mode
2024-04-24 06:58:58,720 [main] INFO  ozone.MiniOzoneClusterImpl (MiniOzoneClusterImpl.java:lambda$waitForClusterToBeReady$0(199)) - SCM became leader
2024-04-24 06:58:58,723 [356ba7ca-2ac8-4352-a0c1-d7eac5981de9@group-75CBC85C592E-FollowerState] INFO  impl.FollowerState (FollowerState.java:run(143)) - 356ba7ca-2ac8-4352-a0c1-d7eac5981de9@group-75CBC85C592E-FollowerState: change to CANDIDATE, lastRpcElapsedTime:5023530485ns, electionTimeout:5009ms
2024-04-24 06:58:58,723 [356ba7ca-2ac8-4352-a0c1-d7eac5981de9@group-75CBC85C592E-FollowerState] INFO  impl.RoleInfo (RoleInfo.java:shutdownFollowerState(110)) - 356ba7ca-2ac8-4352-a0c1-d7eac5981de9: shutdown 356ba7ca-2ac8-4352-a0c1-d7eac5981de9@group-75CBC85C592E-FollowerState
2024-04-24 06:58:58,724 [356ba7ca-2ac8-4352-a0c1-d7eac5981de9@group-75CBC85C592E-FollowerState] INFO  server.RaftServer$Division (RaftServerImpl.java:setRole(383)) - 356ba7ca-2ac8-4352-a0c1-d7eac5981de9@group-75CBC85C592E: changes role from  FOLLOWER to CANDIDATE at term 0 for changeToCandidate
2024-04-24 06:58:58,724 [356ba7ca-2ac8-4352-a0c1-d7eac5981de9@group-75CBC85C592E-FollowerState] INFO  server.RaftServerConfigKeys (ConfUtils.java:logGet(46)) - raft.server.leaderelection.pre-vote = true (default)
2024-04-24 06:58:58,724 [356ba7ca-2ac8-4352-a0c1-d7eac5981de9@group-75CBC85C592E-FollowerState] INFO  impl.RoleInfo (RoleInfo.java:updateAndGet(139)) - 356ba7ca-2ac8-4352-a0c1-d7eac5981de9: start 356ba7ca-2ac8-4352-a0c1-d7eac5981de9@group-75CBC85C592E-LeaderElection4
2024-04-24 06:58:58,724 [356ba7ca-2ac8-4352-a0c1-d7eac5981de9@group-75CBC85C592E-LeaderElection4] INFO  impl.LeaderElection (LeaderElection.java:askForVotes(321)) - 356ba7ca-2ac8-4352-a0c1-d7eac5981de9@group-75CBC85C592E-LeaderElection4 PRE_VOTE round 0: submit vote requests at term 0 for -1: peers:[c635de7f-7955-4843-9021-ff51e3697f04|127.0.0.1:15014, 356ba7ca-2ac8-4352-a0c1-d7eac5981de9|127.0.0.1:15023, af396eb3-dbe1-4cff-9ccf-d69285efe845|127.0.0.1:15032]|listeners:[], old=null
2024-04-24 06:58:58,725 [356ba7ca-2ac8-4352-a0c1-d7eac5981de9@group-75CBC85C592E-LeaderElection4-1] INFO  server.GrpcServerProtocolClient (GrpcServerProtocolClient.java:<init>(65)) - Build channel for c635de7f-7955-4843-9021-ff51e3697f04|127.0.0.1:15014
2024-04-24 06:58:58,725 [356ba7ca-2ac8-4352-a0c1-d7eac5981de9@group-75CBC85C592E-LeaderElection4] INFO  server.RaftServerConfigKeys (ConfUtils.java:logFallback(53)) - raft.server.rpc.first-election.timeout.min = 5s (fallback to raft.server.rpc.timeout.min)
2024-04-24 06:58:58,726 [356ba7ca-2ac8-4352-a0c1-d7eac5981de9@group-75CBC85C592E-LeaderElection4] INFO  server.RaftServerConfigKeys (ConfUtils.java:logFallback(53)) - raft.server.rpc.first-election.timeout.max = 5200ms (fallback to raft.server.rpc.timeout.max)
2024-04-24 06:58:58,725 [356ba7ca-2ac8-4352-a0c1-d7eac5981de9@group-75CBC85C592E-LeaderElection4-2] INFO  server.GrpcServerProtocolClient (GrpcServerProtocolClient.java:<init>(65)) - Build channel for af396eb3-dbe1-4cff-9ccf-d69285efe845|127.0.0.1:15032
2024-04-24 06:58:58,733 [grpc-default-executor-0] INFO  server.RaftServer$Division (RaftServerImpl.java:requestVote(1389)) - c635de7f-7955-4843-9021-ff51e3697f04@group-75CBC85C592E: receive requestVote(PRE_VOTE, 356ba7ca-2ac8-4352-a0c1-d7eac5981de9, group-75CBC85C592E, 0, (t:0, i:0))
2024-04-24 06:58:58,734 [grpc-default-executor-2] INFO  server.RaftServer$Division (RaftServerImpl.java:requestVote(1389)) - af396eb3-dbe1-4cff-9ccf-d69285efe845@group-75CBC85C592E: receive requestVote(PRE_VOTE, 356ba7ca-2ac8-4352-a0c1-d7eac5981de9, group-75CBC85C592E, 0, (t:0, i:0))
2024-04-24 06:58:58,734 [grpc-default-executor-2] INFO  impl.VoteContext (VoteContext.java:log(49)) - af396eb3-dbe1-4cff-9ccf-d69285efe845@group-75CBC85C592E-FOLLOWER: accept PRE_VOTE from 356ba7ca-2ac8-4352-a0c1-d7eac5981de9: our priority 0 <= candidate's priority 1
2024-04-24 06:58:58,734 [grpc-default-executor-2] INFO  server.RaftServer$Division (RaftServerImpl.java:requestVote(1422)) - af396eb3-dbe1-4cff-9ccf-d69285efe845@group-75CBC85C592E replies to PRE_VOTE vote request: 356ba7ca-2ac8-4352-a0c1-d7eac5981de9<-af396eb3-dbe1-4cff-9ccf-d69285efe845#0:OK-t0. Peer's state: af396eb3-dbe1-4cff-9ccf-d69285efe845@group-75CBC85C592E:t0, leader=null, voted=, raftlog=Memoized:af396eb3-dbe1-4cff-9ccf-d69285efe845@group-75CBC85C592E-SegmentedRaftLog:OPENED:c-1, conf=-1: peers:[c635de7f-7955-4843-9021-ff51e3697f04|127.0.0.1:15014, 356ba7ca-2ac8-4352-a0c1-d7eac5981de9|127.0.0.1:15023, af396eb3-dbe1-4cff-9ccf-d69285efe845|127.0.0.1:15032]|listeners:[], old=null
2024-04-24 06:58:58,734 [grpc-default-executor-0] INFO  impl.VoteContext (VoteContext.java:log(49)) - c635de7f-7955-4843-9021-ff51e3697f04@group-75CBC85C592E-FOLLOWER: accept PRE_VOTE from 356ba7ca-2ac8-4352-a0c1-d7eac5981de9: our priority 0 <= candidate's priority 1
2024-04-24 06:58:58,735 [grpc-default-executor-0] INFO  server.RaftServer$Division (RaftServerImpl.java:requestVote(1422)) - c635de7f-7955-4843-9021-ff51e3697f04@group-75CBC85C592E replies to PRE_VOTE vote request: 356ba7ca-2ac8-4352-a0c1-d7eac5981de9<-c635de7f-7955-4843-9021-ff51e3697f04#0:OK-t0. Peer's state: c635de7f-7955-4843-9021-ff51e3697f04@group-75CBC85C592E:t0, leader=null, voted=, raftlog=Memoized:c635de7f-7955-4843-9021-ff51e3697f04@group-75CBC85C592E-SegmentedRaftLog:OPENED:c-1, conf=-1: peers:[c635de7f-7955-4843-9021-ff51e3697f04|127.0.0.1:15014, 356ba7ca-2ac8-4352-a0c1-d7eac5981de9|127.0.0.1:15023, af396eb3-dbe1-4cff-9ccf-d69285efe845|127.0.0.1:15032]|listeners:[], old=null
2024-04-24 06:58:58,738 [356ba7ca-2ac8-4352-a0c1-d7eac5981de9@group-75CBC85C592E-LeaderElection4] INFO  impl.LeaderElection (LeaderElection.java:logAndReturn(89)) - 356ba7ca-2ac8-4352-a0c1-d7eac5981de9@group-75CBC85C592E-LeaderElection4: PRE_VOTE PASSED received 1 response(s) and 0 exception(s):
2024-04-24 06:58:58,738 [356ba7ca-2ac8-4352-a0c1-d7eac5981de9@group-75CBC85C592E-LeaderElection4] INFO  impl.LeaderElection (LeaderElection.java:logAndReturn(93)) -   Response 0: 356ba7ca-2ac8-4352-a0c1-d7eac5981de9<-af396eb3-dbe1-4cff-9ccf-d69285efe845#0:OK-t0
2024-04-24 06:58:58,738 [356ba7ca-2ac8-4352-a0c1-d7eac5981de9@group-75CBC85C592E-LeaderElection4] INFO  impl.LeaderElection (LeaderElection.java:askForVotes(323)) - 356ba7ca-2ac8-4352-a0c1-d7eac5981de9@group-75CBC85C592E-LeaderElection4 PRE_VOTE round 0: result PASSED
2024-04-24 06:58:58,740 [356ba7ca-2ac8-4352-a0c1-d7eac5981de9@group-75CBC85C592E-LeaderElection4] INFO  impl.LeaderElection (LeaderElection.java:askForVotes(321)) - 356ba7ca-2ac8-4352-a0c1-d7eac5981de9@group-75CBC85C592E-LeaderElection4 ELECTION round 0: submit vote requests at term 1 for -1: peers:[c635de7f-7955-4843-9021-ff51e3697f04|127.0.0.1:15014, 356ba7ca-2ac8-4352-a0c1-d7eac5981de9|127.0.0.1:15023, af396eb3-dbe1-4cff-9ccf-d69285efe845|127.0.0.1:15032]|listeners:[], old=null
2024-04-24 06:58:58,741 [356ba7ca-2ac8-4352-a0c1-d7eac5981de9@group-75CBC85C592E-LeaderElection4] INFO  server.RaftServerConfigKeys (ConfUtils.java:logFallback(53)) - raft.server.rpc.first-election.timeout.min = 5s (fallback to raft.server.rpc.timeout.min)
2024-04-24 06:58:58,741 [356ba7ca-2ac8-4352-a0c1-d7eac5981de9@group-75CBC85C592E-LeaderElection4] INFO  server.RaftServerConfigKeys (ConfUtils.java:logFallback(53)) - raft.server.rpc.first-election.timeout.max = 5200ms (fallback to raft.server.rpc.timeout.max)
2024-04-24 06:58:58,744 [grpc-default-executor-0] INFO  server.RaftServer$Division (RaftServerImpl.java:requestVote(1389)) - c635de7f-7955-4843-9021-ff51e3697f04@group-75CBC85C592E: receive requestVote(ELECTION, 356ba7ca-2ac8-4352-a0c1-d7eac5981de9, group-75CBC85C592E, 1, (t:0, i:0))
2024-04-24 06:58:58,744 [grpc-default-executor-0] INFO  impl.VoteContext (VoteContext.java:log(49)) - c635de7f-7955-4843-9021-ff51e3697f04@group-75CBC85C592E-FOLLOWER: accept ELECTION from 356ba7ca-2ac8-4352-a0c1-d7eac5981de9: our priority 0 <= candidate's priority 1
2024-04-24 06:58:58,744 [grpc-default-executor-0] INFO  server.RaftServer$Division (RaftServerImpl.java:setRole(383)) - c635de7f-7955-4843-9021-ff51e3697f04@group-75CBC85C592E: changes role from  FOLLOWER to FOLLOWER at term 1 for candidate:356ba7ca-2ac8-4352-a0c1-d7eac5981de9
2024-04-24 06:58:58,744 [grpc-default-executor-0] INFO  impl.RoleInfo (RoleInfo.java:shutdownFollowerState(110)) - c635de7f-7955-4843-9021-ff51e3697f04: shutdown c635de7f-7955-4843-9021-ff51e3697f04@group-75CBC85C592E-FollowerState
2024-04-24 06:58:58,744 [grpc-default-executor-0] INFO  impl.RoleInfo (RoleInfo.java:updateAndGet(139)) - c635de7f-7955-4843-9021-ff51e3697f04: start c635de7f-7955-4843-9021-ff51e3697f04@group-75CBC85C592E-FollowerState
2024-04-24 06:58:58,745 [c635de7f-7955-4843-9021-ff51e3697f04@group-75CBC85C592E-FollowerState] INFO  impl.FollowerState (FollowerState.java:run(152)) - c635de7f-7955-4843-9021-ff51e3697f04@group-75CBC85C592E-FollowerState was interrupted
2024-04-24 06:58:58,745 [grpc-default-executor-2] INFO  server.RaftServer$Division (RaftServerImpl.java:requestVote(1389)) - af396eb3-dbe1-4cff-9ccf-d69285efe845@group-75CBC85C592E: receive requestVote(ELECTION, 356ba7ca-2ac8-4352-a0c1-d7eac5981de9, group-75CBC85C592E, 1, (t:0, i:0))
2024-04-24 06:58:58,745 [grpc-default-executor-2] INFO  impl.VoteContext (VoteContext.java:log(49)) - af396eb3-dbe1-4cff-9ccf-d69285efe845@group-75CBC85C592E-FOLLOWER: accept ELECTION from 356ba7ca-2ac8-4352-a0c1-d7eac5981de9: our priority 0 <= candidate's priority 1
2024-04-24 06:58:58,745 [grpc-default-executor-2] INFO  server.RaftServer$Division (RaftServerImpl.java:setRole(383)) - af396eb3-dbe1-4cff-9ccf-d69285efe845@group-75CBC85C592E: changes role from  FOLLOWER to FOLLOWER at term 1 for candidate:356ba7ca-2ac8-4352-a0c1-d7eac5981de9
2024-04-24 06:58:58,745 [grpc-default-executor-2] INFO  impl.RoleInfo (RoleInfo.java:shutdownFollowerState(110)) - af396eb3-dbe1-4cff-9ccf-d69285efe845: shutdown af396eb3-dbe1-4cff-9ccf-d69285efe845@group-75CBC85C592E-FollowerState
2024-04-24 06:58:58,745 [grpc-default-executor-2] INFO  impl.RoleInfo (RoleInfo.java:updateAndGet(139)) - af396eb3-dbe1-4cff-9ccf-d69285efe845: start af396eb3-dbe1-4cff-9ccf-d69285efe845@group-75CBC85C592E-FollowerState
2024-04-24 06:58:58,745 [af396eb3-dbe1-4cff-9ccf-d69285efe845@group-75CBC85C592E-FollowerState] INFO  impl.FollowerState (FollowerState.java:run(152)) - af396eb3-dbe1-4cff-9ccf-d69285efe845@group-75CBC85C592E-FollowerState was interrupted
2024-04-24 06:58:58,747 [grpc-default-executor-0] INFO  server.RaftServer$Division (RaftServerImpl.java:requestVote(1422)) - c635de7f-7955-4843-9021-ff51e3697f04@group-75CBC85C592E replies to ELECTION vote request: 356ba7ca-2ac8-4352-a0c1-d7eac5981de9<-c635de7f-7955-4843-9021-ff51e3697f04#0:OK-t1. Peer's state: c635de7f-7955-4843-9021-ff51e3697f04@group-75CBC85C592E:t1, leader=null, voted=356ba7ca-2ac8-4352-a0c1-d7eac5981de9, raftlog=Memoized:c635de7f-7955-4843-9021-ff51e3697f04@group-75CBC85C592E-SegmentedRaftLog:OPENED:c-1, conf=-1: peers:[c635de7f-7955-4843-9021-ff51e3697f04|127.0.0.1:15014, 356ba7ca-2ac8-4352-a0c1-d7eac5981de9|127.0.0.1:15023, af396eb3-dbe1-4cff-9ccf-d69285efe845|127.0.0.1:15032]|listeners:[], old=null
2024-04-24 06:58:58,749 [356ba7ca-2ac8-4352-a0c1-d7eac5981de9@group-75CBC85C592E-LeaderElection4] INFO  impl.LeaderElection (LeaderElection.java:logAndReturn(89)) - 356ba7ca-2ac8-4352-a0c1-d7eac5981de9@group-75CBC85C592E-LeaderElection4: ELECTION PASSED received 1 response(s) and 0 exception(s):
2024-04-24 06:58:58,749 [356ba7ca-2ac8-4352-a0c1-d7eac5981de9@group-75CBC85C592E-LeaderElection4] INFO  impl.LeaderElection (LeaderElection.java:logAndReturn(93)) -   Response 0: 356ba7ca-2ac8-4352-a0c1-d7eac5981de9<-c635de7f-7955-4843-9021-ff51e3697f04#0:OK-t1
2024-04-24 06:58:58,749 [356ba7ca-2ac8-4352-a0c1-d7eac5981de9@group-75CBC85C592E-LeaderElection4] INFO  impl.LeaderElection (LeaderElection.java:askForVotes(323)) - 356ba7ca-2ac8-4352-a0c1-d7eac5981de9@group-75CBC85C592E-LeaderElection4 ELECTION round 0: result PASSED
2024-04-24 06:58:58,749 [356ba7ca-2ac8-4352-a0c1-d7eac5981de9@group-75CBC85C592E-LeaderElection4] INFO  impl.RoleInfo (RoleInfo.java:shutdownLeaderElection(130)) - 356ba7ca-2ac8-4352-a0c1-d7eac5981de9: shutdown 356ba7ca-2ac8-4352-a0c1-d7eac5981de9@group-75CBC85C592E-LeaderElection4
2024-04-24 06:58:58,749 [356ba7ca-2ac8-4352-a0c1-d7eac5981de9@group-75CBC85C592E-LeaderElection4] INFO  server.RaftServer$Division (RaftServerImpl.java:setRole(383)) - 356ba7ca-2ac8-4352-a0c1-d7eac5981de9@group-75CBC85C592E: changes role from CANDIDATE to LEADER at term 1 for changeToLeader
2024-04-24 06:58:58,749 [356ba7ca-2ac8-4352-a0c1-d7eac5981de9@group-75CBC85C592E-LeaderElection4] INFO  server.RaftServerConfigKeys (ConfUtils.java:logGet(46)) - raft.server.staging.catchup.gap = 1000 (default)
2024-04-24 06:58:58,750 [356ba7ca-2ac8-4352-a0c1-d7eac5981de9@group-75CBC85C592E-LeaderElection4] INFO  server.RaftServerConfigKeys (ConfUtils.java:logGet(46)) - raft.server.write.element-limit = 1024 (custom)
2024-04-24 06:58:58,750 [356ba7ca-2ac8-4352-a0c1-d7eac5981de9@group-75CBC85C592E-LeaderElection4] INFO  server.RaftServerConfigKeys (ConfUtils.java:logGet(46)) - raft.server.write.byte-limit = 1024 M (=1073741824) (custom)
2024-04-24 06:58:58,750 [356ba7ca-2ac8-4352-a0c1-d7eac5981de9@group-75CBC85C592E-LeaderElection4] INFO  server.RaftServerConfigKeys (ConfUtils.java:logGet(46)) - raft.server.watch.timeout = 180s (custom)
2024-04-24 06:58:58,750 [356ba7ca-2ac8-4352-a0c1-d7eac5981de9@group-75CBC85C592E-LeaderElection4] INFO  server.RaftServerConfigKeys (ConfUtils.java:logGet(46)) - raft.server.watch.timeout.denomination = 1s (default)
2024-04-24 06:58:58,750 [356ba7ca-2ac8-4352-a0c1-d7eac5981de9@group-75CBC85C592E-LeaderElection4] INFO  server.RaftServerConfigKeys (ConfUtils.java:logGet(46)) - raft.server.watch.element-limit = 65536 (default)
2024-04-24 06:58:58,750 [356ba7ca-2ac8-4352-a0c1-d7eac5981de9@group-75CBC85C592E-LeaderElection4] INFO  server.RaftServerConfigKeys (ConfUtils.java:logGet(46)) - raft.server.read.leader.lease.enabled = false (default)
2024-04-24 06:58:58,750 [356ba7ca-2ac8-4352-a0c1-d7eac5981de9@group-75CBC85C592E-LeaderElection4] INFO  server.RaftServerConfigKeys (ConfUtils.java:logGet(46)) - raft.server.read.leader.lease.timeout.ratio = 0.9 (default)
2024-04-24 06:58:58,750 [356ba7ca-2ac8-4352-a0c1-d7eac5981de9@group-75CBC85C592E-LeaderElection4] INFO  server.RaftServerConfigKeys (ConfUtils.java:logGet(46)) - raft.server.rpc.timeout.min = 5s (custom)
2024-04-24 06:58:58,751 [356ba7ca-2ac8-4352-a0c1-d7eac5981de9@group-75CBC85C592E-LeaderElection4] INFO  server.RaftServerConfigKeys (ConfUtils.java:logGet(46)) - raft.server.write.element-limit = 1024 (custom)
2024-04-24 06:58:58,751 [356ba7ca-2ac8-4352-a0c1-d7eac5981de9@group-75CBC85C592E-LeaderElection4] INFO  server.RaftServerConfigKeys (ConfUtils.java:logGet(46)) - raft.server.write.follower.gap.ratio.max = -1.0 (default)
2024-04-24 06:58:58,755 [grpc-default-executor-2] INFO  server.RaftServer$Division (RaftServerImpl.java:setFirstElection(574)) - af396eb3-dbe1-4cff-9ccf-d69285efe845@group-75CBC85C592E: set firstElectionSinceStartup to false for candidate:356ba7ca-2ac8-4352-a0c1-d7eac5981de9
2024-04-24 06:58:58,757 [grpc-default-executor-2] INFO  server.RaftServer$Division (RaftServerImpl.java:requestVote(1422)) - af396eb3-dbe1-4cff-9ccf-d69285efe845@group-75CBC85C592E replies to ELECTION vote request: 356ba7ca-2ac8-4352-a0c1-d7eac5981de9<-af396eb3-dbe1-4cff-9ccf-d69285efe845#0:OK-t1. Peer's state: af396eb3-dbe1-4cff-9ccf-d69285efe845@group-75CBC85C592E:t1, leader=null, voted=356ba7ca-2ac8-4352-a0c1-d7eac5981de9, raftlog=Memoized:af396eb3-dbe1-4cff-9ccf-d69285efe845@group-75CBC85C592E-SegmentedRaftLog:OPENED:c-1, conf=-1: peers:[c635de7f-7955-4843-9021-ff51e3697f04|127.0.0.1:15014, 356ba7ca-2ac8-4352-a0c1-d7eac5981de9|127.0.0.1:15023, af396eb3-dbe1-4cff-9ccf-d69285efe845|127.0.0.1:15032]|listeners:[], old=null
2024-04-24 06:58:58,759 [356ba7ca-2ac8-4352-a0c1-d7eac5981de9@group-75CBC85C592E-LeaderElection4] INFO  server.RaftServerConfigKeys (ConfUtils.java:logGet(46)) - raft.server.log.appender.snapshot.chunk.size.max = 16MB (=16777216) (default)
2024-04-24 06:58:58,760 [356ba7ca-2ac8-4352-a0c1-d7eac5981de9@group-75CBC85C592E-LeaderElection4] INFO  server.RaftServerConfigKeys (ConfUtils.java:logGet(46)) - raft.server.log.appender.buffer.byte-limit = 8388608 (custom)
2024-04-24 06:58:58,760 [356ba7ca-2ac8-4352-a0c1-d7eac5981de9@group-75CBC85C592E-LeaderElection4] INFO  server.RaftServerConfigKeys (ConfUtils.java:logGet(46)) - raft.server.log.appender.buffer.element-limit = 1 (custom)
2024-04-24 06:58:58,761 [356ba7ca-2ac8-4352-a0c1-d7eac5981de9@group-75CBC85C592E-LeaderElection4] INFO  server.RaftServerConfigKeys (ConfUtils.java:logGet(46)) - raft.server.log.appender.wait-time.min = 0μs (custom)
2024-04-24 06:58:58,763 [356ba7ca-2ac8-4352-a0c1-d7eac5981de9@group-75CBC85C592E-LeaderElection4] INFO  grpc.GrpcConfigKeys (ConfUtils.java:logGet(46)) - raft.grpc.server.leader.outstanding.appends.max = 8 (default)
2024-04-24 06:58:58,764 [356ba7ca-2ac8-4352-a0c1-d7eac5981de9@group-75CBC85C592E-LeaderElection4] INFO  server.RaftServerConfigKeys (ConfUtils.java:logGet(46)) - raft.server.rpc.request.timeout = 60s (custom)
2024-04-24 06:58:58,764 [356ba7ca-2ac8-4352-a0c1-d7eac5981de9@group-75CBC85C592E-LeaderElection4] INFO  grpc.GrpcConfigKeys (ConfUtils.java:logGet(46)) - raft.grpc.server.install_snapshot.request.element-limit = 8 (default)
2024-04-24 06:58:58,764 [356ba7ca-2ac8-4352-a0c1-d7eac5981de9@group-75CBC85C592E-LeaderElection4] INFO  grpc.GrpcConfigKeys (ConfUtils.java:logGet(46)) - raft.grpc.server.install_snapshot.request.timeout = 3000ms (default)
2024-04-24 06:58:58,764 [356ba7ca-2ac8-4352-a0c1-d7eac5981de9@group-75CBC85C592E-LeaderElection4] INFO  grpc.GrpcConfigKeys (ConfUtils.java:logGet(46)) - raft.grpc.server.log-message.batch.duration = 5s (default)
2024-04-24 06:58:58,765 [356ba7ca-2ac8-4352-a0c1-d7eac5981de9@group-75CBC85C592E-LeaderElection4] INFO  server.RaftServerConfigKeys (ConfUtils.java:logGet(46)) - raft.server.log.appender.install.snapshot.enabled = false (custom)
2024-04-24 06:58:58,765 [356ba7ca-2ac8-4352-a0c1-d7eac5981de9@group-75CBC85C592E-LeaderElection4] INFO  grpc.GrpcConfigKeys (ConfUtils.java:logGet(46)) - raft.grpc.server.heartbeat.channel = true (default)
2024-04-24 06:58:58,768 [356ba7ca-2ac8-4352-a0c1-d7eac5981de9@group-75CBC85C592E-LeaderElection4] INFO  server.RaftServerConfigKeys (ConfUtils.java:logGet(46)) - raft.server.log.appender.snapshot.chunk.size.max = 16MB (=16777216) (default)
2024-04-24 06:58:58,768 [356ba7ca-2ac8-4352-a0c1-d7eac5981de9@group-75CBC85C592E-LeaderElection4] INFO  server.RaftServerConfigKeys (ConfUtils.java:logGet(46)) - raft.server.log.appender.buffer.byte-limit = 8388608 (custom)
2024-04-24 06:58:58,768 [356ba7ca-2ac8-4352-a0c1-d7eac5981de9@group-75CBC85C592E-LeaderElection4] INFO  server.RaftServerConfigKeys (ConfUtils.java:logGet(46)) - raft.server.log.appender.buffer.element-limit = 1 (custom)
2024-04-24 06:58:58,769 [356ba7ca-2ac8-4352-a0c1-d7eac5981de9@group-75CBC85C592E-LeaderElection4] INFO  server.RaftServerConfigKeys (ConfUtils.java:logGet(46)) - raft.server.log.appender.wait-time.min = 0μs (custom)
2024-04-24 06:58:58,769 [356ba7ca-2ac8-4352-a0c1-d7eac5981de9@group-75CBC85C592E-LeaderElection4] INFO  grpc.GrpcConfigKeys (ConfUtils.java:logGet(46)) - raft.grpc.server.leader.outstanding.appends.max = 8 (default)
2024-04-24 06:58:58,769 [356ba7ca-2ac8-4352-a0c1-d7eac5981de9@group-75CBC85C592E-LeaderElection4] INFO  server.RaftServerConfigKeys (ConfUtils.java:logGet(46)) - raft.server.rpc.request.timeout = 60s (custom)
2024-04-24 06:58:58,769 [356ba7ca-2ac8-4352-a0c1-d7eac5981de9@group-75CBC85C592E-LeaderElection4] INFO  grpc.GrpcConfigKeys (ConfUtils.java:logGet(46)) - raft.grpc.server.install_snapshot.request.element-limit = 8 (default)
2024-04-24 06:58:58,770 [356ba7ca-2ac8-4352-a0c1-d7eac5981de9@group-75CBC85C592E-LeaderElection4] INFO  grpc.GrpcConfigKeys (ConfUtils.java:logGet(46)) - raft.grpc.server.install_snapshot.request.timeout = 3000ms (default)
2024-04-24 06:58:58,770 [356ba7ca-2ac8-4352-a0c1-d7eac5981de9@group-75CBC85C592E-LeaderElection4] INFO  grpc.GrpcConfigKeys (ConfUtils.java:logGet(46)) - raft.grpc.server.log-message.batch.duration = 5s (default)
2024-04-24 06:58:58,770 [356ba7ca-2ac8-4352-a0c1-d7eac5981de9@group-75CBC85C592E-LeaderElection4] INFO  server.RaftServerConfigKeys (ConfUtils.java:logGet(46)) - raft.server.log.appender.install.snapshot.enabled = false (custom)
2024-04-24 06:58:58,771 [356ba7ca-2ac8-4352-a0c1-d7eac5981de9@group-75CBC85C592E-LeaderElection4] INFO  grpc.GrpcConfigKeys (ConfUtils.java:logGet(46)) - raft.grpc.server.heartbeat.channel = true (default)
2024-04-24 06:58:58,773 [356ba7ca-2ac8-4352-a0c1-d7eac5981de9@group-75CBC85C592E-LeaderElection4] INFO  impl.RoleInfo (RoleInfo.java:updateAndGet(139)) - 356ba7ca-2ac8-4352-a0c1-d7eac5981de9: start 356ba7ca-2ac8-4352-a0c1-d7eac5981de9@group-75CBC85C592E-LeaderStateImpl
2024-04-24 06:58:58,773 [356ba7ca-2ac8-4352-a0c1-d7eac5981de9@group-75CBC85C592E-LeaderElection4] INFO  server.RaftServer$Division (RaftServerImpl.java:setFirstElection(574)) - 356ba7ca-2ac8-4352-a0c1-d7eac5981de9@group-75CBC85C592E: set firstElectionSinceStartup to false for becomeLeader
2024-04-24 06:58:58,774 [356ba7ca-2ac8-4352-a0c1-d7eac5981de9@group-75CBC85C592E-LeaderElection4] INFO  ratis.XceiverServerRatis (XceiverServerRatis.java:handleLeaderChangedNotification(966)) - Leader change notification received for group: group-75CBC85C592E with new leaderId: 356ba7ca-2ac8-4352-a0c1-d7eac5981de9
2024-04-24 06:58:58,775 [356ba7ca-2ac8-4352-a0c1-d7eac5981de9@group-75CBC85C592E-LeaderElection4] INFO  server.RaftServer$Division (ServerState.java:setLeader(269)) - 356ba7ca-2ac8-4352-a0c1-d7eac5981de9@group-75CBC85C592E: change Leader from null to 356ba7ca-2ac8-4352-a0c1-d7eac5981de9 at term 1 for becomeLeader, leader elected after 5119ms
2024-04-24 06:58:58,775 [356ba7ca-2ac8-4352-a0c1-d7eac5981de9@group-75CBC85C592E-LeaderElection4] INFO  segmented.SegmentedRaftLogWorker (SegmentedRaftLogWorker.java:startLogSegment(430)) - 356ba7ca-2ac8-4352-a0c1-d7eac5981de9@group-75CBC85C592E-SegmentedRaftLogWorker: Starting segment from index:0
2024-04-24 06:58:58,777 [EventQueue-OpenPipelineForHealthyPipelineSafeModeRule] INFO  safemode.SCMSafeModeManager (HealthyPipelineSafeModeRule.java:process(140)) - SCM in safe mode. Healthy pipelines reported count is 0, required healthy pipeline reported count is 1
2024-04-24 06:58:58,777 [356ba7ca-2ac8-4352-a0c1-d7eac5981de9@group-75CBC85C592E-LeaderElection4] INFO  server.RaftServer$Division (ServerState.java:setRaftConf(386)) - 356ba7ca-2ac8-4352-a0c1-d7eac5981de9@group-75CBC85C592E: set configuration 0: peers:[c635de7f-7955-4843-9021-ff51e3697f04|127.0.0.1:15014, 356ba7ca-2ac8-4352-a0c1-d7eac5981de9|127.0.0.1:15023, af396eb3-dbe1-4cff-9ccf-d69285efe845|127.0.0.1:15032]|listeners:[], old=null
2024-04-24 06:58:58,777 [356ba7ca-2ac8-4352-a0c1-d7eac5981de9@group-75CBC85C592E-SegmentedRaftLogWorker] INFO  segmented.BufferedWriteChannel (BufferedWriteChannel.java:open(62)) - open log_inprogress_0 at position 0
2024-04-24 06:58:58,778 [356ba7ca-2ac8-4352-a0c1-d7eac5981de9@group-9B96892CA716-FollowerState] INFO  impl.FollowerState (FollowerState.java:run(143)) - 356ba7ca-2ac8-4352-a0c1-d7eac5981de9@group-9B96892CA716-FollowerState: change to CANDIDATE, lastRpcElapsedTime:5129992855ns, electionTimeout:5127ms
2024-04-24 06:58:58,778 [EventQueue-PipelineReportForPipelineReportHandler] INFO  pipeline.PipelineReportHandler (PipelineReportHandler.java:processPipelineReport(136)) - Opened pipeline PipelineID=ad3a5459-11d6-4ec0-b487-75cbc85c592e
2024-04-24 06:58:58,778 [356ba7ca-2ac8-4352-a0c1-d7eac5981de9@group-9B96892CA716-FollowerState] INFO  impl.RoleInfo (RoleInfo.java:shutdownFollowerState(110)) - 356ba7ca-2ac8-4352-a0c1-d7eac5981de9: shutdown 356ba7ca-2ac8-4352-a0c1-d7eac5981de9@group-9B96892CA716-FollowerState
2024-04-24 06:58:58,778 [EventQueue-OpenPipelineForHealthyPipelineSafeModeRule] INFO  safemode.SCMSafeModeManager (HealthyPipelineSafeModeRule.java:process(140)) - SCM in safe mode. Healthy pipelines reported count is 1, required healthy pipeline reported count is 1
2024-04-24 06:58:58,778 [356ba7ca-2ac8-4352-a0c1-d7eac5981de9@group-9B96892CA716-FollowerState] INFO  server.RaftServer$Division (RaftServerImpl.java:setRole(383)) - 356ba7ca-2ac8-4352-a0c1-d7eac5981de9@group-9B96892CA716: changes role from  FOLLOWER to CANDIDATE at term 0 for changeToCandidate
2024-04-24 06:58:58,778 [EventQueue-OpenPipelineForHealthyPipelineSafeModeRule] INFO  safemode.SCMSafeModeManager (SCMSafeModeManager.java:validateSafeModeExitRules(203)) - HealthyPipelineSafeModeRule rule is successfully validated
2024-04-24 06:58:58,778 [EventQueue-OpenPipelineForHealthyPipelineSafeModeRule] INFO  safemode.SCMSafeModeManager (SCMSafeModeManager.java:validateSafeModeExitRules(218)) - ScmSafeModeManager, all rules are successfully validated
2024-04-24 06:58:58,778 [356ba7ca-2ac8-4352-a0c1-d7eac5981de9@group-9B96892CA716-FollowerState] INFO  server.RaftServerConfigKeys (ConfUtils.java:logGet(46)) - raft.server.leaderelection.pre-vote = true (default)
2024-04-24 06:58:58,778 [EventQueue-OpenPipelineForHealthyPipelineSafeModeRule] INFO  safemode.SCMSafeModeManager (SCMSafeModeManager.java:exitSafeMode(248)) - SCM exiting safe mode.
2024-04-24 06:58:58,778 [356ba7ca-2ac8-4352-a0c1-d7eac5981de9@group-9B96892CA716-FollowerState] INFO  impl.RoleInfo (RoleInfo.java:updateAndGet(139)) - 356ba7ca-2ac8-4352-a0c1-d7eac5981de9: start 356ba7ca-2ac8-4352-a0c1-d7eac5981de9@group-9B96892CA716-LeaderElection5
2024-04-24 06:58:58,779 [EventQueue-OpenPipelineForHealthyPipelineSafeModeRule] INFO  ha.SCMContext (SCMContext.java:updateSafeModeStatus(225)) - Update SafeModeStatus from SafeModeStatus{safeModeStatus=true, preCheckPassed=true} to SafeModeStatus{safeModeStatus=false, preCheckPassed=true}.
2024-04-24 06:58:58,779 [EventQueue-OpenPipelineForHealthyPipelineSafeModeRule] INFO  pipeline.BackgroundPipelineCreator (BackgroundPipelineCreator.java:notifyStatusChanged(258)) - Service BackgroundPipelineCreator transitions to RUNNING.
2024-04-24 06:58:58,779 [EventQueue-OpenPipelineForHealthyPipelineSafeModeRule] INFO  BackgroundPipelineScrubber (BackgroundSCMService.java:notifyStatusChanged(79)) - Service BackgroundPipelineScrubber transitions to RUNNING.
2024-04-24 06:58:58,779 [EventQueue-OpenPipelineForHealthyPipelineSafeModeRule] INFO  ExpiredContainerReplicaOpScrubber (BackgroundSCMService.java:notifyStatusChanged(79)) - Service ExpiredContainerReplicaOpScrubber transitions to RUNNING.
2024-04-24 06:58:58,779 [EventQueue-OpenPipelineForHealthyPipelineSafeModeRule] INFO  block.SCMBlockDeletingService (SCMBlockDeletingService.java:notifyStatusChanged(247)) - notifyStatusChanged:RUNNING
2024-04-24 06:58:58,779 [EventQueue-OpenPipelineForHealthyPipelineSafeModeRule] INFO  replication.ReplicationManager (ReplicationManager.java:notifyStatusChanged(1403)) - Service ReplicationManager transitions to RUNNING.
2024-04-24 06:58:58,784 [EventQueue-OpenPipelineForHealthyPipelineSafeModeRule] WARN  balancer.ContainerBalancer (ContainerBalancer.java:shouldRun(134)) - Could not find persisted configuration for ContainerBalancer when checking if ContainerBalancer should run. ContainerBalancer should not run now.
2024-04-24 06:58:58,787 [356ba7ca-2ac8-4352-a0c1-d7eac5981de9@group-75CBC85C592E-SegmentedRaftLogWorker] INFO  segmented.SegmentedRaftLogWorker (SegmentedRaftLogWorker.java:execute(634)) - 356ba7ca-2ac8-4352-a0c1-d7eac5981de9@group-75CBC85C592E-SegmentedRaftLogWorker: created new log segment /home/runner/work/ozone/ozone/hadoop-ozone/integration-test/target/test-dir/MiniOzoneClusterImpl-402bd57a-b865-4622-973c-767f06725353/ozone-meta/datanode-2/ratis/ad3a5459-11d6-4ec0-b487-75cbc85c592e/current/log_inprogress_0
2024-04-24 06:58:58,788 [356ba7ca-2ac8-4352-a0c1-d7eac5981de9@group-9B96892CA716-LeaderElection5] INFO  impl.LeaderElection (LeaderElection.java:askForVotes(321)) - 356ba7ca-2ac8-4352-a0c1-d7eac5981de9@group-9B96892CA716-LeaderElection5 PRE_VOTE round 0: submit vote requests at term 0 for -1: peers:[356ba7ca-2ac8-4352-a0c1-d7eac5981de9|127.0.0.1:15023]|listeners:[], old=null
2024-04-24 06:58:58,788 [356ba7ca-2ac8-4352-a0c1-d7eac5981de9@group-9B96892CA716-LeaderElection5] INFO  impl.LeaderElection (LeaderElection.java:askForVotes(323)) - 356ba7ca-2ac8-4352-a0c1-d7eac5981de9@group-9B96892CA716-LeaderElection5 PRE_VOTE round 0: result PASSED (term=0)
2024-04-24 06:58:58,794 [356ba7ca-2ac8-4352-a0c1-d7eac5981de9@group-9B96892CA716-LeaderElection5] INFO  impl.LeaderElection (LeaderElection.java:askForVotes(321)) - 356ba7ca-2ac8-4352-a0c1-d7eac5981de9@group-9B96892CA716-LeaderElection5 ELECTION round 0: submit vote requests at term 1 for -1: peers:[356ba7ca-2ac8-4352-a0c1-d7eac5981de9|127.0.0.1:15023]|listeners:[], old=null
2024-04-24 06:58:58,794 [356ba7ca-2ac8-4352-a0c1-d7eac5981de9@group-9B96892CA716-LeaderElection5] INFO  impl.LeaderElection (LeaderElection.java:askForVotes(323)) - 356ba7ca-2ac8-4352-a0c1-d7eac5981de9@group-9B96892CA716-LeaderElection5 ELECTION round 0: result PASSED (term=1)
2024-04-24 06:58:58,794 [356ba7ca-2ac8-4352-a0c1-d7eac5981de9@group-9B96892CA716-LeaderElection5] INFO  impl.RoleInfo (RoleInfo.java:shutdownLeaderElection(130)) - 356ba7ca-2ac8-4352-a0c1-d7eac5981de9: shutdown 356ba7ca-2ac8-4352-a0c1-d7eac5981de9@group-9B96892CA716-LeaderElection5
2024-04-24 06:58:58,795 [356ba7ca-2ac8-4352-a0c1-d7eac5981de9@group-9B96892CA716-LeaderElection5] INFO  server.RaftServer$Division (RaftServerImpl.java:setRole(383)) - 356ba7ca-2ac8-4352-a0c1-d7eac5981de9@group-9B96892CA716: changes role from CANDIDATE to LEADER at term 1 for changeToLeader
2024-04-24 06:58:58,795 [356ba7ca-2ac8-4352-a0c1-d7eac5981de9@group-9B96892CA716-LeaderElection5] INFO  server.RaftServerConfigKeys (ConfUtils.java:logGet(46)) - raft.server.staging.catchup.gap = 1000 (default)
2024-04-24 06:58:58,795 [356ba7ca-2ac8-4352-a0c1-d7eac5981de9@group-9B96892CA716-LeaderElection5] INFO  server.RaftServerConfigKeys (ConfUtils.java:logGet(46)) - raft.server.write.element-limit = 1024 (custom)
2024-04-24 06:58:58,795 [356ba7ca-2ac8-4352-a0c1-d7eac5981de9@group-9B96892CA716-LeaderElection5] INFO  server.RaftServerConfigKeys (ConfUtils.java:logGet(46)) - raft.server.write.byte-limit = 1024 M (=1073741824) (custom)
2024-04-24 06:58:58,797 [356ba7ca-2ac8-4352-a0c1-d7eac5981de9@group-9B96892CA716-LeaderElection5] INFO  server.RaftServerConfigKeys (ConfUtils.java:logGet(46)) - raft.server.watch.timeout = 180s (custom)
2024-04-24 06:58:58,797 [356ba7ca-2ac8-4352-a0c1-d7eac5981de9@group-9B96892CA716-LeaderElection5] INFO  server.RaftServerConfigKeys (ConfUtils.java:logGet(46)) - raft.server.watch.timeout.denomination = 1s (default)
2024-04-24 06:58:58,797 [356ba7ca-2ac8-4352-a0c1-d7eac5981de9@group-9B96892CA716-LeaderElection5] INFO  server.RaftServerConfigKeys (ConfUtils.java:logGet(46)) - raft.server.watch.element-limit = 65536 (default)
2024-04-24 06:58:58,798 [356ba7ca-2ac8-4352-a0c1-d7eac5981de9@group-9B96892CA716-LeaderElection5] INFO  server.RaftServerConfigKeys (ConfUtils.java:logGet(46)) - raft.server.read.leader.lease.enabled = false (default)
2024-04-24 06:58:58,798 [356ba7ca-2ac8-4352-a0c1-d7eac5981de9@group-9B96892CA716-LeaderElection5] INFO  server.RaftServerConfigKeys (ConfUtils.java:logGet(46)) - raft.server.read.leader.lease.timeout.ratio = 0.9 (default)
2024-04-24 06:58:58,799 [356ba7ca-2ac8-4352-a0c1-d7eac5981de9@group-9B96892CA716-LeaderElection5] INFO  server.RaftServerConfigKeys (ConfUtils.java:logGet(46)) - raft.server.rpc.timeout.min = 5s (custom)
2024-04-24 06:58:58,799 [356ba7ca-2ac8-4352-a0c1-d7eac5981de9@group-9B96892CA716-LeaderElection5] INFO  server.RaftServerConfigKeys (ConfUtils.java:logGet(46)) - raft.server.write.element-limit = 1024 (custom)
2024-04-24 06:58:58,799 [356ba7ca-2ac8-4352-a0c1-d7eac5981de9@group-9B96892CA716-LeaderElection5] INFO  server.RaftServerConfigKeys (ConfUtils.java:logGet(46)) - raft.server.write.follower.gap.ratio.max = -1.0 (default)
2024-04-24 06:58:58,799 [356ba7ca-2ac8-4352-a0c1-d7eac5981de9@group-9B96892CA716-LeaderElection5] INFO  impl.RoleInfo (RoleInfo.java:updateAndGet(139)) - 356ba7ca-2ac8-4352-a0c1-d7eac5981de9: start 356ba7ca-2ac8-4352-a0c1-d7eac5981de9@group-9B96892CA716-LeaderStateImpl
2024-04-24 06:58:58,799 [356ba7ca-2ac8-4352-a0c1-d7eac5981de9@group-9B96892CA716-LeaderElection5] INFO  server.RaftServer$Division (RaftServerImpl.java:setFirstElection(574)) - 356ba7ca-2ac8-4352-a0c1-d7eac5981de9@group-9B96892CA716: set firstElectionSinceStartup to false for becomeLeader
2024-04-24 06:58:58,799 [356ba7ca-2ac8-4352-a0c1-d7eac5981de9@group-9B96892CA716-LeaderElection5] INFO  ratis.XceiverServerRatis (XceiverServerRatis.java:handleLeaderChangedNotification(966)) - Leader change notification received for group: group-9B96892CA716 with new leaderId: 356ba7ca-2ac8-4352-a0c1-d7eac5981de9
2024-04-24 06:58:58,799 [356ba7ca-2ac8-4352-a0c1-d7eac5981de9@group-9B96892CA716-LeaderElection5] INFO  server.RaftServer$Division (ServerState.java:setLeader(269)) - 356ba7ca-2ac8-4352-a0c1-d7eac5981de9@group-9B96892CA716: change Leader from null to 356ba7ca-2ac8-4352-a0c1-d7eac5981de9 at term 1 for becomeLeader, leader elected after 5194ms
2024-04-24 06:58:58,800 [356ba7ca-2ac8-4352-a0c1-d7eac5981de9@group-9B96892CA716-LeaderElection5] INFO  segmented.SegmentedRaftLogWorker (SegmentedRaftLogWorker.java:startLogSegment(430)) - 356ba7ca-2ac8-4352-a0c1-d7eac5981de9@group-9B96892CA716-SegmentedRaftLogWorker: Starting segment from index:0
2024-04-24 06:58:58,800 [356ba7ca-2ac8-4352-a0c1-d7eac5981de9@group-9B96892CA716-SegmentedRaftLogWorker] INFO  segmented.BufferedWriteChannel (BufferedWriteChannel.java:open(62)) - open log_inprogress_0 at position 0
2024-04-24 06:58:58,806 [356ba7ca-2ac8-4352-a0c1-d7eac5981de9@group-9B96892CA716-LeaderElection5] INFO  server.RaftServer$Division (ServerState.java:setRaftConf(386)) - 356ba7ca-2ac8-4352-a0c1-d7eac5981de9@group-9B96892CA716: set configuration 0: peers:[356ba7ca-2ac8-4352-a0c1-d7eac5981de9|127.0.0.1:15023]|listeners:[], old=null
2024-04-24 06:58:58,809 [356ba7ca-2ac8-4352-a0c1-d7eac5981de9@group-9B96892CA716-SegmentedRaftLogWorker] INFO  segmented.SegmentedRaftLogWorker (SegmentedRaftLogWorker.java:execute(634)) - 356ba7ca-2ac8-4352-a0c1-d7eac5981de9@group-9B96892CA716-SegmentedRaftLogWorker: created new log segment /home/runner/work/ozone/ozone/hadoop-ozone/integration-test/target/test-dir/MiniOzoneClusterImpl-402bd57a-b865-4622-973c-767f06725353/ozone-meta/datanode-2/ratis/bbcf56e0-6821-4d78-a0ea-9b96892ca716/current/log_inprogress_0
2024-04-24 06:58:58,813 [356ba7ca-2ac8-4352-a0c1-d7eac5981de9@group-9B96892CA716-StateMachineUpdater] INFO  server.RaftServer$Division (LeaderStateImpl.java:isApplied(320)) - leader is ready since appliedIndex == 0 >= startIndex == 0
2024-04-24 06:58:58,821 [af396eb3-dbe1-4cff-9ccf-d69285efe845-server-thread1] INFO  ratis.XceiverServerRatis (XceiverServerRatis.java:handleLeaderChangedNotification(966)) - Leader change notification received for group: group-75CBC85C592E with new leaderId: 356ba7ca-2ac8-4352-a0c1-d7eac5981de9
2024-04-24 06:58:58,822 [af396eb3-dbe1-4cff-9ccf-d69285efe845-server-thread1] INFO  server.RaftServer$Division (ServerState.java:setLeader(269)) - af396eb3-dbe1-4cff-9ccf-d69285efe845@group-75CBC85C592E: change Leader from null to 356ba7ca-2ac8-4352-a0c1-d7eac5981de9 at term 1 for appendEntries, leader elected after 5043ms
2024-04-24 06:58:58,830 [c635de7f-7955-4843-9021-ff51e3697f04-server-thread1] INFO  ratis.XceiverServerRatis (XceiverServerRatis.java:handleLeaderChangedNotification(966)) - Leader change notification received for group: group-75CBC85C592E with new leaderId: 356ba7ca-2ac8-4352-a0c1-d7eac5981de9
2024-04-24 06:58:58,831 [c635de7f-7955-4843-9021-ff51e3697f04-server-thread1] INFO  server.RaftServer$Division (ServerState.java:setLeader(269)) - c635de7f-7955-4843-9021-ff51e3697f04@group-75CBC85C592E: change Leader from null to 356ba7ca-2ac8-4352-a0c1-d7eac5981de9 at term 1 for appendEntries, leader elected after 5308ms
2024-04-24 06:58:58,832 [af396eb3-dbe1-4cff-9ccf-d69285efe845-server-thread2] INFO  server.RaftServer$Division (ServerState.java:setRaftConf(386)) - af396eb3-dbe1-4cff-9ccf-d69285efe845@group-75CBC85C592E: set configuration 0: peers:[c635de7f-7955-4843-9021-ff51e3697f04|127.0.0.1:15014, 356ba7ca-2ac8-4352-a0c1-d7eac5981de9|127.0.0.1:15023, af396eb3-dbe1-4cff-9ccf-d69285efe845|127.0.0.1:15032]|listeners:[], old=null
2024-04-24 06:58:58,834 [af396eb3-dbe1-4cff-9ccf-d69285efe845-server-thread2] INFO  segmented.SegmentedRaftLogWorker (SegmentedRaftLogWorker.java:startLogSegment(430)) - af396eb3-dbe1-4cff-9ccf-d69285efe845@group-75CBC85C592E-SegmentedRaftLogWorker: Starting segment from index:0
2024-04-24 06:58:58,834 [af396eb3-dbe1-4cff-9ccf-d69285efe845@group-75CBC85C592E-SegmentedRaftLogWorker] INFO  segmented.BufferedWriteChannel (BufferedWriteChannel.java:open(62)) - open log_inprogress_0 at position 0
2024-04-24 06:58:58,844 [af396eb3-dbe1-4cff-9ccf-d69285efe845@group-75CBC85C592E-SegmentedRaftLogWorker] INFO  segmented.SegmentedRaftLogWorker (SegmentedRaftLogWorker.java:execute(634)) - af396eb3-dbe1-4cff-9ccf-d69285efe845@group-75CBC85C592E-SegmentedRaftLogWorker: created new log segment /home/runner/work/ozone/ozone/hadoop-ozone/integration-test/target/test-dir/MiniOzoneClusterImpl-402bd57a-b865-4622-973c-767f06725353/ozone-meta/datanode-3/ratis/ad3a5459-11d6-4ec0-b487-75cbc85c592e/current/log_inprogress_0
2024-04-24 06:58:58,855 [356ba7ca-2ac8-4352-a0c1-d7eac5981de9@group-75CBC85C592E-StateMachineUpdater] INFO  server.RaftServer$Division (LeaderStateImpl.java:isApplied(320)) - leader is ready since appliedIndex == 0 >= startIndex == 0
2024-04-24 06:58:58,856 [c635de7f-7955-4843-9021-ff51e3697f04-server-thread3] INFO  server.RaftServer$Division (ServerState.java:setRaftConf(386)) - c635de7f-7955-4843-9021-ff51e3697f04@group-75CBC85C592E: set configuration 0: peers:[c635de7f-7955-4843-9021-ff51e3697f04|127.0.0.1:15014, 356ba7ca-2ac8-4352-a0c1-d7eac5981de9|127.0.0.1:15023, af396eb3-dbe1-4cff-9ccf-d69285efe845|127.0.0.1:15032]|listeners:[], old=null
2024-04-24 06:58:58,857 [c635de7f-7955-4843-9021-ff51e3697f04-server-thread3] INFO  segmented.SegmentedRaftLogWorker (SegmentedRaftLogWorker.java:startLogSegment(430)) - c635de7f-7955-4843-9021-ff51e3697f04@group-75CBC85C592E-SegmentedRaftLogWorker: Starting segment from index:0
2024-04-24 06:58:58,858 [c635de7f-7955-4843-9021-ff51e3697f04@group-75CBC85C592E-SegmentedRaftLogWorker] INFO  segmented.BufferedWriteChannel (BufferedWriteChannel.java:open(62)) - open log_inprogress_0 at position 0
2024-04-24 06:58:58,867 [c635de7f-7955-4843-9021-ff51e3697f04@group-75CBC85C592E-SegmentedRaftLogWorker] INFO  segmented.SegmentedRaftLogWorker (SegmentedRaftLogWorker.java:execute(634)) - c635de7f-7955-4843-9021-ff51e3697f04@group-75CBC85C592E-SegmentedRaftLogWorker: created new log segment /home/runner/work/ozone/ozone/hadoop-ozone/integration-test/target/test-dir/MiniOzoneClusterImpl-402bd57a-b865-4622-973c-767f06725353/ozone-meta/datanode-1/ratis/ad3a5459-11d6-4ec0-b487-75cbc85c592e/current/log_inprogress_0
2024-04-24 06:58:58,921 [af396eb3-dbe1-4cff-9ccf-d69285efe845@group-A4B04096841D-FollowerState] INFO  impl.FollowerState (FollowerState.java:run(143)) - af396eb3-dbe1-4cff-9ccf-d69285efe845@group-A4B04096841D-FollowerState: change to CANDIDATE, lastRpcElapsedTime:5148758263ns, electionTimeout:5146ms
2024-04-24 06:58:58,921 [af396eb3-dbe1-4cff-9ccf-d69285efe845@group-A4B04096841D-FollowerState] INFO  impl.RoleInfo (RoleInfo.java:shutdownFollowerState(110)) - af396eb3-dbe1-4cff-9ccf-d69285efe845: shutdown af396eb3-dbe1-4cff-9ccf-d69285efe845@group-A4B04096841D-FollowerState
2024-04-24 06:58:58,921 [af396eb3-dbe1-4cff-9ccf-d69285efe845@group-A4B04096841D-FollowerState] INFO  server.RaftServer$Division (RaftServerImpl.java:setRole(383)) - af396eb3-dbe1-4cff-9ccf-d69285efe845@group-A4B04096841D: changes role from  FOLLOWER to CANDIDATE at term 0 for changeToCandidate
2024-04-24 06:58:58,921 [af396eb3-dbe1-4cff-9ccf-d69285efe845@group-A4B04096841D-FollowerState] INFO  server.RaftServerConfigKeys (ConfUtils.java:logGet(46)) - raft.server.leaderelection.pre-vote = true (default)
2024-04-24 06:58:58,921 [af396eb3-dbe1-4cff-9ccf-d69285efe845@group-A4B04096841D-FollowerState] INFO  impl.RoleInfo (RoleInfo.java:updateAndGet(139)) - af396eb3-dbe1-4cff-9ccf-d69285efe845: start af396eb3-dbe1-4cff-9ccf-d69285efe845@group-A4B04096841D-LeaderElection6
2024-04-24 06:58:58,922 [af396eb3-dbe1-4cff-9ccf-d69285efe845@group-A4B04096841D-LeaderElection6] INFO  impl.LeaderElection (LeaderElection.java:askForVotes(321)) - af396eb3-dbe1-4cff-9ccf-d69285efe845@group-A4B04096841D-LeaderElection6 PRE_VOTE round 0: submit vote requests at term 0 for -1: peers:[af396eb3-dbe1-4cff-9ccf-d69285efe845|127.0.0.1:15032]|listeners:[], old=null
2024-04-24 06:58:58,922 [af396eb3-dbe1-4cff-9ccf-d69285efe845@group-A4B04096841D-LeaderElection6] INFO  impl.LeaderElection (LeaderElection.java:askForVotes(323)) - af396eb3-dbe1-4cff-9ccf-d69285efe845@group-A4B04096841D-LeaderElection6 PRE_VOTE round 0: result PASSED (term=0)
2024-04-24 06:58:58,923 [af396eb3-dbe1-4cff-9ccf-d69285efe845@group-A4B04096841D-LeaderElection6] INFO  impl.LeaderElection (LeaderElection.java:askForVotes(321)) - af396eb3-dbe1-4cff-9ccf-d69285efe845@group-A4B04096841D-LeaderElection6 ELECTION round 0: submit vote requests at term 1 for -1: peers:[af396eb3-dbe1-4cff-9ccf-d69285efe845|127.0.0.1:15032]|listeners:[], old=null
2024-04-24 06:58:58,924 [af396eb3-dbe1-4cff-9ccf-d69285efe845@group-A4B04096841D-LeaderElection6] INFO  impl.LeaderElection (LeaderElection.java:askForVotes(323)) - af396eb3-dbe1-4cff-9ccf-d69285efe845@group-A4B04096841D-LeaderElection6 ELECTION round 0: result PASSED (term=1)
2024-04-24 06:58:58,924 [af396eb3-dbe1-4cff-9ccf-d69285efe845@group-A4B04096841D-LeaderElection6] INFO  impl.RoleInfo (RoleInfo.java:shutdownLeaderElection(130)) - af396eb3-dbe1-4cff-9ccf-d69285efe845: shutdown af396eb3-dbe1-4cff-9ccf-d69285efe845@group-A4B04096841D-LeaderElection6
2024-04-24 06:58:58,924 [af396eb3-dbe1-4cff-9ccf-d69285efe845@group-A4B04096841D-LeaderElection6] INFO  server.RaftServer$Division (RaftServerImpl.java:setRole(383)) - af396eb3-dbe1-4cff-9ccf-d69285efe845@group-A4B04096841D: changes role from CANDIDATE to LEADER at term 1 for changeToLeader
2024-04-24 06:58:58,924 [af396eb3-dbe1-4cff-9ccf-d69285efe845@group-A4B04096841D-LeaderElection6] INFO  server.RaftServerConfigKeys (ConfUtils.java:logGet(46)) - raft.server.staging.catchup.gap = 1000 (default)
2024-04-24 06:58:58,925 [af396eb3-dbe1-4cff-9ccf-d69285efe845@group-A4B04096841D-LeaderElection6] INFO  server.RaftServerConfigKeys (ConfUtils.java:logGet(46)) - raft.server.write.element-limit = 1024 (custom)
2024-04-24 06:58:58,925 [af396eb3-dbe1-4cff-9ccf-d69285efe845@group-A4B04096841D-LeaderElection6] INFO  server.RaftServerConfigKeys (ConfUtils.java:logGet(46)) - raft.server.write.byte-limit = 1024 M (=1073741824) (custom)
2024-04-24 06:58:58,926 [af396eb3-dbe1-4cff-9ccf-d69285efe845@group-A4B04096841D-LeaderElection6] INFO  server.RaftServerConfigKeys (ConfUtils.java:logGet(46)) - raft.server.watch.timeout = 180s (custom)
2024-04-24 06:58:58,926 [af396eb3-dbe1-4cff-9ccf-d69285efe845@group-A4B04096841D-LeaderElection6] INFO  server.RaftServerConfigKeys (ConfUtils.java:logGet(46)) - raft.server.watch.timeout.denomination = 1s (default)
2024-04-24 06:58:58,927 [af396eb3-dbe1-4cff-9ccf-d69285efe845@group-A4B04096841D-LeaderElection6] INFO  server.RaftServerConfigKeys (ConfUtils.java:logGet(46)) - raft.server.watch.element-limit = 65536 (default)
2024-04-24 06:58:58,927 [af396eb3-dbe1-4cff-9ccf-d69285efe845@group-A4B04096841D-LeaderElection6] INFO  server.RaftServerConfigKeys (ConfUtils.java:logGet(46)) - raft.server.read.leader.lease.enabled = false (default)
2024-04-24 06:58:58,927 [af396eb3-dbe1-4cff-9ccf-d69285efe845@group-A4B04096841D-LeaderElection6] INFO  server.RaftServerConfigKeys (ConfUtils.java:logGet(46)) - raft.server.read.leader.lease.timeout.ratio = 0.9 (default)
2024-04-24 06:58:58,928 [af396eb3-dbe1-4cff-9ccf-d69285efe845@group-A4B04096841D-LeaderElection6] INFO  server.RaftServerConfigKeys (ConfUtils.java:logGet(46)) - raft.server.rpc.timeout.min = 5s (custom)
2024-04-24 06:58:58,928 [af396eb3-dbe1-4cff-9ccf-d69285efe845@group-A4B04096841D-LeaderElection6] INFO  server.RaftServerConfigKeys (ConfUtils.java:logGet(46)) - raft.server.write.element-limit = 1024 (custom)
2024-04-24 06:58:58,928 [af396eb3-dbe1-4cff-9ccf-d69285efe845@group-A4B04096841D-LeaderElection6] INFO  server.RaftServerConfigKeys (ConfUtils.java:logGet(46)) - raft.server.write.follower.gap.ratio.max = -1.0 (default)
2024-04-24 06:58:58,929 [af396eb3-dbe1-4cff-9ccf-d69285efe845@group-A4B04096841D-LeaderElection6] INFO  impl.RoleInfo (RoleInfo.java:updateAndGet(139)) - af396eb3-dbe1-4cff-9ccf-d69285efe845: start af396eb3-dbe1-4cff-9ccf-d69285efe845@group-A4B04096841D-LeaderStateImpl
2024-04-24 06:58:58,929 [af396eb3-dbe1-4cff-9ccf-d69285efe845@group-A4B04096841D-LeaderElection6] INFO  server.RaftServer$Division (RaftServerImpl.java:setFirstElection(574)) - af396eb3-dbe1-4cff-9ccf-d69285efe845@group-A4B04096841D: set firstElectionSinceStartup to false for becomeLeader
2024-04-24 06:58:58,929 [af396eb3-dbe1-4cff-9ccf-d69285efe845@group-A4B04096841D-LeaderElection6] INFO  ratis.XceiverServerRatis (XceiverServerRatis.java:handleLeaderChangedNotification(966)) - Leader change notification received for group: group-A4B04096841D with new leaderId: af396eb3-dbe1-4cff-9ccf-d69285efe845
2024-04-24 06:58:58,930 [af396eb3-dbe1-4cff-9ccf-d69285efe845@group-A4B04096841D-LeaderElection6] INFO  server.RaftServer$Division (ServerState.java:setLeader(269)) - af396eb3-dbe1-4cff-9ccf-d69285efe845@group-A4B04096841D: change Leader from null to af396eb3-dbe1-4cff-9ccf-d69285efe845 at term 1 for becomeLeader, leader elected after 5187ms
2024-04-24 06:58:58,934 [af396eb3-dbe1-4cff-9ccf-d69285efe845@group-A4B04096841D-LeaderElection6] INFO  segmented.SegmentedRaftLogWorker (SegmentedRaftLogWorker.java:startLogSegment(430)) - af396eb3-dbe1-4cff-9ccf-d69285efe845@group-A4B04096841D-SegmentedRaftLogWorker: Starting segment from index:0
2024-04-24 06:58:58,935 [af396eb3-dbe1-4cff-9ccf-d69285efe845@group-A4B04096841D-SegmentedRaftLogWorker] INFO  segmented.BufferedWriteChannel (BufferedWriteChannel.java:open(62)) - open log_inprogress_0 at position 0
2024-04-24 06:58:58,935 [af396eb3-dbe1-4cff-9ccf-d69285efe845@group-A4B04096841D-LeaderElection6] INFO  server.RaftServer$Division (ServerState.java:setRaftConf(386)) - af396eb3-dbe1-4cff-9ccf-d69285efe845@group-A4B04096841D: set configuration 0: peers:[af396eb3-dbe1-4cff-9ccf-d69285efe845|127.0.0.1:15032]|listeners:[], old=null
2024-04-24 06:58:58,942 [af396eb3-dbe1-4cff-9ccf-d69285efe845@group-A4B04096841D-SegmentedRaftLogWorker] INFO  segmented.SegmentedRaftLogWorker (SegmentedRaftLogWorker.java:execute(634)) - af396eb3-dbe1-4cff-9ccf-d69285efe845@group-A4B04096841D-SegmentedRaftLogWorker: created new log segment /home/runner/work/ozone/ozone/hadoop-ozone/integration-test/target/test-dir/MiniOzoneClusterImpl-402bd57a-b865-4622-973c-767f06725353/ozone-meta/datanode-3/ratis/3ab4dde3-33ea-4c95-a287-a4b04096841d/current/log_inprogress_0
2024-04-24 06:58:58,945 [af396eb3-dbe1-4cff-9ccf-d69285efe845@group-A4B04096841D-StateMachineUpdater] INFO  server.RaftServer$Division (LeaderStateImpl.java:isApplied(320)) - leader is ready since appliedIndex == 0 >= startIndex == 0
2024-04-24 06:58:59,126 [af396eb3-dbe1-4cff-9ccf-d69285efe845@group-FDFF7FF3AA0E-FollowerState] INFO  impl.FollowerState (FollowerState.java:run(143)) - af396eb3-dbe1-4cff-9ccf-d69285efe845@group-FDFF7FF3AA0E-FollowerState: change to CANDIDATE, lastRpcElapsedTime:5031507122ns, electionTimeout:5019ms
2024-04-24 06:58:59,127 [af396eb3-dbe1-4cff-9ccf-d69285efe845@group-FDFF7FF3AA0E-FollowerState] INFO  impl.RoleInfo (RoleInfo.java:shutdownFollowerState(110)) - af396eb3-dbe1-4cff-9ccf-d69285efe845: shutdown af396eb3-dbe1-4cff-9ccf-d69285efe845@group-FDFF7FF3AA0E-FollowerState
2024-04-24 06:58:59,127 [af396eb3-dbe1-4cff-9ccf-d69285efe845@group-FDFF7FF3AA0E-FollowerState] INFO  server.RaftServer$Division (RaftServerImpl.java:setRole(383)) - af396eb3-dbe1-4cff-9ccf-d69285efe845@group-FDFF7FF3AA0E: changes role from  FOLLOWER to CANDIDATE at term 0 for changeToCandidate
2024-04-24 06:58:59,127 [af396eb3-dbe1-4cff-9ccf-d69285efe845@group-FDFF7FF3AA0E-FollowerState] INFO  server.RaftServerConfigKeys (ConfUtils.java:logGet(46)) - raft.server.leaderelection.pre-vote = true (default)
2024-04-24 06:58:59,127 [af396eb3-dbe1-4cff-9ccf-d69285efe845@group-FDFF7FF3AA0E-FollowerState] INFO  impl.RoleInfo (RoleInfo.java:updateAndGet(139)) - af396eb3-dbe1-4cff-9ccf-d69285efe845: start af396eb3-dbe1-4cff-9ccf-d69285efe845@group-FDFF7FF3AA0E-LeaderElection7
2024-04-24 06:58:59,127 [af396eb3-dbe1-4cff-9ccf-d69285efe845@group-FDFF7FF3AA0E-LeaderElection7] INFO  impl.LeaderElection (LeaderElection.java:askForVotes(321)) - af396eb3-dbe1-4cff-9ccf-d69285efe845@group-FDFF7FF3AA0E-LeaderElection7 PRE_VOTE round 0: submit vote requests at term 0 for -1: peers:[c635de7f-7955-4843-9021-ff51e3697f04|127.0.0.1:15014, 356ba7ca-2ac8-4352-a0c1-d7eac5981de9|127.0.0.1:15023, af396eb3-dbe1-4cff-9ccf-d69285efe845|127.0.0.1:15032]|listeners:[], old=null
2024-04-24 06:58:59,128 [af396eb3-dbe1-4cff-9ccf-d69285efe845@group-FDFF7FF3AA0E-LeaderElection7-1] INFO  server.GrpcServerProtocolClient (GrpcServerProtocolClient.java:<init>(65)) - Build channel for c635de7f-7955-4843-9021-ff51e3697f04|127.0.0.1:15014
2024-04-24 06:58:59,128 [af396eb3-dbe1-4cff-9ccf-d69285efe845@group-FDFF7FF3AA0E-LeaderElection7-2] INFO  server.GrpcServerProtocolClient (GrpcServerProtocolClient.java:<init>(65)) - Build channel for 356ba7ca-2ac8-4352-a0c1-d7eac5981de9|127.0.0.1:15023
2024-04-24 06:58:59,128 [af396eb3-dbe1-4cff-9ccf-d69285efe845@group-FDFF7FF3AA0E-LeaderElection7] INFO  server.RaftServerConfigKeys (ConfUtils.java:logFallback(53)) - raft.server.rpc.first-election.timeout.min = 5s (fallback to raft.server.rpc.timeout.min)
2024-04-24 06:58:59,129 [af396eb3-dbe1-4cff-9ccf-d69285efe845@group-FDFF7FF3AA0E-LeaderElection7] INFO  server.RaftServerConfigKeys (ConfUtils.java:logFallback(53)) - raft.server.rpc.first-election.timeout.max = 5200ms (fallback to raft.server.rpc.timeout.max)
2024-04-24 06:58:59,132 [356ba7ca-2ac8-4352-a0c1-d7eac5981de9@group-FDFF7FF3AA0E-FollowerState] INFO  impl.FollowerState (FollowerState.java:run(143)) - 356ba7ca-2ac8-4352-a0c1-d7eac5981de9@group-FDFF7FF3AA0E-FollowerState: change to CANDIDATE, lastRpcElapsedTime:5075589396ns, electionTimeout:5068ms
2024-04-24 06:58:59,132 [356ba7ca-2ac8-4352-a0c1-d7eac5981de9@group-FDFF7FF3AA0E-FollowerState] INFO  impl.RoleInfo (RoleInfo.java:shutdownFollowerState(110)) - 356ba7ca-2ac8-4352-a0c1-d7eac5981de9: shutdown 356ba7ca-2ac8-4352-a0c1-d7eac5981de9@group-FDFF7FF3AA0E-FollowerState
2024-04-24 06:58:59,132 [356ba7ca-2ac8-4352-a0c1-d7eac5981de9@group-FDFF7FF3AA0E-FollowerState] INFO  server.RaftServer$Division (RaftServerImpl.java:setRole(383)) - 356ba7ca-2ac8-4352-a0c1-d7eac5981de9@group-FDFF7FF3AA0E: changes role from  FOLLOWER to CANDIDATE at term 0 for changeToCandidate
2024-04-24 06:58:59,132 [356ba7ca-2ac8-4352-a0c1-d7eac5981de9@group-FDFF7FF3AA0E-FollowerState] INFO  server.RaftServerConfigKeys (ConfUtils.java:logGet(46)) - raft.server.leaderelection.pre-vote = true (default)
2024-04-24 06:58:59,132 [356ba7ca-2ac8-4352-a0c1-d7eac5981de9@group-FDFF7FF3AA0E-FollowerState] INFO  impl.RoleInfo (RoleInfo.java:updateAndGet(139)) - 356ba7ca-2ac8-4352-a0c1-d7eac5981de9: start 356ba7ca-2ac8-4352-a0c1-d7eac5981de9@group-FDFF7FF3AA0E-LeaderElection8
2024-04-24 06:58:59,135 [356ba7ca-2ac8-4352-a0c1-d7eac5981de9@group-FDFF7FF3AA0E-LeaderElection8] INFO  impl.LeaderElection (LeaderElection.java:askForVotes(321)) - 356ba7ca-2ac8-4352-a0c1-d7eac5981de9@group-FDFF7FF3AA0E-LeaderElection8 PRE_VOTE round 0: submit vote requests at term 0 for -1: peers:[c635de7f-7955-4843-9021-ff51e3697f04|127.0.0.1:15014, 356ba7ca-2ac8-4352-a0c1-d7eac5981de9|127.0.0.1:15023, af396eb3-dbe1-4cff-9ccf-d69285efe845|127.0.0.1:15032]|listeners:[], old=null
2024-04-24 06:58:59,136 [grpc-default-executor-1] INFO  server.RaftServer$Division (RaftServerImpl.java:requestVote(1389)) - 356ba7ca-2ac8-4352-a0c1-d7eac5981de9@group-FDFF7FF3AA0E: receive requestVote(PRE_VOTE, af396eb3-dbe1-4cff-9ccf-d69285efe845, group-FDFF7FF3AA0E, 0, (t:0, i:0))
2024-04-24 06:58:59,136 [grpc-default-executor-1] INFO  impl.VoteContext (VoteContext.java:log(49)) - 356ba7ca-2ac8-4352-a0c1-d7eac5981de9@group-FDFF7FF3AA0E-CANDIDATE: accept PRE_VOTE from af396eb3-dbe1-4cff-9ccf-d69285efe845: our priority 0 <= candidate's priority 0
2024-04-24 06:58:59,136 [grpc-default-executor-1] INFO  server.RaftServer$Division (RaftServerImpl.java:requestVote(1422)) - 356ba7ca-2ac8-4352-a0c1-d7eac5981de9@group-FDFF7FF3AA0E replies to PRE_VOTE vote request: af396eb3-dbe1-4cff-9ccf-d69285efe845<-356ba7ca-2ac8-4352-a0c1-d7eac5981de9#0:OK-t0. Peer's state: 356ba7ca-2ac8-4352-a0c1-d7eac5981de9@group-FDFF7FF3AA0E:t0, leader=null, voted=, raftlog=Memoized:356ba7ca-2ac8-4352-a0c1-d7eac5981de9@group-FDFF7FF3AA0E-SegmentedRaftLog:OPENED:c-1, conf=-1: peers:[c635de7f-7955-4843-9021-ff51e3697f04|127.0.0.1:15014, 356ba7ca-2ac8-4352-a0c1-d7eac5981de9|127.0.0.1:15023, af396eb3-dbe1-4cff-9ccf-d69285efe845|127.0.0.1:15032]|listeners:[], old=null
2024-04-24 06:58:59,140 [grpc-default-executor-1] INFO  server.RaftServer$Division (RaftServerImpl.java:requestVote(1389)) - c635de7f-7955-4843-9021-ff51e3697f04@group-FDFF7FF3AA0E: receive requestVote(PRE_VOTE, af396eb3-dbe1-4cff-9ccf-d69285efe845, group-FDFF7FF3AA0E, 0, (t:0, i:0))
2024-04-24 06:58:59,140 [grpc-default-executor-1] INFO  impl.VoteContext (VoteContext.java:log(49)) - c635de7f-7955-4843-9021-ff51e3697f04@group-FDFF7FF3AA0E-FOLLOWER: reject PRE_VOTE from af396eb3-dbe1-4cff-9ccf-d69285efe845: our priority 1 > candidate's priority 0
2024-04-24 06:58:59,141 [grpc-default-executor-1] INFO  server.RaftServer$Division (RaftServerImpl.java:requestVote(1422)) - c635de7f-7955-4843-9021-ff51e3697f04@group-FDFF7FF3AA0E replies to PRE_VOTE vote request: af396eb3-dbe1-4cff-9ccf-d69285efe845<-c635de7f-7955-4843-9021-ff51e3697f04#0:FAIL-t0. Peer's state: c635de7f-7955-4843-9021-ff51e3697f04@group-FDFF7FF3AA0E:t0, leader=null, voted=, raftlog=Memoized:c635de7f-7955-4843-9021-ff51e3697f04@group-FDFF7FF3AA0E-SegmentedRaftLog:OPENED:c-1, conf=-1: peers:[c635de7f-7955-4843-9021-ff51e3697f04|127.0.0.1:15014, 356ba7ca-2ac8-4352-a0c1-d7eac5981de9|127.0.0.1:15023, af396eb3-dbe1-4cff-9ccf-d69285efe845|127.0.0.1:15032]|listeners:[], old=null
2024-04-24 06:58:59,141 [grpc-default-executor-2] INFO  server.RaftServer$Division (RaftServerImpl.java:requestVote(1389)) - c635de7f-7955-4843-9021-ff51e3697f04@group-FDFF7FF3AA0E: receive requestVote(PRE_VOTE, 356ba7ca-2ac8-4352-a0c1-d7eac5981de9, group-FDFF7FF3AA0E, 0, (t:0, i:0))
2024-04-24 06:58:59,141 [grpc-default-executor-2] INFO  impl.VoteContext (VoteContext.java:log(49)) - c635de7f-7955-4843-9021-ff51e3697f04@group-FDFF7FF3AA0E-FOLLOWER: reject PRE_VOTE from 356ba7ca-2ac8-4352-a0c1-d7eac5981de9: our priority 1 > candidate's priority 0
2024-04-24 06:58:59,141 [grpc-default-executor-2] INFO  server.RaftServer$Division (RaftServerImpl.java:requestVote(1422)) - c635de7f-7955-4843-9021-ff51e3697f04@group-FDFF7FF3AA0E replies to PRE_VOTE vote request: 356ba7ca-2ac8-4352-a0c1-d7eac5981de9<-c635de7f-7955-4843-9021-ff51e3697f04#0:FAIL-t0. Peer's state: c635de7f-7955-4843-9021-ff51e3697f04@group-FDFF7FF3AA0E:t0, leader=null, voted=, raftlog=Memoized:c635de7f-7955-4843-9021-ff51e3697f04@group-FDFF7FF3AA0E-SegmentedRaftLog:OPENED:c-1, conf=-1: peers:[c635de7f-7955-4843-9021-ff51e3697f04|127.0.0.1:15014, 356ba7ca-2ac8-4352-a0c1-d7eac5981de9|127.0.0.1:15023, af396eb3-dbe1-4cff-9ccf-d69285efe845|127.0.0.1:15032]|listeners:[], old=null
2024-04-24 06:58:59,143 [356ba7ca-2ac8-4352-a0c1-d7eac5981de9@group-FDFF7FF3AA0E-LeaderElection8] INFO  server.RaftServerConfigKeys (ConfUtils.java:logFallback(53)) - raft.server.rpc.first-election.timeout.min = 5s (fallback to raft.server.rpc.timeout.min)
2024-04-24 06:58:59,143 [356ba7ca-2ac8-4352-a0c1-d7eac5981de9@group-FDFF7FF3AA0E-LeaderElection8] INFO  server.RaftServerConfigKeys (ConfUtils.java:logFallback(53)) - raft.server.rpc.first-election.timeout.max = 5200ms (fallback to raft.server.rpc.timeout.max)
2024-04-24 06:58:59,143 [356ba7ca-2ac8-4352-a0c1-d7eac5981de9@group-FDFF7FF3AA0E-LeaderElection8] INFO  impl.LeaderElection (LeaderElection.java:logAndReturn(89)) - 356ba7ca-2ac8-4352-a0c1-d7eac5981de9@group-FDFF7FF3AA0E-LeaderElection8: PRE_VOTE REJECTED received 1 response(s) and 0 exception(s):
2024-04-24 06:58:59,143 [356ba7ca-2ac8-4352-a0c1-d7eac5981de9@group-FDFF7FF3AA0E-LeaderElection8] INFO  impl.LeaderElection (LeaderElection.java:logAndReturn(93)) -   Response 0: 356ba7ca-2ac8-4352-a0c1-d7eac5981de9<-c635de7f-7955-4843-9021-ff51e3697f04#0:FAIL-t0
2024-04-24 06:58:59,144 [356ba7ca-2ac8-4352-a0c1-d7eac5981de9@group-FDFF7FF3AA0E-LeaderElection8] INFO  impl.LeaderElection (LeaderElection.java:askForVotes(323)) - 356ba7ca-2ac8-4352-a0c1-d7eac5981de9@group-FDFF7FF3AA0E-LeaderElection8 PRE_VOTE round 0: result REJECTED
2024-04-24 06:58:59,144 [356ba7ca-2ac8-4352-a0c1-d7eac5981de9@group-FDFF7FF3AA0E-LeaderElection8] INFO  server.RaftServer$Division (RaftServerImpl.java:setRole(383)) - 356ba7ca-2ac8-4352-a0c1-d7eac5981de9@group-FDFF7FF3AA0E: changes role from CANDIDATE to FOLLOWER at term 0 for REJECTED
2024-04-24 06:58:59,144 [356ba7ca-2ac8-4352-a0c1-d7eac5981de9@group-FDFF7FF3AA0E-LeaderElection8] INFO  impl.RoleInfo (RoleInfo.java:shutdownLeaderElection(130)) - 356ba7ca-2ac8-4352-a0c1-d7eac5981de9: shutdown 356ba7ca-2ac8-4352-a0c1-d7eac5981de9@group-FDFF7FF3AA0E-LeaderElection8
2024-04-24 06:58:59,144 [356ba7ca-2ac8-4352-a0c1-d7eac5981de9@group-FDFF7FF3AA0E-LeaderElection8] INFO  impl.RoleInfo (RoleInfo.java:updateAndGet(139)) - 356ba7ca-2ac8-4352-a0c1-d7eac5981de9: start 356ba7ca-2ac8-4352-a0c1-d7eac5981de9@group-FDFF7FF3AA0E-FollowerState
2024-04-24 06:58:59,144 [grpc-default-executor-2] INFO  server.RaftServer$Division (RaftServerImpl.java:requestVote(1389)) - af396eb3-dbe1-4cff-9ccf-d69285efe845@group-FDFF7FF3AA0E: receive requestVote(PRE_VOTE, 356ba7ca-2ac8-4352-a0c1-d7eac5981de9, group-FDFF7FF3AA0E, 0, (t:0, i:0))
2024-04-24 06:58:59,144 [grpc-default-executor-2] INFO  impl.VoteContext (VoteContext.java:log(49)) - af396eb3-dbe1-4cff-9ccf-d69285efe845@group-FDFF7FF3AA0E-CANDIDATE: accept PRE_VOTE from 356ba7ca-2ac8-4352-a0c1-d7eac5981de9: our priority 0 <= candidate's priority 0
2024-04-24 06:58:59,145 [grpc-default-executor-2] INFO  server.RaftServer$Division (RaftServerImpl.java:requestVote(1422)) - af396eb3-dbe1-4cff-9ccf-d69285efe845@group-FDFF7FF3AA0E replies to PRE_VOTE vote request: 356ba7ca-2ac8-4352-a0c1-d7eac5981de9<-af396eb3-dbe1-4cff-9ccf-d69285efe845#0:OK-t0. Peer's state: af396eb3-dbe1-4cff-9ccf-d69285efe845@group-FDFF7FF3AA0E:t0, leader=null, voted=, raftlog=Memoized:af396eb3-dbe1-4cff-9ccf-d69285efe845@group-FDFF7FF3AA0E-SegmentedRaftLog:OPENED:c-1, conf=-1: peers:[c635de7f-7955-4843-9021-ff51e3697f04|127.0.0.1:15014, 356ba7ca-2ac8-4352-a0c1-d7eac5981de9|127.0.0.1:15023, af396eb3-dbe1-4cff-9ccf-d69285efe845|127.0.0.1:15032]|listeners:[], old=null
2024-04-24 06:58:59,147 [af396eb3-dbe1-4cff-9ccf-d69285efe845@group-FDFF7FF3AA0E-LeaderElection7] INFO  impl.LeaderElection (LeaderElection.java:logAndReturn(89)) - af396eb3-dbe1-4cff-9ccf-d69285efe845@group-FDFF7FF3AA0E-LeaderElection7: PRE_VOTE REJECTED received 2 response(s) and 0 exception(s):
2024-04-24 06:58:59,147 [356ba7ca-2ac8-4352-a0c1-d7eac5981de9@group-FDFF7FF3AA0E-LeaderElection8] INFO  server.RaftServer$Division (RaftServerImpl.java:setFirstElection(574)) - 356ba7ca-2ac8-4352-a0c1-d7eac5981de9@group-FDFF7FF3AA0E: set firstElectionSinceStartup to false for REJECTED
2024-04-24 06:58:59,147 [af396eb3-dbe1-4cff-9ccf-d69285efe845@group-FDFF7FF3AA0E-LeaderElection7] INFO  impl.LeaderElection (LeaderElection.java:logAndReturn(93)) -   Response 0: af396eb3-dbe1-4cff-9ccf-d69285efe845<-c635de7f-7955-4843-9021-ff51e3697f04#0:FAIL-t0
2024-04-24 06:58:59,148 [af396eb3-dbe1-4cff-9ccf-d69285efe845@group-FDFF7FF3AA0E-LeaderElection7] INFO  impl.LeaderElection (LeaderElection.java:logAndReturn(93)) -   Response 1: af396eb3-dbe1-4cff-9ccf-d69285efe845<-356ba7ca-2ac8-4352-a0c1-d7eac5981de9#0:OK-t0
2024-04-24 06:58:59,148 [af396eb3-dbe1-4cff-9ccf-d69285efe845@group-FDFF7FF3AA0E-LeaderElection7] INFO  impl.LeaderElection (LeaderElection.java:askForVotes(323)) - af396eb3-dbe1-4cff-9ccf-d69285efe845@group-FDFF7FF3AA0E-LeaderElection7 PRE_VOTE round 0: result REJECTED
2024-04-24 06:58:59,148 [af396eb3-dbe1-4cff-9ccf-d69285efe845@group-FDFF7FF3AA0E-LeaderElection7] INFO  server.RaftServer$Division (RaftServerImpl.java:setRole(383)) - af396eb3-dbe1-4cff-9ccf-d69285efe845@group-FDFF7FF3AA0E: changes role from CANDIDATE to FOLLOWER at term 0 for REJECTED
2024-04-24 06:58:59,148 [af396eb3-dbe1-4cff-9ccf-d69285efe845@group-FDFF7FF3AA0E-LeaderElection7] INFO  impl.RoleInfo (RoleInfo.java:shutdownLeaderElection(130)) - af396eb3-dbe1-4cff-9ccf-d69285efe845: shutdown af396eb3-dbe1-4cff-9ccf-d69285efe845@group-FDFF7FF3AA0E-LeaderElection7
2024-04-24 06:58:59,148 [af396eb3-dbe1-4cff-9ccf-d69285efe845@group-FDFF7FF3AA0E-LeaderElection7] INFO  impl.RoleInfo (RoleInfo.java:updateAndGet(139)) - af396eb3-dbe1-4cff-9ccf-d69285efe845: start af396eb3-dbe1-4cff-9ccf-d69285efe845@group-FDFF7FF3AA0E-FollowerState
2024-04-24 06:58:59,148 [af396eb3-dbe1-4cff-9ccf-d69285efe845@group-FDFF7FF3AA0E-LeaderElection7] INFO  server.RaftServer$Division (RaftServerImpl.java:setFirstElection(574)) - af396eb3-dbe1-4cff-9ccf-d69285efe845@group-FDFF7FF3AA0E: set firstElectionSinceStartup to false for REJECTED
2024-04-24 06:58:59,229 [c635de7f-7955-4843-9021-ff51e3697f04@group-FDFF7FF3AA0E-FollowerState] INFO  impl.FollowerState (FollowerState.java:run(143)) - c635de7f-7955-4843-9021-ff51e3697f04@group-FDFF7FF3AA0E-FollowerState: change to CANDIDATE, lastRpcElapsedTime:5133390015ns, electionTimeout:5129ms
2024-04-24 06:58:59,229 [c635de7f-7955-4843-9021-ff51e3697f04@group-FDFF7FF3AA0E-FollowerState] INFO  impl.RoleInfo (RoleInfo.java:shutdownFollowerState(110)) - c635de7f-7955-4843-9021-ff51e3697f04: shutdown c635de7f-7955-4843-9021-ff51e3697f04@group-FDFF7FF3AA0E-FollowerState
2024-04-24 06:58:59,229 [c635de7f-7955-4843-9021-ff51e3697f04@group-FDFF7FF3AA0E-FollowerState] INFO  server.RaftServer$Division (RaftServerImpl.java:setRole(383)) - c635de7f-7955-4843-9021-ff51e3697f04@group-FDFF7FF3AA0E: changes role from  FOLLOWER to CANDIDATE at term 0 for changeToCandidate
2024-04-24 06:58:59,229 [c635de7f-7955-4843-9021-ff51e3697f04@group-FDFF7FF3AA0E-FollowerState] INFO  server.RaftServerConfigKeys (ConfUtils.java:logGet(46)) - raft.server.leaderelection.pre-vote = true (default)
2024-04-24 06:58:59,230 [c635de7f-7955-4843-9021-ff51e3697f04@group-FDFF7FF3AA0E-FollowerState] INFO  impl.RoleInfo (RoleInfo.java:updateAndGet(139)) - c635de7f-7955-4843-9021-ff51e3697f04: start c635de7f-7955-4843-9021-ff51e3697f04@group-FDFF7FF3AA0E-LeaderElection9
2024-04-24 06:58:59,230 [c635de7f-7955-4843-9021-ff51e3697f04@group-FDFF7FF3AA0E-LeaderElection9] INFO  impl.LeaderElection (LeaderElection.java:askForVotes(321)) - c635de7f-7955-4843-9021-ff51e3697f04@group-FDFF7FF3AA0E-LeaderElection9 PRE_VOTE round 0: submit vote requests at term 0 for -1: peers:[c635de7f-7955-4843-9021-ff51e3697f04|127.0.0.1:15014, 356ba7ca-2ac8-4352-a0c1-d7eac5981de9|127.0.0.1:15023, af396eb3-dbe1-4cff-9ccf-d69285efe845|127.0.0.1:15032]|listeners:[], old=null
2024-04-24 06:58:59,230 [c635de7f-7955-4843-9021-ff51e3697f04@group-FDFF7FF3AA0E-LeaderElection9] INFO  server.RaftServerConfigKeys (ConfUtils.java:logFallback(53)) - raft.server.rpc.first-election.timeout.min = 5s (fallback to raft.server.rpc.timeout.min)
2024-04-24 06:58:59,231 [c635de7f-7955-4843-9021-ff51e3697f04@group-FDFF7FF3AA0E-LeaderElection9] INFO  server.RaftServerConfigKeys (ConfUtils.java:logFallback(53)) - raft.server.rpc.first-election.timeout.max = 5200ms (fallback to raft.server.rpc.timeout.max)
2024-04-24 06:58:59,233 [grpc-default-executor-2] INFO  server.RaftServer$Division (RaftServerImpl.java:requestVote(1389)) - af396eb3-dbe1-4cff-9ccf-d69285efe845@group-FDFF7FF3AA0E: receive requestVote(PRE_VOTE, c635de7f-7955-4843-9021-ff51e3697f04, group-FDFF7FF3AA0E, 0, (t:0, i:0))
2024-04-24 06:58:59,233 [grpc-default-executor-2] INFO  impl.VoteContext (VoteContext.java:log(49)) - af396eb3-dbe1-4cff-9ccf-d69285efe845@group-FDFF7FF3AA0E-FOLLOWER: accept PRE_VOTE from c635de7f-7955-4843-9021-ff51e3697f04: our priority 0 <= candidate's priority 1
2024-04-24 06:58:59,233 [grpc-default-executor-2] INFO  server.RaftServer$Division (RaftServerImpl.java:requestVote(1422)) - af396eb3-dbe1-4cff-9ccf-d69285efe845@group-FDFF7FF3AA0E replies to PRE_VOTE vote request: c635de7f-7955-4843-9021-ff51e3697f04<-af396eb3-dbe1-4cff-9ccf-d69285efe845#0:OK-t0. Peer's state: af396eb3-dbe1-4cff-9ccf-d69285efe845@group-FDFF7FF3AA0E:t0, leader=null, voted=, raftlog=Memoized:af396eb3-dbe1-4cff-9ccf-d69285efe845@group-FDFF7FF3AA0E-SegmentedRaftLog:OPENED:c-1, conf=-1: peers:[c635de7f-7955-4843-9021-ff51e3697f04|127.0.0.1:15014, 356ba7ca-2ac8-4352-a0c1-d7eac5981de9|127.0.0.1:15023, af396eb3-dbe1-4cff-9ccf-d69285efe845|127.0.0.1:15032]|listeners:[], old=null
2024-04-24 06:58:59,234 [c635de7f-7955-4843-9021-ff51e3697f04@group-FDFF7FF3AA0E-LeaderElection9] INFO  impl.LeaderElection (LeaderElection.java:logAndReturn(89)) - c635de7f-7955-4843-9021-ff51e3697f04@group-FDFF7FF3AA0E-LeaderElection9: PRE_VOTE PASSED received 1 response(s) and 0 exception(s):
2024-04-24 06:58:59,234 [c635de7f-7955-4843-9021-ff51e3697f04@group-FDFF7FF3AA0E-LeaderElection9] INFO  impl.LeaderElection (LeaderElection.java:logAndReturn(93)) -   Response 0: c635de7f-7955-4843-9021-ff51e3697f04<-af396eb3-dbe1-4cff-9ccf-d69285efe845#0:OK-t0
2024-04-24 06:58:59,234 [c635de7f-7955-4843-9021-ff51e3697f04@group-FDFF7FF3AA0E-LeaderElection9] INFO  impl.LeaderElection (LeaderElection.java:askForVotes(323)) - c635de7f-7955-4843-9021-ff51e3697f04@group-FDFF7FF3AA0E-LeaderElection9 PRE_VOTE round 0: result PASSED
2024-04-24 06:58:59,236 [grpc-default-executor-1] INFO  server.RaftServer$Division (RaftServerImpl.java:requestVote(1389)) - 356ba7ca-2ac8-4352-a0c1-d7eac5981de9@group-FDFF7FF3AA0E: receive requestVote(PRE_VOTE, c635de7f-7955-4843-9021-ff51e3697f04, group-FDFF7FF3AA0E, 0, (t:0, i:0))
2024-04-24 06:58:59,236 [c635de7f-7955-4843-9021-ff51e3697f04@group-FDFF7FF3AA0E-LeaderElection9] INFO  impl.LeaderElection (LeaderElection.java:askForVotes(321)) - c635de7f-7955-4843-9021-ff51e3697f04@group-FDFF7FF3AA0E-LeaderElection9 ELECTION round 0: submit vote requests at term 1 for -1: peers:[c635de7f-7955-4843-9021-ff51e3697f04|127.0.0.1:15014, 356ba7ca-2ac8-4352-a0c1-d7eac5981de9|127.0.0.1:15023, af396eb3-dbe1-4cff-9ccf-d69285efe845|127.0.0.1:15032]|listeners:[], old=null
2024-04-24 06:58:59,236 [grpc-default-executor-1] INFO  impl.VoteContext (VoteContext.java:log(49)) - 356ba7ca-2ac8-4352-a0c1-d7eac5981de9@group-FDFF7FF3AA0E-FOLLOWER: accept PRE_VOTE from c635de7f-7955-4843-9021-ff51e3697f04: our priority 0 <= candidate's priority 1
2024-04-24 06:58:59,236 [grpc-default-executor-1] INFO  server.RaftServer$Division (RaftServerImpl.java:requestVote(1422)) - 356ba7ca-2ac8-4352-a0c1-d7eac5981de9@group-FDFF7FF3AA0E replies to PRE_VOTE vote request: c635de7f-7955-4843-9021-ff51e3697f04<-356ba7ca-2ac8-4352-a0c1-d7eac5981de9#0:OK-t0. Peer's state: 356ba7ca-2ac8-4352-a0c1-d7eac5981de9@group-FDFF7FF3AA0E:t0, leader=null, voted=, raftlog=Memoized:356ba7ca-2ac8-4352-a0c1-d7eac5981de9@group-FDFF7FF3AA0E-SegmentedRaftLog:OPENED:c-1, conf=-1: peers:[c635de7f-7955-4843-9021-ff51e3697f04|127.0.0.1:15014, 356ba7ca-2ac8-4352-a0c1-d7eac5981de9|127.0.0.1:15023, af396eb3-dbe1-4cff-9ccf-d69285efe845|127.0.0.1:15032]|listeners:[], old=null
2024-04-24 06:58:59,240 [grpc-default-executor-1] INFO  server.RaftServer$Division (RaftServerImpl.java:requestVote(1389)) - 356ba7ca-2ac8-4352-a0c1-d7eac5981de9@group-FDFF7FF3AA0E: receive requestVote(ELECTION, c635de7f-7955-4843-9021-ff51e3697f04, group-FDFF7FF3AA0E, 1, (t:0, i:0))
2024-04-24 06:58:59,240 [grpc-default-executor-1] INFO  impl.VoteContext (VoteContext.java:log(49)) - 356ba7ca-2ac8-4352-a0c1-d7eac5981de9@group-FDFF7FF3AA0E-FOLLOWER: accept ELECTION from c635de7f-7955-4843-9021-ff51e3697f04: our priority 0 <= candidate's priority 1
2024-04-24 06:58:59,241 [grpc-default-executor-1] INFO  server.RaftServer$Division (RaftServerImpl.java:setRole(383)) - 356ba7ca-2ac8-4352-a0c1-d7eac5981de9@group-FDFF7FF3AA0E: changes role from  FOLLOWER to FOLLOWER at term 1 for candidate:c635de7f-7955-4843-9021-ff51e3697f04
2024-04-24 06:58:59,241 [grpc-default-executor-1] INFO  impl.RoleInfo (RoleInfo.java:shutdownFollowerState(110)) - 356ba7ca-2ac8-4352-a0c1-d7eac5981de9: shutdown 356ba7ca-2ac8-4352-a0c1-d7eac5981de9@group-FDFF7FF3AA0E-FollowerState
2024-04-24 06:58:59,241 [grpc-default-executor-1] INFO  impl.RoleInfo (RoleInfo.java:updateAndGet(139)) - 356ba7ca-2ac8-4352-a0c1-d7eac5981de9: start 356ba7ca-2ac8-4352-a0c1-d7eac5981de9@group-FDFF7FF3AA0E-FollowerState
2024-04-24 06:58:59,241 [356ba7ca-2ac8-4352-a0c1-d7eac5981de9@group-FDFF7FF3AA0E-FollowerState] INFO  impl.FollowerState (FollowerState.java:run(152)) - 356ba7ca-2ac8-4352-a0c1-d7eac5981de9@group-FDFF7FF3AA0E-FollowerState was interrupted
2024-04-24 06:58:59,243 [c635de7f-7955-4843-9021-ff51e3697f04@group-FDFF7FF3AA0E-LeaderElection9] INFO  server.RaftServerConfigKeys (ConfUtils.java:logFallback(53)) - raft.server.rpc.first-election.timeout.min = 5s (fallback to raft.server.rpc.timeout.min)
2024-04-24 06:58:59,243 [c635de7f-7955-4843-9021-ff51e3697f04@group-FDFF7FF3AA0E-LeaderElection9] INFO  server.RaftServerConfigKeys (ConfUtils.java:logFallback(53)) - raft.server.rpc.first-election.timeout.max = 5200ms (fallback to raft.server.rpc.timeout.max)
2024-04-24 06:58:59,245 [grpc-default-executor-2] INFO  server.RaftServer$Division (RaftServerImpl.java:requestVote(1389)) - af396eb3-dbe1-4cff-9ccf-d69285efe845@group-FDFF7FF3AA0E: receive requestVote(ELECTION, c635de7f-7955-4843-9021-ff51e3697f04, group-FDFF7FF3AA0E, 1, (t:0, i:0))
2024-04-24 06:58:59,246 [grpc-default-executor-2] INFO  impl.VoteContext (VoteContext.java:log(49)) - af396eb3-dbe1-4cff-9ccf-d69285efe845@group-FDFF7FF3AA0E-FOLLOWER: accept ELECTION from c635de7f-7955-4843-9021-ff51e3697f04: our priority 0 <= candidate's priority 1
2024-04-24 06:58:59,246 [grpc-default-executor-2] INFO  server.RaftServer$Division (RaftServerImpl.java:setRole(383)) - af396eb3-dbe1-4cff-9ccf-d69285efe845@group-FDFF7FF3AA0E: changes role from  FOLLOWER to FOLLOWER at term 1 for candidate:c635de7f-7955-4843-9021-ff51e3697f04
2024-04-24 06:58:59,246 [grpc-default-executor-2] INFO  impl.RoleInfo (RoleInfo.java:shutdownFollowerState(110)) - af396eb3-dbe1-4cff-9ccf-d69285efe845: shutdown af396eb3-dbe1-4cff-9ccf-d69285efe845@group-FDFF7FF3AA0E-FollowerState
2024-04-24 06:58:59,246 [grpc-default-executor-2] INFO  impl.RoleInfo (RoleInfo.java:updateAndGet(139)) - af396eb3-dbe1-4cff-9ccf-d69285efe845: start af396eb3-dbe1-4cff-9ccf-d69285efe845@group-FDFF7FF3AA0E-FollowerState
2024-04-24 06:58:59,246 [af396eb3-dbe1-4cff-9ccf-d69285efe845@group-FDFF7FF3AA0E-FollowerState] INFO  impl.FollowerState (FollowerState.java:run(152)) - af396eb3-dbe1-4cff-9ccf-d69285efe845@group-FDFF7FF3AA0E-FollowerState was interrupted
2024-04-24 06:58:59,249 [grpc-default-executor-1] INFO  server.RaftServer$Division (RaftServerImpl.java:requestVote(1422)) - 356ba7ca-2ac8-4352-a0c1-d7eac5981de9@group-FDFF7FF3AA0E replies to ELECTION vote request: c635de7f-7955-4843-9021-ff51e3697f04<-356ba7ca-2ac8-4352-a0c1-d7eac5981de9#0:OK-t1. Peer's state: 356ba7ca-2ac8-4352-a0c1-d7eac5981de9@group-FDFF7FF3AA0E:t1, leader=null, voted=c635de7f-7955-4843-9021-ff51e3697f04, raftlog=Memoized:356ba7ca-2ac8-4352-a0c1-d7eac5981de9@group-FDFF7FF3AA0E-SegmentedRaftLog:OPENED:c-1, conf=-1: peers:[c635de7f-7955-4843-9021-ff51e3697f04|127.0.0.1:15014, 356ba7ca-2ac8-4352-a0c1-d7eac5981de9|127.0.0.1:15023, af396eb3-dbe1-4cff-9ccf-d69285efe845|127.0.0.1:15032]|listeners:[], old=null
2024-04-24 06:58:59,252 [grpc-default-executor-2] INFO  server.RaftServer$Division (RaftServerImpl.java:requestVote(1422)) - af396eb3-dbe1-4cff-9ccf-d69285efe845@group-FDFF7FF3AA0E replies to ELECTION vote request: c635de7f-7955-4843-9021-ff51e3697f04<-af396eb3-dbe1-4cff-9ccf-d69285efe845#0:OK-t1. Peer's state: af396eb3-dbe1-4cff-9ccf-d69285efe845@group-FDFF7FF3AA0E:t1, leader=null, voted=c635de7f-7955-4843-9021-ff51e3697f04, raftlog=Memoized:af396eb3-dbe1-4cff-9ccf-d69285efe845@group-FDFF7FF3AA0E-SegmentedRaftLog:OPENED:c-1, conf=-1: peers:[c635de7f-7955-4843-9021-ff51e3697f04|127.0.0.1:15014, 356ba7ca-2ac8-4352-a0c1-d7eac5981de9|127.0.0.1:15023, af396eb3-dbe1-4cff-9ccf-d69285efe845|127.0.0.1:15032]|listeners:[], old=null
2024-04-24 06:58:59,255 [c635de7f-7955-4843-9021-ff51e3697f04@group-FDFF7FF3AA0E-LeaderElection9] INFO  impl.LeaderElection (LeaderElection.java:logAndReturn(89)) - c635de7f-7955-4843-9021-ff51e3697f04@group-FDFF7FF3AA0E-LeaderElection9: ELECTION PASSED received 1 response(s) and 0 exception(s):
2024-04-24 06:58:59,256 [c635de7f-7955-4843-9021-ff51e3697f04@group-FDFF7FF3AA0E-LeaderElection9] INFO  impl.LeaderElection (LeaderElection.java:logAndReturn(93)) -   Response 0: c635de7f-7955-4843-9021-ff51e3697f04<-356ba7ca-2ac8-4352-a0c1-d7eac5981de9#0:OK-t1
2024-04-24 06:58:59,256 [c635de7f-7955-4843-9021-ff51e3697f04@group-FDFF7FF3AA0E-LeaderElection9] INFO  impl.LeaderElection (LeaderElection.java:askForVotes(323)) - c635de7f-7955-4843-9021-ff51e3697f04@group-FDFF7FF3AA0E-LeaderElection9 ELECTION round 0: result PASSED
2024-04-24 06:58:59,256 [c635de7f-7955-4843-9021-ff51e3697f04@group-FDFF7FF3AA0E-LeaderElection9] INFO  impl.RoleInfo (RoleInfo.java:shutdownLeaderElection(130)) - c635de7f-7955-4843-9021-ff51e3697f04: shutdown c635de7f-7955-4843-9021-ff51e3697f04@group-FDFF7FF3AA0E-LeaderElection9
2024-04-24 06:58:59,257 [c635de7f-7955-4843-9021-ff51e3697f04@group-FDFF7FF3AA0E-LeaderElection9] INFO  server.RaftServer$Division (RaftServerImpl.java:setRole(383)) - c635de7f-7955-4843-9021-ff51e3697f04@group-FDFF7FF3AA0E: changes role from CANDIDATE to LEADER at term 1 for changeToLeader
2024-04-24 06:58:59,257 [c635de7f-7955-4843-9021-ff51e3697f04@group-FDFF7FF3AA0E-LeaderElection9] INFO  server.RaftServerConfigKeys (ConfUtils.java:logGet(46)) - raft.server.staging.catchup.gap = 1000 (default)
2024-04-24 06:58:59,257 [c635de7f-7955-4843-9021-ff51e3697f04@group-FDFF7FF3AA0E-LeaderElection9] INFO  server.RaftServerConfigKeys (ConfUtils.java:logGet(46)) - raft.server.write.element-limit = 1024 (custom)
2024-04-24 06:58:59,257 [c635de7f-7955-4843-9021-ff51e3697f04@group-FDFF7FF3AA0E-LeaderElection9] INFO  server.RaftServerConfigKeys (ConfUtils.java:logGet(46)) - raft.server.write.byte-limit = 1024 M (=1073741824) (custom)
2024-04-24 06:58:59,258 [c635de7f-7955-4843-9021-ff51e3697f04@group-FDFF7FF3AA0E-LeaderElection9] INFO  server.RaftServerConfigKeys (ConfUtils.java:logGet(46)) - raft.server.watch.timeout = 180s (custom)
2024-04-24 06:58:59,258 [c635de7f-7955-4843-9021-ff51e3697f04@group-FDFF7FF3AA0E-LeaderElection9] INFO  server.RaftServerConfigKeys (ConfUtils.java:logGet(46)) - raft.server.watch.timeout.denomination = 1s (default)
2024-04-24 06:58:59,258 [c635de7f-7955-4843-9021-ff51e3697f04@group-FDFF7FF3AA0E-LeaderElection9] INFO  server.RaftServerConfigKeys (ConfUtils.java:logGet(46)) - raft.server.watch.element-limit = 65536 (default)
2024-04-24 06:58:59,258 [c635de7f-7955-4843-9021-ff51e3697f04@group-FDFF7FF3AA0E-LeaderElection9] INFO  server.RaftServerConfigKeys (ConfUtils.java:logGet(46)) - raft.server.read.leader.lease.enabled = false (default)
2024-04-24 06:58:59,258 [c635de7f-7955-4843-9021-ff51e3697f04@group-FDFF7FF3AA0E-LeaderElection9] INFO  server.RaftServerConfigKeys (ConfUtils.java:logGet(46)) - raft.server.read.leader.lease.timeout.ratio = 0.9 (default)
2024-04-24 06:58:59,258 [c635de7f-7955-4843-9021-ff51e3697f04@group-FDFF7FF3AA0E-LeaderElection9] INFO  server.RaftServerConfigKeys (ConfUtils.java:logGet(46)) - raft.server.rpc.timeout.min = 5s (custom)
2024-04-24 06:58:59,258 [c635de7f-7955-4843-9021-ff51e3697f04@group-FDFF7FF3AA0E-LeaderElection9] INFO  server.RaftServerConfigKeys (ConfUtils.java:logGet(46)) - raft.server.write.element-limit = 1024 (custom)
2024-04-24 06:58:59,258 [c635de7f-7955-4843-9021-ff51e3697f04@group-FDFF7FF3AA0E-LeaderElection9] INFO  server.RaftServerConfigKeys (ConfUtils.java:logGet(46)) - raft.server.write.follower.gap.ratio.max = -1.0 (default)
2024-04-24 06:58:59,259 [c635de7f-7955-4843-9021-ff51e3697f04@group-FDFF7FF3AA0E-LeaderElection9] INFO  server.RaftServerConfigKeys (ConfUtils.java:logGet(46)) - raft.server.log.appender.snapshot.chunk.size.max = 16MB (=16777216) (default)
2024-04-24 06:58:59,259 [c635de7f-7955-4843-9021-ff51e3697f04@group-FDFF7FF3AA0E-LeaderElection9] INFO  server.RaftServerConfigKeys (ConfUtils.java:logGet(46)) - raft.server.log.appender.buffer.byte-limit = 8388608 (custom)
2024-04-24 06:58:59,259 [c635de7f-7955-4843-9021-ff51e3697f04@group-FDFF7FF3AA0E-LeaderElection9] INFO  server.RaftServerConfigKeys (ConfUtils.java:logGet(46)) - raft.server.log.appender.buffer.element-limit = 1 (custom)
2024-04-24 06:58:59,260 [c635de7f-7955-4843-9021-ff51e3697f04@group-FDFF7FF3AA0E-LeaderElection9] INFO  server.RaftServerConfigKeys (ConfUtils.java:logGet(46)) - raft.server.log.appender.wait-time.min = 0μs (custom)
2024-04-24 06:58:59,260 [c635de7f-7955-4843-9021-ff51e3697f04@group-FDFF7FF3AA0E-LeaderElection9] INFO  grpc.GrpcConfigKeys (ConfUtils.java:logGet(46)) - raft.grpc.server.leader.outstanding.appends.max = 8 (default)
2024-04-24 06:58:59,260 [c635de7f-7955-4843-9021-ff51e3697f04@group-FDFF7FF3AA0E-LeaderElection9] INFO  server.RaftServerConfigKeys (ConfUtils.java:logGet(46)) - raft.server.rpc.request.timeout = 60s (custom)
2024-04-24 06:58:59,260 [c635de7f-7955-4843-9021-ff51e3697f04@group-FDFF7FF3AA0E-LeaderElection9] INFO  grpc.GrpcConfigKeys (ConfUtils.java:logGet(46)) - raft.grpc.server.install_snapshot.request.element-limit = 8 (default)
2024-04-24 06:58:59,260 [c635de7f-7955-4843-9021-ff51e3697f04@group-FDFF7FF3AA0E-LeaderElection9] INFO  grpc.GrpcConfigKeys (ConfUtils.java:logGet(46)) - raft.grpc.server.install_snapshot.request.timeout = 3000ms (default)
2024-04-24 06:58:59,260 [c635de7f-7955-4843-9021-ff51e3697f04@group-FDFF7FF3AA0E-LeaderElection9] INFO  grpc.GrpcConfigKeys (ConfUtils.java:logGet(46)) - raft.grpc.server.log-message.batch.duration = 5s (default)
2024-04-24 06:58:59,260 [c635de7f-7955-4843-9021-ff51e3697f04@group-FDFF7FF3AA0E-LeaderElection9] INFO  server.RaftServerConfigKeys (ConfUtils.java:logGet(46)) - raft.server.log.appender.install.snapshot.enabled = false (custom)
2024-04-24 06:58:59,260 [c635de7f-7955-4843-9021-ff51e3697f04@group-FDFF7FF3AA0E-LeaderElection9] INFO  grpc.GrpcConfigKeys (ConfUtils.java:logGet(46)) - raft.grpc.server.heartbeat.channel = true (default)
2024-04-24 06:58:59,262 [c635de7f-7955-4843-9021-ff51e3697f04@group-FDFF7FF3AA0E-LeaderElection9] INFO  server.RaftServerConfigKeys (ConfUtils.java:logGet(46)) - raft.server.log.appender.snapshot.chunk.size.max = 16MB (=16777216) (default)
2024-04-24 06:58:59,262 [c635de7f-7955-4843-9021-ff51e3697f04@group-FDFF7FF3AA0E-LeaderElection9] INFO  server.RaftServerConfigKeys (ConfUtils.java:logGet(46)) - raft.server.log.appender.buffer.byte-limit = 8388608 (custom)
2024-04-24 06:58:59,262 [c635de7f-7955-4843-9021-ff51e3697f04@group-FDFF7FF3AA0E-LeaderElection9] INFO  server.RaftServerConfigKeys (ConfUtils.java:logGet(46)) - raft.server.log.appender.buffer.element-limit = 1 (custom)
2024-04-24 06:58:59,262 [c635de7f-7955-4843-9021-ff51e3697f04@group-FDFF7FF3AA0E-LeaderElection9] INFO  server.RaftServerConfigKeys (ConfUtils.java:logGet(46)) - raft.server.log.appender.wait-time.min = 0μs (custom)
2024-04-24 06:58:59,262 [c635de7f-7955-4843-9021-ff51e3697f04@group-FDFF7FF3AA0E-LeaderElection9] INFO  grpc.GrpcConfigKeys (ConfUtils.java:logGet(46)) - raft.grpc.server.leader.outstanding.appends.max = 8 (default)
2024-04-24 06:58:59,262 [c635de7f-7955-4843-9021-ff51e3697f04@group-FDFF7FF3AA0E-LeaderElection9] INFO  server.RaftServerConfigKeys (ConfUtils.java:logGet(46)) - raft.server.rpc.request.timeout = 60s (custom)
2024-04-24 06:58:59,262 [c635de7f-7955-4843-9021-ff51e3697f04@group-FDFF7FF3AA0E-LeaderElection9] INFO  grpc.GrpcConfigKeys (ConfUtils.java:logGet(46)) - raft.grpc.server.install_snapshot.request.element-limit = 8 (default)
2024-04-24 06:58:59,262 [c635de7f-7955-4843-9021-ff51e3697f04@group-FDFF7FF3AA0E-LeaderElection9] INFO  grpc.GrpcConfigKeys (ConfUtils.java:logGet(46)) - raft.grpc.server.install_snapshot.request.timeout = 3000ms (default)
2024-04-24 06:58:59,262 [c635de7f-7955-4843-9021-ff51e3697f04@group-FDFF7FF3AA0E-LeaderElection9] INFO  grpc.GrpcConfigKeys (ConfUtils.java:logGet(46)) - raft.grpc.server.log-message.batch.duration = 5s (default)
2024-04-24 06:58:59,263 [c635de7f-7955-4843-9021-ff51e3697f04@group-FDFF7FF3AA0E-LeaderElection9] INFO  server.RaftServerConfigKeys (ConfUtils.java:logGet(46)) - raft.server.log.appender.install.snapshot.enabled = false (custom)
2024-04-24 06:58:59,263 [c635de7f-7955-4843-9021-ff51e3697f04@group-FDFF7FF3AA0E-LeaderElection9] INFO  grpc.GrpcConfigKeys (ConfUtils.java:logGet(46)) - raft.grpc.server.heartbeat.channel = true (default)
2024-04-24 06:58:59,263 [c635de7f-7955-4843-9021-ff51e3697f04@group-FDFF7FF3AA0E-LeaderElection9] INFO  impl.RoleInfo (RoleInfo.java:updateAndGet(139)) - c635de7f-7955-4843-9021-ff51e3697f04: start c635de7f-7955-4843-9021-ff51e3697f04@group-FDFF7FF3AA0E-LeaderStateImpl
2024-04-24 06:58:59,263 [c635de7f-7955-4843-9021-ff51e3697f04@group-FDFF7FF3AA0E-LeaderElection9] INFO  server.RaftServer$Division (RaftServerImpl.java:setFirstElection(574)) - c635de7f-7955-4843-9021-ff51e3697f04@group-FDFF7FF3AA0E: set firstElectionSinceStartup to false for becomeLeader
2024-04-24 06:58:59,263 [c635de7f-7955-4843-9021-ff51e3697f04@group-FDFF7FF3AA0E-LeaderElection9] INFO  ratis.XceiverServerRatis (XceiverServerRatis.java:handleLeaderChangedNotification(966)) - Leader change notification received for group: group-FDFF7FF3AA0E with new leaderId: c635de7f-7955-4843-9021-ff51e3697f04
2024-04-24 06:58:59,264 [c635de7f-7955-4843-9021-ff51e3697f04@group-FDFF7FF3AA0E-LeaderElection9] INFO  server.RaftServer$Division (ServerState.java:setLeader(269)) - c635de7f-7955-4843-9021-ff51e3697f04@group-FDFF7FF3AA0E: change Leader from null to c635de7f-7955-4843-9021-ff51e3697f04 at term 1 for becomeLeader, leader elected after 5216ms
2024-04-24 06:58:59,267 [EventQueue-PipelineReportForPipelineReportHandler] INFO  pipeline.PipelineReportHandler (PipelineReportHandler.java:processPipelineReport(136)) - Opened pipeline PipelineID=d9392581-a6cd-4348-8125-fdff7ff3aa0e
2024-04-24 06:58:59,268 [c635de7f-7955-4843-9021-ff51e3697f04@group-FDFF7FF3AA0E-LeaderElection9] INFO  segmented.SegmentedRaftLogWorker (SegmentedRaftLogWorker.java:startLogSegment(430)) - c635de7f-7955-4843-9021-ff51e3697f04@group-FDFF7FF3AA0E-SegmentedRaftLogWorker: Starting segment from index:0
2024-04-24 06:58:59,268 [c635de7f-7955-4843-9021-ff51e3697f04@group-FDFF7FF3AA0E-SegmentedRaftLogWorker] INFO  segmented.BufferedWriteChannel (BufferedWriteChannel.java:open(62)) - open log_inprogress_0 at position 0
2024-04-24 06:58:59,271 [c635de7f-7955-4843-9021-ff51e3697f04@group-FDFF7FF3AA0E-LeaderElection9] INFO  server.RaftServer$Division (ServerState.java:setRaftConf(386)) - c635de7f-7955-4843-9021-ff51e3697f04@group-FDFF7FF3AA0E: set configuration 0: peers:[c635de7f-7955-4843-9021-ff51e3697f04|127.0.0.1:15014, 356ba7ca-2ac8-4352-a0c1-d7eac5981de9|127.0.0.1:15023, af396eb3-dbe1-4cff-9ccf-d69285efe845|127.0.0.1:15032]|listeners:[], old=null
2024-04-24 06:58:59,278 [c635de7f-7955-4843-9021-ff51e3697f04@group-FDFF7FF3AA0E-SegmentedRaftLogWorker] INFO  segmented.SegmentedRaftLogWorker (SegmentedRaftLogWorker.java:execute(634)) - c635de7f-7955-4843-9021-ff51e3697f04@group-FDFF7FF3AA0E-SegmentedRaftLogWorker: created new log segment /home/runner/work/ozone/ozone/hadoop-ozone/integration-test/target/test-dir/MiniOzoneClusterImpl-402bd57a-b865-4622-973c-767f06725353/ozone-meta/datanode-1/ratis/d9392581-a6cd-4348-8125-fdff7ff3aa0e/current/log_inprogress_0
2024-04-24 06:58:59,285 [356ba7ca-2ac8-4352-a0c1-d7eac5981de9-server-thread1] INFO  ratis.XceiverServerRatis (XceiverServerRatis.java:handleLeaderChangedNotification(966)) - Leader change notification received for group: group-FDFF7FF3AA0E with new leaderId: c635de7f-7955-4843-9021-ff51e3697f04
2024-04-24 06:58:59,285 [356ba7ca-2ac8-4352-a0c1-d7eac5981de9-server-thread1] INFO  server.RaftServer$Division (ServerState.java:setLeader(269)) - 356ba7ca-2ac8-4352-a0c1-d7eac5981de9@group-FDFF7FF3AA0E: change Leader from null to c635de7f-7955-4843-9021-ff51e3697f04 at term 1 for appendEntries, leader elected after 5252ms
2024-04-24 06:58:59,301 [356ba7ca-2ac8-4352-a0c1-d7eac5981de9-server-thread3] INFO  server.RaftServer$Division (ServerState.java:setRaftConf(386)) - 356ba7ca-2ac8-4352-a0c1-d7eac5981de9@group-FDFF7FF3AA0E: set configuration 0: peers:[c635de7f-7955-4843-9021-ff51e3697f04|127.0.0.1:15014, 356ba7ca-2ac8-4352-a0c1-d7eac5981de9|127.0.0.1:15023, af396eb3-dbe1-4cff-9ccf-d69285efe845|127.0.0.1:15032]|listeners:[], old=null
2024-04-24 06:58:59,302 [356ba7ca-2ac8-4352-a0c1-d7eac5981de9-server-thread3] INFO  segmented.SegmentedRaftLogWorker (SegmentedRaftLogWorker.java:startLogSegment(430)) - 356ba7ca-2ac8-4352-a0c1-d7eac5981de9@group-FDFF7FF3AA0E-SegmentedRaftLogWorker: Starting segment from index:0
2024-04-24 06:58:59,302 [356ba7ca-2ac8-4352-a0c1-d7eac5981de9@group-FDFF7FF3AA0E-SegmentedRaftLogWorker] INFO  segmented.BufferedWriteChannel (BufferedWriteChannel.java:open(62)) - open log_inprogress_0 at position 0
2024-04-24 06:58:59,310 [af396eb3-dbe1-4cff-9ccf-d69285efe845-server-thread1] INFO  ratis.XceiverServerRatis (XceiverServerRatis.java:handleLeaderChangedNotification(966)) - Leader change notification received for group: group-FDFF7FF3AA0E with new leaderId: c635de7f-7955-4843-9021-ff51e3697f04
2024-04-24 06:58:59,310 [af396eb3-dbe1-4cff-9ccf-d69285efe845-server-thread1] INFO  server.RaftServer$Division (ServerState.java:setLeader(269)) - af396eb3-dbe1-4cff-9ccf-d69285efe845@group-FDFF7FF3AA0E: change Leader from null to c635de7f-7955-4843-9021-ff51e3697f04 at term 1 for appendEntries, leader elected after 5267ms
2024-04-24 06:58:59,314 [356ba7ca-2ac8-4352-a0c1-d7eac5981de9@group-FDFF7FF3AA0E-SegmentedRaftLogWorker] INFO  segmented.SegmentedRaftLogWorker (SegmentedRaftLogWorker.java:execute(634)) - 356ba7ca-2ac8-4352-a0c1-d7eac5981de9@group-FDFF7FF3AA0E-SegmentedRaftLogWorker: created new log segment /home/runner/work/ozone/ozone/hadoop-ozone/integration-test/target/test-dir/MiniOzoneClusterImpl-402bd57a-b865-4622-973c-767f06725353/ozone-meta/datanode-2/ratis/d9392581-a6cd-4348-8125-fdff7ff3aa0e/current/log_inprogress_0
2024-04-24 06:58:59,319 [af396eb3-dbe1-4cff-9ccf-d69285efe845-server-thread3] INFO  server.RaftServer$Division (ServerState.java:setRaftConf(386)) - af396eb3-dbe1-4cff-9ccf-d69285efe845@group-FDFF7FF3AA0E: set configuration 0: peers:[c635de7f-7955-4843-9021-ff51e3697f04|127.0.0.1:15014, 356ba7ca-2ac8-4352-a0c1-d7eac5981de9|127.0.0.1:15023, af396eb3-dbe1-4cff-9ccf-d69285efe845|127.0.0.1:15032]|listeners:[], old=null
2024-04-24 06:58:59,319 [af396eb3-dbe1-4cff-9ccf-d69285efe845-server-thread3] INFO  segmented.SegmentedRaftLogWorker (SegmentedRaftLogWorker.java:startLogSegment(430)) - af396eb3-dbe1-4cff-9ccf-d69285efe845@group-FDFF7FF3AA0E-SegmentedRaftLogWorker: Starting segment from index:0
2024-04-24 06:58:59,320 [c635de7f-7955-4843-9021-ff51e3697f04@group-FDFF7FF3AA0E-StateMachineUpdater] INFO  server.RaftServer$Division (LeaderStateImpl.java:isApplied(320)) - leader is ready since appliedIndex == 0 >= startIndex == 0
2024-04-24 06:58:59,320 [af396eb3-dbe1-4cff-9ccf-d69285efe845@group-FDFF7FF3AA0E-SegmentedRaftLogWorker] INFO  segmented.BufferedWriteChannel (BufferedWriteChannel.java:open(62)) - open log_inprogress_0 at position 0
2024-04-24 06:58:59,332 [af396eb3-dbe1-4cff-9ccf-d69285efe845@group-FDFF7FF3AA0E-SegmentedRaftLogWorker] INFO  segmented.SegmentedRaftLogWorker (SegmentedRaftLogWorker.java:execute(634)) - af396eb3-dbe1-4cff-9ccf-d69285efe845@group-FDFF7FF3AA0E-SegmentedRaftLogWorker: created new log segment /home/runner/work/ozone/ozone/hadoop-ozone/integration-test/target/test-dir/MiniOzoneClusterImpl-402bd57a-b865-4622-973c-767f06725353/ozone-meta/datanode-3/ratis/d9392581-a6cd-4348-8125-fdff7ff3aa0e/current/log_inprogress_0
2024-04-24 06:58:59,721 [main] INFO  ozone.MiniOzoneClusterImpl (MiniOzoneClusterImpl.java:lambda$waitForClusterToBeReady$0(194)) - Nodes are ready. Got 3 of 3 DN Heartbeats.
2024-04-24 06:58:59,721 [main] INFO  ozone.MiniOzoneClusterImpl (MiniOzoneClusterImpl.java:lambda$waitForClusterToBeReady$0(197)) - Cluster exits safe mode
2024-04-24 06:58:59,721 [main] INFO  ozone.MiniOzoneClusterImpl (MiniOzoneClusterImpl.java:lambda$waitForClusterToBeReady$0(199)) - SCM became leader
2024-04-24 06:58:59,737 [main] INFO  protocolPB.OmTransportFactory (OmTransportFactory.java:createFactory(62)) - Loading OM transport implementation org.apache.hadoop.ozone.om.protocolPB.Hadoop3OmTransportFactory as specified by configuration.
2024-04-24 06:59:00,051 [main] INFO  rpc.RpcClient (RpcClient.java:createVolume(466)) - Creating Volume: volume25783, with user62192 as owner and space quota set to -1 bytes, counts quota set to -1
2024-04-24 06:59:00,093 [om1-OMStateMachineApplyTransactionThread - 0] INFO  volume.OMVolumeCreateRequest (OMVolumeCreateRequest.java:validateAndUpdateCache(198)) - created volume:volume25783 for user:user62192
2024-04-24 06:59:00,101 [om1-OMDoubleBufferFlushThread] INFO  helpers.OmKeyInfo (OmKeyInfo.java:getCodec(71)) - OmKeyInfo.getCodec ignorePipeline = true
2024-04-24 06:59:00,101 [om1-OMDoubleBufferFlushThread] INFO  helpers.OmKeyInfo (OmKeyInfo.java:getCodec(71)) - OmKeyInfo.getCodec ignorePipeline = true
2024-04-24 06:59:00,101 [om1-OMDoubleBufferFlushThread] INFO  helpers.OmKeyInfo (OmKeyInfo.java:getCodec(71)) - OmKeyInfo.getCodec ignorePipeline = true
2024-04-24 06:59:00,101 [om1-OMDoubleBufferFlushThread] INFO  helpers.OmKeyInfo (OmKeyInfo.java:getCodec(71)) - OmKeyInfo.getCodec ignorePipeline = true
2024-04-24 06:59:00,101 [om1-OMDoubleBufferFlushThread] INFO  helpers.OmKeyInfo (OmKeyInfo.java:getCodec(71)) - OmKeyInfo.getCodec ignorePipeline = true
2024-04-24 06:59:00,109 [main] INFO  rpc.RpcClient (RpcClient.java:createBucket(692)) - Creating Bucket: volume25783/bucket39481, with bucket layout FILE_SYSTEM_OPTIMIZED, runner as owner, Versioning false, Storage Type set to DISK and Encryption set to false, Replication Type set to server-side default replication type, Namespace Quota set to -1, Space Quota set to -1 
2024-04-24 06:59:00,122 [om1-OMStateMachineApplyTransactionThread - 0] INFO  bucket.OMBucketCreateRequest (OMBucketCreateRequest.java:validateAndUpdateCache(293)) - created bucket: bucket39481 of layout FILE_SYSTEM_OPTIMIZED in volume: volume25783
2024-04-24 06:59:00,218 [main] INFO  protocolPB.OmTransportFactory (OmTransportFactory.java:createFactory(62)) - Loading OM transport implementation org.apache.hadoop.ozone.om.protocolPB.Hadoop3OmTransportFactory as specified by configuration.
2024-04-24 06:59:00,299 [IPC Server handler 0 on default port 15001] INFO  ha.SequenceIdGenerator (SequenceIdGenerator.java:getNextId(145)) - Allocate a batch for containerId, change lastId from 0 to 1000.
2024-04-24 06:59:00,308 [IPC Server handler 0 on default port 15001] WARN  ha.SequenceIdGenerator (SequenceIdGenerator.java:allocateBatch(258)) - Failed to allocate a batch for localId, expected lastId is 0, actual lastId is 113750153625600000.
2024-04-24 06:59:00,308 [IPC Server handler 0 on default port 15001] INFO  ha.SequenceIdGenerator (SequenceIdGenerator.java:getNextId(145)) - Allocate a batch for localId, change lastId from 113750153625600000 to 113750153625601000.
2024-04-24 06:59:00,374 [main] INFO  impl.MetricsSystemImpl (MetricsSystemImpl.java:init(158)) - XceiverClientMetrics metrics system started (again)
2024-04-24 06:59:01,350 [main] INFO  snapshot.TestSnapshotDirectoryCleaningService (TestSnapshotDirectoryCleaningService.java:lambda$assertTableRowCount$3(263)) - fileTable actual row count=14, expectedCount=14
2024-04-24 06:59:01,352 [main] INFO  snapshot.TestSnapshotDirectoryCleaningService (TestSnapshotDirectoryCleaningService.java:lambda$assertTableRowCount$3(263)) - directoryTable actual row count=13, expectedCount=13
2024-04-24 06:59:01,390 [om1-OMStateMachineApplyTransactionThread - 0] WARN  snapshot.OMSnapshotCreateRequest (OMSnapshotCreateRequest.java:estimateBucketDataSize(337)) - DefaultReplicationConfig is not correctly set in OmBucketInfo for volume 'volume25783' bucket 'bucket39481'. Falling back to config default 'RATIS/THREE'
2024-04-24 06:59:01,395 [om1-OMStateMachineApplyTransactionThread - 0] INFO  snapshot.OMSnapshotCreateRequest (OMSnapshotCreateRequest.java:validateAndUpdateCache(218)) - Created snapshot: 'snap1' with snapshotId: '4c9e003b-eed0-46de-8fdb-fe314c84c3cb' under path 'volume25783/bucket39481'
2024-04-24 06:59:01,436 [om1-OMDoubleBufferFlushThread] INFO  db.RDBCheckpointManager (RDBCheckpointManager.java:createCheckpoint(89)) - Created checkpoint in rocksDB at /home/runner/work/ozone/ozone/hadoop-ozone/integration-test/target/test-dir/MiniOzoneClusterImpl-402bd57a-b865-4622-973c-767f06725353/ozone-meta/db.snapshots/checkpointState/om.db-4c9e003b-eed0-46de-8fdb-fe314c84c3cb in 37 milliseconds
2024-04-24 06:59:01,443 [om1-OMDoubleBufferFlushThread] INFO  om.OmSnapshotManager (OmSnapshotManager.java:createOmSnapshotCheckpoint(499)) - Created checkpoint : /home/runner/work/ozone/ozone/hadoop-ozone/integration-test/target/test-dir/MiniOzoneClusterImpl-402bd57a-b865-4622-973c-767f06725353/ozone-meta/db.snapshots/checkpointState/om.db-4c9e003b-eed0-46de-8fdb-fe314c84c3cb for snapshot snap1
2024-04-24 06:59:02,157 [main] INFO  snapshot.TestSnapshotDirectoryCleaningService (TestSnapshotDirectoryCleaningService.java:lambda$assertTableRowCount$3(263)) - deletedDirectoryTable actual row count=0, expectedCount=0
2024-04-24 06:59:02,163 [main] INFO  snapshot.TestSnapshotDirectoryCleaningService (TestSnapshotDirectoryCleaningService.java:lambda$assertTableRowCount$3(263)) - fileTable actual row count=34, expectedCount=34
2024-04-24 06:59:02,166 [main] INFO  snapshot.TestSnapshotDirectoryCleaningService (TestSnapshotDirectoryCleaningService.java:lambda$assertTableRowCount$3(263)) - directoryTable actual row count=13, expectedCount=13
2024-04-24 06:59:02,181 [main] INFO  snapshot.TestSnapshotDirectoryCleaningService (TestSnapshotDirectoryCleaningService.java:lambda$assertTableRowCount$3(263)) - deletedDirectoryTable actual row count=0, expectedCount=1
2024-04-24 06:59:03,182 [main] INFO  snapshot.TestSnapshotDirectoryCleaningService (TestSnapshotDirectoryCleaningService.java:lambda$assertTableRowCount$3(263)) - deletedDirectoryTable actual row count=1, expectedCount=1
2024-04-24 06:59:03,201 [om1-OMStateMachineApplyTransactionThread - 0] WARN  snapshot.OMSnapshotCreateRequest (OMSnapshotCreateRequest.java:estimateBucketDataSize(337)) - DefaultReplicationConfig is not correctly set in OmBucketInfo for volume 'volume25783' bucket 'bucket39481'. Falling back to config default 'RATIS/THREE'
2024-04-24 06:59:03,201 [om1-OMStateMachineApplyTransactionThread - 0] INFO  snapshot.OMSnapshotCreateRequest (OMSnapshotCreateRequest.java:validateAndUpdateCache(218)) - Created snapshot: 'snap2' with snapshotId: '34412384-c05e-4537-9b48-0ca4cbff28cb' under path 'volume25783/bucket39481'
2024-04-24 06:59:03,232 [om1-OMDoubleBufferFlushThread] INFO  db.RDBCheckpointManager (RDBCheckpointManager.java:createCheckpoint(89)) - Created checkpoint in rocksDB at /home/runner/work/ozone/ozone/hadoop-ozone/integration-test/target/test-dir/MiniOzoneClusterImpl-402bd57a-b865-4622-973c-767f06725353/ozone-meta/db.snapshots/checkpointState/om.db-34412384-c05e-4537-9b48-0ca4cbff28cb in 28 milliseconds
2024-04-24 06:59:03,234 [om1-OMDoubleBufferFlushThread] WARN  om.OmSnapshotManager (OmSnapshotManager.java:performOperationOnKeys(566)) - Took 654869 ns to find endKey. Caller is deleteKeysFromDelDirTableInSnapshotScope
2024-04-24 06:59:03,234 [om1-OMDoubleBufferFlushThread] INFO  om.OmSnapshotManager (OmSnapshotManager.java:createOmSnapshotCheckpoint(499)) - Created checkpoint : /home/runner/work/ozone/ozone/hadoop-ozone/integration-test/target/test-dir/MiniOzoneClusterImpl-402bd57a-b865-4622-973c-767f06725353/ozone-meta/db.snapshots/checkpointState/om.db-34412384-c05e-4537-9b48-0ca4cbff28cb for snapshot snap2
2024-04-24 06:59:03,282 [main] INFO  snapshot.TestSnapshotDirectoryCleaningService (TestSnapshotDirectoryCleaningService.java:lambda$assertTableRowCount$3(263)) - deletedTable actual row count=10, expectedCount=10
2024-04-24 06:59:03,295 [om1-KeyDeletingService#0] INFO  snapshot.SnapshotCache (SnapshotCache.java:lambda$2(156)) - Loading SnapshotId: '34412384-c05e-4537-9b48-0ca4cbff28cb'
2024-04-24 06:59:03,296 [om1-KeyDeletingService#0] WARN  server.ServerUtils (ServerUtils.java:getDBPath(299)) - ozone.om.db.dirs is not configured. We recommend adding this setting. Falling back to ozone.metadata.dirs instead.
2024-04-24 06:59:03,297 [om1-KeyDeletingService#0] INFO  helpers.OmKeyInfo (OmKeyInfo.java:getCodec(71)) - OmKeyInfo.getCodec ignorePipeline = true
2024-04-24 06:59:03,301 [om1-OMStateMachineApplyTransactionThread - 0] WARN  snapshot.OMSnapshotCreateRequest (OMSnapshotCreateRequest.java:estimateBucketDataSize(337)) - DefaultReplicationConfig is not correctly set in OmBucketInfo for volume 'volume25783' bucket 'bucket39481'. Falling back to config default 'RATIS/THREE'
2024-04-24 06:59:03,302 [om1-OMStateMachineApplyTransactionThread - 0] INFO  snapshot.OMSnapshotCreateRequest (OMSnapshotCreateRequest.java:validateAndUpdateCache(218)) - Created snapshot: 'snap3' with snapshotId: 'cc49fa93-df65-47af-aa95-b2311e0f7914' under path 'volume25783/bucket39481'
2024-04-24 06:59:03,304 [om1-SnapshotDirectoryCleaningService#0] INFO  snapshot.SnapshotCache (SnapshotCache.java:lambda$2(156)) - Loading SnapshotId: '4c9e003b-eed0-46de-8fdb-fe314c84c3cb'
2024-04-24 06:59:03,304 [om1-SnapshotDirectoryCleaningService#0] WARN  server.ServerUtils (ServerUtils.java:getDBPath(299)) - ozone.om.db.dirs is not configured. We recommend adding this setting. Falling back to ozone.metadata.dirs instead.
2024-04-24 06:59:03,305 [om1-SnapshotDirectoryCleaningService#0] INFO  helpers.OmKeyInfo (OmKeyInfo.java:getCodec(71)) - OmKeyInfo.getCodec ignorePipeline = true
2024-04-24 06:59:03,359 [om1-SnapshotDirectoryCleaningService#0] INFO  audit.AuditLogger (AuditLogger.java:refreshDebugCmdSet(135)) - Refresh DebugCmdSet for OMAudit to [].
2024-04-24 06:59:03,363 [om1-KeyDeletingService#0] INFO  snapshot.SnapshotCache (SnapshotCache.java:lambda$2(156)) - Loading SnapshotId: 'cc49fa93-df65-47af-aa95-b2311e0f7914'
2024-04-24 06:59:03,364 [om1-KeyDeletingService#0] WARN  server.ServerUtils (ServerUtils.java:getDBPath(299)) - ozone.om.db.dirs is not configured. We recommend adding this setting. Falling back to ozone.metadata.dirs instead.
2024-04-24 06:59:03,369 [om1-OMStateMachineApplyTransactionThread - 0] INFO  snapshot.OMSnapshotSetPropertyRequest (OMSnapshotSetPropertyRequest.java:validateAndUpdateCache(123)) - Successfully executed snapshotSetPropertyRequest: {snapshotKey: "/volume25783/bucket39481/snap1"
deepCleanedDeletedDir: true
}.
2024-04-24 06:59:03,387 [IPC Server handler 12 on default port 15001] INFO  ha.SequenceIdGenerator (SequenceIdGenerator.java:getNextId(145)) - Allocate a batch for delTxnId, change lastId from 0 to 1000.
2024-04-24 06:59:03,443 [om1-OMStateMachineApplyTransactionThread - 0] INFO  snapshot.OMSnapshotSetPropertyRequest (OMSnapshotSetPropertyRequest.java:validateAndUpdateCache(123)) - Successfully executed snapshotSetPropertyRequest: {snapshotKey: "/volume25783/bucket39481/snap2"
deepCleanedDeletedDir: true
}.
2024-04-24 06:59:03,446 [om1-OMStateMachineApplyTransactionThread - 0] INFO  snapshot.OMSnapshotSetPropertyRequest (OMSnapshotSetPropertyRequest.java:validateAndUpdateCache(123)) - Successfully executed snapshotSetPropertyRequest: {snapshotKey: "/volume25783/bucket39481/snap1"
snapshotSize {
  exclusiveSize: 3
  exclusiveReplicatedSize: 9
}
}.
2024-04-24 06:59:05,805 [om1-OMStateMachineApplyTransactionThread - 0] INFO  snapshot.OMSnapshotSetPropertyRequest (OMSnapshotSetPropertyRequest.java:validateAndUpdateCache(123)) - Successfully executed snapshotSetPropertyRequest: {snapshotKey: "/volume25783/bucket39481/snap1"
deepCleanedDeletedDir: true
}.
2024-04-24 06:59:05,854 [om1-OMStateMachineApplyTransactionThread - 0] INFO  snapshot.OMSnapshotSetPropertyRequest (OMSnapshotSetPropertyRequest.java:validateAndUpdateCache(123)) - Successfully executed snapshotSetPropertyRequest: {snapshotKey: "/volume25783/bucket39481/snap2"
deepCleanedDeletedDir: true
}.
2024-04-24 06:59:05,856 [om1-OMStateMachineApplyTransactionThread - 0] INFO  snapshot.OMSnapshotSetPropertyRequest (OMSnapshotSetPropertyRequest.java:validateAndUpdateCache(123)) - Successfully executed snapshotSetPropertyRequest: {snapshotKey: "/volume25783/bucket39481/snap1"
snapshotSize {
  exclusiveSize: 3
  exclusiveReplicatedSize: 9
}
}.
2024-04-24 06:59:09,832 [om1-OMStateMachineApplyTransactionThread - 0] INFO  snapshot.OMSnapshotSetPropertyRequest (OMSnapshotSetPropertyRequest.java:validateAndUpdateCache(123)) - Successfully executed snapshotSetPropertyRequest: {snapshotKey: "/volume25783/bucket39481/snap1"
deepCleanedDeletedDir: true
}.
2024-04-24 06:59:09,884 [om1-OMStateMachineApplyTransactionThread - 0] INFO  snapshot.OMSnapshotSetPropertyRequest (OMSnapshotSetPropertyRequest.java:validateAndUpdateCache(123)) - Successfully executed snapshotSetPropertyRequest: {snapshotKey: "/volume25783/bucket39481/snap2"
deepCleanedDeletedDir: true
}.
2024-04-24 06:59:09,886 [om1-OMStateMachineApplyTransactionThread - 0] INFO  snapshot.OMSnapshotSetPropertyRequest (OMSnapshotSetPropertyRequest.java:validateAndUpdateCache(123)) - Successfully executed snapshotSetPropertyRequest: {snapshotKey: "/volume25783/bucket39481/snap1"
snapshotSize {
  exclusiveSize: 3
  exclusiveReplicatedSize: 9
}
}.
2024-04-24 06:59:10,806 [om1-OMStateMachineApplyTransactionThread - 0] INFO  snapshot.OMSnapshotSetPropertyRequest (OMSnapshotSetPropertyRequest.java:validateAndUpdateCache(123)) - Successfully executed snapshotSetPropertyRequest: {snapshotKey: "/volume25783/bucket39481/snap1"
deepCleanedDeletedDir: true
}.
]]></system-out>
  </testcase>
</testsuite>