<?xml version="1.0" encoding="UTF-8"?>
<testsuite xmlns:xsi="http://www.w3.org/2001/XMLSchema-instance" xsi:noNamespaceSchemaLocation="https://maven.apache.org/surefire/maven-surefire-plugin/xsd/surefire-test-report-3.0.xsd" version="3.0" name="org.apache.hadoop.ozone.TestHddsSecureDatanodeInit" time="48.235" tests="10" errors="1" skipped="0" failures="0">
  <properties>
    <property name="awt.toolkit" value="sun.awt.X11.XToolkit"/>
    <property name="file.encoding.pkg" value="sun.io"/>
    <property name="java.specification.version" value="1.8"/>
    <property name="sun.cpu.isalist" value=""/>
    <property name="sun.jnu.encoding" value="UTF-8"/>
    <property name="java.class.path" value="/home/runner/work/ozone/ozone/hadoop-hdds/container-service/target/test-classes:/home/runner/work/ozone/ozone/hadoop-hdds/container-service/target/classes:/home/runner/work/ozone/ozone/hadoop-hdds/common/target/classes:/home/runner/work/ozone/ozone/hadoop-hdds/hadoop-dependency-client/target/classes:/home/runner/.m2/repository/org/apache/hadoop/hadoop-annotations/3.3.5/hadoop-annotations-3.3.5.jar:/usr/lib/jvm/temurin-8-jdk-amd64/jre/../lib/tools.jar:/home/runner/.m2/repository/org/apache/hadoop/hadoop-common/3.3.5/hadoop-common-3.3.5.jar:/home/runner/.m2/repository/org/apache/hadoop/thirdparty/hadoop-shaded-guava/1.1.1/hadoop-shaded-guava-1.1.1.jar:/home/runner/.m2/repository/org/apache/httpcomponents/httpclient/4.5.13/httpclient-4.5.13.jar:/home/runner/.m2/repository/org/apache/httpcomponents/httpcore/4.4.13/httpcore-4.4.13.jar:/home/runner/.m2/repository/jakarta/activation/jakarta.activation-api/1.2.2/jakarta.activation-api-1.2.2.jar:/home/runner/.m2/repository/com/google/re2j/re2j/1.1/re2j-1.1.jar:/home/runner/.m2/repository/org/apache/hadoop/hadoop-auth/3.3.5/hadoop-auth-3.3.5.jar:/home/runner/.m2/repository/org/apache/kerby/kerb-core/1.0.1/kerb-core-1.0.1.jar:/home/runner/.m2/repository/org/apache/kerby/kerby-pkix/1.0.1/kerby-pkix-1.0.1.jar:/home/runner/.m2/repository/org/apache/kerby/kerby-asn1/1.0.1/kerby-asn1-1.0.1.jar:/home/runner/.m2/repository/org/apache/kerby/kerby-util/1.0.1/kerby-util-1.0.1.jar:/home/runner/.m2/repository/org/codehaus/woodstox/stax2-api/4.2.1/stax2-api-4.2.1.jar:/home/runner/.m2/repository/com/fasterxml/woodstox/woodstox-core/5.4.0/woodstox-core-5.4.0.jar:/home/runner/.m2/repository/org/xerial/snappy/snappy-java/1.1.8.2/snappy-java-1.1.8.2.jar:/home/runner/.m2/repository/org/apache/hadoop/hadoop-hdfs/3.3.5/hadoop-hdfs-3.3.5.jar:/home/runner/.m2/repository/info/picocli/picocli/4.6.1/picocli-4.6.1.jar:/home/runner/.m2/repository/com/google/protobuf/protobuf-java/2.5.0/protobuf-java-2.5.0.jar:/home/runner/.m2/repository/com/google/guava/guava/31.1-jre/guava-31.1-jre.jar:/home/runner/.m2/repository/com/google/guava/failureaccess/1.0.1/failureaccess-1.0.1.jar:/home/runner/.m2/repository/com/google/guava/listenablefuture/9999.0-empty-to-avoid-conflict-with-guava/listenablefuture-9999.0-empty-to-avoid-conflict-with-guava.jar:/home/runner/.m2/repository/org/checkerframework/checker-qual/3.12.0/checker-qual-3.12.0.jar:/home/runner/.m2/repository/com/google/errorprone/error_prone_annotations/2.2.0/error_prone_annotations-2.2.0.jar:/home/runner/.m2/repository/com/google/j2objc/j2objc-annotations/1.3/j2objc-annotations-1.3.jar:/home/runner/.m2/repository/org/apache/commons/commons-lang3/3.7/commons-lang3-3.7.jar:/home/runner/.m2/repository/commons-io/commons-io/2.11.0/commons-io-2.11.0.jar:/home/runner/.m2/repository/com/fasterxml/jackson/core/jackson-annotations/2.13.4/jackson-annotations-2.13.4.jar:/home/runner/.m2/repository/com/fasterxml/jackson/datatype/jackson-datatype-jsr310/2.13.4/jackson-datatype-jsr310-2.13.4.jar:/home/runner/.m2/repository/com/fasterxml/jackson/core/jackson-core/2.13.4/jackson-core-2.13.4.jar:/home/runner/.m2/repository/com/fasterxml/jackson/core/jackson-databind/2.13.4.2/jackson-databind-2.13.4.2.jar:/home/runner/work/ozone/ozone/hadoop-hdds/annotations/target/classes:/home/runner/work/ozone/ozone/hadoop-hdds/config/target/classes:/home/runner/.m2/repository/javax/annotation/javax.annotation-api/1.2/javax.annotation-api-1.2.jar:/home/runner/.m2/repository/org/apache/ratis/ratis-server/2.5.1/ratis-server-2.5.1.jar:/home/runner/.m2/repository/org/apache/ratis/ratis-thirdparty-misc/1.0.4/ratis-thirdparty-misc-1.0.4.jar:/home/runner/.m2/repository/org/apache/ratis/ratis-proto/2.5.1/ratis-proto-2.5.1.jar:/home/runner/.m2/repository/org/apache/ratis/ratis-common/2.5.1/ratis-common-2.5.1.jar:/home/runner/.m2/repository/org/apache/ratis/ratis-client/2.5.1/ratis-client-2.5.1.jar:/home/runner/.m2/repository/org/apache/ratis/ratis-server-api/2.5.1/ratis-server-api-2.5.1.jar:/home/runner/.m2/repository/org/apache/ratis/ratis-metrics/2.5.1/ratis-metrics-2.5.1.jar:/home/runner/.m2/repository/org/apache/ratis/ratis-netty/2.5.1/ratis-netty-2.5.1.jar:/home/runner/.m2/repository/org/apache/ratis/ratis-grpc/2.5.1/ratis-grpc-2.5.1.jar:/home/runner/.m2/repository/org/apache/logging/log4j/log4j-api/2.17.1/log4j-api-2.17.1.jar:/home/runner/.m2/repository/org/apache/commons/commons-pool2/2.6.0/commons-pool2-2.6.0.jar:/home/runner/.m2/repository/org/bouncycastle/bcpkix-jdk15on/1.67/bcpkix-jdk15on-1.67.jar:/home/runner/.m2/repository/org/bouncycastle/bcprov-jdk15on/1.67/bcprov-jdk15on-1.67.jar:/home/runner/.m2/repository/commons-validator/commons-validator/1.6/commons-validator-1.6.jar:/home/runner/.m2/repository/commons-beanutils/commons-beanutils/1.9.4/commons-beanutils-1.9.4.jar:/home/runner/.m2/repository/commons-digester/commons-digester/1.8.1/commons-digester-1.8.1.jar:/home/runner/.m2/repository/commons-collections/commons-collections/3.2.2/commons-collections-3.2.2.jar:/home/runner/.m2/repository/io/jaegertracing/jaeger-client/1.6.0/jaeger-client-1.6.0.jar:/home/runner/.m2/repository/io/jaegertracing/jaeger-thrift/1.6.0/jaeger-thrift-1.6.0.jar:/home/runner/.m2/repository/org/apache/thrift/libthrift/0.14.1/libthrift-0.14.1.jar:/home/runner/.m2/repository/io/jaegertracing/jaeger-core/1.6.0/jaeger-core-1.6.0.jar:/home/runner/.m2/repository/com/google/code/gson/gson/2.9.0/gson-2.9.0.jar:/home/runner/.m2/repository/io/jaegertracing/jaeger-tracerresolver/1.6.0/jaeger-tracerresolver-1.6.0.jar:/home/runner/.m2/repository/io/opentracing/contrib/opentracing-tracerresolver/0.1.8/opentracing-tracerresolver-0.1.8.jar:/home/runner/.m2/repository/org/jetbrains/kotlin/kotlin-stdlib/1.6.21/kotlin-stdlib-1.6.21.jar:/home/runner/.m2/repository/org/jetbrains/kotlin/kotlin-stdlib-common/1.6.21/kotlin-stdlib-common-1.6.21.jar:/home/runner/.m2/repository/org/jetbrains/annotations/13.0/annotations-13.0.jar:/home/runner/.m2/repository/io/opentracing/opentracing-util/0.33.0/opentracing-util-0.33.0.jar:/home/runner/.m2/repository/io/opentracing/opentracing-api/0.33.0/opentracing-api-0.33.0.jar:/home/runner/.m2/repository/io/opentracing/opentracing-noop/0.33.0/opentracing-noop-0.33.0.jar:/home/runner/.m2/repository/org/reflections/reflections/0.9.11/reflections-0.9.11.jar:/home/runner/.m2/repository/org/javassist/javassist/3.21.0-GA/javassist-3.21.0-GA.jar:/home/runner/work/ozone/ozone/hadoop-hdds/interface-client/target/classes:/home/runner/.m2/repository/org/apache/hadoop/thirdparty/hadoop-shaded-protobuf_3_7/1.1.1/hadoop-shaded-protobuf_3_7-1.1.1.jar:/home/runner/work/ozone/ozone/hadoop-hdds/interface-admin/target/classes:/home/runner/work/ozone/ozone/hadoop-hdds/test-utils/target/classes:/home/runner/.m2/repository/commons-logging/commons-logging/1.2/commons-logging-1.2.jar:/home/runner/.m2/repository/org/junit/jupiter/junit-jupiter-api/5.8.2/junit-jupiter-api-5.8.2.jar:/home/runner/.m2/repository/org/opentest4j/opentest4j/1.2.0/opentest4j-1.2.0.jar:/home/runner/.m2/repository/org/junit/platform/junit-platform-commons/1.8.2/junit-platform-commons-1.8.2.jar:/home/runner/.m2/repository/ch/qos/reload4j/reload4j/1.2.22/reload4j-1.2.22.jar:/home/runner/.m2/repository/org/slf4j/slf4j-api/1.7.36/slf4j-api-1.7.36.jar:/home/runner/.m2/repository/org/apache/commons/commons-compress/1.21/commons-compress-1.21.jar:/home/runner/.m2/repository/com/github/luben/zstd-jni/1.5.2-5/zstd-jni-1.5.2-5.jar:/home/runner/work/ozone/ozone/hadoop-hdds/common/target/test-classes:/home/runner/work/ozone/ozone/hadoop-hdds/framework/target/classes:/home/runner/work/ozone/ozone/hadoop-hdds/interface-server/target/classes:/home/runner/work/ozone/ozone/hadoop-hdds/managed-rocksdb/target/classes:/home/runner/.m2/repository/org/rocksdb/rocksdbjni/7.7.3/rocksdbjni-7.7.3.jar:/home/runner/work/ozone/ozone/hadoop-hdds/hadoop-dependency-server/target/classes:/home/runner/.m2/repository/commons-cli/commons-cli/1.2/commons-cli-1.2.jar:/home/runner/.m2/repository/org/apache/commons/commons-configuration2/2.1.1/commons-configuration2-2.1.1.jar:/home/runner/.m2/repository/org/apache/logging/log4j/log4j-core/2.17.1/log4j-core-2.17.1.jar:/home/runner/.m2/repository/com/lmax/disruptor/3.4.2/disruptor-3.4.2.jar:/home/runner/.m2/repository/org/eclipse/jetty/jetty-util/9.4.51.v20230217/jetty-util-9.4.51.v20230217.jar:/home/runner/.m2/repository/org/eclipse/jetty/jetty-server/9.4.51.v20230217/jetty-server-9.4.51.v20230217.jar:/home/runner/.m2/repository/javax/servlet/javax.servlet-api/3.1.0/javax.servlet-api-3.1.0.jar:/home/runner/.m2/repository/org/eclipse/jetty/jetty-http/9.4.51.v20230217/jetty-http-9.4.51.v20230217.jar:/home/runner/.m2/repository/org/eclipse/jetty/jetty-io/9.4.51.v20230217/jetty-io-9.4.51.v20230217.jar:/home/runner/.m2/repository/org/eclipse/jetty/jetty-servlet/9.4.51.v20230217/jetty-servlet-9.4.51.v20230217.jar:/home/runner/.m2/repository/org/eclipse/jetty/jetty-security/9.4.51.v20230217/jetty-security-9.4.51.v20230217.jar:/home/runner/.m2/repository/org/eclipse/jetty/jetty-util-ajax/9.4.51.v20230217/jetty-util-ajax-9.4.51.v20230217.jar:/home/runner/.m2/repository/org/eclipse/jetty/jetty-webapp/9.4.51.v20230217/jetty-webapp-9.4.51.v20230217.jar:/home/runner/.m2/repository/org/eclipse/jetty/jetty-xml/9.4.51.v20230217/jetty-xml-9.4.51.v20230217.jar:/home/runner/.m2/repository/io/prometheus/simpleclient_dropwizard/0.7.0/simpleclient_dropwizard-0.7.0.jar:/home/runner/.m2/repository/io/prometheus/simpleclient/0.7.0/simpleclient-0.7.0.jar:/home/runner/.m2/repository/io/prometheus/simpleclient_common/0.7.0/simpleclient_common-0.7.0.jar:/home/runner/.m2/repository/org/apache/hadoop/hadoop-hdfs-client/3.3.5/hadoop-hdfs-client-3.3.5.jar:/home/runner/.m2/repository/com/squareup/okhttp3/okhttp/4.9.3/okhttp-4.9.3.jar:/home/runner/.m2/repository/com/squareup/okio/okio/2.8.0/okio-2.8.0.jar:/home/runner/work/ozone/ozone/hadoop-hdds/rocksdb-checkpoint-differ/target/classes:/home/runner/work/ozone/ozone/hadoop-hdds/rocks-native/target/classes:/home/runner/.m2/repository/org/awaitility/awaitility/4.2.0/awaitility-4.2.0.jar:/home/runner/.m2/repository/org/hamcrest/hamcrest/2.1/hamcrest-2.1.jar:/home/runner/work/ozone/ozone/hadoop-hdds/client/target/classes:/home/runner/work/ozone/ozone/hadoop-hdds/erasurecode/target/classes:/home/runner/.m2/repository/commons-codec/commons-codec/1.15/commons-codec-1.15.jar:/home/runner/.m2/repository/io/dropwizard/metrics/metrics-core/3.2.4/metrics-core-3.2.4.jar:/home/runner/.m2/repository/org/mockito/mockito-core/2.28.2/mockito-core-2.28.2.jar:/home/runner/.m2/repository/net/bytebuddy/byte-buddy/1.9.10/byte-buddy-1.9.10.jar:/home/runner/.m2/repository/net/bytebuddy/byte-buddy-agent/1.9.10/byte-buddy-agent-1.9.10.jar:/home/runner/.m2/repository/org/objenesis/objenesis/1.0/objenesis-1.0.jar:/home/runner/.m2/repository/org/yaml/snakeyaml/2.0/snakeyaml-2.0.jar:/home/runner/work/ozone/ozone/hadoop-hdds/docs/target/classes:/home/runner/.m2/repository/com/github/spotbugs/spotbugs-annotations/3.1.12/spotbugs-annotations-3.1.12.jar:/home/runner/.m2/repository/com/google/code/findbugs/jsr305/3.0.0/jsr305-3.0.0.jar:/home/runner/.m2/repository/org/powermock/powermock-module-junit4/2.0.4/powermock-module-junit4-2.0.4.jar:/home/runner/.m2/repository/org/powermock/powermock-module-junit4-common/2.0.4/powermock-module-junit4-common-2.0.4.jar:/home/runner/.m2/repository/org/powermock/powermock-reflect/2.0.4/powermock-reflect-2.0.4.jar:/home/runner/.m2/repository/org/powermock/powermock-core/2.0.4/powermock-core-2.0.4.jar:/home/runner/.m2/repository/org/hamcrest/hamcrest-core/1.3/hamcrest-core-1.3.jar:/home/runner/.m2/repository/org/powermock/powermock-api-mockito2/2.0.4/powermock-api-mockito2-2.0.4.jar:/home/runner/.m2/repository/org/powermock/powermock-api-support/2.0.4/powermock-api-support-2.0.4.jar:/home/runner/work/ozone/ozone/hadoop-hdds/hadoop-dependency-test/target/classes:/home/runner/.m2/repository/org/apache/hadoop/hadoop-common/3.3.5/hadoop-common-3.3.5-tests.jar:/home/runner/.m2/repository/org/apache/hadoop/hadoop-hdfs/3.3.5/hadoop-hdfs-3.3.5-tests.jar:/home/runner/.m2/repository/org/assertj/assertj-core/3.12.2/assertj-core-3.12.2.jar:/home/runner/.m2/repository/org/slf4j/slf4j-reload4j/1.7.36/slf4j-reload4j-1.7.36.jar:/home/runner/.m2/repository/javax/xml/bind/jaxb-api/2.3.0/jaxb-api-2.3.0.jar:/home/runner/.m2/repository/org/glassfish/jaxb/jaxb-runtime/2.3.0.1/jaxb-runtime-2.3.0.1.jar:/home/runner/.m2/repository/org/glassfish/jaxb/jaxb-core/2.3.0.1/jaxb-core-2.3.0.1.jar:/home/runner/.m2/repository/org/glassfish/jaxb/txw2/2.3.0.1/txw2-2.3.0.1.jar:/home/runner/.m2/repository/com/sun/istack/istack-commons-runtime/3.0.5/istack-commons-runtime-3.0.5.jar:/home/runner/.m2/repository/org/jvnet/staxex/stax-ex/1.7.8/stax-ex-1.7.8.jar:/home/runner/.m2/repository/com/sun/xml/fastinfoset/FastInfoset/1.2.13/FastInfoset-1.2.13.jar:/home/runner/.m2/repository/io/netty/netty-transport/4.1.86.Final/netty-transport-4.1.86.Final.jar:/home/runner/.m2/repository/io/netty/netty-common/4.1.86.Final/netty-common-4.1.86.Final.jar:/home/runner/.m2/repository/io/netty/netty-buffer/4.1.86.Final/netty-buffer-4.1.86.Final.jar:/home/runner/.m2/repository/io/netty/netty-resolver/4.1.86.Final/netty-resolver-4.1.86.Final.jar:/home/runner/.m2/repository/io/netty/netty-codec/4.1.86.Final/netty-codec-4.1.86.Final.jar:/home/runner/.m2/repository/io/netty/netty-handler/4.1.86.Final/netty-handler-4.1.86.Final.jar:/home/runner/.m2/repository/io/netty/netty-transport-native-unix-common/4.1.86.Final/netty-transport-native-unix-common-4.1.86.Final.jar:/home/runner/.m2/repository/org/apache/commons/commons-text/1.4/commons-text-1.4.jar:/home/runner/.m2/repository/org/mockito/mockito-junit-jupiter/2.28.2/mockito-junit-jupiter-2.28.2.jar:/home/runner/.m2/repository/org/junit/jupiter/junit-jupiter-params/5.8.2/junit-jupiter-params-5.8.2.jar:/home/runner/.m2/repository/org/apiguardian/apiguardian-api/1.1.2/apiguardian-api-1.1.2.jar:/home/runner/.m2/repository/junit/junit/4.13.1/junit-4.13.1.jar:"/>
    <property name="java.vm.vendor" value="Temurin"/>
    <property name="sun.arch.data.model" value="64"/>
    <property name="test.build.dir" value="/home/runner/work/ozone/ozone/hadoop-hdds/container-service/target/test-dir"/>
    <property name="test.cache.data" value=""/>
    <property name="java.vendor.url" value="https://adoptium.net/"/>
    <property name="user.timezone" value="Etc/UTC"/>
    <property name="java.vm.specification.version" value="1.8"/>
    <property name="os.name" value="Linux"/>
    <property name="test.build.data" value="/home/runner/work/ozone/ozone/hadoop-hdds/container-service/target/test-dir"/>
    <property name="sun.java.launcher" value="SUN_STANDARD"/>
    <property name="sun.boot.library.path" value="/usr/lib/jvm/temurin-8-jdk-amd64/jre/lib/amd64"/>
    <property name="sun.java.command" value="/home/runner/work/ozone/ozone/hadoop-hdds/container-service/target/surefire/surefirebooter7240518586379670560.jar /home/runner/work/ozone/ozone/hadoop-hdds/container-service/target/surefire 2023-05-18T01-28-45_633-jvmRun1 surefire5228876173948018343tmp surefire_1284170697261176114937tmp"/>
    <property name="surefire.test.class.path" value="/home/runner/work/ozone/ozone/hadoop-hdds/container-service/target/test-classes:/home/runner/work/ozone/ozone/hadoop-hdds/container-service/target/classes:/home/runner/work/ozone/ozone/hadoop-hdds/common/target/classes:/home/runner/work/ozone/ozone/hadoop-hdds/hadoop-dependency-client/target/classes:/home/runner/.m2/repository/org/apache/hadoop/hadoop-annotations/3.3.5/hadoop-annotations-3.3.5.jar:/usr/lib/jvm/temurin-8-jdk-amd64/jre/../lib/tools.jar:/home/runner/.m2/repository/org/apache/hadoop/hadoop-common/3.3.5/hadoop-common-3.3.5.jar:/home/runner/.m2/repository/org/apache/hadoop/thirdparty/hadoop-shaded-guava/1.1.1/hadoop-shaded-guava-1.1.1.jar:/home/runner/.m2/repository/org/apache/httpcomponents/httpclient/4.5.13/httpclient-4.5.13.jar:/home/runner/.m2/repository/org/apache/httpcomponents/httpcore/4.4.13/httpcore-4.4.13.jar:/home/runner/.m2/repository/jakarta/activation/jakarta.activation-api/1.2.2/jakarta.activation-api-1.2.2.jar:/home/runner/.m2/repository/com/google/re2j/re2j/1.1/re2j-1.1.jar:/home/runner/.m2/repository/org/apache/hadoop/hadoop-auth/3.3.5/hadoop-auth-3.3.5.jar:/home/runner/.m2/repository/org/apache/kerby/kerb-core/1.0.1/kerb-core-1.0.1.jar:/home/runner/.m2/repository/org/apache/kerby/kerby-pkix/1.0.1/kerby-pkix-1.0.1.jar:/home/runner/.m2/repository/org/apache/kerby/kerby-asn1/1.0.1/kerby-asn1-1.0.1.jar:/home/runner/.m2/repository/org/apache/kerby/kerby-util/1.0.1/kerby-util-1.0.1.jar:/home/runner/.m2/repository/org/codehaus/woodstox/stax2-api/4.2.1/stax2-api-4.2.1.jar:/home/runner/.m2/repository/com/fasterxml/woodstox/woodstox-core/5.4.0/woodstox-core-5.4.0.jar:/home/runner/.m2/repository/org/xerial/snappy/snappy-java/1.1.8.2/snappy-java-1.1.8.2.jar:/home/runner/.m2/repository/org/apache/hadoop/hadoop-hdfs/3.3.5/hadoop-hdfs-3.3.5.jar:/home/runner/.m2/repository/info/picocli/picocli/4.6.1/picocli-4.6.1.jar:/home/runner/.m2/repository/com/google/protobuf/protobuf-java/2.5.0/protobuf-java-2.5.0.jar:/home/runner/.m2/repository/com/google/guava/guava/31.1-jre/guava-31.1-jre.jar:/home/runner/.m2/repository/com/google/guava/failureaccess/1.0.1/failureaccess-1.0.1.jar:/home/runner/.m2/repository/com/google/guava/listenablefuture/9999.0-empty-to-avoid-conflict-with-guava/listenablefuture-9999.0-empty-to-avoid-conflict-with-guava.jar:/home/runner/.m2/repository/org/checkerframework/checker-qual/3.12.0/checker-qual-3.12.0.jar:/home/runner/.m2/repository/com/google/errorprone/error_prone_annotations/2.2.0/error_prone_annotations-2.2.0.jar:/home/runner/.m2/repository/com/google/j2objc/j2objc-annotations/1.3/j2objc-annotations-1.3.jar:/home/runner/.m2/repository/org/apache/commons/commons-lang3/3.7/commons-lang3-3.7.jar:/home/runner/.m2/repository/commons-io/commons-io/2.11.0/commons-io-2.11.0.jar:/home/runner/.m2/repository/com/fasterxml/jackson/core/jackson-annotations/2.13.4/jackson-annotations-2.13.4.jar:/home/runner/.m2/repository/com/fasterxml/jackson/datatype/jackson-datatype-jsr310/2.13.4/jackson-datatype-jsr310-2.13.4.jar:/home/runner/.m2/repository/com/fasterxml/jackson/core/jackson-core/2.13.4/jackson-core-2.13.4.jar:/home/runner/.m2/repository/com/fasterxml/jackson/core/jackson-databind/2.13.4.2/jackson-databind-2.13.4.2.jar:/home/runner/work/ozone/ozone/hadoop-hdds/annotations/target/classes:/home/runner/work/ozone/ozone/hadoop-hdds/config/target/classes:/home/runner/.m2/repository/javax/annotation/javax.annotation-api/1.2/javax.annotation-api-1.2.jar:/home/runner/.m2/repository/org/apache/ratis/ratis-server/2.5.1/ratis-server-2.5.1.jar:/home/runner/.m2/repository/org/apache/ratis/ratis-thirdparty-misc/1.0.4/ratis-thirdparty-misc-1.0.4.jar:/home/runner/.m2/repository/org/apache/ratis/ratis-proto/2.5.1/ratis-proto-2.5.1.jar:/home/runner/.m2/repository/org/apache/ratis/ratis-common/2.5.1/ratis-common-2.5.1.jar:/home/runner/.m2/repository/org/apache/ratis/ratis-client/2.5.1/ratis-client-2.5.1.jar:/home/runner/.m2/repository/org/apache/ratis/ratis-server-api/2.5.1/ratis-server-api-2.5.1.jar:/home/runner/.m2/repository/org/apache/ratis/ratis-metrics/2.5.1/ratis-metrics-2.5.1.jar:/home/runner/.m2/repository/org/apache/ratis/ratis-netty/2.5.1/ratis-netty-2.5.1.jar:/home/runner/.m2/repository/org/apache/ratis/ratis-grpc/2.5.1/ratis-grpc-2.5.1.jar:/home/runner/.m2/repository/org/apache/logging/log4j/log4j-api/2.17.1/log4j-api-2.17.1.jar:/home/runner/.m2/repository/org/apache/commons/commons-pool2/2.6.0/commons-pool2-2.6.0.jar:/home/runner/.m2/repository/org/bouncycastle/bcpkix-jdk15on/1.67/bcpkix-jdk15on-1.67.jar:/home/runner/.m2/repository/org/bouncycastle/bcprov-jdk15on/1.67/bcprov-jdk15on-1.67.jar:/home/runner/.m2/repository/commons-validator/commons-validator/1.6/commons-validator-1.6.jar:/home/runner/.m2/repository/commons-beanutils/commons-beanutils/1.9.4/commons-beanutils-1.9.4.jar:/home/runner/.m2/repository/commons-digester/commons-digester/1.8.1/commons-digester-1.8.1.jar:/home/runner/.m2/repository/commons-collections/commons-collections/3.2.2/commons-collections-3.2.2.jar:/home/runner/.m2/repository/io/jaegertracing/jaeger-client/1.6.0/jaeger-client-1.6.0.jar:/home/runner/.m2/repository/io/jaegertracing/jaeger-thrift/1.6.0/jaeger-thrift-1.6.0.jar:/home/runner/.m2/repository/org/apache/thrift/libthrift/0.14.1/libthrift-0.14.1.jar:/home/runner/.m2/repository/io/jaegertracing/jaeger-core/1.6.0/jaeger-core-1.6.0.jar:/home/runner/.m2/repository/com/google/code/gson/gson/2.9.0/gson-2.9.0.jar:/home/runner/.m2/repository/io/jaegertracing/jaeger-tracerresolver/1.6.0/jaeger-tracerresolver-1.6.0.jar:/home/runner/.m2/repository/io/opentracing/contrib/opentracing-tracerresolver/0.1.8/opentracing-tracerresolver-0.1.8.jar:/home/runner/.m2/repository/org/jetbrains/kotlin/kotlin-stdlib/1.6.21/kotlin-stdlib-1.6.21.jar:/home/runner/.m2/repository/org/jetbrains/kotlin/kotlin-stdlib-common/1.6.21/kotlin-stdlib-common-1.6.21.jar:/home/runner/.m2/repository/org/jetbrains/annotations/13.0/annotations-13.0.jar:/home/runner/.m2/repository/io/opentracing/opentracing-util/0.33.0/opentracing-util-0.33.0.jar:/home/runner/.m2/repository/io/opentracing/opentracing-api/0.33.0/opentracing-api-0.33.0.jar:/home/runner/.m2/repository/io/opentracing/opentracing-noop/0.33.0/opentracing-noop-0.33.0.jar:/home/runner/.m2/repository/org/reflections/reflections/0.9.11/reflections-0.9.11.jar:/home/runner/.m2/repository/org/javassist/javassist/3.21.0-GA/javassist-3.21.0-GA.jar:/home/runner/work/ozone/ozone/hadoop-hdds/interface-client/target/classes:/home/runner/.m2/repository/org/apache/hadoop/thirdparty/hadoop-shaded-protobuf_3_7/1.1.1/hadoop-shaded-protobuf_3_7-1.1.1.jar:/home/runner/work/ozone/ozone/hadoop-hdds/interface-admin/target/classes:/home/runner/work/ozone/ozone/hadoop-hdds/test-utils/target/classes:/home/runner/.m2/repository/commons-logging/commons-logging/1.2/commons-logging-1.2.jar:/home/runner/.m2/repository/org/junit/jupiter/junit-jupiter-api/5.8.2/junit-jupiter-api-5.8.2.jar:/home/runner/.m2/repository/org/opentest4j/opentest4j/1.2.0/opentest4j-1.2.0.jar:/home/runner/.m2/repository/org/junit/platform/junit-platform-commons/1.8.2/junit-platform-commons-1.8.2.jar:/home/runner/.m2/repository/ch/qos/reload4j/reload4j/1.2.22/reload4j-1.2.22.jar:/home/runner/.m2/repository/org/slf4j/slf4j-api/1.7.36/slf4j-api-1.7.36.jar:/home/runner/.m2/repository/org/apache/commons/commons-compress/1.21/commons-compress-1.21.jar:/home/runner/.m2/repository/com/github/luben/zstd-jni/1.5.2-5/zstd-jni-1.5.2-5.jar:/home/runner/work/ozone/ozone/hadoop-hdds/common/target/test-classes:/home/runner/work/ozone/ozone/hadoop-hdds/framework/target/classes:/home/runner/work/ozone/ozone/hadoop-hdds/interface-server/target/classes:/home/runner/work/ozone/ozone/hadoop-hdds/managed-rocksdb/target/classes:/home/runner/.m2/repository/org/rocksdb/rocksdbjni/7.7.3/rocksdbjni-7.7.3.jar:/home/runner/work/ozone/ozone/hadoop-hdds/hadoop-dependency-server/target/classes:/home/runner/.m2/repository/commons-cli/commons-cli/1.2/commons-cli-1.2.jar:/home/runner/.m2/repository/org/apache/commons/commons-configuration2/2.1.1/commons-configuration2-2.1.1.jar:/home/runner/.m2/repository/org/apache/logging/log4j/log4j-core/2.17.1/log4j-core-2.17.1.jar:/home/runner/.m2/repository/com/lmax/disruptor/3.4.2/disruptor-3.4.2.jar:/home/runner/.m2/repository/org/eclipse/jetty/jetty-util/9.4.51.v20230217/jetty-util-9.4.51.v20230217.jar:/home/runner/.m2/repository/org/eclipse/jetty/jetty-server/9.4.51.v20230217/jetty-server-9.4.51.v20230217.jar:/home/runner/.m2/repository/javax/servlet/javax.servlet-api/3.1.0/javax.servlet-api-3.1.0.jar:/home/runner/.m2/repository/org/eclipse/jetty/jetty-http/9.4.51.v20230217/jetty-http-9.4.51.v20230217.jar:/home/runner/.m2/repository/org/eclipse/jetty/jetty-io/9.4.51.v20230217/jetty-io-9.4.51.v20230217.jar:/home/runner/.m2/repository/org/eclipse/jetty/jetty-servlet/9.4.51.v20230217/jetty-servlet-9.4.51.v20230217.jar:/home/runner/.m2/repository/org/eclipse/jetty/jetty-security/9.4.51.v20230217/jetty-security-9.4.51.v20230217.jar:/home/runner/.m2/repository/org/eclipse/jetty/jetty-util-ajax/9.4.51.v20230217/jetty-util-ajax-9.4.51.v20230217.jar:/home/runner/.m2/repository/org/eclipse/jetty/jetty-webapp/9.4.51.v20230217/jetty-webapp-9.4.51.v20230217.jar:/home/runner/.m2/repository/org/eclipse/jetty/jetty-xml/9.4.51.v20230217/jetty-xml-9.4.51.v20230217.jar:/home/runner/.m2/repository/io/prometheus/simpleclient_dropwizard/0.7.0/simpleclient_dropwizard-0.7.0.jar:/home/runner/.m2/repository/io/prometheus/simpleclient/0.7.0/simpleclient-0.7.0.jar:/home/runner/.m2/repository/io/prometheus/simpleclient_common/0.7.0/simpleclient_common-0.7.0.jar:/home/runner/.m2/repository/org/apache/hadoop/hadoop-hdfs-client/3.3.5/hadoop-hdfs-client-3.3.5.jar:/home/runner/.m2/repository/com/squareup/okhttp3/okhttp/4.9.3/okhttp-4.9.3.jar:/home/runner/.m2/repository/com/squareup/okio/okio/2.8.0/okio-2.8.0.jar:/home/runner/work/ozone/ozone/hadoop-hdds/rocksdb-checkpoint-differ/target/classes:/home/runner/work/ozone/ozone/hadoop-hdds/rocks-native/target/classes:/home/runner/.m2/repository/org/awaitility/awaitility/4.2.0/awaitility-4.2.0.jar:/home/runner/.m2/repository/org/hamcrest/hamcrest/2.1/hamcrest-2.1.jar:/home/runner/work/ozone/ozone/hadoop-hdds/client/target/classes:/home/runner/work/ozone/ozone/hadoop-hdds/erasurecode/target/classes:/home/runner/.m2/repository/commons-codec/commons-codec/1.15/commons-codec-1.15.jar:/home/runner/.m2/repository/io/dropwizard/metrics/metrics-core/3.2.4/metrics-core-3.2.4.jar:/home/runner/.m2/repository/org/mockito/mockito-core/2.28.2/mockito-core-2.28.2.jar:/home/runner/.m2/repository/net/bytebuddy/byte-buddy/1.9.10/byte-buddy-1.9.10.jar:/home/runner/.m2/repository/net/bytebuddy/byte-buddy-agent/1.9.10/byte-buddy-agent-1.9.10.jar:/home/runner/.m2/repository/org/objenesis/objenesis/1.0/objenesis-1.0.jar:/home/runner/.m2/repository/org/yaml/snakeyaml/2.0/snakeyaml-2.0.jar:/home/runner/work/ozone/ozone/hadoop-hdds/docs/target/classes:/home/runner/.m2/repository/com/github/spotbugs/spotbugs-annotations/3.1.12/spotbugs-annotations-3.1.12.jar:/home/runner/.m2/repository/com/google/code/findbugs/jsr305/3.0.0/jsr305-3.0.0.jar:/home/runner/.m2/repository/org/powermock/powermock-module-junit4/2.0.4/powermock-module-junit4-2.0.4.jar:/home/runner/.m2/repository/org/powermock/powermock-module-junit4-common/2.0.4/powermock-module-junit4-common-2.0.4.jar:/home/runner/.m2/repository/org/powermock/powermock-reflect/2.0.4/powermock-reflect-2.0.4.jar:/home/runner/.m2/repository/org/powermock/powermock-core/2.0.4/powermock-core-2.0.4.jar:/home/runner/.m2/repository/org/hamcrest/hamcrest-core/1.3/hamcrest-core-1.3.jar:/home/runner/.m2/repository/org/powermock/powermock-api-mockito2/2.0.4/powermock-api-mockito2-2.0.4.jar:/home/runner/.m2/repository/org/powermock/powermock-api-support/2.0.4/powermock-api-support-2.0.4.jar:/home/runner/work/ozone/ozone/hadoop-hdds/hadoop-dependency-test/target/classes:/home/runner/.m2/repository/org/apache/hadoop/hadoop-common/3.3.5/hadoop-common-3.3.5-tests.jar:/home/runner/.m2/repository/org/apache/hadoop/hadoop-hdfs/3.3.5/hadoop-hdfs-3.3.5-tests.jar:/home/runner/.m2/repository/org/assertj/assertj-core/3.12.2/assertj-core-3.12.2.jar:/home/runner/.m2/repository/org/slf4j/slf4j-reload4j/1.7.36/slf4j-reload4j-1.7.36.jar:/home/runner/.m2/repository/javax/xml/bind/jaxb-api/2.3.0/jaxb-api-2.3.0.jar:/home/runner/.m2/repository/org/glassfish/jaxb/jaxb-runtime/2.3.0.1/jaxb-runtime-2.3.0.1.jar:/home/runner/.m2/repository/org/glassfish/jaxb/jaxb-core/2.3.0.1/jaxb-core-2.3.0.1.jar:/home/runner/.m2/repository/org/glassfish/jaxb/txw2/2.3.0.1/txw2-2.3.0.1.jar:/home/runner/.m2/repository/com/sun/istack/istack-commons-runtime/3.0.5/istack-commons-runtime-3.0.5.jar:/home/runner/.m2/repository/org/jvnet/staxex/stax-ex/1.7.8/stax-ex-1.7.8.jar:/home/runner/.m2/repository/com/sun/xml/fastinfoset/FastInfoset/1.2.13/FastInfoset-1.2.13.jar:/home/runner/.m2/repository/io/netty/netty-transport/4.1.86.Final/netty-transport-4.1.86.Final.jar:/home/runner/.m2/repository/io/netty/netty-common/4.1.86.Final/netty-common-4.1.86.Final.jar:/home/runner/.m2/repository/io/netty/netty-buffer/4.1.86.Final/netty-buffer-4.1.86.Final.jar:/home/runner/.m2/repository/io/netty/netty-resolver/4.1.86.Final/netty-resolver-4.1.86.Final.jar:/home/runner/.m2/repository/io/netty/netty-codec/4.1.86.Final/netty-codec-4.1.86.Final.jar:/home/runner/.m2/repository/io/netty/netty-handler/4.1.86.Final/netty-handler-4.1.86.Final.jar:/home/runner/.m2/repository/io/netty/netty-transport-native-unix-common/4.1.86.Final/netty-transport-native-unix-common-4.1.86.Final.jar:/home/runner/.m2/repository/org/apache/commons/commons-text/1.4/commons-text-1.4.jar:/home/runner/.m2/repository/org/mockito/mockito-junit-jupiter/2.28.2/mockito-junit-jupiter-2.28.2.jar:/home/runner/.m2/repository/org/junit/jupiter/junit-jupiter-params/5.8.2/junit-jupiter-params-5.8.2.jar:/home/runner/.m2/repository/org/apiguardian/apiguardian-api/1.1.2/apiguardian-api-1.1.2.jar:/home/runner/.m2/repository/junit/junit/4.13.1/junit-4.13.1.jar:"/>
    <property name="sun.cpu.endian" value="little"/>
    <property name="user.home" value="/home/runner"/>
    <property name="user.language" value="en"/>
    <property name="java.specification.vendor" value="Oracle Corporation"/>
    <property name="java.home" value="/usr/lib/jvm/temurin-8-jdk-amd64/jre"/>
    <property name="java.security.krb5.conf" value="/home/runner/work/ozone/ozone/hadoop-hdds/container-service/target/test-classes/krb5.conf"/>
    <property name="basedir" value="/home/runner/work/ozone/ozone/hadoop-hdds/container-service"/>
    <property name="file.separator" value="/"/>
    <property name="line.separator" value="&#10;"/>
    <property name="java.vm.specification.vendor" value="Oracle Corporation"/>
    <property name="java.specification.name" value="Java Platform API Specification"/>
    <property name="java.awt.graphicsenv" value="sun.awt.X11GraphicsEnvironment"/>
    <property name="skip.installnpx" value="true"/>
    <property name="surefire.real.class.path" value="/home/runner/work/ozone/ozone/hadoop-hdds/container-service/target/surefire/surefirebooter7240518586379670560.jar:/home/runner/.m2/repository/org/jacoco/org.jacoco.agent/0.8.5/org.jacoco.agent-0.8.5-runtime.jar"/>
    <property name="hadoop.log.dir" value="/home/runner/work/ozone/ozone/hadoop-hdds/container-service/target/log"/>
    <property name="sun.boot.class.path" value="/usr/lib/jvm/temurin-8-jdk-amd64/jre/lib/resources.jar:/usr/lib/jvm/temurin-8-jdk-amd64/jre/lib/rt.jar:/usr/lib/jvm/temurin-8-jdk-amd64/jre/lib/sunrsasign.jar:/usr/lib/jvm/temurin-8-jdk-amd64/jre/lib/jsse.jar:/usr/lib/jvm/temurin-8-jdk-amd64/jre/lib/jce.jar:/usr/lib/jvm/temurin-8-jdk-amd64/jre/lib/charsets.jar:/usr/lib/jvm/temurin-8-jdk-amd64/jre/lib/jfr.jar:/usr/lib/jvm/temurin-8-jdk-amd64/jre/classes"/>
    <property name="sun.management.compiler" value="HotSpot 64-Bit Tiered Compilers"/>
    <property name="skip.npx" value="true"/>
    <property name="java.runtime.version" value="1.8.0_362-b09"/>
    <property name="java.net.preferIPv4Stack" value="true"/>
    <property name="user.name" value="runner"/>
    <property name="path.separator" value=":"/>
    <property name="java.security.egd" value="file:///dev/urandom"/>
    <property name="os.version" value="5.15.0-1037-azure"/>
    <property name="java.endorsed.dirs" value="/usr/lib/jvm/temurin-8-jdk-amd64/jre/lib/endorsed"/>
    <property name="java.runtime.name" value="OpenJDK Runtime Environment"/>
    <property name="file.encoding" value="UTF-8"/>
    <property name="java.vm.name" value="OpenJDK 64-Bit Server VM"/>
    <property name="test.build.webapps" value=""/>
    <property name="localRepository" value="/home/runner/.m2/repository"/>
    <property name="java.vendor.url.bug" value="https://github.com/adoptium/adoptium-support/issues"/>
    <property name="java.io.tmpdir" value="/tmp"/>
    <property name="require.test.libhadoop" value=""/>
    <property name="java.version" value="1.8.0_362"/>
    <property name="user.dir" value="/home/runner/work/ozone/ozone/hadoop-hdds/container-service"/>
    <property name="os.arch" value="amd64"/>
    <property name="java.vm.specification.name" value="Java Virtual Machine Specification"/>
    <property name="test.build.classes" value="/home/runner/work/ozone/ozone/hadoop-hdds/container-service/target/test-classes"/>
    <property name="java.awt.printerjob" value="sun.print.PSPrinterJob"/>
    <property name="sun.os.patch.level" value="unknown"/>
    <property name="hadoop.tmp.dir" value="/home/runner/work/ozone/ozone/hadoop-hdds/container-service/target/tmp"/>
    <property name="java.library.path" value="/usr/java/packages/lib/amd64:/usr/lib64:/lib64:/lib:/usr/lib"/>
    <property name="java.vm.info" value="mixed mode"/>
    <property name="java.vendor" value="Temurin"/>
    <property name="java.vm.version" value="25.362-b09"/>
    <property name="java.specification.maintenance.version" value="4"/>
    <property name="java.ext.dirs" value="/usr/lib/jvm/temurin-8-jdk-amd64/jre/lib/ext:/usr/java/packages/lib/ext"/>
    <property name="sun.io.unicode.encoding" value="UnicodeLittle"/>
    <property name="java.class.version" value="52.0"/>
  </properties>
  <testcase name="testSecureDnStartupCase0" classname="org.apache.hadoop.ozone.TestHddsSecureDatanodeInit" time="0.226">
    <system-out><![CDATA[2023-05-18 01:36:22,660 [main] INFO  metrics.MetricRegistries (MetricRegistriesLoader.java:load(64)) - Loaded MetricRegistries class org.apache.ratis.metrics.impl.MetricRegistriesImpl
2023-05-18 01:36:22,712 [main] WARN  impl.MetricsConfig (MetricsConfig.java:loadFirst(136)) - Cannot locate configuration: tried hadoop-metrics2-hddsdatanode.properties,hadoop-metrics2.properties
2023-05-18 01:36:22,829 [main] INFO  impl.MetricsSystemImpl (MetricsSystemImpl.java:startTimer(378)) - Scheduled Metric snapshot period at 10 second(s).
2023-05-18 01:36:22,830 [main] INFO  impl.MetricsSystemImpl (MetricsSystemImpl.java:start(191)) - HddsDatanode metrics system started
2023-05-18 01:36:22,912 [main] INFO  ozone.HddsDatanodeService (HddsDatanodeService.java:start(252)) - HddsDatanodeService host:fv-az335-872.st3fsr2bvbpu5iwsufzt3hrohh.gx.internal.cloudapp.net ip:10.1.0.38
2023-05-18 01:36:22,938 [main] INFO  ozone.HddsDatanodeService (HddsDatanodeService.java:initializeCertificateClient(366)) - Initializing secure Datanode.
2023-05-18 01:36:22,938 [main] ERROR client.DNCertificateClient (DefaultCertificateClient.java:getCertPath(298)) - Default certificate serial id is not set. Can't locate the default certificate for this client.
2023-05-18 01:36:22,939 [main] INFO  client.DNCertificateClient (DefaultCertificateClient.java:init(667)) - Certificate client init case: 0
2023-05-18 01:36:22,942 [main] INFO  client.DNCertificateClient (DefaultCertificateClient.java:handleCase(685)) - Creating keypair for client as keypair and certificate not found.
2023-05-18 01:36:23,347 [main] INFO  ozone.HddsDatanodeService (HddsDatanodeService.java:initializeCertificateClient(376)) - Init response: GETCERT
2023-05-18 01:36:23,356 [main] INFO  ozone.OzoneSecurityUtil (OzoneSecurityUtil.java:getValidInetsForCurrentHost(119)) - ip:fe80:0:0:0:222:48ff:fe46:ad37%eth0 not returned.
2023-05-18 01:36:23,356 [main] INFO  ozone.OzoneSecurityUtil (OzoneSecurityUtil.java:getValidInetsForCurrentHost(116)) - Adding ip:10.1.0.38,host:fv-az335-872.st3fsr2bvbpu5iwsufzt3hrohh.gx.internal.cloudapp.net
2023-05-18 01:36:23,357 [main] INFO  ozone.OzoneSecurityUtil (OzoneSecurityUtil.java:getValidInetsForCurrentHost(119)) - ip:0:0:0:0:0:0:0:1%lo not returned.
2023-05-18 01:36:23,357 [main] INFO  ozone.OzoneSecurityUtil (OzoneSecurityUtil.java:getValidInetsForCurrentHost(119)) - ip:127.0.0.1 not returned.
2023-05-18 01:36:23,375 [main] WARN  util.NativeCodeLoader (NativeCodeLoader.java:<clinit>(60)) - Unable to load native-hadoop library for your platform... using builtin-java classes where applicable
2023-05-18 01:36:23,394 [main] INFO  client.DNCertificateClient (DNCertificateClient.java:getCSRBuilder(86)) - Created csr for DN-> subject:runner@fv-az335-872.st3fsr2bvbpu5iwsufzt3hrohh.gx.internal.cloudapp.net
2023-05-18 01:36:23,530 [main] INFO  utils.SelfSignedCertificate (SelfSignedCertificate.java:generateCertificate(153)) - Certificate 631385 is issued by CN=localhost,OU=test,O=cluster to CN=localhost,OU=test,O=cluster, valid from Thu May 18 01:36:23 UTC 2023 to Thu May 18 01:36:38 UTC 2023
2023-05-18 01:36:23,563 [main] INFO  ozone.HddsDatanodeService (HddsDatanodeService.java:initializeCertificateClient(366)) - Initializing secure Datanode.
2023-05-18 01:36:23,564 [main] INFO  client.DNCertificateClient (DefaultCertificateClient.java:init(667)) - Certificate client init case: 0
2023-05-18 01:36:23,564 [main] INFO  client.DNCertificateClient (DefaultCertificateClient.java:handleCase(685)) - Creating keypair for client as keypair and certificate not found.
2023-05-18 01:36:23,754 [main] INFO  ozone.HddsDatanodeService (HddsDatanodeService.java:initializeCertificateClient(376)) - Init response: GETCERT
2023-05-18 01:36:23,755 [main] INFO  ozone.OzoneSecurityUtil (OzoneSecurityUtil.java:getValidInetsForCurrentHost(119)) - ip:fe80:0:0:0:222:48ff:fe46:ad37%eth0 not returned.
2023-05-18 01:36:23,755 [main] INFO  ozone.OzoneSecurityUtil (OzoneSecurityUtil.java:getValidInetsForCurrentHost(116)) - Adding ip:10.1.0.38,host:fv-az335-872.st3fsr2bvbpu5iwsufzt3hrohh.gx.internal.cloudapp.net
2023-05-18 01:36:23,755 [main] INFO  ozone.OzoneSecurityUtil (OzoneSecurityUtil.java:getValidInetsForCurrentHost(119)) - ip:0:0:0:0:0:0:0:1%lo not returned.
2023-05-18 01:36:23,755 [main] INFO  ozone.OzoneSecurityUtil (OzoneSecurityUtil.java:getValidInetsForCurrentHost(119)) - ip:127.0.0.1 not returned.
2023-05-18 01:36:23,756 [main] INFO  client.DNCertificateClient (DNCertificateClient.java:getCSRBuilder(86)) - Created csr for DN-> subject:runner@fv-az335-872.st3fsr2bvbpu5iwsufzt3hrohh.gx.internal.cloudapp.net
]]></system-out>
  </testcase>
  <testcase name="testSecureDnStartupCase1" classname="org.apache.hadoop.ozone.TestHddsSecureDatanodeInit" time="0.037">
    <system-out><![CDATA[2023-05-18 01:36:23,785 [main] INFO  ozone.HddsDatanodeService (HddsDatanodeService.java:initializeCertificateClient(366)) - Initializing secure Datanode.
2023-05-18 01:36:23,786 [main] INFO  client.DNCertificateClient (DefaultCertificateClient.java:loadAllCertificates(153)) - Loading certificate from location:/home/runner/work/ozone/ozone/hadoop-hdds/container-service/target/test-dir/kbiFIZCh94/dn/certs.
2023-05-18 01:36:23,806 [main] INFO  client.DNCertificateClient (DefaultCertificateClient.java:loadAllCertificates(197)) - Added certificate   [0]         Version: 3
         SerialNumber: 631385
             IssuerDN: CN=localhost,OU=test,O=cluster
           Start Date: Thu May 18 01:36:23 UTC 2023
           Final Date: Thu May 18 01:36:38 UTC 2023
            SubjectDN: CN=localhost,OU=test,O=cluster
           Public Key: RSA Public Key [fc:7f:2a:96:35:eb:e6:ed:f0:4d:47:c0:00:0e:74:21:75:c9:6a:d8],[56:66:d1:a4]
        modulus: b26821823e7faf4cafcd43a15e27fe0edbaaac5430f6b6fbae7c2e71ee5ab1e4e2ca923c322eefb1d7db9dead065bfc3da6d14b29fae3e210bb554fd45b93a20fe7ef3381425fde6a6fa8011620642f89b14c5d2ea639e7b831f3f8194a378cb8ce331ba2006fc19723a59e73bd2025c461c343cff251c3a28eede1466ba9b13737d70dedc2d147f3dc1014c9eb5730d8540d925b16fa686edc263386adc4d4a7ffe24dfe5b1b3f8f04404e6f96ae59f8266841fca2106a2e2eec8d7edda92e7f36e1c3a56d8813306b029d29f154e3bc16977d4c07414295bf85d19197c96be8ec17b8ee53e6ff068cfdb2635af1227da46bf4f9255da59cfc9c6649e62f0a1
public exponent: 10001

  Signature Algorithm: SHA256WITHRSA
            Signature: a0569248115597616a4e72d85823d114e7a5f4ed
                       d3fe44a8492c84928386a6edb93cdbe4f1a9b64a
                       6ecca8db09284567c83b400e8863a52219ef3a8a
                       8d013a85fd0ff9c84b6738a91408323e7a9da76a
                       33200c104f033f99b5456c962d784cf08aa1a0c1
                       ffb34e49311f5db48a92facef76dc4e5920b8bdd
                       1ae7ab2778fc7e909eb36aa7527c64efe8a6dcda
                       3d513d88fa51fbc6cb8654b0d5307d2981e1992e
                       18158384042b95c0f6f73a7375ac655c14811804
                       5ad326b303a4736c7abb4bf029b6e8efcdc7c4c8
                       af83883caa05183ca4fca09557fc217760336374
                       d201677dc0d29d93fc41828a9038c2b03a1da6af
                       51d9917243f2b0099204595d960f3705
 from file:/home/runner/work/ozone/ozone/hadoop-hdds/container-service/target/test-dir/kbiFIZCh94/dn/certs/certificate.crt.
2023-05-18 01:36:23,811 [main] INFO  client.DNCertificateClient (DefaultCertificateClient.java:startCertificateMonitor(1225)) - CertificateLifetimeMonitor for dn is started with first delay 9193 ms and interval 1666 ms.
2023-05-18 01:36:23,811 [main] INFO  client.DNCertificateClient (DefaultCertificateClient.java:init(667)) - Certificate client init case: 1
2023-05-18 01:36:23,811 [main] ERROR client.DNCertificateClient (DefaultCertificateClient.java:handleCase(690)) - Private key not found, while certificate is still present. Delete keypair and try again.
2023-05-18 01:36:23,811 [main] INFO  ozone.HddsDatanodeService (HddsDatanodeService.java:initializeCertificateClient(376)) - Init response: FAILURE
2023-05-18 01:36:23,812 [main] ERROR ozone.HddsDatanodeService (HddsDatanodeService.java:initializeCertificateClient(392)) - DN security initialization failed, case:FAILURE.
]]></system-out>
  </testcase>
  <testcase name="testSecureDnStartupCase2" classname="org.apache.hadoop.ozone.TestHddsSecureDatanodeInit" time="0.01">
    <system-out><![CDATA[2023-05-18 01:36:23,817 [main] INFO  client.DNCertificateClient (DefaultCertificateClient.java:loadAllCertificates(153)) - Loading certificate from location:/home/runner/work/ozone/ozone/hadoop-hdds/container-service/target/test-dir/kbiFIZCh94/dn/certs.
2023-05-18 01:36:23,818 [main] WARN  client.DNCertificateClient (DefaultCertificateClient.java:loadAllCertificates(221)) - CertificateLifetimeMonitor is not started this time because certificate is empty.
2023-05-18 01:36:23,819 [main] INFO  ozone.HddsDatanodeService (HddsDatanodeService.java:initializeCertificateClient(366)) - Initializing secure Datanode.
2023-05-18 01:36:23,820 [main] INFO  client.DNCertificateClient (DefaultCertificateClient.java:loadAllCertificates(153)) - Loading certificate from location:/home/runner/work/ozone/ozone/hadoop-hdds/container-service/target/test-dir/kbiFIZCh94/dn/certs.
2023-05-18 01:36:23,821 [main] WARN  client.DNCertificateClient (DefaultCertificateClient.java:loadAllCertificates(221)) - CertificateLifetimeMonitor is not started this time because certificate is empty.
2023-05-18 01:36:23,821 [main] INFO  client.DNCertificateClient (DefaultCertificateClient.java:init(667)) - Certificate client init case: 2
2023-05-18 01:36:23,822 [main] ERROR client.DNCertificateClient (DefaultCertificateClient.java:handleCase(694)) - Found public key but private key and certificate missing.
2023-05-18 01:36:23,822 [main] INFO  ozone.HddsDatanodeService (HddsDatanodeService.java:initializeCertificateClient(376)) - Init response: FAILURE
2023-05-18 01:36:23,822 [main] ERROR ozone.HddsDatanodeService (HddsDatanodeService.java:initializeCertificateClient(392)) - DN security initialization failed, case:FAILURE.
2023-05-18 01:36:23,822 [main] INFO  client.DNCertificateClient (DefaultCertificateClient.java:loadAllCertificates(153)) - Loading certificate from location:/home/runner/work/ozone/ozone/hadoop-hdds/container-service/target/test-dir/kbiFIZCh94/dn/certs.
2023-05-18 01:36:23,824 [main] WARN  client.DNCertificateClient (DefaultCertificateClient.java:loadAllCertificates(221)) - CertificateLifetimeMonitor is not started this time because certificate is empty.
]]></system-out>
  </testcase>
  <testcase name="testSecureDnStartupCase3" classname="org.apache.hadoop.ozone.TestHddsSecureDatanodeInit" time="0.016">
    <system-out><![CDATA[2023-05-18 01:36:23,830 [main] INFO  client.DNCertificateClient (DefaultCertificateClient.java:loadAllCertificates(153)) - Loading certificate from location:/home/runner/work/ozone/ozone/hadoop-hdds/container-service/target/test-dir/kbiFIZCh94/dn/certs.
2023-05-18 01:36:23,831 [main] WARN  client.DNCertificateClient (DefaultCertificateClient.java:loadAllCertificates(221)) - CertificateLifetimeMonitor is not started this time because certificate is empty.
2023-05-18 01:36:23,835 [main] INFO  ozone.HddsDatanodeService (HddsDatanodeService.java:initializeCertificateClient(366)) - Initializing secure Datanode.
2023-05-18 01:36:23,836 [main] INFO  client.DNCertificateClient (DefaultCertificateClient.java:loadAllCertificates(153)) - Loading certificate from location:/home/runner/work/ozone/ozone/hadoop-hdds/container-service/target/test-dir/kbiFIZCh94/dn/certs.
2023-05-18 01:36:23,839 [main] INFO  client.DNCertificateClient (DefaultCertificateClient.java:loadAllCertificates(197)) - Added certificate   [0]         Version: 3
         SerialNumber: 631385
             IssuerDN: CN=localhost,OU=test,O=cluster
           Start Date: Thu May 18 01:36:23 UTC 2023
           Final Date: Thu May 18 01:36:38 UTC 2023
            SubjectDN: CN=localhost,OU=test,O=cluster
           Public Key: RSA Public Key [fc:7f:2a:96:35:eb:e6:ed:f0:4d:47:c0:00:0e:74:21:75:c9:6a:d8],[56:66:d1:a4]
        modulus: b26821823e7faf4cafcd43a15e27fe0edbaaac5430f6b6fbae7c2e71ee5ab1e4e2ca923c322eefb1d7db9dead065bfc3da6d14b29fae3e210bb554fd45b93a20fe7ef3381425fde6a6fa8011620642f89b14c5d2ea639e7b831f3f8194a378cb8ce331ba2006fc19723a59e73bd2025c461c343cff251c3a28eede1466ba9b13737d70dedc2d147f3dc1014c9eb5730d8540d925b16fa686edc263386adc4d4a7ffe24dfe5b1b3f8f04404e6f96ae59f8266841fca2106a2e2eec8d7edda92e7f36e1c3a56d8813306b029d29f154e3bc16977d4c07414295bf85d19197c96be8ec17b8ee53e6ff068cfdb2635af1227da46bf4f9255da59cfc9c6649e62f0a1
public exponent: 10001

  Signature Algorithm: SHA256WITHRSA
            Signature: a0569248115597616a4e72d85823d114e7a5f4ed
                       d3fe44a8492c84928386a6edb93cdbe4f1a9b64a
                       6ecca8db09284567c83b400e8863a52219ef3a8a
                       8d013a85fd0ff9c84b6738a91408323e7a9da76a
                       33200c104f033f99b5456c962d784cf08aa1a0c1
                       ffb34e49311f5db48a92facef76dc4e5920b8bdd
                       1ae7ab2778fc7e909eb36aa7527c64efe8a6dcda
                       3d513d88fa51fbc6cb8654b0d5307d2981e1992e
                       18158384042b95c0f6f73a7375ac655c14811804
                       5ad326b303a4736c7abb4bf029b6e8efcdc7c4c8
                       af83883caa05183ca4fca09557fc217760336374
                       d201677dc0d29d93fc41828a9038c2b03a1da6af
                       51d9917243f2b0099204595d960f3705
 from file:/home/runner/work/ozone/ozone/hadoop-hdds/container-service/target/test-dir/kbiFIZCh94/dn/certs/certificate.crt.
2023-05-18 01:36:23,843 [main] INFO  client.DNCertificateClient (DefaultCertificateClient.java:startCertificateMonitor(1225)) - CertificateLifetimeMonitor for dn is started with first delay 9159 ms and interval 1666 ms.
2023-05-18 01:36:23,843 [main] INFO  client.DNCertificateClient (DefaultCertificateClient.java:init(667)) - Certificate client init case: 3
2023-05-18 01:36:23,843 [main] ERROR client.DNCertificateClient (DefaultCertificateClient.java:handleCase(704)) - Found public key and certificate but private key is missing.
2023-05-18 01:36:23,843 [main] INFO  ozone.HddsDatanodeService (HddsDatanodeService.java:initializeCertificateClient(376)) - Init response: FAILURE
2023-05-18 01:36:23,843 [main] ERROR ozone.HddsDatanodeService (HddsDatanodeService.java:initializeCertificateClient(392)) - DN security initialization failed, case:FAILURE.
]]></system-out>
  </testcase>
  <testcase name="testSecureDnStartupCase4" classname="org.apache.hadoop.ozone.TestHddsSecureDatanodeInit" time="0.01">
    <system-out><![CDATA[2023-05-18 01:36:23,848 [main] INFO  client.DNCertificateClient (DefaultCertificateClient.java:loadAllCertificates(153)) - Loading certificate from location:/home/runner/work/ozone/ozone/hadoop-hdds/container-service/target/test-dir/kbiFIZCh94/dn/certs.
2023-05-18 01:36:23,848 [main] WARN  client.DNCertificateClient (DefaultCertificateClient.java:loadAllCertificates(221)) - CertificateLifetimeMonitor is not started this time because certificate is empty.
2023-05-18 01:36:23,849 [main] INFO  ozone.HddsDatanodeService (HddsDatanodeService.java:initializeCertificateClient(366)) - Initializing secure Datanode.
2023-05-18 01:36:23,850 [main] INFO  client.DNCertificateClient (DefaultCertificateClient.java:loadAllCertificates(153)) - Loading certificate from location:/home/runner/work/ozone/ozone/hadoop-hdds/container-service/target/test-dir/kbiFIZCh94/dn/certs.
2023-05-18 01:36:23,850 [main] WARN  client.DNCertificateClient (DefaultCertificateClient.java:loadAllCertificates(221)) - CertificateLifetimeMonitor is not started this time because certificate is empty.
2023-05-18 01:36:23,850 [main] INFO  client.DNCertificateClient (DefaultCertificateClient.java:init(667)) - Certificate client init case: 4
2023-05-18 01:36:23,851 [main] INFO  client.DNCertificateClient (DefaultCertificateClient.java:handleCase(698)) - Found private key but public key and certificate is missing.
2023-05-18 01:36:23,852 [main] INFO  ozone.HddsDatanodeService (HddsDatanodeService.java:initializeCertificateClient(376)) - Init response: FAILURE
2023-05-18 01:36:23,852 [main] ERROR ozone.HddsDatanodeService (HddsDatanodeService.java:initializeCertificateClient(392)) - DN security initialization failed, case:FAILURE.
2023-05-18 01:36:23,853 [main] INFO  client.DNCertificateClient (DefaultCertificateClient.java:loadAllCertificates(153)) - Loading certificate from location:/home/runner/work/ozone/ozone/hadoop-hdds/container-service/target/test-dir/kbiFIZCh94/dn/certs.
2023-05-18 01:36:23,856 [main] WARN  client.DNCertificateClient (DefaultCertificateClient.java:loadAllCertificates(221)) - CertificateLifetimeMonitor is not started this time because certificate is empty.
]]></system-out>
  </testcase>
  <testcase name="testSecureDnStartupCase5" classname="org.apache.hadoop.ozone.TestHddsSecureDatanodeInit" time="0.02">
    <system-out><![CDATA[2023-05-18 01:36:23,860 [main] INFO  client.DNCertificateClient (DefaultCertificateClient.java:loadAllCertificates(153)) - Loading certificate from location:/home/runner/work/ozone/ozone/hadoop-hdds/container-service/target/test-dir/kbiFIZCh94/dn/certs.
2023-05-18 01:36:23,860 [main] WARN  client.DNCertificateClient (DefaultCertificateClient.java:loadAllCertificates(221)) - CertificateLifetimeMonitor is not started this time because certificate is empty.
2023-05-18 01:36:23,862 [main] INFO  ozone.HddsDatanodeService (HddsDatanodeService.java:initializeCertificateClient(366)) - Initializing secure Datanode.
2023-05-18 01:36:23,862 [main] INFO  client.DNCertificateClient (DefaultCertificateClient.java:loadAllCertificates(153)) - Loading certificate from location:/home/runner/work/ozone/ozone/hadoop-hdds/container-service/target/test-dir/kbiFIZCh94/dn/certs.
2023-05-18 01:36:23,865 [main] INFO  client.DNCertificateClient (DefaultCertificateClient.java:loadAllCertificates(197)) - Added certificate   [0]         Version: 3
         SerialNumber: 631385
             IssuerDN: CN=localhost,OU=test,O=cluster
           Start Date: Thu May 18 01:36:23 UTC 2023
           Final Date: Thu May 18 01:36:38 UTC 2023
            SubjectDN: CN=localhost,OU=test,O=cluster
           Public Key: RSA Public Key [fc:7f:2a:96:35:eb:e6:ed:f0:4d:47:c0:00:0e:74:21:75:c9:6a:d8],[56:66:d1:a4]
        modulus: b26821823e7faf4cafcd43a15e27fe0edbaaac5430f6b6fbae7c2e71ee5ab1e4e2ca923c322eefb1d7db9dead065bfc3da6d14b29fae3e210bb554fd45b93a20fe7ef3381425fde6a6fa8011620642f89b14c5d2ea639e7b831f3f8194a378cb8ce331ba2006fc19723a59e73bd2025c461c343cff251c3a28eede1466ba9b13737d70dedc2d147f3dc1014c9eb5730d8540d925b16fa686edc263386adc4d4a7ffe24dfe5b1b3f8f04404e6f96ae59f8266841fca2106a2e2eec8d7edda92e7f36e1c3a56d8813306b029d29f154e3bc16977d4c07414295bf85d19197c96be8ec17b8ee53e6ff068cfdb2635af1227da46bf4f9255da59cfc9c6649e62f0a1
public exponent: 10001

  Signature Algorithm: SHA256WITHRSA
            Signature: a0569248115597616a4e72d85823d114e7a5f4ed
                       d3fe44a8492c84928386a6edb93cdbe4f1a9b64a
                       6ecca8db09284567c83b400e8863a52219ef3a8a
                       8d013a85fd0ff9c84b6738a91408323e7a9da76a
                       33200c104f033f99b5456c962d784cf08aa1a0c1
                       ffb34e49311f5db48a92facef76dc4e5920b8bdd
                       1ae7ab2778fc7e909eb36aa7527c64efe8a6dcda
                       3d513d88fa51fbc6cb8654b0d5307d2981e1992e
                       18158384042b95c0f6f73a7375ac655c14811804
                       5ad326b303a4736c7abb4bf029b6e8efcdc7c4c8
                       af83883caa05183ca4fca09557fc217760336374
                       d201677dc0d29d93fc41828a9038c2b03a1da6af
                       51d9917243f2b0099204595d960f3705
 from file:/home/runner/work/ozone/ozone/hadoop-hdds/container-service/target/test-dir/kbiFIZCh94/dn/certs/certificate.crt.
2023-05-18 01:36:23,865 [main] INFO  client.DNCertificateClient (DefaultCertificateClient.java:startCertificateMonitor(1225)) - CertificateLifetimeMonitor for dn is started with first delay 9135 ms and interval 1666 ms.
2023-05-18 01:36:23,866 [main] INFO  client.DNCertificateClient (DefaultCertificateClient.java:init(667)) - Certificate client init case: 5
2023-05-18 01:36:23,866 [main] INFO  client.DNCertificateClient (DefaultCertificateClient.java:handleCase(708)) - Found private key and certificate but public key missing.
2023-05-18 01:36:23,876 [main] INFO  ozone.HddsDatanodeService (HddsDatanodeService.java:initializeCertificateClient(376)) - Init response: SUCCESS
2023-05-18 01:36:23,876 [main] INFO  ozone.HddsDatanodeService (HddsDatanodeService.java:initializeCertificateClient(379)) - Initialization successful, case:SUCCESS.
]]></system-out>
  </testcase>
  <testcase name="testSecureDnStartupCase6" classname="org.apache.hadoop.ozone.TestHddsSecureDatanodeInit" time="0.015">
    <system-out><![CDATA[2023-05-18 01:36:23,878 [main] INFO  client.DNCertificateClient (DefaultCertificateClient.java:loadAllCertificates(153)) - Loading certificate from location:/home/runner/work/ozone/ozone/hadoop-hdds/container-service/target/test-dir/kbiFIZCh94/dn/certs.
2023-05-18 01:36:23,879 [main] WARN  client.DNCertificateClient (DefaultCertificateClient.java:loadAllCertificates(221)) - CertificateLifetimeMonitor is not started this time because certificate is empty.
2023-05-18 01:36:23,880 [main] INFO  ozone.HddsDatanodeService (HddsDatanodeService.java:initializeCertificateClient(366)) - Initializing secure Datanode.
2023-05-18 01:36:23,881 [main] INFO  client.DNCertificateClient (DefaultCertificateClient.java:loadAllCertificates(153)) - Loading certificate from location:/home/runner/work/ozone/ozone/hadoop-hdds/container-service/target/test-dir/kbiFIZCh94/dn/certs.
2023-05-18 01:36:23,881 [main] WARN  client.DNCertificateClient (DefaultCertificateClient.java:loadAllCertificates(221)) - CertificateLifetimeMonitor is not started this time because certificate is empty.
2023-05-18 01:36:23,881 [main] INFO  client.DNCertificateClient (DefaultCertificateClient.java:init(667)) - Certificate client init case: 6
2023-05-18 01:36:23,881 [main] INFO  client.DNCertificateClient (DefaultCertificateClient.java:handleCase(717)) - Found private and public key but certificate is missing.
2023-05-18 01:36:23,887 [main] INFO  ozone.HddsDatanodeService (HddsDatanodeService.java:initializeCertificateClient(376)) - Init response: GETCERT
2023-05-18 01:36:23,887 [main] INFO  ozone.OzoneSecurityUtil (OzoneSecurityUtil.java:getValidInetsForCurrentHost(119)) - ip:fe80:0:0:0:222:48ff:fe46:ad37%eth0 not returned.
2023-05-18 01:36:23,888 [main] INFO  ozone.OzoneSecurityUtil (OzoneSecurityUtil.java:getValidInetsForCurrentHost(116)) - Adding ip:10.1.0.38,host:fv-az335-872.st3fsr2bvbpu5iwsufzt3hrohh.gx.internal.cloudapp.net
2023-05-18 01:36:23,888 [main] INFO  ozone.OzoneSecurityUtil (OzoneSecurityUtil.java:getValidInetsForCurrentHost(119)) - ip:0:0:0:0:0:0:0:1%lo not returned.
2023-05-18 01:36:23,888 [main] INFO  ozone.OzoneSecurityUtil (OzoneSecurityUtil.java:getValidInetsForCurrentHost(119)) - ip:127.0.0.1 not returned.
2023-05-18 01:36:23,888 [main] INFO  client.DNCertificateClient (DNCertificateClient.java:getCSRBuilder(86)) - Created csr for DN-> subject:runner@fv-az335-872.st3fsr2bvbpu5iwsufzt3hrohh.gx.internal.cloudapp.net
2023-05-18 01:36:23,892 [main] INFO  client.DNCertificateClient (DefaultCertificateClient.java:loadAllCertificates(153)) - Loading certificate from location:/home/runner/work/ozone/ozone/hadoop-hdds/container-service/target/test-dir/kbiFIZCh94/dn/certs.
2023-05-18 01:36:23,892 [main] WARN  client.DNCertificateClient (DefaultCertificateClient.java:loadAllCertificates(221)) - CertificateLifetimeMonitor is not started this time because certificate is empty.
]]></system-out>
  </testcase>
  <testcase name="testSecureDnStartupCase7" classname="org.apache.hadoop.ozone.TestHddsSecureDatanodeInit" time="0.016">
    <system-out><![CDATA[2023-05-18 01:36:23,894 [main] INFO  client.DNCertificateClient (DefaultCertificateClient.java:loadAllCertificates(153)) - Loading certificate from location:/home/runner/work/ozone/ozone/hadoop-hdds/container-service/target/test-dir/kbiFIZCh94/dn/certs.
2023-05-18 01:36:23,894 [main] WARN  client.DNCertificateClient (DefaultCertificateClient.java:loadAllCertificates(221)) - CertificateLifetimeMonitor is not started this time because certificate is empty.
2023-05-18 01:36:23,896 [main] INFO  ozone.HddsDatanodeService (HddsDatanodeService.java:initializeCertificateClient(366)) - Initializing secure Datanode.
2023-05-18 01:36:23,897 [main] INFO  client.DNCertificateClient (DefaultCertificateClient.java:loadAllCertificates(153)) - Loading certificate from location:/home/runner/work/ozone/ozone/hadoop-hdds/container-service/target/test-dir/kbiFIZCh94/dn/certs.
2023-05-18 01:36:23,898 [main] INFO  client.DNCertificateClient (DefaultCertificateClient.java:loadAllCertificates(197)) - Added certificate   [0]         Version: 3
         SerialNumber: 631385
             IssuerDN: CN=localhost,OU=test,O=cluster
           Start Date: Thu May 18 01:36:23 UTC 2023
           Final Date: Thu May 18 01:36:38 UTC 2023
            SubjectDN: CN=localhost,OU=test,O=cluster
           Public Key: RSA Public Key [fc:7f:2a:96:35:eb:e6:ed:f0:4d:47:c0:00:0e:74:21:75:c9:6a:d8],[56:66:d1:a4]
        modulus: b26821823e7faf4cafcd43a15e27fe0edbaaac5430f6b6fbae7c2e71ee5ab1e4e2ca923c322eefb1d7db9dead065bfc3da6d14b29fae3e210bb554fd45b93a20fe7ef3381425fde6a6fa8011620642f89b14c5d2ea639e7b831f3f8194a378cb8ce331ba2006fc19723a59e73bd2025c461c343cff251c3a28eede1466ba9b13737d70dedc2d147f3dc1014c9eb5730d8540d925b16fa686edc263386adc4d4a7ffe24dfe5b1b3f8f04404e6f96ae59f8266841fca2106a2e2eec8d7edda92e7f36e1c3a56d8813306b029d29f154e3bc16977d4c07414295bf85d19197c96be8ec17b8ee53e6ff068cfdb2635af1227da46bf4f9255da59cfc9c6649e62f0a1
public exponent: 10001

  Signature Algorithm: SHA256WITHRSA
            Signature: a0569248115597616a4e72d85823d114e7a5f4ed
                       d3fe44a8492c84928386a6edb93cdbe4f1a9b64a
                       6ecca8db09284567c83b400e8863a52219ef3a8a
                       8d013a85fd0ff9c84b6738a91408323e7a9da76a
                       33200c104f033f99b5456c962d784cf08aa1a0c1
                       ffb34e49311f5db48a92facef76dc4e5920b8bdd
                       1ae7ab2778fc7e909eb36aa7527c64efe8a6dcda
                       3d513d88fa51fbc6cb8654b0d5307d2981e1992e
                       18158384042b95c0f6f73a7375ac655c14811804
                       5ad326b303a4736c7abb4bf029b6e8efcdc7c4c8
                       af83883caa05183ca4fca09557fc217760336374
                       d201677dc0d29d93fc41828a9038c2b03a1da6af
                       51d9917243f2b0099204595d960f3705
 from file:/home/runner/work/ozone/ozone/hadoop-hdds/container-service/target/test-dir/kbiFIZCh94/dn/certs/certificate.crt.
2023-05-18 01:36:23,899 [main] INFO  client.DNCertificateClient (DefaultCertificateClient.java:startCertificateMonitor(1225)) - CertificateLifetimeMonitor for dn is started with first delay 9101 ms and interval 1666 ms.
2023-05-18 01:36:23,899 [main] INFO  client.DNCertificateClient (DefaultCertificateClient.java:init(667)) - Certificate client init case: 7
2023-05-18 01:36:23,900 [main] INFO  client.DNCertificateClient (DefaultCertificateClient.java:handleCase(726)) - Found certificate file along with KeyPair.
2023-05-18 01:36:23,905 [main] INFO  client.DNCertificateClient (DefaultCertificateClient.java:validateKeyPairAndCertificate(765)) - Keypair validated.
2023-05-18 01:36:23,909 [main] INFO  client.DNCertificateClient (DefaultCertificateClient.java:validateKeyPairAndCertificate(768)) - Keypair validated with certificate.
2023-05-18 01:36:23,909 [main] INFO  ozone.HddsDatanodeService (HddsDatanodeService.java:initializeCertificateClient(376)) - Init response: SUCCESS
2023-05-18 01:36:23,910 [main] INFO  ozone.HddsDatanodeService (HddsDatanodeService.java:initializeCertificateClient(379)) - Initialization successful, case:SUCCESS.
]]></system-out>
  </testcase>
  <testcase name="testCertificateRotation" classname="org.apache.hadoop.ozone.TestHddsSecureDatanodeInit" time="16.302">
    <system-out><![CDATA[2023-05-18 01:36:23,912 [main] INFO  client.DNCertificateClient (DefaultCertificateClient.java:loadAllCertificates(153)) - Loading certificate from location:/home/runner/work/ozone/ozone/hadoop-hdds/container-service/target/test-dir/kbiFIZCh94/dn/certs.
2023-05-18 01:36:23,912 [main] WARN  client.DNCertificateClient (DefaultCertificateClient.java:loadAllCertificates(221)) - CertificateLifetimeMonitor is not started this time because certificate is empty.
2023-05-18 01:36:25,034 [main] INFO  utils.SelfSignedCertificate (SelfSignedCertificate.java:generateCertificate(153)) - Certificate 632887 is issued by CN=localhost,OU=test,O=cluster to CN=localhost,OU=test,O=cluster, valid from Thu May 18 01:36:29 UTC 2023 to Thu May 18 01:36:44 UTC 2023
2023-05-18 01:36:25,168 [main] INFO  client.DNCertificateClient (DefaultCertificateClient.java:loadAllCertificates(153)) - Loading certificate from location:/home/runner/work/ozone/ozone/hadoop-hdds/container-service/target/test-dir/kbiFIZCh94/dn/certs.
2023-05-18 01:36:25,176 [main] INFO  client.DNCertificateClient (DefaultCertificateClient.java:loadAllCertificates(197)) - Added certificate   [0]         Version: 3
         SerialNumber: 631385
             IssuerDN: CN=localhost,OU=test,O=cluster
           Start Date: Thu May 18 01:36:23 UTC 2023
           Final Date: Thu May 18 01:36:38 UTC 2023
            SubjectDN: CN=localhost,OU=test,O=cluster
           Public Key: RSA Public Key [fc:7f:2a:96:35:eb:e6:ed:f0:4d:47:c0:00:0e:74:21:75:c9:6a:d8],[56:66:d1:a4]
        modulus: b26821823e7faf4cafcd43a15e27fe0edbaaac5430f6b6fbae7c2e71ee5ab1e4e2ca923c322eefb1d7db9dead065bfc3da6d14b29fae3e210bb554fd45b93a20fe7ef3381425fde6a6fa8011620642f89b14c5d2ea639e7b831f3f8194a378cb8ce331ba2006fc19723a59e73bd2025c461c343cff251c3a28eede1466ba9b13737d70dedc2d147f3dc1014c9eb5730d8540d925b16fa686edc263386adc4d4a7ffe24dfe5b1b3f8f04404e6f96ae59f8266841fca2106a2e2eec8d7edda92e7f36e1c3a56d8813306b029d29f154e3bc16977d4c07414295bf85d19197c96be8ec17b8ee53e6ff068cfdb2635af1227da46bf4f9255da59cfc9c6649e62f0a1
public exponent: 10001

  Signature Algorithm: SHA256WITHRSA
            Signature: a0569248115597616a4e72d85823d114e7a5f4ed
                       d3fe44a8492c84928386a6edb93cdbe4f1a9b64a
                       6ecca8db09284567c83b400e8863a52219ef3a8a
                       8d013a85fd0ff9c84b6738a91408323e7a9da76a
                       33200c104f033f99b5456c962d784cf08aa1a0c1
                       ffb34e49311f5db48a92facef76dc4e5920b8bdd
                       1ae7ab2778fc7e909eb36aa7527c64efe8a6dcda
                       3d513d88fa51fbc6cb8654b0d5307d2981e1992e
                       18158384042b95c0f6f73a7375ac655c14811804
                       5ad326b303a4736c7abb4bf029b6e8efcdc7c4c8
                       af83883caa05183ca4fca09557fc217760336374
                       d201677dc0d29d93fc41828a9038c2b03a1da6af
                       51d9917243f2b0099204595d960f3705
 from file:/home/runner/work/ozone/ozone/hadoop-hdds/container-service/target/test-dir/kbiFIZCh94/dn/certs/certificate.crt.
2023-05-18 01:36:25,180 [main] INFO  client.DNCertificateClient (DefaultCertificateClient.java:startCertificateMonitor(1225)) - CertificateLifetimeMonitor for dn is started with first delay 7823 ms and interval 1666 ms.
2023-05-18 01:36:25,184 [main] INFO  client.DNCertificateClient (DefaultCertificateClient.java:startCertificateMonitor(1225)) - CertificateLifetimeMonitor for dn is started with first delay 7819 ms and interval 1666 ms.
2023-05-18 01:36:33,001 [dn-CertificateLifetimeMonitor] INFO  client.DNCertificateClient (DefaultCertificateClient.java:run(1255)) - Current certificate has entered the expiry grace period PT0S. Starting renew key and certs.
2023-05-18 01:36:33,279 [dn-CertificateLifetimeMonitor] INFO  ozone.OzoneSecurityUtil (OzoneSecurityUtil.java:getValidInetsForCurrentHost(119)) - ip:fe80:0:0:0:222:48ff:fe46:ad37%eth0 not returned.
2023-05-18 01:36:33,279 [dn-CertificateLifetimeMonitor] INFO  ozone.OzoneSecurityUtil (OzoneSecurityUtil.java:getValidInetsForCurrentHost(116)) - Adding ip:10.1.0.38,host:fv-az335-872.st3fsr2bvbpu5iwsufzt3hrohh.gx.internal.cloudapp.net
2023-05-18 01:36:33,279 [dn-CertificateLifetimeMonitor] INFO  ozone.OzoneSecurityUtil (OzoneSecurityUtil.java:getValidInetsForCurrentHost(119)) - ip:0:0:0:0:0:0:0:1%lo not returned.
2023-05-18 01:36:33,279 [dn-CertificateLifetimeMonitor] INFO  ozone.OzoneSecurityUtil (OzoneSecurityUtil.java:getValidInetsForCurrentHost(119)) - ip:127.0.0.1 not returned.
2023-05-18 01:36:33,285 [dn-CertificateLifetimeMonitor] INFO  client.DNCertificateClient (DNCertificateClient.java:getCSRBuilder(86)) - Created csr for DN-> subject:runner@fv-az335-872.st3fsr2bvbpu5iwsufzt3hrohh.gx.internal.cloudapp.net
2023-05-18 01:36:33,353 [dn-CertificateLifetimeMonitor] INFO  client.DNCertificateClient (DefaultCertificateClient.java:renewAndStoreKeyAndCertificate(1087)) - Successful renew key and certificate. New certificate 632887.
2023-05-18 01:36:33,354 [dn-CertificateLifetimeMonitor] INFO  client.DNCertificateClient (DefaultCertificateClient.java:loadAllCertificates(153)) - Loading certificate from location:/home/runner/work/ozone/ozone/hadoop-hdds/container-service/target/test-dir/kbiFIZCh94/dn/certs.
2023-05-18 01:36:33,355 [dn-CertificateLifetimeMonitor] INFO  client.DNCertificateClient (DefaultCertificateClient.java:loadAllCertificates(197)) - Added certificate   [0]         Version: 3
         SerialNumber: 632887
             IssuerDN: CN=localhost,OU=test,O=cluster
           Start Date: Thu May 18 01:36:29 UTC 2023
           Final Date: Thu May 18 01:36:44 UTC 2023
            SubjectDN: CN=localhost,OU=test,O=cluster
           Public Key: RSA Public Key [c5:c3:a4:76:22:f0:80:41:cc:8a:cf:1d:95:6d:7a:23:54:ef:a9:2d],[56:66:d1:a4]
        modulus: ba0f36ff79197b763fd3183991afba655a1ce9ada6291a5124f93cb442b7aceaa282f3932319a0114418dc0b1aa0c5e0210d66cc8a92a0626ffd624c40d88c34bdd44b29ce56344e846c5c4751cdd3a1d50e925cb5ee2c995c6194cc65a04d7a915e995de3a7e34a2e00f4c3aa6a972268bba33b9790c3e1be30c7550ace57f1
public exponent: 10001

  Signature Algorithm: SHA256WITHRSA
            Signature: 6204d481d7565c84a719f2642f59b64db8019de5
                       e0cc1c4f017dcd07780ee19e9592d06b074be948
                       eb6873563c0b7fc63f9fb3beeb78409a30054f33
                       95703ae2dac8578332d6c92c0cc8133d5b13fc59
                       604640e5671a33f87464eaca5a35bb7ce34ee319
                       bccaedca93ef4de1fb57dd5066255440ad4c78e8
                       2a6d318ebcca5cec
 from file:/home/runner/work/ozone/ozone/hadoop-hdds/container-service/target/test-dir/kbiFIZCh94/dn/certs/632887.crt.
2023-05-18 01:36:33,363 [dn-CertificateLifetimeMonitor] INFO  client.DNCertificateClient (DefaultCertificateClient.java:loadAllCertificates(197)) - Added certificate   [0]         Version: 3
         SerialNumber: 632887
             IssuerDN: CN=localhost,OU=test,O=cluster
           Start Date: Thu May 18 01:36:29 UTC 2023
           Final Date: Thu May 18 01:36:44 UTC 2023
            SubjectDN: CN=localhost,OU=test,O=cluster
           Public Key: RSA Public Key [c5:c3:a4:76:22:f0:80:41:cc:8a:cf:1d:95:6d:7a:23:54:ef:a9:2d],[56:66:d1:a4]
        modulus: ba0f36ff79197b763fd3183991afba655a1ce9ada6291a5124f93cb442b7aceaa282f3932319a0114418dc0b1aa0c5e0210d66cc8a92a0626ffd624c40d88c34bdd44b29ce56344e846c5c4751cdd3a1d50e925cb5ee2c995c6194cc65a04d7a915e995de3a7e34a2e00f4c3aa6a972268bba33b9790c3e1be30c7550ace57f1
public exponent: 10001

  Signature Algorithm: SHA256WITHRSA
            Signature: 6204d481d7565c84a719f2642f59b64db8019de5
                       e0cc1c4f017dcd07780ee19e9592d06b074be948
                       eb6873563c0b7fc63f9fb3beeb78409a30054f33
                       95703ae2dac8578332d6c92c0cc8133d5b13fc59
                       604640e5671a33f87464eaca5a35bb7ce34ee319
                       bccaedca93ef4de1fb57dd5066255440ad4c78e8
                       2a6d318ebcca5cec
 from file:/home/runner/work/ozone/ozone/hadoop-hdds/container-service/target/test-dir/kbiFIZCh94/dn/certs/ROOTCA-632887.crt.
2023-05-18 01:36:33,366 [dn-CertificateLifetimeMonitor] INFO  client.DNCertificateClient (DefaultCertificateClient.java:loadAllCertificates(197)) - Added certificate   [0]         Version: 3
         SerialNumber: 632887
             IssuerDN: CN=localhost,OU=test,O=cluster
           Start Date: Thu May 18 01:36:29 UTC 2023
           Final Date: Thu May 18 01:36:44 UTC 2023
            SubjectDN: CN=localhost,OU=test,O=cluster
           Public Key: RSA Public Key [c5:c3:a4:76:22:f0:80:41:cc:8a:cf:1d:95:6d:7a:23:54:ef:a9:2d],[56:66:d1:a4]
        modulus: ba0f36ff79197b763fd3183991afba655a1ce9ada6291a5124f93cb442b7aceaa282f3932319a0114418dc0b1aa0c5e0210d66cc8a92a0626ffd624c40d88c34bdd44b29ce56344e846c5c4751cdd3a1d50e925cb5ee2c995c6194cc65a04d7a915e995de3a7e34a2e00f4c3aa6a972268bba33b9790c3e1be30c7550ace57f1
public exponent: 10001

  Signature Algorithm: SHA256WITHRSA
            Signature: 6204d481d7565c84a719f2642f59b64db8019de5
                       e0cc1c4f017dcd07780ee19e9592d06b074be948
                       eb6873563c0b7fc63f9fb3beeb78409a30054f33
                       95703ae2dac8578332d6c92c0cc8133d5b13fc59
                       604640e5671a33f87464eaca5a35bb7ce34ee319
                       bccaedca93ef4de1fb57dd5066255440ad4c78e8
                       2a6d318ebcca5cec
 from file:/home/runner/work/ozone/ozone/hadoop-hdds/container-service/target/test-dir/kbiFIZCh94/dn/certs/CA-632887.crt.
2023-05-18 01:36:33,366 [dn-CertificateLifetimeMonitor] INFO  client.DNCertificateClient (DefaultCertificateClient.java:reloadKeyAndCertificate(1158)) - Reset and reload key and all certificates.
2023-05-18 01:36:34,206 [main] INFO  utils.SelfSignedCertificate (SelfSignedCertificate.java:generateCertificate(153)) - Certificate 642074 is issued by CN=localhost,OU=test,O=cluster to CN=localhost,OU=test,O=cluster, valid from Thu May 18 01:36:34 UTC 2023 to Thu May 18 01:36:49 UTC 2023
2023-05-18 01:36:39,665 [dn-CertificateLifetimeMonitor] INFO  client.DNCertificateClient (DefaultCertificateClient.java:run(1255)) - Current certificate has entered the expiry grace period PT0S. Starting renew key and certs.
2023-05-18 01:36:39,888 [dn-CertificateLifetimeMonitor] INFO  ozone.OzoneSecurityUtil (OzoneSecurityUtil.java:getValidInetsForCurrentHost(119)) - ip:fe80:0:0:0:222:48ff:fe46:ad37%eth0 not returned.
2023-05-18 01:36:39,888 [dn-CertificateLifetimeMonitor] INFO  ozone.OzoneSecurityUtil (OzoneSecurityUtil.java:getValidInetsForCurrentHost(116)) - Adding ip:10.1.0.38,host:fv-az335-872.st3fsr2bvbpu5iwsufzt3hrohh.gx.internal.cloudapp.net
2023-05-18 01:36:39,888 [dn-CertificateLifetimeMonitor] INFO  ozone.OzoneSecurityUtil (OzoneSecurityUtil.java:getValidInetsForCurrentHost(119)) - ip:0:0:0:0:0:0:0:1%lo not returned.
2023-05-18 01:36:39,888 [dn-CertificateLifetimeMonitor] INFO  ozone.OzoneSecurityUtil (OzoneSecurityUtil.java:getValidInetsForCurrentHost(119)) - ip:127.0.0.1 not returned.
2023-05-18 01:36:39,889 [dn-CertificateLifetimeMonitor] INFO  client.DNCertificateClient (DNCertificateClient.java:getCSRBuilder(86)) - Created csr for DN-> subject:runner@fv-az335-872.st3fsr2bvbpu5iwsufzt3hrohh.gx.internal.cloudapp.net
2023-05-18 01:36:39,897 [dn-CertificateLifetimeMonitor] INFO  client.DNCertificateClient (DefaultCertificateClient.java:renewAndStoreKeyAndCertificate(1087)) - Successful renew key and certificate. New certificate 642074.
2023-05-18 01:36:39,897 [dn-CertificateLifetimeMonitor] INFO  client.DNCertificateClient (DefaultCertificateClient.java:loadAllCertificates(153)) - Loading certificate from location:/home/runner/work/ozone/ozone/hadoop-hdds/container-service/target/test-dir/kbiFIZCh94/dn/certs.
2023-05-18 01:36:39,898 [dn-CertificateLifetimeMonitor] INFO  client.DNCertificateClient (DefaultCertificateClient.java:loadAllCertificates(197)) - Added certificate   [0]         Version: 3
         SerialNumber: 642074
             IssuerDN: CN=localhost,OU=test,O=cluster
           Start Date: Thu May 18 01:36:34 UTC 2023
           Final Date: Thu May 18 01:36:49 UTC 2023
            SubjectDN: CN=localhost,OU=test,O=cluster
           Public Key: RSA Public Key [84:d0:89:4b:c4:bc:ed:3e:b6:26:7c:5a:34:20:b1:24:99:fd:a7:d9],[56:66:d1:a4]
        modulus: b63fd3323572c6c4749a8bb7fa9ed46bbd95e0667701357ac316af5f264f478a71201ca9717681db2a18be25e6183235b14088763f698e0f01d6e94dc0ecdf7b40104ee7f5f961ddae691cee17ef1f0a3bcd656131570e808de41320ecd11f313d4c8c5e2fa7b1d842d47d844586bafc8ac8ff9a9a948f910305ac5c27a6cca5
public exponent: 10001

  Signature Algorithm: SHA256WITHRSA
            Signature: 00eeddf4e9905429b383b37b8ae27b84dbc39d52
                       7efd25587fb6235e825a2938de33c589ce2f6ba2
                       dbf6f8b4e748582ea4c933a008972b47f33cc976
                       bc06904083d202e6178a72efd1ef1db9abad5e69
                       09ac961e1defa5209f4809f89c85b22afb2765b3
                       82e45cb71d227815de9127559a545b77711929e0
                       eb2cc2d973094d2d
 from file:/home/runner/work/ozone/ozone/hadoop-hdds/container-service/target/test-dir/kbiFIZCh94/dn/certs/ROOTCA-642074.crt.
2023-05-18 01:36:39,899 [dn-CertificateLifetimeMonitor] INFO  client.DNCertificateClient (DefaultCertificateClient.java:loadAllCertificates(197)) - Added certificate   [0]         Version: 3
         SerialNumber: 642074
             IssuerDN: CN=localhost,OU=test,O=cluster
           Start Date: Thu May 18 01:36:34 UTC 2023
           Final Date: Thu May 18 01:36:49 UTC 2023
            SubjectDN: CN=localhost,OU=test,O=cluster
           Public Key: RSA Public Key [84:d0:89:4b:c4:bc:ed:3e:b6:26:7c:5a:34:20:b1:24:99:fd:a7:d9],[56:66:d1:a4]
        modulus: b63fd3323572c6c4749a8bb7fa9ed46bbd95e0667701357ac316af5f264f478a71201ca9717681db2a18be25e6183235b14088763f698e0f01d6e94dc0ecdf7b40104ee7f5f961ddae691cee17ef1f0a3bcd656131570e808de41320ecd11f313d4c8c5e2fa7b1d842d47d844586bafc8ac8ff9a9a948f910305ac5c27a6cca5
public exponent: 10001

  Signature Algorithm: SHA256WITHRSA
            Signature: 00eeddf4e9905429b383b37b8ae27b84dbc39d52
                       7efd25587fb6235e825a2938de33c589ce2f6ba2
                       dbf6f8b4e748582ea4c933a008972b47f33cc976
                       bc06904083d202e6178a72efd1ef1db9abad5e69
                       09ac961e1defa5209f4809f89c85b22afb2765b3
                       82e45cb71d227815de9127559a545b77711929e0
                       eb2cc2d973094d2d
 from file:/home/runner/work/ozone/ozone/hadoop-hdds/container-service/target/test-dir/kbiFIZCh94/dn/certs/CA-642074.crt.
2023-05-18 01:36:39,901 [dn-CertificateLifetimeMonitor] INFO  client.DNCertificateClient (DefaultCertificateClient.java:loadAllCertificates(197)) - Added certificate   [0]         Version: 3
         SerialNumber: 642074
             IssuerDN: CN=localhost,OU=test,O=cluster
           Start Date: Thu May 18 01:36:34 UTC 2023
           Final Date: Thu May 18 01:36:49 UTC 2023
            SubjectDN: CN=localhost,OU=test,O=cluster
           Public Key: RSA Public Key [84:d0:89:4b:c4:bc:ed:3e:b6:26:7c:5a:34:20:b1:24:99:fd:a7:d9],[56:66:d1:a4]
        modulus: b63fd3323572c6c4749a8bb7fa9ed46bbd95e0667701357ac316af5f264f478a71201ca9717681db2a18be25e6183235b14088763f698e0f01d6e94dc0ecdf7b40104ee7f5f961ddae691cee17ef1f0a3bcd656131570e808de41320ecd11f313d4c8c5e2fa7b1d842d47d844586bafc8ac8ff9a9a948f910305ac5c27a6cca5
public exponent: 10001

  Signature Algorithm: SHA256WITHRSA
            Signature: 00eeddf4e9905429b383b37b8ae27b84dbc39d52
                       7efd25587fb6235e825a2938de33c589ce2f6ba2
                       dbf6f8b4e748582ea4c933a008972b47f33cc976
                       bc06904083d202e6178a72efd1ef1db9abad5e69
                       09ac961e1defa5209f4809f89c85b22afb2765b3
                       82e45cb71d227815de9127559a545b77711929e0
                       eb2cc2d973094d2d
 from file:/home/runner/work/ozone/ozone/hadoop-hdds/container-service/target/test-dir/kbiFIZCh94/dn/certs/642074.crt.
2023-05-18 01:36:39,901 [dn-CertificateLifetimeMonitor] INFO  client.DNCertificateClient (DefaultCertificateClient.java:reloadKeyAndCertificate(1158)) - Reset and reload key and all certificates.
]]></system-out>
  </testcase>
  <testcase name="testCertificateRotationRecoverableFailure" classname="org.apache.hadoop.ozone.TestHddsSecureDatanodeInit" time="30.117">
    <error type="java.util.concurrent.TimeoutException"><![CDATA[java.util.concurrent.TimeoutException: 
Timed out waiting for condition. Thread diagnostics:
Timestamp: 2023-05-18 01:37:10,318

"dn-CertificateLifetimeMonitor" daemon prio=5 tid=21 runnable
java.lang.Thread.State: RUNNABLE
        at java.math.BigInteger.oddModPow(BigInteger.java:2943)
        at java.math.BigInteger.modPow(BigInteger.java:2605)
        at java.math.BigInteger.passesMillerRabin(BigInteger.java:1038)
        at java.math.BigInteger.primeToCertainty(BigInteger.java:894)
        at java.math.BigInteger.isProbablePrime(BigInteger.java:3603)
        at org.bouncycastle.util.BigIntegers.createRandomPrime(Unknown Source)
        at org.bouncycastle.crypto.generators.RSAKeyPairGenerator.chooseRandomPrime(Unknown Source)
        at org.bouncycastle.crypto.generators.RSAKeyPairGenerator.generateKeyPair(Unknown Source)
        at org.bouncycastle.jcajce.provider.asymmetric.rsa.KeyPairGeneratorSpi.generateKeyPair(Unknown Source)
        at org.apache.hadoop.hdds.security.x509.keys.HDDSKeyGenerator.generateKey(HDDSKeyGenerator.java:119)
        at org.apache.hadoop.hdds.security.x509.keys.HDDSKeyGenerator.generateKey(HDDSKeyGenerator.java:78)
        at org.apache.hadoop.hdds.security.x509.certificate.client.DefaultCertificateClient.createKeyPair(DefaultCertificateClient.java:840)
        at org.apache.hadoop.hdds.security.x509.certificate.client.DefaultCertificateClient.renewAndStoreKeyAndCertificate(DefaultCertificateClient.java:997)
        at org.apache.hadoop.hdds.security.x509.certificate.client.DefaultCertificateClient$CertificateLifetimeMonitor.run(DefaultCertificateClient.java:1258)
        at java.util.concurrent.Executors$RunnableAdapter.call(Executors.java:511)
        at java.util.concurrent.FutureTask.runAndReset(FutureTask.java:308)
        at java.util.concurrent.ScheduledThreadPoolExecutor$ScheduledFutureTask.access$301(ScheduledThreadPoolExecutor.java:180)
        at java.util.concurrent.ScheduledThreadPoolExecutor$ScheduledFutureTask.run(ScheduledThreadPoolExecutor.java:294)
        at java.util.concurrent.ThreadPoolExecutor.runWorker(ThreadPoolExecutor.java:1149)
        at java.util.concurrent.ThreadPoolExecutor$Worker.run(ThreadPoolExecutor.java:624)
        at java.lang.Thread.run(Thread.java:750)
"Finalizer" daemon prio=8 tid=3 in Object.wait()
java.lang.Thread.State: WAITING (on object monitor)
        at java.lang.Object.wait(Native Method)
        at java.lang.ref.ReferenceQueue.remove(ReferenceQueue.java:144)
        at java.lang.ref.ReferenceQueue.remove(ReferenceQueue.java:165)
        at java.lang.ref.Finalizer$FinalizerThread.run(Finalizer.java:188)
"Attach Listener" daemon prio=9 tid=19 runnable
java.lang.Thread.State: RUNNABLE
"Timer for 'HddsDatanode' metrics system" daemon prio=5 tid=14 timed_waiting
java.lang.Thread.State: TIMED_WAITING
        at java.lang.Object.wait(Native Method)
        at java.util.TimerThread.mainLoop(Timer.java:552)
        at java.util.TimerThread.run(Timer.java:505)
"process reaper" daemon prio=10 tid=12 timed_waiting
java.lang.Thread.State: TIMED_WAITING
        at sun.misc.Unsafe.park(Native Method)
        at java.util.concurrent.locks.LockSupport.parkNanos(LockSupport.java:215)
        at java.util.concurrent.SynchronousQueue$TransferStack.awaitFulfill(SynchronousQueue.java:460)
        at java.util.concurrent.SynchronousQueue$TransferStack.transfer(SynchronousQueue.java:362)
        at java.util.concurrent.SynchronousQueue.poll(SynchronousQueue.java:941)
        at java.util.concurrent.ThreadPoolExecutor.getTask(ThreadPoolExecutor.java:1073)
        at java.util.concurrent.ThreadPoolExecutor.runWorker(ThreadPoolExecutor.java:1134)
        at java.util.concurrent.ThreadPoolExecutor$Worker.run(ThreadPoolExecutor.java:624)
        at java.lang.Thread.run(Thread.java:750)
"Reference Handler" daemon prio=10 tid=2 in Object.wait()
java.lang.Thread.State: WAITING (on object monitor)
        at java.lang.Object.wait(Native Method)
        at java.lang.Object.wait(Object.java:502)
        at java.lang.ref.Reference.tryHandlePending(Reference.java:191)
        at java.lang.ref.Reference$ReferenceHandler.run(Reference.java:153)
"main"  prio=5 tid=1 runnable
java.lang.Thread.State: RUNNABLE
        at java.lang.Thread.dumpThreads(Native Method)
        at java.lang.Thread.getAllStackTraces(Thread.java:1615)
        at org.apache.ozone.test.TimedOutTestsListener.buildThreadDump(TimedOutTestsListener.java:93)
        at org.apache.ozone.test.TimedOutTestsListener.buildThreadDiagnosticString(TimedOutTestsListener.java:79)
        at org.apache.ozone.test.GenericTestUtils.waitFor(GenericTestUtils.java:231)
        at org.apache.hadoop.ozone.TestHddsSecureDatanodeInit.testCertificateRotationRecoverableFailure(TestHddsSecureDatanodeInit.java:417)
        at sun.reflect.NativeMethodAccessorImpl.invoke0(Native Method)
        at sun.reflect.NativeMethodAccessorImpl.invoke(NativeMethodAccessorImpl.java:62)
        at sun.reflect.DelegatingMethodAccessorImpl.invoke(DelegatingMethodAccessorImpl.java:43)
        at java.lang.reflect.Method.invoke(Method.java:498)
        at org.junit.platform.commons.util.ReflectionUtils.invokeMethod(ReflectionUtils.java:725)
        at org.junit.jupiter.engine.execution.MethodInvocation.proceed(MethodInvocation.java:60)
        at org.junit.jupiter.engine.execution.InvocationInterceptorChain$ValidatingInvocation.proceed(InvocationInterceptorChain.java:131)
        at org.junit.jupiter.engine.extension.TimeoutExtension.intercept(TimeoutExtension.java:149)
        at org.junit.jupiter.engine.extension.TimeoutExtension.interceptTestableMethod(TimeoutExtension.java:140)
        at org.junit.jupiter.engine.extension.TimeoutExtension.interceptTestMethod(TimeoutExtension.java:84)
        at org.junit.jupiter.engine.descriptor.TestMethodTestDescriptor$$Lambda$136/1139700454.apply(Unknown Source)
        at org.junit.jupiter.engine.execution.ExecutableInvoker$ReflectiveInterceptorCall.lambda$ofVoidMethod$0(ExecutableInvoker.java:115)
        at org.junit.jupiter.engine.execution.ExecutableInvoker$ReflectiveInterceptorCall$$Lambda$137/802600647.apply(Unknown Source)
        at org.junit.jupiter.engine.execution.ExecutableInvoker.lambda$invoke$0(ExecutableInvoker.java:105)
        at org.junit.jupiter.engine.execution.ExecutableInvoker$$Lambda$291/566113173.apply(Unknown Source)
        at org.junit.jupiter.engine.execution.InvocationInterceptorChain$InterceptedInvocation.proceed(InvocationInterceptorChain.java:106)
        at org.junit.jupiter.engine.execution.InvocationInterceptorChain.proceed(InvocationInterceptorChain.java:64)
        at org.junit.jupiter.engine.execution.InvocationInterceptorChain.chainAndInvoke(InvocationInterceptorChain.java:45)
        at org.junit.jupiter.engine.execution.InvocationInterceptorChain.invoke(InvocationInterceptorChain.java:37)
        at org.junit.jupiter.engine.execution.ExecutableInvoker.invoke(ExecutableInvoker.java:104)
        at org.junit.jupiter.engine.execution.ExecutableInvoker.invoke(ExecutableInvoker.java:98)
        at org.junit.jupiter.engine.descriptor.TestMethodTestDescriptor.lambda$invokeTestMethod$7(TestMethodTestDescriptor.java:214)
        at org.junit.jupiter.engine.descriptor.TestMethodTestDescriptor$$Lambda$372/366828226.execute(Unknown Source)
        at org.junit.platform.engine.support.hierarchical.ThrowableCollector.execute(ThrowableCollector.java:73)
        at org.junit.jupiter.engine.descriptor.TestMethodTestDescriptor.invokeTestMethod(TestMethodTestDescriptor.java:210)
        at org.junit.jupiter.engine.descriptor.TestMethodTestDescriptor.execute(TestMethodTestDescriptor.java:135)
        at org.junit.jupiter.engine.descriptor.TestMethodTestDescriptor.execute(TestMethodTestDescriptor.java:66)
        at org.junit.platform.engine.support.hierarchical.NodeTestTask.lambda$executeRecursively$6(NodeTestTask.java:151)
        at org.junit.platform.engine.support.hierarchical.NodeTestTask$$Lambda$233/2093010349.execute(Unknown Source)
        at org.junit.platform.engine.support.hierarchical.ThrowableCollector.execute(ThrowableCollector.java:73)
        at org.junit.platform.engine.support.hierarchical.NodeTestTask.lambda$executeRecursively$8(NodeTestTask.java:141)
        at org.junit.platform.engine.support.hierarchical.NodeTestTask$$Lambda$232/311239812.invoke(Unknown Source)
        at org.junit.platform.engine.support.hierarchical.Node.around(Node.java:137)
        at org.junit.platform.engine.support.hierarchical.NodeTestTask.lambda$executeRecursively$9(NodeTestTask.java:139)
        at org.junit.platform.engine.support.hierarchical.NodeTestTask$$Lambda$231/883151184.execute(Unknown Source)
        at org.junit.platform.engine.support.hierarchical.ThrowableCollector.execute(ThrowableCollector.java:73)
        at org.junit.platform.engine.support.hierarchical.NodeTestTask.executeRecursively(NodeTestTask.java:138)
        at org.junit.platform.engine.support.hierarchical.NodeTestTask.execute(NodeTestTask.java:95)
        at org.junit.platform.engine.support.hierarchical.SameThreadHierarchicalTestExecutorService$$Lambda$237/129153987.accept(Unknown Source)
        at java.util.ArrayList.forEach(ArrayList.java:1259)
        at org.junit.platform.engine.support.hierarchical.SameThreadHierarchicalTestExecutorService.invokeAll(SameThreadHierarchicalTestExecutorService.java:41)
        at org.junit.platform.engine.support.hierarchical.NodeTestTask.lambda$executeRecursively$6(NodeTestTask.java:155)
        at org.junit.platform.engine.support.hierarchical.NodeTestTask$$Lambda$233/2093010349.execute(Unknown Source)
        at org.junit.platform.engine.support.hierarchical.ThrowableCollector.execute(ThrowableCollector.java:73)
        at org.junit.platform.engine.support.hierarchical.NodeTestTask.lambda$executeRecursively$8(NodeTestTask.java:141)
        at org.junit.platform.engine.support.hierarchical.NodeTestTask$$Lambda$232/311239812.invoke(Unknown Source)
        at org.junit.platform.engine.support.hierarchical.Node.around(Node.java:137)
        at org.junit.platform.engine.support.hierarchical.NodeTestTask.lambda$executeRecursively$9(NodeTestTask.java:139)
        at org.junit.platform.engine.support.hierarchical.NodeTestTask$$Lambda$231/883151184.execute(Unknown Source)
        at org.junit.platform.engine.support.hierarchical.ThrowableCollector.execute(ThrowableCollector.java:73)
        at org.junit.platform.engine.support.hierarchical.NodeTestTask.executeRecursively(NodeTestTask.java:138)
        at org.junit.platform.engine.support.hierarchical.NodeTestTask.execute(NodeTestTask.java:95)
        at org.junit.platform.engine.support.hierarchical.SameThreadHierarchicalTestExecutorService$$Lambda$237/129153987.accept(Unknown Source)
        at java.util.ArrayList.forEach(ArrayList.java:1259)
        at org.junit.platform.engine.support.hierarchical.SameThreadHierarchicalTestExecutorService.invokeAll(SameThreadHierarchicalTestExecutorService.java:41)
        at org.junit.platform.engine.support.hierarchical.NodeTestTask.lambda$executeRecursively$6(NodeTestTask.java:155)
        at org.junit.platform.engine.support.hierarchical.NodeTestTask$$Lambda$233/2093010349.execute(Unknown Source)
        at org.junit.platform.engine.support.hierarchical.ThrowableCollector.execute(ThrowableCollector.java:73)
        at org.junit.platform.engine.support.hierarchical.NodeTestTask.lambda$executeRecursively$8(NodeTestTask.java:141)
        at org.junit.platform.engine.support.hierarchical.NodeTestTask$$Lambda$232/311239812.invoke(Unknown Source)
        at org.junit.platform.engine.support.hierarchical.Node.around(Node.java:137)
        at org.junit.platform.engine.support.hierarchical.NodeTestTask.lambda$executeRecursively$9(NodeTestTask.java:139)
        at org.junit.platform.engine.support.hierarchical.NodeTestTask$$Lambda$231/883151184.execute(Unknown Source)
        at org.junit.platform.engine.support.hierarchical.ThrowableCollector.execute(ThrowableCollector.java:73)
        at org.junit.platform.engine.support.hierarchical.NodeTestTask.executeRecursively(NodeTestTask.java:138)
        at org.junit.platform.engine.support.hierarchical.NodeTestTask.execute(NodeTestTask.java:95)
        at org.junit.platform.engine.support.hierarchical.SameThreadHierarchicalTestExecutorService.submit(SameThreadHierarchicalTestExecutorService.java:35)
        at org.junit.platform.engine.support.hierarchical.HierarchicalTestExecutor.execute(HierarchicalTestExecutor.java:57)
        at org.junit.platform.engine.support.hierarchical.HierarchicalTestEngine.execute(HierarchicalTestEngine.java:54)
        at org.junit.platform.launcher.core.EngineExecutionOrchestrator.execute(EngineExecutionOrchestrator.java:107)
        at org.junit.platform.launcher.core.EngineExecutionOrchestrator.execute(EngineExecutionOrchestrator.java:88)
        at org.junit.platform.launcher.core.EngineExecutionOrchestrator.lambda$execute$0(EngineExecutionOrchestrator.java:54)
        at org.junit.platform.launcher.core.EngineExecutionOrchestrator$$Lambda$185/482082765.accept(Unknown Source)
        at org.junit.platform.launcher.core.EngineExecutionOrchestrator.withInterceptedStreams(EngineExecutionOrchestrator.java:67)
        at org.junit.platform.launcher.core.EngineExecutionOrchestrator.execute(EngineExecutionOrchestrator.java:52)
        at org.junit.platform.launcher.core.DefaultLauncher.execute(DefaultLauncher.java:114)
        at org.junit.platform.launcher.core.DefaultLauncher.execute(DefaultLauncher.java:86)
        at org.junit.platform.launcher.core.DefaultLauncherSession$DelegatingLauncher.execute(DefaultLauncherSession.java:86)
        at org.junit.platform.launcher.core.SessionPerRequestLauncher.execute(SessionPerRequestLauncher.java:53)
        at org.apache.maven.surefire.junitplatform.JUnitPlatformProvider.execute(JUnitPlatformProvider.java:188)
        at org.apache.maven.surefire.junitplatform.JUnitPlatformProvider.invokeAllTests(JUnitPlatformProvider.java:154)
        at org.apache.maven.surefire.junitplatform.JUnitPlatformProvider.invoke(JUnitPlatformProvider.java:124)
        at org.apache.maven.surefire.booter.ForkedBooter.runSuitesInProcess(ForkedBooter.java:428)
        at org.apache.maven.surefire.booter.ForkedBooter.execute(ForkedBooter.java:162)
        at org.apache.maven.surefire.booter.ForkedBooter.run(ForkedBooter.java:562)
        at org.apache.maven.surefire.booter.ForkedBooter.main(ForkedBooter.java:548)
"surefire-forkedjvm-command-thread" daemon prio=5 tid=10 runnable
java.lang.Thread.State: RUNNABLE
        at java.io.FileInputStream.readBytes(Native Method)
        at java.io.FileInputStream.read(FileInputStream.java:255)
        at java.io.BufferedInputStream.read1(BufferedInputStream.java:284)
        at java.io.BufferedInputStream.read(BufferedInputStream.java:345)
        at java.io.BufferedInputStream.fill(BufferedInputStream.java:246)
        at java.io.BufferedInputStream.read1(BufferedInputStream.java:286)
        at java.io.BufferedInputStream.read(BufferedInputStream.java:345)
        at org.apache.maven.surefire.api.util.internal.Channels$3.readImpl(Channels.java:214)
        at org.apache.maven.surefire.api.util.internal.AbstractNoninterruptibleReadableChannel.read(AbstractNoninterruptibleReadableChannel.java:54)
        at org.apache.maven.surefire.booter.spi.LegacyMasterProcessChannelDecoder.decode(LegacyMasterProcessChannelDecoder.java:80)
        at org.apache.maven.surefire.booter.CommandReader$CommandRunnable.run(CommandReader.java:343)
        at java.lang.Thread.run(Thread.java:750)
"Signal Dispatcher" daemon prio=9 tid=4 runnable
java.lang.Thread.State: RUNNABLE


	at org.apache.ozone.test.GenericTestUtils.waitFor(GenericTestUtils.java:231)
	at org.apache.hadoop.ozone.TestHddsSecureDatanodeInit.testCertificateRotationRecoverableFailure(TestHddsSecureDatanodeInit.java:417)
	at sun.reflect.NativeMethodAccessorImpl.invoke0(Native Method)
	at sun.reflect.NativeMethodAccessorImpl.invoke(NativeMethodAccessorImpl.java:62)
	at sun.reflect.DelegatingMethodAccessorImpl.invoke(DelegatingMethodAccessorImpl.java:43)
	at java.lang.reflect.Method.invoke(Method.java:498)
	at org.junit.platform.commons.util.ReflectionUtils.invokeMethod(ReflectionUtils.java:725)
	at org.junit.jupiter.engine.execution.MethodInvocation.proceed(MethodInvocation.java:60)
	at org.junit.jupiter.engine.execution.InvocationInterceptorChain$ValidatingInvocation.proceed(InvocationInterceptorChain.java:131)
	at org.junit.jupiter.engine.extension.TimeoutExtension.intercept(TimeoutExtension.java:149)
	at org.junit.jupiter.engine.extension.TimeoutExtension.interceptTestableMethod(TimeoutExtension.java:140)
	at org.junit.jupiter.engine.extension.TimeoutExtension.interceptTestMethod(TimeoutExtension.java:84)
	at org.junit.jupiter.engine.execution.ExecutableInvoker$ReflectiveInterceptorCall.lambda$ofVoidMethod$0(ExecutableInvoker.java:115)
	at org.junit.jupiter.engine.execution.ExecutableInvoker.lambda$invoke$0(ExecutableInvoker.java:105)
	at org.junit.jupiter.engine.execution.InvocationInterceptorChain$InterceptedInvocation.proceed(InvocationInterceptorChain.java:106)
	at org.junit.jupiter.engine.execution.InvocationInterceptorChain.proceed(InvocationInterceptorChain.java:64)
	at org.junit.jupiter.engine.execution.InvocationInterceptorChain.chainAndInvoke(InvocationInterceptorChain.java:45)
	at org.junit.jupiter.engine.execution.InvocationInterceptorChain.invoke(InvocationInterceptorChain.java:37)
	at org.junit.jupiter.engine.execution.ExecutableInvoker.invoke(ExecutableInvoker.java:104)
	at org.junit.jupiter.engine.execution.ExecutableInvoker.invoke(ExecutableInvoker.java:98)
	at org.junit.jupiter.engine.descriptor.TestMethodTestDescriptor.lambda$invokeTestMethod$7(TestMethodTestDescriptor.java:214)
	at org.junit.platform.engine.support.hierarchical.ThrowableCollector.execute(ThrowableCollector.java:73)
	at org.junit.jupiter.engine.descriptor.TestMethodTestDescriptor.invokeTestMethod(TestMethodTestDescriptor.java:210)
	at org.junit.jupiter.engine.descriptor.TestMethodTestDescriptor.execute(TestMethodTestDescriptor.java:135)
	at org.junit.jupiter.engine.descriptor.TestMethodTestDescriptor.execute(TestMethodTestDescriptor.java:66)
	at org.junit.platform.engine.support.hierarchical.NodeTestTask.lambda$executeRecursively$6(NodeTestTask.java:151)
	at org.junit.platform.engine.support.hierarchical.ThrowableCollector.execute(ThrowableCollector.java:73)
	at org.junit.platform.engine.support.hierarchical.NodeTestTask.lambda$executeRecursively$8(NodeTestTask.java:141)
	at org.junit.platform.engine.support.hierarchical.Node.around(Node.java:137)
	at org.junit.platform.engine.support.hierarchical.NodeTestTask.lambda$executeRecursively$9(NodeTestTask.java:139)
	at org.junit.platform.engine.support.hierarchical.ThrowableCollector.execute(ThrowableCollector.java:73)
	at org.junit.platform.engine.support.hierarchical.NodeTestTask.executeRecursively(NodeTestTask.java:138)
	at org.junit.platform.engine.support.hierarchical.NodeTestTask.execute(NodeTestTask.java:95)
	at java.util.ArrayList.forEach(ArrayList.java:1259)
	at org.junit.platform.engine.support.hierarchical.SameThreadHierarchicalTestExecutorService.invokeAll(SameThreadHierarchicalTestExecutorService.java:41)
	at org.junit.platform.engine.support.hierarchical.NodeTestTask.lambda$executeRecursively$6(NodeTestTask.java:155)
	at org.junit.platform.engine.support.hierarchical.ThrowableCollector.execute(ThrowableCollector.java:73)
	at org.junit.platform.engine.support.hierarchical.NodeTestTask.lambda$executeRecursively$8(NodeTestTask.java:141)
	at org.junit.platform.engine.support.hierarchical.Node.around(Node.java:137)
	at org.junit.platform.engine.support.hierarchical.NodeTestTask.lambda$executeRecursively$9(NodeTestTask.java:139)
	at org.junit.platform.engine.support.hierarchical.ThrowableCollector.execute(ThrowableCollector.java:73)
	at org.junit.platform.engine.support.hierarchical.NodeTestTask.executeRecursively(NodeTestTask.java:138)
	at org.junit.platform.engine.support.hierarchical.NodeTestTask.execute(NodeTestTask.java:95)
	at java.util.ArrayList.forEach(ArrayList.java:1259)
	at org.junit.platform.engine.support.hierarchical.SameThreadHierarchicalTestExecutorService.invokeAll(SameThreadHierarchicalTestExecutorService.java:41)
	at org.junit.platform.engine.support.hierarchical.NodeTestTask.lambda$executeRecursively$6(NodeTestTask.java:155)
	at org.junit.platform.engine.support.hierarchical.ThrowableCollector.execute(ThrowableCollector.java:73)
	at org.junit.platform.engine.support.hierarchical.NodeTestTask.lambda$executeRecursively$8(NodeTestTask.java:141)
	at org.junit.platform.engine.support.hierarchical.Node.around(Node.java:137)
	at org.junit.platform.engine.support.hierarchical.NodeTestTask.lambda$executeRecursively$9(NodeTestTask.java:139)
	at org.junit.platform.engine.support.hierarchical.ThrowableCollector.execute(ThrowableCollector.java:73)
	at org.junit.platform.engine.support.hierarchical.NodeTestTask.executeRecursively(NodeTestTask.java:138)
	at org.junit.platform.engine.support.hierarchical.NodeTestTask.execute(NodeTestTask.java:95)
	at org.junit.platform.engine.support.hierarchical.SameThreadHierarchicalTestExecutorService.submit(SameThreadHierarchicalTestExecutorService.java:35)
	at org.junit.platform.engine.support.hierarchical.HierarchicalTestExecutor.execute(HierarchicalTestExecutor.java:57)
	at org.junit.platform.engine.support.hierarchical.HierarchicalTestEngine.execute(HierarchicalTestEngine.java:54)
	at org.junit.platform.launcher.core.EngineExecutionOrchestrator.execute(EngineExecutionOrchestrator.java:107)
	at org.junit.platform.launcher.core.EngineExecutionOrchestrator.execute(EngineExecutionOrchestrator.java:88)
	at org.junit.platform.launcher.core.EngineExecutionOrchestrator.lambda$execute$0(EngineExecutionOrchestrator.java:54)
	at org.junit.platform.launcher.core.EngineExecutionOrchestrator.withInterceptedStreams(EngineExecutionOrchestrator.java:67)
	at org.junit.platform.launcher.core.EngineExecutionOrchestrator.execute(EngineExecutionOrchestrator.java:52)
	at org.junit.platform.launcher.core.DefaultLauncher.execute(DefaultLauncher.java:114)
	at org.junit.platform.launcher.core.DefaultLauncher.execute(DefaultLauncher.java:86)
	at org.junit.platform.launcher.core.DefaultLauncherSession$DelegatingLauncher.execute(DefaultLauncherSession.java:86)
	at org.junit.platform.launcher.core.SessionPerRequestLauncher.execute(SessionPerRequestLauncher.java:53)
	at org.apache.maven.surefire.junitplatform.JUnitPlatformProvider.execute(JUnitPlatformProvider.java:188)
	at org.apache.maven.surefire.junitplatform.JUnitPlatformProvider.invokeAllTests(JUnitPlatformProvider.java:154)
	at org.apache.maven.surefire.junitplatform.JUnitPlatformProvider.invoke(JUnitPlatformProvider.java:124)
	at org.apache.maven.surefire.booter.ForkedBooter.runSuitesInProcess(ForkedBooter.java:428)
	at org.apache.maven.surefire.booter.ForkedBooter.execute(ForkedBooter.java:162)
	at org.apache.maven.surefire.booter.ForkedBooter.run(ForkedBooter.java:562)
	at org.apache.maven.surefire.booter.ForkedBooter.main(ForkedBooter.java:548)
]]></error>
    <system-out><![CDATA[2023-05-18 01:36:40,220 [main] INFO  client.DNCertificateClient (DefaultCertificateClient.java:loadAllCertificates(153)) - Loading certificate from location:/home/runner/work/ozone/ozone/hadoop-hdds/container-service/target/test-dir/kbiFIZCh94/dn/certs.
2023-05-18 01:36:40,221 [main] INFO  client.DNCertificateClient (DefaultCertificateClient.java:loadAllCertificates(197)) - Added certificate   [0]         Version: 3
         SerialNumber: 642074
             IssuerDN: CN=localhost,OU=test,O=cluster
           Start Date: Thu May 18 01:36:34 UTC 2023
           Final Date: Thu May 18 01:36:49 UTC 2023
            SubjectDN: CN=localhost,OU=test,O=cluster
           Public Key: RSA Public Key [84:d0:89:4b:c4:bc:ed:3e:b6:26:7c:5a:34:20:b1:24:99:fd:a7:d9],[56:66:d1:a4]
        modulus: b63fd3323572c6c4749a8bb7fa9ed46bbd95e0667701357ac316af5f264f478a71201ca9717681db2a18be25e6183235b14088763f698e0f01d6e94dc0ecdf7b40104ee7f5f961ddae691cee17ef1f0a3bcd656131570e808de41320ecd11f313d4c8c5e2fa7b1d842d47d844586bafc8ac8ff9a9a948f910305ac5c27a6cca5
public exponent: 10001

  Signature Algorithm: SHA256WITHRSA
            Signature: 00eeddf4e9905429b383b37b8ae27b84dbc39d52
                       7efd25587fb6235e825a2938de33c589ce2f6ba2
                       dbf6f8b4e748582ea4c933a008972b47f33cc976
                       bc06904083d202e6178a72efd1ef1db9abad5e69
                       09ac961e1defa5209f4809f89c85b22afb2765b3
                       82e45cb71d227815de9127559a545b77711929e0
                       eb2cc2d973094d2d
 from file:/home/runner/work/ozone/ozone/hadoop-hdds/container-service/target/test-dir/kbiFIZCh94/dn/certs/ROOTCA-642074.crt.
2023-05-18 01:36:40,222 [main] INFO  client.DNCertificateClient (DefaultCertificateClient.java:loadAllCertificates(197)) - Added certificate   [0]         Version: 3
         SerialNumber: 642074
             IssuerDN: CN=localhost,OU=test,O=cluster
           Start Date: Thu May 18 01:36:34 UTC 2023
           Final Date: Thu May 18 01:36:49 UTC 2023
            SubjectDN: CN=localhost,OU=test,O=cluster
           Public Key: RSA Public Key [84:d0:89:4b:c4:bc:ed:3e:b6:26:7c:5a:34:20:b1:24:99:fd:a7:d9],[56:66:d1:a4]
        modulus: b63fd3323572c6c4749a8bb7fa9ed46bbd95e0667701357ac316af5f264f478a71201ca9717681db2a18be25e6183235b14088763f698e0f01d6e94dc0ecdf7b40104ee7f5f961ddae691cee17ef1f0a3bcd656131570e808de41320ecd11f313d4c8c5e2fa7b1d842d47d844586bafc8ac8ff9a9a948f910305ac5c27a6cca5
public exponent: 10001

  Signature Algorithm: SHA256WITHRSA
            Signature: 00eeddf4e9905429b383b37b8ae27b84dbc39d52
                       7efd25587fb6235e825a2938de33c589ce2f6ba2
                       dbf6f8b4e748582ea4c933a008972b47f33cc976
                       bc06904083d202e6178a72efd1ef1db9abad5e69
                       09ac961e1defa5209f4809f89c85b22afb2765b3
                       82e45cb71d227815de9127559a545b77711929e0
                       eb2cc2d973094d2d
 from file:/home/runner/work/ozone/ozone/hadoop-hdds/container-service/target/test-dir/kbiFIZCh94/dn/certs/CA-642074.crt.
2023-05-18 01:36:40,224 [main] INFO  client.DNCertificateClient (DefaultCertificateClient.java:loadAllCertificates(197)) - Added certificate   [0]         Version: 3
         SerialNumber: 642074
             IssuerDN: CN=localhost,OU=test,O=cluster
           Start Date: Thu May 18 01:36:34 UTC 2023
           Final Date: Thu May 18 01:36:49 UTC 2023
            SubjectDN: CN=localhost,OU=test,O=cluster
           Public Key: RSA Public Key [84:d0:89:4b:c4:bc:ed:3e:b6:26:7c:5a:34:20:b1:24:99:fd:a7:d9],[56:66:d1:a4]
        modulus: b63fd3323572c6c4749a8bb7fa9ed46bbd95e0667701357ac316af5f264f478a71201ca9717681db2a18be25e6183235b14088763f698e0f01d6e94dc0ecdf7b40104ee7f5f961ddae691cee17ef1f0a3bcd656131570e808de41320ecd11f313d4c8c5e2fa7b1d842d47d844586bafc8ac8ff9a9a948f910305ac5c27a6cca5
public exponent: 10001

  Signature Algorithm: SHA256WITHRSA
            Signature: 00eeddf4e9905429b383b37b8ae27b84dbc39d52
                       7efd25587fb6235e825a2938de33c589ce2f6ba2
                       dbf6f8b4e748582ea4c933a008972b47f33cc976
                       bc06904083d202e6178a72efd1ef1db9abad5e69
                       09ac961e1defa5209f4809f89c85b22afb2765b3
                       82e45cb71d227815de9127559a545b77711929e0
                       eb2cc2d973094d2d
 from file:/home/runner/work/ozone/ozone/hadoop-hdds/container-service/target/test-dir/kbiFIZCh94/dn/certs/642074.crt.
2023-05-18 01:36:40,224 [main] WARN  client.DNCertificateClient (DefaultCertificateClient.java:loadAllCertificates(221)) - CertificateLifetimeMonitor is not started this time because certificate is empty.
2023-05-18 01:36:40,246 [main] INFO  utils.SelfSignedCertificate (SelfSignedCertificate.java:generateCertificate(153)) - Certificate 648114 is issued by CN=localhost,OU=test,O=cluster to CN=localhost,OU=test,O=cluster, valid from Thu May 18 01:36:45 UTC 2023 to Thu May 18 01:37:00 UTC 2023
2023-05-18 01:36:40,256 [main] INFO  client.DNCertificateClient (DefaultCertificateClient.java:loadAllCertificates(153)) - Loading certificate from location:/home/runner/work/ozone/ozone/hadoop-hdds/container-service/target/test-dir/kbiFIZCh94/dn/certs.
2023-05-18 01:36:40,257 [main] INFO  client.DNCertificateClient (DefaultCertificateClient.java:loadAllCertificates(197)) - Added certificate   [0]         Version: 3
         SerialNumber: 642074
             IssuerDN: CN=localhost,OU=test,O=cluster
           Start Date: Thu May 18 01:36:34 UTC 2023
           Final Date: Thu May 18 01:36:49 UTC 2023
            SubjectDN: CN=localhost,OU=test,O=cluster
           Public Key: RSA Public Key [84:d0:89:4b:c4:bc:ed:3e:b6:26:7c:5a:34:20:b1:24:99:fd:a7:d9],[56:66:d1:a4]
        modulus: b63fd3323572c6c4749a8bb7fa9ed46bbd95e0667701357ac316af5f264f478a71201ca9717681db2a18be25e6183235b14088763f698e0f01d6e94dc0ecdf7b40104ee7f5f961ddae691cee17ef1f0a3bcd656131570e808de41320ecd11f313d4c8c5e2fa7b1d842d47d844586bafc8ac8ff9a9a948f910305ac5c27a6cca5
public exponent: 10001

  Signature Algorithm: SHA256WITHRSA
            Signature: 00eeddf4e9905429b383b37b8ae27b84dbc39d52
                       7efd25587fb6235e825a2938de33c589ce2f6ba2
                       dbf6f8b4e748582ea4c933a008972b47f33cc976
                       bc06904083d202e6178a72efd1ef1db9abad5e69
                       09ac961e1defa5209f4809f89c85b22afb2765b3
                       82e45cb71d227815de9127559a545b77711929e0
                       eb2cc2d973094d2d
 from file:/home/runner/work/ozone/ozone/hadoop-hdds/container-service/target/test-dir/kbiFIZCh94/dn/certs/ROOTCA-642074.crt.
2023-05-18 01:36:40,265 [main] INFO  client.DNCertificateClient (DefaultCertificateClient.java:loadAllCertificates(197)) - Added certificate   [0]         Version: 3
         SerialNumber: 631385
             IssuerDN: CN=localhost,OU=test,O=cluster
           Start Date: Thu May 18 01:36:23 UTC 2023
           Final Date: Thu May 18 01:36:38 UTC 2023
            SubjectDN: CN=localhost,OU=test,O=cluster
           Public Key: RSA Public Key [fc:7f:2a:96:35:eb:e6:ed:f0:4d:47:c0:00:0e:74:21:75:c9:6a:d8],[56:66:d1:a4]
        modulus: b26821823e7faf4cafcd43a15e27fe0edbaaac5430f6b6fbae7c2e71ee5ab1e4e2ca923c322eefb1d7db9dead065bfc3da6d14b29fae3e210bb554fd45b93a20fe7ef3381425fde6a6fa8011620642f89b14c5d2ea639e7b831f3f8194a378cb8ce331ba2006fc19723a59e73bd2025c461c343cff251c3a28eede1466ba9b13737d70dedc2d147f3dc1014c9eb5730d8540d925b16fa686edc263386adc4d4a7ffe24dfe5b1b3f8f04404e6f96ae59f8266841fca2106a2e2eec8d7edda92e7f36e1c3a56d8813306b029d29f154e3bc16977d4c07414295bf85d19197c96be8ec17b8ee53e6ff068cfdb2635af1227da46bf4f9255da59cfc9c6649e62f0a1
public exponent: 10001

  Signature Algorithm: SHA256WITHRSA
            Signature: a0569248115597616a4e72d85823d114e7a5f4ed
                       d3fe44a8492c84928386a6edb93cdbe4f1a9b64a
                       6ecca8db09284567c83b400e8863a52219ef3a8a
                       8d013a85fd0ff9c84b6738a91408323e7a9da76a
                       33200c104f033f99b5456c962d784cf08aa1a0c1
                       ffb34e49311f5db48a92facef76dc4e5920b8bdd
                       1ae7ab2778fc7e909eb36aa7527c64efe8a6dcda
                       3d513d88fa51fbc6cb8654b0d5307d2981e1992e
                       18158384042b95c0f6f73a7375ac655c14811804
                       5ad326b303a4736c7abb4bf029b6e8efcdc7c4c8
                       af83883caa05183ca4fca09557fc217760336374
                       d201677dc0d29d93fc41828a9038c2b03a1da6af
                       51d9917243f2b0099204595d960f3705
 from file:/home/runner/work/ozone/ozone/hadoop-hdds/container-service/target/test-dir/kbiFIZCh94/dn/certs/certificate.crt.
2023-05-18 01:36:40,266 [main] INFO  client.DNCertificateClient (DefaultCertificateClient.java:loadAllCertificates(197)) - Added certificate   [0]         Version: 3
         SerialNumber: 642074
             IssuerDN: CN=localhost,OU=test,O=cluster
           Start Date: Thu May 18 01:36:34 UTC 2023
           Final Date: Thu May 18 01:36:49 UTC 2023
            SubjectDN: CN=localhost,OU=test,O=cluster
           Public Key: RSA Public Key [84:d0:89:4b:c4:bc:ed:3e:b6:26:7c:5a:34:20:b1:24:99:fd:a7:d9],[56:66:d1:a4]
        modulus: b63fd3323572c6c4749a8bb7fa9ed46bbd95e0667701357ac316af5f264f478a71201ca9717681db2a18be25e6183235b14088763f698e0f01d6e94dc0ecdf7b40104ee7f5f961ddae691cee17ef1f0a3bcd656131570e808de41320ecd11f313d4c8c5e2fa7b1d842d47d844586bafc8ac8ff9a9a948f910305ac5c27a6cca5
public exponent: 10001

  Signature Algorithm: SHA256WITHRSA
            Signature: 00eeddf4e9905429b383b37b8ae27b84dbc39d52
                       7efd25587fb6235e825a2938de33c589ce2f6ba2
                       dbf6f8b4e748582ea4c933a008972b47f33cc976
                       bc06904083d202e6178a72efd1ef1db9abad5e69
                       09ac961e1defa5209f4809f89c85b22afb2765b3
                       82e45cb71d227815de9127559a545b77711929e0
                       eb2cc2d973094d2d
 from file:/home/runner/work/ozone/ozone/hadoop-hdds/container-service/target/test-dir/kbiFIZCh94/dn/certs/CA-642074.crt.
2023-05-18 01:36:40,270 [main] INFO  client.DNCertificateClient (DefaultCertificateClient.java:loadAllCertificates(197)) - Added certificate   [0]         Version: 3
         SerialNumber: 642074
             IssuerDN: CN=localhost,OU=test,O=cluster
           Start Date: Thu May 18 01:36:34 UTC 2023
           Final Date: Thu May 18 01:36:49 UTC 2023
            SubjectDN: CN=localhost,OU=test,O=cluster
           Public Key: RSA Public Key [84:d0:89:4b:c4:bc:ed:3e:b6:26:7c:5a:34:20:b1:24:99:fd:a7:d9],[56:66:d1:a4]
        modulus: b63fd3323572c6c4749a8bb7fa9ed46bbd95e0667701357ac316af5f264f478a71201ca9717681db2a18be25e6183235b14088763f698e0f01d6e94dc0ecdf7b40104ee7f5f961ddae691cee17ef1f0a3bcd656131570e808de41320ecd11f313d4c8c5e2fa7b1d842d47d844586bafc8ac8ff9a9a948f910305ac5c27a6cca5
public exponent: 10001

  Signature Algorithm: SHA256WITHRSA
            Signature: 00eeddf4e9905429b383b37b8ae27b84dbc39d52
                       7efd25587fb6235e825a2938de33c589ce2f6ba2
                       dbf6f8b4e748582ea4c933a008972b47f33cc976
                       bc06904083d202e6178a72efd1ef1db9abad5e69
                       09ac961e1defa5209f4809f89c85b22afb2765b3
                       82e45cb71d227815de9127559a545b77711929e0
                       eb2cc2d973094d2d
 from file:/home/runner/work/ozone/ozone/hadoop-hdds/container-service/target/test-dir/kbiFIZCh94/dn/certs/642074.crt.
2023-05-18 01:36:40,274 [main] INFO  client.DNCertificateClient (DefaultCertificateClient.java:startCertificateMonitor(1225)) - CertificateLifetimeMonitor for dn is started with first delay 0 ms and interval 1666 ms.
2023-05-18 01:36:40,274 [main] INFO  client.DNCertificateClient (DefaultCertificateClient.java:startCertificateMonitor(1225)) - CertificateLifetimeMonitor for dn is started with first delay 0 ms and interval 1666 ms.
2023-05-18 01:36:40,274 [dn-CertificateLifetimeMonitor] INFO  client.DNCertificateClient (DefaultCertificateClient.java:run(1255)) - Current certificate has entered the expiry grace period PT0S. Starting renew key and certs.
2023-05-18 01:36:40,408 [dn-CertificateLifetimeMonitor] INFO  ozone.OzoneSecurityUtil (OzoneSecurityUtil.java:getValidInetsForCurrentHost(119)) - ip:fe80:0:0:0:222:48ff:fe46:ad37%eth0 not returned.
2023-05-18 01:36:40,408 [dn-CertificateLifetimeMonitor] INFO  ozone.OzoneSecurityUtil (OzoneSecurityUtil.java:getValidInetsForCurrentHost(116)) - Adding ip:10.1.0.38,host:fv-az335-872.st3fsr2bvbpu5iwsufzt3hrohh.gx.internal.cloudapp.net
2023-05-18 01:36:40,408 [dn-CertificateLifetimeMonitor] INFO  ozone.OzoneSecurityUtil (OzoneSecurityUtil.java:getValidInetsForCurrentHost(119)) - ip:0:0:0:0:0:0:0:1%lo not returned.
2023-05-18 01:36:40,408 [dn-CertificateLifetimeMonitor] INFO  ozone.OzoneSecurityUtil (OzoneSecurityUtil.java:getValidInetsForCurrentHost(119)) - ip:127.0.0.1 not returned.
2023-05-18 01:36:40,409 [dn-CertificateLifetimeMonitor] INFO  client.DNCertificateClient (DNCertificateClient.java:getCSRBuilder(86)) - Created csr for DN-> subject:runner@fv-az335-872.st3fsr2bvbpu5iwsufzt3hrohh.gx.internal.cloudapp.net
2023-05-18 01:36:40,414 [dn-CertificateLifetimeMonitor] ERROR client.DNCertificateClient (DNCertificateClient.java:signAndStoreCertificate(131)) - Error while signing and storing SCM signed certificate.
org.apache.hadoop.hdds.security.x509.exception.CertificateException: Unable to retrieve datanode certificate chain.
	at org.apache.hadoop.hdds.security.x509.certificate.client.DNCertificateClient.signAndStoreCertificate(DNCertificateClient.java:127)
	at org.apache.hadoop.hdds.security.x509.certificate.client.DefaultCertificateClient.renewAndStoreKeyAndCertificate(DefaultCertificateClient.java:1008)
	at org.apache.hadoop.hdds.security.x509.certificate.client.DefaultCertificateClient$CertificateLifetimeMonitor.run(DefaultCertificateClient.java:1258)
	at java.util.concurrent.Executors$RunnableAdapter.call(Executors.java:511)
	at java.util.concurrent.FutureTask.runAndReset(FutureTask.java:308)
	at java.util.concurrent.ScheduledThreadPoolExecutor$ScheduledFutureTask.access$301(ScheduledThreadPoolExecutor.java:180)
	at java.util.concurrent.ScheduledThreadPoolExecutor$ScheduledFutureTask.run(ScheduledThreadPoolExecutor.java:294)
	at java.util.concurrent.ThreadPoolExecutor.runWorker(ThreadPoolExecutor.java:1149)
	at java.util.concurrent.ThreadPoolExecutor$Worker.run(ThreadPoolExecutor.java:624)
	at java.lang.Thread.run(Thread.java:750)
2023-05-18 01:36:40,417 [dn-CertificateLifetimeMonitor] ERROR client.DNCertificateClient (DefaultCertificateClient.java:run(1268)) - Failed to renew and store key and cert. Keep using existing certificates.
org.apache.hadoop.hdds.security.x509.exception.CertificateException: Error while signing and storing new certificates.
	at org.apache.hadoop.hdds.security.x509.certificate.client.DefaultCertificateClient.renewAndStoreKeyAndCertificate(DefaultCertificateClient.java:1011)
	at org.apache.hadoop.hdds.security.x509.certificate.client.DefaultCertificateClient$CertificateLifetimeMonitor.run(DefaultCertificateClient.java:1258)
	at java.util.concurrent.Executors$RunnableAdapter.call(Executors.java:511)
	at java.util.concurrent.FutureTask.runAndReset(FutureTask.java:308)
	at java.util.concurrent.ScheduledThreadPoolExecutor$ScheduledFutureTask.access$301(ScheduledThreadPoolExecutor.java:180)
	at java.util.concurrent.ScheduledThreadPoolExecutor$ScheduledFutureTask.run(ScheduledThreadPoolExecutor.java:294)
	at java.util.concurrent.ThreadPoolExecutor.runWorker(ThreadPoolExecutor.java:1149)
	at java.util.concurrent.ThreadPoolExecutor$Worker.run(ThreadPoolExecutor.java:624)
	at java.lang.Thread.run(Thread.java:750)
Caused by: org.apache.hadoop.hdds.security.x509.exception.CertificateException: Error while signing and storing SCM signed certificate.
	at org.apache.hadoop.hdds.security.x509.certificate.client.DNCertificateClient.signAndStoreCertificate(DNCertificateClient.java:132)
	at org.apache.hadoop.hdds.security.x509.certificate.client.DefaultCertificateClient.renewAndStoreKeyAndCertificate(DefaultCertificateClient.java:1008)
	... 8 more
Caused by: org.apache.hadoop.hdds.security.x509.exception.CertificateException: Unable to retrieve datanode certificate chain.
	at org.apache.hadoop.hdds.security.x509.certificate.client.DNCertificateClient.signAndStoreCertificate(DNCertificateClient.java:127)
	... 9 more
2023-05-18 01:36:40,417 [dn-CertificateLifetimeMonitor] INFO  client.DNCertificateClient (DefaultCertificateClient.java:run(1255)) - Current certificate has entered the expiry grace period PT0S. Starting renew key and certs.
2023-05-18 01:36:40,503 [dn-CertificateLifetimeMonitor] INFO  ozone.OzoneSecurityUtil (OzoneSecurityUtil.java:getValidInetsForCurrentHost(119)) - ip:fe80:0:0:0:222:48ff:fe46:ad37%eth0 not returned.
2023-05-18 01:36:40,504 [dn-CertificateLifetimeMonitor] INFO  ozone.OzoneSecurityUtil (OzoneSecurityUtil.java:getValidInetsForCurrentHost(116)) - Adding ip:10.1.0.38,host:fv-az335-872.st3fsr2bvbpu5iwsufzt3hrohh.gx.internal.cloudapp.net
2023-05-18 01:36:40,504 [dn-CertificateLifetimeMonitor] INFO  ozone.OzoneSecurityUtil (OzoneSecurityUtil.java:getValidInetsForCurrentHost(119)) - ip:0:0:0:0:0:0:0:1%lo not returned.
2023-05-18 01:36:40,504 [dn-CertificateLifetimeMonitor] INFO  ozone.OzoneSecurityUtil (OzoneSecurityUtil.java:getValidInetsForCurrentHost(119)) - ip:127.0.0.1 not returned.
2023-05-18 01:36:40,504 [dn-CertificateLifetimeMonitor] INFO  client.DNCertificateClient (DNCertificateClient.java:getCSRBuilder(86)) - Created csr for DN-> subject:runner@fv-az335-872.st3fsr2bvbpu5iwsufzt3hrohh.gx.internal.cloudapp.net
2023-05-18 01:36:40,507 [dn-CertificateLifetimeMonitor] ERROR client.DNCertificateClient (DNCertificateClient.java:signAndStoreCertificate(131)) - Error while signing and storing SCM signed certificate.
org.apache.hadoop.hdds.security.x509.exception.CertificateException: Unable to retrieve datanode certificate chain.
	at org.apache.hadoop.hdds.security.x509.certificate.client.DNCertificateClient.signAndStoreCertificate(DNCertificateClient.java:127)
	at org.apache.hadoop.hdds.security.x509.certificate.client.DefaultCertificateClient.renewAndStoreKeyAndCertificate(DefaultCertificateClient.java:1008)
	at org.apache.hadoop.hdds.security.x509.certificate.client.DefaultCertificateClient$CertificateLifetimeMonitor.run(DefaultCertificateClient.java:1258)
	at java.util.concurrent.Executors$RunnableAdapter.call(Executors.java:511)
	at java.util.concurrent.FutureTask.runAndReset(FutureTask.java:308)
	at java.util.concurrent.ScheduledThreadPoolExecutor$ScheduledFutureTask.access$301(ScheduledThreadPoolExecutor.java:180)
	at java.util.concurrent.ScheduledThreadPoolExecutor$ScheduledFutureTask.run(ScheduledThreadPoolExecutor.java:294)
	at java.util.concurrent.ThreadPoolExecutor.runWorker(ThreadPoolExecutor.java:1149)
	at java.util.concurrent.ThreadPoolExecutor$Worker.run(ThreadPoolExecutor.java:624)
	at java.lang.Thread.run(Thread.java:750)
2023-05-18 01:36:40,507 [dn-CertificateLifetimeMonitor] ERROR client.DNCertificateClient (DefaultCertificateClient.java:run(1268)) - Failed to renew and store key and cert. Keep using existing certificates.
org.apache.hadoop.hdds.security.x509.exception.CertificateException: Error while signing and storing new certificates.
	at org.apache.hadoop.hdds.security.x509.certificate.client.DefaultCertificateClient.renewAndStoreKeyAndCertificate(DefaultCertificateClient.java:1011)
	at org.apache.hadoop.hdds.security.x509.certificate.client.DefaultCertificateClient$CertificateLifetimeMonitor.run(DefaultCertificateClient.java:1258)
	at java.util.concurrent.Executors$RunnableAdapter.call(Executors.java:511)
	at java.util.concurrent.FutureTask.runAndReset(FutureTask.java:308)
	at java.util.concurrent.ScheduledThreadPoolExecutor$ScheduledFutureTask.access$301(ScheduledThreadPoolExecutor.java:180)
	at java.util.concurrent.ScheduledThreadPoolExecutor$ScheduledFutureTask.run(ScheduledThreadPoolExecutor.java:294)
	at java.util.concurrent.ThreadPoolExecutor.runWorker(ThreadPoolExecutor.java:1149)
	at java.util.concurrent.ThreadPoolExecutor$Worker.run(ThreadPoolExecutor.java:624)
	at java.lang.Thread.run(Thread.java:750)
Caused by: org.apache.hadoop.hdds.security.x509.exception.CertificateException: Error while signing and storing SCM signed certificate.
	at org.apache.hadoop.hdds.security.x509.certificate.client.DNCertificateClient.signAndStoreCertificate(DNCertificateClient.java:132)
	at org.apache.hadoop.hdds.security.x509.certificate.client.DefaultCertificateClient.renewAndStoreKeyAndCertificate(DefaultCertificateClient.java:1008)
	... 8 more
Caused by: org.apache.hadoop.hdds.security.x509.exception.CertificateException: Unable to retrieve datanode certificate chain.
	at org.apache.hadoop.hdds.security.x509.certificate.client.DNCertificateClient.signAndStoreCertificate(DNCertificateClient.java:127)
	... 9 more
2023-05-18 01:36:41,937 [dn-CertificateLifetimeMonitor] INFO  client.DNCertificateClient (DefaultCertificateClient.java:run(1255)) - Current certificate has entered the expiry grace period PT0S. Starting renew key and certs.
2023-05-18 01:36:42,422 [dn-CertificateLifetimeMonitor] INFO  ozone.OzoneSecurityUtil (OzoneSecurityUtil.java:getValidInetsForCurrentHost(119)) - ip:fe80:0:0:0:222:48ff:fe46:ad37%eth0 not returned.
2023-05-18 01:36:42,422 [dn-CertificateLifetimeMonitor] INFO  ozone.OzoneSecurityUtil (OzoneSecurityUtil.java:getValidInetsForCurrentHost(116)) - Adding ip:10.1.0.38,host:fv-az335-872.st3fsr2bvbpu5iwsufzt3hrohh.gx.internal.cloudapp.net
2023-05-18 01:36:42,422 [dn-CertificateLifetimeMonitor] INFO  ozone.OzoneSecurityUtil (OzoneSecurityUtil.java:getValidInetsForCurrentHost(119)) - ip:0:0:0:0:0:0:0:1%lo not returned.
2023-05-18 01:36:42,422 [dn-CertificateLifetimeMonitor] INFO  ozone.OzoneSecurityUtil (OzoneSecurityUtil.java:getValidInetsForCurrentHost(119)) - ip:127.0.0.1 not returned.
2023-05-18 01:36:42,423 [dn-CertificateLifetimeMonitor] INFO  client.DNCertificateClient (DNCertificateClient.java:getCSRBuilder(86)) - Created csr for DN-> subject:runner@fv-az335-872.st3fsr2bvbpu5iwsufzt3hrohh.gx.internal.cloudapp.net
2023-05-18 01:36:42,426 [dn-CertificateLifetimeMonitor] ERROR client.DNCertificateClient (DNCertificateClient.java:signAndStoreCertificate(131)) - Error while signing and storing SCM signed certificate.
org.apache.hadoop.hdds.security.x509.exception.CertificateException: Unable to retrieve datanode certificate chain.
	at org.apache.hadoop.hdds.security.x509.certificate.client.DNCertificateClient.signAndStoreCertificate(DNCertificateClient.java:127)
	at org.apache.hadoop.hdds.security.x509.certificate.client.DefaultCertificateClient.renewAndStoreKeyAndCertificate(DefaultCertificateClient.java:1008)
	at org.apache.hadoop.hdds.security.x509.certificate.client.DefaultCertificateClient$CertificateLifetimeMonitor.run(DefaultCertificateClient.java:1258)
	at java.util.concurrent.Executors$RunnableAdapter.call(Executors.java:511)
	at java.util.concurrent.FutureTask.runAndReset(FutureTask.java:308)
	at java.util.concurrent.ScheduledThreadPoolExecutor$ScheduledFutureTask.access$301(ScheduledThreadPoolExecutor.java:180)
	at java.util.concurrent.ScheduledThreadPoolExecutor$ScheduledFutureTask.run(ScheduledThreadPoolExecutor.java:294)
	at java.util.concurrent.ThreadPoolExecutor.runWorker(ThreadPoolExecutor.java:1149)
	at java.util.concurrent.ThreadPoolExecutor$Worker.run(ThreadPoolExecutor.java:624)
	at java.lang.Thread.run(Thread.java:750)
2023-05-18 01:36:42,426 [dn-CertificateLifetimeMonitor] ERROR client.DNCertificateClient (DefaultCertificateClient.java:run(1268)) - Failed to renew and store key and cert. Keep using existing certificates.
org.apache.hadoop.hdds.security.x509.exception.CertificateException: Error while signing and storing new certificates.
	at org.apache.hadoop.hdds.security.x509.certificate.client.DefaultCertificateClient.renewAndStoreKeyAndCertificate(DefaultCertificateClient.java:1011)
	at org.apache.hadoop.hdds.security.x509.certificate.client.DefaultCertificateClient$CertificateLifetimeMonitor.run(DefaultCertificateClient.java:1258)
	at java.util.concurrent.Executors$RunnableAdapter.call(Executors.java:511)
	at java.util.concurrent.FutureTask.runAndReset(FutureTask.java:308)
	at java.util.concurrent.ScheduledThreadPoolExecutor$ScheduledFutureTask.access$301(ScheduledThreadPoolExecutor.java:180)
	at java.util.concurrent.ScheduledThreadPoolExecutor$ScheduledFutureTask.run(ScheduledThreadPoolExecutor.java:294)
	at java.util.concurrent.ThreadPoolExecutor.runWorker(ThreadPoolExecutor.java:1149)
	at java.util.concurrent.ThreadPoolExecutor$Worker.run(ThreadPoolExecutor.java:624)
	at java.lang.Thread.run(Thread.java:750)
Caused by: org.apache.hadoop.hdds.security.x509.exception.CertificateException: Error while signing and storing SCM signed certificate.
	at org.apache.hadoop.hdds.security.x509.certificate.client.DNCertificateClient.signAndStoreCertificate(DNCertificateClient.java:132)
	at org.apache.hadoop.hdds.security.x509.certificate.client.DefaultCertificateClient.renewAndStoreKeyAndCertificate(DefaultCertificateClient.java:1008)
	... 8 more
Caused by: org.apache.hadoop.hdds.security.x509.exception.CertificateException: Unable to retrieve datanode certificate chain.
	at org.apache.hadoop.hdds.security.x509.certificate.client.DNCertificateClient.signAndStoreCertificate(DNCertificateClient.java:127)
	... 9 more
2023-05-18 01:36:42,426 [dn-CertificateLifetimeMonitor] INFO  client.DNCertificateClient (DefaultCertificateClient.java:run(1255)) - Current certificate has entered the expiry grace period PT0S. Starting renew key and certs.
2023-05-18 01:36:42,555 [dn-CertificateLifetimeMonitor] INFO  ozone.OzoneSecurityUtil (OzoneSecurityUtil.java:getValidInetsForCurrentHost(119)) - ip:fe80:0:0:0:222:48ff:fe46:ad37%eth0 not returned.
2023-05-18 01:36:42,555 [dn-CertificateLifetimeMonitor] INFO  ozone.OzoneSecurityUtil (OzoneSecurityUtil.java:getValidInetsForCurrentHost(116)) - Adding ip:10.1.0.38,host:fv-az335-872.st3fsr2bvbpu5iwsufzt3hrohh.gx.internal.cloudapp.net
2023-05-18 01:36:42,555 [dn-CertificateLifetimeMonitor] INFO  ozone.OzoneSecurityUtil (OzoneSecurityUtil.java:getValidInetsForCurrentHost(119)) - ip:0:0:0:0:0:0:0:1%lo not returned.
2023-05-18 01:36:42,555 [dn-CertificateLifetimeMonitor] INFO  ozone.OzoneSecurityUtil (OzoneSecurityUtil.java:getValidInetsForCurrentHost(119)) - ip:127.0.0.1 not returned.
2023-05-18 01:36:42,555 [dn-CertificateLifetimeMonitor] INFO  client.DNCertificateClient (DNCertificateClient.java:getCSRBuilder(86)) - Created csr for DN-> subject:runner@fv-az335-872.st3fsr2bvbpu5iwsufzt3hrohh.gx.internal.cloudapp.net
2023-05-18 01:36:42,558 [dn-CertificateLifetimeMonitor] ERROR client.DNCertificateClient (DNCertificateClient.java:signAndStoreCertificate(131)) - Error while signing and storing SCM signed certificate.
org.apache.hadoop.hdds.security.x509.exception.CertificateException: Unable to retrieve datanode certificate chain.
	at org.apache.hadoop.hdds.security.x509.certificate.client.DNCertificateClient.signAndStoreCertificate(DNCertificateClient.java:127)
	at org.apache.hadoop.hdds.security.x509.certificate.client.DefaultCertificateClient.renewAndStoreKeyAndCertificate(DefaultCertificateClient.java:1008)
	at org.apache.hadoop.hdds.security.x509.certificate.client.DefaultCertificateClient$CertificateLifetimeMonitor.run(DefaultCertificateClient.java:1258)
	at java.util.concurrent.Executors$RunnableAdapter.call(Executors.java:511)
	at java.util.concurrent.FutureTask.runAndReset(FutureTask.java:308)
	at java.util.concurrent.ScheduledThreadPoolExecutor$ScheduledFutureTask.access$301(ScheduledThreadPoolExecutor.java:180)
	at java.util.concurrent.ScheduledThreadPoolExecutor$ScheduledFutureTask.run(ScheduledThreadPoolExecutor.java:294)
	at java.util.concurrent.ThreadPoolExecutor.runWorker(ThreadPoolExecutor.java:1149)
	at java.util.concurrent.ThreadPoolExecutor$Worker.run(ThreadPoolExecutor.java:624)
	at java.lang.Thread.run(Thread.java:750)
2023-05-18 01:36:42,558 [dn-CertificateLifetimeMonitor] ERROR client.DNCertificateClient (DefaultCertificateClient.java:run(1268)) - Failed to renew and store key and cert. Keep using existing certificates.
org.apache.hadoop.hdds.security.x509.exception.CertificateException: Error while signing and storing new certificates.
	at org.apache.hadoop.hdds.security.x509.certificate.client.DefaultCertificateClient.renewAndStoreKeyAndCertificate(DefaultCertificateClient.java:1011)
	at org.apache.hadoop.hdds.security.x509.certificate.client.DefaultCertificateClient$CertificateLifetimeMonitor.run(DefaultCertificateClient.java:1258)
	at java.util.concurrent.Executors$RunnableAdapter.call(Executors.java:511)
	at java.util.concurrent.FutureTask.runAndReset(FutureTask.java:308)
	at java.util.concurrent.ScheduledThreadPoolExecutor$ScheduledFutureTask.access$301(ScheduledThreadPoolExecutor.java:180)
	at java.util.concurrent.ScheduledThreadPoolExecutor$ScheduledFutureTask.run(ScheduledThreadPoolExecutor.java:294)
	at java.util.concurrent.ThreadPoolExecutor.runWorker(ThreadPoolExecutor.java:1149)
	at java.util.concurrent.ThreadPoolExecutor$Worker.run(ThreadPoolExecutor.java:624)
	at java.lang.Thread.run(Thread.java:750)
Caused by: org.apache.hadoop.hdds.security.x509.exception.CertificateException: Error while signing and storing SCM signed certificate.
	at org.apache.hadoop.hdds.security.x509.certificate.client.DNCertificateClient.signAndStoreCertificate(DNCertificateClient.java:132)
	at org.apache.hadoop.hdds.security.x509.certificate.client.DefaultCertificateClient.renewAndStoreKeyAndCertificate(DefaultCertificateClient.java:1008)
	... 8 more
Caused by: org.apache.hadoop.hdds.security.x509.exception.CertificateException: Unable to retrieve datanode certificate chain.
	at org.apache.hadoop.hdds.security.x509.certificate.client.DNCertificateClient.signAndStoreCertificate(DNCertificateClient.java:127)
	... 9 more
2023-05-18 01:36:43,606 [dn-CertificateLifetimeMonitor] INFO  client.DNCertificateClient (DefaultCertificateClient.java:run(1255)) - Current certificate has entered the expiry grace period PT0S. Starting renew key and certs.
2023-05-18 01:36:43,773 [dn-CertificateLifetimeMonitor] INFO  ozone.OzoneSecurityUtil (OzoneSecurityUtil.java:getValidInetsForCurrentHost(119)) - ip:fe80:0:0:0:222:48ff:fe46:ad37%eth0 not returned.
2023-05-18 01:36:43,773 [dn-CertificateLifetimeMonitor] INFO  ozone.OzoneSecurityUtil (OzoneSecurityUtil.java:getValidInetsForCurrentHost(116)) - Adding ip:10.1.0.38,host:fv-az335-872.st3fsr2bvbpu5iwsufzt3hrohh.gx.internal.cloudapp.net
2023-05-18 01:36:43,773 [dn-CertificateLifetimeMonitor] INFO  ozone.OzoneSecurityUtil (OzoneSecurityUtil.java:getValidInetsForCurrentHost(119)) - ip:0:0:0:0:0:0:0:1%lo not returned.
2023-05-18 01:36:43,773 [dn-CertificateLifetimeMonitor] INFO  ozone.OzoneSecurityUtil (OzoneSecurityUtil.java:getValidInetsForCurrentHost(119)) - ip:127.0.0.1 not returned.
2023-05-18 01:36:43,773 [dn-CertificateLifetimeMonitor] INFO  client.DNCertificateClient (DNCertificateClient.java:getCSRBuilder(86)) - Created csr for DN-> subject:runner@fv-az335-872.st3fsr2bvbpu5iwsufzt3hrohh.gx.internal.cloudapp.net
2023-05-18 01:36:43,776 [dn-CertificateLifetimeMonitor] ERROR client.DNCertificateClient (DNCertificateClient.java:signAndStoreCertificate(131)) - Error while signing and storing SCM signed certificate.
org.apache.hadoop.hdds.security.x509.exception.CertificateException: Unable to retrieve datanode certificate chain.
	at org.apache.hadoop.hdds.security.x509.certificate.client.DNCertificateClient.signAndStoreCertificate(DNCertificateClient.java:127)
	at org.apache.hadoop.hdds.security.x509.certificate.client.DefaultCertificateClient.renewAndStoreKeyAndCertificate(DefaultCertificateClient.java:1008)
	at org.apache.hadoop.hdds.security.x509.certificate.client.DefaultCertificateClient$CertificateLifetimeMonitor.run(DefaultCertificateClient.java:1258)
	at java.util.concurrent.Executors$RunnableAdapter.call(Executors.java:511)
	at java.util.concurrent.FutureTask.runAndReset(FutureTask.java:308)
	at java.util.concurrent.ScheduledThreadPoolExecutor$ScheduledFutureTask.access$301(ScheduledThreadPoolExecutor.java:180)
	at java.util.concurrent.ScheduledThreadPoolExecutor$ScheduledFutureTask.run(ScheduledThreadPoolExecutor.java:294)
	at java.util.concurrent.ThreadPoolExecutor.runWorker(ThreadPoolExecutor.java:1149)
	at java.util.concurrent.ThreadPoolExecutor$Worker.run(ThreadPoolExecutor.java:624)
	at java.lang.Thread.run(Thread.java:750)
2023-05-18 01:36:43,776 [dn-CertificateLifetimeMonitor] ERROR client.DNCertificateClient (DefaultCertificateClient.java:run(1268)) - Failed to renew and store key and cert. Keep using existing certificates.
org.apache.hadoop.hdds.security.x509.exception.CertificateException: Error while signing and storing new certificates.
	at org.apache.hadoop.hdds.security.x509.certificate.client.DefaultCertificateClient.renewAndStoreKeyAndCertificate(DefaultCertificateClient.java:1011)
	at org.apache.hadoop.hdds.security.x509.certificate.client.DefaultCertificateClient$CertificateLifetimeMonitor.run(DefaultCertificateClient.java:1258)
	at java.util.concurrent.Executors$RunnableAdapter.call(Executors.java:511)
	at java.util.concurrent.FutureTask.runAndReset(FutureTask.java:308)
	at java.util.concurrent.ScheduledThreadPoolExecutor$ScheduledFutureTask.access$301(ScheduledThreadPoolExecutor.java:180)
	at java.util.concurrent.ScheduledThreadPoolExecutor$ScheduledFutureTask.run(ScheduledThreadPoolExecutor.java:294)
	at java.util.concurrent.ThreadPoolExecutor.runWorker(ThreadPoolExecutor.java:1149)
	at java.util.concurrent.ThreadPoolExecutor$Worker.run(ThreadPoolExecutor.java:624)
	at java.lang.Thread.run(Thread.java:750)
Caused by: org.apache.hadoop.hdds.security.x509.exception.CertificateException: Error while signing and storing SCM signed certificate.
	at org.apache.hadoop.hdds.security.x509.certificate.client.DNCertificateClient.signAndStoreCertificate(DNCertificateClient.java:132)
	at org.apache.hadoop.hdds.security.x509.certificate.client.DefaultCertificateClient.renewAndStoreKeyAndCertificate(DefaultCertificateClient.java:1008)
	... 8 more
Caused by: org.apache.hadoop.hdds.security.x509.exception.CertificateException: Unable to retrieve datanode certificate chain.
	at org.apache.hadoop.hdds.security.x509.certificate.client.DNCertificateClient.signAndStoreCertificate(DNCertificateClient.java:127)
	... 9 more
2023-05-18 01:36:43,777 [dn-CertificateLifetimeMonitor] INFO  client.DNCertificateClient (DefaultCertificateClient.java:run(1255)) - Current certificate has entered the expiry grace period PT0S. Starting renew key and certs.
2023-05-18 01:36:44,148 [dn-CertificateLifetimeMonitor] INFO  ozone.OzoneSecurityUtil (OzoneSecurityUtil.java:getValidInetsForCurrentHost(119)) - ip:fe80:0:0:0:222:48ff:fe46:ad37%eth0 not returned.
2023-05-18 01:36:44,148 [dn-CertificateLifetimeMonitor] INFO  ozone.OzoneSecurityUtil (OzoneSecurityUtil.java:getValidInetsForCurrentHost(116)) - Adding ip:10.1.0.38,host:fv-az335-872.st3fsr2bvbpu5iwsufzt3hrohh.gx.internal.cloudapp.net
2023-05-18 01:36:44,148 [dn-CertificateLifetimeMonitor] INFO  ozone.OzoneSecurityUtil (OzoneSecurityUtil.java:getValidInetsForCurrentHost(119)) - ip:0:0:0:0:0:0:0:1%lo not returned.
2023-05-18 01:36:44,148 [dn-CertificateLifetimeMonitor] INFO  ozone.OzoneSecurityUtil (OzoneSecurityUtil.java:getValidInetsForCurrentHost(119)) - ip:127.0.0.1 not returned.
2023-05-18 01:36:44,148 [dn-CertificateLifetimeMonitor] INFO  client.DNCertificateClient (DNCertificateClient.java:getCSRBuilder(86)) - Created csr for DN-> subject:runner@fv-az335-872.st3fsr2bvbpu5iwsufzt3hrohh.gx.internal.cloudapp.net
2023-05-18 01:36:44,151 [dn-CertificateLifetimeMonitor] ERROR client.DNCertificateClient (DNCertificateClient.java:signAndStoreCertificate(131)) - Error while signing and storing SCM signed certificate.
org.apache.hadoop.hdds.security.x509.exception.CertificateException: Unable to retrieve datanode certificate chain.
	at org.apache.hadoop.hdds.security.x509.certificate.client.DNCertificateClient.signAndStoreCertificate(DNCertificateClient.java:127)
	at org.apache.hadoop.hdds.security.x509.certificate.client.DefaultCertificateClient.renewAndStoreKeyAndCertificate(DefaultCertificateClient.java:1008)
	at org.apache.hadoop.hdds.security.x509.certificate.client.DefaultCertificateClient$CertificateLifetimeMonitor.run(DefaultCertificateClient.java:1258)
	at java.util.concurrent.Executors$RunnableAdapter.call(Executors.java:511)
	at java.util.concurrent.FutureTask.runAndReset(FutureTask.java:308)
	at java.util.concurrent.ScheduledThreadPoolExecutor$ScheduledFutureTask.access$301(ScheduledThreadPoolExecutor.java:180)
	at java.util.concurrent.ScheduledThreadPoolExecutor$ScheduledFutureTask.run(ScheduledThreadPoolExecutor.java:294)
	at java.util.concurrent.ThreadPoolExecutor.runWorker(ThreadPoolExecutor.java:1149)
	at java.util.concurrent.ThreadPoolExecutor$Worker.run(ThreadPoolExecutor.java:624)
	at java.lang.Thread.run(Thread.java:750)
2023-05-18 01:36:44,151 [dn-CertificateLifetimeMonitor] ERROR client.DNCertificateClient (DefaultCertificateClient.java:run(1268)) - Failed to renew and store key and cert. Keep using existing certificates.
org.apache.hadoop.hdds.security.x509.exception.CertificateException: Error while signing and storing new certificates.
	at org.apache.hadoop.hdds.security.x509.certificate.client.DefaultCertificateClient.renewAndStoreKeyAndCertificate(DefaultCertificateClient.java:1011)
	at org.apache.hadoop.hdds.security.x509.certificate.client.DefaultCertificateClient$CertificateLifetimeMonitor.run(DefaultCertificateClient.java:1258)
	at java.util.concurrent.Executors$RunnableAdapter.call(Executors.java:511)
	at java.util.concurrent.FutureTask.runAndReset(FutureTask.java:308)
	at java.util.concurrent.ScheduledThreadPoolExecutor$ScheduledFutureTask.access$301(ScheduledThreadPoolExecutor.java:180)
	at java.util.concurrent.ScheduledThreadPoolExecutor$ScheduledFutureTask.run(ScheduledThreadPoolExecutor.java:294)
	at java.util.concurrent.ThreadPoolExecutor.runWorker(ThreadPoolExecutor.java:1149)
	at java.util.concurrent.ThreadPoolExecutor$Worker.run(ThreadPoolExecutor.java:624)
	at java.lang.Thread.run(Thread.java:750)
Caused by: org.apache.hadoop.hdds.security.x509.exception.CertificateException: Error while signing and storing SCM signed certificate.
	at org.apache.hadoop.hdds.security.x509.certificate.client.DNCertificateClient.signAndStoreCertificate(DNCertificateClient.java:132)
	at org.apache.hadoop.hdds.security.x509.certificate.client.DefaultCertificateClient.renewAndStoreKeyAndCertificate(DefaultCertificateClient.java:1008)
	... 8 more
Caused by: org.apache.hadoop.hdds.security.x509.exception.CertificateException: Unable to retrieve datanode certificate chain.
	at org.apache.hadoop.hdds.security.x509.certificate.client.DNCertificateClient.signAndStoreCertificate(DNCertificateClient.java:127)
	... 9 more
2023-05-18 01:36:45,269 [dn-CertificateLifetimeMonitor] INFO  client.DNCertificateClient (DefaultCertificateClient.java:run(1255)) - Current certificate has entered the expiry grace period PT0S. Starting renew key and certs.
2023-05-18 01:36:45,557 [dn-CertificateLifetimeMonitor] INFO  ozone.OzoneSecurityUtil (OzoneSecurityUtil.java:getValidInetsForCurrentHost(119)) - ip:fe80:0:0:0:222:48ff:fe46:ad37%eth0 not returned.
2023-05-18 01:36:45,558 [dn-CertificateLifetimeMonitor] INFO  ozone.OzoneSecurityUtil (OzoneSecurityUtil.java:getValidInetsForCurrentHost(116)) - Adding ip:10.1.0.38,host:fv-az335-872.st3fsr2bvbpu5iwsufzt3hrohh.gx.internal.cloudapp.net
2023-05-18 01:36:45,558 [dn-CertificateLifetimeMonitor] INFO  ozone.OzoneSecurityUtil (OzoneSecurityUtil.java:getValidInetsForCurrentHost(119)) - ip:0:0:0:0:0:0:0:1%lo not returned.
2023-05-18 01:36:45,558 [dn-CertificateLifetimeMonitor] INFO  ozone.OzoneSecurityUtil (OzoneSecurityUtil.java:getValidInetsForCurrentHost(119)) - ip:127.0.0.1 not returned.
2023-05-18 01:36:45,562 [dn-CertificateLifetimeMonitor] INFO  client.DNCertificateClient (DNCertificateClient.java:getCSRBuilder(86)) - Created csr for DN-> subject:runner@fv-az335-872.st3fsr2bvbpu5iwsufzt3hrohh.gx.internal.cloudapp.net
2023-05-18 01:36:45,565 [dn-CertificateLifetimeMonitor] ERROR client.DNCertificateClient (DNCertificateClient.java:signAndStoreCertificate(131)) - Error while signing and storing SCM signed certificate.
org.apache.hadoop.hdds.security.x509.exception.CertificateException: Unable to retrieve datanode certificate chain.
	at org.apache.hadoop.hdds.security.x509.certificate.client.DNCertificateClient.signAndStoreCertificate(DNCertificateClient.java:127)
	at org.apache.hadoop.hdds.security.x509.certificate.client.DefaultCertificateClient.renewAndStoreKeyAndCertificate(DefaultCertificateClient.java:1008)
	at org.apache.hadoop.hdds.security.x509.certificate.client.DefaultCertificateClient$CertificateLifetimeMonitor.run(DefaultCertificateClient.java:1258)
	at java.util.concurrent.Executors$RunnableAdapter.call(Executors.java:511)
	at java.util.concurrent.FutureTask.runAndReset(FutureTask.java:308)
	at java.util.concurrent.ScheduledThreadPoolExecutor$ScheduledFutureTask.access$301(ScheduledThreadPoolExecutor.java:180)
	at java.util.concurrent.ScheduledThreadPoolExecutor$ScheduledFutureTask.run(ScheduledThreadPoolExecutor.java:294)
	at java.util.concurrent.ThreadPoolExecutor.runWorker(ThreadPoolExecutor.java:1149)
	at java.util.concurrent.ThreadPoolExecutor$Worker.run(ThreadPoolExecutor.java:624)
	at java.lang.Thread.run(Thread.java:750)
2023-05-18 01:36:45,565 [dn-CertificateLifetimeMonitor] ERROR client.DNCertificateClient (DefaultCertificateClient.java:run(1268)) - Failed to renew and store key and cert. Keep using existing certificates.
org.apache.hadoop.hdds.security.x509.exception.CertificateException: Error while signing and storing new certificates.
	at org.apache.hadoop.hdds.security.x509.certificate.client.DefaultCertificateClient.renewAndStoreKeyAndCertificate(DefaultCertificateClient.java:1011)
	at org.apache.hadoop.hdds.security.x509.certificate.client.DefaultCertificateClient$CertificateLifetimeMonitor.run(DefaultCertificateClient.java:1258)
	at java.util.concurrent.Executors$RunnableAdapter.call(Executors.java:511)
	at java.util.concurrent.FutureTask.runAndReset(FutureTask.java:308)
	at java.util.concurrent.ScheduledThreadPoolExecutor$ScheduledFutureTask.access$301(ScheduledThreadPoolExecutor.java:180)
	at java.util.concurrent.ScheduledThreadPoolExecutor$ScheduledFutureTask.run(ScheduledThreadPoolExecutor.java:294)
	at java.util.concurrent.ThreadPoolExecutor.runWorker(ThreadPoolExecutor.java:1149)
	at java.util.concurrent.ThreadPoolExecutor$Worker.run(ThreadPoolExecutor.java:624)
	at java.lang.Thread.run(Thread.java:750)
Caused by: org.apache.hadoop.hdds.security.x509.exception.CertificateException: Error while signing and storing SCM signed certificate.
	at org.apache.hadoop.hdds.security.x509.certificate.client.DNCertificateClient.signAndStoreCertificate(DNCertificateClient.java:132)
	at org.apache.hadoop.hdds.security.x509.certificate.client.DefaultCertificateClient.renewAndStoreKeyAndCertificate(DefaultCertificateClient.java:1008)
	... 8 more
Caused by: org.apache.hadoop.hdds.security.x509.exception.CertificateException: Unable to retrieve datanode certificate chain.
	at org.apache.hadoop.hdds.security.x509.certificate.client.DNCertificateClient.signAndStoreCertificate(DNCertificateClient.java:127)
	... 9 more
2023-05-18 01:36:45,566 [dn-CertificateLifetimeMonitor] INFO  client.DNCertificateClient (DefaultCertificateClient.java:run(1255)) - Current certificate has entered the expiry grace period PT0S. Starting renew key and certs.
2023-05-18 01:36:45,810 [dn-CertificateLifetimeMonitor] INFO  ozone.OzoneSecurityUtil (OzoneSecurityUtil.java:getValidInetsForCurrentHost(119)) - ip:fe80:0:0:0:222:48ff:fe46:ad37%eth0 not returned.
2023-05-18 01:36:45,810 [dn-CertificateLifetimeMonitor] INFO  ozone.OzoneSecurityUtil (OzoneSecurityUtil.java:getValidInetsForCurrentHost(116)) - Adding ip:10.1.0.38,host:fv-az335-872.st3fsr2bvbpu5iwsufzt3hrohh.gx.internal.cloudapp.net
2023-05-18 01:36:45,810 [dn-CertificateLifetimeMonitor] INFO  ozone.OzoneSecurityUtil (OzoneSecurityUtil.java:getValidInetsForCurrentHost(119)) - ip:0:0:0:0:0:0:0:1%lo not returned.
2023-05-18 01:36:45,810 [dn-CertificateLifetimeMonitor] INFO  ozone.OzoneSecurityUtil (OzoneSecurityUtil.java:getValidInetsForCurrentHost(119)) - ip:127.0.0.1 not returned.
2023-05-18 01:36:45,811 [dn-CertificateLifetimeMonitor] INFO  client.DNCertificateClient (DNCertificateClient.java:getCSRBuilder(86)) - Created csr for DN-> subject:runner@fv-az335-872.st3fsr2bvbpu5iwsufzt3hrohh.gx.internal.cloudapp.net
2023-05-18 01:36:45,814 [dn-CertificateLifetimeMonitor] ERROR client.DNCertificateClient (DNCertificateClient.java:signAndStoreCertificate(131)) - Error while signing and storing SCM signed certificate.
org.apache.hadoop.hdds.security.x509.exception.CertificateException: Unable to retrieve datanode certificate chain.
	at org.apache.hadoop.hdds.security.x509.certificate.client.DNCertificateClient.signAndStoreCertificate(DNCertificateClient.java:127)
	at org.apache.hadoop.hdds.security.x509.certificate.client.DefaultCertificateClient.renewAndStoreKeyAndCertificate(DefaultCertificateClient.java:1008)
	at org.apache.hadoop.hdds.security.x509.certificate.client.DefaultCertificateClient$CertificateLifetimeMonitor.run(DefaultCertificateClient.java:1258)
	at java.util.concurrent.Executors$RunnableAdapter.call(Executors.java:511)
	at java.util.concurrent.FutureTask.runAndReset(FutureTask.java:308)
	at java.util.concurrent.ScheduledThreadPoolExecutor$ScheduledFutureTask.access$301(ScheduledThreadPoolExecutor.java:180)
	at java.util.concurrent.ScheduledThreadPoolExecutor$ScheduledFutureTask.run(ScheduledThreadPoolExecutor.java:294)
	at java.util.concurrent.ThreadPoolExecutor.runWorker(ThreadPoolExecutor.java:1149)
	at java.util.concurrent.ThreadPoolExecutor$Worker.run(ThreadPoolExecutor.java:624)
	at java.lang.Thread.run(Thread.java:750)
2023-05-18 01:36:45,814 [dn-CertificateLifetimeMonitor] ERROR client.DNCertificateClient (DefaultCertificateClient.java:run(1268)) - Failed to renew and store key and cert. Keep using existing certificates.
org.apache.hadoop.hdds.security.x509.exception.CertificateException: Error while signing and storing new certificates.
	at org.apache.hadoop.hdds.security.x509.certificate.client.DefaultCertificateClient.renewAndStoreKeyAndCertificate(DefaultCertificateClient.java:1011)
	at org.apache.hadoop.hdds.security.x509.certificate.client.DefaultCertificateClient$CertificateLifetimeMonitor.run(DefaultCertificateClient.java:1258)
	at java.util.concurrent.Executors$RunnableAdapter.call(Executors.java:511)
	at java.util.concurrent.FutureTask.runAndReset(FutureTask.java:308)
	at java.util.concurrent.ScheduledThreadPoolExecutor$ScheduledFutureTask.access$301(ScheduledThreadPoolExecutor.java:180)
	at java.util.concurrent.ScheduledThreadPoolExecutor$ScheduledFutureTask.run(ScheduledThreadPoolExecutor.java:294)
	at java.util.concurrent.ThreadPoolExecutor.runWorker(ThreadPoolExecutor.java:1149)
	at java.util.concurrent.ThreadPoolExecutor$Worker.run(ThreadPoolExecutor.java:624)
	at java.lang.Thread.run(Thread.java:750)
Caused by: org.apache.hadoop.hdds.security.x509.exception.CertificateException: Error while signing and storing SCM signed certificate.
	at org.apache.hadoop.hdds.security.x509.certificate.client.DNCertificateClient.signAndStoreCertificate(DNCertificateClient.java:132)
	at org.apache.hadoop.hdds.security.x509.certificate.client.DefaultCertificateClient.renewAndStoreKeyAndCertificate(DefaultCertificateClient.java:1008)
	... 8 more
Caused by: org.apache.hadoop.hdds.security.x509.exception.CertificateException: Unable to retrieve datanode certificate chain.
	at org.apache.hadoop.hdds.security.x509.certificate.client.DNCertificateClient.signAndStoreCertificate(DNCertificateClient.java:127)
	... 9 more
2023-05-18 01:36:46,935 [dn-CertificateLifetimeMonitor] INFO  client.DNCertificateClient (DefaultCertificateClient.java:run(1255)) - Current certificate has entered the expiry grace period PT0S. Starting renew key and certs.
2023-05-18 01:36:47,079 [dn-CertificateLifetimeMonitor] INFO  ozone.OzoneSecurityUtil (OzoneSecurityUtil.java:getValidInetsForCurrentHost(119)) - ip:fe80:0:0:0:222:48ff:fe46:ad37%eth0 not returned.
2023-05-18 01:36:47,079 [dn-CertificateLifetimeMonitor] INFO  ozone.OzoneSecurityUtil (OzoneSecurityUtil.java:getValidInetsForCurrentHost(116)) - Adding ip:10.1.0.38,host:fv-az335-872.st3fsr2bvbpu5iwsufzt3hrohh.gx.internal.cloudapp.net
2023-05-18 01:36:47,079 [dn-CertificateLifetimeMonitor] INFO  ozone.OzoneSecurityUtil (OzoneSecurityUtil.java:getValidInetsForCurrentHost(119)) - ip:0:0:0:0:0:0:0:1%lo not returned.
2023-05-18 01:36:47,079 [dn-CertificateLifetimeMonitor] INFO  ozone.OzoneSecurityUtil (OzoneSecurityUtil.java:getValidInetsForCurrentHost(119)) - ip:127.0.0.1 not returned.
2023-05-18 01:36:47,080 [dn-CertificateLifetimeMonitor] INFO  client.DNCertificateClient (DNCertificateClient.java:getCSRBuilder(86)) - Created csr for DN-> subject:runner@fv-az335-872.st3fsr2bvbpu5iwsufzt3hrohh.gx.internal.cloudapp.net
2023-05-18 01:36:47,082 [dn-CertificateLifetimeMonitor] ERROR client.DNCertificateClient (DNCertificateClient.java:signAndStoreCertificate(131)) - Error while signing and storing SCM signed certificate.
org.apache.hadoop.hdds.security.x509.exception.CertificateException: Unable to retrieve datanode certificate chain.
	at org.apache.hadoop.hdds.security.x509.certificate.client.DNCertificateClient.signAndStoreCertificate(DNCertificateClient.java:127)
	at org.apache.hadoop.hdds.security.x509.certificate.client.DefaultCertificateClient.renewAndStoreKeyAndCertificate(DefaultCertificateClient.java:1008)
	at org.apache.hadoop.hdds.security.x509.certificate.client.DefaultCertificateClient$CertificateLifetimeMonitor.run(DefaultCertificateClient.java:1258)
	at java.util.concurrent.Executors$RunnableAdapter.call(Executors.java:511)
	at java.util.concurrent.FutureTask.runAndReset(FutureTask.java:308)
	at java.util.concurrent.ScheduledThreadPoolExecutor$ScheduledFutureTask.access$301(ScheduledThreadPoolExecutor.java:180)
	at java.util.concurrent.ScheduledThreadPoolExecutor$ScheduledFutureTask.run(ScheduledThreadPoolExecutor.java:294)
	at java.util.concurrent.ThreadPoolExecutor.runWorker(ThreadPoolExecutor.java:1149)
	at java.util.concurrent.ThreadPoolExecutor$Worker.run(ThreadPoolExecutor.java:624)
	at java.lang.Thread.run(Thread.java:750)
2023-05-18 01:36:47,083 [dn-CertificateLifetimeMonitor] ERROR client.DNCertificateClient (DefaultCertificateClient.java:run(1268)) - Failed to renew and store key and cert. Keep using existing certificates.
org.apache.hadoop.hdds.security.x509.exception.CertificateException: Error while signing and storing new certificates.
	at org.apache.hadoop.hdds.security.x509.certificate.client.DefaultCertificateClient.renewAndStoreKeyAndCertificate(DefaultCertificateClient.java:1011)
	at org.apache.hadoop.hdds.security.x509.certificate.client.DefaultCertificateClient$CertificateLifetimeMonitor.run(DefaultCertificateClient.java:1258)
	at java.util.concurrent.Executors$RunnableAdapter.call(Executors.java:511)
	at java.util.concurrent.FutureTask.runAndReset(FutureTask.java:308)
	at java.util.concurrent.ScheduledThreadPoolExecutor$ScheduledFutureTask.access$301(ScheduledThreadPoolExecutor.java:180)
	at java.util.concurrent.ScheduledThreadPoolExecutor$ScheduledFutureTask.run(ScheduledThreadPoolExecutor.java:294)
	at java.util.concurrent.ThreadPoolExecutor.runWorker(ThreadPoolExecutor.java:1149)
	at java.util.concurrent.ThreadPoolExecutor$Worker.run(ThreadPoolExecutor.java:624)
	at java.lang.Thread.run(Thread.java:750)
Caused by: org.apache.hadoop.hdds.security.x509.exception.CertificateException: Error while signing and storing SCM signed certificate.
	at org.apache.hadoop.hdds.security.x509.certificate.client.DNCertificateClient.signAndStoreCertificate(DNCertificateClient.java:132)
	at org.apache.hadoop.hdds.security.x509.certificate.client.DefaultCertificateClient.renewAndStoreKeyAndCertificate(DefaultCertificateClient.java:1008)
	... 8 more
Caused by: org.apache.hadoop.hdds.security.x509.exception.CertificateException: Unable to retrieve datanode certificate chain.
	at org.apache.hadoop.hdds.security.x509.certificate.client.DNCertificateClient.signAndStoreCertificate(DNCertificateClient.java:127)
	... 9 more
2023-05-18 01:36:47,083 [dn-CertificateLifetimeMonitor] INFO  client.DNCertificateClient (DefaultCertificateClient.java:run(1255)) - Current certificate has entered the expiry grace period PT0S. Starting renew key and certs.
2023-05-18 01:36:47,922 [dn-CertificateLifetimeMonitor] INFO  ozone.OzoneSecurityUtil (OzoneSecurityUtil.java:getValidInetsForCurrentHost(119)) - ip:fe80:0:0:0:222:48ff:fe46:ad37%eth0 not returned.
2023-05-18 01:36:47,922 [dn-CertificateLifetimeMonitor] INFO  ozone.OzoneSecurityUtil (OzoneSecurityUtil.java:getValidInetsForCurrentHost(116)) - Adding ip:10.1.0.38,host:fv-az335-872.st3fsr2bvbpu5iwsufzt3hrohh.gx.internal.cloudapp.net
2023-05-18 01:36:47,922 [dn-CertificateLifetimeMonitor] INFO  ozone.OzoneSecurityUtil (OzoneSecurityUtil.java:getValidInetsForCurrentHost(119)) - ip:0:0:0:0:0:0:0:1%lo not returned.
2023-05-18 01:36:47,922 [dn-CertificateLifetimeMonitor] INFO  ozone.OzoneSecurityUtil (OzoneSecurityUtil.java:getValidInetsForCurrentHost(119)) - ip:127.0.0.1 not returned.
2023-05-18 01:36:47,922 [dn-CertificateLifetimeMonitor] INFO  client.DNCertificateClient (DNCertificateClient.java:getCSRBuilder(86)) - Created csr for DN-> subject:runner@fv-az335-872.st3fsr2bvbpu5iwsufzt3hrohh.gx.internal.cloudapp.net
2023-05-18 01:36:47,925 [dn-CertificateLifetimeMonitor] ERROR client.DNCertificateClient (DNCertificateClient.java:signAndStoreCertificate(131)) - Error while signing and storing SCM signed certificate.
org.apache.hadoop.hdds.security.x509.exception.CertificateException: Unable to retrieve datanode certificate chain.
	at org.apache.hadoop.hdds.security.x509.certificate.client.DNCertificateClient.signAndStoreCertificate(DNCertificateClient.java:127)
	at org.apache.hadoop.hdds.security.x509.certificate.client.DefaultCertificateClient.renewAndStoreKeyAndCertificate(DefaultCertificateClient.java:1008)
	at org.apache.hadoop.hdds.security.x509.certificate.client.DefaultCertificateClient$CertificateLifetimeMonitor.run(DefaultCertificateClient.java:1258)
	at java.util.concurrent.Executors$RunnableAdapter.call(Executors.java:511)
	at java.util.concurrent.FutureTask.runAndReset(FutureTask.java:308)
	at java.util.concurrent.ScheduledThreadPoolExecutor$ScheduledFutureTask.access$301(ScheduledThreadPoolExecutor.java:180)
	at java.util.concurrent.ScheduledThreadPoolExecutor$ScheduledFutureTask.run(ScheduledThreadPoolExecutor.java:294)
	at java.util.concurrent.ThreadPoolExecutor.runWorker(ThreadPoolExecutor.java:1149)
	at java.util.concurrent.ThreadPoolExecutor$Worker.run(ThreadPoolExecutor.java:624)
	at java.lang.Thread.run(Thread.java:750)
2023-05-18 01:36:47,926 [dn-CertificateLifetimeMonitor] ERROR client.DNCertificateClient (DefaultCertificateClient.java:run(1268)) - Failed to renew and store key and cert. Keep using existing certificates.
org.apache.hadoop.hdds.security.x509.exception.CertificateException: Error while signing and storing new certificates.
	at org.apache.hadoop.hdds.security.x509.certificate.client.DefaultCertificateClient.renewAndStoreKeyAndCertificate(DefaultCertificateClient.java:1011)
	at org.apache.hadoop.hdds.security.x509.certificate.client.DefaultCertificateClient$CertificateLifetimeMonitor.run(DefaultCertificateClient.java:1258)
	at java.util.concurrent.Executors$RunnableAdapter.call(Executors.java:511)
	at java.util.concurrent.FutureTask.runAndReset(FutureTask.java:308)
	at java.util.concurrent.ScheduledThreadPoolExecutor$ScheduledFutureTask.access$301(ScheduledThreadPoolExecutor.java:180)
	at java.util.concurrent.ScheduledThreadPoolExecutor$ScheduledFutureTask.run(ScheduledThreadPoolExecutor.java:294)
	at java.util.concurrent.ThreadPoolExecutor.runWorker(ThreadPoolExecutor.java:1149)
	at java.util.concurrent.ThreadPoolExecutor$Worker.run(ThreadPoolExecutor.java:624)
	at java.lang.Thread.run(Thread.java:750)
Caused by: org.apache.hadoop.hdds.security.x509.exception.CertificateException: Error while signing and storing SCM signed certificate.
	at org.apache.hadoop.hdds.security.x509.certificate.client.DNCertificateClient.signAndStoreCertificate(DNCertificateClient.java:132)
	at org.apache.hadoop.hdds.security.x509.certificate.client.DefaultCertificateClient.renewAndStoreKeyAndCertificate(DefaultCertificateClient.java:1008)
	... 8 more
Caused by: org.apache.hadoop.hdds.security.x509.exception.CertificateException: Unable to retrieve datanode certificate chain.
	at org.apache.hadoop.hdds.security.x509.certificate.client.DNCertificateClient.signAndStoreCertificate(DNCertificateClient.java:127)
	... 9 more
2023-05-18 01:36:48,601 [dn-CertificateLifetimeMonitor] INFO  client.DNCertificateClient (DefaultCertificateClient.java:run(1255)) - Current certificate has entered the expiry grace period PT0S. Starting renew key and certs.
2023-05-18 01:36:48,712 [dn-CertificateLifetimeMonitor] INFO  ozone.OzoneSecurityUtil (OzoneSecurityUtil.java:getValidInetsForCurrentHost(119)) - ip:fe80:0:0:0:222:48ff:fe46:ad37%eth0 not returned.
2023-05-18 01:36:48,712 [dn-CertificateLifetimeMonitor] INFO  ozone.OzoneSecurityUtil (OzoneSecurityUtil.java:getValidInetsForCurrentHost(116)) - Adding ip:10.1.0.38,host:fv-az335-872.st3fsr2bvbpu5iwsufzt3hrohh.gx.internal.cloudapp.net
2023-05-18 01:36:48,712 [dn-CertificateLifetimeMonitor] INFO  ozone.OzoneSecurityUtil (OzoneSecurityUtil.java:getValidInetsForCurrentHost(119)) - ip:0:0:0:0:0:0:0:1%lo not returned.
2023-05-18 01:36:48,712 [dn-CertificateLifetimeMonitor] INFO  ozone.OzoneSecurityUtil (OzoneSecurityUtil.java:getValidInetsForCurrentHost(119)) - ip:127.0.0.1 not returned.
2023-05-18 01:36:48,712 [dn-CertificateLifetimeMonitor] INFO  client.DNCertificateClient (DNCertificateClient.java:getCSRBuilder(86)) - Created csr for DN-> subject:runner@fv-az335-872.st3fsr2bvbpu5iwsufzt3hrohh.gx.internal.cloudapp.net
2023-05-18 01:36:48,715 [dn-CertificateLifetimeMonitor] ERROR client.DNCertificateClient (DNCertificateClient.java:signAndStoreCertificate(131)) - Error while signing and storing SCM signed certificate.
org.apache.hadoop.hdds.security.x509.exception.CertificateException: Unable to retrieve datanode certificate chain.
	at org.apache.hadoop.hdds.security.x509.certificate.client.DNCertificateClient.signAndStoreCertificate(DNCertificateClient.java:127)
	at org.apache.hadoop.hdds.security.x509.certificate.client.DefaultCertificateClient.renewAndStoreKeyAndCertificate(DefaultCertificateClient.java:1008)
	at org.apache.hadoop.hdds.security.x509.certificate.client.DefaultCertificateClient$CertificateLifetimeMonitor.run(DefaultCertificateClient.java:1258)
	at java.util.concurrent.Executors$RunnableAdapter.call(Executors.java:511)
	at java.util.concurrent.FutureTask.runAndReset(FutureTask.java:308)
	at java.util.concurrent.ScheduledThreadPoolExecutor$ScheduledFutureTask.access$301(ScheduledThreadPoolExecutor.java:180)
	at java.util.concurrent.ScheduledThreadPoolExecutor$ScheduledFutureTask.run(ScheduledThreadPoolExecutor.java:294)
	at java.util.concurrent.ThreadPoolExecutor.runWorker(ThreadPoolExecutor.java:1149)
	at java.util.concurrent.ThreadPoolExecutor$Worker.run(ThreadPoolExecutor.java:624)
	at java.lang.Thread.run(Thread.java:750)
2023-05-18 01:36:48,716 [dn-CertificateLifetimeMonitor] ERROR client.DNCertificateClient (DefaultCertificateClient.java:run(1268)) - Failed to renew and store key and cert. Keep using existing certificates.
org.apache.hadoop.hdds.security.x509.exception.CertificateException: Error while signing and storing new certificates.
	at org.apache.hadoop.hdds.security.x509.certificate.client.DefaultCertificateClient.renewAndStoreKeyAndCertificate(DefaultCertificateClient.java:1011)
	at org.apache.hadoop.hdds.security.x509.certificate.client.DefaultCertificateClient$CertificateLifetimeMonitor.run(DefaultCertificateClient.java:1258)
	at java.util.concurrent.Executors$RunnableAdapter.call(Executors.java:511)
	at java.util.concurrent.FutureTask.runAndReset(FutureTask.java:308)
	at java.util.concurrent.ScheduledThreadPoolExecutor$ScheduledFutureTask.access$301(ScheduledThreadPoolExecutor.java:180)
	at java.util.concurrent.ScheduledThreadPoolExecutor$ScheduledFutureTask.run(ScheduledThreadPoolExecutor.java:294)
	at java.util.concurrent.ThreadPoolExecutor.runWorker(ThreadPoolExecutor.java:1149)
	at java.util.concurrent.ThreadPoolExecutor$Worker.run(ThreadPoolExecutor.java:624)
	at java.lang.Thread.run(Thread.java:750)
Caused by: org.apache.hadoop.hdds.security.x509.exception.CertificateException: Error while signing and storing SCM signed certificate.
	at org.apache.hadoop.hdds.security.x509.certificate.client.DNCertificateClient.signAndStoreCertificate(DNCertificateClient.java:132)
	at org.apache.hadoop.hdds.security.x509.certificate.client.DefaultCertificateClient.renewAndStoreKeyAndCertificate(DefaultCertificateClient.java:1008)
	... 8 more
Caused by: org.apache.hadoop.hdds.security.x509.exception.CertificateException: Unable to retrieve datanode certificate chain.
	at org.apache.hadoop.hdds.security.x509.certificate.client.DNCertificateClient.signAndStoreCertificate(DNCertificateClient.java:127)
	... 9 more
2023-05-18 01:36:48,716 [dn-CertificateLifetimeMonitor] INFO  client.DNCertificateClient (DefaultCertificateClient.java:run(1255)) - Current certificate has entered the expiry grace period PT0S. Starting renew key and certs.
2023-05-18 01:36:49,106 [dn-CertificateLifetimeMonitor] INFO  ozone.OzoneSecurityUtil (OzoneSecurityUtil.java:getValidInetsForCurrentHost(119)) - ip:fe80:0:0:0:222:48ff:fe46:ad37%eth0 not returned.
2023-05-18 01:36:49,106 [dn-CertificateLifetimeMonitor] INFO  ozone.OzoneSecurityUtil (OzoneSecurityUtil.java:getValidInetsForCurrentHost(116)) - Adding ip:10.1.0.38,host:fv-az335-872.st3fsr2bvbpu5iwsufzt3hrohh.gx.internal.cloudapp.net
2023-05-18 01:36:49,106 [dn-CertificateLifetimeMonitor] INFO  ozone.OzoneSecurityUtil (OzoneSecurityUtil.java:getValidInetsForCurrentHost(119)) - ip:0:0:0:0:0:0:0:1%lo not returned.
2023-05-18 01:36:49,106 [dn-CertificateLifetimeMonitor] INFO  ozone.OzoneSecurityUtil (OzoneSecurityUtil.java:getValidInetsForCurrentHost(119)) - ip:127.0.0.1 not returned.
2023-05-18 01:36:49,107 [dn-CertificateLifetimeMonitor] INFO  client.DNCertificateClient (DNCertificateClient.java:getCSRBuilder(86)) - Created csr for DN-> subject:runner@fv-az335-872.st3fsr2bvbpu5iwsufzt3hrohh.gx.internal.cloudapp.net
2023-05-18 01:36:49,109 [dn-CertificateLifetimeMonitor] ERROR client.DNCertificateClient (DNCertificateClient.java:signAndStoreCertificate(131)) - Error while signing and storing SCM signed certificate.
org.apache.hadoop.hdds.security.x509.exception.CertificateException: Unable to retrieve datanode certificate chain.
	at org.apache.hadoop.hdds.security.x509.certificate.client.DNCertificateClient.signAndStoreCertificate(DNCertificateClient.java:127)
	at org.apache.hadoop.hdds.security.x509.certificate.client.DefaultCertificateClient.renewAndStoreKeyAndCertificate(DefaultCertificateClient.java:1008)
	at org.apache.hadoop.hdds.security.x509.certificate.client.DefaultCertificateClient$CertificateLifetimeMonitor.run(DefaultCertificateClient.java:1258)
	at java.util.concurrent.Executors$RunnableAdapter.call(Executors.java:511)
	at java.util.concurrent.FutureTask.runAndReset(FutureTask.java:308)
	at java.util.concurrent.ScheduledThreadPoolExecutor$ScheduledFutureTask.access$301(ScheduledThreadPoolExecutor.java:180)
	at java.util.concurrent.ScheduledThreadPoolExecutor$ScheduledFutureTask.run(ScheduledThreadPoolExecutor.java:294)
	at java.util.concurrent.ThreadPoolExecutor.runWorker(ThreadPoolExecutor.java:1149)
	at java.util.concurrent.ThreadPoolExecutor$Worker.run(ThreadPoolExecutor.java:624)
	at java.lang.Thread.run(Thread.java:750)
2023-05-18 01:36:49,109 [dn-CertificateLifetimeMonitor] ERROR client.DNCertificateClient (DefaultCertificateClient.java:run(1268)) - Failed to renew and store key and cert. Keep using existing certificates.
org.apache.hadoop.hdds.security.x509.exception.CertificateException: Error while signing and storing new certificates.
	at org.apache.hadoop.hdds.security.x509.certificate.client.DefaultCertificateClient.renewAndStoreKeyAndCertificate(DefaultCertificateClient.java:1011)
	at org.apache.hadoop.hdds.security.x509.certificate.client.DefaultCertificateClient$CertificateLifetimeMonitor.run(DefaultCertificateClient.java:1258)
	at java.util.concurrent.Executors$RunnableAdapter.call(Executors.java:511)
	at java.util.concurrent.FutureTask.runAndReset(FutureTask.java:308)
	at java.util.concurrent.ScheduledThreadPoolExecutor$ScheduledFutureTask.access$301(ScheduledThreadPoolExecutor.java:180)
	at java.util.concurrent.ScheduledThreadPoolExecutor$ScheduledFutureTask.run(ScheduledThreadPoolExecutor.java:294)
	at java.util.concurrent.ThreadPoolExecutor.runWorker(ThreadPoolExecutor.java:1149)
	at java.util.concurrent.ThreadPoolExecutor$Worker.run(ThreadPoolExecutor.java:624)
	at java.lang.Thread.run(Thread.java:750)
Caused by: org.apache.hadoop.hdds.security.x509.exception.CertificateException: Error while signing and storing SCM signed certificate.
	at org.apache.hadoop.hdds.security.x509.certificate.client.DNCertificateClient.signAndStoreCertificate(DNCertificateClient.java:132)
	at org.apache.hadoop.hdds.security.x509.certificate.client.DefaultCertificateClient.renewAndStoreKeyAndCertificate(DefaultCertificateClient.java:1008)
	... 8 more
Caused by: org.apache.hadoop.hdds.security.x509.exception.CertificateException: Unable to retrieve datanode certificate chain.
	at org.apache.hadoop.hdds.security.x509.certificate.client.DNCertificateClient.signAndStoreCertificate(DNCertificateClient.java:127)
	... 9 more
2023-05-18 01:36:50,267 [dn-CertificateLifetimeMonitor] INFO  client.DNCertificateClient (DefaultCertificateClient.java:run(1255)) - Current certificate has entered the expiry grace period PT0S. Starting renew key and certs.
2023-05-18 01:36:50,476 [dn-CertificateLifetimeMonitor] INFO  ozone.OzoneSecurityUtil (OzoneSecurityUtil.java:getValidInetsForCurrentHost(119)) - ip:fe80:0:0:0:222:48ff:fe46:ad37%eth0 not returned.
2023-05-18 01:36:50,476 [dn-CertificateLifetimeMonitor] INFO  ozone.OzoneSecurityUtil (OzoneSecurityUtil.java:getValidInetsForCurrentHost(116)) - Adding ip:10.1.0.38,host:fv-az335-872.st3fsr2bvbpu5iwsufzt3hrohh.gx.internal.cloudapp.net
2023-05-18 01:36:50,476 [dn-CertificateLifetimeMonitor] INFO  ozone.OzoneSecurityUtil (OzoneSecurityUtil.java:getValidInetsForCurrentHost(119)) - ip:0:0:0:0:0:0:0:1%lo not returned.
2023-05-18 01:36:50,476 [dn-CertificateLifetimeMonitor] INFO  ozone.OzoneSecurityUtil (OzoneSecurityUtil.java:getValidInetsForCurrentHost(119)) - ip:127.0.0.1 not returned.
2023-05-18 01:36:50,476 [dn-CertificateLifetimeMonitor] INFO  client.DNCertificateClient (DNCertificateClient.java:getCSRBuilder(86)) - Created csr for DN-> subject:runner@fv-az335-872.st3fsr2bvbpu5iwsufzt3hrohh.gx.internal.cloudapp.net
2023-05-18 01:36:50,482 [dn-CertificateLifetimeMonitor] ERROR client.DNCertificateClient (DNCertificateClient.java:signAndStoreCertificate(131)) - Error while signing and storing SCM signed certificate.
org.apache.hadoop.hdds.security.x509.exception.CertificateException: Unable to retrieve datanode certificate chain.
	at org.apache.hadoop.hdds.security.x509.certificate.client.DNCertificateClient.signAndStoreCertificate(DNCertificateClient.java:127)
	at org.apache.hadoop.hdds.security.x509.certificate.client.DefaultCertificateClient.renewAndStoreKeyAndCertificate(DefaultCertificateClient.java:1008)
	at org.apache.hadoop.hdds.security.x509.certificate.client.DefaultCertificateClient$CertificateLifetimeMonitor.run(DefaultCertificateClient.java:1258)
	at java.util.concurrent.Executors$RunnableAdapter.call(Executors.java:511)
	at java.util.concurrent.FutureTask.runAndReset(FutureTask.java:308)
	at java.util.concurrent.ScheduledThreadPoolExecutor$ScheduledFutureTask.access$301(ScheduledThreadPoolExecutor.java:180)
	at java.util.concurrent.ScheduledThreadPoolExecutor$ScheduledFutureTask.run(ScheduledThreadPoolExecutor.java:294)
	at java.util.concurrent.ThreadPoolExecutor.runWorker(ThreadPoolExecutor.java:1149)
	at java.util.concurrent.ThreadPoolExecutor$Worker.run(ThreadPoolExecutor.java:624)
	at java.lang.Thread.run(Thread.java:750)
2023-05-18 01:36:50,482 [dn-CertificateLifetimeMonitor] ERROR client.DNCertificateClient (DefaultCertificateClient.java:run(1268)) - Failed to renew and store key and cert. Keep using existing certificates.
org.apache.hadoop.hdds.security.x509.exception.CertificateException: Error while signing and storing new certificates.
	at org.apache.hadoop.hdds.security.x509.certificate.client.DefaultCertificateClient.renewAndStoreKeyAndCertificate(DefaultCertificateClient.java:1011)
	at org.apache.hadoop.hdds.security.x509.certificate.client.DefaultCertificateClient$CertificateLifetimeMonitor.run(DefaultCertificateClient.java:1258)
	at java.util.concurrent.Executors$RunnableAdapter.call(Executors.java:511)
	at java.util.concurrent.FutureTask.runAndReset(FutureTask.java:308)
	at java.util.concurrent.ScheduledThreadPoolExecutor$ScheduledFutureTask.access$301(ScheduledThreadPoolExecutor.java:180)
	at java.util.concurrent.ScheduledThreadPoolExecutor$ScheduledFutureTask.run(ScheduledThreadPoolExecutor.java:294)
	at java.util.concurrent.ThreadPoolExecutor.runWorker(ThreadPoolExecutor.java:1149)
	at java.util.concurrent.ThreadPoolExecutor$Worker.run(ThreadPoolExecutor.java:624)
	at java.lang.Thread.run(Thread.java:750)
Caused by: org.apache.hadoop.hdds.security.x509.exception.CertificateException: Error while signing and storing SCM signed certificate.
	at org.apache.hadoop.hdds.security.x509.certificate.client.DNCertificateClient.signAndStoreCertificate(DNCertificateClient.java:132)
	at org.apache.hadoop.hdds.security.x509.certificate.client.DefaultCertificateClient.renewAndStoreKeyAndCertificate(DefaultCertificateClient.java:1008)
	... 8 more
Caused by: org.apache.hadoop.hdds.security.x509.exception.CertificateException: Unable to retrieve datanode certificate chain.
	at org.apache.hadoop.hdds.security.x509.certificate.client.DNCertificateClient.signAndStoreCertificate(DNCertificateClient.java:127)
	... 9 more
2023-05-18 01:36:50,483 [dn-CertificateLifetimeMonitor] INFO  client.DNCertificateClient (DefaultCertificateClient.java:run(1255)) - Current certificate has entered the expiry grace period PT0S. Starting renew key and certs.
2023-05-18 01:36:50,546 [dn-CertificateLifetimeMonitor] INFO  ozone.OzoneSecurityUtil (OzoneSecurityUtil.java:getValidInetsForCurrentHost(119)) - ip:fe80:0:0:0:222:48ff:fe46:ad37%eth0 not returned.
2023-05-18 01:36:50,546 [dn-CertificateLifetimeMonitor] INFO  ozone.OzoneSecurityUtil (OzoneSecurityUtil.java:getValidInetsForCurrentHost(116)) - Adding ip:10.1.0.38,host:fv-az335-872.st3fsr2bvbpu5iwsufzt3hrohh.gx.internal.cloudapp.net
2023-05-18 01:36:50,547 [dn-CertificateLifetimeMonitor] INFO  ozone.OzoneSecurityUtil (OzoneSecurityUtil.java:getValidInetsForCurrentHost(119)) - ip:0:0:0:0:0:0:0:1%lo not returned.
2023-05-18 01:36:50,547 [dn-CertificateLifetimeMonitor] INFO  ozone.OzoneSecurityUtil (OzoneSecurityUtil.java:getValidInetsForCurrentHost(119)) - ip:127.0.0.1 not returned.
2023-05-18 01:36:50,547 [dn-CertificateLifetimeMonitor] INFO  client.DNCertificateClient (DNCertificateClient.java:getCSRBuilder(86)) - Created csr for DN-> subject:runner@fv-az335-872.st3fsr2bvbpu5iwsufzt3hrohh.gx.internal.cloudapp.net
2023-05-18 01:36:50,549 [dn-CertificateLifetimeMonitor] ERROR client.DNCertificateClient (DNCertificateClient.java:signAndStoreCertificate(131)) - Error while signing and storing SCM signed certificate.
org.apache.hadoop.hdds.security.x509.exception.CertificateException: Unable to retrieve datanode certificate chain.
	at org.apache.hadoop.hdds.security.x509.certificate.client.DNCertificateClient.signAndStoreCertificate(DNCertificateClient.java:127)
	at org.apache.hadoop.hdds.security.x509.certificate.client.DefaultCertificateClient.renewAndStoreKeyAndCertificate(DefaultCertificateClient.java:1008)
	at org.apache.hadoop.hdds.security.x509.certificate.client.DefaultCertificateClient$CertificateLifetimeMonitor.run(DefaultCertificateClient.java:1258)
	at java.util.concurrent.Executors$RunnableAdapter.call(Executors.java:511)
	at java.util.concurrent.FutureTask.runAndReset(FutureTask.java:308)
	at java.util.concurrent.ScheduledThreadPoolExecutor$ScheduledFutureTask.access$301(ScheduledThreadPoolExecutor.java:180)
	at java.util.concurrent.ScheduledThreadPoolExecutor$ScheduledFutureTask.run(ScheduledThreadPoolExecutor.java:294)
	at java.util.concurrent.ThreadPoolExecutor.runWorker(ThreadPoolExecutor.java:1149)
	at java.util.concurrent.ThreadPoolExecutor$Worker.run(ThreadPoolExecutor.java:624)
	at java.lang.Thread.run(Thread.java:750)
2023-05-18 01:36:50,550 [dn-CertificateLifetimeMonitor] ERROR client.DNCertificateClient (DefaultCertificateClient.java:run(1268)) - Failed to renew and store key and cert. Keep using existing certificates.
org.apache.hadoop.hdds.security.x509.exception.CertificateException: Error while signing and storing new certificates.
	at org.apache.hadoop.hdds.security.x509.certificate.client.DefaultCertificateClient.renewAndStoreKeyAndCertificate(DefaultCertificateClient.java:1011)
	at org.apache.hadoop.hdds.security.x509.certificate.client.DefaultCertificateClient$CertificateLifetimeMonitor.run(DefaultCertificateClient.java:1258)
	at java.util.concurrent.Executors$RunnableAdapter.call(Executors.java:511)
	at java.util.concurrent.FutureTask.runAndReset(FutureTask.java:308)
	at java.util.concurrent.ScheduledThreadPoolExecutor$ScheduledFutureTask.access$301(ScheduledThreadPoolExecutor.java:180)
	at java.util.concurrent.ScheduledThreadPoolExecutor$ScheduledFutureTask.run(ScheduledThreadPoolExecutor.java:294)
	at java.util.concurrent.ThreadPoolExecutor.runWorker(ThreadPoolExecutor.java:1149)
	at java.util.concurrent.ThreadPoolExecutor$Worker.run(ThreadPoolExecutor.java:624)
	at java.lang.Thread.run(Thread.java:750)
Caused by: org.apache.hadoop.hdds.security.x509.exception.CertificateException: Error while signing and storing SCM signed certificate.
	at org.apache.hadoop.hdds.security.x509.certificate.client.DNCertificateClient.signAndStoreCertificate(DNCertificateClient.java:132)
	at org.apache.hadoop.hdds.security.x509.certificate.client.DefaultCertificateClient.renewAndStoreKeyAndCertificate(DefaultCertificateClient.java:1008)
	... 8 more
Caused by: org.apache.hadoop.hdds.security.x509.exception.CertificateException: Unable to retrieve datanode certificate chain.
	at org.apache.hadoop.hdds.security.x509.certificate.client.DNCertificateClient.signAndStoreCertificate(DNCertificateClient.java:127)
	... 9 more
2023-05-18 01:36:51,933 [dn-CertificateLifetimeMonitor] INFO  client.DNCertificateClient (DefaultCertificateClient.java:run(1255)) - Current certificate has entered the expiry grace period PT0S. Starting renew key and certs.
2023-05-18 01:36:52,078 [dn-CertificateLifetimeMonitor] INFO  ozone.OzoneSecurityUtil (OzoneSecurityUtil.java:getValidInetsForCurrentHost(119)) - ip:fe80:0:0:0:222:48ff:fe46:ad37%eth0 not returned.
2023-05-18 01:36:52,078 [dn-CertificateLifetimeMonitor] INFO  ozone.OzoneSecurityUtil (OzoneSecurityUtil.java:getValidInetsForCurrentHost(116)) - Adding ip:10.1.0.38,host:fv-az335-872.st3fsr2bvbpu5iwsufzt3hrohh.gx.internal.cloudapp.net
2023-05-18 01:36:52,078 [dn-CertificateLifetimeMonitor] INFO  ozone.OzoneSecurityUtil (OzoneSecurityUtil.java:getValidInetsForCurrentHost(119)) - ip:0:0:0:0:0:0:0:1%lo not returned.
2023-05-18 01:36:52,078 [dn-CertificateLifetimeMonitor] INFO  ozone.OzoneSecurityUtil (OzoneSecurityUtil.java:getValidInetsForCurrentHost(119)) - ip:127.0.0.1 not returned.
2023-05-18 01:36:52,079 [dn-CertificateLifetimeMonitor] INFO  client.DNCertificateClient (DNCertificateClient.java:getCSRBuilder(86)) - Created csr for DN-> subject:runner@fv-az335-872.st3fsr2bvbpu5iwsufzt3hrohh.gx.internal.cloudapp.net
2023-05-18 01:36:52,081 [dn-CertificateLifetimeMonitor] ERROR client.DNCertificateClient (DNCertificateClient.java:signAndStoreCertificate(131)) - Error while signing and storing SCM signed certificate.
org.apache.hadoop.hdds.security.x509.exception.CertificateException: Unable to retrieve datanode certificate chain.
	at org.apache.hadoop.hdds.security.x509.certificate.client.DNCertificateClient.signAndStoreCertificate(DNCertificateClient.java:127)
	at org.apache.hadoop.hdds.security.x509.certificate.client.DefaultCertificateClient.renewAndStoreKeyAndCertificate(DefaultCertificateClient.java:1008)
	at org.apache.hadoop.hdds.security.x509.certificate.client.DefaultCertificateClient$CertificateLifetimeMonitor.run(DefaultCertificateClient.java:1258)
	at java.util.concurrent.Executors$RunnableAdapter.call(Executors.java:511)
	at java.util.concurrent.FutureTask.runAndReset(FutureTask.java:308)
	at java.util.concurrent.ScheduledThreadPoolExecutor$ScheduledFutureTask.access$301(ScheduledThreadPoolExecutor.java:180)
	at java.util.concurrent.ScheduledThreadPoolExecutor$ScheduledFutureTask.run(ScheduledThreadPoolExecutor.java:294)
	at java.util.concurrent.ThreadPoolExecutor.runWorker(ThreadPoolExecutor.java:1149)
	at java.util.concurrent.ThreadPoolExecutor$Worker.run(ThreadPoolExecutor.java:624)
	at java.lang.Thread.run(Thread.java:750)
2023-05-18 01:36:52,082 [dn-CertificateLifetimeMonitor] ERROR client.DNCertificateClient (DefaultCertificateClient.java:run(1268)) - Failed to renew and store key and cert. Keep using existing certificates.
org.apache.hadoop.hdds.security.x509.exception.CertificateException: Error while signing and storing new certificates.
	at org.apache.hadoop.hdds.security.x509.certificate.client.DefaultCertificateClient.renewAndStoreKeyAndCertificate(DefaultCertificateClient.java:1011)
	at org.apache.hadoop.hdds.security.x509.certificate.client.DefaultCertificateClient$CertificateLifetimeMonitor.run(DefaultCertificateClient.java:1258)
	at java.util.concurrent.Executors$RunnableAdapter.call(Executors.java:511)
	at java.util.concurrent.FutureTask.runAndReset(FutureTask.java:308)
	at java.util.concurrent.ScheduledThreadPoolExecutor$ScheduledFutureTask.access$301(ScheduledThreadPoolExecutor.java:180)
	at java.util.concurrent.ScheduledThreadPoolExecutor$ScheduledFutureTask.run(ScheduledThreadPoolExecutor.java:294)
	at java.util.concurrent.ThreadPoolExecutor.runWorker(ThreadPoolExecutor.java:1149)
	at java.util.concurrent.ThreadPoolExecutor$Worker.run(ThreadPoolExecutor.java:624)
	at java.lang.Thread.run(Thread.java:750)
Caused by: org.apache.hadoop.hdds.security.x509.exception.CertificateException: Error while signing and storing SCM signed certificate.
	at org.apache.hadoop.hdds.security.x509.certificate.client.DNCertificateClient.signAndStoreCertificate(DNCertificateClient.java:132)
	at org.apache.hadoop.hdds.security.x509.certificate.client.DefaultCertificateClient.renewAndStoreKeyAndCertificate(DefaultCertificateClient.java:1008)
	... 8 more
Caused by: org.apache.hadoop.hdds.security.x509.exception.CertificateException: Unable to retrieve datanode certificate chain.
	at org.apache.hadoop.hdds.security.x509.certificate.client.DNCertificateClient.signAndStoreCertificate(DNCertificateClient.java:127)
	... 9 more
2023-05-18 01:36:52,082 [dn-CertificateLifetimeMonitor] INFO  client.DNCertificateClient (DefaultCertificateClient.java:run(1255)) - Current certificate has entered the expiry grace period PT0S. Starting renew key and certs.
2023-05-18 01:36:52,244 [dn-CertificateLifetimeMonitor] INFO  ozone.OzoneSecurityUtil (OzoneSecurityUtil.java:getValidInetsForCurrentHost(119)) - ip:fe80:0:0:0:222:48ff:fe46:ad37%eth0 not returned.
2023-05-18 01:36:52,244 [dn-CertificateLifetimeMonitor] INFO  ozone.OzoneSecurityUtil (OzoneSecurityUtil.java:getValidInetsForCurrentHost(116)) - Adding ip:10.1.0.38,host:fv-az335-872.st3fsr2bvbpu5iwsufzt3hrohh.gx.internal.cloudapp.net
2023-05-18 01:36:52,244 [dn-CertificateLifetimeMonitor] INFO  ozone.OzoneSecurityUtil (OzoneSecurityUtil.java:getValidInetsForCurrentHost(119)) - ip:0:0:0:0:0:0:0:1%lo not returned.
2023-05-18 01:36:52,244 [dn-CertificateLifetimeMonitor] INFO  ozone.OzoneSecurityUtil (OzoneSecurityUtil.java:getValidInetsForCurrentHost(119)) - ip:127.0.0.1 not returned.
2023-05-18 01:36:52,244 [dn-CertificateLifetimeMonitor] INFO  client.DNCertificateClient (DNCertificateClient.java:getCSRBuilder(86)) - Created csr for DN-> subject:runner@fv-az335-872.st3fsr2bvbpu5iwsufzt3hrohh.gx.internal.cloudapp.net
2023-05-18 01:36:52,247 [dn-CertificateLifetimeMonitor] ERROR client.DNCertificateClient (DNCertificateClient.java:signAndStoreCertificate(131)) - Error while signing and storing SCM signed certificate.
org.apache.hadoop.hdds.security.x509.exception.CertificateException: Unable to retrieve datanode certificate chain.
	at org.apache.hadoop.hdds.security.x509.certificate.client.DNCertificateClient.signAndStoreCertificate(DNCertificateClient.java:127)
	at org.apache.hadoop.hdds.security.x509.certificate.client.DefaultCertificateClient.renewAndStoreKeyAndCertificate(DefaultCertificateClient.java:1008)
	at org.apache.hadoop.hdds.security.x509.certificate.client.DefaultCertificateClient$CertificateLifetimeMonitor.run(DefaultCertificateClient.java:1258)
	at java.util.concurrent.Executors$RunnableAdapter.call(Executors.java:511)
	at java.util.concurrent.FutureTask.runAndReset(FutureTask.java:308)
	at java.util.concurrent.ScheduledThreadPoolExecutor$ScheduledFutureTask.access$301(ScheduledThreadPoolExecutor.java:180)
	at java.util.concurrent.ScheduledThreadPoolExecutor$ScheduledFutureTask.run(ScheduledThreadPoolExecutor.java:294)
	at java.util.concurrent.ThreadPoolExecutor.runWorker(ThreadPoolExecutor.java:1149)
	at java.util.concurrent.ThreadPoolExecutor$Worker.run(ThreadPoolExecutor.java:624)
	at java.lang.Thread.run(Thread.java:750)
2023-05-18 01:36:52,247 [dn-CertificateLifetimeMonitor] ERROR client.DNCertificateClient (DefaultCertificateClient.java:run(1268)) - Failed to renew and store key and cert. Keep using existing certificates.
org.apache.hadoop.hdds.security.x509.exception.CertificateException: Error while signing and storing new certificates.
	at org.apache.hadoop.hdds.security.x509.certificate.client.DefaultCertificateClient.renewAndStoreKeyAndCertificate(DefaultCertificateClient.java:1011)
	at org.apache.hadoop.hdds.security.x509.certificate.client.DefaultCertificateClient$CertificateLifetimeMonitor.run(DefaultCertificateClient.java:1258)
	at java.util.concurrent.Executors$RunnableAdapter.call(Executors.java:511)
	at java.util.concurrent.FutureTask.runAndReset(FutureTask.java:308)
	at java.util.concurrent.ScheduledThreadPoolExecutor$ScheduledFutureTask.access$301(ScheduledThreadPoolExecutor.java:180)
	at java.util.concurrent.ScheduledThreadPoolExecutor$ScheduledFutureTask.run(ScheduledThreadPoolExecutor.java:294)
	at java.util.concurrent.ThreadPoolExecutor.runWorker(ThreadPoolExecutor.java:1149)
	at java.util.concurrent.ThreadPoolExecutor$Worker.run(ThreadPoolExecutor.java:624)
	at java.lang.Thread.run(Thread.java:750)
Caused by: org.apache.hadoop.hdds.security.x509.exception.CertificateException: Error while signing and storing SCM signed certificate.
	at org.apache.hadoop.hdds.security.x509.certificate.client.DNCertificateClient.signAndStoreCertificate(DNCertificateClient.java:132)
	at org.apache.hadoop.hdds.security.x509.certificate.client.DefaultCertificateClient.renewAndStoreKeyAndCertificate(DefaultCertificateClient.java:1008)
	... 8 more
Caused by: org.apache.hadoop.hdds.security.x509.exception.CertificateException: Unable to retrieve datanode certificate chain.
	at org.apache.hadoop.hdds.security.x509.certificate.client.DNCertificateClient.signAndStoreCertificate(DNCertificateClient.java:127)
	... 9 more
2023-05-18 01:36:53,599 [dn-CertificateLifetimeMonitor] INFO  client.DNCertificateClient (DefaultCertificateClient.java:run(1255)) - Current certificate has entered the expiry grace period PT0S. Starting renew key and certs.
2023-05-18 01:36:53,767 [dn-CertificateLifetimeMonitor] INFO  ozone.OzoneSecurityUtil (OzoneSecurityUtil.java:getValidInetsForCurrentHost(119)) - ip:fe80:0:0:0:222:48ff:fe46:ad37%eth0 not returned.
2023-05-18 01:36:53,767 [dn-CertificateLifetimeMonitor] INFO  ozone.OzoneSecurityUtil (OzoneSecurityUtil.java:getValidInetsForCurrentHost(116)) - Adding ip:10.1.0.38,host:fv-az335-872.st3fsr2bvbpu5iwsufzt3hrohh.gx.internal.cloudapp.net
2023-05-18 01:36:53,767 [dn-CertificateLifetimeMonitor] INFO  ozone.OzoneSecurityUtil (OzoneSecurityUtil.java:getValidInetsForCurrentHost(119)) - ip:0:0:0:0:0:0:0:1%lo not returned.
2023-05-18 01:36:53,767 [dn-CertificateLifetimeMonitor] INFO  ozone.OzoneSecurityUtil (OzoneSecurityUtil.java:getValidInetsForCurrentHost(119)) - ip:127.0.0.1 not returned.
2023-05-18 01:36:53,767 [dn-CertificateLifetimeMonitor] INFO  client.DNCertificateClient (DNCertificateClient.java:getCSRBuilder(86)) - Created csr for DN-> subject:runner@fv-az335-872.st3fsr2bvbpu5iwsufzt3hrohh.gx.internal.cloudapp.net
2023-05-18 01:36:53,770 [dn-CertificateLifetimeMonitor] ERROR client.DNCertificateClient (DNCertificateClient.java:signAndStoreCertificate(131)) - Error while signing and storing SCM signed certificate.
org.apache.hadoop.hdds.security.x509.exception.CertificateException: Unable to retrieve datanode certificate chain.
	at org.apache.hadoop.hdds.security.x509.certificate.client.DNCertificateClient.signAndStoreCertificate(DNCertificateClient.java:127)
	at org.apache.hadoop.hdds.security.x509.certificate.client.DefaultCertificateClient.renewAndStoreKeyAndCertificate(DefaultCertificateClient.java:1008)
	at org.apache.hadoop.hdds.security.x509.certificate.client.DefaultCertificateClient$CertificateLifetimeMonitor.run(DefaultCertificateClient.java:1258)
	at java.util.concurrent.Executors$RunnableAdapter.call(Executors.java:511)
	at java.util.concurrent.FutureTask.runAndReset(FutureTask.java:308)
	at java.util.concurrent.ScheduledThreadPoolExecutor$ScheduledFutureTask.access$301(ScheduledThreadPoolExecutor.java:180)
	at java.util.concurrent.ScheduledThreadPoolExecutor$ScheduledFutureTask.run(ScheduledThreadPoolExecutor.java:294)
	at java.util.concurrent.ThreadPoolExecutor.runWorker(ThreadPoolExecutor.java:1149)
	at java.util.concurrent.ThreadPoolExecutor$Worker.run(ThreadPoolExecutor.java:624)
	at java.lang.Thread.run(Thread.java:750)
2023-05-18 01:36:53,770 [dn-CertificateLifetimeMonitor] ERROR client.DNCertificateClient (DefaultCertificateClient.java:run(1268)) - Failed to renew and store key and cert. Keep using existing certificates.
org.apache.hadoop.hdds.security.x509.exception.CertificateException: Error while signing and storing new certificates.
	at org.apache.hadoop.hdds.security.x509.certificate.client.DefaultCertificateClient.renewAndStoreKeyAndCertificate(DefaultCertificateClient.java:1011)
	at org.apache.hadoop.hdds.security.x509.certificate.client.DefaultCertificateClient$CertificateLifetimeMonitor.run(DefaultCertificateClient.java:1258)
	at java.util.concurrent.Executors$RunnableAdapter.call(Executors.java:511)
	at java.util.concurrent.FutureTask.runAndReset(FutureTask.java:308)
	at java.util.concurrent.ScheduledThreadPoolExecutor$ScheduledFutureTask.access$301(ScheduledThreadPoolExecutor.java:180)
	at java.util.concurrent.ScheduledThreadPoolExecutor$ScheduledFutureTask.run(ScheduledThreadPoolExecutor.java:294)
	at java.util.concurrent.ThreadPoolExecutor.runWorker(ThreadPoolExecutor.java:1149)
	at java.util.concurrent.ThreadPoolExecutor$Worker.run(ThreadPoolExecutor.java:624)
	at java.lang.Thread.run(Thread.java:750)
Caused by: org.apache.hadoop.hdds.security.x509.exception.CertificateException: Error while signing and storing SCM signed certificate.
	at org.apache.hadoop.hdds.security.x509.certificate.client.DNCertificateClient.signAndStoreCertificate(DNCertificateClient.java:132)
	at org.apache.hadoop.hdds.security.x509.certificate.client.DefaultCertificateClient.renewAndStoreKeyAndCertificate(DefaultCertificateClient.java:1008)
	... 8 more
Caused by: org.apache.hadoop.hdds.security.x509.exception.CertificateException: Unable to retrieve datanode certificate chain.
	at org.apache.hadoop.hdds.security.x509.certificate.client.DNCertificateClient.signAndStoreCertificate(DNCertificateClient.java:127)
	... 9 more
2023-05-18 01:36:53,771 [dn-CertificateLifetimeMonitor] INFO  client.DNCertificateClient (DefaultCertificateClient.java:run(1255)) - Current certificate has entered the expiry grace period PT0S. Starting renew key and certs.
2023-05-18 01:36:54,176 [dn-CertificateLifetimeMonitor] INFO  ozone.OzoneSecurityUtil (OzoneSecurityUtil.java:getValidInetsForCurrentHost(119)) - ip:fe80:0:0:0:222:48ff:fe46:ad37%eth0 not returned.
2023-05-18 01:36:54,176 [dn-CertificateLifetimeMonitor] INFO  ozone.OzoneSecurityUtil (OzoneSecurityUtil.java:getValidInetsForCurrentHost(116)) - Adding ip:10.1.0.38,host:fv-az335-872.st3fsr2bvbpu5iwsufzt3hrohh.gx.internal.cloudapp.net
2023-05-18 01:36:54,176 [dn-CertificateLifetimeMonitor] INFO  ozone.OzoneSecurityUtil (OzoneSecurityUtil.java:getValidInetsForCurrentHost(119)) - ip:0:0:0:0:0:0:0:1%lo not returned.
2023-05-18 01:36:54,176 [dn-CertificateLifetimeMonitor] INFO  ozone.OzoneSecurityUtil (OzoneSecurityUtil.java:getValidInetsForCurrentHost(119)) - ip:127.0.0.1 not returned.
2023-05-18 01:36:54,176 [dn-CertificateLifetimeMonitor] INFO  client.DNCertificateClient (DNCertificateClient.java:getCSRBuilder(86)) - Created csr for DN-> subject:runner@fv-az335-872.st3fsr2bvbpu5iwsufzt3hrohh.gx.internal.cloudapp.net
2023-05-18 01:36:54,179 [dn-CertificateLifetimeMonitor] ERROR client.DNCertificateClient (DNCertificateClient.java:signAndStoreCertificate(131)) - Error while signing and storing SCM signed certificate.
org.apache.hadoop.hdds.security.x509.exception.CertificateException: Unable to retrieve datanode certificate chain.
	at org.apache.hadoop.hdds.security.x509.certificate.client.DNCertificateClient.signAndStoreCertificate(DNCertificateClient.java:127)
	at org.apache.hadoop.hdds.security.x509.certificate.client.DefaultCertificateClient.renewAndStoreKeyAndCertificate(DefaultCertificateClient.java:1008)
	at org.apache.hadoop.hdds.security.x509.certificate.client.DefaultCertificateClient$CertificateLifetimeMonitor.run(DefaultCertificateClient.java:1258)
	at java.util.concurrent.Executors$RunnableAdapter.call(Executors.java:511)
	at java.util.concurrent.FutureTask.runAndReset(FutureTask.java:308)
	at java.util.concurrent.ScheduledThreadPoolExecutor$ScheduledFutureTask.access$301(ScheduledThreadPoolExecutor.java:180)
	at java.util.concurrent.ScheduledThreadPoolExecutor$ScheduledFutureTask.run(ScheduledThreadPoolExecutor.java:294)
	at java.util.concurrent.ThreadPoolExecutor.runWorker(ThreadPoolExecutor.java:1149)
	at java.util.concurrent.ThreadPoolExecutor$Worker.run(ThreadPoolExecutor.java:624)
	at java.lang.Thread.run(Thread.java:750)
2023-05-18 01:36:54,180 [dn-CertificateLifetimeMonitor] ERROR client.DNCertificateClient (DefaultCertificateClient.java:run(1268)) - Failed to renew and store key and cert. Keep using existing certificates.
org.apache.hadoop.hdds.security.x509.exception.CertificateException: Error while signing and storing new certificates.
	at org.apache.hadoop.hdds.security.x509.certificate.client.DefaultCertificateClient.renewAndStoreKeyAndCertificate(DefaultCertificateClient.java:1011)
	at org.apache.hadoop.hdds.security.x509.certificate.client.DefaultCertificateClient$CertificateLifetimeMonitor.run(DefaultCertificateClient.java:1258)
	at java.util.concurrent.Executors$RunnableAdapter.call(Executors.java:511)
	at java.util.concurrent.FutureTask.runAndReset(FutureTask.java:308)
	at java.util.concurrent.ScheduledThreadPoolExecutor$ScheduledFutureTask.access$301(ScheduledThreadPoolExecutor.java:180)
	at java.util.concurrent.ScheduledThreadPoolExecutor$ScheduledFutureTask.run(ScheduledThreadPoolExecutor.java:294)
	at java.util.concurrent.ThreadPoolExecutor.runWorker(ThreadPoolExecutor.java:1149)
	at java.util.concurrent.ThreadPoolExecutor$Worker.run(ThreadPoolExecutor.java:624)
	at java.lang.Thread.run(Thread.java:750)
Caused by: org.apache.hadoop.hdds.security.x509.exception.CertificateException: Error while signing and storing SCM signed certificate.
	at org.apache.hadoop.hdds.security.x509.certificate.client.DNCertificateClient.signAndStoreCertificate(DNCertificateClient.java:132)
	at org.apache.hadoop.hdds.security.x509.certificate.client.DefaultCertificateClient.renewAndStoreKeyAndCertificate(DefaultCertificateClient.java:1008)
	... 8 more
Caused by: org.apache.hadoop.hdds.security.x509.exception.CertificateException: Unable to retrieve datanode certificate chain.
	at org.apache.hadoop.hdds.security.x509.certificate.client.DNCertificateClient.signAndStoreCertificate(DNCertificateClient.java:127)
	... 9 more
2023-05-18 01:36:55,265 [dn-CertificateLifetimeMonitor] INFO  client.DNCertificateClient (DefaultCertificateClient.java:run(1255)) - Current certificate has entered the expiry grace period PT0S. Starting renew key and certs.
2023-05-18 01:36:55,297 [main] INFO  utils.SelfSignedCertificate (SelfSignedCertificate.java:generateCertificate(153)) - Certificate 663158 is issued by CN=localhost,OU=test,O=cluster to CN=localhost,OU=test,O=cluster, valid from Thu May 18 01:36:55 UTC 2023 to Thu May 18 01:37:10 UTC 2023
2023-05-18 01:36:55,304 [dn-CertificateLifetimeMonitor] INFO  ozone.OzoneSecurityUtil (OzoneSecurityUtil.java:getValidInetsForCurrentHost(119)) - ip:fe80:0:0:0:222:48ff:fe46:ad37%eth0 not returned.
2023-05-18 01:36:55,304 [dn-CertificateLifetimeMonitor] INFO  ozone.OzoneSecurityUtil (OzoneSecurityUtil.java:getValidInetsForCurrentHost(116)) - Adding ip:10.1.0.38,host:fv-az335-872.st3fsr2bvbpu5iwsufzt3hrohh.gx.internal.cloudapp.net
2023-05-18 01:36:55,304 [dn-CertificateLifetimeMonitor] INFO  ozone.OzoneSecurityUtil (OzoneSecurityUtil.java:getValidInetsForCurrentHost(119)) - ip:0:0:0:0:0:0:0:1%lo not returned.
2023-05-18 01:36:55,304 [dn-CertificateLifetimeMonitor] INFO  ozone.OzoneSecurityUtil (OzoneSecurityUtil.java:getValidInetsForCurrentHost(119)) - ip:127.0.0.1 not returned.
2023-05-18 01:36:55,305 [dn-CertificateLifetimeMonitor] INFO  client.DNCertificateClient (DNCertificateClient.java:getCSRBuilder(86)) - Created csr for DN-> subject:runner@fv-az335-872.st3fsr2bvbpu5iwsufzt3hrohh.gx.internal.cloudapp.net
2023-05-18 01:36:55,307 [dn-CertificateLifetimeMonitor] ERROR client.DNCertificateClient (DNCertificateClient.java:signAndStoreCertificate(131)) - Error while signing and storing SCM signed certificate.
org.apache.hadoop.hdds.security.x509.exception.CertificateException: Unable to retrieve datanode certificate chain.
	at org.apache.hadoop.hdds.security.x509.certificate.client.DNCertificateClient.signAndStoreCertificate(DNCertificateClient.java:127)
	at org.apache.hadoop.hdds.security.x509.certificate.client.DefaultCertificateClient.renewAndStoreKeyAndCertificate(DefaultCertificateClient.java:1008)
	at org.apache.hadoop.hdds.security.x509.certificate.client.DefaultCertificateClient$CertificateLifetimeMonitor.run(DefaultCertificateClient.java:1258)
	at java.util.concurrent.Executors$RunnableAdapter.call(Executors.java:511)
	at java.util.concurrent.FutureTask.runAndReset(FutureTask.java:308)
	at java.util.concurrent.ScheduledThreadPoolExecutor$ScheduledFutureTask.access$301(ScheduledThreadPoolExecutor.java:180)
	at java.util.concurrent.ScheduledThreadPoolExecutor$ScheduledFutureTask.run(ScheduledThreadPoolExecutor.java:294)
	at java.util.concurrent.ThreadPoolExecutor.runWorker(ThreadPoolExecutor.java:1149)
	at java.util.concurrent.ThreadPoolExecutor$Worker.run(ThreadPoolExecutor.java:624)
	at java.lang.Thread.run(Thread.java:750)
2023-05-18 01:36:55,307 [dn-CertificateLifetimeMonitor] ERROR client.DNCertificateClient (DefaultCertificateClient.java:run(1268)) - Failed to renew and store key and cert. Keep using existing certificates.
org.apache.hadoop.hdds.security.x509.exception.CertificateException: Error while signing and storing new certificates.
	at org.apache.hadoop.hdds.security.x509.certificate.client.DefaultCertificateClient.renewAndStoreKeyAndCertificate(DefaultCertificateClient.java:1011)
	at org.apache.hadoop.hdds.security.x509.certificate.client.DefaultCertificateClient$CertificateLifetimeMonitor.run(DefaultCertificateClient.java:1258)
	at java.util.concurrent.Executors$RunnableAdapter.call(Executors.java:511)
	at java.util.concurrent.FutureTask.runAndReset(FutureTask.java:308)
	at java.util.concurrent.ScheduledThreadPoolExecutor$ScheduledFutureTask.access$301(ScheduledThreadPoolExecutor.java:180)
	at java.util.concurrent.ScheduledThreadPoolExecutor$ScheduledFutureTask.run(ScheduledThreadPoolExecutor.java:294)
	at java.util.concurrent.ThreadPoolExecutor.runWorker(ThreadPoolExecutor.java:1149)
	at java.util.concurrent.ThreadPoolExecutor$Worker.run(ThreadPoolExecutor.java:624)
	at java.lang.Thread.run(Thread.java:750)
Caused by: org.apache.hadoop.hdds.security.x509.exception.CertificateException: Error while signing and storing SCM signed certificate.
	at org.apache.hadoop.hdds.security.x509.certificate.client.DNCertificateClient.signAndStoreCertificate(DNCertificateClient.java:132)
	at org.apache.hadoop.hdds.security.x509.certificate.client.DefaultCertificateClient.renewAndStoreKeyAndCertificate(DefaultCertificateClient.java:1008)
	... 8 more
Caused by: org.apache.hadoop.hdds.security.x509.exception.CertificateException: Unable to retrieve datanode certificate chain.
	at org.apache.hadoop.hdds.security.x509.certificate.client.DNCertificateClient.signAndStoreCertificate(DNCertificateClient.java:127)
	... 9 more
2023-05-18 01:36:55,308 [dn-CertificateLifetimeMonitor] INFO  client.DNCertificateClient (DefaultCertificateClient.java:run(1255)) - Current certificate has entered the expiry grace period PT0S. Starting renew key and certs.
2023-05-18 01:36:55,505 [dn-CertificateLifetimeMonitor] INFO  ozone.OzoneSecurityUtil (OzoneSecurityUtil.java:getValidInetsForCurrentHost(119)) - ip:fe80:0:0:0:222:48ff:fe46:ad37%eth0 not returned.
2023-05-18 01:36:55,505 [dn-CertificateLifetimeMonitor] INFO  ozone.OzoneSecurityUtil (OzoneSecurityUtil.java:getValidInetsForCurrentHost(116)) - Adding ip:10.1.0.38,host:fv-az335-872.st3fsr2bvbpu5iwsufzt3hrohh.gx.internal.cloudapp.net
2023-05-18 01:36:55,505 [dn-CertificateLifetimeMonitor] INFO  ozone.OzoneSecurityUtil (OzoneSecurityUtil.java:getValidInetsForCurrentHost(119)) - ip:0:0:0:0:0:0:0:1%lo not returned.
2023-05-18 01:36:55,505 [dn-CertificateLifetimeMonitor] INFO  ozone.OzoneSecurityUtil (OzoneSecurityUtil.java:getValidInetsForCurrentHost(119)) - ip:127.0.0.1 not returned.
2023-05-18 01:36:55,505 [dn-CertificateLifetimeMonitor] INFO  client.DNCertificateClient (DNCertificateClient.java:getCSRBuilder(86)) - Created csr for DN-> subject:runner@fv-az335-872.st3fsr2bvbpu5iwsufzt3hrohh.gx.internal.cloudapp.net
2023-05-18 01:36:55,509 [dn-CertificateLifetimeMonitor] ERROR client.DNCertificateClient (DNCertificateClient.java:signAndStoreCertificate(131)) - Error while signing and storing SCM signed certificate.
org.apache.hadoop.hdds.security.x509.exception.CertificateException: Unable to retrieve datanode certificate chain.
	at org.apache.hadoop.hdds.security.x509.certificate.client.DNCertificateClient.signAndStoreCertificate(DNCertificateClient.java:127)
	at org.apache.hadoop.hdds.security.x509.certificate.client.DefaultCertificateClient.renewAndStoreKeyAndCertificate(DefaultCertificateClient.java:1008)
	at org.apache.hadoop.hdds.security.x509.certificate.client.DefaultCertificateClient$CertificateLifetimeMonitor.run(DefaultCertificateClient.java:1258)
	at java.util.concurrent.Executors$RunnableAdapter.call(Executors.java:511)
	at java.util.concurrent.FutureTask.runAndReset(FutureTask.java:308)
	at java.util.concurrent.ScheduledThreadPoolExecutor$ScheduledFutureTask.access$301(ScheduledThreadPoolExecutor.java:180)
	at java.util.concurrent.ScheduledThreadPoolExecutor$ScheduledFutureTask.run(ScheduledThreadPoolExecutor.java:294)
	at java.util.concurrent.ThreadPoolExecutor.runWorker(ThreadPoolExecutor.java:1149)
	at java.util.concurrent.ThreadPoolExecutor$Worker.run(ThreadPoolExecutor.java:624)
	at java.lang.Thread.run(Thread.java:750)
2023-05-18 01:36:55,509 [dn-CertificateLifetimeMonitor] ERROR client.DNCertificateClient (DefaultCertificateClient.java:run(1268)) - Failed to renew and store key and cert. Keep using existing certificates.
org.apache.hadoop.hdds.security.x509.exception.CertificateException: Error while signing and storing new certificates.
	at org.apache.hadoop.hdds.security.x509.certificate.client.DefaultCertificateClient.renewAndStoreKeyAndCertificate(DefaultCertificateClient.java:1011)
	at org.apache.hadoop.hdds.security.x509.certificate.client.DefaultCertificateClient$CertificateLifetimeMonitor.run(DefaultCertificateClient.java:1258)
	at java.util.concurrent.Executors$RunnableAdapter.call(Executors.java:511)
	at java.util.concurrent.FutureTask.runAndReset(FutureTask.java:308)
	at java.util.concurrent.ScheduledThreadPoolExecutor$ScheduledFutureTask.access$301(ScheduledThreadPoolExecutor.java:180)
	at java.util.concurrent.ScheduledThreadPoolExecutor$ScheduledFutureTask.run(ScheduledThreadPoolExecutor.java:294)
	at java.util.concurrent.ThreadPoolExecutor.runWorker(ThreadPoolExecutor.java:1149)
	at java.util.concurrent.ThreadPoolExecutor$Worker.run(ThreadPoolExecutor.java:624)
	at java.lang.Thread.run(Thread.java:750)
Caused by: org.apache.hadoop.hdds.security.x509.exception.CertificateException: Error while signing and storing SCM signed certificate.
	at org.apache.hadoop.hdds.security.x509.certificate.client.DNCertificateClient.signAndStoreCertificate(DNCertificateClient.java:132)
	at org.apache.hadoop.hdds.security.x509.certificate.client.DefaultCertificateClient.renewAndStoreKeyAndCertificate(DefaultCertificateClient.java:1008)
	... 8 more
Caused by: org.apache.hadoop.hdds.security.x509.exception.CertificateException: Unable to retrieve datanode certificate chain.
	at org.apache.hadoop.hdds.security.x509.certificate.client.DNCertificateClient.signAndStoreCertificate(DNCertificateClient.java:127)
	... 9 more
2023-05-18 01:36:56,931 [dn-CertificateLifetimeMonitor] INFO  client.DNCertificateClient (DefaultCertificateClient.java:run(1255)) - Current certificate has entered the expiry grace period PT0S. Starting renew key and certs.
2023-05-18 01:36:57,128 [dn-CertificateLifetimeMonitor] INFO  ozone.OzoneSecurityUtil (OzoneSecurityUtil.java:getValidInetsForCurrentHost(119)) - ip:fe80:0:0:0:222:48ff:fe46:ad37%eth0 not returned.
2023-05-18 01:36:57,129 [dn-CertificateLifetimeMonitor] INFO  ozone.OzoneSecurityUtil (OzoneSecurityUtil.java:getValidInetsForCurrentHost(116)) - Adding ip:10.1.0.38,host:fv-az335-872.st3fsr2bvbpu5iwsufzt3hrohh.gx.internal.cloudapp.net
2023-05-18 01:36:57,129 [dn-CertificateLifetimeMonitor] INFO  ozone.OzoneSecurityUtil (OzoneSecurityUtil.java:getValidInetsForCurrentHost(119)) - ip:0:0:0:0:0:0:0:1%lo not returned.
2023-05-18 01:36:57,129 [dn-CertificateLifetimeMonitor] INFO  ozone.OzoneSecurityUtil (OzoneSecurityUtil.java:getValidInetsForCurrentHost(119)) - ip:127.0.0.1 not returned.
2023-05-18 01:36:57,129 [dn-CertificateLifetimeMonitor] INFO  client.DNCertificateClient (DNCertificateClient.java:getCSRBuilder(86)) - Created csr for DN-> subject:runner@fv-az335-872.st3fsr2bvbpu5iwsufzt3hrohh.gx.internal.cloudapp.net
2023-05-18 01:36:57,132 [dn-CertificateLifetimeMonitor] ERROR client.DNCertificateClient (DNCertificateClient.java:signAndStoreCertificate(131)) - Error while signing and storing SCM signed certificate.
org.apache.hadoop.hdds.security.x509.exception.CertificateException: Unable to retrieve datanode certificate chain.
	at org.apache.hadoop.hdds.security.x509.certificate.client.DNCertificateClient.signAndStoreCertificate(DNCertificateClient.java:127)
	at org.apache.hadoop.hdds.security.x509.certificate.client.DefaultCertificateClient.renewAndStoreKeyAndCertificate(DefaultCertificateClient.java:1008)
	at org.apache.hadoop.hdds.security.x509.certificate.client.DefaultCertificateClient$CertificateLifetimeMonitor.run(DefaultCertificateClient.java:1258)
	at java.util.concurrent.Executors$RunnableAdapter.call(Executors.java:511)
	at java.util.concurrent.FutureTask.runAndReset(FutureTask.java:308)
	at java.util.concurrent.ScheduledThreadPoolExecutor$ScheduledFutureTask.access$301(ScheduledThreadPoolExecutor.java:180)
	at java.util.concurrent.ScheduledThreadPoolExecutor$ScheduledFutureTask.run(ScheduledThreadPoolExecutor.java:294)
	at java.util.concurrent.ThreadPoolExecutor.runWorker(ThreadPoolExecutor.java:1149)
	at java.util.concurrent.ThreadPoolExecutor$Worker.run(ThreadPoolExecutor.java:624)
	at java.lang.Thread.run(Thread.java:750)
2023-05-18 01:36:57,132 [dn-CertificateLifetimeMonitor] ERROR client.DNCertificateClient (DefaultCertificateClient.java:run(1268)) - Failed to renew and store key and cert. Keep using existing certificates.
org.apache.hadoop.hdds.security.x509.exception.CertificateException: Error while signing and storing new certificates.
	at org.apache.hadoop.hdds.security.x509.certificate.client.DefaultCertificateClient.renewAndStoreKeyAndCertificate(DefaultCertificateClient.java:1011)
	at org.apache.hadoop.hdds.security.x509.certificate.client.DefaultCertificateClient$CertificateLifetimeMonitor.run(DefaultCertificateClient.java:1258)
	at java.util.concurrent.Executors$RunnableAdapter.call(Executors.java:511)
	at java.util.concurrent.FutureTask.runAndReset(FutureTask.java:308)
	at java.util.concurrent.ScheduledThreadPoolExecutor$ScheduledFutureTask.access$301(ScheduledThreadPoolExecutor.java:180)
	at java.util.concurrent.ScheduledThreadPoolExecutor$ScheduledFutureTask.run(ScheduledThreadPoolExecutor.java:294)
	at java.util.concurrent.ThreadPoolExecutor.runWorker(ThreadPoolExecutor.java:1149)
	at java.util.concurrent.ThreadPoolExecutor$Worker.run(ThreadPoolExecutor.java:624)
	at java.lang.Thread.run(Thread.java:750)
Caused by: org.apache.hadoop.hdds.security.x509.exception.CertificateException: Error while signing and storing SCM signed certificate.
	at org.apache.hadoop.hdds.security.x509.certificate.client.DNCertificateClient.signAndStoreCertificate(DNCertificateClient.java:132)
	at org.apache.hadoop.hdds.security.x509.certificate.client.DefaultCertificateClient.renewAndStoreKeyAndCertificate(DefaultCertificateClient.java:1008)
	... 8 more
Caused by: org.apache.hadoop.hdds.security.x509.exception.CertificateException: Unable to retrieve datanode certificate chain.
	at org.apache.hadoop.hdds.security.x509.certificate.client.DNCertificateClient.signAndStoreCertificate(DNCertificateClient.java:127)
	... 9 more
2023-05-18 01:36:57,132 [dn-CertificateLifetimeMonitor] INFO  client.DNCertificateClient (DefaultCertificateClient.java:run(1255)) - Current certificate has entered the expiry grace period PT0S. Starting renew key and certs.
2023-05-18 01:36:57,227 [dn-CertificateLifetimeMonitor] INFO  ozone.OzoneSecurityUtil (OzoneSecurityUtil.java:getValidInetsForCurrentHost(119)) - ip:fe80:0:0:0:222:48ff:fe46:ad37%eth0 not returned.
2023-05-18 01:36:57,227 [dn-CertificateLifetimeMonitor] INFO  ozone.OzoneSecurityUtil (OzoneSecurityUtil.java:getValidInetsForCurrentHost(116)) - Adding ip:10.1.0.38,host:fv-az335-872.st3fsr2bvbpu5iwsufzt3hrohh.gx.internal.cloudapp.net
2023-05-18 01:36:57,227 [dn-CertificateLifetimeMonitor] INFO  ozone.OzoneSecurityUtil (OzoneSecurityUtil.java:getValidInetsForCurrentHost(119)) - ip:0:0:0:0:0:0:0:1%lo not returned.
2023-05-18 01:36:57,227 [dn-CertificateLifetimeMonitor] INFO  ozone.OzoneSecurityUtil (OzoneSecurityUtil.java:getValidInetsForCurrentHost(119)) - ip:127.0.0.1 not returned.
2023-05-18 01:36:57,227 [dn-CertificateLifetimeMonitor] INFO  client.DNCertificateClient (DNCertificateClient.java:getCSRBuilder(86)) - Created csr for DN-> subject:runner@fv-az335-872.st3fsr2bvbpu5iwsufzt3hrohh.gx.internal.cloudapp.net
2023-05-18 01:36:57,230 [dn-CertificateLifetimeMonitor] ERROR client.DNCertificateClient (DNCertificateClient.java:signAndStoreCertificate(131)) - Error while signing and storing SCM signed certificate.
org.apache.hadoop.hdds.security.x509.exception.CertificateException: Unable to retrieve datanode certificate chain.
	at org.apache.hadoop.hdds.security.x509.certificate.client.DNCertificateClient.signAndStoreCertificate(DNCertificateClient.java:127)
	at org.apache.hadoop.hdds.security.x509.certificate.client.DefaultCertificateClient.renewAndStoreKeyAndCertificate(DefaultCertificateClient.java:1008)
	at org.apache.hadoop.hdds.security.x509.certificate.client.DefaultCertificateClient$CertificateLifetimeMonitor.run(DefaultCertificateClient.java:1258)
	at java.util.concurrent.Executors$RunnableAdapter.call(Executors.java:511)
	at java.util.concurrent.FutureTask.runAndReset(FutureTask.java:308)
	at java.util.concurrent.ScheduledThreadPoolExecutor$ScheduledFutureTask.access$301(ScheduledThreadPoolExecutor.java:180)
	at java.util.concurrent.ScheduledThreadPoolExecutor$ScheduledFutureTask.run(ScheduledThreadPoolExecutor.java:294)
	at java.util.concurrent.ThreadPoolExecutor.runWorker(ThreadPoolExecutor.java:1149)
	at java.util.concurrent.ThreadPoolExecutor$Worker.run(ThreadPoolExecutor.java:624)
	at java.lang.Thread.run(Thread.java:750)
2023-05-18 01:36:57,230 [dn-CertificateLifetimeMonitor] ERROR client.DNCertificateClient (DefaultCertificateClient.java:run(1268)) - Failed to renew and store key and cert. Keep using existing certificates.
org.apache.hadoop.hdds.security.x509.exception.CertificateException: Error while signing and storing new certificates.
	at org.apache.hadoop.hdds.security.x509.certificate.client.DefaultCertificateClient.renewAndStoreKeyAndCertificate(DefaultCertificateClient.java:1011)
	at org.apache.hadoop.hdds.security.x509.certificate.client.DefaultCertificateClient$CertificateLifetimeMonitor.run(DefaultCertificateClient.java:1258)
	at java.util.concurrent.Executors$RunnableAdapter.call(Executors.java:511)
	at java.util.concurrent.FutureTask.runAndReset(FutureTask.java:308)
	at java.util.concurrent.ScheduledThreadPoolExecutor$ScheduledFutureTask.access$301(ScheduledThreadPoolExecutor.java:180)
	at java.util.concurrent.ScheduledThreadPoolExecutor$ScheduledFutureTask.run(ScheduledThreadPoolExecutor.java:294)
	at java.util.concurrent.ThreadPoolExecutor.runWorker(ThreadPoolExecutor.java:1149)
	at java.util.concurrent.ThreadPoolExecutor$Worker.run(ThreadPoolExecutor.java:624)
	at java.lang.Thread.run(Thread.java:750)
Caused by: org.apache.hadoop.hdds.security.x509.exception.CertificateException: Error while signing and storing SCM signed certificate.
	at org.apache.hadoop.hdds.security.x509.certificate.client.DNCertificateClient.signAndStoreCertificate(DNCertificateClient.java:132)
	at org.apache.hadoop.hdds.security.x509.certificate.client.DefaultCertificateClient.renewAndStoreKeyAndCertificate(DefaultCertificateClient.java:1008)
	... 8 more
Caused by: org.apache.hadoop.hdds.security.x509.exception.CertificateException: Unable to retrieve datanode certificate chain.
	at org.apache.hadoop.hdds.security.x509.certificate.client.DNCertificateClient.signAndStoreCertificate(DNCertificateClient.java:127)
	... 9 more
2023-05-18 01:36:58,597 [dn-CertificateLifetimeMonitor] INFO  client.DNCertificateClient (DefaultCertificateClient.java:run(1255)) - Current certificate has entered the expiry grace period PT0S. Starting renew key and certs.
2023-05-18 01:36:58,676 [dn-CertificateLifetimeMonitor] INFO  ozone.OzoneSecurityUtil (OzoneSecurityUtil.java:getValidInetsForCurrentHost(119)) - ip:fe80:0:0:0:222:48ff:fe46:ad37%eth0 not returned.
2023-05-18 01:36:58,676 [dn-CertificateLifetimeMonitor] INFO  ozone.OzoneSecurityUtil (OzoneSecurityUtil.java:getValidInetsForCurrentHost(116)) - Adding ip:10.1.0.38,host:fv-az335-872.st3fsr2bvbpu5iwsufzt3hrohh.gx.internal.cloudapp.net
2023-05-18 01:36:58,676 [dn-CertificateLifetimeMonitor] INFO  ozone.OzoneSecurityUtil (OzoneSecurityUtil.java:getValidInetsForCurrentHost(119)) - ip:0:0:0:0:0:0:0:1%lo not returned.
2023-05-18 01:36:58,676 [dn-CertificateLifetimeMonitor] INFO  ozone.OzoneSecurityUtil (OzoneSecurityUtil.java:getValidInetsForCurrentHost(119)) - ip:127.0.0.1 not returned.
2023-05-18 01:36:58,676 [dn-CertificateLifetimeMonitor] INFO  client.DNCertificateClient (DNCertificateClient.java:getCSRBuilder(86)) - Created csr for DN-> subject:runner@fv-az335-872.st3fsr2bvbpu5iwsufzt3hrohh.gx.internal.cloudapp.net
2023-05-18 01:36:58,679 [dn-CertificateLifetimeMonitor] ERROR client.DNCertificateClient (DNCertificateClient.java:signAndStoreCertificate(131)) - Error while signing and storing SCM signed certificate.
org.apache.hadoop.hdds.security.x509.exception.CertificateException: Unable to retrieve datanode certificate chain.
	at org.apache.hadoop.hdds.security.x509.certificate.client.DNCertificateClient.signAndStoreCertificate(DNCertificateClient.java:127)
	at org.apache.hadoop.hdds.security.x509.certificate.client.DefaultCertificateClient.renewAndStoreKeyAndCertificate(DefaultCertificateClient.java:1008)
	at org.apache.hadoop.hdds.security.x509.certificate.client.DefaultCertificateClient$CertificateLifetimeMonitor.run(DefaultCertificateClient.java:1258)
	at java.util.concurrent.Executors$RunnableAdapter.call(Executors.java:511)
	at java.util.concurrent.FutureTask.runAndReset(FutureTask.java:308)
	at java.util.concurrent.ScheduledThreadPoolExecutor$ScheduledFutureTask.access$301(ScheduledThreadPoolExecutor.java:180)
	at java.util.concurrent.ScheduledThreadPoolExecutor$ScheduledFutureTask.run(ScheduledThreadPoolExecutor.java:294)
	at java.util.concurrent.ThreadPoolExecutor.runWorker(ThreadPoolExecutor.java:1149)
	at java.util.concurrent.ThreadPoolExecutor$Worker.run(ThreadPoolExecutor.java:624)
	at java.lang.Thread.run(Thread.java:750)
2023-05-18 01:36:58,679 [dn-CertificateLifetimeMonitor] ERROR client.DNCertificateClient (DefaultCertificateClient.java:run(1268)) - Failed to renew and store key and cert. Keep using existing certificates.
org.apache.hadoop.hdds.security.x509.exception.CertificateException: Error while signing and storing new certificates.
	at org.apache.hadoop.hdds.security.x509.certificate.client.DefaultCertificateClient.renewAndStoreKeyAndCertificate(DefaultCertificateClient.java:1011)
	at org.apache.hadoop.hdds.security.x509.certificate.client.DefaultCertificateClient$CertificateLifetimeMonitor.run(DefaultCertificateClient.java:1258)
	at java.util.concurrent.Executors$RunnableAdapter.call(Executors.java:511)
	at java.util.concurrent.FutureTask.runAndReset(FutureTask.java:308)
	at java.util.concurrent.ScheduledThreadPoolExecutor$ScheduledFutureTask.access$301(ScheduledThreadPoolExecutor.java:180)
	at java.util.concurrent.ScheduledThreadPoolExecutor$ScheduledFutureTask.run(ScheduledThreadPoolExecutor.java:294)
	at java.util.concurrent.ThreadPoolExecutor.runWorker(ThreadPoolExecutor.java:1149)
	at java.util.concurrent.ThreadPoolExecutor$Worker.run(ThreadPoolExecutor.java:624)
	at java.lang.Thread.run(Thread.java:750)
Caused by: org.apache.hadoop.hdds.security.x509.exception.CertificateException: Error while signing and storing SCM signed certificate.
	at org.apache.hadoop.hdds.security.x509.certificate.client.DNCertificateClient.signAndStoreCertificate(DNCertificateClient.java:132)
	at org.apache.hadoop.hdds.security.x509.certificate.client.DefaultCertificateClient.renewAndStoreKeyAndCertificate(DefaultCertificateClient.java:1008)
	... 8 more
Caused by: org.apache.hadoop.hdds.security.x509.exception.CertificateException: Unable to retrieve datanode certificate chain.
	at org.apache.hadoop.hdds.security.x509.certificate.client.DNCertificateClient.signAndStoreCertificate(DNCertificateClient.java:127)
	... 9 more
2023-05-18 01:36:58,680 [dn-CertificateLifetimeMonitor] INFO  client.DNCertificateClient (DefaultCertificateClient.java:run(1255)) - Current certificate has entered the expiry grace period PT0S. Starting renew key and certs.
2023-05-18 01:36:59,039 [dn-CertificateLifetimeMonitor] INFO  ozone.OzoneSecurityUtil (OzoneSecurityUtil.java:getValidInetsForCurrentHost(119)) - ip:fe80:0:0:0:222:48ff:fe46:ad37%eth0 not returned.
2023-05-18 01:36:59,039 [dn-CertificateLifetimeMonitor] INFO  ozone.OzoneSecurityUtil (OzoneSecurityUtil.java:getValidInetsForCurrentHost(116)) - Adding ip:10.1.0.38,host:fv-az335-872.st3fsr2bvbpu5iwsufzt3hrohh.gx.internal.cloudapp.net
2023-05-18 01:36:59,039 [dn-CertificateLifetimeMonitor] INFO  ozone.OzoneSecurityUtil (OzoneSecurityUtil.java:getValidInetsForCurrentHost(119)) - ip:0:0:0:0:0:0:0:1%lo not returned.
2023-05-18 01:36:59,039 [dn-CertificateLifetimeMonitor] INFO  ozone.OzoneSecurityUtil (OzoneSecurityUtil.java:getValidInetsForCurrentHost(119)) - ip:127.0.0.1 not returned.
2023-05-18 01:36:59,040 [dn-CertificateLifetimeMonitor] INFO  client.DNCertificateClient (DNCertificateClient.java:getCSRBuilder(86)) - Created csr for DN-> subject:runner@fv-az335-872.st3fsr2bvbpu5iwsufzt3hrohh.gx.internal.cloudapp.net
2023-05-18 01:36:59,046 [dn-CertificateLifetimeMonitor] ERROR client.DNCertificateClient (DNCertificateClient.java:signAndStoreCertificate(131)) - Error while signing and storing SCM signed certificate.
org.apache.hadoop.hdds.security.x509.exception.CertificateException: Unable to retrieve datanode certificate chain.
	at org.apache.hadoop.hdds.security.x509.certificate.client.DNCertificateClient.signAndStoreCertificate(DNCertificateClient.java:127)
	at org.apache.hadoop.hdds.security.x509.certificate.client.DefaultCertificateClient.renewAndStoreKeyAndCertificate(DefaultCertificateClient.java:1008)
	at org.apache.hadoop.hdds.security.x509.certificate.client.DefaultCertificateClient$CertificateLifetimeMonitor.run(DefaultCertificateClient.java:1258)
	at java.util.concurrent.Executors$RunnableAdapter.call(Executors.java:511)
	at java.util.concurrent.FutureTask.runAndReset(FutureTask.java:308)
	at java.util.concurrent.ScheduledThreadPoolExecutor$ScheduledFutureTask.access$301(ScheduledThreadPoolExecutor.java:180)
	at java.util.concurrent.ScheduledThreadPoolExecutor$ScheduledFutureTask.run(ScheduledThreadPoolExecutor.java:294)
	at java.util.concurrent.ThreadPoolExecutor.runWorker(ThreadPoolExecutor.java:1149)
	at java.util.concurrent.ThreadPoolExecutor$Worker.run(ThreadPoolExecutor.java:624)
	at java.lang.Thread.run(Thread.java:750)
2023-05-18 01:36:59,047 [dn-CertificateLifetimeMonitor] ERROR client.DNCertificateClient (DefaultCertificateClient.java:run(1268)) - Failed to renew and store key and cert. Keep using existing certificates.
org.apache.hadoop.hdds.security.x509.exception.CertificateException: Error while signing and storing new certificates.
	at org.apache.hadoop.hdds.security.x509.certificate.client.DefaultCertificateClient.renewAndStoreKeyAndCertificate(DefaultCertificateClient.java:1011)
	at org.apache.hadoop.hdds.security.x509.certificate.client.DefaultCertificateClient$CertificateLifetimeMonitor.run(DefaultCertificateClient.java:1258)
	at java.util.concurrent.Executors$RunnableAdapter.call(Executors.java:511)
	at java.util.concurrent.FutureTask.runAndReset(FutureTask.java:308)
	at java.util.concurrent.ScheduledThreadPoolExecutor$ScheduledFutureTask.access$301(ScheduledThreadPoolExecutor.java:180)
	at java.util.concurrent.ScheduledThreadPoolExecutor$ScheduledFutureTask.run(ScheduledThreadPoolExecutor.java:294)
	at java.util.concurrent.ThreadPoolExecutor.runWorker(ThreadPoolExecutor.java:1149)
	at java.util.concurrent.ThreadPoolExecutor$Worker.run(ThreadPoolExecutor.java:624)
	at java.lang.Thread.run(Thread.java:750)
Caused by: org.apache.hadoop.hdds.security.x509.exception.CertificateException: Error while signing and storing SCM signed certificate.
	at org.apache.hadoop.hdds.security.x509.certificate.client.DNCertificateClient.signAndStoreCertificate(DNCertificateClient.java:132)
	at org.apache.hadoop.hdds.security.x509.certificate.client.DefaultCertificateClient.renewAndStoreKeyAndCertificate(DefaultCertificateClient.java:1008)
	... 8 more
Caused by: org.apache.hadoop.hdds.security.x509.exception.CertificateException: Unable to retrieve datanode certificate chain.
	at org.apache.hadoop.hdds.security.x509.certificate.client.DNCertificateClient.signAndStoreCertificate(DNCertificateClient.java:127)
	... 9 more
2023-05-18 01:37:00,263 [dn-CertificateLifetimeMonitor] INFO  client.DNCertificateClient (DefaultCertificateClient.java:run(1255)) - Current certificate has entered the expiry grace period PT0S. Starting renew key and certs.
2023-05-18 01:37:00,479 [dn-CertificateLifetimeMonitor] INFO  ozone.OzoneSecurityUtil (OzoneSecurityUtil.java:getValidInetsForCurrentHost(119)) - ip:fe80:0:0:0:222:48ff:fe46:ad37%eth0 not returned.
2023-05-18 01:37:00,479 [dn-CertificateLifetimeMonitor] INFO  ozone.OzoneSecurityUtil (OzoneSecurityUtil.java:getValidInetsForCurrentHost(116)) - Adding ip:10.1.0.38,host:fv-az335-872.st3fsr2bvbpu5iwsufzt3hrohh.gx.internal.cloudapp.net
2023-05-18 01:37:00,479 [dn-CertificateLifetimeMonitor] INFO  ozone.OzoneSecurityUtil (OzoneSecurityUtil.java:getValidInetsForCurrentHost(119)) - ip:0:0:0:0:0:0:0:1%lo not returned.
2023-05-18 01:37:00,480 [dn-CertificateLifetimeMonitor] INFO  ozone.OzoneSecurityUtil (OzoneSecurityUtil.java:getValidInetsForCurrentHost(119)) - ip:127.0.0.1 not returned.
2023-05-18 01:37:00,483 [dn-CertificateLifetimeMonitor] INFO  client.DNCertificateClient (DNCertificateClient.java:getCSRBuilder(86)) - Created csr for DN-> subject:runner@fv-az335-872.st3fsr2bvbpu5iwsufzt3hrohh.gx.internal.cloudapp.net
2023-05-18 01:37:00,486 [dn-CertificateLifetimeMonitor] ERROR client.DNCertificateClient (DNCertificateClient.java:signAndStoreCertificate(131)) - Error while signing and storing SCM signed certificate.
org.apache.hadoop.hdds.security.x509.exception.CertificateException: Unable to retrieve datanode certificate chain.
	at org.apache.hadoop.hdds.security.x509.certificate.client.DNCertificateClient.signAndStoreCertificate(DNCertificateClient.java:127)
	at org.apache.hadoop.hdds.security.x509.certificate.client.DefaultCertificateClient.renewAndStoreKeyAndCertificate(DefaultCertificateClient.java:1008)
	at org.apache.hadoop.hdds.security.x509.certificate.client.DefaultCertificateClient$CertificateLifetimeMonitor.run(DefaultCertificateClient.java:1258)
	at java.util.concurrent.Executors$RunnableAdapter.call(Executors.java:511)
	at java.util.concurrent.FutureTask.runAndReset(FutureTask.java:308)
	at java.util.concurrent.ScheduledThreadPoolExecutor$ScheduledFutureTask.access$301(ScheduledThreadPoolExecutor.java:180)
	at java.util.concurrent.ScheduledThreadPoolExecutor$ScheduledFutureTask.run(ScheduledThreadPoolExecutor.java:294)
	at java.util.concurrent.ThreadPoolExecutor.runWorker(ThreadPoolExecutor.java:1149)
	at java.util.concurrent.ThreadPoolExecutor$Worker.run(ThreadPoolExecutor.java:624)
	at java.lang.Thread.run(Thread.java:750)
2023-05-18 01:37:00,486 [dn-CertificateLifetimeMonitor] ERROR client.DNCertificateClient (DefaultCertificateClient.java:run(1268)) - Failed to renew and store key and cert. Keep using existing certificates.
org.apache.hadoop.hdds.security.x509.exception.CertificateException: Error while signing and storing new certificates.
	at org.apache.hadoop.hdds.security.x509.certificate.client.DefaultCertificateClient.renewAndStoreKeyAndCertificate(DefaultCertificateClient.java:1011)
	at org.apache.hadoop.hdds.security.x509.certificate.client.DefaultCertificateClient$CertificateLifetimeMonitor.run(DefaultCertificateClient.java:1258)
	at java.util.concurrent.Executors$RunnableAdapter.call(Executors.java:511)
	at java.util.concurrent.FutureTask.runAndReset(FutureTask.java:308)
	at java.util.concurrent.ScheduledThreadPoolExecutor$ScheduledFutureTask.access$301(ScheduledThreadPoolExecutor.java:180)
	at java.util.concurrent.ScheduledThreadPoolExecutor$ScheduledFutureTask.run(ScheduledThreadPoolExecutor.java:294)
	at java.util.concurrent.ThreadPoolExecutor.runWorker(ThreadPoolExecutor.java:1149)
	at java.util.concurrent.ThreadPoolExecutor$Worker.run(ThreadPoolExecutor.java:624)
	at java.lang.Thread.run(Thread.java:750)
Caused by: org.apache.hadoop.hdds.security.x509.exception.CertificateException: Error while signing and storing SCM signed certificate.
	at org.apache.hadoop.hdds.security.x509.certificate.client.DNCertificateClient.signAndStoreCertificate(DNCertificateClient.java:132)
	at org.apache.hadoop.hdds.security.x509.certificate.client.DefaultCertificateClient.renewAndStoreKeyAndCertificate(DefaultCertificateClient.java:1008)
	... 8 more
Caused by: org.apache.hadoop.hdds.security.x509.exception.CertificateException: Unable to retrieve datanode certificate chain.
	at org.apache.hadoop.hdds.security.x509.certificate.client.DNCertificateClient.signAndStoreCertificate(DNCertificateClient.java:127)
	... 9 more
2023-05-18 01:37:00,486 [dn-CertificateLifetimeMonitor] INFO  client.DNCertificateClient (DefaultCertificateClient.java:run(1255)) - Current certificate has entered the expiry grace period PT0S. Starting renew key and certs.
2023-05-18 01:37:00,668 [dn-CertificateLifetimeMonitor] INFO  ozone.OzoneSecurityUtil (OzoneSecurityUtil.java:getValidInetsForCurrentHost(119)) - ip:fe80:0:0:0:222:48ff:fe46:ad37%eth0 not returned.
2023-05-18 01:37:00,668 [dn-CertificateLifetimeMonitor] INFO  ozone.OzoneSecurityUtil (OzoneSecurityUtil.java:getValidInetsForCurrentHost(116)) - Adding ip:10.1.0.38,host:fv-az335-872.st3fsr2bvbpu5iwsufzt3hrohh.gx.internal.cloudapp.net
2023-05-18 01:37:00,668 [dn-CertificateLifetimeMonitor] INFO  ozone.OzoneSecurityUtil (OzoneSecurityUtil.java:getValidInetsForCurrentHost(119)) - ip:0:0:0:0:0:0:0:1%lo not returned.
2023-05-18 01:37:00,668 [dn-CertificateLifetimeMonitor] INFO  ozone.OzoneSecurityUtil (OzoneSecurityUtil.java:getValidInetsForCurrentHost(119)) - ip:127.0.0.1 not returned.
2023-05-18 01:37:00,669 [dn-CertificateLifetimeMonitor] INFO  client.DNCertificateClient (DNCertificateClient.java:getCSRBuilder(86)) - Created csr for DN-> subject:runner@fv-az335-872.st3fsr2bvbpu5iwsufzt3hrohh.gx.internal.cloudapp.net
2023-05-18 01:37:00,671 [dn-CertificateLifetimeMonitor] ERROR client.DNCertificateClient (DNCertificateClient.java:signAndStoreCertificate(131)) - Error while signing and storing SCM signed certificate.
org.apache.hadoop.hdds.security.x509.exception.CertificateException: Unable to retrieve datanode certificate chain.
	at org.apache.hadoop.hdds.security.x509.certificate.client.DNCertificateClient.signAndStoreCertificate(DNCertificateClient.java:127)
	at org.apache.hadoop.hdds.security.x509.certificate.client.DefaultCertificateClient.renewAndStoreKeyAndCertificate(DefaultCertificateClient.java:1008)
	at org.apache.hadoop.hdds.security.x509.certificate.client.DefaultCertificateClient$CertificateLifetimeMonitor.run(DefaultCertificateClient.java:1258)
	at java.util.concurrent.Executors$RunnableAdapter.call(Executors.java:511)
	at java.util.concurrent.FutureTask.runAndReset(FutureTask.java:308)
	at java.util.concurrent.ScheduledThreadPoolExecutor$ScheduledFutureTask.access$301(ScheduledThreadPoolExecutor.java:180)
	at java.util.concurrent.ScheduledThreadPoolExecutor$ScheduledFutureTask.run(ScheduledThreadPoolExecutor.java:294)
	at java.util.concurrent.ThreadPoolExecutor.runWorker(ThreadPoolExecutor.java:1149)
	at java.util.concurrent.ThreadPoolExecutor$Worker.run(ThreadPoolExecutor.java:624)
	at java.lang.Thread.run(Thread.java:750)
2023-05-18 01:37:00,671 [dn-CertificateLifetimeMonitor] ERROR client.DNCertificateClient (DefaultCertificateClient.java:run(1268)) - Failed to renew and store key and cert. Keep using existing certificates.
org.apache.hadoop.hdds.security.x509.exception.CertificateException: Error while signing and storing new certificates.
	at org.apache.hadoop.hdds.security.x509.certificate.client.DefaultCertificateClient.renewAndStoreKeyAndCertificate(DefaultCertificateClient.java:1011)
	at org.apache.hadoop.hdds.security.x509.certificate.client.DefaultCertificateClient$CertificateLifetimeMonitor.run(DefaultCertificateClient.java:1258)
	at java.util.concurrent.Executors$RunnableAdapter.call(Executors.java:511)
	at java.util.concurrent.FutureTask.runAndReset(FutureTask.java:308)
	at java.util.concurrent.ScheduledThreadPoolExecutor$ScheduledFutureTask.access$301(ScheduledThreadPoolExecutor.java:180)
	at java.util.concurrent.ScheduledThreadPoolExecutor$ScheduledFutureTask.run(ScheduledThreadPoolExecutor.java:294)
	at java.util.concurrent.ThreadPoolExecutor.runWorker(ThreadPoolExecutor.java:1149)
	at java.util.concurrent.ThreadPoolExecutor$Worker.run(ThreadPoolExecutor.java:624)
	at java.lang.Thread.run(Thread.java:750)
Caused by: org.apache.hadoop.hdds.security.x509.exception.CertificateException: Error while signing and storing SCM signed certificate.
	at org.apache.hadoop.hdds.security.x509.certificate.client.DNCertificateClient.signAndStoreCertificate(DNCertificateClient.java:132)
	at org.apache.hadoop.hdds.security.x509.certificate.client.DefaultCertificateClient.renewAndStoreKeyAndCertificate(DefaultCertificateClient.java:1008)
	... 8 more
Caused by: org.apache.hadoop.hdds.security.x509.exception.CertificateException: Unable to retrieve datanode certificate chain.
	at org.apache.hadoop.hdds.security.x509.certificate.client.DNCertificateClient.signAndStoreCertificate(DNCertificateClient.java:127)
	... 9 more
2023-05-18 01:37:01,929 [dn-CertificateLifetimeMonitor] INFO  client.DNCertificateClient (DefaultCertificateClient.java:run(1255)) - Current certificate has entered the expiry grace period PT0S. Starting renew key and certs.
2023-05-18 01:37:02,170 [dn-CertificateLifetimeMonitor] INFO  ozone.OzoneSecurityUtil (OzoneSecurityUtil.java:getValidInetsForCurrentHost(119)) - ip:fe80:0:0:0:222:48ff:fe46:ad37%eth0 not returned.
2023-05-18 01:37:02,171 [dn-CertificateLifetimeMonitor] INFO  ozone.OzoneSecurityUtil (OzoneSecurityUtil.java:getValidInetsForCurrentHost(116)) - Adding ip:10.1.0.38,host:fv-az335-872.st3fsr2bvbpu5iwsufzt3hrohh.gx.internal.cloudapp.net
2023-05-18 01:37:02,171 [dn-CertificateLifetimeMonitor] INFO  ozone.OzoneSecurityUtil (OzoneSecurityUtil.java:getValidInetsForCurrentHost(119)) - ip:0:0:0:0:0:0:0:1%lo not returned.
2023-05-18 01:37:02,171 [dn-CertificateLifetimeMonitor] INFO  ozone.OzoneSecurityUtil (OzoneSecurityUtil.java:getValidInetsForCurrentHost(119)) - ip:127.0.0.1 not returned.
2023-05-18 01:37:02,171 [dn-CertificateLifetimeMonitor] INFO  client.DNCertificateClient (DNCertificateClient.java:getCSRBuilder(86)) - Created csr for DN-> subject:runner@fv-az335-872.st3fsr2bvbpu5iwsufzt3hrohh.gx.internal.cloudapp.net
2023-05-18 01:37:02,174 [dn-CertificateLifetimeMonitor] ERROR client.DNCertificateClient (DNCertificateClient.java:signAndStoreCertificate(131)) - Error while signing and storing SCM signed certificate.
org.apache.hadoop.hdds.security.x509.exception.CertificateException: Unable to retrieve datanode certificate chain.
	at org.apache.hadoop.hdds.security.x509.certificate.client.DNCertificateClient.signAndStoreCertificate(DNCertificateClient.java:127)
	at org.apache.hadoop.hdds.security.x509.certificate.client.DefaultCertificateClient.renewAndStoreKeyAndCertificate(DefaultCertificateClient.java:1008)
	at org.apache.hadoop.hdds.security.x509.certificate.client.DefaultCertificateClient$CertificateLifetimeMonitor.run(DefaultCertificateClient.java:1258)
	at java.util.concurrent.Executors$RunnableAdapter.call(Executors.java:511)
	at java.util.concurrent.FutureTask.runAndReset(FutureTask.java:308)
	at java.util.concurrent.ScheduledThreadPoolExecutor$ScheduledFutureTask.access$301(ScheduledThreadPoolExecutor.java:180)
	at java.util.concurrent.ScheduledThreadPoolExecutor$ScheduledFutureTask.run(ScheduledThreadPoolExecutor.java:294)
	at java.util.concurrent.ThreadPoolExecutor.runWorker(ThreadPoolExecutor.java:1149)
	at java.util.concurrent.ThreadPoolExecutor$Worker.run(ThreadPoolExecutor.java:624)
	at java.lang.Thread.run(Thread.java:750)
2023-05-18 01:37:02,176 [dn-CertificateLifetimeMonitor] ERROR client.DNCertificateClient (DefaultCertificateClient.java:run(1268)) - Failed to renew and store key and cert. Keep using existing certificates.
org.apache.hadoop.hdds.security.x509.exception.CertificateException: Error while signing and storing new certificates.
	at org.apache.hadoop.hdds.security.x509.certificate.client.DefaultCertificateClient.renewAndStoreKeyAndCertificate(DefaultCertificateClient.java:1011)
	at org.apache.hadoop.hdds.security.x509.certificate.client.DefaultCertificateClient$CertificateLifetimeMonitor.run(DefaultCertificateClient.java:1258)
	at java.util.concurrent.Executors$RunnableAdapter.call(Executors.java:511)
	at java.util.concurrent.FutureTask.runAndReset(FutureTask.java:308)
	at java.util.concurrent.ScheduledThreadPoolExecutor$ScheduledFutureTask.access$301(ScheduledThreadPoolExecutor.java:180)
	at java.util.concurrent.ScheduledThreadPoolExecutor$ScheduledFutureTask.run(ScheduledThreadPoolExecutor.java:294)
	at java.util.concurrent.ThreadPoolExecutor.runWorker(ThreadPoolExecutor.java:1149)
	at java.util.concurrent.ThreadPoolExecutor$Worker.run(ThreadPoolExecutor.java:624)
	at java.lang.Thread.run(Thread.java:750)
Caused by: org.apache.hadoop.hdds.security.x509.exception.CertificateException: Error while signing and storing SCM signed certificate.
	at org.apache.hadoop.hdds.security.x509.certificate.client.DNCertificateClient.signAndStoreCertificate(DNCertificateClient.java:132)
	at org.apache.hadoop.hdds.security.x509.certificate.client.DefaultCertificateClient.renewAndStoreKeyAndCertificate(DefaultCertificateClient.java:1008)
	... 8 more
Caused by: org.apache.hadoop.hdds.security.x509.exception.CertificateException: Unable to retrieve datanode certificate chain.
	at org.apache.hadoop.hdds.security.x509.certificate.client.DNCertificateClient.signAndStoreCertificate(DNCertificateClient.java:127)
	... 9 more
2023-05-18 01:37:02,176 [dn-CertificateLifetimeMonitor] INFO  client.DNCertificateClient (DefaultCertificateClient.java:run(1255)) - Current certificate has entered the expiry grace period PT0S. Starting renew key and certs.
2023-05-18 01:37:02,277 [dn-CertificateLifetimeMonitor] INFO  ozone.OzoneSecurityUtil (OzoneSecurityUtil.java:getValidInetsForCurrentHost(119)) - ip:fe80:0:0:0:222:48ff:fe46:ad37%eth0 not returned.
2023-05-18 01:37:02,278 [dn-CertificateLifetimeMonitor] INFO  ozone.OzoneSecurityUtil (OzoneSecurityUtil.java:getValidInetsForCurrentHost(116)) - Adding ip:10.1.0.38,host:fv-az335-872.st3fsr2bvbpu5iwsufzt3hrohh.gx.internal.cloudapp.net
2023-05-18 01:37:02,278 [dn-CertificateLifetimeMonitor] INFO  ozone.OzoneSecurityUtil (OzoneSecurityUtil.java:getValidInetsForCurrentHost(119)) - ip:0:0:0:0:0:0:0:1%lo not returned.
2023-05-18 01:37:02,278 [dn-CertificateLifetimeMonitor] INFO  ozone.OzoneSecurityUtil (OzoneSecurityUtil.java:getValidInetsForCurrentHost(119)) - ip:127.0.0.1 not returned.
2023-05-18 01:37:02,278 [dn-CertificateLifetimeMonitor] INFO  client.DNCertificateClient (DNCertificateClient.java:getCSRBuilder(86)) - Created csr for DN-> subject:runner@fv-az335-872.st3fsr2bvbpu5iwsufzt3hrohh.gx.internal.cloudapp.net
2023-05-18 01:37:02,281 [dn-CertificateLifetimeMonitor] ERROR client.DNCertificateClient (DNCertificateClient.java:signAndStoreCertificate(131)) - Error while signing and storing SCM signed certificate.
org.apache.hadoop.hdds.security.x509.exception.CertificateException: Unable to retrieve datanode certificate chain.
	at org.apache.hadoop.hdds.security.x509.certificate.client.DNCertificateClient.signAndStoreCertificate(DNCertificateClient.java:127)
	at org.apache.hadoop.hdds.security.x509.certificate.client.DefaultCertificateClient.renewAndStoreKeyAndCertificate(DefaultCertificateClient.java:1008)
	at org.apache.hadoop.hdds.security.x509.certificate.client.DefaultCertificateClient$CertificateLifetimeMonitor.run(DefaultCertificateClient.java:1258)
	at java.util.concurrent.Executors$RunnableAdapter.call(Executors.java:511)
	at java.util.concurrent.FutureTask.runAndReset(FutureTask.java:308)
	at java.util.concurrent.ScheduledThreadPoolExecutor$ScheduledFutureTask.access$301(ScheduledThreadPoolExecutor.java:180)
	at java.util.concurrent.ScheduledThreadPoolExecutor$ScheduledFutureTask.run(ScheduledThreadPoolExecutor.java:294)
	at java.util.concurrent.ThreadPoolExecutor.runWorker(ThreadPoolExecutor.java:1149)
	at java.util.concurrent.ThreadPoolExecutor$Worker.run(ThreadPoolExecutor.java:624)
	at java.lang.Thread.run(Thread.java:750)
2023-05-18 01:37:02,282 [dn-CertificateLifetimeMonitor] ERROR client.DNCertificateClient (DefaultCertificateClient.java:run(1268)) - Failed to renew and store key and cert. Keep using existing certificates.
org.apache.hadoop.hdds.security.x509.exception.CertificateException: Error while signing and storing new certificates.
	at org.apache.hadoop.hdds.security.x509.certificate.client.DefaultCertificateClient.renewAndStoreKeyAndCertificate(DefaultCertificateClient.java:1011)
	at org.apache.hadoop.hdds.security.x509.certificate.client.DefaultCertificateClient$CertificateLifetimeMonitor.run(DefaultCertificateClient.java:1258)
	at java.util.concurrent.Executors$RunnableAdapter.call(Executors.java:511)
	at java.util.concurrent.FutureTask.runAndReset(FutureTask.java:308)
	at java.util.concurrent.ScheduledThreadPoolExecutor$ScheduledFutureTask.access$301(ScheduledThreadPoolExecutor.java:180)
	at java.util.concurrent.ScheduledThreadPoolExecutor$ScheduledFutureTask.run(ScheduledThreadPoolExecutor.java:294)
	at java.util.concurrent.ThreadPoolExecutor.runWorker(ThreadPoolExecutor.java:1149)
	at java.util.concurrent.ThreadPoolExecutor$Worker.run(ThreadPoolExecutor.java:624)
	at java.lang.Thread.run(Thread.java:750)
Caused by: org.apache.hadoop.hdds.security.x509.exception.CertificateException: Error while signing and storing SCM signed certificate.
	at org.apache.hadoop.hdds.security.x509.certificate.client.DNCertificateClient.signAndStoreCertificate(DNCertificateClient.java:132)
	at org.apache.hadoop.hdds.security.x509.certificate.client.DefaultCertificateClient.renewAndStoreKeyAndCertificate(DefaultCertificateClient.java:1008)
	... 8 more
Caused by: org.apache.hadoop.hdds.security.x509.exception.CertificateException: Unable to retrieve datanode certificate chain.
	at org.apache.hadoop.hdds.security.x509.certificate.client.DNCertificateClient.signAndStoreCertificate(DNCertificateClient.java:127)
	... 9 more
2023-05-18 01:37:03,595 [dn-CertificateLifetimeMonitor] INFO  client.DNCertificateClient (DefaultCertificateClient.java:run(1255)) - Current certificate has entered the expiry grace period PT0S. Starting renew key and certs.
2023-05-18 01:37:03,675 [dn-CertificateLifetimeMonitor] INFO  ozone.OzoneSecurityUtil (OzoneSecurityUtil.java:getValidInetsForCurrentHost(119)) - ip:fe80:0:0:0:222:48ff:fe46:ad37%eth0 not returned.
2023-05-18 01:37:03,675 [dn-CertificateLifetimeMonitor] INFO  ozone.OzoneSecurityUtil (OzoneSecurityUtil.java:getValidInetsForCurrentHost(116)) - Adding ip:10.1.0.38,host:fv-az335-872.st3fsr2bvbpu5iwsufzt3hrohh.gx.internal.cloudapp.net
2023-05-18 01:37:03,676 [dn-CertificateLifetimeMonitor] INFO  ozone.OzoneSecurityUtil (OzoneSecurityUtil.java:getValidInetsForCurrentHost(119)) - ip:0:0:0:0:0:0:0:1%lo not returned.
2023-05-18 01:37:03,676 [dn-CertificateLifetimeMonitor] INFO  ozone.OzoneSecurityUtil (OzoneSecurityUtil.java:getValidInetsForCurrentHost(119)) - ip:127.0.0.1 not returned.
2023-05-18 01:37:03,676 [dn-CertificateLifetimeMonitor] INFO  client.DNCertificateClient (DNCertificateClient.java:getCSRBuilder(86)) - Created csr for DN-> subject:runner@fv-az335-872.st3fsr2bvbpu5iwsufzt3hrohh.gx.internal.cloudapp.net
2023-05-18 01:37:03,678 [dn-CertificateLifetimeMonitor] ERROR client.DNCertificateClient (DNCertificateClient.java:signAndStoreCertificate(131)) - Error while signing and storing SCM signed certificate.
org.apache.hadoop.hdds.security.x509.exception.CertificateException: Unable to retrieve datanode certificate chain.
	at org.apache.hadoop.hdds.security.x509.certificate.client.DNCertificateClient.signAndStoreCertificate(DNCertificateClient.java:127)
	at org.apache.hadoop.hdds.security.x509.certificate.client.DefaultCertificateClient.renewAndStoreKeyAndCertificate(DefaultCertificateClient.java:1008)
	at org.apache.hadoop.hdds.security.x509.certificate.client.DefaultCertificateClient$CertificateLifetimeMonitor.run(DefaultCertificateClient.java:1258)
	at java.util.concurrent.Executors$RunnableAdapter.call(Executors.java:511)
	at java.util.concurrent.FutureTask.runAndReset(FutureTask.java:308)
	at java.util.concurrent.ScheduledThreadPoolExecutor$ScheduledFutureTask.access$301(ScheduledThreadPoolExecutor.java:180)
	at java.util.concurrent.ScheduledThreadPoolExecutor$ScheduledFutureTask.run(ScheduledThreadPoolExecutor.java:294)
	at java.util.concurrent.ThreadPoolExecutor.runWorker(ThreadPoolExecutor.java:1149)
	at java.util.concurrent.ThreadPoolExecutor$Worker.run(ThreadPoolExecutor.java:624)
	at java.lang.Thread.run(Thread.java:750)
2023-05-18 01:37:03,679 [dn-CertificateLifetimeMonitor] ERROR client.DNCertificateClient (DefaultCertificateClient.java:run(1268)) - Failed to renew and store key and cert. Keep using existing certificates.
org.apache.hadoop.hdds.security.x509.exception.CertificateException: Error while signing and storing new certificates.
	at org.apache.hadoop.hdds.security.x509.certificate.client.DefaultCertificateClient.renewAndStoreKeyAndCertificate(DefaultCertificateClient.java:1011)
	at org.apache.hadoop.hdds.security.x509.certificate.client.DefaultCertificateClient$CertificateLifetimeMonitor.run(DefaultCertificateClient.java:1258)
	at java.util.concurrent.Executors$RunnableAdapter.call(Executors.java:511)
	at java.util.concurrent.FutureTask.runAndReset(FutureTask.java:308)
	at java.util.concurrent.ScheduledThreadPoolExecutor$ScheduledFutureTask.access$301(ScheduledThreadPoolExecutor.java:180)
	at java.util.concurrent.ScheduledThreadPoolExecutor$ScheduledFutureTask.run(ScheduledThreadPoolExecutor.java:294)
	at java.util.concurrent.ThreadPoolExecutor.runWorker(ThreadPoolExecutor.java:1149)
	at java.util.concurrent.ThreadPoolExecutor$Worker.run(ThreadPoolExecutor.java:624)
	at java.lang.Thread.run(Thread.java:750)
Caused by: org.apache.hadoop.hdds.security.x509.exception.CertificateException: Error while signing and storing SCM signed certificate.
	at org.apache.hadoop.hdds.security.x509.certificate.client.DNCertificateClient.signAndStoreCertificate(DNCertificateClient.java:132)
	at org.apache.hadoop.hdds.security.x509.certificate.client.DefaultCertificateClient.renewAndStoreKeyAndCertificate(DefaultCertificateClient.java:1008)
	... 8 more
Caused by: org.apache.hadoop.hdds.security.x509.exception.CertificateException: Unable to retrieve datanode certificate chain.
	at org.apache.hadoop.hdds.security.x509.certificate.client.DNCertificateClient.signAndStoreCertificate(DNCertificateClient.java:127)
	... 9 more
2023-05-18 01:37:03,679 [dn-CertificateLifetimeMonitor] INFO  client.DNCertificateClient (DefaultCertificateClient.java:run(1255)) - Current certificate has entered the expiry grace period PT0S. Starting renew key and certs.
2023-05-18 01:37:03,988 [dn-CertificateLifetimeMonitor] INFO  ozone.OzoneSecurityUtil (OzoneSecurityUtil.java:getValidInetsForCurrentHost(119)) - ip:fe80:0:0:0:222:48ff:fe46:ad37%eth0 not returned.
2023-05-18 01:37:03,989 [dn-CertificateLifetimeMonitor] INFO  ozone.OzoneSecurityUtil (OzoneSecurityUtil.java:getValidInetsForCurrentHost(116)) - Adding ip:10.1.0.38,host:fv-az335-872.st3fsr2bvbpu5iwsufzt3hrohh.gx.internal.cloudapp.net
2023-05-18 01:37:03,989 [dn-CertificateLifetimeMonitor] INFO  ozone.OzoneSecurityUtil (OzoneSecurityUtil.java:getValidInetsForCurrentHost(119)) - ip:0:0:0:0:0:0:0:1%lo not returned.
2023-05-18 01:37:03,989 [dn-CertificateLifetimeMonitor] INFO  ozone.OzoneSecurityUtil (OzoneSecurityUtil.java:getValidInetsForCurrentHost(119)) - ip:127.0.0.1 not returned.
2023-05-18 01:37:03,989 [dn-CertificateLifetimeMonitor] INFO  client.DNCertificateClient (DNCertificateClient.java:getCSRBuilder(86)) - Created csr for DN-> subject:runner@fv-az335-872.st3fsr2bvbpu5iwsufzt3hrohh.gx.internal.cloudapp.net
2023-05-18 01:37:03,992 [dn-CertificateLifetimeMonitor] ERROR client.DNCertificateClient (DNCertificateClient.java:signAndStoreCertificate(131)) - Error while signing and storing SCM signed certificate.
org.apache.hadoop.hdds.security.x509.exception.CertificateException: Unable to retrieve datanode certificate chain.
	at org.apache.hadoop.hdds.security.x509.certificate.client.DNCertificateClient.signAndStoreCertificate(DNCertificateClient.java:127)
	at org.apache.hadoop.hdds.security.x509.certificate.client.DefaultCertificateClient.renewAndStoreKeyAndCertificate(DefaultCertificateClient.java:1008)
	at org.apache.hadoop.hdds.security.x509.certificate.client.DefaultCertificateClient$CertificateLifetimeMonitor.run(DefaultCertificateClient.java:1258)
	at java.util.concurrent.Executors$RunnableAdapter.call(Executors.java:511)
	at java.util.concurrent.FutureTask.runAndReset(FutureTask.java:308)
	at java.util.concurrent.ScheduledThreadPoolExecutor$ScheduledFutureTask.access$301(ScheduledThreadPoolExecutor.java:180)
	at java.util.concurrent.ScheduledThreadPoolExecutor$ScheduledFutureTask.run(ScheduledThreadPoolExecutor.java:294)
	at java.util.concurrent.ThreadPoolExecutor.runWorker(ThreadPoolExecutor.java:1149)
	at java.util.concurrent.ThreadPoolExecutor$Worker.run(ThreadPoolExecutor.java:624)
	at java.lang.Thread.run(Thread.java:750)
2023-05-18 01:37:03,992 [dn-CertificateLifetimeMonitor] ERROR client.DNCertificateClient (DefaultCertificateClient.java:run(1268)) - Failed to renew and store key and cert. Keep using existing certificates.
org.apache.hadoop.hdds.security.x509.exception.CertificateException: Error while signing and storing new certificates.
	at org.apache.hadoop.hdds.security.x509.certificate.client.DefaultCertificateClient.renewAndStoreKeyAndCertificate(DefaultCertificateClient.java:1011)
	at org.apache.hadoop.hdds.security.x509.certificate.client.DefaultCertificateClient$CertificateLifetimeMonitor.run(DefaultCertificateClient.java:1258)
	at java.util.concurrent.Executors$RunnableAdapter.call(Executors.java:511)
	at java.util.concurrent.FutureTask.runAndReset(FutureTask.java:308)
	at java.util.concurrent.ScheduledThreadPoolExecutor$ScheduledFutureTask.access$301(ScheduledThreadPoolExecutor.java:180)
	at java.util.concurrent.ScheduledThreadPoolExecutor$ScheduledFutureTask.run(ScheduledThreadPoolExecutor.java:294)
	at java.util.concurrent.ThreadPoolExecutor.runWorker(ThreadPoolExecutor.java:1149)
	at java.util.concurrent.ThreadPoolExecutor$Worker.run(ThreadPoolExecutor.java:624)
	at java.lang.Thread.run(Thread.java:750)
Caused by: org.apache.hadoop.hdds.security.x509.exception.CertificateException: Error while signing and storing SCM signed certificate.
	at org.apache.hadoop.hdds.security.x509.certificate.client.DNCertificateClient.signAndStoreCertificate(DNCertificateClient.java:132)
	at org.apache.hadoop.hdds.security.x509.certificate.client.DefaultCertificateClient.renewAndStoreKeyAndCertificate(DefaultCertificateClient.java:1008)
	... 8 more
Caused by: org.apache.hadoop.hdds.security.x509.exception.CertificateException: Unable to retrieve datanode certificate chain.
	at org.apache.hadoop.hdds.security.x509.certificate.client.DNCertificateClient.signAndStoreCertificate(DNCertificateClient.java:127)
	... 9 more
2023-05-18 01:37:05,261 [dn-CertificateLifetimeMonitor] INFO  client.DNCertificateClient (DefaultCertificateClient.java:run(1255)) - Current certificate has entered the expiry grace period PT0S. Starting renew key and certs.
2023-05-18 01:37:05,760 [dn-CertificateLifetimeMonitor] INFO  ozone.OzoneSecurityUtil (OzoneSecurityUtil.java:getValidInetsForCurrentHost(119)) - ip:fe80:0:0:0:222:48ff:fe46:ad37%eth0 not returned.
2023-05-18 01:37:05,760 [dn-CertificateLifetimeMonitor] INFO  ozone.OzoneSecurityUtil (OzoneSecurityUtil.java:getValidInetsForCurrentHost(116)) - Adding ip:10.1.0.38,host:fv-az335-872.st3fsr2bvbpu5iwsufzt3hrohh.gx.internal.cloudapp.net
2023-05-18 01:37:05,760 [dn-CertificateLifetimeMonitor] INFO  ozone.OzoneSecurityUtil (OzoneSecurityUtil.java:getValidInetsForCurrentHost(119)) - ip:0:0:0:0:0:0:0:1%lo not returned.
2023-05-18 01:37:05,760 [dn-CertificateLifetimeMonitor] INFO  ozone.OzoneSecurityUtil (OzoneSecurityUtil.java:getValidInetsForCurrentHost(119)) - ip:127.0.0.1 not returned.
2023-05-18 01:37:05,761 [dn-CertificateLifetimeMonitor] INFO  client.DNCertificateClient (DNCertificateClient.java:getCSRBuilder(86)) - Created csr for DN-> subject:runner@fv-az335-872.st3fsr2bvbpu5iwsufzt3hrohh.gx.internal.cloudapp.net
2023-05-18 01:37:05,763 [dn-CertificateLifetimeMonitor] ERROR client.DNCertificateClient (DNCertificateClient.java:signAndStoreCertificate(131)) - Error while signing and storing SCM signed certificate.
org.apache.hadoop.hdds.security.x509.exception.CertificateException: Unable to retrieve datanode certificate chain.
	at org.apache.hadoop.hdds.security.x509.certificate.client.DNCertificateClient.signAndStoreCertificate(DNCertificateClient.java:127)
	at org.apache.hadoop.hdds.security.x509.certificate.client.DefaultCertificateClient.renewAndStoreKeyAndCertificate(DefaultCertificateClient.java:1008)
	at org.apache.hadoop.hdds.security.x509.certificate.client.DefaultCertificateClient$CertificateLifetimeMonitor.run(DefaultCertificateClient.java:1258)
	at java.util.concurrent.Executors$RunnableAdapter.call(Executors.java:511)
	at java.util.concurrent.FutureTask.runAndReset(FutureTask.java:308)
	at java.util.concurrent.ScheduledThreadPoolExecutor$ScheduledFutureTask.access$301(ScheduledThreadPoolExecutor.java:180)
	at java.util.concurrent.ScheduledThreadPoolExecutor$ScheduledFutureTask.run(ScheduledThreadPoolExecutor.java:294)
	at java.util.concurrent.ThreadPoolExecutor.runWorker(ThreadPoolExecutor.java:1149)
	at java.util.concurrent.ThreadPoolExecutor$Worker.run(ThreadPoolExecutor.java:624)
	at java.lang.Thread.run(Thread.java:750)
2023-05-18 01:37:05,763 [dn-CertificateLifetimeMonitor] ERROR client.DNCertificateClient (DefaultCertificateClient.java:run(1268)) - Failed to renew and store key and cert. Keep using existing certificates.
org.apache.hadoop.hdds.security.x509.exception.CertificateException: Error while signing and storing new certificates.
	at org.apache.hadoop.hdds.security.x509.certificate.client.DefaultCertificateClient.renewAndStoreKeyAndCertificate(DefaultCertificateClient.java:1011)
	at org.apache.hadoop.hdds.security.x509.certificate.client.DefaultCertificateClient$CertificateLifetimeMonitor.run(DefaultCertificateClient.java:1258)
	at java.util.concurrent.Executors$RunnableAdapter.call(Executors.java:511)
	at java.util.concurrent.FutureTask.runAndReset(FutureTask.java:308)
	at java.util.concurrent.ScheduledThreadPoolExecutor$ScheduledFutureTask.access$301(ScheduledThreadPoolExecutor.java:180)
	at java.util.concurrent.ScheduledThreadPoolExecutor$ScheduledFutureTask.run(ScheduledThreadPoolExecutor.java:294)
	at java.util.concurrent.ThreadPoolExecutor.runWorker(ThreadPoolExecutor.java:1149)
	at java.util.concurrent.ThreadPoolExecutor$Worker.run(ThreadPoolExecutor.java:624)
	at java.lang.Thread.run(Thread.java:750)
Caused by: org.apache.hadoop.hdds.security.x509.exception.CertificateException: Error while signing and storing SCM signed certificate.
	at org.apache.hadoop.hdds.security.x509.certificate.client.DNCertificateClient.signAndStoreCertificate(DNCertificateClient.java:132)
	at org.apache.hadoop.hdds.security.x509.certificate.client.DefaultCertificateClient.renewAndStoreKeyAndCertificate(DefaultCertificateClient.java:1008)
	... 8 more
Caused by: org.apache.hadoop.hdds.security.x509.exception.CertificateException: Unable to retrieve datanode certificate chain.
	at org.apache.hadoop.hdds.security.x509.certificate.client.DNCertificateClient.signAndStoreCertificate(DNCertificateClient.java:127)
	... 9 more
2023-05-18 01:37:05,764 [dn-CertificateLifetimeMonitor] INFO  client.DNCertificateClient (DefaultCertificateClient.java:run(1255)) - Current certificate has entered the expiry grace period PT0S. Starting renew key and certs.
2023-05-18 01:37:05,940 [dn-CertificateLifetimeMonitor] INFO  ozone.OzoneSecurityUtil (OzoneSecurityUtil.java:getValidInetsForCurrentHost(119)) - ip:fe80:0:0:0:222:48ff:fe46:ad37%eth0 not returned.
2023-05-18 01:37:05,940 [dn-CertificateLifetimeMonitor] INFO  ozone.OzoneSecurityUtil (OzoneSecurityUtil.java:getValidInetsForCurrentHost(116)) - Adding ip:10.1.0.38,host:fv-az335-872.st3fsr2bvbpu5iwsufzt3hrohh.gx.internal.cloudapp.net
2023-05-18 01:37:05,940 [dn-CertificateLifetimeMonitor] INFO  ozone.OzoneSecurityUtil (OzoneSecurityUtil.java:getValidInetsForCurrentHost(119)) - ip:0:0:0:0:0:0:0:1%lo not returned.
2023-05-18 01:37:05,940 [dn-CertificateLifetimeMonitor] INFO  ozone.OzoneSecurityUtil (OzoneSecurityUtil.java:getValidInetsForCurrentHost(119)) - ip:127.0.0.1 not returned.
2023-05-18 01:37:05,941 [dn-CertificateLifetimeMonitor] INFO  client.DNCertificateClient (DNCertificateClient.java:getCSRBuilder(86)) - Created csr for DN-> subject:runner@fv-az335-872.st3fsr2bvbpu5iwsufzt3hrohh.gx.internal.cloudapp.net
2023-05-18 01:37:05,943 [dn-CertificateLifetimeMonitor] ERROR client.DNCertificateClient (DNCertificateClient.java:signAndStoreCertificate(131)) - Error while signing and storing SCM signed certificate.
org.apache.hadoop.hdds.security.x509.exception.CertificateException: Unable to retrieve datanode certificate chain.
	at org.apache.hadoop.hdds.security.x509.certificate.client.DNCertificateClient.signAndStoreCertificate(DNCertificateClient.java:127)
	at org.apache.hadoop.hdds.security.x509.certificate.client.DefaultCertificateClient.renewAndStoreKeyAndCertificate(DefaultCertificateClient.java:1008)
	at org.apache.hadoop.hdds.security.x509.certificate.client.DefaultCertificateClient$CertificateLifetimeMonitor.run(DefaultCertificateClient.java:1258)
	at java.util.concurrent.Executors$RunnableAdapter.call(Executors.java:511)
	at java.util.concurrent.FutureTask.runAndReset(FutureTask.java:308)
	at java.util.concurrent.ScheduledThreadPoolExecutor$ScheduledFutureTask.access$301(ScheduledThreadPoolExecutor.java:180)
	at java.util.concurrent.ScheduledThreadPoolExecutor$ScheduledFutureTask.run(ScheduledThreadPoolExecutor.java:294)
	at java.util.concurrent.ThreadPoolExecutor.runWorker(ThreadPoolExecutor.java:1149)
	at java.util.concurrent.ThreadPoolExecutor$Worker.run(ThreadPoolExecutor.java:624)
	at java.lang.Thread.run(Thread.java:750)
2023-05-18 01:37:05,943 [dn-CertificateLifetimeMonitor] ERROR client.DNCertificateClient (DefaultCertificateClient.java:run(1268)) - Failed to renew and store key and cert. Keep using existing certificates.
org.apache.hadoop.hdds.security.x509.exception.CertificateException: Error while signing and storing new certificates.
	at org.apache.hadoop.hdds.security.x509.certificate.client.DefaultCertificateClient.renewAndStoreKeyAndCertificate(DefaultCertificateClient.java:1011)
	at org.apache.hadoop.hdds.security.x509.certificate.client.DefaultCertificateClient$CertificateLifetimeMonitor.run(DefaultCertificateClient.java:1258)
	at java.util.concurrent.Executors$RunnableAdapter.call(Executors.java:511)
	at java.util.concurrent.FutureTask.runAndReset(FutureTask.java:308)
	at java.util.concurrent.ScheduledThreadPoolExecutor$ScheduledFutureTask.access$301(ScheduledThreadPoolExecutor.java:180)
	at java.util.concurrent.ScheduledThreadPoolExecutor$ScheduledFutureTask.run(ScheduledThreadPoolExecutor.java:294)
	at java.util.concurrent.ThreadPoolExecutor.runWorker(ThreadPoolExecutor.java:1149)
	at java.util.concurrent.ThreadPoolExecutor$Worker.run(ThreadPoolExecutor.java:624)
	at java.lang.Thread.run(Thread.java:750)
Caused by: org.apache.hadoop.hdds.security.x509.exception.CertificateException: Error while signing and storing SCM signed certificate.
	at org.apache.hadoop.hdds.security.x509.certificate.client.DNCertificateClient.signAndStoreCertificate(DNCertificateClient.java:132)
	at org.apache.hadoop.hdds.security.x509.certificate.client.DefaultCertificateClient.renewAndStoreKeyAndCertificate(DefaultCertificateClient.java:1008)
	... 8 more
Caused by: org.apache.hadoop.hdds.security.x509.exception.CertificateException: Unable to retrieve datanode certificate chain.
	at org.apache.hadoop.hdds.security.x509.certificate.client.DNCertificateClient.signAndStoreCertificate(DNCertificateClient.java:127)
	... 9 more
2023-05-18 01:37:06,927 [dn-CertificateLifetimeMonitor] INFO  client.DNCertificateClient (DefaultCertificateClient.java:run(1255)) - Current certificate has entered the expiry grace period PT0S. Starting renew key and certs.
2023-05-18 01:37:07,008 [dn-CertificateLifetimeMonitor] INFO  ozone.OzoneSecurityUtil (OzoneSecurityUtil.java:getValidInetsForCurrentHost(119)) - ip:fe80:0:0:0:222:48ff:fe46:ad37%eth0 not returned.
2023-05-18 01:37:07,008 [dn-CertificateLifetimeMonitor] INFO  ozone.OzoneSecurityUtil (OzoneSecurityUtil.java:getValidInetsForCurrentHost(116)) - Adding ip:10.1.0.38,host:fv-az335-872.st3fsr2bvbpu5iwsufzt3hrohh.gx.internal.cloudapp.net
2023-05-18 01:37:07,009 [dn-CertificateLifetimeMonitor] INFO  ozone.OzoneSecurityUtil (OzoneSecurityUtil.java:getValidInetsForCurrentHost(119)) - ip:0:0:0:0:0:0:0:1%lo not returned.
2023-05-18 01:37:07,009 [dn-CertificateLifetimeMonitor] INFO  ozone.OzoneSecurityUtil (OzoneSecurityUtil.java:getValidInetsForCurrentHost(119)) - ip:127.0.0.1 not returned.
2023-05-18 01:37:07,009 [dn-CertificateLifetimeMonitor] INFO  client.DNCertificateClient (DNCertificateClient.java:getCSRBuilder(86)) - Created csr for DN-> subject:runner@fv-az335-872.st3fsr2bvbpu5iwsufzt3hrohh.gx.internal.cloudapp.net
2023-05-18 01:37:07,011 [dn-CertificateLifetimeMonitor] ERROR client.DNCertificateClient (DNCertificateClient.java:signAndStoreCertificate(131)) - Error while signing and storing SCM signed certificate.
org.apache.hadoop.hdds.security.x509.exception.CertificateException: Unable to retrieve datanode certificate chain.
	at org.apache.hadoop.hdds.security.x509.certificate.client.DNCertificateClient.signAndStoreCertificate(DNCertificateClient.java:127)
	at org.apache.hadoop.hdds.security.x509.certificate.client.DefaultCertificateClient.renewAndStoreKeyAndCertificate(DefaultCertificateClient.java:1008)
	at org.apache.hadoop.hdds.security.x509.certificate.client.DefaultCertificateClient$CertificateLifetimeMonitor.run(DefaultCertificateClient.java:1258)
	at java.util.concurrent.Executors$RunnableAdapter.call(Executors.java:511)
	at java.util.concurrent.FutureTask.runAndReset(FutureTask.java:308)
	at java.util.concurrent.ScheduledThreadPoolExecutor$ScheduledFutureTask.access$301(ScheduledThreadPoolExecutor.java:180)
	at java.util.concurrent.ScheduledThreadPoolExecutor$ScheduledFutureTask.run(ScheduledThreadPoolExecutor.java:294)
	at java.util.concurrent.ThreadPoolExecutor.runWorker(ThreadPoolExecutor.java:1149)
	at java.util.concurrent.ThreadPoolExecutor$Worker.run(ThreadPoolExecutor.java:624)
	at java.lang.Thread.run(Thread.java:750)
2023-05-18 01:37:07,012 [dn-CertificateLifetimeMonitor] ERROR client.DNCertificateClient (DefaultCertificateClient.java:run(1268)) - Failed to renew and store key and cert. Keep using existing certificates.
org.apache.hadoop.hdds.security.x509.exception.CertificateException: Error while signing and storing new certificates.
	at org.apache.hadoop.hdds.security.x509.certificate.client.DefaultCertificateClient.renewAndStoreKeyAndCertificate(DefaultCertificateClient.java:1011)
	at org.apache.hadoop.hdds.security.x509.certificate.client.DefaultCertificateClient$CertificateLifetimeMonitor.run(DefaultCertificateClient.java:1258)
	at java.util.concurrent.Executors$RunnableAdapter.call(Executors.java:511)
	at java.util.concurrent.FutureTask.runAndReset(FutureTask.java:308)
	at java.util.concurrent.ScheduledThreadPoolExecutor$ScheduledFutureTask.access$301(ScheduledThreadPoolExecutor.java:180)
	at java.util.concurrent.ScheduledThreadPoolExecutor$ScheduledFutureTask.run(ScheduledThreadPoolExecutor.java:294)
	at java.util.concurrent.ThreadPoolExecutor.runWorker(ThreadPoolExecutor.java:1149)
	at java.util.concurrent.ThreadPoolExecutor$Worker.run(ThreadPoolExecutor.java:624)
	at java.lang.Thread.run(Thread.java:750)
Caused by: org.apache.hadoop.hdds.security.x509.exception.CertificateException: Error while signing and storing SCM signed certificate.
	at org.apache.hadoop.hdds.security.x509.certificate.client.DNCertificateClient.signAndStoreCertificate(DNCertificateClient.java:132)
	at org.apache.hadoop.hdds.security.x509.certificate.client.DefaultCertificateClient.renewAndStoreKeyAndCertificate(DefaultCertificateClient.java:1008)
	... 8 more
Caused by: org.apache.hadoop.hdds.security.x509.exception.CertificateException: Unable to retrieve datanode certificate chain.
	at org.apache.hadoop.hdds.security.x509.certificate.client.DNCertificateClient.signAndStoreCertificate(DNCertificateClient.java:127)
	... 9 more
2023-05-18 01:37:07,012 [dn-CertificateLifetimeMonitor] INFO  client.DNCertificateClient (DefaultCertificateClient.java:run(1255)) - Current certificate has entered the expiry grace period PT0S. Starting renew key and certs.
2023-05-18 01:37:07,343 [dn-CertificateLifetimeMonitor] INFO  ozone.OzoneSecurityUtil (OzoneSecurityUtil.java:getValidInetsForCurrentHost(119)) - ip:fe80:0:0:0:222:48ff:fe46:ad37%eth0 not returned.
2023-05-18 01:37:07,343 [dn-CertificateLifetimeMonitor] INFO  ozone.OzoneSecurityUtil (OzoneSecurityUtil.java:getValidInetsForCurrentHost(116)) - Adding ip:10.1.0.38,host:fv-az335-872.st3fsr2bvbpu5iwsufzt3hrohh.gx.internal.cloudapp.net
2023-05-18 01:37:07,343 [dn-CertificateLifetimeMonitor] INFO  ozone.OzoneSecurityUtil (OzoneSecurityUtil.java:getValidInetsForCurrentHost(119)) - ip:0:0:0:0:0:0:0:1%lo not returned.
2023-05-18 01:37:07,344 [dn-CertificateLifetimeMonitor] INFO  ozone.OzoneSecurityUtil (OzoneSecurityUtil.java:getValidInetsForCurrentHost(119)) - ip:127.0.0.1 not returned.
2023-05-18 01:37:07,344 [dn-CertificateLifetimeMonitor] INFO  client.DNCertificateClient (DNCertificateClient.java:getCSRBuilder(86)) - Created csr for DN-> subject:runner@fv-az335-872.st3fsr2bvbpu5iwsufzt3hrohh.gx.internal.cloudapp.net
2023-05-18 01:37:07,346 [dn-CertificateLifetimeMonitor] ERROR client.DNCertificateClient (DNCertificateClient.java:signAndStoreCertificate(131)) - Error while signing and storing SCM signed certificate.
org.apache.hadoop.hdds.security.x509.exception.CertificateException: Unable to retrieve datanode certificate chain.
	at org.apache.hadoop.hdds.security.x509.certificate.client.DNCertificateClient.signAndStoreCertificate(DNCertificateClient.java:127)
	at org.apache.hadoop.hdds.security.x509.certificate.client.DefaultCertificateClient.renewAndStoreKeyAndCertificate(DefaultCertificateClient.java:1008)
	at org.apache.hadoop.hdds.security.x509.certificate.client.DefaultCertificateClient$CertificateLifetimeMonitor.run(DefaultCertificateClient.java:1258)
	at java.util.concurrent.Executors$RunnableAdapter.call(Executors.java:511)
	at java.util.concurrent.FutureTask.runAndReset(FutureTask.java:308)
	at java.util.concurrent.ScheduledThreadPoolExecutor$ScheduledFutureTask.access$301(ScheduledThreadPoolExecutor.java:180)
	at java.util.concurrent.ScheduledThreadPoolExecutor$ScheduledFutureTask.run(ScheduledThreadPoolExecutor.java:294)
	at java.util.concurrent.ThreadPoolExecutor.runWorker(ThreadPoolExecutor.java:1149)
	at java.util.concurrent.ThreadPoolExecutor$Worker.run(ThreadPoolExecutor.java:624)
	at java.lang.Thread.run(Thread.java:750)
2023-05-18 01:37:07,347 [dn-CertificateLifetimeMonitor] ERROR client.DNCertificateClient (DefaultCertificateClient.java:run(1268)) - Failed to renew and store key and cert. Keep using existing certificates.
org.apache.hadoop.hdds.security.x509.exception.CertificateException: Error while signing and storing new certificates.
	at org.apache.hadoop.hdds.security.x509.certificate.client.DefaultCertificateClient.renewAndStoreKeyAndCertificate(DefaultCertificateClient.java:1011)
	at org.apache.hadoop.hdds.security.x509.certificate.client.DefaultCertificateClient$CertificateLifetimeMonitor.run(DefaultCertificateClient.java:1258)
	at java.util.concurrent.Executors$RunnableAdapter.call(Executors.java:511)
	at java.util.concurrent.FutureTask.runAndReset(FutureTask.java:308)
	at java.util.concurrent.ScheduledThreadPoolExecutor$ScheduledFutureTask.access$301(ScheduledThreadPoolExecutor.java:180)
	at java.util.concurrent.ScheduledThreadPoolExecutor$ScheduledFutureTask.run(ScheduledThreadPoolExecutor.java:294)
	at java.util.concurrent.ThreadPoolExecutor.runWorker(ThreadPoolExecutor.java:1149)
	at java.util.concurrent.ThreadPoolExecutor$Worker.run(ThreadPoolExecutor.java:624)
	at java.lang.Thread.run(Thread.java:750)
Caused by: org.apache.hadoop.hdds.security.x509.exception.CertificateException: Error while signing and storing SCM signed certificate.
	at org.apache.hadoop.hdds.security.x509.certificate.client.DNCertificateClient.signAndStoreCertificate(DNCertificateClient.java:132)
	at org.apache.hadoop.hdds.security.x509.certificate.client.DefaultCertificateClient.renewAndStoreKeyAndCertificate(DefaultCertificateClient.java:1008)
	... 8 more
Caused by: org.apache.hadoop.hdds.security.x509.exception.CertificateException: Unable to retrieve datanode certificate chain.
	at org.apache.hadoop.hdds.security.x509.certificate.client.DNCertificateClient.signAndStoreCertificate(DNCertificateClient.java:127)
	... 9 more
2023-05-18 01:37:08,593 [dn-CertificateLifetimeMonitor] INFO  client.DNCertificateClient (DefaultCertificateClient.java:run(1255)) - Current certificate has entered the expiry grace period PT0S. Starting renew key and certs.
2023-05-18 01:37:08,850 [dn-CertificateLifetimeMonitor] INFO  ozone.OzoneSecurityUtil (OzoneSecurityUtil.java:getValidInetsForCurrentHost(119)) - ip:fe80:0:0:0:222:48ff:fe46:ad37%eth0 not returned.
2023-05-18 01:37:08,850 [dn-CertificateLifetimeMonitor] INFO  ozone.OzoneSecurityUtil (OzoneSecurityUtil.java:getValidInetsForCurrentHost(116)) - Adding ip:10.1.0.38,host:fv-az335-872.st3fsr2bvbpu5iwsufzt3hrohh.gx.internal.cloudapp.net
2023-05-18 01:37:08,850 [dn-CertificateLifetimeMonitor] INFO  ozone.OzoneSecurityUtil (OzoneSecurityUtil.java:getValidInetsForCurrentHost(119)) - ip:0:0:0:0:0:0:0:1%lo not returned.
2023-05-18 01:37:08,850 [dn-CertificateLifetimeMonitor] INFO  ozone.OzoneSecurityUtil (OzoneSecurityUtil.java:getValidInetsForCurrentHost(119)) - ip:127.0.0.1 not returned.
2023-05-18 01:37:08,851 [dn-CertificateLifetimeMonitor] INFO  client.DNCertificateClient (DNCertificateClient.java:getCSRBuilder(86)) - Created csr for DN-> subject:runner@fv-az335-872.st3fsr2bvbpu5iwsufzt3hrohh.gx.internal.cloudapp.net
2023-05-18 01:37:08,853 [dn-CertificateLifetimeMonitor] ERROR client.DNCertificateClient (DNCertificateClient.java:signAndStoreCertificate(131)) - Error while signing and storing SCM signed certificate.
org.apache.hadoop.hdds.security.x509.exception.CertificateException: Unable to retrieve datanode certificate chain.
	at org.apache.hadoop.hdds.security.x509.certificate.client.DNCertificateClient.signAndStoreCertificate(DNCertificateClient.java:127)
	at org.apache.hadoop.hdds.security.x509.certificate.client.DefaultCertificateClient.renewAndStoreKeyAndCertificate(DefaultCertificateClient.java:1008)
	at org.apache.hadoop.hdds.security.x509.certificate.client.DefaultCertificateClient$CertificateLifetimeMonitor.run(DefaultCertificateClient.java:1258)
	at java.util.concurrent.Executors$RunnableAdapter.call(Executors.java:511)
	at java.util.concurrent.FutureTask.runAndReset(FutureTask.java:308)
	at java.util.concurrent.ScheduledThreadPoolExecutor$ScheduledFutureTask.access$301(ScheduledThreadPoolExecutor.java:180)
	at java.util.concurrent.ScheduledThreadPoolExecutor$ScheduledFutureTask.run(ScheduledThreadPoolExecutor.java:294)
	at java.util.concurrent.ThreadPoolExecutor.runWorker(ThreadPoolExecutor.java:1149)
	at java.util.concurrent.ThreadPoolExecutor$Worker.run(ThreadPoolExecutor.java:624)
	at java.lang.Thread.run(Thread.java:750)
2023-05-18 01:37:08,853 [dn-CertificateLifetimeMonitor] ERROR client.DNCertificateClient (DefaultCertificateClient.java:run(1268)) - Failed to renew and store key and cert. Keep using existing certificates.
org.apache.hadoop.hdds.security.x509.exception.CertificateException: Error while signing and storing new certificates.
	at org.apache.hadoop.hdds.security.x509.certificate.client.DefaultCertificateClient.renewAndStoreKeyAndCertificate(DefaultCertificateClient.java:1011)
	at org.apache.hadoop.hdds.security.x509.certificate.client.DefaultCertificateClient$CertificateLifetimeMonitor.run(DefaultCertificateClient.java:1258)
	at java.util.concurrent.Executors$RunnableAdapter.call(Executors.java:511)
	at java.util.concurrent.FutureTask.runAndReset(FutureTask.java:308)
	at java.util.concurrent.ScheduledThreadPoolExecutor$ScheduledFutureTask.access$301(ScheduledThreadPoolExecutor.java:180)
	at java.util.concurrent.ScheduledThreadPoolExecutor$ScheduledFutureTask.run(ScheduledThreadPoolExecutor.java:294)
	at java.util.concurrent.ThreadPoolExecutor.runWorker(ThreadPoolExecutor.java:1149)
	at java.util.concurrent.ThreadPoolExecutor$Worker.run(ThreadPoolExecutor.java:624)
	at java.lang.Thread.run(Thread.java:750)
Caused by: org.apache.hadoop.hdds.security.x509.exception.CertificateException: Error while signing and storing SCM signed certificate.
	at org.apache.hadoop.hdds.security.x509.certificate.client.DNCertificateClient.signAndStoreCertificate(DNCertificateClient.java:132)
	at org.apache.hadoop.hdds.security.x509.certificate.client.DefaultCertificateClient.renewAndStoreKeyAndCertificate(DefaultCertificateClient.java:1008)
	... 8 more
Caused by: org.apache.hadoop.hdds.security.x509.exception.CertificateException: Unable to retrieve datanode certificate chain.
	at org.apache.hadoop.hdds.security.x509.certificate.client.DNCertificateClient.signAndStoreCertificate(DNCertificateClient.java:127)
	... 9 more
2023-05-18 01:37:08,854 [dn-CertificateLifetimeMonitor] INFO  client.DNCertificateClient (DefaultCertificateClient.java:run(1255)) - Current certificate has entered the expiry grace period PT0S. Starting renew key and certs.
2023-05-18 01:37:09,441 [dn-CertificateLifetimeMonitor] INFO  ozone.OzoneSecurityUtil (OzoneSecurityUtil.java:getValidInetsForCurrentHost(119)) - ip:fe80:0:0:0:222:48ff:fe46:ad37%eth0 not returned.
2023-05-18 01:37:09,442 [dn-CertificateLifetimeMonitor] INFO  ozone.OzoneSecurityUtil (OzoneSecurityUtil.java:getValidInetsForCurrentHost(116)) - Adding ip:10.1.0.38,host:fv-az335-872.st3fsr2bvbpu5iwsufzt3hrohh.gx.internal.cloudapp.net
2023-05-18 01:37:09,442 [dn-CertificateLifetimeMonitor] INFO  ozone.OzoneSecurityUtil (OzoneSecurityUtil.java:getValidInetsForCurrentHost(119)) - ip:0:0:0:0:0:0:0:1%lo not returned.
2023-05-18 01:37:09,442 [dn-CertificateLifetimeMonitor] INFO  ozone.OzoneSecurityUtil (OzoneSecurityUtil.java:getValidInetsForCurrentHost(119)) - ip:127.0.0.1 not returned.
2023-05-18 01:37:09,442 [dn-CertificateLifetimeMonitor] INFO  client.DNCertificateClient (DNCertificateClient.java:getCSRBuilder(86)) - Created csr for DN-> subject:runner@fv-az335-872.st3fsr2bvbpu5iwsufzt3hrohh.gx.internal.cloudapp.net
2023-05-18 01:37:09,444 [dn-CertificateLifetimeMonitor] ERROR client.DNCertificateClient (DNCertificateClient.java:signAndStoreCertificate(131)) - Error while signing and storing SCM signed certificate.
org.apache.hadoop.hdds.security.x509.exception.CertificateException: Unable to retrieve datanode certificate chain.
	at org.apache.hadoop.hdds.security.x509.certificate.client.DNCertificateClient.signAndStoreCertificate(DNCertificateClient.java:127)
	at org.apache.hadoop.hdds.security.x509.certificate.client.DefaultCertificateClient.renewAndStoreKeyAndCertificate(DefaultCertificateClient.java:1008)
	at org.apache.hadoop.hdds.security.x509.certificate.client.DefaultCertificateClient$CertificateLifetimeMonitor.run(DefaultCertificateClient.java:1258)
	at java.util.concurrent.Executors$RunnableAdapter.call(Executors.java:511)
	at java.util.concurrent.FutureTask.runAndReset(FutureTask.java:308)
	at java.util.concurrent.ScheduledThreadPoolExecutor$ScheduledFutureTask.access$301(ScheduledThreadPoolExecutor.java:180)
	at java.util.concurrent.ScheduledThreadPoolExecutor$ScheduledFutureTask.run(ScheduledThreadPoolExecutor.java:294)
	at java.util.concurrent.ThreadPoolExecutor.runWorker(ThreadPoolExecutor.java:1149)
	at java.util.concurrent.ThreadPoolExecutor$Worker.run(ThreadPoolExecutor.java:624)
	at java.lang.Thread.run(Thread.java:750)
2023-05-18 01:37:09,445 [dn-CertificateLifetimeMonitor] ERROR client.DNCertificateClient (DefaultCertificateClient.java:run(1268)) - Failed to renew and store key and cert. Keep using existing certificates.
org.apache.hadoop.hdds.security.x509.exception.CertificateException: Error while signing and storing new certificates.
	at org.apache.hadoop.hdds.security.x509.certificate.client.DefaultCertificateClient.renewAndStoreKeyAndCertificate(DefaultCertificateClient.java:1011)
	at org.apache.hadoop.hdds.security.x509.certificate.client.DefaultCertificateClient$CertificateLifetimeMonitor.run(DefaultCertificateClient.java:1258)
	at java.util.concurrent.Executors$RunnableAdapter.call(Executors.java:511)
	at java.util.concurrent.FutureTask.runAndReset(FutureTask.java:308)
	at java.util.concurrent.ScheduledThreadPoolExecutor$ScheduledFutureTask.access$301(ScheduledThreadPoolExecutor.java:180)
	at java.util.concurrent.ScheduledThreadPoolExecutor$ScheduledFutureTask.run(ScheduledThreadPoolExecutor.java:294)
	at java.util.concurrent.ThreadPoolExecutor.runWorker(ThreadPoolExecutor.java:1149)
	at java.util.concurrent.ThreadPoolExecutor$Worker.run(ThreadPoolExecutor.java:624)
	at java.lang.Thread.run(Thread.java:750)
Caused by: org.apache.hadoop.hdds.security.x509.exception.CertificateException: Error while signing and storing SCM signed certificate.
	at org.apache.hadoop.hdds.security.x509.certificate.client.DNCertificateClient.signAndStoreCertificate(DNCertificateClient.java:132)
	at org.apache.hadoop.hdds.security.x509.certificate.client.DefaultCertificateClient.renewAndStoreKeyAndCertificate(DefaultCertificateClient.java:1008)
	... 8 more
Caused by: org.apache.hadoop.hdds.security.x509.exception.CertificateException: Unable to retrieve datanode certificate chain.
	at org.apache.hadoop.hdds.security.x509.certificate.client.DNCertificateClient.signAndStoreCertificate(DNCertificateClient.java:127)
	... 9 more
2023-05-18 01:37:10,259 [dn-CertificateLifetimeMonitor] INFO  client.DNCertificateClient (DefaultCertificateClient.java:run(1255)) - Current certificate has entered the expiry grace period PT0S. Starting renew key and certs.
]]></system-out>
  </testcase>
</testsuite>