<?xml version="1.0" encoding="UTF-8"?>
<testsuite xmlns:xsi="http://www.w3.org/2001/XMLSchema-instance" xsi:noNamespaceSchemaLocation="https://maven.apache.org/surefire/maven-surefire-plugin/xsd/surefire-test-report-3.0.xsd" version="3.0" name="org.apache.hadoop.ozone.security.TestOzoneDelegationTokenSecretManager" time="7.955" tests="14" errors="0" skipped="0" failures="1">
  <properties>
    <property name="awt.toolkit" value="sun.awt.X11.XToolkit"/>
    <property name="file.encoding.pkg" value="sun.io"/>
    <property name="java.specification.version" value="1.8"/>
    <property name="sun.cpu.isalist" value=""/>
    <property name="sun.jnu.encoding" value="UTF-8"/>
    <property name="java.class.path" value="/home/runner/work/ozone/ozone/hadoop-ozone/ozone-manager/target/test-classes:/home/runner/work/ozone/ozone/hadoop-ozone/ozone-manager/target/classes:/home/runner/.m2/repository/org/aspectj/aspectjrt/1.9.7/aspectjrt-1.9.7.jar:/home/runner/.m2/repository/org/aspectj/aspectjweaver/1.9.7/aspectjweaver-1.9.7.jar:/home/runner/work/ozone/ozone/hadoop-ozone/common/target/classes:/home/runner/.m2/repository/io/grpc/grpc-netty/1.51.1/grpc-netty-1.51.1.jar:/home/runner/.m2/repository/io/grpc/grpc-core/1.51.1/grpc-core-1.51.1.jar:/home/runner/.m2/repository/com/google/android/annotations/4.1.1.4/annotations-4.1.1.4.jar:/home/runner/.m2/repository/org/codehaus/mojo/animal-sniffer-annotations/1.21/animal-sniffer-annotations-1.21.jar:/home/runner/.m2/repository/com/google/errorprone/error_prone_annotations/2.2.0/error_prone_annotations-2.2.0.jar:/home/runner/.m2/repository/io/perfmark/perfmark-api/0.25.0/perfmark-api-0.25.0.jar:/home/runner/.m2/repository/io/netty/netty-transport-native-unix-common/4.1.86.Final/netty-transport-native-unix-common-4.1.86.Final.jar:/home/runner/.m2/repository/io/netty/netty-codec-http2/4.1.86.Final/netty-codec-http2-4.1.86.Final.jar:/home/runner/.m2/repository/io/netty/netty-common/4.1.86.Final/netty-common-4.1.86.Final.jar:/home/runner/.m2/repository/io/netty/netty-buffer/4.1.86.Final/netty-buffer-4.1.86.Final.jar:/home/runner/.m2/repository/io/netty/netty-transport/4.1.86.Final/netty-transport-4.1.86.Final.jar:/home/runner/.m2/repository/io/netty/netty-resolver/4.1.86.Final/netty-resolver-4.1.86.Final.jar:/home/runner/.m2/repository/io/netty/netty-codec/4.1.86.Final/netty-codec-4.1.86.Final.jar:/home/runner/.m2/repository/io/netty/netty-handler/4.1.86.Final/netty-handler-4.1.86.Final.jar:/home/runner/.m2/repository/io/netty/netty-codec-http/4.1.86.Final/netty-codec-http-4.1.86.Final.jar:/home/runner/.m2/repository/io/netty/netty-handler-proxy/4.1.86.Final/netty-handler-proxy-4.1.86.Final.jar:/home/runner/.m2/repository/io/netty/netty-codec-socks/4.1.86.Final/netty-codec-socks-4.1.86.Final.jar:/home/runner/.m2/repository/org/apache/commons/commons-compress/1.21/commons-compress-1.21.jar:/home/runner/work/ozone/ozone/hadoop-hdds/common/target/classes:/home/runner/work/ozone/ozone/hadoop-hdds/client/target/classes:/home/runner/work/ozone/ozone/hadoop-ozone/interface-client/target/classes:/home/runner/.m2/repository/io/grpc/grpc-protobuf/1.51.1/grpc-protobuf-1.51.1.jar:/home/runner/.m2/repository/com/google/api/grpc/proto-google-common-protos/2.9.0/proto-google-common-protos-2.9.0.jar:/home/runner/.m2/repository/io/grpc/grpc-protobuf-lite/1.51.1/grpc-protobuf-lite-1.51.1.jar:/home/runner/.m2/repository/io/grpc/grpc-stub/1.51.1/grpc-stub-1.51.1.jar:/home/runner/.m2/repository/org/apache/hadoop/hadoop-hdfs-client/3.3.6/hadoop-hdfs-client-3.3.6.jar:/home/runner/.m2/repository/com/squareup/okhttp3/okhttp/4.9.3/okhttp-4.9.3.jar:/home/runner/.m2/repository/com/squareup/okio/okio/2.8.0/okio-2.8.0.jar:/home/runner/.m2/repository/org/jetbrains/kotlin/kotlin-stdlib-common/1.6.21/kotlin-stdlib-common-1.6.21.jar:/home/runner/.m2/repository/com/fasterxml/jackson/core/jackson-databind/2.13.4.2/jackson-databind-2.13.4.2.jar:/home/runner/work/ozone/ozone/hadoop-ozone/client/target/classes:/home/runner/work/ozone/ozone/hadoop-hdds/erasurecode/target/classes:/home/runner/work/ozone/ozone/hadoop-hdds/docs/target/classes:/home/runner/work/ozone/ozone/hadoop-hdds/interface-client/target/classes:/home/runner/.m2/repository/com/google/protobuf/protobuf-java/2.5.0/protobuf-java-2.5.0.jar:/home/runner/.m2/repository/org/apache/hadoop/thirdparty/hadoop-shaded-protobuf_3_7/1.1.1/hadoop-shaded-protobuf_3_7-1.1.1.jar:/home/runner/.m2/repository/org/apache/ratis/ratis-thirdparty-misc/1.0.4/ratis-thirdparty-misc-1.0.4.jar:/home/runner/.m2/repository/javax/annotation/javax.annotation-api/1.2/javax.annotation-api-1.2.jar:/home/runner/.m2/repository/com/google/code/findbugs/jsr305/3.0.0/jsr305-3.0.0.jar:/home/runner/work/ozone/ozone/hadoop-ozone/interface-storage/target/classes:/home/runner/work/ozone/ozone/hadoop-hdds/test-utils/target/classes:/home/runner/.m2/repository/com/google/guava/guava/32.0.0-jre/guava-32.0.0-jre.jar:/home/runner/.m2/repository/com/google/guava/failureaccess/1.0.1/failureaccess-1.0.1.jar:/home/runner/.m2/repository/com/google/guava/listenablefuture/9999.0-empty-to-avoid-conflict-with-guava/listenablefuture-9999.0-empty-to-avoid-conflict-with-guava.jar:/home/runner/.m2/repository/org/checkerframework/checker-qual/3.33.0/checker-qual-3.33.0.jar:/home/runner/.m2/repository/com/google/j2objc/j2objc-annotations/2.8/j2objc-annotations-2.8.jar:/home/runner/.m2/repository/commons-io/commons-io/2.11.0/commons-io-2.11.0.jar:/home/runner/.m2/repository/commons-logging/commons-logging/1.2/commons-logging-1.2.jar:/home/runner/.m2/repository/org/junit/jupiter/junit-jupiter-api/5.8.2/junit-jupiter-api-5.8.2.jar:/home/runner/.m2/repository/org/opentest4j/opentest4j/1.2.0/opentest4j-1.2.0.jar:/home/runner/.m2/repository/org/junit/platform/junit-platform-commons/1.8.2/junit-platform-commons-1.8.2.jar:/home/runner/.m2/repository/ch/qos/reload4j/reload4j/1.2.22/reload4j-1.2.22.jar:/home/runner/.m2/repository/org/apache/commons/commons-lang3/3.7/commons-lang3-3.7.jar:/home/runner/.m2/repository/org/slf4j/slf4j-api/1.7.36/slf4j-api-1.7.36.jar:/home/runner/work/ozone/ozone/hadoop-hdds/framework/target/classes:/home/runner/work/ozone/ozone/hadoop-hdds/interface-server/target/classes:/home/runner/work/ozone/ozone/hadoop-hdds/interface-admin/target/classes:/home/runner/work/ozone/ozone/hadoop-hdds/managed-rocksdb/target/classes:/home/runner/.m2/repository/org/slf4j/slf4j-reload4j/1.7.36/slf4j-reload4j-1.7.36.jar:/home/runner/.m2/repository/org/apache/commons/commons-configuration2/2.1.1/commons-configuration2-2.1.1.jar:/home/runner/.m2/repository/commons-fileupload/commons-fileupload/1.5/commons-fileupload-1.5.jar:/home/runner/.m2/repository/org/apache/logging/log4j/log4j-core/2.17.1/log4j-core-2.17.1.jar:/home/runner/.m2/repository/com/lmax/disruptor/3.4.2/disruptor-3.4.2.jar:/home/runner/.m2/repository/org/eclipse/jetty/jetty-util/9.4.51.v20230217/jetty-util-9.4.51.v20230217.jar:/home/runner/.m2/repository/org/eclipse/jetty/jetty-server/9.4.51.v20230217/jetty-server-9.4.51.v20230217.jar:/home/runner/.m2/repository/javax/servlet/javax.servlet-api/3.1.0/javax.servlet-api-3.1.0.jar:/home/runner/.m2/repository/org/eclipse/jetty/jetty-http/9.4.51.v20230217/jetty-http-9.4.51.v20230217.jar:/home/runner/.m2/repository/org/eclipse/jetty/jetty-servlet/9.4.51.v20230217/jetty-servlet-9.4.51.v20230217.jar:/home/runner/.m2/repository/org/eclipse/jetty/jetty-security/9.4.51.v20230217/jetty-security-9.4.51.v20230217.jar:/home/runner/.m2/repository/org/eclipse/jetty/jetty-util-ajax/9.4.51.v20230217/jetty-util-ajax-9.4.51.v20230217.jar:/home/runner/.m2/repository/org/eclipse/jetty/jetty-webapp/9.4.51.v20230217/jetty-webapp-9.4.51.v20230217.jar:/home/runner/.m2/repository/org/eclipse/jetty/jetty-xml/9.4.51.v20230217/jetty-xml-9.4.51.v20230217.jar:/home/runner/.m2/repository/org/apache/ratis/ratis-server/2.5.1/ratis-server-2.5.1.jar:/home/runner/.m2/repository/org/apache/ratis/ratis-proto/2.5.1/ratis-proto-2.5.1.jar:/home/runner/.m2/repository/org/apache/ratis/ratis-common/2.5.1/ratis-common-2.5.1.jar:/home/runner/.m2/repository/org/apache/ratis/ratis-client/2.5.1/ratis-client-2.5.1.jar:/home/runner/.m2/repository/org/apache/ratis/ratis-server-api/2.5.1/ratis-server-api-2.5.1.jar:/home/runner/.m2/repository/org/apache/ratis/ratis-metrics/2.5.1/ratis-metrics-2.5.1.jar:/home/runner/.m2/repository/io/prometheus/simpleclient_dropwizard/0.7.0/simpleclient_dropwizard-0.7.0.jar:/home/runner/.m2/repository/io/prometheus/simpleclient/0.7.0/simpleclient-0.7.0.jar:/home/runner/.m2/repository/io/prometheus/simpleclient_common/0.7.0/simpleclient_common-0.7.0.jar:/home/runner/.m2/repository/com/fasterxml/jackson/datatype/jackson-datatype-jsr310/2.13.4/jackson-datatype-jsr310-2.13.4.jar:/home/runner/.m2/repository/com/fasterxml/jackson/core/jackson-core/2.13.4/jackson-core-2.13.4.jar:/home/runner/.m2/repository/org/awaitility/awaitility/4.2.0/awaitility-4.2.0.jar:/home/runner/.m2/repository/org/hamcrest/hamcrest/2.1/hamcrest-2.1.jar:/home/runner/work/ozone/ozone/hadoop-hdds/hadoop-dependency-server/target/classes:/home/runner/.m2/repository/org/apache/hadoop/hadoop-annotations/3.3.6/hadoop-annotations-3.3.6.jar:/usr/lib/jvm/temurin-8-jdk-amd64/jre/../lib/tools.jar:/home/runner/.m2/repository/org/apache/hadoop/hadoop-common/3.3.6/hadoop-common-3.3.6.jar:/home/runner/.m2/repository/org/apache/hadoop/thirdparty/hadoop-shaded-guava/1.1.1/hadoop-shaded-guava-1.1.1.jar:/home/runner/.m2/repository/org/apache/httpcomponents/httpclient/4.5.13/httpclient-4.5.13.jar:/home/runner/.m2/repository/org/apache/httpcomponents/httpcore/4.4.13/httpcore-4.4.13.jar:/home/runner/.m2/repository/commons-net/commons-net/3.9.0/commons-net-3.9.0.jar:/home/runner/.m2/repository/commons-collections/commons-collections/3.2.2/commons-collections-3.2.2.jar:/home/runner/.m2/repository/jakarta/activation/jakarta.activation-api/1.2.2/jakarta.activation-api-1.2.2.jar:/home/runner/.m2/repository/javax/servlet/jsp/jsp-api/2.1/jsp-api-2.1.jar:/home/runner/.m2/repository/com/sun/jersey/jersey-servlet/1.19/jersey-servlet-1.19.jar:/home/runner/.m2/repository/com/sun/jersey/jersey-server/1.19/jersey-server-1.19.jar:/home/runner/.m2/repository/commons-beanutils/commons-beanutils/1.9.4/commons-beanutils-1.9.4.jar:/home/runner/.m2/repository/com/google/re2j/re2j/1.1/re2j-1.1.jar:/home/runner/.m2/repository/com/google/code/gson/gson/2.9.0/gson-2.9.0.jar:/home/runner/.m2/repository/org/apache/hadoop/hadoop-auth/3.3.6/hadoop-auth-3.3.6.jar:/home/runner/.m2/repository/com/nimbusds/nimbus-jose-jwt/9.8.1/nimbus-jose-jwt-9.8.1.jar:/home/runner/.m2/repository/com/github/stephenc/jcip/jcip-annotations/1.0-1/jcip-annotations-1.0-1.jar:/home/runner/.m2/repository/com/jcraft/jsch/0.1.54/jsch-0.1.54.jar:/home/runner/.m2/repository/org/apache/kerby/kerb-core/1.0.1/kerb-core-1.0.1.jar:/home/runner/.m2/repository/org/apache/kerby/kerby-pkix/1.0.1/kerby-pkix-1.0.1.jar:/home/runner/.m2/repository/org/apache/kerby/kerby-asn1/1.0.1/kerby-asn1-1.0.1.jar:/home/runner/.m2/repository/org/apache/kerby/kerby-util/1.0.1/kerby-util-1.0.1.jar:/home/runner/.m2/repository/org/codehaus/woodstox/stax2-api/4.2.1/stax2-api-4.2.1.jar:/home/runner/.m2/repository/com/fasterxml/woodstox/woodstox-core/5.4.0/woodstox-core-5.4.0.jar:/home/runner/.m2/repository/dnsjava/dnsjava/2.1.7/dnsjava-2.1.7.jar:/home/runner/.m2/repository/org/xerial/snappy/snappy-java/1.1.8.2/snappy-java-1.1.8.2.jar:/home/runner/.m2/repository/commons-cli/commons-cli/1.2/commons-cli-1.2.jar:/home/runner/.m2/repository/org/apache/hadoop/hadoop-hdfs/3.3.6/hadoop-hdfs-3.3.6.jar:/home/runner/.m2/repository/commons-daemon/commons-daemon/1.0.13/commons-daemon-1.0.13.jar:/home/runner/work/ozone/ozone/hadoop-hdds/rocksdb-checkpoint-differ/target/classes:/home/runner/.m2/repository/org/rocksdb/rocksdbjni/7.7.3/rocksdbjni-7.7.3.jar:/home/runner/.m2/repository/org/bouncycastle/bcprov-jdk15on/1.67/bcprov-jdk15on-1.67.jar:/home/runner/.m2/repository/io/netty/netty-tcnative-boringssl-static/2.0.54.Final/netty-tcnative-boringssl-static-2.0.54.Final.jar:/home/runner/.m2/repository/io/netty/netty-tcnative-classes/2.0.54.Final/netty-tcnative-classes-2.0.54.Final.jar:/home/runner/.m2/repository/io/netty/netty-tcnative-boringssl-static/2.0.54.Final/netty-tcnative-boringssl-static-2.0.54.Final-linux-x86_64.jar:/home/runner/.m2/repository/io/netty/netty-tcnative-boringssl-static/2.0.54.Final/netty-tcnative-boringssl-static-2.0.54.Final-linux-aarch_64.jar:/home/runner/.m2/repository/io/netty/netty-tcnative-boringssl-static/2.0.54.Final/netty-tcnative-boringssl-static-2.0.54.Final-osx-x86_64.jar:/home/runner/.m2/repository/io/netty/netty-tcnative-boringssl-static/2.0.54.Final/netty-tcnative-boringssl-static-2.0.54.Final-osx-aarch_64.jar:/home/runner/.m2/repository/io/netty/netty-tcnative-boringssl-static/2.0.54.Final/netty-tcnative-boringssl-static-2.0.54.Final-windows-x86_64.jar:/home/runner/.m2/repository/org/mockito/mockito-core/3.5.9/mockito-core-3.5.9.jar:/home/runner/.m2/repository/net/bytebuddy/byte-buddy/1.10.13/byte-buddy-1.10.13.jar:/home/runner/.m2/repository/net/bytebuddy/byte-buddy-agent/1.10.13/byte-buddy-agent-1.10.13.jar:/home/runner/.m2/repository/org/objenesis/objenesis/1.0/objenesis-1.0.jar:/home/runner/.m2/repository/com/github/spotbugs/spotbugs-annotations/3.1.12/spotbugs-annotations-3.1.12.jar:/home/runner/work/ozone/ozone/hadoop-hdds/common/target/test-classes:/home/runner/work/ozone/ozone/hadoop-hdds/hadoop-dependency-client/target/classes:/home/runner/.m2/repository/info/picocli/picocli/4.6.1/picocli-4.6.1.jar:/home/runner/.m2/repository/com/fasterxml/jackson/core/jackson-annotations/2.13.4/jackson-annotations-2.13.4.jar:/home/runner/work/ozone/ozone/hadoop-hdds/annotations/target/classes:/home/runner/work/ozone/ozone/hadoop-hdds/config/target/classes:/home/runner/.m2/repository/io/dropwizard/metrics/metrics-core/3.2.4/metrics-core-3.2.4.jar:/home/runner/.m2/repository/org/apache/ratis/ratis-netty/2.5.1/ratis-netty-2.5.1.jar:/home/runner/.m2/repository/org/apache/ratis/ratis-grpc/2.5.1/ratis-grpc-2.5.1.jar:/home/runner/.m2/repository/org/apache/logging/log4j/log4j-api/2.17.1/log4j-api-2.17.1.jar:/home/runner/.m2/repository/org/apache/commons/commons-pool2/2.6.0/commons-pool2-2.6.0.jar:/home/runner/.m2/repository/org/bouncycastle/bcpkix-jdk15on/1.67/bcpkix-jdk15on-1.67.jar:/home/runner/.m2/repository/commons-validator/commons-validator/1.6/commons-validator-1.6.jar:/home/runner/.m2/repository/commons-digester/commons-digester/1.8.1/commons-digester-1.8.1.jar:/home/runner/.m2/repository/io/jaegertracing/jaeger-client/1.6.0/jaeger-client-1.6.0.jar:/home/runner/.m2/repository/io/jaegertracing/jaeger-thrift/1.6.0/jaeger-thrift-1.6.0.jar:/home/runner/.m2/repository/org/apache/thrift/libthrift/0.14.1/libthrift-0.14.1.jar:/home/runner/.m2/repository/io/jaegertracing/jaeger-core/1.6.0/jaeger-core-1.6.0.jar:/home/runner/.m2/repository/io/jaegertracing/jaeger-tracerresolver/1.6.0/jaeger-tracerresolver-1.6.0.jar:/home/runner/.m2/repository/io/opentracing/contrib/opentracing-tracerresolver/0.1.8/opentracing-tracerresolver-0.1.8.jar:/home/runner/.m2/repository/org/jetbrains/kotlin/kotlin-stdlib/1.6.21/kotlin-stdlib-1.6.21.jar:/home/runner/.m2/repository/org/jetbrains/annotations/13.0/annotations-13.0.jar:/home/runner/.m2/repository/io/opentracing/opentracing-util/0.33.0/opentracing-util-0.33.0.jar:/home/runner/.m2/repository/io/opentracing/opentracing-api/0.33.0/opentracing-api-0.33.0.jar:/home/runner/.m2/repository/io/opentracing/opentracing-noop/0.33.0/opentracing-noop-0.33.0.jar:/home/runner/.m2/repository/org/yaml/snakeyaml/2.0/snakeyaml-2.0.jar:/home/runner/.m2/repository/io/grpc/grpc-api/1.51.1/grpc-api-1.51.1.jar:/home/runner/.m2/repository/io/grpc/grpc-context/1.51.1/grpc-context-1.51.1.jar:/home/runner/work/ozone/ozone/hadoop-hdds/hadoop-dependency-test/target/classes:/home/runner/.m2/repository/org/apache/hadoop/hadoop-common/3.3.6/hadoop-common-3.3.6-tests.jar:/home/runner/.m2/repository/org/apache/hadoop/hadoop-hdfs/3.3.6/hadoop-hdfs-3.3.6-tests.jar:/home/runner/.m2/repository/commons-codec/commons-codec/1.15/commons-codec-1.15.jar:/home/runner/.m2/repository/org/assertj/assertj-core/3.12.2/assertj-core-3.12.2.jar:/home/runner/work/ozone/ozone/hadoop-hdds/server-scm/target/test-classes:/home/runner/work/ozone/ozone/hadoop-hdds/container-service/target/classes:/home/runner/.m2/repository/com/github/luben/zstd-jni/1.5.2-5/zstd-jni-1.5.2-5.jar:/home/runner/.m2/repository/javax/xml/bind/jaxb-api/2.3.0/jaxb-api-2.3.0.jar:/home/runner/.m2/repository/org/glassfish/jaxb/jaxb-runtime/2.3.0.1/jaxb-runtime-2.3.0.1.jar:/home/runner/.m2/repository/org/glassfish/jaxb/jaxb-core/2.3.0.1/jaxb-core-2.3.0.1.jar:/home/runner/.m2/repository/org/glassfish/jaxb/txw2/2.3.0.1/txw2-2.3.0.1.jar:/home/runner/.m2/repository/com/sun/istack/istack-commons-runtime/3.0.5/istack-commons-runtime-3.0.5.jar:/home/runner/.m2/repository/org/jvnet/staxex/stax-ex/1.7.8/stax-ex-1.7.8.jar:/home/runner/.m2/repository/com/sun/xml/fastinfoset/FastInfoset/1.2.13/FastInfoset-1.2.13.jar:/home/runner/.m2/repository/org/apache/commons/commons-text/1.10.0/commons-text-1.10.0.jar:/home/runner/.m2/repository/junit/junit/4.13.1/junit-4.13.1.jar:/home/runner/.m2/repository/org/hamcrest/hamcrest-core/1.3/hamcrest-core-1.3.jar:/home/runner/.m2/repository/org/jmockit/jmockit/1.24/jmockit-1.24.jar:/home/runner/.m2/repository/org/hamcrest/hamcrest-all/1.3/hamcrest-all-1.3.jar:/home/runner/.m2/repository/com/google/testing/compile/compile-testing/0.19/compile-testing-0.19.jar:/home/runner/.m2/repository/com/google/truth/truth/1.1/truth-1.1.jar:/home/runner/.m2/repository/com/google/auto/value/auto-value-annotations/1.7.4/auto-value-annotations-1.7.4.jar:/home/runner/.m2/repository/org/ow2/asm/asm/5.0.4/asm-5.0.4.jar:/home/runner/.m2/repository/com/google/auto/value/auto-value/1.7.4/auto-value-1.7.4.jar:/home/runner/.m2/repository/com/google/auto/auto-common/0.11/auto-common-0.11.jar:/usr/lib/jvm/temurin-8-jdk-amd64/jre/../lib/tools.jar:/home/runner/.m2/repository/org/reflections/reflections/0.9.11/reflections-0.9.11.jar:/home/runner/.m2/repository/org/javassist/javassist/3.21.0-GA/javassist-3.21.0-GA.jar:/home/runner/.m2/repository/com/sun/jersey/jersey-client/1.19/jersey-client-1.19.jar:/home/runner/.m2/repository/com/sun/jersey/jersey-core/1.19/jersey-core-1.19.jar:/home/runner/.m2/repository/javax/ws/rs/jsr311-api/1.1.1/jsr311-api-1.1.1.jar:/home/runner/.m2/repository/org/codehaus/jackson/jackson-core-asl/1.9.13/jackson-core-asl-1.9.13.jar:/home/runner/.m2/repository/org/codehaus/jackson/jackson-mapper-asl/1.9.13/jackson-mapper-asl-1.9.13.jar:/home/runner/.m2/repository/org/codehaus/jackson/jackson-jaxrs/1.9.13/jackson-jaxrs-1.9.13.jar:/home/runner/.m2/repository/org/apache/ranger/ranger-intg/2.3.0/ranger-intg-2.3.0.jar:/home/runner/.m2/repository/org/apache/ranger/ranger-plugins-common/2.3.0/ranger-plugins-common-2.3.0.jar:/home/runner/.m2/repository/commons-lang/commons-lang/2.6/commons-lang-2.6.jar:/home/runner/.m2/repository/org/apache/ranger/ranger-plugins-cred/2.3.0/ranger-plugins-cred-2.3.0.jar:/home/runner/.m2/repository/org/apache/ranger/ranger-plugins-audit/2.3.0/ranger-plugins-audit-2.3.0.jar:/home/runner/.m2/repository/org/eclipse/jetty/jetty-client/9.4.51.v20230217/jetty-client-9.4.51.v20230217.jar:/home/runner/.m2/repository/org/apache/httpcomponents/httpmime/4.5.6/httpmime-4.5.6.jar:/home/runner/.m2/repository/org/apache/httpcomponents/httpcore-nio/4.4.13/httpcore-nio-4.4.13.jar:/home/runner/.m2/repository/org/apache/httpcomponents/httpasyncclient/4.1.3/httpasyncclient-4.1.3.jar:/home/runner/.m2/repository/joda-time/joda-time/2.10.6/joda-time-2.10.6.jar:/home/runner/.m2/repository/com/carrotsearch/hppc/0.8.0/hppc-0.8.0.jar:/home/runner/.m2/repository/org/apache/orc/orc-core/1.5.8/orc-core-1.5.8.jar:/home/runner/.m2/repository/net/java/dev/jna/jna/5.2.0/jna-5.2.0.jar:/home/runner/.m2/repository/net/java/dev/jna/jna-platform/5.2.0/jna-platform-5.2.0.jar:/home/runner/.m2/repository/com/kstruct/gethostname4j/0.0.2/gethostname4j-0.0.2.jar:/home/runner/.m2/repository/org/apache/ranger/ranger-plugin-classloader/2.3.0/ranger-plugin-classloader-2.3.0.jar:/home/runner/.m2/repository/org/junit/jupiter/junit-jupiter-params/5.8.2/junit-jupiter-params-5.8.2.jar:/home/runner/.m2/repository/org/apiguardian/apiguardian-api/1.1.2/apiguardian-api-1.1.2.jar:/home/runner/work/ozone/ozone/hadoop-hdds/rocks-native/target/classes:/home/runner/.m2/repository/org/eclipse/jetty/jetty-io/9.4.51.v20230217/jetty-io-9.4.51.v20230217.jar:/home/runner/.m2/repository/org/mockito/mockito-junit-jupiter/3.5.9/mockito-junit-jupiter-3.5.9.jar:"/>
    <property name="java.vm.vendor" value="Temurin"/>
    <property name="sun.arch.data.model" value="64"/>
    <property name="test.build.dir" value="/home/runner/work/ozone/ozone/hadoop-ozone/ozone-manager/target/test-dir"/>
    <property name="test.cache.data" value=""/>
    <property name="java.vendor.url" value="https://adoptium.net/"/>
    <property name="user.timezone" value="Etc/UTC"/>
    <property name="java.vm.specification.version" value="1.8"/>
    <property name="os.name" value="Linux"/>
    <property name="test.build.data" value="/home/runner/work/ozone/ozone/hadoop-ozone/ozone-manager/target/test-dir"/>
    <property name="sun.java.launcher" value="SUN_STANDARD"/>
    <property name="sun.boot.library.path" value="/usr/lib/jvm/temurin-8-jdk-amd64/jre/lib/amd64"/>
    <property name="sun.java.command" value="/home/runner/work/ozone/ozone/hadoop-ozone/ozone-manager/target/surefire/surefirebooter2719328011276818684.jar /home/runner/work/ozone/ozone/hadoop-ozone/ozone-manager/target/surefire 2023-07-09T11-50-36_973-jvmRun1 surefire1811199206290179988tmp surefire_432986686827849300796tmp"/>
    <property name="native.lib.tmp.dir" value="/tmp"/>
    <property name="surefire.test.class.path" value="/home/runner/work/ozone/ozone/hadoop-ozone/ozone-manager/target/test-classes:/home/runner/work/ozone/ozone/hadoop-ozone/ozone-manager/target/classes:/home/runner/.m2/repository/org/aspectj/aspectjrt/1.9.7/aspectjrt-1.9.7.jar:/home/runner/.m2/repository/org/aspectj/aspectjweaver/1.9.7/aspectjweaver-1.9.7.jar:/home/runner/work/ozone/ozone/hadoop-ozone/common/target/classes:/home/runner/.m2/repository/io/grpc/grpc-netty/1.51.1/grpc-netty-1.51.1.jar:/home/runner/.m2/repository/io/grpc/grpc-core/1.51.1/grpc-core-1.51.1.jar:/home/runner/.m2/repository/com/google/android/annotations/4.1.1.4/annotations-4.1.1.4.jar:/home/runner/.m2/repository/org/codehaus/mojo/animal-sniffer-annotations/1.21/animal-sniffer-annotations-1.21.jar:/home/runner/.m2/repository/com/google/errorprone/error_prone_annotations/2.2.0/error_prone_annotations-2.2.0.jar:/home/runner/.m2/repository/io/perfmark/perfmark-api/0.25.0/perfmark-api-0.25.0.jar:/home/runner/.m2/repository/io/netty/netty-transport-native-unix-common/4.1.86.Final/netty-transport-native-unix-common-4.1.86.Final.jar:/home/runner/.m2/repository/io/netty/netty-codec-http2/4.1.86.Final/netty-codec-http2-4.1.86.Final.jar:/home/runner/.m2/repository/io/netty/netty-common/4.1.86.Final/netty-common-4.1.86.Final.jar:/home/runner/.m2/repository/io/netty/netty-buffer/4.1.86.Final/netty-buffer-4.1.86.Final.jar:/home/runner/.m2/repository/io/netty/netty-transport/4.1.86.Final/netty-transport-4.1.86.Final.jar:/home/runner/.m2/repository/io/netty/netty-resolver/4.1.86.Final/netty-resolver-4.1.86.Final.jar:/home/runner/.m2/repository/io/netty/netty-codec/4.1.86.Final/netty-codec-4.1.86.Final.jar:/home/runner/.m2/repository/io/netty/netty-handler/4.1.86.Final/netty-handler-4.1.86.Final.jar:/home/runner/.m2/repository/io/netty/netty-codec-http/4.1.86.Final/netty-codec-http-4.1.86.Final.jar:/home/runner/.m2/repository/io/netty/netty-handler-proxy/4.1.86.Final/netty-handler-proxy-4.1.86.Final.jar:/home/runner/.m2/repository/io/netty/netty-codec-socks/4.1.86.Final/netty-codec-socks-4.1.86.Final.jar:/home/runner/.m2/repository/org/apache/commons/commons-compress/1.21/commons-compress-1.21.jar:/home/runner/work/ozone/ozone/hadoop-hdds/common/target/classes:/home/runner/work/ozone/ozone/hadoop-hdds/client/target/classes:/home/runner/work/ozone/ozone/hadoop-ozone/interface-client/target/classes:/home/runner/.m2/repository/io/grpc/grpc-protobuf/1.51.1/grpc-protobuf-1.51.1.jar:/home/runner/.m2/repository/com/google/api/grpc/proto-google-common-protos/2.9.0/proto-google-common-protos-2.9.0.jar:/home/runner/.m2/repository/io/grpc/grpc-protobuf-lite/1.51.1/grpc-protobuf-lite-1.51.1.jar:/home/runner/.m2/repository/io/grpc/grpc-stub/1.51.1/grpc-stub-1.51.1.jar:/home/runner/.m2/repository/org/apache/hadoop/hadoop-hdfs-client/3.3.6/hadoop-hdfs-client-3.3.6.jar:/home/runner/.m2/repository/com/squareup/okhttp3/okhttp/4.9.3/okhttp-4.9.3.jar:/home/runner/.m2/repository/com/squareup/okio/okio/2.8.0/okio-2.8.0.jar:/home/runner/.m2/repository/org/jetbrains/kotlin/kotlin-stdlib-common/1.6.21/kotlin-stdlib-common-1.6.21.jar:/home/runner/.m2/repository/com/fasterxml/jackson/core/jackson-databind/2.13.4.2/jackson-databind-2.13.4.2.jar:/home/runner/work/ozone/ozone/hadoop-ozone/client/target/classes:/home/runner/work/ozone/ozone/hadoop-hdds/erasurecode/target/classes:/home/runner/work/ozone/ozone/hadoop-hdds/docs/target/classes:/home/runner/work/ozone/ozone/hadoop-hdds/interface-client/target/classes:/home/runner/.m2/repository/com/google/protobuf/protobuf-java/2.5.0/protobuf-java-2.5.0.jar:/home/runner/.m2/repository/org/apache/hadoop/thirdparty/hadoop-shaded-protobuf_3_7/1.1.1/hadoop-shaded-protobuf_3_7-1.1.1.jar:/home/runner/.m2/repository/org/apache/ratis/ratis-thirdparty-misc/1.0.4/ratis-thirdparty-misc-1.0.4.jar:/home/runner/.m2/repository/javax/annotation/javax.annotation-api/1.2/javax.annotation-api-1.2.jar:/home/runner/.m2/repository/com/google/code/findbugs/jsr305/3.0.0/jsr305-3.0.0.jar:/home/runner/work/ozone/ozone/hadoop-ozone/interface-storage/target/classes:/home/runner/work/ozone/ozone/hadoop-hdds/test-utils/target/classes:/home/runner/.m2/repository/com/google/guava/guava/32.0.0-jre/guava-32.0.0-jre.jar:/home/runner/.m2/repository/com/google/guava/failureaccess/1.0.1/failureaccess-1.0.1.jar:/home/runner/.m2/repository/com/google/guava/listenablefuture/9999.0-empty-to-avoid-conflict-with-guava/listenablefuture-9999.0-empty-to-avoid-conflict-with-guava.jar:/home/runner/.m2/repository/org/checkerframework/checker-qual/3.33.0/checker-qual-3.33.0.jar:/home/runner/.m2/repository/com/google/j2objc/j2objc-annotations/2.8/j2objc-annotations-2.8.jar:/home/runner/.m2/repository/commons-io/commons-io/2.11.0/commons-io-2.11.0.jar:/home/runner/.m2/repository/commons-logging/commons-logging/1.2/commons-logging-1.2.jar:/home/runner/.m2/repository/org/junit/jupiter/junit-jupiter-api/5.8.2/junit-jupiter-api-5.8.2.jar:/home/runner/.m2/repository/org/opentest4j/opentest4j/1.2.0/opentest4j-1.2.0.jar:/home/runner/.m2/repository/org/junit/platform/junit-platform-commons/1.8.2/junit-platform-commons-1.8.2.jar:/home/runner/.m2/repository/ch/qos/reload4j/reload4j/1.2.22/reload4j-1.2.22.jar:/home/runner/.m2/repository/org/apache/commons/commons-lang3/3.7/commons-lang3-3.7.jar:/home/runner/.m2/repository/org/slf4j/slf4j-api/1.7.36/slf4j-api-1.7.36.jar:/home/runner/work/ozone/ozone/hadoop-hdds/framework/target/classes:/home/runner/work/ozone/ozone/hadoop-hdds/interface-server/target/classes:/home/runner/work/ozone/ozone/hadoop-hdds/interface-admin/target/classes:/home/runner/work/ozone/ozone/hadoop-hdds/managed-rocksdb/target/classes:/home/runner/.m2/repository/org/slf4j/slf4j-reload4j/1.7.36/slf4j-reload4j-1.7.36.jar:/home/runner/.m2/repository/org/apache/commons/commons-configuration2/2.1.1/commons-configuration2-2.1.1.jar:/home/runner/.m2/repository/commons-fileupload/commons-fileupload/1.5/commons-fileupload-1.5.jar:/home/runner/.m2/repository/org/apache/logging/log4j/log4j-core/2.17.1/log4j-core-2.17.1.jar:/home/runner/.m2/repository/com/lmax/disruptor/3.4.2/disruptor-3.4.2.jar:/home/runner/.m2/repository/org/eclipse/jetty/jetty-util/9.4.51.v20230217/jetty-util-9.4.51.v20230217.jar:/home/runner/.m2/repository/org/eclipse/jetty/jetty-server/9.4.51.v20230217/jetty-server-9.4.51.v20230217.jar:/home/runner/.m2/repository/javax/servlet/javax.servlet-api/3.1.0/javax.servlet-api-3.1.0.jar:/home/runner/.m2/repository/org/eclipse/jetty/jetty-http/9.4.51.v20230217/jetty-http-9.4.51.v20230217.jar:/home/runner/.m2/repository/org/eclipse/jetty/jetty-servlet/9.4.51.v20230217/jetty-servlet-9.4.51.v20230217.jar:/home/runner/.m2/repository/org/eclipse/jetty/jetty-security/9.4.51.v20230217/jetty-security-9.4.51.v20230217.jar:/home/runner/.m2/repository/org/eclipse/jetty/jetty-util-ajax/9.4.51.v20230217/jetty-util-ajax-9.4.51.v20230217.jar:/home/runner/.m2/repository/org/eclipse/jetty/jetty-webapp/9.4.51.v20230217/jetty-webapp-9.4.51.v20230217.jar:/home/runner/.m2/repository/org/eclipse/jetty/jetty-xml/9.4.51.v20230217/jetty-xml-9.4.51.v20230217.jar:/home/runner/.m2/repository/org/apache/ratis/ratis-server/2.5.1/ratis-server-2.5.1.jar:/home/runner/.m2/repository/org/apache/ratis/ratis-proto/2.5.1/ratis-proto-2.5.1.jar:/home/runner/.m2/repository/org/apache/ratis/ratis-common/2.5.1/ratis-common-2.5.1.jar:/home/runner/.m2/repository/org/apache/ratis/ratis-client/2.5.1/ratis-client-2.5.1.jar:/home/runner/.m2/repository/org/apache/ratis/ratis-server-api/2.5.1/ratis-server-api-2.5.1.jar:/home/runner/.m2/repository/org/apache/ratis/ratis-metrics/2.5.1/ratis-metrics-2.5.1.jar:/home/runner/.m2/repository/io/prometheus/simpleclient_dropwizard/0.7.0/simpleclient_dropwizard-0.7.0.jar:/home/runner/.m2/repository/io/prometheus/simpleclient/0.7.0/simpleclient-0.7.0.jar:/home/runner/.m2/repository/io/prometheus/simpleclient_common/0.7.0/simpleclient_common-0.7.0.jar:/home/runner/.m2/repository/com/fasterxml/jackson/datatype/jackson-datatype-jsr310/2.13.4/jackson-datatype-jsr310-2.13.4.jar:/home/runner/.m2/repository/com/fasterxml/jackson/core/jackson-core/2.13.4/jackson-core-2.13.4.jar:/home/runner/.m2/repository/org/awaitility/awaitility/4.2.0/awaitility-4.2.0.jar:/home/runner/.m2/repository/org/hamcrest/hamcrest/2.1/hamcrest-2.1.jar:/home/runner/work/ozone/ozone/hadoop-hdds/hadoop-dependency-server/target/classes:/home/runner/.m2/repository/org/apache/hadoop/hadoop-annotations/3.3.6/hadoop-annotations-3.3.6.jar:/usr/lib/jvm/temurin-8-jdk-amd64/jre/../lib/tools.jar:/home/runner/.m2/repository/org/apache/hadoop/hadoop-common/3.3.6/hadoop-common-3.3.6.jar:/home/runner/.m2/repository/org/apache/hadoop/thirdparty/hadoop-shaded-guava/1.1.1/hadoop-shaded-guava-1.1.1.jar:/home/runner/.m2/repository/org/apache/httpcomponents/httpclient/4.5.13/httpclient-4.5.13.jar:/home/runner/.m2/repository/org/apache/httpcomponents/httpcore/4.4.13/httpcore-4.4.13.jar:/home/runner/.m2/repository/commons-net/commons-net/3.9.0/commons-net-3.9.0.jar:/home/runner/.m2/repository/commons-collections/commons-collections/3.2.2/commons-collections-3.2.2.jar:/home/runner/.m2/repository/jakarta/activation/jakarta.activation-api/1.2.2/jakarta.activation-api-1.2.2.jar:/home/runner/.m2/repository/javax/servlet/jsp/jsp-api/2.1/jsp-api-2.1.jar:/home/runner/.m2/repository/com/sun/jersey/jersey-servlet/1.19/jersey-servlet-1.19.jar:/home/runner/.m2/repository/com/sun/jersey/jersey-server/1.19/jersey-server-1.19.jar:/home/runner/.m2/repository/commons-beanutils/commons-beanutils/1.9.4/commons-beanutils-1.9.4.jar:/home/runner/.m2/repository/com/google/re2j/re2j/1.1/re2j-1.1.jar:/home/runner/.m2/repository/com/google/code/gson/gson/2.9.0/gson-2.9.0.jar:/home/runner/.m2/repository/org/apache/hadoop/hadoop-auth/3.3.6/hadoop-auth-3.3.6.jar:/home/runner/.m2/repository/com/nimbusds/nimbus-jose-jwt/9.8.1/nimbus-jose-jwt-9.8.1.jar:/home/runner/.m2/repository/com/github/stephenc/jcip/jcip-annotations/1.0-1/jcip-annotations-1.0-1.jar:/home/runner/.m2/repository/com/jcraft/jsch/0.1.54/jsch-0.1.54.jar:/home/runner/.m2/repository/org/apache/kerby/kerb-core/1.0.1/kerb-core-1.0.1.jar:/home/runner/.m2/repository/org/apache/kerby/kerby-pkix/1.0.1/kerby-pkix-1.0.1.jar:/home/runner/.m2/repository/org/apache/kerby/kerby-asn1/1.0.1/kerby-asn1-1.0.1.jar:/home/runner/.m2/repository/org/apache/kerby/kerby-util/1.0.1/kerby-util-1.0.1.jar:/home/runner/.m2/repository/org/codehaus/woodstox/stax2-api/4.2.1/stax2-api-4.2.1.jar:/home/runner/.m2/repository/com/fasterxml/woodstox/woodstox-core/5.4.0/woodstox-core-5.4.0.jar:/home/runner/.m2/repository/dnsjava/dnsjava/2.1.7/dnsjava-2.1.7.jar:/home/runner/.m2/repository/org/xerial/snappy/snappy-java/1.1.8.2/snappy-java-1.1.8.2.jar:/home/runner/.m2/repository/commons-cli/commons-cli/1.2/commons-cli-1.2.jar:/home/runner/.m2/repository/org/apache/hadoop/hadoop-hdfs/3.3.6/hadoop-hdfs-3.3.6.jar:/home/runner/.m2/repository/commons-daemon/commons-daemon/1.0.13/commons-daemon-1.0.13.jar:/home/runner/work/ozone/ozone/hadoop-hdds/rocksdb-checkpoint-differ/target/classes:/home/runner/.m2/repository/org/rocksdb/rocksdbjni/7.7.3/rocksdbjni-7.7.3.jar:/home/runner/.m2/repository/org/bouncycastle/bcprov-jdk15on/1.67/bcprov-jdk15on-1.67.jar:/home/runner/.m2/repository/io/netty/netty-tcnative-boringssl-static/2.0.54.Final/netty-tcnative-boringssl-static-2.0.54.Final.jar:/home/runner/.m2/repository/io/netty/netty-tcnative-classes/2.0.54.Final/netty-tcnative-classes-2.0.54.Final.jar:/home/runner/.m2/repository/io/netty/netty-tcnative-boringssl-static/2.0.54.Final/netty-tcnative-boringssl-static-2.0.54.Final-linux-x86_64.jar:/home/runner/.m2/repository/io/netty/netty-tcnative-boringssl-static/2.0.54.Final/netty-tcnative-boringssl-static-2.0.54.Final-linux-aarch_64.jar:/home/runner/.m2/repository/io/netty/netty-tcnative-boringssl-static/2.0.54.Final/netty-tcnative-boringssl-static-2.0.54.Final-osx-x86_64.jar:/home/runner/.m2/repository/io/netty/netty-tcnative-boringssl-static/2.0.54.Final/netty-tcnative-boringssl-static-2.0.54.Final-osx-aarch_64.jar:/home/runner/.m2/repository/io/netty/netty-tcnative-boringssl-static/2.0.54.Final/netty-tcnative-boringssl-static-2.0.54.Final-windows-x86_64.jar:/home/runner/.m2/repository/org/mockito/mockito-core/3.5.9/mockito-core-3.5.9.jar:/home/runner/.m2/repository/net/bytebuddy/byte-buddy/1.10.13/byte-buddy-1.10.13.jar:/home/runner/.m2/repository/net/bytebuddy/byte-buddy-agent/1.10.13/byte-buddy-agent-1.10.13.jar:/home/runner/.m2/repository/org/objenesis/objenesis/1.0/objenesis-1.0.jar:/home/runner/.m2/repository/com/github/spotbugs/spotbugs-annotations/3.1.12/spotbugs-annotations-3.1.12.jar:/home/runner/work/ozone/ozone/hadoop-hdds/common/target/test-classes:/home/runner/work/ozone/ozone/hadoop-hdds/hadoop-dependency-client/target/classes:/home/runner/.m2/repository/info/picocli/picocli/4.6.1/picocli-4.6.1.jar:/home/runner/.m2/repository/com/fasterxml/jackson/core/jackson-annotations/2.13.4/jackson-annotations-2.13.4.jar:/home/runner/work/ozone/ozone/hadoop-hdds/annotations/target/classes:/home/runner/work/ozone/ozone/hadoop-hdds/config/target/classes:/home/runner/.m2/repository/io/dropwizard/metrics/metrics-core/3.2.4/metrics-core-3.2.4.jar:/home/runner/.m2/repository/org/apache/ratis/ratis-netty/2.5.1/ratis-netty-2.5.1.jar:/home/runner/.m2/repository/org/apache/ratis/ratis-grpc/2.5.1/ratis-grpc-2.5.1.jar:/home/runner/.m2/repository/org/apache/logging/log4j/log4j-api/2.17.1/log4j-api-2.17.1.jar:/home/runner/.m2/repository/org/apache/commons/commons-pool2/2.6.0/commons-pool2-2.6.0.jar:/home/runner/.m2/repository/org/bouncycastle/bcpkix-jdk15on/1.67/bcpkix-jdk15on-1.67.jar:/home/runner/.m2/repository/commons-validator/commons-validator/1.6/commons-validator-1.6.jar:/home/runner/.m2/repository/commons-digester/commons-digester/1.8.1/commons-digester-1.8.1.jar:/home/runner/.m2/repository/io/jaegertracing/jaeger-client/1.6.0/jaeger-client-1.6.0.jar:/home/runner/.m2/repository/io/jaegertracing/jaeger-thrift/1.6.0/jaeger-thrift-1.6.0.jar:/home/runner/.m2/repository/org/apache/thrift/libthrift/0.14.1/libthrift-0.14.1.jar:/home/runner/.m2/repository/io/jaegertracing/jaeger-core/1.6.0/jaeger-core-1.6.0.jar:/home/runner/.m2/repository/io/jaegertracing/jaeger-tracerresolver/1.6.0/jaeger-tracerresolver-1.6.0.jar:/home/runner/.m2/repository/io/opentracing/contrib/opentracing-tracerresolver/0.1.8/opentracing-tracerresolver-0.1.8.jar:/home/runner/.m2/repository/org/jetbrains/kotlin/kotlin-stdlib/1.6.21/kotlin-stdlib-1.6.21.jar:/home/runner/.m2/repository/org/jetbrains/annotations/13.0/annotations-13.0.jar:/home/runner/.m2/repository/io/opentracing/opentracing-util/0.33.0/opentracing-util-0.33.0.jar:/home/runner/.m2/repository/io/opentracing/opentracing-api/0.33.0/opentracing-api-0.33.0.jar:/home/runner/.m2/repository/io/opentracing/opentracing-noop/0.33.0/opentracing-noop-0.33.0.jar:/home/runner/.m2/repository/org/yaml/snakeyaml/2.0/snakeyaml-2.0.jar:/home/runner/.m2/repository/io/grpc/grpc-api/1.51.1/grpc-api-1.51.1.jar:/home/runner/.m2/repository/io/grpc/grpc-context/1.51.1/grpc-context-1.51.1.jar:/home/runner/work/ozone/ozone/hadoop-hdds/hadoop-dependency-test/target/classes:/home/runner/.m2/repository/org/apache/hadoop/hadoop-common/3.3.6/hadoop-common-3.3.6-tests.jar:/home/runner/.m2/repository/org/apache/hadoop/hadoop-hdfs/3.3.6/hadoop-hdfs-3.3.6-tests.jar:/home/runner/.m2/repository/commons-codec/commons-codec/1.15/commons-codec-1.15.jar:/home/runner/.m2/repository/org/assertj/assertj-core/3.12.2/assertj-core-3.12.2.jar:/home/runner/work/ozone/ozone/hadoop-hdds/server-scm/target/test-classes:/home/runner/work/ozone/ozone/hadoop-hdds/container-service/target/classes:/home/runner/.m2/repository/com/github/luben/zstd-jni/1.5.2-5/zstd-jni-1.5.2-5.jar:/home/runner/.m2/repository/javax/xml/bind/jaxb-api/2.3.0/jaxb-api-2.3.0.jar:/home/runner/.m2/repository/org/glassfish/jaxb/jaxb-runtime/2.3.0.1/jaxb-runtime-2.3.0.1.jar:/home/runner/.m2/repository/org/glassfish/jaxb/jaxb-core/2.3.0.1/jaxb-core-2.3.0.1.jar:/home/runner/.m2/repository/org/glassfish/jaxb/txw2/2.3.0.1/txw2-2.3.0.1.jar:/home/runner/.m2/repository/com/sun/istack/istack-commons-runtime/3.0.5/istack-commons-runtime-3.0.5.jar:/home/runner/.m2/repository/org/jvnet/staxex/stax-ex/1.7.8/stax-ex-1.7.8.jar:/home/runner/.m2/repository/com/sun/xml/fastinfoset/FastInfoset/1.2.13/FastInfoset-1.2.13.jar:/home/runner/.m2/repository/org/apache/commons/commons-text/1.10.0/commons-text-1.10.0.jar:/home/runner/.m2/repository/junit/junit/4.13.1/junit-4.13.1.jar:/home/runner/.m2/repository/org/hamcrest/hamcrest-core/1.3/hamcrest-core-1.3.jar:/home/runner/.m2/repository/org/jmockit/jmockit/1.24/jmockit-1.24.jar:/home/runner/.m2/repository/org/hamcrest/hamcrest-all/1.3/hamcrest-all-1.3.jar:/home/runner/.m2/repository/com/google/testing/compile/compile-testing/0.19/compile-testing-0.19.jar:/home/runner/.m2/repository/com/google/truth/truth/1.1/truth-1.1.jar:/home/runner/.m2/repository/com/google/auto/value/auto-value-annotations/1.7.4/auto-value-annotations-1.7.4.jar:/home/runner/.m2/repository/org/ow2/asm/asm/5.0.4/asm-5.0.4.jar:/home/runner/.m2/repository/com/google/auto/value/auto-value/1.7.4/auto-value-1.7.4.jar:/home/runner/.m2/repository/com/google/auto/auto-common/0.11/auto-common-0.11.jar:/usr/lib/jvm/temurin-8-jdk-amd64/jre/../lib/tools.jar:/home/runner/.m2/repository/org/reflections/reflections/0.9.11/reflections-0.9.11.jar:/home/runner/.m2/repository/org/javassist/javassist/3.21.0-GA/javassist-3.21.0-GA.jar:/home/runner/.m2/repository/com/sun/jersey/jersey-client/1.19/jersey-client-1.19.jar:/home/runner/.m2/repository/com/sun/jersey/jersey-core/1.19/jersey-core-1.19.jar:/home/runner/.m2/repository/javax/ws/rs/jsr311-api/1.1.1/jsr311-api-1.1.1.jar:/home/runner/.m2/repository/org/codehaus/jackson/jackson-core-asl/1.9.13/jackson-core-asl-1.9.13.jar:/home/runner/.m2/repository/org/codehaus/jackson/jackson-mapper-asl/1.9.13/jackson-mapper-asl-1.9.13.jar:/home/runner/.m2/repository/org/codehaus/jackson/jackson-jaxrs/1.9.13/jackson-jaxrs-1.9.13.jar:/home/runner/.m2/repository/org/apache/ranger/ranger-intg/2.3.0/ranger-intg-2.3.0.jar:/home/runner/.m2/repository/org/apache/ranger/ranger-plugins-common/2.3.0/ranger-plugins-common-2.3.0.jar:/home/runner/.m2/repository/commons-lang/commons-lang/2.6/commons-lang-2.6.jar:/home/runner/.m2/repository/org/apache/ranger/ranger-plugins-cred/2.3.0/ranger-plugins-cred-2.3.0.jar:/home/runner/.m2/repository/org/apache/ranger/ranger-plugins-audit/2.3.0/ranger-plugins-audit-2.3.0.jar:/home/runner/.m2/repository/org/eclipse/jetty/jetty-client/9.4.51.v20230217/jetty-client-9.4.51.v20230217.jar:/home/runner/.m2/repository/org/apache/httpcomponents/httpmime/4.5.6/httpmime-4.5.6.jar:/home/runner/.m2/repository/org/apache/httpcomponents/httpcore-nio/4.4.13/httpcore-nio-4.4.13.jar:/home/runner/.m2/repository/org/apache/httpcomponents/httpasyncclient/4.1.3/httpasyncclient-4.1.3.jar:/home/runner/.m2/repository/joda-time/joda-time/2.10.6/joda-time-2.10.6.jar:/home/runner/.m2/repository/com/carrotsearch/hppc/0.8.0/hppc-0.8.0.jar:/home/runner/.m2/repository/org/apache/orc/orc-core/1.5.8/orc-core-1.5.8.jar:/home/runner/.m2/repository/net/java/dev/jna/jna/5.2.0/jna-5.2.0.jar:/home/runner/.m2/repository/net/java/dev/jna/jna-platform/5.2.0/jna-platform-5.2.0.jar:/home/runner/.m2/repository/com/kstruct/gethostname4j/0.0.2/gethostname4j-0.0.2.jar:/home/runner/.m2/repository/org/apache/ranger/ranger-plugin-classloader/2.3.0/ranger-plugin-classloader-2.3.0.jar:/home/runner/.m2/repository/org/junit/jupiter/junit-jupiter-params/5.8.2/junit-jupiter-params-5.8.2.jar:/home/runner/.m2/repository/org/apiguardian/apiguardian-api/1.1.2/apiguardian-api-1.1.2.jar:/home/runner/work/ozone/ozone/hadoop-hdds/rocks-native/target/classes:/home/runner/.m2/repository/org/eclipse/jetty/jetty-io/9.4.51.v20230217/jetty-io-9.4.51.v20230217.jar:/home/runner/.m2/repository/org/mockito/mockito-junit-jupiter/3.5.9/mockito-junit-jupiter-3.5.9.jar:"/>
    <property name="sun.cpu.endian" value="little"/>
    <property name="user.home" value="/home/runner"/>
    <property name="user.language" value="en"/>
    <property name="java.specification.vendor" value="Oracle Corporation"/>
    <property name="java.home" value="/usr/lib/jvm/temurin-8-jdk-amd64/jre"/>
    <property name="java.security.krb5.conf" value="/home/runner/work/ozone/ozone/hadoop-ozone/ozone-manager/target/test-classes/krb5.conf"/>
    <property name="basedir" value="/home/runner/work/ozone/ozone/hadoop-ozone/ozone-manager"/>
    <property name="file.separator" value="/"/>
    <property name="line.separator" value="&#10;"/>
    <property name="java.vm.specification.vendor" value="Oracle Corporation"/>
    <property name="java.specification.name" value="Java Platform API Specification"/>
    <property name="java.awt.graphicsenv" value="sun.awt.X11GraphicsEnvironment"/>
    <property name="skip.installnpx" value="true"/>
    <property name="surefire.real.class.path" value="/home/runner/work/ozone/ozone/hadoop-ozone/ozone-manager/target/surefire/surefirebooter2719328011276818684.jar:/home/runner/.m2/repository/org/jacoco/org.jacoco.agent/0.8.5/org.jacoco.agent-0.8.5-runtime.jar"/>
    <property name="hadoop.log.dir" value="/home/runner/work/ozone/ozone/hadoop-ozone/ozone-manager/target/log"/>
    <property name="sun.boot.class.path" value="/usr/lib/jvm/temurin-8-jdk-amd64/jre/lib/resources.jar:/usr/lib/jvm/temurin-8-jdk-amd64/jre/lib/rt.jar:/usr/lib/jvm/temurin-8-jdk-amd64/jre/lib/sunrsasign.jar:/usr/lib/jvm/temurin-8-jdk-amd64/jre/lib/jsse.jar:/usr/lib/jvm/temurin-8-jdk-amd64/jre/lib/jce.jar:/usr/lib/jvm/temurin-8-jdk-amd64/jre/lib/charsets.jar:/usr/lib/jvm/temurin-8-jdk-amd64/jre/lib/jfr.jar:/usr/lib/jvm/temurin-8-jdk-amd64/jre/classes"/>
    <property name="sun.management.compiler" value="HotSpot 64-Bit Tiered Compilers"/>
    <property name="skip.npx" value="true"/>
    <property name="java.runtime.version" value="1.8.0_372-b07"/>
    <property name="java.net.preferIPv4Stack" value="true"/>
    <property name="user.name" value="runner"/>
    <property name="path.separator" value=":"/>
    <property name="java.security.egd" value="file:///dev/urandom"/>
    <property name="os.version" value="5.15.0-1041-azure"/>
    <property name="java.endorsed.dirs" value="/usr/lib/jvm/temurin-8-jdk-amd64/jre/lib/endorsed"/>
    <property name="java.runtime.name" value="OpenJDK Runtime Environment"/>
    <property name="file.encoding" value="UTF-8"/>
    <property name="java.vm.name" value="OpenJDK 64-Bit Server VM"/>
    <property name="test.build.webapps" value=""/>
    <property name="localRepository" value="/home/runner/.m2/repository"/>
    <property name="java.vendor.url.bug" value="https://github.com/adoptium/adoptium-support/issues"/>
    <property name="java.io.tmpdir" value="/tmp"/>
    <property name="require.test.libhadoop" value=""/>
    <property name="java.version" value="1.8.0_372"/>
    <property name="user.dir" value="/home/runner/work/ozone/ozone/hadoop-ozone/ozone-manager"/>
    <property name="os.arch" value="amd64"/>
    <property name="java.vm.specification.name" value="Java Virtual Machine Specification"/>
    <property name="test.build.classes" value="/home/runner/work/ozone/ozone/hadoop-ozone/ozone-manager/target/test-classes"/>
    <property name="java.awt.printerjob" value="sun.print.PSPrinterJob"/>
    <property name="sun.os.patch.level" value="unknown"/>
    <property name="excludedGroups" value="native"/>
    <property name="hadoop.tmp.dir" value="/home/runner/work/ozone/ozone/hadoop-ozone/ozone-manager/target/tmp"/>
    <property name="java.library.path" value="/usr/java/packages/lib/amd64:/usr/lib64:/lib64:/lib:/usr/lib"/>
    <property name="java.vm.info" value="mixed mode"/>
    <property name="java.vendor" value="Temurin"/>
    <property name="java.vm.version" value="25.372-b07"/>
    <property name="java.specification.maintenance.version" value="4"/>
    <property name="java.ext.dirs" value="/usr/lib/jvm/temurin-8-jdk-amd64/jre/lib/ext:/usr/java/packages/lib/ext"/>
    <property name="sun.io.unicode.encoding" value="UnicodeLittle"/>
    <property name="java.class.version" value="52.0"/>
  </properties>
  <testcase name="testCreateToken" classname="org.apache.hadoop.ozone.security.TestOzoneDelegationTokenSecretManager" time="4.44">
    <system-out><![CDATA[2023-07-09 11:53:56,770 [main] INFO  security.OMCertificateClient (DefaultCertificateClient.java:updateCertSerialId(1248)) - Certificate serial ID set to null
2023-07-09 11:53:56,773 [main] INFO  security.OMCertificateClient (DefaultCertificateClient.java:init(723)) - Certificate client init case: 7
2023-07-09 11:53:56,775 [main] INFO  security.OMCertificateClient (CommonCertificateClient.java:handleCase(111)) - Found certificate file along with KeyPair.
2023-07-09 11:53:56,918 [main] INFO  security.OMCertificateClient (DefaultCertificateClient.java:validateKeyPairAndCertificate(821)) - Keypair validated.
2023-07-09 11:53:56,986 [main] INFO  security.OMCertificateClient (DefaultCertificateClient.java:validateKeyPairAndCertificate(824)) - Keypair validated with certificate.
2023-07-09 11:53:57,517 [main] INFO  audit.AuditLogger (AuditLogger.java:refreshDebugCmdSet(126)) - Refresh DebugCmdSet for OMAudit to [].
2023-07-09 11:53:58,448 [main] WARN  server.ServerUtils (ServerUtils.java:getDBPath(311)) - ozone.om.db.dirs is not configured. We recommend adding this setting. Falling back to ozone.metadata.dirs instead.
2023-07-09 11:53:58,747 [main] INFO  helpers.OmKeyInfo (OmKeyInfo.java:getCodec(71)) - OmKeyInfo.getCodec ignorePipeline = true
2023-07-09 11:53:59,281 [main] INFO  security.OzoneSecretStore (OzoneSecretStore.java:loadState(69)) - Loaded 0 tokens
2023-07-09 11:53:59,282 [main] INFO  security.OzoneDelegationTokenSecretManager (OzoneDelegationTokenSecretManager.java:loadTokenSecretState(530)) - Loading token state into token manager.
2023-07-09 11:53:59,282 [main] INFO  security.OzoneDelegationTokenSecretManager (OzoneSecretManager.java:updateCurrentKey(175)) - Updating current master key for generating tokens. Cert id 13793384669806203674
2023-07-09 11:53:59,301 [Thread[Thread-4,5,main]] INFO  security.OzoneDelegationTokenSecretManager (OzoneDelegationTokenSecretManager.java:run(636)) - Starting expired delegation token remover thread, tokenRemoverScanInterval=0 min(s)
2023-07-09 11:53:59,322 [Thread[Thread-4,5,main]] INFO  security.OzoneDelegationTokenSecretManager (OzoneDelegationTokenSecretManager.java:run(653)) - ExpiredTokenRemover was interrupted.
java.lang.InterruptedException: sleep interrupted
	at java.lang.Thread.sleep(Native Method)
	at org.apache.hadoop.ozone.security.OzoneDelegationTokenSecretManager$ExpiredTokenRemover.run(OzoneDelegationTokenSecretManager.java:649)
	at java.lang.Thread.run(Thread.java:750)
]]></system-out>
  </testcase>
  <testcase name="testRenewTokenFailureRenewalTime" classname="org.apache.hadoop.ozone.security.TestOzoneDelegationTokenSecretManager" time="0.494">
    <failure type="java.lang.AssertionError"><![CDATA[java.lang.AssertionError: 
Expecting java.io.IOException with text is expired but got :  Expected to find 'is expired' but got unexpected exception: org.apache.hadoop.security.token.SecretManager$InvalidToken: token (OzoneToken owner=testUser, renewer=testUser, realUser=testUser, issueDate=2023-07-09T11:53:59.793Z, maxDate=2023-07-09T11:54:09.793Z, sequenceNumber=1, masterKeyId=1, strToSign=null, signature=null, awsAccessKeyId=null, omServiceId=omServiceIdDefault, omCertSerialId=16764243680471644997) can't be found in cache
	at org.apache.hadoop.ozone.security.OzoneDelegationTokenSecretManager.validateToken(OzoneDelegationTokenSecretManager.java:432)
	at org.apache.hadoop.ozone.security.OzoneDelegationTokenSecretManager.renewToken(OzoneDelegationTokenSecretManager.java:301)
	at org.apache.hadoop.ozone.security.TestOzoneDelegationTokenSecretManager.lambda$testRenewTokenFailureRenewalTime$2(TestOzoneDelegationTokenSecretManager.java:313)
	at org.apache.ozone.test.LambdaTestUtils.lambda$intercept$0(LambdaTestUtils.java:527)
	at org.apache.ozone.test.LambdaTestUtils.intercept(LambdaTestUtils.java:491)
	at org.apache.ozone.test.LambdaTestUtils.intercept(LambdaTestUtils.java:522)
	at org.apache.hadoop.ozone.security.TestOzoneDelegationTokenSecretManager.testRenewTokenFailureRenewalTime(TestOzoneDelegationTokenSecretManager.java:312)
	at sun.reflect.NativeMethodAccessorImpl.invoke0(Native Method)
	at sun.reflect.NativeMethodAccessorImpl.invoke(NativeMethodAccessorImpl.java:62)
	at sun.reflect.DelegatingMethodAccessorImpl.invoke(DelegatingMethodAccessorImpl.java:43)
	at java.lang.reflect.Method.invoke(Method.java:498)
	at org.junit.runners.model.FrameworkMethod$1.runReflectiveCall(FrameworkMethod.java:59)
	at org.junit.internal.runners.model.ReflectiveCallable.run(ReflectiveCallable.java:12)
	at org.junit.runners.model.FrameworkMethod.invokeExplosively(FrameworkMethod.java:56)
	at org.junit.internal.runners.statements.InvokeMethod.evaluate(InvokeMethod.java:17)
	at org.junit.internal.runners.statements.RunBefores.evaluate(RunBefores.java:26)
	at org.junit.internal.runners.statements.RunAfters.evaluate(RunAfters.java:27)
	at org.junit.rules.ExternalResource$1.evaluate(ExternalResource.java:54)
	at org.junit.runners.ParentRunner$3.evaluate(ParentRunner.java:306)
	at org.junit.runners.BlockJUnit4ClassRunner$1.evaluate(BlockJUnit4ClassRunner.java:100)
	at org.junit.runners.ParentRunner.runLeaf(ParentRunner.java:366)
	at org.junit.runners.BlockJUnit4ClassRunner.runChild(BlockJUnit4ClassRunner.java:103)
	at org.junit.runners.BlockJUnit4ClassRunner.runChild(BlockJUnit4ClassRunner.java:63)
	at org.junit.runners.ParentRunner$4.run(ParentRunner.java:331)
	at org.junit.runners.ParentRunner$1.schedule(ParentRunner.java:79)
	at org.junit.runners.ParentRunner.runChildren(ParentRunner.java:329)
	at org.junit.runners.ParentRunner.access$100(ParentRunner.java:66)
	at org.junit.runners.ParentRunner$2.evaluate(ParentRunner.java:293)
	at org.junit.runners.ParentRunner$3.evaluate(ParentRunner.java:306)
	at org.junit.runners.ParentRunner.run(ParentRunner.java:413)
	at org.junit.runner.JUnitCore.run(JUnitCore.java:137)
	at org.junit.runner.JUnitCore.run(JUnitCore.java:115)
	at org.junit.vintage.engine.execution.RunnerExecutor.execute(RunnerExecutor.java:42)
	at org.junit.vintage.engine.VintageTestEngine.executeAllChildren(VintageTestEngine.java:80)
	at org.junit.vintage.engine.VintageTestEngine.execute(VintageTestEngine.java:72)
	at org.junit.platform.launcher.core.EngineExecutionOrchestrator.execute(EngineExecutionOrchestrator.java:107)
	at org.junit.platform.launcher.core.EngineExecutionOrchestrator.execute(EngineExecutionOrchestrator.java:88)
	at org.junit.platform.launcher.core.EngineExecutionOrchestrator.lambda$execute$0(EngineExecutionOrchestrator.java:54)
	at org.junit.platform.launcher.core.EngineExecutionOrchestrator.withInterceptedStreams(EngineExecutionOrchestrator.java:67)
	at org.junit.platform.launcher.core.EngineExecutionOrchestrator.execute(EngineExecutionOrchestrator.java:52)
	at org.junit.platform.launcher.core.DefaultLauncher.execute(DefaultLauncher.java:114)
	at org.junit.platform.launcher.core.DefaultLauncher.execute(DefaultLauncher.java:86)
	at org.junit.platform.launcher.core.DefaultLauncherSession$DelegatingLauncher.execute(DefaultLauncherSession.java:86)
	at org.junit.platform.launcher.core.SessionPerRequestLauncher.execute(SessionPerRequestLauncher.java:53)
	at org.apache.maven.surefire.junitplatform.JUnitPlatformProvider.execute(JUnitPlatformProvider.java:188)
	at org.apache.maven.surefire.junitplatform.JUnitPlatformProvider.invokeAllTests(JUnitPlatformProvider.java:154)
	at org.apache.maven.surefire.junitplatform.JUnitPlatformProvider.invoke(JUnitPlatformProvider.java:124)
	at org.apache.maven.surefire.booter.ForkedBooter.runSuitesInProcess(ForkedBooter.java:428)
	at org.apache.maven.surefire.booter.ForkedBooter.execute(ForkedBooter.java:162)
	at org.apache.maven.surefire.booter.ForkedBooter.run(ForkedBooter.java:562)
	at org.apache.maven.surefire.booter.ForkedBooter.main(ForkedBooter.java:548)

	at org.apache.ozone.test.GenericTestUtils.assertExceptionContains(GenericTestUtils.java:179)
	at org.apache.ozone.test.LambdaTestUtils.intercept(LambdaTestUtils.java:500)
	at org.apache.ozone.test.LambdaTestUtils.intercept(LambdaTestUtils.java:522)
	at org.apache.hadoop.ozone.security.TestOzoneDelegationTokenSecretManager.testRenewTokenFailureRenewalTime(TestOzoneDelegationTokenSecretManager.java:312)
	at sun.reflect.NativeMethodAccessorImpl.invoke0(Native Method)
	at sun.reflect.NativeMethodAccessorImpl.invoke(NativeMethodAccessorImpl.java:62)
	at sun.reflect.DelegatingMethodAccessorImpl.invoke(DelegatingMethodAccessorImpl.java:43)
	at java.lang.reflect.Method.invoke(Method.java:498)
	at org.junit.runners.model.FrameworkMethod$1.runReflectiveCall(FrameworkMethod.java:59)
	at org.junit.internal.runners.model.ReflectiveCallable.run(ReflectiveCallable.java:12)
	at org.junit.runners.model.FrameworkMethod.invokeExplosively(FrameworkMethod.java:56)
	at org.junit.internal.runners.statements.InvokeMethod.evaluate(InvokeMethod.java:17)
	at org.junit.internal.runners.statements.RunBefores.evaluate(RunBefores.java:26)
	at org.junit.internal.runners.statements.RunAfters.evaluate(RunAfters.java:27)
	at org.junit.rules.ExternalResource$1.evaluate(ExternalResource.java:54)
	at org.junit.runners.ParentRunner$3.evaluate(ParentRunner.java:306)
	at org.junit.runners.BlockJUnit4ClassRunner$1.evaluate(BlockJUnit4ClassRunner.java:100)
	at org.junit.runners.ParentRunner.runLeaf(ParentRunner.java:366)
	at org.junit.runners.BlockJUnit4ClassRunner.runChild(BlockJUnit4ClassRunner.java:103)
	at org.junit.runners.BlockJUnit4ClassRunner.runChild(BlockJUnit4ClassRunner.java:63)
	at org.junit.runners.ParentRunner$4.run(ParentRunner.java:331)
	at org.junit.runners.ParentRunner$1.schedule(ParentRunner.java:79)
	at org.junit.runners.ParentRunner.runChildren(ParentRunner.java:329)
	at org.junit.runners.ParentRunner.access$100(ParentRunner.java:66)
	at org.junit.runners.ParentRunner$2.evaluate(ParentRunner.java:293)
	at org.junit.runners.ParentRunner$3.evaluate(ParentRunner.java:306)
	at org.junit.runners.ParentRunner.run(ParentRunner.java:413)
	at org.junit.runner.JUnitCore.run(JUnitCore.java:137)
	at org.junit.runner.JUnitCore.run(JUnitCore.java:115)
	at org.junit.vintage.engine.execution.RunnerExecutor.execute(RunnerExecutor.java:42)
	at org.junit.vintage.engine.VintageTestEngine.executeAllChildren(VintageTestEngine.java:80)
	at org.junit.vintage.engine.VintageTestEngine.execute(VintageTestEngine.java:72)
	at org.junit.platform.launcher.core.EngineExecutionOrchestrator.execute(EngineExecutionOrchestrator.java:107)
	at org.junit.platform.launcher.core.EngineExecutionOrchestrator.execute(EngineExecutionOrchestrator.java:88)
	at org.junit.platform.launcher.core.EngineExecutionOrchestrator.lambda$execute$0(EngineExecutionOrchestrator.java:54)
	at org.junit.platform.launcher.core.EngineExecutionOrchestrator.withInterceptedStreams(EngineExecutionOrchestrator.java:67)
	at org.junit.platform.launcher.core.EngineExecutionOrchestrator.execute(EngineExecutionOrchestrator.java:52)
	at org.junit.platform.launcher.core.DefaultLauncher.execute(DefaultLauncher.java:114)
	at org.junit.platform.launcher.core.DefaultLauncher.execute(DefaultLauncher.java:86)
	at org.junit.platform.launcher.core.DefaultLauncherSession$DelegatingLauncher.execute(DefaultLauncherSession.java:86)
	at org.junit.platform.launcher.core.SessionPerRequestLauncher.execute(SessionPerRequestLauncher.java:53)
	at org.apache.maven.surefire.junitplatform.JUnitPlatformProvider.execute(JUnitPlatformProvider.java:188)
	at org.apache.maven.surefire.junitplatform.JUnitPlatformProvider.invokeAllTests(JUnitPlatformProvider.java:154)
	at org.apache.maven.surefire.junitplatform.JUnitPlatformProvider.invoke(JUnitPlatformProvider.java:124)
	at org.apache.maven.surefire.booter.ForkedBooter.runSuitesInProcess(ForkedBooter.java:428)
	at org.apache.maven.surefire.booter.ForkedBooter.execute(ForkedBooter.java:162)
	at org.apache.maven.surefire.booter.ForkedBooter.run(ForkedBooter.java:562)
	at org.apache.maven.surefire.booter.ForkedBooter.main(ForkedBooter.java:548)
Caused by: org.apache.hadoop.security.token.SecretManager$InvalidToken: token (OzoneToken owner=testUser, renewer=testUser, realUser=testUser, issueDate=2023-07-09T11:53:59.793Z, maxDate=2023-07-09T11:54:09.793Z, sequenceNumber=1, masterKeyId=1, strToSign=null, signature=null, awsAccessKeyId=null, omServiceId=omServiceIdDefault, omCertSerialId=16764243680471644997) can't be found in cache
	at org.apache.hadoop.ozone.security.OzoneDelegationTokenSecretManager.validateToken(OzoneDelegationTokenSecretManager.java:432)
	at org.apache.hadoop.ozone.security.OzoneDelegationTokenSecretManager.renewToken(OzoneDelegationTokenSecretManager.java:301)
	at org.apache.hadoop.ozone.security.TestOzoneDelegationTokenSecretManager.lambda$testRenewTokenFailureRenewalTime$2(TestOzoneDelegationTokenSecretManager.java:313)
	at org.apache.ozone.test.LambdaTestUtils.lambda$intercept$0(LambdaTestUtils.java:527)
	at org.apache.ozone.test.LambdaTestUtils.intercept(LambdaTestUtils.java:491)
	... 46 more
]]></failure>
    <system-out><![CDATA[2023-07-09 11:53:59,580 [main] INFO  security.OMCertificateClient (DefaultCertificateClient.java:updateCertSerialId(1248)) - Certificate serial ID set to null
2023-07-09 11:53:59,581 [main] INFO  security.OMCertificateClient (DefaultCertificateClient.java:init(723)) - Certificate client init case: 7
2023-07-09 11:53:59,581 [main] INFO  security.OMCertificateClient (CommonCertificateClient.java:handleCase(111)) - Found certificate file along with KeyPair.
2023-07-09 11:53:59,599 [main] INFO  security.OMCertificateClient (DefaultCertificateClient.java:validateKeyPairAndCertificate(821)) - Keypair validated.
2023-07-09 11:53:59,619 [main] INFO  security.OMCertificateClient (DefaultCertificateClient.java:validateKeyPairAndCertificate(824)) - Keypair validated with certificate.
2023-07-09 11:53:59,622 [main] WARN  server.ServerUtils (ServerUtils.java:getDBPath(311)) - ozone.om.db.dirs is not configured. We recommend adding this setting. Falling back to ozone.metadata.dirs instead.
2023-07-09 11:53:59,624 [main] INFO  helpers.OmKeyInfo (OmKeyInfo.java:getCodec(71)) - OmKeyInfo.getCodec ignorePipeline = true
2023-07-09 11:53:59,792 [main] INFO  security.OzoneSecretStore (OzoneSecretStore.java:loadState(69)) - Loaded 0 tokens
2023-07-09 11:53:59,792 [main] INFO  security.OzoneDelegationTokenSecretManager (OzoneDelegationTokenSecretManager.java:loadTokenSecretState(530)) - Loading token state into token manager.
2023-07-09 11:53:59,792 [main] INFO  security.OzoneDelegationTokenSecretManager (OzoneSecretManager.java:updateCurrentKey(175)) - Updating current master key for generating tokens. Cert id 16764243680471644997
2023-07-09 11:53:59,797 [Thread[Thread-6,5,main]] INFO  security.OzoneDelegationTokenSecretManager (OzoneDelegationTokenSecretManager.java:run(636)) - Starting expired delegation token remover thread, tokenRemoverScanInterval=0 min(s)
2023-07-09 11:53:59,817 [Thread[Thread-6,5,main]] INFO  security.OzoneDelegationTokenSecretManager (OzoneDelegationTokenSecretManager.java:run(653)) - ExpiredTokenRemover was interrupted.
java.lang.InterruptedException: sleep interrupted
	at java.lang.Thread.sleep(Native Method)
	at org.apache.hadoop.ozone.security.OzoneDelegationTokenSecretManager$ExpiredTokenRemover.run(OzoneDelegationTokenSecretManager.java:649)
	at java.lang.Thread.run(Thread.java:750)
]]></system-out>
  </testcase>
  <testcase name="testCreateIdentifier" classname="org.apache.hadoop.ozone.security.TestOzoneDelegationTokenSecretManager" time="0.32">
    <system-out><![CDATA[2023-07-09 11:53:59,943 [main] INFO  security.OMCertificateClient (DefaultCertificateClient.java:updateCertSerialId(1248)) - Certificate serial ID set to null
2023-07-09 11:53:59,944 [main] INFO  security.OMCertificateClient (DefaultCertificateClient.java:init(723)) - Certificate client init case: 7
2023-07-09 11:53:59,944 [main] INFO  security.OMCertificateClient (CommonCertificateClient.java:handleCase(111)) - Found certificate file along with KeyPair.
2023-07-09 11:53:59,960 [main] INFO  security.OMCertificateClient (DefaultCertificateClient.java:validateKeyPairAndCertificate(821)) - Keypair validated.
2023-07-09 11:53:59,974 [main] INFO  security.OMCertificateClient (DefaultCertificateClient.java:validateKeyPairAndCertificate(824)) - Keypair validated with certificate.
2023-07-09 11:53:59,977 [main] WARN  server.ServerUtils (ServerUtils.java:getDBPath(311)) - ozone.om.db.dirs is not configured. We recommend adding this setting. Falling back to ozone.metadata.dirs instead.
2023-07-09 11:53:59,978 [main] INFO  helpers.OmKeyInfo (OmKeyInfo.java:getCodec(71)) - OmKeyInfo.getCodec ignorePipeline = true
2023-07-09 11:54:00,151 [main] INFO  security.OzoneSecretStore (OzoneSecretStore.java:loadState(69)) - Loaded 0 tokens
2023-07-09 11:54:00,152 [main] INFO  security.OzoneDelegationTokenSecretManager (OzoneDelegationTokenSecretManager.java:loadTokenSecretState(530)) - Loading token state into token manager.
2023-07-09 11:54:00,152 [main] INFO  security.OzoneDelegationTokenSecretManager (OzoneSecretManager.java:updateCurrentKey(175)) - Updating current master key for generating tokens. Cert id 47566002318842218
2023-07-09 11:54:00,153 [Thread[Thread-8,5,main]] INFO  security.OzoneDelegationTokenSecretManager (OzoneDelegationTokenSecretManager.java:run(636)) - Starting expired delegation token remover thread, tokenRemoverScanInterval=0 min(s)
2023-07-09 11:54:00,154 [Thread[Thread-8,5,main]] INFO  security.OzoneDelegationTokenSecretManager (OzoneDelegationTokenSecretManager.java:run(653)) - ExpiredTokenRemover was interrupted.
java.lang.InterruptedException: sleep interrupted
	at java.lang.Thread.sleep(Native Method)
	at org.apache.hadoop.ozone.security.OzoneDelegationTokenSecretManager$ExpiredTokenRemover.run(OzoneDelegationTokenSecretManager.java:649)
	at java.lang.Thread.run(Thread.java:750)
]]></system-out>
  </testcase>
  <testcase name="testCancelTokenSuccess" classname="org.apache.hadoop.ozone.security.TestOzoneDelegationTokenSecretManager" time="0.261">
    <system-out><![CDATA[2023-07-09 11:54:00,224 [main] INFO  security.OMCertificateClient (DefaultCertificateClient.java:updateCertSerialId(1248)) - Certificate serial ID set to null
2023-07-09 11:54:00,225 [main] INFO  security.OMCertificateClient (DefaultCertificateClient.java:init(723)) - Certificate client init case: 7
2023-07-09 11:54:00,225 [main] INFO  security.OMCertificateClient (CommonCertificateClient.java:handleCase(111)) - Found certificate file along with KeyPair.
2023-07-09 11:54:00,231 [main] INFO  security.OMCertificateClient (DefaultCertificateClient.java:validateKeyPairAndCertificate(821)) - Keypair validated.
2023-07-09 11:54:00,237 [main] INFO  security.OMCertificateClient (DefaultCertificateClient.java:validateKeyPairAndCertificate(824)) - Keypair validated with certificate.
2023-07-09 11:54:00,238 [main] WARN  server.ServerUtils (ServerUtils.java:getDBPath(311)) - ozone.om.db.dirs is not configured. We recommend adding this setting. Falling back to ozone.metadata.dirs instead.
2023-07-09 11:54:00,242 [main] INFO  helpers.OmKeyInfo (OmKeyInfo.java:getCodec(71)) - OmKeyInfo.getCodec ignorePipeline = true
2023-07-09 11:54:00,408 [main] INFO  security.OzoneSecretStore (OzoneSecretStore.java:loadState(69)) - Loaded 0 tokens
2023-07-09 11:54:00,408 [main] INFO  security.OzoneDelegationTokenSecretManager (OzoneDelegationTokenSecretManager.java:loadTokenSecretState(530)) - Loading token state into token manager.
2023-07-09 11:54:00,408 [main] INFO  security.OzoneDelegationTokenSecretManager (OzoneSecretManager.java:updateCurrentKey(175)) - Updating current master key for generating tokens. Cert id 7322368854529716271
2023-07-09 11:54:00,409 [Thread[Thread-10,5,main]] INFO  security.OzoneDelegationTokenSecretManager (OzoneDelegationTokenSecretManager.java:run(636)) - Starting expired delegation token remover thread, tokenRemoverScanInterval=0 min(s)
2023-07-09 11:54:00,416 [Thread[Thread-10,5,main]] INFO  security.OzoneDelegationTokenSecretManager (OzoneDelegationTokenSecretManager.java:run(653)) - ExpiredTokenRemover was interrupted.
java.lang.InterruptedException: sleep interrupted
	at java.lang.Thread.sleep(Native Method)
	at org.apache.hadoop.ozone.security.OzoneDelegationTokenSecretManager$ExpiredTokenRemover.run(OzoneDelegationTokenSecretManager.java:649)
	at java.lang.Thread.run(Thread.java:750)
]]></system-out>
  </testcase>
  <testcase name="testLeadershipCheckinRetrievePassword" classname="org.apache.hadoop.ozone.security.TestOzoneDelegationTokenSecretManager" time="0.239">
    <system-out><![CDATA[2023-07-09 11:54:00,469 [main] INFO  security.OMCertificateClient (DefaultCertificateClient.java:updateCertSerialId(1248)) - Certificate serial ID set to null
2023-07-09 11:54:00,470 [main] INFO  security.OMCertificateClient (DefaultCertificateClient.java:init(723)) - Certificate client init case: 7
2023-07-09 11:54:00,470 [main] INFO  security.OMCertificateClient (CommonCertificateClient.java:handleCase(111)) - Found certificate file along with KeyPair.
2023-07-09 11:54:00,474 [main] INFO  security.OMCertificateClient (DefaultCertificateClient.java:validateKeyPairAndCertificate(821)) - Keypair validated.
2023-07-09 11:54:00,477 [main] INFO  security.OMCertificateClient (DefaultCertificateClient.java:validateKeyPairAndCertificate(824)) - Keypair validated with certificate.
2023-07-09 11:54:00,479 [main] WARN  server.ServerUtils (ServerUtils.java:getDBPath(311)) - ozone.om.db.dirs is not configured. We recommend adding this setting. Falling back to ozone.metadata.dirs instead.
2023-07-09 11:54:00,479 [main] INFO  helpers.OmKeyInfo (OmKeyInfo.java:getCodec(71)) - OmKeyInfo.getCodec ignorePipeline = true
2023-07-09 11:54:00,644 [main] INFO  security.OzoneSecretStore (OzoneSecretStore.java:loadState(69)) - Loaded 0 tokens
2023-07-09 11:54:00,644 [main] INFO  security.OzoneDelegationTokenSecretManager (OzoneDelegationTokenSecretManager.java:loadTokenSecretState(530)) - Loading token state into token manager.
]]></system-out>
  </testcase>
  <testcase name="testValidateS3AUTHINFOSuccess" classname="org.apache.hadoop.ozone.security.TestOzoneDelegationTokenSecretManager" time="0.22">
    <system-out><![CDATA[2023-07-09 11:54:00,683 [main] INFO  security.OMCertificateClient (DefaultCertificateClient.java:updateCertSerialId(1248)) - Certificate serial ID set to null
2023-07-09 11:54:00,684 [main] INFO  security.OMCertificateClient (DefaultCertificateClient.java:init(723)) - Certificate client init case: 7
2023-07-09 11:54:00,684 [main] INFO  security.OMCertificateClient (CommonCertificateClient.java:handleCase(111)) - Found certificate file along with KeyPair.
2023-07-09 11:54:00,686 [main] INFO  security.OMCertificateClient (DefaultCertificateClient.java:validateKeyPairAndCertificate(821)) - Keypair validated.
2023-07-09 11:54:00,688 [main] INFO  security.OMCertificateClient (DefaultCertificateClient.java:validateKeyPairAndCertificate(824)) - Keypair validated with certificate.
2023-07-09 11:54:00,689 [main] WARN  server.ServerUtils (ServerUtils.java:getDBPath(311)) - ozone.om.db.dirs is not configured. We recommend adding this setting. Falling back to ozone.metadata.dirs instead.
2023-07-09 11:54:00,690 [main] INFO  helpers.OmKeyInfo (OmKeyInfo.java:getCodec(71)) - OmKeyInfo.getCodec ignorePipeline = true
2023-07-09 11:54:00,852 [main] INFO  security.OzoneSecretStore (OzoneSecretStore.java:loadState(69)) - Loaded 0 tokens
2023-07-09 11:54:00,852 [main] INFO  security.OzoneDelegationTokenSecretManager (OzoneDelegationTokenSecretManager.java:loadTokenSecretState(530)) - Loading token state into token manager.
2023-07-09 11:54:00,852 [main] INFO  security.OzoneDelegationTokenSecretManager (OzoneSecretManager.java:updateCurrentKey(175)) - Updating current master key for generating tokens. Cert id 137855209807813358
2023-07-09 11:54:00,853 [Thread[Thread-12,5,main]] INFO  security.OzoneDelegationTokenSecretManager (OzoneDelegationTokenSecretManager.java:run(636)) - Starting expired delegation token remover thread, tokenRemoverScanInterval=0 min(s)
2023-07-09 11:54:00,875 [Thread[Thread-12,5,main]] INFO  security.OzoneDelegationTokenSecretManager (OzoneDelegationTokenSecretManager.java:run(653)) - ExpiredTokenRemover was interrupted.
java.lang.InterruptedException: sleep interrupted
	at java.lang.Thread.sleep(Native Method)
	at org.apache.hadoop.ozone.security.OzoneDelegationTokenSecretManager$ExpiredTokenRemover.run(OzoneDelegationTokenSecretManager.java:649)
	at java.lang.Thread.run(Thread.java:750)
]]></system-out>
  </testcase>
  <testcase name="testReloadAndRenewToken" classname="org.apache.hadoop.ozone.security.TestOzoneDelegationTokenSecretManager" time="0.291">
    <system-out><![CDATA[2023-07-09 11:54:00,935 [main] INFO  security.OMCertificateClient (DefaultCertificateClient.java:updateCertSerialId(1248)) - Certificate serial ID set to null
2023-07-09 11:54:00,936 [main] INFO  security.OMCertificateClient (DefaultCertificateClient.java:init(723)) - Certificate client init case: 7
2023-07-09 11:54:00,936 [main] INFO  security.OMCertificateClient (CommonCertificateClient.java:handleCase(111)) - Found certificate file along with KeyPair.
2023-07-09 11:54:00,938 [main] INFO  security.OMCertificateClient (DefaultCertificateClient.java:validateKeyPairAndCertificate(821)) - Keypair validated.
2023-07-09 11:54:00,941 [main] INFO  security.OMCertificateClient (DefaultCertificateClient.java:validateKeyPairAndCertificate(824)) - Keypair validated with certificate.
2023-07-09 11:54:00,945 [main] WARN  server.ServerUtils (ServerUtils.java:getDBPath(311)) - ozone.om.db.dirs is not configured. We recommend adding this setting. Falling back to ozone.metadata.dirs instead.
2023-07-09 11:54:00,947 [main] INFO  helpers.OmKeyInfo (OmKeyInfo.java:getCodec(71)) - OmKeyInfo.getCodec ignorePipeline = true
2023-07-09 11:54:01,109 [main] INFO  security.OzoneSecretStore (OzoneSecretStore.java:loadState(69)) - Loaded 0 tokens
2023-07-09 11:54:01,109 [main] INFO  security.OzoneDelegationTokenSecretManager (OzoneDelegationTokenSecretManager.java:loadTokenSecretState(530)) - Loading token state into token manager.
2023-07-09 11:54:01,109 [main] INFO  security.OzoneDelegationTokenSecretManager (OzoneSecretManager.java:updateCurrentKey(175)) - Updating current master key for generating tokens. Cert id 183876253358534711
2023-07-09 11:54:01,110 [Thread[Thread-14,5,main]] INFO  security.OzoneDelegationTokenSecretManager (OzoneDelegationTokenSecretManager.java:run(636)) - Starting expired delegation token remover thread, tokenRemoverScanInterval=0 min(s)
2023-07-09 11:54:01,161 [Thread[Thread-14,5,main]] INFO  security.OzoneDelegationTokenSecretManager (OzoneDelegationTokenSecretManager.java:run(653)) - ExpiredTokenRemover was interrupted.
java.lang.InterruptedException: sleep interrupted
	at java.lang.Thread.sleep(Native Method)
	at org.apache.hadoop.ozone.security.OzoneDelegationTokenSecretManager$ExpiredTokenRemover.run(OzoneDelegationTokenSecretManager.java:649)
	at java.lang.Thread.run(Thread.java:750)
2023-07-09 11:54:01,166 [main] INFO  security.OzoneSecretStore (OzoneSecretStore.java:loadState(69)) - Loaded 1 tokens
2023-07-09 11:54:01,166 [main] INFO  security.OzoneDelegationTokenSecretManager (OzoneDelegationTokenSecretManager.java:loadTokenSecretState(530)) - Loading token state into token manager.
]]></system-out>
  </testcase>
  <testcase name="testCancelTokenFailure" classname="org.apache.hadoop.ozone.security.TestOzoneDelegationTokenSecretManager" time="0.218">
    <system-out><![CDATA[2023-07-09 11:54:01,194 [main] INFO  security.OMCertificateClient (DefaultCertificateClient.java:updateCertSerialId(1248)) - Certificate serial ID set to null
2023-07-09 11:54:01,198 [main] INFO  security.OMCertificateClient (DefaultCertificateClient.java:init(723)) - Certificate client init case: 7
2023-07-09 11:54:01,199 [main] INFO  security.OMCertificateClient (CommonCertificateClient.java:handleCase(111)) - Found certificate file along with KeyPair.
2023-07-09 11:54:01,205 [main] INFO  security.OMCertificateClient (DefaultCertificateClient.java:validateKeyPairAndCertificate(821)) - Keypair validated.
2023-07-09 11:54:01,208 [main] INFO  security.OMCertificateClient (DefaultCertificateClient.java:validateKeyPairAndCertificate(824)) - Keypair validated with certificate.
2023-07-09 11:54:01,213 [main] WARN  server.ServerUtils (ServerUtils.java:getDBPath(311)) - ozone.om.db.dirs is not configured. We recommend adding this setting. Falling back to ozone.metadata.dirs instead.
2023-07-09 11:54:01,214 [main] INFO  helpers.OmKeyInfo (OmKeyInfo.java:getCodec(71)) - OmKeyInfo.getCodec ignorePipeline = true
2023-07-09 11:54:01,381 [main] INFO  security.OzoneSecretStore (OzoneSecretStore.java:loadState(69)) - Loaded 0 tokens
2023-07-09 11:54:01,381 [main] INFO  security.OzoneDelegationTokenSecretManager (OzoneDelegationTokenSecretManager.java:loadTokenSecretState(530)) - Loading token state into token manager.
2023-07-09 11:54:01,381 [main] INFO  security.OzoneDelegationTokenSecretManager (OzoneSecretManager.java:updateCurrentKey(175)) - Updating current master key for generating tokens. Cert id 11301393606673994844
2023-07-09 11:54:01,384 [Thread[Thread-16,5,main]] INFO  security.OzoneDelegationTokenSecretManager (OzoneDelegationTokenSecretManager.java:run(636)) - Starting expired delegation token remover thread, tokenRemoverScanInterval=0 min(s)
2023-07-09 11:54:01,386 [Thread[Thread-16,5,main]] INFO  security.OzoneDelegationTokenSecretManager (OzoneDelegationTokenSecretManager.java:run(653)) - ExpiredTokenRemover was interrupted.
java.lang.InterruptedException: sleep interrupted
	at java.lang.Thread.sleep(Native Method)
	at org.apache.hadoop.ozone.security.OzoneDelegationTokenSecretManager$ExpiredTokenRemover.run(OzoneDelegationTokenSecretManager.java:649)
	at java.lang.Thread.run(Thread.java:750)
]]></system-out>
  </testcase>
  <testcase name="testValidateS3AUTHINFOFailure" classname="org.apache.hadoop.ozone.security.TestOzoneDelegationTokenSecretManager" time="0.214">
    <system-out><![CDATA[2023-07-09 11:54:01,414 [main] INFO  security.OMCertificateClient (DefaultCertificateClient.java:updateCertSerialId(1248)) - Certificate serial ID set to null
2023-07-09 11:54:01,415 [main] INFO  security.OMCertificateClient (DefaultCertificateClient.java:init(723)) - Certificate client init case: 7
2023-07-09 11:54:01,415 [main] INFO  security.OMCertificateClient (CommonCertificateClient.java:handleCase(111)) - Found certificate file along with KeyPair.
2023-07-09 11:54:01,417 [main] INFO  security.OMCertificateClient (DefaultCertificateClient.java:validateKeyPairAndCertificate(821)) - Keypair validated.
2023-07-09 11:54:01,419 [main] INFO  security.OMCertificateClient (DefaultCertificateClient.java:validateKeyPairAndCertificate(824)) - Keypair validated with certificate.
2023-07-09 11:54:01,421 [main] WARN  server.ServerUtils (ServerUtils.java:getDBPath(311)) - ozone.om.db.dirs is not configured. We recommend adding this setting. Falling back to ozone.metadata.dirs instead.
2023-07-09 11:54:01,421 [main] INFO  helpers.OmKeyInfo (OmKeyInfo.java:getCodec(71)) - OmKeyInfo.getCodec ignorePipeline = true
2023-07-09 11:54:01,590 [main] INFO  security.OzoneSecretStore (OzoneSecretStore.java:loadState(69)) - Loaded 0 tokens
2023-07-09 11:54:01,590 [main] INFO  security.OzoneDelegationTokenSecretManager (OzoneDelegationTokenSecretManager.java:loadTokenSecretState(530)) - Loading token state into token manager.
2023-07-09 11:54:01,591 [main] INFO  security.OzoneDelegationTokenSecretManager (OzoneSecretManager.java:updateCurrentKey(175)) - Updating current master key for generating tokens. Cert id 3771876214713666990
2023-07-09 11:54:01,593 [main] ERROR security.OzoneDelegationTokenSecretManager (OzoneDelegationTokenSecretManager.java:validateS3AuthInfo(508)) - Error while validating S3 identifier:OzoneToken owner=testuser2, renewer=, realUser=, issueDate=1970-01-01T00:00:00Z, maxDate=1970-01-01T00:00:00Z, sequenceNumber=0, masterKeyId=0, strToSign=AWS4-HMAC-SHA256
20190221T002037Z
20190221/us-west-1/s3/aws4_request
c297c080cce4e0927779823d3fd1f5cae71481a8f7dfc7e18d91851294efc47d, signature=56ec73ba1974f8feda8365c3caef89c5d4a688d5f9baccf4765f46a14cd745ad, awsAccessKeyId=testuser2, omServiceId=null, omCertSerialId=null
org.apache.hadoop.hdds.security.exception.OzoneSecurityException: S3 secret not found for awsAccessKeyId testuser2
	at org.apache.hadoop.ozone.om.S3SecretManagerImpl.getSecretString(S3SecretManagerImpl.java:82)
	at org.apache.hadoop.ozone.om.S3SecretLockedManager.getSecretString(S3SecretLockedManager.java:53)
	at org.apache.hadoop.ozone.security.OzoneDelegationTokenSecretManager.validateS3AuthInfo(OzoneDelegationTokenSecretManager.java:505)
	at org.apache.hadoop.ozone.security.OzoneDelegationTokenSecretManager.retrievePassword(OzoneDelegationTokenSecretManager.java:419)
	at org.apache.hadoop.ozone.security.TestOzoneDelegationTokenSecretManager.lambda$testValidateS3AUTHINFOFailure$4(TestOzoneDelegationTokenSecretManager.java:418)
	at org.apache.ozone.test.LambdaTestUtils.intercept(LambdaTestUtils.java:491)
	at org.apache.ozone.test.LambdaTestUtils.intercept(LambdaTestUtils.java:377)
	at org.apache.ozone.test.LambdaTestUtils.intercept(LambdaTestUtils.java:446)
	at org.apache.hadoop.ozone.security.TestOzoneDelegationTokenSecretManager.testValidateS3AUTHINFOFailure(TestOzoneDelegationTokenSecretManager.java:416)
	at sun.reflect.NativeMethodAccessorImpl.invoke0(Native Method)
	at sun.reflect.NativeMethodAccessorImpl.invoke(NativeMethodAccessorImpl.java:62)
	at sun.reflect.DelegatingMethodAccessorImpl.invoke(DelegatingMethodAccessorImpl.java:43)
	at java.lang.reflect.Method.invoke(Method.java:498)
	at org.junit.runners.model.FrameworkMethod$1.runReflectiveCall(FrameworkMethod.java:59)
	at org.junit.internal.runners.model.ReflectiveCallable.run(ReflectiveCallable.java:12)
	at org.junit.runners.model.FrameworkMethod.invokeExplosively(FrameworkMethod.java:56)
	at org.junit.internal.runners.statements.InvokeMethod.evaluate(InvokeMethod.java:17)
	at org.junit.internal.runners.statements.RunBefores.evaluate(RunBefores.java:26)
	at org.junit.internal.runners.statements.RunAfters.evaluate(RunAfters.java:27)
	at org.junit.rules.ExternalResource$1.evaluate(ExternalResource.java:54)
	at org.junit.runners.ParentRunner$3.evaluate(ParentRunner.java:306)
	at org.junit.runners.BlockJUnit4ClassRunner$1.evaluate(BlockJUnit4ClassRunner.java:100)
	at org.junit.runners.ParentRunner.runLeaf(ParentRunner.java:366)
	at org.junit.runners.BlockJUnit4ClassRunner.runChild(BlockJUnit4ClassRunner.java:103)
	at org.junit.runners.BlockJUnit4ClassRunner.runChild(BlockJUnit4ClassRunner.java:63)
	at org.junit.runners.ParentRunner$4.run(ParentRunner.java:331)
	at org.junit.runners.ParentRunner$1.schedule(ParentRunner.java:79)
	at org.junit.runners.ParentRunner.runChildren(ParentRunner.java:329)
	at org.junit.runners.ParentRunner.access$100(ParentRunner.java:66)
	at org.junit.runners.ParentRunner$2.evaluate(ParentRunner.java:293)
	at org.junit.runners.ParentRunner$3.evaluate(ParentRunner.java:306)
	at org.junit.runners.ParentRunner.run(ParentRunner.java:413)
	at org.junit.runner.JUnitCore.run(JUnitCore.java:137)
	at org.junit.runner.JUnitCore.run(JUnitCore.java:115)
	at org.junit.vintage.engine.execution.RunnerExecutor.execute(RunnerExecutor.java:42)
	at org.junit.vintage.engine.VintageTestEngine.executeAllChildren(VintageTestEngine.java:80)
	at org.junit.vintage.engine.VintageTestEngine.execute(VintageTestEngine.java:72)
	at org.junit.platform.launcher.core.EngineExecutionOrchestrator.execute(EngineExecutionOrchestrator.java:107)
	at org.junit.platform.launcher.core.EngineExecutionOrchestrator.execute(EngineExecutionOrchestrator.java:88)
	at org.junit.platform.launcher.core.EngineExecutionOrchestrator.lambda$execute$0(EngineExecutionOrchestrator.java:54)
	at org.junit.platform.launcher.core.EngineExecutionOrchestrator.withInterceptedStreams(EngineExecutionOrchestrator.java:67)
	at org.junit.platform.launcher.core.EngineExecutionOrchestrator.execute(EngineExecutionOrchestrator.java:52)
	at org.junit.platform.launcher.core.DefaultLauncher.execute(DefaultLauncher.java:114)
	at org.junit.platform.launcher.core.DefaultLauncher.execute(DefaultLauncher.java:86)
	at org.junit.platform.launcher.core.DefaultLauncherSession$DelegatingLauncher.execute(DefaultLauncherSession.java:86)
	at org.junit.platform.launcher.core.SessionPerRequestLauncher.execute(SessionPerRequestLauncher.java:53)
	at org.apache.maven.surefire.junitplatform.JUnitPlatformProvider.execute(JUnitPlatformProvider.java:188)
	at org.apache.maven.surefire.junitplatform.JUnitPlatformProvider.invokeAllTests(JUnitPlatformProvider.java:154)
	at org.apache.maven.surefire.junitplatform.JUnitPlatformProvider.invoke(JUnitPlatformProvider.java:124)
	at org.apache.maven.surefire.booter.ForkedBooter.runSuitesInProcess(ForkedBooter.java:428)
	at org.apache.maven.surefire.booter.ForkedBooter.execute(ForkedBooter.java:162)
	at org.apache.maven.surefire.booter.ForkedBooter.run(ForkedBooter.java:562)
	at org.apache.maven.surefire.booter.ForkedBooter.main(ForkedBooter.java:548)
2023-07-09 11:54:01,594 [main] ERROR security.OzoneDelegationTokenSecretManager (OzoneDelegationTokenSecretManager.java:validateS3AuthInfo(508)) - Error while validating S3 identifier:OzoneToken owner=testuser2, renewer=, realUser=, issueDate=1970-01-01T00:00:00Z, maxDate=1970-01-01T00:00:00Z, sequenceNumber=0, masterKeyId=0, strToSign=AWS4-HMAC-SHA256
20190221T002037Z
20190221/us-west-1/s3/aws4_request
c297c080cce4e0927779823d3fd1f5cae71481a8f7dfc7e18d91851294efc47d+invalidhash, signature=56ec73ba1974f8feda8365c3caef89c5d4a688d5f9baccf4765f46a14cd745ad, awsAccessKeyId=testuser2, omServiceId=null, omCertSerialId=null
org.apache.hadoop.hdds.security.exception.OzoneSecurityException: S3 secret not found for awsAccessKeyId testuser2
	at org.apache.hadoop.ozone.om.S3SecretManagerImpl.getSecretString(S3SecretManagerImpl.java:82)
	at org.apache.hadoop.ozone.om.S3SecretLockedManager.getSecretString(S3SecretLockedManager.java:53)
	at org.apache.hadoop.ozone.security.OzoneDelegationTokenSecretManager.validateS3AuthInfo(OzoneDelegationTokenSecretManager.java:505)
	at org.apache.hadoop.ozone.security.OzoneDelegationTokenSecretManager.retrievePassword(OzoneDelegationTokenSecretManager.java:419)
	at org.apache.hadoop.ozone.security.TestOzoneDelegationTokenSecretManager.lambda$testValidateS3AUTHINFOFailure$5(TestOzoneDelegationTokenSecretManager.java:428)
	at org.apache.ozone.test.LambdaTestUtils.intercept(LambdaTestUtils.java:491)
	at org.apache.ozone.test.LambdaTestUtils.intercept(LambdaTestUtils.java:377)
	at org.apache.ozone.test.LambdaTestUtils.intercept(LambdaTestUtils.java:446)
	at org.apache.hadoop.ozone.security.TestOzoneDelegationTokenSecretManager.testValidateS3AUTHINFOFailure(TestOzoneDelegationTokenSecretManager.java:426)
	at sun.reflect.NativeMethodAccessorImpl.invoke0(Native Method)
	at sun.reflect.NativeMethodAccessorImpl.invoke(NativeMethodAccessorImpl.java:62)
	at sun.reflect.DelegatingMethodAccessorImpl.invoke(DelegatingMethodAccessorImpl.java:43)
	at java.lang.reflect.Method.invoke(Method.java:498)
	at org.junit.runners.model.FrameworkMethod$1.runReflectiveCall(FrameworkMethod.java:59)
	at org.junit.internal.runners.model.ReflectiveCallable.run(ReflectiveCallable.java:12)
	at org.junit.runners.model.FrameworkMethod.invokeExplosively(FrameworkMethod.java:56)
	at org.junit.internal.runners.statements.InvokeMethod.evaluate(InvokeMethod.java:17)
	at org.junit.internal.runners.statements.RunBefores.evaluate(RunBefores.java:26)
	at org.junit.internal.runners.statements.RunAfters.evaluate(RunAfters.java:27)
	at org.junit.rules.ExternalResource$1.evaluate(ExternalResource.java:54)
	at org.junit.runners.ParentRunner$3.evaluate(ParentRunner.java:306)
	at org.junit.runners.BlockJUnit4ClassRunner$1.evaluate(BlockJUnit4ClassRunner.java:100)
	at org.junit.runners.ParentRunner.runLeaf(ParentRunner.java:366)
	at org.junit.runners.BlockJUnit4ClassRunner.runChild(BlockJUnit4ClassRunner.java:103)
	at org.junit.runners.BlockJUnit4ClassRunner.runChild(BlockJUnit4ClassRunner.java:63)
	at org.junit.runners.ParentRunner$4.run(ParentRunner.java:331)
	at org.junit.runners.ParentRunner$1.schedule(ParentRunner.java:79)
	at org.junit.runners.ParentRunner.runChildren(ParentRunner.java:329)
	at org.junit.runners.ParentRunner.access$100(ParentRunner.java:66)
	at org.junit.runners.ParentRunner$2.evaluate(ParentRunner.java:293)
	at org.junit.runners.ParentRunner$3.evaluate(ParentRunner.java:306)
	at org.junit.runners.ParentRunner.run(ParentRunner.java:413)
	at org.junit.runner.JUnitCore.run(JUnitCore.java:137)
	at org.junit.runner.JUnitCore.run(JUnitCore.java:115)
	at org.junit.vintage.engine.execution.RunnerExecutor.execute(RunnerExecutor.java:42)
	at org.junit.vintage.engine.VintageTestEngine.executeAllChildren(VintageTestEngine.java:80)
	at org.junit.vintage.engine.VintageTestEngine.execute(VintageTestEngine.java:72)
	at org.junit.platform.launcher.core.EngineExecutionOrchestrator.execute(EngineExecutionOrchestrator.java:107)
	at org.junit.platform.launcher.core.EngineExecutionOrchestrator.execute(EngineExecutionOrchestrator.java:88)
	at org.junit.platform.launcher.core.EngineExecutionOrchestrator.lambda$execute$0(EngineExecutionOrchestrator.java:54)
	at org.junit.platform.launcher.core.EngineExecutionOrchestrator.withInterceptedStreams(EngineExecutionOrchestrator.java:67)
	at org.junit.platform.launcher.core.EngineExecutionOrchestrator.execute(EngineExecutionOrchestrator.java:52)
	at org.junit.platform.launcher.core.DefaultLauncher.execute(DefaultLauncher.java:114)
	at org.junit.platform.launcher.core.DefaultLauncher.execute(DefaultLauncher.java:86)
	at org.junit.platform.launcher.core.DefaultLauncherSession$DelegatingLauncher.execute(DefaultLauncherSession.java:86)
	at org.junit.platform.launcher.core.SessionPerRequestLauncher.execute(SessionPerRequestLauncher.java:53)
	at org.apache.maven.surefire.junitplatform.JUnitPlatformProvider.execute(JUnitPlatformProvider.java:188)
	at org.apache.maven.surefire.junitplatform.JUnitPlatformProvider.invokeAllTests(JUnitPlatformProvider.java:154)
	at org.apache.maven.surefire.junitplatform.JUnitPlatformProvider.invoke(JUnitPlatformProvider.java:124)
	at org.apache.maven.surefire.booter.ForkedBooter.runSuitesInProcess(ForkedBooter.java:428)
	at org.apache.maven.surefire.booter.ForkedBooter.execute(ForkedBooter.java:162)
	at org.apache.maven.surefire.booter.ForkedBooter.run(ForkedBooter.java:562)
	at org.apache.maven.surefire.booter.ForkedBooter.main(ForkedBooter.java:548)
2023-07-09 11:54:01,596 [main] ERROR security.OzoneDelegationTokenSecretManager (OzoneDelegationTokenSecretManager.java:validateS3AuthInfo(508)) - Error while validating S3 identifier:OzoneToken owner=testuser2, renewer=, realUser=, issueDate=1970-01-01T00:00:00Z, maxDate=1970-01-01T00:00:00Z, sequenceNumber=0, masterKeyId=0, strToSign=AWS4-HMAC-SHA256
20190221T002037Z
20190221/us-west-1/s3/aws4_request
c297c080cce4e0927779823d3fd1f5cae71481a8f7dfc7e18d91851294efc47d, signature=56ec73ba1974f8feda8365c3caef89c5d4a688d+invalidhash5f9baccf4765f46a14cd745ad, awsAccessKeyId=testuser2, omServiceId=null, omCertSerialId=null
org.apache.hadoop.hdds.security.exception.OzoneSecurityException: S3 secret not found for awsAccessKeyId testuser2
	at org.apache.hadoop.ozone.om.S3SecretManagerImpl.getSecretString(S3SecretManagerImpl.java:82)
	at org.apache.hadoop.ozone.om.S3SecretLockedManager.getSecretString(S3SecretLockedManager.java:53)
	at org.apache.hadoop.ozone.security.OzoneDelegationTokenSecretManager.validateS3AuthInfo(OzoneDelegationTokenSecretManager.java:505)
	at org.apache.hadoop.ozone.security.OzoneDelegationTokenSecretManager.retrievePassword(OzoneDelegationTokenSecretManager.java:419)
	at org.apache.hadoop.ozone.security.TestOzoneDelegationTokenSecretManager.lambda$testValidateS3AUTHINFOFailure$6(TestOzoneDelegationTokenSecretManager.java:439)
	at org.apache.ozone.test.LambdaTestUtils.intercept(LambdaTestUtils.java:491)
	at org.apache.ozone.test.LambdaTestUtils.intercept(LambdaTestUtils.java:377)
	at org.apache.ozone.test.LambdaTestUtils.intercept(LambdaTestUtils.java:446)
	at org.apache.hadoop.ozone.security.TestOzoneDelegationTokenSecretManager.testValidateS3AUTHINFOFailure(TestOzoneDelegationTokenSecretManager.java:437)
	at sun.reflect.NativeMethodAccessorImpl.invoke0(Native Method)
	at sun.reflect.NativeMethodAccessorImpl.invoke(NativeMethodAccessorImpl.java:62)
	at sun.reflect.DelegatingMethodAccessorImpl.invoke(DelegatingMethodAccessorImpl.java:43)
	at java.lang.reflect.Method.invoke(Method.java:498)
	at org.junit.runners.model.FrameworkMethod$1.runReflectiveCall(FrameworkMethod.java:59)
	at org.junit.internal.runners.model.ReflectiveCallable.run(ReflectiveCallable.java:12)
	at org.junit.runners.model.FrameworkMethod.invokeExplosively(FrameworkMethod.java:56)
	at org.junit.internal.runners.statements.InvokeMethod.evaluate(InvokeMethod.java:17)
	at org.junit.internal.runners.statements.RunBefores.evaluate(RunBefores.java:26)
	at org.junit.internal.runners.statements.RunAfters.evaluate(RunAfters.java:27)
	at org.junit.rules.ExternalResource$1.evaluate(ExternalResource.java:54)
	at org.junit.runners.ParentRunner$3.evaluate(ParentRunner.java:306)
	at org.junit.runners.BlockJUnit4ClassRunner$1.evaluate(BlockJUnit4ClassRunner.java:100)
	at org.junit.runners.ParentRunner.runLeaf(ParentRunner.java:366)
	at org.junit.runners.BlockJUnit4ClassRunner.runChild(BlockJUnit4ClassRunner.java:103)
	at org.junit.runners.BlockJUnit4ClassRunner.runChild(BlockJUnit4ClassRunner.java:63)
	at org.junit.runners.ParentRunner$4.run(ParentRunner.java:331)
	at org.junit.runners.ParentRunner$1.schedule(ParentRunner.java:79)
	at org.junit.runners.ParentRunner.runChildren(ParentRunner.java:329)
	at org.junit.runners.ParentRunner.access$100(ParentRunner.java:66)
	at org.junit.runners.ParentRunner$2.evaluate(ParentRunner.java:293)
	at org.junit.runners.ParentRunner$3.evaluate(ParentRunner.java:306)
	at org.junit.runners.ParentRunner.run(ParentRunner.java:413)
	at org.junit.runner.JUnitCore.run(JUnitCore.java:137)
	at org.junit.runner.JUnitCore.run(JUnitCore.java:115)
	at org.junit.vintage.engine.execution.RunnerExecutor.execute(RunnerExecutor.java:42)
	at org.junit.vintage.engine.VintageTestEngine.executeAllChildren(VintageTestEngine.java:80)
	at org.junit.vintage.engine.VintageTestEngine.execute(VintageTestEngine.java:72)
	at org.junit.platform.launcher.core.EngineExecutionOrchestrator.execute(EngineExecutionOrchestrator.java:107)
	at org.junit.platform.launcher.core.EngineExecutionOrchestrator.execute(EngineExecutionOrchestrator.java:88)
	at org.junit.platform.launcher.core.EngineExecutionOrchestrator.lambda$execute$0(EngineExecutionOrchestrator.java:54)
	at org.junit.platform.launcher.core.EngineExecutionOrchestrator.withInterceptedStreams(EngineExecutionOrchestrator.java:67)
	at org.junit.platform.launcher.core.EngineExecutionOrchestrator.execute(EngineExecutionOrchestrator.java:52)
	at org.junit.platform.launcher.core.DefaultLauncher.execute(DefaultLauncher.java:114)
	at org.junit.platform.launcher.core.DefaultLauncher.execute(DefaultLauncher.java:86)
	at org.junit.platform.launcher.core.DefaultLauncherSession$DelegatingLauncher.execute(DefaultLauncherSession.java:86)
	at org.junit.platform.launcher.core.SessionPerRequestLauncher.execute(SessionPerRequestLauncher.java:53)
	at org.apache.maven.surefire.junitplatform.JUnitPlatformProvider.execute(JUnitPlatformProvider.java:188)
	at org.apache.maven.surefire.junitplatform.JUnitPlatformProvider.invokeAllTests(JUnitPlatformProvider.java:154)
	at org.apache.maven.surefire.junitplatform.JUnitPlatformProvider.invoke(JUnitPlatformProvider.java:124)
	at org.apache.maven.surefire.booter.ForkedBooter.runSuitesInProcess(ForkedBooter.java:428)
	at org.apache.maven.surefire.booter.ForkedBooter.execute(ForkedBooter.java:162)
	at org.apache.maven.surefire.booter.ForkedBooter.run(ForkedBooter.java:562)
	at org.apache.maven.surefire.booter.ForkedBooter.main(ForkedBooter.java:548)
2023-07-09 11:54:01,593 [Thread[Thread-18,5,main]] INFO  security.OzoneDelegationTokenSecretManager (OzoneDelegationTokenSecretManager.java:run(636)) - Starting expired delegation token remover thread, tokenRemoverScanInterval=0 min(s)
]]></system-out>
  </testcase>
  <testcase name="testRenewTokenSuccess" classname="org.apache.hadoop.ozone.security.TestOzoneDelegationTokenSecretManager" time="0.273">
    <system-out><![CDATA[2023-07-09 11:54:01,646 [main] INFO  security.OMCertificateClient (DefaultCertificateClient.java:updateCertSerialId(1248)) - Certificate serial ID set to null
2023-07-09 11:54:01,648 [main] INFO  security.OMCertificateClient (DefaultCertificateClient.java:init(723)) - Certificate client init case: 7
2023-07-09 11:54:01,648 [main] INFO  security.OMCertificateClient (CommonCertificateClient.java:handleCase(111)) - Found certificate file along with KeyPair.
2023-07-09 11:54:01,650 [main] INFO  security.OMCertificateClient (DefaultCertificateClient.java:validateKeyPairAndCertificate(821)) - Keypair validated.
2023-07-09 11:54:01,652 [main] INFO  security.OMCertificateClient (DefaultCertificateClient.java:validateKeyPairAndCertificate(824)) - Keypair validated with certificate.
2023-07-09 11:54:01,658 [main] WARN  server.ServerUtils (ServerUtils.java:getDBPath(311)) - ozone.om.db.dirs is not configured. We recommend adding this setting. Falling back to ozone.metadata.dirs instead.
2023-07-09 11:54:01,658 [main] INFO  helpers.OmKeyInfo (OmKeyInfo.java:getCodec(71)) - OmKeyInfo.getCodec ignorePipeline = true
2023-07-09 11:54:01,817 [main] INFO  security.OzoneSecretStore (OzoneSecretStore.java:loadState(69)) - Loaded 0 tokens
2023-07-09 11:54:01,817 [main] INFO  security.OzoneDelegationTokenSecretManager (OzoneDelegationTokenSecretManager.java:loadTokenSecretState(530)) - Loading token state into token manager.
2023-07-09 11:54:01,817 [main] INFO  security.OzoneDelegationTokenSecretManager (OzoneSecretManager.java:updateCurrentKey(175)) - Updating current master key for generating tokens. Cert id 17985197866457129724
2023-07-09 11:54:01,818 [Thread[Thread-20,5,main]] INFO  security.OzoneDelegationTokenSecretManager (OzoneDelegationTokenSecretManager.java:run(636)) - Starting expired delegation token remover thread, tokenRemoverScanInterval=0 min(s)
2023-07-09 11:54:01,872 [Thread[Thread-20,5,main]] INFO  security.OzoneDelegationTokenSecretManager (OzoneDelegationTokenSecretManager.java:run(653)) - ExpiredTokenRemover was interrupted.
java.lang.InterruptedException: sleep interrupted
	at java.lang.Thread.sleep(Native Method)
	at org.apache.hadoop.ozone.security.OzoneDelegationTokenSecretManager$ExpiredTokenRemover.run(OzoneDelegationTokenSecretManager.java:649)
	at java.lang.Thread.run(Thread.java:750)
]]></system-out>
  </testcase>
  <testcase name="testVerifySignatureSuccess" classname="org.apache.hadoop.ozone.security.TestOzoneDelegationTokenSecretManager" time="0.23">
    <system-out><![CDATA[2023-07-09 11:54:01,910 [main] INFO  security.OMCertificateClient (DefaultCertificateClient.java:updateCertSerialId(1248)) - Certificate serial ID set to null
2023-07-09 11:54:01,911 [main] INFO  security.OMCertificateClient (DefaultCertificateClient.java:init(723)) - Certificate client init case: 7
2023-07-09 11:54:01,911 [main] INFO  security.OMCertificateClient (CommonCertificateClient.java:handleCase(111)) - Found certificate file along with KeyPair.
2023-07-09 11:54:01,913 [main] INFO  security.OMCertificateClient (DefaultCertificateClient.java:validateKeyPairAndCertificate(821)) - Keypair validated.
2023-07-09 11:54:01,915 [main] INFO  security.OMCertificateClient (DefaultCertificateClient.java:validateKeyPairAndCertificate(824)) - Keypair validated with certificate.
2023-07-09 11:54:01,916 [main] WARN  server.ServerUtils (ServerUtils.java:getDBPath(311)) - ozone.om.db.dirs is not configured. We recommend adding this setting. Falling back to ozone.metadata.dirs instead.
2023-07-09 11:54:01,917 [main] INFO  helpers.OmKeyInfo (OmKeyInfo.java:getCodec(71)) - OmKeyInfo.getCodec ignorePipeline = true
2023-07-09 11:54:02,101 [main] INFO  security.OzoneSecretStore (OzoneSecretStore.java:loadState(69)) - Loaded 0 tokens
2023-07-09 11:54:02,101 [main] INFO  security.OzoneDelegationTokenSecretManager (OzoneDelegationTokenSecretManager.java:loadTokenSecretState(530)) - Loading token state into token manager.
2023-07-09 11:54:02,101 [main] INFO  security.OzoneDelegationTokenSecretManager (OzoneSecretManager.java:updateCurrentKey(175)) - Updating current master key for generating tokens. Cert id 3204426814635584104
2023-07-09 11:54:02,103 [Thread[Thread-22,5,main]] INFO  security.OzoneDelegationTokenSecretManager (OzoneDelegationTokenSecretManager.java:run(636)) - Starting expired delegation token remover thread, tokenRemoverScanInterval=0 min(s)
2023-07-09 11:54:02,105 [Thread[Thread-22,5,main]] INFO  security.OzoneDelegationTokenSecretManager (OzoneDelegationTokenSecretManager.java:run(653)) - ExpiredTokenRemover was interrupted.
java.lang.InterruptedException: sleep interrupted
	at java.lang.Thread.sleep(Native Method)
	at org.apache.hadoop.ozone.security.OzoneDelegationTokenSecretManager$ExpiredTokenRemover.run(OzoneDelegationTokenSecretManager.java:649)
	at java.lang.Thread.run(Thread.java:750)
]]></system-out>
  </testcase>
  <testcase name="testRenewTokenFailureMaxTime" classname="org.apache.hadoop.ozone.security.TestOzoneDelegationTokenSecretManager" time="0.32">
    <system-out><![CDATA[2023-07-09 11:54:02,145 [main] INFO  security.OMCertificateClient (DefaultCertificateClient.java:updateCertSerialId(1248)) - Certificate serial ID set to null
2023-07-09 11:54:02,145 [main] INFO  security.OMCertificateClient (DefaultCertificateClient.java:init(723)) - Certificate client init case: 7
2023-07-09 11:54:02,146 [main] INFO  security.OMCertificateClient (CommonCertificateClient.java:handleCase(111)) - Found certificate file along with KeyPair.
2023-07-09 11:54:02,148 [main] INFO  security.OMCertificateClient (DefaultCertificateClient.java:validateKeyPairAndCertificate(821)) - Keypair validated.
2023-07-09 11:54:02,150 [main] INFO  security.OMCertificateClient (DefaultCertificateClient.java:validateKeyPairAndCertificate(824)) - Keypair validated with certificate.
2023-07-09 11:54:02,151 [main] WARN  server.ServerUtils (ServerUtils.java:getDBPath(311)) - ozone.om.db.dirs is not configured. We recommend adding this setting. Falling back to ozone.metadata.dirs instead.
2023-07-09 11:54:02,152 [main] INFO  helpers.OmKeyInfo (OmKeyInfo.java:getCodec(71)) - OmKeyInfo.getCodec ignorePipeline = true
2023-07-09 11:54:02,320 [main] INFO  security.OzoneSecretStore (OzoneSecretStore.java:loadState(69)) - Loaded 0 tokens
2023-07-09 11:54:02,320 [main] INFO  security.OzoneDelegationTokenSecretManager (OzoneDelegationTokenSecretManager.java:loadTokenSecretState(530)) - Loading token state into token manager.
2023-07-09 11:54:02,320 [main] INFO  security.OzoneDelegationTokenSecretManager (OzoneSecretManager.java:updateCurrentKey(175)) - Updating current master key for generating tokens. Cert id 7729632571315905748
2023-07-09 11:54:02,322 [Thread[Thread-24,5,main]] INFO  security.OzoneDelegationTokenSecretManager (OzoneDelegationTokenSecretManager.java:run(636)) - Starting expired delegation token remover thread, tokenRemoverScanInterval=0 min(s)
2023-07-09 11:54:02,427 [Thread[Thread-24,5,main]] INFO  security.OzoneDelegationTokenSecretManager (OzoneDelegationTokenSecretManager.java:run(653)) - ExpiredTokenRemover was interrupted.
java.lang.InterruptedException: sleep interrupted
	at java.lang.Thread.sleep(Native Method)
	at org.apache.hadoop.ozone.security.OzoneDelegationTokenSecretManager$ExpiredTokenRemover.run(OzoneDelegationTokenSecretManager.java:649)
	at java.lang.Thread.run(Thread.java:750)
]]></system-out>
  </testcase>
  <testcase name="testRenewTokenFailure" classname="org.apache.hadoop.ozone.security.TestOzoneDelegationTokenSecretManager" time="0.2">
    <system-out><![CDATA[2023-07-09 11:54:02,452 [main] INFO  security.OMCertificateClient (DefaultCertificateClient.java:updateCertSerialId(1248)) - Certificate serial ID set to null
2023-07-09 11:54:02,453 [main] INFO  security.OMCertificateClient (DefaultCertificateClient.java:init(723)) - Certificate client init case: 7
2023-07-09 11:54:02,453 [main] INFO  security.OMCertificateClient (CommonCertificateClient.java:handleCase(111)) - Found certificate file along with KeyPair.
2023-07-09 11:54:02,455 [main] INFO  security.OMCertificateClient (DefaultCertificateClient.java:validateKeyPairAndCertificate(821)) - Keypair validated.
2023-07-09 11:54:02,457 [main] INFO  security.OMCertificateClient (DefaultCertificateClient.java:validateKeyPairAndCertificate(824)) - Keypair validated with certificate.
2023-07-09 11:54:02,458 [main] WARN  server.ServerUtils (ServerUtils.java:getDBPath(311)) - ozone.om.db.dirs is not configured. We recommend adding this setting. Falling back to ozone.metadata.dirs instead.
2023-07-09 11:54:02,459 [main] INFO  helpers.OmKeyInfo (OmKeyInfo.java:getCodec(71)) - OmKeyInfo.getCodec ignorePipeline = true
2023-07-09 11:54:02,626 [main] INFO  security.OzoneSecretStore (OzoneSecretStore.java:loadState(69)) - Loaded 0 tokens
2023-07-09 11:54:02,626 [main] INFO  security.OzoneDelegationTokenSecretManager (OzoneDelegationTokenSecretManager.java:loadTokenSecretState(530)) - Loading token state into token manager.
2023-07-09 11:54:02,626 [main] INFO  security.OzoneDelegationTokenSecretManager (OzoneSecretManager.java:updateCurrentKey(175)) - Updating current master key for generating tokens. Cert id 10589938205278761346
2023-07-09 11:54:02,627 [Thread[Thread-26,5,main]] INFO  security.OzoneDelegationTokenSecretManager (OzoneDelegationTokenSecretManager.java:run(636)) - Starting expired delegation token remover thread, tokenRemoverScanInterval=0 min(s)
2023-07-09 11:54:02,629 [Thread[Thread-26,5,main]] INFO  security.OzoneDelegationTokenSecretManager (OzoneDelegationTokenSecretManager.java:run(653)) - ExpiredTokenRemover was interrupted.
java.lang.InterruptedException: sleep interrupted
	at java.lang.Thread.sleep(Native Method)
	at org.apache.hadoop.ozone.security.OzoneDelegationTokenSecretManager$ExpiredTokenRemover.run(OzoneDelegationTokenSecretManager.java:649)
	at java.lang.Thread.run(Thread.java:750)
]]></system-out>
  </testcase>
  <testcase name="testVerifySignatureFailure" classname="org.apache.hadoop.ozone.security.TestOzoneDelegationTokenSecretManager" time="0.199">
    <system-out><![CDATA[2023-07-09 11:54:02,654 [main] INFO  security.OMCertificateClient (DefaultCertificateClient.java:updateCertSerialId(1248)) - Certificate serial ID set to null
2023-07-09 11:54:02,655 [main] INFO  security.OMCertificateClient (DefaultCertificateClient.java:init(723)) - Certificate client init case: 7
2023-07-09 11:54:02,655 [main] INFO  security.OMCertificateClient (CommonCertificateClient.java:handleCase(111)) - Found certificate file along with KeyPair.
2023-07-09 11:54:02,657 [main] INFO  security.OMCertificateClient (DefaultCertificateClient.java:validateKeyPairAndCertificate(821)) - Keypair validated.
2023-07-09 11:54:02,658 [main] INFO  security.OMCertificateClient (DefaultCertificateClient.java:validateKeyPairAndCertificate(824)) - Keypair validated with certificate.
2023-07-09 11:54:02,660 [main] WARN  server.ServerUtils (ServerUtils.java:getDBPath(311)) - ozone.om.db.dirs is not configured. We recommend adding this setting. Falling back to ozone.metadata.dirs instead.
2023-07-09 11:54:02,660 [main] INFO  helpers.OmKeyInfo (OmKeyInfo.java:getCodec(71)) - OmKeyInfo.getCodec ignorePipeline = true
2023-07-09 11:54:02,827 [main] INFO  security.OzoneSecretStore (OzoneSecretStore.java:loadState(69)) - Loaded 0 tokens
2023-07-09 11:54:02,827 [main] INFO  security.OzoneDelegationTokenSecretManager (OzoneDelegationTokenSecretManager.java:loadTokenSecretState(530)) - Loading token state into token manager.
2023-07-09 11:54:02,827 [main] INFO  security.OzoneDelegationTokenSecretManager (OzoneSecretManager.java:updateCurrentKey(175)) - Updating current master key for generating tokens. Cert id 7004554628474868774
2023-07-09 11:54:02,828 [Thread[Thread-28,5,main]] INFO  security.OzoneDelegationTokenSecretManager (OzoneDelegationTokenSecretManager.java:run(636)) - Starting expired delegation token remover thread, tokenRemoverScanInterval=0 min(s)
]]></system-out>
  </testcase>
</testsuite>