<?xml version="1.0" encoding="UTF-8"?>
<testsuite xmlns:xsi="http://www.w3.org/2001/XMLSchema-instance" xsi:noNamespaceSchemaLocation="https://maven.apache.org/surefire/maven-surefire-plugin/xsd/surefire-test-report-3.0.xsd" version="3.0" name="org.apache.hadoop.ozone.recon.TestReconAndAdminContainerCLI" time="104.119" tests="3" errors="1" skipped="0" failures="0">
  <properties>
    <property name="awt.toolkit" value="sun.awt.X11.XToolkit"/>
    <property name="org.jooq.no-logo" value="true"/>
    <property name="java.specification.version" value="1.8"/>
    <property name="file.encoding.pkg" value="sun.io"/>
    <property name="sun.cpu.isalist" value=""/>
    <property name="sun.jnu.encoding" value="UTF-8"/>
    <property name="gradle.enterprise.listener.surefire.forkId" value="1"/>
    <property name="java.class.path" value="/home/runner/work/ozone/ozone/hadoop-ozone/integration-test/target/test-classes:/home/runner/work/ozone/ozone/hadoop-ozone/integration-test/target/classes:/home/runner/.m2/repository/org/apache/ozone/ozone-common/1.5.0-SNAPSHOT/ozone-common-1.5.0-SNAPSHOT.jar:/home/runner/.m2/repository/io/grpc/grpc-netty/1.58.0/grpc-netty-1.58.0.jar:/home/runner/.m2/repository/io/grpc/grpc-core/1.58.0/grpc-core-1.58.0.jar:/home/runner/.m2/repository/com/google/android/annotations/4.1.1.4/annotations-4.1.1.4.jar:/home/runner/.m2/repository/org/codehaus/mojo/animal-sniffer-annotations/1.23/animal-sniffer-annotations-1.23.jar:/home/runner/.m2/repository/io/grpc/grpc-context/1.58.0/grpc-context-1.58.0.jar:/home/runner/.m2/repository/io/grpc/grpc-util/1.58.0/grpc-util-1.58.0.jar:/home/runner/.m2/repository/com/google/errorprone/error_prone_annotations/2.2.0/error_prone_annotations-2.2.0.jar:/home/runner/.m2/repository/io/perfmark/perfmark-api/0.26.0/perfmark-api-0.26.0.jar:/home/runner/.m2/repository/io/netty/netty-codec-http2/4.1.100.Final/netty-codec-http2-4.1.100.Final.jar:/home/runner/.m2/repository/io/netty/netty-common/4.1.100.Final/netty-common-4.1.100.Final.jar:/home/runner/.m2/repository/io/netty/netty-buffer/4.1.100.Final/netty-buffer-4.1.100.Final.jar:/home/runner/.m2/repository/io/netty/netty-codec-http/4.1.100.Final/netty-codec-http-4.1.100.Final.jar:/home/runner/.m2/repository/io/netty/netty-handler-proxy/4.1.100.Final/netty-handler-proxy-4.1.100.Final.jar:/home/runner/.m2/repository/io/netty/netty-codec-socks/4.1.100.Final/netty-codec-socks-4.1.100.Final.jar:/home/runner/.m2/repository/io/netty/netty-tcnative-boringssl-static/2.0.61.Final/netty-tcnative-boringssl-static-2.0.61.Final.jar:/home/runner/.m2/repository/io/netty/netty-tcnative-classes/2.0.61.Final/netty-tcnative-classes-2.0.61.Final.jar:/home/runner/.m2/repository/io/netty/netty-tcnative-boringssl-static/2.0.61.Final/netty-tcnative-boringssl-static-2.0.61.Final-linux-x86_64.jar:/home/runner/.m2/repository/io/netty/netty-tcnative-boringssl-static/2.0.61.Final/netty-tcnative-boringssl-static-2.0.61.Final-linux-aarch_64.jar:/home/runner/.m2/repository/io/netty/netty-tcnative-boringssl-static/2.0.61.Final/netty-tcnative-boringssl-static-2.0.61.Final-osx-x86_64.jar:/home/runner/.m2/repository/io/netty/netty-tcnative-boringssl-static/2.0.61.Final/netty-tcnative-boringssl-static-2.0.61.Final-osx-aarch_64.jar:/home/runner/.m2/repository/io/netty/netty-tcnative-boringssl-static/2.0.61.Final/netty-tcnative-boringssl-static-2.0.61.Final-windows-x86_64.jar:/home/runner/.m2/repository/org/apache/commons/commons-compress/1.26.0/commons-compress-1.26.0.jar:/home/runner/.m2/repository/org/apache/ozone/hdds-common/1.5.0-SNAPSHOT/hdds-common-1.5.0-SNAPSHOT.jar:/home/runner/.m2/repository/org/apache/ozone/hdds-client/1.5.0-SNAPSHOT/hdds-client-1.5.0-SNAPSHOT.jar:/home/runner/.m2/repository/org/apache/ozone/ozone-interface-client/1.5.0-SNAPSHOT/ozone-interface-client-1.5.0-SNAPSHOT.jar:/home/runner/.m2/repository/org/apache/hadoop/hadoop-hdfs-client/3.3.6/hadoop-hdfs-client-3.3.6.jar:/home/runner/.m2/repository/com/squareup/okhttp3/okhttp/4.12.0/okhttp-4.12.0.jar:/home/runner/.m2/repository/com/squareup/okio/okio/3.6.0/okio-3.6.0.jar:/home/runner/.m2/repository/com/squareup/okio/okio-jvm/3.6.0/okio-jvm-3.6.0.jar:/home/runner/.m2/repository/org/jetbrains/kotlin/kotlin-stdlib-jdk8/1.9.22/kotlin-stdlib-jdk8-1.9.22.jar:/home/runner/.m2/repository/org/jetbrains/kotlin/kotlin-stdlib-jdk7/1.9.22/kotlin-stdlib-jdk7-1.9.22.jar:/home/runner/.m2/repository/org/jetbrains/kotlin/kotlin-stdlib-common/1.9.22/kotlin-stdlib-common-1.9.22.jar:/home/runner/.m2/repository/org/apache/ozone/hdds-test-utils/1.5.0-SNAPSHOT/hdds-test-utils-1.5.0-SNAPSHOT.jar:/home/runner/.m2/repository/org/assertj/assertj-core/3.12.2/assertj-core-3.12.2.jar:/home/runner/.m2/repository/com/google/guava/guava/32.0.0-jre/guava-32.0.0-jre.jar:/home/runner/.m2/repository/com/google/guava/failureaccess/1.0.1/failureaccess-1.0.1.jar:/home/runner/.m2/repository/com/google/guava/listenablefuture/9999.0-empty-to-avoid-conflict-with-guava/listenablefuture-9999.0-empty-to-avoid-conflict-with-guava.jar:/home/runner/.m2/repository/org/checkerframework/checker-qual/3.33.0/checker-qual-3.33.0.jar:/home/runner/.m2/repository/com/google/j2objc/j2objc-annotations/2.8/j2objc-annotations-2.8.jar:/home/runner/.m2/repository/commons-io/commons-io/2.15.1/commons-io-2.15.1.jar:/home/runner/.m2/repository/commons-logging/commons-logging/1.2/commons-logging-1.2.jar:/home/runner/.m2/repository/org/junit/jupiter/junit-jupiter-api/5.10.2/junit-jupiter-api-5.10.2.jar:/home/runner/.m2/repository/org/opentest4j/opentest4j/1.3.0/opentest4j-1.3.0.jar:/home/runner/.m2/repository/org/junit/platform/junit-platform-commons/1.10.2/junit-platform-commons-1.10.2.jar:/home/runner/.m2/repository/ch/qos/reload4j/reload4j/1.2.25/reload4j-1.2.25.jar:/home/runner/.m2/repository/jakarta/annotation/jakarta.annotation-api/2.1.1/jakarta.annotation-api-2.1.1.jar:/home/runner/.m2/repository/org/slf4j/slf4j-api/2.0.12/slf4j-api-2.0.12.jar:/home/runner/.m2/repository/org/apache/logging/log4j/log4j-api/2.17.1/log4j-api-2.17.1.jar:/home/runner/.m2/repository/org/apache/ozone/hdds-server-scm/1.5.0-SNAPSHOT/hdds-server-scm-1.5.0-SNAPSHOT.jar:/home/runner/.m2/repository/com/google/protobuf/protobuf-java/2.5.0/protobuf-java-2.5.0.jar:/home/runner/.m2/repository/org/apache/ozone/hdds-container-service/1.5.0-SNAPSHOT/hdds-container-service-1.5.0-SNAPSHOT.jar:/home/runner/.m2/repository/org/apache/ozone/hdds-hadoop-dependency-server/1.5.0-SNAPSHOT/hdds-hadoop-dependency-server-1.5.0-SNAPSHOT.jar:/home/runner/.m2/repository/org/apache/hadoop/hadoop-hdfs/3.3.6/hadoop-hdfs-3.3.6.jar:/home/runner/.m2/repository/commons-daemon/commons-daemon/1.0.13/commons-daemon-1.0.13.jar:/home/runner/.m2/repository/org/xerial/snappy/snappy-java/1.1.10.5/snappy-java-1.1.10.5.jar:/home/runner/.m2/repository/org/apache/ozone/hdds-server-framework/1.5.0-SNAPSHOT/hdds-server-framework-1.5.0-SNAPSHOT.jar:/home/runner/.m2/repository/org/bouncycastle/bcprov-jdk18on/1.77/bcprov-jdk18on-1.77.jar:/home/runner/.m2/repository/io/dropwizard/metrics/metrics-core/3.2.4/metrics-core-3.2.4.jar:/home/runner/.m2/repository/org/apache/commons/commons-text/1.11.0/commons-text-1.11.0.jar:/home/runner/.m2/repository/org/apache/ozone/hdds-server-framework/1.5.0-SNAPSHOT/hdds-server-framework-1.5.0-SNAPSHOT-tests.jar:/home/runner/.m2/repository/org/apache/ozone/hdds-interface-server/1.5.0-SNAPSHOT/hdds-interface-server-1.5.0-SNAPSHOT.jar:/home/runner/.m2/repository/org/apache/ozone/hdds-interface-admin/1.5.0-SNAPSHOT/hdds-interface-admin-1.5.0-SNAPSHOT.jar:/home/runner/.m2/repository/org/apache/ozone/hdds-managed-rocksdb/1.5.0-SNAPSHOT/hdds-managed-rocksdb-1.5.0-SNAPSHOT.jar:/home/runner/.m2/repository/org/rocksdb/rocksdbjni/7.7.3/rocksdbjni-7.7.3.jar:/home/runner/.m2/repository/org/slf4j/slf4j-reload4j/2.0.12/slf4j-reload4j-2.0.12.jar:/home/runner/.m2/repository/org/apache/commons/commons-configuration2/2.10.1/commons-configuration2-2.10.1.jar:/home/runner/.m2/repository/commons-fileupload/commons-fileupload/1.5/commons-fileupload-1.5.jar:/home/runner/.m2/repository/org/apache/logging/log4j/log4j-core/2.17.1/log4j-core-2.17.1.jar:/home/runner/.m2/repository/com/lmax/disruptor/3.4.4/disruptor-3.4.4.jar:/home/runner/.m2/repository/org/eclipse/jetty/jetty-util/9.4.53.v20231009/jetty-util-9.4.53.v20231009.jar:/home/runner/.m2/repository/org/eclipse/jetty/jetty-server/9.4.53.v20231009/jetty-server-9.4.53.v20231009.jar:/home/runner/.m2/repository/org/eclipse/jetty/jetty-http/9.4.53.v20231009/jetty-http-9.4.53.v20231009.jar:/home/runner/.m2/repository/org/eclipse/jetty/jetty-io/9.4.53.v20231009/jetty-io-9.4.53.v20231009.jar:/home/runner/.m2/repository/org/eclipse/jetty/jetty-servlet/9.4.53.v20231009/jetty-servlet-9.4.53.v20231009.jar:/home/runner/.m2/repository/org/eclipse/jetty/jetty-security/9.4.53.v20231009/jetty-security-9.4.53.v20231009.jar:/home/runner/.m2/repository/org/eclipse/jetty/jetty-util-ajax/9.4.53.v20231009/jetty-util-ajax-9.4.53.v20231009.jar:/home/runner/.m2/repository/org/eclipse/jetty/jetty-webapp/9.4.53.v20231009/jetty-webapp-9.4.53.v20231009.jar:/home/runner/.m2/repository/org/eclipse/jetty/jetty-xml/9.4.53.v20231009/jetty-xml-9.4.53.v20231009.jar:/home/runner/.m2/repository/org/apache/ratis/ratis-server/3.0.1/ratis-server-3.0.1.jar:/home/runner/.m2/repository/org/apache/ratis/ratis-thirdparty-misc/1.0.5/ratis-thirdparty-misc-1.0.5.jar:/home/runner/.m2/repository/org/apache/ratis/ratis-proto/3.0.1/ratis-proto-3.0.1.jar:/home/runner/.m2/repository/org/apache/ratis/ratis-common/3.0.1/ratis-common-3.0.1.jar:/home/runner/.m2/repository/org/apache/ratis/ratis-client/3.0.1/ratis-client-3.0.1.jar:/home/runner/.m2/repository/org/apache/ratis/ratis-server-api/3.0.1/ratis-server-api-3.0.1.jar:/home/runner/.m2/repository/org/apache/ratis/ratis-metrics-api/3.0.1/ratis-metrics-api-3.0.1.jar:/home/runner/.m2/repository/org/apache/ratis/ratis-metrics-dropwizard3/3.0.1/ratis-metrics-dropwizard3-3.0.1.jar:/home/runner/.m2/repository/io/prometheus/simpleclient_dropwizard/0.16.0/simpleclient_dropwizard-0.16.0.jar:/home/runner/.m2/repository/io/prometheus/simpleclient/0.16.0/simpleclient-0.16.0.jar:/home/runner/.m2/repository/io/prometheus/simpleclient_common/0.16.0/simpleclient_common-0.16.0.jar:/home/runner/.m2/repository/com/fasterxml/jackson/datatype/jackson-datatype-jsr310/2.16.1/jackson-datatype-jsr310-2.16.1.jar:/home/runner/.m2/repository/com/fasterxml/jackson/core/jackson-core/2.16.1/jackson-core-2.16.1.jar:/home/runner/.m2/repository/org/apache/ozone/rocksdb-checkpoint-differ/1.5.0-SNAPSHOT/rocksdb-checkpoint-differ-1.5.0-SNAPSHOT.jar:/home/runner/.m2/repository/org/jgrapht/jgrapht-core/1.4.0/jgrapht-core-1.4.0.jar:/home/runner/.m2/repository/org/jheaps/jheaps/0.11/jheaps-0.11.jar:/home/runner/.m2/repository/org/jgrapht/jgrapht-ext/1.4.0/jgrapht-ext-1.4.0.jar:/home/runner/.m2/repository/com/github/vlsi/mxgraph/jgraphx/3.9.8.1/jgraphx-3.9.8.1.jar:/home/runner/.m2/repository/org/apache/ozone/ozone-manager/1.5.0-SNAPSHOT/ozone-manager-1.5.0-SNAPSHOT.jar:/home/runner/.m2/repository/org/aspectj/aspectjrt/1.9.7/aspectjrt-1.9.7.jar:/home/runner/.m2/repository/org/aspectj/aspectjweaver/1.9.7/aspectjweaver-1.9.7.jar:/home/runner/.m2/repository/org/apache/ozone/hdds-interface-client/1.5.0-SNAPSHOT/hdds-interface-client-1.5.0-SNAPSHOT.jar:/home/runner/.m2/repository/org/apache/hadoop/thirdparty/hadoop-shaded-protobuf_3_7/1.1.1/hadoop-shaded-protobuf_3_7-1.1.1.jar:/home/runner/.m2/repository/org/apache/ozone/ozone-interface-storage/1.5.0-SNAPSHOT/ozone-interface-storage-1.5.0-SNAPSHOT.jar:/home/runner/.m2/repository/org/reflections/reflections/0.9.11/reflections-0.9.11.jar:/home/runner/.m2/repository/com/sun/jersey/jersey-client/1.19.4/jersey-client-1.19.4.jar:/home/runner/.m2/repository/org/codehaus/jackson/jackson-core-asl/1.9.13/jackson-core-asl-1.9.13.jar:/home/runner/.m2/repository/org/codehaus/jackson/jackson-mapper-asl/1.9.13/jackson-mapper-asl-1.9.13.jar:/home/runner/.m2/repository/org/codehaus/jackson/jackson-jaxrs/1.9.13/jackson-jaxrs-1.9.13.jar:/home/runner/.m2/repository/org/apache/ranger/ranger-intg/2.3.0/ranger-intg-2.3.0.jar:/home/runner/.m2/repository/org/apache/ranger/ranger-plugins-common/2.3.0/ranger-plugins-common-2.3.0.jar:/home/runner/.m2/repository/commons-lang/commons-lang/2.6/commons-lang-2.6.jar:/home/runner/.m2/repository/org/apache/ranger/ranger-plugins-cred/2.3.0/ranger-plugins-cred-2.3.0.jar:/home/runner/.m2/repository/org/apache/ranger/ranger-plugins-audit/2.3.0/ranger-plugins-audit-2.3.0.jar:/home/runner/.m2/repository/org/eclipse/jetty/jetty-client/9.4.53.v20231009/jetty-client-9.4.53.v20231009.jar:/home/runner/.m2/repository/org/apache/httpcomponents/httpmime/4.5.6/httpmime-4.5.6.jar:/home/runner/.m2/repository/org/apache/httpcomponents/httpcore-nio/4.4.16/httpcore-nio-4.4.16.jar:/home/runner/.m2/repository/org/apache/httpcomponents/httpasyncclient/4.1.3/httpasyncclient-4.1.3.jar:/home/runner/.m2/repository/com/carrotsearch/hppc/0.8.0/hppc-0.8.0.jar:/home/runner/.m2/repository/org/apache/orc/orc-core/1.5.8/orc-core-1.5.8.jar:/home/runner/.m2/repository/net/java/dev/jna/jna/5.2.0/jna-5.2.0.jar:/home/runner/.m2/repository/net/java/dev/jna/jna-platform/5.2.0/jna-platform-5.2.0.jar:/home/runner/.m2/repository/com/kstruct/gethostname4j/0.0.2/gethostname4j-0.0.2.jar:/home/runner/.m2/repository/org/apache/ranger/ranger-plugin-classloader/2.3.0/ranger-plugin-classloader-2.3.0.jar:/home/runner/.m2/repository/org/apache/ozone/hdds-rocks-native/1.5.0-SNAPSHOT/hdds-rocks-native-1.5.0-SNAPSHOT.jar:/home/runner/.m2/repository/org/apache/hadoop/hadoop-minikdc/3.3.6/hadoop-minikdc-3.3.6.jar:/home/runner/.m2/repository/org/apache/kerby/kerb-simplekdc/1.0.1/kerb-simplekdc-1.0.1.jar:/home/runner/.m2/repository/org/apache/kerby/kerb-client/1.0.1/kerb-client-1.0.1.jar:/home/runner/.m2/repository/org/apache/kerby/kerby-config/1.0.1/kerby-config-1.0.1.jar:/home/runner/.m2/repository/org/apache/kerby/kerb-common/1.0.1/kerb-common-1.0.1.jar:/home/runner/.m2/repository/org/apache/kerby/kerb-crypto/1.0.1/kerb-crypto-1.0.1.jar:/home/runner/.m2/repository/org/apache/kerby/kerb-util/1.0.1/kerb-util-1.0.1.jar:/home/runner/.m2/repository/org/apache/kerby/token-provider/1.0.1/token-provider-1.0.1.jar:/home/runner/.m2/repository/org/apache/kerby/kerb-admin/1.0.1/kerb-admin-1.0.1.jar:/home/runner/.m2/repository/org/apache/kerby/kerb-server/1.0.1/kerb-server-1.0.1.jar:/home/runner/.m2/repository/org/apache/kerby/kerb-identity/1.0.1/kerb-identity-1.0.1.jar:/home/runner/.m2/repository/org/apache/kerby/kerby-xdr/1.0.1/kerby-xdr-1.0.1.jar:/home/runner/.m2/repository/junit/junit/4.13.2/junit-4.13.2.jar:/home/runner/.m2/repository/org/hamcrest/hamcrest-core/1.3/hamcrest-core-1.3.jar:/home/runner/.m2/repository/org/apache/ozone/ozone-s3gateway/1.5.0-SNAPSHOT/ozone-s3gateway-1.5.0-SNAPSHOT.jar:/home/runner/.m2/repository/org/javassist/javassist/3.21.0-GA/javassist-3.21.0-GA.jar:/home/runner/.m2/repository/org/jboss/weld/servlet/weld-servlet-shaded/3.1.9.Final/weld-servlet-shaded-3.1.9.Final.jar:/home/runner/.m2/repository/org/glassfish/jersey/containers/jersey-container-servlet-core/2.42/jersey-container-servlet-core-2.42.jar:/home/runner/.m2/repository/org/glassfish/hk2/external/jakarta.inject/2.6.1/jakarta.inject-2.6.1.jar:/home/runner/.m2/repository/org/glassfish/jersey/core/jersey-common/2.42/jersey-common-2.42.jar:/home/runner/.m2/repository/jakarta/ws/rs/jakarta.ws.rs-api/2.1.6/jakarta.ws.rs-api-2.1.6.jar:/home/runner/.m2/repository/org/glassfish/jersey/ext/cdi/jersey-cdi1x/2.42/jersey-cdi1x-2.42.jar:/home/runner/.m2/repository/org/glassfish/jersey/inject/jersey-hk2/2.42/jersey-hk2-2.42.jar:/home/runner/.m2/repository/org/glassfish/hk2/hk2-locator/2.6.1/hk2-locator-2.6.1.jar:/home/runner/.m2/repository/org/glassfish/jersey/media/jersey-media-jaxb/2.42/jersey-media-jaxb-2.42.jar:/home/runner/.m2/repository/org/glassfish/hk2/osgi-resource-locator/1.0.3/osgi-resource-locator-1.0.3.jar:/home/runner/.m2/repository/org/glassfish/hk2/hk2-api/2.6.1/hk2-api-2.6.1.jar:/home/runner/.m2/repository/org/glassfish/hk2/hk2-utils/2.6.1/hk2-utils-2.6.1.jar:/home/runner/.m2/repository/org/glassfish/hk2/external/aopalliance-repackaged/2.6.1/aopalliance-repackaged-2.6.1.jar:/home/runner/.m2/repository/com/fasterxml/jackson/dataformat/jackson-dataformat-xml/2.16.1/jackson-dataformat-xml-2.16.1.jar:/home/runner/.m2/repository/org/codehaus/woodstox/stax2-api/4.2.2/stax2-api-4.2.2.jar:/home/runner/.m2/repository/com/fasterxml/woodstox/woodstox-core/5.4.0/woodstox-core-5.4.0.jar:/home/runner/.m2/repository/com/fasterxml/jackson/module/jackson-module-jaxb-annotations/2.16.1/jackson-module-jaxb-annotations-2.16.1.jar:/home/runner/.m2/repository/javax/enterprise/cdi-api/2.0/cdi-api-2.0.jar:/home/runner/.m2/repository/javax/el/javax.el-api/3.0.0/javax.el-api-3.0.0.jar:/home/runner/.m2/repository/javax/interceptor/javax.interceptor-api/1.2/javax.interceptor-api-1.2.jar:/home/runner/.m2/repository/javax/inject/javax.inject/1/javax.inject-1.jar:/home/runner/.m2/repository/jakarta/xml/bind/jakarta.xml.bind-api/2.3.3/jakarta.xml.bind-api-2.3.3.jar:/home/runner/.m2/repository/org/glassfish/jaxb/jaxb-runtime/2.3.9/jaxb-runtime-2.3.9.jar:/home/runner/.m2/repository/org/glassfish/jaxb/txw2/2.3.9/txw2-2.3.9.jar:/home/runner/.m2/repository/com/sun/istack/istack-commons-runtime/3.0.12/istack-commons-runtime-3.0.12.jar:/home/runner/.m2/repository/com/sun/activation/jakarta.activation/1.2.2/jakarta.activation-1.2.2.jar:/home/runner/.m2/repository/jakarta/activation/jakarta.activation-api/1.2.2/jakarta.activation-api-1.2.2.jar:/home/runner/.m2/repository/io/grpc/grpc-protobuf/1.58.0/grpc-protobuf-1.58.0.jar:/home/runner/.m2/repository/com/google/api/grpc/proto-google-common-protos/2.22.0/proto-google-common-protos-2.22.0.jar:/home/runner/.m2/repository/io/grpc/grpc-protobuf-lite/1.58.0/grpc-protobuf-lite-1.58.0.jar:/home/runner/.m2/repository/io/grpc/grpc-stub/1.58.0/grpc-stub-1.58.0.jar:/home/runner/.m2/repository/io/netty/netty-transport/4.1.100.Final/netty-transport-4.1.100.Final.jar:/home/runner/.m2/repository/io/netty/netty-resolver/4.1.100.Final/netty-resolver-4.1.100.Final.jar:/home/runner/.m2/repository/org/apache/ozone/ozone-csi/1.5.0-SNAPSHOT/ozone-csi-1.5.0-SNAPSHOT.jar:/home/runner/.m2/repository/com/google/protobuf/protobuf-java-util/3.19.6/protobuf-java-util-3.19.6.jar:/home/runner/.m2/repository/com/google/code/gson/gson/2.9.0/gson-2.9.0.jar:/home/runner/.m2/repository/org/apache/ozone/hdds-config/1.5.0-SNAPSHOT/hdds-config-1.5.0-SNAPSHOT.jar:/home/runner/.m2/repository/io/netty/netty-transport-native-epoll/4.1.100.Final/netty-transport-native-epoll-4.1.100.Final-linux-x86_64.jar:/home/runner/.m2/repository/io/netty/netty-transport-classes-epoll/4.1.100.Final/netty-transport-classes-epoll-4.1.100.Final.jar:/home/runner/.m2/repository/io/netty/netty-transport-native-unix-common/4.1.100.Final/netty-transport-native-unix-common-4.1.100.Final.jar:/home/runner/.m2/repository/org/apache/ozone/ozone-recon/1.5.0-SNAPSHOT/ozone-recon-1.5.0-SNAPSHOT.jar:/home/runner/.m2/repository/org/apache/ozone/ozone-reconcodegen/1.5.0-SNAPSHOT/ozone-reconcodegen-1.5.0-SNAPSHOT.jar:/home/runner/.m2/repository/com/google/inject/guice/6.0.0/guice-6.0.0.jar:/home/runner/.m2/repository/jakarta/inject/jakarta.inject-api/2.0.1/jakarta.inject-api-2.0.1.jar:/home/runner/.m2/repository/aopalliance/aopalliance/1.0/aopalliance-1.0.jar:/home/runner/.m2/repository/com/google/inject/extensions/guice-assistedinject/6.0.0/guice-assistedinject-6.0.0.jar:/home/runner/.m2/repository/com/google/inject/extensions/guice-servlet/6.0.0/guice-servlet-6.0.0.jar:/home/runner/.m2/repository/org/glassfish/jersey/containers/jersey-container-servlet/2.42/jersey-container-servlet-2.42.jar:/home/runner/.m2/repository/org/glassfish/hk2/guice-bridge/2.6.1/guice-bridge-2.6.1.jar:/home/runner/.m2/repository/org/glassfish/jersey/core/jersey-server/2.42/jersey-server-2.42.jar:/home/runner/.m2/repository/org/glassfish/jersey/core/jersey-client/2.42/jersey-client-2.42.jar:/home/runner/.m2/repository/jakarta/validation/jakarta.validation-api/2.0.2/jakarta.validation-api-2.0.2.jar:/home/runner/.m2/repository/org/glassfish/jersey/media/jersey-media-json-jackson/2.42/jersey-media-json-jackson-2.42.jar:/home/runner/.m2/repository/org/glassfish/jersey/ext/jersey-entity-filtering/2.42/jersey-entity-filtering-2.42.jar:/home/runner/.m2/repository/org/jooq/jooq/3.11.10/jooq-3.11.10.jar:/home/runner/.m2/repository/org/jooq/jooq-meta/3.11.10/jooq-meta-3.11.10.jar:/home/runner/.m2/repository/org/jooq/jooq-codegen/3.11.10/jooq-codegen-3.11.10.jar:/home/runner/.m2/repository/com/jolbox/bonecp/0.8.0.RELEASE/bonecp-0.8.0.RELEASE.jar:/home/runner/.m2/repository/org/apache/derby/derby/10.14.2.0/derby-10.14.2.0.jar:/home/runner/.m2/repository/org/xerial/sqlite-jdbc/3.44.1.0/sqlite-jdbc-3.44.1.0.jar:/home/runner/.m2/repository/org/springframework/spring-jdbc/5.3.27/spring-jdbc-5.3.27.jar:/home/runner/.m2/repository/org/springframework/spring-beans/5.3.27/spring-beans-5.3.27.jar:/home/runner/.m2/repository/org/springframework/spring-core/5.3.27/spring-core-5.3.27.jar:/home/runner/.m2/repository/org/springframework/spring-tx/5.3.27/spring-tx-5.3.27.jar:/home/runner/.m2/repository/org/apache/ozone/ozone-client/1.5.0-SNAPSHOT/ozone-client-1.5.0-SNAPSHOT.jar:/home/runner/.m2/repository/org/apache/ozone/hdds-erasurecode/1.5.0-SNAPSHOT/hdds-erasurecode-1.5.0-SNAPSHOT.jar:/home/runner/.m2/repository/org/apache/ozone/ozone-filesystem/1.5.0-SNAPSHOT/ozone-filesystem-1.5.0-SNAPSHOT.jar:/home/runner/.m2/repository/org/apache/ozone/ozone-filesystem-common/1.5.0-SNAPSHOT/ozone-filesystem-common-1.5.0-SNAPSHOT.jar:/home/runner/.m2/repository/org/apache/ozone/ozone-tools/1.5.0-SNAPSHOT/ozone-tools-1.5.0-SNAPSHOT.jar:/home/runner/.m2/repository/com/amazonaws/aws-java-sdk-core/1.12.661/aws-java-sdk-core-1.12.661.jar:/home/runner/.m2/repository/org/apache/httpcomponents/httpclient/4.5.14/httpclient-4.5.14.jar:/home/runner/.m2/repository/org/apache/httpcomponents/httpcore/4.4.16/httpcore-4.4.16.jar:/home/runner/.m2/repository/com/fasterxml/jackson/dataformat/jackson-dataformat-cbor/2.16.1/jackson-dataformat-cbor-2.16.1.jar:/home/runner/.m2/repository/joda-time/joda-time/2.12.7/joda-time-2.12.7.jar:/home/runner/.m2/repository/com/amazonaws/aws-java-sdk-s3/1.12.661/aws-java-sdk-s3-1.12.661.jar:/home/runner/.m2/repository/com/amazonaws/aws-java-sdk-kms/1.12.661/aws-java-sdk-kms-1.12.661.jar:/home/runner/.m2/repository/com/amazonaws/jmespath-java/1.12.661/jmespath-java-1.12.661.jar:/home/runner/.m2/repository/org/kohsuke/metainf-services/metainf-services/1.11/metainf-services-1.11.jar:/home/runner/.m2/repository/org/apache/ozone/hdds-tools/1.5.0-SNAPSHOT/hdds-tools-1.5.0-SNAPSHOT.jar:/home/runner/.m2/repository/org/apache/ratis/ratis-tools/3.0.1/ratis-tools-3.0.1.jar:/home/runner/.m2/repository/commons-cli/commons-cli/1.6.0/commons-cli-1.6.0.jar:/home/runner/.m2/repository/org/apache/commons/commons-lang3/3.14.0/commons-lang3-3.14.0.jar:/home/runner/.m2/repository/org/apache/ozone/ozone-manager/1.5.0-SNAPSHOT/ozone-manager-1.5.0-SNAPSHOT-tests.jar:/home/runner/.m2/repository/org/apache/ozone/hdds-common/1.5.0-SNAPSHOT/hdds-common-1.5.0-SNAPSHOT-tests.jar:/home/runner/.m2/repository/org/apache/ozone/hdds-hadoop-dependency-client/1.5.0-SNAPSHOT/hdds-hadoop-dependency-client-1.5.0-SNAPSHOT.jar:/home/runner/.m2/repository/info/picocli/picocli/4.7.5/picocli-4.7.5.jar:/home/runner/.m2/repository/com/fasterxml/jackson/core/jackson-annotations/2.16.1/jackson-annotations-2.16.1.jar:/home/runner/.m2/repository/org/apache/ozone/hdds-annotation-processing/1.5.0-SNAPSHOT/hdds-annotation-processing-1.5.0-SNAPSHOT.jar:/home/runner/.m2/repository/javax/annotation/javax.annotation-api/1.3.2/javax.annotation-api-1.3.2.jar:/home/runner/.m2/repository/org/apache/ratis/ratis-netty/3.0.1/ratis-netty-3.0.1.jar:/home/runner/.m2/repository/org/apache/ratis/ratis-grpc/3.0.1/ratis-grpc-3.0.1.jar:/home/runner/.m2/repository/org/bouncycastle/bcpkix-jdk18on/1.77/bcpkix-jdk18on-1.77.jar:/home/runner/.m2/repository/org/bouncycastle/bcutil-jdk18on/1.77/bcutil-jdk18on-1.77.jar:/home/runner/.m2/repository/commons-validator/commons-validator/1.6/commons-validator-1.6.jar:/home/runner/.m2/repository/commons-beanutils/commons-beanutils/1.9.4/commons-beanutils-1.9.4.jar:/home/runner/.m2/repository/commons-digester/commons-digester/1.8.1/commons-digester-1.8.1.jar:/home/runner/.m2/repository/commons-collections/commons-collections/3.2.2/commons-collections-3.2.2.jar:/home/runner/.m2/repository/io/jaegertracing/jaeger-client/1.8.1/jaeger-client-1.8.1.jar:/home/runner/.m2/repository/io/jaegertracing/jaeger-thrift/1.8.1/jaeger-thrift-1.8.1.jar:/home/runner/.m2/repository/org/apache/thrift/libthrift/0.15.0/libthrift-0.15.0.jar:/home/runner/.m2/repository/io/jaegertracing/jaeger-core/1.8.1/jaeger-core-1.8.1.jar:/home/runner/.m2/repository/io/jaegertracing/jaeger-tracerresolver/1.8.1/jaeger-tracerresolver-1.8.1.jar:/home/runner/.m2/repository/io/opentracing/contrib/opentracing-tracerresolver/0.1.8/opentracing-tracerresolver-0.1.8.jar:/home/runner/.m2/repository/org/jetbrains/kotlin/kotlin-stdlib/1.9.22/kotlin-stdlib-1.9.22.jar:/home/runner/.m2/repository/org/jetbrains/annotations/13.0/annotations-13.0.jar:/home/runner/.m2/repository/io/opentracing/opentracing-util/0.33.0/opentracing-util-0.33.0.jar:/home/runner/.m2/repository/io/opentracing/opentracing-api/0.33.0/opentracing-api-0.33.0.jar:/home/runner/.m2/repository/io/opentracing/opentracing-noop/0.33.0/opentracing-noop-0.33.0.jar:/home/runner/.m2/repository/org/yaml/snakeyaml/2.0/snakeyaml-2.0.jar:/home/runner/.m2/repository/io/grpc/grpc-api/1.58.0/grpc-api-1.58.0.jar:/home/runner/.m2/repository/org/junit/platform/junit-platform-launcher/1.10.2/junit-platform-launcher-1.10.2.jar:/home/runner/.m2/repository/org/junit/platform/junit-platform-engine/1.10.2/junit-platform-engine-1.10.2.jar:/home/runner/.m2/repository/org/apiguardian/apiguardian-api/1.1.2/apiguardian-api-1.1.2.jar:/home/runner/.m2/repository/org/apache/hadoop/hadoop-kms/3.3.6/hadoop-kms-3.3.6.jar:/home/runner/.m2/repository/org/apache/hadoop/hadoop-auth/3.3.6/hadoop-auth-3.3.6.jar:/home/runner/.m2/repository/com/nimbusds/nimbus-jose-jwt/9.8.1/nimbus-jose-jwt-9.8.1.jar:/home/runner/.m2/repository/com/github/stephenc/jcip/jcip-annotations/1.0-1/jcip-annotations-1.0-1.jar:/home/runner/.m2/repository/org/apache/zookeeper/zookeeper/3.8.4/zookeeper-3.8.4.jar:/home/runner/.m2/repository/org/apache/zookeeper/zookeeper-jute/3.8.4/zookeeper-jute-3.8.4.jar:/home/runner/.m2/repository/org/apache/yetus/audience-annotations/0.12.0/audience-annotations-0.12.0.jar:/home/runner/.m2/repository/org/apache/curator/curator-framework/4.2.0/curator-framework-4.2.0.jar:/home/runner/.m2/repository/org/apache/hadoop/thirdparty/hadoop-shaded-guava/1.1.1/hadoop-shaded-guava-1.1.1.jar:/home/runner/.m2/repository/com/sun/jersey/jersey-core/1.19.4/jersey-core-1.19.4.jar:/home/runner/.m2/repository/javax/ws/rs/jsr311-api/1.1.1/jsr311-api-1.1.1.jar:/home/runner/.m2/repository/com/sun/jersey/jersey-server/1.19.4/jersey-server-1.19.4.jar:/home/runner/.m2/repository/javax/servlet/javax.servlet-api/3.1.0/javax.servlet-api-3.1.0.jar:/home/runner/.m2/repository/org/apache/hadoop/hadoop-common/3.3.6/hadoop-common-3.3.6.jar:/home/runner/.m2/repository/org/apache/commons/commons-math3/3.6.1/commons-math3-3.6.1.jar:/home/runner/.m2/repository/commons-net/commons-net/3.10.0/commons-net-3.10.0.jar:/home/runner/.m2/repository/com/sun/jersey/jersey-servlet/1.19.4/jersey-servlet-1.19.4.jar:/home/runner/.m2/repository/com/github/pjfanning/jersey-json/1.20/jersey-json-1.20.jar:/home/runner/.m2/repository/org/codehaus/jettison/jettison/1.1/jettison-1.1.jar:/home/runner/.m2/repository/com/sun/xml/bind/jaxb-impl/2.2.3-1/jaxb-impl-2.2.3-1.jar:/home/runner/.m2/repository/com/google/re2j/re2j/1.7/re2j-1.7.jar:/home/runner/.m2/repository/com/jcraft/jsch/0.1.54/jsch-0.1.54.jar:/home/runner/.m2/repository/org/apache/curator/curator-client/4.2.0/curator-client-4.2.0.jar:/home/runner/.m2/repository/org/apache/curator/curator-recipes/5.2.0/curator-recipes-5.2.0.jar:/home/runner/.m2/repository/com/google/code/findbugs/jsr305/3.0.2/jsr305-3.0.2.jar:/home/runner/.m2/repository/org/apache/kerby/kerb-core/1.0.1/kerb-core-1.0.1.jar:/home/runner/.m2/repository/org/apache/kerby/kerby-pkix/1.0.1/kerby-pkix-1.0.1.jar:/home/runner/.m2/repository/org/apache/kerby/kerby-asn1/1.0.1/kerby-asn1-1.0.1.jar:/home/runner/.m2/repository/org/apache/kerby/kerby-util/1.0.1/kerby-util-1.0.1.jar:/home/runner/.m2/repository/dnsjava/dnsjava/2.1.7/dnsjava-2.1.7.jar:/home/runner/.m2/repository/com/fasterxml/jackson/core/jackson-databind/2.16.1/jackson-databind-2.16.1.jar:/home/runner/.m2/repository/org/apache/hadoop/hadoop-kms/3.3.6/hadoop-kms-3.3.6-tests.jar:/home/runner/.m2/repository/org/apache/ozone/hdds-server-scm/1.5.0-SNAPSHOT/hdds-server-scm-1.5.0-SNAPSHOT-tests.jar:/home/runner/.m2/repository/org/apache/ozone/hdds-container-service/1.5.0-SNAPSHOT/hdds-container-service-1.5.0-SNAPSHOT-tests.jar:/home/runner/.m2/repository/com/github/luben/zstd-jni/1.5.2-5/zstd-jni-1.5.2-5.jar:/home/runner/.m2/repository/commons-codec/commons-codec/1.15/commons-codec-1.15.jar:/home/runner/.m2/repository/io/netty/netty-codec/4.1.100.Final/netty-codec-4.1.100.Final.jar:/home/runner/.m2/repository/io/netty/netty-handler/4.1.100.Final/netty-handler-4.1.100.Final.jar:/home/runner/.m2/repository/org/apache/ozone/hdds-hadoop-dependency-test/1.5.0-SNAPSHOT/hdds-hadoop-dependency-test-1.5.0-SNAPSHOT.jar:/home/runner/.m2/repository/org/apache/hadoop/hadoop-common/3.3.6/hadoop-common-3.3.6-tests.jar:/home/runner/.m2/repository/org/apache/hadoop/hadoop-hdfs/3.3.6/hadoop-hdfs-3.3.6-tests.jar:/home/runner/.m2/repository/org/junit/jupiter/junit-jupiter-engine/5.10.2/junit-jupiter-engine-5.10.2.jar:/home/runner/.m2/repository/org/junit/jupiter/junit-jupiter-params/5.10.2/junit-jupiter-params-5.10.2.jar:/home/runner/.m2/repository/org/mockito/mockito-core/4.11.0/mockito-core-4.11.0.jar:/home/runner/.m2/repository/net/bytebuddy/byte-buddy/1.12.19/byte-buddy-1.12.19.jar:/home/runner/.m2/repository/net/bytebuddy/byte-buddy-agent/1.12.19/byte-buddy-agent-1.12.19.jar:/home/runner/.m2/repository/org/objenesis/objenesis/3.3/objenesis-3.3.jar:/home/runner/.m2/repository/org/mockito/mockito-junit-jupiter/4.11.0/mockito-junit-jupiter-4.11.0.jar:/home/runner/.m2/repository/org/apache/hadoop/hadoop-distcp/3.3.6/hadoop-distcp-3.3.6.jar:/home/runner/.m2/repository/org/apache/hadoop/hadoop-mapreduce-client-jobclient/3.3.6/hadoop-mapreduce-client-jobclient-3.3.6.jar:/home/runner/.m2/repository/org/apache/hadoop/hadoop-mapreduce-client-common/3.3.6/hadoop-mapreduce-client-common-3.3.6.jar:/home/runner/.m2/repository/org/apache/hadoop/hadoop-yarn-common/3.3.6/hadoop-yarn-common-3.3.6.jar:/home/runner/.m2/repository/org/apache/hadoop/hadoop-yarn-api/3.3.6/hadoop-yarn-api-3.3.6.jar:/home/runner/.m2/repository/javax/xml/bind/jaxb-api/2.2.11/jaxb-api-2.2.11.jar:/home/runner/.m2/repository/com/sun/jersey/contribs/jersey-guice/1.19.4/jersey-guice-1.19.4.jar:/home/runner/.m2/repository/com/fasterxml/jackson/jaxrs/jackson-jaxrs-json-provider/2.16.1/jackson-jaxrs-json-provider-2.16.1.jar:/home/runner/.m2/repository/com/fasterxml/jackson/jaxrs/jackson-jaxrs-base/2.16.1/jackson-jaxrs-base-2.16.1.jar:/home/runner/.m2/repository/org/apache/hadoop/hadoop-yarn-client/3.3.6/hadoop-yarn-client-3.3.6.jar:/home/runner/.m2/repository/org/eclipse/jetty/websocket/websocket-client/9.4.51.v20230217/websocket-client-9.4.51.v20230217.jar:/home/runner/.m2/repository/org/eclipse/jetty/websocket/websocket-common/9.4.51.v20230217/websocket-common-9.4.51.v20230217.jar:/home/runner/.m2/repository/org/eclipse/jetty/websocket/websocket-api/9.4.51.v20230217/websocket-api-9.4.51.v20230217.jar:/home/runner/.m2/repository/org/jline/jline/3.9.0/jline-3.9.0.jar:/home/runner/.m2/repository/org/apache/hadoop/hadoop-mapreduce-client-core/3.3.6/hadoop-mapreduce-client-core-3.3.6.jar:/home/runner/.m2/repository/org/apache/avro/avro/1.7.7/avro-1.7.7.jar:/home/runner/.m2/repository/com/thoughtworks/paranamer/paranamer/2.3/paranamer-2.3.jar:/home/runner/.m2/repository/org/apache/hadoop/hadoop-annotations/3.3.6/hadoop-annotations-3.3.6.jar:/usr/lib/jvm/temurin-8-jdk-amd64/jre/../lib/tools.jar:/home/runner/.m2/repository/io/netty/netty/3.10.6.Final/netty-3.10.6.Final.jar:/home/runner/.m2/repository/org/apache/hadoop/hadoop-distcp/3.3.6/hadoop-distcp-3.3.6-tests.jar:/home/runner/.m2/repository/org/hamcrest/hamcrest/2.2/hamcrest-2.2.jar:/home/runner/.m2/repository/org/slf4j/jul-to-slf4j/2.0.12/jul-to-slf4j-2.0.12.jar:/home/runner/work/ozone/ozone/hadoop-ozone/integration-test/target/gradle-enterprise/test-listeners.jar:"/>
    <property name="java.vm.vendor" value="Temurin"/>
    <property name="sun.arch.data.model" value="64"/>
    <property name="test.build.dir" value="/home/runner/work/ozone/ozone/hadoop-ozone/integration-test/target/test-dir"/>
    <property name="test.cache.data" value=""/>
    <property name="java.vendor.url" value="https://adoptium.net/"/>
    <property name="user.timezone" value="Etc/UTC"/>
    <property name="maven-surefire-plugin.argLineAccessArgs" value=""/>
    <property name="os.name" value="Linux"/>
    <property name="java.vm.specification.version" value="1.8"/>
    <property name="test.build.data" value="/home/runner/work/ozone/ozone/hadoop-ozone/integration-test/target/test-dir"/>
    <property name="sun.java.launcher" value="SUN_STANDARD"/>
    <property name="derby.stream.error.method" value="org.hadoop.ozone.recon.codegen.SqlDbUtils.disableDerbyLogFile"/>
    <property name="sun.boot.library.path" value="/usr/lib/jvm/temurin-8-jdk-amd64/jre/lib/amd64"/>
    <property name="sun.java.command" value="/home/runner/work/ozone/ozone/hadoop-ozone/integration-test/target/surefire/surefirebooter3075361590965678764.jar /home/runner/work/ozone/ozone/hadoop-ozone/integration-test/target/surefire 2024-03-26T11-13-38_822-jvmRun1 surefire5689855121402877338tmp surefire_108938667188917449864tmp"/>
    <property name="native.lib.tmp.dir" value="/tmp"/>
    <property name="surefire.test.class.path" value="/home/runner/work/ozone/ozone/hadoop-ozone/integration-test/target/test-classes:/home/runner/work/ozone/ozone/hadoop-ozone/integration-test/target/classes:/home/runner/.m2/repository/org/apache/ozone/ozone-common/1.5.0-SNAPSHOT/ozone-common-1.5.0-SNAPSHOT.jar:/home/runner/.m2/repository/io/grpc/grpc-netty/1.58.0/grpc-netty-1.58.0.jar:/home/runner/.m2/repository/io/grpc/grpc-core/1.58.0/grpc-core-1.58.0.jar:/home/runner/.m2/repository/com/google/android/annotations/4.1.1.4/annotations-4.1.1.4.jar:/home/runner/.m2/repository/org/codehaus/mojo/animal-sniffer-annotations/1.23/animal-sniffer-annotations-1.23.jar:/home/runner/.m2/repository/io/grpc/grpc-context/1.58.0/grpc-context-1.58.0.jar:/home/runner/.m2/repository/io/grpc/grpc-util/1.58.0/grpc-util-1.58.0.jar:/home/runner/.m2/repository/com/google/errorprone/error_prone_annotations/2.2.0/error_prone_annotations-2.2.0.jar:/home/runner/.m2/repository/io/perfmark/perfmark-api/0.26.0/perfmark-api-0.26.0.jar:/home/runner/.m2/repository/io/netty/netty-codec-http2/4.1.100.Final/netty-codec-http2-4.1.100.Final.jar:/home/runner/.m2/repository/io/netty/netty-common/4.1.100.Final/netty-common-4.1.100.Final.jar:/home/runner/.m2/repository/io/netty/netty-buffer/4.1.100.Final/netty-buffer-4.1.100.Final.jar:/home/runner/.m2/repository/io/netty/netty-codec-http/4.1.100.Final/netty-codec-http-4.1.100.Final.jar:/home/runner/.m2/repository/io/netty/netty-handler-proxy/4.1.100.Final/netty-handler-proxy-4.1.100.Final.jar:/home/runner/.m2/repository/io/netty/netty-codec-socks/4.1.100.Final/netty-codec-socks-4.1.100.Final.jar:/home/runner/.m2/repository/io/netty/netty-tcnative-boringssl-static/2.0.61.Final/netty-tcnative-boringssl-static-2.0.61.Final.jar:/home/runner/.m2/repository/io/netty/netty-tcnative-classes/2.0.61.Final/netty-tcnative-classes-2.0.61.Final.jar:/home/runner/.m2/repository/io/netty/netty-tcnative-boringssl-static/2.0.61.Final/netty-tcnative-boringssl-static-2.0.61.Final-linux-x86_64.jar:/home/runner/.m2/repository/io/netty/netty-tcnative-boringssl-static/2.0.61.Final/netty-tcnative-boringssl-static-2.0.61.Final-linux-aarch_64.jar:/home/runner/.m2/repository/io/netty/netty-tcnative-boringssl-static/2.0.61.Final/netty-tcnative-boringssl-static-2.0.61.Final-osx-x86_64.jar:/home/runner/.m2/repository/io/netty/netty-tcnative-boringssl-static/2.0.61.Final/netty-tcnative-boringssl-static-2.0.61.Final-osx-aarch_64.jar:/home/runner/.m2/repository/io/netty/netty-tcnative-boringssl-static/2.0.61.Final/netty-tcnative-boringssl-static-2.0.61.Final-windows-x86_64.jar:/home/runner/.m2/repository/org/apache/commons/commons-compress/1.26.0/commons-compress-1.26.0.jar:/home/runner/.m2/repository/org/apache/ozone/hdds-common/1.5.0-SNAPSHOT/hdds-common-1.5.0-SNAPSHOT.jar:/home/runner/.m2/repository/org/apache/ozone/hdds-client/1.5.0-SNAPSHOT/hdds-client-1.5.0-SNAPSHOT.jar:/home/runner/.m2/repository/org/apache/ozone/ozone-interface-client/1.5.0-SNAPSHOT/ozone-interface-client-1.5.0-SNAPSHOT.jar:/home/runner/.m2/repository/org/apache/hadoop/hadoop-hdfs-client/3.3.6/hadoop-hdfs-client-3.3.6.jar:/home/runner/.m2/repository/com/squareup/okhttp3/okhttp/4.12.0/okhttp-4.12.0.jar:/home/runner/.m2/repository/com/squareup/okio/okio/3.6.0/okio-3.6.0.jar:/home/runner/.m2/repository/com/squareup/okio/okio-jvm/3.6.0/okio-jvm-3.6.0.jar:/home/runner/.m2/repository/org/jetbrains/kotlin/kotlin-stdlib-jdk8/1.9.22/kotlin-stdlib-jdk8-1.9.22.jar:/home/runner/.m2/repository/org/jetbrains/kotlin/kotlin-stdlib-jdk7/1.9.22/kotlin-stdlib-jdk7-1.9.22.jar:/home/runner/.m2/repository/org/jetbrains/kotlin/kotlin-stdlib-common/1.9.22/kotlin-stdlib-common-1.9.22.jar:/home/runner/.m2/repository/org/apache/ozone/hdds-test-utils/1.5.0-SNAPSHOT/hdds-test-utils-1.5.0-SNAPSHOT.jar:/home/runner/.m2/repository/org/assertj/assertj-core/3.12.2/assertj-core-3.12.2.jar:/home/runner/.m2/repository/com/google/guava/guava/32.0.0-jre/guava-32.0.0-jre.jar:/home/runner/.m2/repository/com/google/guava/failureaccess/1.0.1/failureaccess-1.0.1.jar:/home/runner/.m2/repository/com/google/guava/listenablefuture/9999.0-empty-to-avoid-conflict-with-guava/listenablefuture-9999.0-empty-to-avoid-conflict-with-guava.jar:/home/runner/.m2/repository/org/checkerframework/checker-qual/3.33.0/checker-qual-3.33.0.jar:/home/runner/.m2/repository/com/google/j2objc/j2objc-annotations/2.8/j2objc-annotations-2.8.jar:/home/runner/.m2/repository/commons-io/commons-io/2.15.1/commons-io-2.15.1.jar:/home/runner/.m2/repository/commons-logging/commons-logging/1.2/commons-logging-1.2.jar:/home/runner/.m2/repository/org/junit/jupiter/junit-jupiter-api/5.10.2/junit-jupiter-api-5.10.2.jar:/home/runner/.m2/repository/org/opentest4j/opentest4j/1.3.0/opentest4j-1.3.0.jar:/home/runner/.m2/repository/org/junit/platform/junit-platform-commons/1.10.2/junit-platform-commons-1.10.2.jar:/home/runner/.m2/repository/ch/qos/reload4j/reload4j/1.2.25/reload4j-1.2.25.jar:/home/runner/.m2/repository/jakarta/annotation/jakarta.annotation-api/2.1.1/jakarta.annotation-api-2.1.1.jar:/home/runner/.m2/repository/org/slf4j/slf4j-api/2.0.12/slf4j-api-2.0.12.jar:/home/runner/.m2/repository/org/apache/logging/log4j/log4j-api/2.17.1/log4j-api-2.17.1.jar:/home/runner/.m2/repository/org/apache/ozone/hdds-server-scm/1.5.0-SNAPSHOT/hdds-server-scm-1.5.0-SNAPSHOT.jar:/home/runner/.m2/repository/com/google/protobuf/protobuf-java/2.5.0/protobuf-java-2.5.0.jar:/home/runner/.m2/repository/org/apache/ozone/hdds-container-service/1.5.0-SNAPSHOT/hdds-container-service-1.5.0-SNAPSHOT.jar:/home/runner/.m2/repository/org/apache/ozone/hdds-hadoop-dependency-server/1.5.0-SNAPSHOT/hdds-hadoop-dependency-server-1.5.0-SNAPSHOT.jar:/home/runner/.m2/repository/org/apache/hadoop/hadoop-hdfs/3.3.6/hadoop-hdfs-3.3.6.jar:/home/runner/.m2/repository/commons-daemon/commons-daemon/1.0.13/commons-daemon-1.0.13.jar:/home/runner/.m2/repository/org/xerial/snappy/snappy-java/1.1.10.5/snappy-java-1.1.10.5.jar:/home/runner/.m2/repository/org/apache/ozone/hdds-server-framework/1.5.0-SNAPSHOT/hdds-server-framework-1.5.0-SNAPSHOT.jar:/home/runner/.m2/repository/org/bouncycastle/bcprov-jdk18on/1.77/bcprov-jdk18on-1.77.jar:/home/runner/.m2/repository/io/dropwizard/metrics/metrics-core/3.2.4/metrics-core-3.2.4.jar:/home/runner/.m2/repository/org/apache/commons/commons-text/1.11.0/commons-text-1.11.0.jar:/home/runner/.m2/repository/org/apache/ozone/hdds-server-framework/1.5.0-SNAPSHOT/hdds-server-framework-1.5.0-SNAPSHOT-tests.jar:/home/runner/.m2/repository/org/apache/ozone/hdds-interface-server/1.5.0-SNAPSHOT/hdds-interface-server-1.5.0-SNAPSHOT.jar:/home/runner/.m2/repository/org/apache/ozone/hdds-interface-admin/1.5.0-SNAPSHOT/hdds-interface-admin-1.5.0-SNAPSHOT.jar:/home/runner/.m2/repository/org/apache/ozone/hdds-managed-rocksdb/1.5.0-SNAPSHOT/hdds-managed-rocksdb-1.5.0-SNAPSHOT.jar:/home/runner/.m2/repository/org/rocksdb/rocksdbjni/7.7.3/rocksdbjni-7.7.3.jar:/home/runner/.m2/repository/org/slf4j/slf4j-reload4j/2.0.12/slf4j-reload4j-2.0.12.jar:/home/runner/.m2/repository/org/apache/commons/commons-configuration2/2.10.1/commons-configuration2-2.10.1.jar:/home/runner/.m2/repository/commons-fileupload/commons-fileupload/1.5/commons-fileupload-1.5.jar:/home/runner/.m2/repository/org/apache/logging/log4j/log4j-core/2.17.1/log4j-core-2.17.1.jar:/home/runner/.m2/repository/com/lmax/disruptor/3.4.4/disruptor-3.4.4.jar:/home/runner/.m2/repository/org/eclipse/jetty/jetty-util/9.4.53.v20231009/jetty-util-9.4.53.v20231009.jar:/home/runner/.m2/repository/org/eclipse/jetty/jetty-server/9.4.53.v20231009/jetty-server-9.4.53.v20231009.jar:/home/runner/.m2/repository/org/eclipse/jetty/jetty-http/9.4.53.v20231009/jetty-http-9.4.53.v20231009.jar:/home/runner/.m2/repository/org/eclipse/jetty/jetty-io/9.4.53.v20231009/jetty-io-9.4.53.v20231009.jar:/home/runner/.m2/repository/org/eclipse/jetty/jetty-servlet/9.4.53.v20231009/jetty-servlet-9.4.53.v20231009.jar:/home/runner/.m2/repository/org/eclipse/jetty/jetty-security/9.4.53.v20231009/jetty-security-9.4.53.v20231009.jar:/home/runner/.m2/repository/org/eclipse/jetty/jetty-util-ajax/9.4.53.v20231009/jetty-util-ajax-9.4.53.v20231009.jar:/home/runner/.m2/repository/org/eclipse/jetty/jetty-webapp/9.4.53.v20231009/jetty-webapp-9.4.53.v20231009.jar:/home/runner/.m2/repository/org/eclipse/jetty/jetty-xml/9.4.53.v20231009/jetty-xml-9.4.53.v20231009.jar:/home/runner/.m2/repository/org/apache/ratis/ratis-server/3.0.1/ratis-server-3.0.1.jar:/home/runner/.m2/repository/org/apache/ratis/ratis-thirdparty-misc/1.0.5/ratis-thirdparty-misc-1.0.5.jar:/home/runner/.m2/repository/org/apache/ratis/ratis-proto/3.0.1/ratis-proto-3.0.1.jar:/home/runner/.m2/repository/org/apache/ratis/ratis-common/3.0.1/ratis-common-3.0.1.jar:/home/runner/.m2/repository/org/apache/ratis/ratis-client/3.0.1/ratis-client-3.0.1.jar:/home/runner/.m2/repository/org/apache/ratis/ratis-server-api/3.0.1/ratis-server-api-3.0.1.jar:/home/runner/.m2/repository/org/apache/ratis/ratis-metrics-api/3.0.1/ratis-metrics-api-3.0.1.jar:/home/runner/.m2/repository/org/apache/ratis/ratis-metrics-dropwizard3/3.0.1/ratis-metrics-dropwizard3-3.0.1.jar:/home/runner/.m2/repository/io/prometheus/simpleclient_dropwizard/0.16.0/simpleclient_dropwizard-0.16.0.jar:/home/runner/.m2/repository/io/prometheus/simpleclient/0.16.0/simpleclient-0.16.0.jar:/home/runner/.m2/repository/io/prometheus/simpleclient_common/0.16.0/simpleclient_common-0.16.0.jar:/home/runner/.m2/repository/com/fasterxml/jackson/datatype/jackson-datatype-jsr310/2.16.1/jackson-datatype-jsr310-2.16.1.jar:/home/runner/.m2/repository/com/fasterxml/jackson/core/jackson-core/2.16.1/jackson-core-2.16.1.jar:/home/runner/.m2/repository/org/apache/ozone/rocksdb-checkpoint-differ/1.5.0-SNAPSHOT/rocksdb-checkpoint-differ-1.5.0-SNAPSHOT.jar:/home/runner/.m2/repository/org/jgrapht/jgrapht-core/1.4.0/jgrapht-core-1.4.0.jar:/home/runner/.m2/repository/org/jheaps/jheaps/0.11/jheaps-0.11.jar:/home/runner/.m2/repository/org/jgrapht/jgrapht-ext/1.4.0/jgrapht-ext-1.4.0.jar:/home/runner/.m2/repository/com/github/vlsi/mxgraph/jgraphx/3.9.8.1/jgraphx-3.9.8.1.jar:/home/runner/.m2/repository/org/apache/ozone/ozone-manager/1.5.0-SNAPSHOT/ozone-manager-1.5.0-SNAPSHOT.jar:/home/runner/.m2/repository/org/aspectj/aspectjrt/1.9.7/aspectjrt-1.9.7.jar:/home/runner/.m2/repository/org/aspectj/aspectjweaver/1.9.7/aspectjweaver-1.9.7.jar:/home/runner/.m2/repository/org/apache/ozone/hdds-interface-client/1.5.0-SNAPSHOT/hdds-interface-client-1.5.0-SNAPSHOT.jar:/home/runner/.m2/repository/org/apache/hadoop/thirdparty/hadoop-shaded-protobuf_3_7/1.1.1/hadoop-shaded-protobuf_3_7-1.1.1.jar:/home/runner/.m2/repository/org/apache/ozone/ozone-interface-storage/1.5.0-SNAPSHOT/ozone-interface-storage-1.5.0-SNAPSHOT.jar:/home/runner/.m2/repository/org/reflections/reflections/0.9.11/reflections-0.9.11.jar:/home/runner/.m2/repository/com/sun/jersey/jersey-client/1.19.4/jersey-client-1.19.4.jar:/home/runner/.m2/repository/org/codehaus/jackson/jackson-core-asl/1.9.13/jackson-core-asl-1.9.13.jar:/home/runner/.m2/repository/org/codehaus/jackson/jackson-mapper-asl/1.9.13/jackson-mapper-asl-1.9.13.jar:/home/runner/.m2/repository/org/codehaus/jackson/jackson-jaxrs/1.9.13/jackson-jaxrs-1.9.13.jar:/home/runner/.m2/repository/org/apache/ranger/ranger-intg/2.3.0/ranger-intg-2.3.0.jar:/home/runner/.m2/repository/org/apache/ranger/ranger-plugins-common/2.3.0/ranger-plugins-common-2.3.0.jar:/home/runner/.m2/repository/commons-lang/commons-lang/2.6/commons-lang-2.6.jar:/home/runner/.m2/repository/org/apache/ranger/ranger-plugins-cred/2.3.0/ranger-plugins-cred-2.3.0.jar:/home/runner/.m2/repository/org/apache/ranger/ranger-plugins-audit/2.3.0/ranger-plugins-audit-2.3.0.jar:/home/runner/.m2/repository/org/eclipse/jetty/jetty-client/9.4.53.v20231009/jetty-client-9.4.53.v20231009.jar:/home/runner/.m2/repository/org/apache/httpcomponents/httpmime/4.5.6/httpmime-4.5.6.jar:/home/runner/.m2/repository/org/apache/httpcomponents/httpcore-nio/4.4.16/httpcore-nio-4.4.16.jar:/home/runner/.m2/repository/org/apache/httpcomponents/httpasyncclient/4.1.3/httpasyncclient-4.1.3.jar:/home/runner/.m2/repository/com/carrotsearch/hppc/0.8.0/hppc-0.8.0.jar:/home/runner/.m2/repository/org/apache/orc/orc-core/1.5.8/orc-core-1.5.8.jar:/home/runner/.m2/repository/net/java/dev/jna/jna/5.2.0/jna-5.2.0.jar:/home/runner/.m2/repository/net/java/dev/jna/jna-platform/5.2.0/jna-platform-5.2.0.jar:/home/runner/.m2/repository/com/kstruct/gethostname4j/0.0.2/gethostname4j-0.0.2.jar:/home/runner/.m2/repository/org/apache/ranger/ranger-plugin-classloader/2.3.0/ranger-plugin-classloader-2.3.0.jar:/home/runner/.m2/repository/org/apache/ozone/hdds-rocks-native/1.5.0-SNAPSHOT/hdds-rocks-native-1.5.0-SNAPSHOT.jar:/home/runner/.m2/repository/org/apache/hadoop/hadoop-minikdc/3.3.6/hadoop-minikdc-3.3.6.jar:/home/runner/.m2/repository/org/apache/kerby/kerb-simplekdc/1.0.1/kerb-simplekdc-1.0.1.jar:/home/runner/.m2/repository/org/apache/kerby/kerb-client/1.0.1/kerb-client-1.0.1.jar:/home/runner/.m2/repository/org/apache/kerby/kerby-config/1.0.1/kerby-config-1.0.1.jar:/home/runner/.m2/repository/org/apache/kerby/kerb-common/1.0.1/kerb-common-1.0.1.jar:/home/runner/.m2/repository/org/apache/kerby/kerb-crypto/1.0.1/kerb-crypto-1.0.1.jar:/home/runner/.m2/repository/org/apache/kerby/kerb-util/1.0.1/kerb-util-1.0.1.jar:/home/runner/.m2/repository/org/apache/kerby/token-provider/1.0.1/token-provider-1.0.1.jar:/home/runner/.m2/repository/org/apache/kerby/kerb-admin/1.0.1/kerb-admin-1.0.1.jar:/home/runner/.m2/repository/org/apache/kerby/kerb-server/1.0.1/kerb-server-1.0.1.jar:/home/runner/.m2/repository/org/apache/kerby/kerb-identity/1.0.1/kerb-identity-1.0.1.jar:/home/runner/.m2/repository/org/apache/kerby/kerby-xdr/1.0.1/kerby-xdr-1.0.1.jar:/home/runner/.m2/repository/junit/junit/4.13.2/junit-4.13.2.jar:/home/runner/.m2/repository/org/hamcrest/hamcrest-core/1.3/hamcrest-core-1.3.jar:/home/runner/.m2/repository/org/apache/ozone/ozone-s3gateway/1.5.0-SNAPSHOT/ozone-s3gateway-1.5.0-SNAPSHOT.jar:/home/runner/.m2/repository/org/javassist/javassist/3.21.0-GA/javassist-3.21.0-GA.jar:/home/runner/.m2/repository/org/jboss/weld/servlet/weld-servlet-shaded/3.1.9.Final/weld-servlet-shaded-3.1.9.Final.jar:/home/runner/.m2/repository/org/glassfish/jersey/containers/jersey-container-servlet-core/2.42/jersey-container-servlet-core-2.42.jar:/home/runner/.m2/repository/org/glassfish/hk2/external/jakarta.inject/2.6.1/jakarta.inject-2.6.1.jar:/home/runner/.m2/repository/org/glassfish/jersey/core/jersey-common/2.42/jersey-common-2.42.jar:/home/runner/.m2/repository/jakarta/ws/rs/jakarta.ws.rs-api/2.1.6/jakarta.ws.rs-api-2.1.6.jar:/home/runner/.m2/repository/org/glassfish/jersey/ext/cdi/jersey-cdi1x/2.42/jersey-cdi1x-2.42.jar:/home/runner/.m2/repository/org/glassfish/jersey/inject/jersey-hk2/2.42/jersey-hk2-2.42.jar:/home/runner/.m2/repository/org/glassfish/hk2/hk2-locator/2.6.1/hk2-locator-2.6.1.jar:/home/runner/.m2/repository/org/glassfish/jersey/media/jersey-media-jaxb/2.42/jersey-media-jaxb-2.42.jar:/home/runner/.m2/repository/org/glassfish/hk2/osgi-resource-locator/1.0.3/osgi-resource-locator-1.0.3.jar:/home/runner/.m2/repository/org/glassfish/hk2/hk2-api/2.6.1/hk2-api-2.6.1.jar:/home/runner/.m2/repository/org/glassfish/hk2/hk2-utils/2.6.1/hk2-utils-2.6.1.jar:/home/runner/.m2/repository/org/glassfish/hk2/external/aopalliance-repackaged/2.6.1/aopalliance-repackaged-2.6.1.jar:/home/runner/.m2/repository/com/fasterxml/jackson/dataformat/jackson-dataformat-xml/2.16.1/jackson-dataformat-xml-2.16.1.jar:/home/runner/.m2/repository/org/codehaus/woodstox/stax2-api/4.2.2/stax2-api-4.2.2.jar:/home/runner/.m2/repository/com/fasterxml/woodstox/woodstox-core/5.4.0/woodstox-core-5.4.0.jar:/home/runner/.m2/repository/com/fasterxml/jackson/module/jackson-module-jaxb-annotations/2.16.1/jackson-module-jaxb-annotations-2.16.1.jar:/home/runner/.m2/repository/javax/enterprise/cdi-api/2.0/cdi-api-2.0.jar:/home/runner/.m2/repository/javax/el/javax.el-api/3.0.0/javax.el-api-3.0.0.jar:/home/runner/.m2/repository/javax/interceptor/javax.interceptor-api/1.2/javax.interceptor-api-1.2.jar:/home/runner/.m2/repository/javax/inject/javax.inject/1/javax.inject-1.jar:/home/runner/.m2/repository/jakarta/xml/bind/jakarta.xml.bind-api/2.3.3/jakarta.xml.bind-api-2.3.3.jar:/home/runner/.m2/repository/org/glassfish/jaxb/jaxb-runtime/2.3.9/jaxb-runtime-2.3.9.jar:/home/runner/.m2/repository/org/glassfish/jaxb/txw2/2.3.9/txw2-2.3.9.jar:/home/runner/.m2/repository/com/sun/istack/istack-commons-runtime/3.0.12/istack-commons-runtime-3.0.12.jar:/home/runner/.m2/repository/com/sun/activation/jakarta.activation/1.2.2/jakarta.activation-1.2.2.jar:/home/runner/.m2/repository/jakarta/activation/jakarta.activation-api/1.2.2/jakarta.activation-api-1.2.2.jar:/home/runner/.m2/repository/io/grpc/grpc-protobuf/1.58.0/grpc-protobuf-1.58.0.jar:/home/runner/.m2/repository/com/google/api/grpc/proto-google-common-protos/2.22.0/proto-google-common-protos-2.22.0.jar:/home/runner/.m2/repository/io/grpc/grpc-protobuf-lite/1.58.0/grpc-protobuf-lite-1.58.0.jar:/home/runner/.m2/repository/io/grpc/grpc-stub/1.58.0/grpc-stub-1.58.0.jar:/home/runner/.m2/repository/io/netty/netty-transport/4.1.100.Final/netty-transport-4.1.100.Final.jar:/home/runner/.m2/repository/io/netty/netty-resolver/4.1.100.Final/netty-resolver-4.1.100.Final.jar:/home/runner/.m2/repository/org/apache/ozone/ozone-csi/1.5.0-SNAPSHOT/ozone-csi-1.5.0-SNAPSHOT.jar:/home/runner/.m2/repository/com/google/protobuf/protobuf-java-util/3.19.6/protobuf-java-util-3.19.6.jar:/home/runner/.m2/repository/com/google/code/gson/gson/2.9.0/gson-2.9.0.jar:/home/runner/.m2/repository/org/apache/ozone/hdds-config/1.5.0-SNAPSHOT/hdds-config-1.5.0-SNAPSHOT.jar:/home/runner/.m2/repository/io/netty/netty-transport-native-epoll/4.1.100.Final/netty-transport-native-epoll-4.1.100.Final-linux-x86_64.jar:/home/runner/.m2/repository/io/netty/netty-transport-classes-epoll/4.1.100.Final/netty-transport-classes-epoll-4.1.100.Final.jar:/home/runner/.m2/repository/io/netty/netty-transport-native-unix-common/4.1.100.Final/netty-transport-native-unix-common-4.1.100.Final.jar:/home/runner/.m2/repository/org/apache/ozone/ozone-recon/1.5.0-SNAPSHOT/ozone-recon-1.5.0-SNAPSHOT.jar:/home/runner/.m2/repository/org/apache/ozone/ozone-reconcodegen/1.5.0-SNAPSHOT/ozone-reconcodegen-1.5.0-SNAPSHOT.jar:/home/runner/.m2/repository/com/google/inject/guice/6.0.0/guice-6.0.0.jar:/home/runner/.m2/repository/jakarta/inject/jakarta.inject-api/2.0.1/jakarta.inject-api-2.0.1.jar:/home/runner/.m2/repository/aopalliance/aopalliance/1.0/aopalliance-1.0.jar:/home/runner/.m2/repository/com/google/inject/extensions/guice-assistedinject/6.0.0/guice-assistedinject-6.0.0.jar:/home/runner/.m2/repository/com/google/inject/extensions/guice-servlet/6.0.0/guice-servlet-6.0.0.jar:/home/runner/.m2/repository/org/glassfish/jersey/containers/jersey-container-servlet/2.42/jersey-container-servlet-2.42.jar:/home/runner/.m2/repository/org/glassfish/hk2/guice-bridge/2.6.1/guice-bridge-2.6.1.jar:/home/runner/.m2/repository/org/glassfish/jersey/core/jersey-server/2.42/jersey-server-2.42.jar:/home/runner/.m2/repository/org/glassfish/jersey/core/jersey-client/2.42/jersey-client-2.42.jar:/home/runner/.m2/repository/jakarta/validation/jakarta.validation-api/2.0.2/jakarta.validation-api-2.0.2.jar:/home/runner/.m2/repository/org/glassfish/jersey/media/jersey-media-json-jackson/2.42/jersey-media-json-jackson-2.42.jar:/home/runner/.m2/repository/org/glassfish/jersey/ext/jersey-entity-filtering/2.42/jersey-entity-filtering-2.42.jar:/home/runner/.m2/repository/org/jooq/jooq/3.11.10/jooq-3.11.10.jar:/home/runner/.m2/repository/org/jooq/jooq-meta/3.11.10/jooq-meta-3.11.10.jar:/home/runner/.m2/repository/org/jooq/jooq-codegen/3.11.10/jooq-codegen-3.11.10.jar:/home/runner/.m2/repository/com/jolbox/bonecp/0.8.0.RELEASE/bonecp-0.8.0.RELEASE.jar:/home/runner/.m2/repository/org/apache/derby/derby/10.14.2.0/derby-10.14.2.0.jar:/home/runner/.m2/repository/org/xerial/sqlite-jdbc/3.44.1.0/sqlite-jdbc-3.44.1.0.jar:/home/runner/.m2/repository/org/springframework/spring-jdbc/5.3.27/spring-jdbc-5.3.27.jar:/home/runner/.m2/repository/org/springframework/spring-beans/5.3.27/spring-beans-5.3.27.jar:/home/runner/.m2/repository/org/springframework/spring-core/5.3.27/spring-core-5.3.27.jar:/home/runner/.m2/repository/org/springframework/spring-tx/5.3.27/spring-tx-5.3.27.jar:/home/runner/.m2/repository/org/apache/ozone/ozone-client/1.5.0-SNAPSHOT/ozone-client-1.5.0-SNAPSHOT.jar:/home/runner/.m2/repository/org/apache/ozone/hdds-erasurecode/1.5.0-SNAPSHOT/hdds-erasurecode-1.5.0-SNAPSHOT.jar:/home/runner/.m2/repository/org/apache/ozone/ozone-filesystem/1.5.0-SNAPSHOT/ozone-filesystem-1.5.0-SNAPSHOT.jar:/home/runner/.m2/repository/org/apache/ozone/ozone-filesystem-common/1.5.0-SNAPSHOT/ozone-filesystem-common-1.5.0-SNAPSHOT.jar:/home/runner/.m2/repository/org/apache/ozone/ozone-tools/1.5.0-SNAPSHOT/ozone-tools-1.5.0-SNAPSHOT.jar:/home/runner/.m2/repository/com/amazonaws/aws-java-sdk-core/1.12.661/aws-java-sdk-core-1.12.661.jar:/home/runner/.m2/repository/org/apache/httpcomponents/httpclient/4.5.14/httpclient-4.5.14.jar:/home/runner/.m2/repository/org/apache/httpcomponents/httpcore/4.4.16/httpcore-4.4.16.jar:/home/runner/.m2/repository/com/fasterxml/jackson/dataformat/jackson-dataformat-cbor/2.16.1/jackson-dataformat-cbor-2.16.1.jar:/home/runner/.m2/repository/joda-time/joda-time/2.12.7/joda-time-2.12.7.jar:/home/runner/.m2/repository/com/amazonaws/aws-java-sdk-s3/1.12.661/aws-java-sdk-s3-1.12.661.jar:/home/runner/.m2/repository/com/amazonaws/aws-java-sdk-kms/1.12.661/aws-java-sdk-kms-1.12.661.jar:/home/runner/.m2/repository/com/amazonaws/jmespath-java/1.12.661/jmespath-java-1.12.661.jar:/home/runner/.m2/repository/org/kohsuke/metainf-services/metainf-services/1.11/metainf-services-1.11.jar:/home/runner/.m2/repository/org/apache/ozone/hdds-tools/1.5.0-SNAPSHOT/hdds-tools-1.5.0-SNAPSHOT.jar:/home/runner/.m2/repository/org/apache/ratis/ratis-tools/3.0.1/ratis-tools-3.0.1.jar:/home/runner/.m2/repository/commons-cli/commons-cli/1.6.0/commons-cli-1.6.0.jar:/home/runner/.m2/repository/org/apache/commons/commons-lang3/3.14.0/commons-lang3-3.14.0.jar:/home/runner/.m2/repository/org/apache/ozone/ozone-manager/1.5.0-SNAPSHOT/ozone-manager-1.5.0-SNAPSHOT-tests.jar:/home/runner/.m2/repository/org/apache/ozone/hdds-common/1.5.0-SNAPSHOT/hdds-common-1.5.0-SNAPSHOT-tests.jar:/home/runner/.m2/repository/org/apache/ozone/hdds-hadoop-dependency-client/1.5.0-SNAPSHOT/hdds-hadoop-dependency-client-1.5.0-SNAPSHOT.jar:/home/runner/.m2/repository/info/picocli/picocli/4.7.5/picocli-4.7.5.jar:/home/runner/.m2/repository/com/fasterxml/jackson/core/jackson-annotations/2.16.1/jackson-annotations-2.16.1.jar:/home/runner/.m2/repository/org/apache/ozone/hdds-annotation-processing/1.5.0-SNAPSHOT/hdds-annotation-processing-1.5.0-SNAPSHOT.jar:/home/runner/.m2/repository/javax/annotation/javax.annotation-api/1.3.2/javax.annotation-api-1.3.2.jar:/home/runner/.m2/repository/org/apache/ratis/ratis-netty/3.0.1/ratis-netty-3.0.1.jar:/home/runner/.m2/repository/org/apache/ratis/ratis-grpc/3.0.1/ratis-grpc-3.0.1.jar:/home/runner/.m2/repository/org/bouncycastle/bcpkix-jdk18on/1.77/bcpkix-jdk18on-1.77.jar:/home/runner/.m2/repository/org/bouncycastle/bcutil-jdk18on/1.77/bcutil-jdk18on-1.77.jar:/home/runner/.m2/repository/commons-validator/commons-validator/1.6/commons-validator-1.6.jar:/home/runner/.m2/repository/commons-beanutils/commons-beanutils/1.9.4/commons-beanutils-1.9.4.jar:/home/runner/.m2/repository/commons-digester/commons-digester/1.8.1/commons-digester-1.8.1.jar:/home/runner/.m2/repository/commons-collections/commons-collections/3.2.2/commons-collections-3.2.2.jar:/home/runner/.m2/repository/io/jaegertracing/jaeger-client/1.8.1/jaeger-client-1.8.1.jar:/home/runner/.m2/repository/io/jaegertracing/jaeger-thrift/1.8.1/jaeger-thrift-1.8.1.jar:/home/runner/.m2/repository/org/apache/thrift/libthrift/0.15.0/libthrift-0.15.0.jar:/home/runner/.m2/repository/io/jaegertracing/jaeger-core/1.8.1/jaeger-core-1.8.1.jar:/home/runner/.m2/repository/io/jaegertracing/jaeger-tracerresolver/1.8.1/jaeger-tracerresolver-1.8.1.jar:/home/runner/.m2/repository/io/opentracing/contrib/opentracing-tracerresolver/0.1.8/opentracing-tracerresolver-0.1.8.jar:/home/runner/.m2/repository/org/jetbrains/kotlin/kotlin-stdlib/1.9.22/kotlin-stdlib-1.9.22.jar:/home/runner/.m2/repository/org/jetbrains/annotations/13.0/annotations-13.0.jar:/home/runner/.m2/repository/io/opentracing/opentracing-util/0.33.0/opentracing-util-0.33.0.jar:/home/runner/.m2/repository/io/opentracing/opentracing-api/0.33.0/opentracing-api-0.33.0.jar:/home/runner/.m2/repository/io/opentracing/opentracing-noop/0.33.0/opentracing-noop-0.33.0.jar:/home/runner/.m2/repository/org/yaml/snakeyaml/2.0/snakeyaml-2.0.jar:/home/runner/.m2/repository/io/grpc/grpc-api/1.58.0/grpc-api-1.58.0.jar:/home/runner/.m2/repository/org/junit/platform/junit-platform-launcher/1.10.2/junit-platform-launcher-1.10.2.jar:/home/runner/.m2/repository/org/junit/platform/junit-platform-engine/1.10.2/junit-platform-engine-1.10.2.jar:/home/runner/.m2/repository/org/apiguardian/apiguardian-api/1.1.2/apiguardian-api-1.1.2.jar:/home/runner/.m2/repository/org/apache/hadoop/hadoop-kms/3.3.6/hadoop-kms-3.3.6.jar:/home/runner/.m2/repository/org/apache/hadoop/hadoop-auth/3.3.6/hadoop-auth-3.3.6.jar:/home/runner/.m2/repository/com/nimbusds/nimbus-jose-jwt/9.8.1/nimbus-jose-jwt-9.8.1.jar:/home/runner/.m2/repository/com/github/stephenc/jcip/jcip-annotations/1.0-1/jcip-annotations-1.0-1.jar:/home/runner/.m2/repository/org/apache/zookeeper/zookeeper/3.8.4/zookeeper-3.8.4.jar:/home/runner/.m2/repository/org/apache/zookeeper/zookeeper-jute/3.8.4/zookeeper-jute-3.8.4.jar:/home/runner/.m2/repository/org/apache/yetus/audience-annotations/0.12.0/audience-annotations-0.12.0.jar:/home/runner/.m2/repository/org/apache/curator/curator-framework/4.2.0/curator-framework-4.2.0.jar:/home/runner/.m2/repository/org/apache/hadoop/thirdparty/hadoop-shaded-guava/1.1.1/hadoop-shaded-guava-1.1.1.jar:/home/runner/.m2/repository/com/sun/jersey/jersey-core/1.19.4/jersey-core-1.19.4.jar:/home/runner/.m2/repository/javax/ws/rs/jsr311-api/1.1.1/jsr311-api-1.1.1.jar:/home/runner/.m2/repository/com/sun/jersey/jersey-server/1.19.4/jersey-server-1.19.4.jar:/home/runner/.m2/repository/javax/servlet/javax.servlet-api/3.1.0/javax.servlet-api-3.1.0.jar:/home/runner/.m2/repository/org/apache/hadoop/hadoop-common/3.3.6/hadoop-common-3.3.6.jar:/home/runner/.m2/repository/org/apache/commons/commons-math3/3.6.1/commons-math3-3.6.1.jar:/home/runner/.m2/repository/commons-net/commons-net/3.10.0/commons-net-3.10.0.jar:/home/runner/.m2/repository/com/sun/jersey/jersey-servlet/1.19.4/jersey-servlet-1.19.4.jar:/home/runner/.m2/repository/com/github/pjfanning/jersey-json/1.20/jersey-json-1.20.jar:/home/runner/.m2/repository/org/codehaus/jettison/jettison/1.1/jettison-1.1.jar:/home/runner/.m2/repository/com/sun/xml/bind/jaxb-impl/2.2.3-1/jaxb-impl-2.2.3-1.jar:/home/runner/.m2/repository/com/google/re2j/re2j/1.7/re2j-1.7.jar:/home/runner/.m2/repository/com/jcraft/jsch/0.1.54/jsch-0.1.54.jar:/home/runner/.m2/repository/org/apache/curator/curator-client/4.2.0/curator-client-4.2.0.jar:/home/runner/.m2/repository/org/apache/curator/curator-recipes/5.2.0/curator-recipes-5.2.0.jar:/home/runner/.m2/repository/com/google/code/findbugs/jsr305/3.0.2/jsr305-3.0.2.jar:/home/runner/.m2/repository/org/apache/kerby/kerb-core/1.0.1/kerb-core-1.0.1.jar:/home/runner/.m2/repository/org/apache/kerby/kerby-pkix/1.0.1/kerby-pkix-1.0.1.jar:/home/runner/.m2/repository/org/apache/kerby/kerby-asn1/1.0.1/kerby-asn1-1.0.1.jar:/home/runner/.m2/repository/org/apache/kerby/kerby-util/1.0.1/kerby-util-1.0.1.jar:/home/runner/.m2/repository/dnsjava/dnsjava/2.1.7/dnsjava-2.1.7.jar:/home/runner/.m2/repository/com/fasterxml/jackson/core/jackson-databind/2.16.1/jackson-databind-2.16.1.jar:/home/runner/.m2/repository/org/apache/hadoop/hadoop-kms/3.3.6/hadoop-kms-3.3.6-tests.jar:/home/runner/.m2/repository/org/apache/ozone/hdds-server-scm/1.5.0-SNAPSHOT/hdds-server-scm-1.5.0-SNAPSHOT-tests.jar:/home/runner/.m2/repository/org/apache/ozone/hdds-container-service/1.5.0-SNAPSHOT/hdds-container-service-1.5.0-SNAPSHOT-tests.jar:/home/runner/.m2/repository/com/github/luben/zstd-jni/1.5.2-5/zstd-jni-1.5.2-5.jar:/home/runner/.m2/repository/commons-codec/commons-codec/1.15/commons-codec-1.15.jar:/home/runner/.m2/repository/io/netty/netty-codec/4.1.100.Final/netty-codec-4.1.100.Final.jar:/home/runner/.m2/repository/io/netty/netty-handler/4.1.100.Final/netty-handler-4.1.100.Final.jar:/home/runner/.m2/repository/org/apache/ozone/hdds-hadoop-dependency-test/1.5.0-SNAPSHOT/hdds-hadoop-dependency-test-1.5.0-SNAPSHOT.jar:/home/runner/.m2/repository/org/apache/hadoop/hadoop-common/3.3.6/hadoop-common-3.3.6-tests.jar:/home/runner/.m2/repository/org/apache/hadoop/hadoop-hdfs/3.3.6/hadoop-hdfs-3.3.6-tests.jar:/home/runner/.m2/repository/org/junit/jupiter/junit-jupiter-engine/5.10.2/junit-jupiter-engine-5.10.2.jar:/home/runner/.m2/repository/org/junit/jupiter/junit-jupiter-params/5.10.2/junit-jupiter-params-5.10.2.jar:/home/runner/.m2/repository/org/mockito/mockito-core/4.11.0/mockito-core-4.11.0.jar:/home/runner/.m2/repository/net/bytebuddy/byte-buddy/1.12.19/byte-buddy-1.12.19.jar:/home/runner/.m2/repository/net/bytebuddy/byte-buddy-agent/1.12.19/byte-buddy-agent-1.12.19.jar:/home/runner/.m2/repository/org/objenesis/objenesis/3.3/objenesis-3.3.jar:/home/runner/.m2/repository/org/mockito/mockito-junit-jupiter/4.11.0/mockito-junit-jupiter-4.11.0.jar:/home/runner/.m2/repository/org/apache/hadoop/hadoop-distcp/3.3.6/hadoop-distcp-3.3.6.jar:/home/runner/.m2/repository/org/apache/hadoop/hadoop-mapreduce-client-jobclient/3.3.6/hadoop-mapreduce-client-jobclient-3.3.6.jar:/home/runner/.m2/repository/org/apache/hadoop/hadoop-mapreduce-client-common/3.3.6/hadoop-mapreduce-client-common-3.3.6.jar:/home/runner/.m2/repository/org/apache/hadoop/hadoop-yarn-common/3.3.6/hadoop-yarn-common-3.3.6.jar:/home/runner/.m2/repository/org/apache/hadoop/hadoop-yarn-api/3.3.6/hadoop-yarn-api-3.3.6.jar:/home/runner/.m2/repository/javax/xml/bind/jaxb-api/2.2.11/jaxb-api-2.2.11.jar:/home/runner/.m2/repository/com/sun/jersey/contribs/jersey-guice/1.19.4/jersey-guice-1.19.4.jar:/home/runner/.m2/repository/com/fasterxml/jackson/jaxrs/jackson-jaxrs-json-provider/2.16.1/jackson-jaxrs-json-provider-2.16.1.jar:/home/runner/.m2/repository/com/fasterxml/jackson/jaxrs/jackson-jaxrs-base/2.16.1/jackson-jaxrs-base-2.16.1.jar:/home/runner/.m2/repository/org/apache/hadoop/hadoop-yarn-client/3.3.6/hadoop-yarn-client-3.3.6.jar:/home/runner/.m2/repository/org/eclipse/jetty/websocket/websocket-client/9.4.51.v20230217/websocket-client-9.4.51.v20230217.jar:/home/runner/.m2/repository/org/eclipse/jetty/websocket/websocket-common/9.4.51.v20230217/websocket-common-9.4.51.v20230217.jar:/home/runner/.m2/repository/org/eclipse/jetty/websocket/websocket-api/9.4.51.v20230217/websocket-api-9.4.51.v20230217.jar:/home/runner/.m2/repository/org/jline/jline/3.9.0/jline-3.9.0.jar:/home/runner/.m2/repository/org/apache/hadoop/hadoop-mapreduce-client-core/3.3.6/hadoop-mapreduce-client-core-3.3.6.jar:/home/runner/.m2/repository/org/apache/avro/avro/1.7.7/avro-1.7.7.jar:/home/runner/.m2/repository/com/thoughtworks/paranamer/paranamer/2.3/paranamer-2.3.jar:/home/runner/.m2/repository/org/apache/hadoop/hadoop-annotations/3.3.6/hadoop-annotations-3.3.6.jar:/usr/lib/jvm/temurin-8-jdk-amd64/jre/../lib/tools.jar:/home/runner/.m2/repository/io/netty/netty/3.10.6.Final/netty-3.10.6.Final.jar:/home/runner/.m2/repository/org/apache/hadoop/hadoop-distcp/3.3.6/hadoop-distcp-3.3.6-tests.jar:/home/runner/.m2/repository/org/hamcrest/hamcrest/2.2/hamcrest-2.2.jar:/home/runner/.m2/repository/org/slf4j/jul-to-slf4j/2.0.12/jul-to-slf4j-2.0.12.jar:/home/runner/work/ozone/ozone/hadoop-ozone/integration-test/target/gradle-enterprise/test-listeners.jar:"/>
    <property name="sun.cpu.endian" value="little"/>
    <property name="user.home" value="/home/runner"/>
    <property name="user.language" value="en"/>
    <property name="java.specification.vendor" value="Oracle Corporation"/>
    <property name="java.home" value="/usr/lib/jvm/temurin-8-jdk-amd64/jre"/>
    <property name="java.security.krb5.conf" value="/home/runner/work/ozone/ozone/hadoop-ozone/integration-test/target/test-classes/krb5.conf"/>
    <property name="file.separator" value="/"/>
    <property name="basedir" value="/home/runner/work/ozone/ozone/hadoop-ozone/integration-test"/>
    <property name="line.separator" value="&#10;"/>
    <property name="java.vm.specification.vendor" value="Oracle Corporation"/>
    <property name="java.specification.name" value="Java Platform API Specification"/>
    <property name="skip.installnpx" value="true"/>
    <property name="java.awt.graphicsenv" value="sun.awt.X11GraphicsEnvironment"/>
    <property name="surefire.real.class.path" value="/home/runner/work/ozone/ozone/hadoop-ozone/integration-test/target/surefire/surefirebooter3075361590965678764.jar:/home/runner/.m2/repository/org/jacoco/org.jacoco.agent/0.8.11/org.jacoco.agent-0.8.11-runtime.jar"/>
    <property name="sun.boot.class.path" value="/usr/lib/jvm/temurin-8-jdk-amd64/jre/lib/resources.jar:/usr/lib/jvm/temurin-8-jdk-amd64/jre/lib/rt.jar:/usr/lib/jvm/temurin-8-jdk-amd64/jre/lib/sunrsasign.jar:/usr/lib/jvm/temurin-8-jdk-amd64/jre/lib/jsse.jar:/usr/lib/jvm/temurin-8-jdk-amd64/jre/lib/jce.jar:/usr/lib/jvm/temurin-8-jdk-amd64/jre/lib/charsets.jar:/usr/lib/jvm/temurin-8-jdk-amd64/jre/lib/jfr.jar:/usr/lib/jvm/temurin-8-jdk-amd64/jre/classes"/>
    <property name="hadoop.log.dir" value="/home/runner/work/ozone/ozone/hadoop-ozone/integration-test/target/log"/>
    <property name="sun.management.compiler" value="HotSpot 64-Bit Tiered Compilers"/>
    <property name="java.runtime.version" value="1.8.0_402-b06"/>
    <property name="skip.npx" value="true"/>
    <property name="user.name" value="runner"/>
    <property name="java.net.preferIPv4Stack" value="true"/>
    <property name="path.separator" value=":"/>
    <property name="java.security.egd" value="file:///dev/urandom"/>
    <property name="os.version" value="5.15.0-1058-azure"/>
    <property name="java.endorsed.dirs" value="/usr/lib/jvm/temurin-8-jdk-amd64/jre/lib/endorsed"/>
    <property name="java.runtime.name" value="OpenJDK Runtime Environment"/>
    <property name="com.gradle.maven.scan.extension.test.listener.junitplatform.NestedExecutionSafeDelegatingTestExecutionListener" value="375b5b7f"/>
    <property name="file.encoding" value="UTF-8"/>
    <property name="java.vm.name" value="OpenJDK 64-Bit Server VM"/>
    <property name="test.build.webapps" value=""/>
    <property name="localRepository" value="/home/runner/.m2/repository"/>
    <property name="gradle.enterprise.listener.port" value="41889"/>
    <property name="jetty.git.hash" value="27bde00a0b95a1d5bbee0eae7984f891d2d0f8c9"/>
    <property name="java.vendor.url.bug" value="https://github.com/adoptium/adoptium-support/issues"/>
    <property name="require.test.libhadoop" value=""/>
    <property name="java.io.tmpdir" value="/tmp"/>
    <property name="java.version" value="1.8.0_402"/>
    <property name="user.dir" value="/home/runner/work/ozone/ozone/hadoop-ozone/integration-test"/>
    <property name="os.arch" value="amd64"/>
    <property name="test.build.classes" value="/home/runner/work/ozone/ozone/hadoop-ozone/integration-test/target/test-classes"/>
    <property name="java.vm.specification.name" value="Java Virtual Machine Specification"/>
    <property name="java.awt.printerjob" value="sun.print.PSPrinterJob"/>
    <property name="sun.os.patch.level" value="unknown"/>
    <property name="org.apache.ratis.thirdparty.io.netty.allocator.useCacheForAllThreads" value="false"/>
    <property name="hadoop.tmp.dir" value="/home/runner/work/ozone/ozone/hadoop-ozone/integration-test/target/tmp"/>
    <property name="java.library.path" value="/usr/java/packages/lib/amd64:/usr/lib64:/lib64:/lib:/usr/lib"/>
    <property name="java.vendor" value="Temurin"/>
    <property name="java.vm.info" value="mixed mode"/>
    <property name="java.vm.version" value="25.402-b06"/>
    <property name="java.specification.maintenance.version" value="5"/>
    <property name="sun.io.unicode.encoding" value="UnicodeLittle"/>
    <property name="java.ext.dirs" value="/usr/lib/jvm/temurin-8-jdk-amd64/jre/lib/ext:/usr/java/packages/lib/ext"/>
    <property name="java.class.version" value="52.0"/>
  </properties>
  <testcase name="testNodesInDecommissionOrMaintenance(HddsProtos$NodeOperationalState,HddsProtos$NodeOperationalState, boolean)" classname="org.apache.hadoop.ozone.recon.TestReconAndAdminContainerCLI" time="17.041"/>
  <testcase name="testNodesInDecommissionOrMaintenance(HddsProtos$NodeOperationalState,HddsProtos$NodeOperationalState, boolean)" classname="org.apache.hadoop.ozone.recon.TestReconAndAdminContainerCLI" time="37.091">
    <error type="java.util.concurrent.TimeoutException"><![CDATA[java.util.concurrent.TimeoutException: 
Timed out waiting for condition. Thread diagnostics:
Timestamp: 2024-03-26 11:22:27,261

"dc82d807-438e-4f31-a873-936b5ae41996-DatanodeReportManager-4" daemon prio=5 tid=603 in Object.wait()
java.lang.Thread.State: WAITING (on object monitor)
        at sun.misc.Unsafe.park(Native Method)
        at java.util.concurrent.locks.LockSupport.park(LockSupport.java:175)
        at java.util.concurrent.locks.AbstractQueuedSynchronizer$ConditionObject.await(AbstractQueuedSynchronizer.java:2039)
        at java.util.concurrent.ScheduledThreadPoolExecutor$DelayedWorkQueue.take(ScheduledThreadPoolExecutor.java:1088)
        at java.util.concurrent.ScheduledThreadPoolExecutor$DelayedWorkQueue.take(ScheduledThreadPoolExecutor.java:809)
        at java.util.concurrent.ThreadPoolExecutor.getTask(ThreadPoolExecutor.java:1074)
        at java.util.concurrent.ThreadPoolExecutor.runWorker(ThreadPoolExecutor.java:1134)
        at java.util.concurrent.ThreadPoolExecutor$Worker.run(ThreadPoolExecutor.java:624)
        at java.lang.Thread.run(Thread.java:750)
"IPC Server handler 23 on default port 15009" daemon prio=5 tid=494 timed_waiting
java.lang.Thread.State: TIMED_WAITING
        at sun.misc.Unsafe.park(Native Method)
        at java.util.concurrent.locks.LockSupport.parkNanos(LockSupport.java:215)
        at java.util.concurrent.locks.AbstractQueuedSynchronizer$ConditionObject.awaitNanos(AbstractQueuedSynchronizer.java:2078)
        at java.util.concurrent.LinkedBlockingQueue.poll(LinkedBlockingQueue.java:467)
        at org.apache.hadoop.ipc.CallQueueManager.take(CallQueueManager.java:317)
        at org.apache.hadoop.ipc.Server$Handler.run(Server.java:3014)
"qtp634982496-668" daemon prio=5 tid=668 runnable
java.lang.Thread.State: RUNNABLE
        at sun.nio.ch.EPollArrayWrapper.epollWait(Native Method)
        at sun.nio.ch.EPollArrayWrapper.poll(EPollArrayWrapper.java:269)
        at sun.nio.ch.EPollSelectorImpl.doSelect(EPollSelectorImpl.java:93)
        at sun.nio.ch.SelectorImpl.lockAndDoSelect(SelectorImpl.java:86)
        at sun.nio.ch.SelectorImpl.select(SelectorImpl.java:97)
        at sun.nio.ch.SelectorImpl.select(SelectorImpl.java:101)
        at org.eclipse.jetty.io.ManagedSelector.nioSelect(ManagedSelector.java:183)
        at org.eclipse.jetty.io.ManagedSelector.select(ManagedSelector.java:190)
        at org.eclipse.jetty.io.ManagedSelector$SelectorProducer.select(ManagedSelector.java:606)
        at org.eclipse.jetty.io.ManagedSelector$SelectorProducer.produce(ManagedSelector.java:543)
        at org.eclipse.jetty.util.thread.strategy.EatWhatYouKill.produceTask(EatWhatYouKill.java:362)
        at org.eclipse.jetty.util.thread.strategy.EatWhatYouKill.doProduce(EatWhatYouKill.java:186)
        at org.eclipse.jetty.util.thread.strategy.EatWhatYouKill.tryProduce(EatWhatYouKill.java:173)
        at org.eclipse.jetty.util.thread.strategy.EatWhatYouKill.produce(EatWhatYouKill.java:137)
        at org.eclipse.jetty.io.ManagedSelector$$Lambda$594/551825973.run(Unknown Source)
        at org.eclipse.jetty.util.thread.QueuedThreadPool.runJob(QueuedThreadPool.java:883)
        at org.eclipse.jetty.util.thread.QueuedThreadPool$Runner.run(QueuedThreadPool.java:1034)
        at java.lang.Thread.run(Thread.java:750)
"IPC Server handler 88 on default port 15009" daemon prio=5 tid=559 timed_waiting
java.lang.Thread.State: TIMED_WAITING
        at sun.misc.Unsafe.park(Native Method)
        at java.util.concurrent.locks.LockSupport.parkNanos(LockSupport.java:215)
        at java.util.concurrent.locks.AbstractQueuedSynchronizer$ConditionObject.awaitNanos(AbstractQueuedSynchronizer.java:2078)
        at java.util.concurrent.LinkedBlockingQueue.poll(LinkedBlockingQueue.java:467)
        at org.apache.hadoop.ipc.CallQueueManager.take(CallQueueManager.java:317)
        at org.apache.hadoop.ipc.Server$Handler.run(Server.java:3014)
"IPC Server listener on 15001" daemon prio=5 tid=32 runnable
java.lang.Thread.State: RUNNABLE
        at sun.nio.ch.EPollArrayWrapper.epollWait(Native Method)
        at sun.nio.ch.EPollArrayWrapper.poll(EPollArrayWrapper.java:269)
        at sun.nio.ch.EPollSelectorImpl.doSelect(EPollSelectorImpl.java:93)
        at sun.nio.ch.SelectorImpl.lockAndDoSelect(SelectorImpl.java:86)
        at sun.nio.ch.SelectorImpl.select(SelectorImpl.java:97)
        at sun.nio.ch.SelectorImpl.select(SelectorImpl.java:101)
        at org.apache.hadoop.ipc.Server$Listener.run(Server.java:1408)
"20ed7fe7-4274-4f1a-9498-93c5abf09f1c-DatanodeReportManager-0" daemon prio=5 tid=711 in Object.wait()
java.lang.Thread.State: WAITING (on object monitor)
        at sun.misc.Unsafe.park(Native Method)
        at java.util.concurrent.locks.LockSupport.park(LockSupport.java:175)
        at java.util.concurrent.locks.AbstractQueuedSynchronizer$ConditionObject.await(AbstractQueuedSynchronizer.java:2039)
        at java.util.concurrent.ScheduledThreadPoolExecutor$DelayedWorkQueue.take(ScheduledThreadPoolExecutor.java:1088)
        at java.util.concurrent.ScheduledThreadPoolExecutor$DelayedWorkQueue.take(ScheduledThreadPoolExecutor.java:809)
        at java.util.concurrent.ThreadPoolExecutor.getTask(ThreadPoolExecutor.java:1074)
        at java.util.concurrent.ThreadPoolExecutor.runWorker(ThreadPoolExecutor.java:1134)
        at java.util.concurrent.ThreadPoolExecutor$Worker.run(ThreadPoolExecutor.java:624)
        at java.lang.Thread.run(Thread.java:750)
"IPC Server handler 64 on default port 15009" daemon prio=5 tid=535 timed_waiting
java.lang.Thread.State: TIMED_WAITING
        at sun.misc.Unsafe.park(Native Method)
        at java.util.concurrent.locks.LockSupport.parkNanos(LockSupport.java:215)
        at java.util.concurrent.locks.AbstractQueuedSynchronizer$ConditionObject.awaitNanos(AbstractQueuedSynchronizer.java:2078)
        at java.util.concurrent.LinkedBlockingQueue.poll(LinkedBlockingQueue.java:467)
        at org.apache.hadoop.ipc.CallQueueManager.take(CallQueueManager.java:317)
        at org.apache.hadoop.ipc.Server$Handler.run(Server.java:3014)
"IPC Server handler 50 on default port 15002" daemon prio=5 tid=303 timed_waiting
java.lang.Thread.State: TIMED_WAITING
        at sun.misc.Unsafe.park(Native Method)
        at java.util.concurrent.locks.LockSupport.parkNanos(LockSupport.java:215)
        at java.util.concurrent.locks.AbstractQueuedSynchronizer$ConditionObject.awaitNanos(AbstractQueuedSynchronizer.java:2078)
        at java.util.concurrent.LinkedBlockingQueue.poll(LinkedBlockingQueue.java:467)
        at org.apache.hadoop.ipc.CallQueueManager.take(CallQueueManager.java:317)
        at org.apache.hadoop.ipc.Server$Handler.run(Server.java:3014)
"IPC Server handler 88 on default port 15002" daemon prio=5 tid=341 timed_waiting
java.lang.Thread.State: TIMED_WAITING
        at sun.misc.Unsafe.park(Native Method)
        at java.util.concurrent.locks.LockSupport.parkNanos(LockSupport.java:215)
        at java.util.concurrent.locks.AbstractQueuedSynchronizer$ConditionObject.awaitNanos(AbstractQueuedSynchronizer.java:2078)
        at java.util.concurrent.LinkedBlockingQueue.poll(LinkedBlockingQueue.java:467)
        at org.apache.hadoop.ipc.CallQueueManager.take(CallQueueManager.java:317)
        at org.apache.hadoop.ipc.Server$Handler.run(Server.java:3014)
"FixedThreadPoolWithAffinityExecutor-7-0" daemon prio=5 tid=49 timed_waiting
java.lang.Thread.State: TIMED_WAITING
        at sun.misc.Unsafe.park(Native Method)
        at java.util.concurrent.locks.LockSupport.parkNanos(LockSupport.java:215)
        at java.util.concurrent.locks.AbstractQueuedSynchronizer$ConditionObject.awaitNanos(AbstractQueuedSynchronizer.java:2078)
        at java.util.concurrent.LinkedBlockingQueue.poll(LinkedBlockingQueue.java:467)
        at org.apache.hadoop.hdds.scm.server.ContainerReportQueue.poll(ContainerReportQueue.java:269)
        at org.apache.hadoop.hdds.scm.server.ContainerReportQueue.poll(ContainerReportQueue.java:42)
        at org.apache.hadoop.hdds.server.events.FixedThreadPoolWithAffinityExecutor$ContainerReportProcessTask.run(FixedThreadPoolWithAffinityExecutor.java:253)
        at java.util.concurrent.Executors$RunnableAdapter.call(Executors.java:511)
        at java.util.concurrent.FutureTask.run(FutureTask.java:266)
        at java.util.concurrent.ThreadPoolExecutor.runWorker(ThreadPoolExecutor.java:1149)
        at java.util.concurrent.ThreadPoolExecutor$Worker.run(ThreadPoolExecutor.java:624)
        at java.lang.Thread.run(Thread.java:750)
"ContainerDataScanner(/home/runner/work/ozone/ozone/hadoop-ozone/integration-test/target/test-dir/MiniOzoneClusterImpl-b6d037e4-5d8b-4372-b4a2-3c33797d8bad/ozone-meta/datanode-5/data-0/hdds)" daemon prio=5 tid=806 timed_waiting
java.lang.Thread.State: TIMED_WAITING
        at java.lang.Thread.sleep(Native Method)
        at org.apache.hadoop.ozone.container.ozoneimpl.AbstractBackgroundContainerScanner.handleRemainingSleep(AbstractBackgroundContainerScanner.java:131)
        at org.apache.hadoop.ozone.container.ozoneimpl.AbstractBackgroundContainerScanner.runIteration(AbstractBackgroundContainerScanner.java:98)
        at org.apache.hadoop.ozone.container.ozoneimpl.AbstractBackgroundContainerScanner.run(AbstractBackgroundContainerScanner.java:57)
"9bdc6c20-c7c2-4cc7-a4be-d4fe59586f4c-DatanodeReportManager-1" daemon prio=5 tid=684 in Object.wait()
java.lang.Thread.State: WAITING (on object monitor)
        at sun.misc.Unsafe.park(Native Method)
        at java.util.concurrent.locks.LockSupport.park(LockSupport.java:175)
        at java.util.concurrent.locks.AbstractQueuedSynchronizer$ConditionObject.await(AbstractQueuedSynchronizer.java:2039)
        at java.util.concurrent.ScheduledThreadPoolExecutor$DelayedWorkQueue.take(ScheduledThreadPoolExecutor.java:1088)
        at java.util.concurrent.ScheduledThreadPoolExecutor$DelayedWorkQueue.take(ScheduledThreadPoolExecutor.java:809)
        at java.util.concurrent.ThreadPoolExecutor.getTask(ThreadPoolExecutor.java:1074)
        at java.util.concurrent.ThreadPoolExecutor.runWorker(ThreadPoolExecutor.java:1134)
        at java.util.concurrent.ThreadPoolExecutor$Worker.run(ThreadPoolExecutor.java:624)
        at java.lang.Thread.run(Thread.java:750)
"om1-MultipartUploadCleanupService#0" daemon prio=5 tid=403 timed_waiting
java.lang.Thread.State: TIMED_WAITING
        at sun.misc.Unsafe.park(Native Method)
        at java.util.concurrent.locks.LockSupport.parkNanos(LockSupport.java:215)
        at java.util.concurrent.locks.AbstractQueuedSynchronizer$ConditionObject.awaitNanos(AbstractQueuedSynchronizer.java:2078)
        at java.util.concurrent.ScheduledThreadPoolExecutor$DelayedWorkQueue.take(ScheduledThreadPoolExecutor.java:1093)
        at java.util.concurrent.ScheduledThreadPoolExecutor$DelayedWorkQueue.take(ScheduledThreadPoolExecutor.java:809)
        at java.util.concurrent.ThreadPoolExecutor.getTask(ThreadPoolExecutor.java:1074)
        at java.util.concurrent.ThreadPoolExecutor.runWorker(ThreadPoolExecutor.java:1134)
        at java.util.concurrent.ThreadPoolExecutor$Worker.run(ThreadPoolExecutor.java:624)
        at java.lang.Thread.run(Thread.java:750)
"dc82d807-438e-4f31-a873-936b5ae41996-ChunkWriter-0-0" daemon prio=5 tid=731 in Object.wait()
java.lang.Thread.State: WAITING (on object monitor)
        at sun.misc.Unsafe.park(Native Method)
        at java.util.concurrent.locks.LockSupport.park(LockSupport.java:175)
        at java.util.concurrent.locks.AbstractQueuedSynchronizer$ConditionObject.await(AbstractQueuedSynchronizer.java:2039)
        at java.util.concurrent.LinkedBlockingDeque.takeFirst(LinkedBlockingDeque.java:492)
        at java.util.concurrent.LinkedBlockingDeque.take(LinkedBlockingDeque.java:680)
        at java.util.concurrent.ThreadPoolExecutor.getTask(ThreadPoolExecutor.java:1074)
        at java.util.concurrent.ThreadPoolExecutor.runWorker(ThreadPoolExecutor.java:1134)
        at java.util.concurrent.ThreadPoolExecutor$Worker.run(ThreadPoolExecutor.java:624)
        at java.lang.Thread.run(Thread.java:750)
"IPC Server handler 48 on default port 15000" daemon prio=5 tid=101 timed_waiting
java.lang.Thread.State: TIMED_WAITING
        at sun.misc.Unsafe.park(Native Method)
        at java.util.concurrent.locks.LockSupport.parkNanos(LockSupport.java:215)
        at java.util.concurrent.locks.AbstractQueuedSynchronizer$ConditionObject.awaitNanos(AbstractQueuedSynchronizer.java:2078)
        at java.util.concurrent.LinkedBlockingQueue.poll(LinkedBlockingQueue.java:467)
        at org.apache.hadoop.ipc.CallQueueManager.take(CallQueueManager.java:317)
        at org.apache.hadoop.ipc.Server$Handler.run(Server.java:3014)
"IPC Server handler 72 on default port 15000" daemon prio=5 tid=125 timed_waiting
java.lang.Thread.State: TIMED_WAITING
        at sun.misc.Unsafe.park(Native Method)
        at java.util.concurrent.locks.LockSupport.parkNanos(LockSupport.java:215)
        at java.util.concurrent.locks.AbstractQueuedSynchronizer$ConditionObject.awaitNanos(AbstractQueuedSynchronizer.java:2078)
        at java.util.concurrent.LinkedBlockingQueue.poll(LinkedBlockingQueue.java:467)
        at org.apache.hadoop.ipc.CallQueueManager.take(CallQueueManager.java:317)
        at org.apache.hadoop.ipc.Server$Handler.run(Server.java:3014)
"20ed7fe7-4274-4f1a-9498-93c5abf09f1c-DatanodeReportManager-1" daemon prio=5 tid=712 timed_waiting
java.lang.Thread.State: TIMED_WAITING
        at sun.misc.Unsafe.park(Native Method)
        at java.util.concurrent.locks.LockSupport.parkNanos(LockSupport.java:215)
        at java.util.concurrent.locks.AbstractQueuedSynchronizer$ConditionObject.awaitNanos(AbstractQueuedSynchronizer.java:2078)
        at java.util.concurrent.ScheduledThreadPoolExecutor$DelayedWorkQueue.take(ScheduledThreadPoolExecutor.java:1093)
        at java.util.concurrent.ScheduledThreadPoolExecutor$DelayedWorkQueue.take(ScheduledThreadPoolExecutor.java:809)
        at java.util.concurrent.ThreadPoolExecutor.getTask(ThreadPoolExecutor.java:1074)
        at java.util.concurrent.ThreadPoolExecutor.runWorker(ThreadPoolExecutor.java:1134)
        at java.util.concurrent.ThreadPoolExecutor$Worker.run(ThreadPoolExecutor.java:624)
        at java.lang.Thread.run(Thread.java:750)
"IPC Server handler 69 on default port 15000" daemon prio=5 tid=122 timed_waiting
java.lang.Thread.State: TIMED_WAITING
        at sun.misc.Unsafe.park(Native Method)
        at java.util.concurrent.locks.LockSupport.parkNanos(LockSupport.java:215)
        at java.util.concurrent.locks.AbstractQueuedSynchronizer$ConditionObject.awaitNanos(AbstractQueuedSynchronizer.java:2078)
        at java.util.concurrent.LinkedBlockingQueue.poll(LinkedBlockingQueue.java:467)
        at org.apache.hadoop.ipc.CallQueueManager.take(CallQueueManager.java:317)
        at org.apache.hadoop.ipc.Server$Handler.run(Server.java:3014)
"qtp1618613611-701" daemon prio=5 tid=701 timed_waiting
java.lang.Thread.State: TIMED_WAITING
        at sun.misc.Unsafe.park(Native Method)
        at java.util.concurrent.locks.LockSupport.parkNanos(LockSupport.java:215)
        at java.util.concurrent.locks.AbstractQueuedSynchronizer$ConditionObject.awaitNanos(AbstractQueuedSynchronizer.java:2078)
        at org.eclipse.jetty.util.BlockingArrayQueue.poll(BlockingArrayQueue.java:382)
        at org.eclipse.jetty.util.thread.QueuedThreadPool$Runner.idleJobPoll(QueuedThreadPool.java:974)
        at org.eclipse.jetty.util.thread.QueuedThreadPool$Runner.run(QueuedThreadPool.java:1018)
        at java.lang.Thread.run(Thread.java:750)
"qtp1618613611-698" daemon prio=5 tid=698 timed_waiting
java.lang.Thread.State: TIMED_WAITING
        at sun.misc.Unsafe.park(Native Method)
        at java.util.concurrent.locks.LockSupport.parkNanos(LockSupport.java:215)
        at java.util.concurrent.locks.AbstractQueuedSynchronizer$ConditionObject.awaitNanos(AbstractQueuedSynchronizer.java:2078)
        at org.eclipse.jetty.util.BlockingArrayQueue.poll(BlockingArrayQueue.java:382)
        at org.eclipse.jetty.util.thread.QueuedThreadPool$Runner.idleJobPoll(QueuedThreadPool.java:974)
        at org.eclipse.jetty.util.thread.QueuedThreadPool$Runner.run(QueuedThreadPool.java:1018)
        at java.lang.Thread.run(Thread.java:750)
"IPC Server handler 93 on default port 15009" daemon prio=5 tid=564 timed_waiting
java.lang.Thread.State: TIMED_WAITING
        at sun.misc.Unsafe.park(Native Method)
        at java.util.concurrent.locks.LockSupport.parkNanos(LockSupport.java:215)
        at java.util.concurrent.locks.AbstractQueuedSynchronizer$ConditionObject.awaitNanos(AbstractQueuedSynchronizer.java:2078)
        at java.util.concurrent.LinkedBlockingQueue.poll(LinkedBlockingQueue.java:467)
        at org.apache.hadoop.ipc.CallQueueManager.take(CallQueueManager.java:317)
        at org.apache.hadoop.ipc.Server$Handler.run(Server.java:3014)
"IPC Server handler 38 on default port 15001" daemon prio=5 tid=191 timed_waiting
java.lang.Thread.State: TIMED_WAITING
        at sun.misc.Unsafe.park(Native Method)
        at java.util.concurrent.locks.LockSupport.parkNanos(LockSupport.java:215)
        at java.util.concurrent.locks.AbstractQueuedSynchronizer$ConditionObject.awaitNanos(AbstractQueuedSynchronizer.java:2078)
        at java.util.concurrent.LinkedBlockingQueue.poll(LinkedBlockingQueue.java:467)
        at org.apache.hadoop.ipc.CallQueueManager.take(CallQueueManager.java:317)
        at org.apache.hadoop.ipc.Server$Handler.run(Server.java:3014)
"20ed7fe7-4274-4f1a-9498-93c5abf09f1c@group-B9059805C83C-cacheEviction-AwaitToRun" daemon prio=5 tid=877 in Object.wait()
java.lang.Thread.State: WAITING (on object monitor)
        at sun.misc.Unsafe.park(Native Method)
        at java.util.concurrent.locks.LockSupport.park(LockSupport.java:175)
        at java.util.concurrent.locks.AbstractQueuedSynchronizer$ConditionObject.await(AbstractQueuedSynchronizer.java:2039)
        at org.apache.ratis.util.AwaitForSignal.await(AwaitForSignal.java:48)
        at org.apache.ratis.util.AwaitToRun$RunnableImpl.run(AwaitToRun.java:47)
        at java.lang.Thread.run(Thread.java:750)
"IPC Server handler 65 on default port 15000" daemon prio=5 tid=118 timed_waiting
java.lang.Thread.State: TIMED_WAITING
        at sun.misc.Unsafe.park(Native Method)
        at java.util.concurrent.locks.LockSupport.parkNanos(LockSupport.java:215)
        at java.util.concurrent.locks.AbstractQueuedSynchronizer$ConditionObject.awaitNanos(AbstractQueuedSynchronizer.java:2078)
        at java.util.concurrent.LinkedBlockingQueue.poll(LinkedBlockingQueue.java:467)
        at org.apache.hadoop.ipc.CallQueueManager.take(CallQueueManager.java:317)
        at org.apache.hadoop.ipc.Server$Handler.run(Server.java:3014)
"IPC Server handler 26 on default port 15000" daemon prio=5 tid=79 timed_waiting
java.lang.Thread.State: TIMED_WAITING
        at sun.misc.Unsafe.park(Native Method)
        at java.util.concurrent.locks.LockSupport.parkNanos(LockSupport.java:215)
        at java.util.concurrent.locks.AbstractQueuedSynchronizer$ConditionObject.awaitNanos(AbstractQueuedSynchronizer.java:2078)
        at java.util.concurrent.LinkedBlockingQueue.poll(LinkedBlockingQueue.java:467)
        at org.apache.hadoop.ipc.CallQueueManager.take(CallQueueManager.java:317)
        at org.apache.hadoop.ipc.Server$Handler.run(Server.java:3014)
"IPC Server handler 19 on default port 15000" daemon prio=5 tid=72 timed_waiting
java.lang.Thread.State: TIMED_WAITING
        at sun.misc.Unsafe.park(Native Method)
        at java.util.concurrent.locks.LockSupport.parkNanos(LockSupport.java:215)
        at java.util.concurrent.locks.AbstractQueuedSynchronizer$ConditionObject.awaitNanos(AbstractQueuedSynchronizer.java:2078)
        at java.util.concurrent.LinkedBlockingQueue.poll(LinkedBlockingQueue.java:467)
        at org.apache.hadoop.ipc.CallQueueManager.take(CallQueueManager.java:317)
        at org.apache.hadoop.ipc.Server$Handler.run(Server.java:3014)
"IPC Server handler 42 on default port 15000" daemon prio=5 tid=95 timed_waiting
java.lang.Thread.State: TIMED_WAITING
        at sun.misc.Unsafe.park(Native Method)
        at java.util.concurrent.locks.LockSupport.parkNanos(LockSupport.java:215)
        at java.util.concurrent.locks.AbstractQueuedSynchronizer$ConditionObject.awaitNanos(AbstractQueuedSynchronizer.java:2078)
        at java.util.concurrent.LinkedBlockingQueue.poll(LinkedBlockingQueue.java:467)
        at org.apache.hadoop.ipc.CallQueueManager.take(CallQueueManager.java:317)
        at org.apache.hadoop.ipc.Server$Handler.run(Server.java:3014)
"IPC Parameter Sending Thread for localhost/127.0.0.1:15004" daemon prio=5 tid=965 timed_waiting
java.lang.Thread.State: TIMED_WAITING
        at sun.misc.Unsafe.park(Native Method)
        at java.util.concurrent.locks.LockSupport.parkNanos(LockSupport.java:215)
        at java.util.concurrent.SynchronousQueue$TransferQueue.awaitFulfill(SynchronousQueue.java:764)
        at java.util.concurrent.SynchronousQueue$TransferQueue.transfer(SynchronousQueue.java:695)
        at java.util.concurrent.SynchronousQueue.poll(SynchronousQueue.java:941)
        at org.apache.hadoop.ipc.Client$Connection$RpcRequestSender.run(Client.java:1105)
        at java.lang.Thread.run(Thread.java:750)
"om1-SnapshotDirectoryCleaningService#0" daemon prio=5 tid=402 timed_waiting
java.lang.Thread.State: TIMED_WAITING
        at sun.misc.Unsafe.park(Native Method)
        at java.util.concurrent.locks.LockSupport.parkNanos(LockSupport.java:215)
        at java.util.concurrent.locks.AbstractQueuedSynchronizer$ConditionObject.awaitNanos(AbstractQueuedSynchronizer.java:2078)
        at java.util.concurrent.ScheduledThreadPoolExecutor$DelayedWorkQueue.take(ScheduledThreadPoolExecutor.java:1093)
        at java.util.concurrent.ScheduledThreadPoolExecutor$DelayedWorkQueue.take(ScheduledThreadPoolExecutor.java:809)
        at java.util.concurrent.ThreadPoolExecutor.getTask(ThreadPoolExecutor.java:1074)
        at java.util.concurrent.ThreadPoolExecutor.runWorker(ThreadPoolExecutor.java:1134)
        at java.util.concurrent.ThreadPoolExecutor$Worker.run(ThreadPoolExecutor.java:624)
        at java.lang.Thread.run(Thread.java:750)
"20ed7fe7-4274-4f1a-9498-93c5abf09f1c-server-thread1" daemon prio=5 tid=1177 timed_waiting
java.lang.Thread.State: TIMED_WAITING
        at sun.misc.Unsafe.park(Native Method)
        at java.util.concurrent.locks.LockSupport.parkNanos(LockSupport.java:215)
        at java.util.concurrent.SynchronousQueue$TransferStack.awaitFulfill(SynchronousQueue.java:460)
        at java.util.concurrent.SynchronousQueue$TransferStack.transfer(SynchronousQueue.java:362)
        at java.util.concurrent.SynchronousQueue.poll(SynchronousQueue.java:941)
        at java.util.concurrent.ThreadPoolExecutor.getTask(ThreadPoolExecutor.java:1073)
        at java.util.concurrent.ThreadPoolExecutor.runWorker(ThreadPoolExecutor.java:1134)
        at java.util.concurrent.ThreadPoolExecutor$Worker.run(ThreadPoolExecutor.java:624)
        at java.lang.Thread.run(Thread.java:750)
"EventQueue-NodeRegistrationContainerReportForContainerSafeModeRule" daemon prio=5 tid=820 in Object.wait()
java.lang.Thread.State: WAITING (on object monitor)
        at sun.misc.Unsafe.park(Native Method)
        at java.util.concurrent.locks.LockSupport.park(LockSupport.java:175)
        at java.util.concurrent.locks.AbstractQueuedSynchronizer$ConditionObject.await(AbstractQueuedSynchronizer.java:2039)
        at java.util.concurrent.LinkedBlockingQueue.take(LinkedBlockingQueue.java:442)
        at java.util.concurrent.ThreadPoolExecutor.getTask(ThreadPoolExecutor.java:1074)
        at java.util.concurrent.ThreadPoolExecutor.runWorker(ThreadPoolExecutor.java:1134)
        at java.util.concurrent.ThreadPoolExecutor$Worker.run(ThreadPoolExecutor.java:624)
        at java.lang.Thread.run(Thread.java:750)
"IPC Server handler 52 on default port 15002" daemon prio=5 tid=305 timed_waiting
java.lang.Thread.State: TIMED_WAITING
        at sun.misc.Unsafe.park(Native Method)
        at java.util.concurrent.locks.LockSupport.parkNanos(LockSupport.java:215)
        at java.util.concurrent.locks.AbstractQueuedSynchronizer$ConditionObject.awaitNanos(AbstractQueuedSynchronizer.java:2078)
        at java.util.concurrent.LinkedBlockingQueue.poll(LinkedBlockingQueue.java:467)
        at org.apache.hadoop.ipc.CallQueueManager.take(CallQueueManager.java:317)
        at org.apache.hadoop.ipc.Server$Handler.run(Server.java:3014)
"9bdc6c20-c7c2-4cc7-a4be-d4fe59586f4c-DatanodeReportManager-0" daemon prio=5 tid=683 in Object.wait()
java.lang.Thread.State: WAITING (on object monitor)
        at sun.misc.Unsafe.park(Native Method)
        at java.util.concurrent.locks.LockSupport.park(LockSupport.java:175)
        at java.util.concurrent.locks.AbstractQueuedSynchronizer$ConditionObject.await(AbstractQueuedSynchronizer.java:2039)
        at java.util.concurrent.ScheduledThreadPoolExecutor$DelayedWorkQueue.take(ScheduledThreadPoolExecutor.java:1088)
        at java.util.concurrent.ScheduledThreadPoolExecutor$DelayedWorkQueue.take(ScheduledThreadPoolExecutor.java:809)
        at java.util.concurrent.ThreadPoolExecutor.getTask(ThreadPoolExecutor.java:1074)
        at java.util.concurrent.ThreadPoolExecutor.runWorker(ThreadPoolExecutor.java:1134)
        at java.util.concurrent.ThreadPoolExecutor$Worker.run(ThreadPoolExecutor.java:624)
        at java.lang.Thread.run(Thread.java:750)
"qtp634982496-673" daemon prio=5 tid=673 timed_waiting
java.lang.Thread.State: TIMED_WAITING
        at sun.misc.Unsafe.park(Native Method)
        at java.util.concurrent.locks.LockSupport.parkNanos(LockSupport.java:215)
        at java.util.concurrent.locks.AbstractQueuedSynchronizer$ConditionObject.awaitNanos(AbstractQueuedSynchronizer.java:2078)
        at org.eclipse.jetty.util.BlockingArrayQueue.poll(BlockingArrayQueue.java:382)
        at org.eclipse.jetty.util.thread.QueuedThreadPool$Runner.idleJobPoll(QueuedThreadPool.java:974)
        at org.eclipse.jetty.util.thread.QueuedThreadPool$Runner.run(QueuedThreadPool.java:1018)
        at java.lang.Thread.run(Thread.java:750)
"IPC Server handler 55 on default port 15001" daemon prio=5 tid=208 timed_waiting
java.lang.Thread.State: TIMED_WAITING
        at sun.misc.Unsafe.park(Native Method)
        at java.util.concurrent.locks.LockSupport.parkNanos(LockSupport.java:215)
        at java.util.concurrent.locks.AbstractQueuedSynchronizer$ConditionObject.awaitNanos(AbstractQueuedSynchronizer.java:2078)
        at java.util.concurrent.LinkedBlockingQueue.poll(LinkedBlockingQueue.java:467)
        at org.apache.hadoop.ipc.CallQueueManager.take(CallQueueManager.java:317)
        at org.apache.hadoop.ipc.Server$Handler.run(Server.java:3014)
"pool-34-thread-1"  prio=5 tid=356 timed_waiting
java.lang.Thread.State: TIMED_WAITING
        at sun.misc.Unsafe.park(Native Method)
        at java.util.concurrent.locks.LockSupport.parkNanos(LockSupport.java:215)
        at java.util.concurrent.locks.AbstractQueuedSynchronizer$ConditionObject.awaitNanos(AbstractQueuedSynchronizer.java:2078)
        at java.util.concurrent.ScheduledThreadPoolExecutor$DelayedWorkQueue.take(ScheduledThreadPoolExecutor.java:1093)
        at java.util.concurrent.ScheduledThreadPoolExecutor$DelayedWorkQueue.take(ScheduledThreadPoolExecutor.java:809)
        at java.util.concurrent.ThreadPoolExecutor.getTask(ThreadPoolExecutor.java:1074)
        at java.util.concurrent.ThreadPoolExecutor.runWorker(ThreadPoolExecutor.java:1134)
        at java.util.concurrent.ThreadPoolExecutor$Worker.run(ThreadPoolExecutor.java:624)
        at java.lang.Thread.run(Thread.java:750)
"IPC Server handler 46 on default port 15001" daemon prio=5 tid=199 timed_waiting
java.lang.Thread.State: TIMED_WAITING
        at sun.misc.Unsafe.park(Native Method)
        at java.util.concurrent.locks.LockSupport.parkNanos(LockSupport.java:215)
        at java.util.concurrent.locks.AbstractQueuedSynchronizer$ConditionObject.awaitNanos(AbstractQueuedSynchronizer.java:2078)
        at java.util.concurrent.LinkedBlockingQueue.poll(LinkedBlockingQueue.java:467)
        at org.apache.hadoop.ipc.CallQueueManager.take(CallQueueManager.java:317)
        at org.apache.hadoop.ipc.Server$Handler.run(Server.java:3014)
"IPC Server handler 97 on default port 15009" daemon prio=5 tid=568 timed_waiting
java.lang.Thread.State: TIMED_WAITING
        at sun.misc.Unsafe.park(Native Method)
        at java.util.concurrent.locks.LockSupport.parkNanos(LockSupport.java:215)
        at java.util.concurrent.locks.AbstractQueuedSynchronizer$ConditionObject.awaitNanos(AbstractQueuedSynchronizer.java:2078)
        at java.util.concurrent.LinkedBlockingQueue.poll(LinkedBlockingQueue.java:467)
        at org.apache.hadoop.ipc.CallQueueManager.take(CallQueueManager.java:317)
        at org.apache.hadoop.ipc.Server$Handler.run(Server.java:3014)
"7b630919-9d6b-42e9-b08a-8409ae097dea@group-F914C1362A36-cacheEviction-AwaitToRun" daemon prio=5 tid=1141 in Object.wait()
java.lang.Thread.State: WAITING (on object monitor)
        at sun.misc.Unsafe.park(Native Method)
        at java.util.concurrent.locks.LockSupport.park(LockSupport.java:175)
        at java.util.concurrent.locks.AbstractQueuedSynchronizer$ConditionObject.await(AbstractQueuedSynchronizer.java:2039)
        at org.apache.ratis.util.AwaitForSignal.await(AwaitForSignal.java:48)
        at org.apache.ratis.util.AwaitToRun$RunnableImpl.run(AwaitToRun.java:47)
        at java.lang.Thread.run(Thread.java:750)
"IPC Server handler 89 on default port 15000" daemon prio=5 tid=142 timed_waiting
java.lang.Thread.State: TIMED_WAITING
        at sun.misc.Unsafe.park(Native Method)
        at java.util.concurrent.locks.LockSupport.parkNanos(LockSupport.java:215)
        at java.util.concurrent.locks.AbstractQueuedSynchronizer$ConditionObject.awaitNanos(AbstractQueuedSynchronizer.java:2078)
        at java.util.concurrent.LinkedBlockingQueue.poll(LinkedBlockingQueue.java:467)
        at org.apache.hadoop.ipc.CallQueueManager.take(CallQueueManager.java:317)
        at org.apache.hadoop.ipc.Server$Handler.run(Server.java:3014)
"IPC Server handler 3 on default port 15000" daemon prio=5 tid=56 timed_waiting
java.lang.Thread.State: TIMED_WAITING
        at sun.misc.Unsafe.park(Native Method)
        at java.util.concurrent.locks.LockSupport.parkNanos(LockSupport.java:215)
        at java.util.concurrent.locks.AbstractQueuedSynchronizer$ConditionObject.awaitNanos(AbstractQueuedSynchronizer.java:2078)
        at java.util.concurrent.LinkedBlockingQueue.poll(LinkedBlockingQueue.java:467)
        at org.apache.hadoop.ipc.CallQueueManager.take(CallQueueManager.java:317)
        at org.apache.hadoop.ipc.Server$Handler.run(Server.java:3014)
"IPC Server Responder" daemon prio=5 tid=384 runnable
java.lang.Thread.State: RUNNABLE
        at sun.nio.ch.EPollArrayWrapper.epollWait(Native Method)
        at sun.nio.ch.EPollArrayWrapper.poll(EPollArrayWrapper.java:269)
        at sun.nio.ch.EPollSelectorImpl.doSelect(EPollSelectorImpl.java:93)
        at sun.nio.ch.SelectorImpl.lockAndDoSelect(SelectorImpl.java:86)
        at sun.nio.ch.SelectorImpl.select(SelectorImpl.java:97)
        at org.apache.hadoop.ipc.Server$Responder.doRunLoop(Server.java:1582)
        at org.apache.hadoop.ipc.Server$Responder.run(Server.java:1565)
"12adf753-b9bf-4e27-afc1-d809141df6d3@group-F914C1362A36-cacheEviction-AwaitToRun" daemon prio=5 tid=1145 in Object.wait()
java.lang.Thread.State: WAITING (on object monitor)
        at sun.misc.Unsafe.park(Native Method)
        at java.util.concurrent.locks.LockSupport.park(LockSupport.java:175)
        at java.util.concurrent.locks.AbstractQueuedSynchronizer$ConditionObject.await(AbstractQueuedSynchronizer.java:2039)
        at org.apache.ratis.util.AwaitForSignal.await(AwaitForSignal.java:48)
        at org.apache.ratis.util.AwaitToRun$RunnableImpl.run(AwaitToRun.java:47)
        at java.lang.Thread.run(Thread.java:750)
"pool-220-thread-1"  prio=5 tid=694 timed_waiting
java.lang.Thread.State: TIMED_WAITING
        at sun.misc.Unsafe.park(Native Method)
        at java.util.concurrent.locks.LockSupport.parkNanos(LockSupport.java:215)
        at java.util.concurrent.locks.AbstractQueuedSynchronizer$ConditionObject.awaitNanos(AbstractQueuedSynchronizer.java:2078)
        at java.util.concurrent.ScheduledThreadPoolExecutor$DelayedWorkQueue.take(ScheduledThreadPoolExecutor.java:1093)
        at java.util.concurrent.ScheduledThreadPoolExecutor$DelayedWorkQueue.take(ScheduledThreadPoolExecutor.java:809)
        at java.util.concurrent.ThreadPoolExecutor.getTask(ThreadPoolExecutor.java:1074)
        at java.util.concurrent.ThreadPoolExecutor.runWorker(ThreadPoolExecutor.java:1134)
        at java.util.concurrent.ThreadPoolExecutor$Worker.run(ThreadPoolExecutor.java:624)
        at java.lang.Thread.run(Thread.java:750)
"Recon-EventQueue-StaleNodeForReconStaleNodeHandler" daemon prio=5 tid=836 in Object.wait()
java.lang.Thread.State: WAITING (on object monitor)
        at sun.misc.Unsafe.park(Native Method)
        at java.util.concurrent.locks.LockSupport.park(LockSupport.java:175)
        at java.util.concurrent.locks.AbstractQueuedSynchronizer$ConditionObject.await(AbstractQueuedSynchronizer.java:2039)
        at java.util.concurrent.LinkedBlockingQueue.take(LinkedBlockingQueue.java:442)
        at java.util.concurrent.ThreadPoolExecutor.getTask(ThreadPoolExecutor.java:1074)
        at java.util.concurrent.ThreadPoolExecutor.runWorker(ThreadPoolExecutor.java:1134)
        at java.util.concurrent.ThreadPoolExecutor$Worker.run(ThreadPoolExecutor.java:624)
        at java.lang.Thread.run(Thread.java:750)
"SSL Certificates Store Monitor" daemon prio=5 tid=440 in Object.wait()
java.lang.Thread.State: WAITING (on object monitor)
        at java.lang.Object.wait(Native Method)
        at java.lang.Object.wait(Object.java:502)
        at java.util.TimerThread.mainLoop(Timer.java:526)
        at java.util.TimerThread.run(Timer.java:505)
"IPC Server handler 74 on default port 15002" daemon prio=5 tid=327 timed_waiting
java.lang.Thread.State: TIMED_WAITING
        at sun.misc.Unsafe.park(Native Method)
        at java.util.concurrent.locks.LockSupport.parkNanos(LockSupport.java:215)
        at java.util.concurrent.locks.AbstractQueuedSynchronizer$ConditionObject.awaitNanos(AbstractQueuedSynchronizer.java:2078)
        at java.util.concurrent.LinkedBlockingQueue.poll(LinkedBlockingQueue.java:467)
        at org.apache.hadoop.ipc.CallQueueManager.take(CallQueueManager.java:317)
        at org.apache.hadoop.ipc.Server$Handler.run(Server.java:3014)
"IPC Server Responder" daemon prio=5 tid=40 runnable
java.lang.Thread.State: RUNNABLE
        at sun.nio.ch.EPollArrayWrapper.epollWait(Native Method)
        at sun.nio.ch.EPollArrayWrapper.poll(EPollArrayWrapper.java:269)
        at sun.nio.ch.EPollSelectorImpl.doSelect(EPollSelectorImpl.java:93)
        at sun.nio.ch.SelectorImpl.lockAndDoSelect(SelectorImpl.java:86)
        at sun.nio.ch.SelectorImpl.select(SelectorImpl.java:97)
        at org.apache.hadoop.ipc.Server$Responder.doRunLoop(Server.java:1582)
        at org.apache.hadoop.ipc.Server$Responder.run(Server.java:1565)
"Recon-EventQueue-NodeReportForNodeReportHandler" daemon prio=5 tid=829 in Object.wait()
java.lang.Thread.State: WAITING (on object monitor)
        at sun.misc.Unsafe.park(Native Method)
        at java.util.concurrent.locks.LockSupport.park(LockSupport.java:175)
        at java.util.concurrent.locks.AbstractQueuedSynchronizer$ConditionObject.await(AbstractQueuedSynchronizer.java:2039)
        at java.util.concurrent.LinkedBlockingQueue.take(LinkedBlockingQueue.java:442)
        at java.util.concurrent.ThreadPoolExecutor.getTask(ThreadPoolExecutor.java:1074)
        at java.util.concurrent.ThreadPoolExecutor.runWorker(ThreadPoolExecutor.java:1134)
        at java.util.concurrent.ThreadPoolExecutor$Worker.run(ThreadPoolExecutor.java:624)
        at java.lang.Thread.run(Thread.java:750)
"qtp361221719-586" daemon prio=5 tid=586 timed_waiting
java.lang.Thread.State: TIMED_WAITING
        at sun.misc.Unsafe.park(Native Method)
        at java.util.concurrent.locks.LockSupport.parkNanos(LockSupport.java:215)
        at java.util.concurrent.locks.AbstractQueuedSynchronizer$ConditionObject.awaitNanos(AbstractQueuedSynchronizer.java:2078)
        at org.eclipse.jetty.util.BlockingArrayQueue.poll(BlockingArrayQueue.java:382)
        at org.eclipse.jetty.util.thread.QueuedThreadPool$Runner.idleJobPoll(QueuedThreadPool.java:974)
        at org.eclipse.jetty.util.thread.QueuedThreadPool$Runner.run(QueuedThreadPool.java:1018)
        at java.lang.Thread.run(Thread.java:750)
"IPC Server Responder" daemon prio=5 tid=595 runnable
java.lang.Thread.State: RUNNABLE
        at sun.nio.ch.EPollArrayWrapper.epollWait(Native Method)
        at sun.nio.ch.EPollArrayWrapper.poll(EPollArrayWrapper.java:269)
        at sun.nio.ch.EPollSelectorImpl.doSelect(EPollSelectorImpl.java:93)
        at sun.nio.ch.SelectorImpl.lockAndDoSelect(SelectorImpl.java:86)
        at sun.nio.ch.SelectorImpl.select(SelectorImpl.java:97)
        at org.apache.hadoop.ipc.Server$Responder.doRunLoop(Server.java:1582)
        at org.apache.hadoop.ipc.Server$Responder.run(Server.java:1565)
"12adf753-b9bf-4e27-afc1-d809141df6d3-ChunkWriter-1-0" daemon prio=5 tid=751 in Object.wait()
java.lang.Thread.State: WAITING (on object monitor)
        at sun.misc.Unsafe.park(Native Method)
        at java.util.concurrent.locks.LockSupport.park(LockSupport.java:175)
        at java.util.concurrent.locks.AbstractQueuedSynchronizer$ConditionObject.await(AbstractQueuedSynchronizer.java:2039)
        at java.util.concurrent.LinkedBlockingDeque.takeFirst(LinkedBlockingDeque.java:492)
        at java.util.concurrent.LinkedBlockingDeque.take(LinkedBlockingDeque.java:680)
        at java.util.concurrent.ThreadPoolExecutor.getTask(ThreadPoolExecutor.java:1074)
        at java.util.concurrent.ThreadPoolExecutor.runWorker(ThreadPoolExecutor.java:1134)
        at java.util.concurrent.ThreadPoolExecutor$Worker.run(ThreadPoolExecutor.java:624)
        at java.lang.Thread.run(Thread.java:750)
"IPC Server handler 0 on default port 15004" daemon prio=5 tid=414 timed_waiting
java.lang.Thread.State: TIMED_WAITING
        at sun.misc.Unsafe.park(Native Method)
        at java.util.concurrent.locks.LockSupport.parkNanos(LockSupport.java:215)
        at java.util.concurrent.locks.AbstractQueuedSynchronizer$ConditionObject.awaitNanos(AbstractQueuedSynchronizer.java:2078)
        at java.util.concurrent.LinkedBlockingQueue.poll(LinkedBlockingQueue.java:467)
        at org.apache.hadoop.ipc.CallQueueManager.take(CallQueueManager.java:317)
        at org.apache.hadoop.ipc.Server$Handler.run(Server.java:3014)
"7b630919-9d6b-42e9-b08a-8409ae097dea-DatanodeReportManager-4" daemon prio=5 tid=659 in Object.wait()
java.lang.Thread.State: WAITING (on object monitor)
        at sun.misc.Unsafe.park(Native Method)
        at java.util.concurrent.locks.LockSupport.park(LockSupport.java:175)
        at java.util.concurrent.locks.AbstractQueuedSynchronizer$ConditionObject.await(AbstractQueuedSynchronizer.java:2039)
        at java.util.concurrent.ScheduledThreadPoolExecutor$DelayedWorkQueue.take(ScheduledThreadPoolExecutor.java:1088)
        at java.util.concurrent.ScheduledThreadPoolExecutor$DelayedWorkQueue.take(ScheduledThreadPoolExecutor.java:809)
        at java.util.concurrent.ThreadPoolExecutor.getTask(ThreadPoolExecutor.java:1074)
        at java.util.concurrent.ThreadPoolExecutor.runWorker(ThreadPoolExecutor.java:1134)
        at java.util.concurrent.ThreadPoolExecutor$Worker.run(ThreadPoolExecutor.java:624)
        at java.lang.Thread.run(Thread.java:750)
"IPC Server handler 58 on default port 15009" daemon prio=5 tid=529 timed_waiting
java.lang.Thread.State: TIMED_WAITING
        at sun.misc.Unsafe.park(Native Method)
        at java.util.concurrent.locks.LockSupport.parkNanos(LockSupport.java:215)
        at java.util.concurrent.locks.AbstractQueuedSynchronizer$ConditionObject.awaitNanos(AbstractQueuedSynchronizer.java:2078)
        at java.util.concurrent.LinkedBlockingQueue.poll(LinkedBlockingQueue.java:467)
        at org.apache.hadoop.ipc.CallQueueManager.take(CallQueueManager.java:317)
        at org.apache.hadoop.ipc.Server$Handler.run(Server.java:3014)
"IPC Server handler 84 on default port 15002" daemon prio=5 tid=337 timed_waiting
java.lang.Thread.State: TIMED_WAITING
        at sun.misc.Unsafe.park(Native Method)
        at java.util.concurrent.locks.LockSupport.parkNanos(LockSupport.java:215)
        at java.util.concurrent.locks.AbstractQueuedSynchronizer$ConditionObject.awaitNanos(AbstractQueuedSynchronizer.java:2078)
        at java.util.concurrent.LinkedBlockingQueue.poll(LinkedBlockingQueue.java:467)
        at org.apache.hadoop.ipc.CallQueueManager.take(CallQueueManager.java:317)
        at org.apache.hadoop.ipc.Server$Handler.run(Server.java:3014)
"IPC Server handler 69 on default port 15002" daemon prio=5 tid=322 timed_waiting
java.lang.Thread.State: TIMED_WAITING
        at sun.misc.Unsafe.park(Native Method)
        at java.util.concurrent.locks.LockSupport.parkNanos(LockSupport.java:215)
        at java.util.concurrent.locks.AbstractQueuedSynchronizer$ConditionObject.awaitNanos(AbstractQueuedSynchronizer.java:2078)
        at java.util.concurrent.LinkedBlockingQueue.poll(LinkedBlockingQueue.java:467)
        at org.apache.hadoop.ipc.CallQueueManager.take(CallQueueManager.java:317)
        at org.apache.hadoop.ipc.Server$Handler.run(Server.java:3014)
"IPC Server handler 18 on default port 15001" daemon prio=5 tid=171 timed_waiting
java.lang.Thread.State: TIMED_WAITING
        at sun.misc.Unsafe.park(Native Method)
        at java.util.concurrent.locks.LockSupport.parkNanos(LockSupport.java:215)
        at java.util.concurrent.locks.AbstractQueuedSynchronizer$ConditionObject.awaitNanos(AbstractQueuedSynchronizer.java:2078)
        at java.util.concurrent.LinkedBlockingQueue.poll(LinkedBlockingQueue.java:467)
        at org.apache.hadoop.ipc.CallQueueManager.take(CallQueueManager.java:317)
        at org.apache.hadoop.ipc.Server$Handler.run(Server.java:3014)
"20ed7fe7-4274-4f1a-9498-93c5abf09f1c@group-B9059805C83C-StateMachineUpdater" daemon prio=5 tid=885 timed_waiting
java.lang.Thread.State: TIMED_WAITING
        at sun.misc.Unsafe.park(Native Method)
        at java.util.concurrent.locks.LockSupport.parkNanos(LockSupport.java:215)
        at java.util.concurrent.locks.AbstractQueuedSynchronizer$ConditionObject.await(AbstractQueuedSynchronizer.java:2163)
        at org.apache.ratis.util.AwaitForSignal.await(AwaitForSignal.java:65)
        at org.apache.ratis.server.impl.StateMachineUpdater.waitForCommit(StateMachineUpdater.java:211)
        at org.apache.ratis.server.impl.StateMachineUpdater.run(StateMachineUpdater.java:180)
        at java.lang.Thread.run(Thread.java:750)
"IPC Server Responder" daemon prio=5 tid=30 runnable
java.lang.Thread.State: RUNNABLE
        at sun.nio.ch.EPollArrayWrapper.epollWait(Native Method)
        at sun.nio.ch.EPollArrayWrapper.poll(EPollArrayWrapper.java:269)
        at sun.nio.ch.EPollSelectorImpl.doSelect(EPollSelectorImpl.java:93)
        at sun.nio.ch.SelectorImpl.lockAndDoSelect(SelectorImpl.java:86)
        at sun.nio.ch.SelectorImpl.select(SelectorImpl.java:97)
        at org.apache.hadoop.ipc.Server$Responder.doRunLoop(Server.java:1582)
        at org.apache.hadoop.ipc.Server$Responder.run(Server.java:1565)
"IPC Server handler 76 on default port 15009" daemon prio=5 tid=547 timed_waiting
java.lang.Thread.State: TIMED_WAITING
        at sun.misc.Unsafe.park(Native Method)
        at java.util.concurrent.locks.LockSupport.parkNanos(LockSupport.java:215)
        at java.util.concurrent.locks.AbstractQueuedSynchronizer$ConditionObject.awaitNanos(AbstractQueuedSynchronizer.java:2078)
        at java.util.concurrent.LinkedBlockingQueue.poll(LinkedBlockingQueue.java:467)
        at org.apache.hadoop.ipc.CallQueueManager.take(CallQueueManager.java:317)
        at org.apache.hadoop.ipc.Server$Handler.run(Server.java:3014)
"9bdc6c20-c7c2-4cc7-a4be-d4fe59586f4c-EndpointStateMachineTaskThread-/0.0.0.0:15009-0 "  prio=5 tid=781 in Object.wait()
java.lang.Thread.State: WAITING (on object monitor)
        at sun.misc.Unsafe.park(Native Method)
        at java.util.concurrent.locks.LockSupport.park(LockSupport.java:175)
        at java.util.concurrent.locks.AbstractQueuedSynchronizer$ConditionObject.await(AbstractQueuedSynchronizer.java:2039)
        at java.util.concurrent.LinkedBlockingQueue.take(LinkedBlockingQueue.java:442)
        at java.util.concurrent.ThreadPoolExecutor.getTask(ThreadPoolExecutor.java:1074)
        at java.util.concurrent.ThreadPoolExecutor.runWorker(ThreadPoolExecutor.java:1134)
        at java.util.concurrent.ThreadPoolExecutor$Worker.run(ThreadPoolExecutor.java:624)
        at java.lang.Thread.run(Thread.java:750)
"IPC Server handler 70 on default port 15000" daemon prio=5 tid=123 timed_waiting
java.lang.Thread.State: TIMED_WAITING
        at sun.misc.Unsafe.park(Native Method)
        at java.util.concurrent.locks.LockSupport.parkNanos(LockSupport.java:215)
        at java.util.concurrent.locks.AbstractQueuedSynchronizer$ConditionObject.awaitNanos(AbstractQueuedSynchronizer.java:2078)
        at java.util.concurrent.LinkedBlockingQueue.poll(LinkedBlockingQueue.java:467)
        at org.apache.hadoop.ipc.CallQueueManager.take(CallQueueManager.java:317)
        at org.apache.hadoop.ipc.Server$Handler.run(Server.java:3014)
"IPC Server handler 20 on default port 15002" daemon prio=5 tid=273 timed_waiting
java.lang.Thread.State: TIMED_WAITING
        at sun.misc.Unsafe.park(Native Method)
        at java.util.concurrent.locks.LockSupport.parkNanos(LockSupport.java:215)
        at java.util.concurrent.locks.AbstractQueuedSynchronizer$ConditionObject.awaitNanos(AbstractQueuedSynchronizer.java:2078)
        at java.util.concurrent.LinkedBlockingQueue.poll(LinkedBlockingQueue.java:467)
        at org.apache.hadoop.ipc.CallQueueManager.take(CallQueueManager.java:317)
        at org.apache.hadoop.ipc.Server$Handler.run(Server.java:3014)
"IPC Server handler 63 on default port 15001" daemon prio=5 tid=216 timed_waiting
java.lang.Thread.State: TIMED_WAITING
        at sun.misc.Unsafe.park(Native Method)
        at java.util.concurrent.locks.LockSupport.parkNanos(LockSupport.java:215)
        at java.util.concurrent.locks.AbstractQueuedSynchronizer$ConditionObject.awaitNanos(AbstractQueuedSynchronizer.java:2078)
        at java.util.concurrent.LinkedBlockingQueue.poll(LinkedBlockingQueue.java:467)
        at org.apache.hadoop.ipc.CallQueueManager.take(CallQueueManager.java:317)
        at org.apache.hadoop.ipc.Server$Handler.run(Server.java:3014)
"RatisPipelineUtilsThread-0"  prio=5 tid=19 timed_waiting
java.lang.Thread.State: TIMED_WAITING
        at java.lang.Object.wait(Native Method)
        at org.apache.hadoop.hdds.scm.pipeline.BackgroundPipelineCreator.run(BackgroundPipelineCreator.java:179)
        at org.apache.hadoop.hdds.scm.pipeline.BackgroundPipelineCreator$$Lambda$487/1987490489.run(Unknown Source)
        at java.lang.Thread.run(Thread.java:750)
"IPC Server handler 52 on default port 15009" daemon prio=5 tid=523 timed_waiting
java.lang.Thread.State: TIMED_WAITING
        at sun.misc.Unsafe.park(Native Method)
        at java.util.concurrent.locks.LockSupport.parkNanos(LockSupport.java:215)
        at java.util.concurrent.locks.AbstractQueuedSynchronizer$ConditionObject.awaitNanos(AbstractQueuedSynchronizer.java:2078)
        at java.util.concurrent.LinkedBlockingQueue.poll(LinkedBlockingQueue.java:467)
        at org.apache.hadoop.ipc.CallQueueManager.take(CallQueueManager.java:317)
        at org.apache.hadoop.ipc.Server$Handler.run(Server.java:3014)
"9bdc6c20-c7c2-4cc7-a4be-d4fe59586f4c-DatanodeReportManager-2" daemon prio=5 tid=685 in Object.wait()
java.lang.Thread.State: WAITING (on object monitor)
        at sun.misc.Unsafe.park(Native Method)
        at java.util.concurrent.locks.LockSupport.park(LockSupport.java:175)
        at java.util.concurrent.locks.AbstractQueuedSynchronizer$ConditionObject.await(AbstractQueuedSynchronizer.java:2039)
        at java.util.concurrent.ScheduledThreadPoolExecutor$DelayedWorkQueue.take(ScheduledThreadPoolExecutor.java:1088)
        at java.util.concurrent.ScheduledThreadPoolExecutor$DelayedWorkQueue.take(ScheduledThreadPoolExecutor.java:809)
        at java.util.concurrent.ThreadPoolExecutor.getTask(ThreadPoolExecutor.java:1074)
        at java.util.concurrent.ThreadPoolExecutor.runWorker(ThreadPoolExecutor.java:1134)
        at java.util.concurrent.ThreadPoolExecutor$Worker.run(ThreadPoolExecutor.java:624)
        at java.lang.Thread.run(Thread.java:750)
"12adf753-b9bf-4e27-afc1-d809141df6d3-DatanodeReportManager-0" daemon prio=5 tid=627 in Object.wait()
java.lang.Thread.State: WAITING (on object monitor)
        at sun.misc.Unsafe.park(Native Method)
        at java.util.concurrent.locks.LockSupport.park(LockSupport.java:175)
        at java.util.concurrent.locks.AbstractQueuedSynchronizer$ConditionObject.await(AbstractQueuedSynchronizer.java:2039)
        at java.util.concurrent.ScheduledThreadPoolExecutor$DelayedWorkQueue.take(ScheduledThreadPoolExecutor.java:1088)
        at java.util.concurrent.ScheduledThreadPoolExecutor$DelayedWorkQueue.take(ScheduledThreadPoolExecutor.java:809)
        at java.util.concurrent.ThreadPoolExecutor.getTask(ThreadPoolExecutor.java:1074)
        at java.util.concurrent.ThreadPoolExecutor.runWorker(ThreadPoolExecutor.java:1134)
        at java.util.concurrent.ThreadPoolExecutor$Worker.run(ThreadPoolExecutor.java:624)
        at java.lang.Thread.run(Thread.java:750)
"qtp1591256270-412" daemon prio=5 tid=412 timed_waiting
java.lang.Thread.State: TIMED_WAITING
        at sun.misc.Unsafe.park(Native Method)
        at java.util.concurrent.locks.LockSupport.parkNanos(LockSupport.java:215)
        at java.util.concurrent.locks.AbstractQueuedSynchronizer$ConditionObject.awaitNanos(AbstractQueuedSynchronizer.java:2078)
        at org.eclipse.jetty.util.BlockingArrayQueue.poll(BlockingArrayQueue.java:382)
        at org.eclipse.jetty.util.thread.QueuedThreadPool$Runner.idleJobPoll(QueuedThreadPool.java:974)
        at org.eclipse.jetty.util.thread.QueuedThreadPool$Runner.run(QueuedThreadPool.java:1018)
        at java.lang.Thread.run(Thread.java:750)
"9bdc6c20-c7c2-4cc7-a4be-d4fe59586f4c-groupManagement"  prio=5 tid=870 in Object.wait()
java.lang.Thread.State: WAITING (on object monitor)
        at sun.misc.Unsafe.park(Native Method)
        at java.util.concurrent.locks.LockSupport.park(LockSupport.java:175)
        at java.util.concurrent.locks.AbstractQueuedSynchronizer$ConditionObject.await(AbstractQueuedSynchronizer.java:2039)
        at java.util.concurrent.LinkedBlockingQueue.take(LinkedBlockingQueue.java:442)
        at java.util.concurrent.ThreadPoolExecutor.getTask(ThreadPoolExecutor.java:1074)
        at java.util.concurrent.ThreadPoolExecutor.runWorker(ThreadPoolExecutor.java:1134)
        at java.util.concurrent.ThreadPoolExecutor$Worker.run(ThreadPoolExecutor.java:624)
        at java.lang.Thread.run(Thread.java:750)
"IPC Server handler 95 on default port 15001" daemon prio=5 tid=248 timed_waiting
java.lang.Thread.State: TIMED_WAITING
        at sun.misc.Unsafe.park(Native Method)
        at java.util.concurrent.locks.LockSupport.parkNanos(LockSupport.java:215)
        at java.util.concurrent.locks.AbstractQueuedSynchronizer$ConditionObject.awaitNanos(AbstractQueuedSynchronizer.java:2078)
        at java.util.concurrent.LinkedBlockingQueue.poll(LinkedBlockingQueue.java:467)
        at org.apache.hadoop.ipc.CallQueueManager.take(CallQueueManager.java:317)
        at org.apache.hadoop.ipc.Server$Handler.run(Server.java:3014)
"IPC Server handler 59 on default port 15009" daemon prio=5 tid=530 timed_waiting
java.lang.Thread.State: TIMED_WAITING
        at sun.misc.Unsafe.park(Native Method)
        at java.util.concurrent.locks.LockSupport.parkNanos(LockSupport.java:215)
        at java.util.concurrent.locks.AbstractQueuedSynchronizer$ConditionObject.awaitNanos(AbstractQueuedSynchronizer.java:2078)
        at java.util.concurrent.LinkedBlockingQueue.poll(LinkedBlockingQueue.java:467)
        at org.apache.hadoop.ipc.CallQueueManager.take(CallQueueManager.java:317)
        at org.apache.hadoop.ipc.Server$Handler.run(Server.java:3014)
"StaleRecoveringContainerScrubbingService#2" daemon prio=5 tid=1185 in Object.wait()
java.lang.Thread.State: WAITING (on object monitor)
        at sun.misc.Unsafe.park(Native Method)
        at java.util.concurrent.locks.LockSupport.park(LockSupport.java:175)
        at java.util.concurrent.locks.AbstractQueuedSynchronizer$ConditionObject.await(AbstractQueuedSynchronizer.java:2039)
        at java.util.concurrent.ScheduledThreadPoolExecutor$DelayedWorkQueue.take(ScheduledThreadPoolExecutor.java:1088)
        at java.util.concurrent.ScheduledThreadPoolExecutor$DelayedWorkQueue.take(ScheduledThreadPoolExecutor.java:809)
        at java.util.concurrent.ThreadPoolExecutor.getTask(ThreadPoolExecutor.java:1074)
        at java.util.concurrent.ThreadPoolExecutor.runWorker(ThreadPoolExecutor.java:1134)
        at java.util.concurrent.ThreadPoolExecutor$Worker.run(ThreadPoolExecutor.java:624)
        at java.lang.Thread.run(Thread.java:750)
"qtp1287916357-641-acceptor-0@2ee376d1-ServerConnector@65c26015{HTTP/1.1, (http/1.1)}{0.0.0.0:15029}" daemon prio=3 tid=641 runnable
java.lang.Thread.State: RUNNABLE
        at sun.nio.ch.ServerSocketChannelImpl.accept0(Native Method)
        at sun.nio.ch.ServerSocketChannelImpl.accept(ServerSocketChannelImpl.java:421)
        at sun.nio.ch.ServerSocketChannelImpl.accept(ServerSocketChannelImpl.java:249)
        at org.eclipse.jetty.server.ServerConnector.accept(ServerConnector.java:388)
        at org.eclipse.jetty.server.AbstractConnector$Acceptor.run(AbstractConnector.java:704)
        at org.eclipse.jetty.util.thread.QueuedThreadPool.runJob(QueuedThreadPool.java:883)
        at org.eclipse.jetty.util.thread.QueuedThreadPool$Runner.run(QueuedThreadPool.java:1034)
        at java.lang.Thread.run(Thread.java:750)
"IPC Server idle connection scanner for port 15009" daemon prio=5 tid=445 timed_waiting
java.lang.Thread.State: TIMED_WAITING
        at java.lang.Object.wait(Native Method)
        at java.util.TimerThread.mainLoop(Timer.java:552)
        at java.util.TimerThread.run(Timer.java:505)
"IPC Server handler 9 on default port 15009" daemon prio=5 tid=480 timed_waiting
java.lang.Thread.State: TIMED_WAITING
        at sun.misc.Unsafe.park(Native Method)
        at java.util.concurrent.locks.LockSupport.parkNanos(LockSupport.java:215)
        at java.util.concurrent.locks.AbstractQueuedSynchronizer$ConditionObject.awaitNanos(AbstractQueuedSynchronizer.java:2078)
        at java.util.concurrent.LinkedBlockingQueue.poll(LinkedBlockingQueue.java:467)
        at org.apache.hadoop.ipc.CallQueueManager.take(CallQueueManager.java:317)
        at org.apache.hadoop.ipc.Server$Handler.run(Server.java:3014)
"IPC Server handler 84 on default port 15001" daemon prio=5 tid=237 timed_waiting
java.lang.Thread.State: TIMED_WAITING
        at sun.misc.Unsafe.park(Native Method)
        at java.util.concurrent.locks.LockSupport.parkNanos(LockSupport.java:215)
        at java.util.concurrent.locks.AbstractQueuedSynchronizer$ConditionObject.awaitNanos(AbstractQueuedSynchronizer.java:2078)
        at java.util.concurrent.LinkedBlockingQueue.poll(LinkedBlockingQueue.java:467)
        at org.apache.hadoop.ipc.CallQueueManager.take(CallQueueManager.java:317)
        at org.apache.hadoop.ipc.Server$Handler.run(Server.java:3014)
"IPC Server handler 68 on default port 15009" daemon prio=5 tid=539 timed_waiting
java.lang.Thread.State: TIMED_WAITING
        at sun.misc.Unsafe.park(Native Method)
        at java.util.concurrent.locks.LockSupport.parkNanos(LockSupport.java:215)
        at java.util.concurrent.locks.AbstractQueuedSynchronizer$ConditionObject.awaitNanos(AbstractQueuedSynchronizer.java:2078)
        at java.util.concurrent.LinkedBlockingQueue.poll(LinkedBlockingQueue.java:467)
        at org.apache.hadoop.ipc.CallQueueManager.take(CallQueueManager.java:317)
        at org.apache.hadoop.ipc.Server$Handler.run(Server.java:3014)
"IPC Server handler 33 on default port 15000" daemon prio=5 tid=86 timed_waiting
java.lang.Thread.State: TIMED_WAITING
        at sun.misc.Unsafe.park(Native Method)
        at java.util.concurrent.locks.LockSupport.parkNanos(LockSupport.java:215)
        at java.util.concurrent.locks.AbstractQueuedSynchronizer$ConditionObject.awaitNanos(AbstractQueuedSynchronizer.java:2078)
        at java.util.concurrent.LinkedBlockingQueue.poll(LinkedBlockingQueue.java:467)
        at org.apache.hadoop.ipc.CallQueueManager.take(CallQueueManager.java:317)
        at org.apache.hadoop.ipc.Server$Handler.run(Server.java:3014)
"IPC Server handler 5 on default port 15000" daemon prio=5 tid=58 timed_waiting
java.lang.Thread.State: TIMED_WAITING
        at sun.misc.Unsafe.park(Native Method)
        at java.util.concurrent.locks.LockSupport.parkNanos(LockSupport.java:215)
        at java.util.concurrent.locks.AbstractQueuedSynchronizer$ConditionObject.awaitNanos(AbstractQueuedSynchronizer.java:2078)
        at java.util.concurrent.LinkedBlockingQueue.poll(LinkedBlockingQueue.java:467)
        at org.apache.hadoop.ipc.CallQueueManager.take(CallQueueManager.java:317)
        at org.apache.hadoop.ipc.Server$Handler.run(Server.java:3014)
"IPC Server handler 33 on default port 15002" daemon prio=5 tid=286 timed_waiting
java.lang.Thread.State: TIMED_WAITING
        at sun.misc.Unsafe.park(Native Method)
        at java.util.concurrent.locks.LockSupport.parkNanos(LockSupport.java:215)
        at java.util.concurrent.locks.AbstractQueuedSynchronizer$ConditionObject.awaitNanos(AbstractQueuedSynchronizer.java:2078)
        at java.util.concurrent.LinkedBlockingQueue.poll(LinkedBlockingQueue.java:467)
        at org.apache.hadoop.ipc.CallQueueManager.take(CallQueueManager.java:317)
        at org.apache.hadoop.ipc.Server$Handler.run(Server.java:3014)
"Socket Reader #1 for port 15000"  prio=5 tid=38 runnable
java.lang.Thread.State: RUNNABLE
        at sun.nio.ch.EPollArrayWrapper.epollWait(Native Method)
        at sun.nio.ch.EPollArrayWrapper.poll(EPollArrayWrapper.java:269)
        at sun.nio.ch.EPollSelectorImpl.doSelect(EPollSelectorImpl.java:93)
        at sun.nio.ch.SelectorImpl.lockAndDoSelect(SelectorImpl.java:86)
        at sun.nio.ch.SelectorImpl.select(SelectorImpl.java:97)
        at sun.nio.ch.SelectorImpl.select(SelectorImpl.java:101)
        at org.apache.hadoop.ipc.Server$Listener$Reader.doRunLoop(Server.java:1346)
        at org.apache.hadoop.ipc.Server$Listener$Reader.run(Server.java:1325)
"IPC Server handler 33 on default port 15009" daemon prio=5 tid=504 timed_waiting
java.lang.Thread.State: TIMED_WAITING
        at sun.misc.Unsafe.park(Native Method)
        at java.util.concurrent.locks.LockSupport.parkNanos(LockSupport.java:215)
        at java.util.concurrent.locks.AbstractQueuedSynchronizer$ConditionObject.awaitNanos(AbstractQueuedSynchronizer.java:2078)
        at java.util.concurrent.LinkedBlockingQueue.poll(LinkedBlockingQueue.java:467)
        at org.apache.hadoop.ipc.CallQueueManager.take(CallQueueManager.java:317)
        at org.apache.hadoop.ipc.Server$Handler.run(Server.java:3014)
"Session-HouseKeeper-19edd393-1"  prio=5 tid=703 timed_waiting
java.lang.Thread.State: TIMED_WAITING
        at sun.misc.Unsafe.park(Native Method)
        at java.util.concurrent.locks.LockSupport.parkNanos(LockSupport.java:215)
        at java.util.concurrent.locks.AbstractQueuedSynchronizer$ConditionObject.awaitNanos(AbstractQueuedSynchronizer.java:2078)
        at java.util.concurrent.ScheduledThreadPoolExecutor$DelayedWorkQueue.take(ScheduledThreadPoolExecutor.java:1093)
        at java.util.concurrent.ScheduledThreadPoolExecutor$DelayedWorkQueue.take(ScheduledThreadPoolExecutor.java:809)
        at java.util.concurrent.ThreadPoolExecutor.getTask(ThreadPoolExecutor.java:1074)
        at java.util.concurrent.ThreadPoolExecutor.runWorker(ThreadPoolExecutor.java:1134)
        at java.util.concurrent.ThreadPoolExecutor$Worker.run(ThreadPoolExecutor.java:624)
        at java.lang.Thread.run(Thread.java:750)
"IPC Server handler 9 on default port 15001" daemon prio=5 tid=162 timed_waiting
java.lang.Thread.State: TIMED_WAITING
        at sun.misc.Unsafe.park(Native Method)
        at java.util.concurrent.locks.LockSupport.parkNanos(LockSupport.java:215)
        at java.util.concurrent.locks.AbstractQueuedSynchronizer$ConditionObject.awaitNanos(AbstractQueuedSynchronizer.java:2078)
        at java.util.concurrent.LinkedBlockingQueue.poll(LinkedBlockingQueue.java:467)
        at org.apache.hadoop.ipc.CallQueueManager.take(CallQueueManager.java:317)
        at org.apache.hadoop.ipc.Server$Handler.run(Server.java:3014)
"IPC Server idle connection scanner for port 15004" daemon prio=5 tid=383 timed_waiting
java.lang.Thread.State: TIMED_WAITING
        at java.lang.Object.wait(Native Method)
        at java.util.TimerThread.mainLoop(Timer.java:552)
        at java.util.TimerThread.run(Timer.java:505)
"IPC Server handler 51 on default port 15002" daemon prio=5 tid=304 timed_waiting
java.lang.Thread.State: TIMED_WAITING
        at sun.misc.Unsafe.park(Native Method)
        at java.util.concurrent.locks.LockSupport.parkNanos(LockSupport.java:215)
        at java.util.concurrent.locks.AbstractQueuedSynchronizer$ConditionObject.awaitNanos(AbstractQueuedSynchronizer.java:2078)
        at java.util.concurrent.LinkedBlockingQueue.poll(LinkedBlockingQueue.java:467)
        at org.apache.hadoop.ipc.CallQueueManager.take(CallQueueManager.java:317)
        at org.apache.hadoop.ipc.Server$Handler.run(Server.java:3014)
"Session-HouseKeeper-61ff7012-1"  prio=5 tid=466 timed_waiting
java.lang.Thread.State: TIMED_WAITING
        at sun.misc.Unsafe.park(Native Method)
        at java.util.concurrent.locks.LockSupport.parkNanos(LockSupport.java:215)
        at java.util.concurrent.locks.AbstractQueuedSynchronizer$ConditionObject.awaitNanos(AbstractQueuedSynchronizer.java:2078)
        at java.util.concurrent.ScheduledThreadPoolExecutor$DelayedWorkQueue.take(ScheduledThreadPoolExecutor.java:1093)
        at java.util.concurrent.ScheduledThreadPoolExecutor$DelayedWorkQueue.take(ScheduledThreadPoolExecutor.java:809)
        at java.util.concurrent.ThreadPoolExecutor.getTask(ThreadPoolExecutor.java:1074)
        at java.util.concurrent.ThreadPoolExecutor.runWorker(ThreadPoolExecutor.java:1134)
        at java.util.concurrent.ThreadPoolExecutor$Worker.run(ThreadPoolExecutor.java:624)
        at java.lang.Thread.run(Thread.java:750)
"Session-HouseKeeper-76ade9ef-1"  prio=5 tid=413 timed_waiting
java.lang.Thread.State: TIMED_WAITING
        at sun.misc.Unsafe.park(Native Method)
        at java.util.concurrent.locks.LockSupport.parkNanos(LockSupport.java:215)
        at java.util.concurrent.locks.AbstractQueuedSynchronizer$ConditionObject.awaitNanos(AbstractQueuedSynchronizer.java:2078)
        at java.util.concurrent.ScheduledThreadPoolExecutor$DelayedWorkQueue.take(ScheduledThreadPoolExecutor.java:1093)
        at java.util.concurrent.ScheduledThreadPoolExecutor$DelayedWorkQueue.take(ScheduledThreadPoolExecutor.java:809)
        at java.util.concurrent.ThreadPoolExecutor.getTask(ThreadPoolExecutor.java:1074)
        at java.util.concurrent.ThreadPoolExecutor.runWorker(ThreadPoolExecutor.java:1134)
        at java.util.concurrent.ThreadPoolExecutor$Worker.run(ThreadPoolExecutor.java:624)
        at java.lang.Thread.run(Thread.java:750)
"IPC Server handler 73 on default port 15000" daemon prio=5 tid=126 timed_waiting
java.lang.Thread.State: TIMED_WAITING
        at sun.misc.Unsafe.park(Native Method)
        at java.util.concurrent.locks.LockSupport.parkNanos(LockSupport.java:215)
        at java.util.concurrent.locks.AbstractQueuedSynchronizer$ConditionObject.awaitNanos(AbstractQueuedSynchronizer.java:2078)
        at java.util.concurrent.LinkedBlockingQueue.poll(LinkedBlockingQueue.java:467)
        at org.apache.hadoop.ipc.CallQueueManager.take(CallQueueManager.java:317)
        at org.apache.hadoop.ipc.Server$Handler.run(Server.java:3014)
"IPC Server handler 39 on default port 15002" daemon prio=5 tid=292 timed_waiting
java.lang.Thread.State: TIMED_WAITING
        at sun.misc.Unsafe.park(Native Method)
        at java.util.concurrent.locks.LockSupport.parkNanos(LockSupport.java:215)
        at java.util.concurrent.locks.AbstractQueuedSynchronizer$ConditionObject.awaitNanos(AbstractQueuedSynchronizer.java:2078)
        at java.util.concurrent.LinkedBlockingQueue.poll(LinkedBlockingQueue.java:467)
        at org.apache.hadoop.ipc.CallQueueManager.take(CallQueueManager.java:317)
        at org.apache.hadoop.ipc.Server$Handler.run(Server.java:3014)
"9bdc6c20-c7c2-4cc7-a4be-d4fe59586f4c-ChunkWriter-1-0" daemon prio=5 tid=789 in Object.wait()
java.lang.Thread.State: WAITING (on object monitor)
        at sun.misc.Unsafe.park(Native Method)
        at java.util.concurrent.locks.LockSupport.park(LockSupport.java:175)
        at java.util.concurrent.locks.AbstractQueuedSynchronizer$ConditionObject.await(AbstractQueuedSynchronizer.java:2039)
        at java.util.concurrent.LinkedBlockingDeque.takeFirst(LinkedBlockingDeque.java:492)
        at java.util.concurrent.LinkedBlockingDeque.take(LinkedBlockingDeque.java:680)
        at java.util.concurrent.ThreadPoolExecutor.getTask(ThreadPoolExecutor.java:1074)
        at java.util.concurrent.ThreadPoolExecutor.runWorker(ThreadPoolExecutor.java:1134)
        at java.util.concurrent.ThreadPoolExecutor$Worker.run(ThreadPoolExecutor.java:624)
        at java.lang.Thread.run(Thread.java:750)
"om1-OpenKeyCleanupService#0" daemon prio=5 tid=399 timed_waiting
java.lang.Thread.State: TIMED_WAITING
        at sun.misc.Unsafe.park(Native Method)
        at java.util.concurrent.locks.LockSupport.parkNanos(LockSupport.java:215)
        at java.util.concurrent.locks.AbstractQueuedSynchronizer$ConditionObject.awaitNanos(AbstractQueuedSynchronizer.java:2078)
        at java.util.concurrent.ScheduledThreadPoolExecutor$DelayedWorkQueue.take(ScheduledThreadPoolExecutor.java:1093)
        at java.util.concurrent.ScheduledThreadPoolExecutor$DelayedWorkQueue.take(ScheduledThreadPoolExecutor.java:809)
        at java.util.concurrent.ThreadPoolExecutor.getTask(ThreadPoolExecutor.java:1074)
        at java.util.concurrent.ThreadPoolExecutor.runWorker(ThreadPoolExecutor.java:1134)
        at java.util.concurrent.ThreadPoolExecutor$Worker.run(ThreadPoolExecutor.java:624)
        at java.lang.Thread.run(Thread.java:750)
"9bdc6c20-c7c2-4cc7-a4be-d4fe59586f4c-ChunkWriter-3-0" daemon prio=5 tid=791 in Object.wait()
java.lang.Thread.State: WAITING (on object monitor)
        at sun.misc.Unsafe.park(Native Method)
        at java.util.concurrent.locks.LockSupport.park(LockSupport.java:175)
        at java.util.concurrent.locks.AbstractQueuedSynchronizer$ConditionObject.await(AbstractQueuedSynchronizer.java:2039)
        at java.util.concurrent.LinkedBlockingDeque.takeFirst(LinkedBlockingDeque.java:492)
        at java.util.concurrent.LinkedBlockingDeque.take(LinkedBlockingDeque.java:680)
        at java.util.concurrent.ThreadPoolExecutor.getTask(ThreadPoolExecutor.java:1074)
        at java.util.concurrent.ThreadPoolExecutor.runWorker(ThreadPoolExecutor.java:1134)
        at java.util.concurrent.ThreadPoolExecutor$Worker.run(ThreadPoolExecutor.java:624)
        at java.lang.Thread.run(Thread.java:750)
"IPC Server handler 75 on default port 15002" daemon prio=5 tid=328 timed_waiting
java.lang.Thread.State: TIMED_WAITING
        at sun.misc.Unsafe.park(Native Method)
        at java.util.concurrent.locks.LockSupport.parkNanos(LockSupport.java:215)
        at java.util.concurrent.locks.AbstractQueuedSynchronizer$ConditionObject.awaitNanos(AbstractQueuedSynchronizer.java:2078)
        at java.util.concurrent.LinkedBlockingQueue.poll(LinkedBlockingQueue.java:467)
        at org.apache.hadoop.ipc.CallQueueManager.take(CallQueueManager.java:317)
        at org.apache.hadoop.ipc.Server$Handler.run(Server.java:3014)
"12adf753-b9bf-4e27-afc1-d809141df6d3-CommandProcessorThread" daemon prio=5 tid=632 timed_waiting
java.lang.Thread.State: TIMED_WAITING
        at java.lang.Thread.sleep(Native Method)
        at org.apache.hadoop.ozone.container.common.statemachine.DatanodeStateMachine.lambda$initCommandHandlerThread$4(DatanodeStateMachine.java:684)
        at org.apache.hadoop.ozone.container.common.statemachine.DatanodeStateMachine$$Lambda$1389/1074834806.run(Unknown Source)
        at java.lang.Thread.run(Thread.java:750)
"PipelineSyncTask" daemon prio=5 tid=573 timed_waiting
java.lang.Thread.State: TIMED_WAITING
        at java.lang.Thread.sleep(Native Method)
        at org.apache.hadoop.ozone.recon.scm.PipelineSyncTask.run(PipelineSyncTask.java:76)
        at org.apache.hadoop.ozone.recon.scm.ReconScmTask$$Lambda$1300/397379011.run(Unknown Source)
        at java.lang.Thread.run(Thread.java:750)
"IPC Server handler 17 on default port 15009" daemon prio=5 tid=488 timed_waiting
java.lang.Thread.State: TIMED_WAITING
        at sun.misc.Unsafe.park(Native Method)
        at java.util.concurrent.locks.LockSupport.parkNanos(LockSupport.java:215)
        at java.util.concurrent.locks.AbstractQueuedSynchronizer$ConditionObject.awaitNanos(AbstractQueuedSynchronizer.java:2078)
        at java.util.concurrent.LinkedBlockingQueue.poll(LinkedBlockingQueue.java:467)
        at org.apache.hadoop.ipc.CallQueueManager.take(CallQueueManager.java:317)
        at org.apache.hadoop.ipc.Server$Handler.run(Server.java:3014)
"IPC Server handler 87 on default port 15009" daemon prio=5 tid=558 timed_waiting
java.lang.Thread.State: TIMED_WAITING
        at sun.misc.Unsafe.park(Native Method)
        at java.util.concurrent.locks.LockSupport.parkNanos(LockSupport.java:215)
        at java.util.concurrent.locks.AbstractQueuedSynchronizer$ConditionObject.awaitNanos(AbstractQueuedSynchronizer.java:2078)
        at java.util.concurrent.LinkedBlockingQueue.poll(LinkedBlockingQueue.java:467)
        at org.apache.hadoop.ipc.CallQueueManager.take(CallQueueManager.java:317)
        at org.apache.hadoop.ipc.Server$Handler.run(Server.java:3014)
"pool-177-thread-1" daemon prio=5 tid=785 timed_waiting
java.lang.Thread.State: TIMED_WAITING
        at sun.misc.Unsafe.park(Native Method)
        at java.util.concurrent.locks.LockSupport.parkNanos(LockSupport.java:215)
        at java.util.concurrent.locks.AbstractQueuedSynchronizer$ConditionObject.awaitNanos(AbstractQueuedSynchronizer.java:2078)
        at java.util.concurrent.ScheduledThreadPoolExecutor$DelayedWorkQueue.take(ScheduledThreadPoolExecutor.java:1093)
        at java.util.concurrent.ScheduledThreadPoolExecutor$DelayedWorkQueue.take(ScheduledThreadPoolExecutor.java:809)
        at java.util.concurrent.ThreadPoolExecutor.getTask(ThreadPoolExecutor.java:1074)
        at java.util.concurrent.ThreadPoolExecutor.runWorker(ThreadPoolExecutor.java:1134)
        at java.util.concurrent.ThreadPoolExecutor$Worker.run(ThreadPoolExecutor.java:624)
        at java.lang.Thread.run(Thread.java:750)
"IPC Server handler 87 on default port 15002" daemon prio=5 tid=340 timed_waiting
java.lang.Thread.State: TIMED_WAITING
        at sun.misc.Unsafe.park(Native Method)
        at java.util.concurrent.locks.LockSupport.parkNanos(LockSupport.java:215)
        at java.util.concurrent.locks.AbstractQueuedSynchronizer$ConditionObject.awaitNanos(AbstractQueuedSynchronizer.java:2078)
        at java.util.concurrent.LinkedBlockingQueue.poll(LinkedBlockingQueue.java:467)
        at org.apache.hadoop.ipc.CallQueueManager.take(CallQueueManager.java:317)
        at org.apache.hadoop.ipc.Server$Handler.run(Server.java:3014)
"IPC Server handler 35 on default port 15001" daemon prio=5 tid=188 timed_waiting
java.lang.Thread.State: TIMED_WAITING
        at sun.misc.Unsafe.park(Native Method)
        at java.util.concurrent.locks.LockSupport.parkNanos(LockSupport.java:215)
        at java.util.concurrent.locks.AbstractQueuedSynchronizer$ConditionObject.awaitNanos(AbstractQueuedSynchronizer.java:2078)
        at java.util.concurrent.LinkedBlockingQueue.poll(LinkedBlockingQueue.java:467)
        at org.apache.hadoop.ipc.CallQueueManager.take(CallQueueManager.java:317)
        at org.apache.hadoop.ipc.Server$Handler.run(Server.java:3014)
"IPC Server handler 43 on default port 15000" daemon prio=5 tid=96 timed_waiting
java.lang.Thread.State: TIMED_WAITING
        at sun.misc.Unsafe.park(Native Method)
        at java.util.concurrent.locks.LockSupport.parkNanos(LockSupport.java:215)
        at java.util.concurrent.locks.AbstractQueuedSynchronizer$ConditionObject.awaitNanos(AbstractQueuedSynchronizer.java:2078)
        at java.util.concurrent.LinkedBlockingQueue.poll(LinkedBlockingQueue.java:467)
        at org.apache.hadoop.ipc.CallQueueManager.take(CallQueueManager.java:317)
        at org.apache.hadoop.ipc.Server$Handler.run(Server.java:3014)
"IPC Server handler 13 on default port 15004" daemon prio=5 tid=427 timed_waiting
java.lang.Thread.State: TIMED_WAITING
        at sun.misc.Unsafe.park(Native Method)
        at java.util.concurrent.locks.LockSupport.parkNanos(LockSupport.java:215)
        at java.util.concurrent.locks.AbstractQueuedSynchronizer$ConditionObject.awaitNanos(AbstractQueuedSynchronizer.java:2078)
        at java.util.concurrent.LinkedBlockingQueue.poll(LinkedBlockingQueue.java:467)
        at org.apache.hadoop.ipc.CallQueueManager.take(CallQueueManager.java:317)
        at org.apache.hadoop.ipc.Server$Handler.run(Server.java:3014)
"ContainerDataScanner(/home/runner/work/ozone/ozone/hadoop-ozone/integration-test/target/test-dir/MiniOzoneClusterImpl-b6d037e4-5d8b-4372-b4a2-3c33797d8bad/ozone-meta/datanode-2/data-0/hdds)" daemon prio=5 tid=749 timed_waiting
java.lang.Thread.State: TIMED_WAITING
        at java.lang.Thread.sleep(Native Method)
        at org.apache.hadoop.ozone.container.ozoneimpl.AbstractBackgroundContainerScanner.handleRemainingSleep(AbstractBackgroundContainerScanner.java:131)
        at org.apache.hadoop.ozone.container.ozoneimpl.AbstractBackgroundContainerScanner.runIteration(AbstractBackgroundContainerScanner.java:98)
        at org.apache.hadoop.ozone.container.ozoneimpl.AbstractBackgroundContainerScanner.run(AbstractBackgroundContainerScanner.java:57)
"IPC Server handler 62 on default port 15001" daemon prio=5 tid=215 timed_waiting
java.lang.Thread.State: TIMED_WAITING
        at sun.misc.Unsafe.park(Native Method)
        at java.util.concurrent.locks.LockSupport.parkNanos(LockSupport.java:215)
        at java.util.concurrent.locks.AbstractQueuedSynchronizer$ConditionObject.awaitNanos(AbstractQueuedSynchronizer.java:2078)
        at java.util.concurrent.LinkedBlockingQueue.poll(LinkedBlockingQueue.java:467)
        at org.apache.hadoop.ipc.CallQueueManager.take(CallQueueManager.java:317)
        at org.apache.hadoop.ipc.Server$Handler.run(Server.java:3014)
"EventQueue-DatanodeCommandForSCMNodeManager"  prio=5 tid=824 in Object.wait()
java.lang.Thread.State: WAITING (on object monitor)
        at sun.misc.Unsafe.park(Native Method)
        at java.util.concurrent.locks.LockSupport.park(LockSupport.java:175)
        at java.util.concurrent.locks.AbstractQueuedSynchronizer$ConditionObject.await(AbstractQueuedSynchronizer.java:2039)
        at java.util.concurrent.LinkedBlockingQueue.take(LinkedBlockingQueue.java:442)
        at java.util.concurrent.ThreadPoolExecutor.getTask(ThreadPoolExecutor.java:1074)
        at java.util.concurrent.ThreadPoolExecutor.runWorker(ThreadPoolExecutor.java:1134)
        at java.util.concurrent.ThreadPoolExecutor$Worker.run(ThreadPoolExecutor.java:624)
        at java.lang.Thread.run(Thread.java:750)
"IPC Server handler 5 on default port 15002" daemon prio=5 tid=258 timed_waiting
java.lang.Thread.State: TIMED_WAITING
        at sun.misc.Unsafe.park(Native Method)
        at java.util.concurrent.locks.LockSupport.parkNanos(LockSupport.java:215)
        at java.util.concurrent.locks.AbstractQueuedSynchronizer$ConditionObject.awaitNanos(AbstractQueuedSynchronizer.java:2078)
        at java.util.concurrent.LinkedBlockingQueue.poll(LinkedBlockingQueue.java:467)
        at org.apache.hadoop.ipc.CallQueueManager.take(CallQueueManager.java:317)
        at org.apache.hadoop.ipc.Server$Handler.run(Server.java:3014)
"qtp1618613611-696" daemon prio=5 tid=696 runnable
java.lang.Thread.State: RUNNABLE
        at sun.nio.ch.EPollArrayWrapper.epollWait(Native Method)
        at sun.nio.ch.EPollArrayWrapper.poll(EPollArrayWrapper.java:269)
        at sun.nio.ch.EPollSelectorImpl.doSelect(EPollSelectorImpl.java:93)
        at sun.nio.ch.SelectorImpl.lockAndDoSelect(SelectorImpl.java:86)
        at sun.nio.ch.SelectorImpl.select(SelectorImpl.java:97)
        at sun.nio.ch.SelectorImpl.select(SelectorImpl.java:101)
        at org.eclipse.jetty.io.ManagedSelector.nioSelect(ManagedSelector.java:183)
        at org.eclipse.jetty.io.ManagedSelector.select(ManagedSelector.java:190)
        at org.eclipse.jetty.io.ManagedSelector$SelectorProducer.select(ManagedSelector.java:606)
        at org.eclipse.jetty.io.ManagedSelector$SelectorProducer.produce(ManagedSelector.java:543)
        at org.eclipse.jetty.util.thread.strategy.EatWhatYouKill.produceTask(EatWhatYouKill.java:362)
        at org.eclipse.jetty.util.thread.strategy.EatWhatYouKill.doProduce(EatWhatYouKill.java:186)
        at org.eclipse.jetty.util.thread.strategy.EatWhatYouKill.tryProduce(EatWhatYouKill.java:173)
        at org.eclipse.jetty.util.thread.strategy.EatWhatYouKill.produce(EatWhatYouKill.java:137)
        at org.eclipse.jetty.io.ManagedSelector$$Lambda$594/551825973.run(Unknown Source)
        at org.eclipse.jetty.util.thread.QueuedThreadPool.runJob(QueuedThreadPool.java:883)
        at org.eclipse.jetty.util.thread.QueuedThreadPool$Runner.run(QueuedThreadPool.java:1034)
        at java.lang.Thread.run(Thread.java:750)
"IPC Server handler 92 on default port 15009" daemon prio=5 tid=563 timed_waiting
java.lang.Thread.State: TIMED_WAITING
        at sun.misc.Unsafe.park(Native Method)
        at java.util.concurrent.locks.LockSupport.parkNanos(LockSupport.java:215)
        at java.util.concurrent.locks.AbstractQueuedSynchronizer$ConditionObject.awaitNanos(AbstractQueuedSynchronizer.java:2078)
        at java.util.concurrent.LinkedBlockingQueue.poll(LinkedBlockingQueue.java:467)
        at org.apache.hadoop.ipc.CallQueueManager.take(CallQueueManager.java:317)
        at org.apache.hadoop.ipc.Server$Handler.run(Server.java:3014)
"IPC Server handler 77 on default port 15002" daemon prio=5 tid=330 timed_waiting
java.lang.Thread.State: TIMED_WAITING
        at sun.misc.Unsafe.park(Native Method)
        at java.util.concurrent.locks.LockSupport.parkNanos(LockSupport.java:215)
        at java.util.concurrent.locks.AbstractQueuedSynchronizer$ConditionObject.awaitNanos(AbstractQueuedSynchronizer.java:2078)
        at java.util.concurrent.LinkedBlockingQueue.poll(LinkedBlockingQueue.java:467)
        at org.apache.hadoop.ipc.CallQueueManager.take(CallQueueManager.java:317)
        at org.apache.hadoop.ipc.Server$Handler.run(Server.java:3014)
"om1@group-C5BA1605619E-LeaderStateImpl" daemon prio=5 tid=438 timed_waiting
java.lang.Thread.State: TIMED_WAITING
        at sun.misc.Unsafe.park(Native Method)
        at java.util.concurrent.locks.LockSupport.parkNanos(LockSupport.java:215)
        at java.util.concurrent.locks.AbstractQueuedSynchronizer$ConditionObject.awaitNanos(AbstractQueuedSynchronizer.java:2078)
        at java.util.concurrent.ArrayBlockingQueue.poll(ArrayBlockingQueue.java:418)
        at org.apache.ratis.server.impl.LeaderStateImpl$EventQueue.poll(LeaderStateImpl.java:164)
        at org.apache.ratis.server.impl.LeaderStateImpl$EventProcessor.run(LeaderStateImpl.java:762)
"qtp634982496-672" daemon prio=5 tid=672 timed_waiting
java.lang.Thread.State: TIMED_WAITING
        at sun.misc.Unsafe.park(Native Method)
        at java.util.concurrent.locks.LockSupport.parkNanos(LockSupport.java:215)
        at java.util.concurrent.locks.AbstractQueuedSynchronizer$ConditionObject.awaitNanos(AbstractQueuedSynchronizer.java:2078)
        at org.eclipse.jetty.util.BlockingArrayQueue.poll(BlockingArrayQueue.java:382)
        at org.eclipse.jetty.util.thread.QueuedThreadPool$Runner.idleJobPoll(QueuedThreadPool.java:974)
        at org.eclipse.jetty.util.thread.QueuedThreadPool$Runner.run(QueuedThreadPool.java:1018)
        at java.lang.Thread.run(Thread.java:750)
"IPC Server handler 43 on default port 15002" daemon prio=5 tid=296 timed_waiting
java.lang.Thread.State: TIMED_WAITING
        at sun.misc.Unsafe.park(Native Method)
        at java.util.concurrent.locks.LockSupport.parkNanos(LockSupport.java:215)
        at java.util.concurrent.locks.AbstractQueuedSynchronizer$ConditionObject.awaitNanos(AbstractQueuedSynchronizer.java:2078)
        at java.util.concurrent.LinkedBlockingQueue.poll(LinkedBlockingQueue.java:467)
        at org.apache.hadoop.ipc.CallQueueManager.take(CallQueueManager.java:317)
        at org.apache.hadoop.ipc.Server$Handler.run(Server.java:3014)
"9bdc6c20-c7c2-4cc7-a4be-d4fe59586f4c-PipelineCommandHandlerThread-0"  prio=5 tid=869 in Object.wait()
java.lang.Thread.State: WAITING (on object monitor)
        at sun.misc.Unsafe.park(Native Method)
        at java.util.concurrent.locks.LockSupport.park(LockSupport.java:175)
        at java.util.concurrent.locks.AbstractQueuedSynchronizer$ConditionObject.await(AbstractQueuedSynchronizer.java:2039)
        at java.util.concurrent.LinkedBlockingQueue.take(LinkedBlockingQueue.java:442)
        at java.util.concurrent.ThreadPoolExecutor.getTask(ThreadPoolExecutor.java:1074)
        at java.util.concurrent.ThreadPoolExecutor.runWorker(ThreadPoolExecutor.java:1134)
        at java.util.concurrent.ThreadPoolExecutor$Worker.run(ThreadPoolExecutor.java:624)
        at java.lang.Thread.run(Thread.java:750)
"IPC Server handler 11 on default port 15009" daemon prio=5 tid=482 timed_waiting
java.lang.Thread.State: TIMED_WAITING
        at sun.misc.Unsafe.park(Native Method)
        at java.util.concurrent.locks.LockSupport.parkNanos(LockSupport.java:215)
        at java.util.concurrent.locks.AbstractQueuedSynchronizer$ConditionObject.awaitNanos(AbstractQueuedSynchronizer.java:2078)
        at java.util.concurrent.LinkedBlockingQueue.poll(LinkedBlockingQueue.java:467)
        at org.apache.hadoop.ipc.CallQueueManager.take(CallQueueManager.java:317)
        at org.apache.hadoop.ipc.Server$Handler.run(Server.java:3014)
"IPC Server handler 0 on default port 15021" daemon prio=5 tid=625 timed_waiting
java.lang.Thread.State: TIMED_WAITING
        at sun.misc.Unsafe.park(Native Method)
        at java.util.concurrent.locks.LockSupport.parkNanos(LockSupport.java:215)
        at java.util.concurrent.locks.AbstractQueuedSynchronizer$ConditionObject.awaitNanos(AbstractQueuedSynchronizer.java:2078)
        at java.util.concurrent.LinkedBlockingQueue.poll(LinkedBlockingQueue.java:467)
        at org.apache.hadoop.ipc.CallQueueManager.take(CallQueueManager.java:317)
        at org.apache.hadoop.ipc.Server$Handler.run(Server.java:3014)
"IPC Server handler 57 on default port 15009" daemon prio=5 tid=528 timed_waiting
java.lang.Thread.State: TIMED_WAITING
        at sun.misc.Unsafe.park(Native Method)
        at java.util.concurrent.locks.LockSupport.parkNanos(LockSupport.java:215)
        at java.util.concurrent.locks.AbstractQueuedSynchronizer$ConditionObject.awaitNanos(AbstractQueuedSynchronizer.java:2078)
        at java.util.concurrent.LinkedBlockingQueue.poll(LinkedBlockingQueue.java:467)
        at org.apache.hadoop.ipc.CallQueueManager.take(CallQueueManager.java:317)
        at org.apache.hadoop.ipc.Server$Handler.run(Server.java:3014)
"IPC Server handler 8 on default port 15000" daemon prio=5 tid=61 timed_waiting
java.lang.Thread.State: TIMED_WAITING
        at sun.misc.Unsafe.park(Native Method)
        at java.util.concurrent.locks.LockSupport.parkNanos(LockSupport.java:215)
        at java.util.concurrent.locks.AbstractQueuedSynchronizer$ConditionObject.awaitNanos(AbstractQueuedSynchronizer.java:2078)
        at java.util.concurrent.LinkedBlockingQueue.poll(LinkedBlockingQueue.java:467)
        at org.apache.hadoop.ipc.CallQueueManager.take(CallQueueManager.java:317)
        at org.apache.hadoop.ipc.Server$Handler.run(Server.java:3014)
"grpc-default-executor-3" daemon prio=5 tid=907 timed_waiting
java.lang.Thread.State: TIMED_WAITING
        at sun.misc.Unsafe.park(Native Method)
        at java.util.concurrent.locks.LockSupport.parkNanos(LockSupport.java:215)
        at java.util.concurrent.SynchronousQueue$TransferStack.awaitFulfill(SynchronousQueue.java:460)
        at java.util.concurrent.SynchronousQueue$TransferStack.transfer(SynchronousQueue.java:362)
        at java.util.concurrent.SynchronousQueue.poll(SynchronousQueue.java:941)
        at java.util.concurrent.ThreadPoolExecutor.getTask(ThreadPoolExecutor.java:1073)
        at java.util.concurrent.ThreadPoolExecutor.runWorker(ThreadPoolExecutor.java:1134)
        at java.util.concurrent.ThreadPoolExecutor$Worker.run(ThreadPoolExecutor.java:624)
        at java.lang.Thread.run(Thread.java:750)
"Session-HouseKeeper-456d3914-1"  prio=5 tid=365 timed_waiting
java.lang.Thread.State: TIMED_WAITING
        at sun.misc.Unsafe.park(Native Method)
        at java.util.concurrent.locks.LockSupport.parkNanos(LockSupport.java:215)
        at java.util.concurrent.locks.AbstractQueuedSynchronizer$ConditionObject.awaitNanos(AbstractQueuedSynchronizer.java:2078)
        at java.util.concurrent.ScheduledThreadPoolExecutor$DelayedWorkQueue.take(ScheduledThreadPoolExecutor.java:1093)
        at java.util.concurrent.ScheduledThreadPoolExecutor$DelayedWorkQueue.take(ScheduledThreadPoolExecutor.java:809)
        at java.util.concurrent.ThreadPoolExecutor.getTask(ThreadPoolExecutor.java:1074)
        at java.util.concurrent.ThreadPoolExecutor.runWorker(ThreadPoolExecutor.java:1134)
        at java.util.concurrent.ThreadPoolExecutor$Worker.run(ThreadPoolExecutor.java:624)
        at java.lang.Thread.run(Thread.java:750)
"IPC Client (648639818) connection to localhost/127.0.0.1:15004 from runner" daemon prio=5 tid=964 timed_waiting
java.lang.Thread.State: TIMED_WAITING
        at java.lang.Object.wait(Native Method)
        at org.apache.hadoop.ipc.Client$Connection.waitForWork(Client.java:1026)
        at org.apache.hadoop.ipc.Client$Connection.run(Client.java:1077)
"dc82d807-438e-4f31-a873-936b5ae41996-DatanodeReportManager-0" daemon prio=5 tid=599 in Object.wait()
java.lang.Thread.State: WAITING (on object monitor)
        at sun.misc.Unsafe.park(Native Method)
        at java.util.concurrent.locks.LockSupport.park(LockSupport.java:175)
        at java.util.concurrent.locks.AbstractQueuedSynchronizer$ConditionObject.await(AbstractQueuedSynchronizer.java:2039)
        at java.util.concurrent.ScheduledThreadPoolExecutor$DelayedWorkQueue.take(ScheduledThreadPoolExecutor.java:1088)
        at java.util.concurrent.ScheduledThreadPoolExecutor$DelayedWorkQueue.take(ScheduledThreadPoolExecutor.java:809)
        at java.util.concurrent.ThreadPoolExecutor.getTask(ThreadPoolExecutor.java:1074)
        at java.util.concurrent.ThreadPoolExecutor.runWorker(ThreadPoolExecutor.java:1134)
        at java.util.concurrent.ThreadPoolExecutor$Worker.run(ThreadPoolExecutor.java:624)
        at java.lang.Thread.run(Thread.java:750)
"IPC Server handler 70 on default port 15001" daemon prio=5 tid=223 timed_waiting
java.lang.Thread.State: TIMED_WAITING
        at sun.misc.Unsafe.park(Native Method)
        at java.util.concurrent.locks.LockSupport.parkNanos(LockSupport.java:215)
        at java.util.concurrent.locks.AbstractQueuedSynchronizer$ConditionObject.awaitNanos(AbstractQueuedSynchronizer.java:2078)
        at java.util.concurrent.LinkedBlockingQueue.poll(LinkedBlockingQueue.java:467)
        at org.apache.hadoop.ipc.CallQueueManager.take(CallQueueManager.java:317)
        at org.apache.hadoop.ipc.Server$Handler.run(Server.java:3014)
"qtp496161074-363" daemon prio=5 tid=363 timed_waiting
java.lang.Thread.State: TIMED_WAITING
        at sun.misc.Unsafe.park(Native Method)
        at java.util.concurrent.locks.LockSupport.parkNanos(LockSupport.java:215)
        at java.util.concurrent.locks.AbstractQueuedSynchronizer$ConditionObject.awaitNanos(AbstractQueuedSynchronizer.java:2078)
        at org.eclipse.jetty.util.BlockingArrayQueue.poll(BlockingArrayQueue.java:382)
        at org.eclipse.jetty.util.thread.QueuedThreadPool$Runner.idleJobPoll(QueuedThreadPool.java:974)
        at org.eclipse.jetty.util.thread.QueuedThreadPool$Runner.run(QueuedThreadPool.java:1018)
        at java.lang.Thread.run(Thread.java:750)
"qtp1591256270-405" daemon prio=5 tid=405 runnable
java.lang.Thread.State: RUNNABLE
        at sun.nio.ch.EPollArrayWrapper.epollWait(Native Method)
        at sun.nio.ch.EPollArrayWrapper.poll(EPollArrayWrapper.java:269)
        at sun.nio.ch.EPollSelectorImpl.doSelect(EPollSelectorImpl.java:93)
        at sun.nio.ch.SelectorImpl.lockAndDoSelect(SelectorImpl.java:86)
        at sun.nio.ch.SelectorImpl.select(SelectorImpl.java:97)
        at sun.nio.ch.SelectorImpl.select(SelectorImpl.java:101)
        at org.eclipse.jetty.io.ManagedSelector.nioSelect(ManagedSelector.java:183)
        at org.eclipse.jetty.io.ManagedSelector.select(ManagedSelector.java:190)
        at org.eclipse.jetty.io.ManagedSelector$SelectorProducer.select(ManagedSelector.java:606)
        at org.eclipse.jetty.io.ManagedSelector$SelectorProducer.produce(ManagedSelector.java:543)
        at org.eclipse.jetty.util.thread.strategy.EatWhatYouKill.produceTask(EatWhatYouKill.java:362)
        at org.eclipse.jetty.util.thread.strategy.EatWhatYouKill.doProduce(EatWhatYouKill.java:186)
        at org.eclipse.jetty.util.thread.strategy.EatWhatYouKill.tryProduce(EatWhatYouKill.java:173)
        at org.eclipse.jetty.util.thread.strategy.EatWhatYouKill.produce(EatWhatYouKill.java:137)
        at org.eclipse.jetty.io.ManagedSelector$$Lambda$594/551825973.run(Unknown Source)
        at org.eclipse.jetty.util.thread.QueuedThreadPool.runJob(QueuedThreadPool.java:883)
        at org.eclipse.jetty.util.thread.QueuedThreadPool$Runner.run(QueuedThreadPool.java:1034)
        at java.lang.Thread.run(Thread.java:750)
"IPC Server handler 72 on default port 15002" daemon prio=5 tid=325 timed_waiting
java.lang.Thread.State: TIMED_WAITING
        at sun.misc.Unsafe.park(Native Method)
        at java.util.concurrent.locks.LockSupport.parkNanos(LockSupport.java:215)
        at java.util.concurrent.locks.AbstractQueuedSynchronizer$ConditionObject.awaitNanos(AbstractQueuedSynchronizer.java:2078)
        at java.util.concurrent.LinkedBlockingQueue.poll(LinkedBlockingQueue.java:467)
        at org.apache.hadoop.ipc.CallQueueManager.take(CallQueueManager.java:317)
        at org.apache.hadoop.ipc.Server$Handler.run(Server.java:3014)
"StaleRecoveringContainerScrubbingService#0" daemon prio=5 tid=814 in Object.wait()
java.lang.Thread.State: WAITING (on object monitor)
        at sun.misc.Unsafe.park(Native Method)
        at java.util.concurrent.locks.LockSupport.park(LockSupport.java:175)
        at java.util.concurrent.locks.AbstractQueuedSynchronizer$ConditionObject.await(AbstractQueuedSynchronizer.java:2039)
        at java.util.concurrent.ScheduledThreadPoolExecutor$DelayedWorkQueue.take(ScheduledThreadPoolExecutor.java:1088)
        at java.util.concurrent.ScheduledThreadPoolExecutor$DelayedWorkQueue.take(ScheduledThreadPoolExecutor.java:809)
        at java.util.concurrent.ThreadPoolExecutor.getTask(ThreadPoolExecutor.java:1074)
        at java.util.concurrent.ThreadPoolExecutor.runWorker(ThreadPoolExecutor.java:1134)
        at java.util.concurrent.ThreadPoolExecutor$Worker.run(ThreadPoolExecutor.java:624)
        at java.lang.Thread.run(Thread.java:750)
"dc82d807-438e-4f31-a873-936b5ae41996-CommandProcessorThread" daemon prio=5 tid=604 timed_waiting
java.lang.Thread.State: TIMED_WAITING
        at java.lang.Thread.sleep(Native Method)
        at org.apache.hadoop.ozone.container.common.statemachine.DatanodeStateMachine.lambda$initCommandHandlerThread$4(DatanodeStateMachine.java:684)
        at org.apache.hadoop.ozone.container.common.statemachine.DatanodeStateMachine$$Lambda$1389/1074834806.run(Unknown Source)
        at java.lang.Thread.run(Thread.java:750)
"20ed7fe7-4274-4f1a-9498-93c5abf09f1c-PipelineCommandHandlerThread-0"  prio=5 tid=875 in Object.wait()
java.lang.Thread.State: WAITING (on object monitor)
        at sun.misc.Unsafe.park(Native Method)
        at java.util.concurrent.locks.LockSupport.park(LockSupport.java:175)
        at java.util.concurrent.locks.AbstractQueuedSynchronizer$ConditionObject.await(AbstractQueuedSynchronizer.java:2039)
        at java.util.concurrent.LinkedBlockingQueue.take(LinkedBlockingQueue.java:442)
        at java.util.concurrent.ThreadPoolExecutor.getTask(ThreadPoolExecutor.java:1074)
        at java.util.concurrent.ThreadPoolExecutor.runWorker(ThreadPoolExecutor.java:1134)
        at java.util.concurrent.ThreadPoolExecutor$Worker.run(ThreadPoolExecutor.java:624)
        at java.lang.Thread.run(Thread.java:750)
"IPC Server handler 94 on default port 15000" daemon prio=5 tid=147 timed_waiting
java.lang.Thread.State: TIMED_WAITING
        at sun.misc.Unsafe.park(Native Method)
        at java.util.concurrent.locks.LockSupport.parkNanos(LockSupport.java:215)
        at java.util.concurrent.locks.AbstractQueuedSynchronizer$ConditionObject.awaitNanos(AbstractQueuedSynchronizer.java:2078)
        at java.util.concurrent.LinkedBlockingQueue.poll(LinkedBlockingQueue.java:467)
        at org.apache.hadoop.ipc.CallQueueManager.take(CallQueueManager.java:317)
        at org.apache.hadoop.ipc.Server$Handler.run(Server.java:3014)
"IPC Server handler 5 on default port 15001" daemon prio=5 tid=158 timed_waiting
java.lang.Thread.State: TIMED_WAITING
        at sun.misc.Unsafe.park(Native Method)
        at java.util.concurrent.locks.LockSupport.parkNanos(LockSupport.java:215)
        at java.util.concurrent.locks.AbstractQueuedSynchronizer$ConditionObject.awaitNanos(AbstractQueuedSynchronizer.java:2078)
        at java.util.concurrent.LinkedBlockingQueue.poll(LinkedBlockingQueue.java:467)
        at org.apache.hadoop.ipc.CallQueueManager.take(CallQueueManager.java:317)
        at org.apache.hadoop.ipc.Server$Handler.run(Server.java:3014)
"qtp1287916357-643" daemon prio=5 tid=643 timed_waiting
java.lang.Thread.State: TIMED_WAITING
        at sun.misc.Unsafe.park(Native Method)
        at java.util.concurrent.locks.LockSupport.parkNanos(LockSupport.java:215)
        at java.util.concurrent.locks.AbstractQueuedSynchronizer$ConditionObject.awaitNanos(AbstractQueuedSynchronizer.java:2078)
        at org.eclipse.jetty.util.BlockingArrayQueue.poll(BlockingArrayQueue.java:382)
        at org.eclipse.jetty.util.thread.QueuedThreadPool$Runner.idleJobPoll(QueuedThreadPool.java:974)
        at org.eclipse.jetty.util.thread.QueuedThreadPool$Runner.run(QueuedThreadPool.java:1018)
        at java.lang.Thread.run(Thread.java:750)
"IPC Server handler 62 on default port 15009" daemon prio=5 tid=533 timed_waiting
java.lang.Thread.State: TIMED_WAITING
        at sun.misc.Unsafe.park(Native Method)
        at java.util.concurrent.locks.LockSupport.parkNanos(LockSupport.java:215)
        at java.util.concurrent.locks.AbstractQueuedSynchronizer$ConditionObject.awaitNanos(AbstractQueuedSynchronizer.java:2078)
        at java.util.concurrent.LinkedBlockingQueue.poll(LinkedBlockingQueue.java:467)
        at org.apache.hadoop.ipc.CallQueueManager.take(CallQueueManager.java:317)
        at org.apache.hadoop.ipc.Server$Handler.run(Server.java:3014)
"IPC Server listener on 15000" daemon prio=5 tid=37 runnable
java.lang.Thread.State: RUNNABLE
        at sun.nio.ch.EPollArrayWrapper.epollWait(Native Method)
        at sun.nio.ch.EPollArrayWrapper.poll(EPollArrayWrapper.java:269)
        at sun.nio.ch.EPollSelectorImpl.doSelect(EPollSelectorImpl.java:93)
        at sun.nio.ch.SelectorImpl.lockAndDoSelect(SelectorImpl.java:86)
        at sun.nio.ch.SelectorImpl.select(SelectorImpl.java:97)
        at sun.nio.ch.SelectorImpl.select(SelectorImpl.java:101)
        at org.apache.hadoop.ipc.Server$Listener.run(Server.java:1408)
"12adf753-b9bf-4e27-afc1-d809141df6d3-EndpointStateMachineTaskThread-/0.0.0.0:15002-0 "  prio=5 tid=736 in Object.wait()
java.lang.Thread.State: WAITING (on object monitor)
        at sun.misc.Unsafe.park(Native Method)
        at java.util.concurrent.locks.LockSupport.park(LockSupport.java:175)
        at java.util.concurrent.locks.AbstractQueuedSynchronizer$ConditionObject.await(AbstractQueuedSynchronizer.java:2039)
        at java.util.concurrent.LinkedBlockingQueue.take(LinkedBlockingQueue.java:442)
        at java.util.concurrent.ThreadPoolExecutor.getTask(ThreadPoolExecutor.java:1074)
        at java.util.concurrent.ThreadPoolExecutor.runWorker(ThreadPoolExecutor.java:1134)
        at java.util.concurrent.ThreadPoolExecutor$Worker.run(ThreadPoolExecutor.java:624)
        at java.lang.Thread.run(Thread.java:750)
"pool-151-thread-1" daemon prio=5 tid=766 timed_waiting
java.lang.Thread.State: TIMED_WAITING
        at sun.misc.Unsafe.park(Native Method)
        at java.util.concurrent.locks.LockSupport.parkNanos(LockSupport.java:215)
        at java.util.concurrent.locks.AbstractQueuedSynchronizer$ConditionObject.awaitNanos(AbstractQueuedSynchronizer.java:2078)
        at java.util.concurrent.ScheduledThreadPoolExecutor$DelayedWorkQueue.take(ScheduledThreadPoolExecutor.java:1093)
        at java.util.concurrent.ScheduledThreadPoolExecutor$DelayedWorkQueue.take(ScheduledThreadPoolExecutor.java:809)
        at java.util.concurrent.ThreadPoolExecutor.getTask(ThreadPoolExecutor.java:1074)
        at java.util.concurrent.ThreadPoolExecutor.runWorker(ThreadPoolExecutor.java:1134)
        at java.util.concurrent.ThreadPoolExecutor$Worker.run(ThreadPoolExecutor.java:624)
        at java.lang.Thread.run(Thread.java:750)
"qtp1918537167-459" daemon prio=5 tid=459 timed_waiting
java.lang.Thread.State: TIMED_WAITING
        at sun.misc.Unsafe.park(Native Method)
        at java.util.concurrent.locks.LockSupport.parkNanos(LockSupport.java:215)
        at java.util.concurrent.locks.AbstractQueuedSynchronizer$ConditionObject.awaitNanos(AbstractQueuedSynchronizer.java:2078)
        at org.eclipse.jetty.util.BlockingArrayQueue.poll(BlockingArrayQueue.java:382)
        at org.eclipse.jetty.util.thread.QueuedThreadPool$Runner.idleJobPoll(QueuedThreadPool.java:974)
        at org.eclipse.jetty.util.thread.QueuedThreadPool$Runner.run(QueuedThreadPool.java:1018)
        at java.lang.Thread.run(Thread.java:750)
"IPC Server handler 19 on default port 15001" daemon prio=5 tid=172 timed_waiting
java.lang.Thread.State: TIMED_WAITING
        at sun.misc.Unsafe.park(Native Method)
        at java.util.concurrent.locks.LockSupport.parkNanos(LockSupport.java:215)
        at java.util.concurrent.locks.AbstractQueuedSynchronizer$ConditionObject.awaitNanos(AbstractQueuedSynchronizer.java:2078)
        at java.util.concurrent.LinkedBlockingQueue.poll(LinkedBlockingQueue.java:467)
        at org.apache.hadoop.ipc.CallQueueManager.take(CallQueueManager.java:317)
        at org.apache.hadoop.ipc.Server$Handler.run(Server.java:3014)
"IPC Server handler 53 on default port 15009" daemon prio=5 tid=524 timed_waiting
java.lang.Thread.State: TIMED_WAITING
        at sun.misc.Unsafe.park(Native Method)
        at java.util.concurrent.locks.LockSupport.parkNanos(LockSupport.java:215)
        at java.util.concurrent.locks.AbstractQueuedSynchronizer$ConditionObject.awaitNanos(AbstractQueuedSynchronizer.java:2078)
        at java.util.concurrent.LinkedBlockingQueue.poll(LinkedBlockingQueue.java:467)
        at org.apache.hadoop.ipc.CallQueueManager.take(CallQueueManager.java:317)
        at org.apache.hadoop.ipc.Server$Handler.run(Server.java:3014)
"20ed7fe7-4274-4f1a-9498-93c5abf09f1c-ChunkWriter-3-0" daemon prio=5 tid=810 in Object.wait()
java.lang.Thread.State: WAITING (on object monitor)
        at sun.misc.Unsafe.park(Native Method)
        at java.util.concurrent.locks.LockSupport.park(LockSupport.java:175)
        at java.util.concurrent.locks.AbstractQueuedSynchronizer$ConditionObject.await(AbstractQueuedSynchronizer.java:2039)
        at java.util.concurrent.LinkedBlockingDeque.takeFirst(LinkedBlockingDeque.java:492)
        at java.util.concurrent.LinkedBlockingDeque.take(LinkedBlockingDeque.java:680)
        at java.util.concurrent.ThreadPoolExecutor.getTask(ThreadPoolExecutor.java:1074)
        at java.util.concurrent.ThreadPoolExecutor.runWorker(ThreadPoolExecutor.java:1134)
        at java.util.concurrent.ThreadPoolExecutor$Worker.run(ThreadPoolExecutor.java:624)
        at java.lang.Thread.run(Thread.java:750)
"IPC Server handler 57 on default port 15001" daemon prio=5 tid=210 timed_waiting
java.lang.Thread.State: TIMED_WAITING
        at sun.misc.Unsafe.park(Native Method)
        at java.util.concurrent.locks.LockSupport.parkNanos(LockSupport.java:215)
        at java.util.concurrent.locks.AbstractQueuedSynchronizer$ConditionObject.awaitNanos(AbstractQueuedSynchronizer.java:2078)
        at java.util.concurrent.LinkedBlockingQueue.poll(LinkedBlockingQueue.java:467)
        at org.apache.hadoop.ipc.CallQueueManager.take(CallQueueManager.java:317)
        at org.apache.hadoop.ipc.Server$Handler.run(Server.java:3014)
"20ed7fe7-4274-4f1a-9498-93c5abf09f1c-DatanodeReportManager-2" daemon prio=5 tid=713 in Object.wait()
java.lang.Thread.State: WAITING (on object monitor)
        at sun.misc.Unsafe.park(Native Method)
        at java.util.concurrent.locks.LockSupport.park(LockSupport.java:175)
        at java.util.concurrent.locks.AbstractQueuedSynchronizer$ConditionObject.await(AbstractQueuedSynchronizer.java:2039)
        at java.util.concurrent.ScheduledThreadPoolExecutor$DelayedWorkQueue.take(ScheduledThreadPoolExecutor.java:1088)
        at java.util.concurrent.ScheduledThreadPoolExecutor$DelayedWorkQueue.take(ScheduledThreadPoolExecutor.java:809)
        at java.util.concurrent.ThreadPoolExecutor.getTask(ThreadPoolExecutor.java:1074)
        at java.util.concurrent.ThreadPoolExecutor.runWorker(ThreadPoolExecutor.java:1134)
        at java.util.concurrent.ThreadPoolExecutor$Worker.run(ThreadPoolExecutor.java:624)
        at java.lang.Thread.run(Thread.java:750)
"IPC Server handler 71 on default port 15000" daemon prio=5 tid=124 timed_waiting
java.lang.Thread.State: TIMED_WAITING
        at sun.misc.Unsafe.park(Native Method)
        at java.util.concurrent.locks.LockSupport.parkNanos(LockSupport.java:215)
        at java.util.concurrent.locks.AbstractQueuedSynchronizer$ConditionObject.awaitNanos(AbstractQueuedSynchronizer.java:2078)
        at java.util.concurrent.LinkedBlockingQueue.poll(LinkedBlockingQueue.java:467)
        at org.apache.hadoop.ipc.CallQueueManager.take(CallQueueManager.java:317)
        at org.apache.hadoop.ipc.Server$Handler.run(Server.java:3014)
"20ed7fe7-4274-4f1a-9498-93c5abf09f1c@group-F914C1362A36-FollowerState" daemon prio=5 tid=1172 timed_waiting
java.lang.Thread.State: TIMED_WAITING
        at java.lang.Thread.sleep(Native Method)
        at java.lang.Thread.sleep(Thread.java:342)
        at java.util.concurrent.TimeUnit.sleep(TimeUnit.java:386)
        at org.apache.ratis.util.TimeDuration.sleep(TimeDuration.java:353)
        at org.apache.ratis.util.TimeDuration.sleep(TimeDuration.java:338)
        at org.apache.ratis.server.impl.FollowerState.run(FollowerState.java:128)
"JvmPauseMonitor2" daemon prio=5 tid=574 timed_waiting
java.lang.Thread.State: TIMED_WAITING
        at java.lang.Thread.sleep(Native Method)
        at java.lang.Thread.sleep(Thread.java:342)
        at java.util.concurrent.TimeUnit.sleep(TimeUnit.java:386)
        at org.apache.ratis.util.TimeDuration.sleep(TimeDuration.java:353)
        at org.apache.ratis.util.TimeDuration.sleep(TimeDuration.java:338)
        at org.apache.ratis.util.JvmPauseMonitor.detectPause(JvmPauseMonitor.java:160)
        at org.apache.ratis.util.JvmPauseMonitor.run(JvmPauseMonitor.java:149)
        at org.apache.ratis.util.JvmPauseMonitor$$Lambda$554/742131199.run(Unknown Source)
        at java.lang.Thread.run(Thread.java:750)
"IPC Server handler 48 on default port 15001" daemon prio=5 tid=201 timed_waiting
java.lang.Thread.State: TIMED_WAITING
        at sun.misc.Unsafe.park(Native Method)
        at java.util.concurrent.locks.LockSupport.parkNanos(LockSupport.java:215)
        at java.util.concurrent.locks.AbstractQueuedSynchronizer$ConditionObject.awaitNanos(AbstractQueuedSynchronizer.java:2078)
        at java.util.concurrent.LinkedBlockingQueue.poll(LinkedBlockingQueue.java:467)
        at org.apache.hadoop.ipc.CallQueueManager.take(CallQueueManager.java:317)
        at org.apache.hadoop.ipc.Server$Handler.run(Server.java:3014)
"IPC Server handler 81 on default port 15001" daemon prio=5 tid=234 timed_waiting
java.lang.Thread.State: TIMED_WAITING
        at sun.misc.Unsafe.park(Native Method)
        at java.util.concurrent.locks.LockSupport.parkNanos(LockSupport.java:215)
        at java.util.concurrent.locks.AbstractQueuedSynchronizer$ConditionObject.awaitNanos(AbstractQueuedSynchronizer.java:2078)
        at java.util.concurrent.LinkedBlockingQueue.poll(LinkedBlockingQueue.java:467)
        at org.apache.hadoop.ipc.CallQueueManager.take(CallQueueManager.java:317)
        at org.apache.hadoop.ipc.Server$Handler.run(Server.java:3014)
"qtp1249016169-618" daemon prio=5 tid=618 timed_waiting
java.lang.Thread.State: TIMED_WAITING
        at sun.misc.Unsafe.park(Native Method)
        at java.util.concurrent.locks.LockSupport.parkNanos(LockSupport.java:215)
        at java.util.concurrent.locks.AbstractQueuedSynchronizer$ConditionObject.awaitNanos(AbstractQueuedSynchronizer.java:2078)
        at org.eclipse.jetty.util.BlockingArrayQueue.poll(BlockingArrayQueue.java:382)
        at org.eclipse.jetty.util.thread.QueuedThreadPool$Runner.idleJobPoll(QueuedThreadPool.java:974)
        at org.eclipse.jetty.util.thread.QueuedThreadPool$Runner.run(QueuedThreadPool.java:1018)
        at java.lang.Thread.run(Thread.java:750)
"IPC Server handler 14 on default port 15009" daemon prio=5 tid=485 timed_waiting
java.lang.Thread.State: TIMED_WAITING
        at sun.misc.Unsafe.park(Native Method)
        at java.util.concurrent.locks.LockSupport.parkNanos(LockSupport.java:215)
        at java.util.concurrent.locks.AbstractQueuedSynchronizer$ConditionObject.awaitNanos(AbstractQueuedSynchronizer.java:2078)
        at java.util.concurrent.LinkedBlockingQueue.poll(LinkedBlockingQueue.java:467)
        at org.apache.hadoop.ipc.CallQueueManager.take(CallQueueManager.java:317)
        at org.apache.hadoop.ipc.Server$Handler.run(Server.java:3014)
"dc82d807-438e-4f31-a873-936b5ae41996-DatanodeStateMachineTaskThread-0"  prio=5 tid=605 in Object.wait()
java.lang.Thread.State: WAITING (on object monitor)
        at sun.misc.Unsafe.park(Native Method)
        at java.util.concurrent.locks.LockSupport.park(LockSupport.java:175)
        at java.util.concurrent.locks.AbstractQueuedSynchronizer$ConditionObject.await(AbstractQueuedSynchronizer.java:2039)
        at java.util.concurrent.LinkedBlockingQueue.take(LinkedBlockingQueue.java:442)
        at java.util.concurrent.ThreadPoolExecutor.getTask(ThreadPoolExecutor.java:1074)
        at java.util.concurrent.ThreadPoolExecutor.runWorker(ThreadPoolExecutor.java:1134)
        at java.util.concurrent.ThreadPoolExecutor$Worker.run(ThreadPoolExecutor.java:624)
        at java.lang.Thread.run(Thread.java:750)
"ContainerDataScanner(/home/runner/work/ozone/ozone/hadoop-ozone/integration-test/target/test-dir/MiniOzoneClusterImpl-b6d037e4-5d8b-4372-b4a2-3c33797d8bad/ozone-meta/datanode-4/data-0/hdds)" daemon prio=5 tid=787 timed_waiting
java.lang.Thread.State: TIMED_WAITING
        at java.lang.Thread.sleep(Native Method)
        at org.apache.hadoop.ozone.container.ozoneimpl.AbstractBackgroundContainerScanner.handleRemainingSleep(AbstractBackgroundContainerScanner.java:131)
        at org.apache.hadoop.ozone.container.ozoneimpl.AbstractBackgroundContainerScanner.runIteration(AbstractBackgroundContainerScanner.java:98)
        at org.apache.hadoop.ozone.container.ozoneimpl.AbstractBackgroundContainerScanner.run(AbstractBackgroundContainerScanner.java:57)
"IPC Server handler 86 on default port 15000" daemon prio=5 tid=139 timed_waiting
java.lang.Thread.State: TIMED_WAITING
        at sun.misc.Unsafe.park(Native Method)
        at java.util.concurrent.locks.LockSupport.parkNanos(LockSupport.java:215)
        at java.util.concurrent.locks.AbstractQueuedSynchronizer$ConditionObject.awaitNanos(AbstractQueuedSynchronizer.java:2078)
        at java.util.concurrent.LinkedBlockingQueue.poll(LinkedBlockingQueue.java:467)
        at org.apache.hadoop.ipc.CallQueueManager.take(CallQueueManager.java:317)
        at org.apache.hadoop.ipc.Server$Handler.run(Server.java:3014)
"IPC Server handler 13 on default port 15000" daemon prio=5 tid=66 timed_waiting
java.lang.Thread.State: TIMED_WAITING
        at sun.misc.Unsafe.park(Native Method)
        at java.util.concurrent.locks.LockSupport.parkNanos(LockSupport.java:215)
        at java.util.concurrent.locks.AbstractQueuedSynchronizer$ConditionObject.awaitNanos(AbstractQueuedSynchronizer.java:2078)
        at java.util.concurrent.LinkedBlockingQueue.poll(LinkedBlockingQueue.java:467)
        at org.apache.hadoop.ipc.CallQueueManager.take(CallQueueManager.java:317)
        at org.apache.hadoop.ipc.Server$Handler.run(Server.java:3014)
"EventQueue-CloseContainerForCloseContainerEventHandler" daemon prio=5 tid=1052 in Object.wait()
java.lang.Thread.State: WAITING (on object monitor)
        at sun.misc.Unsafe.park(Native Method)
        at java.util.concurrent.locks.LockSupport.park(LockSupport.java:175)
        at java.util.concurrent.locks.AbstractQueuedSynchronizer$ConditionObject.await(AbstractQueuedSynchronizer.java:2039)
        at java.util.concurrent.LinkedBlockingQueue.take(LinkedBlockingQueue.java:442)
        at java.util.concurrent.ThreadPoolExecutor.getTask(ThreadPoolExecutor.java:1074)
        at java.util.concurrent.ThreadPoolExecutor.runWorker(ThreadPoolExecutor.java:1134)
        at java.util.concurrent.ThreadPoolExecutor$Worker.run(ThreadPoolExecutor.java:624)
        at java.lang.Thread.run(Thread.java:750)
"IPC Server handler 22 on default port 15001" daemon prio=5 tid=175 timed_waiting
java.lang.Thread.State: TIMED_WAITING
        at sun.misc.Unsafe.park(Native Method)
        at java.util.concurrent.locks.LockSupport.parkNanos(LockSupport.java:215)
        at java.util.concurrent.locks.AbstractQueuedSynchronizer$ConditionObject.awaitNanos(AbstractQueuedSynchronizer.java:2078)
        at java.util.concurrent.LinkedBlockingQueue.poll(LinkedBlockingQueue.java:467)
        at org.apache.hadoop.ipc.CallQueueManager.take(CallQueueManager.java:317)
        at org.apache.hadoop.ipc.Server$Handler.run(Server.java:3014)
"IPC Server handler 22 on default port 15009" daemon prio=5 tid=493 timed_waiting
java.lang.Thread.State: TIMED_WAITING
        at sun.misc.Unsafe.park(Native Method)
        at java.util.concurrent.locks.LockSupport.parkNanos(LockSupport.java:215)
        at java.util.concurrent.locks.AbstractQueuedSynchronizer$ConditionObject.awaitNanos(AbstractQueuedSynchronizer.java:2078)
        at java.util.concurrent.LinkedBlockingQueue.poll(LinkedBlockingQueue.java:467)
        at org.apache.hadoop.ipc.CallQueueManager.take(CallQueueManager.java:317)
        at org.apache.hadoop.ipc.Server$Handler.run(Server.java:3014)
"IPC Server handler 19 on default port 15002" daemon prio=5 tid=272 timed_waiting
java.lang.Thread.State: TIMED_WAITING
        at sun.misc.Unsafe.park(Native Method)
        at java.util.concurrent.locks.LockSupport.parkNanos(LockSupport.java:215)
        at java.util.concurrent.locks.AbstractQueuedSynchronizer$ConditionObject.awaitNanos(AbstractQueuedSynchronizer.java:2078)
        at java.util.concurrent.LinkedBlockingQueue.poll(LinkedBlockingQueue.java:467)
        at org.apache.hadoop.ipc.CallQueueManager.take(CallQueueManager.java:317)
        at org.apache.hadoop.ipc.Server$Handler.run(Server.java:3014)
"IPC Server handler 55 on default port 15000" daemon prio=5 tid=108 timed_waiting
java.lang.Thread.State: TIMED_WAITING
        at sun.misc.Unsafe.park(Native Method)
        at java.util.concurrent.locks.LockSupport.parkNanos(LockSupport.java:215)
        at java.util.concurrent.locks.AbstractQueuedSynchronizer$ConditionObject.awaitNanos(AbstractQueuedSynchronizer.java:2078)
        at java.util.concurrent.LinkedBlockingQueue.poll(LinkedBlockingQueue.java:467)
        at org.apache.hadoop.ipc.CallQueueManager.take(CallQueueManager.java:317)
        at org.apache.hadoop.ipc.Server$Handler.run(Server.java:3014)
"FixedThreadPoolWithAffinityExecutor-1-0" daemon prio=5 tid=43 timed_waiting
java.lang.Thread.State: TIMED_WAITING
        at sun.misc.Unsafe.park(Native Method)
        at java.util.concurrent.locks.LockSupport.parkNanos(LockSupport.java:215)
        at java.util.concurrent.locks.AbstractQueuedSynchronizer$ConditionObject.awaitNanos(AbstractQueuedSynchronizer.java:2078)
        at java.util.concurrent.LinkedBlockingQueue.poll(LinkedBlockingQueue.java:467)
        at org.apache.hadoop.hdds.scm.server.ContainerReportQueue.poll(ContainerReportQueue.java:269)
        at org.apache.hadoop.hdds.scm.server.ContainerReportQueue.poll(ContainerReportQueue.java:42)
        at org.apache.hadoop.hdds.server.events.FixedThreadPoolWithAffinityExecutor$ContainerReportProcessTask.run(FixedThreadPoolWithAffinityExecutor.java:253)
        at java.util.concurrent.Executors$RunnableAdapter.call(Executors.java:511)
        at java.util.concurrent.FutureTask.run(FutureTask.java:266)
        at java.util.concurrent.ThreadPoolExecutor.runWorker(ThreadPoolExecutor.java:1149)
        at java.util.concurrent.ThreadPoolExecutor$Worker.run(ThreadPoolExecutor.java:624)
        at java.lang.Thread.run(Thread.java:750)
"SCMHeartbeatProcessor-0" daemon prio=5 tid=18 timed_waiting
java.lang.Thread.State: TIMED_WAITING
        at sun.misc.Unsafe.park(Native Method)
        at java.util.concurrent.locks.LockSupport.parkNanos(LockSupport.java:215)
        at java.util.concurrent.locks.AbstractQueuedSynchronizer$ConditionObject.awaitNanos(AbstractQueuedSynchronizer.java:2078)
        at java.util.concurrent.ScheduledThreadPoolExecutor$DelayedWorkQueue.take(ScheduledThreadPoolExecutor.java:1093)
        at java.util.concurrent.ScheduledThreadPoolExecutor$DelayedWorkQueue.take(ScheduledThreadPoolExecutor.java:809)
        at java.util.concurrent.ThreadPoolExecutor.getTask(ThreadPoolExecutor.java:1074)
        at java.util.concurrent.ThreadPoolExecutor.runWorker(ThreadPoolExecutor.java:1134)
        at java.util.concurrent.ThreadPoolExecutor$Worker.run(ThreadPoolExecutor.java:624)
        at java.lang.Thread.run(Thread.java:750)
"Session-HouseKeeper-37810fda-1"  prio=5 tid=619 timed_waiting
java.lang.Thread.State: TIMED_WAITING
        at sun.misc.Unsafe.park(Native Method)
        at java.util.concurrent.locks.LockSupport.parkNanos(LockSupport.java:215)
        at java.util.concurrent.locks.AbstractQueuedSynchronizer$ConditionObject.awaitNanos(AbstractQueuedSynchronizer.java:2078)
        at java.util.concurrent.ScheduledThreadPoolExecutor$DelayedWorkQueue.take(ScheduledThreadPoolExecutor.java:1093)
        at java.util.concurrent.ScheduledThreadPoolExecutor$DelayedWorkQueue.take(ScheduledThreadPoolExecutor.java:809)
        at java.util.concurrent.ThreadPoolExecutor.getTask(ThreadPoolExecutor.java:1074)
        at java.util.concurrent.ThreadPoolExecutor.runWorker(ThreadPoolExecutor.java:1134)
        at java.util.concurrent.ThreadPoolExecutor$Worker.run(ThreadPoolExecutor.java:624)
        at java.lang.Thread.run(Thread.java:750)
"IPC Client (648639818) connection to 0.0.0.0/0.0.0.0:15002 from runner" daemon prio=5 tid=723 timed_waiting
java.lang.Thread.State: TIMED_WAITING
        at java.lang.Object.wait(Native Method)
        at org.apache.hadoop.ipc.Client$Connection.waitForWork(Client.java:1026)
        at org.apache.hadoop.ipc.Client$Connection.run(Client.java:1077)
"Socket Reader #1 for port 15039"  prio=5 tid=677 runnable
java.lang.Thread.State: RUNNABLE
        at sun.nio.ch.EPollArrayWrapper.epollWait(Native Method)
        at sun.nio.ch.EPollArrayWrapper.poll(EPollArrayWrapper.java:269)
        at sun.nio.ch.EPollSelectorImpl.doSelect(EPollSelectorImpl.java:93)
        at sun.nio.ch.SelectorImpl.lockAndDoSelect(SelectorImpl.java:86)
        at sun.nio.ch.SelectorImpl.select(SelectorImpl.java:97)
        at sun.nio.ch.SelectorImpl.select(SelectorImpl.java:101)
        at org.apache.hadoop.ipc.Server$Listener$Reader.doRunLoop(Server.java:1346)
        at org.apache.hadoop.ipc.Server$Listener$Reader.run(Server.java:1325)
"qtp1287916357-639" daemon prio=5 tid=639 runnable
java.lang.Thread.State: RUNNABLE
        at sun.nio.ch.EPollArrayWrapper.epollWait(Native Method)
        at sun.nio.ch.EPollArrayWrapper.poll(EPollArrayWrapper.java:269)
        at sun.nio.ch.EPollSelectorImpl.doSelect(EPollSelectorImpl.java:93)
        at sun.nio.ch.SelectorImpl.lockAndDoSelect(SelectorImpl.java:86)
        at sun.nio.ch.SelectorImpl.select(SelectorImpl.java:97)
        at sun.nio.ch.SelectorImpl.select(SelectorImpl.java:101)
        at org.eclipse.jetty.io.ManagedSelector.nioSelect(ManagedSelector.java:183)
        at org.eclipse.jetty.io.ManagedSelector.select(ManagedSelector.java:190)
        at org.eclipse.jetty.io.ManagedSelector$SelectorProducer.select(ManagedSelector.java:606)
        at org.eclipse.jetty.io.ManagedSelector$SelectorProducer.produce(ManagedSelector.java:543)
        at org.eclipse.jetty.util.thread.strategy.EatWhatYouKill.produceTask(EatWhatYouKill.java:362)
        at org.eclipse.jetty.util.thread.strategy.EatWhatYouKill.doProduce(EatWhatYouKill.java:186)
        at org.eclipse.jetty.util.thread.strategy.EatWhatYouKill.tryProduce(EatWhatYouKill.java:173)
        at org.eclipse.jetty.util.thread.strategy.EatWhatYouKill.produce(EatWhatYouKill.java:137)
        at org.eclipse.jetty.io.ManagedSelector$$Lambda$594/551825973.run(Unknown Source)
        at org.eclipse.jetty.util.thread.QueuedThreadPool.runJob(QueuedThreadPool.java:883)
        at org.eclipse.jetty.util.thread.QueuedThreadPool$Runner.run(QueuedThreadPool.java:1034)
        at java.lang.Thread.run(Thread.java:750)
"12adf753-b9bf-4e27-afc1-d809141df6d3@group-F914C1362A36-LeaderStateImpl" daemon prio=5 tid=1174 timed_waiting
java.lang.Thread.State: TIMED_WAITING
        at sun.misc.Unsafe.park(Native Method)
        at java.util.concurrent.locks.LockSupport.parkNanos(LockSupport.java:215)
        at java.util.concurrent.locks.AbstractQueuedSynchronizer$ConditionObject.awaitNanos(AbstractQueuedSynchronizer.java:2078)
        at java.util.concurrent.ArrayBlockingQueue.poll(ArrayBlockingQueue.java:418)
        at org.apache.ratis.server.impl.LeaderStateImpl$EventQueue.poll(LeaderStateImpl.java:164)
        at org.apache.ratis.server.impl.LeaderStateImpl$EventProcessor.run(LeaderStateImpl.java:762)
"12adf753-b9bf-4e27-afc1-d809141df6d3-ChunkWriter-3-0" daemon prio=5 tid=753 in Object.wait()
java.lang.Thread.State: WAITING (on object monitor)
        at sun.misc.Unsafe.park(Native Method)
        at java.util.concurrent.locks.LockSupport.park(LockSupport.java:175)
        at java.util.concurrent.locks.AbstractQueuedSynchronizer$ConditionObject.await(AbstractQueuedSynchronizer.java:2039)
        at java.util.concurrent.LinkedBlockingDeque.takeFirst(LinkedBlockingDeque.java:492)
        at java.util.concurrent.LinkedBlockingDeque.take(LinkedBlockingDeque.java:680)
        at java.util.concurrent.ThreadPoolExecutor.getTask(ThreadPoolExecutor.java:1074)
        at java.util.concurrent.ThreadPoolExecutor.runWorker(ThreadPoolExecutor.java:1134)
        at java.util.concurrent.ThreadPoolExecutor$Worker.run(ThreadPoolExecutor.java:624)
        at java.lang.Thread.run(Thread.java:750)
"ReconTaskThread-0"  prio=5 tid=1040 in Object.wait()
java.lang.Thread.State: WAITING (on object monitor)
        at sun.misc.Unsafe.park(Native Method)
        at java.util.concurrent.locks.LockSupport.park(LockSupport.java:175)
        at java.util.concurrent.locks.AbstractQueuedSynchronizer$ConditionObject.await(AbstractQueuedSynchronizer.java:2039)
        at java.util.concurrent.LinkedBlockingQueue.take(LinkedBlockingQueue.java:442)
        at java.util.concurrent.ThreadPoolExecutor.getTask(ThreadPoolExecutor.java:1074)
        at java.util.concurrent.ThreadPoolExecutor.runWorker(ThreadPoolExecutor.java:1134)
        at java.util.concurrent.ThreadPoolExecutor$Worker.run(ThreadPoolExecutor.java:624)
        at java.lang.Thread.run(Thread.java:750)
"IPC Server handler 54 on default port 15000" daemon prio=5 tid=107 timed_waiting
java.lang.Thread.State: TIMED_WAITING
        at sun.misc.Unsafe.park(Native Method)
        at java.util.concurrent.locks.LockSupport.parkNanos(LockSupport.java:215)
        at java.util.concurrent.locks.AbstractQueuedSynchronizer$ConditionObject.awaitNanos(AbstractQueuedSynchronizer.java:2078)
        at java.util.concurrent.LinkedBlockingQueue.poll(LinkedBlockingQueue.java:467)
        at org.apache.hadoop.ipc.CallQueueManager.take(CallQueueManager.java:317)
        at org.apache.hadoop.ipc.Server$Handler.run(Server.java:3014)
"dc82d807-438e-4f31-a873-936b5ae41996@group-BB03F21823DB-LeaderStateImpl" daemon prio=5 tid=900 timed_waiting
java.lang.Thread.State: TIMED_WAITING
        at sun.misc.Unsafe.park(Native Method)
        at java.util.concurrent.locks.LockSupport.parkNanos(LockSupport.java:215)
        at java.util.concurrent.locks.AbstractQueuedSynchronizer$ConditionObject.awaitNanos(AbstractQueuedSynchronizer.java:2078)
        at java.util.concurrent.ArrayBlockingQueue.poll(ArrayBlockingQueue.java:418)
        at org.apache.ratis.server.impl.LeaderStateImpl$EventQueue.poll(LeaderStateImpl.java:164)
        at org.apache.ratis.server.impl.LeaderStateImpl$EventProcessor.run(LeaderStateImpl.java:762)
"IPC Server handler 58 on default port 15002" daemon prio=5 tid=311 timed_waiting
java.lang.Thread.State: TIMED_WAITING
        at sun.misc.Unsafe.park(Native Method)
        at java.util.concurrent.locks.LockSupport.parkNanos(LockSupport.java:215)
        at java.util.concurrent.locks.AbstractQueuedSynchronizer$ConditionObject.awaitNanos(AbstractQueuedSynchronizer.java:2078)
        at java.util.concurrent.LinkedBlockingQueue.poll(LinkedBlockingQueue.java:467)
        at org.apache.hadoop.ipc.CallQueueManager.take(CallQueueManager.java:317)
        at org.apache.hadoop.ipc.Server$Handler.run(Server.java:3014)
"IPC Server handler 46 on default port 15000" daemon prio=5 tid=99 timed_waiting
java.lang.Thread.State: TIMED_WAITING
        at sun.misc.Unsafe.park(Native Method)
        at java.util.concurrent.locks.LockSupport.parkNanos(LockSupport.java:215)
        at java.util.concurrent.locks.AbstractQueuedSynchronizer$ConditionObject.awaitNanos(AbstractQueuedSynchronizer.java:2078)
        at java.util.concurrent.LinkedBlockingQueue.poll(LinkedBlockingQueue.java:467)
        at org.apache.hadoop.ipc.CallQueueManager.take(CallQueueManager.java:317)
        at org.apache.hadoop.ipc.Server$Handler.run(Server.java:3014)
"IPC Server handler 29 on default port 15002" daemon prio=5 tid=282 timed_waiting
java.lang.Thread.State: TIMED_WAITING
        at sun.misc.Unsafe.park(Native Method)
        at java.util.concurrent.locks.LockSupport.parkNanos(LockSupport.java:215)
        at java.util.concurrent.locks.AbstractQueuedSynchronizer$ConditionObject.awaitNanos(AbstractQueuedSynchronizer.java:2078)
        at java.util.concurrent.LinkedBlockingQueue.poll(LinkedBlockingQueue.java:467)
        at org.apache.hadoop.ipc.CallQueueManager.take(CallQueueManager.java:317)
        at org.apache.hadoop.ipc.Server$Handler.run(Server.java:3014)
"qtp1618613611-695" daemon prio=5 tid=695 runnable
java.lang.Thread.State: RUNNABLE
        at sun.nio.ch.EPollArrayWrapper.epollWait(Native Method)
        at sun.nio.ch.EPollArrayWrapper.poll(EPollArrayWrapper.java:269)
        at sun.nio.ch.EPollSelectorImpl.doSelect(EPollSelectorImpl.java:93)
        at sun.nio.ch.SelectorImpl.lockAndDoSelect(SelectorImpl.java:86)
        at sun.nio.ch.SelectorImpl.select(SelectorImpl.java:97)
        at sun.nio.ch.SelectorImpl.select(SelectorImpl.java:101)
        at org.eclipse.jetty.io.ManagedSelector.nioSelect(ManagedSelector.java:183)
        at org.eclipse.jetty.io.ManagedSelector.select(ManagedSelector.java:190)
        at org.eclipse.jetty.io.ManagedSelector$SelectorProducer.select(ManagedSelector.java:606)
        at org.eclipse.jetty.io.ManagedSelector$SelectorProducer.produce(ManagedSelector.java:543)
        at org.eclipse.jetty.util.thread.strategy.EatWhatYouKill.produceTask(EatWhatYouKill.java:362)
        at org.eclipse.jetty.util.thread.strategy.EatWhatYouKill.doProduce(EatWhatYouKill.java:186)
        at org.eclipse.jetty.util.thread.strategy.EatWhatYouKill.tryProduce(EatWhatYouKill.java:173)
        at org.eclipse.jetty.util.thread.strategy.EatWhatYouKill.produce(EatWhatYouKill.java:137)
        at org.eclipse.jetty.io.ManagedSelector$$Lambda$594/551825973.run(Unknown Source)
        at org.eclipse.jetty.util.thread.QueuedThreadPool.runJob(QueuedThreadPool.java:883)
        at org.eclipse.jetty.util.thread.QueuedThreadPool$Runner.run(QueuedThreadPool.java:1034)
        at java.lang.Thread.run(Thread.java:750)
"IPC Server handler 90 on default port 15001" daemon prio=5 tid=243 timed_waiting
java.lang.Thread.State: TIMED_WAITING
        at sun.misc.Unsafe.park(Native Method)
        at java.util.concurrent.locks.LockSupport.parkNanos(LockSupport.java:215)
        at java.util.concurrent.locks.AbstractQueuedSynchronizer$ConditionObject.awaitNanos(AbstractQueuedSynchronizer.java:2078)
        at java.util.concurrent.LinkedBlockingQueue.poll(LinkedBlockingQueue.java:467)
        at org.apache.hadoop.ipc.CallQueueManager.take(CallQueueManager.java:317)
        at org.apache.hadoop.ipc.Server$Handler.run(Server.java:3014)
"FixedThreadPoolWithAffinityExecutor-6-0" daemon prio=5 tid=48 timed_waiting
java.lang.Thread.State: TIMED_WAITING
        at sun.misc.Unsafe.park(Native Method)
        at java.util.concurrent.locks.LockSupport.parkNanos(LockSupport.java:215)
        at java.util.concurrent.locks.AbstractQueuedSynchronizer$ConditionObject.awaitNanos(AbstractQueuedSynchronizer.java:2078)
        at java.util.concurrent.LinkedBlockingQueue.poll(LinkedBlockingQueue.java:467)
        at org.apache.hadoop.hdds.scm.server.ContainerReportQueue.poll(ContainerReportQueue.java:269)
        at org.apache.hadoop.hdds.scm.server.ContainerReportQueue.poll(ContainerReportQueue.java:42)
        at org.apache.hadoop.hdds.server.events.FixedThreadPoolWithAffinityExecutor$ContainerReportProcessTask.run(FixedThreadPoolWithAffinityExecutor.java:253)
        at java.util.concurrent.Executors$RunnableAdapter.call(Executors.java:511)
        at java.util.concurrent.FutureTask.run(FutureTask.java:266)
        at java.util.concurrent.ThreadPoolExecutor.runWorker(ThreadPoolExecutor.java:1149)
        at java.util.concurrent.ThreadPoolExecutor$Worker.run(ThreadPoolExecutor.java:624)
        at java.lang.Thread.run(Thread.java:750)
"IPC Server handler 81 on default port 15009" daemon prio=5 tid=552 timed_waiting
java.lang.Thread.State: TIMED_WAITING
        at sun.misc.Unsafe.park(Native Method)
        at java.util.concurrent.locks.LockSupport.parkNanos(LockSupport.java:215)
        at java.util.concurrent.locks.AbstractQueuedSynchronizer$ConditionObject.awaitNanos(AbstractQueuedSynchronizer.java:2078)
        at java.util.concurrent.LinkedBlockingQueue.poll(LinkedBlockingQueue.java:467)
        at org.apache.hadoop.ipc.CallQueueManager.take(CallQueueManager.java:317)
        at org.apache.hadoop.ipc.Server$Handler.run(Server.java:3014)
"IPC Server handler 6 on default port 15001" daemon prio=5 tid=159 timed_waiting
java.lang.Thread.State: TIMED_WAITING
        at sun.misc.Unsafe.park(Native Method)
        at java.util.concurrent.locks.LockSupport.parkNanos(LockSupport.java:215)
        at java.util.concurrent.locks.AbstractQueuedSynchronizer$ConditionObject.awaitNanos(AbstractQueuedSynchronizer.java:2078)
        at java.util.concurrent.LinkedBlockingQueue.poll(LinkedBlockingQueue.java:467)
        at org.apache.hadoop.ipc.CallQueueManager.take(CallQueueManager.java:317)
        at org.apache.hadoop.ipc.Server$Handler.run(Server.java:3014)
"12adf753-b9bf-4e27-afc1-d809141df6d3@group-F914C1362A36->7b630919-9d6b-42e9-b08a-8409ae097dea-GrpcLogAppender-LogAppenderDaemon" daemon prio=5 tid=1175 timed_waiting
java.lang.Thread.State: TIMED_WAITING
        at sun.misc.Unsafe.park(Native Method)
        at java.util.concurrent.locks.LockSupport.parkNanos(LockSupport.java:215)
        at java.util.concurrent.locks.AbstractQueuedSynchronizer$ConditionObject.await(AbstractQueuedSynchronizer.java:2163)
        at org.apache.ratis.util.AwaitForSignal.await(AwaitForSignal.java:65)
        at org.apache.ratis.grpc.server.GrpcLogAppender.mayWait(GrpcLogAppender.java:286)
        at org.apache.ratis.grpc.server.GrpcLogAppender.run(GrpcLogAppender.java:254)
        at org.apache.ratis.server.leader.LogAppenderDaemon.run(LogAppenderDaemon.java:80)
        at org.apache.ratis.server.leader.LogAppenderDaemon$$Lambda$1625/960873877.run(Unknown Source)
        at java.lang.Thread.run(Thread.java:750)
"IPC Server handler 43 on default port 15009" daemon prio=5 tid=514 timed_waiting
java.lang.Thread.State: TIMED_WAITING
        at sun.misc.Unsafe.park(Native Method)
        at java.util.concurrent.locks.LockSupport.parkNanos(LockSupport.java:215)
        at java.util.concurrent.locks.AbstractQueuedSynchronizer$ConditionObject.awaitNanos(AbstractQueuedSynchronizer.java:2078)
        at java.util.concurrent.LinkedBlockingQueue.poll(LinkedBlockingQueue.java:467)
        at org.apache.hadoop.ipc.CallQueueManager.take(CallQueueManager.java:317)
        at org.apache.hadoop.ipc.Server$Handler.run(Server.java:3014)
"dc82d807-438e-4f31-a873-936b5ae41996-CloseContainerThread-1"  prio=5 tid=1062 in Object.wait()
java.lang.Thread.State: WAITING (on object monitor)
        at sun.misc.Unsafe.park(Native Method)
        at java.util.concurrent.locks.LockSupport.park(LockSupport.java:175)
        at java.util.concurrent.locks.AbstractQueuedSynchronizer$ConditionObject.await(AbstractQueuedSynchronizer.java:2039)
        at java.util.concurrent.LinkedBlockingQueue.take(LinkedBlockingQueue.java:442)
        at java.util.concurrent.ThreadPoolExecutor.getTask(ThreadPoolExecutor.java:1074)
        at java.util.concurrent.ThreadPoolExecutor.runWorker(ThreadPoolExecutor.java:1134)
        at java.util.concurrent.ThreadPoolExecutor$Worker.run(ThreadPoolExecutor.java:624)
        at java.lang.Thread.run(Thread.java:750)
"IPC Server handler 7 on default port 15000" daemon prio=5 tid=60 timed_waiting
java.lang.Thread.State: TIMED_WAITING
        at sun.misc.Unsafe.park(Native Method)
        at java.util.concurrent.locks.LockSupport.parkNanos(LockSupport.java:215)
        at java.util.concurrent.locks.AbstractQueuedSynchronizer$ConditionObject.awaitNanos(AbstractQueuedSynchronizer.java:2078)
        at java.util.concurrent.LinkedBlockingQueue.poll(LinkedBlockingQueue.java:467)
        at org.apache.hadoop.ipc.CallQueueManager.take(CallQueueManager.java:317)
        at org.apache.hadoop.ipc.Server$Handler.run(Server.java:3014)
"IPC Server handler 85 on default port 15000" daemon prio=5 tid=138 timed_waiting
java.lang.Thread.State: TIMED_WAITING
        at sun.misc.Unsafe.park(Native Method)
        at java.util.concurrent.locks.LockSupport.parkNanos(LockSupport.java:215)
        at java.util.concurrent.locks.AbstractQueuedSynchronizer$ConditionObject.awaitNanos(AbstractQueuedSynchronizer.java:2078)
        at java.util.concurrent.LinkedBlockingQueue.poll(LinkedBlockingQueue.java:467)
        at org.apache.hadoop.ipc.CallQueueManager.take(CallQueueManager.java:317)
        at org.apache.hadoop.ipc.Server$Handler.run(Server.java:3014)
"IPC Server handler 40 on default port 15000" daemon prio=5 tid=93 timed_waiting
java.lang.Thread.State: TIMED_WAITING
        at sun.misc.Unsafe.park(Native Method)
        at java.util.concurrent.locks.LockSupport.parkNanos(LockSupport.java:215)
        at java.util.concurrent.locks.AbstractQueuedSynchronizer$ConditionObject.awaitNanos(AbstractQueuedSynchronizer.java:2078)
        at java.util.concurrent.LinkedBlockingQueue.poll(LinkedBlockingQueue.java:467)
        at org.apache.hadoop.ipc.CallQueueManager.take(CallQueueManager.java:317)
        at org.apache.hadoop.ipc.Server$Handler.run(Server.java:3014)
"20ed7fe7-4274-4f1a-9498-93c5abf09f1c-server-thread3" daemon prio=5 tid=1179 timed_waiting
java.lang.Thread.State: TIMED_WAITING
        at sun.misc.Unsafe.park(Native Method)
        at java.util.concurrent.locks.LockSupport.parkNanos(LockSupport.java:215)
        at java.util.concurrent.SynchronousQueue$TransferStack.awaitFulfill(SynchronousQueue.java:460)
        at java.util.concurrent.SynchronousQueue$TransferStack.transfer(SynchronousQueue.java:362)
        at java.util.concurrent.SynchronousQueue.poll(SynchronousQueue.java:941)
        at java.util.concurrent.ThreadPoolExecutor.getTask(ThreadPoolExecutor.java:1073)
        at java.util.concurrent.ThreadPoolExecutor.runWorker(ThreadPoolExecutor.java:1134)
        at java.util.concurrent.ThreadPoolExecutor$Worker.run(ThreadPoolExecutor.java:624)
        at java.lang.Thread.run(Thread.java:750)
"IPC Server handler 16 on default port 15004" daemon prio=5 tid=430 timed_waiting
java.lang.Thread.State: TIMED_WAITING
        at sun.misc.Unsafe.park(Native Method)
        at java.util.concurrent.locks.LockSupport.parkNanos(LockSupport.java:215)
        at java.util.concurrent.locks.AbstractQueuedSynchronizer$ConditionObject.awaitNanos(AbstractQueuedSynchronizer.java:2078)
        at java.util.concurrent.LinkedBlockingQueue.poll(LinkedBlockingQueue.java:467)
        at org.apache.hadoop.ipc.CallQueueManager.take(CallQueueManager.java:317)
        at org.apache.hadoop.ipc.Server$Handler.run(Server.java:3014)
"9bdc6c20-c7c2-4cc7-a4be-d4fe59586f4c-PeriodicHDDSVolumeChecker" daemon prio=5 tid=783 timed_waiting
java.lang.Thread.State: TIMED_WAITING
        at sun.misc.Unsafe.park(Native Method)
        at java.util.concurrent.locks.LockSupport.parkNanos(LockSupport.java:215)
        at java.util.concurrent.locks.AbstractQueuedSynchronizer$ConditionObject.awaitNanos(AbstractQueuedSynchronizer.java:2078)
        at java.util.concurrent.ScheduledThreadPoolExecutor$DelayedWorkQueue.take(ScheduledThreadPoolExecutor.java:1093)
        at java.util.concurrent.ScheduledThreadPoolExecutor$DelayedWorkQueue.take(ScheduledThreadPoolExecutor.java:809)
        at java.util.concurrent.ThreadPoolExecutor.getTask(ThreadPoolExecutor.java:1074)
        at java.util.concurrent.ThreadPoolExecutor.runWorker(ThreadPoolExecutor.java:1134)
        at java.util.concurrent.ThreadPoolExecutor$Worker.run(ThreadPoolExecutor.java:624)
        at java.lang.Thread.run(Thread.java:750)
"IPC Server handler 10 on default port 15004" daemon prio=5 tid=424 timed_waiting
java.lang.Thread.State: TIMED_WAITING
        at sun.misc.Unsafe.park(Native Method)
        at java.util.concurrent.locks.LockSupport.parkNanos(LockSupport.java:215)
        at java.util.concurrent.locks.AbstractQueuedSynchronizer$ConditionObject.awaitNanos(AbstractQueuedSynchronizer.java:2078)
        at java.util.concurrent.LinkedBlockingQueue.poll(LinkedBlockingQueue.java:467)
        at org.apache.hadoop.ipc.CallQueueManager.take(CallQueueManager.java:317)
        at org.apache.hadoop.ipc.Server$Handler.run(Server.java:3014)
"qtp496161074-362" daemon prio=5 tid=362 timed_waiting
java.lang.Thread.State: TIMED_WAITING
        at sun.misc.Unsafe.park(Native Method)
        at java.util.concurrent.locks.LockSupport.parkNanos(LockSupport.java:215)
        at java.util.concurrent.locks.AbstractQueuedSynchronizer$ConditionObject.awaitNanos(AbstractQueuedSynchronizer.java:2078)
        at org.eclipse.jetty.util.BlockingArrayQueue.poll(BlockingArrayQueue.java:382)
        at org.eclipse.jetty.util.thread.QueuedThreadPool$Runner.idleJobPoll(QueuedThreadPool.java:974)
        at org.eclipse.jetty.util.thread.QueuedThreadPool$Runner.run(QueuedThreadPool.java:1018)
        at java.lang.Thread.run(Thread.java:750)
"Hadoop-Metrics-Updater-0" daemon prio=5 tid=385 timed_waiting
java.lang.Thread.State: TIMED_WAITING
        at sun.misc.Unsafe.park(Native Method)
        at java.util.concurrent.locks.LockSupport.parkNanos(LockSupport.java:215)
        at java.util.concurrent.locks.AbstractQueuedSynchronizer$ConditionObject.awaitNanos(AbstractQueuedSynchronizer.java:2078)
        at java.util.concurrent.ScheduledThreadPoolExecutor$DelayedWorkQueue.take(ScheduledThreadPoolExecutor.java:1093)
        at java.util.concurrent.ScheduledThreadPoolExecutor$DelayedWorkQueue.take(ScheduledThreadPoolExecutor.java:809)
        at java.util.concurrent.ThreadPoolExecutor.getTask(ThreadPoolExecutor.java:1074)
        at java.util.concurrent.ThreadPoolExecutor.runWorker(ThreadPoolExecutor.java:1134)
        at java.util.concurrent.ThreadPoolExecutor$Worker.run(ThreadPoolExecutor.java:624)
        at java.lang.Thread.run(Thread.java:750)
"IPC Server handler 52 on default port 15001" daemon prio=5 tid=205 timed_waiting
java.lang.Thread.State: TIMED_WAITING
        at sun.misc.Unsafe.park(Native Method)
        at java.util.concurrent.locks.LockSupport.parkNanos(LockSupport.java:215)
        at java.util.concurrent.locks.AbstractQueuedSynchronizer$ConditionObject.awaitNanos(AbstractQueuedSynchronizer.java:2078)
        at java.util.concurrent.LinkedBlockingQueue.poll(LinkedBlockingQueue.java:467)
        at org.apache.hadoop.ipc.CallQueueManager.take(CallQueueManager.java:317)
        at org.apache.hadoop.ipc.Server$Handler.run(Server.java:3014)
"IPC Server handler 8 on default port 15004" daemon prio=5 tid=422 timed_waiting
java.lang.Thread.State: TIMED_WAITING
        at sun.misc.Unsafe.park(Native Method)
        at java.util.concurrent.locks.LockSupport.parkNanos(LockSupport.java:215)
        at java.util.concurrent.locks.AbstractQueuedSynchronizer$ConditionObject.awaitNanos(AbstractQueuedSynchronizer.java:2078)
        at java.util.concurrent.LinkedBlockingQueue.poll(LinkedBlockingQueue.java:467)
        at org.apache.hadoop.ipc.CallQueueManager.take(CallQueueManager.java:317)
        at org.apache.hadoop.ipc.Server$Handler.run(Server.java:3014)
"12adf753-b9bf-4e27-afc1-d809141df6d3@group-F914C1362A36->20ed7fe7-4274-4f1a-9498-93c5abf09f1c-GrpcLogAppender-LogAppenderDaemon" daemon prio=5 tid=1176 timed_waiting
java.lang.Thread.State: TIMED_WAITING
        at sun.misc.Unsafe.park(Native Method)
        at java.util.concurrent.locks.LockSupport.parkNanos(LockSupport.java:215)
        at java.util.concurrent.locks.AbstractQueuedSynchronizer$ConditionObject.await(AbstractQueuedSynchronizer.java:2163)
        at org.apache.ratis.util.AwaitForSignal.await(AwaitForSignal.java:65)
        at org.apache.ratis.grpc.server.GrpcLogAppender.mayWait(GrpcLogAppender.java:286)
        at org.apache.ratis.grpc.server.GrpcLogAppender.run(GrpcLogAppender.java:254)
        at org.apache.ratis.server.leader.LogAppenderDaemon.run(LogAppenderDaemon.java:80)
        at org.apache.ratis.server.leader.LogAppenderDaemon$$Lambda$1625/960873877.run(Unknown Source)
        at java.lang.Thread.run(Thread.java:750)
"Recon-FixedThreadPoolWithAffinityExecutor-5-0" daemon prio=5 tid=453 timed_waiting
java.lang.Thread.State: TIMED_WAITING
        at sun.misc.Unsafe.park(Native Method)
        at java.util.concurrent.locks.LockSupport.parkNanos(LockSupport.java:215)
        at java.util.concurrent.locks.AbstractQueuedSynchronizer$ConditionObject.awaitNanos(AbstractQueuedSynchronizer.java:2078)
        at java.util.concurrent.LinkedBlockingQueue.poll(LinkedBlockingQueue.java:467)
        at org.apache.hadoop.hdds.scm.server.ContainerReportQueue.poll(ContainerReportQueue.java:269)
        at org.apache.hadoop.hdds.scm.server.ContainerReportQueue.poll(ContainerReportQueue.java:42)
        at org.apache.hadoop.hdds.server.events.FixedThreadPoolWithAffinityExecutor$ContainerReportProcessTask.run(FixedThreadPoolWithAffinityExecutor.java:253)
        at java.util.concurrent.Executors$RunnableAdapter.call(Executors.java:511)
        at java.util.concurrent.FutureTask.run(FutureTask.java:266)
        at java.util.concurrent.ThreadPoolExecutor.runWorker(ThreadPoolExecutor.java:1149)
        at java.util.concurrent.ThreadPoolExecutor$Worker.run(ThreadPoolExecutor.java:624)
        at java.lang.Thread.run(Thread.java:750)
"IPC Server handler 93 on default port 15002" daemon prio=5 tid=346 timed_waiting
java.lang.Thread.State: TIMED_WAITING
        at sun.misc.Unsafe.park(Native Method)
        at java.util.concurrent.locks.LockSupport.parkNanos(LockSupport.java:215)
        at java.util.concurrent.locks.AbstractQueuedSynchronizer$ConditionObject.awaitNanos(AbstractQueuedSynchronizer.java:2078)
        at java.util.concurrent.LinkedBlockingQueue.poll(LinkedBlockingQueue.java:467)
        at org.apache.hadoop.ipc.CallQueueManager.take(CallQueueManager.java:317)
        at org.apache.hadoop.ipc.Server$Handler.run(Server.java:3014)
"qtp1287916357-646" daemon prio=5 tid=646 timed_waiting
java.lang.Thread.State: TIMED_WAITING
        at sun.misc.Unsafe.park(Native Method)
        at java.util.concurrent.locks.LockSupport.parkNanos(LockSupport.java:215)
        at java.util.concurrent.locks.AbstractQueuedSynchronizer$ConditionObject.awaitNanos(AbstractQueuedSynchronizer.java:2078)
        at org.eclipse.jetty.util.BlockingArrayQueue.poll(BlockingArrayQueue.java:382)
        at org.eclipse.jetty.util.thread.QueuedThreadPool$Runner.idleJobPoll(QueuedThreadPool.java:974)
        at org.eclipse.jetty.util.thread.QueuedThreadPool$Runner.run(QueuedThreadPool.java:1018)
        at java.lang.Thread.run(Thread.java:750)
"IPC Server handler 29 on default port 15009" daemon prio=5 tid=500 timed_waiting
java.lang.Thread.State: TIMED_WAITING
        at sun.misc.Unsafe.park(Native Method)
        at java.util.concurrent.locks.LockSupport.parkNanos(LockSupport.java:215)
        at java.util.concurrent.locks.AbstractQueuedSynchronizer$ConditionObject.awaitNanos(AbstractQueuedSynchronizer.java:2078)
        at java.util.concurrent.LinkedBlockingQueue.poll(LinkedBlockingQueue.java:467)
        at org.apache.hadoop.ipc.CallQueueManager.take(CallQueueManager.java:317)
        at org.apache.hadoop.ipc.Server$Handler.run(Server.java:3014)
"IPC Server handler 53 on default port 15002" daemon prio=5 tid=306 timed_waiting
java.lang.Thread.State: TIMED_WAITING
        at sun.misc.Unsafe.park(Native Method)
        at java.util.concurrent.locks.LockSupport.parkNanos(LockSupport.java:215)
        at java.util.concurrent.locks.AbstractQueuedSynchronizer$ConditionObject.awaitNanos(AbstractQueuedSynchronizer.java:2078)
        at java.util.concurrent.LinkedBlockingQueue.poll(LinkedBlockingQueue.java:467)
        at org.apache.hadoop.ipc.CallQueueManager.take(CallQueueManager.java:317)
        at org.apache.hadoop.ipc.Server$Handler.run(Server.java:3014)
"qtp1591256270-409" daemon prio=5 tid=409 runnable
java.lang.Thread.State: RUNNABLE
        at sun.nio.ch.EPollArrayWrapper.epollWait(Native Method)
        at sun.nio.ch.EPollArrayWrapper.poll(EPollArrayWrapper.java:269)
        at sun.nio.ch.EPollSelectorImpl.doSelect(EPollSelectorImpl.java:93)
        at sun.nio.ch.SelectorImpl.lockAndDoSelect(SelectorImpl.java:86)
        at sun.nio.ch.SelectorImpl.select(SelectorImpl.java:97)
        at sun.nio.ch.SelectorImpl.select(SelectorImpl.java:101)
        at org.eclipse.jetty.io.ManagedSelector.nioSelect(ManagedSelector.java:183)
        at org.eclipse.jetty.io.ManagedSelector.select(ManagedSelector.java:190)
        at org.eclipse.jetty.io.ManagedSelector$SelectorProducer.select(ManagedSelector.java:606)
        at org.eclipse.jetty.io.ManagedSelector$SelectorProducer.produce(ManagedSelector.java:543)
        at org.eclipse.jetty.util.thread.strategy.EatWhatYouKill.produceTask(EatWhatYouKill.java:362)
        at org.eclipse.jetty.util.thread.strategy.EatWhatYouKill.doProduce(EatWhatYouKill.java:186)
        at org.eclipse.jetty.util.thread.strategy.EatWhatYouKill.tryProduce(EatWhatYouKill.java:173)
        at org.eclipse.jetty.util.thread.strategy.EatWhatYouKill.run(EatWhatYouKill.java:131)
        at org.eclipse.jetty.util.thread.ReservedThreadExecutor$ReservedThread.run(ReservedThreadExecutor.java:409)
        at org.eclipse.jetty.util.thread.QueuedThreadPool.runJob(QueuedThreadPool.java:883)
        at org.eclipse.jetty.util.thread.QueuedThreadPool$Runner.run(QueuedThreadPool.java:1034)
        at java.lang.Thread.run(Thread.java:750)
"Timer for 'StorageContainerManager' metrics system" daemon prio=5 tid=52 timed_waiting
java.lang.Thread.State: TIMED_WAITING
        at java.lang.Object.wait(Native Method)
        at java.util.TimerThread.mainLoop(Timer.java:552)
        at java.util.TimerThread.run(Timer.java:505)
"20ed7fe7-4274-4f1a-9498-93c5abf09f1c-DatanodeReportManager-4" daemon prio=5 tid=715 in Object.wait()
java.lang.Thread.State: WAITING (on object monitor)
        at sun.misc.Unsafe.park(Native Method)
        at java.util.concurrent.locks.LockSupport.park(LockSupport.java:175)
        at java.util.concurrent.locks.AbstractQueuedSynchronizer$ConditionObject.await(AbstractQueuedSynchronizer.java:2039)
        at java.util.concurrent.ScheduledThreadPoolExecutor$DelayedWorkQueue.take(ScheduledThreadPoolExecutor.java:1088)
        at java.util.concurrent.ScheduledThreadPoolExecutor$DelayedWorkQueue.take(ScheduledThreadPoolExecutor.java:809)
        at java.util.concurrent.ThreadPoolExecutor.getTask(ThreadPoolExecutor.java:1074)
        at java.util.concurrent.ThreadPoolExecutor.runWorker(ThreadPoolExecutor.java:1134)
        at java.util.concurrent.ThreadPoolExecutor$Worker.run(ThreadPoolExecutor.java:624)
        at java.lang.Thread.run(Thread.java:750)
"IPC Server handler 18 on default port 15000" daemon prio=5 tid=71 timed_waiting
java.lang.Thread.State: TIMED_WAITING
        at sun.misc.Unsafe.park(Native Method)
        at java.util.concurrent.locks.LockSupport.parkNanos(LockSupport.java:215)
        at java.util.concurrent.locks.AbstractQueuedSynchronizer$ConditionObject.awaitNanos(AbstractQueuedSynchronizer.java:2078)
        at java.util.concurrent.LinkedBlockingQueue.poll(LinkedBlockingQueue.java:467)
        at org.apache.hadoop.ipc.CallQueueManager.take(CallQueueManager.java:317)
        at org.apache.hadoop.ipc.Server$Handler.run(Server.java:3014)
"qtp1287916357-645" daemon prio=5 tid=645 timed_waiting
java.lang.Thread.State: TIMED_WAITING
        at sun.misc.Unsafe.park(Native Method)
        at java.util.concurrent.locks.LockSupport.parkNanos(LockSupport.java:215)
        at java.util.concurrent.locks.AbstractQueuedSynchronizer$ConditionObject.awaitNanos(AbstractQueuedSynchronizer.java:2078)
        at org.eclipse.jetty.util.BlockingArrayQueue.poll(BlockingArrayQueue.java:382)
        at org.eclipse.jetty.util.thread.QueuedThreadPool$Runner.idleJobPoll(QueuedThreadPool.java:974)
        at org.eclipse.jetty.util.thread.QueuedThreadPool$Runner.run(QueuedThreadPool.java:1018)
        at java.lang.Thread.run(Thread.java:750)
"IPC Server handler 91 on default port 15002" daemon prio=5 tid=344 timed_waiting
java.lang.Thread.State: TIMED_WAITING
        at sun.misc.Unsafe.park(Native Method)
        at java.util.concurrent.locks.LockSupport.parkNanos(LockSupport.java:215)
        at java.util.concurrent.locks.AbstractQueuedSynchronizer$ConditionObject.awaitNanos(AbstractQueuedSynchronizer.java:2078)
        at java.util.concurrent.LinkedBlockingQueue.poll(LinkedBlockingQueue.java:467)
        at org.apache.hadoop.ipc.CallQueueManager.take(CallQueueManager.java:317)
        at org.apache.hadoop.ipc.Server$Handler.run(Server.java:3014)
"7b630919-9d6b-42e9-b08a-8409ae097dea-ContainerReplicationThread-0" daemon prio=5 tid=1094 in Object.wait()
java.lang.Thread.State: WAITING (on object monitor)
        at sun.misc.Unsafe.park(Native Method)
        at java.util.concurrent.locks.LockSupport.park(LockSupport.java:175)
        at java.util.concurrent.locks.AbstractQueuedSynchronizer$ConditionObject.await(AbstractQueuedSynchronizer.java:2039)
        at java.util.concurrent.PriorityBlockingQueue.take(PriorityBlockingQueue.java:549)
        at java.util.concurrent.ThreadPoolExecutor.getTask(ThreadPoolExecutor.java:1074)
        at java.util.concurrent.ThreadPoolExecutor.runWorker(ThreadPoolExecutor.java:1134)
        at java.util.concurrent.ThreadPoolExecutor$Worker.run(ThreadPoolExecutor.java:624)
        at java.lang.Thread.run(Thread.java:750)
"IPC Server handler 74 on default port 15000" daemon prio=5 tid=127 timed_waiting
java.lang.Thread.State: TIMED_WAITING
        at sun.misc.Unsafe.park(Native Method)
        at java.util.concurrent.locks.LockSupport.parkNanos(LockSupport.java:215)
        at java.util.concurrent.locks.AbstractQueuedSynchronizer$ConditionObject.awaitNanos(AbstractQueuedSynchronizer.java:2078)
        at java.util.concurrent.LinkedBlockingQueue.poll(LinkedBlockingQueue.java:467)
        at org.apache.hadoop.ipc.CallQueueManager.take(CallQueueManager.java:317)
        at org.apache.hadoop.ipc.Server$Handler.run(Server.java:3014)
"IPC Server handler 85 on default port 15009" daemon prio=5 tid=556 timed_waiting
java.lang.Thread.State: TIMED_WAITING
        at sun.misc.Unsafe.park(Native Method)
        at java.util.concurrent.locks.LockSupport.parkNanos(LockSupport.java:215)
        at java.util.concurrent.locks.AbstractQueuedSynchronizer$ConditionObject.awaitNanos(AbstractQueuedSynchronizer.java:2078)
        at java.util.concurrent.LinkedBlockingQueue.poll(LinkedBlockingQueue.java:467)
        at org.apache.hadoop.ipc.CallQueueManager.take(CallQueueManager.java:317)
        at org.apache.hadoop.ipc.Server$Handler.run(Server.java:3014)
"IPC Server handler 59 on default port 15000" daemon prio=5 tid=112 timed_waiting
java.lang.Thread.State: TIMED_WAITING
        at sun.misc.Unsafe.park(Native Method)
        at java.util.concurrent.locks.LockSupport.parkNanos(LockSupport.java:215)
        at java.util.concurrent.locks.AbstractQueuedSynchronizer$ConditionObject.awaitNanos(AbstractQueuedSynchronizer.java:2078)
        at java.util.concurrent.LinkedBlockingQueue.poll(LinkedBlockingQueue.java:467)
        at org.apache.hadoop.ipc.CallQueueManager.take(CallQueueManager.java:317)
        at org.apache.hadoop.ipc.Server$Handler.run(Server.java:3014)
"7b630919-9d6b-42e9-b08a-8409ae097dea-CloseContainerThread-1"  prio=5 tid=1059 in Object.wait()
java.lang.Thread.State: WAITING (on object monitor)
        at sun.misc.Unsafe.park(Native Method)
        at java.util.concurrent.locks.LockSupport.park(LockSupport.java:175)
        at java.util.concurrent.locks.AbstractQueuedSynchronizer$ConditionObject.await(AbstractQueuedSynchronizer.java:2039)
        at java.util.concurrent.LinkedBlockingQueue.take(LinkedBlockingQueue.java:442)
        at java.util.concurrent.ThreadPoolExecutor.getTask(ThreadPoolExecutor.java:1074)
        at java.util.concurrent.ThreadPoolExecutor.runWorker(ThreadPoolExecutor.java:1134)
        at java.util.concurrent.ThreadPoolExecutor$Worker.run(ThreadPoolExecutor.java:624)
        at java.lang.Thread.run(Thread.java:750)
"IPC Server listener on 15002" daemon prio=5 tid=27 runnable
java.lang.Thread.State: RUNNABLE
        at sun.nio.ch.EPollArrayWrapper.epollWait(Native Method)
        at sun.nio.ch.EPollArrayWrapper.poll(EPollArrayWrapper.java:269)
        at sun.nio.ch.EPollSelectorImpl.doSelect(EPollSelectorImpl.java:93)
        at sun.nio.ch.SelectorImpl.lockAndDoSelect(SelectorImpl.java:86)
        at sun.nio.ch.SelectorImpl.select(SelectorImpl.java:97)
        at sun.nio.ch.SelectorImpl.select(SelectorImpl.java:101)
        at org.apache.hadoop.ipc.Server$Listener.run(Server.java:1408)
"IPC Server handler 95 on default port 15009" daemon prio=5 tid=566 timed_waiting
java.lang.Thread.State: TIMED_WAITING
        at sun.misc.Unsafe.park(Native Method)
        at java.util.concurrent.locks.LockSupport.parkNanos(LockSupport.java:215)
        at java.util.concurrent.locks.AbstractQueuedSynchronizer$ConditionObject.awaitNanos(AbstractQueuedSynchronizer.java:2078)
        at java.util.concurrent.LinkedBlockingQueue.poll(LinkedBlockingQueue.java:467)
        at org.apache.hadoop.ipc.CallQueueManager.take(CallQueueManager.java:317)
        at org.apache.hadoop.ipc.Server$Handler.run(Server.java:3014)
"pool-194-thread-1"  prio=5 tid=666 timed_waiting
java.lang.Thread.State: TIMED_WAITING
        at sun.misc.Unsafe.park(Native Method)
        at java.util.concurrent.locks.LockSupport.parkNanos(LockSupport.java:215)
        at java.util.concurrent.locks.AbstractQueuedSynchronizer$ConditionObject.awaitNanos(AbstractQueuedSynchronizer.java:2078)
        at java.util.concurrent.ScheduledThreadPoolExecutor$DelayedWorkQueue.take(ScheduledThreadPoolExecutor.java:1093)
        at java.util.concurrent.ScheduledThreadPoolExecutor$DelayedWorkQueue.take(ScheduledThreadPoolExecutor.java:809)
        at java.util.concurrent.ThreadPoolExecutor.getTask(ThreadPoolExecutor.java:1074)
        at java.util.concurrent.ThreadPoolExecutor.runWorker(ThreadPoolExecutor.java:1134)
        at java.util.concurrent.ThreadPoolExecutor$Worker.run(ThreadPoolExecutor.java:624)
        at java.lang.Thread.run(Thread.java:750)
"Recon-FixedThreadPoolWithAffinityExecutor-6-0" daemon prio=5 tid=454 timed_waiting
java.lang.Thread.State: TIMED_WAITING
        at sun.misc.Unsafe.park(Native Method)
        at java.util.concurrent.locks.LockSupport.parkNanos(LockSupport.java:215)
        at java.util.concurrent.locks.AbstractQueuedSynchronizer$ConditionObject.awaitNanos(AbstractQueuedSynchronizer.java:2078)
        at java.util.concurrent.LinkedBlockingQueue.poll(LinkedBlockingQueue.java:467)
        at org.apache.hadoop.hdds.scm.server.ContainerReportQueue.poll(ContainerReportQueue.java:269)
        at org.apache.hadoop.hdds.scm.server.ContainerReportQueue.poll(ContainerReportQueue.java:42)
        at org.apache.hadoop.hdds.server.events.FixedThreadPoolWithAffinityExecutor$ContainerReportProcessTask.run(FixedThreadPoolWithAffinityExecutor.java:253)
        at java.util.concurrent.Executors$RunnableAdapter.call(Executors.java:511)
        at java.util.concurrent.FutureTask.run(FutureTask.java:266)
        at java.util.concurrent.ThreadPoolExecutor.runWorker(ThreadPoolExecutor.java:1149)
        at java.util.concurrent.ThreadPoolExecutor$Worker.run(ThreadPoolExecutor.java:624)
        at java.lang.Thread.run(Thread.java:750)
"EventQueue-NodeRegistrationContainerReportForDataNodeSafeModeRule" daemon prio=5 tid=819 in Object.wait()
java.lang.Thread.State: WAITING (on object monitor)
        at sun.misc.Unsafe.park(Native Method)
        at java.util.concurrent.locks.LockSupport.park(LockSupport.java:175)
        at java.util.concurrent.locks.AbstractQueuedSynchronizer$ConditionObject.await(AbstractQueuedSynchronizer.java:2039)
        at java.util.concurrent.LinkedBlockingQueue.take(LinkedBlockingQueue.java:442)
        at java.util.concurrent.ThreadPoolExecutor.getTask(ThreadPoolExecutor.java:1074)
        at java.util.concurrent.ThreadPoolExecutor.runWorker(ThreadPoolExecutor.java:1134)
        at java.util.concurrent.ThreadPoolExecutor$Worker.run(ThreadPoolExecutor.java:624)
        at java.lang.Thread.run(Thread.java:750)
"IPC Server handler 51 on default port 15001" daemon prio=5 tid=204 timed_waiting
java.lang.Thread.State: TIMED_WAITING
        at sun.misc.Unsafe.park(Native Method)
        at java.util.concurrent.locks.LockSupport.parkNanos(LockSupport.java:215)
        at java.util.concurrent.locks.AbstractQueuedSynchronizer$ConditionObject.awaitNanos(AbstractQueuedSynchronizer.java:2078)
        at java.util.concurrent.LinkedBlockingQueue.poll(LinkedBlockingQueue.java:467)
        at org.apache.hadoop.ipc.CallQueueManager.take(CallQueueManager.java:317)
        at org.apache.hadoop.ipc.Server$Handler.run(Server.java:3014)
"IPC Server handler 98 on default port 15002" daemon prio=5 tid=351 timed_waiting
java.lang.Thread.State: TIMED_WAITING
        at sun.misc.Unsafe.park(Native Method)
        at java.util.concurrent.locks.LockSupport.parkNanos(LockSupport.java:215)
        at java.util.concurrent.locks.AbstractQueuedSynchronizer$ConditionObject.awaitNanos(AbstractQueuedSynchronizer.java:2078)
        at java.util.concurrent.LinkedBlockingQueue.poll(LinkedBlockingQueue.java:467)
        at org.apache.hadoop.ipc.CallQueueManager.take(CallQueueManager.java:317)
        at org.apache.hadoop.ipc.Server$Handler.run(Server.java:3014)
"qtp1249016169-612" daemon prio=5 tid=612 runnable
java.lang.Thread.State: RUNNABLE
        at sun.nio.ch.EPollArrayWrapper.epollWait(Native Method)
        at sun.nio.ch.EPollArrayWrapper.poll(EPollArrayWrapper.java:269)
        at sun.nio.ch.EPollSelectorImpl.doSelect(EPollSelectorImpl.java:93)
        at sun.nio.ch.SelectorImpl.lockAndDoSelect(SelectorImpl.java:86)
        at sun.nio.ch.SelectorImpl.select(SelectorImpl.java:97)
        at sun.nio.ch.SelectorImpl.select(SelectorImpl.java:101)
        at org.eclipse.jetty.io.ManagedSelector.nioSelect(ManagedSelector.java:183)
        at org.eclipse.jetty.io.ManagedSelector.select(ManagedSelector.java:190)
        at org.eclipse.jetty.io.ManagedSelector$SelectorProducer.select(ManagedSelector.java:606)
        at org.eclipse.jetty.io.ManagedSelector$SelectorProducer.produce(ManagedSelector.java:543)
        at org.eclipse.jetty.util.thread.strategy.EatWhatYouKill.produceTask(EatWhatYouKill.java:362)
        at org.eclipse.jetty.util.thread.strategy.EatWhatYouKill.doProduce(EatWhatYouKill.java:186)
        at org.eclipse.jetty.util.thread.strategy.EatWhatYouKill.tryProduce(EatWhatYouKill.java:173)
        at org.eclipse.jetty.util.thread.strategy.EatWhatYouKill.produce(EatWhatYouKill.java:137)
        at org.eclipse.jetty.io.ManagedSelector$$Lambda$594/551825973.run(Unknown Source)
        at org.eclipse.jetty.util.thread.QueuedThreadPool.runJob(QueuedThreadPool.java:883)
        at org.eclipse.jetty.util.thread.QueuedThreadPool$Runner.run(QueuedThreadPool.java:1034)
        at java.lang.Thread.run(Thread.java:750)
"IPC Server handler 1 on default port 15001" daemon prio=5 tid=154 timed_waiting
java.lang.Thread.State: TIMED_WAITING
        at sun.misc.Unsafe.park(Native Method)
        at java.util.concurrent.locks.LockSupport.parkNanos(LockSupport.java:215)
        at java.util.concurrent.locks.AbstractQueuedSynchronizer$ConditionObject.awaitNanos(AbstractQueuedSynchronizer.java:2078)
        at java.util.concurrent.LinkedBlockingQueue.poll(LinkedBlockingQueue.java:467)
        at org.apache.hadoop.ipc.CallQueueManager.take(CallQueueManager.java:317)
        at org.apache.hadoop.ipc.Server$Handler.run(Server.java:3014)
"dc82d807-438e-4f31-a873-936b5ae41996-ChunkWriter-2-0" daemon prio=5 tid=733 in Object.wait()
java.lang.Thread.State: WAITING (on object monitor)
        at sun.misc.Unsafe.park(Native Method)
        at java.util.concurrent.locks.LockSupport.park(LockSupport.java:175)
        at java.util.concurrent.locks.AbstractQueuedSynchronizer$ConditionObject.await(AbstractQueuedSynchronizer.java:2039)
        at java.util.concurrent.LinkedBlockingDeque.takeFirst(LinkedBlockingDeque.java:492)
        at java.util.concurrent.LinkedBlockingDeque.take(LinkedBlockingDeque.java:680)
        at java.util.concurrent.ThreadPoolExecutor.getTask(ThreadPoolExecutor.java:1074)
        at java.util.concurrent.ThreadPoolExecutor.runWorker(ThreadPoolExecutor.java:1134)
        at java.util.concurrent.ThreadPoolExecutor$Worker.run(ThreadPoolExecutor.java:624)
        at java.lang.Thread.run(Thread.java:750)
"IPC Server handler 79 on default port 15001" daemon prio=5 tid=232 timed_waiting
java.lang.Thread.State: TIMED_WAITING
        at sun.misc.Unsafe.park(Native Method)
        at java.util.concurrent.locks.LockSupport.parkNanos(LockSupport.java:215)
        at java.util.concurrent.locks.AbstractQueuedSynchronizer$ConditionObject.awaitNanos(AbstractQueuedSynchronizer.java:2078)
        at java.util.concurrent.LinkedBlockingQueue.poll(LinkedBlockingQueue.java:467)
        at org.apache.hadoop.ipc.CallQueueManager.take(CallQueueManager.java:317)
        at org.apache.hadoop.ipc.Server$Handler.run(Server.java:3014)
"IPC Server handler 30 on default port 15002" daemon prio=5 tid=283 timed_waiting
java.lang.Thread.State: TIMED_WAITING
        at sun.misc.Unsafe.park(Native Method)
        at java.util.concurrent.locks.LockSupport.parkNanos(LockSupport.java:215)
        at java.util.concurrent.locks.AbstractQueuedSynchronizer$ConditionObject.awaitNanos(AbstractQueuedSynchronizer.java:2078)
        at java.util.concurrent.LinkedBlockingQueue.poll(LinkedBlockingQueue.java:467)
        at org.apache.hadoop.ipc.CallQueueManager.take(CallQueueManager.java:317)
        at org.apache.hadoop.ipc.Server$Handler.run(Server.java:3014)
"IPC Server handler 75 on default port 15000" daemon prio=5 tid=128 timed_waiting
java.lang.Thread.State: TIMED_WAITING
        at sun.misc.Unsafe.park(Native Method)
        at java.util.concurrent.locks.LockSupport.parkNanos(LockSupport.java:215)
        at java.util.concurrent.locks.AbstractQueuedSynchronizer$ConditionObject.awaitNanos(AbstractQueuedSynchronizer.java:2078)
        at java.util.concurrent.LinkedBlockingQueue.poll(LinkedBlockingQueue.java:467)
        at org.apache.hadoop.ipc.CallQueueManager.take(CallQueueManager.java:317)
        at org.apache.hadoop.ipc.Server$Handler.run(Server.java:3014)
"20ed7fe7-4274-4f1a-9498-93c5abf09f1c-DatanodeStateMachineTaskThread-0"  prio=5 tid=717 in Object.wait()
java.lang.Thread.State: WAITING (on object monitor)
        at sun.misc.Unsafe.park(Native Method)
        at java.util.concurrent.locks.LockSupport.park(LockSupport.java:175)
        at java.util.concurrent.locks.AbstractQueuedSynchronizer$ConditionObject.await(AbstractQueuedSynchronizer.java:2039)
        at java.util.concurrent.LinkedBlockingQueue.take(LinkedBlockingQueue.java:442)
        at java.util.concurrent.ThreadPoolExecutor.getTask(ThreadPoolExecutor.java:1074)
        at java.util.concurrent.ThreadPoolExecutor.runWorker(ThreadPoolExecutor.java:1134)
        at java.util.concurrent.ThreadPoolExecutor$Worker.run(ThreadPoolExecutor.java:624)
        at java.lang.Thread.run(Thread.java:750)
"IPC Server handler 8 on default port 15001" daemon prio=5 tid=161 timed_waiting
java.lang.Thread.State: TIMED_WAITING
        at sun.misc.Unsafe.park(Native Method)
        at java.util.concurrent.locks.LockSupport.parkNanos(LockSupport.java:215)
        at java.util.concurrent.locks.AbstractQueuedSynchronizer$ConditionObject.awaitNanos(AbstractQueuedSynchronizer.java:2078)
        at java.util.concurrent.LinkedBlockingQueue.poll(LinkedBlockingQueue.java:467)
        at org.apache.hadoop.ipc.CallQueueManager.take(CallQueueManager.java:317)
        at org.apache.hadoop.ipc.Server$Handler.run(Server.java:3014)
"IPC Server Responder" daemon prio=5 tid=623 runnable
java.lang.Thread.State: RUNNABLE
        at sun.nio.ch.EPollArrayWrapper.epollWait(Native Method)
        at sun.nio.ch.EPollArrayWrapper.poll(EPollArrayWrapper.java:269)
        at sun.nio.ch.EPollSelectorImpl.doSelect(EPollSelectorImpl.java:93)
        at sun.nio.ch.SelectorImpl.lockAndDoSelect(SelectorImpl.java:86)
        at sun.nio.ch.SelectorImpl.select(SelectorImpl.java:97)
        at org.apache.hadoop.ipc.Server$Responder.doRunLoop(Server.java:1582)
        at org.apache.hadoop.ipc.Server$Responder.run(Server.java:1565)
"IPC Server handler 96 on default port 15000" daemon prio=5 tid=149 timed_waiting
java.lang.Thread.State: TIMED_WAITING
        at sun.misc.Unsafe.park(Native Method)
        at java.util.concurrent.locks.LockSupport.parkNanos(LockSupport.java:215)
        at java.util.concurrent.locks.AbstractQueuedSynchronizer$ConditionObject.awaitNanos(AbstractQueuedSynchronizer.java:2078)
        at java.util.concurrent.LinkedBlockingQueue.poll(LinkedBlockingQueue.java:467)
        at org.apache.hadoop.ipc.CallQueueManager.take(CallQueueManager.java:317)
        at org.apache.hadoop.ipc.Server$Handler.run(Server.java:3014)
"om1-client-thread1" daemon prio=5 tid=935 timed_waiting
java.lang.Thread.State: TIMED_WAITING
        at sun.misc.Unsafe.park(Native Method)
        at java.util.concurrent.locks.LockSupport.parkNanos(LockSupport.java:215)
        at java.util.concurrent.SynchronousQueue$TransferStack.awaitFulfill(SynchronousQueue.java:460)
        at java.util.concurrent.SynchronousQueue$TransferStack.transfer(SynchronousQueue.java:362)
        at java.util.concurrent.SynchronousQueue.poll(SynchronousQueue.java:941)
        at java.util.concurrent.ThreadPoolExecutor.getTask(ThreadPoolExecutor.java:1073)
        at java.util.concurrent.ThreadPoolExecutor.runWorker(ThreadPoolExecutor.java:1134)
        at java.util.concurrent.ThreadPoolExecutor$Worker.run(ThreadPoolExecutor.java:624)
        at java.lang.Thread.run(Thread.java:750)
"IPC Server handler 63 on default port 15002" daemon prio=5 tid=316 timed_waiting
java.lang.Thread.State: TIMED_WAITING
        at sun.misc.Unsafe.park(Native Method)
        at java.util.concurrent.locks.LockSupport.parkNanos(LockSupport.java:215)
        at java.util.concurrent.locks.AbstractQueuedSynchronizer$ConditionObject.awaitNanos(AbstractQueuedSynchronizer.java:2078)
        at java.util.concurrent.LinkedBlockingQueue.poll(LinkedBlockingQueue.java:467)
        at org.apache.hadoop.ipc.CallQueueManager.take(CallQueueManager.java:317)
        at org.apache.hadoop.ipc.Server$Handler.run(Server.java:3014)
"dc82d807-438e-4f31-a873-936b5ae41996-DatanodeReportManager-3" daemon prio=5 tid=602 in Object.wait()
java.lang.Thread.State: WAITING (on object monitor)
        at sun.misc.Unsafe.park(Native Method)
        at java.util.concurrent.locks.LockSupport.park(LockSupport.java:175)
        at java.util.concurrent.locks.AbstractQueuedSynchronizer$ConditionObject.await(AbstractQueuedSynchronizer.java:2039)
        at java.util.concurrent.ScheduledThreadPoolExecutor$DelayedWorkQueue.take(ScheduledThreadPoolExecutor.java:1088)
        at java.util.concurrent.ScheduledThreadPoolExecutor$DelayedWorkQueue.take(ScheduledThreadPoolExecutor.java:809)
        at java.util.concurrent.ThreadPoolExecutor.getTask(ThreadPoolExecutor.java:1074)
        at java.util.concurrent.ThreadPoolExecutor.runWorker(ThreadPoolExecutor.java:1134)
        at java.util.concurrent.ThreadPoolExecutor$Worker.run(ThreadPoolExecutor.java:624)
        at java.lang.Thread.run(Thread.java:750)
"IPC Server handler 22 on default port 15002" daemon prio=5 tid=275 timed_waiting
java.lang.Thread.State: TIMED_WAITING
        at sun.misc.Unsafe.park(Native Method)
        at java.util.concurrent.locks.LockSupport.parkNanos(LockSupport.java:215)
        at java.util.concurrent.locks.AbstractQueuedSynchronizer$ConditionObject.awaitNanos(AbstractQueuedSynchronizer.java:2078)
        at java.util.concurrent.LinkedBlockingQueue.poll(LinkedBlockingQueue.java:467)
        at org.apache.hadoop.ipc.CallQueueManager.take(CallQueueManager.java:317)
        at org.apache.hadoop.ipc.Server$Handler.run(Server.java:3014)
"IPC Server handler 98 on default port 15009" daemon prio=5 tid=569 timed_waiting
java.lang.Thread.State: TIMED_WAITING
        at sun.misc.Unsafe.park(Native Method)
        at java.util.concurrent.locks.LockSupport.parkNanos(LockSupport.java:215)
        at java.util.concurrent.locks.AbstractQueuedSynchronizer$ConditionObject.awaitNanos(AbstractQueuedSynchronizer.java:2078)
        at java.util.concurrent.LinkedBlockingQueue.poll(LinkedBlockingQueue.java:467)
        at org.apache.hadoop.ipc.CallQueueManager.take(CallQueueManager.java:317)
        at org.apache.hadoop.ipc.Server$Handler.run(Server.java:3014)
"IPC Server handler 67 on default port 15000" daemon prio=5 tid=120 timed_waiting
java.lang.Thread.State: TIMED_WAITING
        at sun.misc.Unsafe.park(Native Method)
        at java.util.concurrent.locks.LockSupport.parkNanos(LockSupport.java:215)
        at java.util.concurrent.locks.AbstractQueuedSynchronizer$ConditionObject.awaitNanos(AbstractQueuedSynchronizer.java:2078)
        at java.util.concurrent.LinkedBlockingQueue.poll(LinkedBlockingQueue.java:467)
        at org.apache.hadoop.ipc.CallQueueManager.take(CallQueueManager.java:317)
        at org.apache.hadoop.ipc.Server$Handler.run(Server.java:3014)
"dc82d807-438e-4f31-a873-936b5ae41996-ChunkReader-ELG-0" daemon prio=5 tid=739 runnable
java.lang.Thread.State: RUNNABLE
        at org.apache.ratis.thirdparty.io.netty.channel.epoll.Native.epollWait(Native Method)
        at org.apache.ratis.thirdparty.io.netty.channel.epoll.Native.epollWait(Native.java:209)
        at org.apache.ratis.thirdparty.io.netty.channel.epoll.Native.epollWait(Native.java:202)
        at org.apache.ratis.thirdparty.io.netty.channel.epoll.EpollEventLoop.epollWaitNoTimerChange(EpollEventLoop.java:316)
        at org.apache.ratis.thirdparty.io.netty.channel.epoll.EpollEventLoop.run(EpollEventLoop.java:373)
        at org.apache.ratis.thirdparty.io.netty.util.concurrent.SingleThreadEventExecutor$4.run(SingleThreadEventExecutor.java:997)
        at org.apache.ratis.thirdparty.io.netty.util.internal.ThreadExecutorMap$2.run(ThreadExecutorMap.java:74)
        at java.lang.Thread.run(Thread.java:750)
"dc82d807-438e-4f31-a873-936b5ae41996-PipelineCommandHandlerThread-0"  prio=5 tid=830 in Object.wait()
java.lang.Thread.State: WAITING (on object monitor)
        at sun.misc.Unsafe.park(Native Method)
        at java.util.concurrent.locks.LockSupport.park(LockSupport.java:175)
        at java.util.concurrent.locks.AbstractQueuedSynchronizer$ConditionObject.await(AbstractQueuedSynchronizer.java:2039)
        at java.util.concurrent.LinkedBlockingQueue.take(LinkedBlockingQueue.java:442)
        at java.util.concurrent.ThreadPoolExecutor.getTask(ThreadPoolExecutor.java:1074)
        at java.util.concurrent.ThreadPoolExecutor.runWorker(ThreadPoolExecutor.java:1134)
        at java.util.concurrent.ThreadPoolExecutor$Worker.run(ThreadPoolExecutor.java:624)
        at java.lang.Thread.run(Thread.java:750)
"Socket Reader #1 for port 15002"  prio=5 tid=28 runnable
java.lang.Thread.State: RUNNABLE
        at sun.nio.ch.EPollArrayWrapper.epollWait(Native Method)
        at sun.nio.ch.EPollArrayWrapper.poll(EPollArrayWrapper.java:269)
        at sun.nio.ch.EPollSelectorImpl.doSelect(EPollSelectorImpl.java:93)
        at sun.nio.ch.SelectorImpl.lockAndDoSelect(SelectorImpl.java:86)
        at sun.nio.ch.SelectorImpl.select(SelectorImpl.java:97)
        at sun.nio.ch.SelectorImpl.select(SelectorImpl.java:101)
        at org.apache.hadoop.ipc.Server$Listener$Reader.doRunLoop(Server.java:1346)
        at org.apache.hadoop.ipc.Server$Listener$Reader.run(Server.java:1325)
"FixedThreadPoolWithAffinityExecutor-3-0" daemon prio=5 tid=45 timed_waiting
java.lang.Thread.State: TIMED_WAITING
        at sun.misc.Unsafe.park(Native Method)
        at java.util.concurrent.locks.LockSupport.parkNanos(LockSupport.java:215)
        at java.util.concurrent.locks.AbstractQueuedSynchronizer$ConditionObject.awaitNanos(AbstractQueuedSynchronizer.java:2078)
        at java.util.concurrent.LinkedBlockingQueue.poll(LinkedBlockingQueue.java:467)
        at org.apache.hadoop.hdds.scm.server.ContainerReportQueue.poll(ContainerReportQueue.java:269)
        at org.apache.hadoop.hdds.scm.server.ContainerReportQueue.poll(ContainerReportQueue.java:42)
        at org.apache.hadoop.hdds.server.events.FixedThreadPoolWithAffinityExecutor$ContainerReportProcessTask.run(FixedThreadPoolWithAffinityExecutor.java:253)
        at java.util.concurrent.Executors$RunnableAdapter.call(Executors.java:511)
        at java.util.concurrent.FutureTask.run(FutureTask.java:266)
        at java.util.concurrent.ThreadPoolExecutor.runWorker(ThreadPoolExecutor.java:1149)
        at java.util.concurrent.ThreadPoolExecutor$Worker.run(ThreadPoolExecutor.java:624)
        at java.lang.Thread.run(Thread.java:750)
"IPC Server handler 42 on default port 15009" daemon prio=5 tid=513 timed_waiting
java.lang.Thread.State: TIMED_WAITING
        at sun.misc.Unsafe.park(Native Method)
        at java.util.concurrent.locks.LockSupport.parkNanos(LockSupport.java:215)
        at java.util.concurrent.locks.AbstractQueuedSynchronizer$ConditionObject.awaitNanos(AbstractQueuedSynchronizer.java:2078)
        at java.util.concurrent.LinkedBlockingQueue.poll(LinkedBlockingQueue.java:467)
        at org.apache.hadoop.ipc.CallQueueManager.take(CallQueueManager.java:317)
        at org.apache.hadoop.ipc.Server$Handler.run(Server.java:3014)
"12adf753-b9bf-4e27-afc1-d809141df6d3-BlockDeletingService#2" daemon prio=5 tid=1186 in Object.wait()
java.lang.Thread.State: WAITING (on object monitor)
        at sun.misc.Unsafe.park(Native Method)
        at java.util.concurrent.locks.LockSupport.park(LockSupport.java:175)
        at java.util.concurrent.locks.AbstractQueuedSynchronizer$ConditionObject.await(AbstractQueuedSynchronizer.java:2039)
        at java.util.concurrent.ScheduledThreadPoolExecutor$DelayedWorkQueue.take(ScheduledThreadPoolExecutor.java:1088)
        at java.util.concurrent.ScheduledThreadPoolExecutor$DelayedWorkQueue.take(ScheduledThreadPoolExecutor.java:809)
        at java.util.concurrent.ThreadPoolExecutor.getTask(ThreadPoolExecutor.java:1074)
        at java.util.concurrent.ThreadPoolExecutor.runWorker(ThreadPoolExecutor.java:1134)
        at java.util.concurrent.ThreadPoolExecutor$Worker.run(ThreadPoolExecutor.java:624)
        at java.lang.Thread.run(Thread.java:750)
"IPC Server handler 37 on default port 15002" daemon prio=5 tid=290 timed_waiting
java.lang.Thread.State: TIMED_WAITING
        at sun.misc.Unsafe.park(Native Method)
        at java.util.concurrent.locks.LockSupport.parkNanos(LockSupport.java:215)
        at java.util.concurrent.locks.AbstractQueuedSynchronizer$ConditionObject.awaitNanos(AbstractQueuedSynchronizer.java:2078)
        at java.util.concurrent.LinkedBlockingQueue.poll(LinkedBlockingQueue.java:467)
        at org.apache.hadoop.ipc.CallQueueManager.take(CallQueueManager.java:317)
        at org.apache.hadoop.ipc.Server$Handler.run(Server.java:3014)
"IPC Server handler 43 on default port 15001" daemon prio=5 tid=196 timed_waiting
java.lang.Thread.State: TIMED_WAITING
        at sun.misc.Unsafe.park(Native Method)
        at java.util.concurrent.locks.LockSupport.parkNanos(LockSupport.java:215)
        at java.util.concurrent.locks.AbstractQueuedSynchronizer$ConditionObject.awaitNanos(AbstractQueuedSynchronizer.java:2078)
        at java.util.concurrent.LinkedBlockingQueue.poll(LinkedBlockingQueue.java:467)
        at org.apache.hadoop.ipc.CallQueueManager.take(CallQueueManager.java:317)
        at org.apache.hadoop.ipc.Server$Handler.run(Server.java:3014)
"IPC Server handler 21 on default port 15009" daemon prio=5 tid=492 timed_waiting
java.lang.Thread.State: TIMED_WAITING
        at sun.misc.Unsafe.park(Native Method)
        at java.util.concurrent.locks.LockSupport.parkNanos(LockSupport.java:215)
        at java.util.concurrent.locks.AbstractQueuedSynchronizer$ConditionObject.awaitNanos(AbstractQueuedSynchronizer.java:2078)
        at java.util.concurrent.LinkedBlockingQueue.poll(LinkedBlockingQueue.java:467)
        at org.apache.hadoop.ipc.CallQueueManager.take(CallQueueManager.java:317)
        at org.apache.hadoop.ipc.Server$Handler.run(Server.java:3014)
"7b630919-9d6b-42e9-b08a-8409ae097dea@group-F914C1362A36-FollowerState" daemon prio=5 tid=1173 timed_waiting
java.lang.Thread.State: TIMED_WAITING
        at java.lang.Thread.sleep(Native Method)
        at java.lang.Thread.sleep(Thread.java:342)
        at java.util.concurrent.TimeUnit.sleep(TimeUnit.java:386)
        at org.apache.ratis.util.TimeDuration.sleep(TimeDuration.java:353)
        at org.apache.ratis.util.TimeDuration.sleep(TimeDuration.java:338)
        at org.apache.ratis.server.impl.FollowerState.run(FollowerState.java:128)
"IPC Server handler 31 on default port 15009" daemon prio=5 tid=502 timed_waiting
java.lang.Thread.State: TIMED_WAITING
        at sun.misc.Unsafe.park(Native Method)
        at java.util.concurrent.locks.LockSupport.parkNanos(LockSupport.java:215)
        at java.util.concurrent.locks.AbstractQueuedSynchronizer$ConditionObject.awaitNanos(AbstractQueuedSynchronizer.java:2078)
        at java.util.concurrent.LinkedBlockingQueue.poll(LinkedBlockingQueue.java:467)
        at org.apache.hadoop.ipc.CallQueueManager.take(CallQueueManager.java:317)
        at org.apache.hadoop.ipc.Server$Handler.run(Server.java:3014)
"IPC Server handler 42 on default port 15001" daemon prio=5 tid=195 timed_waiting
java.lang.Thread.State: TIMED_WAITING
        at sun.misc.Unsafe.park(Native Method)
        at java.util.concurrent.locks.LockSupport.parkNanos(LockSupport.java:215)
        at java.util.concurrent.locks.AbstractQueuedSynchronizer$ConditionObject.awaitNanos(AbstractQueuedSynchronizer.java:2078)
        at java.util.concurrent.LinkedBlockingQueue.poll(LinkedBlockingQueue.java:467)
        at org.apache.hadoop.ipc.CallQueueManager.take(CallQueueManager.java:317)
        at org.apache.hadoop.ipc.Server$Handler.run(Server.java:3014)
"IPC Server handler 0 on default port 15009" daemon prio=5 tid=471 timed_waiting
java.lang.Thread.State: TIMED_WAITING
        at sun.misc.Unsafe.park(Native Method)
        at java.util.concurrent.locks.LockSupport.parkNanos(LockSupport.java:215)
        at java.util.concurrent.locks.AbstractQueuedSynchronizer$ConditionObject.awaitNanos(AbstractQueuedSynchronizer.java:2078)
        at java.util.concurrent.LinkedBlockingQueue.poll(LinkedBlockingQueue.java:467)
        at org.apache.hadoop.ipc.CallQueueManager.take(CallQueueManager.java:317)
        at org.apache.hadoop.ipc.Server$Handler.run(Server.java:3014)
"IPC Server handler 3 on default port 15002" daemon prio=5 tid=256 timed_waiting
java.lang.Thread.State: TIMED_WAITING
        at sun.misc.Unsafe.park(Native Method)
        at java.util.concurrent.locks.LockSupport.parkNanos(LockSupport.java:215)
        at java.util.concurrent.locks.AbstractQueuedSynchronizer$ConditionObject.awaitNanos(AbstractQueuedSynchronizer.java:2078)
        at java.util.concurrent.LinkedBlockingQueue.poll(LinkedBlockingQueue.java:467)
        at org.apache.hadoop.ipc.CallQueueManager.take(CallQueueManager.java:317)
        at org.apache.hadoop.ipc.Server$Handler.run(Server.java:3014)
"SCMBlockDeletingService#0" daemon prio=5 tid=353 timed_waiting
java.lang.Thread.State: TIMED_WAITING
        at sun.misc.Unsafe.park(Native Method)
        at java.util.concurrent.locks.LockSupport.parkNanos(LockSupport.java:215)
        at java.util.concurrent.locks.AbstractQueuedSynchronizer$ConditionObject.awaitNanos(AbstractQueuedSynchronizer.java:2078)
        at java.util.concurrent.ScheduledThreadPoolExecutor$DelayedWorkQueue.take(ScheduledThreadPoolExecutor.java:1093)
        at java.util.concurrent.ScheduledThreadPoolExecutor$DelayedWorkQueue.take(ScheduledThreadPoolExecutor.java:809)
        at java.util.concurrent.ThreadPoolExecutor.getTask(ThreadPoolExecutor.java:1074)
        at java.util.concurrent.ThreadPoolExecutor.runWorker(ThreadPoolExecutor.java:1134)
        at java.util.concurrent.ThreadPoolExecutor$Worker.run(ThreadPoolExecutor.java:624)
        at java.lang.Thread.run(Thread.java:750)
"grpc-default-worker-ELG-3-2" daemon prio=5 tid=856 runnable
java.lang.Thread.State: RUNNABLE
        at org.apache.ratis.thirdparty.io.netty.channel.epoll.Native.epollWait0(Native Method)
        at org.apache.ratis.thirdparty.io.netty.channel.epoll.Native.epollWait(Native.java:182)
        at org.apache.ratis.thirdparty.io.netty.channel.epoll.EpollEventLoop.epollWait(EpollEventLoop.java:312)
        at org.apache.ratis.thirdparty.io.netty.channel.epoll.EpollEventLoop.run(EpollEventLoop.java:376)
        at org.apache.ratis.thirdparty.io.netty.util.concurrent.SingleThreadEventExecutor$4.run(SingleThreadEventExecutor.java:997)
        at org.apache.ratis.thirdparty.io.netty.util.internal.ThreadExecutorMap$2.run(ThreadExecutorMap.java:74)
        at org.apache.ratis.thirdparty.io.netty.util.concurrent.FastThreadLocalRunnable.run(FastThreadLocalRunnable.java:30)
        at java.lang.Thread.run(Thread.java:750)
"IPC Server handler 45 on default port 15000" daemon prio=5 tid=98 timed_waiting
java.lang.Thread.State: TIMED_WAITING
        at sun.misc.Unsafe.park(Native Method)
        at java.util.concurrent.locks.LockSupport.parkNanos(LockSupport.java:215)
        at java.util.concurrent.locks.AbstractQueuedSynchronizer$ConditionObject.awaitNanos(AbstractQueuedSynchronizer.java:2078)
        at java.util.concurrent.LinkedBlockingQueue.poll(LinkedBlockingQueue.java:467)
        at org.apache.hadoop.ipc.CallQueueManager.take(CallQueueManager.java:317)
        at org.apache.hadoop.ipc.Server$Handler.run(Server.java:3014)
"grpc-default-boss-ELG-1-1" daemon prio=5 tid=391 runnable
java.lang.Thread.State: RUNNABLE
        at org.apache.ratis.thirdparty.io.netty.channel.epoll.Native.epollWait(Native Method)
        at org.apache.ratis.thirdparty.io.netty.channel.epoll.Native.epollWait(Native.java:209)
        at org.apache.ratis.thirdparty.io.netty.channel.epoll.Native.epollWait(Native.java:202)
        at org.apache.ratis.thirdparty.io.netty.channel.epoll.EpollEventLoop.epollWaitNoTimerChange(EpollEventLoop.java:316)
        at org.apache.ratis.thirdparty.io.netty.channel.epoll.EpollEventLoop.run(EpollEventLoop.java:373)
        at org.apache.ratis.thirdparty.io.netty.util.concurrent.SingleThreadEventExecutor$4.run(SingleThreadEventExecutor.java:997)
        at org.apache.ratis.thirdparty.io.netty.util.internal.ThreadExecutorMap$2.run(ThreadExecutorMap.java:74)
        at org.apache.ratis.thirdparty.io.netty.util.concurrent.FastThreadLocalRunnable.run(FastThreadLocalRunnable.java:30)
        at java.lang.Thread.run(Thread.java:750)
"IPC Server handler 92 on default port 15001" daemon prio=5 tid=245 timed_waiting
java.lang.Thread.State: TIMED_WAITING
        at sun.misc.Unsafe.park(Native Method)
        at java.util.concurrent.locks.LockSupport.parkNanos(LockSupport.java:215)
        at java.util.concurrent.locks.AbstractQueuedSynchronizer$ConditionObject.awaitNanos(AbstractQueuedSynchronizer.java:2078)
        at java.util.concurrent.LinkedBlockingQueue.poll(LinkedBlockingQueue.java:467)
        at org.apache.hadoop.ipc.CallQueueManager.take(CallQueueManager.java:317)
        at org.apache.hadoop.ipc.Server$Handler.run(Server.java:3014)
"timer3" daemon prio=5 tid=926 timed_waiting
java.lang.Thread.State: TIMED_WAITING
        at java.lang.Object.wait(Native Method)
        at java.util.TimerThread.mainLoop(Timer.java:552)
        at java.util.TimerThread.run(Timer.java:505)
"IPC Server handler 35 on default port 15002" daemon prio=5 tid=288 timed_waiting
java.lang.Thread.State: TIMED_WAITING
        at sun.misc.Unsafe.park(Native Method)
        at java.util.concurrent.locks.LockSupport.parkNanos(LockSupport.java:215)
        at java.util.concurrent.locks.AbstractQueuedSynchronizer$ConditionObject.awaitNanos(AbstractQueuedSynchronizer.java:2078)
        at java.util.concurrent.LinkedBlockingQueue.poll(LinkedBlockingQueue.java:467)
        at org.apache.hadoop.ipc.CallQueueManager.take(CallQueueManager.java:317)
        at org.apache.hadoop.ipc.Server$Handler.run(Server.java:3014)
"IPC Server handler 65 on default port 15001" daemon prio=5 tid=218 timed_waiting
java.lang.Thread.State: TIMED_WAITING
        at sun.misc.Unsafe.park(Native Method)
        at java.util.concurrent.locks.LockSupport.parkNanos(LockSupport.java:215)
        at java.util.concurrent.locks.AbstractQueuedSynchronizer$ConditionObject.awaitNanos(AbstractQueuedSynchronizer.java:2078)
        at java.util.concurrent.LinkedBlockingQueue.poll(LinkedBlockingQueue.java:467)
        at org.apache.hadoop.ipc.CallQueueManager.take(CallQueueManager.java:317)
        at org.apache.hadoop.ipc.Server$Handler.run(Server.java:3014)
"20ed7fe7-4274-4f1a-9498-93c5abf09f1c-ChunkWriter-2-0" daemon prio=5 tid=809 in Object.wait()
java.lang.Thread.State: WAITING (on object monitor)
        at sun.misc.Unsafe.park(Native Method)
        at java.util.concurrent.locks.LockSupport.park(LockSupport.java:175)
        at java.util.concurrent.locks.AbstractQueuedSynchronizer$ConditionObject.await(AbstractQueuedSynchronizer.java:2039)
        at java.util.concurrent.LinkedBlockingDeque.takeFirst(LinkedBlockingDeque.java:492)
        at java.util.concurrent.LinkedBlockingDeque.take(LinkedBlockingDeque.java:680)
        at java.util.concurrent.ThreadPoolExecutor.getTask(ThreadPoolExecutor.java:1074)
        at java.util.concurrent.ThreadPoolExecutor.runWorker(ThreadPoolExecutor.java:1134)
        at java.util.concurrent.ThreadPoolExecutor$Worker.run(ThreadPoolExecutor.java:624)
        at java.lang.Thread.run(Thread.java:750)
"IPC Server handler 93 on default port 15001" daemon prio=5 tid=246 timed_waiting
java.lang.Thread.State: TIMED_WAITING
        at sun.misc.Unsafe.park(Native Method)
        at java.util.concurrent.locks.LockSupport.parkNanos(LockSupport.java:215)
        at java.util.concurrent.locks.AbstractQueuedSynchronizer$ConditionObject.awaitNanos(AbstractQueuedSynchronizer.java:2078)
        at java.util.concurrent.LinkedBlockingQueue.poll(LinkedBlockingQueue.java:467)
        at org.apache.hadoop.ipc.CallQueueManager.take(CallQueueManager.java:317)
        at org.apache.hadoop.ipc.Server$Handler.run(Server.java:3014)
"IPC Server handler 61 on default port 15001" daemon prio=5 tid=214 timed_waiting
java.lang.Thread.State: TIMED_WAITING
        at sun.misc.Unsafe.park(Native Method)
        at java.util.concurrent.locks.LockSupport.parkNanos(LockSupport.java:215)
        at java.util.concurrent.locks.AbstractQueuedSynchronizer$ConditionObject.awaitNanos(AbstractQueuedSynchronizer.java:2078)
        at java.util.concurrent.LinkedBlockingQueue.poll(LinkedBlockingQueue.java:467)
        at org.apache.hadoop.ipc.CallQueueManager.take(CallQueueManager.java:317)
        at org.apache.hadoop.ipc.Server$Handler.run(Server.java:3014)
"IPC Server handler 18 on default port 15009" daemon prio=5 tid=489 timed_waiting
java.lang.Thread.State: TIMED_WAITING
        at sun.misc.Unsafe.park(Native Method)
        at java.util.concurrent.locks.LockSupport.parkNanos(LockSupport.java:215)
        at java.util.concurrent.locks.AbstractQueuedSynchronizer$ConditionObject.awaitNanos(AbstractQueuedSynchronizer.java:2078)
        at java.util.concurrent.LinkedBlockingQueue.poll(LinkedBlockingQueue.java:467)
        at org.apache.hadoop.ipc.CallQueueManager.take(CallQueueManager.java:317)
        at org.apache.hadoop.ipc.Server$Handler.run(Server.java:3014)
"IPC Server handler 96 on default port 15001" daemon prio=5 tid=249 timed_waiting
java.lang.Thread.State: TIMED_WAITING
        at sun.misc.Unsafe.park(Native Method)
        at java.util.concurrent.locks.LockSupport.parkNanos(LockSupport.java:215)
        at java.util.concurrent.locks.AbstractQueuedSynchronizer$ConditionObject.awaitNanos(AbstractQueuedSynchronizer.java:2078)
        at java.util.concurrent.LinkedBlockingQueue.poll(LinkedBlockingQueue.java:467)
        at org.apache.hadoop.ipc.CallQueueManager.take(CallQueueManager.java:317)
        at org.apache.hadoop.ipc.Server$Handler.run(Server.java:3014)
"IPC Server handler 18 on default port 15002" daemon prio=5 tid=271 timed_waiting
java.lang.Thread.State: TIMED_WAITING
        at sun.misc.Unsafe.park(Native Method)
        at java.util.concurrent.locks.LockSupport.parkNanos(LockSupport.java:215)
        at java.util.concurrent.locks.AbstractQueuedSynchronizer$ConditionObject.awaitNanos(AbstractQueuedSynchronizer.java:2078)
        at java.util.concurrent.LinkedBlockingQueue.poll(LinkedBlockingQueue.java:467)
        at org.apache.hadoop.ipc.CallQueueManager.take(CallQueueManager.java:317)
        at org.apache.hadoop.ipc.Server$Handler.run(Server.java:3014)
"IPC Server handler 64 on default port 15001" daemon prio=5 tid=217 timed_waiting
java.lang.Thread.State: TIMED_WAITING
        at sun.misc.Unsafe.park(Native Method)
        at java.util.concurrent.locks.LockSupport.parkNanos(LockSupport.java:215)
        at java.util.concurrent.locks.AbstractQueuedSynchronizer$ConditionObject.awaitNanos(AbstractQueuedSynchronizer.java:2078)
        at java.util.concurrent.LinkedBlockingQueue.poll(LinkedBlockingQueue.java:467)
        at org.apache.hadoop.ipc.CallQueueManager.take(CallQueueManager.java:317)
        at org.apache.hadoop.ipc.Server$Handler.run(Server.java:3014)
"om1-DirectoryDeletingService#0" daemon prio=5 tid=398 timed_waiting
java.lang.Thread.State: TIMED_WAITING
        at sun.misc.Unsafe.park(Native Method)
        at java.util.concurrent.locks.LockSupport.parkNanos(LockSupport.java:215)
        at java.util.concurrent.locks.AbstractQueuedSynchronizer$ConditionObject.awaitNanos(AbstractQueuedSynchronizer.java:2078)
        at java.util.concurrent.ScheduledThreadPoolExecutor$DelayedWorkQueue.take(ScheduledThreadPoolExecutor.java:1093)
        at java.util.concurrent.ScheduledThreadPoolExecutor$DelayedWorkQueue.take(ScheduledThreadPoolExecutor.java:809)
        at java.util.concurrent.ThreadPoolExecutor.getTask(ThreadPoolExecutor.java:1074)
        at java.util.concurrent.ThreadPoolExecutor.runWorker(ThreadPoolExecutor.java:1134)
        at java.util.concurrent.ThreadPoolExecutor$Worker.run(ThreadPoolExecutor.java:624)
        at java.lang.Thread.run(Thread.java:750)
"IPC Server handler 70 on default port 15009" daemon prio=5 tid=541 timed_waiting
java.lang.Thread.State: TIMED_WAITING
        at sun.misc.Unsafe.park(Native Method)
        at java.util.concurrent.locks.LockSupport.parkNanos(LockSupport.java:215)
        at java.util.concurrent.locks.AbstractQueuedSynchronizer$ConditionObject.awaitNanos(AbstractQueuedSynchronizer.java:2078)
        at java.util.concurrent.LinkedBlockingQueue.poll(LinkedBlockingQueue.java:467)
        at org.apache.hadoop.ipc.CallQueueManager.take(CallQueueManager.java:317)
        at org.apache.hadoop.ipc.Server$Handler.run(Server.java:3014)
"IPC Server handler 90 on default port 15009" daemon prio=5 tid=561 timed_waiting
java.lang.Thread.State: TIMED_WAITING
        at sun.misc.Unsafe.park(Native Method)
        at java.util.concurrent.locks.LockSupport.parkNanos(LockSupport.java:215)
        at java.util.concurrent.locks.AbstractQueuedSynchronizer$ConditionObject.awaitNanos(AbstractQueuedSynchronizer.java:2078)
        at java.util.concurrent.LinkedBlockingQueue.poll(LinkedBlockingQueue.java:467)
        at org.apache.hadoop.ipc.CallQueueManager.take(CallQueueManager.java:317)
        at org.apache.hadoop.ipc.Server$Handler.run(Server.java:3014)
"IPC Server handler 4 on default port 15000" daemon prio=5 tid=57 timed_waiting
java.lang.Thread.State: TIMED_WAITING
        at sun.misc.Unsafe.park(Native Method)
        at java.util.concurrent.locks.LockSupport.parkNanos(LockSupport.java:215)
        at java.util.concurrent.locks.AbstractQueuedSynchronizer$ConditionObject.awaitNanos(AbstractQueuedSynchronizer.java:2078)
        at java.util.concurrent.LinkedBlockingQueue.poll(LinkedBlockingQueue.java:467)
        at org.apache.hadoop.ipc.CallQueueManager.take(CallQueueManager.java:317)
        at org.apache.hadoop.ipc.Server$Handler.run(Server.java:3014)
"IPC Server handler 37 on default port 15000" daemon prio=5 tid=90 timed_waiting
java.lang.Thread.State: TIMED_WAITING
        at sun.misc.Unsafe.park(Native Method)
        at java.util.concurrent.locks.LockSupport.parkNanos(LockSupport.java:215)
        at java.util.concurrent.locks.AbstractQueuedSynchronizer$ConditionObject.awaitNanos(AbstractQueuedSynchronizer.java:2078)
        at java.util.concurrent.LinkedBlockingQueue.poll(LinkedBlockingQueue.java:467)
        at org.apache.hadoop.ipc.CallQueueManager.take(CallQueueManager.java:317)
        at org.apache.hadoop.ipc.Server$Handler.run(Server.java:3014)
"7b630919-9d6b-42e9-b08a-8409ae097dea-server-thread1" daemon prio=5 tid=1181 timed_waiting
java.lang.Thread.State: TIMED_WAITING
        at sun.misc.Unsafe.park(Native Method)
        at java.util.concurrent.locks.LockSupport.parkNanos(LockSupport.java:215)
        at java.util.concurrent.SynchronousQueue$TransferStack.awaitFulfill(SynchronousQueue.java:460)
        at java.util.concurrent.SynchronousQueue$TransferStack.transfer(SynchronousQueue.java:362)
        at java.util.concurrent.SynchronousQueue.poll(SynchronousQueue.java:941)
        at java.util.concurrent.ThreadPoolExecutor.getTask(ThreadPoolExecutor.java:1073)
        at java.util.concurrent.ThreadPoolExecutor.runWorker(ThreadPoolExecutor.java:1134)
        at java.util.concurrent.ThreadPoolExecutor$Worker.run(ThreadPoolExecutor.java:624)
        at java.lang.Thread.run(Thread.java:750)
"qtp1287916357-640" daemon prio=5 tid=640 runnable
java.lang.Thread.State: RUNNABLE
        at sun.nio.ch.EPollArrayWrapper.epollWait(Native Method)
        at sun.nio.ch.EPollArrayWrapper.poll(EPollArrayWrapper.java:269)
        at sun.nio.ch.EPollSelectorImpl.doSelect(EPollSelectorImpl.java:93)
        at sun.nio.ch.SelectorImpl.lockAndDoSelect(SelectorImpl.java:86)
        at sun.nio.ch.SelectorImpl.select(SelectorImpl.java:97)
        at sun.nio.ch.SelectorImpl.select(SelectorImpl.java:101)
        at org.eclipse.jetty.io.ManagedSelector.nioSelect(ManagedSelector.java:183)
        at org.eclipse.jetty.io.ManagedSelector.select(ManagedSelector.java:190)
        at org.eclipse.jetty.io.ManagedSelector$SelectorProducer.select(ManagedSelector.java:606)
        at org.eclipse.jetty.io.ManagedSelector$SelectorProducer.produce(ManagedSelector.java:543)
        at org.eclipse.jetty.util.thread.strategy.EatWhatYouKill.produceTask(EatWhatYouKill.java:362)
        at org.eclipse.jetty.util.thread.strategy.EatWhatYouKill.doProduce(EatWhatYouKill.java:186)
        at org.eclipse.jetty.util.thread.strategy.EatWhatYouKill.tryProduce(EatWhatYouKill.java:173)
        at org.eclipse.jetty.util.thread.strategy.EatWhatYouKill.produce(EatWhatYouKill.java:137)
        at org.eclipse.jetty.io.ManagedSelector$$Lambda$594/551825973.run(Unknown Source)
        at org.eclipse.jetty.util.thread.QueuedThreadPool.runJob(QueuedThreadPool.java:883)
        at org.eclipse.jetty.util.thread.QueuedThreadPool$Runner.run(QueuedThreadPool.java:1034)
        at java.lang.Thread.run(Thread.java:750)
"qtp1249016169-616" daemon prio=5 tid=616 timed_waiting
java.lang.Thread.State: TIMED_WAITING
        at sun.misc.Unsafe.park(Native Method)
        at java.util.concurrent.locks.LockSupport.parkNanos(LockSupport.java:215)
        at java.util.concurrent.locks.AbstractQueuedSynchronizer$ConditionObject.awaitNanos(AbstractQueuedSynchronizer.java:2078)
        at org.eclipse.jetty.util.BlockingArrayQueue.poll(BlockingArrayQueue.java:382)
        at org.eclipse.jetty.util.thread.QueuedThreadPool$Runner.idleJobPoll(QueuedThreadPool.java:974)
        at org.eclipse.jetty.util.thread.QueuedThreadPool$Runner.run(QueuedThreadPool.java:1018)
        at java.lang.Thread.run(Thread.java:750)
"IPC Server handler 56 on default port 15000" daemon prio=5 tid=109 timed_waiting
java.lang.Thread.State: TIMED_WAITING
        at sun.misc.Unsafe.park(Native Method)
        at java.util.concurrent.locks.LockSupport.parkNanos(LockSupport.java:215)
        at java.util.concurrent.locks.AbstractQueuedSynchronizer$ConditionObject.awaitNanos(AbstractQueuedSynchronizer.java:2078)
        at java.util.concurrent.LinkedBlockingQueue.poll(LinkedBlockingQueue.java:467)
        at org.apache.hadoop.ipc.CallQueueManager.take(CallQueueManager.java:317)
        at org.apache.hadoop.ipc.Server$Handler.run(Server.java:3014)
"7b630919-9d6b-42e9-b08a-8409ae097dea@group-821EE5CB8EAC-LeaderStateImpl" daemon prio=5 tid=1136 timed_waiting
java.lang.Thread.State: TIMED_WAITING
        at sun.misc.Unsafe.park(Native Method)
        at java.util.concurrent.locks.LockSupport.parkNanos(LockSupport.java:215)
        at java.util.concurrent.locks.AbstractQueuedSynchronizer$ConditionObject.awaitNanos(AbstractQueuedSynchronizer.java:2078)
        at java.util.concurrent.ArrayBlockingQueue.poll(ArrayBlockingQueue.java:418)
        at org.apache.ratis.server.impl.LeaderStateImpl$EventQueue.poll(LeaderStateImpl.java:164)
        at org.apache.ratis.server.impl.LeaderStateImpl$EventProcessor.run(LeaderStateImpl.java:762)
"IPC Server handler 9 on default port 15002" daemon prio=5 tid=262 timed_waiting
java.lang.Thread.State: TIMED_WAITING
        at sun.misc.Unsafe.park(Native Method)
        at java.util.concurrent.locks.LockSupport.parkNanos(LockSupport.java:215)
        at java.util.concurrent.locks.AbstractQueuedSynchronizer$ConditionObject.awaitNanos(AbstractQueuedSynchronizer.java:2078)
        at java.util.concurrent.LinkedBlockingQueue.poll(LinkedBlockingQueue.java:467)
        at org.apache.hadoop.ipc.CallQueueManager.take(CallQueueManager.java:317)
        at org.apache.hadoop.ipc.Server$Handler.run(Server.java:3014)
"IPC Server handler 91 on default port 15001" daemon prio=5 tid=244 timed_waiting
java.lang.Thread.State: TIMED_WAITING
        at sun.misc.Unsafe.park(Native Method)
        at java.util.concurrent.locks.LockSupport.parkNanos(LockSupport.java:215)
        at java.util.concurrent.locks.AbstractQueuedSynchronizer$ConditionObject.awaitNanos(AbstractQueuedSynchronizer.java:2078)
        at java.util.concurrent.LinkedBlockingQueue.poll(LinkedBlockingQueue.java:467)
        at org.apache.hadoop.ipc.CallQueueManager.take(CallQueueManager.java:317)
        at org.apache.hadoop.ipc.Server$Handler.run(Server.java:3014)
"IPC Server handler 86 on default port 15001" daemon prio=5 tid=239 timed_waiting
java.lang.Thread.State: TIMED_WAITING
        at sun.misc.Unsafe.park(Native Method)
        at java.util.concurrent.locks.LockSupport.parkNanos(LockSupport.java:215)
        at java.util.concurrent.locks.AbstractQueuedSynchronizer$ConditionObject.awaitNanos(AbstractQueuedSynchronizer.java:2078)
        at java.util.concurrent.LinkedBlockingQueue.poll(LinkedBlockingQueue.java:467)
        at org.apache.hadoop.ipc.CallQueueManager.take(CallQueueManager.java:317)
        at org.apache.hadoop.ipc.Server$Handler.run(Server.java:3014)
"Socket Reader #1 for port 15004"  prio=5 tid=382 runnable
java.lang.Thread.State: RUNNABLE
        at sun.nio.ch.EPollArrayWrapper.epollWait(Native Method)
        at sun.nio.ch.EPollArrayWrapper.poll(EPollArrayWrapper.java:269)
        at sun.nio.ch.EPollSelectorImpl.doSelect(EPollSelectorImpl.java:93)
        at sun.nio.ch.SelectorImpl.lockAndDoSelect(SelectorImpl.java:86)
        at sun.nio.ch.SelectorImpl.select(SelectorImpl.java:97)
        at sun.nio.ch.SelectorImpl.select(SelectorImpl.java:101)
        at org.apache.hadoop.ipc.Server$Listener$Reader.doRunLoop(Server.java:1346)
        at org.apache.hadoop.ipc.Server$Listener$Reader.run(Server.java:1325)
"IPC Server handler 10 on default port 15009" daemon prio=5 tid=481 timed_waiting
java.lang.Thread.State: TIMED_WAITING
        at sun.misc.Unsafe.park(Native Method)
        at java.util.concurrent.locks.LockSupport.parkNanos(LockSupport.java:215)
        at java.util.concurrent.locks.AbstractQueuedSynchronizer$ConditionObject.awaitNanos(AbstractQueuedSynchronizer.java:2078)
        at java.util.concurrent.LinkedBlockingQueue.poll(LinkedBlockingQueue.java:467)
        at org.apache.hadoop.ipc.CallQueueManager.take(CallQueueManager.java:317)
        at org.apache.hadoop.ipc.Server$Handler.run(Server.java:3014)
"IPC Server handler 30 on default port 15000" daemon prio=5 tid=83 timed_waiting
java.lang.Thread.State: TIMED_WAITING
        at sun.misc.Unsafe.park(Native Method)
        at java.util.concurrent.locks.LockSupport.parkNanos(LockSupport.java:215)
        at java.util.concurrent.locks.AbstractQueuedSynchronizer$ConditionObject.awaitNanos(AbstractQueuedSynchronizer.java:2078)
        at java.util.concurrent.LinkedBlockingQueue.poll(LinkedBlockingQueue.java:467)
        at org.apache.hadoop.ipc.CallQueueManager.take(CallQueueManager.java:317)
        at org.apache.hadoop.ipc.Server$Handler.run(Server.java:3014)
"IPC Server handler 38 on default port 15009" daemon prio=5 tid=509 timed_waiting
java.lang.Thread.State: TIMED_WAITING
        at sun.misc.Unsafe.park(Native Method)
        at java.util.concurrent.locks.LockSupport.parkNanos(LockSupport.java:215)
        at java.util.concurrent.locks.AbstractQueuedSynchronizer$ConditionObject.awaitNanos(AbstractQueuedSynchronizer.java:2078)
        at java.util.concurrent.LinkedBlockingQueue.poll(LinkedBlockingQueue.java:467)
        at org.apache.hadoop.ipc.CallQueueManager.take(CallQueueManager.java:317)
        at org.apache.hadoop.ipc.Server$Handler.run(Server.java:3014)
"IPC Server handler 44 on default port 15001" daemon prio=5 tid=197 timed_waiting
java.lang.Thread.State: TIMED_WAITING
        at sun.misc.Unsafe.park(Native Method)
        at java.util.concurrent.locks.LockSupport.parkNanos(LockSupport.java:215)
        at java.util.concurrent.locks.AbstractQueuedSynchronizer$ConditionObject.awaitNanos(AbstractQueuedSynchronizer.java:2078)
        at java.util.concurrent.LinkedBlockingQueue.poll(LinkedBlockingQueue.java:467)
        at org.apache.hadoop.ipc.CallQueueManager.take(CallQueueManager.java:317)
        at org.apache.hadoop.ipc.Server$Handler.run(Server.java:3014)
"7b630919-9d6b-42e9-b08a-8409ae097dea-DatanodeReportManager-3" daemon prio=5 tid=658 in Object.wait()
java.lang.Thread.State: WAITING (on object monitor)
        at sun.misc.Unsafe.park(Native Method)
        at java.util.concurrent.locks.LockSupport.park(LockSupport.java:175)
        at java.util.concurrent.locks.AbstractQueuedSynchronizer$ConditionObject.await(AbstractQueuedSynchronizer.java:2039)
        at java.util.concurrent.ScheduledThreadPoolExecutor$DelayedWorkQueue.take(ScheduledThreadPoolExecutor.java:1088)
        at java.util.concurrent.ScheduledThreadPoolExecutor$DelayedWorkQueue.take(ScheduledThreadPoolExecutor.java:809)
        at java.util.concurrent.ThreadPoolExecutor.getTask(ThreadPoolExecutor.java:1074)
        at java.util.concurrent.ThreadPoolExecutor.runWorker(ThreadPoolExecutor.java:1134)
        at java.util.concurrent.ThreadPoolExecutor$Worker.run(ThreadPoolExecutor.java:624)
        at java.lang.Thread.run(Thread.java:750)
"IPC Server handler 12 on default port 15002" daemon prio=5 tid=265 timed_waiting
java.lang.Thread.State: TIMED_WAITING
        at sun.misc.Unsafe.park(Native Method)
        at java.util.concurrent.locks.LockSupport.parkNanos(LockSupport.java:215)
        at java.util.concurrent.locks.AbstractQueuedSynchronizer$ConditionObject.awaitNanos(AbstractQueuedSynchronizer.java:2078)
        at java.util.concurrent.LinkedBlockingQueue.poll(LinkedBlockingQueue.java:467)
        at org.apache.hadoop.ipc.CallQueueManager.take(CallQueueManager.java:317)
        at org.apache.hadoop.ipc.Server$Handler.run(Server.java:3014)
"IPC Server handler 5 on default port 15009" daemon prio=5 tid=476 timed_waiting
java.lang.Thread.State: TIMED_WAITING
        at sun.misc.Unsafe.park(Native Method)
        at java.util.concurrent.locks.LockSupport.parkNanos(LockSupport.java:215)
        at java.util.concurrent.locks.AbstractQueuedSynchronizer$ConditionObject.awaitNanos(AbstractQueuedSynchronizer.java:2078)
        at java.util.concurrent.LinkedBlockingQueue.poll(LinkedBlockingQueue.java:467)
        at org.apache.hadoop.ipc.CallQueueManager.take(CallQueueManager.java:317)
        at org.apache.hadoop.ipc.Server$Handler.run(Server.java:3014)
"ReplicationMonitor" daemon prio=5 tid=22 timed_waiting
java.lang.Thread.State: TIMED_WAITING
        at java.lang.Object.wait(Native Method)
        at org.apache.hadoop.hdds.scm.container.replication.ReplicationManager.run(ReplicationManager.java:931)
        at org.apache.hadoop.hdds.scm.container.replication.ReplicationManager$$Lambda$503/2021891118.run(Unknown Source)
        at java.lang.Thread.run(Thread.java:750)
"IPC Server handler 19 on default port 15004" daemon prio=5 tid=433 timed_waiting
java.lang.Thread.State: TIMED_WAITING
        at sun.misc.Unsafe.park(Native Method)
        at java.util.concurrent.locks.LockSupport.parkNanos(LockSupport.java:215)
        at java.util.concurrent.locks.AbstractQueuedSynchronizer$ConditionObject.awaitNanos(AbstractQueuedSynchronizer.java:2078)
        at java.util.concurrent.LinkedBlockingQueue.poll(LinkedBlockingQueue.java:467)
        at org.apache.hadoop.ipc.CallQueueManager.take(CallQueueManager.java:317)
        at org.apache.hadoop.ipc.Server$Handler.run(Server.java:3014)
"20ed7fe7-4274-4f1a-9498-93c5abf09f1c@group-F914C1362A36-SegmentedRaftLogWorker"  prio=5 tid=1153 timed_waiting
java.lang.Thread.State: TIMED_WAITING
        at sun.misc.Unsafe.park(Native Method)
        at java.util.concurrent.locks.LockSupport.parkNanos(LockSupport.java:215)
        at java.util.concurrent.locks.AbstractQueuedSynchronizer$ConditionObject.awaitNanos(AbstractQueuedSynchronizer.java:2078)
        at org.apache.ratis.util.DataBlockingQueue.poll(DataBlockingQueue.java:148)
        at org.apache.ratis.server.raftlog.segmented.SegmentedRaftLogWorker.run(SegmentedRaftLogWorker.java:299)
        at org.apache.ratis.server.raftlog.segmented.SegmentedRaftLogWorker$$Lambda$917/278430812.run(Unknown Source)
        at java.util.concurrent.Executors$RunnableAdapter.call(Executors.java:511)
        at java.util.concurrent.FutureTask.run(FutureTask.java:266)
        at java.util.concurrent.ThreadPoolExecutor.runWorker(ThreadPoolExecutor.java:1149)
        at java.util.concurrent.ThreadPoolExecutor$Worker.run(ThreadPoolExecutor.java:624)
        at java.lang.Thread.run(Thread.java:750)
"IPC Server handler 44 on default port 15009" daemon prio=5 tid=515 timed_waiting
java.lang.Thread.State: TIMED_WAITING
        at sun.misc.Unsafe.park(Native Method)
        at java.util.concurrent.locks.LockSupport.parkNanos(LockSupport.java:215)
        at java.util.concurrent.locks.AbstractQueuedSynchronizer$ConditionObject.awaitNanos(AbstractQueuedSynchronizer.java:2078)
        at java.util.concurrent.LinkedBlockingQueue.poll(LinkedBlockingQueue.java:467)
        at org.apache.hadoop.ipc.CallQueueManager.take(CallQueueManager.java:317)
        at org.apache.hadoop.ipc.Server$Handler.run(Server.java:3014)
"IPC Server Responder" daemon prio=5 tid=446 runnable
java.lang.Thread.State: RUNNABLE
        at sun.nio.ch.EPollArrayWrapper.epollWait(Native Method)
        at sun.nio.ch.EPollArrayWrapper.poll(EPollArrayWrapper.java:269)
        at sun.nio.ch.EPollSelectorImpl.doSelect(EPollSelectorImpl.java:93)
        at sun.nio.ch.SelectorImpl.lockAndDoSelect(SelectorImpl.java:86)
        at sun.nio.ch.SelectorImpl.select(SelectorImpl.java:97)
        at org.apache.hadoop.ipc.Server$Responder.doRunLoop(Server.java:1582)
        at org.apache.hadoop.ipc.Server$Responder.run(Server.java:1565)
"IPC Server handler 0 on default port 15030" daemon prio=5 tid=653 timed_waiting
java.lang.Thread.State: TIMED_WAITING
        at sun.misc.Unsafe.park(Native Method)
        at java.util.concurrent.locks.LockSupport.parkNanos(LockSupport.java:215)
        at java.util.concurrent.locks.AbstractQueuedSynchronizer$ConditionObject.awaitNanos(AbstractQueuedSynchronizer.java:2078)
        at java.util.concurrent.LinkedBlockingQueue.poll(LinkedBlockingQueue.java:467)
        at org.apache.hadoop.ipc.CallQueueManager.take(CallQueueManager.java:317)
        at org.apache.hadoop.ipc.Server$Handler.run(Server.java:3014)
"EventQueue-HealthyReadonlyToHealthyNodeForReadOnlyHealthyToHealthyNodeHandler" daemon prio=5 tid=1046 in Object.wait()
java.lang.Thread.State: WAITING (on object monitor)
        at sun.misc.Unsafe.park(Native Method)
        at java.util.concurrent.locks.LockSupport.park(LockSupport.java:175)
        at java.util.concurrent.locks.AbstractQueuedSynchronizer$ConditionObject.await(AbstractQueuedSynchronizer.java:2039)
        at java.util.concurrent.LinkedBlockingQueue.take(LinkedBlockingQueue.java:442)
        at java.util.concurrent.ThreadPoolExecutor.getTask(ThreadPoolExecutor.java:1074)
        at java.util.concurrent.ThreadPoolExecutor.runWorker(ThreadPoolExecutor.java:1134)
        at java.util.concurrent.ThreadPoolExecutor$Worker.run(ThreadPoolExecutor.java:624)
        at java.lang.Thread.run(Thread.java:750)
"IPC Server handler 41 on default port 15002" daemon prio=5 tid=294 timed_waiting
java.lang.Thread.State: TIMED_WAITING
        at sun.misc.Unsafe.park(Native Method)
        at java.util.concurrent.locks.LockSupport.parkNanos(LockSupport.java:215)
        at java.util.concurrent.locks.AbstractQueuedSynchronizer$ConditionObject.awaitNanos(AbstractQueuedSynchronizer.java:2078)
        at java.util.concurrent.LinkedBlockingQueue.poll(LinkedBlockingQueue.java:467)
        at org.apache.hadoop.ipc.CallQueueManager.take(CallQueueManager.java:317)
        at org.apache.hadoop.ipc.Server$Handler.run(Server.java:3014)
"20ed7fe7-4274-4f1a-9498-93c5abf09f1c-CommandProcessorThread" daemon prio=5 tid=716 timed_waiting
java.lang.Thread.State: TIMED_WAITING
        at java.lang.Thread.sleep(Native Method)
        at org.apache.hadoop.ozone.container.common.statemachine.DatanodeStateMachine.lambda$initCommandHandlerThread$4(DatanodeStateMachine.java:684)
        at org.apache.hadoop.ozone.container.common.statemachine.DatanodeStateMachine$$Lambda$1389/1074834806.run(Unknown Source)
        at java.lang.Thread.run(Thread.java:750)
"IPC Server handler 25 on default port 15002" daemon prio=5 tid=278 timed_waiting
java.lang.Thread.State: TIMED_WAITING
        at sun.misc.Unsafe.park(Native Method)
        at java.util.concurrent.locks.LockSupport.parkNanos(LockSupport.java:215)
        at java.util.concurrent.locks.AbstractQueuedSynchronizer$ConditionObject.awaitNanos(AbstractQueuedSynchronizer.java:2078)
        at java.util.concurrent.LinkedBlockingQueue.poll(LinkedBlockingQueue.java:467)
        at org.apache.hadoop.ipc.CallQueueManager.take(CallQueueManager.java:317)
        at org.apache.hadoop.ipc.Server$Handler.run(Server.java:3014)
"9bdc6c20-c7c2-4cc7-a4be-d4fe59586f4c-ChunkWriter-0-0" daemon prio=5 tid=788 in Object.wait()
java.lang.Thread.State: WAITING (on object monitor)
        at sun.misc.Unsafe.park(Native Method)
        at java.util.concurrent.locks.LockSupport.park(LockSupport.java:175)
        at java.util.concurrent.locks.AbstractQueuedSynchronizer$ConditionObject.await(AbstractQueuedSynchronizer.java:2039)
        at java.util.concurrent.LinkedBlockingDeque.takeFirst(LinkedBlockingDeque.java:492)
        at java.util.concurrent.LinkedBlockingDeque.take(LinkedBlockingDeque.java:680)
        at java.util.concurrent.ThreadPoolExecutor.getTask(ThreadPoolExecutor.java:1074)
        at java.util.concurrent.ThreadPoolExecutor.runWorker(ThreadPoolExecutor.java:1134)
        at java.util.concurrent.ThreadPoolExecutor$Worker.run(ThreadPoolExecutor.java:624)
        at java.lang.Thread.run(Thread.java:750)
"StaleRecoveringContainerScrubbingService#1" daemon prio=5 tid=796 timed_waiting
java.lang.Thread.State: TIMED_WAITING
        at sun.misc.Unsafe.park(Native Method)
        at java.util.concurrent.locks.LockSupport.parkNanos(LockSupport.java:215)
        at java.util.concurrent.locks.AbstractQueuedSynchronizer$ConditionObject.awaitNanos(AbstractQueuedSynchronizer.java:2078)
        at java.util.concurrent.ScheduledThreadPoolExecutor$DelayedWorkQueue.take(ScheduledThreadPoolExecutor.java:1093)
        at java.util.concurrent.ScheduledThreadPoolExecutor$DelayedWorkQueue.take(ScheduledThreadPoolExecutor.java:809)
        at java.util.concurrent.ThreadPoolExecutor.getTask(ThreadPoolExecutor.java:1074)
        at java.util.concurrent.ThreadPoolExecutor.runWorker(ThreadPoolExecutor.java:1134)
        at java.util.concurrent.ThreadPoolExecutor$Worker.run(ThreadPoolExecutor.java:624)
        at java.lang.Thread.run(Thread.java:750)
"IPC Server handler 65 on default port 15002" daemon prio=5 tid=318 timed_waiting
java.lang.Thread.State: TIMED_WAITING
        at sun.misc.Unsafe.park(Native Method)
        at java.util.concurrent.locks.LockSupport.parkNanos(LockSupport.java:215)
        at java.util.concurrent.locks.AbstractQueuedSynchronizer$ConditionObject.awaitNanos(AbstractQueuedSynchronizer.java:2078)
        at java.util.concurrent.LinkedBlockingQueue.poll(LinkedBlockingQueue.java:467)
        at org.apache.hadoop.ipc.CallQueueManager.take(CallQueueManager.java:317)
        at org.apache.hadoop.ipc.Server$Handler.run(Server.java:3014)
"IPC Server handler 80 on default port 15009" daemon prio=5 tid=551 timed_waiting
java.lang.Thread.State: TIMED_WAITING
        at sun.misc.Unsafe.park(Native Method)
        at java.util.concurrent.locks.LockSupport.parkNanos(LockSupport.java:215)
        at java.util.concurrent.locks.AbstractQueuedSynchronizer$ConditionObject.awaitNanos(AbstractQueuedSynchronizer.java:2078)
        at java.util.concurrent.LinkedBlockingQueue.poll(LinkedBlockingQueue.java:467)
        at org.apache.hadoop.ipc.CallQueueManager.take(CallQueueManager.java:317)
        at org.apache.hadoop.ipc.Server$Handler.run(Server.java:3014)
"IPC Server handler 15 on default port 15001" daemon prio=5 tid=168 timed_waiting
java.lang.Thread.State: TIMED_WAITING
        at sun.misc.Unsafe.park(Native Method)
        at java.util.concurrent.locks.LockSupport.parkNanos(LockSupport.java:215)
        at java.util.concurrent.locks.AbstractQueuedSynchronizer$ConditionObject.awaitNanos(AbstractQueuedSynchronizer.java:2078)
        at java.util.concurrent.LinkedBlockingQueue.poll(LinkedBlockingQueue.java:467)
        at org.apache.hadoop.ipc.CallQueueManager.take(CallQueueManager.java:317)
        at org.apache.hadoop.ipc.Server$Handler.run(Server.java:3014)
"IPC Server handler 54 on default port 15002" daemon prio=5 tid=307 timed_waiting
java.lang.Thread.State: TIMED_WAITING
        at sun.misc.Unsafe.park(Native Method)
        at java.util.concurrent.locks.LockSupport.parkNanos(LockSupport.java:215)
        at java.util.concurrent.locks.AbstractQueuedSynchronizer$ConditionObject.awaitNanos(AbstractQueuedSynchronizer.java:2078)
        at java.util.concurrent.LinkedBlockingQueue.poll(LinkedBlockingQueue.java:467)
        at org.apache.hadoop.ipc.CallQueueManager.take(CallQueueManager.java:317)
        at org.apache.hadoop.ipc.Server$Handler.run(Server.java:3014)
"FixedThreadPoolWithAffinityExecutor-5-0" daemon prio=5 tid=47 timed_waiting
java.lang.Thread.State: TIMED_WAITING
        at sun.misc.Unsafe.park(Native Method)
        at java.util.concurrent.locks.LockSupport.parkNanos(LockSupport.java:215)
        at java.util.concurrent.locks.AbstractQueuedSynchronizer$ConditionObject.awaitNanos(AbstractQueuedSynchronizer.java:2078)
        at java.util.concurrent.LinkedBlockingQueue.poll(LinkedBlockingQueue.java:467)
        at org.apache.hadoop.hdds.scm.server.ContainerReportQueue.poll(ContainerReportQueue.java:269)
        at org.apache.hadoop.hdds.scm.server.ContainerReportQueue.poll(ContainerReportQueue.java:42)
        at org.apache.hadoop.hdds.server.events.FixedThreadPoolWithAffinityExecutor$ContainerReportProcessTask.run(FixedThreadPoolWithAffinityExecutor.java:253)
        at java.util.concurrent.Executors$RunnableAdapter.call(Executors.java:511)
        at java.util.concurrent.FutureTask.run(FutureTask.java:266)
        at java.util.concurrent.ThreadPoolExecutor.runWorker(ThreadPoolExecutor.java:1149)
        at java.util.concurrent.ThreadPoolExecutor$Worker.run(ThreadPoolExecutor.java:624)
        at java.lang.Thread.run(Thread.java:750)
"12adf753-b9bf-4e27-afc1-d809141df6d3-PipelineCommandHandlerThread-0"  prio=5 tid=842 in Object.wait()
java.lang.Thread.State: WAITING (on object monitor)
        at sun.misc.Unsafe.park(Native Method)
        at java.util.concurrent.locks.LockSupport.park(LockSupport.java:175)
        at java.util.concurrent.locks.AbstractQueuedSynchronizer$ConditionObject.await(AbstractQueuedSynchronizer.java:2039)
        at java.util.concurrent.LinkedBlockingQueue.take(LinkedBlockingQueue.java:442)
        at java.util.concurrent.ThreadPoolExecutor.getTask(ThreadPoolExecutor.java:1074)
        at java.util.concurrent.ThreadPoolExecutor.runWorker(ThreadPoolExecutor.java:1134)
        at java.util.concurrent.ThreadPoolExecutor$Worker.run(ThreadPoolExecutor.java:624)
        at java.lang.Thread.run(Thread.java:750)
"IPC Server handler 32 on default port 15002" daemon prio=5 tid=285 timed_waiting
java.lang.Thread.State: TIMED_WAITING
        at sun.misc.Unsafe.park(Native Method)
        at java.util.concurrent.locks.LockSupport.parkNanos(LockSupport.java:215)
        at java.util.concurrent.locks.AbstractQueuedSynchronizer$ConditionObject.awaitNanos(AbstractQueuedSynchronizer.java:2078)
        at java.util.concurrent.LinkedBlockingQueue.poll(LinkedBlockingQueue.java:467)
        at org.apache.hadoop.ipc.CallQueueManager.take(CallQueueManager.java:317)
        at org.apache.hadoop.ipc.Server$Handler.run(Server.java:3014)
"IPC Server handler 67 on default port 15009" daemon prio=5 tid=538 timed_waiting
java.lang.Thread.State: TIMED_WAITING
        at sun.misc.Unsafe.park(Native Method)
        at java.util.concurrent.locks.LockSupport.parkNanos(LockSupport.java:215)
        at java.util.concurrent.locks.AbstractQueuedSynchronizer$ConditionObject.awaitNanos(AbstractQueuedSynchronizer.java:2078)
        at java.util.concurrent.LinkedBlockingQueue.poll(LinkedBlockingQueue.java:467)
        at org.apache.hadoop.ipc.CallQueueManager.take(CallQueueManager.java:317)
        at org.apache.hadoop.ipc.Server$Handler.run(Server.java:3014)
"7b630919-9d6b-42e9-b08a-8409ae097dea-NettyServerStreamRpc-bossGroup--thread1"  prio=5 tid=635 runnable
java.lang.Thread.State: RUNNABLE
        at org.apache.ratis.thirdparty.io.netty.channel.epoll.Native.epollWait(Native Method)
        at org.apache.ratis.thirdparty.io.netty.channel.epoll.Native.epollWait(Native.java:209)
        at org.apache.ratis.thirdparty.io.netty.channel.epoll.Native.epollWait(Native.java:202)
        at org.apache.ratis.thirdparty.io.netty.channel.epoll.EpollEventLoop.epollWaitNoTimerChange(EpollEventLoop.java:316)
        at org.apache.ratis.thirdparty.io.netty.channel.epoll.EpollEventLoop.run(EpollEventLoop.java:373)
        at org.apache.ratis.thirdparty.io.netty.util.concurrent.SingleThreadEventExecutor$4.run(SingleThreadEventExecutor.java:997)
        at org.apache.ratis.thirdparty.io.netty.util.internal.ThreadExecutorMap$2.run(ThreadExecutorMap.java:74)
        at java.lang.Thread.run(Thread.java:750)
"IPC Server handler 66 on default port 15009" daemon prio=5 tid=537 timed_waiting
java.lang.Thread.State: TIMED_WAITING
        at sun.misc.Unsafe.park(Native Method)
        at java.util.concurrent.locks.LockSupport.parkNanos(LockSupport.java:215)
        at java.util.concurrent.locks.AbstractQueuedSynchronizer$ConditionObject.awaitNanos(AbstractQueuedSynchronizer.java:2078)
        at java.util.concurrent.LinkedBlockingQueue.poll(LinkedBlockingQueue.java:467)
        at org.apache.hadoop.ipc.CallQueueManager.take(CallQueueManager.java:317)
        at org.apache.hadoop.ipc.Server$Handler.run(Server.java:3014)
"FixedThreadPoolWithAffinityExecutor-2-0" daemon prio=5 tid=44 timed_waiting
java.lang.Thread.State: TIMED_WAITING
        at sun.misc.Unsafe.park(Native Method)
        at java.util.concurrent.locks.LockSupport.parkNanos(LockSupport.java:215)
        at java.util.concurrent.locks.AbstractQueuedSynchronizer$ConditionObject.awaitNanos(AbstractQueuedSynchronizer.java:2078)
        at java.util.concurrent.LinkedBlockingQueue.poll(LinkedBlockingQueue.java:467)
        at org.apache.hadoop.hdds.scm.server.ContainerReportQueue.poll(ContainerReportQueue.java:269)
        at org.apache.hadoop.hdds.scm.server.ContainerReportQueue.poll(ContainerReportQueue.java:42)
        at org.apache.hadoop.hdds.server.events.FixedThreadPoolWithAffinityExecutor$ContainerReportProcessTask.run(FixedThreadPoolWithAffinityExecutor.java:253)
        at java.util.concurrent.Executors$RunnableAdapter.call(Executors.java:511)
        at java.util.concurrent.FutureTask.run(FutureTask.java:266)
        at java.util.concurrent.ThreadPoolExecutor.runWorker(ThreadPoolExecutor.java:1149)
        at java.util.concurrent.ThreadPoolExecutor$Worker.run(ThreadPoolExecutor.java:624)
        at java.lang.Thread.run(Thread.java:750)
"Session-HouseKeeper-4cb2c334-1"  prio=5 tid=647 timed_waiting
java.lang.Thread.State: TIMED_WAITING
        at sun.misc.Unsafe.park(Native Method)
        at java.util.concurrent.locks.LockSupport.parkNanos(LockSupport.java:215)
        at java.util.concurrent.locks.AbstractQueuedSynchronizer$ConditionObject.awaitNanos(AbstractQueuedSynchronizer.java:2078)
        at java.util.concurrent.ScheduledThreadPoolExecutor$DelayedWorkQueue.take(ScheduledThreadPoolExecutor.java:1093)
        at java.util.concurrent.ScheduledThreadPoolExecutor$DelayedWorkQueue.take(ScheduledThreadPoolExecutor.java:809)
        at java.util.concurrent.ThreadPoolExecutor.getTask(ThreadPoolExecutor.java:1074)
        at java.util.concurrent.ThreadPoolExecutor.runWorker(ThreadPoolExecutor.java:1134)
        at java.util.concurrent.ThreadPoolExecutor$Worker.run(ThreadPoolExecutor.java:624)
        at java.lang.Thread.run(Thread.java:750)
"PartialTableCache-Cleanup-0" daemon prio=5 tid=941 in Object.wait()
java.lang.Thread.State: WAITING (on object monitor)
        at sun.misc.Unsafe.park(Native Method)
        at java.util.concurrent.locks.LockSupport.park(LockSupport.java:175)
        at java.util.concurrent.locks.AbstractQueuedSynchronizer$ConditionObject.await(AbstractQueuedSynchronizer.java:2039)
        at java.util.concurrent.LinkedBlockingQueue.take(LinkedBlockingQueue.java:442)
        at java.util.concurrent.ThreadPoolExecutor.getTask(ThreadPoolExecutor.java:1074)
        at java.util.concurrent.ThreadPoolExecutor.runWorker(ThreadPoolExecutor.java:1134)
        at java.util.concurrent.ThreadPoolExecutor$Worker.run(ThreadPoolExecutor.java:624)
        at java.lang.Thread.run(Thread.java:750)
"ContainerMetadataScanner" daemon prio=5 tid=767 timed_waiting
java.lang.Thread.State: TIMED_WAITING
        at java.lang.Thread.sleep(Native Method)
        at org.apache.hadoop.ozone.container.ozoneimpl.AbstractBackgroundContainerScanner.handleRemainingSleep(AbstractBackgroundContainerScanner.java:131)
        at org.apache.hadoop.ozone.container.ozoneimpl.AbstractBackgroundContainerScanner.runIteration(AbstractBackgroundContainerScanner.java:98)
        at org.apache.hadoop.ozone.container.ozoneimpl.AbstractBackgroundContainerScanner.run(AbstractBackgroundContainerScanner.java:57)
"IPC Server Responder" daemon prio=5 tid=651 runnable
java.lang.Thread.State: RUNNABLE
        at sun.nio.ch.EPollArrayWrapper.epollWait(Native Method)
        at sun.nio.ch.EPollArrayWrapper.poll(EPollArrayWrapper.java:269)
        at sun.nio.ch.EPollSelectorImpl.doSelect(EPollSelectorImpl.java:93)
        at sun.nio.ch.SelectorImpl.lockAndDoSelect(SelectorImpl.java:86)
        at sun.nio.ch.SelectorImpl.select(SelectorImpl.java:97)
        at org.apache.hadoop.ipc.Server$Responder.doRunLoop(Server.java:1582)
        at org.apache.hadoop.ipc.Server$Responder.run(Server.java:1565)
"grpc-default-executor-1" daemon prio=5 tid=861 timed_waiting
java.lang.Thread.State: TIMED_WAITING
        at sun.misc.Unsafe.park(Native Method)
        at java.util.concurrent.locks.LockSupport.parkNanos(LockSupport.java:215)
        at java.util.concurrent.SynchronousQueue$TransferStack.awaitFulfill(SynchronousQueue.java:460)
        at java.util.concurrent.SynchronousQueue$TransferStack.transfer(SynchronousQueue.java:362)
        at java.util.concurrent.SynchronousQueue.poll(SynchronousQueue.java:941)
        at java.util.concurrent.ThreadPoolExecutor.getTask(ThreadPoolExecutor.java:1073)
        at java.util.concurrent.ThreadPoolExecutor.runWorker(ThreadPoolExecutor.java:1134)
        at java.util.concurrent.ThreadPoolExecutor$Worker.run(ThreadPoolExecutor.java:624)
        at java.lang.Thread.run(Thread.java:750)
"IPC Server handler 40 on default port 15002" daemon prio=5 tid=293 timed_waiting
java.lang.Thread.State: TIMED_WAITING
        at sun.misc.Unsafe.park(Native Method)
        at java.util.concurrent.locks.LockSupport.parkNanos(LockSupport.java:215)
        at java.util.concurrent.locks.AbstractQueuedSynchronizer$ConditionObject.awaitNanos(AbstractQueuedSynchronizer.java:2078)
        at java.util.concurrent.LinkedBlockingQueue.poll(LinkedBlockingQueue.java:467)
        at org.apache.hadoop.ipc.CallQueueManager.take(CallQueueManager.java:317)
        at org.apache.hadoop.ipc.Server$Handler.run(Server.java:3014)
"IPC Server handler 46 on default port 15009" daemon prio=5 tid=517 timed_waiting
java.lang.Thread.State: TIMED_WAITING
        at sun.misc.Unsafe.park(Native Method)
        at java.util.concurrent.locks.LockSupport.parkNanos(LockSupport.java:215)
        at java.util.concurrent.locks.AbstractQueuedSynchronizer$ConditionObject.awaitNanos(AbstractQueuedSynchronizer.java:2078)
        at java.util.concurrent.LinkedBlockingQueue.poll(LinkedBlockingQueue.java:467)
        at org.apache.hadoop.ipc.CallQueueManager.take(CallQueueManager.java:317)
        at org.apache.hadoop.ipc.Server$Handler.run(Server.java:3014)
"Session-HouseKeeper-20731f82-1"  prio=5 tid=675 timed_waiting
java.lang.Thread.State: TIMED_WAITING
        at sun.misc.Unsafe.park(Native Method)
        at java.util.concurrent.locks.LockSupport.parkNanos(LockSupport.java:215)
        at java.util.concurrent.locks.AbstractQueuedSynchronizer$ConditionObject.awaitNanos(AbstractQueuedSynchronizer.java:2078)
        at java.util.concurrent.ScheduledThreadPoolExecutor$DelayedWorkQueue.take(ScheduledThreadPoolExecutor.java:1093)
        at java.util.concurrent.ScheduledThreadPoolExecutor$DelayedWorkQueue.take(ScheduledThreadPoolExecutor.java:809)
        at java.util.concurrent.ThreadPoolExecutor.getTask(ThreadPoolExecutor.java:1074)
        at java.util.concurrent.ThreadPoolExecutor.runWorker(ThreadPoolExecutor.java:1134)
        at java.util.concurrent.ThreadPoolExecutor$Worker.run(ThreadPoolExecutor.java:624)
        at java.lang.Thread.run(Thread.java:750)
"IPC Server handler 66 on default port 15001" daemon prio=5 tid=219 timed_waiting
java.lang.Thread.State: TIMED_WAITING
        at sun.misc.Unsafe.park(Native Method)
        at java.util.concurrent.locks.LockSupport.parkNanos(LockSupport.java:215)
        at java.util.concurrent.locks.AbstractQueuedSynchronizer$ConditionObject.awaitNanos(AbstractQueuedSynchronizer.java:2078)
        at java.util.concurrent.LinkedBlockingQueue.poll(LinkedBlockingQueue.java:467)
        at org.apache.hadoop.ipc.CallQueueManager.take(CallQueueManager.java:317)
        at org.apache.hadoop.ipc.Server$Handler.run(Server.java:3014)
"9bdc6c20-c7c2-4cc7-a4be-d4fe59586f4c-ReplicationContainerReader-0" daemon prio=5 tid=1095 in Object.wait()
java.lang.Thread.State: WAITING (on object monitor)
        at sun.misc.Unsafe.park(Native Method)
        at java.util.concurrent.locks.LockSupport.park(LockSupport.java:175)
        at java.util.concurrent.locks.AbstractQueuedSynchronizer$ConditionObject.await(AbstractQueuedSynchronizer.java:2039)
        at java.util.concurrent.LinkedBlockingQueue.take(LinkedBlockingQueue.java:442)
        at java.util.concurrent.ThreadPoolExecutor.getTask(ThreadPoolExecutor.java:1074)
        at java.util.concurrent.ThreadPoolExecutor.runWorker(ThreadPoolExecutor.java:1134)
        at java.util.concurrent.ThreadPoolExecutor$Worker.run(ThreadPoolExecutor.java:624)
        at java.lang.Thread.run(Thread.java:750)
"IPC Server handler 14 on default port 15002" daemon prio=5 tid=267 timed_waiting
java.lang.Thread.State: TIMED_WAITING
        at sun.misc.Unsafe.park(Native Method)
        at java.util.concurrent.locks.LockSupport.parkNanos(LockSupport.java:215)
        at java.util.concurrent.locks.AbstractQueuedSynchronizer$ConditionObject.awaitNanos(AbstractQueuedSynchronizer.java:2078)
        at java.util.concurrent.LinkedBlockingQueue.poll(LinkedBlockingQueue.java:467)
        at org.apache.hadoop.ipc.CallQueueManager.take(CallQueueManager.java:317)
        at org.apache.hadoop.ipc.Server$Handler.run(Server.java:3014)
"IPC Server handler 79 on default port 15009" daemon prio=5 tid=550 timed_waiting
java.lang.Thread.State: TIMED_WAITING
        at sun.misc.Unsafe.park(Native Method)
        at java.util.concurrent.locks.LockSupport.parkNanos(LockSupport.java:215)
        at java.util.concurrent.locks.AbstractQueuedSynchronizer$ConditionObject.awaitNanos(AbstractQueuedSynchronizer.java:2078)
        at java.util.concurrent.LinkedBlockingQueue.poll(LinkedBlockingQueue.java:467)
        at org.apache.hadoop.ipc.CallQueueManager.take(CallQueueManager.java:317)
        at org.apache.hadoop.ipc.Server$Handler.run(Server.java:3014)
"9bdc6c20-c7c2-4cc7-a4be-d4fe59586f4c-BlockDeletingService#2" daemon prio=5 tid=1190 in Object.wait()
java.lang.Thread.State: WAITING (on object monitor)
        at sun.misc.Unsafe.park(Native Method)
        at java.util.concurrent.locks.LockSupport.park(LockSupport.java:175)
        at java.util.concurrent.locks.AbstractQueuedSynchronizer$ConditionObject.await(AbstractQueuedSynchronizer.java:2039)
        at java.util.concurrent.ScheduledThreadPoolExecutor$DelayedWorkQueue.take(ScheduledThreadPoolExecutor.java:1088)
        at java.util.concurrent.ScheduledThreadPoolExecutor$DelayedWorkQueue.take(ScheduledThreadPoolExecutor.java:809)
        at java.util.concurrent.ThreadPoolExecutor.getTask(ThreadPoolExecutor.java:1074)
        at java.util.concurrent.ThreadPoolExecutor.runWorker(ThreadPoolExecutor.java:1134)
        at java.util.concurrent.ThreadPoolExecutor$Worker.run(ThreadPoolExecutor.java:624)
        at java.lang.Thread.run(Thread.java:750)
"9bdc6c20-c7c2-4cc7-a4be-d4fe59586f4c-CommandProcessorThread" daemon prio=5 tid=688 timed_waiting
java.lang.Thread.State: TIMED_WAITING
        at java.lang.Thread.sleep(Native Method)
        at org.apache.hadoop.ozone.container.common.statemachine.DatanodeStateMachine.lambda$initCommandHandlerThread$4(DatanodeStateMachine.java:684)
        at org.apache.hadoop.ozone.container.common.statemachine.DatanodeStateMachine$$Lambda$1389/1074834806.run(Unknown Source)
        at java.lang.Thread.run(Thread.java:750)
"IPC Server handler 93 on default port 15000" daemon prio=5 tid=146 timed_waiting
java.lang.Thread.State: TIMED_WAITING
        at sun.misc.Unsafe.park(Native Method)
        at java.util.concurrent.locks.LockSupport.parkNanos(LockSupport.java:215)
        at java.util.concurrent.locks.AbstractQueuedSynchronizer$ConditionObject.awaitNanos(AbstractQueuedSynchronizer.java:2078)
        at java.util.concurrent.LinkedBlockingQueue.poll(LinkedBlockingQueue.java:467)
        at org.apache.hadoop.ipc.CallQueueManager.take(CallQueueManager.java:317)
        at org.apache.hadoop.ipc.Server$Handler.run(Server.java:3014)
"grpc-default-executor-4" daemon prio=5 tid=1072 timed_waiting
java.lang.Thread.State: TIMED_WAITING
        at sun.misc.Unsafe.park(Native Method)
        at java.util.concurrent.locks.LockSupport.parkNanos(LockSupport.java:215)
        at java.util.concurrent.SynchronousQueue$TransferStack.awaitFulfill(SynchronousQueue.java:460)
        at java.util.concurrent.SynchronousQueue$TransferStack.transfer(SynchronousQueue.java:362)
        at java.util.concurrent.SynchronousQueue.poll(SynchronousQueue.java:941)
        at java.util.concurrent.ThreadPoolExecutor.getTask(ThreadPoolExecutor.java:1073)
        at java.util.concurrent.ThreadPoolExecutor.runWorker(ThreadPoolExecutor.java:1134)
        at java.util.concurrent.ThreadPoolExecutor$Worker.run(ThreadPoolExecutor.java:624)
        at java.lang.Thread.run(Thread.java:750)
"qtp496161074-357" daemon prio=5 tid=357 runnable
java.lang.Thread.State: RUNNABLE
        at sun.nio.ch.EPollArrayWrapper.epollWait(Native Method)
        at sun.nio.ch.EPollArrayWrapper.poll(EPollArrayWrapper.java:269)
        at sun.nio.ch.EPollSelectorImpl.doSelect(EPollSelectorImpl.java:93)
        at sun.nio.ch.SelectorImpl.lockAndDoSelect(SelectorImpl.java:86)
        at sun.nio.ch.SelectorImpl.select(SelectorImpl.java:97)
        at sun.nio.ch.SelectorImpl.select(SelectorImpl.java:101)
        at org.eclipse.jetty.io.ManagedSelector.nioSelect(ManagedSelector.java:183)
        at org.eclipse.jetty.io.ManagedSelector.select(ManagedSelector.java:190)
        at org.eclipse.jetty.io.ManagedSelector$SelectorProducer.select(ManagedSelector.java:606)
        at org.eclipse.jetty.io.ManagedSelector$SelectorProducer.produce(ManagedSelector.java:543)
        at org.eclipse.jetty.util.thread.strategy.EatWhatYouKill.produceTask(EatWhatYouKill.java:362)
        at org.eclipse.jetty.util.thread.strategy.EatWhatYouKill.doProduce(EatWhatYouKill.java:186)
        at org.eclipse.jetty.util.thread.strategy.EatWhatYouKill.tryProduce(EatWhatYouKill.java:173)
        at org.eclipse.jetty.util.thread.strategy.EatWhatYouKill.produce(EatWhatYouKill.java:137)
        at org.eclipse.jetty.io.ManagedSelector$$Lambda$594/551825973.run(Unknown Source)
        at org.eclipse.jetty.util.thread.QueuedThreadPool.runJob(QueuedThreadPool.java:883)
        at org.eclipse.jetty.util.thread.QueuedThreadPool$Runner.run(QueuedThreadPool.java:1034)
        at java.lang.Thread.run(Thread.java:750)
"EventQueue-DatanodeCommandQueueUpdatedForDatanodeCommandCountUpdatedHandler" daemon prio=5 tid=827 in Object.wait()
java.lang.Thread.State: WAITING (on object monitor)
        at sun.misc.Unsafe.park(Native Method)
        at java.util.concurrent.locks.LockSupport.park(LockSupport.java:175)
        at java.util.concurrent.locks.AbstractQueuedSynchronizer$ConditionObject.await(AbstractQueuedSynchronizer.java:2039)
        at java.util.concurrent.LinkedBlockingQueue.take(LinkedBlockingQueue.java:442)
        at java.util.concurrent.ThreadPoolExecutor.getTask(ThreadPoolExecutor.java:1074)
        at java.util.concurrent.ThreadPoolExecutor.runWorker(ThreadPoolExecutor.java:1134)
        at java.util.concurrent.ThreadPoolExecutor$Worker.run(ThreadPoolExecutor.java:624)
        at java.lang.Thread.run(Thread.java:750)
"main"  prio=5 tid=1 runnable
java.lang.Thread.State: RUNNABLE
        at java.lang.Thread.dumpThreads(Native Method)
        at java.lang.Thread.getAllStackTraces(Thread.java:1615)
        at org.apache.ozone.test.TimedOutTestsListener.buildThreadDump(TimedOutTestsListener.java:83)
        at org.apache.ozone.test.TimedOutTestsListener.buildThreadDiagnosticString(TimedOutTestsListener.java:69)
        at org.apache.ozone.test.GenericTestUtils.waitFor(GenericTestUtils.java:204)
        at org.apache.hadoop.ozone.container.TestHelper.waitForReplicaCount(TestHelper.java:444)
        at org.apache.hadoop.ozone.recon.TestReconAndAdminContainerCLI.testNodesInDecommissionOrMaintenance(TestReconAndAdminContainerCLI.java:264)
        at sun.reflect.NativeMethodAccessorImpl.invoke0(Native Method)
        at sun.reflect.NativeMethodAccessorImpl.invoke(NativeMethodAccessorImpl.java:62)
        at sun.reflect.DelegatingMethodAccessorImpl.invoke(DelegatingMethodAccessorImpl.java:43)
        at java.lang.reflect.Method.invoke(Method.java:498)
        at org.junit.platform.commons.util.ReflectionUtils.invokeMethod(ReflectionUtils.java:728)
        at org.junit.jupiter.engine.execution.MethodInvocation.proceed(MethodInvocation.java:60)
        at org.junit.jupiter.engine.execution.InvocationInterceptorChain$ValidatingInvocation.proceed(InvocationInterceptorChain.java:131)
        at org.junit.jupiter.engine.extension.SameThreadTimeoutInvocation.proceed(SameThreadTimeoutInvocation.java:45)
        at org.junit.jupiter.engine.extension.TimeoutExtension.intercept(TimeoutExtension.java:156)
        at org.junit.jupiter.engine.extension.TimeoutExtension.interceptTestableMethod(TimeoutExtension.java:147)
        at org.junit.jupiter.engine.extension.TimeoutExtension.interceptTestTemplateMethod(TimeoutExtension.java:94)
        at org.junit.jupiter.engine.descriptor.TestTemplateInvocationTestDescriptor$$Lambda$2125/1733134783.apply(Unknown Source)
        at org.junit.jupiter.engine.execution.InterceptingExecutableInvoker$ReflectiveInterceptorCall.lambda$ofVoidMethod$0(InterceptingExecutableInvoker.java:103)
        at org.junit.jupiter.engine.execution.InterceptingExecutableInvoker$ReflectiveInterceptorCall$$Lambda$188/1518752790.apply(Unknown Source)
        at org.junit.jupiter.engine.execution.InterceptingExecutableInvoker.lambda$invoke$0(InterceptingExecutableInvoker.java:93)
        at org.junit.jupiter.engine.execution.InterceptingExecutableInvoker$$Lambda$387/1787083839.apply(Unknown Source)
        at org.junit.jupiter.engine.execution.InvocationInterceptorChain$InterceptedInvocation.proceed(InvocationInterceptorChain.java:106)
        at org.junit.jupiter.engine.execution.InvocationInterceptorChain.proceed(InvocationInterceptorChain.java:64)
        at org.junit.jupiter.engine.execution.InvocationInterceptorChain.chainAndInvoke(InvocationInterceptorChain.java:45)
        at org.junit.jupiter.engine.execution.InvocationInterceptorChain.invoke(InvocationInterceptorChain.java:37)
        at org.junit.jupiter.engine.execution.InterceptingExecutableInvoker.invoke(InterceptingExecutableInvoker.java:92)
        at org.junit.jupiter.engine.execution.InterceptingExecutableInvoker.invoke(InterceptingExecutableInvoker.java:86)
        at org.junit.jupiter.engine.descriptor.TestMethodTestDescriptor.lambda$invokeTestMethod$7(TestMethodTestDescriptor.java:218)
        at org.junit.jupiter.engine.descriptor.TestMethodTestDescriptor$$Lambda$2156/6780193.execute(Unknown Source)
        at org.junit.platform.engine.support.hierarchical.ThrowableCollector.execute(ThrowableCollector.java:73)
        at org.junit.jupiter.engine.descriptor.TestMethodTestDescriptor.invokeTestMethod(TestMethodTestDescriptor.java:214)
        at org.junit.jupiter.engine.descriptor.TestMethodTestDescriptor.execute(TestMethodTestDescriptor.java:139)
        at org.junit.jupiter.engine.descriptor.TestMethodTestDescriptor.execute(TestMethodTestDescriptor.java:69)
        at org.junit.platform.engine.support.hierarchical.NodeTestTask.lambda$executeRecursively$6(NodeTestTask.java:151)
        at org.junit.platform.engine.support.hierarchical.NodeTestTask$$Lambda$317/2054077982.execute(Unknown Source)
        at org.junit.platform.engine.support.hierarchical.ThrowableCollector.execute(ThrowableCollector.java:73)
        at org.junit.platform.engine.support.hierarchical.NodeTestTask.lambda$executeRecursively$8(NodeTestTask.java:141)
        at org.junit.platform.engine.support.hierarchical.NodeTestTask$$Lambda$316/1098737173.invoke(Unknown Source)
        at org.junit.platform.engine.support.hierarchical.Node.around(Node.java:137)
        at org.junit.platform.engine.support.hierarchical.NodeTestTask.lambda$executeRecursively$9(NodeTestTask.java:139)
        at org.junit.platform.engine.support.hierarchical.NodeTestTask$$Lambda$315/1476061571.execute(Unknown Source)
        at org.junit.platform.engine.support.hierarchical.ThrowableCollector.execute(ThrowableCollector.java:73)
        at org.junit.platform.engine.support.hierarchical.NodeTestTask.executeRecursively(NodeTestTask.java:138)
        at org.junit.platform.engine.support.hierarchical.NodeTestTask.execute(NodeTestTask.java:95)
        at org.junit.platform.engine.support.hierarchical.SameThreadHierarchicalTestExecutorService.submit(SameThreadHierarchicalTestExecutorService.java:35)
        at org.junit.platform.engine.support.hierarchical.NodeTestTask$DefaultDynamicTestExecutor.execute(NodeTestTask.java:226)
        at org.junit.platform.engine.support.hierarchical.NodeTestTask$DefaultDynamicTestExecutor.execute(NodeTestTask.java:204)
        at org.junit.jupiter.engine.descriptor.TestTemplateTestDescriptor.execute(TestTemplateTestDescriptor.java:142)
        at org.junit.jupiter.engine.descriptor.TestTemplateTestDescriptor.lambda$execute$2(TestTemplateTestDescriptor.java:110)
        at org.junit.jupiter.engine.descriptor.TestTemplateTestDescriptor$$Lambda$2085/1838025715.accept(Unknown Source)
        at java.util.stream.ForEachOps$ForEachOp$OfRef.accept(ForEachOps.java:183)
        at java.util.stream.ReferencePipeline$3$1.accept(ReferencePipeline.java:193)
        at java.util.stream.ReferencePipeline$2$1.accept(ReferencePipeline.java:175)
        at java.util.stream.ReferencePipeline$3$1.accept(ReferencePipeline.java:193)
        at java.util.stream.ForEachOps$ForEachOp$OfRef.accept(ForEachOps.java:183)
        at java.util.stream.ReferencePipeline$3$1.accept(ReferencePipeline.java:193)
        at java.util.stream.ReferencePipeline$3$1.accept(ReferencePipeline.java:193)
        at java.util.stream.ReferencePipeline$3$1.accept(ReferencePipeline.java:193)
        at java.util.stream.ForEachOps$ForEachOp$OfRef.accept(ForEachOps.java:183)
        at java.util.stream.ReferencePipeline$3$1.accept(ReferencePipeline.java:193)
        at java.util.Spliterators$ArraySpliterator.forEachRemaining(Spliterators.java:948)
        at java.util.stream.ReferencePipeline$Head.forEach(ReferencePipeline.java:647)
        at java.util.stream.ReferencePipeline$7$1.accept(ReferencePipeline.java:272)
        at java.util.stream.ReferencePipeline$3$1.accept(ReferencePipeline.java:193)
        at java.util.stream.ReferencePipeline$3$1.accept(ReferencePipeline.java:193)
        at java.util.stream.ReferencePipeline$3$1.accept(ReferencePipeline.java:193)
        at java.util.Spliterators$ArraySpliterator.forEachRemaining(Spliterators.java:948)
        at java.util.stream.AbstractPipeline.copyInto(AbstractPipeline.java:482)
        at java.util.stream.AbstractPipeline.wrapAndCopyInto(AbstractPipeline.java:472)
        at java.util.stream.ForEachOps$ForEachOp.evaluateSequential(ForEachOps.java:150)
        at java.util.stream.ForEachOps$ForEachOp$OfRef.evaluateSequential(ForEachOps.java:173)
        at java.util.stream.AbstractPipeline.evaluate(AbstractPipeline.java:234)
        at java.util.stream.ReferencePipeline.forEach(ReferencePipeline.java:485)
        at java.util.stream.ReferencePipeline$7$1.accept(ReferencePipeline.java:272)
        at java.util.stream.ReferencePipeline$3$1.accept(ReferencePipeline.java:193)
        at java.util.stream.ReferencePipeline$3$1.accept(ReferencePipeline.java:193)
        at java.util.stream.ReferencePipeline$3$1.accept(ReferencePipeline.java:193)
        at java.util.ArrayList$ArrayListSpliterator.forEachRemaining(ArrayList.java:1384)
        at java.util.stream.AbstractPipeline.copyInto(AbstractPipeline.java:482)
        at java.util.stream.AbstractPipeline.wrapAndCopyInto(AbstractPipeline.java:472)
        at java.util.stream.ForEachOps$ForEachOp.evaluateSequential(ForEachOps.java:150)
        at java.util.stream.ForEachOps$ForEachOp$OfRef.evaluateSequential(ForEachOps.java:173)
        at java.util.stream.AbstractPipeline.evaluate(AbstractPipeline.java:234)
        at java.util.stream.ReferencePipeline.forEach(ReferencePipeline.java:485)
        at java.util.stream.ReferencePipeline$7$1.accept(ReferencePipeline.java:272)
        at java.util.ArrayList$ArrayListSpliterator.forEachRemaining(ArrayList.java:1384)
        at java.util.stream.AbstractPipeline.copyInto(AbstractPipeline.java:482)
        at java.util.stream.AbstractPipeline.wrapAndCopyInto(AbstractPipeline.java:472)
        at java.util.stream.ForEachOps$ForEachOp.evaluateSequential(ForEachOps.java:150)
        at java.util.stream.ForEachOps$ForEachOp$OfRef.evaluateSequential(ForEachOps.java:173)
        at java.util.stream.AbstractPipeline.evaluate(AbstractPipeline.java:234)
        at java.util.stream.ReferencePipeline.forEach(ReferencePipeline.java:485)
        at org.junit.jupiter.engine.descriptor.TestTemplateTestDescriptor.execute(TestTemplateTestDescriptor.java:110)
        at org.junit.jupiter.engine.descriptor.TestTemplateTestDescriptor.execute(TestTemplateTestDescriptor.java:44)
        at org.junit.platform.engine.support.hierarchical.NodeTestTask.lambda$executeRecursively$6(NodeTestTask.java:151)
        at org.junit.platform.engine.support.hierarchical.NodeTestTask$$Lambda$317/2054077982.execute(Unknown Source)
        at org.junit.platform.engine.support.hierarchical.ThrowableCollector.execute(ThrowableCollector.java:73)
        at org.junit.platform.engine.support.hierarchical.NodeTestTask.lambda$executeRecursively$8(NodeTestTask.java:141)
        at org.junit.platform.engine.support.hierarchical.NodeTestTask$$Lambda$316/1098737173.invoke(Unknown Source)
        at org.junit.platform.engine.support.hierarchical.Node.around(Node.java:137)
        at org.junit.platform.engine.support.hierarchical.NodeTestTask.lambda$executeRecursively$9(NodeTestTask.java:139)
        at org.junit.platform.engine.support.hierarchical.NodeTestTask$$Lambda$315/1476061571.execute(Unknown Source)
        at org.junit.platform.engine.support.hierarchical.ThrowableCollector.execute(ThrowableCollector.java:73)
        at org.junit.platform.engine.support.hierarchical.NodeTestTask.executeRecursively(NodeTestTask.java:138)
        at org.junit.platform.engine.support.hierarchical.NodeTestTask.execute(NodeTestTask.java:95)
        at org.junit.platform.engine.support.hierarchical.SameThreadHierarchicalTestExecutorService$$Lambda$321/1220813917.accept(Unknown Source)
        at java.util.ArrayList.forEach(ArrayList.java:1259)
        at org.junit.platform.engine.support.hierarchical.SameThreadHierarchicalTestExecutorService.invokeAll(SameThreadHierarchicalTestExecutorService.java:41)
        at org.junit.platform.engine.support.hierarchical.NodeTestTask.lambda$executeRecursively$6(NodeTestTask.java:155)
        at org.junit.platform.engine.support.hierarchical.NodeTestTask$$Lambda$317/2054077982.execute(Unknown Source)
        at org.junit.platform.engine.support.hierarchical.ThrowableCollector.execute(ThrowableCollector.java:73)
        at org.junit.platform.engine.support.hierarchical.NodeTestTask.lambda$executeRecursively$8(NodeTestTask.java:141)
        at org.junit.platform.engine.support.hierarchical.NodeTestTask$$Lambda$316/1098737173.invoke(Unknown Source)
        at org.junit.platform.engine.support.hierarchical.Node.around(Node.java:137)
        at org.junit.platform.engine.support.hierarchical.NodeTestTask.lambda$executeRecursively$9(NodeTestTask.java:139)
        at org.junit.platform.engine.support.hierarchical.NodeTestTask$$Lambda$315/1476061571.execute(Unknown Source)
        at org.junit.platform.engine.support.hierarchical.ThrowableCollector.execute(ThrowableCollector.java:73)
        at org.junit.platform.engine.support.hierarchical.NodeTestTask.executeRecursively(NodeTestTask.java:138)
        at org.junit.platform.engine.support.hierarchical.NodeTestTask.execute(NodeTestTask.java:95)
        at org.junit.platform.engine.support.hierarchical.SameThreadHierarchicalTestExecutorService$$Lambda$321/1220813917.accept(Unknown Source)
        at java.util.ArrayList.forEach(ArrayList.java:1259)
        at org.junit.platform.engine.support.hierarchical.SameThreadHierarchicalTestExecutorService.invokeAll(SameThreadHierarchicalTestExecutorService.java:41)
        at org.junit.platform.engine.support.hierarchical.NodeTestTask.lambda$executeRecursively$6(NodeTestTask.java:155)
        at org.junit.platform.engine.support.hierarchical.NodeTestTask$$Lambda$317/2054077982.execute(Unknown Source)
        at org.junit.platform.engine.support.hierarchical.ThrowableCollector.execute(ThrowableCollector.java:73)
        at org.junit.platform.engine.support.hierarchical.NodeTestTask.lambda$executeRecursively$8(NodeTestTask.java:141)
        at org.junit.platform.engine.support.hierarchical.NodeTestTask$$Lambda$316/1098737173.invoke(Unknown Source)
        at org.junit.platform.engine.support.hierarchical.Node.around(Node.java:137)
        at org.junit.platform.engine.support.hierarchical.NodeTestTask.lambda$executeRecursively$9(NodeTestTask.java:139)
        at org.junit.platform.engine.support.hierarchical.NodeTestTask$$Lambda$315/1476061571.execute(Unknown Source)
        at org.junit.platform.engine.support.hierarchical.ThrowableCollector.execute(ThrowableCollector.java:73)
        at org.junit.platform.engine.support.hierarchical.NodeTestTask.executeRecursively(NodeTestTask.java:138)
        at org.junit.platform.engine.support.hierarchical.NodeTestTask.execute(NodeTestTask.java:95)
        at org.junit.platform.engine.support.hierarchical.SameThreadHierarchicalTestExecutorService.submit(SameThreadHierarchicalTestExecutorService.java:35)
        at org.junit.platform.engine.support.hierarchical.HierarchicalTestExecutor.execute(HierarchicalTestExecutor.java:57)
        at org.junit.platform.engine.support.hierarchical.HierarchicalTestEngine.execute(HierarchicalTestEngine.java:54)
        at org.junit.platform.launcher.core.EngineExecutionOrchestrator.execute(EngineExecutionOrchestrator.java:198)
        at org.junit.platform.launcher.core.EngineExecutionOrchestrator.execute(EngineExecutionOrchestrator.java:169)
        at org.junit.platform.launcher.core.EngineExecutionOrchestrator.execute(EngineExecutionOrchestrator.java:93)
        at org.junit.platform.launcher.core.EngineExecutionOrchestrator.lambda$execute$0(EngineExecutionOrchestrator.java:58)
        at org.junit.platform.launcher.core.EngineExecutionOrchestrator$$Lambda$235/1720746883.accept(Unknown Source)
        at org.junit.platform.launcher.core.EngineExecutionOrchestrator.withInterceptedStreams(EngineExecutionOrchestrator.java:141)
        at org.junit.platform.launcher.core.EngineExecutionOrchestrator.execute(EngineExecutionOrchestrator.java:57)
        at org.junit.platform.launcher.core.DefaultLauncher.execute(DefaultLauncher.java:103)
        at org.junit.platform.launcher.core.DefaultLauncher.execute(DefaultLauncher.java:85)
        at org.junit.platform.launcher.core.DelegatingLauncher.execute(DelegatingLauncher.java:47)
        at org.junit.platform.launcher.core.SessionPerRequestLauncher.execute(SessionPerRequestLauncher.java:63)
        at org.apache.maven.surefire.junitplatform.JUnitPlatformProvider.invokeAllTests(JUnitPlatformProvider.java:154)
        at org.apache.maven.surefire.junitplatform.JUnitPlatformProvider.invoke(JUnitPlatformProvider.java:123)
        at org.apache.maven.surefire.booter.ForkedBooter.runSuitesInProcess(ForkedBooter.java:377)
        at org.apache.maven.surefire.booter.ForkedBooter.execute(ForkedBooter.java:138)
        at org.apache.maven.surefire.booter.ForkedBooter.run(ForkedBooter.java:465)
        at org.apache.maven.surefire.booter.ForkedBooter.main(ForkedBooter.java:451)
"IPC Server handler 77 on default port 15000" daemon prio=5 tid=130 timed_waiting
java.lang.Thread.State: TIMED_WAITING
        at sun.misc.Unsafe.park(Native Method)
        at java.util.concurrent.locks.LockSupport.parkNanos(LockSupport.java:215)
        at java.util.concurrent.locks.AbstractQueuedSynchronizer$ConditionObject.awaitNanos(AbstractQueuedSynchronizer.java:2078)
        at java.util.concurrent.LinkedBlockingQueue.poll(LinkedBlockingQueue.java:467)
        at org.apache.hadoop.ipc.CallQueueManager.take(CallQueueManager.java:317)
        at org.apache.hadoop.ipc.Server$Handler.run(Server.java:3014)
"IPC Server handler 79 on default port 15002" daemon prio=5 tid=332 timed_waiting
java.lang.Thread.State: TIMED_WAITING
        at sun.misc.Unsafe.park(Native Method)
        at java.util.concurrent.locks.LockSupport.parkNanos(LockSupport.java:215)
        at java.util.concurrent.locks.AbstractQueuedSynchronizer$ConditionObject.awaitNanos(AbstractQueuedSynchronizer.java:2078)
        at java.util.concurrent.LinkedBlockingQueue.poll(LinkedBlockingQueue.java:467)
        at org.apache.hadoop.ipc.CallQueueManager.take(CallQueueManager.java:317)
        at org.apache.hadoop.ipc.Server$Handler.run(Server.java:3014)
"SSL Certificates Store Monitor" daemon prio=5 tid=441 in Object.wait()
java.lang.Thread.State: WAITING (on object monitor)
        at java.lang.Object.wait(Native Method)
        at java.lang.Object.wait(Object.java:502)
        at java.util.TimerThread.mainLoop(Timer.java:526)
        at java.util.TimerThread.run(Timer.java:505)
"IPC Server handler 71 on default port 15002" daemon prio=5 tid=324 timed_waiting
java.lang.Thread.State: TIMED_WAITING
        at sun.misc.Unsafe.park(Native Method)
        at java.util.concurrent.locks.LockSupport.parkNanos(LockSupport.java:215)
        at java.util.concurrent.locks.AbstractQueuedSynchronizer$ConditionObject.awaitNanos(AbstractQueuedSynchronizer.java:2078)
        at java.util.concurrent.LinkedBlockingQueue.poll(LinkedBlockingQueue.java:467)
        at org.apache.hadoop.ipc.CallQueueManager.take(CallQueueManager.java:317)
        at org.apache.hadoop.ipc.Server$Handler.run(Server.java:3014)
"gradle-enterprise-test-client-gradle-enterprise-test-listener"  prio=5 tid=14 in Object.wait()
java.lang.Thread.State: WAITING (on object monitor)
        at sun.misc.Unsafe.park(Native Method)
        at java.util.concurrent.locks.LockSupport.park(LockSupport.java:175)
        at java.util.concurrent.locks.AbstractQueuedSynchronizer$ConditionObject.await(AbstractQueuedSynchronizer.java:2039)
        at java.util.concurrent.ArrayBlockingQueue.take(ArrayBlockingQueue.java:403)
        at com.gradle.maven.scan.extension.test.listener.obfuscated.k.a.a(SourceFile:130)
        at com.gradle.maven.scan.extension.test.listener.obfuscated.k.a.b(SourceFile:93)
        at com.gradle.maven.scan.extension.test.listener.obfuscated.k.a$$Lambda$256/215614514.run(Unknown Source)
        at java.util.concurrent.Executors$RunnableAdapter.call(Executors.java:511)
        at java.util.concurrent.FutureTask.run(FutureTask.java:266)
        at java.util.concurrent.ThreadPoolExecutor.runWorker(ThreadPoolExecutor.java:1149)
        at java.util.concurrent.ThreadPoolExecutor$Worker.run(ThreadPoolExecutor.java:624)
        at java.lang.Thread.run(Thread.java:750)
"IPC Client (648639818) connection to 0.0.0.0/0.0.0.0:15009 from runner" daemon prio=5 tid=721 timed_waiting
java.lang.Thread.State: TIMED_WAITING
        at java.lang.Object.wait(Native Method)
        at org.apache.hadoop.ipc.Client$Connection.waitForWork(Client.java:1026)
        at org.apache.hadoop.ipc.Client$Connection.run(Client.java:1077)
"IPC Server handler 82 on default port 15001" daemon prio=5 tid=235 timed_waiting
java.lang.Thread.State: TIMED_WAITING
        at sun.misc.Unsafe.park(Native Method)
        at java.util.concurrent.locks.LockSupport.parkNanos(LockSupport.java:215)
        at java.util.concurrent.locks.AbstractQueuedSynchronizer$ConditionObject.awaitNanos(AbstractQueuedSynchronizer.java:2078)
        at java.util.concurrent.LinkedBlockingQueue.poll(LinkedBlockingQueue.java:467)
        at org.apache.hadoop.ipc.CallQueueManager.take(CallQueueManager.java:317)
        at org.apache.hadoop.ipc.Server$Handler.run(Server.java:3014)
"qtp1287916357-644" daemon prio=5 tid=644 timed_waiting
java.lang.Thread.State: TIMED_WAITING
        at sun.misc.Unsafe.park(Native Method)
        at java.util.concurrent.locks.LockSupport.parkNanos(LockSupport.java:215)
        at java.util.concurrent.locks.AbstractQueuedSynchronizer$ConditionObject.awaitNanos(AbstractQueuedSynchronizer.java:2078)
        at org.eclipse.jetty.util.BlockingArrayQueue.poll(BlockingArrayQueue.java:382)
        at org.eclipse.jetty.util.thread.QueuedThreadPool$Runner.idleJobPoll(QueuedThreadPool.java:974)
        at org.eclipse.jetty.util.thread.QueuedThreadPool$Runner.run(QueuedThreadPool.java:1018)
        at java.lang.Thread.run(Thread.java:750)
"IPC Server Responder" daemon prio=5 tid=679 runnable
java.lang.Thread.State: RUNNABLE
        at sun.nio.ch.EPollArrayWrapper.epollWait(Native Method)
        at sun.nio.ch.EPollArrayWrapper.poll(EPollArrayWrapper.java:269)
        at sun.nio.ch.EPollSelectorImpl.doSelect(EPollSelectorImpl.java:93)
        at sun.nio.ch.SelectorImpl.lockAndDoSelect(SelectorImpl.java:86)
        at sun.nio.ch.SelectorImpl.select(SelectorImpl.java:97)
        at org.apache.hadoop.ipc.Server$Responder.doRunLoop(Server.java:1582)
        at org.apache.hadoop.ipc.Server$Responder.run(Server.java:1565)
"12adf753-b9bf-4e27-afc1-d809141df6d3-DatanodeStateMachineTaskThread-0"  prio=5 tid=633 in Object.wait()
java.lang.Thread.State: WAITING (on object monitor)
        at sun.misc.Unsafe.park(Native Method)
        at java.util.concurrent.locks.LockSupport.park(LockSupport.java:175)
        at java.util.concurrent.locks.AbstractQueuedSynchronizer$ConditionObject.await(AbstractQueuedSynchronizer.java:2039)
        at java.util.concurrent.LinkedBlockingQueue.take(LinkedBlockingQueue.java:442)
        at java.util.concurrent.ThreadPoolExecutor.getTask(ThreadPoolExecutor.java:1074)
        at java.util.concurrent.ThreadPoolExecutor.runWorker(ThreadPoolExecutor.java:1134)
        at java.util.concurrent.ThreadPoolExecutor$Worker.run(ThreadPoolExecutor.java:624)
        at java.lang.Thread.run(Thread.java:750)
"IPC Server handler 66 on default port 15002" daemon prio=5 tid=319 timed_waiting
java.lang.Thread.State: TIMED_WAITING
        at sun.misc.Unsafe.park(Native Method)
        at java.util.concurrent.locks.LockSupport.parkNanos(LockSupport.java:215)
        at java.util.concurrent.locks.AbstractQueuedSynchronizer$ConditionObject.awaitNanos(AbstractQueuedSynchronizer.java:2078)
        at java.util.concurrent.LinkedBlockingQueue.poll(LinkedBlockingQueue.java:467)
        at org.apache.hadoop.ipc.CallQueueManager.take(CallQueueManager.java:317)
        at org.apache.hadoop.ipc.Server$Handler.run(Server.java:3014)
"IPC Server handler 3 on default port 15004" daemon prio=5 tid=417 timed_waiting
java.lang.Thread.State: TIMED_WAITING
        at sun.misc.Unsafe.park(Native Method)
        at java.util.concurrent.locks.LockSupport.parkNanos(LockSupport.java:215)
        at java.util.concurrent.locks.AbstractQueuedSynchronizer$ConditionObject.awaitNanos(AbstractQueuedSynchronizer.java:2078)
        at java.util.concurrent.LinkedBlockingQueue.poll(LinkedBlockingQueue.java:467)
        at org.apache.hadoop.ipc.CallQueueManager.take(CallQueueManager.java:317)
        at org.apache.hadoop.ipc.Server$Handler.run(Server.java:3014)
"7b630919-9d6b-42e9-b08a-8409ae097dea@group-F914C1362A36-StateMachineUpdater" daemon prio=5 tid=1144 timed_waiting
java.lang.Thread.State: TIMED_WAITING
        at sun.misc.Unsafe.park(Native Method)
        at java.util.concurrent.locks.LockSupport.parkNanos(LockSupport.java:215)
        at java.util.concurrent.locks.AbstractQueuedSynchronizer$ConditionObject.await(AbstractQueuedSynchronizer.java:2163)
        at org.apache.ratis.util.AwaitForSignal.await(AwaitForSignal.java:65)
        at org.apache.ratis.server.impl.StateMachineUpdater.waitForCommit(StateMachineUpdater.java:211)
        at org.apache.ratis.server.impl.StateMachineUpdater.run(StateMachineUpdater.java:180)
        at java.lang.Thread.run(Thread.java:750)
"grpc-default-executor-2" daemon prio=5 tid=868 timed_waiting
java.lang.Thread.State: TIMED_WAITING
        at sun.misc.Unsafe.park(Native Method)
        at java.util.concurrent.locks.LockSupport.parkNanos(LockSupport.java:215)
        at java.util.concurrent.SynchronousQueue$TransferStack.awaitFulfill(SynchronousQueue.java:460)
        at java.util.concurrent.SynchronousQueue$TransferStack.transfer(SynchronousQueue.java:362)
        at java.util.concurrent.SynchronousQueue.poll(SynchronousQueue.java:941)
        at java.util.concurrent.ThreadPoolExecutor.getTask(ThreadPoolExecutor.java:1073)
        at java.util.concurrent.ThreadPoolExecutor.runWorker(ThreadPoolExecutor.java:1134)
        at java.util.concurrent.ThreadPoolExecutor$Worker.run(ThreadPoolExecutor.java:624)
        at java.lang.Thread.run(Thread.java:750)
"IPC Server handler 51 on default port 15000" daemon prio=5 tid=104 timed_waiting
java.lang.Thread.State: TIMED_WAITING
        at sun.misc.Unsafe.park(Native Method)
        at java.util.concurrent.locks.LockSupport.parkNanos(LockSupport.java:215)
        at java.util.concurrent.locks.AbstractQueuedSynchronizer$ConditionObject.awaitNanos(AbstractQueuedSynchronizer.java:2078)
        at java.util.concurrent.LinkedBlockingQueue.poll(LinkedBlockingQueue.java:467)
        at org.apache.hadoop.ipc.CallQueueManager.take(CallQueueManager.java:317)
        at org.apache.hadoop.ipc.Server$Handler.run(Server.java:3014)
"Recon-FixedThreadPoolWithAffinityExecutor-4-0" daemon prio=5 tid=452 timed_waiting
java.lang.Thread.State: TIMED_WAITING
        at sun.misc.Unsafe.park(Native Method)
        at java.util.concurrent.locks.LockSupport.parkNanos(LockSupport.java:215)
        at java.util.concurrent.locks.AbstractQueuedSynchronizer$ConditionObject.awaitNanos(AbstractQueuedSynchronizer.java:2078)
        at java.util.concurrent.LinkedBlockingQueue.poll(LinkedBlockingQueue.java:467)
        at org.apache.hadoop.hdds.scm.server.ContainerReportQueue.poll(ContainerReportQueue.java:269)
        at org.apache.hadoop.hdds.scm.server.ContainerReportQueue.poll(ContainerReportQueue.java:42)
        at org.apache.hadoop.hdds.server.events.FixedThreadPoolWithAffinityExecutor$ContainerReportProcessTask.run(FixedThreadPoolWithAffinityExecutor.java:253)
        at java.util.concurrent.Executors$RunnableAdapter.call(Executors.java:511)
        at java.util.concurrent.FutureTask.run(FutureTask.java:266)
        at java.util.concurrent.ThreadPoolExecutor.runWorker(ThreadPoolExecutor.java:1149)
        at java.util.concurrent.ThreadPoolExecutor$Worker.run(ThreadPoolExecutor.java:624)
        at java.lang.Thread.run(Thread.java:750)
"FullTableCache-Cleanup-0" daemon prio=5 tid=937 in Object.wait()
java.lang.Thread.State: WAITING (on object monitor)
        at sun.misc.Unsafe.park(Native Method)
        at java.util.concurrent.locks.LockSupport.park(LockSupport.java:175)
        at java.util.concurrent.locks.AbstractQueuedSynchronizer$ConditionObject.await(AbstractQueuedSynchronizer.java:2039)
        at java.util.concurrent.LinkedBlockingQueue.take(LinkedBlockingQueue.java:442)
        at java.util.concurrent.ThreadPoolExecutor.getTask(ThreadPoolExecutor.java:1074)
        at java.util.concurrent.ThreadPoolExecutor.runWorker(ThreadPoolExecutor.java:1134)
        at java.util.concurrent.ThreadPoolExecutor$Worker.run(ThreadPoolExecutor.java:624)
        at java.lang.Thread.run(Thread.java:750)
"IPC Server handler 23 on default port 15002" daemon prio=5 tid=276 timed_waiting
java.lang.Thread.State: TIMED_WAITING
        at sun.misc.Unsafe.park(Native Method)
        at java.util.concurrent.locks.LockSupport.parkNanos(LockSupport.java:215)
        at java.util.concurrent.locks.AbstractQueuedSynchronizer$ConditionObject.awaitNanos(AbstractQueuedSynchronizer.java:2078)
        at java.util.concurrent.LinkedBlockingQueue.poll(LinkedBlockingQueue.java:467)
        at org.apache.hadoop.ipc.CallQueueManager.take(CallQueueManager.java:317)
        at org.apache.hadoop.ipc.Server$Handler.run(Server.java:3014)
"IPC Server handler 97 on default port 15000" daemon prio=5 tid=150 timed_waiting
java.lang.Thread.State: TIMED_WAITING
        at sun.misc.Unsafe.park(Native Method)
        at java.util.concurrent.locks.LockSupport.parkNanos(LockSupport.java:215)
        at java.util.concurrent.locks.AbstractQueuedSynchronizer$ConditionObject.awaitNanos(AbstractQueuedSynchronizer.java:2078)
        at java.util.concurrent.LinkedBlockingQueue.poll(LinkedBlockingQueue.java:467)
        at org.apache.hadoop.ipc.CallQueueManager.take(CallQueueManager.java:317)
        at org.apache.hadoop.ipc.Server$Handler.run(Server.java:3014)
"IPC Server handler 87 on default port 15000" daemon prio=5 tid=140 timed_waiting
java.lang.Thread.State: TIMED_WAITING
        at sun.misc.Unsafe.park(Native Method)
        at java.util.concurrent.locks.LockSupport.parkNanos(LockSupport.java:215)
        at java.util.concurrent.locks.AbstractQueuedSynchronizer$ConditionObject.awaitNanos(AbstractQueuedSynchronizer.java:2078)
        at java.util.concurrent.LinkedBlockingQueue.poll(LinkedBlockingQueue.java:467)
        at org.apache.hadoop.ipc.CallQueueManager.take(CallQueueManager.java:317)
        at org.apache.hadoop.ipc.Server$Handler.run(Server.java:3014)
"Timer-1" daemon prio=5 tid=435 in Object.wait()
java.lang.Thread.State: WAITING (on object monitor)
        at java.lang.Object.wait(Native Method)
        at java.lang.Object.wait(Object.java:502)
        at java.util.TimerThread.mainLoop(Timer.java:526)
        at java.util.TimerThread.run(Timer.java:505)
"IPC Server handler 68 on default port 15000" daemon prio=5 tid=121 timed_waiting
java.lang.Thread.State: TIMED_WAITING
        at sun.misc.Unsafe.park(Native Method)
        at java.util.concurrent.locks.LockSupport.parkNanos(LockSupport.java:215)
        at java.util.concurrent.locks.AbstractQueuedSynchronizer$ConditionObject.awaitNanos(AbstractQueuedSynchronizer.java:2078)
        at java.util.concurrent.LinkedBlockingQueue.poll(LinkedBlockingQueue.java:467)
        at org.apache.hadoop.ipc.CallQueueManager.take(CallQueueManager.java:317)
        at org.apache.hadoop.ipc.Server$Handler.run(Server.java:3014)
"7b630919-9d6b-42e9-b08a-8409ae097dea-CloseContainerThread-2"  prio=5 tid=1061 in Object.wait()
java.lang.Thread.State: WAITING (on object monitor)
        at sun.misc.Unsafe.park(Native Method)
        at java.util.concurrent.locks.LockSupport.park(LockSupport.java:175)
        at java.util.concurrent.locks.AbstractQueuedSynchronizer$ConditionObject.await(AbstractQueuedSynchronizer.java:2039)
        at java.util.concurrent.LinkedBlockingQueue.take(LinkedBlockingQueue.java:442)
        at java.util.concurrent.ThreadPoolExecutor.getTask(ThreadPoolExecutor.java:1074)
        at java.util.concurrent.ThreadPoolExecutor.runWorker(ThreadPoolExecutor.java:1134)
        at java.util.concurrent.ThreadPoolExecutor$Worker.run(ThreadPoolExecutor.java:624)
        at java.lang.Thread.run(Thread.java:750)
"FixedThreadPoolWithAffinityExecutor-8-0" daemon prio=5 tid=50 timed_waiting
java.lang.Thread.State: TIMED_WAITING
        at sun.misc.Unsafe.park(Native Method)
        at java.util.concurrent.locks.LockSupport.parkNanos(LockSupport.java:215)
        at java.util.concurrent.locks.AbstractQueuedSynchronizer$ConditionObject.awaitNanos(AbstractQueuedSynchronizer.java:2078)
        at java.util.concurrent.LinkedBlockingQueue.poll(LinkedBlockingQueue.java:467)
        at org.apache.hadoop.hdds.scm.server.ContainerReportQueue.poll(ContainerReportQueue.java:269)
        at org.apache.hadoop.hdds.scm.server.ContainerReportQueue.poll(ContainerReportQueue.java:42)
        at org.apache.hadoop.hdds.server.events.FixedThreadPoolWithAffinityExecutor$ContainerReportProcessTask.run(FixedThreadPoolWithAffinityExecutor.java:253)
        at java.util.concurrent.Executors$RunnableAdapter.call(Executors.java:511)
        at java.util.concurrent.FutureTask.run(FutureTask.java:266)
        at java.util.concurrent.ThreadPoolExecutor.runWorker(ThreadPoolExecutor.java:1149)
        at java.util.concurrent.ThreadPoolExecutor$Worker.run(ThreadPoolExecutor.java:624)
        at java.lang.Thread.run(Thread.java:750)
"7b630919-9d6b-42e9-b08a-8409ae097dea-DatanodeReportManager-0" daemon prio=5 tid=655 in Object.wait()
java.lang.Thread.State: WAITING (on object monitor)
        at sun.misc.Unsafe.park(Native Method)
        at java.util.concurrent.locks.LockSupport.park(LockSupport.java:175)
        at java.util.concurrent.locks.AbstractQueuedSynchronizer$ConditionObject.await(AbstractQueuedSynchronizer.java:2039)
        at java.util.concurrent.ScheduledThreadPoolExecutor$DelayedWorkQueue.take(ScheduledThreadPoolExecutor.java:1088)
        at java.util.concurrent.ScheduledThreadPoolExecutor$DelayedWorkQueue.take(ScheduledThreadPoolExecutor.java:809)
        at java.util.concurrent.ThreadPoolExecutor.getTask(ThreadPoolExecutor.java:1074)
        at java.util.concurrent.ThreadPoolExecutor.runWorker(ThreadPoolExecutor.java:1134)
        at java.util.concurrent.ThreadPoolExecutor$Worker.run(ThreadPoolExecutor.java:624)
        at java.lang.Thread.run(Thread.java:750)
"9bdc6c20-c7c2-4cc7-a4be-d4fe59586f4c-DatanodeStateMachineTaskThread-0"  prio=5 tid=689 in Object.wait()
java.lang.Thread.State: WAITING (on object monitor)
        at sun.misc.Unsafe.park(Native Method)
        at java.util.concurrent.locks.LockSupport.park(LockSupport.java:175)
        at java.util.concurrent.locks.AbstractQueuedSynchronizer$ConditionObject.await(AbstractQueuedSynchronizer.java:2039)
        at java.util.concurrent.LinkedBlockingQueue.take(LinkedBlockingQueue.java:442)
        at java.util.concurrent.ThreadPoolExecutor.getTask(ThreadPoolExecutor.java:1074)
        at java.util.concurrent.ThreadPoolExecutor.runWorker(ThreadPoolExecutor.java:1134)
        at java.util.concurrent.ThreadPoolExecutor$Worker.run(ThreadPoolExecutor.java:624)
        at java.lang.Thread.run(Thread.java:750)
"7b630919-9d6b-42e9-b08a-8409ae097dea-PipelineCommandHandlerThread-0"  prio=5 tid=852 in Object.wait()
java.lang.Thread.State: WAITING (on object monitor)
        at sun.misc.Unsafe.park(Native Method)
        at java.util.concurrent.locks.LockSupport.park(LockSupport.java:175)
        at java.util.concurrent.locks.AbstractQueuedSynchronizer$ConditionObject.await(AbstractQueuedSynchronizer.java:2039)
        at java.util.concurrent.LinkedBlockingQueue.take(LinkedBlockingQueue.java:442)
        at java.util.concurrent.ThreadPoolExecutor.getTask(ThreadPoolExecutor.java:1074)
        at java.util.concurrent.ThreadPoolExecutor.runWorker(ThreadPoolExecutor.java:1134)
        at java.util.concurrent.ThreadPoolExecutor$Worker.run(ThreadPoolExecutor.java:624)
        at java.lang.Thread.run(Thread.java:750)
"IPC Server handler 18 on default port 15004" daemon prio=5 tid=432 timed_waiting
java.lang.Thread.State: TIMED_WAITING
        at sun.misc.Unsafe.park(Native Method)
        at java.util.concurrent.locks.LockSupport.parkNanos(LockSupport.java:215)
        at java.util.concurrent.locks.AbstractQueuedSynchronizer$ConditionObject.awaitNanos(AbstractQueuedSynchronizer.java:2078)
        at java.util.concurrent.LinkedBlockingQueue.poll(LinkedBlockingQueue.java:467)
        at org.apache.hadoop.ipc.CallQueueManager.take(CallQueueManager.java:317)
        at org.apache.hadoop.ipc.Server$Handler.run(Server.java:3014)
"IPC Server handler 10 on default port 15002" daemon prio=5 tid=263 timed_waiting
java.lang.Thread.State: TIMED_WAITING
        at sun.misc.Unsafe.park(Native Method)
        at java.util.concurrent.locks.LockSupport.parkNanos(LockSupport.java:215)
        at java.util.concurrent.locks.AbstractQueuedSynchronizer$ConditionObject.awaitNanos(AbstractQueuedSynchronizer.java:2078)
        at java.util.concurrent.LinkedBlockingQueue.poll(LinkedBlockingQueue.java:467)
        at org.apache.hadoop.ipc.CallQueueManager.take(CallQueueManager.java:317)
        at org.apache.hadoop.ipc.Server$Handler.run(Server.java:3014)
"IPC Server handler 10 on default port 15000" daemon prio=5 tid=63 timed_waiting
java.lang.Thread.State: TIMED_WAITING
        at sun.misc.Unsafe.park(Native Method)
        at java.util.concurrent.locks.LockSupport.parkNanos(LockSupport.java:215)
        at java.util.concurrent.locks.AbstractQueuedSynchronizer$ConditionObject.awaitNanos(AbstractQueuedSynchronizer.java:2078)
        at java.util.concurrent.LinkedBlockingQueue.poll(LinkedBlockingQueue.java:467)
        at org.apache.hadoop.ipc.CallQueueManager.take(CallQueueManager.java:317)
        at org.apache.hadoop.ipc.Server$Handler.run(Server.java:3014)
"IPC Server handler 1 on default port 15000" daemon prio=5 tid=54 timed_waiting
java.lang.Thread.State: TIMED_WAITING
        at sun.misc.Unsafe.park(Native Method)
        at java.util.concurrent.locks.LockSupport.parkNanos(LockSupport.java:215)
        at java.util.concurrent.locks.AbstractQueuedSynchronizer$ConditionObject.awaitNanos(AbstractQueuedSynchronizer.java:2078)
        at java.util.concurrent.LinkedBlockingQueue.poll(LinkedBlockingQueue.java:467)
        at org.apache.hadoop.ipc.CallQueueManager.take(CallQueueManager.java:317)
        at org.apache.hadoop.ipc.Server$Handler.run(Server.java:3014)
"IPC Server handler 51 on default port 15009" daemon prio=5 tid=522 timed_waiting
java.lang.Thread.State: TIMED_WAITING
        at sun.misc.Unsafe.park(Native Method)
        at java.util.concurrent.locks.LockSupport.parkNanos(LockSupport.java:215)
        at java.util.concurrent.locks.AbstractQueuedSynchronizer$ConditionObject.awaitNanos(AbstractQueuedSynchronizer.java:2078)
        at java.util.concurrent.LinkedBlockingQueue.poll(LinkedBlockingQueue.java:467)
        at org.apache.hadoop.ipc.CallQueueManager.take(CallQueueManager.java:317)
        at org.apache.hadoop.ipc.Server$Handler.run(Server.java:3014)
"12adf753-b9bf-4e27-afc1-d809141df6d3-DatanodeReportManager-1" daemon prio=5 tid=628 in Object.wait()
java.lang.Thread.State: WAITING (on object monitor)
        at sun.misc.Unsafe.park(Native Method)
        at java.util.concurrent.locks.LockSupport.park(LockSupport.java:175)
        at java.util.concurrent.locks.AbstractQueuedSynchronizer$ConditionObject.await(AbstractQueuedSynchronizer.java:2039)
        at java.util.concurrent.ScheduledThreadPoolExecutor$DelayedWorkQueue.take(ScheduledThreadPoolExecutor.java:1088)
        at java.util.concurrent.ScheduledThreadPoolExecutor$DelayedWorkQueue.take(ScheduledThreadPoolExecutor.java:809)
        at java.util.concurrent.ThreadPoolExecutor.getTask(ThreadPoolExecutor.java:1074)
        at java.util.concurrent.ThreadPoolExecutor.runWorker(ThreadPoolExecutor.java:1134)
        at java.util.concurrent.ThreadPoolExecutor$Worker.run(ThreadPoolExecutor.java:624)
        at java.lang.Thread.run(Thread.java:750)
"IPC Server handler 73 on default port 15002" daemon prio=5 tid=326 timed_waiting
java.lang.Thread.State: TIMED_WAITING
        at sun.misc.Unsafe.park(Native Method)
        at java.util.concurrent.locks.LockSupport.parkNanos(LockSupport.java:215)
        at java.util.concurrent.locks.AbstractQueuedSynchronizer$ConditionObject.awaitNanos(AbstractQueuedSynchronizer.java:2078)
        at java.util.concurrent.LinkedBlockingQueue.poll(LinkedBlockingQueue.java:467)
        at org.apache.hadoop.ipc.CallQueueManager.take(CallQueueManager.java:317)
        at org.apache.hadoop.ipc.Server$Handler.run(Server.java:3014)
"IPC Server handler 95 on default port 15002" daemon prio=5 tid=348 timed_waiting
java.lang.Thread.State: TIMED_WAITING
        at sun.misc.Unsafe.park(Native Method)
        at java.util.concurrent.locks.LockSupport.parkNanos(LockSupport.java:215)
        at java.util.concurrent.locks.AbstractQueuedSynchronizer$ConditionObject.awaitNanos(AbstractQueuedSynchronizer.java:2078)
        at java.util.concurrent.LinkedBlockingQueue.poll(LinkedBlockingQueue.java:467)
        at org.apache.hadoop.ipc.CallQueueManager.take(CallQueueManager.java:317)
        at org.apache.hadoop.ipc.Server$Handler.run(Server.java:3014)
"IPC Server handler 94 on default port 15001" daemon prio=5 tid=247 timed_waiting
java.lang.Thread.State: TIMED_WAITING
        at sun.misc.Unsafe.park(Native Method)
        at java.util.concurrent.locks.LockSupport.parkNanos(LockSupport.java:215)
        at java.util.concurrent.locks.AbstractQueuedSynchronizer$ConditionObject.awaitNanos(AbstractQueuedSynchronizer.java:2078)
        at java.util.concurrent.LinkedBlockingQueue.poll(LinkedBlockingQueue.java:467)
        at org.apache.hadoop.ipc.CallQueueManager.take(CallQueueManager.java:317)
        at org.apache.hadoop.ipc.Server$Handler.run(Server.java:3014)
"12adf753-b9bf-4e27-afc1-d809141df6d3@group-F914C1362A36-StateMachineUpdater" daemon prio=5 tid=1148 timed_waiting
java.lang.Thread.State: TIMED_WAITING
        at sun.misc.Unsafe.park(Native Method)
        at java.util.concurrent.locks.LockSupport.parkNanos(LockSupport.java:215)
        at java.util.concurrent.locks.AbstractQueuedSynchronizer$ConditionObject.await(AbstractQueuedSynchronizer.java:2163)
        at org.apache.ratis.util.AwaitForSignal.await(AwaitForSignal.java:65)
        at org.apache.ratis.server.impl.StateMachineUpdater.waitForCommit(StateMachineUpdater.java:211)
        at org.apache.ratis.server.impl.StateMachineUpdater.run(StateMachineUpdater.java:180)
        at java.lang.Thread.run(Thread.java:750)
"EventQueue-NewNodeForNewNodeHandler" daemon prio=5 tid=818 in Object.wait()
java.lang.Thread.State: WAITING (on object monitor)
        at sun.misc.Unsafe.park(Native Method)
        at java.util.concurrent.locks.LockSupport.park(LockSupport.java:175)
        at java.util.concurrent.locks.AbstractQueuedSynchronizer$ConditionObject.await(AbstractQueuedSynchronizer.java:2039)
        at java.util.concurrent.LinkedBlockingQueue.take(LinkedBlockingQueue.java:442)
        at java.util.concurrent.ThreadPoolExecutor.getTask(ThreadPoolExecutor.java:1074)
        at java.util.concurrent.ThreadPoolExecutor.runWorker(ThreadPoolExecutor.java:1134)
        at java.util.concurrent.ThreadPoolExecutor$Worker.run(ThreadPoolExecutor.java:624)
        at java.lang.Thread.run(Thread.java:750)
"IPC Server handler 80 on default port 15000" daemon prio=5 tid=133 timed_waiting
java.lang.Thread.State: TIMED_WAITING
        at sun.misc.Unsafe.park(Native Method)
        at java.util.concurrent.locks.LockSupport.parkNanos(LockSupport.java:215)
        at java.util.concurrent.locks.AbstractQueuedSynchronizer$ConditionObject.awaitNanos(AbstractQueuedSynchronizer.java:2078)
        at java.util.concurrent.LinkedBlockingQueue.poll(LinkedBlockingQueue.java:467)
        at org.apache.hadoop.ipc.CallQueueManager.take(CallQueueManager.java:317)
        at org.apache.hadoop.ipc.Server$Handler.run(Server.java:3014)
"IPC Server handler 30 on default port 15009" daemon prio=5 tid=501 timed_waiting
java.lang.Thread.State: TIMED_WAITING
        at sun.misc.Unsafe.park(Native Method)
        at java.util.concurrent.locks.LockSupport.parkNanos(LockSupport.java:215)
        at java.util.concurrent.locks.AbstractQueuedSynchronizer$ConditionObject.awaitNanos(AbstractQueuedSynchronizer.java:2078)
        at java.util.concurrent.LinkedBlockingQueue.poll(LinkedBlockingQueue.java:467)
        at org.apache.hadoop.ipc.CallQueueManager.take(CallQueueManager.java:317)
        at org.apache.hadoop.ipc.Server$Handler.run(Server.java:3014)
"IPC Server handler 7 on default port 15002" daemon prio=5 tid=260 timed_waiting
java.lang.Thread.State: TIMED_WAITING
        at sun.misc.Unsafe.park(Native Method)
        at java.util.concurrent.locks.LockSupport.parkNanos(LockSupport.java:215)
        at java.util.concurrent.locks.AbstractQueuedSynchronizer$ConditionObject.awaitNanos(AbstractQueuedSynchronizer.java:2078)
        at java.util.concurrent.LinkedBlockingQueue.poll(LinkedBlockingQueue.java:467)
        at org.apache.hadoop.ipc.CallQueueManager.take(CallQueueManager.java:317)
        at org.apache.hadoop.ipc.Server$Handler.run(Server.java:3014)
"7b630919-9d6b-42e9-b08a-8409ae097dea-CommandProcessorThread" daemon prio=5 tid=660 timed_waiting
java.lang.Thread.State: TIMED_WAITING
        at java.lang.Thread.sleep(Native Method)
        at org.apache.hadoop.ozone.container.common.statemachine.DatanodeStateMachine.lambda$initCommandHandlerThread$4(DatanodeStateMachine.java:684)
        at org.apache.hadoop.ozone.container.common.statemachine.DatanodeStateMachine$$Lambda$1389/1074834806.run(Unknown Source)
        at java.lang.Thread.run(Thread.java:750)
"12adf753-b9bf-4e27-afc1-d809141df6d3-DatanodeReportManager-3" daemon prio=5 tid=630 in Object.wait()
java.lang.Thread.State: WAITING (on object monitor)
        at sun.misc.Unsafe.park(Native Method)
        at java.util.concurrent.locks.LockSupport.park(LockSupport.java:175)
        at java.util.concurrent.locks.AbstractQueuedSynchronizer$ConditionObject.await(AbstractQueuedSynchronizer.java:2039)
        at java.util.concurrent.ScheduledThreadPoolExecutor$DelayedWorkQueue.take(ScheduledThreadPoolExecutor.java:1088)
        at java.util.concurrent.ScheduledThreadPoolExecutor$DelayedWorkQueue.take(ScheduledThreadPoolExecutor.java:809)
        at java.util.concurrent.ThreadPoolExecutor.getTask(ThreadPoolExecutor.java:1074)
        at java.util.concurrent.ThreadPoolExecutor.runWorker(ThreadPoolExecutor.java:1134)
        at java.util.concurrent.ThreadPoolExecutor$Worker.run(ThreadPoolExecutor.java:624)
        at java.lang.Thread.run(Thread.java:750)
"IPC Server handler 57 on default port 15002" daemon prio=5 tid=310 timed_waiting
java.lang.Thread.State: TIMED_WAITING
        at sun.misc.Unsafe.park(Native Method)
        at java.util.concurrent.locks.LockSupport.parkNanos(LockSupport.java:215)
        at java.util.concurrent.locks.AbstractQueuedSynchronizer$ConditionObject.awaitNanos(AbstractQueuedSynchronizer.java:2078)
        at java.util.concurrent.LinkedBlockingQueue.poll(LinkedBlockingQueue.java:467)
        at org.apache.hadoop.ipc.CallQueueManager.take(CallQueueManager.java:317)
        at org.apache.hadoop.ipc.Server$Handler.run(Server.java:3014)
"IPC Server idle connection scanner for port 15048" daemon prio=5 tid=706 timed_waiting
java.lang.Thread.State: TIMED_WAITING
        at java.lang.Object.wait(Native Method)
        at java.util.TimerThread.mainLoop(Timer.java:552)
        at java.util.TimerThread.run(Timer.java:505)
"IPC Server handler 37 on default port 15009" daemon prio=5 tid=508 timed_waiting
java.lang.Thread.State: TIMED_WAITING
        at sun.misc.Unsafe.park(Native Method)
        at java.util.concurrent.locks.LockSupport.parkNanos(LockSupport.java:215)
        at java.util.concurrent.locks.AbstractQueuedSynchronizer$ConditionObject.awaitNanos(AbstractQueuedSynchronizer.java:2078)
        at java.util.concurrent.LinkedBlockingQueue.poll(LinkedBlockingQueue.java:467)
        at org.apache.hadoop.ipc.CallQueueManager.take(CallQueueManager.java:317)
        at org.apache.hadoop.ipc.Server$Handler.run(Server.java:3014)
"pool-125-thread-1" daemon prio=5 tid=747 timed_waiting
java.lang.Thread.State: TIMED_WAITING
        at sun.misc.Unsafe.park(Native Method)
        at java.util.concurrent.locks.LockSupport.parkNanos(LockSupport.java:215)
        at java.util.concurrent.locks.AbstractQueuedSynchronizer$ConditionObject.awaitNanos(AbstractQueuedSynchronizer.java:2078)
        at java.util.concurrent.ScheduledThreadPoolExecutor$DelayedWorkQueue.take(ScheduledThreadPoolExecutor.java:1093)
        at java.util.concurrent.ScheduledThreadPoolExecutor$DelayedWorkQueue.take(ScheduledThreadPoolExecutor.java:809)
        at java.util.concurrent.ThreadPoolExecutor.getTask(ThreadPoolExecutor.java:1074)
        at java.util.concurrent.ThreadPoolExecutor.runWorker(ThreadPoolExecutor.java:1134)
        at java.util.concurrent.ThreadPoolExecutor$Worker.run(ThreadPoolExecutor.java:624)
        at java.lang.Thread.run(Thread.java:750)
"IPC Server handler 80 on default port 15002" daemon prio=5 tid=333 timed_waiting
java.lang.Thread.State: TIMED_WAITING
        at sun.misc.Unsafe.park(Native Method)
        at java.util.concurrent.locks.LockSupport.parkNanos(LockSupport.java:215)
        at java.util.concurrent.locks.AbstractQueuedSynchronizer$ConditionObject.awaitNanos(AbstractQueuedSynchronizer.java:2078)
        at java.util.concurrent.LinkedBlockingQueue.poll(LinkedBlockingQueue.java:467)
        at org.apache.hadoop.ipc.CallQueueManager.take(CallQueueManager.java:317)
        at org.apache.hadoop.ipc.Server$Handler.run(Server.java:3014)
"IPC Server handler 67 on default port 15001" daemon prio=5 tid=220 timed_waiting
java.lang.Thread.State: TIMED_WAITING
        at sun.misc.Unsafe.park(Native Method)
        at java.util.concurrent.locks.LockSupport.parkNanos(LockSupport.java:215)
        at java.util.concurrent.locks.AbstractQueuedSynchronizer$ConditionObject.awaitNanos(AbstractQueuedSynchronizer.java:2078)
        at java.util.concurrent.LinkedBlockingQueue.poll(LinkedBlockingQueue.java:467)
        at org.apache.hadoop.ipc.CallQueueManager.take(CallQueueManager.java:317)
        at org.apache.hadoop.ipc.Server$Handler.run(Server.java:3014)
"7b630919-9d6b-42e9-b08a-8409ae097dea-DatanodeReportManager-2" daemon prio=5 tid=657 timed_waiting
java.lang.Thread.State: TIMED_WAITING
        at sun.misc.Unsafe.park(Native Method)
        at java.util.concurrent.locks.LockSupport.parkNanos(LockSupport.java:215)
        at java.util.concurrent.locks.AbstractQueuedSynchronizer$ConditionObject.awaitNanos(AbstractQueuedSynchronizer.java:2078)
        at java.util.concurrent.ScheduledThreadPoolExecutor$DelayedWorkQueue.take(ScheduledThreadPoolExecutor.java:1093)
        at java.util.concurrent.ScheduledThreadPoolExecutor$DelayedWorkQueue.take(ScheduledThreadPoolExecutor.java:809)
        at java.util.concurrent.ThreadPoolExecutor.getTask(ThreadPoolExecutor.java:1074)
        at java.util.concurrent.ThreadPoolExecutor.runWorker(ThreadPoolExecutor.java:1134)
        at java.util.concurrent.ThreadPoolExecutor$Worker.run(ThreadPoolExecutor.java:624)
        at java.lang.Thread.run(Thread.java:750)
"IPC Server handler 61 on default port 15002" daemon prio=5 tid=314 timed_waiting
java.lang.Thread.State: TIMED_WAITING
        at sun.misc.Unsafe.park(Native Method)
        at java.util.concurrent.locks.LockSupport.parkNanos(LockSupport.java:215)
        at java.util.concurrent.locks.AbstractQueuedSynchronizer$ConditionObject.awaitNanos(AbstractQueuedSynchronizer.java:2078)
        at java.util.concurrent.LinkedBlockingQueue.poll(LinkedBlockingQueue.java:467)
        at org.apache.hadoop.ipc.CallQueueManager.take(CallQueueManager.java:317)
        at org.apache.hadoop.ipc.Server$Handler.run(Server.java:3014)
"NetworkTopologyPoller" daemon prio=5 tid=396 timed_waiting
java.lang.Thread.State: TIMED_WAITING
        at sun.misc.Unsafe.park(Native Method)
        at java.util.concurrent.locks.LockSupport.parkNanos(LockSupport.java:215)
        at java.util.concurrent.locks.AbstractQueuedSynchronizer$ConditionObject.awaitNanos(AbstractQueuedSynchronizer.java:2078)
        at java.util.concurrent.ScheduledThreadPoolExecutor$DelayedWorkQueue.take(ScheduledThreadPoolExecutor.java:1093)
        at java.util.concurrent.ScheduledThreadPoolExecutor$DelayedWorkQueue.take(ScheduledThreadPoolExecutor.java:809)
        at java.util.concurrent.ThreadPoolExecutor.getTask(ThreadPoolExecutor.java:1074)
        at java.util.concurrent.ThreadPoolExecutor.runWorker(ThreadPoolExecutor.java:1134)
        at java.util.concurrent.ThreadPoolExecutor$Worker.run(ThreadPoolExecutor.java:624)
        at java.lang.Thread.run(Thread.java:750)
"IPC Server handler 38 on default port 15000" daemon prio=5 tid=91 timed_waiting
java.lang.Thread.State: TIMED_WAITING
        at sun.misc.Unsafe.park(Native Method)
        at java.util.concurrent.locks.LockSupport.parkNanos(LockSupport.java:215)
        at java.util.concurrent.locks.AbstractQueuedSynchronizer$ConditionObject.awaitNanos(AbstractQueuedSynchronizer.java:2078)
        at java.util.concurrent.LinkedBlockingQueue.poll(LinkedBlockingQueue.java:467)
        at org.apache.hadoop.ipc.CallQueueManager.take(CallQueueManager.java:317)
        at org.apache.hadoop.ipc.Server$Handler.run(Server.java:3014)
"IPC Server handler 69 on default port 15009" daemon prio=5 tid=540 timed_waiting
java.lang.Thread.State: TIMED_WAITING
        at sun.misc.Unsafe.park(Native Method)
        at java.util.concurrent.locks.LockSupport.parkNanos(LockSupport.java:215)
        at java.util.concurrent.locks.AbstractQueuedSynchronizer$ConditionObject.awaitNanos(AbstractQueuedSynchronizer.java:2078)
        at java.util.concurrent.LinkedBlockingQueue.poll(LinkedBlockingQueue.java:467)
        at org.apache.hadoop.ipc.CallQueueManager.take(CallQueueManager.java:317)
        at org.apache.hadoop.ipc.Server$Handler.run(Server.java:3014)
"20ed7fe7-4274-4f1a-9498-93c5abf09f1c-ChunkWriter-1-0" daemon prio=5 tid=808 in Object.wait()
java.lang.Thread.State: WAITING (on object monitor)
        at sun.misc.Unsafe.park(Native Method)
        at java.util.concurrent.locks.LockSupport.park(LockSupport.java:175)
        at java.util.concurrent.locks.AbstractQueuedSynchronizer$ConditionObject.await(AbstractQueuedSynchronizer.java:2039)
        at java.util.concurrent.LinkedBlockingDeque.takeFirst(LinkedBlockingDeque.java:492)
        at java.util.concurrent.LinkedBlockingDeque.take(LinkedBlockingDeque.java:680)
        at java.util.concurrent.ThreadPoolExecutor.getTask(ThreadPoolExecutor.java:1074)
        at java.util.concurrent.ThreadPoolExecutor.runWorker(ThreadPoolExecutor.java:1134)
        at java.util.concurrent.ThreadPoolExecutor$Worker.run(ThreadPoolExecutor.java:624)
        at java.lang.Thread.run(Thread.java:750)
"ExpiredContainerReplicaOpScrubber" daemon prio=5 tid=21 timed_waiting
java.lang.Thread.State: TIMED_WAITING
        at java.lang.Object.wait(Native Method)
        at org.apache.hadoop.hdds.scm.ha.BackgroundSCMService.run(BackgroundSCMService.java:107)
        at org.apache.hadoop.hdds.scm.ha.BackgroundSCMService$$Lambda$489/535968721.run(Unknown Source)
        at java.lang.Thread.run(Thread.java:750)
"IPC Server handler 61 on default port 15009" daemon prio=5 tid=532 timed_waiting
java.lang.Thread.State: TIMED_WAITING
        at sun.misc.Unsafe.park(Native Method)
        at java.util.concurrent.locks.LockSupport.parkNanos(LockSupport.java:215)
        at java.util.concurrent.locks.AbstractQueuedSynchronizer$ConditionObject.awaitNanos(AbstractQueuedSynchronizer.java:2078)
        at java.util.concurrent.LinkedBlockingQueue.poll(LinkedBlockingQueue.java:467)
        at org.apache.hadoop.ipc.CallQueueManager.take(CallQueueManager.java:317)
        at org.apache.hadoop.ipc.Server$Handler.run(Server.java:3014)
"20ed7fe7-4274-4f1a-9498-93c5abf09f1c-EndpointStateMachineTaskThread-/0.0.0.0:15009-0 "  prio=5 tid=800 in Object.wait()
java.lang.Thread.State: WAITING (on object monitor)
        at sun.misc.Unsafe.park(Native Method)
        at java.util.concurrent.locks.LockSupport.park(LockSupport.java:175)
        at java.util.concurrent.locks.AbstractQueuedSynchronizer$ConditionObject.await(AbstractQueuedSynchronizer.java:2039)
        at java.util.concurrent.LinkedBlockingQueue.take(LinkedBlockingQueue.java:442)
        at java.util.concurrent.ThreadPoolExecutor.getTask(ThreadPoolExecutor.java:1074)
        at java.util.concurrent.ThreadPoolExecutor.runWorker(ThreadPoolExecutor.java:1134)
        at java.util.concurrent.ThreadPoolExecutor$Worker.run(ThreadPoolExecutor.java:624)
        at java.lang.Thread.run(Thread.java:750)
"IPC Server handler 92 on default port 15000" daemon prio=5 tid=145 timed_waiting
java.lang.Thread.State: TIMED_WAITING
        at sun.misc.Unsafe.park(Native Method)
        at java.util.concurrent.locks.LockSupport.parkNanos(LockSupport.java:215)
        at java.util.concurrent.locks.AbstractQueuedSynchronizer$ConditionObject.awaitNanos(AbstractQueuedSynchronizer.java:2078)
        at java.util.concurrent.LinkedBlockingQueue.poll(LinkedBlockingQueue.java:467)
        at org.apache.hadoop.ipc.CallQueueManager.take(CallQueueManager.java:317)
        at org.apache.hadoop.ipc.Server$Handler.run(Server.java:3014)
"7b630919-9d6b-42e9-b08a-8409ae097dea@group-821EE5CB8EAC-StateMachineUpdater" daemon prio=5 tid=1129 timed_waiting
java.lang.Thread.State: TIMED_WAITING
        at sun.misc.Unsafe.park(Native Method)
        at java.util.concurrent.locks.LockSupport.parkNanos(LockSupport.java:215)
        at java.util.concurrent.locks.AbstractQueuedSynchronizer$ConditionObject.await(AbstractQueuedSynchronizer.java:2163)
        at org.apache.ratis.util.AwaitForSignal.await(AwaitForSignal.java:65)
        at org.apache.ratis.server.impl.StateMachineUpdater.waitForCommit(StateMachineUpdater.java:211)
        at org.apache.ratis.server.impl.StateMachineUpdater.run(StateMachineUpdater.java:180)
        at java.lang.Thread.run(Thread.java:750)
"IPC Server handler 83 on default port 15000" daemon prio=5 tid=136 timed_waiting
java.lang.Thread.State: TIMED_WAITING
        at sun.misc.Unsafe.park(Native Method)
        at java.util.concurrent.locks.LockSupport.parkNanos(LockSupport.java:215)
        at java.util.concurrent.locks.AbstractQueuedSynchronizer$ConditionObject.awaitNanos(AbstractQueuedSynchronizer.java:2078)
        at java.util.concurrent.LinkedBlockingQueue.poll(LinkedBlockingQueue.java:467)
        at org.apache.hadoop.ipc.CallQueueManager.take(CallQueueManager.java:317)
        at org.apache.hadoop.ipc.Server$Handler.run(Server.java:3014)
"Socket Reader #1 for port 15030"  prio=5 tid=649 runnable
java.lang.Thread.State: RUNNABLE
        at sun.nio.ch.EPollArrayWrapper.epollWait(Native Method)
        at sun.nio.ch.EPollArrayWrapper.poll(EPollArrayWrapper.java:269)
        at sun.nio.ch.EPollSelectorImpl.doSelect(EPollSelectorImpl.java:93)
        at sun.nio.ch.SelectorImpl.lockAndDoSelect(SelectorImpl.java:86)
        at sun.nio.ch.SelectorImpl.select(SelectorImpl.java:97)
        at sun.nio.ch.SelectorImpl.select(SelectorImpl.java:101)
        at org.apache.hadoop.ipc.Server$Listener$Reader.doRunLoop(Server.java:1346)
        at org.apache.hadoop.ipc.Server$Listener$Reader.run(Server.java:1325)
"9bdc6c20-c7c2-4cc7-a4be-d4fe59586f4c-EndpointStateMachineTaskThread-/0.0.0.0:15002-0 "  prio=5 tid=780 in Object.wait()
java.lang.Thread.State: WAITING (on object monitor)
        at sun.misc.Unsafe.park(Native Method)
        at java.util.concurrent.locks.LockSupport.park(LockSupport.java:175)
        at java.util.concurrent.locks.AbstractQueuedSynchronizer$ConditionObject.await(AbstractQueuedSynchronizer.java:2039)
        at java.util.concurrent.LinkedBlockingQueue.take(LinkedBlockingQueue.java:442)
        at java.util.concurrent.ThreadPoolExecutor.getTask(ThreadPoolExecutor.java:1074)
        at java.util.concurrent.ThreadPoolExecutor.runWorker(ThreadPoolExecutor.java:1134)
        at java.util.concurrent.ThreadPoolExecutor$Worker.run(ThreadPoolExecutor.java:624)
        at java.lang.Thread.run(Thread.java:750)
"Hadoop-Metrics-Updater-0" daemon prio=5 tid=652 timed_waiting
java.lang.Thread.State: TIMED_WAITING
        at sun.misc.Unsafe.park(Native Method)
        at java.util.concurrent.locks.LockSupport.parkNanos(LockSupport.java:215)
        at java.util.concurrent.locks.AbstractQueuedSynchronizer$ConditionObject.awaitNanos(AbstractQueuedSynchronizer.java:2078)
        at java.util.concurrent.ScheduledThreadPoolExecutor$DelayedWorkQueue.take(ScheduledThreadPoolExecutor.java:1093)
        at java.util.concurrent.ScheduledThreadPoolExecutor$DelayedWorkQueue.take(ScheduledThreadPoolExecutor.java:809)
        at java.util.concurrent.ThreadPoolExecutor.getTask(ThreadPoolExecutor.java:1074)
        at java.util.concurrent.ThreadPoolExecutor.runWorker(ThreadPoolExecutor.java:1134)
        at java.util.concurrent.ThreadPoolExecutor$Worker.run(ThreadPoolExecutor.java:624)
        at java.lang.Thread.run(Thread.java:750)
"StaleRecoveringContainerScrubbingService#1" daemon prio=5 tid=777 timed_waiting
java.lang.Thread.State: TIMED_WAITING
        at sun.misc.Unsafe.park(Native Method)
        at java.util.concurrent.locks.LockSupport.parkNanos(LockSupport.java:215)
        at java.util.concurrent.locks.AbstractQueuedSynchronizer$ConditionObject.awaitNanos(AbstractQueuedSynchronizer.java:2078)
        at java.util.concurrent.ScheduledThreadPoolExecutor$DelayedWorkQueue.take(ScheduledThreadPoolExecutor.java:1093)
        at java.util.concurrent.ScheduledThreadPoolExecutor$DelayedWorkQueue.take(ScheduledThreadPoolExecutor.java:809)
        at java.util.concurrent.ThreadPoolExecutor.getTask(ThreadPoolExecutor.java:1074)
        at java.util.concurrent.ThreadPoolExecutor.runWorker(ThreadPoolExecutor.java:1134)
        at java.util.concurrent.ThreadPoolExecutor$Worker.run(ThreadPoolExecutor.java:624)
        at java.lang.Thread.run(Thread.java:750)
"qtp634982496-671" daemon prio=5 tid=671 timed_waiting
java.lang.Thread.State: TIMED_WAITING
        at sun.misc.Unsafe.park(Native Method)
        at java.util.concurrent.locks.LockSupport.parkNanos(LockSupport.java:215)
        at java.util.concurrent.locks.AbstractQueuedSynchronizer$ConditionObject.awaitNanos(AbstractQueuedSynchronizer.java:2078)
        at org.eclipse.jetty.util.BlockingArrayQueue.poll(BlockingArrayQueue.java:382)
        at org.eclipse.jetty.util.thread.QueuedThreadPool$Runner.idleJobPoll(QueuedThreadPool.java:974)
        at org.eclipse.jetty.util.thread.QueuedThreadPool$Runner.run(QueuedThreadPool.java:1018)
        at java.lang.Thread.run(Thread.java:750)
"IPC Server idle connection scanner for port 15021" daemon prio=5 tid=622 timed_waiting
java.lang.Thread.State: TIMED_WAITING
        at java.lang.Object.wait(Native Method)
        at java.util.TimerThread.mainLoop(Timer.java:552)
        at java.util.TimerThread.run(Timer.java:505)
"qtp361221719-584" daemon prio=5 tid=584 runnable
java.lang.Thread.State: RUNNABLE
        at sun.nio.ch.EPollArrayWrapper.epollWait(Native Method)
        at sun.nio.ch.EPollArrayWrapper.poll(EPollArrayWrapper.java:269)
        at sun.nio.ch.EPollSelectorImpl.doSelect(EPollSelectorImpl.java:93)
        at sun.nio.ch.SelectorImpl.lockAndDoSelect(SelectorImpl.java:86)
        at sun.nio.ch.SelectorImpl.select(SelectorImpl.java:97)
        at sun.nio.ch.SelectorImpl.select(SelectorImpl.java:101)
        at org.eclipse.jetty.io.ManagedSelector.nioSelect(ManagedSelector.java:183)
        at org.eclipse.jetty.io.ManagedSelector.select(ManagedSelector.java:190)
        at org.eclipse.jetty.io.ManagedSelector$SelectorProducer.select(ManagedSelector.java:606)
        at org.eclipse.jetty.io.ManagedSelector$SelectorProducer.produce(ManagedSelector.java:543)
        at org.eclipse.jetty.util.thread.strategy.EatWhatYouKill.produceTask(EatWhatYouKill.java:362)
        at org.eclipse.jetty.util.thread.strategy.EatWhatYouKill.doProduce(EatWhatYouKill.java:186)
        at org.eclipse.jetty.util.thread.strategy.EatWhatYouKill.tryProduce(EatWhatYouKill.java:173)
        at org.eclipse.jetty.util.thread.strategy.EatWhatYouKill.produce(EatWhatYouKill.java:137)
        at org.eclipse.jetty.io.ManagedSelector$$Lambda$594/551825973.run(Unknown Source)
        at org.eclipse.jetty.util.thread.QueuedThreadPool.runJob(QueuedThreadPool.java:883)
        at org.eclipse.jetty.util.thread.QueuedThreadPool$Runner.run(QueuedThreadPool.java:1034)
        at java.lang.Thread.run(Thread.java:750)
"dc82d807-438e-4f31-a873-936b5ae41996-ChunkWriter-3-0" daemon prio=5 tid=734 in Object.wait()
java.lang.Thread.State: WAITING (on object monitor)
        at sun.misc.Unsafe.park(Native Method)
        at java.util.concurrent.locks.LockSupport.park(LockSupport.java:175)
        at java.util.concurrent.locks.AbstractQueuedSynchronizer$ConditionObject.await(AbstractQueuedSynchronizer.java:2039)
        at java.util.concurrent.LinkedBlockingDeque.takeFirst(LinkedBlockingDeque.java:492)
        at java.util.concurrent.LinkedBlockingDeque.take(LinkedBlockingDeque.java:680)
        at java.util.concurrent.ThreadPoolExecutor.getTask(ThreadPoolExecutor.java:1074)
        at java.util.concurrent.ThreadPoolExecutor.runWorker(ThreadPoolExecutor.java:1134)
        at java.util.concurrent.ThreadPoolExecutor$Worker.run(ThreadPoolExecutor.java:624)
        at java.lang.Thread.run(Thread.java:750)
"Hadoop-Metrics-Updater-0" daemon prio=5 tid=708 timed_waiting
java.lang.Thread.State: TIMED_WAITING
        at sun.misc.Unsafe.park(Native Method)
        at java.util.concurrent.locks.LockSupport.parkNanos(LockSupport.java:215)
        at java.util.concurrent.locks.AbstractQueuedSynchronizer$ConditionObject.awaitNanos(AbstractQueuedSynchronizer.java:2078)
        at java.util.concurrent.ScheduledThreadPoolExecutor$DelayedWorkQueue.take(ScheduledThreadPoolExecutor.java:1093)
        at java.util.concurrent.ScheduledThreadPoolExecutor$DelayedWorkQueue.take(ScheduledThreadPoolExecutor.java:809)
        at java.util.concurrent.ThreadPoolExecutor.getTask(ThreadPoolExecutor.java:1074)
        at java.util.concurrent.ThreadPoolExecutor.runWorker(ThreadPoolExecutor.java:1134)
        at java.util.concurrent.ThreadPoolExecutor$Worker.run(ThreadPoolExecutor.java:624)
        at java.lang.Thread.run(Thread.java:750)
"IPC Server handler 40 on default port 15009" daemon prio=5 tid=511 timed_waiting
java.lang.Thread.State: TIMED_WAITING
        at sun.misc.Unsafe.park(Native Method)
        at java.util.concurrent.locks.LockSupport.parkNanos(LockSupport.java:215)
        at java.util.concurrent.locks.AbstractQueuedSynchronizer$ConditionObject.awaitNanos(AbstractQueuedSynchronizer.java:2078)
        at java.util.concurrent.LinkedBlockingQueue.poll(LinkedBlockingQueue.java:467)
        at org.apache.hadoop.ipc.CallQueueManager.take(CallQueueManager.java:317)
        at org.apache.hadoop.ipc.Server$Handler.run(Server.java:3014)
"grpc-default-worker-ELG-3-1" daemon prio=5 tid=855 runnable
java.lang.Thread.State: RUNNABLE
        at org.apache.ratis.thirdparty.io.netty.channel.epoll.Native.epollWait0(Native Method)
        at org.apache.ratis.thirdparty.io.netty.channel.epoll.Native.epollWait(Native.java:182)
        at org.apache.ratis.thirdparty.io.netty.channel.epoll.EpollEventLoop.epollWait(EpollEventLoop.java:312)
        at org.apache.ratis.thirdparty.io.netty.channel.epoll.EpollEventLoop.run(EpollEventLoop.java:376)
        at org.apache.ratis.thirdparty.io.netty.util.concurrent.SingleThreadEventExecutor$4.run(SingleThreadEventExecutor.java:997)
        at org.apache.ratis.thirdparty.io.netty.util.internal.ThreadExecutorMap$2.run(ThreadExecutorMap.java:74)
        at org.apache.ratis.thirdparty.io.netty.util.concurrent.FastThreadLocalRunnable.run(FastThreadLocalRunnable.java:30)
        at java.lang.Thread.run(Thread.java:750)
"IPC Parameter Sending Thread for 0.0.0.0/0.0.0.0:15002" daemon prio=5 tid=724 timed_waiting
java.lang.Thread.State: TIMED_WAITING
        at sun.misc.Unsafe.park(Native Method)
        at java.util.concurrent.locks.LockSupport.parkNanos(LockSupport.java:215)
        at java.util.concurrent.SynchronousQueue$TransferQueue.awaitFulfill(SynchronousQueue.java:764)
        at java.util.concurrent.SynchronousQueue$TransferQueue.transfer(SynchronousQueue.java:695)
        at java.util.concurrent.SynchronousQueue.poll(SynchronousQueue.java:941)
        at org.apache.hadoop.ipc.Client$Connection$RpcRequestSender.run(Client.java:1105)
        at java.lang.Thread.run(Thread.java:750)
"20ed7fe7-4274-4f1a-9498-93c5abf09f1c-server-thread2" daemon prio=5 tid=1178 timed_waiting
java.lang.Thread.State: TIMED_WAITING
        at sun.misc.Unsafe.park(Native Method)
        at java.util.concurrent.locks.LockSupport.parkNanos(LockSupport.java:215)
        at java.util.concurrent.SynchronousQueue$TransferStack.awaitFulfill(SynchronousQueue.java:460)
        at java.util.concurrent.SynchronousQueue$TransferStack.transfer(SynchronousQueue.java:362)
        at java.util.concurrent.SynchronousQueue.poll(SynchronousQueue.java:941)
        at java.util.concurrent.ThreadPoolExecutor.getTask(ThreadPoolExecutor.java:1073)
        at java.util.concurrent.ThreadPoolExecutor.runWorker(ThreadPoolExecutor.java:1134)
        at java.util.concurrent.ThreadPoolExecutor$Worker.run(ThreadPoolExecutor.java:624)
        at java.lang.Thread.run(Thread.java:750)
"IPC Server handler 6 on default port 15004" daemon prio=5 tid=420 timed_waiting
java.lang.Thread.State: TIMED_WAITING
        at sun.misc.Unsafe.park(Native Method)
        at java.util.concurrent.locks.LockSupport.parkNanos(LockSupport.java:215)
        at java.util.concurrent.locks.AbstractQueuedSynchronizer$ConditionObject.awaitNanos(AbstractQueuedSynchronizer.java:2078)
        at java.util.concurrent.LinkedBlockingQueue.poll(LinkedBlockingQueue.java:467)
        at org.apache.hadoop.ipc.CallQueueManager.take(CallQueueManager.java:317)
        at org.apache.hadoop.ipc.Server$Handler.run(Server.java:3014)
"pool-99-thread-1" daemon prio=5 tid=728 timed_waiting
java.lang.Thread.State: TIMED_WAITING
        at sun.misc.Unsafe.park(Native Method)
        at java.util.concurrent.locks.LockSupport.parkNanos(LockSupport.java:215)
        at java.util.concurrent.locks.AbstractQueuedSynchronizer$ConditionObject.awaitNanos(AbstractQueuedSynchronizer.java:2078)
        at java.util.concurrent.ScheduledThreadPoolExecutor$DelayedWorkQueue.take(ScheduledThreadPoolExecutor.java:1093)
        at java.util.concurrent.ScheduledThreadPoolExecutor$DelayedWorkQueue.take(ScheduledThreadPoolExecutor.java:809)
        at java.util.concurrent.ThreadPoolExecutor.getTask(ThreadPoolExecutor.java:1074)
        at java.util.concurrent.ThreadPoolExecutor.runWorker(ThreadPoolExecutor.java:1134)
        at java.util.concurrent.ThreadPoolExecutor$Worker.run(ThreadPoolExecutor.java:624)
        at java.lang.Thread.run(Thread.java:750)
"JvmPauseMonitor4" daemon prio=5 tid=754 timed_waiting
java.lang.Thread.State: TIMED_WAITING
        at java.lang.Thread.sleep(Native Method)
        at java.lang.Thread.sleep(Thread.java:342)
        at java.util.concurrent.TimeUnit.sleep(TimeUnit.java:386)
        at org.apache.ratis.util.TimeDuration.sleep(TimeDuration.java:353)
        at org.apache.ratis.util.TimeDuration.sleep(TimeDuration.java:338)
        at org.apache.ratis.util.JvmPauseMonitor.detectPause(JvmPauseMonitor.java:160)
        at org.apache.ratis.util.JvmPauseMonitor.run(JvmPauseMonitor.java:149)
        at org.apache.ratis.util.JvmPauseMonitor$$Lambda$554/742131199.run(Unknown Source)
        at java.lang.Thread.run(Thread.java:750)
"IPC Server handler 5 on default port 15004" daemon prio=5 tid=419 timed_waiting
java.lang.Thread.State: TIMED_WAITING
        at sun.misc.Unsafe.park(Native Method)
        at java.util.concurrent.locks.LockSupport.parkNanos(LockSupport.java:215)
        at java.util.concurrent.locks.AbstractQueuedSynchronizer$ConditionObject.awaitNanos(AbstractQueuedSynchronizer.java:2078)
        at java.util.concurrent.LinkedBlockingQueue.poll(LinkedBlockingQueue.java:467)
        at org.apache.hadoop.ipc.CallQueueManager.take(CallQueueManager.java:317)
        at org.apache.hadoop.ipc.Server$Handler.run(Server.java:3014)
"IPC Server handler 96 on default port 15009" daemon prio=5 tid=567 timed_waiting
java.lang.Thread.State: TIMED_WAITING
        at sun.misc.Unsafe.park(Native Method)
        at java.util.concurrent.locks.LockSupport.parkNanos(LockSupport.java:215)
        at java.util.concurrent.locks.AbstractQueuedSynchronizer$ConditionObject.awaitNanos(AbstractQueuedSynchronizer.java:2078)
        at java.util.concurrent.LinkedBlockingQueue.poll(LinkedBlockingQueue.java:467)
        at org.apache.hadoop.ipc.CallQueueManager.take(CallQueueManager.java:317)
        at org.apache.hadoop.ipc.Server$Handler.run(Server.java:3014)
"IPC Server handler 34 on default port 15002" daemon prio=5 tid=287 timed_waiting
java.lang.Thread.State: TIMED_WAITING
        at sun.misc.Unsafe.park(Native Method)
        at java.util.concurrent.locks.LockSupport.parkNanos(LockSupport.java:215)
        at java.util.concurrent.locks.AbstractQueuedSynchronizer$ConditionObject.awaitNanos(AbstractQueuedSynchronizer.java:2078)
        at java.util.concurrent.LinkedBlockingQueue.poll(LinkedBlockingQueue.java:467)
        at org.apache.hadoop.ipc.CallQueueManager.take(CallQueueManager.java:317)
        at org.apache.hadoop.ipc.Server$Handler.run(Server.java:3014)
"7b630919-9d6b-42e9-b08a-8409ae097dea-DatanodeStateMachineTaskThread-1"  prio=5 tid=760 in Object.wait()
java.lang.Thread.State: WAITING (on object monitor)
        at sun.misc.Unsafe.park(Native Method)
        at java.util.concurrent.locks.LockSupport.park(LockSupport.java:175)
        at java.util.concurrent.locks.AbstractQueuedSynchronizer$ConditionObject.await(AbstractQueuedSynchronizer.java:2039)
        at java.util.concurrent.LinkedBlockingQueue.take(LinkedBlockingQueue.java:442)
        at java.util.concurrent.ThreadPoolExecutor.getTask(ThreadPoolExecutor.java:1074)
        at java.util.concurrent.ThreadPoolExecutor.runWorker(ThreadPoolExecutor.java:1134)
        at java.util.concurrent.ThreadPoolExecutor$Worker.run(ThreadPoolExecutor.java:624)
        at java.lang.Thread.run(Thread.java:750)
"om1@group-C5BA1605619E-cacheEviction-AwaitToRun" daemon prio=5 tid=387 in Object.wait()
java.lang.Thread.State: WAITING (on object monitor)
        at sun.misc.Unsafe.park(Native Method)
        at java.util.concurrent.locks.LockSupport.park(LockSupport.java:175)
        at java.util.concurrent.locks.AbstractQueuedSynchronizer$ConditionObject.await(AbstractQueuedSynchronizer.java:2039)
        at org.apache.ratis.util.AwaitForSignal.await(AwaitForSignal.java:48)
        at org.apache.ratis.util.AwaitToRun$RunnableImpl.run(AwaitToRun.java:47)
        at java.lang.Thread.run(Thread.java:750)
"IPC Server handler 1 on default port 15002" daemon prio=5 tid=254 timed_waiting
java.lang.Thread.State: TIMED_WAITING
        at sun.misc.Unsafe.park(Native Method)
        at java.util.concurrent.locks.LockSupport.parkNanos(LockSupport.java:215)
        at java.util.concurrent.locks.AbstractQueuedSynchronizer$ConditionObject.awaitNanos(AbstractQueuedSynchronizer.java:2078)
        at java.util.concurrent.LinkedBlockingQueue.poll(LinkedBlockingQueue.java:467)
        at org.apache.hadoop.ipc.CallQueueManager.take(CallQueueManager.java:317)
        at org.apache.hadoop.ipc.Server$Handler.run(Server.java:3014)
"qtp496161074-358" daemon prio=5 tid=358 runnable
java.lang.Thread.State: RUNNABLE
        at sun.nio.ch.EPollArrayWrapper.epollWait(Native Method)
        at sun.nio.ch.EPollArrayWrapper.poll(EPollArrayWrapper.java:269)
        at sun.nio.ch.EPollSelectorImpl.doSelect(EPollSelectorImpl.java:93)
        at sun.nio.ch.SelectorImpl.lockAndDoSelect(SelectorImpl.java:86)
        at sun.nio.ch.SelectorImpl.select(SelectorImpl.java:97)
        at sun.nio.ch.SelectorImpl.select(SelectorImpl.java:101)
        at org.eclipse.jetty.io.ManagedSelector.nioSelect(ManagedSelector.java:183)
        at org.eclipse.jetty.io.ManagedSelector.select(ManagedSelector.java:190)
        at org.eclipse.jetty.io.ManagedSelector$SelectorProducer.select(ManagedSelector.java:606)
        at org.eclipse.jetty.io.ManagedSelector$SelectorProducer.produce(ManagedSelector.java:543)
        at org.eclipse.jetty.util.thread.strategy.EatWhatYouKill.produceTask(EatWhatYouKill.java:362)
        at org.eclipse.jetty.util.thread.strategy.EatWhatYouKill.doProduce(EatWhatYouKill.java:186)
        at org.eclipse.jetty.util.thread.strategy.EatWhatYouKill.tryProduce(EatWhatYouKill.java:173)
        at org.eclipse.jetty.util.thread.strategy.EatWhatYouKill.produce(EatWhatYouKill.java:137)
        at org.eclipse.jetty.io.ManagedSelector$$Lambda$594/551825973.run(Unknown Source)
        at org.eclipse.jetty.util.thread.QueuedThreadPool.runJob(QueuedThreadPool.java:883)
        at org.eclipse.jetty.util.thread.QueuedThreadPool$Runner.run(QueuedThreadPool.java:1034)
        at java.lang.Thread.run(Thread.java:750)
"StaleRecoveringContainerScrubbingService#0" daemon prio=5 tid=795 in Object.wait()
java.lang.Thread.State: WAITING (on object monitor)
        at sun.misc.Unsafe.park(Native Method)
        at java.util.concurrent.locks.LockSupport.park(LockSupport.java:175)
        at java.util.concurrent.locks.AbstractQueuedSynchronizer$ConditionObject.await(AbstractQueuedSynchronizer.java:2039)
        at java.util.concurrent.ScheduledThreadPoolExecutor$DelayedWorkQueue.take(ScheduledThreadPoolExecutor.java:1088)
        at java.util.concurrent.ScheduledThreadPoolExecutor$DelayedWorkQueue.take(ScheduledThreadPoolExecutor.java:809)
        at java.util.concurrent.ThreadPoolExecutor.getTask(ThreadPoolExecutor.java:1074)
        at java.util.concurrent.ThreadPoolExecutor.runWorker(ThreadPoolExecutor.java:1134)
        at java.util.concurrent.ThreadPoolExecutor$Worker.run(ThreadPoolExecutor.java:624)
        at java.lang.Thread.run(Thread.java:750)
"IPC Server handler 54 on default port 15009" daemon prio=5 tid=525 timed_waiting
java.lang.Thread.State: TIMED_WAITING
        at sun.misc.Unsafe.park(Native Method)
        at java.util.concurrent.locks.LockSupport.parkNanos(LockSupport.java:215)
        at java.util.concurrent.locks.AbstractQueuedSynchronizer$ConditionObject.awaitNanos(AbstractQueuedSynchronizer.java:2078)
        at java.util.concurrent.LinkedBlockingQueue.poll(LinkedBlockingQueue.java:467)
        at org.apache.hadoop.ipc.CallQueueManager.take(CallQueueManager.java:317)
        at org.apache.hadoop.ipc.Server$Handler.run(Server.java:3014)
"Reference Handler" daemon prio=10 tid=2 in Object.wait()
java.lang.Thread.State: WAITING (on object monitor)
        at java.lang.Object.wait(Native Method)
        at java.lang.Object.wait(Object.java:502)
        at java.lang.ref.Reference.tryHandlePending(Reference.java:191)
        at java.lang.ref.Reference$ReferenceHandler.run(Reference.java:153)
"IPC Server idle connection scanner for port 15002" daemon prio=5 tid=29 timed_waiting
java.lang.Thread.State: TIMED_WAITING
        at java.lang.Object.wait(Native Method)
        at java.util.TimerThread.mainLoop(Timer.java:552)
        at java.util.TimerThread.run(Timer.java:505)
"IPC Server handler 97 on default port 15002" daemon prio=5 tid=350 timed_waiting
java.lang.Thread.State: TIMED_WAITING
        at sun.misc.Unsafe.park(Native Method)
        at java.util.concurrent.locks.LockSupport.parkNanos(LockSupport.java:215)
        at java.util.concurrent.locks.AbstractQueuedSynchronizer$ConditionObject.awaitNanos(AbstractQueuedSynchronizer.java:2078)
        at java.util.concurrent.LinkedBlockingQueue.poll(LinkedBlockingQueue.java:467)
        at org.apache.hadoop.ipc.CallQueueManager.take(CallQueueManager.java:317)
        at org.apache.hadoop.ipc.Server$Handler.run(Server.java:3014)
"7b630919-9d6b-42e9-b08a-8409ae097dea-BlockDeletingService#0" daemon prio=5 tid=775 in Object.wait()
java.lang.Thread.State: WAITING (on object monitor)
        at sun.misc.Unsafe.park(Native Method)
        at java.util.concurrent.locks.LockSupport.park(LockSupport.java:175)
        at java.util.concurrent.locks.AbstractQueuedSynchronizer$ConditionObject.await(AbstractQueuedSynchronizer.java:2039)
        at java.util.concurrent.ScheduledThreadPoolExecutor$DelayedWorkQueue.take(ScheduledThreadPoolExecutor.java:1088)
        at java.util.concurrent.ScheduledThreadPoolExecutor$DelayedWorkQueue.take(ScheduledThreadPoolExecutor.java:809)
        at java.util.concurrent.ThreadPoolExecutor.getTask(ThreadPoolExecutor.java:1074)
        at java.util.concurrent.ThreadPoolExecutor.runWorker(ThreadPoolExecutor.java:1134)
        at java.util.concurrent.ThreadPoolExecutor$Worker.run(ThreadPoolExecutor.java:624)
        at java.lang.Thread.run(Thread.java:750)
"Hadoop-Metrics-Updater-0" daemon prio=5 tid=447 timed_waiting
java.lang.Thread.State: TIMED_WAITING
        at sun.misc.Unsafe.park(Native Method)
        at java.util.concurrent.locks.LockSupport.parkNanos(LockSupport.java:215)
        at java.util.concurrent.locks.AbstractQueuedSynchronizer$ConditionObject.awaitNanos(AbstractQueuedSynchronizer.java:2078)
        at java.util.concurrent.ScheduledThreadPoolExecutor$DelayedWorkQueue.take(ScheduledThreadPoolExecutor.java:1093)
        at java.util.concurrent.ScheduledThreadPoolExecutor$DelayedWorkQueue.take(ScheduledThreadPoolExecutor.java:809)
        at java.util.concurrent.ThreadPoolExecutor.getTask(ThreadPoolExecutor.java:1074)
        at java.util.concurrent.ThreadPoolExecutor.runWorker(ThreadPoolExecutor.java:1134)
        at java.util.concurrent.ThreadPoolExecutor$Worker.run(ThreadPoolExecutor.java:624)
        at java.lang.Thread.run(Thread.java:750)
"IPC Server handler 19 on default port 15009" daemon prio=5 tid=490 timed_waiting
java.lang.Thread.State: TIMED_WAITING
        at sun.misc.Unsafe.park(Native Method)
        at java.util.concurrent.locks.LockSupport.parkNanos(LockSupport.java:215)
        at java.util.concurrent.locks.AbstractQueuedSynchronizer$ConditionObject.awaitNanos(AbstractQueuedSynchronizer.java:2078)
        at java.util.concurrent.LinkedBlockingQueue.poll(LinkedBlockingQueue.java:467)
        at org.apache.hadoop.ipc.CallQueueManager.take(CallQueueManager.java:317)
        at org.apache.hadoop.ipc.Server$Handler.run(Server.java:3014)
"IPC Server handler 82 on default port 15002" daemon prio=5 tid=335 timed_waiting
java.lang.Thread.State: TIMED_WAITING
        at sun.misc.Unsafe.park(Native Method)
        at java.util.concurrent.locks.LockSupport.parkNanos(LockSupport.java:215)
        at java.util.concurrent.locks.AbstractQueuedSynchronizer$ConditionObject.awaitNanos(AbstractQueuedSynchronizer.java:2078)
        at java.util.concurrent.LinkedBlockingQueue.poll(LinkedBlockingQueue.java:467)
        at org.apache.hadoop.ipc.CallQueueManager.take(CallQueueManager.java:317)
        at org.apache.hadoop.ipc.Server$Handler.run(Server.java:3014)
"IPC Server handler 99 on default port 15001" daemon prio=5 tid=252 timed_waiting
java.lang.Thread.State: TIMED_WAITING
        at sun.misc.Unsafe.park(Native Method)
        at java.util.concurrent.locks.LockSupport.parkNanos(LockSupport.java:215)
        at java.util.concurrent.locks.AbstractQueuedSynchronizer$ConditionObject.awaitNanos(AbstractQueuedSynchronizer.java:2078)
        at java.util.concurrent.LinkedBlockingQueue.poll(LinkedBlockingQueue.java:467)
        at org.apache.hadoop.ipc.CallQueueManager.take(CallQueueManager.java:317)
        at org.apache.hadoop.ipc.Server$Handler.run(Server.java:3014)
"StaleRecoveringContainerScrubbingService#2" daemon prio=5 tid=1189 in Object.wait()
java.lang.Thread.State: WAITING (on object monitor)
        at sun.misc.Unsafe.park(Native Method)
        at java.util.concurrent.locks.LockSupport.park(LockSupport.java:175)
        at java.util.concurrent.locks.AbstractQueuedSynchronizer$ConditionObject.await(AbstractQueuedSynchronizer.java:2039)
        at java.util.concurrent.ScheduledThreadPoolExecutor$DelayedWorkQueue.take(ScheduledThreadPoolExecutor.java:1088)
        at java.util.concurrent.ScheduledThreadPoolExecutor$DelayedWorkQueue.take(ScheduledThreadPoolExecutor.java:809)
        at java.util.concurrent.ThreadPoolExecutor.getTask(ThreadPoolExecutor.java:1074)
        at java.util.concurrent.ThreadPoolExecutor.runWorker(ThreadPoolExecutor.java:1134)
        at java.util.concurrent.ThreadPoolExecutor$Worker.run(ThreadPoolExecutor.java:624)
        at java.lang.Thread.run(Thread.java:750)
"IPC Server handler 3 on default port 15009" daemon prio=5 tid=474 timed_waiting
java.lang.Thread.State: TIMED_WAITING
        at sun.misc.Unsafe.park(Native Method)
        at java.util.concurrent.locks.LockSupport.parkNanos(LockSupport.java:215)
        at java.util.concurrent.locks.AbstractQueuedSynchronizer$ConditionObject.awaitNanos(AbstractQueuedSynchronizer.java:2078)
        at java.util.concurrent.LinkedBlockingQueue.poll(LinkedBlockingQueue.java:467)
        at org.apache.hadoop.ipc.CallQueueManager.take(CallQueueManager.java:317)
        at org.apache.hadoop.ipc.Server$Handler.run(Server.java:3014)
"IPC Server handler 50 on default port 15001" daemon prio=5 tid=203 timed_waiting
java.lang.Thread.State: TIMED_WAITING
        at sun.misc.Unsafe.park(Native Method)
        at java.util.concurrent.locks.LockSupport.parkNanos(LockSupport.java:215)
        at java.util.concurrent.locks.AbstractQueuedSynchronizer$ConditionObject.awaitNanos(AbstractQueuedSynchronizer.java:2078)
        at java.util.concurrent.LinkedBlockingQueue.poll(LinkedBlockingQueue.java:467)
        at org.apache.hadoop.ipc.CallQueueManager.take(CallQueueManager.java:317)
        at org.apache.hadoop.ipc.Server$Handler.run(Server.java:3014)
"IPC Server handler 31 on default port 15001" daemon prio=5 tid=184 timed_waiting
java.lang.Thread.State: TIMED_WAITING
        at sun.misc.Unsafe.park(Native Method)
        at java.util.concurrent.locks.LockSupport.parkNanos(LockSupport.java:215)
        at java.util.concurrent.locks.AbstractQueuedSynchronizer$ConditionObject.awaitNanos(AbstractQueuedSynchronizer.java:2078)
        at java.util.concurrent.LinkedBlockingQueue.poll(LinkedBlockingQueue.java:467)
        at org.apache.hadoop.ipc.CallQueueManager.take(CallQueueManager.java:317)
        at org.apache.hadoop.ipc.Server$Handler.run(Server.java:3014)
"Recon-FixedThreadPoolWithAffinityExecutor-9-0" daemon prio=5 tid=457 timed_waiting
java.lang.Thread.State: TIMED_WAITING
        at sun.misc.Unsafe.park(Native Method)
        at java.util.concurrent.locks.LockSupport.parkNanos(LockSupport.java:215)
        at java.util.concurrent.locks.AbstractQueuedSynchronizer$ConditionObject.awaitNanos(AbstractQueuedSynchronizer.java:2078)
        at java.util.concurrent.LinkedBlockingQueue.poll(LinkedBlockingQueue.java:467)
        at org.apache.hadoop.hdds.scm.server.ContainerReportQueue.poll(ContainerReportQueue.java:269)
        at org.apache.hadoop.hdds.scm.server.ContainerReportQueue.poll(ContainerReportQueue.java:42)
        at org.apache.hadoop.hdds.server.events.FixedThreadPoolWithAffinityExecutor$ContainerReportProcessTask.run(FixedThreadPoolWithAffinityExecutor.java:253)
        at java.util.concurrent.Executors$RunnableAdapter.call(Executors.java:511)
        at java.util.concurrent.FutureTask.run(FutureTask.java:266)
        at java.util.concurrent.ThreadPoolExecutor.runWorker(ThreadPoolExecutor.java:1149)
        at java.util.concurrent.ThreadPoolExecutor$Worker.run(ThreadPoolExecutor.java:624)
        at java.lang.Thread.run(Thread.java:750)
"JvmPauseMonitor3" daemon prio=5 tid=738 timed_waiting
java.lang.Thread.State: TIMED_WAITING
        at java.lang.Thread.sleep(Native Method)
        at java.lang.Thread.sleep(Thread.java:342)
        at java.util.concurrent.TimeUnit.sleep(TimeUnit.java:386)
        at org.apache.ratis.util.TimeDuration.sleep(TimeDuration.java:353)
        at org.apache.ratis.util.TimeDuration.sleep(TimeDuration.java:338)
        at org.apache.ratis.util.JvmPauseMonitor.detectPause(JvmPauseMonitor.java:160)
        at org.apache.ratis.util.JvmPauseMonitor.run(JvmPauseMonitor.java:149)
        at org.apache.ratis.util.JvmPauseMonitor$$Lambda$554/742131199.run(Unknown Source)
        at java.lang.Thread.run(Thread.java:750)
"7b630919-9d6b-42e9-b08a-8409ae097dea@group-821EE5CB8EAC-SegmentedRaftLogWorker"  prio=5 tid=1127 timed_waiting
java.lang.Thread.State: TIMED_WAITING
        at sun.misc.Unsafe.park(Native Method)
        at java.util.concurrent.locks.LockSupport.parkNanos(LockSupport.java:215)
        at java.util.concurrent.locks.AbstractQueuedSynchronizer$ConditionObject.awaitNanos(AbstractQueuedSynchronizer.java:2078)
        at org.apache.ratis.util.DataBlockingQueue.poll(DataBlockingQueue.java:148)
        at org.apache.ratis.server.raftlog.segmented.SegmentedRaftLogWorker.run(SegmentedRaftLogWorker.java:299)
        at org.apache.ratis.server.raftlog.segmented.SegmentedRaftLogWorker$$Lambda$917/278430812.run(Unknown Source)
        at java.util.concurrent.Executors$RunnableAdapter.call(Executors.java:511)
        at java.util.concurrent.FutureTask.run(FutureTask.java:266)
        at java.util.concurrent.ThreadPoolExecutor.runWorker(ThreadPoolExecutor.java:1149)
        at java.util.concurrent.ThreadPoolExecutor$Worker.run(ThreadPoolExecutor.java:624)
        at java.lang.Thread.run(Thread.java:750)
"IPC Server handler 0 on default port 15048" daemon prio=5 tid=709 timed_waiting
java.lang.Thread.State: TIMED_WAITING
        at sun.misc.Unsafe.park(Native Method)
        at java.util.concurrent.locks.LockSupport.parkNanos(LockSupport.java:215)
        at java.util.concurrent.locks.AbstractQueuedSynchronizer$ConditionObject.awaitNanos(AbstractQueuedSynchronizer.java:2078)
        at java.util.concurrent.LinkedBlockingQueue.poll(LinkedBlockingQueue.java:467)
        at org.apache.hadoop.ipc.CallQueueManager.take(CallQueueManager.java:317)
        at org.apache.hadoop.ipc.Server$Handler.run(Server.java:3014)
"Connector-Scheduler-23d06658-1"  prio=5 tid=966 timed_waiting
java.lang.Thread.State: TIMED_WAITING
        at sun.misc.Unsafe.park(Native Method)
        at java.util.concurrent.locks.LockSupport.parkNanos(LockSupport.java:215)
        at java.util.concurrent.locks.AbstractQueuedSynchronizer$ConditionObject.awaitNanos(AbstractQueuedSynchronizer.java:2078)
        at java.util.concurrent.ScheduledThreadPoolExecutor$DelayedWorkQueue.take(ScheduledThreadPoolExecutor.java:1093)
        at java.util.concurrent.ScheduledThreadPoolExecutor$DelayedWorkQueue.take(ScheduledThreadPoolExecutor.java:809)
        at java.util.concurrent.ThreadPoolExecutor.getTask(ThreadPoolExecutor.java:1074)
        at java.util.concurrent.ThreadPoolExecutor.runWorker(ThreadPoolExecutor.java:1134)
        at java.util.concurrent.ThreadPoolExecutor$Worker.run(ThreadPoolExecutor.java:624)
        at java.lang.Thread.run(Thread.java:750)
"IPC Server handler 99 on default port 15002" daemon prio=5 tid=352 timed_waiting
java.lang.Thread.State: TIMED_WAITING
        at sun.misc.Unsafe.park(Native Method)
        at java.util.concurrent.locks.LockSupport.parkNanos(LockSupport.java:215)
        at java.util.concurrent.locks.AbstractQueuedSynchronizer$ConditionObject.awaitNanos(AbstractQueuedSynchronizer.java:2078)
        at java.util.concurrent.LinkedBlockingQueue.poll(LinkedBlockingQueue.java:467)
        at org.apache.hadoop.ipc.CallQueueManager.take(CallQueueManager.java:317)
        at org.apache.hadoop.ipc.Server$Handler.run(Server.java:3014)
"IPC Server handler 85 on default port 15002" daemon prio=5 tid=338 timed_waiting
java.lang.Thread.State: TIMED_WAITING
        at sun.misc.Unsafe.park(Native Method)
        at java.util.concurrent.locks.LockSupport.parkNanos(LockSupport.java:215)
        at java.util.concurrent.locks.AbstractQueuedSynchronizer$ConditionObject.awaitNanos(AbstractQueuedSynchronizer.java:2078)
        at java.util.concurrent.LinkedBlockingQueue.poll(LinkedBlockingQueue.java:467)
        at org.apache.hadoop.ipc.CallQueueManager.take(CallQueueManager.java:317)
        at org.apache.hadoop.ipc.Server$Handler.run(Server.java:3014)
"om1-SnapshotDiffCleanupService#0" daemon prio=5 tid=372 timed_waiting
java.lang.Thread.State: TIMED_WAITING
        at sun.misc.Unsafe.park(Native Method)
        at java.util.concurrent.locks.LockSupport.parkNanos(LockSupport.java:215)
        at java.util.concurrent.locks.AbstractQueuedSynchronizer$ConditionObject.awaitNanos(AbstractQueuedSynchronizer.java:2078)
        at java.util.concurrent.ScheduledThreadPoolExecutor$DelayedWorkQueue.take(ScheduledThreadPoolExecutor.java:1093)
        at java.util.concurrent.ScheduledThreadPoolExecutor$DelayedWorkQueue.take(ScheduledThreadPoolExecutor.java:809)
        at java.util.concurrent.ThreadPoolExecutor.getTask(ThreadPoolExecutor.java:1074)
        at java.util.concurrent.ThreadPoolExecutor.runWorker(ThreadPoolExecutor.java:1134)
        at java.util.concurrent.ThreadPoolExecutor$Worker.run(ThreadPoolExecutor.java:624)
        at java.lang.Thread.run(Thread.java:750)
"om1-OMDoubleBufferFlushThread" daemon prio=5 tid=374 timed_waiting
java.lang.Thread.State: TIMED_WAITING
        at java.lang.Object.wait(Native Method)
        at org.apache.hadoop.ozone.om.ratis.OzoneManagerDoubleBuffer.canFlush(OzoneManagerDoubleBuffer.java:570)
        at org.apache.hadoop.ozone.om.ratis.OzoneManagerDoubleBuffer.flushTransactions(OzoneManagerDoubleBuffer.java:294)
        at org.apache.hadoop.ozone.om.ratis.OzoneManagerDoubleBuffer$$Lambda$707/528011943.run(Unknown Source)
        at java.lang.Thread.run(Thread.java:750)
"7b630919-9d6b-42e9-b08a-8409ae097dea-EndpointStateMachineTaskThread-/0.0.0.0:15002-0 "  prio=5 tid=761 in Object.wait()
java.lang.Thread.State: WAITING (on object monitor)
        at sun.misc.Unsafe.park(Native Method)
        at java.util.concurrent.locks.LockSupport.park(LockSupport.java:175)
        at java.util.concurrent.locks.AbstractQueuedSynchronizer$ConditionObject.await(AbstractQueuedSynchronizer.java:2039)
        at java.util.concurrent.LinkedBlockingQueue.take(LinkedBlockingQueue.java:442)
        at java.util.concurrent.ThreadPoolExecutor.getTask(ThreadPoolExecutor.java:1074)
        at java.util.concurrent.ThreadPoolExecutor.runWorker(ThreadPoolExecutor.java:1134)
        at java.util.concurrent.ThreadPoolExecutor$Worker.run(ThreadPoolExecutor.java:624)
        at java.lang.Thread.run(Thread.java:750)
"IPC Server handler 37 on default port 15001" daemon prio=5 tid=190 timed_waiting
java.lang.Thread.State: TIMED_WAITING
        at sun.misc.Unsafe.park(Native Method)
        at java.util.concurrent.locks.LockSupport.parkNanos(LockSupport.java:215)
        at java.util.concurrent.locks.AbstractQueuedSynchronizer$ConditionObject.awaitNanos(AbstractQueuedSynchronizer.java:2078)
        at java.util.concurrent.LinkedBlockingQueue.poll(LinkedBlockingQueue.java:467)
        at org.apache.hadoop.ipc.CallQueueManager.take(CallQueueManager.java:317)
        at org.apache.hadoop.ipc.Server$Handler.run(Server.java:3014)
"ContainerMetadataScanner" daemon prio=5 tid=729 timed_waiting
java.lang.Thread.State: TIMED_WAITING
        at java.lang.Thread.sleep(Native Method)
        at org.apache.hadoop.ozone.container.ozoneimpl.AbstractBackgroundContainerScanner.handleRemainingSleep(AbstractBackgroundContainerScanner.java:131)
        at org.apache.hadoop.ozone.container.ozoneimpl.AbstractBackgroundContainerScanner.runIteration(AbstractBackgroundContainerScanner.java:98)
        at org.apache.hadoop.ozone.container.ozoneimpl.AbstractBackgroundContainerScanner.run(AbstractBackgroundContainerScanner.java:57)
"9bdc6c20-c7c2-4cc7-a4be-d4fe59586f4c-ReplicationContainerReader-2" daemon prio=5 tid=1097 in Object.wait()
java.lang.Thread.State: WAITING (on object monitor)
        at sun.misc.Unsafe.park(Native Method)
        at java.util.concurrent.locks.LockSupport.park(LockSupport.java:175)
        at java.util.concurrent.locks.AbstractQueuedSynchronizer$ConditionObject.await(AbstractQueuedSynchronizer.java:2039)
        at java.util.concurrent.LinkedBlockingQueue.take(LinkedBlockingQueue.java:442)
        at java.util.concurrent.ThreadPoolExecutor.getTask(ThreadPoolExecutor.java:1074)
        at java.util.concurrent.ThreadPoolExecutor.runWorker(ThreadPoolExecutor.java:1134)
        at java.util.concurrent.ThreadPoolExecutor$Worker.run(ThreadPoolExecutor.java:624)
        at java.lang.Thread.run(Thread.java:750)
"StaleRecoveringContainerScrubbingService#1" daemon prio=5 tid=758 timed_waiting
java.lang.Thread.State: TIMED_WAITING
        at sun.misc.Unsafe.park(Native Method)
        at java.util.concurrent.locks.LockSupport.parkNanos(LockSupport.java:215)
        at java.util.concurrent.locks.AbstractQueuedSynchronizer$ConditionObject.awaitNanos(AbstractQueuedSynchronizer.java:2078)
        at java.util.concurrent.ScheduledThreadPoolExecutor$DelayedWorkQueue.take(ScheduledThreadPoolExecutor.java:1093)
        at java.util.concurrent.ScheduledThreadPoolExecutor$DelayedWorkQueue.take(ScheduledThreadPoolExecutor.java:809)
        at java.util.concurrent.ThreadPoolExecutor.getTask(ThreadPoolExecutor.java:1074)
        at java.util.concurrent.ThreadPoolExecutor.runWorker(ThreadPoolExecutor.java:1134)
        at java.util.concurrent.ThreadPoolExecutor$Worker.run(ThreadPoolExecutor.java:624)
        at java.lang.Thread.run(Thread.java:750)
"9bdc6c20-c7c2-4cc7-a4be-d4fe59586f4c-ChunkWriter-2-0" daemon prio=5 tid=790 in Object.wait()
java.lang.Thread.State: WAITING (on object monitor)
        at sun.misc.Unsafe.park(Native Method)
        at java.util.concurrent.locks.LockSupport.park(LockSupport.java:175)
        at java.util.concurrent.locks.AbstractQueuedSynchronizer$ConditionObject.await(AbstractQueuedSynchronizer.java:2039)
        at java.util.concurrent.LinkedBlockingDeque.takeFirst(LinkedBlockingDeque.java:492)
        at java.util.concurrent.LinkedBlockingDeque.take(LinkedBlockingDeque.java:680)
        at java.util.concurrent.ThreadPoolExecutor.getTask(ThreadPoolExecutor.java:1074)
        at java.util.concurrent.ThreadPoolExecutor.runWorker(ThreadPoolExecutor.java:1134)
        at java.util.concurrent.ThreadPoolExecutor$Worker.run(ThreadPoolExecutor.java:624)
        at java.lang.Thread.run(Thread.java:750)
"IPC Server handler 4 on default port 15009" daemon prio=5 tid=475 timed_waiting
java.lang.Thread.State: TIMED_WAITING
        at sun.misc.Unsafe.park(Native Method)
        at java.util.concurrent.locks.LockSupport.parkNanos(LockSupport.java:215)
        at java.util.concurrent.locks.AbstractQueuedSynchronizer$ConditionObject.awaitNanos(AbstractQueuedSynchronizer.java:2078)
        at java.util.concurrent.LinkedBlockingQueue.poll(LinkedBlockingQueue.java:467)
        at org.apache.hadoop.ipc.CallQueueManager.take(CallQueueManager.java:317)
        at org.apache.hadoop.ipc.Server$Handler.run(Server.java:3014)
"ContainerMetadataScanner" daemon prio=5 tid=805 timed_waiting
java.lang.Thread.State: TIMED_WAITING
        at java.lang.Thread.sleep(Native Method)
        at org.apache.hadoop.ozone.container.ozoneimpl.AbstractBackgroundContainerScanner.handleRemainingSleep(AbstractBackgroundContainerScanner.java:131)
        at org.apache.hadoop.ozone.container.ozoneimpl.AbstractBackgroundContainerScanner.runIteration(AbstractBackgroundContainerScanner.java:98)
        at org.apache.hadoop.ozone.container.ozoneimpl.AbstractBackgroundContainerScanner.run(AbstractBackgroundContainerScanner.java:57)
"IPC Server handler 90 on default port 15000" daemon prio=5 tid=143 timed_waiting
java.lang.Thread.State: TIMED_WAITING
        at sun.misc.Unsafe.park(Native Method)
        at java.util.concurrent.locks.LockSupport.parkNanos(LockSupport.java:215)
        at java.util.concurrent.locks.AbstractQueuedSynchronizer$ConditionObject.awaitNanos(AbstractQueuedSynchronizer.java:2078)
        at java.util.concurrent.LinkedBlockingQueue.poll(LinkedBlockingQueue.java:467)
        at org.apache.hadoop.ipc.CallQueueManager.take(CallQueueManager.java:317)
        at org.apache.hadoop.ipc.Server$Handler.run(Server.java:3014)
"12adf753-b9bf-4e27-afc1-d809141df6d3-CloseContainerThread-1"  prio=5 tid=1064 in Object.wait()
java.lang.Thread.State: WAITING (on object monitor)
        at sun.misc.Unsafe.park(Native Method)
        at java.util.concurrent.locks.LockSupport.park(LockSupport.java:175)
        at java.util.concurrent.locks.AbstractQueuedSynchronizer$ConditionObject.await(AbstractQueuedSynchronizer.java:2039)
        at java.util.concurrent.LinkedBlockingQueue.take(LinkedBlockingQueue.java:442)
        at java.util.concurrent.ThreadPoolExecutor.getTask(ThreadPoolExecutor.java:1074)
        at java.util.concurrent.ThreadPoolExecutor.runWorker(ThreadPoolExecutor.java:1134)
        at java.util.concurrent.ThreadPoolExecutor$Worker.run(ThreadPoolExecutor.java:624)
        at java.lang.Thread.run(Thread.java:750)
"om1@group-C5BA1605619E-StateMachineUpdater" daemon prio=5 tid=390 timed_waiting
java.lang.Thread.State: TIMED_WAITING
        at sun.misc.Unsafe.park(Native Method)
        at java.util.concurrent.locks.LockSupport.parkNanos(LockSupport.java:215)
        at java.util.concurrent.locks.AbstractQueuedSynchronizer$ConditionObject.await(AbstractQueuedSynchronizer.java:2163)
        at org.apache.ratis.util.AwaitForSignal.await(AwaitForSignal.java:65)
        at org.apache.ratis.server.impl.StateMachineUpdater.waitForCommit(StateMachineUpdater.java:211)
        at org.apache.ratis.server.impl.StateMachineUpdater.run(StateMachineUpdater.java:180)
        at java.lang.Thread.run(Thread.java:750)
"qtp634982496-670" daemon prio=5 tid=670 timed_waiting
java.lang.Thread.State: TIMED_WAITING
        at sun.misc.Unsafe.park(Native Method)
        at java.util.concurrent.locks.LockSupport.parkNanos(LockSupport.java:215)
        at java.util.concurrent.locks.AbstractQueuedSynchronizer$ConditionObject.awaitNanos(AbstractQueuedSynchronizer.java:2078)
        at org.eclipse.jetty.util.BlockingArrayQueue.poll(BlockingArrayQueue.java:382)
        at org.eclipse.jetty.util.thread.QueuedThreadPool$Runner.idleJobPoll(QueuedThreadPool.java:974)
        at org.eclipse.jetty.util.thread.QueuedThreadPool$Runner.run(QueuedThreadPool.java:1018)
        at java.lang.Thread.run(Thread.java:750)
"IPC Server handler 59 on default port 15001" daemon prio=5 tid=212 timed_waiting
java.lang.Thread.State: TIMED_WAITING
        at sun.misc.Unsafe.park(Native Method)
        at java.util.concurrent.locks.LockSupport.parkNanos(LockSupport.java:215)
        at java.util.concurrent.locks.AbstractQueuedSynchronizer$ConditionObject.awaitNanos(AbstractQueuedSynchronizer.java:2078)
        at java.util.concurrent.LinkedBlockingQueue.poll(LinkedBlockingQueue.java:467)
        at org.apache.hadoop.ipc.CallQueueManager.take(CallQueueManager.java:317)
        at org.apache.hadoop.ipc.Server$Handler.run(Server.java:3014)
"LeakDetector-ManagedRocksObject0" daemon prio=5 tid=17 in Object.wait()
java.lang.Thread.State: WAITING (on object monitor)
        at java.lang.Object.wait(Native Method)
        at java.lang.ref.ReferenceQueue.remove(ReferenceQueue.java:144)
        at java.lang.ref.ReferenceQueue.remove(ReferenceQueue.java:165)
        at org.apache.hadoop.hdds.utils.LeakDetector.run(LeakDetector.java:80)
        at org.apache.hadoop.hdds.utils.LeakDetector$$Lambda$436/731584462.run(Unknown Source)
        at java.lang.Thread.run(Thread.java:750)
"20ed7fe7-4274-4f1a-9498-93c5abf09f1c-DatanodeReportManager-3" daemon prio=5 tid=714 in Object.wait()
java.lang.Thread.State: WAITING (on object monitor)
        at sun.misc.Unsafe.park(Native Method)
        at java.util.concurrent.locks.LockSupport.park(LockSupport.java:175)
        at java.util.concurrent.locks.AbstractQueuedSynchronizer$ConditionObject.await(AbstractQueuedSynchronizer.java:2039)
        at java.util.concurrent.ScheduledThreadPoolExecutor$DelayedWorkQueue.take(ScheduledThreadPoolExecutor.java:1088)
        at java.util.concurrent.ScheduledThreadPoolExecutor$DelayedWorkQueue.take(ScheduledThreadPoolExecutor.java:809)
        at java.util.concurrent.ThreadPoolExecutor.getTask(ThreadPoolExecutor.java:1074)
        at java.util.concurrent.ThreadPoolExecutor.runWorker(ThreadPoolExecutor.java:1134)
        at java.util.concurrent.ThreadPoolExecutor$Worker.run(ThreadPoolExecutor.java:624)
        at java.lang.Thread.run(Thread.java:750)
"IPC Server handler 24 on default port 15009" daemon prio=5 tid=495 timed_waiting
java.lang.Thread.State: TIMED_WAITING
        at sun.misc.Unsafe.park(Native Method)
        at java.util.concurrent.locks.LockSupport.parkNanos(LockSupport.java:215)
        at java.util.concurrent.locks.AbstractQueuedSynchronizer$ConditionObject.awaitNanos(AbstractQueuedSynchronizer.java:2078)
        at java.util.concurrent.LinkedBlockingQueue.poll(LinkedBlockingQueue.java:467)
        at org.apache.hadoop.ipc.CallQueueManager.take(CallQueueManager.java:317)
        at org.apache.hadoop.ipc.Server$Handler.run(Server.java:3014)
"IPC Server handler 28 on default port 15002" daemon prio=5 tid=281 timed_waiting
java.lang.Thread.State: TIMED_WAITING
        at sun.misc.Unsafe.park(Native Method)
        at java.util.concurrent.locks.LockSupport.parkNanos(LockSupport.java:215)
        at java.util.concurrent.locks.AbstractQueuedSynchronizer$ConditionObject.awaitNanos(AbstractQueuedSynchronizer.java:2078)
        at java.util.concurrent.LinkedBlockingQueue.poll(LinkedBlockingQueue.java:467)
        at org.apache.hadoop.ipc.CallQueueManager.take(CallQueueManager.java:317)
        at org.apache.hadoop.ipc.Server$Handler.run(Server.java:3014)
"EventQueue-OpenPipelineForHealthyPipelineSafeModeRule" daemon prio=5 tid=832 in Object.wait()
java.lang.Thread.State: WAITING (on object monitor)
        at sun.misc.Unsafe.park(Native Method)
        at java.util.concurrent.locks.LockSupport.park(LockSupport.java:175)
        at java.util.concurrent.locks.AbstractQueuedSynchronizer$ConditionObject.await(AbstractQueuedSynchronizer.java:2039)
        at java.util.concurrent.LinkedBlockingQueue.take(LinkedBlockingQueue.java:442)
        at java.util.concurrent.ThreadPoolExecutor.getTask(ThreadPoolExecutor.java:1074)
        at java.util.concurrent.ThreadPoolExecutor.runWorker(ThreadPoolExecutor.java:1134)
        at java.util.concurrent.ThreadPoolExecutor$Worker.run(ThreadPoolExecutor.java:624)
        at java.lang.Thread.run(Thread.java:750)
"timer2" daemon prio=5 tid=922 timed_waiting
java.lang.Thread.State: TIMED_WAITING
        at java.lang.Object.wait(Native Method)
        at java.util.TimerThread.mainLoop(Timer.java:552)
        at java.util.TimerThread.run(Timer.java:505)
"12adf753-b9bf-4e27-afc1-d809141df6d3-BlockDeletingService#1" daemon prio=5 tid=759 timed_waiting
java.lang.Thread.State: TIMED_WAITING
        at sun.misc.Unsafe.park(Native Method)
        at java.util.concurrent.locks.LockSupport.parkNanos(LockSupport.java:215)
        at java.util.concurrent.locks.AbstractQueuedSynchronizer$ConditionObject.awaitNanos(AbstractQueuedSynchronizer.java:2078)
        at java.util.concurrent.ScheduledThreadPoolExecutor$DelayedWorkQueue.take(ScheduledThreadPoolExecutor.java:1093)
        at java.util.concurrent.ScheduledThreadPoolExecutor$DelayedWorkQueue.take(ScheduledThreadPoolExecutor.java:809)
        at java.util.concurrent.ThreadPoolExecutor.getTask(ThreadPoolExecutor.java:1074)
        at java.util.concurrent.ThreadPoolExecutor.runWorker(ThreadPoolExecutor.java:1134)
        at java.util.concurrent.ThreadPoolExecutor$Worker.run(ThreadPoolExecutor.java:624)
        at java.lang.Thread.run(Thread.java:750)
"grpc-default-executor-0" daemon prio=5 tid=860 timed_waiting
java.lang.Thread.State: TIMED_WAITING
        at sun.misc.Unsafe.park(Native Method)
        at java.util.concurrent.locks.LockSupport.parkNanos(LockSupport.java:215)
        at java.util.concurrent.SynchronousQueue$TransferStack.awaitFulfill(SynchronousQueue.java:460)
        at java.util.concurrent.SynchronousQueue$TransferStack.transfer(SynchronousQueue.java:362)
        at java.util.concurrent.SynchronousQueue.poll(SynchronousQueue.java:941)
        at java.util.concurrent.ThreadPoolExecutor.getTask(ThreadPoolExecutor.java:1073)
        at java.util.concurrent.ThreadPoolExecutor.runWorker(ThreadPoolExecutor.java:1134)
        at java.util.concurrent.ThreadPoolExecutor$Worker.run(ThreadPoolExecutor.java:624)
        at java.lang.Thread.run(Thread.java:750)
"IPC Server handler 49 on default port 15001" daemon prio=5 tid=202 timed_waiting
java.lang.Thread.State: TIMED_WAITING
        at sun.misc.Unsafe.park(Native Method)
        at java.util.concurrent.locks.LockSupport.parkNanos(LockSupport.java:215)
        at java.util.concurrent.locks.AbstractQueuedSynchronizer$ConditionObject.awaitNanos(AbstractQueuedSynchronizer.java:2078)
        at java.util.concurrent.LinkedBlockingQueue.poll(LinkedBlockingQueue.java:467)
        at org.apache.hadoop.ipc.CallQueueManager.take(CallQueueManager.java:317)
        at org.apache.hadoop.ipc.Server$Handler.run(Server.java:3014)
"qtp361221719-590" daemon prio=5 tid=590 timed_waiting
java.lang.Thread.State: TIMED_WAITING
        at sun.misc.Unsafe.park(Native Method)
        at java.util.concurrent.locks.LockSupport.parkNanos(LockSupport.java:215)
        at java.util.concurrent.locks.AbstractQueuedSynchronizer$ConditionObject.awaitNanos(AbstractQueuedSynchronizer.java:2078)
        at org.eclipse.jetty.util.BlockingArrayQueue.poll(BlockingArrayQueue.java:382)
        at org.eclipse.jetty.util.thread.QueuedThreadPool$Runner.idleJobPoll(QueuedThreadPool.java:974)
        at org.eclipse.jetty.util.thread.QueuedThreadPool$Runner.run(QueuedThreadPool.java:1018)
        at java.lang.Thread.run(Thread.java:750)
"Session-HouseKeeper-7ec765cd-1"  prio=5 tid=591 timed_waiting
java.lang.Thread.State: TIMED_WAITING
        at sun.misc.Unsafe.park(Native Method)
        at java.util.concurrent.locks.LockSupport.parkNanos(LockSupport.java:215)
        at java.util.concurrent.locks.AbstractQueuedSynchronizer$ConditionObject.awaitNanos(AbstractQueuedSynchronizer.java:2078)
        at java.util.concurrent.ScheduledThreadPoolExecutor$DelayedWorkQueue.take(ScheduledThreadPoolExecutor.java:1093)
        at java.util.concurrent.ScheduledThreadPoolExecutor$DelayedWorkQueue.take(ScheduledThreadPoolExecutor.java:809)
        at java.util.concurrent.ThreadPoolExecutor.getTask(ThreadPoolExecutor.java:1074)
        at java.util.concurrent.ThreadPoolExecutor.runWorker(ThreadPoolExecutor.java:1134)
        at java.util.concurrent.ThreadPoolExecutor$Worker.run(ThreadPoolExecutor.java:624)
        at java.lang.Thread.run(Thread.java:750)
"IPC Server handler 48 on default port 15009" daemon prio=5 tid=519 timed_waiting
java.lang.Thread.State: TIMED_WAITING
        at sun.misc.Unsafe.park(Native Method)
        at java.util.concurrent.locks.LockSupport.parkNanos(LockSupport.java:215)
        at java.util.concurrent.locks.AbstractQueuedSynchronizer$ConditionObject.awaitNanos(AbstractQueuedSynchronizer.java:2078)
        at java.util.concurrent.LinkedBlockingQueue.poll(LinkedBlockingQueue.java:467)
        at org.apache.hadoop.ipc.CallQueueManager.take(CallQueueManager.java:317)
        at org.apache.hadoop.ipc.Server$Handler.run(Server.java:3014)
"prometheus" daemon prio=5 tid=366 in Object.wait()
java.lang.Thread.State: WAITING (on object monitor)
        at java.lang.Object.wait(Native Method)
        at java.lang.Object.wait(Object.java:502)
        at org.apache.hadoop.metrics2.impl.SinkQueue.waitForData(SinkQueue.java:114)
        at org.apache.hadoop.metrics2.impl.SinkQueue.consumeAll(SinkQueue.java:83)
        at org.apache.hadoop.metrics2.impl.MetricsSinkAdapter.publishMetricsFromQueue(MetricsSinkAdapter.java:135)
        at org.apache.hadoop.metrics2.impl.MetricsSinkAdapter$1.run(MetricsSinkAdapter.java:89)
"JvmPauseMonitor5" daemon prio=5 tid=773 timed_waiting
java.lang.Thread.State: TIMED_WAITING
        at java.lang.Thread.sleep(Native Method)
        at java.lang.Thread.sleep(Thread.java:342)
        at java.util.concurrent.TimeUnit.sleep(TimeUnit.java:386)
        at org.apache.ratis.util.TimeDuration.sleep(TimeDuration.java:353)
        at org.apache.ratis.util.TimeDuration.sleep(TimeDuration.java:338)
        at org.apache.ratis.util.JvmPauseMonitor.detectPause(JvmPauseMonitor.java:160)
        at org.apache.ratis.util.JvmPauseMonitor.run(JvmPauseMonitor.java:149)
        at org.apache.ratis.util.JvmPauseMonitor$$Lambda$554/742131199.run(Unknown Source)
        at java.lang.Thread.run(Thread.java:750)
"7b630919-9d6b-42e9-b08a-8409ae097dea-ChunkWriter-0-0" daemon prio=5 tid=769 in Object.wait()
java.lang.Thread.State: WAITING (on object monitor)
        at sun.misc.Unsafe.park(Native Method)
        at java.util.concurrent.locks.LockSupport.park(LockSupport.java:175)
        at java.util.concurrent.locks.AbstractQueuedSynchronizer$ConditionObject.await(AbstractQueuedSynchronizer.java:2039)
        at java.util.concurrent.LinkedBlockingDeque.takeFirst(LinkedBlockingDeque.java:492)
        at java.util.concurrent.LinkedBlockingDeque.take(LinkedBlockingDeque.java:680)
        at java.util.concurrent.ThreadPoolExecutor.getTask(ThreadPoolExecutor.java:1074)
        at java.util.concurrent.ThreadPoolExecutor.runWorker(ThreadPoolExecutor.java:1134)
        at java.util.concurrent.ThreadPoolExecutor$Worker.run(ThreadPoolExecutor.java:624)
        at java.lang.Thread.run(Thread.java:750)
"om1-SstFilteringService#0" daemon prio=5 tid=400 timed_waiting
java.lang.Thread.State: TIMED_WAITING
        at sun.misc.Unsafe.park(Native Method)
        at java.util.concurrent.locks.LockSupport.parkNanos(LockSupport.java:215)
        at java.util.concurrent.locks.AbstractQueuedSynchronizer$ConditionObject.awaitNanos(AbstractQueuedSynchronizer.java:2078)
        at java.util.concurrent.ScheduledThreadPoolExecutor$DelayedWorkQueue.take(ScheduledThreadPoolExecutor.java:1093)
        at java.util.concurrent.ScheduledThreadPoolExecutor$DelayedWorkQueue.take(ScheduledThreadPoolExecutor.java:809)
        at java.util.concurrent.ThreadPoolExecutor.getTask(ThreadPoolExecutor.java:1074)
        at java.util.concurrent.ThreadPoolExecutor.runWorker(ThreadPoolExecutor.java:1134)
        at java.util.concurrent.ThreadPoolExecutor$Worker.run(ThreadPoolExecutor.java:624)
        at java.lang.Thread.run(Thread.java:750)
"IPC Server handler 25 on default port 15009" daemon prio=5 tid=496 timed_waiting
java.lang.Thread.State: TIMED_WAITING
        at sun.misc.Unsafe.park(Native Method)
        at java.util.concurrent.locks.LockSupport.parkNanos(LockSupport.java:215)
        at java.util.concurrent.locks.AbstractQueuedSynchronizer$ConditionObject.awaitNanos(AbstractQueuedSynchronizer.java:2078)
        at java.util.concurrent.LinkedBlockingQueue.poll(LinkedBlockingQueue.java:467)
        at org.apache.hadoop.ipc.CallQueueManager.take(CallQueueManager.java:317)
        at org.apache.hadoop.ipc.Server$Handler.run(Server.java:3014)
"JvmPauseMonitor0" daemon prio=5 tid=355 timed_waiting
java.lang.Thread.State: TIMED_WAITING
        at java.lang.Thread.sleep(Native Method)
        at java.lang.Thread.sleep(Thread.java:342)
        at java.util.concurrent.TimeUnit.sleep(TimeUnit.java:386)
        at org.apache.ratis.util.TimeDuration.sleep(TimeDuration.java:353)
        at org.apache.ratis.util.TimeDuration.sleep(TimeDuration.java:338)
        at org.apache.ratis.util.JvmPauseMonitor.detectPause(JvmPauseMonitor.java:160)
        at org.apache.ratis.util.JvmPauseMonitor.run(JvmPauseMonitor.java:149)
        at org.apache.ratis.util.JvmPauseMonitor$$Lambda$554/742131199.run(Unknown Source)
        at java.lang.Thread.run(Thread.java:750)
"IPC Server handler 39 on default port 15001" daemon prio=5 tid=192 timed_waiting
java.lang.Thread.State: TIMED_WAITING
        at sun.misc.Unsafe.park(Native Method)
        at java.util.concurrent.locks.LockSupport.parkNanos(LockSupport.java:215)
        at java.util.concurrent.locks.AbstractQueuedSynchronizer$ConditionObject.awaitNanos(AbstractQueuedSynchronizer.java:2078)
        at java.util.concurrent.LinkedBlockingQueue.poll(LinkedBlockingQueue.java:467)
        at org.apache.hadoop.ipc.CallQueueManager.take(CallQueueManager.java:317)
        at org.apache.hadoop.ipc.Server$Handler.run(Server.java:3014)
"IPC Server handler 36 on default port 15009" daemon prio=5 tid=507 timed_waiting
java.lang.Thread.State: TIMED_WAITING
        at sun.misc.Unsafe.park(Native Method)
        at java.util.concurrent.locks.LockSupport.parkNanos(LockSupport.java:215)
        at java.util.concurrent.locks.AbstractQueuedSynchronizer$ConditionObject.awaitNanos(AbstractQueuedSynchronizer.java:2078)
        at java.util.concurrent.LinkedBlockingQueue.poll(LinkedBlockingQueue.java:467)
        at org.apache.hadoop.ipc.CallQueueManager.take(CallQueueManager.java:317)
        at org.apache.hadoop.ipc.Server$Handler.run(Server.java:3014)
"9bdc6c20-c7c2-4cc7-a4be-d4fe59586f4c-NettyServerStreamRpc-bossGroup--thread1"  prio=5 tid=663 runnable
java.lang.Thread.State: RUNNABLE
        at org.apache.ratis.thirdparty.io.netty.channel.epoll.Native.epollWait(Native Method)
        at org.apache.ratis.thirdparty.io.netty.channel.epoll.Native.epollWait(Native.java:209)
        at org.apache.ratis.thirdparty.io.netty.channel.epoll.Native.epollWait(Native.java:202)
        at org.apache.ratis.thirdparty.io.netty.channel.epoll.EpollEventLoop.epollWaitNoTimerChange(EpollEventLoop.java:316)
        at org.apache.ratis.thirdparty.io.netty.channel.epoll.EpollEventLoop.run(EpollEventLoop.java:373)
        at org.apache.ratis.thirdparty.io.netty.util.concurrent.SingleThreadEventExecutor$4.run(SingleThreadEventExecutor.java:997)
        at org.apache.ratis.thirdparty.io.netty.util.internal.ThreadExecutorMap$2.run(ThreadExecutorMap.java:74)
        at java.lang.Thread.run(Thread.java:750)
"EventQueue-StartAdminOnNodeForStartDatanodeAdminHandler" daemon prio=5 tid=1051 in Object.wait()
java.lang.Thread.State: WAITING (on object monitor)
        at sun.misc.Unsafe.park(Native Method)
        at java.util.concurrent.locks.LockSupport.park(LockSupport.java:175)
        at java.util.concurrent.locks.AbstractQueuedSynchronizer$ConditionObject.await(AbstractQueuedSynchronizer.java:2039)
        at java.util.concurrent.LinkedBlockingQueue.take(LinkedBlockingQueue.java:442)
        at java.util.concurrent.ThreadPoolExecutor.getTask(ThreadPoolExecutor.java:1074)
        at java.util.concurrent.ThreadPoolExecutor.runWorker(ThreadPoolExecutor.java:1134)
        at java.util.concurrent.ThreadPoolExecutor$Worker.run(ThreadPoolExecutor.java:624)
        at java.lang.Thread.run(Thread.java:750)
"dc82d807-438e-4f31-a873-936b5ae41996-CloseContainerThread-0"  prio=5 tid=1060 in Object.wait()
java.lang.Thread.State: WAITING (on object monitor)
        at sun.misc.Unsafe.park(Native Method)
        at java.util.concurrent.locks.LockSupport.park(LockSupport.java:175)
        at java.util.concurrent.locks.AbstractQueuedSynchronizer$ConditionObject.await(AbstractQueuedSynchronizer.java:2039)
        at java.util.concurrent.LinkedBlockingQueue.take(LinkedBlockingQueue.java:442)
        at java.util.concurrent.ThreadPoolExecutor.getTask(ThreadPoolExecutor.java:1074)
        at java.util.concurrent.ThreadPoolExecutor.runWorker(ThreadPoolExecutor.java:1134)
        at java.util.concurrent.ThreadPoolExecutor$Worker.run(ThreadPoolExecutor.java:624)
        at java.lang.Thread.run(Thread.java:750)
"IPC Server handler 80 on default port 15001" daemon prio=5 tid=233 timed_waiting
java.lang.Thread.State: TIMED_WAITING
        at sun.misc.Unsafe.park(Native Method)
        at java.util.concurrent.locks.LockSupport.parkNanos(LockSupport.java:215)
        at java.util.concurrent.locks.AbstractQueuedSynchronizer$ConditionObject.awaitNanos(AbstractQueuedSynchronizer.java:2078)
        at java.util.concurrent.LinkedBlockingQueue.poll(LinkedBlockingQueue.java:467)
        at org.apache.hadoop.ipc.CallQueueManager.take(CallQueueManager.java:317)
        at org.apache.hadoop.ipc.Server$Handler.run(Server.java:3014)
"ContainerSizeCountTask" daemon prio=5 tid=571 timed_waiting
java.lang.Thread.State: TIMED_WAITING
        at java.lang.Object.wait(Native Method)
        at org.apache.hadoop.ozone.recon.tasks.ContainerSizeCountTask.run(ContainerSizeCountTask.java:94)
        at org.apache.hadoop.ozone.recon.scm.ReconScmTask$$Lambda$1300/397379011.run(Unknown Source)
        at java.lang.Thread.run(Thread.java:750)
"EventQueue-NodeReportForNodeReportHandler" daemon prio=5 tid=828 in Object.wait()
java.lang.Thread.State: WAITING (on object monitor)
        at sun.misc.Unsafe.park(Native Method)
        at java.util.concurrent.locks.LockSupport.park(LockSupport.java:175)
        at java.util.concurrent.locks.AbstractQueuedSynchronizer$ConditionObject.await(AbstractQueuedSynchronizer.java:2039)
        at java.util.concurrent.LinkedBlockingQueue.take(LinkedBlockingQueue.java:442)
        at java.util.concurrent.ThreadPoolExecutor.getTask(ThreadPoolExecutor.java:1074)
        at java.util.concurrent.ThreadPoolExecutor.runWorker(ThreadPoolExecutor.java:1134)
        at java.util.concurrent.ThreadPoolExecutor$Worker.run(ThreadPoolExecutor.java:624)
        at java.lang.Thread.run(Thread.java:750)
"ContainerMetadataScanner" daemon prio=5 tid=748 timed_waiting
java.lang.Thread.State: TIMED_WAITING
        at java.lang.Thread.sleep(Native Method)
        at org.apache.hadoop.ozone.container.ozoneimpl.AbstractBackgroundContainerScanner.handleRemainingSleep(AbstractBackgroundContainerScanner.java:131)
        at org.apache.hadoop.ozone.container.ozoneimpl.AbstractBackgroundContainerScanner.runIteration(AbstractBackgroundContainerScanner.java:98)
        at org.apache.hadoop.ozone.container.ozoneimpl.AbstractBackgroundContainerScanner.run(AbstractBackgroundContainerScanner.java:57)
"IPC Server handler 12 on default port 15004" daemon prio=5 tid=426 timed_waiting
java.lang.Thread.State: TIMED_WAITING
        at sun.misc.Unsafe.park(Native Method)
        at java.util.concurrent.locks.LockSupport.parkNanos(LockSupport.java:215)
        at java.util.concurrent.locks.AbstractQueuedSynchronizer$ConditionObject.awaitNanos(AbstractQueuedSynchronizer.java:2078)
        at java.util.concurrent.LinkedBlockingQueue.poll(LinkedBlockingQueue.java:467)
        at org.apache.hadoop.ipc.CallQueueManager.take(CallQueueManager.java:317)
        at org.apache.hadoop.ipc.Server$Handler.run(Server.java:3014)
"7b630919-9d6b-42e9-b08a-8409ae097dea-CloseContainerThread-0"  prio=5 tid=1058 in Object.wait()
java.lang.Thread.State: WAITING (on object monitor)
        at sun.misc.Unsafe.park(Native Method)
        at java.util.concurrent.locks.LockSupport.park(LockSupport.java:175)
        at java.util.concurrent.locks.AbstractQueuedSynchronizer$ConditionObject.await(AbstractQueuedSynchronizer.java:2039)
        at java.util.concurrent.LinkedBlockingQueue.take(LinkedBlockingQueue.java:442)
        at java.util.concurrent.ThreadPoolExecutor.getTask(ThreadPoolExecutor.java:1074)
        at java.util.concurrent.ThreadPoolExecutor.runWorker(ThreadPoolExecutor.java:1134)
        at java.util.concurrent.ThreadPoolExecutor$Worker.run(ThreadPoolExecutor.java:624)
        at java.lang.Thread.run(Thread.java:750)
"IPC Server handler 12 on default port 15001" daemon prio=5 tid=165 timed_waiting
java.lang.Thread.State: TIMED_WAITING
        at sun.misc.Unsafe.park(Native Method)
        at java.util.concurrent.locks.LockSupport.parkNanos(LockSupport.java:215)
        at java.util.concurrent.locks.AbstractQueuedSynchronizer$ConditionObject.awaitNanos(AbstractQueuedSynchronizer.java:2078)
        at java.util.concurrent.LinkedBlockingQueue.poll(LinkedBlockingQueue.java:467)
        at org.apache.hadoop.ipc.CallQueueManager.take(CallQueueManager.java:317)
        at org.apache.hadoop.ipc.Server$Handler.run(Server.java:3014)
"qtp1618613611-699" daemon prio=5 tid=699 timed_waiting
java.lang.Thread.State: TIMED_WAITING
        at sun.misc.Unsafe.park(Native Method)
        at java.util.concurrent.locks.LockSupport.parkNanos(LockSupport.java:215)
        at java.util.concurrent.locks.AbstractQueuedSynchronizer$ConditionObject.awaitNanos(AbstractQueuedSynchronizer.java:2078)
        at org.eclipse.jetty.util.BlockingArrayQueue.poll(BlockingArrayQueue.java:382)
        at org.eclipse.jetty.util.thread.QueuedThreadPool$Runner.idleJobPoll(QueuedThreadPool.java:974)
        at org.eclipse.jetty.util.thread.QueuedThreadPool$Runner.run(QueuedThreadPool.java:1018)
        at java.lang.Thread.run(Thread.java:750)
"7b630919-9d6b-42e9-b08a-8409ae097dea-DatanodeStateMachineTaskThread-0"  prio=5 tid=661 in Object.wait()
java.lang.Thread.State: WAITING (on object monitor)
        at sun.misc.Unsafe.park(Native Method)
        at java.util.concurrent.locks.LockSupport.park(LockSupport.java:175)
        at java.util.concurrent.locks.AbstractQueuedSynchronizer$ConditionObject.await(AbstractQueuedSynchronizer.java:2039)
        at java.util.concurrent.LinkedBlockingQueue.take(LinkedBlockingQueue.java:442)
        at java.util.concurrent.ThreadPoolExecutor.getTask(ThreadPoolExecutor.java:1074)
        at java.util.concurrent.ThreadPoolExecutor.runWorker(ThreadPoolExecutor.java:1134)
        at java.util.concurrent.ThreadPoolExecutor$Worker.run(ThreadPoolExecutor.java:624)
        at java.lang.Thread.run(Thread.java:750)
"12adf753-b9bf-4e27-afc1-d809141df6d3-CloseContainerThread-2"  prio=5 tid=1065 in Object.wait()
java.lang.Thread.State: WAITING (on object monitor)
        at sun.misc.Unsafe.park(Native Method)
        at java.util.concurrent.locks.LockSupport.park(LockSupport.java:175)
        at java.util.concurrent.locks.AbstractQueuedSynchronizer$ConditionObject.await(AbstractQueuedSynchronizer.java:2039)
        at java.util.concurrent.LinkedBlockingQueue.take(LinkedBlockingQueue.java:442)
        at java.util.concurrent.ThreadPoolExecutor.getTask(ThreadPoolExecutor.java:1074)
        at java.util.concurrent.ThreadPoolExecutor.runWorker(ThreadPoolExecutor.java:1134)
        at java.util.concurrent.ThreadPoolExecutor$Worker.run(ThreadPoolExecutor.java:624)
        at java.lang.Thread.run(Thread.java:750)
"7b630919-9d6b-42e9-b08a-8409ae097dea-ChunkReader-ELG-0" daemon prio=5 tid=774 runnable
java.lang.Thread.State: RUNNABLE
        at org.apache.ratis.thirdparty.io.netty.channel.epoll.Native.epollWait(Native Method)
        at org.apache.ratis.thirdparty.io.netty.channel.epoll.Native.epollWait(Native.java:209)
        at org.apache.ratis.thirdparty.io.netty.channel.epoll.Native.epollWait(Native.java:202)
        at org.apache.ratis.thirdparty.io.netty.channel.epoll.EpollEventLoop.epollWaitNoTimerChange(EpollEventLoop.java:316)
        at org.apache.ratis.thirdparty.io.netty.channel.epoll.EpollEventLoop.run(EpollEventLoop.java:373)
        at org.apache.ratis.thirdparty.io.netty.util.concurrent.SingleThreadEventExecutor$4.run(SingleThreadEventExecutor.java:997)
        at org.apache.ratis.thirdparty.io.netty.util.internal.ThreadExecutorMap$2.run(ThreadExecutorMap.java:74)
        at java.lang.Thread.run(Thread.java:750)
"20ed7fe7-4274-4f1a-9498-93c5abf09f1c-PeriodicHDDSVolumeChecker" daemon prio=5 tid=802 timed_waiting
java.lang.Thread.State: TIMED_WAITING
        at sun.misc.Unsafe.park(Native Method)
        at java.util.concurrent.locks.LockSupport.parkNanos(LockSupport.java:215)
        at java.util.concurrent.locks.AbstractQueuedSynchronizer$ConditionObject.awaitNanos(AbstractQueuedSynchronizer.java:2078)
        at java.util.concurrent.ScheduledThreadPoolExecutor$DelayedWorkQueue.take(ScheduledThreadPoolExecutor.java:1093)
        at java.util.concurrent.ScheduledThreadPoolExecutor$DelayedWorkQueue.take(ScheduledThreadPoolExecutor.java:809)
        at java.util.concurrent.ThreadPoolExecutor.getTask(ThreadPoolExecutor.java:1074)
        at java.util.concurrent.ThreadPoolExecutor.runWorker(ThreadPoolExecutor.java:1134)
        at java.util.concurrent.ThreadPoolExecutor$Worker.run(ThreadPoolExecutor.java:624)
        at java.lang.Thread.run(Thread.java:750)
"IPC Server handler 82 on default port 15009" daemon prio=5 tid=553 timed_waiting
java.lang.Thread.State: TIMED_WAITING
        at sun.misc.Unsafe.park(Native Method)
        at java.util.concurrent.locks.LockSupport.parkNanos(LockSupport.java:215)
        at java.util.concurrent.locks.AbstractQueuedSynchronizer$ConditionObject.awaitNanos(AbstractQueuedSynchronizer.java:2078)
        at java.util.concurrent.LinkedBlockingQueue.poll(LinkedBlockingQueue.java:467)
        at org.apache.hadoop.ipc.CallQueueManager.take(CallQueueManager.java:317)
        at org.apache.hadoop.ipc.Server$Handler.run(Server.java:3014)
"StaleRecoveringContainerScrubbingService#1" daemon prio=5 tid=816 timed_waiting
java.lang.Thread.State: TIMED_WAITING
        at sun.misc.Unsafe.park(Native Method)
        at java.util.concurrent.locks.LockSupport.parkNanos(LockSupport.java:215)
        at java.util.concurrent.locks.AbstractQueuedSynchronizer$ConditionObject.awaitNanos(AbstractQueuedSynchronizer.java:2078)
        at java.util.concurrent.ScheduledThreadPoolExecutor$DelayedWorkQueue.take(ScheduledThreadPoolExecutor.java:1093)
        at java.util.concurrent.ScheduledThreadPoolExecutor$DelayedWorkQueue.take(ScheduledThreadPoolExecutor.java:809)
        at java.util.concurrent.ThreadPoolExecutor.getTask(ThreadPoolExecutor.java:1074)
        at java.util.concurrent.ThreadPoolExecutor.runWorker(ThreadPoolExecutor.java:1134)
        at java.util.concurrent.ThreadPoolExecutor$Worker.run(ThreadPoolExecutor.java:624)
        at java.lang.Thread.run(Thread.java:750)
"12adf753-b9bf-4e27-afc1-d809141df6d3-CloseContainerThread-0"  prio=5 tid=1054 in Object.wait()
java.lang.Thread.State: WAITING (on object monitor)
        at sun.misc.Unsafe.park(Native Method)
        at java.util.concurrent.locks.LockSupport.park(LockSupport.java:175)
        at java.util.concurrent.locks.AbstractQueuedSynchronizer$ConditionObject.await(AbstractQueuedSynchronizer.java:2039)
        at java.util.concurrent.LinkedBlockingQueue.take(LinkedBlockingQueue.java:442)
        at java.util.concurrent.ThreadPoolExecutor.getTask(ThreadPoolExecutor.java:1074)
        at java.util.concurrent.ThreadPoolExecutor.runWorker(ThreadPoolExecutor.java:1134)
        at java.util.concurrent.ThreadPoolExecutor$Worker.run(ThreadPoolExecutor.java:624)
        at java.lang.Thread.run(Thread.java:750)
"IPC Server handler 14 on default port 15001" daemon prio=5 tid=167 timed_waiting
java.lang.Thread.State: TIMED_WAITING
        at sun.misc.Unsafe.park(Native Method)
        at java.util.concurrent.locks.LockSupport.parkNanos(LockSupport.java:215)
        at java.util.concurrent.locks.AbstractQueuedSynchronizer$ConditionObject.awaitNanos(AbstractQueuedSynchronizer.java:2078)
        at java.util.concurrent.LinkedBlockingQueue.poll(LinkedBlockingQueue.java:467)
        at org.apache.hadoop.ipc.CallQueueManager.take(CallQueueManager.java:317)
        at org.apache.hadoop.ipc.Server$Handler.run(Server.java:3014)
"grpc-default-worker-ELG-3-4" daemon prio=5 tid=863 runnable
java.lang.Thread.State: RUNNABLE
        at org.apache.ratis.thirdparty.io.netty.channel.epoll.Native.epollWait0(Native Method)
        at org.apache.ratis.thirdparty.io.netty.channel.epoll.Native.epollWait(Native.java:182)
        at org.apache.ratis.thirdparty.io.netty.channel.epoll.EpollEventLoop.epollWait(EpollEventLoop.java:312)
        at org.apache.ratis.thirdparty.io.netty.channel.epoll.EpollEventLoop.run(EpollEventLoop.java:376)
        at org.apache.ratis.thirdparty.io.netty.util.concurrent.SingleThreadEventExecutor$4.run(SingleThreadEventExecutor.java:997)
        at org.apache.ratis.thirdparty.io.netty.util.internal.ThreadExecutorMap$2.run(ThreadExecutorMap.java:74)
        at org.apache.ratis.thirdparty.io.netty.util.concurrent.FastThreadLocalRunnable.run(FastThreadLocalRunnable.java:30)
        at java.lang.Thread.run(Thread.java:750)
"IPC Server handler 7 on default port 15001" daemon prio=5 tid=160 timed_waiting
java.lang.Thread.State: TIMED_WAITING
        at sun.misc.Unsafe.park(Native Method)
        at java.util.concurrent.locks.LockSupport.parkNanos(LockSupport.java:215)
        at java.util.concurrent.locks.AbstractQueuedSynchronizer$ConditionObject.awaitNanos(AbstractQueuedSynchronizer.java:2078)
        at java.util.concurrent.LinkedBlockingQueue.poll(LinkedBlockingQueue.java:467)
        at org.apache.hadoop.ipc.CallQueueManager.take(CallQueueManager.java:317)
        at org.apache.hadoop.ipc.Server$Handler.run(Server.java:3014)
"IPC Server handler 66 on default port 15000" daemon prio=5 tid=119 timed_waiting
java.lang.Thread.State: TIMED_WAITING
        at sun.misc.Unsafe.park(Native Method)
        at java.util.concurrent.locks.LockSupport.parkNanos(LockSupport.java:215)
        at java.util.concurrent.locks.AbstractQueuedSynchronizer$ConditionObject.awaitNanos(AbstractQueuedSynchronizer.java:2078)
        at java.util.concurrent.LinkedBlockingQueue.poll(LinkedBlockingQueue.java:467)
        at org.apache.hadoop.ipc.CallQueueManager.take(CallQueueManager.java:317)
        at org.apache.hadoop.ipc.Server$Handler.run(Server.java:3014)
"IPC Server handler 36 on default port 15002" daemon prio=5 tid=289 timed_waiting
java.lang.Thread.State: TIMED_WAITING
        at sun.misc.Unsafe.park(Native Method)
        at java.util.concurrent.locks.LockSupport.parkNanos(LockSupport.java:215)
        at java.util.concurrent.locks.AbstractQueuedSynchronizer$ConditionObject.awaitNanos(AbstractQueuedSynchronizer.java:2078)
        at java.util.concurrent.LinkedBlockingQueue.poll(LinkedBlockingQueue.java:467)
        at org.apache.hadoop.ipc.CallQueueManager.take(CallQueueManager.java:317)
        at org.apache.hadoop.ipc.Server$Handler.run(Server.java:3014)
"IPC Server handler 41 on default port 15000" daemon prio=5 tid=94 timed_waiting
java.lang.Thread.State: TIMED_WAITING
        at sun.misc.Unsafe.park(Native Method)
        at java.util.concurrent.locks.LockSupport.parkNanos(LockSupport.java:215)
        at java.util.concurrent.locks.AbstractQueuedSynchronizer$ConditionObject.awaitNanos(AbstractQueuedSynchronizer.java:2078)
        at java.util.concurrent.LinkedBlockingQueue.poll(LinkedBlockingQueue.java:467)
        at org.apache.hadoop.ipc.CallQueueManager.take(CallQueueManager.java:317)
        at org.apache.hadoop.ipc.Server$Handler.run(Server.java:3014)
"7b630919-9d6b-42e9-b08a-8409ae097dea-ChunkWriter-1-0" daemon prio=5 tid=770 in Object.wait()
java.lang.Thread.State: WAITING (on object monitor)
        at sun.misc.Unsafe.park(Native Method)
        at java.util.concurrent.locks.LockSupport.park(LockSupport.java:175)
        at java.util.concurrent.locks.AbstractQueuedSynchronizer$ConditionObject.await(AbstractQueuedSynchronizer.java:2039)
        at java.util.concurrent.LinkedBlockingDeque.takeFirst(LinkedBlockingDeque.java:492)
        at java.util.concurrent.LinkedBlockingDeque.take(LinkedBlockingDeque.java:680)
        at java.util.concurrent.ThreadPoolExecutor.getTask(ThreadPoolExecutor.java:1074)
        at java.util.concurrent.ThreadPoolExecutor.runWorker(ThreadPoolExecutor.java:1134)
        at java.util.concurrent.ThreadPoolExecutor$Worker.run(ThreadPoolExecutor.java:624)
        at java.lang.Thread.run(Thread.java:750)
"qtp1249016169-614" daemon prio=5 tid=614 timed_waiting
java.lang.Thread.State: TIMED_WAITING
        at sun.misc.Unsafe.park(Native Method)
        at java.util.concurrent.locks.LockSupport.parkNanos(LockSupport.java:215)
        at java.util.concurrent.locks.AbstractQueuedSynchronizer$ConditionObject.awaitNanos(AbstractQueuedSynchronizer.java:2078)
        at org.eclipse.jetty.util.BlockingArrayQueue.poll(BlockingArrayQueue.java:382)
        at org.eclipse.jetty.util.thread.QueuedThreadPool$Runner.idleJobPoll(QueuedThreadPool.java:974)
        at org.eclipse.jetty.util.thread.QueuedThreadPool$Runner.run(QueuedThreadPool.java:1018)
        at java.lang.Thread.run(Thread.java:750)
"IPC Server handler 45 on default port 15009" daemon prio=5 tid=516 timed_waiting
java.lang.Thread.State: TIMED_WAITING
        at sun.misc.Unsafe.park(Native Method)
        at java.util.concurrent.locks.LockSupport.parkNanos(LockSupport.java:215)
        at java.util.concurrent.locks.AbstractQueuedSynchronizer$ConditionObject.awaitNanos(AbstractQueuedSynchronizer.java:2078)
        at java.util.concurrent.LinkedBlockingQueue.poll(LinkedBlockingQueue.java:467)
        at org.apache.hadoop.ipc.CallQueueManager.take(CallQueueManager.java:317)
        at org.apache.hadoop.ipc.Server$Handler.run(Server.java:3014)
"IPC Server handler 11 on default port 15004" daemon prio=5 tid=425 timed_waiting
java.lang.Thread.State: TIMED_WAITING
        at sun.misc.Unsafe.park(Native Method)
        at java.util.concurrent.locks.LockSupport.parkNanos(LockSupport.java:215)
        at java.util.concurrent.locks.AbstractQueuedSynchronizer$ConditionObject.awaitNanos(AbstractQueuedSynchronizer.java:2078)
        at java.util.concurrent.LinkedBlockingQueue.poll(LinkedBlockingQueue.java:467)
        at org.apache.hadoop.ipc.CallQueueManager.take(CallQueueManager.java:317)
        at org.apache.hadoop.ipc.Server$Handler.run(Server.java:3014)
"Hadoop-Metrics-Updater-0" daemon prio=5 tid=36 timed_waiting
java.lang.Thread.State: TIMED_WAITING
        at sun.misc.Unsafe.park(Native Method)
        at java.util.concurrent.locks.LockSupport.parkNanos(LockSupport.java:215)
        at java.util.concurrent.locks.AbstractQueuedSynchronizer$ConditionObject.awaitNanos(AbstractQueuedSynchronizer.java:2078)
        at java.util.concurrent.ScheduledThreadPoolExecutor$DelayedWorkQueue.take(ScheduledThreadPoolExecutor.java:1093)
        at java.util.concurrent.ScheduledThreadPoolExecutor$DelayedWorkQueue.take(ScheduledThreadPoolExecutor.java:809)
        at java.util.concurrent.ThreadPoolExecutor.getTask(ThreadPoolExecutor.java:1074)
        at java.util.concurrent.ThreadPoolExecutor.runWorker(ThreadPoolExecutor.java:1134)
        at java.util.concurrent.ThreadPoolExecutor$Worker.run(ThreadPoolExecutor.java:624)
        at java.lang.Thread.run(Thread.java:750)
"9bdc6c20-c7c2-4cc7-a4be-d4fe59586f4c-BlockDeletingService#1" daemon prio=5 tid=797 timed_waiting
java.lang.Thread.State: TIMED_WAITING
        at sun.misc.Unsafe.park(Native Method)
        at java.util.concurrent.locks.LockSupport.parkNanos(LockSupport.java:215)
        at java.util.concurrent.locks.AbstractQueuedSynchronizer$ConditionObject.awaitNanos(AbstractQueuedSynchronizer.java:2078)
        at java.util.concurrent.ScheduledThreadPoolExecutor$DelayedWorkQueue.take(ScheduledThreadPoolExecutor.java:1093)
        at java.util.concurrent.ScheduledThreadPoolExecutor$DelayedWorkQueue.take(ScheduledThreadPoolExecutor.java:809)
        at java.util.concurrent.ThreadPoolExecutor.getTask(ThreadPoolExecutor.java:1074)
        at java.util.concurrent.ThreadPoolExecutor.runWorker(ThreadPoolExecutor.java:1134)
        at java.util.concurrent.ThreadPoolExecutor$Worker.run(ThreadPoolExecutor.java:624)
        at java.lang.Thread.run(Thread.java:750)
"pool-168-thread-1"  prio=5 tid=638 timed_waiting
java.lang.Thread.State: TIMED_WAITING
        at sun.misc.Unsafe.park(Native Method)
        at java.util.concurrent.locks.LockSupport.parkNanos(LockSupport.java:215)
        at java.util.concurrent.locks.AbstractQueuedSynchronizer$ConditionObject.awaitNanos(AbstractQueuedSynchronizer.java:2078)
        at java.util.concurrent.ScheduledThreadPoolExecutor$DelayedWorkQueue.take(ScheduledThreadPoolExecutor.java:1093)
        at java.util.concurrent.ScheduledThreadPoolExecutor$DelayedWorkQueue.take(ScheduledThreadPoolExecutor.java:809)
        at java.util.concurrent.ThreadPoolExecutor.getTask(ThreadPoolExecutor.java:1074)
        at java.util.concurrent.ThreadPoolExecutor.runWorker(ThreadPoolExecutor.java:1134)
        at java.util.concurrent.ThreadPoolExecutor$Worker.run(ThreadPoolExecutor.java:624)
        at java.lang.Thread.run(Thread.java:750)
"qtp1918537167-461" daemon prio=5 tid=461 timed_waiting
java.lang.Thread.State: TIMED_WAITING
        at sun.misc.Unsafe.park(Native Method)
        at java.util.concurrent.locks.LockSupport.parkNanos(LockSupport.java:215)
        at java.util.concurrent.locks.AbstractQueuedSynchronizer$ConditionObject.awaitNanos(AbstractQueuedSynchronizer.java:2078)
        at org.eclipse.jetty.util.BlockingArrayQueue.poll(BlockingArrayQueue.java:382)
        at org.eclipse.jetty.util.thread.QueuedThreadPool$Runner.idleJobPoll(QueuedThreadPool.java:974)
        at org.eclipse.jetty.util.thread.QueuedThreadPool$Runner.run(QueuedThreadPool.java:1018)
        at java.lang.Thread.run(Thread.java:750)
"20ed7fe7-4274-4f1a-9498-93c5abf09f1c@group-B9059805C83C-LeaderStateImpl" daemon prio=5 tid=933 timed_waiting
java.lang.Thread.State: TIMED_WAITING
        at sun.misc.Unsafe.park(Native Method)
        at java.util.concurrent.locks.LockSupport.parkNanos(LockSupport.java:215)
        at java.util.concurrent.locks.AbstractQueuedSynchronizer$ConditionObject.awaitNanos(AbstractQueuedSynchronizer.java:2078)
        at java.util.concurrent.ArrayBlockingQueue.poll(ArrayBlockingQueue.java:418)
        at org.apache.ratis.server.impl.LeaderStateImpl$EventQueue.poll(LeaderStateImpl.java:164)
        at org.apache.ratis.server.impl.LeaderStateImpl$EventProcessor.run(LeaderStateImpl.java:762)
"grpc-default-executor-5" daemon prio=5 tid=1073 timed_waiting
java.lang.Thread.State: TIMED_WAITING
        at sun.misc.Unsafe.park(Native Method)
        at java.util.concurrent.locks.LockSupport.parkNanos(LockSupport.java:215)
        at java.util.concurrent.SynchronousQueue$TransferStack.awaitFulfill(SynchronousQueue.java:460)
        at java.util.concurrent.SynchronousQueue$TransferStack.transfer(SynchronousQueue.java:362)
        at java.util.concurrent.SynchronousQueue.poll(SynchronousQueue.java:941)
        at java.util.concurrent.ThreadPoolExecutor.getTask(ThreadPoolExecutor.java:1073)
        at java.util.concurrent.ThreadPoolExecutor.runWorker(ThreadPoolExecutor.java:1134)
        at java.util.concurrent.ThreadPoolExecutor$Worker.run(ThreadPoolExecutor.java:624)
        at java.lang.Thread.run(Thread.java:750)
"pool-33-thread-1"  prio=5 tid=1053 timed_waiting
java.lang.Thread.State: TIMED_WAITING
        at sun.misc.Unsafe.park(Native Method)
        at java.util.concurrent.locks.LockSupport.parkNanos(LockSupport.java:215)
        at java.util.concurrent.SynchronousQueue$TransferStack.awaitFulfill(SynchronousQueue.java:460)
        at java.util.concurrent.SynchronousQueue$TransferStack.transfer(SynchronousQueue.java:362)
        at java.util.concurrent.SynchronousQueue.poll(SynchronousQueue.java:941)
        at java.util.concurrent.ThreadPoolExecutor.getTask(ThreadPoolExecutor.java:1073)
        at java.util.concurrent.ThreadPoolExecutor.runWorker(ThreadPoolExecutor.java:1134)
        at java.util.concurrent.ThreadPoolExecutor$Worker.run(ThreadPoolExecutor.java:624)
        at java.lang.Thread.run(Thread.java:750)
"IPC Server handler 78 on default port 15000" daemon prio=5 tid=131 timed_waiting
java.lang.Thread.State: TIMED_WAITING
        at sun.misc.Unsafe.park(Native Method)
        at java.util.concurrent.locks.LockSupport.parkNanos(LockSupport.java:215)
        at java.util.concurrent.locks.AbstractQueuedSynchronizer$ConditionObject.awaitNanos(AbstractQueuedSynchronizer.java:2078)
        at java.util.concurrent.LinkedBlockingQueue.poll(LinkedBlockingQueue.java:467)
        at org.apache.hadoop.ipc.CallQueueManager.take(CallQueueManager.java:317)
        at org.apache.hadoop.ipc.Server$Handler.run(Server.java:3014)
"Hadoop-Metrics-Updater-0" daemon prio=5 tid=31 timed_waiting
java.lang.Thread.State: TIMED_WAITING
        at sun.misc.Unsafe.park(Native Method)
        at java.util.concurrent.locks.LockSupport.parkNanos(LockSupport.java:215)
        at java.util.concurrent.locks.AbstractQueuedSynchronizer$ConditionObject.awaitNanos(AbstractQueuedSynchronizer.java:2078)
        at java.util.concurrent.ScheduledThreadPoolExecutor$DelayedWorkQueue.take(ScheduledThreadPoolExecutor.java:1093)
        at java.util.concurrent.ScheduledThreadPoolExecutor$DelayedWorkQueue.take(ScheduledThreadPoolExecutor.java:809)
        at java.util.concurrent.ThreadPoolExecutor.getTask(ThreadPoolExecutor.java:1074)
        at java.util.concurrent.ThreadPoolExecutor.runWorker(ThreadPoolExecutor.java:1134)
        at java.util.concurrent.ThreadPoolExecutor$Worker.run(ThreadPoolExecutor.java:624)
        at java.lang.Thread.run(Thread.java:750)
"7b630919-9d6b-42e9-b08a-8409ae097dea-DatanodeReportManager-1" daemon prio=5 tid=656 in Object.wait()
java.lang.Thread.State: WAITING (on object monitor)
        at sun.misc.Unsafe.park(Native Method)
        at java.util.concurrent.locks.LockSupport.park(LockSupport.java:175)
        at java.util.concurrent.locks.AbstractQueuedSynchronizer$ConditionObject.await(AbstractQueuedSynchronizer.java:2039)
        at java.util.concurrent.ScheduledThreadPoolExecutor$DelayedWorkQueue.take(ScheduledThreadPoolExecutor.java:1088)
        at java.util.concurrent.ScheduledThreadPoolExecutor$DelayedWorkQueue.take(ScheduledThreadPoolExecutor.java:809)
        at java.util.concurrent.ThreadPoolExecutor.getTask(ThreadPoolExecutor.java:1074)
        at java.util.concurrent.ThreadPoolExecutor.runWorker(ThreadPoolExecutor.java:1134)
        at java.util.concurrent.ThreadPoolExecutor$Worker.run(ThreadPoolExecutor.java:624)
        at java.lang.Thread.run(Thread.java:750)
"20ed7fe7-4274-4f1a-9498-93c5abf09f1c-EndpointStateMachineTaskThread-/0.0.0.0:15002-0 "  prio=5 tid=799 in Object.wait()
java.lang.Thread.State: WAITING (on object monitor)
        at sun.misc.Unsafe.park(Native Method)
        at java.util.concurrent.locks.LockSupport.park(LockSupport.java:175)
        at java.util.concurrent.locks.AbstractQueuedSynchronizer$ConditionObject.await(AbstractQueuedSynchronizer.java:2039)
        at java.util.concurrent.LinkedBlockingQueue.take(LinkedBlockingQueue.java:442)
        at java.util.concurrent.ThreadPoolExecutor.getTask(ThreadPoolExecutor.java:1074)
        at java.util.concurrent.ThreadPoolExecutor.runWorker(ThreadPoolExecutor.java:1134)
        at java.util.concurrent.ThreadPoolExecutor$Worker.run(ThreadPoolExecutor.java:624)
        at java.lang.Thread.run(Thread.java:750)
"IPC Server handler 89 on default port 15001" daemon prio=5 tid=242 timed_waiting
java.lang.Thread.State: TIMED_WAITING
        at sun.misc.Unsafe.park(Native Method)
        at java.util.concurrent.locks.LockSupport.parkNanos(LockSupport.java:215)
        at java.util.concurrent.locks.AbstractQueuedSynchronizer$ConditionObject.awaitNanos(AbstractQueuedSynchronizer.java:2078)
        at java.util.concurrent.LinkedBlockingQueue.poll(LinkedBlockingQueue.java:467)
        at org.apache.hadoop.ipc.CallQueueManager.take(CallQueueManager.java:317)
        at org.apache.hadoop.ipc.Server$Handler.run(Server.java:3014)
"IPC Server handler 2 on default port 15004" daemon prio=5 tid=416 timed_waiting
java.lang.Thread.State: TIMED_WAITING
        at sun.misc.Unsafe.park(Native Method)
        at java.util.concurrent.locks.LockSupport.parkNanos(LockSupport.java:215)
        at java.util.concurrent.locks.AbstractQueuedSynchronizer$ConditionObject.awaitNanos(AbstractQueuedSynchronizer.java:2078)
        at java.util.concurrent.LinkedBlockingQueue.poll(LinkedBlockingQueue.java:467)
        at org.apache.hadoop.ipc.CallQueueManager.take(CallQueueManager.java:317)
        at org.apache.hadoop.ipc.Server$Handler.run(Server.java:3014)
"IPC Server handler 36 on default port 15001" daemon prio=5 tid=189 timed_waiting
java.lang.Thread.State: TIMED_WAITING
        at sun.misc.Unsafe.park(Native Method)
        at java.util.concurrent.locks.LockSupport.parkNanos(LockSupport.java:215)
        at java.util.concurrent.locks.AbstractQueuedSynchronizer$ConditionObject.awaitNanos(AbstractQueuedSynchronizer.java:2078)
        at java.util.concurrent.LinkedBlockingQueue.poll(LinkedBlockingQueue.java:467)
        at org.apache.hadoop.ipc.CallQueueManager.take(CallQueueManager.java:317)
        at org.apache.hadoop.ipc.Server$Handler.run(Server.java:3014)
"IPC Server handler 87 on default port 15001" daemon prio=5 tid=240 timed_waiting
java.lang.Thread.State: TIMED_WAITING
        at sun.misc.Unsafe.park(Native Method)
        at java.util.concurrent.locks.LockSupport.parkNanos(LockSupport.java:215)
        at java.util.concurrent.locks.AbstractQueuedSynchronizer$ConditionObject.awaitNanos(AbstractQueuedSynchronizer.java:2078)
        at java.util.concurrent.LinkedBlockingQueue.poll(LinkedBlockingQueue.java:467)
        at org.apache.hadoop.ipc.CallQueueManager.take(CallQueueManager.java:317)
        at org.apache.hadoop.ipc.Server$Handler.run(Server.java:3014)
"7b630919-9d6b-42e9-b08a-8409ae097dea-groupManagement"  prio=5 tid=853 in Object.wait()
java.lang.Thread.State: WAITING (on object monitor)
        at sun.misc.Unsafe.park(Native Method)
        at java.util.concurrent.locks.LockSupport.park(LockSupport.java:175)
        at java.util.concurrent.locks.AbstractQueuedSynchronizer$ConditionObject.await(AbstractQueuedSynchronizer.java:2039)
        at java.util.concurrent.LinkedBlockingQueue.take(LinkedBlockingQueue.java:442)
        at java.util.concurrent.ThreadPoolExecutor.getTask(ThreadPoolExecutor.java:1074)
        at java.util.concurrent.ThreadPoolExecutor.runWorker(ThreadPoolExecutor.java:1134)
        at java.util.concurrent.ThreadPoolExecutor$Worker.run(ThreadPoolExecutor.java:624)
        at java.lang.Thread.run(Thread.java:750)
"dc82d807-438e-4f31-a873-936b5ae41996-PeriodicHDDSVolumeChecker" daemon prio=5 tid=726 timed_waiting
java.lang.Thread.State: TIMED_WAITING
        at sun.misc.Unsafe.park(Native Method)
        at java.util.concurrent.locks.LockSupport.parkNanos(LockSupport.java:215)
        at java.util.concurrent.locks.AbstractQueuedSynchronizer$ConditionObject.awaitNanos(AbstractQueuedSynchronizer.java:2078)
        at java.util.concurrent.ScheduledThreadPoolExecutor$DelayedWorkQueue.take(ScheduledThreadPoolExecutor.java:1093)
        at java.util.concurrent.ScheduledThreadPoolExecutor$DelayedWorkQueue.take(ScheduledThreadPoolExecutor.java:809)
        at java.util.concurrent.ThreadPoolExecutor.getTask(ThreadPoolExecutor.java:1074)
        at java.util.concurrent.ThreadPoolExecutor.runWorker(ThreadPoolExecutor.java:1134)
        at java.util.concurrent.ThreadPoolExecutor$Worker.run(ThreadPoolExecutor.java:624)
        at java.lang.Thread.run(Thread.java:750)
"IPC Server handler 77 on default port 15009" daemon prio=5 tid=548 timed_waiting
java.lang.Thread.State: TIMED_WAITING
        at sun.misc.Unsafe.park(Native Method)
        at java.util.concurrent.locks.LockSupport.parkNanos(LockSupport.java:215)
        at java.util.concurrent.locks.AbstractQueuedSynchronizer$ConditionObject.awaitNanos(AbstractQueuedSynchronizer.java:2078)
        at java.util.concurrent.LinkedBlockingQueue.poll(LinkedBlockingQueue.java:467)
        at org.apache.hadoop.ipc.CallQueueManager.take(CallQueueManager.java:317)
        at org.apache.hadoop.ipc.Server$Handler.run(Server.java:3014)
"qtp1918537167-464" daemon prio=5 tid=464 runnable
java.lang.Thread.State: RUNNABLE
        at sun.nio.ch.EPollArrayWrapper.epollWait(Native Method)
        at sun.nio.ch.EPollArrayWrapper.poll(EPollArrayWrapper.java:269)
        at sun.nio.ch.EPollSelectorImpl.doSelect(EPollSelectorImpl.java:93)
        at sun.nio.ch.SelectorImpl.lockAndDoSelect(SelectorImpl.java:86)
        at sun.nio.ch.SelectorImpl.select(SelectorImpl.java:97)
        at sun.nio.ch.SelectorImpl.select(SelectorImpl.java:101)
        at org.eclipse.jetty.io.ManagedSelector.nioSelect(ManagedSelector.java:183)
        at org.eclipse.jetty.io.ManagedSelector.select(ManagedSelector.java:190)
        at org.eclipse.jetty.io.ManagedSelector$SelectorProducer.select(ManagedSelector.java:606)
        at org.eclipse.jetty.io.ManagedSelector$SelectorProducer.produce(ManagedSelector.java:543)
        at org.eclipse.jetty.util.thread.strategy.EatWhatYouKill.produceTask(EatWhatYouKill.java:362)
        at org.eclipse.jetty.util.thread.strategy.EatWhatYouKill.doProduce(EatWhatYouKill.java:186)
        at org.eclipse.jetty.util.thread.strategy.EatWhatYouKill.tryProduce(EatWhatYouKill.java:173)
        at org.eclipse.jetty.util.thread.strategy.EatWhatYouKill.run(EatWhatYouKill.java:131)
        at org.eclipse.jetty.util.thread.ReservedThreadExecutor$ReservedThread.run(ReservedThreadExecutor.java:409)
        at org.eclipse.jetty.util.thread.QueuedThreadPool.runJob(QueuedThreadPool.java:883)
        at org.eclipse.jetty.util.thread.QueuedThreadPool$Runner.run(QueuedThreadPool.java:1034)
        at java.lang.Thread.run(Thread.java:750)
"IPC Server listener on 15012" daemon prio=5 tid=592 runnable
java.lang.Thread.State: RUNNABLE
        at sun.nio.ch.EPollArrayWrapper.epollWait(Native Method)
        at sun.nio.ch.EPollArrayWrapper.poll(EPollArrayWrapper.java:269)
        at sun.nio.ch.EPollSelectorImpl.doSelect(EPollSelectorImpl.java:93)
        at sun.nio.ch.SelectorImpl.lockAndDoSelect(SelectorImpl.java:86)
        at sun.nio.ch.SelectorImpl.select(SelectorImpl.java:97)
        at sun.nio.ch.SelectorImpl.select(SelectorImpl.java:101)
        at org.apache.hadoop.ipc.Server$Listener.run(Server.java:1408)
"IPC Server handler 6 on default port 15002" daemon prio=5 tid=259 timed_waiting
java.lang.Thread.State: TIMED_WAITING
        at sun.misc.Unsafe.park(Native Method)
        at java.util.concurrent.locks.LockSupport.parkNanos(LockSupport.java:215)
        at java.util.concurrent.locks.AbstractQueuedSynchronizer$ConditionObject.awaitNanos(AbstractQueuedSynchronizer.java:2078)
        at java.util.concurrent.LinkedBlockingQueue.poll(LinkedBlockingQueue.java:467)
        at org.apache.hadoop.ipc.CallQueueManager.take(CallQueueManager.java:317)
        at org.apache.hadoop.ipc.Server$Handler.run(Server.java:3014)
"qtp361221719-588" daemon prio=5 tid=588 timed_waiting
java.lang.Thread.State: TIMED_WAITING
        at sun.misc.Unsafe.park(Native Method)
        at java.util.concurrent.locks.LockSupport.parkNanos(LockSupport.java:215)
        at java.util.concurrent.locks.AbstractQueuedSynchronizer$ConditionObject.awaitNanos(AbstractQueuedSynchronizer.java:2078)
        at org.eclipse.jetty.util.BlockingArrayQueue.poll(BlockingArrayQueue.java:382)
        at org.eclipse.jetty.util.thread.QueuedThreadPool$Runner.idleJobPoll(QueuedThreadPool.java:974)
        at org.eclipse.jetty.util.thread.QueuedThreadPool$Runner.run(QueuedThreadPool.java:1018)
        at java.lang.Thread.run(Thread.java:750)
"IPC Server handler 45 on default port 15002" daemon prio=5 tid=298 timed_waiting
java.lang.Thread.State: TIMED_WAITING
        at sun.misc.Unsafe.park(Native Method)
        at java.util.concurrent.locks.LockSupport.parkNanos(LockSupport.java:215)
        at java.util.concurrent.locks.AbstractQueuedSynchronizer$ConditionObject.awaitNanos(AbstractQueuedSynchronizer.java:2078)
        at java.util.concurrent.LinkedBlockingQueue.poll(LinkedBlockingQueue.java:467)
        at org.apache.hadoop.ipc.CallQueueManager.take(CallQueueManager.java:317)
        at org.apache.hadoop.ipc.Server$Handler.run(Server.java:3014)
"IPC Server handler 28 on default port 15000" daemon prio=5 tid=81 timed_waiting
java.lang.Thread.State: TIMED_WAITING
        at sun.misc.Unsafe.park(Native Method)
        at java.util.concurrent.locks.LockSupport.parkNanos(LockSupport.java:215)
        at java.util.concurrent.locks.AbstractQueuedSynchronizer$ConditionObject.awaitNanos(AbstractQueuedSynchronizer.java:2078)
        at java.util.concurrent.LinkedBlockingQueue.poll(LinkedBlockingQueue.java:467)
        at org.apache.hadoop.ipc.CallQueueManager.take(CallQueueManager.java:317)
        at org.apache.hadoop.ipc.Server$Handler.run(Server.java:3014)
"IPC Server handler 75 on default port 15001" daemon prio=5 tid=228 timed_waiting
java.lang.Thread.State: TIMED_WAITING
        at sun.misc.Unsafe.park(Native Method)
        at java.util.concurrent.locks.LockSupport.parkNanos(LockSupport.java:215)
        at java.util.concurrent.locks.AbstractQueuedSynchronizer$ConditionObject.awaitNanos(AbstractQueuedSynchronizer.java:2078)
        at java.util.concurrent.LinkedBlockingQueue.poll(LinkedBlockingQueue.java:467)
        at org.apache.hadoop.ipc.CallQueueManager.take(CallQueueManager.java:317)
        at org.apache.hadoop.ipc.Server$Handler.run(Server.java:3014)
"timer7" daemon prio=5 tid=948 timed_waiting
java.lang.Thread.State: TIMED_WAITING
        at java.lang.Object.wait(Native Method)
        at java.util.TimerThread.mainLoop(Timer.java:552)
        at java.util.TimerThread.run(Timer.java:505)
"IPC Server handler 41 on default port 15009" daemon prio=5 tid=512 timed_waiting
java.lang.Thread.State: TIMED_WAITING
        at sun.misc.Unsafe.park(Native Method)
        at java.util.concurrent.locks.LockSupport.parkNanos(LockSupport.java:215)
        at java.util.concurrent.locks.AbstractQueuedSynchronizer$ConditionObject.awaitNanos(AbstractQueuedSynchronizer.java:2078)
        at java.util.concurrent.LinkedBlockingQueue.poll(LinkedBlockingQueue.java:467)
        at org.apache.hadoop.ipc.CallQueueManager.take(CallQueueManager.java:317)
        at org.apache.hadoop.ipc.Server$Handler.run(Server.java:3014)
"7b630919-9d6b-42e9-b08a-8409ae097dea-EndpointStateMachineTaskThread-/0.0.0.0:15009-0 "  prio=5 tid=762 in Object.wait()
java.lang.Thread.State: WAITING (on object monitor)
        at sun.misc.Unsafe.park(Native Method)
        at java.util.concurrent.locks.LockSupport.park(LockSupport.java:175)
        at java.util.concurrent.locks.AbstractQueuedSynchronizer$ConditionObject.await(AbstractQueuedSynchronizer.java:2039)
        at java.util.concurrent.LinkedBlockingQueue.take(LinkedBlockingQueue.java:442)
        at java.util.concurrent.ThreadPoolExecutor.getTask(ThreadPoolExecutor.java:1074)
        at java.util.concurrent.ThreadPoolExecutor.runWorker(ThreadPoolExecutor.java:1134)
        at java.util.concurrent.ThreadPoolExecutor$Worker.run(ThreadPoolExecutor.java:624)
        at java.lang.Thread.run(Thread.java:750)
"IPC Server handler 50 on default port 15009" daemon prio=5 tid=521 timed_waiting
java.lang.Thread.State: TIMED_WAITING
        at sun.misc.Unsafe.park(Native Method)
        at java.util.concurrent.locks.LockSupport.parkNanos(LockSupport.java:215)
        at java.util.concurrent.locks.AbstractQueuedSynchronizer$ConditionObject.awaitNanos(AbstractQueuedSynchronizer.java:2078)
        at java.util.concurrent.LinkedBlockingQueue.poll(LinkedBlockingQueue.java:467)
        at org.apache.hadoop.ipc.CallQueueManager.take(CallQueueManager.java:317)
        at org.apache.hadoop.ipc.Server$Handler.run(Server.java:3014)
"12adf753-b9bf-4e27-afc1-d809141df6d3-ChunkWriter-0-0" daemon prio=5 tid=750 in Object.wait()
java.lang.Thread.State: WAITING (on object monitor)
        at sun.misc.Unsafe.park(Native Method)
        at java.util.concurrent.locks.LockSupport.park(LockSupport.java:175)
        at java.util.concurrent.locks.AbstractQueuedSynchronizer$ConditionObject.await(AbstractQueuedSynchronizer.java:2039)
        at java.util.concurrent.LinkedBlockingDeque.takeFirst(LinkedBlockingDeque.java:492)
        at java.util.concurrent.LinkedBlockingDeque.take(LinkedBlockingDeque.java:680)
        at java.util.concurrent.ThreadPoolExecutor.getTask(ThreadPoolExecutor.java:1074)
        at java.util.concurrent.ThreadPoolExecutor.runWorker(ThreadPoolExecutor.java:1134)
        at java.util.concurrent.ThreadPoolExecutor$Worker.run(ThreadPoolExecutor.java:624)
        at java.lang.Thread.run(Thread.java:750)
"qtp634982496-674" daemon prio=5 tid=674 timed_waiting
java.lang.Thread.State: TIMED_WAITING
        at sun.misc.Unsafe.park(Native Method)
        at java.util.concurrent.locks.LockSupport.parkNanos(LockSupport.java:215)
        at java.util.concurrent.locks.AbstractQueuedSynchronizer$ConditionObject.awaitNanos(AbstractQueuedSynchronizer.java:2078)
        at org.eclipse.jetty.util.BlockingArrayQueue.poll(BlockingArrayQueue.java:382)
        at org.eclipse.jetty.util.thread.QueuedThreadPool$Runner.idleJobPoll(QueuedThreadPool.java:974)
        at org.eclipse.jetty.util.thread.QueuedThreadPool$Runner.run(QueuedThreadPool.java:1018)
        at java.lang.Thread.run(Thread.java:750)
"null-request--thread1" daemon prio=5 tid=946 timed_waiting
java.lang.Thread.State: TIMED_WAITING
        at sun.misc.Unsafe.park(Native Method)
        at java.util.concurrent.locks.LockSupport.parkNanos(LockSupport.java:215)
        at java.util.concurrent.locks.AbstractQueuedSynchronizer$ConditionObject.awaitNanos(AbstractQueuedSynchronizer.java:2078)
        at java.util.concurrent.LinkedBlockingQueue.poll(LinkedBlockingQueue.java:467)
        at java.util.concurrent.ThreadPoolExecutor.getTask(ThreadPoolExecutor.java:1073)
        at java.util.concurrent.ThreadPoolExecutor.runWorker(ThreadPoolExecutor.java:1134)
        at java.util.concurrent.ThreadPoolExecutor$Worker.run(ThreadPoolExecutor.java:624)
        at java.lang.Thread.run(Thread.java:750)
"IPC Server handler 26 on default port 15002" daemon prio=5 tid=279 timed_waiting
java.lang.Thread.State: TIMED_WAITING
        at sun.misc.Unsafe.park(Native Method)
        at java.util.concurrent.locks.LockSupport.parkNanos(LockSupport.java:215)
        at java.util.concurrent.locks.AbstractQueuedSynchronizer$ConditionObject.awaitNanos(AbstractQueuedSynchronizer.java:2078)
        at java.util.concurrent.LinkedBlockingQueue.poll(LinkedBlockingQueue.java:467)
        at org.apache.hadoop.ipc.CallQueueManager.take(CallQueueManager.java:317)
        at org.apache.hadoop.ipc.Server$Handler.run(Server.java:3014)
"IPC Server handler 79 on default port 15000" daemon prio=5 tid=132 timed_waiting
java.lang.Thread.State: TIMED_WAITING
        at sun.misc.Unsafe.park(Native Method)
        at java.util.concurrent.locks.LockSupport.parkNanos(LockSupport.java:215)
        at java.util.concurrent.locks.AbstractQueuedSynchronizer$ConditionObject.awaitNanos(AbstractQueuedSynchronizer.java:2078)
        at java.util.concurrent.LinkedBlockingQueue.poll(LinkedBlockingQueue.java:467)
        at org.apache.hadoop.ipc.CallQueueManager.take(CallQueueManager.java:317)
        at org.apache.hadoop.ipc.Server$Handler.run(Server.java:3014)
"Recon-EventQueue-PipelineReportForReconPipelineReportHandler" daemon prio=5 tid=823 in Object.wait()
java.lang.Thread.State: WAITING (on object monitor)
        at sun.misc.Unsafe.park(Native Method)
        at java.util.concurrent.locks.LockSupport.park(LockSupport.java:175)
        at java.util.concurrent.locks.AbstractQueuedSynchronizer$ConditionObject.await(AbstractQueuedSynchronizer.java:2039)
        at java.util.concurrent.LinkedBlockingQueue.take(LinkedBlockingQueue.java:442)
        at java.util.concurrent.ThreadPoolExecutor.getTask(ThreadPoolExecutor.java:1074)
        at java.util.concurrent.ThreadPoolExecutor.runWorker(ThreadPoolExecutor.java:1134)
        at java.util.concurrent.ThreadPoolExecutor$Worker.run(ThreadPoolExecutor.java:624)
        at java.lang.Thread.run(Thread.java:750)
"qtp361221719-583" daemon prio=5 tid=583 runnable
java.lang.Thread.State: RUNNABLE
        at sun.nio.ch.EPollArrayWrapper.epollWait(Native Method)
        at sun.nio.ch.EPollArrayWrapper.poll(EPollArrayWrapper.java:269)
        at sun.nio.ch.EPollSelectorImpl.doSelect(EPollSelectorImpl.java:93)
        at sun.nio.ch.SelectorImpl.lockAndDoSelect(SelectorImpl.java:86)
        at sun.nio.ch.SelectorImpl.select(SelectorImpl.java:97)
        at sun.nio.ch.SelectorImpl.select(SelectorImpl.java:101)
        at org.eclipse.jetty.io.ManagedSelector.nioSelect(ManagedSelector.java:183)
        at org.eclipse.jetty.io.ManagedSelector.select(ManagedSelector.java:190)
        at org.eclipse.jetty.io.ManagedSelector$SelectorProducer.select(ManagedSelector.java:606)
        at org.eclipse.jetty.io.ManagedSelector$SelectorProducer.produce(ManagedSelector.java:543)
        at org.eclipse.jetty.util.thread.strategy.EatWhatYouKill.produceTask(EatWhatYouKill.java:362)
        at org.eclipse.jetty.util.thread.strategy.EatWhatYouKill.doProduce(EatWhatYouKill.java:186)
        at org.eclipse.jetty.util.thread.strategy.EatWhatYouKill.tryProduce(EatWhatYouKill.java:173)
        at org.eclipse.jetty.util.thread.strategy.EatWhatYouKill.produce(EatWhatYouKill.java:137)
        at org.eclipse.jetty.io.ManagedSelector$$Lambda$594/551825973.run(Unknown Source)
        at org.eclipse.jetty.util.thread.QueuedThreadPool.runJob(QueuedThreadPool.java:883)
        at org.eclipse.jetty.util.thread.QueuedThreadPool$Runner.run(QueuedThreadPool.java:1034)
        at java.lang.Thread.run(Thread.java:750)
"IPC Server handler 49 on default port 15000" daemon prio=5 tid=102 timed_waiting
java.lang.Thread.State: TIMED_WAITING
        at sun.misc.Unsafe.park(Native Method)
        at java.util.concurrent.locks.LockSupport.parkNanos(LockSupport.java:215)
        at java.util.concurrent.locks.AbstractQueuedSynchronizer$ConditionObject.awaitNanos(AbstractQueuedSynchronizer.java:2078)
        at java.util.concurrent.LinkedBlockingQueue.poll(LinkedBlockingQueue.java:467)
        at org.apache.hadoop.ipc.CallQueueManager.take(CallQueueManager.java:317)
        at org.apache.hadoop.ipc.Server$Handler.run(Server.java:3014)
"IPC Server handler 94 on default port 15002" daemon prio=5 tid=347 timed_waiting
java.lang.Thread.State: TIMED_WAITING
        at sun.misc.Unsafe.park(Native Method)
        at java.util.concurrent.locks.LockSupport.parkNanos(LockSupport.java:215)
        at java.util.concurrent.locks.AbstractQueuedSynchronizer$ConditionObject.awaitNanos(AbstractQueuedSynchronizer.java:2078)
        at java.util.concurrent.LinkedBlockingQueue.poll(LinkedBlockingQueue.java:467)
        at org.apache.hadoop.ipc.CallQueueManager.take(CallQueueManager.java:317)
        at org.apache.hadoop.ipc.Server$Handler.run(Server.java:3014)
"IPC Server idle connection scanner for port 15001" daemon prio=5 tid=34 timed_waiting
java.lang.Thread.State: TIMED_WAITING
        at java.lang.Object.wait(Native Method)
        at java.util.TimerThread.mainLoop(Timer.java:552)
        at java.util.TimerThread.run(Timer.java:505)
"qtp1591256270-410" daemon prio=5 tid=410 timed_waiting
java.lang.Thread.State: TIMED_WAITING
        at sun.misc.Unsafe.park(Native Method)
        at java.util.concurrent.locks.LockSupport.parkNanos(LockSupport.java:215)
        at java.util.concurrent.locks.AbstractQueuedSynchronizer$ConditionObject.awaitNanos(AbstractQueuedSynchronizer.java:2078)
        at org.eclipse.jetty.util.BlockingArrayQueue.poll(BlockingArrayQueue.java:382)
        at org.eclipse.jetty.util.thread.QueuedThreadPool$Runner.idleJobPoll(QueuedThreadPool.java:974)
        at org.eclipse.jetty.util.thread.QueuedThreadPool$Runner.run(QueuedThreadPool.java:1018)
        at java.lang.Thread.run(Thread.java:750)
"IPC Server handler 4 on default port 15001" daemon prio=5 tid=157 timed_waiting
java.lang.Thread.State: TIMED_WAITING
        at sun.misc.Unsafe.park(Native Method)
        at java.util.concurrent.locks.LockSupport.parkNanos(LockSupport.java:215)
        at java.util.concurrent.locks.AbstractQueuedSynchronizer$ConditionObject.awaitNanos(AbstractQueuedSynchronizer.java:2078)
        at java.util.concurrent.LinkedBlockingQueue.poll(LinkedBlockingQueue.java:467)
        at org.apache.hadoop.ipc.CallQueueManager.take(CallQueueManager.java:317)
        at org.apache.hadoop.ipc.Server$Handler.run(Server.java:3014)
"qtp361221719-587" daemon prio=5 tid=587 timed_waiting
java.lang.Thread.State: TIMED_WAITING
        at sun.misc.Unsafe.park(Native Method)
        at java.util.concurrent.locks.LockSupport.parkNanos(LockSupport.java:215)
        at java.util.concurrent.locks.AbstractQueuedSynchronizer$ConditionObject.awaitNanos(AbstractQueuedSynchronizer.java:2078)
        at org.eclipse.jetty.util.BlockingArrayQueue.poll(BlockingArrayQueue.java:382)
        at org.eclipse.jetty.util.thread.QueuedThreadPool$Runner.idleJobPoll(QueuedThreadPool.java:974)
        at org.eclipse.jetty.util.thread.QueuedThreadPool$Runner.run(QueuedThreadPool.java:1018)
        at java.lang.Thread.run(Thread.java:750)
"12adf753-b9bf-4e27-afc1-d809141df6d3-DatanodeStateMachineTaskThread-1"  prio=5 tid=735 in Object.wait()
java.lang.Thread.State: WAITING (on object monitor)
        at sun.misc.Unsafe.park(Native Method)
        at java.util.concurrent.locks.LockSupport.park(LockSupport.java:175)
        at java.util.concurrent.locks.AbstractQueuedSynchronizer$ConditionObject.await(AbstractQueuedSynchronizer.java:2039)
        at java.util.concurrent.LinkedBlockingQueue.take(LinkedBlockingQueue.java:442)
        at java.util.concurrent.ThreadPoolExecutor.getTask(ThreadPoolExecutor.java:1074)
        at java.util.concurrent.ThreadPoolExecutor.runWorker(ThreadPoolExecutor.java:1134)
        at java.util.concurrent.ThreadPoolExecutor$Worker.run(ThreadPoolExecutor.java:624)
        at java.lang.Thread.run(Thread.java:750)
"IPC Server handler 90 on default port 15002" daemon prio=5 tid=343 timed_waiting
java.lang.Thread.State: TIMED_WAITING
        at sun.misc.Unsafe.park(Native Method)
        at java.util.concurrent.locks.LockSupport.parkNanos(LockSupport.java:215)
        at java.util.concurrent.locks.AbstractQueuedSynchronizer$ConditionObject.awaitNanos(AbstractQueuedSynchronizer.java:2078)
        at java.util.concurrent.LinkedBlockingQueue.poll(LinkedBlockingQueue.java:467)
        at org.apache.hadoop.ipc.CallQueueManager.take(CallQueueManager.java:317)
        at org.apache.hadoop.ipc.Server$Handler.run(Server.java:3014)
"OverReplicatedProcessor" daemon prio=5 tid=24 timed_waiting
java.lang.Thread.State: TIMED_WAITING
        at java.lang.Object.wait(Native Method)
        at org.apache.hadoop.hdds.scm.container.replication.UnhealthyReplicationProcessor.run(UnhealthyReplicationProcessor.java:174)
        at java.lang.Thread.run(Thread.java:750)
"grpc-default-worker-ELG-3-3" daemon prio=5 tid=862 runnable
java.lang.Thread.State: RUNNABLE
        at org.apache.ratis.thirdparty.io.netty.channel.epoll.Native.epollWait0(Native Method)
        at org.apache.ratis.thirdparty.io.netty.channel.epoll.Native.epollWait(Native.java:182)
        at org.apache.ratis.thirdparty.io.netty.channel.epoll.EpollEventLoop.epollWait(EpollEventLoop.java:312)
        at org.apache.ratis.thirdparty.io.netty.channel.epoll.EpollEventLoop.run(EpollEventLoop.java:376)
        at org.apache.ratis.thirdparty.io.netty.util.concurrent.SingleThreadEventExecutor$4.run(SingleThreadEventExecutor.java:997)
        at org.apache.ratis.thirdparty.io.netty.util.internal.ThreadExecutorMap$2.run(ThreadExecutorMap.java:74)
        at org.apache.ratis.thirdparty.io.netty.util.concurrent.FastThreadLocalRunnable.run(FastThreadLocalRunnable.java:30)
        at java.lang.Thread.run(Thread.java:750)
"IPC Server handler 22 on default port 15000" daemon prio=5 tid=75 timed_waiting
java.lang.Thread.State: TIMED_WAITING
        at sun.misc.Unsafe.park(Native Method)
        at java.util.concurrent.locks.LockSupport.parkNanos(LockSupport.java:215)
        at java.util.concurrent.locks.AbstractQueuedSynchronizer$ConditionObject.awaitNanos(AbstractQueuedSynchronizer.java:2078)
        at java.util.concurrent.LinkedBlockingQueue.poll(LinkedBlockingQueue.java:467)
        at org.apache.hadoop.ipc.CallQueueManager.take(CallQueueManager.java:317)
        at org.apache.hadoop.ipc.Server$Handler.run(Server.java:3014)
"9bdc6c20-c7c2-4cc7-a4be-d4fe59586f4c-ChunkReader-ELG-0" daemon prio=5 tid=793 runnable
java.lang.Thread.State: RUNNABLE
        at org.apache.ratis.thirdparty.io.netty.channel.epoll.Native.epollWait(Native Method)
        at org.apache.ratis.thirdparty.io.netty.channel.epoll.Native.epollWait(Native.java:209)
        at org.apache.ratis.thirdparty.io.netty.channel.epoll.Native.epollWait(Native.java:202)
        at org.apache.ratis.thirdparty.io.netty.channel.epoll.EpollEventLoop.epollWaitNoTimerChange(EpollEventLoop.java:316)
        at org.apache.ratis.thirdparty.io.netty.channel.epoll.EpollEventLoop.run(EpollEventLoop.java:373)
        at org.apache.ratis.thirdparty.io.netty.util.concurrent.SingleThreadEventExecutor$4.run(SingleThreadEventExecutor.java:997)
        at org.apache.ratis.thirdparty.io.netty.util.internal.ThreadExecutorMap$2.run(ThreadExecutorMap.java:74)
        at java.lang.Thread.run(Thread.java:750)
"dc82d807-438e-4f31-a873-936b5ae41996-ChunkWriter-1-0" daemon prio=5 tid=732 in Object.wait()
java.lang.Thread.State: WAITING (on object monitor)
        at sun.misc.Unsafe.park(Native Method)
        at java.util.concurrent.locks.LockSupport.park(LockSupport.java:175)
        at java.util.concurrent.locks.AbstractQueuedSynchronizer$ConditionObject.await(AbstractQueuedSynchronizer.java:2039)
        at java.util.concurrent.LinkedBlockingDeque.takeFirst(LinkedBlockingDeque.java:492)
        at java.util.concurrent.LinkedBlockingDeque.take(LinkedBlockingDeque.java:680)
        at java.util.concurrent.ThreadPoolExecutor.getTask(ThreadPoolExecutor.java:1074)
        at java.util.concurrent.ThreadPoolExecutor.runWorker(ThreadPoolExecutor.java:1134)
        at java.util.concurrent.ThreadPoolExecutor$Worker.run(ThreadPoolExecutor.java:624)
        at java.lang.Thread.run(Thread.java:750)
"process reaper" daemon prio=10 tid=12 timed_waiting
java.lang.Thread.State: TIMED_WAITING
        at sun.misc.Unsafe.park(Native Method)
        at java.util.concurrent.locks.LockSupport.parkNanos(LockSupport.java:215)
        at java.util.concurrent.SynchronousQueue$TransferStack.awaitFulfill(SynchronousQueue.java:460)
        at java.util.concurrent.SynchronousQueue$TransferStack.transfer(SynchronousQueue.java:362)
        at java.util.concurrent.SynchronousQueue.poll(SynchronousQueue.java:941)
        at java.util.concurrent.ThreadPoolExecutor.getTask(ThreadPoolExecutor.java:1073)
        at java.util.concurrent.ThreadPoolExecutor.runWorker(ThreadPoolExecutor.java:1134)
        at java.util.concurrent.ThreadPoolExecutor$Worker.run(ThreadPoolExecutor.java:624)
        at java.lang.Thread.run(Thread.java:750)
"12adf753-b9bf-4e27-afc1-d809141df6d3-PeriodicHDDSVolumeChecker" daemon prio=5 tid=745 timed_waiting
java.lang.Thread.State: TIMED_WAITING
        at sun.misc.Unsafe.park(Native Method)
        at java.util.concurrent.locks.LockSupport.parkNanos(LockSupport.java:215)
        at java.util.concurrent.locks.AbstractQueuedSynchronizer$ConditionObject.awaitNanos(AbstractQueuedSynchronizer.java:2078)
        at java.util.concurrent.ScheduledThreadPoolExecutor$DelayedWorkQueue.take(ScheduledThreadPoolExecutor.java:1093)
        at java.util.concurrent.ScheduledThreadPoolExecutor$DelayedWorkQueue.take(ScheduledThreadPoolExecutor.java:809)
        at java.util.concurrent.ThreadPoolExecutor.getTask(ThreadPoolExecutor.java:1074)
        at java.util.concurrent.ThreadPoolExecutor.runWorker(ThreadPoolExecutor.java:1134)
        at java.util.concurrent.ThreadPoolExecutor$Worker.run(ThreadPoolExecutor.java:624)
        at java.lang.Thread.run(Thread.java:750)
"qtp1591256270-411" daemon prio=5 tid=411 timed_waiting
java.lang.Thread.State: TIMED_WAITING
        at sun.misc.Unsafe.park(Native Method)
        at java.util.concurrent.locks.LockSupport.parkNanos(LockSupport.java:215)
        at java.util.concurrent.SynchronousQueue$TransferStack.awaitFulfill(SynchronousQueue.java:460)
        at java.util.concurrent.SynchronousQueue$TransferStack.transfer(SynchronousQueue.java:362)
        at java.util.concurrent.SynchronousQueue.poll(SynchronousQueue.java:941)
        at org.eclipse.jetty.util.thread.ReservedThreadExecutor$ReservedThread.reservedWait(ReservedThreadExecutor.java:324)
        at org.eclipse.jetty.util.thread.ReservedThreadExecutor$ReservedThread.run(ReservedThreadExecutor.java:399)
        at org.eclipse.jetty.util.thread.QueuedThreadPool.runJob(QueuedThreadPool.java:883)
        at org.eclipse.jetty.util.thread.QueuedThreadPool$Runner.run(QueuedThreadPool.java:1034)
        at java.lang.Thread.run(Thread.java:750)
"dc82d807-438e-4f31-a873-936b5ae41996-EndpointStateMachineTaskThread-/0.0.0.0:15009-0 "  prio=5 tid=720 in Object.wait()
java.lang.Thread.State: WAITING (on object monitor)
        at sun.misc.Unsafe.park(Native Method)
        at java.util.concurrent.locks.LockSupport.park(LockSupport.java:175)
        at java.util.concurrent.locks.AbstractQueuedSynchronizer$ConditionObject.await(AbstractQueuedSynchronizer.java:2039)
        at java.util.concurrent.LinkedBlockingQueue.take(LinkedBlockingQueue.java:442)
        at java.util.concurrent.ThreadPoolExecutor.getTask(ThreadPoolExecutor.java:1074)
        at java.util.concurrent.ThreadPoolExecutor.runWorker(ThreadPoolExecutor.java:1134)
        at java.util.concurrent.ThreadPoolExecutor$Worker.run(ThreadPoolExecutor.java:624)
        at java.lang.Thread.run(Thread.java:750)
"dc82d807-438e-4f31-a873-936b5ae41996-DatanodeStateMachineDaemonThread" daemon prio=5 tid=598 timed_waiting
java.lang.Thread.State: TIMED_WAITING
        at java.lang.Thread.sleep(Native Method)
        at org.apache.hadoop.ozone.container.common.statemachine.DatanodeStateMachine.startStateMachineThread(DatanodeStateMachine.java:369)
        at org.apache.hadoop.ozone.container.common.statemachine.DatanodeStateMachine.lambda$startDaemon$1(DatanodeStateMachine.java:556)
        at org.apache.hadoop.ozone.container.common.statemachine.DatanodeStateMachine$$Lambda$1387/978712775.run(Unknown Source)
        at java.lang.Thread.run(Thread.java:750)
"IPC Server handler 49 on default port 15009" daemon prio=5 tid=520 timed_waiting
java.lang.Thread.State: TIMED_WAITING
        at sun.misc.Unsafe.park(Native Method)
        at java.util.concurrent.locks.LockSupport.parkNanos(LockSupport.java:215)
        at java.util.concurrent.locks.AbstractQueuedSynchronizer$ConditionObject.awaitNanos(AbstractQueuedSynchronizer.java:2078)
        at java.util.concurrent.LinkedBlockingQueue.poll(LinkedBlockingQueue.java:467)
        at org.apache.hadoop.ipc.CallQueueManager.take(CallQueueManager.java:317)
        at org.apache.hadoop.ipc.Server$Handler.run(Server.java:3014)
"JvmPauseMonitor1" daemon prio=5 tid=392 timed_waiting
java.lang.Thread.State: TIMED_WAITING
        at java.lang.Thread.sleep(Native Method)
        at java.lang.Thread.sleep(Thread.java:342)
        at java.util.concurrent.TimeUnit.sleep(TimeUnit.java:386)
        at org.apache.ratis.util.TimeDuration.sleep(TimeDuration.java:353)
        at org.apache.ratis.util.TimeDuration.sleep(TimeDuration.java:338)
        at org.apache.ratis.util.JvmPauseMonitor.detectPause(JvmPauseMonitor.java:160)
        at org.apache.ratis.util.JvmPauseMonitor.run(JvmPauseMonitor.java:149)
        at org.apache.ratis.util.JvmPauseMonitor$$Lambda$554/742131199.run(Unknown Source)
        at java.lang.Thread.run(Thread.java:750)
"IPC Server handler 35 on default port 15000" daemon prio=5 tid=88 timed_waiting
java.lang.Thread.State: TIMED_WAITING
        at sun.misc.Unsafe.park(Native Method)
        at java.util.concurrent.locks.LockSupport.parkNanos(LockSupport.java:215)
        at java.util.concurrent.locks.AbstractQueuedSynchronizer$ConditionObject.awaitNanos(AbstractQueuedSynchronizer.java:2078)
        at java.util.concurrent.LinkedBlockingQueue.poll(LinkedBlockingQueue.java:467)
        at org.apache.hadoop.ipc.CallQueueManager.take(CallQueueManager.java:317)
        at org.apache.hadoop.ipc.Server$Handler.run(Server.java:3014)
"IPC Server handler 17 on default port 15002" daemon prio=5 tid=270 timed_waiting
java.lang.Thread.State: TIMED_WAITING
        at sun.misc.Unsafe.park(Native Method)
        at java.util.concurrent.locks.LockSupport.parkNanos(LockSupport.java:215)
        at java.util.concurrent.locks.AbstractQueuedSynchronizer$ConditionObject.awaitNanos(AbstractQueuedSynchronizer.java:2078)
        at java.util.concurrent.LinkedBlockingQueue.poll(LinkedBlockingQueue.java:467)
        at org.apache.hadoop.ipc.CallQueueManager.take(CallQueueManager.java:317)
        at org.apache.hadoop.ipc.Server$Handler.run(Server.java:3014)
"qtp634982496-667" daemon prio=5 tid=667 runnable
java.lang.Thread.State: RUNNABLE
        at sun.nio.ch.EPollArrayWrapper.epollWait(Native Method)
        at sun.nio.ch.EPollArrayWrapper.poll(EPollArrayWrapper.java:269)
        at sun.nio.ch.EPollSelectorImpl.doSelect(EPollSelectorImpl.java:93)
        at sun.nio.ch.SelectorImpl.lockAndDoSelect(SelectorImpl.java:86)
        at sun.nio.ch.SelectorImpl.select(SelectorImpl.java:97)
        at sun.nio.ch.SelectorImpl.select(SelectorImpl.java:101)
        at org.eclipse.jetty.io.ManagedSelector.nioSelect(ManagedSelector.java:183)
        at org.eclipse.jetty.io.ManagedSelector.select(ManagedSelector.java:190)
        at org.eclipse.jetty.io.ManagedSelector$SelectorProducer.select(ManagedSelector.java:606)
        at org.eclipse.jetty.io.ManagedSelector$SelectorProducer.produce(ManagedSelector.java:543)
        at org.eclipse.jetty.util.thread.strategy.EatWhatYouKill.produceTask(EatWhatYouKill.java:362)
        at org.eclipse.jetty.util.thread.strategy.EatWhatYouKill.doProduce(EatWhatYouKill.java:186)
        at org.eclipse.jetty.util.thread.strategy.EatWhatYouKill.tryProduce(EatWhatYouKill.java:173)
        at org.eclipse.jetty.util.thread.strategy.EatWhatYouKill.produce(EatWhatYouKill.java:137)
        at org.eclipse.jetty.io.ManagedSelector$$Lambda$594/551825973.run(Unknown Source)
        at org.eclipse.jetty.util.thread.QueuedThreadPool.runJob(QueuedThreadPool.java:883)
        at org.eclipse.jetty.util.thread.QueuedThreadPool$Runner.run(QueuedThreadPool.java:1034)
        at java.lang.Thread.run(Thread.java:750)
"IPC Server handler 15 on default port 15004" daemon prio=5 tid=429 timed_waiting
java.lang.Thread.State: TIMED_WAITING
        at sun.misc.Unsafe.park(Native Method)
        at java.util.concurrent.locks.LockSupport.parkNanos(LockSupport.java:215)
        at java.util.concurrent.locks.AbstractQueuedSynchronizer$ConditionObject.awaitNanos(AbstractQueuedSynchronizer.java:2078)
        at java.util.concurrent.LinkedBlockingQueue.poll(LinkedBlockingQueue.java:467)
        at org.apache.hadoop.ipc.CallQueueManager.take(CallQueueManager.java:317)
        at org.apache.hadoop.ipc.Server$Handler.run(Server.java:3014)
"pool-116-thread-1"  prio=5 tid=582 timed_waiting
java.lang.Thread.State: TIMED_WAITING
        at sun.misc.Unsafe.park(Native Method)
        at java.util.concurrent.locks.LockSupport.parkNanos(LockSupport.java:215)
        at java.util.concurrent.locks.AbstractQueuedSynchronizer$ConditionObject.awaitNanos(AbstractQueuedSynchronizer.java:2078)
        at java.util.concurrent.ScheduledThreadPoolExecutor$DelayedWorkQueue.take(ScheduledThreadPoolExecutor.java:1093)
        at java.util.concurrent.ScheduledThreadPoolExecutor$DelayedWorkQueue.take(ScheduledThreadPoolExecutor.java:809)
        at java.util.concurrent.ThreadPoolExecutor.getTask(ThreadPoolExecutor.java:1074)
        at java.util.concurrent.ThreadPoolExecutor.runWorker(ThreadPoolExecutor.java:1134)
        at java.util.concurrent.ThreadPoolExecutor$Worker.run(ThreadPoolExecutor.java:624)
        at java.lang.Thread.run(Thread.java:750)
"9bdc6c20-c7c2-4cc7-a4be-d4fe59586f4c-BlockDeletingService#0" daemon prio=5 tid=794 in Object.wait()
java.lang.Thread.State: WAITING (on object monitor)
        at sun.misc.Unsafe.park(Native Method)
        at java.util.concurrent.locks.LockSupport.park(LockSupport.java:175)
        at java.util.concurrent.locks.AbstractQueuedSynchronizer$ConditionObject.await(AbstractQueuedSynchronizer.java:2039)
        at java.util.concurrent.ScheduledThreadPoolExecutor$DelayedWorkQueue.take(ScheduledThreadPoolExecutor.java:1088)
        at java.util.concurrent.ScheduledThreadPoolExecutor$DelayedWorkQueue.take(ScheduledThreadPoolExecutor.java:809)
        at java.util.concurrent.ThreadPoolExecutor.getTask(ThreadPoolExecutor.java:1074)
        at java.util.concurrent.ThreadPoolExecutor.runWorker(ThreadPoolExecutor.java:1134)
        at java.util.concurrent.ThreadPoolExecutor$Worker.run(ThreadPoolExecutor.java:624)
        at java.lang.Thread.run(Thread.java:750)
"qtp1287916357-642" daemon prio=5 tid=642 timed_waiting
java.lang.Thread.State: TIMED_WAITING
        at sun.misc.Unsafe.park(Native Method)
        at java.util.concurrent.locks.LockSupport.parkNanos(LockSupport.java:215)
        at java.util.concurrent.locks.AbstractQueuedSynchronizer$ConditionObject.awaitNanos(AbstractQueuedSynchronizer.java:2078)
        at org.eclipse.jetty.util.BlockingArrayQueue.poll(BlockingArrayQueue.java:382)
        at org.eclipse.jetty.util.thread.QueuedThreadPool$Runner.idleJobPoll(QueuedThreadPool.java:974)
        at org.eclipse.jetty.util.thread.QueuedThreadPool$Runner.run(QueuedThreadPool.java:1018)
        at java.lang.Thread.run(Thread.java:750)
"IPC Server handler 76 on default port 15000" daemon prio=5 tid=129 timed_waiting
java.lang.Thread.State: TIMED_WAITING
        at sun.misc.Unsafe.park(Native Method)
        at java.util.concurrent.locks.LockSupport.parkNanos(LockSupport.java:215)
        at java.util.concurrent.locks.AbstractQueuedSynchronizer$ConditionObject.awaitNanos(AbstractQueuedSynchronizer.java:2078)
        at java.util.concurrent.LinkedBlockingQueue.poll(LinkedBlockingQueue.java:467)
        at org.apache.hadoop.ipc.CallQueueManager.take(CallQueueManager.java:317)
        at org.apache.hadoop.ipc.Server$Handler.run(Server.java:3014)
"ContainerHealthTask" daemon prio=5 tid=572 timed_waiting
java.lang.Thread.State: TIMED_WAITING
        at java.lang.Thread.sleep(Native Method)
        at org.apache.hadoop.ozone.recon.fsck.ContainerHealthTask.run(ContainerHealthTask.java:111)
        at org.apache.hadoop.ozone.recon.scm.ReconScmTask$$Lambda$1300/397379011.run(Unknown Source)
        at java.lang.Thread.run(Thread.java:750)
"qtp1918537167-462" daemon prio=5 tid=462 timed_waiting
java.lang.Thread.State: TIMED_WAITING
        at sun.misc.Unsafe.park(Native Method)
        at java.util.concurrent.locks.LockSupport.parkNanos(LockSupport.java:215)
        at java.util.concurrent.SynchronousQueue$TransferStack.awaitFulfill(SynchronousQueue.java:460)
        at java.util.concurrent.SynchronousQueue$TransferStack.transfer(SynchronousQueue.java:362)
        at java.util.concurrent.SynchronousQueue.poll(SynchronousQueue.java:941)
        at org.eclipse.jetty.util.thread.ReservedThreadExecutor$ReservedThread.reservedWait(ReservedThreadExecutor.java:324)
        at org.eclipse.jetty.util.thread.ReservedThreadExecutor$ReservedThread.run(ReservedThreadExecutor.java:399)
        at org.eclipse.jetty.util.thread.QueuedThreadPool.runJob(QueuedThreadPool.java:883)
        at org.eclipse.jetty.util.thread.QueuedThreadPool$Runner.run(QueuedThreadPool.java:1034)
        at java.lang.Thread.run(Thread.java:750)
"IPC Server handler 91 on default port 15000" daemon prio=5 tid=144 timed_waiting
java.lang.Thread.State: TIMED_WAITING
        at sun.misc.Unsafe.park(Native Method)
        at java.util.concurrent.locks.LockSupport.parkNanos(LockSupport.java:215)
        at java.util.concurrent.locks.AbstractQueuedSynchronizer$ConditionObject.awaitNanos(AbstractQueuedSynchronizer.java:2078)
        at java.util.concurrent.LinkedBlockingQueue.poll(LinkedBlockingQueue.java:467)
        at org.apache.hadoop.ipc.CallQueueManager.take(CallQueueManager.java:317)
        at org.apache.hadoop.ipc.Server$Handler.run(Server.java:3014)
"IPC Server handler 11 on default port 15000" daemon prio=5 tid=64 timed_waiting
java.lang.Thread.State: TIMED_WAITING
        at sun.misc.Unsafe.park(Native Method)
        at java.util.concurrent.locks.LockSupport.parkNanos(LockSupport.java:215)
        at java.util.concurrent.locks.AbstractQueuedSynchronizer$ConditionObject.awaitNanos(AbstractQueuedSynchronizer.java:2078)
        at java.util.concurrent.LinkedBlockingQueue.poll(LinkedBlockingQueue.java:467)
        at org.apache.hadoop.ipc.CallQueueManager.take(CallQueueManager.java:317)
        at org.apache.hadoop.ipc.Server$Handler.run(Server.java:3014)
"IPC Server listener on 15030" daemon prio=5 tid=648 runnable
java.lang.Thread.State: RUNNABLE
        at sun.nio.ch.EPollArrayWrapper.epollWait(Native Method)
        at sun.nio.ch.EPollArrayWrapper.poll(EPollArrayWrapper.java:269)
        at sun.nio.ch.EPollSelectorImpl.doSelect(EPollSelectorImpl.java:93)
        at sun.nio.ch.SelectorImpl.lockAndDoSelect(SelectorImpl.java:86)
        at sun.nio.ch.SelectorImpl.select(SelectorImpl.java:97)
        at sun.nio.ch.SelectorImpl.select(SelectorImpl.java:101)
        at org.apache.hadoop.ipc.Server$Listener.run(Server.java:1408)
"20ed7fe7-4274-4f1a-9498-93c5abf09f1c-BlockDeletingService#0" daemon prio=5 tid=813 in Object.wait()
java.lang.Thread.State: WAITING (on object monitor)
        at sun.misc.Unsafe.park(Native Method)
        at java.util.concurrent.locks.LockSupport.park(LockSupport.java:175)
        at java.util.concurrent.locks.AbstractQueuedSynchronizer$ConditionObject.await(AbstractQueuedSynchronizer.java:2039)
        at java.util.concurrent.ScheduledThreadPoolExecutor$DelayedWorkQueue.take(ScheduledThreadPoolExecutor.java:1088)
        at java.util.concurrent.ScheduledThreadPoolExecutor$DelayedWorkQueue.take(ScheduledThreadPoolExecutor.java:809)
        at java.util.concurrent.ThreadPoolExecutor.getTask(ThreadPoolExecutor.java:1074)
        at java.util.concurrent.ThreadPoolExecutor.runWorker(ThreadPoolExecutor.java:1134)
        at java.util.concurrent.ThreadPoolExecutor$Worker.run(ThreadPoolExecutor.java:624)
        at java.lang.Thread.run(Thread.java:750)
"StaleRecoveringContainerScrubbingService#2" daemon prio=5 tid=1187 in Object.wait()
java.lang.Thread.State: WAITING (on object monitor)
        at sun.misc.Unsafe.park(Native Method)
        at java.util.concurrent.locks.LockSupport.park(LockSupport.java:175)
        at java.util.concurrent.locks.AbstractQueuedSynchronizer$ConditionObject.await(AbstractQueuedSynchronizer.java:2039)
        at java.util.concurrent.ScheduledThreadPoolExecutor$DelayedWorkQueue.take(ScheduledThreadPoolExecutor.java:1088)
        at java.util.concurrent.ScheduledThreadPoolExecutor$DelayedWorkQueue.take(ScheduledThreadPoolExecutor.java:809)
        at java.util.concurrent.ThreadPoolExecutor.getTask(ThreadPoolExecutor.java:1074)
        at java.util.concurrent.ThreadPoolExecutor.runWorker(ThreadPoolExecutor.java:1134)
        at java.util.concurrent.ThreadPoolExecutor$Worker.run(ThreadPoolExecutor.java:624)
        at java.lang.Thread.run(Thread.java:750)
"Recon-SyncSCMContainerInfo-0"  prio=5 tid=470 timed_waiting
java.lang.Thread.State: TIMED_WAITING
        at sun.misc.Unsafe.park(Native Method)
        at java.util.concurrent.locks.LockSupport.parkNanos(LockSupport.java:215)
        at java.util.concurrent.locks.AbstractQueuedSynchronizer$ConditionObject.awaitNanos(AbstractQueuedSynchronizer.java:2078)
        at java.util.concurrent.ScheduledThreadPoolExecutor$DelayedWorkQueue.take(ScheduledThreadPoolExecutor.java:1093)
        at java.util.concurrent.ScheduledThreadPoolExecutor$DelayedWorkQueue.take(ScheduledThreadPoolExecutor.java:809)
        at java.util.concurrent.ThreadPoolExecutor.getTask(ThreadPoolExecutor.java:1074)
        at java.util.concurrent.ThreadPoolExecutor.runWorker(ThreadPoolExecutor.java:1134)
        at java.util.concurrent.ThreadPoolExecutor$Worker.run(ThreadPoolExecutor.java:624)
        at java.lang.Thread.run(Thread.java:750)
"IPC Server handler 72 on default port 15009" daemon prio=5 tid=543 timed_waiting
java.lang.Thread.State: TIMED_WAITING
        at sun.misc.Unsafe.park(Native Method)
        at java.util.concurrent.locks.LockSupport.parkNanos(LockSupport.java:215)
        at java.util.concurrent.locks.AbstractQueuedSynchronizer$ConditionObject.awaitNanos(AbstractQueuedSynchronizer.java:2078)
        at java.util.concurrent.LinkedBlockingQueue.poll(LinkedBlockingQueue.java:467)
        at org.apache.hadoop.ipc.CallQueueManager.take(CallQueueManager.java:317)
        at org.apache.hadoop.ipc.Server$Handler.run(Server.java:3014)
"IPC Server handler 26 on default port 15001" daemon prio=5 tid=179 timed_waiting
java.lang.Thread.State: TIMED_WAITING
        at sun.misc.Unsafe.park(Native Method)
        at java.util.concurrent.locks.LockSupport.parkNanos(LockSupport.java:215)
        at java.util.concurrent.locks.AbstractQueuedSynchronizer$ConditionObject.awaitNanos(AbstractQueuedSynchronizer.java:2078)
        at java.util.concurrent.LinkedBlockingQueue.poll(LinkedBlockingQueue.java:467)
        at org.apache.hadoop.ipc.CallQueueManager.take(CallQueueManager.java:317)
        at org.apache.hadoop.ipc.Server$Handler.run(Server.java:3014)
"7b630919-9d6b-42e9-b08a-8409ae097dea-PeriodicHDDSVolumeChecker" daemon prio=5 tid=764 timed_waiting
java.lang.Thread.State: TIMED_WAITING
        at sun.misc.Unsafe.park(Native Method)
        at java.util.concurrent.locks.LockSupport.parkNanos(LockSupport.java:215)
        at java.util.concurrent.locks.AbstractQueuedSynchronizer$ConditionObject.awaitNanos(AbstractQueuedSynchronizer.java:2078)
        at java.util.concurrent.ScheduledThreadPoolExecutor$DelayedWorkQueue.take(ScheduledThreadPoolExecutor.java:1093)
        at java.util.concurrent.ScheduledThreadPoolExecutor$DelayedWorkQueue.take(ScheduledThreadPoolExecutor.java:809)
        at java.util.concurrent.ThreadPoolExecutor.getTask(ThreadPoolExecutor.java:1074)
        at java.util.concurrent.ThreadPoolExecutor.runWorker(ThreadPoolExecutor.java:1134)
        at java.util.concurrent.ThreadPoolExecutor$Worker.run(ThreadPoolExecutor.java:624)
        at java.lang.Thread.run(Thread.java:750)
"12adf753-b9bf-4e27-afc1-d809141df6d3-ChunkReader-ELG-0" daemon prio=5 tid=755 runnable
java.lang.Thread.State: RUNNABLE
        at org.apache.ratis.thirdparty.io.netty.channel.epoll.Native.epollWait(Native Method)
        at org.apache.ratis.thirdparty.io.netty.channel.epoll.Native.epollWait(Native.java:209)
        at org.apache.ratis.thirdparty.io.netty.channel.epoll.Native.epollWait(Native.java:202)
        at org.apache.ratis.thirdparty.io.netty.channel.epoll.EpollEventLoop.epollWaitNoTimerChange(EpollEventLoop.java:316)
        at org.apache.ratis.thirdparty.io.netty.channel.epoll.EpollEventLoop.run(EpollEventLoop.java:373)
        at org.apache.ratis.thirdparty.io.netty.util.concurrent.SingleThreadEventExecutor$4.run(SingleThreadEventExecutor.java:997)
        at org.apache.ratis.thirdparty.io.netty.util.internal.ThreadExecutorMap$2.run(ThreadExecutorMap.java:74)
        at java.lang.Thread.run(Thread.java:750)
"IPC Server handler 71 on default port 15009" daemon prio=5 tid=542 timed_waiting
java.lang.Thread.State: TIMED_WAITING
        at sun.misc.Unsafe.park(Native Method)
        at java.util.concurrent.locks.LockSupport.parkNanos(LockSupport.java:215)
        at java.util.concurrent.locks.AbstractQueuedSynchronizer$ConditionObject.awaitNanos(AbstractQueuedSynchronizer.java:2078)
        at java.util.concurrent.LinkedBlockingQueue.poll(LinkedBlockingQueue.java:467)
        at org.apache.hadoop.ipc.CallQueueManager.take(CallQueueManager.java:317)
        at org.apache.hadoop.ipc.Server$Handler.run(Server.java:3014)
"9bdc6c20-c7c2-4cc7-a4be-d4fe59586f4c-DatanodeReportManager-3" daemon prio=5 tid=686 timed_waiting
java.lang.Thread.State: TIMED_WAITING
        at sun.misc.Unsafe.park(Native Method)
        at java.util.concurrent.locks.LockSupport.parkNanos(LockSupport.java:215)
        at java.util.concurrent.locks.AbstractQueuedSynchronizer$ConditionObject.awaitNanos(AbstractQueuedSynchronizer.java:2078)
        at java.util.concurrent.ScheduledThreadPoolExecutor$DelayedWorkQueue.take(ScheduledThreadPoolExecutor.java:1093)
        at java.util.concurrent.ScheduledThreadPoolExecutor$DelayedWorkQueue.take(ScheduledThreadPoolExecutor.java:809)
        at java.util.concurrent.ThreadPoolExecutor.getTask(ThreadPoolExecutor.java:1074)
        at java.util.concurrent.ThreadPoolExecutor.runWorker(ThreadPoolExecutor.java:1134)
        at java.util.concurrent.ThreadPoolExecutor$Worker.run(ThreadPoolExecutor.java:624)
        at java.lang.Thread.run(Thread.java:750)
"IPC Server handler 39 on default port 15009" daemon prio=5 tid=510 timed_waiting
java.lang.Thread.State: TIMED_WAITING
        at sun.misc.Unsafe.park(Native Method)
        at java.util.concurrent.locks.LockSupport.parkNanos(LockSupport.java:215)
        at java.util.concurrent.locks.AbstractQueuedSynchronizer$ConditionObject.awaitNanos(AbstractQueuedSynchronizer.java:2078)
        at java.util.concurrent.LinkedBlockingQueue.poll(LinkedBlockingQueue.java:467)
        at org.apache.hadoop.ipc.CallQueueManager.take(CallQueueManager.java:317)
        at org.apache.hadoop.ipc.Server$Handler.run(Server.java:3014)
"qtp1591256270-406" daemon prio=5 tid=406 timed_waiting
java.lang.Thread.State: TIMED_WAITING
        at sun.misc.Unsafe.park(Native Method)
        at java.util.concurrent.locks.LockSupport.parkNanos(LockSupport.java:215)
        at java.util.concurrent.locks.AbstractQueuedSynchronizer$ConditionObject.awaitNanos(AbstractQueuedSynchronizer.java:2078)
        at org.eclipse.jetty.util.BlockingArrayQueue.poll(BlockingArrayQueue.java:382)
        at org.eclipse.jetty.util.thread.QueuedThreadPool$Runner.idleJobPoll(QueuedThreadPool.java:974)
        at org.eclipse.jetty.util.thread.QueuedThreadPool$Runner.run(QueuedThreadPool.java:1018)
        at java.lang.Thread.run(Thread.java:750)
"timer4" daemon prio=5 tid=927 timed_waiting
java.lang.Thread.State: TIMED_WAITING
        at java.lang.Object.wait(Native Method)
        at java.util.TimerThread.mainLoop(Timer.java:552)
        at java.util.TimerThread.run(Timer.java:505)
"IPC Server handler 83 on default port 15001" daemon prio=5 tid=236 timed_waiting
java.lang.Thread.State: TIMED_WAITING
        at sun.misc.Unsafe.park(Native Method)
        at java.util.concurrent.locks.LockSupport.parkNanos(LockSupport.java:215)
        at java.util.concurrent.locks.AbstractQueuedSynchronizer$ConditionObject.awaitNanos(AbstractQueuedSynchronizer.java:2078)
        at java.util.concurrent.LinkedBlockingQueue.poll(LinkedBlockingQueue.java:467)
        at org.apache.hadoop.ipc.CallQueueManager.take(CallQueueManager.java:317)
        at org.apache.hadoop.ipc.Server$Handler.run(Server.java:3014)
"CompactionDagPruningService" daemon prio=5 tid=371 timed_waiting
java.lang.Thread.State: TIMED_WAITING
        at sun.misc.Unsafe.park(Native Method)
        at java.util.concurrent.locks.LockSupport.parkNanos(LockSupport.java:215)
        at java.util.concurrent.locks.AbstractQueuedSynchronizer$ConditionObject.awaitNanos(AbstractQueuedSynchronizer.java:2078)
        at java.util.concurrent.ScheduledThreadPoolExecutor$DelayedWorkQueue.take(ScheduledThreadPoolExecutor.java:1093)
        at java.util.concurrent.ScheduledThreadPoolExecutor$DelayedWorkQueue.take(ScheduledThreadPoolExecutor.java:809)
        at java.util.concurrent.ThreadPoolExecutor.getTask(ThreadPoolExecutor.java:1074)
        at java.util.concurrent.ThreadPoolExecutor.runWorker(ThreadPoolExecutor.java:1134)
        at java.util.concurrent.ThreadPoolExecutor$Worker.run(ThreadPoolExecutor.java:624)
        at java.lang.Thread.run(Thread.java:750)
"IPC Server handler 86 on default port 15002" daemon prio=5 tid=339 timed_waiting
java.lang.Thread.State: TIMED_WAITING
        at sun.misc.Unsafe.park(Native Method)
        at java.util.concurrent.locks.LockSupport.parkNanos(LockSupport.java:215)
        at java.util.concurrent.locks.AbstractQueuedSynchronizer$ConditionObject.awaitNanos(AbstractQueuedSynchronizer.java:2078)
        at java.util.concurrent.LinkedBlockingQueue.poll(LinkedBlockingQueue.java:467)
        at org.apache.hadoop.ipc.CallQueueManager.take(CallQueueManager.java:317)
        at org.apache.hadoop.ipc.Server$Handler.run(Server.java:3014)
"IPC Server handler 25 on default port 15000" daemon prio=5 tid=78 timed_waiting
java.lang.Thread.State: TIMED_WAITING
        at sun.misc.Unsafe.park(Native Method)
        at java.util.concurrent.locks.LockSupport.parkNanos(LockSupport.java:215)
        at java.util.concurrent.locks.AbstractQueuedSynchronizer$ConditionObject.awaitNanos(AbstractQueuedSynchronizer.java:2078)
        at java.util.concurrent.LinkedBlockingQueue.poll(LinkedBlockingQueue.java:467)
        at org.apache.hadoop.ipc.CallQueueManager.take(CallQueueManager.java:317)
        at org.apache.hadoop.ipc.Server$Handler.run(Server.java:3014)
"IPC Server handler 1 on default port 15009" daemon prio=5 tid=472 timed_waiting
java.lang.Thread.State: TIMED_WAITING
        at sun.misc.Unsafe.park(Native Method)
        at java.util.concurrent.locks.LockSupport.parkNanos(LockSupport.java:215)
        at java.util.concurrent.locks.AbstractQueuedSynchronizer$ConditionObject.awaitNanos(AbstractQueuedSynchronizer.java:2078)
        at java.util.concurrent.LinkedBlockingQueue.poll(LinkedBlockingQueue.java:467)
        at org.apache.hadoop.ipc.CallQueueManager.take(CallQueueManager.java:317)
        at org.apache.hadoop.ipc.Server$Handler.run(Server.java:3014)
"IPC Server handler 0 on default port 15039" daemon prio=5 tid=681 timed_waiting
java.lang.Thread.State: TIMED_WAITING
        at sun.misc.Unsafe.park(Native Method)
        at java.util.concurrent.locks.LockSupport.parkNanos(LockSupport.java:215)
        at java.util.concurrent.locks.AbstractQueuedSynchronizer$ConditionObject.awaitNanos(AbstractQueuedSynchronizer.java:2078)
        at java.util.concurrent.LinkedBlockingQueue.poll(LinkedBlockingQueue.java:467)
        at org.apache.hadoop.ipc.CallQueueManager.take(CallQueueManager.java:317)
        at org.apache.hadoop.ipc.Server$Handler.run(Server.java:3014)
"IPC Server handler 60 on default port 15002" daemon prio=5 tid=313 timed_waiting
java.lang.Thread.State: TIMED_WAITING
        at sun.misc.Unsafe.park(Native Method)
        at java.util.concurrent.locks.LockSupport.parkNanos(LockSupport.java:215)
        at java.util.concurrent.locks.AbstractQueuedSynchronizer$ConditionObject.awaitNanos(AbstractQueuedSynchronizer.java:2078)
        at java.util.concurrent.LinkedBlockingQueue.poll(LinkedBlockingQueue.java:467)
        at org.apache.hadoop.ipc.CallQueueManager.take(CallQueueManager.java:317)
        at org.apache.hadoop.ipc.Server$Handler.run(Server.java:3014)
"UnderReplicatedProcessor" daemon prio=5 tid=23 timed_waiting
java.lang.Thread.State: TIMED_WAITING
        at java.lang.Object.wait(Native Method)
        at org.apache.hadoop.hdds.scm.container.replication.UnhealthyReplicationProcessor.run(UnhealthyReplicationProcessor.java:174)
        at java.lang.Thread.run(Thread.java:750)
"Socket Reader #1 for port 15021"  prio=5 tid=621 runnable
java.lang.Thread.State: RUNNABLE
        at sun.nio.ch.EPollArrayWrapper.epollWait(Native Method)
        at sun.nio.ch.EPollArrayWrapper.poll(EPollArrayWrapper.java:269)
        at sun.nio.ch.EPollSelectorImpl.doSelect(EPollSelectorImpl.java:93)
        at sun.nio.ch.SelectorImpl.lockAndDoSelect(SelectorImpl.java:86)
        at sun.nio.ch.SelectorImpl.select(SelectorImpl.java:97)
        at sun.nio.ch.SelectorImpl.select(SelectorImpl.java:101)
        at org.apache.hadoop.ipc.Server$Listener$Reader.doRunLoop(Server.java:1346)
        at org.apache.hadoop.ipc.Server$Listener$Reader.run(Server.java:1325)
"12adf753-b9bf-4e27-afc1-d809141df6d3-DatanodeReportManager-4" daemon prio=5 tid=631 timed_waiting
java.lang.Thread.State: TIMED_WAITING
        at sun.misc.Unsafe.park(Native Method)
        at java.util.concurrent.locks.LockSupport.parkNanos(LockSupport.java:215)
        at java.util.concurrent.locks.AbstractQueuedSynchronizer$ConditionObject.awaitNanos(AbstractQueuedSynchronizer.java:2078)
        at java.util.concurrent.ScheduledThreadPoolExecutor$DelayedWorkQueue.take(ScheduledThreadPoolExecutor.java:1093)
        at java.util.concurrent.ScheduledThreadPoolExecutor$DelayedWorkQueue.take(ScheduledThreadPoolExecutor.java:809)
        at java.util.concurrent.ThreadPoolExecutor.getTask(ThreadPoolExecutor.java:1074)
        at java.util.concurrent.ThreadPoolExecutor.runWorker(ThreadPoolExecutor.java:1134)
        at java.util.concurrent.ThreadPoolExecutor$Worker.run(ThreadPoolExecutor.java:624)
        at java.lang.Thread.run(Thread.java:750)
"EventQueue-PipelineReportForOneReplicaPipelineSafeModeRule" daemon prio=5 tid=821 in Object.wait()
java.lang.Thread.State: WAITING (on object monitor)
        at sun.misc.Unsafe.park(Native Method)
        at java.util.concurrent.locks.LockSupport.park(LockSupport.java:175)
        at java.util.concurrent.locks.AbstractQueuedSynchronizer$ConditionObject.await(AbstractQueuedSynchronizer.java:2039)
        at java.util.concurrent.LinkedBlockingQueue.take(LinkedBlockingQueue.java:442)
        at java.util.concurrent.ThreadPoolExecutor.getTask(ThreadPoolExecutor.java:1074)
        at java.util.concurrent.ThreadPoolExecutor.runWorker(ThreadPoolExecutor.java:1134)
        at java.util.concurrent.ThreadPoolExecutor$Worker.run(ThreadPoolExecutor.java:624)
        at java.lang.Thread.run(Thread.java:750)
"qtp361221719-589" daemon prio=5 tid=589 timed_waiting
java.lang.Thread.State: TIMED_WAITING
        at sun.misc.Unsafe.park(Native Method)
        at java.util.concurrent.locks.LockSupport.parkNanos(LockSupport.java:215)
        at java.util.concurrent.locks.AbstractQueuedSynchronizer$ConditionObject.awaitNanos(AbstractQueuedSynchronizer.java:2078)
        at org.eclipse.jetty.util.BlockingArrayQueue.poll(BlockingArrayQueue.java:382)
        at org.eclipse.jetty.util.thread.QueuedThreadPool$Runner.idleJobPoll(QueuedThreadPool.java:974)
        at org.eclipse.jetty.util.thread.QueuedThreadPool$Runner.run(QueuedThreadPool.java:1018)
        at java.lang.Thread.run(Thread.java:750)
"12adf753-b9bf-4e27-afc1-d809141df6d3-ChunkWriter-2-0" daemon prio=5 tid=752 in Object.wait()
java.lang.Thread.State: WAITING (on object monitor)
        at sun.misc.Unsafe.park(Native Method)
        at java.util.concurrent.locks.LockSupport.park(LockSupport.java:175)
        at java.util.concurrent.locks.AbstractQueuedSynchronizer$ConditionObject.await(AbstractQueuedSynchronizer.java:2039)
        at java.util.concurrent.LinkedBlockingDeque.takeFirst(LinkedBlockingDeque.java:492)
        at java.util.concurrent.LinkedBlockingDeque.take(LinkedBlockingDeque.java:680)
        at java.util.concurrent.ThreadPoolExecutor.getTask(ThreadPoolExecutor.java:1074)
        at java.util.concurrent.ThreadPoolExecutor.runWorker(ThreadPoolExecutor.java:1134)
        at java.util.concurrent.ThreadPoolExecutor$Worker.run(ThreadPoolExecutor.java:624)
        at java.lang.Thread.run(Thread.java:750)
"IPC Server handler 32 on default port 15001" daemon prio=5 tid=185 timed_waiting
java.lang.Thread.State: TIMED_WAITING
        at sun.misc.Unsafe.park(Native Method)
        at java.util.concurrent.locks.LockSupport.parkNanos(LockSupport.java:215)
        at java.util.concurrent.locks.AbstractQueuedSynchronizer$ConditionObject.awaitNanos(AbstractQueuedSynchronizer.java:2078)
        at java.util.concurrent.LinkedBlockingQueue.poll(LinkedBlockingQueue.java:467)
        at org.apache.hadoop.ipc.CallQueueManager.take(CallQueueManager.java:317)
        at org.apache.hadoop.ipc.Server$Handler.run(Server.java:3014)
"ContainerDataScanner(/home/runner/work/ozone/ozone/hadoop-ozone/integration-test/target/test-dir/MiniOzoneClusterImpl-b6d037e4-5d8b-4372-b4a2-3c33797d8bad/ozone-meta/datanode-3/data-0/hdds)" daemon prio=5 tid=768 timed_waiting
java.lang.Thread.State: TIMED_WAITING
        at java.lang.Thread.sleep(Native Method)
        at org.apache.hadoop.ozone.container.ozoneimpl.AbstractBackgroundContainerScanner.handleRemainingSleep(AbstractBackgroundContainerScanner.java:131)
        at org.apache.hadoop.ozone.container.ozoneimpl.AbstractBackgroundContainerScanner.runIteration(AbstractBackgroundContainerScanner.java:98)
        at org.apache.hadoop.ozone.container.ozoneimpl.AbstractBackgroundContainerScanner.run(AbstractBackgroundContainerScanner.java:57)
"IPC Server handler 20 on default port 15009" daemon prio=5 tid=491 timed_waiting
java.lang.Thread.State: TIMED_WAITING
        at sun.misc.Unsafe.park(Native Method)
        at java.util.concurrent.locks.LockSupport.parkNanos(LockSupport.java:215)
        at java.util.concurrent.locks.AbstractQueuedSynchronizer$ConditionObject.awaitNanos(AbstractQueuedSynchronizer.java:2078)
        at java.util.concurrent.LinkedBlockingQueue.poll(LinkedBlockingQueue.java:467)
        at org.apache.hadoop.ipc.CallQueueManager.take(CallQueueManager.java:317)
        at org.apache.hadoop.ipc.Server$Handler.run(Server.java:3014)
"IPC Server handler 49 on default port 15002" daemon prio=5 tid=302 timed_waiting
java.lang.Thread.State: TIMED_WAITING
        at sun.misc.Unsafe.park(Native Method)
        at java.util.concurrent.locks.LockSupport.parkNanos(LockSupport.java:215)
        at java.util.concurrent.locks.AbstractQueuedSynchronizer$ConditionObject.awaitNanos(AbstractQueuedSynchronizer.java:2078)
        at java.util.concurrent.LinkedBlockingQueue.poll(LinkedBlockingQueue.java:467)
        at org.apache.hadoop.ipc.CallQueueManager.take(CallQueueManager.java:317)
        at org.apache.hadoop.ipc.Server$Handler.run(Server.java:3014)
"IPC Server handler 35 on default port 15009" daemon prio=5 tid=506 timed_waiting
java.lang.Thread.State: TIMED_WAITING
        at sun.misc.Unsafe.park(Native Method)
        at java.util.concurrent.locks.LockSupport.parkNanos(LockSupport.java:215)
        at java.util.concurrent.locks.AbstractQueuedSynchronizer$ConditionObject.awaitNanos(AbstractQueuedSynchronizer.java:2078)
        at java.util.concurrent.LinkedBlockingQueue.poll(LinkedBlockingQueue.java:467)
        at org.apache.hadoop.ipc.CallQueueManager.take(CallQueueManager.java:317)
        at org.apache.hadoop.ipc.Server$Handler.run(Server.java:3014)
"IPC Server Responder" daemon prio=5 tid=707 runnable
java.lang.Thread.State: RUNNABLE
        at sun.nio.ch.EPollArrayWrapper.epollWait(Native Method)
        at sun.nio.ch.EPollArrayWrapper.poll(EPollArrayWrapper.java:269)
        at sun.nio.ch.EPollSelectorImpl.doSelect(EPollSelectorImpl.java:93)
        at sun.nio.ch.SelectorImpl.lockAndDoSelect(SelectorImpl.java:86)
        at sun.nio.ch.SelectorImpl.select(SelectorImpl.java:97)
        at org.apache.hadoop.ipc.Server$Responder.doRunLoop(Server.java:1582)
        at org.apache.hadoop.ipc.Server$Responder.run(Server.java:1565)
"IPC Server listener on 15039" daemon prio=5 tid=676 runnable
java.lang.Thread.State: RUNNABLE
        at sun.nio.ch.EPollArrayWrapper.epollWait(Native Method)
        at sun.nio.ch.EPollArrayWrapper.poll(EPollArrayWrapper.java:269)
        at sun.nio.ch.EPollSelectorImpl.doSelect(EPollSelectorImpl.java:93)
        at sun.nio.ch.SelectorImpl.lockAndDoSelect(SelectorImpl.java:86)
        at sun.nio.ch.SelectorImpl.select(SelectorImpl.java:97)
        at sun.nio.ch.SelectorImpl.select(SelectorImpl.java:101)
        at org.apache.hadoop.ipc.Server$Listener.run(Server.java:1408)
"qtp361221719-585-acceptor-0@8b85822-ServerConnector@7b1806be{HTTP/1.1, (http/1.1)}{0.0.0.0:15011}" daemon prio=3 tid=585 runnable
java.lang.Thread.State: RUNNABLE
        at sun.nio.ch.ServerSocketChannelImpl.accept0(Native Method)
        at sun.nio.ch.ServerSocketChannelImpl.accept(ServerSocketChannelImpl.java:421)
        at sun.nio.ch.ServerSocketChannelImpl.accept(ServerSocketChannelImpl.java:249)
        at org.eclipse.jetty.server.ServerConnector.accept(ServerConnector.java:388)
        at org.eclipse.jetty.server.AbstractConnector$Acceptor.run(AbstractConnector.java:704)
        at org.eclipse.jetty.util.thread.QueuedThreadPool.runJob(QueuedThreadPool.java:883)
        at org.eclipse.jetty.util.thread.QueuedThreadPool$Runner.run(QueuedThreadPool.java:1034)
        at java.lang.Thread.run(Thread.java:750)
"IPC Server handler 56 on default port 15009" daemon prio=5 tid=527 timed_waiting
java.lang.Thread.State: TIMED_WAITING
        at sun.misc.Unsafe.park(Native Method)
        at java.util.concurrent.locks.LockSupport.parkNanos(LockSupport.java:215)
        at java.util.concurrent.locks.AbstractQueuedSynchronizer$ConditionObject.awaitNanos(AbstractQueuedSynchronizer.java:2078)
        at java.util.concurrent.LinkedBlockingQueue.poll(LinkedBlockingQueue.java:467)
        at org.apache.hadoop.ipc.CallQueueManager.take(CallQueueManager.java:317)
        at org.apache.hadoop.ipc.Server$Handler.run(Server.java:3014)
"12adf753-b9bf-4e27-afc1-d809141df6d3-BlockDeletingService#0" daemon prio=5 tid=756 in Object.wait()
java.lang.Thread.State: WAITING (on object monitor)
        at sun.misc.Unsafe.park(Native Method)
        at java.util.concurrent.locks.LockSupport.park(LockSupport.java:175)
        at java.util.concurrent.locks.AbstractQueuedSynchronizer$ConditionObject.await(AbstractQueuedSynchronizer.java:2039)
        at java.util.concurrent.ScheduledThreadPoolExecutor$DelayedWorkQueue.take(ScheduledThreadPoolExecutor.java:1088)
        at java.util.concurrent.ScheduledThreadPoolExecutor$DelayedWorkQueue.take(ScheduledThreadPoolExecutor.java:809)
        at java.util.concurrent.ThreadPoolExecutor.getTask(ThreadPoolExecutor.java:1074)
        at java.util.concurrent.ThreadPoolExecutor.runWorker(ThreadPoolExecutor.java:1134)
        at java.util.concurrent.ThreadPoolExecutor$Worker.run(ThreadPoolExecutor.java:624)
        at java.lang.Thread.run(Thread.java:750)
"pool-142-thread-1"  prio=5 tid=610 timed_waiting
java.lang.Thread.State: TIMED_WAITING
        at sun.misc.Unsafe.park(Native Method)
        at java.util.concurrent.locks.LockSupport.parkNanos(LockSupport.java:215)
        at java.util.concurrent.locks.AbstractQueuedSynchronizer$ConditionObject.awaitNanos(AbstractQueuedSynchronizer.java:2078)
        at java.util.concurrent.ScheduledThreadPoolExecutor$DelayedWorkQueue.take(ScheduledThreadPoolExecutor.java:1093)
        at java.util.concurrent.ScheduledThreadPoolExecutor$DelayedWorkQueue.take(ScheduledThreadPoolExecutor.java:809)
        at java.util.concurrent.ThreadPoolExecutor.getTask(ThreadPoolExecutor.java:1074)
        at java.util.concurrent.ThreadPoolExecutor.runWorker(ThreadPoolExecutor.java:1134)
        at java.util.concurrent.ThreadPoolExecutor$Worker.run(ThreadPoolExecutor.java:624)
        at java.lang.Thread.run(Thread.java:750)
"IPC Server handler 84 on default port 15000" daemon prio=5 tid=137 timed_waiting
java.lang.Thread.State: TIMED_WAITING
        at sun.misc.Unsafe.park(Native Method)
        at java.util.concurrent.locks.LockSupport.parkNanos(LockSupport.java:215)
        at java.util.concurrent.locks.AbstractQueuedSynchronizer$ConditionObject.awaitNanos(AbstractQueuedSynchronizer.java:2078)
        at java.util.concurrent.LinkedBlockingQueue.poll(LinkedBlockingQueue.java:467)
        at org.apache.hadoop.ipc.CallQueueManager.take(CallQueueManager.java:317)
        at org.apache.hadoop.ipc.Server$Handler.run(Server.java:3014)
"IPC Server handler 62 on default port 15002" daemon prio=5 tid=315 timed_waiting
java.lang.Thread.State: TIMED_WAITING
        at sun.misc.Unsafe.park(Native Method)
        at java.util.concurrent.locks.LockSupport.parkNanos(LockSupport.java:215)
        at java.util.concurrent.locks.AbstractQueuedSynchronizer$ConditionObject.awaitNanos(AbstractQueuedSynchronizer.java:2078)
        at java.util.concurrent.LinkedBlockingQueue.poll(LinkedBlockingQueue.java:467)
        at org.apache.hadoop.ipc.CallQueueManager.take(CallQueueManager.java:317)
        at org.apache.hadoop.ipc.Server$Handler.run(Server.java:3014)
"IPC Server handler 42 on default port 15002" daemon prio=5 tid=295 timed_waiting
java.lang.Thread.State: TIMED_WAITING
        at sun.misc.Unsafe.park(Native Method)
        at java.util.concurrent.locks.LockSupport.parkNanos(LockSupport.java:215)
        at java.util.concurrent.locks.AbstractQueuedSynchronizer$ConditionObject.awaitNanos(AbstractQueuedSynchronizer.java:2078)
        at java.util.concurrent.LinkedBlockingQueue.poll(LinkedBlockingQueue.java:467)
        at org.apache.hadoop.ipc.CallQueueManager.take(CallQueueManager.java:317)
        at org.apache.hadoop.ipc.Server$Handler.run(Server.java:3014)
"IPC Server Responder" daemon prio=5 tid=35 runnable
java.lang.Thread.State: RUNNABLE
        at sun.nio.ch.EPollArrayWrapper.epollWait(Native Method)
        at sun.nio.ch.EPollArrayWrapper.poll(EPollArrayWrapper.java:269)
        at sun.nio.ch.EPollSelectorImpl.doSelect(EPollSelectorImpl.java:93)
        at sun.nio.ch.SelectorImpl.lockAndDoSelect(SelectorImpl.java:86)
        at sun.nio.ch.SelectorImpl.select(SelectorImpl.java:97)
        at org.apache.hadoop.ipc.Server$Responder.doRunLoop(Server.java:1582)
        at org.apache.hadoop.ipc.Server$Responder.run(Server.java:1565)
"IPC Server handler 58 on default port 15001" daemon prio=5 tid=211 timed_waiting
java.lang.Thread.State: TIMED_WAITING
        at sun.misc.Unsafe.park(Native Method)
        at java.util.concurrent.locks.LockSupport.parkNanos(LockSupport.java:215)
        at java.util.concurrent.locks.AbstractQueuedSynchronizer$ConditionObject.awaitNanos(AbstractQueuedSynchronizer.java:2078)
        at java.util.concurrent.LinkedBlockingQueue.poll(LinkedBlockingQueue.java:467)
        at org.apache.hadoop.ipc.CallQueueManager.take(CallQueueManager.java:317)
        at org.apache.hadoop.ipc.Server$Handler.run(Server.java:3014)
"qtp1918537167-463" daemon prio=5 tid=463 timed_waiting
java.lang.Thread.State: TIMED_WAITING
        at sun.misc.Unsafe.park(Native Method)
        at java.util.concurrent.locks.LockSupport.parkNanos(LockSupport.java:215)
        at java.util.concurrent.SynchronousQueue$TransferStack.awaitFulfill(SynchronousQueue.java:460)
        at java.util.concurrent.SynchronousQueue$TransferStack.transfer(SynchronousQueue.java:362)
        at java.util.concurrent.SynchronousQueue.poll(SynchronousQueue.java:941)
        at org.eclipse.jetty.util.thread.ReservedThreadExecutor$ReservedThread.reservedWait(ReservedThreadExecutor.java:324)
        at org.eclipse.jetty.util.thread.ReservedThreadExecutor$ReservedThread.run(ReservedThreadExecutor.java:399)
        at org.eclipse.jetty.util.thread.QueuedThreadPool.runJob(QueuedThreadPool.java:883)
        at org.eclipse.jetty.util.thread.QueuedThreadPool$Runner.run(QueuedThreadPool.java:1034)
        at java.lang.Thread.run(Thread.java:750)
"timer5" daemon prio=5 tid=944 timed_waiting
java.lang.Thread.State: TIMED_WAITING
        at java.lang.Object.wait(Native Method)
        at java.util.TimerThread.mainLoop(Timer.java:552)
        at java.util.TimerThread.run(Timer.java:505)
"IPC Server handler 95 on default port 15000" daemon prio=5 tid=148 timed_waiting
java.lang.Thread.State: TIMED_WAITING
        at sun.misc.Unsafe.park(Native Method)
        at java.util.concurrent.locks.LockSupport.parkNanos(LockSupport.java:215)
        at java.util.concurrent.locks.AbstractQueuedSynchronizer$ConditionObject.awaitNanos(AbstractQueuedSynchronizer.java:2078)
        at java.util.concurrent.LinkedBlockingQueue.poll(LinkedBlockingQueue.java:467)
        at org.apache.hadoop.ipc.CallQueueManager.take(CallQueueManager.java:317)
        at org.apache.hadoop.ipc.Server$Handler.run(Server.java:3014)
"IPC Server handler 32 on default port 15009" daemon prio=5 tid=503 timed_waiting
java.lang.Thread.State: TIMED_WAITING
        at sun.misc.Unsafe.park(Native Method)
        at java.util.concurrent.locks.LockSupport.parkNanos(LockSupport.java:215)
        at java.util.concurrent.locks.AbstractQueuedSynchronizer$ConditionObject.awaitNanos(AbstractQueuedSynchronizer.java:2078)
        at java.util.concurrent.LinkedBlockingQueue.poll(LinkedBlockingQueue.java:467)
        at org.apache.hadoop.ipc.CallQueueManager.take(CallQueueManager.java:317)
        at org.apache.hadoop.ipc.Server$Handler.run(Server.java:3014)
"IPC Server handler 60 on default port 15001" daemon prio=5 tid=213 timed_waiting
java.lang.Thread.State: TIMED_WAITING
        at sun.misc.Unsafe.park(Native Method)
        at java.util.concurrent.locks.LockSupport.parkNanos(LockSupport.java:215)
        at java.util.concurrent.locks.AbstractQueuedSynchronizer$ConditionObject.awaitNanos(AbstractQueuedSynchronizer.java:2078)
        at java.util.concurrent.LinkedBlockingQueue.poll(LinkedBlockingQueue.java:467)
        at org.apache.hadoop.ipc.CallQueueManager.take(CallQueueManager.java:317)
        at org.apache.hadoop.ipc.Server$Handler.run(Server.java:3014)
"IPC Server handler 28 on default port 15009" daemon prio=5 tid=499 timed_waiting
java.lang.Thread.State: TIMED_WAITING
        at sun.misc.Unsafe.park(Native Method)
        at java.util.concurrent.locks.LockSupport.parkNanos(LockSupport.java:215)
        at java.util.concurrent.locks.AbstractQueuedSynchronizer$ConditionObject.awaitNanos(AbstractQueuedSynchronizer.java:2078)
        at java.util.concurrent.LinkedBlockingQueue.poll(LinkedBlockingQueue.java:467)
        at org.apache.hadoop.ipc.CallQueueManager.take(CallQueueManager.java:317)
        at org.apache.hadoop.ipc.Server$Handler.run(Server.java:3014)
"IPC Server handler 24 on default port 15001" daemon prio=5 tid=177 timed_waiting
java.lang.Thread.State: TIMED_WAITING
        at sun.misc.Unsafe.park(Native Method)
        at java.util.concurrent.locks.LockSupport.parkNanos(LockSupport.java:215)
        at java.util.concurrent.locks.AbstractQueuedSynchronizer$ConditionObject.awaitNanos(AbstractQueuedSynchronizer.java:2078)
        at java.util.concurrent.LinkedBlockingQueue.poll(LinkedBlockingQueue.java:467)
        at org.apache.hadoop.ipc.CallQueueManager.take(CallQueueManager.java:317)
        at org.apache.hadoop.ipc.Server$Handler.run(Server.java:3014)
"IPC Server handler 31 on default port 15000" daemon prio=5 tid=84 timed_waiting
java.lang.Thread.State: TIMED_WAITING
        at sun.misc.Unsafe.park(Native Method)
        at java.util.concurrent.locks.LockSupport.parkNanos(LockSupport.java:215)
        at java.util.concurrent.locks.AbstractQueuedSynchronizer$ConditionObject.awaitNanos(AbstractQueuedSynchronizer.java:2078)
        at java.util.concurrent.LinkedBlockingQueue.poll(LinkedBlockingQueue.java:467)
        at org.apache.hadoop.ipc.CallQueueManager.take(CallQueueManager.java:317)
        at org.apache.hadoop.ipc.Server$Handler.run(Server.java:3014)
"IPC Server handler 55 on default port 15002" daemon prio=5 tid=308 timed_waiting
java.lang.Thread.State: TIMED_WAITING
        at sun.misc.Unsafe.park(Native Method)
        at java.util.concurrent.locks.LockSupport.parkNanos(LockSupport.java:215)
        at java.util.concurrent.locks.AbstractQueuedSynchronizer$ConditionObject.awaitNanos(AbstractQueuedSynchronizer.java:2078)
        at java.util.concurrent.LinkedBlockingQueue.poll(LinkedBlockingQueue.java:467)
        at org.apache.hadoop.ipc.CallQueueManager.take(CallQueueManager.java:317)
        at org.apache.hadoop.ipc.Server$Handler.run(Server.java:3014)
"IPC Server handler 15 on default port 15002" daemon prio=5 tid=268 timed_waiting
java.lang.Thread.State: TIMED_WAITING
        at sun.misc.Unsafe.park(Native Method)
        at java.util.concurrent.locks.LockSupport.parkNanos(LockSupport.java:215)
        at java.util.concurrent.locks.AbstractQueuedSynchronizer$ConditionObject.awaitNanos(AbstractQueuedSynchronizer.java:2078)
        at java.util.concurrent.LinkedBlockingQueue.poll(LinkedBlockingQueue.java:467)
        at org.apache.hadoop.ipc.CallQueueManager.take(CallQueueManager.java:317)
        at org.apache.hadoop.ipc.Server$Handler.run(Server.java:3014)
"IPC Server handler 7 on default port 15009" daemon prio=5 tid=478 timed_waiting
java.lang.Thread.State: TIMED_WAITING
        at sun.misc.Unsafe.park(Native Method)
        at java.util.concurrent.locks.LockSupport.parkNanos(LockSupport.java:215)
        at java.util.concurrent.locks.AbstractQueuedSynchronizer$ConditionObject.awaitNanos(AbstractQueuedSynchronizer.java:2078)
        at java.util.concurrent.LinkedBlockingQueue.poll(LinkedBlockingQueue.java:467)
        at org.apache.hadoop.ipc.CallQueueManager.take(CallQueueManager.java:317)
        at org.apache.hadoop.ipc.Server$Handler.run(Server.java:3014)
"StaleRecoveringContainerScrubbingService#0" daemon prio=5 tid=776 in Object.wait()
java.lang.Thread.State: WAITING (on object monitor)
        at sun.misc.Unsafe.park(Native Method)
        at java.util.concurrent.locks.LockSupport.park(LockSupport.java:175)
        at java.util.concurrent.locks.AbstractQueuedSynchronizer$ConditionObject.await(AbstractQueuedSynchronizer.java:2039)
        at java.util.concurrent.ScheduledThreadPoolExecutor$DelayedWorkQueue.take(ScheduledThreadPoolExecutor.java:1088)
        at java.util.concurrent.ScheduledThreadPoolExecutor$DelayedWorkQueue.take(ScheduledThreadPoolExecutor.java:809)
        at java.util.concurrent.ThreadPoolExecutor.getTask(ThreadPoolExecutor.java:1074)
        at java.util.concurrent.ThreadPoolExecutor.runWorker(ThreadPoolExecutor.java:1134)
        at java.util.concurrent.ThreadPoolExecutor$Worker.run(ThreadPoolExecutor.java:624)
        at java.lang.Thread.run(Thread.java:750)
"Recon-FixedThreadPoolWithAffinityExecutor-3-0" daemon prio=5 tid=451 timed_waiting
java.lang.Thread.State: TIMED_WAITING
        at sun.misc.Unsafe.park(Native Method)
        at java.util.concurrent.locks.LockSupport.parkNanos(LockSupport.java:215)
        at java.util.concurrent.locks.AbstractQueuedSynchronizer$ConditionObject.awaitNanos(AbstractQueuedSynchronizer.java:2078)
        at java.util.concurrent.LinkedBlockingQueue.poll(LinkedBlockingQueue.java:467)
        at org.apache.hadoop.hdds.scm.server.ContainerReportQueue.poll(ContainerReportQueue.java:269)
        at org.apache.hadoop.hdds.scm.server.ContainerReportQueue.poll(ContainerReportQueue.java:42)
        at org.apache.hadoop.hdds.server.events.FixedThreadPoolWithAffinityExecutor$ContainerReportProcessTask.run(FixedThreadPoolWithAffinityExecutor.java:253)
        at java.util.concurrent.Executors$RunnableAdapter.call(Executors.java:511)
        at java.util.concurrent.FutureTask.run(FutureTask.java:266)
        at java.util.concurrent.ThreadPoolExecutor.runWorker(ThreadPoolExecutor.java:1149)
        at java.util.concurrent.ThreadPoolExecutor$Worker.run(ThreadPoolExecutor.java:624)
        at java.lang.Thread.run(Thread.java:750)
"IPC Server handler 71 on default port 15001" daemon prio=5 tid=224 timed_waiting
java.lang.Thread.State: TIMED_WAITING
        at sun.misc.Unsafe.park(Native Method)
        at java.util.concurrent.locks.LockSupport.parkNanos(LockSupport.java:215)
        at java.util.concurrent.locks.AbstractQueuedSynchronizer$ConditionObject.awaitNanos(AbstractQueuedSynchronizer.java:2078)
        at java.util.concurrent.LinkedBlockingQueue.poll(LinkedBlockingQueue.java:467)
        at org.apache.hadoop.ipc.CallQueueManager.take(CallQueueManager.java:317)
        at org.apache.hadoop.ipc.Server$Handler.run(Server.java:3014)
"IPC Server handler 29 on default port 15001" daemon prio=5 tid=182 timed_waiting
java.lang.Thread.State: TIMED_WAITING
        at sun.misc.Unsafe.park(Native Method)
        at java.util.concurrent.locks.LockSupport.parkNanos(LockSupport.java:215)
        at java.util.concurrent.locks.AbstractQueuedSynchronizer$ConditionObject.awaitNanos(AbstractQueuedSynchronizer.java:2078)
        at java.util.concurrent.LinkedBlockingQueue.poll(LinkedBlockingQueue.java:467)
        at org.apache.hadoop.ipc.CallQueueManager.take(CallQueueManager.java:317)
        at org.apache.hadoop.ipc.Server$Handler.run(Server.java:3014)
"12adf753-b9bf-4e27-afc1-d809141df6d3@group-F914C1362A36-SegmentedRaftLogWorker"  prio=5 tid=1146 timed_waiting
java.lang.Thread.State: TIMED_WAITING
        at sun.misc.Unsafe.park(Native Method)
        at java.util.concurrent.locks.LockSupport.parkNanos(LockSupport.java:215)
        at java.util.concurrent.locks.AbstractQueuedSynchronizer$ConditionObject.awaitNanos(AbstractQueuedSynchronizer.java:2078)
        at org.apache.ratis.util.DataBlockingQueue.poll(DataBlockingQueue.java:148)
        at org.apache.ratis.server.raftlog.segmented.SegmentedRaftLogWorker.run(SegmentedRaftLogWorker.java:299)
        at org.apache.ratis.server.raftlog.segmented.SegmentedRaftLogWorker$$Lambda$917/278430812.run(Unknown Source)
        at java.util.concurrent.Executors$RunnableAdapter.call(Executors.java:511)
        at java.util.concurrent.FutureTask.run(FutureTask.java:266)
        at java.util.concurrent.ThreadPoolExecutor.runWorker(ThreadPoolExecutor.java:1149)
        at java.util.concurrent.ThreadPoolExecutor$Worker.run(ThreadPoolExecutor.java:624)
        at java.lang.Thread.run(Thread.java:750)
"IPC Server handler 38 on default port 15002" daemon prio=5 tid=291 timed_waiting
java.lang.Thread.State: TIMED_WAITING
        at sun.misc.Unsafe.park(Native Method)
        at java.util.concurrent.locks.LockSupport.parkNanos(LockSupport.java:215)
        at java.util.concurrent.locks.AbstractQueuedSynchronizer$ConditionObject.awaitNanos(AbstractQueuedSynchronizer.java:2078)
        at java.util.concurrent.LinkedBlockingQueue.poll(LinkedBlockingQueue.java:467)
        at org.apache.hadoop.ipc.CallQueueManager.take(CallQueueManager.java:317)
        at org.apache.hadoop.ipc.Server$Handler.run(Server.java:3014)
"IPC Server handler 44 on default port 15000" daemon prio=5 tid=97 timed_waiting
java.lang.Thread.State: TIMED_WAITING
        at sun.misc.Unsafe.park(Native Method)
        at java.util.concurrent.locks.LockSupport.parkNanos(LockSupport.java:215)
        at java.util.concurrent.locks.AbstractQueuedSynchronizer$ConditionObject.awaitNanos(AbstractQueuedSynchronizer.java:2078)
        at java.util.concurrent.LinkedBlockingQueue.poll(LinkedBlockingQueue.java:467)
        at org.apache.hadoop.ipc.CallQueueManager.take(CallQueueManager.java:317)
        at org.apache.hadoop.ipc.Server$Handler.run(Server.java:3014)
"PartialTableCache-Cleanup-0" daemon prio=5 tid=958 in Object.wait()
java.lang.Thread.State: WAITING (on object monitor)
        at sun.misc.Unsafe.park(Native Method)
        at java.util.concurrent.locks.LockSupport.park(LockSupport.java:175)
        at java.util.concurrent.locks.AbstractQueuedSynchronizer$ConditionObject.await(AbstractQueuedSynchronizer.java:2039)
        at java.util.concurrent.LinkedBlockingQueue.take(LinkedBlockingQueue.java:442)
        at java.util.concurrent.ThreadPoolExecutor.getTask(ThreadPoolExecutor.java:1074)
        at java.util.concurrent.ThreadPoolExecutor.runWorker(ThreadPoolExecutor.java:1134)
        at java.util.concurrent.ThreadPoolExecutor$Worker.run(ThreadPoolExecutor.java:624)
        at java.lang.Thread.run(Thread.java:750)
"dc82d807-438e-4f31-a873-936b5ae41996-DatanodeStateMachineTaskThread-1"  prio=5 tid=718 in Object.wait()
java.lang.Thread.State: WAITING (on object monitor)
        at sun.misc.Unsafe.park(Native Method)
        at java.util.concurrent.locks.LockSupport.park(LockSupport.java:175)
        at java.util.concurrent.locks.AbstractQueuedSynchronizer$ConditionObject.await(AbstractQueuedSynchronizer.java:2039)
        at java.util.concurrent.LinkedBlockingQueue.take(LinkedBlockingQueue.java:442)
        at java.util.concurrent.ThreadPoolExecutor.getTask(ThreadPoolExecutor.java:1074)
        at java.util.concurrent.ThreadPoolExecutor.runWorker(ThreadPoolExecutor.java:1134)
        at java.util.concurrent.ThreadPoolExecutor$Worker.run(ThreadPoolExecutor.java:624)
        at java.lang.Thread.run(Thread.java:750)
"JvmPauseMonitor7" daemon prio=5 tid=811 timed_waiting
java.lang.Thread.State: TIMED_WAITING
        at java.lang.Thread.sleep(Native Method)
        at java.lang.Thread.sleep(Thread.java:342)
        at java.util.concurrent.TimeUnit.sleep(TimeUnit.java:386)
        at org.apache.ratis.util.TimeDuration.sleep(TimeDuration.java:353)
        at org.apache.ratis.util.TimeDuration.sleep(TimeDuration.java:338)
        at org.apache.ratis.util.JvmPauseMonitor.detectPause(JvmPauseMonitor.java:160)
        at org.apache.ratis.util.JvmPauseMonitor.run(JvmPauseMonitor.java:149)
        at org.apache.ratis.util.JvmPauseMonitor$$Lambda$554/742131199.run(Unknown Source)
        at java.lang.Thread.run(Thread.java:750)
"IPC Server handler 63 on default port 15000" daemon prio=5 tid=116 timed_waiting
java.lang.Thread.State: TIMED_WAITING
        at sun.misc.Unsafe.park(Native Method)
        at java.util.concurrent.locks.LockSupport.parkNanos(LockSupport.java:215)
        at java.util.concurrent.locks.AbstractQueuedSynchronizer$ConditionObject.awaitNanos(AbstractQueuedSynchronizer.java:2078)
        at java.util.concurrent.LinkedBlockingQueue.poll(LinkedBlockingQueue.java:467)
        at org.apache.hadoop.ipc.CallQueueManager.take(CallQueueManager.java:317)
        at org.apache.hadoop.ipc.Server$Handler.run(Server.java:3014)
"EventQueue-PipelineReportForPipelineReportHandler" daemon prio=5 tid=822 in Object.wait()
java.lang.Thread.State: WAITING (on object monitor)
        at sun.misc.Unsafe.park(Native Method)
        at java.util.concurrent.locks.LockSupport.park(LockSupport.java:175)
        at java.util.concurrent.locks.AbstractQueuedSynchronizer$ConditionObject.await(AbstractQueuedSynchronizer.java:2039)
        at java.util.concurrent.LinkedBlockingQueue.take(LinkedBlockingQueue.java:442)
        at java.util.concurrent.ThreadPoolExecutor.getTask(ThreadPoolExecutor.java:1074)
        at java.util.concurrent.ThreadPoolExecutor.runWorker(ThreadPoolExecutor.java:1134)
        at java.util.concurrent.ThreadPoolExecutor$Worker.run(ThreadPoolExecutor.java:624)
        at java.lang.Thread.run(Thread.java:750)
"qtp496161074-361" daemon prio=5 tid=361 timed_waiting
java.lang.Thread.State: TIMED_WAITING
        at sun.misc.Unsafe.park(Native Method)
        at java.util.concurrent.locks.LockSupport.parkNanos(LockSupport.java:215)
        at java.util.concurrent.locks.AbstractQueuedSynchronizer$ConditionObject.awaitNanos(AbstractQueuedSynchronizer.java:2078)
        at org.eclipse.jetty.util.BlockingArrayQueue.poll(BlockingArrayQueue.java:382)
        at org.eclipse.jetty.util.thread.QueuedThreadPool$Runner.idleJobPoll(QueuedThreadPool.java:974)
        at org.eclipse.jetty.util.thread.QueuedThreadPool$Runner.run(QueuedThreadPool.java:1018)
        at java.lang.Thread.run(Thread.java:750)
"timer6" daemon prio=5 tid=947 timed_waiting
java.lang.Thread.State: TIMED_WAITING
        at java.lang.Object.wait(Native Method)
        at java.util.TimerThread.mainLoop(Timer.java:552)
        at java.util.TimerThread.run(Timer.java:505)
"qtp1249016169-611" daemon prio=5 tid=611 runnable
java.lang.Thread.State: RUNNABLE
        at sun.nio.ch.EPollArrayWrapper.epollWait(Native Method)
        at sun.nio.ch.EPollArrayWrapper.poll(EPollArrayWrapper.java:269)
        at sun.nio.ch.EPollSelectorImpl.doSelect(EPollSelectorImpl.java:93)
        at sun.nio.ch.SelectorImpl.lockAndDoSelect(SelectorImpl.java:86)
        at sun.nio.ch.SelectorImpl.select(SelectorImpl.java:97)
        at sun.nio.ch.SelectorImpl.select(SelectorImpl.java:101)
        at org.eclipse.jetty.io.ManagedSelector.nioSelect(ManagedSelector.java:183)
        at org.eclipse.jetty.io.ManagedSelector.select(ManagedSelector.java:190)
        at org.eclipse.jetty.io.ManagedSelector$SelectorProducer.select(ManagedSelector.java:606)
        at org.eclipse.jetty.io.ManagedSelector$SelectorProducer.produce(ManagedSelector.java:543)
        at org.eclipse.jetty.util.thread.strategy.EatWhatYouKill.produceTask(EatWhatYouKill.java:362)
        at org.eclipse.jetty.util.thread.strategy.EatWhatYouKill.doProduce(EatWhatYouKill.java:186)
        at org.eclipse.jetty.util.thread.strategy.EatWhatYouKill.tryProduce(EatWhatYouKill.java:173)
        at org.eclipse.jetty.util.thread.strategy.EatWhatYouKill.produce(EatWhatYouKill.java:137)
        at org.eclipse.jetty.io.ManagedSelector$$Lambda$594/551825973.run(Unknown Source)
        at org.eclipse.jetty.util.thread.QueuedThreadPool.runJob(QueuedThreadPool.java:883)
        at org.eclipse.jetty.util.thread.QueuedThreadPool$Runner.run(QueuedThreadPool.java:1034)
        at java.lang.Thread.run(Thread.java:750)
"IPC Server handler 98 on default port 15000" daemon prio=5 tid=151 timed_waiting
java.lang.Thread.State: TIMED_WAITING
        at sun.misc.Unsafe.park(Native Method)
        at java.util.concurrent.locks.LockSupport.parkNanos(LockSupport.java:215)
        at java.util.concurrent.locks.AbstractQueuedSynchronizer$ConditionObject.awaitNanos(AbstractQueuedSynchronizer.java:2078)
        at java.util.concurrent.LinkedBlockingQueue.poll(LinkedBlockingQueue.java:467)
        at org.apache.hadoop.ipc.CallQueueManager.take(CallQueueManager.java:317)
        at org.apache.hadoop.ipc.Server$Handler.run(Server.java:3014)
"StaleRecoveringContainerScrubbingService#2" daemon prio=5 tid=1183 in Object.wait()
java.lang.Thread.State: WAITING (on object monitor)
        at sun.misc.Unsafe.park(Native Method)
        at java.util.concurrent.locks.LockSupport.park(LockSupport.java:175)
        at java.util.concurrent.locks.AbstractQueuedSynchronizer$ConditionObject.await(AbstractQueuedSynchronizer.java:2039)
        at java.util.concurrent.ScheduledThreadPoolExecutor$DelayedWorkQueue.take(ScheduledThreadPoolExecutor.java:1088)
        at java.util.concurrent.ScheduledThreadPoolExecutor$DelayedWorkQueue.take(ScheduledThreadPoolExecutor.java:809)
        at java.util.concurrent.ThreadPoolExecutor.getTask(ThreadPoolExecutor.java:1074)
        at java.util.concurrent.ThreadPoolExecutor.runWorker(ThreadPoolExecutor.java:1134)
        at java.util.concurrent.ThreadPoolExecutor$Worker.run(ThreadPoolExecutor.java:624)
        at java.lang.Thread.run(Thread.java:750)
"IPC Server handler 47 on default port 15002" daemon prio=5 tid=300 timed_waiting
java.lang.Thread.State: TIMED_WAITING
        at sun.misc.Unsafe.park(Native Method)
        at java.util.concurrent.locks.LockSupport.parkNanos(LockSupport.java:215)
        at java.util.concurrent.locks.AbstractQueuedSynchronizer$ConditionObject.awaitNanos(AbstractQueuedSynchronizer.java:2078)
        at java.util.concurrent.LinkedBlockingQueue.poll(LinkedBlockingQueue.java:467)
        at org.apache.hadoop.ipc.CallQueueManager.take(CallQueueManager.java:317)
        at org.apache.hadoop.ipc.Server$Handler.run(Server.java:3014)
"StaleRecoveringContainerScrubbingService#0" daemon prio=5 tid=757 in Object.wait()
java.lang.Thread.State: WAITING (on object monitor)
        at sun.misc.Unsafe.park(Native Method)
        at java.util.concurrent.locks.LockSupport.park(LockSupport.java:175)
        at java.util.concurrent.locks.AbstractQueuedSynchronizer$ConditionObject.await(AbstractQueuedSynchronizer.java:2039)
        at java.util.concurrent.ScheduledThreadPoolExecutor$DelayedWorkQueue.take(ScheduledThreadPoolExecutor.java:1088)
        at java.util.concurrent.ScheduledThreadPoolExecutor$DelayedWorkQueue.take(ScheduledThreadPoolExecutor.java:809)
        at java.util.concurrent.ThreadPoolExecutor.getTask(ThreadPoolExecutor.java:1074)
        at java.util.concurrent.ThreadPoolExecutor.runWorker(ThreadPoolExecutor.java:1134)
        at java.util.concurrent.ThreadPoolExecutor$Worker.run(ThreadPoolExecutor.java:624)
        at java.lang.Thread.run(Thread.java:750)
"IPC Server handler 10 on default port 15001" daemon prio=5 tid=163 timed_waiting
java.lang.Thread.State: TIMED_WAITING
        at sun.misc.Unsafe.park(Native Method)
        at java.util.concurrent.locks.LockSupport.parkNanos(LockSupport.java:215)
        at java.util.concurrent.locks.AbstractQueuedSynchronizer$ConditionObject.awaitNanos(AbstractQueuedSynchronizer.java:2078)
        at java.util.concurrent.LinkedBlockingQueue.poll(LinkedBlockingQueue.java:467)
        at org.apache.hadoop.ipc.CallQueueManager.take(CallQueueManager.java:317)
        at org.apache.hadoop.ipc.Server$Handler.run(Server.java:3014)
"IPC Server handler 16 on default port 15009" daemon prio=5 tid=487 timed_waiting
java.lang.Thread.State: TIMED_WAITING
        at sun.misc.Unsafe.park(Native Method)
        at java.util.concurrent.locks.LockSupport.parkNanos(LockSupport.java:215)
        at java.util.concurrent.locks.AbstractQueuedSynchronizer$ConditionObject.awaitNanos(AbstractQueuedSynchronizer.java:2078)
        at java.util.concurrent.LinkedBlockingQueue.poll(LinkedBlockingQueue.java:467)
        at org.apache.hadoop.ipc.CallQueueManager.take(CallQueueManager.java:317)
        at org.apache.hadoop.ipc.Server$Handler.run(Server.java:3014)
"IPC Server handler 64 on default port 15000" daemon prio=5 tid=117 timed_waiting
java.lang.Thread.State: TIMED_WAITING
        at sun.misc.Unsafe.park(Native Method)
        at java.util.concurrent.locks.LockSupport.parkNanos(LockSupport.java:215)
        at java.util.concurrent.locks.AbstractQueuedSynchronizer$ConditionObject.awaitNanos(AbstractQueuedSynchronizer.java:2078)
        at java.util.concurrent.LinkedBlockingQueue.poll(LinkedBlockingQueue.java:467)
        at org.apache.hadoop.ipc.CallQueueManager.take(CallQueueManager.java:317)
        at org.apache.hadoop.ipc.Server$Handler.run(Server.java:3014)
"20ed7fe7-4274-4f1a-9498-93c5abf09f1c-DatanodeStateMachineTaskThread-1"  prio=5 tid=798 in Object.wait()
java.lang.Thread.State: WAITING (on object monitor)
        at sun.misc.Unsafe.park(Native Method)
        at java.util.concurrent.locks.LockSupport.park(LockSupport.java:175)
        at java.util.concurrent.locks.AbstractQueuedSynchronizer$ConditionObject.await(AbstractQueuedSynchronizer.java:2039)
        at java.util.concurrent.LinkedBlockingQueue.take(LinkedBlockingQueue.java:442)
        at java.util.concurrent.ThreadPoolExecutor.getTask(ThreadPoolExecutor.java:1074)
        at java.util.concurrent.ThreadPoolExecutor.runWorker(ThreadPoolExecutor.java:1134)
        at java.util.concurrent.ThreadPoolExecutor$Worker.run(ThreadPoolExecutor.java:624)
        at java.lang.Thread.run(Thread.java:750)
"org.apache.hadoop.ozone.container.common.statemachine.commandhandler.DeleteBlocksCommandHandler$DeleteCmdWorker@714a1a49" daemon prio=5 tid=637 timed_waiting
java.lang.Thread.State: TIMED_WAITING
        at java.lang.Thread.sleep(Native Method)
        at org.apache.hadoop.ozone.container.common.statemachine.commandhandler.DeleteBlocksCommandHandler$DeleteCmdWorker.run(DeleteBlocksCommandHandler.java:259)
        at java.lang.Thread.run(Thread.java:750)
"IPC Server handler 16 on default port 15000" daemon prio=5 tid=69 timed_waiting
java.lang.Thread.State: TIMED_WAITING
        at sun.misc.Unsafe.park(Native Method)
        at java.util.concurrent.locks.LockSupport.parkNanos(LockSupport.java:215)
        at java.util.concurrent.locks.AbstractQueuedSynchronizer$ConditionObject.awaitNanos(AbstractQueuedSynchronizer.java:2078)
        at java.util.concurrent.LinkedBlockingQueue.poll(LinkedBlockingQueue.java:467)
        at org.apache.hadoop.ipc.CallQueueManager.take(CallQueueManager.java:317)
        at org.apache.hadoop.ipc.Server$Handler.run(Server.java:3014)
"9bdc6c20-c7c2-4cc7-a4be-d4fe59586f4c-DatanodeReportManager-4" daemon prio=5 tid=687 in Object.wait()
java.lang.Thread.State: WAITING (on object monitor)
        at sun.misc.Unsafe.park(Native Method)
        at java.util.concurrent.locks.LockSupport.park(LockSupport.java:175)
        at java.util.concurrent.locks.AbstractQueuedSynchronizer$ConditionObject.await(AbstractQueuedSynchronizer.java:2039)
        at java.util.concurrent.ScheduledThreadPoolExecutor$DelayedWorkQueue.take(ScheduledThreadPoolExecutor.java:1088)
        at java.util.concurrent.ScheduledThreadPoolExecutor$DelayedWorkQueue.take(ScheduledThreadPoolExecutor.java:809)
        at java.util.concurrent.ThreadPoolExecutor.getTask(ThreadPoolExecutor.java:1074)
        at java.util.concurrent.ThreadPoolExecutor.runWorker(ThreadPoolExecutor.java:1134)
        at java.util.concurrent.ThreadPoolExecutor$Worker.run(ThreadPoolExecutor.java:624)
        at java.lang.Thread.run(Thread.java:750)
"IPC Server handler 54 on default port 15001" daemon prio=5 tid=207 timed_waiting
java.lang.Thread.State: TIMED_WAITING
        at sun.misc.Unsafe.park(Native Method)
        at java.util.concurrent.locks.LockSupport.parkNanos(LockSupport.java:215)
        at java.util.concurrent.locks.AbstractQueuedSynchronizer$ConditionObject.awaitNanos(AbstractQueuedSynchronizer.java:2078)
        at java.util.concurrent.LinkedBlockingQueue.poll(LinkedBlockingQueue.java:467)
        at org.apache.hadoop.ipc.CallQueueManager.take(CallQueueManager.java:317)
        at org.apache.hadoop.ipc.Server$Handler.run(Server.java:3014)
"IPC Server handler 8 on default port 15002" daemon prio=5 tid=261 timed_waiting
java.lang.Thread.State: TIMED_WAITING
        at sun.misc.Unsafe.park(Native Method)
        at java.util.concurrent.locks.LockSupport.parkNanos(LockSupport.java:215)
        at java.util.concurrent.locks.AbstractQueuedSynchronizer$ConditionObject.awaitNanos(AbstractQueuedSynchronizer.java:2078)
        at java.util.concurrent.LinkedBlockingQueue.poll(LinkedBlockingQueue.java:467)
        at org.apache.hadoop.ipc.CallQueueManager.take(CallQueueManager.java:317)
        at org.apache.hadoop.ipc.Server$Handler.run(Server.java:3014)
"ContainerMetadataScanner" daemon prio=5 tid=786 timed_waiting
java.lang.Thread.State: TIMED_WAITING
        at java.lang.Thread.sleep(Native Method)
        at org.apache.hadoop.ozone.container.ozoneimpl.AbstractBackgroundContainerScanner.handleRemainingSleep(AbstractBackgroundContainerScanner.java:131)
        at org.apache.hadoop.ozone.container.ozoneimpl.AbstractBackgroundContainerScanner.runIteration(AbstractBackgroundContainerScanner.java:98)
        at org.apache.hadoop.ozone.container.ozoneimpl.AbstractBackgroundContainerScanner.run(AbstractBackgroundContainerScanner.java:57)
"IPC Server listener on 15004" daemon prio=5 tid=381 runnable
java.lang.Thread.State: RUNNABLE
        at sun.nio.ch.EPollArrayWrapper.epollWait(Native Method)
        at sun.nio.ch.EPollArrayWrapper.poll(EPollArrayWrapper.java:269)
        at sun.nio.ch.EPollSelectorImpl.doSelect(EPollSelectorImpl.java:93)
        at sun.nio.ch.SelectorImpl.lockAndDoSelect(SelectorImpl.java:86)
        at sun.nio.ch.SelectorImpl.select(SelectorImpl.java:97)
        at sun.nio.ch.SelectorImpl.select(SelectorImpl.java:101)
        at org.apache.hadoop.ipc.Server$Listener.run(Server.java:1408)
"IPC Server handler 41 on default port 15001" daemon prio=5 tid=194 timed_waiting
java.lang.Thread.State: TIMED_WAITING
        at sun.misc.Unsafe.park(Native Method)
        at java.util.concurrent.locks.LockSupport.parkNanos(LockSupport.java:215)
        at java.util.concurrent.locks.AbstractQueuedSynchronizer$ConditionObject.awaitNanos(AbstractQueuedSynchronizer.java:2078)
        at java.util.concurrent.LinkedBlockingQueue.poll(LinkedBlockingQueue.java:467)
        at org.apache.hadoop.ipc.CallQueueManager.take(CallQueueManager.java:317)
        at org.apache.hadoop.ipc.Server$Handler.run(Server.java:3014)
"IPC Server handler 96 on default port 15002" daemon prio=5 tid=349 timed_waiting
java.lang.Thread.State: TIMED_WAITING
        at sun.misc.Unsafe.park(Native Method)
        at java.util.concurrent.locks.LockSupport.parkNanos(LockSupport.java:215)
        at java.util.concurrent.locks.AbstractQueuedSynchronizer$ConditionObject.awaitNanos(AbstractQueuedSynchronizer.java:2078)
        at java.util.concurrent.LinkedBlockingQueue.poll(LinkedBlockingQueue.java:467)
        at org.apache.hadoop.ipc.CallQueueManager.take(CallQueueManager.java:317)
        at org.apache.hadoop.ipc.Server$Handler.run(Server.java:3014)
"MutableQuantiles-0" daemon prio=5 tid=943 timed_waiting
java.lang.Thread.State: TIMED_WAITING
        at sun.misc.Unsafe.park(Native Method)
        at java.util.concurrent.locks.LockSupport.parkNanos(LockSupport.java:215)
        at java.util.concurrent.locks.AbstractQueuedSynchronizer$ConditionObject.awaitNanos(AbstractQueuedSynchronizer.java:2078)
        at java.util.concurrent.ScheduledThreadPoolExecutor$DelayedWorkQueue.take(ScheduledThreadPoolExecutor.java:1093)
        at java.util.concurrent.ScheduledThreadPoolExecutor$DelayedWorkQueue.take(ScheduledThreadPoolExecutor.java:809)
        at java.util.concurrent.ThreadPoolExecutor.getTask(ThreadPoolExecutor.java:1074)
        at java.util.concurrent.ThreadPoolExecutor.runWorker(ThreadPoolExecutor.java:1134)
        at java.util.concurrent.ThreadPoolExecutor$Worker.run(ThreadPoolExecutor.java:624)
        at java.lang.Thread.run(Thread.java:750)
"Recon-FixedThreadPoolWithAffinityExecutor-7-0" daemon prio=5 tid=455 timed_waiting
java.lang.Thread.State: TIMED_WAITING
        at sun.misc.Unsafe.park(Native Method)
        at java.util.concurrent.locks.LockSupport.parkNanos(LockSupport.java:215)
        at java.util.concurrent.locks.AbstractQueuedSynchronizer$ConditionObject.awaitNanos(AbstractQueuedSynchronizer.java:2078)
        at java.util.concurrent.LinkedBlockingQueue.poll(LinkedBlockingQueue.java:467)
        at org.apache.hadoop.hdds.scm.server.ContainerReportQueue.poll(ContainerReportQueue.java:269)
        at org.apache.hadoop.hdds.scm.server.ContainerReportQueue.poll(ContainerReportQueue.java:42)
        at org.apache.hadoop.hdds.server.events.FixedThreadPoolWithAffinityExecutor$ContainerReportProcessTask.run(FixedThreadPoolWithAffinityExecutor.java:253)
        at java.util.concurrent.Executors$RunnableAdapter.call(Executors.java:511)
        at java.util.concurrent.FutureTask.run(FutureTask.java:266)
        at java.util.concurrent.ThreadPoolExecutor.runWorker(ThreadPoolExecutor.java:1149)
        at java.util.concurrent.ThreadPoolExecutor$Worker.run(ThreadPoolExecutor.java:624)
        at java.lang.Thread.run(Thread.java:750)
"ContainerDataScanner(/home/runner/work/ozone/ozone/hadoop-ozone/integration-test/target/test-dir/MiniOzoneClusterImpl-b6d037e4-5d8b-4372-b4a2-3c33797d8bad/ozone-meta/datanode-1/data-0/hdds)" daemon prio=5 tid=730 timed_waiting
java.lang.Thread.State: TIMED_WAITING
        at java.lang.Thread.sleep(Native Method)
        at org.apache.hadoop.ozone.container.ozoneimpl.AbstractBackgroundContainerScanner.handleRemainingSleep(AbstractBackgroundContainerScanner.java:131)
        at org.apache.hadoop.ozone.container.ozoneimpl.AbstractBackgroundContainerScanner.runIteration(AbstractBackgroundContainerScanner.java:98)
        at org.apache.hadoop.ozone.container.ozoneimpl.AbstractBackgroundContainerScanner.run(AbstractBackgroundContainerScanner.java:57)
"qtp1249016169-615" daemon prio=5 tid=615 timed_waiting
java.lang.Thread.State: TIMED_WAITING
        at sun.misc.Unsafe.park(Native Method)
        at java.util.concurrent.locks.LockSupport.parkNanos(LockSupport.java:215)
        at java.util.concurrent.locks.AbstractQueuedSynchronizer$ConditionObject.awaitNanos(AbstractQueuedSynchronizer.java:2078)
        at org.eclipse.jetty.util.BlockingArrayQueue.poll(BlockingArrayQueue.java:382)
        at org.eclipse.jetty.util.thread.QueuedThreadPool$Runner.idleJobPoll(QueuedThreadPool.java:974)
        at org.eclipse.jetty.util.thread.QueuedThreadPool$Runner.run(QueuedThreadPool.java:1018)
        at java.lang.Thread.run(Thread.java:750)
"IPC Server handler 16 on default port 15001" daemon prio=5 tid=169 timed_waiting
java.lang.Thread.State: TIMED_WAITING
        at sun.misc.Unsafe.park(Native Method)
        at java.util.concurrent.locks.LockSupport.parkNanos(LockSupport.java:215)
        at java.util.concurrent.locks.AbstractQueuedSynchronizer$ConditionObject.awaitNanos(AbstractQueuedSynchronizer.java:2078)
        at java.util.concurrent.LinkedBlockingQueue.poll(LinkedBlockingQueue.java:467)
        at org.apache.hadoop.ipc.CallQueueManager.take(CallQueueManager.java:317)
        at org.apache.hadoop.ipc.Server$Handler.run(Server.java:3014)
"om1-KeyDeletingService#0" daemon prio=5 tid=397 timed_waiting
java.lang.Thread.State: TIMED_WAITING
        at sun.misc.Unsafe.park(Native Method)
        at java.util.concurrent.locks.LockSupport.parkNanos(LockSupport.java:215)
        at java.util.concurrent.locks.AbstractQueuedSynchronizer$ConditionObject.awaitNanos(AbstractQueuedSynchronizer.java:2078)
        at java.util.concurrent.ScheduledThreadPoolExecutor$DelayedWorkQueue.take(ScheduledThreadPoolExecutor.java:1093)
        at java.util.concurrent.ScheduledThreadPoolExecutor$DelayedWorkQueue.take(ScheduledThreadPoolExecutor.java:809)
        at java.util.concurrent.ThreadPoolExecutor.getTask(ThreadPoolExecutor.java:1074)
        at java.util.concurrent.ThreadPoolExecutor.runWorker(ThreadPoolExecutor.java:1134)
        at java.util.concurrent.ThreadPoolExecutor$Worker.run(ThreadPoolExecutor.java:624)
        at java.lang.Thread.run(Thread.java:750)
"om1-SnapshotDeletingService#0" daemon prio=5 tid=401 timed_waiting
java.lang.Thread.State: TIMED_WAITING
        at sun.misc.Unsafe.park(Native Method)
        at java.util.concurrent.locks.LockSupport.parkNanos(LockSupport.java:215)
        at java.util.concurrent.locks.AbstractQueuedSynchronizer$ConditionObject.awaitNanos(AbstractQueuedSynchronizer.java:2078)
        at java.util.concurrent.ScheduledThreadPoolExecutor$DelayedWorkQueue.take(ScheduledThreadPoolExecutor.java:1093)
        at java.util.concurrent.ScheduledThreadPoolExecutor$DelayedWorkQueue.take(ScheduledThreadPoolExecutor.java:809)
        at java.util.concurrent.ThreadPoolExecutor.getTask(ThreadPoolExecutor.java:1074)
        at java.util.concurrent.ThreadPoolExecutor.runWorker(ThreadPoolExecutor.java:1134)
        at java.util.concurrent.ThreadPoolExecutor$Worker.run(ThreadPoolExecutor.java:624)
        at java.lang.Thread.run(Thread.java:750)
"7b630919-9d6b-42e9-b08a-8409ae097dea-BlockDeletingService#1" daemon prio=5 tid=778 timed_waiting
java.lang.Thread.State: TIMED_WAITING
        at sun.misc.Unsafe.park(Native Method)
        at java.util.concurrent.locks.LockSupport.parkNanos(LockSupport.java:215)
        at java.util.concurrent.locks.AbstractQueuedSynchronizer$ConditionObject.awaitNanos(AbstractQueuedSynchronizer.java:2078)
        at java.util.concurrent.ScheduledThreadPoolExecutor$DelayedWorkQueue.take(ScheduledThreadPoolExecutor.java:1093)
        at java.util.concurrent.ScheduledThreadPoolExecutor$DelayedWorkQueue.take(ScheduledThreadPoolExecutor.java:809)
        at java.util.concurrent.ThreadPoolExecutor.getTask(ThreadPoolExecutor.java:1074)
        at java.util.concurrent.ThreadPoolExecutor.runWorker(ThreadPoolExecutor.java:1134)
        at java.util.concurrent.ThreadPoolExecutor$Worker.run(ThreadPoolExecutor.java:624)
        at java.lang.Thread.run(Thread.java:750)
"IPC Server handler 29 on default port 15000" daemon prio=5 tid=82 timed_waiting
java.lang.Thread.State: TIMED_WAITING
        at sun.misc.Unsafe.park(Native Method)
        at java.util.concurrent.locks.LockSupport.parkNanos(LockSupport.java:215)
        at java.util.concurrent.locks.AbstractQueuedSynchronizer$ConditionObject.awaitNanos(AbstractQueuedSynchronizer.java:2078)
        at java.util.concurrent.LinkedBlockingQueue.poll(LinkedBlockingQueue.java:467)
        at org.apache.hadoop.ipc.CallQueueManager.take(CallQueueManager.java:317)
        at org.apache.hadoop.ipc.Server$Handler.run(Server.java:3014)
"IPC Server handler 46 on default port 15002" daemon prio=5 tid=299 timed_waiting
java.lang.Thread.State: TIMED_WAITING
        at sun.misc.Unsafe.park(Native Method)
        at java.util.concurrent.locks.LockSupport.parkNanos(LockSupport.java:215)
        at java.util.concurrent.locks.AbstractQueuedSynchronizer$ConditionObject.awaitNanos(AbstractQueuedSynchronizer.java:2078)
        at java.util.concurrent.LinkedBlockingQueue.poll(LinkedBlockingQueue.java:467)
        at org.apache.hadoop.ipc.CallQueueManager.take(CallQueueManager.java:317)
        at org.apache.hadoop.ipc.Server$Handler.run(Server.java:3014)
"org.apache.hadoop.ozone.container.common.statemachine.commandhandler.DeleteBlocksCommandHandler$DeleteCmdWorker@448948ec" daemon prio=5 tid=581 timed_waiting
java.lang.Thread.State: TIMED_WAITING
        at java.lang.Thread.sleep(Native Method)
        at org.apache.hadoop.ozone.container.common.statemachine.commandhandler.DeleteBlocksCommandHandler$DeleteCmdWorker.run(DeleteBlocksCommandHandler.java:259)
        at java.lang.Thread.run(Thread.java:750)
"IPC Server handler 83 on default port 15009" daemon prio=5 tid=554 timed_waiting
java.lang.Thread.State: TIMED_WAITING
        at sun.misc.Unsafe.park(Native Method)
        at java.util.concurrent.locks.LockSupport.parkNanos(LockSupport.java:215)
        at java.util.concurrent.locks.AbstractQueuedSynchronizer$ConditionObject.awaitNanos(AbstractQueuedSynchronizer.java:2078)
        at java.util.concurrent.LinkedBlockingQueue.poll(LinkedBlockingQueue.java:467)
        at org.apache.hadoop.ipc.CallQueueManager.take(CallQueueManager.java:317)
        at org.apache.hadoop.ipc.Server$Handler.run(Server.java:3014)
"IPC Server handler 97 on default port 15001" daemon prio=5 tid=250 timed_waiting
java.lang.Thread.State: TIMED_WAITING
        at sun.misc.Unsafe.park(Native Method)
        at java.util.concurrent.locks.LockSupport.parkNanos(LockSupport.java:215)
        at java.util.concurrent.locks.AbstractQueuedSynchronizer$ConditionObject.awaitNanos(AbstractQueuedSynchronizer.java:2078)
        at java.util.concurrent.LinkedBlockingQueue.poll(LinkedBlockingQueue.java:467)
        at org.apache.hadoop.ipc.CallQueueManager.take(CallQueueManager.java:317)
        at org.apache.hadoop.ipc.Server$Handler.run(Server.java:3014)
"pool-203-thread-1" daemon prio=5 tid=804 timed_waiting
java.lang.Thread.State: TIMED_WAITING
        at sun.misc.Unsafe.park(Native Method)
        at java.util.concurrent.locks.LockSupport.parkNanos(LockSupport.java:215)
        at java.util.concurrent.locks.AbstractQueuedSynchronizer$ConditionObject.awaitNanos(AbstractQueuedSynchronizer.java:2078)
        at java.util.concurrent.ScheduledThreadPoolExecutor$DelayedWorkQueue.take(ScheduledThreadPoolExecutor.java:1093)
        at java.util.concurrent.ScheduledThreadPoolExecutor$DelayedWorkQueue.take(ScheduledThreadPoolExecutor.java:809)
        at java.util.concurrent.ThreadPoolExecutor.getTask(ThreadPoolExecutor.java:1074)
        at java.util.concurrent.ThreadPoolExecutor.runWorker(ThreadPoolExecutor.java:1134)
        at java.util.concurrent.ThreadPoolExecutor$Worker.run(ThreadPoolExecutor.java:624)
        at java.lang.Thread.run(Thread.java:750)
"IPC Server handler 70 on default port 15002" daemon prio=5 tid=323 timed_waiting
java.lang.Thread.State: TIMED_WAITING
        at sun.misc.Unsafe.park(Native Method)
        at java.util.concurrent.locks.LockSupport.parkNanos(LockSupport.java:215)
        at java.util.concurrent.locks.AbstractQueuedSynchronizer$ConditionObject.awaitNanos(AbstractQueuedSynchronizer.java:2078)
        at java.util.concurrent.LinkedBlockingQueue.poll(LinkedBlockingQueue.java:467)
        at org.apache.hadoop.ipc.CallQueueManager.take(CallQueueManager.java:317)
        at org.apache.hadoop.ipc.Server$Handler.run(Server.java:3014)
"dc82d807-438e-4f31-a873-936b5ae41996-groupManagement"  prio=5 tid=831 in Object.wait()
java.lang.Thread.State: WAITING (on object monitor)
        at sun.misc.Unsafe.park(Native Method)
        at java.util.concurrent.locks.LockSupport.park(LockSupport.java:175)
        at java.util.concurrent.locks.AbstractQueuedSynchronizer$ConditionObject.await(AbstractQueuedSynchronizer.java:2039)
        at java.util.concurrent.LinkedBlockingQueue.take(LinkedBlockingQueue.java:442)
        at java.util.concurrent.ThreadPoolExecutor.getTask(ThreadPoolExecutor.java:1074)
        at java.util.concurrent.ThreadPoolExecutor.runWorker(ThreadPoolExecutor.java:1134)
        at java.util.concurrent.ThreadPoolExecutor$Worker.run(ThreadPoolExecutor.java:624)
        at java.lang.Thread.run(Thread.java:750)
"IPC Server handler 4 on default port 15004" daemon prio=5 tid=418 timed_waiting
java.lang.Thread.State: TIMED_WAITING
        at sun.misc.Unsafe.park(Native Method)
        at java.util.concurrent.locks.LockSupport.parkNanos(LockSupport.java:215)
        at java.util.concurrent.locks.AbstractQueuedSynchronizer$ConditionObject.awaitNanos(AbstractQueuedSynchronizer.java:2078)
        at java.util.concurrent.LinkedBlockingQueue.poll(LinkedBlockingQueue.java:467)
        at org.apache.hadoop.ipc.CallQueueManager.take(CallQueueManager.java:317)
        at org.apache.hadoop.ipc.Server$Handler.run(Server.java:3014)
"derby.rawStoreDaemon" daemon prio=5 tid=436 timed_waiting
java.lang.Thread.State: TIMED_WAITING
        at java.lang.Object.wait(Native Method)
        at org.apache.derby.impl.services.daemon.BasicDaemon.rest(Unknown Source)
        at org.apache.derby.impl.services.daemon.BasicDaemon.run(Unknown Source)
        at java.lang.Thread.run(Thread.java:750)
"IPC Server handler 94 on default port 15009" daemon prio=5 tid=565 timed_waiting
java.lang.Thread.State: TIMED_WAITING
        at sun.misc.Unsafe.park(Native Method)
        at java.util.concurrent.locks.LockSupport.parkNanos(LockSupport.java:215)
        at java.util.concurrent.locks.AbstractQueuedSynchronizer$ConditionObject.awaitNanos(AbstractQueuedSynchronizer.java:2078)
        at java.util.concurrent.LinkedBlockingQueue.poll(LinkedBlockingQueue.java:467)
        at org.apache.hadoop.ipc.CallQueueManager.take(CallQueueManager.java:317)
        at org.apache.hadoop.ipc.Server$Handler.run(Server.java:3014)
"IPC Server handler 16 on default port 15002" daemon prio=5 tid=269 timed_waiting
java.lang.Thread.State: TIMED_WAITING
        at sun.misc.Unsafe.park(Native Method)
        at java.util.concurrent.locks.LockSupport.parkNanos(LockSupport.java:215)
        at java.util.concurrent.locks.AbstractQueuedSynchronizer$ConditionObject.awaitNanos(AbstractQueuedSynchronizer.java:2078)
        at java.util.concurrent.LinkedBlockingQueue.poll(LinkedBlockingQueue.java:467)
        at org.apache.hadoop.ipc.CallQueueManager.take(CallQueueManager.java:317)
        at org.apache.hadoop.ipc.Server$Handler.run(Server.java:3014)
"IPC Server handler 99 on default port 15009" daemon prio=5 tid=570 timed_waiting
java.lang.Thread.State: TIMED_WAITING
        at sun.misc.Unsafe.park(Native Method)
        at java.util.concurrent.locks.LockSupport.parkNanos(LockSupport.java:215)
        at java.util.concurrent.locks.AbstractQueuedSynchronizer$ConditionObject.awaitNanos(AbstractQueuedSynchronizer.java:2078)
        at java.util.concurrent.LinkedBlockingQueue.poll(LinkedBlockingQueue.java:467)
        at org.apache.hadoop.ipc.CallQueueManager.take(CallQueueManager.java:317)
        at org.apache.hadoop.ipc.Server$Handler.run(Server.java:3014)
"Timer-0"  prio=5 tid=393 timed_waiting
java.lang.Thread.State: TIMED_WAITING
        at java.lang.Object.wait(Native Method)
        at java.util.TimerThread.mainLoop(Timer.java:552)
        at java.util.TimerThread.run(Timer.java:505)
"IPC Server handler 9 on default port 15000" daemon prio=5 tid=62 timed_waiting
java.lang.Thread.State: TIMED_WAITING
        at sun.misc.Unsafe.park(Native Method)
        at java.util.concurrent.locks.LockSupport.parkNanos(LockSupport.java:215)
        at java.util.concurrent.locks.AbstractQueuedSynchronizer$ConditionObject.awaitNanos(AbstractQueuedSynchronizer.java:2078)
        at java.util.concurrent.LinkedBlockingQueue.poll(LinkedBlockingQueue.java:467)
        at org.apache.hadoop.ipc.CallQueueManager.take(CallQueueManager.java:317)
        at org.apache.hadoop.ipc.Server$Handler.run(Server.java:3014)
"IPC Server handler 39 on default port 15000" daemon prio=5 tid=92 timed_waiting
java.lang.Thread.State: TIMED_WAITING
        at sun.misc.Unsafe.park(Native Method)
        at java.util.concurrent.locks.LockSupport.parkNanos(LockSupport.java:215)
        at java.util.concurrent.locks.AbstractQueuedSynchronizer$ConditionObject.awaitNanos(AbstractQueuedSynchronizer.java:2078)
        at java.util.concurrent.LinkedBlockingQueue.poll(LinkedBlockingQueue.java:467)
        at org.apache.hadoop.ipc.CallQueueManager.take(CallQueueManager.java:317)
        at org.apache.hadoop.ipc.Server$Handler.run(Server.java:3014)
"12adf753-b9bf-4e27-afc1-d809141df6d3-DatanodeReportManager-2" daemon prio=5 tid=629 in Object.wait()
java.lang.Thread.State: WAITING (on object monitor)
        at sun.misc.Unsafe.park(Native Method)
        at java.util.concurrent.locks.LockSupport.park(LockSupport.java:175)
        at java.util.concurrent.locks.AbstractQueuedSynchronizer$ConditionObject.await(AbstractQueuedSynchronizer.java:2039)
        at java.util.concurrent.ScheduledThreadPoolExecutor$DelayedWorkQueue.take(ScheduledThreadPoolExecutor.java:1088)
        at java.util.concurrent.ScheduledThreadPoolExecutor$DelayedWorkQueue.take(ScheduledThreadPoolExecutor.java:809)
        at java.util.concurrent.ThreadPoolExecutor.getTask(ThreadPoolExecutor.java:1074)
        at java.util.concurrent.ThreadPoolExecutor.runWorker(ThreadPoolExecutor.java:1134)
        at java.util.concurrent.ThreadPoolExecutor$Worker.run(ThreadPoolExecutor.java:624)
        at java.lang.Thread.run(Thread.java:750)
"12adf753-b9bf-4e27-afc1-d809141df6d3-DatanodeStateMachineDaemonThread" daemon prio=5 tid=626 timed_waiting
java.lang.Thread.State: TIMED_WAITING
        at java.lang.Thread.sleep(Native Method)
        at org.apache.hadoop.ozone.container.common.statemachine.DatanodeStateMachine.startStateMachineThread(DatanodeStateMachine.java:369)
        at org.apache.hadoop.ozone.container.common.statemachine.DatanodeStateMachine.lambda$startDaemon$1(DatanodeStateMachine.java:556)
        at org.apache.hadoop.ozone.container.common.statemachine.DatanodeStateMachine$$Lambda$1387/978712775.run(Unknown Source)
        at java.lang.Thread.run(Thread.java:750)
"IPC Server handler 78 on default port 15001" daemon prio=5 tid=231 timed_waiting
java.lang.Thread.State: TIMED_WAITING
        at sun.misc.Unsafe.park(Native Method)
        at java.util.concurrent.locks.LockSupport.parkNanos(LockSupport.java:215)
        at java.util.concurrent.locks.AbstractQueuedSynchronizer$ConditionObject.awaitNanos(AbstractQueuedSynchronizer.java:2078)
        at java.util.concurrent.LinkedBlockingQueue.poll(LinkedBlockingQueue.java:467)
        at org.apache.hadoop.ipc.CallQueueManager.take(CallQueueManager.java:317)
        at org.apache.hadoop.ipc.Server$Handler.run(Server.java:3014)
"IPC Server handler 2 on default port 15000" daemon prio=5 tid=55 timed_waiting
java.lang.Thread.State: TIMED_WAITING
        at sun.misc.Unsafe.park(Native Method)
        at java.util.concurrent.locks.LockSupport.parkNanos(LockSupport.java:215)
        at java.util.concurrent.locks.AbstractQueuedSynchronizer$ConditionObject.awaitNanos(AbstractQueuedSynchronizer.java:2078)
        at java.util.concurrent.LinkedBlockingQueue.poll(LinkedBlockingQueue.java:467)
        at org.apache.hadoop.ipc.CallQueueManager.take(CallQueueManager.java:317)
        at org.apache.hadoop.ipc.Server$Handler.run(Server.java:3014)
"IPC Server handler 63 on default port 15009" daemon prio=5 tid=534 timed_waiting
java.lang.Thread.State: TIMED_WAITING
        at sun.misc.Unsafe.park(Native Method)
        at java.util.concurrent.locks.LockSupport.parkNanos(LockSupport.java:215)
        at java.util.concurrent.locks.AbstractQueuedSynchronizer$ConditionObject.awaitNanos(AbstractQueuedSynchronizer.java:2078)
        at java.util.concurrent.LinkedBlockingQueue.poll(LinkedBlockingQueue.java:467)
        at org.apache.hadoop.ipc.CallQueueManager.take(CallQueueManager.java:317)
        at org.apache.hadoop.ipc.Server$Handler.run(Server.java:3014)
"IPC Server handler 40 on default port 15001" daemon prio=5 tid=193 timed_waiting
java.lang.Thread.State: TIMED_WAITING
        at sun.misc.Unsafe.park(Native Method)
        at java.util.concurrent.locks.LockSupport.parkNanos(LockSupport.java:215)
        at java.util.concurrent.locks.AbstractQueuedSynchronizer$ConditionObject.awaitNanos(AbstractQueuedSynchronizer.java:2078)
        at java.util.concurrent.LinkedBlockingQueue.poll(LinkedBlockingQueue.java:467)
        at org.apache.hadoop.ipc.CallQueueManager.take(CallQueueManager.java:317)
        at org.apache.hadoop.ipc.Server$Handler.run(Server.java:3014)
"dc82d807-438e-4f31-a873-936b5ae41996-CloseContainerThread-2"  prio=5 tid=1063 in Object.wait()
java.lang.Thread.State: WAITING (on object monitor)
        at sun.misc.Unsafe.park(Native Method)
        at java.util.concurrent.locks.LockSupport.park(LockSupport.java:175)
        at java.util.concurrent.locks.AbstractQueuedSynchronizer$ConditionObject.await(AbstractQueuedSynchronizer.java:2039)
        at java.util.concurrent.LinkedBlockingQueue.take(LinkedBlockingQueue.java:442)
        at java.util.concurrent.ThreadPoolExecutor.getTask(ThreadPoolExecutor.java:1074)
        at java.util.concurrent.ThreadPoolExecutor.runWorker(ThreadPoolExecutor.java:1134)
        at java.util.concurrent.ThreadPoolExecutor$Worker.run(ThreadPoolExecutor.java:624)
        at java.lang.Thread.run(Thread.java:750)
"IPC Server handler 11 on default port 15002" daemon prio=5 tid=264 timed_waiting
java.lang.Thread.State: TIMED_WAITING
        at sun.misc.Unsafe.park(Native Method)
        at java.util.concurrent.locks.LockSupport.parkNanos(LockSupport.java:215)
        at java.util.concurrent.locks.AbstractQueuedSynchronizer$ConditionObject.awaitNanos(AbstractQueuedSynchronizer.java:2078)
        at java.util.concurrent.LinkedBlockingQueue.poll(LinkedBlockingQueue.java:467)
        at org.apache.hadoop.ipc.CallQueueManager.take(CallQueueManager.java:317)
        at org.apache.hadoop.ipc.Server$Handler.run(Server.java:3014)
"IPC Server handler 83 on default port 15002" daemon prio=5 tid=336 timed_waiting
java.lang.Thread.State: TIMED_WAITING
        at sun.misc.Unsafe.park(Native Method)
        at java.util.concurrent.locks.LockSupport.parkNanos(LockSupport.java:215)
        at java.util.concurrent.locks.AbstractQueuedSynchronizer$ConditionObject.awaitNanos(AbstractQueuedSynchronizer.java:2078)
        at java.util.concurrent.LinkedBlockingQueue.poll(LinkedBlockingQueue.java:467)
        at org.apache.hadoop.ipc.CallQueueManager.take(CallQueueManager.java:317)
        at org.apache.hadoop.ipc.Server$Handler.run(Server.java:3014)
"dc82d807-438e-4f31-a873-936b5ae41996-DatanodeReportManager-1" daemon prio=5 tid=600 timed_waiting
java.lang.Thread.State: TIMED_WAITING
        at sun.misc.Unsafe.park(Native Method)
        at java.util.concurrent.locks.LockSupport.parkNanos(LockSupport.java:215)
        at java.util.concurrent.locks.AbstractQueuedSynchronizer$ConditionObject.awaitNanos(AbstractQueuedSynchronizer.java:2078)
        at java.util.concurrent.ScheduledThreadPoolExecutor$DelayedWorkQueue.take(ScheduledThreadPoolExecutor.java:1093)
        at java.util.concurrent.ScheduledThreadPoolExecutor$DelayedWorkQueue.take(ScheduledThreadPoolExecutor.java:809)
        at java.util.concurrent.ThreadPoolExecutor.getTask(ThreadPoolExecutor.java:1074)
        at java.util.concurrent.ThreadPoolExecutor.runWorker(ThreadPoolExecutor.java:1134)
        at java.util.concurrent.ThreadPoolExecutor$Worker.run(ThreadPoolExecutor.java:624)
        at java.lang.Thread.run(Thread.java:750)
"timer0" daemon prio=5 tid=949 timed_waiting
java.lang.Thread.State: TIMED_WAITING
        at java.lang.Object.wait(Native Method)
        at java.util.TimerThread.mainLoop(Timer.java:552)
        at java.util.TimerThread.run(Timer.java:505)
"IPC Server idle connection scanner for port 15012" daemon prio=5 tid=594 timed_waiting
java.lang.Thread.State: TIMED_WAITING
        at java.lang.Object.wait(Native Method)
        at java.util.TimerThread.mainLoop(Timer.java:552)
        at java.util.TimerThread.run(Timer.java:505)
"IPC Server handler 59 on default port 15002" daemon prio=5 tid=312 timed_waiting
java.lang.Thread.State: TIMED_WAITING
        at sun.misc.Unsafe.park(Native Method)
        at java.util.concurrent.locks.LockSupport.parkNanos(LockSupport.java:215)
        at java.util.concurrent.locks.AbstractQueuedSynchronizer$ConditionObject.awaitNanos(AbstractQueuedSynchronizer.java:2078)
        at java.util.concurrent.LinkedBlockingQueue.poll(LinkedBlockingQueue.java:467)
        at org.apache.hadoop.ipc.CallQueueManager.take(CallQueueManager.java:317)
        at org.apache.hadoop.ipc.Server$Handler.run(Server.java:3014)
"IPC Server handler 0 on default port 15012" daemon prio=5 tid=597 timed_waiting
java.lang.Thread.State: TIMED_WAITING
        at sun.misc.Unsafe.park(Native Method)
        at java.util.concurrent.locks.LockSupport.parkNanos(LockSupport.java:215)
        at java.util.concurrent.locks.AbstractQueuedSynchronizer$ConditionObject.awaitNanos(AbstractQueuedSynchronizer.java:2078)
        at java.util.concurrent.LinkedBlockingQueue.poll(LinkedBlockingQueue.java:467)
        at org.apache.hadoop.ipc.CallQueueManager.take(CallQueueManager.java:317)
        at org.apache.hadoop.ipc.Server$Handler.run(Server.java:3014)
"dc82d807-438e-4f31-a873-936b5ae41996-BlockDeletingService#2" daemon prio=5 tid=1184 in Object.wait()
java.lang.Thread.State: WAITING (on object monitor)
        at sun.misc.Unsafe.park(Native Method)
        at java.util.concurrent.locks.LockSupport.park(LockSupport.java:175)
        at java.util.concurrent.locks.AbstractQueuedSynchronizer$ConditionObject.await(AbstractQueuedSynchronizer.java:2039)
        at java.util.concurrent.ScheduledThreadPoolExecutor$DelayedWorkQueue.take(ScheduledThreadPoolExecutor.java:1088)
        at java.util.concurrent.ScheduledThreadPoolExecutor$DelayedWorkQueue.take(ScheduledThreadPoolExecutor.java:809)
        at java.util.concurrent.ThreadPoolExecutor.getTask(ThreadPoolExecutor.java:1074)
        at java.util.concurrent.ThreadPoolExecutor.runWorker(ThreadPoolExecutor.java:1134)
        at java.util.concurrent.ThreadPoolExecutor$Worker.run(ThreadPoolExecutor.java:624)
        at java.lang.Thread.run(Thread.java:750)
"7b630919-9d6b-42e9-b08a-8409ae097dea@group-821EE5CB8EAC-cacheEviction-AwaitToRun" daemon prio=5 tid=1126 in Object.wait()
java.lang.Thread.State: WAITING (on object monitor)
        at sun.misc.Unsafe.park(Native Method)
        at java.util.concurrent.locks.LockSupport.park(LockSupport.java:175)
        at java.util.concurrent.locks.AbstractQueuedSynchronizer$ConditionObject.await(AbstractQueuedSynchronizer.java:2039)
        at org.apache.ratis.util.AwaitForSignal.await(AwaitForSignal.java:48)
        at org.apache.ratis.util.AwaitToRun$RunnableImpl.run(AwaitToRun.java:47)
        at java.lang.Thread.run(Thread.java:750)
"Socket Reader #1 for port 15048"  prio=5 tid=705 runnable
java.lang.Thread.State: RUNNABLE
        at sun.nio.ch.EPollArrayWrapper.epollWait(Native Method)
        at sun.nio.ch.EPollArrayWrapper.poll(EPollArrayWrapper.java:269)
        at sun.nio.ch.EPollSelectorImpl.doSelect(EPollSelectorImpl.java:93)
        at sun.nio.ch.SelectorImpl.lockAndDoSelect(SelectorImpl.java:86)
        at sun.nio.ch.SelectorImpl.select(SelectorImpl.java:97)
        at sun.nio.ch.SelectorImpl.select(SelectorImpl.java:101)
        at org.apache.hadoop.ipc.Server$Listener$Reader.doRunLoop(Server.java:1346)
        at org.apache.hadoop.ipc.Server$Listener$Reader.run(Server.java:1325)
"IPC Server listener on 15009" daemon prio=5 tid=443 runnable
java.lang.Thread.State: RUNNABLE
        at sun.nio.ch.EPollArrayWrapper.epollWait(Native Method)
        at sun.nio.ch.EPollArrayWrapper.poll(EPollArrayWrapper.java:269)
        at sun.nio.ch.EPollSelectorImpl.doSelect(EPollSelectorImpl.java:93)
        at sun.nio.ch.SelectorImpl.lockAndDoSelect(SelectorImpl.java:86)
        at sun.nio.ch.SelectorImpl.select(SelectorImpl.java:97)
        at sun.nio.ch.SelectorImpl.select(SelectorImpl.java:101)
        at org.apache.hadoop.ipc.Server$Listener.run(Server.java:1408)
"7b630919-9d6b-42e9-b08a-8409ae097dea-server-thread3" daemon prio=5 tid=1182 timed_waiting
java.lang.Thread.State: TIMED_WAITING
        at sun.misc.Unsafe.park(Native Method)
        at java.util.concurrent.locks.LockSupport.parkNanos(LockSupport.java:215)
        at java.util.concurrent.SynchronousQueue$TransferStack.awaitFulfill(SynchronousQueue.java:460)
        at java.util.concurrent.SynchronousQueue$TransferStack.transfer(SynchronousQueue.java:362)
        at java.util.concurrent.SynchronousQueue.poll(SynchronousQueue.java:941)
        at java.util.concurrent.ThreadPoolExecutor.getTask(ThreadPoolExecutor.java:1073)
        at java.util.concurrent.ThreadPoolExecutor.runWorker(ThreadPoolExecutor.java:1134)
        at java.util.concurrent.ThreadPoolExecutor$Worker.run(ThreadPoolExecutor.java:624)
        at java.lang.Thread.run(Thread.java:750)
"IPC Server handler 44 on default port 15002" daemon prio=5 tid=297 timed_waiting
java.lang.Thread.State: TIMED_WAITING
        at sun.misc.Unsafe.park(Native Method)
        at java.util.concurrent.locks.LockSupport.parkNanos(LockSupport.java:215)
        at java.util.concurrent.locks.AbstractQueuedSynchronizer$ConditionObject.awaitNanos(AbstractQueuedSynchronizer.java:2078)
        at java.util.concurrent.LinkedBlockingQueue.poll(LinkedBlockingQueue.java:467)
        at org.apache.hadoop.ipc.CallQueueManager.take(CallQueueManager.java:317)
        at org.apache.hadoop.ipc.Server$Handler.run(Server.java:3014)
"IPC Server handler 12 on default port 15009" daemon prio=5 tid=483 timed_waiting
java.lang.Thread.State: TIMED_WAITING
        at sun.misc.Unsafe.park(Native Method)
        at java.util.concurrent.locks.LockSupport.parkNanos(LockSupport.java:215)
        at java.util.concurrent.locks.AbstractQueuedSynchronizer$ConditionObject.awaitNanos(AbstractQueuedSynchronizer.java:2078)
        at java.util.concurrent.LinkedBlockingQueue.poll(LinkedBlockingQueue.java:467)
        at org.apache.hadoop.ipc.CallQueueManager.take(CallQueueManager.java:317)
        at org.apache.hadoop.ipc.Server$Handler.run(Server.java:3014)
"om1-groupManagement"  prio=5 tid=376 in Object.wait()
java.lang.Thread.State: WAITING (on object monitor)
        at sun.misc.Unsafe.park(Native Method)
        at java.util.concurrent.locks.LockSupport.park(LockSupport.java:175)
        at java.util.concurrent.locks.AbstractQueuedSynchronizer$ConditionObject.await(AbstractQueuedSynchronizer.java:2039)
        at java.util.concurrent.LinkedBlockingQueue.take(LinkedBlockingQueue.java:442)
        at java.util.concurrent.ThreadPoolExecutor.getTask(ThreadPoolExecutor.java:1074)
        at java.util.concurrent.ThreadPoolExecutor.runWorker(ThreadPoolExecutor.java:1134)
        at java.util.concurrent.ThreadPoolExecutor$Worker.run(ThreadPoolExecutor.java:624)
        at java.lang.Thread.run(Thread.java:750)
"IPC Server handler 68 on default port 15002" daemon prio=5 tid=321 timed_waiting
java.lang.Thread.State: TIMED_WAITING
        at sun.misc.Unsafe.park(Native Method)
        at java.util.concurrent.locks.LockSupport.parkNanos(LockSupport.java:215)
        at java.util.concurrent.locks.AbstractQueuedSynchronizer$ConditionObject.awaitNanos(AbstractQueuedSynchronizer.java:2078)
        at java.util.concurrent.LinkedBlockingQueue.poll(LinkedBlockingQueue.java:467)
        at org.apache.hadoop.ipc.CallQueueManager.take(CallQueueManager.java:317)
        at org.apache.hadoop.ipc.Server$Handler.run(Server.java:3014)
"IPC Server handler 27 on default port 15002" daemon prio=5 tid=280 timed_waiting
java.lang.Thread.State: TIMED_WAITING
        at sun.misc.Unsafe.park(Native Method)
        at java.util.concurrent.locks.LockSupport.parkNanos(LockSupport.java:215)
        at java.util.concurrent.locks.AbstractQueuedSynchronizer$ConditionObject.awaitNanos(AbstractQueuedSynchronizer.java:2078)
        at java.util.concurrent.LinkedBlockingQueue.poll(LinkedBlockingQueue.java:467)
        at org.apache.hadoop.ipc.CallQueueManager.take(CallQueueManager.java:317)
        at org.apache.hadoop.ipc.Server$Handler.run(Server.java:3014)
"IPC Server handler 60 on default port 15000" daemon prio=5 tid=113 timed_waiting
java.lang.Thread.State: TIMED_WAITING
        at sun.misc.Unsafe.park(Native Method)
        at java.util.concurrent.locks.LockSupport.parkNanos(LockSupport.java:215)
        at java.util.concurrent.locks.AbstractQueuedSynchronizer$ConditionObject.awaitNanos(AbstractQueuedSynchronizer.java:2078)
        at java.util.concurrent.LinkedBlockingQueue.poll(LinkedBlockingQueue.java:467)
        at org.apache.hadoop.ipc.CallQueueManager.take(CallQueueManager.java:317)
        at org.apache.hadoop.ipc.Server$Handler.run(Server.java:3014)
"20ed7fe7-4274-4f1a-9498-93c5abf09f1c-ChunkReader-ELG-0" daemon prio=5 tid=812 runnable
java.lang.Thread.State: RUNNABLE
        at org.apache.ratis.thirdparty.io.netty.channel.epoll.Native.epollWait(Native Method)
        at org.apache.ratis.thirdparty.io.netty.channel.epoll.Native.epollWait(Native.java:209)
        at org.apache.ratis.thirdparty.io.netty.channel.epoll.Native.epollWait(Native.java:202)
        at org.apache.ratis.thirdparty.io.netty.channel.epoll.EpollEventLoop.epollWaitNoTimerChange(EpollEventLoop.java:316)
        at org.apache.ratis.thirdparty.io.netty.channel.epoll.EpollEventLoop.run(EpollEventLoop.java:373)
        at org.apache.ratis.thirdparty.io.netty.util.concurrent.SingleThreadEventExecutor$4.run(SingleThreadEventExecutor.java:997)
        at org.apache.ratis.thirdparty.io.netty.util.internal.ThreadExecutorMap$2.run(ThreadExecutorMap.java:74)
        at java.lang.Thread.run(Thread.java:750)
"IPC Server handler 78 on default port 15009" daemon prio=5 tid=549 timed_waiting
java.lang.Thread.State: TIMED_WAITING
        at sun.misc.Unsafe.park(Native Method)
        at java.util.concurrent.locks.LockSupport.parkNanos(LockSupport.java:215)
        at java.util.concurrent.locks.AbstractQueuedSynchronizer$ConditionObject.awaitNanos(AbstractQueuedSynchronizer.java:2078)
        at java.util.concurrent.LinkedBlockingQueue.poll(LinkedBlockingQueue.java:467)
        at org.apache.hadoop.ipc.CallQueueManager.take(CallQueueManager.java:317)
        at org.apache.hadoop.ipc.Server$Handler.run(Server.java:3014)
"7b630919-9d6b-42e9-b08a-8409ae097dea-ChunkWriter-2-0" daemon prio=5 tid=771 in Object.wait()
java.lang.Thread.State: WAITING (on object monitor)
        at sun.misc.Unsafe.park(Native Method)
        at java.util.concurrent.locks.LockSupport.park(LockSupport.java:175)
        at java.util.concurrent.locks.AbstractQueuedSynchronizer$ConditionObject.await(AbstractQueuedSynchronizer.java:2039)
        at java.util.concurrent.LinkedBlockingDeque.takeFirst(LinkedBlockingDeque.java:492)
        at java.util.concurrent.LinkedBlockingDeque.take(LinkedBlockingDeque.java:680)
        at java.util.concurrent.ThreadPoolExecutor.getTask(ThreadPoolExecutor.java:1074)
        at java.util.concurrent.ThreadPoolExecutor.runWorker(ThreadPoolExecutor.java:1134)
        at java.util.concurrent.ThreadPoolExecutor$Worker.run(ThreadPoolExecutor.java:624)
        at java.lang.Thread.run(Thread.java:750)
"IPC Server handler 73 on default port 15009" daemon prio=5 tid=544 timed_waiting
java.lang.Thread.State: TIMED_WAITING
        at sun.misc.Unsafe.park(Native Method)
        at java.util.concurrent.locks.LockSupport.parkNanos(LockSupport.java:215)
        at java.util.concurrent.locks.AbstractQueuedSynchronizer$ConditionObject.awaitNanos(AbstractQueuedSynchronizer.java:2078)
        at java.util.concurrent.LinkedBlockingQueue.poll(LinkedBlockingQueue.java:467)
        at org.apache.hadoop.ipc.CallQueueManager.take(CallQueueManager.java:317)
        at org.apache.hadoop.ipc.Server$Handler.run(Server.java:3014)
"IPC Server handler 21 on default port 15002" daemon prio=5 tid=274 timed_waiting
java.lang.Thread.State: TIMED_WAITING
        at sun.misc.Unsafe.park(Native Method)
        at java.util.concurrent.locks.LockSupport.parkNanos(LockSupport.java:215)
        at java.util.concurrent.locks.AbstractQueuedSynchronizer$ConditionObject.awaitNanos(AbstractQueuedSynchronizer.java:2078)
        at java.util.concurrent.LinkedBlockingQueue.poll(LinkedBlockingQueue.java:467)
        at org.apache.hadoop.ipc.CallQueueManager.take(CallQueueManager.java:317)
        at org.apache.hadoop.ipc.Server$Handler.run(Server.java:3014)
"IPC Server handler 76 on default port 15002" daemon prio=5 tid=329 timed_waiting
java.lang.Thread.State: TIMED_WAITING
        at sun.misc.Unsafe.park(Native Method)
        at java.util.concurrent.locks.LockSupport.parkNanos(LockSupport.java:215)
        at java.util.concurrent.locks.AbstractQueuedSynchronizer$ConditionObject.awaitNanos(AbstractQueuedSynchronizer.java:2078)
        at java.util.concurrent.LinkedBlockingQueue.poll(LinkedBlockingQueue.java:467)
        at org.apache.hadoop.ipc.CallQueueManager.take(CallQueueManager.java:317)
        at org.apache.hadoop.ipc.Server$Handler.run(Server.java:3014)
"IPC Server handler 47 on default port 15000" daemon prio=5 tid=100 timed_waiting
java.lang.Thread.State: TIMED_WAITING
        at sun.misc.Unsafe.park(Native Method)
        at java.util.concurrent.locks.LockSupport.parkNanos(LockSupport.java:215)
        at java.util.concurrent.locks.AbstractQueuedSynchronizer$ConditionObject.awaitNanos(AbstractQueuedSynchronizer.java:2078)
        at java.util.concurrent.LinkedBlockingQueue.poll(LinkedBlockingQueue.java:467)
        at org.apache.hadoop.ipc.CallQueueManager.take(CallQueueManager.java:317)
        at org.apache.hadoop.ipc.Server$Handler.run(Server.java:3014)
"IPC Server handler 24 on default port 15002" daemon prio=5 tid=277 timed_waiting
java.lang.Thread.State: TIMED_WAITING
        at sun.misc.Unsafe.park(Native Method)
        at java.util.concurrent.locks.LockSupport.parkNanos(LockSupport.java:215)
        at java.util.concurrent.locks.AbstractQueuedSynchronizer$ConditionObject.awaitNanos(AbstractQueuedSynchronizer.java:2078)
        at java.util.concurrent.LinkedBlockingQueue.poll(LinkedBlockingQueue.java:467)
        at org.apache.hadoop.ipc.CallQueueManager.take(CallQueueManager.java:317)
        at org.apache.hadoop.ipc.Server$Handler.run(Server.java:3014)
"IPC Server handler 98 on default port 15001" daemon prio=5 tid=251 timed_waiting
java.lang.Thread.State: TIMED_WAITING
        at sun.misc.Unsafe.park(Native Method)
        at java.util.concurrent.locks.LockSupport.parkNanos(LockSupport.java:215)
        at java.util.concurrent.locks.AbstractQueuedSynchronizer$ConditionObject.awaitNanos(AbstractQueuedSynchronizer.java:2078)
        at java.util.concurrent.LinkedBlockingQueue.poll(LinkedBlockingQueue.java:467)
        at org.apache.hadoop.ipc.CallQueueManager.take(CallQueueManager.java:317)
        at org.apache.hadoop.ipc.Server$Handler.run(Server.java:3014)
"IPC Server handler 2 on default port 15001" daemon prio=5 tid=155 timed_waiting
java.lang.Thread.State: TIMED_WAITING
        at sun.misc.Unsafe.park(Native Method)
        at java.util.concurrent.locks.LockSupport.parkNanos(LockSupport.java:215)
        at java.util.concurrent.locks.AbstractQueuedSynchronizer$ConditionObject.awaitNanos(AbstractQueuedSynchronizer.java:2078)
        at java.util.concurrent.LinkedBlockingQueue.poll(LinkedBlockingQueue.java:467)
        at org.apache.hadoop.ipc.CallQueueManager.take(CallQueueManager.java:317)
        at org.apache.hadoop.ipc.Server$Handler.run(Server.java:3014)
"StaleRecoveringContainerScrubbingService#2" daemon prio=5 tid=1192 in Object.wait()
java.lang.Thread.State: WAITING (on object monitor)
        at sun.misc.Unsafe.park(Native Method)
        at java.util.concurrent.locks.LockSupport.park(LockSupport.java:175)
        at java.util.concurrent.locks.AbstractQueuedSynchronizer$ConditionObject.await(AbstractQueuedSynchronizer.java:2039)
        at java.util.concurrent.ScheduledThreadPoolExecutor$DelayedWorkQueue.take(ScheduledThreadPoolExecutor.java:1088)
        at java.util.concurrent.ScheduledThreadPoolExecutor$DelayedWorkQueue.take(ScheduledThreadPoolExecutor.java:809)
        at java.util.concurrent.ThreadPoolExecutor.getTask(ThreadPoolExecutor.java:1074)
        at java.util.concurrent.ThreadPoolExecutor.runWorker(ThreadPoolExecutor.java:1134)
        at java.util.concurrent.ThreadPoolExecutor$Worker.run(ThreadPoolExecutor.java:624)
        at java.lang.Thread.run(Thread.java:750)
"IPC Server handler 47 on default port 15001" daemon prio=5 tid=200 timed_waiting
java.lang.Thread.State: TIMED_WAITING
        at sun.misc.Unsafe.park(Native Method)
        at java.util.concurrent.locks.LockSupport.parkNanos(LockSupport.java:215)
        at java.util.concurrent.locks.AbstractQueuedSynchronizer$ConditionObject.awaitNanos(AbstractQueuedSynchronizer.java:2078)
        at java.util.concurrent.LinkedBlockingQueue.poll(LinkedBlockingQueue.java:467)
        at org.apache.hadoop.ipc.CallQueueManager.take(CallQueueManager.java:317)
        at org.apache.hadoop.ipc.Server$Handler.run(Server.java:3014)
"IPC Server handler 30 on default port 15001" daemon prio=5 tid=183 timed_waiting
java.lang.Thread.State: TIMED_WAITING
        at sun.misc.Unsafe.park(Native Method)
        at java.util.concurrent.locks.LockSupport.parkNanos(LockSupport.java:215)
        at java.util.concurrent.locks.AbstractQueuedSynchronizer$ConditionObject.awaitNanos(AbstractQueuedSynchronizer.java:2078)
        at java.util.concurrent.LinkedBlockingQueue.poll(LinkedBlockingQueue.java:467)
        at org.apache.hadoop.ipc.CallQueueManager.take(CallQueueManager.java:317)
        at org.apache.hadoop.ipc.Server$Handler.run(Server.java:3014)
"dc82d807-438e-4f31-a873-936b5ae41996-EndpointStateMachineTaskThread-/0.0.0.0:15002-0 "  prio=5 tid=719 in Object.wait()
java.lang.Thread.State: WAITING (on object monitor)
        at sun.misc.Unsafe.park(Native Method)
        at java.util.concurrent.locks.LockSupport.park(LockSupport.java:175)
        at java.util.concurrent.locks.AbstractQueuedSynchronizer$ConditionObject.await(AbstractQueuedSynchronizer.java:2039)
        at java.util.concurrent.LinkedBlockingQueue.take(LinkedBlockingQueue.java:442)
        at java.util.concurrent.ThreadPoolExecutor.getTask(ThreadPoolExecutor.java:1074)
        at java.util.concurrent.ThreadPoolExecutor.runWorker(ThreadPoolExecutor.java:1134)
        at java.util.concurrent.ThreadPoolExecutor$Worker.run(ThreadPoolExecutor.java:624)
        at java.lang.Thread.run(Thread.java:750)
"qtp1249016169-617" daemon prio=5 tid=617 timed_waiting
java.lang.Thread.State: TIMED_WAITING
        at sun.misc.Unsafe.park(Native Method)
        at java.util.concurrent.locks.LockSupport.parkNanos(LockSupport.java:215)
        at java.util.concurrent.locks.AbstractQueuedSynchronizer$ConditionObject.awaitNanos(AbstractQueuedSynchronizer.java:2078)
        at org.eclipse.jetty.util.BlockingArrayQueue.poll(BlockingArrayQueue.java:382)
        at org.eclipse.jetty.util.thread.QueuedThreadPool$Runner.idleJobPoll(QueuedThreadPool.java:974)
        at org.eclipse.jetty.util.thread.QueuedThreadPool$Runner.run(QueuedThreadPool.java:1018)
        at java.lang.Thread.run(Thread.java:750)
"IPC Server handler 45 on default port 15001" daemon prio=5 tid=198 timed_waiting
java.lang.Thread.State: TIMED_WAITING
        at sun.misc.Unsafe.park(Native Method)
        at java.util.concurrent.locks.LockSupport.parkNanos(LockSupport.java:215)
        at java.util.concurrent.locks.AbstractQueuedSynchronizer$ConditionObject.awaitNanos(AbstractQueuedSynchronizer.java:2078)
        at java.util.concurrent.LinkedBlockingQueue.poll(LinkedBlockingQueue.java:467)
        at org.apache.hadoop.ipc.CallQueueManager.take(CallQueueManager.java:317)
        at org.apache.hadoop.ipc.Server$Handler.run(Server.java:3014)
"IPC Server handler 27 on default port 15009" daemon prio=5 tid=498 timed_waiting
java.lang.Thread.State: TIMED_WAITING
        at sun.misc.Unsafe.park(Native Method)
        at java.util.concurrent.locks.LockSupport.parkNanos(LockSupport.java:215)
        at java.util.concurrent.locks.AbstractQueuedSynchronizer$ConditionObject.awaitNanos(AbstractQueuedSynchronizer.java:2078)
        at java.util.concurrent.LinkedBlockingQueue.poll(LinkedBlockingQueue.java:467)
        at org.apache.hadoop.ipc.CallQueueManager.take(CallQueueManager.java:317)
        at org.apache.hadoop.ipc.Server$Handler.run(Server.java:3014)
"Hadoop-Metrics-Updater-0" daemon prio=5 tid=41 timed_waiting
java.lang.Thread.State: TIMED_WAITING
        at sun.misc.Unsafe.park(Native Method)
        at java.util.concurrent.locks.LockSupport.parkNanos(LockSupport.java:215)
        at java.util.concurrent.locks.AbstractQueuedSynchronizer$ConditionObject.awaitNanos(AbstractQueuedSynchronizer.java:2078)
        at java.util.concurrent.ScheduledThreadPoolExecutor$DelayedWorkQueue.take(ScheduledThreadPoolExecutor.java:1093)
        at java.util.concurrent.ScheduledThreadPoolExecutor$DelayedWorkQueue.take(ScheduledThreadPoolExecutor.java:809)
        at java.util.concurrent.ThreadPoolExecutor.getTask(ThreadPoolExecutor.java:1074)
        at java.util.concurrent.ThreadPoolExecutor.runWorker(ThreadPoolExecutor.java:1134)
        at java.util.concurrent.ThreadPoolExecutor$Worker.run(ThreadPoolExecutor.java:624)
        at java.lang.Thread.run(Thread.java:750)
"FixedThreadPoolWithAffinityExecutor-0-0" daemon prio=5 tid=42 timed_waiting
java.lang.Thread.State: TIMED_WAITING
        at sun.misc.Unsafe.park(Native Method)
        at java.util.concurrent.locks.LockSupport.parkNanos(LockSupport.java:215)
        at java.util.concurrent.locks.AbstractQueuedSynchronizer$ConditionObject.awaitNanos(AbstractQueuedSynchronizer.java:2078)
        at java.util.concurrent.LinkedBlockingQueue.poll(LinkedBlockingQueue.java:467)
        at org.apache.hadoop.hdds.scm.server.ContainerReportQueue.poll(ContainerReportQueue.java:269)
        at org.apache.hadoop.hdds.scm.server.ContainerReportQueue.poll(ContainerReportQueue.java:42)
        at org.apache.hadoop.hdds.server.events.FixedThreadPoolWithAffinityExecutor$ContainerReportProcessTask.run(FixedThreadPoolWithAffinityExecutor.java:253)
        at java.util.concurrent.Executors$RunnableAdapter.call(Executors.java:511)
        at java.util.concurrent.FutureTask.run(FutureTask.java:266)
        at java.util.concurrent.ThreadPoolExecutor.runWorker(ThreadPoolExecutor.java:1149)
        at java.util.concurrent.ThreadPoolExecutor$Worker.run(ThreadPoolExecutor.java:624)
        at java.lang.Thread.run(Thread.java:750)
"IPC Server handler 28 on default port 15001" daemon prio=5 tid=181 timed_waiting
java.lang.Thread.State: TIMED_WAITING
        at sun.misc.Unsafe.park(Native Method)
        at java.util.concurrent.locks.LockSupport.parkNanos(LockSupport.java:215)
        at java.util.concurrent.locks.AbstractQueuedSynchronizer$ConditionObject.awaitNanos(AbstractQueuedSynchronizer.java:2078)
        at java.util.concurrent.LinkedBlockingQueue.poll(LinkedBlockingQueue.java:467)
        at org.apache.hadoop.ipc.CallQueueManager.take(CallQueueManager.java:317)
        at org.apache.hadoop.ipc.Server$Handler.run(Server.java:3014)
"FullTableCache-Cleanup-0" daemon prio=5 tid=938 in Object.wait()
java.lang.Thread.State: WAITING (on object monitor)
        at sun.misc.Unsafe.park(Native Method)
        at java.util.concurrent.locks.LockSupport.park(LockSupport.java:175)
        at java.util.concurrent.locks.AbstractQueuedSynchronizer$ConditionObject.await(AbstractQueuedSynchronizer.java:2039)
        at java.util.concurrent.LinkedBlockingQueue.take(LinkedBlockingQueue.java:442)
        at java.util.concurrent.ThreadPoolExecutor.getTask(ThreadPoolExecutor.java:1074)
        at java.util.concurrent.ThreadPoolExecutor.runWorker(ThreadPoolExecutor.java:1134)
        at java.util.concurrent.ThreadPoolExecutor$Worker.run(ThreadPoolExecutor.java:624)
        at java.lang.Thread.run(Thread.java:750)
"7b630919-9d6b-42e9-b08a-8409ae097dea-BlockDeletingService#2" daemon prio=5 tid=1188 in Object.wait()
java.lang.Thread.State: WAITING (on object monitor)
        at sun.misc.Unsafe.park(Native Method)
        at java.util.concurrent.locks.LockSupport.park(LockSupport.java:175)
        at java.util.concurrent.locks.AbstractQueuedSynchronizer$ConditionObject.await(AbstractQueuedSynchronizer.java:2039)
        at java.util.concurrent.ScheduledThreadPoolExecutor$DelayedWorkQueue.take(ScheduledThreadPoolExecutor.java:1088)
        at java.util.concurrent.ScheduledThreadPoolExecutor$DelayedWorkQueue.take(ScheduledThreadPoolExecutor.java:809)
        at java.util.concurrent.ThreadPoolExecutor.getTask(ThreadPoolExecutor.java:1074)
        at java.util.concurrent.ThreadPoolExecutor.runWorker(ThreadPoolExecutor.java:1134)
        at java.util.concurrent.ThreadPoolExecutor$Worker.run(ThreadPoolExecutor.java:624)
        at java.lang.Thread.run(Thread.java:750)
"qtp1591256270-407-acceptor-0@51b1d348-ServerConnector@23d06658{HTTP/1.1, (http/1.1)}{0.0.0.0:15005}" daemon prio=3 tid=407 runnable
java.lang.Thread.State: RUNNABLE
        at sun.nio.ch.ServerSocketChannelImpl.accept0(Native Method)
        at sun.nio.ch.ServerSocketChannelImpl.accept(ServerSocketChannelImpl.java:421)
        at sun.nio.ch.ServerSocketChannelImpl.accept(ServerSocketChannelImpl.java:249)
        at org.eclipse.jetty.server.ServerConnector.accept(ServerConnector.java:388)
        at org.eclipse.jetty.server.AbstractConnector$Acceptor.run(AbstractConnector.java:704)
        at org.eclipse.jetty.util.thread.QueuedThreadPool.runJob(QueuedThreadPool.java:883)
        at org.eclipse.jetty.util.thread.QueuedThreadPool$Runner.run(QueuedThreadPool.java:1034)
        at java.lang.Thread.run(Thread.java:750)
"IPC Server handler 88 on default port 15001" daemon prio=5 tid=241 timed_waiting
java.lang.Thread.State: TIMED_WAITING
        at sun.misc.Unsafe.park(Native Method)
        at java.util.concurrent.locks.LockSupport.parkNanos(LockSupport.java:215)
        at java.util.concurrent.locks.AbstractQueuedSynchronizer$ConditionObject.awaitNanos(AbstractQueuedSynchronizer.java:2078)
        at java.util.concurrent.LinkedBlockingQueue.poll(LinkedBlockingQueue.java:467)
        at org.apache.hadoop.ipc.CallQueueManager.take(CallQueueManager.java:317)
        at org.apache.hadoop.ipc.Server$Handler.run(Server.java:3014)
"qtp1918537167-458" daemon prio=5 tid=458 timed_waiting
java.lang.Thread.State: TIMED_WAITING
        at sun.misc.Unsafe.park(Native Method)
        at java.util.concurrent.locks.LockSupport.parkNanos(LockSupport.java:215)
        at java.util.concurrent.locks.AbstractQueuedSynchronizer$ConditionObject.awaitNanos(AbstractQueuedSynchronizer.java:2078)
        at org.eclipse.jetty.util.BlockingArrayQueue.poll(BlockingArrayQueue.java:382)
        at org.eclipse.jetty.util.thread.QueuedThreadPool$Runner.idleJobPoll(QueuedThreadPool.java:974)
        at org.eclipse.jetty.util.thread.QueuedThreadPool$Runner.run(QueuedThreadPool.java:1018)
        at java.lang.Thread.run(Thread.java:750)
"IPC Server handler 48 on default port 15002" daemon prio=5 tid=301 timed_waiting
java.lang.Thread.State: TIMED_WAITING
        at sun.misc.Unsafe.park(Native Method)
        at java.util.concurrent.locks.LockSupport.parkNanos(LockSupport.java:215)
        at java.util.concurrent.locks.AbstractQueuedSynchronizer$ConditionObject.awaitNanos(AbstractQueuedSynchronizer.java:2078)
        at java.util.concurrent.LinkedBlockingQueue.poll(LinkedBlockingQueue.java:467)
        at org.apache.hadoop.ipc.CallQueueManager.take(CallQueueManager.java:317)
        at org.apache.hadoop.ipc.Server$Handler.run(Server.java:3014)
"IPC Server listener on 15021" daemon prio=5 tid=620 runnable
java.lang.Thread.State: RUNNABLE
        at sun.nio.ch.EPollArrayWrapper.epollWait(Native Method)
        at sun.nio.ch.EPollArrayWrapper.poll(EPollArrayWrapper.java:269)
        at sun.nio.ch.EPollSelectorImpl.doSelect(EPollSelectorImpl.java:93)
        at sun.nio.ch.SelectorImpl.lockAndDoSelect(SelectorImpl.java:86)
        at sun.nio.ch.SelectorImpl.select(SelectorImpl.java:97)
        at sun.nio.ch.SelectorImpl.select(SelectorImpl.java:101)
        at org.apache.hadoop.ipc.Server$Listener.run(Server.java:1408)
"IPC Server handler 61 on default port 15000" daemon prio=5 tid=114 timed_waiting
java.lang.Thread.State: TIMED_WAITING
        at sun.misc.Unsafe.park(Native Method)
        at java.util.concurrent.locks.LockSupport.parkNanos(LockSupport.java:215)
        at java.util.concurrent.locks.AbstractQueuedSynchronizer$ConditionObject.awaitNanos(AbstractQueuedSynchronizer.java:2078)
        at java.util.concurrent.LinkedBlockingQueue.poll(LinkedBlockingQueue.java:467)
        at org.apache.hadoop.ipc.CallQueueManager.take(CallQueueManager.java:317)
        at org.apache.hadoop.ipc.Server$Handler.run(Server.java:3014)
"IPC Server listener on 15048" daemon prio=5 tid=704 runnable
java.lang.Thread.State: RUNNABLE
        at sun.nio.ch.EPollArrayWrapper.epollWait(Native Method)
        at sun.nio.ch.EPollArrayWrapper.poll(EPollArrayWrapper.java:269)
        at sun.nio.ch.EPollSelectorImpl.doSelect(EPollSelectorImpl.java:93)
        at sun.nio.ch.SelectorImpl.lockAndDoSelect(SelectorImpl.java:86)
        at sun.nio.ch.SelectorImpl.select(SelectorImpl.java:97)
        at sun.nio.ch.SelectorImpl.select(SelectorImpl.java:101)
        at org.apache.hadoop.ipc.Server$Listener.run(Server.java:1408)
"IPC Server handler 13 on default port 15002" daemon prio=5 tid=266 timed_waiting
java.lang.Thread.State: TIMED_WAITING
        at sun.misc.Unsafe.park(Native Method)
        at java.util.concurrent.locks.LockSupport.parkNanos(LockSupport.java:215)
        at java.util.concurrent.locks.AbstractQueuedSynchronizer$ConditionObject.awaitNanos(AbstractQueuedSynchronizer.java:2078)
        at java.util.concurrent.LinkedBlockingQueue.poll(LinkedBlockingQueue.java:467)
        at org.apache.hadoop.ipc.CallQueueManager.take(CallQueueManager.java:317)
        at org.apache.hadoop.ipc.Server$Handler.run(Server.java:3014)
"IPC Server handler 23 on default port 15001" daemon prio=5 tid=176 timed_waiting
java.lang.Thread.State: TIMED_WAITING
        at sun.misc.Unsafe.park(Native Method)
        at java.util.concurrent.locks.LockSupport.parkNanos(LockSupport.java:215)
        at java.util.concurrent.locks.AbstractQueuedSynchronizer$ConditionObject.awaitNanos(AbstractQueuedSynchronizer.java:2078)
        at java.util.concurrent.LinkedBlockingQueue.poll(LinkedBlockingQueue.java:467)
        at org.apache.hadoop.ipc.CallQueueManager.take(CallQueueManager.java:317)
        at org.apache.hadoop.ipc.Server$Handler.run(Server.java:3014)
"IPC Server handler 20 on default port 15001" daemon prio=5 tid=173 timed_waiting
java.lang.Thread.State: TIMED_WAITING
        at sun.misc.Unsafe.park(Native Method)
        at java.util.concurrent.locks.LockSupport.parkNanos(LockSupport.java:215)
        at java.util.concurrent.locks.AbstractQueuedSynchronizer$ConditionObject.awaitNanos(AbstractQueuedSynchronizer.java:2078)
        at java.util.concurrent.LinkedBlockingQueue.poll(LinkedBlockingQueue.java:467)
        at org.apache.hadoop.ipc.CallQueueManager.take(CallQueueManager.java:317)
        at org.apache.hadoop.ipc.Server$Handler.run(Server.java:3014)
"IPC Server handler 65 on default port 15009" daemon prio=5 tid=536 timed_waiting
java.lang.Thread.State: TIMED_WAITING
        at sun.misc.Unsafe.park(Native Method)
        at java.util.concurrent.locks.LockSupport.parkNanos(LockSupport.java:215)
        at java.util.concurrent.locks.AbstractQueuedSynchronizer$ConditionObject.awaitNanos(AbstractQueuedSynchronizer.java:2078)
        at java.util.concurrent.LinkedBlockingQueue.poll(LinkedBlockingQueue.java:467)
        at org.apache.hadoop.ipc.CallQueueManager.take(CallQueueManager.java:317)
        at org.apache.hadoop.ipc.Server$Handler.run(Server.java:3014)
"surefire-forkedjvm-command-thread" daemon prio=5 tid=10 runnable
java.lang.Thread.State: RUNNABLE
        at java.io.FileInputStream.readBytes(Native Method)
        at java.io.FileInputStream.read(FileInputStream.java:255)
        at java.io.BufferedInputStream.fill(BufferedInputStream.java:246)
        at java.io.BufferedInputStream.read(BufferedInputStream.java:265)
        at java.io.DataInputStream.readInt(DataInputStream.java:387)
        at org.apache.maven.surefire.booter.MasterProcessCommand.decode(MasterProcessCommand.java:113)
        at org.apache.maven.surefire.booter.CommandReader$CommandRunnable.run(CommandReader.java:383)
        at java.lang.Thread.run(Thread.java:750)
"IPC Server handler 77 on default port 15001" daemon prio=5 tid=230 timed_waiting
java.lang.Thread.State: TIMED_WAITING
        at sun.misc.Unsafe.park(Native Method)
        at java.util.concurrent.locks.LockSupport.parkNanos(LockSupport.java:215)
        at java.util.concurrent.locks.AbstractQueuedSynchronizer$ConditionObject.awaitNanos(AbstractQueuedSynchronizer.java:2078)
        at java.util.concurrent.LinkedBlockingQueue.poll(LinkedBlockingQueue.java:467)
        at org.apache.hadoop.ipc.CallQueueManager.take(CallQueueManager.java:317)
        at org.apache.hadoop.ipc.Server$Handler.run(Server.java:3014)
"IPC Server handler 7 on default port 15004" daemon prio=5 tid=421 timed_waiting
java.lang.Thread.State: TIMED_WAITING
        at sun.misc.Unsafe.park(Native Method)
        at java.util.concurrent.locks.LockSupport.parkNanos(LockSupport.java:215)
        at java.util.concurrent.locks.AbstractQueuedSynchronizer$ConditionObject.awaitNanos(AbstractQueuedSynchronizer.java:2078)
        at java.util.concurrent.LinkedBlockingQueue.poll(LinkedBlockingQueue.java:467)
        at org.apache.hadoop.ipc.CallQueueManager.take(CallQueueManager.java:317)
        at org.apache.hadoop.ipc.Server$Handler.run(Server.java:3014)
"IPC Server handler 13 on default port 15001" daemon prio=5 tid=166 timed_waiting
java.lang.Thread.State: TIMED_WAITING
        at sun.misc.Unsafe.park(Native Method)
        at java.util.concurrent.locks.LockSupport.parkNanos(LockSupport.java:215)
        at java.util.concurrent.locks.AbstractQueuedSynchronizer$ConditionObject.awaitNanos(AbstractQueuedSynchronizer.java:2078)
        at java.util.concurrent.LinkedBlockingQueue.poll(LinkedBlockingQueue.java:467)
        at org.apache.hadoop.ipc.CallQueueManager.take(CallQueueManager.java:317)
        at org.apache.hadoop.ipc.Server$Handler.run(Server.java:3014)
"Hadoop-Metrics-Updater-0" daemon prio=5 tid=680 timed_waiting
java.lang.Thread.State: TIMED_WAITING
        at sun.misc.Unsafe.park(Native Method)
        at java.util.concurrent.locks.LockSupport.parkNanos(LockSupport.java:215)
        at java.util.concurrent.locks.AbstractQueuedSynchronizer$ConditionObject.awaitNanos(AbstractQueuedSynchronizer.java:2078)
        at java.util.concurrent.ScheduledThreadPoolExecutor$DelayedWorkQueue.take(ScheduledThreadPoolExecutor.java:1093)
        at java.util.concurrent.ScheduledThreadPoolExecutor$DelayedWorkQueue.take(ScheduledThreadPoolExecutor.java:809)
        at java.util.concurrent.ThreadPoolExecutor.getTask(ThreadPoolExecutor.java:1074)
        at java.util.concurrent.ThreadPoolExecutor.runWorker(ThreadPoolExecutor.java:1134)
        at java.util.concurrent.ThreadPoolExecutor$Worker.run(ThreadPoolExecutor.java:624)
        at java.lang.Thread.run(Thread.java:750)
"qtp634982496-669-acceptor-0@2be5f92f-ServerConnector@5fa4b778{HTTP/1.1, (http/1.1)}{0.0.0.0:15038}" daemon prio=3 tid=669 runnable
java.lang.Thread.State: RUNNABLE
        at sun.nio.ch.ServerSocketChannelImpl.accept0(Native Method)
        at sun.nio.ch.ServerSocketChannelImpl.accept(ServerSocketChannelImpl.java:421)
        at sun.nio.ch.ServerSocketChannelImpl.accept(ServerSocketChannelImpl.java:249)
        at org.eclipse.jetty.server.ServerConnector.accept(ServerConnector.java:388)
        at org.eclipse.jetty.server.AbstractConnector$Acceptor.run(AbstractConnector.java:704)
        at org.eclipse.jetty.util.thread.QueuedThreadPool.runJob(QueuedThreadPool.java:883)
        at org.eclipse.jetty.util.thread.QueuedThreadPool$Runner.run(QueuedThreadPool.java:1034)
        at java.lang.Thread.run(Thread.java:750)
"IPC Server handler 31 on default port 15002" daemon prio=5 tid=284 timed_waiting
java.lang.Thread.State: TIMED_WAITING
        at sun.misc.Unsafe.park(Native Method)
        at java.util.concurrent.locks.LockSupport.parkNanos(LockSupport.java:215)
        at java.util.concurrent.locks.AbstractQueuedSynchronizer$ConditionObject.awaitNanos(AbstractQueuedSynchronizer.java:2078)
        at java.util.concurrent.LinkedBlockingQueue.poll(LinkedBlockingQueue.java:467)
        at org.apache.hadoop.ipc.CallQueueManager.take(CallQueueManager.java:317)
        at org.apache.hadoop.ipc.Server$Handler.run(Server.java:3014)
"qtp1618613611-702" daemon prio=5 tid=702 timed_waiting
java.lang.Thread.State: TIMED_WAITING
        at sun.misc.Unsafe.park(Native Method)
        at java.util.concurrent.locks.LockSupport.parkNanos(LockSupport.java:215)
        at java.util.concurrent.locks.AbstractQueuedSynchronizer$ConditionObject.awaitNanos(AbstractQueuedSynchronizer.java:2078)
        at org.eclipse.jetty.util.BlockingArrayQueue.poll(BlockingArrayQueue.java:382)
        at org.eclipse.jetty.util.thread.QueuedThreadPool$Runner.idleJobPoll(QueuedThreadPool.java:974)
        at org.eclipse.jetty.util.thread.QueuedThreadPool$Runner.run(QueuedThreadPool.java:1018)
        at java.lang.Thread.run(Thread.java:750)
"qtp1591256270-408" daemon prio=5 tid=408 timed_waiting
java.lang.Thread.State: TIMED_WAITING
        at sun.misc.Unsafe.park(Native Method)
        at java.util.concurrent.locks.LockSupport.parkNanos(LockSupport.java:215)
        at java.util.concurrent.locks.AbstractQueuedSynchronizer$ConditionObject.awaitNanos(AbstractQueuedSynchronizer.java:2078)
        at org.eclipse.jetty.util.BlockingArrayQueue.poll(BlockingArrayQueue.java:382)
        at org.eclipse.jetty.util.thread.QueuedThreadPool$Runner.idleJobPoll(QueuedThreadPool.java:974)
        at org.eclipse.jetty.util.thread.QueuedThreadPool$Runner.run(QueuedThreadPool.java:1018)
        at java.lang.Thread.run(Thread.java:750)
"StaleRecoveringContainerScrubbingService#0" daemon prio=5 tid=741 in Object.wait()
java.lang.Thread.State: WAITING (on object monitor)
        at sun.misc.Unsafe.park(Native Method)
        at java.util.concurrent.locks.LockSupport.park(LockSupport.java:175)
        at java.util.concurrent.locks.AbstractQueuedSynchronizer$ConditionObject.await(AbstractQueuedSynchronizer.java:2039)
        at java.util.concurrent.ScheduledThreadPoolExecutor$DelayedWorkQueue.take(ScheduledThreadPoolExecutor.java:1088)
        at java.util.concurrent.ScheduledThreadPoolExecutor$DelayedWorkQueue.take(ScheduledThreadPoolExecutor.java:809)
        at java.util.concurrent.ThreadPoolExecutor.getTask(ThreadPoolExecutor.java:1074)
        at java.util.concurrent.ThreadPoolExecutor.runWorker(ThreadPoolExecutor.java:1134)
        at java.util.concurrent.ThreadPoolExecutor$Worker.run(ThreadPoolExecutor.java:624)
        at java.lang.Thread.run(Thread.java:750)
"dc82d807-438e-4f31-a873-936b5ae41996@group-BB03F21823DB-SegmentedRaftLogWorker"  prio=5 tid=834 timed_waiting
java.lang.Thread.State: TIMED_WAITING
        at sun.misc.Unsafe.park(Native Method)
        at java.util.concurrent.locks.LockSupport.parkNanos(LockSupport.java:215)
        at java.util.concurrent.locks.AbstractQueuedSynchronizer$ConditionObject.awaitNanos(AbstractQueuedSynchronizer.java:2078)
        at org.apache.ratis.util.DataBlockingQueue.poll(DataBlockingQueue.java:148)
        at org.apache.ratis.server.raftlog.segmented.SegmentedRaftLogWorker.run(SegmentedRaftLogWorker.java:299)
        at org.apache.ratis.server.raftlog.segmented.SegmentedRaftLogWorker$$Lambda$917/278430812.run(Unknown Source)
        at java.util.concurrent.Executors$RunnableAdapter.call(Executors.java:511)
        at java.util.concurrent.FutureTask.run(FutureTask.java:266)
        at java.util.concurrent.ThreadPoolExecutor.runWorker(ThreadPoolExecutor.java:1149)
        at java.util.concurrent.ThreadPoolExecutor$Worker.run(ThreadPoolExecutor.java:624)
        at java.lang.Thread.run(Thread.java:750)
"20ed7fe7-4274-4f1a-9498-93c5abf09f1c-BlockDeletingService#2" daemon prio=5 tid=1191 in Object.wait()
java.lang.Thread.State: WAITING (on object monitor)
        at sun.misc.Unsafe.park(Native Method)
        at java.util.concurrent.locks.LockSupport.park(LockSupport.java:175)
        at java.util.concurrent.locks.AbstractQueuedSynchronizer$ConditionObject.await(AbstractQueuedSynchronizer.java:2039)
        at java.util.concurrent.ScheduledThreadPoolExecutor$DelayedWorkQueue.take(ScheduledThreadPoolExecutor.java:1088)
        at java.util.concurrent.ScheduledThreadPoolExecutor$DelayedWorkQueue.take(ScheduledThreadPoolExecutor.java:809)
        at java.util.concurrent.ThreadPoolExecutor.getTask(ThreadPoolExecutor.java:1074)
        at java.util.concurrent.ThreadPoolExecutor.runWorker(ThreadPoolExecutor.java:1134)
        at java.util.concurrent.ThreadPoolExecutor$Worker.run(ThreadPoolExecutor.java:624)
        at java.lang.Thread.run(Thread.java:750)
"9bdc6c20-c7c2-4cc7-a4be-d4fe59586f4c-DatanodeStateMachineDaemonThread" daemon prio=5 tid=682 timed_waiting
java.lang.Thread.State: TIMED_WAITING
        at java.lang.Thread.sleep(Native Method)
        at org.apache.hadoop.ozone.container.common.statemachine.DatanodeStateMachine.startStateMachineThread(DatanodeStateMachine.java:369)
        at org.apache.hadoop.ozone.container.common.statemachine.DatanodeStateMachine.lambda$startDaemon$1(DatanodeStateMachine.java:556)
        at org.apache.hadoop.ozone.container.common.statemachine.DatanodeStateMachine$$Lambda$1387/978712775.run(Unknown Source)
        at java.lang.Thread.run(Thread.java:750)
"IPC Server handler 24 on default port 15000" daemon prio=5 tid=77 timed_waiting
java.lang.Thread.State: TIMED_WAITING
        at sun.misc.Unsafe.park(Native Method)
        at java.util.concurrent.locks.LockSupport.parkNanos(LockSupport.java:215)
        at java.util.concurrent.locks.AbstractQueuedSynchronizer$ConditionObject.awaitNanos(AbstractQueuedSynchronizer.java:2078)
        at java.util.concurrent.LinkedBlockingQueue.poll(LinkedBlockingQueue.java:467)
        at org.apache.hadoop.ipc.CallQueueManager.take(CallQueueManager.java:317)
        at org.apache.hadoop.ipc.Server$Handler.run(Server.java:3014)
"surefire-forkedjvm-ping-30s" daemon prio=5 tid=11 timed_waiting
java.lang.Thread.State: TIMED_WAITING
        at sun.misc.Unsafe.park(Native Method)
        at java.util.concurrent.locks.LockSupport.parkNanos(LockSupport.java:215)
        at java.util.concurrent.locks.AbstractQueuedSynchronizer$ConditionObject.awaitNanos(AbstractQueuedSynchronizer.java:2078)
        at java.util.concurrent.ScheduledThreadPoolExecutor$DelayedWorkQueue.take(ScheduledThreadPoolExecutor.java:1093)
        at java.util.concurrent.ScheduledThreadPoolExecutor$DelayedWorkQueue.take(ScheduledThreadPoolExecutor.java:809)
        at java.util.concurrent.ThreadPoolExecutor.getTask(ThreadPoolExecutor.java:1074)
        at java.util.concurrent.ThreadPoolExecutor.runWorker(ThreadPoolExecutor.java:1134)
        at java.util.concurrent.ThreadPoolExecutor$Worker.run(ThreadPoolExecutor.java:624)
        at java.lang.Thread.run(Thread.java:750)
"qtp1918537167-465" daemon prio=5 tid=465 runnable
java.lang.Thread.State: RUNNABLE
        at sun.nio.ch.EPollArrayWrapper.epollWait(Native Method)
        at sun.nio.ch.EPollArrayWrapper.poll(EPollArrayWrapper.java:269)
        at sun.nio.ch.EPollSelectorImpl.doSelect(EPollSelectorImpl.java:93)
        at sun.nio.ch.SelectorImpl.lockAndDoSelect(SelectorImpl.java:86)
        at sun.nio.ch.SelectorImpl.select(SelectorImpl.java:97)
        at sun.nio.ch.SelectorImpl.select(SelectorImpl.java:101)
        at org.eclipse.jetty.io.ManagedSelector.nioSelect(ManagedSelector.java:183)
        at org.eclipse.jetty.io.ManagedSelector.select(ManagedSelector.java:190)
        at org.eclipse.jetty.io.ManagedSelector$SelectorProducer.select(ManagedSelector.java:606)
        at org.eclipse.jetty.io.ManagedSelector$SelectorProducer.produce(ManagedSelector.java:543)
        at org.eclipse.jetty.util.thread.strategy.EatWhatYouKill.produceTask(EatWhatYouKill.java:362)
        at org.eclipse.jetty.util.thread.strategy.EatWhatYouKill.doProduce(EatWhatYouKill.java:186)
        at org.eclipse.jetty.util.thread.strategy.EatWhatYouKill.tryProduce(EatWhatYouKill.java:173)
        at org.eclipse.jetty.util.thread.strategy.EatWhatYouKill.run(EatWhatYouKill.java:131)
        at org.eclipse.jetty.util.thread.ReservedThreadExecutor$ReservedThread.run(ReservedThreadExecutor.java:409)
        at org.eclipse.jetty.util.thread.QueuedThreadPool.runJob(QueuedThreadPool.java:883)
        at org.eclipse.jetty.util.thread.QueuedThreadPool$Runner.run(QueuedThreadPool.java:1034)
        at java.lang.Thread.run(Thread.java:750)
"dc82d807-438e-4f31-a873-936b5ae41996@group-BB03F21823DB-cacheEviction-AwaitToRun" daemon prio=5 tid=833 in Object.wait()
java.lang.Thread.State: WAITING (on object monitor)
        at sun.misc.Unsafe.park(Native Method)
        at java.util.concurrent.locks.LockSupport.park(LockSupport.java:175)
        at java.util.concurrent.locks.AbstractQueuedSynchronizer$ConditionObject.await(AbstractQueuedSynchronizer.java:2039)
        at org.apache.ratis.util.AwaitForSignal.await(AwaitForSignal.java:48)
        at org.apache.ratis.util.AwaitToRun$RunnableImpl.run(AwaitToRun.java:47)
        at java.lang.Thread.run(Thread.java:750)
"Recon-FixedThreadPoolWithAffinityExecutor-8-0" daemon prio=5 tid=456 timed_waiting
java.lang.Thread.State: TIMED_WAITING
        at sun.misc.Unsafe.park(Native Method)
        at java.util.concurrent.locks.LockSupport.parkNanos(LockSupport.java:215)
        at java.util.concurrent.locks.AbstractQueuedSynchronizer$ConditionObject.awaitNanos(AbstractQueuedSynchronizer.java:2078)
        at java.util.concurrent.LinkedBlockingQueue.poll(LinkedBlockingQueue.java:467)
        at org.apache.hadoop.hdds.scm.server.ContainerReportQueue.poll(ContainerReportQueue.java:269)
        at org.apache.hadoop.hdds.scm.server.ContainerReportQueue.poll(ContainerReportQueue.java:42)
        at org.apache.hadoop.hdds.server.events.FixedThreadPoolWithAffinityExecutor$ContainerReportProcessTask.run(FixedThreadPoolWithAffinityExecutor.java:253)
        at java.util.concurrent.Executors$RunnableAdapter.call(Executors.java:511)
        at java.util.concurrent.FutureTask.run(FutureTask.java:266)
        at java.util.concurrent.ThreadPoolExecutor.runWorker(ThreadPoolExecutor.java:1149)
        at java.util.concurrent.ThreadPoolExecutor$Worker.run(ThreadPoolExecutor.java:624)
        at java.lang.Thread.run(Thread.java:750)
"qtp496161074-364" daemon prio=5 tid=364 timed_waiting
java.lang.Thread.State: TIMED_WAITING
        at sun.misc.Unsafe.park(Native Method)
        at java.util.concurrent.locks.LockSupport.parkNanos(LockSupport.java:215)
        at java.util.concurrent.locks.AbstractQueuedSynchronizer$ConditionObject.awaitNanos(AbstractQueuedSynchronizer.java:2078)
        at org.eclipse.jetty.util.BlockingArrayQueue.poll(BlockingArrayQueue.java:382)
        at org.eclipse.jetty.util.thread.QueuedThreadPool$Runner.idleJobPoll(QueuedThreadPool.java:974)
        at org.eclipse.jetty.util.thread.QueuedThreadPool$Runner.run(QueuedThreadPool.java:1018)
        at java.lang.Thread.run(Thread.java:750)
"IPC Server handler 67 on default port 15002" daemon prio=5 tid=320 timed_waiting
java.lang.Thread.State: TIMED_WAITING
        at sun.misc.Unsafe.park(Native Method)
        at java.util.concurrent.locks.LockSupport.parkNanos(LockSupport.java:215)
        at java.util.concurrent.locks.AbstractQueuedSynchronizer$ConditionObject.awaitNanos(AbstractQueuedSynchronizer.java:2078)
        at java.util.concurrent.LinkedBlockingQueue.poll(LinkedBlockingQueue.java:467)
        at org.apache.hadoop.ipc.CallQueueManager.take(CallQueueManager.java:317)
        at org.apache.hadoop.ipc.Server$Handler.run(Server.java:3014)
"IPC Server handler 57 on default port 15000" daemon prio=5 tid=110 timed_waiting
java.lang.Thread.State: TIMED_WAITING
        at sun.misc.Unsafe.park(Native Method)
        at java.util.concurrent.locks.LockSupport.parkNanos(LockSupport.java:215)
        at java.util.concurrent.locks.AbstractQueuedSynchronizer$ConditionObject.awaitNanos(AbstractQueuedSynchronizer.java:2078)
        at java.util.concurrent.LinkedBlockingQueue.poll(LinkedBlockingQueue.java:467)
        at org.apache.hadoop.ipc.CallQueueManager.take(CallQueueManager.java:317)
        at org.apache.hadoop.ipc.Server$Handler.run(Server.java:3014)
"Hadoop-Metrics-Updater-0" daemon prio=5 tid=624 timed_waiting
java.lang.Thread.State: TIMED_WAITING
        at sun.misc.Unsafe.park(Native Method)
        at java.util.concurrent.locks.LockSupport.parkNanos(LockSupport.java:215)
        at java.util.concurrent.locks.AbstractQueuedSynchronizer$ConditionObject.awaitNanos(AbstractQueuedSynchronizer.java:2078)
        at java.util.concurrent.ScheduledThreadPoolExecutor$DelayedWorkQueue.take(ScheduledThreadPoolExecutor.java:1093)
        at java.util.concurrent.ScheduledThreadPoolExecutor$DelayedWorkQueue.take(ScheduledThreadPoolExecutor.java:809)
        at java.util.concurrent.ThreadPoolExecutor.getTask(ThreadPoolExecutor.java:1074)
        at java.util.concurrent.ThreadPoolExecutor.runWorker(ThreadPoolExecutor.java:1134)
        at java.util.concurrent.ThreadPoolExecutor$Worker.run(ThreadPoolExecutor.java:624)
        at java.lang.Thread.run(Thread.java:750)
"12adf753-b9bf-4e27-afc1-d809141df6d3-groupManagement"  prio=5 tid=843 in Object.wait()
java.lang.Thread.State: WAITING (on object monitor)
        at sun.misc.Unsafe.park(Native Method)
        at java.util.concurrent.locks.LockSupport.park(LockSupport.java:175)
        at java.util.concurrent.locks.AbstractQueuedSynchronizer$ConditionObject.await(AbstractQueuedSynchronizer.java:2039)
        at java.util.concurrent.LinkedBlockingQueue.take(LinkedBlockingQueue.java:442)
        at java.util.concurrent.ThreadPoolExecutor.getTask(ThreadPoolExecutor.java:1074)
        at java.util.concurrent.ThreadPoolExecutor.runWorker(ThreadPoolExecutor.java:1134)
        at java.util.concurrent.ThreadPoolExecutor$Worker.run(ThreadPoolExecutor.java:624)
        at java.lang.Thread.run(Thread.java:750)
"IPC Server handler 34 on default port 15001" daemon prio=5 tid=187 timed_waiting
java.lang.Thread.State: TIMED_WAITING
        at sun.misc.Unsafe.park(Native Method)
        at java.util.concurrent.locks.LockSupport.parkNanos(LockSupport.java:215)
        at java.util.concurrent.locks.AbstractQueuedSynchronizer$ConditionObject.awaitNanos(AbstractQueuedSynchronizer.java:2078)
        at java.util.concurrent.LinkedBlockingQueue.poll(LinkedBlockingQueue.java:467)
        at org.apache.hadoop.ipc.CallQueueManager.take(CallQueueManager.java:317)
        at org.apache.hadoop.ipc.Server$Handler.run(Server.java:3014)
"IPC Server handler 9 on default port 15004" daemon prio=5 tid=423 timed_waiting
java.lang.Thread.State: TIMED_WAITING
        at sun.misc.Unsafe.park(Native Method)
        at java.util.concurrent.locks.LockSupport.parkNanos(LockSupport.java:215)
        at java.util.concurrent.locks.AbstractQueuedSynchronizer$ConditionObject.awaitNanos(AbstractQueuedSynchronizer.java:2078)
        at java.util.concurrent.LinkedBlockingQueue.poll(LinkedBlockingQueue.java:467)
        at org.apache.hadoop.ipc.CallQueueManager.take(CallQueueManager.java:317)
        at org.apache.hadoop.ipc.Server$Handler.run(Server.java:3014)
"7b630919-9d6b-42e9-b08a-8409ae097dea-DatanodeStateMachineDaemonThread" daemon prio=5 tid=654 timed_waiting
java.lang.Thread.State: TIMED_WAITING
        at java.lang.Thread.sleep(Native Method)
        at org.apache.hadoop.ozone.container.common.statemachine.DatanodeStateMachine.startStateMachineThread(DatanodeStateMachine.java:369)
        at org.apache.hadoop.ozone.container.common.statemachine.DatanodeStateMachine.lambda$startDaemon$1(DatanodeStateMachine.java:556)
        at org.apache.hadoop.ozone.container.common.statemachine.DatanodeStateMachine$$Lambda$1387/978712775.run(Unknown Source)
        at java.lang.Thread.run(Thread.java:750)
"IPC Server handler 91 on default port 15009" daemon prio=5 tid=562 timed_waiting
java.lang.Thread.State: TIMED_WAITING
        at sun.misc.Unsafe.park(Native Method)
        at java.util.concurrent.locks.LockSupport.parkNanos(LockSupport.java:215)
        at java.util.concurrent.locks.AbstractQueuedSynchronizer$ConditionObject.awaitNanos(AbstractQueuedSynchronizer.java:2078)
        at java.util.concurrent.LinkedBlockingQueue.poll(LinkedBlockingQueue.java:467)
        at org.apache.hadoop.ipc.CallQueueManager.take(CallQueueManager.java:317)
        at org.apache.hadoop.ipc.Server$Handler.run(Server.java:3014)
"IPC Server handler 21 on default port 15001" daemon prio=5 tid=174 timed_waiting
java.lang.Thread.State: TIMED_WAITING
        at sun.misc.Unsafe.park(Native Method)
        at java.util.concurrent.locks.LockSupport.parkNanos(LockSupport.java:215)
        at java.util.concurrent.locks.AbstractQueuedSynchronizer$ConditionObject.awaitNanos(AbstractQueuedSynchronizer.java:2078)
        at java.util.concurrent.LinkedBlockingQueue.poll(LinkedBlockingQueue.java:467)
        at org.apache.hadoop.ipc.CallQueueManager.take(CallQueueManager.java:317)
        at org.apache.hadoop.ipc.Server$Handler.run(Server.java:3014)
"IPC Server handler 78 on default port 15002" daemon prio=5 tid=331 timed_waiting
java.lang.Thread.State: TIMED_WAITING
        at sun.misc.Unsafe.park(Native Method)
        at java.util.concurrent.locks.LockSupport.parkNanos(LockSupport.java:215)
        at java.util.concurrent.locks.AbstractQueuedSynchronizer$ConditionObject.awaitNanos(AbstractQueuedSynchronizer.java:2078)
        at java.util.concurrent.LinkedBlockingQueue.poll(LinkedBlockingQueue.java:467)
        at org.apache.hadoop.ipc.CallQueueManager.take(CallQueueManager.java:317)
        at org.apache.hadoop.ipc.Server$Handler.run(Server.java:3014)
"7b630919-9d6b-42e9-b08a-8409ae097dea-server-thread2" daemon prio=5 tid=1180 timed_waiting
java.lang.Thread.State: TIMED_WAITING
        at sun.misc.Unsafe.park(Native Method)
        at java.util.concurrent.locks.LockSupport.parkNanos(LockSupport.java:215)
        at java.util.concurrent.SynchronousQueue$TransferStack.awaitFulfill(SynchronousQueue.java:460)
        at java.util.concurrent.SynchronousQueue$TransferStack.transfer(SynchronousQueue.java:362)
        at java.util.concurrent.SynchronousQueue.poll(SynchronousQueue.java:941)
        at java.util.concurrent.ThreadPoolExecutor.getTask(ThreadPoolExecutor.java:1073)
        at java.util.concurrent.ThreadPoolExecutor.runWorker(ThreadPoolExecutor.java:1134)
        at java.util.concurrent.ThreadPoolExecutor$Worker.run(ThreadPoolExecutor.java:624)
        at java.lang.Thread.run(Thread.java:750)
"IPC Server handler 26 on default port 15009" daemon prio=5 tid=497 timed_waiting
java.lang.Thread.State: TIMED_WAITING
        at sun.misc.Unsafe.park(Native Method)
        at java.util.concurrent.locks.LockSupport.parkNanos(LockSupport.java:215)
        at java.util.concurrent.locks.AbstractQueuedSynchronizer$ConditionObject.awaitNanos(AbstractQueuedSynchronizer.java:2078)
        at java.util.concurrent.LinkedBlockingQueue.poll(LinkedBlockingQueue.java:467)
        at org.apache.hadoop.ipc.CallQueueManager.take(CallQueueManager.java:317)
        at org.apache.hadoop.ipc.Server$Handler.run(Server.java:3014)
"Recon-FixedThreadPoolWithAffinityExecutor-1-0" daemon prio=5 tid=449 timed_waiting
java.lang.Thread.State: TIMED_WAITING
        at sun.misc.Unsafe.park(Native Method)
        at java.util.concurrent.locks.LockSupport.parkNanos(LockSupport.java:215)
        at java.util.concurrent.locks.AbstractQueuedSynchronizer$ConditionObject.awaitNanos(AbstractQueuedSynchronizer.java:2078)
        at java.util.concurrent.LinkedBlockingQueue.poll(LinkedBlockingQueue.java:467)
        at org.apache.hadoop.hdds.scm.server.ContainerReportQueue.poll(ContainerReportQueue.java:269)
        at org.apache.hadoop.hdds.scm.server.ContainerReportQueue.poll(ContainerReportQueue.java:42)
        at org.apache.hadoop.hdds.server.events.FixedThreadPoolWithAffinityExecutor$ContainerReportProcessTask.run(FixedThreadPoolWithAffinityExecutor.java:253)
        at java.util.concurrent.Executors$RunnableAdapter.call(Executors.java:511)
        at java.util.concurrent.FutureTask.run(FutureTask.java:266)
        at java.util.concurrent.ThreadPoolExecutor.runWorker(ThreadPoolExecutor.java:1149)
        at java.util.concurrent.ThreadPoolExecutor$Worker.run(ThreadPoolExecutor.java:624)
        at java.lang.Thread.run(Thread.java:750)
"9bdc6c20-c7c2-4cc7-a4be-d4fe59586f4c-DeleteContainerThread-0"  prio=5 tid=1134 in Object.wait()
java.lang.Thread.State: WAITING (on object monitor)
        at sun.misc.Unsafe.park(Native Method)
        at java.util.concurrent.locks.LockSupport.park(LockSupport.java:175)
        at java.util.concurrent.locks.AbstractQueuedSynchronizer$ConditionObject.await(AbstractQueuedSynchronizer.java:2039)
        at java.util.concurrent.LinkedBlockingQueue.take(LinkedBlockingQueue.java:442)
        at java.util.concurrent.ThreadPoolExecutor.getTask(ThreadPoolExecutor.java:1074)
        at java.util.concurrent.ThreadPoolExecutor.runWorker(ThreadPoolExecutor.java:1134)
        at java.util.concurrent.ThreadPoolExecutor$Worker.run(ThreadPoolExecutor.java:624)
        at java.lang.Thread.run(Thread.java:750)
"9bdc6c20-c7c2-4cc7-a4be-d4fe59586f4c-ReplicationContainerReader-1" daemon prio=5 tid=1096 in Object.wait()
java.lang.Thread.State: WAITING (on object monitor)
        at sun.misc.Unsafe.park(Native Method)
        at java.util.concurrent.locks.LockSupport.park(LockSupport.java:175)
        at java.util.concurrent.locks.AbstractQueuedSynchronizer$ConditionObject.await(AbstractQueuedSynchronizer.java:2039)
        at java.util.concurrent.LinkedBlockingQueue.take(LinkedBlockingQueue.java:442)
        at java.util.concurrent.ThreadPoolExecutor.getTask(ThreadPoolExecutor.java:1074)
        at java.util.concurrent.ThreadPoolExecutor.runWorker(ThreadPoolExecutor.java:1134)
        at java.util.concurrent.ThreadPoolExecutor$Worker.run(ThreadPoolExecutor.java:624)
        at java.lang.Thread.run(Thread.java:750)
"IPC Server handler 53 on default port 15001" daemon prio=5 tid=206 timed_waiting
java.lang.Thread.State: TIMED_WAITING
        at sun.misc.Unsafe.park(Native Method)
        at java.util.concurrent.locks.LockSupport.parkNanos(LockSupport.java:215)
        at java.util.concurrent.locks.AbstractQueuedSynchronizer$ConditionObject.awaitNanos(AbstractQueuedSynchronizer.java:2078)
        at java.util.concurrent.LinkedBlockingQueue.poll(LinkedBlockingQueue.java:467)
        at org.apache.hadoop.ipc.CallQueueManager.take(CallQueueManager.java:317)
        at org.apache.hadoop.ipc.Server$Handler.run(Server.java:3014)
"12adf753-b9bf-4e27-afc1-d809141df6d3@group-4569DBE8FADF-LeaderStateImpl" daemon prio=5 tid=1140 timed_waiting
java.lang.Thread.State: TIMED_WAITING
        at sun.misc.Unsafe.park(Native Method)
        at java.util.concurrent.locks.LockSupport.parkNanos(LockSupport.java:215)
        at java.util.concurrent.locks.AbstractQueuedSynchronizer$ConditionObject.awaitNanos(AbstractQueuedSynchronizer.java:2078)
        at java.util.concurrent.ArrayBlockingQueue.poll(ArrayBlockingQueue.java:418)
        at org.apache.ratis.server.impl.LeaderStateImpl$EventQueue.poll(LeaderStateImpl.java:164)
        at org.apache.ratis.server.impl.LeaderStateImpl$EventProcessor.run(LeaderStateImpl.java:762)
"9bdc6c20-c7c2-4cc7-a4be-d4fe59586f4c-DatanodeStateMachineTaskThread-1"  prio=5 tid=779 in Object.wait()
java.lang.Thread.State: WAITING (on object monitor)
        at sun.misc.Unsafe.park(Native Method)
        at java.util.concurrent.locks.LockSupport.park(LockSupport.java:175)
        at java.util.concurrent.locks.AbstractQueuedSynchronizer$ConditionObject.await(AbstractQueuedSynchronizer.java:2039)
        at java.util.concurrent.LinkedBlockingQueue.take(LinkedBlockingQueue.java:442)
        at java.util.concurrent.ThreadPoolExecutor.getTask(ThreadPoolExecutor.java:1074)
        at java.util.concurrent.ThreadPoolExecutor.runWorker(ThreadPoolExecutor.java:1134)
        at java.util.concurrent.ThreadPoolExecutor$Worker.run(ThreadPoolExecutor.java:624)
        at java.lang.Thread.run(Thread.java:750)
"qtp1618613611-697-acceptor-0@595f7087-ServerConnector@692d9ffd{HTTP/1.1, (http/1.1)}{0.0.0.0:15047}" daemon prio=3 tid=697 runnable
java.lang.Thread.State: RUNNABLE
        at sun.nio.ch.ServerSocketChannelImpl.accept0(Native Method)
        at sun.nio.ch.ServerSocketChannelImpl.accept(ServerSocketChannelImpl.java:421)
        at sun.nio.ch.ServerSocketChannelImpl.accept(ServerSocketChannelImpl.java:249)
        at org.eclipse.jetty.server.ServerConnector.accept(ServerConnector.java:388)
        at org.eclipse.jetty.server.AbstractConnector$Acceptor.run(AbstractConnector.java:704)
        at org.eclipse.jetty.util.thread.QueuedThreadPool.runJob(QueuedThreadPool.java:883)
        at org.eclipse.jetty.util.thread.QueuedThreadPool$Runner.run(QueuedThreadPool.java:1034)
        at java.lang.Thread.run(Thread.java:750)
"IPC Server handler 60 on default port 15009" daemon prio=5 tid=531 timed_waiting
java.lang.Thread.State: TIMED_WAITING
        at sun.misc.Unsafe.park(Native Method)
        at java.util.concurrent.locks.LockSupport.parkNanos(LockSupport.java:215)
        at java.util.concurrent.locks.AbstractQueuedSynchronizer$ConditionObject.awaitNanos(AbstractQueuedSynchronizer.java:2078)
        at java.util.concurrent.LinkedBlockingQueue.poll(LinkedBlockingQueue.java:467)
        at org.apache.hadoop.ipc.CallQueueManager.take(CallQueueManager.java:317)
        at org.apache.hadoop.ipc.Server$Handler.run(Server.java:3014)
"IPC Server handler 73 on default port 15001" daemon prio=5 tid=226 timed_waiting
java.lang.Thread.State: TIMED_WAITING
        at sun.misc.Unsafe.park(Native Method)
        at java.util.concurrent.locks.LockSupport.parkNanos(LockSupport.java:215)
        at java.util.concurrent.locks.AbstractQueuedSynchronizer$ConditionObject.awaitNanos(AbstractQueuedSynchronizer.java:2078)
        at java.util.concurrent.LinkedBlockingQueue.poll(LinkedBlockingQueue.java:467)
        at org.apache.hadoop.ipc.CallQueueManager.take(CallQueueManager.java:317)
        at org.apache.hadoop.ipc.Server$Handler.run(Server.java:3014)
"StaleRecoveringContainerScrubbingService#1" daemon prio=5 tid=742 timed_waiting
java.lang.Thread.State: TIMED_WAITING
        at sun.misc.Unsafe.park(Native Method)
        at java.util.concurrent.locks.LockSupport.parkNanos(LockSupport.java:215)
        at java.util.concurrent.locks.AbstractQueuedSynchronizer$ConditionObject.awaitNanos(AbstractQueuedSynchronizer.java:2078)
        at java.util.concurrent.ScheduledThreadPoolExecutor$DelayedWorkQueue.take(ScheduledThreadPoolExecutor.java:1093)
        at java.util.concurrent.ScheduledThreadPoolExecutor$DelayedWorkQueue.take(ScheduledThreadPoolExecutor.java:809)
        at java.util.concurrent.ThreadPoolExecutor.getTask(ThreadPoolExecutor.java:1074)
        at java.util.concurrent.ThreadPoolExecutor.runWorker(ThreadPoolExecutor.java:1134)
        at java.util.concurrent.ThreadPoolExecutor$Worker.run(ThreadPoolExecutor.java:624)
        at java.lang.Thread.run(Thread.java:750)
"20ed7fe7-4274-4f1a-9498-93c5abf09f1c-DatanodeStateMachineDaemonThread" daemon prio=5 tid=710 timed_waiting
java.lang.Thread.State: TIMED_WAITING
        at java.lang.Thread.sleep(Native Method)
        at org.apache.hadoop.ozone.container.common.statemachine.DatanodeStateMachine.startStateMachineThread(DatanodeStateMachine.java:369)
        at org.apache.hadoop.ozone.container.common.statemachine.DatanodeStateMachine.lambda$startDaemon$1(DatanodeStateMachine.java:556)
        at org.apache.hadoop.ozone.container.common.statemachine.DatanodeStateMachine$$Lambda$1387/978712775.run(Unknown Source)
        at java.lang.Thread.run(Thread.java:750)
"IPC Server handler 36 on default port 15000" daemon prio=5 tid=89 timed_waiting
java.lang.Thread.State: TIMED_WAITING
        at sun.misc.Unsafe.park(Native Method)
        at java.util.concurrent.locks.LockSupport.parkNanos(LockSupport.java:215)
        at java.util.concurrent.locks.AbstractQueuedSynchronizer$ConditionObject.awaitNanos(AbstractQueuedSynchronizer.java:2078)
        at java.util.concurrent.LinkedBlockingQueue.poll(LinkedBlockingQueue.java:467)
        at org.apache.hadoop.ipc.CallQueueManager.take(CallQueueManager.java:317)
        at org.apache.hadoop.ipc.Server$Handler.run(Server.java:3014)
"IPC Server idle connection scanner for port 15030" daemon prio=5 tid=650 timed_waiting
java.lang.Thread.State: TIMED_WAITING
        at java.lang.Object.wait(Native Method)
        at java.util.TimerThread.mainLoop(Timer.java:552)
        at java.util.TimerThread.run(Timer.java:505)
"IPC Server handler 4 on default port 15002" daemon prio=5 tid=257 timed_waiting
java.lang.Thread.State: TIMED_WAITING
        at sun.misc.Unsafe.park(Native Method)
        at java.util.concurrent.locks.LockSupport.parkNanos(LockSupport.java:215)
        at java.util.concurrent.locks.AbstractQueuedSynchronizer$ConditionObject.awaitNanos(AbstractQueuedSynchronizer.java:2078)
        at java.util.concurrent.LinkedBlockingQueue.poll(LinkedBlockingQueue.java:467)
        at org.apache.hadoop.ipc.CallQueueManager.take(CallQueueManager.java:317)
        at org.apache.hadoop.ipc.Server$Handler.run(Server.java:3014)
"IPC Server handler 69 on default port 15001" daemon prio=5 tid=222 timed_waiting
java.lang.Thread.State: TIMED_WAITING
        at sun.misc.Unsafe.park(Native Method)
        at java.util.concurrent.locks.LockSupport.parkNanos(LockSupport.java:215)
        at java.util.concurrent.locks.AbstractQueuedSynchronizer$ConditionObject.awaitNanos(AbstractQueuedSynchronizer.java:2078)
        at java.util.concurrent.LinkedBlockingQueue.poll(LinkedBlockingQueue.java:467)
        at org.apache.hadoop.ipc.CallQueueManager.take(CallQueueManager.java:317)
        at org.apache.hadoop.ipc.Server$Handler.run(Server.java:3014)
"om1@group-C5BA1605619E-SegmentedRaftLogWorker"  prio=5 tid=388 timed_waiting
java.lang.Thread.State: TIMED_WAITING
        at sun.misc.Unsafe.park(Native Method)
        at java.util.concurrent.locks.LockSupport.parkNanos(LockSupport.java:215)
        at java.util.concurrent.locks.AbstractQueuedSynchronizer$ConditionObject.awaitNanos(AbstractQueuedSynchronizer.java:2078)
        at org.apache.ratis.util.DataBlockingQueue.poll(DataBlockingQueue.java:148)
        at org.apache.ratis.server.raftlog.segmented.SegmentedRaftLogWorker.run(SegmentedRaftLogWorker.java:299)
        at org.apache.ratis.server.raftlog.segmented.SegmentedRaftLogWorker$$Lambda$917/278430812.run(Unknown Source)
        at java.util.concurrent.Executors$RunnableAdapter.call(Executors.java:511)
        at java.util.concurrent.FutureTask.run(FutureTask.java:266)
        at java.util.concurrent.ThreadPoolExecutor.runWorker(ThreadPoolExecutor.java:1149)
        at java.util.concurrent.ThreadPoolExecutor$Worker.run(ThreadPoolExecutor.java:624)
        at java.lang.Thread.run(Thread.java:750)
"qtp496161074-360" daemon prio=5 tid=360 timed_waiting
java.lang.Thread.State: TIMED_WAITING
        at sun.misc.Unsafe.park(Native Method)
        at java.util.concurrent.locks.LockSupport.parkNanos(LockSupport.java:215)
        at java.util.concurrent.locks.AbstractQueuedSynchronizer$ConditionObject.awaitNanos(AbstractQueuedSynchronizer.java:2078)
        at org.eclipse.jetty.util.BlockingArrayQueue.poll(BlockingArrayQueue.java:382)
        at org.eclipse.jetty.util.thread.QueuedThreadPool$Runner.idleJobPoll(QueuedThreadPool.java:974)
        at org.eclipse.jetty.util.thread.QueuedThreadPool$Runner.run(QueuedThreadPool.java:1018)
        at java.lang.Thread.run(Thread.java:750)
"IPC Server handler 62 on default port 15000" daemon prio=5 tid=115 timed_waiting
java.lang.Thread.State: TIMED_WAITING
        at sun.misc.Unsafe.park(Native Method)
        at java.util.concurrent.locks.LockSupport.parkNanos(LockSupport.java:215)
        at java.util.concurrent.locks.AbstractQueuedSynchronizer$ConditionObject.awaitNanos(AbstractQueuedSynchronizer.java:2078)
        at java.util.concurrent.LinkedBlockingQueue.poll(LinkedBlockingQueue.java:467)
        at org.apache.hadoop.ipc.CallQueueManager.take(CallQueueManager.java:317)
        at org.apache.hadoop.ipc.Server$Handler.run(Server.java:3014)
"IPC Server handler 0 on default port 15002" daemon prio=5 tid=253 timed_waiting
java.lang.Thread.State: TIMED_WAITING
        at sun.misc.Unsafe.park(Native Method)
        at java.util.concurrent.locks.LockSupport.parkNanos(LockSupport.java:215)
        at java.util.concurrent.locks.AbstractQueuedSynchronizer$ConditionObject.awaitNanos(AbstractQueuedSynchronizer.java:2078)
        at java.util.concurrent.LinkedBlockingQueue.poll(LinkedBlockingQueue.java:467)
        at org.apache.hadoop.ipc.CallQueueManager.take(CallQueueManager.java:317)
        at org.apache.hadoop.ipc.Server$Handler.run(Server.java:3014)
"IPC Server handler 1 on default port 15004" daemon prio=5 tid=415 timed_waiting
java.lang.Thread.State: TIMED_WAITING
        at sun.misc.Unsafe.park(Native Method)
        at java.util.concurrent.locks.LockSupport.parkNanos(LockSupport.java:215)
        at java.util.concurrent.locks.AbstractQueuedSynchronizer$ConditionObject.awaitNanos(AbstractQueuedSynchronizer.java:2078)
        at java.util.concurrent.LinkedBlockingQueue.poll(LinkedBlockingQueue.java:467)
        at org.apache.hadoop.ipc.CallQueueManager.take(CallQueueManager.java:317)
        at org.apache.hadoop.ipc.Server$Handler.run(Server.java:3014)
"IPC Server handler 82 on default port 15000" daemon prio=5 tid=135 timed_waiting
java.lang.Thread.State: TIMED_WAITING
        at sun.misc.Unsafe.park(Native Method)
        at java.util.concurrent.locks.LockSupport.parkNanos(LockSupport.java:215)
        at java.util.concurrent.locks.AbstractQueuedSynchronizer$ConditionObject.awaitNanos(AbstractQueuedSynchronizer.java:2078)
        at java.util.concurrent.LinkedBlockingQueue.poll(LinkedBlockingQueue.java:467)
        at org.apache.hadoop.ipc.CallQueueManager.take(CallQueueManager.java:317)
        at org.apache.hadoop.ipc.Server$Handler.run(Server.java:3014)
"Hadoop-Metrics-Updater-0" daemon prio=5 tid=596 timed_waiting
java.lang.Thread.State: TIMED_WAITING
        at sun.misc.Unsafe.park(Native Method)
        at java.util.concurrent.locks.LockSupport.parkNanos(LockSupport.java:215)
        at java.util.concurrent.locks.AbstractQueuedSynchronizer$ConditionObject.awaitNanos(AbstractQueuedSynchronizer.java:2078)
        at java.util.concurrent.ScheduledThreadPoolExecutor$DelayedWorkQueue.take(ScheduledThreadPoolExecutor.java:1093)
        at java.util.concurrent.ScheduledThreadPoolExecutor$DelayedWorkQueue.take(ScheduledThreadPoolExecutor.java:809)
        at java.util.concurrent.ThreadPoolExecutor.getTask(ThreadPoolExecutor.java:1074)
        at java.util.concurrent.ThreadPoolExecutor.runWorker(ThreadPoolExecutor.java:1134)
        at java.util.concurrent.ThreadPoolExecutor$Worker.run(ThreadPoolExecutor.java:624)
        at java.lang.Thread.run(Thread.java:750)
"SCMHeartbeatProcessor-0" daemon prio=5 tid=442 timed_waiting
java.lang.Thread.State: TIMED_WAITING
        at sun.misc.Unsafe.park(Native Method)
        at java.util.concurrent.locks.LockSupport.parkNanos(LockSupport.java:215)
        at java.util.concurrent.locks.AbstractQueuedSynchronizer$ConditionObject.awaitNanos(AbstractQueuedSynchronizer.java:2078)
        at java.util.concurrent.ScheduledThreadPoolExecutor$DelayedWorkQueue.take(ScheduledThreadPoolExecutor.java:1093)
        at java.util.concurrent.ScheduledThreadPoolExecutor$DelayedWorkQueue.take(ScheduledThreadPoolExecutor.java:809)
        at java.util.concurrent.ThreadPoolExecutor.getTask(ThreadPoolExecutor.java:1074)
        at java.util.concurrent.ThreadPoolExecutor.runWorker(ThreadPoolExecutor.java:1134)
        at java.util.concurrent.ThreadPoolExecutor$Worker.run(ThreadPoolExecutor.java:624)
        at java.lang.Thread.run(Thread.java:750)
"PartialTableCache-Cleanup-0" daemon prio=5 tid=942 in Object.wait()
java.lang.Thread.State: WAITING (on object monitor)
        at sun.misc.Unsafe.park(Native Method)
        at java.util.concurrent.locks.LockSupport.park(LockSupport.java:175)
        at java.util.concurrent.locks.AbstractQueuedSynchronizer$ConditionObject.await(AbstractQueuedSynchronizer.java:2039)
        at java.util.concurrent.LinkedBlockingQueue.take(LinkedBlockingQueue.java:442)
        at java.util.concurrent.ThreadPoolExecutor.getTask(ThreadPoolExecutor.java:1074)
        at java.util.concurrent.ThreadPoolExecutor.runWorker(ThreadPoolExecutor.java:1134)
        at java.util.concurrent.ThreadPoolExecutor$Worker.run(ThreadPoolExecutor.java:624)
        at java.lang.Thread.run(Thread.java:750)
"dc82d807-438e-4f31-a873-936b5ae41996-BlockDeletingService#1" daemon prio=5 tid=743 timed_waiting
java.lang.Thread.State: TIMED_WAITING
        at sun.misc.Unsafe.park(Native Method)
        at java.util.concurrent.locks.LockSupport.parkNanos(LockSupport.java:215)
        at java.util.concurrent.locks.AbstractQueuedSynchronizer$ConditionObject.awaitNanos(AbstractQueuedSynchronizer.java:2078)
        at java.util.concurrent.ScheduledThreadPoolExecutor$DelayedWorkQueue.take(ScheduledThreadPoolExecutor.java:1093)
        at java.util.concurrent.ScheduledThreadPoolExecutor$DelayedWorkQueue.take(ScheduledThreadPoolExecutor.java:809)
        at java.util.concurrent.ThreadPoolExecutor.getTask(ThreadPoolExecutor.java:1074)
        at java.util.concurrent.ThreadPoolExecutor.runWorker(ThreadPoolExecutor.java:1134)
        at java.util.concurrent.ThreadPoolExecutor$Worker.run(ThreadPoolExecutor.java:624)
        at java.lang.Thread.run(Thread.java:750)
"dc82d807-438e-4f31-a873-936b5ae41996-DatanodeReportManager-2" daemon prio=5 tid=601 in Object.wait()
java.lang.Thread.State: WAITING (on object monitor)
        at sun.misc.Unsafe.park(Native Method)
        at java.util.concurrent.locks.LockSupport.park(LockSupport.java:175)
        at java.util.concurrent.locks.AbstractQueuedSynchronizer$ConditionObject.await(AbstractQueuedSynchronizer.java:2039)
        at java.util.concurrent.ScheduledThreadPoolExecutor$DelayedWorkQueue.take(ScheduledThreadPoolExecutor.java:1088)
        at java.util.concurrent.ScheduledThreadPoolExecutor$DelayedWorkQueue.take(ScheduledThreadPoolExecutor.java:809)
        at java.util.concurrent.ThreadPoolExecutor.getTask(ThreadPoolExecutor.java:1074)
        at java.util.concurrent.ThreadPoolExecutor.runWorker(ThreadPoolExecutor.java:1134)
        at java.util.concurrent.ThreadPoolExecutor$Worker.run(ThreadPoolExecutor.java:624)
        at java.lang.Thread.run(Thread.java:750)
"20ed7fe7-4274-4f1a-9498-93c5abf09f1c-ChunkWriter-0-0" daemon prio=5 tid=807 in Object.wait()
java.lang.Thread.State: WAITING (on object monitor)
        at sun.misc.Unsafe.park(Native Method)
        at java.util.concurrent.locks.LockSupport.park(LockSupport.java:175)
        at java.util.concurrent.locks.AbstractQueuedSynchronizer$ConditionObject.await(AbstractQueuedSynchronizer.java:2039)
        at java.util.concurrent.LinkedBlockingDeque.takeFirst(LinkedBlockingDeque.java:492)
        at java.util.concurrent.LinkedBlockingDeque.take(LinkedBlockingDeque.java:680)
        at java.util.concurrent.ThreadPoolExecutor.getTask(ThreadPoolExecutor.java:1074)
        at java.util.concurrent.ThreadPoolExecutor.runWorker(ThreadPoolExecutor.java:1134)
        at java.util.concurrent.ThreadPoolExecutor$Worker.run(ThreadPoolExecutor.java:624)
        at java.lang.Thread.run(Thread.java:750)
"dc82d807-438e-4f31-a873-936b5ae41996-NettyServerStreamRpc-bossGroup--thread1"  prio=5 tid=579 runnable
java.lang.Thread.State: RUNNABLE
        at org.apache.ratis.thirdparty.io.netty.channel.epoll.Native.epollWait(Native Method)
        at org.apache.ratis.thirdparty.io.netty.channel.epoll.Native.epollWait(Native.java:209)
        at org.apache.ratis.thirdparty.io.netty.channel.epoll.Native.epollWait(Native.java:202)
        at org.apache.ratis.thirdparty.io.netty.channel.epoll.EpollEventLoop.epollWaitNoTimerChange(EpollEventLoop.java:316)
        at org.apache.ratis.thirdparty.io.netty.channel.epoll.EpollEventLoop.run(EpollEventLoop.java:373)
        at org.apache.ratis.thirdparty.io.netty.util.concurrent.SingleThreadEventExecutor$4.run(SingleThreadEventExecutor.java:997)
        at org.apache.ratis.thirdparty.io.netty.util.internal.ThreadExecutorMap$2.run(ThreadExecutorMap.java:74)
        at java.lang.Thread.run(Thread.java:750)
"IPC Server handler 0 on default port 15001" daemon prio=5 tid=153 timed_waiting
java.lang.Thread.State: TIMED_WAITING
        at sun.misc.Unsafe.park(Native Method)
        at java.util.concurrent.locks.LockSupport.parkNanos(LockSupport.java:215)
        at java.util.concurrent.locks.AbstractQueuedSynchronizer$ConditionObject.awaitNanos(AbstractQueuedSynchronizer.java:2078)
        at java.util.concurrent.LinkedBlockingQueue.poll(LinkedBlockingQueue.java:467)
        at org.apache.hadoop.ipc.CallQueueManager.take(CallQueueManager.java:317)
        at org.apache.hadoop.ipc.Server$Handler.run(Server.java:3014)
"Recon-EventQueue-NewNodeForReconNewNodeHandler" daemon prio=5 tid=817 in Object.wait()
java.lang.Thread.State: WAITING (on object monitor)
        at sun.misc.Unsafe.park(Native Method)
        at java.util.concurrent.locks.LockSupport.park(LockSupport.java:175)
        at java.util.concurrent.locks.AbstractQueuedSynchronizer$ConditionObject.await(AbstractQueuedSynchronizer.java:2039)
        at java.util.concurrent.LinkedBlockingQueue.take(LinkedBlockingQueue.java:442)
        at java.util.concurrent.ThreadPoolExecutor.getTask(ThreadPoolExecutor.java:1074)
        at java.util.concurrent.ThreadPoolExecutor.runWorker(ThreadPoolExecutor.java:1134)
        at java.util.concurrent.ThreadPoolExecutor$Worker.run(ThreadPoolExecutor.java:624)
        at java.lang.Thread.run(Thread.java:750)
"Socket Reader #1 for port 15012"  prio=5 tid=593 runnable
java.lang.Thread.State: RUNNABLE
        at sun.nio.ch.EPollArrayWrapper.epollWait(Native Method)
        at sun.nio.ch.EPollArrayWrapper.poll(EPollArrayWrapper.java:269)
        at sun.nio.ch.EPollSelectorImpl.doSelect(EPollSelectorImpl.java:93)
        at sun.nio.ch.SelectorImpl.lockAndDoSelect(SelectorImpl.java:86)
        at sun.nio.ch.SelectorImpl.select(SelectorImpl.java:97)
        at sun.nio.ch.SelectorImpl.select(SelectorImpl.java:101)
        at org.apache.hadoop.ipc.Server$Listener$Reader.doRunLoop(Server.java:1346)
        at org.apache.hadoop.ipc.Server$Listener$Reader.run(Server.java:1325)
"IPC Server handler 74 on default port 15001" daemon prio=5 tid=227 timed_waiting
java.lang.Thread.State: TIMED_WAITING
        at sun.misc.Unsafe.park(Native Method)
        at java.util.concurrent.locks.LockSupport.parkNanos(LockSupport.java:215)
        at java.util.concurrent.locks.AbstractQueuedSynchronizer$ConditionObject.awaitNanos(AbstractQueuedSynchronizer.java:2078)
        at java.util.concurrent.LinkedBlockingQueue.poll(LinkedBlockingQueue.java:467)
        at org.apache.hadoop.ipc.CallQueueManager.take(CallQueueManager.java:317)
        at org.apache.hadoop.ipc.Server$Handler.run(Server.java:3014)
"BackgroundPipelineScrubber" daemon prio=5 tid=20 timed_waiting
java.lang.Thread.State: TIMED_WAITING
        at java.lang.Object.wait(Native Method)
        at org.apache.hadoop.hdds.scm.ha.BackgroundSCMService.run(BackgroundSCMService.java:107)
        at org.apache.hadoop.hdds.scm.ha.BackgroundSCMService$$Lambda$489/535968721.run(Unknown Source)
        at java.lang.Thread.run(Thread.java:750)
"20ed7fe7-4274-4f1a-9498-93c5abf09f1c@group-F914C1362A36-cacheEviction-AwaitToRun" daemon prio=5 tid=1152 in Object.wait()
java.lang.Thread.State: WAITING (on object monitor)
        at sun.misc.Unsafe.park(Native Method)
        at java.util.concurrent.locks.LockSupport.park(LockSupport.java:175)
        at java.util.concurrent.locks.AbstractQueuedSynchronizer$ConditionObject.await(AbstractQueuedSynchronizer.java:2039)
        at org.apache.ratis.util.AwaitForSignal.await(AwaitForSignal.java:48)
        at org.apache.ratis.util.AwaitToRun$RunnableImpl.run(AwaitToRun.java:47)
        at java.lang.Thread.run(Thread.java:750)
"IPC Server handler 53 on default port 15000" daemon prio=5 tid=106 timed_waiting
java.lang.Thread.State: TIMED_WAITING
        at sun.misc.Unsafe.park(Native Method)
        at java.util.concurrent.locks.LockSupport.parkNanos(LockSupport.java:215)
        at java.util.concurrent.locks.AbstractQueuedSynchronizer$ConditionObject.awaitNanos(AbstractQueuedSynchronizer.java:2078)
        at java.util.concurrent.LinkedBlockingQueue.poll(LinkedBlockingQueue.java:467)
        at org.apache.hadoop.ipc.CallQueueManager.take(CallQueueManager.java:317)
        at org.apache.hadoop.ipc.Server$Handler.run(Server.java:3014)
"20ed7fe7-4274-4f1a-9498-93c5abf09f1c-groupManagement"  prio=5 tid=876 in Object.wait()
java.lang.Thread.State: WAITING (on object monitor)
        at sun.misc.Unsafe.park(Native Method)
        at java.util.concurrent.locks.LockSupport.park(LockSupport.java:175)
        at java.util.concurrent.locks.AbstractQueuedSynchronizer$ConditionObject.await(AbstractQueuedSynchronizer.java:2039)
        at java.util.concurrent.LinkedBlockingQueue.take(LinkedBlockingQueue.java:442)
        at java.util.concurrent.ThreadPoolExecutor.getTask(ThreadPoolExecutor.java:1074)
        at java.util.concurrent.ThreadPoolExecutor.runWorker(ThreadPoolExecutor.java:1134)
        at java.util.concurrent.ThreadPoolExecutor$Worker.run(ThreadPoolExecutor.java:624)
        at java.lang.Thread.run(Thread.java:750)
"IPC Server handler 14 on default port 15000" daemon prio=5 tid=67 timed_waiting
java.lang.Thread.State: TIMED_WAITING
        at sun.misc.Unsafe.park(Native Method)
        at java.util.concurrent.locks.LockSupport.parkNanos(LockSupport.java:215)
        at java.util.concurrent.locks.AbstractQueuedSynchronizer$ConditionObject.awaitNanos(AbstractQueuedSynchronizer.java:2078)
        at java.util.concurrent.LinkedBlockingQueue.poll(LinkedBlockingQueue.java:467)
        at org.apache.hadoop.ipc.CallQueueManager.take(CallQueueManager.java:317)
        at org.apache.hadoop.ipc.Server$Handler.run(Server.java:3014)
"qtp496161074-359-acceptor-0@5a64e3c4-ServerConnector@4c9ed40{HTTP/1.1, (http/1.1)}{0.0.0.0:15003}" daemon prio=3 tid=359 runnable
java.lang.Thread.State: RUNNABLE
        at sun.nio.ch.ServerSocketChannelImpl.accept0(Native Method)
        at sun.nio.ch.ServerSocketChannelImpl.accept(ServerSocketChannelImpl.java:421)
        at sun.nio.ch.ServerSocketChannelImpl.accept(ServerSocketChannelImpl.java:249)
        at org.eclipse.jetty.server.ServerConnector.accept(ServerConnector.java:388)
        at org.eclipse.jetty.server.AbstractConnector$Acceptor.run(AbstractConnector.java:704)
        at org.eclipse.jetty.util.thread.QueuedThreadPool.runJob(QueuedThreadPool.java:883)
        at org.eclipse.jetty.util.thread.QueuedThreadPool$Runner.run(QueuedThreadPool.java:1034)
        at java.lang.Thread.run(Thread.java:750)
"12adf753-b9bf-4e27-afc1-d809141df6d3-EndpointStateMachineTaskThread-/0.0.0.0:15009-0 "  prio=5 tid=737 in Object.wait()
java.lang.Thread.State: WAITING (on object monitor)
        at sun.misc.Unsafe.park(Native Method)
        at java.util.concurrent.locks.LockSupport.park(LockSupport.java:175)
        at java.util.concurrent.locks.AbstractQueuedSynchronizer$ConditionObject.await(AbstractQueuedSynchronizer.java:2039)
        at java.util.concurrent.LinkedBlockingQueue.take(LinkedBlockingQueue.java:442)
        at java.util.concurrent.ThreadPoolExecutor.getTask(ThreadPoolExecutor.java:1074)
        at java.util.concurrent.ThreadPoolExecutor.runWorker(ThreadPoolExecutor.java:1134)
        at java.util.concurrent.ThreadPoolExecutor$Worker.run(ThreadPoolExecutor.java:624)
        at java.lang.Thread.run(Thread.java:750)
"IPC Server idle connection scanner for port 15000" daemon prio=5 tid=39 timed_waiting
java.lang.Thread.State: TIMED_WAITING
        at java.lang.Object.wait(Native Method)
        at java.util.TimerThread.mainLoop(Timer.java:552)
        at java.util.TimerThread.run(Timer.java:505)
"timer1" daemon prio=5 tid=920 timed_waiting
java.lang.Thread.State: TIMED_WAITING
        at java.lang.Object.wait(Native Method)
        at java.util.TimerThread.mainLoop(Timer.java:552)
        at java.util.TimerThread.run(Timer.java:505)
"IPC Server handler 55 on default port 15009" daemon prio=5 tid=526 timed_waiting
java.lang.Thread.State: TIMED_WAITING
        at sun.misc.Unsafe.park(Native Method)
        at java.util.concurrent.locks.LockSupport.parkNanos(LockSupport.java:215)
        at java.util.concurrent.locks.AbstractQueuedSynchronizer$ConditionObject.awaitNanos(AbstractQueuedSynchronizer.java:2078)
        at java.util.concurrent.LinkedBlockingQueue.poll(LinkedBlockingQueue.java:467)
        at org.apache.hadoop.ipc.CallQueueManager.take(CallQueueManager.java:317)
        at org.apache.hadoop.ipc.Server$Handler.run(Server.java:3014)
"12adf753-b9bf-4e27-afc1-d809141df6d3@group-4569DBE8FADF-StateMachineUpdater" daemon prio=5 tid=1133 timed_waiting
java.lang.Thread.State: TIMED_WAITING
        at sun.misc.Unsafe.park(Native Method)
        at java.util.concurrent.locks.LockSupport.parkNanos(LockSupport.java:215)
        at java.util.concurrent.locks.AbstractQueuedSynchronizer$ConditionObject.await(AbstractQueuedSynchronizer.java:2163)
        at org.apache.ratis.util.AwaitForSignal.await(AwaitForSignal.java:65)
        at org.apache.ratis.server.impl.StateMachineUpdater.waitForCommit(StateMachineUpdater.java:211)
        at org.apache.ratis.server.impl.StateMachineUpdater.run(StateMachineUpdater.java:180)
        at java.lang.Thread.run(Thread.java:750)
"Recon-SyncOM-1"  prio=5 tid=963 timed_waiting
java.lang.Thread.State: TIMED_WAITING
        at sun.misc.Unsafe.park(Native Method)
        at java.util.concurrent.locks.LockSupport.parkNanos(LockSupport.java:215)
        at java.util.concurrent.locks.AbstractQueuedSynchronizer$ConditionObject.awaitNanos(AbstractQueuedSynchronizer.java:2078)
        at java.util.concurrent.ScheduledThreadPoolExecutor$DelayedWorkQueue.take(ScheduledThreadPoolExecutor.java:1093)
        at java.util.concurrent.ScheduledThreadPoolExecutor$DelayedWorkQueue.take(ScheduledThreadPoolExecutor.java:809)
        at java.util.concurrent.ThreadPoolExecutor.getTask(ThreadPoolExecutor.java:1074)
        at java.util.concurrent.ThreadPoolExecutor.runWorker(ThreadPoolExecutor.java:1134)
        at java.util.concurrent.ThreadPoolExecutor$Worker.run(ThreadPoolExecutor.java:624)
        at java.lang.Thread.run(Thread.java:750)
"junit-jupiter-timeout-watcher"  prio=10 tid=1043 timed_waiting
java.lang.Thread.State: TIMED_WAITING
        at sun.misc.Unsafe.park(Native Method)
        at java.util.concurrent.locks.LockSupport.parkNanos(LockSupport.java:215)
        at java.util.concurrent.locks.AbstractQueuedSynchronizer$ConditionObject.awaitNanos(AbstractQueuedSynchronizer.java:2078)
        at java.util.concurrent.ScheduledThreadPoolExecutor$DelayedWorkQueue.take(ScheduledThreadPoolExecutor.java:1093)
        at java.util.concurrent.ScheduledThreadPoolExecutor$DelayedWorkQueue.take(ScheduledThreadPoolExecutor.java:809)
        at java.util.concurrent.ThreadPoolExecutor.getTask(ThreadPoolExecutor.java:1074)
        at java.util.concurrent.ThreadPoolExecutor.runWorker(ThreadPoolExecutor.java:1134)
        at java.util.concurrent.ThreadPoolExecutor$Worker.run(ThreadPoolExecutor.java:624)
        at java.lang.Thread.run(Thread.java:750)
"IPC Server handler 92 on default port 15002" daemon prio=5 tid=345 timed_waiting
java.lang.Thread.State: TIMED_WAITING
        at sun.misc.Unsafe.park(Native Method)
        at java.util.concurrent.locks.LockSupport.parkNanos(LockSupport.java:215)
        at java.util.concurrent.locks.AbstractQueuedSynchronizer$ConditionObject.awaitNanos(AbstractQueuedSynchronizer.java:2078)
        at java.util.concurrent.LinkedBlockingQueue.poll(LinkedBlockingQueue.java:467)
        at org.apache.hadoop.ipc.CallQueueManager.take(CallQueueManager.java:317)
        at org.apache.hadoop.ipc.Server$Handler.run(Server.java:3014)
"FixedThreadPoolWithAffinityExecutor-4-0" daemon prio=5 tid=46 timed_waiting
java.lang.Thread.State: TIMED_WAITING
        at sun.misc.Unsafe.park(Native Method)
        at java.util.concurrent.locks.LockSupport.parkNanos(LockSupport.java:215)
        at java.util.concurrent.locks.AbstractQueuedSynchronizer$ConditionObject.awaitNanos(AbstractQueuedSynchronizer.java:2078)
        at java.util.concurrent.LinkedBlockingQueue.poll(LinkedBlockingQueue.java:467)
        at org.apache.hadoop.hdds.scm.server.ContainerReportQueue.poll(ContainerReportQueue.java:269)
        at org.apache.hadoop.hdds.scm.server.ContainerReportQueue.poll(ContainerReportQueue.java:42)
        at org.apache.hadoop.hdds.server.events.FixedThreadPoolWithAffinityExecutor$ContainerReportProcessTask.run(FixedThreadPoolWithAffinityExecutor.java:253)
        at java.util.concurrent.Executors$RunnableAdapter.call(Executors.java:511)
        at java.util.concurrent.FutureTask.run(FutureTask.java:266)
        at java.util.concurrent.ThreadPoolExecutor.runWorker(ThreadPoolExecutor.java:1149)
        at java.util.concurrent.ThreadPoolExecutor$Worker.run(ThreadPoolExecutor.java:624)
        at java.lang.Thread.run(Thread.java:750)
"IPC Server handler 74 on default port 15009" daemon prio=5 tid=545 timed_waiting
java.lang.Thread.State: TIMED_WAITING
        at sun.misc.Unsafe.park(Native Method)
        at java.util.concurrent.locks.LockSupport.parkNanos(LockSupport.java:215)
        at java.util.concurrent.locks.AbstractQueuedSynchronizer$ConditionObject.awaitNanos(AbstractQueuedSynchronizer.java:2078)
        at java.util.concurrent.LinkedBlockingQueue.poll(LinkedBlockingQueue.java:467)
        at org.apache.hadoop.ipc.CallQueueManager.take(CallQueueManager.java:317)
        at org.apache.hadoop.ipc.Server$Handler.run(Server.java:3014)
"JvmPauseMonitor6" daemon prio=5 tid=792 timed_waiting
java.lang.Thread.State: TIMED_WAITING
        at java.lang.Thread.sleep(Native Method)
        at java.lang.Thread.sleep(Thread.java:342)
        at java.util.concurrent.TimeUnit.sleep(TimeUnit.java:386)
        at org.apache.ratis.util.TimeDuration.sleep(TimeDuration.java:353)
        at org.apache.ratis.util.TimeDuration.sleep(TimeDuration.java:338)
        at org.apache.ratis.util.JvmPauseMonitor.detectPause(JvmPauseMonitor.java:160)
        at org.apache.ratis.util.JvmPauseMonitor.run(JvmPauseMonitor.java:149)
        at org.apache.ratis.util.JvmPauseMonitor$$Lambda$554/742131199.run(Unknown Source)
        at java.lang.Thread.run(Thread.java:750)
"IPC Server handler 32 on default port 15000" daemon prio=5 tid=85 timed_waiting
java.lang.Thread.State: TIMED_WAITING
        at sun.misc.Unsafe.park(Native Method)
        at java.util.concurrent.locks.LockSupport.parkNanos(LockSupport.java:215)
        at java.util.concurrent.locks.AbstractQueuedSynchronizer$ConditionObject.awaitNanos(AbstractQueuedSynchronizer.java:2078)
        at java.util.concurrent.LinkedBlockingQueue.poll(LinkedBlockingQueue.java:467)
        at org.apache.hadoop.ipc.CallQueueManager.take(CallQueueManager.java:317)
        at org.apache.hadoop.ipc.Server$Handler.run(Server.java:3014)
"IPC Server handler 27 on default port 15000" daemon prio=5 tid=80 timed_waiting
java.lang.Thread.State: TIMED_WAITING
        at sun.misc.Unsafe.park(Native Method)
        at java.util.concurrent.locks.LockSupport.parkNanos(LockSupport.java:215)
        at java.util.concurrent.locks.AbstractQueuedSynchronizer$ConditionObject.awaitNanos(AbstractQueuedSynchronizer.java:2078)
        at java.util.concurrent.LinkedBlockingQueue.poll(LinkedBlockingQueue.java:467)
        at org.apache.hadoop.ipc.CallQueueManager.take(CallQueueManager.java:317)
        at org.apache.hadoop.ipc.Server$Handler.run(Server.java:3014)
"IPC Server handler 85 on default port 15001" daemon prio=5 tid=238 timed_waiting
java.lang.Thread.State: TIMED_WAITING
        at sun.misc.Unsafe.park(Native Method)
        at java.util.concurrent.locks.LockSupport.parkNanos(LockSupport.java:215)
        at java.util.concurrent.locks.AbstractQueuedSynchronizer$ConditionObject.awaitNanos(AbstractQueuedSynchronizer.java:2078)
        at java.util.concurrent.LinkedBlockingQueue.poll(LinkedBlockingQueue.java:467)
        at org.apache.hadoop.ipc.CallQueueManager.take(CallQueueManager.java:317)
        at org.apache.hadoop.ipc.Server$Handler.run(Server.java:3014)
"20ed7fe7-4274-4f1a-9498-93c5abf09f1c-NettyServerStreamRpc-bossGroup--thread1"  prio=5 tid=691 runnable
java.lang.Thread.State: RUNNABLE
        at org.apache.ratis.thirdparty.io.netty.channel.epoll.Native.epollWait(Native Method)
        at org.apache.ratis.thirdparty.io.netty.channel.epoll.Native.epollWait(Native.java:209)
        at org.apache.ratis.thirdparty.io.netty.channel.epoll.Native.epollWait(Native.java:202)
        at org.apache.ratis.thirdparty.io.netty.channel.epoll.EpollEventLoop.epollWaitNoTimerChange(EpollEventLoop.java:316)
        at org.apache.ratis.thirdparty.io.netty.channel.epoll.EpollEventLoop.run(EpollEventLoop.java:373)
        at org.apache.ratis.thirdparty.io.netty.util.concurrent.SingleThreadEventExecutor$4.run(SingleThreadEventExecutor.java:997)
        at org.apache.ratis.thirdparty.io.netty.util.internal.ThreadExecutorMap$2.run(ThreadExecutorMap.java:74)
        at java.lang.Thread.run(Thread.java:750)
"pool-73-thread-1"  prio=5 tid=439 timed_waiting
java.lang.Thread.State: TIMED_WAITING
        at sun.misc.Unsafe.park(Native Method)
        at java.util.concurrent.locks.LockSupport.parkNanos(LockSupport.java:215)
        at java.util.concurrent.locks.AbstractQueuedSynchronizer$ConditionObject.awaitNanos(AbstractQueuedSynchronizer.java:2078)
        at java.util.concurrent.ScheduledThreadPoolExecutor$DelayedWorkQueue.take(ScheduledThreadPoolExecutor.java:1093)
        at java.util.concurrent.ScheduledThreadPoolExecutor$DelayedWorkQueue.take(ScheduledThreadPoolExecutor.java:809)
        at java.util.concurrent.ThreadPoolExecutor.getTask(ThreadPoolExecutor.java:1074)
        at java.util.concurrent.ThreadPoolExecutor.runWorker(ThreadPoolExecutor.java:1134)
        at java.util.concurrent.ThreadPoolExecutor$Worker.run(ThreadPoolExecutor.java:624)
        at java.lang.Thread.run(Thread.java:750)
"FixedThreadPoolWithAffinityExecutor-9-0" daemon prio=5 tid=51 timed_waiting
java.lang.Thread.State: TIMED_WAITING
        at sun.misc.Unsafe.park(Native Method)
        at java.util.concurrent.locks.LockSupport.parkNanos(LockSupport.java:215)
        at java.util.concurrent.locks.AbstractQueuedSynchronizer$ConditionObject.awaitNanos(AbstractQueuedSynchronizer.java:2078)
        at java.util.concurrent.LinkedBlockingQueue.poll(LinkedBlockingQueue.java:467)
        at org.apache.hadoop.hdds.scm.server.ContainerReportQueue.poll(ContainerReportQueue.java:269)
        at org.apache.hadoop.hdds.scm.server.ContainerReportQueue.poll(ContainerReportQueue.java:42)
        at org.apache.hadoop.hdds.server.events.FixedThreadPoolWithAffinityExecutor$ContainerReportProcessTask.run(FixedThreadPoolWithAffinityExecutor.java:253)
        at java.util.concurrent.Executors$RunnableAdapter.call(Executors.java:511)
        at java.util.concurrent.FutureTask.run(FutureTask.java:266)
        at java.util.concurrent.ThreadPoolExecutor.runWorker(ThreadPoolExecutor.java:1149)
        at java.util.concurrent.ThreadPoolExecutor$Worker.run(ThreadPoolExecutor.java:624)
        at java.lang.Thread.run(Thread.java:750)
"IPC Server handler 11 on default port 15001" daemon prio=5 tid=164 timed_waiting
java.lang.Thread.State: TIMED_WAITING
        at sun.misc.Unsafe.park(Native Method)
        at java.util.concurrent.locks.LockSupport.parkNanos(LockSupport.java:215)
        at java.util.concurrent.locks.AbstractQueuedSynchronizer$ConditionObject.awaitNanos(AbstractQueuedSynchronizer.java:2078)
        at java.util.concurrent.LinkedBlockingQueue.poll(LinkedBlockingQueue.java:467)
        at org.apache.hadoop.ipc.CallQueueManager.take(CallQueueManager.java:317)
        at org.apache.hadoop.ipc.Server$Handler.run(Server.java:3014)
"IPC Server handler 50 on default port 15000" daemon prio=5 tid=103 timed_waiting
java.lang.Thread.State: TIMED_WAITING
        at sun.misc.Unsafe.park(Native Method)
        at java.util.concurrent.locks.LockSupport.parkNanos(LockSupport.java:215)
        at java.util.concurrent.locks.AbstractQueuedSynchronizer$ConditionObject.awaitNanos(AbstractQueuedSynchronizer.java:2078)
        at java.util.concurrent.LinkedBlockingQueue.poll(LinkedBlockingQueue.java:467)
        at org.apache.hadoop.ipc.CallQueueManager.take(CallQueueManager.java:317)
        at org.apache.hadoop.ipc.Server$Handler.run(Server.java:3014)
"IPC Server handler 99 on default port 15000" daemon prio=5 tid=152 timed_waiting
java.lang.Thread.State: TIMED_WAITING
        at sun.misc.Unsafe.park(Native Method)
        at java.util.concurrent.locks.LockSupport.parkNanos(LockSupport.java:215)
        at java.util.concurrent.locks.AbstractQueuedSynchronizer$ConditionObject.awaitNanos(AbstractQueuedSynchronizer.java:2078)
        at java.util.concurrent.LinkedBlockingQueue.poll(LinkedBlockingQueue.java:467)
        at org.apache.hadoop.ipc.CallQueueManager.take(CallQueueManager.java:317)
        at org.apache.hadoop.ipc.Server$Handler.run(Server.java:3014)
"IPC Server handler 0 on default port 15000" daemon prio=5 tid=53 timed_waiting
java.lang.Thread.State: TIMED_WAITING
        at sun.misc.Unsafe.park(Native Method)
        at java.util.concurrent.locks.LockSupport.parkNanos(LockSupport.java:215)
        at java.util.concurrent.locks.AbstractQueuedSynchronizer$ConditionObject.awaitNanos(AbstractQueuedSynchronizer.java:2078)
        at java.util.concurrent.LinkedBlockingQueue.poll(LinkedBlockingQueue.java:467)
        at org.apache.hadoop.ipc.CallQueueManager.take(CallQueueManager.java:317)
        at org.apache.hadoop.ipc.Server$Handler.run(Server.java:3014)
"IPC Server handler 3 on default port 15001" daemon prio=5 tid=156 timed_waiting
java.lang.Thread.State: TIMED_WAITING
        at sun.misc.Unsafe.park(Native Method)
        at java.util.concurrent.locks.LockSupport.parkNanos(LockSupport.java:215)
        at java.util.concurrent.locks.AbstractQueuedSynchronizer$ConditionObject.awaitNanos(AbstractQueuedSynchronizer.java:2078)
        at java.util.concurrent.LinkedBlockingQueue.poll(LinkedBlockingQueue.java:467)
        at org.apache.hadoop.ipc.CallQueueManager.take(CallQueueManager.java:317)
        at org.apache.hadoop.ipc.Server$Handler.run(Server.java:3014)
"IPC Server handler 34 on default port 15009" daemon prio=5 tid=505 timed_waiting
java.lang.Thread.State: TIMED_WAITING
        at sun.misc.Unsafe.park(Native Method)
        at java.util.concurrent.locks.LockSupport.parkNanos(LockSupport.java:215)
        at java.util.concurrent.locks.AbstractQueuedSynchronizer$ConditionObject.awaitNanos(AbstractQueuedSynchronizer.java:2078)
        at java.util.concurrent.LinkedBlockingQueue.poll(LinkedBlockingQueue.java:467)
        at org.apache.hadoop.ipc.CallQueueManager.take(CallQueueManager.java:317)
        at org.apache.hadoop.ipc.Server$Handler.run(Server.java:3014)
"12adf753-b9bf-4e27-afc1-d809141df6d3@group-4569DBE8FADF-SegmentedRaftLogWorker"  prio=5 tid=1131 timed_waiting
java.lang.Thread.State: TIMED_WAITING
        at sun.misc.Unsafe.park(Native Method)
        at java.util.concurrent.locks.LockSupport.parkNanos(LockSupport.java:215)
        at java.util.concurrent.locks.AbstractQueuedSynchronizer$ConditionObject.awaitNanos(AbstractQueuedSynchronizer.java:2078)
        at org.apache.ratis.util.DataBlockingQueue.poll(DataBlockingQueue.java:148)
        at org.apache.ratis.server.raftlog.segmented.SegmentedRaftLogWorker.run(SegmentedRaftLogWorker.java:299)
        at org.apache.ratis.server.raftlog.segmented.SegmentedRaftLogWorker$$Lambda$917/278430812.run(Unknown Source)
        at java.util.concurrent.Executors$RunnableAdapter.call(Executors.java:511)
        at java.util.concurrent.FutureTask.run(FutureTask.java:266)
        at java.util.concurrent.ThreadPoolExecutor.runWorker(ThreadPoolExecutor.java:1149)
        at java.util.concurrent.ThreadPoolExecutor$Worker.run(ThreadPoolExecutor.java:624)
        at java.lang.Thread.run(Thread.java:750)
"IPC Server handler 27 on default port 15001" daemon prio=5 tid=180 timed_waiting
java.lang.Thread.State: TIMED_WAITING
        at sun.misc.Unsafe.park(Native Method)
        at java.util.concurrent.locks.LockSupport.parkNanos(LockSupport.java:215)
        at java.util.concurrent.locks.AbstractQueuedSynchronizer$ConditionObject.awaitNanos(AbstractQueuedSynchronizer.java:2078)
        at java.util.concurrent.LinkedBlockingQueue.poll(LinkedBlockingQueue.java:467)
        at org.apache.hadoop.ipc.CallQueueManager.take(CallQueueManager.java:317)
        at org.apache.hadoop.ipc.Server$Handler.run(Server.java:3014)
"IPC Server handler 58 on default port 15000" daemon prio=5 tid=111 timed_waiting
java.lang.Thread.State: TIMED_WAITING
        at sun.misc.Unsafe.park(Native Method)
        at java.util.concurrent.locks.LockSupport.parkNanos(LockSupport.java:215)
        at java.util.concurrent.locks.AbstractQueuedSynchronizer$ConditionObject.awaitNanos(AbstractQueuedSynchronizer.java:2078)
        at java.util.concurrent.LinkedBlockingQueue.poll(LinkedBlockingQueue.java:467)
        at org.apache.hadoop.ipc.CallQueueManager.take(CallQueueManager.java:317)
        at org.apache.hadoop.ipc.Server$Handler.run(Server.java:3014)
"IPC Server handler 47 on default port 15009" daemon prio=5 tid=518 timed_waiting
java.lang.Thread.State: TIMED_WAITING
        at sun.misc.Unsafe.park(Native Method)
        at java.util.concurrent.locks.LockSupport.parkNanos(LockSupport.java:215)
        at java.util.concurrent.locks.AbstractQueuedSynchronizer$ConditionObject.awaitNanos(AbstractQueuedSynchronizer.java:2078)
        at java.util.concurrent.LinkedBlockingQueue.poll(LinkedBlockingQueue.java:467)
        at org.apache.hadoop.ipc.CallQueueManager.take(CallQueueManager.java:317)
        at org.apache.hadoop.ipc.Server$Handler.run(Server.java:3014)
"IPC Server handler 2 on default port 15009" daemon prio=5 tid=473 timed_waiting
java.lang.Thread.State: TIMED_WAITING
        at sun.misc.Unsafe.park(Native Method)
        at java.util.concurrent.locks.LockSupport.parkNanos(LockSupport.java:215)
        at java.util.concurrent.locks.AbstractQueuedSynchronizer$ConditionObject.awaitNanos(AbstractQueuedSynchronizer.java:2078)
        at java.util.concurrent.LinkedBlockingQueue.poll(LinkedBlockingQueue.java:467)
        at org.apache.hadoop.ipc.CallQueueManager.take(CallQueueManager.java:317)
        at org.apache.hadoop.ipc.Server$Handler.run(Server.java:3014)
"Socket Reader #1 for port 15001"  prio=5 tid=33 runnable
java.lang.Thread.State: RUNNABLE
        at sun.nio.ch.EPollArrayWrapper.epollWait(Native Method)
        at sun.nio.ch.EPollArrayWrapper.poll(EPollArrayWrapper.java:269)
        at sun.nio.ch.EPollSelectorImpl.doSelect(EPollSelectorImpl.java:93)
        at sun.nio.ch.SelectorImpl.lockAndDoSelect(SelectorImpl.java:86)
        at sun.nio.ch.SelectorImpl.select(SelectorImpl.java:97)
        at sun.nio.ch.SelectorImpl.select(SelectorImpl.java:101)
        at org.apache.hadoop.ipc.Server$Listener$Reader.doRunLoop(Server.java:1346)
        at org.apache.hadoop.ipc.Server$Listener$Reader.run(Server.java:1325)
"org.apache.hadoop.ozone.container.common.statemachine.commandhandler.DeleteBlocksCommandHandler$DeleteCmdWorker@3b3374ee" daemon prio=5 tid=693 timed_waiting
java.lang.Thread.State: TIMED_WAITING
        at java.lang.Thread.sleep(Native Method)
        at org.apache.hadoop.ozone.container.common.statemachine.commandhandler.DeleteBlocksCommandHandler$DeleteCmdWorker.run(DeleteBlocksCommandHandler.java:259)
        at java.lang.Thread.run(Thread.java:750)
"Socket Reader #1 for port 15009"  prio=5 tid=444 runnable
java.lang.Thread.State: RUNNABLE
        at sun.nio.ch.EPollArrayWrapper.epollWait(Native Method)
        at sun.nio.ch.EPollArrayWrapper.poll(EPollArrayWrapper.java:269)
        at sun.nio.ch.EPollSelectorImpl.doSelect(EPollSelectorImpl.java:93)
        at sun.nio.ch.SelectorImpl.lockAndDoSelect(SelectorImpl.java:86)
        at sun.nio.ch.SelectorImpl.select(SelectorImpl.java:97)
        at sun.nio.ch.SelectorImpl.select(SelectorImpl.java:101)
        at org.apache.hadoop.ipc.Server$Listener$Reader.doRunLoop(Server.java:1346)
        at org.apache.hadoop.ipc.Server$Listener$Reader.run(Server.java:1325)
"IPC Server handler 14 on default port 15004" daemon prio=5 tid=428 timed_waiting
java.lang.Thread.State: TIMED_WAITING
        at sun.misc.Unsafe.park(Native Method)
        at java.util.concurrent.locks.LockSupport.parkNanos(LockSupport.java:215)
        at java.util.concurrent.locks.AbstractQueuedSynchronizer$ConditionObject.awaitNanos(AbstractQueuedSynchronizer.java:2078)
        at java.util.concurrent.LinkedBlockingQueue.poll(LinkedBlockingQueue.java:467)
        at org.apache.hadoop.ipc.CallQueueManager.take(CallQueueManager.java:317)
        at org.apache.hadoop.ipc.Server$Handler.run(Server.java:3014)
"IPC Server handler 23 on default port 15000" daemon prio=5 tid=76 timed_waiting
java.lang.Thread.State: TIMED_WAITING
        at sun.misc.Unsafe.park(Native Method)
        at java.util.concurrent.locks.LockSupport.parkNanos(LockSupport.java:215)
        at java.util.concurrent.locks.AbstractQueuedSynchronizer$ConditionObject.awaitNanos(AbstractQueuedSynchronizer.java:2078)
        at java.util.concurrent.LinkedBlockingQueue.poll(LinkedBlockingQueue.java:467)
        at org.apache.hadoop.ipc.CallQueueManager.take(CallQueueManager.java:317)
        at org.apache.hadoop.ipc.Server$Handler.run(Server.java:3014)
"IPC Parameter Sending Thread for 0.0.0.0/0.0.0.0:15009" daemon prio=5 tid=722 timed_waiting
java.lang.Thread.State: TIMED_WAITING
        at sun.misc.Unsafe.park(Native Method)
        at java.util.concurrent.locks.LockSupport.parkNanos(LockSupport.java:215)
        at java.util.concurrent.SynchronousQueue$TransferQueue.awaitFulfill(SynchronousQueue.java:764)
        at java.util.concurrent.SynchronousQueue$TransferQueue.transfer(SynchronousQueue.java:695)
        at java.util.concurrent.SynchronousQueue.poll(SynchronousQueue.java:941)
        at org.apache.hadoop.ipc.Client$Connection$RpcRequestSender.run(Client.java:1105)
        at java.lang.Thread.run(Thread.java:750)
"IPC Server handler 17 on default port 15000" daemon prio=5 tid=70 timed_waiting
java.lang.Thread.State: TIMED_WAITING
        at sun.misc.Unsafe.park(Native Method)
        at java.util.concurrent.locks.LockSupport.parkNanos(LockSupport.java:215)
        at java.util.concurrent.locks.AbstractQueuedSynchronizer$ConditionObject.awaitNanos(AbstractQueuedSynchronizer.java:2078)
        at java.util.concurrent.LinkedBlockingQueue.poll(LinkedBlockingQueue.java:467)
        at org.apache.hadoop.ipc.CallQueueManager.take(CallQueueManager.java:317)
        at org.apache.hadoop.ipc.Server$Handler.run(Server.java:3014)
"qtp1918537167-460-acceptor-0@718209d8-ServerConnector@7cc41dd9{HTTP/1.1, (http/1.1)}{0.0.0.0:15008}" daemon prio=3 tid=460 runnable
java.lang.Thread.State: RUNNABLE
        at sun.nio.ch.ServerSocketChannelImpl.accept0(Native Method)
        at sun.nio.ch.ServerSocketChannelImpl.accept(ServerSocketChannelImpl.java:421)
        at sun.nio.ch.ServerSocketChannelImpl.accept(ServerSocketChannelImpl.java:249)
        at org.eclipse.jetty.server.ServerConnector.accept(ServerConnector.java:388)
        at org.eclipse.jetty.server.AbstractConnector$Acceptor.run(AbstractConnector.java:704)
        at org.eclipse.jetty.util.thread.QueuedThreadPool.runJob(QueuedThreadPool.java:883)
        at org.eclipse.jetty.util.thread.QueuedThreadPool$Runner.run(QueuedThreadPool.java:1034)
        at java.lang.Thread.run(Thread.java:750)
"IPC Server handler 6 on default port 15000" daemon prio=5 tid=59 timed_waiting
java.lang.Thread.State: TIMED_WAITING
        at sun.misc.Unsafe.park(Native Method)
        at java.util.concurrent.locks.LockSupport.parkNanos(LockSupport.java:215)
        at java.util.concurrent.locks.AbstractQueuedSynchronizer$ConditionObject.awaitNanos(AbstractQueuedSynchronizer.java:2078)
        at java.util.concurrent.LinkedBlockingQueue.poll(LinkedBlockingQueue.java:467)
        at org.apache.hadoop.ipc.CallQueueManager.take(CallQueueManager.java:317)
        at org.apache.hadoop.ipc.Server$Handler.run(Server.java:3014)
"LeaseManager#LeaseMonitor" daemon prio=5 tid=354 timed_waiting
java.lang.Thread.State: TIMED_WAITING
        at sun.misc.Unsafe.park(Native Method)
        at java.util.concurrent.locks.LockSupport.parkNanos(LockSupport.java:215)
        at java.util.concurrent.locks.AbstractQueuedSynchronizer.doAcquireSharedNanos(AbstractQueuedSynchronizer.java:1037)
        at java.util.concurrent.locks.AbstractQueuedSynchronizer.tryAcquireSharedNanos(AbstractQueuedSynchronizer.java:1328)
        at java.util.concurrent.Semaphore.tryAcquire(Semaphore.java:409)
        at org.apache.hadoop.ozone.lease.LeaseManager$LeaseMonitor.run(LeaseManager.java:285)
        at java.lang.Thread.run(Thread.java:750)
"IPC Server handler 52 on default port 15000" daemon prio=5 tid=105 timed_waiting
java.lang.Thread.State: TIMED_WAITING
        at sun.misc.Unsafe.park(Native Method)
        at java.util.concurrent.locks.LockSupport.parkNanos(LockSupport.java:215)
        at java.util.concurrent.locks.AbstractQueuedSynchronizer$ConditionObject.awaitNanos(AbstractQueuedSynchronizer.java:2078)
        at java.util.concurrent.LinkedBlockingQueue.poll(LinkedBlockingQueue.java:467)
        at org.apache.hadoop.ipc.CallQueueManager.take(CallQueueManager.java:317)
        at org.apache.hadoop.ipc.Server$Handler.run(Server.java:3014)
"IPC Server handler 75 on default port 15009" daemon prio=5 tid=546 timed_waiting
java.lang.Thread.State: TIMED_WAITING
        at sun.misc.Unsafe.park(Native Method)
        at java.util.concurrent.locks.LockSupport.parkNanos(LockSupport.java:215)
        at java.util.concurrent.locks.AbstractQueuedSynchronizer$ConditionObject.awaitNanos(AbstractQueuedSynchronizer.java:2078)
        at java.util.concurrent.LinkedBlockingQueue.poll(LinkedBlockingQueue.java:467)
        at org.apache.hadoop.ipc.CallQueueManager.take(CallQueueManager.java:317)
        at org.apache.hadoop.ipc.Server$Handler.run(Server.java:3014)
"IPC Server handler 72 on default port 15001" daemon prio=5 tid=225 timed_waiting
java.lang.Thread.State: TIMED_WAITING
        at sun.misc.Unsafe.park(Native Method)
        at java.util.concurrent.locks.LockSupport.parkNanos(LockSupport.java:215)
        at java.util.concurrent.locks.AbstractQueuedSynchronizer$ConditionObject.awaitNanos(AbstractQueuedSynchronizer.java:2078)
        at java.util.concurrent.LinkedBlockingQueue.poll(LinkedBlockingQueue.java:467)
        at org.apache.hadoop.ipc.CallQueueManager.take(CallQueueManager.java:317)
        at org.apache.hadoop.ipc.Server$Handler.run(Server.java:3014)
"IPC Server handler 17 on default port 15004" daemon prio=5 tid=431 timed_waiting
java.lang.Thread.State: TIMED_WAITING
        at sun.misc.Unsafe.park(Native Method)
        at java.util.concurrent.locks.LockSupport.parkNanos(LockSupport.java:215)
        at java.util.concurrent.locks.AbstractQueuedSynchronizer$ConditionObject.awaitNanos(AbstractQueuedSynchronizer.java:2078)
        at java.util.concurrent.LinkedBlockingQueue.poll(LinkedBlockingQueue.java:467)
        at org.apache.hadoop.ipc.CallQueueManager.take(CallQueueManager.java:317)
        at org.apache.hadoop.ipc.Server$Handler.run(Server.java:3014)
"IPC Server handler 17 on default port 15001" daemon prio=5 tid=170 timed_waiting
java.lang.Thread.State: TIMED_WAITING
        at sun.misc.Unsafe.park(Native Method)
        at java.util.concurrent.locks.LockSupport.parkNanos(LockSupport.java:215)
        at java.util.concurrent.locks.AbstractQueuedSynchronizer$ConditionObject.awaitNanos(AbstractQueuedSynchronizer.java:2078)
        at java.util.concurrent.LinkedBlockingQueue.poll(LinkedBlockingQueue.java:467)
        at org.apache.hadoop.ipc.CallQueueManager.take(CallQueueManager.java:317)
        at org.apache.hadoop.ipc.Server$Handler.run(Server.java:3014)
"20ed7fe7-4274-4f1a-9498-93c5abf09f1c@group-F914C1362A36-StateMachineUpdater" daemon prio=5 tid=1155 timed_waiting
java.lang.Thread.State: TIMED_WAITING
        at sun.misc.Unsafe.park(Native Method)
        at java.util.concurrent.locks.LockSupport.parkNanos(LockSupport.java:215)
        at java.util.concurrent.locks.AbstractQueuedSynchronizer$ConditionObject.await(AbstractQueuedSynchronizer.java:2163)
        at org.apache.ratis.util.AwaitForSignal.await(AwaitForSignal.java:65)
        at org.apache.ratis.server.impl.StateMachineUpdater.waitForCommit(StateMachineUpdater.java:211)
        at org.apache.ratis.server.impl.StateMachineUpdater.run(StateMachineUpdater.java:180)
        at java.lang.Thread.run(Thread.java:750)
"IPC Server handler 89 on default port 15009" daemon prio=5 tid=560 timed_waiting
java.lang.Thread.State: TIMED_WAITING
        at sun.misc.Unsafe.park(Native Method)
        at java.util.concurrent.locks.LockSupport.parkNanos(LockSupport.java:215)
        at java.util.concurrent.locks.AbstractQueuedSynchronizer$ConditionObject.awaitNanos(AbstractQueuedSynchronizer.java:2078)
        at java.util.concurrent.LinkedBlockingQueue.poll(LinkedBlockingQueue.java:467)
        at org.apache.hadoop.ipc.CallQueueManager.take(CallQueueManager.java:317)
        at org.apache.hadoop.ipc.Server$Handler.run(Server.java:3014)
"IPC Server handler 20 on default port 15000" daemon prio=5 tid=73 timed_waiting
java.lang.Thread.State: TIMED_WAITING
        at sun.misc.Unsafe.park(Native Method)
        at java.util.concurrent.locks.LockSupport.parkNanos(LockSupport.java:215)
        at java.util.concurrent.locks.AbstractQueuedSynchronizer$ConditionObject.awaitNanos(AbstractQueuedSynchronizer.java:2078)
        at java.util.concurrent.LinkedBlockingQueue.poll(LinkedBlockingQueue.java:467)
        at org.apache.hadoop.ipc.CallQueueManager.take(CallQueueManager.java:317)
        at org.apache.hadoop.ipc.Server$Handler.run(Server.java:3014)
"dc82d807-438e-4f31-a873-936b5ae41996@group-BB03F21823DB-StateMachineUpdater" daemon prio=5 tid=837 timed_waiting
java.lang.Thread.State: TIMED_WAITING
        at sun.misc.Unsafe.park(Native Method)
        at java.util.concurrent.locks.LockSupport.parkNanos(LockSupport.java:215)
        at java.util.concurrent.locks.AbstractQueuedSynchronizer$ConditionObject.await(AbstractQueuedSynchronizer.java:2163)
        at org.apache.ratis.util.AwaitForSignal.await(AwaitForSignal.java:65)
        at org.apache.ratis.server.impl.StateMachineUpdater.waitForCommit(StateMachineUpdater.java:211)
        at org.apache.ratis.server.impl.StateMachineUpdater.run(StateMachineUpdater.java:180)
        at java.lang.Thread.run(Thread.java:750)
"IPC Server handler 68 on default port 15001" daemon prio=5 tid=221 timed_waiting
java.lang.Thread.State: TIMED_WAITING
        at sun.misc.Unsafe.park(Native Method)
        at java.util.concurrent.locks.LockSupport.parkNanos(LockSupport.java:215)
        at java.util.concurrent.locks.AbstractQueuedSynchronizer$ConditionObject.awaitNanos(AbstractQueuedSynchronizer.java:2078)
        at java.util.concurrent.LinkedBlockingQueue.poll(LinkedBlockingQueue.java:467)
        at org.apache.hadoop.ipc.CallQueueManager.take(CallQueueManager.java:317)
        at org.apache.hadoop.ipc.Server$Handler.run(Server.java:3014)
"Signal Dispatcher" daemon prio=9 tid=4 runnable
java.lang.Thread.State: RUNNABLE
"IPC Server handler 12 on default port 15000" daemon prio=5 tid=65 timed_waiting
java.lang.Thread.State: TIMED_WAITING
        at sun.misc.Unsafe.park(Native Method)
        at java.util.concurrent.locks.LockSupport.parkNanos(LockSupport.java:215)
        at java.util.concurrent.locks.AbstractQueuedSynchronizer$ConditionObject.awaitNanos(AbstractQueuedSynchronizer.java:2078)
        at java.util.concurrent.LinkedBlockingQueue.poll(LinkedBlockingQueue.java:467)
        at org.apache.hadoop.ipc.CallQueueManager.take(CallQueueManager.java:317)
        at org.apache.hadoop.ipc.Server$Handler.run(Server.java:3014)
"IPC Server handler 33 on default port 15001" daemon prio=5 tid=186 timed_waiting
java.lang.Thread.State: TIMED_WAITING
        at sun.misc.Unsafe.park(Native Method)
        at java.util.concurrent.locks.LockSupport.parkNanos(LockSupport.java:215)
        at java.util.concurrent.locks.AbstractQueuedSynchronizer$ConditionObject.awaitNanos(AbstractQueuedSynchronizer.java:2078)
        at java.util.concurrent.LinkedBlockingQueue.poll(LinkedBlockingQueue.java:467)
        at org.apache.hadoop.ipc.CallQueueManager.take(CallQueueManager.java:317)
        at org.apache.hadoop.ipc.Server$Handler.run(Server.java:3014)
"dc82d807-438e-4f31-a873-936b5ae41996-BlockDeletingService#0" daemon prio=5 tid=740 in Object.wait()
java.lang.Thread.State: WAITING (on object monitor)
        at sun.misc.Unsafe.park(Native Method)
        at java.util.concurrent.locks.LockSupport.park(LockSupport.java:175)
        at java.util.concurrent.locks.AbstractQueuedSynchronizer$ConditionObject.await(AbstractQueuedSynchronizer.java:2039)
        at java.util.concurrent.ScheduledThreadPoolExecutor$DelayedWorkQueue.take(ScheduledThreadPoolExecutor.java:1088)
        at java.util.concurrent.ScheduledThreadPoolExecutor$DelayedWorkQueue.take(ScheduledThreadPoolExecutor.java:809)
        at java.util.concurrent.ThreadPoolExecutor.getTask(ThreadPoolExecutor.java:1074)
        at java.util.concurrent.ThreadPoolExecutor.runWorker(ThreadPoolExecutor.java:1134)
        at java.util.concurrent.ThreadPoolExecutor$Worker.run(ThreadPoolExecutor.java:624)
        at java.lang.Thread.run(Thread.java:750)
"IPC Server handler 86 on default port 15009" daemon prio=5 tid=557 timed_waiting
java.lang.Thread.State: TIMED_WAITING
        at sun.misc.Unsafe.park(Native Method)
        at java.util.concurrent.locks.LockSupport.parkNanos(LockSupport.java:215)
        at java.util.concurrent.locks.AbstractQueuedSynchronizer$ConditionObject.awaitNanos(AbstractQueuedSynchronizer.java:2078)
        at java.util.concurrent.LinkedBlockingQueue.poll(LinkedBlockingQueue.java:467)
        at org.apache.hadoop.ipc.CallQueueManager.take(CallQueueManager.java:317)
        at org.apache.hadoop.ipc.Server$Handler.run(Server.java:3014)
"IPC Server handler 15 on default port 15009" daemon prio=5 tid=486 timed_waiting
java.lang.Thread.State: TIMED_WAITING
        at sun.misc.Unsafe.park(Native Method)
        at java.util.concurrent.locks.LockSupport.parkNanos(LockSupport.java:215)
        at java.util.concurrent.locks.AbstractQueuedSynchronizer$ConditionObject.awaitNanos(AbstractQueuedSynchronizer.java:2078)
        at java.util.concurrent.LinkedBlockingQueue.poll(LinkedBlockingQueue.java:467)
        at org.apache.hadoop.ipc.CallQueueManager.take(CallQueueManager.java:317)
        at org.apache.hadoop.ipc.Server$Handler.run(Server.java:3014)
"Recon-FixedThreadPoolWithAffinityExecutor-2-0" daemon prio=5 tid=450 timed_waiting
java.lang.Thread.State: TIMED_WAITING
        at sun.misc.Unsafe.park(Native Method)
        at java.util.concurrent.locks.LockSupport.parkNanos(LockSupport.java:215)
        at java.util.concurrent.locks.AbstractQueuedSynchronizer$ConditionObject.awaitNanos(AbstractQueuedSynchronizer.java:2078)
        at java.util.concurrent.LinkedBlockingQueue.poll(LinkedBlockingQueue.java:467)
        at org.apache.hadoop.hdds.scm.server.ContainerReportQueue.poll(ContainerReportQueue.java:269)
        at org.apache.hadoop.hdds.scm.server.ContainerReportQueue.poll(ContainerReportQueue.java:42)
        at org.apache.hadoop.hdds.server.events.FixedThreadPoolWithAffinityExecutor$ContainerReportProcessTask.run(FixedThreadPoolWithAffinityExecutor.java:253)
        at java.util.concurrent.Executors$RunnableAdapter.call(Executors.java:511)
        at java.util.concurrent.FutureTask.run(FutureTask.java:266)
        at java.util.concurrent.ThreadPoolExecutor.runWorker(ThreadPoolExecutor.java:1149)
        at java.util.concurrent.ThreadPoolExecutor$Worker.run(ThreadPoolExecutor.java:624)
        at java.lang.Thread.run(Thread.java:750)
"pool-66-thread-1"  prio=5 tid=404 timed_waiting
java.lang.Thread.State: TIMED_WAITING
        at sun.misc.Unsafe.park(Native Method)
        at java.util.concurrent.locks.LockSupport.parkNanos(LockSupport.java:215)
        at java.util.concurrent.locks.AbstractQueuedSynchronizer$ConditionObject.awaitNanos(AbstractQueuedSynchronizer.java:2078)
        at java.util.concurrent.ScheduledThreadPoolExecutor$DelayedWorkQueue.take(ScheduledThreadPoolExecutor.java:1093)
        at java.util.concurrent.ScheduledThreadPoolExecutor$DelayedWorkQueue.take(ScheduledThreadPoolExecutor.java:809)
        at java.util.concurrent.ThreadPoolExecutor.getTask(ThreadPoolExecutor.java:1074)
        at java.util.concurrent.ThreadPoolExecutor.runWorker(ThreadPoolExecutor.java:1134)
        at java.util.concurrent.ThreadPoolExecutor$Worker.run(ThreadPoolExecutor.java:624)
        at java.lang.Thread.run(Thread.java:750)
"IPC Server handler 81 on default port 15000" daemon prio=5 tid=134 timed_waiting
java.lang.Thread.State: TIMED_WAITING
        at sun.misc.Unsafe.park(Native Method)
        at java.util.concurrent.locks.LockSupport.parkNanos(LockSupport.java:215)
        at java.util.concurrent.locks.AbstractQueuedSynchronizer$ConditionObject.awaitNanos(AbstractQueuedSynchronizer.java:2078)
        at java.util.concurrent.LinkedBlockingQueue.poll(LinkedBlockingQueue.java:467)
        at org.apache.hadoop.ipc.CallQueueManager.take(CallQueueManager.java:317)
        at org.apache.hadoop.ipc.Server$Handler.run(Server.java:3014)
"12adf753-b9bf-4e27-afc1-d809141df6d3@group-4569DBE8FADF-cacheEviction-AwaitToRun" daemon prio=5 tid=1130 in Object.wait()
java.lang.Thread.State: WAITING (on object monitor)
        at sun.misc.Unsafe.park(Native Method)
        at java.util.concurrent.locks.LockSupport.park(LockSupport.java:175)
        at java.util.concurrent.locks.AbstractQueuedSynchronizer$ConditionObject.await(AbstractQueuedSynchronizer.java:2039)
        at org.apache.ratis.util.AwaitForSignal.await(AwaitForSignal.java:48)
        at org.apache.ratis.util.AwaitToRun$RunnableImpl.run(AwaitToRun.java:47)
        at java.lang.Thread.run(Thread.java:750)
"DatanodeAdminManager-0" daemon prio=5 tid=25 timed_waiting
java.lang.Thread.State: TIMED_WAITING
        at sun.misc.Unsafe.park(Native Method)
        at java.util.concurrent.locks.LockSupport.parkNanos(LockSupport.java:215)
        at java.util.concurrent.locks.AbstractQueuedSynchronizer$ConditionObject.awaitNanos(AbstractQueuedSynchronizer.java:2078)
        at java.util.concurrent.ScheduledThreadPoolExecutor$DelayedWorkQueue.take(ScheduledThreadPoolExecutor.java:1093)
        at java.util.concurrent.ScheduledThreadPoolExecutor$DelayedWorkQueue.take(ScheduledThreadPoolExecutor.java:809)
        at java.util.concurrent.ThreadPoolExecutor.getTask(ThreadPoolExecutor.java:1074)
        at java.util.concurrent.ThreadPoolExecutor.runWorker(ThreadPoolExecutor.java:1134)
        at java.util.concurrent.ThreadPoolExecutor$Worker.run(ThreadPoolExecutor.java:624)
        at java.lang.Thread.run(Thread.java:750)
"IPC Server handler 6 on default port 15009" daemon prio=5 tid=477 timed_waiting
java.lang.Thread.State: TIMED_WAITING
        at sun.misc.Unsafe.park(Native Method)
        at java.util.concurrent.locks.LockSupport.parkNanos(LockSupport.java:215)
        at java.util.concurrent.locks.AbstractQueuedSynchronizer$ConditionObject.awaitNanos(AbstractQueuedSynchronizer.java:2078)
        at java.util.concurrent.LinkedBlockingQueue.poll(LinkedBlockingQueue.java:467)
        at org.apache.hadoop.ipc.CallQueueManager.take(CallQueueManager.java:317)
        at org.apache.hadoop.ipc.Server$Handler.run(Server.java:3014)
"IPC Server handler 84 on default port 15009" daemon prio=5 tid=555 timed_waiting
java.lang.Thread.State: TIMED_WAITING
        at sun.misc.Unsafe.park(Native Method)
        at java.util.concurrent.locks.LockSupport.parkNanos(LockSupport.java:215)
        at java.util.concurrent.locks.AbstractQueuedSynchronizer$ConditionObject.awaitNanos(AbstractQueuedSynchronizer.java:2078)
        at java.util.concurrent.LinkedBlockingQueue.poll(LinkedBlockingQueue.java:467)
        at org.apache.hadoop.ipc.CallQueueManager.take(CallQueueManager.java:317)
        at org.apache.hadoop.ipc.Server$Handler.run(Server.java:3014)
"Finalizer" daemon prio=8 tid=3 in Object.wait()
java.lang.Thread.State: WAITING (on object monitor)
        at java.lang.Object.wait(Native Method)
        at java.lang.ref.ReferenceQueue.remove(ReferenceQueue.java:144)
        at java.lang.ref.ReferenceQueue.remove(ReferenceQueue.java:165)
        at java.lang.ref.Finalizer$FinalizerThread.run(Finalizer.java:188)
"org.apache.hadoop.ozone.container.common.statemachine.commandhandler.DeleteBlocksCommandHandler$DeleteCmdWorker@211dcf25" daemon prio=5 tid=609 timed_waiting
java.lang.Thread.State: TIMED_WAITING
        at java.lang.Thread.sleep(Native Method)
        at org.apache.hadoop.ozone.container.common.statemachine.commandhandler.DeleteBlocksCommandHandler$DeleteCmdWorker.run(DeleteBlocksCommandHandler.java:259)
        at java.lang.Thread.run(Thread.java:750)
"IPC Server handler 56 on default port 15002" daemon prio=5 tid=309 timed_waiting
java.lang.Thread.State: TIMED_WAITING
        at sun.misc.Unsafe.park(Native Method)
        at java.util.concurrent.locks.LockSupport.parkNanos(LockSupport.java:215)
        at java.util.concurrent.locks.AbstractQueuedSynchronizer$ConditionObject.awaitNanos(AbstractQueuedSynchronizer.java:2078)
        at java.util.concurrent.LinkedBlockingQueue.poll(LinkedBlockingQueue.java:467)
        at org.apache.hadoop.ipc.CallQueueManager.take(CallQueueManager.java:317)
        at org.apache.hadoop.ipc.Server$Handler.run(Server.java:3014)
"IPC Server handler 81 on default port 15002" daemon prio=5 tid=334 timed_waiting
java.lang.Thread.State: TIMED_WAITING
        at sun.misc.Unsafe.park(Native Method)
        at java.util.concurrent.locks.LockSupport.parkNanos(LockSupport.java:215)
        at java.util.concurrent.locks.AbstractQueuedSynchronizer$ConditionObject.awaitNanos(AbstractQueuedSynchronizer.java:2078)
        at java.util.concurrent.LinkedBlockingQueue.poll(LinkedBlockingQueue.java:467)
        at org.apache.hadoop.ipc.CallQueueManager.take(CallQueueManager.java:317)
        at org.apache.hadoop.ipc.Server$Handler.run(Server.java:3014)
"qtp1618613611-700" daemon prio=5 tid=700 timed_waiting
java.lang.Thread.State: TIMED_WAITING
        at sun.misc.Unsafe.park(Native Method)
        at java.util.concurrent.locks.LockSupport.parkNanos(LockSupport.java:215)
        at java.util.concurrent.locks.AbstractQueuedSynchronizer$ConditionObject.awaitNanos(AbstractQueuedSynchronizer.java:2078)
        at org.eclipse.jetty.util.BlockingArrayQueue.poll(BlockingArrayQueue.java:382)
        at org.eclipse.jetty.util.thread.QueuedThreadPool$Runner.idleJobPoll(QueuedThreadPool.java:974)
        at org.eclipse.jetty.util.thread.QueuedThreadPool$Runner.run(QueuedThreadPool.java:1018)
        at java.lang.Thread.run(Thread.java:750)
"qtp1249016169-613-acceptor-0@1c6c9f20-ServerConnector@319e49d5{HTTP/1.1, (http/1.1)}{0.0.0.0:15020}" daemon prio=3 tid=613 runnable
java.lang.Thread.State: RUNNABLE
        at sun.nio.ch.ServerSocketChannelImpl.accept0(Native Method)
        at sun.nio.ch.ServerSocketChannelImpl.accept(ServerSocketChannelImpl.java:421)
        at sun.nio.ch.ServerSocketChannelImpl.accept(ServerSocketChannelImpl.java:249)
        at org.eclipse.jetty.server.ServerConnector.accept(ServerConnector.java:388)
        at org.eclipse.jetty.server.AbstractConnector$Acceptor.run(AbstractConnector.java:704)
        at org.eclipse.jetty.util.thread.QueuedThreadPool.runJob(QueuedThreadPool.java:883)
        at org.eclipse.jetty.util.thread.QueuedThreadPool$Runner.run(QueuedThreadPool.java:1034)
        at java.lang.Thread.run(Thread.java:750)
"20ed7fe7-4274-4f1a-9498-93c5abf09f1c@group-B9059805C83C-SegmentedRaftLogWorker"  prio=5 tid=878 timed_waiting
java.lang.Thread.State: TIMED_WAITING
        at sun.misc.Unsafe.park(Native Method)
        at java.util.concurrent.locks.LockSupport.parkNanos(LockSupport.java:215)
        at java.util.concurrent.locks.AbstractQueuedSynchronizer$ConditionObject.awaitNanos(AbstractQueuedSynchronizer.java:2078)
        at org.apache.ratis.util.DataBlockingQueue.poll(DataBlockingQueue.java:148)
        at org.apache.ratis.server.raftlog.segmented.SegmentedRaftLogWorker.run(SegmentedRaftLogWorker.java:299)
        at org.apache.ratis.server.raftlog.segmented.SegmentedRaftLogWorker$$Lambda$917/278430812.run(Unknown Source)
        at java.util.concurrent.Executors$RunnableAdapter.call(Executors.java:511)
        at java.util.concurrent.FutureTask.run(FutureTask.java:266)
        at java.util.concurrent.ThreadPoolExecutor.runWorker(ThreadPoolExecutor.java:1149)
        at java.util.concurrent.ThreadPoolExecutor$Worker.run(ThreadPoolExecutor.java:624)
        at java.lang.Thread.run(Thread.java:750)
"20ed7fe7-4274-4f1a-9498-93c5abf09f1c-BlockDeletingService#1" daemon prio=5 tid=815 timed_waiting
java.lang.Thread.State: TIMED_WAITING
        at sun.misc.Unsafe.park(Native Method)
        at java.util.concurrent.locks.LockSupport.parkNanos(LockSupport.java:215)
        at java.util.concurrent.locks.AbstractQueuedSynchronizer$ConditionObject.awaitNanos(AbstractQueuedSynchronizer.java:2078)
        at java.util.concurrent.ScheduledThreadPoolExecutor$DelayedWorkQueue.take(ScheduledThreadPoolExecutor.java:1093)
        at java.util.concurrent.ScheduledThreadPoolExecutor$DelayedWorkQueue.take(ScheduledThreadPoolExecutor.java:809)
        at java.util.concurrent.ThreadPoolExecutor.getTask(ThreadPoolExecutor.java:1074)
        at java.util.concurrent.ThreadPoolExecutor.runWorker(ThreadPoolExecutor.java:1134)
        at java.util.concurrent.ThreadPoolExecutor$Worker.run(ThreadPoolExecutor.java:624)
        at java.lang.Thread.run(Thread.java:750)
"om1-OMStateMachineApplyTransactionThread - 0" daemon prio=5 tid=936 in Object.wait()
java.lang.Thread.State: WAITING (on object monitor)
        at sun.misc.Unsafe.park(Native Method)
        at java.util.concurrent.locks.LockSupport.park(LockSupport.java:175)
        at java.util.concurrent.locks.AbstractQueuedSynchronizer$ConditionObject.await(AbstractQueuedSynchronizer.java:2039)
        at java.util.concurrent.LinkedBlockingQueue.take(LinkedBlockingQueue.java:442)
        at java.util.concurrent.ThreadPoolExecutor.getTask(ThreadPoolExecutor.java:1074)
        at java.util.concurrent.ThreadPoolExecutor.runWorker(ThreadPoolExecutor.java:1134)
        at java.util.concurrent.ThreadPoolExecutor$Worker.run(ThreadPoolExecutor.java:624)
        at java.lang.Thread.run(Thread.java:750)
"IPC Server idle connection scanner for port 15039" daemon prio=5 tid=678 timed_waiting
java.lang.Thread.State: TIMED_WAITING
        at java.lang.Object.wait(Native Method)
        at java.util.TimerThread.mainLoop(Timer.java:552)
        at java.util.TimerThread.run(Timer.java:505)
"12adf753-b9bf-4e27-afc1-d809141df6d3-NettyServerStreamRpc-bossGroup--thread1"  prio=5 tid=607 runnable
java.lang.Thread.State: RUNNABLE
        at org.apache.ratis.thirdparty.io.netty.channel.epoll.Native.epollWait(Native Method)
        at org.apache.ratis.thirdparty.io.netty.channel.epoll.Native.epollWait(Native.java:209)
        at org.apache.ratis.thirdparty.io.netty.channel.epoll.Native.epollWait(Native.java:202)
        at org.apache.ratis.thirdparty.io.netty.channel.epoll.EpollEventLoop.epollWaitNoTimerChange(EpollEventLoop.java:316)
        at org.apache.ratis.thirdparty.io.netty.channel.epoll.EpollEventLoop.run(EpollEventLoop.java:373)
        at org.apache.ratis.thirdparty.io.netty.util.concurrent.SingleThreadEventExecutor$4.run(SingleThreadEventExecutor.java:997)
        at org.apache.ratis.thirdparty.io.netty.util.internal.ThreadExecutorMap$2.run(ThreadExecutorMap.java:74)
        at java.lang.Thread.run(Thread.java:750)
"org.apache.hadoop.ozone.container.common.statemachine.commandhandler.DeleteBlocksCommandHandler$DeleteCmdWorker@5d7ed410" daemon prio=5 tid=665 timed_waiting
java.lang.Thread.State: TIMED_WAITING
        at java.lang.Thread.sleep(Native Method)
        at org.apache.hadoop.ozone.container.common.statemachine.commandhandler.DeleteBlocksCommandHandler$DeleteCmdWorker.run(DeleteBlocksCommandHandler.java:259)
        at java.lang.Thread.run(Thread.java:750)
"IPC Server handler 13 on default port 15009" daemon prio=5 tid=484 timed_waiting
java.lang.Thread.State: TIMED_WAITING
        at sun.misc.Unsafe.park(Native Method)
        at java.util.concurrent.locks.LockSupport.parkNanos(LockSupport.java:215)
        at java.util.concurrent.locks.AbstractQueuedSynchronizer$ConditionObject.awaitNanos(AbstractQueuedSynchronizer.java:2078)
        at java.util.concurrent.LinkedBlockingQueue.poll(LinkedBlockingQueue.java:467)
        at org.apache.hadoop.ipc.CallQueueManager.take(CallQueueManager.java:317)
        at org.apache.hadoop.ipc.Server$Handler.run(Server.java:3014)
"IPC Server handler 76 on default port 15001" daemon prio=5 tid=229 timed_waiting
java.lang.Thread.State: TIMED_WAITING
        at sun.misc.Unsafe.park(Native Method)
        at java.util.concurrent.locks.LockSupport.parkNanos(LockSupport.java:215)
        at java.util.concurrent.locks.AbstractQueuedSynchronizer$ConditionObject.awaitNanos(AbstractQueuedSynchronizer.java:2078)
        at java.util.concurrent.LinkedBlockingQueue.poll(LinkedBlockingQueue.java:467)
        at org.apache.hadoop.ipc.CallQueueManager.take(CallQueueManager.java:317)
        at org.apache.hadoop.ipc.Server$Handler.run(Server.java:3014)
"client-write-TID-0" daemon prio=5 tid=956 in Object.wait()
java.lang.Thread.State: WAITING (on object monitor)
        at sun.misc.Unsafe.park(Native Method)
        at java.util.concurrent.locks.LockSupport.park(LockSupport.java:175)
        at java.util.concurrent.SynchronousQueue$TransferStack.awaitFulfill(SynchronousQueue.java:458)
        at java.util.concurrent.SynchronousQueue$TransferStack.transfer(SynchronousQueue.java:362)
        at java.util.concurrent.SynchronousQueue.take(SynchronousQueue.java:924)
        at java.util.concurrent.ThreadPoolExecutor.getTask(ThreadPoolExecutor.java:1074)
        at java.util.concurrent.ThreadPoolExecutor.runWorker(ThreadPoolExecutor.java:1134)
        at java.util.concurrent.ThreadPoolExecutor$Worker.run(ThreadPoolExecutor.java:624)
        at java.lang.Thread.run(Thread.java:750)
"IPC Server handler 25 on default port 15001" daemon prio=5 tid=178 timed_waiting
java.lang.Thread.State: TIMED_WAITING
        at sun.misc.Unsafe.park(Native Method)
        at java.util.concurrent.locks.LockSupport.parkNanos(LockSupport.java:215)
        at java.util.concurrent.locks.AbstractQueuedSynchronizer$ConditionObject.awaitNanos(AbstractQueuedSynchronizer.java:2078)
        at java.util.concurrent.LinkedBlockingQueue.poll(LinkedBlockingQueue.java:467)
        at org.apache.hadoop.ipc.CallQueueManager.take(CallQueueManager.java:317)
        at org.apache.hadoop.ipc.Server$Handler.run(Server.java:3014)
"PartialTableCache-Cleanup-0" daemon prio=5 tid=957 in Object.wait()
java.lang.Thread.State: WAITING (on object monitor)
        at sun.misc.Unsafe.park(Native Method)
        at java.util.concurrent.locks.LockSupport.park(LockSupport.java:175)
        at java.util.concurrent.locks.AbstractQueuedSynchronizer$ConditionObject.await(AbstractQueuedSynchronizer.java:2039)
        at java.util.concurrent.LinkedBlockingQueue.take(LinkedBlockingQueue.java:442)
        at java.util.concurrent.ThreadPoolExecutor.getTask(ThreadPoolExecutor.java:1074)
        at java.util.concurrent.ThreadPoolExecutor.runWorker(ThreadPoolExecutor.java:1134)
        at java.util.concurrent.ThreadPoolExecutor$Worker.run(ThreadPoolExecutor.java:624)
        at java.lang.Thread.run(Thread.java:750)
"IPC Server handler 64 on default port 15002" daemon prio=5 tid=317 timed_waiting
java.lang.Thread.State: TIMED_WAITING
        at sun.misc.Unsafe.park(Native Method)
        at java.util.concurrent.locks.LockSupport.parkNanos(LockSupport.java:215)
        at java.util.concurrent.locks.AbstractQueuedSynchronizer$ConditionObject.awaitNanos(AbstractQueuedSynchronizer.java:2078)
        at java.util.concurrent.LinkedBlockingQueue.poll(LinkedBlockingQueue.java:467)
        at org.apache.hadoop.ipc.CallQueueManager.take(CallQueueManager.java:317)
        at org.apache.hadoop.ipc.Server$Handler.run(Server.java:3014)
"7b630919-9d6b-42e9-b08a-8409ae097dea-ChunkWriter-3-0" daemon prio=5 tid=772 in Object.wait()
java.lang.Thread.State: WAITING (on object monitor)
        at sun.misc.Unsafe.park(Native Method)
        at java.util.concurrent.locks.LockSupport.park(LockSupport.java:175)
        at java.util.concurrent.locks.AbstractQueuedSynchronizer$ConditionObject.await(AbstractQueuedSynchronizer.java:2039)
        at java.util.concurrent.LinkedBlockingDeque.takeFirst(LinkedBlockingDeque.java:492)
        at java.util.concurrent.LinkedBlockingDeque.take(LinkedBlockingDeque.java:680)
        at java.util.concurrent.ThreadPoolExecutor.getTask(ThreadPoolExecutor.java:1074)
        at java.util.concurrent.ThreadPoolExecutor.runWorker(ThreadPoolExecutor.java:1134)
        at java.util.concurrent.ThreadPoolExecutor$Worker.run(ThreadPoolExecutor.java:624)
        at java.lang.Thread.run(Thread.java:750)
"IPC Server handler 15 on default port 15000" daemon prio=5 tid=68 timed_waiting
java.lang.Thread.State: TIMED_WAITING
        at sun.misc.Unsafe.park(Native Method)
        at java.util.concurrent.locks.LockSupport.parkNanos(LockSupport.java:215)
        at java.util.concurrent.locks.AbstractQueuedSynchronizer$ConditionObject.awaitNanos(AbstractQueuedSynchronizer.java:2078)
        at java.util.concurrent.LinkedBlockingQueue.poll(LinkedBlockingQueue.java:467)
        at org.apache.hadoop.ipc.CallQueueManager.take(CallQueueManager.java:317)
        at org.apache.hadoop.ipc.Server$Handler.run(Server.java:3014)
"IPC Server handler 21 on default port 15000" daemon prio=5 tid=74 timed_waiting
java.lang.Thread.State: TIMED_WAITING
        at sun.misc.Unsafe.park(Native Method)
        at java.util.concurrent.locks.LockSupport.parkNanos(LockSupport.java:215)
        at java.util.concurrent.locks.AbstractQueuedSynchronizer$ConditionObject.awaitNanos(AbstractQueuedSynchronizer.java:2078)
        at java.util.concurrent.LinkedBlockingQueue.poll(LinkedBlockingQueue.java:467)
        at org.apache.hadoop.ipc.CallQueueManager.take(CallQueueManager.java:317)
        at org.apache.hadoop.ipc.Server$Handler.run(Server.java:3014)
"Recon-FixedThreadPoolWithAffinityExecutor-0-0" daemon prio=5 tid=448 timed_waiting
java.lang.Thread.State: TIMED_WAITING
        at sun.misc.Unsafe.park(Native Method)
        at java.util.concurrent.locks.LockSupport.parkNanos(LockSupport.java:215)
        at java.util.concurrent.locks.AbstractQueuedSynchronizer$ConditionObject.awaitNanos(AbstractQueuedSynchronizer.java:2078)
        at java.util.concurrent.LinkedBlockingQueue.poll(LinkedBlockingQueue.java:467)
        at org.apache.hadoop.hdds.scm.server.ContainerReportQueue.poll(ContainerReportQueue.java:269)
        at org.apache.hadoop.hdds.scm.server.ContainerReportQueue.poll(ContainerReportQueue.java:42)
        at org.apache.hadoop.hdds.server.events.FixedThreadPoolWithAffinityExecutor$ContainerReportProcessTask.run(FixedThreadPoolWithAffinityExecutor.java:253)
        at java.util.concurrent.Executors$RunnableAdapter.call(Executors.java:511)
        at java.util.concurrent.FutureTask.run(FutureTask.java:266)
        at java.util.concurrent.ThreadPoolExecutor.runWorker(ThreadPoolExecutor.java:1149)
        at java.util.concurrent.ThreadPoolExecutor$Worker.run(ThreadPoolExecutor.java:624)
        at java.lang.Thread.run(Thread.java:750)
"IPC Server handler 8 on default port 15009" daemon prio=5 tid=479 timed_waiting
java.lang.Thread.State: TIMED_WAITING
        at sun.misc.Unsafe.park(Native Method)
        at java.util.concurrent.locks.LockSupport.parkNanos(LockSupport.java:215)
        at java.util.concurrent.locks.AbstractQueuedSynchronizer$ConditionObject.awaitNanos(AbstractQueuedSynchronizer.java:2078)
        at java.util.concurrent.LinkedBlockingQueue.poll(LinkedBlockingQueue.java:467)
        at org.apache.hadoop.ipc.CallQueueManager.take(CallQueueManager.java:317)
        at org.apache.hadoop.ipc.Server$Handler.run(Server.java:3014)
"Connector-Scheduler-7cc41dd9-1"  prio=5 tid=962 timed_waiting
java.lang.Thread.State: TIMED_WAITING
        at sun.misc.Unsafe.park(Native Method)
        at java.util.concurrent.locks.LockSupport.parkNanos(LockSupport.java:215)
        at java.util.concurrent.locks.AbstractQueuedSynchronizer$ConditionObject.awaitNanos(AbstractQueuedSynchronizer.java:2078)
        at java.util.concurrent.ScheduledThreadPoolExecutor$DelayedWorkQueue.take(ScheduledThreadPoolExecutor.java:1093)
        at java.util.concurrent.ScheduledThreadPoolExecutor$DelayedWorkQueue.take(ScheduledThreadPoolExecutor.java:809)
        at java.util.concurrent.ThreadPoolExecutor.getTask(ThreadPoolExecutor.java:1074)
        at java.util.concurrent.ThreadPoolExecutor.runWorker(ThreadPoolExecutor.java:1134)
        at java.util.concurrent.ThreadPoolExecutor$Worker.run(ThreadPoolExecutor.java:624)
        at java.lang.Thread.run(Thread.java:750)
"IPC Server handler 2 on default port 15002" daemon prio=5 tid=255 timed_waiting
java.lang.Thread.State: TIMED_WAITING
        at sun.misc.Unsafe.park(Native Method)
        at java.util.concurrent.locks.LockSupport.parkNanos(LockSupport.java:215)
        at java.util.concurrent.locks.AbstractQueuedSynchronizer$ConditionObject.awaitNanos(AbstractQueuedSynchronizer.java:2078)
        at java.util.concurrent.LinkedBlockingQueue.poll(LinkedBlockingQueue.java:467)
        at org.apache.hadoop.ipc.CallQueueManager.take(CallQueueManager.java:317)
        at org.apache.hadoop.ipc.Server$Handler.run(Server.java:3014)
"IPC Server handler 34 on default port 15000" daemon prio=5 tid=87 timed_waiting
java.lang.Thread.State: TIMED_WAITING
        at sun.misc.Unsafe.park(Native Method)
        at java.util.concurrent.locks.LockSupport.parkNanos(LockSupport.java:215)
        at java.util.concurrent.locks.AbstractQueuedSynchronizer$ConditionObject.awaitNanos(AbstractQueuedSynchronizer.java:2078)
        at java.util.concurrent.LinkedBlockingQueue.poll(LinkedBlockingQueue.java:467)
        at org.apache.hadoop.ipc.CallQueueManager.take(CallQueueManager.java:317)
        at org.apache.hadoop.ipc.Server$Handler.run(Server.java:3014)
"IPC Server handler 89 on default port 15002" daemon prio=5 tid=342 timed_waiting
java.lang.Thread.State: TIMED_WAITING
        at sun.misc.Unsafe.park(Native Method)
        at java.util.concurrent.locks.LockSupport.parkNanos(LockSupport.java:215)
        at java.util.concurrent.locks.AbstractQueuedSynchronizer$ConditionObject.awaitNanos(AbstractQueuedSynchronizer.java:2078)
        at java.util.concurrent.LinkedBlockingQueue.poll(LinkedBlockingQueue.java:467)
        at org.apache.hadoop.ipc.CallQueueManager.take(CallQueueManager.java:317)
        at org.apache.hadoop.ipc.Server$Handler.run(Server.java:3014)
"IPC Server handler 88 on default port 15000" daemon prio=5 tid=141 timed_waiting
java.lang.Thread.State: TIMED_WAITING
        at sun.misc.Unsafe.park(Native Method)
        at java.util.concurrent.locks.LockSupport.parkNanos(LockSupport.java:215)
        at java.util.concurrent.locks.AbstractQueuedSynchronizer$ConditionObject.awaitNanos(AbstractQueuedSynchronizer.java:2078)
        at java.util.concurrent.LinkedBlockingQueue.poll(LinkedBlockingQueue.java:467)
        at org.apache.hadoop.ipc.CallQueueManager.take(CallQueueManager.java:317)
        at org.apache.hadoop.ipc.Server$Handler.run(Server.java:3014)
"7b630919-9d6b-42e9-b08a-8409ae097dea@group-F914C1362A36-SegmentedRaftLogWorker"  prio=5 tid=1142 timed_waiting
java.lang.Thread.State: TIMED_WAITING
        at sun.misc.Unsafe.park(Native Method)
        at java.util.concurrent.locks.LockSupport.parkNanos(LockSupport.java:215)
        at java.util.concurrent.locks.AbstractQueuedSynchronizer$ConditionObject.awaitNanos(AbstractQueuedSynchronizer.java:2078)
        at org.apache.ratis.util.DataBlockingQueue.poll(DataBlockingQueue.java:148)
        at org.apache.ratis.server.raftlog.segmented.SegmentedRaftLogWorker.run(SegmentedRaftLogWorker.java:299)
        at org.apache.ratis.server.raftlog.segmented.SegmentedRaftLogWorker$$Lambda$917/278430812.run(Unknown Source)
        at java.util.concurrent.Executors$RunnableAdapter.call(Executors.java:511)
        at java.util.concurrent.FutureTask.run(FutureTask.java:266)
        at java.util.concurrent.ThreadPoolExecutor.runWorker(ThreadPoolExecutor.java:1149)
        at java.util.concurrent.ThreadPoolExecutor$Worker.run(ThreadPoolExecutor.java:624)
        at java.lang.Thread.run(Thread.java:750)
"IPC Server handler 56 on default port 15001" daemon prio=5 tid=209 timed_waiting
java.lang.Thread.State: TIMED_WAITING
        at sun.misc.Unsafe.park(Native Method)
        at java.util.concurrent.locks.LockSupport.parkNanos(LockSupport.java:215)
        at java.util.concurrent.locks.AbstractQueuedSynchronizer$ConditionObject.awaitNanos(AbstractQueuedSynchronizer.java:2078)
        at java.util.concurrent.LinkedBlockingQueue.poll(LinkedBlockingQueue.java:467)
        at org.apache.hadoop.ipc.CallQueueManager.take(CallQueueManager.java:317)
        at org.apache.hadoop.ipc.Server$Handler.run(Server.java:3014)


	at org.apache.ozone.test.GenericTestUtils.waitFor(GenericTestUtils.java:204)
	at org.apache.hadoop.ozone.container.TestHelper.waitForReplicaCount(TestHelper.java:444)
	at org.apache.hadoop.ozone.recon.TestReconAndAdminContainerCLI.testNodesInDecommissionOrMaintenance(TestReconAndAdminContainerCLI.java:264)
	at java.lang.reflect.Method.invoke(Method.java:498)
	at java.util.stream.ForEachOps$ForEachOp$OfRef.accept(ForEachOps.java:183)
	at java.util.stream.ReferencePipeline$3$1.accept(ReferencePipeline.java:193)
	at java.util.stream.ReferencePipeline$2$1.accept(ReferencePipeline.java:175)
	at java.util.stream.ReferencePipeline$3$1.accept(ReferencePipeline.java:193)
	at java.util.stream.ForEachOps$ForEachOp$OfRef.accept(ForEachOps.java:183)
	at java.util.stream.ReferencePipeline$3$1.accept(ReferencePipeline.java:193)
	at java.util.stream.ReferencePipeline$3$1.accept(ReferencePipeline.java:193)
	at java.util.stream.ReferencePipeline$3$1.accept(ReferencePipeline.java:193)
	at java.util.stream.ForEachOps$ForEachOp$OfRef.accept(ForEachOps.java:183)
	at java.util.stream.ReferencePipeline$3$1.accept(ReferencePipeline.java:193)
	at java.util.Spliterators$ArraySpliterator.forEachRemaining(Spliterators.java:948)
	at java.util.stream.ReferencePipeline$Head.forEach(ReferencePipeline.java:647)
	at java.util.stream.ReferencePipeline$7$1.accept(ReferencePipeline.java:272)
	at java.util.stream.ReferencePipeline$3$1.accept(ReferencePipeline.java:193)
	at java.util.stream.ReferencePipeline$3$1.accept(ReferencePipeline.java:193)
	at java.util.stream.ReferencePipeline$3$1.accept(ReferencePipeline.java:193)
	at java.util.Spliterators$ArraySpliterator.forEachRemaining(Spliterators.java:948)
	at java.util.stream.AbstractPipeline.copyInto(AbstractPipeline.java:482)
	at java.util.stream.AbstractPipeline.wrapAndCopyInto(AbstractPipeline.java:472)
	at java.util.stream.ForEachOps$ForEachOp.evaluateSequential(ForEachOps.java:150)
	at java.util.stream.ForEachOps$ForEachOp$OfRef.evaluateSequential(ForEachOps.java:173)
	at java.util.stream.AbstractPipeline.evaluate(AbstractPipeline.java:234)
	at java.util.stream.ReferencePipeline.forEach(ReferencePipeline.java:485)
	at java.util.stream.ReferencePipeline$7$1.accept(ReferencePipeline.java:272)
	at java.util.stream.ReferencePipeline$3$1.accept(ReferencePipeline.java:193)
	at java.util.stream.ReferencePipeline$3$1.accept(ReferencePipeline.java:193)
	at java.util.stream.ReferencePipeline$3$1.accept(ReferencePipeline.java:193)
	at java.util.ArrayList$ArrayListSpliterator.forEachRemaining(ArrayList.java:1384)
	at java.util.stream.AbstractPipeline.copyInto(AbstractPipeline.java:482)
	at java.util.stream.AbstractPipeline.wrapAndCopyInto(AbstractPipeline.java:472)
	at java.util.stream.ForEachOps$ForEachOp.evaluateSequential(ForEachOps.java:150)
	at java.util.stream.ForEachOps$ForEachOp$OfRef.evaluateSequential(ForEachOps.java:173)
	at java.util.stream.AbstractPipeline.evaluate(AbstractPipeline.java:234)
	at java.util.stream.ReferencePipeline.forEach(ReferencePipeline.java:485)
	at java.util.stream.ReferencePipeline$7$1.accept(ReferencePipeline.java:272)
	at java.util.ArrayList$ArrayListSpliterator.forEachRemaining(ArrayList.java:1384)
	at java.util.stream.AbstractPipeline.copyInto(AbstractPipeline.java:482)
	at java.util.stream.AbstractPipeline.wrapAndCopyInto(AbstractPipeline.java:472)
	at java.util.stream.ForEachOps$ForEachOp.evaluateSequential(ForEachOps.java:150)
	at java.util.stream.ForEachOps$ForEachOp$OfRef.evaluateSequential(ForEachOps.java:173)
	at java.util.stream.AbstractPipeline.evaluate(AbstractPipeline.java:234)
	at java.util.stream.ReferencePipeline.forEach(ReferencePipeline.java:485)
	at java.util.ArrayList.forEach(ArrayList.java:1259)
	at java.util.ArrayList.forEach(ArrayList.java:1259)
]]></error>
    <system-out><![CDATA[2024-03-26 11:21:50,225 [IPC Server handler 16 on default port 15000] INFO  node.NodeDecommissionManager (NodeDecommissionManager.java:startDecommission(357)) - Starting Decommission for node 9bdc6c20-c7c2-4cc7-a4be-d4fe59586f4c(fv-az1147-978/10.1.0.22)
2024-03-26 11:21:50,225 [EventQueue-HealthyReadonlyToHealthyNodeForReadOnlyHealthyToHealthyNodeHandler] INFO  node.ReadOnlyHealthyToHealthyNodeHandler (ReadOnlyHealthyToHealthyNodeHandler.java:onMessage(51)) - Datanode 9bdc6c20-c7c2-4cc7-a4be-d4fe59586f4c(fv-az1147-978/10.1.0.22) moved to HEALTHY state.
2024-03-26 11:21:50,225 [EventQueue-HealthyReadonlyToHealthyNodeForReadOnlyHealthyToHealthyNodeHandler] INFO  pipeline.BackgroundPipelineCreator (BackgroundPipelineCreator.java:notifyEventTriggered(280)) - trigger a one-shot run on RatisPipelineUtilsThread.
Connecting to Recon: http://0.0.0.0:15008/api/v1/containers/unhealthy/UNDER_REPLICATED ...
Connecting to Recon: http://0.0.0.0:15008/api/v1/containers/unhealthy/OVER_REPLICATED ...
2024-03-26 11:21:50,325 [Recon-SyncOM-1] INFO  impl.OzoneManagerServiceProviderImpl (OzoneManagerServiceProviderImpl.java:syncDataFromOM(501)) - Syncing data from Ozone Manager.
2024-03-26 11:21:50,325 [Recon-SyncOM-1] INFO  impl.OzoneManagerServiceProviderImpl (OzoneManagerServiceProviderImpl.java:syncDataFromOM(511)) - Obtaining delta updates from Ozone Manager
2024-03-26 11:21:50,325 [Recon-SyncOM-1] INFO  impl.OzoneManagerServiceProviderImpl (OzoneManagerServiceProviderImpl.java:getAndApplyDeltaUpdatesFromOM(418)) - OriginalFromSequenceNumber : 15 
2024-03-26 11:21:50,327 [Recon-SyncOM-1] INFO  impl.OzoneManagerServiceProviderImpl (OzoneManagerServiceProviderImpl.java:innerGetAndApplyDeltaUpdatesFromOM(485)) - Number of updates received from OM : 0, SequenceNumber diff: 0, SequenceNumber Lag from OM 0, isDBUpdateSuccess: true
2024-03-26 11:21:50,327 [Recon-SyncOM-1] INFO  impl.OzoneManagerServiceProviderImpl (OzoneManagerServiceProviderImpl.java:getAndApplyDeltaUpdatesFromOM(438)) - Delta updates received from OM : 1 loops, 0 records
2024-03-26 11:21:50,335 [ContainerHealthTask] INFO  fsck.ContainerHealthTask (ContainerHealthTask.java:triggerContainerHealthCheck(140)) - Container Health task thread took 0 milliseconds to process 0 existing database records.
2024-03-26 11:21:50,336 [ContainerHealthTask] INFO  fsck.ContainerHealthTask (ContainerHealthTask.java:checkAndProcessContainers(166)) - Container Health task thread took 1 milliseconds for processing 1 containers.
2024-03-26 11:21:50,336 [ContainerHealthTask] INFO  fsck.ContainerHealthTask (ContainerHealthTask.java:lambda$logUnhealthyContainerStats$3(204)) - UNDER_REPLICATED **Container State Stats:** 
	
2024-03-26 11:21:50,336 [ContainerHealthTask] INFO  fsck.ContainerHealthTask (ContainerHealthTask.java:lambda$logUnhealthyContainerStats$3(204)) - NEGATIVE_SIZE **Container State Stats:** 
	
2024-03-26 11:21:50,336 [ContainerHealthTask] INFO  fsck.ContainerHealthTask (ContainerHealthTask.java:lambda$logUnhealthyContainerStats$3(204)) - OVER_REPLICATED **Container State Stats:** 
	
2024-03-26 11:21:50,336 [ContainerHealthTask] INFO  fsck.ContainerHealthTask (ContainerHealthTask.java:lambda$logUnhealthyContainerStats$3(204)) - EMPTY_MISSING **Container State Stats:** 
	
2024-03-26 11:21:50,336 [ContainerHealthTask] INFO  fsck.ContainerHealthTask (ContainerHealthTask.java:lambda$logUnhealthyContainerStats$3(204)) - MIS_REPLICATED **Container State Stats:** 
	
2024-03-26 11:21:50,336 [ContainerHealthTask] INFO  fsck.ContainerHealthTask (ContainerHealthTask.java:lambda$logUnhealthyContainerStats$3(204)) - MISSING **Container State Stats:** 
	
2024-03-26 11:21:50,336 [ContainerHealthTask] INFO  fsck.ContainerHealthTask (ContainerHealthTask.java:checkAndProcessContainers(179)) - Container Health task thread took 1 iterations to fetch all containers using batched approach with batch size of 1000
2024-03-26 11:21:50,898 [IPC Server handler 14 on default port 15002] INFO  node.SCMNodeManager (SCMNodeManager.java:updateDatanodeOpState(582)) - Scheduling a command to update the operationalState persisted on 12adf753-b9bf-4e27-afc1-d809141df6d3(fv-az1147-978/10.1.0.22) as the reported value (IN_MAINTENANCE, 0) does not match the value stored in SCM (IN_SERVICE, 0)
2024-03-26 11:21:50,919 [7b630919-9d6b-42e9-b08a-8409ae097dea-PipelineCommandHandlerThread-0] INFO  server.RaftServer (RaftServerProxy.java:remove(111)) - 7b630919-9d6b-42e9-b08a-8409ae097dea: remove    LEADER 7b630919-9d6b-42e9-b08a-8409ae097dea@group-55EA6A87B9E9:t1, leader=7b630919-9d6b-42e9-b08a-8409ae097dea, voted=7b630919-9d6b-42e9-b08a-8409ae097dea, raftlog=Memoized:7b630919-9d6b-42e9-b08a-8409ae097dea@group-55EA6A87B9E9-SegmentedRaftLog:OPENED:c0, conf=0: peers:[7b630919-9d6b-42e9-b08a-8409ae097dea|10.1.0.22:15034]|listeners:[], old=null RUNNING
2024-03-26 11:21:50,919 [7b630919-9d6b-42e9-b08a-8409ae097dea-PipelineCommandHandlerThread-0] INFO  server.RaftServer$Division (RaftServerImpl.java:lambda$close$3(526)) - 7b630919-9d6b-42e9-b08a-8409ae097dea@group-55EA6A87B9E9: shutdown
2024-03-26 11:21:50,919 [7b630919-9d6b-42e9-b08a-8409ae097dea-PipelineCommandHandlerThread-0] INFO  util.JmxRegister (JmxRegister.java:unregister(73)) - Successfully un-registered JMX Bean with object name Ratis:service=RaftServer,group=group-55EA6A87B9E9,id=7b630919-9d6b-42e9-b08a-8409ae097dea
2024-03-26 11:21:50,919 [7b630919-9d6b-42e9-b08a-8409ae097dea-PipelineCommandHandlerThread-0] INFO  impl.RoleInfo (RoleInfo.java:shutdownLeaderState(94)) - 7b630919-9d6b-42e9-b08a-8409ae097dea: shutdown 7b630919-9d6b-42e9-b08a-8409ae097dea@group-55EA6A87B9E9-LeaderStateImpl
2024-03-26 11:21:50,919 [7b630919-9d6b-42e9-b08a-8409ae097dea-PipelineCommandHandlerThread-0] INFO  impl.PendingRequests (PendingRequests.java:sendNotLeaderResponses(289)) - 7b630919-9d6b-42e9-b08a-8409ae097dea@group-55EA6A87B9E9-PendingRequests: sendNotLeaderResponses
2024-03-26 11:21:50,920 [IPC Server handler 19 on default port 15002] INFO  node.SCMNodeManager (SCMNodeManager.java:updateDatanodeOpState(582)) - Scheduling a command to update the operationalState persisted on 7b630919-9d6b-42e9-b08a-8409ae097dea(fv-az1147-978/10.1.0.22) as the reported value (ENTERING_MAINTENANCE, 0) does not match the value stored in SCM (IN_SERVICE, 0)
2024-03-26 11:21:50,921 [7b630919-9d6b-42e9-b08a-8409ae097dea-PipelineCommandHandlerThread-0] INFO  impl.StateMachineUpdater (StateMachineUpdater.java:stopAndJoin(157)) - 7b630919-9d6b-42e9-b08a-8409ae097dea@group-55EA6A87B9E9-StateMachineUpdater: set stopIndex = 0
2024-03-26 11:21:50,922 [7b630919-9d6b-42e9-b08a-8409ae097dea@group-55EA6A87B9E9-StateMachineUpdater] INFO  ratis.ContainerStateMachine (ContainerStateMachine.java:takeSnapshot(355)) - group-55EA6A87B9E9: Taking a snapshot at:(t:1, i:0) file /home/runner/work/ozone/ozone/hadoop-ozone/integration-test/target/test-dir/MiniOzoneClusterImpl-b6d037e4-5d8b-4372-b4a2-3c33797d8bad/ozone-meta/datanode-3/ratis/7a577b40-8416-49ca-a27c-55ea6a87b9e9/sm/snapshot.1_0
2024-03-26 11:21:50,921 [7b630919-9d6b-42e9-b08a-8409ae097dea-CommandProcessorThread] INFO  replication.ReplicationSupervisor (ReplicationSupervisor.java:nodeStateUpdated(312)) - Node state updated to IN_MAINTENANCE, scaling executor pool size to 20
2024-03-26 11:21:50,922 [7b630919-9d6b-42e9-b08a-8409ae097dea@group-55EA6A87B9E9-StateMachineUpdater] INFO  ratis.ContainerStateMachine (ContainerStateMachine.java:takeSnapshot(366)) - group-55EA6A87B9E9: Finished taking a snapshot at:(t:1, i:0) file:/home/runner/work/ozone/ozone/hadoop-ozone/integration-test/target/test-dir/MiniOzoneClusterImpl-b6d037e4-5d8b-4372-b4a2-3c33797d8bad/ozone-meta/datanode-3/ratis/7a577b40-8416-49ca-a27c-55ea6a87b9e9/sm/snapshot.1_0 took: 1 ms
2024-03-26 11:21:50,923 [7b630919-9d6b-42e9-b08a-8409ae097dea@group-55EA6A87B9E9-StateMachineUpdater] INFO  impl.StateMachineUpdater (StateMachineUpdater.java:takeSnapshot(295)) - 7b630919-9d6b-42e9-b08a-8409ae097dea@group-55EA6A87B9E9-StateMachineUpdater: Took a snapshot at index 0
2024-03-26 11:21:50,923 [7b630919-9d6b-42e9-b08a-8409ae097dea@group-55EA6A87B9E9-StateMachineUpdater] INFO  impl.StateMachineUpdater (StateMachineUpdater.java:lambda$new$0(98)) - 7b630919-9d6b-42e9-b08a-8409ae097dea@group-55EA6A87B9E9-StateMachineUpdater: snapshotIndex: updateIncreasingly -1 -> 0
2024-03-26 11:21:50,923 [7b630919-9d6b-42e9-b08a-8409ae097dea-PipelineCommandHandlerThread-0] INFO  server.RaftServer$Division (ServerState.java:close(427)) - 7b630919-9d6b-42e9-b08a-8409ae097dea@group-55EA6A87B9E9: applyIndex: 0
2024-03-26 11:21:50,923 [7b630919-9d6b-42e9-b08a-8409ae097dea-CommandProcessorThread] INFO  replication.ReplicationSupervisor (ReplicationSupervisor.java:nodeStateUpdated(312)) - Node state updated to IN_SERVICE, scaling executor pool size to 10
2024-03-26 11:21:50,923 [7b630919-9d6b-42e9-b08a-8409ae097dea@group-55EA6A87B9E9-cacheEviction-AwaitToRun] INFO  util.AwaitToRun (AwaitToRun.java:run(49)) - 7b630919-9d6b-42e9-b08a-8409ae097dea@group-55EA6A87B9E9-cacheEviction-AwaitToRun-AwaitForSignal is interrupted
2024-03-26 11:21:50,992 [IPC Server handler 18 on default port 15002] INFO  node.SCMNodeManager (SCMNodeManager.java:updateDatanodeOpState(582)) - Scheduling a command to update the operationalState persisted on 9bdc6c20-c7c2-4cc7-a4be-d4fe59586f4c(fv-az1147-978/10.1.0.22) as the reported value (IN_SERVICE, 0) does not match the value stored in SCM (DECOMMISSIONING, 0)
2024-03-26 11:21:51,012 [7b630919-9d6b-42e9-b08a-8409ae097dea-PipelineCommandHandlerThread-0] INFO  segmented.SegmentedRaftLogWorker (SegmentedRaftLogWorker.java:close(245)) - 7b630919-9d6b-42e9-b08a-8409ae097dea@group-55EA6A87B9E9-SegmentedRaftLogWorker close()
2024-03-26 11:21:51,014 [7b630919-9d6b-42e9-b08a-8409ae097dea-PipelineCommandHandlerThread-0] INFO  server.RaftServer$Division (RaftServerImpl.java:groupRemove(496)) - 7b630919-9d6b-42e9-b08a-8409ae097dea@group-55EA6A87B9E9: Succeed to remove RaftStorageDirectory Storage Directory /home/runner/work/ozone/ozone/hadoop-ozone/integration-test/target/test-dir/MiniOzoneClusterImpl-b6d037e4-5d8b-4372-b4a2-3c33797d8bad/ozone-meta/datanode-3/ratis/7a577b40-8416-49ca-a27c-55ea6a87b9e9
2024-03-26 11:21:51,014 [7b630919-9d6b-42e9-b08a-8409ae097dea-PipelineCommandHandlerThread-0] ERROR commandhandler.ClosePipelineCommandHandler (ClosePipelineCommandHandler.java:lambda$handle$2(137)) - Can't close pipeline PipelineID=7a577b40-8416-49ca-a27c-55ea6a87b9e9
org.apache.ratis.protocol.exceptions.GroupMismatchException: 7b630919-9d6b-42e9-b08a-8409ae097dea: group-55EA6A87B9E9 not found.
	at org.apache.ratis.server.impl.RaftServerProxy$ImplMap.get(RaftServerProxy.java:154)
	at org.apache.ratis.server.impl.RaftServerProxy.getImplFuture(RaftServerProxy.java:364)
	at org.apache.ratis.server.impl.RaftServerProxy.getImpl(RaftServerProxy.java:373)
	at org.apache.ratis.server.impl.RaftServerProxy.getDivision(RaftServerProxy.java:386)
	at org.apache.hadoop.ozone.container.common.transport.server.ratis.XceiverServerRatis.getRaftPeersInPipeline(XceiverServerRatis.java:951)
	at org.apache.hadoop.ozone.container.common.statemachine.commandhandler.ClosePipelineCommandHandler.lambda$handle$2(ClosePipelineCommandHandler.java:114)
	at java.util.concurrent.CompletableFuture$AsyncRun.run(CompletableFuture.java:1640)
	at java.util.concurrent.ThreadPoolExecutor.runWorker(ThreadPoolExecutor.java:1149)
	at java.util.concurrent.ThreadPoolExecutor$Worker.run(ThreadPoolExecutor.java:624)
	at java.lang.Thread.run(Thread.java:750)
2024-03-26 11:21:51,014 [7b630919-9d6b-42e9-b08a-8409ae097dea-PipelineCommandHandlerThread-0] INFO  server.RaftServer (RaftServerProxy.java:addNew(100)) - 7b630919-9d6b-42e9-b08a-8409ae097dea: addNew group-821EE5CB8EAC:[7b630919-9d6b-42e9-b08a-8409ae097dea|10.1.0.22:15034] returns group-821EE5CB8EAC:java.util.concurrent.CompletableFuture@6b8697c4[Not completed]
2024-03-26 11:21:51,015 [7b630919-9d6b-42e9-b08a-8409ae097dea-groupManagement] INFO  server.RaftServer$Division (RaftServerImpl.java:<init>(256)) - 7b630919-9d6b-42e9-b08a-8409ae097dea: new RaftServerImpl for group-821EE5CB8EAC:[7b630919-9d6b-42e9-b08a-8409ae097dea|10.1.0.22:15034] with ContainerStateMachine:uninitialized
2024-03-26 11:21:51,015 [7b630919-9d6b-42e9-b08a-8409ae097dea-groupManagement] INFO  server.RaftServerConfigKeys (ConfUtils.java:logGet(46)) - raft.server.rpc.timeout.min = 5s (custom)
2024-03-26 11:21:51,015 [7b630919-9d6b-42e9-b08a-8409ae097dea-groupManagement] INFO  server.RaftServerConfigKeys (ConfUtils.java:logGet(46)) - raft.server.rpc.timeout.max = 5200ms (custom)
2024-03-26 11:21:51,016 [7b630919-9d6b-42e9-b08a-8409ae097dea-groupManagement] INFO  server.RaftServerConfigKeys (ConfUtils.java:logGet(46)) - raft.server.rpc.sleep.time = 25ms (default)
2024-03-26 11:21:51,016 [7b630919-9d6b-42e9-b08a-8409ae097dea-groupManagement] INFO  server.RaftServerConfigKeys (ConfUtils.java:logGet(46)) - raft.server.rpc.slowness.timeout = 300s (custom)
2024-03-26 11:21:51,016 [7b630919-9d6b-42e9-b08a-8409ae097dea-groupManagement] INFO  server.RaftServerConfigKeys (ConfUtils.java:logGet(46)) - raft.server.leaderelection.leader.step-down.wait-time = 10s (default)
2024-03-26 11:21:51,016 [7b630919-9d6b-42e9-b08a-8409ae097dea-groupManagement] INFO  server.RaftServerConfigKeys (ConfUtils.java:logGet(46)) - raft.server.leaderelection.member.majority-add = false (default)
2024-03-26 11:21:51,016 [7b630919-9d6b-42e9-b08a-8409ae097dea-groupManagement] INFO  server.RaftServerConfigKeys (ConfUtils.java:logGet(46)) - raft.server.sleep.deviation.threshold = 300ms (default)
2024-03-26 11:21:51,016 [7b630919-9d6b-42e9-b08a-8409ae097dea-groupManagement] INFO  server.RaftServer$Division (ServerState.java:<init>(113)) - 7b630919-9d6b-42e9-b08a-8409ae097dea@group-821EE5CB8EAC: ConfigurationManager, init=-1: peers:[7b630919-9d6b-42e9-b08a-8409ae097dea|10.1.0.22:15034]|listeners:[], old=null, confs=<EMPTY_MAP>
2024-03-26 11:21:51,016 [7b630919-9d6b-42e9-b08a-8409ae097dea-groupManagement] INFO  server.RaftServerConfigKeys (ConfUtils.java:logGet(46)) - raft.server.notification.no-leader.timeout = 300s (custom)
2024-03-26 11:21:51,016 [7b630919-9d6b-42e9-b08a-8409ae097dea-groupManagement] INFO  server.RaftServerConfigKeys (ConfUtils.java:logGet(46)) - raft.server.read.timeout = 10s (default)
2024-03-26 11:21:51,016 [7b630919-9d6b-42e9-b08a-8409ae097dea-groupManagement] INFO  server.RaftServerConfigKeys (ConfUtils.java:logGet(46)) - raft.server.retrycache.expirytime = 600000ms (custom)
2024-03-26 11:21:51,016 [7b630919-9d6b-42e9-b08a-8409ae097dea-groupManagement] INFO  server.RaftServerConfigKeys (ConfUtils.java:logGet(46)) - raft.server.retrycache.statistics.expirytime = 100ms (default)
2024-03-26 11:21:51,016 [7b630919-9d6b-42e9-b08a-8409ae097dea-groupManagement] INFO  server.RaftServerConfigKeys (ConfUtils.java:logGet(46)) - raft.server.read.option = DEFAULT (default)
2024-03-26 11:21:51,017 [7b630919-9d6b-42e9-b08a-8409ae097dea-groupManagement] INFO  server.RaftServerConfigKeys (ConfUtils.java:logGet(46)) - raft.server.read.read-after-write-consistent.write-index-cache.expiry-time = 60s (default)
2024-03-26 11:21:51,018 [7b630919-9d6b-42e9-b08a-8409ae097dea-groupManagement] INFO  server.RaftServerConfigKeys (ConfUtils.java:logGet(46)) - raft.server.rpc.request.timeout = 60s (custom)
2024-03-26 11:21:51,018 [7b630919-9d6b-42e9-b08a-8409ae097dea-groupManagement] INFO  server.RaftServerConfigKeys (ConfUtils.java:logGet(46)) - raft.server.log.appender.install.snapshot.enabled = false (custom)
2024-03-26 11:21:51,019 [7b630919-9d6b-42e9-b08a-8409ae097dea-groupManagement] INFO  server.RaftServerConfigKeys (ConfUtils.java:logGet(46)) - raft.server.threadpool.server.cached = true (default)
2024-03-26 11:21:51,019 [7b630919-9d6b-42e9-b08a-8409ae097dea-groupManagement] INFO  server.RaftServerConfigKeys (ConfUtils.java:logGet(46)) - raft.server.threadpool.server.size = 0 (default)
2024-03-26 11:21:51,019 [7b630919-9d6b-42e9-b08a-8409ae097dea-groupManagement] INFO  server.RaftServerConfigKeys (ConfUtils.java:logGet(46)) - raft.server.threadpool.client.cached = true (default)
2024-03-26 11:21:51,019 [7b630919-9d6b-42e9-b08a-8409ae097dea-groupManagement] INFO  server.RaftServerConfigKeys (ConfUtils.java:logGet(46)) - raft.server.threadpool.client.size = 0 (default)
2024-03-26 11:21:51,019 [7b630919-9d6b-42e9-b08a-8409ae097dea-groupManagement] INFO  server.RaftServerConfigKeys (ConfUtils.java:logGet(46)) - raft.server.storage.free-space.min = 0MB (=0) (default)
2024-03-26 11:21:51,019 [7b630919-9d6b-42e9-b08a-8409ae097dea-groupManagement] INFO  server.RaftServerConfigKeys (ConfUtils.java:logGet(46)) - raft.server.log.corruption.policy = EXCEPTION (default)
2024-03-26 11:21:51,019 [7b630919-9d6b-42e9-b08a-8409ae097dea-groupManagement] INFO  server.RaftServerConfigKeys (ConfUtils.java:logGet(46)) - raft.server.storage.dir = [/home/runner/work/ozone/ozone/hadoop-ozone/integration-test/target/test-dir/MiniOzoneClusterImpl-b6d037e4-5d8b-4372-b4a2-3c33797d8bad/ozone-meta/datanode-3/ratis] (custom)
2024-03-26 11:21:51,019 [7b630919-9d6b-42e9-b08a-8409ae097dea-groupManagement] INFO  storage.RaftStorageDirectory (RaftStorageDirectoryImpl.java:analyzeStorage(138)) - The storage directory /home/runner/work/ozone/ozone/hadoop-ozone/integration-test/target/test-dir/MiniOzoneClusterImpl-b6d037e4-5d8b-4372-b4a2-3c33797d8bad/ozone-meta/datanode-3/ratis/28b3597b-35fc-4c8f-b05e-821ee5cb8eac does not exist. Creating ...
2024-03-26 11:21:51,023 [7b630919-9d6b-42e9-b08a-8409ae097dea-groupManagement] INFO  storage.RaftStorageDirectory (RaftStorageDirectoryImpl.java:tryLock(228)) - Lock on /home/runner/work/ozone/ozone/hadoop-ozone/integration-test/target/test-dir/MiniOzoneClusterImpl-b6d037e4-5d8b-4372-b4a2-3c33797d8bad/ozone-meta/datanode-3/ratis/28b3597b-35fc-4c8f-b05e-821ee5cb8eac/in_use.lock acquired by nodename 19005@fv-az1147-978
2024-03-26 11:21:51,024 [7b630919-9d6b-42e9-b08a-8409ae097dea-groupManagement] INFO  storage.RaftStorage (RaftStorageImpl.java:format(99)) - Storage directory /home/runner/work/ozone/ozone/hadoop-ozone/integration-test/target/test-dir/MiniOzoneClusterImpl-b6d037e4-5d8b-4372-b4a2-3c33797d8bad/ozone-meta/datanode-3/ratis/28b3597b-35fc-4c8f-b05e-821ee5cb8eac has been successfully formatted.
2024-03-26 11:21:51,024 [7b630919-9d6b-42e9-b08a-8409ae097dea-groupManagement] WARN  util.FileUtils (LogUtils.java:supplyAndLog(63)) - Failed to Files.newInputStream /home/runner/work/ozone/ozone/hadoop-ozone/integration-test/target/test-dir/MiniOzoneClusterImpl-b6d037e4-5d8b-4372-b4a2-3c33797d8bad/ozone-meta/datanode-3/ratis/28b3597b-35fc-4c8f-b05e-821ee5cb8eac/current/raft-meta.conf with options []: java.nio.file.NoSuchFileException: /home/runner/work/ozone/ozone/hadoop-ozone/integration-test/target/test-dir/MiniOzoneClusterImpl-b6d037e4-5d8b-4372-b4a2-3c33797d8bad/ozone-meta/datanode-3/ratis/28b3597b-35fc-4c8f-b05e-821ee5cb8eac/current/raft-meta.conf
2024-03-26 11:21:51,024 [7b630919-9d6b-42e9-b08a-8409ae097dea-groupManagement] INFO  ratis.ContainerStateMachine (ContainerStateMachine.java:loadSnapshot(287)) - group-821EE5CB8EAC: The snapshot info is null. Setting the last applied index to:(t:0, i:~)
2024-03-26 11:21:51,024 [7b630919-9d6b-42e9-b08a-8409ae097dea-groupManagement] INFO  server.RaftServerConfigKeys (ConfUtils.java:logGet(46)) - raft.server.log.use.memory = false (default)
2024-03-26 11:21:51,025 [7b630919-9d6b-42e9-b08a-8409ae097dea-groupManagement] INFO  server.RaftServerConfigKeys (ConfUtils.java:logGet(46)) - raft.server.log.purge.gap = 1000000 (custom)
2024-03-26 11:21:51,025 [7b630919-9d6b-42e9-b08a-8409ae097dea-groupManagement] INFO  server.RaftServerConfigKeys (ConfUtils.java:logGet(46)) - raft.server.log.appender.buffer.byte-limit = 8388608 (custom)
2024-03-26 11:21:51,025 [7b630919-9d6b-42e9-b08a-8409ae097dea-groupManagement] INFO  server.RaftServerConfigKeys (ConfUtils.java:logGet(46)) - raft.server.log.statemachine.data.read.timeout = 1000ms (default)
2024-03-26 11:21:51,025 [7b630919-9d6b-42e9-b08a-8409ae097dea-groupManagement] INFO  server.RaftServerConfigKeys (ConfUtils.java:logGet(46)) - raft.server.log.purge.preservation.log.num = 0 (default)
2024-03-26 11:21:51,025 [IPC Server handler 25 on default port 15009] INFO  node.SCMNodeManager (SCMNodeManager.java:updateDatanodeOpState(582)) - Scheduling a command to update the operationalState persisted on 7b630919-9d6b-42e9-b08a-8409ae097dea(fv-az1147-978/10.1.0.22) as the reported value (IN_SERVICE, 0) does not match the value stored in SCM (ENTERING_MAINTENANCE, 0)
2024-03-26 11:21:51,026 [EventQueue-PipelineReportForPipelineReportHandler] INFO  pipeline.PipelineReportHandler (PipelineReportHandler.java:processPipelineReport(136)) - Opened pipeline PipelineID=28b3597b-35fc-4c8f-b05e-821ee5cb8eac
2024-03-26 11:21:51,026 [Recon-EventQueue-PipelineReportForReconPipelineReportHandler] INFO  scm.ReconPipelineReportHandler (ReconPipelineReportHandler.java:processPipelineReport(68)) - Unknown pipeline PipelineID=28b3597b-35fc-4c8f-b05e-821ee5cb8eac. Trying to get from SCM.
2024-03-26 11:21:51,026 [ReplicationMonitor] INFO  replication.ReplicationManager (ReplicationManager.java:processAll(399)) - Replication Monitor Thread took 0 milliseconds for processing 1 containers.
2024-03-26 11:21:51,026 [7b630919-9d6b-42e9-b08a-8409ae097dea-groupManagement] INFO  server.RaftServerConfigKeys (ConfUtils.java:logGet(46)) - raft.server.log.segment.size.max = 67108864 (custom)
2024-03-26 11:21:51,027 [7b630919-9d6b-42e9-b08a-8409ae097dea-groupManagement] INFO  server.RaftServerConfigKeys (ConfUtils.java:logGet(46)) - raft.server.log.segment.cache.num.max = 2 (custom)
2024-03-26 11:21:51,028 [7b630919-9d6b-42e9-b08a-8409ae097dea-groupManagement] INFO  server.RaftServerConfigKeys (ConfUtils.java:logGet(46)) - raft.server.log.segment.cache.size.max = 200MB (=209715200) (default)
2024-03-26 11:21:51,028 [7b630919-9d6b-42e9-b08a-8409ae097dea-groupManagement] INFO  server.RaftServerConfigKeys (ConfUtils.java:logGet(46)) - raft.server.log.appender.buffer.byte-limit = 8388608 (custom)
2024-03-26 11:21:51,027 [Recon-EventQueue-PipelineReportForReconPipelineReportHandler] INFO  scm.ReconPipelineReportHandler (ReconPipelineReportHandler.java:processPipelineReport(86)) - Adding new pipeline Pipeline[ Id: 28b3597b-35fc-4c8f-b05e-821ee5cb8eac, Nodes: 7b630919-9d6b-42e9-b08a-8409ae097dea(fv-az1147-978/10.1.0.22), ReplicationConfig: RATIS/ONE, State:OPEN, leaderId:7b630919-9d6b-42e9-b08a-8409ae097dea, CreationTimestamp2024-03-26T11:21:50.075Z[Etc/UTC]] to Recon pipeline metadata.
2024-03-26 11:21:51,028 [7b630919-9d6b-42e9-b08a-8409ae097dea-groupManagement] INFO  util.AwaitToRun (AwaitToRun.java:start(81)) - Thread[7b630919-9d6b-42e9-b08a-8409ae097dea@group-821EE5CB8EAC-cacheEviction-AwaitToRun,5,main] started
2024-03-26 11:21:51,028 [7b630919-9d6b-42e9-b08a-8409ae097dea-groupManagement] INFO  segmented.SegmentedRaftLogWorker (SegmentedRaftLogWorker.java:<init>(182)) - new 7b630919-9d6b-42e9-b08a-8409ae097dea@group-821EE5CB8EAC-SegmentedRaftLogWorker for RaftStorageImpl:Storage Directory /home/runner/work/ozone/ozone/hadoop-ozone/integration-test/target/test-dir/MiniOzoneClusterImpl-b6d037e4-5d8b-4372-b4a2-3c33797d8bad/ozone-meta/datanode-3/ratis/28b3597b-35fc-4c8f-b05e-821ee5cb8eac
2024-03-26 11:21:51,028 [7b630919-9d6b-42e9-b08a-8409ae097dea-groupManagement] INFO  server.RaftServerConfigKeys (ConfUtils.java:logGet(46)) - raft.server.log.queue.byte-limit = 4294967296 (custom)
2024-03-26 11:21:51,028 [7b630919-9d6b-42e9-b08a-8409ae097dea-groupManagement] INFO  server.RaftServerConfigKeys (ConfUtils.java:logGet(46)) - raft.server.log.queue.element-limit = 1024 (custom)
2024-03-26 11:21:51,028 [7b630919-9d6b-42e9-b08a-8409ae097dea-groupManagement] INFO  server.RaftServerConfigKeys (ConfUtils.java:logGet(46)) - raft.server.log.segment.size.max = 67108864 (custom)
2024-03-26 11:21:51,028 [7b630919-9d6b-42e9-b08a-8409ae097dea-groupManagement] INFO  server.RaftServerConfigKeys (ConfUtils.java:logGet(46)) - raft.server.log.preallocated.size = 4194304 (custom)
2024-03-26 11:21:51,028 [7b630919-9d6b-42e9-b08a-8409ae097dea-groupManagement] INFO  server.RaftServerConfigKeys (ConfUtils.java:logGet(46)) - raft.server.log.force.sync.num = 128 (default)
2024-03-26 11:21:51,028 [7b630919-9d6b-42e9-b08a-8409ae097dea-groupManagement] INFO  server.RaftServerConfigKeys (ConfUtils.java:logGet(46)) - raft.server.log.statemachine.data.sync = true (default)
2024-03-26 11:21:51,029 [7b630919-9d6b-42e9-b08a-8409ae097dea-groupManagement] INFO  server.RaftServerConfigKeys (ConfUtils.java:logGet(46)) - raft.server.log.statemachine.data.sync.timeout = 10s (default)
2024-03-26 11:21:51,029 [7b630919-9d6b-42e9-b08a-8409ae097dea-groupManagement] INFO  server.RaftServerConfigKeys (ConfUtils.java:logGet(46)) - raft.server.log.statemachine.data.sync.timeout.retry = 0 (custom)
2024-03-26 11:21:51,029 [7b630919-9d6b-42e9-b08a-8409ae097dea-groupManagement] INFO  server.RaftServerConfigKeys (ConfUtils.java:logGet(46)) - raft.server.log.write.buffer.size = 8388616 (custom)
2024-03-26 11:21:51,030 [7b630919-9d6b-42e9-b08a-8409ae097dea-groupManagement] INFO  server.RaftServerConfigKeys (ConfUtils.java:logGet(46)) - raft.server.log.appender.buffer.byte-limit = 8388608 (custom)
2024-03-26 11:21:51,030 [7b630919-9d6b-42e9-b08a-8409ae097dea-groupManagement] INFO  server.RaftServerConfigKeys (ConfUtils.java:logGet(46)) - raft.server.log.unsafe-flush.enabled = false (default)
2024-03-26 11:21:51,031 [7b630919-9d6b-42e9-b08a-8409ae097dea-groupManagement] INFO  server.RaftServerConfigKeys (ConfUtils.java:logGet(46)) - raft.server.log.async-flush.enabled = false (default)
2024-03-26 11:21:51,031 [7b630919-9d6b-42e9-b08a-8409ae097dea-groupManagement] INFO  server.RaftServerConfigKeys (ConfUtils.java:logGet(46)) - raft.server.log.statemachine.data.caching.enabled = true (custom)
2024-03-26 11:21:51,031 [7b630919-9d6b-42e9-b08a-8409ae097dea-groupManagement] INFO  segmented.SegmentedRaftLogWorker (SegmentedRaftLogWorker.java:lambda$new$0(134)) - 7b630919-9d6b-42e9-b08a-8409ae097dea@group-821EE5CB8EAC-SegmentedRaftLogWorker: flushIndex: setUnconditionally 0 -> -1
2024-03-26 11:21:51,031 [7b630919-9d6b-42e9-b08a-8409ae097dea-groupManagement] INFO  segmented.SegmentedRaftLogWorker (SegmentedRaftLogWorker.java:lambda$new$0(134)) - 7b630919-9d6b-42e9-b08a-8409ae097dea@group-821EE5CB8EAC-SegmentedRaftLogWorker: safeCacheEvictIndex: setUnconditionally 0 -> -1
2024-03-26 11:21:51,031 [7b630919-9d6b-42e9-b08a-8409ae097dea-groupManagement] INFO  server.RaftServer$Division (RaftServerImpl.java:start(396)) - 7b630919-9d6b-42e9-b08a-8409ae097dea@group-821EE5CB8EAC: start as a follower, conf=-1: peers:[7b630919-9d6b-42e9-b08a-8409ae097dea|10.1.0.22:15034]|listeners:[], old=null
2024-03-26 11:21:51,031 [7b630919-9d6b-42e9-b08a-8409ae097dea-groupManagement] INFO  server.RaftServer$Division (RaftServerImpl.java:setRole(383)) - 7b630919-9d6b-42e9-b08a-8409ae097dea@group-821EE5CB8EAC: changes role from      null to FOLLOWER at term 0 for startAsFollower
2024-03-26 11:21:51,031 [7b630919-9d6b-42e9-b08a-8409ae097dea-groupManagement] INFO  impl.RoleInfo (RoleInfo.java:updateAndGet(139)) - 7b630919-9d6b-42e9-b08a-8409ae097dea: start 7b630919-9d6b-42e9-b08a-8409ae097dea@group-821EE5CB8EAC-FollowerState
2024-03-26 11:21:51,034 [7b630919-9d6b-42e9-b08a-8409ae097dea@group-821EE5CB8EAC-FollowerState] INFO  server.RaftServerConfigKeys (ConfUtils.java:logFallback(53)) - raft.server.rpc.first-election.timeout.min = 5s (fallback to raft.server.rpc.timeout.min)
2024-03-26 11:21:51,034 [7b630919-9d6b-42e9-b08a-8409ae097dea-groupManagement] INFO  util.JmxRegister (JmxRegister.java:tryRegister(44)) - Successfully registered JMX Bean with object name Ratis:service=RaftServer,group=group-821EE5CB8EAC,id=7b630919-9d6b-42e9-b08a-8409ae097dea
2024-03-26 11:21:51,034 [7b630919-9d6b-42e9-b08a-8409ae097dea-groupManagement] INFO  server.RaftServerConfigKeys (ConfUtils.java:logGet(46)) - raft.server.snapshot.trigger-when-stop.enabled = true (default)
2024-03-26 11:21:51,034 [7b630919-9d6b-42e9-b08a-8409ae097dea-groupManagement] INFO  server.RaftServerConfigKeys (ConfUtils.java:logGet(46)) - raft.server.snapshot.auto.trigger.enabled = true (custom)
2024-03-26 11:21:51,034 [7b630919-9d6b-42e9-b08a-8409ae097dea-groupManagement] INFO  server.RaftServerConfigKeys (ConfUtils.java:logGet(46)) - raft.server.snapshot.auto.trigger.threshold = 10000 (custom)
2024-03-26 11:21:51,034 [7b630919-9d6b-42e9-b08a-8409ae097dea-groupManagement] INFO  server.RaftServerConfigKeys (ConfUtils.java:logGet(46)) - raft.server.snapshot.retention.file.num = 5 (custom)
2024-03-26 11:21:51,035 [7b630919-9d6b-42e9-b08a-8409ae097dea-groupManagement] INFO  server.RaftServerConfigKeys (ConfUtils.java:logGet(46)) - raft.server.log.purge.upto.snapshot.index = false (default)
2024-03-26 11:21:51,034 [7b630919-9d6b-42e9-b08a-8409ae097dea@group-821EE5CB8EAC-FollowerState] INFO  server.RaftServerConfigKeys (ConfUtils.java:logFallback(53)) - raft.server.rpc.first-election.timeout.max = 5200ms (fallback to raft.server.rpc.timeout.max)
2024-03-26 11:21:51,035 [7b630919-9d6b-42e9-b08a-8409ae097dea-PipelineCommandHandlerThread-0] INFO  ratis.XceiverServerRatis (XceiverServerRatis.java:addGroup(864)) - Created group PipelineID=28b3597b-35fc-4c8f-b05e-821ee5cb8eac
2024-03-26 11:21:51,035 [7b630919-9d6b-42e9-b08a-8409ae097dea-PipelineCommandHandlerThread-0] INFO  commandhandler.CreatePipelineCommandHandler (CreatePipelineCommandHandler.java:lambda$handle$2(124)) - Created Pipeline RATIS ONE PipelineID=28b3597b-35fc-4c8f-b05e-821ee5cb8eac.
2024-03-26 11:21:51,073 [DatanodeAdminManager-0] INFO  node.DatanodeAdminMonitorImpl (DatanodeAdminMonitorImpl.java:checkPipelinesClosedOnNode(398)) - Waiting for pipelines to close for org.apache.hadoop.hdds.scm.node.DatanodeAdminMonitorImpl$TrackedNode@a1f89b55. There are 2 pipelines
2024-03-26 11:21:51,073 [EventQueue-StartAdminOnNodeForStartDatanodeAdminHandler] INFO  node.StartDatanodeAdminHandler (StartDatanodeAdminHandler.java:onMessage(55)) - Admin start on datanode 9bdc6c20-c7c2-4cc7-a4be-d4fe59586f4c(fv-az1147-978/10.1.0.22). Finalizing its pipelines [PipelineID=4f981e64-2e14-4143-94bf-df38cacb1c31, PipelineID=985eba48-2fc1-4325-9bee-5fb18d2ab4db]
2024-03-26 11:21:51,073 [DatanodeAdminManager-0] INFO  node.DatanodeAdminMonitorImpl (DatanodeAdminMonitorImpl.java:run(240)) - There are 1 nodes tracked for decommission and maintenance.  0 pending nodes.
2024-03-26 11:21:51,073 [EventQueue-StartAdminOnNodeForStartDatanodeAdminHandler] INFO  pipeline.PipelineManagerImpl (PipelineManagerImpl.java:closePipeline(518)) - Pipeline PipelineID=4f981e64-2e14-4143-94bf-df38cacb1c31 moved to CLOSED state
2024-03-26 11:21:51,074 [EventQueue-StartAdminOnNodeForStartDatanodeAdminHandler] INFO  pipeline.PipelineManagerImpl (PipelineManagerImpl.java:closePipeline(518)) - Pipeline PipelineID=985eba48-2fc1-4325-9bee-5fb18d2ab4db moved to CLOSED state
2024-03-26 11:21:51,328 [Recon-SyncOM-1] INFO  impl.OzoneManagerServiceProviderImpl (OzoneManagerServiceProviderImpl.java:syncDataFromOM(501)) - Syncing data from Ozone Manager.
2024-03-26 11:21:51,328 [Recon-SyncOM-1] INFO  impl.OzoneManagerServiceProviderImpl (OzoneManagerServiceProviderImpl.java:syncDataFromOM(511)) - Obtaining delta updates from Ozone Manager
2024-03-26 11:21:51,328 [Recon-SyncOM-1] INFO  impl.OzoneManagerServiceProviderImpl (OzoneManagerServiceProviderImpl.java:getAndApplyDeltaUpdatesFromOM(418)) - OriginalFromSequenceNumber : 15 
2024-03-26 11:21:51,330 [Recon-SyncOM-1] INFO  impl.OzoneManagerServiceProviderImpl (OzoneManagerServiceProviderImpl.java:innerGetAndApplyDeltaUpdatesFromOM(485)) - Number of updates received from OM : 0, SequenceNumber diff: 0, SequenceNumber Lag from OM 0, isDBUpdateSuccess: true
2024-03-26 11:21:51,330 [Recon-SyncOM-1] INFO  impl.OzoneManagerServiceProviderImpl (OzoneManagerServiceProviderImpl.java:getAndApplyDeltaUpdatesFromOM(438)) - Delta updates received from OM : 1 loops, 0 records
2024-03-26 11:21:51,337 [ContainerHealthTask] INFO  fsck.ContainerHealthTask (ContainerHealthTask.java:triggerContainerHealthCheck(140)) - Container Health task thread took 0 milliseconds to process 0 existing database records.
2024-03-26 11:21:51,339 [ContainerHealthTask] INFO  fsck.ContainerHealthTask (ContainerHealthTask.java:checkAndProcessContainers(166)) - Container Health task thread took 2 milliseconds for processing 1 containers.
2024-03-26 11:21:51,339 [ContainerHealthTask] INFO  fsck.ContainerHealthTask (ContainerHealthTask.java:lambda$logUnhealthyContainerStats$3(204)) - UNDER_REPLICATED **Container State Stats:** 
	
2024-03-26 11:21:51,339 [ContainerHealthTask] INFO  fsck.ContainerHealthTask (ContainerHealthTask.java:lambda$logUnhealthyContainerStats$3(204)) - NEGATIVE_SIZE **Container State Stats:** 
	
2024-03-26 11:21:51,339 [ContainerHealthTask] INFO  fsck.ContainerHealthTask (ContainerHealthTask.java:lambda$logUnhealthyContainerStats$3(204)) - OVER_REPLICATED **Container State Stats:** 
	
2024-03-26 11:21:51,339 [ContainerHealthTask] INFO  fsck.ContainerHealthTask (ContainerHealthTask.java:lambda$logUnhealthyContainerStats$3(204)) - EMPTY_MISSING **Container State Stats:** 
	
2024-03-26 11:21:51,339 [ContainerHealthTask] INFO  fsck.ContainerHealthTask (ContainerHealthTask.java:lambda$logUnhealthyContainerStats$3(204)) - MIS_REPLICATED **Container State Stats:** 
	
2024-03-26 11:21:51,339 [ContainerHealthTask] INFO  fsck.ContainerHealthTask (ContainerHealthTask.java:lambda$logUnhealthyContainerStats$3(204)) - MISSING **Container State Stats:** 
	
2024-03-26 11:21:51,339 [ContainerHealthTask] INFO  fsck.ContainerHealthTask (ContainerHealthTask.java:checkAndProcessContainers(179)) - Container Health task thread took 1 iterations to fetch all containers using batched approach with batch size of 1000
2024-03-26 11:21:51,397 [Recon-FixedThreadPoolWithAffinityExecutor-0-0] WARN  events.FixedThreadPoolWithAffinityExecutor (FixedThreadPoolWithAffinityExecutor.java:run(276)) - Event remained in queue for long time 2 millisec, 20ed7fe7-4274-4f1a-9498-93c5abf09f1c(fv-az1147-978/10.1.0.22), {type: FCR, size: 0}
2024-03-26 11:21:51,397 [Recon-FixedThreadPoolWithAffinityExecutor-0-0] WARN  events.FixedThreadPoolWithAffinityExecutor (FixedThreadPoolWithAffinityExecutor.java:run(289)) - Event taken long execution time 2 millisec, 20ed7fe7-4274-4f1a-9498-93c5abf09f1c(fv-az1147-978/10.1.0.22), {type: FCR, size: 0}
2024-03-26 11:21:51,897 [12adf753-b9bf-4e27-afc1-d809141df6d3-PipelineCommandHandlerThread-0] INFO  server.RaftServer (RaftServerProxy.java:addNew(100)) - 12adf753-b9bf-4e27-afc1-d809141df6d3: addNew group-4569DBE8FADF:[12adf753-b9bf-4e27-afc1-d809141df6d3|10.1.0.22:15025] returns group-4569DBE8FADF:java.util.concurrent.CompletableFuture@55758b3d[Not completed]
2024-03-26 11:21:51,898 [IPC Server handler 10 on default port 15009] INFO  node.SCMNodeManager (SCMNodeManager.java:updateDatanodeOpState(582)) - Scheduling a command to update the operationalState persisted on 12adf753-b9bf-4e27-afc1-d809141df6d3(fv-az1147-978/10.1.0.22) as the reported value (IN_SERVICE, 0) does not match the value stored in SCM (IN_MAINTENANCE, 0)
2024-03-26 11:21:51,898 [12adf753-b9bf-4e27-afc1-d809141df6d3-CommandProcessorThread] INFO  replication.ReplicationSupervisor (ReplicationSupervisor.java:nodeStateUpdated(312)) - Node state updated to IN_SERVICE, scaling executor pool size to 10
2024-03-26 11:21:51,899 [12adf753-b9bf-4e27-afc1-d809141df6d3-groupManagement] INFO  server.RaftServer$Division (RaftServerImpl.java:<init>(256)) - 12adf753-b9bf-4e27-afc1-d809141df6d3: new RaftServerImpl for group-4569DBE8FADF:[12adf753-b9bf-4e27-afc1-d809141df6d3|10.1.0.22:15025] with ContainerStateMachine:uninitialized
2024-03-26 11:21:51,899 [12adf753-b9bf-4e27-afc1-d809141df6d3-groupManagement] INFO  server.RaftServerConfigKeys (ConfUtils.java:logGet(46)) - raft.server.rpc.timeout.min = 5s (custom)
2024-03-26 11:21:51,899 [12adf753-b9bf-4e27-afc1-d809141df6d3-groupManagement] INFO  server.RaftServerConfigKeys (ConfUtils.java:logGet(46)) - raft.server.rpc.timeout.max = 5200ms (custom)
2024-03-26 11:21:51,899 [12adf753-b9bf-4e27-afc1-d809141df6d3-groupManagement] INFO  server.RaftServerConfigKeys (ConfUtils.java:logGet(46)) - raft.server.rpc.sleep.time = 25ms (default)
2024-03-26 11:21:51,900 [12adf753-b9bf-4e27-afc1-d809141df6d3-groupManagement] INFO  server.RaftServerConfigKeys (ConfUtils.java:logGet(46)) - raft.server.rpc.slowness.timeout = 300s (custom)
2024-03-26 11:21:51,900 [12adf753-b9bf-4e27-afc1-d809141df6d3-groupManagement] INFO  server.RaftServerConfigKeys (ConfUtils.java:logGet(46)) - raft.server.leaderelection.leader.step-down.wait-time = 10s (default)
2024-03-26 11:21:51,900 [12adf753-b9bf-4e27-afc1-d809141df6d3-groupManagement] INFO  server.RaftServerConfigKeys (ConfUtils.java:logGet(46)) - raft.server.leaderelection.member.majority-add = false (default)
2024-03-26 11:21:51,900 [12adf753-b9bf-4e27-afc1-d809141df6d3-groupManagement] INFO  server.RaftServerConfigKeys (ConfUtils.java:logGet(46)) - raft.server.sleep.deviation.threshold = 300ms (default)
2024-03-26 11:21:51,900 [12adf753-b9bf-4e27-afc1-d809141df6d3-groupManagement] INFO  server.RaftServer$Division (ServerState.java:<init>(113)) - 12adf753-b9bf-4e27-afc1-d809141df6d3@group-4569DBE8FADF: ConfigurationManager, init=-1: peers:[12adf753-b9bf-4e27-afc1-d809141df6d3|10.1.0.22:15025]|listeners:[], old=null, confs=<EMPTY_MAP>
2024-03-26 11:21:51,900 [12adf753-b9bf-4e27-afc1-d809141df6d3-groupManagement] INFO  server.RaftServerConfigKeys (ConfUtils.java:logGet(46)) - raft.server.notification.no-leader.timeout = 300s (custom)
2024-03-26 11:21:51,900 [12adf753-b9bf-4e27-afc1-d809141df6d3-groupManagement] INFO  server.RaftServerConfigKeys (ConfUtils.java:logGet(46)) - raft.server.read.timeout = 10s (default)
2024-03-26 11:21:51,900 [12adf753-b9bf-4e27-afc1-d809141df6d3-groupManagement] INFO  server.RaftServerConfigKeys (ConfUtils.java:logGet(46)) - raft.server.retrycache.expirytime = 600000ms (custom)
2024-03-26 11:21:51,900 [12adf753-b9bf-4e27-afc1-d809141df6d3-groupManagement] INFO  server.RaftServerConfigKeys (ConfUtils.java:logGet(46)) - raft.server.retrycache.statistics.expirytime = 100ms (default)
2024-03-26 11:21:51,900 [12adf753-b9bf-4e27-afc1-d809141df6d3-groupManagement] INFO  server.RaftServerConfigKeys (ConfUtils.java:logGet(46)) - raft.server.read.option = DEFAULT (default)
2024-03-26 11:21:51,900 [12adf753-b9bf-4e27-afc1-d809141df6d3-groupManagement] INFO  server.RaftServerConfigKeys (ConfUtils.java:logGet(46)) - raft.server.read.read-after-write-consistent.write-index-cache.expiry-time = 60s (default)
2024-03-26 11:21:51,903 [12adf753-b9bf-4e27-afc1-d809141df6d3-groupManagement] INFO  server.RaftServerConfigKeys (ConfUtils.java:logGet(46)) - raft.server.rpc.request.timeout = 60s (custom)
2024-03-26 11:21:51,903 [12adf753-b9bf-4e27-afc1-d809141df6d3-groupManagement] INFO  server.RaftServerConfigKeys (ConfUtils.java:logGet(46)) - raft.server.log.appender.install.snapshot.enabled = false (custom)
2024-03-26 11:21:51,904 [12adf753-b9bf-4e27-afc1-d809141df6d3-groupManagement] INFO  server.RaftServerConfigKeys (ConfUtils.java:logGet(46)) - raft.server.threadpool.server.cached = true (default)
2024-03-26 11:21:51,904 [12adf753-b9bf-4e27-afc1-d809141df6d3-groupManagement] INFO  server.RaftServerConfigKeys (ConfUtils.java:logGet(46)) - raft.server.threadpool.server.size = 0 (default)
2024-03-26 11:21:51,904 [12adf753-b9bf-4e27-afc1-d809141df6d3-groupManagement] INFO  server.RaftServerConfigKeys (ConfUtils.java:logGet(46)) - raft.server.threadpool.client.cached = true (default)
2024-03-26 11:21:51,904 [12adf753-b9bf-4e27-afc1-d809141df6d3-groupManagement] INFO  server.RaftServerConfigKeys (ConfUtils.java:logGet(46)) - raft.server.threadpool.client.size = 0 (default)
2024-03-26 11:21:51,904 [12adf753-b9bf-4e27-afc1-d809141df6d3-groupManagement] INFO  server.RaftServerConfigKeys (ConfUtils.java:logGet(46)) - raft.server.storage.free-space.min = 0MB (=0) (default)
2024-03-26 11:21:51,904 [12adf753-b9bf-4e27-afc1-d809141df6d3-groupManagement] INFO  server.RaftServerConfigKeys (ConfUtils.java:logGet(46)) - raft.server.log.corruption.policy = EXCEPTION (default)
2024-03-26 11:21:51,904 [12adf753-b9bf-4e27-afc1-d809141df6d3-groupManagement] INFO  server.RaftServerConfigKeys (ConfUtils.java:logGet(46)) - raft.server.storage.dir = [/home/runner/work/ozone/ozone/hadoop-ozone/integration-test/target/test-dir/MiniOzoneClusterImpl-b6d037e4-5d8b-4372-b4a2-3c33797d8bad/ozone-meta/datanode-2/ratis] (custom)
2024-03-26 11:21:51,904 [12adf753-b9bf-4e27-afc1-d809141df6d3-groupManagement] INFO  storage.RaftStorageDirectory (RaftStorageDirectoryImpl.java:analyzeStorage(138)) - The storage directory /home/runner/work/ozone/ozone/hadoop-ozone/integration-test/target/test-dir/MiniOzoneClusterImpl-b6d037e4-5d8b-4372-b4a2-3c33797d8bad/ozone-meta/datanode-2/ratis/133a0698-bd93-415e-ab0e-4569dbe8fadf does not exist. Creating ...
2024-03-26 11:21:51,905 [FixedThreadPoolWithAffinityExecutor-8-0] WARN  events.FixedThreadPoolWithAffinityExecutor (FixedThreadPoolWithAffinityExecutor.java:run(276)) - Event remained in queue for long time 4 millisec, 12adf753-b9bf-4e27-afc1-d809141df6d3(fv-az1147-978/10.1.0.22), {type: FCR, size: 1}
2024-03-26 11:21:51,905 [FixedThreadPoolWithAffinityExecutor-8-0] WARN  events.FixedThreadPoolWithAffinityExecutor (FixedThreadPoolWithAffinityExecutor.java:run(289)) - Event taken long execution time 4 millisec, 12adf753-b9bf-4e27-afc1-d809141df6d3(fv-az1147-978/10.1.0.22), {type: FCR, size: 1}
2024-03-26 11:21:51,906 [12adf753-b9bf-4e27-afc1-d809141df6d3-groupManagement] INFO  storage.RaftStorageDirectory (RaftStorageDirectoryImpl.java:tryLock(228)) - Lock on /home/runner/work/ozone/ozone/hadoop-ozone/integration-test/target/test-dir/MiniOzoneClusterImpl-b6d037e4-5d8b-4372-b4a2-3c33797d8bad/ozone-meta/datanode-2/ratis/133a0698-bd93-415e-ab0e-4569dbe8fadf/in_use.lock acquired by nodename 19005@fv-az1147-978
2024-03-26 11:21:51,907 [12adf753-b9bf-4e27-afc1-d809141df6d3-groupManagement] INFO  storage.RaftStorage (RaftStorageImpl.java:format(99)) - Storage directory /home/runner/work/ozone/ozone/hadoop-ozone/integration-test/target/test-dir/MiniOzoneClusterImpl-b6d037e4-5d8b-4372-b4a2-3c33797d8bad/ozone-meta/datanode-2/ratis/133a0698-bd93-415e-ab0e-4569dbe8fadf has been successfully formatted.
2024-03-26 11:21:51,907 [12adf753-b9bf-4e27-afc1-d809141df6d3-groupManagement] WARN  util.FileUtils (LogUtils.java:supplyAndLog(63)) - Failed to Files.newInputStream /home/runner/work/ozone/ozone/hadoop-ozone/integration-test/target/test-dir/MiniOzoneClusterImpl-b6d037e4-5d8b-4372-b4a2-3c33797d8bad/ozone-meta/datanode-2/ratis/133a0698-bd93-415e-ab0e-4569dbe8fadf/current/raft-meta.conf with options []: java.nio.file.NoSuchFileException: /home/runner/work/ozone/ozone/hadoop-ozone/integration-test/target/test-dir/MiniOzoneClusterImpl-b6d037e4-5d8b-4372-b4a2-3c33797d8bad/ozone-meta/datanode-2/ratis/133a0698-bd93-415e-ab0e-4569dbe8fadf/current/raft-meta.conf
2024-03-26 11:21:51,907 [12adf753-b9bf-4e27-afc1-d809141df6d3-groupManagement] INFO  ratis.ContainerStateMachine (ContainerStateMachine.java:loadSnapshot(287)) - group-4569DBE8FADF: The snapshot info is null. Setting the last applied index to:(t:0, i:~)
2024-03-26 11:21:51,907 [12adf753-b9bf-4e27-afc1-d809141df6d3-groupManagement] INFO  server.RaftServerConfigKeys (ConfUtils.java:logGet(46)) - raft.server.log.use.memory = false (default)
2024-03-26 11:21:51,907 [12adf753-b9bf-4e27-afc1-d809141df6d3-groupManagement] INFO  server.RaftServerConfigKeys (ConfUtils.java:logGet(46)) - raft.server.log.purge.gap = 1000000 (custom)
2024-03-26 11:21:51,908 [12adf753-b9bf-4e27-afc1-d809141df6d3-groupManagement] INFO  server.RaftServerConfigKeys (ConfUtils.java:logGet(46)) - raft.server.log.appender.buffer.byte-limit = 8388608 (custom)
2024-03-26 11:21:51,908 [12adf753-b9bf-4e27-afc1-d809141df6d3-groupManagement] INFO  server.RaftServerConfigKeys (ConfUtils.java:logGet(46)) - raft.server.log.statemachine.data.read.timeout = 1000ms (default)
2024-03-26 11:21:51,908 [Recon-EventQueue-PipelineReportForReconPipelineReportHandler] INFO  scm.ReconPipelineReportHandler (ReconPipelineReportHandler.java:processPipelineReport(68)) - Unknown pipeline PipelineID=133a0698-bd93-415e-ab0e-4569dbe8fadf. Trying to get from SCM.
2024-03-26 11:21:51,908 [12adf753-b9bf-4e27-afc1-d809141df6d3-groupManagement] INFO  server.RaftServerConfigKeys (ConfUtils.java:logGet(46)) - raft.server.log.purge.preservation.log.num = 0 (default)
2024-03-26 11:21:51,908 [EventQueue-PipelineReportForPipelineReportHandler] INFO  pipeline.PipelineReportHandler (PipelineReportHandler.java:processPipelineReport(136)) - Opened pipeline PipelineID=133a0698-bd93-415e-ab0e-4569dbe8fadf
2024-03-26 11:21:51,909 [Recon-EventQueue-PipelineReportForReconPipelineReportHandler] INFO  scm.ReconPipelineReportHandler (ReconPipelineReportHandler.java:processPipelineReport(86)) - Adding new pipeline Pipeline[ Id: 133a0698-bd93-415e-ab0e-4569dbe8fadf, Nodes: 12adf753-b9bf-4e27-afc1-d809141df6d3(fv-az1147-978/10.1.0.22), ReplicationConfig: RATIS/ONE, State:OPEN, leaderId:12adf753-b9bf-4e27-afc1-d809141df6d3, CreationTimestamp2024-03-26T11:21:50.073Z[Etc/UTC]] to Recon pipeline metadata.
2024-03-26 11:21:51,910 [12adf753-b9bf-4e27-afc1-d809141df6d3-groupManagement] INFO  server.RaftServerConfigKeys (ConfUtils.java:logGet(46)) - raft.server.log.segment.size.max = 67108864 (custom)
2024-03-26 11:21:51,910 [12adf753-b9bf-4e27-afc1-d809141df6d3-groupManagement] INFO  server.RaftServerConfigKeys (ConfUtils.java:logGet(46)) - raft.server.log.segment.cache.num.max = 2 (custom)
2024-03-26 11:21:51,910 [12adf753-b9bf-4e27-afc1-d809141df6d3-groupManagement] INFO  server.RaftServerConfigKeys (ConfUtils.java:logGet(46)) - raft.server.log.segment.cache.size.max = 200MB (=209715200) (default)
2024-03-26 11:21:51,910 [12adf753-b9bf-4e27-afc1-d809141df6d3-groupManagement] INFO  server.RaftServerConfigKeys (ConfUtils.java:logGet(46)) - raft.server.log.appender.buffer.byte-limit = 8388608 (custom)
2024-03-26 11:21:51,910 [12adf753-b9bf-4e27-afc1-d809141df6d3-groupManagement] INFO  util.AwaitToRun (AwaitToRun.java:start(81)) - Thread[12adf753-b9bf-4e27-afc1-d809141df6d3@group-4569DBE8FADF-cacheEviction-AwaitToRun,5,main] started
2024-03-26 11:21:51,910 [12adf753-b9bf-4e27-afc1-d809141df6d3-groupManagement] INFO  segmented.SegmentedRaftLogWorker (SegmentedRaftLogWorker.java:<init>(182)) - new 12adf753-b9bf-4e27-afc1-d809141df6d3@group-4569DBE8FADF-SegmentedRaftLogWorker for RaftStorageImpl:Storage Directory /home/runner/work/ozone/ozone/hadoop-ozone/integration-test/target/test-dir/MiniOzoneClusterImpl-b6d037e4-5d8b-4372-b4a2-3c33797d8bad/ozone-meta/datanode-2/ratis/133a0698-bd93-415e-ab0e-4569dbe8fadf
2024-03-26 11:21:51,910 [12adf753-b9bf-4e27-afc1-d809141df6d3-groupManagement] INFO  server.RaftServerConfigKeys (ConfUtils.java:logGet(46)) - raft.server.log.queue.byte-limit = 4294967296 (custom)
2024-03-26 11:21:51,911 [12adf753-b9bf-4e27-afc1-d809141df6d3-groupManagement] INFO  server.RaftServerConfigKeys (ConfUtils.java:logGet(46)) - raft.server.log.queue.element-limit = 1024 (custom)
2024-03-26 11:21:51,911 [12adf753-b9bf-4e27-afc1-d809141df6d3-groupManagement] INFO  server.RaftServerConfigKeys (ConfUtils.java:logGet(46)) - raft.server.log.segment.size.max = 67108864 (custom)
2024-03-26 11:21:51,911 [12adf753-b9bf-4e27-afc1-d809141df6d3-groupManagement] INFO  server.RaftServerConfigKeys (ConfUtils.java:logGet(46)) - raft.server.log.preallocated.size = 4194304 (custom)
2024-03-26 11:21:51,911 [12adf753-b9bf-4e27-afc1-d809141df6d3-groupManagement] INFO  server.RaftServerConfigKeys (ConfUtils.java:logGet(46)) - raft.server.log.force.sync.num = 128 (default)
2024-03-26 11:21:51,911 [12adf753-b9bf-4e27-afc1-d809141df6d3-groupManagement] INFO  server.RaftServerConfigKeys (ConfUtils.java:logGet(46)) - raft.server.log.statemachine.data.sync = true (default)
2024-03-26 11:21:51,911 [12adf753-b9bf-4e27-afc1-d809141df6d3-groupManagement] INFO  server.RaftServerConfigKeys (ConfUtils.java:logGet(46)) - raft.server.log.statemachine.data.sync.timeout = 10s (default)
2024-03-26 11:21:51,911 [12adf753-b9bf-4e27-afc1-d809141df6d3-groupManagement] INFO  server.RaftServerConfigKeys (ConfUtils.java:logGet(46)) - raft.server.log.statemachine.data.sync.timeout.retry = 0 (custom)
2024-03-26 11:21:51,912 [12adf753-b9bf-4e27-afc1-d809141df6d3-groupManagement] INFO  server.RaftServerConfigKeys (ConfUtils.java:logGet(46)) - raft.server.log.write.buffer.size = 8388616 (custom)
2024-03-26 11:21:51,913 [12adf753-b9bf-4e27-afc1-d809141df6d3-groupManagement] INFO  server.RaftServerConfigKeys (ConfUtils.java:logGet(46)) - raft.server.log.appender.buffer.byte-limit = 8388608 (custom)
2024-03-26 11:21:51,913 [12adf753-b9bf-4e27-afc1-d809141df6d3-groupManagement] INFO  server.RaftServerConfigKeys (ConfUtils.java:logGet(46)) - raft.server.log.unsafe-flush.enabled = false (default)
2024-03-26 11:21:51,913 [12adf753-b9bf-4e27-afc1-d809141df6d3-groupManagement] INFO  server.RaftServerConfigKeys (ConfUtils.java:logGet(46)) - raft.server.log.async-flush.enabled = false (default)
2024-03-26 11:21:51,913 [12adf753-b9bf-4e27-afc1-d809141df6d3-groupManagement] INFO  server.RaftServerConfigKeys (ConfUtils.java:logGet(46)) - raft.server.log.statemachine.data.caching.enabled = true (custom)
2024-03-26 11:21:51,914 [12adf753-b9bf-4e27-afc1-d809141df6d3-groupManagement] INFO  segmented.SegmentedRaftLogWorker (SegmentedRaftLogWorker.java:lambda$new$0(134)) - 12adf753-b9bf-4e27-afc1-d809141df6d3@group-4569DBE8FADF-SegmentedRaftLogWorker: flushIndex: setUnconditionally 0 -> -1
2024-03-26 11:21:51,914 [12adf753-b9bf-4e27-afc1-d809141df6d3-groupManagement] INFO  segmented.SegmentedRaftLogWorker (SegmentedRaftLogWorker.java:lambda$new$0(134)) - 12adf753-b9bf-4e27-afc1-d809141df6d3@group-4569DBE8FADF-SegmentedRaftLogWorker: safeCacheEvictIndex: setUnconditionally 0 -> -1
2024-03-26 11:21:51,917 [12adf753-b9bf-4e27-afc1-d809141df6d3-groupManagement] INFO  server.RaftServer$Division (RaftServerImpl.java:start(396)) - 12adf753-b9bf-4e27-afc1-d809141df6d3@group-4569DBE8FADF: start as a follower, conf=-1: peers:[12adf753-b9bf-4e27-afc1-d809141df6d3|10.1.0.22:15025]|listeners:[], old=null
2024-03-26 11:21:51,917 [12adf753-b9bf-4e27-afc1-d809141df6d3-groupManagement] INFO  server.RaftServer$Division (RaftServerImpl.java:setRole(383)) - 12adf753-b9bf-4e27-afc1-d809141df6d3@group-4569DBE8FADF: changes role from      null to FOLLOWER at term 0 for startAsFollower
2024-03-26 11:21:51,917 [12adf753-b9bf-4e27-afc1-d809141df6d3-groupManagement] INFO  impl.RoleInfo (RoleInfo.java:updateAndGet(139)) - 12adf753-b9bf-4e27-afc1-d809141df6d3: start 12adf753-b9bf-4e27-afc1-d809141df6d3@group-4569DBE8FADF-FollowerState
2024-03-26 11:21:51,918 [12adf753-b9bf-4e27-afc1-d809141df6d3@group-4569DBE8FADF-FollowerState] INFO  server.RaftServerConfigKeys (ConfUtils.java:logFallback(53)) - raft.server.rpc.first-election.timeout.min = 5s (fallback to raft.server.rpc.timeout.min)
2024-03-26 11:21:51,918 [12adf753-b9bf-4e27-afc1-d809141df6d3@group-4569DBE8FADF-FollowerState] INFO  server.RaftServerConfigKeys (ConfUtils.java:logFallback(53)) - raft.server.rpc.first-election.timeout.max = 5200ms (fallback to raft.server.rpc.timeout.max)
2024-03-26 11:21:51,918 [12adf753-b9bf-4e27-afc1-d809141df6d3-groupManagement] INFO  util.JmxRegister (JmxRegister.java:tryRegister(44)) - Successfully registered JMX Bean with object name Ratis:service=RaftServer,group=group-4569DBE8FADF,id=12adf753-b9bf-4e27-afc1-d809141df6d3
2024-03-26 11:21:51,918 [12adf753-b9bf-4e27-afc1-d809141df6d3-groupManagement] INFO  server.RaftServerConfigKeys (ConfUtils.java:logGet(46)) - raft.server.snapshot.trigger-when-stop.enabled = true (default)
2024-03-26 11:21:51,918 [12adf753-b9bf-4e27-afc1-d809141df6d3-groupManagement] INFO  server.RaftServerConfigKeys (ConfUtils.java:logGet(46)) - raft.server.snapshot.auto.trigger.enabled = true (custom)
2024-03-26 11:21:51,919 [12adf753-b9bf-4e27-afc1-d809141df6d3-groupManagement] INFO  server.RaftServerConfigKeys (ConfUtils.java:logGet(46)) - raft.server.snapshot.auto.trigger.threshold = 10000 (custom)
2024-03-26 11:21:51,919 [12adf753-b9bf-4e27-afc1-d809141df6d3-groupManagement] INFO  server.RaftServerConfigKeys (ConfUtils.java:logGet(46)) - raft.server.snapshot.retention.file.num = 5 (custom)
2024-03-26 11:21:51,919 [12adf753-b9bf-4e27-afc1-d809141df6d3-groupManagement] INFO  server.RaftServerConfigKeys (ConfUtils.java:logGet(46)) - raft.server.log.purge.upto.snapshot.index = false (default)
2024-03-26 11:21:51,925 [12adf753-b9bf-4e27-afc1-d809141df6d3-PipelineCommandHandlerThread-0] INFO  ratis.XceiverServerRatis (XceiverServerRatis.java:addGroup(864)) - Created group PipelineID=133a0698-bd93-415e-ab0e-4569dbe8fadf
2024-03-26 11:21:51,925 [12adf753-b9bf-4e27-afc1-d809141df6d3-PipelineCommandHandlerThread-0] INFO  commandhandler.CreatePipelineCommandHandler (CreatePipelineCommandHandler.java:lambda$handle$2(124)) - Created Pipeline RATIS ONE PipelineID=133a0698-bd93-415e-ab0e-4569dbe8fadf.
2024-03-26 11:21:51,995 [IPC Server handler 6 on default port 15002] INFO  node.SCMNodeManager (SCMNodeManager.java:updateDatanodeOpState(582)) - Scheduling a command to update the operationalState persisted on 9bdc6c20-c7c2-4cc7-a4be-d4fe59586f4c(fv-az1147-978/10.1.0.22) as the reported value (IN_SERVICE, 0) does not match the value stored in SCM (DECOMMISSIONING, 0)
2024-03-26 11:21:52,027 [ReplicationMonitor] INFO  replication.ReplicationManager (ReplicationManager.java:processAll(399)) - Replication Monitor Thread took 1 milliseconds for processing 1 containers.
2024-03-26 11:21:52,058 [OverReplicatedProcessor] INFO  replication.RatisOverReplicationHandler (RatisOverReplicationHandler.java:processAndSendCommands(115)) - Container #1 is over replicated. Actual replica count is 4, with 0 pending delete(s). Expected replica count is 3.
2024-03-26 11:21:52,059 [OverReplicatedProcessor] INFO  replication.ReplicationManager (ReplicationManager.java:sendDatanodeCommand(679)) - Sending command [deleteContainerCommand: containerID: 1, replicaIndex: 0, force: true] for container ContainerInfo{id=#1, state=CLOSED, stateEnterTime=2024-03-26T11:21:36.908Z, pipelineID=PipelineID=56223d95-f897-4722-8cc2-c139f7a7e033, owner=omServiceIdDefault} to 9bdc6c20-c7c2-4cc7-a4be-d4fe59586f4c(fv-az1147-978/10.1.0.22) with datanode deadline 1711452682059 and scm deadline 1711452712059
2024-03-26 11:21:52,060 [OverReplicatedProcessor] INFO  replication.UnhealthyReplicationProcessor (UnhealthyReplicationProcessor.java:processAll(138)) - Processed 1 containers with health state counts {OVER_REPLICATED=1}, failed processing 0, deferred due to load 0
2024-03-26 11:21:52,073 [DatanodeAdminManager-0] INFO  node.DatanodeAdminMonitorImpl (DatanodeAdminMonitorImpl.java:checkPipelinesClosedOnNode(398)) - Waiting for pipelines to close for org.apache.hadoop.hdds.scm.node.DatanodeAdminMonitorImpl$TrackedNode@a1f89b55. There are 2 pipelines
2024-03-26 11:21:52,073 [DatanodeAdminManager-0] INFO  node.DatanodeAdminMonitorImpl (DatanodeAdminMonitorImpl.java:run(240)) - There are 1 nodes tracked for decommission and maintenance.  0 pending nodes.
2024-03-26 11:21:52,332 [Recon-SyncOM-1] INFO  impl.OzoneManagerServiceProviderImpl (OzoneManagerServiceProviderImpl.java:syncDataFromOM(501)) - Syncing data from Ozone Manager.
2024-03-26 11:21:52,332 [Recon-SyncOM-1] INFO  impl.OzoneManagerServiceProviderImpl (OzoneManagerServiceProviderImpl.java:syncDataFromOM(511)) - Obtaining delta updates from Ozone Manager
2024-03-26 11:21:52,332 [Recon-SyncOM-1] INFO  impl.OzoneManagerServiceProviderImpl (OzoneManagerServiceProviderImpl.java:getAndApplyDeltaUpdatesFromOM(418)) - OriginalFromSequenceNumber : 15 
2024-03-26 11:21:52,334 [Recon-SyncOM-1] INFO  impl.OzoneManagerServiceProviderImpl (OzoneManagerServiceProviderImpl.java:innerGetAndApplyDeltaUpdatesFromOM(485)) - Number of updates received from OM : 0, SequenceNumber diff: 0, SequenceNumber Lag from OM 0, isDBUpdateSuccess: true
2024-03-26 11:21:52,334 [Recon-SyncOM-1] INFO  impl.OzoneManagerServiceProviderImpl (OzoneManagerServiceProviderImpl.java:getAndApplyDeltaUpdatesFromOM(438)) - Delta updates received from OM : 1 loops, 0 records
2024-03-26 11:21:52,340 [ContainerHealthTask] INFO  fsck.ContainerHealthTask (ContainerHealthTask.java:triggerContainerHealthCheck(140)) - Container Health task thread took 0 milliseconds to process 0 existing database records.
2024-03-26 11:21:52,343 [ContainerHealthTask] INFO  fsck.ContainerHealthTask (ContainerHealthTask.java:checkAndProcessContainers(166)) - Container Health task thread took 3 milliseconds for processing 1 containers.
2024-03-26 11:21:52,343 [ContainerHealthTask] INFO  fsck.ContainerHealthTask (ContainerHealthTask.java:lambda$logUnhealthyContainerStats$3(204)) - UNDER_REPLICATED **Container State Stats:** 
	
2024-03-26 11:21:52,343 [ContainerHealthTask] INFO  fsck.ContainerHealthTask (ContainerHealthTask.java:lambda$logUnhealthyContainerStats$3(204)) - NEGATIVE_SIZE **Container State Stats:** 
	
2024-03-26 11:21:52,343 [ContainerHealthTask] INFO  fsck.ContainerHealthTask (ContainerHealthTask.java:lambda$logUnhealthyContainerStats$3(204)) - OVER_REPLICATED **Container State Stats:** 
	TOTAL_KEYS -> 1 , CONTAINER_COUNT -> 1 , TOTAL_USED_BYTES -> 7 , 
2024-03-26 11:21:52,343 [ContainerHealthTask] INFO  fsck.ContainerHealthTask (ContainerHealthTask.java:lambda$logUnhealthyContainerStats$3(204)) - EMPTY_MISSING **Container State Stats:** 
	
2024-03-26 11:21:52,343 [ContainerHealthTask] INFO  fsck.ContainerHealthTask (ContainerHealthTask.java:lambda$logUnhealthyContainerStats$3(204)) - MIS_REPLICATED **Container State Stats:** 
	
2024-03-26 11:21:52,343 [ContainerHealthTask] INFO  fsck.ContainerHealthTask (ContainerHealthTask.java:lambda$logUnhealthyContainerStats$3(204)) - MISSING **Container State Stats:** 
	
2024-03-26 11:21:52,343 [ContainerHealthTask] INFO  fsck.ContainerHealthTask (ContainerHealthTask.java:checkAndProcessContainers(179)) - Container Health task thread took 1 iterations to fetch all containers using batched approach with batch size of 1000
2024-03-26 11:21:52,993 [9bdc6c20-c7c2-4cc7-a4be-d4fe59586f4c-CommandProcessorThread] INFO  replication.ReplicationSupervisor (ReplicationSupervisor.java:nodeStateUpdated(312)) - Node state updated to DECOMMISSIONING, scaling executor pool size to 20
2024-03-26 11:21:52,994 [IPC Server handler 18 on default port 15002] INFO  node.SCMNodeManager (SCMNodeManager.java:updateDatanodeOpState(582)) - Scheduling a command to update the operationalState persisted on 9bdc6c20-c7c2-4cc7-a4be-d4fe59586f4c(fv-az1147-978/10.1.0.22) as the reported value (IN_SERVICE, 0) does not match the value stored in SCM (DECOMMISSIONING, 0)
2024-03-26 11:21:53,000 [9bdc6c20-c7c2-4cc7-a4be-d4fe59586f4c-DeleteContainerThread-0] INFO  keyvalue.KeyValueContainer (KeyValueContainer.java:markContainerForDelete(424)) - Moving container /home/runner/work/ozone/ozone/hadoop-ozone/integration-test/target/test-dir/MiniOzoneClusterImpl-b6d037e4-5d8b-4372-b4a2-3c33797d8bad/ozone-meta/datanode-4/data-0/hdds/b6d037e4-5d8b-4372-b4a2-3c33797d8bad/current/containerDir0/1 to state DELETED from state:CLOSED
2024-03-26 11:21:53,003 [IPC Server handler 24 on default port 15009] INFO  node.SCMNodeManager (SCMNodeManager.java:updateDatanodeOpState(582)) - Scheduling a command to update the operationalState persisted on 9bdc6c20-c7c2-4cc7-a4be-d4fe59586f4c(fv-az1147-978/10.1.0.22) as the reported value (DECOMMISSIONING, 0) does not match the value stored in SCM (IN_SERVICE, 0)
2024-03-26 11:21:53,027 [ReplicationMonitor] INFO  replication.ReplicationManager (ReplicationManager.java:processAll(399)) - Replication Monitor Thread took 0 milliseconds for processing 1 containers.
2024-03-26 11:21:53,073 [DatanodeAdminManager-0] INFO  node.DatanodeAdminMonitorImpl (DatanodeAdminMonitorImpl.java:checkPipelinesClosedOnNode(398)) - Waiting for pipelines to close for org.apache.hadoop.hdds.scm.node.DatanodeAdminMonitorImpl$TrackedNode@a1f89b55. There are 2 pipelines
2024-03-26 11:21:53,073 [DatanodeAdminManager-0] INFO  node.DatanodeAdminMonitorImpl (DatanodeAdminMonitorImpl.java:run(240)) - There are 1 nodes tracked for decommission and maintenance.  0 pending nodes.
2024-03-26 11:21:53,335 [Recon-SyncOM-1] INFO  impl.OzoneManagerServiceProviderImpl (OzoneManagerServiceProviderImpl.java:syncDataFromOM(501)) - Syncing data from Ozone Manager.
2024-03-26 11:21:53,336 [Recon-SyncOM-1] INFO  impl.OzoneManagerServiceProviderImpl (OzoneManagerServiceProviderImpl.java:syncDataFromOM(511)) - Obtaining delta updates from Ozone Manager
2024-03-26 11:21:53,336 [Recon-SyncOM-1] INFO  impl.OzoneManagerServiceProviderImpl (OzoneManagerServiceProviderImpl.java:getAndApplyDeltaUpdatesFromOM(418)) - OriginalFromSequenceNumber : 15 
2024-03-26 11:21:53,337 [Recon-SyncOM-1] INFO  impl.OzoneManagerServiceProviderImpl (OzoneManagerServiceProviderImpl.java:innerGetAndApplyDeltaUpdatesFromOM(485)) - Number of updates received from OM : 0, SequenceNumber diff: 0, SequenceNumber Lag from OM 0, isDBUpdateSuccess: true
2024-03-26 11:21:53,337 [Recon-SyncOM-1] INFO  impl.OzoneManagerServiceProviderImpl (OzoneManagerServiceProviderImpl.java:getAndApplyDeltaUpdatesFromOM(438)) - Delta updates received from OM : 1 loops, 0 records
2024-03-26 11:21:53,345 [ContainerHealthTask] INFO  fsck.ContainerHealthTask (ContainerHealthTask.java:processExistingDBRecords(299)) - DELETED existing unhealthy container record...for Container: 1
2024-03-26 11:21:53,345 [ContainerHealthTask] INFO  fsck.ContainerHealthTask (ContainerHealthTask.java:triggerContainerHealthCheck(140)) - Container Health task thread took 2 milliseconds to process 1 existing database records.
2024-03-26 11:21:53,346 [ContainerHealthTask] INFO  fsck.ContainerHealthTask (ContainerHealthTask.java:checkAndProcessContainers(166)) - Container Health task thread took 1 milliseconds for processing 1 containers.
2024-03-26 11:21:53,346 [ContainerHealthTask] INFO  fsck.ContainerHealthTask (ContainerHealthTask.java:lambda$logUnhealthyContainerStats$3(204)) - UNDER_REPLICATED **Container State Stats:** 
	
2024-03-26 11:21:53,346 [ContainerHealthTask] INFO  fsck.ContainerHealthTask (ContainerHealthTask.java:lambda$logUnhealthyContainerStats$3(204)) - NEGATIVE_SIZE **Container State Stats:** 
	
2024-03-26 11:21:53,346 [ContainerHealthTask] INFO  fsck.ContainerHealthTask (ContainerHealthTask.java:lambda$logUnhealthyContainerStats$3(204)) - OVER_REPLICATED **Container State Stats:** 
	
2024-03-26 11:21:53,347 [ContainerHealthTask] INFO  fsck.ContainerHealthTask (ContainerHealthTask.java:lambda$logUnhealthyContainerStats$3(204)) - EMPTY_MISSING **Container State Stats:** 
	
2024-03-26 11:21:53,347 [ContainerHealthTask] INFO  fsck.ContainerHealthTask (ContainerHealthTask.java:lambda$logUnhealthyContainerStats$3(204)) - MIS_REPLICATED **Container State Stats:** 
	
2024-03-26 11:21:53,347 [ContainerHealthTask] INFO  fsck.ContainerHealthTask (ContainerHealthTask.java:lambda$logUnhealthyContainerStats$3(204)) - MISSING **Container State Stats:** 
	
2024-03-26 11:21:53,347 [ContainerHealthTask] INFO  fsck.ContainerHealthTask (ContainerHealthTask.java:checkAndProcessContainers(179)) - Container Health task thread took 1 iterations to fetch all containers using batched approach with batch size of 1000
2024-03-26 11:21:54,027 [ReplicationMonitor] INFO  replication.ReplicationManager (ReplicationManager.java:processAll(399)) - Replication Monitor Thread took 0 milliseconds for processing 1 containers.
2024-03-26 11:21:54,073 [DatanodeAdminManager-0] INFO  node.DatanodeAdminMonitorImpl (DatanodeAdminMonitorImpl.java:checkPipelinesClosedOnNode(398)) - Waiting for pipelines to close for org.apache.hadoop.hdds.scm.node.DatanodeAdminMonitorImpl$TrackedNode@a1f89b55. There are 2 pipelines
2024-03-26 11:21:54,073 [DatanodeAdminManager-0] INFO  node.DatanodeAdminMonitorImpl (DatanodeAdminMonitorImpl.java:run(240)) - There are 1 nodes tracked for decommission and maintenance.  0 pending nodes.
2024-03-26 11:21:54,339 [Recon-SyncOM-1] INFO  impl.OzoneManagerServiceProviderImpl (OzoneManagerServiceProviderImpl.java:syncDataFromOM(501)) - Syncing data from Ozone Manager.
2024-03-26 11:21:54,339 [Recon-SyncOM-1] INFO  impl.OzoneManagerServiceProviderImpl (OzoneManagerServiceProviderImpl.java:syncDataFromOM(511)) - Obtaining delta updates from Ozone Manager
2024-03-26 11:21:54,340 [Recon-SyncOM-1] INFO  impl.OzoneManagerServiceProviderImpl (OzoneManagerServiceProviderImpl.java:getAndApplyDeltaUpdatesFromOM(418)) - OriginalFromSequenceNumber : 15 
2024-03-26 11:21:54,341 [Recon-SyncOM-1] INFO  impl.OzoneManagerServiceProviderImpl (OzoneManagerServiceProviderImpl.java:innerGetAndApplyDeltaUpdatesFromOM(485)) - Number of updates received from OM : 0, SequenceNumber diff: 0, SequenceNumber Lag from OM 0, isDBUpdateSuccess: true
2024-03-26 11:21:54,341 [Recon-SyncOM-1] INFO  impl.OzoneManagerServiceProviderImpl (OzoneManagerServiceProviderImpl.java:getAndApplyDeltaUpdatesFromOM(438)) - Delta updates received from OM : 1 loops, 0 records
2024-03-26 11:21:54,347 [ContainerHealthTask] INFO  fsck.ContainerHealthTask (ContainerHealthTask.java:triggerContainerHealthCheck(140)) - Container Health task thread took 1 milliseconds to process 0 existing database records.
2024-03-26 11:21:54,349 [ContainerHealthTask] INFO  fsck.ContainerHealthTask (ContainerHealthTask.java:checkAndProcessContainers(166)) - Container Health task thread took 1 milliseconds for processing 1 containers.
2024-03-26 11:21:54,349 [ContainerHealthTask] INFO  fsck.ContainerHealthTask (ContainerHealthTask.java:lambda$logUnhealthyContainerStats$3(204)) - UNDER_REPLICATED **Container State Stats:** 
	
2024-03-26 11:21:54,349 [ContainerHealthTask] INFO  fsck.ContainerHealthTask (ContainerHealthTask.java:lambda$logUnhealthyContainerStats$3(204)) - NEGATIVE_SIZE **Container State Stats:** 
	
2024-03-26 11:21:54,349 [ContainerHealthTask] INFO  fsck.ContainerHealthTask (ContainerHealthTask.java:lambda$logUnhealthyContainerStats$3(204)) - OVER_REPLICATED **Container State Stats:** 
	
2024-03-26 11:21:54,349 [ContainerHealthTask] INFO  fsck.ContainerHealthTask (ContainerHealthTask.java:lambda$logUnhealthyContainerStats$3(204)) - EMPTY_MISSING **Container State Stats:** 
	
2024-03-26 11:21:54,349 [ContainerHealthTask] INFO  fsck.ContainerHealthTask (ContainerHealthTask.java:lambda$logUnhealthyContainerStats$3(204)) - MIS_REPLICATED **Container State Stats:** 
	
2024-03-26 11:21:54,349 [ContainerHealthTask] INFO  fsck.ContainerHealthTask (ContainerHealthTask.java:lambda$logUnhealthyContainerStats$3(204)) - MISSING **Container State Stats:** 
	
2024-03-26 11:21:54,349 [ContainerHealthTask] INFO  fsck.ContainerHealthTask (ContainerHealthTask.java:checkAndProcessContainers(179)) - Container Health task thread took 1 iterations to fetch all containers using batched approach with batch size of 1000
2024-03-26 11:21:55,028 [ReplicationMonitor] INFO  replication.ReplicationManager (ReplicationManager.java:processAll(399)) - Replication Monitor Thread took 0 milliseconds for processing 1 containers.
2024-03-26 11:21:55,073 [DatanodeAdminManager-0] INFO  node.DatanodeAdminMonitorImpl (DatanodeAdminMonitorImpl.java:checkPipelinesClosedOnNode(398)) - Waiting for pipelines to close for org.apache.hadoop.hdds.scm.node.DatanodeAdminMonitorImpl$TrackedNode@a1f89b55. There are 2 pipelines
2024-03-26 11:21:55,073 [DatanodeAdminManager-0] INFO  node.DatanodeAdminMonitorImpl (DatanodeAdminMonitorImpl.java:run(240)) - There are 1 nodes tracked for decommission and maintenance.  0 pending nodes.
2024-03-26 11:21:55,343 [Recon-SyncOM-1] INFO  impl.OzoneManagerServiceProviderImpl (OzoneManagerServiceProviderImpl.java:syncDataFromOM(501)) - Syncing data from Ozone Manager.
2024-03-26 11:21:55,343 [Recon-SyncOM-1] INFO  impl.OzoneManagerServiceProviderImpl (OzoneManagerServiceProviderImpl.java:syncDataFromOM(511)) - Obtaining delta updates from Ozone Manager
2024-03-26 11:21:55,343 [Recon-SyncOM-1] INFO  impl.OzoneManagerServiceProviderImpl (OzoneManagerServiceProviderImpl.java:getAndApplyDeltaUpdatesFromOM(418)) - OriginalFromSequenceNumber : 15 
2024-03-26 11:21:55,344 [Recon-SyncOM-1] INFO  impl.OzoneManagerServiceProviderImpl (OzoneManagerServiceProviderImpl.java:innerGetAndApplyDeltaUpdatesFromOM(485)) - Number of updates received from OM : 0, SequenceNumber diff: 0, SequenceNumber Lag from OM 0, isDBUpdateSuccess: true
2024-03-26 11:21:55,344 [Recon-SyncOM-1] INFO  impl.OzoneManagerServiceProviderImpl (OzoneManagerServiceProviderImpl.java:getAndApplyDeltaUpdatesFromOM(438)) - Delta updates received from OM : 1 loops, 0 records
2024-03-26 11:21:55,350 [ContainerHealthTask] INFO  fsck.ContainerHealthTask (ContainerHealthTask.java:triggerContainerHealthCheck(140)) - Container Health task thread took 0 milliseconds to process 0 existing database records.
2024-03-26 11:21:55,352 [ContainerHealthTask] INFO  fsck.ContainerHealthTask (ContainerHealthTask.java:checkAndProcessContainers(166)) - Container Health task thread took 2 milliseconds for processing 1 containers.
2024-03-26 11:21:55,352 [ContainerHealthTask] INFO  fsck.ContainerHealthTask (ContainerHealthTask.java:lambda$logUnhealthyContainerStats$3(204)) - UNDER_REPLICATED **Container State Stats:** 
	
2024-03-26 11:21:55,352 [ContainerHealthTask] INFO  fsck.ContainerHealthTask (ContainerHealthTask.java:lambda$logUnhealthyContainerStats$3(204)) - NEGATIVE_SIZE **Container State Stats:** 
	
2024-03-26 11:21:55,352 [ContainerHealthTask] INFO  fsck.ContainerHealthTask (ContainerHealthTask.java:lambda$logUnhealthyContainerStats$3(204)) - OVER_REPLICATED **Container State Stats:** 
	
2024-03-26 11:21:55,352 [ContainerHealthTask] INFO  fsck.ContainerHealthTask (ContainerHealthTask.java:lambda$logUnhealthyContainerStats$3(204)) - EMPTY_MISSING **Container State Stats:** 
	
2024-03-26 11:21:55,352 [ContainerHealthTask] INFO  fsck.ContainerHealthTask (ContainerHealthTask.java:lambda$logUnhealthyContainerStats$3(204)) - MIS_REPLICATED **Container State Stats:** 
	
2024-03-26 11:21:55,352 [ContainerHealthTask] INFO  fsck.ContainerHealthTask (ContainerHealthTask.java:lambda$logUnhealthyContainerStats$3(204)) - MISSING **Container State Stats:** 
	
2024-03-26 11:21:55,352 [ContainerHealthTask] INFO  fsck.ContainerHealthTask (ContainerHealthTask.java:checkAndProcessContainers(179)) - Container Health task thread took 1 iterations to fetch all containers using batched approach with batch size of 1000
2024-03-26 11:21:56,028 [ReplicationMonitor] INFO  replication.ReplicationManager (ReplicationManager.java:processAll(399)) - Replication Monitor Thread took 0 milliseconds for processing 1 containers.
2024-03-26 11:21:56,073 [DatanodeAdminManager-0] INFO  node.DatanodeAdminMonitorImpl (DatanodeAdminMonitorImpl.java:checkPipelinesClosedOnNode(398)) - Waiting for pipelines to close for org.apache.hadoop.hdds.scm.node.DatanodeAdminMonitorImpl$TrackedNode@a1f89b55. There are 2 pipelines
2024-03-26 11:21:56,073 [DatanodeAdminManager-0] INFO  node.DatanodeAdminMonitorImpl (DatanodeAdminMonitorImpl.java:run(240)) - There are 1 nodes tracked for decommission and maintenance.  0 pending nodes.
2024-03-26 11:21:56,119 [7b630919-9d6b-42e9-b08a-8409ae097dea@group-821EE5CB8EAC-FollowerState] INFO  impl.FollowerState (FollowerState.java:run(143)) - 7b630919-9d6b-42e9-b08a-8409ae097dea@group-821EE5CB8EAC-FollowerState: change to CANDIDATE, lastRpcElapsedTime:5087370482ns, electionTimeout:5083ms
2024-03-26 11:21:56,119 [7b630919-9d6b-42e9-b08a-8409ae097dea@group-821EE5CB8EAC-FollowerState] INFO  impl.RoleInfo (RoleInfo.java:shutdownFollowerState(110)) - 7b630919-9d6b-42e9-b08a-8409ae097dea: shutdown 7b630919-9d6b-42e9-b08a-8409ae097dea@group-821EE5CB8EAC-FollowerState
2024-03-26 11:21:56,119 [7b630919-9d6b-42e9-b08a-8409ae097dea@group-821EE5CB8EAC-FollowerState] INFO  server.RaftServer$Division (RaftServerImpl.java:setRole(383)) - 7b630919-9d6b-42e9-b08a-8409ae097dea@group-821EE5CB8EAC: changes role from  FOLLOWER to CANDIDATE at term 0 for changeToCandidate
2024-03-26 11:21:56,120 [7b630919-9d6b-42e9-b08a-8409ae097dea@group-821EE5CB8EAC-FollowerState] INFO  server.RaftServerConfigKeys (ConfUtils.java:logGet(46)) - raft.server.leaderelection.pre-vote = true (default)
2024-03-26 11:21:56,120 [7b630919-9d6b-42e9-b08a-8409ae097dea@group-821EE5CB8EAC-FollowerState] INFO  impl.RoleInfo (RoleInfo.java:updateAndGet(139)) - 7b630919-9d6b-42e9-b08a-8409ae097dea: start 7b630919-9d6b-42e9-b08a-8409ae097dea@group-821EE5CB8EAC-LeaderElection11
2024-03-26 11:21:56,121 [7b630919-9d6b-42e9-b08a-8409ae097dea@group-821EE5CB8EAC-LeaderElection11] INFO  impl.LeaderElection (LeaderElection.java:askForVotes(321)) - 7b630919-9d6b-42e9-b08a-8409ae097dea@group-821EE5CB8EAC-LeaderElection11 PRE_VOTE round 0: submit vote requests at term 0 for -1: peers:[7b630919-9d6b-42e9-b08a-8409ae097dea|10.1.0.22:15034]|listeners:[], old=null
2024-03-26 11:21:56,121 [7b630919-9d6b-42e9-b08a-8409ae097dea@group-821EE5CB8EAC-LeaderElection11] INFO  impl.LeaderElection (LeaderElection.java:askForVotes(323)) - 7b630919-9d6b-42e9-b08a-8409ae097dea@group-821EE5CB8EAC-LeaderElection11 PRE_VOTE round 0: result PASSED (term=0)
2024-03-26 11:21:56,123 [7b630919-9d6b-42e9-b08a-8409ae097dea@group-821EE5CB8EAC-LeaderElection11] INFO  impl.LeaderElection (LeaderElection.java:askForVotes(321)) - 7b630919-9d6b-42e9-b08a-8409ae097dea@group-821EE5CB8EAC-LeaderElection11 ELECTION round 0: submit vote requests at term 1 for -1: peers:[7b630919-9d6b-42e9-b08a-8409ae097dea|10.1.0.22:15034]|listeners:[], old=null
2024-03-26 11:21:56,123 [7b630919-9d6b-42e9-b08a-8409ae097dea@group-821EE5CB8EAC-LeaderElection11] INFO  impl.LeaderElection (LeaderElection.java:askForVotes(323)) - 7b630919-9d6b-42e9-b08a-8409ae097dea@group-821EE5CB8EAC-LeaderElection11 ELECTION round 0: result PASSED (term=1)
2024-03-26 11:21:56,123 [7b630919-9d6b-42e9-b08a-8409ae097dea@group-821EE5CB8EAC-LeaderElection11] INFO  impl.RoleInfo (RoleInfo.java:shutdownLeaderElection(130)) - 7b630919-9d6b-42e9-b08a-8409ae097dea: shutdown 7b630919-9d6b-42e9-b08a-8409ae097dea@group-821EE5CB8EAC-LeaderElection11
2024-03-26 11:21:56,123 [7b630919-9d6b-42e9-b08a-8409ae097dea@group-821EE5CB8EAC-LeaderElection11] INFO  server.RaftServer$Division (RaftServerImpl.java:setRole(383)) - 7b630919-9d6b-42e9-b08a-8409ae097dea@group-821EE5CB8EAC: changes role from CANDIDATE to LEADER at term 1 for changeToLeader
2024-03-26 11:21:56,123 [7b630919-9d6b-42e9-b08a-8409ae097dea@group-821EE5CB8EAC-LeaderElection11] INFO  server.RaftServerConfigKeys (ConfUtils.java:logGet(46)) - raft.server.staging.catchup.gap = 1000 (default)
2024-03-26 11:21:56,123 [7b630919-9d6b-42e9-b08a-8409ae097dea@group-821EE5CB8EAC-LeaderElection11] INFO  server.RaftServerConfigKeys (ConfUtils.java:logGet(46)) - raft.server.write.element-limit = 1024 (custom)
2024-03-26 11:21:56,123 [7b630919-9d6b-42e9-b08a-8409ae097dea@group-821EE5CB8EAC-LeaderElection11] INFO  server.RaftServerConfigKeys (ConfUtils.java:logGet(46)) - raft.server.write.byte-limit = 1024 M (=1073741824) (custom)
2024-03-26 11:21:56,124 [7b630919-9d6b-42e9-b08a-8409ae097dea@group-821EE5CB8EAC-LeaderElection11] INFO  server.RaftServerConfigKeys (ConfUtils.java:logGet(46)) - raft.server.watch.timeout = 180s (custom)
2024-03-26 11:21:56,124 [7b630919-9d6b-42e9-b08a-8409ae097dea@group-821EE5CB8EAC-LeaderElection11] INFO  server.RaftServerConfigKeys (ConfUtils.java:logGet(46)) - raft.server.watch.timeout.denomination = 1s (default)
2024-03-26 11:21:56,124 [7b630919-9d6b-42e9-b08a-8409ae097dea@group-821EE5CB8EAC-LeaderElection11] INFO  server.RaftServerConfigKeys (ConfUtils.java:logGet(46)) - raft.server.watch.element-limit = 65536 (default)
2024-03-26 11:21:56,124 [7b630919-9d6b-42e9-b08a-8409ae097dea@group-821EE5CB8EAC-LeaderElection11] INFO  server.RaftServerConfigKeys (ConfUtils.java:logGet(46)) - raft.server.read.leader.lease.enabled = false (default)
2024-03-26 11:21:56,124 [7b630919-9d6b-42e9-b08a-8409ae097dea@group-821EE5CB8EAC-LeaderElection11] INFO  server.RaftServerConfigKeys (ConfUtils.java:logGet(46)) - raft.server.read.leader.lease.timeout.ratio = 0.9 (default)
2024-03-26 11:21:56,124 [7b630919-9d6b-42e9-b08a-8409ae097dea@group-821EE5CB8EAC-LeaderElection11] INFO  server.RaftServerConfigKeys (ConfUtils.java:logGet(46)) - raft.server.rpc.timeout.min = 5s (custom)
2024-03-26 11:21:56,124 [7b630919-9d6b-42e9-b08a-8409ae097dea@group-821EE5CB8EAC-LeaderElection11] INFO  server.RaftServerConfigKeys (ConfUtils.java:logGet(46)) - raft.server.write.element-limit = 1024 (custom)
2024-03-26 11:21:56,124 [7b630919-9d6b-42e9-b08a-8409ae097dea@group-821EE5CB8EAC-LeaderElection11] INFO  server.RaftServerConfigKeys (ConfUtils.java:logGet(46)) - raft.server.write.follower.gap.ratio.max = -1.0 (default)
2024-03-26 11:21:56,124 [7b630919-9d6b-42e9-b08a-8409ae097dea@group-821EE5CB8EAC-LeaderElection11] INFO  impl.RoleInfo (RoleInfo.java:updateAndGet(139)) - 7b630919-9d6b-42e9-b08a-8409ae097dea: start 7b630919-9d6b-42e9-b08a-8409ae097dea@group-821EE5CB8EAC-LeaderStateImpl
2024-03-26 11:21:56,125 [7b630919-9d6b-42e9-b08a-8409ae097dea@group-821EE5CB8EAC-LeaderElection11] INFO  server.RaftServer$Division (RaftServerImpl.java:setFirstElection(574)) - 7b630919-9d6b-42e9-b08a-8409ae097dea@group-821EE5CB8EAC: set firstElectionSinceStartup to false for becomeLeader
2024-03-26 11:21:56,125 [7b630919-9d6b-42e9-b08a-8409ae097dea@group-821EE5CB8EAC-LeaderElection11] INFO  ratis.XceiverServerRatis (XceiverServerRatis.java:handleLeaderChangedNotification(966)) - Leader change notification received for group: group-821EE5CB8EAC with new leaderId: 7b630919-9d6b-42e9-b08a-8409ae097dea
2024-03-26 11:21:56,125 [7b630919-9d6b-42e9-b08a-8409ae097dea@group-821EE5CB8EAC-LeaderElection11] INFO  server.RaftServer$Division (ServerState.java:setLeader(269)) - 7b630919-9d6b-42e9-b08a-8409ae097dea@group-821EE5CB8EAC: change Leader from null to 7b630919-9d6b-42e9-b08a-8409ae097dea at term 1 for becomeLeader, leader elected after 5108ms
2024-03-26 11:21:56,125 [7b630919-9d6b-42e9-b08a-8409ae097dea@group-821EE5CB8EAC-LeaderElection11] INFO  segmented.SegmentedRaftLogWorker (SegmentedRaftLogWorker.java:startLogSegment(430)) - 7b630919-9d6b-42e9-b08a-8409ae097dea@group-821EE5CB8EAC-SegmentedRaftLogWorker: Starting segment from index:0
2024-03-26 11:21:56,126 [7b630919-9d6b-42e9-b08a-8409ae097dea@group-821EE5CB8EAC-LeaderElection11] INFO  server.RaftServer$Division (ServerState.java:setRaftConf(386)) - 7b630919-9d6b-42e9-b08a-8409ae097dea@group-821EE5CB8EAC: set configuration 0: peers:[7b630919-9d6b-42e9-b08a-8409ae097dea|10.1.0.22:15034]|listeners:[], old=null
2024-03-26 11:21:56,127 [7b630919-9d6b-42e9-b08a-8409ae097dea@group-821EE5CB8EAC-SegmentedRaftLogWorker] INFO  segmented.BufferedWriteChannel (BufferedWriteChannel.java:open(62)) - open log_inprogress_0 at position 0
2024-03-26 11:21:56,129 [FixedThreadPoolWithAffinityExecutor-1-0] WARN  events.FixedThreadPoolWithAffinityExecutor (FixedThreadPoolWithAffinityExecutor.java:run(276)) - Event remained in queue for long time 3 millisec, 7b630919-9d6b-42e9-b08a-8409ae097dea(fv-az1147-978/10.1.0.22), {type: FCR, size: 1}
2024-03-26 11:21:56,129 [FixedThreadPoolWithAffinityExecutor-1-0] WARN  events.FixedThreadPoolWithAffinityExecutor (FixedThreadPoolWithAffinityExecutor.java:run(289)) - Event taken long execution time 3 millisec, 7b630919-9d6b-42e9-b08a-8409ae097dea(fv-az1147-978/10.1.0.22), {type: FCR, size: 1}
2024-03-26 11:21:56,135 [7b630919-9d6b-42e9-b08a-8409ae097dea@group-821EE5CB8EAC-SegmentedRaftLogWorker] INFO  segmented.SegmentedRaftLogWorker (SegmentedRaftLogWorker.java:execute(634)) - 7b630919-9d6b-42e9-b08a-8409ae097dea@group-821EE5CB8EAC-SegmentedRaftLogWorker: created new log segment /home/runner/work/ozone/ozone/hadoop-ozone/integration-test/target/test-dir/MiniOzoneClusterImpl-b6d037e4-5d8b-4372-b4a2-3c33797d8bad/ozone-meta/datanode-3/ratis/28b3597b-35fc-4c8f-b05e-821ee5cb8eac/current/log_inprogress_0
2024-03-26 11:21:56,136 [7b630919-9d6b-42e9-b08a-8409ae097dea@group-821EE5CB8EAC-StateMachineUpdater] INFO  server.RaftServer$Division (LeaderStateImpl.java:isApplied(320)) - leader is ready since appliedIndex == 0 >= startIndex == 0
2024-03-26 11:21:56,346 [Recon-SyncOM-1] INFO  impl.OzoneManagerServiceProviderImpl (OzoneManagerServiceProviderImpl.java:syncDataFromOM(501)) - Syncing data from Ozone Manager.
2024-03-26 11:21:56,346 [Recon-SyncOM-1] INFO  impl.OzoneManagerServiceProviderImpl (OzoneManagerServiceProviderImpl.java:syncDataFromOM(511)) - Obtaining delta updates from Ozone Manager
2024-03-26 11:21:56,346 [Recon-SyncOM-1] INFO  impl.OzoneManagerServiceProviderImpl (OzoneManagerServiceProviderImpl.java:getAndApplyDeltaUpdatesFromOM(418)) - OriginalFromSequenceNumber : 15 
2024-03-26 11:21:56,348 [Recon-SyncOM-1] INFO  impl.OzoneManagerServiceProviderImpl (OzoneManagerServiceProviderImpl.java:innerGetAndApplyDeltaUpdatesFromOM(485)) - Number of updates received from OM : 0, SequenceNumber diff: 0, SequenceNumber Lag from OM 0, isDBUpdateSuccess: true
2024-03-26 11:21:56,348 [Recon-SyncOM-1] INFO  impl.OzoneManagerServiceProviderImpl (OzoneManagerServiceProviderImpl.java:getAndApplyDeltaUpdatesFromOM(438)) - Delta updates received from OM : 1 loops, 0 records
2024-03-26 11:21:56,353 [ContainerHealthTask] INFO  fsck.ContainerHealthTask (ContainerHealthTask.java:triggerContainerHealthCheck(140)) - Container Health task thread took 1 milliseconds to process 0 existing database records.
2024-03-26 11:21:56,354 [ContainerHealthTask] INFO  fsck.ContainerHealthTask (ContainerHealthTask.java:checkAndProcessContainers(166)) - Container Health task thread took 2 milliseconds for processing 1 containers.
2024-03-26 11:21:56,354 [ContainerHealthTask] INFO  fsck.ContainerHealthTask (ContainerHealthTask.java:lambda$logUnhealthyContainerStats$3(204)) - UNDER_REPLICATED **Container State Stats:** 
	
2024-03-26 11:21:56,354 [ContainerHealthTask] INFO  fsck.ContainerHealthTask (ContainerHealthTask.java:lambda$logUnhealthyContainerStats$3(204)) - NEGATIVE_SIZE **Container State Stats:** 
	
2024-03-26 11:21:56,355 [ContainerHealthTask] INFO  fsck.ContainerHealthTask (ContainerHealthTask.java:lambda$logUnhealthyContainerStats$3(204)) - OVER_REPLICATED **Container State Stats:** 
	
2024-03-26 11:21:56,355 [ContainerHealthTask] INFO  fsck.ContainerHealthTask (ContainerHealthTask.java:lambda$logUnhealthyContainerStats$3(204)) - EMPTY_MISSING **Container State Stats:** 
	
2024-03-26 11:21:56,355 [ContainerHealthTask] INFO  fsck.ContainerHealthTask (ContainerHealthTask.java:lambda$logUnhealthyContainerStats$3(204)) - MIS_REPLICATED **Container State Stats:** 
	
2024-03-26 11:21:56,355 [ContainerHealthTask] INFO  fsck.ContainerHealthTask (ContainerHealthTask.java:lambda$logUnhealthyContainerStats$3(204)) - MISSING **Container State Stats:** 
	
2024-03-26 11:21:56,355 [ContainerHealthTask] INFO  fsck.ContainerHealthTask (ContainerHealthTask.java:checkAndProcessContainers(179)) - Container Health task thread took 1 iterations to fetch all containers using batched approach with batch size of 1000
2024-03-26 11:21:56,895 [BackgroundPipelineScrubber] INFO  pipeline.PipelineManagerImpl (PipelineManagerImpl.java:scrubPipelines(610)) - Scrubbing pipeline: id: PipelineID=4f981e64-2e14-4143-94bf-df38cacb1c31 since it stays at CLOSED stage.
2024-03-26 11:21:56,895 [BackgroundPipelineScrubber] INFO  pipeline.RatisPipelineProvider (RatisPipelineProvider.java:lambda$close$4(270)) - Send pipeline:PipelineID=4f981e64-2e14-4143-94bf-df38cacb1c31 close command to datanode 9bdc6c20-c7c2-4cc7-a4be-d4fe59586f4c
2024-03-26 11:21:56,896 [BackgroundPipelineScrubber] INFO  pipeline.PipelineManagerImpl (PipelineManagerImpl.java:removePipeline(459)) - Pipeline Pipeline[ Id: 4f981e64-2e14-4143-94bf-df38cacb1c31, Nodes: 9bdc6c20-c7c2-4cc7-a4be-d4fe59586f4c(fv-az1147-978/10.1.0.22), ReplicationConfig: RATIS/ONE, State:CLOSED, leaderId:9bdc6c20-c7c2-4cc7-a4be-d4fe59586f4c, CreationTimestamp2024-03-26T11:21:22.076Z[Etc/UTC]] removed.
2024-03-26 11:21:56,896 [BackgroundPipelineScrubber] INFO  pipeline.PipelineManagerImpl (PipelineManagerImpl.java:scrubPipelines(610)) - Scrubbing pipeline: id: PipelineID=985eba48-2fc1-4325-9bee-5fb18d2ab4db since it stays at CLOSED stage.
2024-03-26 11:21:56,896 [BackgroundPipelineScrubber] INFO  pipeline.RatisPipelineProvider (RatisPipelineProvider.java:lambda$close$4(270)) - Send pipeline:PipelineID=985eba48-2fc1-4325-9bee-5fb18d2ab4db close command to datanode dc82d807-438e-4f31-a873-936b5ae41996
2024-03-26 11:21:56,896 [BackgroundPipelineScrubber] INFO  pipeline.RatisPipelineProvider (RatisPipelineProvider.java:lambda$close$4(270)) - Send pipeline:PipelineID=985eba48-2fc1-4325-9bee-5fb18d2ab4db close command to datanode 9bdc6c20-c7c2-4cc7-a4be-d4fe59586f4c
2024-03-26 11:21:56,896 [BackgroundPipelineScrubber] INFO  pipeline.RatisPipelineProvider (RatisPipelineProvider.java:lambda$close$4(270)) - Send pipeline:PipelineID=985eba48-2fc1-4325-9bee-5fb18d2ab4db close command to datanode 20ed7fe7-4274-4f1a-9498-93c5abf09f1c
2024-03-26 11:21:56,896 [BackgroundPipelineScrubber] INFO  pipeline.PipelineManagerImpl (PipelineManagerImpl.java:removePipeline(459)) - Pipeline Pipeline[ Id: 985eba48-2fc1-4325-9bee-5fb18d2ab4db, Nodes: dc82d807-438e-4f31-a873-936b5ae41996(fv-az1147-978/10.1.0.22)9bdc6c20-c7c2-4cc7-a4be-d4fe59586f4c(fv-az1147-978/10.1.0.22)20ed7fe7-4274-4f1a-9498-93c5abf09f1c(fv-az1147-978/10.1.0.22), ReplicationConfig: RATIS/THREE, State:CLOSED, leaderId:dc82d807-438e-4f31-a873-936b5ae41996, CreationTimestamp2024-03-26T11:21:41.075Z[Etc/UTC]] removed.
2024-03-26 11:21:57,029 [ReplicationMonitor] INFO  replication.ReplicationManager (ReplicationManager.java:processAll(399)) - Replication Monitor Thread took 1 milliseconds for processing 1 containers.
2024-03-26 11:21:57,073 [DatanodeAdminManager-0] INFO  node.DatanodeAdminMonitorImpl (DatanodeAdminMonitorImpl.java:checkContainersReplicatedOnNode(472)) - org.apache.hadoop.hdds.scm.node.DatanodeAdminMonitorImpl$TrackedNode@a1f89b55 has 0 sufficientlyReplicated, 0 deleting, 0 underReplicated and 0 unclosed containers
2024-03-26 11:21:57,073 [DatanodeAdminManager-0] INFO  node.DatanodeAdminMonitorImpl (DatanodeAdminMonitorImpl.java:completeDecommission(522)) - Datanode 9bdc6c20-c7c2-4cc7-a4be-d4fe59586f4c(fv-az1147-978/10.1.0.22) has completed the admin workflow. The operational state has been set to DECOMMISSIONED
2024-03-26 11:21:57,073 [EventQueue-HealthyReadonlyToHealthyNodeForReadOnlyHealthyToHealthyNodeHandler] INFO  node.ReadOnlyHealthyToHealthyNodeHandler (ReadOnlyHealthyToHealthyNodeHandler.java:onMessage(51)) - Datanode 9bdc6c20-c7c2-4cc7-a4be-d4fe59586f4c(fv-az1147-978/10.1.0.22) moved to HEALTHY state.
2024-03-26 11:21:57,073 [EventQueue-HealthyReadonlyToHealthyNodeForReadOnlyHealthyToHealthyNodeHandler] INFO  pipeline.BackgroundPipelineCreator (BackgroundPipelineCreator.java:notifyEventTriggered(280)) - trigger a one-shot run on RatisPipelineUtilsThread.
2024-03-26 11:21:57,074 [RatisPipelineUtilsThread-0] INFO  pipeline.RatisPipelineProvider (RatisPipelineProvider.java:lambda$create$0(205)) - Sending CreatePipelineCommand for pipeline:PipelineID=323b38ef-b3a1-4a8d-9eee-f914c1362a36 to datanode:12adf753-b9bf-4e27-afc1-d809141df6d3
2024-03-26 11:21:57,074 [RatisPipelineUtilsThread-0] INFO  pipeline.RatisPipelineProvider (RatisPipelineProvider.java:lambda$create$0(205)) - Sending CreatePipelineCommand for pipeline:PipelineID=323b38ef-b3a1-4a8d-9eee-f914c1362a36 to datanode:7b630919-9d6b-42e9-b08a-8409ae097dea
2024-03-26 11:21:57,074 [RatisPipelineUtilsThread-0] INFO  pipeline.RatisPipelineProvider (RatisPipelineProvider.java:lambda$create$0(205)) - Sending CreatePipelineCommand for pipeline:PipelineID=323b38ef-b3a1-4a8d-9eee-f914c1362a36 to datanode:20ed7fe7-4274-4f1a-9498-93c5abf09f1c
2024-03-26 11:21:57,075 [RatisPipelineUtilsThread-0] INFO  pipeline.BackgroundPipelineCreator (BackgroundPipelineCreator.java:createPipelines(236)) - Created new pipeline Pipeline[ Id: 323b38ef-b3a1-4a8d-9eee-f914c1362a36, Nodes: 12adf753-b9bf-4e27-afc1-d809141df6d3(fv-az1147-978/10.1.0.22)7b630919-9d6b-42e9-b08a-8409ae097dea(fv-az1147-978/10.1.0.22)20ed7fe7-4274-4f1a-9498-93c5abf09f1c(fv-az1147-978/10.1.0.22), ReplicationConfig: RATIS/THREE, State:ALLOCATED, leaderId:, CreationTimestamp2024-03-26T11:21:57.074Z[Etc/UTC]]
2024-03-26 11:21:57,111 [12adf753-b9bf-4e27-afc1-d809141df6d3@group-4569DBE8FADF-FollowerState] INFO  impl.FollowerState (FollowerState.java:run(143)) - 12adf753-b9bf-4e27-afc1-d809141df6d3@group-4569DBE8FADF-FollowerState: change to CANDIDATE, lastRpcElapsedTime:5193583950ns, electionTimeout:5193ms
2024-03-26 11:21:57,111 [12adf753-b9bf-4e27-afc1-d809141df6d3@group-4569DBE8FADF-FollowerState] INFO  impl.RoleInfo (RoleInfo.java:shutdownFollowerState(110)) - 12adf753-b9bf-4e27-afc1-d809141df6d3: shutdown 12adf753-b9bf-4e27-afc1-d809141df6d3@group-4569DBE8FADF-FollowerState
2024-03-26 11:21:57,111 [12adf753-b9bf-4e27-afc1-d809141df6d3@group-4569DBE8FADF-FollowerState] INFO  server.RaftServer$Division (RaftServerImpl.java:setRole(383)) - 12adf753-b9bf-4e27-afc1-d809141df6d3@group-4569DBE8FADF: changes role from  FOLLOWER to CANDIDATE at term 0 for changeToCandidate
2024-03-26 11:21:57,112 [12adf753-b9bf-4e27-afc1-d809141df6d3@group-4569DBE8FADF-FollowerState] INFO  server.RaftServerConfigKeys (ConfUtils.java:logGet(46)) - raft.server.leaderelection.pre-vote = true (default)
2024-03-26 11:21:57,112 [12adf753-b9bf-4e27-afc1-d809141df6d3@group-4569DBE8FADF-FollowerState] INFO  impl.RoleInfo (RoleInfo.java:updateAndGet(139)) - 12adf753-b9bf-4e27-afc1-d809141df6d3: start 12adf753-b9bf-4e27-afc1-d809141df6d3@group-4569DBE8FADF-LeaderElection12
2024-03-26 11:21:57,114 [12adf753-b9bf-4e27-afc1-d809141df6d3@group-4569DBE8FADF-LeaderElection12] INFO  impl.LeaderElection (LeaderElection.java:askForVotes(321)) - 12adf753-b9bf-4e27-afc1-d809141df6d3@group-4569DBE8FADF-LeaderElection12 PRE_VOTE round 0: submit vote requests at term 0 for -1: peers:[12adf753-b9bf-4e27-afc1-d809141df6d3|10.1.0.22:15025]|listeners:[], old=null
2024-03-26 11:21:57,114 [12adf753-b9bf-4e27-afc1-d809141df6d3@group-4569DBE8FADF-LeaderElection12] INFO  impl.LeaderElection (LeaderElection.java:askForVotes(323)) - 12adf753-b9bf-4e27-afc1-d809141df6d3@group-4569DBE8FADF-LeaderElection12 PRE_VOTE round 0: result PASSED (term=0)
2024-03-26 11:21:57,115 [12adf753-b9bf-4e27-afc1-d809141df6d3@group-4569DBE8FADF-LeaderElection12] INFO  impl.LeaderElection (LeaderElection.java:askForVotes(321)) - 12adf753-b9bf-4e27-afc1-d809141df6d3@group-4569DBE8FADF-LeaderElection12 ELECTION round 0: submit vote requests at term 1 for -1: peers:[12adf753-b9bf-4e27-afc1-d809141df6d3|10.1.0.22:15025]|listeners:[], old=null
2024-03-26 11:21:57,115 [12adf753-b9bf-4e27-afc1-d809141df6d3@group-4569DBE8FADF-LeaderElection12] INFO  impl.LeaderElection (LeaderElection.java:askForVotes(323)) - 12adf753-b9bf-4e27-afc1-d809141df6d3@group-4569DBE8FADF-LeaderElection12 ELECTION round 0: result PASSED (term=1)
2024-03-26 11:21:57,115 [12adf753-b9bf-4e27-afc1-d809141df6d3@group-4569DBE8FADF-LeaderElection12] INFO  impl.RoleInfo (RoleInfo.java:shutdownLeaderElection(130)) - 12adf753-b9bf-4e27-afc1-d809141df6d3: shutdown 12adf753-b9bf-4e27-afc1-d809141df6d3@group-4569DBE8FADF-LeaderElection12
2024-03-26 11:21:57,115 [12adf753-b9bf-4e27-afc1-d809141df6d3@group-4569DBE8FADF-LeaderElection12] INFO  server.RaftServer$Division (RaftServerImpl.java:setRole(383)) - 12adf753-b9bf-4e27-afc1-d809141df6d3@group-4569DBE8FADF: changes role from CANDIDATE to LEADER at term 1 for changeToLeader
2024-03-26 11:21:57,115 [12adf753-b9bf-4e27-afc1-d809141df6d3@group-4569DBE8FADF-LeaderElection12] INFO  server.RaftServerConfigKeys (ConfUtils.java:logGet(46)) - raft.server.staging.catchup.gap = 1000 (default)
2024-03-26 11:21:57,116 [12adf753-b9bf-4e27-afc1-d809141df6d3@group-4569DBE8FADF-LeaderElection12] INFO  server.RaftServerConfigKeys (ConfUtils.java:logGet(46)) - raft.server.write.element-limit = 1024 (custom)
2024-03-26 11:21:57,116 [12adf753-b9bf-4e27-afc1-d809141df6d3@group-4569DBE8FADF-LeaderElection12] INFO  server.RaftServerConfigKeys (ConfUtils.java:logGet(46)) - raft.server.write.byte-limit = 1024 M (=1073741824) (custom)
2024-03-26 11:21:57,116 [12adf753-b9bf-4e27-afc1-d809141df6d3@group-4569DBE8FADF-LeaderElection12] INFO  server.RaftServerConfigKeys (ConfUtils.java:logGet(46)) - raft.server.watch.timeout = 180s (custom)
2024-03-26 11:21:57,116 [12adf753-b9bf-4e27-afc1-d809141df6d3@group-4569DBE8FADF-LeaderElection12] INFO  server.RaftServerConfigKeys (ConfUtils.java:logGet(46)) - raft.server.watch.timeout.denomination = 1s (default)
2024-03-26 11:21:57,116 [12adf753-b9bf-4e27-afc1-d809141df6d3@group-4569DBE8FADF-LeaderElection12] INFO  server.RaftServerConfigKeys (ConfUtils.java:logGet(46)) - raft.server.watch.element-limit = 65536 (default)
2024-03-26 11:21:57,116 [12adf753-b9bf-4e27-afc1-d809141df6d3@group-4569DBE8FADF-LeaderElection12] INFO  server.RaftServerConfigKeys (ConfUtils.java:logGet(46)) - raft.server.read.leader.lease.enabled = false (default)
2024-03-26 11:21:57,116 [12adf753-b9bf-4e27-afc1-d809141df6d3@group-4569DBE8FADF-LeaderElection12] INFO  server.RaftServerConfigKeys (ConfUtils.java:logGet(46)) - raft.server.read.leader.lease.timeout.ratio = 0.9 (default)
2024-03-26 11:21:57,116 [12adf753-b9bf-4e27-afc1-d809141df6d3@group-4569DBE8FADF-LeaderElection12] INFO  server.RaftServerConfigKeys (ConfUtils.java:logGet(46)) - raft.server.rpc.timeout.min = 5s (custom)
2024-03-26 11:21:57,117 [12adf753-b9bf-4e27-afc1-d809141df6d3@group-4569DBE8FADF-LeaderElection12] INFO  server.RaftServerConfigKeys (ConfUtils.java:logGet(46)) - raft.server.write.element-limit = 1024 (custom)
2024-03-26 11:21:57,117 [12adf753-b9bf-4e27-afc1-d809141df6d3@group-4569DBE8FADF-LeaderElection12] INFO  server.RaftServerConfigKeys (ConfUtils.java:logGet(46)) - raft.server.write.follower.gap.ratio.max = -1.0 (default)
2024-03-26 11:21:57,117 [12adf753-b9bf-4e27-afc1-d809141df6d3@group-4569DBE8FADF-LeaderElection12] INFO  impl.RoleInfo (RoleInfo.java:updateAndGet(139)) - 12adf753-b9bf-4e27-afc1-d809141df6d3: start 12adf753-b9bf-4e27-afc1-d809141df6d3@group-4569DBE8FADF-LeaderStateImpl
2024-03-26 11:21:57,117 [12adf753-b9bf-4e27-afc1-d809141df6d3@group-4569DBE8FADF-LeaderElection12] INFO  server.RaftServer$Division (RaftServerImpl.java:setFirstElection(574)) - 12adf753-b9bf-4e27-afc1-d809141df6d3@group-4569DBE8FADF: set firstElectionSinceStartup to false for becomeLeader
2024-03-26 11:21:57,117 [12adf753-b9bf-4e27-afc1-d809141df6d3@group-4569DBE8FADF-LeaderElection12] INFO  ratis.XceiverServerRatis (XceiverServerRatis.java:handleLeaderChangedNotification(966)) - Leader change notification received for group: group-4569DBE8FADF with new leaderId: 12adf753-b9bf-4e27-afc1-d809141df6d3
2024-03-26 11:21:57,117 [12adf753-b9bf-4e27-afc1-d809141df6d3@group-4569DBE8FADF-LeaderElection12] INFO  server.RaftServer$Division (ServerState.java:setLeader(269)) - 12adf753-b9bf-4e27-afc1-d809141df6d3@group-4569DBE8FADF: change Leader from null to 12adf753-b9bf-4e27-afc1-d809141df6d3 at term 1 for becomeLeader, leader elected after 5216ms
2024-03-26 11:21:57,117 [12adf753-b9bf-4e27-afc1-d809141df6d3@group-4569DBE8FADF-LeaderElection12] INFO  segmented.SegmentedRaftLogWorker (SegmentedRaftLogWorker.java:startLogSegment(430)) - 12adf753-b9bf-4e27-afc1-d809141df6d3@group-4569DBE8FADF-SegmentedRaftLogWorker: Starting segment from index:0
2024-03-26 11:21:57,118 [12adf753-b9bf-4e27-afc1-d809141df6d3@group-4569DBE8FADF-SegmentedRaftLogWorker] INFO  segmented.BufferedWriteChannel (BufferedWriteChannel.java:open(62)) - open log_inprogress_0 at position 0
2024-03-26 11:21:57,122 [12adf753-b9bf-4e27-afc1-d809141df6d3@group-4569DBE8FADF-LeaderElection12] INFO  server.RaftServer$Division (ServerState.java:setRaftConf(386)) - 12adf753-b9bf-4e27-afc1-d809141df6d3@group-4569DBE8FADF: set configuration 0: peers:[12adf753-b9bf-4e27-afc1-d809141df6d3|10.1.0.22:15025]|listeners:[], old=null
2024-03-26 11:21:57,127 [12adf753-b9bf-4e27-afc1-d809141df6d3@group-4569DBE8FADF-SegmentedRaftLogWorker] INFO  segmented.SegmentedRaftLogWorker (SegmentedRaftLogWorker.java:execute(634)) - 12adf753-b9bf-4e27-afc1-d809141df6d3@group-4569DBE8FADF-SegmentedRaftLogWorker: created new log segment /home/runner/work/ozone/ozone/hadoop-ozone/integration-test/target/test-dir/MiniOzoneClusterImpl-b6d037e4-5d8b-4372-b4a2-3c33797d8bad/ozone-meta/datanode-2/ratis/133a0698-bd93-415e-ab0e-4569dbe8fadf/current/log_inprogress_0
2024-03-26 11:21:57,129 [12adf753-b9bf-4e27-afc1-d809141df6d3@group-4569DBE8FADF-StateMachineUpdater] INFO  server.RaftServer$Division (LeaderStateImpl.java:isApplied(320)) - leader is ready since appliedIndex == 0 >= startIndex == 0
2024-03-26 11:21:57,246 [main] INFO  container.TestHelper (TestHelper.java:countReplicas(427)) - Container 1 has 3 replicas on [12adf753-b9bf-4e27-afc1-d809141df6d3, 7b630919-9d6b-42e9-b08a-8409ae097dea, dc82d807-438e-4f31-a873-936b5ae41996]
2024-03-26 11:21:57,349 [Recon-SyncOM-1] INFO  impl.OzoneManagerServiceProviderImpl (OzoneManagerServiceProviderImpl.java:syncDataFromOM(501)) - Syncing data from Ozone Manager.
2024-03-26 11:21:57,349 [Recon-SyncOM-1] INFO  impl.OzoneManagerServiceProviderImpl (OzoneManagerServiceProviderImpl.java:syncDataFromOM(511)) - Obtaining delta updates from Ozone Manager
2024-03-26 11:21:57,349 [Recon-SyncOM-1] INFO  impl.OzoneManagerServiceProviderImpl (OzoneManagerServiceProviderImpl.java:getAndApplyDeltaUpdatesFromOM(418)) - OriginalFromSequenceNumber : 15 
2024-03-26 11:21:57,351 [Recon-SyncOM-1] INFO  impl.OzoneManagerServiceProviderImpl (OzoneManagerServiceProviderImpl.java:innerGetAndApplyDeltaUpdatesFromOM(485)) - Number of updates received from OM : 0, SequenceNumber diff: 0, SequenceNumber Lag from OM 0, isDBUpdateSuccess: true
2024-03-26 11:21:57,351 [Recon-SyncOM-1] INFO  impl.OzoneManagerServiceProviderImpl (OzoneManagerServiceProviderImpl.java:getAndApplyDeltaUpdatesFromOM(438)) - Delta updates received from OM : 1 loops, 0 records
2024-03-26 11:21:57,355 [ContainerHealthTask] INFO  fsck.ContainerHealthTask (ContainerHealthTask.java:triggerContainerHealthCheck(140)) - Container Health task thread took 1 milliseconds to process 0 existing database records.
2024-03-26 11:21:57,357 [ContainerHealthTask] INFO  fsck.ContainerHealthTask (ContainerHealthTask.java:checkAndProcessContainers(166)) - Container Health task thread took 1 milliseconds for processing 1 containers.
2024-03-26 11:21:57,357 [ContainerHealthTask] INFO  fsck.ContainerHealthTask (ContainerHealthTask.java:lambda$logUnhealthyContainerStats$3(204)) - UNDER_REPLICATED **Container State Stats:** 
	
2024-03-26 11:21:57,357 [ContainerHealthTask] INFO  fsck.ContainerHealthTask (ContainerHealthTask.java:lambda$logUnhealthyContainerStats$3(204)) - NEGATIVE_SIZE **Container State Stats:** 
	
2024-03-26 11:21:57,357 [ContainerHealthTask] INFO  fsck.ContainerHealthTask (ContainerHealthTask.java:lambda$logUnhealthyContainerStats$3(204)) - OVER_REPLICATED **Container State Stats:** 
	
2024-03-26 11:21:57,357 [ContainerHealthTask] INFO  fsck.ContainerHealthTask (ContainerHealthTask.java:lambda$logUnhealthyContainerStats$3(204)) - EMPTY_MISSING **Container State Stats:** 
	
2024-03-26 11:21:57,357 [ContainerHealthTask] INFO  fsck.ContainerHealthTask (ContainerHealthTask.java:lambda$logUnhealthyContainerStats$3(204)) - MIS_REPLICATED **Container State Stats:** 
	
2024-03-26 11:21:57,357 [ContainerHealthTask] INFO  fsck.ContainerHealthTask (ContainerHealthTask.java:lambda$logUnhealthyContainerStats$3(204)) - MISSING **Container State Stats:** 
	
2024-03-26 11:21:57,357 [ContainerHealthTask] INFO  fsck.ContainerHealthTask (ContainerHealthTask.java:checkAndProcessContainers(179)) - Container Health task thread took 1 iterations to fetch all containers using batched approach with batch size of 1000
2024-03-26 11:21:57,396 [EventQueue-PipelineReportForPipelineReportHandler] INFO  pipeline.PipelineReportHandler (PipelineReportHandler.java:processPipelineReport(115)) - Reported pipeline PipelineID=985eba48-2fc1-4325-9bee-5fb18d2ab4db is not found
2024-03-26 11:21:57,398 [FixedThreadPoolWithAffinityExecutor-0-0] WARN  events.FixedThreadPoolWithAffinityExecutor (FixedThreadPoolWithAffinityExecutor.java:run(276)) - Event remained in queue for long time 2 millisec, 20ed7fe7-4274-4f1a-9498-93c5abf09f1c(fv-az1147-978/10.1.0.22), {type: FCR, size: 0}
2024-03-26 11:21:57,398 [FixedThreadPoolWithAffinityExecutor-0-0] WARN  events.FixedThreadPoolWithAffinityExecutor (FixedThreadPoolWithAffinityExecutor.java:run(289)) - Event taken long execution time 2 millisec, 20ed7fe7-4274-4f1a-9498-93c5abf09f1c(fv-az1147-978/10.1.0.22), {type: FCR, size: 0}
2024-03-26 11:21:57,534 [EventQueue-PipelineReportForPipelineReportHandler] INFO  pipeline.PipelineReportHandler (PipelineReportHandler.java:processPipelineReport(115)) - Reported pipeline PipelineID=985eba48-2fc1-4325-9bee-5fb18d2ab4db is not found
2024-03-26 11:21:58,003 [9bdc6c20-c7c2-4cc7-a4be-d4fe59586f4c-PipelineCommandHandlerThread-0] INFO  server.RaftServer (RaftServerProxy.java:remove(111)) - 9bdc6c20-c7c2-4cc7-a4be-d4fe59586f4c: remove    LEADER 9bdc6c20-c7c2-4cc7-a4be-d4fe59586f4c@group-DF38CACB1C31:t1, leader=9bdc6c20-c7c2-4cc7-a4be-d4fe59586f4c, voted=9bdc6c20-c7c2-4cc7-a4be-d4fe59586f4c, raftlog=Memoized:9bdc6c20-c7c2-4cc7-a4be-d4fe59586f4c@group-DF38CACB1C31-SegmentedRaftLog:OPENED:c0, conf=0: peers:[9bdc6c20-c7c2-4cc7-a4be-d4fe59586f4c|10.1.0.22:15043]|listeners:[], old=null RUNNING
2024-03-26 11:21:58,003 [9bdc6c20-c7c2-4cc7-a4be-d4fe59586f4c-PipelineCommandHandlerThread-0] INFO  server.RaftServer$Division (RaftServerImpl.java:lambda$close$3(526)) - 9bdc6c20-c7c2-4cc7-a4be-d4fe59586f4c@group-DF38CACB1C31: shutdown
2024-03-26 11:21:58,004 [9bdc6c20-c7c2-4cc7-a4be-d4fe59586f4c-PipelineCommandHandlerThread-0] INFO  util.JmxRegister (JmxRegister.java:unregister(73)) - Successfully un-registered JMX Bean with object name Ratis:service=RaftServer,group=group-DF38CACB1C31,id=9bdc6c20-c7c2-4cc7-a4be-d4fe59586f4c
2024-03-26 11:21:58,004 [9bdc6c20-c7c2-4cc7-a4be-d4fe59586f4c-PipelineCommandHandlerThread-0] INFO  impl.RoleInfo (RoleInfo.java:shutdownLeaderState(94)) - 9bdc6c20-c7c2-4cc7-a4be-d4fe59586f4c: shutdown 9bdc6c20-c7c2-4cc7-a4be-d4fe59586f4c@group-DF38CACB1C31-LeaderStateImpl
2024-03-26 11:21:58,004 [9bdc6c20-c7c2-4cc7-a4be-d4fe59586f4c-PipelineCommandHandlerThread-0] INFO  impl.PendingRequests (PendingRequests.java:sendNotLeaderResponses(289)) - 9bdc6c20-c7c2-4cc7-a4be-d4fe59586f4c@group-DF38CACB1C31-PendingRequests: sendNotLeaderResponses
2024-03-26 11:21:58,004 [IPC Server handler 9 on default port 15002] INFO  node.SCMNodeManager (SCMNodeManager.java:updateDatanodeOpState(582)) - Scheduling a command to update the operationalState persisted on 9bdc6c20-c7c2-4cc7-a4be-d4fe59586f4c(fv-az1147-978/10.1.0.22) as the reported value (DECOMMISSIONING, 0) does not match the value stored in SCM (DECOMMISSIONED, 0)
2024-03-26 11:21:58,004 [9bdc6c20-c7c2-4cc7-a4be-d4fe59586f4c-PipelineCommandHandlerThread-0] INFO  impl.StateMachineUpdater (StateMachineUpdater.java:stopAndJoin(157)) - 9bdc6c20-c7c2-4cc7-a4be-d4fe59586f4c@group-DF38CACB1C31-StateMachineUpdater: set stopIndex = 0
2024-03-26 11:21:58,005 [9bdc6c20-c7c2-4cc7-a4be-d4fe59586f4c@group-DF38CACB1C31-StateMachineUpdater] INFO  ratis.ContainerStateMachine (ContainerStateMachine.java:takeSnapshot(355)) - group-DF38CACB1C31: Taking a snapshot at:(t:1, i:0) file /home/runner/work/ozone/ozone/hadoop-ozone/integration-test/target/test-dir/MiniOzoneClusterImpl-b6d037e4-5d8b-4372-b4a2-3c33797d8bad/ozone-meta/datanode-4/ratis/4f981e64-2e14-4143-94bf-df38cacb1c31/sm/snapshot.1_0
2024-03-26 11:21:58,004 [EventQueue-PipelineReportForPipelineReportHandler] INFO  pipeline.PipelineReportHandler (PipelineReportHandler.java:processPipelineReport(115)) - Reported pipeline PipelineID=4f981e64-2e14-4143-94bf-df38cacb1c31 is not found
2024-03-26 11:21:58,005 [EventQueue-PipelineReportForPipelineReportHandler] INFO  pipeline.PipelineReportHandler (PipelineReportHandler.java:processPipelineReport(115)) - Reported pipeline PipelineID=985eba48-2fc1-4325-9bee-5fb18d2ab4db is not found
2024-03-26 11:21:58,006 [9bdc6c20-c7c2-4cc7-a4be-d4fe59586f4c@group-DF38CACB1C31-StateMachineUpdater] INFO  ratis.ContainerStateMachine (ContainerStateMachine.java:takeSnapshot(366)) - group-DF38CACB1C31: Finished taking a snapshot at:(t:1, i:0) file:/home/runner/work/ozone/ozone/hadoop-ozone/integration-test/target/test-dir/MiniOzoneClusterImpl-b6d037e4-5d8b-4372-b4a2-3c33797d8bad/ozone-meta/datanode-4/ratis/4f981e64-2e14-4143-94bf-df38cacb1c31/sm/snapshot.1_0 took: 1 ms
2024-03-26 11:21:58,006 [9bdc6c20-c7c2-4cc7-a4be-d4fe59586f4c@group-DF38CACB1C31-StateMachineUpdater] INFO  impl.StateMachineUpdater (StateMachineUpdater.java:takeSnapshot(295)) - 9bdc6c20-c7c2-4cc7-a4be-d4fe59586f4c@group-DF38CACB1C31-StateMachineUpdater: Took a snapshot at index 0
2024-03-26 11:21:58,006 [9bdc6c20-c7c2-4cc7-a4be-d4fe59586f4c@group-DF38CACB1C31-StateMachineUpdater] INFO  impl.StateMachineUpdater (StateMachineUpdater.java:lambda$new$0(98)) - 9bdc6c20-c7c2-4cc7-a4be-d4fe59586f4c@group-DF38CACB1C31-StateMachineUpdater: snapshotIndex: updateIncreasingly -1 -> 0
2024-03-26 11:21:58,006 [9bdc6c20-c7c2-4cc7-a4be-d4fe59586f4c-PipelineCommandHandlerThread-0] INFO  server.RaftServer$Division (ServerState.java:close(427)) - 9bdc6c20-c7c2-4cc7-a4be-d4fe59586f4c@group-DF38CACB1C31: applyIndex: 0
2024-03-26 11:21:58,007 [9bdc6c20-c7c2-4cc7-a4be-d4fe59586f4c@group-DF38CACB1C31-cacheEviction-AwaitToRun] INFO  util.AwaitToRun (AwaitToRun.java:run(49)) - 9bdc6c20-c7c2-4cc7-a4be-d4fe59586f4c@group-DF38CACB1C31-cacheEviction-AwaitToRun-AwaitForSignal is interrupted
2024-03-26 11:21:58,025 [7b630919-9d6b-42e9-b08a-8409ae097dea-PipelineCommandHandlerThread-0] INFO  server.RaftServer (RaftServerProxy.java:addNew(100)) - 7b630919-9d6b-42e9-b08a-8409ae097dea: addNew group-F914C1362A36:[7b630919-9d6b-42e9-b08a-8409ae097dea|10.1.0.22:15034, 12adf753-b9bf-4e27-afc1-d809141df6d3|10.1.0.22:15025, 20ed7fe7-4274-4f1a-9498-93c5abf09f1c|10.1.0.22:15052] returns group-F914C1362A36:java.util.concurrent.CompletableFuture@49fbac00[Not completed]
2024-03-26 11:21:58,026 [7b630919-9d6b-42e9-b08a-8409ae097dea-groupManagement] INFO  server.RaftServer$Division (RaftServerImpl.java:<init>(256)) - 7b630919-9d6b-42e9-b08a-8409ae097dea: new RaftServerImpl for group-F914C1362A36:[7b630919-9d6b-42e9-b08a-8409ae097dea|10.1.0.22:15034, 12adf753-b9bf-4e27-afc1-d809141df6d3|10.1.0.22:15025, 20ed7fe7-4274-4f1a-9498-93c5abf09f1c|10.1.0.22:15052] with ContainerStateMachine:uninitialized
2024-03-26 11:21:58,027 [7b630919-9d6b-42e9-b08a-8409ae097dea-groupManagement] INFO  server.RaftServerConfigKeys (ConfUtils.java:logGet(46)) - raft.server.rpc.timeout.min = 5s (custom)
2024-03-26 11:21:58,027 [7b630919-9d6b-42e9-b08a-8409ae097dea-groupManagement] INFO  server.RaftServerConfigKeys (ConfUtils.java:logGet(46)) - raft.server.rpc.timeout.max = 5200ms (custom)
2024-03-26 11:21:58,027 [7b630919-9d6b-42e9-b08a-8409ae097dea-groupManagement] INFO  server.RaftServerConfigKeys (ConfUtils.java:logGet(46)) - raft.server.rpc.sleep.time = 25ms (default)
2024-03-26 11:21:58,027 [7b630919-9d6b-42e9-b08a-8409ae097dea-groupManagement] INFO  server.RaftServerConfigKeys (ConfUtils.java:logGet(46)) - raft.server.rpc.slowness.timeout = 300s (custom)
2024-03-26 11:21:58,027 [7b630919-9d6b-42e9-b08a-8409ae097dea-groupManagement] INFO  server.RaftServerConfigKeys (ConfUtils.java:logGet(46)) - raft.server.leaderelection.leader.step-down.wait-time = 10s (default)
2024-03-26 11:21:58,027 [7b630919-9d6b-42e9-b08a-8409ae097dea-groupManagement] INFO  server.RaftServerConfigKeys (ConfUtils.java:logGet(46)) - raft.server.leaderelection.member.majority-add = false (default)
2024-03-26 11:21:58,027 [7b630919-9d6b-42e9-b08a-8409ae097dea-groupManagement] INFO  server.RaftServerConfigKeys (ConfUtils.java:logGet(46)) - raft.server.sleep.deviation.threshold = 300ms (default)
2024-03-26 11:21:58,027 [7b630919-9d6b-42e9-b08a-8409ae097dea-groupManagement] INFO  server.RaftServer$Division (ServerState.java:<init>(113)) - 7b630919-9d6b-42e9-b08a-8409ae097dea@group-F914C1362A36: ConfigurationManager, init=-1: peers:[7b630919-9d6b-42e9-b08a-8409ae097dea|10.1.0.22:15034, 12adf753-b9bf-4e27-afc1-d809141df6d3|10.1.0.22:15025, 20ed7fe7-4274-4f1a-9498-93c5abf09f1c|10.1.0.22:15052]|listeners:[], old=null, confs=<EMPTY_MAP>
2024-03-26 11:21:58,027 [7b630919-9d6b-42e9-b08a-8409ae097dea-groupManagement] INFO  server.RaftServerConfigKeys (ConfUtils.java:logGet(46)) - raft.server.notification.no-leader.timeout = 300s (custom)
2024-03-26 11:21:58,027 [7b630919-9d6b-42e9-b08a-8409ae097dea-groupManagement] INFO  server.RaftServerConfigKeys (ConfUtils.java:logGet(46)) - raft.server.read.timeout = 10s (default)
2024-03-26 11:21:58,027 [7b630919-9d6b-42e9-b08a-8409ae097dea-groupManagement] INFO  server.RaftServerConfigKeys (ConfUtils.java:logGet(46)) - raft.server.retrycache.expirytime = 600000ms (custom)
2024-03-26 11:21:58,028 [7b630919-9d6b-42e9-b08a-8409ae097dea-groupManagement] INFO  server.RaftServerConfigKeys (ConfUtils.java:logGet(46)) - raft.server.retrycache.statistics.expirytime = 100ms (default)
2024-03-26 11:21:58,028 [7b630919-9d6b-42e9-b08a-8409ae097dea-groupManagement] INFO  server.RaftServerConfigKeys (ConfUtils.java:logGet(46)) - raft.server.read.option = DEFAULT (default)
2024-03-26 11:21:58,028 [7b630919-9d6b-42e9-b08a-8409ae097dea-groupManagement] INFO  server.RaftServerConfigKeys (ConfUtils.java:logGet(46)) - raft.server.read.read-after-write-consistent.write-index-cache.expiry-time = 60s (default)
2024-03-26 11:21:58,029 [ReplicationMonitor] INFO  replication.ReplicationManager (ReplicationManager.java:processAll(399)) - Replication Monitor Thread took 0 milliseconds for processing 1 containers.
2024-03-26 11:21:58,030 [7b630919-9d6b-42e9-b08a-8409ae097dea-groupManagement] INFO  server.RaftServerConfigKeys (ConfUtils.java:logGet(46)) - raft.server.rpc.request.timeout = 60s (custom)
2024-03-26 11:21:58,030 [7b630919-9d6b-42e9-b08a-8409ae097dea-groupManagement] INFO  server.RaftServerConfigKeys (ConfUtils.java:logGet(46)) - raft.server.log.appender.install.snapshot.enabled = false (custom)
2024-03-26 11:21:58,030 [7b630919-9d6b-42e9-b08a-8409ae097dea-groupManagement] INFO  server.RaftServerConfigKeys (ConfUtils.java:logGet(46)) - raft.server.threadpool.server.cached = true (default)
2024-03-26 11:21:58,030 [7b630919-9d6b-42e9-b08a-8409ae097dea-groupManagement] INFO  server.RaftServerConfigKeys (ConfUtils.java:logGet(46)) - raft.server.threadpool.server.size = 0 (default)
2024-03-26 11:21:58,030 [7b630919-9d6b-42e9-b08a-8409ae097dea-groupManagement] INFO  server.RaftServerConfigKeys (ConfUtils.java:logGet(46)) - raft.server.threadpool.client.cached = true (default)
2024-03-26 11:21:58,030 [7b630919-9d6b-42e9-b08a-8409ae097dea-groupManagement] INFO  server.RaftServerConfigKeys (ConfUtils.java:logGet(46)) - raft.server.threadpool.client.size = 0 (default)
2024-03-26 11:21:58,030 [7b630919-9d6b-42e9-b08a-8409ae097dea-groupManagement] INFO  server.RaftServerConfigKeys (ConfUtils.java:logGet(46)) - raft.server.storage.free-space.min = 0MB (=0) (default)
2024-03-26 11:21:58,030 [7b630919-9d6b-42e9-b08a-8409ae097dea-groupManagement] INFO  server.RaftServerConfigKeys (ConfUtils.java:logGet(46)) - raft.server.log.corruption.policy = EXCEPTION (default)
2024-03-26 11:21:58,030 [7b630919-9d6b-42e9-b08a-8409ae097dea-groupManagement] INFO  server.RaftServerConfigKeys (ConfUtils.java:logGet(46)) - raft.server.storage.dir = [/home/runner/work/ozone/ozone/hadoop-ozone/integration-test/target/test-dir/MiniOzoneClusterImpl-b6d037e4-5d8b-4372-b4a2-3c33797d8bad/ozone-meta/datanode-3/ratis] (custom)
2024-03-26 11:21:58,030 [7b630919-9d6b-42e9-b08a-8409ae097dea-groupManagement] INFO  storage.RaftStorageDirectory (RaftStorageDirectoryImpl.java:analyzeStorage(138)) - The storage directory /home/runner/work/ozone/ozone/hadoop-ozone/integration-test/target/test-dir/MiniOzoneClusterImpl-b6d037e4-5d8b-4372-b4a2-3c33797d8bad/ozone-meta/datanode-3/ratis/323b38ef-b3a1-4a8d-9eee-f914c1362a36 does not exist. Creating ...
2024-03-26 11:21:58,031 [7b630919-9d6b-42e9-b08a-8409ae097dea-groupManagement] INFO  storage.RaftStorageDirectory (RaftStorageDirectoryImpl.java:tryLock(228)) - Lock on /home/runner/work/ozone/ozone/hadoop-ozone/integration-test/target/test-dir/MiniOzoneClusterImpl-b6d037e4-5d8b-4372-b4a2-3c33797d8bad/ozone-meta/datanode-3/ratis/323b38ef-b3a1-4a8d-9eee-f914c1362a36/in_use.lock acquired by nodename 19005@fv-az1147-978
2024-03-26 11:21:58,033 [7b630919-9d6b-42e9-b08a-8409ae097dea-groupManagement] INFO  storage.RaftStorage (RaftStorageImpl.java:format(99)) - Storage directory /home/runner/work/ozone/ozone/hadoop-ozone/integration-test/target/test-dir/MiniOzoneClusterImpl-b6d037e4-5d8b-4372-b4a2-3c33797d8bad/ozone-meta/datanode-3/ratis/323b38ef-b3a1-4a8d-9eee-f914c1362a36 has been successfully formatted.
2024-03-26 11:21:58,033 [7b630919-9d6b-42e9-b08a-8409ae097dea-groupManagement] WARN  util.FileUtils (LogUtils.java:supplyAndLog(63)) - Failed to Files.newInputStream /home/runner/work/ozone/ozone/hadoop-ozone/integration-test/target/test-dir/MiniOzoneClusterImpl-b6d037e4-5d8b-4372-b4a2-3c33797d8bad/ozone-meta/datanode-3/ratis/323b38ef-b3a1-4a8d-9eee-f914c1362a36/current/raft-meta.conf with options []: java.nio.file.NoSuchFileException: /home/runner/work/ozone/ozone/hadoop-ozone/integration-test/target/test-dir/MiniOzoneClusterImpl-b6d037e4-5d8b-4372-b4a2-3c33797d8bad/ozone-meta/datanode-3/ratis/323b38ef-b3a1-4a8d-9eee-f914c1362a36/current/raft-meta.conf
2024-03-26 11:21:58,033 [7b630919-9d6b-42e9-b08a-8409ae097dea-groupManagement] INFO  ratis.ContainerStateMachine (ContainerStateMachine.java:loadSnapshot(287)) - group-F914C1362A36: The snapshot info is null. Setting the last applied index to:(t:0, i:~)
2024-03-26 11:21:58,033 [7b630919-9d6b-42e9-b08a-8409ae097dea-groupManagement] INFO  server.RaftServerConfigKeys (ConfUtils.java:logGet(46)) - raft.server.log.use.memory = false (default)
2024-03-26 11:21:58,034 [7b630919-9d6b-42e9-b08a-8409ae097dea-groupManagement] INFO  server.RaftServerConfigKeys (ConfUtils.java:logGet(46)) - raft.server.log.purge.gap = 1000000 (custom)
2024-03-26 11:21:58,034 [Recon-EventQueue-PipelineReportForReconPipelineReportHandler] INFO  scm.ReconPipelineReportHandler (ReconPipelineReportHandler.java:processPipelineReport(68)) - Unknown pipeline PipelineID=323b38ef-b3a1-4a8d-9eee-f914c1362a36. Trying to get from SCM.
2024-03-26 11:21:58,034 [7b630919-9d6b-42e9-b08a-8409ae097dea-groupManagement] INFO  server.RaftServerConfigKeys (ConfUtils.java:logGet(46)) - raft.server.log.appender.buffer.byte-limit = 8388608 (custom)
2024-03-26 11:21:58,035 [7b630919-9d6b-42e9-b08a-8409ae097dea-groupManagement] INFO  server.RaftServerConfigKeys (ConfUtils.java:logGet(46)) - raft.server.log.statemachine.data.read.timeout = 1000ms (default)
2024-03-26 11:21:58,035 [7b630919-9d6b-42e9-b08a-8409ae097dea-groupManagement] INFO  server.RaftServerConfigKeys (ConfUtils.java:logGet(46)) - raft.server.log.purge.preservation.log.num = 0 (default)
2024-03-26 11:21:58,035 [Recon-EventQueue-PipelineReportForReconPipelineReportHandler] INFO  scm.ReconPipelineReportHandler (ReconPipelineReportHandler.java:processPipelineReport(86)) - Adding new pipeline Pipeline[ Id: 323b38ef-b3a1-4a8d-9eee-f914c1362a36, Nodes: 12adf753-b9bf-4e27-afc1-d809141df6d3(fv-az1147-978/10.1.0.22)7b630919-9d6b-42e9-b08a-8409ae097dea(fv-az1147-978/10.1.0.22)20ed7fe7-4274-4f1a-9498-93c5abf09f1c(fv-az1147-978/10.1.0.22), ReplicationConfig: RATIS/THREE, State:ALLOCATED, leaderId:, CreationTimestamp2024-03-26T11:21:57.074Z[Etc/UTC]] to Recon pipeline metadata.
2024-03-26 11:21:58,036 [Recon-EventQueue-PipelineReportForReconPipelineReportHandler] INFO  scm.ReconPipelineReportHandler (ReconPipelineReportHandler.java:processPipelineReport(103)) - Pipeline RATIS/THREE PipelineID=323b38ef-b3a1-4a8d-9eee-f914c1362a36 reported by 7b630919-9d6b-42e9-b08a-8409ae097dea(fv-az1147-978/10.1.0.22)
2024-03-26 11:21:58,037 [7b630919-9d6b-42e9-b08a-8409ae097dea-groupManagement] INFO  server.RaftServerConfigKeys (ConfUtils.java:logGet(46)) - raft.server.log.segment.size.max = 67108864 (custom)
2024-03-26 11:21:58,038 [7b630919-9d6b-42e9-b08a-8409ae097dea-groupManagement] INFO  server.RaftServerConfigKeys (ConfUtils.java:logGet(46)) - raft.server.log.segment.cache.num.max = 2 (custom)
2024-03-26 11:21:58,038 [7b630919-9d6b-42e9-b08a-8409ae097dea-groupManagement] INFO  server.RaftServerConfigKeys (ConfUtils.java:logGet(46)) - raft.server.log.segment.cache.size.max = 200MB (=209715200) (default)
2024-03-26 11:21:58,038 [7b630919-9d6b-42e9-b08a-8409ae097dea-groupManagement] INFO  server.RaftServerConfigKeys (ConfUtils.java:logGet(46)) - raft.server.log.appender.buffer.byte-limit = 8388608 (custom)
2024-03-26 11:21:58,038 [7b630919-9d6b-42e9-b08a-8409ae097dea-groupManagement] INFO  util.AwaitToRun (AwaitToRun.java:start(81)) - Thread[7b630919-9d6b-42e9-b08a-8409ae097dea@group-F914C1362A36-cacheEviction-AwaitToRun,5,main] started
2024-03-26 11:21:58,038 [7b630919-9d6b-42e9-b08a-8409ae097dea-groupManagement] INFO  segmented.SegmentedRaftLogWorker (SegmentedRaftLogWorker.java:<init>(182)) - new 7b630919-9d6b-42e9-b08a-8409ae097dea@group-F914C1362A36-SegmentedRaftLogWorker for RaftStorageImpl:Storage Directory /home/runner/work/ozone/ozone/hadoop-ozone/integration-test/target/test-dir/MiniOzoneClusterImpl-b6d037e4-5d8b-4372-b4a2-3c33797d8bad/ozone-meta/datanode-3/ratis/323b38ef-b3a1-4a8d-9eee-f914c1362a36
2024-03-26 11:21:58,038 [7b630919-9d6b-42e9-b08a-8409ae097dea-groupManagement] INFO  server.RaftServerConfigKeys (ConfUtils.java:logGet(46)) - raft.server.log.queue.byte-limit = 4294967296 (custom)
2024-03-26 11:21:58,038 [7b630919-9d6b-42e9-b08a-8409ae097dea-groupManagement] INFO  server.RaftServerConfigKeys (ConfUtils.java:logGet(46)) - raft.server.log.queue.element-limit = 1024 (custom)
2024-03-26 11:21:58,039 [7b630919-9d6b-42e9-b08a-8409ae097dea-groupManagement] INFO  server.RaftServerConfigKeys (ConfUtils.java:logGet(46)) - raft.server.log.segment.size.max = 67108864 (custom)
2024-03-26 11:21:58,039 [7b630919-9d6b-42e9-b08a-8409ae097dea-groupManagement] INFO  server.RaftServerConfigKeys (ConfUtils.java:logGet(46)) - raft.server.log.preallocated.size = 4194304 (custom)
2024-03-26 11:21:58,039 [7b630919-9d6b-42e9-b08a-8409ae097dea-groupManagement] INFO  server.RaftServerConfigKeys (ConfUtils.java:logGet(46)) - raft.server.log.force.sync.num = 128 (default)
2024-03-26 11:21:58,039 [7b630919-9d6b-42e9-b08a-8409ae097dea-groupManagement] INFO  server.RaftServerConfigKeys (ConfUtils.java:logGet(46)) - raft.server.log.statemachine.data.sync = true (default)
2024-03-26 11:21:58,039 [7b630919-9d6b-42e9-b08a-8409ae097dea-groupManagement] INFO  server.RaftServerConfigKeys (ConfUtils.java:logGet(46)) - raft.server.log.statemachine.data.sync.timeout = 10s (default)
2024-03-26 11:21:58,039 [7b630919-9d6b-42e9-b08a-8409ae097dea-groupManagement] INFO  server.RaftServerConfigKeys (ConfUtils.java:logGet(46)) - raft.server.log.statemachine.data.sync.timeout.retry = 0 (custom)
2024-03-26 11:21:58,039 [7b630919-9d6b-42e9-b08a-8409ae097dea-groupManagement] INFO  server.RaftServerConfigKeys (ConfUtils.java:logGet(46)) - raft.server.log.write.buffer.size = 8388616 (custom)
2024-03-26 11:21:58,041 [7b630919-9d6b-42e9-b08a-8409ae097dea-groupManagement] INFO  server.RaftServerConfigKeys (ConfUtils.java:logGet(46)) - raft.server.log.appender.buffer.byte-limit = 8388608 (custom)
2024-03-26 11:21:58,041 [7b630919-9d6b-42e9-b08a-8409ae097dea-groupManagement] INFO  server.RaftServerConfigKeys (ConfUtils.java:logGet(46)) - raft.server.log.unsafe-flush.enabled = false (default)
2024-03-26 11:21:58,041 [7b630919-9d6b-42e9-b08a-8409ae097dea-groupManagement] INFO  server.RaftServerConfigKeys (ConfUtils.java:logGet(46)) - raft.server.log.async-flush.enabled = false (default)
2024-03-26 11:21:58,041 [7b630919-9d6b-42e9-b08a-8409ae097dea-groupManagement] INFO  server.RaftServerConfigKeys (ConfUtils.java:logGet(46)) - raft.server.log.statemachine.data.caching.enabled = true (custom)
2024-03-26 11:21:58,042 [7b630919-9d6b-42e9-b08a-8409ae097dea-groupManagement] INFO  segmented.SegmentedRaftLogWorker (SegmentedRaftLogWorker.java:lambda$new$0(134)) - 7b630919-9d6b-42e9-b08a-8409ae097dea@group-F914C1362A36-SegmentedRaftLogWorker: flushIndex: setUnconditionally 0 -> -1
2024-03-26 11:21:58,042 [7b630919-9d6b-42e9-b08a-8409ae097dea-groupManagement] INFO  segmented.SegmentedRaftLogWorker (SegmentedRaftLogWorker.java:lambda$new$0(134)) - 7b630919-9d6b-42e9-b08a-8409ae097dea@group-F914C1362A36-SegmentedRaftLogWorker: safeCacheEvictIndex: setUnconditionally 0 -> -1
2024-03-26 11:21:58,042 [7b630919-9d6b-42e9-b08a-8409ae097dea-groupManagement] INFO  server.RaftServer$Division (RaftServerImpl.java:start(396)) - 7b630919-9d6b-42e9-b08a-8409ae097dea@group-F914C1362A36: start as a follower, conf=-1: peers:[7b630919-9d6b-42e9-b08a-8409ae097dea|10.1.0.22:15034, 12adf753-b9bf-4e27-afc1-d809141df6d3|10.1.0.22:15025, 20ed7fe7-4274-4f1a-9498-93c5abf09f1c|10.1.0.22:15052]|listeners:[], old=null
2024-03-26 11:21:58,042 [7b630919-9d6b-42e9-b08a-8409ae097dea-groupManagement] INFO  server.RaftServer$Division (RaftServerImpl.java:setRole(383)) - 7b630919-9d6b-42e9-b08a-8409ae097dea@group-F914C1362A36: changes role from      null to FOLLOWER at term 0 for startAsFollower
2024-03-26 11:21:58,042 [7b630919-9d6b-42e9-b08a-8409ae097dea-groupManagement] INFO  impl.RoleInfo (RoleInfo.java:updateAndGet(139)) - 7b630919-9d6b-42e9-b08a-8409ae097dea: start 7b630919-9d6b-42e9-b08a-8409ae097dea@group-F914C1362A36-FollowerState
2024-03-26 11:21:58,045 [7b630919-9d6b-42e9-b08a-8409ae097dea-groupManagement] INFO  util.JmxRegister (JmxRegister.java:tryRegister(44)) - Successfully registered JMX Bean with object name Ratis:service=RaftServer,group=group-F914C1362A36,id=7b630919-9d6b-42e9-b08a-8409ae097dea
2024-03-26 11:21:58,045 [7b630919-9d6b-42e9-b08a-8409ae097dea-groupManagement] INFO  server.RaftServerConfigKeys (ConfUtils.java:logGet(46)) - raft.server.snapshot.trigger-when-stop.enabled = true (default)
2024-03-26 11:21:58,046 [7b630919-9d6b-42e9-b08a-8409ae097dea-groupManagement] INFO  server.RaftServerConfigKeys (ConfUtils.java:logGet(46)) - raft.server.snapshot.auto.trigger.enabled = true (custom)
2024-03-26 11:21:58,046 [7b630919-9d6b-42e9-b08a-8409ae097dea-groupManagement] INFO  server.RaftServerConfigKeys (ConfUtils.java:logGet(46)) - raft.server.snapshot.auto.trigger.threshold = 10000 (custom)
2024-03-26 11:21:58,046 [7b630919-9d6b-42e9-b08a-8409ae097dea-groupManagement] INFO  server.RaftServerConfigKeys (ConfUtils.java:logGet(46)) - raft.server.snapshot.retention.file.num = 5 (custom)
2024-03-26 11:21:58,046 [7b630919-9d6b-42e9-b08a-8409ae097dea-groupManagement] INFO  server.RaftServerConfigKeys (ConfUtils.java:logGet(46)) - raft.server.log.purge.upto.snapshot.index = false (default)
2024-03-26 11:21:58,046 [7b630919-9d6b-42e9-b08a-8409ae097dea@group-F914C1362A36-FollowerState] INFO  server.RaftServerConfigKeys (ConfUtils.java:logFallback(53)) - raft.server.rpc.first-election.timeout.min = 5s (fallback to raft.server.rpc.timeout.min)
2024-03-26 11:21:58,047 [7b630919-9d6b-42e9-b08a-8409ae097dea@group-F914C1362A36-FollowerState] INFO  server.RaftServerConfigKeys (ConfUtils.java:logFallback(53)) - raft.server.rpc.first-election.timeout.max = 5200ms (fallback to raft.server.rpc.timeout.max)
2024-03-26 11:21:58,049 [7b630919-9d6b-42e9-b08a-8409ae097dea-PipelineCommandHandlerThread-0] INFO  ratis.XceiverServerRatis (XceiverServerRatis.java:addGroup(864)) - Created group PipelineID=323b38ef-b3a1-4a8d-9eee-f914c1362a36
2024-03-26 11:21:58,059 [grpc-default-executor-2] INFO  server.RaftServer (RaftServerProxy.java:addNew(100)) - 12adf753-b9bf-4e27-afc1-d809141df6d3: addNew group-F914C1362A36:[7b630919-9d6b-42e9-b08a-8409ae097dea|10.1.0.22:15034, 12adf753-b9bf-4e27-afc1-d809141df6d3|10.1.0.22:15025, 20ed7fe7-4274-4f1a-9498-93c5abf09f1c|10.1.0.22:15052] returns group-F914C1362A36:java.util.concurrent.CompletableFuture@14c14e2f[Not completed]
2024-03-26 11:21:58,060 [12adf753-b9bf-4e27-afc1-d809141df6d3-groupManagement] INFO  server.RaftServer$Division (RaftServerImpl.java:<init>(256)) - 12adf753-b9bf-4e27-afc1-d809141df6d3: new RaftServerImpl for group-F914C1362A36:[7b630919-9d6b-42e9-b08a-8409ae097dea|10.1.0.22:15034, 12adf753-b9bf-4e27-afc1-d809141df6d3|10.1.0.22:15025, 20ed7fe7-4274-4f1a-9498-93c5abf09f1c|10.1.0.22:15052] with ContainerStateMachine:uninitialized
2024-03-26 11:21:58,060 [12adf753-b9bf-4e27-afc1-d809141df6d3-groupManagement] INFO  server.RaftServerConfigKeys (ConfUtils.java:logGet(46)) - raft.server.rpc.timeout.min = 5s (custom)
2024-03-26 11:21:58,060 [12adf753-b9bf-4e27-afc1-d809141df6d3-groupManagement] INFO  server.RaftServerConfigKeys (ConfUtils.java:logGet(46)) - raft.server.rpc.timeout.max = 5200ms (custom)
2024-03-26 11:21:58,060 [12adf753-b9bf-4e27-afc1-d809141df6d3-groupManagement] INFO  server.RaftServerConfigKeys (ConfUtils.java:logGet(46)) - raft.server.rpc.sleep.time = 25ms (default)
2024-03-26 11:21:58,060 [12adf753-b9bf-4e27-afc1-d809141df6d3-groupManagement] INFO  server.RaftServerConfigKeys (ConfUtils.java:logGet(46)) - raft.server.rpc.slowness.timeout = 300s (custom)
2024-03-26 11:21:58,060 [12adf753-b9bf-4e27-afc1-d809141df6d3-groupManagement] INFO  server.RaftServerConfigKeys (ConfUtils.java:logGet(46)) - raft.server.leaderelection.leader.step-down.wait-time = 10s (default)
2024-03-26 11:21:58,060 [12adf753-b9bf-4e27-afc1-d809141df6d3-groupManagement] INFO  server.RaftServerConfigKeys (ConfUtils.java:logGet(46)) - raft.server.leaderelection.member.majority-add = false (default)
2024-03-26 11:21:58,060 [12adf753-b9bf-4e27-afc1-d809141df6d3-groupManagement] INFO  server.RaftServerConfigKeys (ConfUtils.java:logGet(46)) - raft.server.sleep.deviation.threshold = 300ms (default)
2024-03-26 11:21:58,061 [12adf753-b9bf-4e27-afc1-d809141df6d3-groupManagement] INFO  server.RaftServer$Division (ServerState.java:<init>(113)) - 12adf753-b9bf-4e27-afc1-d809141df6d3@group-F914C1362A36: ConfigurationManager, init=-1: peers:[7b630919-9d6b-42e9-b08a-8409ae097dea|10.1.0.22:15034, 12adf753-b9bf-4e27-afc1-d809141df6d3|10.1.0.22:15025, 20ed7fe7-4274-4f1a-9498-93c5abf09f1c|10.1.0.22:15052]|listeners:[], old=null, confs=<EMPTY_MAP>
2024-03-26 11:21:58,061 [12adf753-b9bf-4e27-afc1-d809141df6d3-groupManagement] INFO  server.RaftServerConfigKeys (ConfUtils.java:logGet(46)) - raft.server.notification.no-leader.timeout = 300s (custom)
2024-03-26 11:21:58,061 [12adf753-b9bf-4e27-afc1-d809141df6d3-groupManagement] INFO  server.RaftServerConfigKeys (ConfUtils.java:logGet(46)) - raft.server.read.timeout = 10s (default)
2024-03-26 11:21:58,061 [12adf753-b9bf-4e27-afc1-d809141df6d3-groupManagement] INFO  server.RaftServerConfigKeys (ConfUtils.java:logGet(46)) - raft.server.retrycache.expirytime = 600000ms (custom)
2024-03-26 11:21:58,061 [12adf753-b9bf-4e27-afc1-d809141df6d3-groupManagement] INFO  server.RaftServerConfigKeys (ConfUtils.java:logGet(46)) - raft.server.retrycache.statistics.expirytime = 100ms (default)
2024-03-26 11:21:58,061 [12adf753-b9bf-4e27-afc1-d809141df6d3-groupManagement] INFO  server.RaftServerConfigKeys (ConfUtils.java:logGet(46)) - raft.server.read.option = DEFAULT (default)
2024-03-26 11:21:58,061 [12adf753-b9bf-4e27-afc1-d809141df6d3-groupManagement] INFO  server.RaftServerConfigKeys (ConfUtils.java:logGet(46)) - raft.server.read.read-after-write-consistent.write-index-cache.expiry-time = 60s (default)
2024-03-26 11:21:58,063 [12adf753-b9bf-4e27-afc1-d809141df6d3-groupManagement] INFO  server.RaftServerConfigKeys (ConfUtils.java:logGet(46)) - raft.server.rpc.request.timeout = 60s (custom)
2024-03-26 11:21:58,063 [12adf753-b9bf-4e27-afc1-d809141df6d3-groupManagement] INFO  server.RaftServerConfigKeys (ConfUtils.java:logGet(46)) - raft.server.log.appender.install.snapshot.enabled = false (custom)
2024-03-26 11:21:58,063 [12adf753-b9bf-4e27-afc1-d809141df6d3-groupManagement] INFO  server.RaftServerConfigKeys (ConfUtils.java:logGet(46)) - raft.server.threadpool.server.cached = true (default)
2024-03-26 11:21:58,064 [12adf753-b9bf-4e27-afc1-d809141df6d3-groupManagement] INFO  server.RaftServerConfigKeys (ConfUtils.java:logGet(46)) - raft.server.threadpool.server.size = 0 (default)
2024-03-26 11:21:58,064 [12adf753-b9bf-4e27-afc1-d809141df6d3-groupManagement] INFO  server.RaftServerConfigKeys (ConfUtils.java:logGet(46)) - raft.server.threadpool.client.cached = true (default)
2024-03-26 11:21:58,064 [12adf753-b9bf-4e27-afc1-d809141df6d3-groupManagement] INFO  server.RaftServerConfigKeys (ConfUtils.java:logGet(46)) - raft.server.threadpool.client.size = 0 (default)
2024-03-26 11:21:58,064 [12adf753-b9bf-4e27-afc1-d809141df6d3-groupManagement] INFO  server.RaftServerConfigKeys (ConfUtils.java:logGet(46)) - raft.server.storage.free-space.min = 0MB (=0) (default)
2024-03-26 11:21:58,064 [12adf753-b9bf-4e27-afc1-d809141df6d3-groupManagement] INFO  server.RaftServerConfigKeys (ConfUtils.java:logGet(46)) - raft.server.log.corruption.policy = EXCEPTION (default)
2024-03-26 11:21:58,064 [12adf753-b9bf-4e27-afc1-d809141df6d3-groupManagement] INFO  server.RaftServerConfigKeys (ConfUtils.java:logGet(46)) - raft.server.storage.dir = [/home/runner/work/ozone/ozone/hadoop-ozone/integration-test/target/test-dir/MiniOzoneClusterImpl-b6d037e4-5d8b-4372-b4a2-3c33797d8bad/ozone-meta/datanode-2/ratis] (custom)
2024-03-26 11:21:58,064 [12adf753-b9bf-4e27-afc1-d809141df6d3-groupManagement] INFO  storage.RaftStorageDirectory (RaftStorageDirectoryImpl.java:analyzeStorage(138)) - The storage directory /home/runner/work/ozone/ozone/hadoop-ozone/integration-test/target/test-dir/MiniOzoneClusterImpl-b6d037e4-5d8b-4372-b4a2-3c33797d8bad/ozone-meta/datanode-2/ratis/323b38ef-b3a1-4a8d-9eee-f914c1362a36 does not exist. Creating ...
2024-03-26 11:21:58,066 [12adf753-b9bf-4e27-afc1-d809141df6d3-groupManagement] INFO  storage.RaftStorageDirectory (RaftStorageDirectoryImpl.java:tryLock(228)) - Lock on /home/runner/work/ozone/ozone/hadoop-ozone/integration-test/target/test-dir/MiniOzoneClusterImpl-b6d037e4-5d8b-4372-b4a2-3c33797d8bad/ozone-meta/datanode-2/ratis/323b38ef-b3a1-4a8d-9eee-f914c1362a36/in_use.lock acquired by nodename 19005@fv-az1147-978
2024-03-26 11:21:58,067 [12adf753-b9bf-4e27-afc1-d809141df6d3-groupManagement] INFO  storage.RaftStorage (RaftStorageImpl.java:format(99)) - Storage directory /home/runner/work/ozone/ozone/hadoop-ozone/integration-test/target/test-dir/MiniOzoneClusterImpl-b6d037e4-5d8b-4372-b4a2-3c33797d8bad/ozone-meta/datanode-2/ratis/323b38ef-b3a1-4a8d-9eee-f914c1362a36 has been successfully formatted.
2024-03-26 11:21:58,068 [12adf753-b9bf-4e27-afc1-d809141df6d3-groupManagement] WARN  util.FileUtils (LogUtils.java:supplyAndLog(63)) - Failed to Files.newInputStream /home/runner/work/ozone/ozone/hadoop-ozone/integration-test/target/test-dir/MiniOzoneClusterImpl-b6d037e4-5d8b-4372-b4a2-3c33797d8bad/ozone-meta/datanode-2/ratis/323b38ef-b3a1-4a8d-9eee-f914c1362a36/current/raft-meta.conf with options []: java.nio.file.NoSuchFileException: /home/runner/work/ozone/ozone/hadoop-ozone/integration-test/target/test-dir/MiniOzoneClusterImpl-b6d037e4-5d8b-4372-b4a2-3c33797d8bad/ozone-meta/datanode-2/ratis/323b38ef-b3a1-4a8d-9eee-f914c1362a36/current/raft-meta.conf
2024-03-26 11:21:58,068 [12adf753-b9bf-4e27-afc1-d809141df6d3-groupManagement] INFO  ratis.ContainerStateMachine (ContainerStateMachine.java:loadSnapshot(287)) - group-F914C1362A36: The snapshot info is null. Setting the last applied index to:(t:0, i:~)
2024-03-26 11:21:58,069 [12adf753-b9bf-4e27-afc1-d809141df6d3-groupManagement] INFO  server.RaftServerConfigKeys (ConfUtils.java:logGet(46)) - raft.server.log.use.memory = false (default)
2024-03-26 11:21:58,069 [12adf753-b9bf-4e27-afc1-d809141df6d3-groupManagement] INFO  server.RaftServerConfigKeys (ConfUtils.java:logGet(46)) - raft.server.log.purge.gap = 1000000 (custom)
2024-03-26 11:21:58,070 [Recon-EventQueue-PipelineReportForReconPipelineReportHandler] INFO  scm.ReconPipelineReportHandler (ReconPipelineReportHandler.java:processPipelineReport(103)) - Pipeline RATIS/THREE PipelineID=323b38ef-b3a1-4a8d-9eee-f914c1362a36 reported by 12adf753-b9bf-4e27-afc1-d809141df6d3(fv-az1147-978/10.1.0.22)
2024-03-26 11:21:58,070 [12adf753-b9bf-4e27-afc1-d809141df6d3-groupManagement] INFO  server.RaftServerConfigKeys (ConfUtils.java:logGet(46)) - raft.server.log.appender.buffer.byte-limit = 8388608 (custom)
2024-03-26 11:21:58,070 [12adf753-b9bf-4e27-afc1-d809141df6d3-groupManagement] INFO  server.RaftServerConfigKeys (ConfUtils.java:logGet(46)) - raft.server.log.statemachine.data.read.timeout = 1000ms (default)
2024-03-26 11:21:58,070 [12adf753-b9bf-4e27-afc1-d809141df6d3-groupManagement] INFO  server.RaftServerConfigKeys (ConfUtils.java:logGet(46)) - raft.server.log.purge.preservation.log.num = 0 (default)
2024-03-26 11:21:58,071 [12adf753-b9bf-4e27-afc1-d809141df6d3-groupManagement] INFO  server.RaftServerConfigKeys (ConfUtils.java:logGet(46)) - raft.server.log.segment.size.max = 67108864 (custom)
2024-03-26 11:21:58,072 [12adf753-b9bf-4e27-afc1-d809141df6d3-groupManagement] INFO  server.RaftServerConfigKeys (ConfUtils.java:logGet(46)) - raft.server.log.segment.cache.num.max = 2 (custom)
2024-03-26 11:21:58,072 [12adf753-b9bf-4e27-afc1-d809141df6d3-groupManagement] INFO  server.RaftServerConfigKeys (ConfUtils.java:logGet(46)) - raft.server.log.segment.cache.size.max = 200MB (=209715200) (default)
2024-03-26 11:21:58,072 [12adf753-b9bf-4e27-afc1-d809141df6d3-groupManagement] INFO  server.RaftServerConfigKeys (ConfUtils.java:logGet(46)) - raft.server.log.appender.buffer.byte-limit = 8388608 (custom)
2024-03-26 11:21:58,081 [12adf753-b9bf-4e27-afc1-d809141df6d3-groupManagement] INFO  util.AwaitToRun (AwaitToRun.java:start(81)) - Thread[12adf753-b9bf-4e27-afc1-d809141df6d3@group-F914C1362A36-cacheEviction-AwaitToRun,5,main] started
2024-03-26 11:21:58,081 [12adf753-b9bf-4e27-afc1-d809141df6d3-groupManagement] INFO  segmented.SegmentedRaftLogWorker (SegmentedRaftLogWorker.java:<init>(182)) - new 12adf753-b9bf-4e27-afc1-d809141df6d3@group-F914C1362A36-SegmentedRaftLogWorker for RaftStorageImpl:Storage Directory /home/runner/work/ozone/ozone/hadoop-ozone/integration-test/target/test-dir/MiniOzoneClusterImpl-b6d037e4-5d8b-4372-b4a2-3c33797d8bad/ozone-meta/datanode-2/ratis/323b38ef-b3a1-4a8d-9eee-f914c1362a36
2024-03-26 11:21:58,081 [12adf753-b9bf-4e27-afc1-d809141df6d3-groupManagement] INFO  server.RaftServerConfigKeys (ConfUtils.java:logGet(46)) - raft.server.log.queue.byte-limit = 4294967296 (custom)
2024-03-26 11:21:58,082 [12adf753-b9bf-4e27-afc1-d809141df6d3-groupManagement] INFO  server.RaftServerConfigKeys (ConfUtils.java:logGet(46)) - raft.server.log.queue.element-limit = 1024 (custom)
2024-03-26 11:21:58,082 [12adf753-b9bf-4e27-afc1-d809141df6d3-groupManagement] INFO  server.RaftServerConfigKeys (ConfUtils.java:logGet(46)) - raft.server.log.segment.size.max = 67108864 (custom)
2024-03-26 11:21:58,082 [12adf753-b9bf-4e27-afc1-d809141df6d3-groupManagement] INFO  server.RaftServerConfigKeys (ConfUtils.java:logGet(46)) - raft.server.log.preallocated.size = 4194304 (custom)
2024-03-26 11:21:58,082 [12adf753-b9bf-4e27-afc1-d809141df6d3-groupManagement] INFO  server.RaftServerConfigKeys (ConfUtils.java:logGet(46)) - raft.server.log.force.sync.num = 128 (default)
2024-03-26 11:21:58,082 [12adf753-b9bf-4e27-afc1-d809141df6d3-groupManagement] INFO  server.RaftServerConfigKeys (ConfUtils.java:logGet(46)) - raft.server.log.statemachine.data.sync = true (default)
2024-03-26 11:21:58,082 [12adf753-b9bf-4e27-afc1-d809141df6d3-groupManagement] INFO  server.RaftServerConfigKeys (ConfUtils.java:logGet(46)) - raft.server.log.statemachine.data.sync.timeout = 10s (default)
2024-03-26 11:21:58,082 [12adf753-b9bf-4e27-afc1-d809141df6d3-groupManagement] INFO  server.RaftServerConfigKeys (ConfUtils.java:logGet(46)) - raft.server.log.statemachine.data.sync.timeout.retry = 0 (custom)
2024-03-26 11:21:58,082 [12adf753-b9bf-4e27-afc1-d809141df6d3-groupManagement] INFO  server.RaftServerConfigKeys (ConfUtils.java:logGet(46)) - raft.server.log.write.buffer.size = 8388616 (custom)
2024-03-26 11:21:58,084 [12adf753-b9bf-4e27-afc1-d809141df6d3-groupManagement] INFO  server.RaftServerConfigKeys (ConfUtils.java:logGet(46)) - raft.server.log.appender.buffer.byte-limit = 8388608 (custom)
2024-03-26 11:21:58,084 [12adf753-b9bf-4e27-afc1-d809141df6d3-groupManagement] INFO  server.RaftServerConfigKeys (ConfUtils.java:logGet(46)) - raft.server.log.unsafe-flush.enabled = false (default)
2024-03-26 11:21:58,084 [12adf753-b9bf-4e27-afc1-d809141df6d3-groupManagement] INFO  server.RaftServerConfigKeys (ConfUtils.java:logGet(46)) - raft.server.log.async-flush.enabled = false (default)
2024-03-26 11:21:58,084 [12adf753-b9bf-4e27-afc1-d809141df6d3-groupManagement] INFO  server.RaftServerConfigKeys (ConfUtils.java:logGet(46)) - raft.server.log.statemachine.data.caching.enabled = true (custom)
2024-03-26 11:21:58,085 [12adf753-b9bf-4e27-afc1-d809141df6d3-groupManagement] INFO  segmented.SegmentedRaftLogWorker (SegmentedRaftLogWorker.java:lambda$new$0(134)) - 12adf753-b9bf-4e27-afc1-d809141df6d3@group-F914C1362A36-SegmentedRaftLogWorker: flushIndex: setUnconditionally 0 -> -1
2024-03-26 11:21:58,085 [12adf753-b9bf-4e27-afc1-d809141df6d3-groupManagement] INFO  segmented.SegmentedRaftLogWorker (SegmentedRaftLogWorker.java:lambda$new$0(134)) - 12adf753-b9bf-4e27-afc1-d809141df6d3@group-F914C1362A36-SegmentedRaftLogWorker: safeCacheEvictIndex: setUnconditionally 0 -> -1
2024-03-26 11:21:58,087 [12adf753-b9bf-4e27-afc1-d809141df6d3-groupManagement] INFO  server.RaftServer$Division (RaftServerImpl.java:start(396)) - 12adf753-b9bf-4e27-afc1-d809141df6d3@group-F914C1362A36: start as a follower, conf=-1: peers:[7b630919-9d6b-42e9-b08a-8409ae097dea|10.1.0.22:15034, 12adf753-b9bf-4e27-afc1-d809141df6d3|10.1.0.22:15025, 20ed7fe7-4274-4f1a-9498-93c5abf09f1c|10.1.0.22:15052]|listeners:[], old=null
2024-03-26 11:21:58,087 [12adf753-b9bf-4e27-afc1-d809141df6d3-groupManagement] INFO  server.RaftServer$Division (RaftServerImpl.java:setRole(383)) - 12adf753-b9bf-4e27-afc1-d809141df6d3@group-F914C1362A36: changes role from      null to FOLLOWER at term 0 for startAsFollower
2024-03-26 11:21:58,087 [12adf753-b9bf-4e27-afc1-d809141df6d3-groupManagement] INFO  impl.RoleInfo (RoleInfo.java:updateAndGet(139)) - 12adf753-b9bf-4e27-afc1-d809141df6d3: start 12adf753-b9bf-4e27-afc1-d809141df6d3@group-F914C1362A36-FollowerState
2024-03-26 11:21:58,088 [12adf753-b9bf-4e27-afc1-d809141df6d3-groupManagement] INFO  util.JmxRegister (JmxRegister.java:tryRegister(44)) - Successfully registered JMX Bean with object name Ratis:service=RaftServer,group=group-F914C1362A36,id=12adf753-b9bf-4e27-afc1-d809141df6d3
2024-03-26 11:21:58,088 [12adf753-b9bf-4e27-afc1-d809141df6d3-groupManagement] INFO  server.RaftServerConfigKeys (ConfUtils.java:logGet(46)) - raft.server.snapshot.trigger-when-stop.enabled = true (default)
2024-03-26 11:21:58,088 [12adf753-b9bf-4e27-afc1-d809141df6d3-groupManagement] INFO  server.RaftServerConfigKeys (ConfUtils.java:logGet(46)) - raft.server.snapshot.auto.trigger.enabled = true (custom)
2024-03-26 11:21:58,088 [12adf753-b9bf-4e27-afc1-d809141df6d3-groupManagement] INFO  server.RaftServerConfigKeys (ConfUtils.java:logGet(46)) - raft.server.snapshot.auto.trigger.threshold = 10000 (custom)
2024-03-26 11:21:58,088 [12adf753-b9bf-4e27-afc1-d809141df6d3-groupManagement] INFO  server.RaftServerConfigKeys (ConfUtils.java:logGet(46)) - raft.server.snapshot.retention.file.num = 5 (custom)
2024-03-26 11:21:58,088 [12adf753-b9bf-4e27-afc1-d809141df6d3-groupManagement] INFO  server.RaftServerConfigKeys (ConfUtils.java:logGet(46)) - raft.server.log.purge.upto.snapshot.index = false (default)
2024-03-26 11:21:58,088 [12adf753-b9bf-4e27-afc1-d809141df6d3@group-F914C1362A36-FollowerState] INFO  server.RaftServerConfigKeys (ConfUtils.java:logFallback(53)) - raft.server.rpc.first-election.timeout.min = 5s (fallback to raft.server.rpc.timeout.min)
2024-03-26 11:21:58,098 [12adf753-b9bf-4e27-afc1-d809141df6d3@group-F914C1362A36-FollowerState] INFO  server.RaftServerConfigKeys (ConfUtils.java:logFallback(53)) - raft.server.rpc.first-election.timeout.max = 5200ms (fallback to raft.server.rpc.timeout.max)
2024-03-26 11:21:58,109 [grpc-default-executor-2] INFO  server.RaftServer (RaftServerProxy.java:addNew(100)) - 20ed7fe7-4274-4f1a-9498-93c5abf09f1c: addNew group-F914C1362A36:[7b630919-9d6b-42e9-b08a-8409ae097dea|10.1.0.22:15034, 12adf753-b9bf-4e27-afc1-d809141df6d3|10.1.0.22:15025, 20ed7fe7-4274-4f1a-9498-93c5abf09f1c|10.1.0.22:15052] returns group-F914C1362A36:java.util.concurrent.CompletableFuture@b81498c[Not completed]
2024-03-26 11:21:58,110 [20ed7fe7-4274-4f1a-9498-93c5abf09f1c-groupManagement] INFO  server.RaftServer$Division (RaftServerImpl.java:<init>(256)) - 20ed7fe7-4274-4f1a-9498-93c5abf09f1c: new RaftServerImpl for group-F914C1362A36:[7b630919-9d6b-42e9-b08a-8409ae097dea|10.1.0.22:15034, 12adf753-b9bf-4e27-afc1-d809141df6d3|10.1.0.22:15025, 20ed7fe7-4274-4f1a-9498-93c5abf09f1c|10.1.0.22:15052] with ContainerStateMachine:uninitialized
2024-03-26 11:21:58,110 [20ed7fe7-4274-4f1a-9498-93c5abf09f1c-groupManagement] INFO  server.RaftServerConfigKeys (ConfUtils.java:logGet(46)) - raft.server.rpc.timeout.min = 5s (custom)
2024-03-26 11:21:58,110 [20ed7fe7-4274-4f1a-9498-93c5abf09f1c-groupManagement] INFO  server.RaftServerConfigKeys (ConfUtils.java:logGet(46)) - raft.server.rpc.timeout.max = 5200ms (custom)
2024-03-26 11:21:58,110 [20ed7fe7-4274-4f1a-9498-93c5abf09f1c-groupManagement] INFO  server.RaftServerConfigKeys (ConfUtils.java:logGet(46)) - raft.server.rpc.sleep.time = 25ms (default)
2024-03-26 11:21:58,110 [20ed7fe7-4274-4f1a-9498-93c5abf09f1c-groupManagement] INFO  server.RaftServerConfigKeys (ConfUtils.java:logGet(46)) - raft.server.rpc.slowness.timeout = 300s (custom)
2024-03-26 11:21:58,111 [20ed7fe7-4274-4f1a-9498-93c5abf09f1c-groupManagement] INFO  server.RaftServerConfigKeys (ConfUtils.java:logGet(46)) - raft.server.leaderelection.leader.step-down.wait-time = 10s (default)
2024-03-26 11:21:58,111 [20ed7fe7-4274-4f1a-9498-93c5abf09f1c-groupManagement] INFO  server.RaftServerConfigKeys (ConfUtils.java:logGet(46)) - raft.server.leaderelection.member.majority-add = false (default)
2024-03-26 11:21:58,111 [20ed7fe7-4274-4f1a-9498-93c5abf09f1c-groupManagement] INFO  server.RaftServerConfigKeys (ConfUtils.java:logGet(46)) - raft.server.sleep.deviation.threshold = 300ms (default)
2024-03-26 11:21:58,111 [20ed7fe7-4274-4f1a-9498-93c5abf09f1c-groupManagement] INFO  server.RaftServer$Division (ServerState.java:<init>(113)) - 20ed7fe7-4274-4f1a-9498-93c5abf09f1c@group-F914C1362A36: ConfigurationManager, init=-1: peers:[7b630919-9d6b-42e9-b08a-8409ae097dea|10.1.0.22:15034, 12adf753-b9bf-4e27-afc1-d809141df6d3|10.1.0.22:15025, 20ed7fe7-4274-4f1a-9498-93c5abf09f1c|10.1.0.22:15052]|listeners:[], old=null, confs=<EMPTY_MAP>
2024-03-26 11:21:58,111 [20ed7fe7-4274-4f1a-9498-93c5abf09f1c-groupManagement] INFO  server.RaftServerConfigKeys (ConfUtils.java:logGet(46)) - raft.server.notification.no-leader.timeout = 300s (custom)
2024-03-26 11:21:58,111 [20ed7fe7-4274-4f1a-9498-93c5abf09f1c-groupManagement] INFO  server.RaftServerConfigKeys (ConfUtils.java:logGet(46)) - raft.server.read.timeout = 10s (default)
2024-03-26 11:21:58,111 [20ed7fe7-4274-4f1a-9498-93c5abf09f1c-groupManagement] INFO  server.RaftServerConfigKeys (ConfUtils.java:logGet(46)) - raft.server.retrycache.expirytime = 600000ms (custom)
2024-03-26 11:21:58,111 [20ed7fe7-4274-4f1a-9498-93c5abf09f1c-groupManagement] INFO  server.RaftServerConfigKeys (ConfUtils.java:logGet(46)) - raft.server.retrycache.statistics.expirytime = 100ms (default)
2024-03-26 11:21:58,111 [20ed7fe7-4274-4f1a-9498-93c5abf09f1c-groupManagement] INFO  server.RaftServerConfigKeys (ConfUtils.java:logGet(46)) - raft.server.read.option = DEFAULT (default)
2024-03-26 11:21:58,111 [20ed7fe7-4274-4f1a-9498-93c5abf09f1c-groupManagement] INFO  server.RaftServerConfigKeys (ConfUtils.java:logGet(46)) - raft.server.read.read-after-write-consistent.write-index-cache.expiry-time = 60s (default)
2024-03-26 11:21:58,114 [20ed7fe7-4274-4f1a-9498-93c5abf09f1c-groupManagement] INFO  server.RaftServerConfigKeys (ConfUtils.java:logGet(46)) - raft.server.rpc.request.timeout = 60s (custom)
2024-03-26 11:21:58,114 [20ed7fe7-4274-4f1a-9498-93c5abf09f1c-groupManagement] INFO  server.RaftServerConfigKeys (ConfUtils.java:logGet(46)) - raft.server.log.appender.install.snapshot.enabled = false (custom)
2024-03-26 11:21:58,114 [20ed7fe7-4274-4f1a-9498-93c5abf09f1c-groupManagement] INFO  server.RaftServerConfigKeys (ConfUtils.java:logGet(46)) - raft.server.threadpool.server.cached = true (default)
2024-03-26 11:21:58,114 [20ed7fe7-4274-4f1a-9498-93c5abf09f1c-groupManagement] INFO  server.RaftServerConfigKeys (ConfUtils.java:logGet(46)) - raft.server.threadpool.server.size = 0 (default)
2024-03-26 11:21:58,114 [20ed7fe7-4274-4f1a-9498-93c5abf09f1c-groupManagement] INFO  server.RaftServerConfigKeys (ConfUtils.java:logGet(46)) - raft.server.threadpool.client.cached = true (default)
2024-03-26 11:21:58,114 [20ed7fe7-4274-4f1a-9498-93c5abf09f1c-groupManagement] INFO  server.RaftServerConfigKeys (ConfUtils.java:logGet(46)) - raft.server.threadpool.client.size = 0 (default)
2024-03-26 11:21:58,114 [20ed7fe7-4274-4f1a-9498-93c5abf09f1c-groupManagement] INFO  server.RaftServerConfigKeys (ConfUtils.java:logGet(46)) - raft.server.storage.free-space.min = 0MB (=0) (default)
2024-03-26 11:21:58,114 [20ed7fe7-4274-4f1a-9498-93c5abf09f1c-groupManagement] INFO  server.RaftServerConfigKeys (ConfUtils.java:logGet(46)) - raft.server.log.corruption.policy = EXCEPTION (default)
2024-03-26 11:21:58,114 [20ed7fe7-4274-4f1a-9498-93c5abf09f1c-groupManagement] INFO  server.RaftServerConfigKeys (ConfUtils.java:logGet(46)) - raft.server.storage.dir = [/home/runner/work/ozone/ozone/hadoop-ozone/integration-test/target/test-dir/MiniOzoneClusterImpl-b6d037e4-5d8b-4372-b4a2-3c33797d8bad/ozone-meta/datanode-5/ratis] (custom)
2024-03-26 11:21:58,115 [20ed7fe7-4274-4f1a-9498-93c5abf09f1c-groupManagement] INFO  storage.RaftStorageDirectory (RaftStorageDirectoryImpl.java:analyzeStorage(138)) - The storage directory /home/runner/work/ozone/ozone/hadoop-ozone/integration-test/target/test-dir/MiniOzoneClusterImpl-b6d037e4-5d8b-4372-b4a2-3c33797d8bad/ozone-meta/datanode-5/ratis/323b38ef-b3a1-4a8d-9eee-f914c1362a36 does not exist. Creating ...
2024-03-26 11:21:58,116 [20ed7fe7-4274-4f1a-9498-93c5abf09f1c-groupManagement] INFO  storage.RaftStorageDirectory (RaftStorageDirectoryImpl.java:tryLock(228)) - Lock on /home/runner/work/ozone/ozone/hadoop-ozone/integration-test/target/test-dir/MiniOzoneClusterImpl-b6d037e4-5d8b-4372-b4a2-3c33797d8bad/ozone-meta/datanode-5/ratis/323b38ef-b3a1-4a8d-9eee-f914c1362a36/in_use.lock acquired by nodename 19005@fv-az1147-978
2024-03-26 11:21:58,117 [20ed7fe7-4274-4f1a-9498-93c5abf09f1c-groupManagement] INFO  storage.RaftStorage (RaftStorageImpl.java:format(99)) - Storage directory /home/runner/work/ozone/ozone/hadoop-ozone/integration-test/target/test-dir/MiniOzoneClusterImpl-b6d037e4-5d8b-4372-b4a2-3c33797d8bad/ozone-meta/datanode-5/ratis/323b38ef-b3a1-4a8d-9eee-f914c1362a36 has been successfully formatted.
2024-03-26 11:21:58,117 [20ed7fe7-4274-4f1a-9498-93c5abf09f1c-groupManagement] WARN  util.FileUtils (LogUtils.java:supplyAndLog(63)) - Failed to Files.newInputStream /home/runner/work/ozone/ozone/hadoop-ozone/integration-test/target/test-dir/MiniOzoneClusterImpl-b6d037e4-5d8b-4372-b4a2-3c33797d8bad/ozone-meta/datanode-5/ratis/323b38ef-b3a1-4a8d-9eee-f914c1362a36/current/raft-meta.conf with options []: java.nio.file.NoSuchFileException: /home/runner/work/ozone/ozone/hadoop-ozone/integration-test/target/test-dir/MiniOzoneClusterImpl-b6d037e4-5d8b-4372-b4a2-3c33797d8bad/ozone-meta/datanode-5/ratis/323b38ef-b3a1-4a8d-9eee-f914c1362a36/current/raft-meta.conf
2024-03-26 11:21:58,118 [20ed7fe7-4274-4f1a-9498-93c5abf09f1c-groupManagement] INFO  ratis.ContainerStateMachine (ContainerStateMachine.java:loadSnapshot(287)) - group-F914C1362A36: The snapshot info is null. Setting the last applied index to:(t:0, i:~)
2024-03-26 11:21:58,118 [Recon-EventQueue-PipelineReportForReconPipelineReportHandler] INFO  scm.ReconPipelineReportHandler (ReconPipelineReportHandler.java:processPipelineReport(103)) - Pipeline RATIS/THREE PipelineID=323b38ef-b3a1-4a8d-9eee-f914c1362a36 reported by 20ed7fe7-4274-4f1a-9498-93c5abf09f1c(fv-az1147-978/10.1.0.22)
2024-03-26 11:21:58,118 [20ed7fe7-4274-4f1a-9498-93c5abf09f1c-groupManagement] INFO  server.RaftServerConfigKeys (ConfUtils.java:logGet(46)) - raft.server.log.use.memory = false (default)
2024-03-26 11:21:58,119 [EventQueue-PipelineReportForPipelineReportHandler] INFO  pipeline.PipelineReportHandler (PipelineReportHandler.java:processPipelineReport(115)) - Reported pipeline PipelineID=985eba48-2fc1-4325-9bee-5fb18d2ab4db is not found
2024-03-26 11:21:58,119 [20ed7fe7-4274-4f1a-9498-93c5abf09f1c-groupManagement] INFO  server.RaftServerConfigKeys (ConfUtils.java:logGet(46)) - raft.server.log.purge.gap = 1000000 (custom)
2024-03-26 11:21:58,120 [20ed7fe7-4274-4f1a-9498-93c5abf09f1c-groupManagement] INFO  server.RaftServerConfigKeys (ConfUtils.java:logGet(46)) - raft.server.log.appender.buffer.byte-limit = 8388608 (custom)
2024-03-26 11:21:58,120 [20ed7fe7-4274-4f1a-9498-93c5abf09f1c-groupManagement] INFO  server.RaftServerConfigKeys (ConfUtils.java:logGet(46)) - raft.server.log.statemachine.data.read.timeout = 1000ms (default)
2024-03-26 11:21:58,120 [20ed7fe7-4274-4f1a-9498-93c5abf09f1c-groupManagement] INFO  server.RaftServerConfigKeys (ConfUtils.java:logGet(46)) - raft.server.log.purge.preservation.log.num = 0 (default)
2024-03-26 11:21:58,121 [20ed7fe7-4274-4f1a-9498-93c5abf09f1c-groupManagement] INFO  server.RaftServerConfigKeys (ConfUtils.java:logGet(46)) - raft.server.log.segment.size.max = 67108864 (custom)
2024-03-26 11:21:58,121 [20ed7fe7-4274-4f1a-9498-93c5abf09f1c-groupManagement] INFO  server.RaftServerConfigKeys (ConfUtils.java:logGet(46)) - raft.server.log.segment.cache.num.max = 2 (custom)
2024-03-26 11:21:58,121 [20ed7fe7-4274-4f1a-9498-93c5abf09f1c-groupManagement] INFO  server.RaftServerConfigKeys (ConfUtils.java:logGet(46)) - raft.server.log.segment.cache.size.max = 200MB (=209715200) (default)
2024-03-26 11:21:58,122 [20ed7fe7-4274-4f1a-9498-93c5abf09f1c-groupManagement] INFO  server.RaftServerConfigKeys (ConfUtils.java:logGet(46)) - raft.server.log.appender.buffer.byte-limit = 8388608 (custom)
2024-03-26 11:21:58,122 [20ed7fe7-4274-4f1a-9498-93c5abf09f1c-groupManagement] INFO  util.AwaitToRun (AwaitToRun.java:start(81)) - Thread[20ed7fe7-4274-4f1a-9498-93c5abf09f1c@group-F914C1362A36-cacheEviction-AwaitToRun,5,main] started
2024-03-26 11:21:58,122 [20ed7fe7-4274-4f1a-9498-93c5abf09f1c-groupManagement] INFO  segmented.SegmentedRaftLogWorker (SegmentedRaftLogWorker.java:<init>(182)) - new 20ed7fe7-4274-4f1a-9498-93c5abf09f1c@group-F914C1362A36-SegmentedRaftLogWorker for RaftStorageImpl:Storage Directory /home/runner/work/ozone/ozone/hadoop-ozone/integration-test/target/test-dir/MiniOzoneClusterImpl-b6d037e4-5d8b-4372-b4a2-3c33797d8bad/ozone-meta/datanode-5/ratis/323b38ef-b3a1-4a8d-9eee-f914c1362a36
2024-03-26 11:21:58,122 [20ed7fe7-4274-4f1a-9498-93c5abf09f1c-groupManagement] INFO  server.RaftServerConfigKeys (ConfUtils.java:logGet(46)) - raft.server.log.queue.byte-limit = 4294967296 (custom)
2024-03-26 11:21:58,122 [20ed7fe7-4274-4f1a-9498-93c5abf09f1c-groupManagement] INFO  server.RaftServerConfigKeys (ConfUtils.java:logGet(46)) - raft.server.log.queue.element-limit = 1024 (custom)
2024-03-26 11:21:58,122 [20ed7fe7-4274-4f1a-9498-93c5abf09f1c-groupManagement] INFO  server.RaftServerConfigKeys (ConfUtils.java:logGet(46)) - raft.server.log.segment.size.max = 67108864 (custom)
2024-03-26 11:21:58,123 [20ed7fe7-4274-4f1a-9498-93c5abf09f1c-groupManagement] INFO  server.RaftServerConfigKeys (ConfUtils.java:logGet(46)) - raft.server.log.preallocated.size = 4194304 (custom)
2024-03-26 11:21:58,123 [20ed7fe7-4274-4f1a-9498-93c5abf09f1c-groupManagement] INFO  server.RaftServerConfigKeys (ConfUtils.java:logGet(46)) - raft.server.log.force.sync.num = 128 (default)
2024-03-26 11:21:58,123 [20ed7fe7-4274-4f1a-9498-93c5abf09f1c-groupManagement] INFO  server.RaftServerConfigKeys (ConfUtils.java:logGet(46)) - raft.server.log.statemachine.data.sync = true (default)
2024-03-26 11:21:58,123 [20ed7fe7-4274-4f1a-9498-93c5abf09f1c-groupManagement] INFO  server.RaftServerConfigKeys (ConfUtils.java:logGet(46)) - raft.server.log.statemachine.data.sync.timeout = 10s (default)
2024-03-26 11:21:58,123 [20ed7fe7-4274-4f1a-9498-93c5abf09f1c-groupManagement] INFO  server.RaftServerConfigKeys (ConfUtils.java:logGet(46)) - raft.server.log.statemachine.data.sync.timeout.retry = 0 (custom)
2024-03-26 11:21:58,123 [20ed7fe7-4274-4f1a-9498-93c5abf09f1c-groupManagement] INFO  server.RaftServerConfigKeys (ConfUtils.java:logGet(46)) - raft.server.log.write.buffer.size = 8388616 (custom)
2024-03-26 11:21:58,125 [20ed7fe7-4274-4f1a-9498-93c5abf09f1c-groupManagement] INFO  server.RaftServerConfigKeys (ConfUtils.java:logGet(46)) - raft.server.log.appender.buffer.byte-limit = 8388608 (custom)
2024-03-26 11:21:58,125 [20ed7fe7-4274-4f1a-9498-93c5abf09f1c-groupManagement] INFO  server.RaftServerConfigKeys (ConfUtils.java:logGet(46)) - raft.server.log.unsafe-flush.enabled = false (default)
2024-03-26 11:21:58,125 [20ed7fe7-4274-4f1a-9498-93c5abf09f1c-groupManagement] INFO  server.RaftServerConfigKeys (ConfUtils.java:logGet(46)) - raft.server.log.async-flush.enabled = false (default)
2024-03-26 11:21:58,125 [20ed7fe7-4274-4f1a-9498-93c5abf09f1c-groupManagement] INFO  server.RaftServerConfigKeys (ConfUtils.java:logGet(46)) - raft.server.log.statemachine.data.caching.enabled = true (custom)
2024-03-26 11:21:58,126 [20ed7fe7-4274-4f1a-9498-93c5abf09f1c-groupManagement] INFO  segmented.SegmentedRaftLogWorker (SegmentedRaftLogWorker.java:lambda$new$0(134)) - 20ed7fe7-4274-4f1a-9498-93c5abf09f1c@group-F914C1362A36-SegmentedRaftLogWorker: flushIndex: setUnconditionally 0 -> -1
2024-03-26 11:21:58,126 [20ed7fe7-4274-4f1a-9498-93c5abf09f1c-groupManagement] INFO  segmented.SegmentedRaftLogWorker (SegmentedRaftLogWorker.java:lambda$new$0(134)) - 20ed7fe7-4274-4f1a-9498-93c5abf09f1c@group-F914C1362A36-SegmentedRaftLogWorker: safeCacheEvictIndex: setUnconditionally 0 -> -1
2024-03-26 11:21:58,126 [20ed7fe7-4274-4f1a-9498-93c5abf09f1c-groupManagement] INFO  server.RaftServer$Division (RaftServerImpl.java:start(396)) - 20ed7fe7-4274-4f1a-9498-93c5abf09f1c@group-F914C1362A36: start as a follower, conf=-1: peers:[7b630919-9d6b-42e9-b08a-8409ae097dea|10.1.0.22:15034, 12adf753-b9bf-4e27-afc1-d809141df6d3|10.1.0.22:15025, 20ed7fe7-4274-4f1a-9498-93c5abf09f1c|10.1.0.22:15052]|listeners:[], old=null
2024-03-26 11:21:58,126 [20ed7fe7-4274-4f1a-9498-93c5abf09f1c-groupManagement] INFO  server.RaftServer$Division (RaftServerImpl.java:setRole(383)) - 20ed7fe7-4274-4f1a-9498-93c5abf09f1c@group-F914C1362A36: changes role from      null to FOLLOWER at term 0 for startAsFollower
2024-03-26 11:21:58,126 [20ed7fe7-4274-4f1a-9498-93c5abf09f1c-groupManagement] INFO  impl.RoleInfo (RoleInfo.java:updateAndGet(139)) - 20ed7fe7-4274-4f1a-9498-93c5abf09f1c: start 20ed7fe7-4274-4f1a-9498-93c5abf09f1c@group-F914C1362A36-FollowerState
2024-03-26 11:21:58,127 [20ed7fe7-4274-4f1a-9498-93c5abf09f1c@group-F914C1362A36-FollowerState] INFO  server.RaftServerConfigKeys (ConfUtils.java:logFallback(53)) - raft.server.rpc.first-election.timeout.min = 5s (fallback to raft.server.rpc.timeout.min)
2024-03-26 11:21:58,127 [20ed7fe7-4274-4f1a-9498-93c5abf09f1c@group-F914C1362A36-FollowerState] INFO  server.RaftServerConfigKeys (ConfUtils.java:logFallback(53)) - raft.server.rpc.first-election.timeout.max = 5200ms (fallback to raft.server.rpc.timeout.max)
2024-03-26 11:21:58,127 [20ed7fe7-4274-4f1a-9498-93c5abf09f1c-groupManagement] INFO  util.JmxRegister (JmxRegister.java:tryRegister(44)) - Successfully registered JMX Bean with object name Ratis:service=RaftServer,group=group-F914C1362A36,id=20ed7fe7-4274-4f1a-9498-93c5abf09f1c
2024-03-26 11:21:58,128 [20ed7fe7-4274-4f1a-9498-93c5abf09f1c-groupManagement] INFO  server.RaftServerConfigKeys (ConfUtils.java:logGet(46)) - raft.server.snapshot.trigger-when-stop.enabled = true (default)
2024-03-26 11:21:58,128 [20ed7fe7-4274-4f1a-9498-93c5abf09f1c-groupManagement] INFO  server.RaftServerConfigKeys (ConfUtils.java:logGet(46)) - raft.server.snapshot.auto.trigger.enabled = true (custom)
2024-03-26 11:21:58,128 [20ed7fe7-4274-4f1a-9498-93c5abf09f1c-groupManagement] INFO  server.RaftServerConfigKeys (ConfUtils.java:logGet(46)) - raft.server.snapshot.auto.trigger.threshold = 10000 (custom)
2024-03-26 11:21:58,128 [20ed7fe7-4274-4f1a-9498-93c5abf09f1c-groupManagement] INFO  server.RaftServerConfigKeys (ConfUtils.java:logGet(46)) - raft.server.snapshot.retention.file.num = 5 (custom)
2024-03-26 11:21:58,128 [20ed7fe7-4274-4f1a-9498-93c5abf09f1c-groupManagement] INFO  server.RaftServerConfigKeys (ConfUtils.java:logGet(46)) - raft.server.log.purge.upto.snapshot.index = false (default)
2024-03-26 11:21:58,139 [7b630919-9d6b-42e9-b08a-8409ae097dea-PipelineCommandHandlerThread-0] INFO  commandhandler.CreatePipelineCommandHandler (CreatePipelineCommandHandler.java:lambda$handle$2(124)) - Created Pipeline RATIS THREE PipelineID=323b38ef-b3a1-4a8d-9eee-f914c1362a36.
2024-03-26 11:21:58,247 [main] INFO  container.TestHelper (TestHelper.java:countReplicas(427)) - Container 1 has 3 replicas on [12adf753-b9bf-4e27-afc1-d809141df6d3, 7b630919-9d6b-42e9-b08a-8409ae097dea, dc82d807-438e-4f31-a873-936b5ae41996]
2024-03-26 11:21:58,333 [9bdc6c20-c7c2-4cc7-a4be-d4fe59586f4c-PipelineCommandHandlerThread-0] INFO  segmented.SegmentedRaftLogWorker (SegmentedRaftLogWorker.java:close(245)) - 9bdc6c20-c7c2-4cc7-a4be-d4fe59586f4c@group-DF38CACB1C31-SegmentedRaftLogWorker close()
2024-03-26 11:21:58,335 [9bdc6c20-c7c2-4cc7-a4be-d4fe59586f4c-PipelineCommandHandlerThread-0] INFO  server.RaftServer$Division (RaftServerImpl.java:groupRemove(496)) - 9bdc6c20-c7c2-4cc7-a4be-d4fe59586f4c@group-DF38CACB1C31: Succeed to remove RaftStorageDirectory Storage Directory /home/runner/work/ozone/ozone/hadoop-ozone/integration-test/target/test-dir/MiniOzoneClusterImpl-b6d037e4-5d8b-4372-b4a2-3c33797d8bad/ozone-meta/datanode-4/ratis/4f981e64-2e14-4143-94bf-df38cacb1c31
2024-03-26 11:21:58,335 [9bdc6c20-c7c2-4cc7-a4be-d4fe59586f4c-PipelineCommandHandlerThread-0] ERROR commandhandler.ClosePipelineCommandHandler (ClosePipelineCommandHandler.java:lambda$handle$2(137)) - Can't close pipeline PipelineID=4f981e64-2e14-4143-94bf-df38cacb1c31
org.apache.ratis.protocol.exceptions.GroupMismatchException: 9bdc6c20-c7c2-4cc7-a4be-d4fe59586f4c: group-DF38CACB1C31 not found.
	at org.apache.ratis.server.impl.RaftServerProxy$ImplMap.get(RaftServerProxy.java:154)
	at org.apache.ratis.server.impl.RaftServerProxy.getImplFuture(RaftServerProxy.java:364)
	at org.apache.ratis.server.impl.RaftServerProxy.getImpl(RaftServerProxy.java:373)
	at org.apache.ratis.server.impl.RaftServerProxy.getDivision(RaftServerProxy.java:386)
	at org.apache.hadoop.ozone.container.common.transport.server.ratis.XceiverServerRatis.getRaftPeersInPipeline(XceiverServerRatis.java:951)
	at org.apache.hadoop.ozone.container.common.statemachine.commandhandler.ClosePipelineCommandHandler.lambda$handle$2(ClosePipelineCommandHandler.java:114)
	at java.util.concurrent.CompletableFuture$AsyncRun.run(CompletableFuture.java:1640)
	at java.util.concurrent.ThreadPoolExecutor.runWorker(ThreadPoolExecutor.java:1149)
	at java.util.concurrent.ThreadPoolExecutor$Worker.run(ThreadPoolExecutor.java:624)
	at java.lang.Thread.run(Thread.java:750)
2024-03-26 11:21:58,336 [9bdc6c20-c7c2-4cc7-a4be-d4fe59586f4c-PipelineCommandHandlerThread-0] INFO  server.RaftServer (RaftServerProxy.java:remove(111)) - 9bdc6c20-c7c2-4cc7-a4be-d4fe59586f4c: remove  FOLLOWER 9bdc6c20-c7c2-4cc7-a4be-d4fe59586f4c@group-5FB18D2AB4DB:t1, leader=dc82d807-438e-4f31-a873-936b5ae41996, voted=dc82d807-438e-4f31-a873-936b5ae41996, raftlog=Memoized:9bdc6c20-c7c2-4cc7-a4be-d4fe59586f4c@group-5FB18D2AB4DB-SegmentedRaftLog:OPENED:c0, conf=0: peers:[9bdc6c20-c7c2-4cc7-a4be-d4fe59586f4c|10.1.0.22:15043, 20ed7fe7-4274-4f1a-9498-93c5abf09f1c|10.1.0.22:15052, dc82d807-438e-4f31-a873-936b5ae41996|10.1.0.22:15016]|listeners:[], old=null RUNNING
2024-03-26 11:21:58,336 [9bdc6c20-c7c2-4cc7-a4be-d4fe59586f4c-PipelineCommandHandlerThread-0] INFO  server.RaftServer$Division (RaftServerImpl.java:lambda$close$3(526)) - 9bdc6c20-c7c2-4cc7-a4be-d4fe59586f4c@group-5FB18D2AB4DB: shutdown
2024-03-26 11:21:58,336 [9bdc6c20-c7c2-4cc7-a4be-d4fe59586f4c-PipelineCommandHandlerThread-0] INFO  util.JmxRegister (JmxRegister.java:unregister(73)) - Successfully un-registered JMX Bean with object name Ratis:service=RaftServer,group=group-5FB18D2AB4DB,id=9bdc6c20-c7c2-4cc7-a4be-d4fe59586f4c
2024-03-26 11:21:58,336 [9bdc6c20-c7c2-4cc7-a4be-d4fe59586f4c-PipelineCommandHandlerThread-0] INFO  impl.RoleInfo (RoleInfo.java:shutdownFollowerState(110)) - 9bdc6c20-c7c2-4cc7-a4be-d4fe59586f4c: shutdown 9bdc6c20-c7c2-4cc7-a4be-d4fe59586f4c@group-5FB18D2AB4DB-FollowerState
2024-03-26 11:21:58,336 [9bdc6c20-c7c2-4cc7-a4be-d4fe59586f4c-PipelineCommandHandlerThread-0] INFO  impl.StateMachineUpdater (StateMachineUpdater.java:stopAndJoin(157)) - 9bdc6c20-c7c2-4cc7-a4be-d4fe59586f4c@group-5FB18D2AB4DB-StateMachineUpdater: set stopIndex = 0
2024-03-26 11:21:58,336 [9bdc6c20-c7c2-4cc7-a4be-d4fe59586f4c@group-5FB18D2AB4DB-FollowerState] INFO  impl.FollowerState (FollowerState.java:run(152)) - 9bdc6c20-c7c2-4cc7-a4be-d4fe59586f4c@group-5FB18D2AB4DB-FollowerState was interrupted
2024-03-26 11:21:58,336 [9bdc6c20-c7c2-4cc7-a4be-d4fe59586f4c@group-5FB18D2AB4DB-StateMachineUpdater] INFO  ratis.ContainerStateMachine (ContainerStateMachine.java:takeSnapshot(355)) - group-5FB18D2AB4DB: Taking a snapshot at:(t:1, i:0) file /home/runner/work/ozone/ozone/hadoop-ozone/integration-test/target/test-dir/MiniOzoneClusterImpl-b6d037e4-5d8b-4372-b4a2-3c33797d8bad/ozone-meta/datanode-4/ratis/985eba48-2fc1-4325-9bee-5fb18d2ab4db/sm/snapshot.1_0
2024-03-26 11:21:58,340 [9bdc6c20-c7c2-4cc7-a4be-d4fe59586f4c@group-5FB18D2AB4DB-StateMachineUpdater] INFO  ratis.ContainerStateMachine (ContainerStateMachine.java:takeSnapshot(366)) - group-5FB18D2AB4DB: Finished taking a snapshot at:(t:1, i:0) file:/home/runner/work/ozone/ozone/hadoop-ozone/integration-test/target/test-dir/MiniOzoneClusterImpl-b6d037e4-5d8b-4372-b4a2-3c33797d8bad/ozone-meta/datanode-4/ratis/985eba48-2fc1-4325-9bee-5fb18d2ab4db/sm/snapshot.1_0 took: 3 ms
2024-03-26 11:21:58,340 [9bdc6c20-c7c2-4cc7-a4be-d4fe59586f4c@group-5FB18D2AB4DB-StateMachineUpdater] INFO  impl.StateMachineUpdater (StateMachineUpdater.java:takeSnapshot(295)) - 9bdc6c20-c7c2-4cc7-a4be-d4fe59586f4c@group-5FB18D2AB4DB-StateMachineUpdater: Took a snapshot at index 0
2024-03-26 11:21:58,340 [9bdc6c20-c7c2-4cc7-a4be-d4fe59586f4c@group-5FB18D2AB4DB-StateMachineUpdater] INFO  impl.StateMachineUpdater (StateMachineUpdater.java:lambda$new$0(98)) - 9bdc6c20-c7c2-4cc7-a4be-d4fe59586f4c@group-5FB18D2AB4DB-StateMachineUpdater: snapshotIndex: updateIncreasingly -1 -> 0
2024-03-26 11:21:58,340 [9bdc6c20-c7c2-4cc7-a4be-d4fe59586f4c-PipelineCommandHandlerThread-0] INFO  server.RaftServer$Division (ServerState.java:close(427)) - 9bdc6c20-c7c2-4cc7-a4be-d4fe59586f4c@group-5FB18D2AB4DB: applyIndex: 0
2024-03-26 11:21:58,340 [9bdc6c20-c7c2-4cc7-a4be-d4fe59586f4c@group-5FB18D2AB4DB-cacheEviction-AwaitToRun] INFO  util.AwaitToRun (AwaitToRun.java:run(49)) - 9bdc6c20-c7c2-4cc7-a4be-d4fe59586f4c@group-5FB18D2AB4DB-cacheEviction-AwaitToRun-AwaitForSignal is interrupted
2024-03-26 11:21:58,353 [Recon-SyncOM-1] INFO  impl.OzoneManagerServiceProviderImpl (OzoneManagerServiceProviderImpl.java:syncDataFromOM(501)) - Syncing data from Ozone Manager.
2024-03-26 11:21:58,353 [Recon-SyncOM-1] INFO  impl.OzoneManagerServiceProviderImpl (OzoneManagerServiceProviderImpl.java:syncDataFromOM(511)) - Obtaining delta updates from Ozone Manager
2024-03-26 11:21:58,353 [Recon-SyncOM-1] INFO  impl.OzoneManagerServiceProviderImpl (OzoneManagerServiceProviderImpl.java:getAndApplyDeltaUpdatesFromOM(418)) - OriginalFromSequenceNumber : 15 
2024-03-26 11:21:58,354 [Recon-SyncOM-1] INFO  impl.OzoneManagerServiceProviderImpl (OzoneManagerServiceProviderImpl.java:innerGetAndApplyDeltaUpdatesFromOM(485)) - Number of updates received from OM : 0, SequenceNumber diff: 0, SequenceNumber Lag from OM 0, isDBUpdateSuccess: true
2024-03-26 11:21:58,354 [Recon-SyncOM-1] INFO  impl.OzoneManagerServiceProviderImpl (OzoneManagerServiceProviderImpl.java:getAndApplyDeltaUpdatesFromOM(438)) - Delta updates received from OM : 1 loops, 0 records
2024-03-26 11:21:58,358 [ContainerHealthTask] INFO  fsck.ContainerHealthTask (ContainerHealthTask.java:triggerContainerHealthCheck(140)) - Container Health task thread took 0 milliseconds to process 0 existing database records.
2024-03-26 11:21:58,360 [ContainerHealthTask] INFO  fsck.ContainerHealthTask (ContainerHealthTask.java:checkAndProcessContainers(166)) - Container Health task thread took 2 milliseconds for processing 1 containers.
2024-03-26 11:21:58,360 [ContainerHealthTask] INFO  fsck.ContainerHealthTask (ContainerHealthTask.java:lambda$logUnhealthyContainerStats$3(204)) - UNDER_REPLICATED **Container State Stats:** 
	
2024-03-26 11:21:58,360 [ContainerHealthTask] INFO  fsck.ContainerHealthTask (ContainerHealthTask.java:lambda$logUnhealthyContainerStats$3(204)) - NEGATIVE_SIZE **Container State Stats:** 
	
2024-03-26 11:21:58,360 [ContainerHealthTask] INFO  fsck.ContainerHealthTask (ContainerHealthTask.java:lambda$logUnhealthyContainerStats$3(204)) - OVER_REPLICATED **Container State Stats:** 
	
2024-03-26 11:21:58,360 [ContainerHealthTask] INFO  fsck.ContainerHealthTask (ContainerHealthTask.java:lambda$logUnhealthyContainerStats$3(204)) - EMPTY_MISSING **Container State Stats:** 
	
2024-03-26 11:21:58,360 [ContainerHealthTask] INFO  fsck.ContainerHealthTask (ContainerHealthTask.java:lambda$logUnhealthyContainerStats$3(204)) - MIS_REPLICATED **Container State Stats:** 
	
2024-03-26 11:21:58,360 [ContainerHealthTask] INFO  fsck.ContainerHealthTask (ContainerHealthTask.java:lambda$logUnhealthyContainerStats$3(204)) - MISSING **Container State Stats:** 
	
2024-03-26 11:21:58,360 [ContainerHealthTask] INFO  fsck.ContainerHealthTask (ContainerHealthTask.java:checkAndProcessContainers(179)) - Container Health task thread took 1 iterations to fetch all containers using batched approach with batch size of 1000
2024-03-26 11:21:58,395 [20ed7fe7-4274-4f1a-9498-93c5abf09f1c-PipelineCommandHandlerThread-0] INFO  server.RaftServer (RaftServerProxy.java:remove(111)) - 20ed7fe7-4274-4f1a-9498-93c5abf09f1c: remove  FOLLOWER 20ed7fe7-4274-4f1a-9498-93c5abf09f1c@group-5FB18D2AB4DB:t1, leader=dc82d807-438e-4f31-a873-936b5ae41996, voted=dc82d807-438e-4f31-a873-936b5ae41996, raftlog=Memoized:20ed7fe7-4274-4f1a-9498-93c5abf09f1c@group-5FB18D2AB4DB-SegmentedRaftLog:OPENED:c0, conf=0: peers:[9bdc6c20-c7c2-4cc7-a4be-d4fe59586f4c|10.1.0.22:15043, 20ed7fe7-4274-4f1a-9498-93c5abf09f1c|10.1.0.22:15052, dc82d807-438e-4f31-a873-936b5ae41996|10.1.0.22:15016]|listeners:[], old=null RUNNING
2024-03-26 11:21:58,395 [20ed7fe7-4274-4f1a-9498-93c5abf09f1c-PipelineCommandHandlerThread-0] INFO  server.RaftServer$Division (RaftServerImpl.java:lambda$close$3(526)) - 20ed7fe7-4274-4f1a-9498-93c5abf09f1c@group-5FB18D2AB4DB: shutdown
2024-03-26 11:21:58,395 [20ed7fe7-4274-4f1a-9498-93c5abf09f1c-PipelineCommandHandlerThread-0] INFO  util.JmxRegister (JmxRegister.java:unregister(73)) - Successfully un-registered JMX Bean with object name Ratis:service=RaftServer,group=group-5FB18D2AB4DB,id=20ed7fe7-4274-4f1a-9498-93c5abf09f1c
2024-03-26 11:21:58,396 [20ed7fe7-4274-4f1a-9498-93c5abf09f1c-PipelineCommandHandlerThread-0] INFO  impl.RoleInfo (RoleInfo.java:shutdownFollowerState(110)) - 20ed7fe7-4274-4f1a-9498-93c5abf09f1c: shutdown 20ed7fe7-4274-4f1a-9498-93c5abf09f1c@group-5FB18D2AB4DB-FollowerState
2024-03-26 11:21:58,396 [20ed7fe7-4274-4f1a-9498-93c5abf09f1c-PipelineCommandHandlerThread-0] INFO  impl.StateMachineUpdater (StateMachineUpdater.java:stopAndJoin(157)) - 20ed7fe7-4274-4f1a-9498-93c5abf09f1c@group-5FB18D2AB4DB-StateMachineUpdater: set stopIndex = 0
2024-03-26 11:21:58,396 [20ed7fe7-4274-4f1a-9498-93c5abf09f1c@group-5FB18D2AB4DB-StateMachineUpdater] INFO  ratis.ContainerStateMachine (ContainerStateMachine.java:takeSnapshot(355)) - group-5FB18D2AB4DB: Taking a snapshot at:(t:1, i:0) file /home/runner/work/ozone/ozone/hadoop-ozone/integration-test/target/test-dir/MiniOzoneClusterImpl-b6d037e4-5d8b-4372-b4a2-3c33797d8bad/ozone-meta/datanode-5/ratis/985eba48-2fc1-4325-9bee-5fb18d2ab4db/sm/snapshot.1_0
2024-03-26 11:21:58,396 [20ed7fe7-4274-4f1a-9498-93c5abf09f1c@group-5FB18D2AB4DB-FollowerState] INFO  impl.FollowerState (FollowerState.java:run(152)) - 20ed7fe7-4274-4f1a-9498-93c5abf09f1c@group-5FB18D2AB4DB-FollowerState was interrupted
2024-03-26 11:21:58,399 [20ed7fe7-4274-4f1a-9498-93c5abf09f1c@group-5FB18D2AB4DB-StateMachineUpdater] INFO  ratis.ContainerStateMachine (ContainerStateMachine.java:takeSnapshot(366)) - group-5FB18D2AB4DB: Finished taking a snapshot at:(t:1, i:0) file:/home/runner/work/ozone/ozone/hadoop-ozone/integration-test/target/test-dir/MiniOzoneClusterImpl-b6d037e4-5d8b-4372-b4a2-3c33797d8bad/ozone-meta/datanode-5/ratis/985eba48-2fc1-4325-9bee-5fb18d2ab4db/sm/snapshot.1_0 took: 3 ms
2024-03-26 11:21:58,399 [20ed7fe7-4274-4f1a-9498-93c5abf09f1c@group-5FB18D2AB4DB-StateMachineUpdater] INFO  impl.StateMachineUpdater (StateMachineUpdater.java:takeSnapshot(295)) - 20ed7fe7-4274-4f1a-9498-93c5abf09f1c@group-5FB18D2AB4DB-StateMachineUpdater: Took a snapshot at index 0
2024-03-26 11:21:58,399 [20ed7fe7-4274-4f1a-9498-93c5abf09f1c@group-5FB18D2AB4DB-StateMachineUpdater] INFO  impl.StateMachineUpdater (StateMachineUpdater.java:lambda$new$0(98)) - 20ed7fe7-4274-4f1a-9498-93c5abf09f1c@group-5FB18D2AB4DB-StateMachineUpdater: snapshotIndex: updateIncreasingly -1 -> 0
2024-03-26 11:21:58,399 [20ed7fe7-4274-4f1a-9498-93c5abf09f1c-PipelineCommandHandlerThread-0] INFO  server.RaftServer$Division (ServerState.java:close(427)) - 20ed7fe7-4274-4f1a-9498-93c5abf09f1c@group-5FB18D2AB4DB: applyIndex: 0
2024-03-26 11:21:58,400 [20ed7fe7-4274-4f1a-9498-93c5abf09f1c@group-5FB18D2AB4DB-cacheEviction-AwaitToRun] INFO  util.AwaitToRun (AwaitToRun.java:run(49)) - 20ed7fe7-4274-4f1a-9498-93c5abf09f1c@group-5FB18D2AB4DB-cacheEviction-AwaitToRun-AwaitForSignal is interrupted
2024-03-26 11:21:58,535 [EventQueue-PipelineReportForPipelineReportHandler] INFO  pipeline.PipelineReportHandler (PipelineReportHandler.java:processPipelineReport(115)) - Reported pipeline PipelineID=985eba48-2fc1-4325-9bee-5fb18d2ab4db is not found
2024-03-26 11:21:58,604 [9bdc6c20-c7c2-4cc7-a4be-d4fe59586f4c-PipelineCommandHandlerThread-0] INFO  segmented.SegmentedRaftLogWorker (SegmentedRaftLogWorker.java:close(245)) - 9bdc6c20-c7c2-4cc7-a4be-d4fe59586f4c@group-5FB18D2AB4DB-SegmentedRaftLogWorker close()
2024-03-26 11:21:58,606 [20ed7fe7-4274-4f1a-9498-93c5abf09f1c-PipelineCommandHandlerThread-0] INFO  segmented.SegmentedRaftLogWorker (SegmentedRaftLogWorker.java:close(245)) - 20ed7fe7-4274-4f1a-9498-93c5abf09f1c@group-5FB18D2AB4DB-SegmentedRaftLogWorker close()
2024-03-26 11:21:58,610 [9bdc6c20-c7c2-4cc7-a4be-d4fe59586f4c-PipelineCommandHandlerThread-0] INFO  server.RaftServer$Division (RaftServerImpl.java:groupRemove(496)) - 9bdc6c20-c7c2-4cc7-a4be-d4fe59586f4c@group-5FB18D2AB4DB: Succeed to remove RaftStorageDirectory Storage Directory /home/runner/work/ozone/ozone/hadoop-ozone/integration-test/target/test-dir/MiniOzoneClusterImpl-b6d037e4-5d8b-4372-b4a2-3c33797d8bad/ozone-meta/datanode-4/ratis/985eba48-2fc1-4325-9bee-5fb18d2ab4db
2024-03-26 11:21:58,611 [9bdc6c20-c7c2-4cc7-a4be-d4fe59586f4c-PipelineCommandHandlerThread-0] ERROR commandhandler.ClosePipelineCommandHandler (ClosePipelineCommandHandler.java:lambda$handle$2(137)) - Can't close pipeline PipelineID=985eba48-2fc1-4325-9bee-5fb18d2ab4db
org.apache.ratis.protocol.exceptions.GroupMismatchException: 9bdc6c20-c7c2-4cc7-a4be-d4fe59586f4c: group-5FB18D2AB4DB not found.
	at org.apache.ratis.server.impl.RaftServerProxy$ImplMap.get(RaftServerProxy.java:154)
	at org.apache.ratis.server.impl.RaftServerProxy.getImplFuture(RaftServerProxy.java:364)
	at org.apache.ratis.server.impl.RaftServerProxy.getImpl(RaftServerProxy.java:373)
	at org.apache.ratis.server.impl.RaftServerProxy.getDivision(RaftServerProxy.java:386)
	at org.apache.hadoop.ozone.container.common.transport.server.ratis.XceiverServerRatis.getRaftPeersInPipeline(XceiverServerRatis.java:951)
	at org.apache.hadoop.ozone.container.common.statemachine.commandhandler.ClosePipelineCommandHandler.lambda$handle$2(ClosePipelineCommandHandler.java:114)
	at java.util.concurrent.CompletableFuture$AsyncRun.run(CompletableFuture.java:1640)
	at java.util.concurrent.ThreadPoolExecutor.runWorker(ThreadPoolExecutor.java:1149)
	at java.util.concurrent.ThreadPoolExecutor$Worker.run(ThreadPoolExecutor.java:624)
	at java.lang.Thread.run(Thread.java:750)
2024-03-26 11:21:58,611 [20ed7fe7-4274-4f1a-9498-93c5abf09f1c-PipelineCommandHandlerThread-0] INFO  server.RaftServer$Division (RaftServerImpl.java:groupRemove(496)) - 20ed7fe7-4274-4f1a-9498-93c5abf09f1c@group-5FB18D2AB4DB: Succeed to remove RaftStorageDirectory Storage Directory /home/runner/work/ozone/ozone/hadoop-ozone/integration-test/target/test-dir/MiniOzoneClusterImpl-b6d037e4-5d8b-4372-b4a2-3c33797d8bad/ozone-meta/datanode-5/ratis/985eba48-2fc1-4325-9bee-5fb18d2ab4db
2024-03-26 11:21:58,611 [20ed7fe7-4274-4f1a-9498-93c5abf09f1c-PipelineCommandHandlerThread-0] ERROR commandhandler.ClosePipelineCommandHandler (ClosePipelineCommandHandler.java:lambda$handle$2(137)) - Can't close pipeline PipelineID=985eba48-2fc1-4325-9bee-5fb18d2ab4db
org.apache.ratis.protocol.exceptions.GroupMismatchException: 20ed7fe7-4274-4f1a-9498-93c5abf09f1c: group-5FB18D2AB4DB not found.
	at org.apache.ratis.server.impl.RaftServerProxy$ImplMap.get(RaftServerProxy.java:154)
	at org.apache.ratis.server.impl.RaftServerProxy.getImplFuture(RaftServerProxy.java:364)
	at org.apache.ratis.server.impl.RaftServerProxy.getImpl(RaftServerProxy.java:373)
	at org.apache.ratis.server.impl.RaftServerProxy.getDivision(RaftServerProxy.java:386)
	at org.apache.hadoop.ozone.container.common.transport.server.ratis.XceiverServerRatis.getRaftPeersInPipeline(XceiverServerRatis.java:951)
	at org.apache.hadoop.ozone.container.common.statemachine.commandhandler.ClosePipelineCommandHandler.lambda$handle$2(ClosePipelineCommandHandler.java:114)
	at java.util.concurrent.CompletableFuture$AsyncRun.run(CompletableFuture.java:1640)
	at java.util.concurrent.ThreadPoolExecutor.runWorker(ThreadPoolExecutor.java:1149)
	at java.util.concurrent.ThreadPoolExecutor$Worker.run(ThreadPoolExecutor.java:624)
	at java.lang.Thread.run(Thread.java:750)
2024-03-26 11:21:59,004 [IPC Server handler 9 on default port 15002] INFO  node.SCMNodeManager (SCMNodeManager.java:updateDatanodeOpState(582)) - Scheduling a command to update the operationalState persisted on 9bdc6c20-c7c2-4cc7-a4be-d4fe59586f4c(fv-az1147-978/10.1.0.22) as the reported value (DECOMMISSIONING, 0) does not match the value stored in SCM (DECOMMISSIONED, 0)
2024-03-26 11:21:59,030 [ReplicationMonitor] INFO  replication.ReplicationManager (ReplicationManager.java:processAll(399)) - Replication Monitor Thread took 1 milliseconds for processing 1 containers.
2024-03-26 11:21:59,033 [Recon-EventQueue-PipelineReportForReconPipelineReportHandler] INFO  scm.ReconPipelineReportHandler (ReconPipelineReportHandler.java:processPipelineReport(103)) - Pipeline RATIS/THREE PipelineID=323b38ef-b3a1-4a8d-9eee-f914c1362a36 reported by 7b630919-9d6b-42e9-b08a-8409ae097dea(fv-az1147-978/10.1.0.22)
2024-03-26 11:21:59,069 [Recon-EventQueue-PipelineReportForReconPipelineReportHandler] INFO  scm.ReconPipelineReportHandler (ReconPipelineReportHandler.java:processPipelineReport(103)) - Pipeline RATIS/THREE PipelineID=323b38ef-b3a1-4a8d-9eee-f914c1362a36 reported by 12adf753-b9bf-4e27-afc1-d809141df6d3(fv-az1147-978/10.1.0.22)
2024-03-26 11:21:59,117 [Recon-EventQueue-PipelineReportForReconPipelineReportHandler] INFO  scm.ReconPipelineReportHandler (ReconPipelineReportHandler.java:processPipelineReport(103)) - Pipeline RATIS/THREE PipelineID=323b38ef-b3a1-4a8d-9eee-f914c1362a36 reported by 20ed7fe7-4274-4f1a-9498-93c5abf09f1c(fv-az1147-978/10.1.0.22)
2024-03-26 11:21:59,247 [main] INFO  container.TestHelper (TestHelper.java:countReplicas(427)) - Container 1 has 3 replicas on [12adf753-b9bf-4e27-afc1-d809141df6d3, 7b630919-9d6b-42e9-b08a-8409ae097dea, dc82d807-438e-4f31-a873-936b5ae41996]
2024-03-26 11:21:59,356 [Recon-SyncOM-1] INFO  impl.OzoneManagerServiceProviderImpl (OzoneManagerServiceProviderImpl.java:syncDataFromOM(501)) - Syncing data from Ozone Manager.
2024-03-26 11:21:59,356 [Recon-SyncOM-1] INFO  impl.OzoneManagerServiceProviderImpl (OzoneManagerServiceProviderImpl.java:syncDataFromOM(511)) - Obtaining delta updates from Ozone Manager
2024-03-26 11:21:59,356 [Recon-SyncOM-1] INFO  impl.OzoneManagerServiceProviderImpl (OzoneManagerServiceProviderImpl.java:getAndApplyDeltaUpdatesFromOM(418)) - OriginalFromSequenceNumber : 15 
2024-03-26 11:21:59,358 [Recon-SyncOM-1] INFO  impl.OzoneManagerServiceProviderImpl (OzoneManagerServiceProviderImpl.java:innerGetAndApplyDeltaUpdatesFromOM(485)) - Number of updates received from OM : 0, SequenceNumber diff: 0, SequenceNumber Lag from OM 0, isDBUpdateSuccess: true
2024-03-26 11:21:59,358 [Recon-SyncOM-1] INFO  impl.OzoneManagerServiceProviderImpl (OzoneManagerServiceProviderImpl.java:getAndApplyDeltaUpdatesFromOM(438)) - Delta updates received from OM : 1 loops, 0 records
2024-03-26 11:21:59,360 [ContainerHealthTask] INFO  fsck.ContainerHealthTask (ContainerHealthTask.java:triggerContainerHealthCheck(140)) - Container Health task thread took 1 milliseconds to process 0 existing database records.
2024-03-26 11:21:59,362 [ContainerHealthTask] INFO  fsck.ContainerHealthTask (ContainerHealthTask.java:checkAndProcessContainers(166)) - Container Health task thread took 1 milliseconds for processing 1 containers.
2024-03-26 11:21:59,362 [ContainerHealthTask] INFO  fsck.ContainerHealthTask (ContainerHealthTask.java:lambda$logUnhealthyContainerStats$3(204)) - UNDER_REPLICATED **Container State Stats:** 
	
2024-03-26 11:21:59,362 [ContainerHealthTask] INFO  fsck.ContainerHealthTask (ContainerHealthTask.java:lambda$logUnhealthyContainerStats$3(204)) - NEGATIVE_SIZE **Container State Stats:** 
	
2024-03-26 11:21:59,362 [ContainerHealthTask] INFO  fsck.ContainerHealthTask (ContainerHealthTask.java:lambda$logUnhealthyContainerStats$3(204)) - OVER_REPLICATED **Container State Stats:** 
	
2024-03-26 11:21:59,362 [ContainerHealthTask] INFO  fsck.ContainerHealthTask (ContainerHealthTask.java:lambda$logUnhealthyContainerStats$3(204)) - EMPTY_MISSING **Container State Stats:** 
	
2024-03-26 11:21:59,362 [ContainerHealthTask] INFO  fsck.ContainerHealthTask (ContainerHealthTask.java:lambda$logUnhealthyContainerStats$3(204)) - MIS_REPLICATED **Container State Stats:** 
	
2024-03-26 11:21:59,362 [ContainerHealthTask] INFO  fsck.ContainerHealthTask (ContainerHealthTask.java:lambda$logUnhealthyContainerStats$3(204)) - MISSING **Container State Stats:** 
	
2024-03-26 11:21:59,362 [ContainerHealthTask] INFO  fsck.ContainerHealthTask (ContainerHealthTask.java:checkAndProcessContainers(179)) - Container Health task thread took 1 iterations to fetch all containers using batched approach with batch size of 1000
2024-03-26 11:21:59,534 [dc82d807-438e-4f31-a873-936b5ae41996-PipelineCommandHandlerThread-0] INFO  server.RaftServer (RaftServerProxy.java:remove(111)) - dc82d807-438e-4f31-a873-936b5ae41996: remove    LEADER dc82d807-438e-4f31-a873-936b5ae41996@group-5FB18D2AB4DB:t1, leader=dc82d807-438e-4f31-a873-936b5ae41996, voted=dc82d807-438e-4f31-a873-936b5ae41996, raftlog=Memoized:dc82d807-438e-4f31-a873-936b5ae41996@group-5FB18D2AB4DB-SegmentedRaftLog:OPENED:c0, conf=0: peers:[9bdc6c20-c7c2-4cc7-a4be-d4fe59586f4c|10.1.0.22:15043, 20ed7fe7-4274-4f1a-9498-93c5abf09f1c|10.1.0.22:15052, dc82d807-438e-4f31-a873-936b5ae41996|10.1.0.22:15016]|listeners:[], old=null RUNNING
2024-03-26 11:21:59,534 [dc82d807-438e-4f31-a873-936b5ae41996-PipelineCommandHandlerThread-0] INFO  server.RaftServer$Division (RaftServerImpl.java:lambda$close$3(526)) - dc82d807-438e-4f31-a873-936b5ae41996@group-5FB18D2AB4DB: shutdown
2024-03-26 11:21:59,534 [dc82d807-438e-4f31-a873-936b5ae41996-PipelineCommandHandlerThread-0] INFO  util.JmxRegister (JmxRegister.java:unregister(73)) - Successfully un-registered JMX Bean with object name Ratis:service=RaftServer,group=group-5FB18D2AB4DB,id=dc82d807-438e-4f31-a873-936b5ae41996
2024-03-26 11:21:59,534 [dc82d807-438e-4f31-a873-936b5ae41996-PipelineCommandHandlerThread-0] INFO  impl.RoleInfo (RoleInfo.java:shutdownLeaderState(94)) - dc82d807-438e-4f31-a873-936b5ae41996: shutdown dc82d807-438e-4f31-a873-936b5ae41996@group-5FB18D2AB4DB-LeaderStateImpl
2024-03-26 11:21:59,534 [dc82d807-438e-4f31-a873-936b5ae41996@group-5FB18D2AB4DB->9bdc6c20-c7c2-4cc7-a4be-d4fe59586f4c-GrpcLogAppender-LogAppenderDaemon] WARN  server.GrpcLogAppender (GrpcLogAppender.java:mayWait(289)) - dc82d807-438e-4f31-a873-936b5ae41996@group-5FB18D2AB4DB->9bdc6c20-c7c2-4cc7-a4be-d4fe59586f4c-GrpcLogAppender: Wait interrupted by java.lang.InterruptedException
2024-03-26 11:21:59,534 [dc82d807-438e-4f31-a873-936b5ae41996-PipelineCommandHandlerThread-0] INFO  impl.PendingRequests (PendingRequests.java:sendNotLeaderResponses(289)) - dc82d807-438e-4f31-a873-936b5ae41996@group-5FB18D2AB4DB-PendingRequests: sendNotLeaderResponses
2024-03-26 11:21:59,535 [dc82d807-438e-4f31-a873-936b5ae41996@group-5FB18D2AB4DB->20ed7fe7-4274-4f1a-9498-93c5abf09f1c-GrpcLogAppender-LogAppenderDaemon] WARN  server.GrpcLogAppender (GrpcLogAppender.java:mayWait(289)) - dc82d807-438e-4f31-a873-936b5ae41996@group-5FB18D2AB4DB->20ed7fe7-4274-4f1a-9498-93c5abf09f1c-GrpcLogAppender: Wait interrupted by java.lang.InterruptedException
2024-03-26 11:21:59,535 [grpc-default-executor-1] INFO  server.GrpcServerProtocolService (GrpcServerProtocolService.java:onCompleted(157)) - 9bdc6c20-c7c2-4cc7-a4be-d4fe59586f4c: Completed APPEND_ENTRIES, lastRequest: null
2024-03-26 11:21:59,535 [dc82d807-438e-4f31-a873-936b5ae41996-PipelineCommandHandlerThread-0] INFO  impl.StateMachineUpdater (StateMachineUpdater.java:stopAndJoin(157)) - dc82d807-438e-4f31-a873-936b5ae41996@group-5FB18D2AB4DB-StateMachineUpdater: set stopIndex = 0
2024-03-26 11:21:59,535 [grpc-default-executor-1] INFO  server.GrpcServerProtocolService (GrpcServerProtocolService.java:lambda$onCompleted$5(159)) - 9bdc6c20-c7c2-4cc7-a4be-d4fe59586f4c: Completed APPEND_ENTRIES, lastReply: serverReply {
  requestorId: "dc82d807-438e-4f31-a873-936b5ae41996"
  replyId: "9bdc6c20-c7c2-4cc7-a4be-d4fe59586f4c"
  raftGroupId {
    id: "\230^\272H/\301C%\233\356_\261\215*\264\333"
  }
  callId: 7
  success: true
}
term: 1
nextIndex: 1
matchIndex: 18446744073709551615
isHearbeat: true

2024-03-26 11:21:59,535 [dc82d807-438e-4f31-a873-936b5ae41996@group-5FB18D2AB4DB-StateMachineUpdater] INFO  ratis.ContainerStateMachine (ContainerStateMachine.java:takeSnapshot(355)) - group-5FB18D2AB4DB: Taking a snapshot at:(t:1, i:0) file /home/runner/work/ozone/ozone/hadoop-ozone/integration-test/target/test-dir/MiniOzoneClusterImpl-b6d037e4-5d8b-4372-b4a2-3c33797d8bad/ozone-meta/datanode-1/ratis/985eba48-2fc1-4325-9bee-5fb18d2ab4db/sm/snapshot.1_0
2024-03-26 11:21:59,535 [grpc-default-executor-0] INFO  server.GrpcServerProtocolService (GrpcServerProtocolService.java:onCompleted(157)) - 20ed7fe7-4274-4f1a-9498-93c5abf09f1c: Completed APPEND_ENTRIES, lastRequest: null
2024-03-26 11:21:59,536 [grpc-default-executor-2] INFO  server.GrpcServerProtocolService (GrpcServerProtocolService.java:onCompleted(157)) - 9bdc6c20-c7c2-4cc7-a4be-d4fe59586f4c: Completed APPEND_ENTRIES, lastRequest: dc82d807-438e-4f31-a873-936b5ae41996->9bdc6c20-c7c2-4cc7-a4be-d4fe59586f4c#1-t1,previous=(t:0, i:0),leaderCommit=-1,initializing? false,entries: size=1, first=(t:1, i:0), CONFIGURATIONENTRY(current:id: "9bdc6c20-c7c2-4cc7-a4be-d4fe59586f4c"
address: "10.1.0.22:15043"
dataStreamAddress: "10.1.0.22:15044"
clientAddress: "10.1.0.22:15041"
adminAddress: "10.1.0.22:15042"
startupRole: FOLLOWER
,id: "20ed7fe7-4274-4f1a-9498-93c5abf09f1c"
address: "10.1.0.22:15052"
dataStreamAddress: "10.1.0.22:15053"
clientAddress: "10.1.0.22:15050"
adminAddress: "10.1.0.22:15051"
startupRole: FOLLOWER
,id: "dc82d807-438e-4f31-a873-936b5ae41996"
address: "10.1.0.22:15016"
priority: 1
dataStreamAddress: "10.1.0.22:15017"
clientAddress: "10.1.0.22:15014"
adminAddress: "10.1.0.22:15015"
startupRole: FOLLOWER
, old:)
2024-03-26 11:21:59,536 [grpc-default-executor-2] INFO  server.GrpcServerProtocolService (GrpcServerProtocolService.java:lambda$onCompleted$5(159)) - 9bdc6c20-c7c2-4cc7-a4be-d4fe59586f4c: Completed APPEND_ENTRIES, lastReply: null
2024-03-26 11:21:59,536 [grpc-default-executor-0] INFO  server.GrpcServerProtocolService (GrpcServerProtocolService.java:lambda$onCompleted$5(159)) - 20ed7fe7-4274-4f1a-9498-93c5abf09f1c: Completed APPEND_ENTRIES, lastReply: serverReply {
  requestorId: "dc82d807-438e-4f31-a873-936b5ae41996"
  replyId: "20ed7fe7-4274-4f1a-9498-93c5abf09f1c"
  raftGroupId {
    id: "\230^\272H/\301C%\233\356_\261\215*\264\333"
  }
  callId: 6
  success: true
}
term: 1
nextIndex: 1
matchIndex: 18446744073709551615
isHearbeat: true

2024-03-26 11:21:59,537 [dc82d807-438e-4f31-a873-936b5ae41996@group-5FB18D2AB4DB-StateMachineUpdater] INFO  ratis.ContainerStateMachine (ContainerStateMachine.java:takeSnapshot(366)) - group-5FB18D2AB4DB: Finished taking a snapshot at:(t:1, i:0) file:/home/runner/work/ozone/ozone/hadoop-ozone/integration-test/target/test-dir/MiniOzoneClusterImpl-b6d037e4-5d8b-4372-b4a2-3c33797d8bad/ozone-meta/datanode-1/ratis/985eba48-2fc1-4325-9bee-5fb18d2ab4db/sm/snapshot.1_0 took: 2 ms
2024-03-26 11:21:59,538 [dc82d807-438e-4f31-a873-936b5ae41996@group-5FB18D2AB4DB-StateMachineUpdater] INFO  impl.StateMachineUpdater (StateMachineUpdater.java:takeSnapshot(295)) - dc82d807-438e-4f31-a873-936b5ae41996@group-5FB18D2AB4DB-StateMachineUpdater: Took a snapshot at index 0
2024-03-26 11:21:59,538 [dc82d807-438e-4f31-a873-936b5ae41996@group-5FB18D2AB4DB-StateMachineUpdater] INFO  impl.StateMachineUpdater (StateMachineUpdater.java:lambda$new$0(98)) - dc82d807-438e-4f31-a873-936b5ae41996@group-5FB18D2AB4DB-StateMachineUpdater: snapshotIndex: updateIncreasingly -1 -> 0
2024-03-26 11:21:59,538 [grpc-default-executor-3] INFO  server.GrpcLogAppender (GrpcLogAppender.java:onCompleted(546)) - dc82d807-438e-4f31-a873-936b5ae41996@group-5FB18D2AB4DB->9bdc6c20-c7c2-4cc7-a4be-d4fe59586f4c-AppendLogResponseHandler: follower responses appendEntries COMPLETED
2024-03-26 11:21:59,539 [grpc-default-executor-2] INFO  server.GrpcLogAppender (GrpcLogAppender.java:onCompleted(546)) - dc82d807-438e-4f31-a873-936b5ae41996@group-5FB18D2AB4DB->9bdc6c20-c7c2-4cc7-a4be-d4fe59586f4c-AppendLogResponseHandler: follower responses appendEntries COMPLETED
2024-03-26 11:21:59,539 [grpc-default-executor-4] INFO  server.GrpcServerProtocolService (GrpcServerProtocolService.java:onCompleted(157)) - 20ed7fe7-4274-4f1a-9498-93c5abf09f1c: Completed APPEND_ENTRIES, lastRequest: dc82d807-438e-4f31-a873-936b5ae41996->20ed7fe7-4274-4f1a-9498-93c5abf09f1c#1-t1,previous=(t:0, i:0),leaderCommit=-1,initializing? false,entries: size=1, first=(t:1, i:0), CONFIGURATIONENTRY(current:id: "9bdc6c20-c7c2-4cc7-a4be-d4fe59586f4c"
address: "10.1.0.22:15043"
dataStreamAddress: "10.1.0.22:15044"
clientAddress: "10.1.0.22:15041"
adminAddress: "10.1.0.22:15042"
startupRole: FOLLOWER
,id: "20ed7fe7-4274-4f1a-9498-93c5abf09f1c"
address: "10.1.0.22:15052"
dataStreamAddress: "10.1.0.22:15053"
clientAddress: "10.1.0.22:15050"
adminAddress: "10.1.0.22:15051"
startupRole: FOLLOWER
,id: "dc82d807-438e-4f31-a873-936b5ae41996"
address: "10.1.0.22:15016"
priority: 1
dataStreamAddress: "10.1.0.22:15017"
clientAddress: "10.1.0.22:15014"
adminAddress: "10.1.0.22:15015"
startupRole: FOLLOWER
, old:)
2024-03-26 11:21:59,539 [grpc-default-executor-4] INFO  server.GrpcServerProtocolService (GrpcServerProtocolService.java:lambda$onCompleted$5(159)) - 20ed7fe7-4274-4f1a-9498-93c5abf09f1c: Completed APPEND_ENTRIES, lastReply: null
2024-03-26 11:21:59,540 [grpc-default-executor-5] INFO  server.GrpcLogAppender (GrpcLogAppender.java:onCompleted(546)) - dc82d807-438e-4f31-a873-936b5ae41996@group-5FB18D2AB4DB->20ed7fe7-4274-4f1a-9498-93c5abf09f1c-AppendLogResponseHandler: follower responses appendEntries COMPLETED
2024-03-26 11:21:59,542 [dc82d807-438e-4f31-a873-936b5ae41996-PipelineCommandHandlerThread-0] INFO  server.RaftServer$Division (ServerState.java:close(427)) - dc82d807-438e-4f31-a873-936b5ae41996@group-5FB18D2AB4DB: applyIndex: 0
2024-03-26 11:21:59,542 [FixedThreadPoolWithAffinityExecutor-9-0] WARN  events.FixedThreadPoolWithAffinityExecutor (FixedThreadPoolWithAffinityExecutor.java:run(276)) - Event remained in queue for long time 3 millisec, dc82d807-438e-4f31-a873-936b5ae41996(fv-az1147-978/10.1.0.22), {type: FCR, size: 1}
2024-03-26 11:21:59,542 [dc82d807-438e-4f31-a873-936b5ae41996@group-5FB18D2AB4DB-cacheEviction-AwaitToRun] INFO  util.AwaitToRun (AwaitToRun.java:run(49)) - dc82d807-438e-4f31-a873-936b5ae41996@group-5FB18D2AB4DB-cacheEviction-AwaitToRun-AwaitForSignal is interrupted
2024-03-26 11:21:59,542 [FixedThreadPoolWithAffinityExecutor-9-0] WARN  events.FixedThreadPoolWithAffinityExecutor (FixedThreadPoolWithAffinityExecutor.java:run(289)) - Event taken long execution time 4 millisec, dc82d807-438e-4f31-a873-936b5ae41996(fv-az1147-978/10.1.0.22), {type: FCR, size: 1}
2024-03-26 11:21:59,543 [grpc-default-executor-5] INFO  server.GrpcLogAppender (GrpcLogAppender.java:onCompleted(546)) - dc82d807-438e-4f31-a873-936b5ae41996@group-5FB18D2AB4DB->20ed7fe7-4274-4f1a-9498-93c5abf09f1c-AppendLogResponseHandler: follower responses appendEntries COMPLETED
2024-03-26 11:22:00,003 [IPC Server handler 9 on default port 15002] INFO  node.SCMNodeManager (SCMNodeManager.java:updateDatanodeOpState(582)) - Scheduling a command to update the operationalState persisted on 9bdc6c20-c7c2-4cc7-a4be-d4fe59586f4c(fv-az1147-978/10.1.0.22) as the reported value (DECOMMISSIONING, 0) does not match the value stored in SCM (DECOMMISSIONED, 0)
2024-03-26 11:22:00,005 [9bdc6c20-c7c2-4cc7-a4be-d4fe59586f4c-CommandProcessorThread] INFO  replication.ReplicationSupervisor (ReplicationSupervisor.java:nodeStateUpdated(312)) - Node state updated to DECOMMISSIONED, scaling executor pool size to 20
2024-03-26 11:22:00,030 [ReplicationMonitor] INFO  replication.ReplicationManager (ReplicationManager.java:processAll(399)) - Replication Monitor Thread took 0 milliseconds for processing 1 containers.
2024-03-26 11:22:00,034 [Recon-EventQueue-PipelineReportForReconPipelineReportHandler] INFO  scm.ReconPipelineReportHandler (ReconPipelineReportHandler.java:processPipelineReport(103)) - Pipeline RATIS/THREE PipelineID=323b38ef-b3a1-4a8d-9eee-f914c1362a36 reported by 7b630919-9d6b-42e9-b08a-8409ae097dea(fv-az1147-978/10.1.0.22)
2024-03-26 11:22:00,069 [Recon-EventQueue-PipelineReportForReconPipelineReportHandler] INFO  scm.ReconPipelineReportHandler (ReconPipelineReportHandler.java:processPipelineReport(103)) - Pipeline RATIS/THREE PipelineID=323b38ef-b3a1-4a8d-9eee-f914c1362a36 reported by 12adf753-b9bf-4e27-afc1-d809141df6d3(fv-az1147-978/10.1.0.22)
2024-03-26 11:22:00,117 [Recon-EventQueue-PipelineReportForReconPipelineReportHandler] INFO  scm.ReconPipelineReportHandler (ReconPipelineReportHandler.java:processPipelineReport(103)) - Pipeline RATIS/THREE PipelineID=323b38ef-b3a1-4a8d-9eee-f914c1362a36 reported by 20ed7fe7-4274-4f1a-9498-93c5abf09f1c(fv-az1147-978/10.1.0.22)
2024-03-26 11:22:00,248 [main] INFO  container.TestHelper (TestHelper.java:countReplicas(427)) - Container 1 has 3 replicas on [12adf753-b9bf-4e27-afc1-d809141df6d3, 7b630919-9d6b-42e9-b08a-8409ae097dea, dc82d807-438e-4f31-a873-936b5ae41996]
2024-03-26 11:22:00,359 [Recon-SyncOM-1] INFO  impl.OzoneManagerServiceProviderImpl (OzoneManagerServiceProviderImpl.java:syncDataFromOM(501)) - Syncing data from Ozone Manager.
2024-03-26 11:22:00,359 [Recon-SyncOM-1] INFO  impl.OzoneManagerServiceProviderImpl (OzoneManagerServiceProviderImpl.java:syncDataFromOM(511)) - Obtaining delta updates from Ozone Manager
2024-03-26 11:22:00,359 [Recon-SyncOM-1] INFO  impl.OzoneManagerServiceProviderImpl (OzoneManagerServiceProviderImpl.java:getAndApplyDeltaUpdatesFromOM(418)) - OriginalFromSequenceNumber : 15 
2024-03-26 11:22:00,361 [Recon-SyncOM-1] INFO  impl.OzoneManagerServiceProviderImpl (OzoneManagerServiceProviderImpl.java:innerGetAndApplyDeltaUpdatesFromOM(485)) - Number of updates received from OM : 0, SequenceNumber diff: 0, SequenceNumber Lag from OM 0, isDBUpdateSuccess: true
2024-03-26 11:22:00,361 [Recon-SyncOM-1] INFO  impl.OzoneManagerServiceProviderImpl (OzoneManagerServiceProviderImpl.java:getAndApplyDeltaUpdatesFromOM(438)) - Delta updates received from OM : 1 loops, 0 records
2024-03-26 11:22:00,363 [ContainerHealthTask] INFO  fsck.ContainerHealthTask (ContainerHealthTask.java:triggerContainerHealthCheck(140)) - Container Health task thread took 0 milliseconds to process 0 existing database records.
2024-03-26 11:22:00,364 [ContainerHealthTask] INFO  fsck.ContainerHealthTask (ContainerHealthTask.java:checkAndProcessContainers(166)) - Container Health task thread took 1 milliseconds for processing 1 containers.
2024-03-26 11:22:00,364 [ContainerHealthTask] INFO  fsck.ContainerHealthTask (ContainerHealthTask.java:lambda$logUnhealthyContainerStats$3(204)) - UNDER_REPLICATED **Container State Stats:** 
	
2024-03-26 11:22:00,364 [ContainerHealthTask] INFO  fsck.ContainerHealthTask (ContainerHealthTask.java:lambda$logUnhealthyContainerStats$3(204)) - NEGATIVE_SIZE **Container State Stats:** 
	
2024-03-26 11:22:00,364 [ContainerHealthTask] INFO  fsck.ContainerHealthTask (ContainerHealthTask.java:lambda$logUnhealthyContainerStats$3(204)) - OVER_REPLICATED **Container State Stats:** 
	
2024-03-26 11:22:00,364 [ContainerHealthTask] INFO  fsck.ContainerHealthTask (ContainerHealthTask.java:lambda$logUnhealthyContainerStats$3(204)) - EMPTY_MISSING **Container State Stats:** 
	
2024-03-26 11:22:00,364 [ContainerHealthTask] INFO  fsck.ContainerHealthTask (ContainerHealthTask.java:lambda$logUnhealthyContainerStats$3(204)) - MIS_REPLICATED **Container State Stats:** 
	
2024-03-26 11:22:00,364 [ContainerHealthTask] INFO  fsck.ContainerHealthTask (ContainerHealthTask.java:lambda$logUnhealthyContainerStats$3(204)) - MISSING **Container State Stats:** 
	
2024-03-26 11:22:00,365 [ContainerHealthTask] INFO  fsck.ContainerHealthTask (ContainerHealthTask.java:checkAndProcessContainers(179)) - Container Health task thread took 1 iterations to fetch all containers using batched approach with batch size of 1000
2024-03-26 11:22:00,545 [dc82d807-438e-4f31-a873-936b5ae41996-PipelineCommandHandlerThread-0] INFO  segmented.SegmentedRaftLogWorker (SegmentedRaftLogWorker.java:close(245)) - dc82d807-438e-4f31-a873-936b5ae41996@group-5FB18D2AB4DB-SegmentedRaftLogWorker close()
2024-03-26 11:22:00,547 [dc82d807-438e-4f31-a873-936b5ae41996-PipelineCommandHandlerThread-0] INFO  server.RaftServer$Division (RaftServerImpl.java:groupRemove(496)) - dc82d807-438e-4f31-a873-936b5ae41996@group-5FB18D2AB4DB: Succeed to remove RaftStorageDirectory Storage Directory /home/runner/work/ozone/ozone/hadoop-ozone/integration-test/target/test-dir/MiniOzoneClusterImpl-b6d037e4-5d8b-4372-b4a2-3c33797d8bad/ozone-meta/datanode-1/ratis/985eba48-2fc1-4325-9bee-5fb18d2ab4db
2024-03-26 11:22:00,547 [dc82d807-438e-4f31-a873-936b5ae41996-PipelineCommandHandlerThread-0] ERROR commandhandler.ClosePipelineCommandHandler (ClosePipelineCommandHandler.java:lambda$handle$2(137)) - Can't close pipeline PipelineID=985eba48-2fc1-4325-9bee-5fb18d2ab4db
org.apache.ratis.protocol.exceptions.GroupMismatchException: dc82d807-438e-4f31-a873-936b5ae41996: group-5FB18D2AB4DB not found.
	at org.apache.ratis.server.impl.RaftServerProxy$ImplMap.get(RaftServerProxy.java:154)
	at org.apache.ratis.server.impl.RaftServerProxy.getImplFuture(RaftServerProxy.java:364)
	at org.apache.ratis.server.impl.RaftServerProxy.getImpl(RaftServerProxy.java:373)
	at org.apache.ratis.server.impl.RaftServerProxy.getDivision(RaftServerProxy.java:386)
	at org.apache.hadoop.ozone.container.common.transport.server.ratis.XceiverServerRatis.getRaftPeersInPipeline(XceiverServerRatis.java:951)
	at org.apache.hadoop.ozone.container.common.statemachine.commandhandler.ClosePipelineCommandHandler.lambda$handle$2(ClosePipelineCommandHandler.java:114)
	at java.util.concurrent.CompletableFuture$AsyncRun.run(CompletableFuture.java:1640)
	at java.util.concurrent.ThreadPoolExecutor.runWorker(ThreadPoolExecutor.java:1149)
	at java.util.concurrent.ThreadPoolExecutor$Worker.run(ThreadPoolExecutor.java:624)
	at java.lang.Thread.run(Thread.java:750)
2024-03-26 11:22:01,003 [IPC Server handler 24 on default port 15009] INFO  node.SCMNodeManager (SCMNodeManager.java:updateDatanodeOpState(582)) - Scheduling a command to update the operationalState persisted on 9bdc6c20-c7c2-4cc7-a4be-d4fe59586f4c(fv-az1147-978/10.1.0.22) as the reported value (DECOMMISSIONED, 0) does not match the value stored in SCM (DECOMMISSIONING, 0)
2024-03-26 11:22:01,030 [ReplicationMonitor] INFO  replication.ReplicationManager (ReplicationManager.java:processAll(399)) - Replication Monitor Thread took 0 milliseconds for processing 1 containers.
2024-03-26 11:22:01,248 [main] INFO  container.TestHelper (TestHelper.java:countReplicas(427)) - Container 1 has 3 replicas on [12adf753-b9bf-4e27-afc1-d809141df6d3, 7b630919-9d6b-42e9-b08a-8409ae097dea, dc82d807-438e-4f31-a873-936b5ae41996]
2024-03-26 11:22:01,362 [Recon-SyncOM-1] INFO  impl.OzoneManagerServiceProviderImpl (OzoneManagerServiceProviderImpl.java:syncDataFromOM(501)) - Syncing data from Ozone Manager.
2024-03-26 11:22:01,363 [Recon-SyncOM-1] INFO  impl.OzoneManagerServiceProviderImpl (OzoneManagerServiceProviderImpl.java:syncDataFromOM(511)) - Obtaining delta updates from Ozone Manager
2024-03-26 11:22:01,363 [Recon-SyncOM-1] INFO  impl.OzoneManagerServiceProviderImpl (OzoneManagerServiceProviderImpl.java:getAndApplyDeltaUpdatesFromOM(418)) - OriginalFromSequenceNumber : 15 
2024-03-26 11:22:01,364 [Recon-SyncOM-1] INFO  impl.OzoneManagerServiceProviderImpl (OzoneManagerServiceProviderImpl.java:innerGetAndApplyDeltaUpdatesFromOM(485)) - Number of updates received from OM : 0, SequenceNumber diff: 0, SequenceNumber Lag from OM 0, isDBUpdateSuccess: true
2024-03-26 11:22:01,364 [Recon-SyncOM-1] INFO  impl.OzoneManagerServiceProviderImpl (OzoneManagerServiceProviderImpl.java:getAndApplyDeltaUpdatesFromOM(438)) - Delta updates received from OM : 1 loops, 0 records
2024-03-26 11:22:01,365 [ContainerHealthTask] INFO  fsck.ContainerHealthTask (ContainerHealthTask.java:triggerContainerHealthCheck(140)) - Container Health task thread took 1 milliseconds to process 0 existing database records.
2024-03-26 11:22:01,367 [ContainerHealthTask] INFO  fsck.ContainerHealthTask (ContainerHealthTask.java:checkAndProcessContainers(166)) - Container Health task thread took 1 milliseconds for processing 1 containers.
2024-03-26 11:22:01,367 [ContainerHealthTask] INFO  fsck.ContainerHealthTask (ContainerHealthTask.java:lambda$logUnhealthyContainerStats$3(204)) - UNDER_REPLICATED **Container State Stats:** 
	
2024-03-26 11:22:01,367 [ContainerHealthTask] INFO  fsck.ContainerHealthTask (ContainerHealthTask.java:lambda$logUnhealthyContainerStats$3(204)) - NEGATIVE_SIZE **Container State Stats:** 
	
2024-03-26 11:22:01,367 [ContainerHealthTask] INFO  fsck.ContainerHealthTask (ContainerHealthTask.java:lambda$logUnhealthyContainerStats$3(204)) - OVER_REPLICATED **Container State Stats:** 
	
2024-03-26 11:22:01,367 [ContainerHealthTask] INFO  fsck.ContainerHealthTask (ContainerHealthTask.java:lambda$logUnhealthyContainerStats$3(204)) - EMPTY_MISSING **Container State Stats:** 
	
2024-03-26 11:22:01,367 [ContainerHealthTask] INFO  fsck.ContainerHealthTask (ContainerHealthTask.java:lambda$logUnhealthyContainerStats$3(204)) - MIS_REPLICATED **Container State Stats:** 
	
2024-03-26 11:22:01,367 [ContainerHealthTask] INFO  fsck.ContainerHealthTask (ContainerHealthTask.java:lambda$logUnhealthyContainerStats$3(204)) - MISSING **Container State Stats:** 
	
2024-03-26 11:22:01,367 [ContainerHealthTask] INFO  fsck.ContainerHealthTask (ContainerHealthTask.java:checkAndProcessContainers(179)) - Container Health task thread took 1 iterations to fetch all containers using batched approach with batch size of 1000
2024-03-26 11:22:02,031 [ReplicationMonitor] INFO  replication.ReplicationManager (ReplicationManager.java:processAll(399)) - Replication Monitor Thread took 1 milliseconds for processing 1 containers.
2024-03-26 11:22:02,035 [Recon-EventQueue-PipelineReportForReconPipelineReportHandler] INFO  scm.ReconPipelineReportHandler (ReconPipelineReportHandler.java:processPipelineReport(103)) - Pipeline RATIS/THREE PipelineID=323b38ef-b3a1-4a8d-9eee-f914c1362a36 reported by 7b630919-9d6b-42e9-b08a-8409ae097dea(fv-az1147-978/10.1.0.22)
2024-03-26 11:22:02,069 [Recon-EventQueue-PipelineReportForReconPipelineReportHandler] INFO  scm.ReconPipelineReportHandler (ReconPipelineReportHandler.java:processPipelineReport(103)) - Pipeline RATIS/THREE PipelineID=323b38ef-b3a1-4a8d-9eee-f914c1362a36 reported by 12adf753-b9bf-4e27-afc1-d809141df6d3(fv-az1147-978/10.1.0.22)
2024-03-26 11:22:02,118 [Recon-EventQueue-PipelineReportForReconPipelineReportHandler] INFO  scm.ReconPipelineReportHandler (ReconPipelineReportHandler.java:processPipelineReport(103)) - Pipeline RATIS/THREE PipelineID=323b38ef-b3a1-4a8d-9eee-f914c1362a36 reported by 20ed7fe7-4274-4f1a-9498-93c5abf09f1c(fv-az1147-978/10.1.0.22)
2024-03-26 11:22:02,248 [main] INFO  container.TestHelper (TestHelper.java:countReplicas(427)) - Container 1 has 3 replicas on [12adf753-b9bf-4e27-afc1-d809141df6d3, 7b630919-9d6b-42e9-b08a-8409ae097dea, dc82d807-438e-4f31-a873-936b5ae41996]
2024-03-26 11:22:02,366 [Recon-SyncOM-1] INFO  impl.OzoneManagerServiceProviderImpl (OzoneManagerServiceProviderImpl.java:syncDataFromOM(501)) - Syncing data from Ozone Manager.
2024-03-26 11:22:02,366 [Recon-SyncOM-1] INFO  impl.OzoneManagerServiceProviderImpl (OzoneManagerServiceProviderImpl.java:syncDataFromOM(511)) - Obtaining delta updates from Ozone Manager
2024-03-26 11:22:02,366 [Recon-SyncOM-1] INFO  impl.OzoneManagerServiceProviderImpl (OzoneManagerServiceProviderImpl.java:getAndApplyDeltaUpdatesFromOM(418)) - OriginalFromSequenceNumber : 15 
2024-03-26 11:22:02,367 [Recon-SyncOM-1] INFO  impl.OzoneManagerServiceProviderImpl (OzoneManagerServiceProviderImpl.java:innerGetAndApplyDeltaUpdatesFromOM(485)) - Number of updates received from OM : 0, SequenceNumber diff: 0, SequenceNumber Lag from OM 0, isDBUpdateSuccess: true
2024-03-26 11:22:02,368 [Recon-SyncOM-1] INFO  impl.OzoneManagerServiceProviderImpl (OzoneManagerServiceProviderImpl.java:getAndApplyDeltaUpdatesFromOM(438)) - Delta updates received from OM : 1 loops, 0 records
2024-03-26 11:22:02,368 [ContainerHealthTask] INFO  fsck.ContainerHealthTask (ContainerHealthTask.java:triggerContainerHealthCheck(140)) - Container Health task thread took 1 milliseconds to process 0 existing database records.
2024-03-26 11:22:02,369 [ContainerHealthTask] INFO  fsck.ContainerHealthTask (ContainerHealthTask.java:checkAndProcessContainers(166)) - Container Health task thread took 2 milliseconds for processing 1 containers.
2024-03-26 11:22:02,369 [ContainerHealthTask] INFO  fsck.ContainerHealthTask (ContainerHealthTask.java:lambda$logUnhealthyContainerStats$3(204)) - UNDER_REPLICATED **Container State Stats:** 
	
2024-03-26 11:22:02,369 [ContainerHealthTask] INFO  fsck.ContainerHealthTask (ContainerHealthTask.java:lambda$logUnhealthyContainerStats$3(204)) - NEGATIVE_SIZE **Container State Stats:** 
	
2024-03-26 11:22:02,369 [ContainerHealthTask] INFO  fsck.ContainerHealthTask (ContainerHealthTask.java:lambda$logUnhealthyContainerStats$3(204)) - OVER_REPLICATED **Container State Stats:** 
	
2024-03-26 11:22:02,370 [ContainerHealthTask] INFO  fsck.ContainerHealthTask (ContainerHealthTask.java:lambda$logUnhealthyContainerStats$3(204)) - EMPTY_MISSING **Container State Stats:** 
	
2024-03-26 11:22:02,370 [ContainerHealthTask] INFO  fsck.ContainerHealthTask (ContainerHealthTask.java:lambda$logUnhealthyContainerStats$3(204)) - MIS_REPLICATED **Container State Stats:** 
	
2024-03-26 11:22:02,370 [ContainerHealthTask] INFO  fsck.ContainerHealthTask (ContainerHealthTask.java:lambda$logUnhealthyContainerStats$3(204)) - MISSING **Container State Stats:** 
	
2024-03-26 11:22:02,370 [ContainerHealthTask] INFO  fsck.ContainerHealthTask (ContainerHealthTask.java:checkAndProcessContainers(179)) - Container Health task thread took 1 iterations to fetch all containers using batched approach with batch size of 1000
2024-03-26 11:22:03,031 [ReplicationMonitor] INFO  replication.ReplicationManager (ReplicationManager.java:processAll(399)) - Replication Monitor Thread took 0 milliseconds for processing 1 containers.
2024-03-26 11:22:03,035 [Recon-EventQueue-PipelineReportForReconPipelineReportHandler] INFO  scm.ReconPipelineReportHandler (ReconPipelineReportHandler.java:processPipelineReport(103)) - Pipeline RATIS/THREE PipelineID=323b38ef-b3a1-4a8d-9eee-f914c1362a36 reported by 7b630919-9d6b-42e9-b08a-8409ae097dea(fv-az1147-978/10.1.0.22)
2024-03-26 11:22:03,118 [Recon-EventQueue-PipelineReportForReconPipelineReportHandler] INFO  scm.ReconPipelineReportHandler (ReconPipelineReportHandler.java:processPipelineReport(103)) - Pipeline RATIS/THREE PipelineID=323b38ef-b3a1-4a8d-9eee-f914c1362a36 reported by 20ed7fe7-4274-4f1a-9498-93c5abf09f1c(fv-az1147-978/10.1.0.22)
2024-03-26 11:22:03,219 [20ed7fe7-4274-4f1a-9498-93c5abf09f1c@group-F914C1362A36-FollowerState] INFO  impl.FollowerState (FollowerState.java:run(143)) - 20ed7fe7-4274-4f1a-9498-93c5abf09f1c@group-F914C1362A36-FollowerState: change to CANDIDATE, lastRpcElapsedTime:5092513925ns, electionTimeout:5092ms
2024-03-26 11:22:03,219 [20ed7fe7-4274-4f1a-9498-93c5abf09f1c@group-F914C1362A36-FollowerState] INFO  impl.RoleInfo (RoleInfo.java:shutdownFollowerState(110)) - 20ed7fe7-4274-4f1a-9498-93c5abf09f1c: shutdown 20ed7fe7-4274-4f1a-9498-93c5abf09f1c@group-F914C1362A36-FollowerState
2024-03-26 11:22:03,219 [20ed7fe7-4274-4f1a-9498-93c5abf09f1c@group-F914C1362A36-FollowerState] INFO  server.RaftServer$Division (RaftServerImpl.java:setRole(383)) - 20ed7fe7-4274-4f1a-9498-93c5abf09f1c@group-F914C1362A36: changes role from  FOLLOWER to CANDIDATE at term 0 for changeToCandidate
2024-03-26 11:22:03,219 [20ed7fe7-4274-4f1a-9498-93c5abf09f1c@group-F914C1362A36-FollowerState] INFO  server.RaftServerConfigKeys (ConfUtils.java:logGet(46)) - raft.server.leaderelection.pre-vote = true (default)
2024-03-26 11:22:03,219 [20ed7fe7-4274-4f1a-9498-93c5abf09f1c@group-F914C1362A36-FollowerState] INFO  impl.RoleInfo (RoleInfo.java:updateAndGet(139)) - 20ed7fe7-4274-4f1a-9498-93c5abf09f1c: start 20ed7fe7-4274-4f1a-9498-93c5abf09f1c@group-F914C1362A36-LeaderElection13
2024-03-26 11:22:03,220 [20ed7fe7-4274-4f1a-9498-93c5abf09f1c@group-F914C1362A36-LeaderElection13] INFO  impl.LeaderElection (LeaderElection.java:askForVotes(321)) - 20ed7fe7-4274-4f1a-9498-93c5abf09f1c@group-F914C1362A36-LeaderElection13 PRE_VOTE round 0: submit vote requests at term 0 for -1: peers:[7b630919-9d6b-42e9-b08a-8409ae097dea|10.1.0.22:15034, 12adf753-b9bf-4e27-afc1-d809141df6d3|10.1.0.22:15025, 20ed7fe7-4274-4f1a-9498-93c5abf09f1c|10.1.0.22:15052]|listeners:[], old=null
2024-03-26 11:22:03,220 [20ed7fe7-4274-4f1a-9498-93c5abf09f1c@group-F914C1362A36-LeaderElection13] INFO  server.RaftServerConfigKeys (ConfUtils.java:logFallback(53)) - raft.server.rpc.first-election.timeout.min = 5s (fallback to raft.server.rpc.timeout.min)
2024-03-26 11:22:03,220 [20ed7fe7-4274-4f1a-9498-93c5abf09f1c@group-F914C1362A36-LeaderElection13] INFO  server.RaftServerConfigKeys (ConfUtils.java:logFallback(53)) - raft.server.rpc.first-election.timeout.max = 5200ms (fallback to raft.server.rpc.timeout.max)
2024-03-26 11:22:03,220 [20ed7fe7-4274-4f1a-9498-93c5abf09f1c@group-F914C1362A36-LeaderElection13-1] INFO  server.GrpcServerProtocolClient (GrpcServerProtocolClient.java:<init>(65)) - Build channel for 7b630919-9d6b-42e9-b08a-8409ae097dea|10.1.0.22:15034
2024-03-26 11:22:03,221 [20ed7fe7-4274-4f1a-9498-93c5abf09f1c@group-F914C1362A36-LeaderElection13-2] INFO  server.GrpcServerProtocolClient (GrpcServerProtocolClient.java:<init>(65)) - Build channel for 12adf753-b9bf-4e27-afc1-d809141df6d3|10.1.0.22:15025
2024-03-26 11:22:03,225 [7b630919-9d6b-42e9-b08a-8409ae097dea@group-F914C1362A36-FollowerState] INFO  impl.FollowerState (FollowerState.java:run(143)) - 7b630919-9d6b-42e9-b08a-8409ae097dea@group-F914C1362A36-FollowerState: change to CANDIDATE, lastRpcElapsedTime:5182663772ns, electionTimeout:5178ms
2024-03-26 11:22:03,225 [7b630919-9d6b-42e9-b08a-8409ae097dea@group-F914C1362A36-FollowerState] INFO  impl.RoleInfo (RoleInfo.java:shutdownFollowerState(110)) - 7b630919-9d6b-42e9-b08a-8409ae097dea: shutdown 7b630919-9d6b-42e9-b08a-8409ae097dea@group-F914C1362A36-FollowerState
2024-03-26 11:22:03,225 [7b630919-9d6b-42e9-b08a-8409ae097dea@group-F914C1362A36-FollowerState] INFO  server.RaftServer$Division (RaftServerImpl.java:setRole(383)) - 7b630919-9d6b-42e9-b08a-8409ae097dea@group-F914C1362A36: changes role from  FOLLOWER to CANDIDATE at term 0 for changeToCandidate
2024-03-26 11:22:03,225 [7b630919-9d6b-42e9-b08a-8409ae097dea@group-F914C1362A36-FollowerState] INFO  server.RaftServerConfigKeys (ConfUtils.java:logGet(46)) - raft.server.leaderelection.pre-vote = true (default)
2024-03-26 11:22:03,225 [7b630919-9d6b-42e9-b08a-8409ae097dea@group-F914C1362A36-FollowerState] INFO  impl.RoleInfo (RoleInfo.java:updateAndGet(139)) - 7b630919-9d6b-42e9-b08a-8409ae097dea: start 7b630919-9d6b-42e9-b08a-8409ae097dea@group-F914C1362A36-LeaderElection14
2024-03-26 11:22:03,230 [grpc-default-executor-5] INFO  server.RaftServer$Division (RaftServerImpl.java:requestVote(1389)) - 12adf753-b9bf-4e27-afc1-d809141df6d3@group-F914C1362A36: receive requestVote(PRE_VOTE, 20ed7fe7-4274-4f1a-9498-93c5abf09f1c, group-F914C1362A36, 0, (t:0, i:0))
2024-03-26 11:22:03,230 [grpc-default-executor-1] INFO  server.RaftServer$Division (RaftServerImpl.java:requestVote(1389)) - 7b630919-9d6b-42e9-b08a-8409ae097dea@group-F914C1362A36: receive requestVote(PRE_VOTE, 20ed7fe7-4274-4f1a-9498-93c5abf09f1c, group-F914C1362A36, 0, (t:0, i:0))
2024-03-26 11:22:03,230 [grpc-default-executor-5] INFO  impl.VoteContext (VoteContext.java:log(49)) - 12adf753-b9bf-4e27-afc1-d809141df6d3@group-F914C1362A36-FOLLOWER: reject PRE_VOTE from 20ed7fe7-4274-4f1a-9498-93c5abf09f1c: our priority 1 > candidate's priority 0
2024-03-26 11:22:03,231 [grpc-default-executor-5] INFO  server.RaftServer$Division (RaftServerImpl.java:requestVote(1422)) - 12adf753-b9bf-4e27-afc1-d809141df6d3@group-F914C1362A36 replies to PRE_VOTE vote request: 20ed7fe7-4274-4f1a-9498-93c5abf09f1c<-12adf753-b9bf-4e27-afc1-d809141df6d3#0:FAIL-t0. Peer's state: 12adf753-b9bf-4e27-afc1-d809141df6d3@group-F914C1362A36:t0, leader=null, voted=, raftlog=Memoized:12adf753-b9bf-4e27-afc1-d809141df6d3@group-F914C1362A36-SegmentedRaftLog:OPENED:c-1, conf=-1: peers:[7b630919-9d6b-42e9-b08a-8409ae097dea|10.1.0.22:15034, 12adf753-b9bf-4e27-afc1-d809141df6d3|10.1.0.22:15025, 20ed7fe7-4274-4f1a-9498-93c5abf09f1c|10.1.0.22:15052]|listeners:[], old=null
2024-03-26 11:22:03,231 [grpc-default-executor-1] INFO  impl.VoteContext (VoteContext.java:log(49)) - 7b630919-9d6b-42e9-b08a-8409ae097dea@group-F914C1362A36-CANDIDATE: accept PRE_VOTE from 20ed7fe7-4274-4f1a-9498-93c5abf09f1c: our priority 0 <= candidate's priority 0
2024-03-26 11:22:03,232 [grpc-default-executor-1] INFO  server.RaftServer$Division (RaftServerImpl.java:requestVote(1422)) - 7b630919-9d6b-42e9-b08a-8409ae097dea@group-F914C1362A36 replies to PRE_VOTE vote request: 20ed7fe7-4274-4f1a-9498-93c5abf09f1c<-7b630919-9d6b-42e9-b08a-8409ae097dea#0:OK-t0. Peer's state: 7b630919-9d6b-42e9-b08a-8409ae097dea@group-F914C1362A36:t0, leader=null, voted=, raftlog=Memoized:7b630919-9d6b-42e9-b08a-8409ae097dea@group-F914C1362A36-SegmentedRaftLog:OPENED:c-1, conf=-1: peers:[7b630919-9d6b-42e9-b08a-8409ae097dea|10.1.0.22:15034, 12adf753-b9bf-4e27-afc1-d809141df6d3|10.1.0.22:15025, 20ed7fe7-4274-4f1a-9498-93c5abf09f1c|10.1.0.22:15052]|listeners:[], old=null
2024-03-26 11:22:03,232 [7b630919-9d6b-42e9-b08a-8409ae097dea@group-F914C1362A36-LeaderElection14] INFO  impl.LeaderElection (LeaderElection.java:askForVotes(321)) - 7b630919-9d6b-42e9-b08a-8409ae097dea@group-F914C1362A36-LeaderElection14 PRE_VOTE round 0: submit vote requests at term 0 for -1: peers:[7b630919-9d6b-42e9-b08a-8409ae097dea|10.1.0.22:15034, 12adf753-b9bf-4e27-afc1-d809141df6d3|10.1.0.22:15025, 20ed7fe7-4274-4f1a-9498-93c5abf09f1c|10.1.0.22:15052]|listeners:[], old=null
2024-03-26 11:22:03,232 [7b630919-9d6b-42e9-b08a-8409ae097dea@group-F914C1362A36-LeaderElection14-1] INFO  server.GrpcServerProtocolClient (GrpcServerProtocolClient.java:<init>(65)) - Build channel for 12adf753-b9bf-4e27-afc1-d809141df6d3|10.1.0.22:15025
2024-03-26 11:22:03,238 [7b630919-9d6b-42e9-b08a-8409ae097dea@group-F914C1362A36-LeaderElection14-2] INFO  server.GrpcServerProtocolClient (GrpcServerProtocolClient.java:<init>(65)) - Build channel for 20ed7fe7-4274-4f1a-9498-93c5abf09f1c|10.1.0.22:15052
2024-03-26 11:22:03,238 [7b630919-9d6b-42e9-b08a-8409ae097dea@group-F914C1362A36-LeaderElection14] INFO  server.RaftServerConfigKeys (ConfUtils.java:logFallback(53)) - raft.server.rpc.first-election.timeout.min = 5s (fallback to raft.server.rpc.timeout.min)
2024-03-26 11:22:03,238 [7b630919-9d6b-42e9-b08a-8409ae097dea@group-F914C1362A36-LeaderElection14] INFO  server.RaftServerConfigKeys (ConfUtils.java:logFallback(53)) - raft.server.rpc.first-election.timeout.max = 5200ms (fallback to raft.server.rpc.timeout.max)
2024-03-26 11:22:03,239 [20ed7fe7-4274-4f1a-9498-93c5abf09f1c@group-F914C1362A36-LeaderElection13] INFO  impl.LeaderElection (LeaderElection.java:logAndReturn(89)) - 20ed7fe7-4274-4f1a-9498-93c5abf09f1c@group-F914C1362A36-LeaderElection13: PRE_VOTE REJECTED received 2 response(s) and 0 exception(s):
2024-03-26 11:22:03,239 [20ed7fe7-4274-4f1a-9498-93c5abf09f1c@group-F914C1362A36-LeaderElection13] INFO  impl.LeaderElection (LeaderElection.java:logAndReturn(93)) -   Response 0: 20ed7fe7-4274-4f1a-9498-93c5abf09f1c<-7b630919-9d6b-42e9-b08a-8409ae097dea#0:OK-t0
2024-03-26 11:22:03,240 [20ed7fe7-4274-4f1a-9498-93c5abf09f1c@group-F914C1362A36-LeaderElection13] INFO  impl.LeaderElection (LeaderElection.java:logAndReturn(93)) -   Response 1: 20ed7fe7-4274-4f1a-9498-93c5abf09f1c<-12adf753-b9bf-4e27-afc1-d809141df6d3#0:FAIL-t0
2024-03-26 11:22:03,240 [20ed7fe7-4274-4f1a-9498-93c5abf09f1c@group-F914C1362A36-LeaderElection13] INFO  impl.LeaderElection (LeaderElection.java:askForVotes(323)) - 20ed7fe7-4274-4f1a-9498-93c5abf09f1c@group-F914C1362A36-LeaderElection13 PRE_VOTE round 0: result REJECTED
2024-03-26 11:22:03,240 [20ed7fe7-4274-4f1a-9498-93c5abf09f1c@group-F914C1362A36-LeaderElection13] INFO  server.RaftServer$Division (RaftServerImpl.java:setRole(383)) - 20ed7fe7-4274-4f1a-9498-93c5abf09f1c@group-F914C1362A36: changes role from CANDIDATE to FOLLOWER at term 0 for REJECTED
2024-03-26 11:22:03,240 [20ed7fe7-4274-4f1a-9498-93c5abf09f1c@group-F914C1362A36-LeaderElection13] INFO  impl.RoleInfo (RoleInfo.java:shutdownLeaderElection(130)) - 20ed7fe7-4274-4f1a-9498-93c5abf09f1c: shutdown 20ed7fe7-4274-4f1a-9498-93c5abf09f1c@group-F914C1362A36-LeaderElection13
2024-03-26 11:22:03,240 [20ed7fe7-4274-4f1a-9498-93c5abf09f1c@group-F914C1362A36-LeaderElection13] INFO  impl.RoleInfo (RoleInfo.java:updateAndGet(139)) - 20ed7fe7-4274-4f1a-9498-93c5abf09f1c: start 20ed7fe7-4274-4f1a-9498-93c5abf09f1c@group-F914C1362A36-FollowerState
2024-03-26 11:22:03,241 [20ed7fe7-4274-4f1a-9498-93c5abf09f1c@group-F914C1362A36-LeaderElection13] INFO  server.RaftServer$Division (RaftServerImpl.java:setFirstElection(574)) - 20ed7fe7-4274-4f1a-9498-93c5abf09f1c@group-F914C1362A36: set firstElectionSinceStartup to false for REJECTED
2024-03-26 11:22:03,243 [12adf753-b9bf-4e27-afc1-d809141df6d3@group-F914C1362A36-FollowerState] INFO  impl.FollowerState (FollowerState.java:run(143)) - 12adf753-b9bf-4e27-afc1-d809141df6d3@group-F914C1362A36-FollowerState: change to CANDIDATE, lastRpcElapsedTime:5155111799ns, electionTimeout:5143ms
2024-03-26 11:22:03,243 [12adf753-b9bf-4e27-afc1-d809141df6d3@group-F914C1362A36-FollowerState] INFO  impl.RoleInfo (RoleInfo.java:shutdownFollowerState(110)) - 12adf753-b9bf-4e27-afc1-d809141df6d3: shutdown 12adf753-b9bf-4e27-afc1-d809141df6d3@group-F914C1362A36-FollowerState
2024-03-26 11:22:03,243 [12adf753-b9bf-4e27-afc1-d809141df6d3@group-F914C1362A36-FollowerState] INFO  server.RaftServer$Division (RaftServerImpl.java:setRole(383)) - 12adf753-b9bf-4e27-afc1-d809141df6d3@group-F914C1362A36: changes role from  FOLLOWER to CANDIDATE at term 0 for changeToCandidate
2024-03-26 11:22:03,243 [12adf753-b9bf-4e27-afc1-d809141df6d3@group-F914C1362A36-FollowerState] INFO  server.RaftServerConfigKeys (ConfUtils.java:logGet(46)) - raft.server.leaderelection.pre-vote = true (default)
2024-03-26 11:22:03,243 [12adf753-b9bf-4e27-afc1-d809141df6d3@group-F914C1362A36-FollowerState] INFO  impl.RoleInfo (RoleInfo.java:updateAndGet(139)) - 12adf753-b9bf-4e27-afc1-d809141df6d3: start 12adf753-b9bf-4e27-afc1-d809141df6d3@group-F914C1362A36-LeaderElection15
2024-03-26 11:22:03,243 [12adf753-b9bf-4e27-afc1-d809141df6d3@group-F914C1362A36-LeaderElection15] INFO  impl.LeaderElection (LeaderElection.java:askForVotes(321)) - 12adf753-b9bf-4e27-afc1-d809141df6d3@group-F914C1362A36-LeaderElection15 PRE_VOTE round 0: submit vote requests at term 0 for -1: peers:[7b630919-9d6b-42e9-b08a-8409ae097dea|10.1.0.22:15034, 12adf753-b9bf-4e27-afc1-d809141df6d3|10.1.0.22:15025, 20ed7fe7-4274-4f1a-9498-93c5abf09f1c|10.1.0.22:15052]|listeners:[], old=null
2024-03-26 11:22:03,243 [12adf753-b9bf-4e27-afc1-d809141df6d3@group-F914C1362A36-LeaderElection15] INFO  server.RaftServerConfigKeys (ConfUtils.java:logFallback(53)) - raft.server.rpc.first-election.timeout.min = 5s (fallback to raft.server.rpc.timeout.min)
2024-03-26 11:22:03,244 [12adf753-b9bf-4e27-afc1-d809141df6d3@group-F914C1362A36-LeaderElection15] INFO  server.RaftServerConfigKeys (ConfUtils.java:logFallback(53)) - raft.server.rpc.first-election.timeout.max = 5200ms (fallback to raft.server.rpc.timeout.max)
2024-03-26 11:22:03,246 [grpc-default-executor-5] INFO  server.RaftServer$Division (RaftServerImpl.java:requestVote(1389)) - 20ed7fe7-4274-4f1a-9498-93c5abf09f1c@group-F914C1362A36: receive requestVote(PRE_VOTE, 7b630919-9d6b-42e9-b08a-8409ae097dea, group-F914C1362A36, 0, (t:0, i:0))
2024-03-26 11:22:03,248 [grpc-default-executor-5] INFO  impl.VoteContext (VoteContext.java:log(49)) - 20ed7fe7-4274-4f1a-9498-93c5abf09f1c@group-F914C1362A36-FOLLOWER: accept PRE_VOTE from 7b630919-9d6b-42e9-b08a-8409ae097dea: our priority 0 <= candidate's priority 0
2024-03-26 11:22:03,249 [grpc-default-executor-5] INFO  server.RaftServer$Division (RaftServerImpl.java:requestVote(1422)) - 20ed7fe7-4274-4f1a-9498-93c5abf09f1c@group-F914C1362A36 replies to PRE_VOTE vote request: 7b630919-9d6b-42e9-b08a-8409ae097dea<-20ed7fe7-4274-4f1a-9498-93c5abf09f1c#0:OK-t0. Peer's state: 20ed7fe7-4274-4f1a-9498-93c5abf09f1c@group-F914C1362A36:t0, leader=null, voted=, raftlog=Memoized:20ed7fe7-4274-4f1a-9498-93c5abf09f1c@group-F914C1362A36-SegmentedRaftLog:OPENED:c-1, conf=-1: peers:[7b630919-9d6b-42e9-b08a-8409ae097dea|10.1.0.22:15034, 12adf753-b9bf-4e27-afc1-d809141df6d3|10.1.0.22:15025, 20ed7fe7-4274-4f1a-9498-93c5abf09f1c|10.1.0.22:15052]|listeners:[], old=null
2024-03-26 11:22:03,250 [grpc-default-executor-4] INFO  server.RaftServer$Division (RaftServerImpl.java:requestVote(1389)) - 7b630919-9d6b-42e9-b08a-8409ae097dea@group-F914C1362A36: receive requestVote(PRE_VOTE, 12adf753-b9bf-4e27-afc1-d809141df6d3, group-F914C1362A36, 0, (t:0, i:0))
2024-03-26 11:22:03,250 [grpc-default-executor-4] INFO  impl.VoteContext (VoteContext.java:log(49)) - 7b630919-9d6b-42e9-b08a-8409ae097dea@group-F914C1362A36-CANDIDATE: accept PRE_VOTE from 12adf753-b9bf-4e27-afc1-d809141df6d3: our priority 0 <= candidate's priority 1
2024-03-26 11:22:03,246 [grpc-default-executor-1] INFO  server.RaftServer$Division (RaftServerImpl.java:requestVote(1389)) - 12adf753-b9bf-4e27-afc1-d809141df6d3@group-F914C1362A36: receive requestVote(PRE_VOTE, 7b630919-9d6b-42e9-b08a-8409ae097dea, group-F914C1362A36, 0, (t:0, i:0))
2024-03-26 11:22:03,250 [grpc-default-executor-1] INFO  impl.VoteContext (VoteContext.java:log(49)) - 12adf753-b9bf-4e27-afc1-d809141df6d3@group-F914C1362A36-CANDIDATE: reject PRE_VOTE from 7b630919-9d6b-42e9-b08a-8409ae097dea: our priority 1 > candidate's priority 0
2024-03-26 11:22:03,250 [grpc-default-executor-1] INFO  server.RaftServer$Division (RaftServerImpl.java:requestVote(1422)) - 12adf753-b9bf-4e27-afc1-d809141df6d3@group-F914C1362A36 replies to PRE_VOTE vote request: 7b630919-9d6b-42e9-b08a-8409ae097dea<-12adf753-b9bf-4e27-afc1-d809141df6d3#0:FAIL-t0. Peer's state: 12adf753-b9bf-4e27-afc1-d809141df6d3@group-F914C1362A36:t0, leader=null, voted=, raftlog=Memoized:12adf753-b9bf-4e27-afc1-d809141df6d3@group-F914C1362A36-SegmentedRaftLog:OPENED:c-1, conf=-1: peers:[7b630919-9d6b-42e9-b08a-8409ae097dea|10.1.0.22:15034, 12adf753-b9bf-4e27-afc1-d809141df6d3|10.1.0.22:15025, 20ed7fe7-4274-4f1a-9498-93c5abf09f1c|10.1.0.22:15052]|listeners:[], old=null
2024-03-26 11:22:03,244 [12adf753-b9bf-4e27-afc1-d809141df6d3@group-F914C1362A36-LeaderElection15-2] INFO  server.GrpcServerProtocolClient (GrpcServerProtocolClient.java:<init>(65)) - Build channel for 20ed7fe7-4274-4f1a-9498-93c5abf09f1c|10.1.0.22:15052
2024-03-26 11:22:03,250 [grpc-default-executor-4] INFO  server.RaftServer$Division (RaftServerImpl.java:requestVote(1422)) - 7b630919-9d6b-42e9-b08a-8409ae097dea@group-F914C1362A36 replies to PRE_VOTE vote request: 12adf753-b9bf-4e27-afc1-d809141df6d3<-7b630919-9d6b-42e9-b08a-8409ae097dea#0:OK-t0. Peer's state: 7b630919-9d6b-42e9-b08a-8409ae097dea@group-F914C1362A36:t0, leader=null, voted=, raftlog=Memoized:7b630919-9d6b-42e9-b08a-8409ae097dea@group-F914C1362A36-SegmentedRaftLog:OPENED:c-1, conf=-1: peers:[7b630919-9d6b-42e9-b08a-8409ae097dea|10.1.0.22:15034, 12adf753-b9bf-4e27-afc1-d809141df6d3|10.1.0.22:15025, 20ed7fe7-4274-4f1a-9498-93c5abf09f1c|10.1.0.22:15052]|listeners:[], old=null
2024-03-26 11:22:03,249 [main] INFO  container.TestHelper (TestHelper.java:countReplicas(427)) - Container 1 has 3 replicas on [12adf753-b9bf-4e27-afc1-d809141df6d3, 7b630919-9d6b-42e9-b08a-8409ae097dea, dc82d807-438e-4f31-a873-936b5ae41996]
2024-03-26 11:22:03,252 [7b630919-9d6b-42e9-b08a-8409ae097dea@group-F914C1362A36-LeaderElection14] INFO  impl.LeaderElection (LeaderElection.java:logAndReturn(89)) - 7b630919-9d6b-42e9-b08a-8409ae097dea@group-F914C1362A36-LeaderElection14: PRE_VOTE REJECTED received 2 response(s) and 0 exception(s):
2024-03-26 11:22:03,252 [7b630919-9d6b-42e9-b08a-8409ae097dea@group-F914C1362A36-LeaderElection14] INFO  impl.LeaderElection (LeaderElection.java:logAndReturn(93)) -   Response 0: 7b630919-9d6b-42e9-b08a-8409ae097dea<-12adf753-b9bf-4e27-afc1-d809141df6d3#0:FAIL-t0
2024-03-26 11:22:03,252 [7b630919-9d6b-42e9-b08a-8409ae097dea@group-F914C1362A36-LeaderElection14] INFO  impl.LeaderElection (LeaderElection.java:logAndReturn(93)) -   Response 1: 7b630919-9d6b-42e9-b08a-8409ae097dea<-20ed7fe7-4274-4f1a-9498-93c5abf09f1c#0:OK-t0
2024-03-26 11:22:03,252 [7b630919-9d6b-42e9-b08a-8409ae097dea@group-F914C1362A36-LeaderElection14] INFO  impl.LeaderElection (LeaderElection.java:askForVotes(323)) - 7b630919-9d6b-42e9-b08a-8409ae097dea@group-F914C1362A36-LeaderElection14 PRE_VOTE round 0: result REJECTED
2024-03-26 11:22:03,252 [7b630919-9d6b-42e9-b08a-8409ae097dea@group-F914C1362A36-LeaderElection14] INFO  server.RaftServer$Division (RaftServerImpl.java:setRole(383)) - 7b630919-9d6b-42e9-b08a-8409ae097dea@group-F914C1362A36: changes role from CANDIDATE to FOLLOWER at term 0 for REJECTED
2024-03-26 11:22:03,252 [7b630919-9d6b-42e9-b08a-8409ae097dea@group-F914C1362A36-LeaderElection14] INFO  impl.RoleInfo (RoleInfo.java:shutdownLeaderElection(130)) - 7b630919-9d6b-42e9-b08a-8409ae097dea: shutdown 7b630919-9d6b-42e9-b08a-8409ae097dea@group-F914C1362A36-LeaderElection14
2024-03-26 11:22:03,252 [7b630919-9d6b-42e9-b08a-8409ae097dea@group-F914C1362A36-LeaderElection14] INFO  impl.RoleInfo (RoleInfo.java:updateAndGet(139)) - 7b630919-9d6b-42e9-b08a-8409ae097dea: start 7b630919-9d6b-42e9-b08a-8409ae097dea@group-F914C1362A36-FollowerState
2024-03-26 11:22:03,253 [7b630919-9d6b-42e9-b08a-8409ae097dea@group-F914C1362A36-LeaderElection14] INFO  server.RaftServer$Division (RaftServerImpl.java:setFirstElection(574)) - 7b630919-9d6b-42e9-b08a-8409ae097dea@group-F914C1362A36: set firstElectionSinceStartup to false for REJECTED
2024-03-26 11:22:03,256 [12adf753-b9bf-4e27-afc1-d809141df6d3@group-F914C1362A36-LeaderElection15] INFO  impl.LeaderElection (LeaderElection.java:logAndReturn(89)) - 12adf753-b9bf-4e27-afc1-d809141df6d3@group-F914C1362A36-LeaderElection15: PRE_VOTE PASSED received 1 response(s) and 0 exception(s):
2024-03-26 11:22:03,256 [12adf753-b9bf-4e27-afc1-d809141df6d3@group-F914C1362A36-LeaderElection15] INFO  impl.LeaderElection (LeaderElection.java:logAndReturn(93)) -   Response 0: 12adf753-b9bf-4e27-afc1-d809141df6d3<-7b630919-9d6b-42e9-b08a-8409ae097dea#0:OK-t0
2024-03-26 11:22:03,256 [12adf753-b9bf-4e27-afc1-d809141df6d3@group-F914C1362A36-LeaderElection15] INFO  impl.LeaderElection (LeaderElection.java:askForVotes(323)) - 12adf753-b9bf-4e27-afc1-d809141df6d3@group-F914C1362A36-LeaderElection15 PRE_VOTE round 0: result PASSED
2024-03-26 11:22:03,256 [grpc-default-executor-4] INFO  server.RaftServer$Division (RaftServerImpl.java:requestVote(1389)) - 20ed7fe7-4274-4f1a-9498-93c5abf09f1c@group-F914C1362A36: receive requestVote(PRE_VOTE, 12adf753-b9bf-4e27-afc1-d809141df6d3, group-F914C1362A36, 0, (t:0, i:0))
2024-03-26 11:22:03,256 [grpc-default-executor-4] INFO  impl.VoteContext (VoteContext.java:log(49)) - 20ed7fe7-4274-4f1a-9498-93c5abf09f1c@group-F914C1362A36-FOLLOWER: accept PRE_VOTE from 12adf753-b9bf-4e27-afc1-d809141df6d3: our priority 0 <= candidate's priority 1
2024-03-26 11:22:03,256 [grpc-default-executor-4] INFO  server.RaftServer$Division (RaftServerImpl.java:requestVote(1422)) - 20ed7fe7-4274-4f1a-9498-93c5abf09f1c@group-F914C1362A36 replies to PRE_VOTE vote request: 12adf753-b9bf-4e27-afc1-d809141df6d3<-20ed7fe7-4274-4f1a-9498-93c5abf09f1c#0:OK-t0. Peer's state: 20ed7fe7-4274-4f1a-9498-93c5abf09f1c@group-F914C1362A36:t0, leader=null, voted=, raftlog=Memoized:20ed7fe7-4274-4f1a-9498-93c5abf09f1c@group-F914C1362A36-SegmentedRaftLog:OPENED:c-1, conf=-1: peers:[7b630919-9d6b-42e9-b08a-8409ae097dea|10.1.0.22:15034, 12adf753-b9bf-4e27-afc1-d809141df6d3|10.1.0.22:15025, 20ed7fe7-4274-4f1a-9498-93c5abf09f1c|10.1.0.22:15052]|listeners:[], old=null
2024-03-26 11:22:03,258 [12adf753-b9bf-4e27-afc1-d809141df6d3@group-F914C1362A36-LeaderElection15] INFO  impl.LeaderElection (LeaderElection.java:askForVotes(321)) - 12adf753-b9bf-4e27-afc1-d809141df6d3@group-F914C1362A36-LeaderElection15 ELECTION round 0: submit vote requests at term 1 for -1: peers:[7b630919-9d6b-42e9-b08a-8409ae097dea|10.1.0.22:15034, 12adf753-b9bf-4e27-afc1-d809141df6d3|10.1.0.22:15025, 20ed7fe7-4274-4f1a-9498-93c5abf09f1c|10.1.0.22:15052]|listeners:[], old=null
2024-03-26 11:22:03,258 [12adf753-b9bf-4e27-afc1-d809141df6d3@group-F914C1362A36-LeaderElection15] INFO  server.RaftServerConfigKeys (ConfUtils.java:logFallback(53)) - raft.server.rpc.first-election.timeout.min = 5s (fallback to raft.server.rpc.timeout.min)
2024-03-26 11:22:03,258 [12adf753-b9bf-4e27-afc1-d809141df6d3@group-F914C1362A36-LeaderElection15] INFO  server.RaftServerConfigKeys (ConfUtils.java:logFallback(53)) - raft.server.rpc.first-election.timeout.max = 5200ms (fallback to raft.server.rpc.timeout.max)
2024-03-26 11:22:03,260 [grpc-default-executor-1] INFO  server.RaftServer$Division (RaftServerImpl.java:requestVote(1389)) - 20ed7fe7-4274-4f1a-9498-93c5abf09f1c@group-F914C1362A36: receive requestVote(ELECTION, 12adf753-b9bf-4e27-afc1-d809141df6d3, group-F914C1362A36, 1, (t:0, i:0))
2024-03-26 11:22:03,260 [grpc-default-executor-4] INFO  server.RaftServer$Division (RaftServerImpl.java:requestVote(1389)) - 7b630919-9d6b-42e9-b08a-8409ae097dea@group-F914C1362A36: receive requestVote(ELECTION, 12adf753-b9bf-4e27-afc1-d809141df6d3, group-F914C1362A36, 1, (t:0, i:0))
2024-03-26 11:22:03,261 [grpc-default-executor-1] INFO  impl.VoteContext (VoteContext.java:log(49)) - 20ed7fe7-4274-4f1a-9498-93c5abf09f1c@group-F914C1362A36-FOLLOWER: accept ELECTION from 12adf753-b9bf-4e27-afc1-d809141df6d3: our priority 0 <= candidate's priority 1
2024-03-26 11:22:03,261 [grpc-default-executor-1] INFO  server.RaftServer$Division (RaftServerImpl.java:setRole(383)) - 20ed7fe7-4274-4f1a-9498-93c5abf09f1c@group-F914C1362A36: changes role from  FOLLOWER to FOLLOWER at term 1 for candidate:12adf753-b9bf-4e27-afc1-d809141df6d3
2024-03-26 11:22:03,261 [grpc-default-executor-1] INFO  impl.RoleInfo (RoleInfo.java:shutdownFollowerState(110)) - 20ed7fe7-4274-4f1a-9498-93c5abf09f1c: shutdown 20ed7fe7-4274-4f1a-9498-93c5abf09f1c@group-F914C1362A36-FollowerState
2024-03-26 11:22:03,261 [grpc-default-executor-1] INFO  impl.RoleInfo (RoleInfo.java:updateAndGet(139)) - 20ed7fe7-4274-4f1a-9498-93c5abf09f1c: start 20ed7fe7-4274-4f1a-9498-93c5abf09f1c@group-F914C1362A36-FollowerState
2024-03-26 11:22:03,261 [20ed7fe7-4274-4f1a-9498-93c5abf09f1c@group-F914C1362A36-FollowerState] INFO  impl.FollowerState (FollowerState.java:run(152)) - 20ed7fe7-4274-4f1a-9498-93c5abf09f1c@group-F914C1362A36-FollowerState was interrupted
2024-03-26 11:22:03,261 [grpc-default-executor-4] INFO  impl.VoteContext (VoteContext.java:log(49)) - 7b630919-9d6b-42e9-b08a-8409ae097dea@group-F914C1362A36-FOLLOWER: accept ELECTION from 12adf753-b9bf-4e27-afc1-d809141df6d3: our priority 0 <= candidate's priority 1
2024-03-26 11:22:03,261 [grpc-default-executor-4] INFO  server.RaftServer$Division (RaftServerImpl.java:setRole(383)) - 7b630919-9d6b-42e9-b08a-8409ae097dea@group-F914C1362A36: changes role from  FOLLOWER to FOLLOWER at term 1 for candidate:12adf753-b9bf-4e27-afc1-d809141df6d3
2024-03-26 11:22:03,261 [grpc-default-executor-4] INFO  impl.RoleInfo (RoleInfo.java:shutdownFollowerState(110)) - 7b630919-9d6b-42e9-b08a-8409ae097dea: shutdown 7b630919-9d6b-42e9-b08a-8409ae097dea@group-F914C1362A36-FollowerState
2024-03-26 11:22:03,261 [grpc-default-executor-4] INFO  impl.RoleInfo (RoleInfo.java:updateAndGet(139)) - 7b630919-9d6b-42e9-b08a-8409ae097dea: start 7b630919-9d6b-42e9-b08a-8409ae097dea@group-F914C1362A36-FollowerState
2024-03-26 11:22:03,261 [7b630919-9d6b-42e9-b08a-8409ae097dea@group-F914C1362A36-FollowerState] INFO  impl.FollowerState (FollowerState.java:run(152)) - 7b630919-9d6b-42e9-b08a-8409ae097dea@group-F914C1362A36-FollowerState was interrupted
2024-03-26 11:22:03,267 [grpc-default-executor-1] INFO  server.RaftServer$Division (RaftServerImpl.java:requestVote(1422)) - 20ed7fe7-4274-4f1a-9498-93c5abf09f1c@group-F914C1362A36 replies to ELECTION vote request: 12adf753-b9bf-4e27-afc1-d809141df6d3<-20ed7fe7-4274-4f1a-9498-93c5abf09f1c#0:OK-t1. Peer's state: 20ed7fe7-4274-4f1a-9498-93c5abf09f1c@group-F914C1362A36:t1, leader=null, voted=12adf753-b9bf-4e27-afc1-d809141df6d3, raftlog=Memoized:20ed7fe7-4274-4f1a-9498-93c5abf09f1c@group-F914C1362A36-SegmentedRaftLog:OPENED:c-1, conf=-1: peers:[7b630919-9d6b-42e9-b08a-8409ae097dea|10.1.0.22:15034, 12adf753-b9bf-4e27-afc1-d809141df6d3|10.1.0.22:15025, 20ed7fe7-4274-4f1a-9498-93c5abf09f1c|10.1.0.22:15052]|listeners:[], old=null
2024-03-26 11:22:03,267 [12adf753-b9bf-4e27-afc1-d809141df6d3@group-F914C1362A36-LeaderElection15] INFO  impl.LeaderElection (LeaderElection.java:logAndReturn(89)) - 12adf753-b9bf-4e27-afc1-d809141df6d3@group-F914C1362A36-LeaderElection15: ELECTION PASSED received 1 response(s) and 0 exception(s):
2024-03-26 11:22:03,267 [12adf753-b9bf-4e27-afc1-d809141df6d3@group-F914C1362A36-LeaderElection15] INFO  impl.LeaderElection (LeaderElection.java:logAndReturn(93)) -   Response 0: 12adf753-b9bf-4e27-afc1-d809141df6d3<-20ed7fe7-4274-4f1a-9498-93c5abf09f1c#0:OK-t1
2024-03-26 11:22:03,268 [12adf753-b9bf-4e27-afc1-d809141df6d3@group-F914C1362A36-LeaderElection15] INFO  impl.LeaderElection (LeaderElection.java:askForVotes(323)) - 12adf753-b9bf-4e27-afc1-d809141df6d3@group-F914C1362A36-LeaderElection15 ELECTION round 0: result PASSED
2024-03-26 11:22:03,268 [12adf753-b9bf-4e27-afc1-d809141df6d3@group-F914C1362A36-LeaderElection15] INFO  impl.RoleInfo (RoleInfo.java:shutdownLeaderElection(130)) - 12adf753-b9bf-4e27-afc1-d809141df6d3: shutdown 12adf753-b9bf-4e27-afc1-d809141df6d3@group-F914C1362A36-LeaderElection15
2024-03-26 11:22:03,268 [12adf753-b9bf-4e27-afc1-d809141df6d3@group-F914C1362A36-LeaderElection15] INFO  server.RaftServer$Division (RaftServerImpl.java:setRole(383)) - 12adf753-b9bf-4e27-afc1-d809141df6d3@group-F914C1362A36: changes role from CANDIDATE to LEADER at term 1 for changeToLeader
2024-03-26 11:22:03,268 [12adf753-b9bf-4e27-afc1-d809141df6d3@group-F914C1362A36-LeaderElection15] INFO  server.RaftServerConfigKeys (ConfUtils.java:logGet(46)) - raft.server.staging.catchup.gap = 1000 (default)
2024-03-26 11:22:03,268 [12adf753-b9bf-4e27-afc1-d809141df6d3@group-F914C1362A36-LeaderElection15] INFO  server.RaftServerConfigKeys (ConfUtils.java:logGet(46)) - raft.server.write.element-limit = 1024 (custom)
2024-03-26 11:22:03,268 [12adf753-b9bf-4e27-afc1-d809141df6d3@group-F914C1362A36-LeaderElection15] INFO  server.RaftServerConfigKeys (ConfUtils.java:logGet(46)) - raft.server.write.byte-limit = 1024 M (=1073741824) (custom)
2024-03-26 11:22:03,268 [12adf753-b9bf-4e27-afc1-d809141df6d3@group-F914C1362A36-LeaderElection15] INFO  server.RaftServerConfigKeys (ConfUtils.java:logGet(46)) - raft.server.watch.timeout = 180s (custom)
2024-03-26 11:22:03,268 [12adf753-b9bf-4e27-afc1-d809141df6d3@group-F914C1362A36-LeaderElection15] INFO  server.RaftServerConfigKeys (ConfUtils.java:logGet(46)) - raft.server.watch.timeout.denomination = 1s (default)
2024-03-26 11:22:03,269 [12adf753-b9bf-4e27-afc1-d809141df6d3@group-F914C1362A36-LeaderElection15] INFO  server.RaftServerConfigKeys (ConfUtils.java:logGet(46)) - raft.server.watch.element-limit = 65536 (default)
2024-03-26 11:22:03,269 [12adf753-b9bf-4e27-afc1-d809141df6d3@group-F914C1362A36-LeaderElection15] INFO  server.RaftServerConfigKeys (ConfUtils.java:logGet(46)) - raft.server.read.leader.lease.enabled = false (default)
2024-03-26 11:22:03,269 [12adf753-b9bf-4e27-afc1-d809141df6d3@group-F914C1362A36-LeaderElection15] INFO  server.RaftServerConfigKeys (ConfUtils.java:logGet(46)) - raft.server.read.leader.lease.timeout.ratio = 0.9 (default)
2024-03-26 11:22:03,269 [12adf753-b9bf-4e27-afc1-d809141df6d3@group-F914C1362A36-LeaderElection15] INFO  server.RaftServerConfigKeys (ConfUtils.java:logGet(46)) - raft.server.rpc.timeout.min = 5s (custom)
2024-03-26 11:22:03,269 [12adf753-b9bf-4e27-afc1-d809141df6d3@group-F914C1362A36-LeaderElection15] INFO  server.RaftServerConfigKeys (ConfUtils.java:logGet(46)) - raft.server.write.element-limit = 1024 (custom)
2024-03-26 11:22:03,269 [12adf753-b9bf-4e27-afc1-d809141df6d3@group-F914C1362A36-LeaderElection15] INFO  server.RaftServerConfigKeys (ConfUtils.java:logGet(46)) - raft.server.write.follower.gap.ratio.max = -1.0 (default)
2024-03-26 11:22:03,269 [12adf753-b9bf-4e27-afc1-d809141df6d3@group-F914C1362A36-LeaderElection15] INFO  server.RaftServerConfigKeys (ConfUtils.java:logGet(46)) - raft.server.log.appender.snapshot.chunk.size.max = 16MB (=16777216) (default)
2024-03-26 11:22:03,270 [12adf753-b9bf-4e27-afc1-d809141df6d3@group-F914C1362A36-LeaderElection15] INFO  server.RaftServerConfigKeys (ConfUtils.java:logGet(46)) - raft.server.log.appender.buffer.byte-limit = 8388608 (custom)
2024-03-26 11:22:03,270 [12adf753-b9bf-4e27-afc1-d809141df6d3@group-F914C1362A36-LeaderElection15] INFO  server.RaftServerConfigKeys (ConfUtils.java:logGet(46)) - raft.server.log.appender.buffer.element-limit = 1 (custom)
2024-03-26 11:22:03,270 [12adf753-b9bf-4e27-afc1-d809141df6d3@group-F914C1362A36-LeaderElection15] INFO  server.RaftServerConfigKeys (ConfUtils.java:logGet(46)) - raft.server.log.appender.wait-time.min = 0μs (custom)
2024-03-26 11:22:03,270 [12adf753-b9bf-4e27-afc1-d809141df6d3@group-F914C1362A36-LeaderElection15] INFO  grpc.GrpcConfigKeys (ConfUtils.java:logGet(46)) - raft.grpc.server.leader.outstanding.appends.max = 8 (default)
2024-03-26 11:22:03,270 [12adf753-b9bf-4e27-afc1-d809141df6d3@group-F914C1362A36-LeaderElection15] INFO  server.RaftServerConfigKeys (ConfUtils.java:logGet(46)) - raft.server.rpc.request.timeout = 60s (custom)
2024-03-26 11:22:03,270 [12adf753-b9bf-4e27-afc1-d809141df6d3@group-F914C1362A36-LeaderElection15] INFO  grpc.GrpcConfigKeys (ConfUtils.java:logGet(46)) - raft.grpc.server.install_snapshot.request.element-limit = 8 (default)
2024-03-26 11:22:03,270 [12adf753-b9bf-4e27-afc1-d809141df6d3@group-F914C1362A36-LeaderElection15] INFO  grpc.GrpcConfigKeys (ConfUtils.java:logGet(46)) - raft.grpc.server.install_snapshot.request.timeout = 3000ms (default)
2024-03-26 11:22:03,270 [12adf753-b9bf-4e27-afc1-d809141df6d3@group-F914C1362A36-LeaderElection15] INFO  grpc.GrpcConfigKeys (ConfUtils.java:logGet(46)) - raft.grpc.server.log-message.batch.duration = 5s (default)
2024-03-26 11:22:03,270 [12adf753-b9bf-4e27-afc1-d809141df6d3@group-F914C1362A36-LeaderElection15] INFO  server.RaftServerConfigKeys (ConfUtils.java:logGet(46)) - raft.server.log.appender.install.snapshot.enabled = false (custom)
2024-03-26 11:22:03,270 [12adf753-b9bf-4e27-afc1-d809141df6d3@group-F914C1362A36-LeaderElection15] INFO  grpc.GrpcConfigKeys (ConfUtils.java:logGet(46)) - raft.grpc.server.heartbeat.channel = true (default)
2024-03-26 11:22:03,271 [12adf753-b9bf-4e27-afc1-d809141df6d3@group-F914C1362A36-LeaderElection15] INFO  server.RaftServerConfigKeys (ConfUtils.java:logGet(46)) - raft.server.log.appender.snapshot.chunk.size.max = 16MB (=16777216) (default)
2024-03-26 11:22:03,271 [12adf753-b9bf-4e27-afc1-d809141df6d3@group-F914C1362A36-LeaderElection15] INFO  server.RaftServerConfigKeys (ConfUtils.java:logGet(46)) - raft.server.log.appender.buffer.byte-limit = 8388608 (custom)
2024-03-26 11:22:03,271 [12adf753-b9bf-4e27-afc1-d809141df6d3@group-F914C1362A36-LeaderElection15] INFO  server.RaftServerConfigKeys (ConfUtils.java:logGet(46)) - raft.server.log.appender.buffer.element-limit = 1 (custom)
2024-03-26 11:22:03,272 [12adf753-b9bf-4e27-afc1-d809141df6d3@group-F914C1362A36-LeaderElection15] INFO  server.RaftServerConfigKeys (ConfUtils.java:logGet(46)) - raft.server.log.appender.wait-time.min = 0μs (custom)
2024-03-26 11:22:03,272 [12adf753-b9bf-4e27-afc1-d809141df6d3@group-F914C1362A36-LeaderElection15] INFO  grpc.GrpcConfigKeys (ConfUtils.java:logGet(46)) - raft.grpc.server.leader.outstanding.appends.max = 8 (default)
2024-03-26 11:22:03,272 [12adf753-b9bf-4e27-afc1-d809141df6d3@group-F914C1362A36-LeaderElection15] INFO  server.RaftServerConfigKeys (ConfUtils.java:logGet(46)) - raft.server.rpc.request.timeout = 60s (custom)
2024-03-26 11:22:03,272 [12adf753-b9bf-4e27-afc1-d809141df6d3@group-F914C1362A36-LeaderElection15] INFO  grpc.GrpcConfigKeys (ConfUtils.java:logGet(46)) - raft.grpc.server.install_snapshot.request.element-limit = 8 (default)
2024-03-26 11:22:03,272 [12adf753-b9bf-4e27-afc1-d809141df6d3@group-F914C1362A36-LeaderElection15] INFO  grpc.GrpcConfigKeys (ConfUtils.java:logGet(46)) - raft.grpc.server.install_snapshot.request.timeout = 3000ms (default)
2024-03-26 11:22:03,272 [12adf753-b9bf-4e27-afc1-d809141df6d3@group-F914C1362A36-LeaderElection15] INFO  grpc.GrpcConfigKeys (ConfUtils.java:logGet(46)) - raft.grpc.server.log-message.batch.duration = 5s (default)
2024-03-26 11:22:03,272 [12adf753-b9bf-4e27-afc1-d809141df6d3@group-F914C1362A36-LeaderElection15] INFO  server.RaftServerConfigKeys (ConfUtils.java:logGet(46)) - raft.server.log.appender.install.snapshot.enabled = false (custom)
2024-03-26 11:22:03,272 [12adf753-b9bf-4e27-afc1-d809141df6d3@group-F914C1362A36-LeaderElection15] INFO  grpc.GrpcConfigKeys (ConfUtils.java:logGet(46)) - raft.grpc.server.heartbeat.channel = true (default)
2024-03-26 11:22:03,272 [12adf753-b9bf-4e27-afc1-d809141df6d3@group-F914C1362A36-LeaderElection15] INFO  impl.RoleInfo (RoleInfo.java:updateAndGet(139)) - 12adf753-b9bf-4e27-afc1-d809141df6d3: start 12adf753-b9bf-4e27-afc1-d809141df6d3@group-F914C1362A36-LeaderStateImpl
2024-03-26 11:22:03,272 [12adf753-b9bf-4e27-afc1-d809141df6d3@group-F914C1362A36-LeaderElection15] INFO  server.RaftServer$Division (RaftServerImpl.java:setFirstElection(574)) - 12adf753-b9bf-4e27-afc1-d809141df6d3@group-F914C1362A36: set firstElectionSinceStartup to false for becomeLeader
2024-03-26 11:22:03,273 [12adf753-b9bf-4e27-afc1-d809141df6d3@group-F914C1362A36-LeaderElection15] INFO  ratis.XceiverServerRatis (XceiverServerRatis.java:handleLeaderChangedNotification(966)) - Leader change notification received for group: group-F914C1362A36 with new leaderId: 12adf753-b9bf-4e27-afc1-d809141df6d3
2024-03-26 11:22:03,273 [12adf753-b9bf-4e27-afc1-d809141df6d3@group-F914C1362A36-LeaderElection15] INFO  server.RaftServer$Division (ServerState.java:setLeader(269)) - 12adf753-b9bf-4e27-afc1-d809141df6d3@group-F914C1362A36: change Leader from null to 12adf753-b9bf-4e27-afc1-d809141df6d3 at term 1 for becomeLeader, leader elected after 5211ms
2024-03-26 11:22:03,274 [Recon-EventQueue-PipelineReportForReconPipelineReportHandler] INFO  scm.ReconPipelineReportHandler (ReconPipelineReportHandler.java:processPipelineReport(103)) - Pipeline RATIS/THREE PipelineID=323b38ef-b3a1-4a8d-9eee-f914c1362a36 reported by 12adf753-b9bf-4e27-afc1-d809141df6d3(fv-az1147-978/10.1.0.22)
2024-03-26 11:22:03,274 [EventQueue-PipelineReportForPipelineReportHandler] INFO  pipeline.PipelineReportHandler (PipelineReportHandler.java:processPipelineReport(136)) - Opened pipeline PipelineID=323b38ef-b3a1-4a8d-9eee-f914c1362a36
2024-03-26 11:22:03,275 [grpc-default-executor-4] INFO  server.RaftServer$Division (RaftServerImpl.java:requestVote(1422)) - 7b630919-9d6b-42e9-b08a-8409ae097dea@group-F914C1362A36 replies to ELECTION vote request: 12adf753-b9bf-4e27-afc1-d809141df6d3<-7b630919-9d6b-42e9-b08a-8409ae097dea#0:OK-t1. Peer's state: 7b630919-9d6b-42e9-b08a-8409ae097dea@group-F914C1362A36:t1, leader=null, voted=12adf753-b9bf-4e27-afc1-d809141df6d3, raftlog=Memoized:7b630919-9d6b-42e9-b08a-8409ae097dea@group-F914C1362A36-SegmentedRaftLog:OPENED:c-1, conf=-1: peers:[7b630919-9d6b-42e9-b08a-8409ae097dea|10.1.0.22:15034, 12adf753-b9bf-4e27-afc1-d809141df6d3|10.1.0.22:15025, 20ed7fe7-4274-4f1a-9498-93c5abf09f1c|10.1.0.22:15052]|listeners:[], old=null
2024-03-26 11:22:03,275 [12adf753-b9bf-4e27-afc1-d809141df6d3@group-F914C1362A36-LeaderElection15] INFO  segmented.SegmentedRaftLogWorker (SegmentedRaftLogWorker.java:startLogSegment(430)) - 12adf753-b9bf-4e27-afc1-d809141df6d3@group-F914C1362A36-SegmentedRaftLogWorker: Starting segment from index:0
2024-03-26 11:22:03,275 [12adf753-b9bf-4e27-afc1-d809141df6d3@group-F914C1362A36-SegmentedRaftLogWorker] INFO  segmented.BufferedWriteChannel (BufferedWriteChannel.java:open(62)) - open log_inprogress_0 at position 0
2024-03-26 11:22:03,279 [12adf753-b9bf-4e27-afc1-d809141df6d3@group-F914C1362A36-LeaderElection15] INFO  server.RaftServer$Division (ServerState.java:setRaftConf(386)) - 12adf753-b9bf-4e27-afc1-d809141df6d3@group-F914C1362A36: set configuration 0: peers:[7b630919-9d6b-42e9-b08a-8409ae097dea|10.1.0.22:15034, 12adf753-b9bf-4e27-afc1-d809141df6d3|10.1.0.22:15025, 20ed7fe7-4274-4f1a-9498-93c5abf09f1c|10.1.0.22:15052]|listeners:[], old=null
2024-03-26 11:22:03,284 [12adf753-b9bf-4e27-afc1-d809141df6d3@group-F914C1362A36-SegmentedRaftLogWorker] INFO  segmented.SegmentedRaftLogWorker (SegmentedRaftLogWorker.java:execute(634)) - 12adf753-b9bf-4e27-afc1-d809141df6d3@group-F914C1362A36-SegmentedRaftLogWorker: created new log segment /home/runner/work/ozone/ozone/hadoop-ozone/integration-test/target/test-dir/MiniOzoneClusterImpl-b6d037e4-5d8b-4372-b4a2-3c33797d8bad/ozone-meta/datanode-2/ratis/323b38ef-b3a1-4a8d-9eee-f914c1362a36/current/log_inprogress_0
2024-03-26 11:22:03,285 [20ed7fe7-4274-4f1a-9498-93c5abf09f1c-server-thread1] INFO  ratis.XceiverServerRatis (XceiverServerRatis.java:handleLeaderChangedNotification(966)) - Leader change notification received for group: group-F914C1362A36 with new leaderId: 12adf753-b9bf-4e27-afc1-d809141df6d3
2024-03-26 11:22:03,285 [20ed7fe7-4274-4f1a-9498-93c5abf09f1c-server-thread1] INFO  server.RaftServer$Division (ServerState.java:setLeader(269)) - 20ed7fe7-4274-4f1a-9498-93c5abf09f1c@group-F914C1362A36: change Leader from null to 12adf753-b9bf-4e27-afc1-d809141df6d3 at term 1 for appendEntries, leader elected after 5173ms
2024-03-26 11:22:03,288 [7b630919-9d6b-42e9-b08a-8409ae097dea-server-thread1] INFO  ratis.XceiverServerRatis (XceiverServerRatis.java:handleLeaderChangedNotification(966)) - Leader change notification received for group: group-F914C1362A36 with new leaderId: 12adf753-b9bf-4e27-afc1-d809141df6d3
2024-03-26 11:22:03,289 [7b630919-9d6b-42e9-b08a-8409ae097dea-server-thread1] INFO  server.RaftServer$Division (ServerState.java:setLeader(269)) - 7b630919-9d6b-42e9-b08a-8409ae097dea@group-F914C1362A36: change Leader from null to 12adf753-b9bf-4e27-afc1-d809141df6d3 at term 1 for appendEntries, leader elected after 5261ms
2024-03-26 11:22:03,294 [20ed7fe7-4274-4f1a-9498-93c5abf09f1c-server-thread3] INFO  server.RaftServer$Division (ServerState.java:setRaftConf(386)) - 20ed7fe7-4274-4f1a-9498-93c5abf09f1c@group-F914C1362A36: set configuration 0: peers:[7b630919-9d6b-42e9-b08a-8409ae097dea|10.1.0.22:15034, 12adf753-b9bf-4e27-afc1-d809141df6d3|10.1.0.22:15025, 20ed7fe7-4274-4f1a-9498-93c5abf09f1c|10.1.0.22:15052]|listeners:[], old=null
2024-03-26 11:22:03,294 [7b630919-9d6b-42e9-b08a-8409ae097dea-server-thread2] INFO  server.RaftServer$Division (ServerState.java:setRaftConf(386)) - 7b630919-9d6b-42e9-b08a-8409ae097dea@group-F914C1362A36: set configuration 0: peers:[7b630919-9d6b-42e9-b08a-8409ae097dea|10.1.0.22:15034, 12adf753-b9bf-4e27-afc1-d809141df6d3|10.1.0.22:15025, 20ed7fe7-4274-4f1a-9498-93c5abf09f1c|10.1.0.22:15052]|listeners:[], old=null
2024-03-26 11:22:03,295 [7b630919-9d6b-42e9-b08a-8409ae097dea-server-thread2] INFO  segmented.SegmentedRaftLogWorker (SegmentedRaftLogWorker.java:startLogSegment(430)) - 7b630919-9d6b-42e9-b08a-8409ae097dea@group-F914C1362A36-SegmentedRaftLogWorker: Starting segment from index:0
2024-03-26 11:22:03,295 [20ed7fe7-4274-4f1a-9498-93c5abf09f1c-server-thread3] INFO  segmented.SegmentedRaftLogWorker (SegmentedRaftLogWorker.java:startLogSegment(430)) - 20ed7fe7-4274-4f1a-9498-93c5abf09f1c@group-F914C1362A36-SegmentedRaftLogWorker: Starting segment from index:0
2024-03-26 11:22:03,295 [7b630919-9d6b-42e9-b08a-8409ae097dea@group-F914C1362A36-SegmentedRaftLogWorker] INFO  segmented.BufferedWriteChannel (BufferedWriteChannel.java:open(62)) - open log_inprogress_0 at position 0
2024-03-26 11:22:03,295 [20ed7fe7-4274-4f1a-9498-93c5abf09f1c@group-F914C1362A36-SegmentedRaftLogWorker] INFO  segmented.BufferedWriteChannel (BufferedWriteChannel.java:open(62)) - open log_inprogress_0 at position 0
2024-03-26 11:22:03,306 [7b630919-9d6b-42e9-b08a-8409ae097dea@group-F914C1362A36-SegmentedRaftLogWorker] INFO  segmented.SegmentedRaftLogWorker (SegmentedRaftLogWorker.java:execute(634)) - 7b630919-9d6b-42e9-b08a-8409ae097dea@group-F914C1362A36-SegmentedRaftLogWorker: created new log segment /home/runner/work/ozone/ozone/hadoop-ozone/integration-test/target/test-dir/MiniOzoneClusterImpl-b6d037e4-5d8b-4372-b4a2-3c33797d8bad/ozone-meta/datanode-3/ratis/323b38ef-b3a1-4a8d-9eee-f914c1362a36/current/log_inprogress_0
2024-03-26 11:22:03,306 [20ed7fe7-4274-4f1a-9498-93c5abf09f1c@group-F914C1362A36-SegmentedRaftLogWorker] INFO  segmented.SegmentedRaftLogWorker (SegmentedRaftLogWorker.java:execute(634)) - 20ed7fe7-4274-4f1a-9498-93c5abf09f1c@group-F914C1362A36-SegmentedRaftLogWorker: created new log segment /home/runner/work/ozone/ozone/hadoop-ozone/integration-test/target/test-dir/MiniOzoneClusterImpl-b6d037e4-5d8b-4372-b4a2-3c33797d8bad/ozone-meta/datanode-5/ratis/323b38ef-b3a1-4a8d-9eee-f914c1362a36/current/log_inprogress_0
2024-03-26 11:22:03,309 [12adf753-b9bf-4e27-afc1-d809141df6d3@group-F914C1362A36-StateMachineUpdater] INFO  server.RaftServer$Division (LeaderStateImpl.java:isApplied(320)) - leader is ready since appliedIndex == 0 >= startIndex == 0
2024-03-26 11:22:03,369 [Recon-SyncOM-1] INFO  impl.OzoneManagerServiceProviderImpl (OzoneManagerServiceProviderImpl.java:syncDataFromOM(501)) - Syncing data from Ozone Manager.
2024-03-26 11:22:03,369 [Recon-SyncOM-1] INFO  impl.OzoneManagerServiceProviderImpl (OzoneManagerServiceProviderImpl.java:syncDataFromOM(511)) - Obtaining delta updates from Ozone Manager
2024-03-26 11:22:03,369 [Recon-SyncOM-1] INFO  impl.OzoneManagerServiceProviderImpl (OzoneManagerServiceProviderImpl.java:getAndApplyDeltaUpdatesFromOM(418)) - OriginalFromSequenceNumber : 15 
2024-03-26 11:22:03,370 [ContainerHealthTask] INFO  fsck.ContainerHealthTask (ContainerHealthTask.java:triggerContainerHealthCheck(140)) - Container Health task thread took 1 milliseconds to process 0 existing database records.
2024-03-26 11:22:03,371 [Recon-SyncOM-1] INFO  impl.OzoneManagerServiceProviderImpl (OzoneManagerServiceProviderImpl.java:innerGetAndApplyDeltaUpdatesFromOM(485)) - Number of updates received from OM : 0, SequenceNumber diff: 0, SequenceNumber Lag from OM 0, isDBUpdateSuccess: true
2024-03-26 11:22:03,371 [Recon-SyncOM-1] INFO  impl.OzoneManagerServiceProviderImpl (OzoneManagerServiceProviderImpl.java:getAndApplyDeltaUpdatesFromOM(438)) - Delta updates received from OM : 1 loops, 0 records
2024-03-26 11:22:03,372 [ContainerHealthTask] INFO  fsck.ContainerHealthTask (ContainerHealthTask.java:checkAndProcessContainers(166)) - Container Health task thread took 2 milliseconds for processing 1 containers.
2024-03-26 11:22:03,372 [ContainerHealthTask] INFO  fsck.ContainerHealthTask (ContainerHealthTask.java:lambda$logUnhealthyContainerStats$3(204)) - UNDER_REPLICATED **Container State Stats:** 
	
2024-03-26 11:22:03,372 [ContainerHealthTask] INFO  fsck.ContainerHealthTask (ContainerHealthTask.java:lambda$logUnhealthyContainerStats$3(204)) - NEGATIVE_SIZE **Container State Stats:** 
	
2024-03-26 11:22:03,372 [ContainerHealthTask] INFO  fsck.ContainerHealthTask (ContainerHealthTask.java:lambda$logUnhealthyContainerStats$3(204)) - OVER_REPLICATED **Container State Stats:** 
	
2024-03-26 11:22:03,372 [ContainerHealthTask] INFO  fsck.ContainerHealthTask (ContainerHealthTask.java:lambda$logUnhealthyContainerStats$3(204)) - EMPTY_MISSING **Container State Stats:** 
	
2024-03-26 11:22:03,372 [ContainerHealthTask] INFO  fsck.ContainerHealthTask (ContainerHealthTask.java:lambda$logUnhealthyContainerStats$3(204)) - MIS_REPLICATED **Container State Stats:** 
	
2024-03-26 11:22:03,373 [ContainerHealthTask] INFO  fsck.ContainerHealthTask (ContainerHealthTask.java:lambda$logUnhealthyContainerStats$3(204)) - MISSING **Container State Stats:** 
	
2024-03-26 11:22:03,373 [ContainerHealthTask] INFO  fsck.ContainerHealthTask (ContainerHealthTask.java:checkAndProcessContainers(179)) - Container Health task thread took 1 iterations to fetch all containers using batched approach with batch size of 1000
2024-03-26 11:22:04,032 [ReplicationMonitor] INFO  replication.ReplicationManager (ReplicationManager.java:processAll(399)) - Replication Monitor Thread took 1 milliseconds for processing 1 containers.
2024-03-26 11:22:04,252 [main] INFO  container.TestHelper (TestHelper.java:countReplicas(427)) - Container 1 has 3 replicas on [12adf753-b9bf-4e27-afc1-d809141df6d3, 7b630919-9d6b-42e9-b08a-8409ae097dea, dc82d807-438e-4f31-a873-936b5ae41996]
2024-03-26 11:22:04,372 [Recon-SyncOM-1] INFO  impl.OzoneManagerServiceProviderImpl (OzoneManagerServiceProviderImpl.java:syncDataFromOM(501)) - Syncing data from Ozone Manager.
2024-03-26 11:22:04,372 [Recon-SyncOM-1] INFO  impl.OzoneManagerServiceProviderImpl (OzoneManagerServiceProviderImpl.java:syncDataFromOM(511)) - Obtaining delta updates from Ozone Manager
2024-03-26 11:22:04,372 [Recon-SyncOM-1] INFO  impl.OzoneManagerServiceProviderImpl (OzoneManagerServiceProviderImpl.java:getAndApplyDeltaUpdatesFromOM(418)) - OriginalFromSequenceNumber : 15 
2024-03-26 11:22:04,373 [ContainerHealthTask] INFO  fsck.ContainerHealthTask (ContainerHealthTask.java:triggerContainerHealthCheck(140)) - Container Health task thread took 1 milliseconds to process 0 existing database records.
2024-03-26 11:22:04,374 [Recon-SyncOM-1] INFO  impl.OzoneManagerServiceProviderImpl (OzoneManagerServiceProviderImpl.java:innerGetAndApplyDeltaUpdatesFromOM(485)) - Number of updates received from OM : 0, SequenceNumber diff: 0, SequenceNumber Lag from OM 0, isDBUpdateSuccess: true
2024-03-26 11:22:04,374 [Recon-SyncOM-1] INFO  impl.OzoneManagerServiceProviderImpl (OzoneManagerServiceProviderImpl.java:getAndApplyDeltaUpdatesFromOM(438)) - Delta updates received from OM : 1 loops, 0 records
2024-03-26 11:22:04,375 [ContainerHealthTask] INFO  fsck.ContainerHealthTask (ContainerHealthTask.java:checkAndProcessContainers(166)) - Container Health task thread took 2 milliseconds for processing 1 containers.
2024-03-26 11:22:04,375 [ContainerHealthTask] INFO  fsck.ContainerHealthTask (ContainerHealthTask.java:lambda$logUnhealthyContainerStats$3(204)) - UNDER_REPLICATED **Container State Stats:** 
	
2024-03-26 11:22:04,375 [ContainerHealthTask] INFO  fsck.ContainerHealthTask (ContainerHealthTask.java:lambda$logUnhealthyContainerStats$3(204)) - NEGATIVE_SIZE **Container State Stats:** 
	
2024-03-26 11:22:04,375 [ContainerHealthTask] INFO  fsck.ContainerHealthTask (ContainerHealthTask.java:lambda$logUnhealthyContainerStats$3(204)) - OVER_REPLICATED **Container State Stats:** 
	
2024-03-26 11:22:04,375 [ContainerHealthTask] INFO  fsck.ContainerHealthTask (ContainerHealthTask.java:lambda$logUnhealthyContainerStats$3(204)) - EMPTY_MISSING **Container State Stats:** 
	
2024-03-26 11:22:04,376 [ContainerHealthTask] INFO  fsck.ContainerHealthTask (ContainerHealthTask.java:lambda$logUnhealthyContainerStats$3(204)) - MIS_REPLICATED **Container State Stats:** 
	
2024-03-26 11:22:04,376 [ContainerHealthTask] INFO  fsck.ContainerHealthTask (ContainerHealthTask.java:lambda$logUnhealthyContainerStats$3(204)) - MISSING **Container State Stats:** 
	
2024-03-26 11:22:04,376 [ContainerHealthTask] INFO  fsck.ContainerHealthTask (ContainerHealthTask.java:checkAndProcessContainers(179)) - Container Health task thread took 1 iterations to fetch all containers using batched approach with batch size of 1000
2024-03-26 11:22:05,032 [ReplicationMonitor] INFO  replication.ReplicationManager (ReplicationManager.java:processAll(399)) - Replication Monitor Thread took 0 milliseconds for processing 1 containers.
2024-03-26 11:22:05,252 [main] INFO  container.TestHelper (TestHelper.java:countReplicas(427)) - Container 1 has 3 replicas on [12adf753-b9bf-4e27-afc1-d809141df6d3, 7b630919-9d6b-42e9-b08a-8409ae097dea, dc82d807-438e-4f31-a873-936b5ae41996]
2024-03-26 11:22:05,376 [Recon-SyncOM-1] INFO  impl.OzoneManagerServiceProviderImpl (OzoneManagerServiceProviderImpl.java:syncDataFromOM(501)) - Syncing data from Ozone Manager.
2024-03-26 11:22:05,376 [Recon-SyncOM-1] INFO  impl.OzoneManagerServiceProviderImpl (OzoneManagerServiceProviderImpl.java:syncDataFromOM(511)) - Obtaining delta updates from Ozone Manager
2024-03-26 11:22:05,376 [Recon-SyncOM-1] INFO  impl.OzoneManagerServiceProviderImpl (OzoneManagerServiceProviderImpl.java:getAndApplyDeltaUpdatesFromOM(418)) - OriginalFromSequenceNumber : 15 
2024-03-26 11:22:05,377 [ContainerHealthTask] INFO  fsck.ContainerHealthTask (ContainerHealthTask.java:triggerContainerHealthCheck(140)) - Container Health task thread took 1 milliseconds to process 0 existing database records.
2024-03-26 11:22:05,377 [Recon-SyncOM-1] INFO  impl.OzoneManagerServiceProviderImpl (OzoneManagerServiceProviderImpl.java:innerGetAndApplyDeltaUpdatesFromOM(485)) - Number of updates received from OM : 0, SequenceNumber diff: 0, SequenceNumber Lag from OM 0, isDBUpdateSuccess: true
2024-03-26 11:22:05,377 [Recon-SyncOM-1] INFO  impl.OzoneManagerServiceProviderImpl (OzoneManagerServiceProviderImpl.java:getAndApplyDeltaUpdatesFromOM(438)) - Delta updates received from OM : 1 loops, 0 records
2024-03-26 11:22:05,379 [ContainerHealthTask] INFO  fsck.ContainerHealthTask (ContainerHealthTask.java:checkAndProcessContainers(166)) - Container Health task thread took 2 milliseconds for processing 1 containers.
2024-03-26 11:22:05,379 [ContainerHealthTask] INFO  fsck.ContainerHealthTask (ContainerHealthTask.java:lambda$logUnhealthyContainerStats$3(204)) - UNDER_REPLICATED **Container State Stats:** 
	
2024-03-26 11:22:05,379 [ContainerHealthTask] INFO  fsck.ContainerHealthTask (ContainerHealthTask.java:lambda$logUnhealthyContainerStats$3(204)) - NEGATIVE_SIZE **Container State Stats:** 
	
2024-03-26 11:22:05,379 [ContainerHealthTask] INFO  fsck.ContainerHealthTask (ContainerHealthTask.java:lambda$logUnhealthyContainerStats$3(204)) - OVER_REPLICATED **Container State Stats:** 
	
2024-03-26 11:22:05,379 [ContainerHealthTask] INFO  fsck.ContainerHealthTask (ContainerHealthTask.java:lambda$logUnhealthyContainerStats$3(204)) - EMPTY_MISSING **Container State Stats:** 
	
2024-03-26 11:22:05,379 [ContainerHealthTask] INFO  fsck.ContainerHealthTask (ContainerHealthTask.java:lambda$logUnhealthyContainerStats$3(204)) - MIS_REPLICATED **Container State Stats:** 
	
2024-03-26 11:22:05,379 [ContainerHealthTask] INFO  fsck.ContainerHealthTask (ContainerHealthTask.java:lambda$logUnhealthyContainerStats$3(204)) - MISSING **Container State Stats:** 
	
2024-03-26 11:22:05,379 [ContainerHealthTask] INFO  fsck.ContainerHealthTask (ContainerHealthTask.java:checkAndProcessContainers(179)) - Container Health task thread took 1 iterations to fetch all containers using batched approach with batch size of 1000
2024-03-26 11:22:06,033 [ReplicationMonitor] INFO  replication.ReplicationManager (ReplicationManager.java:processAll(399)) - Replication Monitor Thread took 1 milliseconds for processing 1 containers.
2024-03-26 11:22:06,153 [Recon-SyncSCMContainerInfo-0] INFO  scm.ReconStorageContainerManagerFacade (ReconStorageContainerManagerFacade.java:syncWithSCMContainerInfo(557)) - Got list of containers from SCM : 1
2024-03-26 11:22:06,253 [main] INFO  container.TestHelper (TestHelper.java:countReplicas(427)) - Container 1 has 3 replicas on [12adf753-b9bf-4e27-afc1-d809141df6d3, 7b630919-9d6b-42e9-b08a-8409ae097dea, dc82d807-438e-4f31-a873-936b5ae41996]
2024-03-26 11:22:06,379 [Recon-SyncOM-1] INFO  impl.OzoneManagerServiceProviderImpl (OzoneManagerServiceProviderImpl.java:syncDataFromOM(501)) - Syncing data from Ozone Manager.
2024-03-26 11:22:06,379 [Recon-SyncOM-1] INFO  impl.OzoneManagerServiceProviderImpl (OzoneManagerServiceProviderImpl.java:syncDataFromOM(511)) - Obtaining delta updates from Ozone Manager
2024-03-26 11:22:06,379 [Recon-SyncOM-1] INFO  impl.OzoneManagerServiceProviderImpl (OzoneManagerServiceProviderImpl.java:getAndApplyDeltaUpdatesFromOM(418)) - OriginalFromSequenceNumber : 15 
2024-03-26 11:22:06,380 [ContainerHealthTask] INFO  fsck.ContainerHealthTask (ContainerHealthTask.java:triggerContainerHealthCheck(140)) - Container Health task thread took 1 milliseconds to process 0 existing database records.
2024-03-26 11:22:06,380 [Recon-SyncOM-1] INFO  impl.OzoneManagerServiceProviderImpl (OzoneManagerServiceProviderImpl.java:innerGetAndApplyDeltaUpdatesFromOM(485)) - Number of updates received from OM : 0, SequenceNumber diff: 0, SequenceNumber Lag from OM 0, isDBUpdateSuccess: true
2024-03-26 11:22:06,380 [Recon-SyncOM-1] INFO  impl.OzoneManagerServiceProviderImpl (OzoneManagerServiceProviderImpl.java:getAndApplyDeltaUpdatesFromOM(438)) - Delta updates received from OM : 1 loops, 0 records
2024-03-26 11:22:06,382 [ContainerHealthTask] INFO  fsck.ContainerHealthTask (ContainerHealthTask.java:checkAndProcessContainers(166)) - Container Health task thread took 2 milliseconds for processing 1 containers.
2024-03-26 11:22:06,382 [ContainerHealthTask] INFO  fsck.ContainerHealthTask (ContainerHealthTask.java:lambda$logUnhealthyContainerStats$3(204)) - UNDER_REPLICATED **Container State Stats:** 
	
2024-03-26 11:22:06,382 [ContainerHealthTask] INFO  fsck.ContainerHealthTask (ContainerHealthTask.java:lambda$logUnhealthyContainerStats$3(204)) - NEGATIVE_SIZE **Container State Stats:** 
	
2024-03-26 11:22:06,382 [ContainerHealthTask] INFO  fsck.ContainerHealthTask (ContainerHealthTask.java:lambda$logUnhealthyContainerStats$3(204)) - OVER_REPLICATED **Container State Stats:** 
	
2024-03-26 11:22:06,382 [ContainerHealthTask] INFO  fsck.ContainerHealthTask (ContainerHealthTask.java:lambda$logUnhealthyContainerStats$3(204)) - EMPTY_MISSING **Container State Stats:** 
	
2024-03-26 11:22:06,383 [ContainerHealthTask] INFO  fsck.ContainerHealthTask (ContainerHealthTask.java:lambda$logUnhealthyContainerStats$3(204)) - MIS_REPLICATED **Container State Stats:** 
	
2024-03-26 11:22:06,383 [ContainerHealthTask] INFO  fsck.ContainerHealthTask (ContainerHealthTask.java:lambda$logUnhealthyContainerStats$3(204)) - MISSING **Container State Stats:** 
	
2024-03-26 11:22:06,383 [ContainerHealthTask] INFO  fsck.ContainerHealthTask (ContainerHealthTask.java:checkAndProcessContainers(179)) - Container Health task thread took 1 iterations to fetch all containers using batched approach with batch size of 1000
2024-03-26 11:22:07,033 [ReplicationMonitor] INFO  replication.ReplicationManager (ReplicationManager.java:processAll(399)) - Replication Monitor Thread took 0 milliseconds for processing 1 containers.
2024-03-26 11:22:07,253 [main] INFO  container.TestHelper (TestHelper.java:countReplicas(427)) - Container 1 has 3 replicas on [12adf753-b9bf-4e27-afc1-d809141df6d3, 7b630919-9d6b-42e9-b08a-8409ae097dea, dc82d807-438e-4f31-a873-936b5ae41996]
2024-03-26 11:22:07,382 [Recon-SyncOM-1] INFO  impl.OzoneManagerServiceProviderImpl (OzoneManagerServiceProviderImpl.java:syncDataFromOM(501)) - Syncing data from Ozone Manager.
2024-03-26 11:22:07,382 [Recon-SyncOM-1] INFO  impl.OzoneManagerServiceProviderImpl (OzoneManagerServiceProviderImpl.java:syncDataFromOM(511)) - Obtaining delta updates from Ozone Manager
2024-03-26 11:22:07,382 [Recon-SyncOM-1] INFO  impl.OzoneManagerServiceProviderImpl (OzoneManagerServiceProviderImpl.java:getAndApplyDeltaUpdatesFromOM(418)) - OriginalFromSequenceNumber : 15 
2024-03-26 11:22:07,384 [ContainerHealthTask] INFO  fsck.ContainerHealthTask (ContainerHealthTask.java:triggerContainerHealthCheck(140)) - Container Health task thread took 1 milliseconds to process 0 existing database records.
2024-03-26 11:22:07,384 [Recon-SyncOM-1] INFO  impl.OzoneManagerServiceProviderImpl (OzoneManagerServiceProviderImpl.java:innerGetAndApplyDeltaUpdatesFromOM(485)) - Number of updates received from OM : 0, SequenceNumber diff: 0, SequenceNumber Lag from OM 0, isDBUpdateSuccess: true
2024-03-26 11:22:07,384 [Recon-SyncOM-1] INFO  impl.OzoneManagerServiceProviderImpl (OzoneManagerServiceProviderImpl.java:getAndApplyDeltaUpdatesFromOM(438)) - Delta updates received from OM : 1 loops, 0 records
2024-03-26 11:22:07,385 [ContainerHealthTask] INFO  fsck.ContainerHealthTask (ContainerHealthTask.java:checkAndProcessContainers(166)) - Container Health task thread took 2 milliseconds for processing 1 containers.
2024-03-26 11:22:07,385 [ContainerHealthTask] INFO  fsck.ContainerHealthTask (ContainerHealthTask.java:lambda$logUnhealthyContainerStats$3(204)) - UNDER_REPLICATED **Container State Stats:** 
	
2024-03-26 11:22:07,385 [ContainerHealthTask] INFO  fsck.ContainerHealthTask (ContainerHealthTask.java:lambda$logUnhealthyContainerStats$3(204)) - NEGATIVE_SIZE **Container State Stats:** 
	
2024-03-26 11:22:07,385 [ContainerHealthTask] INFO  fsck.ContainerHealthTask (ContainerHealthTask.java:lambda$logUnhealthyContainerStats$3(204)) - OVER_REPLICATED **Container State Stats:** 
	
2024-03-26 11:22:07,386 [ContainerHealthTask] INFO  fsck.ContainerHealthTask (ContainerHealthTask.java:lambda$logUnhealthyContainerStats$3(204)) - EMPTY_MISSING **Container State Stats:** 
	
2024-03-26 11:22:07,386 [ContainerHealthTask] INFO  fsck.ContainerHealthTask (ContainerHealthTask.java:lambda$logUnhealthyContainerStats$3(204)) - MIS_REPLICATED **Container State Stats:** 
	
2024-03-26 11:22:07,386 [ContainerHealthTask] INFO  fsck.ContainerHealthTask (ContainerHealthTask.java:lambda$logUnhealthyContainerStats$3(204)) - MISSING **Container State Stats:** 
	
2024-03-26 11:22:07,386 [ContainerHealthTask] INFO  fsck.ContainerHealthTask (ContainerHealthTask.java:checkAndProcessContainers(179)) - Container Health task thread took 1 iterations to fetch all containers using batched approach with batch size of 1000
2024-03-26 11:22:08,033 [ReplicationMonitor] INFO  replication.ReplicationManager (ReplicationManager.java:processAll(399)) - Replication Monitor Thread took 0 milliseconds for processing 1 containers.
2024-03-26 11:22:08,253 [main] INFO  container.TestHelper (TestHelper.java:countReplicas(427)) - Container 1 has 3 replicas on [12adf753-b9bf-4e27-afc1-d809141df6d3, 7b630919-9d6b-42e9-b08a-8409ae097dea, dc82d807-438e-4f31-a873-936b5ae41996]
2024-03-26 11:22:08,386 [Recon-SyncOM-1] INFO  impl.OzoneManagerServiceProviderImpl (OzoneManagerServiceProviderImpl.java:syncDataFromOM(501)) - Syncing data from Ozone Manager.
2024-03-26 11:22:08,386 [Recon-SyncOM-1] INFO  impl.OzoneManagerServiceProviderImpl (OzoneManagerServiceProviderImpl.java:syncDataFromOM(511)) - Obtaining delta updates from Ozone Manager
2024-03-26 11:22:08,386 [Recon-SyncOM-1] INFO  impl.OzoneManagerServiceProviderImpl (OzoneManagerServiceProviderImpl.java:getAndApplyDeltaUpdatesFromOM(418)) - OriginalFromSequenceNumber : 15 
2024-03-26 11:22:08,386 [ContainerHealthTask] INFO  fsck.ContainerHealthTask (ContainerHealthTask.java:triggerContainerHealthCheck(140)) - Container Health task thread took 1 milliseconds to process 0 existing database records.
2024-03-26 11:22:08,388 [Recon-SyncOM-1] INFO  impl.OzoneManagerServiceProviderImpl (OzoneManagerServiceProviderImpl.java:innerGetAndApplyDeltaUpdatesFromOM(485)) - Number of updates received from OM : 0, SequenceNumber diff: 0, SequenceNumber Lag from OM 0, isDBUpdateSuccess: true
2024-03-26 11:22:08,388 [Recon-SyncOM-1] INFO  impl.OzoneManagerServiceProviderImpl (OzoneManagerServiceProviderImpl.java:getAndApplyDeltaUpdatesFromOM(438)) - Delta updates received from OM : 1 loops, 0 records
2024-03-26 11:22:08,389 [ContainerHealthTask] INFO  fsck.ContainerHealthTask (ContainerHealthTask.java:checkAndProcessContainers(166)) - Container Health task thread took 2 milliseconds for processing 1 containers.
2024-03-26 11:22:08,389 [ContainerHealthTask] INFO  fsck.ContainerHealthTask (ContainerHealthTask.java:lambda$logUnhealthyContainerStats$3(204)) - UNDER_REPLICATED **Container State Stats:** 
	
2024-03-26 11:22:08,389 [ContainerHealthTask] INFO  fsck.ContainerHealthTask (ContainerHealthTask.java:lambda$logUnhealthyContainerStats$3(204)) - NEGATIVE_SIZE **Container State Stats:** 
	
2024-03-26 11:22:08,389 [ContainerHealthTask] INFO  fsck.ContainerHealthTask (ContainerHealthTask.java:lambda$logUnhealthyContainerStats$3(204)) - OVER_REPLICATED **Container State Stats:** 
	
2024-03-26 11:22:08,390 [ContainerHealthTask] INFO  fsck.ContainerHealthTask (ContainerHealthTask.java:lambda$logUnhealthyContainerStats$3(204)) - EMPTY_MISSING **Container State Stats:** 
	
2024-03-26 11:22:08,390 [ContainerHealthTask] INFO  fsck.ContainerHealthTask (ContainerHealthTask.java:lambda$logUnhealthyContainerStats$3(204)) - MIS_REPLICATED **Container State Stats:** 
	
2024-03-26 11:22:08,390 [ContainerHealthTask] INFO  fsck.ContainerHealthTask (ContainerHealthTask.java:lambda$logUnhealthyContainerStats$3(204)) - MISSING **Container State Stats:** 
	
2024-03-26 11:22:08,390 [ContainerHealthTask] INFO  fsck.ContainerHealthTask (ContainerHealthTask.java:checkAndProcessContainers(179)) - Container Health task thread took 1 iterations to fetch all containers using batched approach with batch size of 1000
2024-03-26 11:22:09,034 [ReplicationMonitor] INFO  replication.ReplicationManager (ReplicationManager.java:processAll(399)) - Replication Monitor Thread took 0 milliseconds for processing 1 containers.
2024-03-26 11:22:09,254 [main] INFO  container.TestHelper (TestHelper.java:countReplicas(427)) - Container 1 has 3 replicas on [12adf753-b9bf-4e27-afc1-d809141df6d3, 7b630919-9d6b-42e9-b08a-8409ae097dea, dc82d807-438e-4f31-a873-936b5ae41996]
2024-03-26 11:22:09,389 [Recon-SyncOM-1] INFO  impl.OzoneManagerServiceProviderImpl (OzoneManagerServiceProviderImpl.java:syncDataFromOM(501)) - Syncing data from Ozone Manager.
2024-03-26 11:22:09,390 [Recon-SyncOM-1] INFO  impl.OzoneManagerServiceProviderImpl (OzoneManagerServiceProviderImpl.java:syncDataFromOM(511)) - Obtaining delta updates from Ozone Manager
2024-03-26 11:22:09,390 [Recon-SyncOM-1] INFO  impl.OzoneManagerServiceProviderImpl (OzoneManagerServiceProviderImpl.java:getAndApplyDeltaUpdatesFromOM(418)) - OriginalFromSequenceNumber : 15 
2024-03-26 11:22:09,391 [ContainerHealthTask] INFO  fsck.ContainerHealthTask (ContainerHealthTask.java:triggerContainerHealthCheck(140)) - Container Health task thread took 1 milliseconds to process 0 existing database records.
2024-03-26 11:22:09,391 [Recon-SyncOM-1] INFO  impl.OzoneManagerServiceProviderImpl (OzoneManagerServiceProviderImpl.java:innerGetAndApplyDeltaUpdatesFromOM(485)) - Number of updates received from OM : 0, SequenceNumber diff: 0, SequenceNumber Lag from OM 0, isDBUpdateSuccess: true
2024-03-26 11:22:09,391 [Recon-SyncOM-1] INFO  impl.OzoneManagerServiceProviderImpl (OzoneManagerServiceProviderImpl.java:getAndApplyDeltaUpdatesFromOM(438)) - Delta updates received from OM : 1 loops, 0 records
2024-03-26 11:22:09,393 [ContainerHealthTask] INFO  fsck.ContainerHealthTask (ContainerHealthTask.java:checkAndProcessContainers(166)) - Container Health task thread took 2 milliseconds for processing 1 containers.
2024-03-26 11:22:09,393 [ContainerHealthTask] INFO  fsck.ContainerHealthTask (ContainerHealthTask.java:lambda$logUnhealthyContainerStats$3(204)) - UNDER_REPLICATED **Container State Stats:** 
	
2024-03-26 11:22:09,393 [ContainerHealthTask] INFO  fsck.ContainerHealthTask (ContainerHealthTask.java:lambda$logUnhealthyContainerStats$3(204)) - NEGATIVE_SIZE **Container State Stats:** 
	
2024-03-26 11:22:09,393 [ContainerHealthTask] INFO  fsck.ContainerHealthTask (ContainerHealthTask.java:lambda$logUnhealthyContainerStats$3(204)) - OVER_REPLICATED **Container State Stats:** 
	
2024-03-26 11:22:09,393 [ContainerHealthTask] INFO  fsck.ContainerHealthTask (ContainerHealthTask.java:lambda$logUnhealthyContainerStats$3(204)) - EMPTY_MISSING **Container State Stats:** 
	
2024-03-26 11:22:09,393 [ContainerHealthTask] INFO  fsck.ContainerHealthTask (ContainerHealthTask.java:lambda$logUnhealthyContainerStats$3(204)) - MIS_REPLICATED **Container State Stats:** 
	
2024-03-26 11:22:09,393 [ContainerHealthTask] INFO  fsck.ContainerHealthTask (ContainerHealthTask.java:lambda$logUnhealthyContainerStats$3(204)) - MISSING **Container State Stats:** 
	
2024-03-26 11:22:09,393 [ContainerHealthTask] INFO  fsck.ContainerHealthTask (ContainerHealthTask.java:checkAndProcessContainers(179)) - Container Health task thread took 1 iterations to fetch all containers using batched approach with batch size of 1000
2024-03-26 11:22:10,034 [ReplicationMonitor] INFO  replication.ReplicationManager (ReplicationManager.java:processAll(399)) - Replication Monitor Thread took 0 milliseconds for processing 1 containers.
2024-03-26 11:22:10,254 [main] INFO  container.TestHelper (TestHelper.java:countReplicas(427)) - Container 1 has 3 replicas on [12adf753-b9bf-4e27-afc1-d809141df6d3, 7b630919-9d6b-42e9-b08a-8409ae097dea, dc82d807-438e-4f31-a873-936b5ae41996]
2024-03-26 11:22:10,393 [Recon-SyncOM-1] INFO  impl.OzoneManagerServiceProviderImpl (OzoneManagerServiceProviderImpl.java:syncDataFromOM(501)) - Syncing data from Ozone Manager.
2024-03-26 11:22:10,393 [Recon-SyncOM-1] INFO  impl.OzoneManagerServiceProviderImpl (OzoneManagerServiceProviderImpl.java:syncDataFromOM(511)) - Obtaining delta updates from Ozone Manager
2024-03-26 11:22:10,393 [Recon-SyncOM-1] INFO  impl.OzoneManagerServiceProviderImpl (OzoneManagerServiceProviderImpl.java:getAndApplyDeltaUpdatesFromOM(418)) - OriginalFromSequenceNumber : 15 
2024-03-26 11:22:10,394 [ContainerHealthTask] INFO  fsck.ContainerHealthTask (ContainerHealthTask.java:triggerContainerHealthCheck(140)) - Container Health task thread took 0 milliseconds to process 0 existing database records.
2024-03-26 11:22:10,394 [Recon-SyncOM-1] INFO  impl.OzoneManagerServiceProviderImpl (OzoneManagerServiceProviderImpl.java:innerGetAndApplyDeltaUpdatesFromOM(485)) - Number of updates received from OM : 0, SequenceNumber diff: 0, SequenceNumber Lag from OM 0, isDBUpdateSuccess: true
2024-03-26 11:22:10,395 [Recon-SyncOM-1] INFO  impl.OzoneManagerServiceProviderImpl (OzoneManagerServiceProviderImpl.java:getAndApplyDeltaUpdatesFromOM(438)) - Delta updates received from OM : 1 loops, 0 records
2024-03-26 11:22:10,396 [ContainerHealthTask] INFO  fsck.ContainerHealthTask (ContainerHealthTask.java:checkAndProcessContainers(166)) - Container Health task thread took 3 milliseconds for processing 1 containers.
2024-03-26 11:22:10,396 [ContainerHealthTask] INFO  fsck.ContainerHealthTask (ContainerHealthTask.java:lambda$logUnhealthyContainerStats$3(204)) - UNDER_REPLICATED **Container State Stats:** 
	
2024-03-26 11:22:10,396 [ContainerHealthTask] INFO  fsck.ContainerHealthTask (ContainerHealthTask.java:lambda$logUnhealthyContainerStats$3(204)) - NEGATIVE_SIZE **Container State Stats:** 
	
2024-03-26 11:22:10,396 [ContainerHealthTask] INFO  fsck.ContainerHealthTask (ContainerHealthTask.java:lambda$logUnhealthyContainerStats$3(204)) - OVER_REPLICATED **Container State Stats:** 
	
2024-03-26 11:22:10,397 [ContainerHealthTask] INFO  fsck.ContainerHealthTask (ContainerHealthTask.java:lambda$logUnhealthyContainerStats$3(204)) - EMPTY_MISSING **Container State Stats:** 
	
2024-03-26 11:22:10,397 [ContainerHealthTask] INFO  fsck.ContainerHealthTask (ContainerHealthTask.java:lambda$logUnhealthyContainerStats$3(204)) - MIS_REPLICATED **Container State Stats:** 
	
2024-03-26 11:22:10,397 [ContainerHealthTask] INFO  fsck.ContainerHealthTask (ContainerHealthTask.java:lambda$logUnhealthyContainerStats$3(204)) - MISSING **Container State Stats:** 
	
2024-03-26 11:22:10,397 [ContainerHealthTask] INFO  fsck.ContainerHealthTask (ContainerHealthTask.java:checkAndProcessContainers(179)) - Container Health task thread took 1 iterations to fetch all containers using batched approach with batch size of 1000
2024-03-26 11:22:11,035 [ReplicationMonitor] INFO  replication.ReplicationManager (ReplicationManager.java:processAll(399)) - Replication Monitor Thread took 0 milliseconds for processing 1 containers.
2024-03-26 11:22:11,037 [Recon-FixedThreadPoolWithAffinityExecutor-1-0] WARN  events.FixedThreadPoolWithAffinityExecutor (FixedThreadPoolWithAffinityExecutor.java:run(276)) - Event remained in queue for long time 2 millisec, 7b630919-9d6b-42e9-b08a-8409ae097dea(fv-az1147-978/10.1.0.22), {type: FCR, size: 1}
2024-03-26 11:22:11,037 [Recon-FixedThreadPoolWithAffinityExecutor-1-0] WARN  events.FixedThreadPoolWithAffinityExecutor (FixedThreadPoolWithAffinityExecutor.java:run(289)) - Event taken long execution time 2 millisec, 7b630919-9d6b-42e9-b08a-8409ae097dea(fv-az1147-978/10.1.0.22), {type: FCR, size: 1}
2024-03-26 11:22:11,255 [main] INFO  container.TestHelper (TestHelper.java:countReplicas(427)) - Container 1 has 3 replicas on [12adf753-b9bf-4e27-afc1-d809141df6d3, 7b630919-9d6b-42e9-b08a-8409ae097dea, dc82d807-438e-4f31-a873-936b5ae41996]
2024-03-26 11:22:11,396 [Recon-SyncOM-1] INFO  impl.OzoneManagerServiceProviderImpl (OzoneManagerServiceProviderImpl.java:syncDataFromOM(501)) - Syncing data from Ozone Manager.
2024-03-26 11:22:11,396 [Recon-SyncOM-1] INFO  impl.OzoneManagerServiceProviderImpl (OzoneManagerServiceProviderImpl.java:syncDataFromOM(511)) - Obtaining delta updates from Ozone Manager
2024-03-26 11:22:11,396 [Recon-SyncOM-1] INFO  impl.OzoneManagerServiceProviderImpl (OzoneManagerServiceProviderImpl.java:getAndApplyDeltaUpdatesFromOM(418)) - OriginalFromSequenceNumber : 15 
2024-03-26 11:22:11,397 [ContainerHealthTask] INFO  fsck.ContainerHealthTask (ContainerHealthTask.java:triggerContainerHealthCheck(140)) - Container Health task thread took 1 milliseconds to process 0 existing database records.
2024-03-26 11:22:11,398 [Recon-SyncOM-1] INFO  impl.OzoneManagerServiceProviderImpl (OzoneManagerServiceProviderImpl.java:innerGetAndApplyDeltaUpdatesFromOM(485)) - Number of updates received from OM : 0, SequenceNumber diff: 0, SequenceNumber Lag from OM 0, isDBUpdateSuccess: true
2024-03-26 11:22:11,398 [Recon-SyncOM-1] INFO  impl.OzoneManagerServiceProviderImpl (OzoneManagerServiceProviderImpl.java:getAndApplyDeltaUpdatesFromOM(438)) - Delta updates received from OM : 1 loops, 0 records
2024-03-26 11:22:11,399 [ContainerHealthTask] INFO  fsck.ContainerHealthTask (ContainerHealthTask.java:checkAndProcessContainers(166)) - Container Health task thread took 2 milliseconds for processing 1 containers.
2024-03-26 11:22:11,399 [ContainerHealthTask] INFO  fsck.ContainerHealthTask (ContainerHealthTask.java:lambda$logUnhealthyContainerStats$3(204)) - UNDER_REPLICATED **Container State Stats:** 
	
2024-03-26 11:22:11,399 [ContainerHealthTask] INFO  fsck.ContainerHealthTask (ContainerHealthTask.java:lambda$logUnhealthyContainerStats$3(204)) - NEGATIVE_SIZE **Container State Stats:** 
	
2024-03-26 11:22:11,400 [ContainerHealthTask] INFO  fsck.ContainerHealthTask (ContainerHealthTask.java:lambda$logUnhealthyContainerStats$3(204)) - OVER_REPLICATED **Container State Stats:** 
	
2024-03-26 11:22:11,400 [ContainerHealthTask] INFO  fsck.ContainerHealthTask (ContainerHealthTask.java:lambda$logUnhealthyContainerStats$3(204)) - EMPTY_MISSING **Container State Stats:** 
	
2024-03-26 11:22:11,400 [ContainerHealthTask] INFO  fsck.ContainerHealthTask (ContainerHealthTask.java:lambda$logUnhealthyContainerStats$3(204)) - MIS_REPLICATED **Container State Stats:** 
	
2024-03-26 11:22:11,400 [ContainerHealthTask] INFO  fsck.ContainerHealthTask (ContainerHealthTask.java:lambda$logUnhealthyContainerStats$3(204)) - MISSING **Container State Stats:** 
	
2024-03-26 11:22:11,400 [ContainerHealthTask] INFO  fsck.ContainerHealthTask (ContainerHealthTask.java:checkAndProcessContainers(179)) - Container Health task thread took 1 iterations to fetch all containers using batched approach with batch size of 1000
2024-03-26 11:22:12,036 [ReplicationMonitor] INFO  replication.ReplicationManager (ReplicationManager.java:processAll(399)) - Replication Monitor Thread took 1 milliseconds for processing 1 containers.
2024-03-26 11:22:12,255 [main] INFO  container.TestHelper (TestHelper.java:countReplicas(427)) - Container 1 has 3 replicas on [12adf753-b9bf-4e27-afc1-d809141df6d3, 7b630919-9d6b-42e9-b08a-8409ae097dea, dc82d807-438e-4f31-a873-936b5ae41996]
2024-03-26 11:22:12,400 [Recon-SyncOM-1] INFO  impl.OzoneManagerServiceProviderImpl (OzoneManagerServiceProviderImpl.java:syncDataFromOM(501)) - Syncing data from Ozone Manager.
2024-03-26 11:22:12,400 [Recon-SyncOM-1] INFO  impl.OzoneManagerServiceProviderImpl (OzoneManagerServiceProviderImpl.java:syncDataFromOM(511)) - Obtaining delta updates from Ozone Manager
2024-03-26 11:22:12,400 [Recon-SyncOM-1] INFO  impl.OzoneManagerServiceProviderImpl (OzoneManagerServiceProviderImpl.java:getAndApplyDeltaUpdatesFromOM(418)) - OriginalFromSequenceNumber : 15 
2024-03-26 11:22:12,400 [ContainerHealthTask] INFO  fsck.ContainerHealthTask (ContainerHealthTask.java:triggerContainerHealthCheck(140)) - Container Health task thread took 1 milliseconds to process 0 existing database records.
2024-03-26 11:22:12,402 [ContainerHealthTask] INFO  fsck.ContainerHealthTask (ContainerHealthTask.java:checkAndProcessContainers(166)) - Container Health task thread took 2 milliseconds for processing 1 containers.
2024-03-26 11:22:12,403 [ContainerHealthTask] INFO  fsck.ContainerHealthTask (ContainerHealthTask.java:lambda$logUnhealthyContainerStats$3(204)) - UNDER_REPLICATED **Container State Stats:** 
	
2024-03-26 11:22:12,403 [ContainerHealthTask] INFO  fsck.ContainerHealthTask (ContainerHealthTask.java:lambda$logUnhealthyContainerStats$3(204)) - NEGATIVE_SIZE **Container State Stats:** 
	
2024-03-26 11:22:12,403 [ContainerHealthTask] INFO  fsck.ContainerHealthTask (ContainerHealthTask.java:lambda$logUnhealthyContainerStats$3(204)) - OVER_REPLICATED **Container State Stats:** 
	
2024-03-26 11:22:12,403 [ContainerHealthTask] INFO  fsck.ContainerHealthTask (ContainerHealthTask.java:lambda$logUnhealthyContainerStats$3(204)) - EMPTY_MISSING **Container State Stats:** 
	
2024-03-26 11:22:12,403 [ContainerHealthTask] INFO  fsck.ContainerHealthTask (ContainerHealthTask.java:lambda$logUnhealthyContainerStats$3(204)) - MIS_REPLICATED **Container State Stats:** 
	
2024-03-26 11:22:12,403 [Recon-SyncOM-1] INFO  impl.OzoneManagerServiceProviderImpl (OzoneManagerServiceProviderImpl.java:innerGetAndApplyDeltaUpdatesFromOM(485)) - Number of updates received from OM : 0, SequenceNumber diff: 0, SequenceNumber Lag from OM 0, isDBUpdateSuccess: true
2024-03-26 11:22:12,403 [Recon-SyncOM-1] INFO  impl.OzoneManagerServiceProviderImpl (OzoneManagerServiceProviderImpl.java:getAndApplyDeltaUpdatesFromOM(438)) - Delta updates received from OM : 1 loops, 0 records
2024-03-26 11:22:12,403 [ContainerHealthTask] INFO  fsck.ContainerHealthTask (ContainerHealthTask.java:lambda$logUnhealthyContainerStats$3(204)) - MISSING **Container State Stats:** 
	
2024-03-26 11:22:12,403 [ContainerHealthTask] INFO  fsck.ContainerHealthTask (ContainerHealthTask.java:checkAndProcessContainers(179)) - Container Health task thread took 1 iterations to fetch all containers using batched approach with batch size of 1000
2024-03-26 11:22:13,036 [ReplicationMonitor] INFO  replication.ReplicationManager (ReplicationManager.java:processAll(399)) - Replication Monitor Thread took 0 milliseconds for processing 1 containers.
2024-03-26 11:22:13,256 [main] INFO  container.TestHelper (TestHelper.java:countReplicas(427)) - Container 1 has 3 replicas on [12adf753-b9bf-4e27-afc1-d809141df6d3, 7b630919-9d6b-42e9-b08a-8409ae097dea, dc82d807-438e-4f31-a873-936b5ae41996]
2024-03-26 11:22:13,404 [ContainerHealthTask] INFO  fsck.ContainerHealthTask (ContainerHealthTask.java:triggerContainerHealthCheck(140)) - Container Health task thread took 0 milliseconds to process 0 existing database records.
2024-03-26 11:22:13,404 [Recon-SyncOM-1] INFO  impl.OzoneManagerServiceProviderImpl (OzoneManagerServiceProviderImpl.java:syncDataFromOM(501)) - Syncing data from Ozone Manager.
2024-03-26 11:22:13,404 [Recon-SyncOM-1] INFO  impl.OzoneManagerServiceProviderImpl (OzoneManagerServiceProviderImpl.java:syncDataFromOM(511)) - Obtaining delta updates from Ozone Manager
2024-03-26 11:22:13,404 [Recon-SyncOM-1] INFO  impl.OzoneManagerServiceProviderImpl (OzoneManagerServiceProviderImpl.java:getAndApplyDeltaUpdatesFromOM(418)) - OriginalFromSequenceNumber : 15 
2024-03-26 11:22:13,406 [ContainerHealthTask] INFO  fsck.ContainerHealthTask (ContainerHealthTask.java:checkAndProcessContainers(166)) - Container Health task thread took 2 milliseconds for processing 1 containers.
2024-03-26 11:22:13,406 [ContainerHealthTask] INFO  fsck.ContainerHealthTask (ContainerHealthTask.java:lambda$logUnhealthyContainerStats$3(204)) - UNDER_REPLICATED **Container State Stats:** 
	
2024-03-26 11:22:13,406 [ContainerHealthTask] INFO  fsck.ContainerHealthTask (ContainerHealthTask.java:lambda$logUnhealthyContainerStats$3(204)) - NEGATIVE_SIZE **Container State Stats:** 
	
2024-03-26 11:22:13,406 [ContainerHealthTask] INFO  fsck.ContainerHealthTask (ContainerHealthTask.java:lambda$logUnhealthyContainerStats$3(204)) - OVER_REPLICATED **Container State Stats:** 
	
2024-03-26 11:22:13,406 [ContainerHealthTask] INFO  fsck.ContainerHealthTask (ContainerHealthTask.java:lambda$logUnhealthyContainerStats$3(204)) - EMPTY_MISSING **Container State Stats:** 
	
2024-03-26 11:22:13,406 [ContainerHealthTask] INFO  fsck.ContainerHealthTask (ContainerHealthTask.java:lambda$logUnhealthyContainerStats$3(204)) - MIS_REPLICATED **Container State Stats:** 
	
2024-03-26 11:22:13,406 [ContainerHealthTask] INFO  fsck.ContainerHealthTask (ContainerHealthTask.java:lambda$logUnhealthyContainerStats$3(204)) - MISSING **Container State Stats:** 
	
2024-03-26 11:22:13,406 [ContainerHealthTask] INFO  fsck.ContainerHealthTask (ContainerHealthTask.java:checkAndProcessContainers(179)) - Container Health task thread took 1 iterations to fetch all containers using batched approach with batch size of 1000
2024-03-26 11:22:13,406 [Recon-SyncOM-1] INFO  impl.OzoneManagerServiceProviderImpl (OzoneManagerServiceProviderImpl.java:innerGetAndApplyDeltaUpdatesFromOM(485)) - Number of updates received from OM : 0, SequenceNumber diff: 0, SequenceNumber Lag from OM 0, isDBUpdateSuccess: true
2024-03-26 11:22:13,406 [Recon-SyncOM-1] INFO  impl.OzoneManagerServiceProviderImpl (OzoneManagerServiceProviderImpl.java:getAndApplyDeltaUpdatesFromOM(438)) - Delta updates received from OM : 1 loops, 0 records
2024-03-26 11:22:14,036 [ReplicationMonitor] INFO  replication.ReplicationManager (ReplicationManager.java:processAll(399)) - Replication Monitor Thread took 0 milliseconds for processing 1 containers.
2024-03-26 11:22:14,256 [main] INFO  container.TestHelper (TestHelper.java:countReplicas(427)) - Container 1 has 3 replicas on [12adf753-b9bf-4e27-afc1-d809141df6d3, 7b630919-9d6b-42e9-b08a-8409ae097dea, dc82d807-438e-4f31-a873-936b5ae41996]
2024-03-26 11:22:14,407 [ContainerHealthTask] INFO  fsck.ContainerHealthTask (ContainerHealthTask.java:triggerContainerHealthCheck(140)) - Container Health task thread took 0 milliseconds to process 0 existing database records.
2024-03-26 11:22:14,407 [Recon-SyncOM-1] INFO  impl.OzoneManagerServiceProviderImpl (OzoneManagerServiceProviderImpl.java:syncDataFromOM(501)) - Syncing data from Ozone Manager.
2024-03-26 11:22:14,408 [Recon-SyncOM-1] INFO  impl.OzoneManagerServiceProviderImpl (OzoneManagerServiceProviderImpl.java:syncDataFromOM(511)) - Obtaining delta updates from Ozone Manager
2024-03-26 11:22:14,408 [Recon-SyncOM-1] INFO  impl.OzoneManagerServiceProviderImpl (OzoneManagerServiceProviderImpl.java:getAndApplyDeltaUpdatesFromOM(418)) - OriginalFromSequenceNumber : 15 
2024-03-26 11:22:14,409 [ContainerHealthTask] INFO  fsck.ContainerHealthTask (ContainerHealthTask.java:checkAndProcessContainers(166)) - Container Health task thread took 2 milliseconds for processing 1 containers.
2024-03-26 11:22:14,409 [Recon-SyncOM-1] INFO  impl.OzoneManagerServiceProviderImpl (OzoneManagerServiceProviderImpl.java:innerGetAndApplyDeltaUpdatesFromOM(485)) - Number of updates received from OM : 0, SequenceNumber diff: 0, SequenceNumber Lag from OM 0, isDBUpdateSuccess: true
2024-03-26 11:22:14,409 [ContainerHealthTask] INFO  fsck.ContainerHealthTask (ContainerHealthTask.java:lambda$logUnhealthyContainerStats$3(204)) - UNDER_REPLICATED **Container State Stats:** 
	
2024-03-26 11:22:14,409 [ContainerHealthTask] INFO  fsck.ContainerHealthTask (ContainerHealthTask.java:lambda$logUnhealthyContainerStats$3(204)) - NEGATIVE_SIZE **Container State Stats:** 
	
2024-03-26 11:22:14,409 [ContainerHealthTask] INFO  fsck.ContainerHealthTask (ContainerHealthTask.java:lambda$logUnhealthyContainerStats$3(204)) - OVER_REPLICATED **Container State Stats:** 
	
2024-03-26 11:22:14,409 [Recon-SyncOM-1] INFO  impl.OzoneManagerServiceProviderImpl (OzoneManagerServiceProviderImpl.java:getAndApplyDeltaUpdatesFromOM(438)) - Delta updates received from OM : 1 loops, 0 records
2024-03-26 11:22:14,409 [ContainerHealthTask] INFO  fsck.ContainerHealthTask (ContainerHealthTask.java:lambda$logUnhealthyContainerStats$3(204)) - EMPTY_MISSING **Container State Stats:** 
	
2024-03-26 11:22:14,409 [ContainerHealthTask] INFO  fsck.ContainerHealthTask (ContainerHealthTask.java:lambda$logUnhealthyContainerStats$3(204)) - MIS_REPLICATED **Container State Stats:** 
	
2024-03-26 11:22:14,409 [ContainerHealthTask] INFO  fsck.ContainerHealthTask (ContainerHealthTask.java:lambda$logUnhealthyContainerStats$3(204)) - MISSING **Container State Stats:** 
	
2024-03-26 11:22:14,409 [ContainerHealthTask] INFO  fsck.ContainerHealthTask (ContainerHealthTask.java:checkAndProcessContainers(179)) - Container Health task thread took 1 iterations to fetch all containers using batched approach with batch size of 1000
2024-03-26 11:22:15,037 [ReplicationMonitor] INFO  replication.ReplicationManager (ReplicationManager.java:processAll(399)) - Replication Monitor Thread took 0 milliseconds for processing 1 containers.
2024-03-26 11:22:15,256 [main] INFO  container.TestHelper (TestHelper.java:countReplicas(427)) - Container 1 has 3 replicas on [12adf753-b9bf-4e27-afc1-d809141df6d3, 7b630919-9d6b-42e9-b08a-8409ae097dea, dc82d807-438e-4f31-a873-936b5ae41996]
2024-03-26 11:22:15,410 [ContainerHealthTask] INFO  fsck.ContainerHealthTask (ContainerHealthTask.java:triggerContainerHealthCheck(140)) - Container Health task thread took 0 milliseconds to process 0 existing database records.
2024-03-26 11:22:15,410 [Recon-SyncOM-1] INFO  impl.OzoneManagerServiceProviderImpl (OzoneManagerServiceProviderImpl.java:syncDataFromOM(501)) - Syncing data from Ozone Manager.
2024-03-26 11:22:15,410 [Recon-SyncOM-1] INFO  impl.OzoneManagerServiceProviderImpl (OzoneManagerServiceProviderImpl.java:syncDataFromOM(511)) - Obtaining delta updates from Ozone Manager
2024-03-26 11:22:15,410 [Recon-SyncOM-1] INFO  impl.OzoneManagerServiceProviderImpl (OzoneManagerServiceProviderImpl.java:getAndApplyDeltaUpdatesFromOM(418)) - OriginalFromSequenceNumber : 15 
2024-03-26 11:22:15,412 [Recon-SyncOM-1] INFO  impl.OzoneManagerServiceProviderImpl (OzoneManagerServiceProviderImpl.java:innerGetAndApplyDeltaUpdatesFromOM(485)) - Number of updates received from OM : 0, SequenceNumber diff: 0, SequenceNumber Lag from OM 0, isDBUpdateSuccess: true
2024-03-26 11:22:15,412 [Recon-SyncOM-1] INFO  impl.OzoneManagerServiceProviderImpl (OzoneManagerServiceProviderImpl.java:getAndApplyDeltaUpdatesFromOM(438)) - Delta updates received from OM : 1 loops, 0 records
2024-03-26 11:22:15,412 [ContainerHealthTask] INFO  fsck.ContainerHealthTask (ContainerHealthTask.java:checkAndProcessContainers(166)) - Container Health task thread took 2 milliseconds for processing 1 containers.
2024-03-26 11:22:15,412 [ContainerHealthTask] INFO  fsck.ContainerHealthTask (ContainerHealthTask.java:lambda$logUnhealthyContainerStats$3(204)) - UNDER_REPLICATED **Container State Stats:** 
	
2024-03-26 11:22:15,412 [ContainerHealthTask] INFO  fsck.ContainerHealthTask (ContainerHealthTask.java:lambda$logUnhealthyContainerStats$3(204)) - NEGATIVE_SIZE **Container State Stats:** 
	
2024-03-26 11:22:15,412 [ContainerHealthTask] INFO  fsck.ContainerHealthTask (ContainerHealthTask.java:lambda$logUnhealthyContainerStats$3(204)) - OVER_REPLICATED **Container State Stats:** 
	
2024-03-26 11:22:15,413 [ContainerHealthTask] INFO  fsck.ContainerHealthTask (ContainerHealthTask.java:lambda$logUnhealthyContainerStats$3(204)) - EMPTY_MISSING **Container State Stats:** 
	
2024-03-26 11:22:15,413 [ContainerHealthTask] INFO  fsck.ContainerHealthTask (ContainerHealthTask.java:lambda$logUnhealthyContainerStats$3(204)) - MIS_REPLICATED **Container State Stats:** 
	
2024-03-26 11:22:15,413 [ContainerHealthTask] INFO  fsck.ContainerHealthTask (ContainerHealthTask.java:lambda$logUnhealthyContainerStats$3(204)) - MISSING **Container State Stats:** 
	
2024-03-26 11:22:15,413 [ContainerHealthTask] INFO  fsck.ContainerHealthTask (ContainerHealthTask.java:checkAndProcessContainers(179)) - Container Health task thread took 1 iterations to fetch all containers using batched approach with batch size of 1000
2024-03-26 11:22:16,037 [ReplicationMonitor] INFO  replication.ReplicationManager (ReplicationManager.java:processAll(399)) - Replication Monitor Thread took 0 milliseconds for processing 1 containers.
2024-03-26 11:22:16,257 [main] INFO  container.TestHelper (TestHelper.java:countReplicas(427)) - Container 1 has 3 replicas on [12adf753-b9bf-4e27-afc1-d809141df6d3, 7b630919-9d6b-42e9-b08a-8409ae097dea, dc82d807-438e-4f31-a873-936b5ae41996]
2024-03-26 11:22:16,413 [Recon-SyncOM-1] INFO  impl.OzoneManagerServiceProviderImpl (OzoneManagerServiceProviderImpl.java:syncDataFromOM(501)) - Syncing data from Ozone Manager.
2024-03-26 11:22:16,413 [Recon-SyncOM-1] INFO  impl.OzoneManagerServiceProviderImpl (OzoneManagerServiceProviderImpl.java:syncDataFromOM(511)) - Obtaining delta updates from Ozone Manager
2024-03-26 11:22:16,413 [Recon-SyncOM-1] INFO  impl.OzoneManagerServiceProviderImpl (OzoneManagerServiceProviderImpl.java:getAndApplyDeltaUpdatesFromOM(418)) - OriginalFromSequenceNumber : 15 
2024-03-26 11:22:16,413 [ContainerHealthTask] INFO  fsck.ContainerHealthTask (ContainerHealthTask.java:triggerContainerHealthCheck(140)) - Container Health task thread took 1 milliseconds to process 0 existing database records.
2024-03-26 11:22:16,415 [Recon-SyncOM-1] INFO  impl.OzoneManagerServiceProviderImpl (OzoneManagerServiceProviderImpl.java:innerGetAndApplyDeltaUpdatesFromOM(485)) - Number of updates received from OM : 0, SequenceNumber diff: 0, SequenceNumber Lag from OM 0, isDBUpdateSuccess: true
2024-03-26 11:22:16,415 [Recon-SyncOM-1] INFO  impl.OzoneManagerServiceProviderImpl (OzoneManagerServiceProviderImpl.java:getAndApplyDeltaUpdatesFromOM(438)) - Delta updates received from OM : 1 loops, 0 records
2024-03-26 11:22:16,416 [ContainerHealthTask] INFO  fsck.ContainerHealthTask (ContainerHealthTask.java:checkAndProcessContainers(166)) - Container Health task thread took 2 milliseconds for processing 1 containers.
2024-03-26 11:22:16,416 [ContainerHealthTask] INFO  fsck.ContainerHealthTask (ContainerHealthTask.java:lambda$logUnhealthyContainerStats$3(204)) - UNDER_REPLICATED **Container State Stats:** 
	
2024-03-26 11:22:16,416 [ContainerHealthTask] INFO  fsck.ContainerHealthTask (ContainerHealthTask.java:lambda$logUnhealthyContainerStats$3(204)) - NEGATIVE_SIZE **Container State Stats:** 
	
2024-03-26 11:22:16,416 [ContainerHealthTask] INFO  fsck.ContainerHealthTask (ContainerHealthTask.java:lambda$logUnhealthyContainerStats$3(204)) - OVER_REPLICATED **Container State Stats:** 
	
2024-03-26 11:22:16,416 [ContainerHealthTask] INFO  fsck.ContainerHealthTask (ContainerHealthTask.java:lambda$logUnhealthyContainerStats$3(204)) - EMPTY_MISSING **Container State Stats:** 
	
2024-03-26 11:22:16,416 [ContainerHealthTask] INFO  fsck.ContainerHealthTask (ContainerHealthTask.java:lambda$logUnhealthyContainerStats$3(204)) - MIS_REPLICATED **Container State Stats:** 
	
2024-03-26 11:22:16,416 [ContainerHealthTask] INFO  fsck.ContainerHealthTask (ContainerHealthTask.java:lambda$logUnhealthyContainerStats$3(204)) - MISSING **Container State Stats:** 
	
2024-03-26 11:22:16,416 [ContainerHealthTask] INFO  fsck.ContainerHealthTask (ContainerHealthTask.java:checkAndProcessContainers(179)) - Container Health task thread took 1 iterations to fetch all containers using batched approach with batch size of 1000
2024-03-26 11:22:17,038 [ReplicationMonitor] INFO  replication.ReplicationManager (ReplicationManager.java:processAll(399)) - Replication Monitor Thread took 1 milliseconds for processing 1 containers.
2024-03-26 11:22:17,201 [ContainerSizeCountTask] INFO  tasks.ContainerSizeCountTask (ContainerSizeCountTask.java:run(101)) - Deleted 0 records from "CONTAINER_COUNT_BY_SIZE"
2024-03-26 11:22:17,211 [ContainerSizeCountTask] INFO  tasks.ContainerSizeCountTask (ContainerSizeCountTask.java:process(200)) - Completed a 'process' run of ContainerSizeCountTask.
2024-03-26 11:22:17,211 [ContainerSizeCountTask] INFO  tasks.ContainerSizeCountTask (ContainerSizeCountTask.java:run(114)) - Elapsed Time in milliseconds for Process() execution: 9
2024-03-26 11:22:17,257 [main] INFO  container.TestHelper (TestHelper.java:countReplicas(427)) - Container 1 has 3 replicas on [12adf753-b9bf-4e27-afc1-d809141df6d3, 7b630919-9d6b-42e9-b08a-8409ae097dea, dc82d807-438e-4f31-a873-936b5ae41996]
2024-03-26 11:22:17,416 [Recon-SyncOM-1] INFO  impl.OzoneManagerServiceProviderImpl (OzoneManagerServiceProviderImpl.java:syncDataFromOM(501)) - Syncing data from Ozone Manager.
2024-03-26 11:22:17,417 [Recon-SyncOM-1] INFO  impl.OzoneManagerServiceProviderImpl (OzoneManagerServiceProviderImpl.java:syncDataFromOM(511)) - Obtaining delta updates from Ozone Manager
2024-03-26 11:22:17,417 [Recon-SyncOM-1] INFO  impl.OzoneManagerServiceProviderImpl (OzoneManagerServiceProviderImpl.java:getAndApplyDeltaUpdatesFromOM(418)) - OriginalFromSequenceNumber : 15 
2024-03-26 11:22:17,417 [ContainerHealthTask] INFO  fsck.ContainerHealthTask (ContainerHealthTask.java:triggerContainerHealthCheck(140)) - Container Health task thread took 0 milliseconds to process 0 existing database records.
2024-03-26 11:22:17,419 [Recon-SyncOM-1] INFO  impl.OzoneManagerServiceProviderImpl (OzoneManagerServiceProviderImpl.java:innerGetAndApplyDeltaUpdatesFromOM(485)) - Number of updates received from OM : 0, SequenceNumber diff: 0, SequenceNumber Lag from OM 0, isDBUpdateSuccess: true
2024-03-26 11:22:17,419 [Recon-SyncOM-1] INFO  impl.OzoneManagerServiceProviderImpl (OzoneManagerServiceProviderImpl.java:getAndApplyDeltaUpdatesFromOM(438)) - Delta updates received from OM : 1 loops, 0 records
2024-03-26 11:22:17,420 [ContainerHealthTask] INFO  fsck.ContainerHealthTask (ContainerHealthTask.java:checkAndProcessContainers(166)) - Container Health task thread took 3 milliseconds for processing 1 containers.
2024-03-26 11:22:17,420 [ContainerHealthTask] INFO  fsck.ContainerHealthTask (ContainerHealthTask.java:lambda$logUnhealthyContainerStats$3(204)) - UNDER_REPLICATED **Container State Stats:** 
	
2024-03-26 11:22:17,420 [ContainerHealthTask] INFO  fsck.ContainerHealthTask (ContainerHealthTask.java:lambda$logUnhealthyContainerStats$3(204)) - NEGATIVE_SIZE **Container State Stats:** 
	
2024-03-26 11:22:17,420 [ContainerHealthTask] INFO  fsck.ContainerHealthTask (ContainerHealthTask.java:lambda$logUnhealthyContainerStats$3(204)) - OVER_REPLICATED **Container State Stats:** 
	
2024-03-26 11:22:17,420 [ContainerHealthTask] INFO  fsck.ContainerHealthTask (ContainerHealthTask.java:lambda$logUnhealthyContainerStats$3(204)) - EMPTY_MISSING **Container State Stats:** 
	
2024-03-26 11:22:17,420 [ContainerHealthTask] INFO  fsck.ContainerHealthTask (ContainerHealthTask.java:lambda$logUnhealthyContainerStats$3(204)) - MIS_REPLICATED **Container State Stats:** 
	
2024-03-26 11:22:17,420 [ContainerHealthTask] INFO  fsck.ContainerHealthTask (ContainerHealthTask.java:lambda$logUnhealthyContainerStats$3(204)) - MISSING **Container State Stats:** 
	
2024-03-26 11:22:17,420 [ContainerHealthTask] INFO  fsck.ContainerHealthTask (ContainerHealthTask.java:checkAndProcessContainers(179)) - Container Health task thread took 1 iterations to fetch all containers using batched approach with batch size of 1000
2024-03-26 11:22:18,038 [ReplicationMonitor] INFO  replication.ReplicationManager (ReplicationManager.java:processAll(399)) - Replication Monitor Thread took 0 milliseconds for processing 1 containers.
2024-03-26 11:22:18,257 [main] INFO  container.TestHelper (TestHelper.java:countReplicas(427)) - Container 1 has 3 replicas on [12adf753-b9bf-4e27-afc1-d809141df6d3, 7b630919-9d6b-42e9-b08a-8409ae097dea, dc82d807-438e-4f31-a873-936b5ae41996]
2024-03-26 11:22:18,421 [ContainerHealthTask] INFO  fsck.ContainerHealthTask (ContainerHealthTask.java:triggerContainerHealthCheck(140)) - Container Health task thread took 1 milliseconds to process 0 existing database records.
2024-03-26 11:22:18,421 [Recon-SyncOM-1] INFO  impl.OzoneManagerServiceProviderImpl (OzoneManagerServiceProviderImpl.java:syncDataFromOM(501)) - Syncing data from Ozone Manager.
2024-03-26 11:22:18,421 [Recon-SyncOM-1] INFO  impl.OzoneManagerServiceProviderImpl (OzoneManagerServiceProviderImpl.java:syncDataFromOM(511)) - Obtaining delta updates from Ozone Manager
2024-03-26 11:22:18,421 [Recon-SyncOM-1] INFO  impl.OzoneManagerServiceProviderImpl (OzoneManagerServiceProviderImpl.java:getAndApplyDeltaUpdatesFromOM(418)) - OriginalFromSequenceNumber : 15 
2024-03-26 11:22:18,422 [Recon-SyncOM-1] INFO  impl.OzoneManagerServiceProviderImpl (OzoneManagerServiceProviderImpl.java:innerGetAndApplyDeltaUpdatesFromOM(485)) - Number of updates received from OM : 0, SequenceNumber diff: 0, SequenceNumber Lag from OM 0, isDBUpdateSuccess: true
2024-03-26 11:22:18,422 [Recon-SyncOM-1] INFO  impl.OzoneManagerServiceProviderImpl (OzoneManagerServiceProviderImpl.java:getAndApplyDeltaUpdatesFromOM(438)) - Delta updates received from OM : 1 loops, 0 records
2024-03-26 11:22:18,422 [ContainerHealthTask] INFO  fsck.ContainerHealthTask (ContainerHealthTask.java:checkAndProcessContainers(166)) - Container Health task thread took 2 milliseconds for processing 1 containers.
2024-03-26 11:22:18,423 [ContainerHealthTask] INFO  fsck.ContainerHealthTask (ContainerHealthTask.java:lambda$logUnhealthyContainerStats$3(204)) - UNDER_REPLICATED **Container State Stats:** 
	
2024-03-26 11:22:18,423 [ContainerHealthTask] INFO  fsck.ContainerHealthTask (ContainerHealthTask.java:lambda$logUnhealthyContainerStats$3(204)) - NEGATIVE_SIZE **Container State Stats:** 
	
2024-03-26 11:22:18,423 [ContainerHealthTask] INFO  fsck.ContainerHealthTask (ContainerHealthTask.java:lambda$logUnhealthyContainerStats$3(204)) - OVER_REPLICATED **Container State Stats:** 
	
2024-03-26 11:22:18,423 [ContainerHealthTask] INFO  fsck.ContainerHealthTask (ContainerHealthTask.java:lambda$logUnhealthyContainerStats$3(204)) - EMPTY_MISSING **Container State Stats:** 
	
2024-03-26 11:22:18,423 [ContainerHealthTask] INFO  fsck.ContainerHealthTask (ContainerHealthTask.java:lambda$logUnhealthyContainerStats$3(204)) - MIS_REPLICATED **Container State Stats:** 
	
2024-03-26 11:22:18,423 [ContainerHealthTask] INFO  fsck.ContainerHealthTask (ContainerHealthTask.java:lambda$logUnhealthyContainerStats$3(204)) - MISSING **Container State Stats:** 
	
2024-03-26 11:22:18,423 [ContainerHealthTask] INFO  fsck.ContainerHealthTask (ContainerHealthTask.java:checkAndProcessContainers(179)) - Container Health task thread took 1 iterations to fetch all containers using batched approach with batch size of 1000
2024-03-26 11:22:19,039 [ReplicationMonitor] INFO  replication.ReplicationManager (ReplicationManager.java:processAll(399)) - Replication Monitor Thread took 1 milliseconds for processing 1 containers.
2024-03-26 11:22:19,258 [main] INFO  container.TestHelper (TestHelper.java:countReplicas(427)) - Container 1 has 3 replicas on [12adf753-b9bf-4e27-afc1-d809141df6d3, 7b630919-9d6b-42e9-b08a-8409ae097dea, dc82d807-438e-4f31-a873-936b5ae41996]
2024-03-26 11:22:19,280 [Recon-FixedThreadPoolWithAffinityExecutor-8-0] WARN  events.FixedThreadPoolWithAffinityExecutor (FixedThreadPoolWithAffinityExecutor.java:run(276)) - Event remained in queue for long time 3 millisec, 12adf753-b9bf-4e27-afc1-d809141df6d3(fv-az1147-978/10.1.0.22), {type: FCR, size: 1}
2024-03-26 11:22:19,280 [Recon-FixedThreadPoolWithAffinityExecutor-8-0] WARN  events.FixedThreadPoolWithAffinityExecutor (FixedThreadPoolWithAffinityExecutor.java:run(289)) - Event taken long execution time 3 millisec, 12adf753-b9bf-4e27-afc1-d809141df6d3(fv-az1147-978/10.1.0.22), {type: FCR, size: 1}
2024-03-26 11:22:19,423 [Recon-SyncOM-1] INFO  impl.OzoneManagerServiceProviderImpl (OzoneManagerServiceProviderImpl.java:syncDataFromOM(501)) - Syncing data from Ozone Manager.
2024-03-26 11:22:19,424 [Recon-SyncOM-1] INFO  impl.OzoneManagerServiceProviderImpl (OzoneManagerServiceProviderImpl.java:syncDataFromOM(511)) - Obtaining delta updates from Ozone Manager
2024-03-26 11:22:19,424 [Recon-SyncOM-1] INFO  impl.OzoneManagerServiceProviderImpl (OzoneManagerServiceProviderImpl.java:getAndApplyDeltaUpdatesFromOM(418)) - OriginalFromSequenceNumber : 15 
2024-03-26 11:22:19,424 [ContainerHealthTask] INFO  fsck.ContainerHealthTask (ContainerHealthTask.java:triggerContainerHealthCheck(140)) - Container Health task thread took 1 milliseconds to process 0 existing database records.
2024-03-26 11:22:19,425 [Recon-SyncOM-1] INFO  impl.OzoneManagerServiceProviderImpl (OzoneManagerServiceProviderImpl.java:innerGetAndApplyDeltaUpdatesFromOM(485)) - Number of updates received from OM : 0, SequenceNumber diff: 0, SequenceNumber Lag from OM 0, isDBUpdateSuccess: true
2024-03-26 11:22:19,425 [Recon-SyncOM-1] INFO  impl.OzoneManagerServiceProviderImpl (OzoneManagerServiceProviderImpl.java:getAndApplyDeltaUpdatesFromOM(438)) - Delta updates received from OM : 1 loops, 0 records
2024-03-26 11:22:19,426 [ContainerHealthTask] INFO  fsck.ContainerHealthTask (ContainerHealthTask.java:checkAndProcessContainers(166)) - Container Health task thread took 2 milliseconds for processing 1 containers.
2024-03-26 11:22:19,426 [ContainerHealthTask] INFO  fsck.ContainerHealthTask (ContainerHealthTask.java:lambda$logUnhealthyContainerStats$3(204)) - UNDER_REPLICATED **Container State Stats:** 
	
2024-03-26 11:22:19,426 [ContainerHealthTask] INFO  fsck.ContainerHealthTask (ContainerHealthTask.java:lambda$logUnhealthyContainerStats$3(204)) - NEGATIVE_SIZE **Container State Stats:** 
	
2024-03-26 11:22:19,426 [ContainerHealthTask] INFO  fsck.ContainerHealthTask (ContainerHealthTask.java:lambda$logUnhealthyContainerStats$3(204)) - OVER_REPLICATED **Container State Stats:** 
	
2024-03-26 11:22:19,426 [ContainerHealthTask] INFO  fsck.ContainerHealthTask (ContainerHealthTask.java:lambda$logUnhealthyContainerStats$3(204)) - EMPTY_MISSING **Container State Stats:** 
	
2024-03-26 11:22:19,426 [ContainerHealthTask] INFO  fsck.ContainerHealthTask (ContainerHealthTask.java:lambda$logUnhealthyContainerStats$3(204)) - MIS_REPLICATED **Container State Stats:** 
	
2024-03-26 11:22:19,426 [ContainerHealthTask] INFO  fsck.ContainerHealthTask (ContainerHealthTask.java:lambda$logUnhealthyContainerStats$3(204)) - MISSING **Container State Stats:** 
	
2024-03-26 11:22:19,426 [ContainerHealthTask] INFO  fsck.ContainerHealthTask (ContainerHealthTask.java:checkAndProcessContainers(179)) - Container Health task thread took 1 iterations to fetch all containers using batched approach with batch size of 1000
2024-03-26 11:22:19,811 [dc82d807-438e-4f31-a873-936b5ae41996-BlockDeletingService#0] INFO  interfaces.ContainerDeletionChoosingPolicyTemplate (ContainerDeletionChoosingPolicyTemplate.java:chooseContainerForBlockDeletion(85)) - Chosen 0/5000 blocks from 0 candidate containers.
2024-03-26 11:22:19,852 [12adf753-b9bf-4e27-afc1-d809141df6d3-BlockDeletingService#0] INFO  interfaces.ContainerDeletionChoosingPolicyTemplate (ContainerDeletionChoosingPolicyTemplate.java:chooseContainerForBlockDeletion(85)) - Chosen 0/5000 blocks from 0 candidate containers.
2024-03-26 11:22:19,974 [7b630919-9d6b-42e9-b08a-8409ae097dea-BlockDeletingService#0] INFO  interfaces.ContainerDeletionChoosingPolicyTemplate (ContainerDeletionChoosingPolicyTemplate.java:chooseContainerForBlockDeletion(85)) - Chosen 0/5000 blocks from 0 candidate containers.
2024-03-26 11:22:20,039 [ReplicationMonitor] INFO  replication.ReplicationManager (ReplicationManager.java:processAll(399)) - Replication Monitor Thread took 0 milliseconds for processing 1 containers.
2024-03-26 11:22:20,112 [9bdc6c20-c7c2-4cc7-a4be-d4fe59586f4c-BlockDeletingService#0] INFO  interfaces.ContainerDeletionChoosingPolicyTemplate (ContainerDeletionChoosingPolicyTemplate.java:chooseContainerForBlockDeletion(85)) - Chosen 0/5000 blocks from 0 candidate containers.
2024-03-26 11:22:20,219 [20ed7fe7-4274-4f1a-9498-93c5abf09f1c-BlockDeletingService#0] INFO  interfaces.ContainerDeletionChoosingPolicyTemplate (ContainerDeletionChoosingPolicyTemplate.java:chooseContainerForBlockDeletion(85)) - Chosen 0/5000 blocks from 0 candidate containers.
2024-03-26 11:22:20,258 [main] INFO  container.TestHelper (TestHelper.java:countReplicas(427)) - Container 1 has 3 replicas on [12adf753-b9bf-4e27-afc1-d809141df6d3, 7b630919-9d6b-42e9-b08a-8409ae097dea, dc82d807-438e-4f31-a873-936b5ae41996]
2024-03-26 11:22:20,426 [Recon-SyncOM-1] INFO  impl.OzoneManagerServiceProviderImpl (OzoneManagerServiceProviderImpl.java:syncDataFromOM(501)) - Syncing data from Ozone Manager.
2024-03-26 11:22:20,426 [Recon-SyncOM-1] INFO  impl.OzoneManagerServiceProviderImpl (OzoneManagerServiceProviderImpl.java:syncDataFromOM(511)) - Obtaining delta updates from Ozone Manager
2024-03-26 11:22:20,427 [Recon-SyncOM-1] INFO  impl.OzoneManagerServiceProviderImpl (OzoneManagerServiceProviderImpl.java:getAndApplyDeltaUpdatesFromOM(418)) - OriginalFromSequenceNumber : 15 
2024-03-26 11:22:20,427 [ContainerHealthTask] INFO  fsck.ContainerHealthTask (ContainerHealthTask.java:triggerContainerHealthCheck(140)) - Container Health task thread took 0 milliseconds to process 0 existing database records.
2024-03-26 11:22:20,428 [Recon-SyncOM-1] INFO  impl.OzoneManagerServiceProviderImpl (OzoneManagerServiceProviderImpl.java:innerGetAndApplyDeltaUpdatesFromOM(485)) - Number of updates received from OM : 0, SequenceNumber diff: 0, SequenceNumber Lag from OM 0, isDBUpdateSuccess: true
2024-03-26 11:22:20,428 [Recon-SyncOM-1] INFO  impl.OzoneManagerServiceProviderImpl (OzoneManagerServiceProviderImpl.java:getAndApplyDeltaUpdatesFromOM(438)) - Delta updates received from OM : 1 loops, 0 records
2024-03-26 11:22:20,429 [ContainerHealthTask] INFO  fsck.ContainerHealthTask (ContainerHealthTask.java:checkAndProcessContainers(166)) - Container Health task thread took 1 milliseconds for processing 1 containers.
2024-03-26 11:22:20,429 [ContainerHealthTask] INFO  fsck.ContainerHealthTask (ContainerHealthTask.java:lambda$logUnhealthyContainerStats$3(204)) - UNDER_REPLICATED **Container State Stats:** 
	
2024-03-26 11:22:20,429 [ContainerHealthTask] INFO  fsck.ContainerHealthTask (ContainerHealthTask.java:lambda$logUnhealthyContainerStats$3(204)) - NEGATIVE_SIZE **Container State Stats:** 
	
2024-03-26 11:22:20,429 [ContainerHealthTask] INFO  fsck.ContainerHealthTask (ContainerHealthTask.java:lambda$logUnhealthyContainerStats$3(204)) - OVER_REPLICATED **Container State Stats:** 
	
2024-03-26 11:22:20,429 [ContainerHealthTask] INFO  fsck.ContainerHealthTask (ContainerHealthTask.java:lambda$logUnhealthyContainerStats$3(204)) - EMPTY_MISSING **Container State Stats:** 
	
2024-03-26 11:22:20,429 [ContainerHealthTask] INFO  fsck.ContainerHealthTask (ContainerHealthTask.java:lambda$logUnhealthyContainerStats$3(204)) - MIS_REPLICATED **Container State Stats:** 
	
2024-03-26 11:22:20,429 [ContainerHealthTask] INFO  fsck.ContainerHealthTask (ContainerHealthTask.java:lambda$logUnhealthyContainerStats$3(204)) - MISSING **Container State Stats:** 
	
2024-03-26 11:22:20,430 [ContainerHealthTask] INFO  fsck.ContainerHealthTask (ContainerHealthTask.java:checkAndProcessContainers(179)) - Container Health task thread took 1 iterations to fetch all containers using batched approach with batch size of 1000
2024-03-26 11:22:21,039 [ReplicationMonitor] INFO  replication.ReplicationManager (ReplicationManager.java:processAll(399)) - Replication Monitor Thread took 0 milliseconds for processing 1 containers.
2024-03-26 11:22:21,258 [main] INFO  container.TestHelper (TestHelper.java:countReplicas(427)) - Container 1 has 3 replicas on [12adf753-b9bf-4e27-afc1-d809141df6d3, 7b630919-9d6b-42e9-b08a-8409ae097dea, dc82d807-438e-4f31-a873-936b5ae41996]
2024-03-26 11:22:21,429 [Recon-SyncOM-1] INFO  impl.OzoneManagerServiceProviderImpl (OzoneManagerServiceProviderImpl.java:syncDataFromOM(501)) - Syncing data from Ozone Manager.
2024-03-26 11:22:21,430 [Recon-SyncOM-1] INFO  impl.OzoneManagerServiceProviderImpl (OzoneManagerServiceProviderImpl.java:syncDataFromOM(511)) - Obtaining delta updates from Ozone Manager
2024-03-26 11:22:21,430 [Recon-SyncOM-1] INFO  impl.OzoneManagerServiceProviderImpl (OzoneManagerServiceProviderImpl.java:getAndApplyDeltaUpdatesFromOM(418)) - OriginalFromSequenceNumber : 15 
2024-03-26 11:22:21,430 [ContainerHealthTask] INFO  fsck.ContainerHealthTask (ContainerHealthTask.java:triggerContainerHealthCheck(140)) - Container Health task thread took 1 milliseconds to process 0 existing database records.
2024-03-26 11:22:21,431 [Recon-SyncOM-1] INFO  impl.OzoneManagerServiceProviderImpl (OzoneManagerServiceProviderImpl.java:innerGetAndApplyDeltaUpdatesFromOM(485)) - Number of updates received from OM : 0, SequenceNumber diff: 0, SequenceNumber Lag from OM 0, isDBUpdateSuccess: true
2024-03-26 11:22:21,431 [Recon-SyncOM-1] INFO  impl.OzoneManagerServiceProviderImpl (OzoneManagerServiceProviderImpl.java:getAndApplyDeltaUpdatesFromOM(438)) - Delta updates received from OM : 1 loops, 0 records
2024-03-26 11:22:21,432 [ContainerHealthTask] INFO  fsck.ContainerHealthTask (ContainerHealthTask.java:checkAndProcessContainers(166)) - Container Health task thread took 2 milliseconds for processing 1 containers.
2024-03-26 11:22:21,433 [ContainerHealthTask] INFO  fsck.ContainerHealthTask (ContainerHealthTask.java:lambda$logUnhealthyContainerStats$3(204)) - UNDER_REPLICATED **Container State Stats:** 
	
2024-03-26 11:22:21,433 [ContainerHealthTask] INFO  fsck.ContainerHealthTask (ContainerHealthTask.java:lambda$logUnhealthyContainerStats$3(204)) - NEGATIVE_SIZE **Container State Stats:** 
	
2024-03-26 11:22:21,433 [ContainerHealthTask] INFO  fsck.ContainerHealthTask (ContainerHealthTask.java:lambda$logUnhealthyContainerStats$3(204)) - OVER_REPLICATED **Container State Stats:** 
	
2024-03-26 11:22:21,433 [ContainerHealthTask] INFO  fsck.ContainerHealthTask (ContainerHealthTask.java:lambda$logUnhealthyContainerStats$3(204)) - EMPTY_MISSING **Container State Stats:** 
	
2024-03-26 11:22:21,433 [ContainerHealthTask] INFO  fsck.ContainerHealthTask (ContainerHealthTask.java:lambda$logUnhealthyContainerStats$3(204)) - MIS_REPLICATED **Container State Stats:** 
	
2024-03-26 11:22:21,433 [ContainerHealthTask] INFO  fsck.ContainerHealthTask (ContainerHealthTask.java:lambda$logUnhealthyContainerStats$3(204)) - MISSING **Container State Stats:** 
	
2024-03-26 11:22:21,433 [ContainerHealthTask] INFO  fsck.ContainerHealthTask (ContainerHealthTask.java:checkAndProcessContainers(179)) - Container Health task thread took 1 iterations to fetch all containers using batched approach with batch size of 1000
2024-03-26 11:22:22,040 [ReplicationMonitor] INFO  replication.ReplicationManager (ReplicationManager.java:processAll(399)) - Replication Monitor Thread took 0 milliseconds for processing 1 containers.
2024-03-26 11:22:22,259 [main] INFO  container.TestHelper (TestHelper.java:countReplicas(427)) - Container 1 has 3 replicas on [12adf753-b9bf-4e27-afc1-d809141df6d3, 7b630919-9d6b-42e9-b08a-8409ae097dea, dc82d807-438e-4f31-a873-936b5ae41996]
2024-03-26 11:22:22,433 [Recon-SyncOM-1] INFO  impl.OzoneManagerServiceProviderImpl (OzoneManagerServiceProviderImpl.java:syncDataFromOM(501)) - Syncing data from Ozone Manager.
2024-03-26 11:22:22,433 [Recon-SyncOM-1] INFO  impl.OzoneManagerServiceProviderImpl (OzoneManagerServiceProviderImpl.java:syncDataFromOM(511)) - Obtaining delta updates from Ozone Manager
2024-03-26 11:22:22,433 [Recon-SyncOM-1] INFO  impl.OzoneManagerServiceProviderImpl (OzoneManagerServiceProviderImpl.java:getAndApplyDeltaUpdatesFromOM(418)) - OriginalFromSequenceNumber : 15 
2024-03-26 11:22:22,434 [ContainerHealthTask] INFO  fsck.ContainerHealthTask (ContainerHealthTask.java:triggerContainerHealthCheck(140)) - Container Health task thread took 1 milliseconds to process 0 existing database records.
2024-03-26 11:22:22,435 [Recon-SyncOM-1] INFO  impl.OzoneManagerServiceProviderImpl (OzoneManagerServiceProviderImpl.java:innerGetAndApplyDeltaUpdatesFromOM(485)) - Number of updates received from OM : 0, SequenceNumber diff: 0, SequenceNumber Lag from OM 0, isDBUpdateSuccess: true
2024-03-26 11:22:22,435 [Recon-SyncOM-1] INFO  impl.OzoneManagerServiceProviderImpl (OzoneManagerServiceProviderImpl.java:getAndApplyDeltaUpdatesFromOM(438)) - Delta updates received from OM : 1 loops, 0 records
2024-03-26 11:22:22,436 [ContainerHealthTask] INFO  fsck.ContainerHealthTask (ContainerHealthTask.java:checkAndProcessContainers(166)) - Container Health task thread took 2 milliseconds for processing 1 containers.
2024-03-26 11:22:22,436 [ContainerHealthTask] INFO  fsck.ContainerHealthTask (ContainerHealthTask.java:lambda$logUnhealthyContainerStats$3(204)) - UNDER_REPLICATED **Container State Stats:** 
	
2024-03-26 11:22:22,436 [ContainerHealthTask] INFO  fsck.ContainerHealthTask (ContainerHealthTask.java:lambda$logUnhealthyContainerStats$3(204)) - NEGATIVE_SIZE **Container State Stats:** 
	
2024-03-26 11:22:22,436 [ContainerHealthTask] INFO  fsck.ContainerHealthTask (ContainerHealthTask.java:lambda$logUnhealthyContainerStats$3(204)) - OVER_REPLICATED **Container State Stats:** 
	
2024-03-26 11:22:22,436 [ContainerHealthTask] INFO  fsck.ContainerHealthTask (ContainerHealthTask.java:lambda$logUnhealthyContainerStats$3(204)) - EMPTY_MISSING **Container State Stats:** 
	
2024-03-26 11:22:22,436 [ContainerHealthTask] INFO  fsck.ContainerHealthTask (ContainerHealthTask.java:lambda$logUnhealthyContainerStats$3(204)) - MIS_REPLICATED **Container State Stats:** 
	
2024-03-26 11:22:22,436 [ContainerHealthTask] INFO  fsck.ContainerHealthTask (ContainerHealthTask.java:lambda$logUnhealthyContainerStats$3(204)) - MISSING **Container State Stats:** 
	
2024-03-26 11:22:22,436 [ContainerHealthTask] INFO  fsck.ContainerHealthTask (ContainerHealthTask.java:checkAndProcessContainers(179)) - Container Health task thread took 1 iterations to fetch all containers using batched approach with batch size of 1000
2024-03-26 11:22:23,038 [Recon-FixedThreadPoolWithAffinityExecutor-1-0] WARN  events.FixedThreadPoolWithAffinityExecutor (FixedThreadPoolWithAffinityExecutor.java:run(276)) - Event remained in queue for long time 3 millisec, 7b630919-9d6b-42e9-b08a-8409ae097dea(fv-az1147-978/10.1.0.22), {type: FCR, size: 1}
2024-03-26 11:22:23,039 [Recon-FixedThreadPoolWithAffinityExecutor-1-0] WARN  events.FixedThreadPoolWithAffinityExecutor (FixedThreadPoolWithAffinityExecutor.java:run(289)) - Event taken long execution time 3 millisec, 7b630919-9d6b-42e9-b08a-8409ae097dea(fv-az1147-978/10.1.0.22), {type: FCR, size: 1}
2024-03-26 11:22:23,040 [ReplicationMonitor] INFO  replication.ReplicationManager (ReplicationManager.java:processAll(399)) - Replication Monitor Thread took 0 milliseconds for processing 1 containers.
2024-03-26 11:22:23,259 [main] INFO  container.TestHelper (TestHelper.java:countReplicas(427)) - Container 1 has 3 replicas on [12adf753-b9bf-4e27-afc1-d809141df6d3, 7b630919-9d6b-42e9-b08a-8409ae097dea, dc82d807-438e-4f31-a873-936b5ae41996]
2024-03-26 11:22:23,436 [Recon-SyncOM-1] INFO  impl.OzoneManagerServiceProviderImpl (OzoneManagerServiceProviderImpl.java:syncDataFromOM(501)) - Syncing data from Ozone Manager.
2024-03-26 11:22:23,436 [Recon-SyncOM-1] INFO  impl.OzoneManagerServiceProviderImpl (OzoneManagerServiceProviderImpl.java:syncDataFromOM(511)) - Obtaining delta updates from Ozone Manager
2024-03-26 11:22:23,436 [Recon-SyncOM-1] INFO  impl.OzoneManagerServiceProviderImpl (OzoneManagerServiceProviderImpl.java:getAndApplyDeltaUpdatesFromOM(418)) - OriginalFromSequenceNumber : 15 
2024-03-26 11:22:23,437 [ContainerHealthTask] INFO  fsck.ContainerHealthTask (ContainerHealthTask.java:triggerContainerHealthCheck(140)) - Container Health task thread took 0 milliseconds to process 0 existing database records.
2024-03-26 11:22:23,438 [Recon-SyncOM-1] INFO  impl.OzoneManagerServiceProviderImpl (OzoneManagerServiceProviderImpl.java:innerGetAndApplyDeltaUpdatesFromOM(485)) - Number of updates received from OM : 0, SequenceNumber diff: 0, SequenceNumber Lag from OM 0, isDBUpdateSuccess: true
2024-03-26 11:22:23,438 [Recon-SyncOM-1] INFO  impl.OzoneManagerServiceProviderImpl (OzoneManagerServiceProviderImpl.java:getAndApplyDeltaUpdatesFromOM(438)) - Delta updates received from OM : 1 loops, 0 records
2024-03-26 11:22:23,439 [ContainerHealthTask] INFO  fsck.ContainerHealthTask (ContainerHealthTask.java:checkAndProcessContainers(166)) - Container Health task thread took 1 milliseconds for processing 1 containers.
2024-03-26 11:22:23,439 [ContainerHealthTask] INFO  fsck.ContainerHealthTask (ContainerHealthTask.java:lambda$logUnhealthyContainerStats$3(204)) - UNDER_REPLICATED **Container State Stats:** 
	
2024-03-26 11:22:23,439 [ContainerHealthTask] INFO  fsck.ContainerHealthTask (ContainerHealthTask.java:lambda$logUnhealthyContainerStats$3(204)) - NEGATIVE_SIZE **Container State Stats:** 
	
2024-03-26 11:22:23,439 [ContainerHealthTask] INFO  fsck.ContainerHealthTask (ContainerHealthTask.java:lambda$logUnhealthyContainerStats$3(204)) - OVER_REPLICATED **Container State Stats:** 
	
2024-03-26 11:22:23,439 [ContainerHealthTask] INFO  fsck.ContainerHealthTask (ContainerHealthTask.java:lambda$logUnhealthyContainerStats$3(204)) - EMPTY_MISSING **Container State Stats:** 
	
2024-03-26 11:22:23,439 [ContainerHealthTask] INFO  fsck.ContainerHealthTask (ContainerHealthTask.java:lambda$logUnhealthyContainerStats$3(204)) - MIS_REPLICATED **Container State Stats:** 
	
2024-03-26 11:22:23,439 [ContainerHealthTask] INFO  fsck.ContainerHealthTask (ContainerHealthTask.java:lambda$logUnhealthyContainerStats$3(204)) - MISSING **Container State Stats:** 
	
2024-03-26 11:22:23,439 [ContainerHealthTask] INFO  fsck.ContainerHealthTask (ContainerHealthTask.java:checkAndProcessContainers(179)) - Container Health task thread took 1 iterations to fetch all containers using batched approach with batch size of 1000
2024-03-26 11:22:24,041 [ReplicationMonitor] INFO  replication.ReplicationManager (ReplicationManager.java:processAll(399)) - Replication Monitor Thread took 1 milliseconds for processing 1 containers.
2024-03-26 11:22:24,260 [main] INFO  container.TestHelper (TestHelper.java:countReplicas(427)) - Container 1 has 3 replicas on [12adf753-b9bf-4e27-afc1-d809141df6d3, 7b630919-9d6b-42e9-b08a-8409ae097dea, dc82d807-438e-4f31-a873-936b5ae41996]
2024-03-26 11:22:24,439 [Recon-SyncOM-1] INFO  impl.OzoneManagerServiceProviderImpl (OzoneManagerServiceProviderImpl.java:syncDataFromOM(501)) - Syncing data from Ozone Manager.
2024-03-26 11:22:24,439 [Recon-SyncOM-1] INFO  impl.OzoneManagerServiceProviderImpl (OzoneManagerServiceProviderImpl.java:syncDataFromOM(511)) - Obtaining delta updates from Ozone Manager
2024-03-26 11:22:24,440 [Recon-SyncOM-1] INFO  impl.OzoneManagerServiceProviderImpl (OzoneManagerServiceProviderImpl.java:getAndApplyDeltaUpdatesFromOM(418)) - OriginalFromSequenceNumber : 15 
2024-03-26 11:22:24,440 [ContainerHealthTask] INFO  fsck.ContainerHealthTask (ContainerHealthTask.java:triggerContainerHealthCheck(140)) - Container Health task thread took 1 milliseconds to process 0 existing database records.
2024-03-26 11:22:24,441 [Recon-SyncOM-1] INFO  impl.OzoneManagerServiceProviderImpl (OzoneManagerServiceProviderImpl.java:innerGetAndApplyDeltaUpdatesFromOM(485)) - Number of updates received from OM : 0, SequenceNumber diff: 0, SequenceNumber Lag from OM 0, isDBUpdateSuccess: true
2024-03-26 11:22:24,441 [Recon-SyncOM-1] INFO  impl.OzoneManagerServiceProviderImpl (OzoneManagerServiceProviderImpl.java:getAndApplyDeltaUpdatesFromOM(438)) - Delta updates received from OM : 1 loops, 0 records
2024-03-26 11:22:24,442 [ContainerHealthTask] INFO  fsck.ContainerHealthTask (ContainerHealthTask.java:checkAndProcessContainers(166)) - Container Health task thread took 2 milliseconds for processing 1 containers.
2024-03-26 11:22:24,442 [ContainerHealthTask] INFO  fsck.ContainerHealthTask (ContainerHealthTask.java:lambda$logUnhealthyContainerStats$3(204)) - UNDER_REPLICATED **Container State Stats:** 
	
2024-03-26 11:22:24,443 [ContainerHealthTask] INFO  fsck.ContainerHealthTask (ContainerHealthTask.java:lambda$logUnhealthyContainerStats$3(204)) - NEGATIVE_SIZE **Container State Stats:** 
	
2024-03-26 11:22:24,443 [ContainerHealthTask] INFO  fsck.ContainerHealthTask (ContainerHealthTask.java:lambda$logUnhealthyContainerStats$3(204)) - OVER_REPLICATED **Container State Stats:** 
	
2024-03-26 11:22:24,443 [ContainerHealthTask] INFO  fsck.ContainerHealthTask (ContainerHealthTask.java:lambda$logUnhealthyContainerStats$3(204)) - EMPTY_MISSING **Container State Stats:** 
	
2024-03-26 11:22:24,443 [ContainerHealthTask] INFO  fsck.ContainerHealthTask (ContainerHealthTask.java:lambda$logUnhealthyContainerStats$3(204)) - MIS_REPLICATED **Container State Stats:** 
	
2024-03-26 11:22:24,443 [ContainerHealthTask] INFO  fsck.ContainerHealthTask (ContainerHealthTask.java:lambda$logUnhealthyContainerStats$3(204)) - MISSING **Container State Stats:** 
	
2024-03-26 11:22:24,443 [ContainerHealthTask] INFO  fsck.ContainerHealthTask (ContainerHealthTask.java:checkAndProcessContainers(179)) - Container Health task thread took 1 iterations to fetch all containers using batched approach with batch size of 1000
2024-03-26 11:22:25,041 [ReplicationMonitor] INFO  replication.ReplicationManager (ReplicationManager.java:processAll(399)) - Replication Monitor Thread took 0 milliseconds for processing 1 containers.
2024-03-26 11:22:25,260 [main] INFO  container.TestHelper (TestHelper.java:countReplicas(427)) - Container 1 has 3 replicas on [12adf753-b9bf-4e27-afc1-d809141df6d3, 7b630919-9d6b-42e9-b08a-8409ae097dea, dc82d807-438e-4f31-a873-936b5ae41996]
2024-03-26 11:22:25,442 [Recon-SyncOM-1] INFO  impl.OzoneManagerServiceProviderImpl (OzoneManagerServiceProviderImpl.java:syncDataFromOM(501)) - Syncing data from Ozone Manager.
2024-03-26 11:22:25,442 [Recon-SyncOM-1] INFO  impl.OzoneManagerServiceProviderImpl (OzoneManagerServiceProviderImpl.java:syncDataFromOM(511)) - Obtaining delta updates from Ozone Manager
2024-03-26 11:22:25,443 [Recon-SyncOM-1] INFO  impl.OzoneManagerServiceProviderImpl (OzoneManagerServiceProviderImpl.java:getAndApplyDeltaUpdatesFromOM(418)) - OriginalFromSequenceNumber : 15 
2024-03-26 11:22:25,444 [ContainerHealthTask] INFO  fsck.ContainerHealthTask (ContainerHealthTask.java:triggerContainerHealthCheck(140)) - Container Health task thread took 1 milliseconds to process 0 existing database records.
2024-03-26 11:22:25,444 [Recon-SyncOM-1] INFO  impl.OzoneManagerServiceProviderImpl (OzoneManagerServiceProviderImpl.java:innerGetAndApplyDeltaUpdatesFromOM(485)) - Number of updates received from OM : 0, SequenceNumber diff: 0, SequenceNumber Lag from OM 0, isDBUpdateSuccess: true
2024-03-26 11:22:25,444 [Recon-SyncOM-1] INFO  impl.OzoneManagerServiceProviderImpl (OzoneManagerServiceProviderImpl.java:getAndApplyDeltaUpdatesFromOM(438)) - Delta updates received from OM : 1 loops, 0 records
2024-03-26 11:22:25,445 [ContainerHealthTask] INFO  fsck.ContainerHealthTask (ContainerHealthTask.java:checkAndProcessContainers(166)) - Container Health task thread took 2 milliseconds for processing 1 containers.
2024-03-26 11:22:25,446 [ContainerHealthTask] INFO  fsck.ContainerHealthTask (ContainerHealthTask.java:lambda$logUnhealthyContainerStats$3(204)) - UNDER_REPLICATED **Container State Stats:** 
	
2024-03-26 11:22:25,446 [ContainerHealthTask] INFO  fsck.ContainerHealthTask (ContainerHealthTask.java:lambda$logUnhealthyContainerStats$3(204)) - NEGATIVE_SIZE **Container State Stats:** 
	
2024-03-26 11:22:25,446 [ContainerHealthTask] INFO  fsck.ContainerHealthTask (ContainerHealthTask.java:lambda$logUnhealthyContainerStats$3(204)) - OVER_REPLICATED **Container State Stats:** 
	
2024-03-26 11:22:25,446 [ContainerHealthTask] INFO  fsck.ContainerHealthTask (ContainerHealthTask.java:lambda$logUnhealthyContainerStats$3(204)) - EMPTY_MISSING **Container State Stats:** 
	
2024-03-26 11:22:25,446 [ContainerHealthTask] INFO  fsck.ContainerHealthTask (ContainerHealthTask.java:lambda$logUnhealthyContainerStats$3(204)) - MIS_REPLICATED **Container State Stats:** 
	
2024-03-26 11:22:25,446 [ContainerHealthTask] INFO  fsck.ContainerHealthTask (ContainerHealthTask.java:lambda$logUnhealthyContainerStats$3(204)) - MISSING **Container State Stats:** 
	
2024-03-26 11:22:25,446 [ContainerHealthTask] INFO  fsck.ContainerHealthTask (ContainerHealthTask.java:checkAndProcessContainers(179)) - Container Health task thread took 1 iterations to fetch all containers using batched approach with batch size of 1000
2024-03-26 11:22:26,042 [ReplicationMonitor] INFO  replication.ReplicationManager (ReplicationManager.java:processAll(399)) - Replication Monitor Thread took 1 milliseconds for processing 1 containers.
2024-03-26 11:22:26,260 [main] INFO  container.TestHelper (TestHelper.java:countReplicas(427)) - Container 1 has 3 replicas on [12adf753-b9bf-4e27-afc1-d809141df6d3, 7b630919-9d6b-42e9-b08a-8409ae097dea, dc82d807-438e-4f31-a873-936b5ae41996]
2024-03-26 11:22:26,445 [Recon-SyncOM-1] INFO  impl.OzoneManagerServiceProviderImpl (OzoneManagerServiceProviderImpl.java:syncDataFromOM(501)) - Syncing data from Ozone Manager.
2024-03-26 11:22:26,446 [Recon-SyncOM-1] INFO  impl.OzoneManagerServiceProviderImpl (OzoneManagerServiceProviderImpl.java:syncDataFromOM(511)) - Obtaining delta updates from Ozone Manager
2024-03-26 11:22:26,446 [Recon-SyncOM-1] INFO  impl.OzoneManagerServiceProviderImpl (OzoneManagerServiceProviderImpl.java:getAndApplyDeltaUpdatesFromOM(418)) - OriginalFromSequenceNumber : 15 
2024-03-26 11:22:26,447 [ContainerHealthTask] INFO  fsck.ContainerHealthTask (ContainerHealthTask.java:triggerContainerHealthCheck(140)) - Container Health task thread took 1 milliseconds to process 0 existing database records.
2024-03-26 11:22:26,447 [Recon-SyncOM-1] INFO  impl.OzoneManagerServiceProviderImpl (OzoneManagerServiceProviderImpl.java:innerGetAndApplyDeltaUpdatesFromOM(485)) - Number of updates received from OM : 0, SequenceNumber diff: 0, SequenceNumber Lag from OM 0, isDBUpdateSuccess: true
2024-03-26 11:22:26,447 [Recon-SyncOM-1] INFO  impl.OzoneManagerServiceProviderImpl (OzoneManagerServiceProviderImpl.java:getAndApplyDeltaUpdatesFromOM(438)) - Delta updates received from OM : 1 loops, 0 records
2024-03-26 11:22:26,448 [ContainerHealthTask] INFO  fsck.ContainerHealthTask (ContainerHealthTask.java:checkAndProcessContainers(166)) - Container Health task thread took 2 milliseconds for processing 1 containers.
2024-03-26 11:22:26,449 [ContainerHealthTask] INFO  fsck.ContainerHealthTask (ContainerHealthTask.java:lambda$logUnhealthyContainerStats$3(204)) - UNDER_REPLICATED **Container State Stats:** 
	
2024-03-26 11:22:26,449 [ContainerHealthTask] INFO  fsck.ContainerHealthTask (ContainerHealthTask.java:lambda$logUnhealthyContainerStats$3(204)) - NEGATIVE_SIZE **Container State Stats:** 
	
2024-03-26 11:22:26,449 [ContainerHealthTask] INFO  fsck.ContainerHealthTask (ContainerHealthTask.java:lambda$logUnhealthyContainerStats$3(204)) - OVER_REPLICATED **Container State Stats:** 
	
2024-03-26 11:22:26,449 [ContainerHealthTask] INFO  fsck.ContainerHealthTask (ContainerHealthTask.java:lambda$logUnhealthyContainerStats$3(204)) - EMPTY_MISSING **Container State Stats:** 
	
2024-03-26 11:22:26,449 [ContainerHealthTask] INFO  fsck.ContainerHealthTask (ContainerHealthTask.java:lambda$logUnhealthyContainerStats$3(204)) - MIS_REPLICATED **Container State Stats:** 
	
2024-03-26 11:22:26,449 [ContainerHealthTask] INFO  fsck.ContainerHealthTask (ContainerHealthTask.java:lambda$logUnhealthyContainerStats$3(204)) - MISSING **Container State Stats:** 
	
2024-03-26 11:22:26,449 [ContainerHealthTask] INFO  fsck.ContainerHealthTask (ContainerHealthTask.java:checkAndProcessContainers(179)) - Container Health task thread took 1 iterations to fetch all containers using batched approach with batch size of 1000
2024-03-26 11:22:27,042 [ReplicationMonitor] INFO  replication.ReplicationManager (ReplicationManager.java:processAll(399)) - Replication Monitor Thread took 0 milliseconds for processing 1 containers.
2024-03-26 11:22:27,261 [main] INFO  container.TestHelper (TestHelper.java:countReplicas(427)) - Container 1 has 3 replicas on [12adf753-b9bf-4e27-afc1-d809141df6d3, 7b630919-9d6b-42e9-b08a-8409ae097dea, dc82d807-438e-4f31-a873-936b5ae41996]
]]></system-out>
  </testcase>
  <testcase name="testMissingContainer" classname="org.apache.hadoop.ozone.recon.TestReconAndAdminContainerCLI" time="9.219"/>
</testsuite>